<?xml version="1.0" encoding="UTF-8"?>
<testsuite xmlns:xsi="http://www.w3.org/2001/XMLSchema-instance" xsi:noNamespaceSchemaLocation="https://maven.apache.org/surefire/maven-surefire-plugin/xsd/surefire-test-report.xsd" name="org.apache.hadoop.fs.ozone.TestOzoneFsHAURLs" time="66.723" tests="2" errors="2" skipped="0" failures="0">
  <properties>
    <property name="awt.toolkit" value="sun.awt.X11.XToolkit"/>
    <property name="file.encoding.pkg" value="sun.io"/>
    <property name="java.specification.version" value="1.8"/>
    <property name="sun.cpu.isalist" value=""/>
    <property name="sun.jnu.encoding" value="UTF-8"/>
    <property name="java.class.path" value="/workdir/hadoop-ozone/ozonefs/target/test-classes:/workdir/hadoop-ozone/ozonefs/target/classes:/home/user/.m2/repository/org/apache/hadoop/hadoop-common/3.2.0/hadoop-common-3.2.0.jar:/home/user/.m2/repository/org/apache/hadoop/hadoop-annotations/3.2.0/hadoop-annotations-3.2.0.jar:/usr/lib/jvm/java-1.8-openjdk/jre/../lib/tools.jar:/home/user/.m2/repository/com/google/guava/guava/11.0.2/guava-11.0.2.jar:/home/user/.m2/repository/commons-cli/commons-cli/1.2/commons-cli-1.2.jar:/home/user/.m2/repository/org/apache/commons/commons-math3/3.1.1/commons-math3-3.1.1.jar:/home/user/.m2/repository/org/apache/httpcomponents/httpclient/4.5.2/httpclient-4.5.2.jar:/home/user/.m2/repository/org/apache/httpcomponents/httpcore/4.4.4/httpcore-4.4.4.jar:/home/user/.m2/repository/commons-codec/commons-codec/1.11/commons-codec-1.11.jar:/home/user/.m2/repository/commons-io/commons-io/2.5/commons-io-2.5.jar:/home/user/.m2/repository/commons-net/commons-net/3.6/commons-net-3.6.jar:/home/user/.m2/repository/commons-collections/commons-collections/3.2.2/commons-collections-3.2.2.jar:/home/user/.m2/repository/javax/servlet/javax.servlet-api/3.1.0/javax.servlet-api-3.1.0.jar:/home/user/.m2/repository/org/eclipse/jetty/jetty-server/9.3.25.v20180904/jetty-server-9.3.25.v20180904.jar:/home/user/.m2/repository/org/eclipse/jetty/jetty-http/9.3.25.v20180904/jetty-http-9.3.25.v20180904.jar:/home/user/.m2/repository/org/eclipse/jetty/jetty-io/9.3.25.v20180904/jetty-io-9.3.25.v20180904.jar:/home/user/.m2/repository/org/eclipse/jetty/jetty-util/9.3.25.v20180904/jetty-util-9.3.25.v20180904.jar:/home/user/.m2/repository/org/eclipse/jetty/jetty-servlet/9.3.25.v20180904/jetty-servlet-9.3.25.v20180904.jar:/home/user/.m2/repository/org/eclipse/jetty/jetty-security/9.3.25.v20180904/jetty-security-9.3.25.v20180904.jar:/home/user/.m2/repository/org/eclipse/jetty/jetty-webapp/9.3.25.v20180904/jetty-webapp-9.3.25.v20180904.jar:/home/user/.m2/repository/org/eclipse/jetty/jetty-xml/9.3.25.v20180904/jetty-xml-9.3.25.v20180904.jar:/home/user/.m2/repository/javax/servlet/jsp/jsp-api/2.1/jsp-api-2.1.jar:/home/user/.m2/repository/com/sun/jersey/jersey-core/1.19/jersey-core-1.19.jar:/home/user/.m2/repository/javax/ws/rs/jsr311-api/1.1.1/jsr311-api-1.1.1.jar:/home/user/.m2/repository/com/sun/jersey/jersey-servlet/1.19/jersey-servlet-1.19.jar:/home/user/.m2/repository/com/sun/jersey/jersey-json/1.19/jersey-json-1.19.jar:/home/user/.m2/repository/org/codehaus/jettison/jettison/1.1/jettison-1.1.jar:/home/user/.m2/repository/com/sun/xml/bind/jaxb-impl/2.3.0.1/jaxb-impl-2.3.0.1.jar:/home/user/.m2/repository/org/codehaus/jackson/jackson-core-asl/1.9.13/jackson-core-asl-1.9.13.jar:/home/user/.m2/repository/org/codehaus/jackson/jackson-mapper-asl/1.9.13/jackson-mapper-asl-1.9.13.jar:/home/user/.m2/repository/org/codehaus/jackson/jackson-jaxrs/1.9.13/jackson-jaxrs-1.9.13.jar:/home/user/.m2/repository/org/codehaus/jackson/jackson-xc/1.9.13/jackson-xc-1.9.13.jar:/home/user/.m2/repository/com/sun/jersey/jersey-server/1.19/jersey-server-1.19.jar:/home/user/.m2/repository/commons-logging/commons-logging/1.1.3/commons-logging-1.1.3.jar:/home/user/.m2/repository/log4j/log4j/1.2.17/log4j-1.2.17.jar:/home/user/.m2/repository/commons-beanutils/commons-beanutils/1.9.4/commons-beanutils-1.9.4.jar:/home/user/.m2/repository/org/apache/commons/commons-configuration2/2.1.1/commons-configuration2-2.1.1.jar:/home/user/.m2/repository/org/apache/commons/commons-lang3/3.7/commons-lang3-3.7.jar:/home/user/.m2/repository/org/apache/commons/commons-text/1.4/commons-text-1.4.jar:/home/user/.m2/repository/org/slf4j/slf4j-api/1.7.25/slf4j-api-1.7.25.jar:/home/user/.m2/repository/org/slf4j/slf4j-log4j12/1.7.25/slf4j-log4j12-1.7.25.jar:/home/user/.m2/repository/org/apache/avro/avro/1.7.7/avro-1.7.7.jar:/home/user/.m2/repository/com/thoughtworks/paranamer/paranamer/2.3/paranamer-2.3.jar:/home/user/.m2/repository/org/xerial/snappy/snappy-java/1.0.5/snappy-java-1.0.5.jar:/home/user/.m2/repository/com/google/re2j/re2j/1.1/re2j-1.1.jar:/home/user/.m2/repository/com/google/protobuf/protobuf-java/2.5.0/protobuf-java-2.5.0.jar:/home/user/.m2/repository/com/google/code/gson/gson/2.2.4/gson-2.2.4.jar:/home/user/.m2/repository/org/apache/hadoop/hadoop-auth/3.2.0/hadoop-auth-3.2.0.jar:/home/user/.m2/repository/com/nimbusds/nimbus-jose-jwt/4.41.1/nimbus-jose-jwt-4.41.1.jar:/home/user/.m2/repository/com/github/stephenc/jcip/jcip-annotations/1.0-1/jcip-annotations-1.0-1.jar:/home/user/.m2/repository/net/minidev/json-smart/2.3/json-smart-2.3.jar:/home/user/.m2/repository/net/minidev/accessors-smart/1.2/accessors-smart-1.2.jar:/home/user/.m2/repository/org/apache/curator/curator-framework/2.12.0/curator-framework-2.12.0.jar:/home/user/.m2/repository/com/jcraft/jsch/0.1.54/jsch-0.1.54.jar:/home/user/.m2/repository/org/apache/curator/curator-client/2.12.0/curator-client-2.12.0.jar:/home/user/.m2/repository/org/apache/curator/curator-recipes/2.12.0/curator-recipes-2.12.0.jar:/home/user/.m2/repository/com/google/code/findbugs/jsr305/3.0.0/jsr305-3.0.0.jar:/home/user/.m2/repository/org/apache/htrace/htrace-core4/4.1.0-incubating/htrace-core4-4.1.0-incubating.jar:/home/user/.m2/repository/org/apache/zookeeper/zookeeper/3.4.13/zookeeper-3.4.13.jar:/home/user/.m2/repository/jline/jline/0.9.94/jline-0.9.94.jar:/home/user/.m2/repository/org/apache/yetus/audience-annotations/0.5.0/audience-annotations-0.5.0.jar:/home/user/.m2/repository/org/apache/commons/commons-compress/1.4.1/commons-compress-1.4.1.jar:/home/user/.m2/repository/org/tukaani/xz/1.0/xz-1.0.jar:/home/user/.m2/repository/org/apache/kerby/kerb-simplekdc/1.0.1/kerb-simplekdc-1.0.1.jar:/home/user/.m2/repository/org/apache/kerby/kerb-client/1.0.1/kerb-client-1.0.1.jar:/home/user/.m2/repository/org/apache/kerby/kerby-config/1.0.1/kerby-config-1.0.1.jar:/home/user/.m2/repository/org/apache/kerby/kerb-core/1.0.1/kerb-core-1.0.1.jar:/home/user/.m2/repository/org/apache/kerby/kerby-pkix/1.0.1/kerby-pkix-1.0.1.jar:/home/user/.m2/repository/org/apache/kerby/kerby-asn1/1.0.1/kerby-asn1-1.0.1.jar:/home/user/.m2/repository/org/apache/kerby/kerby-util/1.0.1/kerby-util-1.0.1.jar:/home/user/.m2/repository/org/apache/kerby/kerb-common/1.0.1/kerb-common-1.0.1.jar:/home/user/.m2/repository/org/apache/kerby/kerb-crypto/1.0.1/kerb-crypto-1.0.1.jar:/home/user/.m2/repository/org/apache/kerby/kerb-util/1.0.1/kerb-util-1.0.1.jar:/home/user/.m2/repository/org/apache/kerby/token-provider/1.0.1/token-provider-1.0.1.jar:/home/user/.m2/repository/org/apache/kerby/kerb-admin/1.0.1/kerb-admin-1.0.1.jar:/home/user/.m2/repository/org/apache/kerby/kerb-server/1.0.1/kerb-server-1.0.1.jar:/home/user/.m2/repository/org/apache/kerby/kerb-identity/1.0.1/kerb-identity-1.0.1.jar:/home/user/.m2/repository/org/apache/kerby/kerby-xdr/1.0.1/kerby-xdr-1.0.1.jar:/home/user/.m2/repository/com/fasterxml/jackson/core/jackson-databind/2.9.9/jackson-databind-2.9.9.jar:/home/user/.m2/repository/com/fasterxml/jackson/core/jackson-annotations/2.9.9/jackson-annotations-2.9.9.jar:/home/user/.m2/repository/com/fasterxml/jackson/core/jackson-core/2.9.9/jackson-core-2.9.9.jar:/home/user/.m2/repository/org/codehaus/woodstox/stax2-api/3.1.4/stax2-api-3.1.4.jar:/home/user/.m2/repository/com/fasterxml/woodstox/woodstox-core/5.0.3/woodstox-core-5.0.3.jar:/home/user/.m2/repository/dnsjava/dnsjava/2.1.7/dnsjava-2.1.7.jar:/home/user/.m2/repository/org/apache/hadoop/hadoop-hdfs/3.2.0/hadoop-hdfs-3.2.0.jar:/home/user/.m2/repository/org/eclipse/jetty/jetty-util-ajax/9.3.25.v20180904/jetty-util-ajax-9.3.25.v20180904.jar:/home/user/.m2/repository/commons-daemon/commons-daemon/1.0.13/commons-daemon-1.0.13.jar:/home/user/.m2/repository/io/netty/netty/3.10.5.Final/netty-3.10.5.Final.jar:/home/user/.m2/repository/io/netty/netty-all/4.0.52.Final/netty-all-4.0.52.Final.jar:/home/user/.m2/repository/org/fusesource/leveldbjni/leveldbjni-all/1.8/leveldbjni-all-1.8.jar:/home/user/.m2/repository/org/apache/hadoop/hadoop-hdds-common/0.5.0-SNAPSHOT/hadoop-hdds-common-0.5.0-SNAPSHOT.jar:/home/user/.m2/repository/org/apache/hadoop/hadoop-hdds-config/0.5.0-SNAPSHOT/hadoop-hdds-config-0.5.0-SNAPSHOT.jar:/home/user/.m2/repository/javax/annotation/javax.annotation-api/1.2/javax.annotation-api-1.2.jar:/home/user/.m2/repository/org/apache/ratis/ratis-server/0.4.0/ratis-server-0.4.0.jar:/home/user/.m2/repository/org/apache/ratis/ratis-thirdparty-misc/0.2.0/ratis-thirdparty-misc-0.2.0.jar:/home/user/.m2/repository/org/apache/ratis/ratis-proto/0.4.0/ratis-proto-0.4.0.jar:/home/user/.m2/repository/org/apache/ratis/ratis-common/0.4.0/ratis-common-0.4.0.jar:/home/user/.m2/repository/org/apache/ratis/ratis-client/0.4.0/ratis-client-0.4.0.jar:/home/user/.m2/repository/org/apache/ratis/ratis-metrics/0.4.0/ratis-metrics-0.4.0.jar:/home/user/.m2/repository/com/github/joshelser/dropwizard-metrics-hadoop-metrics2-reporter/0.1.2/dropwizard-metrics-hadoop-metrics2-reporter-0.1.2.jar:/home/user/.m2/repository/io/dropwizard/metrics/metrics-jvm/3.2.5/metrics-jvm-3.2.5.jar:/home/user/.m2/repository/io/dropwizard/metrics/metrics-ganglia/3.2.5/metrics-ganglia-3.2.5.jar:/home/user/.m2/repository/info/ganglia/gmetric4j/gmetric4j/1.0.7/gmetric4j-1.0.7.jar:/home/user/.m2/repository/org/apache/ratis/ratis-netty/0.4.0/ratis-netty-0.4.0.jar:/home/user/.m2/repository/org/apache/ratis/ratis-grpc/0.4.0/ratis-grpc-0.4.0.jar:/home/user/.m2/repository/org/rocksdb/rocksdbjni/6.0.1/rocksdbjni-6.0.1.jar:/home/user/.m2/repository/org/apache/logging/log4j/log4j-api/2.11.0/log4j-api-2.11.0.jar:/home/user/.m2/repository/org/apache/logging/log4j/log4j-core/2.11.0/log4j-core-2.11.0.jar:/home/user/.m2/repository/com/lmax/disruptor/3.4.2/disruptor-3.4.2.jar:/home/user/.m2/repository/org/apache/commons/commons-pool2/2.6.0/commons-pool2-2.6.0.jar:/home/user/.m2/repository/org/bouncycastle/bcpkix-jdk15on/1.60/bcpkix-jdk15on-1.60.jar:/home/user/.m2/repository/commons-validator/commons-validator/1.6/commons-validator-1.6.jar:/home/user/.m2/repository/commons-digester/commons-digester/1.8.1/commons-digester-1.8.1.jar:/home/user/.m2/repository/io/jaegertracing/jaeger-client/0.34.0/jaeger-client-0.34.0.jar:/home/user/.m2/repository/io/jaegertracing/jaeger-thrift/0.34.0/jaeger-thrift-0.34.0.jar:/home/user/.m2/repository/org/apache/thrift/libthrift/0.12.0/libthrift-0.12.0.jar:/home/user/.m2/repository/com/squareup/okhttp3/okhttp/3.9.0/okhttp-3.9.0.jar:/home/user/.m2/repository/com/squareup/okio/okio/1.13.0/okio-1.13.0.jar:/home/user/.m2/repository/io/jaegertracing/jaeger-core/0.34.0/jaeger-core-0.34.0.jar:/home/user/.m2/repository/io/jaegertracing/jaeger-tracerresolver/0.34.0/jaeger-tracerresolver-0.34.0.jar:/home/user/.m2/repository/io/opentracing/contrib/opentracing-tracerresolver/0.1.5/opentracing-tracerresolver-0.1.5.jar:/home/user/.m2/repository/io/opentracing/opentracing-util/0.31.0/opentracing-util-0.31.0.jar:/home/user/.m2/repository/io/opentracing/opentracing-api/0.31.0/opentracing-api-0.31.0.jar:/home/user/.m2/repository/io/opentracing/opentracing-noop/0.31.0/opentracing-noop-0.31.0.jar:/home/user/.m2/repository/org/yaml/snakeyaml/1.16/snakeyaml-1.16.jar:/home/user/.m2/repository/org/apache/hadoop/hadoop-hdfs-client/3.2.0/hadoop-hdfs-client-3.2.0.jar:/home/user/.m2/repository/info/picocli/picocli/3.9.6/picocli-3.9.6.jar:/home/user/.m2/repository/org/apache/hadoop/hadoop-hdds-server-scm/0.5.0-SNAPSHOT/hadoop-hdds-server-scm-0.5.0-SNAPSHOT.jar:/home/user/.m2/repository/org/apache/hadoop/hadoop-hdds-docs/0.5.0-SNAPSHOT/hadoop-hdds-docs-0.5.0-SNAPSHOT.jar:/home/user/.m2/repository/io/dropwizard/metrics/metrics-core/3.2.4/metrics-core-3.2.4.jar:/home/user/.m2/repository/org/hamcrest/hamcrest-all/1.3/hamcrest-all-1.3.jar:/home/user/.m2/repository/org/bouncycastle/bcprov-jdk15on/1.60/bcprov-jdk15on-1.60.jar:/home/user/.m2/repository/org/apache/hadoop/hadoop-hdds-server-framework/0.5.0-SNAPSHOT/hadoop-hdds-server-framework-0.5.0-SNAPSHOT.jar:/home/user/.m2/repository/org/apache/hadoop/hadoop-ozone-ozone-manager/0.5.0-SNAPSHOT/hadoop-ozone-ozone-manager-0.5.0-SNAPSHOT.jar:/home/user/.m2/repository/org/apache/hadoop/hadoop-hdds-container-service/0.5.0-SNAPSHOT/hadoop-hdds-container-service-0.5.0-SNAPSHOT.jar:/home/user/.m2/repository/org/apache/hadoop/hadoop-hdds-client/0.5.0-SNAPSHOT/hadoop-hdds-client-0.5.0-SNAPSHOT.jar:/home/user/.m2/repository/org/apache/hadoop/hadoop-ozone-common/0.5.0-SNAPSHOT/hadoop-ozone-common-0.5.0-SNAPSHOT.jar:/home/user/.m2/repository/org/apache/hadoop/hadoop-hdds-tools/0.5.0-SNAPSHOT/hadoop-hdds-tools-0.5.0-SNAPSHOT.jar:/home/user/.m2/repository/org/xerial/sqlite-jdbc/3.25.2/sqlite-jdbc-3.25.2.jar:/home/user/.m2/repository/com/google/code/findbugs/findbugs/3.0.1/findbugs-3.0.1.jar:/home/user/.m2/repository/net/jcip/jcip-annotations/1.0/jcip-annotations-1.0.jar:/home/user/.m2/repository/com/google/code/findbugs/bcel-findbugs/6.0/bcel-findbugs-6.0.jar:/home/user/.m2/repository/com/google/code/findbugs/jFormatString/2.0.1/jFormatString-2.0.1.jar:/home/user/.m2/repository/dom4j/dom4j/1.6.1/dom4j-1.6.1.jar:/home/user/.m2/repository/xml-apis/xml-apis/1.0.b2/xml-apis-1.0.b2.jar:/home/user/.m2/repository/org/ow2/asm/asm-debug-all/5.0.2/asm-debug-all-5.0.2.jar:/home/user/.m2/repository/org/ow2/asm/asm-commons/5.0.2/asm-commons-5.0.2.jar:/home/user/.m2/repository/org/ow2/asm/asm-tree/5.0.2/asm-tree-5.0.2.jar:/home/user/.m2/repository/org/ow2/asm/asm/5.0.4/asm-5.0.4.jar:/home/user/.m2/repository/commons-lang/commons-lang/2.6/commons-lang-2.6.jar:/home/user/.m2/repository/com/apple/AppleJavaExtensions/1.4/AppleJavaExtensions-1.4.jar:/home/user/.m2/repository/jaxen/jaxen/1.1.6/jaxen-1.1.6.jar:/home/user/.m2/repository/org/apache/hadoop/hadoop-common/3.2.0/hadoop-common-3.2.0-tests.jar:/home/user/.m2/repository/org/apache/hadoop/hadoop-ozone-client/0.5.0-SNAPSHOT/hadoop-ozone-client-0.5.0-SNAPSHOT.jar:/home/user/.m2/repository/org/apache/hadoop/hadoop-hdfs/3.2.0/hadoop-hdfs-3.2.0-tests.jar:/workdir/hadoop-ozone/integration-test/target/test-classes:/home/user/.m2/repository/org/apache/hadoop/hadoop-ozone-s3gateway/0.5.0-SNAPSHOT/hadoop-ozone-s3gateway-0.5.0-SNAPSHOT.jar:/home/user/.m2/repository/org/jboss/weld/servlet/weld-servlet/2.4.7.Final/weld-servlet-2.4.7.Final.jar:/home/user/.m2/repository/org/glassfish/jersey/containers/jersey-container-servlet-core/2.27/jersey-container-servlet-core-2.27.jar:/home/user/.m2/repository/org/glassfish/hk2/external/javax.inject/2.5.0-b42/javax.inject-2.5.0-b42.jar:/home/user/.m2/repository/org/glassfish/jersey/core/jersey-common/2.27/jersey-common-2.27.jar:/home/user/.m2/repository/org/glassfish/hk2/osgi-resource-locator/1.0.1/osgi-resource-locator-1.0.1.jar:/home/user/.m2/repository/javax/ws/rs/javax.ws.rs-api/2.1/javax.ws.rs-api-2.1.jar:/home/user/.m2/repository/org/glassfish/jersey/ext/cdi/jersey-cdi1x/2.27/jersey-cdi1x-2.27.jar:/home/user/.m2/repository/org/glassfish/jersey/inject/jersey-hk2/2.27/jersey-hk2-2.27.jar:/home/user/.m2/repository/org/glassfish/hk2/hk2-locator/2.5.0-b42/hk2-locator-2.5.0-b42.jar:/home/user/.m2/repository/org/javassist/javassist/3.22.0-CR2/javassist-3.22.0-CR2.jar:/home/user/.m2/repository/org/glassfish/hk2/hk2-api/2.5.0/hk2-api-2.5.0.jar:/home/user/.m2/repository/org/glassfish/hk2/external/jakarta.inject/2.5.0/jakarta.inject-2.5.0.jar:/home/user/.m2/repository/org/glassfish/hk2/hk2-utils/2.5.0/hk2-utils-2.5.0.jar:/home/user/.m2/repository/jakarta/annotation/jakarta.annotation-api/1.3.4/jakarta.annotation-api-1.3.4.jar:/home/user/.m2/repository/org/glassfish/hk2/external/aopalliance-repackaged/2.5.0/aopalliance-repackaged-2.5.0.jar:/home/user/.m2/repository/com/fasterxml/jackson/dataformat/jackson-dataformat-xml/2.9.0/jackson-dataformat-xml-2.9.0.jar:/home/user/.m2/repository/com/fasterxml/jackson/module/jackson-module-jaxb-annotations/2.9.9/jackson-module-jaxb-annotations-2.9.9.jar:/home/user/.m2/repository/javax/enterprise/cdi-api/1.2/cdi-api-1.2.jar:/home/user/.m2/repository/javax/el/javax.el-api/3.0.0/javax.el-api-3.0.0.jar:/home/user/.m2/repository/javax/interceptor/javax.interceptor-api/1.2/javax.interceptor-api-1.2.jar:/home/user/.m2/repository/javax/inject/javax.inject/1/javax.inject-1.jar:/home/user/.m2/repository/com/sun/xml/bind/jaxb-core/2.3.0.1/jaxb-core-2.3.0.1.jar:/home/user/.m2/repository/javax/xml/bind/jaxb-api/2.3.0/jaxb-api-2.3.0.jar:/home/user/.m2/repository/javax/activation/activation/1.1.1/activation-1.1.1.jar:/home/user/.m2/repository/org/apache/hadoop/hadoop-ozone-csi/0.5.0-SNAPSHOT/hadoop-ozone-csi-0.5.0-SNAPSHOT.jar:/home/user/.m2/repository/com/google/protobuf/protobuf-java-util/3.5.1/protobuf-java-util-3.5.1.jar:/home/user/.m2/repository/io/grpc/grpc-netty/1.17.1/grpc-netty-1.17.1.jar:/home/user/.m2/repository/io/grpc/grpc-core/1.17.1/grpc-core-1.17.1.jar:/home/user/.m2/repository/io/grpc/grpc-context/1.17.1/grpc-context-1.17.1.jar:/home/user/.m2/repository/com/google/errorprone/error_prone_annotations/2.2.0/error_prone_annotations-2.2.0.jar:/home/user/.m2/repository/org/codehaus/mojo/animal-sniffer-annotations/1.17/animal-sniffer-annotations-1.17.jar:/home/user/.m2/repository/io/opencensus/opencensus-api/0.17.0/opencensus-api-0.17.0.jar:/home/user/.m2/repository/io/opencensus/opencensus-contrib-grpc-metrics/0.17.0/opencensus-contrib-grpc-metrics-0.17.0.jar:/home/user/.m2/repository/io/netty/netty-codec-http2/4.1.30.Final/netty-codec-http2-4.1.30.Final.jar:/home/user/.m2/repository/io/netty/netty-codec-http/4.1.30.Final/netty-codec-http-4.1.30.Final.jar:/home/user/.m2/repository/io/netty/netty-codec/4.1.30.Final/netty-codec-4.1.30.Final.jar:/home/user/.m2/repository/io/netty/netty-handler/4.1.30.Final/netty-handler-4.1.30.Final.jar:/home/user/.m2/repository/io/netty/netty-handler-proxy/4.1.30.Final/netty-handler-proxy-4.1.30.Final.jar:/home/user/.m2/repository/io/netty/netty-codec-socks/4.1.30.Final/netty-codec-socks-4.1.30.Final.jar:/home/user/.m2/repository/io/netty/netty-transport-native-epoll/4.1.30.Final/netty-transport-native-epoll-4.1.30.Final.jar:/home/user/.m2/repository/io/netty/netty-common/4.1.30.Final/netty-common-4.1.30.Final.jar:/home/user/.m2/repository/io/netty/netty-buffer/4.1.30.Final/netty-buffer-4.1.30.Final.jar:/home/user/.m2/repository/io/netty/netty-transport/4.1.30.Final/netty-transport-4.1.30.Final.jar:/home/user/.m2/repository/io/netty/netty-resolver/4.1.30.Final/netty-resolver-4.1.30.Final.jar:/home/user/.m2/repository/io/netty/netty-transport-native-unix-common/4.1.30.Final/netty-transport-native-unix-common-4.1.30.Final.jar:/home/user/.m2/repository/io/grpc/grpc-protobuf/1.17.1/grpc-protobuf-1.17.1.jar:/home/user/.m2/repository/com/google/api/grpc/proto-google-common-protos/1.0.0/proto-google-common-protos-1.0.0.jar:/home/user/.m2/repository/io/grpc/grpc-protobuf-lite/1.17.1/grpc-protobuf-lite-1.17.1.jar:/home/user/.m2/repository/io/grpc/grpc-stub/1.17.1/grpc-stub-1.17.1.jar:/home/user/.m2/repository/org/apache/hadoop/hadoop-ozone-recon/0.5.0-SNAPSHOT/hadoop-ozone-recon-0.5.0-SNAPSHOT.jar:/home/user/.m2/repository/org/apache/hadoop/hadoop-ozone-reconcodegen/0.5.0-SNAPSHOT/hadoop-ozone-reconcodegen-0.5.0-SNAPSHOT.jar:/home/user/.m2/repository/com/google/inject/extensions/guice-multibindings/4.0/guice-multibindings-4.0.jar:/home/user/.m2/repository/com/google/inject/guice/4.0/guice-4.0.jar:/home/user/.m2/repository/aopalliance/aopalliance/1.0/aopalliance-1.0.jar:/home/user/.m2/repository/org/glassfish/jersey/containers/jersey-container-servlet/2.27/jersey-container-servlet-2.27.jar:/home/user/.m2/repository/org/glassfish/hk2/guice-bridge/2.5.0/guice-bridge-2.5.0.jar:/home/user/.m2/repository/org/glassfish/jersey/core/jersey-server/2.27/jersey-server-2.27.jar:/home/user/.m2/repository/org/glassfish/jersey/core/jersey-client/2.27/jersey-client-2.27.jar:/home/user/.m2/repository/org/glassfish/jersey/media/jersey-media-jaxb/2.27/jersey-media-jaxb-2.27.jar:/home/user/.m2/repository/javax/validation/validation-api/1.1.0.Final/validation-api-1.1.0.Final.jar:/home/user/.m2/repository/org/glassfish/jersey/media/jersey-media-json-jackson/2.27/jersey-media-json-jackson-2.27.jar:/home/user/.m2/repository/org/glassfish/jersey/ext/jersey-entity-filtering/2.27/jersey-entity-filtering-2.27.jar:/home/user/.m2/repository/com/google/inject/extensions/guice-assistedinject/4.0/guice-assistedinject-4.0.jar:/home/user/.m2/repository/org/jooq/jooq/3.11.10/jooq-3.11.10.jar:/home/user/.m2/repository/org/jooq/jooq-meta/3.11.10/jooq-meta-3.11.10.jar:/home/user/.m2/repository/org/jooq/jooq-codegen/3.11.10/jooq-codegen-3.11.10.jar:/home/user/.m2/repository/com/jolbox/bonecp/0.8.0.RELEASE/bonecp-0.8.0.RELEASE.jar:/home/user/.m2/repository/org/springframework/spring-jdbc/5.1.3.RELEASE/spring-jdbc-5.1.3.RELEASE.jar:/home/user/.m2/repository/org/springframework/spring-beans/5.1.3.RELEASE/spring-beans-5.1.3.RELEASE.jar:/home/user/.m2/repository/org/springframework/spring-core/5.1.3.RELEASE/spring-core-5.1.3.RELEASE.jar:/home/user/.m2/repository/org/springframework/spring-jcl/5.1.3.RELEASE/spring-jcl-5.1.3.RELEASE.jar:/home/user/.m2/repository/org/springframework/spring-tx/5.1.3.RELEASE/spring-tx-5.1.3.RELEASE.jar:/home/user/.m2/repository/org/mockito/mockito-all/1.10.19/mockito-all-1.10.19.jar:/home/user/.m2/repository/junit/junit/4.11/junit-4.11.jar:/home/user/.m2/repository/org/hamcrest/hamcrest-core/1.3/hamcrest-core-1.3.jar:/home/user/.m2/repository/org/apache/hadoop/hadoop-distcp/3.2.0/hadoop-distcp-3.2.0.jar:/home/user/.m2/repository/org/apache/hadoop/hadoop-distcp/3.2.0/hadoop-distcp-3.2.0-tests.jar:/home/user/.m2/repository/org/apache/hadoop/hadoop-mapreduce-client-jobclient/3.2.0/hadoop-mapreduce-client-jobclient-3.2.0.jar:/home/user/.m2/repository/org/apache/hadoop/hadoop-mapreduce-client-common/3.2.0/hadoop-mapreduce-client-common-3.2.0.jar:/home/user/.m2/repository/org/apache/hadoop/hadoop-yarn-common/3.2.0/hadoop-yarn-common-3.2.0.jar:/home/user/.m2/repository/org/apache/hadoop/hadoop-yarn-api/3.2.0/hadoop-yarn-api-3.2.0.jar:/home/user/.m2/repository/com/sun/jersey/jersey-client/1.19/jersey-client-1.19.jar:/home/user/.m2/repository/com/sun/jersey/contribs/jersey-guice/1.19/jersey-guice-1.19.jar:/home/user/.m2/repository/com/fasterxml/jackson/jaxrs/jackson-jaxrs-json-provider/2.9.9/jackson-jaxrs-json-provider-2.9.9.jar:/home/user/.m2/repository/com/fasterxml/jackson/jaxrs/jackson-jaxrs-base/2.9.9/jackson-jaxrs-base-2.9.9.jar:/home/user/.m2/repository/org/apache/hadoop/hadoop-yarn-client/3.2.0/hadoop-yarn-client-3.2.0.jar:/home/user/.m2/repository/org/apache/hadoop/hadoop-mapreduce-client-core/3.2.0/hadoop-mapreduce-client-core-3.2.0.jar:/home/user/.m2/repository/com/google/inject/extensions/guice-servlet/4.0/guice-servlet-4.0.jar:/home/user/.m2/repository/org/powermock/powermock-module-junit4/1.6.5/powermock-module-junit4-1.6.5.jar:/home/user/.m2/repository/org/powermock/powermock-module-junit4-common/1.6.5/powermock-module-junit4-common-1.6.5.jar:/home/user/.m2/repository/org/powermock/powermock-core/1.6.5/powermock-core-1.6.5.jar:/home/user/.m2/repository/org/powermock/powermock-reflect/1.6.5/powermock-reflect-1.6.5.jar:/home/user/.m2/repository/org/powermock/powermock-api-mockito/1.6.5/powermock-api-mockito-1.6.5.jar:/home/user/.m2/repository/org/mockito/mockito-core/1.10.19/mockito-core-1.10.19.jar:/home/user/.m2/repository/org/objenesis/objenesis/1.0/objenesis-1.0.jar:/home/user/.m2/repository/org/powermock/powermock-api-mockito-common/1.6.5/powermock-api-mockito-common-1.6.5.jar:/home/user/.m2/repository/org/powermock/powermock-api-support/1.6.5/powermock-api-support-1.6.5.jar:"/>
    <property name="java.vm.vendor" value="IcedTea"/>
    <property name="sun.arch.data.model" value="64"/>
    <property name="test.build.dir" value="/workdir/hadoop-ozone/ozonefs/target/test-dir"/>
    <property name="test.cache.data" value=""/>
    <property name="java.vendor.url" value="https://icedtea.classpath.org"/>
    <property name="user.timezone" value=""/>
    <property name="java.vm.specification.version" value="1.8"/>
    <property name="os.name" value="Linux"/>
    <property name="test.build.data" value="/workdir/hadoop-ozone/ozonefs/target/test-dir"/>
    <property name="user.country" value="US"/>
    <property name="sun.java.launcher" value="SUN_STANDARD"/>
    <property name="sun.boot.library.path" value="/usr/lib/jvm/java-1.8-openjdk/jre/lib/amd64"/>
    <property name="sun.java.command" value="/workdir/hadoop-ozone/ozonefs/target/surefire/surefirebooter6757456507364996102.jar /workdir/hadoop-ozone/ozonefs/target/surefire 2019-10-14T08-33-45_578-jvmRun1 surefire6122798339960306867tmp surefire_1042162106093462338152tmp"/>
    <property name="test" value="!TestMiniChaosOzoneCluster"/>
    <property name="surefire.test.class.path" value="/workdir/hadoop-ozone/ozonefs/target/test-classes:/workdir/hadoop-ozone/ozonefs/target/classes:/home/user/.m2/repository/org/apache/hadoop/hadoop-common/3.2.0/hadoop-common-3.2.0.jar:/home/user/.m2/repository/org/apache/hadoop/hadoop-annotations/3.2.0/hadoop-annotations-3.2.0.jar:/usr/lib/jvm/java-1.8-openjdk/jre/../lib/tools.jar:/home/user/.m2/repository/com/google/guava/guava/11.0.2/guava-11.0.2.jar:/home/user/.m2/repository/commons-cli/commons-cli/1.2/commons-cli-1.2.jar:/home/user/.m2/repository/org/apache/commons/commons-math3/3.1.1/commons-math3-3.1.1.jar:/home/user/.m2/repository/org/apache/httpcomponents/httpclient/4.5.2/httpclient-4.5.2.jar:/home/user/.m2/repository/org/apache/httpcomponents/httpcore/4.4.4/httpcore-4.4.4.jar:/home/user/.m2/repository/commons-codec/commons-codec/1.11/commons-codec-1.11.jar:/home/user/.m2/repository/commons-io/commons-io/2.5/commons-io-2.5.jar:/home/user/.m2/repository/commons-net/commons-net/3.6/commons-net-3.6.jar:/home/user/.m2/repository/commons-collections/commons-collections/3.2.2/commons-collections-3.2.2.jar:/home/user/.m2/repository/javax/servlet/javax.servlet-api/3.1.0/javax.servlet-api-3.1.0.jar:/home/user/.m2/repository/org/eclipse/jetty/jetty-server/9.3.25.v20180904/jetty-server-9.3.25.v20180904.jar:/home/user/.m2/repository/org/eclipse/jetty/jetty-http/9.3.25.v20180904/jetty-http-9.3.25.v20180904.jar:/home/user/.m2/repository/org/eclipse/jetty/jetty-io/9.3.25.v20180904/jetty-io-9.3.25.v20180904.jar:/home/user/.m2/repository/org/eclipse/jetty/jetty-util/9.3.25.v20180904/jetty-util-9.3.25.v20180904.jar:/home/user/.m2/repository/org/eclipse/jetty/jetty-servlet/9.3.25.v20180904/jetty-servlet-9.3.25.v20180904.jar:/home/user/.m2/repository/org/eclipse/jetty/jetty-security/9.3.25.v20180904/jetty-security-9.3.25.v20180904.jar:/home/user/.m2/repository/org/eclipse/jetty/jetty-webapp/9.3.25.v20180904/jetty-webapp-9.3.25.v20180904.jar:/home/user/.m2/repository/org/eclipse/jetty/jetty-xml/9.3.25.v20180904/jetty-xml-9.3.25.v20180904.jar:/home/user/.m2/repository/javax/servlet/jsp/jsp-api/2.1/jsp-api-2.1.jar:/home/user/.m2/repository/com/sun/jersey/jersey-core/1.19/jersey-core-1.19.jar:/home/user/.m2/repository/javax/ws/rs/jsr311-api/1.1.1/jsr311-api-1.1.1.jar:/home/user/.m2/repository/com/sun/jersey/jersey-servlet/1.19/jersey-servlet-1.19.jar:/home/user/.m2/repository/com/sun/jersey/jersey-json/1.19/jersey-json-1.19.jar:/home/user/.m2/repository/org/codehaus/jettison/jettison/1.1/jettison-1.1.jar:/home/user/.m2/repository/com/sun/xml/bind/jaxb-impl/2.3.0.1/jaxb-impl-2.3.0.1.jar:/home/user/.m2/repository/org/codehaus/jackson/jackson-core-asl/1.9.13/jackson-core-asl-1.9.13.jar:/home/user/.m2/repository/org/codehaus/jackson/jackson-mapper-asl/1.9.13/jackson-mapper-asl-1.9.13.jar:/home/user/.m2/repository/org/codehaus/jackson/jackson-jaxrs/1.9.13/jackson-jaxrs-1.9.13.jar:/home/user/.m2/repository/org/codehaus/jackson/jackson-xc/1.9.13/jackson-xc-1.9.13.jar:/home/user/.m2/repository/com/sun/jersey/jersey-server/1.19/jersey-server-1.19.jar:/home/user/.m2/repository/commons-logging/commons-logging/1.1.3/commons-logging-1.1.3.jar:/home/user/.m2/repository/log4j/log4j/1.2.17/log4j-1.2.17.jar:/home/user/.m2/repository/commons-beanutils/commons-beanutils/1.9.4/commons-beanutils-1.9.4.jar:/home/user/.m2/repository/org/apache/commons/commons-configuration2/2.1.1/commons-configuration2-2.1.1.jar:/home/user/.m2/repository/org/apache/commons/commons-lang3/3.7/commons-lang3-3.7.jar:/home/user/.m2/repository/org/apache/commons/commons-text/1.4/commons-text-1.4.jar:/home/user/.m2/repository/org/slf4j/slf4j-api/1.7.25/slf4j-api-1.7.25.jar:/home/user/.m2/repository/org/slf4j/slf4j-log4j12/1.7.25/slf4j-log4j12-1.7.25.jar:/home/user/.m2/repository/org/apache/avro/avro/1.7.7/avro-1.7.7.jar:/home/user/.m2/repository/com/thoughtworks/paranamer/paranamer/2.3/paranamer-2.3.jar:/home/user/.m2/repository/org/xerial/snappy/snappy-java/1.0.5/snappy-java-1.0.5.jar:/home/user/.m2/repository/com/google/re2j/re2j/1.1/re2j-1.1.jar:/home/user/.m2/repository/com/google/protobuf/protobuf-java/2.5.0/protobuf-java-2.5.0.jar:/home/user/.m2/repository/com/google/code/gson/gson/2.2.4/gson-2.2.4.jar:/home/user/.m2/repository/org/apache/hadoop/hadoop-auth/3.2.0/hadoop-auth-3.2.0.jar:/home/user/.m2/repository/com/nimbusds/nimbus-jose-jwt/4.41.1/nimbus-jose-jwt-4.41.1.jar:/home/user/.m2/repository/com/github/stephenc/jcip/jcip-annotations/1.0-1/jcip-annotations-1.0-1.jar:/home/user/.m2/repository/net/minidev/json-smart/2.3/json-smart-2.3.jar:/home/user/.m2/repository/net/minidev/accessors-smart/1.2/accessors-smart-1.2.jar:/home/user/.m2/repository/org/apache/curator/curator-framework/2.12.0/curator-framework-2.12.0.jar:/home/user/.m2/repository/com/jcraft/jsch/0.1.54/jsch-0.1.54.jar:/home/user/.m2/repository/org/apache/curator/curator-client/2.12.0/curator-client-2.12.0.jar:/home/user/.m2/repository/org/apache/curator/curator-recipes/2.12.0/curator-recipes-2.12.0.jar:/home/user/.m2/repository/com/google/code/findbugs/jsr305/3.0.0/jsr305-3.0.0.jar:/home/user/.m2/repository/org/apache/htrace/htrace-core4/4.1.0-incubating/htrace-core4-4.1.0-incubating.jar:/home/user/.m2/repository/org/apache/zookeeper/zookeeper/3.4.13/zookeeper-3.4.13.jar:/home/user/.m2/repository/jline/jline/0.9.94/jline-0.9.94.jar:/home/user/.m2/repository/org/apache/yetus/audience-annotations/0.5.0/audience-annotations-0.5.0.jar:/home/user/.m2/repository/org/apache/commons/commons-compress/1.4.1/commons-compress-1.4.1.jar:/home/user/.m2/repository/org/tukaani/xz/1.0/xz-1.0.jar:/home/user/.m2/repository/org/apache/kerby/kerb-simplekdc/1.0.1/kerb-simplekdc-1.0.1.jar:/home/user/.m2/repository/org/apache/kerby/kerb-client/1.0.1/kerb-client-1.0.1.jar:/home/user/.m2/repository/org/apache/kerby/kerby-config/1.0.1/kerby-config-1.0.1.jar:/home/user/.m2/repository/org/apache/kerby/kerb-core/1.0.1/kerb-core-1.0.1.jar:/home/user/.m2/repository/org/apache/kerby/kerby-pkix/1.0.1/kerby-pkix-1.0.1.jar:/home/user/.m2/repository/org/apache/kerby/kerby-asn1/1.0.1/kerby-asn1-1.0.1.jar:/home/user/.m2/repository/org/apache/kerby/kerby-util/1.0.1/kerby-util-1.0.1.jar:/home/user/.m2/repository/org/apache/kerby/kerb-common/1.0.1/kerb-common-1.0.1.jar:/home/user/.m2/repository/org/apache/kerby/kerb-crypto/1.0.1/kerb-crypto-1.0.1.jar:/home/user/.m2/repository/org/apache/kerby/kerb-util/1.0.1/kerb-util-1.0.1.jar:/home/user/.m2/repository/org/apache/kerby/token-provider/1.0.1/token-provider-1.0.1.jar:/home/user/.m2/repository/org/apache/kerby/kerb-admin/1.0.1/kerb-admin-1.0.1.jar:/home/user/.m2/repository/org/apache/kerby/kerb-server/1.0.1/kerb-server-1.0.1.jar:/home/user/.m2/repository/org/apache/kerby/kerb-identity/1.0.1/kerb-identity-1.0.1.jar:/home/user/.m2/repository/org/apache/kerby/kerby-xdr/1.0.1/kerby-xdr-1.0.1.jar:/home/user/.m2/repository/com/fasterxml/jackson/core/jackson-databind/2.9.9/jackson-databind-2.9.9.jar:/home/user/.m2/repository/com/fasterxml/jackson/core/jackson-annotations/2.9.9/jackson-annotations-2.9.9.jar:/home/user/.m2/repository/com/fasterxml/jackson/core/jackson-core/2.9.9/jackson-core-2.9.9.jar:/home/user/.m2/repository/org/codehaus/woodstox/stax2-api/3.1.4/stax2-api-3.1.4.jar:/home/user/.m2/repository/com/fasterxml/woodstox/woodstox-core/5.0.3/woodstox-core-5.0.3.jar:/home/user/.m2/repository/dnsjava/dnsjava/2.1.7/dnsjava-2.1.7.jar:/home/user/.m2/repository/org/apache/hadoop/hadoop-hdfs/3.2.0/hadoop-hdfs-3.2.0.jar:/home/user/.m2/repository/org/eclipse/jetty/jetty-util-ajax/9.3.25.v20180904/jetty-util-ajax-9.3.25.v20180904.jar:/home/user/.m2/repository/commons-daemon/commons-daemon/1.0.13/commons-daemon-1.0.13.jar:/home/user/.m2/repository/io/netty/netty/3.10.5.Final/netty-3.10.5.Final.jar:/home/user/.m2/repository/io/netty/netty-all/4.0.52.Final/netty-all-4.0.52.Final.jar:/home/user/.m2/repository/org/fusesource/leveldbjni/leveldbjni-all/1.8/leveldbjni-all-1.8.jar:/home/user/.m2/repository/org/apache/hadoop/hadoop-hdds-common/0.5.0-SNAPSHOT/hadoop-hdds-common-0.5.0-SNAPSHOT.jar:/home/user/.m2/repository/org/apache/hadoop/hadoop-hdds-config/0.5.0-SNAPSHOT/hadoop-hdds-config-0.5.0-SNAPSHOT.jar:/home/user/.m2/repository/javax/annotation/javax.annotation-api/1.2/javax.annotation-api-1.2.jar:/home/user/.m2/repository/org/apache/ratis/ratis-server/0.4.0/ratis-server-0.4.0.jar:/home/user/.m2/repository/org/apache/ratis/ratis-thirdparty-misc/0.2.0/ratis-thirdparty-misc-0.2.0.jar:/home/user/.m2/repository/org/apache/ratis/ratis-proto/0.4.0/ratis-proto-0.4.0.jar:/home/user/.m2/repository/org/apache/ratis/ratis-common/0.4.0/ratis-common-0.4.0.jar:/home/user/.m2/repository/org/apache/ratis/ratis-client/0.4.0/ratis-client-0.4.0.jar:/home/user/.m2/repository/org/apache/ratis/ratis-metrics/0.4.0/ratis-metrics-0.4.0.jar:/home/user/.m2/repository/com/github/joshelser/dropwizard-metrics-hadoop-metrics2-reporter/0.1.2/dropwizard-metrics-hadoop-metrics2-reporter-0.1.2.jar:/home/user/.m2/repository/io/dropwizard/metrics/metrics-jvm/3.2.5/metrics-jvm-3.2.5.jar:/home/user/.m2/repository/io/dropwizard/metrics/metrics-ganglia/3.2.5/metrics-ganglia-3.2.5.jar:/home/user/.m2/repository/info/ganglia/gmetric4j/gmetric4j/1.0.7/gmetric4j-1.0.7.jar:/home/user/.m2/repository/org/apache/ratis/ratis-netty/0.4.0/ratis-netty-0.4.0.jar:/home/user/.m2/repository/org/apache/ratis/ratis-grpc/0.4.0/ratis-grpc-0.4.0.jar:/home/user/.m2/repository/org/rocksdb/rocksdbjni/6.0.1/rocksdbjni-6.0.1.jar:/home/user/.m2/repository/org/apache/logging/log4j/log4j-api/2.11.0/log4j-api-2.11.0.jar:/home/user/.m2/repository/org/apache/logging/log4j/log4j-core/2.11.0/log4j-core-2.11.0.jar:/home/user/.m2/repository/com/lmax/disruptor/3.4.2/disruptor-3.4.2.jar:/home/user/.m2/repository/org/apache/commons/commons-pool2/2.6.0/commons-pool2-2.6.0.jar:/home/user/.m2/repository/org/bouncycastle/bcpkix-jdk15on/1.60/bcpkix-jdk15on-1.60.jar:/home/user/.m2/repository/commons-validator/commons-validator/1.6/commons-validator-1.6.jar:/home/user/.m2/repository/commons-digester/commons-digester/1.8.1/commons-digester-1.8.1.jar:/home/user/.m2/repository/io/jaegertracing/jaeger-client/0.34.0/jaeger-client-0.34.0.jar:/home/user/.m2/repository/io/jaegertracing/jaeger-thrift/0.34.0/jaeger-thrift-0.34.0.jar:/home/user/.m2/repository/org/apache/thrift/libthrift/0.12.0/libthrift-0.12.0.jar:/home/user/.m2/repository/com/squareup/okhttp3/okhttp/3.9.0/okhttp-3.9.0.jar:/home/user/.m2/repository/com/squareup/okio/okio/1.13.0/okio-1.13.0.jar:/home/user/.m2/repository/io/jaegertracing/jaeger-core/0.34.0/jaeger-core-0.34.0.jar:/home/user/.m2/repository/io/jaegertracing/jaeger-tracerresolver/0.34.0/jaeger-tracerresolver-0.34.0.jar:/home/user/.m2/repository/io/opentracing/contrib/opentracing-tracerresolver/0.1.5/opentracing-tracerresolver-0.1.5.jar:/home/user/.m2/repository/io/opentracing/opentracing-util/0.31.0/opentracing-util-0.31.0.jar:/home/user/.m2/repository/io/opentracing/opentracing-api/0.31.0/opentracing-api-0.31.0.jar:/home/user/.m2/repository/io/opentracing/opentracing-noop/0.31.0/opentracing-noop-0.31.0.jar:/home/user/.m2/repository/org/yaml/snakeyaml/1.16/snakeyaml-1.16.jar:/home/user/.m2/repository/org/apache/hadoop/hadoop-hdfs-client/3.2.0/hadoop-hdfs-client-3.2.0.jar:/home/user/.m2/repository/info/picocli/picocli/3.9.6/picocli-3.9.6.jar:/home/user/.m2/repository/org/apache/hadoop/hadoop-hdds-server-scm/0.5.0-SNAPSHOT/hadoop-hdds-server-scm-0.5.0-SNAPSHOT.jar:/home/user/.m2/repository/org/apache/hadoop/hadoop-hdds-docs/0.5.0-SNAPSHOT/hadoop-hdds-docs-0.5.0-SNAPSHOT.jar:/home/user/.m2/repository/io/dropwizard/metrics/metrics-core/3.2.4/metrics-core-3.2.4.jar:/home/user/.m2/repository/org/hamcrest/hamcrest-all/1.3/hamcrest-all-1.3.jar:/home/user/.m2/repository/org/bouncycastle/bcprov-jdk15on/1.60/bcprov-jdk15on-1.60.jar:/home/user/.m2/repository/org/apache/hadoop/hadoop-hdds-server-framework/0.5.0-SNAPSHOT/hadoop-hdds-server-framework-0.5.0-SNAPSHOT.jar:/home/user/.m2/repository/org/apache/hadoop/hadoop-ozone-ozone-manager/0.5.0-SNAPSHOT/hadoop-ozone-ozone-manager-0.5.0-SNAPSHOT.jar:/home/user/.m2/repository/org/apache/hadoop/hadoop-hdds-container-service/0.5.0-SNAPSHOT/hadoop-hdds-container-service-0.5.0-SNAPSHOT.jar:/home/user/.m2/repository/org/apache/hadoop/hadoop-hdds-client/0.5.0-SNAPSHOT/hadoop-hdds-client-0.5.0-SNAPSHOT.jar:/home/user/.m2/repository/org/apache/hadoop/hadoop-ozone-common/0.5.0-SNAPSHOT/hadoop-ozone-common-0.5.0-SNAPSHOT.jar:/home/user/.m2/repository/org/apache/hadoop/hadoop-hdds-tools/0.5.0-SNAPSHOT/hadoop-hdds-tools-0.5.0-SNAPSHOT.jar:/home/user/.m2/repository/org/xerial/sqlite-jdbc/3.25.2/sqlite-jdbc-3.25.2.jar:/home/user/.m2/repository/com/google/code/findbugs/findbugs/3.0.1/findbugs-3.0.1.jar:/home/user/.m2/repository/net/jcip/jcip-annotations/1.0/jcip-annotations-1.0.jar:/home/user/.m2/repository/com/google/code/findbugs/bcel-findbugs/6.0/bcel-findbugs-6.0.jar:/home/user/.m2/repository/com/google/code/findbugs/jFormatString/2.0.1/jFormatString-2.0.1.jar:/home/user/.m2/repository/dom4j/dom4j/1.6.1/dom4j-1.6.1.jar:/home/user/.m2/repository/xml-apis/xml-apis/1.0.b2/xml-apis-1.0.b2.jar:/home/user/.m2/repository/org/ow2/asm/asm-debug-all/5.0.2/asm-debug-all-5.0.2.jar:/home/user/.m2/repository/org/ow2/asm/asm-commons/5.0.2/asm-commons-5.0.2.jar:/home/user/.m2/repository/org/ow2/asm/asm-tree/5.0.2/asm-tree-5.0.2.jar:/home/user/.m2/repository/org/ow2/asm/asm/5.0.4/asm-5.0.4.jar:/home/user/.m2/repository/commons-lang/commons-lang/2.6/commons-lang-2.6.jar:/home/user/.m2/repository/com/apple/AppleJavaExtensions/1.4/AppleJavaExtensions-1.4.jar:/home/user/.m2/repository/jaxen/jaxen/1.1.6/jaxen-1.1.6.jar:/home/user/.m2/repository/org/apache/hadoop/hadoop-common/3.2.0/hadoop-common-3.2.0-tests.jar:/home/user/.m2/repository/org/apache/hadoop/hadoop-ozone-client/0.5.0-SNAPSHOT/hadoop-ozone-client-0.5.0-SNAPSHOT.jar:/home/user/.m2/repository/org/apache/hadoop/hadoop-hdfs/3.2.0/hadoop-hdfs-3.2.0-tests.jar:/workdir/hadoop-ozone/integration-test/target/test-classes:/home/user/.m2/repository/org/apache/hadoop/hadoop-ozone-s3gateway/0.5.0-SNAPSHOT/hadoop-ozone-s3gateway-0.5.0-SNAPSHOT.jar:/home/user/.m2/repository/org/jboss/weld/servlet/weld-servlet/2.4.7.Final/weld-servlet-2.4.7.Final.jar:/home/user/.m2/repository/org/glassfish/jersey/containers/jersey-container-servlet-core/2.27/jersey-container-servlet-core-2.27.jar:/home/user/.m2/repository/org/glassfish/hk2/external/javax.inject/2.5.0-b42/javax.inject-2.5.0-b42.jar:/home/user/.m2/repository/org/glassfish/jersey/core/jersey-common/2.27/jersey-common-2.27.jar:/home/user/.m2/repository/org/glassfish/hk2/osgi-resource-locator/1.0.1/osgi-resource-locator-1.0.1.jar:/home/user/.m2/repository/javax/ws/rs/javax.ws.rs-api/2.1/javax.ws.rs-api-2.1.jar:/home/user/.m2/repository/org/glassfish/jersey/ext/cdi/jersey-cdi1x/2.27/jersey-cdi1x-2.27.jar:/home/user/.m2/repository/org/glassfish/jersey/inject/jersey-hk2/2.27/jersey-hk2-2.27.jar:/home/user/.m2/repository/org/glassfish/hk2/hk2-locator/2.5.0-b42/hk2-locator-2.5.0-b42.jar:/home/user/.m2/repository/org/javassist/javassist/3.22.0-CR2/javassist-3.22.0-CR2.jar:/home/user/.m2/repository/org/glassfish/hk2/hk2-api/2.5.0/hk2-api-2.5.0.jar:/home/user/.m2/repository/org/glassfish/hk2/external/jakarta.inject/2.5.0/jakarta.inject-2.5.0.jar:/home/user/.m2/repository/org/glassfish/hk2/hk2-utils/2.5.0/hk2-utils-2.5.0.jar:/home/user/.m2/repository/jakarta/annotation/jakarta.annotation-api/1.3.4/jakarta.annotation-api-1.3.4.jar:/home/user/.m2/repository/org/glassfish/hk2/external/aopalliance-repackaged/2.5.0/aopalliance-repackaged-2.5.0.jar:/home/user/.m2/repository/com/fasterxml/jackson/dataformat/jackson-dataformat-xml/2.9.0/jackson-dataformat-xml-2.9.0.jar:/home/user/.m2/repository/com/fasterxml/jackson/module/jackson-module-jaxb-annotations/2.9.9/jackson-module-jaxb-annotations-2.9.9.jar:/home/user/.m2/repository/javax/enterprise/cdi-api/1.2/cdi-api-1.2.jar:/home/user/.m2/repository/javax/el/javax.el-api/3.0.0/javax.el-api-3.0.0.jar:/home/user/.m2/repository/javax/interceptor/javax.interceptor-api/1.2/javax.interceptor-api-1.2.jar:/home/user/.m2/repository/javax/inject/javax.inject/1/javax.inject-1.jar:/home/user/.m2/repository/com/sun/xml/bind/jaxb-core/2.3.0.1/jaxb-core-2.3.0.1.jar:/home/user/.m2/repository/javax/xml/bind/jaxb-api/2.3.0/jaxb-api-2.3.0.jar:/home/user/.m2/repository/javax/activation/activation/1.1.1/activation-1.1.1.jar:/home/user/.m2/repository/org/apache/hadoop/hadoop-ozone-csi/0.5.0-SNAPSHOT/hadoop-ozone-csi-0.5.0-SNAPSHOT.jar:/home/user/.m2/repository/com/google/protobuf/protobuf-java-util/3.5.1/protobuf-java-util-3.5.1.jar:/home/user/.m2/repository/io/grpc/grpc-netty/1.17.1/grpc-netty-1.17.1.jar:/home/user/.m2/repository/io/grpc/grpc-core/1.17.1/grpc-core-1.17.1.jar:/home/user/.m2/repository/io/grpc/grpc-context/1.17.1/grpc-context-1.17.1.jar:/home/user/.m2/repository/com/google/errorprone/error_prone_annotations/2.2.0/error_prone_annotations-2.2.0.jar:/home/user/.m2/repository/org/codehaus/mojo/animal-sniffer-annotations/1.17/animal-sniffer-annotations-1.17.jar:/home/user/.m2/repository/io/opencensus/opencensus-api/0.17.0/opencensus-api-0.17.0.jar:/home/user/.m2/repository/io/opencensus/opencensus-contrib-grpc-metrics/0.17.0/opencensus-contrib-grpc-metrics-0.17.0.jar:/home/user/.m2/repository/io/netty/netty-codec-http2/4.1.30.Final/netty-codec-http2-4.1.30.Final.jar:/home/user/.m2/repository/io/netty/netty-codec-http/4.1.30.Final/netty-codec-http-4.1.30.Final.jar:/home/user/.m2/repository/io/netty/netty-codec/4.1.30.Final/netty-codec-4.1.30.Final.jar:/home/user/.m2/repository/io/netty/netty-handler/4.1.30.Final/netty-handler-4.1.30.Final.jar:/home/user/.m2/repository/io/netty/netty-handler-proxy/4.1.30.Final/netty-handler-proxy-4.1.30.Final.jar:/home/user/.m2/repository/io/netty/netty-codec-socks/4.1.30.Final/netty-codec-socks-4.1.30.Final.jar:/home/user/.m2/repository/io/netty/netty-transport-native-epoll/4.1.30.Final/netty-transport-native-epoll-4.1.30.Final.jar:/home/user/.m2/repository/io/netty/netty-common/4.1.30.Final/netty-common-4.1.30.Final.jar:/home/user/.m2/repository/io/netty/netty-buffer/4.1.30.Final/netty-buffer-4.1.30.Final.jar:/home/user/.m2/repository/io/netty/netty-transport/4.1.30.Final/netty-transport-4.1.30.Final.jar:/home/user/.m2/repository/io/netty/netty-resolver/4.1.30.Final/netty-resolver-4.1.30.Final.jar:/home/user/.m2/repository/io/netty/netty-transport-native-unix-common/4.1.30.Final/netty-transport-native-unix-common-4.1.30.Final.jar:/home/user/.m2/repository/io/grpc/grpc-protobuf/1.17.1/grpc-protobuf-1.17.1.jar:/home/user/.m2/repository/com/google/api/grpc/proto-google-common-protos/1.0.0/proto-google-common-protos-1.0.0.jar:/home/user/.m2/repository/io/grpc/grpc-protobuf-lite/1.17.1/grpc-protobuf-lite-1.17.1.jar:/home/user/.m2/repository/io/grpc/grpc-stub/1.17.1/grpc-stub-1.17.1.jar:/home/user/.m2/repository/org/apache/hadoop/hadoop-ozone-recon/0.5.0-SNAPSHOT/hadoop-ozone-recon-0.5.0-SNAPSHOT.jar:/home/user/.m2/repository/org/apache/hadoop/hadoop-ozone-reconcodegen/0.5.0-SNAPSHOT/hadoop-ozone-reconcodegen-0.5.0-SNAPSHOT.jar:/home/user/.m2/repository/com/google/inject/extensions/guice-multibindings/4.0/guice-multibindings-4.0.jar:/home/user/.m2/repository/com/google/inject/guice/4.0/guice-4.0.jar:/home/user/.m2/repository/aopalliance/aopalliance/1.0/aopalliance-1.0.jar:/home/user/.m2/repository/org/glassfish/jersey/containers/jersey-container-servlet/2.27/jersey-container-servlet-2.27.jar:/home/user/.m2/repository/org/glassfish/hk2/guice-bridge/2.5.0/guice-bridge-2.5.0.jar:/home/user/.m2/repository/org/glassfish/jersey/core/jersey-server/2.27/jersey-server-2.27.jar:/home/user/.m2/repository/org/glassfish/jersey/core/jersey-client/2.27/jersey-client-2.27.jar:/home/user/.m2/repository/org/glassfish/jersey/media/jersey-media-jaxb/2.27/jersey-media-jaxb-2.27.jar:/home/user/.m2/repository/javax/validation/validation-api/1.1.0.Final/validation-api-1.1.0.Final.jar:/home/user/.m2/repository/org/glassfish/jersey/media/jersey-media-json-jackson/2.27/jersey-media-json-jackson-2.27.jar:/home/user/.m2/repository/org/glassfish/jersey/ext/jersey-entity-filtering/2.27/jersey-entity-filtering-2.27.jar:/home/user/.m2/repository/com/google/inject/extensions/guice-assistedinject/4.0/guice-assistedinject-4.0.jar:/home/user/.m2/repository/org/jooq/jooq/3.11.10/jooq-3.11.10.jar:/home/user/.m2/repository/org/jooq/jooq-meta/3.11.10/jooq-meta-3.11.10.jar:/home/user/.m2/repository/org/jooq/jooq-codegen/3.11.10/jooq-codegen-3.11.10.jar:/home/user/.m2/repository/com/jolbox/bonecp/0.8.0.RELEASE/bonecp-0.8.0.RELEASE.jar:/home/user/.m2/repository/org/springframework/spring-jdbc/5.1.3.RELEASE/spring-jdbc-5.1.3.RELEASE.jar:/home/user/.m2/repository/org/springframework/spring-beans/5.1.3.RELEASE/spring-beans-5.1.3.RELEASE.jar:/home/user/.m2/repository/org/springframework/spring-core/5.1.3.RELEASE/spring-core-5.1.3.RELEASE.jar:/home/user/.m2/repository/org/springframework/spring-jcl/5.1.3.RELEASE/spring-jcl-5.1.3.RELEASE.jar:/home/user/.m2/repository/org/springframework/spring-tx/5.1.3.RELEASE/spring-tx-5.1.3.RELEASE.jar:/home/user/.m2/repository/org/mockito/mockito-all/1.10.19/mockito-all-1.10.19.jar:/home/user/.m2/repository/junit/junit/4.11/junit-4.11.jar:/home/user/.m2/repository/org/hamcrest/hamcrest-core/1.3/hamcrest-core-1.3.jar:/home/user/.m2/repository/org/apache/hadoop/hadoop-distcp/3.2.0/hadoop-distcp-3.2.0.jar:/home/user/.m2/repository/org/apache/hadoop/hadoop-distcp/3.2.0/hadoop-distcp-3.2.0-tests.jar:/home/user/.m2/repository/org/apache/hadoop/hadoop-mapreduce-client-jobclient/3.2.0/hadoop-mapreduce-client-jobclient-3.2.0.jar:/home/user/.m2/repository/org/apache/hadoop/hadoop-mapreduce-client-common/3.2.0/hadoop-mapreduce-client-common-3.2.0.jar:/home/user/.m2/repository/org/apache/hadoop/hadoop-yarn-common/3.2.0/hadoop-yarn-common-3.2.0.jar:/home/user/.m2/repository/org/apache/hadoop/hadoop-yarn-api/3.2.0/hadoop-yarn-api-3.2.0.jar:/home/user/.m2/repository/com/sun/jersey/jersey-client/1.19/jersey-client-1.19.jar:/home/user/.m2/repository/com/sun/jersey/contribs/jersey-guice/1.19/jersey-guice-1.19.jar:/home/user/.m2/repository/com/fasterxml/jackson/jaxrs/jackson-jaxrs-json-provider/2.9.9/jackson-jaxrs-json-provider-2.9.9.jar:/home/user/.m2/repository/com/fasterxml/jackson/jaxrs/jackson-jaxrs-base/2.9.9/jackson-jaxrs-base-2.9.9.jar:/home/user/.m2/repository/org/apache/hadoop/hadoop-yarn-client/3.2.0/hadoop-yarn-client-3.2.0.jar:/home/user/.m2/repository/org/apache/hadoop/hadoop-mapreduce-client-core/3.2.0/hadoop-mapreduce-client-core-3.2.0.jar:/home/user/.m2/repository/com/google/inject/extensions/guice-servlet/4.0/guice-servlet-4.0.jar:/home/user/.m2/repository/org/powermock/powermock-module-junit4/1.6.5/powermock-module-junit4-1.6.5.jar:/home/user/.m2/repository/org/powermock/powermock-module-junit4-common/1.6.5/powermock-module-junit4-common-1.6.5.jar:/home/user/.m2/repository/org/powermock/powermock-core/1.6.5/powermock-core-1.6.5.jar:/home/user/.m2/repository/org/powermock/powermock-reflect/1.6.5/powermock-reflect-1.6.5.jar:/home/user/.m2/repository/org/powermock/powermock-api-mockito/1.6.5/powermock-api-mockito-1.6.5.jar:/home/user/.m2/repository/org/mockito/mockito-core/1.10.19/mockito-core-1.10.19.jar:/home/user/.m2/repository/org/objenesis/objenesis/1.0/objenesis-1.0.jar:/home/user/.m2/repository/org/powermock/powermock-api-mockito-common/1.6.5/powermock-api-mockito-common-1.6.5.jar:/home/user/.m2/repository/org/powermock/powermock-api-support/1.6.5/powermock-api-support-1.6.5.jar:"/>
    <property name="sun.cpu.endian" value="little"/>
    <property name="user.home" value="/home/user"/>
    <property name="user.language" value="en"/>
    <property name="java.specification.vendor" value="Oracle Corporation"/>
    <property name="java.home" value="/usr/lib/jvm/java-1.8-openjdk/jre"/>
    <property name="java.security.krb5.conf" value="/workdir/hadoop-ozone/ozonefs/target/test-classes/krb5.conf"/>
    <property name="basedir" value="/workdir/hadoop-ozone/ozonefs"/>
    <property name="file.separator" value="/"/>
    <property name="line.separator" value="&#10;"/>
    <property name="java.vm.specification.vendor" value="Oracle Corporation"/>
    <property name="java.specification.name" value="Java Platform API Specification"/>
    <property name="java.awt.graphicsenv" value="sun.awt.X11GraphicsEnvironment"/>
    <property name="surefire.real.class.path" value="/workdir/hadoop-ozone/ozonefs/target/surefire/surefirebooter6757456507364996102.jar"/>
    <property name="hadoop.log.dir" value="/workdir/hadoop-ozone/ozonefs/target/log"/>
    <property name="sun.boot.class.path" value="/usr/lib/jvm/java-1.8-openjdk/jre/lib/resources.jar:/usr/lib/jvm/java-1.8-openjdk/jre/lib/rt.jar:/usr/lib/jvm/java-1.8-openjdk/jre/lib/sunrsasign.jar:/usr/lib/jvm/java-1.8-openjdk/jre/lib/jsse.jar:/usr/lib/jvm/java-1.8-openjdk/jre/lib/jce.jar:/usr/lib/jvm/java-1.8-openjdk/jre/lib/charsets.jar:/usr/lib/jvm/java-1.8-openjdk/jre/lib/jfr.jar:/usr/lib/jvm/java-1.8-openjdk/jre/classes"/>
    <property name="sun.management.compiler" value="HotSpot 64-Bit Tiered Compilers"/>
    <property name="java.runtime.version" value="1.8.0_212-b04"/>
    <property name="java.net.preferIPv4Stack" value="true"/>
    <property name="user.name" value="jenkins1000"/>
    <property name="path.separator" value=":"/>
    <property name="java.security.egd" value="file:///dev/urandom"/>
    <property name="os.version" value="3.10.0-957.12.2.el7.x86_64"/>
    <property name="java.endorsed.dirs" value="/usr/lib/jvm/java-1.8-openjdk/jre/lib/endorsed"/>
    <property name="java.runtime.name" value="OpenJDK Runtime Environment"/>
    <property name="file.encoding" value="UTF-8"/>
    <property name="java.vm.name" value="OpenJDK 64-Bit Server VM"/>
    <property name="test.build.webapps" value=""/>
    <property name="localRepository" value="/home/user/.m2/repository"/>
    <property name="java.vendor.url.bug" value="https://icedtea.classpath.org/bugzilla"/>
    <property name="java.io.tmpdir" value="/tmp"/>
    <property name="require.test.libhadoop" value=""/>
    <property name="java.version" value="1.8.0_212"/>
    <property name="user.dir" value="/workdir/hadoop-ozone/ozonefs"/>
    <property name="os.arch" value="amd64"/>
    <property name="java.vm.specification.name" value="Java Virtual Machine Specification"/>
    <property name="test.build.classes" value="/workdir/hadoop-ozone/ozonefs/target/test-classes"/>
    <property name="java.awt.printerjob" value="sun.print.PSPrinterJob"/>
    <property name="sun.os.patch.level" value="unknown"/>
    <property name="hadoop.tmp.dir" value="/workdir/hadoop-ozone/ozonefs/target/tmp"/>
    <property name="java.library.path" value="/usr/lib/jvm/java-1.8-openjdk/jre/lib/amd64/server:/usr/lib/jvm/java-1.8-openjdk/jre/lib/amd64:/usr/lib/jvm/java-1.8-openjdk/jre/../lib/amd64:/workdir/hadoop-ozone/ozonefs/target/native/target/usr/local/lib:/workdir/hadoop-ozone/ozonefs/../../hadoop-common-project/hadoop-common/target/native/target/usr/local/lib:/usr/java/packages/lib/amd64:/usr/lib64:/lib64:/lib:/usr/lib"/>
    <property name="java.vm.info" value="mixed mode"/>
    <property name="java.vendor" value="IcedTea"/>
    <property name="java.vm.version" value="25.212-b04"/>
    <property name="java.ext.dirs" value="/usr/lib/jvm/java-1.8-openjdk/jre/lib/ext:/usr/java/packages/lib/ext"/>
    <property name="sun.io.unicode.encoding" value="UnicodeLittle"/>
    <property name="java.class.version" value="52.0"/>
  </properties>
  <testcase name="testWithQualifiedDefaultFS" classname="org.apache.hadoop.fs.ozone.TestOzoneFsHAURLs" time="35.937">
    <error type="java.lang.ExceptionInInitializerError"><![CDATA[java.lang.ExceptionInInitializerError
	at org.apache.commons.io.FileUtils.isSymlink(FileUtils.java:3089)
	at org.apache.commons.io.FileUtils.deleteDirectory(FileUtils.java:1574)
	at org.apache.hadoop.ozone.MiniOzoneClusterImpl.shutdown(MiniOzoneClusterImpl.java:320)
	at org.apache.hadoop.fs.ozone.TestOzoneFsHAURLs.shutdown(TestOzoneFsHAURLs.java:150)
	at sun.reflect.NativeMethodAccessorImpl.invoke0(Native Method)
	at sun.reflect.NativeMethodAccessorImpl.invoke(NativeMethodAccessorImpl.java:62)
	at sun.reflect.DelegatingMethodAccessorImpl.invoke(DelegatingMethodAccessorImpl.java:43)
	at java.lang.reflect.Method.invoke(Method.java:498)
	at org.junit.runners.model.FrameworkMethod$1.runReflectiveCall(FrameworkMethod.java:47)
	at org.junit.internal.runners.model.ReflectiveCallable.run(ReflectiveCallable.java:12)
	at org.junit.runners.model.FrameworkMethod.invokeExplosively(FrameworkMethod.java:44)
	at org.junit.internal.runners.statements.RunAfters.evaluate(RunAfters.java:33)
	at org.junit.runners.ParentRunner.runLeaf(ParentRunner.java:271)
	at org.junit.runners.BlockJUnit4ClassRunner.runChild(BlockJUnit4ClassRunner.java:70)
	at org.junit.runners.BlockJUnit4ClassRunner.runChild(BlockJUnit4ClassRunner.java:50)
	at org.junit.runners.ParentRunner$3.run(ParentRunner.java:238)
	at org.junit.runners.ParentRunner$1.schedule(ParentRunner.java:63)
	at org.junit.runners.ParentRunner.runChildren(ParentRunner.java:236)
	at org.junit.runners.ParentRunner.access$000(ParentRunner.java:53)
	at org.junit.runners.ParentRunner$2.evaluate(ParentRunner.java:229)
	at org.junit.runners.ParentRunner.run(ParentRunner.java:309)
	at org.apache.maven.surefire.junit4.JUnit4Provider.execute(JUnit4Provider.java:365)
	at org.apache.maven.surefire.junit4.JUnit4Provider.executeWithRerun(JUnit4Provider.java:273)
	at org.apache.maven.surefire.junit4.JUnit4Provider.executeTestSet(JUnit4Provider.java:238)
	at org.apache.maven.surefire.junit4.JUnit4Provider.invoke(JUnit4Provider.java:159)
	at org.apache.maven.surefire.booter.ForkedBooter.invokeProviderInSameClassLoader(ForkedBooter.java:384)
	at org.apache.maven.surefire.booter.ForkedBooter.runSuitesInProcess(ForkedBooter.java:345)
	at org.apache.maven.surefire.booter.ForkedBooter.execute(ForkedBooter.java:126)
	at org.apache.maven.surefire.booter.ForkedBooter.main(ForkedBooter.java:418)
Caused by: java.lang.NullPointerException
	at org.apache.commons.io.Java7Support.<clinit>(Java7Support.java:59)
	... 29 more
]]></error>
    <system-out><![CDATA[2019-10-14 10:16:18,189 [main] WARN  server.ServerUtils (ServerUtils.java:getDBPath(222)) - ozone.om.db.dirs is not configured. We recommend adding this setting. Falling back to ozone.metadata.dirs instead.
2019-10-14 10:16:18,271 [main] WARN  server.ServerUtils (ServerUtils.java:getScmDbDir(145)) - ozone.scm.db.dirs is not configured. We recommend adding this setting. Falling back to ozone.metadata.dirs instead.
2019-10-14 10:16:18,351 [main] WARN  server.ServerUtils (ServerUtils.java:getScmDbDir(145)) - ozone.scm.db.dirs is not configured. We recommend adding this setting. Falling back to ozone.metadata.dirs instead.
2019-10-14 10:16:18,354 [main] WARN  server.ServerUtils (ServerUtils.java:getScmDbDir(145)) - ozone.scm.db.dirs is not configured. We recommend adding this setting. Falling back to ozone.metadata.dirs instead.
2019-10-14 10:16:18,373 [main] INFO  util.log (Log.java:initialized(192)) - Logging initialized @1049ms
2019-10-14 10:16:18,481 [main] INFO  db.DBStoreBuilder (DBStoreBuilder.java:addTable(110)) - using custom profile for table: deletedBlocks
2019-10-14 10:16:18,482 [main] INFO  db.DBStoreBuilder (DBStoreBuilder.java:processTables(161)) - Using default column profile:DBProfile.DISK for Table:deletedBlocks
2019-10-14 10:16:18,482 [main] INFO  db.DBStoreBuilder (DBStoreBuilder.java:addTable(110)) - using custom profile for table: validCerts
2019-10-14 10:16:18,482 [main] INFO  db.DBStoreBuilder (DBStoreBuilder.java:processTables(161)) - Using default column profile:DBProfile.DISK for Table:validCerts
2019-10-14 10:16:18,483 [main] INFO  db.DBStoreBuilder (DBStoreBuilder.java:addTable(110)) - using custom profile for table: revokedCerts
2019-10-14 10:16:18,483 [main] INFO  db.DBStoreBuilder (DBStoreBuilder.java:processTables(161)) - Using default column profile:DBProfile.DISK for Table:revokedCerts
2019-10-14 10:16:18,496 [main] INFO  db.DBStoreBuilder (DBStoreBuilder.java:addTable(110)) - using custom profile for table: default
2019-10-14 10:16:18,496 [main] INFO  db.DBStoreBuilder (DBStoreBuilder.java:processTables(167)) - Using default column profile:DBProfile.DISK for Table:default
2019-10-14 10:16:18,498 [main] INFO  db.DBStoreBuilder (DBStoreBuilder.java:getDbProfile(198)) - Using default options. DBProfile.DISK
2019-10-14 10:16:18,887 [main] INFO  net.NodeSchemaLoader (NodeSchemaLoader.java:loadSchemaFromFile(125)) - Loading file from sun.misc.CompoundEnumeration@3b69e7d1
2019-10-14 10:16:18,889 [main] INFO  net.NodeSchemaLoader (NodeSchemaLoader.java:loadSchema(171)) - Loading network topology layer schema file
2019-10-14 10:16:18,971 [main] WARN  server.ServerUtils (ServerUtils.java:sanitizeUserArgs(70)) - ozone.scm.stale.node.interval value = 300000 is larger than max = 100000 based on the key value of ozone.scm.heartbeat.thread.interval, reset to the max value 100000.
2019-10-14 10:16:18,972 [main] WARN  server.ServerUtils (ServerUtils.java:sanitizeUserArgs(70)) - ozone.scm.stale.node.interval value = 300000 is larger than max = 100000 based on the key value of ozone.scm.heartbeat.thread.interval, reset to the max value 100000.
2019-10-14 10:16:18,975 [main] INFO  node.SCMNodeManager (SCMNodeManager.java:<init>(114)) - Entering startup safe mode.
2019-10-14 10:16:19,118 [main] INFO  algorithms.ContainerPlacementPolicyFactory (ContainerPlacementPolicyFactory.java:getPolicy(59)) - Create container placement policy of type org.apache.hadoop.hdds.scm.container.placement.algorithms.SCMContainerPlacementRandom
2019-10-14 10:16:19,136 [main] WARN  server.ServerUtils (ServerUtils.java:getScmDbDir(145)) - ozone.scm.db.dirs is not configured. We recommend adding this setting. Falling back to ozone.metadata.dirs instead.
2019-10-14 10:16:19,257 [main] INFO  pipeline.SCMPipelineManager (SCMPipelineManager.java:initializePipelineState(137)) - No pipeline exists in current db
2019-10-14 10:16:19,260 [main] WARN  server.ServerUtils (ServerUtils.java:getScmDbDir(145)) - ozone.scm.db.dirs is not configured. We recommend adding this setting. Falling back to ozone.metadata.dirs instead.
2019-10-14 10:16:19,427 [main] WARN  events.EventQueue (EventQueue.java:fireEvent(183)) - No event handler registered for event TypedEvent{payloadType=SafeModeStatus, name='SafeModeStatus'}
2019-10-14 10:16:19,878 [main] INFO  ipc.CallQueueManager (CallQueueManager.java:<init>(84)) - Using callQueue: class java.util.concurrent.LinkedBlockingQueue, queueCapacity: 2000, scheduler: class org.apache.hadoop.ipc.DefaultRpcScheduler, ipcBackoff: false.
2019-10-14 10:16:20,026 [Socket Reader #1 for port 41718] INFO  ipc.Server (Server.java:run(1074)) - Starting Socket Reader #1 for port 41718
2019-10-14 10:16:20,053 [main] INFO  ipc.CallQueueManager (CallQueueManager.java:<init>(84)) - Using callQueue: class java.util.concurrent.LinkedBlockingQueue, queueCapacity: 2000, scheduler: class org.apache.hadoop.ipc.DefaultRpcScheduler, ipcBackoff: false.
2019-10-14 10:16:20,054 [Socket Reader #1 for port 34239] INFO  ipc.Server (Server.java:run(1074)) - Starting Socket Reader #1 for port 34239
2019-10-14 10:16:20,063 [main] INFO  ipc.CallQueueManager (CallQueueManager.java:<init>(84)) - Using callQueue: class java.util.concurrent.LinkedBlockingQueue, queueCapacity: 2000, scheduler: class org.apache.hadoop.ipc.DefaultRpcScheduler, ipcBackoff: false.
2019-10-14 10:16:20,063 [Socket Reader #1 for port 39242] INFO  ipc.Server (Server.java:run(1074)) - Starting Socket Reader #1 for port 39242
2019-10-14 10:16:20,084 [main] INFO  hdfs.DFSUtil (DFSUtil.java:httpServerTemplateForNNAndJN(1641)) - Starting Web-server for scm at: http://0.0.0.0:0
2019-10-14 10:16:20,186 [main] INFO  server.AuthenticationFilter (AuthenticationFilter.java:constructSecretProvider(240)) - Unable to initialize FileSignerSecretProvider, falling back to use random secrets.
2019-10-14 10:16:20,197 [main] WARN  http.HttpRequestLog (HttpRequestLog.java:getRequestLog(97)) - Jetty request log can only be enabled using Log4j
2019-10-14 10:16:20,205 [main] INFO  http.HttpServer2 (HttpServer2.java:addGlobalFilter(975)) - Added global filter 'safety' (class=org.apache.hadoop.http.HttpServer2$QuotingInputFilter)
2019-10-14 10:16:20,206 [main] INFO  http.HttpServer2 (HttpServer2.java:addFilter(948)) - Added filter static_user_filter (class=org.apache.hadoop.http.lib.StaticUserWebFilter$StaticUserFilter) to context scm
2019-10-14 10:16:20,207 [main] INFO  http.HttpServer2 (HttpServer2.java:addFilter(958)) - Added filter static_user_filter (class=org.apache.hadoop.http.lib.StaticUserWebFilter$StaticUserFilter) to context static
2019-10-14 10:16:20,207 [main] INFO  http.HttpServer2 (HttpServer2.java:addFilter(958)) - Added filter static_user_filter (class=org.apache.hadoop.http.lib.StaticUserWebFilter$StaticUserFilter) to context logs
2019-10-14 10:16:20,227 [main] INFO  server.StorageContainerManager (StorageContainerManager.java:start(770)) - StorageContainerLocationProtocol RPC server is listening at /0.0.0.0:39242
2019-10-14 10:16:20,264 [main] WARN  impl.MetricsConfig (MetricsConfig.java:loadFirst(134)) - Cannot locate configuration: tried hadoop-metrics2-storagecontainermanager.properties,hadoop-metrics2.properties
2019-10-14 10:16:20,274 [main] INFO  impl.MetricsSystemImpl (MetricsSystemImpl.java:startTimer(374)) - Scheduled Metric snapshot period at 10 second(s).
2019-10-14 10:16:20,275 [main] INFO  impl.MetricsSystemImpl (MetricsSystemImpl.java:start(191)) - StorageContainerManager metrics system started
2019-10-14 10:16:20,522 [main] INFO  server.SCMClientProtocolServer (SCMClientProtocolServer.java:start(151)) - RPC server for Client  is listening at /0.0.0.0:39242
2019-10-14 10:16:20,523 [IPC Server Responder] INFO  ipc.Server (Server.java:run(1314)) - IPC Server Responder: starting
2019-10-14 10:16:20,523 [IPC Server listener on 39242] INFO  ipc.Server (Server.java:run(1153)) - IPC Server listener on 39242: starting
2019-10-14 10:16:20,526 [main] INFO  server.StorageContainerManager (StorageContainerManager.java:start(780)) - ScmBlockLocationProtocol RPC server is listening at /0.0.0.0:34239
2019-10-14 10:16:20,527 [main] INFO  server.SCMBlockProtocolServer (SCMBlockProtocolServer.java:start(146)) - RPC server for Block Protocol is listening at /0.0.0.0:34239
2019-10-14 10:16:20,528 [IPC Server Responder] INFO  ipc.Server (Server.java:run(1314)) - IPC Server Responder: starting
2019-10-14 10:16:20,528 [IPC Server listener on 34239] INFO  ipc.Server (Server.java:run(1153)) - IPC Server listener on 34239: starting
2019-10-14 10:16:20,530 [main] INFO  server.StorageContainerManager (StorageContainerManager.java:start(784)) - ScmDatanodeProtocl RPC server is listening at /0.0.0.0:41718
2019-10-14 10:16:20,531 [main] INFO  server.SCMDatanodeProtocolServer (SCMDatanodeProtocolServer.java:start(191)) - RPC server for DataNodes is listening at /0.0.0.0:41718
2019-10-14 10:16:20,531 [IPC Server Responder] INFO  ipc.Server (Server.java:run(1314)) - IPC Server Responder: starting
2019-10-14 10:16:20,531 [IPC Server listener on 41718] INFO  ipc.Server (Server.java:run(1153)) - IPC Server listener on 41718: starting
2019-10-14 10:16:20,536 [main] INFO  http.HttpServer2 (HttpServer2.java:bindListener(1191)) - Jetty bound to port 45856
2019-10-14 10:16:20,539 [main] INFO  server.Server (Server.java:doStart(351)) - jetty-9.3.25.v20180904, build timestamp: 2018-09-04T21:11:46Z, git hash: 3ce520221d0240229c862b122d2b06c12a625732
2019-10-14 10:16:20,585 [main] INFO  handler.ContextHandler (ContextHandler.java:doStart(781)) - Started o.e.j.s.ServletContextHandler@48a12036{/logs,file:///workdir/hadoop-ozone/ozonefs/target/log,AVAILABLE}
2019-10-14 10:16:20,586 [main] INFO  handler.ContextHandler (ContextHandler.java:doStart(781)) - Started o.e.j.s.ServletContextHandler@4a11eb84{/static,jar:file:/home/user/.m2/repository/org/apache/hadoop/hadoop-hdds-server-scm/0.5.0-SNAPSHOT/hadoop-hdds-server-scm-0.5.0-SNAPSHOT.jar!/webapps/static,AVAILABLE}
2019-10-14 10:16:20,662 [main] INFO  handler.ContextHandler (ContextHandler.java:doStart(781)) - Started o.e.j.w.WebAppContext@24be2d9c{/,file:///tmp/jetty-0.0.0.0-45856-scm-_-any-3791063228410245024.dir/webapp/,AVAILABLE}{/scm}
2019-10-14 10:16:20,667 [main] INFO  server.AbstractConnector (AbstractConnector.java:doStart(278)) - Started ServerConnector@2449cff7{HTTP/1.1,[http/1.1]}{0.0.0.0:45856}
2019-10-14 10:16:20,667 [main] INFO  server.Server (Server.java:doStart(419)) - Started @3343ms
2019-10-14 10:16:20,669 [main] INFO  impl.MetricsSinkAdapter (MetricsSinkAdapter.java:start(204)) - Sink prometheus started
2019-10-14 10:16:20,669 [main] INFO  impl.MetricsSystemImpl (MetricsSystemImpl.java:registerSink(301)) - Registered sink prometheus
2019-10-14 10:16:20,671 [main] INFO  server.BaseHttpServer (BaseHttpServer.java:updateConnectorAddress(215)) - HTTP server of SCM is listening at http://0.0.0.0:45856
2019-10-14 10:16:20,680 [org.apache.hadoop.util.JvmPauseMonitor$Monitor@499b2a5c] INFO  util.JvmPauseMonitor (JvmPauseMonitor.java:run(188)) - Starting JVM pause monitor
2019-10-14 10:16:20,684 [main] WARN  server.ServerUtils (ServerUtils.java:getDBPath(222)) - ozone.om.db.dirs is not configured. We recommend adding this setting. Falling back to ozone.metadata.dirs instead.
2019-10-14 10:16:20,807 [main] WARN  server.ServerUtils (ServerUtils.java:getDBPath(222)) - ozone.om.db.dirs is not configured. We recommend adding this setting. Falling back to ozone.metadata.dirs instead.
2019-10-14 10:16:20,808 [main] WARN  server.ServerUtils (ServerUtils.java:getDBPath(222)) - ozone.om.db.dirs is not configured. We recommend adding this setting. Falling back to ozone.metadata.dirs instead.
2019-10-14 10:16:20,812 [main] INFO  om.OzoneManager (OzoneManager.java:setOMNodeSpecificConfigs(698)) - Setting configuration key ozone.om.http-address with value of key ozone.om.http-address.omNode-1: 127.0.0.1:13842
2019-10-14 10:16:20,812 [main] INFO  om.OzoneManager (OzoneManager.java:setOMNodeSpecificConfigs(698)) - Setting configuration key ozone.om.https-address with value of key ozone.om.https-address.omNode-1: 127.0.0.1:13843
2019-10-14 10:16:20,812 [main] INFO  om.OzoneManager (OzoneManager.java:loadOMHAConfigs(609)) - Found matching OM address with OMServiceId: om-service-test1, OMNodeId: omNode-1, RPC Address: localhost:13840 and Ratis port: 13844
2019-10-14 10:16:21,564 [main] WARN  server.ServerUtils (ServerUtils.java:getDBPath(222)) - ozone.om.db.dirs is not configured. We recommend adding this setting. Falling back to ozone.metadata.dirs instead.
2019-10-14 10:16:21,574 [main] INFO  db.DBStoreBuilder (DBStoreBuilder.java:addTable(110)) - using custom profile for table: userTable
2019-10-14 10:16:21,574 [main] INFO  db.DBStoreBuilder (DBStoreBuilder.java:processTables(161)) - Using default column profile:DBProfile.DISK for Table:userTable
2019-10-14 10:16:21,574 [main] INFO  db.DBStoreBuilder (DBStoreBuilder.java:addTable(110)) - using custom profile for table: volumeTable
2019-10-14 10:16:21,575 [main] INFO  db.DBStoreBuilder (DBStoreBuilder.java:processTables(161)) - Using default column profile:DBProfile.DISK for Table:volumeTable
2019-10-14 10:16:21,575 [main] INFO  db.DBStoreBuilder (DBStoreBuilder.java:addTable(110)) - using custom profile for table: bucketTable
2019-10-14 10:16:21,575 [main] INFO  db.DBStoreBuilder (DBStoreBuilder.java:processTables(161)) - Using default column profile:DBProfile.DISK for Table:bucketTable
2019-10-14 10:16:21,575 [main] INFO  db.DBStoreBuilder (DBStoreBuilder.java:addTable(110)) - using custom profile for table: keyTable
2019-10-14 10:16:21,576 [main] INFO  db.DBStoreBuilder (DBStoreBuilder.java:processTables(161)) - Using default column profile:DBProfile.DISK for Table:keyTable
2019-10-14 10:16:21,576 [main] INFO  db.DBStoreBuilder (DBStoreBuilder.java:addTable(110)) - using custom profile for table: deletedTable
2019-10-14 10:16:21,576 [main] INFO  db.DBStoreBuilder (DBStoreBuilder.java:processTables(161)) - Using default column profile:DBProfile.DISK for Table:deletedTable
2019-10-14 10:16:21,576 [main] INFO  db.DBStoreBuilder (DBStoreBuilder.java:addTable(110)) - using custom profile for table: openKeyTable
2019-10-14 10:16:21,577 [main] INFO  db.DBStoreBuilder (DBStoreBuilder.java:processTables(161)) - Using default column profile:DBProfile.DISK for Table:openKeyTable
2019-10-14 10:16:21,577 [main] INFO  db.DBStoreBuilder (DBStoreBuilder.java:addTable(110)) - using custom profile for table: s3Table
2019-10-14 10:16:21,577 [main] INFO  db.DBStoreBuilder (DBStoreBuilder.java:processTables(161)) - Using default column profile:DBProfile.DISK for Table:s3Table
2019-10-14 10:16:21,577 [main] INFO  db.DBStoreBuilder (DBStoreBuilder.java:addTable(110)) - using custom profile for table: multipartInfoTable
2019-10-14 10:16:21,577 [main] INFO  db.DBStoreBuilder (DBStoreBuilder.java:processTables(161)) - Using default column profile:DBProfile.DISK for Table:multipartInfoTable
2019-10-14 10:16:21,578 [main] INFO  db.DBStoreBuilder (DBStoreBuilder.java:addTable(110)) - using custom profile for table: dTokenTable
2019-10-14 10:16:21,578 [main] INFO  db.DBStoreBuilder (DBStoreBuilder.java:processTables(161)) - Using default column profile:DBProfile.DISK for Table:dTokenTable
2019-10-14 10:16:21,578 [main] INFO  db.DBStoreBuilder (DBStoreBuilder.java:addTable(110)) - using custom profile for table: s3SecretTable
2019-10-14 10:16:21,578 [main] INFO  db.DBStoreBuilder (DBStoreBuilder.java:processTables(161)) - Using default column profile:DBProfile.DISK for Table:s3SecretTable
2019-10-14 10:16:21,579 [main] INFO  db.DBStoreBuilder (DBStoreBuilder.java:addTable(110)) - using custom profile for table: prefixTable
2019-10-14 10:16:21,579 [main] INFO  db.DBStoreBuilder (DBStoreBuilder.java:processTables(161)) - Using default column profile:DBProfile.DISK for Table:prefixTable
2019-10-14 10:16:21,579 [main] INFO  db.DBStoreBuilder (DBStoreBuilder.java:addTable(110)) - using custom profile for table: default
2019-10-14 10:16:21,579 [main] INFO  db.DBStoreBuilder (DBStoreBuilder.java:processTables(167)) - Using default column profile:DBProfile.DISK for Table:default
2019-10-14 10:16:21,580 [main] INFO  db.DBStoreBuilder (DBStoreBuilder.java:getDbProfile(198)) - Using default options. DBProfile.DISK
2019-10-14 10:16:22,376 [KeyDeletingService#0] WARN  utils.BackgroundService (BackgroundService.java:lambda$run$0(135)) - Background task fails to execute, retrying in next interval
java.util.concurrent.ExecutionException: java.lang.NullPointerException
	at java.util.concurrent.FutureTask.report(FutureTask.java:122)
	at java.util.concurrent.FutureTask.get(FutureTask.java:206)
	at org.apache.hadoop.hdds.utils.BackgroundService$PeriodicalTask.lambda$run$0(BackgroundService.java:129)
	at java.util.stream.ForEachOps$ForEachOp$OfRef.accept(ForEachOps.java:184)
	at java.util.ArrayList$ArrayListSpliterator.forEachRemaining(ArrayList.java:1382)
	at java.util.stream.AbstractPipeline.copyInto(AbstractPipeline.java:482)
	at java.util.stream.ForEachOps$ForEachTask.compute(ForEachOps.java:291)
	at java.util.concurrent.CountedCompleter.exec(CountedCompleter.java:731)
	at java.util.concurrent.ForkJoinTask.doExec(ForkJoinTask.java:289)
	at java.util.concurrent.ForkJoinTask.doInvoke(ForkJoinTask.java:401)
	at java.util.concurrent.ForkJoinTask.invoke(ForkJoinTask.java:734)
	at java.util.stream.ForEachOps$ForEachOp.evaluateParallel(ForEachOps.java:160)
	at java.util.stream.ForEachOps$ForEachOp$OfRef.evaluateParallel(ForEachOps.java:174)
	at java.util.stream.AbstractPipeline.evaluate(AbstractPipeline.java:233)
	at java.util.stream.ReferencePipeline.forEach(ReferencePipeline.java:418)
	at java.util.stream.ReferencePipeline$Head.forEach(ReferencePipeline.java:583)
	at org.apache.hadoop.hdds.utils.BackgroundService$PeriodicalTask.run(BackgroundService.java:125)
	at java.util.concurrent.Executors$RunnableAdapter.call(Executors.java:511)
	at java.util.concurrent.FutureTask.runAndReset(FutureTask.java:308)
	at java.util.concurrent.ScheduledThreadPoolExecutor$ScheduledFutureTask.access$301(ScheduledThreadPoolExecutor.java:180)
	at java.util.concurrent.ScheduledThreadPoolExecutor$ScheduledFutureTask.run(ScheduledThreadPoolExecutor.java:294)
	at java.util.concurrent.ThreadPoolExecutor.runWorker(ThreadPoolExecutor.java:1149)
	at java.util.concurrent.ThreadPoolExecutor$Worker.run(ThreadPoolExecutor.java:624)
	at java.lang.Thread.run(Thread.java:748)
Caused by: java.lang.NullPointerException
	at org.apache.hadoop.ozone.om.OzoneManager.isLeader(OzoneManager.java:3430)
	at org.apache.hadoop.ozone.om.KeyDeletingService.shouldRun(KeyDeletingService.java:120)
	at org.apache.hadoop.ozone.om.KeyDeletingService.access$100(KeyDeletingService.java:58)
	at org.apache.hadoop.ozone.om.KeyDeletingService$KeyDeletingTask.call(KeyDeletingService.java:149)
	at org.apache.hadoop.ozone.om.KeyDeletingService$KeyDeletingTask.call(KeyDeletingService.java:137)
	at java.util.concurrent.FutureTask.run(FutureTask.java:266)
	at java.util.concurrent.Executors$RunnableAdapter.call(Executors.java:511)
	at java.util.concurrent.FutureTask.run(FutureTask.java:266)
	at java.util.concurrent.Executors$RunnableAdapter.call(Executors.java:511)
	at java.util.concurrent.FutureTask.run(FutureTask.java:266)
	at java.util.concurrent.ScheduledThreadPoolExecutor$ScheduledFutureTask.access$201(ScheduledThreadPoolExecutor.java:180)
	at java.util.concurrent.ScheduledThreadPoolExecutor$ScheduledFutureTask.run(ScheduledThreadPoolExecutor.java:293)
	... 3 more
2019-10-14 10:16:22,414 [main] WARN  scm.HddsServerUtil (HddsServerUtil.java:getDefaultRatisDirectory(354)) - Storage directory for Ratis is not configured. It is a good idea to map this to an SSD disk. Falling back to ozone.metadata.dirs
2019-10-14 10:16:22,621 [main] INFO  ratis.OzoneManagerRatisServer (OzoneManagerRatisServer.java:<init>(241)) - Instantiating OM Ratis server with GroupID: om-service-test1 and Raft Peers: localhost:13844, localhost:13850, localhost:13856
2019-10-14 10:16:22,666 [main] INFO  impl.RaftServerProxy (ConfUtils.java:logGet(43)) - raft.rpc.type = GRPC (default)
2019-10-14 10:16:22,749 [main] INFO  grpc.GrpcFactory (GrpcFactory.java:checkPooledByteBufAllocatorUseCacheForAllThreads(45)) - PERFORMANCE WARNING: useCacheForAllThreads is true that may cause Netty to create a lot garbage objects and, as a result, trigger GC.
	It is recommended to disable useCacheForAllThreads by setting -Dorg.apache.ratis.thirdparty.io.netty.allocator.useCacheForAllThreads=false in command line.
2019-10-14 10:16:22,755 [main] INFO  grpc.GrpcConfigKeys$Server (ConfUtils.java:logGet(43)) - raft.grpc.server.port = 13844 (custom)
2019-10-14 10:16:22,756 [main] INFO  server.GrpcService (ConfUtils.java:logGet(43)) - raft.grpc.message.size.max = 33554432 (custom)
2019-10-14 10:16:22,758 [main] INFO  server.RaftServerConfigKeys (ConfUtils.java:logGet(43)) - raft.server.log.appender.buffer.byte-limit = 33554432 (custom)
2019-10-14 10:16:22,759 [main] INFO  server.GrpcService (ConfUtils.java:logGet(43)) - raft.grpc.flow.control.window = 1MB (=1048576) (default)
2019-10-14 10:16:22,759 [main] INFO  server.RaftServerConfigKeys (ConfUtils.java:logGet(43)) - raft.server.rpc.request.timeout = 3000ms (default)
2019-10-14 10:16:22,965 [main] INFO  server.RaftServerConfigKeys (ConfUtils.java:logGet(43)) - raft.server.storage.dir = [/workdir/hadoop-ozone/ozonefs/target/test-dir/MiniOzoneClusterImpl-85c09e26-9b56-4407-9c77-57370d286ecc/omNode-1/ratis] (custom)
2019-10-14 10:16:22,971 [main] INFO  impl.RaftServerProxy (RaftServerProxy.java:addNew(89)) - omNode-1: addNew group-523986131536:[omNode-3:localhost:13856, omNode-1:localhost:13844, omNode-2:localhost:13850] returns group-523986131536:java.util.concurrent.CompletableFuture@43da41e[Not completed]
2019-10-14 10:16:22,973 [main] INFO  om.OzoneManager (OzoneManager.java:initializeRatisServer(1389)) - OzoneManager Ratis server initialized at port 13844
2019-10-14 10:16:22,976 [main] WARN  scm.HddsServerUtil (HddsServerUtil.java:getDefaultRatisDirectory(354)) - Storage directory for Ratis is not configured. It is a good idea to map this to an SSD disk. Falling back to ozone.metadata.dirs
2019-10-14 10:16:22,977 [main] WARN  scm.HddsServerUtil (HddsServerUtil.java:getDefaultRatisDirectory(354)) - Storage directory for Ratis is not configured. It is a good idea to map this to an SSD disk. Falling back to ozone.metadata.dirs
2019-10-14 10:16:22,981 [main] INFO  snapshot.OzoneManagerSnapshotProvider (OzoneManagerSnapshotProvider.java:<init>(81)) - Initializing OM Snapshot Provider
2019-10-14 10:16:22,996 [pool-22-thread-1] INFO  impl.RaftServerImpl (RaftServerImpl.java:<init>(95)) - omNode-1: new RaftServerImpl for group-523986131536:[omNode-3:localhost:13856, omNode-1:localhost:13844, omNode-2:localhost:13850] with OzoneManagerStateMachine:uninitialized
2019-10-14 10:16:23,000 [pool-22-thread-1] INFO  server.RaftServerConfigKeys (ConfUtils.java:logGet(43)) - raft.server.rpc.timeout.min = 1s (custom)
2019-10-14 10:16:23,001 [main] INFO  ipc.CallQueueManager (CallQueueManager.java:<init>(84)) - Using callQueue: class java.util.concurrent.LinkedBlockingQueue, queueCapacity: 2000, scheduler: class org.apache.hadoop.ipc.DefaultRpcScheduler, ipcBackoff: false.
2019-10-14 10:16:23,001 [pool-22-thread-1] INFO  server.RaftServerConfigKeys (ConfUtils.java:logGet(43)) - raft.server.rpc.timeout.max = 1200ms (custom)
2019-10-14 10:16:23,001 [pool-22-thread-1] INFO  server.RaftServerConfigKeys (ConfUtils.java:logGet(43)) - raft.server.rpcslowness.timeout = 2s (custom)
2019-10-14 10:16:23,002 [Socket Reader #1 for port 13840] INFO  ipc.Server (Server.java:run(1074)) - Starting Socket Reader #1 for port 13840
2019-10-14 10:16:23,003 [pool-22-thread-1] INFO  server.RaftServerConfigKeys (ConfUtils.java:logGet(43)) - raft.server.sleep.deviation.threshold = 300 (default)
2019-10-14 10:16:23,004 [pool-22-thread-1] INFO  server.RaftServerConfigKeys (ConfUtils.java:logGet(43)) - raft.server.log.appender.install.snapshot.enabled = false (custom)
2019-10-14 10:16:23,017 [pool-22-thread-1] INFO  impl.RaftServerImpl (ServerState.java:<init>(103)) - omNode-1@group-523986131536: ConfigurationManager, init=-1: [omNode-3:localhost:13856, omNode-1:localhost:13844, omNode-2:localhost:13850], old=null, confs=<EMPTY_MAP>
2019-10-14 10:16:23,018 [pool-22-thread-1] INFO  server.RaftServerConfigKeys (ConfUtils.java:logGet(43)) - raft.server.storage.dir = [/workdir/hadoop-ozone/ozonefs/target/test-dir/MiniOzoneClusterImpl-85c09e26-9b56-4407-9c77-57370d286ecc/omNode-1/ratis] (custom)
2019-10-14 10:16:23,032 [pool-22-thread-1] INFO  storage.RaftStorageDirectory (RaftStorageDirectory.java:analyzeStorage(246)) - The storage directory /workdir/hadoop-ozone/ozonefs/target/test-dir/MiniOzoneClusterImpl-85c09e26-9b56-4407-9c77-57370d286ecc/omNode-1/ratis/c9bc4cf4-3bc3-3c60-a66b-523986131536 does not exist. Creating ...
2019-10-14 10:16:23,034 [main] INFO  om.OzoneManager (OzoneManager.java:start(1243)) - OzoneManager RPC server is listening at localhost/127.0.0.1:13840
2019-10-14 10:16:23,034 [main] INFO  impl.MetricsSystemImpl (MetricsSystemImpl.java:init(158)) - OzoneManager metrics system started (again)
2019-10-14 10:16:23,034 [main] INFO  ratis.OzoneManagerRatisServer (OzoneManagerRatisServer.java:start(331)) - Starting OzoneManagerRatisServer omNode-1 at port 13844
2019-10-14 10:16:23,062 [pool-22-thread-1] INFO  storage.RaftStorageDirectory (RaftStorageDirectory.java:tryLock(328)) - Lock on /workdir/hadoop-ozone/ozonefs/target/test-dir/MiniOzoneClusterImpl-85c09e26-9b56-4407-9c77-57370d286ecc/omNode-1/ratis/c9bc4cf4-3bc3-3c60-a66b-523986131536/in_use.lock acquired by nodename 4738@pr-hdds-1569-vp9xg-4248047660
2019-10-14 10:16:23,088 [pool-22-thread-1] INFO  storage.RaftStorage (RaftStorage.java:format(72)) - Storage directory /workdir/hadoop-ozone/ozonefs/target/test-dir/MiniOzoneClusterImpl-85c09e26-9b56-4407-9c77-57370d286ecc/omNode-1/ratis/c9bc4cf4-3bc3-3c60-a66b-523986131536 has been successfully formatted.
2019-10-14 10:16:23,095 [pool-22-thread-1] INFO  server.RaftServerConfigKeys (ConfUtils.java:logGet(43)) - raft.server.notification.no-leader.timeout = 2s (custom)
2019-10-14 10:16:23,100 [pool-22-thread-1] INFO  server.RaftServerConfigKeys (ConfUtils.java:logGet(43)) - raft.server.log.use.memory = false (default)
2019-10-14 10:16:23,112 [pool-22-thread-1] INFO  server.RaftServerConfigKeys (ConfUtils.java:logGet(43)) - raft.server.log.purge.gap = 1000000 (custom)
2019-10-14 10:16:23,112 [pool-22-thread-1] INFO  server.RaftServerConfigKeys (ConfUtils.java:logGet(43)) - raft.server.log.appender.buffer.byte-limit = 33554432 (custom)
2019-10-14 10:16:23,117 [pool-22-thread-1] INFO  server.RaftServerConfigKeys (ConfUtils.java:logGet(43)) - raft.server.log.segment.size.max = 16384 (custom)
2019-10-14 10:16:23,125 [pool-22-thread-1] INFO  server.RaftServerConfigKeys (ConfUtils.java:logGet(43)) - raft.server.log.segment.cache.num.max = 2 (custom)
2019-10-14 10:16:23,135 [pool-22-thread-1] INFO  segmented.SegmentedRaftLogWorker (SegmentedRaftLogWorker.java:<init>(172)) - new omNode-1@group-523986131536-SegmentedRaftLogWorker for RaftStorage:Storage Directory /workdir/hadoop-ozone/ozonefs/target/test-dir/MiniOzoneClusterImpl-85c09e26-9b56-4407-9c77-57370d286ecc/omNode-1/ratis/c9bc4cf4-3bc3-3c60-a66b-523986131536
2019-10-14 10:16:23,137 [pool-22-thread-1] INFO  impl.MetricsSystemImpl (MetricsSystemImpl.java:init(158)) - ratis metrics system started (again)
2019-10-14 10:16:23,146 [pool-22-thread-1] INFO  metrics.MetricRegistries (MetricRegistriesLoader.java:load(64)) - Loaded MetricRegistries class org.apache.ratis.metrics.impl.MetricRegistriesImpl
2019-10-14 10:16:23,194 [pool-22-thread-1] INFO  server.RaftServerConfigKeys (ConfUtils.java:logGet(43)) - raft.server.log.queue.byte-limit = 64MB (=67108864) (default)
2019-10-14 10:16:23,195 [pool-22-thread-1] INFO  server.RaftServerConfigKeys (ConfUtils.java:logGet(43)) - raft.server.log.queue.element-limit = 4096 (default)
2019-10-14 10:16:23,199 [pool-22-thread-1] INFO  server.RaftServerConfigKeys (ConfUtils.java:logGet(43)) - raft.server.log.segment.size.max = 16384 (custom)
2019-10-14 10:16:23,199 [pool-22-thread-1] INFO  server.RaftServerConfigKeys (ConfUtils.java:logGet(43)) - raft.server.log.preallocated.size = 16384 (custom)
2019-10-14 10:16:23,200 [pool-22-thread-1] INFO  server.RaftServerConfigKeys (ConfUtils.java:logGet(43)) - raft.server.log.write.buffer.size = 64KB (=65536) (default)
2019-10-14 10:16:23,201 [pool-22-thread-1] INFO  server.RaftServerConfigKeys (ConfUtils.java:logGet(43)) - raft.server.log.force.sync.num = 128 (default)
2019-10-14 10:16:23,202 [pool-22-thread-1] INFO  server.RaftServerConfigKeys (ConfUtils.java:logGet(43)) - raft.server.log.statemachine.data.sync = true (default)
2019-10-14 10:16:23,202 [pool-22-thread-1] INFO  server.RaftServerConfigKeys (ConfUtils.java:logGet(43)) - raft.server.log.statemachine.data.sync.timeout = 10s (default)
2019-10-14 10:16:23,203 [pool-22-thread-1] INFO  server.RaftServerConfigKeys (ConfUtils.java:logGet(43)) - raft.server.log.statemachine.data.sync.timeout.retry = -1 (default)
2019-10-14 10:16:23,214 [pool-22-thread-1] INFO  server.RaftServerConfigKeys (ConfUtils.java:logGet(43)) - raft.server.log.statemachine.data.caching.enabled = false (default)
2019-10-14 10:16:23,220 [pool-22-thread-1] INFO  segmented.SegmentedRaftLogWorker (SegmentedRaftLogWorker.java:lambda$new$0(132)) - omNode-1@group-523986131536-SegmentedRaftLogWorker: flushIndex: setUnconditionally 0 -> -1
2019-10-14 10:16:23,226 [pool-22-thread-1] INFO  server.RaftServerConfigKeys (ConfUtils.java:logGet(43)) - raft.server.snapshot.auto.trigger.enabled = true (custom)
2019-10-14 10:16:23,227 [pool-22-thread-1] INFO  server.RaftServerConfigKeys (ConfUtils.java:logGet(43)) - raft.server.snapshot.auto.trigger.threshold = 400000 (default)
2019-10-14 10:16:23,228 [pool-22-thread-1] INFO  server.RaftServerConfigKeys (ConfUtils.java:logGet(43)) - raft.server.snapshot.retention.num.files = -1 (default)
2019-10-14 10:16:23,229 [pool-22-thread-1] INFO  server.RaftServerConfigKeys (ConfUtils.java:logGet(43)) - raft.server.retrycache.expirytime = 600000ms (custom)
2019-10-14 10:16:23,259 [main] INFO  impl.RaftServerImpl (RaftServerImpl.java:start(185)) - omNode-1@group-523986131536: start as a follower, conf=-1: [omNode-3:localhost:13856, omNode-1:localhost:13844, omNode-2:localhost:13850], old=null
2019-10-14 10:16:23,263 [main] INFO  impl.RaftServerImpl (RaftServerImpl.java:setRole(174)) - omNode-1@group-523986131536: changes role from      null to FOLLOWER at term 0 for startAsFollower
2019-10-14 10:16:23,265 [main] INFO  impl.RoleInfo (RoleInfo.java:updateAndGet(143)) - omNode-1: start FollowerState
2019-10-14 10:16:23,269 [main] INFO  util.JmxRegister (JmxRegister.java:tryRegister(44)) - Successfully registered JMX Bean with object name Ratis:service=RaftServer,group=group-523986131536,id=omNode-1
2019-10-14 10:16:23,270 [main] INFO  impl.RaftServerProxy (RaftServerProxy.java:lambda$start$3(299)) - omNode-1: start RPC server
2019-10-14 10:16:23,421 [main] INFO  server.GrpcService (GrpcService.java:startImpl(158)) - omNode-1: GrpcService started, listening on 0.0.0.0/0.0.0.0:13844
2019-10-14 10:16:23,436 [IPC Server Responder] INFO  ipc.Server (Server.java:run(1314)) - IPC Server Responder: starting
2019-10-14 10:16:23,436 [IPC Server listener on 13840] INFO  ipc.Server (Server.java:run(1153)) - IPC Server listener on 13840: starting
2019-10-14 10:16:23,443 [main] INFO  hdfs.DFSUtil (DFSUtil.java:httpServerTemplateForNNAndJN(1641)) - Starting Web-server for ozoneManager at: http://0.0.0.0:13842
2019-10-14 10:16:23,448 [main] INFO  server.AuthenticationFilter (AuthenticationFilter.java:constructSecretProvider(240)) - Unable to initialize FileSignerSecretProvider, falling back to use random secrets.
2019-10-14 10:16:23,449 [main] WARN  http.HttpRequestLog (HttpRequestLog.java:getRequestLog(97)) - Jetty request log can only be enabled using Log4j
2019-10-14 10:16:23,453 [main] INFO  http.HttpServer2 (HttpServer2.java:addGlobalFilter(975)) - Added global filter 'safety' (class=org.apache.hadoop.http.HttpServer2$QuotingInputFilter)
2019-10-14 10:16:23,456 [main] INFO  http.HttpServer2 (HttpServer2.java:addFilter(948)) - Added filter static_user_filter (class=org.apache.hadoop.http.lib.StaticUserWebFilter$StaticUserFilter) to context ozoneManager
2019-10-14 10:16:23,456 [main] INFO  http.HttpServer2 (HttpServer2.java:addFilter(958)) - Added filter static_user_filter (class=org.apache.hadoop.http.lib.StaticUserWebFilter$StaticUserFilter) to context logs
2019-10-14 10:16:23,456 [main] INFO  http.HttpServer2 (HttpServer2.java:addFilter(958)) - Added filter static_user_filter (class=org.apache.hadoop.http.lib.StaticUserWebFilter$StaticUserFilter) to context static
2019-10-14 10:16:23,460 [main] INFO  http.HttpServer2 (HttpServer2.java:bindListener(1191)) - Jetty bound to port 13842
2019-10-14 10:16:23,460 [main] INFO  server.Server (Server.java:doStart(351)) - jetty-9.3.25.v20180904, build timestamp: 2018-09-04T21:11:46Z, git hash: 3ce520221d0240229c862b122d2b06c12a625732
2019-10-14 10:16:23,464 [main] INFO  handler.ContextHandler (ContextHandler.java:doStart(781)) - Started o.e.j.s.ServletContextHandler@6b52dd31{/logs,file:///workdir/hadoop-ozone/ozonefs/target/log,AVAILABLE}
2019-10-14 10:16:23,465 [main] INFO  handler.ContextHandler (ContextHandler.java:doStart(781)) - Started o.e.j.s.ServletContextHandler@e042c99{/static,jar:file:/home/user/.m2/repository/org/apache/hadoop/hadoop-ozone-ozone-manager/0.5.0-SNAPSHOT/hadoop-ozone-ozone-manager-0.5.0-SNAPSHOT.jar!/webapps/static,AVAILABLE}
2019-10-14 10:16:23,533 [main] INFO  handler.ContextHandler (ContextHandler.java:doStart(781)) - Started o.e.j.w.WebAppContext@10dc7d6{/,file:///tmp/jetty-0.0.0.0-13842-ozoneManager-_-any-2292890830043713768.dir/webapp/,AVAILABLE}{/ozoneManager}
2019-10-14 10:16:23,535 [main] INFO  server.AbstractConnector (AbstractConnector.java:doStart(278)) - Started ServerConnector@4f668f29{HTTP/1.1,[http/1.1]}{0.0.0.0:13842}
2019-10-14 10:16:23,536 [main] INFO  server.Server (Server.java:doStart(419)) - Started @6212ms
2019-10-14 10:16:23,536 [main] WARN  impl.MetricsSystemImpl (MetricsSystemImpl.java:register(276)) - Sink prometheus already exists!
2019-10-14 10:16:23,537 [main] INFO  server.BaseHttpServer (BaseHttpServer.java:updateConnectorAddress(215)) - HTTP server of OZONEMANAGER is listening at http://0.0.0.0:13842
2019-10-14 10:16:23,541 [main] INFO  ozone.MiniOzoneHAClusterImpl (MiniOzoneHAClusterImpl.java:createOMService(274)) - Started OzoneManager RPC server at localhost/127.0.0.1:13840
2019-10-14 10:16:23,543 [main] WARN  server.ServerUtils (ServerUtils.java:getDBPath(222)) - ozone.om.db.dirs is not configured. We recommend adding this setting. Falling back to ozone.metadata.dirs instead.
2019-10-14 10:16:23,569 [main] WARN  server.ServerUtils (ServerUtils.java:getDBPath(222)) - ozone.om.db.dirs is not configured. We recommend adding this setting. Falling back to ozone.metadata.dirs instead.
2019-10-14 10:16:23,570 [main] WARN  server.ServerUtils (ServerUtils.java:getDBPath(222)) - ozone.om.db.dirs is not configured. We recommend adding this setting. Falling back to ozone.metadata.dirs instead.
2019-10-14 10:16:23,572 [main] INFO  om.OzoneManager (OzoneManager.java:setOMNodeSpecificConfigs(698)) - Setting configuration key ozone.om.http-address with value of key ozone.om.http-address.omNode-2: 127.0.0.1:13848
2019-10-14 10:16:23,572 [main] INFO  om.OzoneManager (OzoneManager.java:setOMNodeSpecificConfigs(698)) - Setting configuration key ozone.om.https-address with value of key ozone.om.https-address.omNode-2: 127.0.0.1:13849
2019-10-14 10:16:23,572 [main] INFO  om.OzoneManager (OzoneManager.java:loadOMHAConfigs(609)) - Found matching OM address with OMServiceId: om-service-test1, OMNodeId: omNode-2, RPC Address: localhost:13846 and Ratis port: 13850
2019-10-14 10:16:23,581 [main] WARN  server.ServerUtils (ServerUtils.java:getDBPath(222)) - ozone.om.db.dirs is not configured. We recommend adding this setting. Falling back to ozone.metadata.dirs instead.
2019-10-14 10:16:23,582 [main] INFO  db.DBStoreBuilder (DBStoreBuilder.java:addTable(110)) - using custom profile for table: userTable
2019-10-14 10:16:23,583 [main] INFO  db.DBStoreBuilder (DBStoreBuilder.java:processTables(161)) - Using default column profile:DBProfile.DISK for Table:userTable
2019-10-14 10:16:23,583 [main] INFO  db.DBStoreBuilder (DBStoreBuilder.java:addTable(110)) - using custom profile for table: volumeTable
2019-10-14 10:16:23,583 [main] INFO  db.DBStoreBuilder (DBStoreBuilder.java:processTables(161)) - Using default column profile:DBProfile.DISK for Table:volumeTable
2019-10-14 10:16:23,584 [main] INFO  db.DBStoreBuilder (DBStoreBuilder.java:addTable(110)) - using custom profile for table: bucketTable
2019-10-14 10:16:23,584 [main] INFO  db.DBStoreBuilder (DBStoreBuilder.java:processTables(161)) - Using default column profile:DBProfile.DISK for Table:bucketTable
2019-10-14 10:16:23,585 [main] INFO  db.DBStoreBuilder (DBStoreBuilder.java:addTable(110)) - using custom profile for table: keyTable
2019-10-14 10:16:23,585 [main] INFO  db.DBStoreBuilder (DBStoreBuilder.java:processTables(161)) - Using default column profile:DBProfile.DISK for Table:keyTable
2019-10-14 10:16:23,586 [main] INFO  db.DBStoreBuilder (DBStoreBuilder.java:addTable(110)) - using custom profile for table: deletedTable
2019-10-14 10:16:23,586 [main] INFO  db.DBStoreBuilder (DBStoreBuilder.java:processTables(161)) - Using default column profile:DBProfile.DISK for Table:deletedTable
2019-10-14 10:16:23,587 [main] INFO  db.DBStoreBuilder (DBStoreBuilder.java:addTable(110)) - using custom profile for table: openKeyTable
2019-10-14 10:16:23,587 [main] INFO  db.DBStoreBuilder (DBStoreBuilder.java:processTables(161)) - Using default column profile:DBProfile.DISK for Table:openKeyTable
2019-10-14 10:16:23,587 [main] INFO  db.DBStoreBuilder (DBStoreBuilder.java:addTable(110)) - using custom profile for table: s3Table
2019-10-14 10:16:23,587 [main] INFO  db.DBStoreBuilder (DBStoreBuilder.java:processTables(161)) - Using default column profile:DBProfile.DISK for Table:s3Table
2019-10-14 10:16:23,588 [main] INFO  db.DBStoreBuilder (DBStoreBuilder.java:addTable(110)) - using custom profile for table: multipartInfoTable
2019-10-14 10:16:23,588 [main] INFO  db.DBStoreBuilder (DBStoreBuilder.java:processTables(161)) - Using default column profile:DBProfile.DISK for Table:multipartInfoTable
2019-10-14 10:16:23,588 [main] INFO  db.DBStoreBuilder (DBStoreBuilder.java:addTable(110)) - using custom profile for table: dTokenTable
2019-10-14 10:16:23,588 [main] INFO  db.DBStoreBuilder (DBStoreBuilder.java:processTables(161)) - Using default column profile:DBProfile.DISK for Table:dTokenTable
2019-10-14 10:16:23,589 [main] INFO  db.DBStoreBuilder (DBStoreBuilder.java:addTable(110)) - using custom profile for table: s3SecretTable
2019-10-14 10:16:23,589 [main] INFO  db.DBStoreBuilder (DBStoreBuilder.java:processTables(161)) - Using default column profile:DBProfile.DISK for Table:s3SecretTable
2019-10-14 10:16:23,589 [main] INFO  db.DBStoreBuilder (DBStoreBuilder.java:addTable(110)) - using custom profile for table: prefixTable
2019-10-14 10:16:23,590 [main] INFO  db.DBStoreBuilder (DBStoreBuilder.java:processTables(161)) - Using default column profile:DBProfile.DISK for Table:prefixTable
2019-10-14 10:16:23,590 [main] INFO  db.DBStoreBuilder (DBStoreBuilder.java:addTable(110)) - using custom profile for table: default
2019-10-14 10:16:23,590 [main] INFO  db.DBStoreBuilder (DBStoreBuilder.java:processTables(167)) - Using default column profile:DBProfile.DISK for Table:default
2019-10-14 10:16:23,590 [main] INFO  db.DBStoreBuilder (DBStoreBuilder.java:getDbProfile(198)) - Using default options. DBProfile.DISK
2019-10-14 10:16:24,287 [Thread-95] INFO  impl.FollowerState (FollowerState.java:run(106)) - omNode-1:group-523986131536 changes to CANDIDATE, lastRpcTime:1021, electionTimeout:1020ms
2019-10-14 10:16:24,291 [Thread-95] INFO  impl.RoleInfo (RoleInfo.java:shutdownFollowerState(121)) - omNode-1: shutdown FollowerState
2019-10-14 10:16:24,292 [Thread-95] INFO  impl.RaftServerImpl (RaftServerImpl.java:setRole(174)) - omNode-1@group-523986131536: changes role from  FOLLOWER to CANDIDATE at term 0 for changeToCandidate
2019-10-14 10:16:24,298 [Thread-95] INFO  impl.RoleInfo (RoleInfo.java:updateAndGet(143)) - omNode-1: start LeaderElection
2019-10-14 10:16:24,323 [omNode-1@group-523986131536:LeaderElection1] INFO  impl.LeaderElection (LeaderElection.java:askForVotes(182)) - omNode-1@group-523986131536:LeaderElection1: begin an election at term 1 for -1: [omNode-3:localhost:13856, omNode-1:localhost:13844, omNode-2:localhost:13850], old=null
2019-10-14 10:16:24,332 [main] WARN  scm.HddsServerUtil (HddsServerUtil.java:getDefaultRatisDirectory(354)) - Storage directory for Ratis is not configured. It is a good idea to map this to an SSD disk. Falling back to ozone.metadata.dirs
2019-10-14 10:16:24,333 [KeyDeletingService#0] WARN  utils.BackgroundService (BackgroundService.java:lambda$run$0(135)) - Background task fails to execute, retrying in next interval
java.util.concurrent.ExecutionException: java.lang.NullPointerException
	at java.util.concurrent.FutureTask.report(FutureTask.java:122)
	at java.util.concurrent.FutureTask.get(FutureTask.java:206)
	at org.apache.hadoop.hdds.utils.BackgroundService$PeriodicalTask.lambda$run$0(BackgroundService.java:129)
	at java.util.stream.ForEachOps$ForEachOp$OfRef.accept(ForEachOps.java:184)
	at java.util.ArrayList$ArrayListSpliterator.forEachRemaining(ArrayList.java:1382)
	at java.util.stream.AbstractPipeline.copyInto(AbstractPipeline.java:482)
	at java.util.stream.ForEachOps$ForEachTask.compute(ForEachOps.java:291)
	at java.util.concurrent.CountedCompleter.exec(CountedCompleter.java:731)
	at java.util.concurrent.ForkJoinTask.doExec(ForkJoinTask.java:289)
	at java.util.concurrent.ForkJoinTask.doInvoke(ForkJoinTask.java:401)
	at java.util.concurrent.ForkJoinTask.invoke(ForkJoinTask.java:734)
	at java.util.stream.ForEachOps$ForEachOp.evaluateParallel(ForEachOps.java:160)
	at java.util.stream.ForEachOps$ForEachOp$OfRef.evaluateParallel(ForEachOps.java:174)
	at java.util.stream.AbstractPipeline.evaluate(AbstractPipeline.java:233)
	at java.util.stream.ReferencePipeline.forEach(ReferencePipeline.java:418)
	at java.util.stream.ReferencePipeline$Head.forEach(ReferencePipeline.java:583)
	at org.apache.hadoop.hdds.utils.BackgroundService$PeriodicalTask.run(BackgroundService.java:125)
	at java.util.concurrent.Executors$RunnableAdapter.call(Executors.java:511)
	at java.util.concurrent.FutureTask.runAndReset(FutureTask.java:308)
	at java.util.concurrent.ScheduledThreadPoolExecutor$ScheduledFutureTask.access$301(ScheduledThreadPoolExecutor.java:180)
	at java.util.concurrent.ScheduledThreadPoolExecutor$ScheduledFutureTask.run(ScheduledThreadPoolExecutor.java:294)
	at java.util.concurrent.ThreadPoolExecutor.runWorker(ThreadPoolExecutor.java:1149)
	at java.util.concurrent.ThreadPoolExecutor$Worker.run(ThreadPoolExecutor.java:624)
	at java.lang.Thread.run(Thread.java:748)
Caused by: java.lang.NullPointerException
	at org.apache.hadoop.ozone.om.OzoneManager.isLeader(OzoneManager.java:3430)
	at org.apache.hadoop.ozone.om.KeyDeletingService.shouldRun(KeyDeletingService.java:120)
	at org.apache.hadoop.ozone.om.KeyDeletingService.access$100(KeyDeletingService.java:58)
	at org.apache.hadoop.ozone.om.KeyDeletingService$KeyDeletingTask.call(KeyDeletingService.java:149)
	at org.apache.hadoop.ozone.om.KeyDeletingService$KeyDeletingTask.call(KeyDeletingService.java:137)
	at java.util.concurrent.FutureTask.run(FutureTask.java:266)
	at java.util.concurrent.Executors$RunnableAdapter.call(Executors.java:511)
	at java.util.concurrent.FutureTask.run(FutureTask.java:266)
	at java.util.concurrent.Executors$RunnableAdapter.call(Executors.java:511)
	at java.util.concurrent.FutureTask.run(FutureTask.java:266)
	at java.util.concurrent.ScheduledThreadPoolExecutor$ScheduledFutureTask.access$201(ScheduledThreadPoolExecutor.java:180)
	at java.util.concurrent.ScheduledThreadPoolExecutor$ScheduledFutureTask.run(ScheduledThreadPoolExecutor.java:293)
	... 3 more
2019-10-14 10:16:24,334 [main] INFO  ratis.OzoneManagerRatisServer (OzoneManagerRatisServer.java:<init>(241)) - Instantiating OM Ratis server with GroupID: om-service-test1 and Raft Peers: localhost:13850, localhost:13844, localhost:13856
2019-10-14 10:16:24,337 [main] INFO  impl.RaftServerProxy (ConfUtils.java:logGet(43)) - raft.rpc.type = GRPC (default)
2019-10-14 10:16:24,337 [main] INFO  grpc.GrpcFactory (GrpcFactory.java:checkPooledByteBufAllocatorUseCacheForAllThreads(45)) - PERFORMANCE WARNING: useCacheForAllThreads is true that may cause Netty to create a lot garbage objects and, as a result, trigger GC.
	It is recommended to disable useCacheForAllThreads by setting -Dorg.apache.ratis.thirdparty.io.netty.allocator.useCacheForAllThreads=false in command line.
2019-10-14 10:16:24,337 [main] INFO  grpc.GrpcConfigKeys$Server (ConfUtils.java:logGet(43)) - raft.grpc.server.port = 13850 (custom)
2019-10-14 10:16:24,338 [main] INFO  server.GrpcService (ConfUtils.java:logGet(43)) - raft.grpc.message.size.max = 33554432 (custom)
2019-10-14 10:16:24,338 [main] INFO  server.RaftServerConfigKeys (ConfUtils.java:logGet(43)) - raft.server.log.appender.buffer.byte-limit = 33554432 (custom)
2019-10-14 10:16:24,338 [main] INFO  server.GrpcService (ConfUtils.java:logGet(43)) - raft.grpc.flow.control.window = 1MB (=1048576) (default)
2019-10-14 10:16:24,339 [main] INFO  server.RaftServerConfigKeys (ConfUtils.java:logGet(43)) - raft.server.rpc.request.timeout = 3000ms (default)
2019-10-14 10:16:24,340 [main] INFO  server.RaftServerConfigKeys (ConfUtils.java:logGet(43)) - raft.server.storage.dir = [/workdir/hadoop-ozone/ozonefs/target/test-dir/MiniOzoneClusterImpl-85c09e26-9b56-4407-9c77-57370d286ecc/omNode-2/ratis] (custom)
2019-10-14 10:16:24,340 [main] INFO  impl.RaftServerProxy (RaftServerProxy.java:addNew(89)) - omNode-2: addNew group-523986131536:[omNode-3:localhost:13856, omNode-1:localhost:13844, omNode-2:localhost:13850] returns group-523986131536:java.util.concurrent.CompletableFuture@3c69362a[Not completed]
2019-10-14 10:16:24,340 [pool-40-thread-1] INFO  impl.RaftServerImpl (RaftServerImpl.java:<init>(95)) - omNode-2: new RaftServerImpl for group-523986131536:[omNode-3:localhost:13856, omNode-1:localhost:13844, omNode-2:localhost:13850] with OzoneManagerStateMachine:uninitialized
2019-10-14 10:16:24,341 [main] INFO  om.OzoneManager (OzoneManager.java:initializeRatisServer(1389)) - OzoneManager Ratis server initialized at port 13850
2019-10-14 10:16:24,342 [main] WARN  scm.HddsServerUtil (HddsServerUtil.java:getDefaultRatisDirectory(354)) - Storage directory for Ratis is not configured. It is a good idea to map this to an SSD disk. Falling back to ozone.metadata.dirs
2019-10-14 10:16:24,342 [pool-40-thread-1] INFO  server.RaftServerConfigKeys (ConfUtils.java:logGet(43)) - raft.server.rpc.timeout.min = 1s (custom)
2019-10-14 10:16:24,342 [main] WARN  scm.HddsServerUtil (HddsServerUtil.java:getDefaultRatisDirectory(354)) - Storage directory for Ratis is not configured. It is a good idea to map this to an SSD disk. Falling back to ozone.metadata.dirs
2019-10-14 10:16:24,342 [pool-40-thread-1] INFO  server.RaftServerConfigKeys (ConfUtils.java:logGet(43)) - raft.server.rpc.timeout.max = 1200ms (custom)
2019-10-14 10:16:24,343 [main] INFO  snapshot.OzoneManagerSnapshotProvider (OzoneManagerSnapshotProvider.java:<init>(81)) - Initializing OM Snapshot Provider
2019-10-14 10:16:24,343 [pool-40-thread-1] INFO  server.RaftServerConfigKeys (ConfUtils.java:logGet(43)) - raft.server.rpcslowness.timeout = 2s (custom)
2019-10-14 10:16:24,343 [pool-40-thread-1] INFO  server.RaftServerConfigKeys (ConfUtils.java:logGet(43)) - raft.server.sleep.deviation.threshold = 300 (default)
2019-10-14 10:16:24,343 [pool-40-thread-1] INFO  server.RaftServerConfigKeys (ConfUtils.java:logGet(43)) - raft.server.log.appender.install.snapshot.enabled = false (custom)
2019-10-14 10:16:24,344 [pool-40-thread-1] INFO  impl.RaftServerImpl (ServerState.java:<init>(103)) - omNode-2@group-523986131536: ConfigurationManager, init=-1: [omNode-3:localhost:13856, omNode-1:localhost:13844, omNode-2:localhost:13850], old=null, confs=<EMPTY_MAP>
2019-10-14 10:16:24,344 [pool-40-thread-1] INFO  server.RaftServerConfigKeys (ConfUtils.java:logGet(43)) - raft.server.storage.dir = [/workdir/hadoop-ozone/ozonefs/target/test-dir/MiniOzoneClusterImpl-85c09e26-9b56-4407-9c77-57370d286ecc/omNode-2/ratis] (custom)
2019-10-14 10:16:24,344 [pool-40-thread-1] INFO  storage.RaftStorageDirectory (RaftStorageDirectory.java:analyzeStorage(246)) - The storage directory /workdir/hadoop-ozone/ozonefs/target/test-dir/MiniOzoneClusterImpl-85c09e26-9b56-4407-9c77-57370d286ecc/omNode-2/ratis/c9bc4cf4-3bc3-3c60-a66b-523986131536 does not exist. Creating ...
2019-10-14 10:16:24,346 [main] INFO  ipc.CallQueueManager (CallQueueManager.java:<init>(84)) - Using callQueue: class java.util.concurrent.LinkedBlockingQueue, queueCapacity: 2000, scheduler: class org.apache.hadoop.ipc.DefaultRpcScheduler, ipcBackoff: false.
2019-10-14 10:16:24,347 [Socket Reader #1 for port 13846] INFO  ipc.Server (Server.java:run(1074)) - Starting Socket Reader #1 for port 13846
2019-10-14 10:16:24,368 [pool-40-thread-1] INFO  storage.RaftStorageDirectory (RaftStorageDirectory.java:tryLock(328)) - Lock on /workdir/hadoop-ozone/ozonefs/target/test-dir/MiniOzoneClusterImpl-85c09e26-9b56-4407-9c77-57370d286ecc/omNode-2/ratis/c9bc4cf4-3bc3-3c60-a66b-523986131536/in_use.lock acquired by nodename 4738@pr-hdds-1569-vp9xg-4248047660
2019-10-14 10:16:24,373 [main] INFO  om.OzoneManager (OzoneManager.java:start(1243)) - OzoneManager RPC server is listening at localhost/127.0.0.1:13846
2019-10-14 10:16:24,373 [main] INFO  impl.MetricsSystemImpl (MetricsSystemImpl.java:init(158)) - OzoneManager metrics system started (again)
2019-10-14 10:16:24,374 [main] INFO  ratis.OzoneManagerRatisServer (OzoneManagerRatisServer.java:start(331)) - Starting OzoneManagerRatisServer omNode-2 at port 13850
2019-10-14 10:16:24,393 [pool-40-thread-1] INFO  storage.RaftStorage (RaftStorage.java:format(72)) - Storage directory /workdir/hadoop-ozone/ozonefs/target/test-dir/MiniOzoneClusterImpl-85c09e26-9b56-4407-9c77-57370d286ecc/omNode-2/ratis/c9bc4cf4-3bc3-3c60-a66b-523986131536 has been successfully formatted.
2019-10-14 10:16:24,394 [pool-40-thread-1] INFO  server.RaftServerConfigKeys (ConfUtils.java:logGet(43)) - raft.server.notification.no-leader.timeout = 2s (custom)
2019-10-14 10:16:24,394 [pool-40-thread-1] INFO  server.RaftServerConfigKeys (ConfUtils.java:logGet(43)) - raft.server.log.use.memory = false (default)
2019-10-14 10:16:24,394 [pool-40-thread-1] INFO  server.RaftServerConfigKeys (ConfUtils.java:logGet(43)) - raft.server.log.purge.gap = 1000000 (custom)
2019-10-14 10:16:24,394 [pool-40-thread-1] INFO  server.RaftServerConfigKeys (ConfUtils.java:logGet(43)) - raft.server.log.appender.buffer.byte-limit = 33554432 (custom)
2019-10-14 10:16:24,394 [pool-40-thread-1] INFO  server.RaftServerConfigKeys (ConfUtils.java:logGet(43)) - raft.server.log.segment.size.max = 16384 (custom)
2019-10-14 10:16:24,395 [pool-40-thread-1] INFO  server.RaftServerConfigKeys (ConfUtils.java:logGet(43)) - raft.server.log.segment.cache.num.max = 2 (custom)
2019-10-14 10:16:24,395 [pool-40-thread-1] INFO  segmented.SegmentedRaftLogWorker (SegmentedRaftLogWorker.java:<init>(172)) - new omNode-2@group-523986131536-SegmentedRaftLogWorker for RaftStorage:Storage Directory /workdir/hadoop-ozone/ozonefs/target/test-dir/MiniOzoneClusterImpl-85c09e26-9b56-4407-9c77-57370d286ecc/omNode-2/ratis/c9bc4cf4-3bc3-3c60-a66b-523986131536
2019-10-14 10:16:24,418 [pool-40-thread-1] INFO  server.RaftServerConfigKeys (ConfUtils.java:logGet(43)) - raft.server.log.queue.byte-limit = 64MB (=67108864) (default)
2019-10-14 10:16:24,419 [pool-40-thread-1] INFO  server.RaftServerConfigKeys (ConfUtils.java:logGet(43)) - raft.server.log.queue.element-limit = 4096 (default)
2019-10-14 10:16:24,419 [pool-40-thread-1] INFO  server.RaftServerConfigKeys (ConfUtils.java:logGet(43)) - raft.server.log.segment.size.max = 16384 (custom)
2019-10-14 10:16:24,420 [pool-40-thread-1] INFO  server.RaftServerConfigKeys (ConfUtils.java:logGet(43)) - raft.server.log.preallocated.size = 16384 (custom)
2019-10-14 10:16:24,420 [pool-40-thread-1] INFO  server.RaftServerConfigKeys (ConfUtils.java:logGet(43)) - raft.server.log.write.buffer.size = 64KB (=65536) (default)
2019-10-14 10:16:24,420 [pool-40-thread-1] INFO  server.RaftServerConfigKeys (ConfUtils.java:logGet(43)) - raft.server.log.force.sync.num = 128 (default)
2019-10-14 10:16:24,420 [pool-40-thread-1] INFO  server.RaftServerConfigKeys (ConfUtils.java:logGet(43)) - raft.server.log.statemachine.data.sync = true (default)
2019-10-14 10:16:24,420 [pool-40-thread-1] INFO  server.RaftServerConfigKeys (ConfUtils.java:logGet(43)) - raft.server.log.statemachine.data.sync.timeout = 10s (default)
2019-10-14 10:16:24,420 [pool-40-thread-1] INFO  server.RaftServerConfigKeys (ConfUtils.java:logGet(43)) - raft.server.log.statemachine.data.sync.timeout.retry = -1 (default)
2019-10-14 10:16:24,421 [pool-40-thread-1] INFO  server.RaftServerConfigKeys (ConfUtils.java:logGet(43)) - raft.server.log.statemachine.data.caching.enabled = false (default)
2019-10-14 10:16:24,421 [pool-40-thread-1] INFO  segmented.SegmentedRaftLogWorker (SegmentedRaftLogWorker.java:lambda$new$0(132)) - omNode-2@group-523986131536-SegmentedRaftLogWorker: flushIndex: setUnconditionally 0 -> -1
2019-10-14 10:16:24,422 [pool-40-thread-1] INFO  server.RaftServerConfigKeys (ConfUtils.java:logGet(43)) - raft.server.snapshot.auto.trigger.enabled = true (custom)
2019-10-14 10:16:24,422 [pool-40-thread-1] INFO  server.RaftServerConfigKeys (ConfUtils.java:logGet(43)) - raft.server.snapshot.auto.trigger.threshold = 400000 (default)
2019-10-14 10:16:24,423 [pool-40-thread-1] INFO  server.RaftServerConfigKeys (ConfUtils.java:logGet(43)) - raft.server.snapshot.retention.num.files = -1 (default)
2019-10-14 10:16:24,423 [pool-40-thread-1] INFO  server.RaftServerConfigKeys (ConfUtils.java:logGet(43)) - raft.server.retrycache.expirytime = 600000ms (custom)
2019-10-14 10:16:24,430 [main] INFO  impl.RaftServerImpl (RaftServerImpl.java:start(185)) - omNode-2@group-523986131536: start as a follower, conf=-1: [omNode-3:localhost:13856, omNode-1:localhost:13844, omNode-2:localhost:13850], old=null
2019-10-14 10:16:24,431 [main] INFO  impl.RaftServerImpl (RaftServerImpl.java:setRole(174)) - omNode-2@group-523986131536: changes role from      null to FOLLOWER at term 0 for startAsFollower
2019-10-14 10:16:24,432 [main] INFO  impl.RoleInfo (RoleInfo.java:updateAndGet(143)) - omNode-2: start FollowerState
2019-10-14 10:16:24,433 [main] INFO  util.JmxRegister (JmxRegister.java:tryRegister(44)) - Successfully registered JMX Bean with object name Ratis:service=RaftServer,group=group-523986131536,id=omNode-2
2019-10-14 10:16:24,433 [main] INFO  impl.RaftServerProxy (RaftServerProxy.java:lambda$start$3(299)) - omNode-2: start RPC server
2019-10-14 10:16:24,437 [main] INFO  server.GrpcService (GrpcService.java:startImpl(158)) - omNode-2: GrpcService started, listening on 0.0.0.0/0.0.0.0:13850
2019-10-14 10:16:24,439 [IPC Server Responder] INFO  ipc.Server (Server.java:run(1314)) - IPC Server Responder: starting
2019-10-14 10:16:24,439 [IPC Server listener on 13846] INFO  ipc.Server (Server.java:run(1153)) - IPC Server listener on 13846: starting
2019-10-14 10:16:24,444 [main] INFO  hdfs.DFSUtil (DFSUtil.java:httpServerTemplateForNNAndJN(1641)) - Starting Web-server for ozoneManager at: http://0.0.0.0:13848
2019-10-14 10:16:24,446 [main] INFO  server.AuthenticationFilter (AuthenticationFilter.java:constructSecretProvider(240)) - Unable to initialize FileSignerSecretProvider, falling back to use random secrets.
2019-10-14 10:16:24,447 [main] WARN  http.HttpRequestLog (HttpRequestLog.java:getRequestLog(97)) - Jetty request log can only be enabled using Log4j
2019-10-14 10:16:24,449 [main] INFO  http.HttpServer2 (HttpServer2.java:addGlobalFilter(975)) - Added global filter 'safety' (class=org.apache.hadoop.http.HttpServer2$QuotingInputFilter)
2019-10-14 10:16:24,450 [main] INFO  http.HttpServer2 (HttpServer2.java:addFilter(948)) - Added filter static_user_filter (class=org.apache.hadoop.http.lib.StaticUserWebFilter$StaticUserFilter) to context ozoneManager
2019-10-14 10:16:24,450 [main] INFO  http.HttpServer2 (HttpServer2.java:addFilter(958)) - Added filter static_user_filter (class=org.apache.hadoop.http.lib.StaticUserWebFilter$StaticUserFilter) to context static
2019-10-14 10:16:24,450 [main] INFO  http.HttpServer2 (HttpServer2.java:addFilter(958)) - Added filter static_user_filter (class=org.apache.hadoop.http.lib.StaticUserWebFilter$StaticUserFilter) to context logs
2019-10-14 10:16:24,451 [main] INFO  http.HttpServer2 (HttpServer2.java:bindListener(1191)) - Jetty bound to port 13848
2019-10-14 10:16:24,451 [main] INFO  server.Server (Server.java:doStart(351)) - jetty-9.3.25.v20180904, build timestamp: 2018-09-04T21:11:46Z, git hash: 3ce520221d0240229c862b122d2b06c12a625732
2019-10-14 10:16:24,454 [main] INFO  handler.ContextHandler (ContextHandler.java:doStart(781)) - Started o.e.j.s.ServletContextHandler@6850b758{/logs,file:///workdir/hadoop-ozone/ozonefs/target/log,AVAILABLE}
2019-10-14 10:16:24,455 [main] INFO  handler.ContextHandler (ContextHandler.java:doStart(781)) - Started o.e.j.s.ServletContextHandler@704641e3{/static,jar:file:/home/user/.m2/repository/org/apache/hadoop/hadoop-ozone-ozone-manager/0.5.0-SNAPSHOT/hadoop-ozone-ozone-manager-0.5.0-SNAPSHOT.jar!/webapps/static,AVAILABLE}
2019-10-14 10:16:24,503 [main] INFO  handler.ContextHandler (ContextHandler.java:doStart(781)) - Started o.e.j.w.WebAppContext@31a3f4de{/,file:///tmp/jetty-0.0.0.0-13848-ozoneManager-_-any-7198618683396996090.dir/webapp/,AVAILABLE}{/ozoneManager}
2019-10-14 10:16:24,504 [main] INFO  server.AbstractConnector (AbstractConnector.java:doStart(278)) - Started ServerConnector@68880c21{HTTP/1.1,[http/1.1]}{0.0.0.0:13848}
2019-10-14 10:16:24,505 [main] INFO  server.Server (Server.java:doStart(419)) - Started @7181ms
2019-10-14 10:16:24,505 [main] WARN  impl.MetricsSystemImpl (MetricsSystemImpl.java:register(276)) - Sink prometheus already exists!
2019-10-14 10:16:24,506 [main] INFO  server.BaseHttpServer (BaseHttpServer.java:updateConnectorAddress(215)) - HTTP server of OZONEMANAGER is listening at http://0.0.0.0:13848
2019-10-14 10:16:24,506 [main] INFO  ozone.MiniOzoneHAClusterImpl (MiniOzoneHAClusterImpl.java:createOMService(274)) - Started OzoneManager RPC server at localhost/127.0.0.1:13846
2019-10-14 10:16:24,508 [main] WARN  server.ServerUtils (ServerUtils.java:getDBPath(222)) - ozone.om.db.dirs is not configured. We recommend adding this setting. Falling back to ozone.metadata.dirs instead.
2019-10-14 10:16:24,532 [main] WARN  server.ServerUtils (ServerUtils.java:getDBPath(222)) - ozone.om.db.dirs is not configured. We recommend adding this setting. Falling back to ozone.metadata.dirs instead.
2019-10-14 10:16:24,532 [main] WARN  server.ServerUtils (ServerUtils.java:getDBPath(222)) - ozone.om.db.dirs is not configured. We recommend adding this setting. Falling back to ozone.metadata.dirs instead.
2019-10-14 10:16:24,533 [main] INFO  om.OzoneManager (OzoneManager.java:setOMNodeSpecificConfigs(698)) - Setting configuration key ozone.om.http-address with value of key ozone.om.http-address.omNode-3: 127.0.0.1:13854
2019-10-14 10:16:24,533 [main] INFO  om.OzoneManager (OzoneManager.java:setOMNodeSpecificConfigs(698)) - Setting configuration key ozone.om.https-address with value of key ozone.om.https-address.omNode-3: 127.0.0.1:13855
2019-10-14 10:16:24,533 [main] INFO  om.OzoneManager (OzoneManager.java:loadOMHAConfigs(609)) - Found matching OM address with OMServiceId: om-service-test1, OMNodeId: omNode-3, RPC Address: localhost:13852 and Ratis port: 13856
2019-10-14 10:16:24,537 [main] WARN  server.ServerUtils (ServerUtils.java:getDBPath(222)) - ozone.om.db.dirs is not configured. We recommend adding this setting. Falling back to ozone.metadata.dirs instead.
2019-10-14 10:16:24,538 [main] INFO  db.DBStoreBuilder (DBStoreBuilder.java:addTable(110)) - using custom profile for table: userTable
2019-10-14 10:16:24,538 [main] INFO  db.DBStoreBuilder (DBStoreBuilder.java:processTables(161)) - Using default column profile:DBProfile.DISK for Table:userTable
2019-10-14 10:16:24,538 [main] INFO  db.DBStoreBuilder (DBStoreBuilder.java:addTable(110)) - using custom profile for table: volumeTable
2019-10-14 10:16:24,538 [main] INFO  db.DBStoreBuilder (DBStoreBuilder.java:processTables(161)) - Using default column profile:DBProfile.DISK for Table:volumeTable
2019-10-14 10:16:24,539 [main] INFO  db.DBStoreBuilder (DBStoreBuilder.java:addTable(110)) - using custom profile for table: bucketTable
2019-10-14 10:16:24,539 [main] INFO  db.DBStoreBuilder (DBStoreBuilder.java:processTables(161)) - Using default column profile:DBProfile.DISK for Table:bucketTable
2019-10-14 10:16:24,539 [main] INFO  db.DBStoreBuilder (DBStoreBuilder.java:addTable(110)) - using custom profile for table: keyTable
2019-10-14 10:16:24,539 [main] INFO  db.DBStoreBuilder (DBStoreBuilder.java:processTables(161)) - Using default column profile:DBProfile.DISK for Table:keyTable
2019-10-14 10:16:24,539 [main] INFO  db.DBStoreBuilder (DBStoreBuilder.java:addTable(110)) - using custom profile for table: deletedTable
2019-10-14 10:16:24,540 [main] INFO  db.DBStoreBuilder (DBStoreBuilder.java:processTables(161)) - Using default column profile:DBProfile.DISK for Table:deletedTable
2019-10-14 10:16:24,540 [main] INFO  db.DBStoreBuilder (DBStoreBuilder.java:addTable(110)) - using custom profile for table: openKeyTable
2019-10-14 10:16:24,540 [main] INFO  db.DBStoreBuilder (DBStoreBuilder.java:processTables(161)) - Using default column profile:DBProfile.DISK for Table:openKeyTable
2019-10-14 10:16:24,540 [main] INFO  db.DBStoreBuilder (DBStoreBuilder.java:addTable(110)) - using custom profile for table: s3Table
2019-10-14 10:16:24,540 [main] INFO  db.DBStoreBuilder (DBStoreBuilder.java:processTables(161)) - Using default column profile:DBProfile.DISK for Table:s3Table
2019-10-14 10:16:24,541 [main] INFO  db.DBStoreBuilder (DBStoreBuilder.java:addTable(110)) - using custom profile for table: multipartInfoTable
2019-10-14 10:16:24,541 [main] INFO  db.DBStoreBuilder (DBStoreBuilder.java:processTables(161)) - Using default column profile:DBProfile.DISK for Table:multipartInfoTable
2019-10-14 10:16:24,541 [main] INFO  db.DBStoreBuilder (DBStoreBuilder.java:addTable(110)) - using custom profile for table: dTokenTable
2019-10-14 10:16:24,541 [main] INFO  db.DBStoreBuilder (DBStoreBuilder.java:processTables(161)) - Using default column profile:DBProfile.DISK for Table:dTokenTable
2019-10-14 10:16:24,541 [main] INFO  db.DBStoreBuilder (DBStoreBuilder.java:addTable(110)) - using custom profile for table: s3SecretTable
2019-10-14 10:16:24,541 [main] INFO  db.DBStoreBuilder (DBStoreBuilder.java:processTables(161)) - Using default column profile:DBProfile.DISK for Table:s3SecretTable
2019-10-14 10:16:24,542 [main] INFO  db.DBStoreBuilder (DBStoreBuilder.java:addTable(110)) - using custom profile for table: prefixTable
2019-10-14 10:16:24,542 [main] INFO  db.DBStoreBuilder (DBStoreBuilder.java:processTables(161)) - Using default column profile:DBProfile.DISK for Table:prefixTable
2019-10-14 10:16:24,542 [main] INFO  db.DBStoreBuilder (DBStoreBuilder.java:addTable(110)) - using custom profile for table: default
2019-10-14 10:16:24,542 [main] INFO  db.DBStoreBuilder (DBStoreBuilder.java:processTables(167)) - Using default column profile:DBProfile.DISK for Table:default
2019-10-14 10:16:24,543 [main] INFO  db.DBStoreBuilder (DBStoreBuilder.java:getDbProfile(198)) - Using default options. DBProfile.DISK
2019-10-14 10:16:24,702 [omNode-1@group-523986131536:LeaderElection1] INFO  impl.LeaderElection (LogUtils.java:infoOrTrace(149)) - omNode-1@group-523986131536:LeaderElection1 got exception when requesting votes: {}
java.util.concurrent.ExecutionException: org.apache.ratis.thirdparty.io.grpc.StatusRuntimeException: UNAVAILABLE: io exception
	at java.util.concurrent.FutureTask.report(FutureTask.java:122)
	at java.util.concurrent.FutureTask.get(FutureTask.java:192)
	at org.apache.ratis.server.impl.LeaderElection.waitForResults(LeaderElection.java:263)
	at org.apache.ratis.server.impl.LeaderElection.askForVotes(LeaderElection.java:201)
	at org.apache.ratis.server.impl.LeaderElection.run(LeaderElection.java:133)
	at java.lang.Thread.run(Thread.java:748)
Caused by: org.apache.ratis.thirdparty.io.grpc.StatusRuntimeException: UNAVAILABLE: io exception
	at org.apache.ratis.thirdparty.io.grpc.stub.ClientCalls.toStatusRuntimeException(ClientCalls.java:233)
	at org.apache.ratis.thirdparty.io.grpc.stub.ClientCalls.getUnchecked(ClientCalls.java:214)
	at org.apache.ratis.thirdparty.io.grpc.stub.ClientCalls.blockingUnaryCall(ClientCalls.java:139)
	at org.apache.ratis.proto.grpc.RaftServerProtocolServiceGrpc$RaftServerProtocolServiceBlockingStub.requestVote(RaftServerProtocolServiceGrpc.java:265)
	at org.apache.ratis.grpc.server.GrpcServerProtocolClient.requestVote(GrpcServerProtocolClient.java:90)
	at org.apache.ratis.grpc.server.GrpcService.requestVote(GrpcService.java:204)
	at org.apache.ratis.server.impl.LeaderElection.lambda$submitRequests$1(LeaderElection.java:238)
	at java.util.concurrent.FutureTask.run(FutureTask.java:266)
	at java.util.concurrent.Executors$RunnableAdapter.call(Executors.java:511)
	at java.util.concurrent.FutureTask.run(FutureTask.java:266)
	at java.util.concurrent.ThreadPoolExecutor.runWorker(ThreadPoolExecutor.java:1149)
	at java.util.concurrent.ThreadPoolExecutor$Worker.run(ThreadPoolExecutor.java:624)
	... 1 more
Caused by: org.apache.ratis.thirdparty.io.netty.channel.AbstractChannel$AnnotatedConnectException: Connection refused: localhost/127.0.0.1:13856
	at sun.nio.ch.SocketChannelImpl.checkConnect(Native Method)
	at sun.nio.ch.SocketChannelImpl.finishConnect(SocketChannelImpl.java:717)
	at org.apache.ratis.thirdparty.io.netty.channel.socket.nio.NioSocketChannel.doFinishConnect(NioSocketChannel.java:327)
	at org.apache.ratis.thirdparty.io.netty.channel.nio.AbstractNioChannel$AbstractNioUnsafe.finishConnect(AbstractNioChannel.java:340)
	at org.apache.ratis.thirdparty.io.netty.channel.nio.NioEventLoop.processSelectedKey(NioEventLoop.java:632)
	at org.apache.ratis.thirdparty.io.netty.channel.nio.NioEventLoop.processSelectedKeysOptimized(NioEventLoop.java:579)
	at org.apache.ratis.thirdparty.io.netty.channel.nio.NioEventLoop.processSelectedKeys(NioEventLoop.java:496)
	at org.apache.ratis.thirdparty.io.netty.channel.nio.NioEventLoop.run(NioEventLoop.java:458)
	at org.apache.ratis.thirdparty.io.netty.util.concurrent.SingleThreadEventExecutor$5.run(SingleThreadEventExecutor.java:897)
	at org.apache.ratis.thirdparty.io.netty.util.concurrent.FastThreadLocalRunnable.run(FastThreadLocalRunnable.java:30)
	... 1 more
Caused by: java.net.ConnectException: Connection refused
	... 11 more
2019-10-14 10:16:24,830 [grpc-default-executor-1] INFO  impl.RaftServerImpl (RaftServerImpl.java:setRole(174)) - omNode-2@group-523986131536: changes role from  FOLLOWER to FOLLOWER at term 1 for recognizeCandidate:omNode-1
2019-10-14 10:16:24,830 [grpc-default-executor-1] INFO  impl.RoleInfo (RoleInfo.java:shutdownFollowerState(121)) - omNode-2: shutdown FollowerState
2019-10-14 10:16:24,830 [grpc-default-executor-1] INFO  impl.RoleInfo (RoleInfo.java:updateAndGet(143)) - omNode-2: start FollowerState
2019-10-14 10:16:24,830 [Thread-136] INFO  impl.FollowerState (FollowerState.java:run(115)) - omNode-2: FollowerState was interrupted: java.lang.InterruptedException: sleep interrupted
2019-10-14 10:16:24,889 [omNode-1@group-523986131536:LeaderElection1] INFO  impl.LeaderElection (LeaderElection.java:logAndReturn(56)) - omNode-1@group-523986131536:LeaderElection1: Election PASSED; received 1 response(s) [omNode-1<-omNode-2#0:OK-t1] and 1 exception(s); omNode-1@group-523986131536:t1, leader=null, voted=omNode-1, raftlog=omNode-1@group-523986131536-SegmentedRaftLog:OPENED:c-1,f-1,i0, conf=-1: [omNode-3:localhost:13856, omNode-1:localhost:13844, omNode-2:localhost:13850], old=null
2019-10-14 10:16:24,889 [omNode-1@group-523986131536:LeaderElection1] INFO  impl.LeaderElection (LogUtils.java:infoOrTrace(149)) -   Exception 0: {}
java.util.concurrent.ExecutionException: org.apache.ratis.thirdparty.io.grpc.StatusRuntimeException: UNAVAILABLE: io exception
	at java.util.concurrent.FutureTask.report(FutureTask.java:122)
	at java.util.concurrent.FutureTask.get(FutureTask.java:192)
	at org.apache.ratis.server.impl.LeaderElection.waitForResults(LeaderElection.java:263)
	at org.apache.ratis.server.impl.LeaderElection.askForVotes(LeaderElection.java:201)
	at org.apache.ratis.server.impl.LeaderElection.run(LeaderElection.java:133)
	at java.lang.Thread.run(Thread.java:748)
Caused by: org.apache.ratis.thirdparty.io.grpc.StatusRuntimeException: UNAVAILABLE: io exception
	at org.apache.ratis.thirdparty.io.grpc.stub.ClientCalls.toStatusRuntimeException(ClientCalls.java:233)
	at org.apache.ratis.thirdparty.io.grpc.stub.ClientCalls.getUnchecked(ClientCalls.java:214)
	at org.apache.ratis.thirdparty.io.grpc.stub.ClientCalls.blockingUnaryCall(ClientCalls.java:139)
	at org.apache.ratis.proto.grpc.RaftServerProtocolServiceGrpc$RaftServerProtocolServiceBlockingStub.requestVote(RaftServerProtocolServiceGrpc.java:265)
	at org.apache.ratis.grpc.server.GrpcServerProtocolClient.requestVote(GrpcServerProtocolClient.java:90)
	at org.apache.ratis.grpc.server.GrpcService.requestVote(GrpcService.java:204)
	at org.apache.ratis.server.impl.LeaderElection.lambda$submitRequests$1(LeaderElection.java:238)
	at java.util.concurrent.FutureTask.run(FutureTask.java:266)
	at java.util.concurrent.Executors$RunnableAdapter.call(Executors.java:511)
	at java.util.concurrent.FutureTask.run(FutureTask.java:266)
	at java.util.concurrent.ThreadPoolExecutor.runWorker(ThreadPoolExecutor.java:1149)
	at java.util.concurrent.ThreadPoolExecutor$Worker.run(ThreadPoolExecutor.java:624)
	... 1 more
Caused by: org.apache.ratis.thirdparty.io.netty.channel.AbstractChannel$AnnotatedConnectException: Connection refused: localhost/127.0.0.1:13856
	at sun.nio.ch.SocketChannelImpl.checkConnect(Native Method)
	at sun.nio.ch.SocketChannelImpl.finishConnect(SocketChannelImpl.java:717)
	at org.apache.ratis.thirdparty.io.netty.channel.socket.nio.NioSocketChannel.doFinishConnect(NioSocketChannel.java:327)
	at org.apache.ratis.thirdparty.io.netty.channel.nio.AbstractNioChannel$AbstractNioUnsafe.finishConnect(AbstractNioChannel.java:340)
	at org.apache.ratis.thirdparty.io.netty.channel.nio.NioEventLoop.processSelectedKey(NioEventLoop.java:632)
	at org.apache.ratis.thirdparty.io.netty.channel.nio.NioEventLoop.processSelectedKeysOptimized(NioEventLoop.java:579)
	at org.apache.ratis.thirdparty.io.netty.channel.nio.NioEventLoop.processSelectedKeys(NioEventLoop.java:496)
	at org.apache.ratis.thirdparty.io.netty.channel.nio.NioEventLoop.run(NioEventLoop.java:458)
	at org.apache.ratis.thirdparty.io.netty.util.concurrent.SingleThreadEventExecutor$5.run(SingleThreadEventExecutor.java:897)
	at org.apache.ratis.thirdparty.io.netty.util.concurrent.FastThreadLocalRunnable.run(FastThreadLocalRunnable.java:30)
	... 1 more
Caused by: java.net.ConnectException: Connection refused
	... 11 more
2019-10-14 10:16:24,893 [omNode-1@group-523986131536:LeaderElection1] INFO  impl.RoleInfo (RoleInfo.java:shutdownLeaderElection(134)) - omNode-1: shutdown LeaderElection
2019-10-14 10:16:24,894 [omNode-1@group-523986131536:LeaderElection1] INFO  impl.RaftServerImpl (RaftServerImpl.java:setRole(174)) - omNode-1@group-523986131536: changes role from CANDIDATE to LEADER at term 1 for changeToLeader
2019-10-14 10:16:24,894 [omNode-1@group-523986131536:LeaderElection1] INFO  impl.RaftServerImpl (ServerState.java:setLeader(253)) - omNode-1@group-523986131536: change Leader from null to omNode-1 at term 1 for becomeLeader, leader elected after 1799ms
2019-10-14 10:16:24,903 [omNode-1@group-523986131536:LeaderElection1] INFO  server.RaftServerConfigKeys (ConfUtils.java:logGet(43)) - raft.server.staging.catchup.gap = 1000 (default)
2019-10-14 10:16:24,903 [omNode-1@group-523986131536:LeaderElection1] INFO  server.RaftServerConfigKeys (ConfUtils.java:logGet(43)) - raft.server.rpc.sleep.time = 25ms (default)
2019-10-14 10:16:24,907 [omNode-1@group-523986131536:LeaderElection1] INFO  server.RaftServerConfigKeys (ConfUtils.java:logGet(43)) - raft.server.write.element-limit = 4096 (default)
2019-10-14 10:16:24,914 [omNode-1@group-523986131536:LeaderElection1] INFO  server.RaftServerConfigKeys (ConfUtils.java:logGet(43)) - raft.server.watch.timeout = 10s (default)
2019-10-14 10:16:24,914 [omNode-1@group-523986131536:LeaderElection1] INFO  server.RaftServerConfigKeys (ConfUtils.java:logGet(43)) - raft.server.watch.timeout.denomination = 1s (default)
2019-10-14 10:16:24,916 [omNode-1@group-523986131536:LeaderElection1] INFO  server.RaftServerConfigKeys (ConfUtils.java:logGet(43)) - raft.server.watch.element-limit = 65536 (default)
2019-10-14 10:16:24,949 [omNode-1@group-523986131536:LeaderElection1] INFO  server.RaftServerConfigKeys (ConfUtils.java:logGet(43)) - raft.server.log.appender.snapshot.chunk.size.max = 16MB (=16777216) (default)
2019-10-14 10:16:24,950 [omNode-1@group-523986131536:LeaderElection1] INFO  server.RaftServerConfigKeys (ConfUtils.java:logGet(43)) - raft.server.log.appender.buffer.byte-limit = 33554432 (custom)
2019-10-14 10:16:24,950 [omNode-1@group-523986131536:LeaderElection1] INFO  server.RaftServerConfigKeys (ConfUtils.java:logGet(43)) - raft.server.log.appender.buffer.element-limit = 1024 (custom)
2019-10-14 10:16:24,954 [omNode-1@group-523986131536:LeaderElection1] INFO  grpc.GrpcConfigKeys$Server (ConfUtils.java:logGet(43)) - raft.grpc.server.leader.outstanding.appends.max = 128 (default)
2019-10-14 10:16:24,955 [omNode-1@group-523986131536:LeaderElection1] INFO  server.RaftServerConfigKeys (ConfUtils.java:logGet(43)) - raft.server.rpc.request.timeout = 3000ms (default)
2019-10-14 10:16:24,955 [omNode-1@group-523986131536:LeaderElection1] INFO  server.RaftServerConfigKeys (ConfUtils.java:logGet(43)) - raft.server.log.appender.install.snapshot.enabled = false (custom)
2019-10-14 10:16:24,956 [omNode-1@group-523986131536:LeaderElection1] INFO  server.RaftServerConfigKeys (ConfUtils.java:logGet(43)) - raft.server.log.appender.snapshot.chunk.size.max = 16MB (=16777216) (default)
2019-10-14 10:16:24,957 [omNode-1@group-523986131536:LeaderElection1] INFO  server.RaftServerConfigKeys (ConfUtils.java:logGet(43)) - raft.server.log.appender.buffer.byte-limit = 33554432 (custom)
2019-10-14 10:16:24,957 [omNode-1@group-523986131536:LeaderElection1] INFO  server.RaftServerConfigKeys (ConfUtils.java:logGet(43)) - raft.server.log.appender.buffer.element-limit = 1024 (custom)
2019-10-14 10:16:24,957 [omNode-1@group-523986131536:LeaderElection1] INFO  grpc.GrpcConfigKeys$Server (ConfUtils.java:logGet(43)) - raft.grpc.server.leader.outstanding.appends.max = 128 (default)
2019-10-14 10:16:24,957 [omNode-1@group-523986131536:LeaderElection1] INFO  server.RaftServerConfigKeys (ConfUtils.java:logGet(43)) - raft.server.rpc.request.timeout = 3000ms (default)
2019-10-14 10:16:24,957 [omNode-1@group-523986131536:LeaderElection1] INFO  server.RaftServerConfigKeys (ConfUtils.java:logGet(43)) - raft.server.log.appender.install.snapshot.enabled = false (custom)
2019-10-14 10:16:24,962 [omNode-1@group-523986131536:LeaderElection1] INFO  impl.RoleInfo (RoleInfo.java:updateAndGet(143)) - omNode-1: start LeaderState
2019-10-14 10:16:24,984 [omNode-1@group-523986131536:LeaderElection1] INFO  segmented.SegmentedRaftLogWorker (SegmentedRaftLogWorker.java:startLogSegment(380)) - omNode-1@group-523986131536-SegmentedRaftLogWorker: Starting segment from index:0
2019-10-14 10:16:24,994 [omNode-1@group-523986131536:LeaderElection1] INFO  impl.RaftServerImpl (ServerState.java:setRaftConf(354)) - omNode-1@group-523986131536: set configuration 0: [omNode-3:localhost:13856, omNode-1:localhost:13844, omNode-2:localhost:13850], old=null at 0
2019-10-14 10:16:25,022 [grpc-default-executor-1] WARN  server.GrpcLogAppender (LogUtils.java:warn(134)) - omNode-1@group-523986131536->omNode-3-AppendLogResponseHandler: Failed appendEntries: org.apache.ratis.thirdparty.io.grpc.StatusRuntimeException: UNAVAILABLE: io exception
2019-10-14 10:16:25,030 [grpc-default-executor-1] INFO  impl.FollowerInfo (FollowerInfo.java:lambda$new$0(51)) - omNode-1@group-523986131536->omNode-3: nextIndex: updateUnconditionally 0 -> 0
2019-10-14 10:16:25,037 [grpc-default-executor-0] INFO  impl.RaftServerImpl (ServerState.java:setLeader(253)) - omNode-2@group-523986131536: change Leader from null to omNode-1 at term 1 for appendEntries, leader elected after 643ms
2019-10-14 10:16:25,064 [grpc-default-executor-0] INFO  impl.RaftServerImpl (ServerState.java:setRaftConf(354)) - omNode-2@group-523986131536: set configuration 0: [omNode-3:localhost:13856, omNode-1:localhost:13844, omNode-2:localhost:13850], old=null at 0
2019-10-14 10:16:25,064 [grpc-default-executor-0] INFO  segmented.SegmentedRaftLogWorker (SegmentedRaftLogWorker.java:startLogSegment(380)) - omNode-2@group-523986131536-SegmentedRaftLogWorker: Starting segment from index:0
2019-10-14 10:16:25,207 [omNode-1@group-523986131536-SegmentedRaftLogWorker] INFO  segmented.SegmentedRaftLogWorker (SegmentedRaftLogWorker.java:execute(569)) - omNode-1@group-523986131536-SegmentedRaftLogWorker: created new log segment /workdir/hadoop-ozone/ozonefs/target/test-dir/MiniOzoneClusterImpl-85c09e26-9b56-4407-9c77-57370d286ecc/omNode-1/ratis/c9bc4cf4-3bc3-3c60-a66b-523986131536/current/log_inprogress_0
2019-10-14 10:16:25,207 [omNode-2@group-523986131536-SegmentedRaftLogWorker] INFO  segmented.SegmentedRaftLogWorker (SegmentedRaftLogWorker.java:execute(569)) - omNode-2@group-523986131536-SegmentedRaftLogWorker: created new log segment /workdir/hadoop-ozone/ozonefs/target/test-dir/MiniOzoneClusterImpl-85c09e26-9b56-4407-9c77-57370d286ecc/omNode-2/ratis/c9bc4cf4-3bc3-3c60-a66b-523986131536/current/log_inprogress_0
2019-10-14 10:16:25,234 [grpc-default-executor-0] WARN  server.GrpcLogAppender (LogUtils.java:warn(134)) - omNode-1@group-523986131536->omNode-3-AppendLogResponseHandler: Failed appendEntries: org.apache.ratis.thirdparty.io.grpc.StatusRuntimeException: UNAVAILABLE: io exception
2019-10-14 10:16:25,236 [grpc-default-executor-0] INFO  impl.FollowerInfo (FollowerInfo.java:lambda$new$0(51)) - omNode-1@group-523986131536->omNode-3: nextIndex: updateUnconditionally 1 -> 0
2019-10-14 10:16:25,277 [main] WARN  scm.HddsServerUtil (HddsServerUtil.java:getDefaultRatisDirectory(354)) - Storage directory for Ratis is not configured. It is a good idea to map this to an SSD disk. Falling back to ozone.metadata.dirs
2019-10-14 10:16:25,278 [KeyDeletingService#0] WARN  utils.BackgroundService (BackgroundService.java:lambda$run$0(135)) - Background task fails to execute, retrying in next interval
java.util.concurrent.ExecutionException: java.lang.NullPointerException
	at java.util.concurrent.FutureTask.report(FutureTask.java:122)
	at java.util.concurrent.FutureTask.get(FutureTask.java:206)
	at org.apache.hadoop.hdds.utils.BackgroundService$PeriodicalTask.lambda$run$0(BackgroundService.java:129)
	at java.util.stream.ForEachOps$ForEachOp$OfRef.accept(ForEachOps.java:184)
	at java.util.ArrayList$ArrayListSpliterator.forEachRemaining(ArrayList.java:1382)
	at java.util.stream.AbstractPipeline.copyInto(AbstractPipeline.java:482)
	at java.util.stream.ForEachOps$ForEachTask.compute(ForEachOps.java:291)
	at java.util.concurrent.CountedCompleter.exec(CountedCompleter.java:731)
	at java.util.concurrent.ForkJoinTask.doExec(ForkJoinTask.java:289)
	at java.util.concurrent.ForkJoinTask.doInvoke(ForkJoinTask.java:401)
	at java.util.concurrent.ForkJoinTask.invoke(ForkJoinTask.java:734)
	at java.util.stream.ForEachOps$ForEachOp.evaluateParallel(ForEachOps.java:160)
	at java.util.stream.ForEachOps$ForEachOp$OfRef.evaluateParallel(ForEachOps.java:174)
	at java.util.stream.AbstractPipeline.evaluate(AbstractPipeline.java:233)
	at java.util.stream.ReferencePipeline.forEach(ReferencePipeline.java:418)
	at java.util.stream.ReferencePipeline$Head.forEach(ReferencePipeline.java:583)
	at org.apache.hadoop.hdds.utils.BackgroundService$PeriodicalTask.run(BackgroundService.java:125)
	at java.util.concurrent.Executors$RunnableAdapter.call(Executors.java:511)
	at java.util.concurrent.FutureTask.runAndReset(FutureTask.java:308)
	at java.util.concurrent.ScheduledThreadPoolExecutor$ScheduledFutureTask.access$301(ScheduledThreadPoolExecutor.java:180)
	at java.util.concurrent.ScheduledThreadPoolExecutor$ScheduledFutureTask.run(ScheduledThreadPoolExecutor.java:294)
	at java.util.concurrent.ThreadPoolExecutor.runWorker(ThreadPoolExecutor.java:1149)
	at java.util.concurrent.ThreadPoolExecutor$Worker.run(ThreadPoolExecutor.java:624)
	at java.lang.Thread.run(Thread.java:748)
Caused by: java.lang.NullPointerException
	at org.apache.hadoop.ozone.om.OzoneManager.isLeader(OzoneManager.java:3430)
	at org.apache.hadoop.ozone.om.KeyDeletingService.shouldRun(KeyDeletingService.java:120)
	at org.apache.hadoop.ozone.om.KeyDeletingService.access$100(KeyDeletingService.java:58)
	at org.apache.hadoop.ozone.om.KeyDeletingService$KeyDeletingTask.call(KeyDeletingService.java:149)
	at org.apache.hadoop.ozone.om.KeyDeletingService$KeyDeletingTask.call(KeyDeletingService.java:137)
	at java.util.concurrent.FutureTask.run(FutureTask.java:266)
	at java.util.concurrent.Executors$RunnableAdapter.call(Executors.java:511)
	at java.util.concurrent.FutureTask.run(FutureTask.java:266)
	at java.util.concurrent.Executors$RunnableAdapter.call(Executors.java:511)
	at java.util.concurrent.FutureTask.run(FutureTask.java:266)
	at java.util.concurrent.ScheduledThreadPoolExecutor$ScheduledFutureTask.access$201(ScheduledThreadPoolExecutor.java:180)
	at java.util.concurrent.ScheduledThreadPoolExecutor$ScheduledFutureTask.run(ScheduledThreadPoolExecutor.java:293)
	... 3 more
2019-10-14 10:16:25,279 [main] INFO  ratis.OzoneManagerRatisServer (OzoneManagerRatisServer.java:<init>(241)) - Instantiating OM Ratis server with GroupID: om-service-test1 and Raft Peers: localhost:13856, localhost:13844, localhost:13850
2019-10-14 10:16:25,282 [main] INFO  impl.RaftServerProxy (ConfUtils.java:logGet(43)) - raft.rpc.type = GRPC (default)
2019-10-14 10:16:25,282 [main] INFO  grpc.GrpcFactory (GrpcFactory.java:checkPooledByteBufAllocatorUseCacheForAllThreads(45)) - PERFORMANCE WARNING: useCacheForAllThreads is true that may cause Netty to create a lot garbage objects and, as a result, trigger GC.
	It is recommended to disable useCacheForAllThreads by setting -Dorg.apache.ratis.thirdparty.io.netty.allocator.useCacheForAllThreads=false in command line.
2019-10-14 10:16:25,282 [main] INFO  grpc.GrpcConfigKeys$Server (ConfUtils.java:logGet(43)) - raft.grpc.server.port = 13856 (custom)
2019-10-14 10:16:25,283 [main] INFO  server.GrpcService (ConfUtils.java:logGet(43)) - raft.grpc.message.size.max = 33554432 (custom)
2019-10-14 10:16:25,283 [main] INFO  server.RaftServerConfigKeys (ConfUtils.java:logGet(43)) - raft.server.log.appender.buffer.byte-limit = 33554432 (custom)
2019-10-14 10:16:25,284 [main] INFO  server.GrpcService (ConfUtils.java:logGet(43)) - raft.grpc.flow.control.window = 1MB (=1048576) (default)
2019-10-14 10:16:25,284 [main] INFO  server.RaftServerConfigKeys (ConfUtils.java:logGet(43)) - raft.server.rpc.request.timeout = 3000ms (default)
2019-10-14 10:16:25,285 [main] INFO  server.RaftServerConfigKeys (ConfUtils.java:logGet(43)) - raft.server.storage.dir = [/workdir/hadoop-ozone/ozonefs/target/test-dir/MiniOzoneClusterImpl-85c09e26-9b56-4407-9c77-57370d286ecc/omNode-3/ratis] (custom)
2019-10-14 10:16:25,286 [main] INFO  impl.RaftServerProxy (RaftServerProxy.java:addNew(89)) - omNode-3: addNew group-523986131536:[omNode-3:localhost:13856, omNode-1:localhost:13844, omNode-2:localhost:13850] returns group-523986131536:java.util.concurrent.CompletableFuture@7979b8b7[Not completed]
2019-10-14 10:16:25,286 [pool-56-thread-1] INFO  impl.RaftServerImpl (RaftServerImpl.java:<init>(95)) - omNode-3: new RaftServerImpl for group-523986131536:[omNode-3:localhost:13856, omNode-1:localhost:13844, omNode-2:localhost:13850] with OzoneManagerStateMachine:uninitialized
2019-10-14 10:16:25,286 [main] INFO  om.OzoneManager (OzoneManager.java:initializeRatisServer(1389)) - OzoneManager Ratis server initialized at port 13856
2019-10-14 10:16:25,287 [pool-56-thread-1] INFO  server.RaftServerConfigKeys (ConfUtils.java:logGet(43)) - raft.server.rpc.timeout.min = 1s (custom)
2019-10-14 10:16:25,287 [main] WARN  scm.HddsServerUtil (HddsServerUtil.java:getDefaultRatisDirectory(354)) - Storage directory for Ratis is not configured. It is a good idea to map this to an SSD disk. Falling back to ozone.metadata.dirs
2019-10-14 10:16:25,287 [pool-56-thread-1] INFO  server.RaftServerConfigKeys (ConfUtils.java:logGet(43)) - raft.server.rpc.timeout.max = 1200ms (custom)
2019-10-14 10:16:25,288 [main] WARN  scm.HddsServerUtil (HddsServerUtil.java:getDefaultRatisDirectory(354)) - Storage directory for Ratis is not configured. It is a good idea to map this to an SSD disk. Falling back to ozone.metadata.dirs
2019-10-14 10:16:25,288 [pool-56-thread-1] INFO  server.RaftServerConfigKeys (ConfUtils.java:logGet(43)) - raft.server.rpcslowness.timeout = 2s (custom)
2019-10-14 10:16:25,288 [main] INFO  snapshot.OzoneManagerSnapshotProvider (OzoneManagerSnapshotProvider.java:<init>(81)) - Initializing OM Snapshot Provider
2019-10-14 10:16:25,288 [pool-56-thread-1] INFO  server.RaftServerConfigKeys (ConfUtils.java:logGet(43)) - raft.server.sleep.deviation.threshold = 300 (default)
2019-10-14 10:16:25,289 [pool-56-thread-1] INFO  server.RaftServerConfigKeys (ConfUtils.java:logGet(43)) - raft.server.log.appender.install.snapshot.enabled = false (custom)
2019-10-14 10:16:25,289 [pool-56-thread-1] INFO  impl.RaftServerImpl (ServerState.java:<init>(103)) - omNode-3@group-523986131536: ConfigurationManager, init=-1: [omNode-3:localhost:13856, omNode-1:localhost:13844, omNode-2:localhost:13850], old=null, confs=<EMPTY_MAP>
2019-10-14 10:16:25,289 [pool-56-thread-1] INFO  server.RaftServerConfigKeys (ConfUtils.java:logGet(43)) - raft.server.storage.dir = [/workdir/hadoop-ozone/ozonefs/target/test-dir/MiniOzoneClusterImpl-85c09e26-9b56-4407-9c77-57370d286ecc/omNode-3/ratis] (custom)
2019-10-14 10:16:25,290 [pool-56-thread-1] INFO  storage.RaftStorageDirectory (RaftStorageDirectory.java:analyzeStorage(246)) - The storage directory /workdir/hadoop-ozone/ozonefs/target/test-dir/MiniOzoneClusterImpl-85c09e26-9b56-4407-9c77-57370d286ecc/omNode-3/ratis/c9bc4cf4-3bc3-3c60-a66b-523986131536 does not exist. Creating ...
2019-10-14 10:16:25,292 [main] INFO  ipc.CallQueueManager (CallQueueManager.java:<init>(84)) - Using callQueue: class java.util.concurrent.LinkedBlockingQueue, queueCapacity: 2000, scheduler: class org.apache.hadoop.ipc.DefaultRpcScheduler, ipcBackoff: false.
2019-10-14 10:16:25,293 [Socket Reader #1 for port 13852] INFO  ipc.Server (Server.java:run(1074)) - Starting Socket Reader #1 for port 13852
2019-10-14 10:16:25,314 [pool-56-thread-1] INFO  storage.RaftStorageDirectory (RaftStorageDirectory.java:tryLock(328)) - Lock on /workdir/hadoop-ozone/ozonefs/target/test-dir/MiniOzoneClusterImpl-85c09e26-9b56-4407-9c77-57370d286ecc/omNode-3/ratis/c9bc4cf4-3bc3-3c60-a66b-523986131536/in_use.lock acquired by nodename 4738@pr-hdds-1569-vp9xg-4248047660
2019-10-14 10:16:25,324 [main] INFO  om.OzoneManager (OzoneManager.java:start(1243)) - OzoneManager RPC server is listening at localhost/127.0.0.1:13852
2019-10-14 10:16:25,325 [main] INFO  impl.MetricsSystemImpl (MetricsSystemImpl.java:init(158)) - OzoneManager metrics system started (again)
2019-10-14 10:16:25,325 [main] INFO  ratis.OzoneManagerRatisServer (OzoneManagerRatisServer.java:start(331)) - Starting OzoneManagerRatisServer omNode-3 at port 13856
2019-10-14 10:16:25,337 [pool-56-thread-1] INFO  storage.RaftStorage (RaftStorage.java:format(72)) - Storage directory /workdir/hadoop-ozone/ozonefs/target/test-dir/MiniOzoneClusterImpl-85c09e26-9b56-4407-9c77-57370d286ecc/omNode-3/ratis/c9bc4cf4-3bc3-3c60-a66b-523986131536 has been successfully formatted.
2019-10-14 10:16:25,337 [pool-56-thread-1] INFO  server.RaftServerConfigKeys (ConfUtils.java:logGet(43)) - raft.server.notification.no-leader.timeout = 2s (custom)
2019-10-14 10:16:25,338 [pool-56-thread-1] INFO  server.RaftServerConfigKeys (ConfUtils.java:logGet(43)) - raft.server.log.use.memory = false (default)
2019-10-14 10:16:25,338 [pool-56-thread-1] INFO  server.RaftServerConfigKeys (ConfUtils.java:logGet(43)) - raft.server.log.purge.gap = 1000000 (custom)
2019-10-14 10:16:25,338 [pool-56-thread-1] INFO  server.RaftServerConfigKeys (ConfUtils.java:logGet(43)) - raft.server.log.appender.buffer.byte-limit = 33554432 (custom)
2019-10-14 10:16:25,338 [pool-56-thread-1] INFO  server.RaftServerConfigKeys (ConfUtils.java:logGet(43)) - raft.server.log.segment.size.max = 16384 (custom)
2019-10-14 10:16:25,339 [pool-56-thread-1] INFO  server.RaftServerConfigKeys (ConfUtils.java:logGet(43)) - raft.server.log.segment.cache.num.max = 2 (custom)
2019-10-14 10:16:25,339 [pool-56-thread-1] INFO  segmented.SegmentedRaftLogWorker (SegmentedRaftLogWorker.java:<init>(172)) - new omNode-3@group-523986131536-SegmentedRaftLogWorker for RaftStorage:Storage Directory /workdir/hadoop-ozone/ozonefs/target/test-dir/MiniOzoneClusterImpl-85c09e26-9b56-4407-9c77-57370d286ecc/omNode-3/ratis/c9bc4cf4-3bc3-3c60-a66b-523986131536
2019-10-14 10:16:25,344 [pool-56-thread-1] INFO  server.RaftServerConfigKeys (ConfUtils.java:logGet(43)) - raft.server.log.queue.byte-limit = 64MB (=67108864) (default)
2019-10-14 10:16:25,344 [pool-56-thread-1] INFO  server.RaftServerConfigKeys (ConfUtils.java:logGet(43)) - raft.server.log.queue.element-limit = 4096 (default)
2019-10-14 10:16:25,344 [pool-56-thread-1] INFO  server.RaftServerConfigKeys (ConfUtils.java:logGet(43)) - raft.server.log.segment.size.max = 16384 (custom)
2019-10-14 10:16:25,344 [pool-56-thread-1] INFO  server.RaftServerConfigKeys (ConfUtils.java:logGet(43)) - raft.server.log.preallocated.size = 16384 (custom)
2019-10-14 10:16:25,345 [pool-56-thread-1] INFO  server.RaftServerConfigKeys (ConfUtils.java:logGet(43)) - raft.server.log.write.buffer.size = 64KB (=65536) (default)
2019-10-14 10:16:25,345 [pool-56-thread-1] INFO  server.RaftServerConfigKeys (ConfUtils.java:logGet(43)) - raft.server.log.force.sync.num = 128 (default)
2019-10-14 10:16:25,345 [pool-56-thread-1] INFO  server.RaftServerConfigKeys (ConfUtils.java:logGet(43)) - raft.server.log.statemachine.data.sync = true (default)
2019-10-14 10:16:25,345 [pool-56-thread-1] INFO  server.RaftServerConfigKeys (ConfUtils.java:logGet(43)) - raft.server.log.statemachine.data.sync.timeout = 10s (default)
2019-10-14 10:16:25,345 [pool-56-thread-1] INFO  server.RaftServerConfigKeys (ConfUtils.java:logGet(43)) - raft.server.log.statemachine.data.sync.timeout.retry = -1 (default)
2019-10-14 10:16:25,346 [pool-56-thread-1] INFO  server.RaftServerConfigKeys (ConfUtils.java:logGet(43)) - raft.server.log.statemachine.data.caching.enabled = false (default)
2019-10-14 10:16:25,346 [pool-56-thread-1] INFO  segmented.SegmentedRaftLogWorker (SegmentedRaftLogWorker.java:lambda$new$0(132)) - omNode-3@group-523986131536-SegmentedRaftLogWorker: flushIndex: setUnconditionally 0 -> -1
2019-10-14 10:16:25,347 [pool-56-thread-1] INFO  server.RaftServerConfigKeys (ConfUtils.java:logGet(43)) - raft.server.snapshot.auto.trigger.enabled = true (custom)
2019-10-14 10:16:25,347 [pool-56-thread-1] INFO  server.RaftServerConfigKeys (ConfUtils.java:logGet(43)) - raft.server.snapshot.auto.trigger.threshold = 400000 (default)
2019-10-14 10:16:25,347 [pool-56-thread-1] INFO  server.RaftServerConfigKeys (ConfUtils.java:logGet(43)) - raft.server.snapshot.retention.num.files = -1 (default)
2019-10-14 10:16:25,347 [pool-56-thread-1] INFO  server.RaftServerConfigKeys (ConfUtils.java:logGet(43)) - raft.server.retrycache.expirytime = 600000ms (custom)
2019-10-14 10:16:25,352 [main] INFO  impl.RaftServerImpl (RaftServerImpl.java:start(185)) - omNode-3@group-523986131536: start as a follower, conf=-1: [omNode-3:localhost:13856, omNode-1:localhost:13844, omNode-2:localhost:13850], old=null
2019-10-14 10:16:25,353 [main] INFO  impl.RaftServerImpl (RaftServerImpl.java:setRole(174)) - omNode-3@group-523986131536: changes role from      null to FOLLOWER at term 0 for startAsFollower
2019-10-14 10:16:25,353 [main] INFO  impl.RoleInfo (RoleInfo.java:updateAndGet(143)) - omNode-3: start FollowerState
2019-10-14 10:16:25,354 [main] INFO  util.JmxRegister (JmxRegister.java:tryRegister(44)) - Successfully registered JMX Bean with object name Ratis:service=RaftServer,group=group-523986131536,id=omNode-3
2019-10-14 10:16:25,354 [main] INFO  impl.RaftServerProxy (RaftServerProxy.java:lambda$start$3(299)) - omNode-3: start RPC server
2019-10-14 10:16:25,357 [main] INFO  server.GrpcService (GrpcService.java:startImpl(158)) - omNode-3: GrpcService started, listening on 0.0.0.0/0.0.0.0:13856
2019-10-14 10:16:25,358 [IPC Server Responder] INFO  ipc.Server (Server.java:run(1314)) - IPC Server Responder: starting
2019-10-14 10:16:25,358 [IPC Server listener on 13852] INFO  ipc.Server (Server.java:run(1153)) - IPC Server listener on 13852: starting
2019-10-14 10:16:25,363 [main] INFO  hdfs.DFSUtil (DFSUtil.java:httpServerTemplateForNNAndJN(1641)) - Starting Web-server for ozoneManager at: http://0.0.0.0:13854
2019-10-14 10:16:25,365 [main] INFO  server.AuthenticationFilter (AuthenticationFilter.java:constructSecretProvider(240)) - Unable to initialize FileSignerSecretProvider, falling back to use random secrets.
2019-10-14 10:16:25,365 [main] WARN  http.HttpRequestLog (HttpRequestLog.java:getRequestLog(97)) - Jetty request log can only be enabled using Log4j
2019-10-14 10:16:25,367 [main] INFO  http.HttpServer2 (HttpServer2.java:addGlobalFilter(975)) - Added global filter 'safety' (class=org.apache.hadoop.http.HttpServer2$QuotingInputFilter)
2019-10-14 10:16:25,369 [main] INFO  http.HttpServer2 (HttpServer2.java:addFilter(948)) - Added filter static_user_filter (class=org.apache.hadoop.http.lib.StaticUserWebFilter$StaticUserFilter) to context ozoneManager
2019-10-14 10:16:25,369 [main] INFO  http.HttpServer2 (HttpServer2.java:addFilter(958)) - Added filter static_user_filter (class=org.apache.hadoop.http.lib.StaticUserWebFilter$StaticUserFilter) to context logs
2019-10-14 10:16:25,369 [main] INFO  http.HttpServer2 (HttpServer2.java:addFilter(958)) - Added filter static_user_filter (class=org.apache.hadoop.http.lib.StaticUserWebFilter$StaticUserFilter) to context static
2019-10-14 10:16:25,370 [main] INFO  http.HttpServer2 (HttpServer2.java:bindListener(1191)) - Jetty bound to port 13854
2019-10-14 10:16:25,370 [main] INFO  server.Server (Server.java:doStart(351)) - jetty-9.3.25.v20180904, build timestamp: 2018-09-04T21:11:46Z, git hash: 3ce520221d0240229c862b122d2b06c12a625732
2019-10-14 10:16:25,374 [main] INFO  handler.ContextHandler (ContextHandler.java:doStart(781)) - Started o.e.j.s.ServletContextHandler@1f0b3cfe{/logs,file:///workdir/hadoop-ozone/ozonefs/target/log,AVAILABLE}
2019-10-14 10:16:25,374 [main] INFO  handler.ContextHandler (ContextHandler.java:doStart(781)) - Started o.e.j.s.ServletContextHandler@65a48602{/static,jar:file:/home/user/.m2/repository/org/apache/hadoop/hadoop-ozone-ozone-manager/0.5.0-SNAPSHOT/hadoop-ozone-ozone-manager-0.5.0-SNAPSHOT.jar!/webapps/static,AVAILABLE}
2019-10-14 10:16:25,421 [main] INFO  handler.ContextHandler (ContextHandler.java:doStart(781)) - Started o.e.j.w.WebAppContext@1e0895f5{/,file:///tmp/jetty-0.0.0.0-13854-ozoneManager-_-any-4704336978653379580.dir/webapp/,AVAILABLE}{/ozoneManager}
2019-10-14 10:16:25,422 [main] INFO  server.AbstractConnector (AbstractConnector.java:doStart(278)) - Started ServerConnector@1ac4ccad{HTTP/1.1,[http/1.1]}{0.0.0.0:13854}
2019-10-14 10:16:25,423 [main] INFO  server.Server (Server.java:doStart(419)) - Started @8099ms
2019-10-14 10:16:25,423 [main] WARN  impl.MetricsSystemImpl (MetricsSystemImpl.java:register(276)) - Sink prometheus already exists!
2019-10-14 10:16:25,424 [main] INFO  server.BaseHttpServer (BaseHttpServer.java:updateConnectorAddress(215)) - HTTP server of OZONEMANAGER is listening at http://0.0.0.0:13854
2019-10-14 10:16:25,424 [main] INFO  ozone.MiniOzoneHAClusterImpl (MiniOzoneHAClusterImpl.java:createOMService(274)) - Started OzoneManager RPC server at localhost/127.0.0.1:13852
2019-10-14 10:16:25,601 [main] INFO  impl.MetricsSystemImpl (MetricsSystemImpl.java:init(158)) - HddsDatanode metrics system started (again)
2019-10-14 10:16:25,656 [main] INFO  ozone.HddsDatanodeService (HddsDatanodeService.java:start(184)) - HddsDatanodeService host:pr-hdds-1569-vp9xg-4248047660 ip:192.168.164.214
2019-10-14 10:16:25,690 [main] INFO  volume.HddsVolume (HddsVolume.java:<init>(176)) - Creating Volume: /workdir/hadoop-ozone/ozonefs/target/test-dir/MiniOzoneClusterImpl-85c09e26-9b56-4407-9c77-57370d286ecc/datanode-0/data/containers/hdds of  storage type : DISK and capacity : 1482555576320
2019-10-14 10:16:25,692 [main] INFO  volume.VolumeSet (VolumeSet.java:initializeVolumeSet(170)) - Added Volume : /workdir/hadoop-ozone/ozonefs/target/test-dir/MiniOzoneClusterImpl-85c09e26-9b56-4407-9c77-57370d286ecc/datanode-0/data/containers/hdds to VolumeSet
2019-10-14 10:16:25,694 [main] INFO  volume.ThrottledAsyncChecker (ThrottledAsyncChecker.java:schedule(139)) - Scheduling a check for org.apache.hadoop.ozone.container.common.volume.HddsVolume@51ec2856
2019-10-14 10:16:25,711 [main] INFO  volume.HddsVolumeChecker (HddsVolumeChecker.java:checkAllVolumes(202)) - Scheduled health check for volume org.apache.hadoop.ozone.container.common.volume.HddsVolume@51ec2856
2019-10-14 10:16:25,786 [grpc-default-executor-1] INFO  impl.RaftServerImpl (ServerState.java:setLeader(253)) - omNode-3@group-523986131536: change Leader from null to omNode-1 at term 1 for appendEntries, leader elected after 448ms
2019-10-14 10:16:25,797 [grpc-default-executor-1] INFO  impl.RaftServerImpl (ServerState.java:setRaftConf(354)) - omNode-3@group-523986131536: set configuration 0: [omNode-3:localhost:13856, omNode-1:localhost:13844, omNode-2:localhost:13850], old=null at 0
2019-10-14 10:16:25,797 [grpc-default-executor-1] INFO  segmented.SegmentedRaftLogWorker (SegmentedRaftLogWorker.java:startLogSegment(380)) - omNode-3@group-523986131536-SegmentedRaftLogWorker: Starting segment from index:0
2019-10-14 10:16:25,798 [main] INFO  impl.RaftServerProxy (ConfUtils.java:logGet(43)) - raft.rpc.type = GRPC (default)
2019-10-14 10:16:25,799 [main] INFO  grpc.GrpcFactory (GrpcFactory.java:checkPooledByteBufAllocatorUseCacheForAllThreads(45)) - PERFORMANCE WARNING: useCacheForAllThreads is true that may cause Netty to create a lot garbage objects and, as a result, trigger GC.
	It is recommended to disable useCacheForAllThreads by setting -Dorg.apache.ratis.thirdparty.io.netty.allocator.useCacheForAllThreads=false in command line.
2019-10-14 10:16:25,799 [main] INFO  grpc.GrpcConfigKeys$Server (ConfUtils.java:logGet(43)) - raft.grpc.server.port = 0 (default)
2019-10-14 10:16:25,799 [main] INFO  server.GrpcService (ConfUtils.java:logGet(43)) - raft.grpc.message.size.max = 33570816 (custom)
2019-10-14 10:16:25,800 [main] INFO  server.RaftServerConfigKeys (ConfUtils.java:logGet(43)) - raft.server.log.appender.buffer.byte-limit = 33554432 (custom)
2019-10-14 10:16:25,800 [main] INFO  server.GrpcService (ConfUtils.java:logGet(43)) - raft.grpc.flow.control.window = 1MB (=1048576) (default)
2019-10-14 10:16:25,800 [main] INFO  server.RaftServerConfigKeys (ConfUtils.java:logGet(43)) - raft.server.rpc.request.timeout = 3000ms (default)
2019-10-14 10:16:25,801 [main] INFO  server.RaftServerConfigKeys (ConfUtils.java:logGet(43)) - raft.server.storage.dir = [/workdir/hadoop-ozone/ozonefs/target/test-dir/MiniOzoneClusterImpl-85c09e26-9b56-4407-9c77-57370d286ecc/datanode-0/data/ratis] (custom)
2019-10-14 10:16:25,820 [omNode-3@group-523986131536-SegmentedRaftLogWorker] INFO  segmented.SegmentedRaftLogWorker (SegmentedRaftLogWorker.java:execute(569)) - omNode-3@group-523986131536-SegmentedRaftLogWorker: created new log segment /workdir/hadoop-ozone/ozonefs/target/test-dir/MiniOzoneClusterImpl-85c09e26-9b56-4407-9c77-57370d286ecc/omNode-3/ratis/c9bc4cf4-3bc3-3c60-a66b-523986131536/current/log_inprogress_0
2019-10-14 10:16:25,874 [main] INFO  hdfs.DFSUtil (DFSUtil.java:httpServerTemplateForNNAndJN(1641)) - Starting Web-server for hddsDatanode at: http://0.0.0.0:0
2019-10-14 10:16:25,876 [main] INFO  server.AuthenticationFilter (AuthenticationFilter.java:constructSecretProvider(240)) - Unable to initialize FileSignerSecretProvider, falling back to use random secrets.
2019-10-14 10:16:25,877 [main] WARN  http.HttpRequestLog (HttpRequestLog.java:getRequestLog(97)) - Jetty request log can only be enabled using Log4j
2019-10-14 10:16:25,880 [main] INFO  http.HttpServer2 (HttpServer2.java:addGlobalFilter(975)) - Added global filter 'safety' (class=org.apache.hadoop.http.HttpServer2$QuotingInputFilter)
2019-10-14 10:16:25,881 [main] INFO  http.HttpServer2 (HttpServer2.java:addFilter(948)) - Added filter static_user_filter (class=org.apache.hadoop.http.lib.StaticUserWebFilter$StaticUserFilter) to context hddsDatanode
2019-10-14 10:16:25,882 [main] INFO  http.HttpServer2 (HttpServer2.java:addFilter(958)) - Added filter static_user_filter (class=org.apache.hadoop.http.lib.StaticUserWebFilter$StaticUserFilter) to context static
2019-10-14 10:16:25,882 [main] INFO  http.HttpServer2 (HttpServer2.java:addFilter(958)) - Added filter static_user_filter (class=org.apache.hadoop.http.lib.StaticUserWebFilter$StaticUserFilter) to context logs
2019-10-14 10:16:25,883 [main] INFO  http.HttpServer2 (HttpServer2.java:bindListener(1191)) - Jetty bound to port 34926
2019-10-14 10:16:25,883 [main] INFO  server.Server (Server.java:doStart(351)) - jetty-9.3.25.v20180904, build timestamp: 2018-09-04T21:11:46Z, git hash: 3ce520221d0240229c862b122d2b06c12a625732
2019-10-14 10:16:25,886 [main] INFO  handler.ContextHandler (ContextHandler.java:doStart(781)) - Started o.e.j.s.ServletContextHandler@67cefd84{/logs,file:///workdir/hadoop-ozone/ozonefs/target/log,AVAILABLE}
2019-10-14 10:16:25,887 [main] INFO  handler.ContextHandler (ContextHandler.java:doStart(781)) - Started o.e.j.s.ServletContextHandler@6add8e3f{/static,jar:file:/home/user/.m2/repository/org/apache/hadoop/hadoop-hdds-container-service/0.5.0-SNAPSHOT/hadoop-hdds-container-service-0.5.0-SNAPSHOT.jar!/webapps/static,AVAILABLE}
2019-10-14 10:16:25,919 [main] INFO  handler.ContextHandler (ContextHandler.java:doStart(781)) - Started o.e.j.w.WebAppContext@5f95f1e1{/,file:///tmp/jetty-0.0.0.0-34926-hddsDatanode-_-any-3190838284424718723.dir/webapp/,AVAILABLE}{/hddsDatanode}
2019-10-14 10:16:25,919 [main] INFO  server.AbstractConnector (AbstractConnector.java:doStart(278)) - Started ServerConnector@672a1c62{HTTP/1.1,[http/1.1]}{0.0.0.0:34926}
2019-10-14 10:16:25,920 [main] INFO  server.Server (Server.java:doStart(419)) - Started @8597ms
2019-10-14 10:16:25,921 [main] WARN  impl.MetricsSystemImpl (MetricsSystemImpl.java:register(276)) - Sink prometheus already exists!
2019-10-14 10:16:25,921 [main] INFO  server.BaseHttpServer (BaseHttpServer.java:updateConnectorAddress(215)) - HTTP server of HDDSDATANODE is listening at http://0.0.0.0:34926
2019-10-14 10:16:25,922 [main] INFO  impl.MetricsSystemImpl (MetricsSystemImpl.java:init(158)) - HddsDatanode metrics system started (again)
2019-10-14 10:16:25,926 [main] INFO  ozone.HddsDatanodeService (HddsDatanodeService.java:start(184)) - HddsDatanodeService host:pr-hdds-1569-vp9xg-4248047660 ip:192.168.164.214
2019-10-14 10:16:25,930 [org.apache.hadoop.util.JvmPauseMonitor$Monitor@77a6a9c5] INFO  util.JvmPauseMonitor (JvmPauseMonitor.java:run(188)) - Starting JVM pause monitor
2019-10-14 10:16:25,935 [main] INFO  volume.HddsVolume (HddsVolume.java:<init>(176)) - Creating Volume: /workdir/hadoop-ozone/ozonefs/target/test-dir/MiniOzoneClusterImpl-85c09e26-9b56-4407-9c77-57370d286ecc/datanode-1/data/containers/hdds of  storage type : DISK and capacity : 1482555576320
2019-10-14 10:16:25,936 [main] INFO  volume.VolumeSet (VolumeSet.java:initializeVolumeSet(170)) - Added Volume : /workdir/hadoop-ozone/ozonefs/target/test-dir/MiniOzoneClusterImpl-85c09e26-9b56-4407-9c77-57370d286ecc/datanode-1/data/containers/hdds to VolumeSet
2019-10-14 10:16:25,936 [main] INFO  volume.ThrottledAsyncChecker (ThrottledAsyncChecker.java:schedule(139)) - Scheduling a check for org.apache.hadoop.ozone.container.common.volume.HddsVolume@3cad68df
2019-10-14 10:16:25,937 [main] INFO  volume.HddsVolumeChecker (HddsVolumeChecker.java:checkAllVolumes(202)) - Scheduled health check for volume org.apache.hadoop.ozone.container.common.volume.HddsVolume@3cad68df
2019-10-14 10:16:25,959 [main] INFO  impl.RaftServerProxy (ConfUtils.java:logGet(43)) - raft.rpc.type = GRPC (default)
2019-10-14 10:16:25,959 [main] INFO  grpc.GrpcFactory (GrpcFactory.java:checkPooledByteBufAllocatorUseCacheForAllThreads(45)) - PERFORMANCE WARNING: useCacheForAllThreads is true that may cause Netty to create a lot garbage objects and, as a result, trigger GC.
	It is recommended to disable useCacheForAllThreads by setting -Dorg.apache.ratis.thirdparty.io.netty.allocator.useCacheForAllThreads=false in command line.
2019-10-14 10:16:25,960 [main] INFO  grpc.GrpcConfigKeys$Server (ConfUtils.java:logGet(43)) - raft.grpc.server.port = 0 (default)
2019-10-14 10:16:25,960 [main] INFO  server.GrpcService (ConfUtils.java:logGet(43)) - raft.grpc.message.size.max = 33570816 (custom)
2019-10-14 10:16:25,960 [main] INFO  server.RaftServerConfigKeys (ConfUtils.java:logGet(43)) - raft.server.log.appender.buffer.byte-limit = 33554432 (custom)
2019-10-14 10:16:25,960 [main] INFO  server.GrpcService (ConfUtils.java:logGet(43)) - raft.grpc.flow.control.window = 1MB (=1048576) (default)
2019-10-14 10:16:25,961 [main] INFO  server.RaftServerConfigKeys (ConfUtils.java:logGet(43)) - raft.server.rpc.request.timeout = 3000ms (default)
2019-10-14 10:16:25,961 [main] INFO  server.RaftServerConfigKeys (ConfUtils.java:logGet(43)) - raft.server.storage.dir = [/workdir/hadoop-ozone/ozonefs/target/test-dir/MiniOzoneClusterImpl-85c09e26-9b56-4407-9c77-57370d286ecc/datanode-1/data/ratis] (custom)
2019-10-14 10:16:25,963 [main] INFO  hdfs.DFSUtil (DFSUtil.java:httpServerTemplateForNNAndJN(1641)) - Starting Web-server for hddsDatanode at: http://0.0.0.0:0
2019-10-14 10:16:25,964 [main] INFO  server.AuthenticationFilter (AuthenticationFilter.java:constructSecretProvider(240)) - Unable to initialize FileSignerSecretProvider, falling back to use random secrets.
2019-10-14 10:16:25,965 [main] WARN  http.HttpRequestLog (HttpRequestLog.java:getRequestLog(97)) - Jetty request log can only be enabled using Log4j
2019-10-14 10:16:25,967 [main] INFO  http.HttpServer2 (HttpServer2.java:addGlobalFilter(975)) - Added global filter 'safety' (class=org.apache.hadoop.http.HttpServer2$QuotingInputFilter)
2019-10-14 10:16:25,968 [main] INFO  http.HttpServer2 (HttpServer2.java:addFilter(948)) - Added filter static_user_filter (class=org.apache.hadoop.http.lib.StaticUserWebFilter$StaticUserFilter) to context hddsDatanode
2019-10-14 10:16:25,968 [main] INFO  http.HttpServer2 (HttpServer2.java:addFilter(958)) - Added filter static_user_filter (class=org.apache.hadoop.http.lib.StaticUserWebFilter$StaticUserFilter) to context static
2019-10-14 10:16:25,968 [main] INFO  http.HttpServer2 (HttpServer2.java:addFilter(958)) - Added filter static_user_filter (class=org.apache.hadoop.http.lib.StaticUserWebFilter$StaticUserFilter) to context logs
2019-10-14 10:16:25,969 [main] INFO  http.HttpServer2 (HttpServer2.java:bindListener(1191)) - Jetty bound to port 33682
2019-10-14 10:16:25,970 [main] INFO  server.Server (Server.java:doStart(351)) - jetty-9.3.25.v20180904, build timestamp: 2018-09-04T21:11:46Z, git hash: 3ce520221d0240229c862b122d2b06c12a625732
2019-10-14 10:16:25,974 [main] INFO  handler.ContextHandler (ContextHandler.java:doStart(781)) - Started o.e.j.s.ServletContextHandler@7c112f5f{/logs,file:///workdir/hadoop-ozone/ozonefs/target/log,AVAILABLE}
2019-10-14 10:16:25,975 [main] INFO  handler.ContextHandler (ContextHandler.java:doStart(781)) - Started o.e.j.s.ServletContextHandler@4fd05028{/static,jar:file:/home/user/.m2/repository/org/apache/hadoop/hadoop-hdds-container-service/0.5.0-SNAPSHOT/hadoop-hdds-container-service-0.5.0-SNAPSHOT.jar!/webapps/static,AVAILABLE}
2019-10-14 10:16:26,006 [main] INFO  handler.ContextHandler (ContextHandler.java:doStart(781)) - Started o.e.j.w.WebAppContext@6f2e1024{/,file:///tmp/jetty-0.0.0.0-33682-hddsDatanode-_-any-6906738389460341391.dir/webapp/,AVAILABLE}{/hddsDatanode}
2019-10-14 10:16:26,007 [main] INFO  server.AbstractConnector (AbstractConnector.java:doStart(278)) - Started ServerConnector@536d97f8{HTTP/1.1,[http/1.1]}{0.0.0.0:33682}
2019-10-14 10:16:26,009 [main] INFO  server.Server (Server.java:doStart(419)) - Started @8685ms
2019-10-14 10:16:26,009 [main] WARN  impl.MetricsSystemImpl (MetricsSystemImpl.java:register(276)) - Sink prometheus already exists!
2019-10-14 10:16:26,010 [main] INFO  server.BaseHttpServer (BaseHttpServer.java:updateConnectorAddress(215)) - HTTP server of HDDSDATANODE is listening at http://0.0.0.0:33682
2019-10-14 10:16:26,010 [main] INFO  impl.MetricsSystemImpl (MetricsSystemImpl.java:init(158)) - HddsDatanode metrics system started (again)
2019-10-14 10:16:26,016 [org.apache.hadoop.util.JvmPauseMonitor$Monitor@2d66e2fd] INFO  util.JvmPauseMonitor (JvmPauseMonitor.java:run(188)) - Starting JVM pause monitor
2019-10-14 10:16:26,017 [main] INFO  ozone.HddsDatanodeService (HddsDatanodeService.java:start(184)) - HddsDatanodeService host:pr-hdds-1569-vp9xg-4248047660 ip:192.168.164.214
2019-10-14 10:16:26,029 [main] INFO  volume.HddsVolume (HddsVolume.java:<init>(176)) - Creating Volume: /workdir/hadoop-ozone/ozonefs/target/test-dir/MiniOzoneClusterImpl-85c09e26-9b56-4407-9c77-57370d286ecc/datanode-2/data/containers/hdds of  storage type : DISK and capacity : 1482555576320
2019-10-14 10:16:26,030 [main] INFO  volume.VolumeSet (VolumeSet.java:initializeVolumeSet(170)) - Added Volume : /workdir/hadoop-ozone/ozonefs/target/test-dir/MiniOzoneClusterImpl-85c09e26-9b56-4407-9c77-57370d286ecc/datanode-2/data/containers/hdds to VolumeSet
2019-10-14 10:16:26,030 [main] INFO  volume.ThrottledAsyncChecker (ThrottledAsyncChecker.java:schedule(139)) - Scheduling a check for org.apache.hadoop.ozone.container.common.volume.HddsVolume@788ba63e
2019-10-14 10:16:26,031 [main] INFO  volume.HddsVolumeChecker (HddsVolumeChecker.java:checkAllVolumes(202)) - Scheduled health check for volume org.apache.hadoop.ozone.container.common.volume.HddsVolume@788ba63e
2019-10-14 10:16:26,053 [main] INFO  impl.RaftServerProxy (ConfUtils.java:logGet(43)) - raft.rpc.type = GRPC (default)
2019-10-14 10:16:26,054 [main] INFO  grpc.GrpcFactory (GrpcFactory.java:checkPooledByteBufAllocatorUseCacheForAllThreads(45)) - PERFORMANCE WARNING: useCacheForAllThreads is true that may cause Netty to create a lot garbage objects and, as a result, trigger GC.
	It is recommended to disable useCacheForAllThreads by setting -Dorg.apache.ratis.thirdparty.io.netty.allocator.useCacheForAllThreads=false in command line.
2019-10-14 10:16:26,054 [main] INFO  grpc.GrpcConfigKeys$Server (ConfUtils.java:logGet(43)) - raft.grpc.server.port = 0 (default)
2019-10-14 10:16:26,054 [main] INFO  server.GrpcService (ConfUtils.java:logGet(43)) - raft.grpc.message.size.max = 33570816 (custom)
2019-10-14 10:16:26,054 [main] INFO  server.RaftServerConfigKeys (ConfUtils.java:logGet(43)) - raft.server.log.appender.buffer.byte-limit = 33554432 (custom)
2019-10-14 10:16:26,055 [main] INFO  server.GrpcService (ConfUtils.java:logGet(43)) - raft.grpc.flow.control.window = 1MB (=1048576) (default)
2019-10-14 10:16:26,055 [main] INFO  server.RaftServerConfigKeys (ConfUtils.java:logGet(43)) - raft.server.rpc.request.timeout = 3000ms (default)
2019-10-14 10:16:26,055 [main] INFO  server.RaftServerConfigKeys (ConfUtils.java:logGet(43)) - raft.server.storage.dir = [/workdir/hadoop-ozone/ozonefs/target/test-dir/MiniOzoneClusterImpl-85c09e26-9b56-4407-9c77-57370d286ecc/datanode-2/data/ratis] (custom)
2019-10-14 10:16:26,057 [main] INFO  hdfs.DFSUtil (DFSUtil.java:httpServerTemplateForNNAndJN(1641)) - Starting Web-server for hddsDatanode at: http://0.0.0.0:0
2019-10-14 10:16:26,059 [main] INFO  server.AuthenticationFilter (AuthenticationFilter.java:constructSecretProvider(240)) - Unable to initialize FileSignerSecretProvider, falling back to use random secrets.
2019-10-14 10:16:26,060 [main] WARN  http.HttpRequestLog (HttpRequestLog.java:getRequestLog(97)) - Jetty request log can only be enabled using Log4j
2019-10-14 10:16:26,062 [main] INFO  http.HttpServer2 (HttpServer2.java:addGlobalFilter(975)) - Added global filter 'safety' (class=org.apache.hadoop.http.HttpServer2$QuotingInputFilter)
2019-10-14 10:16:26,063 [main] INFO  http.HttpServer2 (HttpServer2.java:addFilter(948)) - Added filter static_user_filter (class=org.apache.hadoop.http.lib.StaticUserWebFilter$StaticUserFilter) to context hddsDatanode
2019-10-14 10:16:26,063 [main] INFO  http.HttpServer2 (HttpServer2.java:addFilter(958)) - Added filter static_user_filter (class=org.apache.hadoop.http.lib.StaticUserWebFilter$StaticUserFilter) to context logs
2019-10-14 10:16:26,063 [main] INFO  http.HttpServer2 (HttpServer2.java:addFilter(958)) - Added filter static_user_filter (class=org.apache.hadoop.http.lib.StaticUserWebFilter$StaticUserFilter) to context static
2019-10-14 10:16:26,064 [main] INFO  http.HttpServer2 (HttpServer2.java:bindListener(1191)) - Jetty bound to port 35892
2019-10-14 10:16:26,064 [main] INFO  server.Server (Server.java:doStart(351)) - jetty-9.3.25.v20180904, build timestamp: 2018-09-04T21:11:46Z, git hash: 3ce520221d0240229c862b122d2b06c12a625732
2019-10-14 10:16:26,066 [main] INFO  handler.ContextHandler (ContextHandler.java:doStart(781)) - Started o.e.j.s.ServletContextHandler@15efda6c{/logs,file:///workdir/hadoop-ozone/ozonefs/target/log,AVAILABLE}
2019-10-14 10:16:26,067 [main] INFO  handler.ContextHandler (ContextHandler.java:doStart(781)) - Started o.e.j.s.ServletContextHandler@33f2df51{/static,jar:file:/home/user/.m2/repository/org/apache/hadoop/hadoop-hdds-container-service/0.5.0-SNAPSHOT/hadoop-hdds-container-service-0.5.0-SNAPSHOT.jar!/webapps/static,AVAILABLE}
2019-10-14 10:16:26,069 [Datanode State Machine Thread - 0] INFO  datanode.InitDatanodeState (InitDatanodeState.java:persistContainerDatanodeDetails(140)) - DatanodeDetails is persisted to /workdir/hadoop-ozone/ozonefs/target/test-dir/MiniOzoneClusterImpl-85c09e26-9b56-4407-9c77-57370d286ecc/datanode-0/meta/datanode.id
2019-10-14 10:16:26,075 [Datanode State Machine Thread - 0] INFO  datanode.InitDatanodeState (InitDatanodeState.java:persistContainerDatanodeDetails(140)) - DatanodeDetails is persisted to /workdir/hadoop-ozone/ozonefs/target/test-dir/MiniOzoneClusterImpl-85c09e26-9b56-4407-9c77-57370d286ecc/datanode-1/meta/datanode.id
2019-10-14 10:16:26,099 [main] INFO  handler.ContextHandler (ContextHandler.java:doStart(781)) - Started o.e.j.w.WebAppContext@4832f03b{/,file:///tmp/jetty-0.0.0.0-35892-hddsDatanode-_-any-4148896424418529720.dir/webapp/,AVAILABLE}{/hddsDatanode}
2019-10-14 10:16:26,100 [main] INFO  server.AbstractConnector (AbstractConnector.java:doStart(278)) - Started ServerConnector@7af3874e{HTTP/1.1,[http/1.1]}{0.0.0.0:35892}
2019-10-14 10:16:26,101 [main] INFO  server.Server (Server.java:doStart(419)) - Started @8778ms
2019-10-14 10:16:26,101 [main] WARN  impl.MetricsSystemImpl (MetricsSystemImpl.java:register(276)) - Sink prometheus already exists!
2019-10-14 10:16:26,102 [main] INFO  server.BaseHttpServer (BaseHttpServer.java:updateConnectorAddress(215)) - HTTP server of HDDSDATANODE is listening at http://0.0.0.0:35892
2019-10-14 10:16:26,102 [main] INFO  impl.MetricsSystemImpl (MetricsSystemImpl.java:init(158)) - HddsDatanode metrics system started (again)
2019-10-14 10:16:26,107 [org.apache.hadoop.util.JvmPauseMonitor$Monitor@5ab4991c] INFO  util.JvmPauseMonitor (JvmPauseMonitor.java:run(188)) - Starting JVM pause monitor
2019-10-14 10:16:26,107 [main] INFO  ozone.HddsDatanodeService (HddsDatanodeService.java:start(184)) - HddsDatanodeService host:pr-hdds-1569-vp9xg-4248047660 ip:192.168.164.214
2019-10-14 10:16:26,111 [Datanode State Machine Thread - 0] INFO  datanode.InitDatanodeState (InitDatanodeState.java:persistContainerDatanodeDetails(140)) - DatanodeDetails is persisted to /workdir/hadoop-ozone/ozonefs/target/test-dir/MiniOzoneClusterImpl-85c09e26-9b56-4407-9c77-57370d286ecc/datanode-2/meta/datanode.id
2019-10-14 10:16:26,116 [main] INFO  volume.HddsVolume (HddsVolume.java:<init>(176)) - Creating Volume: /workdir/hadoop-ozone/ozonefs/target/test-dir/MiniOzoneClusterImpl-85c09e26-9b56-4407-9c77-57370d286ecc/datanode-3/data/containers/hdds of  storage type : DISK and capacity : 1482555576320
2019-10-14 10:16:26,117 [main] INFO  volume.VolumeSet (VolumeSet.java:initializeVolumeSet(170)) - Added Volume : /workdir/hadoop-ozone/ozonefs/target/test-dir/MiniOzoneClusterImpl-85c09e26-9b56-4407-9c77-57370d286ecc/datanode-3/data/containers/hdds to VolumeSet
2019-10-14 10:16:26,117 [main] INFO  volume.ThrottledAsyncChecker (ThrottledAsyncChecker.java:schedule(139)) - Scheduling a check for org.apache.hadoop.ozone.container.common.volume.HddsVolume@38f77cd9
2019-10-14 10:16:26,117 [main] INFO  volume.HddsVolumeChecker (HddsVolumeChecker.java:checkAllVolumes(202)) - Scheduled health check for volume org.apache.hadoop.ozone.container.common.volume.HddsVolume@38f77cd9
2019-10-14 10:16:26,139 [main] INFO  impl.RaftServerProxy (ConfUtils.java:logGet(43)) - raft.rpc.type = GRPC (default)
2019-10-14 10:16:26,140 [main] INFO  grpc.GrpcFactory (GrpcFactory.java:checkPooledByteBufAllocatorUseCacheForAllThreads(45)) - PERFORMANCE WARNING: useCacheForAllThreads is true that may cause Netty to create a lot garbage objects and, as a result, trigger GC.
	It is recommended to disable useCacheForAllThreads by setting -Dorg.apache.ratis.thirdparty.io.netty.allocator.useCacheForAllThreads=false in command line.
2019-10-14 10:16:26,140 [main] INFO  grpc.GrpcConfigKeys$Server (ConfUtils.java:logGet(43)) - raft.grpc.server.port = 0 (default)
2019-10-14 10:16:26,140 [main] INFO  server.GrpcService (ConfUtils.java:logGet(43)) - raft.grpc.message.size.max = 33570816 (custom)
2019-10-14 10:16:26,140 [main] INFO  server.RaftServerConfigKeys (ConfUtils.java:logGet(43)) - raft.server.log.appender.buffer.byte-limit = 33554432 (custom)
2019-10-14 10:16:26,140 [main] INFO  server.GrpcService (ConfUtils.java:logGet(43)) - raft.grpc.flow.control.window = 1MB (=1048576) (default)
2019-10-14 10:16:26,141 [main] INFO  server.RaftServerConfigKeys (ConfUtils.java:logGet(43)) - raft.server.rpc.request.timeout = 3000ms (default)
2019-10-14 10:16:26,141 [main] INFO  server.RaftServerConfigKeys (ConfUtils.java:logGet(43)) - raft.server.storage.dir = [/workdir/hadoop-ozone/ozonefs/target/test-dir/MiniOzoneClusterImpl-85c09e26-9b56-4407-9c77-57370d286ecc/datanode-3/data/ratis] (custom)
2019-10-14 10:16:26,143 [main] INFO  hdfs.DFSUtil (DFSUtil.java:httpServerTemplateForNNAndJN(1641)) - Starting Web-server for hddsDatanode at: http://0.0.0.0:0
2019-10-14 10:16:26,144 [main] INFO  server.AuthenticationFilter (AuthenticationFilter.java:constructSecretProvider(240)) - Unable to initialize FileSignerSecretProvider, falling back to use random secrets.
2019-10-14 10:16:26,145 [main] WARN  http.HttpRequestLog (HttpRequestLog.java:getRequestLog(97)) - Jetty request log can only be enabled using Log4j
2019-10-14 10:16:26,147 [main] INFO  http.HttpServer2 (HttpServer2.java:addGlobalFilter(975)) - Added global filter 'safety' (class=org.apache.hadoop.http.HttpServer2$QuotingInputFilter)
2019-10-14 10:16:26,148 [main] INFO  http.HttpServer2 (HttpServer2.java:addFilter(948)) - Added filter static_user_filter (class=org.apache.hadoop.http.lib.StaticUserWebFilter$StaticUserFilter) to context hddsDatanode
2019-10-14 10:16:26,148 [main] INFO  http.HttpServer2 (HttpServer2.java:addFilter(958)) - Added filter static_user_filter (class=org.apache.hadoop.http.lib.StaticUserWebFilter$StaticUserFilter) to context static
2019-10-14 10:16:26,148 [main] INFO  http.HttpServer2 (HttpServer2.java:addFilter(958)) - Added filter static_user_filter (class=org.apache.hadoop.http.lib.StaticUserWebFilter$StaticUserFilter) to context logs
2019-10-14 10:16:26,149 [main] INFO  http.HttpServer2 (HttpServer2.java:bindListener(1191)) - Jetty bound to port 33614
2019-10-14 10:16:26,149 [main] INFO  server.Server (Server.java:doStart(351)) - jetty-9.3.25.v20180904, build timestamp: 2018-09-04T21:11:46Z, git hash: 3ce520221d0240229c862b122d2b06c12a625732
2019-10-14 10:16:26,151 [main] INFO  handler.ContextHandler (ContextHandler.java:doStart(781)) - Started o.e.j.s.ServletContextHandler@6419a0e1{/logs,file:///workdir/hadoop-ozone/ozonefs/target/log,AVAILABLE}
2019-10-14 10:16:26,151 [main] INFO  handler.ContextHandler (ContextHandler.java:doStart(781)) - Started o.e.j.s.ServletContextHandler@44af588b{/static,jar:file:/home/user/.m2/repository/org/apache/hadoop/hadoop-hdds-container-service/0.5.0-SNAPSHOT/hadoop-hdds-container-service-0.5.0-SNAPSHOT.jar!/webapps/static,AVAILABLE}
2019-10-14 10:16:26,180 [main] INFO  handler.ContextHandler (ContextHandler.java:doStart(781)) - Started o.e.j.w.WebAppContext@5ceecfee{/,file:///tmp/jetty-0.0.0.0-33614-hddsDatanode-_-any-6155948372599915200.dir/webapp/,AVAILABLE}{/hddsDatanode}
2019-10-14 10:16:26,181 [main] INFO  server.AbstractConnector (AbstractConnector.java:doStart(278)) - Started ServerConnector@7da31a40{HTTP/1.1,[http/1.1]}{0.0.0.0:33614}
2019-10-14 10:16:26,182 [main] INFO  server.Server (Server.java:doStart(419)) - Started @8859ms
2019-10-14 10:16:26,182 [main] WARN  impl.MetricsSystemImpl (MetricsSystemImpl.java:register(276)) - Sink prometheus already exists!
2019-10-14 10:16:26,183 [main] INFO  server.BaseHttpServer (BaseHttpServer.java:updateConnectorAddress(215)) - HTTP server of HDDSDATANODE is listening at http://0.0.0.0:33614
2019-10-14 10:16:26,184 [main] INFO  impl.MetricsSystemImpl (MetricsSystemImpl.java:init(158)) - HddsDatanode metrics system started (again)
2019-10-14 10:16:26,188 [org.apache.hadoop.util.JvmPauseMonitor$Monitor@43e98da5] INFO  util.JvmPauseMonitor (JvmPauseMonitor.java:run(188)) - Starting JVM pause monitor
2019-10-14 10:16:26,188 [main] INFO  ozone.HddsDatanodeService (HddsDatanodeService.java:start(184)) - HddsDatanodeService host:pr-hdds-1569-vp9xg-4248047660 ip:192.168.164.214
2019-10-14 10:16:26,191 [Datanode State Machine Thread - 0] INFO  datanode.InitDatanodeState (InitDatanodeState.java:persistContainerDatanodeDetails(140)) - DatanodeDetails is persisted to /workdir/hadoop-ozone/ozonefs/target/test-dir/MiniOzoneClusterImpl-85c09e26-9b56-4407-9c77-57370d286ecc/datanode-3/meta/datanode.id
2019-10-14 10:16:26,199 [main] INFO  volume.HddsVolume (HddsVolume.java:<init>(176)) - Creating Volume: /workdir/hadoop-ozone/ozonefs/target/test-dir/MiniOzoneClusterImpl-85c09e26-9b56-4407-9c77-57370d286ecc/datanode-4/data/containers/hdds of  storage type : DISK and capacity : 1482555576320
2019-10-14 10:16:26,199 [main] INFO  volume.VolumeSet (VolumeSet.java:initializeVolumeSet(170)) - Added Volume : /workdir/hadoop-ozone/ozonefs/target/test-dir/MiniOzoneClusterImpl-85c09e26-9b56-4407-9c77-57370d286ecc/datanode-4/data/containers/hdds to VolumeSet
2019-10-14 10:16:26,200 [main] INFO  volume.ThrottledAsyncChecker (ThrottledAsyncChecker.java:schedule(139)) - Scheduling a check for org.apache.hadoop.ozone.container.common.volume.HddsVolume@2596d7f4
2019-10-14 10:16:26,200 [main] INFO  volume.HddsVolumeChecker (HddsVolumeChecker.java:checkAllVolumes(202)) - Scheduled health check for volume org.apache.hadoop.ozone.container.common.volume.HddsVolume@2596d7f4
2019-10-14 10:16:26,232 [main] INFO  impl.RaftServerProxy (ConfUtils.java:logGet(43)) - raft.rpc.type = GRPC (default)
2019-10-14 10:16:26,232 [main] INFO  grpc.GrpcFactory (GrpcFactory.java:checkPooledByteBufAllocatorUseCacheForAllThreads(45)) - PERFORMANCE WARNING: useCacheForAllThreads is true that may cause Netty to create a lot garbage objects and, as a result, trigger GC.
	It is recommended to disable useCacheForAllThreads by setting -Dorg.apache.ratis.thirdparty.io.netty.allocator.useCacheForAllThreads=false in command line.
2019-10-14 10:16:26,232 [main] INFO  grpc.GrpcConfigKeys$Server (ConfUtils.java:logGet(43)) - raft.grpc.server.port = 0 (default)
2019-10-14 10:16:26,233 [main] INFO  server.GrpcService (ConfUtils.java:logGet(43)) - raft.grpc.message.size.max = 33570816 (custom)
2019-10-14 10:16:26,233 [main] INFO  server.RaftServerConfigKeys (ConfUtils.java:logGet(43)) - raft.server.log.appender.buffer.byte-limit = 33554432 (custom)
2019-10-14 10:16:26,233 [main] INFO  server.GrpcService (ConfUtils.java:logGet(43)) - raft.grpc.flow.control.window = 1MB (=1048576) (default)
2019-10-14 10:16:26,234 [main] INFO  server.RaftServerConfigKeys (ConfUtils.java:logGet(43)) - raft.server.rpc.request.timeout = 3000ms (default)
2019-10-14 10:16:26,234 [main] INFO  server.RaftServerConfigKeys (ConfUtils.java:logGet(43)) - raft.server.storage.dir = [/workdir/hadoop-ozone/ozonefs/target/test-dir/MiniOzoneClusterImpl-85c09e26-9b56-4407-9c77-57370d286ecc/datanode-4/data/ratis] (custom)
2019-10-14 10:16:26,236 [main] INFO  hdfs.DFSUtil (DFSUtil.java:httpServerTemplateForNNAndJN(1641)) - Starting Web-server for hddsDatanode at: http://0.0.0.0:0
2019-10-14 10:16:26,239 [main] INFO  server.AuthenticationFilter (AuthenticationFilter.java:constructSecretProvider(240)) - Unable to initialize FileSignerSecretProvider, falling back to use random secrets.
2019-10-14 10:16:26,240 [main] WARN  http.HttpRequestLog (HttpRequestLog.java:getRequestLog(97)) - Jetty request log can only be enabled using Log4j
2019-10-14 10:16:26,243 [main] INFO  http.HttpServer2 (HttpServer2.java:addGlobalFilter(975)) - Added global filter 'safety' (class=org.apache.hadoop.http.HttpServer2$QuotingInputFilter)
2019-10-14 10:16:26,244 [main] INFO  http.HttpServer2 (HttpServer2.java:addFilter(948)) - Added filter static_user_filter (class=org.apache.hadoop.http.lib.StaticUserWebFilter$StaticUserFilter) to context hddsDatanode
2019-10-14 10:16:26,245 [main] INFO  http.HttpServer2 (HttpServer2.java:addFilter(958)) - Added filter static_user_filter (class=org.apache.hadoop.http.lib.StaticUserWebFilter$StaticUserFilter) to context static
2019-10-14 10:16:26,245 [main] INFO  http.HttpServer2 (HttpServer2.java:addFilter(958)) - Added filter static_user_filter (class=org.apache.hadoop.http.lib.StaticUserWebFilter$StaticUserFilter) to context logs
2019-10-14 10:16:26,246 [main] INFO  http.HttpServer2 (HttpServer2.java:bindListener(1191)) - Jetty bound to port 33792
2019-10-14 10:16:26,247 [main] INFO  server.Server (Server.java:doStart(351)) - jetty-9.3.25.v20180904, build timestamp: 2018-09-04T21:11:46Z, git hash: 3ce520221d0240229c862b122d2b06c12a625732
2019-10-14 10:16:26,249 [main] INFO  handler.ContextHandler (ContextHandler.java:doStart(781)) - Started o.e.j.s.ServletContextHandler@1fc713c9{/logs,file:///workdir/hadoop-ozone/ozonefs/target/log,AVAILABLE}
2019-10-14 10:16:26,250 [main] INFO  handler.ContextHandler (ContextHandler.java:doStart(781)) - Started o.e.j.s.ServletContextHandler@76b47204{/static,jar:file:/home/user/.m2/repository/org/apache/hadoop/hadoop-hdds-container-service/0.5.0-SNAPSHOT/hadoop-hdds-container-service-0.5.0-SNAPSHOT.jar!/webapps/static,AVAILABLE}
2019-10-14 10:16:26,293 [main] INFO  handler.ContextHandler (ContextHandler.java:doStart(781)) - Started o.e.j.w.WebAppContext@6e3ecf5c{/,file:///tmp/jetty-0.0.0.0-33792-hddsDatanode-_-any-9047104194155089725.dir/webapp/,AVAILABLE}{/hddsDatanode}
2019-10-14 10:16:26,295 [main] INFO  server.AbstractConnector (AbstractConnector.java:doStart(278)) - Started ServerConnector@67507df{HTTP/1.1,[http/1.1]}{0.0.0.0:33792}
2019-10-14 10:16:26,295 [main] INFO  server.Server (Server.java:doStart(419)) - Started @8971ms
2019-10-14 10:16:26,295 [main] WARN  impl.MetricsSystemImpl (MetricsSystemImpl.java:register(276)) - Sink prometheus already exists!
2019-10-14 10:16:26,296 [main] INFO  server.BaseHttpServer (BaseHttpServer.java:updateConnectorAddress(215)) - HTTP server of HDDSDATANODE is listening at http://0.0.0.0:33792
2019-10-14 10:16:26,297 [main] INFO  impl.MetricsSystemImpl (MetricsSystemImpl.java:init(158)) - HddsDatanode metrics system started (again)
2019-10-14 10:16:26,300 [org.apache.hadoop.util.JvmPauseMonitor$Monitor@531bc7ba] INFO  util.JvmPauseMonitor (JvmPauseMonitor.java:run(188)) - Starting JVM pause monitor
2019-10-14 10:16:26,304 [main] INFO  ozone.HddsDatanodeService (HddsDatanodeService.java:start(184)) - HddsDatanodeService host:pr-hdds-1569-vp9xg-4248047660 ip:192.168.164.214
2019-10-14 10:16:26,305 [Datanode State Machine Thread - 0] INFO  datanode.InitDatanodeState (InitDatanodeState.java:persistContainerDatanodeDetails(140)) - DatanodeDetails is persisted to /workdir/hadoop-ozone/ozonefs/target/test-dir/MiniOzoneClusterImpl-85c09e26-9b56-4407-9c77-57370d286ecc/datanode-4/meta/datanode.id
2019-10-14 10:16:26,314 [main] INFO  volume.HddsVolume (HddsVolume.java:<init>(176)) - Creating Volume: /workdir/hadoop-ozone/ozonefs/target/test-dir/MiniOzoneClusterImpl-85c09e26-9b56-4407-9c77-57370d286ecc/datanode-5/data/containers/hdds of  storage type : DISK and capacity : 1482555576320
2019-10-14 10:16:26,315 [main] INFO  volume.VolumeSet (VolumeSet.java:initializeVolumeSet(170)) - Added Volume : /workdir/hadoop-ozone/ozonefs/target/test-dir/MiniOzoneClusterImpl-85c09e26-9b56-4407-9c77-57370d286ecc/datanode-5/data/containers/hdds to VolumeSet
2019-10-14 10:16:26,315 [main] INFO  volume.ThrottledAsyncChecker (ThrottledAsyncChecker.java:schedule(139)) - Scheduling a check for org.apache.hadoop.ozone.container.common.volume.HddsVolume@7a4d582c
2019-10-14 10:16:26,315 [main] INFO  volume.HddsVolumeChecker (HddsVolumeChecker.java:checkAllVolumes(202)) - Scheduled health check for volume org.apache.hadoop.ozone.container.common.volume.HddsVolume@7a4d582c
2019-10-14 10:16:26,339 [main] INFO  impl.RaftServerProxy (ConfUtils.java:logGet(43)) - raft.rpc.type = GRPC (default)
2019-10-14 10:16:26,340 [main] INFO  grpc.GrpcFactory (GrpcFactory.java:checkPooledByteBufAllocatorUseCacheForAllThreads(45)) - PERFORMANCE WARNING: useCacheForAllThreads is true that may cause Netty to create a lot garbage objects and, as a result, trigger GC.
	It is recommended to disable useCacheForAllThreads by setting -Dorg.apache.ratis.thirdparty.io.netty.allocator.useCacheForAllThreads=false in command line.
2019-10-14 10:16:26,340 [main] INFO  grpc.GrpcConfigKeys$Server (ConfUtils.java:logGet(43)) - raft.grpc.server.port = 0 (default)
2019-10-14 10:16:26,340 [main] INFO  server.GrpcService (ConfUtils.java:logGet(43)) - raft.grpc.message.size.max = 33570816 (custom)
2019-10-14 10:16:26,340 [main] INFO  server.RaftServerConfigKeys (ConfUtils.java:logGet(43)) - raft.server.log.appender.buffer.byte-limit = 33554432 (custom)
2019-10-14 10:16:26,341 [main] INFO  server.GrpcService (ConfUtils.java:logGet(43)) - raft.grpc.flow.control.window = 1MB (=1048576) (default)
2019-10-14 10:16:26,341 [main] INFO  server.RaftServerConfigKeys (ConfUtils.java:logGet(43)) - raft.server.rpc.request.timeout = 3000ms (default)
2019-10-14 10:16:26,341 [main] INFO  server.RaftServerConfigKeys (ConfUtils.java:logGet(43)) - raft.server.storage.dir = [/workdir/hadoop-ozone/ozonefs/target/test-dir/MiniOzoneClusterImpl-85c09e26-9b56-4407-9c77-57370d286ecc/datanode-5/data/ratis] (custom)
2019-10-14 10:16:26,343 [main] INFO  hdfs.DFSUtil (DFSUtil.java:httpServerTemplateForNNAndJN(1641)) - Starting Web-server for hddsDatanode at: http://0.0.0.0:0
2019-10-14 10:16:26,345 [main] INFO  server.AuthenticationFilter (AuthenticationFilter.java:constructSecretProvider(240)) - Unable to initialize FileSignerSecretProvider, falling back to use random secrets.
2019-10-14 10:16:26,345 [main] WARN  http.HttpRequestLog (HttpRequestLog.java:getRequestLog(97)) - Jetty request log can only be enabled using Log4j
2019-10-14 10:16:26,347 [main] INFO  http.HttpServer2 (HttpServer2.java:addGlobalFilter(975)) - Added global filter 'safety' (class=org.apache.hadoop.http.HttpServer2$QuotingInputFilter)
2019-10-14 10:16:26,348 [main] INFO  http.HttpServer2 (HttpServer2.java:addFilter(948)) - Added filter static_user_filter (class=org.apache.hadoop.http.lib.StaticUserWebFilter$StaticUserFilter) to context hddsDatanode
2019-10-14 10:16:26,348 [main] INFO  http.HttpServer2 (HttpServer2.java:addFilter(958)) - Added filter static_user_filter (class=org.apache.hadoop.http.lib.StaticUserWebFilter$StaticUserFilter) to context static
2019-10-14 10:16:26,348 [main] INFO  http.HttpServer2 (HttpServer2.java:addFilter(958)) - Added filter static_user_filter (class=org.apache.hadoop.http.lib.StaticUserWebFilter$StaticUserFilter) to context logs
2019-10-14 10:16:26,349 [main] INFO  http.HttpServer2 (HttpServer2.java:bindListener(1191)) - Jetty bound to port 36316
2019-10-14 10:16:26,349 [main] INFO  server.Server (Server.java:doStart(351)) - jetty-9.3.25.v20180904, build timestamp: 2018-09-04T21:11:46Z, git hash: 3ce520221d0240229c862b122d2b06c12a625732
2019-10-14 10:16:26,351 [main] INFO  handler.ContextHandler (ContextHandler.java:doStart(781)) - Started o.e.j.s.ServletContextHandler@2b0dc227{/logs,file:///workdir/hadoop-ozone/ozonefs/target/log,AVAILABLE}
2019-10-14 10:16:26,352 [main] INFO  handler.ContextHandler (ContextHandler.java:doStart(781)) - Started o.e.j.s.ServletContextHandler@43bdaa1b{/static,jar:file:/home/user/.m2/repository/org/apache/hadoop/hadoop-hdds-container-service/0.5.0-SNAPSHOT/hadoop-hdds-container-service-0.5.0-SNAPSHOT.jar!/webapps/static,AVAILABLE}
2019-10-14 10:16:26,380 [main] INFO  handler.ContextHandler (ContextHandler.java:doStart(781)) - Started o.e.j.w.WebAppContext@3166f664{/,file:///tmp/jetty-0.0.0.0-36316-hddsDatanode-_-any-679410668564087470.dir/webapp/,AVAILABLE}{/hddsDatanode}
2019-10-14 10:16:26,380 [main] INFO  server.AbstractConnector (AbstractConnector.java:doStart(278)) - Started ServerConnector@47ac613b{HTTP/1.1,[http/1.1]}{0.0.0.0:36316}
2019-10-14 10:16:26,382 [main] INFO  server.Server (Server.java:doStart(419)) - Started @9058ms
2019-10-14 10:16:26,382 [main] WARN  impl.MetricsSystemImpl (MetricsSystemImpl.java:register(276)) - Sink prometheus already exists!
2019-10-14 10:16:26,383 [main] INFO  server.BaseHttpServer (BaseHttpServer.java:updateConnectorAddress(215)) - HTTP server of HDDSDATANODE is listening at http://0.0.0.0:36316
2019-10-14 10:16:26,383 [main] INFO  impl.MetricsSystemImpl (MetricsSystemImpl.java:init(158)) - HddsDatanode metrics system started (again)
2019-10-14 10:16:26,388 [org.apache.hadoop.util.JvmPauseMonitor$Monitor@6ffbd959] INFO  util.JvmPauseMonitor (JvmPauseMonitor.java:run(188)) - Starting JVM pause monitor
2019-10-14 10:16:26,389 [main] INFO  ozone.HddsDatanodeService (HddsDatanodeService.java:start(184)) - HddsDatanodeService host:pr-hdds-1569-vp9xg-4248047660 ip:192.168.164.214
2019-10-14 10:16:26,391 [Datanode State Machine Thread - 0] INFO  datanode.InitDatanodeState (InitDatanodeState.java:persistContainerDatanodeDetails(140)) - DatanodeDetails is persisted to /workdir/hadoop-ozone/ozonefs/target/test-dir/MiniOzoneClusterImpl-85c09e26-9b56-4407-9c77-57370d286ecc/datanode-5/meta/datanode.id
2019-10-14 10:16:26,398 [main] INFO  volume.HddsVolume (HddsVolume.java:<init>(176)) - Creating Volume: /workdir/hadoop-ozone/ozonefs/target/test-dir/MiniOzoneClusterImpl-85c09e26-9b56-4407-9c77-57370d286ecc/datanode-6/data/containers/hdds of  storage type : DISK and capacity : 1482555576320
2019-10-14 10:16:26,399 [main] INFO  volume.VolumeSet (VolumeSet.java:initializeVolumeSet(170)) - Added Volume : /workdir/hadoop-ozone/ozonefs/target/test-dir/MiniOzoneClusterImpl-85c09e26-9b56-4407-9c77-57370d286ecc/datanode-6/data/containers/hdds to VolumeSet
2019-10-14 10:16:26,399 [main] INFO  volume.ThrottledAsyncChecker (ThrottledAsyncChecker.java:schedule(139)) - Scheduling a check for org.apache.hadoop.ozone.container.common.volume.HddsVolume@2935fd2c
2019-10-14 10:16:26,400 [main] INFO  volume.HddsVolumeChecker (HddsVolumeChecker.java:checkAllVolumes(202)) - Scheduled health check for volume org.apache.hadoop.ozone.container.common.volume.HddsVolume@2935fd2c
2019-10-14 10:16:26,420 [main] INFO  impl.RaftServerProxy (ConfUtils.java:logGet(43)) - raft.rpc.type = GRPC (default)
2019-10-14 10:16:26,421 [main] INFO  grpc.GrpcFactory (GrpcFactory.java:checkPooledByteBufAllocatorUseCacheForAllThreads(45)) - PERFORMANCE WARNING: useCacheForAllThreads is true that may cause Netty to create a lot garbage objects and, as a result, trigger GC.
	It is recommended to disable useCacheForAllThreads by setting -Dorg.apache.ratis.thirdparty.io.netty.allocator.useCacheForAllThreads=false in command line.
2019-10-14 10:16:26,421 [main] INFO  grpc.GrpcConfigKeys$Server (ConfUtils.java:logGet(43)) - raft.grpc.server.port = 0 (default)
2019-10-14 10:16:26,421 [main] INFO  server.GrpcService (ConfUtils.java:logGet(43)) - raft.grpc.message.size.max = 33570816 (custom)
2019-10-14 10:16:26,421 [main] INFO  server.RaftServerConfigKeys (ConfUtils.java:logGet(43)) - raft.server.log.appender.buffer.byte-limit = 33554432 (custom)
2019-10-14 10:16:26,422 [main] INFO  server.GrpcService (ConfUtils.java:logGet(43)) - raft.grpc.flow.control.window = 1MB (=1048576) (default)
2019-10-14 10:16:26,422 [main] INFO  server.RaftServerConfigKeys (ConfUtils.java:logGet(43)) - raft.server.rpc.request.timeout = 3000ms (default)
2019-10-14 10:16:26,422 [main] INFO  server.RaftServerConfigKeys (ConfUtils.java:logGet(43)) - raft.server.storage.dir = [/workdir/hadoop-ozone/ozonefs/target/test-dir/MiniOzoneClusterImpl-85c09e26-9b56-4407-9c77-57370d286ecc/datanode-6/data/ratis] (custom)
2019-10-14 10:16:26,424 [main] INFO  hdfs.DFSUtil (DFSUtil.java:httpServerTemplateForNNAndJN(1641)) - Starting Web-server for hddsDatanode at: http://0.0.0.0:0
2019-10-14 10:16:26,425 [main] INFO  server.AuthenticationFilter (AuthenticationFilter.java:constructSecretProvider(240)) - Unable to initialize FileSignerSecretProvider, falling back to use random secrets.
2019-10-14 10:16:26,426 [main] WARN  http.HttpRequestLog (HttpRequestLog.java:getRequestLog(97)) - Jetty request log can only be enabled using Log4j
2019-10-14 10:16:26,428 [main] INFO  http.HttpServer2 (HttpServer2.java:addGlobalFilter(975)) - Added global filter 'safety' (class=org.apache.hadoop.http.HttpServer2$QuotingInputFilter)
2019-10-14 10:16:26,428 [main] INFO  http.HttpServer2 (HttpServer2.java:addFilter(948)) - Added filter static_user_filter (class=org.apache.hadoop.http.lib.StaticUserWebFilter$StaticUserFilter) to context hddsDatanode
2019-10-14 10:16:26,429 [main] INFO  http.HttpServer2 (HttpServer2.java:addFilter(958)) - Added filter static_user_filter (class=org.apache.hadoop.http.lib.StaticUserWebFilter$StaticUserFilter) to context logs
2019-10-14 10:16:26,429 [main] INFO  http.HttpServer2 (HttpServer2.java:addFilter(958)) - Added filter static_user_filter (class=org.apache.hadoop.http.lib.StaticUserWebFilter$StaticUserFilter) to context static
2019-10-14 10:16:26,429 [main] INFO  http.HttpServer2 (HttpServer2.java:bindListener(1191)) - Jetty bound to port 40554
2019-10-14 10:16:26,430 [main] INFO  server.Server (Server.java:doStart(351)) - jetty-9.3.25.v20180904, build timestamp: 2018-09-04T21:11:46Z, git hash: 3ce520221d0240229c862b122d2b06c12a625732
2019-10-14 10:16:26,431 [main] INFO  handler.ContextHandler (ContextHandler.java:doStart(781)) - Started o.e.j.s.ServletContextHandler@40a72ecd{/logs,file:///workdir/hadoop-ozone/ozonefs/target/log,AVAILABLE}
2019-10-14 10:16:26,432 [main] INFO  handler.ContextHandler (ContextHandler.java:doStart(781)) - Started o.e.j.s.ServletContextHandler@76a14c8d{/static,jar:file:/home/user/.m2/repository/org/apache/hadoop/hadoop-hdds-container-service/0.5.0-SNAPSHOT/hadoop-hdds-container-service-0.5.0-SNAPSHOT.jar!/webapps/static,AVAILABLE}
2019-10-14 10:16:26,492 [main] INFO  handler.ContextHandler (ContextHandler.java:doStart(781)) - Started o.e.j.w.WebAppContext@480b57e2{/,file:///tmp/jetty-0.0.0.0-40554-hddsDatanode-_-any-2455930532927447217.dir/webapp/,AVAILABLE}{/hddsDatanode}
2019-10-14 10:16:26,492 [main] INFO  server.AbstractConnector (AbstractConnector.java:doStart(278)) - Started ServerConnector@40f35e52{HTTP/1.1,[http/1.1]}{0.0.0.0:40554}
2019-10-14 10:16:26,494 [main] INFO  server.Server (Server.java:doStart(419)) - Started @9171ms
2019-10-14 10:16:26,495 [main] WARN  impl.MetricsSystemImpl (MetricsSystemImpl.java:register(276)) - Sink prometheus already exists!
2019-10-14 10:16:26,495 [main] INFO  server.BaseHttpServer (BaseHttpServer.java:updateConnectorAddress(215)) - HTTP server of HDDSDATANODE is listening at http://0.0.0.0:40554
2019-10-14 10:16:26,499 [main] INFO  ozone.MiniOzoneClusterImpl (MiniOzoneClusterImpl.java:lambda$waitForClusterToBeReady$0(147)) - Waiting for cluster to be ready. Got 0 of 7 DN Heartbeats.
2019-10-14 10:16:26,500 [org.apache.hadoop.util.JvmPauseMonitor$Monitor@1009535f] INFO  util.JvmPauseMonitor (JvmPauseMonitor.java:run(188)) - Starting JVM pause monitor
2019-10-14 10:16:26,503 [Datanode State Machine Thread - 0] INFO  datanode.InitDatanodeState (InitDatanodeState.java:persistContainerDatanodeDetails(140)) - DatanodeDetails is persisted to /workdir/hadoop-ozone/ozonefs/target/test-dir/MiniOzoneClusterImpl-85c09e26-9b56-4407-9c77-57370d286ecc/datanode-6/meta/datanode.id
2019-10-14 10:16:27,499 [main] INFO  ozone.MiniOzoneClusterImpl (MiniOzoneClusterImpl.java:lambda$waitForClusterToBeReady$0(147)) - Waiting for cluster to be ready. Got 0 of 7 DN Heartbeats.
2019-10-14 10:16:28,009 [Datanode State Machine Thread - 0] INFO  ozoneimpl.OzoneContainer (OzoneContainer.java:start(217)) - Attempting to start container services.
2019-10-14 10:16:28,015 [Datanode State Machine Thread - 0] INFO  ozoneimpl.OzoneContainer (OzoneContainer.java:startContainerScrub(179)) - Background container scanner has been disabled.
2019-10-14 10:16:28,015 [Datanode State Machine Thread - 0] INFO  ratis.XceiverServerRatis (XceiverServerRatis.java:start(411)) - Starting XceiverServerRatis 4ca2631b-862e-40c8-a81a-0c3f018b6063 at port 0
2019-10-14 10:16:28,024 [Datanode State Machine Thread - 0] INFO  impl.RaftServerProxy (RaftServerProxy.java:lambda$start$3(299)) - 4ca2631b-862e-40c8-a81a-0c3f018b6063: start RPC server
2019-10-14 10:16:28,031 [Datanode State Machine Thread - 0] INFO  server.GrpcService (GrpcService.java:startImpl(158)) - 4ca2631b-862e-40c8-a81a-0c3f018b6063: GrpcService started, listening on 0.0.0.0/0.0.0.0:33839
2019-10-14 10:16:28,031 [Datanode State Machine Thread - 0] INFO  ratis.XceiverServerRatis (XceiverServerRatis.java:start(421)) - XceiverServerRatis 4ca2631b-862e-40c8-a81a-0c3f018b6063 is started using port 33839
2019-10-14 10:16:28,034 [Datanode State Machine Thread - 0] INFO  server.XceiverServerGrpc (XceiverServerGrpc.java:start(149)) - XceiverServerGrpc 4ca2631b-862e-40c8-a81a-0c3f018b6063 is started using port 41300
2019-10-14 10:16:28,051 [Datanode State Machine Thread - 0] INFO  ozoneimpl.OzoneContainer (OzoneContainer.java:start(217)) - Attempting to start container services.
2019-10-14 10:16:28,053 [Datanode State Machine Thread - 0] INFO  ozoneimpl.OzoneContainer (OzoneContainer.java:startContainerScrub(179)) - Background container scanner has been disabled.
2019-10-14 10:16:28,053 [Datanode State Machine Thread - 0] INFO  ratis.XceiverServerRatis (XceiverServerRatis.java:start(411)) - Starting XceiverServerRatis 4eb4d5a4-3e1a-49a8-b14d-79a7ce4055ad at port 0
2019-10-14 10:16:28,141 [Datanode State Machine Thread - 0] INFO  impl.RaftServerProxy (RaftServerProxy.java:lambda$start$3(299)) - 4eb4d5a4-3e1a-49a8-b14d-79a7ce4055ad: start RPC server
2019-10-14 10:16:28,159 [Datanode State Machine Thread - 0] INFO  ozoneimpl.OzoneContainer (OzoneContainer.java:start(217)) - Attempting to start container services.
2019-10-14 10:16:28,165 [Datanode State Machine Thread - 0] INFO  ozoneimpl.OzoneContainer (OzoneContainer.java:startContainerScrub(179)) - Background container scanner has been disabled.
2019-10-14 10:16:28,167 [Datanode State Machine Thread - 0] INFO  ratis.XceiverServerRatis (XceiverServerRatis.java:start(411)) - Starting XceiverServerRatis 69359b74-77cd-417a-996d-8eb5cbff14f3 at port 0
2019-10-14 10:16:28,169 [Datanode State Machine Thread - 0] INFO  server.GrpcService (GrpcService.java:startImpl(158)) - 4eb4d5a4-3e1a-49a8-b14d-79a7ce4055ad: GrpcService started, listening on 0.0.0.0/0.0.0.0:33269
2019-10-14 10:16:28,169 [Datanode State Machine Thread - 0] INFO  ratis.XceiverServerRatis (XceiverServerRatis.java:start(421)) - XceiverServerRatis 4eb4d5a4-3e1a-49a8-b14d-79a7ce4055ad is started using port 33269
2019-10-14 10:16:28,172 [Datanode State Machine Thread - 0] INFO  server.XceiverServerGrpc (XceiverServerGrpc.java:start(149)) - XceiverServerGrpc 4eb4d5a4-3e1a-49a8-b14d-79a7ce4055ad is started using port 37229
2019-10-14 10:16:28,181 [Datanode State Machine Thread - 0] INFO  impl.RaftServerProxy (RaftServerProxy.java:lambda$start$3(299)) - 69359b74-77cd-417a-996d-8eb5cbff14f3: start RPC server
2019-10-14 10:16:28,183 [Datanode State Machine Thread - 0] INFO  server.GrpcService (GrpcService.java:startImpl(158)) - 69359b74-77cd-417a-996d-8eb5cbff14f3: GrpcService started, listening on 0.0.0.0/0.0.0.0:33676
2019-10-14 10:16:28,183 [Datanode State Machine Thread - 0] INFO  ratis.XceiverServerRatis (XceiverServerRatis.java:start(421)) - XceiverServerRatis 69359b74-77cd-417a-996d-8eb5cbff14f3 is started using port 33676
2019-10-14 10:16:28,185 [Datanode State Machine Thread - 0] INFO  server.XceiverServerGrpc (XceiverServerGrpc.java:start(149)) - XceiverServerGrpc 69359b74-77cd-417a-996d-8eb5cbff14f3 is started using port 39587
2019-10-14 10:16:28,213 [Datanode State Machine Thread - 0] INFO  ozoneimpl.OzoneContainer (OzoneContainer.java:start(217)) - Attempting to start container services.
2019-10-14 10:16:28,214 [Datanode State Machine Thread - 0] INFO  ozoneimpl.OzoneContainer (OzoneContainer.java:startContainerScrub(179)) - Background container scanner has been disabled.
2019-10-14 10:16:28,214 [Datanode State Machine Thread - 0] INFO  ratis.XceiverServerRatis (XceiverServerRatis.java:start(411)) - Starting XceiverServerRatis 12766659-8dbd-45fe-a653-6cb67784c51c at port 0
2019-10-14 10:16:28,220 [Datanode State Machine Thread - 0] INFO  impl.RaftServerProxy (RaftServerProxy.java:lambda$start$3(299)) - 12766659-8dbd-45fe-a653-6cb67784c51c: start RPC server
2019-10-14 10:16:28,222 [Datanode State Machine Thread - 0] INFO  server.GrpcService (GrpcService.java:startImpl(158)) - 12766659-8dbd-45fe-a653-6cb67784c51c: GrpcService started, listening on 0.0.0.0/0.0.0.0:41727
2019-10-14 10:16:28,222 [Datanode State Machine Thread - 0] INFO  ratis.XceiverServerRatis (XceiverServerRatis.java:start(421)) - XceiverServerRatis 12766659-8dbd-45fe-a653-6cb67784c51c is started using port 41727
2019-10-14 10:16:28,223 [Datanode State Machine Thread - 0] INFO  server.XceiverServerGrpc (XceiverServerGrpc.java:start(149)) - XceiverServerGrpc 12766659-8dbd-45fe-a653-6cb67784c51c is started using port 35497
2019-10-14 10:16:28,341 [Datanode State Machine Thread - 0] INFO  ozoneimpl.OzoneContainer (OzoneContainer.java:start(217)) - Attempting to start container services.
2019-10-14 10:16:28,341 [Datanode State Machine Thread - 0] INFO  ozoneimpl.OzoneContainer (OzoneContainer.java:startContainerScrub(179)) - Background container scanner has been disabled.
2019-10-14 10:16:28,341 [Datanode State Machine Thread - 0] INFO  ratis.XceiverServerRatis (XceiverServerRatis.java:start(411)) - Starting XceiverServerRatis 36f3336e-6b3c-49fc-b34e-8bc963cfdec7 at port 0
2019-10-14 10:16:28,348 [Datanode State Machine Thread - 0] INFO  impl.RaftServerProxy (RaftServerProxy.java:lambda$start$3(299)) - 36f3336e-6b3c-49fc-b34e-8bc963cfdec7: start RPC server
2019-10-14 10:16:28,351 [Datanode State Machine Thread - 0] INFO  server.GrpcService (GrpcService.java:startImpl(158)) - 36f3336e-6b3c-49fc-b34e-8bc963cfdec7: GrpcService started, listening on 0.0.0.0/0.0.0.0:33495
2019-10-14 10:16:28,351 [Datanode State Machine Thread - 0] INFO  ratis.XceiverServerRatis (XceiverServerRatis.java:start(421)) - XceiverServerRatis 36f3336e-6b3c-49fc-b34e-8bc963cfdec7 is started using port 33495
2019-10-14 10:16:28,352 [Datanode State Machine Thread - 0] INFO  server.XceiverServerGrpc (XceiverServerGrpc.java:start(149)) - XceiverServerGrpc 36f3336e-6b3c-49fc-b34e-8bc963cfdec7 is started using port 34620
2019-10-14 10:16:28,416 [Datanode State Machine Thread - 0] INFO  ozoneimpl.OzoneContainer (OzoneContainer.java:start(217)) - Attempting to start container services.
2019-10-14 10:16:28,416 [Datanode State Machine Thread - 0] INFO  ozoneimpl.OzoneContainer (OzoneContainer.java:startContainerScrub(179)) - Background container scanner has been disabled.
2019-10-14 10:16:28,416 [Datanode State Machine Thread - 0] INFO  ratis.XceiverServerRatis (XceiverServerRatis.java:start(411)) - Starting XceiverServerRatis 42ae3f72-3e55-4c14-b24f-d3b02ec81393 at port 0
2019-10-14 10:16:28,423 [Datanode State Machine Thread - 0] INFO  impl.RaftServerProxy (RaftServerProxy.java:lambda$start$3(299)) - 42ae3f72-3e55-4c14-b24f-d3b02ec81393: start RPC server
2019-10-14 10:16:28,431 [Datanode State Machine Thread - 0] INFO  server.GrpcService (GrpcService.java:startImpl(158)) - 42ae3f72-3e55-4c14-b24f-d3b02ec81393: GrpcService started, listening on 0.0.0.0/0.0.0.0:34660
2019-10-14 10:16:28,431 [Datanode State Machine Thread - 0] INFO  ratis.XceiverServerRatis (XceiverServerRatis.java:start(421)) - XceiverServerRatis 42ae3f72-3e55-4c14-b24f-d3b02ec81393 is started using port 34660
2019-10-14 10:16:28,433 [Datanode State Machine Thread - 0] INFO  server.XceiverServerGrpc (XceiverServerGrpc.java:start(149)) - XceiverServerGrpc 42ae3f72-3e55-4c14-b24f-d3b02ec81393 is started using port 36170
2019-10-14 10:16:28,500 [main] INFO  ozone.MiniOzoneClusterImpl (MiniOzoneClusterImpl.java:lambda$waitForClusterToBeReady$0(147)) - Waiting for cluster to be ready. Got 0 of 7 DN Heartbeats.
2019-10-14 10:16:28,529 [Datanode State Machine Thread - 0] INFO  ozoneimpl.OzoneContainer (OzoneContainer.java:start(217)) - Attempting to start container services.
2019-10-14 10:16:28,529 [Datanode State Machine Thread - 0] INFO  ozoneimpl.OzoneContainer (OzoneContainer.java:startContainerScrub(179)) - Background container scanner has been disabled.
2019-10-14 10:16:28,530 [Datanode State Machine Thread - 0] INFO  ratis.XceiverServerRatis (XceiverServerRatis.java:start(411)) - Starting XceiverServerRatis 478d8a49-3225-43e3-b23b-d6ee338f70d2 at port 0
2019-10-14 10:16:28,537 [Datanode State Machine Thread - 0] INFO  impl.RaftServerProxy (RaftServerProxy.java:lambda$start$3(299)) - 478d8a49-3225-43e3-b23b-d6ee338f70d2: start RPC server
2019-10-14 10:16:28,541 [Datanode State Machine Thread - 0] INFO  server.GrpcService (GrpcService.java:startImpl(158)) - 478d8a49-3225-43e3-b23b-d6ee338f70d2: GrpcService started, listening on 0.0.0.0/0.0.0.0:36975
2019-10-14 10:16:28,541 [Datanode State Machine Thread - 0] INFO  ratis.XceiverServerRatis (XceiverServerRatis.java:start(421)) - XceiverServerRatis 478d8a49-3225-43e3-b23b-d6ee338f70d2 is started using port 36975
2019-10-14 10:16:28,543 [Datanode State Machine Thread - 0] INFO  server.XceiverServerGrpc (XceiverServerGrpc.java:start(149)) - XceiverServerGrpc 478d8a49-3225-43e3-b23b-d6ee338f70d2 is started using port 37947
2019-10-14 10:16:29,501 [main] INFO  ozone.MiniOzoneClusterImpl (MiniOzoneClusterImpl.java:lambda$waitForClusterToBeReady$0(147)) - Waiting for cluster to be ready. Got 0 of 7 DN Heartbeats.
2019-10-14 10:16:29,969 [IPC Server handler 19 on 41718] INFO  net.NetworkTopology (NetworkTopologyImpl.java:add(111)) - Added a new node: /default-rack/4ca2631b-862e-40c8-a81a-0c3f018b6063
2019-10-14 10:16:29,969 [IPC Server handler 19 on 41718] INFO  node.SCMNodeManager (SCMNodeManager.java:register(266)) - Registered Data node : 4ca2631b-862e-40c8-a81a-0c3f018b6063{ip: 192.168.164.214, host: pr-hdds-1569-vp9xg-4248047660, networkLocation: /default-rack, certSerialId: null}
2019-10-14 10:16:29,975 [EventQueue-NodeRegistrationContainerReportForDataNodeSafeModeRule] INFO  safemode.SCMSafeModeManager (DataNodeSafeModeRule.java:process(71)) - SCM in safe mode. 1 DataNodes registered, 1 required.
2019-10-14 10:16:29,975 [EventQueue-NodeRegistrationContainerReportForDataNodeSafeModeRule] INFO  safemode.SCMSafeModeManager (SCMSafeModeManager.java:validateSafeModeExitRules(177)) - ScmSafeModeManager, all rules are successfully validated
2019-10-14 10:16:29,975 [EventQueue-NodeRegistrationContainerReportForDataNodeSafeModeRule] INFO  safemode.SCMSafeModeManager (SCMSafeModeManager.java:exitSafeMode(193)) - SCM exiting safe mode.
2019-10-14 10:16:30,023 [IPC Server handler 17 on 41718] INFO  net.NetworkTopology (NetworkTopologyImpl.java:add(111)) - Added a new node: /default-rack/4eb4d5a4-3e1a-49a8-b14d-79a7ce4055ad
2019-10-14 10:16:30,024 [IPC Server handler 17 on 41718] INFO  node.SCMNodeManager (SCMNodeManager.java:register(266)) - Registered Data node : 4eb4d5a4-3e1a-49a8-b14d-79a7ce4055ad{ip: 192.168.164.214, host: pr-hdds-1569-vp9xg-4248047660, networkLocation: /default-rack, certSerialId: null}
2019-10-14 10:16:30,075 [grpc-default-executor-1] INFO  impl.RaftServerProxy (RaftServerProxy.java:addNew(89)) - 4ca2631b-862e-40c8-a81a-0c3f018b6063: addNew group-05D6C831F223:[4ca2631b-862e-40c8-a81a-0c3f018b6063:192.168.164.214:33839] returns group-05D6C831F223:java.util.concurrent.CompletableFuture@4b9747b1[Not completed]
2019-10-14 10:16:30,089 [pool-64-thread-1] INFO  impl.RaftServerImpl (RaftServerImpl.java:<init>(95)) - 4ca2631b-862e-40c8-a81a-0c3f018b6063: new RaftServerImpl for group-05D6C831F223:[4ca2631b-862e-40c8-a81a-0c3f018b6063:192.168.164.214:33839] with ContainerStateMachine:uninitialized
2019-10-14 10:16:30,089 [pool-64-thread-1] INFO  server.RaftServerConfigKeys (ConfUtils.java:logGet(43)) - raft.server.rpc.timeout.min = 5s (custom)
2019-10-14 10:16:30,090 [pool-64-thread-1] INFO  server.RaftServerConfigKeys (ConfUtils.java:logGet(43)) - raft.server.rpc.timeout.max = 5200ms (custom)
2019-10-14 10:16:30,090 [pool-64-thread-1] INFO  server.RaftServerConfigKeys (ConfUtils.java:logGet(43)) - raft.server.rpcslowness.timeout = 120s (custom)
2019-10-14 10:16:30,090 [pool-64-thread-1] INFO  server.RaftServerConfigKeys (ConfUtils.java:logGet(43)) - raft.server.sleep.deviation.threshold = 300 (default)
2019-10-14 10:16:30,090 [pool-64-thread-1] INFO  server.RaftServerConfigKeys (ConfUtils.java:logGet(43)) - raft.server.log.appender.install.snapshot.enabled = false (custom)
2019-10-14 10:16:30,090 [pool-64-thread-1] INFO  impl.RaftServerImpl (ServerState.java:<init>(103)) - 4ca2631b-862e-40c8-a81a-0c3f018b6063@group-05D6C831F223: ConfigurationManager, init=-1: [4ca2631b-862e-40c8-a81a-0c3f018b6063:192.168.164.214:33839], old=null, confs=<EMPTY_MAP>
2019-10-14 10:16:30,091 [pool-64-thread-1] INFO  server.RaftServerConfigKeys (ConfUtils.java:logGet(43)) - raft.server.storage.dir = [/workdir/hadoop-ozone/ozonefs/target/test-dir/MiniOzoneClusterImpl-85c09e26-9b56-4407-9c77-57370d286ecc/datanode-0/data/ratis] (custom)
2019-10-14 10:16:30,091 [pool-64-thread-1] INFO  storage.RaftStorageDirectory (RaftStorageDirectory.java:analyzeStorage(246)) - The storage directory /workdir/hadoop-ozone/ozonefs/target/test-dir/MiniOzoneClusterImpl-85c09e26-9b56-4407-9c77-57370d286ecc/datanode-0/data/ratis/30dacadd-33ed-4a00-b5db-05d6c831f223 does not exist. Creating ...
2019-10-14 10:16:30,115 [pool-64-thread-1] INFO  storage.RaftStorageDirectory (RaftStorageDirectory.java:tryLock(328)) - Lock on /workdir/hadoop-ozone/ozonefs/target/test-dir/MiniOzoneClusterImpl-85c09e26-9b56-4407-9c77-57370d286ecc/datanode-0/data/ratis/30dacadd-33ed-4a00-b5db-05d6c831f223/in_use.lock acquired by nodename 4738@pr-hdds-1569-vp9xg-4248047660
2019-10-14 10:16:30,122 [IPC Server handler 13 on 41718] INFO  net.NetworkTopology (NetworkTopologyImpl.java:add(111)) - Added a new node: /default-rack/69359b74-77cd-417a-996d-8eb5cbff14f3
2019-10-14 10:16:30,122 [IPC Server handler 13 on 41718] INFO  node.SCMNodeManager (SCMNodeManager.java:register(266)) - Registered Data node : 69359b74-77cd-417a-996d-8eb5cbff14f3{ip: 192.168.164.214, host: pr-hdds-1569-vp9xg-4248047660, networkLocation: /default-rack, certSerialId: null}
2019-10-14 10:16:30,140 [pool-64-thread-1] INFO  storage.RaftStorage (RaftStorage.java:format(72)) - Storage directory /workdir/hadoop-ozone/ozonefs/target/test-dir/MiniOzoneClusterImpl-85c09e26-9b56-4407-9c77-57370d286ecc/datanode-0/data/ratis/30dacadd-33ed-4a00-b5db-05d6c831f223 has been successfully formatted.
2019-10-14 10:16:30,140 [pool-64-thread-1] INFO  ratis.ContainerStateMachine (ContainerStateMachine.java:loadSnapshot(230)) - group-05D6C831F223: The snapshot info is null. Setting the last applied indexto:(t:0, i:~)
2019-10-14 10:16:30,140 [pool-64-thread-1] INFO  server.RaftServerConfigKeys (ConfUtils.java:logGet(43)) - raft.server.notification.no-leader.timeout = 120s (custom)
2019-10-14 10:16:30,140 [pool-64-thread-1] INFO  server.RaftServerConfigKeys (ConfUtils.java:logGet(43)) - raft.server.log.use.memory = false (default)
2019-10-14 10:16:30,141 [pool-64-thread-1] INFO  server.RaftServerConfigKeys (ConfUtils.java:logGet(43)) - raft.server.log.purge.gap = 1000000 (custom)
2019-10-14 10:16:30,141 [pool-64-thread-1] INFO  server.RaftServerConfigKeys (ConfUtils.java:logGet(43)) - raft.server.log.appender.buffer.byte-limit = 33554432 (custom)
2019-10-14 10:16:30,141 [pool-64-thread-1] INFO  server.RaftServerConfigKeys (ConfUtils.java:logGet(43)) - raft.server.log.segment.size.max = 1048576 (custom)
2019-10-14 10:16:30,141 [pool-64-thread-1] INFO  server.RaftServerConfigKeys (ConfUtils.java:logGet(43)) - raft.server.log.segment.cache.num.max = 2 (custom)
2019-10-14 10:16:30,141 [pool-64-thread-1] INFO  segmented.SegmentedRaftLogWorker (SegmentedRaftLogWorker.java:<init>(172)) - new 4ca2631b-862e-40c8-a81a-0c3f018b6063@group-05D6C831F223-SegmentedRaftLogWorker for RaftStorage:Storage Directory /workdir/hadoop-ozone/ozonefs/target/test-dir/MiniOzoneClusterImpl-85c09e26-9b56-4407-9c77-57370d286ecc/datanode-0/data/ratis/30dacadd-33ed-4a00-b5db-05d6c831f223
2019-10-14 10:16:30,145 [pool-64-thread-1] INFO  server.RaftServerConfigKeys (ConfUtils.java:logGet(43)) - raft.server.log.queue.byte-limit = 2147483647 (custom)
2019-10-14 10:16:30,145 [pool-64-thread-1] INFO  server.RaftServerConfigKeys (ConfUtils.java:logGet(43)) - raft.server.log.queue.element-limit = 1024 (custom)
2019-10-14 10:16:30,145 [pool-64-thread-1] INFO  server.RaftServerConfigKeys (ConfUtils.java:logGet(43)) - raft.server.log.segment.size.max = 1048576 (custom)
2019-10-14 10:16:30,146 [pool-64-thread-1] INFO  server.RaftServerConfigKeys (ConfUtils.java:logGet(43)) - raft.server.log.preallocated.size = 16384 (custom)
2019-10-14 10:16:30,146 [pool-64-thread-1] INFO  server.RaftServerConfigKeys (ConfUtils.java:logGet(43)) - raft.server.log.write.buffer.size = 33554432 (custom)
2019-10-14 10:16:30,146 [pool-64-thread-1] INFO  server.RaftServerConfigKeys (ConfUtils.java:logGet(43)) - raft.server.log.force.sync.num = 128 (default)
2019-10-14 10:16:30,146 [pool-64-thread-1] INFO  server.RaftServerConfigKeys (ConfUtils.java:logGet(43)) - raft.server.log.statemachine.data.sync = true (default)
2019-10-14 10:16:30,146 [pool-64-thread-1] INFO  server.RaftServerConfigKeys (ConfUtils.java:logGet(43)) - raft.server.log.statemachine.data.sync.timeout = 10s (default)
2019-10-14 10:16:30,146 [pool-64-thread-1] INFO  server.RaftServerConfigKeys (ConfUtils.java:logGet(43)) - raft.server.log.statemachine.data.sync.timeout.retry = -1 (default)
2019-10-14 10:16:30,146 [pool-64-thread-1] INFO  server.RaftServerConfigKeys (ConfUtils.java:logGet(43)) - raft.server.log.statemachine.data.caching.enabled = true (custom)
2019-10-14 10:16:30,147 [pool-64-thread-1] INFO  segmented.SegmentedRaftLogWorker (SegmentedRaftLogWorker.java:lambda$new$0(132)) - 4ca2631b-862e-40c8-a81a-0c3f018b6063@group-05D6C831F223-SegmentedRaftLogWorker: flushIndex: setUnconditionally 0 -> -1
2019-10-14 10:16:30,147 [pool-64-thread-1] INFO  server.RaftServerConfigKeys (ConfUtils.java:logGet(43)) - raft.server.snapshot.auto.trigger.enabled = true (custom)
2019-10-14 10:16:30,147 [pool-64-thread-1] INFO  server.RaftServerConfigKeys (ConfUtils.java:logGet(43)) - raft.server.snapshot.auto.trigger.threshold = 10000 (custom)
2019-10-14 10:16:30,147 [pool-64-thread-1] INFO  server.RaftServerConfigKeys (ConfUtils.java:logGet(43)) - raft.server.snapshot.retention.num.files = 5 (custom)
2019-10-14 10:16:30,148 [pool-64-thread-1] INFO  server.RaftServerConfigKeys (ConfUtils.java:logGet(43)) - raft.server.retrycache.expirytime = 600000ms (custom)
2019-10-14 10:16:30,151 [pool-64-thread-1] INFO  impl.RaftServerImpl (RaftServerImpl.java:start(185)) - 4ca2631b-862e-40c8-a81a-0c3f018b6063@group-05D6C831F223: start as a follower, conf=-1: [4ca2631b-862e-40c8-a81a-0c3f018b6063:192.168.164.214:33839], old=null
2019-10-14 10:16:30,151 [pool-64-thread-1] INFO  impl.RaftServerImpl (RaftServerImpl.java:setRole(174)) - 4ca2631b-862e-40c8-a81a-0c3f018b6063@group-05D6C831F223: changes role from      null to FOLLOWER at term 0 for startAsFollower
2019-10-14 10:16:30,151 [pool-64-thread-1] INFO  impl.RoleInfo (RoleInfo.java:updateAndGet(143)) - 4ca2631b-862e-40c8-a81a-0c3f018b6063: start FollowerState
2019-10-14 10:16:30,151 [pool-64-thread-1] INFO  util.JmxRegister (JmxRegister.java:tryRegister(44)) - Successfully registered JMX Bean with object name Ratis:service=RaftServer,group=group-05D6C831F223,id=4ca2631b-862e-40c8-a81a-0c3f018b6063
2019-10-14 10:16:30,191 [IPC Server handler 11 on 41718] INFO  net.NetworkTopology (NetworkTopologyImpl.java:add(111)) - Added a new node: /default-rack/12766659-8dbd-45fe-a653-6cb67784c51c
2019-10-14 10:16:30,191 [IPC Server handler 11 on 41718] INFO  node.SCMNodeManager (SCMNodeManager.java:register(266)) - Registered Data node : 12766659-8dbd-45fe-a653-6cb67784c51c{ip: 192.168.164.214, host: pr-hdds-1569-vp9xg-4248047660, networkLocation: /default-rack, certSerialId: null}
2019-10-14 10:16:30,202 [RatisPipelineUtilsThread] INFO  pipeline.PipelineStateManager (PipelineStateManager.java:addPipeline(56)) - Created pipeline Pipeline[ Id: 30dacadd-33ed-4a00-b5db-05d6c831f223, Nodes: 4ca2631b-862e-40c8-a81a-0c3f018b6063{ip: 192.168.164.214, host: pr-hdds-1569-vp9xg-4248047660, networkLocation: /default-rack, certSerialId: null}, Type:RATIS, Factor:ONE, State:OPEN]
2019-10-14 10:16:30,222 [grpc-default-executor-1] INFO  impl.RaftServerProxy (RaftServerProxy.java:addNew(89)) - 12766659-8dbd-45fe-a653-6cb67784c51c: addNew group-154F1A29DE1A:[12766659-8dbd-45fe-a653-6cb67784c51c:192.168.164.214:41727] returns group-154F1A29DE1A:java.util.concurrent.CompletableFuture@1049a14b[Not completed]
2019-10-14 10:16:30,248 [pool-94-thread-1] INFO  impl.RaftServerImpl (RaftServerImpl.java:<init>(95)) - 12766659-8dbd-45fe-a653-6cb67784c51c: new RaftServerImpl for group-154F1A29DE1A:[12766659-8dbd-45fe-a653-6cb67784c51c:192.168.164.214:41727] with ContainerStateMachine:uninitialized
2019-10-14 10:16:30,248 [pool-94-thread-1] INFO  server.RaftServerConfigKeys (ConfUtils.java:logGet(43)) - raft.server.rpc.timeout.min = 5s (custom)
2019-10-14 10:16:30,248 [pool-94-thread-1] INFO  server.RaftServerConfigKeys (ConfUtils.java:logGet(43)) - raft.server.rpc.timeout.max = 5200ms (custom)
2019-10-14 10:16:30,248 [pool-94-thread-1] INFO  server.RaftServerConfigKeys (ConfUtils.java:logGet(43)) - raft.server.rpcslowness.timeout = 120s (custom)
2019-10-14 10:16:30,248 [pool-94-thread-1] INFO  server.RaftServerConfigKeys (ConfUtils.java:logGet(43)) - raft.server.sleep.deviation.threshold = 300 (default)
2019-10-14 10:16:30,249 [pool-94-thread-1] INFO  server.RaftServerConfigKeys (ConfUtils.java:logGet(43)) - raft.server.log.appender.install.snapshot.enabled = false (custom)
2019-10-14 10:16:30,249 [pool-94-thread-1] INFO  impl.RaftServerImpl (ServerState.java:<init>(103)) - 12766659-8dbd-45fe-a653-6cb67784c51c@group-154F1A29DE1A: ConfigurationManager, init=-1: [12766659-8dbd-45fe-a653-6cb67784c51c:192.168.164.214:41727], old=null, confs=<EMPTY_MAP>
2019-10-14 10:16:30,249 [pool-94-thread-1] INFO  server.RaftServerConfigKeys (ConfUtils.java:logGet(43)) - raft.server.storage.dir = [/workdir/hadoop-ozone/ozonefs/target/test-dir/MiniOzoneClusterImpl-85c09e26-9b56-4407-9c77-57370d286ecc/datanode-3/data/ratis] (custom)
2019-10-14 10:16:30,250 [pool-94-thread-1] INFO  storage.RaftStorageDirectory (RaftStorageDirectory.java:analyzeStorage(246)) - The storage directory /workdir/hadoop-ozone/ozonefs/target/test-dir/MiniOzoneClusterImpl-85c09e26-9b56-4407-9c77-57370d286ecc/datanode-3/data/ratis/1349ea78-9708-4601-84aa-154f1a29de1a does not exist. Creating ...
2019-10-14 10:16:30,273 [pool-94-thread-1] INFO  storage.RaftStorageDirectory (RaftStorageDirectory.java:tryLock(328)) - Lock on /workdir/hadoop-ozone/ozonefs/target/test-dir/MiniOzoneClusterImpl-85c09e26-9b56-4407-9c77-57370d286ecc/datanode-3/data/ratis/1349ea78-9708-4601-84aa-154f1a29de1a/in_use.lock acquired by nodename 4738@pr-hdds-1569-vp9xg-4248047660
2019-10-14 10:16:30,308 [pool-94-thread-1] INFO  storage.RaftStorage (RaftStorage.java:format(72)) - Storage directory /workdir/hadoop-ozone/ozonefs/target/test-dir/MiniOzoneClusterImpl-85c09e26-9b56-4407-9c77-57370d286ecc/datanode-3/data/ratis/1349ea78-9708-4601-84aa-154f1a29de1a has been successfully formatted.
2019-10-14 10:16:30,309 [pool-94-thread-1] INFO  ratis.ContainerStateMachine (ContainerStateMachine.java:loadSnapshot(230)) - group-154F1A29DE1A: The snapshot info is null. Setting the last applied indexto:(t:0, i:~)
2019-10-14 10:16:30,311 [pool-94-thread-1] INFO  server.RaftServerConfigKeys (ConfUtils.java:logGet(43)) - raft.server.notification.no-leader.timeout = 120s (custom)
2019-10-14 10:16:30,311 [pool-94-thread-1] INFO  server.RaftServerConfigKeys (ConfUtils.java:logGet(43)) - raft.server.log.use.memory = false (default)
2019-10-14 10:16:30,313 [pool-94-thread-1] INFO  server.RaftServerConfigKeys (ConfUtils.java:logGet(43)) - raft.server.log.purge.gap = 1000000 (custom)
2019-10-14 10:16:30,313 [pool-94-thread-1] INFO  server.RaftServerConfigKeys (ConfUtils.java:logGet(43)) - raft.server.log.appender.buffer.byte-limit = 33554432 (custom)
2019-10-14 10:16:30,314 [pool-94-thread-1] INFO  server.RaftServerConfigKeys (ConfUtils.java:logGet(43)) - raft.server.log.segment.size.max = 1048576 (custom)
2019-10-14 10:16:30,314 [pool-94-thread-1] INFO  server.RaftServerConfigKeys (ConfUtils.java:logGet(43)) - raft.server.log.segment.cache.num.max = 2 (custom)
2019-10-14 10:16:30,314 [pool-94-thread-1] INFO  segmented.SegmentedRaftLogWorker (SegmentedRaftLogWorker.java:<init>(172)) - new 12766659-8dbd-45fe-a653-6cb67784c51c@group-154F1A29DE1A-SegmentedRaftLogWorker for RaftStorage:Storage Directory /workdir/hadoop-ozone/ozonefs/target/test-dir/MiniOzoneClusterImpl-85c09e26-9b56-4407-9c77-57370d286ecc/datanode-3/data/ratis/1349ea78-9708-4601-84aa-154f1a29de1a
2019-10-14 10:16:30,314 [IPC Server handler 10 on 41718] INFO  net.NetworkTopology (NetworkTopologyImpl.java:add(111)) - Added a new node: /default-rack/36f3336e-6b3c-49fc-b34e-8bc963cfdec7
2019-10-14 10:16:30,314 [IPC Server handler 10 on 41718] INFO  node.SCMNodeManager (SCMNodeManager.java:register(266)) - Registered Data node : 36f3336e-6b3c-49fc-b34e-8bc963cfdec7{ip: 192.168.164.214, host: pr-hdds-1569-vp9xg-4248047660, networkLocation: /default-rack, certSerialId: null}
2019-10-14 10:16:30,408 [IPC Server handler 4 on 41718] INFO  net.NetworkTopology (NetworkTopologyImpl.java:add(111)) - Added a new node: /default-rack/42ae3f72-3e55-4c14-b24f-d3b02ec81393
2019-10-14 10:16:30,408 [IPC Server handler 4 on 41718] INFO  node.SCMNodeManager (SCMNodeManager.java:register(266)) - Registered Data node : 42ae3f72-3e55-4c14-b24f-d3b02ec81393{ip: 192.168.164.214, host: pr-hdds-1569-vp9xg-4248047660, networkLocation: /default-rack, certSerialId: null}
2019-10-14 10:16:30,501 [main] INFO  ozone.MiniOzoneClusterImpl (MiniOzoneClusterImpl.java:lambda$waitForClusterToBeReady$0(147)) - Waiting for cluster to be ready. Got 6 of 7 DN Heartbeats.
2019-10-14 10:16:30,511 [IPC Server handler 12 on 41718] INFO  net.NetworkTopology (NetworkTopologyImpl.java:add(111)) - Added a new node: /default-rack/478d8a49-3225-43e3-b23b-d6ee338f70d2
2019-10-14 10:16:30,511 [IPC Server handler 12 on 41718] INFO  node.SCMNodeManager (SCMNodeManager.java:register(266)) - Registered Data node : 478d8a49-3225-43e3-b23b-d6ee338f70d2{ip: 192.168.164.214, host: pr-hdds-1569-vp9xg-4248047660, networkLocation: /default-rack, certSerialId: null}
2019-10-14 10:16:30,536 [pool-94-thread-1] INFO  server.RaftServerConfigKeys (ConfUtils.java:logGet(43)) - raft.server.log.queue.byte-limit = 2147483647 (custom)
2019-10-14 10:16:30,537 [pool-94-thread-1] INFO  server.RaftServerConfigKeys (ConfUtils.java:logGet(43)) - raft.server.log.queue.element-limit = 1024 (custom)
2019-10-14 10:16:30,537 [pool-94-thread-1] INFO  server.RaftServerConfigKeys (ConfUtils.java:logGet(43)) - raft.server.log.segment.size.max = 1048576 (custom)
2019-10-14 10:16:30,537 [pool-94-thread-1] INFO  server.RaftServerConfigKeys (ConfUtils.java:logGet(43)) - raft.server.log.preallocated.size = 16384 (custom)
2019-10-14 10:16:30,537 [pool-94-thread-1] INFO  server.RaftServerConfigKeys (ConfUtils.java:logGet(43)) - raft.server.log.write.buffer.size = 33554432 (custom)
2019-10-14 10:16:30,538 [pool-94-thread-1] INFO  server.RaftServerConfigKeys (ConfUtils.java:logGet(43)) - raft.server.log.force.sync.num = 128 (default)
2019-10-14 10:16:30,538 [pool-94-thread-1] INFO  server.RaftServerConfigKeys (ConfUtils.java:logGet(43)) - raft.server.log.statemachine.data.sync = true (default)
2019-10-14 10:16:30,538 [pool-94-thread-1] INFO  server.RaftServerConfigKeys (ConfUtils.java:logGet(43)) - raft.server.log.statemachine.data.sync.timeout = 10s (default)
2019-10-14 10:16:30,538 [pool-94-thread-1] INFO  server.RaftServerConfigKeys (ConfUtils.java:logGet(43)) - raft.server.log.statemachine.data.sync.timeout.retry = -1 (default)
2019-10-14 10:16:30,539 [pool-94-thread-1] INFO  server.RaftServerConfigKeys (ConfUtils.java:logGet(43)) - raft.server.log.statemachine.data.caching.enabled = true (custom)
2019-10-14 10:16:30,539 [pool-94-thread-1] INFO  segmented.SegmentedRaftLogWorker (SegmentedRaftLogWorker.java:lambda$new$0(132)) - 12766659-8dbd-45fe-a653-6cb67784c51c@group-154F1A29DE1A-SegmentedRaftLogWorker: flushIndex: setUnconditionally 0 -> -1
2019-10-14 10:16:30,539 [pool-94-thread-1] INFO  server.RaftServerConfigKeys (ConfUtils.java:logGet(43)) - raft.server.snapshot.auto.trigger.enabled = true (custom)
2019-10-14 10:16:30,540 [pool-94-thread-1] INFO  server.RaftServerConfigKeys (ConfUtils.java:logGet(43)) - raft.server.snapshot.auto.trigger.threshold = 10000 (custom)
2019-10-14 10:16:30,540 [pool-94-thread-1] INFO  server.RaftServerConfigKeys (ConfUtils.java:logGet(43)) - raft.server.snapshot.retention.num.files = 5 (custom)
2019-10-14 10:16:30,540 [pool-94-thread-1] INFO  server.RaftServerConfigKeys (ConfUtils.java:logGet(43)) - raft.server.retrycache.expirytime = 600000ms (custom)
2019-10-14 10:16:30,544 [pool-94-thread-1] INFO  impl.RaftServerImpl (RaftServerImpl.java:start(185)) - 12766659-8dbd-45fe-a653-6cb67784c51c@group-154F1A29DE1A: start as a follower, conf=-1: [12766659-8dbd-45fe-a653-6cb67784c51c:192.168.164.214:41727], old=null
2019-10-14 10:16:30,544 [pool-94-thread-1] INFO  impl.RaftServerImpl (RaftServerImpl.java:setRole(174)) - 12766659-8dbd-45fe-a653-6cb67784c51c@group-154F1A29DE1A: changes role from      null to FOLLOWER at term 0 for startAsFollower
2019-10-14 10:16:30,545 [pool-94-thread-1] INFO  impl.RoleInfo (RoleInfo.java:updateAndGet(143)) - 12766659-8dbd-45fe-a653-6cb67784c51c: start FollowerState
2019-10-14 10:16:30,545 [pool-94-thread-1] INFO  util.JmxRegister (JmxRegister.java:tryRegister(44)) - Successfully registered JMX Bean with object name Ratis:service=RaftServer,group=group-154F1A29DE1A,id=12766659-8dbd-45fe-a653-6cb67784c51c
2019-10-14 10:16:30,558 [RatisPipelineUtilsThread] INFO  pipeline.PipelineStateManager (PipelineStateManager.java:addPipeline(56)) - Created pipeline Pipeline[ Id: 1349ea78-9708-4601-84aa-154f1a29de1a, Nodes: 12766659-8dbd-45fe-a653-6cb67784c51c{ip: 192.168.164.214, host: pr-hdds-1569-vp9xg-4248047660, networkLocation: /default-rack, certSerialId: null}, Type:RATIS, Factor:ONE, State:OPEN]
2019-10-14 10:16:30,578 [grpc-default-executor-1] INFO  impl.RaftServerProxy (RaftServerProxy.java:addNew(89)) - 69359b74-77cd-417a-996d-8eb5cbff14f3: addNew group-B4849DA1EE78:[69359b74-77cd-417a-996d-8eb5cbff14f3:192.168.164.214:33676] returns group-B4849DA1EE78:java.util.concurrent.CompletableFuture@c7ab74a[Not completed]
2019-10-14 10:16:30,584 [pool-84-thread-1] INFO  impl.RaftServerImpl (RaftServerImpl.java:<init>(95)) - 69359b74-77cd-417a-996d-8eb5cbff14f3: new RaftServerImpl for group-B4849DA1EE78:[69359b74-77cd-417a-996d-8eb5cbff14f3:192.168.164.214:33676] with ContainerStateMachine:uninitialized
2019-10-14 10:16:30,584 [pool-84-thread-1] INFO  server.RaftServerConfigKeys (ConfUtils.java:logGet(43)) - raft.server.rpc.timeout.min = 5s (custom)
2019-10-14 10:16:30,584 [pool-84-thread-1] INFO  server.RaftServerConfigKeys (ConfUtils.java:logGet(43)) - raft.server.rpc.timeout.max = 5200ms (custom)
2019-10-14 10:16:30,584 [pool-84-thread-1] INFO  server.RaftServerConfigKeys (ConfUtils.java:logGet(43)) - raft.server.rpcslowness.timeout = 120s (custom)
2019-10-14 10:16:30,585 [pool-84-thread-1] INFO  server.RaftServerConfigKeys (ConfUtils.java:logGet(43)) - raft.server.sleep.deviation.threshold = 300 (default)
2019-10-14 10:16:30,585 [pool-84-thread-1] INFO  server.RaftServerConfigKeys (ConfUtils.java:logGet(43)) - raft.server.log.appender.install.snapshot.enabled = false (custom)
2019-10-14 10:16:30,585 [pool-84-thread-1] INFO  impl.RaftServerImpl (ServerState.java:<init>(103)) - 69359b74-77cd-417a-996d-8eb5cbff14f3@group-B4849DA1EE78: ConfigurationManager, init=-1: [69359b74-77cd-417a-996d-8eb5cbff14f3:192.168.164.214:33676], old=null, confs=<EMPTY_MAP>
2019-10-14 10:16:30,585 [pool-84-thread-1] INFO  server.RaftServerConfigKeys (ConfUtils.java:logGet(43)) - raft.server.storage.dir = [/workdir/hadoop-ozone/ozonefs/target/test-dir/MiniOzoneClusterImpl-85c09e26-9b56-4407-9c77-57370d286ecc/datanode-2/data/ratis] (custom)
2019-10-14 10:16:30,586 [pool-84-thread-1] INFO  storage.RaftStorageDirectory (RaftStorageDirectory.java:analyzeStorage(246)) - The storage directory /workdir/hadoop-ozone/ozonefs/target/test-dir/MiniOzoneClusterImpl-85c09e26-9b56-4407-9c77-57370d286ecc/datanode-2/data/ratis/da611192-ac4b-413c-b1b9-b4849da1ee78 does not exist. Creating ...
2019-10-14 10:16:30,610 [pool-84-thread-1] INFO  storage.RaftStorageDirectory (RaftStorageDirectory.java:tryLock(328)) - Lock on /workdir/hadoop-ozone/ozonefs/target/test-dir/MiniOzoneClusterImpl-85c09e26-9b56-4407-9c77-57370d286ecc/datanode-2/data/ratis/da611192-ac4b-413c-b1b9-b4849da1ee78/in_use.lock acquired by nodename 4738@pr-hdds-1569-vp9xg-4248047660
2019-10-14 10:16:30,635 [pool-84-thread-1] INFO  storage.RaftStorage (RaftStorage.java:format(72)) - Storage directory /workdir/hadoop-ozone/ozonefs/target/test-dir/MiniOzoneClusterImpl-85c09e26-9b56-4407-9c77-57370d286ecc/datanode-2/data/ratis/da611192-ac4b-413c-b1b9-b4849da1ee78 has been successfully formatted.
2019-10-14 10:16:30,635 [pool-84-thread-1] INFO  ratis.ContainerStateMachine (ContainerStateMachine.java:loadSnapshot(230)) - group-B4849DA1EE78: The snapshot info is null. Setting the last applied indexto:(t:0, i:~)
2019-10-14 10:16:30,635 [pool-84-thread-1] INFO  server.RaftServerConfigKeys (ConfUtils.java:logGet(43)) - raft.server.notification.no-leader.timeout = 120s (custom)
2019-10-14 10:16:30,635 [pool-84-thread-1] INFO  server.RaftServerConfigKeys (ConfUtils.java:logGet(43)) - raft.server.log.use.memory = false (default)
2019-10-14 10:16:30,636 [pool-84-thread-1] INFO  server.RaftServerConfigKeys (ConfUtils.java:logGet(43)) - raft.server.log.purge.gap = 1000000 (custom)
2019-10-14 10:16:30,636 [pool-84-thread-1] INFO  server.RaftServerConfigKeys (ConfUtils.java:logGet(43)) - raft.server.log.appender.buffer.byte-limit = 33554432 (custom)
2019-10-14 10:16:30,636 [pool-84-thread-1] INFO  server.RaftServerConfigKeys (ConfUtils.java:logGet(43)) - raft.server.log.segment.size.max = 1048576 (custom)
2019-10-14 10:16:30,636 [pool-84-thread-1] INFO  server.RaftServerConfigKeys (ConfUtils.java:logGet(43)) - raft.server.log.segment.cache.num.max = 2 (custom)
2019-10-14 10:16:30,636 [pool-84-thread-1] INFO  segmented.SegmentedRaftLogWorker (SegmentedRaftLogWorker.java:<init>(172)) - new 69359b74-77cd-417a-996d-8eb5cbff14f3@group-B4849DA1EE78-SegmentedRaftLogWorker for RaftStorage:Storage Directory /workdir/hadoop-ozone/ozonefs/target/test-dir/MiniOzoneClusterImpl-85c09e26-9b56-4407-9c77-57370d286ecc/datanode-2/data/ratis/da611192-ac4b-413c-b1b9-b4849da1ee78
2019-10-14 10:16:30,640 [pool-84-thread-1] INFO  server.RaftServerConfigKeys (ConfUtils.java:logGet(43)) - raft.server.log.queue.byte-limit = 2147483647 (custom)
2019-10-14 10:16:30,640 [pool-84-thread-1] INFO  server.RaftServerConfigKeys (ConfUtils.java:logGet(43)) - raft.server.log.queue.element-limit = 1024 (custom)
2019-10-14 10:16:30,640 [pool-84-thread-1] INFO  server.RaftServerConfigKeys (ConfUtils.java:logGet(43)) - raft.server.log.segment.size.max = 1048576 (custom)
2019-10-14 10:16:30,640 [pool-84-thread-1] INFO  server.RaftServerConfigKeys (ConfUtils.java:logGet(43)) - raft.server.log.preallocated.size = 16384 (custom)
2019-10-14 10:16:30,640 [pool-84-thread-1] INFO  server.RaftServerConfigKeys (ConfUtils.java:logGet(43)) - raft.server.log.write.buffer.size = 33554432 (custom)
2019-10-14 10:16:30,641 [pool-84-thread-1] INFO  server.RaftServerConfigKeys (ConfUtils.java:logGet(43)) - raft.server.log.force.sync.num = 128 (default)
2019-10-14 10:16:30,641 [pool-84-thread-1] INFO  server.RaftServerConfigKeys (ConfUtils.java:logGet(43)) - raft.server.log.statemachine.data.sync = true (default)
2019-10-14 10:16:30,641 [pool-84-thread-1] INFO  server.RaftServerConfigKeys (ConfUtils.java:logGet(43)) - raft.server.log.statemachine.data.sync.timeout = 10s (default)
2019-10-14 10:16:30,641 [pool-84-thread-1] INFO  server.RaftServerConfigKeys (ConfUtils.java:logGet(43)) - raft.server.log.statemachine.data.sync.timeout.retry = -1 (default)
2019-10-14 10:16:30,641 [pool-84-thread-1] INFO  server.RaftServerConfigKeys (ConfUtils.java:logGet(43)) - raft.server.log.statemachine.data.caching.enabled = true (custom)
2019-10-14 10:16:30,642 [pool-84-thread-1] INFO  segmented.SegmentedRaftLogWorker (SegmentedRaftLogWorker.java:lambda$new$0(132)) - 69359b74-77cd-417a-996d-8eb5cbff14f3@group-B4849DA1EE78-SegmentedRaftLogWorker: flushIndex: setUnconditionally 0 -> -1
2019-10-14 10:16:30,642 [pool-84-thread-1] INFO  server.RaftServerConfigKeys (ConfUtils.java:logGet(43)) - raft.server.snapshot.auto.trigger.enabled = true (custom)
2019-10-14 10:16:30,642 [pool-84-thread-1] INFO  server.RaftServerConfigKeys (ConfUtils.java:logGet(43)) - raft.server.snapshot.auto.trigger.threshold = 10000 (custom)
2019-10-14 10:16:30,642 [pool-84-thread-1] INFO  server.RaftServerConfigKeys (ConfUtils.java:logGet(43)) - raft.server.snapshot.retention.num.files = 5 (custom)
2019-10-14 10:16:30,643 [pool-84-thread-1] INFO  server.RaftServerConfigKeys (ConfUtils.java:logGet(43)) - raft.server.retrycache.expirytime = 600000ms (custom)
2019-10-14 10:16:30,647 [pool-84-thread-1] INFO  impl.RaftServerImpl (RaftServerImpl.java:start(185)) - 69359b74-77cd-417a-996d-8eb5cbff14f3@group-B4849DA1EE78: start as a follower, conf=-1: [69359b74-77cd-417a-996d-8eb5cbff14f3:192.168.164.214:33676], old=null
2019-10-14 10:16:30,647 [pool-84-thread-1] INFO  impl.RaftServerImpl (RaftServerImpl.java:setRole(174)) - 69359b74-77cd-417a-996d-8eb5cbff14f3@group-B4849DA1EE78: changes role from      null to FOLLOWER at term 0 for startAsFollower
2019-10-14 10:16:30,647 [pool-84-thread-1] INFO  impl.RoleInfo (RoleInfo.java:updateAndGet(143)) - 69359b74-77cd-417a-996d-8eb5cbff14f3: start FollowerState
2019-10-14 10:16:30,648 [pool-84-thread-1] INFO  util.JmxRegister (JmxRegister.java:tryRegister(44)) - Successfully registered JMX Bean with object name Ratis:service=RaftServer,group=group-B4849DA1EE78,id=69359b74-77cd-417a-996d-8eb5cbff14f3
2019-10-14 10:16:30,661 [RatisPipelineUtilsThread] INFO  pipeline.PipelineStateManager (PipelineStateManager.java:addPipeline(56)) - Created pipeline Pipeline[ Id: da611192-ac4b-413c-b1b9-b4849da1ee78, Nodes: 69359b74-77cd-417a-996d-8eb5cbff14f3{ip: 192.168.164.214, host: pr-hdds-1569-vp9xg-4248047660, networkLocation: /default-rack, certSerialId: null}, Type:RATIS, Factor:ONE, State:OPEN]
2019-10-14 10:16:30,680 [grpc-default-executor-1] INFO  impl.RaftServerProxy (RaftServerProxy.java:addNew(89)) - 36f3336e-6b3c-49fc-b34e-8bc963cfdec7: addNew group-37E44AC3F958:[36f3336e-6b3c-49fc-b34e-8bc963cfdec7:192.168.164.214:33495] returns group-37E44AC3F958:java.util.concurrent.CompletableFuture@4575f3ea[Not completed]
2019-10-14 10:16:30,685 [pool-104-thread-1] INFO  impl.RaftServerImpl (RaftServerImpl.java:<init>(95)) - 36f3336e-6b3c-49fc-b34e-8bc963cfdec7: new RaftServerImpl for group-37E44AC3F958:[36f3336e-6b3c-49fc-b34e-8bc963cfdec7:192.168.164.214:33495] with ContainerStateMachine:uninitialized
2019-10-14 10:16:30,685 [pool-104-thread-1] INFO  server.RaftServerConfigKeys (ConfUtils.java:logGet(43)) - raft.server.rpc.timeout.min = 5s (custom)
2019-10-14 10:16:30,685 [pool-104-thread-1] INFO  server.RaftServerConfigKeys (ConfUtils.java:logGet(43)) - raft.server.rpc.timeout.max = 5200ms (custom)
2019-10-14 10:16:30,685 [pool-104-thread-1] INFO  server.RaftServerConfigKeys (ConfUtils.java:logGet(43)) - raft.server.rpcslowness.timeout = 120s (custom)
2019-10-14 10:16:30,685 [pool-104-thread-1] INFO  server.RaftServerConfigKeys (ConfUtils.java:logGet(43)) - raft.server.sleep.deviation.threshold = 300 (default)
2019-10-14 10:16:30,686 [pool-104-thread-1] INFO  server.RaftServerConfigKeys (ConfUtils.java:logGet(43)) - raft.server.log.appender.install.snapshot.enabled = false (custom)
2019-10-14 10:16:30,686 [pool-104-thread-1] INFO  impl.RaftServerImpl (ServerState.java:<init>(103)) - 36f3336e-6b3c-49fc-b34e-8bc963cfdec7@group-37E44AC3F958: ConfigurationManager, init=-1: [36f3336e-6b3c-49fc-b34e-8bc963cfdec7:192.168.164.214:33495], old=null, confs=<EMPTY_MAP>
2019-10-14 10:16:30,686 [pool-104-thread-1] INFO  server.RaftServerConfigKeys (ConfUtils.java:logGet(43)) - raft.server.storage.dir = [/workdir/hadoop-ozone/ozonefs/target/test-dir/MiniOzoneClusterImpl-85c09e26-9b56-4407-9c77-57370d286ecc/datanode-4/data/ratis] (custom)
2019-10-14 10:16:30,687 [pool-104-thread-1] INFO  storage.RaftStorageDirectory (RaftStorageDirectory.java:analyzeStorage(246)) - The storage directory /workdir/hadoop-ozone/ozonefs/target/test-dir/MiniOzoneClusterImpl-85c09e26-9b56-4407-9c77-57370d286ecc/datanode-4/data/ratis/fef4c08b-0ef5-48a5-9aff-37e44ac3f958 does not exist. Creating ...
2019-10-14 10:16:30,710 [pool-104-thread-1] INFO  storage.RaftStorageDirectory (RaftStorageDirectory.java:tryLock(328)) - Lock on /workdir/hadoop-ozone/ozonefs/target/test-dir/MiniOzoneClusterImpl-85c09e26-9b56-4407-9c77-57370d286ecc/datanode-4/data/ratis/fef4c08b-0ef5-48a5-9aff-37e44ac3f958/in_use.lock acquired by nodename 4738@pr-hdds-1569-vp9xg-4248047660
2019-10-14 10:16:30,752 [pool-104-thread-1] INFO  storage.RaftStorage (RaftStorage.java:format(72)) - Storage directory /workdir/hadoop-ozone/ozonefs/target/test-dir/MiniOzoneClusterImpl-85c09e26-9b56-4407-9c77-57370d286ecc/datanode-4/data/ratis/fef4c08b-0ef5-48a5-9aff-37e44ac3f958 has been successfully formatted.
2019-10-14 10:16:30,753 [pool-104-thread-1] INFO  ratis.ContainerStateMachine (ContainerStateMachine.java:loadSnapshot(230)) - group-37E44AC3F958: The snapshot info is null. Setting the last applied indexto:(t:0, i:~)
2019-10-14 10:16:30,753 [pool-104-thread-1] INFO  server.RaftServerConfigKeys (ConfUtils.java:logGet(43)) - raft.server.notification.no-leader.timeout = 120s (custom)
2019-10-14 10:16:30,754 [pool-104-thread-1] INFO  server.RaftServerConfigKeys (ConfUtils.java:logGet(43)) - raft.server.log.use.memory = false (default)
2019-10-14 10:16:30,754 [pool-104-thread-1] INFO  server.RaftServerConfigKeys (ConfUtils.java:logGet(43)) - raft.server.log.purge.gap = 1000000 (custom)
2019-10-14 10:16:30,754 [pool-104-thread-1] INFO  server.RaftServerConfigKeys (ConfUtils.java:logGet(43)) - raft.server.log.appender.buffer.byte-limit = 33554432 (custom)
2019-10-14 10:16:30,754 [pool-104-thread-1] INFO  server.RaftServerConfigKeys (ConfUtils.java:logGet(43)) - raft.server.log.segment.size.max = 1048576 (custom)
2019-10-14 10:16:30,754 [pool-104-thread-1] INFO  server.RaftServerConfigKeys (ConfUtils.java:logGet(43)) - raft.server.log.segment.cache.num.max = 2 (custom)
2019-10-14 10:16:30,755 [pool-104-thread-1] INFO  segmented.SegmentedRaftLogWorker (SegmentedRaftLogWorker.java:<init>(172)) - new 36f3336e-6b3c-49fc-b34e-8bc963cfdec7@group-37E44AC3F958-SegmentedRaftLogWorker for RaftStorage:Storage Directory /workdir/hadoop-ozone/ozonefs/target/test-dir/MiniOzoneClusterImpl-85c09e26-9b56-4407-9c77-57370d286ecc/datanode-4/data/ratis/fef4c08b-0ef5-48a5-9aff-37e44ac3f958
2019-10-14 10:16:30,757 [pool-104-thread-1] INFO  server.RaftServerConfigKeys (ConfUtils.java:logGet(43)) - raft.server.log.queue.byte-limit = 2147483647 (custom)
2019-10-14 10:16:30,758 [pool-104-thread-1] INFO  server.RaftServerConfigKeys (ConfUtils.java:logGet(43)) - raft.server.log.queue.element-limit = 1024 (custom)
2019-10-14 10:16:30,758 [pool-104-thread-1] INFO  server.RaftServerConfigKeys (ConfUtils.java:logGet(43)) - raft.server.log.segment.size.max = 1048576 (custom)
2019-10-14 10:16:30,758 [pool-104-thread-1] INFO  server.RaftServerConfigKeys (ConfUtils.java:logGet(43)) - raft.server.log.preallocated.size = 16384 (custom)
2019-10-14 10:16:30,758 [pool-104-thread-1] INFO  server.RaftServerConfigKeys (ConfUtils.java:logGet(43)) - raft.server.log.write.buffer.size = 33554432 (custom)
2019-10-14 10:16:30,758 [pool-104-thread-1] INFO  server.RaftServerConfigKeys (ConfUtils.java:logGet(43)) - raft.server.log.force.sync.num = 128 (default)
2019-10-14 10:16:30,758 [pool-104-thread-1] INFO  server.RaftServerConfigKeys (ConfUtils.java:logGet(43)) - raft.server.log.statemachine.data.sync = true (default)
2019-10-14 10:16:30,758 [pool-104-thread-1] INFO  server.RaftServerConfigKeys (ConfUtils.java:logGet(43)) - raft.server.log.statemachine.data.sync.timeout = 10s (default)
2019-10-14 10:16:30,759 [pool-104-thread-1] INFO  server.RaftServerConfigKeys (ConfUtils.java:logGet(43)) - raft.server.log.statemachine.data.sync.timeout.retry = -1 (default)
2019-10-14 10:16:30,759 [pool-104-thread-1] INFO  server.RaftServerConfigKeys (ConfUtils.java:logGet(43)) - raft.server.log.statemachine.data.caching.enabled = true (custom)
2019-10-14 10:16:30,759 [pool-104-thread-1] INFO  segmented.SegmentedRaftLogWorker (SegmentedRaftLogWorker.java:lambda$new$0(132)) - 36f3336e-6b3c-49fc-b34e-8bc963cfdec7@group-37E44AC3F958-SegmentedRaftLogWorker: flushIndex: setUnconditionally 0 -> -1
2019-10-14 10:16:30,759 [pool-104-thread-1] INFO  server.RaftServerConfigKeys (ConfUtils.java:logGet(43)) - raft.server.snapshot.auto.trigger.enabled = true (custom)
2019-10-14 10:16:30,760 [pool-104-thread-1] INFO  server.RaftServerConfigKeys (ConfUtils.java:logGet(43)) - raft.server.snapshot.auto.trigger.threshold = 10000 (custom)
2019-10-14 10:16:30,760 [pool-104-thread-1] INFO  server.RaftServerConfigKeys (ConfUtils.java:logGet(43)) - raft.server.snapshot.retention.num.files = 5 (custom)
2019-10-14 10:16:30,760 [pool-104-thread-1] INFO  server.RaftServerConfigKeys (ConfUtils.java:logGet(43)) - raft.server.retrycache.expirytime = 600000ms (custom)
2019-10-14 10:16:30,762 [pool-104-thread-1] INFO  impl.RaftServerImpl (RaftServerImpl.java:start(185)) - 36f3336e-6b3c-49fc-b34e-8bc963cfdec7@group-37E44AC3F958: start as a follower, conf=-1: [36f3336e-6b3c-49fc-b34e-8bc963cfdec7:192.168.164.214:33495], old=null
2019-10-14 10:16:30,762 [pool-104-thread-1] INFO  impl.RaftServerImpl (RaftServerImpl.java:setRole(174)) - 36f3336e-6b3c-49fc-b34e-8bc963cfdec7@group-37E44AC3F958: changes role from      null to FOLLOWER at term 0 for startAsFollower
2019-10-14 10:16:30,762 [pool-104-thread-1] INFO  impl.RoleInfo (RoleInfo.java:updateAndGet(143)) - 36f3336e-6b3c-49fc-b34e-8bc963cfdec7: start FollowerState
2019-10-14 10:16:30,762 [pool-104-thread-1] INFO  util.JmxRegister (JmxRegister.java:tryRegister(44)) - Successfully registered JMX Bean with object name Ratis:service=RaftServer,group=group-37E44AC3F958,id=36f3336e-6b3c-49fc-b34e-8bc963cfdec7
2019-10-14 10:16:30,775 [RatisPipelineUtilsThread] INFO  pipeline.PipelineStateManager (PipelineStateManager.java:addPipeline(56)) - Created pipeline Pipeline[ Id: fef4c08b-0ef5-48a5-9aff-37e44ac3f958, Nodes: 36f3336e-6b3c-49fc-b34e-8bc963cfdec7{ip: 192.168.164.214, host: pr-hdds-1569-vp9xg-4248047660, networkLocation: /default-rack, certSerialId: null}, Type:RATIS, Factor:ONE, State:OPEN]
2019-10-14 10:16:30,792 [grpc-default-executor-1] INFO  impl.RaftServerProxy (RaftServerProxy.java:addNew(89)) - 4eb4d5a4-3e1a-49a8-b14d-79a7ce4055ad: addNew group-873B333D3C83:[4eb4d5a4-3e1a-49a8-b14d-79a7ce4055ad:192.168.164.214:33269] returns group-873B333D3C83:java.util.concurrent.CompletableFuture@22b835dd[Not completed]
2019-10-14 10:16:30,796 [pool-74-thread-1] INFO  impl.RaftServerImpl (RaftServerImpl.java:<init>(95)) - 4eb4d5a4-3e1a-49a8-b14d-79a7ce4055ad: new RaftServerImpl for group-873B333D3C83:[4eb4d5a4-3e1a-49a8-b14d-79a7ce4055ad:192.168.164.214:33269] with ContainerStateMachine:uninitialized
2019-10-14 10:16:30,796 [pool-74-thread-1] INFO  server.RaftServerConfigKeys (ConfUtils.java:logGet(43)) - raft.server.rpc.timeout.min = 5s (custom)
2019-10-14 10:16:30,797 [pool-74-thread-1] INFO  server.RaftServerConfigKeys (ConfUtils.java:logGet(43)) - raft.server.rpc.timeout.max = 5200ms (custom)
2019-10-14 10:16:30,797 [pool-74-thread-1] INFO  server.RaftServerConfigKeys (ConfUtils.java:logGet(43)) - raft.server.rpcslowness.timeout = 120s (custom)
2019-10-14 10:16:30,797 [pool-74-thread-1] INFO  server.RaftServerConfigKeys (ConfUtils.java:logGet(43)) - raft.server.sleep.deviation.threshold = 300 (default)
2019-10-14 10:16:30,797 [pool-74-thread-1] INFO  server.RaftServerConfigKeys (ConfUtils.java:logGet(43)) - raft.server.log.appender.install.snapshot.enabled = false (custom)
2019-10-14 10:16:30,797 [pool-74-thread-1] INFO  impl.RaftServerImpl (ServerState.java:<init>(103)) - 4eb4d5a4-3e1a-49a8-b14d-79a7ce4055ad@group-873B333D3C83: ConfigurationManager, init=-1: [4eb4d5a4-3e1a-49a8-b14d-79a7ce4055ad:192.168.164.214:33269], old=null, confs=<EMPTY_MAP>
2019-10-14 10:16:30,798 [pool-74-thread-1] INFO  server.RaftServerConfigKeys (ConfUtils.java:logGet(43)) - raft.server.storage.dir = [/workdir/hadoop-ozone/ozonefs/target/test-dir/MiniOzoneClusterImpl-85c09e26-9b56-4407-9c77-57370d286ecc/datanode-1/data/ratis] (custom)
2019-10-14 10:16:30,798 [pool-74-thread-1] INFO  storage.RaftStorageDirectory (RaftStorageDirectory.java:analyzeStorage(246)) - The storage directory /workdir/hadoop-ozone/ozonefs/target/test-dir/MiniOzoneClusterImpl-85c09e26-9b56-4407-9c77-57370d286ecc/datanode-1/data/ratis/2c17b4cf-a06b-4004-9f06-873b333d3c83 does not exist. Creating ...
2019-10-14 10:16:30,827 [pool-74-thread-1] INFO  storage.RaftStorageDirectory (RaftStorageDirectory.java:tryLock(328)) - Lock on /workdir/hadoop-ozone/ozonefs/target/test-dir/MiniOzoneClusterImpl-85c09e26-9b56-4407-9c77-57370d286ecc/datanode-1/data/ratis/2c17b4cf-a06b-4004-9f06-873b333d3c83/in_use.lock acquired by nodename 4738@pr-hdds-1569-vp9xg-4248047660
2019-10-14 10:16:30,853 [pool-74-thread-1] INFO  storage.RaftStorage (RaftStorage.java:format(72)) - Storage directory /workdir/hadoop-ozone/ozonefs/target/test-dir/MiniOzoneClusterImpl-85c09e26-9b56-4407-9c77-57370d286ecc/datanode-1/data/ratis/2c17b4cf-a06b-4004-9f06-873b333d3c83 has been successfully formatted.
2019-10-14 10:16:30,853 [pool-74-thread-1] INFO  ratis.ContainerStateMachine (ContainerStateMachine.java:loadSnapshot(230)) - group-873B333D3C83: The snapshot info is null. Setting the last applied indexto:(t:0, i:~)
2019-10-14 10:16:30,853 [pool-74-thread-1] INFO  server.RaftServerConfigKeys (ConfUtils.java:logGet(43)) - raft.server.notification.no-leader.timeout = 120s (custom)
2019-10-14 10:16:30,854 [pool-74-thread-1] INFO  server.RaftServerConfigKeys (ConfUtils.java:logGet(43)) - raft.server.log.use.memory = false (default)
2019-10-14 10:16:30,854 [pool-74-thread-1] INFO  server.RaftServerConfigKeys (ConfUtils.java:logGet(43)) - raft.server.log.purge.gap = 1000000 (custom)
2019-10-14 10:16:30,854 [pool-74-thread-1] INFO  server.RaftServerConfigKeys (ConfUtils.java:logGet(43)) - raft.server.log.appender.buffer.byte-limit = 33554432 (custom)
2019-10-14 10:16:30,854 [pool-74-thread-1] INFO  server.RaftServerConfigKeys (ConfUtils.java:logGet(43)) - raft.server.log.segment.size.max = 1048576 (custom)
2019-10-14 10:16:30,854 [pool-74-thread-1] INFO  server.RaftServerConfigKeys (ConfUtils.java:logGet(43)) - raft.server.log.segment.cache.num.max = 2 (custom)
2019-10-14 10:16:30,854 [pool-74-thread-1] INFO  segmented.SegmentedRaftLogWorker (SegmentedRaftLogWorker.java:<init>(172)) - new 4eb4d5a4-3e1a-49a8-b14d-79a7ce4055ad@group-873B333D3C83-SegmentedRaftLogWorker for RaftStorage:Storage Directory /workdir/hadoop-ozone/ozonefs/target/test-dir/MiniOzoneClusterImpl-85c09e26-9b56-4407-9c77-57370d286ecc/datanode-1/data/ratis/2c17b4cf-a06b-4004-9f06-873b333d3c83
2019-10-14 10:16:30,856 [pool-74-thread-1] INFO  server.RaftServerConfigKeys (ConfUtils.java:logGet(43)) - raft.server.log.queue.byte-limit = 2147483647 (custom)
2019-10-14 10:16:30,856 [pool-74-thread-1] INFO  server.RaftServerConfigKeys (ConfUtils.java:logGet(43)) - raft.server.log.queue.element-limit = 1024 (custom)
2019-10-14 10:16:30,857 [pool-74-thread-1] INFO  server.RaftServerConfigKeys (ConfUtils.java:logGet(43)) - raft.server.log.segment.size.max = 1048576 (custom)
2019-10-14 10:16:30,857 [pool-74-thread-1] INFO  server.RaftServerConfigKeys (ConfUtils.java:logGet(43)) - raft.server.log.preallocated.size = 16384 (custom)
2019-10-14 10:16:30,857 [pool-74-thread-1] INFO  server.RaftServerConfigKeys (ConfUtils.java:logGet(43)) - raft.server.log.write.buffer.size = 33554432 (custom)
2019-10-14 10:16:30,857 [pool-74-thread-1] INFO  server.RaftServerConfigKeys (ConfUtils.java:logGet(43)) - raft.server.log.force.sync.num = 128 (default)
2019-10-14 10:16:30,857 [pool-74-thread-1] INFO  server.RaftServerConfigKeys (ConfUtils.java:logGet(43)) - raft.server.log.statemachine.data.sync = true (default)
2019-10-14 10:16:30,857 [pool-74-thread-1] INFO  server.RaftServerConfigKeys (ConfUtils.java:logGet(43)) - raft.server.log.statemachine.data.sync.timeout = 10s (default)
2019-10-14 10:16:30,857 [pool-74-thread-1] INFO  server.RaftServerConfigKeys (ConfUtils.java:logGet(43)) - raft.server.log.statemachine.data.sync.timeout.retry = -1 (default)
2019-10-14 10:16:30,858 [pool-74-thread-1] INFO  server.RaftServerConfigKeys (ConfUtils.java:logGet(43)) - raft.server.log.statemachine.data.caching.enabled = true (custom)
2019-10-14 10:16:30,858 [pool-74-thread-1] INFO  segmented.SegmentedRaftLogWorker (SegmentedRaftLogWorker.java:lambda$new$0(132)) - 4eb4d5a4-3e1a-49a8-b14d-79a7ce4055ad@group-873B333D3C83-SegmentedRaftLogWorker: flushIndex: setUnconditionally 0 -> -1
2019-10-14 10:16:30,858 [pool-74-thread-1] INFO  server.RaftServerConfigKeys (ConfUtils.java:logGet(43)) - raft.server.snapshot.auto.trigger.enabled = true (custom)
2019-10-14 10:16:30,858 [pool-74-thread-1] INFO  server.RaftServerConfigKeys (ConfUtils.java:logGet(43)) - raft.server.snapshot.auto.trigger.threshold = 10000 (custom)
2019-10-14 10:16:30,859 [pool-74-thread-1] INFO  server.RaftServerConfigKeys (ConfUtils.java:logGet(43)) - raft.server.snapshot.retention.num.files = 5 (custom)
2019-10-14 10:16:30,859 [pool-74-thread-1] INFO  server.RaftServerConfigKeys (ConfUtils.java:logGet(43)) - raft.server.retrycache.expirytime = 600000ms (custom)
2019-10-14 10:16:30,861 [pool-74-thread-1] INFO  impl.RaftServerImpl (RaftServerImpl.java:start(185)) - 4eb4d5a4-3e1a-49a8-b14d-79a7ce4055ad@group-873B333D3C83: start as a follower, conf=-1: [4eb4d5a4-3e1a-49a8-b14d-79a7ce4055ad:192.168.164.214:33269], old=null
2019-10-14 10:16:30,861 [pool-74-thread-1] INFO  impl.RaftServerImpl (RaftServerImpl.java:setRole(174)) - 4eb4d5a4-3e1a-49a8-b14d-79a7ce4055ad@group-873B333D3C83: changes role from      null to FOLLOWER at term 0 for startAsFollower
2019-10-14 10:16:30,861 [pool-74-thread-1] INFO  impl.RoleInfo (RoleInfo.java:updateAndGet(143)) - 4eb4d5a4-3e1a-49a8-b14d-79a7ce4055ad: start FollowerState
2019-10-14 10:16:30,862 [pool-74-thread-1] INFO  util.JmxRegister (JmxRegister.java:tryRegister(44)) - Successfully registered JMX Bean with object name Ratis:service=RaftServer,group=group-873B333D3C83,id=4eb4d5a4-3e1a-49a8-b14d-79a7ce4055ad
2019-10-14 10:16:30,890 [RatisPipelineUtilsThread] INFO  pipeline.PipelineStateManager (PipelineStateManager.java:addPipeline(56)) - Created pipeline Pipeline[ Id: 2c17b4cf-a06b-4004-9f06-873b333d3c83, Nodes: 4eb4d5a4-3e1a-49a8-b14d-79a7ce4055ad{ip: 192.168.164.214, host: pr-hdds-1569-vp9xg-4248047660, networkLocation: /default-rack, certSerialId: null}, Type:RATIS, Factor:ONE, State:OPEN]
2019-10-14 10:16:30,918 [grpc-default-executor-1] INFO  impl.RaftServerProxy (RaftServerProxy.java:addNew(89)) - 42ae3f72-3e55-4c14-b24f-d3b02ec81393: addNew group-1AC0EE171084:[42ae3f72-3e55-4c14-b24f-d3b02ec81393:192.168.164.214:34660] returns group-1AC0EE171084:java.util.concurrent.CompletableFuture@c085303[Not completed]
2019-10-14 10:16:30,925 [pool-114-thread-1] INFO  impl.RaftServerImpl (RaftServerImpl.java:<init>(95)) - 42ae3f72-3e55-4c14-b24f-d3b02ec81393: new RaftServerImpl for group-1AC0EE171084:[42ae3f72-3e55-4c14-b24f-d3b02ec81393:192.168.164.214:34660] with ContainerStateMachine:uninitialized
2019-10-14 10:16:30,930 [pool-114-thread-1] INFO  server.RaftServerConfigKeys (ConfUtils.java:logGet(43)) - raft.server.rpc.timeout.min = 5s (custom)
2019-10-14 10:16:30,931 [pool-114-thread-1] INFO  server.RaftServerConfigKeys (ConfUtils.java:logGet(43)) - raft.server.rpc.timeout.max = 5200ms (custom)
2019-10-14 10:16:30,931 [pool-114-thread-1] INFO  server.RaftServerConfigKeys (ConfUtils.java:logGet(43)) - raft.server.rpcslowness.timeout = 120s (custom)
2019-10-14 10:16:30,931 [pool-114-thread-1] INFO  server.RaftServerConfigKeys (ConfUtils.java:logGet(43)) - raft.server.sleep.deviation.threshold = 300 (default)
2019-10-14 10:16:30,931 [pool-114-thread-1] INFO  server.RaftServerConfigKeys (ConfUtils.java:logGet(43)) - raft.server.log.appender.install.snapshot.enabled = false (custom)
2019-10-14 10:16:30,931 [pool-114-thread-1] INFO  impl.RaftServerImpl (ServerState.java:<init>(103)) - 42ae3f72-3e55-4c14-b24f-d3b02ec81393@group-1AC0EE171084: ConfigurationManager, init=-1: [42ae3f72-3e55-4c14-b24f-d3b02ec81393:192.168.164.214:34660], old=null, confs=<EMPTY_MAP>
2019-10-14 10:16:30,931 [pool-114-thread-1] INFO  server.RaftServerConfigKeys (ConfUtils.java:logGet(43)) - raft.server.storage.dir = [/workdir/hadoop-ozone/ozonefs/target/test-dir/MiniOzoneClusterImpl-85c09e26-9b56-4407-9c77-57370d286ecc/datanode-5/data/ratis] (custom)
2019-10-14 10:16:30,931 [pool-114-thread-1] INFO  storage.RaftStorageDirectory (RaftStorageDirectory.java:analyzeStorage(246)) - The storage directory /workdir/hadoop-ozone/ozonefs/target/test-dir/MiniOzoneClusterImpl-85c09e26-9b56-4407-9c77-57370d286ecc/datanode-5/data/ratis/5ef3e4b0-2d31-4f34-a67d-1ac0ee171084 does not exist. Creating ...
2019-10-14 10:16:30,953 [pool-114-thread-1] INFO  storage.RaftStorageDirectory (RaftStorageDirectory.java:tryLock(328)) - Lock on /workdir/hadoop-ozone/ozonefs/target/test-dir/MiniOzoneClusterImpl-85c09e26-9b56-4407-9c77-57370d286ecc/datanode-5/data/ratis/5ef3e4b0-2d31-4f34-a67d-1ac0ee171084/in_use.lock acquired by nodename 4738@pr-hdds-1569-vp9xg-4248047660
2019-10-14 10:16:30,979 [pool-114-thread-1] INFO  storage.RaftStorage (RaftStorage.java:format(72)) - Storage directory /workdir/hadoop-ozone/ozonefs/target/test-dir/MiniOzoneClusterImpl-85c09e26-9b56-4407-9c77-57370d286ecc/datanode-5/data/ratis/5ef3e4b0-2d31-4f34-a67d-1ac0ee171084 has been successfully formatted.
2019-10-14 10:16:30,979 [pool-114-thread-1] INFO  ratis.ContainerStateMachine (ContainerStateMachine.java:loadSnapshot(230)) - group-1AC0EE171084: The snapshot info is null. Setting the last applied indexto:(t:0, i:~)
2019-10-14 10:16:30,979 [pool-114-thread-1] INFO  server.RaftServerConfigKeys (ConfUtils.java:logGet(43)) - raft.server.notification.no-leader.timeout = 120s (custom)
2019-10-14 10:16:30,980 [pool-114-thread-1] INFO  server.RaftServerConfigKeys (ConfUtils.java:logGet(43)) - raft.server.log.use.memory = false (default)
2019-10-14 10:16:30,980 [pool-114-thread-1] INFO  server.RaftServerConfigKeys (ConfUtils.java:logGet(43)) - raft.server.log.purge.gap = 1000000 (custom)
2019-10-14 10:16:30,980 [pool-114-thread-1] INFO  server.RaftServerConfigKeys (ConfUtils.java:logGet(43)) - raft.server.log.appender.buffer.byte-limit = 33554432 (custom)
2019-10-14 10:16:30,980 [pool-114-thread-1] INFO  server.RaftServerConfigKeys (ConfUtils.java:logGet(43)) - raft.server.log.segment.size.max = 1048576 (custom)
2019-10-14 10:16:30,980 [pool-114-thread-1] INFO  server.RaftServerConfigKeys (ConfUtils.java:logGet(43)) - raft.server.log.segment.cache.num.max = 2 (custom)
2019-10-14 10:16:30,981 [pool-114-thread-1] INFO  segmented.SegmentedRaftLogWorker (SegmentedRaftLogWorker.java:<init>(172)) - new 42ae3f72-3e55-4c14-b24f-d3b02ec81393@group-1AC0EE171084-SegmentedRaftLogWorker for RaftStorage:Storage Directory /workdir/hadoop-ozone/ozonefs/target/test-dir/MiniOzoneClusterImpl-85c09e26-9b56-4407-9c77-57370d286ecc/datanode-5/data/ratis/5ef3e4b0-2d31-4f34-a67d-1ac0ee171084
2019-10-14 10:16:30,983 [pool-114-thread-1] INFO  server.RaftServerConfigKeys (ConfUtils.java:logGet(43)) - raft.server.log.queue.byte-limit = 2147483647 (custom)
2019-10-14 10:16:30,984 [pool-114-thread-1] INFO  server.RaftServerConfigKeys (ConfUtils.java:logGet(43)) - raft.server.log.queue.element-limit = 1024 (custom)
2019-10-14 10:16:30,984 [pool-114-thread-1] INFO  server.RaftServerConfigKeys (ConfUtils.java:logGet(43)) - raft.server.log.segment.size.max = 1048576 (custom)
2019-10-14 10:16:30,984 [pool-114-thread-1] INFO  server.RaftServerConfigKeys (ConfUtils.java:logGet(43)) - raft.server.log.preallocated.size = 16384 (custom)
2019-10-14 10:16:30,984 [pool-114-thread-1] INFO  server.RaftServerConfigKeys (ConfUtils.java:logGet(43)) - raft.server.log.write.buffer.size = 33554432 (custom)
2019-10-14 10:16:30,984 [pool-114-thread-1] INFO  server.RaftServerConfigKeys (ConfUtils.java:logGet(43)) - raft.server.log.force.sync.num = 128 (default)
2019-10-14 10:16:30,985 [pool-114-thread-1] INFO  server.RaftServerConfigKeys (ConfUtils.java:logGet(43)) - raft.server.log.statemachine.data.sync = true (default)
2019-10-14 10:16:30,985 [pool-114-thread-1] INFO  server.RaftServerConfigKeys (ConfUtils.java:logGet(43)) - raft.server.log.statemachine.data.sync.timeout = 10s (default)
2019-10-14 10:16:30,985 [pool-114-thread-1] INFO  server.RaftServerConfigKeys (ConfUtils.java:logGet(43)) - raft.server.log.statemachine.data.sync.timeout.retry = -1 (default)
2019-10-14 10:16:30,985 [pool-114-thread-1] INFO  server.RaftServerConfigKeys (ConfUtils.java:logGet(43)) - raft.server.log.statemachine.data.caching.enabled = true (custom)
2019-10-14 10:16:30,986 [pool-114-thread-1] INFO  segmented.SegmentedRaftLogWorker (SegmentedRaftLogWorker.java:lambda$new$0(132)) - 42ae3f72-3e55-4c14-b24f-d3b02ec81393@group-1AC0EE171084-SegmentedRaftLogWorker: flushIndex: setUnconditionally 0 -> -1
2019-10-14 10:16:30,986 [pool-114-thread-1] INFO  server.RaftServerConfigKeys (ConfUtils.java:logGet(43)) - raft.server.snapshot.auto.trigger.enabled = true (custom)
2019-10-14 10:16:30,986 [pool-114-thread-1] INFO  server.RaftServerConfigKeys (ConfUtils.java:logGet(43)) - raft.server.snapshot.auto.trigger.threshold = 10000 (custom)
2019-10-14 10:16:30,986 [pool-114-thread-1] INFO  server.RaftServerConfigKeys (ConfUtils.java:logGet(43)) - raft.server.snapshot.retention.num.files = 5 (custom)
2019-10-14 10:16:30,987 [pool-114-thread-1] INFO  server.RaftServerConfigKeys (ConfUtils.java:logGet(43)) - raft.server.retrycache.expirytime = 600000ms (custom)
2019-10-14 10:16:30,990 [pool-114-thread-1] INFO  impl.RaftServerImpl (RaftServerImpl.java:start(185)) - 42ae3f72-3e55-4c14-b24f-d3b02ec81393@group-1AC0EE171084: start as a follower, conf=-1: [42ae3f72-3e55-4c14-b24f-d3b02ec81393:192.168.164.214:34660], old=null
2019-10-14 10:16:30,990 [pool-114-thread-1] INFO  impl.RaftServerImpl (RaftServerImpl.java:setRole(174)) - 42ae3f72-3e55-4c14-b24f-d3b02ec81393@group-1AC0EE171084: changes role from      null to FOLLOWER at term 0 for startAsFollower
2019-10-14 10:16:30,990 [pool-114-thread-1] INFO  impl.RoleInfo (RoleInfo.java:updateAndGet(143)) - 42ae3f72-3e55-4c14-b24f-d3b02ec81393: start FollowerState
2019-10-14 10:16:30,990 [pool-114-thread-1] INFO  util.JmxRegister (JmxRegister.java:tryRegister(44)) - Successfully registered JMX Bean with object name Ratis:service=RaftServer,group=group-1AC0EE171084,id=42ae3f72-3e55-4c14-b24f-d3b02ec81393
2019-10-14 10:16:31,004 [RatisPipelineUtilsThread] INFO  pipeline.PipelineStateManager (PipelineStateManager.java:addPipeline(56)) - Created pipeline Pipeline[ Id: 5ef3e4b0-2d31-4f34-a67d-1ac0ee171084, Nodes: 42ae3f72-3e55-4c14-b24f-d3b02ec81393{ip: 192.168.164.214, host: pr-hdds-1569-vp9xg-4248047660, networkLocation: /default-rack, certSerialId: null}, Type:RATIS, Factor:ONE, State:OPEN]
2019-10-14 10:16:31,024 [grpc-default-executor-1] INFO  impl.RaftServerProxy (RaftServerProxy.java:addNew(89)) - 478d8a49-3225-43e3-b23b-d6ee338f70d2: addNew group-586E2CC0E954:[478d8a49-3225-43e3-b23b-d6ee338f70d2:192.168.164.214:36975] returns group-586E2CC0E954:java.util.concurrent.CompletableFuture@19499c40[Not completed]
2019-10-14 10:16:31,031 [pool-124-thread-1] INFO  impl.RaftServerImpl (RaftServerImpl.java:<init>(95)) - 478d8a49-3225-43e3-b23b-d6ee338f70d2: new RaftServerImpl for group-586E2CC0E954:[478d8a49-3225-43e3-b23b-d6ee338f70d2:192.168.164.214:36975] with ContainerStateMachine:uninitialized
2019-10-14 10:16:31,031 [pool-124-thread-1] INFO  server.RaftServerConfigKeys (ConfUtils.java:logGet(43)) - raft.server.rpc.timeout.min = 5s (custom)
2019-10-14 10:16:31,032 [pool-124-thread-1] INFO  server.RaftServerConfigKeys (ConfUtils.java:logGet(43)) - raft.server.rpc.timeout.max = 5200ms (custom)
2019-10-14 10:16:31,032 [pool-124-thread-1] INFO  server.RaftServerConfigKeys (ConfUtils.java:logGet(43)) - raft.server.rpcslowness.timeout = 120s (custom)
2019-10-14 10:16:31,032 [pool-124-thread-1] INFO  server.RaftServerConfigKeys (ConfUtils.java:logGet(43)) - raft.server.sleep.deviation.threshold = 300 (default)
2019-10-14 10:16:31,032 [pool-124-thread-1] INFO  server.RaftServerConfigKeys (ConfUtils.java:logGet(43)) - raft.server.log.appender.install.snapshot.enabled = false (custom)
2019-10-14 10:16:31,033 [pool-124-thread-1] INFO  impl.RaftServerImpl (ServerState.java:<init>(103)) - 478d8a49-3225-43e3-b23b-d6ee338f70d2@group-586E2CC0E954: ConfigurationManager, init=-1: [478d8a49-3225-43e3-b23b-d6ee338f70d2:192.168.164.214:36975], old=null, confs=<EMPTY_MAP>
2019-10-14 10:16:31,033 [pool-124-thread-1] INFO  server.RaftServerConfigKeys (ConfUtils.java:logGet(43)) - raft.server.storage.dir = [/workdir/hadoop-ozone/ozonefs/target/test-dir/MiniOzoneClusterImpl-85c09e26-9b56-4407-9c77-57370d286ecc/datanode-6/data/ratis] (custom)
2019-10-14 10:16:31,035 [pool-124-thread-1] INFO  storage.RaftStorageDirectory (RaftStorageDirectory.java:analyzeStorage(246)) - The storage directory /workdir/hadoop-ozone/ozonefs/target/test-dir/MiniOzoneClusterImpl-85c09e26-9b56-4407-9c77-57370d286ecc/datanode-6/data/ratis/c5b9ae6d-e924-49d0-ad68-586e2cc0e954 does not exist. Creating ...
2019-10-14 10:16:31,062 [pool-124-thread-1] INFO  storage.RaftStorageDirectory (RaftStorageDirectory.java:tryLock(328)) - Lock on /workdir/hadoop-ozone/ozonefs/target/test-dir/MiniOzoneClusterImpl-85c09e26-9b56-4407-9c77-57370d286ecc/datanode-6/data/ratis/c5b9ae6d-e924-49d0-ad68-586e2cc0e954/in_use.lock acquired by nodename 4738@pr-hdds-1569-vp9xg-4248047660
2019-10-14 10:16:31,088 [pool-124-thread-1] INFO  storage.RaftStorage (RaftStorage.java:format(72)) - Storage directory /workdir/hadoop-ozone/ozonefs/target/test-dir/MiniOzoneClusterImpl-85c09e26-9b56-4407-9c77-57370d286ecc/datanode-6/data/ratis/c5b9ae6d-e924-49d0-ad68-586e2cc0e954 has been successfully formatted.
2019-10-14 10:16:31,088 [pool-124-thread-1] INFO  ratis.ContainerStateMachine (ContainerStateMachine.java:loadSnapshot(230)) - group-586E2CC0E954: The snapshot info is null. Setting the last applied indexto:(t:0, i:~)
2019-10-14 10:16:31,089 [pool-124-thread-1] INFO  server.RaftServerConfigKeys (ConfUtils.java:logGet(43)) - raft.server.notification.no-leader.timeout = 120s (custom)
2019-10-14 10:16:31,089 [pool-124-thread-1] INFO  server.RaftServerConfigKeys (ConfUtils.java:logGet(43)) - raft.server.log.use.memory = false (default)
2019-10-14 10:16:31,089 [pool-124-thread-1] INFO  server.RaftServerConfigKeys (ConfUtils.java:logGet(43)) - raft.server.log.purge.gap = 1000000 (custom)
2019-10-14 10:16:31,089 [pool-124-thread-1] INFO  server.RaftServerConfigKeys (ConfUtils.java:logGet(43)) - raft.server.log.appender.buffer.byte-limit = 33554432 (custom)
2019-10-14 10:16:31,089 [pool-124-thread-1] INFO  server.RaftServerConfigKeys (ConfUtils.java:logGet(43)) - raft.server.log.segment.size.max = 1048576 (custom)
2019-10-14 10:16:31,090 [pool-124-thread-1] INFO  server.RaftServerConfigKeys (ConfUtils.java:logGet(43)) - raft.server.log.segment.cache.num.max = 2 (custom)
2019-10-14 10:16:31,090 [pool-124-thread-1] INFO  segmented.SegmentedRaftLogWorker (SegmentedRaftLogWorker.java:<init>(172)) - new 478d8a49-3225-43e3-b23b-d6ee338f70d2@group-586E2CC0E954-SegmentedRaftLogWorker for RaftStorage:Storage Directory /workdir/hadoop-ozone/ozonefs/target/test-dir/MiniOzoneClusterImpl-85c09e26-9b56-4407-9c77-57370d286ecc/datanode-6/data/ratis/c5b9ae6d-e924-49d0-ad68-586e2cc0e954
2019-10-14 10:16:31,093 [pool-124-thread-1] INFO  server.RaftServerConfigKeys (ConfUtils.java:logGet(43)) - raft.server.log.queue.byte-limit = 2147483647 (custom)
2019-10-14 10:16:31,094 [pool-124-thread-1] INFO  server.RaftServerConfigKeys (ConfUtils.java:logGet(43)) - raft.server.log.queue.element-limit = 1024 (custom)
2019-10-14 10:16:31,094 [pool-124-thread-1] INFO  server.RaftServerConfigKeys (ConfUtils.java:logGet(43)) - raft.server.log.segment.size.max = 1048576 (custom)
2019-10-14 10:16:31,094 [pool-124-thread-1] INFO  server.RaftServerConfigKeys (ConfUtils.java:logGet(43)) - raft.server.log.preallocated.size = 16384 (custom)
2019-10-14 10:16:31,094 [pool-124-thread-1] INFO  server.RaftServerConfigKeys (ConfUtils.java:logGet(43)) - raft.server.log.write.buffer.size = 33554432 (custom)
2019-10-14 10:16:31,094 [pool-124-thread-1] INFO  server.RaftServerConfigKeys (ConfUtils.java:logGet(43)) - raft.server.log.force.sync.num = 128 (default)
2019-10-14 10:16:31,095 [pool-124-thread-1] INFO  server.RaftServerConfigKeys (ConfUtils.java:logGet(43)) - raft.server.log.statemachine.data.sync = true (default)
2019-10-14 10:16:31,095 [pool-124-thread-1] INFO  server.RaftServerConfigKeys (ConfUtils.java:logGet(43)) - raft.server.log.statemachine.data.sync.timeout = 10s (default)
2019-10-14 10:16:31,095 [pool-124-thread-1] INFO  server.RaftServerConfigKeys (ConfUtils.java:logGet(43)) - raft.server.log.statemachine.data.sync.timeout.retry = -1 (default)
2019-10-14 10:16:31,095 [pool-124-thread-1] INFO  server.RaftServerConfigKeys (ConfUtils.java:logGet(43)) - raft.server.log.statemachine.data.caching.enabled = true (custom)
2019-10-14 10:16:31,096 [pool-124-thread-1] INFO  segmented.SegmentedRaftLogWorker (SegmentedRaftLogWorker.java:lambda$new$0(132)) - 478d8a49-3225-43e3-b23b-d6ee338f70d2@group-586E2CC0E954-SegmentedRaftLogWorker: flushIndex: setUnconditionally 0 -> -1
2019-10-14 10:16:31,096 [pool-124-thread-1] INFO  server.RaftServerConfigKeys (ConfUtils.java:logGet(43)) - raft.server.snapshot.auto.trigger.enabled = true (custom)
2019-10-14 10:16:31,096 [pool-124-thread-1] INFO  server.RaftServerConfigKeys (ConfUtils.java:logGet(43)) - raft.server.snapshot.auto.trigger.threshold = 10000 (custom)
2019-10-14 10:16:31,097 [pool-124-thread-1] INFO  server.RaftServerConfigKeys (ConfUtils.java:logGet(43)) - raft.server.snapshot.retention.num.files = 5 (custom)
2019-10-14 10:16:31,097 [pool-124-thread-1] INFO  server.RaftServerConfigKeys (ConfUtils.java:logGet(43)) - raft.server.retrycache.expirytime = 600000ms (custom)
2019-10-14 10:16:31,101 [pool-124-thread-1] INFO  impl.RaftServerImpl (RaftServerImpl.java:start(185)) - 478d8a49-3225-43e3-b23b-d6ee338f70d2@group-586E2CC0E954: start as a follower, conf=-1: [478d8a49-3225-43e3-b23b-d6ee338f70d2:192.168.164.214:36975], old=null
2019-10-14 10:16:31,102 [pool-124-thread-1] INFO  impl.RaftServerImpl (RaftServerImpl.java:setRole(174)) - 478d8a49-3225-43e3-b23b-d6ee338f70d2@group-586E2CC0E954: changes role from      null to FOLLOWER at term 0 for startAsFollower
2019-10-14 10:16:31,102 [pool-124-thread-1] INFO  impl.RoleInfo (RoleInfo.java:updateAndGet(143)) - 478d8a49-3225-43e3-b23b-d6ee338f70d2: start FollowerState
2019-10-14 10:16:31,102 [pool-124-thread-1] INFO  util.JmxRegister (JmxRegister.java:tryRegister(44)) - Successfully registered JMX Bean with object name Ratis:service=RaftServer,group=group-586E2CC0E954,id=478d8a49-3225-43e3-b23b-d6ee338f70d2
2019-10-14 10:16:31,116 [RatisPipelineUtilsThread] INFO  pipeline.PipelineStateManager (PipelineStateManager.java:addPipeline(56)) - Created pipeline Pipeline[ Id: c5b9ae6d-e924-49d0-ad68-586e2cc0e954, Nodes: 478d8a49-3225-43e3-b23b-d6ee338f70d2{ip: 192.168.164.214, host: pr-hdds-1569-vp9xg-4248047660, networkLocation: /default-rack, certSerialId: null}, Type:RATIS, Factor:ONE, State:OPEN]
2019-10-14 10:16:31,120 [RatisPipelineUtilsThread] ERROR pipeline.SCMPipelineManager (SCMPipelineManager.java:createPipeline(193)) - Pipeline creation failed.
org.apache.hadoop.hdds.scm.exceptions.SCMException: Cannot create pipeline of factor 1 using 0 nodes. Used 7 nodes. Healthy nodes 7
	at org.apache.hadoop.hdds.scm.pipeline.RatisPipelineProvider.pickNodesNeverUsed(RatisPipelineProvider.java:116)
	at org.apache.hadoop.hdds.scm.pipeline.RatisPipelineProvider.create(RatisPipelineProvider.java:128)
	at org.apache.hadoop.hdds.scm.pipeline.PipelineFactory.create(PipelineFactory.java:58)
	at org.apache.hadoop.hdds.scm.pipeline.SCMPipelineManager.createPipeline(SCMPipelineManager.java:183)
	at org.apache.hadoop.hdds.scm.pipeline.BackgroundPipelineCreator.createPipelines(BackgroundPipelineCreator.java:100)
	at java.util.concurrent.Executors$RunnableAdapter.call(Executors.java:511)
	at java.util.concurrent.FutureTask.run(FutureTask.java:266)
	at java.util.concurrent.ScheduledThreadPoolExecutor$ScheduledFutureTask.access$201(ScheduledThreadPoolExecutor.java:180)
	at java.util.concurrent.ScheduledThreadPoolExecutor$ScheduledFutureTask.run(ScheduledThreadPoolExecutor.java:293)
	at java.util.concurrent.ThreadPoolExecutor.runWorker(ThreadPoolExecutor.java:1149)
	at java.util.concurrent.ThreadPoolExecutor$Worker.run(ThreadPoolExecutor.java:624)
	at java.lang.Thread.run(Thread.java:748)
2019-10-14 10:16:31,172 [grpc-default-executor-2] INFO  impl.RaftServerProxy (RaftServerProxy.java:addNew(89)) - 4ca2631b-862e-40c8-a81a-0c3f018b6063: addNew group-508B0E637BCD:[69359b74-77cd-417a-996d-8eb5cbff14f3:192.168.164.214:33676, 12766659-8dbd-45fe-a653-6cb67784c51c:192.168.164.214:41727, 4ca2631b-862e-40c8-a81a-0c3f018b6063:192.168.164.214:33839] returns group-508B0E637BCD:java.util.concurrent.CompletableFuture@7852c6c0[Not completed]
2019-10-14 10:16:31,172 [grpc-default-executor-0] INFO  impl.RaftServerProxy (RaftServerProxy.java:addNew(89)) - 69359b74-77cd-417a-996d-8eb5cbff14f3: addNew group-508B0E637BCD:[69359b74-77cd-417a-996d-8eb5cbff14f3:192.168.164.214:33676, 12766659-8dbd-45fe-a653-6cb67784c51c:192.168.164.214:41727, 4ca2631b-862e-40c8-a81a-0c3f018b6063:192.168.164.214:33839] returns group-508B0E637BCD:java.util.concurrent.CompletableFuture@47c1675c[Not completed]
2019-10-14 10:16:31,172 [grpc-default-executor-1] INFO  impl.RaftServerProxy (RaftServerProxy.java:addNew(89)) - 12766659-8dbd-45fe-a653-6cb67784c51c: addNew group-508B0E637BCD:[69359b74-77cd-417a-996d-8eb5cbff14f3:192.168.164.214:33676, 12766659-8dbd-45fe-a653-6cb67784c51c:192.168.164.214:41727, 4ca2631b-862e-40c8-a81a-0c3f018b6063:192.168.164.214:33839] returns group-508B0E637BCD:java.util.concurrent.CompletableFuture@54a576d8[Not completed]
2019-10-14 10:16:31,174 [pool-64-thread-1] INFO  impl.RaftServerImpl (RaftServerImpl.java:<init>(95)) - 4ca2631b-862e-40c8-a81a-0c3f018b6063: new RaftServerImpl for group-508B0E637BCD:[69359b74-77cd-417a-996d-8eb5cbff14f3:192.168.164.214:33676, 12766659-8dbd-45fe-a653-6cb67784c51c:192.168.164.214:41727, 4ca2631b-862e-40c8-a81a-0c3f018b6063:192.168.164.214:33839] with ContainerStateMachine:uninitialized
2019-10-14 10:16:31,174 [pool-64-thread-1] INFO  server.RaftServerConfigKeys (ConfUtils.java:logGet(43)) - raft.server.rpc.timeout.min = 5s (custom)
2019-10-14 10:16:31,174 [pool-64-thread-1] INFO  server.RaftServerConfigKeys (ConfUtils.java:logGet(43)) - raft.server.rpc.timeout.max = 5200ms (custom)
2019-10-14 10:16:31,174 [pool-64-thread-1] INFO  server.RaftServerConfigKeys (ConfUtils.java:logGet(43)) - raft.server.rpcslowness.timeout = 120s (custom)
2019-10-14 10:16:31,174 [pool-64-thread-1] INFO  server.RaftServerConfigKeys (ConfUtils.java:logGet(43)) - raft.server.sleep.deviation.threshold = 300 (default)
2019-10-14 10:16:31,174 [pool-64-thread-1] INFO  server.RaftServerConfigKeys (ConfUtils.java:logGet(43)) - raft.server.log.appender.install.snapshot.enabled = false (custom)
2019-10-14 10:16:31,175 [pool-84-thread-1] INFO  impl.RaftServerImpl (RaftServerImpl.java:<init>(95)) - 69359b74-77cd-417a-996d-8eb5cbff14f3: new RaftServerImpl for group-508B0E637BCD:[69359b74-77cd-417a-996d-8eb5cbff14f3:192.168.164.214:33676, 12766659-8dbd-45fe-a653-6cb67784c51c:192.168.164.214:41727, 4ca2631b-862e-40c8-a81a-0c3f018b6063:192.168.164.214:33839] with ContainerStateMachine:uninitialized
2019-10-14 10:16:31,175 [pool-64-thread-1] INFO  impl.RaftServerImpl (ServerState.java:<init>(103)) - 4ca2631b-862e-40c8-a81a-0c3f018b6063@group-508B0E637BCD: ConfigurationManager, init=-1: [69359b74-77cd-417a-996d-8eb5cbff14f3:192.168.164.214:33676, 12766659-8dbd-45fe-a653-6cb67784c51c:192.168.164.214:41727, 4ca2631b-862e-40c8-a81a-0c3f018b6063:192.168.164.214:33839], old=null, confs=<EMPTY_MAP>
2019-10-14 10:16:31,175 [pool-84-thread-1] INFO  server.RaftServerConfigKeys (ConfUtils.java:logGet(43)) - raft.server.rpc.timeout.min = 5s (custom)
2019-10-14 10:16:31,175 [pool-64-thread-1] INFO  server.RaftServerConfigKeys (ConfUtils.java:logGet(43)) - raft.server.storage.dir = [/workdir/hadoop-ozone/ozonefs/target/test-dir/MiniOzoneClusterImpl-85c09e26-9b56-4407-9c77-57370d286ecc/datanode-0/data/ratis] (custom)
2019-10-14 10:16:31,175 [pool-84-thread-1] INFO  server.RaftServerConfigKeys (ConfUtils.java:logGet(43)) - raft.server.rpc.timeout.max = 5200ms (custom)
2019-10-14 10:16:31,175 [pool-84-thread-1] INFO  server.RaftServerConfigKeys (ConfUtils.java:logGet(43)) - raft.server.rpcslowness.timeout = 120s (custom)
2019-10-14 10:16:31,175 [pool-84-thread-1] INFO  server.RaftServerConfigKeys (ConfUtils.java:logGet(43)) - raft.server.sleep.deviation.threshold = 300 (default)
2019-10-14 10:16:31,175 [pool-64-thread-1] INFO  storage.RaftStorageDirectory (RaftStorageDirectory.java:analyzeStorage(246)) - The storage directory /workdir/hadoop-ozone/ozonefs/target/test-dir/MiniOzoneClusterImpl-85c09e26-9b56-4407-9c77-57370d286ecc/datanode-0/data/ratis/9a712b9d-f1c5-48b9-872a-508b0e637bcd does not exist. Creating ...
2019-10-14 10:16:31,176 [pool-94-thread-1] INFO  impl.RaftServerImpl (RaftServerImpl.java:<init>(95)) - 12766659-8dbd-45fe-a653-6cb67784c51c: new RaftServerImpl for group-508B0E637BCD:[69359b74-77cd-417a-996d-8eb5cbff14f3:192.168.164.214:33676, 12766659-8dbd-45fe-a653-6cb67784c51c:192.168.164.214:41727, 4ca2631b-862e-40c8-a81a-0c3f018b6063:192.168.164.214:33839] with ContainerStateMachine:uninitialized
2019-10-14 10:16:31,176 [pool-84-thread-1] INFO  server.RaftServerConfigKeys (ConfUtils.java:logGet(43)) - raft.server.log.appender.install.snapshot.enabled = false (custom)
2019-10-14 10:16:31,176 [pool-94-thread-1] INFO  server.RaftServerConfigKeys (ConfUtils.java:logGet(43)) - raft.server.rpc.timeout.min = 5s (custom)
2019-10-14 10:16:31,176 [pool-84-thread-1] INFO  impl.RaftServerImpl (ServerState.java:<init>(103)) - 69359b74-77cd-417a-996d-8eb5cbff14f3@group-508B0E637BCD: ConfigurationManager, init=-1: [69359b74-77cd-417a-996d-8eb5cbff14f3:192.168.164.214:33676, 12766659-8dbd-45fe-a653-6cb67784c51c:192.168.164.214:41727, 4ca2631b-862e-40c8-a81a-0c3f018b6063:192.168.164.214:33839], old=null, confs=<EMPTY_MAP>
2019-10-14 10:16:31,176 [pool-94-thread-1] INFO  server.RaftServerConfigKeys (ConfUtils.java:logGet(43)) - raft.server.rpc.timeout.max = 5200ms (custom)
2019-10-14 10:16:31,176 [pool-84-thread-1] INFO  server.RaftServerConfigKeys (ConfUtils.java:logGet(43)) - raft.server.storage.dir = [/workdir/hadoop-ozone/ozonefs/target/test-dir/MiniOzoneClusterImpl-85c09e26-9b56-4407-9c77-57370d286ecc/datanode-2/data/ratis] (custom)
2019-10-14 10:16:31,176 [pool-94-thread-1] INFO  server.RaftServerConfigKeys (ConfUtils.java:logGet(43)) - raft.server.rpcslowness.timeout = 120s (custom)
2019-10-14 10:16:31,177 [pool-94-thread-1] INFO  server.RaftServerConfigKeys (ConfUtils.java:logGet(43)) - raft.server.sleep.deviation.threshold = 300 (default)
2019-10-14 10:16:31,177 [pool-84-thread-1] INFO  storage.RaftStorageDirectory (RaftStorageDirectory.java:analyzeStorage(246)) - The storage directory /workdir/hadoop-ozone/ozonefs/target/test-dir/MiniOzoneClusterImpl-85c09e26-9b56-4407-9c77-57370d286ecc/datanode-2/data/ratis/9a712b9d-f1c5-48b9-872a-508b0e637bcd does not exist. Creating ...
2019-10-14 10:16:31,177 [pool-94-thread-1] INFO  server.RaftServerConfigKeys (ConfUtils.java:logGet(43)) - raft.server.log.appender.install.snapshot.enabled = false (custom)
2019-10-14 10:16:31,177 [pool-94-thread-1] INFO  impl.RaftServerImpl (ServerState.java:<init>(103)) - 12766659-8dbd-45fe-a653-6cb67784c51c@group-508B0E637BCD: ConfigurationManager, init=-1: [69359b74-77cd-417a-996d-8eb5cbff14f3:192.168.164.214:33676, 12766659-8dbd-45fe-a653-6cb67784c51c:192.168.164.214:41727, 4ca2631b-862e-40c8-a81a-0c3f018b6063:192.168.164.214:33839], old=null, confs=<EMPTY_MAP>
2019-10-14 10:16:31,177 [pool-94-thread-1] INFO  server.RaftServerConfigKeys (ConfUtils.java:logGet(43)) - raft.server.storage.dir = [/workdir/hadoop-ozone/ozonefs/target/test-dir/MiniOzoneClusterImpl-85c09e26-9b56-4407-9c77-57370d286ecc/datanode-3/data/ratis] (custom)
2019-10-14 10:16:31,178 [pool-94-thread-1] INFO  storage.RaftStorageDirectory (RaftStorageDirectory.java:analyzeStorage(246)) - The storage directory /workdir/hadoop-ozone/ozonefs/target/test-dir/MiniOzoneClusterImpl-85c09e26-9b56-4407-9c77-57370d286ecc/datanode-3/data/ratis/9a712b9d-f1c5-48b9-872a-508b0e637bcd does not exist. Creating ...
2019-10-14 10:16:31,213 [pool-84-thread-1] INFO  storage.RaftStorageDirectory (RaftStorageDirectory.java:tryLock(328)) - Lock on /workdir/hadoop-ozone/ozonefs/target/test-dir/MiniOzoneClusterImpl-85c09e26-9b56-4407-9c77-57370d286ecc/datanode-2/data/ratis/9a712b9d-f1c5-48b9-872a-508b0e637bcd/in_use.lock acquired by nodename 4738@pr-hdds-1569-vp9xg-4248047660
2019-10-14 10:16:31,213 [pool-64-thread-1] INFO  storage.RaftStorageDirectory (RaftStorageDirectory.java:tryLock(328)) - Lock on /workdir/hadoop-ozone/ozonefs/target/test-dir/MiniOzoneClusterImpl-85c09e26-9b56-4407-9c77-57370d286ecc/datanode-0/data/ratis/9a712b9d-f1c5-48b9-872a-508b0e637bcd/in_use.lock acquired by nodename 4738@pr-hdds-1569-vp9xg-4248047660
2019-10-14 10:16:31,213 [pool-94-thread-1] INFO  storage.RaftStorageDirectory (RaftStorageDirectory.java:tryLock(328)) - Lock on /workdir/hadoop-ozone/ozonefs/target/test-dir/MiniOzoneClusterImpl-85c09e26-9b56-4407-9c77-57370d286ecc/datanode-3/data/ratis/9a712b9d-f1c5-48b9-872a-508b0e637bcd/in_use.lock acquired by nodename 4738@pr-hdds-1569-vp9xg-4248047660
2019-10-14 10:16:31,240 [pool-84-thread-1] INFO  storage.RaftStorage (RaftStorage.java:format(72)) - Storage directory /workdir/hadoop-ozone/ozonefs/target/test-dir/MiniOzoneClusterImpl-85c09e26-9b56-4407-9c77-57370d286ecc/datanode-2/data/ratis/9a712b9d-f1c5-48b9-872a-508b0e637bcd has been successfully formatted.
2019-10-14 10:16:31,240 [pool-64-thread-1] INFO  storage.RaftStorage (RaftStorage.java:format(72)) - Storage directory /workdir/hadoop-ozone/ozonefs/target/test-dir/MiniOzoneClusterImpl-85c09e26-9b56-4407-9c77-57370d286ecc/datanode-0/data/ratis/9a712b9d-f1c5-48b9-872a-508b0e637bcd has been successfully formatted.
2019-10-14 10:16:31,240 [pool-94-thread-1] INFO  storage.RaftStorage (RaftStorage.java:format(72)) - Storage directory /workdir/hadoop-ozone/ozonefs/target/test-dir/MiniOzoneClusterImpl-85c09e26-9b56-4407-9c77-57370d286ecc/datanode-3/data/ratis/9a712b9d-f1c5-48b9-872a-508b0e637bcd has been successfully formatted.
2019-10-14 10:16:31,241 [pool-64-thread-1] INFO  ratis.ContainerStateMachine (ContainerStateMachine.java:loadSnapshot(230)) - group-508B0E637BCD: The snapshot info is null. Setting the last applied indexto:(t:0, i:~)
2019-10-14 10:16:31,241 [pool-84-thread-1] INFO  ratis.ContainerStateMachine (ContainerStateMachine.java:loadSnapshot(230)) - group-508B0E637BCD: The snapshot info is null. Setting the last applied indexto:(t:0, i:~)
2019-10-14 10:16:31,241 [pool-64-thread-1] INFO  server.RaftServerConfigKeys (ConfUtils.java:logGet(43)) - raft.server.notification.no-leader.timeout = 120s (custom)
2019-10-14 10:16:31,241 [pool-94-thread-1] INFO  ratis.ContainerStateMachine (ContainerStateMachine.java:loadSnapshot(230)) - group-508B0E637BCD: The snapshot info is null. Setting the last applied indexto:(t:0, i:~)
2019-10-14 10:16:31,241 [pool-64-thread-1] INFO  server.RaftServerConfigKeys (ConfUtils.java:logGet(43)) - raft.server.log.use.memory = false (default)
2019-10-14 10:16:31,241 [pool-84-thread-1] INFO  server.RaftServerConfigKeys (ConfUtils.java:logGet(43)) - raft.server.notification.no-leader.timeout = 120s (custom)
2019-10-14 10:16:31,242 [pool-64-thread-1] INFO  server.RaftServerConfigKeys (ConfUtils.java:logGet(43)) - raft.server.log.purge.gap = 1000000 (custom)
2019-10-14 10:16:31,242 [pool-94-thread-1] INFO  server.RaftServerConfigKeys (ConfUtils.java:logGet(43)) - raft.server.notification.no-leader.timeout = 120s (custom)
2019-10-14 10:16:31,242 [pool-64-thread-1] INFO  server.RaftServerConfigKeys (ConfUtils.java:logGet(43)) - raft.server.log.appender.buffer.byte-limit = 33554432 (custom)
2019-10-14 10:16:31,242 [pool-84-thread-1] INFO  server.RaftServerConfigKeys (ConfUtils.java:logGet(43)) - raft.server.log.use.memory = false (default)
2019-10-14 10:16:31,242 [pool-64-thread-1] INFO  server.RaftServerConfigKeys (ConfUtils.java:logGet(43)) - raft.server.log.segment.size.max = 1048576 (custom)
2019-10-14 10:16:31,242 [pool-94-thread-1] INFO  server.RaftServerConfigKeys (ConfUtils.java:logGet(43)) - raft.server.log.use.memory = false (default)
2019-10-14 10:16:31,243 [pool-64-thread-1] INFO  server.RaftServerConfigKeys (ConfUtils.java:logGet(43)) - raft.server.log.segment.cache.num.max = 2 (custom)
2019-10-14 10:16:31,243 [pool-84-thread-1] INFO  server.RaftServerConfigKeys (ConfUtils.java:logGet(43)) - raft.server.log.purge.gap = 1000000 (custom)
2019-10-14 10:16:31,243 [pool-64-thread-1] INFO  segmented.SegmentedRaftLogWorker (SegmentedRaftLogWorker.java:<init>(172)) - new 4ca2631b-862e-40c8-a81a-0c3f018b6063@group-508B0E637BCD-SegmentedRaftLogWorker for RaftStorage:Storage Directory /workdir/hadoop-ozone/ozonefs/target/test-dir/MiniOzoneClusterImpl-85c09e26-9b56-4407-9c77-57370d286ecc/datanode-0/data/ratis/9a712b9d-f1c5-48b9-872a-508b0e637bcd
2019-10-14 10:16:31,243 [pool-94-thread-1] INFO  server.RaftServerConfigKeys (ConfUtils.java:logGet(43)) - raft.server.log.purge.gap = 1000000 (custom)
2019-10-14 10:16:31,244 [pool-64-thread-1] INFO  server.RaftServerConfigKeys (ConfUtils.java:logGet(43)) - raft.server.log.queue.byte-limit = 2147483647 (custom)
2019-10-14 10:16:31,243 [pool-84-thread-1] INFO  server.RaftServerConfigKeys (ConfUtils.java:logGet(43)) - raft.server.log.appender.buffer.byte-limit = 33554432 (custom)
2019-10-14 10:16:31,244 [pool-64-thread-1] INFO  server.RaftServerConfigKeys (ConfUtils.java:logGet(43)) - raft.server.log.queue.element-limit = 1024 (custom)
2019-10-14 10:16:31,244 [pool-94-thread-1] INFO  server.RaftServerConfigKeys (ConfUtils.java:logGet(43)) - raft.server.log.appender.buffer.byte-limit = 33554432 (custom)
2019-10-14 10:16:31,244 [pool-64-thread-1] INFO  server.RaftServerConfigKeys (ConfUtils.java:logGet(43)) - raft.server.log.segment.size.max = 1048576 (custom)
2019-10-14 10:16:31,244 [pool-84-thread-1] INFO  server.RaftServerConfigKeys (ConfUtils.java:logGet(43)) - raft.server.log.segment.size.max = 1048576 (custom)
2019-10-14 10:16:31,244 [pool-64-thread-1] INFO  server.RaftServerConfigKeys (ConfUtils.java:logGet(43)) - raft.server.log.preallocated.size = 16384 (custom)
2019-10-14 10:16:31,244 [pool-94-thread-1] INFO  server.RaftServerConfigKeys (ConfUtils.java:logGet(43)) - raft.server.log.segment.size.max = 1048576 (custom)
2019-10-14 10:16:31,245 [pool-64-thread-1] INFO  server.RaftServerConfigKeys (ConfUtils.java:logGet(43)) - raft.server.log.write.buffer.size = 33554432 (custom)
2019-10-14 10:16:31,245 [pool-84-thread-1] INFO  server.RaftServerConfigKeys (ConfUtils.java:logGet(43)) - raft.server.log.segment.cache.num.max = 2 (custom)
2019-10-14 10:16:31,245 [pool-64-thread-1] INFO  server.RaftServerConfigKeys (ConfUtils.java:logGet(43)) - raft.server.log.force.sync.num = 128 (default)
2019-10-14 10:16:31,245 [pool-94-thread-1] INFO  server.RaftServerConfigKeys (ConfUtils.java:logGet(43)) - raft.server.log.segment.cache.num.max = 2 (custom)
2019-10-14 10:16:31,246 [pool-64-thread-1] INFO  server.RaftServerConfigKeys (ConfUtils.java:logGet(43)) - raft.server.log.statemachine.data.sync = true (default)
2019-10-14 10:16:31,245 [pool-84-thread-1] INFO  segmented.SegmentedRaftLogWorker (SegmentedRaftLogWorker.java:<init>(172)) - new 69359b74-77cd-417a-996d-8eb5cbff14f3@group-508B0E637BCD-SegmentedRaftLogWorker for RaftStorage:Storage Directory /workdir/hadoop-ozone/ozonefs/target/test-dir/MiniOzoneClusterImpl-85c09e26-9b56-4407-9c77-57370d286ecc/datanode-2/data/ratis/9a712b9d-f1c5-48b9-872a-508b0e637bcd
2019-10-14 10:16:31,246 [pool-64-thread-1] INFO  server.RaftServerConfigKeys (ConfUtils.java:logGet(43)) - raft.server.log.statemachine.data.sync.timeout = 10s (default)
2019-10-14 10:16:31,246 [pool-94-thread-1] INFO  segmented.SegmentedRaftLogWorker (SegmentedRaftLogWorker.java:<init>(172)) - new 12766659-8dbd-45fe-a653-6cb67784c51c@group-508B0E637BCD-SegmentedRaftLogWorker for RaftStorage:Storage Directory /workdir/hadoop-ozone/ozonefs/target/test-dir/MiniOzoneClusterImpl-85c09e26-9b56-4407-9c77-57370d286ecc/datanode-3/data/ratis/9a712b9d-f1c5-48b9-872a-508b0e637bcd
2019-10-14 10:16:31,246 [pool-64-thread-1] INFO  server.RaftServerConfigKeys (ConfUtils.java:logGet(43)) - raft.server.log.statemachine.data.sync.timeout.retry = -1 (default)
2019-10-14 10:16:31,246 [pool-84-thread-1] INFO  server.RaftServerConfigKeys (ConfUtils.java:logGet(43)) - raft.server.log.queue.byte-limit = 2147483647 (custom)
2019-10-14 10:16:31,247 [pool-64-thread-1] INFO  server.RaftServerConfigKeys (ConfUtils.java:logGet(43)) - raft.server.log.statemachine.data.caching.enabled = true (custom)
2019-10-14 10:16:31,246 [pool-94-thread-1] INFO  server.RaftServerConfigKeys (ConfUtils.java:logGet(43)) - raft.server.log.queue.byte-limit = 2147483647 (custom)
2019-10-14 10:16:31,247 [pool-84-thread-1] INFO  server.RaftServerConfigKeys (ConfUtils.java:logGet(43)) - raft.server.log.queue.element-limit = 1024 (custom)
2019-10-14 10:16:31,247 [pool-64-thread-1] INFO  segmented.SegmentedRaftLogWorker (SegmentedRaftLogWorker.java:lambda$new$0(132)) - 4ca2631b-862e-40c8-a81a-0c3f018b6063@group-508B0E637BCD-SegmentedRaftLogWorker: flushIndex: setUnconditionally 0 -> -1
2019-10-14 10:16:31,247 [pool-94-thread-1] INFO  server.RaftServerConfigKeys (ConfUtils.java:logGet(43)) - raft.server.log.queue.element-limit = 1024 (custom)
2019-10-14 10:16:31,247 [pool-84-thread-1] INFO  server.RaftServerConfigKeys (ConfUtils.java:logGet(43)) - raft.server.log.segment.size.max = 1048576 (custom)
2019-10-14 10:16:31,248 [pool-94-thread-1] INFO  server.RaftServerConfigKeys (ConfUtils.java:logGet(43)) - raft.server.log.segment.size.max = 1048576 (custom)
2019-10-14 10:16:31,248 [pool-64-thread-1] INFO  server.RaftServerConfigKeys (ConfUtils.java:logGet(43)) - raft.server.snapshot.auto.trigger.enabled = true (custom)
2019-10-14 10:16:31,248 [pool-94-thread-1] INFO  server.RaftServerConfigKeys (ConfUtils.java:logGet(43)) - raft.server.log.preallocated.size = 16384 (custom)
2019-10-14 10:16:31,248 [pool-84-thread-1] INFO  server.RaftServerConfigKeys (ConfUtils.java:logGet(43)) - raft.server.log.preallocated.size = 16384 (custom)
2019-10-14 10:16:31,248 [pool-94-thread-1] INFO  server.RaftServerConfigKeys (ConfUtils.java:logGet(43)) - raft.server.log.write.buffer.size = 33554432 (custom)
2019-10-14 10:16:31,248 [pool-64-thread-1] INFO  server.RaftServerConfigKeys (ConfUtils.java:logGet(43)) - raft.server.snapshot.auto.trigger.threshold = 10000 (custom)
2019-10-14 10:16:31,249 [pool-94-thread-1] INFO  server.RaftServerConfigKeys (ConfUtils.java:logGet(43)) - raft.server.log.force.sync.num = 128 (default)
2019-10-14 10:16:31,249 [pool-84-thread-1] INFO  server.RaftServerConfigKeys (ConfUtils.java:logGet(43)) - raft.server.log.write.buffer.size = 33554432 (custom)
2019-10-14 10:16:31,249 [pool-94-thread-1] INFO  server.RaftServerConfigKeys (ConfUtils.java:logGet(43)) - raft.server.log.statemachine.data.sync = true (default)
2019-10-14 10:16:31,249 [pool-64-thread-1] INFO  server.RaftServerConfigKeys (ConfUtils.java:logGet(43)) - raft.server.snapshot.retention.num.files = 5 (custom)
2019-10-14 10:16:31,249 [pool-94-thread-1] INFO  server.RaftServerConfigKeys (ConfUtils.java:logGet(43)) - raft.server.log.statemachine.data.sync.timeout = 10s (default)
2019-10-14 10:16:31,249 [pool-84-thread-1] INFO  server.RaftServerConfigKeys (ConfUtils.java:logGet(43)) - raft.server.log.force.sync.num = 128 (default)
2019-10-14 10:16:31,250 [pool-94-thread-1] INFO  server.RaftServerConfigKeys (ConfUtils.java:logGet(43)) - raft.server.log.statemachine.data.sync.timeout.retry = -1 (default)
2019-10-14 10:16:31,250 [pool-64-thread-1] INFO  server.RaftServerConfigKeys (ConfUtils.java:logGet(43)) - raft.server.retrycache.expirytime = 600000ms (custom)
2019-10-14 10:16:31,250 [pool-94-thread-1] INFO  server.RaftServerConfigKeys (ConfUtils.java:logGet(43)) - raft.server.log.statemachine.data.caching.enabled = true (custom)
2019-10-14 10:16:31,250 [pool-84-thread-1] INFO  server.RaftServerConfigKeys (ConfUtils.java:logGet(43)) - raft.server.log.statemachine.data.sync = true (default)
2019-10-14 10:16:31,251 [pool-94-thread-1] INFO  segmented.SegmentedRaftLogWorker (SegmentedRaftLogWorker.java:lambda$new$0(132)) - 12766659-8dbd-45fe-a653-6cb67784c51c@group-508B0E637BCD-SegmentedRaftLogWorker: flushIndex: setUnconditionally 0 -> -1
2019-10-14 10:16:31,251 [pool-84-thread-1] INFO  server.RaftServerConfigKeys (ConfUtils.java:logGet(43)) - raft.server.log.statemachine.data.sync.timeout = 10s (default)
2019-10-14 10:16:31,251 [pool-84-thread-1] INFO  server.RaftServerConfigKeys (ConfUtils.java:logGet(43)) - raft.server.log.statemachine.data.sync.timeout.retry = -1 (default)
2019-10-14 10:16:31,251 [pool-94-thread-1] INFO  server.RaftServerConfigKeys (ConfUtils.java:logGet(43)) - raft.server.snapshot.auto.trigger.enabled = true (custom)
2019-10-14 10:16:31,251 [pool-84-thread-1] INFO  server.RaftServerConfigKeys (ConfUtils.java:logGet(43)) - raft.server.log.statemachine.data.caching.enabled = true (custom)
2019-10-14 10:16:31,251 [pool-94-thread-1] INFO  server.RaftServerConfigKeys (ConfUtils.java:logGet(43)) - raft.server.snapshot.auto.trigger.threshold = 10000 (custom)
2019-10-14 10:16:31,252 [pool-94-thread-1] INFO  server.RaftServerConfigKeys (ConfUtils.java:logGet(43)) - raft.server.snapshot.retention.num.files = 5 (custom)
2019-10-14 10:16:31,252 [pool-84-thread-1] INFO  segmented.SegmentedRaftLogWorker (SegmentedRaftLogWorker.java:lambda$new$0(132)) - 69359b74-77cd-417a-996d-8eb5cbff14f3@group-508B0E637BCD-SegmentedRaftLogWorker: flushIndex: setUnconditionally 0 -> -1
2019-10-14 10:16:31,252 [pool-94-thread-1] INFO  server.RaftServerConfigKeys (ConfUtils.java:logGet(43)) - raft.server.retrycache.expirytime = 600000ms (custom)
2019-10-14 10:16:31,252 [pool-84-thread-1] INFO  server.RaftServerConfigKeys (ConfUtils.java:logGet(43)) - raft.server.snapshot.auto.trigger.enabled = true (custom)
2019-10-14 10:16:31,252 [pool-84-thread-1] INFO  server.RaftServerConfigKeys (ConfUtils.java:logGet(43)) - raft.server.snapshot.auto.trigger.threshold = 10000 (custom)
2019-10-14 10:16:31,252 [pool-84-thread-1] INFO  server.RaftServerConfigKeys (ConfUtils.java:logGet(43)) - raft.server.snapshot.retention.num.files = 5 (custom)
2019-10-14 10:16:31,253 [pool-84-thread-1] INFO  server.RaftServerConfigKeys (ConfUtils.java:logGet(43)) - raft.server.retrycache.expirytime = 600000ms (custom)
2019-10-14 10:16:31,253 [pool-64-thread-1] INFO  impl.RaftServerImpl (RaftServerImpl.java:start(185)) - 4ca2631b-862e-40c8-a81a-0c3f018b6063@group-508B0E637BCD: start as a follower, conf=-1: [69359b74-77cd-417a-996d-8eb5cbff14f3:192.168.164.214:33676, 12766659-8dbd-45fe-a653-6cb67784c51c:192.168.164.214:41727, 4ca2631b-862e-40c8-a81a-0c3f018b6063:192.168.164.214:33839], old=null
2019-10-14 10:16:31,253 [pool-64-thread-1] INFO  impl.RaftServerImpl (RaftServerImpl.java:setRole(174)) - 4ca2631b-862e-40c8-a81a-0c3f018b6063@group-508B0E637BCD: changes role from      null to FOLLOWER at term 0 for startAsFollower
2019-10-14 10:16:31,254 [pool-64-thread-1] INFO  impl.RoleInfo (RoleInfo.java:updateAndGet(143)) - 4ca2631b-862e-40c8-a81a-0c3f018b6063: start FollowerState
2019-10-14 10:16:31,254 [pool-64-thread-1] INFO  util.JmxRegister (JmxRegister.java:tryRegister(44)) - Successfully registered JMX Bean with object name Ratis:service=RaftServer,group=group-508B0E637BCD,id=4ca2631b-862e-40c8-a81a-0c3f018b6063
2019-10-14 10:16:31,255 [pool-94-thread-1] INFO  impl.RaftServerImpl (RaftServerImpl.java:start(185)) - 12766659-8dbd-45fe-a653-6cb67784c51c@group-508B0E637BCD: start as a follower, conf=-1: [69359b74-77cd-417a-996d-8eb5cbff14f3:192.168.164.214:33676, 12766659-8dbd-45fe-a653-6cb67784c51c:192.168.164.214:41727, 4ca2631b-862e-40c8-a81a-0c3f018b6063:192.168.164.214:33839], old=null
2019-10-14 10:16:31,255 [pool-94-thread-1] INFO  impl.RaftServerImpl (RaftServerImpl.java:setRole(174)) - 12766659-8dbd-45fe-a653-6cb67784c51c@group-508B0E637BCD: changes role from      null to FOLLOWER at term 0 for startAsFollower
2019-10-14 10:16:31,256 [pool-94-thread-1] INFO  impl.RoleInfo (RoleInfo.java:updateAndGet(143)) - 12766659-8dbd-45fe-a653-6cb67784c51c: start FollowerState
2019-10-14 10:16:31,256 [pool-84-thread-1] INFO  impl.RaftServerImpl (RaftServerImpl.java:start(185)) - 69359b74-77cd-417a-996d-8eb5cbff14f3@group-508B0E637BCD: start as a follower, conf=-1: [69359b74-77cd-417a-996d-8eb5cbff14f3:192.168.164.214:33676, 12766659-8dbd-45fe-a653-6cb67784c51c:192.168.164.214:41727, 4ca2631b-862e-40c8-a81a-0c3f018b6063:192.168.164.214:33839], old=null
2019-10-14 10:16:31,259 [pool-84-thread-1] INFO  impl.RaftServerImpl (RaftServerImpl.java:setRole(174)) - 69359b74-77cd-417a-996d-8eb5cbff14f3@group-508B0E637BCD: changes role from      null to FOLLOWER at term 0 for startAsFollower
2019-10-14 10:16:31,259 [pool-94-thread-1] INFO  util.JmxRegister (JmxRegister.java:tryRegister(44)) - Successfully registered JMX Bean with object name Ratis:service=RaftServer,group=group-508B0E637BCD,id=12766659-8dbd-45fe-a653-6cb67784c51c
2019-10-14 10:16:31,259 [pool-84-thread-1] INFO  impl.RoleInfo (RoleInfo.java:updateAndGet(143)) - 69359b74-77cd-417a-996d-8eb5cbff14f3: start FollowerState
2019-10-14 10:16:31,264 [pool-84-thread-1] INFO  util.JmxRegister (JmxRegister.java:tryRegister(44)) - Successfully registered JMX Bean with object name Ratis:service=RaftServer,group=group-508B0E637BCD,id=69359b74-77cd-417a-996d-8eb5cbff14f3
2019-10-14 10:16:31,288 [RatisPipelineUtilsThread] INFO  pipeline.PipelineStateManager (PipelineStateManager.java:addPipeline(56)) - Created pipeline Pipeline[ Id: 9a712b9d-f1c5-48b9-872a-508b0e637bcd, Nodes: 4ca2631b-862e-40c8-a81a-0c3f018b6063{ip: 192.168.164.214, host: pr-hdds-1569-vp9xg-4248047660, networkLocation: /default-rack, certSerialId: null}69359b74-77cd-417a-996d-8eb5cbff14f3{ip: 192.168.164.214, host: pr-hdds-1569-vp9xg-4248047660, networkLocation: /default-rack, certSerialId: null}12766659-8dbd-45fe-a653-6cb67784c51c{ip: 192.168.164.214, host: pr-hdds-1569-vp9xg-4248047660, networkLocation: /default-rack, certSerialId: null}, Type:RATIS, Factor:THREE, State:OPEN]
2019-10-14 10:16:31,317 [grpc-default-executor-1] INFO  impl.RaftServerProxy (RaftServerProxy.java:addNew(89)) - 12766659-8dbd-45fe-a653-6cb67784c51c: addNew group-B0D3D8C6F802:[69359b74-77cd-417a-996d-8eb5cbff14f3:192.168.164.214:33676, 12766659-8dbd-45fe-a653-6cb67784c51c:192.168.164.214:41727, 4ca2631b-862e-40c8-a81a-0c3f018b6063:192.168.164.214:33839] returns group-B0D3D8C6F802:java.util.concurrent.CompletableFuture@4c7e8ff6[Not completed]
2019-10-14 10:16:31,317 [grpc-default-executor-0] INFO  impl.RaftServerProxy (RaftServerProxy.java:addNew(89)) - 69359b74-77cd-417a-996d-8eb5cbff14f3: addNew group-B0D3D8C6F802:[69359b74-77cd-417a-996d-8eb5cbff14f3:192.168.164.214:33676, 12766659-8dbd-45fe-a653-6cb67784c51c:192.168.164.214:41727, 4ca2631b-862e-40c8-a81a-0c3f018b6063:192.168.164.214:33839] returns group-B0D3D8C6F802:java.util.concurrent.CompletableFuture@f08675c[Not completed]
2019-10-14 10:16:31,317 [grpc-default-executor-2] INFO  impl.RaftServerProxy (RaftServerProxy.java:addNew(89)) - 4ca2631b-862e-40c8-a81a-0c3f018b6063: addNew group-B0D3D8C6F802:[69359b74-77cd-417a-996d-8eb5cbff14f3:192.168.164.214:33676, 12766659-8dbd-45fe-a653-6cb67784c51c:192.168.164.214:41727, 4ca2631b-862e-40c8-a81a-0c3f018b6063:192.168.164.214:33839] returns group-B0D3D8C6F802:java.util.concurrent.CompletableFuture@62ad6e3d[Not completed]
2019-10-14 10:16:31,320 [pool-64-thread-1] INFO  impl.RaftServerImpl (RaftServerImpl.java:<init>(95)) - 4ca2631b-862e-40c8-a81a-0c3f018b6063: new RaftServerImpl for group-B0D3D8C6F802:[69359b74-77cd-417a-996d-8eb5cbff14f3:192.168.164.214:33676, 12766659-8dbd-45fe-a653-6cb67784c51c:192.168.164.214:41727, 4ca2631b-862e-40c8-a81a-0c3f018b6063:192.168.164.214:33839] with ContainerStateMachine:uninitialized
2019-10-14 10:16:31,321 [pool-64-thread-1] INFO  server.RaftServerConfigKeys (ConfUtils.java:logGet(43)) - raft.server.rpc.timeout.min = 5s (custom)
2019-10-14 10:16:31,321 [pool-64-thread-1] INFO  server.RaftServerConfigKeys (ConfUtils.java:logGet(43)) - raft.server.rpc.timeout.max = 5200ms (custom)
2019-10-14 10:16:31,321 [pool-64-thread-1] INFO  server.RaftServerConfigKeys (ConfUtils.java:logGet(43)) - raft.server.rpcslowness.timeout = 120s (custom)
2019-10-14 10:16:31,321 [pool-64-thread-1] INFO  server.RaftServerConfigKeys (ConfUtils.java:logGet(43)) - raft.server.sleep.deviation.threshold = 300 (default)
2019-10-14 10:16:31,321 [pool-64-thread-1] INFO  server.RaftServerConfigKeys (ConfUtils.java:logGet(43)) - raft.server.log.appender.install.snapshot.enabled = false (custom)
2019-10-14 10:16:31,321 [pool-84-thread-1] INFO  impl.RaftServerImpl (RaftServerImpl.java:<init>(95)) - 69359b74-77cd-417a-996d-8eb5cbff14f3: new RaftServerImpl for group-B0D3D8C6F802:[69359b74-77cd-417a-996d-8eb5cbff14f3:192.168.164.214:33676, 12766659-8dbd-45fe-a653-6cb67784c51c:192.168.164.214:41727, 4ca2631b-862e-40c8-a81a-0c3f018b6063:192.168.164.214:33839] with ContainerStateMachine:uninitialized
2019-10-14 10:16:31,321 [pool-64-thread-1] INFO  impl.RaftServerImpl (ServerState.java:<init>(103)) - 4ca2631b-862e-40c8-a81a-0c3f018b6063@group-B0D3D8C6F802: ConfigurationManager, init=-1: [69359b74-77cd-417a-996d-8eb5cbff14f3:192.168.164.214:33676, 12766659-8dbd-45fe-a653-6cb67784c51c:192.168.164.214:41727, 4ca2631b-862e-40c8-a81a-0c3f018b6063:192.168.164.214:33839], old=null, confs=<EMPTY_MAP>
2019-10-14 10:16:31,321 [pool-84-thread-1] INFO  server.RaftServerConfigKeys (ConfUtils.java:logGet(43)) - raft.server.rpc.timeout.min = 5s (custom)
2019-10-14 10:16:31,322 [pool-64-thread-1] INFO  server.RaftServerConfigKeys (ConfUtils.java:logGet(43)) - raft.server.storage.dir = [/workdir/hadoop-ozone/ozonefs/target/test-dir/MiniOzoneClusterImpl-85c09e26-9b56-4407-9c77-57370d286ecc/datanode-0/data/ratis] (custom)
2019-10-14 10:16:31,322 [pool-84-thread-1] INFO  server.RaftServerConfigKeys (ConfUtils.java:logGet(43)) - raft.server.rpc.timeout.max = 5200ms (custom)
2019-10-14 10:16:31,322 [pool-94-thread-1] INFO  impl.RaftServerImpl (RaftServerImpl.java:<init>(95)) - 12766659-8dbd-45fe-a653-6cb67784c51c: new RaftServerImpl for group-B0D3D8C6F802:[69359b74-77cd-417a-996d-8eb5cbff14f3:192.168.164.214:33676, 12766659-8dbd-45fe-a653-6cb67784c51c:192.168.164.214:41727, 4ca2631b-862e-40c8-a81a-0c3f018b6063:192.168.164.214:33839] with ContainerStateMachine:uninitialized
2019-10-14 10:16:31,322 [pool-84-thread-1] INFO  server.RaftServerConfigKeys (ConfUtils.java:logGet(43)) - raft.server.rpcslowness.timeout = 120s (custom)
2019-10-14 10:16:31,322 [pool-94-thread-1] INFO  server.RaftServerConfigKeys (ConfUtils.java:logGet(43)) - raft.server.rpc.timeout.min = 5s (custom)
2019-10-14 10:16:31,322 [pool-64-thread-1] INFO  storage.RaftStorageDirectory (RaftStorageDirectory.java:analyzeStorage(246)) - The storage directory /workdir/hadoop-ozone/ozonefs/target/test-dir/MiniOzoneClusterImpl-85c09e26-9b56-4407-9c77-57370d286ecc/datanode-0/data/ratis/eb13ff8d-8323-4fe8-980f-b0d3d8c6f802 does not exist. Creating ...
2019-10-14 10:16:31,322 [pool-94-thread-1] INFO  server.RaftServerConfigKeys (ConfUtils.java:logGet(43)) - raft.server.rpc.timeout.max = 5200ms (custom)
2019-10-14 10:16:31,322 [pool-84-thread-1] INFO  server.RaftServerConfigKeys (ConfUtils.java:logGet(43)) - raft.server.sleep.deviation.threshold = 300 (default)
2019-10-14 10:16:31,323 [pool-94-thread-1] INFO  server.RaftServerConfigKeys (ConfUtils.java:logGet(43)) - raft.server.rpcslowness.timeout = 120s (custom)
2019-10-14 10:16:31,323 [pool-84-thread-1] INFO  server.RaftServerConfigKeys (ConfUtils.java:logGet(43)) - raft.server.log.appender.install.snapshot.enabled = false (custom)
2019-10-14 10:16:31,323 [pool-94-thread-1] INFO  server.RaftServerConfigKeys (ConfUtils.java:logGet(43)) - raft.server.sleep.deviation.threshold = 300 (default)
2019-10-14 10:16:31,323 [pool-84-thread-1] INFO  impl.RaftServerImpl (ServerState.java:<init>(103)) - 69359b74-77cd-417a-996d-8eb5cbff14f3@group-B0D3D8C6F802: ConfigurationManager, init=-1: [69359b74-77cd-417a-996d-8eb5cbff14f3:192.168.164.214:33676, 12766659-8dbd-45fe-a653-6cb67784c51c:192.168.164.214:41727, 4ca2631b-862e-40c8-a81a-0c3f018b6063:192.168.164.214:33839], old=null, confs=<EMPTY_MAP>
2019-10-14 10:16:31,323 [pool-94-thread-1] INFO  server.RaftServerConfigKeys (ConfUtils.java:logGet(43)) - raft.server.log.appender.install.snapshot.enabled = false (custom)
2019-10-14 10:16:31,323 [pool-84-thread-1] INFO  server.RaftServerConfigKeys (ConfUtils.java:logGet(43)) - raft.server.storage.dir = [/workdir/hadoop-ozone/ozonefs/target/test-dir/MiniOzoneClusterImpl-85c09e26-9b56-4407-9c77-57370d286ecc/datanode-2/data/ratis] (custom)
2019-10-14 10:16:31,324 [pool-94-thread-1] INFO  impl.RaftServerImpl (ServerState.java:<init>(103)) - 12766659-8dbd-45fe-a653-6cb67784c51c@group-B0D3D8C6F802: ConfigurationManager, init=-1: [69359b74-77cd-417a-996d-8eb5cbff14f3:192.168.164.214:33676, 12766659-8dbd-45fe-a653-6cb67784c51c:192.168.164.214:41727, 4ca2631b-862e-40c8-a81a-0c3f018b6063:192.168.164.214:33839], old=null, confs=<EMPTY_MAP>
2019-10-14 10:16:31,324 [pool-94-thread-1] INFO  server.RaftServerConfigKeys (ConfUtils.java:logGet(43)) - raft.server.storage.dir = [/workdir/hadoop-ozone/ozonefs/target/test-dir/MiniOzoneClusterImpl-85c09e26-9b56-4407-9c77-57370d286ecc/datanode-3/data/ratis] (custom)
2019-10-14 10:16:31,324 [pool-84-thread-1] INFO  storage.RaftStorageDirectory (RaftStorageDirectory.java:analyzeStorage(246)) - The storage directory /workdir/hadoop-ozone/ozonefs/target/test-dir/MiniOzoneClusterImpl-85c09e26-9b56-4407-9c77-57370d286ecc/datanode-2/data/ratis/eb13ff8d-8323-4fe8-980f-b0d3d8c6f802 does not exist. Creating ...
2019-10-14 10:16:31,324 [pool-94-thread-1] INFO  storage.RaftStorageDirectory (RaftStorageDirectory.java:analyzeStorage(246)) - The storage directory /workdir/hadoop-ozone/ozonefs/target/test-dir/MiniOzoneClusterImpl-85c09e26-9b56-4407-9c77-57370d286ecc/datanode-3/data/ratis/eb13ff8d-8323-4fe8-980f-b0d3d8c6f802 does not exist. Creating ...
2019-10-14 10:16:31,349 [pool-64-thread-1] INFO  storage.RaftStorageDirectory (RaftStorageDirectory.java:tryLock(328)) - Lock on /workdir/hadoop-ozone/ozonefs/target/test-dir/MiniOzoneClusterImpl-85c09e26-9b56-4407-9c77-57370d286ecc/datanode-0/data/ratis/eb13ff8d-8323-4fe8-980f-b0d3d8c6f802/in_use.lock acquired by nodename 4738@pr-hdds-1569-vp9xg-4248047660
2019-10-14 10:16:31,349 [pool-94-thread-1] INFO  storage.RaftStorageDirectory (RaftStorageDirectory.java:tryLock(328)) - Lock on /workdir/hadoop-ozone/ozonefs/target/test-dir/MiniOzoneClusterImpl-85c09e26-9b56-4407-9c77-57370d286ecc/datanode-3/data/ratis/eb13ff8d-8323-4fe8-980f-b0d3d8c6f802/in_use.lock acquired by nodename 4738@pr-hdds-1569-vp9xg-4248047660
2019-10-14 10:16:31,349 [pool-84-thread-1] INFO  storage.RaftStorageDirectory (RaftStorageDirectory.java:tryLock(328)) - Lock on /workdir/hadoop-ozone/ozonefs/target/test-dir/MiniOzoneClusterImpl-85c09e26-9b56-4407-9c77-57370d286ecc/datanode-2/data/ratis/eb13ff8d-8323-4fe8-980f-b0d3d8c6f802/in_use.lock acquired by nodename 4738@pr-hdds-1569-vp9xg-4248047660
2019-10-14 10:16:31,375 [pool-94-thread-1] INFO  storage.RaftStorage (RaftStorage.java:format(72)) - Storage directory /workdir/hadoop-ozone/ozonefs/target/test-dir/MiniOzoneClusterImpl-85c09e26-9b56-4407-9c77-57370d286ecc/datanode-3/data/ratis/eb13ff8d-8323-4fe8-980f-b0d3d8c6f802 has been successfully formatted.
2019-10-14 10:16:31,375 [pool-64-thread-1] INFO  storage.RaftStorage (RaftStorage.java:format(72)) - Storage directory /workdir/hadoop-ozone/ozonefs/target/test-dir/MiniOzoneClusterImpl-85c09e26-9b56-4407-9c77-57370d286ecc/datanode-0/data/ratis/eb13ff8d-8323-4fe8-980f-b0d3d8c6f802 has been successfully formatted.
2019-10-14 10:16:31,375 [pool-84-thread-1] INFO  storage.RaftStorage (RaftStorage.java:format(72)) - Storage directory /workdir/hadoop-ozone/ozonefs/target/test-dir/MiniOzoneClusterImpl-85c09e26-9b56-4407-9c77-57370d286ecc/datanode-2/data/ratis/eb13ff8d-8323-4fe8-980f-b0d3d8c6f802 has been successfully formatted.
2019-10-14 10:16:31,375 [pool-64-thread-1] INFO  ratis.ContainerStateMachine (ContainerStateMachine.java:loadSnapshot(230)) - group-B0D3D8C6F802: The snapshot info is null. Setting the last applied indexto:(t:0, i:~)
2019-10-14 10:16:31,375 [pool-94-thread-1] INFO  ratis.ContainerStateMachine (ContainerStateMachine.java:loadSnapshot(230)) - group-B0D3D8C6F802: The snapshot info is null. Setting the last applied indexto:(t:0, i:~)
2019-10-14 10:16:31,375 [pool-84-thread-1] INFO  ratis.ContainerStateMachine (ContainerStateMachine.java:loadSnapshot(230)) - group-B0D3D8C6F802: The snapshot info is null. Setting the last applied indexto:(t:0, i:~)
2019-10-14 10:16:31,375 [pool-64-thread-1] INFO  server.RaftServerConfigKeys (ConfUtils.java:logGet(43)) - raft.server.notification.no-leader.timeout = 120s (custom)
2019-10-14 10:16:31,376 [pool-84-thread-1] INFO  server.RaftServerConfigKeys (ConfUtils.java:logGet(43)) - raft.server.notification.no-leader.timeout = 120s (custom)
2019-10-14 10:16:31,376 [pool-94-thread-1] INFO  server.RaftServerConfigKeys (ConfUtils.java:logGet(43)) - raft.server.notification.no-leader.timeout = 120s (custom)
2019-10-14 10:16:31,376 [pool-84-thread-1] INFO  server.RaftServerConfigKeys (ConfUtils.java:logGet(43)) - raft.server.log.use.memory = false (default)
2019-10-14 10:16:31,376 [pool-64-thread-1] INFO  server.RaftServerConfigKeys (ConfUtils.java:logGet(43)) - raft.server.log.use.memory = false (default)
2019-10-14 10:16:31,376 [pool-84-thread-1] INFO  server.RaftServerConfigKeys (ConfUtils.java:logGet(43)) - raft.server.log.purge.gap = 1000000 (custom)
2019-10-14 10:16:31,376 [pool-94-thread-1] INFO  server.RaftServerConfigKeys (ConfUtils.java:logGet(43)) - raft.server.log.use.memory = false (default)
2019-10-14 10:16:31,377 [pool-84-thread-1] INFO  server.RaftServerConfigKeys (ConfUtils.java:logGet(43)) - raft.server.log.appender.buffer.byte-limit = 33554432 (custom)
2019-10-14 10:16:31,377 [pool-94-thread-1] INFO  server.RaftServerConfigKeys (ConfUtils.java:logGet(43)) - raft.server.log.purge.gap = 1000000 (custom)
2019-10-14 10:16:31,376 [pool-64-thread-1] INFO  server.RaftServerConfigKeys (ConfUtils.java:logGet(43)) - raft.server.log.purge.gap = 1000000 (custom)
2019-10-14 10:16:31,377 [pool-94-thread-1] INFO  server.RaftServerConfigKeys (ConfUtils.java:logGet(43)) - raft.server.log.appender.buffer.byte-limit = 33554432 (custom)
2019-10-14 10:16:31,377 [pool-84-thread-1] INFO  server.RaftServerConfigKeys (ConfUtils.java:logGet(43)) - raft.server.log.segment.size.max = 1048576 (custom)
2019-10-14 10:16:31,377 [pool-94-thread-1] INFO  server.RaftServerConfigKeys (ConfUtils.java:logGet(43)) - raft.server.log.segment.size.max = 1048576 (custom)
2019-10-14 10:16:31,377 [pool-64-thread-1] INFO  server.RaftServerConfigKeys (ConfUtils.java:logGet(43)) - raft.server.log.appender.buffer.byte-limit = 33554432 (custom)
2019-10-14 10:16:31,377 [pool-94-thread-1] INFO  server.RaftServerConfigKeys (ConfUtils.java:logGet(43)) - raft.server.log.segment.cache.num.max = 2 (custom)
2019-10-14 10:16:31,377 [pool-84-thread-1] INFO  server.RaftServerConfigKeys (ConfUtils.java:logGet(43)) - raft.server.log.segment.cache.num.max = 2 (custom)
2019-10-14 10:16:31,378 [pool-94-thread-1] INFO  segmented.SegmentedRaftLogWorker (SegmentedRaftLogWorker.java:<init>(172)) - new 12766659-8dbd-45fe-a653-6cb67784c51c@group-B0D3D8C6F802-SegmentedRaftLogWorker for RaftStorage:Storage Directory /workdir/hadoop-ozone/ozonefs/target/test-dir/MiniOzoneClusterImpl-85c09e26-9b56-4407-9c77-57370d286ecc/datanode-3/data/ratis/eb13ff8d-8323-4fe8-980f-b0d3d8c6f802
2019-10-14 10:16:31,378 [pool-64-thread-1] INFO  server.RaftServerConfigKeys (ConfUtils.java:logGet(43)) - raft.server.log.segment.size.max = 1048576 (custom)
2019-10-14 10:16:31,378 [pool-94-thread-1] INFO  server.RaftServerConfigKeys (ConfUtils.java:logGet(43)) - raft.server.log.queue.byte-limit = 2147483647 (custom)
2019-10-14 10:16:31,378 [pool-84-thread-1] INFO  segmented.SegmentedRaftLogWorker (SegmentedRaftLogWorker.java:<init>(172)) - new 69359b74-77cd-417a-996d-8eb5cbff14f3@group-B0D3D8C6F802-SegmentedRaftLogWorker for RaftStorage:Storage Directory /workdir/hadoop-ozone/ozonefs/target/test-dir/MiniOzoneClusterImpl-85c09e26-9b56-4407-9c77-57370d286ecc/datanode-2/data/ratis/eb13ff8d-8323-4fe8-980f-b0d3d8c6f802
2019-10-14 10:16:31,378 [pool-94-thread-1] INFO  server.RaftServerConfigKeys (ConfUtils.java:logGet(43)) - raft.server.log.queue.element-limit = 1024 (custom)
2019-10-14 10:16:31,378 [pool-64-thread-1] INFO  server.RaftServerConfigKeys (ConfUtils.java:logGet(43)) - raft.server.log.segment.cache.num.max = 2 (custom)
2019-10-14 10:16:31,378 [pool-94-thread-1] INFO  server.RaftServerConfigKeys (ConfUtils.java:logGet(43)) - raft.server.log.segment.size.max = 1048576 (custom)
2019-10-14 10:16:31,378 [pool-84-thread-1] INFO  server.RaftServerConfigKeys (ConfUtils.java:logGet(43)) - raft.server.log.queue.byte-limit = 2147483647 (custom)
2019-10-14 10:16:31,379 [pool-94-thread-1] INFO  server.RaftServerConfigKeys (ConfUtils.java:logGet(43)) - raft.server.log.preallocated.size = 16384 (custom)
2019-10-14 10:16:31,379 [pool-64-thread-1] INFO  segmented.SegmentedRaftLogWorker (SegmentedRaftLogWorker.java:<init>(172)) - new 4ca2631b-862e-40c8-a81a-0c3f018b6063@group-B0D3D8C6F802-SegmentedRaftLogWorker for RaftStorage:Storage Directory /workdir/hadoop-ozone/ozonefs/target/test-dir/MiniOzoneClusterImpl-85c09e26-9b56-4407-9c77-57370d286ecc/datanode-0/data/ratis/eb13ff8d-8323-4fe8-980f-b0d3d8c6f802
2019-10-14 10:16:31,379 [pool-94-thread-1] INFO  server.RaftServerConfigKeys (ConfUtils.java:logGet(43)) - raft.server.log.write.buffer.size = 33554432 (custom)
2019-10-14 10:16:31,379 [pool-84-thread-1] INFO  server.RaftServerConfigKeys (ConfUtils.java:logGet(43)) - raft.server.log.queue.element-limit = 1024 (custom)
2019-10-14 10:16:31,379 [pool-94-thread-1] INFO  server.RaftServerConfigKeys (ConfUtils.java:logGet(43)) - raft.server.log.force.sync.num = 128 (default)
2019-10-14 10:16:31,379 [pool-64-thread-1] INFO  server.RaftServerConfigKeys (ConfUtils.java:logGet(43)) - raft.server.log.queue.byte-limit = 2147483647 (custom)
2019-10-14 10:16:31,379 [pool-94-thread-1] INFO  server.RaftServerConfigKeys (ConfUtils.java:logGet(43)) - raft.server.log.statemachine.data.sync = true (default)
2019-10-14 10:16:31,379 [pool-84-thread-1] INFO  server.RaftServerConfigKeys (ConfUtils.java:logGet(43)) - raft.server.log.segment.size.max = 1048576 (custom)
2019-10-14 10:16:31,380 [pool-94-thread-1] INFO  server.RaftServerConfigKeys (ConfUtils.java:logGet(43)) - raft.server.log.statemachine.data.sync.timeout = 10s (default)
2019-10-14 10:16:31,380 [pool-64-thread-1] INFO  server.RaftServerConfigKeys (ConfUtils.java:logGet(43)) - raft.server.log.queue.element-limit = 1024 (custom)
2019-10-14 10:16:31,380 [pool-94-thread-1] INFO  server.RaftServerConfigKeys (ConfUtils.java:logGet(43)) - raft.server.log.statemachine.data.sync.timeout.retry = -1 (default)
2019-10-14 10:16:31,380 [pool-84-thread-1] INFO  server.RaftServerConfigKeys (ConfUtils.java:logGet(43)) - raft.server.log.preallocated.size = 16384 (custom)
2019-10-14 10:16:31,380 [pool-94-thread-1] INFO  server.RaftServerConfigKeys (ConfUtils.java:logGet(43)) - raft.server.log.statemachine.data.caching.enabled = true (custom)
2019-10-14 10:16:31,380 [pool-64-thread-1] INFO  server.RaftServerConfigKeys (ConfUtils.java:logGet(43)) - raft.server.log.segment.size.max = 1048576 (custom)
2019-10-14 10:16:31,380 [pool-84-thread-1] INFO  server.RaftServerConfigKeys (ConfUtils.java:logGet(43)) - raft.server.log.write.buffer.size = 33554432 (custom)
2019-10-14 10:16:31,381 [pool-94-thread-1] INFO  segmented.SegmentedRaftLogWorker (SegmentedRaftLogWorker.java:lambda$new$0(132)) - 12766659-8dbd-45fe-a653-6cb67784c51c@group-B0D3D8C6F802-SegmentedRaftLogWorker: flushIndex: setUnconditionally 0 -> -1
2019-10-14 10:16:31,381 [pool-64-thread-1] INFO  server.RaftServerConfigKeys (ConfUtils.java:logGet(43)) - raft.server.log.preallocated.size = 16384 (custom)
2019-10-14 10:16:31,381 [pool-84-thread-1] INFO  server.RaftServerConfigKeys (ConfUtils.java:logGet(43)) - raft.server.log.force.sync.num = 128 (default)
2019-10-14 10:16:31,381 [pool-94-thread-1] INFO  server.RaftServerConfigKeys (ConfUtils.java:logGet(43)) - raft.server.snapshot.auto.trigger.enabled = true (custom)
2019-10-14 10:16:31,381 [pool-64-thread-1] INFO  server.RaftServerConfigKeys (ConfUtils.java:logGet(43)) - raft.server.log.write.buffer.size = 33554432 (custom)
2019-10-14 10:16:31,381 [pool-94-thread-1] INFO  server.RaftServerConfigKeys (ConfUtils.java:logGet(43)) - raft.server.snapshot.auto.trigger.threshold = 10000 (custom)
2019-10-14 10:16:31,381 [pool-84-thread-1] INFO  server.RaftServerConfigKeys (ConfUtils.java:logGet(43)) - raft.server.log.statemachine.data.sync = true (default)
2019-10-14 10:16:31,381 [pool-94-thread-1] INFO  server.RaftServerConfigKeys (ConfUtils.java:logGet(43)) - raft.server.snapshot.retention.num.files = 5 (custom)
2019-10-14 10:16:31,381 [pool-64-thread-1] INFO  server.RaftServerConfigKeys (ConfUtils.java:logGet(43)) - raft.server.log.force.sync.num = 128 (default)
2019-10-14 10:16:31,382 [pool-94-thread-1] INFO  server.RaftServerConfigKeys (ConfUtils.java:logGet(43)) - raft.server.retrycache.expirytime = 600000ms (custom)
2019-10-14 10:16:31,382 [pool-84-thread-1] INFO  server.RaftServerConfigKeys (ConfUtils.java:logGet(43)) - raft.server.log.statemachine.data.sync.timeout = 10s (default)
2019-10-14 10:16:31,382 [pool-64-thread-1] INFO  server.RaftServerConfigKeys (ConfUtils.java:logGet(43)) - raft.server.log.statemachine.data.sync = true (default)
2019-10-14 10:16:31,382 [pool-84-thread-1] INFO  server.RaftServerConfigKeys (ConfUtils.java:logGet(43)) - raft.server.log.statemachine.data.sync.timeout.retry = -1 (default)
2019-10-14 10:16:31,382 [pool-64-thread-1] INFO  server.RaftServerConfigKeys (ConfUtils.java:logGet(43)) - raft.server.log.statemachine.data.sync.timeout = 10s (default)
2019-10-14 10:16:31,382 [pool-84-thread-1] INFO  server.RaftServerConfigKeys (ConfUtils.java:logGet(43)) - raft.server.log.statemachine.data.caching.enabled = true (custom)
2019-10-14 10:16:31,382 [pool-64-thread-1] INFO  server.RaftServerConfigKeys (ConfUtils.java:logGet(43)) - raft.server.log.statemachine.data.sync.timeout.retry = -1 (default)
2019-10-14 10:16:31,383 [pool-64-thread-1] INFO  server.RaftServerConfigKeys (ConfUtils.java:logGet(43)) - raft.server.log.statemachine.data.caching.enabled = true (custom)
2019-10-14 10:16:31,383 [pool-84-thread-1] INFO  segmented.SegmentedRaftLogWorker (SegmentedRaftLogWorker.java:lambda$new$0(132)) - 69359b74-77cd-417a-996d-8eb5cbff14f3@group-B0D3D8C6F802-SegmentedRaftLogWorker: flushIndex: setUnconditionally 0 -> -1
2019-10-14 10:16:31,383 [pool-64-thread-1] INFO  segmented.SegmentedRaftLogWorker (SegmentedRaftLogWorker.java:lambda$new$0(132)) - 4ca2631b-862e-40c8-a81a-0c3f018b6063@group-B0D3D8C6F802-SegmentedRaftLogWorker: flushIndex: setUnconditionally 0 -> -1
2019-10-14 10:16:31,383 [pool-84-thread-1] INFO  server.RaftServerConfigKeys (ConfUtils.java:logGet(43)) - raft.server.snapshot.auto.trigger.enabled = true (custom)
2019-10-14 10:16:31,383 [pool-64-thread-1] INFO  server.RaftServerConfigKeys (ConfUtils.java:logGet(43)) - raft.server.snapshot.auto.trigger.enabled = true (custom)
2019-10-14 10:16:31,384 [pool-84-thread-1] INFO  server.RaftServerConfigKeys (ConfUtils.java:logGet(43)) - raft.server.snapshot.auto.trigger.threshold = 10000 (custom)
2019-10-14 10:16:31,384 [pool-64-thread-1] INFO  server.RaftServerConfigKeys (ConfUtils.java:logGet(43)) - raft.server.snapshot.auto.trigger.threshold = 10000 (custom)
2019-10-14 10:16:31,384 [pool-84-thread-1] INFO  server.RaftServerConfigKeys (ConfUtils.java:logGet(43)) - raft.server.snapshot.retention.num.files = 5 (custom)
2019-10-14 10:16:31,384 [pool-64-thread-1] INFO  server.RaftServerConfigKeys (ConfUtils.java:logGet(43)) - raft.server.snapshot.retention.num.files = 5 (custom)
2019-10-14 10:16:31,384 [pool-84-thread-1] INFO  server.RaftServerConfigKeys (ConfUtils.java:logGet(43)) - raft.server.retrycache.expirytime = 600000ms (custom)
2019-10-14 10:16:31,384 [pool-64-thread-1] INFO  server.RaftServerConfigKeys (ConfUtils.java:logGet(43)) - raft.server.retrycache.expirytime = 600000ms (custom)
2019-10-14 10:16:31,385 [pool-94-thread-1] INFO  impl.RaftServerImpl (RaftServerImpl.java:start(185)) - 12766659-8dbd-45fe-a653-6cb67784c51c@group-B0D3D8C6F802: start as a follower, conf=-1: [69359b74-77cd-417a-996d-8eb5cbff14f3:192.168.164.214:33676, 12766659-8dbd-45fe-a653-6cb67784c51c:192.168.164.214:41727, 4ca2631b-862e-40c8-a81a-0c3f018b6063:192.168.164.214:33839], old=null
2019-10-14 10:16:31,385 [pool-94-thread-1] INFO  impl.RaftServerImpl (RaftServerImpl.java:setRole(174)) - 12766659-8dbd-45fe-a653-6cb67784c51c@group-B0D3D8C6F802: changes role from      null to FOLLOWER at term 0 for startAsFollower
2019-10-14 10:16:31,385 [pool-94-thread-1] INFO  impl.RoleInfo (RoleInfo.java:updateAndGet(143)) - 12766659-8dbd-45fe-a653-6cb67784c51c: start FollowerState
2019-10-14 10:16:31,386 [pool-94-thread-1] INFO  util.JmxRegister (JmxRegister.java:tryRegister(44)) - Successfully registered JMX Bean with object name Ratis:service=RaftServer,group=group-B0D3D8C6F802,id=12766659-8dbd-45fe-a653-6cb67784c51c
2019-10-14 10:16:31,388 [pool-84-thread-1] INFO  impl.RaftServerImpl (RaftServerImpl.java:start(185)) - 69359b74-77cd-417a-996d-8eb5cbff14f3@group-B0D3D8C6F802: start as a follower, conf=-1: [69359b74-77cd-417a-996d-8eb5cbff14f3:192.168.164.214:33676, 12766659-8dbd-45fe-a653-6cb67784c51c:192.168.164.214:41727, 4ca2631b-862e-40c8-a81a-0c3f018b6063:192.168.164.214:33839], old=null
2019-10-14 10:16:31,390 [pool-64-thread-1] INFO  impl.RaftServerImpl (RaftServerImpl.java:start(185)) - 4ca2631b-862e-40c8-a81a-0c3f018b6063@group-B0D3D8C6F802: start as a follower, conf=-1: [69359b74-77cd-417a-996d-8eb5cbff14f3:192.168.164.214:33676, 12766659-8dbd-45fe-a653-6cb67784c51c:192.168.164.214:41727, 4ca2631b-862e-40c8-a81a-0c3f018b6063:192.168.164.214:33839], old=null
2019-10-14 10:16:31,390 [pool-84-thread-1] INFO  impl.RaftServerImpl (RaftServerImpl.java:setRole(174)) - 69359b74-77cd-417a-996d-8eb5cbff14f3@group-B0D3D8C6F802: changes role from      null to FOLLOWER at term 0 for startAsFollower
2019-10-14 10:16:31,390 [pool-64-thread-1] INFO  impl.RaftServerImpl (RaftServerImpl.java:setRole(174)) - 4ca2631b-862e-40c8-a81a-0c3f018b6063@group-B0D3D8C6F802: changes role from      null to FOLLOWER at term 0 for startAsFollower
2019-10-14 10:16:31,392 [pool-84-thread-1] INFO  impl.RoleInfo (RoleInfo.java:updateAndGet(143)) - 69359b74-77cd-417a-996d-8eb5cbff14f3: start FollowerState
2019-10-14 10:16:31,393 [pool-64-thread-1] INFO  impl.RoleInfo (RoleInfo.java:updateAndGet(143)) - 4ca2631b-862e-40c8-a81a-0c3f018b6063: start FollowerState
2019-10-14 10:16:31,393 [pool-84-thread-1] INFO  util.JmxRegister (JmxRegister.java:tryRegister(44)) - Successfully registered JMX Bean with object name Ratis:service=RaftServer,group=group-B0D3D8C6F802,id=69359b74-77cd-417a-996d-8eb5cbff14f3
2019-10-14 10:16:31,395 [pool-64-thread-1] INFO  util.JmxRegister (JmxRegister.java:tryRegister(44)) - Successfully registered JMX Bean with object name Ratis:service=RaftServer,group=group-B0D3D8C6F802,id=4ca2631b-862e-40c8-a81a-0c3f018b6063
2019-10-14 10:16:31,413 [RatisPipelineUtilsThread] INFO  pipeline.PipelineStateManager (PipelineStateManager.java:addPipeline(56)) - Created pipeline Pipeline[ Id: eb13ff8d-8323-4fe8-980f-b0d3d8c6f802, Nodes: 4ca2631b-862e-40c8-a81a-0c3f018b6063{ip: 192.168.164.214, host: pr-hdds-1569-vp9xg-4248047660, networkLocation: /default-rack, certSerialId: null}12766659-8dbd-45fe-a653-6cb67784c51c{ip: 192.168.164.214, host: pr-hdds-1569-vp9xg-4248047660, networkLocation: /default-rack, certSerialId: null}69359b74-77cd-417a-996d-8eb5cbff14f3{ip: 192.168.164.214, host: pr-hdds-1569-vp9xg-4248047660, networkLocation: /default-rack, certSerialId: null}, Type:RATIS, Factor:THREE, State:OPEN]
2019-10-14 10:16:31,414 [RatisPipelineUtilsThread] INFO  pipeline.PipelinePlacementPolicy (PipelinePlacementPolicy.java:meetCriteria(104)) - Pipeline Placement: can't place more pipeline on heavy datanode： 12766659-8dbd-45fe-a653-6cb67784c51c Heaviness: 3 limit: 3
2019-10-14 10:16:31,414 [RatisPipelineUtilsThread] INFO  pipeline.PipelinePlacementPolicy (PipelinePlacementPolicy.java:meetCriteria(104)) - Pipeline Placement: can't place more pipeline on heavy datanode： 4ca2631b-862e-40c8-a81a-0c3f018b6063 Heaviness: 3 limit: 3
2019-10-14 10:16:31,414 [RatisPipelineUtilsThread] INFO  pipeline.PipelinePlacementPolicy (PipelinePlacementPolicy.java:meetCriteria(104)) - Pipeline Placement: can't place more pipeline on heavy datanode： 69359b74-77cd-417a-996d-8eb5cbff14f3 Heaviness: 3 limit: 3
2019-10-14 10:16:31,443 [grpc-default-executor-1] INFO  impl.RaftServerProxy (RaftServerProxy.java:addNew(89)) - 4eb4d5a4-3e1a-49a8-b14d-79a7ce4055ad: addNew group-9DEE1023DC78:[42ae3f72-3e55-4c14-b24f-d3b02ec81393:192.168.164.214:34660, 4eb4d5a4-3e1a-49a8-b14d-79a7ce4055ad:192.168.164.214:33269, 36f3336e-6b3c-49fc-b34e-8bc963cfdec7:192.168.164.214:33495] returns group-9DEE1023DC78:java.util.concurrent.CompletableFuture@33123317[Not completed]
2019-10-14 10:16:31,446 [grpc-default-executor-3] INFO  impl.RaftServerProxy (RaftServerProxy.java:addNew(89)) - 42ae3f72-3e55-4c14-b24f-d3b02ec81393: addNew group-9DEE1023DC78:[42ae3f72-3e55-4c14-b24f-d3b02ec81393:192.168.164.214:34660, 4eb4d5a4-3e1a-49a8-b14d-79a7ce4055ad:192.168.164.214:33269, 36f3336e-6b3c-49fc-b34e-8bc963cfdec7:192.168.164.214:33495] returns group-9DEE1023DC78:java.util.concurrent.CompletableFuture@13efa807[Not completed]
2019-10-14 10:16:31,449 [grpc-default-executor-1] INFO  impl.RaftServerProxy (RaftServerProxy.java:addNew(89)) - 36f3336e-6b3c-49fc-b34e-8bc963cfdec7: addNew group-9DEE1023DC78:[42ae3f72-3e55-4c14-b24f-d3b02ec81393:192.168.164.214:34660, 4eb4d5a4-3e1a-49a8-b14d-79a7ce4055ad:192.168.164.214:33269, 36f3336e-6b3c-49fc-b34e-8bc963cfdec7:192.168.164.214:33495] returns group-9DEE1023DC78:java.util.concurrent.CompletableFuture@19a43185[Not completed]
2019-10-14 10:16:31,449 [pool-74-thread-1] INFO  impl.RaftServerImpl (RaftServerImpl.java:<init>(95)) - 4eb4d5a4-3e1a-49a8-b14d-79a7ce4055ad: new RaftServerImpl for group-9DEE1023DC78:[42ae3f72-3e55-4c14-b24f-d3b02ec81393:192.168.164.214:34660, 4eb4d5a4-3e1a-49a8-b14d-79a7ce4055ad:192.168.164.214:33269, 36f3336e-6b3c-49fc-b34e-8bc963cfdec7:192.168.164.214:33495] with ContainerStateMachine:uninitialized
2019-10-14 10:16:31,449 [pool-74-thread-1] INFO  server.RaftServerConfigKeys (ConfUtils.java:logGet(43)) - raft.server.rpc.timeout.min = 5s (custom)
2019-10-14 10:16:31,450 [pool-74-thread-1] INFO  server.RaftServerConfigKeys (ConfUtils.java:logGet(43)) - raft.server.rpc.timeout.max = 5200ms (custom)
2019-10-14 10:16:31,450 [pool-74-thread-1] INFO  server.RaftServerConfigKeys (ConfUtils.java:logGet(43)) - raft.server.rpcslowness.timeout = 120s (custom)
2019-10-14 10:16:31,450 [pool-74-thread-1] INFO  server.RaftServerConfigKeys (ConfUtils.java:logGet(43)) - raft.server.sleep.deviation.threshold = 300 (default)
2019-10-14 10:16:31,450 [pool-74-thread-1] INFO  server.RaftServerConfigKeys (ConfUtils.java:logGet(43)) - raft.server.log.appender.install.snapshot.enabled = false (custom)
2019-10-14 10:16:31,450 [pool-74-thread-1] INFO  impl.RaftServerImpl (ServerState.java:<init>(103)) - 4eb4d5a4-3e1a-49a8-b14d-79a7ce4055ad@group-9DEE1023DC78: ConfigurationManager, init=-1: [42ae3f72-3e55-4c14-b24f-d3b02ec81393:192.168.164.214:34660, 4eb4d5a4-3e1a-49a8-b14d-79a7ce4055ad:192.168.164.214:33269, 36f3336e-6b3c-49fc-b34e-8bc963cfdec7:192.168.164.214:33495], old=null, confs=<EMPTY_MAP>
2019-10-14 10:16:31,450 [pool-74-thread-1] INFO  server.RaftServerConfigKeys (ConfUtils.java:logGet(43)) - raft.server.storage.dir = [/workdir/hadoop-ozone/ozonefs/target/test-dir/MiniOzoneClusterImpl-85c09e26-9b56-4407-9c77-57370d286ecc/datanode-1/data/ratis] (custom)
2019-10-14 10:16:31,450 [pool-114-thread-1] INFO  impl.RaftServerImpl (RaftServerImpl.java:<init>(95)) - 42ae3f72-3e55-4c14-b24f-d3b02ec81393: new RaftServerImpl for group-9DEE1023DC78:[42ae3f72-3e55-4c14-b24f-d3b02ec81393:192.168.164.214:34660, 4eb4d5a4-3e1a-49a8-b14d-79a7ce4055ad:192.168.164.214:33269, 36f3336e-6b3c-49fc-b34e-8bc963cfdec7:192.168.164.214:33495] with ContainerStateMachine:uninitialized
2019-10-14 10:16:31,451 [pool-114-thread-1] INFO  server.RaftServerConfigKeys (ConfUtils.java:logGet(43)) - raft.server.rpc.timeout.min = 5s (custom)
2019-10-14 10:16:31,451 [pool-74-thread-1] INFO  storage.RaftStorageDirectory (RaftStorageDirectory.java:analyzeStorage(246)) - The storage directory /workdir/hadoop-ozone/ozonefs/target/test-dir/MiniOzoneClusterImpl-85c09e26-9b56-4407-9c77-57370d286ecc/datanode-1/data/ratis/86da7fdc-11d0-4b98-a8f8-9dee1023dc78 does not exist. Creating ...
2019-10-14 10:16:31,451 [pool-114-thread-1] INFO  server.RaftServerConfigKeys (ConfUtils.java:logGet(43)) - raft.server.rpc.timeout.max = 5200ms (custom)
2019-10-14 10:16:31,451 [pool-104-thread-1] INFO  impl.RaftServerImpl (RaftServerImpl.java:<init>(95)) - 36f3336e-6b3c-49fc-b34e-8bc963cfdec7: new RaftServerImpl for group-9DEE1023DC78:[42ae3f72-3e55-4c14-b24f-d3b02ec81393:192.168.164.214:34660, 4eb4d5a4-3e1a-49a8-b14d-79a7ce4055ad:192.168.164.214:33269, 36f3336e-6b3c-49fc-b34e-8bc963cfdec7:192.168.164.214:33495] with ContainerStateMachine:uninitialized
2019-10-14 10:16:31,451 [pool-114-thread-1] INFO  server.RaftServerConfigKeys (ConfUtils.java:logGet(43)) - raft.server.rpcslowness.timeout = 120s (custom)
2019-10-14 10:16:31,451 [pool-104-thread-1] INFO  server.RaftServerConfigKeys (ConfUtils.java:logGet(43)) - raft.server.rpc.timeout.min = 5s (custom)
2019-10-14 10:16:31,451 [pool-114-thread-1] INFO  server.RaftServerConfigKeys (ConfUtils.java:logGet(43)) - raft.server.sleep.deviation.threshold = 300 (default)
2019-10-14 10:16:31,452 [pool-104-thread-1] INFO  server.RaftServerConfigKeys (ConfUtils.java:logGet(43)) - raft.server.rpc.timeout.max = 5200ms (custom)
2019-10-14 10:16:31,452 [pool-114-thread-1] INFO  server.RaftServerConfigKeys (ConfUtils.java:logGet(43)) - raft.server.log.appender.install.snapshot.enabled = false (custom)
2019-10-14 10:16:31,452 [pool-104-thread-1] INFO  server.RaftServerConfigKeys (ConfUtils.java:logGet(43)) - raft.server.rpcslowness.timeout = 120s (custom)
2019-10-14 10:16:31,452 [pool-114-thread-1] INFO  impl.RaftServerImpl (ServerState.java:<init>(103)) - 42ae3f72-3e55-4c14-b24f-d3b02ec81393@group-9DEE1023DC78: ConfigurationManager, init=-1: [42ae3f72-3e55-4c14-b24f-d3b02ec81393:192.168.164.214:34660, 4eb4d5a4-3e1a-49a8-b14d-79a7ce4055ad:192.168.164.214:33269, 36f3336e-6b3c-49fc-b34e-8bc963cfdec7:192.168.164.214:33495], old=null, confs=<EMPTY_MAP>
2019-10-14 10:16:31,452 [pool-104-thread-1] INFO  server.RaftServerConfigKeys (ConfUtils.java:logGet(43)) - raft.server.sleep.deviation.threshold = 300 (default)
2019-10-14 10:16:31,452 [pool-114-thread-1] INFO  server.RaftServerConfigKeys (ConfUtils.java:logGet(43)) - raft.server.storage.dir = [/workdir/hadoop-ozone/ozonefs/target/test-dir/MiniOzoneClusterImpl-85c09e26-9b56-4407-9c77-57370d286ecc/datanode-5/data/ratis] (custom)
2019-10-14 10:16:31,452 [pool-104-thread-1] INFO  server.RaftServerConfigKeys (ConfUtils.java:logGet(43)) - raft.server.log.appender.install.snapshot.enabled = false (custom)
2019-10-14 10:16:31,453 [pool-104-thread-1] INFO  impl.RaftServerImpl (ServerState.java:<init>(103)) - 36f3336e-6b3c-49fc-b34e-8bc963cfdec7@group-9DEE1023DC78: ConfigurationManager, init=-1: [42ae3f72-3e55-4c14-b24f-d3b02ec81393:192.168.164.214:34660, 4eb4d5a4-3e1a-49a8-b14d-79a7ce4055ad:192.168.164.214:33269, 36f3336e-6b3c-49fc-b34e-8bc963cfdec7:192.168.164.214:33495], old=null, confs=<EMPTY_MAP>
2019-10-14 10:16:31,453 [pool-114-thread-1] INFO  storage.RaftStorageDirectory (RaftStorageDirectory.java:analyzeStorage(246)) - The storage directory /workdir/hadoop-ozone/ozonefs/target/test-dir/MiniOzoneClusterImpl-85c09e26-9b56-4407-9c77-57370d286ecc/datanode-5/data/ratis/86da7fdc-11d0-4b98-a8f8-9dee1023dc78 does not exist. Creating ...
2019-10-14 10:16:31,453 [pool-104-thread-1] INFO  server.RaftServerConfigKeys (ConfUtils.java:logGet(43)) - raft.server.storage.dir = [/workdir/hadoop-ozone/ozonefs/target/test-dir/MiniOzoneClusterImpl-85c09e26-9b56-4407-9c77-57370d286ecc/datanode-4/data/ratis] (custom)
2019-10-14 10:16:31,453 [pool-104-thread-1] INFO  storage.RaftStorageDirectory (RaftStorageDirectory.java:analyzeStorage(246)) - The storage directory /workdir/hadoop-ozone/ozonefs/target/test-dir/MiniOzoneClusterImpl-85c09e26-9b56-4407-9c77-57370d286ecc/datanode-4/data/ratis/86da7fdc-11d0-4b98-a8f8-9dee1023dc78 does not exist. Creating ...
2019-10-14 10:16:31,476 [pool-104-thread-1] INFO  storage.RaftStorageDirectory (RaftStorageDirectory.java:tryLock(328)) - Lock on /workdir/hadoop-ozone/ozonefs/target/test-dir/MiniOzoneClusterImpl-85c09e26-9b56-4407-9c77-57370d286ecc/datanode-4/data/ratis/86da7fdc-11d0-4b98-a8f8-9dee1023dc78/in_use.lock acquired by nodename 4738@pr-hdds-1569-vp9xg-4248047660
2019-10-14 10:16:31,476 [pool-74-thread-1] INFO  storage.RaftStorageDirectory (RaftStorageDirectory.java:tryLock(328)) - Lock on /workdir/hadoop-ozone/ozonefs/target/test-dir/MiniOzoneClusterImpl-85c09e26-9b56-4407-9c77-57370d286ecc/datanode-1/data/ratis/86da7fdc-11d0-4b98-a8f8-9dee1023dc78/in_use.lock acquired by nodename 4738@pr-hdds-1569-vp9xg-4248047660
2019-10-14 10:16:31,476 [pool-114-thread-1] INFO  storage.RaftStorageDirectory (RaftStorageDirectory.java:tryLock(328)) - Lock on /workdir/hadoop-ozone/ozonefs/target/test-dir/MiniOzoneClusterImpl-85c09e26-9b56-4407-9c77-57370d286ecc/datanode-5/data/ratis/86da7fdc-11d0-4b98-a8f8-9dee1023dc78/in_use.lock acquired by nodename 4738@pr-hdds-1569-vp9xg-4248047660
2019-10-14 10:16:31,501 [pool-74-thread-1] INFO  storage.RaftStorage (RaftStorage.java:format(72)) - Storage directory /workdir/hadoop-ozone/ozonefs/target/test-dir/MiniOzoneClusterImpl-85c09e26-9b56-4407-9c77-57370d286ecc/datanode-1/data/ratis/86da7fdc-11d0-4b98-a8f8-9dee1023dc78 has been successfully formatted.
2019-10-14 10:16:31,501 [pool-114-thread-1] INFO  storage.RaftStorage (RaftStorage.java:format(72)) - Storage directory /workdir/hadoop-ozone/ozonefs/target/test-dir/MiniOzoneClusterImpl-85c09e26-9b56-4407-9c77-57370d286ecc/datanode-5/data/ratis/86da7fdc-11d0-4b98-a8f8-9dee1023dc78 has been successfully formatted.
2019-10-14 10:16:31,501 [pool-104-thread-1] INFO  storage.RaftStorage (RaftStorage.java:format(72)) - Storage directory /workdir/hadoop-ozone/ozonefs/target/test-dir/MiniOzoneClusterImpl-85c09e26-9b56-4407-9c77-57370d286ecc/datanode-4/data/ratis/86da7fdc-11d0-4b98-a8f8-9dee1023dc78 has been successfully formatted.
2019-10-14 10:16:31,502 [main] INFO  ozone.MiniOzoneClusterImpl (MiniOzoneClusterImpl.java:lambda$waitForClusterToBeReady$0(147)) - Cluster is ready. Got 7 of 7 DN Heartbeats.
2019-10-14 10:16:31,502 [pool-74-thread-1] INFO  ratis.ContainerStateMachine (ContainerStateMachine.java:loadSnapshot(230)) - group-9DEE1023DC78: The snapshot info is null. Setting the last applied indexto:(t:0, i:~)
2019-10-14 10:16:31,502 [pool-104-thread-1] INFO  ratis.ContainerStateMachine (ContainerStateMachine.java:loadSnapshot(230)) - group-9DEE1023DC78: The snapshot info is null. Setting the last applied indexto:(t:0, i:~)
2019-10-14 10:16:31,502 [pool-114-thread-1] INFO  ratis.ContainerStateMachine (ContainerStateMachine.java:loadSnapshot(230)) - group-9DEE1023DC78: The snapshot info is null. Setting the last applied indexto:(t:0, i:~)
2019-10-14 10:16:31,503 [pool-104-thread-1] INFO  server.RaftServerConfigKeys (ConfUtils.java:logGet(43)) - raft.server.notification.no-leader.timeout = 120s (custom)
2019-10-14 10:16:31,502 [pool-74-thread-1] INFO  server.RaftServerConfigKeys (ConfUtils.java:logGet(43)) - raft.server.notification.no-leader.timeout = 120s (custom)
2019-10-14 10:16:31,503 [pool-104-thread-1] INFO  server.RaftServerConfigKeys (ConfUtils.java:logGet(43)) - raft.server.log.use.memory = false (default)
2019-10-14 10:16:31,503 [pool-114-thread-1] INFO  server.RaftServerConfigKeys (ConfUtils.java:logGet(43)) - raft.server.notification.no-leader.timeout = 120s (custom)
2019-10-14 10:16:31,503 [pool-104-thread-1] INFO  server.RaftServerConfigKeys (ConfUtils.java:logGet(43)) - raft.server.log.purge.gap = 1000000 (custom)
2019-10-14 10:16:31,503 [pool-74-thread-1] INFO  server.RaftServerConfigKeys (ConfUtils.java:logGet(43)) - raft.server.log.use.memory = false (default)
2019-10-14 10:16:31,504 [pool-104-thread-1] INFO  server.RaftServerConfigKeys (ConfUtils.java:logGet(43)) - raft.server.log.appender.buffer.byte-limit = 33554432 (custom)
2019-10-14 10:16:31,504 [pool-114-thread-1] INFO  server.RaftServerConfigKeys (ConfUtils.java:logGet(43)) - raft.server.log.use.memory = false (default)
2019-10-14 10:16:31,504 [pool-104-thread-1] INFO  server.RaftServerConfigKeys (ConfUtils.java:logGet(43)) - raft.server.log.segment.size.max = 1048576 (custom)
2019-10-14 10:16:31,504 [pool-74-thread-1] INFO  server.RaftServerConfigKeys (ConfUtils.java:logGet(43)) - raft.server.log.purge.gap = 1000000 (custom)
2019-10-14 10:16:31,504 [pool-104-thread-1] INFO  server.RaftServerConfigKeys (ConfUtils.java:logGet(43)) - raft.server.log.segment.cache.num.max = 2 (custom)
2019-10-14 10:16:31,504 [pool-114-thread-1] INFO  server.RaftServerConfigKeys (ConfUtils.java:logGet(43)) - raft.server.log.purge.gap = 1000000 (custom)
2019-10-14 10:16:31,505 [pool-104-thread-1] INFO  segmented.SegmentedRaftLogWorker (SegmentedRaftLogWorker.java:<init>(172)) - new 36f3336e-6b3c-49fc-b34e-8bc963cfdec7@group-9DEE1023DC78-SegmentedRaftLogWorker for RaftStorage:Storage Directory /workdir/hadoop-ozone/ozonefs/target/test-dir/MiniOzoneClusterImpl-85c09e26-9b56-4407-9c77-57370d286ecc/datanode-4/data/ratis/86da7fdc-11d0-4b98-a8f8-9dee1023dc78
2019-10-14 10:16:31,505 [pool-74-thread-1] INFO  server.RaftServerConfigKeys (ConfUtils.java:logGet(43)) - raft.server.log.appender.buffer.byte-limit = 33554432 (custom)
2019-10-14 10:16:31,505 [pool-104-thread-1] INFO  server.RaftServerConfigKeys (ConfUtils.java:logGet(43)) - raft.server.log.queue.byte-limit = 2147483647 (custom)
2019-10-14 10:16:31,506 [pool-104-thread-1] INFO  server.RaftServerConfigKeys (ConfUtils.java:logGet(43)) - raft.server.log.queue.element-limit = 1024 (custom)
2019-10-14 10:16:31,505 [pool-114-thread-1] INFO  server.RaftServerConfigKeys (ConfUtils.java:logGet(43)) - raft.server.log.appender.buffer.byte-limit = 33554432 (custom)
2019-10-14 10:16:31,506 [pool-104-thread-1] INFO  server.RaftServerConfigKeys (ConfUtils.java:logGet(43)) - raft.server.log.segment.size.max = 1048576 (custom)
2019-10-14 10:16:31,505 [pool-74-thread-1] INFO  server.RaftServerConfigKeys (ConfUtils.java:logGet(43)) - raft.server.log.segment.size.max = 1048576 (custom)
2019-10-14 10:16:31,506 [pool-104-thread-1] INFO  server.RaftServerConfigKeys (ConfUtils.java:logGet(43)) - raft.server.log.preallocated.size = 16384 (custom)
2019-10-14 10:16:31,506 [pool-114-thread-1] INFO  server.RaftServerConfigKeys (ConfUtils.java:logGet(43)) - raft.server.log.segment.size.max = 1048576 (custom)
2019-10-14 10:16:31,506 [pool-104-thread-1] INFO  server.RaftServerConfigKeys (ConfUtils.java:logGet(43)) - raft.server.log.write.buffer.size = 33554432 (custom)
2019-10-14 10:16:31,506 [pool-74-thread-1] INFO  server.RaftServerConfigKeys (ConfUtils.java:logGet(43)) - raft.server.log.segment.cache.num.max = 2 (custom)
2019-10-14 10:16:31,507 [pool-104-thread-1] INFO  server.RaftServerConfigKeys (ConfUtils.java:logGet(43)) - raft.server.log.force.sync.num = 128 (default)
2019-10-14 10:16:31,507 [pool-114-thread-1] INFO  server.RaftServerConfigKeys (ConfUtils.java:logGet(43)) - raft.server.log.segment.cache.num.max = 2 (custom)
2019-10-14 10:16:31,507 [pool-104-thread-1] INFO  server.RaftServerConfigKeys (ConfUtils.java:logGet(43)) - raft.server.log.statemachine.data.sync = true (default)
2019-10-14 10:16:31,507 [pool-74-thread-1] INFO  segmented.SegmentedRaftLogWorker (SegmentedRaftLogWorker.java:<init>(172)) - new 4eb4d5a4-3e1a-49a8-b14d-79a7ce4055ad@group-9DEE1023DC78-SegmentedRaftLogWorker for RaftStorage:Storage Directory /workdir/hadoop-ozone/ozonefs/target/test-dir/MiniOzoneClusterImpl-85c09e26-9b56-4407-9c77-57370d286ecc/datanode-1/data/ratis/86da7fdc-11d0-4b98-a8f8-9dee1023dc78
2019-10-14 10:16:31,507 [pool-104-thread-1] INFO  server.RaftServerConfigKeys (ConfUtils.java:logGet(43)) - raft.server.log.statemachine.data.sync.timeout = 10s (default)
2019-10-14 10:16:31,507 [pool-114-thread-1] INFO  segmented.SegmentedRaftLogWorker (SegmentedRaftLogWorker.java:<init>(172)) - new 42ae3f72-3e55-4c14-b24f-d3b02ec81393@group-9DEE1023DC78-SegmentedRaftLogWorker for RaftStorage:Storage Directory /workdir/hadoop-ozone/ozonefs/target/test-dir/MiniOzoneClusterImpl-85c09e26-9b56-4407-9c77-57370d286ecc/datanode-5/data/ratis/86da7fdc-11d0-4b98-a8f8-9dee1023dc78
2019-10-14 10:16:31,508 [pool-104-thread-1] INFO  server.RaftServerConfigKeys (ConfUtils.java:logGet(43)) - raft.server.log.statemachine.data.sync.timeout.retry = -1 (default)
2019-10-14 10:16:31,508 [pool-74-thread-1] INFO  server.RaftServerConfigKeys (ConfUtils.java:logGet(43)) - raft.server.log.queue.byte-limit = 2147483647 (custom)
2019-10-14 10:16:31,508 [pool-104-thread-1] INFO  server.RaftServerConfigKeys (ConfUtils.java:logGet(43)) - raft.server.log.statemachine.data.caching.enabled = true (custom)
2019-10-14 10:16:31,508 [pool-114-thread-1] INFO  server.RaftServerConfigKeys (ConfUtils.java:logGet(43)) - raft.server.log.queue.byte-limit = 2147483647 (custom)
2019-10-14 10:16:31,508 [pool-74-thread-1] INFO  server.RaftServerConfigKeys (ConfUtils.java:logGet(43)) - raft.server.log.queue.element-limit = 1024 (custom)
2019-10-14 10:16:31,509 [pool-114-thread-1] INFO  server.RaftServerConfigKeys (ConfUtils.java:logGet(43)) - raft.server.log.queue.element-limit = 1024 (custom)
2019-10-14 10:16:31,509 [pool-104-thread-1] INFO  segmented.SegmentedRaftLogWorker (SegmentedRaftLogWorker.java:lambda$new$0(132)) - 36f3336e-6b3c-49fc-b34e-8bc963cfdec7@group-9DEE1023DC78-SegmentedRaftLogWorker: flushIndex: setUnconditionally 0 -> -1
2019-10-14 10:16:31,509 [pool-114-thread-1] INFO  server.RaftServerConfigKeys (ConfUtils.java:logGet(43)) - raft.server.log.segment.size.max = 1048576 (custom)
2019-10-14 10:16:31,509 [pool-74-thread-1] INFO  server.RaftServerConfigKeys (ConfUtils.java:logGet(43)) - raft.server.log.segment.size.max = 1048576 (custom)
2019-10-14 10:16:31,510 [pool-104-thread-1] INFO  server.RaftServerConfigKeys (ConfUtils.java:logGet(43)) - raft.server.snapshot.auto.trigger.enabled = true (custom)
2019-10-14 10:16:31,510 [pool-114-thread-1] INFO  server.RaftServerConfigKeys (ConfUtils.java:logGet(43)) - raft.server.log.preallocated.size = 16384 (custom)
2019-10-14 10:16:31,510 [pool-104-thread-1] INFO  server.RaftServerConfigKeys (ConfUtils.java:logGet(43)) - raft.server.snapshot.auto.trigger.threshold = 10000 (custom)
2019-10-14 10:16:31,510 [pool-74-thread-1] INFO  server.RaftServerConfigKeys (ConfUtils.java:logGet(43)) - raft.server.log.preallocated.size = 16384 (custom)
2019-10-14 10:16:31,510 [pool-104-thread-1] INFO  server.RaftServerConfigKeys (ConfUtils.java:logGet(43)) - raft.server.snapshot.retention.num.files = 5 (custom)
2019-10-14 10:16:31,510 [pool-114-thread-1] INFO  server.RaftServerConfigKeys (ConfUtils.java:logGet(43)) - raft.server.log.write.buffer.size = 33554432 (custom)
2019-10-14 10:16:31,511 [pool-104-thread-1] INFO  server.RaftServerConfigKeys (ConfUtils.java:logGet(43)) - raft.server.retrycache.expirytime = 600000ms (custom)
2019-10-14 10:16:31,510 [pool-74-thread-1] INFO  server.RaftServerConfigKeys (ConfUtils.java:logGet(43)) - raft.server.log.write.buffer.size = 33554432 (custom)
2019-10-14 10:16:31,511 [pool-114-thread-1] INFO  server.RaftServerConfigKeys (ConfUtils.java:logGet(43)) - raft.server.log.force.sync.num = 128 (default)
2019-10-14 10:16:31,511 [pool-74-thread-1] INFO  server.RaftServerConfigKeys (ConfUtils.java:logGet(43)) - raft.server.log.force.sync.num = 128 (default)
2019-10-14 10:16:31,511 [pool-114-thread-1] INFO  server.RaftServerConfigKeys (ConfUtils.java:logGet(43)) - raft.server.log.statemachine.data.sync = true (default)
2019-10-14 10:16:31,512 [pool-74-thread-1] INFO  server.RaftServerConfigKeys (ConfUtils.java:logGet(43)) - raft.server.log.statemachine.data.sync = true (default)
2019-10-14 10:16:31,512 [pool-114-thread-1] INFO  server.RaftServerConfigKeys (ConfUtils.java:logGet(43)) - raft.server.log.statemachine.data.sync.timeout = 10s (default)
2019-10-14 10:16:31,512 [pool-74-thread-1] INFO  server.RaftServerConfigKeys (ConfUtils.java:logGet(43)) - raft.server.log.statemachine.data.sync.timeout = 10s (default)
2019-10-14 10:16:31,512 [pool-114-thread-1] INFO  server.RaftServerConfigKeys (ConfUtils.java:logGet(43)) - raft.server.log.statemachine.data.sync.timeout.retry = -1 (default)
2019-10-14 10:16:31,512 [pool-74-thread-1] INFO  server.RaftServerConfigKeys (ConfUtils.java:logGet(43)) - raft.server.log.statemachine.data.sync.timeout.retry = -1 (default)
2019-10-14 10:16:31,513 [pool-114-thread-1] INFO  server.RaftServerConfigKeys (ConfUtils.java:logGet(43)) - raft.server.log.statemachine.data.caching.enabled = true (custom)
2019-10-14 10:16:31,513 [pool-74-thread-1] INFO  server.RaftServerConfigKeys (ConfUtils.java:logGet(43)) - raft.server.log.statemachine.data.caching.enabled = true (custom)
2019-10-14 10:16:31,513 [pool-114-thread-1] INFO  segmented.SegmentedRaftLogWorker (SegmentedRaftLogWorker.java:lambda$new$0(132)) - 42ae3f72-3e55-4c14-b24f-d3b02ec81393@group-9DEE1023DC78-SegmentedRaftLogWorker: flushIndex: setUnconditionally 0 -> -1
2019-10-14 10:16:31,513 [pool-74-thread-1] INFO  segmented.SegmentedRaftLogWorker (SegmentedRaftLogWorker.java:lambda$new$0(132)) - 4eb4d5a4-3e1a-49a8-b14d-79a7ce4055ad@group-9DEE1023DC78-SegmentedRaftLogWorker: flushIndex: setUnconditionally 0 -> -1
2019-10-14 10:16:31,514 [pool-114-thread-1] INFO  server.RaftServerConfigKeys (ConfUtils.java:logGet(43)) - raft.server.snapshot.auto.trigger.enabled = true (custom)
2019-10-14 10:16:31,514 [pool-74-thread-1] INFO  server.RaftServerConfigKeys (ConfUtils.java:logGet(43)) - raft.server.snapshot.auto.trigger.enabled = true (custom)
2019-10-14 10:16:31,514 [pool-104-thread-1] INFO  impl.RaftServerImpl (RaftServerImpl.java:start(185)) - 36f3336e-6b3c-49fc-b34e-8bc963cfdec7@group-9DEE1023DC78: start as a follower, conf=-1: [42ae3f72-3e55-4c14-b24f-d3b02ec81393:192.168.164.214:34660, 4eb4d5a4-3e1a-49a8-b14d-79a7ce4055ad:192.168.164.214:33269, 36f3336e-6b3c-49fc-b34e-8bc963cfdec7:192.168.164.214:33495], old=null
2019-10-14 10:16:31,514 [pool-114-thread-1] INFO  server.RaftServerConfigKeys (ConfUtils.java:logGet(43)) - raft.server.snapshot.auto.trigger.threshold = 10000 (custom)
2019-10-14 10:16:31,514 [pool-104-thread-1] INFO  impl.RaftServerImpl (RaftServerImpl.java:setRole(174)) - 36f3336e-6b3c-49fc-b34e-8bc963cfdec7@group-9DEE1023DC78: changes role from      null to FOLLOWER at term 0 for startAsFollower
2019-10-14 10:16:31,514 [pool-74-thread-1] INFO  server.RaftServerConfigKeys (ConfUtils.java:logGet(43)) - raft.server.snapshot.auto.trigger.threshold = 10000 (custom)
2019-10-14 10:16:31,514 [pool-104-thread-1] INFO  impl.RoleInfo (RoleInfo.java:updateAndGet(143)) - 36f3336e-6b3c-49fc-b34e-8bc963cfdec7: start FollowerState
2019-10-14 10:16:31,514 [pool-114-thread-1] INFO  server.RaftServerConfigKeys (ConfUtils.java:logGet(43)) - raft.server.snapshot.retention.num.files = 5 (custom)
2019-10-14 10:16:31,515 [pool-74-thread-1] INFO  server.RaftServerConfigKeys (ConfUtils.java:logGet(43)) - raft.server.snapshot.retention.num.files = 5 (custom)
2019-10-14 10:16:31,515 [pool-104-thread-1] INFO  util.JmxRegister (JmxRegister.java:tryRegister(44)) - Successfully registered JMX Bean with object name Ratis:service=RaftServer,group=group-9DEE1023DC78,id=36f3336e-6b3c-49fc-b34e-8bc963cfdec7
2019-10-14 10:16:31,515 [pool-114-thread-1] INFO  server.RaftServerConfigKeys (ConfUtils.java:logGet(43)) - raft.server.retrycache.expirytime = 600000ms (custom)
2019-10-14 10:16:31,515 [pool-74-thread-1] INFO  server.RaftServerConfigKeys (ConfUtils.java:logGet(43)) - raft.server.retrycache.expirytime = 600000ms (custom)
2019-10-14 10:16:31,524 [pool-114-thread-1] INFO  impl.RaftServerImpl (RaftServerImpl.java:start(185)) - 42ae3f72-3e55-4c14-b24f-d3b02ec81393@group-9DEE1023DC78: start as a follower, conf=-1: [42ae3f72-3e55-4c14-b24f-d3b02ec81393:192.168.164.214:34660, 4eb4d5a4-3e1a-49a8-b14d-79a7ce4055ad:192.168.164.214:33269, 36f3336e-6b3c-49fc-b34e-8bc963cfdec7:192.168.164.214:33495], old=null
2019-10-14 10:16:31,524 [pool-114-thread-1] INFO  impl.RaftServerImpl (RaftServerImpl.java:setRole(174)) - 42ae3f72-3e55-4c14-b24f-d3b02ec81393@group-9DEE1023DC78: changes role from      null to FOLLOWER at term 0 for startAsFollower
2019-10-14 10:16:31,524 [pool-74-thread-1] INFO  impl.RaftServerImpl (RaftServerImpl.java:start(185)) - 4eb4d5a4-3e1a-49a8-b14d-79a7ce4055ad@group-9DEE1023DC78: start as a follower, conf=-1: [42ae3f72-3e55-4c14-b24f-d3b02ec81393:192.168.164.214:34660, 4eb4d5a4-3e1a-49a8-b14d-79a7ce4055ad:192.168.164.214:33269, 36f3336e-6b3c-49fc-b34e-8bc963cfdec7:192.168.164.214:33495], old=null
2019-10-14 10:16:31,525 [pool-114-thread-1] INFO  impl.RoleInfo (RoleInfo.java:updateAndGet(143)) - 42ae3f72-3e55-4c14-b24f-d3b02ec81393: start FollowerState
2019-10-14 10:16:31,525 [pool-74-thread-1] INFO  impl.RaftServerImpl (RaftServerImpl.java:setRole(174)) - 4eb4d5a4-3e1a-49a8-b14d-79a7ce4055ad@group-9DEE1023DC78: changes role from      null to FOLLOWER at term 0 for startAsFollower
2019-10-14 10:16:31,525 [pool-74-thread-1] INFO  impl.RoleInfo (RoleInfo.java:updateAndGet(143)) - 4eb4d5a4-3e1a-49a8-b14d-79a7ce4055ad: start FollowerState
2019-10-14 10:16:31,525 [pool-114-thread-1] INFO  util.JmxRegister (JmxRegister.java:tryRegister(44)) - Successfully registered JMX Bean with object name Ratis:service=RaftServer,group=group-9DEE1023DC78,id=42ae3f72-3e55-4c14-b24f-d3b02ec81393
2019-10-14 10:16:31,525 [pool-74-thread-1] INFO  util.JmxRegister (JmxRegister.java:tryRegister(44)) - Successfully registered JMX Bean with object name Ratis:service=RaftServer,group=group-9DEE1023DC78,id=4eb4d5a4-3e1a-49a8-b14d-79a7ce4055ad
2019-10-14 10:16:31,536 [RatisPipelineUtilsThread] INFO  pipeline.PipelineStateManager (PipelineStateManager.java:addPipeline(56)) - Created pipeline Pipeline[ Id: 86da7fdc-11d0-4b98-a8f8-9dee1023dc78, Nodes: 4eb4d5a4-3e1a-49a8-b14d-79a7ce4055ad{ip: 192.168.164.214, host: pr-hdds-1569-vp9xg-4248047660, networkLocation: /default-rack, certSerialId: null}36f3336e-6b3c-49fc-b34e-8bc963cfdec7{ip: 192.168.164.214, host: pr-hdds-1569-vp9xg-4248047660, networkLocation: /default-rack, certSerialId: null}42ae3f72-3e55-4c14-b24f-d3b02ec81393{ip: 192.168.164.214, host: pr-hdds-1569-vp9xg-4248047660, networkLocation: /default-rack, certSerialId: null}, Type:RATIS, Factor:THREE, State:OPEN]
2019-10-14 10:16:31,536 [RatisPipelineUtilsThread] INFO  pipeline.PipelinePlacementPolicy (PipelinePlacementPolicy.java:meetCriteria(104)) - Pipeline Placement: can't place more pipeline on heavy datanode： 12766659-8dbd-45fe-a653-6cb67784c51c Heaviness: 3 limit: 3
2019-10-14 10:16:31,536 [RatisPipelineUtilsThread] INFO  pipeline.PipelinePlacementPolicy (PipelinePlacementPolicy.java:meetCriteria(104)) - Pipeline Placement: can't place more pipeline on heavy datanode： 4ca2631b-862e-40c8-a81a-0c3f018b6063 Heaviness: 3 limit: 3
2019-10-14 10:16:31,537 [RatisPipelineUtilsThread] INFO  pipeline.PipelinePlacementPolicy (PipelinePlacementPolicy.java:meetCriteria(104)) - Pipeline Placement: can't place more pipeline on heavy datanode： 69359b74-77cd-417a-996d-8eb5cbff14f3 Heaviness: 3 limit: 3
2019-10-14 10:16:31,562 [grpc-default-executor-1] INFO  impl.RaftServerProxy (RaftServerProxy.java:addNew(89)) - 4eb4d5a4-3e1a-49a8-b14d-79a7ce4055ad: addNew group-8D18ED4DA9CA:[42ae3f72-3e55-4c14-b24f-d3b02ec81393:192.168.164.214:34660, 4eb4d5a4-3e1a-49a8-b14d-79a7ce4055ad:192.168.164.214:33269, 36f3336e-6b3c-49fc-b34e-8bc963cfdec7:192.168.164.214:33495] returns group-8D18ED4DA9CA:java.util.concurrent.CompletableFuture@2fbb3fae[Not completed]
2019-10-14 10:16:31,564 [grpc-default-executor-3] INFO  impl.RaftServerProxy (RaftServerProxy.java:addNew(89)) - 42ae3f72-3e55-4c14-b24f-d3b02ec81393: addNew group-8D18ED4DA9CA:[42ae3f72-3e55-4c14-b24f-d3b02ec81393:192.168.164.214:34660, 4eb4d5a4-3e1a-49a8-b14d-79a7ce4055ad:192.168.164.214:33269, 36f3336e-6b3c-49fc-b34e-8bc963cfdec7:192.168.164.214:33495] returns group-8D18ED4DA9CA:java.util.concurrent.CompletableFuture@52d2a23c[Not completed]
2019-10-14 10:16:31,565 [grpc-default-executor-0] INFO  impl.RaftServerProxy (RaftServerProxy.java:addNew(89)) - 36f3336e-6b3c-49fc-b34e-8bc963cfdec7: addNew group-8D18ED4DA9CA:[42ae3f72-3e55-4c14-b24f-d3b02ec81393:192.168.164.214:34660, 4eb4d5a4-3e1a-49a8-b14d-79a7ce4055ad:192.168.164.214:33269, 36f3336e-6b3c-49fc-b34e-8bc963cfdec7:192.168.164.214:33495] returns group-8D18ED4DA9CA:java.util.concurrent.CompletableFuture@78129e4c[Not completed]
2019-10-14 10:16:31,567 [pool-74-thread-1] INFO  impl.RaftServerImpl (RaftServerImpl.java:<init>(95)) - 4eb4d5a4-3e1a-49a8-b14d-79a7ce4055ad: new RaftServerImpl for group-8D18ED4DA9CA:[42ae3f72-3e55-4c14-b24f-d3b02ec81393:192.168.164.214:34660, 4eb4d5a4-3e1a-49a8-b14d-79a7ce4055ad:192.168.164.214:33269, 36f3336e-6b3c-49fc-b34e-8bc963cfdec7:192.168.164.214:33495] with ContainerStateMachine:uninitialized
2019-10-14 10:16:31,567 [pool-74-thread-1] INFO  server.RaftServerConfigKeys (ConfUtils.java:logGet(43)) - raft.server.rpc.timeout.min = 5s (custom)
2019-10-14 10:16:31,567 [pool-74-thread-1] INFO  server.RaftServerConfigKeys (ConfUtils.java:logGet(43)) - raft.server.rpc.timeout.max = 5200ms (custom)
2019-10-14 10:16:31,567 [pool-74-thread-1] INFO  server.RaftServerConfigKeys (ConfUtils.java:logGet(43)) - raft.server.rpcslowness.timeout = 120s (custom)
2019-10-14 10:16:31,567 [pool-74-thread-1] INFO  server.RaftServerConfigKeys (ConfUtils.java:logGet(43)) - raft.server.sleep.deviation.threshold = 300 (default)
2019-10-14 10:16:31,567 [pool-74-thread-1] INFO  server.RaftServerConfigKeys (ConfUtils.java:logGet(43)) - raft.server.log.appender.install.snapshot.enabled = false (custom)
2019-10-14 10:16:31,568 [pool-74-thread-1] INFO  impl.RaftServerImpl (ServerState.java:<init>(103)) - 4eb4d5a4-3e1a-49a8-b14d-79a7ce4055ad@group-8D18ED4DA9CA: ConfigurationManager, init=-1: [42ae3f72-3e55-4c14-b24f-d3b02ec81393:192.168.164.214:34660, 4eb4d5a4-3e1a-49a8-b14d-79a7ce4055ad:192.168.164.214:33269, 36f3336e-6b3c-49fc-b34e-8bc963cfdec7:192.168.164.214:33495], old=null, confs=<EMPTY_MAP>
2019-10-14 10:16:31,568 [pool-104-thread-1] INFO  impl.RaftServerImpl (RaftServerImpl.java:<init>(95)) - 36f3336e-6b3c-49fc-b34e-8bc963cfdec7: new RaftServerImpl for group-8D18ED4DA9CA:[42ae3f72-3e55-4c14-b24f-d3b02ec81393:192.168.164.214:34660, 4eb4d5a4-3e1a-49a8-b14d-79a7ce4055ad:192.168.164.214:33269, 36f3336e-6b3c-49fc-b34e-8bc963cfdec7:192.168.164.214:33495] with ContainerStateMachine:uninitialized
2019-10-14 10:16:31,568 [pool-74-thread-1] INFO  server.RaftServerConfigKeys (ConfUtils.java:logGet(43)) - raft.server.storage.dir = [/workdir/hadoop-ozone/ozonefs/target/test-dir/MiniOzoneClusterImpl-85c09e26-9b56-4407-9c77-57370d286ecc/datanode-1/data/ratis] (custom)
2019-10-14 10:16:31,568 [pool-104-thread-1] INFO  server.RaftServerConfigKeys (ConfUtils.java:logGet(43)) - raft.server.rpc.timeout.min = 5s (custom)
2019-10-14 10:16:31,568 [pool-104-thread-1] INFO  server.RaftServerConfigKeys (ConfUtils.java:logGet(43)) - raft.server.rpc.timeout.max = 5200ms (custom)
2019-10-14 10:16:31,568 [pool-74-thread-1] INFO  storage.RaftStorageDirectory (RaftStorageDirectory.java:analyzeStorage(246)) - The storage directory /workdir/hadoop-ozone/ozonefs/target/test-dir/MiniOzoneClusterImpl-85c09e26-9b56-4407-9c77-57370d286ecc/datanode-1/data/ratis/8f5f178f-19cb-4cf8-a5f6-8d18ed4da9ca does not exist. Creating ...
2019-10-14 10:16:31,568 [pool-104-thread-1] INFO  server.RaftServerConfigKeys (ConfUtils.java:logGet(43)) - raft.server.rpcslowness.timeout = 120s (custom)
2019-10-14 10:16:31,569 [pool-104-thread-1] INFO  server.RaftServerConfigKeys (ConfUtils.java:logGet(43)) - raft.server.sleep.deviation.threshold = 300 (default)
2019-10-14 10:16:31,569 [pool-104-thread-1] INFO  server.RaftServerConfigKeys (ConfUtils.java:logGet(43)) - raft.server.log.appender.install.snapshot.enabled = false (custom)
2019-10-14 10:16:31,569 [pool-114-thread-1] INFO  impl.RaftServerImpl (RaftServerImpl.java:<init>(95)) - 42ae3f72-3e55-4c14-b24f-d3b02ec81393: new RaftServerImpl for group-8D18ED4DA9CA:[42ae3f72-3e55-4c14-b24f-d3b02ec81393:192.168.164.214:34660, 4eb4d5a4-3e1a-49a8-b14d-79a7ce4055ad:192.168.164.214:33269, 36f3336e-6b3c-49fc-b34e-8bc963cfdec7:192.168.164.214:33495] with ContainerStateMachine:uninitialized
2019-10-14 10:16:31,569 [pool-104-thread-1] INFO  impl.RaftServerImpl (ServerState.java:<init>(103)) - 36f3336e-6b3c-49fc-b34e-8bc963cfdec7@group-8D18ED4DA9CA: ConfigurationManager, init=-1: [42ae3f72-3e55-4c14-b24f-d3b02ec81393:192.168.164.214:34660, 4eb4d5a4-3e1a-49a8-b14d-79a7ce4055ad:192.168.164.214:33269, 36f3336e-6b3c-49fc-b34e-8bc963cfdec7:192.168.164.214:33495], old=null, confs=<EMPTY_MAP>
2019-10-14 10:16:31,569 [pool-114-thread-1] INFO  server.RaftServerConfigKeys (ConfUtils.java:logGet(43)) - raft.server.rpc.timeout.min = 5s (custom)
2019-10-14 10:16:31,569 [pool-104-thread-1] INFO  server.RaftServerConfigKeys (ConfUtils.java:logGet(43)) - raft.server.storage.dir = [/workdir/hadoop-ozone/ozonefs/target/test-dir/MiniOzoneClusterImpl-85c09e26-9b56-4407-9c77-57370d286ecc/datanode-4/data/ratis] (custom)
2019-10-14 10:16:31,569 [pool-114-thread-1] INFO  server.RaftServerConfigKeys (ConfUtils.java:logGet(43)) - raft.server.rpc.timeout.max = 5200ms (custom)
2019-10-14 10:16:31,570 [pool-114-thread-1] INFO  server.RaftServerConfigKeys (ConfUtils.java:logGet(43)) - raft.server.rpcslowness.timeout = 120s (custom)
2019-10-14 10:16:31,570 [pool-104-thread-1] INFO  storage.RaftStorageDirectory (RaftStorageDirectory.java:analyzeStorage(246)) - The storage directory /workdir/hadoop-ozone/ozonefs/target/test-dir/MiniOzoneClusterImpl-85c09e26-9b56-4407-9c77-57370d286ecc/datanode-4/data/ratis/8f5f178f-19cb-4cf8-a5f6-8d18ed4da9ca does not exist. Creating ...
2019-10-14 10:16:31,570 [pool-114-thread-1] INFO  server.RaftServerConfigKeys (ConfUtils.java:logGet(43)) - raft.server.sleep.deviation.threshold = 300 (default)
2019-10-14 10:16:31,570 [pool-114-thread-1] INFO  server.RaftServerConfigKeys (ConfUtils.java:logGet(43)) - raft.server.log.appender.install.snapshot.enabled = false (custom)
2019-10-14 10:16:31,570 [pool-114-thread-1] INFO  impl.RaftServerImpl (ServerState.java:<init>(103)) - 42ae3f72-3e55-4c14-b24f-d3b02ec81393@group-8D18ED4DA9CA: ConfigurationManager, init=-1: [42ae3f72-3e55-4c14-b24f-d3b02ec81393:192.168.164.214:34660, 4eb4d5a4-3e1a-49a8-b14d-79a7ce4055ad:192.168.164.214:33269, 36f3336e-6b3c-49fc-b34e-8bc963cfdec7:192.168.164.214:33495], old=null, confs=<EMPTY_MAP>
2019-10-14 10:16:31,571 [pool-114-thread-1] INFO  server.RaftServerConfigKeys (ConfUtils.java:logGet(43)) - raft.server.storage.dir = [/workdir/hadoop-ozone/ozonefs/target/test-dir/MiniOzoneClusterImpl-85c09e26-9b56-4407-9c77-57370d286ecc/datanode-5/data/ratis] (custom)
2019-10-14 10:16:31,571 [pool-114-thread-1] INFO  storage.RaftStorageDirectory (RaftStorageDirectory.java:analyzeStorage(246)) - The storage directory /workdir/hadoop-ozone/ozonefs/target/test-dir/MiniOzoneClusterImpl-85c09e26-9b56-4407-9c77-57370d286ecc/datanode-5/data/ratis/8f5f178f-19cb-4cf8-a5f6-8d18ed4da9ca does not exist. Creating ...
2019-10-14 10:16:31,599 [pool-74-thread-1] INFO  storage.RaftStorageDirectory (RaftStorageDirectory.java:tryLock(328)) - Lock on /workdir/hadoop-ozone/ozonefs/target/test-dir/MiniOzoneClusterImpl-85c09e26-9b56-4407-9c77-57370d286ecc/datanode-1/data/ratis/8f5f178f-19cb-4cf8-a5f6-8d18ed4da9ca/in_use.lock acquired by nodename 4738@pr-hdds-1569-vp9xg-4248047660
2019-10-14 10:16:31,599 [pool-104-thread-1] INFO  storage.RaftStorageDirectory (RaftStorageDirectory.java:tryLock(328)) - Lock on /workdir/hadoop-ozone/ozonefs/target/test-dir/MiniOzoneClusterImpl-85c09e26-9b56-4407-9c77-57370d286ecc/datanode-4/data/ratis/8f5f178f-19cb-4cf8-a5f6-8d18ed4da9ca/in_use.lock acquired by nodename 4738@pr-hdds-1569-vp9xg-4248047660
2019-10-14 10:16:31,599 [pool-114-thread-1] INFO  storage.RaftStorageDirectory (RaftStorageDirectory.java:tryLock(328)) - Lock on /workdir/hadoop-ozone/ozonefs/target/test-dir/MiniOzoneClusterImpl-85c09e26-9b56-4407-9c77-57370d286ecc/datanode-5/data/ratis/8f5f178f-19cb-4cf8-a5f6-8d18ed4da9ca/in_use.lock acquired by nodename 4738@pr-hdds-1569-vp9xg-4248047660
2019-10-14 10:16:31,628 [pool-74-thread-1] INFO  storage.RaftStorage (RaftStorage.java:format(72)) - Storage directory /workdir/hadoop-ozone/ozonefs/target/test-dir/MiniOzoneClusterImpl-85c09e26-9b56-4407-9c77-57370d286ecc/datanode-1/data/ratis/8f5f178f-19cb-4cf8-a5f6-8d18ed4da9ca has been successfully formatted.
2019-10-14 10:16:31,628 [pool-104-thread-1] INFO  storage.RaftStorage (RaftStorage.java:format(72)) - Storage directory /workdir/hadoop-ozone/ozonefs/target/test-dir/MiniOzoneClusterImpl-85c09e26-9b56-4407-9c77-57370d286ecc/datanode-4/data/ratis/8f5f178f-19cb-4cf8-a5f6-8d18ed4da9ca has been successfully formatted.
2019-10-14 10:16:31,628 [pool-114-thread-1] INFO  storage.RaftStorage (RaftStorage.java:format(72)) - Storage directory /workdir/hadoop-ozone/ozonefs/target/test-dir/MiniOzoneClusterImpl-85c09e26-9b56-4407-9c77-57370d286ecc/datanode-5/data/ratis/8f5f178f-19cb-4cf8-a5f6-8d18ed4da9ca has been successfully formatted.
2019-10-14 10:16:31,628 [pool-104-thread-1] INFO  ratis.ContainerStateMachine (ContainerStateMachine.java:loadSnapshot(230)) - group-8D18ED4DA9CA: The snapshot info is null. Setting the last applied indexto:(t:0, i:~)
2019-10-14 10:16:31,628 [pool-74-thread-1] INFO  ratis.ContainerStateMachine (ContainerStateMachine.java:loadSnapshot(230)) - group-8D18ED4DA9CA: The snapshot info is null. Setting the last applied indexto:(t:0, i:~)
2019-10-14 10:16:31,628 [pool-104-thread-1] INFO  server.RaftServerConfigKeys (ConfUtils.java:logGet(43)) - raft.server.notification.no-leader.timeout = 120s (custom)
2019-10-14 10:16:31,628 [pool-114-thread-1] INFO  ratis.ContainerStateMachine (ContainerStateMachine.java:loadSnapshot(230)) - group-8D18ED4DA9CA: The snapshot info is null. Setting the last applied indexto:(t:0, i:~)
2019-10-14 10:16:31,629 [pool-104-thread-1] INFO  server.RaftServerConfigKeys (ConfUtils.java:logGet(43)) - raft.server.log.use.memory = false (default)
2019-10-14 10:16:31,629 [pool-74-thread-1] INFO  server.RaftServerConfigKeys (ConfUtils.java:logGet(43)) - raft.server.notification.no-leader.timeout = 120s (custom)
2019-10-14 10:16:31,629 [pool-104-thread-1] INFO  server.RaftServerConfigKeys (ConfUtils.java:logGet(43)) - raft.server.log.purge.gap = 1000000 (custom)
2019-10-14 10:16:31,629 [pool-114-thread-1] INFO  server.RaftServerConfigKeys (ConfUtils.java:logGet(43)) - raft.server.notification.no-leader.timeout = 120s (custom)
2019-10-14 10:16:31,629 [pool-104-thread-1] INFO  server.RaftServerConfigKeys (ConfUtils.java:logGet(43)) - raft.server.log.appender.buffer.byte-limit = 33554432 (custom)
2019-10-14 10:16:31,629 [pool-74-thread-1] INFO  server.RaftServerConfigKeys (ConfUtils.java:logGet(43)) - raft.server.log.use.memory = false (default)
2019-10-14 10:16:31,630 [pool-104-thread-1] INFO  server.RaftServerConfigKeys (ConfUtils.java:logGet(43)) - raft.server.log.segment.size.max = 1048576 (custom)
2019-10-14 10:16:31,630 [pool-114-thread-1] INFO  server.RaftServerConfigKeys (ConfUtils.java:logGet(43)) - raft.server.log.use.memory = false (default)
2019-10-14 10:16:31,630 [pool-104-thread-1] INFO  server.RaftServerConfigKeys (ConfUtils.java:logGet(43)) - raft.server.log.segment.cache.num.max = 2 (custom)
2019-10-14 10:16:31,630 [pool-74-thread-1] INFO  server.RaftServerConfigKeys (ConfUtils.java:logGet(43)) - raft.server.log.purge.gap = 1000000 (custom)
2019-10-14 10:16:31,630 [pool-104-thread-1] INFO  segmented.SegmentedRaftLogWorker (SegmentedRaftLogWorker.java:<init>(172)) - new 36f3336e-6b3c-49fc-b34e-8bc963cfdec7@group-8D18ED4DA9CA-SegmentedRaftLogWorker for RaftStorage:Storage Directory /workdir/hadoop-ozone/ozonefs/target/test-dir/MiniOzoneClusterImpl-85c09e26-9b56-4407-9c77-57370d286ecc/datanode-4/data/ratis/8f5f178f-19cb-4cf8-a5f6-8d18ed4da9ca
2019-10-14 10:16:31,630 [pool-114-thread-1] INFO  server.RaftServerConfigKeys (ConfUtils.java:logGet(43)) - raft.server.log.purge.gap = 1000000 (custom)
2019-10-14 10:16:31,631 [pool-104-thread-1] INFO  server.RaftServerConfigKeys (ConfUtils.java:logGet(43)) - raft.server.log.queue.byte-limit = 2147483647 (custom)
2019-10-14 10:16:31,631 [pool-74-thread-1] INFO  server.RaftServerConfigKeys (ConfUtils.java:logGet(43)) - raft.server.log.appender.buffer.byte-limit = 33554432 (custom)
2019-10-14 10:16:31,631 [pool-104-thread-1] INFO  server.RaftServerConfigKeys (ConfUtils.java:logGet(43)) - raft.server.log.queue.element-limit = 1024 (custom)
2019-10-14 10:16:31,631 [pool-114-thread-1] INFO  server.RaftServerConfigKeys (ConfUtils.java:logGet(43)) - raft.server.log.appender.buffer.byte-limit = 33554432 (custom)
2019-10-14 10:16:31,631 [pool-104-thread-1] INFO  server.RaftServerConfigKeys (ConfUtils.java:logGet(43)) - raft.server.log.segment.size.max = 1048576 (custom)
2019-10-14 10:16:31,631 [pool-74-thread-1] INFO  server.RaftServerConfigKeys (ConfUtils.java:logGet(43)) - raft.server.log.segment.size.max = 1048576 (custom)
2019-10-14 10:16:31,632 [pool-104-thread-1] INFO  server.RaftServerConfigKeys (ConfUtils.java:logGet(43)) - raft.server.log.preallocated.size = 16384 (custom)
2019-10-14 10:16:31,632 [pool-114-thread-1] INFO  server.RaftServerConfigKeys (ConfUtils.java:logGet(43)) - raft.server.log.segment.size.max = 1048576 (custom)
2019-10-14 10:16:31,632 [pool-104-thread-1] INFO  server.RaftServerConfigKeys (ConfUtils.java:logGet(43)) - raft.server.log.write.buffer.size = 33554432 (custom)
2019-10-14 10:16:31,632 [pool-74-thread-1] INFO  server.RaftServerConfigKeys (ConfUtils.java:logGet(43)) - raft.server.log.segment.cache.num.max = 2 (custom)
2019-10-14 10:16:31,633 [pool-104-thread-1] INFO  server.RaftServerConfigKeys (ConfUtils.java:logGet(43)) - raft.server.log.force.sync.num = 128 (default)
2019-10-14 10:16:31,632 [pool-114-thread-1] INFO  server.RaftServerConfigKeys (ConfUtils.java:logGet(43)) - raft.server.log.segment.cache.num.max = 2 (custom)
2019-10-14 10:16:31,633 [pool-104-thread-1] INFO  server.RaftServerConfigKeys (ConfUtils.java:logGet(43)) - raft.server.log.statemachine.data.sync = true (default)
2019-10-14 10:16:31,633 [pool-74-thread-1] INFO  segmented.SegmentedRaftLogWorker (SegmentedRaftLogWorker.java:<init>(172)) - new 4eb4d5a4-3e1a-49a8-b14d-79a7ce4055ad@group-8D18ED4DA9CA-SegmentedRaftLogWorker for RaftStorage:Storage Directory /workdir/hadoop-ozone/ozonefs/target/test-dir/MiniOzoneClusterImpl-85c09e26-9b56-4407-9c77-57370d286ecc/datanode-1/data/ratis/8f5f178f-19cb-4cf8-a5f6-8d18ed4da9ca
2019-10-14 10:16:31,633 [pool-104-thread-1] INFO  server.RaftServerConfigKeys (ConfUtils.java:logGet(43)) - raft.server.log.statemachine.data.sync.timeout = 10s (default)
2019-10-14 10:16:31,634 [pool-104-thread-1] INFO  server.RaftServerConfigKeys (ConfUtils.java:logGet(43)) - raft.server.log.statemachine.data.sync.timeout.retry = -1 (default)
2019-10-14 10:16:31,633 [pool-114-thread-1] INFO  segmented.SegmentedRaftLogWorker (SegmentedRaftLogWorker.java:<init>(172)) - new 42ae3f72-3e55-4c14-b24f-d3b02ec81393@group-8D18ED4DA9CA-SegmentedRaftLogWorker for RaftStorage:Storage Directory /workdir/hadoop-ozone/ozonefs/target/test-dir/MiniOzoneClusterImpl-85c09e26-9b56-4407-9c77-57370d286ecc/datanode-5/data/ratis/8f5f178f-19cb-4cf8-a5f6-8d18ed4da9ca
2019-10-14 10:16:31,634 [pool-104-thread-1] INFO  server.RaftServerConfigKeys (ConfUtils.java:logGet(43)) - raft.server.log.statemachine.data.caching.enabled = true (custom)
2019-10-14 10:16:31,633 [pool-74-thread-1] INFO  server.RaftServerConfigKeys (ConfUtils.java:logGet(43)) - raft.server.log.queue.byte-limit = 2147483647 (custom)
2019-10-14 10:16:31,634 [pool-114-thread-1] INFO  server.RaftServerConfigKeys (ConfUtils.java:logGet(43)) - raft.server.log.queue.byte-limit = 2147483647 (custom)
2019-10-14 10:16:31,634 [pool-74-thread-1] INFO  server.RaftServerConfigKeys (ConfUtils.java:logGet(43)) - raft.server.log.queue.element-limit = 1024 (custom)
2019-10-14 10:16:31,634 [pool-104-thread-1] INFO  segmented.SegmentedRaftLogWorker (SegmentedRaftLogWorker.java:lambda$new$0(132)) - 36f3336e-6b3c-49fc-b34e-8bc963cfdec7@group-8D18ED4DA9CA-SegmentedRaftLogWorker: flushIndex: setUnconditionally 0 -> -1
2019-10-14 10:16:31,635 [pool-74-thread-1] INFO  server.RaftServerConfigKeys (ConfUtils.java:logGet(43)) - raft.server.log.segment.size.max = 1048576 (custom)
2019-10-14 10:16:31,634 [pool-114-thread-1] INFO  server.RaftServerConfigKeys (ConfUtils.java:logGet(43)) - raft.server.log.queue.element-limit = 1024 (custom)
2019-10-14 10:16:31,635 [pool-104-thread-1] INFO  server.RaftServerConfigKeys (ConfUtils.java:logGet(43)) - raft.server.snapshot.auto.trigger.enabled = true (custom)
2019-10-14 10:16:31,635 [pool-74-thread-1] INFO  server.RaftServerConfigKeys (ConfUtils.java:logGet(43)) - raft.server.log.preallocated.size = 16384 (custom)
2019-10-14 10:16:31,635 [pool-104-thread-1] INFO  server.RaftServerConfigKeys (ConfUtils.java:logGet(43)) - raft.server.snapshot.auto.trigger.threshold = 10000 (custom)
2019-10-14 10:16:31,636 [pool-104-thread-1] INFO  server.RaftServerConfigKeys (ConfUtils.java:logGet(43)) - raft.server.snapshot.retention.num.files = 5 (custom)
2019-10-14 10:16:31,635 [pool-114-thread-1] INFO  server.RaftServerConfigKeys (ConfUtils.java:logGet(43)) - raft.server.log.segment.size.max = 1048576 (custom)
2019-10-14 10:16:31,636 [pool-104-thread-1] INFO  server.RaftServerConfigKeys (ConfUtils.java:logGet(43)) - raft.server.retrycache.expirytime = 600000ms (custom)
2019-10-14 10:16:31,635 [pool-74-thread-1] INFO  server.RaftServerConfigKeys (ConfUtils.java:logGet(43)) - raft.server.log.write.buffer.size = 33554432 (custom)
2019-10-14 10:16:31,636 [pool-114-thread-1] INFO  server.RaftServerConfigKeys (ConfUtils.java:logGet(43)) - raft.server.log.preallocated.size = 16384 (custom)
2019-10-14 10:16:31,636 [pool-74-thread-1] INFO  server.RaftServerConfigKeys (ConfUtils.java:logGet(43)) - raft.server.log.force.sync.num = 128 (default)
2019-10-14 10:16:31,637 [pool-114-thread-1] INFO  server.RaftServerConfigKeys (ConfUtils.java:logGet(43)) - raft.server.log.write.buffer.size = 33554432 (custom)
2019-10-14 10:16:31,637 [pool-74-thread-1] INFO  server.RaftServerConfigKeys (ConfUtils.java:logGet(43)) - raft.server.log.statemachine.data.sync = true (default)
2019-10-14 10:16:31,637 [pool-114-thread-1] INFO  server.RaftServerConfigKeys (ConfUtils.java:logGet(43)) - raft.server.log.force.sync.num = 128 (default)
2019-10-14 10:16:31,637 [pool-74-thread-1] INFO  server.RaftServerConfigKeys (ConfUtils.java:logGet(43)) - raft.server.log.statemachine.data.sync.timeout = 10s (default)
2019-10-14 10:16:31,637 [pool-114-thread-1] INFO  server.RaftServerConfigKeys (ConfUtils.java:logGet(43)) - raft.server.log.statemachine.data.sync = true (default)
2019-10-14 10:16:31,637 [pool-74-thread-1] INFO  server.RaftServerConfigKeys (ConfUtils.java:logGet(43)) - raft.server.log.statemachine.data.sync.timeout.retry = -1 (default)
2019-10-14 10:16:31,638 [pool-114-thread-1] INFO  server.RaftServerConfigKeys (ConfUtils.java:logGet(43)) - raft.server.log.statemachine.data.sync.timeout = 10s (default)
2019-10-14 10:16:31,638 [pool-74-thread-1] INFO  server.RaftServerConfigKeys (ConfUtils.java:logGet(43)) - raft.server.log.statemachine.data.caching.enabled = true (custom)
2019-10-14 10:16:31,638 [pool-114-thread-1] INFO  server.RaftServerConfigKeys (ConfUtils.java:logGet(43)) - raft.server.log.statemachine.data.sync.timeout.retry = -1 (default)
2019-10-14 10:16:31,638 [pool-74-thread-1] INFO  segmented.SegmentedRaftLogWorker (SegmentedRaftLogWorker.java:lambda$new$0(132)) - 4eb4d5a4-3e1a-49a8-b14d-79a7ce4055ad@group-8D18ED4DA9CA-SegmentedRaftLogWorker: flushIndex: setUnconditionally 0 -> -1
2019-10-14 10:16:31,638 [pool-114-thread-1] INFO  server.RaftServerConfigKeys (ConfUtils.java:logGet(43)) - raft.server.log.statemachine.data.caching.enabled = true (custom)
2019-10-14 10:16:31,639 [pool-74-thread-1] INFO  server.RaftServerConfigKeys (ConfUtils.java:logGet(43)) - raft.server.snapshot.auto.trigger.enabled = true (custom)
2019-10-14 10:16:31,639 [pool-114-thread-1] INFO  segmented.SegmentedRaftLogWorker (SegmentedRaftLogWorker.java:lambda$new$0(132)) - 42ae3f72-3e55-4c14-b24f-d3b02ec81393@group-8D18ED4DA9CA-SegmentedRaftLogWorker: flushIndex: setUnconditionally 0 -> -1
2019-10-14 10:16:31,639 [pool-74-thread-1] INFO  server.RaftServerConfigKeys (ConfUtils.java:logGet(43)) - raft.server.snapshot.auto.trigger.threshold = 10000 (custom)
2019-10-14 10:16:31,639 [pool-74-thread-1] INFO  server.RaftServerConfigKeys (ConfUtils.java:logGet(43)) - raft.server.snapshot.retention.num.files = 5 (custom)
2019-10-14 10:16:31,639 [pool-114-thread-1] INFO  server.RaftServerConfigKeys (ConfUtils.java:logGet(43)) - raft.server.snapshot.auto.trigger.enabled = true (custom)
2019-10-14 10:16:31,639 [pool-104-thread-1] INFO  impl.RaftServerImpl (RaftServerImpl.java:start(185)) - 36f3336e-6b3c-49fc-b34e-8bc963cfdec7@group-8D18ED4DA9CA: start as a follower, conf=-1: [42ae3f72-3e55-4c14-b24f-d3b02ec81393:192.168.164.214:34660, 4eb4d5a4-3e1a-49a8-b14d-79a7ce4055ad:192.168.164.214:33269, 36f3336e-6b3c-49fc-b34e-8bc963cfdec7:192.168.164.214:33495], old=null
2019-10-14 10:16:31,639 [pool-74-thread-1] INFO  server.RaftServerConfigKeys (ConfUtils.java:logGet(43)) - raft.server.retrycache.expirytime = 600000ms (custom)
2019-10-14 10:16:31,640 [pool-104-thread-1] INFO  impl.RaftServerImpl (RaftServerImpl.java:setRole(174)) - 36f3336e-6b3c-49fc-b34e-8bc963cfdec7@group-8D18ED4DA9CA: changes role from      null to FOLLOWER at term 0 for startAsFollower
2019-10-14 10:16:31,639 [pool-114-thread-1] INFO  server.RaftServerConfigKeys (ConfUtils.java:logGet(43)) - raft.server.snapshot.auto.trigger.threshold = 10000 (custom)
2019-10-14 10:16:31,640 [pool-104-thread-1] INFO  impl.RoleInfo (RoleInfo.java:updateAndGet(143)) - 36f3336e-6b3c-49fc-b34e-8bc963cfdec7: start FollowerState
2019-10-14 10:16:31,640 [pool-114-thread-1] INFO  server.RaftServerConfigKeys (ConfUtils.java:logGet(43)) - raft.server.snapshot.retention.num.files = 5 (custom)
2019-10-14 10:16:31,640 [pool-114-thread-1] INFO  server.RaftServerConfigKeys (ConfUtils.java:logGet(43)) - raft.server.retrycache.expirytime = 600000ms (custom)
2019-10-14 10:16:31,652 [pool-104-thread-1] INFO  util.JmxRegister (JmxRegister.java:tryRegister(44)) - Successfully registered JMX Bean with object name Ratis:service=RaftServer,group=group-8D18ED4DA9CA,id=36f3336e-6b3c-49fc-b34e-8bc963cfdec7
2019-10-14 10:16:31,662 [pool-74-thread-1] INFO  impl.RaftServerImpl (RaftServerImpl.java:start(185)) - 4eb4d5a4-3e1a-49a8-b14d-79a7ce4055ad@group-8D18ED4DA9CA: start as a follower, conf=-1: [42ae3f72-3e55-4c14-b24f-d3b02ec81393:192.168.164.214:34660, 4eb4d5a4-3e1a-49a8-b14d-79a7ce4055ad:192.168.164.214:33269, 36f3336e-6b3c-49fc-b34e-8bc963cfdec7:192.168.164.214:33495], old=null
2019-10-14 10:16:31,663 [pool-74-thread-1] INFO  impl.RaftServerImpl (RaftServerImpl.java:setRole(174)) - 4eb4d5a4-3e1a-49a8-b14d-79a7ce4055ad@group-8D18ED4DA9CA: changes role from      null to FOLLOWER at term 0 for startAsFollower
2019-10-14 10:16:31,663 [pool-74-thread-1] INFO  impl.RoleInfo (RoleInfo.java:updateAndGet(143)) - 4eb4d5a4-3e1a-49a8-b14d-79a7ce4055ad: start FollowerState
2019-10-14 10:16:31,666 [pool-74-thread-1] INFO  util.JmxRegister (JmxRegister.java:tryRegister(44)) - Successfully registered JMX Bean with object name Ratis:service=RaftServer,group=group-8D18ED4DA9CA,id=4eb4d5a4-3e1a-49a8-b14d-79a7ce4055ad
2019-10-14 10:16:31,666 [pool-114-thread-1] INFO  impl.RaftServerImpl (RaftServerImpl.java:start(185)) - 42ae3f72-3e55-4c14-b24f-d3b02ec81393@group-8D18ED4DA9CA: start as a follower, conf=-1: [42ae3f72-3e55-4c14-b24f-d3b02ec81393:192.168.164.214:34660, 4eb4d5a4-3e1a-49a8-b14d-79a7ce4055ad:192.168.164.214:33269, 36f3336e-6b3c-49fc-b34e-8bc963cfdec7:192.168.164.214:33495], old=null
2019-10-14 10:16:31,666 [pool-114-thread-1] INFO  impl.RaftServerImpl (RaftServerImpl.java:setRole(174)) - 42ae3f72-3e55-4c14-b24f-d3b02ec81393@group-8D18ED4DA9CA: changes role from      null to FOLLOWER at term 0 for startAsFollower
2019-10-14 10:16:31,666 [pool-114-thread-1] INFO  impl.RoleInfo (RoleInfo.java:updateAndGet(143)) - 42ae3f72-3e55-4c14-b24f-d3b02ec81393: start FollowerState
2019-10-14 10:16:31,667 [pool-114-thread-1] INFO  util.JmxRegister (JmxRegister.java:tryRegister(44)) - Successfully registered JMX Bean with object name Ratis:service=RaftServer,group=group-8D18ED4DA9CA,id=42ae3f72-3e55-4c14-b24f-d3b02ec81393
2019-10-14 10:16:31,678 [RatisPipelineUtilsThread] INFO  pipeline.PipelineStateManager (PipelineStateManager.java:addPipeline(56)) - Created pipeline Pipeline[ Id: 8f5f178f-19cb-4cf8-a5f6-8d18ed4da9ca, Nodes: 4eb4d5a4-3e1a-49a8-b14d-79a7ce4055ad{ip: 192.168.164.214, host: pr-hdds-1569-vp9xg-4248047660, networkLocation: /default-rack, certSerialId: null}42ae3f72-3e55-4c14-b24f-d3b02ec81393{ip: 192.168.164.214, host: pr-hdds-1569-vp9xg-4248047660, networkLocation: /default-rack, certSerialId: null}36f3336e-6b3c-49fc-b34e-8bc963cfdec7{ip: 192.168.164.214, host: pr-hdds-1569-vp9xg-4248047660, networkLocation: /default-rack, certSerialId: null}, Type:RATIS, Factor:THREE, State:OPEN]
2019-10-14 10:16:31,678 [RatisPipelineUtilsThread] INFO  pipeline.PipelinePlacementPolicy (PipelinePlacementPolicy.java:meetCriteria(104)) - Pipeline Placement: can't place more pipeline on heavy datanode： 12766659-8dbd-45fe-a653-6cb67784c51c Heaviness: 3 limit: 3
2019-10-14 10:16:31,679 [RatisPipelineUtilsThread] INFO  pipeline.PipelinePlacementPolicy (PipelinePlacementPolicy.java:meetCriteria(104)) - Pipeline Placement: can't place more pipeline on heavy datanode： 4ca2631b-862e-40c8-a81a-0c3f018b6063 Heaviness: 3 limit: 3
2019-10-14 10:16:31,679 [RatisPipelineUtilsThread] INFO  pipeline.PipelinePlacementPolicy (PipelinePlacementPolicy.java:meetCriteria(104)) - Pipeline Placement: can't place more pipeline on heavy datanode： 69359b74-77cd-417a-996d-8eb5cbff14f3 Heaviness: 3 limit: 3
2019-10-14 10:16:31,679 [RatisPipelineUtilsThread] INFO  pipeline.PipelinePlacementPolicy (PipelinePlacementPolicy.java:meetCriteria(104)) - Pipeline Placement: can't place more pipeline on heavy datanode： 36f3336e-6b3c-49fc-b34e-8bc963cfdec7 Heaviness: 3 limit: 3
2019-10-14 10:16:31,679 [RatisPipelineUtilsThread] INFO  pipeline.PipelinePlacementPolicy (PipelinePlacementPolicy.java:meetCriteria(104)) - Pipeline Placement: can't place more pipeline on heavy datanode： 4eb4d5a4-3e1a-49a8-b14d-79a7ce4055ad Heaviness: 3 limit: 3
2019-10-14 10:16:31,680 [RatisPipelineUtilsThread] INFO  pipeline.PipelinePlacementPolicy (PipelinePlacementPolicy.java:meetCriteria(104)) - Pipeline Placement: can't place more pipeline on heavy datanode： 42ae3f72-3e55-4c14-b24f-d3b02ec81393 Heaviness: 3 limit: 3
2019-10-14 10:16:31,680 [RatisPipelineUtilsThread] ERROR pipeline.PipelinePlacementPolicy (PipelinePlacementPolicy.java:filterViableNodes(162)) - Unable to find enough nodes that meet the criteria that cannot engage in more than 3 pipelines. Nodes required: 3 Found: 1, healthy nodes count in NodeManager: 7.
2019-10-14 10:16:31,680 [RatisPipelineUtilsThread] ERROR pipeline.SCMPipelineManager (SCMPipelineManager.java:createPipeline(193)) - Pipeline creation failed.
org.apache.hadoop.hdds.scm.exceptions.SCMException: Unable to find enough nodes that meet the criteria that cannot engage in more than 3 pipelines. Nodes required: 3 Found: 1, healthy nodes count in NodeManager: 7.
	at org.apache.hadoop.hdds.scm.pipeline.PipelinePlacementPolicy.filterViableNodes(PipelinePlacementPolicy.java:163)
	at org.apache.hadoop.hdds.scm.pipeline.PipelinePlacementPolicy.chooseDatanodes(PipelinePlacementPolicy.java:186)
	at org.apache.hadoop.hdds.scm.pipeline.RatisPipelineProvider.create(RatisPipelineProvider.java:131)
	at org.apache.hadoop.hdds.scm.pipeline.PipelineFactory.create(PipelineFactory.java:58)
	at org.apache.hadoop.hdds.scm.pipeline.SCMPipelineManager.createPipeline(SCMPipelineManager.java:183)
	at org.apache.hadoop.hdds.scm.pipeline.BackgroundPipelineCreator.createPipelines(BackgroundPipelineCreator.java:100)
	at java.util.concurrent.Executors$RunnableAdapter.call(Executors.java:511)
	at java.util.concurrent.FutureTask.run(FutureTask.java:266)
	at java.util.concurrent.ScheduledThreadPoolExecutor$ScheduledFutureTask.access$201(ScheduledThreadPoolExecutor.java:180)
	at java.util.concurrent.ScheduledThreadPoolExecutor$ScheduledFutureTask.run(ScheduledThreadPoolExecutor.java:293)
	at java.util.concurrent.ThreadPoolExecutor.runWorker(ThreadPoolExecutor.java:1149)
	at java.util.concurrent.ThreadPoolExecutor$Worker.run(ThreadPoolExecutor.java:624)
	at java.lang.Thread.run(Thread.java:748)
2019-10-14 10:16:31,681 [RatisPipelineUtilsThread] INFO  pipeline.PipelinePlacementPolicy (PipelinePlacementPolicy.java:meetCriteria(104)) - Pipeline Placement: can't place more pipeline on heavy datanode： 12766659-8dbd-45fe-a653-6cb67784c51c Heaviness: 3 limit: 3
2019-10-14 10:16:31,681 [RatisPipelineUtilsThread] INFO  pipeline.PipelinePlacementPolicy (PipelinePlacementPolicy.java:meetCriteria(104)) - Pipeline Placement: can't place more pipeline on heavy datanode： 4ca2631b-862e-40c8-a81a-0c3f018b6063 Heaviness: 3 limit: 3
2019-10-14 10:16:31,682 [RatisPipelineUtilsThread] INFO  pipeline.PipelinePlacementPolicy (PipelinePlacementPolicy.java:meetCriteria(104)) - Pipeline Placement: can't place more pipeline on heavy datanode： 69359b74-77cd-417a-996d-8eb5cbff14f3 Heaviness: 3 limit: 3
2019-10-14 10:16:31,682 [RatisPipelineUtilsThread] INFO  pipeline.PipelinePlacementPolicy (PipelinePlacementPolicy.java:meetCriteria(104)) - Pipeline Placement: can't place more pipeline on heavy datanode： 36f3336e-6b3c-49fc-b34e-8bc963cfdec7 Heaviness: 3 limit: 3
2019-10-14 10:16:31,682 [RatisPipelineUtilsThread] INFO  pipeline.PipelinePlacementPolicy (PipelinePlacementPolicy.java:meetCriteria(104)) - Pipeline Placement: can't place more pipeline on heavy datanode： 4eb4d5a4-3e1a-49a8-b14d-79a7ce4055ad Heaviness: 3 limit: 3
2019-10-14 10:16:31,682 [RatisPipelineUtilsThread] INFO  pipeline.PipelinePlacementPolicy (PipelinePlacementPolicy.java:meetCriteria(104)) - Pipeline Placement: can't place more pipeline on heavy datanode： 42ae3f72-3e55-4c14-b24f-d3b02ec81393 Heaviness: 3 limit: 3
2019-10-14 10:16:31,683 [RatisPipelineUtilsThread] ERROR pipeline.PipelinePlacementPolicy (PipelinePlacementPolicy.java:filterViableNodes(162)) - Unable to find enough nodes that meet the criteria that cannot engage in more than 3 pipelines. Nodes required: 3 Found: 1, healthy nodes count in NodeManager: 7.
2019-10-14 10:16:31,683 [RatisPipelineUtilsThread] ERROR pipeline.SCMPipelineManager (SCMPipelineManager.java:createPipeline(193)) - Pipeline creation failed.
org.apache.hadoop.hdds.scm.exceptions.SCMException: Unable to find enough nodes that meet the criteria that cannot engage in more than 3 pipelines. Nodes required: 3 Found: 1, healthy nodes count in NodeManager: 7.
	at org.apache.hadoop.hdds.scm.pipeline.PipelinePlacementPolicy.filterViableNodes(PipelinePlacementPolicy.java:163)
	at org.apache.hadoop.hdds.scm.pipeline.PipelinePlacementPolicy.chooseDatanodes(PipelinePlacementPolicy.java:186)
	at org.apache.hadoop.hdds.scm.pipeline.RatisPipelineProvider.create(RatisPipelineProvider.java:131)
	at org.apache.hadoop.hdds.scm.pipeline.PipelineFactory.create(PipelineFactory.java:58)
	at org.apache.hadoop.hdds.scm.pipeline.SCMPipelineManager.createPipeline(SCMPipelineManager.java:183)
	at org.apache.hadoop.hdds.scm.pipeline.BackgroundPipelineCreator.createPipelines(BackgroundPipelineCreator.java:100)
	at org.apache.hadoop.hdds.scm.pipeline.BackgroundPipelineCreator.lambda$startFixedIntervalPipelineCreator$0(BackgroundPipelineCreator.java:70)
	at java.util.concurrent.Executors$RunnableAdapter.call(Executors.java:511)
	at java.util.concurrent.FutureTask.runAndReset(FutureTask.java:308)
	at java.util.concurrent.ScheduledThreadPoolExecutor$ScheduledFutureTask.access$301(ScheduledThreadPoolExecutor.java:180)
	at java.util.concurrent.ScheduledThreadPoolExecutor$ScheduledFutureTask.run(ScheduledThreadPoolExecutor.java:294)
	at java.util.concurrent.ThreadPoolExecutor.runWorker(ThreadPoolExecutor.java:1149)
	at java.util.concurrent.ThreadPoolExecutor$Worker.run(ThreadPoolExecutor.java:624)
	at java.lang.Thread.run(Thread.java:748)
2019-10-14 10:16:32,575 [main] INFO  rpc.RpcClient (RpcClient.java:createVolume(276)) - Creating Volume: volume68455, with jenkins1000 as owner.
2019-10-14 10:16:32,710 [OM StateMachine ApplyTransaction Thread - 0] INFO  volume.OMVolumeCreateRequest (OMVolumeCreateRequest.java:validateAndUpdateCache(189)) - created volume:volume68455 for user:jenkins1000
2019-10-14 10:16:32,710 [OM StateMachine ApplyTransaction Thread - 0] INFO  volume.OMVolumeCreateRequest (OMVolumeCreateRequest.java:validateAndUpdateCache(189)) - created volume:volume68455 for user:jenkins1000
2019-10-14 10:16:32,710 [OM StateMachine ApplyTransaction Thread - 0] INFO  volume.OMVolumeCreateRequest (OMVolumeCreateRequest.java:validateAndUpdateCache(189)) - created volume:volume68455 for user:jenkins1000
2019-10-14 10:16:32,749 [main] INFO  rpc.RpcClient (RpcClient.java:createBucket(415)) - Creating Bucket: volume68455/bucket63802, with Versioning false and Storage Type set to DISK and Encryption set to false 
2019-10-14 10:16:32,970 [main] INFO  ozone.TestOzoneFsHAURLs (TestOzoneFsHAURLs.java:getLeaderOMNodeAddr(172)) - Found leader OM: nodeId=omNode-1, ozone.om.address.om-service-test1.omNode-1=127.0.0.1:13840
2019-10-14 10:16:32,981 [Thread-347] INFO  container.ReplicationManager (ReplicationManager.java:start(163)) - Starting Replication Monitor Thread.
2019-10-14 10:16:32,983 [ReplicationMonitor] INFO  container.ReplicationManager (ReplicationManager.java:run(226)) - Replication Monitor Thread took 0 milliseconds for processing 0 containers.
Found 2 items
drwxrwxrwx   - jenkins1000 jenkins1000          0 2019-10-14 10:16 /dir1
drwxrwxrwx   - jenkins1000 jenkins1000          0 2019-10-14 10:16 /dir2
Found 2 items
drwxrwxrwx   - jenkins1000 jenkins1000          0 2019-10-14 10:16 o3fs:///dir1
drwxrwxrwx   - jenkins1000 jenkins1000          0 2019-10-14 10:16 o3fs:///dir2
Found 2 items
drwxrwxrwx   - jenkins1000 jenkins1000          0 2019-10-14 10:16 o3fs://bucket63802.volume68455.127.0.0.1/dir1
drwxrwxrwx   - jenkins1000 jenkins1000          0 2019-10-14 10:16 o3fs://bucket63802.volume68455.127.0.0.1/dir2
Found 2 items
drwxrwxrwx   - jenkins1000 jenkins1000          0 2019-10-14 10:16 o3fs://bucket63802.volume68455.127.0.0.1:13840/dir1
drwxrwxrwx   - jenkins1000 jenkins1000          0 2019-10-14 10:16 o3fs://bucket63802.volume68455.127.0.0.1:13840/dir2
Found 2 items
drwxrwxrwx   - jenkins1000 jenkins1000          0 2019-10-14 10:16 o3fs://bucket63802.volume68455.om-service-test1/dir1
drwxrwxrwx   - jenkins1000 jenkins1000          0 2019-10-14 10:16 o3fs://bucket63802.volume68455.om-service-test1/dir2
2019-10-14 10:16:33,134 [main] INFO  ozone.MiniOzoneClusterImpl (MiniOzoneClusterImpl.java:shutdown(314)) - Shutting down the Mini Ozone Cluster
2019-10-14 10:16:33,135 [main] INFO  ozone.MiniOzoneHAClusterImpl (MiniOzoneHAClusterImpl.java:stop(147)) - Stopping the OzoneManager omNode-3
2019-10-14 10:16:33,135 [main] INFO  ipc.Server (Server.java:stop(3082)) - Stopping server on 13852
2019-10-14 10:16:33,144 [IPC Server listener on 13852] INFO  ipc.Server (Server.java:run(1185)) - Stopping IPC Server listener on 13852
2019-10-14 10:16:33,147 [IPC Server Responder] INFO  ipc.Server (Server.java:run(1319)) - Stopping IPC Server Responder
2019-10-14 10:16:33,158 [main] INFO  impl.RaftServerProxy (RaftServerProxy.java:lambda$close$4(314)) - omNode-3: close
2019-10-14 10:16:33,171 [main] INFO  impl.RaftServerImpl (RaftServerImpl.java:lambda$shutdown$3(251)) - omNode-3@group-523986131536: shutdown
2019-10-14 10:16:33,171 [main] INFO  util.JmxRegister (JmxRegister.java:unregister(73)) - Successfully un-registered JMX Bean with object name Ratis:service=RaftServer,group=group-523986131536,id=omNode-3
2019-10-14 10:16:33,172 [main] INFO  impl.RoleInfo (RoleInfo.java:shutdownFollowerState(121)) - omNode-3: shutdown FollowerState
2019-10-14 10:16:33,172 [main] INFO  impl.StateMachineUpdater (StateMachineUpdater.java:stopAndJoin(125)) - omNode-3@group-523986131536-StateMachineUpdater: set stopIndex = 7
2019-10-14 10:16:33,172 [omNode-3@group-523986131536-StateMachineUpdater] INFO  ratis.OzoneManagerStateMachine (OzoneManagerStateMachine.java:takeSnapshot(254)) - Saving Ratis snapshot on the OM.
2019-10-14 10:16:33,172 [Thread-182] INFO  impl.FollowerState (FollowerState.java:run(115)) - omNode-3: FollowerState was interrupted: java.lang.InterruptedException: sleep interrupted
2019-10-14 10:16:33,178 [omNode-3@group-523986131536-StateMachineUpdater] INFO  ratis.OMRatisSnapshotInfo (OMRatisSnapshotInfo.java:saveRatisSnapshotToDisk(107)) - Saved Ratis Snapshot on the OM with snapshotIndex 7
2019-10-14 10:16:33,179 [omNode-3@group-523986131536-StateMachineUpdater] INFO  impl.StateMachineUpdater (StateMachineUpdater.java:takeSnapshot(258)) - omNode-3@group-523986131536-StateMachineUpdater: Took a snapshot at index 7
2019-10-14 10:16:33,180 [omNode-3@group-523986131536-StateMachineUpdater] INFO  impl.StateMachineUpdater (StateMachineUpdater.java:lambda$new$0(83)) - omNode-3@group-523986131536-StateMachineUpdater: snapshotIndex: updateIncreasingly -1 -> 7
2019-10-14 10:16:33,184 [main] INFO  impl.RaftServerImpl (ServerState.java:close(385)) - omNode-3@group-523986131536: closes. applyIndex: 7
2019-10-14 10:16:33,186 [omNode-3@group-523986131536-SegmentedRaftLogWorker] INFO  segmented.SegmentedRaftLogWorker (SegmentedRaftLogWorker.java:run(313)) - omNode-3@group-523986131536-SegmentedRaftLogWorker was interrupted, exiting. There are 0 tasks remaining in the queue.
2019-10-14 10:16:33,188 [main] INFO  segmented.SegmentedRaftLogWorker (SegmentedRaftLogWorker.java:close(228)) - omNode-3@group-523986131536-SegmentedRaftLogWorker close()
2019-10-14 10:16:33,192 [main] INFO  server.GrpcService (GrpcService.java:closeImpl(164)) - omNode-3: shutdown server with port 13856 now
2019-10-14 10:16:33,200 [main] INFO  server.GrpcService (GrpcService.java:closeImpl(172)) - omNode-3: shutdown server with port 13856 successfully
2019-10-14 10:16:33,200 [grpc-default-executor-0] WARN  server.GrpcServerProtocolService (LogUtils.java:warn(134)) - omNode-3: installSnapshot onError, lastRequest: omNode-1->omNode-3#24-t1, previous=(t:1, i:7), leaderCommit=7, initializing? false, entries: size=1, first=(t:1, i:8), METADATAENTRY(c7): org.apache.ratis.thirdparty.io.grpc.StatusRuntimeException: CANCELLED: cancelled before receiving half close
2019-10-14 10:16:33,200 [main] INFO  ratis.OzoneManagerDoubleBuffer (OzoneManagerDoubleBuffer.java:stop(248)) - Stopping OMDoubleBuffer flush thread
2019-10-14 10:16:33,202 [grpc-default-executor-3] WARN  server.GrpcLogAppender (LogUtils.java:warn(134)) - omNode-1@group-523986131536->omNode-3-AppendLogResponseHandler: Failed appendEntries: org.apache.ratis.thirdparty.io.grpc.StatusRuntimeException: CANCELLED: HTTP/2 error code: CANCEL
Received Rst Stream
2019-10-14 10:16:33,202 [OMDoubleBufferFlushThread] INFO  ratis.OzoneManagerDoubleBuffer (OzoneManagerDoubleBuffer.java:flushTransactions(191)) - OMDoubleBuffer flush thread OMDoubleBufferFlushThread is interrupted and will exit. OMDoubleBufferFlushThread
2019-10-14 10:16:33,206 [grpc-default-executor-3] INFO  impl.FollowerInfo (FollowerInfo.java:lambda$new$0(51)) - omNode-1@group-523986131536->omNode-3: nextIndex: updateUnconditionally 9 -> 8
2019-10-14 10:16:33,208 [main] INFO  utils.BackgroundService (BackgroundService.java:shutdown(148)) - Shutting down service KeyDeletingService
2019-10-14 10:16:33,211 [main] INFO  handler.ContextHandler (ContextHandler.java:doStop(910)) - Stopped o.e.j.w.WebAppContext@1e0895f5{/,null,UNAVAILABLE}{/ozoneManager}
2019-10-14 10:16:33,214 [main] INFO  server.AbstractConnector (AbstractConnector.java:doStop(318)) - Stopped ServerConnector@1ac4ccad{HTTP/1.1,[http/1.1]}{0.0.0.0:13854}
2019-10-14 10:16:33,215 [main] INFO  handler.ContextHandler (ContextHandler.java:doStop(910)) - Stopped o.e.j.s.ServletContextHandler@65a48602{/static,jar:file:/home/user/.m2/repository/org/apache/hadoop/hadoop-ozone-ozone-manager/0.5.0-SNAPSHOT/hadoop-ozone-ozone-manager-0.5.0-SNAPSHOT.jar!/webapps/static,UNAVAILABLE}
2019-10-14 10:16:33,215 [main] INFO  handler.ContextHandler (ContextHandler.java:doStop(910)) - Stopped o.e.j.s.ServletContextHandler@1f0b3cfe{/logs,file:///workdir/hadoop-ozone/ozonefs/target/log,UNAVAILABLE}
2019-10-14 10:16:33,229 [main] INFO  ozone.MiniOzoneHAClusterImpl (MiniOzoneHAClusterImpl.java:stop(147)) - Stopping the OzoneManager omNode-1
2019-10-14 10:16:33,229 [main] INFO  ipc.Server (Server.java:stop(3082)) - Stopping server on 13840
2019-10-14 10:16:33,234 [IPC Server listener on 13840] INFO  ipc.Server (Server.java:run(1185)) - Stopping IPC Server listener on 13840
2019-10-14 10:16:33,234 [IPC Server Responder] INFO  ipc.Server (Server.java:run(1319)) - Stopping IPC Server Responder
2019-10-14 10:16:33,236 [main] INFO  impl.RaftServerProxy (RaftServerProxy.java:lambda$close$4(314)) - omNode-1: close
2019-10-14 10:16:33,237 [main] INFO  impl.RaftServerImpl (RaftServerImpl.java:lambda$shutdown$3(251)) - omNode-1@group-523986131536: shutdown
2019-10-14 10:16:33,237 [main] INFO  util.JmxRegister (JmxRegister.java:unregister(73)) - Successfully un-registered JMX Bean with object name Ratis:service=RaftServer,group=group-523986131536,id=omNode-1
2019-10-14 10:16:33,237 [main] INFO  impl.RoleInfo (RoleInfo.java:shutdownLeaderState(104)) - omNode-1: shutdown LeaderState
2019-10-14 10:16:33,241 [org.apache.ratis.server.impl.LogAppender$AppenderDaemon$$Lambda$230/1214125698@4c26f71d] WARN  server.GrpcLogAppender (GrpcLogAppender.java:mayWait(143)) - omNode-1@group-523986131536->omNode-3-GrpcLogAppender: Wait interrupted by java.lang.InterruptedException
2019-10-14 10:16:33,241 [org.apache.ratis.server.impl.LogAppender$AppenderDaemon$$Lambda$230/1214125698@26706bf7] WARN  server.GrpcLogAppender (GrpcLogAppender.java:mayWait(143)) - omNode-1@group-523986131536->omNode-2-GrpcLogAppender: Wait interrupted by java.lang.InterruptedException
2019-10-14 10:16:33,241 [main] INFO  impl.PendingRequests (PendingRequests.java:sendNotLeaderResponses(202)) - omNode-1-PendingRequests: sendNotLeaderResponses
2019-10-14 10:16:33,243 [grpc-default-executor-0] INFO  server.GrpcServerProtocolService (GrpcServerProtocolService.java:onCompleted(113)) - omNode-2: Completed APPEND_ENTRIES, lastRequest: omNode-1->omNode-2#23-t1, previous=(t:1, i:7), leaderCommit=7, initializing? false, entries: size=1, first=(t:1, i:8), METADATAENTRY(c7)
2019-10-14 10:16:33,247 [main] INFO  impl.StateMachineUpdater (StateMachineUpdater.java:stopAndJoin(125)) - omNode-1@group-523986131536-StateMachineUpdater: set stopIndex = 8
2019-10-14 10:16:33,247 [omNode-1@group-523986131536-StateMachineUpdater] INFO  ratis.OzoneManagerStateMachine (OzoneManagerStateMachine.java:takeSnapshot(254)) - Saving Ratis snapshot on the OM.
2019-10-14 10:16:33,248 [grpc-default-executor-0] INFO  server.GrpcLogAppender (GrpcLogAppender.java:onCompleted(293)) - omNode-1@group-523986131536->omNode-2-AppendLogResponseHandler: follower responses appendEntries COMPLETED
2019-10-14 10:16:33,254 [grpc-default-executor-0] INFO  impl.FollowerInfo (FollowerInfo.java:lambda$new$0(51)) - omNode-1@group-523986131536->omNode-2: nextIndex: updateUnconditionally 9 -> 8
2019-10-14 10:16:33,254 [omNode-1@group-523986131536-StateMachineUpdater] INFO  ratis.OMRatisSnapshotInfo (OMRatisSnapshotInfo.java:saveRatisSnapshotToDisk(107)) - Saved Ratis Snapshot on the OM with snapshotIndex 7
2019-10-14 10:16:33,256 [omNode-1@group-523986131536-StateMachineUpdater] INFO  impl.StateMachineUpdater (StateMachineUpdater.java:takeSnapshot(258)) - omNode-1@group-523986131536-StateMachineUpdater: Took a snapshot at index 7
2019-10-14 10:16:33,256 [omNode-1@group-523986131536-StateMachineUpdater] INFO  impl.StateMachineUpdater (StateMachineUpdater.java:lambda$new$0(83)) - omNode-1@group-523986131536-StateMachineUpdater: snapshotIndex: updateIncreasingly -1 -> 7
2019-10-14 10:16:33,256 [omNode-1@group-523986131536-StateMachineUpdater] INFO  ratis.OzoneManagerStateMachine (OzoneManagerStateMachine.java:takeSnapshot(254)) - Saving Ratis snapshot on the OM.
2019-10-14 10:16:33,257 [omNode-1@group-523986131536-StateMachineUpdater] INFO  ratis.OMRatisSnapshotInfo (OMRatisSnapshotInfo.java:saveRatisSnapshotToDisk(107)) - Saved Ratis Snapshot on the OM with snapshotIndex 7
2019-10-14 10:16:33,257 [omNode-1@group-523986131536-StateMachineUpdater] INFO  impl.StateMachineUpdater (StateMachineUpdater.java:takeSnapshot(258)) - omNode-1@group-523986131536-StateMachineUpdater: Took a snapshot at index 7
2019-10-14 10:16:33,257 [omNode-1@group-523986131536-StateMachineUpdater] INFO  impl.StateMachineUpdater (StateMachineUpdater.java:lambda$new$0(83)) - omNode-1@group-523986131536-StateMachineUpdater: snapshotIndex: updateIncreasingly 7 -> 7
2019-10-14 10:16:33,257 [main] INFO  impl.RaftServerImpl (ServerState.java:close(385)) - omNode-1@group-523986131536: closes. applyIndex: 8
2019-10-14 10:16:33,258 [omNode-1@group-523986131536-SegmentedRaftLogWorker] INFO  segmented.SegmentedRaftLogWorker (SegmentedRaftLogWorker.java:run(313)) - omNode-1@group-523986131536-SegmentedRaftLogWorker was interrupted, exiting. There are 0 tasks remaining in the queue.
2019-10-14 10:16:33,259 [main] INFO  segmented.SegmentedRaftLogWorker (SegmentedRaftLogWorker.java:close(228)) - omNode-1@group-523986131536-SegmentedRaftLogWorker close()
2019-10-14 10:16:33,262 [main] INFO  server.GrpcService (GrpcService.java:closeImpl(164)) - omNode-1: shutdown server with port 13844 now
2019-10-14 10:16:33,262 [main] INFO  server.GrpcService (GrpcService.java:closeImpl(172)) - omNode-1: shutdown server with port 13844 successfully
2019-10-14 10:16:33,263 [main] INFO  ratis.OzoneManagerDoubleBuffer (OzoneManagerDoubleBuffer.java:stop(248)) - Stopping OMDoubleBuffer flush thread
2019-10-14 10:16:33,263 [OMDoubleBufferFlushThread] INFO  ratis.OzoneManagerDoubleBuffer (OzoneManagerDoubleBuffer.java:flushTransactions(191)) - OMDoubleBuffer flush thread OMDoubleBufferFlushThread is interrupted and will exit. OMDoubleBufferFlushThread
2019-10-14 10:16:33,263 [main] INFO  utils.BackgroundService (BackgroundService.java:shutdown(148)) - Shutting down service KeyDeletingService
2019-10-14 10:16:33,265 [main] INFO  handler.ContextHandler (ContextHandler.java:doStop(910)) - Stopped o.e.j.w.WebAppContext@10dc7d6{/,null,UNAVAILABLE}{/ozoneManager}
2019-10-14 10:16:33,265 [main] INFO  server.AbstractConnector (AbstractConnector.java:doStop(318)) - Stopped ServerConnector@4f668f29{HTTP/1.1,[http/1.1]}{0.0.0.0:13842}
2019-10-14 10:16:33,266 [main] INFO  handler.ContextHandler (ContextHandler.java:doStop(910)) - Stopped o.e.j.s.ServletContextHandler@e042c99{/static,jar:file:/home/user/.m2/repository/org/apache/hadoop/hadoop-ozone-ozone-manager/0.5.0-SNAPSHOT/hadoop-ozone-ozone-manager-0.5.0-SNAPSHOT.jar!/webapps/static,UNAVAILABLE}
2019-10-14 10:16:33,266 [main] INFO  handler.ContextHandler (ContextHandler.java:doStop(910)) - Stopped o.e.j.s.ServletContextHandler@6b52dd31{/logs,file:///workdir/hadoop-ozone/ozonefs/target/log,UNAVAILABLE}
2019-10-14 10:16:33,279 [main] INFO  ozone.MiniOzoneHAClusterImpl (MiniOzoneHAClusterImpl.java:stop(147)) - Stopping the OzoneManager omNode-2
2019-10-14 10:16:33,279 [main] INFO  ipc.Server (Server.java:stop(3082)) - Stopping server on 13846
2019-10-14 10:16:33,282 [IPC Server listener on 13846] INFO  ipc.Server (Server.java:run(1185)) - Stopping IPC Server listener on 13846
2019-10-14 10:16:33,282 [IPC Server Responder] INFO  ipc.Server (Server.java:run(1319)) - Stopping IPC Server Responder
2019-10-14 10:16:33,282 [main] INFO  impl.RaftServerProxy (RaftServerProxy.java:lambda$close$4(314)) - omNode-2: close
2019-10-14 10:16:33,282 [main] INFO  impl.RaftServerImpl (RaftServerImpl.java:lambda$shutdown$3(251)) - omNode-2@group-523986131536: shutdown
2019-10-14 10:16:33,282 [main] INFO  util.JmxRegister (JmxRegister.java:unregister(73)) - Successfully un-registered JMX Bean with object name Ratis:service=RaftServer,group=group-523986131536,id=omNode-2
2019-10-14 10:16:33,284 [main] INFO  impl.RoleInfo (RoleInfo.java:shutdownFollowerState(121)) - omNode-2: shutdown FollowerState
2019-10-14 10:16:33,284 [main] INFO  impl.StateMachineUpdater (StateMachineUpdater.java:stopAndJoin(125)) - omNode-2@group-523986131536-StateMachineUpdater: set stopIndex = 7
2019-10-14 10:16:33,285 [Thread-166] INFO  impl.FollowerState (FollowerState.java:run(115)) - omNode-2: FollowerState was interrupted: java.lang.InterruptedException: sleep interrupted
2019-10-14 10:16:33,285 [omNode-2@group-523986131536-StateMachineUpdater] INFO  ratis.OzoneManagerStateMachine (OzoneManagerStateMachine.java:takeSnapshot(254)) - Saving Ratis snapshot on the OM.
2019-10-14 10:16:33,287 [omNode-2@group-523986131536-StateMachineUpdater] INFO  ratis.OMRatisSnapshotInfo (OMRatisSnapshotInfo.java:saveRatisSnapshotToDisk(107)) - Saved Ratis Snapshot on the OM with snapshotIndex 7
2019-10-14 10:16:33,287 [omNode-2@group-523986131536-StateMachineUpdater] INFO  impl.StateMachineUpdater (StateMachineUpdater.java:takeSnapshot(258)) - omNode-2@group-523986131536-StateMachineUpdater: Took a snapshot at index 7
2019-10-14 10:16:33,287 [omNode-2@group-523986131536-StateMachineUpdater] INFO  impl.StateMachineUpdater (StateMachineUpdater.java:lambda$new$0(83)) - omNode-2@group-523986131536-StateMachineUpdater: snapshotIndex: updateIncreasingly -1 -> 7
2019-10-14 10:16:33,288 [main] INFO  impl.RaftServerImpl (ServerState.java:close(385)) - omNode-2@group-523986131536: closes. applyIndex: 7
2019-10-14 10:16:33,288 [omNode-2@group-523986131536-SegmentedRaftLogWorker] INFO  segmented.SegmentedRaftLogWorker (SegmentedRaftLogWorker.java:run(313)) - omNode-2@group-523986131536-SegmentedRaftLogWorker was interrupted, exiting. There are 0 tasks remaining in the queue.
2019-10-14 10:16:33,290 [main] INFO  segmented.SegmentedRaftLogWorker (SegmentedRaftLogWorker.java:close(228)) - omNode-2@group-523986131536-SegmentedRaftLogWorker close()
2019-10-14 10:16:33,292 [main] INFO  server.GrpcService (GrpcService.java:closeImpl(164)) - omNode-2: shutdown server with port 13850 now
2019-10-14 10:16:33,294 [main] INFO  server.GrpcService (GrpcService.java:closeImpl(172)) - omNode-2: shutdown server with port 13850 successfully
2019-10-14 10:16:33,294 [main] INFO  ratis.OzoneManagerDoubleBuffer (OzoneManagerDoubleBuffer.java:stop(248)) - Stopping OMDoubleBuffer flush thread
2019-10-14 10:16:33,294 [OMDoubleBufferFlushThread] INFO  ratis.OzoneManagerDoubleBuffer (OzoneManagerDoubleBuffer.java:flushTransactions(191)) - OMDoubleBuffer flush thread OMDoubleBufferFlushThread is interrupted and will exit. OMDoubleBufferFlushThread
2019-10-14 10:16:33,294 [main] INFO  utils.BackgroundService (BackgroundService.java:shutdown(148)) - Shutting down service KeyDeletingService
2019-10-14 10:16:33,295 [main] INFO  handler.ContextHandler (ContextHandler.java:doStop(910)) - Stopped o.e.j.w.WebAppContext@31a3f4de{/,null,UNAVAILABLE}{/ozoneManager}
2019-10-14 10:16:33,296 [main] INFO  server.AbstractConnector (AbstractConnector.java:doStop(318)) - Stopped ServerConnector@68880c21{HTTP/1.1,[http/1.1]}{0.0.0.0:13848}
2019-10-14 10:16:33,296 [main] INFO  handler.ContextHandler (ContextHandler.java:doStop(910)) - Stopped o.e.j.s.ServletContextHandler@704641e3{/static,jar:file:/home/user/.m2/repository/org/apache/hadoop/hadoop-ozone-ozone-manager/0.5.0-SNAPSHOT/hadoop-ozone-ozone-manager-0.5.0-SNAPSHOT.jar!/webapps/static,UNAVAILABLE}
2019-10-14 10:16:33,296 [main] INFO  handler.ContextHandler (ContextHandler.java:doStop(910)) - Stopped o.e.j.s.ServletContextHandler@6850b758{/logs,file:///workdir/hadoop-ozone/ozonefs/target/log,UNAVAILABLE}
2019-10-14 10:16:33,309 [main] INFO  ozone.MiniOzoneClusterImpl (MiniOzoneClusterImpl.java:stop(330)) - Stopping the Mini Ozone Cluster
2019-10-14 10:16:33,309 [main] INFO  ozone.MiniOzoneClusterImpl (MiniOzoneClusterImpl.java:stopDatanodes(377)) - Stopping the HddsDatanodes
2019-10-14 10:16:33,330 [Datanode State Machine Thread - 0] INFO  statemachine.DatanodeStateMachine (DatanodeStateMachine.java:lambda$startDaemon$0(350)) - Ozone container server started.
2019-10-14 10:16:33,344 [Datanode State Machine Thread - 0] INFO  statemachine.DatanodeStateMachine (DatanodeStateMachine.java:lambda$startDaemon$0(350)) - Ozone container server started.
2019-10-14 10:16:35,215 [Thread-349] INFO  impl.FollowerState (FollowerState.java:run(106)) - 4ca2631b-862e-40c8-a81a-0c3f018b6063:group-05D6C831F223 changes to CANDIDATE, lastRpcTime:5063, electionTimeout:5063ms
2019-10-14 10:16:35,215 [Thread-349] INFO  impl.RoleInfo (RoleInfo.java:shutdownFollowerState(121)) - 4ca2631b-862e-40c8-a81a-0c3f018b6063: shutdown FollowerState
2019-10-14 10:16:35,215 [Thread-349] INFO  impl.RaftServerImpl (RaftServerImpl.java:setRole(174)) - 4ca2631b-862e-40c8-a81a-0c3f018b6063@group-05D6C831F223: changes role from  FOLLOWER to CANDIDATE at term 0 for changeToCandidate
2019-10-14 10:16:35,216 [Thread-349] INFO  impl.RoleInfo (RoleInfo.java:updateAndGet(143)) - 4ca2631b-862e-40c8-a81a-0c3f018b6063: start LeaderElection
2019-10-14 10:16:35,247 [4ca2631b-862e-40c8-a81a-0c3f018b6063@group-05D6C831F223:LeaderElection2] INFO  impl.LeaderElection (LeaderElection.java:askForVotes(182)) - 4ca2631b-862e-40c8-a81a-0c3f018b6063@group-05D6C831F223:LeaderElection2: begin an election at term 1 for -1: [4ca2631b-862e-40c8-a81a-0c3f018b6063:192.168.164.214:33839], old=null
2019-10-14 10:16:35,247 [4ca2631b-862e-40c8-a81a-0c3f018b6063@group-05D6C831F223:LeaderElection2] INFO  impl.RoleInfo (RoleInfo.java:shutdownLeaderElection(134)) - 4ca2631b-862e-40c8-a81a-0c3f018b6063: shutdown LeaderElection
2019-10-14 10:16:35,247 [4ca2631b-862e-40c8-a81a-0c3f018b6063@group-05D6C831F223:LeaderElection2] INFO  impl.RaftServerImpl (RaftServerImpl.java:setRole(174)) - 4ca2631b-862e-40c8-a81a-0c3f018b6063@group-05D6C831F223: changes role from CANDIDATE to LEADER at term 1 for changeToLeader
2019-10-14 10:16:35,247 [4ca2631b-862e-40c8-a81a-0c3f018b6063@group-05D6C831F223:LeaderElection2] INFO  impl.RaftServerImpl (ServerState.java:setLeader(253)) - 4ca2631b-862e-40c8-a81a-0c3f018b6063@group-05D6C831F223: change Leader from null to 4ca2631b-862e-40c8-a81a-0c3f018b6063 at term 1 for becomeLeader, leader elected after 5107ms
2019-10-14 10:16:35,250 [4ca2631b-862e-40c8-a81a-0c3f018b6063@group-05D6C831F223:LeaderElection2] INFO  server.RaftServerConfigKeys (ConfUtils.java:logGet(43)) - raft.server.staging.catchup.gap = 1000 (default)
2019-10-14 10:16:35,250 [4ca2631b-862e-40c8-a81a-0c3f018b6063@group-05D6C831F223:LeaderElection2] INFO  server.RaftServerConfigKeys (ConfUtils.java:logGet(43)) - raft.server.rpc.sleep.time = 25ms (default)
2019-10-14 10:16:35,250 [4ca2631b-862e-40c8-a81a-0c3f018b6063@group-05D6C831F223:LeaderElection2] INFO  server.RaftServerConfigKeys (ConfUtils.java:logGet(43)) - raft.server.write.element-limit = 4096 (default)
2019-10-14 10:16:35,250 [4ca2631b-862e-40c8-a81a-0c3f018b6063@group-05D6C831F223:LeaderElection2] INFO  server.RaftServerConfigKeys (ConfUtils.java:logGet(43)) - raft.server.watch.timeout = 10s (default)
2019-10-14 10:16:35,250 [4ca2631b-862e-40c8-a81a-0c3f018b6063@group-05D6C831F223:LeaderElection2] INFO  server.RaftServerConfigKeys (ConfUtils.java:logGet(43)) - raft.server.watch.timeout.denomination = 1s (default)
2019-10-14 10:16:35,250 [4ca2631b-862e-40c8-a81a-0c3f018b6063@group-05D6C831F223:LeaderElection2] INFO  server.RaftServerConfigKeys (ConfUtils.java:logGet(43)) - raft.server.watch.element-limit = 65536 (default)
2019-10-14 10:16:35,253 [4ca2631b-862e-40c8-a81a-0c3f018b6063@group-05D6C831F223:LeaderElection2] INFO  impl.RoleInfo (RoleInfo.java:updateAndGet(143)) - 4ca2631b-862e-40c8-a81a-0c3f018b6063: start LeaderState
2019-10-14 10:16:35,254 [4ca2631b-862e-40c8-a81a-0c3f018b6063@group-05D6C831F223:LeaderElection2] INFO  segmented.SegmentedRaftLogWorker (SegmentedRaftLogWorker.java:startLogSegment(380)) - 4ca2631b-862e-40c8-a81a-0c3f018b6063@group-05D6C831F223-SegmentedRaftLogWorker: Starting segment from index:0
2019-10-14 10:16:35,254 [4ca2631b-862e-40c8-a81a-0c3f018b6063@group-05D6C831F223:LeaderElection2] INFO  impl.RaftServerImpl (ServerState.java:setRaftConf(354)) - 4ca2631b-862e-40c8-a81a-0c3f018b6063@group-05D6C831F223: set configuration 0: [4ca2631b-862e-40c8-a81a-0c3f018b6063:192.168.164.214:33839], old=null at 0
2019-10-14 10:16:35,306 [4ca2631b-862e-40c8-a81a-0c3f018b6063@group-05D6C831F223-SegmentedRaftLogWorker] INFO  segmented.SegmentedRaftLogWorker (SegmentedRaftLogWorker.java:execute(569)) - 4ca2631b-862e-40c8-a81a-0c3f018b6063@group-05D6C831F223-SegmentedRaftLogWorker: created new log segment /workdir/hadoop-ozone/ozonefs/target/test-dir/MiniOzoneClusterImpl-85c09e26-9b56-4407-9c77-57370d286ecc/datanode-0/data/ratis/30dacadd-33ed-4a00-b5db-05d6c831f223/current/log_inprogress_0
2019-10-14 10:16:35,643 [Thread-354] INFO  impl.FollowerState (FollowerState.java:run(106)) - 12766659-8dbd-45fe-a653-6cb67784c51c:group-154F1A29DE1A changes to CANDIDATE, lastRpcTime:5098, electionTimeout:5098ms
2019-10-14 10:16:35,644 [Thread-354] INFO  impl.RoleInfo (RoleInfo.java:shutdownFollowerState(121)) - 12766659-8dbd-45fe-a653-6cb67784c51c: shutdown FollowerState
2019-10-14 10:16:35,644 [Thread-354] INFO  impl.RaftServerImpl (RaftServerImpl.java:setRole(174)) - 12766659-8dbd-45fe-a653-6cb67784c51c@group-154F1A29DE1A: changes role from  FOLLOWER to CANDIDATE at term 0 for changeToCandidate
2019-10-14 10:16:35,644 [Thread-354] INFO  impl.RoleInfo (RoleInfo.java:updateAndGet(143)) - 12766659-8dbd-45fe-a653-6cb67784c51c: start LeaderElection
2019-10-14 10:16:35,681 [12766659-8dbd-45fe-a653-6cb67784c51c@group-154F1A29DE1A:LeaderElection3] INFO  impl.LeaderElection (LeaderElection.java:askForVotes(182)) - 12766659-8dbd-45fe-a653-6cb67784c51c@group-154F1A29DE1A:LeaderElection3: begin an election at term 1 for -1: [12766659-8dbd-45fe-a653-6cb67784c51c:192.168.164.214:41727], old=null
2019-10-14 10:16:35,684 [12766659-8dbd-45fe-a653-6cb67784c51c@group-154F1A29DE1A:LeaderElection3] INFO  impl.RoleInfo (RoleInfo.java:shutdownLeaderElection(134)) - 12766659-8dbd-45fe-a653-6cb67784c51c: shutdown LeaderElection
2019-10-14 10:16:35,684 [12766659-8dbd-45fe-a653-6cb67784c51c@group-154F1A29DE1A:LeaderElection3] INFO  impl.RaftServerImpl (RaftServerImpl.java:setRole(174)) - 12766659-8dbd-45fe-a653-6cb67784c51c@group-154F1A29DE1A: changes role from CANDIDATE to LEADER at term 1 for changeToLeader
2019-10-14 10:16:35,684 [12766659-8dbd-45fe-a653-6cb67784c51c@group-154F1A29DE1A:LeaderElection3] INFO  impl.RaftServerImpl (ServerState.java:setLeader(253)) - 12766659-8dbd-45fe-a653-6cb67784c51c@group-154F1A29DE1A: change Leader from null to 12766659-8dbd-45fe-a653-6cb67784c51c at term 1 for becomeLeader, leader elected after 5373ms
2019-10-14 10:16:35,686 [12766659-8dbd-45fe-a653-6cb67784c51c@group-154F1A29DE1A:LeaderElection3] INFO  server.RaftServerConfigKeys (ConfUtils.java:logGet(43)) - raft.server.staging.catchup.gap = 1000 (default)
2019-10-14 10:16:35,686 [12766659-8dbd-45fe-a653-6cb67784c51c@group-154F1A29DE1A:LeaderElection3] INFO  server.RaftServerConfigKeys (ConfUtils.java:logGet(43)) - raft.server.rpc.sleep.time = 25ms (default)
2019-10-14 10:16:35,686 [12766659-8dbd-45fe-a653-6cb67784c51c@group-154F1A29DE1A:LeaderElection3] INFO  server.RaftServerConfigKeys (ConfUtils.java:logGet(43)) - raft.server.write.element-limit = 4096 (default)
2019-10-14 10:16:35,686 [12766659-8dbd-45fe-a653-6cb67784c51c@group-154F1A29DE1A:LeaderElection3] INFO  server.RaftServerConfigKeys (ConfUtils.java:logGet(43)) - raft.server.watch.timeout = 10s (default)
2019-10-14 10:16:35,686 [12766659-8dbd-45fe-a653-6cb67784c51c@group-154F1A29DE1A:LeaderElection3] INFO  server.RaftServerConfigKeys (ConfUtils.java:logGet(43)) - raft.server.watch.timeout.denomination = 1s (default)
2019-10-14 10:16:35,687 [12766659-8dbd-45fe-a653-6cb67784c51c@group-154F1A29DE1A:LeaderElection3] INFO  server.RaftServerConfigKeys (ConfUtils.java:logGet(43)) - raft.server.watch.element-limit = 65536 (default)
2019-10-14 10:16:35,689 [12766659-8dbd-45fe-a653-6cb67784c51c@group-154F1A29DE1A:LeaderElection3] INFO  impl.RoleInfo (RoleInfo.java:updateAndGet(143)) - 12766659-8dbd-45fe-a653-6cb67784c51c: start LeaderState
2019-10-14 10:16:35,689 [12766659-8dbd-45fe-a653-6cb67784c51c@group-154F1A29DE1A:LeaderElection3] INFO  segmented.SegmentedRaftLogWorker (SegmentedRaftLogWorker.java:startLogSegment(380)) - 12766659-8dbd-45fe-a653-6cb67784c51c@group-154F1A29DE1A-SegmentedRaftLogWorker: Starting segment from index:0
2019-10-14 10:16:35,690 [12766659-8dbd-45fe-a653-6cb67784c51c@group-154F1A29DE1A:LeaderElection3] INFO  impl.RaftServerImpl (ServerState.java:setRaftConf(354)) - 12766659-8dbd-45fe-a653-6cb67784c51c@group-154F1A29DE1A: set configuration 0: [12766659-8dbd-45fe-a653-6cb67784c51c:192.168.164.214:41727], old=null at 0
2019-10-14 10:16:35,741 [Thread-357] INFO  impl.FollowerState (FollowerState.java:run(106)) - 69359b74-77cd-417a-996d-8eb5cbff14f3:group-B4849DA1EE78 changes to CANDIDATE, lastRpcTime:5093, electionTimeout:5093ms
2019-10-14 10:16:35,741 [Thread-357] INFO  impl.RoleInfo (RoleInfo.java:shutdownFollowerState(121)) - 69359b74-77cd-417a-996d-8eb5cbff14f3: shutdown FollowerState
2019-10-14 10:16:35,741 [Thread-357] INFO  impl.RaftServerImpl (RaftServerImpl.java:setRole(174)) - 69359b74-77cd-417a-996d-8eb5cbff14f3@group-B4849DA1EE78: changes role from  FOLLOWER to CANDIDATE at term 0 for changeToCandidate
2019-10-14 10:16:35,742 [Thread-357] INFO  impl.RoleInfo (RoleInfo.java:updateAndGet(143)) - 69359b74-77cd-417a-996d-8eb5cbff14f3: start LeaderElection
2019-10-14 10:16:35,749 [12766659-8dbd-45fe-a653-6cb67784c51c@group-154F1A29DE1A-SegmentedRaftLogWorker] INFO  segmented.SegmentedRaftLogWorker (SegmentedRaftLogWorker.java:execute(569)) - 12766659-8dbd-45fe-a653-6cb67784c51c@group-154F1A29DE1A-SegmentedRaftLogWorker: created new log segment /workdir/hadoop-ozone/ozonefs/target/test-dir/MiniOzoneClusterImpl-85c09e26-9b56-4407-9c77-57370d286ecc/datanode-3/data/ratis/1349ea78-9708-4601-84aa-154f1a29de1a/current/log_inprogress_0
2019-10-14 10:16:35,772 [69359b74-77cd-417a-996d-8eb5cbff14f3@group-B4849DA1EE78:LeaderElection4] INFO  impl.LeaderElection (LeaderElection.java:askForVotes(182)) - 69359b74-77cd-417a-996d-8eb5cbff14f3@group-B4849DA1EE78:LeaderElection4: begin an election at term 1 for -1: [69359b74-77cd-417a-996d-8eb5cbff14f3:192.168.164.214:33676], old=null
2019-10-14 10:16:35,772 [69359b74-77cd-417a-996d-8eb5cbff14f3@group-B4849DA1EE78:LeaderElection4] INFO  impl.RoleInfo (RoleInfo.java:shutdownLeaderElection(134)) - 69359b74-77cd-417a-996d-8eb5cbff14f3: shutdown LeaderElection
2019-10-14 10:16:35,773 [69359b74-77cd-417a-996d-8eb5cbff14f3@group-B4849DA1EE78:LeaderElection4] INFO  impl.RaftServerImpl (RaftServerImpl.java:setRole(174)) - 69359b74-77cd-417a-996d-8eb5cbff14f3@group-B4849DA1EE78: changes role from CANDIDATE to LEADER at term 1 for changeToLeader
2019-10-14 10:16:35,773 [69359b74-77cd-417a-996d-8eb5cbff14f3@group-B4849DA1EE78:LeaderElection4] INFO  impl.RaftServerImpl (ServerState.java:setLeader(253)) - 69359b74-77cd-417a-996d-8eb5cbff14f3@group-B4849DA1EE78: change Leader from null to 69359b74-77cd-417a-996d-8eb5cbff14f3 at term 1 for becomeLeader, leader elected after 5137ms
2019-10-14 10:16:35,775 [69359b74-77cd-417a-996d-8eb5cbff14f3@group-B4849DA1EE78:LeaderElection4] INFO  server.RaftServerConfigKeys (ConfUtils.java:logGet(43)) - raft.server.staging.catchup.gap = 1000 (default)
2019-10-14 10:16:35,776 [69359b74-77cd-417a-996d-8eb5cbff14f3@group-B4849DA1EE78:LeaderElection4] INFO  server.RaftServerConfigKeys (ConfUtils.java:logGet(43)) - raft.server.rpc.sleep.time = 25ms (default)
2019-10-14 10:16:35,776 [69359b74-77cd-417a-996d-8eb5cbff14f3@group-B4849DA1EE78:LeaderElection4] INFO  server.RaftServerConfigKeys (ConfUtils.java:logGet(43)) - raft.server.write.element-limit = 4096 (default)
2019-10-14 10:16:35,776 [69359b74-77cd-417a-996d-8eb5cbff14f3@group-B4849DA1EE78:LeaderElection4] INFO  server.RaftServerConfigKeys (ConfUtils.java:logGet(43)) - raft.server.watch.timeout = 10s (default)
2019-10-14 10:16:35,776 [69359b74-77cd-417a-996d-8eb5cbff14f3@group-B4849DA1EE78:LeaderElection4] INFO  server.RaftServerConfigKeys (ConfUtils.java:logGet(43)) - raft.server.watch.timeout.denomination = 1s (default)
2019-10-14 10:16:35,776 [69359b74-77cd-417a-996d-8eb5cbff14f3@group-B4849DA1EE78:LeaderElection4] INFO  server.RaftServerConfigKeys (ConfUtils.java:logGet(43)) - raft.server.watch.element-limit = 65536 (default)
2019-10-14 10:16:35,779 [69359b74-77cd-417a-996d-8eb5cbff14f3@group-B4849DA1EE78:LeaderElection4] INFO  impl.RoleInfo (RoleInfo.java:updateAndGet(143)) - 69359b74-77cd-417a-996d-8eb5cbff14f3: start LeaderState
2019-10-14 10:16:35,779 [69359b74-77cd-417a-996d-8eb5cbff14f3@group-B4849DA1EE78:LeaderElection4] INFO  segmented.SegmentedRaftLogWorker (SegmentedRaftLogWorker.java:startLogSegment(380)) - 69359b74-77cd-417a-996d-8eb5cbff14f3@group-B4849DA1EE78-SegmentedRaftLogWorker: Starting segment from index:0
2019-10-14 10:16:35,780 [69359b74-77cd-417a-996d-8eb5cbff14f3@group-B4849DA1EE78:LeaderElection4] INFO  impl.RaftServerImpl (ServerState.java:setRaftConf(354)) - 69359b74-77cd-417a-996d-8eb5cbff14f3@group-B4849DA1EE78: set configuration 0: [69359b74-77cd-417a-996d-8eb5cbff14f3:192.168.164.214:33676], old=null at 0
2019-10-14 10:16:35,818 [Thread-360] INFO  impl.FollowerState (FollowerState.java:run(106)) - 36f3336e-6b3c-49fc-b34e-8bc963cfdec7:group-37E44AC3F958 changes to CANDIDATE, lastRpcTime:5055, electionTimeout:5034ms
2019-10-14 10:16:35,818 [Thread-360] INFO  impl.RoleInfo (RoleInfo.java:shutdownFollowerState(121)) - 36f3336e-6b3c-49fc-b34e-8bc963cfdec7: shutdown FollowerState
2019-10-14 10:16:35,819 [Thread-360] INFO  impl.RaftServerImpl (RaftServerImpl.java:setRole(174)) - 36f3336e-6b3c-49fc-b34e-8bc963cfdec7@group-37E44AC3F958: changes role from  FOLLOWER to CANDIDATE at term 0 for changeToCandidate
2019-10-14 10:16:35,819 [Thread-360] INFO  impl.RoleInfo (RoleInfo.java:updateAndGet(143)) - 36f3336e-6b3c-49fc-b34e-8bc963cfdec7: start LeaderElection
2019-10-14 10:16:35,860 [69359b74-77cd-417a-996d-8eb5cbff14f3@group-B4849DA1EE78-SegmentedRaftLogWorker] INFO  segmented.SegmentedRaftLogWorker (SegmentedRaftLogWorker.java:execute(569)) - 69359b74-77cd-417a-996d-8eb5cbff14f3@group-B4849DA1EE78-SegmentedRaftLogWorker: created new log segment /workdir/hadoop-ozone/ozonefs/target/test-dir/MiniOzoneClusterImpl-85c09e26-9b56-4407-9c77-57370d286ecc/datanode-2/data/ratis/da611192-ac4b-413c-b1b9-b4849da1ee78/current/log_inprogress_0
2019-10-14 10:16:35,860 [36f3336e-6b3c-49fc-b34e-8bc963cfdec7@group-37E44AC3F958:LeaderElection5] INFO  impl.LeaderElection (LeaderElection.java:askForVotes(182)) - 36f3336e-6b3c-49fc-b34e-8bc963cfdec7@group-37E44AC3F958:LeaderElection5: begin an election at term 1 for -1: [36f3336e-6b3c-49fc-b34e-8bc963cfdec7:192.168.164.214:33495], old=null
2019-10-14 10:16:35,860 [36f3336e-6b3c-49fc-b34e-8bc963cfdec7@group-37E44AC3F958:LeaderElection5] INFO  impl.RoleInfo (RoleInfo.java:shutdownLeaderElection(134)) - 36f3336e-6b3c-49fc-b34e-8bc963cfdec7: shutdown LeaderElection
2019-10-14 10:16:35,860 [36f3336e-6b3c-49fc-b34e-8bc963cfdec7@group-37E44AC3F958:LeaderElection5] INFO  impl.RaftServerImpl (RaftServerImpl.java:setRole(174)) - 36f3336e-6b3c-49fc-b34e-8bc963cfdec7@group-37E44AC3F958: changes role from CANDIDATE to LEADER at term 1 for changeToLeader
2019-10-14 10:16:35,860 [36f3336e-6b3c-49fc-b34e-8bc963cfdec7@group-37E44AC3F958:LeaderElection5] INFO  impl.RaftServerImpl (ServerState.java:setLeader(253)) - 36f3336e-6b3c-49fc-b34e-8bc963cfdec7@group-37E44AC3F958: change Leader from null to 36f3336e-6b3c-49fc-b34e-8bc963cfdec7 at term 1 for becomeLeader, leader elected after 5107ms
2019-10-14 10:16:35,863 [36f3336e-6b3c-49fc-b34e-8bc963cfdec7@group-37E44AC3F958:LeaderElection5] INFO  server.RaftServerConfigKeys (ConfUtils.java:logGet(43)) - raft.server.staging.catchup.gap = 1000 (default)
2019-10-14 10:16:35,863 [36f3336e-6b3c-49fc-b34e-8bc963cfdec7@group-37E44AC3F958:LeaderElection5] INFO  server.RaftServerConfigKeys (ConfUtils.java:logGet(43)) - raft.server.rpc.sleep.time = 25ms (default)
2019-10-14 10:16:35,863 [36f3336e-6b3c-49fc-b34e-8bc963cfdec7@group-37E44AC3F958:LeaderElection5] INFO  server.RaftServerConfigKeys (ConfUtils.java:logGet(43)) - raft.server.write.element-limit = 4096 (default)
2019-10-14 10:16:35,864 [36f3336e-6b3c-49fc-b34e-8bc963cfdec7@group-37E44AC3F958:LeaderElection5] INFO  server.RaftServerConfigKeys (ConfUtils.java:logGet(43)) - raft.server.watch.timeout = 10s (default)
2019-10-14 10:16:35,864 [36f3336e-6b3c-49fc-b34e-8bc963cfdec7@group-37E44AC3F958:LeaderElection5] INFO  server.RaftServerConfigKeys (ConfUtils.java:logGet(43)) - raft.server.watch.timeout.denomination = 1s (default)
2019-10-14 10:16:35,864 [36f3336e-6b3c-49fc-b34e-8bc963cfdec7@group-37E44AC3F958:LeaderElection5] INFO  server.RaftServerConfigKeys (ConfUtils.java:logGet(43)) - raft.server.watch.element-limit = 65536 (default)
2019-10-14 10:16:35,867 [36f3336e-6b3c-49fc-b34e-8bc963cfdec7@group-37E44AC3F958:LeaderElection5] INFO  impl.RoleInfo (RoleInfo.java:updateAndGet(143)) - 36f3336e-6b3c-49fc-b34e-8bc963cfdec7: start LeaderState
2019-10-14 10:16:35,867 [36f3336e-6b3c-49fc-b34e-8bc963cfdec7@group-37E44AC3F958:LeaderElection5] INFO  segmented.SegmentedRaftLogWorker (SegmentedRaftLogWorker.java:startLogSegment(380)) - 36f3336e-6b3c-49fc-b34e-8bc963cfdec7@group-37E44AC3F958-SegmentedRaftLogWorker: Starting segment from index:0
2019-10-14 10:16:35,868 [36f3336e-6b3c-49fc-b34e-8bc963cfdec7@group-37E44AC3F958:LeaderElection5] INFO  impl.RaftServerImpl (ServerState.java:setRaftConf(354)) - 36f3336e-6b3c-49fc-b34e-8bc963cfdec7@group-37E44AC3F958: set configuration 0: [36f3336e-6b3c-49fc-b34e-8bc963cfdec7:192.168.164.214:33495], old=null at 0
2019-10-14 10:16:35,932 [36f3336e-6b3c-49fc-b34e-8bc963cfdec7@group-37E44AC3F958-SegmentedRaftLogWorker] INFO  segmented.SegmentedRaftLogWorker (SegmentedRaftLogWorker.java:execute(569)) - 36f3336e-6b3c-49fc-b34e-8bc963cfdec7@group-37E44AC3F958-SegmentedRaftLogWorker: created new log segment /workdir/hadoop-ozone/ozonefs/target/test-dir/MiniOzoneClusterImpl-85c09e26-9b56-4407-9c77-57370d286ecc/datanode-4/data/ratis/fef4c08b-0ef5-48a5-9aff-37e44ac3f958/current/log_inprogress_0
2019-10-14 10:16:35,937 [Thread-364] INFO  impl.FollowerState (FollowerState.java:run(106)) - 4eb4d5a4-3e1a-49a8-b14d-79a7ce4055ad:group-873B333D3C83 changes to CANDIDATE, lastRpcTime:5075, electionTimeout:5075ms
2019-10-14 10:16:35,937 [Thread-364] INFO  impl.RoleInfo (RoleInfo.java:shutdownFollowerState(121)) - 4eb4d5a4-3e1a-49a8-b14d-79a7ce4055ad: shutdown FollowerState
2019-10-14 10:16:35,937 [Thread-364] INFO  impl.RaftServerImpl (RaftServerImpl.java:setRole(174)) - 4eb4d5a4-3e1a-49a8-b14d-79a7ce4055ad@group-873B333D3C83: changes role from  FOLLOWER to CANDIDATE at term 0 for changeToCandidate
2019-10-14 10:16:35,938 [Thread-364] INFO  impl.RoleInfo (RoleInfo.java:updateAndGet(143)) - 4eb4d5a4-3e1a-49a8-b14d-79a7ce4055ad: start LeaderElection
2019-10-14 10:16:35,965 [4eb4d5a4-3e1a-49a8-b14d-79a7ce4055ad@group-873B333D3C83:LeaderElection6] INFO  impl.LeaderElection (LeaderElection.java:askForVotes(182)) - 4eb4d5a4-3e1a-49a8-b14d-79a7ce4055ad@group-873B333D3C83:LeaderElection6: begin an election at term 1 for -1: [4eb4d5a4-3e1a-49a8-b14d-79a7ce4055ad:192.168.164.214:33269], old=null
2019-10-14 10:16:35,965 [4eb4d5a4-3e1a-49a8-b14d-79a7ce4055ad@group-873B333D3C83:LeaderElection6] INFO  impl.RoleInfo (RoleInfo.java:shutdownLeaderElection(134)) - 4eb4d5a4-3e1a-49a8-b14d-79a7ce4055ad: shutdown LeaderElection
2019-10-14 10:16:35,965 [4eb4d5a4-3e1a-49a8-b14d-79a7ce4055ad@group-873B333D3C83:LeaderElection6] INFO  impl.RaftServerImpl (RaftServerImpl.java:setRole(174)) - 4eb4d5a4-3e1a-49a8-b14d-79a7ce4055ad@group-873B333D3C83: changes role from CANDIDATE to LEADER at term 1 for changeToLeader
2019-10-14 10:16:35,965 [4eb4d5a4-3e1a-49a8-b14d-79a7ce4055ad@group-873B333D3C83:LeaderElection6] INFO  impl.RaftServerImpl (ServerState.java:setLeader(253)) - 4eb4d5a4-3e1a-49a8-b14d-79a7ce4055ad@group-873B333D3C83: change Leader from null to 4eb4d5a4-3e1a-49a8-b14d-79a7ce4055ad at term 1 for becomeLeader, leader elected after 5111ms
2019-10-14 10:16:35,967 [4eb4d5a4-3e1a-49a8-b14d-79a7ce4055ad@group-873B333D3C83:LeaderElection6] INFO  server.RaftServerConfigKeys (ConfUtils.java:logGet(43)) - raft.server.staging.catchup.gap = 1000 (default)
2019-10-14 10:16:35,968 [4eb4d5a4-3e1a-49a8-b14d-79a7ce4055ad@group-873B333D3C83:LeaderElection6] INFO  server.RaftServerConfigKeys (ConfUtils.java:logGet(43)) - raft.server.rpc.sleep.time = 25ms (default)
2019-10-14 10:16:35,968 [4eb4d5a4-3e1a-49a8-b14d-79a7ce4055ad@group-873B333D3C83:LeaderElection6] INFO  server.RaftServerConfigKeys (ConfUtils.java:logGet(43)) - raft.server.write.element-limit = 4096 (default)
2019-10-14 10:16:35,968 [4eb4d5a4-3e1a-49a8-b14d-79a7ce4055ad@group-873B333D3C83:LeaderElection6] INFO  server.RaftServerConfigKeys (ConfUtils.java:logGet(43)) - raft.server.watch.timeout = 10s (default)
2019-10-14 10:16:35,968 [4eb4d5a4-3e1a-49a8-b14d-79a7ce4055ad@group-873B333D3C83:LeaderElection6] INFO  server.RaftServerConfigKeys (ConfUtils.java:logGet(43)) - raft.server.watch.timeout.denomination = 1s (default)
2019-10-14 10:16:35,968 [4eb4d5a4-3e1a-49a8-b14d-79a7ce4055ad@group-873B333D3C83:LeaderElection6] INFO  server.RaftServerConfigKeys (ConfUtils.java:logGet(43)) - raft.server.watch.element-limit = 65536 (default)
2019-10-14 10:16:35,972 [4eb4d5a4-3e1a-49a8-b14d-79a7ce4055ad@group-873B333D3C83:LeaderElection6] INFO  impl.RoleInfo (RoleInfo.java:updateAndGet(143)) - 4eb4d5a4-3e1a-49a8-b14d-79a7ce4055ad: start LeaderState
2019-10-14 10:16:35,972 [4eb4d5a4-3e1a-49a8-b14d-79a7ce4055ad@group-873B333D3C83:LeaderElection6] INFO  segmented.SegmentedRaftLogWorker (SegmentedRaftLogWorker.java:startLogSegment(380)) - 4eb4d5a4-3e1a-49a8-b14d-79a7ce4055ad@group-873B333D3C83-SegmentedRaftLogWorker: Starting segment from index:0
2019-10-14 10:16:35,973 [4eb4d5a4-3e1a-49a8-b14d-79a7ce4055ad@group-873B333D3C83:LeaderElection6] INFO  impl.RaftServerImpl (ServerState.java:setRaftConf(354)) - 4eb4d5a4-3e1a-49a8-b14d-79a7ce4055ad@group-873B333D3C83: set configuration 0: [4eb4d5a4-3e1a-49a8-b14d-79a7ce4055ad:192.168.164.214:33269], old=null at 0
2019-10-14 10:16:36,033 [4eb4d5a4-3e1a-49a8-b14d-79a7ce4055ad@group-873B333D3C83-SegmentedRaftLogWorker] INFO  segmented.SegmentedRaftLogWorker (SegmentedRaftLogWorker.java:execute(569)) - 4eb4d5a4-3e1a-49a8-b14d-79a7ce4055ad@group-873B333D3C83-SegmentedRaftLogWorker: created new log segment /workdir/hadoop-ozone/ozonefs/target/test-dir/MiniOzoneClusterImpl-85c09e26-9b56-4407-9c77-57370d286ecc/datanode-1/data/ratis/2c17b4cf-a06b-4004-9f06-873b333d3c83/current/log_inprogress_0
2019-10-14 10:16:36,077 [Thread-368] INFO  impl.FollowerState (FollowerState.java:run(106)) - 42ae3f72-3e55-4c14-b24f-d3b02ec81393:group-1AC0EE171084 changes to CANDIDATE, lastRpcTime:5086, electionTimeout:5086ms
2019-10-14 10:16:36,077 [Thread-368] INFO  impl.RoleInfo (RoleInfo.java:shutdownFollowerState(121)) - 42ae3f72-3e55-4c14-b24f-d3b02ec81393: shutdown FollowerState
2019-10-14 10:16:36,077 [Thread-368] INFO  impl.RaftServerImpl (RaftServerImpl.java:setRole(174)) - 42ae3f72-3e55-4c14-b24f-d3b02ec81393@group-1AC0EE171084: changes role from  FOLLOWER to CANDIDATE at term 0 for changeToCandidate
2019-10-14 10:16:36,077 [Thread-368] INFO  impl.RoleInfo (RoleInfo.java:updateAndGet(143)) - 42ae3f72-3e55-4c14-b24f-d3b02ec81393: start LeaderElection
2019-10-14 10:16:36,108 [42ae3f72-3e55-4c14-b24f-d3b02ec81393@group-1AC0EE171084:LeaderElection7] INFO  impl.LeaderElection (LeaderElection.java:askForVotes(182)) - 42ae3f72-3e55-4c14-b24f-d3b02ec81393@group-1AC0EE171084:LeaderElection7: begin an election at term 1 for -1: [42ae3f72-3e55-4c14-b24f-d3b02ec81393:192.168.164.214:34660], old=null
2019-10-14 10:16:36,108 [42ae3f72-3e55-4c14-b24f-d3b02ec81393@group-1AC0EE171084:LeaderElection7] INFO  impl.RoleInfo (RoleInfo.java:shutdownLeaderElection(134)) - 42ae3f72-3e55-4c14-b24f-d3b02ec81393: shutdown LeaderElection
2019-10-14 10:16:36,109 [42ae3f72-3e55-4c14-b24f-d3b02ec81393@group-1AC0EE171084:LeaderElection7] INFO  impl.RaftServerImpl (RaftServerImpl.java:setRole(174)) - 42ae3f72-3e55-4c14-b24f-d3b02ec81393@group-1AC0EE171084: changes role from CANDIDATE to LEADER at term 1 for changeToLeader
2019-10-14 10:16:36,109 [42ae3f72-3e55-4c14-b24f-d3b02ec81393@group-1AC0EE171084:LeaderElection7] INFO  impl.RaftServerImpl (ServerState.java:setLeader(253)) - 42ae3f72-3e55-4c14-b24f-d3b02ec81393@group-1AC0EE171084: change Leader from null to 42ae3f72-3e55-4c14-b24f-d3b02ec81393 at term 1 for becomeLeader, leader elected after 5129ms
2019-10-14 10:16:36,112 [42ae3f72-3e55-4c14-b24f-d3b02ec81393@group-1AC0EE171084:LeaderElection7] INFO  server.RaftServerConfigKeys (ConfUtils.java:logGet(43)) - raft.server.staging.catchup.gap = 1000 (default)
2019-10-14 10:16:36,112 [42ae3f72-3e55-4c14-b24f-d3b02ec81393@group-1AC0EE171084:LeaderElection7] INFO  server.RaftServerConfigKeys (ConfUtils.java:logGet(43)) - raft.server.rpc.sleep.time = 25ms (default)
2019-10-14 10:16:36,113 [42ae3f72-3e55-4c14-b24f-d3b02ec81393@group-1AC0EE171084:LeaderElection7] INFO  server.RaftServerConfigKeys (ConfUtils.java:logGet(43)) - raft.server.write.element-limit = 4096 (default)
2019-10-14 10:16:36,113 [42ae3f72-3e55-4c14-b24f-d3b02ec81393@group-1AC0EE171084:LeaderElection7] INFO  server.RaftServerConfigKeys (ConfUtils.java:logGet(43)) - raft.server.watch.timeout = 10s (default)
2019-10-14 10:16:36,113 [42ae3f72-3e55-4c14-b24f-d3b02ec81393@group-1AC0EE171084:LeaderElection7] INFO  server.RaftServerConfigKeys (ConfUtils.java:logGet(43)) - raft.server.watch.timeout.denomination = 1s (default)
2019-10-14 10:16:36,113 [42ae3f72-3e55-4c14-b24f-d3b02ec81393@group-1AC0EE171084:LeaderElection7] INFO  server.RaftServerConfigKeys (ConfUtils.java:logGet(43)) - raft.server.watch.element-limit = 65536 (default)
2019-10-14 10:16:36,118 [42ae3f72-3e55-4c14-b24f-d3b02ec81393@group-1AC0EE171084:LeaderElection7] INFO  impl.RoleInfo (RoleInfo.java:updateAndGet(143)) - 42ae3f72-3e55-4c14-b24f-d3b02ec81393: start LeaderState
2019-10-14 10:16:36,118 [42ae3f72-3e55-4c14-b24f-d3b02ec81393@group-1AC0EE171084:LeaderElection7] INFO  segmented.SegmentedRaftLogWorker (SegmentedRaftLogWorker.java:startLogSegment(380)) - 42ae3f72-3e55-4c14-b24f-d3b02ec81393@group-1AC0EE171084-SegmentedRaftLogWorker: Starting segment from index:0
2019-10-14 10:16:36,119 [42ae3f72-3e55-4c14-b24f-d3b02ec81393@group-1AC0EE171084:LeaderElection7] INFO  impl.RaftServerImpl (ServerState.java:setRaftConf(354)) - 42ae3f72-3e55-4c14-b24f-d3b02ec81393@group-1AC0EE171084: set configuration 0: [42ae3f72-3e55-4c14-b24f-d3b02ec81393:192.168.164.214:34660], old=null at 0
2019-10-14 10:16:36,183 [42ae3f72-3e55-4c14-b24f-d3b02ec81393@group-1AC0EE171084-SegmentedRaftLogWorker] INFO  segmented.SegmentedRaftLogWorker (SegmentedRaftLogWorker.java:execute(569)) - 42ae3f72-3e55-4c14-b24f-d3b02ec81393@group-1AC0EE171084-SegmentedRaftLogWorker: created new log segment /workdir/hadoop-ozone/ozonefs/target/test-dir/MiniOzoneClusterImpl-85c09e26-9b56-4407-9c77-57370d286ecc/datanode-5/data/ratis/5ef3e4b0-2d31-4f34-a67d-1ac0ee171084/current/log_inprogress_0
2019-10-14 10:16:36,222 [Thread-371] INFO  impl.FollowerState (FollowerState.java:run(106)) - 478d8a49-3225-43e3-b23b-d6ee338f70d2:group-586E2CC0E954 changes to CANDIDATE, lastRpcTime:5119, electionTimeout:5119ms
2019-10-14 10:16:36,222 [Thread-371] INFO  impl.RoleInfo (RoleInfo.java:shutdownFollowerState(121)) - 478d8a49-3225-43e3-b23b-d6ee338f70d2: shutdown FollowerState
2019-10-14 10:16:36,222 [Thread-371] INFO  impl.RaftServerImpl (RaftServerImpl.java:setRole(174)) - 478d8a49-3225-43e3-b23b-d6ee338f70d2@group-586E2CC0E954: changes role from  FOLLOWER to CANDIDATE at term 0 for changeToCandidate
2019-10-14 10:16:36,222 [Thread-371] INFO  impl.RoleInfo (RoleInfo.java:updateAndGet(143)) - 478d8a49-3225-43e3-b23b-d6ee338f70d2: start LeaderElection
2019-10-14 10:16:36,259 [478d8a49-3225-43e3-b23b-d6ee338f70d2@group-586E2CC0E954:LeaderElection8] INFO  impl.LeaderElection (LeaderElection.java:askForVotes(182)) - 478d8a49-3225-43e3-b23b-d6ee338f70d2@group-586E2CC0E954:LeaderElection8: begin an election at term 1 for -1: [478d8a49-3225-43e3-b23b-d6ee338f70d2:192.168.164.214:36975], old=null
2019-10-14 10:16:36,259 [478d8a49-3225-43e3-b23b-d6ee338f70d2@group-586E2CC0E954:LeaderElection8] INFO  impl.RoleInfo (RoleInfo.java:shutdownLeaderElection(134)) - 478d8a49-3225-43e3-b23b-d6ee338f70d2: shutdown LeaderElection
2019-10-14 10:16:36,259 [478d8a49-3225-43e3-b23b-d6ee338f70d2@group-586E2CC0E954:LeaderElection8] INFO  impl.RaftServerImpl (RaftServerImpl.java:setRole(174)) - 478d8a49-3225-43e3-b23b-d6ee338f70d2@group-586E2CC0E954: changes role from CANDIDATE to LEADER at term 1 for changeToLeader
2019-10-14 10:16:36,259 [478d8a49-3225-43e3-b23b-d6ee338f70d2@group-586E2CC0E954:LeaderElection8] INFO  impl.RaftServerImpl (ServerState.java:setLeader(253)) - 478d8a49-3225-43e3-b23b-d6ee338f70d2@group-586E2CC0E954: change Leader from null to 478d8a49-3225-43e3-b23b-d6ee338f70d2 at term 1 for becomeLeader, leader elected after 5170ms
2019-10-14 10:16:36,269 [478d8a49-3225-43e3-b23b-d6ee338f70d2@group-586E2CC0E954:LeaderElection8] INFO  server.RaftServerConfigKeys (ConfUtils.java:logGet(43)) - raft.server.staging.catchup.gap = 1000 (default)
2019-10-14 10:16:36,270 [478d8a49-3225-43e3-b23b-d6ee338f70d2@group-586E2CC0E954:LeaderElection8] INFO  server.RaftServerConfigKeys (ConfUtils.java:logGet(43)) - raft.server.rpc.sleep.time = 25ms (default)
2019-10-14 10:16:36,270 [478d8a49-3225-43e3-b23b-d6ee338f70d2@group-586E2CC0E954:LeaderElection8] INFO  server.RaftServerConfigKeys (ConfUtils.java:logGet(43)) - raft.server.write.element-limit = 4096 (default)
2019-10-14 10:16:36,270 [478d8a49-3225-43e3-b23b-d6ee338f70d2@group-586E2CC0E954:LeaderElection8] INFO  server.RaftServerConfigKeys (ConfUtils.java:logGet(43)) - raft.server.watch.timeout = 10s (default)
2019-10-14 10:16:36,270 [478d8a49-3225-43e3-b23b-d6ee338f70d2@group-586E2CC0E954:LeaderElection8] INFO  server.RaftServerConfigKeys (ConfUtils.java:logGet(43)) - raft.server.watch.timeout.denomination = 1s (default)
2019-10-14 10:16:36,270 [478d8a49-3225-43e3-b23b-d6ee338f70d2@group-586E2CC0E954:LeaderElection8] INFO  server.RaftServerConfigKeys (ConfUtils.java:logGet(43)) - raft.server.watch.element-limit = 65536 (default)
2019-10-14 10:16:36,273 [478d8a49-3225-43e3-b23b-d6ee338f70d2@group-586E2CC0E954:LeaderElection8] INFO  impl.RoleInfo (RoleInfo.java:updateAndGet(143)) - 478d8a49-3225-43e3-b23b-d6ee338f70d2: start LeaderState
2019-10-14 10:16:36,273 [478d8a49-3225-43e3-b23b-d6ee338f70d2@group-586E2CC0E954:LeaderElection8] INFO  segmented.SegmentedRaftLogWorker (SegmentedRaftLogWorker.java:startLogSegment(380)) - 478d8a49-3225-43e3-b23b-d6ee338f70d2@group-586E2CC0E954-SegmentedRaftLogWorker: Starting segment from index:0
2019-10-14 10:16:36,274 [478d8a49-3225-43e3-b23b-d6ee338f70d2@group-586E2CC0E954:LeaderElection8] INFO  impl.RaftServerImpl (ServerState.java:setRaftConf(354)) - 478d8a49-3225-43e3-b23b-d6ee338f70d2@group-586E2CC0E954: set configuration 0: [478d8a49-3225-43e3-b23b-d6ee338f70d2:192.168.164.214:36975], old=null at 0
2019-10-14 10:16:36,320 [Thread-376] INFO  impl.FollowerState (FollowerState.java:run(106)) - 4ca2631b-862e-40c8-a81a-0c3f018b6063:group-508B0E637BCD changes to CANDIDATE, lastRpcTime:5066, electionTimeout:5066ms
2019-10-14 10:16:36,321 [Thread-376] INFO  impl.RoleInfo (RoleInfo.java:shutdownFollowerState(121)) - 4ca2631b-862e-40c8-a81a-0c3f018b6063: shutdown FollowerState
2019-10-14 10:16:36,321 [Thread-376] INFO  impl.RaftServerImpl (RaftServerImpl.java:setRole(174)) - 4ca2631b-862e-40c8-a81a-0c3f018b6063@group-508B0E637BCD: changes role from  FOLLOWER to CANDIDATE at term 0 for changeToCandidate
2019-10-14 10:16:36,321 [Thread-376] INFO  impl.RoleInfo (RoleInfo.java:updateAndGet(143)) - 4ca2631b-862e-40c8-a81a-0c3f018b6063: start LeaderElection
2019-10-14 10:16:36,342 [478d8a49-3225-43e3-b23b-d6ee338f70d2@group-586E2CC0E954-SegmentedRaftLogWorker] INFO  segmented.SegmentedRaftLogWorker (SegmentedRaftLogWorker.java:execute(569)) - 478d8a49-3225-43e3-b23b-d6ee338f70d2@group-586E2CC0E954-SegmentedRaftLogWorker: created new log segment /workdir/hadoop-ozone/ozonefs/target/test-dir/MiniOzoneClusterImpl-85c09e26-9b56-4407-9c77-57370d286ecc/datanode-6/data/ratis/c5b9ae6d-e924-49d0-ad68-586e2cc0e954/current/log_inprogress_0
2019-10-14 10:16:36,359 [4ca2631b-862e-40c8-a81a-0c3f018b6063@group-508B0E637BCD:LeaderElection9] INFO  impl.LeaderElection (LeaderElection.java:askForVotes(182)) - 4ca2631b-862e-40c8-a81a-0c3f018b6063@group-508B0E637BCD:LeaderElection9: begin an election at term 1 for -1: [69359b74-77cd-417a-996d-8eb5cbff14f3:192.168.164.214:33676, 12766659-8dbd-45fe-a653-6cb67784c51c:192.168.164.214:41727, 4ca2631b-862e-40c8-a81a-0c3f018b6063:192.168.164.214:33839], old=null
2019-10-14 10:16:36,370 [Thread-378] INFO  impl.FollowerState (FollowerState.java:run(106)) - 12766659-8dbd-45fe-a653-6cb67784c51c:group-508B0E637BCD changes to CANDIDATE, lastRpcTime:5114, electionTimeout:5111ms
2019-10-14 10:16:36,370 [Thread-378] INFO  impl.RoleInfo (RoleInfo.java:shutdownFollowerState(121)) - 12766659-8dbd-45fe-a653-6cb67784c51c: shutdown FollowerState
2019-10-14 10:16:36,371 [Thread-378] INFO  impl.RaftServerImpl (RaftServerImpl.java:setRole(174)) - 12766659-8dbd-45fe-a653-6cb67784c51c@group-508B0E637BCD: changes role from  FOLLOWER to CANDIDATE at term 0 for changeToCandidate
2019-10-14 10:16:36,371 [Thread-378] INFO  impl.RoleInfo (RoleInfo.java:updateAndGet(143)) - 12766659-8dbd-45fe-a653-6cb67784c51c: start LeaderElection
2019-10-14 10:16:36,384 [grpc-default-executor-0] INFO  impl.RaftServerImpl (RaftServerImpl.java:setRole(174)) - 69359b74-77cd-417a-996d-8eb5cbff14f3@group-508B0E637BCD: changes role from  FOLLOWER to FOLLOWER at term 1 for recognizeCandidate:4ca2631b-862e-40c8-a81a-0c3f018b6063
2019-10-14 10:16:36,384 [grpc-default-executor-0] INFO  impl.RoleInfo (RoleInfo.java:shutdownFollowerState(121)) - 69359b74-77cd-417a-996d-8eb5cbff14f3: shutdown FollowerState
2019-10-14 10:16:36,385 [grpc-default-executor-0] INFO  impl.RoleInfo (RoleInfo.java:updateAndGet(143)) - 69359b74-77cd-417a-996d-8eb5cbff14f3: start FollowerState
2019-10-14 10:16:36,385 [Thread-379] INFO  impl.FollowerState (FollowerState.java:run(115)) - 69359b74-77cd-417a-996d-8eb5cbff14f3: FollowerState was interrupted: java.lang.InterruptedException: sleep interrupted
2019-10-14 10:16:36,397 [Thread-388] INFO  impl.FollowerState (FollowerState.java:run(106)) - 69359b74-77cd-417a-996d-8eb5cbff14f3:group-B0D3D8C6F802 changes to CANDIDATE, lastRpcTime:5004, electionTimeout:5004ms
2019-10-14 10:16:36,397 [Thread-388] INFO  impl.RoleInfo (RoleInfo.java:shutdownFollowerState(121)) - 69359b74-77cd-417a-996d-8eb5cbff14f3: shutdown FollowerState
2019-10-14 10:16:36,398 [Thread-388] INFO  impl.RaftServerImpl (RaftServerImpl.java:setRole(174)) - 69359b74-77cd-417a-996d-8eb5cbff14f3@group-B0D3D8C6F802: changes role from  FOLLOWER to CANDIDATE at term 0 for changeToCandidate
2019-10-14 10:16:36,398 [Thread-388] INFO  impl.RoleInfo (RoleInfo.java:updateAndGet(143)) - 69359b74-77cd-417a-996d-8eb5cbff14f3: start LeaderElection
2019-10-14 10:16:36,404 [12766659-8dbd-45fe-a653-6cb67784c51c@group-508B0E637BCD:LeaderElection10] INFO  impl.LeaderElection (LeaderElection.java:askForVotes(182)) - 12766659-8dbd-45fe-a653-6cb67784c51c@group-508B0E637BCD:LeaderElection10: begin an election at term 1 for -1: [69359b74-77cd-417a-996d-8eb5cbff14f3:192.168.164.214:33676, 12766659-8dbd-45fe-a653-6cb67784c51c:192.168.164.214:41727, 4ca2631b-862e-40c8-a81a-0c3f018b6063:192.168.164.214:33839], old=null
2019-10-14 10:16:36,414 [4ca2631b-862e-40c8-a81a-0c3f018b6063@group-508B0E637BCD:LeaderElection9] INFO  impl.LeaderElection (LeaderElection.java:logAndReturn(56)) - 4ca2631b-862e-40c8-a81a-0c3f018b6063@group-508B0E637BCD:LeaderElection9: Election PASSED; received 2 response(s) [4ca2631b-862e-40c8-a81a-0c3f018b6063<-69359b74-77cd-417a-996d-8eb5cbff14f3#0:OK-t1, 4ca2631b-862e-40c8-a81a-0c3f018b6063<-12766659-8dbd-45fe-a653-6cb67784c51c#0:FAIL-t1] and 0 exception(s); 4ca2631b-862e-40c8-a81a-0c3f018b6063@group-508B0E637BCD:t1, leader=null, voted=4ca2631b-862e-40c8-a81a-0c3f018b6063, raftlog=4ca2631b-862e-40c8-a81a-0c3f018b6063@group-508B0E637BCD-SegmentedRaftLog:OPENED:c-1,f-1,i0, conf=-1: [69359b74-77cd-417a-996d-8eb5cbff14f3:192.168.164.214:33676, 12766659-8dbd-45fe-a653-6cb67784c51c:192.168.164.214:41727, 4ca2631b-862e-40c8-a81a-0c3f018b6063:192.168.164.214:33839], old=null
2019-10-14 10:16:36,415 [4ca2631b-862e-40c8-a81a-0c3f018b6063@group-508B0E637BCD:LeaderElection9] INFO  impl.RoleInfo (RoleInfo.java:shutdownLeaderElection(134)) - 4ca2631b-862e-40c8-a81a-0c3f018b6063: shutdown LeaderElection
2019-10-14 10:16:36,417 [4ca2631b-862e-40c8-a81a-0c3f018b6063@group-508B0E637BCD:LeaderElection9] INFO  impl.RaftServerImpl (RaftServerImpl.java:setRole(174)) - 4ca2631b-862e-40c8-a81a-0c3f018b6063@group-508B0E637BCD: changes role from CANDIDATE to LEADER at term 1 for changeToLeader
2019-10-14 10:16:36,417 [4ca2631b-862e-40c8-a81a-0c3f018b6063@group-508B0E637BCD:LeaderElection9] INFO  impl.RaftServerImpl (ServerState.java:setLeader(253)) - 4ca2631b-862e-40c8-a81a-0c3f018b6063@group-508B0E637BCD: change Leader from null to 4ca2631b-862e-40c8-a81a-0c3f018b6063 at term 1 for becomeLeader, leader elected after 5176ms
2019-10-14 10:16:36,418 [4ca2631b-862e-40c8-a81a-0c3f018b6063@group-508B0E637BCD:LeaderElection9] INFO  server.RaftServerConfigKeys (ConfUtils.java:logGet(43)) - raft.server.staging.catchup.gap = 1000 (default)
2019-10-14 10:16:36,418 [4ca2631b-862e-40c8-a81a-0c3f018b6063@group-508B0E637BCD:LeaderElection9] INFO  server.RaftServerConfigKeys (ConfUtils.java:logGet(43)) - raft.server.rpc.sleep.time = 25ms (default)
2019-10-14 10:16:36,418 [4ca2631b-862e-40c8-a81a-0c3f018b6063@group-508B0E637BCD:LeaderElection9] INFO  server.RaftServerConfigKeys (ConfUtils.java:logGet(43)) - raft.server.write.element-limit = 4096 (default)
2019-10-14 10:16:36,418 [4ca2631b-862e-40c8-a81a-0c3f018b6063@group-508B0E637BCD:LeaderElection9] INFO  server.RaftServerConfigKeys (ConfUtils.java:logGet(43)) - raft.server.watch.timeout = 10s (default)
2019-10-14 10:16:36,418 [4ca2631b-862e-40c8-a81a-0c3f018b6063@group-508B0E637BCD:LeaderElection9] INFO  server.RaftServerConfigKeys (ConfUtils.java:logGet(43)) - raft.server.watch.timeout.denomination = 1s (default)
2019-10-14 10:16:36,418 [4ca2631b-862e-40c8-a81a-0c3f018b6063@group-508B0E637BCD:LeaderElection9] INFO  server.RaftServerConfigKeys (ConfUtils.java:logGet(43)) - raft.server.watch.element-limit = 65536 (default)
2019-10-14 10:16:36,427 [4ca2631b-862e-40c8-a81a-0c3f018b6063@group-508B0E637BCD:LeaderElection9] INFO  server.RaftServerConfigKeys (ConfUtils.java:logGet(43)) - raft.server.log.appender.snapshot.chunk.size.max = 16MB (=16777216) (default)
2019-10-14 10:16:36,427 [4ca2631b-862e-40c8-a81a-0c3f018b6063@group-508B0E637BCD:LeaderElection9] INFO  server.RaftServerConfigKeys (ConfUtils.java:logGet(43)) - raft.server.log.appender.buffer.byte-limit = 33554432 (custom)
2019-10-14 10:16:36,429 [69359b74-77cd-417a-996d-8eb5cbff14f3@group-B0D3D8C6F802:LeaderElection11] INFO  impl.LeaderElection (LeaderElection.java:askForVotes(182)) - 69359b74-77cd-417a-996d-8eb5cbff14f3@group-B0D3D8C6F802:LeaderElection11: begin an election at term 1 for -1: [69359b74-77cd-417a-996d-8eb5cbff14f3:192.168.164.214:33676, 12766659-8dbd-45fe-a653-6cb67784c51c:192.168.164.214:41727, 4ca2631b-862e-40c8-a81a-0c3f018b6063:192.168.164.214:33839], old=null
2019-10-14 10:16:36,429 [4ca2631b-862e-40c8-a81a-0c3f018b6063@group-508B0E637BCD:LeaderElection9] INFO  server.RaftServerConfigKeys (ConfUtils.java:logGet(43)) - raft.server.log.appender.buffer.element-limit = 1 (custom)
2019-10-14 10:16:36,432 [4ca2631b-862e-40c8-a81a-0c3f018b6063@group-508B0E637BCD:LeaderElection9] INFO  grpc.GrpcConfigKeys$Server (ConfUtils.java:logGet(43)) - raft.grpc.server.leader.outstanding.appends.max = 128 (default)
2019-10-14 10:16:36,432 [4ca2631b-862e-40c8-a81a-0c3f018b6063@group-508B0E637BCD:LeaderElection9] INFO  server.RaftServerConfigKeys (ConfUtils.java:logGet(43)) - raft.server.rpc.request.timeout = 3000ms (default)
2019-10-14 10:16:36,433 [4ca2631b-862e-40c8-a81a-0c3f018b6063@group-508B0E637BCD:LeaderElection9] INFO  server.RaftServerConfigKeys (ConfUtils.java:logGet(43)) - raft.server.log.appender.install.snapshot.enabled = false (custom)
2019-10-14 10:16:36,433 [Thread-386] INFO  impl.FollowerState (FollowerState.java:run(106)) - 12766659-8dbd-45fe-a653-6cb67784c51c:group-B0D3D8C6F802 changes to CANDIDATE, lastRpcTime:5047, electionTimeout:5047ms
2019-10-14 10:16:36,437 [4ca2631b-862e-40c8-a81a-0c3f018b6063@group-508B0E637BCD:LeaderElection9] INFO  server.RaftServerConfigKeys (ConfUtils.java:logGet(43)) - raft.server.log.appender.snapshot.chunk.size.max = 16MB (=16777216) (default)
2019-10-14 10:16:36,438 [Thread-386] INFO  impl.RoleInfo (RoleInfo.java:shutdownFollowerState(121)) - 12766659-8dbd-45fe-a653-6cb67784c51c: shutdown FollowerState
2019-10-14 10:16:36,438 [4ca2631b-862e-40c8-a81a-0c3f018b6063@group-508B0E637BCD:LeaderElection9] INFO  server.RaftServerConfigKeys (ConfUtils.java:logGet(43)) - raft.server.log.appender.buffer.byte-limit = 33554432 (custom)
2019-10-14 10:16:36,438 [Thread-386] INFO  impl.RaftServerImpl (RaftServerImpl.java:setRole(174)) - 12766659-8dbd-45fe-a653-6cb67784c51c@group-B0D3D8C6F802: changes role from  FOLLOWER to CANDIDATE at term 0 for changeToCandidate
2019-10-14 10:16:36,438 [4ca2631b-862e-40c8-a81a-0c3f018b6063@group-508B0E637BCD:LeaderElection9] INFO  server.RaftServerConfigKeys (ConfUtils.java:logGet(43)) - raft.server.log.appender.buffer.element-limit = 1 (custom)
2019-10-14 10:16:36,438 [Thread-386] INFO  impl.RoleInfo (RoleInfo.java:updateAndGet(143)) - 12766659-8dbd-45fe-a653-6cb67784c51c: start LeaderElection
2019-10-14 10:16:36,438 [4ca2631b-862e-40c8-a81a-0c3f018b6063@group-508B0E637BCD:LeaderElection9] INFO  grpc.GrpcConfigKeys$Server (ConfUtils.java:logGet(43)) - raft.grpc.server.leader.outstanding.appends.max = 128 (default)
2019-10-14 10:16:36,439 [4ca2631b-862e-40c8-a81a-0c3f018b6063@group-508B0E637BCD:LeaderElection9] INFO  server.RaftServerConfigKeys (ConfUtils.java:logGet(43)) - raft.server.rpc.request.timeout = 3000ms (default)
2019-10-14 10:16:36,439 [4ca2631b-862e-40c8-a81a-0c3f018b6063@group-508B0E637BCD:LeaderElection9] INFO  server.RaftServerConfigKeys (ConfUtils.java:logGet(43)) - raft.server.log.appender.install.snapshot.enabled = false (custom)
2019-10-14 10:16:36,439 [4ca2631b-862e-40c8-a81a-0c3f018b6063@group-508B0E637BCD:LeaderElection9] INFO  impl.RoleInfo (RoleInfo.java:updateAndGet(143)) - 4ca2631b-862e-40c8-a81a-0c3f018b6063: start LeaderState
2019-10-14 10:16:36,446 [4ca2631b-862e-40c8-a81a-0c3f018b6063@group-508B0E637BCD:LeaderElection9] INFO  segmented.SegmentedRaftLogWorker (SegmentedRaftLogWorker.java:startLogSegment(380)) - 4ca2631b-862e-40c8-a81a-0c3f018b6063@group-508B0E637BCD-SegmentedRaftLogWorker: Starting segment from index:0
2019-10-14 10:16:36,447 [4ca2631b-862e-40c8-a81a-0c3f018b6063@group-508B0E637BCD:LeaderElection9] INFO  impl.RaftServerImpl (ServerState.java:setRaftConf(354)) - 4ca2631b-862e-40c8-a81a-0c3f018b6063@group-508B0E637BCD: set configuration 0: [69359b74-77cd-417a-996d-8eb5cbff14f3:192.168.164.214:33676, 12766659-8dbd-45fe-a653-6cb67784c51c:192.168.164.214:41727, 4ca2631b-862e-40c8-a81a-0c3f018b6063:192.168.164.214:33839], old=null at 0
2019-10-14 10:16:36,493 [grpc-default-executor-0] INFO  impl.RaftServerImpl (RaftServerImpl.java:requestVote(758)) - 4ca2631b-862e-40c8-a81a-0c3f018b6063@group-508B0E637BCD-   LEADER: Withhold vote from candidate 12766659-8dbd-45fe-a653-6cb67784c51c with term 1. State: leader=4ca2631b-862e-40c8-a81a-0c3f018b6063, term=1, lastRpcElapsed=null
2019-10-14 10:16:36,493 [12766659-8dbd-45fe-a653-6cb67784c51c@group-B0D3D8C6F802:LeaderElection12] INFO  impl.LeaderElection (LeaderElection.java:askForVotes(182)) - 12766659-8dbd-45fe-a653-6cb67784c51c@group-B0D3D8C6F802:LeaderElection12: begin an election at term 1 for -1: [69359b74-77cd-417a-996d-8eb5cbff14f3:192.168.164.214:33676, 12766659-8dbd-45fe-a653-6cb67784c51c:192.168.164.214:41727, 4ca2631b-862e-40c8-a81a-0c3f018b6063:192.168.164.214:33839], old=null
2019-10-14 10:16:36,500 [grpc-default-executor-0] INFO  impl.RaftServerImpl (RaftServerImpl.java:setRole(174)) - 4ca2631b-862e-40c8-a81a-0c3f018b6063@group-B0D3D8C6F802: changes role from  FOLLOWER to FOLLOWER at term 1 for recognizeCandidate:69359b74-77cd-417a-996d-8eb5cbff14f3
2019-10-14 10:16:36,500 [grpc-default-executor-0] INFO  impl.RoleInfo (RoleInfo.java:shutdownFollowerState(121)) - 4ca2631b-862e-40c8-a81a-0c3f018b6063: shutdown FollowerState
2019-10-14 10:16:36,500 [grpc-default-executor-0] INFO  impl.RoleInfo (RoleInfo.java:updateAndGet(143)) - 4ca2631b-862e-40c8-a81a-0c3f018b6063: start FollowerState
2019-10-14 10:16:36,500 [Thread-389] INFO  impl.FollowerState (FollowerState.java:run(115)) - 4ca2631b-862e-40c8-a81a-0c3f018b6063: FollowerState was interrupted: java.lang.InterruptedException: sleep interrupted
2019-10-14 10:16:36,500 [12766659-8dbd-45fe-a653-6cb67784c51c@group-508B0E637BCD:LeaderElection10] INFO  impl.LeaderElection (LeaderElection.java:logAndReturn(56)) - 12766659-8dbd-45fe-a653-6cb67784c51c@group-508B0E637BCD:LeaderElection10: Election REJECTED; received 2 response(s) [12766659-8dbd-45fe-a653-6cb67784c51c<-69359b74-77cd-417a-996d-8eb5cbff14f3#0:FAIL-t1, 12766659-8dbd-45fe-a653-6cb67784c51c<-4ca2631b-862e-40c8-a81a-0c3f018b6063#0:FAIL-t1] and 0 exception(s); 12766659-8dbd-45fe-a653-6cb67784c51c@group-508B0E637BCD:t1, leader=null, voted=12766659-8dbd-45fe-a653-6cb67784c51c, raftlog=12766659-8dbd-45fe-a653-6cb67784c51c@group-508B0E637BCD-SegmentedRaftLog:OPENED:c-1,f-1,i0, conf=-1: [69359b74-77cd-417a-996d-8eb5cbff14f3:192.168.164.214:33676, 12766659-8dbd-45fe-a653-6cb67784c51c:192.168.164.214:41727, 4ca2631b-862e-40c8-a81a-0c3f018b6063:192.168.164.214:33839], old=null
2019-10-14 10:16:36,512 [12766659-8dbd-45fe-a653-6cb67784c51c@group-508B0E637BCD:LeaderElection10] INFO  impl.RaftServerImpl (RaftServerImpl.java:setRole(174)) - 12766659-8dbd-45fe-a653-6cb67784c51c@group-508B0E637BCD: changes role from CANDIDATE to FOLLOWER at term 1 for DISCOVERED_A_NEW_TERM
2019-10-14 10:16:36,513 [12766659-8dbd-45fe-a653-6cb67784c51c@group-508B0E637BCD:LeaderElection10] INFO  impl.RoleInfo (RoleInfo.java:shutdownLeaderElection(134)) - 12766659-8dbd-45fe-a653-6cb67784c51c: shutdown LeaderElection
2019-10-14 10:16:36,513 [12766659-8dbd-45fe-a653-6cb67784c51c@group-508B0E637BCD:LeaderElection10] INFO  impl.RoleInfo (RoleInfo.java:updateAndGet(143)) - 12766659-8dbd-45fe-a653-6cb67784c51c: start FollowerState
2019-10-14 10:16:36,513 [grpc-default-executor-3] INFO  impl.RaftServerImpl (ServerState.java:setLeader(253)) - 69359b74-77cd-417a-996d-8eb5cbff14f3@group-508B0E637BCD: change Leader from null to 4ca2631b-862e-40c8-a81a-0c3f018b6063 at term 1 for appendEntries, leader elected after 5271ms
2019-10-14 10:16:36,516 [grpc-default-executor-2] INFO  impl.RaftServerImpl (ServerState.java:setLeader(253)) - 12766659-8dbd-45fe-a653-6cb67784c51c@group-508B0E637BCD: change Leader from null to 4ca2631b-862e-40c8-a81a-0c3f018b6063 at term 1 for appendEntries, leader elected after 5274ms
2019-10-14 10:16:36,521 [4ca2631b-862e-40c8-a81a-0c3f018b6063@group-508B0E637BCD-SegmentedRaftLogWorker] INFO  segmented.SegmentedRaftLogWorker (SegmentedRaftLogWorker.java:execute(569)) - 4ca2631b-862e-40c8-a81a-0c3f018b6063@group-508B0E637BCD-SegmentedRaftLogWorker: created new log segment /workdir/hadoop-ozone/ozonefs/target/test-dir/MiniOzoneClusterImpl-85c09e26-9b56-4407-9c77-57370d286ecc/datanode-0/data/ratis/9a712b9d-f1c5-48b9-872a-508b0e637bcd/current/log_inprogress_0
2019-10-14 10:16:36,529 [grpc-default-executor-2] INFO  impl.RaftServerImpl (ServerState.java:setRaftConf(354)) - 69359b74-77cd-417a-996d-8eb5cbff14f3@group-508B0E637BCD: set configuration 0: [69359b74-77cd-417a-996d-8eb5cbff14f3:192.168.164.214:33676, 12766659-8dbd-45fe-a653-6cb67784c51c:192.168.164.214:41727, 4ca2631b-862e-40c8-a81a-0c3f018b6063:192.168.164.214:33839], old=null at 0
2019-10-14 10:16:36,530 [grpc-default-executor-2] INFO  segmented.SegmentedRaftLogWorker (SegmentedRaftLogWorker.java:startLogSegment(380)) - 69359b74-77cd-417a-996d-8eb5cbff14f3@group-508B0E637BCD-SegmentedRaftLogWorker: Starting segment from index:0
2019-10-14 10:16:36,530 [grpc-default-executor-3] INFO  impl.RaftServerImpl (ServerState.java:setRaftConf(354)) - 12766659-8dbd-45fe-a653-6cb67784c51c@group-508B0E637BCD: set configuration 0: [69359b74-77cd-417a-996d-8eb5cbff14f3:192.168.164.214:33676, 12766659-8dbd-45fe-a653-6cb67784c51c:192.168.164.214:41727, 4ca2631b-862e-40c8-a81a-0c3f018b6063:192.168.164.214:33839], old=null at 0
2019-10-14 10:16:36,530 [grpc-default-executor-3] INFO  segmented.SegmentedRaftLogWorker (SegmentedRaftLogWorker.java:startLogSegment(380)) - 12766659-8dbd-45fe-a653-6cb67784c51c@group-508B0E637BCD-SegmentedRaftLogWorker: Starting segment from index:0
2019-10-14 10:16:36,578 [69359b74-77cd-417a-996d-8eb5cbff14f3@group-B0D3D8C6F802:LeaderElection11] INFO  impl.LeaderElection (LeaderElection.java:logAndReturn(56)) - 69359b74-77cd-417a-996d-8eb5cbff14f3@group-B0D3D8C6F802:LeaderElection11: Election PASSED; received 2 response(s) [69359b74-77cd-417a-996d-8eb5cbff14f3<-12766659-8dbd-45fe-a653-6cb67784c51c#0:FAIL-t1, 69359b74-77cd-417a-996d-8eb5cbff14f3<-4ca2631b-862e-40c8-a81a-0c3f018b6063#0:OK-t1] and 0 exception(s); 69359b74-77cd-417a-996d-8eb5cbff14f3@group-B0D3D8C6F802:t1, leader=null, voted=69359b74-77cd-417a-996d-8eb5cbff14f3, raftlog=69359b74-77cd-417a-996d-8eb5cbff14f3@group-B0D3D8C6F802-SegmentedRaftLog:OPENED:c-1,f-1,i0, conf=-1: [69359b74-77cd-417a-996d-8eb5cbff14f3:192.168.164.214:33676, 12766659-8dbd-45fe-a653-6cb67784c51c:192.168.164.214:41727, 4ca2631b-862e-40c8-a81a-0c3f018b6063:192.168.164.214:33839], old=null
2019-10-14 10:16:36,579 [69359b74-77cd-417a-996d-8eb5cbff14f3@group-B0D3D8C6F802:LeaderElection11] INFO  impl.RoleInfo (RoleInfo.java:shutdownLeaderElection(134)) - 69359b74-77cd-417a-996d-8eb5cbff14f3: shutdown LeaderElection
2019-10-14 10:16:36,579 [69359b74-77cd-417a-996d-8eb5cbff14f3@group-B0D3D8C6F802:LeaderElection11] INFO  impl.RaftServerImpl (RaftServerImpl.java:setRole(174)) - 69359b74-77cd-417a-996d-8eb5cbff14f3@group-B0D3D8C6F802: changes role from CANDIDATE to LEADER at term 1 for changeToLeader
2019-10-14 10:16:36,579 [69359b74-77cd-417a-996d-8eb5cbff14f3@group-B0D3D8C6F802:LeaderElection11] INFO  impl.RaftServerImpl (ServerState.java:setLeader(253)) - 69359b74-77cd-417a-996d-8eb5cbff14f3@group-B0D3D8C6F802: change Leader from null to 69359b74-77cd-417a-996d-8eb5cbff14f3 at term 1 for becomeLeader, leader elected after 5203ms
2019-10-14 10:16:36,579 [12766659-8dbd-45fe-a653-6cb67784c51c@group-B0D3D8C6F802:LeaderElection12] INFO  impl.LeaderElection (LeaderElection.java:logAndReturn(56)) - 12766659-8dbd-45fe-a653-6cb67784c51c@group-B0D3D8C6F802:LeaderElection12: Election REJECTED; received 2 response(s) [12766659-8dbd-45fe-a653-6cb67784c51c<-69359b74-77cd-417a-996d-8eb5cbff14f3#0:FAIL-t1, 12766659-8dbd-45fe-a653-6cb67784c51c<-4ca2631b-862e-40c8-a81a-0c3f018b6063#0:FAIL-t1] and 0 exception(s); 12766659-8dbd-45fe-a653-6cb67784c51c@group-B0D3D8C6F802:t1, leader=null, voted=12766659-8dbd-45fe-a653-6cb67784c51c, raftlog=12766659-8dbd-45fe-a653-6cb67784c51c@group-B0D3D8C6F802-SegmentedRaftLog:OPENED:c-1,f-1,i0, conf=-1: [69359b74-77cd-417a-996d-8eb5cbff14f3:192.168.164.214:33676, 12766659-8dbd-45fe-a653-6cb67784c51c:192.168.164.214:41727, 4ca2631b-862e-40c8-a81a-0c3f018b6063:192.168.164.214:33839], old=null
2019-10-14 10:16:36,582 [69359b74-77cd-417a-996d-8eb5cbff14f3@group-B0D3D8C6F802:LeaderElection11] INFO  server.RaftServerConfigKeys (ConfUtils.java:logGet(43)) - raft.server.staging.catchup.gap = 1000 (default)
2019-10-14 10:16:36,582 [12766659-8dbd-45fe-a653-6cb67784c51c@group-B0D3D8C6F802:LeaderElection12] INFO  impl.RaftServerImpl (RaftServerImpl.java:setRole(174)) - 12766659-8dbd-45fe-a653-6cb67784c51c@group-B0D3D8C6F802: changes role from CANDIDATE to FOLLOWER at term 1 for DISCOVERED_A_NEW_TERM
2019-10-14 10:16:36,584 [69359b74-77cd-417a-996d-8eb5cbff14f3@group-B0D3D8C6F802:LeaderElection11] INFO  server.RaftServerConfigKeys (ConfUtils.java:logGet(43)) - raft.server.rpc.sleep.time = 25ms (default)
2019-10-14 10:16:36,584 [12766659-8dbd-45fe-a653-6cb67784c51c@group-B0D3D8C6F802:LeaderElection12] INFO  impl.RoleInfo (RoleInfo.java:shutdownLeaderElection(134)) - 12766659-8dbd-45fe-a653-6cb67784c51c: shutdown LeaderElection
2019-10-14 10:16:36,585 [69359b74-77cd-417a-996d-8eb5cbff14f3@group-B0D3D8C6F802:LeaderElection11] INFO  server.RaftServerConfigKeys (ConfUtils.java:logGet(43)) - raft.server.write.element-limit = 4096 (default)
2019-10-14 10:16:36,585 [12766659-8dbd-45fe-a653-6cb67784c51c@group-B0D3D8C6F802:LeaderElection12] INFO  impl.RoleInfo (RoleInfo.java:updateAndGet(143)) - 12766659-8dbd-45fe-a653-6cb67784c51c: start FollowerState
2019-10-14 10:16:36,585 [69359b74-77cd-417a-996d-8eb5cbff14f3@group-B0D3D8C6F802:LeaderElection11] INFO  server.RaftServerConfigKeys (ConfUtils.java:logGet(43)) - raft.server.watch.timeout = 10s (default)
2019-10-14 10:16:36,585 [69359b74-77cd-417a-996d-8eb5cbff14f3@group-B0D3D8C6F802:LeaderElection11] INFO  server.RaftServerConfigKeys (ConfUtils.java:logGet(43)) - raft.server.watch.timeout.denomination = 1s (default)
2019-10-14 10:16:36,586 [69359b74-77cd-417a-996d-8eb5cbff14f3@group-B0D3D8C6F802:LeaderElection11] INFO  server.RaftServerConfigKeys (ConfUtils.java:logGet(43)) - raft.server.watch.element-limit = 65536 (default)
2019-10-14 10:16:36,589 [69359b74-77cd-417a-996d-8eb5cbff14f3@group-B0D3D8C6F802:LeaderElection11] INFO  server.RaftServerConfigKeys (ConfUtils.java:logGet(43)) - raft.server.log.appender.snapshot.chunk.size.max = 16MB (=16777216) (default)
2019-10-14 10:16:36,590 [69359b74-77cd-417a-996d-8eb5cbff14f3@group-B0D3D8C6F802:LeaderElection11] INFO  server.RaftServerConfigKeys (ConfUtils.java:logGet(43)) - raft.server.log.appender.buffer.byte-limit = 33554432 (custom)
2019-10-14 10:16:36,590 [69359b74-77cd-417a-996d-8eb5cbff14f3@group-B0D3D8C6F802:LeaderElection11] INFO  server.RaftServerConfigKeys (ConfUtils.java:logGet(43)) - raft.server.log.appender.buffer.element-limit = 1 (custom)
2019-10-14 10:16:36,590 [69359b74-77cd-417a-996d-8eb5cbff14f3@group-B0D3D8C6F802:LeaderElection11] INFO  grpc.GrpcConfigKeys$Server (ConfUtils.java:logGet(43)) - raft.grpc.server.leader.outstanding.appends.max = 128 (default)
2019-10-14 10:16:36,591 [69359b74-77cd-417a-996d-8eb5cbff14f3@group-B0D3D8C6F802:LeaderElection11] INFO  server.RaftServerConfigKeys (ConfUtils.java:logGet(43)) - raft.server.rpc.request.timeout = 3000ms (default)
2019-10-14 10:16:36,591 [Thread-399] INFO  impl.FollowerState (FollowerState.java:run(106)) - 4eb4d5a4-3e1a-49a8-b14d-79a7ce4055ad:group-9DEE1023DC78 changes to CANDIDATE, lastRpcTime:5065, electionTimeout:5065ms
2019-10-14 10:16:36,591 [69359b74-77cd-417a-996d-8eb5cbff14f3@group-B0D3D8C6F802:LeaderElection11] INFO  server.RaftServerConfigKeys (ConfUtils.java:logGet(43)) - raft.server.log.appender.install.snapshot.enabled = false (custom)
2019-10-14 10:16:36,591 [Thread-399] INFO  impl.RoleInfo (RoleInfo.java:shutdownFollowerState(121)) - 4eb4d5a4-3e1a-49a8-b14d-79a7ce4055ad: shutdown FollowerState
2019-10-14 10:16:36,591 [69359b74-77cd-417a-996d-8eb5cbff14f3@group-B0D3D8C6F802:LeaderElection11] INFO  server.RaftServerConfigKeys (ConfUtils.java:logGet(43)) - raft.server.log.appender.snapshot.chunk.size.max = 16MB (=16777216) (default)
2019-10-14 10:16:36,591 [Thread-399] INFO  impl.RaftServerImpl (RaftServerImpl.java:setRole(174)) - 4eb4d5a4-3e1a-49a8-b14d-79a7ce4055ad@group-9DEE1023DC78: changes role from  FOLLOWER to CANDIDATE at term 0 for changeToCandidate
2019-10-14 10:16:36,592 [69359b74-77cd-417a-996d-8eb5cbff14f3@group-B0D3D8C6F802:LeaderElection11] INFO  server.RaftServerConfigKeys (ConfUtils.java:logGet(43)) - raft.server.log.appender.buffer.byte-limit = 33554432 (custom)
2019-10-14 10:16:36,592 [Thread-399] INFO  impl.RoleInfo (RoleInfo.java:updateAndGet(143)) - 4eb4d5a4-3e1a-49a8-b14d-79a7ce4055ad: start LeaderElection
2019-10-14 10:16:36,592 [69359b74-77cd-417a-996d-8eb5cbff14f3@group-B0D3D8C6F802:LeaderElection11] INFO  server.RaftServerConfigKeys (ConfUtils.java:logGet(43)) - raft.server.log.appender.buffer.element-limit = 1 (custom)
2019-10-14 10:16:36,595 [69359b74-77cd-417a-996d-8eb5cbff14f3@group-B0D3D8C6F802:LeaderElection11] INFO  grpc.GrpcConfigKeys$Server (ConfUtils.java:logGet(43)) - raft.grpc.server.leader.outstanding.appends.max = 128 (default)
2019-10-14 10:16:36,597 [69359b74-77cd-417a-996d-8eb5cbff14f3@group-B0D3D8C6F802:LeaderElection11] INFO  server.RaftServerConfigKeys (ConfUtils.java:logGet(43)) - raft.server.rpc.request.timeout = 3000ms (default)
2019-10-14 10:16:36,597 [69359b74-77cd-417a-996d-8eb5cbff14f3@group-B0D3D8C6F802:LeaderElection11] INFO  server.RaftServerConfigKeys (ConfUtils.java:logGet(43)) - raft.server.log.appender.install.snapshot.enabled = false (custom)
2019-10-14 10:16:36,598 [69359b74-77cd-417a-996d-8eb5cbff14f3@group-B0D3D8C6F802:LeaderElection11] INFO  impl.RoleInfo (RoleInfo.java:updateAndGet(143)) - 69359b74-77cd-417a-996d-8eb5cbff14f3: start LeaderState
2019-10-14 10:16:36,598 [69359b74-77cd-417a-996d-8eb5cbff14f3@group-B0D3D8C6F802:LeaderElection11] INFO  segmented.SegmentedRaftLogWorker (SegmentedRaftLogWorker.java:startLogSegment(380)) - 69359b74-77cd-417a-996d-8eb5cbff14f3@group-B0D3D8C6F802-SegmentedRaftLogWorker: Starting segment from index:0
2019-10-14 10:16:36,599 [69359b74-77cd-417a-996d-8eb5cbff14f3@group-B0D3D8C6F802:LeaderElection11] INFO  impl.RaftServerImpl (ServerState.java:setRaftConf(354)) - 69359b74-77cd-417a-996d-8eb5cbff14f3@group-B0D3D8C6F802: set configuration 0: [69359b74-77cd-417a-996d-8eb5cbff14f3:192.168.164.214:33676, 12766659-8dbd-45fe-a653-6cb67784c51c:192.168.164.214:41727, 4ca2631b-862e-40c8-a81a-0c3f018b6063:192.168.164.214:33839], old=null at 0
2019-10-14 10:16:36,601 [grpc-default-executor-0] INFO  impl.RaftServerImpl (ServerState.java:setLeader(253)) - 4ca2631b-862e-40c8-a81a-0c3f018b6063@group-B0D3D8C6F802: change Leader from null to 69359b74-77cd-417a-996d-8eb5cbff14f3 at term 1 for appendEntries, leader elected after 5226ms
2019-10-14 10:16:36,602 [grpc-default-executor-0] INFO  impl.RaftServerImpl (ServerState.java:setLeader(253)) - 12766659-8dbd-45fe-a653-6cb67784c51c@group-B0D3D8C6F802: change Leader from null to 69359b74-77cd-417a-996d-8eb5cbff14f3 at term 1 for appendEntries, leader elected after 5226ms
2019-10-14 10:16:36,603 [12766659-8dbd-45fe-a653-6cb67784c51c@group-508B0E637BCD-SegmentedRaftLogWorker] INFO  segmented.SegmentedRaftLogWorker (SegmentedRaftLogWorker.java:execute(569)) - 12766659-8dbd-45fe-a653-6cb67784c51c@group-508B0E637BCD-SegmentedRaftLogWorker: created new log segment /workdir/hadoop-ozone/ozonefs/target/test-dir/MiniOzoneClusterImpl-85c09e26-9b56-4407-9c77-57370d286ecc/datanode-3/data/ratis/9a712b9d-f1c5-48b9-872a-508b0e637bcd/current/log_inprogress_0
2019-10-14 10:16:36,603 [69359b74-77cd-417a-996d-8eb5cbff14f3@group-508B0E637BCD-SegmentedRaftLogWorker] INFO  segmented.SegmentedRaftLogWorker (SegmentedRaftLogWorker.java:execute(569)) - 69359b74-77cd-417a-996d-8eb5cbff14f3@group-508B0E637BCD-SegmentedRaftLogWorker: created new log segment /workdir/hadoop-ozone/ozonefs/target/test-dir/MiniOzoneClusterImpl-85c09e26-9b56-4407-9c77-57370d286ecc/datanode-2/data/ratis/9a712b9d-f1c5-48b9-872a-508b0e637bcd/current/log_inprogress_0
2019-10-14 10:16:36,605 [grpc-default-executor-0] INFO  impl.RaftServerImpl (ServerState.java:setRaftConf(354)) - 4ca2631b-862e-40c8-a81a-0c3f018b6063@group-B0D3D8C6F802: set configuration 0: [69359b74-77cd-417a-996d-8eb5cbff14f3:192.168.164.214:33676, 12766659-8dbd-45fe-a653-6cb67784c51c:192.168.164.214:41727, 4ca2631b-862e-40c8-a81a-0c3f018b6063:192.168.164.214:33839], old=null at 0
2019-10-14 10:16:36,606 [grpc-default-executor-0] INFO  segmented.SegmentedRaftLogWorker (SegmentedRaftLogWorker.java:startLogSegment(380)) - 4ca2631b-862e-40c8-a81a-0c3f018b6063@group-B0D3D8C6F802-SegmentedRaftLogWorker: Starting segment from index:0
2019-10-14 10:16:36,606 [grpc-default-executor-1] INFO  impl.RaftServerImpl (ServerState.java:setRaftConf(354)) - 12766659-8dbd-45fe-a653-6cb67784c51c@group-B0D3D8C6F802: set configuration 0: [69359b74-77cd-417a-996d-8eb5cbff14f3:192.168.164.214:33676, 12766659-8dbd-45fe-a653-6cb67784c51c:192.168.164.214:41727, 4ca2631b-862e-40c8-a81a-0c3f018b6063:192.168.164.214:33839], old=null at 0
2019-10-14 10:16:36,607 [grpc-default-executor-1] INFO  segmented.SegmentedRaftLogWorker (SegmentedRaftLogWorker.java:startLogSegment(380)) - 12766659-8dbd-45fe-a653-6cb67784c51c@group-B0D3D8C6F802-SegmentedRaftLogWorker: Starting segment from index:0
2019-10-14 10:16:36,651 [Thread-404] INFO  impl.FollowerState (FollowerState.java:run(106)) - 36f3336e-6b3c-49fc-b34e-8bc963cfdec7:group-8D18ED4DA9CA changes to CANDIDATE, lastRpcTime:5011, electionTimeout:5004ms
2019-10-14 10:16:36,651 [Thread-398] INFO  impl.FollowerState (FollowerState.java:run(106)) - 42ae3f72-3e55-4c14-b24f-d3b02ec81393:group-9DEE1023DC78 changes to CANDIDATE, lastRpcTime:5126, electionTimeout:5121ms
2019-10-14 10:16:36,651 [Thread-394] INFO  impl.FollowerState (FollowerState.java:run(106)) - 36f3336e-6b3c-49fc-b34e-8bc963cfdec7:group-9DEE1023DC78 changes to CANDIDATE, lastRpcTime:5136, electionTimeout:5136ms
2019-10-14 10:16:36,651 [Thread-404] INFO  impl.RoleInfo (RoleInfo.java:shutdownFollowerState(121)) - 36f3336e-6b3c-49fc-b34e-8bc963cfdec7: shutdown FollowerState
2019-10-14 10:16:36,652 [4eb4d5a4-3e1a-49a8-b14d-79a7ce4055ad@group-9DEE1023DC78:LeaderElection13] INFO  impl.LeaderElection (LeaderElection.java:askForVotes(182)) - 4eb4d5a4-3e1a-49a8-b14d-79a7ce4055ad@group-9DEE1023DC78:LeaderElection13: begin an election at term 1 for -1: [42ae3f72-3e55-4c14-b24f-d3b02ec81393:192.168.164.214:34660, 4eb4d5a4-3e1a-49a8-b14d-79a7ce4055ad:192.168.164.214:33269, 36f3336e-6b3c-49fc-b34e-8bc963cfdec7:192.168.164.214:33495], old=null
2019-10-14 10:16:36,651 [Thread-394] INFO  impl.RoleInfo (RoleInfo.java:shutdownFollowerState(121)) - 36f3336e-6b3c-49fc-b34e-8bc963cfdec7: shutdown FollowerState
2019-10-14 10:16:36,651 [Thread-398] INFO  impl.RoleInfo (RoleInfo.java:shutdownFollowerState(121)) - 42ae3f72-3e55-4c14-b24f-d3b02ec81393: shutdown FollowerState
2019-10-14 10:16:36,652 [Thread-394] INFO  impl.RaftServerImpl (RaftServerImpl.java:setRole(174)) - 36f3336e-6b3c-49fc-b34e-8bc963cfdec7@group-9DEE1023DC78: changes role from  FOLLOWER to CANDIDATE at term 0 for changeToCandidate
2019-10-14 10:16:36,652 [Thread-404] INFO  impl.RaftServerImpl (RaftServerImpl.java:setRole(174)) - 36f3336e-6b3c-49fc-b34e-8bc963cfdec7@group-8D18ED4DA9CA: changes role from  FOLLOWER to CANDIDATE at term 0 for changeToCandidate
2019-10-14 10:16:36,652 [Thread-394] INFO  impl.RoleInfo (RoleInfo.java:updateAndGet(143)) - 36f3336e-6b3c-49fc-b34e-8bc963cfdec7: start LeaderElection
2019-10-14 10:16:36,652 [Thread-398] INFO  impl.RaftServerImpl (RaftServerImpl.java:setRole(174)) - 42ae3f72-3e55-4c14-b24f-d3b02ec81393@group-9DEE1023DC78: changes role from  FOLLOWER to CANDIDATE at term 0 for changeToCandidate
2019-10-14 10:16:36,652 [Thread-404] INFO  impl.RoleInfo (RoleInfo.java:updateAndGet(143)) - 36f3336e-6b3c-49fc-b34e-8bc963cfdec7: start LeaderElection
2019-10-14 10:16:36,652 [Thread-398] INFO  impl.RoleInfo (RoleInfo.java:updateAndGet(143)) - 42ae3f72-3e55-4c14-b24f-d3b02ec81393: start LeaderElection
2019-10-14 10:16:36,672 [Thread-407] INFO  impl.FollowerState (FollowerState.java:run(106)) - 4eb4d5a4-3e1a-49a8-b14d-79a7ce4055ad:group-8D18ED4DA9CA changes to CANDIDATE, lastRpcTime:5009, electionTimeout:5003ms
2019-10-14 10:16:36,674 [Thread-407] INFO  impl.RoleInfo (RoleInfo.java:shutdownFollowerState(121)) - 4eb4d5a4-3e1a-49a8-b14d-79a7ce4055ad: shutdown FollowerState
2019-10-14 10:16:36,681 [69359b74-77cd-417a-996d-8eb5cbff14f3@group-B0D3D8C6F802-SegmentedRaftLogWorker] INFO  segmented.SegmentedRaftLogWorker (SegmentedRaftLogWorker.java:execute(569)) - 69359b74-77cd-417a-996d-8eb5cbff14f3@group-B0D3D8C6F802-SegmentedRaftLogWorker: created new log segment /workdir/hadoop-ozone/ozonefs/target/test-dir/MiniOzoneClusterImpl-85c09e26-9b56-4407-9c77-57370d286ecc/datanode-2/data/ratis/eb13ff8d-8323-4fe8-980f-b0d3d8c6f802/current/log_inprogress_0
2019-10-14 10:16:36,681 [Thread-407] INFO  impl.RaftServerImpl (RaftServerImpl.java:setRole(174)) - 4eb4d5a4-3e1a-49a8-b14d-79a7ce4055ad@group-8D18ED4DA9CA: changes role from  FOLLOWER to CANDIDATE at term 0 for changeToCandidate
2019-10-14 10:16:36,681 [4ca2631b-862e-40c8-a81a-0c3f018b6063@group-B0D3D8C6F802-SegmentedRaftLogWorker] INFO  segmented.SegmentedRaftLogWorker (SegmentedRaftLogWorker.java:execute(569)) - 4ca2631b-862e-40c8-a81a-0c3f018b6063@group-B0D3D8C6F802-SegmentedRaftLogWorker: created new log segment /workdir/hadoop-ozone/ozonefs/target/test-dir/MiniOzoneClusterImpl-85c09e26-9b56-4407-9c77-57370d286ecc/datanode-0/data/ratis/eb13ff8d-8323-4fe8-980f-b0d3d8c6f802/current/log_inprogress_0
2019-10-14 10:16:36,681 [12766659-8dbd-45fe-a653-6cb67784c51c@group-B0D3D8C6F802-SegmentedRaftLogWorker] INFO  segmented.SegmentedRaftLogWorker (SegmentedRaftLogWorker.java:execute(569)) - 12766659-8dbd-45fe-a653-6cb67784c51c@group-B0D3D8C6F802-SegmentedRaftLogWorker: created new log segment /workdir/hadoop-ozone/ozonefs/target/test-dir/MiniOzoneClusterImpl-85c09e26-9b56-4407-9c77-57370d286ecc/datanode-3/data/ratis/eb13ff8d-8323-4fe8-980f-b0d3d8c6f802/current/log_inprogress_0
2019-10-14 10:16:36,681 [Thread-407] INFO  impl.RoleInfo (RoleInfo.java:updateAndGet(143)) - 4eb4d5a4-3e1a-49a8-b14d-79a7ce4055ad: start LeaderElection
2019-10-14 10:16:36,705 [4eb4d5a4-3e1a-49a8-b14d-79a7ce4055ad@group-8D18ED4DA9CA:LeaderElection17] INFO  impl.LeaderElection (LeaderElection.java:askForVotes(182)) - 4eb4d5a4-3e1a-49a8-b14d-79a7ce4055ad@group-8D18ED4DA9CA:LeaderElection17: begin an election at term 1 for -1: [42ae3f72-3e55-4c14-b24f-d3b02ec81393:192.168.164.214:34660, 4eb4d5a4-3e1a-49a8-b14d-79a7ce4055ad:192.168.164.214:33269, 36f3336e-6b3c-49fc-b34e-8bc963cfdec7:192.168.164.214:33495], old=null
2019-10-14 10:16:36,705 [42ae3f72-3e55-4c14-b24f-d3b02ec81393@group-9DEE1023DC78:LeaderElection16] INFO  impl.LeaderElection (LeaderElection.java:askForVotes(182)) - 42ae3f72-3e55-4c14-b24f-d3b02ec81393@group-9DEE1023DC78:LeaderElection16: begin an election at term 1 for -1: [42ae3f72-3e55-4c14-b24f-d3b02ec81393:192.168.164.214:34660, 4eb4d5a4-3e1a-49a8-b14d-79a7ce4055ad:192.168.164.214:33269, 36f3336e-6b3c-49fc-b34e-8bc963cfdec7:192.168.164.214:33495], old=null
2019-10-14 10:16:36,705 [36f3336e-6b3c-49fc-b34e-8bc963cfdec7@group-9DEE1023DC78:LeaderElection14] INFO  impl.LeaderElection (LeaderElection.java:askForVotes(182)) - 36f3336e-6b3c-49fc-b34e-8bc963cfdec7@group-9DEE1023DC78:LeaderElection14: begin an election at term 1 for -1: [42ae3f72-3e55-4c14-b24f-d3b02ec81393:192.168.164.214:34660, 4eb4d5a4-3e1a-49a8-b14d-79a7ce4055ad:192.168.164.214:33269, 36f3336e-6b3c-49fc-b34e-8bc963cfdec7:192.168.164.214:33495], old=null
2019-10-14 10:16:36,705 [36f3336e-6b3c-49fc-b34e-8bc963cfdec7@group-8D18ED4DA9CA:LeaderElection15] INFO  impl.LeaderElection (LeaderElection.java:askForVotes(182)) - 36f3336e-6b3c-49fc-b34e-8bc963cfdec7@group-8D18ED4DA9CA:LeaderElection15: begin an election at term 1 for -1: [42ae3f72-3e55-4c14-b24f-d3b02ec81393:192.168.164.214:34660, 4eb4d5a4-3e1a-49a8-b14d-79a7ce4055ad:192.168.164.214:33269, 36f3336e-6b3c-49fc-b34e-8bc963cfdec7:192.168.164.214:33495], old=null
2019-10-14 10:16:36,725 [4eb4d5a4-3e1a-49a8-b14d-79a7ce4055ad@group-9DEE1023DC78:LeaderElection13] INFO  impl.LeaderElection (LeaderElection.java:logAndReturn(56)) - 4eb4d5a4-3e1a-49a8-b14d-79a7ce4055ad@group-9DEE1023DC78:LeaderElection13: Election REJECTED; received 2 response(s) [4eb4d5a4-3e1a-49a8-b14d-79a7ce4055ad<-42ae3f72-3e55-4c14-b24f-d3b02ec81393#0:FAIL-t1, 4eb4d5a4-3e1a-49a8-b14d-79a7ce4055ad<-36f3336e-6b3c-49fc-b34e-8bc963cfdec7#0:FAIL-t1] and 0 exception(s); 4eb4d5a4-3e1a-49a8-b14d-79a7ce4055ad@group-9DEE1023DC78:t1, leader=null, voted=4eb4d5a4-3e1a-49a8-b14d-79a7ce4055ad, raftlog=4eb4d5a4-3e1a-49a8-b14d-79a7ce4055ad@group-9DEE1023DC78-SegmentedRaftLog:OPENED:c-1,f-1,i0, conf=-1: [42ae3f72-3e55-4c14-b24f-d3b02ec81393:192.168.164.214:34660, 4eb4d5a4-3e1a-49a8-b14d-79a7ce4055ad:192.168.164.214:33269, 36f3336e-6b3c-49fc-b34e-8bc963cfdec7:192.168.164.214:33495], old=null
2019-10-14 10:16:36,726 [4eb4d5a4-3e1a-49a8-b14d-79a7ce4055ad@group-9DEE1023DC78:LeaderElection13] INFO  impl.RaftServerImpl (RaftServerImpl.java:setRole(174)) - 4eb4d5a4-3e1a-49a8-b14d-79a7ce4055ad@group-9DEE1023DC78: changes role from CANDIDATE to FOLLOWER at term 1 for DISCOVERED_A_NEW_TERM
2019-10-14 10:16:36,730 [4eb4d5a4-3e1a-49a8-b14d-79a7ce4055ad@group-9DEE1023DC78:LeaderElection13] INFO  impl.RoleInfo (RoleInfo.java:shutdownLeaderElection(134)) - 4eb4d5a4-3e1a-49a8-b14d-79a7ce4055ad: shutdown LeaderElection
2019-10-14 10:16:36,732 [4eb4d5a4-3e1a-49a8-b14d-79a7ce4055ad@group-9DEE1023DC78:LeaderElection13] INFO  impl.RoleInfo (RoleInfo.java:updateAndGet(143)) - 4eb4d5a4-3e1a-49a8-b14d-79a7ce4055ad: start FollowerState
2019-10-14 10:16:36,734 [grpc-default-executor-0] INFO  impl.RaftServerImpl (RaftServerImpl.java:setRole(174)) - 42ae3f72-3e55-4c14-b24f-d3b02ec81393@group-8D18ED4DA9CA: changes role from  FOLLOWER to FOLLOWER at term 1 for recognizeCandidate:4eb4d5a4-3e1a-49a8-b14d-79a7ce4055ad
2019-10-14 10:16:36,736 [grpc-default-executor-0] INFO  impl.RoleInfo (RoleInfo.java:shutdownFollowerState(121)) - 42ae3f72-3e55-4c14-b24f-d3b02ec81393: shutdown FollowerState
2019-10-14 10:16:36,736 [grpc-default-executor-0] INFO  impl.RoleInfo (RoleInfo.java:updateAndGet(143)) - 42ae3f72-3e55-4c14-b24f-d3b02ec81393: start FollowerState
2019-10-14 10:16:36,736 [Thread-409] INFO  impl.FollowerState (FollowerState.java:run(115)) - 42ae3f72-3e55-4c14-b24f-d3b02ec81393: FollowerState was interrupted: java.lang.InterruptedException: sleep interrupted
2019-10-14 10:16:36,757 [42ae3f72-3e55-4c14-b24f-d3b02ec81393@group-9DEE1023DC78:LeaderElection16] INFO  impl.LeaderElection (LeaderElection.java:logAndReturn(56)) - 42ae3f72-3e55-4c14-b24f-d3b02ec81393@group-9DEE1023DC78:LeaderElection16: Election REJECTED; received 2 response(s) [42ae3f72-3e55-4c14-b24f-d3b02ec81393<-36f3336e-6b3c-49fc-b34e-8bc963cfdec7#0:FAIL-t1, 42ae3f72-3e55-4c14-b24f-d3b02ec81393<-4eb4d5a4-3e1a-49a8-b14d-79a7ce4055ad#0:FAIL-t1] and 0 exception(s); 42ae3f72-3e55-4c14-b24f-d3b02ec81393@group-9DEE1023DC78:t1, leader=null, voted=42ae3f72-3e55-4c14-b24f-d3b02ec81393, raftlog=42ae3f72-3e55-4c14-b24f-d3b02ec81393@group-9DEE1023DC78-SegmentedRaftLog:OPENED:c-1,f-1,i0, conf=-1: [42ae3f72-3e55-4c14-b24f-d3b02ec81393:192.168.164.214:34660, 4eb4d5a4-3e1a-49a8-b14d-79a7ce4055ad:192.168.164.214:33269, 36f3336e-6b3c-49fc-b34e-8bc963cfdec7:192.168.164.214:33495], old=null
2019-10-14 10:16:36,758 [42ae3f72-3e55-4c14-b24f-d3b02ec81393@group-9DEE1023DC78:LeaderElection16] INFO  impl.RaftServerImpl (RaftServerImpl.java:setRole(174)) - 42ae3f72-3e55-4c14-b24f-d3b02ec81393@group-9DEE1023DC78: changes role from CANDIDATE to FOLLOWER at term 1 for DISCOVERED_A_NEW_TERM
2019-10-14 10:16:36,759 [42ae3f72-3e55-4c14-b24f-d3b02ec81393@group-9DEE1023DC78:LeaderElection16] INFO  impl.RoleInfo (RoleInfo.java:shutdownLeaderElection(134)) - 42ae3f72-3e55-4c14-b24f-d3b02ec81393: shutdown LeaderElection
2019-10-14 10:16:36,761 [42ae3f72-3e55-4c14-b24f-d3b02ec81393@group-9DEE1023DC78:LeaderElection16] INFO  impl.RoleInfo (RoleInfo.java:updateAndGet(143)) - 42ae3f72-3e55-4c14-b24f-d3b02ec81393: start FollowerState
2019-10-14 10:16:36,774 [36f3336e-6b3c-49fc-b34e-8bc963cfdec7@group-9DEE1023DC78:LeaderElection14] INFO  impl.LeaderElection (LeaderElection.java:logAndReturn(56)) - 36f3336e-6b3c-49fc-b34e-8bc963cfdec7@group-9DEE1023DC78:LeaderElection14: Election REJECTED; received 2 response(s) [36f3336e-6b3c-49fc-b34e-8bc963cfdec7<-42ae3f72-3e55-4c14-b24f-d3b02ec81393#0:FAIL-t1, 36f3336e-6b3c-49fc-b34e-8bc963cfdec7<-4eb4d5a4-3e1a-49a8-b14d-79a7ce4055ad#0:FAIL-t1] and 0 exception(s); 36f3336e-6b3c-49fc-b34e-8bc963cfdec7@group-9DEE1023DC78:t1, leader=null, voted=36f3336e-6b3c-49fc-b34e-8bc963cfdec7, raftlog=36f3336e-6b3c-49fc-b34e-8bc963cfdec7@group-9DEE1023DC78-SegmentedRaftLog:OPENED:c-1,f-1,i0, conf=-1: [42ae3f72-3e55-4c14-b24f-d3b02ec81393:192.168.164.214:34660, 4eb4d5a4-3e1a-49a8-b14d-79a7ce4055ad:192.168.164.214:33269, 36f3336e-6b3c-49fc-b34e-8bc963cfdec7:192.168.164.214:33495], old=null
2019-10-14 10:16:36,776 [36f3336e-6b3c-49fc-b34e-8bc963cfdec7@group-8D18ED4DA9CA:LeaderElection15] INFO  impl.LeaderElection (LeaderElection.java:logAndReturn(56)) - 36f3336e-6b3c-49fc-b34e-8bc963cfdec7@group-8D18ED4DA9CA:LeaderElection15: Election REJECTED; received 2 response(s) [36f3336e-6b3c-49fc-b34e-8bc963cfdec7<-42ae3f72-3e55-4c14-b24f-d3b02ec81393#0:FAIL-t1, 36f3336e-6b3c-49fc-b34e-8bc963cfdec7<-4eb4d5a4-3e1a-49a8-b14d-79a7ce4055ad#0:FAIL-t1] and 0 exception(s); 36f3336e-6b3c-49fc-b34e-8bc963cfdec7@group-8D18ED4DA9CA:t1, leader=null, voted=36f3336e-6b3c-49fc-b34e-8bc963cfdec7, raftlog=36f3336e-6b3c-49fc-b34e-8bc963cfdec7@group-8D18ED4DA9CA-SegmentedRaftLog:OPENED:c-1,f-1,i0, conf=-1: [42ae3f72-3e55-4c14-b24f-d3b02ec81393:192.168.164.214:34660, 4eb4d5a4-3e1a-49a8-b14d-79a7ce4055ad:192.168.164.214:33269, 36f3336e-6b3c-49fc-b34e-8bc963cfdec7:192.168.164.214:33495], old=null
2019-10-14 10:16:36,776 [36f3336e-6b3c-49fc-b34e-8bc963cfdec7@group-9DEE1023DC78:LeaderElection14] INFO  impl.RaftServerImpl (RaftServerImpl.java:setRole(174)) - 36f3336e-6b3c-49fc-b34e-8bc963cfdec7@group-9DEE1023DC78: changes role from CANDIDATE to FOLLOWER at term 1 for DISCOVERED_A_NEW_TERM
2019-10-14 10:16:36,776 [36f3336e-6b3c-49fc-b34e-8bc963cfdec7@group-8D18ED4DA9CA:LeaderElection15] INFO  impl.RaftServerImpl (RaftServerImpl.java:setRole(174)) - 36f3336e-6b3c-49fc-b34e-8bc963cfdec7@group-8D18ED4DA9CA: changes role from CANDIDATE to FOLLOWER at term 1 for DISCOVERED_A_NEW_TERM
2019-10-14 10:16:36,781 [36f3336e-6b3c-49fc-b34e-8bc963cfdec7@group-8D18ED4DA9CA:LeaderElection15] INFO  impl.RoleInfo (RoleInfo.java:shutdownLeaderElection(134)) - 36f3336e-6b3c-49fc-b34e-8bc963cfdec7: shutdown LeaderElection
2019-10-14 10:16:36,779 [36f3336e-6b3c-49fc-b34e-8bc963cfdec7@group-9DEE1023DC78:LeaderElection14] INFO  impl.RoleInfo (RoleInfo.java:shutdownLeaderElection(134)) - 36f3336e-6b3c-49fc-b34e-8bc963cfdec7: shutdown LeaderElection
2019-10-14 10:16:36,781 [36f3336e-6b3c-49fc-b34e-8bc963cfdec7@group-8D18ED4DA9CA:LeaderElection15] INFO  impl.RoleInfo (RoleInfo.java:updateAndGet(143)) - 36f3336e-6b3c-49fc-b34e-8bc963cfdec7: start FollowerState
2019-10-14 10:16:36,781 [4eb4d5a4-3e1a-49a8-b14d-79a7ce4055ad@group-8D18ED4DA9CA:LeaderElection17] INFO  impl.LeaderElection (LeaderElection.java:logAndReturn(56)) - 4eb4d5a4-3e1a-49a8-b14d-79a7ce4055ad@group-8D18ED4DA9CA:LeaderElection17: Election PASSED; received 2 response(s) [4eb4d5a4-3e1a-49a8-b14d-79a7ce4055ad<-42ae3f72-3e55-4c14-b24f-d3b02ec81393#0:OK-t1, 4eb4d5a4-3e1a-49a8-b14d-79a7ce4055ad<-36f3336e-6b3c-49fc-b34e-8bc963cfdec7#0:FAIL-t1] and 0 exception(s); 4eb4d5a4-3e1a-49a8-b14d-79a7ce4055ad@group-8D18ED4DA9CA:t1, leader=null, voted=4eb4d5a4-3e1a-49a8-b14d-79a7ce4055ad, raftlog=4eb4d5a4-3e1a-49a8-b14d-79a7ce4055ad@group-8D18ED4DA9CA-SegmentedRaftLog:OPENED:c-1,f-1,i0, conf=-1: [42ae3f72-3e55-4c14-b24f-d3b02ec81393:192.168.164.214:34660, 4eb4d5a4-3e1a-49a8-b14d-79a7ce4055ad:192.168.164.214:33269, 36f3336e-6b3c-49fc-b34e-8bc963cfdec7:192.168.164.214:33495], old=null
2019-10-14 10:16:36,781 [36f3336e-6b3c-49fc-b34e-8bc963cfdec7@group-9DEE1023DC78:LeaderElection14] INFO  impl.RoleInfo (RoleInfo.java:updateAndGet(143)) - 36f3336e-6b3c-49fc-b34e-8bc963cfdec7: start FollowerState
2019-10-14 10:16:36,782 [4eb4d5a4-3e1a-49a8-b14d-79a7ce4055ad@group-8D18ED4DA9CA:LeaderElection17] INFO  impl.RoleInfo (RoleInfo.java:shutdownLeaderElection(134)) - 4eb4d5a4-3e1a-49a8-b14d-79a7ce4055ad: shutdown LeaderElection
2019-10-14 10:16:36,789 [4eb4d5a4-3e1a-49a8-b14d-79a7ce4055ad@group-8D18ED4DA9CA:LeaderElection17] INFO  impl.RaftServerImpl (RaftServerImpl.java:setRole(174)) - 4eb4d5a4-3e1a-49a8-b14d-79a7ce4055ad@group-8D18ED4DA9CA: changes role from CANDIDATE to LEADER at term 1 for changeToLeader
2019-10-14 10:16:36,792 [4eb4d5a4-3e1a-49a8-b14d-79a7ce4055ad@group-8D18ED4DA9CA:LeaderElection17] INFO  impl.RaftServerImpl (ServerState.java:setLeader(253)) - 4eb4d5a4-3e1a-49a8-b14d-79a7ce4055ad@group-8D18ED4DA9CA: change Leader from null to 4eb4d5a4-3e1a-49a8-b14d-79a7ce4055ad at term 1 for becomeLeader, leader elected after 5163ms
2019-10-14 10:16:36,792 [4eb4d5a4-3e1a-49a8-b14d-79a7ce4055ad@group-8D18ED4DA9CA:LeaderElection17] INFO  server.RaftServerConfigKeys (ConfUtils.java:logGet(43)) - raft.server.staging.catchup.gap = 1000 (default)
2019-10-14 10:16:36,792 [4eb4d5a4-3e1a-49a8-b14d-79a7ce4055ad@group-8D18ED4DA9CA:LeaderElection17] INFO  server.RaftServerConfigKeys (ConfUtils.java:logGet(43)) - raft.server.rpc.sleep.time = 25ms (default)
2019-10-14 10:16:36,792 [4eb4d5a4-3e1a-49a8-b14d-79a7ce4055ad@group-8D18ED4DA9CA:LeaderElection17] INFO  server.RaftServerConfigKeys (ConfUtils.java:logGet(43)) - raft.server.write.element-limit = 4096 (default)
2019-10-14 10:16:36,793 [4eb4d5a4-3e1a-49a8-b14d-79a7ce4055ad@group-8D18ED4DA9CA:LeaderElection17] INFO  server.RaftServerConfigKeys (ConfUtils.java:logGet(43)) - raft.server.watch.timeout = 10s (default)
2019-10-14 10:16:36,793 [4eb4d5a4-3e1a-49a8-b14d-79a7ce4055ad@group-8D18ED4DA9CA:LeaderElection17] INFO  server.RaftServerConfigKeys (ConfUtils.java:logGet(43)) - raft.server.watch.timeout.denomination = 1s (default)
2019-10-14 10:16:36,793 [4eb4d5a4-3e1a-49a8-b14d-79a7ce4055ad@group-8D18ED4DA9CA:LeaderElection17] INFO  server.RaftServerConfigKeys (ConfUtils.java:logGet(43)) - raft.server.watch.element-limit = 65536 (default)
2019-10-14 10:16:36,796 [4eb4d5a4-3e1a-49a8-b14d-79a7ce4055ad@group-8D18ED4DA9CA:LeaderElection17] INFO  server.RaftServerConfigKeys (ConfUtils.java:logGet(43)) - raft.server.log.appender.snapshot.chunk.size.max = 16MB (=16777216) (default)
2019-10-14 10:16:36,796 [4eb4d5a4-3e1a-49a8-b14d-79a7ce4055ad@group-8D18ED4DA9CA:LeaderElection17] INFO  server.RaftServerConfigKeys (ConfUtils.java:logGet(43)) - raft.server.log.appender.buffer.byte-limit = 33554432 (custom)
2019-10-14 10:16:36,796 [4eb4d5a4-3e1a-49a8-b14d-79a7ce4055ad@group-8D18ED4DA9CA:LeaderElection17] INFO  server.RaftServerConfigKeys (ConfUtils.java:logGet(43)) - raft.server.log.appender.buffer.element-limit = 1 (custom)
2019-10-14 10:16:36,797 [4eb4d5a4-3e1a-49a8-b14d-79a7ce4055ad@group-8D18ED4DA9CA:LeaderElection17] INFO  grpc.GrpcConfigKeys$Server (ConfUtils.java:logGet(43)) - raft.grpc.server.leader.outstanding.appends.max = 128 (default)
2019-10-14 10:16:36,797 [4eb4d5a4-3e1a-49a8-b14d-79a7ce4055ad@group-8D18ED4DA9CA:LeaderElection17] INFO  server.RaftServerConfigKeys (ConfUtils.java:logGet(43)) - raft.server.rpc.request.timeout = 3000ms (default)
2019-10-14 10:16:36,797 [4eb4d5a4-3e1a-49a8-b14d-79a7ce4055ad@group-8D18ED4DA9CA:LeaderElection17] INFO  server.RaftServerConfigKeys (ConfUtils.java:logGet(43)) - raft.server.log.appender.install.snapshot.enabled = false (custom)
2019-10-14 10:16:36,797 [4eb4d5a4-3e1a-49a8-b14d-79a7ce4055ad@group-8D18ED4DA9CA:LeaderElection17] INFO  server.RaftServerConfigKeys (ConfUtils.java:logGet(43)) - raft.server.log.appender.snapshot.chunk.size.max = 16MB (=16777216) (default)
2019-10-14 10:16:36,797 [4eb4d5a4-3e1a-49a8-b14d-79a7ce4055ad@group-8D18ED4DA9CA:LeaderElection17] INFO  server.RaftServerConfigKeys (ConfUtils.java:logGet(43)) - raft.server.log.appender.buffer.byte-limit = 33554432 (custom)
2019-10-14 10:16:36,798 [4eb4d5a4-3e1a-49a8-b14d-79a7ce4055ad@group-8D18ED4DA9CA:LeaderElection17] INFO  server.RaftServerConfigKeys (ConfUtils.java:logGet(43)) - raft.server.log.appender.buffer.element-limit = 1 (custom)
2019-10-14 10:16:36,798 [4eb4d5a4-3e1a-49a8-b14d-79a7ce4055ad@group-8D18ED4DA9CA:LeaderElection17] INFO  grpc.GrpcConfigKeys$Server (ConfUtils.java:logGet(43)) - raft.grpc.server.leader.outstanding.appends.max = 128 (default)
2019-10-14 10:16:36,798 [4eb4d5a4-3e1a-49a8-b14d-79a7ce4055ad@group-8D18ED4DA9CA:LeaderElection17] INFO  server.RaftServerConfigKeys (ConfUtils.java:logGet(43)) - raft.server.rpc.request.timeout = 3000ms (default)
2019-10-14 10:16:36,798 [4eb4d5a4-3e1a-49a8-b14d-79a7ce4055ad@group-8D18ED4DA9CA:LeaderElection17] INFO  server.RaftServerConfigKeys (ConfUtils.java:logGet(43)) - raft.server.log.appender.install.snapshot.enabled = false (custom)
2019-10-14 10:16:36,799 [4eb4d5a4-3e1a-49a8-b14d-79a7ce4055ad@group-8D18ED4DA9CA:LeaderElection17] INFO  impl.RoleInfo (RoleInfo.java:updateAndGet(143)) - 4eb4d5a4-3e1a-49a8-b14d-79a7ce4055ad: start LeaderState
2019-10-14 10:16:36,799 [4eb4d5a4-3e1a-49a8-b14d-79a7ce4055ad@group-8D18ED4DA9CA:LeaderElection17] INFO  segmented.SegmentedRaftLogWorker (SegmentedRaftLogWorker.java:startLogSegment(380)) - 4eb4d5a4-3e1a-49a8-b14d-79a7ce4055ad@group-8D18ED4DA9CA-SegmentedRaftLogWorker: Starting segment from index:0
2019-10-14 10:16:36,800 [4eb4d5a4-3e1a-49a8-b14d-79a7ce4055ad@group-8D18ED4DA9CA:LeaderElection17] INFO  impl.RaftServerImpl (ServerState.java:setRaftConf(354)) - 4eb4d5a4-3e1a-49a8-b14d-79a7ce4055ad@group-8D18ED4DA9CA: set configuration 0: [42ae3f72-3e55-4c14-b24f-d3b02ec81393:192.168.164.214:34660, 4eb4d5a4-3e1a-49a8-b14d-79a7ce4055ad:192.168.164.214:33269, 36f3336e-6b3c-49fc-b34e-8bc963cfdec7:192.168.164.214:33495], old=null at 0
2019-10-14 10:16:36,833 [grpc-default-executor-0] INFO  impl.RaftServerImpl (ServerState.java:setLeader(253)) - 36f3336e-6b3c-49fc-b34e-8bc963cfdec7@group-8D18ED4DA9CA: change Leader from null to 4eb4d5a4-3e1a-49a8-b14d-79a7ce4055ad at term 1 for appendEntries, leader elected after 5204ms
2019-10-14 10:16:36,833 [grpc-default-executor-3] INFO  impl.RaftServerImpl (ServerState.java:setLeader(253)) - 42ae3f72-3e55-4c14-b24f-d3b02ec81393@group-8D18ED4DA9CA: change Leader from null to 4eb4d5a4-3e1a-49a8-b14d-79a7ce4055ad at term 1 for appendEntries, leader elected after 5203ms
2019-10-14 10:16:36,836 [grpc-default-executor-0] INFO  impl.RaftServerImpl (ServerState.java:setRaftConf(354)) - 36f3336e-6b3c-49fc-b34e-8bc963cfdec7@group-8D18ED4DA9CA: set configuration 0: [42ae3f72-3e55-4c14-b24f-d3b02ec81393:192.168.164.214:34660, 4eb4d5a4-3e1a-49a8-b14d-79a7ce4055ad:192.168.164.214:33269, 36f3336e-6b3c-49fc-b34e-8bc963cfdec7:192.168.164.214:33495], old=null at 0
2019-10-14 10:16:36,837 [grpc-default-executor-3] INFO  impl.RaftServerImpl (ServerState.java:setRaftConf(354)) - 42ae3f72-3e55-4c14-b24f-d3b02ec81393@group-8D18ED4DA9CA: set configuration 0: [42ae3f72-3e55-4c14-b24f-d3b02ec81393:192.168.164.214:34660, 4eb4d5a4-3e1a-49a8-b14d-79a7ce4055ad:192.168.164.214:33269, 36f3336e-6b3c-49fc-b34e-8bc963cfdec7:192.168.164.214:33495], old=null at 0
2019-10-14 10:16:36,837 [grpc-default-executor-0] INFO  segmented.SegmentedRaftLogWorker (SegmentedRaftLogWorker.java:startLogSegment(380)) - 36f3336e-6b3c-49fc-b34e-8bc963cfdec7@group-8D18ED4DA9CA-SegmentedRaftLogWorker: Starting segment from index:0
2019-10-14 10:16:36,837 [grpc-default-executor-3] INFO  segmented.SegmentedRaftLogWorker (SegmentedRaftLogWorker.java:startLogSegment(380)) - 42ae3f72-3e55-4c14-b24f-d3b02ec81393@group-8D18ED4DA9CA-SegmentedRaftLogWorker: Starting segment from index:0
2019-10-14 10:16:36,864 [4eb4d5a4-3e1a-49a8-b14d-79a7ce4055ad@group-8D18ED4DA9CA-SegmentedRaftLogWorker] INFO  segmented.SegmentedRaftLogWorker (SegmentedRaftLogWorker.java:execute(569)) - 4eb4d5a4-3e1a-49a8-b14d-79a7ce4055ad@group-8D18ED4DA9CA-SegmentedRaftLogWorker: created new log segment /workdir/hadoop-ozone/ozonefs/target/test-dir/MiniOzoneClusterImpl-85c09e26-9b56-4407-9c77-57370d286ecc/datanode-1/data/ratis/8f5f178f-19cb-4cf8-a5f6-8d18ed4da9ca/current/log_inprogress_0
2019-10-14 10:16:36,898 [42ae3f72-3e55-4c14-b24f-d3b02ec81393@group-8D18ED4DA9CA-SegmentedRaftLogWorker] INFO  segmented.SegmentedRaftLogWorker (SegmentedRaftLogWorker.java:execute(569)) - 42ae3f72-3e55-4c14-b24f-d3b02ec81393@group-8D18ED4DA9CA-SegmentedRaftLogWorker: created new log segment /workdir/hadoop-ozone/ozonefs/target/test-dir/MiniOzoneClusterImpl-85c09e26-9b56-4407-9c77-57370d286ecc/datanode-5/data/ratis/8f5f178f-19cb-4cf8-a5f6-8d18ed4da9ca/current/log_inprogress_0
2019-10-14 10:16:36,898 [36f3336e-6b3c-49fc-b34e-8bc963cfdec7@group-8D18ED4DA9CA-SegmentedRaftLogWorker] INFO  segmented.SegmentedRaftLogWorker (SegmentedRaftLogWorker.java:execute(569)) - 36f3336e-6b3c-49fc-b34e-8bc963cfdec7@group-8D18ED4DA9CA-SegmentedRaftLogWorker: created new log segment /workdir/hadoop-ozone/ozonefs/target/test-dir/MiniOzoneClusterImpl-85c09e26-9b56-4407-9c77-57370d286ecc/datanode-4/data/ratis/8f5f178f-19cb-4cf8-a5f6-8d18ed4da9ca/current/log_inprogress_0
2019-10-14 10:16:38,312 [ForkJoinPool.commonPool-worker-0] INFO  ozoneimpl.OzoneContainer (OzoneContainer.java:stop(231)) - Attempting to stop container services.
2019-10-14 10:16:38,312 [main] INFO  ozoneimpl.OzoneContainer (OzoneContainer.java:stop(231)) - Attempting to stop container services.
2019-10-14 10:16:38,312 [ForkJoinPool.commonPool-worker-0] INFO  impl.RaftServerProxy (RaftServerProxy.java:lambda$close$4(314)) - 4eb4d5a4-3e1a-49a8-b14d-79a7ce4055ad: close
2019-10-14 10:16:38,313 [main] INFO  impl.RaftServerProxy (RaftServerProxy.java:lambda$close$4(314)) - 36f3336e-6b3c-49fc-b34e-8bc963cfdec7: close
2019-10-14 10:16:38,313 [ForkJoinPool.commonPool-worker-0] INFO  impl.RaftServerImpl (RaftServerImpl.java:lambda$shutdown$3(251)) - 4eb4d5a4-3e1a-49a8-b14d-79a7ce4055ad@group-9DEE1023DC78: shutdown
2019-10-14 10:16:38,313 [main] INFO  impl.RaftServerImpl (RaftServerImpl.java:lambda$shutdown$3(251)) - 36f3336e-6b3c-49fc-b34e-8bc963cfdec7@group-9DEE1023DC78: shutdown
2019-10-14 10:16:38,314 [ForkJoinPool.commonPool-worker-0] INFO  util.JmxRegister (JmxRegister.java:unregister(73)) - Successfully un-registered JMX Bean with object name Ratis:service=RaftServer,group=group-9DEE1023DC78,id=4eb4d5a4-3e1a-49a8-b14d-79a7ce4055ad
2019-10-14 10:16:38,314 [main] INFO  util.JmxRegister (JmxRegister.java:unregister(73)) - Successfully un-registered JMX Bean with object name Ratis:service=RaftServer,group=group-9DEE1023DC78,id=36f3336e-6b3c-49fc-b34e-8bc963cfdec7
2019-10-14 10:16:38,314 [ForkJoinPool.commonPool-worker-0] INFO  impl.RoleInfo (RoleInfo.java:shutdownFollowerState(121)) - 4eb4d5a4-3e1a-49a8-b14d-79a7ce4055ad: shutdown FollowerState
2019-10-14 10:16:38,315 [main] INFO  impl.RoleInfo (RoleInfo.java:shutdownFollowerState(121)) - 36f3336e-6b3c-49fc-b34e-8bc963cfdec7: shutdown FollowerState
2019-10-14 10:16:38,315 [Thread-501] INFO  impl.FollowerState (FollowerState.java:run(115)) - 4eb4d5a4-3e1a-49a8-b14d-79a7ce4055ad: FollowerState was interrupted: java.lang.InterruptedException: sleep interrupted
2019-10-14 10:16:38,315 [ForkJoinPool.commonPool-worker-0] INFO  impl.StateMachineUpdater (StateMachineUpdater.java:stopAndJoin(125)) - 4eb4d5a4-3e1a-49a8-b14d-79a7ce4055ad@group-9DEE1023DC78-StateMachineUpdater: set stopIndex = -1
2019-10-14 10:16:38,316 [Thread-505] INFO  impl.FollowerState (FollowerState.java:run(115)) - 36f3336e-6b3c-49fc-b34e-8bc963cfdec7: FollowerState was interrupted: java.lang.InterruptedException: sleep interrupted
2019-10-14 10:16:38,315 [main] INFO  impl.StateMachineUpdater (StateMachineUpdater.java:stopAndJoin(125)) - 36f3336e-6b3c-49fc-b34e-8bc963cfdec7@group-9DEE1023DC78-StateMachineUpdater: set stopIndex = -1
2019-10-14 10:16:38,320 [main] INFO  impl.RaftServerImpl (ServerState.java:close(385)) - 36f3336e-6b3c-49fc-b34e-8bc963cfdec7@group-9DEE1023DC78: closes. applyIndex: -1
2019-10-14 10:16:38,319 [ForkJoinPool.commonPool-worker-0] INFO  impl.RaftServerImpl (ServerState.java:close(385)) - 4eb4d5a4-3e1a-49a8-b14d-79a7ce4055ad@group-9DEE1023DC78: closes. applyIndex: -1
2019-10-14 10:16:38,321 [36f3336e-6b3c-49fc-b34e-8bc963cfdec7@group-9DEE1023DC78-SegmentedRaftLogWorker] INFO  segmented.SegmentedRaftLogWorker (SegmentedRaftLogWorker.java:run(313)) - 36f3336e-6b3c-49fc-b34e-8bc963cfdec7@group-9DEE1023DC78-SegmentedRaftLogWorker was interrupted, exiting. There are 0 tasks remaining in the queue.
2019-10-14 10:16:38,321 [main] INFO  segmented.SegmentedRaftLogWorker (SegmentedRaftLogWorker.java:close(228)) - 36f3336e-6b3c-49fc-b34e-8bc963cfdec7@group-9DEE1023DC78-SegmentedRaftLogWorker close()
2019-10-14 10:16:38,321 [4eb4d5a4-3e1a-49a8-b14d-79a7ce4055ad@group-9DEE1023DC78-SegmentedRaftLogWorker] INFO  segmented.SegmentedRaftLogWorker (SegmentedRaftLogWorker.java:run(313)) - 4eb4d5a4-3e1a-49a8-b14d-79a7ce4055ad@group-9DEE1023DC78-SegmentedRaftLogWorker was interrupted, exiting. There are 0 tasks remaining in the queue.
2019-10-14 10:16:38,324 [ForkJoinPool.commonPool-worker-0] INFO  segmented.SegmentedRaftLogWorker (SegmentedRaftLogWorker.java:close(228)) - 4eb4d5a4-3e1a-49a8-b14d-79a7ce4055ad@group-9DEE1023DC78-SegmentedRaftLogWorker close()
2019-10-14 10:16:38,326 [main] INFO  impl.RaftServerImpl (RaftServerImpl.java:lambda$shutdown$3(251)) - 36f3336e-6b3c-49fc-b34e-8bc963cfdec7@group-8D18ED4DA9CA: shutdown
2019-10-14 10:16:38,337 [ForkJoinPool.commonPool-worker-0] INFO  impl.RaftServerImpl (RaftServerImpl.java:lambda$shutdown$3(251)) - 4eb4d5a4-3e1a-49a8-b14d-79a7ce4055ad@group-873B333D3C83: shutdown
2019-10-14 10:16:38,338 [main] INFO  util.JmxRegister (JmxRegister.java:unregister(73)) - Successfully un-registered JMX Bean with object name Ratis:service=RaftServer,group=group-8D18ED4DA9CA,id=36f3336e-6b3c-49fc-b34e-8bc963cfdec7
2019-10-14 10:16:38,338 [ForkJoinPool.commonPool-worker-0] INFO  util.JmxRegister (JmxRegister.java:unregister(73)) - Successfully un-registered JMX Bean with object name Ratis:service=RaftServer,group=group-873B333D3C83,id=4eb4d5a4-3e1a-49a8-b14d-79a7ce4055ad
2019-10-14 10:16:38,338 [main] INFO  impl.RoleInfo (RoleInfo.java:shutdownFollowerState(121)) - 36f3336e-6b3c-49fc-b34e-8bc963cfdec7: shutdown FollowerState
2019-10-14 10:16:38,339 [ForkJoinPool.commonPool-worker-0] INFO  impl.RoleInfo (RoleInfo.java:shutdownLeaderState(104)) - 4eb4d5a4-3e1a-49a8-b14d-79a7ce4055ad: shutdown LeaderState
2019-10-14 10:16:38,339 [Thread-504] INFO  impl.FollowerState (FollowerState.java:run(115)) - 36f3336e-6b3c-49fc-b34e-8bc963cfdec7: FollowerState was interrupted: java.lang.InterruptedException: sleep interrupted
2019-10-14 10:16:38,339 [main] INFO  impl.StateMachineUpdater (StateMachineUpdater.java:stopAndJoin(125)) - 36f3336e-6b3c-49fc-b34e-8bc963cfdec7@group-8D18ED4DA9CA-StateMachineUpdater: set stopIndex = -1
2019-10-14 10:16:38,339 [ForkJoinPool.commonPool-worker-0] INFO  impl.PendingRequests (PendingRequests.java:sendNotLeaderResponses(202)) - 4eb4d5a4-3e1a-49a8-b14d-79a7ce4055ad-PendingRequests: sendNotLeaderResponses
2019-10-14 10:16:38,343 [main] INFO  impl.RaftServerImpl (ServerState.java:close(385)) - 36f3336e-6b3c-49fc-b34e-8bc963cfdec7@group-8D18ED4DA9CA: closes. applyIndex: -1
2019-10-14 10:16:38,344 [ForkJoinPool.commonPool-worker-0] INFO  impl.StateMachineUpdater (StateMachineUpdater.java:stopAndJoin(125)) - 4eb4d5a4-3e1a-49a8-b14d-79a7ce4055ad@group-873B333D3C83-StateMachineUpdater: set stopIndex = 0
2019-10-14 10:16:38,344 [36f3336e-6b3c-49fc-b34e-8bc963cfdec7@group-8D18ED4DA9CA-SegmentedRaftLogWorker] INFO  segmented.SegmentedRaftLogWorker (SegmentedRaftLogWorker.java:run(313)) - 36f3336e-6b3c-49fc-b34e-8bc963cfdec7@group-8D18ED4DA9CA-SegmentedRaftLogWorker was interrupted, exiting. There are 0 tasks remaining in the queue.
2019-10-14 10:16:38,344 [ForkJoinPool.commonPool-worker-0] INFO  impl.RaftServerImpl (ServerState.java:close(385)) - 4eb4d5a4-3e1a-49a8-b14d-79a7ce4055ad@group-873B333D3C83: closes. applyIndex: 0
2019-10-14 10:16:38,346 [main] INFO  segmented.SegmentedRaftLogWorker (SegmentedRaftLogWorker.java:close(228)) - 36f3336e-6b3c-49fc-b34e-8bc963cfdec7@group-8D18ED4DA9CA-SegmentedRaftLogWorker close()
2019-10-14 10:16:38,346 [4eb4d5a4-3e1a-49a8-b14d-79a7ce4055ad@group-873B333D3C83-SegmentedRaftLogWorker] INFO  segmented.SegmentedRaftLogWorker (SegmentedRaftLogWorker.java:run(313)) - 4eb4d5a4-3e1a-49a8-b14d-79a7ce4055ad@group-873B333D3C83-SegmentedRaftLogWorker was interrupted, exiting. There are 0 tasks remaining in the queue.
2019-10-14 10:16:38,350 [main] INFO  impl.RaftServerImpl (RaftServerImpl.java:lambda$shutdown$3(251)) - 36f3336e-6b3c-49fc-b34e-8bc963cfdec7@group-37E44AC3F958: shutdown
2019-10-14 10:16:38,352 [ForkJoinPool.commonPool-worker-0] INFO  segmented.SegmentedRaftLogWorker (SegmentedRaftLogWorker.java:close(228)) - 4eb4d5a4-3e1a-49a8-b14d-79a7ce4055ad@group-873B333D3C83-SegmentedRaftLogWorker close()
2019-10-14 10:16:38,352 [main] INFO  util.JmxRegister (JmxRegister.java:unregister(73)) - Successfully un-registered JMX Bean with object name Ratis:service=RaftServer,group=group-37E44AC3F958,id=36f3336e-6b3c-49fc-b34e-8bc963cfdec7
2019-10-14 10:16:38,355 [ForkJoinPool.commonPool-worker-0] INFO  impl.RaftServerImpl (RaftServerImpl.java:lambda$shutdown$3(251)) - 4eb4d5a4-3e1a-49a8-b14d-79a7ce4055ad@group-8D18ED4DA9CA: shutdown
2019-10-14 10:16:38,356 [main] INFO  impl.RoleInfo (RoleInfo.java:shutdownLeaderState(104)) - 36f3336e-6b3c-49fc-b34e-8bc963cfdec7: shutdown LeaderState
2019-10-14 10:16:38,356 [ForkJoinPool.commonPool-worker-0] INFO  util.JmxRegister (JmxRegister.java:unregister(73)) - Successfully un-registered JMX Bean with object name Ratis:service=RaftServer,group=group-8D18ED4DA9CA,id=4eb4d5a4-3e1a-49a8-b14d-79a7ce4055ad
2019-10-14 10:16:38,357 [main] INFO  impl.PendingRequests (PendingRequests.java:sendNotLeaderResponses(202)) - 36f3336e-6b3c-49fc-b34e-8bc963cfdec7-PendingRequests: sendNotLeaderResponses
2019-10-14 10:16:38,357 [ForkJoinPool.commonPool-worker-0] INFO  impl.RoleInfo (RoleInfo.java:shutdownLeaderState(104)) - 4eb4d5a4-3e1a-49a8-b14d-79a7ce4055ad: shutdown LeaderState
2019-10-14 10:16:38,357 [main] INFO  impl.StateMachineUpdater (StateMachineUpdater.java:stopAndJoin(125)) - 36f3336e-6b3c-49fc-b34e-8bc963cfdec7@group-37E44AC3F958-StateMachineUpdater: set stopIndex = 0
2019-10-14 10:16:38,361 [org.apache.ratis.server.impl.LogAppender$AppenderDaemon$$Lambda$230/1214125698@674d2f51] WARN  server.GrpcLogAppender (GrpcLogAppender.java:mayWait(143)) - 4eb4d5a4-3e1a-49a8-b14d-79a7ce4055ad@group-8D18ED4DA9CA->42ae3f72-3e55-4c14-b24f-d3b02ec81393-GrpcLogAppender: Wait interrupted by java.lang.InterruptedException
2019-10-14 10:16:38,360 [org.apache.ratis.server.impl.LogAppender$AppenderDaemon$$Lambda$230/1214125698@719cca0a] WARN  server.GrpcLogAppender (GrpcLogAppender.java:mayWait(143)) - 4eb4d5a4-3e1a-49a8-b14d-79a7ce4055ad@group-8D18ED4DA9CA->36f3336e-6b3c-49fc-b34e-8bc963cfdec7-GrpcLogAppender: Wait interrupted by java.lang.InterruptedException
2019-10-14 10:16:38,360 [ForkJoinPool.commonPool-worker-0] INFO  impl.PendingRequests (PendingRequests.java:sendNotLeaderResponses(202)) - 4eb4d5a4-3e1a-49a8-b14d-79a7ce4055ad-PendingRequests: sendNotLeaderResponses
2019-10-14 10:16:38,361 [main] INFO  impl.RaftServerImpl (ServerState.java:close(385)) - 36f3336e-6b3c-49fc-b34e-8bc963cfdec7@group-37E44AC3F958: closes. applyIndex: 0
2019-10-14 10:16:38,365 [grpc-default-executor-0] INFO  server.GrpcServerProtocolService (GrpcServerProtocolService.java:onCompleted(113)) - 42ae3f72-3e55-4c14-b24f-d3b02ec81393: Completed APPEND_ENTRIES, lastRequest: 4eb4d5a4-3e1a-49a8-b14d-79a7ce4055ad->42ae3f72-3e55-4c14-b24f-d3b02ec81393#1-t1, previous=(t:0, i:0), leaderCommit=-1, initializing? false, entries: size=1, first=(t:1, i:0), CONFIGURATIONENTRY
2019-10-14 10:16:38,365 [ForkJoinPool.commonPool-worker-0] INFO  impl.StateMachineUpdater (StateMachineUpdater.java:stopAndJoin(125)) - 4eb4d5a4-3e1a-49a8-b14d-79a7ce4055ad@group-8D18ED4DA9CA-StateMachineUpdater: set stopIndex = 0
2019-10-14 10:16:38,365 [36f3336e-6b3c-49fc-b34e-8bc963cfdec7@group-37E44AC3F958-SegmentedRaftLogWorker] INFO  segmented.SegmentedRaftLogWorker (SegmentedRaftLogWorker.java:run(313)) - 36f3336e-6b3c-49fc-b34e-8bc963cfdec7@group-37E44AC3F958-SegmentedRaftLogWorker was interrupted, exiting. There are 0 tasks remaining in the queue.
2019-10-14 10:16:38,365 [grpc-default-executor-3] INFO  server.GrpcServerProtocolService (GrpcServerProtocolService.java:onCompleted(113)) - 36f3336e-6b3c-49fc-b34e-8bc963cfdec7: Completed APPEND_ENTRIES, lastRequest: 4eb4d5a4-3e1a-49a8-b14d-79a7ce4055ad->36f3336e-6b3c-49fc-b34e-8bc963cfdec7#1-t1, previous=(t:0, i:0), leaderCommit=-1, initializing? false, entries: size=1, first=(t:1, i:0), CONFIGURATIONENTRY
2019-10-14 10:16:38,367 [ForkJoinPool.commonPool-worker-0] INFO  impl.RaftServerImpl (ServerState.java:close(385)) - 4eb4d5a4-3e1a-49a8-b14d-79a7ce4055ad@group-8D18ED4DA9CA: closes. applyIndex: 0
2019-10-14 10:16:38,371 [main] INFO  segmented.SegmentedRaftLogWorker (SegmentedRaftLogWorker.java:close(228)) - 36f3336e-6b3c-49fc-b34e-8bc963cfdec7@group-37E44AC3F958-SegmentedRaftLogWorker close()
2019-10-14 10:16:38,379 [grpc-default-executor-3] INFO  server.GrpcLogAppender (GrpcLogAppender.java:onCompleted(293)) - 4eb4d5a4-3e1a-49a8-b14d-79a7ce4055ad@group-8D18ED4DA9CA->42ae3f72-3e55-4c14-b24f-d3b02ec81393-AppendLogResponseHandler: follower responses appendEntries COMPLETED
2019-10-14 10:16:38,379 [4eb4d5a4-3e1a-49a8-b14d-79a7ce4055ad@group-8D18ED4DA9CA-SegmentedRaftLogWorker] INFO  segmented.SegmentedRaftLogWorker (SegmentedRaftLogWorker.java:run(313)) - 4eb4d5a4-3e1a-49a8-b14d-79a7ce4055ad@group-8D18ED4DA9CA-SegmentedRaftLogWorker was interrupted, exiting. There are 0 tasks remaining in the queue.
2019-10-14 10:16:38,383 [grpc-default-executor-0] INFO  server.GrpcLogAppender (GrpcLogAppender.java:onCompleted(293)) - 4eb4d5a4-3e1a-49a8-b14d-79a7ce4055ad@group-8D18ED4DA9CA->36f3336e-6b3c-49fc-b34e-8bc963cfdec7-AppendLogResponseHandler: follower responses appendEntries COMPLETED
2019-10-14 10:16:38,383 [main] INFO  server.GrpcService (GrpcService.java:closeImpl(164)) - 36f3336e-6b3c-49fc-b34e-8bc963cfdec7: shutdown server with port 33495 now
2019-10-14 10:16:38,390 [grpc-default-executor-3] INFO  impl.FollowerInfo (FollowerInfo.java:lambda$new$0(51)) - 4eb4d5a4-3e1a-49a8-b14d-79a7ce4055ad@group-8D18ED4DA9CA->42ae3f72-3e55-4c14-b24f-d3b02ec81393: nextIndex: updateUnconditionally 1 -> 0
2019-10-14 10:16:38,389 [ForkJoinPool.commonPool-worker-0] INFO  segmented.SegmentedRaftLogWorker (SegmentedRaftLogWorker.java:close(228)) - 4eb4d5a4-3e1a-49a8-b14d-79a7ce4055ad@group-8D18ED4DA9CA-SegmentedRaftLogWorker close()
2019-10-14 10:16:38,391 [grpc-default-executor-0] INFO  impl.FollowerInfo (FollowerInfo.java:lambda$new$0(51)) - 4eb4d5a4-3e1a-49a8-b14d-79a7ce4055ad@group-8D18ED4DA9CA->36f3336e-6b3c-49fc-b34e-8bc963cfdec7: nextIndex: updateUnconditionally 1 -> 0
2019-10-14 10:16:38,395 [ForkJoinPool.commonPool-worker-0] INFO  server.GrpcService (GrpcService.java:closeImpl(164)) - 4eb4d5a4-3e1a-49a8-b14d-79a7ce4055ad: shutdown server with port 33269 now
2019-10-14 10:16:38,396 [main] INFO  server.GrpcService (GrpcService.java:closeImpl(172)) - 36f3336e-6b3c-49fc-b34e-8bc963cfdec7: shutdown server with port 33495 successfully
2019-10-14 10:16:38,396 [ForkJoinPool.commonPool-worker-0] INFO  server.GrpcService (GrpcService.java:closeImpl(172)) - 4eb4d5a4-3e1a-49a8-b14d-79a7ce4055ad: shutdown server with port 33269 successfully
2019-10-14 10:16:38,410 [refreshUsed-/workdir/hadoop-ozone/ozonefs/target/test-dir/MiniOzoneClusterImpl-85c09e26-9b56-4407-9c77-57370d286ecc/datanode-1/data/containers] WARN  fs.CachingGetSpaceUsed (CachingGetSpaceUsed.java:run(183)) - Thread Interrupted waiting to refresh disk information: sleep interrupted
2019-10-14 10:16:38,410 [refreshUsed-/workdir/hadoop-ozone/ozonefs/target/test-dir/MiniOzoneClusterImpl-85c09e26-9b56-4407-9c77-57370d286ecc/datanode-4/data/containers] WARN  fs.CachingGetSpaceUsed (CachingGetSpaceUsed.java:run(183)) - Thread Interrupted waiting to refresh disk information: sleep interrupted
2019-10-14 10:16:38,446 [main] INFO  utils.BackgroundService (BackgroundService.java:shutdown(148)) - Shutting down service BlockDeletingService
2019-10-14 10:16:38,447 [ForkJoinPool.commonPool-worker-0] INFO  utils.BackgroundService (BackgroundService.java:shutdown(148)) - Shutting down service BlockDeletingService
2019-10-14 10:16:38,452 [ForkJoinPool.commonPool-worker-0] INFO  statemachine.DatanodeStateMachine (DatanodeStateMachine.java:stopDaemon(395)) - Ozone container server stopped.
2019-10-14 10:16:38,452 [main] INFO  statemachine.DatanodeStateMachine (DatanodeStateMachine.java:stopDaemon(395)) - Ozone container server stopped.
2019-10-14 10:16:38,458 [ForkJoinPool.commonPool-worker-0] INFO  handler.ContextHandler (ContextHandler.java:doStop(910)) - Stopped o.e.j.w.WebAppContext@6f2e1024{/,null,UNAVAILABLE}{/hddsDatanode}
2019-10-14 10:16:38,458 [main] INFO  handler.ContextHandler (ContextHandler.java:doStop(910)) - Stopped o.e.j.w.WebAppContext@6e3ecf5c{/,null,UNAVAILABLE}{/hddsDatanode}
2019-10-14 10:16:38,459 [ForkJoinPool.commonPool-worker-0] INFO  server.AbstractConnector (AbstractConnector.java:doStop(318)) - Stopped ServerConnector@536d97f8{HTTP/1.1,[http/1.1]}{0.0.0.0:0}
2019-10-14 10:16:38,460 [ForkJoinPool.commonPool-worker-0] INFO  handler.ContextHandler (ContextHandler.java:doStop(910)) - Stopped o.e.j.s.ServletContextHandler@4fd05028{/static,jar:file:/home/user/.m2/repository/org/apache/hadoop/hadoop-hdds-container-service/0.5.0-SNAPSHOT/hadoop-hdds-container-service-0.5.0-SNAPSHOT.jar!/webapps/static,UNAVAILABLE}
2019-10-14 10:16:38,461 [main] INFO  server.AbstractConnector (AbstractConnector.java:doStop(318)) - Stopped ServerConnector@67507df{HTTP/1.1,[http/1.1]}{0.0.0.0:0}
2019-10-14 10:16:38,462 [ForkJoinPool.commonPool-worker-0] INFO  handler.ContextHandler (ContextHandler.java:doStop(910)) - Stopped o.e.j.s.ServletContextHandler@7c112f5f{/logs,file:///workdir/hadoop-ozone/ozonefs/target/log,UNAVAILABLE}
2019-10-14 10:16:38,462 [main] INFO  handler.ContextHandler (ContextHandler.java:doStop(910)) - Stopped o.e.j.s.ServletContextHandler@76b47204{/static,jar:file:/home/user/.m2/repository/org/apache/hadoop/hadoop-hdds-container-service/0.5.0-SNAPSHOT/hadoop-hdds-container-service-0.5.0-SNAPSHOT.jar!/webapps/static,UNAVAILABLE}
2019-10-14 10:16:38,463 [main] INFO  handler.ContextHandler (ContextHandler.java:doStop(910)) - Stopped o.e.j.s.ServletContextHandler@1fc713c9{/logs,file:///workdir/hadoop-ozone/ozonefs/target/log,UNAVAILABLE}
2019-10-14 10:16:39,341 [Datanode State Machine Thread - 0] INFO  statemachine.DatanodeStateMachine (DatanodeStateMachine.java:lambda$startDaemon$0(350)) - Ozone container server started.
2019-10-14 10:16:39,344 [Datanode State Machine Thread - 0] INFO  statemachine.DatanodeStateMachine (DatanodeStateMachine.java:lambda$startDaemon$0(350)) - Ozone container server started.
2019-10-14 10:16:41,791 [Thread-503] INFO  impl.FollowerState (FollowerState.java:run(106)) - 42ae3f72-3e55-4c14-b24f-d3b02ec81393:group-9DEE1023DC78 changes to CANDIDATE, lastRpcTime:5030, electionTimeout:5028ms
2019-10-14 10:16:41,792 [Thread-503] INFO  impl.RoleInfo (RoleInfo.java:shutdownFollowerState(121)) - 42ae3f72-3e55-4c14-b24f-d3b02ec81393: shutdown FollowerState
2019-10-14 10:16:41,792 [Thread-503] INFO  impl.RaftServerImpl (RaftServerImpl.java:setRole(174)) - 42ae3f72-3e55-4c14-b24f-d3b02ec81393@group-9DEE1023DC78: changes role from  FOLLOWER to CANDIDATE at term 1 for changeToCandidate
2019-10-14 10:16:41,792 [Thread-503] INFO  impl.RoleInfo (RoleInfo.java:updateAndGet(143)) - 42ae3f72-3e55-4c14-b24f-d3b02ec81393: start LeaderElection
2019-10-14 10:16:41,840 [42ae3f72-3e55-4c14-b24f-d3b02ec81393@group-9DEE1023DC78:LeaderElection18] INFO  impl.LeaderElection (LeaderElection.java:askForVotes(182)) - 42ae3f72-3e55-4c14-b24f-d3b02ec81393@group-9DEE1023DC78:LeaderElection18: begin an election at term 2 for -1: [42ae3f72-3e55-4c14-b24f-d3b02ec81393:192.168.164.214:34660, 4eb4d5a4-3e1a-49a8-b14d-79a7ce4055ad:192.168.164.214:33269, 36f3336e-6b3c-49fc-b34e-8bc963cfdec7:192.168.164.214:33495], old=null
2019-10-14 10:16:41,846 [42ae3f72-3e55-4c14-b24f-d3b02ec81393@group-9DEE1023DC78:LeaderElection18] INFO  impl.LeaderElection (LogUtils.java:infoOrTrace(149)) - 42ae3f72-3e55-4c14-b24f-d3b02ec81393@group-9DEE1023DC78:LeaderElection18 got exception when requesting votes: {}
java.util.concurrent.ExecutionException: org.apache.ratis.thirdparty.io.grpc.StatusRuntimeException: UNAVAILABLE: io exception
	at java.util.concurrent.FutureTask.report(FutureTask.java:122)
	at java.util.concurrent.FutureTask.get(FutureTask.java:192)
	at org.apache.ratis.server.impl.LeaderElection.waitForResults(LeaderElection.java:263)
	at org.apache.ratis.server.impl.LeaderElection.askForVotes(LeaderElection.java:201)
	at org.apache.ratis.server.impl.LeaderElection.run(LeaderElection.java:133)
	at java.lang.Thread.run(Thread.java:748)
Caused by: org.apache.ratis.thirdparty.io.grpc.StatusRuntimeException: UNAVAILABLE: io exception
	at org.apache.ratis.thirdparty.io.grpc.stub.ClientCalls.toStatusRuntimeException(ClientCalls.java:233)
	at org.apache.ratis.thirdparty.io.grpc.stub.ClientCalls.getUnchecked(ClientCalls.java:214)
	at org.apache.ratis.thirdparty.io.grpc.stub.ClientCalls.blockingUnaryCall(ClientCalls.java:139)
	at org.apache.ratis.proto.grpc.RaftServerProtocolServiceGrpc$RaftServerProtocolServiceBlockingStub.requestVote(RaftServerProtocolServiceGrpc.java:265)
	at org.apache.ratis.grpc.server.GrpcServerProtocolClient.requestVote(GrpcServerProtocolClient.java:90)
	at org.apache.ratis.grpc.server.GrpcService.requestVote(GrpcService.java:204)
	at org.apache.ratis.server.impl.LeaderElection.lambda$submitRequests$1(LeaderElection.java:238)
	at java.util.concurrent.FutureTask.run(FutureTask.java:266)
	at java.util.concurrent.Executors$RunnableAdapter.call(Executors.java:511)
	at java.util.concurrent.FutureTask.run(FutureTask.java:266)
	at java.util.concurrent.ThreadPoolExecutor.runWorker(ThreadPoolExecutor.java:1149)
	at java.util.concurrent.ThreadPoolExecutor$Worker.run(ThreadPoolExecutor.java:624)
	... 1 more
Caused by: org.apache.ratis.thirdparty.io.netty.channel.AbstractChannel$AnnotatedConnectException: Connection refused: /192.168.164.214:33495
	at sun.nio.ch.SocketChannelImpl.checkConnect(Native Method)
	at sun.nio.ch.SocketChannelImpl.finishConnect(SocketChannelImpl.java:717)
	at org.apache.ratis.thirdparty.io.netty.channel.socket.nio.NioSocketChannel.doFinishConnect(NioSocketChannel.java:327)
	at org.apache.ratis.thirdparty.io.netty.channel.nio.AbstractNioChannel$AbstractNioUnsafe.finishConnect(AbstractNioChannel.java:340)
	at org.apache.ratis.thirdparty.io.netty.channel.nio.NioEventLoop.processSelectedKey(NioEventLoop.java:632)
	at org.apache.ratis.thirdparty.io.netty.channel.nio.NioEventLoop.processSelectedKeysOptimized(NioEventLoop.java:579)
	at org.apache.ratis.thirdparty.io.netty.channel.nio.NioEventLoop.processSelectedKeys(NioEventLoop.java:496)
	at org.apache.ratis.thirdparty.io.netty.channel.nio.NioEventLoop.run(NioEventLoop.java:458)
	at org.apache.ratis.thirdparty.io.netty.util.concurrent.SingleThreadEventExecutor$5.run(SingleThreadEventExecutor.java:897)
	at org.apache.ratis.thirdparty.io.netty.util.concurrent.FastThreadLocalRunnable.run(FastThreadLocalRunnable.java:30)
	... 1 more
Caused by: java.net.ConnectException: Connection refused
	... 11 more
2019-10-14 10:16:41,849 [42ae3f72-3e55-4c14-b24f-d3b02ec81393@group-9DEE1023DC78:LeaderElection18] INFO  impl.LeaderElection (LogUtils.java:infoOrTrace(149)) - 42ae3f72-3e55-4c14-b24f-d3b02ec81393@group-9DEE1023DC78:LeaderElection18 got exception when requesting votes: {}
java.util.concurrent.ExecutionException: org.apache.ratis.thirdparty.io.grpc.StatusRuntimeException: UNAVAILABLE: io exception
	at java.util.concurrent.FutureTask.report(FutureTask.java:122)
	at java.util.concurrent.FutureTask.get(FutureTask.java:192)
	at org.apache.ratis.server.impl.LeaderElection.waitForResults(LeaderElection.java:263)
	at org.apache.ratis.server.impl.LeaderElection.askForVotes(LeaderElection.java:201)
	at org.apache.ratis.server.impl.LeaderElection.run(LeaderElection.java:133)
	at java.lang.Thread.run(Thread.java:748)
Caused by: org.apache.ratis.thirdparty.io.grpc.StatusRuntimeException: UNAVAILABLE: io exception
	at org.apache.ratis.thirdparty.io.grpc.stub.ClientCalls.toStatusRuntimeException(ClientCalls.java:233)
	at org.apache.ratis.thirdparty.io.grpc.stub.ClientCalls.getUnchecked(ClientCalls.java:214)
	at org.apache.ratis.thirdparty.io.grpc.stub.ClientCalls.blockingUnaryCall(ClientCalls.java:139)
	at org.apache.ratis.proto.grpc.RaftServerProtocolServiceGrpc$RaftServerProtocolServiceBlockingStub.requestVote(RaftServerProtocolServiceGrpc.java:265)
	at org.apache.ratis.grpc.server.GrpcServerProtocolClient.requestVote(GrpcServerProtocolClient.java:90)
	at org.apache.ratis.grpc.server.GrpcService.requestVote(GrpcService.java:204)
	at org.apache.ratis.server.impl.LeaderElection.lambda$submitRequests$1(LeaderElection.java:238)
	at java.util.concurrent.FutureTask.run(FutureTask.java:266)
	at java.util.concurrent.Executors$RunnableAdapter.call(Executors.java:511)
	at java.util.concurrent.FutureTask.run(FutureTask.java:266)
	at java.util.concurrent.ThreadPoolExecutor.runWorker(ThreadPoolExecutor.java:1149)
	at java.util.concurrent.ThreadPoolExecutor$Worker.run(ThreadPoolExecutor.java:624)
	... 1 more
Caused by: org.apache.ratis.thirdparty.io.netty.channel.AbstractChannel$AnnotatedConnectException: Connection refused: /192.168.164.214:33269
	at sun.nio.ch.SocketChannelImpl.checkConnect(Native Method)
	at sun.nio.ch.SocketChannelImpl.finishConnect(SocketChannelImpl.java:717)
	at org.apache.ratis.thirdparty.io.netty.channel.socket.nio.NioSocketChannel.doFinishConnect(NioSocketChannel.java:327)
	at org.apache.ratis.thirdparty.io.netty.channel.nio.AbstractNioChannel$AbstractNioUnsafe.finishConnect(AbstractNioChannel.java:340)
	at org.apache.ratis.thirdparty.io.netty.channel.nio.NioEventLoop.processSelectedKey(NioEventLoop.java:632)
	at org.apache.ratis.thirdparty.io.netty.channel.nio.NioEventLoop.processSelectedKeysOptimized(NioEventLoop.java:579)
	at org.apache.ratis.thirdparty.io.netty.channel.nio.NioEventLoop.processSelectedKeys(NioEventLoop.java:496)
	at org.apache.ratis.thirdparty.io.netty.channel.nio.NioEventLoop.run(NioEventLoop.java:458)
	at org.apache.ratis.thirdparty.io.netty.util.concurrent.SingleThreadEventExecutor$5.run(SingleThreadEventExecutor.java:897)
	at org.apache.ratis.thirdparty.io.netty.util.concurrent.FastThreadLocalRunnable.run(FastThreadLocalRunnable.java:30)
	... 1 more
Caused by: java.net.ConnectException: Connection refused
	... 11 more
2019-10-14 10:16:41,852 [42ae3f72-3e55-4c14-b24f-d3b02ec81393@group-9DEE1023DC78:LeaderElection18] INFO  impl.LeaderElection (LeaderElection.java:logAndReturn(56)) - 42ae3f72-3e55-4c14-b24f-d3b02ec81393@group-9DEE1023DC78:LeaderElection18: Election REJECTED; received 0 response(s) [] and 2 exception(s); 42ae3f72-3e55-4c14-b24f-d3b02ec81393@group-9DEE1023DC78:t2, leader=null, voted=42ae3f72-3e55-4c14-b24f-d3b02ec81393, raftlog=42ae3f72-3e55-4c14-b24f-d3b02ec81393@group-9DEE1023DC78-SegmentedRaftLog:OPENED:c-1,f-1,i0, conf=-1: [42ae3f72-3e55-4c14-b24f-d3b02ec81393:192.168.164.214:34660, 4eb4d5a4-3e1a-49a8-b14d-79a7ce4055ad:192.168.164.214:33269, 36f3336e-6b3c-49fc-b34e-8bc963cfdec7:192.168.164.214:33495], old=null
2019-10-14 10:16:41,852 [42ae3f72-3e55-4c14-b24f-d3b02ec81393@group-9DEE1023DC78:LeaderElection18] INFO  impl.LeaderElection (LogUtils.java:infoOrTrace(149)) -   Exception 0: {}
java.util.concurrent.ExecutionException: org.apache.ratis.thirdparty.io.grpc.StatusRuntimeException: UNAVAILABLE: io exception
	at java.util.concurrent.FutureTask.report(FutureTask.java:122)
	at java.util.concurrent.FutureTask.get(FutureTask.java:192)
	at org.apache.ratis.server.impl.LeaderElection.waitForResults(LeaderElection.java:263)
	at org.apache.ratis.server.impl.LeaderElection.askForVotes(LeaderElection.java:201)
	at org.apache.ratis.server.impl.LeaderElection.run(LeaderElection.java:133)
	at java.lang.Thread.run(Thread.java:748)
Caused by: org.apache.ratis.thirdparty.io.grpc.StatusRuntimeException: UNAVAILABLE: io exception
	at org.apache.ratis.thirdparty.io.grpc.stub.ClientCalls.toStatusRuntimeException(ClientCalls.java:233)
	at org.apache.ratis.thirdparty.io.grpc.stub.ClientCalls.getUnchecked(ClientCalls.java:214)
	at org.apache.ratis.thirdparty.io.grpc.stub.ClientCalls.blockingUnaryCall(ClientCalls.java:139)
	at org.apache.ratis.proto.grpc.RaftServerProtocolServiceGrpc$RaftServerProtocolServiceBlockingStub.requestVote(RaftServerProtocolServiceGrpc.java:265)
	at org.apache.ratis.grpc.server.GrpcServerProtocolClient.requestVote(GrpcServerProtocolClient.java:90)
	at org.apache.ratis.grpc.server.GrpcService.requestVote(GrpcService.java:204)
	at org.apache.ratis.server.impl.LeaderElection.lambda$submitRequests$1(LeaderElection.java:238)
	at java.util.concurrent.FutureTask.run(FutureTask.java:266)
	at java.util.concurrent.Executors$RunnableAdapter.call(Executors.java:511)
	at java.util.concurrent.FutureTask.run(FutureTask.java:266)
	at java.util.concurrent.ThreadPoolExecutor.runWorker(ThreadPoolExecutor.java:1149)
	at java.util.concurrent.ThreadPoolExecutor$Worker.run(ThreadPoolExecutor.java:624)
	... 1 more
Caused by: org.apache.ratis.thirdparty.io.netty.channel.AbstractChannel$AnnotatedConnectException: Connection refused: /192.168.164.214:33495
	at sun.nio.ch.SocketChannelImpl.checkConnect(Native Method)
	at sun.nio.ch.SocketChannelImpl.finishConnect(SocketChannelImpl.java:717)
	at org.apache.ratis.thirdparty.io.netty.channel.socket.nio.NioSocketChannel.doFinishConnect(NioSocketChannel.java:327)
	at org.apache.ratis.thirdparty.io.netty.channel.nio.AbstractNioChannel$AbstractNioUnsafe.finishConnect(AbstractNioChannel.java:340)
	at org.apache.ratis.thirdparty.io.netty.channel.nio.NioEventLoop.processSelectedKey(NioEventLoop.java:632)
	at org.apache.ratis.thirdparty.io.netty.channel.nio.NioEventLoop.processSelectedKeysOptimized(NioEventLoop.java:579)
	at org.apache.ratis.thirdparty.io.netty.channel.nio.NioEventLoop.processSelectedKeys(NioEventLoop.java:496)
	at org.apache.ratis.thirdparty.io.netty.channel.nio.NioEventLoop.run(NioEventLoop.java:458)
	at org.apache.ratis.thirdparty.io.netty.util.concurrent.SingleThreadEventExecutor$5.run(SingleThreadEventExecutor.java:897)
	at org.apache.ratis.thirdparty.io.netty.util.concurrent.FastThreadLocalRunnable.run(FastThreadLocalRunnable.java:30)
	... 1 more
Caused by: java.net.ConnectException: Connection refused
	... 11 more
2019-10-14 10:16:41,853 [42ae3f72-3e55-4c14-b24f-d3b02ec81393@group-9DEE1023DC78:LeaderElection18] INFO  impl.LeaderElection (LogUtils.java:infoOrTrace(149)) -   Exception 1: {}
java.util.concurrent.ExecutionException: org.apache.ratis.thirdparty.io.grpc.StatusRuntimeException: UNAVAILABLE: io exception
	at java.util.concurrent.FutureTask.report(FutureTask.java:122)
	at java.util.concurrent.FutureTask.get(FutureTask.java:192)
	at org.apache.ratis.server.impl.LeaderElection.waitForResults(LeaderElection.java:263)
	at org.apache.ratis.server.impl.LeaderElection.askForVotes(LeaderElection.java:201)
	at org.apache.ratis.server.impl.LeaderElection.run(LeaderElection.java:133)
	at java.lang.Thread.run(Thread.java:748)
Caused by: org.apache.ratis.thirdparty.io.grpc.StatusRuntimeException: UNAVAILABLE: io exception
	at org.apache.ratis.thirdparty.io.grpc.stub.ClientCalls.toStatusRuntimeException(ClientCalls.java:233)
	at org.apache.ratis.thirdparty.io.grpc.stub.ClientCalls.getUnchecked(ClientCalls.java:214)
	at org.apache.ratis.thirdparty.io.grpc.stub.ClientCalls.blockingUnaryCall(ClientCalls.java:139)
	at org.apache.ratis.proto.grpc.RaftServerProtocolServiceGrpc$RaftServerProtocolServiceBlockingStub.requestVote(RaftServerProtocolServiceGrpc.java:265)
	at org.apache.ratis.grpc.server.GrpcServerProtocolClient.requestVote(GrpcServerProtocolClient.java:90)
	at org.apache.ratis.grpc.server.GrpcService.requestVote(GrpcService.java:204)
	at org.apache.ratis.server.impl.LeaderElection.lambda$submitRequests$1(LeaderElection.java:238)
	at java.util.concurrent.FutureTask.run(FutureTask.java:266)
	at java.util.concurrent.Executors$RunnableAdapter.call(Executors.java:511)
	at java.util.concurrent.FutureTask.run(FutureTask.java:266)
	at java.util.concurrent.ThreadPoolExecutor.runWorker(ThreadPoolExecutor.java:1149)
	at java.util.concurrent.ThreadPoolExecutor$Worker.run(ThreadPoolExecutor.java:624)
	... 1 more
Caused by: org.apache.ratis.thirdparty.io.netty.channel.AbstractChannel$AnnotatedConnectException: Connection refused: /192.168.164.214:33269
	at sun.nio.ch.SocketChannelImpl.checkConnect(Native Method)
	at sun.nio.ch.SocketChannelImpl.finishConnect(SocketChannelImpl.java:717)
	at org.apache.ratis.thirdparty.io.netty.channel.socket.nio.NioSocketChannel.doFinishConnect(NioSocketChannel.java:327)
	at org.apache.ratis.thirdparty.io.netty.channel.nio.AbstractNioChannel$AbstractNioUnsafe.finishConnect(AbstractNioChannel.java:340)
	at org.apache.ratis.thirdparty.io.netty.channel.nio.NioEventLoop.processSelectedKey(NioEventLoop.java:632)
	at org.apache.ratis.thirdparty.io.netty.channel.nio.NioEventLoop.processSelectedKeysOptimized(NioEventLoop.java:579)
	at org.apache.ratis.thirdparty.io.netty.channel.nio.NioEventLoop.processSelectedKeys(NioEventLoop.java:496)
	at org.apache.ratis.thirdparty.io.netty.channel.nio.NioEventLoop.run(NioEventLoop.java:458)
	at org.apache.ratis.thirdparty.io.netty.util.concurrent.SingleThreadEventExecutor$5.run(SingleThreadEventExecutor.java:897)
	at org.apache.ratis.thirdparty.io.netty.util.concurrent.FastThreadLocalRunnable.run(FastThreadLocalRunnable.java:30)
	... 1 more
Caused by: java.net.ConnectException: Connection refused
	... 11 more
2019-10-14 10:16:41,853 [42ae3f72-3e55-4c14-b24f-d3b02ec81393@group-9DEE1023DC78:LeaderElection18] INFO  impl.RaftServerImpl (RaftServerImpl.java:setRole(174)) - 42ae3f72-3e55-4c14-b24f-d3b02ec81393@group-9DEE1023DC78: changes role from CANDIDATE to FOLLOWER at term 2 for DISCOVERED_A_NEW_TERM
2019-10-14 10:16:41,856 [42ae3f72-3e55-4c14-b24f-d3b02ec81393@group-9DEE1023DC78:LeaderElection18] INFO  impl.RoleInfo (RoleInfo.java:shutdownLeaderElection(134)) - 42ae3f72-3e55-4c14-b24f-d3b02ec81393: shutdown LeaderElection
2019-10-14 10:16:41,857 [42ae3f72-3e55-4c14-b24f-d3b02ec81393@group-9DEE1023DC78:LeaderElection18] INFO  impl.RoleInfo (RoleInfo.java:updateAndGet(143)) - 42ae3f72-3e55-4c14-b24f-d3b02ec81393: start FollowerState
2019-10-14 10:16:43,464 [ForkJoinPool.commonPool-worker-0] INFO  ozoneimpl.OzoneContainer (OzoneContainer.java:stop(231)) - Attempting to stop container services.
2019-10-14 10:16:43,467 [main] INFO  ozoneimpl.OzoneContainer (OzoneContainer.java:stop(231)) - Attempting to stop container services.
2019-10-14 10:16:43,467 [ForkJoinPool.commonPool-worker-0] INFO  impl.RaftServerProxy (RaftServerProxy.java:lambda$close$4(314)) - 69359b74-77cd-417a-996d-8eb5cbff14f3: close
2019-10-14 10:16:43,468 [main] INFO  impl.RaftServerProxy (RaftServerProxy.java:lambda$close$4(314)) - 12766659-8dbd-45fe-a653-6cb67784c51c: close
2019-10-14 10:16:43,468 [ForkJoinPool.commonPool-worker-0] INFO  impl.RaftServerImpl (RaftServerImpl.java:lambda$shutdown$3(251)) - 69359b74-77cd-417a-996d-8eb5cbff14f3@group-B4849DA1EE78: shutdown
2019-10-14 10:16:43,468 [main] INFO  impl.RaftServerImpl (RaftServerImpl.java:lambda$shutdown$3(251)) - 12766659-8dbd-45fe-a653-6cb67784c51c@group-B0D3D8C6F802: shutdown
2019-10-14 10:16:43,468 [ForkJoinPool.commonPool-worker-0] INFO  util.JmxRegister (JmxRegister.java:unregister(73)) - Successfully un-registered JMX Bean with object name Ratis:service=RaftServer,group=group-B4849DA1EE78,id=69359b74-77cd-417a-996d-8eb5cbff14f3
2019-10-14 10:16:43,469 [main] INFO  util.JmxRegister (JmxRegister.java:unregister(73)) - Successfully un-registered JMX Bean with object name Ratis:service=RaftServer,group=group-B0D3D8C6F802,id=12766659-8dbd-45fe-a653-6cb67784c51c
2019-10-14 10:16:43,470 [main] INFO  impl.RoleInfo (RoleInfo.java:shutdownFollowerState(121)) - 12766659-8dbd-45fe-a653-6cb67784c51c: shutdown FollowerState
2019-10-14 10:16:43,470 [main] INFO  impl.StateMachineUpdater (StateMachineUpdater.java:stopAndJoin(125)) - 12766659-8dbd-45fe-a653-6cb67784c51c@group-B0D3D8C6F802-StateMachineUpdater: set stopIndex = 0
2019-10-14 10:16:43,469 [ForkJoinPool.commonPool-worker-0] INFO  impl.RoleInfo (RoleInfo.java:shutdownLeaderState(104)) - 69359b74-77cd-417a-996d-8eb5cbff14f3: shutdown LeaderState
2019-10-14 10:16:43,471 [main] INFO  impl.RaftServerImpl (ServerState.java:close(385)) - 12766659-8dbd-45fe-a653-6cb67784c51c@group-B0D3D8C6F802: closes. applyIndex: 0
2019-10-14 10:16:43,470 [Thread-475] INFO  impl.FollowerState (FollowerState.java:run(115)) - 12766659-8dbd-45fe-a653-6cb67784c51c: FollowerState was interrupted: java.lang.InterruptedException: sleep interrupted
2019-10-14 10:16:43,471 [ForkJoinPool.commonPool-worker-0] INFO  impl.PendingRequests (PendingRequests.java:sendNotLeaderResponses(202)) - 69359b74-77cd-417a-996d-8eb5cbff14f3-PendingRequests: sendNotLeaderResponses
2019-10-14 10:16:43,472 [12766659-8dbd-45fe-a653-6cb67784c51c@group-B0D3D8C6F802-SegmentedRaftLogWorker] INFO  segmented.SegmentedRaftLogWorker (SegmentedRaftLogWorker.java:run(313)) - 12766659-8dbd-45fe-a653-6cb67784c51c@group-B0D3D8C6F802-SegmentedRaftLogWorker was interrupted, exiting. There are 0 tasks remaining in the queue.
2019-10-14 10:16:43,472 [ForkJoinPool.commonPool-worker-0] INFO  impl.StateMachineUpdater (StateMachineUpdater.java:stopAndJoin(125)) - 69359b74-77cd-417a-996d-8eb5cbff14f3@group-B4849DA1EE78-StateMachineUpdater: set stopIndex = 0
2019-10-14 10:16:43,474 [main] INFO  segmented.SegmentedRaftLogWorker (SegmentedRaftLogWorker.java:close(228)) - 12766659-8dbd-45fe-a653-6cb67784c51c@group-B0D3D8C6F802-SegmentedRaftLogWorker close()
2019-10-14 10:16:43,474 [ForkJoinPool.commonPool-worker-0] INFO  impl.RaftServerImpl (ServerState.java:close(385)) - 69359b74-77cd-417a-996d-8eb5cbff14f3@group-B4849DA1EE78: closes. applyIndex: 0
2019-10-14 10:16:43,478 [main] INFO  impl.RaftServerImpl (RaftServerImpl.java:lambda$shutdown$3(251)) - 12766659-8dbd-45fe-a653-6cb67784c51c@group-154F1A29DE1A: shutdown
2019-10-14 10:16:43,479 [69359b74-77cd-417a-996d-8eb5cbff14f3@group-B4849DA1EE78-SegmentedRaftLogWorker] INFO  segmented.SegmentedRaftLogWorker (SegmentedRaftLogWorker.java:run(313)) - 69359b74-77cd-417a-996d-8eb5cbff14f3@group-B4849DA1EE78-SegmentedRaftLogWorker was interrupted, exiting. There are 0 tasks remaining in the queue.
2019-10-14 10:16:43,479 [main] INFO  util.JmxRegister (JmxRegister.java:unregister(73)) - Successfully un-registered JMX Bean with object name Ratis:service=RaftServer,group=group-154F1A29DE1A,id=12766659-8dbd-45fe-a653-6cb67784c51c
2019-10-14 10:16:43,481 [ForkJoinPool.commonPool-worker-0] INFO  segmented.SegmentedRaftLogWorker (SegmentedRaftLogWorker.java:close(228)) - 69359b74-77cd-417a-996d-8eb5cbff14f3@group-B4849DA1EE78-SegmentedRaftLogWorker close()
2019-10-14 10:16:43,481 [main] INFO  impl.RoleInfo (RoleInfo.java:shutdownLeaderState(104)) - 12766659-8dbd-45fe-a653-6cb67784c51c: shutdown LeaderState
2019-10-14 10:16:43,493 [ForkJoinPool.commonPool-worker-0] INFO  impl.RaftServerImpl (RaftServerImpl.java:lambda$shutdown$3(251)) - 69359b74-77cd-417a-996d-8eb5cbff14f3@group-B0D3D8C6F802: shutdown
2019-10-14 10:16:43,493 [main] INFO  impl.PendingRequests (PendingRequests.java:sendNotLeaderResponses(202)) - 12766659-8dbd-45fe-a653-6cb67784c51c-PendingRequests: sendNotLeaderResponses
2019-10-14 10:16:43,493 [ForkJoinPool.commonPool-worker-0] INFO  util.JmxRegister (JmxRegister.java:unregister(73)) - Successfully un-registered JMX Bean with object name Ratis:service=RaftServer,group=group-B0D3D8C6F802,id=69359b74-77cd-417a-996d-8eb5cbff14f3
2019-10-14 10:16:43,494 [main] INFO  impl.StateMachineUpdater (StateMachineUpdater.java:stopAndJoin(125)) - 12766659-8dbd-45fe-a653-6cb67784c51c@group-154F1A29DE1A-StateMachineUpdater: set stopIndex = 0
2019-10-14 10:16:43,494 [ForkJoinPool.commonPool-worker-0] INFO  impl.RoleInfo (RoleInfo.java:shutdownLeaderState(104)) - 69359b74-77cd-417a-996d-8eb5cbff14f3: shutdown LeaderState
2019-10-14 10:16:43,495 [main] INFO  impl.RaftServerImpl (ServerState.java:close(385)) - 12766659-8dbd-45fe-a653-6cb67784c51c@group-154F1A29DE1A: closes. applyIndex: 0
2019-10-14 10:16:43,499 [org.apache.ratis.server.impl.LogAppender$AppenderDaemon$$Lambda$230/1214125698@651e556] WARN  server.GrpcLogAppender (GrpcLogAppender.java:mayWait(143)) - 69359b74-77cd-417a-996d-8eb5cbff14f3@group-B0D3D8C6F802->12766659-8dbd-45fe-a653-6cb67784c51c-GrpcLogAppender: Wait interrupted by java.lang.InterruptedException
2019-10-14 10:16:43,499 [org.apache.ratis.server.impl.LogAppender$AppenderDaemon$$Lambda$230/1214125698@172ac7ec] WARN  server.GrpcLogAppender (GrpcLogAppender.java:mayWait(143)) - 69359b74-77cd-417a-996d-8eb5cbff14f3@group-B0D3D8C6F802->4ca2631b-862e-40c8-a81a-0c3f018b6063-GrpcLogAppender: Wait interrupted by java.lang.InterruptedException
2019-10-14 10:16:43,499 [ForkJoinPool.commonPool-worker-0] INFO  impl.PendingRequests (PendingRequests.java:sendNotLeaderResponses(202)) - 69359b74-77cd-417a-996d-8eb5cbff14f3-PendingRequests: sendNotLeaderResponses
2019-10-14 10:16:43,499 [12766659-8dbd-45fe-a653-6cb67784c51c@group-154F1A29DE1A-SegmentedRaftLogWorker] INFO  segmented.SegmentedRaftLogWorker (SegmentedRaftLogWorker.java:run(313)) - 12766659-8dbd-45fe-a653-6cb67784c51c@group-154F1A29DE1A-SegmentedRaftLogWorker was interrupted, exiting. There are 0 tasks remaining in the queue.
2019-10-14 10:16:43,500 [ForkJoinPool.commonPool-worker-0] INFO  impl.StateMachineUpdater (StateMachineUpdater.java:stopAndJoin(125)) - 69359b74-77cd-417a-996d-8eb5cbff14f3@group-B0D3D8C6F802-StateMachineUpdater: set stopIndex = 0
2019-10-14 10:16:43,500 [grpc-default-executor-3] INFO  server.GrpcServerProtocolService (GrpcServerProtocolService.java:onCompleted(113)) - 4ca2631b-862e-40c8-a81a-0c3f018b6063: Completed APPEND_ENTRIES, lastRequest: 69359b74-77cd-417a-996d-8eb5cbff14f3->4ca2631b-862e-40c8-a81a-0c3f018b6063#3-t1, previous=(t:1, i:0), leaderCommit=0, initializing? false, entries: <empty>
2019-10-14 10:16:43,501 [ForkJoinPool.commonPool-worker-0] INFO  impl.RaftServerImpl (ServerState.java:close(385)) - 69359b74-77cd-417a-996d-8eb5cbff14f3@group-B0D3D8C6F802: closes. applyIndex: 0
2019-10-14 10:16:43,500 [grpc-default-executor-0] INFO  server.GrpcServerProtocolService (GrpcServerProtocolService.java:onCompleted(113)) - 12766659-8dbd-45fe-a653-6cb67784c51c: Completed APPEND_ENTRIES, lastRequest: 69359b74-77cd-417a-996d-8eb5cbff14f3->12766659-8dbd-45fe-a653-6cb67784c51c#3-t1, previous=(t:1, i:0), leaderCommit=0, initializing? false, entries: <empty>
2019-10-14 10:16:43,500 [main] INFO  segmented.SegmentedRaftLogWorker (SegmentedRaftLogWorker.java:close(228)) - 12766659-8dbd-45fe-a653-6cb67784c51c@group-154F1A29DE1A-SegmentedRaftLogWorker close()
2019-10-14 10:16:43,501 [69359b74-77cd-417a-996d-8eb5cbff14f3@group-B0D3D8C6F802-SegmentedRaftLogWorker] INFO  segmented.SegmentedRaftLogWorker (SegmentedRaftLogWorker.java:run(313)) - 69359b74-77cd-417a-996d-8eb5cbff14f3@group-B0D3D8C6F802-SegmentedRaftLogWorker was interrupted, exiting. There are 0 tasks remaining in the queue.
2019-10-14 10:16:43,504 [main] INFO  impl.RaftServerImpl (RaftServerImpl.java:lambda$shutdown$3(251)) - 12766659-8dbd-45fe-a653-6cb67784c51c@group-508B0E637BCD: shutdown
2019-10-14 10:16:43,504 [grpc-default-executor-0] INFO  server.GrpcLogAppender (GrpcLogAppender.java:onCompleted(293)) - 69359b74-77cd-417a-996d-8eb5cbff14f3@group-B0D3D8C6F802->4ca2631b-862e-40c8-a81a-0c3f018b6063-AppendLogResponseHandler: follower responses appendEntries COMPLETED
2019-10-14 10:16:43,505 [main] INFO  util.JmxRegister (JmxRegister.java:unregister(73)) - Successfully un-registered JMX Bean with object name Ratis:service=RaftServer,group=group-508B0E637BCD,id=12766659-8dbd-45fe-a653-6cb67784c51c
2019-10-14 10:16:43,507 [main] INFO  impl.RoleInfo (RoleInfo.java:shutdownFollowerState(121)) - 12766659-8dbd-45fe-a653-6cb67784c51c: shutdown FollowerState
2019-10-14 10:16:43,507 [main] INFO  impl.StateMachineUpdater (StateMachineUpdater.java:stopAndJoin(125)) - 12766659-8dbd-45fe-a653-6cb67784c51c@group-508B0E637BCD-StateMachineUpdater: set stopIndex = 0
2019-10-14 10:16:43,508 [main] INFO  impl.RaftServerImpl (ServerState.java:close(385)) - 12766659-8dbd-45fe-a653-6cb67784c51c@group-508B0E637BCD: closes. applyIndex: 0
2019-10-14 10:16:43,504 [grpc-default-executor-1] INFO  server.GrpcLogAppender (GrpcLogAppender.java:onCompleted(293)) - 69359b74-77cd-417a-996d-8eb5cbff14f3@group-B0D3D8C6F802->12766659-8dbd-45fe-a653-6cb67784c51c-AppendLogResponseHandler: follower responses appendEntries COMPLETED
2019-10-14 10:16:43,504 [ForkJoinPool.commonPool-worker-0] INFO  segmented.SegmentedRaftLogWorker (SegmentedRaftLogWorker.java:close(228)) - 69359b74-77cd-417a-996d-8eb5cbff14f3@group-B0D3D8C6F802-SegmentedRaftLogWorker close()
2019-10-14 10:16:43,511 [grpc-default-executor-1] INFO  impl.FollowerInfo (FollowerInfo.java:lambda$new$0(51)) - 69359b74-77cd-417a-996d-8eb5cbff14f3@group-B0D3D8C6F802->12766659-8dbd-45fe-a653-6cb67784c51c: nextIndex: updateUnconditionally 1 -> 0
2019-10-14 10:16:43,509 [12766659-8dbd-45fe-a653-6cb67784c51c@group-508B0E637BCD-SegmentedRaftLogWorker] INFO  segmented.SegmentedRaftLogWorker (SegmentedRaftLogWorker.java:run(313)) - 12766659-8dbd-45fe-a653-6cb67784c51c@group-508B0E637BCD-SegmentedRaftLogWorker was interrupted, exiting. There are 0 tasks remaining in the queue.
2019-10-14 10:16:43,508 [Thread-471] INFO  impl.FollowerState (FollowerState.java:run(115)) - 12766659-8dbd-45fe-a653-6cb67784c51c: FollowerState was interrupted: java.lang.InterruptedException: sleep interrupted
2019-10-14 10:16:43,507 [grpc-default-executor-0] INFO  impl.FollowerInfo (FollowerInfo.java:lambda$new$0(51)) - 69359b74-77cd-417a-996d-8eb5cbff14f3@group-B0D3D8C6F802->4ca2631b-862e-40c8-a81a-0c3f018b6063: nextIndex: updateUnconditionally 1 -> 0
2019-10-14 10:16:43,513 [main] INFO  segmented.SegmentedRaftLogWorker (SegmentedRaftLogWorker.java:close(228)) - 12766659-8dbd-45fe-a653-6cb67784c51c@group-508B0E637BCD-SegmentedRaftLogWorker close()
2019-10-14 10:16:43,512 [ForkJoinPool.commonPool-worker-0] INFO  impl.RaftServerImpl (RaftServerImpl.java:lambda$shutdown$3(251)) - 69359b74-77cd-417a-996d-8eb5cbff14f3@group-508B0E637BCD: shutdown
2019-10-14 10:16:43,516 [main] INFO  server.GrpcService (GrpcService.java:closeImpl(164)) - 12766659-8dbd-45fe-a653-6cb67784c51c: shutdown server with port 41727 now
2019-10-14 10:16:43,516 [ForkJoinPool.commonPool-worker-0] INFO  util.JmxRegister (JmxRegister.java:unregister(73)) - Successfully un-registered JMX Bean with object name Ratis:service=RaftServer,group=group-508B0E637BCD,id=69359b74-77cd-417a-996d-8eb5cbff14f3
2019-10-14 10:16:43,521 [ForkJoinPool.commonPool-worker-0] INFO  impl.RoleInfo (RoleInfo.java:shutdownFollowerState(121)) - 69359b74-77cd-417a-996d-8eb5cbff14f3: shutdown FollowerState
2019-10-14 10:16:43,522 [ForkJoinPool.commonPool-worker-0] INFO  impl.StateMachineUpdater (StateMachineUpdater.java:stopAndJoin(125)) - 69359b74-77cd-417a-996d-8eb5cbff14f3@group-508B0E637BCD-StateMachineUpdater: set stopIndex = 0
2019-10-14 10:16:43,522 [Thread-456] INFO  impl.FollowerState (FollowerState.java:run(115)) - 69359b74-77cd-417a-996d-8eb5cbff14f3: FollowerState was interrupted: java.lang.InterruptedException: sleep interrupted
2019-10-14 10:16:43,527 [ForkJoinPool.commonPool-worker-0] INFO  impl.RaftServerImpl (ServerState.java:close(385)) - 69359b74-77cd-417a-996d-8eb5cbff14f3@group-508B0E637BCD: closes. applyIndex: 0
2019-10-14 10:16:43,528 [grpc-default-executor-0] WARN  server.GrpcLogAppender (LogUtils.java:warn(134)) - 4ca2631b-862e-40c8-a81a-0c3f018b6063@group-508B0E637BCD->12766659-8dbd-45fe-a653-6cb67784c51c-AppendLogResponseHandler: Failed appendEntries: org.apache.ratis.thirdparty.io.grpc.StatusRuntimeException: CANCELLED: HTTP/2 error code: CANCEL
Received Rst Stream
2019-10-14 10:16:43,523 [main] INFO  server.GrpcService (GrpcService.java:closeImpl(172)) - 12766659-8dbd-45fe-a653-6cb67784c51c: shutdown server with port 41727 successfully
2019-10-14 10:16:43,531 [grpc-default-executor-0] INFO  impl.FollowerInfo (FollowerInfo.java:lambda$new$0(51)) - 4ca2631b-862e-40c8-a81a-0c3f018b6063@group-508B0E637BCD->12766659-8dbd-45fe-a653-6cb67784c51c: nextIndex: updateUnconditionally 1 -> 0
2019-10-14 10:16:43,528 [69359b74-77cd-417a-996d-8eb5cbff14f3@group-508B0E637BCD-SegmentedRaftLogWorker] INFO  segmented.SegmentedRaftLogWorker (SegmentedRaftLogWorker.java:run(313)) - 69359b74-77cd-417a-996d-8eb5cbff14f3@group-508B0E637BCD-SegmentedRaftLogWorker was interrupted, exiting. There are 0 tasks remaining in the queue.
2019-10-14 10:16:43,528 [grpc-default-executor-1] WARN  server.GrpcServerProtocolService (LogUtils.java:warn(134)) - 12766659-8dbd-45fe-a653-6cb67784c51c: installSnapshot onError, lastRequest: 4ca2631b-862e-40c8-a81a-0c3f018b6063->12766659-8dbd-45fe-a653-6cb67784c51c#3-t1, previous=(t:1, i:0), leaderCommit=0, initializing? false, entries: <empty>: org.apache.ratis.thirdparty.io.grpc.StatusRuntimeException: CANCELLED: cancelled before receiving half close
2019-10-14 10:16:43,532 [ForkJoinPool.commonPool-worker-0] INFO  segmented.SegmentedRaftLogWorker (SegmentedRaftLogWorker.java:close(228)) - 69359b74-77cd-417a-996d-8eb5cbff14f3@group-508B0E637BCD-SegmentedRaftLogWorker close()
2019-10-14 10:16:43,537 [ForkJoinPool.commonPool-worker-0] INFO  server.GrpcService (GrpcService.java:closeImpl(164)) - 69359b74-77cd-417a-996d-8eb5cbff14f3: shutdown server with port 33676 now
2019-10-14 10:16:43,538 [grpc-default-executor-3] WARN  server.GrpcServerProtocolService (LogUtils.java:warn(134)) - 69359b74-77cd-417a-996d-8eb5cbff14f3: installSnapshot onError, lastRequest: 4ca2631b-862e-40c8-a81a-0c3f018b6063->69359b74-77cd-417a-996d-8eb5cbff14f3#3-t1, previous=(t:1, i:0), leaderCommit=0, initializing? false, entries: <empty>: org.apache.ratis.thirdparty.io.grpc.StatusRuntimeException: CANCELLED: cancelled before receiving half close
2019-10-14 10:16:43,541 [ForkJoinPool.commonPool-worker-0] INFO  server.GrpcService (GrpcService.java:closeImpl(172)) - 69359b74-77cd-417a-996d-8eb5cbff14f3: shutdown server with port 33676 successfully
2019-10-14 10:16:43,541 [grpc-default-executor-1] WARN  server.GrpcLogAppender (LogUtils.java:warn(134)) - 4ca2631b-862e-40c8-a81a-0c3f018b6063@group-508B0E637BCD->69359b74-77cd-417a-996d-8eb5cbff14f3-AppendLogResponseHandler: Failed appendEntries: org.apache.ratis.thirdparty.io.grpc.StatusRuntimeException: CANCELLED: HTTP/2 error code: CANCEL
Received Rst Stream
2019-10-14 10:16:43,543 [grpc-default-executor-1] INFO  impl.FollowerInfo (FollowerInfo.java:lambda$new$0(51)) - 4ca2631b-862e-40c8-a81a-0c3f018b6063@group-508B0E637BCD->69359b74-77cd-417a-996d-8eb5cbff14f3: nextIndex: updateUnconditionally 1 -> 0
2019-10-14 10:16:43,545 [refreshUsed-/workdir/hadoop-ozone/ozonefs/target/test-dir/MiniOzoneClusterImpl-85c09e26-9b56-4407-9c77-57370d286ecc/datanode-2/data/containers] WARN  fs.CachingGetSpaceUsed (CachingGetSpaceUsed.java:run(183)) - Thread Interrupted waiting to refresh disk information: sleep interrupted
2019-10-14 10:16:43,551 [refreshUsed-/workdir/hadoop-ozone/ozonefs/target/test-dir/MiniOzoneClusterImpl-85c09e26-9b56-4407-9c77-57370d286ecc/datanode-3/data/containers] WARN  fs.CachingGetSpaceUsed (CachingGetSpaceUsed.java:run(183)) - Thread Interrupted waiting to refresh disk information: sleep interrupted
2019-10-14 10:16:43,581 [main] INFO  utils.BackgroundService (BackgroundService.java:shutdown(148)) - Shutting down service BlockDeletingService
2019-10-14 10:16:43,584 [ForkJoinPool.commonPool-worker-0] INFO  utils.BackgroundService (BackgroundService.java:shutdown(148)) - Shutting down service BlockDeletingService
2019-10-14 10:16:43,586 [main] INFO  statemachine.DatanodeStateMachine (DatanodeStateMachine.java:stopDaemon(395)) - Ozone container server stopped.
2019-10-14 10:16:43,591 [ForkJoinPool.commonPool-worker-0] INFO  statemachine.DatanodeStateMachine (DatanodeStateMachine.java:stopDaemon(395)) - Ozone container server stopped.
2019-10-14 10:16:43,595 [main] INFO  handler.ContextHandler (ContextHandler.java:doStop(910)) - Stopped o.e.j.w.WebAppContext@5ceecfee{/,null,UNAVAILABLE}{/hddsDatanode}
2019-10-14 10:16:43,596 [ForkJoinPool.commonPool-worker-0] INFO  handler.ContextHandler (ContextHandler.java:doStop(910)) - Stopped o.e.j.w.WebAppContext@4832f03b{/,null,UNAVAILABLE}{/hddsDatanode}
2019-10-14 10:16:43,597 [main] INFO  server.AbstractConnector (AbstractConnector.java:doStop(318)) - Stopped ServerConnector@7da31a40{HTTP/1.1,[http/1.1]}{0.0.0.0:0}
2019-10-14 10:16:43,597 [ForkJoinPool.commonPool-worker-0] INFO  server.AbstractConnector (AbstractConnector.java:doStop(318)) - Stopped ServerConnector@7af3874e{HTTP/1.1,[http/1.1]}{0.0.0.0:0}
2019-10-14 10:16:43,597 [main] INFO  handler.ContextHandler (ContextHandler.java:doStop(910)) - Stopped o.e.j.s.ServletContextHandler@44af588b{/static,jar:file:/home/user/.m2/repository/org/apache/hadoop/hadoop-hdds-container-service/0.5.0-SNAPSHOT/hadoop-hdds-container-service-0.5.0-SNAPSHOT.jar!/webapps/static,UNAVAILABLE}
2019-10-14 10:16:43,599 [ForkJoinPool.commonPool-worker-0] INFO  handler.ContextHandler (ContextHandler.java:doStop(910)) - Stopped o.e.j.s.ServletContextHandler@33f2df51{/static,jar:file:/home/user/.m2/repository/org/apache/hadoop/hadoop-hdds-container-service/0.5.0-SNAPSHOT/hadoop-hdds-container-service-0.5.0-SNAPSHOT.jar!/webapps/static,UNAVAILABLE}
2019-10-14 10:16:43,599 [main] INFO  handler.ContextHandler (ContextHandler.java:doStop(910)) - Stopped o.e.j.s.ServletContextHandler@6419a0e1{/logs,file:///workdir/hadoop-ozone/ozonefs/target/log,UNAVAILABLE}
2019-10-14 10:16:43,600 [ForkJoinPool.commonPool-worker-0] INFO  handler.ContextHandler (ContextHandler.java:doStop(910)) - Stopped o.e.j.s.ServletContextHandler@15efda6c{/logs,file:///workdir/hadoop-ozone/ozonefs/target/log,UNAVAILABLE}
2019-10-14 10:16:43,931 [Datanode State Machine Thread - 0] INFO  statemachine.DatanodeStateMachine (DatanodeStateMachine.java:lambda$startDaemon$0(350)) - Ozone container server started.
2019-10-14 10:16:44,129 [grpc-default-executor-0] WARN  server.GrpcLogAppender (LogUtils.java:warn(134)) - 4ca2631b-862e-40c8-a81a-0c3f018b6063@group-508B0E637BCD->12766659-8dbd-45fe-a653-6cb67784c51c-AppendLogResponseHandler: Failed appendEntries: org.apache.ratis.thirdparty.io.grpc.StatusRuntimeException: UNAVAILABLE: io exception
2019-10-14 10:16:44,129 [grpc-default-executor-1] WARN  server.GrpcLogAppender (LogUtils.java:warn(134)) - 4ca2631b-862e-40c8-a81a-0c3f018b6063@group-508B0E637BCD->69359b74-77cd-417a-996d-8eb5cbff14f3-AppendLogResponseHandler: Failed appendEntries: org.apache.ratis.thirdparty.io.grpc.StatusRuntimeException: UNAVAILABLE: io exception
2019-10-14 10:16:44,131 [grpc-default-executor-0] INFO  impl.FollowerInfo (FollowerInfo.java:lambda$new$0(51)) - 4ca2631b-862e-40c8-a81a-0c3f018b6063@group-508B0E637BCD->12766659-8dbd-45fe-a653-6cb67784c51c: nextIndex: updateUnconditionally 0 -> 0
2019-10-14 10:16:44,133 [grpc-default-executor-1] INFO  impl.FollowerInfo (FollowerInfo.java:lambda$new$0(51)) - 4ca2631b-862e-40c8-a81a-0c3f018b6063@group-508B0E637BCD->69359b74-77cd-417a-996d-8eb5cbff14f3: nextIndex: updateUnconditionally 0 -> 0
2019-10-14 10:16:44,503 [Datanode State Machine Thread - 0] INFO  statemachine.DatanodeStateMachine (DatanodeStateMachine.java:lambda$startDaemon$0(350)) - Ozone container server started.
2019-10-14 10:16:46,636 [grpc-default-executor-2] WARN  server.GrpcLogAppender (LogUtils.java:warn(134)) - 4ca2631b-862e-40c8-a81a-0c3f018b6063@group-508B0E637BCD->12766659-8dbd-45fe-a653-6cb67784c51c-AppendLogResponseHandler: Failed appendEntries: org.apache.ratis.thirdparty.io.grpc.StatusRuntimeException: UNAVAILABLE: io exception
2019-10-14 10:16:46,638 [grpc-default-executor-2] INFO  impl.FollowerInfo (FollowerInfo.java:lambda$new$0(51)) - 4ca2631b-862e-40c8-a81a-0c3f018b6063@group-508B0E637BCD->12766659-8dbd-45fe-a653-6cb67784c51c: nextIndex: updateUnconditionally 0 -> 0
2019-10-14 10:16:46,638 [grpc-default-executor-1] WARN  server.GrpcLogAppender (LogUtils.java:warn(134)) - 4ca2631b-862e-40c8-a81a-0c3f018b6063@group-508B0E637BCD->69359b74-77cd-417a-996d-8eb5cbff14f3-AppendLogResponseHandler: Failed appendEntries: org.apache.ratis.thirdparty.io.grpc.StatusRuntimeException: UNAVAILABLE: io exception
2019-10-14 10:16:46,641 [grpc-default-executor-1] INFO  impl.FollowerInfo (FollowerInfo.java:lambda$new$0(51)) - 4ca2631b-862e-40c8-a81a-0c3f018b6063@group-508B0E637BCD->69359b74-77cd-417a-996d-8eb5cbff14f3: nextIndex: updateUnconditionally 0 -> 0
2019-10-14 10:16:46,908 [Thread-527] INFO  impl.FollowerState (FollowerState.java:run(106)) - 42ae3f72-3e55-4c14-b24f-d3b02ec81393:group-9DEE1023DC78 changes to CANDIDATE, lastRpcTime:5050, electionTimeout:5042ms
2019-10-14 10:16:46,908 [Thread-527] INFO  impl.RoleInfo (RoleInfo.java:shutdownFollowerState(121)) - 42ae3f72-3e55-4c14-b24f-d3b02ec81393: shutdown FollowerState
2019-10-14 10:16:46,908 [Thread-527] INFO  impl.RaftServerImpl (RaftServerImpl.java:setRole(174)) - 42ae3f72-3e55-4c14-b24f-d3b02ec81393@group-9DEE1023DC78: changes role from  FOLLOWER to CANDIDATE at term 2 for changeToCandidate
2019-10-14 10:16:46,908 [Thread-527] INFO  impl.RoleInfo (RoleInfo.java:updateAndGet(143)) - 42ae3f72-3e55-4c14-b24f-d3b02ec81393: start LeaderElection
2019-10-14 10:16:46,967 [42ae3f72-3e55-4c14-b24f-d3b02ec81393@group-9DEE1023DC78:LeaderElection19] INFO  impl.LeaderElection (LeaderElection.java:askForVotes(182)) - 42ae3f72-3e55-4c14-b24f-d3b02ec81393@group-9DEE1023DC78:LeaderElection19: begin an election at term 3 for -1: [42ae3f72-3e55-4c14-b24f-d3b02ec81393:192.168.164.214:34660, 4eb4d5a4-3e1a-49a8-b14d-79a7ce4055ad:192.168.164.214:33269, 36f3336e-6b3c-49fc-b34e-8bc963cfdec7:192.168.164.214:33495], old=null
2019-10-14 10:16:46,969 [42ae3f72-3e55-4c14-b24f-d3b02ec81393@group-9DEE1023DC78:LeaderElection19] INFO  impl.LeaderElection (LogUtils.java:infoOrTrace(149)) - 42ae3f72-3e55-4c14-b24f-d3b02ec81393@group-9DEE1023DC78:LeaderElection19 got exception when requesting votes: {}
java.util.concurrent.ExecutionException: org.apache.ratis.thirdparty.io.grpc.StatusRuntimeException: UNAVAILABLE: io exception
	at java.util.concurrent.FutureTask.report(FutureTask.java:122)
	at java.util.concurrent.FutureTask.get(FutureTask.java:192)
	at org.apache.ratis.server.impl.LeaderElection.waitForResults(LeaderElection.java:263)
	at org.apache.ratis.server.impl.LeaderElection.askForVotes(LeaderElection.java:201)
	at org.apache.ratis.server.impl.LeaderElection.run(LeaderElection.java:133)
	at java.lang.Thread.run(Thread.java:748)
Caused by: org.apache.ratis.thirdparty.io.grpc.StatusRuntimeException: UNAVAILABLE: io exception
	at org.apache.ratis.thirdparty.io.grpc.stub.ClientCalls.toStatusRuntimeException(ClientCalls.java:233)
	at org.apache.ratis.thirdparty.io.grpc.stub.ClientCalls.getUnchecked(ClientCalls.java:214)
	at org.apache.ratis.thirdparty.io.grpc.stub.ClientCalls.blockingUnaryCall(ClientCalls.java:139)
	at org.apache.ratis.proto.grpc.RaftServerProtocolServiceGrpc$RaftServerProtocolServiceBlockingStub.requestVote(RaftServerProtocolServiceGrpc.java:265)
	at org.apache.ratis.grpc.server.GrpcServerProtocolClient.requestVote(GrpcServerProtocolClient.java:90)
	at org.apache.ratis.grpc.server.GrpcService.requestVote(GrpcService.java:204)
	at org.apache.ratis.server.impl.LeaderElection.lambda$submitRequests$1(LeaderElection.java:238)
	at java.util.concurrent.FutureTask.run(FutureTask.java:266)
	at java.util.concurrent.Executors$RunnableAdapter.call(Executors.java:511)
	at java.util.concurrent.FutureTask.run(FutureTask.java:266)
	at java.util.concurrent.ThreadPoolExecutor.runWorker(ThreadPoolExecutor.java:1149)
	at java.util.concurrent.ThreadPoolExecutor$Worker.run(ThreadPoolExecutor.java:624)
	... 1 more
Caused by: org.apache.ratis.thirdparty.io.netty.channel.AbstractChannel$AnnotatedConnectException: Connection refused: /192.168.164.214:33495
	at sun.nio.ch.SocketChannelImpl.checkConnect(Native Method)
	at sun.nio.ch.SocketChannelImpl.finishConnect(SocketChannelImpl.java:717)
	at org.apache.ratis.thirdparty.io.netty.channel.socket.nio.NioSocketChannel.doFinishConnect(NioSocketChannel.java:327)
	at org.apache.ratis.thirdparty.io.netty.channel.nio.AbstractNioChannel$AbstractNioUnsafe.finishConnect(AbstractNioChannel.java:340)
	at org.apache.ratis.thirdparty.io.netty.channel.nio.NioEventLoop.processSelectedKey(NioEventLoop.java:632)
	at org.apache.ratis.thirdparty.io.netty.channel.nio.NioEventLoop.processSelectedKeysOptimized(NioEventLoop.java:579)
	at org.apache.ratis.thirdparty.io.netty.channel.nio.NioEventLoop.processSelectedKeys(NioEventLoop.java:496)
	at org.apache.ratis.thirdparty.io.netty.channel.nio.NioEventLoop.run(NioEventLoop.java:458)
	at org.apache.ratis.thirdparty.io.netty.util.concurrent.SingleThreadEventExecutor$5.run(SingleThreadEventExecutor.java:897)
	at org.apache.ratis.thirdparty.io.netty.util.concurrent.FastThreadLocalRunnable.run(FastThreadLocalRunnable.java:30)
	... 1 more
Caused by: java.net.ConnectException: Connection refused
	... 11 more
2019-10-14 10:16:46,972 [42ae3f72-3e55-4c14-b24f-d3b02ec81393@group-9DEE1023DC78:LeaderElection19] INFO  impl.LeaderElection (LogUtils.java:infoOrTrace(149)) - 42ae3f72-3e55-4c14-b24f-d3b02ec81393@group-9DEE1023DC78:LeaderElection19 got exception when requesting votes: {}
java.util.concurrent.ExecutionException: org.apache.ratis.thirdparty.io.grpc.StatusRuntimeException: UNAVAILABLE: io exception
	at java.util.concurrent.FutureTask.report(FutureTask.java:122)
	at java.util.concurrent.FutureTask.get(FutureTask.java:192)
	at org.apache.ratis.server.impl.LeaderElection.waitForResults(LeaderElection.java:263)
	at org.apache.ratis.server.impl.LeaderElection.askForVotes(LeaderElection.java:201)
	at org.apache.ratis.server.impl.LeaderElection.run(LeaderElection.java:133)
	at java.lang.Thread.run(Thread.java:748)
Caused by: org.apache.ratis.thirdparty.io.grpc.StatusRuntimeException: UNAVAILABLE: io exception
	at org.apache.ratis.thirdparty.io.grpc.stub.ClientCalls.toStatusRuntimeException(ClientCalls.java:233)
	at org.apache.ratis.thirdparty.io.grpc.stub.ClientCalls.getUnchecked(ClientCalls.java:214)
	at org.apache.ratis.thirdparty.io.grpc.stub.ClientCalls.blockingUnaryCall(ClientCalls.java:139)
	at org.apache.ratis.proto.grpc.RaftServerProtocolServiceGrpc$RaftServerProtocolServiceBlockingStub.requestVote(RaftServerProtocolServiceGrpc.java:265)
	at org.apache.ratis.grpc.server.GrpcServerProtocolClient.requestVote(GrpcServerProtocolClient.java:90)
	at org.apache.ratis.grpc.server.GrpcService.requestVote(GrpcService.java:204)
	at org.apache.ratis.server.impl.LeaderElection.lambda$submitRequests$1(LeaderElection.java:238)
	at java.util.concurrent.FutureTask.run(FutureTask.java:266)
	at java.util.concurrent.Executors$RunnableAdapter.call(Executors.java:511)
	at java.util.concurrent.FutureTask.run(FutureTask.java:266)
	at java.util.concurrent.ThreadPoolExecutor.runWorker(ThreadPoolExecutor.java:1149)
	at java.util.concurrent.ThreadPoolExecutor$Worker.run(ThreadPoolExecutor.java:624)
	... 1 more
Caused by: org.apache.ratis.thirdparty.io.netty.channel.AbstractChannel$AnnotatedConnectException: Connection refused: /192.168.164.214:33269
	at sun.nio.ch.SocketChannelImpl.checkConnect(Native Method)
	at sun.nio.ch.SocketChannelImpl.finishConnect(SocketChannelImpl.java:717)
	at org.apache.ratis.thirdparty.io.netty.channel.socket.nio.NioSocketChannel.doFinishConnect(NioSocketChannel.java:327)
	at org.apache.ratis.thirdparty.io.netty.channel.nio.AbstractNioChannel$AbstractNioUnsafe.finishConnect(AbstractNioChannel.java:340)
	at org.apache.ratis.thirdparty.io.netty.channel.nio.NioEventLoop.processSelectedKey(NioEventLoop.java:632)
	at org.apache.ratis.thirdparty.io.netty.channel.nio.NioEventLoop.processSelectedKeysOptimized(NioEventLoop.java:579)
	at org.apache.ratis.thirdparty.io.netty.channel.nio.NioEventLoop.processSelectedKeys(NioEventLoop.java:496)
	at org.apache.ratis.thirdparty.io.netty.channel.nio.NioEventLoop.run(NioEventLoop.java:458)
	at org.apache.ratis.thirdparty.io.netty.util.concurrent.SingleThreadEventExecutor$5.run(SingleThreadEventExecutor.java:897)
	at org.apache.ratis.thirdparty.io.netty.util.concurrent.FastThreadLocalRunnable.run(FastThreadLocalRunnable.java:30)
	... 1 more
Caused by: java.net.ConnectException: Connection refused
	... 11 more
2019-10-14 10:16:46,974 [42ae3f72-3e55-4c14-b24f-d3b02ec81393@group-9DEE1023DC78:LeaderElection19] INFO  impl.LeaderElection (LeaderElection.java:logAndReturn(56)) - 42ae3f72-3e55-4c14-b24f-d3b02ec81393@group-9DEE1023DC78:LeaderElection19: Election REJECTED; received 0 response(s) [] and 2 exception(s); 42ae3f72-3e55-4c14-b24f-d3b02ec81393@group-9DEE1023DC78:t3, leader=null, voted=42ae3f72-3e55-4c14-b24f-d3b02ec81393, raftlog=42ae3f72-3e55-4c14-b24f-d3b02ec81393@group-9DEE1023DC78-SegmentedRaftLog:OPENED:c-1,f-1,i0, conf=-1: [42ae3f72-3e55-4c14-b24f-d3b02ec81393:192.168.164.214:34660, 4eb4d5a4-3e1a-49a8-b14d-79a7ce4055ad:192.168.164.214:33269, 36f3336e-6b3c-49fc-b34e-8bc963cfdec7:192.168.164.214:33495], old=null
2019-10-14 10:16:46,974 [42ae3f72-3e55-4c14-b24f-d3b02ec81393@group-9DEE1023DC78:LeaderElection19] INFO  impl.LeaderElection (LogUtils.java:infoOrTrace(149)) -   Exception 0: {}
java.util.concurrent.ExecutionException: org.apache.ratis.thirdparty.io.grpc.StatusRuntimeException: UNAVAILABLE: io exception
	at java.util.concurrent.FutureTask.report(FutureTask.java:122)
	at java.util.concurrent.FutureTask.get(FutureTask.java:192)
	at org.apache.ratis.server.impl.LeaderElection.waitForResults(LeaderElection.java:263)
	at org.apache.ratis.server.impl.LeaderElection.askForVotes(LeaderElection.java:201)
	at org.apache.ratis.server.impl.LeaderElection.run(LeaderElection.java:133)
	at java.lang.Thread.run(Thread.java:748)
Caused by: org.apache.ratis.thirdparty.io.grpc.StatusRuntimeException: UNAVAILABLE: io exception
	at org.apache.ratis.thirdparty.io.grpc.stub.ClientCalls.toStatusRuntimeException(ClientCalls.java:233)
	at org.apache.ratis.thirdparty.io.grpc.stub.ClientCalls.getUnchecked(ClientCalls.java:214)
	at org.apache.ratis.thirdparty.io.grpc.stub.ClientCalls.blockingUnaryCall(ClientCalls.java:139)
	at org.apache.ratis.proto.grpc.RaftServerProtocolServiceGrpc$RaftServerProtocolServiceBlockingStub.requestVote(RaftServerProtocolServiceGrpc.java:265)
	at org.apache.ratis.grpc.server.GrpcServerProtocolClient.requestVote(GrpcServerProtocolClient.java:90)
	at org.apache.ratis.grpc.server.GrpcService.requestVote(GrpcService.java:204)
	at org.apache.ratis.server.impl.LeaderElection.lambda$submitRequests$1(LeaderElection.java:238)
	at java.util.concurrent.FutureTask.run(FutureTask.java:266)
	at java.util.concurrent.Executors$RunnableAdapter.call(Executors.java:511)
	at java.util.concurrent.FutureTask.run(FutureTask.java:266)
	at java.util.concurrent.ThreadPoolExecutor.runWorker(ThreadPoolExecutor.java:1149)
	at java.util.concurrent.ThreadPoolExecutor$Worker.run(ThreadPoolExecutor.java:624)
	... 1 more
Caused by: org.apache.ratis.thirdparty.io.netty.channel.AbstractChannel$AnnotatedConnectException: Connection refused: /192.168.164.214:33495
	at sun.nio.ch.SocketChannelImpl.checkConnect(Native Method)
	at sun.nio.ch.SocketChannelImpl.finishConnect(SocketChannelImpl.java:717)
	at org.apache.ratis.thirdparty.io.netty.channel.socket.nio.NioSocketChannel.doFinishConnect(NioSocketChannel.java:327)
	at org.apache.ratis.thirdparty.io.netty.channel.nio.AbstractNioChannel$AbstractNioUnsafe.finishConnect(AbstractNioChannel.java:340)
	at org.apache.ratis.thirdparty.io.netty.channel.nio.NioEventLoop.processSelectedKey(NioEventLoop.java:632)
	at org.apache.ratis.thirdparty.io.netty.channel.nio.NioEventLoop.processSelectedKeysOptimized(NioEventLoop.java:579)
	at org.apache.ratis.thirdparty.io.netty.channel.nio.NioEventLoop.processSelectedKeys(NioEventLoop.java:496)
	at org.apache.ratis.thirdparty.io.netty.channel.nio.NioEventLoop.run(NioEventLoop.java:458)
	at org.apache.ratis.thirdparty.io.netty.util.concurrent.SingleThreadEventExecutor$5.run(SingleThreadEventExecutor.java:897)
	at org.apache.ratis.thirdparty.io.netty.util.concurrent.FastThreadLocalRunnable.run(FastThreadLocalRunnable.java:30)
	... 1 more
Caused by: java.net.ConnectException: Connection refused
	... 11 more
2019-10-14 10:16:46,974 [42ae3f72-3e55-4c14-b24f-d3b02ec81393@group-9DEE1023DC78:LeaderElection19] INFO  impl.LeaderElection (LogUtils.java:infoOrTrace(149)) -   Exception 1: {}
java.util.concurrent.ExecutionException: org.apache.ratis.thirdparty.io.grpc.StatusRuntimeException: UNAVAILABLE: io exception
	at java.util.concurrent.FutureTask.report(FutureTask.java:122)
	at java.util.concurrent.FutureTask.get(FutureTask.java:192)
	at org.apache.ratis.server.impl.LeaderElection.waitForResults(LeaderElection.java:263)
	at org.apache.ratis.server.impl.LeaderElection.askForVotes(LeaderElection.java:201)
	at org.apache.ratis.server.impl.LeaderElection.run(LeaderElection.java:133)
	at java.lang.Thread.run(Thread.java:748)
Caused by: org.apache.ratis.thirdparty.io.grpc.StatusRuntimeException: UNAVAILABLE: io exception
	at org.apache.ratis.thirdparty.io.grpc.stub.ClientCalls.toStatusRuntimeException(ClientCalls.java:233)
	at org.apache.ratis.thirdparty.io.grpc.stub.ClientCalls.getUnchecked(ClientCalls.java:214)
	at org.apache.ratis.thirdparty.io.grpc.stub.ClientCalls.blockingUnaryCall(ClientCalls.java:139)
	at org.apache.ratis.proto.grpc.RaftServerProtocolServiceGrpc$RaftServerProtocolServiceBlockingStub.requestVote(RaftServerProtocolServiceGrpc.java:265)
	at org.apache.ratis.grpc.server.GrpcServerProtocolClient.requestVote(GrpcServerProtocolClient.java:90)
	at org.apache.ratis.grpc.server.GrpcService.requestVote(GrpcService.java:204)
	at org.apache.ratis.server.impl.LeaderElection.lambda$submitRequests$1(LeaderElection.java:238)
	at java.util.concurrent.FutureTask.run(FutureTask.java:266)
	at java.util.concurrent.Executors$RunnableAdapter.call(Executors.java:511)
	at java.util.concurrent.FutureTask.run(FutureTask.java:266)
	at java.util.concurrent.ThreadPoolExecutor.runWorker(ThreadPoolExecutor.java:1149)
	at java.util.concurrent.ThreadPoolExecutor$Worker.run(ThreadPoolExecutor.java:624)
	... 1 more
Caused by: org.apache.ratis.thirdparty.io.netty.channel.AbstractChannel$AnnotatedConnectException: Connection refused: /192.168.164.214:33269
	at sun.nio.ch.SocketChannelImpl.checkConnect(Native Method)
	at sun.nio.ch.SocketChannelImpl.finishConnect(SocketChannelImpl.java:717)
	at org.apache.ratis.thirdparty.io.netty.channel.socket.nio.NioSocketChannel.doFinishConnect(NioSocketChannel.java:327)
	at org.apache.ratis.thirdparty.io.netty.channel.nio.AbstractNioChannel$AbstractNioUnsafe.finishConnect(AbstractNioChannel.java:340)
	at org.apache.ratis.thirdparty.io.netty.channel.nio.NioEventLoop.processSelectedKey(NioEventLoop.java:632)
	at org.apache.ratis.thirdparty.io.netty.channel.nio.NioEventLoop.processSelectedKeysOptimized(NioEventLoop.java:579)
	at org.apache.ratis.thirdparty.io.netty.channel.nio.NioEventLoop.processSelectedKeys(NioEventLoop.java:496)
	at org.apache.ratis.thirdparty.io.netty.channel.nio.NioEventLoop.run(NioEventLoop.java:458)
	at org.apache.ratis.thirdparty.io.netty.util.concurrent.SingleThreadEventExecutor$5.run(SingleThreadEventExecutor.java:897)
	at org.apache.ratis.thirdparty.io.netty.util.concurrent.FastThreadLocalRunnable.run(FastThreadLocalRunnable.java:30)
	... 1 more
Caused by: java.net.ConnectException: Connection refused
	... 11 more
2019-10-14 10:16:46,975 [42ae3f72-3e55-4c14-b24f-d3b02ec81393@group-9DEE1023DC78:LeaderElection19] INFO  impl.RaftServerImpl (RaftServerImpl.java:setRole(174)) - 42ae3f72-3e55-4c14-b24f-d3b02ec81393@group-9DEE1023DC78: changes role from CANDIDATE to FOLLOWER at term 3 for DISCOVERED_A_NEW_TERM
2019-10-14 10:16:46,975 [42ae3f72-3e55-4c14-b24f-d3b02ec81393@group-9DEE1023DC78:LeaderElection19] INFO  impl.RoleInfo (RoleInfo.java:shutdownLeaderElection(134)) - 42ae3f72-3e55-4c14-b24f-d3b02ec81393: shutdown LeaderElection
2019-10-14 10:16:46,975 [42ae3f72-3e55-4c14-b24f-d3b02ec81393@group-9DEE1023DC78:LeaderElection19] INFO  impl.RoleInfo (RoleInfo.java:updateAndGet(143)) - 42ae3f72-3e55-4c14-b24f-d3b02ec81393: start FollowerState
2019-10-14 10:16:46,981 [Thread-502] INFO  impl.FollowerState (FollowerState.java:run(106)) - 42ae3f72-3e55-4c14-b24f-d3b02ec81393:group-8D18ED4DA9CA changes to CANDIDATE, lastRpcTime:10071, electionTimeout:5046ms
2019-10-14 10:16:46,983 [Thread-502] INFO  impl.RoleInfo (RoleInfo.java:shutdownFollowerState(121)) - 42ae3f72-3e55-4c14-b24f-d3b02ec81393: shutdown FollowerState
2019-10-14 10:16:46,983 [Thread-502] INFO  impl.RaftServerImpl (RaftServerImpl.java:setRole(174)) - 42ae3f72-3e55-4c14-b24f-d3b02ec81393@group-8D18ED4DA9CA: changes role from  FOLLOWER to CANDIDATE at term 1 for changeToCandidate
2019-10-14 10:16:46,983 [Thread-502] INFO  impl.RoleInfo (RoleInfo.java:updateAndGet(143)) - 42ae3f72-3e55-4c14-b24f-d3b02ec81393: start LeaderElection
2019-10-14 10:16:46,985 [42ae3f72-3e55-4c14-b24f-d3b02ec81393@group-8D18ED4DA9CA:LeaderElection20] INFO  impl.RaftServerImpl (ServerState.java:setLeader(253)) - 42ae3f72-3e55-4c14-b24f-d3b02ec81393@group-8D18ED4DA9CA: change Leader from 4eb4d5a4-3e1a-49a8-b14d-79a7ce4055ad to null at term 1 for initElection
2019-10-14 10:16:47,010 [42ae3f72-3e55-4c14-b24f-d3b02ec81393@group-8D18ED4DA9CA:LeaderElection20] INFO  impl.LeaderElection (LeaderElection.java:askForVotes(182)) - 42ae3f72-3e55-4c14-b24f-d3b02ec81393@group-8D18ED4DA9CA:LeaderElection20: begin an election at term 2 for 0: [42ae3f72-3e55-4c14-b24f-d3b02ec81393:192.168.164.214:34660, 4eb4d5a4-3e1a-49a8-b14d-79a7ce4055ad:192.168.164.214:33269, 36f3336e-6b3c-49fc-b34e-8bc963cfdec7:192.168.164.214:33495], old=null
2019-10-14 10:16:47,011 [42ae3f72-3e55-4c14-b24f-d3b02ec81393@group-8D18ED4DA9CA:LeaderElection20] INFO  impl.LeaderElection (LogUtils.java:infoOrTrace(149)) - 42ae3f72-3e55-4c14-b24f-d3b02ec81393@group-8D18ED4DA9CA:LeaderElection20 got exception when requesting votes: {}
java.util.concurrent.ExecutionException: org.apache.ratis.thirdparty.io.grpc.StatusRuntimeException: UNAVAILABLE: io exception
	at java.util.concurrent.FutureTask.report(FutureTask.java:122)
	at java.util.concurrent.FutureTask.get(FutureTask.java:192)
	at org.apache.ratis.server.impl.LeaderElection.waitForResults(LeaderElection.java:263)
	at org.apache.ratis.server.impl.LeaderElection.askForVotes(LeaderElection.java:201)
	at org.apache.ratis.server.impl.LeaderElection.run(LeaderElection.java:133)
	at java.lang.Thread.run(Thread.java:748)
Caused by: org.apache.ratis.thirdparty.io.grpc.StatusRuntimeException: UNAVAILABLE: io exception
	at org.apache.ratis.thirdparty.io.grpc.stub.ClientCalls.toStatusRuntimeException(ClientCalls.java:233)
	at org.apache.ratis.thirdparty.io.grpc.stub.ClientCalls.getUnchecked(ClientCalls.java:214)
	at org.apache.ratis.thirdparty.io.grpc.stub.ClientCalls.blockingUnaryCall(ClientCalls.java:139)
	at org.apache.ratis.proto.grpc.RaftServerProtocolServiceGrpc$RaftServerProtocolServiceBlockingStub.requestVote(RaftServerProtocolServiceGrpc.java:265)
	at org.apache.ratis.grpc.server.GrpcServerProtocolClient.requestVote(GrpcServerProtocolClient.java:90)
	at org.apache.ratis.grpc.server.GrpcService.requestVote(GrpcService.java:204)
	at org.apache.ratis.server.impl.LeaderElection.lambda$submitRequests$1(LeaderElection.java:238)
	at java.util.concurrent.FutureTask.run(FutureTask.java:266)
	at java.util.concurrent.Executors$RunnableAdapter.call(Executors.java:511)
	at java.util.concurrent.FutureTask.run(FutureTask.java:266)
	at java.util.concurrent.ThreadPoolExecutor.runWorker(ThreadPoolExecutor.java:1149)
	at java.util.concurrent.ThreadPoolExecutor$Worker.run(ThreadPoolExecutor.java:624)
	... 1 more
Caused by: org.apache.ratis.thirdparty.io.netty.channel.AbstractChannel$AnnotatedConnectException: Connection refused: /192.168.164.214:33269
	at sun.nio.ch.SocketChannelImpl.checkConnect(Native Method)
	at sun.nio.ch.SocketChannelImpl.finishConnect(SocketChannelImpl.java:717)
	at org.apache.ratis.thirdparty.io.netty.channel.socket.nio.NioSocketChannel.doFinishConnect(NioSocketChannel.java:327)
	at org.apache.ratis.thirdparty.io.netty.channel.nio.AbstractNioChannel$AbstractNioUnsafe.finishConnect(AbstractNioChannel.java:340)
	at org.apache.ratis.thirdparty.io.netty.channel.nio.NioEventLoop.processSelectedKey(NioEventLoop.java:632)
	at org.apache.ratis.thirdparty.io.netty.channel.nio.NioEventLoop.processSelectedKeysOptimized(NioEventLoop.java:579)
	at org.apache.ratis.thirdparty.io.netty.channel.nio.NioEventLoop.processSelectedKeys(NioEventLoop.java:496)
	at org.apache.ratis.thirdparty.io.netty.channel.nio.NioEventLoop.run(NioEventLoop.java:458)
	at org.apache.ratis.thirdparty.io.netty.util.concurrent.SingleThreadEventExecutor$5.run(SingleThreadEventExecutor.java:897)
	at org.apache.ratis.thirdparty.io.netty.util.concurrent.FastThreadLocalRunnable.run(FastThreadLocalRunnable.java:30)
	... 1 more
Caused by: java.net.ConnectException: Connection refused
	... 11 more
2019-10-14 10:16:47,013 [42ae3f72-3e55-4c14-b24f-d3b02ec81393@group-8D18ED4DA9CA:LeaderElection20] INFO  impl.LeaderElection (LogUtils.java:infoOrTrace(149)) - 42ae3f72-3e55-4c14-b24f-d3b02ec81393@group-8D18ED4DA9CA:LeaderElection20 got exception when requesting votes: {}
java.util.concurrent.ExecutionException: org.apache.ratis.thirdparty.io.grpc.StatusRuntimeException: UNAVAILABLE: io exception
	at java.util.concurrent.FutureTask.report(FutureTask.java:122)
	at java.util.concurrent.FutureTask.get(FutureTask.java:192)
	at org.apache.ratis.server.impl.LeaderElection.waitForResults(LeaderElection.java:263)
	at org.apache.ratis.server.impl.LeaderElection.askForVotes(LeaderElection.java:201)
	at org.apache.ratis.server.impl.LeaderElection.run(LeaderElection.java:133)
	at java.lang.Thread.run(Thread.java:748)
Caused by: org.apache.ratis.thirdparty.io.grpc.StatusRuntimeException: UNAVAILABLE: io exception
	at org.apache.ratis.thirdparty.io.grpc.stub.ClientCalls.toStatusRuntimeException(ClientCalls.java:233)
	at org.apache.ratis.thirdparty.io.grpc.stub.ClientCalls.getUnchecked(ClientCalls.java:214)
	at org.apache.ratis.thirdparty.io.grpc.stub.ClientCalls.blockingUnaryCall(ClientCalls.java:139)
	at org.apache.ratis.proto.grpc.RaftServerProtocolServiceGrpc$RaftServerProtocolServiceBlockingStub.requestVote(RaftServerProtocolServiceGrpc.java:265)
	at org.apache.ratis.grpc.server.GrpcServerProtocolClient.requestVote(GrpcServerProtocolClient.java:90)
	at org.apache.ratis.grpc.server.GrpcService.requestVote(GrpcService.java:204)
	at org.apache.ratis.server.impl.LeaderElection.lambda$submitRequests$1(LeaderElection.java:238)
	at java.util.concurrent.FutureTask.run(FutureTask.java:266)
	at java.util.concurrent.Executors$RunnableAdapter.call(Executors.java:511)
	at java.util.concurrent.FutureTask.run(FutureTask.java:266)
	at java.util.concurrent.ThreadPoolExecutor.runWorker(ThreadPoolExecutor.java:1149)
	at java.util.concurrent.ThreadPoolExecutor$Worker.run(ThreadPoolExecutor.java:624)
	... 1 more
Caused by: org.apache.ratis.thirdparty.io.netty.channel.AbstractChannel$AnnotatedConnectException: Connection refused: /192.168.164.214:33495
	at sun.nio.ch.SocketChannelImpl.checkConnect(Native Method)
	at sun.nio.ch.SocketChannelImpl.finishConnect(SocketChannelImpl.java:717)
	at org.apache.ratis.thirdparty.io.netty.channel.socket.nio.NioSocketChannel.doFinishConnect(NioSocketChannel.java:327)
	at org.apache.ratis.thirdparty.io.netty.channel.nio.AbstractNioChannel$AbstractNioUnsafe.finishConnect(AbstractNioChannel.java:340)
	at org.apache.ratis.thirdparty.io.netty.channel.nio.NioEventLoop.processSelectedKey(NioEventLoop.java:632)
	at org.apache.ratis.thirdparty.io.netty.channel.nio.NioEventLoop.processSelectedKeysOptimized(NioEventLoop.java:579)
	at org.apache.ratis.thirdparty.io.netty.channel.nio.NioEventLoop.processSelectedKeys(NioEventLoop.java:496)
	at org.apache.ratis.thirdparty.io.netty.channel.nio.NioEventLoop.run(NioEventLoop.java:458)
	at org.apache.ratis.thirdparty.io.netty.util.concurrent.SingleThreadEventExecutor$5.run(SingleThreadEventExecutor.java:897)
	at org.apache.ratis.thirdparty.io.netty.util.concurrent.FastThreadLocalRunnable.run(FastThreadLocalRunnable.java:30)
	... 1 more
Caused by: java.net.ConnectException: Connection refused
	... 11 more
2019-10-14 10:16:47,015 [42ae3f72-3e55-4c14-b24f-d3b02ec81393@group-8D18ED4DA9CA:LeaderElection20] INFO  impl.LeaderElection (LeaderElection.java:logAndReturn(56)) - 42ae3f72-3e55-4c14-b24f-d3b02ec81393@group-8D18ED4DA9CA:LeaderElection20: Election REJECTED; received 0 response(s) [] and 2 exception(s); 42ae3f72-3e55-4c14-b24f-d3b02ec81393@group-8D18ED4DA9CA:t2, leader=null, voted=42ae3f72-3e55-4c14-b24f-d3b02ec81393, raftlog=42ae3f72-3e55-4c14-b24f-d3b02ec81393@group-8D18ED4DA9CA-SegmentedRaftLog:OPENED:c-1,f0,i0, conf=0: [42ae3f72-3e55-4c14-b24f-d3b02ec81393:192.168.164.214:34660, 4eb4d5a4-3e1a-49a8-b14d-79a7ce4055ad:192.168.164.214:33269, 36f3336e-6b3c-49fc-b34e-8bc963cfdec7:192.168.164.214:33495], old=null
2019-10-14 10:16:47,016 [42ae3f72-3e55-4c14-b24f-d3b02ec81393@group-8D18ED4DA9CA:LeaderElection20] INFO  impl.LeaderElection (LogUtils.java:infoOrTrace(149)) -   Exception 0: {}
java.util.concurrent.ExecutionException: org.apache.ratis.thirdparty.io.grpc.StatusRuntimeException: UNAVAILABLE: io exception
	at java.util.concurrent.FutureTask.report(FutureTask.java:122)
	at java.util.concurrent.FutureTask.get(FutureTask.java:192)
	at org.apache.ratis.server.impl.LeaderElection.waitForResults(LeaderElection.java:263)
	at org.apache.ratis.server.impl.LeaderElection.askForVotes(LeaderElection.java:201)
	at org.apache.ratis.server.impl.LeaderElection.run(LeaderElection.java:133)
	at java.lang.Thread.run(Thread.java:748)
Caused by: org.apache.ratis.thirdparty.io.grpc.StatusRuntimeException: UNAVAILABLE: io exception
	at org.apache.ratis.thirdparty.io.grpc.stub.ClientCalls.toStatusRuntimeException(ClientCalls.java:233)
	at org.apache.ratis.thirdparty.io.grpc.stub.ClientCalls.getUnchecked(ClientCalls.java:214)
	at org.apache.ratis.thirdparty.io.grpc.stub.ClientCalls.blockingUnaryCall(ClientCalls.java:139)
	at org.apache.ratis.proto.grpc.RaftServerProtocolServiceGrpc$RaftServerProtocolServiceBlockingStub.requestVote(RaftServerProtocolServiceGrpc.java:265)
	at org.apache.ratis.grpc.server.GrpcServerProtocolClient.requestVote(GrpcServerProtocolClient.java:90)
	at org.apache.ratis.grpc.server.GrpcService.requestVote(GrpcService.java:204)
	at org.apache.ratis.server.impl.LeaderElection.lambda$submitRequests$1(LeaderElection.java:238)
	at java.util.concurrent.FutureTask.run(FutureTask.java:266)
	at java.util.concurrent.Executors$RunnableAdapter.call(Executors.java:511)
	at java.util.concurrent.FutureTask.run(FutureTask.java:266)
	at java.util.concurrent.ThreadPoolExecutor.runWorker(ThreadPoolExecutor.java:1149)
	at java.util.concurrent.ThreadPoolExecutor$Worker.run(ThreadPoolExecutor.java:624)
	... 1 more
Caused by: org.apache.ratis.thirdparty.io.netty.channel.AbstractChannel$AnnotatedConnectException: Connection refused: /192.168.164.214:33269
	at sun.nio.ch.SocketChannelImpl.checkConnect(Native Method)
	at sun.nio.ch.SocketChannelImpl.finishConnect(SocketChannelImpl.java:717)
	at org.apache.ratis.thirdparty.io.netty.channel.socket.nio.NioSocketChannel.doFinishConnect(NioSocketChannel.java:327)
	at org.apache.ratis.thirdparty.io.netty.channel.nio.AbstractNioChannel$AbstractNioUnsafe.finishConnect(AbstractNioChannel.java:340)
	at org.apache.ratis.thirdparty.io.netty.channel.nio.NioEventLoop.processSelectedKey(NioEventLoop.java:632)
	at org.apache.ratis.thirdparty.io.netty.channel.nio.NioEventLoop.processSelectedKeysOptimized(NioEventLoop.java:579)
	at org.apache.ratis.thirdparty.io.netty.channel.nio.NioEventLoop.processSelectedKeys(NioEventLoop.java:496)
	at org.apache.ratis.thirdparty.io.netty.channel.nio.NioEventLoop.run(NioEventLoop.java:458)
	at org.apache.ratis.thirdparty.io.netty.util.concurrent.SingleThreadEventExecutor$5.run(SingleThreadEventExecutor.java:897)
	at org.apache.ratis.thirdparty.io.netty.util.concurrent.FastThreadLocalRunnable.run(FastThreadLocalRunnable.java:30)
	... 1 more
Caused by: java.net.ConnectException: Connection refused
	... 11 more
2019-10-14 10:16:47,016 [42ae3f72-3e55-4c14-b24f-d3b02ec81393@group-8D18ED4DA9CA:LeaderElection20] INFO  impl.LeaderElection (LogUtils.java:infoOrTrace(149)) -   Exception 1: {}
java.util.concurrent.ExecutionException: org.apache.ratis.thirdparty.io.grpc.StatusRuntimeException: UNAVAILABLE: io exception
	at java.util.concurrent.FutureTask.report(FutureTask.java:122)
	at java.util.concurrent.FutureTask.get(FutureTask.java:192)
	at org.apache.ratis.server.impl.LeaderElection.waitForResults(LeaderElection.java:263)
	at org.apache.ratis.server.impl.LeaderElection.askForVotes(LeaderElection.java:201)
	at org.apache.ratis.server.impl.LeaderElection.run(LeaderElection.java:133)
	at java.lang.Thread.run(Thread.java:748)
Caused by: org.apache.ratis.thirdparty.io.grpc.StatusRuntimeException: UNAVAILABLE: io exception
	at org.apache.ratis.thirdparty.io.grpc.stub.ClientCalls.toStatusRuntimeException(ClientCalls.java:233)
	at org.apache.ratis.thirdparty.io.grpc.stub.ClientCalls.getUnchecked(ClientCalls.java:214)
	at org.apache.ratis.thirdparty.io.grpc.stub.ClientCalls.blockingUnaryCall(ClientCalls.java:139)
	at org.apache.ratis.proto.grpc.RaftServerProtocolServiceGrpc$RaftServerProtocolServiceBlockingStub.requestVote(RaftServerProtocolServiceGrpc.java:265)
	at org.apache.ratis.grpc.server.GrpcServerProtocolClient.requestVote(GrpcServerProtocolClient.java:90)
	at org.apache.ratis.grpc.server.GrpcService.requestVote(GrpcService.java:204)
	at org.apache.ratis.server.impl.LeaderElection.lambda$submitRequests$1(LeaderElection.java:238)
	at java.util.concurrent.FutureTask.run(FutureTask.java:266)
	at java.util.concurrent.Executors$RunnableAdapter.call(Executors.java:511)
	at java.util.concurrent.FutureTask.run(FutureTask.java:266)
	at java.util.concurrent.ThreadPoolExecutor.runWorker(ThreadPoolExecutor.java:1149)
	at java.util.concurrent.ThreadPoolExecutor$Worker.run(ThreadPoolExecutor.java:624)
	... 1 more
Caused by: org.apache.ratis.thirdparty.io.netty.channel.AbstractChannel$AnnotatedConnectException: Connection refused: /192.168.164.214:33495
	at sun.nio.ch.SocketChannelImpl.checkConnect(Native Method)
	at sun.nio.ch.SocketChannelImpl.finishConnect(SocketChannelImpl.java:717)
	at org.apache.ratis.thirdparty.io.netty.channel.socket.nio.NioSocketChannel.doFinishConnect(NioSocketChannel.java:327)
	at org.apache.ratis.thirdparty.io.netty.channel.nio.AbstractNioChannel$AbstractNioUnsafe.finishConnect(AbstractNioChannel.java:340)
	at org.apache.ratis.thirdparty.io.netty.channel.nio.NioEventLoop.processSelectedKey(NioEventLoop.java:632)
	at org.apache.ratis.thirdparty.io.netty.channel.nio.NioEventLoop.processSelectedKeysOptimized(NioEventLoop.java:579)
	at org.apache.ratis.thirdparty.io.netty.channel.nio.NioEventLoop.processSelectedKeys(NioEventLoop.java:496)
	at org.apache.ratis.thirdparty.io.netty.channel.nio.NioEventLoop.run(NioEventLoop.java:458)
	at org.apache.ratis.thirdparty.io.netty.util.concurrent.SingleThreadEventExecutor$5.run(SingleThreadEventExecutor.java:897)
	at org.apache.ratis.thirdparty.io.netty.util.concurrent.FastThreadLocalRunnable.run(FastThreadLocalRunnable.java:30)
	... 1 more
Caused by: java.net.ConnectException: Connection refused
	... 11 more
2019-10-14 10:16:47,017 [42ae3f72-3e55-4c14-b24f-d3b02ec81393@group-8D18ED4DA9CA:LeaderElection20] INFO  impl.RaftServerImpl (RaftServerImpl.java:setRole(174)) - 42ae3f72-3e55-4c14-b24f-d3b02ec81393@group-8D18ED4DA9CA: changes role from CANDIDATE to FOLLOWER at term 2 for DISCOVERED_A_NEW_TERM
2019-10-14 10:16:47,017 [42ae3f72-3e55-4c14-b24f-d3b02ec81393@group-8D18ED4DA9CA:LeaderElection20] INFO  impl.RoleInfo (RoleInfo.java:shutdownLeaderElection(134)) - 42ae3f72-3e55-4c14-b24f-d3b02ec81393: shutdown LeaderElection
2019-10-14 10:16:47,017 [42ae3f72-3e55-4c14-b24f-d3b02ec81393@group-8D18ED4DA9CA:LeaderElection20] INFO  impl.RoleInfo (RoleInfo.java:updateAndGet(143)) - 42ae3f72-3e55-4c14-b24f-d3b02ec81393: start FollowerState
2019-10-14 10:16:48,603 [main] INFO  ozoneimpl.OzoneContainer (OzoneContainer.java:stop(231)) - Attempting to stop container services.
2019-10-14 10:16:48,603 [ForkJoinPool.commonPool-worker-0] INFO  ozoneimpl.OzoneContainer (OzoneContainer.java:stop(231)) - Attempting to stop container services.
2019-10-14 10:16:48,606 [main] INFO  impl.RaftServerProxy (RaftServerProxy.java:lambda$close$4(314)) - 478d8a49-3225-43e3-b23b-d6ee338f70d2: close
2019-10-14 10:16:48,607 [ForkJoinPool.commonPool-worker-0] INFO  impl.RaftServerProxy (RaftServerProxy.java:lambda$close$4(314)) - 4ca2631b-862e-40c8-a81a-0c3f018b6063: close
2019-10-14 10:16:48,607 [main] INFO  impl.RaftServerImpl (RaftServerImpl.java:lambda$shutdown$3(251)) - 478d8a49-3225-43e3-b23b-d6ee338f70d2@group-586E2CC0E954: shutdown
2019-10-14 10:16:48,607 [ForkJoinPool.commonPool-worker-0] INFO  impl.RaftServerImpl (RaftServerImpl.java:lambda$shutdown$3(251)) - 4ca2631b-862e-40c8-a81a-0c3f018b6063@group-05D6C831F223: shutdown
2019-10-14 10:16:48,608 [main] INFO  util.JmxRegister (JmxRegister.java:unregister(73)) - Successfully un-registered JMX Bean with object name Ratis:service=RaftServer,group=group-586E2CC0E954,id=478d8a49-3225-43e3-b23b-d6ee338f70d2
2019-10-14 10:16:48,608 [ForkJoinPool.commonPool-worker-0] INFO  util.JmxRegister (JmxRegister.java:unregister(73)) - Successfully un-registered JMX Bean with object name Ratis:service=RaftServer,group=group-05D6C831F223,id=4ca2631b-862e-40c8-a81a-0c3f018b6063
2019-10-14 10:16:48,608 [main] INFO  impl.RoleInfo (RoleInfo.java:shutdownLeaderState(104)) - 478d8a49-3225-43e3-b23b-d6ee338f70d2: shutdown LeaderState
2019-10-14 10:16:48,609 [ForkJoinPool.commonPool-worker-0] INFO  impl.RoleInfo (RoleInfo.java:shutdownLeaderState(104)) - 4ca2631b-862e-40c8-a81a-0c3f018b6063: shutdown LeaderState
2019-10-14 10:16:48,609 [main] INFO  impl.PendingRequests (PendingRequests.java:sendNotLeaderResponses(202)) - 478d8a49-3225-43e3-b23b-d6ee338f70d2-PendingRequests: sendNotLeaderResponses
2019-10-14 10:16:48,609 [ForkJoinPool.commonPool-worker-0] INFO  impl.PendingRequests (PendingRequests.java:sendNotLeaderResponses(202)) - 4ca2631b-862e-40c8-a81a-0c3f018b6063-PendingRequests: sendNotLeaderResponses
2019-10-14 10:16:48,610 [main] INFO  impl.StateMachineUpdater (StateMachineUpdater.java:stopAndJoin(125)) - 478d8a49-3225-43e3-b23b-d6ee338f70d2@group-586E2CC0E954-StateMachineUpdater: set stopIndex = 0
2019-10-14 10:16:48,610 [ForkJoinPool.commonPool-worker-0] INFO  impl.StateMachineUpdater (StateMachineUpdater.java:stopAndJoin(125)) - 4ca2631b-862e-40c8-a81a-0c3f018b6063@group-05D6C831F223-StateMachineUpdater: set stopIndex = 0
2019-10-14 10:16:48,611 [main] INFO  impl.RaftServerImpl (ServerState.java:close(385)) - 478d8a49-3225-43e3-b23b-d6ee338f70d2@group-586E2CC0E954: closes. applyIndex: 0
2019-10-14 10:16:48,611 [ForkJoinPool.commonPool-worker-0] INFO  impl.RaftServerImpl (ServerState.java:close(385)) - 4ca2631b-862e-40c8-a81a-0c3f018b6063@group-05D6C831F223: closes. applyIndex: 0
2019-10-14 10:16:48,612 [4ca2631b-862e-40c8-a81a-0c3f018b6063@group-05D6C831F223-SegmentedRaftLogWorker] INFO  segmented.SegmentedRaftLogWorker (SegmentedRaftLogWorker.java:run(313)) - 4ca2631b-862e-40c8-a81a-0c3f018b6063@group-05D6C831F223-SegmentedRaftLogWorker was interrupted, exiting. There are 0 tasks remaining in the queue.
2019-10-14 10:16:48,612 [478d8a49-3225-43e3-b23b-d6ee338f70d2@group-586E2CC0E954-SegmentedRaftLogWorker] INFO  segmented.SegmentedRaftLogWorker (SegmentedRaftLogWorker.java:run(313)) - 478d8a49-3225-43e3-b23b-d6ee338f70d2@group-586E2CC0E954-SegmentedRaftLogWorker was interrupted, exiting. There are 0 tasks remaining in the queue.
2019-10-14 10:16:48,613 [ForkJoinPool.commonPool-worker-0] INFO  segmented.SegmentedRaftLogWorker (SegmentedRaftLogWorker.java:close(228)) - 4ca2631b-862e-40c8-a81a-0c3f018b6063@group-05D6C831F223-SegmentedRaftLogWorker close()
2019-10-14 10:16:48,613 [main] INFO  segmented.SegmentedRaftLogWorker (SegmentedRaftLogWorker.java:close(228)) - 478d8a49-3225-43e3-b23b-d6ee338f70d2@group-586E2CC0E954-SegmentedRaftLogWorker close()
2019-10-14 10:16:48,615 [ForkJoinPool.commonPool-worker-0] INFO  impl.RaftServerImpl (RaftServerImpl.java:lambda$shutdown$3(251)) - 4ca2631b-862e-40c8-a81a-0c3f018b6063@group-B0D3D8C6F802: shutdown
2019-10-14 10:16:48,616 [main] INFO  server.GrpcService (GrpcService.java:closeImpl(164)) - 478d8a49-3225-43e3-b23b-d6ee338f70d2: shutdown server with port 36975 now
2019-10-14 10:16:48,617 [ForkJoinPool.commonPool-worker-0] INFO  util.JmxRegister (JmxRegister.java:unregister(73)) - Successfully un-registered JMX Bean with object name Ratis:service=RaftServer,group=group-B0D3D8C6F802,id=4ca2631b-862e-40c8-a81a-0c3f018b6063
2019-10-14 10:16:48,619 [ForkJoinPool.commonPool-worker-0] INFO  impl.RoleInfo (RoleInfo.java:shutdownFollowerState(121)) - 4ca2631b-862e-40c8-a81a-0c3f018b6063: shutdown FollowerState
2019-10-14 10:16:48,619 [main] INFO  server.GrpcService (GrpcService.java:closeImpl(172)) - 478d8a49-3225-43e3-b23b-d6ee338f70d2: shutdown server with port 36975 successfully
2019-10-14 10:16:48,619 [Thread-470] INFO  impl.FollowerState (FollowerState.java:run(115)) - 4ca2631b-862e-40c8-a81a-0c3f018b6063: FollowerState was interrupted: java.lang.InterruptedException: sleep interrupted
2019-10-14 10:16:48,619 [ForkJoinPool.commonPool-worker-0] INFO  impl.StateMachineUpdater (StateMachineUpdater.java:stopAndJoin(125)) - 4ca2631b-862e-40c8-a81a-0c3f018b6063@group-B0D3D8C6F802-StateMachineUpdater: set stopIndex = 0
2019-10-14 10:16:48,621 [ForkJoinPool.commonPool-worker-0] INFO  impl.RaftServerImpl (ServerState.java:close(385)) - 4ca2631b-862e-40c8-a81a-0c3f018b6063@group-B0D3D8C6F802: closes. applyIndex: 0
2019-10-14 10:16:48,623 [4ca2631b-862e-40c8-a81a-0c3f018b6063@group-B0D3D8C6F802-SegmentedRaftLogWorker] INFO  segmented.SegmentedRaftLogWorker (SegmentedRaftLogWorker.java:run(313)) - 4ca2631b-862e-40c8-a81a-0c3f018b6063@group-B0D3D8C6F802-SegmentedRaftLogWorker was interrupted, exiting. There are 0 tasks remaining in the queue.
2019-10-14 10:16:48,623 [refreshUsed-/workdir/hadoop-ozone/ozonefs/target/test-dir/MiniOzoneClusterImpl-85c09e26-9b56-4407-9c77-57370d286ecc/datanode-6/data/containers] WARN  fs.CachingGetSpaceUsed (CachingGetSpaceUsed.java:run(183)) - Thread Interrupted waiting to refresh disk information: sleep interrupted
2019-10-14 10:16:48,623 [ForkJoinPool.commonPool-worker-0] INFO  segmented.SegmentedRaftLogWorker (SegmentedRaftLogWorker.java:close(228)) - 4ca2631b-862e-40c8-a81a-0c3f018b6063@group-B0D3D8C6F802-SegmentedRaftLogWorker close()
2019-10-14 10:16:48,626 [ForkJoinPool.commonPool-worker-0] INFO  impl.RaftServerImpl (RaftServerImpl.java:lambda$shutdown$3(251)) - 4ca2631b-862e-40c8-a81a-0c3f018b6063@group-508B0E637BCD: shutdown
2019-10-14 10:16:48,626 [ForkJoinPool.commonPool-worker-0] INFO  util.JmxRegister (JmxRegister.java:unregister(73)) - Successfully un-registered JMX Bean with object name Ratis:service=RaftServer,group=group-508B0E637BCD,id=4ca2631b-862e-40c8-a81a-0c3f018b6063
2019-10-14 10:16:48,627 [ForkJoinPool.commonPool-worker-0] INFO  impl.RoleInfo (RoleInfo.java:shutdownLeaderState(104)) - 4ca2631b-862e-40c8-a81a-0c3f018b6063: shutdown LeaderState
2019-10-14 10:16:48,630 [ForkJoinPool.commonPool-worker-0] INFO  impl.PendingRequests (PendingRequests.java:sendNotLeaderResponses(202)) - 4ca2631b-862e-40c8-a81a-0c3f018b6063-PendingRequests: sendNotLeaderResponses
2019-10-14 10:16:48,630 [org.apache.ratis.server.impl.LogAppender$AppenderDaemon$$Lambda$230/1214125698@3fb39883] WARN  server.GrpcLogAppender (GrpcLogAppender.java:mayWait(143)) - 4ca2631b-862e-40c8-a81a-0c3f018b6063@group-508B0E637BCD->69359b74-77cd-417a-996d-8eb5cbff14f3-GrpcLogAppender: Wait interrupted by java.lang.InterruptedException
2019-10-14 10:16:48,630 [ForkJoinPool.commonPool-worker-0] INFO  impl.StateMachineUpdater (StateMachineUpdater.java:stopAndJoin(125)) - 4ca2631b-862e-40c8-a81a-0c3f018b6063@group-508B0E637BCD-StateMachineUpdater: set stopIndex = 0
2019-10-14 10:16:48,630 [org.apache.ratis.server.impl.LogAppender$AppenderDaemon$$Lambda$230/1214125698@4d73ace] WARN  server.GrpcLogAppender (GrpcLogAppender.java:mayWait(143)) - 4ca2631b-862e-40c8-a81a-0c3f018b6063@group-508B0E637BCD->12766659-8dbd-45fe-a653-6cb67784c51c-GrpcLogAppender: Wait interrupted by java.lang.InterruptedException
2019-10-14 10:16:48,631 [ForkJoinPool.commonPool-worker-0] INFO  impl.RaftServerImpl (ServerState.java:close(385)) - 4ca2631b-862e-40c8-a81a-0c3f018b6063@group-508B0E637BCD: closes. applyIndex: 0
2019-10-14 10:16:48,632 [4ca2631b-862e-40c8-a81a-0c3f018b6063@group-508B0E637BCD-SegmentedRaftLogWorker] INFO  segmented.SegmentedRaftLogWorker (SegmentedRaftLogWorker.java:run(313)) - 4ca2631b-862e-40c8-a81a-0c3f018b6063@group-508B0E637BCD-SegmentedRaftLogWorker was interrupted, exiting. There are 0 tasks remaining in the queue.
2019-10-14 10:16:48,632 [ForkJoinPool.commonPool-worker-0] INFO  segmented.SegmentedRaftLogWorker (SegmentedRaftLogWorker.java:close(228)) - 4ca2631b-862e-40c8-a81a-0c3f018b6063@group-508B0E637BCD-SegmentedRaftLogWorker close()
2019-10-14 10:16:48,634 [ForkJoinPool.commonPool-worker-0] INFO  server.GrpcService (GrpcService.java:closeImpl(164)) - 4ca2631b-862e-40c8-a81a-0c3f018b6063: shutdown server with port 33839 now
2019-10-14 10:16:48,634 [ForkJoinPool.commonPool-worker-0] INFO  server.GrpcService (GrpcService.java:closeImpl(172)) - 4ca2631b-862e-40c8-a81a-0c3f018b6063: shutdown server with port 33839 successfully
2019-10-14 10:16:48,648 [refreshUsed-/workdir/hadoop-ozone/ozonefs/target/test-dir/MiniOzoneClusterImpl-85c09e26-9b56-4407-9c77-57370d286ecc/datanode-0/data/containers] WARN  fs.CachingGetSpaceUsed (CachingGetSpaceUsed.java:run(183)) - Thread Interrupted waiting to refresh disk information: sleep interrupted
2019-10-14 10:16:48,667 [main] INFO  utils.BackgroundService (BackgroundService.java:shutdown(148)) - Shutting down service BlockDeletingService
2019-10-14 10:16:48,676 [main] INFO  statemachine.DatanodeStateMachine (DatanodeStateMachine.java:stopDaemon(395)) - Ozone container server stopped.
2019-10-14 10:16:48,687 [ForkJoinPool.commonPool-worker-0] INFO  utils.BackgroundService (BackgroundService.java:shutdown(148)) - Shutting down service BlockDeletingService
2019-10-14 10:16:48,691 [ForkJoinPool.commonPool-worker-0] INFO  statemachine.DatanodeStateMachine (DatanodeStateMachine.java:stopDaemon(395)) - Ozone container server stopped.
2019-10-14 10:16:48,691 [main] INFO  handler.ContextHandler (ContextHandler.java:doStop(910)) - Stopped o.e.j.w.WebAppContext@480b57e2{/,null,UNAVAILABLE}{/hddsDatanode}
2019-10-14 10:16:48,695 [ForkJoinPool.commonPool-worker-0] INFO  handler.ContextHandler (ContextHandler.java:doStop(910)) - Stopped o.e.j.w.WebAppContext@5f95f1e1{/,null,UNAVAILABLE}{/hddsDatanode}
2019-10-14 10:16:48,695 [main] INFO  server.AbstractConnector (AbstractConnector.java:doStop(318)) - Stopped ServerConnector@40f35e52{HTTP/1.1,[http/1.1]}{0.0.0.0:0}
2019-10-14 10:16:48,696 [main] INFO  handler.ContextHandler (ContextHandler.java:doStop(910)) - Stopped o.e.j.s.ServletContextHandler@76a14c8d{/static,jar:file:/home/user/.m2/repository/org/apache/hadoop/hadoop-hdds-container-service/0.5.0-SNAPSHOT/hadoop-hdds-container-service-0.5.0-SNAPSHOT.jar!/webapps/static,UNAVAILABLE}
2019-10-14 10:16:48,696 [ForkJoinPool.commonPool-worker-0] INFO  server.AbstractConnector (AbstractConnector.java:doStop(318)) - Stopped ServerConnector@672a1c62{HTTP/1.1,[http/1.1]}{0.0.0.0:0}
2019-10-14 10:16:48,696 [main] INFO  handler.ContextHandler (ContextHandler.java:doStop(910)) - Stopped o.e.j.s.ServletContextHandler@40a72ecd{/logs,file:///workdir/hadoop-ozone/ozonefs/target/log,UNAVAILABLE}
2019-10-14 10:16:48,697 [ForkJoinPool.commonPool-worker-0] INFO  handler.ContextHandler (ContextHandler.java:doStop(910)) - Stopped o.e.j.s.ServletContextHandler@6add8e3f{/static,jar:file:/home/user/.m2/repository/org/apache/hadoop/hadoop-hdds-container-service/0.5.0-SNAPSHOT/hadoop-hdds-container-service-0.5.0-SNAPSHOT.jar!/webapps/static,UNAVAILABLE}
2019-10-14 10:16:48,699 [ForkJoinPool.commonPool-worker-0] INFO  handler.ContextHandler (ContextHandler.java:doStop(910)) - Stopped o.e.j.s.ServletContextHandler@67cefd84{/logs,file:///workdir/hadoop-ozone/ozonefs/target/log,UNAVAILABLE}
2019-10-14 10:16:49,396 [Datanode State Machine Thread - 0] INFO  statemachine.DatanodeStateMachine (DatanodeStateMachine.java:lambda$startDaemon$0(350)) - Ozone container server started.
2019-10-14 10:16:52,132 [Thread-531] INFO  impl.FollowerState (FollowerState.java:run(106)) - 42ae3f72-3e55-4c14-b24f-d3b02ec81393:group-9DEE1023DC78 changes to CANDIDATE, lastRpcTime:5156, electionTimeout:5156ms
2019-10-14 10:16:52,133 [Thread-531] INFO  impl.RoleInfo (RoleInfo.java:shutdownFollowerState(121)) - 42ae3f72-3e55-4c14-b24f-d3b02ec81393: shutdown FollowerState
2019-10-14 10:16:52,133 [Thread-531] INFO  impl.RaftServerImpl (RaftServerImpl.java:setRole(174)) - 42ae3f72-3e55-4c14-b24f-d3b02ec81393@group-9DEE1023DC78: changes role from  FOLLOWER to CANDIDATE at term 3 for changeToCandidate
2019-10-14 10:16:52,133 [Thread-531] INFO  impl.RoleInfo (RoleInfo.java:updateAndGet(143)) - 42ae3f72-3e55-4c14-b24f-d3b02ec81393: start LeaderElection
2019-10-14 10:16:52,167 [Thread-535] INFO  impl.FollowerState (FollowerState.java:run(106)) - 42ae3f72-3e55-4c14-b24f-d3b02ec81393:group-8D18ED4DA9CA changes to CANDIDATE, lastRpcTime:5149, electionTimeout:5149ms
2019-10-14 10:16:52,167 [Thread-535] INFO  impl.RoleInfo (RoleInfo.java:shutdownFollowerState(121)) - 42ae3f72-3e55-4c14-b24f-d3b02ec81393: shutdown FollowerState
2019-10-14 10:16:52,167 [Thread-535] INFO  impl.RaftServerImpl (RaftServerImpl.java:setRole(174)) - 42ae3f72-3e55-4c14-b24f-d3b02ec81393@group-8D18ED4DA9CA: changes role from  FOLLOWER to CANDIDATE at term 2 for changeToCandidate
2019-10-14 10:16:52,168 [Thread-535] INFO  impl.RoleInfo (RoleInfo.java:updateAndGet(143)) - 42ae3f72-3e55-4c14-b24f-d3b02ec81393: start LeaderElection
2019-10-14 10:16:52,170 [42ae3f72-3e55-4c14-b24f-d3b02ec81393@group-9DEE1023DC78:LeaderElection21] INFO  impl.LeaderElection (LeaderElection.java:askForVotes(182)) - 42ae3f72-3e55-4c14-b24f-d3b02ec81393@group-9DEE1023DC78:LeaderElection21: begin an election at term 4 for -1: [42ae3f72-3e55-4c14-b24f-d3b02ec81393:192.168.164.214:34660, 4eb4d5a4-3e1a-49a8-b14d-79a7ce4055ad:192.168.164.214:33269, 36f3336e-6b3c-49fc-b34e-8bc963cfdec7:192.168.164.214:33495], old=null
2019-10-14 10:16:52,173 [42ae3f72-3e55-4c14-b24f-d3b02ec81393@group-9DEE1023DC78:LeaderElection21] INFO  impl.LeaderElection (LogUtils.java:infoOrTrace(149)) - 42ae3f72-3e55-4c14-b24f-d3b02ec81393@group-9DEE1023DC78:LeaderElection21 got exception when requesting votes: {}
java.util.concurrent.ExecutionException: org.apache.ratis.thirdparty.io.grpc.StatusRuntimeException: UNAVAILABLE: io exception
	at java.util.concurrent.FutureTask.report(FutureTask.java:122)
	at java.util.concurrent.FutureTask.get(FutureTask.java:192)
	at org.apache.ratis.server.impl.LeaderElection.waitForResults(LeaderElection.java:263)
	at org.apache.ratis.server.impl.LeaderElection.askForVotes(LeaderElection.java:201)
	at org.apache.ratis.server.impl.LeaderElection.run(LeaderElection.java:133)
	at java.lang.Thread.run(Thread.java:748)
Caused by: org.apache.ratis.thirdparty.io.grpc.StatusRuntimeException: UNAVAILABLE: io exception
	at org.apache.ratis.thirdparty.io.grpc.stub.ClientCalls.toStatusRuntimeException(ClientCalls.java:233)
	at org.apache.ratis.thirdparty.io.grpc.stub.ClientCalls.getUnchecked(ClientCalls.java:214)
	at org.apache.ratis.thirdparty.io.grpc.stub.ClientCalls.blockingUnaryCall(ClientCalls.java:139)
	at org.apache.ratis.proto.grpc.RaftServerProtocolServiceGrpc$RaftServerProtocolServiceBlockingStub.requestVote(RaftServerProtocolServiceGrpc.java:265)
	at org.apache.ratis.grpc.server.GrpcServerProtocolClient.requestVote(GrpcServerProtocolClient.java:90)
	at org.apache.ratis.grpc.server.GrpcService.requestVote(GrpcService.java:204)
	at org.apache.ratis.server.impl.LeaderElection.lambda$submitRequests$1(LeaderElection.java:238)
	at java.util.concurrent.FutureTask.run(FutureTask.java:266)
	at java.util.concurrent.Executors$RunnableAdapter.call(Executors.java:511)
	at java.util.concurrent.FutureTask.run(FutureTask.java:266)
	at java.util.concurrent.ThreadPoolExecutor.runWorker(ThreadPoolExecutor.java:1149)
	at java.util.concurrent.ThreadPoolExecutor$Worker.run(ThreadPoolExecutor.java:624)
	... 1 more
Caused by: org.apache.ratis.thirdparty.io.netty.channel.AbstractChannel$AnnotatedConnectException: Connection refused: /192.168.164.214:33269
	at sun.nio.ch.SocketChannelImpl.checkConnect(Native Method)
	at sun.nio.ch.SocketChannelImpl.finishConnect(SocketChannelImpl.java:717)
	at org.apache.ratis.thirdparty.io.netty.channel.socket.nio.NioSocketChannel.doFinishConnect(NioSocketChannel.java:327)
	at org.apache.ratis.thirdparty.io.netty.channel.nio.AbstractNioChannel$AbstractNioUnsafe.finishConnect(AbstractNioChannel.java:340)
	at org.apache.ratis.thirdparty.io.netty.channel.nio.NioEventLoop.processSelectedKey(NioEventLoop.java:632)
	at org.apache.ratis.thirdparty.io.netty.channel.nio.NioEventLoop.processSelectedKeysOptimized(NioEventLoop.java:579)
	at org.apache.ratis.thirdparty.io.netty.channel.nio.NioEventLoop.processSelectedKeys(NioEventLoop.java:496)
	at org.apache.ratis.thirdparty.io.netty.channel.nio.NioEventLoop.run(NioEventLoop.java:458)
	at org.apache.ratis.thirdparty.io.netty.util.concurrent.SingleThreadEventExecutor$5.run(SingleThreadEventExecutor.java:897)
	at org.apache.ratis.thirdparty.io.netty.util.concurrent.FastThreadLocalRunnable.run(FastThreadLocalRunnable.java:30)
	... 1 more
Caused by: java.net.ConnectException: Connection refused
	... 11 more
2019-10-14 10:16:52,175 [42ae3f72-3e55-4c14-b24f-d3b02ec81393@group-9DEE1023DC78:LeaderElection21] INFO  impl.LeaderElection (LogUtils.java:infoOrTrace(149)) - 42ae3f72-3e55-4c14-b24f-d3b02ec81393@group-9DEE1023DC78:LeaderElection21 got exception when requesting votes: {}
java.util.concurrent.ExecutionException: org.apache.ratis.thirdparty.io.grpc.StatusRuntimeException: UNAVAILABLE: io exception
	at java.util.concurrent.FutureTask.report(FutureTask.java:122)
	at java.util.concurrent.FutureTask.get(FutureTask.java:192)
	at org.apache.ratis.server.impl.LeaderElection.waitForResults(LeaderElection.java:263)
	at org.apache.ratis.server.impl.LeaderElection.askForVotes(LeaderElection.java:201)
	at org.apache.ratis.server.impl.LeaderElection.run(LeaderElection.java:133)
	at java.lang.Thread.run(Thread.java:748)
Caused by: org.apache.ratis.thirdparty.io.grpc.StatusRuntimeException: UNAVAILABLE: io exception
	at org.apache.ratis.thirdparty.io.grpc.stub.ClientCalls.toStatusRuntimeException(ClientCalls.java:233)
	at org.apache.ratis.thirdparty.io.grpc.stub.ClientCalls.getUnchecked(ClientCalls.java:214)
	at org.apache.ratis.thirdparty.io.grpc.stub.ClientCalls.blockingUnaryCall(ClientCalls.java:139)
	at org.apache.ratis.proto.grpc.RaftServerProtocolServiceGrpc$RaftServerProtocolServiceBlockingStub.requestVote(RaftServerProtocolServiceGrpc.java:265)
	at org.apache.ratis.grpc.server.GrpcServerProtocolClient.requestVote(GrpcServerProtocolClient.java:90)
	at org.apache.ratis.grpc.server.GrpcService.requestVote(GrpcService.java:204)
	at org.apache.ratis.server.impl.LeaderElection.lambda$submitRequests$1(LeaderElection.java:238)
	at java.util.concurrent.FutureTask.run(FutureTask.java:266)
	at java.util.concurrent.Executors$RunnableAdapter.call(Executors.java:511)
	at java.util.concurrent.FutureTask.run(FutureTask.java:266)
	at java.util.concurrent.ThreadPoolExecutor.runWorker(ThreadPoolExecutor.java:1149)
	at java.util.concurrent.ThreadPoolExecutor$Worker.run(ThreadPoolExecutor.java:624)
	... 1 more
Caused by: org.apache.ratis.thirdparty.io.netty.channel.AbstractChannel$AnnotatedConnectException: Connection refused: /192.168.164.214:33495
	at sun.nio.ch.SocketChannelImpl.checkConnect(Native Method)
	at sun.nio.ch.SocketChannelImpl.finishConnect(SocketChannelImpl.java:717)
	at org.apache.ratis.thirdparty.io.netty.channel.socket.nio.NioSocketChannel.doFinishConnect(NioSocketChannel.java:327)
	at org.apache.ratis.thirdparty.io.netty.channel.nio.AbstractNioChannel$AbstractNioUnsafe.finishConnect(AbstractNioChannel.java:340)
	at org.apache.ratis.thirdparty.io.netty.channel.nio.NioEventLoop.processSelectedKey(NioEventLoop.java:632)
	at org.apache.ratis.thirdparty.io.netty.channel.nio.NioEventLoop.processSelectedKeysOptimized(NioEventLoop.java:579)
	at org.apache.ratis.thirdparty.io.netty.channel.nio.NioEventLoop.processSelectedKeys(NioEventLoop.java:496)
	at org.apache.ratis.thirdparty.io.netty.channel.nio.NioEventLoop.run(NioEventLoop.java:458)
	at org.apache.ratis.thirdparty.io.netty.util.concurrent.SingleThreadEventExecutor$5.run(SingleThreadEventExecutor.java:897)
	at org.apache.ratis.thirdparty.io.netty.util.concurrent.FastThreadLocalRunnable.run(FastThreadLocalRunnable.java:30)
	... 1 more
Caused by: java.net.ConnectException: Connection refused
	... 11 more
2019-10-14 10:16:52,176 [42ae3f72-3e55-4c14-b24f-d3b02ec81393@group-9DEE1023DC78:LeaderElection21] INFO  impl.LeaderElection (LeaderElection.java:logAndReturn(56)) - 42ae3f72-3e55-4c14-b24f-d3b02ec81393@group-9DEE1023DC78:LeaderElection21: Election REJECTED; received 0 response(s) [] and 2 exception(s); 42ae3f72-3e55-4c14-b24f-d3b02ec81393@group-9DEE1023DC78:t4, leader=null, voted=42ae3f72-3e55-4c14-b24f-d3b02ec81393, raftlog=42ae3f72-3e55-4c14-b24f-d3b02ec81393@group-9DEE1023DC78-SegmentedRaftLog:OPENED:c-1,f-1,i0, conf=-1: [42ae3f72-3e55-4c14-b24f-d3b02ec81393:192.168.164.214:34660, 4eb4d5a4-3e1a-49a8-b14d-79a7ce4055ad:192.168.164.214:33269, 36f3336e-6b3c-49fc-b34e-8bc963cfdec7:192.168.164.214:33495], old=null
2019-10-14 10:16:52,176 [42ae3f72-3e55-4c14-b24f-d3b02ec81393@group-9DEE1023DC78:LeaderElection21] INFO  impl.LeaderElection (LogUtils.java:infoOrTrace(149)) -   Exception 0: {}
java.util.concurrent.ExecutionException: org.apache.ratis.thirdparty.io.grpc.StatusRuntimeException: UNAVAILABLE: io exception
	at java.util.concurrent.FutureTask.report(FutureTask.java:122)
	at java.util.concurrent.FutureTask.get(FutureTask.java:192)
	at org.apache.ratis.server.impl.LeaderElection.waitForResults(LeaderElection.java:263)
	at org.apache.ratis.server.impl.LeaderElection.askForVotes(LeaderElection.java:201)
	at org.apache.ratis.server.impl.LeaderElection.run(LeaderElection.java:133)
	at java.lang.Thread.run(Thread.java:748)
Caused by: org.apache.ratis.thirdparty.io.grpc.StatusRuntimeException: UNAVAILABLE: io exception
	at org.apache.ratis.thirdparty.io.grpc.stub.ClientCalls.toStatusRuntimeException(ClientCalls.java:233)
	at org.apache.ratis.thirdparty.io.grpc.stub.ClientCalls.getUnchecked(ClientCalls.java:214)
	at org.apache.ratis.thirdparty.io.grpc.stub.ClientCalls.blockingUnaryCall(ClientCalls.java:139)
	at org.apache.ratis.proto.grpc.RaftServerProtocolServiceGrpc$RaftServerProtocolServiceBlockingStub.requestVote(RaftServerProtocolServiceGrpc.java:265)
	at org.apache.ratis.grpc.server.GrpcServerProtocolClient.requestVote(GrpcServerProtocolClient.java:90)
	at org.apache.ratis.grpc.server.GrpcService.requestVote(GrpcService.java:204)
	at org.apache.ratis.server.impl.LeaderElection.lambda$submitRequests$1(LeaderElection.java:238)
	at java.util.concurrent.FutureTask.run(FutureTask.java:266)
	at java.util.concurrent.Executors$RunnableAdapter.call(Executors.java:511)
	at java.util.concurrent.FutureTask.run(FutureTask.java:266)
	at java.util.concurrent.ThreadPoolExecutor.runWorker(ThreadPoolExecutor.java:1149)
	at java.util.concurrent.ThreadPoolExecutor$Worker.run(ThreadPoolExecutor.java:624)
	... 1 more
Caused by: org.apache.ratis.thirdparty.io.netty.channel.AbstractChannel$AnnotatedConnectException: Connection refused: /192.168.164.214:33269
	at sun.nio.ch.SocketChannelImpl.checkConnect(Native Method)
	at sun.nio.ch.SocketChannelImpl.finishConnect(SocketChannelImpl.java:717)
	at org.apache.ratis.thirdparty.io.netty.channel.socket.nio.NioSocketChannel.doFinishConnect(NioSocketChannel.java:327)
	at org.apache.ratis.thirdparty.io.netty.channel.nio.AbstractNioChannel$AbstractNioUnsafe.finishConnect(AbstractNioChannel.java:340)
	at org.apache.ratis.thirdparty.io.netty.channel.nio.NioEventLoop.processSelectedKey(NioEventLoop.java:632)
	at org.apache.ratis.thirdparty.io.netty.channel.nio.NioEventLoop.processSelectedKeysOptimized(NioEventLoop.java:579)
	at org.apache.ratis.thirdparty.io.netty.channel.nio.NioEventLoop.processSelectedKeys(NioEventLoop.java:496)
	at org.apache.ratis.thirdparty.io.netty.channel.nio.NioEventLoop.run(NioEventLoop.java:458)
	at org.apache.ratis.thirdparty.io.netty.util.concurrent.SingleThreadEventExecutor$5.run(SingleThreadEventExecutor.java:897)
	at org.apache.ratis.thirdparty.io.netty.util.concurrent.FastThreadLocalRunnable.run(FastThreadLocalRunnable.java:30)
	... 1 more
Caused by: java.net.ConnectException: Connection refused
	... 11 more
2019-10-14 10:16:52,177 [42ae3f72-3e55-4c14-b24f-d3b02ec81393@group-9DEE1023DC78:LeaderElection21] INFO  impl.LeaderElection (LogUtils.java:infoOrTrace(149)) -   Exception 1: {}
java.util.concurrent.ExecutionException: org.apache.ratis.thirdparty.io.grpc.StatusRuntimeException: UNAVAILABLE: io exception
	at java.util.concurrent.FutureTask.report(FutureTask.java:122)
	at java.util.concurrent.FutureTask.get(FutureTask.java:192)
	at org.apache.ratis.server.impl.LeaderElection.waitForResults(LeaderElection.java:263)
	at org.apache.ratis.server.impl.LeaderElection.askForVotes(LeaderElection.java:201)
	at org.apache.ratis.server.impl.LeaderElection.run(LeaderElection.java:133)
	at java.lang.Thread.run(Thread.java:748)
Caused by: org.apache.ratis.thirdparty.io.grpc.StatusRuntimeException: UNAVAILABLE: io exception
	at org.apache.ratis.thirdparty.io.grpc.stub.ClientCalls.toStatusRuntimeException(ClientCalls.java:233)
	at org.apache.ratis.thirdparty.io.grpc.stub.ClientCalls.getUnchecked(ClientCalls.java:214)
	at org.apache.ratis.thirdparty.io.grpc.stub.ClientCalls.blockingUnaryCall(ClientCalls.java:139)
	at org.apache.ratis.proto.grpc.RaftServerProtocolServiceGrpc$RaftServerProtocolServiceBlockingStub.requestVote(RaftServerProtocolServiceGrpc.java:265)
	at org.apache.ratis.grpc.server.GrpcServerProtocolClient.requestVote(GrpcServerProtocolClient.java:90)
	at org.apache.ratis.grpc.server.GrpcService.requestVote(GrpcService.java:204)
	at org.apache.ratis.server.impl.LeaderElection.lambda$submitRequests$1(LeaderElection.java:238)
	at java.util.concurrent.FutureTask.run(FutureTask.java:266)
	at java.util.concurrent.Executors$RunnableAdapter.call(Executors.java:511)
	at java.util.concurrent.FutureTask.run(FutureTask.java:266)
	at java.util.concurrent.ThreadPoolExecutor.runWorker(ThreadPoolExecutor.java:1149)
	at java.util.concurrent.ThreadPoolExecutor$Worker.run(ThreadPoolExecutor.java:624)
	... 1 more
Caused by: org.apache.ratis.thirdparty.io.netty.channel.AbstractChannel$AnnotatedConnectException: Connection refused: /192.168.164.214:33495
	at sun.nio.ch.SocketChannelImpl.checkConnect(Native Method)
	at sun.nio.ch.SocketChannelImpl.finishConnect(SocketChannelImpl.java:717)
	at org.apache.ratis.thirdparty.io.netty.channel.socket.nio.NioSocketChannel.doFinishConnect(NioSocketChannel.java:327)
	at org.apache.ratis.thirdparty.io.netty.channel.nio.AbstractNioChannel$AbstractNioUnsafe.finishConnect(AbstractNioChannel.java:340)
	at org.apache.ratis.thirdparty.io.netty.channel.nio.NioEventLoop.processSelectedKey(NioEventLoop.java:632)
	at org.apache.ratis.thirdparty.io.netty.channel.nio.NioEventLoop.processSelectedKeysOptimized(NioEventLoop.java:579)
	at org.apache.ratis.thirdparty.io.netty.channel.nio.NioEventLoop.processSelectedKeys(NioEventLoop.java:496)
	at org.apache.ratis.thirdparty.io.netty.channel.nio.NioEventLoop.run(NioEventLoop.java:458)
	at org.apache.ratis.thirdparty.io.netty.util.concurrent.SingleThreadEventExecutor$5.run(SingleThreadEventExecutor.java:897)
	at org.apache.ratis.thirdparty.io.netty.util.concurrent.FastThreadLocalRunnable.run(FastThreadLocalRunnable.java:30)
	... 1 more
Caused by: java.net.ConnectException: Connection refused
	... 11 more
2019-10-14 10:16:52,177 [42ae3f72-3e55-4c14-b24f-d3b02ec81393@group-9DEE1023DC78:LeaderElection21] INFO  impl.RaftServerImpl (RaftServerImpl.java:setRole(174)) - 42ae3f72-3e55-4c14-b24f-d3b02ec81393@group-9DEE1023DC78: changes role from CANDIDATE to FOLLOWER at term 4 for DISCOVERED_A_NEW_TERM
2019-10-14 10:16:52,177 [42ae3f72-3e55-4c14-b24f-d3b02ec81393@group-9DEE1023DC78:LeaderElection21] INFO  impl.RoleInfo (RoleInfo.java:shutdownLeaderElection(134)) - 42ae3f72-3e55-4c14-b24f-d3b02ec81393: shutdown LeaderElection
2019-10-14 10:16:52,177 [42ae3f72-3e55-4c14-b24f-d3b02ec81393@group-9DEE1023DC78:LeaderElection21] INFO  impl.RoleInfo (RoleInfo.java:updateAndGet(143)) - 42ae3f72-3e55-4c14-b24f-d3b02ec81393: start FollowerState
2019-10-14 10:16:52,195 [42ae3f72-3e55-4c14-b24f-d3b02ec81393@group-8D18ED4DA9CA:LeaderElection22] INFO  impl.LeaderElection (LeaderElection.java:askForVotes(182)) - 42ae3f72-3e55-4c14-b24f-d3b02ec81393@group-8D18ED4DA9CA:LeaderElection22: begin an election at term 3 for 0: [42ae3f72-3e55-4c14-b24f-d3b02ec81393:192.168.164.214:34660, 4eb4d5a4-3e1a-49a8-b14d-79a7ce4055ad:192.168.164.214:33269, 36f3336e-6b3c-49fc-b34e-8bc963cfdec7:192.168.164.214:33495], old=null
2019-10-14 10:16:52,197 [42ae3f72-3e55-4c14-b24f-d3b02ec81393@group-8D18ED4DA9CA:LeaderElection22] INFO  impl.LeaderElection (LogUtils.java:infoOrTrace(149)) - 42ae3f72-3e55-4c14-b24f-d3b02ec81393@group-8D18ED4DA9CA:LeaderElection22 got exception when requesting votes: {}
java.util.concurrent.ExecutionException: org.apache.ratis.thirdparty.io.grpc.StatusRuntimeException: UNAVAILABLE: io exception
	at java.util.concurrent.FutureTask.report(FutureTask.java:122)
	at java.util.concurrent.FutureTask.get(FutureTask.java:192)
	at org.apache.ratis.server.impl.LeaderElection.waitForResults(LeaderElection.java:263)
	at org.apache.ratis.server.impl.LeaderElection.askForVotes(LeaderElection.java:201)
	at org.apache.ratis.server.impl.LeaderElection.run(LeaderElection.java:133)
	at java.lang.Thread.run(Thread.java:748)
Caused by: org.apache.ratis.thirdparty.io.grpc.StatusRuntimeException: UNAVAILABLE: io exception
	at org.apache.ratis.thirdparty.io.grpc.stub.ClientCalls.toStatusRuntimeException(ClientCalls.java:233)
	at org.apache.ratis.thirdparty.io.grpc.stub.ClientCalls.getUnchecked(ClientCalls.java:214)
	at org.apache.ratis.thirdparty.io.grpc.stub.ClientCalls.blockingUnaryCall(ClientCalls.java:139)
	at org.apache.ratis.proto.grpc.RaftServerProtocolServiceGrpc$RaftServerProtocolServiceBlockingStub.requestVote(RaftServerProtocolServiceGrpc.java:265)
	at org.apache.ratis.grpc.server.GrpcServerProtocolClient.requestVote(GrpcServerProtocolClient.java:90)
	at org.apache.ratis.grpc.server.GrpcService.requestVote(GrpcService.java:204)
	at org.apache.ratis.server.impl.LeaderElection.lambda$submitRequests$1(LeaderElection.java:238)
	at java.util.concurrent.FutureTask.run(FutureTask.java:266)
	at java.util.concurrent.Executors$RunnableAdapter.call(Executors.java:511)
	at java.util.concurrent.FutureTask.run(FutureTask.java:266)
	at java.util.concurrent.ThreadPoolExecutor.runWorker(ThreadPoolExecutor.java:1149)
	at java.util.concurrent.ThreadPoolExecutor$Worker.run(ThreadPoolExecutor.java:624)
	... 1 more
Caused by: org.apache.ratis.thirdparty.io.netty.channel.AbstractChannel$AnnotatedConnectException: Connection refused: /192.168.164.214:33269
	at sun.nio.ch.SocketChannelImpl.checkConnect(Native Method)
	at sun.nio.ch.SocketChannelImpl.finishConnect(SocketChannelImpl.java:717)
	at org.apache.ratis.thirdparty.io.netty.channel.socket.nio.NioSocketChannel.doFinishConnect(NioSocketChannel.java:327)
	at org.apache.ratis.thirdparty.io.netty.channel.nio.AbstractNioChannel$AbstractNioUnsafe.finishConnect(AbstractNioChannel.java:340)
	at org.apache.ratis.thirdparty.io.netty.channel.nio.NioEventLoop.processSelectedKey(NioEventLoop.java:632)
	at org.apache.ratis.thirdparty.io.netty.channel.nio.NioEventLoop.processSelectedKeysOptimized(NioEventLoop.java:579)
	at org.apache.ratis.thirdparty.io.netty.channel.nio.NioEventLoop.processSelectedKeys(NioEventLoop.java:496)
	at org.apache.ratis.thirdparty.io.netty.channel.nio.NioEventLoop.run(NioEventLoop.java:458)
	at org.apache.ratis.thirdparty.io.netty.util.concurrent.SingleThreadEventExecutor$5.run(SingleThreadEventExecutor.java:897)
	at org.apache.ratis.thirdparty.io.netty.util.concurrent.FastThreadLocalRunnable.run(FastThreadLocalRunnable.java:30)
	... 1 more
Caused by: java.net.ConnectException: Connection refused
	... 11 more
2019-10-14 10:16:52,199 [42ae3f72-3e55-4c14-b24f-d3b02ec81393@group-8D18ED4DA9CA:LeaderElection22] INFO  impl.LeaderElection (LogUtils.java:infoOrTrace(149)) - 42ae3f72-3e55-4c14-b24f-d3b02ec81393@group-8D18ED4DA9CA:LeaderElection22 got exception when requesting votes: {}
java.util.concurrent.ExecutionException: org.apache.ratis.thirdparty.io.grpc.StatusRuntimeException: UNAVAILABLE: io exception
	at java.util.concurrent.FutureTask.report(FutureTask.java:122)
	at java.util.concurrent.FutureTask.get(FutureTask.java:192)
	at org.apache.ratis.server.impl.LeaderElection.waitForResults(LeaderElection.java:263)
	at org.apache.ratis.server.impl.LeaderElection.askForVotes(LeaderElection.java:201)
	at org.apache.ratis.server.impl.LeaderElection.run(LeaderElection.java:133)
	at java.lang.Thread.run(Thread.java:748)
Caused by: org.apache.ratis.thirdparty.io.grpc.StatusRuntimeException: UNAVAILABLE: io exception
	at org.apache.ratis.thirdparty.io.grpc.stub.ClientCalls.toStatusRuntimeException(ClientCalls.java:233)
	at org.apache.ratis.thirdparty.io.grpc.stub.ClientCalls.getUnchecked(ClientCalls.java:214)
	at org.apache.ratis.thirdparty.io.grpc.stub.ClientCalls.blockingUnaryCall(ClientCalls.java:139)
	at org.apache.ratis.proto.grpc.RaftServerProtocolServiceGrpc$RaftServerProtocolServiceBlockingStub.requestVote(RaftServerProtocolServiceGrpc.java:265)
	at org.apache.ratis.grpc.server.GrpcServerProtocolClient.requestVote(GrpcServerProtocolClient.java:90)
	at org.apache.ratis.grpc.server.GrpcService.requestVote(GrpcService.java:204)
	at org.apache.ratis.server.impl.LeaderElection.lambda$submitRequests$1(LeaderElection.java:238)
	at java.util.concurrent.FutureTask.run(FutureTask.java:266)
	at java.util.concurrent.Executors$RunnableAdapter.call(Executors.java:511)
	at java.util.concurrent.FutureTask.run(FutureTask.java:266)
	at java.util.concurrent.ThreadPoolExecutor.runWorker(ThreadPoolExecutor.java:1149)
	at java.util.concurrent.ThreadPoolExecutor$Worker.run(ThreadPoolExecutor.java:624)
	... 1 more
Caused by: org.apache.ratis.thirdparty.io.netty.channel.AbstractChannel$AnnotatedConnectException: Connection refused: /192.168.164.214:33495
	at sun.nio.ch.SocketChannelImpl.checkConnect(Native Method)
	at sun.nio.ch.SocketChannelImpl.finishConnect(SocketChannelImpl.java:717)
	at org.apache.ratis.thirdparty.io.netty.channel.socket.nio.NioSocketChannel.doFinishConnect(NioSocketChannel.java:327)
	at org.apache.ratis.thirdparty.io.netty.channel.nio.AbstractNioChannel$AbstractNioUnsafe.finishConnect(AbstractNioChannel.java:340)
	at org.apache.ratis.thirdparty.io.netty.channel.nio.NioEventLoop.processSelectedKey(NioEventLoop.java:632)
	at org.apache.ratis.thirdparty.io.netty.channel.nio.NioEventLoop.processSelectedKeysOptimized(NioEventLoop.java:579)
	at org.apache.ratis.thirdparty.io.netty.channel.nio.NioEventLoop.processSelectedKeys(NioEventLoop.java:496)
	at org.apache.ratis.thirdparty.io.netty.channel.nio.NioEventLoop.run(NioEventLoop.java:458)
	at org.apache.ratis.thirdparty.io.netty.util.concurrent.SingleThreadEventExecutor$5.run(SingleThreadEventExecutor.java:897)
	at org.apache.ratis.thirdparty.io.netty.util.concurrent.FastThreadLocalRunnable.run(FastThreadLocalRunnable.java:30)
	... 1 more
Caused by: java.net.ConnectException: Connection refused
	... 11 more
2019-10-14 10:16:52,200 [42ae3f72-3e55-4c14-b24f-d3b02ec81393@group-8D18ED4DA9CA:LeaderElection22] INFO  impl.LeaderElection (LeaderElection.java:logAndReturn(56)) - 42ae3f72-3e55-4c14-b24f-d3b02ec81393@group-8D18ED4DA9CA:LeaderElection22: Election REJECTED; received 0 response(s) [] and 2 exception(s); 42ae3f72-3e55-4c14-b24f-d3b02ec81393@group-8D18ED4DA9CA:t3, leader=null, voted=42ae3f72-3e55-4c14-b24f-d3b02ec81393, raftlog=42ae3f72-3e55-4c14-b24f-d3b02ec81393@group-8D18ED4DA9CA-SegmentedRaftLog:OPENED:c-1,f0,i0, conf=0: [42ae3f72-3e55-4c14-b24f-d3b02ec81393:192.168.164.214:34660, 4eb4d5a4-3e1a-49a8-b14d-79a7ce4055ad:192.168.164.214:33269, 36f3336e-6b3c-49fc-b34e-8bc963cfdec7:192.168.164.214:33495], old=null
2019-10-14 10:16:52,200 [42ae3f72-3e55-4c14-b24f-d3b02ec81393@group-8D18ED4DA9CA:LeaderElection22] INFO  impl.LeaderElection (LogUtils.java:infoOrTrace(149)) -   Exception 0: {}
java.util.concurrent.ExecutionException: org.apache.ratis.thirdparty.io.grpc.StatusRuntimeException: UNAVAILABLE: io exception
	at java.util.concurrent.FutureTask.report(FutureTask.java:122)
	at java.util.concurrent.FutureTask.get(FutureTask.java:192)
	at org.apache.ratis.server.impl.LeaderElection.waitForResults(LeaderElection.java:263)
	at org.apache.ratis.server.impl.LeaderElection.askForVotes(LeaderElection.java:201)
	at org.apache.ratis.server.impl.LeaderElection.run(LeaderElection.java:133)
	at java.lang.Thread.run(Thread.java:748)
Caused by: org.apache.ratis.thirdparty.io.grpc.StatusRuntimeException: UNAVAILABLE: io exception
	at org.apache.ratis.thirdparty.io.grpc.stub.ClientCalls.toStatusRuntimeException(ClientCalls.java:233)
	at org.apache.ratis.thirdparty.io.grpc.stub.ClientCalls.getUnchecked(ClientCalls.java:214)
	at org.apache.ratis.thirdparty.io.grpc.stub.ClientCalls.blockingUnaryCall(ClientCalls.java:139)
	at org.apache.ratis.proto.grpc.RaftServerProtocolServiceGrpc$RaftServerProtocolServiceBlockingStub.requestVote(RaftServerProtocolServiceGrpc.java:265)
	at org.apache.ratis.grpc.server.GrpcServerProtocolClient.requestVote(GrpcServerProtocolClient.java:90)
	at org.apache.ratis.grpc.server.GrpcService.requestVote(GrpcService.java:204)
	at org.apache.ratis.server.impl.LeaderElection.lambda$submitRequests$1(LeaderElection.java:238)
	at java.util.concurrent.FutureTask.run(FutureTask.java:266)
	at java.util.concurrent.Executors$RunnableAdapter.call(Executors.java:511)
	at java.util.concurrent.FutureTask.run(FutureTask.java:266)
	at java.util.concurrent.ThreadPoolExecutor.runWorker(ThreadPoolExecutor.java:1149)
	at java.util.concurrent.ThreadPoolExecutor$Worker.run(ThreadPoolExecutor.java:624)
	... 1 more
Caused by: org.apache.ratis.thirdparty.io.netty.channel.AbstractChannel$AnnotatedConnectException: Connection refused: /192.168.164.214:33269
	at sun.nio.ch.SocketChannelImpl.checkConnect(Native Method)
	at sun.nio.ch.SocketChannelImpl.finishConnect(SocketChannelImpl.java:717)
	at org.apache.ratis.thirdparty.io.netty.channel.socket.nio.NioSocketChannel.doFinishConnect(NioSocketChannel.java:327)
	at org.apache.ratis.thirdparty.io.netty.channel.nio.AbstractNioChannel$AbstractNioUnsafe.finishConnect(AbstractNioChannel.java:340)
	at org.apache.ratis.thirdparty.io.netty.channel.nio.NioEventLoop.processSelectedKey(NioEventLoop.java:632)
	at org.apache.ratis.thirdparty.io.netty.channel.nio.NioEventLoop.processSelectedKeysOptimized(NioEventLoop.java:579)
	at org.apache.ratis.thirdparty.io.netty.channel.nio.NioEventLoop.processSelectedKeys(NioEventLoop.java:496)
	at org.apache.ratis.thirdparty.io.netty.channel.nio.NioEventLoop.run(NioEventLoop.java:458)
	at org.apache.ratis.thirdparty.io.netty.util.concurrent.SingleThreadEventExecutor$5.run(SingleThreadEventExecutor.java:897)
	at org.apache.ratis.thirdparty.io.netty.util.concurrent.FastThreadLocalRunnable.run(FastThreadLocalRunnable.java:30)
	... 1 more
Caused by: java.net.ConnectException: Connection refused
	... 11 more
2019-10-14 10:16:52,201 [42ae3f72-3e55-4c14-b24f-d3b02ec81393@group-8D18ED4DA9CA:LeaderElection22] INFO  impl.LeaderElection (LogUtils.java:infoOrTrace(149)) -   Exception 1: {}
java.util.concurrent.ExecutionException: org.apache.ratis.thirdparty.io.grpc.StatusRuntimeException: UNAVAILABLE: io exception
	at java.util.concurrent.FutureTask.report(FutureTask.java:122)
	at java.util.concurrent.FutureTask.get(FutureTask.java:192)
	at org.apache.ratis.server.impl.LeaderElection.waitForResults(LeaderElection.java:263)
	at org.apache.ratis.server.impl.LeaderElection.askForVotes(LeaderElection.java:201)
	at org.apache.ratis.server.impl.LeaderElection.run(LeaderElection.java:133)
	at java.lang.Thread.run(Thread.java:748)
Caused by: org.apache.ratis.thirdparty.io.grpc.StatusRuntimeException: UNAVAILABLE: io exception
	at org.apache.ratis.thirdparty.io.grpc.stub.ClientCalls.toStatusRuntimeException(ClientCalls.java:233)
	at org.apache.ratis.thirdparty.io.grpc.stub.ClientCalls.getUnchecked(ClientCalls.java:214)
	at org.apache.ratis.thirdparty.io.grpc.stub.ClientCalls.blockingUnaryCall(ClientCalls.java:139)
	at org.apache.ratis.proto.grpc.RaftServerProtocolServiceGrpc$RaftServerProtocolServiceBlockingStub.requestVote(RaftServerProtocolServiceGrpc.java:265)
	at org.apache.ratis.grpc.server.GrpcServerProtocolClient.requestVote(GrpcServerProtocolClient.java:90)
	at org.apache.ratis.grpc.server.GrpcService.requestVote(GrpcService.java:204)
	at org.apache.ratis.server.impl.LeaderElection.lambda$submitRequests$1(LeaderElection.java:238)
	at java.util.concurrent.FutureTask.run(FutureTask.java:266)
	at java.util.concurrent.Executors$RunnableAdapter.call(Executors.java:511)
	at java.util.concurrent.FutureTask.run(FutureTask.java:266)
	at java.util.concurrent.ThreadPoolExecutor.runWorker(ThreadPoolExecutor.java:1149)
	at java.util.concurrent.ThreadPoolExecutor$Worker.run(ThreadPoolExecutor.java:624)
	... 1 more
Caused by: org.apache.ratis.thirdparty.io.netty.channel.AbstractChannel$AnnotatedConnectException: Connection refused: /192.168.164.214:33495
	at sun.nio.ch.SocketChannelImpl.checkConnect(Native Method)
	at sun.nio.ch.SocketChannelImpl.finishConnect(SocketChannelImpl.java:717)
	at org.apache.ratis.thirdparty.io.netty.channel.socket.nio.NioSocketChannel.doFinishConnect(NioSocketChannel.java:327)
	at org.apache.ratis.thirdparty.io.netty.channel.nio.AbstractNioChannel$AbstractNioUnsafe.finishConnect(AbstractNioChannel.java:340)
	at org.apache.ratis.thirdparty.io.netty.channel.nio.NioEventLoop.processSelectedKey(NioEventLoop.java:632)
	at org.apache.ratis.thirdparty.io.netty.channel.nio.NioEventLoop.processSelectedKeysOptimized(NioEventLoop.java:579)
	at org.apache.ratis.thirdparty.io.netty.channel.nio.NioEventLoop.processSelectedKeys(NioEventLoop.java:496)
	at org.apache.ratis.thirdparty.io.netty.channel.nio.NioEventLoop.run(NioEventLoop.java:458)
	at org.apache.ratis.thirdparty.io.netty.util.concurrent.SingleThreadEventExecutor$5.run(SingleThreadEventExecutor.java:897)
	at org.apache.ratis.thirdparty.io.netty.util.concurrent.FastThreadLocalRunnable.run(FastThreadLocalRunnable.java:30)
	... 1 more
Caused by: java.net.ConnectException: Connection refused
	... 11 more
2019-10-14 10:16:52,201 [42ae3f72-3e55-4c14-b24f-d3b02ec81393@group-8D18ED4DA9CA:LeaderElection22] INFO  impl.RaftServerImpl (RaftServerImpl.java:setRole(174)) - 42ae3f72-3e55-4c14-b24f-d3b02ec81393@group-8D18ED4DA9CA: changes role from CANDIDATE to FOLLOWER at term 3 for DISCOVERED_A_NEW_TERM
2019-10-14 10:16:52,201 [42ae3f72-3e55-4c14-b24f-d3b02ec81393@group-8D18ED4DA9CA:LeaderElection22] INFO  impl.RoleInfo (RoleInfo.java:shutdownLeaderElection(134)) - 42ae3f72-3e55-4c14-b24f-d3b02ec81393: shutdown LeaderElection
2019-10-14 10:16:52,202 [42ae3f72-3e55-4c14-b24f-d3b02ec81393@group-8D18ED4DA9CA:LeaderElection22] INFO  impl.RoleInfo (RoleInfo.java:updateAndGet(143)) - 42ae3f72-3e55-4c14-b24f-d3b02ec81393: start FollowerState
2019-10-14 10:16:53,700 [main] INFO  ozoneimpl.OzoneContainer (OzoneContainer.java:stop(231)) - Attempting to stop container services.
2019-10-14 10:16:53,703 [main] INFO  impl.RaftServerProxy (RaftServerProxy.java:lambda$close$4(314)) - 42ae3f72-3e55-4c14-b24f-d3b02ec81393: close
2019-10-14 10:16:53,704 [main] INFO  impl.RaftServerImpl (RaftServerImpl.java:lambda$shutdown$3(251)) - 42ae3f72-3e55-4c14-b24f-d3b02ec81393@group-9DEE1023DC78: shutdown
2019-10-14 10:16:53,704 [ForkJoinPool.commonPool-worker-1] INFO  impl.RaftServerImpl (RaftServerImpl.java:lambda$shutdown$3(251)) - 42ae3f72-3e55-4c14-b24f-d3b02ec81393@group-1AC0EE171084: shutdown
2019-10-14 10:16:53,704 [main] INFO  util.JmxRegister (JmxRegister.java:unregister(73)) - Successfully un-registered JMX Bean with object name Ratis:service=RaftServer,group=group-9DEE1023DC78,id=42ae3f72-3e55-4c14-b24f-d3b02ec81393
2019-10-14 10:16:53,705 [ForkJoinPool.commonPool-worker-1] INFO  util.JmxRegister (JmxRegister.java:unregister(73)) - Successfully un-registered JMX Bean with object name Ratis:service=RaftServer,group=group-1AC0EE171084,id=42ae3f72-3e55-4c14-b24f-d3b02ec81393
2019-10-14 10:16:53,705 [main] INFO  impl.RoleInfo (RoleInfo.java:shutdownFollowerState(121)) - 42ae3f72-3e55-4c14-b24f-d3b02ec81393: shutdown FollowerState
2019-10-14 10:16:53,705 [ForkJoinPool.commonPool-worker-1] INFO  impl.RoleInfo (RoleInfo.java:shutdownLeaderState(104)) - 42ae3f72-3e55-4c14-b24f-d3b02ec81393: shutdown LeaderState
2019-10-14 10:16:53,706 [Thread-540] INFO  impl.FollowerState (FollowerState.java:run(115)) - 42ae3f72-3e55-4c14-b24f-d3b02ec81393: FollowerState was interrupted: java.lang.InterruptedException: sleep interrupted
2019-10-14 10:16:53,706 [main] INFO  impl.StateMachineUpdater (StateMachineUpdater.java:stopAndJoin(125)) - 42ae3f72-3e55-4c14-b24f-d3b02ec81393@group-9DEE1023DC78-StateMachineUpdater: set stopIndex = -1
2019-10-14 10:16:53,707 [ForkJoinPool.commonPool-worker-1] INFO  impl.PendingRequests (PendingRequests.java:sendNotLeaderResponses(202)) - 42ae3f72-3e55-4c14-b24f-d3b02ec81393-PendingRequests: sendNotLeaderResponses
2019-10-14 10:16:53,707 [main] INFO  impl.RaftServerImpl (ServerState.java:close(385)) - 42ae3f72-3e55-4c14-b24f-d3b02ec81393@group-9DEE1023DC78: closes. applyIndex: -1
2019-10-14 10:16:53,708 [ForkJoinPool.commonPool-worker-1] INFO  impl.StateMachineUpdater (StateMachineUpdater.java:stopAndJoin(125)) - 42ae3f72-3e55-4c14-b24f-d3b02ec81393@group-1AC0EE171084-StateMachineUpdater: set stopIndex = 0
2019-10-14 10:16:53,708 [42ae3f72-3e55-4c14-b24f-d3b02ec81393@group-9DEE1023DC78-SegmentedRaftLogWorker] INFO  segmented.SegmentedRaftLogWorker (SegmentedRaftLogWorker.java:run(313)) - 42ae3f72-3e55-4c14-b24f-d3b02ec81393@group-9DEE1023DC78-SegmentedRaftLogWorker was interrupted, exiting. There are 0 tasks remaining in the queue.
2019-10-14 10:16:53,709 [ForkJoinPool.commonPool-worker-1] INFO  impl.RaftServerImpl (ServerState.java:close(385)) - 42ae3f72-3e55-4c14-b24f-d3b02ec81393@group-1AC0EE171084: closes. applyIndex: 0
2019-10-14 10:16:53,709 [main] INFO  segmented.SegmentedRaftLogWorker (SegmentedRaftLogWorker.java:close(228)) - 42ae3f72-3e55-4c14-b24f-d3b02ec81393@group-9DEE1023DC78-SegmentedRaftLogWorker close()
2019-10-14 10:16:53,709 [42ae3f72-3e55-4c14-b24f-d3b02ec81393@group-1AC0EE171084-SegmentedRaftLogWorker] INFO  segmented.SegmentedRaftLogWorker (SegmentedRaftLogWorker.java:run(313)) - 42ae3f72-3e55-4c14-b24f-d3b02ec81393@group-1AC0EE171084-SegmentedRaftLogWorker was interrupted, exiting. There are 0 tasks remaining in the queue.
2019-10-14 10:16:53,713 [ForkJoinPool.commonPool-worker-1] INFO  segmented.SegmentedRaftLogWorker (SegmentedRaftLogWorker.java:close(228)) - 42ae3f72-3e55-4c14-b24f-d3b02ec81393@group-1AC0EE171084-SegmentedRaftLogWorker close()
2019-10-14 10:16:53,713 [ForkJoinPool.commonPool-worker-1] INFO  impl.RaftServerImpl (RaftServerImpl.java:lambda$shutdown$3(251)) - 42ae3f72-3e55-4c14-b24f-d3b02ec81393@group-8D18ED4DA9CA: shutdown
2019-10-14 10:16:53,714 [ForkJoinPool.commonPool-worker-1] INFO  util.JmxRegister (JmxRegister.java:unregister(73)) - Successfully un-registered JMX Bean with object name Ratis:service=RaftServer,group=group-8D18ED4DA9CA,id=42ae3f72-3e55-4c14-b24f-d3b02ec81393
2019-10-14 10:16:53,714 [ForkJoinPool.commonPool-worker-1] INFO  impl.RoleInfo (RoleInfo.java:shutdownFollowerState(121)) - 42ae3f72-3e55-4c14-b24f-d3b02ec81393: shutdown FollowerState
2019-10-14 10:16:53,714 [ForkJoinPool.commonPool-worker-1] INFO  impl.StateMachineUpdater (StateMachineUpdater.java:stopAndJoin(125)) - 42ae3f72-3e55-4c14-b24f-d3b02ec81393@group-8D18ED4DA9CA-StateMachineUpdater: set stopIndex = -1
2019-10-14 10:16:53,714 [Thread-543] INFO  impl.FollowerState (FollowerState.java:run(115)) - 42ae3f72-3e55-4c14-b24f-d3b02ec81393: FollowerState was interrupted: java.lang.InterruptedException: sleep interrupted
2019-10-14 10:16:53,714 [ForkJoinPool.commonPool-worker-1] INFO  impl.RaftServerImpl (ServerState.java:close(385)) - 42ae3f72-3e55-4c14-b24f-d3b02ec81393@group-8D18ED4DA9CA: closes. applyIndex: -1
2019-10-14 10:16:53,716 [42ae3f72-3e55-4c14-b24f-d3b02ec81393@group-8D18ED4DA9CA-SegmentedRaftLogWorker] INFO  segmented.SegmentedRaftLogWorker (SegmentedRaftLogWorker.java:run(313)) - 42ae3f72-3e55-4c14-b24f-d3b02ec81393@group-8D18ED4DA9CA-SegmentedRaftLogWorker was interrupted, exiting. There are 0 tasks remaining in the queue.
2019-10-14 10:16:53,716 [ForkJoinPool.commonPool-worker-1] INFO  segmented.SegmentedRaftLogWorker (SegmentedRaftLogWorker.java:close(228)) - 42ae3f72-3e55-4c14-b24f-d3b02ec81393@group-8D18ED4DA9CA-SegmentedRaftLogWorker close()
2019-10-14 10:16:53,716 [main] INFO  server.GrpcService (GrpcService.java:closeImpl(164)) - 42ae3f72-3e55-4c14-b24f-d3b02ec81393: shutdown server with port 34660 now
2019-10-14 10:16:53,721 [main] INFO  server.GrpcService (GrpcService.java:closeImpl(172)) - 42ae3f72-3e55-4c14-b24f-d3b02ec81393: shutdown server with port 34660 successfully
2019-10-14 10:16:53,726 [refreshUsed-/workdir/hadoop-ozone/ozonefs/target/test-dir/MiniOzoneClusterImpl-85c09e26-9b56-4407-9c77-57370d286ecc/datanode-5/data/containers] WARN  fs.CachingGetSpaceUsed (CachingGetSpaceUsed.java:run(183)) - Thread Interrupted waiting to refresh disk information: sleep interrupted
2019-10-14 10:16:53,749 [main] INFO  utils.BackgroundService (BackgroundService.java:shutdown(148)) - Shutting down service BlockDeletingService
2019-10-14 10:16:53,752 [main] INFO  statemachine.DatanodeStateMachine (DatanodeStateMachine.java:stopDaemon(395)) - Ozone container server stopped.
2019-10-14 10:16:53,765 [main] INFO  handler.ContextHandler (ContextHandler.java:doStop(910)) - Stopped o.e.j.w.WebAppContext@3166f664{/,null,UNAVAILABLE}{/hddsDatanode}
2019-10-14 10:16:53,766 [main] INFO  server.AbstractConnector (AbstractConnector.java:doStop(318)) - Stopped ServerConnector@47ac613b{HTTP/1.1,[http/1.1]}{0.0.0.0:0}
2019-10-14 10:16:53,766 [main] INFO  handler.ContextHandler (ContextHandler.java:doStop(910)) - Stopped o.e.j.s.ServletContextHandler@43bdaa1b{/static,jar:file:/home/user/.m2/repository/org/apache/hadoop/hadoop-hdds-container-service/0.5.0-SNAPSHOT/hadoop-hdds-container-service-0.5.0-SNAPSHOT.jar!/webapps/static,UNAVAILABLE}
2019-10-14 10:16:53,767 [main] INFO  handler.ContextHandler (ContextHandler.java:doStop(910)) - Stopped o.e.j.s.ServletContextHandler@2b0dc227{/logs,file:///workdir/hadoop-ozone/ozonefs/target/log,UNAVAILABLE}
2019-10-14 10:16:53,769 [main] INFO  ozone.MiniOzoneClusterImpl (MiniOzoneClusterImpl.java:stopSCM(392)) - Stopping the StorageContainerManager
2019-10-14 10:16:53,769 [main] INFO  server.StorageContainerManager (StorageContainerManager.java:stop(808)) - Stopping Replication Manager Service.
2019-10-14 10:16:53,769 [main] INFO  container.ReplicationManager (ReplicationManager.java:stop(204)) - Stopping Replication Monitor Thread.
2019-10-14 10:16:53,769 [main] INFO  server.StorageContainerManager (StorageContainerManager.java:stop(815)) - Stopping Lease Manager of the command watchers
2019-10-14 10:16:53,770 [main] INFO  server.StorageContainerManager (StorageContainerManager.java:stop(822)) - Stopping datanode service RPC server
2019-10-14 10:16:53,770 [main] INFO  server.SCMDatanodeProtocolServer (SCMDatanodeProtocolServer.java:stop(367)) - Stopping the RPC server for DataNodes
2019-10-14 10:16:53,770 [main] INFO  ipc.Server (Server.java:stop(3082)) - Stopping server on 41718
2019-10-14 10:16:53,772 [IPC Server listener on 41718] INFO  ipc.Server (Server.java:run(1185)) - Stopping IPC Server listener on 41718
2019-10-14 10:16:53,773 [IPC Server Responder] INFO  ipc.Server (Server.java:run(1319)) - Stopping IPC Server Responder
2019-10-14 10:16:53,832 [SCM Heartbeat Processing Thread - 0] WARN  node.NodeStateManager (NodeStateManager.java:scheduleNextHealthCheck(655)) - Current Thread is interrupted, shutting down HB processing thread for Node Manager.
2019-10-14 10:16:53,833 [main] INFO  server.StorageContainerManager (StorageContainerManager.java:stop(830)) - Stopping block service RPC server
2019-10-14 10:16:53,833 [main] INFO  server.SCMBlockProtocolServer (SCMBlockProtocolServer.java:stop(155)) - Stopping the RPC server for Block Protocol
2019-10-14 10:16:53,834 [main] INFO  ipc.Server (Server.java:stop(3082)) - Stopping server on 34239
2019-10-14 10:16:53,836 [IPC Server listener on 34239] INFO  ipc.Server (Server.java:run(1185)) - Stopping IPC Server listener on 34239
2019-10-14 10:16:53,836 [main] INFO  server.StorageContainerManager (StorageContainerManager.java:stop(837)) - Stopping the StorageContainerLocationProtocol RPC server
2019-10-14 10:16:53,836 [IPC Server Responder] INFO  ipc.Server (Server.java:run(1319)) - Stopping IPC Server Responder
2019-10-14 10:16:53,836 [main] INFO  server.SCMClientProtocolServer (SCMClientProtocolServer.java:stop(159)) - Stopping the RPC server for Client Protocol
2019-10-14 10:16:53,836 [main] INFO  ipc.Server (Server.java:stop(3082)) - Stopping server on 39242
2019-10-14 10:16:53,838 [IPC Server listener on 39242] INFO  ipc.Server (Server.java:run(1185)) - Stopping IPC Server listener on 39242
2019-10-14 10:16:53,838 [main] INFO  server.StorageContainerManager (StorageContainerManager.java:stop(844)) - Stopping Storage Container Manager HTTP server.
2019-10-14 10:16:53,838 [IPC Server Responder] INFO  ipc.Server (Server.java:run(1319)) - Stopping IPC Server Responder
2019-10-14 10:16:53,840 [main] INFO  handler.ContextHandler (ContextHandler.java:doStop(910)) - Stopped o.e.j.w.WebAppContext@24be2d9c{/,null,UNAVAILABLE}{/scm}
2019-10-14 10:16:53,840 [main] INFO  server.AbstractConnector (AbstractConnector.java:doStop(318)) - Stopped ServerConnector@2449cff7{HTTP/1.1,[http/1.1]}{0.0.0.0:0}
2019-10-14 10:16:53,841 [main] INFO  handler.ContextHandler (ContextHandler.java:doStop(910)) - Stopped o.e.j.s.ServletContextHandler@4a11eb84{/static,jar:file:/home/user/.m2/repository/org/apache/hadoop/hadoop-hdds-server-scm/0.5.0-SNAPSHOT/hadoop-hdds-server-scm-0.5.0-SNAPSHOT.jar!/webapps/static,UNAVAILABLE}
2019-10-14 10:16:53,841 [main] INFO  handler.ContextHandler (ContextHandler.java:doStop(910)) - Stopped o.e.j.s.ServletContextHandler@48a12036{/logs,file:///workdir/hadoop-ozone/ozonefs/target/log,UNAVAILABLE}
2019-10-14 10:16:53,842 [main] INFO  server.StorageContainerManager (StorageContainerManager.java:stop(855)) - Stopping Block Manager Service.
2019-10-14 10:16:53,842 [main] INFO  utils.BackgroundService (BackgroundService.java:shutdown(148)) - Shutting down service SCMBlockDeletingService
2019-10-14 10:16:53,843 [main] INFO  utils.BackgroundService (BackgroundService.java:shutdown(148)) - Shutting down service SCMBlockDeletingService
2019-10-14 10:16:53,843 [main] INFO  server.StorageContainerManager (StorageContainerManager.java:stop(877)) - Stopping SCM Event Queue.
2019-10-14 10:16:53,849 [main] INFO  impl.MetricsSystemImpl (MetricsSystemImpl.java:stop(210)) - Stopping HddsDatanode metrics system...
2019-10-14 10:16:53,859 [prometheus] INFO  impl.MetricsSinkAdapter (MetricsSinkAdapter.java:publishMetricsFromQueue(141)) - prometheus thread interrupted.
2019-10-14 10:16:53,859 [main] INFO  impl.MetricsSystemImpl (MetricsSystemImpl.java:stop(216)) - HddsDatanode metrics system stopped.
]]></system-out>
    <system-err><![CDATA[ERROR StatusLogger No Log4j 2 configuration file found. Using default configuration (logging only errors to the console), or user programmatically provided configurations. Set system property 'log4j2.debug' to show Log4j 2 internal initialization logging. See https://logging.apache.org/log4j/2.x/manual/configuration.html for instructions on how to configure Log4j 2
-ls: Service ID or host name must not be omitted when ozone.om.service.ids is defined.
Usage: hadoop fs [generic options]
	[-appendToFile <localsrc> ... <dst>]
	[-cat [-ignoreCrc] <src> ...]
	[-checksum <src> ...]
	[-chgrp [-R] GROUP PATH...]
	[-chmod [-R] <MODE[,MODE]... | OCTALMODE> PATH...]
	[-chown [-R] [OWNER][:[GROUP]] PATH...]
	[-copyFromLocal [-f] [-p] [-l] [-d] [-t <thread count>] <localsrc> ... <dst>]
	[-copyToLocal [-f] [-p] [-ignoreCrc] [-crc] <src> ... <localdst>]
	[-count [-q] [-h] [-v] [-t [<storage type>]] [-u] [-x] [-e] <path> ...]
	[-cp [-f] [-p | -p[topax]] [-d] <src> ... <dst>]
	[-createSnapshot <snapshotDir> [<snapshotName>]]
	[-deleteSnapshot <snapshotDir> <snapshotName>]
	[-df [-h] [<path> ...]]
	[-du [-s] [-h] [-v] [-x] <path> ...]
	[-expunge]
	[-find <path> ... <expression> ...]
	[-get [-f] [-p] [-ignoreCrc] [-crc] <src> ... <localdst>]
	[-getfacl [-R] <path>]
	[-getfattr [-R] {-n name | -d} [-e en] <path>]
	[-getmerge [-nl] [-skip-empty-file] <src> <localdst>]
	[-head <file>]
	[-help [cmd ...]]
	[-ls [-C] [-d] [-h] [-q] [-R] [-t] [-S] [-r] [-u] [-e] [<path> ...]]
	[-mkdir [-p] <path> ...]
	[-moveFromLocal <localsrc> ... <dst>]
	[-moveToLocal <src> <localdst>]
	[-mv <src> ... <dst>]
	[-put [-f] [-p] [-l] [-d] <localsrc> ... <dst>]
	[-renameSnapshot <snapshotDir> <oldName> <newName>]
	[-rm [-f] [-r|-R] [-skipTrash] [-safely] <src> ...]
	[-rmdir [--ignore-fail-on-non-empty] <dir> ...]
	[-setfacl [-R] [{-b|-k} {-m|-x <acl_spec>} <path>]|[--set <acl_spec> <path>]]
	[-setfattr {-n name [-v value] | -x name} <path>]
	[-setrep [-R] [-w] <rep> <path> ...]
	[-stat [format] <path> ...]
	[-tail [-f] <file>]
	[-test -[defsz] <path>]
	[-text [-ignoreCrc] <src> ...]
	[-touch [-a] [-m] [-t TIMESTAMP ] [-c] <path> ...]
	[-touchz <path> ...]
	[-truncate [-w] <length> <path> ...]
	[-usage [cmd ...]]

Generic options supported are:
-conf <configuration file>        specify an application configuration file
-D <property=value>               define a value for a given property
-fs <file:///|hdfs://namenode:port> specify default filesystem URL to use, overrides 'fs.defaultFS' property from configurations.
-jt <local|resourcemanager:port>  specify a ResourceManager
-files <file1,...>                specify a comma-separated list of files to be copied to the map reduce cluster
-libjars <jar1,...>               specify a comma-separated list of jar files to be included in the classpath
-archives <archive1,...>          specify a comma-separated list of archives to be unarchived on the compute machines

The general command line syntax is:
command [genericOptions] [commandOptions]

Usage: hadoop fs [generic options] -ls [-C] [-d] [-h] [-q] [-R] [-t] [-S] [-r] [-u] [-e] [<path> ...]
-ls: Port 13840 specified in URI but host 'om-service-test1' is a logical (HA) OzoneManager and does not use port information.
Usage: hadoop fs [generic options]
	[-appendToFile <localsrc> ... <dst>]
	[-cat [-ignoreCrc] <src> ...]
	[-checksum <src> ...]
	[-chgrp [-R] GROUP PATH...]
	[-chmod [-R] <MODE[,MODE]... | OCTALMODE> PATH...]
	[-chown [-R] [OWNER][:[GROUP]] PATH...]
	[-copyFromLocal [-f] [-p] [-l] [-d] [-t <thread count>] <localsrc> ... <dst>]
	[-copyToLocal [-f] [-p] [-ignoreCrc] [-crc] <src> ... <localdst>]
	[-count [-q] [-h] [-v] [-t [<storage type>]] [-u] [-x] [-e] <path> ...]
	[-cp [-f] [-p | -p[topax]] [-d] <src> ... <dst>]
	[-createSnapshot <snapshotDir> [<snapshotName>]]
	[-deleteSnapshot <snapshotDir> <snapshotName>]
	[-df [-h] [<path> ...]]
	[-du [-s] [-h] [-v] [-x] <path> ...]
	[-expunge]
	[-find <path> ... <expression> ...]
	[-get [-f] [-p] [-ignoreCrc] [-crc] <src> ... <localdst>]
	[-getfacl [-R] <path>]
	[-getfattr [-R] {-n name | -d} [-e en] <path>]
	[-getmerge [-nl] [-skip-empty-file] <src> <localdst>]
	[-head <file>]
	[-help [cmd ...]]
	[-ls [-C] [-d] [-h] [-q] [-R] [-t] [-S] [-r] [-u] [-e] [<path> ...]]
	[-mkdir [-p] <path> ...]
	[-moveFromLocal <localsrc> ... <dst>]
	[-moveToLocal <src> <localdst>]
	[-mv <src> ... <dst>]
	[-put [-f] [-p] [-l] [-d] <localsrc> ... <dst>]
	[-renameSnapshot <snapshotDir> <oldName> <newName>]
	[-rm [-f] [-r|-R] [-skipTrash] [-safely] <src> ...]
	[-rmdir [--ignore-fail-on-non-empty] <dir> ...]
	[-setfacl [-R] [{-b|-k} {-m|-x <acl_spec>} <path>]|[--set <acl_spec> <path>]]
	[-setfattr {-n name [-v value] | -x name} <path>]
	[-setrep [-R] [-w] <rep> <path> ...]
	[-stat [format] <path> ...]
	[-tail [-f] <file>]
	[-test -[defsz] <path>]
	[-text [-ignoreCrc] <src> ...]
	[-touch [-a] [-m] [-t TIMESTAMP ] [-c] <path> ...]
	[-touchz <path> ...]
	[-truncate [-w] <length> <path> ...]
	[-usage [cmd ...]]

Generic options supported are:
-conf <configuration file>        specify an application configuration file
-D <property=value>               define a value for a given property
-fs <file:///|hdfs://namenode:port> specify default filesystem URL to use, overrides 'fs.defaultFS' property from configurations.
-jt <local|resourcemanager:port>  specify a ResourceManager
-files <file1,...>                specify a comma-separated list of files to be copied to the map reduce cluster
-libjars <jar1,...>               specify a comma-separated list of jar files to be included in the classpath
-archives <archive1,...>          specify a comma-separated list of archives to be unarchived on the compute machines

The general command line syntax is:
command [genericOptions] [commandOptions]

Usage: hadoop fs [generic options] -ls [-C] [-d] [-h] [-q] [-R] [-t] [-S] [-r] [-u] [-e] [<path> ...]
Oct 14, 2019 10:16:33 AM org.apache.ratis.thirdparty.io.grpc.internal.SerializingExecutor run
SEVERE: Exception while executing runnable org.apache.ratis.thirdparty.io.grpc.internal.ServerImpl$JumpToApplicationThreadServerStreamListener$1Closed@1d0c8c64
org.apache.ratis.thirdparty.io.grpc.StatusRuntimeException: CANCELLED: call already cancelled
	at org.apache.ratis.thirdparty.io.grpc.Status.asRuntimeException(Status.java:517)
	at org.apache.ratis.thirdparty.io.grpc.stub.ServerCalls$ServerCallStreamObserverImpl.onCompleted(ServerCalls.java:356)
	at org.apache.ratis.grpc.server.GrpcServerProtocolService$ServerRequestStreamObserver.onError(GrpcServerProtocolService.java:121)
	at org.apache.ratis.thirdparty.io.grpc.stub.ServerCalls$StreamingServerCallHandler$StreamingServerCallListener.onCancel(ServerCalls.java:269)
	at org.apache.ratis.thirdparty.io.grpc.internal.ServerCallImpl$ServerStreamListenerImpl.closed(ServerCallImpl.java:293)
	at org.apache.ratis.thirdparty.io.grpc.internal.ServerImpl$JumpToApplicationThreadServerStreamListener$1Closed.runInContext(ServerImpl.java:741)
	at org.apache.ratis.thirdparty.io.grpc.internal.ContextRunnable.run(ContextRunnable.java:37)
	at org.apache.ratis.thirdparty.io.grpc.internal.SerializingExecutor.run(SerializingExecutor.java:123)
	at java.util.concurrent.ThreadPoolExecutor.runWorker(ThreadPoolExecutor.java:1149)
	at java.util.concurrent.ThreadPoolExecutor$Worker.run(ThreadPoolExecutor.java:624)
	at java.lang.Thread.run(Thread.java:748)

Oct 14, 2019 10:16:43 AM org.apache.ratis.thirdparty.io.grpc.internal.SerializingExecutor run
SEVERE: Exception while executing runnable org.apache.ratis.thirdparty.io.grpc.internal.ServerImpl$JumpToApplicationThreadServerStreamListener$1Closed@7d0264b0
org.apache.ratis.thirdparty.io.grpc.StatusRuntimeException: CANCELLED: call already cancelled
	at org.apache.ratis.thirdparty.io.grpc.Status.asRuntimeException(Status.java:517)
	at org.apache.ratis.thirdparty.io.grpc.stub.ServerCalls$ServerCallStreamObserverImpl.onCompleted(ServerCalls.java:356)
	at org.apache.ratis.grpc.server.GrpcServerProtocolService$ServerRequestStreamObserver.onError(GrpcServerProtocolService.java:121)
	at org.apache.ratis.thirdparty.io.grpc.stub.ServerCalls$StreamingServerCallHandler$StreamingServerCallListener.onCancel(ServerCalls.java:269)
	at org.apache.ratis.thirdparty.io.grpc.internal.ServerCallImpl$ServerStreamListenerImpl.closed(ServerCallImpl.java:293)
	at org.apache.ratis.thirdparty.io.grpc.internal.ServerImpl$JumpToApplicationThreadServerStreamListener$1Closed.runInContext(ServerImpl.java:741)
	at org.apache.ratis.thirdparty.io.grpc.internal.ContextRunnable.run(ContextRunnable.java:37)
	at org.apache.ratis.thirdparty.io.grpc.internal.SerializingExecutor.run(SerializingExecutor.java:123)
	at java.util.concurrent.ThreadPoolExecutor.runWorker(ThreadPoolExecutor.java:1149)
	at java.util.concurrent.ThreadPoolExecutor$Worker.run(ThreadPoolExecutor.java:624)
	at java.lang.Thread.run(Thread.java:748)

Oct 14, 2019 10:16:43 AM org.apache.ratis.thirdparty.io.grpc.internal.SerializingExecutor run
SEVERE: Exception while executing runnable org.apache.ratis.thirdparty.io.grpc.internal.ServerImpl$JumpToApplicationThreadServerStreamListener$1Closed@60fff82e
org.apache.ratis.thirdparty.io.grpc.StatusRuntimeException: CANCELLED: call already cancelled
	at org.apache.ratis.thirdparty.io.grpc.Status.asRuntimeException(Status.java:517)
	at org.apache.ratis.thirdparty.io.grpc.stub.ServerCalls$ServerCallStreamObserverImpl.onCompleted(ServerCalls.java:356)
	at org.apache.ratis.grpc.server.GrpcServerProtocolService$ServerRequestStreamObserver.onError(GrpcServerProtocolService.java:121)
	at org.apache.ratis.thirdparty.io.grpc.stub.ServerCalls$StreamingServerCallHandler$StreamingServerCallListener.onCancel(ServerCalls.java:269)
	at org.apache.ratis.thirdparty.io.grpc.internal.ServerCallImpl$ServerStreamListenerImpl.closed(ServerCallImpl.java:293)
	at org.apache.ratis.thirdparty.io.grpc.internal.ServerImpl$JumpToApplicationThreadServerStreamListener$1Closed.runInContext(ServerImpl.java:741)
	at org.apache.ratis.thirdparty.io.grpc.internal.ContextRunnable.run(ContextRunnable.java:37)
	at org.apache.ratis.thirdparty.io.grpc.internal.SerializingExecutor.run(SerializingExecutor.java:123)
	at java.util.concurrent.ThreadPoolExecutor.runWorker(ThreadPoolExecutor.java:1149)
	at java.util.concurrent.ThreadPoolExecutor$Worker.run(ThreadPoolExecutor.java:624)
	at java.lang.Thread.run(Thread.java:748)

]]></system-err>
  </testcase>
  <testcase name="testOtherDefaultFS" classname="org.apache.hadoop.fs.ozone.TestOzoneFsHAURLs" time="30.591">
    <error message="Could not initialize class org.apache.commons.io.Java7Support" type="java.lang.NoClassDefFoundError">java.lang.NoClassDefFoundError: Could not initialize class org.apache.commons.io.Java7Support
	at org.apache.commons.io.FileUtils.isSymlink(FileUtils.java:3089)
	at org.apache.commons.io.FileUtils.deleteDirectory(FileUtils.java:1574)
	at org.apache.hadoop.ozone.MiniOzoneClusterImpl.shutdown(MiniOzoneClusterImpl.java:320)
	at org.apache.hadoop.fs.ozone.TestOzoneFsHAURLs.shutdown(TestOzoneFsHAURLs.java:150)
	at sun.reflect.NativeMethodAccessorImpl.invoke0(Native Method)
	at sun.reflect.NativeMethodAccessorImpl.invoke(NativeMethodAccessorImpl.java:62)
	at sun.reflect.DelegatingMethodAccessorImpl.invoke(DelegatingMethodAccessorImpl.java:43)
	at java.lang.reflect.Method.invoke(Method.java:498)
	at org.junit.runners.model.FrameworkMethod$1.runReflectiveCall(FrameworkMethod.java:47)
	at org.junit.internal.runners.model.ReflectiveCallable.run(ReflectiveCallable.java:12)
	at org.junit.runners.model.FrameworkMethod.invokeExplosively(FrameworkMethod.java:44)
	at org.junit.internal.runners.statements.RunAfters.evaluate(RunAfters.java:33)
	at org.junit.runners.ParentRunner.runLeaf(ParentRunner.java:271)
	at org.junit.runners.BlockJUnit4ClassRunner.runChild(BlockJUnit4ClassRunner.java:70)
	at org.junit.runners.BlockJUnit4ClassRunner.runChild(BlockJUnit4ClassRunner.java:50)
	at org.junit.runners.ParentRunner$3.run(ParentRunner.java:238)
	at org.junit.runners.ParentRunner$1.schedule(ParentRunner.java:63)
	at org.junit.runners.ParentRunner.runChildren(ParentRunner.java:236)
	at org.junit.runners.ParentRunner.access$000(ParentRunner.java:53)
	at org.junit.runners.ParentRunner$2.evaluate(ParentRunner.java:229)
	at org.junit.runners.ParentRunner.run(ParentRunner.java:309)
	at org.apache.maven.surefire.junit4.JUnit4Provider.execute(JUnit4Provider.java:365)
	at org.apache.maven.surefire.junit4.JUnit4Provider.executeWithRerun(JUnit4Provider.java:273)
	at org.apache.maven.surefire.junit4.JUnit4Provider.executeTestSet(JUnit4Provider.java:238)
	at org.apache.maven.surefire.junit4.JUnit4Provider.invoke(JUnit4Provider.java:159)
	at org.apache.maven.surefire.booter.ForkedBooter.invokeProviderInSameClassLoader(ForkedBooter.java:384)
	at org.apache.maven.surefire.booter.ForkedBooter.runSuitesInProcess(ForkedBooter.java:345)
	at org.apache.maven.surefire.booter.ForkedBooter.execute(ForkedBooter.java:126)
	at org.apache.maven.surefire.booter.ForkedBooter.main(ForkedBooter.java:418)
</error>
    <system-out><![CDATA[2019-10-14 10:16:53,895 [main] WARN  server.ServerUtils (ServerUtils.java:getDBPath(222)) - ozone.om.db.dirs is not configured. We recommend adding this setting. Falling back to ozone.metadata.dirs instead.
2019-10-14 10:16:53,921 [main] WARN  server.ServerUtils (ServerUtils.java:getScmDbDir(145)) - ozone.scm.db.dirs is not configured. We recommend adding this setting. Falling back to ozone.metadata.dirs instead.
2019-10-14 10:16:53,962 [main] WARN  server.ServerUtils (ServerUtils.java:getScmDbDir(145)) - ozone.scm.db.dirs is not configured. We recommend adding this setting. Falling back to ozone.metadata.dirs instead.
2019-10-14 10:16:53,963 [main] WARN  server.ServerUtils (ServerUtils.java:getScmDbDir(145)) - ozone.scm.db.dirs is not configured. We recommend adding this setting. Falling back to ozone.metadata.dirs instead.
2019-10-14 10:16:53,963 [main] INFO  db.DBStoreBuilder (DBStoreBuilder.java:addTable(110)) - using custom profile for table: deletedBlocks
2019-10-14 10:16:53,964 [main] INFO  db.DBStoreBuilder (DBStoreBuilder.java:processTables(161)) - Using default column profile:DBProfile.DISK for Table:deletedBlocks
2019-10-14 10:16:53,964 [main] INFO  db.DBStoreBuilder (DBStoreBuilder.java:addTable(110)) - using custom profile for table: validCerts
2019-10-14 10:16:53,964 [main] INFO  db.DBStoreBuilder (DBStoreBuilder.java:processTables(161)) - Using default column profile:DBProfile.DISK for Table:validCerts
2019-10-14 10:16:53,965 [main] INFO  db.DBStoreBuilder (DBStoreBuilder.java:addTable(110)) - using custom profile for table: revokedCerts
2019-10-14 10:16:53,965 [main] INFO  db.DBStoreBuilder (DBStoreBuilder.java:processTables(161)) - Using default column profile:DBProfile.DISK for Table:revokedCerts
2019-10-14 10:16:53,965 [main] INFO  db.DBStoreBuilder (DBStoreBuilder.java:addTable(110)) - using custom profile for table: default
2019-10-14 10:16:53,965 [main] INFO  db.DBStoreBuilder (DBStoreBuilder.java:processTables(167)) - Using default column profile:DBProfile.DISK for Table:default
2019-10-14 10:16:53,966 [main] INFO  db.DBStoreBuilder (DBStoreBuilder.java:getDbProfile(198)) - Using default options. DBProfile.DISK
2019-10-14 10:16:54,248 [main] INFO  net.NodeSchemaLoader (NodeSchemaLoader.java:loadSchemaFromFile(125)) - Loading file from sun.misc.CompoundEnumeration@588545ac
2019-10-14 10:16:54,248 [main] INFO  net.NodeSchemaLoader (NodeSchemaLoader.java:loadSchema(171)) - Loading network topology layer schema file
2019-10-14 10:16:54,253 [main] WARN  server.ServerUtils (ServerUtils.java:sanitizeUserArgs(70)) - ozone.scm.stale.node.interval value = 300000 is larger than max = 100000 based on the key value of ozone.scm.heartbeat.thread.interval, reset to the max value 100000.
2019-10-14 10:16:54,253 [main] WARN  server.ServerUtils (ServerUtils.java:sanitizeUserArgs(70)) - ozone.scm.stale.node.interval value = 300000 is larger than max = 100000 based on the key value of ozone.scm.heartbeat.thread.interval, reset to the max value 100000.
2019-10-14 10:16:54,253 [main] INFO  node.SCMNodeManager (SCMNodeManager.java:<init>(114)) - Entering startup safe mode.
2019-10-14 10:16:54,254 [main] INFO  algorithms.ContainerPlacementPolicyFactory (ContainerPlacementPolicyFactory.java:getPolicy(59)) - Create container placement policy of type org.apache.hadoop.hdds.scm.container.placement.algorithms.SCMContainerPlacementRandom
2019-10-14 10:16:54,255 [main] WARN  server.ServerUtils (ServerUtils.java:getScmDbDir(145)) - ozone.scm.db.dirs is not configured. We recommend adding this setting. Falling back to ozone.metadata.dirs instead.
2019-10-14 10:16:54,356 [main] INFO  pipeline.SCMPipelineManager (SCMPipelineManager.java:initializePipelineState(137)) - No pipeline exists in current db
2019-10-14 10:16:54,356 [main] WARN  server.ServerUtils (ServerUtils.java:getScmDbDir(145)) - ozone.scm.db.dirs is not configured. We recommend adding this setting. Falling back to ozone.metadata.dirs instead.
2019-10-14 10:16:54,461 [main] WARN  events.EventQueue (EventQueue.java:fireEvent(183)) - No event handler registered for event TypedEvent{payloadType=SafeModeStatus, name='SafeModeStatus'}
2019-10-14 10:16:54,462 [main] INFO  ipc.CallQueueManager (CallQueueManager.java:<init>(84)) - Using callQueue: class java.util.concurrent.LinkedBlockingQueue, queueCapacity: 2000, scheduler: class org.apache.hadoop.ipc.DefaultRpcScheduler, ipcBackoff: false.
2019-10-14 10:16:54,463 [Socket Reader #1 for port 41414] INFO  ipc.Server (Server.java:run(1074)) - Starting Socket Reader #1 for port 41414
2019-10-14 10:16:54,465 [main] INFO  ipc.CallQueueManager (CallQueueManager.java:<init>(84)) - Using callQueue: class java.util.concurrent.LinkedBlockingQueue, queueCapacity: 2000, scheduler: class org.apache.hadoop.ipc.DefaultRpcScheduler, ipcBackoff: false.
2019-10-14 10:16:54,465 [Socket Reader #1 for port 43273] INFO  ipc.Server (Server.java:run(1074)) - Starting Socket Reader #1 for port 43273
2019-10-14 10:16:54,467 [main] INFO  ipc.CallQueueManager (CallQueueManager.java:<init>(84)) - Using callQueue: class java.util.concurrent.LinkedBlockingQueue, queueCapacity: 2000, scheduler: class org.apache.hadoop.ipc.DefaultRpcScheduler, ipcBackoff: false.
2019-10-14 10:16:54,467 [Socket Reader #1 for port 42327] INFO  ipc.Server (Server.java:run(1074)) - Starting Socket Reader #1 for port 42327
2019-10-14 10:16:54,469 [main] INFO  hdfs.DFSUtil (DFSUtil.java:httpServerTemplateForNNAndJN(1641)) - Starting Web-server for scm at: http://0.0.0.0:0
2019-10-14 10:16:54,473 [main] INFO  server.AuthenticationFilter (AuthenticationFilter.java:constructSecretProvider(240)) - Unable to initialize FileSignerSecretProvider, falling back to use random secrets.
2019-10-14 10:16:54,476 [main] WARN  http.HttpRequestLog (HttpRequestLog.java:getRequestLog(97)) - Jetty request log can only be enabled using Log4j
2019-10-14 10:16:54,479 [main] INFO  http.HttpServer2 (HttpServer2.java:addGlobalFilter(975)) - Added global filter 'safety' (class=org.apache.hadoop.http.HttpServer2$QuotingInputFilter)
2019-10-14 10:16:54,481 [main] INFO  http.HttpServer2 (HttpServer2.java:addFilter(948)) - Added filter static_user_filter (class=org.apache.hadoop.http.lib.StaticUserWebFilter$StaticUserFilter) to context scm
2019-10-14 10:16:54,481 [main] INFO  http.HttpServer2 (HttpServer2.java:addFilter(958)) - Added filter static_user_filter (class=org.apache.hadoop.http.lib.StaticUserWebFilter$StaticUserFilter) to context static
2019-10-14 10:16:54,481 [main] INFO  http.HttpServer2 (HttpServer2.java:addFilter(958)) - Added filter static_user_filter (class=org.apache.hadoop.http.lib.StaticUserWebFilter$StaticUserFilter) to context logs
2019-10-14 10:16:54,485 [main] INFO  server.StorageContainerManager (StorageContainerManager.java:start(770)) - StorageContainerLocationProtocol RPC server is listening at /0.0.0.0:42327
2019-10-14 10:16:54,487 [main] WARN  impl.MetricsConfig (MetricsConfig.java:loadFirst(134)) - Cannot locate configuration: tried hadoop-metrics2-storagecontainermanager.properties,hadoop-metrics2.properties
2019-10-14 10:16:54,488 [main] INFO  impl.MetricsSystemImpl (MetricsSystemImpl.java:startTimer(374)) - Scheduled Metric snapshot period at 10 second(s).
2019-10-14 10:16:54,488 [main] INFO  impl.MetricsSystemImpl (MetricsSystemImpl.java:start(191)) - StorageContainerManager metrics system started
2019-10-14 10:16:54,546 [main] WARN  impl.MetricsSystemImpl (MetricsSystemImpl.java:register(276)) - Sink prometheus already exists!
2019-10-14 10:16:54,555 [main] INFO  server.SCMClientProtocolServer (SCMClientProtocolServer.java:start(151)) - RPC server for Client  is listening at /0.0.0.0:42327
2019-10-14 10:16:54,555 [IPC Server Responder] INFO  ipc.Server (Server.java:run(1314)) - IPC Server Responder: starting
2019-10-14 10:16:54,555 [IPC Server listener on 42327] INFO  ipc.Server (Server.java:run(1153)) - IPC Server listener on 42327: starting
2019-10-14 10:16:54,559 [main] INFO  server.StorageContainerManager (StorageContainerManager.java:start(780)) - ScmBlockLocationProtocol RPC server is listening at /0.0.0.0:43273
2019-10-14 10:16:54,560 [main] INFO  server.SCMBlockProtocolServer (SCMBlockProtocolServer.java:start(146)) - RPC server for Block Protocol is listening at /0.0.0.0:43273
2019-10-14 10:16:54,560 [IPC Server Responder] INFO  ipc.Server (Server.java:run(1314)) - IPC Server Responder: starting
2019-10-14 10:16:54,561 [IPC Server listener on 43273] INFO  ipc.Server (Server.java:run(1153)) - IPC Server listener on 43273: starting
2019-10-14 10:16:54,564 [main] INFO  server.StorageContainerManager (StorageContainerManager.java:start(784)) - ScmDatanodeProtocl RPC server is listening at /0.0.0.0:41414
2019-10-14 10:16:54,564 [main] INFO  server.SCMDatanodeProtocolServer (SCMDatanodeProtocolServer.java:start(191)) - RPC server for DataNodes is listening at /0.0.0.0:41414
2019-10-14 10:16:54,565 [IPC Server Responder] INFO  ipc.Server (Server.java:run(1314)) - IPC Server Responder: starting
2019-10-14 10:16:54,565 [IPC Server listener on 41414] INFO  ipc.Server (Server.java:run(1153)) - IPC Server listener on 41414: starting
2019-10-14 10:16:54,569 [main] INFO  http.HttpServer2 (HttpServer2.java:bindListener(1191)) - Jetty bound to port 46002
2019-10-14 10:16:54,569 [main] INFO  server.Server (Server.java:doStart(351)) - jetty-9.3.25.v20180904, build timestamp: 2018-09-04T21:11:46Z, git hash: 3ce520221d0240229c862b122d2b06c12a625732
2019-10-14 10:16:54,571 [main] INFO  handler.ContextHandler (ContextHandler.java:doStart(781)) - Started o.e.j.s.ServletContextHandler@3b0c3951{/logs,file:///workdir/hadoop-ozone/ozonefs/target/log,AVAILABLE}
2019-10-14 10:16:54,572 [main] INFO  handler.ContextHandler (ContextHandler.java:doStart(781)) - Started o.e.j.s.ServletContextHandler@2574a9e3{/static,jar:file:/home/user/.m2/repository/org/apache/hadoop/hadoop-hdds-server-scm/0.5.0-SNAPSHOT/hadoop-hdds-server-scm-0.5.0-SNAPSHOT.jar!/webapps/static,AVAILABLE}
2019-10-14 10:16:54,612 [main] INFO  handler.ContextHandler (ContextHandler.java:doStart(781)) - Started o.e.j.w.WebAppContext@590765c4{/,file:///tmp/jetty-0.0.0.0-46002-scm-_-any-1675178210573938344.dir/webapp/,AVAILABLE}{/scm}
2019-10-14 10:16:54,613 [main] INFO  server.AbstractConnector (AbstractConnector.java:doStart(278)) - Started ServerConnector@19489b27{HTTP/1.1,[http/1.1]}{0.0.0.0:46002}
2019-10-14 10:16:54,614 [main] INFO  server.Server (Server.java:doStart(419)) - Started @37290ms
2019-10-14 10:16:54,614 [main] WARN  impl.MetricsSystemImpl (MetricsSystemImpl.java:register(276)) - Sink prometheus already exists!
2019-10-14 10:16:54,614 [main] INFO  server.BaseHttpServer (BaseHttpServer.java:updateConnectorAddress(215)) - HTTP server of SCM is listening at http://0.0.0.0:46002
2019-10-14 10:16:54,616 [org.apache.hadoop.util.JvmPauseMonitor$Monitor@2d5a1588] INFO  util.JvmPauseMonitor (JvmPauseMonitor.java:run(188)) - Starting JVM pause monitor
2019-10-14 10:16:54,617 [main] WARN  server.ServerUtils (ServerUtils.java:getDBPath(222)) - ozone.om.db.dirs is not configured. We recommend adding this setting. Falling back to ozone.metadata.dirs instead.
2019-10-14 10:16:54,640 [main] WARN  server.ServerUtils (ServerUtils.java:getDBPath(222)) - ozone.om.db.dirs is not configured. We recommend adding this setting. Falling back to ozone.metadata.dirs instead.
2019-10-14 10:16:54,640 [main] WARN  server.ServerUtils (ServerUtils.java:getDBPath(222)) - ozone.om.db.dirs is not configured. We recommend adding this setting. Falling back to ozone.metadata.dirs instead.
2019-10-14 10:16:54,641 [main] INFO  om.OzoneManager (OzoneManager.java:setOMNodeSpecificConfigs(698)) - Setting configuration key ozone.om.http-address with value of key ozone.om.http-address.omNode-1: 127.0.0.1:12858
2019-10-14 10:16:54,641 [main] INFO  om.OzoneManager (OzoneManager.java:setOMNodeSpecificConfigs(698)) - Setting configuration key ozone.om.https-address with value of key ozone.om.https-address.omNode-1: 127.0.0.1:12859
2019-10-14 10:16:54,642 [main] INFO  om.OzoneManager (OzoneManager.java:loadOMHAConfigs(609)) - Found matching OM address with OMServiceId: om-service-test1, OMNodeId: omNode-1, RPC Address: localhost:12856 and Ratis port: 12860
2019-10-14 10:16:54,649 [main] WARN  server.ServerUtils (ServerUtils.java:getDBPath(222)) - ozone.om.db.dirs is not configured. We recommend adding this setting. Falling back to ozone.metadata.dirs instead.
2019-10-14 10:16:54,650 [main] INFO  db.DBStoreBuilder (DBStoreBuilder.java:addTable(110)) - using custom profile for table: userTable
2019-10-14 10:16:54,650 [main] INFO  db.DBStoreBuilder (DBStoreBuilder.java:processTables(161)) - Using default column profile:DBProfile.DISK for Table:userTable
2019-10-14 10:16:54,650 [main] INFO  db.DBStoreBuilder (DBStoreBuilder.java:addTable(110)) - using custom profile for table: volumeTable
2019-10-14 10:16:54,650 [main] INFO  db.DBStoreBuilder (DBStoreBuilder.java:processTables(161)) - Using default column profile:DBProfile.DISK for Table:volumeTable
2019-10-14 10:16:54,650 [main] INFO  db.DBStoreBuilder (DBStoreBuilder.java:addTable(110)) - using custom profile for table: bucketTable
2019-10-14 10:16:54,651 [main] INFO  db.DBStoreBuilder (DBStoreBuilder.java:processTables(161)) - Using default column profile:DBProfile.DISK for Table:bucketTable
2019-10-14 10:16:54,651 [main] INFO  db.DBStoreBuilder (DBStoreBuilder.java:addTable(110)) - using custom profile for table: keyTable
2019-10-14 10:16:54,651 [main] INFO  db.DBStoreBuilder (DBStoreBuilder.java:processTables(161)) - Using default column profile:DBProfile.DISK for Table:keyTable
2019-10-14 10:16:54,651 [main] INFO  db.DBStoreBuilder (DBStoreBuilder.java:addTable(110)) - using custom profile for table: deletedTable
2019-10-14 10:16:54,651 [main] INFO  db.DBStoreBuilder (DBStoreBuilder.java:processTables(161)) - Using default column profile:DBProfile.DISK for Table:deletedTable
2019-10-14 10:16:54,652 [main] INFO  db.DBStoreBuilder (DBStoreBuilder.java:addTable(110)) - using custom profile for table: openKeyTable
2019-10-14 10:16:54,652 [main] INFO  db.DBStoreBuilder (DBStoreBuilder.java:processTables(161)) - Using default column profile:DBProfile.DISK for Table:openKeyTable
2019-10-14 10:16:54,652 [main] INFO  db.DBStoreBuilder (DBStoreBuilder.java:addTable(110)) - using custom profile for table: s3Table
2019-10-14 10:16:54,652 [main] INFO  db.DBStoreBuilder (DBStoreBuilder.java:processTables(161)) - Using default column profile:DBProfile.DISK for Table:s3Table
2019-10-14 10:16:54,652 [main] INFO  db.DBStoreBuilder (DBStoreBuilder.java:addTable(110)) - using custom profile for table: multipartInfoTable
2019-10-14 10:16:54,652 [main] INFO  db.DBStoreBuilder (DBStoreBuilder.java:processTables(161)) - Using default column profile:DBProfile.DISK for Table:multipartInfoTable
2019-10-14 10:16:54,653 [main] INFO  db.DBStoreBuilder (DBStoreBuilder.java:addTable(110)) - using custom profile for table: dTokenTable
2019-10-14 10:16:54,653 [main] INFO  db.DBStoreBuilder (DBStoreBuilder.java:processTables(161)) - Using default column profile:DBProfile.DISK for Table:dTokenTable
2019-10-14 10:16:54,653 [main] INFO  db.DBStoreBuilder (DBStoreBuilder.java:addTable(110)) - using custom profile for table: s3SecretTable
2019-10-14 10:16:54,653 [main] INFO  db.DBStoreBuilder (DBStoreBuilder.java:processTables(161)) - Using default column profile:DBProfile.DISK for Table:s3SecretTable
2019-10-14 10:16:54,653 [main] INFO  db.DBStoreBuilder (DBStoreBuilder.java:addTable(110)) - using custom profile for table: prefixTable
2019-10-14 10:16:54,654 [main] INFO  db.DBStoreBuilder (DBStoreBuilder.java:processTables(161)) - Using default column profile:DBProfile.DISK for Table:prefixTable
2019-10-14 10:16:54,654 [main] INFO  db.DBStoreBuilder (DBStoreBuilder.java:addTable(110)) - using custom profile for table: default
2019-10-14 10:16:54,654 [main] INFO  db.DBStoreBuilder (DBStoreBuilder.java:processTables(167)) - Using default column profile:DBProfile.DISK for Table:default
2019-10-14 10:16:54,654 [main] INFO  db.DBStoreBuilder (DBStoreBuilder.java:getDbProfile(198)) - Using default options. DBProfile.DISK
2019-10-14 10:16:55,455 [main] WARN  scm.HddsServerUtil (HddsServerUtil.java:getDefaultRatisDirectory(354)) - Storage directory for Ratis is not configured. It is a good idea to map this to an SSD disk. Falling back to ozone.metadata.dirs
2019-10-14 10:16:55,456 [KeyDeletingService#0] WARN  utils.BackgroundService (BackgroundService.java:lambda$run$0(135)) - Background task fails to execute, retrying in next interval
java.util.concurrent.ExecutionException: java.lang.NullPointerException
	at java.util.concurrent.FutureTask.report(FutureTask.java:122)
	at java.util.concurrent.FutureTask.get(FutureTask.java:206)
	at org.apache.hadoop.hdds.utils.BackgroundService$PeriodicalTask.lambda$run$0(BackgroundService.java:129)
	at java.util.stream.ForEachOps$ForEachOp$OfRef.accept(ForEachOps.java:184)
	at java.util.ArrayList$ArrayListSpliterator.forEachRemaining(ArrayList.java:1382)
	at java.util.stream.AbstractPipeline.copyInto(AbstractPipeline.java:482)
	at java.util.stream.ForEachOps$ForEachTask.compute(ForEachOps.java:291)
	at java.util.concurrent.CountedCompleter.exec(CountedCompleter.java:731)
	at java.util.concurrent.ForkJoinTask.doExec(ForkJoinTask.java:289)
	at java.util.concurrent.ForkJoinTask.doInvoke(ForkJoinTask.java:401)
	at java.util.concurrent.ForkJoinTask.invoke(ForkJoinTask.java:734)
	at java.util.stream.ForEachOps$ForEachOp.evaluateParallel(ForEachOps.java:160)
	at java.util.stream.ForEachOps$ForEachOp$OfRef.evaluateParallel(ForEachOps.java:174)
	at java.util.stream.AbstractPipeline.evaluate(AbstractPipeline.java:233)
	at java.util.stream.ReferencePipeline.forEach(ReferencePipeline.java:418)
	at java.util.stream.ReferencePipeline$Head.forEach(ReferencePipeline.java:583)
	at org.apache.hadoop.hdds.utils.BackgroundService$PeriodicalTask.run(BackgroundService.java:125)
	at java.util.concurrent.Executors$RunnableAdapter.call(Executors.java:511)
	at java.util.concurrent.FutureTask.runAndReset(FutureTask.java:308)
	at java.util.concurrent.ScheduledThreadPoolExecutor$ScheduledFutureTask.access$301(ScheduledThreadPoolExecutor.java:180)
	at java.util.concurrent.ScheduledThreadPoolExecutor$ScheduledFutureTask.run(ScheduledThreadPoolExecutor.java:294)
	at java.util.concurrent.ThreadPoolExecutor.runWorker(ThreadPoolExecutor.java:1149)
	at java.util.concurrent.ThreadPoolExecutor$Worker.run(ThreadPoolExecutor.java:624)
	at java.lang.Thread.run(Thread.java:748)
Caused by: java.lang.NullPointerException
	at org.apache.hadoop.ozone.om.OzoneManager.isLeader(OzoneManager.java:3430)
	at org.apache.hadoop.ozone.om.KeyDeletingService.shouldRun(KeyDeletingService.java:120)
	at org.apache.hadoop.ozone.om.KeyDeletingService.access$100(KeyDeletingService.java:58)
	at org.apache.hadoop.ozone.om.KeyDeletingService$KeyDeletingTask.call(KeyDeletingService.java:149)
	at org.apache.hadoop.ozone.om.KeyDeletingService$KeyDeletingTask.call(KeyDeletingService.java:137)
	at java.util.concurrent.FutureTask.run(FutureTask.java:266)
	at java.util.concurrent.Executors$RunnableAdapter.call(Executors.java:511)
	at java.util.concurrent.FutureTask.run(FutureTask.java:266)
	at java.util.concurrent.Executors$RunnableAdapter.call(Executors.java:511)
	at java.util.concurrent.FutureTask.run(FutureTask.java:266)
	at java.util.concurrent.ScheduledThreadPoolExecutor$ScheduledFutureTask.access$201(ScheduledThreadPoolExecutor.java:180)
	at java.util.concurrent.ScheduledThreadPoolExecutor$ScheduledFutureTask.run(ScheduledThreadPoolExecutor.java:293)
	... 3 more
2019-10-14 10:16:55,458 [main] INFO  ratis.OzoneManagerRatisServer (OzoneManagerRatisServer.java:<init>(241)) - Instantiating OM Ratis server with GroupID: om-service-test1 and Raft Peers: localhost:12860, localhost:12866, localhost:12872
2019-10-14 10:16:55,459 [main] INFO  impl.RaftServerProxy (ConfUtils.java:logGet(43)) - raft.rpc.type = GRPC (default)
2019-10-14 10:16:55,460 [main] INFO  grpc.GrpcFactory (GrpcFactory.java:checkPooledByteBufAllocatorUseCacheForAllThreads(45)) - PERFORMANCE WARNING: useCacheForAllThreads is true that may cause Netty to create a lot garbage objects and, as a result, trigger GC.
	It is recommended to disable useCacheForAllThreads by setting -Dorg.apache.ratis.thirdparty.io.netty.allocator.useCacheForAllThreads=false in command line.
2019-10-14 10:16:55,460 [main] INFO  grpc.GrpcConfigKeys$Server (ConfUtils.java:logGet(43)) - raft.grpc.server.port = 12860 (custom)
2019-10-14 10:16:55,461 [main] INFO  server.GrpcService (ConfUtils.java:logGet(43)) - raft.grpc.message.size.max = 33554432 (custom)
2019-10-14 10:16:55,461 [main] INFO  server.RaftServerConfigKeys (ConfUtils.java:logGet(43)) - raft.server.log.appender.buffer.byte-limit = 33554432 (custom)
2019-10-14 10:16:55,461 [main] INFO  server.GrpcService (ConfUtils.java:logGet(43)) - raft.grpc.flow.control.window = 1MB (=1048576) (default)
2019-10-14 10:16:55,462 [main] INFO  server.RaftServerConfigKeys (ConfUtils.java:logGet(43)) - raft.server.rpc.request.timeout = 3000ms (default)
2019-10-14 10:16:55,463 [main] INFO  server.RaftServerConfigKeys (ConfUtils.java:logGet(43)) - raft.server.storage.dir = [/workdir/hadoop-ozone/ozonefs/target/test-dir/MiniOzoneClusterImpl-c76d7c66-f44c-4dfc-a708-d16c084e1c14/omNode-1/ratis] (custom)
2019-10-14 10:16:55,463 [main] INFO  impl.RaftServerProxy (RaftServerProxy.java:addNew(89)) - omNode-1: addNew group-523986131536:[omNode-3:localhost:12872, omNode-1:localhost:12860, omNode-2:localhost:12866] returns group-523986131536:java.util.concurrent.CompletableFuture@6f25bf88[Not completed]
2019-10-14 10:16:55,464 [pool-149-thread-1] INFO  impl.RaftServerImpl (RaftServerImpl.java:<init>(95)) - omNode-1: new RaftServerImpl for group-523986131536:[omNode-3:localhost:12872, omNode-1:localhost:12860, omNode-2:localhost:12866] with OzoneManagerStateMachine:uninitialized
2019-10-14 10:16:55,464 [main] INFO  om.OzoneManager (OzoneManager.java:initializeRatisServer(1389)) - OzoneManager Ratis server initialized at port 12860
2019-10-14 10:16:55,464 [pool-149-thread-1] INFO  server.RaftServerConfigKeys (ConfUtils.java:logGet(43)) - raft.server.rpc.timeout.min = 1s (custom)
2019-10-14 10:16:55,464 [main] WARN  scm.HddsServerUtil (HddsServerUtil.java:getDefaultRatisDirectory(354)) - Storage directory for Ratis is not configured. It is a good idea to map this to an SSD disk. Falling back to ozone.metadata.dirs
2019-10-14 10:16:55,465 [pool-149-thread-1] INFO  server.RaftServerConfigKeys (ConfUtils.java:logGet(43)) - raft.server.rpc.timeout.max = 1200ms (custom)
2019-10-14 10:16:55,465 [main] WARN  scm.HddsServerUtil (HddsServerUtil.java:getDefaultRatisDirectory(354)) - Storage directory for Ratis is not configured. It is a good idea to map this to an SSD disk. Falling back to ozone.metadata.dirs
2019-10-14 10:16:55,465 [pool-149-thread-1] INFO  server.RaftServerConfigKeys (ConfUtils.java:logGet(43)) - raft.server.rpcslowness.timeout = 2s (custom)
2019-10-14 10:16:55,465 [pool-149-thread-1] INFO  server.RaftServerConfigKeys (ConfUtils.java:logGet(43)) - raft.server.sleep.deviation.threshold = 300 (default)
2019-10-14 10:16:55,465 [main] INFO  snapshot.OzoneManagerSnapshotProvider (OzoneManagerSnapshotProvider.java:<init>(81)) - Initializing OM Snapshot Provider
2019-10-14 10:16:55,466 [pool-149-thread-1] INFO  server.RaftServerConfigKeys (ConfUtils.java:logGet(43)) - raft.server.log.appender.install.snapshot.enabled = false (custom)
2019-10-14 10:16:55,466 [pool-149-thread-1] INFO  impl.RaftServerImpl (ServerState.java:<init>(103)) - omNode-1@group-523986131536: ConfigurationManager, init=-1: [omNode-3:localhost:12872, omNode-1:localhost:12860, omNode-2:localhost:12866], old=null, confs=<EMPTY_MAP>
2019-10-14 10:16:55,466 [pool-149-thread-1] INFO  server.RaftServerConfigKeys (ConfUtils.java:logGet(43)) - raft.server.storage.dir = [/workdir/hadoop-ozone/ozonefs/target/test-dir/MiniOzoneClusterImpl-c76d7c66-f44c-4dfc-a708-d16c084e1c14/omNode-1/ratis] (custom)
2019-10-14 10:16:55,467 [pool-149-thread-1] INFO  storage.RaftStorageDirectory (RaftStorageDirectory.java:analyzeStorage(246)) - The storage directory /workdir/hadoop-ozone/ozonefs/target/test-dir/MiniOzoneClusterImpl-c76d7c66-f44c-4dfc-a708-d16c084e1c14/omNode-1/ratis/c9bc4cf4-3bc3-3c60-a66b-523986131536 does not exist. Creating ...
2019-10-14 10:16:55,468 [main] INFO  ipc.CallQueueManager (CallQueueManager.java:<init>(84)) - Using callQueue: class java.util.concurrent.LinkedBlockingQueue, queueCapacity: 2000, scheduler: class org.apache.hadoop.ipc.DefaultRpcScheduler, ipcBackoff: false.
2019-10-14 10:16:55,469 [Socket Reader #1 for port 12856] INFO  ipc.Server (Server.java:run(1074)) - Starting Socket Reader #1 for port 12856
2019-10-14 10:16:55,498 [main] INFO  om.OzoneManager (OzoneManager.java:start(1243)) - OzoneManager RPC server is listening at localhost/127.0.0.1:12856
2019-10-14 10:16:55,498 [main] INFO  impl.MetricsSystemImpl (MetricsSystemImpl.java:init(158)) - OzoneManager metrics system started (again)
2019-10-14 10:16:55,498 [main] INFO  ratis.OzoneManagerRatisServer (OzoneManagerRatisServer.java:start(331)) - Starting OzoneManagerRatisServer omNode-1 at port 12860
2019-10-14 10:16:55,500 [pool-149-thread-1] INFO  storage.RaftStorageDirectory (RaftStorageDirectory.java:tryLock(328)) - Lock on /workdir/hadoop-ozone/ozonefs/target/test-dir/MiniOzoneClusterImpl-c76d7c66-f44c-4dfc-a708-d16c084e1c14/omNode-1/ratis/c9bc4cf4-3bc3-3c60-a66b-523986131536/in_use.lock acquired by nodename 4738@pr-hdds-1569-vp9xg-4248047660
2019-10-14 10:16:55,540 [pool-149-thread-1] INFO  storage.RaftStorage (RaftStorage.java:format(72)) - Storage directory /workdir/hadoop-ozone/ozonefs/target/test-dir/MiniOzoneClusterImpl-c76d7c66-f44c-4dfc-a708-d16c084e1c14/omNode-1/ratis/c9bc4cf4-3bc3-3c60-a66b-523986131536 has been successfully formatted.
2019-10-14 10:16:55,540 [pool-149-thread-1] INFO  server.RaftServerConfigKeys (ConfUtils.java:logGet(43)) - raft.server.notification.no-leader.timeout = 2s (custom)
2019-10-14 10:16:55,541 [pool-149-thread-1] INFO  server.RaftServerConfigKeys (ConfUtils.java:logGet(43)) - raft.server.log.use.memory = false (default)
2019-10-14 10:16:55,541 [pool-149-thread-1] INFO  server.RaftServerConfigKeys (ConfUtils.java:logGet(43)) - raft.server.log.purge.gap = 1000000 (custom)
2019-10-14 10:16:55,541 [pool-149-thread-1] INFO  server.RaftServerConfigKeys (ConfUtils.java:logGet(43)) - raft.server.log.appender.buffer.byte-limit = 33554432 (custom)
2019-10-14 10:16:55,541 [pool-149-thread-1] INFO  server.RaftServerConfigKeys (ConfUtils.java:logGet(43)) - raft.server.log.segment.size.max = 16384 (custom)
2019-10-14 10:16:55,541 [pool-149-thread-1] INFO  server.RaftServerConfigKeys (ConfUtils.java:logGet(43)) - raft.server.log.segment.cache.num.max = 2 (custom)
2019-10-14 10:16:55,542 [pool-149-thread-1] INFO  segmented.SegmentedRaftLogWorker (SegmentedRaftLogWorker.java:<init>(172)) - new omNode-1@group-523986131536-SegmentedRaftLogWorker for RaftStorage:Storage Directory /workdir/hadoop-ozone/ozonefs/target/test-dir/MiniOzoneClusterImpl-c76d7c66-f44c-4dfc-a708-d16c084e1c14/omNode-1/ratis/c9bc4cf4-3bc3-3c60-a66b-523986131536
2019-10-14 10:16:55,542 [pool-149-thread-1] INFO  server.RaftServerConfigKeys (ConfUtils.java:logGet(43)) - raft.server.log.queue.byte-limit = 64MB (=67108864) (default)
2019-10-14 10:16:55,542 [pool-149-thread-1] INFO  server.RaftServerConfigKeys (ConfUtils.java:logGet(43)) - raft.server.log.queue.element-limit = 4096 (default)
2019-10-14 10:16:55,542 [pool-149-thread-1] INFO  server.RaftServerConfigKeys (ConfUtils.java:logGet(43)) - raft.server.log.segment.size.max = 16384 (custom)
2019-10-14 10:16:55,542 [pool-149-thread-1] INFO  server.RaftServerConfigKeys (ConfUtils.java:logGet(43)) - raft.server.log.preallocated.size = 16384 (custom)
2019-10-14 10:16:55,542 [pool-149-thread-1] INFO  server.RaftServerConfigKeys (ConfUtils.java:logGet(43)) - raft.server.log.write.buffer.size = 64KB (=65536) (default)
2019-10-14 10:16:55,543 [pool-149-thread-1] INFO  server.RaftServerConfigKeys (ConfUtils.java:logGet(43)) - raft.server.log.force.sync.num = 128 (default)
2019-10-14 10:16:55,543 [pool-149-thread-1] INFO  server.RaftServerConfigKeys (ConfUtils.java:logGet(43)) - raft.server.log.statemachine.data.sync = true (default)
2019-10-14 10:16:55,543 [pool-149-thread-1] INFO  server.RaftServerConfigKeys (ConfUtils.java:logGet(43)) - raft.server.log.statemachine.data.sync.timeout = 10s (default)
2019-10-14 10:16:55,543 [pool-149-thread-1] INFO  server.RaftServerConfigKeys (ConfUtils.java:logGet(43)) - raft.server.log.statemachine.data.sync.timeout.retry = -1 (default)
2019-10-14 10:16:55,543 [pool-149-thread-1] INFO  server.RaftServerConfigKeys (ConfUtils.java:logGet(43)) - raft.server.log.statemachine.data.caching.enabled = false (default)
2019-10-14 10:16:55,544 [pool-149-thread-1] INFO  segmented.SegmentedRaftLogWorker (SegmentedRaftLogWorker.java:lambda$new$0(132)) - omNode-1@group-523986131536-SegmentedRaftLogWorker: flushIndex: setUnconditionally 0 -> -1
2019-10-14 10:16:55,544 [pool-149-thread-1] INFO  server.RaftServerConfigKeys (ConfUtils.java:logGet(43)) - raft.server.snapshot.auto.trigger.enabled = true (custom)
2019-10-14 10:16:55,544 [pool-149-thread-1] INFO  server.RaftServerConfigKeys (ConfUtils.java:logGet(43)) - raft.server.snapshot.auto.trigger.threshold = 400000 (default)
2019-10-14 10:16:55,545 [pool-149-thread-1] INFO  server.RaftServerConfigKeys (ConfUtils.java:logGet(43)) - raft.server.snapshot.retention.num.files = -1 (default)
2019-10-14 10:16:55,545 [pool-149-thread-1] INFO  server.RaftServerConfigKeys (ConfUtils.java:logGet(43)) - raft.server.retrycache.expirytime = 600000ms (custom)
2019-10-14 10:16:55,546 [main] INFO  impl.RaftServerImpl (RaftServerImpl.java:start(185)) - omNode-1@group-523986131536: start as a follower, conf=-1: [omNode-3:localhost:12872, omNode-1:localhost:12860, omNode-2:localhost:12866], old=null
2019-10-14 10:16:55,547 [main] INFO  impl.RaftServerImpl (RaftServerImpl.java:setRole(174)) - omNode-1@group-523986131536: changes role from      null to FOLLOWER at term 0 for startAsFollower
2019-10-14 10:16:55,547 [main] INFO  impl.RoleInfo (RoleInfo.java:updateAndGet(143)) - omNode-1: start FollowerState
2019-10-14 10:16:55,548 [main] INFO  util.JmxRegister (JmxRegister.java:tryRegister(44)) - Successfully registered JMX Bean with object name Ratis:service=RaftServer,group=group-523986131536,id=omNode-1
2019-10-14 10:16:55,549 [main] INFO  impl.RaftServerProxy (RaftServerProxy.java:lambda$start$3(299)) - omNode-1: start RPC server
2019-10-14 10:16:55,554 [main] INFO  server.GrpcService (GrpcService.java:startImpl(158)) - omNode-1: GrpcService started, listening on 0.0.0.0/0.0.0.0:12860
2019-10-14 10:16:55,556 [IPC Server Responder] INFO  ipc.Server (Server.java:run(1314)) - IPC Server Responder: starting
2019-10-14 10:16:55,557 [IPC Server listener on 12856] INFO  ipc.Server (Server.java:run(1153)) - IPC Server listener on 12856: starting
2019-10-14 10:16:55,564 [main] INFO  hdfs.DFSUtil (DFSUtil.java:httpServerTemplateForNNAndJN(1641)) - Starting Web-server for ozoneManager at: http://0.0.0.0:12858
2019-10-14 10:16:55,567 [main] INFO  server.AuthenticationFilter (AuthenticationFilter.java:constructSecretProvider(240)) - Unable to initialize FileSignerSecretProvider, falling back to use random secrets.
2019-10-14 10:16:55,568 [main] WARN  http.HttpRequestLog (HttpRequestLog.java:getRequestLog(97)) - Jetty request log can only be enabled using Log4j
2019-10-14 10:16:55,571 [main] INFO  http.HttpServer2 (HttpServer2.java:addGlobalFilter(975)) - Added global filter 'safety' (class=org.apache.hadoop.http.HttpServer2$QuotingInputFilter)
2019-10-14 10:16:55,572 [main] INFO  http.HttpServer2 (HttpServer2.java:addFilter(948)) - Added filter static_user_filter (class=org.apache.hadoop.http.lib.StaticUserWebFilter$StaticUserFilter) to context ozoneManager
2019-10-14 10:16:55,572 [main] INFO  http.HttpServer2 (HttpServer2.java:addFilter(958)) - Added filter static_user_filter (class=org.apache.hadoop.http.lib.StaticUserWebFilter$StaticUserFilter) to context logs
2019-10-14 10:16:55,573 [main] INFO  http.HttpServer2 (HttpServer2.java:addFilter(958)) - Added filter static_user_filter (class=org.apache.hadoop.http.lib.StaticUserWebFilter$StaticUserFilter) to context static
2019-10-14 10:16:55,574 [main] INFO  http.HttpServer2 (HttpServer2.java:bindListener(1191)) - Jetty bound to port 12858
2019-10-14 10:16:55,574 [main] INFO  server.Server (Server.java:doStart(351)) - jetty-9.3.25.v20180904, build timestamp: 2018-09-04T21:11:46Z, git hash: 3ce520221d0240229c862b122d2b06c12a625732
2019-10-14 10:16:55,577 [main] INFO  handler.ContextHandler (ContextHandler.java:doStart(781)) - Started o.e.j.s.ServletContextHandler@1b3ab4f9{/logs,file:///workdir/hadoop-ozone/ozonefs/target/log,AVAILABLE}
2019-10-14 10:16:55,578 [main] INFO  handler.ContextHandler (ContextHandler.java:doStart(781)) - Started o.e.j.s.ServletContextHandler@1c8f6c66{/static,jar:file:/home/user/.m2/repository/org/apache/hadoop/hadoop-ozone-ozone-manager/0.5.0-SNAPSHOT/hadoop-ozone-ozone-manager-0.5.0-SNAPSHOT.jar!/webapps/static,AVAILABLE}
2019-10-14 10:16:55,640 [main] INFO  handler.ContextHandler (ContextHandler.java:doStart(781)) - Started o.e.j.w.WebAppContext@66e17eff{/,file:///tmp/jetty-0.0.0.0-12858-ozoneManager-_-any-5664434575920635030.dir/webapp/,AVAILABLE}{/ozoneManager}
2019-10-14 10:16:55,640 [main] INFO  server.AbstractConnector (AbstractConnector.java:doStart(278)) - Started ServerConnector@4bb1b96b{HTTP/1.1,[http/1.1]}{0.0.0.0:12858}
2019-10-14 10:16:55,642 [main] INFO  server.Server (Server.java:doStart(419)) - Started @38318ms
2019-10-14 10:16:55,642 [main] WARN  impl.MetricsSystemImpl (MetricsSystemImpl.java:register(276)) - Sink prometheus already exists!
2019-10-14 10:16:55,643 [main] INFO  server.BaseHttpServer (BaseHttpServer.java:updateConnectorAddress(215)) - HTTP server of OZONEMANAGER is listening at http://0.0.0.0:12858
2019-10-14 10:16:55,643 [main] INFO  ozone.MiniOzoneHAClusterImpl (MiniOzoneHAClusterImpl.java:createOMService(274)) - Started OzoneManager RPC server at localhost/127.0.0.1:12856
2019-10-14 10:16:55,644 [main] WARN  server.ServerUtils (ServerUtils.java:getDBPath(222)) - ozone.om.db.dirs is not configured. We recommend adding this setting. Falling back to ozone.metadata.dirs instead.
2019-10-14 10:16:55,668 [main] WARN  server.ServerUtils (ServerUtils.java:getDBPath(222)) - ozone.om.db.dirs is not configured. We recommend adding this setting. Falling back to ozone.metadata.dirs instead.
2019-10-14 10:16:55,668 [main] WARN  server.ServerUtils (ServerUtils.java:getDBPath(222)) - ozone.om.db.dirs is not configured. We recommend adding this setting. Falling back to ozone.metadata.dirs instead.
2019-10-14 10:16:55,669 [main] INFO  om.OzoneManager (OzoneManager.java:setOMNodeSpecificConfigs(698)) - Setting configuration key ozone.om.http-address with value of key ozone.om.http-address.omNode-2: 127.0.0.1:12864
2019-10-14 10:16:55,670 [main] INFO  om.OzoneManager (OzoneManager.java:setOMNodeSpecificConfigs(698)) - Setting configuration key ozone.om.https-address with value of key ozone.om.https-address.omNode-2: 127.0.0.1:12865
2019-10-14 10:16:55,670 [main] INFO  om.OzoneManager (OzoneManager.java:loadOMHAConfigs(609)) - Found matching OM address with OMServiceId: om-service-test1, OMNodeId: omNode-2, RPC Address: localhost:12862 and Ratis port: 12866
2019-10-14 10:16:55,675 [main] WARN  server.ServerUtils (ServerUtils.java:getDBPath(222)) - ozone.om.db.dirs is not configured. We recommend adding this setting. Falling back to ozone.metadata.dirs instead.
2019-10-14 10:16:55,676 [main] INFO  db.DBStoreBuilder (DBStoreBuilder.java:addTable(110)) - using custom profile for table: userTable
2019-10-14 10:16:55,676 [main] INFO  db.DBStoreBuilder (DBStoreBuilder.java:processTables(161)) - Using default column profile:DBProfile.DISK for Table:userTable
2019-10-14 10:16:55,677 [main] INFO  db.DBStoreBuilder (DBStoreBuilder.java:addTable(110)) - using custom profile for table: volumeTable
2019-10-14 10:16:55,677 [main] INFO  db.DBStoreBuilder (DBStoreBuilder.java:processTables(161)) - Using default column profile:DBProfile.DISK for Table:volumeTable
2019-10-14 10:16:55,677 [main] INFO  db.DBStoreBuilder (DBStoreBuilder.java:addTable(110)) - using custom profile for table: bucketTable
2019-10-14 10:16:55,677 [main] INFO  db.DBStoreBuilder (DBStoreBuilder.java:processTables(161)) - Using default column profile:DBProfile.DISK for Table:bucketTable
2019-10-14 10:16:55,678 [main] INFO  db.DBStoreBuilder (DBStoreBuilder.java:addTable(110)) - using custom profile for table: keyTable
2019-10-14 10:16:55,678 [main] INFO  db.DBStoreBuilder (DBStoreBuilder.java:processTables(161)) - Using default column profile:DBProfile.DISK for Table:keyTable
2019-10-14 10:16:55,678 [main] INFO  db.DBStoreBuilder (DBStoreBuilder.java:addTable(110)) - using custom profile for table: deletedTable
2019-10-14 10:16:55,678 [main] INFO  db.DBStoreBuilder (DBStoreBuilder.java:processTables(161)) - Using default column profile:DBProfile.DISK for Table:deletedTable
2019-10-14 10:16:55,679 [main] INFO  db.DBStoreBuilder (DBStoreBuilder.java:addTable(110)) - using custom profile for table: openKeyTable
2019-10-14 10:16:55,679 [main] INFO  db.DBStoreBuilder (DBStoreBuilder.java:processTables(161)) - Using default column profile:DBProfile.DISK for Table:openKeyTable
2019-10-14 10:16:55,679 [main] INFO  db.DBStoreBuilder (DBStoreBuilder.java:addTable(110)) - using custom profile for table: s3Table
2019-10-14 10:16:55,680 [main] INFO  db.DBStoreBuilder (DBStoreBuilder.java:processTables(161)) - Using default column profile:DBProfile.DISK for Table:s3Table
2019-10-14 10:16:55,680 [main] INFO  db.DBStoreBuilder (DBStoreBuilder.java:addTable(110)) - using custom profile for table: multipartInfoTable
2019-10-14 10:16:55,680 [main] INFO  db.DBStoreBuilder (DBStoreBuilder.java:processTables(161)) - Using default column profile:DBProfile.DISK for Table:multipartInfoTable
2019-10-14 10:16:55,681 [main] INFO  db.DBStoreBuilder (DBStoreBuilder.java:addTable(110)) - using custom profile for table: dTokenTable
2019-10-14 10:16:55,681 [main] INFO  db.DBStoreBuilder (DBStoreBuilder.java:processTables(161)) - Using default column profile:DBProfile.DISK for Table:dTokenTable
2019-10-14 10:16:55,681 [main] INFO  db.DBStoreBuilder (DBStoreBuilder.java:addTable(110)) - using custom profile for table: s3SecretTable
2019-10-14 10:16:55,682 [main] INFO  db.DBStoreBuilder (DBStoreBuilder.java:processTables(161)) - Using default column profile:DBProfile.DISK for Table:s3SecretTable
2019-10-14 10:16:55,682 [main] INFO  db.DBStoreBuilder (DBStoreBuilder.java:addTable(110)) - using custom profile for table: prefixTable
2019-10-14 10:16:55,682 [main] INFO  db.DBStoreBuilder (DBStoreBuilder.java:processTables(161)) - Using default column profile:DBProfile.DISK for Table:prefixTable
2019-10-14 10:16:55,683 [main] INFO  db.DBStoreBuilder (DBStoreBuilder.java:addTable(110)) - using custom profile for table: default
2019-10-14 10:16:55,683 [main] INFO  db.DBStoreBuilder (DBStoreBuilder.java:processTables(167)) - Using default column profile:DBProfile.DISK for Table:default
2019-10-14 10:16:55,683 [main] INFO  db.DBStoreBuilder (DBStoreBuilder.java:getDbProfile(198)) - Using default options. DBProfile.DISK
2019-10-14 10:16:56,462 [main] WARN  scm.HddsServerUtil (HddsServerUtil.java:getDefaultRatisDirectory(354)) - Storage directory for Ratis is not configured. It is a good idea to map this to an SSD disk. Falling back to ozone.metadata.dirs
2019-10-14 10:16:56,462 [KeyDeletingService#0] WARN  utils.BackgroundService (BackgroundService.java:lambda$run$0(135)) - Background task fails to execute, retrying in next interval
java.util.concurrent.ExecutionException: java.lang.NullPointerException
	at java.util.concurrent.FutureTask.report(FutureTask.java:122)
	at java.util.concurrent.FutureTask.get(FutureTask.java:206)
	at org.apache.hadoop.hdds.utils.BackgroundService$PeriodicalTask.lambda$run$0(BackgroundService.java:129)
	at java.util.stream.ForEachOps$ForEachOp$OfRef.accept(ForEachOps.java:184)
	at java.util.ArrayList$ArrayListSpliterator.forEachRemaining(ArrayList.java:1382)
	at java.util.stream.AbstractPipeline.copyInto(AbstractPipeline.java:482)
	at java.util.stream.ForEachOps$ForEachTask.compute(ForEachOps.java:291)
	at java.util.concurrent.CountedCompleter.exec(CountedCompleter.java:731)
	at java.util.concurrent.ForkJoinTask.doExec(ForkJoinTask.java:289)
	at java.util.concurrent.ForkJoinTask.doInvoke(ForkJoinTask.java:401)
	at java.util.concurrent.ForkJoinTask.invoke(ForkJoinTask.java:734)
	at java.util.stream.ForEachOps$ForEachOp.evaluateParallel(ForEachOps.java:160)
	at java.util.stream.ForEachOps$ForEachOp$OfRef.evaluateParallel(ForEachOps.java:174)
	at java.util.stream.AbstractPipeline.evaluate(AbstractPipeline.java:233)
	at java.util.stream.ReferencePipeline.forEach(ReferencePipeline.java:418)
	at java.util.stream.ReferencePipeline$Head.forEach(ReferencePipeline.java:583)
	at org.apache.hadoop.hdds.utils.BackgroundService$PeriodicalTask.run(BackgroundService.java:125)
	at java.util.concurrent.Executors$RunnableAdapter.call(Executors.java:511)
	at java.util.concurrent.FutureTask.runAndReset(FutureTask.java:308)
	at java.util.concurrent.ScheduledThreadPoolExecutor$ScheduledFutureTask.access$301(ScheduledThreadPoolExecutor.java:180)
	at java.util.concurrent.ScheduledThreadPoolExecutor$ScheduledFutureTask.run(ScheduledThreadPoolExecutor.java:294)
	at java.util.concurrent.ThreadPoolExecutor.runWorker(ThreadPoolExecutor.java:1149)
	at java.util.concurrent.ThreadPoolExecutor$Worker.run(ThreadPoolExecutor.java:624)
	at java.lang.Thread.run(Thread.java:748)
Caused by: java.lang.NullPointerException
	at org.apache.hadoop.ozone.om.OzoneManager.isLeader(OzoneManager.java:3430)
	at org.apache.hadoop.ozone.om.KeyDeletingService.shouldRun(KeyDeletingService.java:120)
	at org.apache.hadoop.ozone.om.KeyDeletingService.access$100(KeyDeletingService.java:58)
	at org.apache.hadoop.ozone.om.KeyDeletingService$KeyDeletingTask.call(KeyDeletingService.java:149)
	at org.apache.hadoop.ozone.om.KeyDeletingService$KeyDeletingTask.call(KeyDeletingService.java:137)
	at java.util.concurrent.FutureTask.run(FutureTask.java:266)
	at java.util.concurrent.Executors$RunnableAdapter.call(Executors.java:511)
	at java.util.concurrent.FutureTask.run(FutureTask.java:266)
	at java.util.concurrent.Executors$RunnableAdapter.call(Executors.java:511)
	at java.util.concurrent.FutureTask.run(FutureTask.java:266)
	at java.util.concurrent.ScheduledThreadPoolExecutor$ScheduledFutureTask.access$201(ScheduledThreadPoolExecutor.java:180)
	at java.util.concurrent.ScheduledThreadPoolExecutor$ScheduledFutureTask.run(ScheduledThreadPoolExecutor.java:293)
	... 3 more
2019-10-14 10:16:56,465 [main] INFO  ratis.OzoneManagerRatisServer (OzoneManagerRatisServer.java:<init>(241)) - Instantiating OM Ratis server with GroupID: om-service-test1 and Raft Peers: localhost:12866, localhost:12860, localhost:12872
2019-10-14 10:16:56,468 [main] INFO  impl.RaftServerProxy (ConfUtils.java:logGet(43)) - raft.rpc.type = GRPC (default)
2019-10-14 10:16:56,468 [main] INFO  grpc.GrpcFactory (GrpcFactory.java:checkPooledByteBufAllocatorUseCacheForAllThreads(45)) - PERFORMANCE WARNING: useCacheForAllThreads is true that may cause Netty to create a lot garbage objects and, as a result, trigger GC.
	It is recommended to disable useCacheForAllThreads by setting -Dorg.apache.ratis.thirdparty.io.netty.allocator.useCacheForAllThreads=false in command line.
2019-10-14 10:16:56,469 [main] INFO  grpc.GrpcConfigKeys$Server (ConfUtils.java:logGet(43)) - raft.grpc.server.port = 12866 (custom)
2019-10-14 10:16:56,469 [main] INFO  server.GrpcService (ConfUtils.java:logGet(43)) - raft.grpc.message.size.max = 33554432 (custom)
2019-10-14 10:16:56,469 [main] INFO  server.RaftServerConfigKeys (ConfUtils.java:logGet(43)) - raft.server.log.appender.buffer.byte-limit = 33554432 (custom)
2019-10-14 10:16:56,470 [main] INFO  server.GrpcService (ConfUtils.java:logGet(43)) - raft.grpc.flow.control.window = 1MB (=1048576) (default)
2019-10-14 10:16:56,470 [main] INFO  server.RaftServerConfigKeys (ConfUtils.java:logGet(43)) - raft.server.rpc.request.timeout = 3000ms (default)
2019-10-14 10:16:56,471 [main] INFO  server.RaftServerConfigKeys (ConfUtils.java:logGet(43)) - raft.server.storage.dir = [/workdir/hadoop-ozone/ozonefs/target/test-dir/MiniOzoneClusterImpl-c76d7c66-f44c-4dfc-a708-d16c084e1c14/omNode-2/ratis] (custom)
2019-10-14 10:16:56,472 [main] INFO  impl.RaftServerProxy (RaftServerProxy.java:addNew(89)) - omNode-2: addNew group-523986131536:[omNode-3:localhost:12872, omNode-1:localhost:12860, omNode-2:localhost:12866] returns group-523986131536:java.util.concurrent.CompletableFuture@35dece42[Not completed]
2019-10-14 10:16:56,472 [pool-166-thread-1] INFO  impl.RaftServerImpl (RaftServerImpl.java:<init>(95)) - omNode-2: new RaftServerImpl for group-523986131536:[omNode-3:localhost:12872, omNode-1:localhost:12860, omNode-2:localhost:12866] with OzoneManagerStateMachine:uninitialized
2019-10-14 10:16:56,472 [main] INFO  om.OzoneManager (OzoneManager.java:initializeRatisServer(1389)) - OzoneManager Ratis server initialized at port 12866
2019-10-14 10:16:56,472 [pool-166-thread-1] INFO  server.RaftServerConfigKeys (ConfUtils.java:logGet(43)) - raft.server.rpc.timeout.min = 1s (custom)
2019-10-14 10:16:56,472 [main] WARN  scm.HddsServerUtil (HddsServerUtil.java:getDefaultRatisDirectory(354)) - Storage directory for Ratis is not configured. It is a good idea to map this to an SSD disk. Falling back to ozone.metadata.dirs
2019-10-14 10:16:56,473 [pool-166-thread-1] INFO  server.RaftServerConfigKeys (ConfUtils.java:logGet(43)) - raft.server.rpc.timeout.max = 1200ms (custom)
2019-10-14 10:16:56,473 [main] WARN  scm.HddsServerUtil (HddsServerUtil.java:getDefaultRatisDirectory(354)) - Storage directory for Ratis is not configured. It is a good idea to map this to an SSD disk. Falling back to ozone.metadata.dirs
2019-10-14 10:16:56,473 [pool-166-thread-1] INFO  server.RaftServerConfigKeys (ConfUtils.java:logGet(43)) - raft.server.rpcslowness.timeout = 2s (custom)
2019-10-14 10:16:56,473 [pool-166-thread-1] INFO  server.RaftServerConfigKeys (ConfUtils.java:logGet(43)) - raft.server.sleep.deviation.threshold = 300 (default)
2019-10-14 10:16:56,473 [main] INFO  snapshot.OzoneManagerSnapshotProvider (OzoneManagerSnapshotProvider.java:<init>(81)) - Initializing OM Snapshot Provider
2019-10-14 10:16:56,474 [pool-166-thread-1] INFO  server.RaftServerConfigKeys (ConfUtils.java:logGet(43)) - raft.server.log.appender.install.snapshot.enabled = false (custom)
2019-10-14 10:16:56,474 [pool-166-thread-1] INFO  impl.RaftServerImpl (ServerState.java:<init>(103)) - omNode-2@group-523986131536: ConfigurationManager, init=-1: [omNode-3:localhost:12872, omNode-1:localhost:12860, omNode-2:localhost:12866], old=null, confs=<EMPTY_MAP>
2019-10-14 10:16:56,474 [pool-166-thread-1] INFO  server.RaftServerConfigKeys (ConfUtils.java:logGet(43)) - raft.server.storage.dir = [/workdir/hadoop-ozone/ozonefs/target/test-dir/MiniOzoneClusterImpl-c76d7c66-f44c-4dfc-a708-d16c084e1c14/omNode-2/ratis] (custom)
2019-10-14 10:16:56,475 [pool-166-thread-1] INFO  storage.RaftStorageDirectory (RaftStorageDirectory.java:analyzeStorage(246)) - The storage directory /workdir/hadoop-ozone/ozonefs/target/test-dir/MiniOzoneClusterImpl-c76d7c66-f44c-4dfc-a708-d16c084e1c14/omNode-2/ratis/c9bc4cf4-3bc3-3c60-a66b-523986131536 does not exist. Creating ...
2019-10-14 10:16:56,476 [main] INFO  ipc.CallQueueManager (CallQueueManager.java:<init>(84)) - Using callQueue: class java.util.concurrent.LinkedBlockingQueue, queueCapacity: 2000, scheduler: class org.apache.hadoop.ipc.DefaultRpcScheduler, ipcBackoff: false.
2019-10-14 10:16:56,478 [Socket Reader #1 for port 12862] INFO  ipc.Server (Server.java:run(1074)) - Starting Socket Reader #1 for port 12862
2019-10-14 10:16:56,498 [pool-166-thread-1] INFO  storage.RaftStorageDirectory (RaftStorageDirectory.java:tryLock(328)) - Lock on /workdir/hadoop-ozone/ozonefs/target/test-dir/MiniOzoneClusterImpl-c76d7c66-f44c-4dfc-a708-d16c084e1c14/omNode-2/ratis/c9bc4cf4-3bc3-3c60-a66b-523986131536/in_use.lock acquired by nodename 4738@pr-hdds-1569-vp9xg-4248047660
2019-10-14 10:16:56,507 [main] INFO  om.OzoneManager (OzoneManager.java:start(1243)) - OzoneManager RPC server is listening at localhost/127.0.0.1:12862
2019-10-14 10:16:56,507 [main] INFO  impl.MetricsSystemImpl (MetricsSystemImpl.java:init(158)) - OzoneManager metrics system started (again)
2019-10-14 10:16:56,507 [main] INFO  ratis.OzoneManagerRatisServer (OzoneManagerRatisServer.java:start(331)) - Starting OzoneManagerRatisServer omNode-2 at port 12866
2019-10-14 10:16:56,524 [pool-166-thread-1] INFO  storage.RaftStorage (RaftStorage.java:format(72)) - Storage directory /workdir/hadoop-ozone/ozonefs/target/test-dir/MiniOzoneClusterImpl-c76d7c66-f44c-4dfc-a708-d16c084e1c14/omNode-2/ratis/c9bc4cf4-3bc3-3c60-a66b-523986131536 has been successfully formatted.
2019-10-14 10:16:56,524 [pool-166-thread-1] INFO  server.RaftServerConfigKeys (ConfUtils.java:logGet(43)) - raft.server.notification.no-leader.timeout = 2s (custom)
2019-10-14 10:16:56,524 [pool-166-thread-1] INFO  server.RaftServerConfigKeys (ConfUtils.java:logGet(43)) - raft.server.log.use.memory = false (default)
2019-10-14 10:16:56,525 [pool-166-thread-1] INFO  server.RaftServerConfigKeys (ConfUtils.java:logGet(43)) - raft.server.log.purge.gap = 1000000 (custom)
2019-10-14 10:16:56,525 [pool-166-thread-1] INFO  server.RaftServerConfigKeys (ConfUtils.java:logGet(43)) - raft.server.log.appender.buffer.byte-limit = 33554432 (custom)
2019-10-14 10:16:56,525 [pool-166-thread-1] INFO  server.RaftServerConfigKeys (ConfUtils.java:logGet(43)) - raft.server.log.segment.size.max = 16384 (custom)
2019-10-14 10:16:56,525 [pool-166-thread-1] INFO  server.RaftServerConfigKeys (ConfUtils.java:logGet(43)) - raft.server.log.segment.cache.num.max = 2 (custom)
2019-10-14 10:16:56,525 [pool-166-thread-1] INFO  segmented.SegmentedRaftLogWorker (SegmentedRaftLogWorker.java:<init>(172)) - new omNode-2@group-523986131536-SegmentedRaftLogWorker for RaftStorage:Storage Directory /workdir/hadoop-ozone/ozonefs/target/test-dir/MiniOzoneClusterImpl-c76d7c66-f44c-4dfc-a708-d16c084e1c14/omNode-2/ratis/c9bc4cf4-3bc3-3c60-a66b-523986131536
2019-10-14 10:16:56,525 [pool-166-thread-1] INFO  server.RaftServerConfigKeys (ConfUtils.java:logGet(43)) - raft.server.log.queue.byte-limit = 64MB (=67108864) (default)
2019-10-14 10:16:56,526 [pool-166-thread-1] INFO  server.RaftServerConfigKeys (ConfUtils.java:logGet(43)) - raft.server.log.queue.element-limit = 4096 (default)
2019-10-14 10:16:56,526 [pool-166-thread-1] INFO  server.RaftServerConfigKeys (ConfUtils.java:logGet(43)) - raft.server.log.segment.size.max = 16384 (custom)
2019-10-14 10:16:56,526 [pool-166-thread-1] INFO  server.RaftServerConfigKeys (ConfUtils.java:logGet(43)) - raft.server.log.preallocated.size = 16384 (custom)
2019-10-14 10:16:56,526 [pool-166-thread-1] INFO  server.RaftServerConfigKeys (ConfUtils.java:logGet(43)) - raft.server.log.write.buffer.size = 64KB (=65536) (default)
2019-10-14 10:16:56,526 [pool-166-thread-1] INFO  server.RaftServerConfigKeys (ConfUtils.java:logGet(43)) - raft.server.log.force.sync.num = 128 (default)
2019-10-14 10:16:56,526 [pool-166-thread-1] INFO  server.RaftServerConfigKeys (ConfUtils.java:logGet(43)) - raft.server.log.statemachine.data.sync = true (default)
2019-10-14 10:16:56,527 [pool-166-thread-1] INFO  server.RaftServerConfigKeys (ConfUtils.java:logGet(43)) - raft.server.log.statemachine.data.sync.timeout = 10s (default)
2019-10-14 10:16:56,527 [pool-166-thread-1] INFO  server.RaftServerConfigKeys (ConfUtils.java:logGet(43)) - raft.server.log.statemachine.data.sync.timeout.retry = -1 (default)
2019-10-14 10:16:56,527 [pool-166-thread-1] INFO  server.RaftServerConfigKeys (ConfUtils.java:logGet(43)) - raft.server.log.statemachine.data.caching.enabled = false (default)
2019-10-14 10:16:56,527 [pool-166-thread-1] INFO  segmented.SegmentedRaftLogWorker (SegmentedRaftLogWorker.java:lambda$new$0(132)) - omNode-2@group-523986131536-SegmentedRaftLogWorker: flushIndex: setUnconditionally 0 -> -1
2019-10-14 10:16:56,528 [pool-166-thread-1] INFO  server.RaftServerConfigKeys (ConfUtils.java:logGet(43)) - raft.server.snapshot.auto.trigger.enabled = true (custom)
2019-10-14 10:16:56,528 [pool-166-thread-1] INFO  server.RaftServerConfigKeys (ConfUtils.java:logGet(43)) - raft.server.snapshot.auto.trigger.threshold = 400000 (default)
2019-10-14 10:16:56,528 [pool-166-thread-1] INFO  server.RaftServerConfigKeys (ConfUtils.java:logGet(43)) - raft.server.snapshot.retention.num.files = -1 (default)
2019-10-14 10:16:56,528 [pool-166-thread-1] INFO  server.RaftServerConfigKeys (ConfUtils.java:logGet(43)) - raft.server.retrycache.expirytime = 600000ms (custom)
2019-10-14 10:16:56,530 [main] INFO  impl.RaftServerImpl (RaftServerImpl.java:start(185)) - omNode-2@group-523986131536: start as a follower, conf=-1: [omNode-3:localhost:12872, omNode-1:localhost:12860, omNode-2:localhost:12866], old=null
2019-10-14 10:16:56,530 [main] INFO  impl.RaftServerImpl (RaftServerImpl.java:setRole(174)) - omNode-2@group-523986131536: changes role from      null to FOLLOWER at term 0 for startAsFollower
2019-10-14 10:16:56,530 [main] INFO  impl.RoleInfo (RoleInfo.java:updateAndGet(143)) - omNode-2: start FollowerState
2019-10-14 10:16:56,531 [main] INFO  util.JmxRegister (JmxRegister.java:tryRegister(44)) - Successfully registered JMX Bean with object name Ratis:service=RaftServer,group=group-523986131536,id=omNode-2
2019-10-14 10:16:56,532 [main] INFO  impl.RaftServerProxy (RaftServerProxy.java:lambda$start$3(299)) - omNode-2: start RPC server
2019-10-14 10:16:56,533 [main] INFO  server.GrpcService (GrpcService.java:startImpl(158)) - omNode-2: GrpcService started, listening on 0.0.0.0/0.0.0.0:12866
2019-10-14 10:16:56,535 [IPC Server Responder] INFO  ipc.Server (Server.java:run(1314)) - IPC Server Responder: starting
2019-10-14 10:16:56,535 [IPC Server listener on 12862] INFO  ipc.Server (Server.java:run(1153)) - IPC Server listener on 12862: starting
2019-10-14 10:16:56,541 [main] INFO  hdfs.DFSUtil (DFSUtil.java:httpServerTemplateForNNAndJN(1641)) - Starting Web-server for ozoneManager at: http://0.0.0.0:12864
2019-10-14 10:16:56,544 [main] INFO  server.AuthenticationFilter (AuthenticationFilter.java:constructSecretProvider(240)) - Unable to initialize FileSignerSecretProvider, falling back to use random secrets.
2019-10-14 10:16:56,545 [main] WARN  http.HttpRequestLog (HttpRequestLog.java:getRequestLog(97)) - Jetty request log can only be enabled using Log4j
2019-10-14 10:16:56,547 [main] INFO  http.HttpServer2 (HttpServer2.java:addGlobalFilter(975)) - Added global filter 'safety' (class=org.apache.hadoop.http.HttpServer2$QuotingInputFilter)
2019-10-14 10:16:56,548 [main] INFO  http.HttpServer2 (HttpServer2.java:addFilter(948)) - Added filter static_user_filter (class=org.apache.hadoop.http.lib.StaticUserWebFilter$StaticUserFilter) to context ozoneManager
2019-10-14 10:16:56,549 [main] INFO  http.HttpServer2 (HttpServer2.java:addFilter(958)) - Added filter static_user_filter (class=org.apache.hadoop.http.lib.StaticUserWebFilter$StaticUserFilter) to context static
2019-10-14 10:16:56,549 [main] INFO  http.HttpServer2 (HttpServer2.java:addFilter(958)) - Added filter static_user_filter (class=org.apache.hadoop.http.lib.StaticUserWebFilter$StaticUserFilter) to context logs
2019-10-14 10:16:56,550 [main] INFO  http.HttpServer2 (HttpServer2.java:bindListener(1191)) - Jetty bound to port 12864
2019-10-14 10:16:56,550 [main] INFO  server.Server (Server.java:doStart(351)) - jetty-9.3.25.v20180904, build timestamp: 2018-09-04T21:11:46Z, git hash: 3ce520221d0240229c862b122d2b06c12a625732
2019-10-14 10:16:56,553 [main] INFO  handler.ContextHandler (ContextHandler.java:doStart(781)) - Started o.e.j.s.ServletContextHandler@3292d91a{/logs,file:///workdir/hadoop-ozone/ozonefs/target/log,AVAILABLE}
2019-10-14 10:16:56,553 [main] INFO  handler.ContextHandler (ContextHandler.java:doStart(781)) - Started o.e.j.s.ServletContextHandler@faea4da{/static,jar:file:/home/user/.m2/repository/org/apache/hadoop/hadoop-ozone-ozone-manager/0.5.0-SNAPSHOT/hadoop-ozone-ozone-manager-0.5.0-SNAPSHOT.jar!/webapps/static,AVAILABLE}
2019-10-14 10:16:56,561 [Thread-636] INFO  impl.FollowerState (FollowerState.java:run(106)) - omNode-1:group-523986131536 changes to CANDIDATE, lastRpcTime:1013, electionTimeout:1013ms
2019-10-14 10:16:56,561 [Thread-636] INFO  impl.RoleInfo (RoleInfo.java:shutdownFollowerState(121)) - omNode-1: shutdown FollowerState
2019-10-14 10:16:56,561 [Thread-636] INFO  impl.RaftServerImpl (RaftServerImpl.java:setRole(174)) - omNode-1@group-523986131536: changes role from  FOLLOWER to CANDIDATE at term 0 for changeToCandidate
2019-10-14 10:16:56,561 [Thread-636] INFO  impl.RoleInfo (RoleInfo.java:updateAndGet(143)) - omNode-1: start LeaderElection
2019-10-14 10:16:56,587 [omNode-1@group-523986131536:LeaderElection23] INFO  impl.LeaderElection (LeaderElection.java:askForVotes(182)) - omNode-1@group-523986131536:LeaderElection23: begin an election at term 1 for -1: [omNode-3:localhost:12872, omNode-1:localhost:12860, omNode-2:localhost:12866], old=null
2019-10-14 10:16:56,596 [omNode-1@group-523986131536:LeaderElection23] INFO  impl.LeaderElection (LogUtils.java:infoOrTrace(149)) - omNode-1@group-523986131536:LeaderElection23 got exception when requesting votes: {}
java.util.concurrent.ExecutionException: org.apache.ratis.thirdparty.io.grpc.StatusRuntimeException: UNAVAILABLE: io exception
	at java.util.concurrent.FutureTask.report(FutureTask.java:122)
	at java.util.concurrent.FutureTask.get(FutureTask.java:192)
	at org.apache.ratis.server.impl.LeaderElection.waitForResults(LeaderElection.java:263)
	at org.apache.ratis.server.impl.LeaderElection.askForVotes(LeaderElection.java:201)
	at org.apache.ratis.server.impl.LeaderElection.run(LeaderElection.java:133)
	at java.lang.Thread.run(Thread.java:748)
Caused by: org.apache.ratis.thirdparty.io.grpc.StatusRuntimeException: UNAVAILABLE: io exception
	at org.apache.ratis.thirdparty.io.grpc.stub.ClientCalls.toStatusRuntimeException(ClientCalls.java:233)
	at org.apache.ratis.thirdparty.io.grpc.stub.ClientCalls.getUnchecked(ClientCalls.java:214)
	at org.apache.ratis.thirdparty.io.grpc.stub.ClientCalls.blockingUnaryCall(ClientCalls.java:139)
	at org.apache.ratis.proto.grpc.RaftServerProtocolServiceGrpc$RaftServerProtocolServiceBlockingStub.requestVote(RaftServerProtocolServiceGrpc.java:265)
	at org.apache.ratis.grpc.server.GrpcServerProtocolClient.requestVote(GrpcServerProtocolClient.java:90)
	at org.apache.ratis.grpc.server.GrpcService.requestVote(GrpcService.java:204)
	at org.apache.ratis.server.impl.LeaderElection.lambda$submitRequests$1(LeaderElection.java:238)
	at java.util.concurrent.FutureTask.run(FutureTask.java:266)
	at java.util.concurrent.Executors$RunnableAdapter.call(Executors.java:511)
	at java.util.concurrent.FutureTask.run(FutureTask.java:266)
	at java.util.concurrent.ThreadPoolExecutor.runWorker(ThreadPoolExecutor.java:1149)
	at java.util.concurrent.ThreadPoolExecutor$Worker.run(ThreadPoolExecutor.java:624)
	... 1 more
Caused by: org.apache.ratis.thirdparty.io.netty.channel.AbstractChannel$AnnotatedConnectException: Connection refused: localhost/127.0.0.1:12872
	at sun.nio.ch.SocketChannelImpl.checkConnect(Native Method)
	at sun.nio.ch.SocketChannelImpl.finishConnect(SocketChannelImpl.java:717)
	at org.apache.ratis.thirdparty.io.netty.channel.socket.nio.NioSocketChannel.doFinishConnect(NioSocketChannel.java:327)
	at org.apache.ratis.thirdparty.io.netty.channel.nio.AbstractNioChannel$AbstractNioUnsafe.finishConnect(AbstractNioChannel.java:340)
	at org.apache.ratis.thirdparty.io.netty.channel.nio.NioEventLoop.processSelectedKey(NioEventLoop.java:632)
	at org.apache.ratis.thirdparty.io.netty.channel.nio.NioEventLoop.processSelectedKeysOptimized(NioEventLoop.java:579)
	at org.apache.ratis.thirdparty.io.netty.channel.nio.NioEventLoop.processSelectedKeys(NioEventLoop.java:496)
	at org.apache.ratis.thirdparty.io.netty.channel.nio.NioEventLoop.run(NioEventLoop.java:458)
	at org.apache.ratis.thirdparty.io.netty.util.concurrent.SingleThreadEventExecutor$5.run(SingleThreadEventExecutor.java:897)
	at org.apache.ratis.thirdparty.io.netty.util.concurrent.FastThreadLocalRunnable.run(FastThreadLocalRunnable.java:30)
	... 1 more
Caused by: java.net.ConnectException: Connection refused
	... 11 more
2019-10-14 10:16:56,613 [grpc-default-executor-0] INFO  impl.RaftServerImpl (RaftServerImpl.java:setRole(174)) - omNode-2@group-523986131536: changes role from  FOLLOWER to FOLLOWER at term 1 for recognizeCandidate:omNode-1
2019-10-14 10:16:56,614 [grpc-default-executor-0] INFO  impl.RoleInfo (RoleInfo.java:shutdownFollowerState(121)) - omNode-2: shutdown FollowerState
2019-10-14 10:16:56,614 [grpc-default-executor-0] INFO  impl.RoleInfo (RoleInfo.java:updateAndGet(143)) - omNode-2: start FollowerState
2019-10-14 10:16:56,614 [Thread-674] INFO  impl.FollowerState (FollowerState.java:run(115)) - omNode-2: FollowerState was interrupted: java.lang.InterruptedException: sleep interrupted
2019-10-14 10:16:56,623 [main] INFO  handler.ContextHandler (ContextHandler.java:doStart(781)) - Started o.e.j.w.WebAppContext@16f0ec18{/,file:///tmp/jetty-0.0.0.0-12864-ozoneManager-_-any-684319099586776123.dir/webapp/,AVAILABLE}{/ozoneManager}
2019-10-14 10:16:56,623 [main] INFO  server.AbstractConnector (AbstractConnector.java:doStart(278)) - Started ServerConnector@6c977dcf{HTTP/1.1,[http/1.1]}{0.0.0.0:12864}
2019-10-14 10:16:56,624 [main] INFO  server.Server (Server.java:doStart(419)) - Started @39301ms
2019-10-14 10:16:56,625 [main] WARN  impl.MetricsSystemImpl (MetricsSystemImpl.java:register(276)) - Sink prometheus already exists!
2019-10-14 10:16:56,625 [main] INFO  server.BaseHttpServer (BaseHttpServer.java:updateConnectorAddress(215)) - HTTP server of OZONEMANAGER is listening at http://0.0.0.0:12864
2019-10-14 10:16:56,626 [main] INFO  ozone.MiniOzoneHAClusterImpl (MiniOzoneHAClusterImpl.java:createOMService(274)) - Started OzoneManager RPC server at localhost/127.0.0.1:12862
2019-10-14 10:16:56,627 [main] WARN  server.ServerUtils (ServerUtils.java:getDBPath(222)) - ozone.om.db.dirs is not configured. We recommend adding this setting. Falling back to ozone.metadata.dirs instead.
2019-10-14 10:16:56,654 [main] WARN  server.ServerUtils (ServerUtils.java:getDBPath(222)) - ozone.om.db.dirs is not configured. We recommend adding this setting. Falling back to ozone.metadata.dirs instead.
2019-10-14 10:16:56,654 [main] WARN  server.ServerUtils (ServerUtils.java:getDBPath(222)) - ozone.om.db.dirs is not configured. We recommend adding this setting. Falling back to ozone.metadata.dirs instead.
2019-10-14 10:16:56,656 [main] INFO  om.OzoneManager (OzoneManager.java:setOMNodeSpecificConfigs(698)) - Setting configuration key ozone.om.http-address with value of key ozone.om.http-address.omNode-3: 127.0.0.1:12870
2019-10-14 10:16:56,657 [main] INFO  om.OzoneManager (OzoneManager.java:setOMNodeSpecificConfigs(698)) - Setting configuration key ozone.om.https-address with value of key ozone.om.https-address.omNode-3: 127.0.0.1:12871
2019-10-14 10:16:56,657 [main] INFO  om.OzoneManager (OzoneManager.java:loadOMHAConfigs(609)) - Found matching OM address with OMServiceId: om-service-test1, OMNodeId: omNode-3, RPC Address: localhost:12868 and Ratis port: 12872
2019-10-14 10:16:56,660 [omNode-1@group-523986131536:LeaderElection23] INFO  impl.LeaderElection (LeaderElection.java:logAndReturn(56)) - omNode-1@group-523986131536:LeaderElection23: Election PASSED; received 1 response(s) [omNode-1<-omNode-2#0:OK-t1] and 1 exception(s); omNode-1@group-523986131536:t1, leader=null, voted=omNode-1, raftlog=omNode-1@group-523986131536-SegmentedRaftLog:OPENED:c-1,f-1,i0, conf=-1: [omNode-3:localhost:12872, omNode-1:localhost:12860, omNode-2:localhost:12866], old=null
2019-10-14 10:16:56,660 [omNode-1@group-523986131536:LeaderElection23] INFO  impl.LeaderElection (LogUtils.java:infoOrTrace(149)) -   Exception 0: {}
java.util.concurrent.ExecutionException: org.apache.ratis.thirdparty.io.grpc.StatusRuntimeException: UNAVAILABLE: io exception
	at java.util.concurrent.FutureTask.report(FutureTask.java:122)
	at java.util.concurrent.FutureTask.get(FutureTask.java:192)
	at org.apache.ratis.server.impl.LeaderElection.waitForResults(LeaderElection.java:263)
	at org.apache.ratis.server.impl.LeaderElection.askForVotes(LeaderElection.java:201)
	at org.apache.ratis.server.impl.LeaderElection.run(LeaderElection.java:133)
	at java.lang.Thread.run(Thread.java:748)
Caused by: org.apache.ratis.thirdparty.io.grpc.StatusRuntimeException: UNAVAILABLE: io exception
	at org.apache.ratis.thirdparty.io.grpc.stub.ClientCalls.toStatusRuntimeException(ClientCalls.java:233)
	at org.apache.ratis.thirdparty.io.grpc.stub.ClientCalls.getUnchecked(ClientCalls.java:214)
	at org.apache.ratis.thirdparty.io.grpc.stub.ClientCalls.blockingUnaryCall(ClientCalls.java:139)
	at org.apache.ratis.proto.grpc.RaftServerProtocolServiceGrpc$RaftServerProtocolServiceBlockingStub.requestVote(RaftServerProtocolServiceGrpc.java:265)
	at org.apache.ratis.grpc.server.GrpcServerProtocolClient.requestVote(GrpcServerProtocolClient.java:90)
	at org.apache.ratis.grpc.server.GrpcService.requestVote(GrpcService.java:204)
	at org.apache.ratis.server.impl.LeaderElection.lambda$submitRequests$1(LeaderElection.java:238)
	at java.util.concurrent.FutureTask.run(FutureTask.java:266)
	at java.util.concurrent.Executors$RunnableAdapter.call(Executors.java:511)
	at java.util.concurrent.FutureTask.run(FutureTask.java:266)
	at java.util.concurrent.ThreadPoolExecutor.runWorker(ThreadPoolExecutor.java:1149)
	at java.util.concurrent.ThreadPoolExecutor$Worker.run(ThreadPoolExecutor.java:624)
	... 1 more
Caused by: org.apache.ratis.thirdparty.io.netty.channel.AbstractChannel$AnnotatedConnectException: Connection refused: localhost/127.0.0.1:12872
	at sun.nio.ch.SocketChannelImpl.checkConnect(Native Method)
	at sun.nio.ch.SocketChannelImpl.finishConnect(SocketChannelImpl.java:717)
	at org.apache.ratis.thirdparty.io.netty.channel.socket.nio.NioSocketChannel.doFinishConnect(NioSocketChannel.java:327)
	at org.apache.ratis.thirdparty.io.netty.channel.nio.AbstractNioChannel$AbstractNioUnsafe.finishConnect(AbstractNioChannel.java:340)
	at org.apache.ratis.thirdparty.io.netty.channel.nio.NioEventLoop.processSelectedKey(NioEventLoop.java:632)
	at org.apache.ratis.thirdparty.io.netty.channel.nio.NioEventLoop.processSelectedKeysOptimized(NioEventLoop.java:579)
	at org.apache.ratis.thirdparty.io.netty.channel.nio.NioEventLoop.processSelectedKeys(NioEventLoop.java:496)
	at org.apache.ratis.thirdparty.io.netty.channel.nio.NioEventLoop.run(NioEventLoop.java:458)
	at org.apache.ratis.thirdparty.io.netty.util.concurrent.SingleThreadEventExecutor$5.run(SingleThreadEventExecutor.java:897)
	at org.apache.ratis.thirdparty.io.netty.util.concurrent.FastThreadLocalRunnable.run(FastThreadLocalRunnable.java:30)
	... 1 more
Caused by: java.net.ConnectException: Connection refused
	... 11 more
2019-10-14 10:16:56,661 [omNode-1@group-523986131536:LeaderElection23] INFO  impl.RoleInfo (RoleInfo.java:shutdownLeaderElection(134)) - omNode-1: shutdown LeaderElection
2019-10-14 10:16:56,661 [omNode-1@group-523986131536:LeaderElection23] INFO  impl.RaftServerImpl (RaftServerImpl.java:setRole(174)) - omNode-1@group-523986131536: changes role from CANDIDATE to LEADER at term 1 for changeToLeader
2019-10-14 10:16:56,662 [omNode-1@group-523986131536:LeaderElection23] INFO  impl.RaftServerImpl (ServerState.java:setLeader(253)) - omNode-1@group-523986131536: change Leader from null to omNode-1 at term 1 for becomeLeader, leader elected after 1121ms
2019-10-14 10:16:56,662 [main] WARN  server.ServerUtils (ServerUtils.java:getDBPath(222)) - ozone.om.db.dirs is not configured. We recommend adding this setting. Falling back to ozone.metadata.dirs instead.
2019-10-14 10:16:56,662 [omNode-1@group-523986131536:LeaderElection23] INFO  server.RaftServerConfigKeys (ConfUtils.java:logGet(43)) - raft.server.staging.catchup.gap = 1000 (default)
2019-10-14 10:16:56,662 [omNode-1@group-523986131536:LeaderElection23] INFO  server.RaftServerConfigKeys (ConfUtils.java:logGet(43)) - raft.server.rpc.sleep.time = 25ms (default)
2019-10-14 10:16:56,662 [main] INFO  db.DBStoreBuilder (DBStoreBuilder.java:addTable(110)) - using custom profile for table: userTable
2019-10-14 10:16:56,662 [omNode-1@group-523986131536:LeaderElection23] INFO  server.RaftServerConfigKeys (ConfUtils.java:logGet(43)) - raft.server.write.element-limit = 4096 (default)
2019-10-14 10:16:56,663 [main] INFO  db.DBStoreBuilder (DBStoreBuilder.java:processTables(161)) - Using default column profile:DBProfile.DISK for Table:userTable
2019-10-14 10:16:56,663 [omNode-1@group-523986131536:LeaderElection23] INFO  server.RaftServerConfigKeys (ConfUtils.java:logGet(43)) - raft.server.watch.timeout = 10s (default)
2019-10-14 10:16:56,663 [main] INFO  db.DBStoreBuilder (DBStoreBuilder.java:addTable(110)) - using custom profile for table: volumeTable
2019-10-14 10:16:56,663 [main] INFO  db.DBStoreBuilder (DBStoreBuilder.java:processTables(161)) - Using default column profile:DBProfile.DISK for Table:volumeTable
2019-10-14 10:16:56,663 [omNode-1@group-523986131536:LeaderElection23] INFO  server.RaftServerConfigKeys (ConfUtils.java:logGet(43)) - raft.server.watch.timeout.denomination = 1s (default)
2019-10-14 10:16:56,663 [main] INFO  db.DBStoreBuilder (DBStoreBuilder.java:addTable(110)) - using custom profile for table: bucketTable
2019-10-14 10:16:56,664 [main] INFO  db.DBStoreBuilder (DBStoreBuilder.java:processTables(161)) - Using default column profile:DBProfile.DISK for Table:bucketTable
2019-10-14 10:16:56,664 [omNode-1@group-523986131536:LeaderElection23] INFO  server.RaftServerConfigKeys (ConfUtils.java:logGet(43)) - raft.server.watch.element-limit = 65536 (default)
2019-10-14 10:16:56,664 [main] INFO  db.DBStoreBuilder (DBStoreBuilder.java:addTable(110)) - using custom profile for table: keyTable
2019-10-14 10:16:56,664 [main] INFO  db.DBStoreBuilder (DBStoreBuilder.java:processTables(161)) - Using default column profile:DBProfile.DISK for Table:keyTable
2019-10-14 10:16:56,664 [omNode-1@group-523986131536:LeaderElection23] INFO  server.RaftServerConfigKeys (ConfUtils.java:logGet(43)) - raft.server.log.appender.snapshot.chunk.size.max = 16MB (=16777216) (default)
2019-10-14 10:16:56,664 [main] INFO  db.DBStoreBuilder (DBStoreBuilder.java:addTable(110)) - using custom profile for table: deletedTable
2019-10-14 10:16:56,665 [main] INFO  db.DBStoreBuilder (DBStoreBuilder.java:processTables(161)) - Using default column profile:DBProfile.DISK for Table:deletedTable
2019-10-14 10:16:56,665 [omNode-1@group-523986131536:LeaderElection23] INFO  server.RaftServerConfigKeys (ConfUtils.java:logGet(43)) - raft.server.log.appender.buffer.byte-limit = 33554432 (custom)
2019-10-14 10:16:56,665 [main] INFO  db.DBStoreBuilder (DBStoreBuilder.java:addTable(110)) - using custom profile for table: openKeyTable
2019-10-14 10:16:56,665 [main] INFO  db.DBStoreBuilder (DBStoreBuilder.java:processTables(161)) - Using default column profile:DBProfile.DISK for Table:openKeyTable
2019-10-14 10:16:56,665 [omNode-1@group-523986131536:LeaderElection23] INFO  server.RaftServerConfigKeys (ConfUtils.java:logGet(43)) - raft.server.log.appender.buffer.element-limit = 1024 (custom)
2019-10-14 10:16:56,665 [main] INFO  db.DBStoreBuilder (DBStoreBuilder.java:addTable(110)) - using custom profile for table: s3Table
2019-10-14 10:16:56,666 [omNode-1@group-523986131536:LeaderElection23] INFO  grpc.GrpcConfigKeys$Server (ConfUtils.java:logGet(43)) - raft.grpc.server.leader.outstanding.appends.max = 128 (default)
2019-10-14 10:16:56,666 [main] INFO  db.DBStoreBuilder (DBStoreBuilder.java:processTables(161)) - Using default column profile:DBProfile.DISK for Table:s3Table
2019-10-14 10:16:56,666 [omNode-1@group-523986131536:LeaderElection23] INFO  server.RaftServerConfigKeys (ConfUtils.java:logGet(43)) - raft.server.rpc.request.timeout = 3000ms (default)
2019-10-14 10:16:56,666 [main] INFO  db.DBStoreBuilder (DBStoreBuilder.java:addTable(110)) - using custom profile for table: multipartInfoTable
2019-10-14 10:16:56,666 [main] INFO  db.DBStoreBuilder (DBStoreBuilder.java:processTables(161)) - Using default column profile:DBProfile.DISK for Table:multipartInfoTable
2019-10-14 10:16:56,666 [omNode-1@group-523986131536:LeaderElection23] INFO  server.RaftServerConfigKeys (ConfUtils.java:logGet(43)) - raft.server.log.appender.install.snapshot.enabled = false (custom)
2019-10-14 10:16:56,667 [main] INFO  db.DBStoreBuilder (DBStoreBuilder.java:addTable(110)) - using custom profile for table: dTokenTable
2019-10-14 10:16:56,667 [main] INFO  db.DBStoreBuilder (DBStoreBuilder.java:processTables(161)) - Using default column profile:DBProfile.DISK for Table:dTokenTable
2019-10-14 10:16:56,667 [omNode-1@group-523986131536:LeaderElection23] INFO  server.RaftServerConfigKeys (ConfUtils.java:logGet(43)) - raft.server.log.appender.snapshot.chunk.size.max = 16MB (=16777216) (default)
2019-10-14 10:16:56,667 [main] INFO  db.DBStoreBuilder (DBStoreBuilder.java:addTable(110)) - using custom profile for table: s3SecretTable
2019-10-14 10:16:56,667 [main] INFO  db.DBStoreBuilder (DBStoreBuilder.java:processTables(161)) - Using default column profile:DBProfile.DISK for Table:s3SecretTable
2019-10-14 10:16:56,667 [omNode-1@group-523986131536:LeaderElection23] INFO  server.RaftServerConfigKeys (ConfUtils.java:logGet(43)) - raft.server.log.appender.buffer.byte-limit = 33554432 (custom)
2019-10-14 10:16:56,668 [main] INFO  db.DBStoreBuilder (DBStoreBuilder.java:addTable(110)) - using custom profile for table: prefixTable
2019-10-14 10:16:56,668 [main] INFO  db.DBStoreBuilder (DBStoreBuilder.java:processTables(161)) - Using default column profile:DBProfile.DISK for Table:prefixTable
2019-10-14 10:16:56,668 [omNode-1@group-523986131536:LeaderElection23] INFO  server.RaftServerConfigKeys (ConfUtils.java:logGet(43)) - raft.server.log.appender.buffer.element-limit = 1024 (custom)
2019-10-14 10:16:56,668 [main] INFO  db.DBStoreBuilder (DBStoreBuilder.java:addTable(110)) - using custom profile for table: default
2019-10-14 10:16:56,668 [omNode-1@group-523986131536:LeaderElection23] INFO  grpc.GrpcConfigKeys$Server (ConfUtils.java:logGet(43)) - raft.grpc.server.leader.outstanding.appends.max = 128 (default)
2019-10-14 10:16:56,669 [main] INFO  db.DBStoreBuilder (DBStoreBuilder.java:processTables(167)) - Using default column profile:DBProfile.DISK for Table:default
2019-10-14 10:16:56,669 [omNode-1@group-523986131536:LeaderElection23] INFO  server.RaftServerConfigKeys (ConfUtils.java:logGet(43)) - raft.server.rpc.request.timeout = 3000ms (default)
2019-10-14 10:16:56,669 [main] INFO  db.DBStoreBuilder (DBStoreBuilder.java:getDbProfile(198)) - Using default options. DBProfile.DISK
2019-10-14 10:16:56,669 [omNode-1@group-523986131536:LeaderElection23] INFO  server.RaftServerConfigKeys (ConfUtils.java:logGet(43)) - raft.server.log.appender.install.snapshot.enabled = false (custom)
2019-10-14 10:16:56,670 [omNode-1@group-523986131536:LeaderElection23] INFO  impl.RoleInfo (RoleInfo.java:updateAndGet(143)) - omNode-1: start LeaderState
2019-10-14 10:16:56,670 [omNode-1@group-523986131536:LeaderElection23] INFO  segmented.SegmentedRaftLogWorker (SegmentedRaftLogWorker.java:startLogSegment(380)) - omNode-1@group-523986131536-SegmentedRaftLogWorker: Starting segment from index:0
2019-10-14 10:16:56,672 [grpc-default-executor-0] WARN  server.GrpcLogAppender (LogUtils.java:warn(134)) - omNode-1@group-523986131536->omNode-3-AppendLogResponseHandler: Failed appendEntries: org.apache.ratis.thirdparty.io.grpc.StatusRuntimeException: UNAVAILABLE: io exception
2019-10-14 10:16:56,672 [omNode-1@group-523986131536:LeaderElection23] INFO  impl.RaftServerImpl (ServerState.java:setRaftConf(354)) - omNode-1@group-523986131536: set configuration 0: [omNode-3:localhost:12872, omNode-1:localhost:12860, omNode-2:localhost:12866], old=null at 0
2019-10-14 10:16:56,674 [grpc-default-executor-0] INFO  impl.FollowerInfo (FollowerInfo.java:lambda$new$0(51)) - omNode-1@group-523986131536->omNode-3: nextIndex: updateUnconditionally 0 -> 0
2019-10-14 10:16:56,677 [grpc-default-executor-0] INFO  impl.RaftServerImpl (ServerState.java:setLeader(253)) - omNode-2@group-523986131536: change Leader from null to omNode-1 at term 1 for appendEntries, leader elected after 153ms
2019-10-14 10:16:56,683 [grpc-default-executor-0] INFO  impl.RaftServerImpl (ServerState.java:setRaftConf(354)) - omNode-2@group-523986131536: set configuration 0: [omNode-3:localhost:12872, omNode-1:localhost:12860, omNode-2:localhost:12866], old=null at 0
2019-10-14 10:16:56,683 [grpc-default-executor-0] INFO  segmented.SegmentedRaftLogWorker (SegmentedRaftLogWorker.java:startLogSegment(380)) - omNode-2@group-523986131536-SegmentedRaftLogWorker: Starting segment from index:0
2019-10-14 10:16:56,684 [omNode-1@group-523986131536-SegmentedRaftLogWorker] INFO  segmented.SegmentedRaftLogWorker (SegmentedRaftLogWorker.java:execute(569)) - omNode-1@group-523986131536-SegmentedRaftLogWorker: created new log segment /workdir/hadoop-ozone/ozonefs/target/test-dir/MiniOzoneClusterImpl-c76d7c66-f44c-4dfc-a708-d16c084e1c14/omNode-1/ratis/c9bc4cf4-3bc3-3c60-a66b-523986131536/current/log_inprogress_0
2019-10-14 10:16:56,698 [grpc-default-executor-2] WARN  server.GrpcLogAppender (LogUtils.java:warn(134)) - omNode-1@group-523986131536->omNode-3-AppendLogResponseHandler: Failed appendEntries: org.apache.ratis.thirdparty.io.grpc.StatusRuntimeException: UNAVAILABLE: io exception
2019-10-14 10:16:56,699 [grpc-default-executor-2] INFO  impl.FollowerInfo (FollowerInfo.java:lambda$new$0(51)) - omNode-1@group-523986131536->omNode-3: nextIndex: updateUnconditionally 1 -> 0
2019-10-14 10:16:56,707 [omNode-2@group-523986131536-SegmentedRaftLogWorker] INFO  segmented.SegmentedRaftLogWorker (SegmentedRaftLogWorker.java:execute(569)) - omNode-2@group-523986131536-SegmentedRaftLogWorker: created new log segment /workdir/hadoop-ozone/ozonefs/target/test-dir/MiniOzoneClusterImpl-c76d7c66-f44c-4dfc-a708-d16c084e1c14/omNode-2/ratis/c9bc4cf4-3bc3-3c60-a66b-523986131536/current/log_inprogress_0
2019-10-14 10:16:57,201 [grpc-default-executor-0] WARN  server.GrpcLogAppender (LogUtils.java:warn(134)) - omNode-1@group-523986131536->omNode-3-AppendLogResponseHandler: Failed appendEntries: org.apache.ratis.thirdparty.io.grpc.StatusRuntimeException: UNAVAILABLE: io exception
2019-10-14 10:16:57,203 [grpc-default-executor-0] INFO  impl.FollowerInfo (FollowerInfo.java:lambda$new$0(51)) - omNode-1@group-523986131536->omNode-3: nextIndex: updateUnconditionally 0 -> 0
2019-10-14 10:16:57,437 [main] WARN  scm.HddsServerUtil (HddsServerUtil.java:getDefaultRatisDirectory(354)) - Storage directory for Ratis is not configured. It is a good idea to map this to an SSD disk. Falling back to ozone.metadata.dirs
2019-10-14 10:16:57,438 [KeyDeletingService#0] WARN  utils.BackgroundService (BackgroundService.java:lambda$run$0(135)) - Background task fails to execute, retrying in next interval
java.util.concurrent.ExecutionException: java.lang.NullPointerException
	at java.util.concurrent.FutureTask.report(FutureTask.java:122)
	at java.util.concurrent.FutureTask.get(FutureTask.java:206)
	at org.apache.hadoop.hdds.utils.BackgroundService$PeriodicalTask.lambda$run$0(BackgroundService.java:129)
	at java.util.stream.ForEachOps$ForEachOp$OfRef.accept(ForEachOps.java:184)
	at java.util.ArrayList$ArrayListSpliterator.forEachRemaining(ArrayList.java:1382)
	at java.util.stream.AbstractPipeline.copyInto(AbstractPipeline.java:482)
	at java.util.stream.ForEachOps$ForEachTask.compute(ForEachOps.java:291)
	at java.util.concurrent.CountedCompleter.exec(CountedCompleter.java:731)
	at java.util.concurrent.ForkJoinTask.doExec(ForkJoinTask.java:289)
	at java.util.concurrent.ForkJoinTask.doInvoke(ForkJoinTask.java:401)
	at java.util.concurrent.ForkJoinTask.invoke(ForkJoinTask.java:734)
	at java.util.stream.ForEachOps$ForEachOp.evaluateParallel(ForEachOps.java:160)
	at java.util.stream.ForEachOps$ForEachOp$OfRef.evaluateParallel(ForEachOps.java:174)
	at java.util.stream.AbstractPipeline.evaluate(AbstractPipeline.java:233)
	at java.util.stream.ReferencePipeline.forEach(ReferencePipeline.java:418)
	at java.util.stream.ReferencePipeline$Head.forEach(ReferencePipeline.java:583)
	at org.apache.hadoop.hdds.utils.BackgroundService$PeriodicalTask.run(BackgroundService.java:125)
	at java.util.concurrent.Executors$RunnableAdapter.call(Executors.java:511)
	at java.util.concurrent.FutureTask.runAndReset(FutureTask.java:308)
	at java.util.concurrent.ScheduledThreadPoolExecutor$ScheduledFutureTask.access$301(ScheduledThreadPoolExecutor.java:180)
	at java.util.concurrent.ScheduledThreadPoolExecutor$ScheduledFutureTask.run(ScheduledThreadPoolExecutor.java:294)
	at java.util.concurrent.ThreadPoolExecutor.runWorker(ThreadPoolExecutor.java:1149)
	at java.util.concurrent.ThreadPoolExecutor$Worker.run(ThreadPoolExecutor.java:624)
	at java.lang.Thread.run(Thread.java:748)
Caused by: java.lang.NullPointerException
	at org.apache.hadoop.ozone.om.OzoneManager.isLeader(OzoneManager.java:3430)
	at org.apache.hadoop.ozone.om.KeyDeletingService.shouldRun(KeyDeletingService.java:120)
	at org.apache.hadoop.ozone.om.KeyDeletingService.access$100(KeyDeletingService.java:58)
	at org.apache.hadoop.ozone.om.KeyDeletingService$KeyDeletingTask.call(KeyDeletingService.java:149)
	at org.apache.hadoop.ozone.om.KeyDeletingService$KeyDeletingTask.call(KeyDeletingService.java:137)
	at java.util.concurrent.FutureTask.run(FutureTask.java:266)
	at java.util.concurrent.Executors$RunnableAdapter.call(Executors.java:511)
	at java.util.concurrent.FutureTask.run(FutureTask.java:266)
	at java.util.concurrent.Executors$RunnableAdapter.call(Executors.java:511)
	at java.util.concurrent.FutureTask.run(FutureTask.java:266)
	at java.util.concurrent.ScheduledThreadPoolExecutor$ScheduledFutureTask.access$201(ScheduledThreadPoolExecutor.java:180)
	at java.util.concurrent.ScheduledThreadPoolExecutor$ScheduledFutureTask.run(ScheduledThreadPoolExecutor.java:293)
	... 3 more
2019-10-14 10:16:57,438 [main] INFO  ratis.OzoneManagerRatisServer (OzoneManagerRatisServer.java:<init>(241)) - Instantiating OM Ratis server with GroupID: om-service-test1 and Raft Peers: localhost:12872, localhost:12860, localhost:12866
2019-10-14 10:16:57,441 [main] INFO  impl.RaftServerProxy (ConfUtils.java:logGet(43)) - raft.rpc.type = GRPC (default)
2019-10-14 10:16:57,442 [main] INFO  grpc.GrpcFactory (GrpcFactory.java:checkPooledByteBufAllocatorUseCacheForAllThreads(45)) - PERFORMANCE WARNING: useCacheForAllThreads is true that may cause Netty to create a lot garbage objects and, as a result, trigger GC.
	It is recommended to disable useCacheForAllThreads by setting -Dorg.apache.ratis.thirdparty.io.netty.allocator.useCacheForAllThreads=false in command line.
2019-10-14 10:16:57,442 [main] INFO  grpc.GrpcConfigKeys$Server (ConfUtils.java:logGet(43)) - raft.grpc.server.port = 12872 (custom)
2019-10-14 10:16:57,442 [main] INFO  server.GrpcService (ConfUtils.java:logGet(43)) - raft.grpc.message.size.max = 33554432 (custom)
2019-10-14 10:16:57,443 [main] INFO  server.RaftServerConfigKeys (ConfUtils.java:logGet(43)) - raft.server.log.appender.buffer.byte-limit = 33554432 (custom)
2019-10-14 10:16:57,443 [main] INFO  server.GrpcService (ConfUtils.java:logGet(43)) - raft.grpc.flow.control.window = 1MB (=1048576) (default)
2019-10-14 10:16:57,443 [main] INFO  server.RaftServerConfigKeys (ConfUtils.java:logGet(43)) - raft.server.rpc.request.timeout = 3000ms (default)
2019-10-14 10:16:57,444 [main] INFO  server.RaftServerConfigKeys (ConfUtils.java:logGet(43)) - raft.server.storage.dir = [/workdir/hadoop-ozone/ozonefs/target/test-dir/MiniOzoneClusterImpl-c76d7c66-f44c-4dfc-a708-d16c084e1c14/omNode-3/ratis] (custom)
2019-10-14 10:16:57,445 [main] INFO  impl.RaftServerProxy (RaftServerProxy.java:addNew(89)) - omNode-3: addNew group-523986131536:[omNode-3:localhost:12872, omNode-1:localhost:12860, omNode-2:localhost:12866] returns group-523986131536:java.util.concurrent.CompletableFuture@32a4ecbe[Not completed]
2019-10-14 10:16:57,445 [pool-182-thread-1] INFO  impl.RaftServerImpl (RaftServerImpl.java:<init>(95)) - omNode-3: new RaftServerImpl for group-523986131536:[omNode-3:localhost:12872, omNode-1:localhost:12860, omNode-2:localhost:12866] with OzoneManagerStateMachine:uninitialized
2019-10-14 10:16:57,446 [main] INFO  om.OzoneManager (OzoneManager.java:initializeRatisServer(1389)) - OzoneManager Ratis server initialized at port 12872
2019-10-14 10:16:57,446 [pool-182-thread-1] INFO  server.RaftServerConfigKeys (ConfUtils.java:logGet(43)) - raft.server.rpc.timeout.min = 1s (custom)
2019-10-14 10:16:57,446 [main] WARN  scm.HddsServerUtil (HddsServerUtil.java:getDefaultRatisDirectory(354)) - Storage directory for Ratis is not configured. It is a good idea to map this to an SSD disk. Falling back to ozone.metadata.dirs
2019-10-14 10:16:57,446 [pool-182-thread-1] INFO  server.RaftServerConfigKeys (ConfUtils.java:logGet(43)) - raft.server.rpc.timeout.max = 1200ms (custom)
2019-10-14 10:16:57,446 [main] WARN  scm.HddsServerUtil (HddsServerUtil.java:getDefaultRatisDirectory(354)) - Storage directory for Ratis is not configured. It is a good idea to map this to an SSD disk. Falling back to ozone.metadata.dirs
2019-10-14 10:16:57,446 [pool-182-thread-1] INFO  server.RaftServerConfigKeys (ConfUtils.java:logGet(43)) - raft.server.rpcslowness.timeout = 2s (custom)
2019-10-14 10:16:57,447 [main] INFO  snapshot.OzoneManagerSnapshotProvider (OzoneManagerSnapshotProvider.java:<init>(81)) - Initializing OM Snapshot Provider
2019-10-14 10:16:57,447 [pool-182-thread-1] INFO  server.RaftServerConfigKeys (ConfUtils.java:logGet(43)) - raft.server.sleep.deviation.threshold = 300 (default)
2019-10-14 10:16:57,447 [pool-182-thread-1] INFO  server.RaftServerConfigKeys (ConfUtils.java:logGet(43)) - raft.server.log.appender.install.snapshot.enabled = false (custom)
2019-10-14 10:16:57,448 [pool-182-thread-1] INFO  impl.RaftServerImpl (ServerState.java:<init>(103)) - omNode-3@group-523986131536: ConfigurationManager, init=-1: [omNode-3:localhost:12872, omNode-1:localhost:12860, omNode-2:localhost:12866], old=null, confs=<EMPTY_MAP>
2019-10-14 10:16:57,448 [pool-182-thread-1] INFO  server.RaftServerConfigKeys (ConfUtils.java:logGet(43)) - raft.server.storage.dir = [/workdir/hadoop-ozone/ozonefs/target/test-dir/MiniOzoneClusterImpl-c76d7c66-f44c-4dfc-a708-d16c084e1c14/omNode-3/ratis] (custom)
2019-10-14 10:16:57,448 [pool-182-thread-1] INFO  storage.RaftStorageDirectory (RaftStorageDirectory.java:analyzeStorage(246)) - The storage directory /workdir/hadoop-ozone/ozonefs/target/test-dir/MiniOzoneClusterImpl-c76d7c66-f44c-4dfc-a708-d16c084e1c14/omNode-3/ratis/c9bc4cf4-3bc3-3c60-a66b-523986131536 does not exist. Creating ...
2019-10-14 10:16:57,449 [main] INFO  ipc.CallQueueManager (CallQueueManager.java:<init>(84)) - Using callQueue: class java.util.concurrent.LinkedBlockingQueue, queueCapacity: 2000, scheduler: class org.apache.hadoop.ipc.DefaultRpcScheduler, ipcBackoff: false.
2019-10-14 10:16:57,450 [Socket Reader #1 for port 12868] INFO  ipc.Server (Server.java:run(1074)) - Starting Socket Reader #1 for port 12868
2019-10-14 10:16:57,472 [pool-182-thread-1] INFO  storage.RaftStorageDirectory (RaftStorageDirectory.java:tryLock(328)) - Lock on /workdir/hadoop-ozone/ozonefs/target/test-dir/MiniOzoneClusterImpl-c76d7c66-f44c-4dfc-a708-d16c084e1c14/omNode-3/ratis/c9bc4cf4-3bc3-3c60-a66b-523986131536/in_use.lock acquired by nodename 4738@pr-hdds-1569-vp9xg-4248047660
2019-10-14 10:16:57,478 [main] INFO  om.OzoneManager (OzoneManager.java:start(1243)) - OzoneManager RPC server is listening at localhost/127.0.0.1:12868
2019-10-14 10:16:57,478 [main] INFO  impl.MetricsSystemImpl (MetricsSystemImpl.java:init(158)) - OzoneManager metrics system started (again)
2019-10-14 10:16:57,479 [main] INFO  ratis.OzoneManagerRatisServer (OzoneManagerRatisServer.java:start(331)) - Starting OzoneManagerRatisServer omNode-3 at port 12872
2019-10-14 10:16:57,500 [pool-182-thread-1] INFO  storage.RaftStorage (RaftStorage.java:format(72)) - Storage directory /workdir/hadoop-ozone/ozonefs/target/test-dir/MiniOzoneClusterImpl-c76d7c66-f44c-4dfc-a708-d16c084e1c14/omNode-3/ratis/c9bc4cf4-3bc3-3c60-a66b-523986131536 has been successfully formatted.
2019-10-14 10:16:57,500 [pool-182-thread-1] INFO  server.RaftServerConfigKeys (ConfUtils.java:logGet(43)) - raft.server.notification.no-leader.timeout = 2s (custom)
2019-10-14 10:16:57,501 [pool-182-thread-1] INFO  server.RaftServerConfigKeys (ConfUtils.java:logGet(43)) - raft.server.log.use.memory = false (default)
2019-10-14 10:16:57,501 [pool-182-thread-1] INFO  server.RaftServerConfigKeys (ConfUtils.java:logGet(43)) - raft.server.log.purge.gap = 1000000 (custom)
2019-10-14 10:16:57,501 [pool-182-thread-1] INFO  server.RaftServerConfigKeys (ConfUtils.java:logGet(43)) - raft.server.log.appender.buffer.byte-limit = 33554432 (custom)
2019-10-14 10:16:57,501 [pool-182-thread-1] INFO  server.RaftServerConfigKeys (ConfUtils.java:logGet(43)) - raft.server.log.segment.size.max = 16384 (custom)
2019-10-14 10:16:57,502 [pool-182-thread-1] INFO  server.RaftServerConfigKeys (ConfUtils.java:logGet(43)) - raft.server.log.segment.cache.num.max = 2 (custom)
2019-10-14 10:16:57,502 [pool-182-thread-1] INFO  segmented.SegmentedRaftLogWorker (SegmentedRaftLogWorker.java:<init>(172)) - new omNode-3@group-523986131536-SegmentedRaftLogWorker for RaftStorage:Storage Directory /workdir/hadoop-ozone/ozonefs/target/test-dir/MiniOzoneClusterImpl-c76d7c66-f44c-4dfc-a708-d16c084e1c14/omNode-3/ratis/c9bc4cf4-3bc3-3c60-a66b-523986131536
2019-10-14 10:16:57,502 [pool-182-thread-1] INFO  server.RaftServerConfigKeys (ConfUtils.java:logGet(43)) - raft.server.log.queue.byte-limit = 64MB (=67108864) (default)
2019-10-14 10:16:57,502 [pool-182-thread-1] INFO  server.RaftServerConfigKeys (ConfUtils.java:logGet(43)) - raft.server.log.queue.element-limit = 4096 (default)
2019-10-14 10:16:57,503 [pool-182-thread-1] INFO  server.RaftServerConfigKeys (ConfUtils.java:logGet(43)) - raft.server.log.segment.size.max = 16384 (custom)
2019-10-14 10:16:57,503 [pool-182-thread-1] INFO  server.RaftServerConfigKeys (ConfUtils.java:logGet(43)) - raft.server.log.preallocated.size = 16384 (custom)
2019-10-14 10:16:57,503 [pool-182-thread-1] INFO  server.RaftServerConfigKeys (ConfUtils.java:logGet(43)) - raft.server.log.write.buffer.size = 64KB (=65536) (default)
2019-10-14 10:16:57,503 [pool-182-thread-1] INFO  server.RaftServerConfigKeys (ConfUtils.java:logGet(43)) - raft.server.log.force.sync.num = 128 (default)
2019-10-14 10:16:57,504 [pool-182-thread-1] INFO  server.RaftServerConfigKeys (ConfUtils.java:logGet(43)) - raft.server.log.statemachine.data.sync = true (default)
2019-10-14 10:16:57,504 [pool-182-thread-1] INFO  server.RaftServerConfigKeys (ConfUtils.java:logGet(43)) - raft.server.log.statemachine.data.sync.timeout = 10s (default)
2019-10-14 10:16:57,504 [pool-182-thread-1] INFO  server.RaftServerConfigKeys (ConfUtils.java:logGet(43)) - raft.server.log.statemachine.data.sync.timeout.retry = -1 (default)
2019-10-14 10:16:57,504 [pool-182-thread-1] INFO  server.RaftServerConfigKeys (ConfUtils.java:logGet(43)) - raft.server.log.statemachine.data.caching.enabled = false (default)
2019-10-14 10:16:57,505 [pool-182-thread-1] INFO  segmented.SegmentedRaftLogWorker (SegmentedRaftLogWorker.java:lambda$new$0(132)) - omNode-3@group-523986131536-SegmentedRaftLogWorker: flushIndex: setUnconditionally 0 -> -1
2019-10-14 10:16:57,505 [pool-182-thread-1] INFO  server.RaftServerConfigKeys (ConfUtils.java:logGet(43)) - raft.server.snapshot.auto.trigger.enabled = true (custom)
2019-10-14 10:16:57,505 [pool-182-thread-1] INFO  server.RaftServerConfigKeys (ConfUtils.java:logGet(43)) - raft.server.snapshot.auto.trigger.threshold = 400000 (default)
2019-10-14 10:16:57,505 [pool-182-thread-1] INFO  server.RaftServerConfigKeys (ConfUtils.java:logGet(43)) - raft.server.snapshot.retention.num.files = -1 (default)
2019-10-14 10:16:57,506 [pool-182-thread-1] INFO  server.RaftServerConfigKeys (ConfUtils.java:logGet(43)) - raft.server.retrycache.expirytime = 600000ms (custom)
2019-10-14 10:16:57,507 [main] INFO  impl.RaftServerImpl (RaftServerImpl.java:start(185)) - omNode-3@group-523986131536: start as a follower, conf=-1: [omNode-3:localhost:12872, omNode-1:localhost:12860, omNode-2:localhost:12866], old=null
2019-10-14 10:16:57,508 [main] INFO  impl.RaftServerImpl (RaftServerImpl.java:setRole(174)) - omNode-3@group-523986131536: changes role from      null to FOLLOWER at term 0 for startAsFollower
2019-10-14 10:16:57,508 [main] INFO  impl.RoleInfo (RoleInfo.java:updateAndGet(143)) - omNode-3: start FollowerState
2019-10-14 10:16:57,509 [main] INFO  util.JmxRegister (JmxRegister.java:tryRegister(44)) - Successfully registered JMX Bean with object name Ratis:service=RaftServer,group=group-523986131536,id=omNode-3
2019-10-14 10:16:57,509 [main] INFO  impl.RaftServerProxy (RaftServerProxy.java:lambda$start$3(299)) - omNode-3: start RPC server
2019-10-14 10:16:57,515 [main] INFO  server.GrpcService (GrpcService.java:startImpl(158)) - omNode-3: GrpcService started, listening on 0.0.0.0/0.0.0.0:12872
2019-10-14 10:16:57,517 [IPC Server Responder] INFO  ipc.Server (Server.java:run(1314)) - IPC Server Responder: starting
2019-10-14 10:16:57,517 [IPC Server listener on 12868] INFO  ipc.Server (Server.java:run(1153)) - IPC Server listener on 12868: starting
2019-10-14 10:16:57,525 [main] INFO  hdfs.DFSUtil (DFSUtil.java:httpServerTemplateForNNAndJN(1641)) - Starting Web-server for ozoneManager at: http://0.0.0.0:12870
2019-10-14 10:16:57,528 [main] INFO  server.AuthenticationFilter (AuthenticationFilter.java:constructSecretProvider(240)) - Unable to initialize FileSignerSecretProvider, falling back to use random secrets.
2019-10-14 10:16:57,529 [main] WARN  http.HttpRequestLog (HttpRequestLog.java:getRequestLog(97)) - Jetty request log can only be enabled using Log4j
2019-10-14 10:16:57,532 [main] INFO  http.HttpServer2 (HttpServer2.java:addGlobalFilter(975)) - Added global filter 'safety' (class=org.apache.hadoop.http.HttpServer2$QuotingInputFilter)
2019-10-14 10:16:57,533 [main] INFO  http.HttpServer2 (HttpServer2.java:addFilter(948)) - Added filter static_user_filter (class=org.apache.hadoop.http.lib.StaticUserWebFilter$StaticUserFilter) to context ozoneManager
2019-10-14 10:16:57,534 [main] INFO  http.HttpServer2 (HttpServer2.java:addFilter(958)) - Added filter static_user_filter (class=org.apache.hadoop.http.lib.StaticUserWebFilter$StaticUserFilter) to context logs
2019-10-14 10:16:57,534 [main] INFO  http.HttpServer2 (HttpServer2.java:addFilter(958)) - Added filter static_user_filter (class=org.apache.hadoop.http.lib.StaticUserWebFilter$StaticUserFilter) to context static
2019-10-14 10:16:57,535 [main] INFO  http.HttpServer2 (HttpServer2.java:bindListener(1191)) - Jetty bound to port 12870
2019-10-14 10:16:57,535 [main] INFO  server.Server (Server.java:doStart(351)) - jetty-9.3.25.v20180904, build timestamp: 2018-09-04T21:11:46Z, git hash: 3ce520221d0240229c862b122d2b06c12a625732
2019-10-14 10:16:57,538 [main] INFO  handler.ContextHandler (ContextHandler.java:doStart(781)) - Started o.e.j.s.ServletContextHandler@747835f5{/logs,file:///workdir/hadoop-ozone/ozonefs/target/log,AVAILABLE}
2019-10-14 10:16:57,539 [main] INFO  handler.ContextHandler (ContextHandler.java:doStart(781)) - Started o.e.j.s.ServletContextHandler@51d0ec6f{/static,jar:file:/home/user/.m2/repository/org/apache/hadoop/hadoop-ozone-ozone-manager/0.5.0-SNAPSHOT/hadoop-ozone-ozone-manager-0.5.0-SNAPSHOT.jar!/webapps/static,AVAILABLE}
2019-10-14 10:16:57,606 [main] INFO  handler.ContextHandler (ContextHandler.java:doStart(781)) - Started o.e.j.w.WebAppContext@4cdba2ed{/,file:///tmp/jetty-0.0.0.0-12870-ozoneManager-_-any-364880246581694451.dir/webapp/,AVAILABLE}{/ozoneManager}
2019-10-14 10:16:57,607 [main] INFO  server.AbstractConnector (AbstractConnector.java:doStart(278)) - Started ServerConnector@2c1f8dbd{HTTP/1.1,[http/1.1]}{0.0.0.0:12870}
2019-10-14 10:16:57,609 [main] INFO  server.Server (Server.java:doStart(419)) - Started @40285ms
2019-10-14 10:16:57,609 [main] WARN  impl.MetricsSystemImpl (MetricsSystemImpl.java:register(276)) - Sink prometheus already exists!
2019-10-14 10:16:57,609 [main] INFO  server.BaseHttpServer (BaseHttpServer.java:updateConnectorAddress(215)) - HTTP server of OZONEMANAGER is listening at http://0.0.0.0:12870
2019-10-14 10:16:57,610 [main] INFO  ozone.MiniOzoneHAClusterImpl (MiniOzoneHAClusterImpl.java:createOMService(274)) - Started OzoneManager RPC server at localhost/127.0.0.1:12868
2019-10-14 10:16:57,629 [main] INFO  impl.MetricsSystemImpl (MetricsSystemImpl.java:init(158)) - HddsDatanode metrics system started (again)
2019-10-14 10:16:57,632 [main] INFO  ozone.HddsDatanodeService (HddsDatanodeService.java:start(184)) - HddsDatanodeService host:pr-hdds-1569-vp9xg-4248047660 ip:192.168.164.214
2019-10-14 10:16:57,641 [main] INFO  volume.HddsVolume (HddsVolume.java:<init>(176)) - Creating Volume: /workdir/hadoop-ozone/ozonefs/target/test-dir/MiniOzoneClusterImpl-c76d7c66-f44c-4dfc-a708-d16c084e1c14/datanode-0/data/containers/hdds of  storage type : DISK and capacity : 1482555576320
2019-10-14 10:16:57,641 [main] INFO  volume.VolumeSet (VolumeSet.java:initializeVolumeSet(170)) - Added Volume : /workdir/hadoop-ozone/ozonefs/target/test-dir/MiniOzoneClusterImpl-c76d7c66-f44c-4dfc-a708-d16c084e1c14/datanode-0/data/containers/hdds to VolumeSet
2019-10-14 10:16:57,641 [main] INFO  volume.ThrottledAsyncChecker (ThrottledAsyncChecker.java:schedule(139)) - Scheduling a check for org.apache.hadoop.ozone.container.common.volume.HddsVolume@73ca34e7
2019-10-14 10:16:57,642 [main] INFO  volume.HddsVolumeChecker (HddsVolumeChecker.java:checkAllVolumes(202)) - Scheduled health check for volume org.apache.hadoop.ozone.container.common.volume.HddsVolume@73ca34e7
2019-10-14 10:16:57,662 [main] INFO  impl.RaftServerProxy (ConfUtils.java:logGet(43)) - raft.rpc.type = GRPC (default)
2019-10-14 10:16:57,662 [main] INFO  grpc.GrpcFactory (GrpcFactory.java:checkPooledByteBufAllocatorUseCacheForAllThreads(45)) - PERFORMANCE WARNING: useCacheForAllThreads is true that may cause Netty to create a lot garbage objects and, as a result, trigger GC.
	It is recommended to disable useCacheForAllThreads by setting -Dorg.apache.ratis.thirdparty.io.netty.allocator.useCacheForAllThreads=false in command line.
2019-10-14 10:16:57,662 [main] INFO  grpc.GrpcConfigKeys$Server (ConfUtils.java:logGet(43)) - raft.grpc.server.port = 0 (default)
2019-10-14 10:16:57,663 [main] INFO  server.GrpcService (ConfUtils.java:logGet(43)) - raft.grpc.message.size.max = 33570816 (custom)
2019-10-14 10:16:57,663 [main] INFO  server.RaftServerConfigKeys (ConfUtils.java:logGet(43)) - raft.server.log.appender.buffer.byte-limit = 33554432 (custom)
2019-10-14 10:16:57,663 [main] INFO  server.GrpcService (ConfUtils.java:logGet(43)) - raft.grpc.flow.control.window = 1MB (=1048576) (default)
2019-10-14 10:16:57,663 [main] INFO  server.RaftServerConfigKeys (ConfUtils.java:logGet(43)) - raft.server.rpc.request.timeout = 3000ms (default)
2019-10-14 10:16:57,664 [main] INFO  server.RaftServerConfigKeys (ConfUtils.java:logGet(43)) - raft.server.storage.dir = [/workdir/hadoop-ozone/ozonefs/target/test-dir/MiniOzoneClusterImpl-c76d7c66-f44c-4dfc-a708-d16c084e1c14/datanode-0/data/ratis] (custom)
2019-10-14 10:16:57,665 [main] INFO  hdfs.DFSUtil (DFSUtil.java:httpServerTemplateForNNAndJN(1641)) - Starting Web-server for hddsDatanode at: http://0.0.0.0:0
2019-10-14 10:16:57,667 [main] INFO  server.AuthenticationFilter (AuthenticationFilter.java:constructSecretProvider(240)) - Unable to initialize FileSignerSecretProvider, falling back to use random secrets.
2019-10-14 10:16:57,667 [main] WARN  http.HttpRequestLog (HttpRequestLog.java:getRequestLog(97)) - Jetty request log can only be enabled using Log4j
2019-10-14 10:16:57,669 [main] INFO  http.HttpServer2 (HttpServer2.java:addGlobalFilter(975)) - Added global filter 'safety' (class=org.apache.hadoop.http.HttpServer2$QuotingInputFilter)
2019-10-14 10:16:57,670 [main] INFO  http.HttpServer2 (HttpServer2.java:addFilter(948)) - Added filter static_user_filter (class=org.apache.hadoop.http.lib.StaticUserWebFilter$StaticUserFilter) to context hddsDatanode
2019-10-14 10:16:57,670 [main] INFO  http.HttpServer2 (HttpServer2.java:addFilter(958)) - Added filter static_user_filter (class=org.apache.hadoop.http.lib.StaticUserWebFilter$StaticUserFilter) to context static
2019-10-14 10:16:57,670 [main] INFO  http.HttpServer2 (HttpServer2.java:addFilter(958)) - Added filter static_user_filter (class=org.apache.hadoop.http.lib.StaticUserWebFilter$StaticUserFilter) to context logs
2019-10-14 10:16:57,671 [main] INFO  http.HttpServer2 (HttpServer2.java:bindListener(1191)) - Jetty bound to port 38036
2019-10-14 10:16:57,671 [main] INFO  server.Server (Server.java:doStart(351)) - jetty-9.3.25.v20180904, build timestamp: 2018-09-04T21:11:46Z, git hash: 3ce520221d0240229c862b122d2b06c12a625732
2019-10-14 10:16:57,674 [main] INFO  handler.ContextHandler (ContextHandler.java:doStart(781)) - Started o.e.j.s.ServletContextHandler@1cb9ef52{/logs,file:///workdir/hadoop-ozone/ozonefs/target/log,AVAILABLE}
2019-10-14 10:16:57,674 [main] INFO  handler.ContextHandler (ContextHandler.java:doStart(781)) - Started o.e.j.s.ServletContextHandler@58f31629{/static,jar:file:/home/user/.m2/repository/org/apache/hadoop/hadoop-hdds-container-service/0.5.0-SNAPSHOT/hadoop-hdds-container-service-0.5.0-SNAPSHOT.jar!/webapps/static,AVAILABLE}
2019-10-14 10:16:57,711 [main] INFO  handler.ContextHandler (ContextHandler.java:doStart(781)) - Started o.e.j.w.WebAppContext@260e3837{/,file:///tmp/jetty-0.0.0.0-38036-hddsDatanode-_-any-6338003837161885121.dir/webapp/,AVAILABLE}{/hddsDatanode}
2019-10-14 10:16:57,711 [main] INFO  server.AbstractConnector (AbstractConnector.java:doStart(278)) - Started ServerConnector@88b76f2{HTTP/1.1,[http/1.1]}{0.0.0.0:38036}
2019-10-14 10:16:57,713 [main] INFO  server.Server (Server.java:doStart(419)) - Started @40389ms
2019-10-14 10:16:57,713 [main] WARN  impl.MetricsSystemImpl (MetricsSystemImpl.java:register(276)) - Sink prometheus already exists!
2019-10-14 10:16:57,714 [main] INFO  server.BaseHttpServer (BaseHttpServer.java:updateConnectorAddress(215)) - HTTP server of HDDSDATANODE is listening at http://0.0.0.0:38036
2019-10-14 10:16:57,714 [main] INFO  impl.MetricsSystemImpl (MetricsSystemImpl.java:init(158)) - HddsDatanode metrics system started (again)
2019-10-14 10:16:57,718 [org.apache.hadoop.util.JvmPauseMonitor$Monitor@716b3707] INFO  util.JvmPauseMonitor (JvmPauseMonitor.java:run(188)) - Starting JVM pause monitor
2019-10-14 10:16:57,719 [main] INFO  ozone.HddsDatanodeService (HddsDatanodeService.java:start(184)) - HddsDatanodeService host:pr-hdds-1569-vp9xg-4248047660 ip:192.168.164.214
2019-10-14 10:16:57,721 [Datanode State Machine Thread - 0] INFO  datanode.InitDatanodeState (InitDatanodeState.java:persistContainerDatanodeDetails(140)) - DatanodeDetails is persisted to /workdir/hadoop-ozone/ozonefs/target/test-dir/MiniOzoneClusterImpl-c76d7c66-f44c-4dfc-a708-d16c084e1c14/datanode-0/meta/datanode.id
2019-10-14 10:16:57,736 [grpc-default-executor-0] INFO  impl.RaftServerImpl (ServerState.java:setLeader(253)) - omNode-3@group-523986131536: change Leader from null to omNode-1 at term 1 for appendEntries, leader elected after 235ms
2019-10-14 10:16:57,736 [main] INFO  volume.HddsVolume (HddsVolume.java:<init>(176)) - Creating Volume: /workdir/hadoop-ozone/ozonefs/target/test-dir/MiniOzoneClusterImpl-c76d7c66-f44c-4dfc-a708-d16c084e1c14/datanode-1/data/containers/hdds of  storage type : DISK and capacity : 1482555576320
2019-10-14 10:16:57,737 [main] INFO  volume.VolumeSet (VolumeSet.java:initializeVolumeSet(170)) - Added Volume : /workdir/hadoop-ozone/ozonefs/target/test-dir/MiniOzoneClusterImpl-c76d7c66-f44c-4dfc-a708-d16c084e1c14/datanode-1/data/containers/hdds to VolumeSet
2019-10-14 10:16:57,738 [main] INFO  volume.ThrottledAsyncChecker (ThrottledAsyncChecker.java:schedule(139)) - Scheduling a check for org.apache.hadoop.ozone.container.common.volume.HddsVolume@7df6d663
2019-10-14 10:16:57,740 [main] INFO  volume.HddsVolumeChecker (HddsVolumeChecker.java:checkAllVolumes(202)) - Scheduled health check for volume org.apache.hadoop.ozone.container.common.volume.HddsVolume@7df6d663
2019-10-14 10:16:57,743 [grpc-default-executor-0] INFO  impl.RaftServerImpl (ServerState.java:setRaftConf(354)) - omNode-3@group-523986131536: set configuration 0: [omNode-3:localhost:12872, omNode-1:localhost:12860, omNode-2:localhost:12866], old=null at 0
2019-10-14 10:16:57,744 [grpc-default-executor-0] INFO  segmented.SegmentedRaftLogWorker (SegmentedRaftLogWorker.java:startLogSegment(380)) - omNode-3@group-523986131536-SegmentedRaftLogWorker: Starting segment from index:0
2019-10-14 10:16:57,767 [omNode-3@group-523986131536-SegmentedRaftLogWorker] INFO  segmented.SegmentedRaftLogWorker (SegmentedRaftLogWorker.java:execute(569)) - omNode-3@group-523986131536-SegmentedRaftLogWorker: created new log segment /workdir/hadoop-ozone/ozonefs/target/test-dir/MiniOzoneClusterImpl-c76d7c66-f44c-4dfc-a708-d16c084e1c14/omNode-3/ratis/c9bc4cf4-3bc3-3c60-a66b-523986131536/current/log_inprogress_0
2019-10-14 10:16:57,768 [main] INFO  impl.RaftServerProxy (ConfUtils.java:logGet(43)) - raft.rpc.type = GRPC (default)
2019-10-14 10:16:57,769 [main] INFO  grpc.GrpcFactory (GrpcFactory.java:checkPooledByteBufAllocatorUseCacheForAllThreads(45)) - PERFORMANCE WARNING: useCacheForAllThreads is true that may cause Netty to create a lot garbage objects and, as a result, trigger GC.
	It is recommended to disable useCacheForAllThreads by setting -Dorg.apache.ratis.thirdparty.io.netty.allocator.useCacheForAllThreads=false in command line.
2019-10-14 10:16:57,769 [main] INFO  grpc.GrpcConfigKeys$Server (ConfUtils.java:logGet(43)) - raft.grpc.server.port = 0 (default)
2019-10-14 10:16:57,769 [main] INFO  server.GrpcService (ConfUtils.java:logGet(43)) - raft.grpc.message.size.max = 33570816 (custom)
2019-10-14 10:16:57,770 [main] INFO  server.RaftServerConfigKeys (ConfUtils.java:logGet(43)) - raft.server.log.appender.buffer.byte-limit = 33554432 (custom)
2019-10-14 10:16:57,770 [main] INFO  server.GrpcService (ConfUtils.java:logGet(43)) - raft.grpc.flow.control.window = 1MB (=1048576) (default)
2019-10-14 10:16:57,770 [main] INFO  server.RaftServerConfigKeys (ConfUtils.java:logGet(43)) - raft.server.rpc.request.timeout = 3000ms (default)
2019-10-14 10:16:57,771 [main] INFO  server.RaftServerConfigKeys (ConfUtils.java:logGet(43)) - raft.server.storage.dir = [/workdir/hadoop-ozone/ozonefs/target/test-dir/MiniOzoneClusterImpl-c76d7c66-f44c-4dfc-a708-d16c084e1c14/datanode-1/data/ratis] (custom)
2019-10-14 10:16:57,772 [main] INFO  hdfs.DFSUtil (DFSUtil.java:httpServerTemplateForNNAndJN(1641)) - Starting Web-server for hddsDatanode at: http://0.0.0.0:0
2019-10-14 10:16:57,774 [main] INFO  server.AuthenticationFilter (AuthenticationFilter.java:constructSecretProvider(240)) - Unable to initialize FileSignerSecretProvider, falling back to use random secrets.
2019-10-14 10:16:57,775 [main] WARN  http.HttpRequestLog (HttpRequestLog.java:getRequestLog(97)) - Jetty request log can only be enabled using Log4j
2019-10-14 10:16:57,777 [main] INFO  http.HttpServer2 (HttpServer2.java:addGlobalFilter(975)) - Added global filter 'safety' (class=org.apache.hadoop.http.HttpServer2$QuotingInputFilter)
2019-10-14 10:16:57,778 [main] INFO  http.HttpServer2 (HttpServer2.java:addFilter(948)) - Added filter static_user_filter (class=org.apache.hadoop.http.lib.StaticUserWebFilter$StaticUserFilter) to context hddsDatanode
2019-10-14 10:16:57,778 [main] INFO  http.HttpServer2 (HttpServer2.java:addFilter(958)) - Added filter static_user_filter (class=org.apache.hadoop.http.lib.StaticUserWebFilter$StaticUserFilter) to context logs
2019-10-14 10:16:57,778 [main] INFO  http.HttpServer2 (HttpServer2.java:addFilter(958)) - Added filter static_user_filter (class=org.apache.hadoop.http.lib.StaticUserWebFilter$StaticUserFilter) to context static
2019-10-14 10:16:57,779 [main] INFO  http.HttpServer2 (HttpServer2.java:bindListener(1191)) - Jetty bound to port 38286
2019-10-14 10:16:57,779 [main] INFO  server.Server (Server.java:doStart(351)) - jetty-9.3.25.v20180904, build timestamp: 2018-09-04T21:11:46Z, git hash: 3ce520221d0240229c862b122d2b06c12a625732
2019-10-14 10:16:57,781 [main] INFO  handler.ContextHandler (ContextHandler.java:doStart(781)) - Started o.e.j.s.ServletContextHandler@34330f77{/logs,file:///workdir/hadoop-ozone/ozonefs/target/log,AVAILABLE}
2019-10-14 10:16:57,782 [main] INFO  handler.ContextHandler (ContextHandler.java:doStart(781)) - Started o.e.j.s.ServletContextHandler@4b033eac{/static,jar:file:/home/user/.m2/repository/org/apache/hadoop/hadoop-hdds-container-service/0.5.0-SNAPSHOT/hadoop-hdds-container-service-0.5.0-SNAPSHOT.jar!/webapps/static,AVAILABLE}
2019-10-14 10:16:57,824 [main] INFO  handler.ContextHandler (ContextHandler.java:doStart(781)) - Started o.e.j.w.WebAppContext@798deee8{/,file:///tmp/jetty-0.0.0.0-38286-hddsDatanode-_-any-4483135232318497079.dir/webapp/,AVAILABLE}{/hddsDatanode}
2019-10-14 10:16:57,825 [main] INFO  server.AbstractConnector (AbstractConnector.java:doStart(278)) - Started ServerConnector@96897c8{HTTP/1.1,[http/1.1]}{0.0.0.0:38286}
2019-10-14 10:16:57,827 [main] INFO  server.Server (Server.java:doStart(419)) - Started @40503ms
2019-10-14 10:16:57,827 [main] WARN  impl.MetricsSystemImpl (MetricsSystemImpl.java:register(276)) - Sink prometheus already exists!
2019-10-14 10:16:57,828 [main] INFO  server.BaseHttpServer (BaseHttpServer.java:updateConnectorAddress(215)) - HTTP server of HDDSDATANODE is listening at http://0.0.0.0:38286
2019-10-14 10:16:57,828 [main] INFO  impl.MetricsSystemImpl (MetricsSystemImpl.java:init(158)) - HddsDatanode metrics system started (again)
2019-10-14 10:16:57,833 [org.apache.hadoop.util.JvmPauseMonitor$Monitor@5fd7cf44] INFO  util.JvmPauseMonitor (JvmPauseMonitor.java:run(188)) - Starting JVM pause monitor
2019-10-14 10:16:57,834 [main] INFO  ozone.HddsDatanodeService (HddsDatanodeService.java:start(184)) - HddsDatanodeService host:pr-hdds-1569-vp9xg-4248047660 ip:192.168.164.214
2019-10-14 10:16:57,835 [Datanode State Machine Thread - 0] INFO  datanode.InitDatanodeState (InitDatanodeState.java:persistContainerDatanodeDetails(140)) - DatanodeDetails is persisted to /workdir/hadoop-ozone/ozonefs/target/test-dir/MiniOzoneClusterImpl-c76d7c66-f44c-4dfc-a708-d16c084e1c14/datanode-1/meta/datanode.id
2019-10-14 10:16:57,841 [main] INFO  volume.HddsVolume (HddsVolume.java:<init>(176)) - Creating Volume: /workdir/hadoop-ozone/ozonefs/target/test-dir/MiniOzoneClusterImpl-c76d7c66-f44c-4dfc-a708-d16c084e1c14/datanode-2/data/containers/hdds of  storage type : DISK and capacity : 1482555576320
2019-10-14 10:16:57,842 [main] INFO  volume.VolumeSet (VolumeSet.java:initializeVolumeSet(170)) - Added Volume : /workdir/hadoop-ozone/ozonefs/target/test-dir/MiniOzoneClusterImpl-c76d7c66-f44c-4dfc-a708-d16c084e1c14/datanode-2/data/containers/hdds to VolumeSet
2019-10-14 10:16:57,842 [main] INFO  volume.ThrottledAsyncChecker (ThrottledAsyncChecker.java:schedule(139)) - Scheduling a check for org.apache.hadoop.ozone.container.common.volume.HddsVolume@443a53df
2019-10-14 10:16:57,843 [main] INFO  volume.HddsVolumeChecker (HddsVolumeChecker.java:checkAllVolumes(202)) - Scheduled health check for volume org.apache.hadoop.ozone.container.common.volume.HddsVolume@443a53df
2019-10-14 10:16:57,867 [main] INFO  impl.RaftServerProxy (ConfUtils.java:logGet(43)) - raft.rpc.type = GRPC (default)
2019-10-14 10:16:57,868 [main] INFO  grpc.GrpcFactory (GrpcFactory.java:checkPooledByteBufAllocatorUseCacheForAllThreads(45)) - PERFORMANCE WARNING: useCacheForAllThreads is true that may cause Netty to create a lot garbage objects and, as a result, trigger GC.
	It is recommended to disable useCacheForAllThreads by setting -Dorg.apache.ratis.thirdparty.io.netty.allocator.useCacheForAllThreads=false in command line.
2019-10-14 10:16:57,868 [main] INFO  grpc.GrpcConfigKeys$Server (ConfUtils.java:logGet(43)) - raft.grpc.server.port = 0 (default)
2019-10-14 10:16:57,868 [main] INFO  server.GrpcService (ConfUtils.java:logGet(43)) - raft.grpc.message.size.max = 33570816 (custom)
2019-10-14 10:16:57,868 [main] INFO  server.RaftServerConfigKeys (ConfUtils.java:logGet(43)) - raft.server.log.appender.buffer.byte-limit = 33554432 (custom)
2019-10-14 10:16:57,869 [main] INFO  server.GrpcService (ConfUtils.java:logGet(43)) - raft.grpc.flow.control.window = 1MB (=1048576) (default)
2019-10-14 10:16:57,869 [main] INFO  server.RaftServerConfigKeys (ConfUtils.java:logGet(43)) - raft.server.rpc.request.timeout = 3000ms (default)
2019-10-14 10:16:57,869 [main] INFO  server.RaftServerConfigKeys (ConfUtils.java:logGet(43)) - raft.server.storage.dir = [/workdir/hadoop-ozone/ozonefs/target/test-dir/MiniOzoneClusterImpl-c76d7c66-f44c-4dfc-a708-d16c084e1c14/datanode-2/data/ratis] (custom)
2019-10-14 10:16:57,871 [main] INFO  hdfs.DFSUtil (DFSUtil.java:httpServerTemplateForNNAndJN(1641)) - Starting Web-server for hddsDatanode at: http://0.0.0.0:0
2019-10-14 10:16:57,873 [main] INFO  server.AuthenticationFilter (AuthenticationFilter.java:constructSecretProvider(240)) - Unable to initialize FileSignerSecretProvider, falling back to use random secrets.
2019-10-14 10:16:57,874 [main] WARN  http.HttpRequestLog (HttpRequestLog.java:getRequestLog(97)) - Jetty request log can only be enabled using Log4j
2019-10-14 10:16:57,877 [main] INFO  http.HttpServer2 (HttpServer2.java:addGlobalFilter(975)) - Added global filter 'safety' (class=org.apache.hadoop.http.HttpServer2$QuotingInputFilter)
2019-10-14 10:16:57,878 [main] INFO  http.HttpServer2 (HttpServer2.java:addFilter(948)) - Added filter static_user_filter (class=org.apache.hadoop.http.lib.StaticUserWebFilter$StaticUserFilter) to context hddsDatanode
2019-10-14 10:16:57,879 [main] INFO  http.HttpServer2 (HttpServer2.java:addFilter(958)) - Added filter static_user_filter (class=org.apache.hadoop.http.lib.StaticUserWebFilter$StaticUserFilter) to context logs
2019-10-14 10:16:57,879 [main] INFO  http.HttpServer2 (HttpServer2.java:addFilter(958)) - Added filter static_user_filter (class=org.apache.hadoop.http.lib.StaticUserWebFilter$StaticUserFilter) to context static
2019-10-14 10:16:57,880 [main] INFO  http.HttpServer2 (HttpServer2.java:bindListener(1191)) - Jetty bound to port 35178
2019-10-14 10:16:57,880 [main] INFO  server.Server (Server.java:doStart(351)) - jetty-9.3.25.v20180904, build timestamp: 2018-09-04T21:11:46Z, git hash: 3ce520221d0240229c862b122d2b06c12a625732
2019-10-14 10:16:57,882 [main] INFO  handler.ContextHandler (ContextHandler.java:doStart(781)) - Started o.e.j.s.ServletContextHandler@5a566922{/logs,file:///workdir/hadoop-ozone/ozonefs/target/log,AVAILABLE}
2019-10-14 10:16:57,883 [main] INFO  handler.ContextHandler (ContextHandler.java:doStart(781)) - Started o.e.j.s.ServletContextHandler@42ed89da{/static,jar:file:/home/user/.m2/repository/org/apache/hadoop/hadoop-hdds-container-service/0.5.0-SNAPSHOT/hadoop-hdds-container-service-0.5.0-SNAPSHOT.jar!/webapps/static,AVAILABLE}
2019-10-14 10:16:57,917 [main] INFO  handler.ContextHandler (ContextHandler.java:doStart(781)) - Started o.e.j.w.WebAppContext@184823ed{/,file:///tmp/jetty-0.0.0.0-35178-hddsDatanode-_-any-6159120866938615089.dir/webapp/,AVAILABLE}{/hddsDatanode}
2019-10-14 10:16:57,917 [main] INFO  server.AbstractConnector (AbstractConnector.java:doStart(278)) - Started ServerConnector@30bbcf91{HTTP/1.1,[http/1.1]}{0.0.0.0:35178}
2019-10-14 10:16:57,919 [main] INFO  server.Server (Server.java:doStart(419)) - Started @40595ms
2019-10-14 10:16:57,919 [main] WARN  impl.MetricsSystemImpl (MetricsSystemImpl.java:register(276)) - Sink prometheus already exists!
2019-10-14 10:16:57,919 [main] INFO  server.BaseHttpServer (BaseHttpServer.java:updateConnectorAddress(215)) - HTTP server of HDDSDATANODE is listening at http://0.0.0.0:35178
2019-10-14 10:16:57,920 [main] INFO  impl.MetricsSystemImpl (MetricsSystemImpl.java:init(158)) - HddsDatanode metrics system started (again)
2019-10-14 10:16:57,923 [org.apache.hadoop.util.JvmPauseMonitor$Monitor@227b6ddc] INFO  util.JvmPauseMonitor (JvmPauseMonitor.java:run(188)) - Starting JVM pause monitor
2019-10-14 10:16:57,924 [main] INFO  ozone.HddsDatanodeService (HddsDatanodeService.java:start(184)) - HddsDatanodeService host:pr-hdds-1569-vp9xg-4248047660 ip:192.168.164.214
2019-10-14 10:16:57,925 [Datanode State Machine Thread - 0] INFO  datanode.InitDatanodeState (InitDatanodeState.java:persistContainerDatanodeDetails(140)) - DatanodeDetails is persisted to /workdir/hadoop-ozone/ozonefs/target/test-dir/MiniOzoneClusterImpl-c76d7c66-f44c-4dfc-a708-d16c084e1c14/datanode-2/meta/datanode.id
2019-10-14 10:16:57,930 [main] INFO  volume.HddsVolume (HddsVolume.java:<init>(176)) - Creating Volume: /workdir/hadoop-ozone/ozonefs/target/test-dir/MiniOzoneClusterImpl-c76d7c66-f44c-4dfc-a708-d16c084e1c14/datanode-3/data/containers/hdds of  storage type : DISK and capacity : 1482555576320
2019-10-14 10:16:57,930 [main] INFO  volume.VolumeSet (VolumeSet.java:initializeVolumeSet(170)) - Added Volume : /workdir/hadoop-ozone/ozonefs/target/test-dir/MiniOzoneClusterImpl-c76d7c66-f44c-4dfc-a708-d16c084e1c14/datanode-3/data/containers/hdds to VolumeSet
2019-10-14 10:16:57,931 [main] INFO  volume.ThrottledAsyncChecker (ThrottledAsyncChecker.java:schedule(139)) - Scheduling a check for org.apache.hadoop.ozone.container.common.volume.HddsVolume@3b7c58e7
2019-10-14 10:16:57,931 [main] INFO  volume.HddsVolumeChecker (HddsVolumeChecker.java:checkAllVolumes(202)) - Scheduled health check for volume org.apache.hadoop.ozone.container.common.volume.HddsVolume@3b7c58e7
2019-10-14 10:16:57,947 [main] INFO  impl.RaftServerProxy (ConfUtils.java:logGet(43)) - raft.rpc.type = GRPC (default)
2019-10-14 10:16:57,947 [main] INFO  grpc.GrpcFactory (GrpcFactory.java:checkPooledByteBufAllocatorUseCacheForAllThreads(45)) - PERFORMANCE WARNING: useCacheForAllThreads is true that may cause Netty to create a lot garbage objects and, as a result, trigger GC.
	It is recommended to disable useCacheForAllThreads by setting -Dorg.apache.ratis.thirdparty.io.netty.allocator.useCacheForAllThreads=false in command line.
2019-10-14 10:16:57,947 [main] INFO  grpc.GrpcConfigKeys$Server (ConfUtils.java:logGet(43)) - raft.grpc.server.port = 0 (default)
2019-10-14 10:16:57,948 [main] INFO  server.GrpcService (ConfUtils.java:logGet(43)) - raft.grpc.message.size.max = 33570816 (custom)
2019-10-14 10:16:57,948 [main] INFO  server.RaftServerConfigKeys (ConfUtils.java:logGet(43)) - raft.server.log.appender.buffer.byte-limit = 33554432 (custom)
2019-10-14 10:16:57,948 [main] INFO  server.GrpcService (ConfUtils.java:logGet(43)) - raft.grpc.flow.control.window = 1MB (=1048576) (default)
2019-10-14 10:16:57,948 [main] INFO  server.RaftServerConfigKeys (ConfUtils.java:logGet(43)) - raft.server.rpc.request.timeout = 3000ms (default)
2019-10-14 10:16:57,949 [main] INFO  server.RaftServerConfigKeys (ConfUtils.java:logGet(43)) - raft.server.storage.dir = [/workdir/hadoop-ozone/ozonefs/target/test-dir/MiniOzoneClusterImpl-c76d7c66-f44c-4dfc-a708-d16c084e1c14/datanode-3/data/ratis] (custom)
2019-10-14 10:16:57,950 [main] INFO  hdfs.DFSUtil (DFSUtil.java:httpServerTemplateForNNAndJN(1641)) - Starting Web-server for hddsDatanode at: http://0.0.0.0:0
2019-10-14 10:16:57,951 [main] INFO  server.AuthenticationFilter (AuthenticationFilter.java:constructSecretProvider(240)) - Unable to initialize FileSignerSecretProvider, falling back to use random secrets.
2019-10-14 10:16:57,951 [main] WARN  http.HttpRequestLog (HttpRequestLog.java:getRequestLog(97)) - Jetty request log can only be enabled using Log4j
2019-10-14 10:16:57,953 [main] INFO  http.HttpServer2 (HttpServer2.java:addGlobalFilter(975)) - Added global filter 'safety' (class=org.apache.hadoop.http.HttpServer2$QuotingInputFilter)
2019-10-14 10:16:57,954 [main] INFO  http.HttpServer2 (HttpServer2.java:addFilter(948)) - Added filter static_user_filter (class=org.apache.hadoop.http.lib.StaticUserWebFilter$StaticUserFilter) to context hddsDatanode
2019-10-14 10:16:57,954 [main] INFO  http.HttpServer2 (HttpServer2.java:addFilter(958)) - Added filter static_user_filter (class=org.apache.hadoop.http.lib.StaticUserWebFilter$StaticUserFilter) to context static
2019-10-14 10:16:57,954 [main] INFO  http.HttpServer2 (HttpServer2.java:addFilter(958)) - Added filter static_user_filter (class=org.apache.hadoop.http.lib.StaticUserWebFilter$StaticUserFilter) to context logs
2019-10-14 10:16:57,954 [main] INFO  http.HttpServer2 (HttpServer2.java:bindListener(1191)) - Jetty bound to port 38668
2019-10-14 10:16:57,955 [main] INFO  server.Server (Server.java:doStart(351)) - jetty-9.3.25.v20180904, build timestamp: 2018-09-04T21:11:46Z, git hash: 3ce520221d0240229c862b122d2b06c12a625732
2019-10-14 10:16:57,956 [main] INFO  handler.ContextHandler (ContextHandler.java:doStart(781)) - Started o.e.j.s.ServletContextHandler@631c6d11{/logs,file:///workdir/hadoop-ozone/ozonefs/target/log,AVAILABLE}
2019-10-14 10:16:57,957 [main] INFO  handler.ContextHandler (ContextHandler.java:doStart(781)) - Started o.e.j.s.ServletContextHandler@62ade015{/static,jar:file:/home/user/.m2/repository/org/apache/hadoop/hadoop-hdds-container-service/0.5.0-SNAPSHOT/hadoop-hdds-container-service-0.5.0-SNAPSHOT.jar!/webapps/static,AVAILABLE}
2019-10-14 10:16:57,982 [main] INFO  handler.ContextHandler (ContextHandler.java:doStart(781)) - Started o.e.j.w.WebAppContext@7a65a360{/,file:///tmp/jetty-0.0.0.0-38668-hddsDatanode-_-any-875967693657082236.dir/webapp/,AVAILABLE}{/hddsDatanode}
2019-10-14 10:16:57,983 [main] INFO  server.AbstractConnector (AbstractConnector.java:doStart(278)) - Started ServerConnector@30a7653e{HTTP/1.1,[http/1.1]}{0.0.0.0:38668}
2019-10-14 10:16:57,985 [main] INFO  server.Server (Server.java:doStart(419)) - Started @40662ms
2019-10-14 10:16:57,986 [main] WARN  impl.MetricsSystemImpl (MetricsSystemImpl.java:register(276)) - Sink prometheus already exists!
2019-10-14 10:16:57,986 [main] INFO  server.BaseHttpServer (BaseHttpServer.java:updateConnectorAddress(215)) - HTTP server of HDDSDATANODE is listening at http://0.0.0.0:38668
2019-10-14 10:16:57,987 [main] INFO  impl.MetricsSystemImpl (MetricsSystemImpl.java:init(158)) - HddsDatanode metrics system started (again)
2019-10-14 10:16:57,991 [org.apache.hadoop.util.JvmPauseMonitor$Monitor@19f60967] INFO  util.JvmPauseMonitor (JvmPauseMonitor.java:run(188)) - Starting JVM pause monitor
2019-10-14 10:16:57,991 [main] INFO  ozone.HddsDatanodeService (HddsDatanodeService.java:start(184)) - HddsDatanodeService host:pr-hdds-1569-vp9xg-4248047660 ip:192.168.164.214
2019-10-14 10:16:57,993 [Datanode State Machine Thread - 0] INFO  datanode.InitDatanodeState (InitDatanodeState.java:persistContainerDatanodeDetails(140)) - DatanodeDetails is persisted to /workdir/hadoop-ozone/ozonefs/target/test-dir/MiniOzoneClusterImpl-c76d7c66-f44c-4dfc-a708-d16c084e1c14/datanode-3/meta/datanode.id
2019-10-14 10:16:57,999 [main] INFO  volume.HddsVolume (HddsVolume.java:<init>(176)) - Creating Volume: /workdir/hadoop-ozone/ozonefs/target/test-dir/MiniOzoneClusterImpl-c76d7c66-f44c-4dfc-a708-d16c084e1c14/datanode-4/data/containers/hdds of  storage type : DISK and capacity : 1482555576320
2019-10-14 10:16:57,999 [main] INFO  volume.VolumeSet (VolumeSet.java:initializeVolumeSet(170)) - Added Volume : /workdir/hadoop-ozone/ozonefs/target/test-dir/MiniOzoneClusterImpl-c76d7c66-f44c-4dfc-a708-d16c084e1c14/datanode-4/data/containers/hdds to VolumeSet
2019-10-14 10:16:57,999 [main] INFO  volume.ThrottledAsyncChecker (ThrottledAsyncChecker.java:schedule(139)) - Scheduling a check for org.apache.hadoop.ozone.container.common.volume.HddsVolume@4017fe2c
2019-10-14 10:16:58,000 [main] INFO  volume.HddsVolumeChecker (HddsVolumeChecker.java:checkAllVolumes(202)) - Scheduled health check for volume org.apache.hadoop.ozone.container.common.volume.HddsVolume@4017fe2c
2019-10-14 10:16:58,019 [main] INFO  impl.RaftServerProxy (ConfUtils.java:logGet(43)) - raft.rpc.type = GRPC (default)
2019-10-14 10:16:58,019 [main] INFO  grpc.GrpcFactory (GrpcFactory.java:checkPooledByteBufAllocatorUseCacheForAllThreads(45)) - PERFORMANCE WARNING: useCacheForAllThreads is true that may cause Netty to create a lot garbage objects and, as a result, trigger GC.
	It is recommended to disable useCacheForAllThreads by setting -Dorg.apache.ratis.thirdparty.io.netty.allocator.useCacheForAllThreads=false in command line.
2019-10-14 10:16:58,019 [main] INFO  grpc.GrpcConfigKeys$Server (ConfUtils.java:logGet(43)) - raft.grpc.server.port = 0 (default)
2019-10-14 10:16:58,019 [main] INFO  server.GrpcService (ConfUtils.java:logGet(43)) - raft.grpc.message.size.max = 33570816 (custom)
2019-10-14 10:16:58,020 [main] INFO  server.RaftServerConfigKeys (ConfUtils.java:logGet(43)) - raft.server.log.appender.buffer.byte-limit = 33554432 (custom)
2019-10-14 10:16:58,020 [main] INFO  server.GrpcService (ConfUtils.java:logGet(43)) - raft.grpc.flow.control.window = 1MB (=1048576) (default)
2019-10-14 10:16:58,020 [main] INFO  server.RaftServerConfigKeys (ConfUtils.java:logGet(43)) - raft.server.rpc.request.timeout = 3000ms (default)
2019-10-14 10:16:58,020 [main] INFO  server.RaftServerConfigKeys (ConfUtils.java:logGet(43)) - raft.server.storage.dir = [/workdir/hadoop-ozone/ozonefs/target/test-dir/MiniOzoneClusterImpl-c76d7c66-f44c-4dfc-a708-d16c084e1c14/datanode-4/data/ratis] (custom)
2019-10-14 10:16:58,021 [main] INFO  hdfs.DFSUtil (DFSUtil.java:httpServerTemplateForNNAndJN(1641)) - Starting Web-server for hddsDatanode at: http://0.0.0.0:0
2019-10-14 10:16:58,023 [main] INFO  server.AuthenticationFilter (AuthenticationFilter.java:constructSecretProvider(240)) - Unable to initialize FileSignerSecretProvider, falling back to use random secrets.
2019-10-14 10:16:58,023 [main] WARN  http.HttpRequestLog (HttpRequestLog.java:getRequestLog(97)) - Jetty request log can only be enabled using Log4j
2019-10-14 10:16:58,025 [main] INFO  http.HttpServer2 (HttpServer2.java:addGlobalFilter(975)) - Added global filter 'safety' (class=org.apache.hadoop.http.HttpServer2$QuotingInputFilter)
2019-10-14 10:16:58,025 [main] INFO  http.HttpServer2 (HttpServer2.java:addFilter(948)) - Added filter static_user_filter (class=org.apache.hadoop.http.lib.StaticUserWebFilter$StaticUserFilter) to context hddsDatanode
2019-10-14 10:16:58,025 [main] INFO  http.HttpServer2 (HttpServer2.java:addFilter(958)) - Added filter static_user_filter (class=org.apache.hadoop.http.lib.StaticUserWebFilter$StaticUserFilter) to context logs
2019-10-14 10:16:58,026 [main] INFO  http.HttpServer2 (HttpServer2.java:addFilter(958)) - Added filter static_user_filter (class=org.apache.hadoop.http.lib.StaticUserWebFilter$StaticUserFilter) to context static
2019-10-14 10:16:58,026 [main] INFO  http.HttpServer2 (HttpServer2.java:bindListener(1191)) - Jetty bound to port 39426
2019-10-14 10:16:58,026 [main] INFO  server.Server (Server.java:doStart(351)) - jetty-9.3.25.v20180904, build timestamp: 2018-09-04T21:11:46Z, git hash: 3ce520221d0240229c862b122d2b06c12a625732
2019-10-14 10:16:58,028 [main] INFO  handler.ContextHandler (ContextHandler.java:doStart(781)) - Started o.e.j.s.ServletContextHandler@15d3793b{/logs,file:///workdir/hadoop-ozone/ozonefs/target/log,AVAILABLE}
2019-10-14 10:16:58,028 [main] INFO  handler.ContextHandler (ContextHandler.java:doStart(781)) - Started o.e.j.s.ServletContextHandler@1213ffbc{/static,jar:file:/home/user/.m2/repository/org/apache/hadoop/hadoop-hdds-container-service/0.5.0-SNAPSHOT/hadoop-hdds-container-service-0.5.0-SNAPSHOT.jar!/webapps/static,AVAILABLE}
2019-10-14 10:16:58,053 [main] INFO  handler.ContextHandler (ContextHandler.java:doStart(781)) - Started o.e.j.w.WebAppContext@1f78d415{/,file:///tmp/jetty-0.0.0.0-39426-hddsDatanode-_-any-7268772840533370311.dir/webapp/,AVAILABLE}{/hddsDatanode}
2019-10-14 10:16:58,053 [main] INFO  server.AbstractConnector (AbstractConnector.java:doStart(278)) - Started ServerConnector@1c046c92{HTTP/1.1,[http/1.1]}{0.0.0.0:39426}
2019-10-14 10:16:58,055 [main] INFO  server.Server (Server.java:doStart(419)) - Started @40731ms
2019-10-14 10:16:58,055 [main] WARN  impl.MetricsSystemImpl (MetricsSystemImpl.java:register(276)) - Sink prometheus already exists!
2019-10-14 10:16:58,056 [main] INFO  server.BaseHttpServer (BaseHttpServer.java:updateConnectorAddress(215)) - HTTP server of HDDSDATANODE is listening at http://0.0.0.0:39426
2019-10-14 10:16:58,056 [main] INFO  impl.MetricsSystemImpl (MetricsSystemImpl.java:init(158)) - HddsDatanode metrics system started (again)
2019-10-14 10:16:58,060 [org.apache.hadoop.util.JvmPauseMonitor$Monitor@a5296a4] INFO  util.JvmPauseMonitor (JvmPauseMonitor.java:run(188)) - Starting JVM pause monitor
2019-10-14 10:16:58,060 [main] INFO  ozone.HddsDatanodeService (HddsDatanodeService.java:start(184)) - HddsDatanodeService host:pr-hdds-1569-vp9xg-4248047660 ip:192.168.164.214
2019-10-14 10:16:58,063 [Datanode State Machine Thread - 0] INFO  datanode.InitDatanodeState (InitDatanodeState.java:persistContainerDatanodeDetails(140)) - DatanodeDetails is persisted to /workdir/hadoop-ozone/ozonefs/target/test-dir/MiniOzoneClusterImpl-c76d7c66-f44c-4dfc-a708-d16c084e1c14/datanode-4/meta/datanode.id
2019-10-14 10:16:58,067 [main] INFO  volume.HddsVolume (HddsVolume.java:<init>(176)) - Creating Volume: /workdir/hadoop-ozone/ozonefs/target/test-dir/MiniOzoneClusterImpl-c76d7c66-f44c-4dfc-a708-d16c084e1c14/datanode-5/data/containers/hdds of  storage type : DISK and capacity : 1482555576320
2019-10-14 10:16:58,067 [main] INFO  volume.VolumeSet (VolumeSet.java:initializeVolumeSet(170)) - Added Volume : /workdir/hadoop-ozone/ozonefs/target/test-dir/MiniOzoneClusterImpl-c76d7c66-f44c-4dfc-a708-d16c084e1c14/datanode-5/data/containers/hdds to VolumeSet
2019-10-14 10:16:58,067 [main] INFO  volume.ThrottledAsyncChecker (ThrottledAsyncChecker.java:schedule(139)) - Scheduling a check for org.apache.hadoop.ozone.container.common.volume.HddsVolume@3a1b36a1
2019-10-14 10:16:58,068 [main] INFO  volume.HddsVolumeChecker (HddsVolumeChecker.java:checkAllVolumes(202)) - Scheduled health check for volume org.apache.hadoop.ozone.container.common.volume.HddsVolume@3a1b36a1
2019-10-14 10:16:58,093 [main] INFO  impl.RaftServerProxy (ConfUtils.java:logGet(43)) - raft.rpc.type = GRPC (default)
2019-10-14 10:16:58,093 [main] INFO  grpc.GrpcFactory (GrpcFactory.java:checkPooledByteBufAllocatorUseCacheForAllThreads(45)) - PERFORMANCE WARNING: useCacheForAllThreads is true that may cause Netty to create a lot garbage objects and, as a result, trigger GC.
	It is recommended to disable useCacheForAllThreads by setting -Dorg.apache.ratis.thirdparty.io.netty.allocator.useCacheForAllThreads=false in command line.
2019-10-14 10:16:58,093 [main] INFO  grpc.GrpcConfigKeys$Server (ConfUtils.java:logGet(43)) - raft.grpc.server.port = 0 (default)
2019-10-14 10:16:58,093 [main] INFO  server.GrpcService (ConfUtils.java:logGet(43)) - raft.grpc.message.size.max = 33570816 (custom)
2019-10-14 10:16:58,093 [main] INFO  server.RaftServerConfigKeys (ConfUtils.java:logGet(43)) - raft.server.log.appender.buffer.byte-limit = 33554432 (custom)
2019-10-14 10:16:58,094 [main] INFO  server.GrpcService (ConfUtils.java:logGet(43)) - raft.grpc.flow.control.window = 1MB (=1048576) (default)
2019-10-14 10:16:58,094 [main] INFO  server.RaftServerConfigKeys (ConfUtils.java:logGet(43)) - raft.server.rpc.request.timeout = 3000ms (default)
2019-10-14 10:16:58,094 [main] INFO  server.RaftServerConfigKeys (ConfUtils.java:logGet(43)) - raft.server.storage.dir = [/workdir/hadoop-ozone/ozonefs/target/test-dir/MiniOzoneClusterImpl-c76d7c66-f44c-4dfc-a708-d16c084e1c14/datanode-5/data/ratis] (custom)
2019-10-14 10:16:58,095 [main] INFO  hdfs.DFSUtil (DFSUtil.java:httpServerTemplateForNNAndJN(1641)) - Starting Web-server for hddsDatanode at: http://0.0.0.0:0
2019-10-14 10:16:58,103 [main] INFO  server.AuthenticationFilter (AuthenticationFilter.java:constructSecretProvider(240)) - Unable to initialize FileSignerSecretProvider, falling back to use random secrets.
2019-10-14 10:16:58,103 [main] WARN  http.HttpRequestLog (HttpRequestLog.java:getRequestLog(97)) - Jetty request log can only be enabled using Log4j
2019-10-14 10:16:58,106 [main] INFO  http.HttpServer2 (HttpServer2.java:addGlobalFilter(975)) - Added global filter 'safety' (class=org.apache.hadoop.http.HttpServer2$QuotingInputFilter)
2019-10-14 10:16:58,106 [main] INFO  http.HttpServer2 (HttpServer2.java:addFilter(948)) - Added filter static_user_filter (class=org.apache.hadoop.http.lib.StaticUserWebFilter$StaticUserFilter) to context hddsDatanode
2019-10-14 10:16:58,106 [main] INFO  http.HttpServer2 (HttpServer2.java:addFilter(958)) - Added filter static_user_filter (class=org.apache.hadoop.http.lib.StaticUserWebFilter$StaticUserFilter) to context logs
2019-10-14 10:16:58,107 [main] INFO  http.HttpServer2 (HttpServer2.java:addFilter(958)) - Added filter static_user_filter (class=org.apache.hadoop.http.lib.StaticUserWebFilter$StaticUserFilter) to context static
2019-10-14 10:16:58,107 [main] INFO  http.HttpServer2 (HttpServer2.java:bindListener(1191)) - Jetty bound to port 36739
2019-10-14 10:16:58,107 [main] INFO  server.Server (Server.java:doStart(351)) - jetty-9.3.25.v20180904, build timestamp: 2018-09-04T21:11:46Z, git hash: 3ce520221d0240229c862b122d2b06c12a625732
2019-10-14 10:16:58,109 [main] INFO  handler.ContextHandler (ContextHandler.java:doStart(781)) - Started o.e.j.s.ServletContextHandler@28ee0a3c{/logs,file:///workdir/hadoop-ozone/ozonefs/target/log,AVAILABLE}
2019-10-14 10:16:58,109 [main] INFO  handler.ContextHandler (ContextHandler.java:doStart(781)) - Started o.e.j.s.ServletContextHandler@6b8d54da{/static,jar:file:/home/user/.m2/repository/org/apache/hadoop/hadoop-hdds-container-service/0.5.0-SNAPSHOT/hadoop-hdds-container-service-0.5.0-SNAPSHOT.jar!/webapps/static,AVAILABLE}
2019-10-14 10:16:58,147 [main] INFO  handler.ContextHandler (ContextHandler.java:doStart(781)) - Started o.e.j.w.WebAppContext@4fa86cb8{/,file:///tmp/jetty-0.0.0.0-36739-hddsDatanode-_-any-6770885509115257833.dir/webapp/,AVAILABLE}{/hddsDatanode}
2019-10-14 10:16:58,147 [main] INFO  server.AbstractConnector (AbstractConnector.java:doStart(278)) - Started ServerConnector@54c60202{HTTP/1.1,[http/1.1]}{0.0.0.0:36739}
2019-10-14 10:16:58,154 [main] INFO  server.Server (Server.java:doStart(419)) - Started @40830ms
2019-10-14 10:16:58,154 [main] WARN  impl.MetricsSystemImpl (MetricsSystemImpl.java:register(276)) - Sink prometheus already exists!
2019-10-14 10:16:58,155 [main] INFO  server.BaseHttpServer (BaseHttpServer.java:updateConnectorAddress(215)) - HTTP server of HDDSDATANODE is listening at http://0.0.0.0:36739
2019-10-14 10:16:58,155 [main] INFO  impl.MetricsSystemImpl (MetricsSystemImpl.java:init(158)) - HddsDatanode metrics system started (again)
2019-10-14 10:16:58,160 [org.apache.hadoop.util.JvmPauseMonitor$Monitor@3aed0fcd] INFO  util.JvmPauseMonitor (JvmPauseMonitor.java:run(188)) - Starting JVM pause monitor
2019-10-14 10:16:58,161 [main] INFO  ozone.HddsDatanodeService (HddsDatanodeService.java:start(184)) - HddsDatanodeService host:pr-hdds-1569-vp9xg-4248047660 ip:192.168.164.214
2019-10-14 10:16:58,162 [Datanode State Machine Thread - 0] INFO  datanode.InitDatanodeState (InitDatanodeState.java:persistContainerDatanodeDetails(140)) - DatanodeDetails is persisted to /workdir/hadoop-ozone/ozonefs/target/test-dir/MiniOzoneClusterImpl-c76d7c66-f44c-4dfc-a708-d16c084e1c14/datanode-5/meta/datanode.id
2019-10-14 10:16:58,169 [main] INFO  volume.HddsVolume (HddsVolume.java:<init>(176)) - Creating Volume: /workdir/hadoop-ozone/ozonefs/target/test-dir/MiniOzoneClusterImpl-c76d7c66-f44c-4dfc-a708-d16c084e1c14/datanode-6/data/containers/hdds of  storage type : DISK and capacity : 1482555576320
2019-10-14 10:16:58,169 [main] INFO  volume.VolumeSet (VolumeSet.java:initializeVolumeSet(170)) - Added Volume : /workdir/hadoop-ozone/ozonefs/target/test-dir/MiniOzoneClusterImpl-c76d7c66-f44c-4dfc-a708-d16c084e1c14/datanode-6/data/containers/hdds to VolumeSet
2019-10-14 10:16:58,169 [main] INFO  volume.ThrottledAsyncChecker (ThrottledAsyncChecker.java:schedule(139)) - Scheduling a check for org.apache.hadoop.ozone.container.common.volume.HddsVolume@2de9ca6
2019-10-14 10:16:58,170 [main] INFO  volume.HddsVolumeChecker (HddsVolumeChecker.java:checkAllVolumes(202)) - Scheduled health check for volume org.apache.hadoop.ozone.container.common.volume.HddsVolume@2de9ca6
2019-10-14 10:16:58,187 [main] INFO  impl.RaftServerProxy (ConfUtils.java:logGet(43)) - raft.rpc.type = GRPC (default)
2019-10-14 10:16:58,188 [main] INFO  grpc.GrpcFactory (GrpcFactory.java:checkPooledByteBufAllocatorUseCacheForAllThreads(45)) - PERFORMANCE WARNING: useCacheForAllThreads is true that may cause Netty to create a lot garbage objects and, as a result, trigger GC.
	It is recommended to disable useCacheForAllThreads by setting -Dorg.apache.ratis.thirdparty.io.netty.allocator.useCacheForAllThreads=false in command line.
2019-10-14 10:16:58,188 [main] INFO  grpc.GrpcConfigKeys$Server (ConfUtils.java:logGet(43)) - raft.grpc.server.port = 0 (default)
2019-10-14 10:16:58,188 [main] INFO  server.GrpcService (ConfUtils.java:logGet(43)) - raft.grpc.message.size.max = 33570816 (custom)
2019-10-14 10:16:58,188 [main] INFO  server.RaftServerConfigKeys (ConfUtils.java:logGet(43)) - raft.server.log.appender.buffer.byte-limit = 33554432 (custom)
2019-10-14 10:16:58,188 [main] INFO  server.GrpcService (ConfUtils.java:logGet(43)) - raft.grpc.flow.control.window = 1MB (=1048576) (default)
2019-10-14 10:16:58,188 [main] INFO  server.RaftServerConfigKeys (ConfUtils.java:logGet(43)) - raft.server.rpc.request.timeout = 3000ms (default)
2019-10-14 10:16:58,189 [main] INFO  server.RaftServerConfigKeys (ConfUtils.java:logGet(43)) - raft.server.storage.dir = [/workdir/hadoop-ozone/ozonefs/target/test-dir/MiniOzoneClusterImpl-c76d7c66-f44c-4dfc-a708-d16c084e1c14/datanode-6/data/ratis] (custom)
2019-10-14 10:16:58,190 [main] INFO  hdfs.DFSUtil (DFSUtil.java:httpServerTemplateForNNAndJN(1641)) - Starting Web-server for hddsDatanode at: http://0.0.0.0:0
2019-10-14 10:16:58,191 [main] INFO  server.AuthenticationFilter (AuthenticationFilter.java:constructSecretProvider(240)) - Unable to initialize FileSignerSecretProvider, falling back to use random secrets.
2019-10-14 10:16:58,192 [main] WARN  http.HttpRequestLog (HttpRequestLog.java:getRequestLog(97)) - Jetty request log can only be enabled using Log4j
2019-10-14 10:16:58,193 [main] INFO  http.HttpServer2 (HttpServer2.java:addGlobalFilter(975)) - Added global filter 'safety' (class=org.apache.hadoop.http.HttpServer2$QuotingInputFilter)
2019-10-14 10:16:58,194 [main] INFO  http.HttpServer2 (HttpServer2.java:addFilter(948)) - Added filter static_user_filter (class=org.apache.hadoop.http.lib.StaticUserWebFilter$StaticUserFilter) to context hddsDatanode
2019-10-14 10:16:58,194 [main] INFO  http.HttpServer2 (HttpServer2.java:addFilter(958)) - Added filter static_user_filter (class=org.apache.hadoop.http.lib.StaticUserWebFilter$StaticUserFilter) to context static
2019-10-14 10:16:58,194 [main] INFO  http.HttpServer2 (HttpServer2.java:addFilter(958)) - Added filter static_user_filter (class=org.apache.hadoop.http.lib.StaticUserWebFilter$StaticUserFilter) to context logs
2019-10-14 10:16:58,195 [main] INFO  http.HttpServer2 (HttpServer2.java:bindListener(1191)) - Jetty bound to port 43071
2019-10-14 10:16:58,195 [main] INFO  server.Server (Server.java:doStart(351)) - jetty-9.3.25.v20180904, build timestamp: 2018-09-04T21:11:46Z, git hash: 3ce520221d0240229c862b122d2b06c12a625732
2019-10-14 10:16:58,197 [main] INFO  handler.ContextHandler (ContextHandler.java:doStart(781)) - Started o.e.j.s.ServletContextHandler@5fffb692{/logs,file:///workdir/hadoop-ozone/ozonefs/target/log,AVAILABLE}
2019-10-14 10:16:58,197 [main] INFO  handler.ContextHandler (ContextHandler.java:doStart(781)) - Started o.e.j.s.ServletContextHandler@243bf087{/static,jar:file:/home/user/.m2/repository/org/apache/hadoop/hadoop-hdds-container-service/0.5.0-SNAPSHOT/hadoop-hdds-container-service-0.5.0-SNAPSHOT.jar!/webapps/static,AVAILABLE}
2019-10-14 10:16:58,221 [main] INFO  handler.ContextHandler (ContextHandler.java:doStart(781)) - Started o.e.j.w.WebAppContext@57fdb8a4{/,file:///tmp/jetty-0.0.0.0-43071-hddsDatanode-_-any-625923666283041287.dir/webapp/,AVAILABLE}{/hddsDatanode}
2019-10-14 10:16:58,221 [main] INFO  server.AbstractConnector (AbstractConnector.java:doStart(278)) - Started ServerConnector@17222c11{HTTP/1.1,[http/1.1]}{0.0.0.0:43071}
2019-10-14 10:16:58,223 [main] INFO  server.Server (Server.java:doStart(419)) - Started @40900ms
2019-10-14 10:16:58,224 [main] WARN  impl.MetricsSystemImpl (MetricsSystemImpl.java:register(276)) - Sink prometheus already exists!
2019-10-14 10:16:58,224 [main] INFO  server.BaseHttpServer (BaseHttpServer.java:updateConnectorAddress(215)) - HTTP server of HDDSDATANODE is listening at http://0.0.0.0:43071
2019-10-14 10:16:58,224 [main] INFO  ozone.MiniOzoneClusterImpl (MiniOzoneClusterImpl.java:lambda$waitForClusterToBeReady$0(147)) - Waiting for cluster to be ready. Got 0 of 7 DN Heartbeats.
2019-10-14 10:16:58,226 [org.apache.hadoop.util.JvmPauseMonitor$Monitor@7766681c] INFO  util.JvmPauseMonitor (JvmPauseMonitor.java:run(188)) - Starting JVM pause monitor
2019-10-14 10:16:58,228 [Datanode State Machine Thread - 0] INFO  datanode.InitDatanodeState (InitDatanodeState.java:persistContainerDatanodeDetails(140)) - DatanodeDetails is persisted to /workdir/hadoop-ozone/ozonefs/target/test-dir/MiniOzoneClusterImpl-c76d7c66-f44c-4dfc-a708-d16c084e1c14/datanode-6/meta/datanode.id
2019-10-14 10:16:59,226 [main] INFO  ozone.MiniOzoneClusterImpl (MiniOzoneClusterImpl.java:lambda$waitForClusterToBeReady$0(147)) - Waiting for cluster to be ready. Got 0 of 7 DN Heartbeats.
2019-10-14 10:16:59,750 [Datanode State Machine Thread - 0] INFO  ozoneimpl.OzoneContainer (OzoneContainer.java:start(217)) - Attempting to start container services.
2019-10-14 10:16:59,750 [Datanode State Machine Thread - 0] INFO  ozoneimpl.OzoneContainer (OzoneContainer.java:startContainerScrub(179)) - Background container scanner has been disabled.
2019-10-14 10:16:59,751 [Datanode State Machine Thread - 0] INFO  ratis.XceiverServerRatis (XceiverServerRatis.java:start(411)) - Starting XceiverServerRatis 685ecb0d-c002-4fd0-97ff-08a2904709e1 at port 0
2019-10-14 10:16:59,758 [Datanode State Machine Thread - 0] INFO  impl.RaftServerProxy (RaftServerProxy.java:lambda$start$3(299)) - 685ecb0d-c002-4fd0-97ff-08a2904709e1: start RPC server
2019-10-14 10:16:59,760 [Datanode State Machine Thread - 0] INFO  server.GrpcService (GrpcService.java:startImpl(158)) - 685ecb0d-c002-4fd0-97ff-08a2904709e1: GrpcService started, listening on 0.0.0.0/0.0.0.0:33521
2019-10-14 10:16:59,760 [Datanode State Machine Thread - 0] INFO  ratis.XceiverServerRatis (XceiverServerRatis.java:start(421)) - XceiverServerRatis 685ecb0d-c002-4fd0-97ff-08a2904709e1 is started using port 33521
2019-10-14 10:16:59,760 [Datanode State Machine Thread - 0] INFO  server.XceiverServerGrpc (XceiverServerGrpc.java:start(149)) - XceiverServerGrpc 685ecb0d-c002-4fd0-97ff-08a2904709e1 is started using port 35629
2019-10-14 10:16:59,861 [Datanode State Machine Thread - 0] INFO  ozoneimpl.OzoneContainer (OzoneContainer.java:start(217)) - Attempting to start container services.
2019-10-14 10:16:59,862 [Datanode State Machine Thread - 0] INFO  ozoneimpl.OzoneContainer (OzoneContainer.java:startContainerScrub(179)) - Background container scanner has been disabled.
2019-10-14 10:16:59,862 [Datanode State Machine Thread - 0] INFO  ratis.XceiverServerRatis (XceiverServerRatis.java:start(411)) - Starting XceiverServerRatis ed765d8e-a27d-48e4-9ba5-d88693db9886 at port 0
2019-10-14 10:16:59,870 [Datanode State Machine Thread - 0] INFO  impl.RaftServerProxy (RaftServerProxy.java:lambda$start$3(299)) - ed765d8e-a27d-48e4-9ba5-d88693db9886: start RPC server
2019-10-14 10:16:59,871 [Datanode State Machine Thread - 0] INFO  server.GrpcService (GrpcService.java:startImpl(158)) - ed765d8e-a27d-48e4-9ba5-d88693db9886: GrpcService started, listening on 0.0.0.0/0.0.0.0:44001
2019-10-14 10:16:59,871 [Datanode State Machine Thread - 0] INFO  ratis.XceiverServerRatis (XceiverServerRatis.java:start(421)) - XceiverServerRatis ed765d8e-a27d-48e4-9ba5-d88693db9886 is started using port 44001
2019-10-14 10:16:59,872 [Datanode State Machine Thread - 0] INFO  server.XceiverServerGrpc (XceiverServerGrpc.java:start(149)) - XceiverServerGrpc ed765d8e-a27d-48e4-9ba5-d88693db9886 is started using port 36742
2019-10-14 10:16:59,948 [Datanode State Machine Thread - 0] INFO  ozoneimpl.OzoneContainer (OzoneContainer.java:start(217)) - Attempting to start container services.
2019-10-14 10:16:59,949 [Datanode State Machine Thread - 0] INFO  ozoneimpl.OzoneContainer (OzoneContainer.java:startContainerScrub(179)) - Background container scanner has been disabled.
2019-10-14 10:16:59,949 [Datanode State Machine Thread - 0] INFO  ratis.XceiverServerRatis (XceiverServerRatis.java:start(411)) - Starting XceiverServerRatis 9e658c07-1fa4-4268-bcc4-d82f6334c8fc at port 0
2019-10-14 10:16:59,956 [Datanode State Machine Thread - 0] INFO  impl.RaftServerProxy (RaftServerProxy.java:lambda$start$3(299)) - 9e658c07-1fa4-4268-bcc4-d82f6334c8fc: start RPC server
2019-10-14 10:16:59,957 [Datanode State Machine Thread - 0] INFO  server.GrpcService (GrpcService.java:startImpl(158)) - 9e658c07-1fa4-4268-bcc4-d82f6334c8fc: GrpcService started, listening on 0.0.0.0/0.0.0.0:44135
2019-10-14 10:16:59,957 [Datanode State Machine Thread - 0] INFO  ratis.XceiverServerRatis (XceiverServerRatis.java:start(421)) - XceiverServerRatis 9e658c07-1fa4-4268-bcc4-d82f6334c8fc is started using port 44135
2019-10-14 10:16:59,958 [Datanode State Machine Thread - 0] INFO  server.XceiverServerGrpc (XceiverServerGrpc.java:start(149)) - XceiverServerGrpc 9e658c07-1fa4-4268-bcc4-d82f6334c8fc is started using port 37237
2019-10-14 10:17:00,016 [Datanode State Machine Thread - 0] INFO  ozoneimpl.OzoneContainer (OzoneContainer.java:start(217)) - Attempting to start container services.
2019-10-14 10:17:00,017 [Datanode State Machine Thread - 0] INFO  ozoneimpl.OzoneContainer (OzoneContainer.java:startContainerScrub(179)) - Background container scanner has been disabled.
2019-10-14 10:17:00,017 [Datanode State Machine Thread - 0] INFO  ratis.XceiverServerRatis (XceiverServerRatis.java:start(411)) - Starting XceiverServerRatis b253433b-9336-40b9-b5cf-1baec0039647 at port 0
2019-10-14 10:17:00,025 [Datanode State Machine Thread - 0] INFO  impl.RaftServerProxy (RaftServerProxy.java:lambda$start$3(299)) - b253433b-9336-40b9-b5cf-1baec0039647: start RPC server
2019-10-14 10:17:00,026 [Datanode State Machine Thread - 0] INFO  server.GrpcService (GrpcService.java:startImpl(158)) - b253433b-9336-40b9-b5cf-1baec0039647: GrpcService started, listening on 0.0.0.0/0.0.0.0:34997
2019-10-14 10:17:00,026 [Datanode State Machine Thread - 0] INFO  ratis.XceiverServerRatis (XceiverServerRatis.java:start(421)) - XceiverServerRatis b253433b-9336-40b9-b5cf-1baec0039647 is started using port 34997
2019-10-14 10:17:00,026 [Datanode State Machine Thread - 0] INFO  server.XceiverServerGrpc (XceiverServerGrpc.java:start(149)) - XceiverServerGrpc b253433b-9336-40b9-b5cf-1baec0039647 is started using port 39434
2019-10-14 10:17:00,085 [Datanode State Machine Thread - 0] INFO  ozoneimpl.OzoneContainer (OzoneContainer.java:start(217)) - Attempting to start container services.
2019-10-14 10:17:00,086 [Datanode State Machine Thread - 0] INFO  ozoneimpl.OzoneContainer (OzoneContainer.java:startContainerScrub(179)) - Background container scanner has been disabled.
2019-10-14 10:17:00,086 [Datanode State Machine Thread - 0] INFO  ratis.XceiverServerRatis (XceiverServerRatis.java:start(411)) - Starting XceiverServerRatis 36847f54-85ee-4d0b-96a5-61a90c070d38 at port 0
2019-10-14 10:17:00,095 [Datanode State Machine Thread - 0] INFO  impl.RaftServerProxy (RaftServerProxy.java:lambda$start$3(299)) - 36847f54-85ee-4d0b-96a5-61a90c070d38: start RPC server
2019-10-14 10:17:00,096 [Datanode State Machine Thread - 0] INFO  server.GrpcService (GrpcService.java:startImpl(158)) - 36847f54-85ee-4d0b-96a5-61a90c070d38: GrpcService started, listening on 0.0.0.0/0.0.0.0:45241
2019-10-14 10:17:00,096 [Datanode State Machine Thread - 0] INFO  ratis.XceiverServerRatis (XceiverServerRatis.java:start(421)) - XceiverServerRatis 36847f54-85ee-4d0b-96a5-61a90c070d38 is started using port 45241
2019-10-14 10:17:00,097 [Datanode State Machine Thread - 0] INFO  server.XceiverServerGrpc (XceiverServerGrpc.java:start(149)) - XceiverServerGrpc 36847f54-85ee-4d0b-96a5-61a90c070d38 is started using port 36830
2019-10-14 10:17:00,185 [Datanode State Machine Thread - 0] INFO  ozoneimpl.OzoneContainer (OzoneContainer.java:start(217)) - Attempting to start container services.
2019-10-14 10:17:00,185 [Datanode State Machine Thread - 0] INFO  ozoneimpl.OzoneContainer (OzoneContainer.java:startContainerScrub(179)) - Background container scanner has been disabled.
2019-10-14 10:17:00,185 [Datanode State Machine Thread - 0] INFO  ratis.XceiverServerRatis (XceiverServerRatis.java:start(411)) - Starting XceiverServerRatis b45a675e-aeff-4ba4-9b40-8f6156737b33 at port 0
2019-10-14 10:17:00,193 [Datanode State Machine Thread - 0] INFO  impl.RaftServerProxy (RaftServerProxy.java:lambda$start$3(299)) - b45a675e-aeff-4ba4-9b40-8f6156737b33: start RPC server
2019-10-14 10:17:00,195 [Datanode State Machine Thread - 0] INFO  server.GrpcService (GrpcService.java:startImpl(158)) - b45a675e-aeff-4ba4-9b40-8f6156737b33: GrpcService started, listening on 0.0.0.0/0.0.0.0:45207
2019-10-14 10:17:00,195 [Datanode State Machine Thread - 0] INFO  ratis.XceiverServerRatis (XceiverServerRatis.java:start(421)) - XceiverServerRatis b45a675e-aeff-4ba4-9b40-8f6156737b33 is started using port 45207
2019-10-14 10:17:00,198 [Datanode State Machine Thread - 0] INFO  server.XceiverServerGrpc (XceiverServerGrpc.java:start(149)) - XceiverServerGrpc b45a675e-aeff-4ba4-9b40-8f6156737b33 is started using port 45232
2019-10-14 10:17:00,226 [main] INFO  ozone.MiniOzoneClusterImpl (MiniOzoneClusterImpl.java:lambda$waitForClusterToBeReady$0(147)) - Waiting for cluster to be ready. Got 0 of 7 DN Heartbeats.
2019-10-14 10:17:00,251 [Datanode State Machine Thread - 0] INFO  ozoneimpl.OzoneContainer (OzoneContainer.java:start(217)) - Attempting to start container services.
2019-10-14 10:17:00,252 [Datanode State Machine Thread - 0] INFO  ozoneimpl.OzoneContainer (OzoneContainer.java:startContainerScrub(179)) - Background container scanner has been disabled.
2019-10-14 10:17:00,252 [Datanode State Machine Thread - 0] INFO  ratis.XceiverServerRatis (XceiverServerRatis.java:start(411)) - Starting XceiverServerRatis ade9b509-d1ed-4779-a19c-4ed96427ff05 at port 0
2019-10-14 10:17:00,261 [Datanode State Machine Thread - 0] INFO  impl.RaftServerProxy (RaftServerProxy.java:lambda$start$3(299)) - ade9b509-d1ed-4779-a19c-4ed96427ff05: start RPC server
2019-10-14 10:17:00,265 [Datanode State Machine Thread - 0] INFO  server.GrpcService (GrpcService.java:startImpl(158)) - ade9b509-d1ed-4779-a19c-4ed96427ff05: GrpcService started, listening on 0.0.0.0/0.0.0.0:46824
2019-10-14 10:17:00,266 [Datanode State Machine Thread - 0] INFO  ratis.XceiverServerRatis (XceiverServerRatis.java:start(421)) - XceiverServerRatis ade9b509-d1ed-4779-a19c-4ed96427ff05 is started using port 46824
2019-10-14 10:17:00,277 [Datanode State Machine Thread - 0] INFO  server.XceiverServerGrpc (XceiverServerGrpc.java:start(149)) - XceiverServerGrpc ade9b509-d1ed-4779-a19c-4ed96427ff05 is started using port 36136
2019-10-14 10:17:01,227 [main] INFO  ozone.MiniOzoneClusterImpl (MiniOzoneClusterImpl.java:lambda$waitForClusterToBeReady$0(147)) - Waiting for cluster to be ready. Got 0 of 7 DN Heartbeats.
2019-10-14 10:17:01,726 [IPC Server handler 1 on 41414] INFO  net.NetworkTopology (NetworkTopologyImpl.java:add(111)) - Added a new node: /default-rack/685ecb0d-c002-4fd0-97ff-08a2904709e1
2019-10-14 10:17:01,729 [IPC Server handler 1 on 41414] INFO  node.SCMNodeManager (SCMNodeManager.java:register(266)) - Registered Data node : 685ecb0d-c002-4fd0-97ff-08a2904709e1{ip: 192.168.164.214, host: pr-hdds-1569-vp9xg-4248047660, networkLocation: /default-rack, certSerialId: null}
2019-10-14 10:17:01,730 [EventQueue-NodeRegistrationContainerReportForDataNodeSafeModeRule] INFO  safemode.SCMSafeModeManager (DataNodeSafeModeRule.java:process(71)) - SCM in safe mode. 1 DataNodes registered, 1 required.
2019-10-14 10:17:01,734 [EventQueue-NodeRegistrationContainerReportForContainerSafeModeRule] INFO  safemode.SCMSafeModeManager (SCMSafeModeManager.java:validateSafeModeExitRules(177)) - ScmSafeModeManager, all rules are successfully validated
2019-10-14 10:17:01,734 [EventQueue-NodeRegistrationContainerReportForContainerSafeModeRule] INFO  safemode.SCMSafeModeManager (SCMSafeModeManager.java:exitSafeMode(193)) - SCM exiting safe mode.
2019-10-14 10:17:01,749 [grpc-default-executor-0] INFO  impl.RaftServerProxy (RaftServerProxy.java:addNew(89)) - 685ecb0d-c002-4fd0-97ff-08a2904709e1: addNew group-89FB22DD773F:[685ecb0d-c002-4fd0-97ff-08a2904709e1:192.168.164.214:33521] returns group-89FB22DD773F:java.util.concurrent.CompletableFuture@4146e8c[Not completed]
2019-10-14 10:17:01,751 [pool-190-thread-1] INFO  impl.RaftServerImpl (RaftServerImpl.java:<init>(95)) - 685ecb0d-c002-4fd0-97ff-08a2904709e1: new RaftServerImpl for group-89FB22DD773F:[685ecb0d-c002-4fd0-97ff-08a2904709e1:192.168.164.214:33521] with ContainerStateMachine:uninitialized
2019-10-14 10:17:01,752 [pool-190-thread-1] INFO  server.RaftServerConfigKeys (ConfUtils.java:logGet(43)) - raft.server.rpc.timeout.min = 5s (custom)
2019-10-14 10:17:01,752 [pool-190-thread-1] INFO  server.RaftServerConfigKeys (ConfUtils.java:logGet(43)) - raft.server.rpc.timeout.max = 5200ms (custom)
2019-10-14 10:17:01,752 [pool-190-thread-1] INFO  server.RaftServerConfigKeys (ConfUtils.java:logGet(43)) - raft.server.rpcslowness.timeout = 120s (custom)
2019-10-14 10:17:01,752 [pool-190-thread-1] INFO  server.RaftServerConfigKeys (ConfUtils.java:logGet(43)) - raft.server.sleep.deviation.threshold = 300 (default)
2019-10-14 10:17:01,752 [pool-190-thread-1] INFO  server.RaftServerConfigKeys (ConfUtils.java:logGet(43)) - raft.server.log.appender.install.snapshot.enabled = false (custom)
2019-10-14 10:17:01,753 [pool-190-thread-1] INFO  impl.RaftServerImpl (ServerState.java:<init>(103)) - 685ecb0d-c002-4fd0-97ff-08a2904709e1@group-89FB22DD773F: ConfigurationManager, init=-1: [685ecb0d-c002-4fd0-97ff-08a2904709e1:192.168.164.214:33521], old=null, confs=<EMPTY_MAP>
2019-10-14 10:17:01,753 [pool-190-thread-1] INFO  server.RaftServerConfigKeys (ConfUtils.java:logGet(43)) - raft.server.storage.dir = [/workdir/hadoop-ozone/ozonefs/target/test-dir/MiniOzoneClusterImpl-c76d7c66-f44c-4dfc-a708-d16c084e1c14/datanode-0/data/ratis] (custom)
2019-10-14 10:17:01,753 [pool-190-thread-1] INFO  storage.RaftStorageDirectory (RaftStorageDirectory.java:analyzeStorage(246)) - The storage directory /workdir/hadoop-ozone/ozonefs/target/test-dir/MiniOzoneClusterImpl-c76d7c66-f44c-4dfc-a708-d16c084e1c14/datanode-0/data/ratis/55d8b02a-fa0d-431f-8500-89fb22dd773f does not exist. Creating ...
2019-10-14 10:17:01,780 [pool-190-thread-1] INFO  storage.RaftStorageDirectory (RaftStorageDirectory.java:tryLock(328)) - Lock on /workdir/hadoop-ozone/ozonefs/target/test-dir/MiniOzoneClusterImpl-c76d7c66-f44c-4dfc-a708-d16c084e1c14/datanode-0/data/ratis/55d8b02a-fa0d-431f-8500-89fb22dd773f/in_use.lock acquired by nodename 4738@pr-hdds-1569-vp9xg-4248047660
2019-10-14 10:17:01,805 [pool-190-thread-1] INFO  storage.RaftStorage (RaftStorage.java:format(72)) - Storage directory /workdir/hadoop-ozone/ozonefs/target/test-dir/MiniOzoneClusterImpl-c76d7c66-f44c-4dfc-a708-d16c084e1c14/datanode-0/data/ratis/55d8b02a-fa0d-431f-8500-89fb22dd773f has been successfully formatted.
2019-10-14 10:17:01,805 [pool-190-thread-1] INFO  ratis.ContainerStateMachine (ContainerStateMachine.java:loadSnapshot(230)) - group-89FB22DD773F: The snapshot info is null. Setting the last applied indexto:(t:0, i:~)
2019-10-14 10:17:01,806 [pool-190-thread-1] INFO  server.RaftServerConfigKeys (ConfUtils.java:logGet(43)) - raft.server.notification.no-leader.timeout = 120s (custom)
2019-10-14 10:17:01,806 [pool-190-thread-1] INFO  server.RaftServerConfigKeys (ConfUtils.java:logGet(43)) - raft.server.log.use.memory = false (default)
2019-10-14 10:17:01,806 [pool-190-thread-1] INFO  server.RaftServerConfigKeys (ConfUtils.java:logGet(43)) - raft.server.log.purge.gap = 1000000 (custom)
2019-10-14 10:17:01,806 [pool-190-thread-1] INFO  server.RaftServerConfigKeys (ConfUtils.java:logGet(43)) - raft.server.log.appender.buffer.byte-limit = 33554432 (custom)
2019-10-14 10:17:01,807 [pool-190-thread-1] INFO  server.RaftServerConfigKeys (ConfUtils.java:logGet(43)) - raft.server.log.segment.size.max = 1048576 (custom)
2019-10-14 10:17:01,807 [pool-190-thread-1] INFO  server.RaftServerConfigKeys (ConfUtils.java:logGet(43)) - raft.server.log.segment.cache.num.max = 2 (custom)
2019-10-14 10:17:01,807 [pool-190-thread-1] INFO  segmented.SegmentedRaftLogWorker (SegmentedRaftLogWorker.java:<init>(172)) - new 685ecb0d-c002-4fd0-97ff-08a2904709e1@group-89FB22DD773F-SegmentedRaftLogWorker for RaftStorage:Storage Directory /workdir/hadoop-ozone/ozonefs/target/test-dir/MiniOzoneClusterImpl-c76d7c66-f44c-4dfc-a708-d16c084e1c14/datanode-0/data/ratis/55d8b02a-fa0d-431f-8500-89fb22dd773f
2019-10-14 10:17:01,812 [pool-190-thread-1] INFO  server.RaftServerConfigKeys (ConfUtils.java:logGet(43)) - raft.server.log.queue.byte-limit = 2147483647 (custom)
2019-10-14 10:17:01,812 [pool-190-thread-1] INFO  server.RaftServerConfigKeys (ConfUtils.java:logGet(43)) - raft.server.log.queue.element-limit = 1024 (custom)
2019-10-14 10:17:01,812 [pool-190-thread-1] INFO  server.RaftServerConfigKeys (ConfUtils.java:logGet(43)) - raft.server.log.segment.size.max = 1048576 (custom)
2019-10-14 10:17:01,812 [pool-190-thread-1] INFO  server.RaftServerConfigKeys (ConfUtils.java:logGet(43)) - raft.server.log.preallocated.size = 16384 (custom)
2019-10-14 10:17:01,813 [pool-190-thread-1] INFO  server.RaftServerConfigKeys (ConfUtils.java:logGet(43)) - raft.server.log.write.buffer.size = 33554432 (custom)
2019-10-14 10:17:01,813 [pool-190-thread-1] INFO  server.RaftServerConfigKeys (ConfUtils.java:logGet(43)) - raft.server.log.force.sync.num = 128 (default)
2019-10-14 10:17:01,813 [pool-190-thread-1] INFO  server.RaftServerConfigKeys (ConfUtils.java:logGet(43)) - raft.server.log.statemachine.data.sync = true (default)
2019-10-14 10:17:01,813 [pool-190-thread-1] INFO  server.RaftServerConfigKeys (ConfUtils.java:logGet(43)) - raft.server.log.statemachine.data.sync.timeout = 10s (default)
2019-10-14 10:17:01,813 [pool-190-thread-1] INFO  server.RaftServerConfigKeys (ConfUtils.java:logGet(43)) - raft.server.log.statemachine.data.sync.timeout.retry = -1 (default)
2019-10-14 10:17:01,814 [pool-190-thread-1] INFO  server.RaftServerConfigKeys (ConfUtils.java:logGet(43)) - raft.server.log.statemachine.data.caching.enabled = true (custom)
2019-10-14 10:17:01,814 [pool-190-thread-1] INFO  segmented.SegmentedRaftLogWorker (SegmentedRaftLogWorker.java:lambda$new$0(132)) - 685ecb0d-c002-4fd0-97ff-08a2904709e1@group-89FB22DD773F-SegmentedRaftLogWorker: flushIndex: setUnconditionally 0 -> -1
2019-10-14 10:17:01,815 [pool-190-thread-1] INFO  server.RaftServerConfigKeys (ConfUtils.java:logGet(43)) - raft.server.snapshot.auto.trigger.enabled = true (custom)
2019-10-14 10:17:01,815 [pool-190-thread-1] INFO  server.RaftServerConfigKeys (ConfUtils.java:logGet(43)) - raft.server.snapshot.auto.trigger.threshold = 10000 (custom)
2019-10-14 10:17:01,815 [pool-190-thread-1] INFO  server.RaftServerConfigKeys (ConfUtils.java:logGet(43)) - raft.server.snapshot.retention.num.files = 5 (custom)
2019-10-14 10:17:01,815 [pool-190-thread-1] INFO  server.RaftServerConfigKeys (ConfUtils.java:logGet(43)) - raft.server.retrycache.expirytime = 600000ms (custom)
2019-10-14 10:17:01,819 [pool-190-thread-1] INFO  impl.RaftServerImpl (RaftServerImpl.java:start(185)) - 685ecb0d-c002-4fd0-97ff-08a2904709e1@group-89FB22DD773F: start as a follower, conf=-1: [685ecb0d-c002-4fd0-97ff-08a2904709e1:192.168.164.214:33521], old=null
2019-10-14 10:17:01,819 [pool-190-thread-1] INFO  impl.RaftServerImpl (RaftServerImpl.java:setRole(174)) - 685ecb0d-c002-4fd0-97ff-08a2904709e1@group-89FB22DD773F: changes role from      null to FOLLOWER at term 0 for startAsFollower
2019-10-14 10:17:01,820 [pool-190-thread-1] INFO  impl.RoleInfo (RoleInfo.java:updateAndGet(143)) - 685ecb0d-c002-4fd0-97ff-08a2904709e1: start FollowerState
2019-10-14 10:17:01,820 [pool-190-thread-1] INFO  util.JmxRegister (JmxRegister.java:tryRegister(44)) - Successfully registered JMX Bean with object name Ratis:service=RaftServer,group=group-89FB22DD773F,id=685ecb0d-c002-4fd0-97ff-08a2904709e1
2019-10-14 10:17:01,827 [RatisPipelineUtilsThread] INFO  pipeline.PipelineStateManager (PipelineStateManager.java:addPipeline(56)) - Created pipeline Pipeline[ Id: 55d8b02a-fa0d-431f-8500-89fb22dd773f, Nodes: 685ecb0d-c002-4fd0-97ff-08a2904709e1{ip: 192.168.164.214, host: pr-hdds-1569-vp9xg-4248047660, networkLocation: /default-rack, certSerialId: null}, Type:RATIS, Factor:ONE, State:OPEN]
2019-10-14 10:17:01,828 [RatisPipelineUtilsThread] ERROR pipeline.SCMPipelineManager (SCMPipelineManager.java:createPipeline(193)) - Pipeline creation failed.
org.apache.hadoop.hdds.scm.exceptions.SCMException: Cannot create pipeline of factor 1 using 0 nodes. Used 1 nodes. Healthy nodes 1
	at org.apache.hadoop.hdds.scm.pipeline.RatisPipelineProvider.pickNodesNeverUsed(RatisPipelineProvider.java:116)
	at org.apache.hadoop.hdds.scm.pipeline.RatisPipelineProvider.create(RatisPipelineProvider.java:128)
	at org.apache.hadoop.hdds.scm.pipeline.PipelineFactory.create(PipelineFactory.java:58)
	at org.apache.hadoop.hdds.scm.pipeline.SCMPipelineManager.createPipeline(SCMPipelineManager.java:183)
	at org.apache.hadoop.hdds.scm.pipeline.BackgroundPipelineCreator.createPipelines(BackgroundPipelineCreator.java:100)
	at java.util.concurrent.Executors$RunnableAdapter.call(Executors.java:511)
	at java.util.concurrent.FutureTask.run(FutureTask.java:266)
	at java.util.concurrent.ScheduledThreadPoolExecutor$ScheduledFutureTask.access$201(ScheduledThreadPoolExecutor.java:180)
	at java.util.concurrent.ScheduledThreadPoolExecutor$ScheduledFutureTask.run(ScheduledThreadPoolExecutor.java:293)
	at java.util.concurrent.ThreadPoolExecutor.runWorker(ThreadPoolExecutor.java:1149)
	at java.util.concurrent.ThreadPoolExecutor$Worker.run(ThreadPoolExecutor.java:624)
	at java.lang.Thread.run(Thread.java:748)
2019-10-14 10:17:01,828 [RatisPipelineUtilsThread] ERROR pipeline.PipelinePlacementPolicy (PipelinePlacementPolicy.java:filterViableNodes(144)) - Not enough healthy nodes to allocate pipeline. 3  datanodes required. Found 1
2019-10-14 10:17:01,828 [RatisPipelineUtilsThread] ERROR pipeline.SCMPipelineManager (SCMPipelineManager.java:createPipeline(193)) - Pipeline creation failed.
org.apache.hadoop.hdds.scm.exceptions.SCMException: Not enough healthy nodes to allocate pipeline. 3  datanodes required. Found 1
	at org.apache.hadoop.hdds.scm.pipeline.PipelinePlacementPolicy.filterViableNodes(PipelinePlacementPolicy.java:145)
	at org.apache.hadoop.hdds.scm.pipeline.PipelinePlacementPolicy.chooseDatanodes(PipelinePlacementPolicy.java:186)
	at org.apache.hadoop.hdds.scm.pipeline.RatisPipelineProvider.create(RatisPipelineProvider.java:131)
	at org.apache.hadoop.hdds.scm.pipeline.PipelineFactory.create(PipelineFactory.java:58)
	at org.apache.hadoop.hdds.scm.pipeline.SCMPipelineManager.createPipeline(SCMPipelineManager.java:183)
	at org.apache.hadoop.hdds.scm.pipeline.BackgroundPipelineCreator.createPipelines(BackgroundPipelineCreator.java:100)
	at java.util.concurrent.Executors$RunnableAdapter.call(Executors.java:511)
	at java.util.concurrent.FutureTask.run(FutureTask.java:266)
	at java.util.concurrent.ScheduledThreadPoolExecutor$ScheduledFutureTask.access$201(ScheduledThreadPoolExecutor.java:180)
	at java.util.concurrent.ScheduledThreadPoolExecutor$ScheduledFutureTask.run(ScheduledThreadPoolExecutor.java:293)
	at java.util.concurrent.ThreadPoolExecutor.runWorker(ThreadPoolExecutor.java:1149)
	at java.util.concurrent.ThreadPoolExecutor$Worker.run(ThreadPoolExecutor.java:624)
	at java.lang.Thread.run(Thread.java:748)
2019-10-14 10:17:01,829 [RatisPipelineUtilsThread] ERROR pipeline.SCMPipelineManager (SCMPipelineManager.java:createPipeline(193)) - Pipeline creation failed.
org.apache.hadoop.hdds.scm.exceptions.SCMException: Cannot create pipeline of factor 1 using 0 nodes. Used 1 nodes. Healthy nodes 1
	at org.apache.hadoop.hdds.scm.pipeline.RatisPipelineProvider.pickNodesNeverUsed(RatisPipelineProvider.java:116)
	at org.apache.hadoop.hdds.scm.pipeline.RatisPipelineProvider.create(RatisPipelineProvider.java:128)
	at org.apache.hadoop.hdds.scm.pipeline.PipelineFactory.create(PipelineFactory.java:58)
	at org.apache.hadoop.hdds.scm.pipeline.SCMPipelineManager.createPipeline(SCMPipelineManager.java:183)
	at org.apache.hadoop.hdds.scm.pipeline.BackgroundPipelineCreator.createPipelines(BackgroundPipelineCreator.java:100)
	at org.apache.hadoop.hdds.scm.pipeline.BackgroundPipelineCreator.lambda$startFixedIntervalPipelineCreator$0(BackgroundPipelineCreator.java:70)
	at java.util.concurrent.Executors$RunnableAdapter.call(Executors.java:511)
	at java.util.concurrent.FutureTask.runAndReset(FutureTask.java:308)
	at java.util.concurrent.ScheduledThreadPoolExecutor$ScheduledFutureTask.access$301(ScheduledThreadPoolExecutor.java:180)
	at java.util.concurrent.ScheduledThreadPoolExecutor$ScheduledFutureTask.run(ScheduledThreadPoolExecutor.java:294)
	at java.util.concurrent.ThreadPoolExecutor.runWorker(ThreadPoolExecutor.java:1149)
	at java.util.concurrent.ThreadPoolExecutor$Worker.run(ThreadPoolExecutor.java:624)
	at java.lang.Thread.run(Thread.java:748)
2019-10-14 10:17:01,830 [RatisPipelineUtilsThread] ERROR pipeline.PipelinePlacementPolicy (PipelinePlacementPolicy.java:filterViableNodes(144)) - Not enough healthy nodes to allocate pipeline. 3  datanodes required. Found 1
2019-10-14 10:17:01,830 [RatisPipelineUtilsThread] ERROR pipeline.SCMPipelineManager (SCMPipelineManager.java:createPipeline(193)) - Pipeline creation failed.
org.apache.hadoop.hdds.scm.exceptions.SCMException: Not enough healthy nodes to allocate pipeline. 3  datanodes required. Found 1
	at org.apache.hadoop.hdds.scm.pipeline.PipelinePlacementPolicy.filterViableNodes(PipelinePlacementPolicy.java:145)
	at org.apache.hadoop.hdds.scm.pipeline.PipelinePlacementPolicy.chooseDatanodes(PipelinePlacementPolicy.java:186)
	at org.apache.hadoop.hdds.scm.pipeline.RatisPipelineProvider.create(RatisPipelineProvider.java:131)
	at org.apache.hadoop.hdds.scm.pipeline.PipelineFactory.create(PipelineFactory.java:58)
	at org.apache.hadoop.hdds.scm.pipeline.SCMPipelineManager.createPipeline(SCMPipelineManager.java:183)
	at org.apache.hadoop.hdds.scm.pipeline.BackgroundPipelineCreator.createPipelines(BackgroundPipelineCreator.java:100)
	at org.apache.hadoop.hdds.scm.pipeline.BackgroundPipelineCreator.lambda$startFixedIntervalPipelineCreator$0(BackgroundPipelineCreator.java:70)
	at java.util.concurrent.Executors$RunnableAdapter.call(Executors.java:511)
	at java.util.concurrent.FutureTask.runAndReset(FutureTask.java:308)
	at java.util.concurrent.ScheduledThreadPoolExecutor$ScheduledFutureTask.access$301(ScheduledThreadPoolExecutor.java:180)
	at java.util.concurrent.ScheduledThreadPoolExecutor$ScheduledFutureTask.run(ScheduledThreadPoolExecutor.java:294)
	at java.util.concurrent.ThreadPoolExecutor.runWorker(ThreadPoolExecutor.java:1149)
	at java.util.concurrent.ThreadPoolExecutor$Worker.run(ThreadPoolExecutor.java:624)
	at java.lang.Thread.run(Thread.java:748)
2019-10-14 10:17:01,834 [IPC Server handler 2 on 41414] INFO  net.NetworkTopology (NetworkTopologyImpl.java:add(111)) - Added a new node: /default-rack/ed765d8e-a27d-48e4-9ba5-d88693db9886
2019-10-14 10:17:01,835 [IPC Server handler 2 on 41414] INFO  node.SCMNodeManager (SCMNodeManager.java:register(266)) - Registered Data node : ed765d8e-a27d-48e4-9ba5-d88693db9886{ip: 192.168.164.214, host: pr-hdds-1569-vp9xg-4248047660, networkLocation: /default-rack, certSerialId: null}
2019-10-14 10:17:01,844 [grpc-default-executor-0] INFO  impl.RaftServerProxy (RaftServerProxy.java:addNew(89)) - ed765d8e-a27d-48e4-9ba5-d88693db9886: addNew group-CEAAA1CCD392:[ed765d8e-a27d-48e4-9ba5-d88693db9886:192.168.164.214:44001] returns group-CEAAA1CCD392:java.util.concurrent.CompletableFuture@50c5cb3c[Not completed]
2019-10-14 10:17:01,846 [pool-200-thread-1] INFO  impl.RaftServerImpl (RaftServerImpl.java:<init>(95)) - ed765d8e-a27d-48e4-9ba5-d88693db9886: new RaftServerImpl for group-CEAAA1CCD392:[ed765d8e-a27d-48e4-9ba5-d88693db9886:192.168.164.214:44001] with ContainerStateMachine:uninitialized
2019-10-14 10:17:01,846 [pool-200-thread-1] INFO  server.RaftServerConfigKeys (ConfUtils.java:logGet(43)) - raft.server.rpc.timeout.min = 5s (custom)
2019-10-14 10:17:01,846 [pool-200-thread-1] INFO  server.RaftServerConfigKeys (ConfUtils.java:logGet(43)) - raft.server.rpc.timeout.max = 5200ms (custom)
2019-10-14 10:17:01,847 [pool-200-thread-1] INFO  server.RaftServerConfigKeys (ConfUtils.java:logGet(43)) - raft.server.rpcslowness.timeout = 120s (custom)
2019-10-14 10:17:01,847 [pool-200-thread-1] INFO  server.RaftServerConfigKeys (ConfUtils.java:logGet(43)) - raft.server.sleep.deviation.threshold = 300 (default)
2019-10-14 10:17:01,847 [pool-200-thread-1] INFO  server.RaftServerConfigKeys (ConfUtils.java:logGet(43)) - raft.server.log.appender.install.snapshot.enabled = false (custom)
2019-10-14 10:17:01,847 [pool-200-thread-1] INFO  impl.RaftServerImpl (ServerState.java:<init>(103)) - ed765d8e-a27d-48e4-9ba5-d88693db9886@group-CEAAA1CCD392: ConfigurationManager, init=-1: [ed765d8e-a27d-48e4-9ba5-d88693db9886:192.168.164.214:44001], old=null, confs=<EMPTY_MAP>
2019-10-14 10:17:01,848 [pool-200-thread-1] INFO  server.RaftServerConfigKeys (ConfUtils.java:logGet(43)) - raft.server.storage.dir = [/workdir/hadoop-ozone/ozonefs/target/test-dir/MiniOzoneClusterImpl-c76d7c66-f44c-4dfc-a708-d16c084e1c14/datanode-1/data/ratis] (custom)
2019-10-14 10:17:01,848 [pool-200-thread-1] INFO  storage.RaftStorageDirectory (RaftStorageDirectory.java:analyzeStorage(246)) - The storage directory /workdir/hadoop-ozone/ozonefs/target/test-dir/MiniOzoneClusterImpl-c76d7c66-f44c-4dfc-a708-d16c084e1c14/datanode-1/data/ratis/04657f0d-432e-41cb-bf71-ceaaa1ccd392 does not exist. Creating ...
2019-10-14 10:17:01,872 [pool-200-thread-1] INFO  storage.RaftStorageDirectory (RaftStorageDirectory.java:tryLock(328)) - Lock on /workdir/hadoop-ozone/ozonefs/target/test-dir/MiniOzoneClusterImpl-c76d7c66-f44c-4dfc-a708-d16c084e1c14/datanode-1/data/ratis/04657f0d-432e-41cb-bf71-ceaaa1ccd392/in_use.lock acquired by nodename 4738@pr-hdds-1569-vp9xg-4248047660
2019-10-14 10:17:01,897 [pool-200-thread-1] INFO  storage.RaftStorage (RaftStorage.java:format(72)) - Storage directory /workdir/hadoop-ozone/ozonefs/target/test-dir/MiniOzoneClusterImpl-c76d7c66-f44c-4dfc-a708-d16c084e1c14/datanode-1/data/ratis/04657f0d-432e-41cb-bf71-ceaaa1ccd392 has been successfully formatted.
2019-10-14 10:17:01,898 [pool-200-thread-1] INFO  ratis.ContainerStateMachine (ContainerStateMachine.java:loadSnapshot(230)) - group-CEAAA1CCD392: The snapshot info is null. Setting the last applied indexto:(t:0, i:~)
2019-10-14 10:17:01,898 [pool-200-thread-1] INFO  server.RaftServerConfigKeys (ConfUtils.java:logGet(43)) - raft.server.notification.no-leader.timeout = 120s (custom)
2019-10-14 10:17:01,898 [pool-200-thread-1] INFO  server.RaftServerConfigKeys (ConfUtils.java:logGet(43)) - raft.server.log.use.memory = false (default)
2019-10-14 10:17:01,898 [pool-200-thread-1] INFO  server.RaftServerConfigKeys (ConfUtils.java:logGet(43)) - raft.server.log.purge.gap = 1000000 (custom)
2019-10-14 10:17:01,899 [pool-200-thread-1] INFO  server.RaftServerConfigKeys (ConfUtils.java:logGet(43)) - raft.server.log.appender.buffer.byte-limit = 33554432 (custom)
2019-10-14 10:17:01,899 [pool-200-thread-1] INFO  server.RaftServerConfigKeys (ConfUtils.java:logGet(43)) - raft.server.log.segment.size.max = 1048576 (custom)
2019-10-14 10:17:01,899 [pool-200-thread-1] INFO  server.RaftServerConfigKeys (ConfUtils.java:logGet(43)) - raft.server.log.segment.cache.num.max = 2 (custom)
2019-10-14 10:17:01,899 [pool-200-thread-1] INFO  segmented.SegmentedRaftLogWorker (SegmentedRaftLogWorker.java:<init>(172)) - new ed765d8e-a27d-48e4-9ba5-d88693db9886@group-CEAAA1CCD392-SegmentedRaftLogWorker for RaftStorage:Storage Directory /workdir/hadoop-ozone/ozonefs/target/test-dir/MiniOzoneClusterImpl-c76d7c66-f44c-4dfc-a708-d16c084e1c14/datanode-1/data/ratis/04657f0d-432e-41cb-bf71-ceaaa1ccd392
2019-10-14 10:17:01,903 [pool-200-thread-1] INFO  server.RaftServerConfigKeys (ConfUtils.java:logGet(43)) - raft.server.log.queue.byte-limit = 2147483647 (custom)
2019-10-14 10:17:01,903 [pool-200-thread-1] INFO  server.RaftServerConfigKeys (ConfUtils.java:logGet(43)) - raft.server.log.queue.element-limit = 1024 (custom)
2019-10-14 10:17:01,903 [pool-200-thread-1] INFO  server.RaftServerConfigKeys (ConfUtils.java:logGet(43)) - raft.server.log.segment.size.max = 1048576 (custom)
2019-10-14 10:17:01,904 [pool-200-thread-1] INFO  server.RaftServerConfigKeys (ConfUtils.java:logGet(43)) - raft.server.log.preallocated.size = 16384 (custom)
2019-10-14 10:17:01,904 [pool-200-thread-1] INFO  server.RaftServerConfigKeys (ConfUtils.java:logGet(43)) - raft.server.log.write.buffer.size = 33554432 (custom)
2019-10-14 10:17:01,904 [pool-200-thread-1] INFO  server.RaftServerConfigKeys (ConfUtils.java:logGet(43)) - raft.server.log.force.sync.num = 128 (default)
2019-10-14 10:17:01,904 [pool-200-thread-1] INFO  server.RaftServerConfigKeys (ConfUtils.java:logGet(43)) - raft.server.log.statemachine.data.sync = true (default)
2019-10-14 10:17:01,904 [pool-200-thread-1] INFO  server.RaftServerConfigKeys (ConfUtils.java:logGet(43)) - raft.server.log.statemachine.data.sync.timeout = 10s (default)
2019-10-14 10:17:01,905 [pool-200-thread-1] INFO  server.RaftServerConfigKeys (ConfUtils.java:logGet(43)) - raft.server.log.statemachine.data.sync.timeout.retry = -1 (default)
2019-10-14 10:17:01,905 [pool-200-thread-1] INFO  server.RaftServerConfigKeys (ConfUtils.java:logGet(43)) - raft.server.log.statemachine.data.caching.enabled = true (custom)
2019-10-14 10:17:01,905 [pool-200-thread-1] INFO  segmented.SegmentedRaftLogWorker (SegmentedRaftLogWorker.java:lambda$new$0(132)) - ed765d8e-a27d-48e4-9ba5-d88693db9886@group-CEAAA1CCD392-SegmentedRaftLogWorker: flushIndex: setUnconditionally 0 -> -1
2019-10-14 10:17:01,906 [pool-200-thread-1] INFO  server.RaftServerConfigKeys (ConfUtils.java:logGet(43)) - raft.server.snapshot.auto.trigger.enabled = true (custom)
2019-10-14 10:17:01,906 [pool-200-thread-1] INFO  server.RaftServerConfigKeys (ConfUtils.java:logGet(43)) - raft.server.snapshot.auto.trigger.threshold = 10000 (custom)
2019-10-14 10:17:01,906 [pool-200-thread-1] INFO  server.RaftServerConfigKeys (ConfUtils.java:logGet(43)) - raft.server.snapshot.retention.num.files = 5 (custom)
2019-10-14 10:17:01,906 [pool-200-thread-1] INFO  server.RaftServerConfigKeys (ConfUtils.java:logGet(43)) - raft.server.retrycache.expirytime = 600000ms (custom)
2019-10-14 10:17:01,908 [pool-200-thread-1] INFO  impl.RaftServerImpl (RaftServerImpl.java:start(185)) - ed765d8e-a27d-48e4-9ba5-d88693db9886@group-CEAAA1CCD392: start as a follower, conf=-1: [ed765d8e-a27d-48e4-9ba5-d88693db9886:192.168.164.214:44001], old=null
2019-10-14 10:17:01,908 [pool-200-thread-1] INFO  impl.RaftServerImpl (RaftServerImpl.java:setRole(174)) - ed765d8e-a27d-48e4-9ba5-d88693db9886@group-CEAAA1CCD392: changes role from      null to FOLLOWER at term 0 for startAsFollower
2019-10-14 10:17:01,908 [pool-200-thread-1] INFO  impl.RoleInfo (RoleInfo.java:updateAndGet(143)) - ed765d8e-a27d-48e4-9ba5-d88693db9886: start FollowerState
2019-10-14 10:17:01,909 [pool-200-thread-1] INFO  util.JmxRegister (JmxRegister.java:tryRegister(44)) - Successfully registered JMX Bean with object name Ratis:service=RaftServer,group=group-CEAAA1CCD392,id=ed765d8e-a27d-48e4-9ba5-d88693db9886
2019-10-14 10:17:01,915 [RatisPipelineUtilsThread] INFO  pipeline.PipelineStateManager (PipelineStateManager.java:addPipeline(56)) - Created pipeline Pipeline[ Id: 04657f0d-432e-41cb-bf71-ceaaa1ccd392, Nodes: ed765d8e-a27d-48e4-9ba5-d88693db9886{ip: 192.168.164.214, host: pr-hdds-1569-vp9xg-4248047660, networkLocation: /default-rack, certSerialId: null}, Type:RATIS, Factor:ONE, State:OPEN]
2019-10-14 10:17:01,915 [RatisPipelineUtilsThread] ERROR pipeline.SCMPipelineManager (SCMPipelineManager.java:createPipeline(193)) - Pipeline creation failed.
org.apache.hadoop.hdds.scm.exceptions.SCMException: Cannot create pipeline of factor 1 using 0 nodes. Used 2 nodes. Healthy nodes 2
	at org.apache.hadoop.hdds.scm.pipeline.RatisPipelineProvider.pickNodesNeverUsed(RatisPipelineProvider.java:116)
	at org.apache.hadoop.hdds.scm.pipeline.RatisPipelineProvider.create(RatisPipelineProvider.java:128)
	at org.apache.hadoop.hdds.scm.pipeline.PipelineFactory.create(PipelineFactory.java:58)
	at org.apache.hadoop.hdds.scm.pipeline.SCMPipelineManager.createPipeline(SCMPipelineManager.java:183)
	at org.apache.hadoop.hdds.scm.pipeline.BackgroundPipelineCreator.createPipelines(BackgroundPipelineCreator.java:100)
	at java.util.concurrent.Executors$RunnableAdapter.call(Executors.java:511)
	at java.util.concurrent.FutureTask.run(FutureTask.java:266)
	at java.util.concurrent.ScheduledThreadPoolExecutor$ScheduledFutureTask.access$201(ScheduledThreadPoolExecutor.java:180)
	at java.util.concurrent.ScheduledThreadPoolExecutor$ScheduledFutureTask.run(ScheduledThreadPoolExecutor.java:293)
	at java.util.concurrent.ThreadPoolExecutor.runWorker(ThreadPoolExecutor.java:1149)
	at java.util.concurrent.ThreadPoolExecutor$Worker.run(ThreadPoolExecutor.java:624)
	at java.lang.Thread.run(Thread.java:748)
2019-10-14 10:17:01,916 [RatisPipelineUtilsThread] ERROR pipeline.PipelinePlacementPolicy (PipelinePlacementPolicy.java:filterViableNodes(144)) - Not enough healthy nodes to allocate pipeline. 3  datanodes required. Found 2
2019-10-14 10:17:01,916 [RatisPipelineUtilsThread] ERROR pipeline.SCMPipelineManager (SCMPipelineManager.java:createPipeline(193)) - Pipeline creation failed.
org.apache.hadoop.hdds.scm.exceptions.SCMException: Not enough healthy nodes to allocate pipeline. 3  datanodes required. Found 2
	at org.apache.hadoop.hdds.scm.pipeline.PipelinePlacementPolicy.filterViableNodes(PipelinePlacementPolicy.java:145)
	at org.apache.hadoop.hdds.scm.pipeline.PipelinePlacementPolicy.chooseDatanodes(PipelinePlacementPolicy.java:186)
	at org.apache.hadoop.hdds.scm.pipeline.RatisPipelineProvider.create(RatisPipelineProvider.java:131)
	at org.apache.hadoop.hdds.scm.pipeline.PipelineFactory.create(PipelineFactory.java:58)
	at org.apache.hadoop.hdds.scm.pipeline.SCMPipelineManager.createPipeline(SCMPipelineManager.java:183)
	at org.apache.hadoop.hdds.scm.pipeline.BackgroundPipelineCreator.createPipelines(BackgroundPipelineCreator.java:100)
	at java.util.concurrent.Executors$RunnableAdapter.call(Executors.java:511)
	at java.util.concurrent.FutureTask.run(FutureTask.java:266)
	at java.util.concurrent.ScheduledThreadPoolExecutor$ScheduledFutureTask.access$201(ScheduledThreadPoolExecutor.java:180)
	at java.util.concurrent.ScheduledThreadPoolExecutor$ScheduledFutureTask.run(ScheduledThreadPoolExecutor.java:293)
	at java.util.concurrent.ThreadPoolExecutor.runWorker(ThreadPoolExecutor.java:1149)
	at java.util.concurrent.ThreadPoolExecutor$Worker.run(ThreadPoolExecutor.java:624)
	at java.lang.Thread.run(Thread.java:748)
2019-10-14 10:17:01,925 [IPC Server handler 0 on 41414] INFO  net.NetworkTopology (NetworkTopologyImpl.java:add(111)) - Added a new node: /default-rack/9e658c07-1fa4-4268-bcc4-d82f6334c8fc
2019-10-14 10:17:01,925 [IPC Server handler 0 on 41414] INFO  node.SCMNodeManager (SCMNodeManager.java:register(266)) - Registered Data node : 9e658c07-1fa4-4268-bcc4-d82f6334c8fc{ip: 192.168.164.214, host: pr-hdds-1569-vp9xg-4248047660, networkLocation: /default-rack, certSerialId: null}
2019-10-14 10:17:01,935 [grpc-default-executor-0] INFO  impl.RaftServerProxy (RaftServerProxy.java:addNew(89)) - 9e658c07-1fa4-4268-bcc4-d82f6334c8fc: addNew group-A5202DF91CD6:[9e658c07-1fa4-4268-bcc4-d82f6334c8fc:192.168.164.214:44135] returns group-A5202DF91CD6:java.util.concurrent.CompletableFuture@2f45958a[Not completed]
2019-10-14 10:17:01,938 [pool-210-thread-1] INFO  impl.RaftServerImpl (RaftServerImpl.java:<init>(95)) - 9e658c07-1fa4-4268-bcc4-d82f6334c8fc: new RaftServerImpl for group-A5202DF91CD6:[9e658c07-1fa4-4268-bcc4-d82f6334c8fc:192.168.164.214:44135] with ContainerStateMachine:uninitialized
2019-10-14 10:17:01,938 [pool-210-thread-1] INFO  server.RaftServerConfigKeys (ConfUtils.java:logGet(43)) - raft.server.rpc.timeout.min = 5s (custom)
2019-10-14 10:17:01,938 [pool-210-thread-1] INFO  server.RaftServerConfigKeys (ConfUtils.java:logGet(43)) - raft.server.rpc.timeout.max = 5200ms (custom)
2019-10-14 10:17:01,939 [pool-210-thread-1] INFO  server.RaftServerConfigKeys (ConfUtils.java:logGet(43)) - raft.server.rpcslowness.timeout = 120s (custom)
2019-10-14 10:17:01,939 [pool-210-thread-1] INFO  server.RaftServerConfigKeys (ConfUtils.java:logGet(43)) - raft.server.sleep.deviation.threshold = 300 (default)
2019-10-14 10:17:01,939 [pool-210-thread-1] INFO  server.RaftServerConfigKeys (ConfUtils.java:logGet(43)) - raft.server.log.appender.install.snapshot.enabled = false (custom)
2019-10-14 10:17:01,939 [pool-210-thread-1] INFO  impl.RaftServerImpl (ServerState.java:<init>(103)) - 9e658c07-1fa4-4268-bcc4-d82f6334c8fc@group-A5202DF91CD6: ConfigurationManager, init=-1: [9e658c07-1fa4-4268-bcc4-d82f6334c8fc:192.168.164.214:44135], old=null, confs=<EMPTY_MAP>
2019-10-14 10:17:01,939 [pool-210-thread-1] INFO  server.RaftServerConfigKeys (ConfUtils.java:logGet(43)) - raft.server.storage.dir = [/workdir/hadoop-ozone/ozonefs/target/test-dir/MiniOzoneClusterImpl-c76d7c66-f44c-4dfc-a708-d16c084e1c14/datanode-2/data/ratis] (custom)
2019-10-14 10:17:01,940 [pool-210-thread-1] INFO  storage.RaftStorageDirectory (RaftStorageDirectory.java:analyzeStorage(246)) - The storage directory /workdir/hadoop-ozone/ozonefs/target/test-dir/MiniOzoneClusterImpl-c76d7c66-f44c-4dfc-a708-d16c084e1c14/datanode-2/data/ratis/c392b1e6-ac85-409a-a106-a5202df91cd6 does not exist. Creating ...
2019-10-14 10:17:01,964 [pool-210-thread-1] INFO  storage.RaftStorageDirectory (RaftStorageDirectory.java:tryLock(328)) - Lock on /workdir/hadoop-ozone/ozonefs/target/test-dir/MiniOzoneClusterImpl-c76d7c66-f44c-4dfc-a708-d16c084e1c14/datanode-2/data/ratis/c392b1e6-ac85-409a-a106-a5202df91cd6/in_use.lock acquired by nodename 4738@pr-hdds-1569-vp9xg-4248047660
2019-10-14 10:17:01,990 [pool-210-thread-1] INFO  storage.RaftStorage (RaftStorage.java:format(72)) - Storage directory /workdir/hadoop-ozone/ozonefs/target/test-dir/MiniOzoneClusterImpl-c76d7c66-f44c-4dfc-a708-d16c084e1c14/datanode-2/data/ratis/c392b1e6-ac85-409a-a106-a5202df91cd6 has been successfully formatted.
2019-10-14 10:17:01,990 [pool-210-thread-1] INFO  ratis.ContainerStateMachine (ContainerStateMachine.java:loadSnapshot(230)) - group-A5202DF91CD6: The snapshot info is null. Setting the last applied indexto:(t:0, i:~)
2019-10-14 10:17:01,991 [pool-210-thread-1] INFO  server.RaftServerConfigKeys (ConfUtils.java:logGet(43)) - raft.server.notification.no-leader.timeout = 120s (custom)
2019-10-14 10:17:01,991 [pool-210-thread-1] INFO  server.RaftServerConfigKeys (ConfUtils.java:logGet(43)) - raft.server.log.use.memory = false (default)
2019-10-14 10:17:01,991 [pool-210-thread-1] INFO  server.RaftServerConfigKeys (ConfUtils.java:logGet(43)) - raft.server.log.purge.gap = 1000000 (custom)
2019-10-14 10:17:01,991 [pool-210-thread-1] INFO  server.RaftServerConfigKeys (ConfUtils.java:logGet(43)) - raft.server.log.appender.buffer.byte-limit = 33554432 (custom)
2019-10-14 10:17:01,992 [pool-210-thread-1] INFO  server.RaftServerConfigKeys (ConfUtils.java:logGet(43)) - raft.server.log.segment.size.max = 1048576 (custom)
2019-10-14 10:17:01,992 [pool-210-thread-1] INFO  server.RaftServerConfigKeys (ConfUtils.java:logGet(43)) - raft.server.log.segment.cache.num.max = 2 (custom)
2019-10-14 10:17:01,992 [pool-210-thread-1] INFO  segmented.SegmentedRaftLogWorker (SegmentedRaftLogWorker.java:<init>(172)) - new 9e658c07-1fa4-4268-bcc4-d82f6334c8fc@group-A5202DF91CD6-SegmentedRaftLogWorker for RaftStorage:Storage Directory /workdir/hadoop-ozone/ozonefs/target/test-dir/MiniOzoneClusterImpl-c76d7c66-f44c-4dfc-a708-d16c084e1c14/datanode-2/data/ratis/c392b1e6-ac85-409a-a106-a5202df91cd6
2019-10-14 10:17:01,993 [IPC Server handler 3 on 41414] INFO  net.NetworkTopology (NetworkTopologyImpl.java:add(111)) - Added a new node: /default-rack/b253433b-9336-40b9-b5cf-1baec0039647
2019-10-14 10:17:01,993 [IPC Server handler 3 on 41414] INFO  node.SCMNodeManager (SCMNodeManager.java:register(266)) - Registered Data node : b253433b-9336-40b9-b5cf-1baec0039647{ip: 192.168.164.214, host: pr-hdds-1569-vp9xg-4248047660, networkLocation: /default-rack, certSerialId: null}
2019-10-14 10:17:01,995 [pool-210-thread-1] INFO  server.RaftServerConfigKeys (ConfUtils.java:logGet(43)) - raft.server.log.queue.byte-limit = 2147483647 (custom)
2019-10-14 10:17:01,995 [pool-210-thread-1] INFO  server.RaftServerConfigKeys (ConfUtils.java:logGet(43)) - raft.server.log.queue.element-limit = 1024 (custom)
2019-10-14 10:17:01,995 [pool-210-thread-1] INFO  server.RaftServerConfigKeys (ConfUtils.java:logGet(43)) - raft.server.log.segment.size.max = 1048576 (custom)
2019-10-14 10:17:01,995 [pool-210-thread-1] INFO  server.RaftServerConfigKeys (ConfUtils.java:logGet(43)) - raft.server.log.preallocated.size = 16384 (custom)
2019-10-14 10:17:01,996 [pool-210-thread-1] INFO  server.RaftServerConfigKeys (ConfUtils.java:logGet(43)) - raft.server.log.write.buffer.size = 33554432 (custom)
2019-10-14 10:17:01,996 [pool-210-thread-1] INFO  server.RaftServerConfigKeys (ConfUtils.java:logGet(43)) - raft.server.log.force.sync.num = 128 (default)
2019-10-14 10:17:01,996 [pool-210-thread-1] INFO  server.RaftServerConfigKeys (ConfUtils.java:logGet(43)) - raft.server.log.statemachine.data.sync = true (default)
2019-10-14 10:17:01,996 [pool-210-thread-1] INFO  server.RaftServerConfigKeys (ConfUtils.java:logGet(43)) - raft.server.log.statemachine.data.sync.timeout = 10s (default)
2019-10-14 10:17:01,996 [pool-210-thread-1] INFO  server.RaftServerConfigKeys (ConfUtils.java:logGet(43)) - raft.server.log.statemachine.data.sync.timeout.retry = -1 (default)
2019-10-14 10:17:01,996 [pool-210-thread-1] INFO  server.RaftServerConfigKeys (ConfUtils.java:logGet(43)) - raft.server.log.statemachine.data.caching.enabled = true (custom)
2019-10-14 10:17:01,997 [pool-210-thread-1] INFO  segmented.SegmentedRaftLogWorker (SegmentedRaftLogWorker.java:lambda$new$0(132)) - 9e658c07-1fa4-4268-bcc4-d82f6334c8fc@group-A5202DF91CD6-SegmentedRaftLogWorker: flushIndex: setUnconditionally 0 -> -1
2019-10-14 10:17:01,997 [pool-210-thread-1] INFO  server.RaftServerConfigKeys (ConfUtils.java:logGet(43)) - raft.server.snapshot.auto.trigger.enabled = true (custom)
2019-10-14 10:17:01,997 [pool-210-thread-1] INFO  server.RaftServerConfigKeys (ConfUtils.java:logGet(43)) - raft.server.snapshot.auto.trigger.threshold = 10000 (custom)
2019-10-14 10:17:01,997 [pool-210-thread-1] INFO  server.RaftServerConfigKeys (ConfUtils.java:logGet(43)) - raft.server.snapshot.retention.num.files = 5 (custom)
2019-10-14 10:17:01,998 [pool-210-thread-1] INFO  server.RaftServerConfigKeys (ConfUtils.java:logGet(43)) - raft.server.retrycache.expirytime = 600000ms (custom)
2019-10-14 10:17:02,000 [pool-210-thread-1] INFO  impl.RaftServerImpl (RaftServerImpl.java:start(185)) - 9e658c07-1fa4-4268-bcc4-d82f6334c8fc@group-A5202DF91CD6: start as a follower, conf=-1: [9e658c07-1fa4-4268-bcc4-d82f6334c8fc:192.168.164.214:44135], old=null
2019-10-14 10:17:02,000 [pool-210-thread-1] INFO  impl.RaftServerImpl (RaftServerImpl.java:setRole(174)) - 9e658c07-1fa4-4268-bcc4-d82f6334c8fc@group-A5202DF91CD6: changes role from      null to FOLLOWER at term 0 for startAsFollower
2019-10-14 10:17:02,000 [pool-210-thread-1] INFO  impl.RoleInfo (RoleInfo.java:updateAndGet(143)) - 9e658c07-1fa4-4268-bcc4-d82f6334c8fc: start FollowerState
2019-10-14 10:17:02,001 [pool-210-thread-1] INFO  util.JmxRegister (JmxRegister.java:tryRegister(44)) - Successfully registered JMX Bean with object name Ratis:service=RaftServer,group=group-A5202DF91CD6,id=9e658c07-1fa4-4268-bcc4-d82f6334c8fc
2019-10-14 10:17:02,007 [RatisPipelineUtilsThread] INFO  pipeline.PipelineStateManager (PipelineStateManager.java:addPipeline(56)) - Created pipeline Pipeline[ Id: c392b1e6-ac85-409a-a106-a5202df91cd6, Nodes: 9e658c07-1fa4-4268-bcc4-d82f6334c8fc{ip: 192.168.164.214, host: pr-hdds-1569-vp9xg-4248047660, networkLocation: /default-rack, certSerialId: null}, Type:RATIS, Factor:ONE, State:OPEN]
2019-10-14 10:17:02,017 [grpc-default-executor-0] INFO  impl.RaftServerProxy (RaftServerProxy.java:addNew(89)) - b253433b-9336-40b9-b5cf-1baec0039647: addNew group-25AD9B08AA6D:[b253433b-9336-40b9-b5cf-1baec0039647:192.168.164.214:34997] returns group-25AD9B08AA6D:java.util.concurrent.CompletableFuture@579dedef[Not completed]
2019-10-14 10:17:02,018 [pool-220-thread-1] INFO  impl.RaftServerImpl (RaftServerImpl.java:<init>(95)) - b253433b-9336-40b9-b5cf-1baec0039647: new RaftServerImpl for group-25AD9B08AA6D:[b253433b-9336-40b9-b5cf-1baec0039647:192.168.164.214:34997] with ContainerStateMachine:uninitialized
2019-10-14 10:17:02,019 [pool-220-thread-1] INFO  server.RaftServerConfigKeys (ConfUtils.java:logGet(43)) - raft.server.rpc.timeout.min = 5s (custom)
2019-10-14 10:17:02,019 [pool-220-thread-1] INFO  server.RaftServerConfigKeys (ConfUtils.java:logGet(43)) - raft.server.rpc.timeout.max = 5200ms (custom)
2019-10-14 10:17:02,019 [pool-220-thread-1] INFO  server.RaftServerConfigKeys (ConfUtils.java:logGet(43)) - raft.server.rpcslowness.timeout = 120s (custom)
2019-10-14 10:17:02,019 [pool-220-thread-1] INFO  server.RaftServerConfigKeys (ConfUtils.java:logGet(43)) - raft.server.sleep.deviation.threshold = 300 (default)
2019-10-14 10:17:02,019 [pool-220-thread-1] INFO  server.RaftServerConfigKeys (ConfUtils.java:logGet(43)) - raft.server.log.appender.install.snapshot.enabled = false (custom)
2019-10-14 10:17:02,020 [pool-220-thread-1] INFO  impl.RaftServerImpl (ServerState.java:<init>(103)) - b253433b-9336-40b9-b5cf-1baec0039647@group-25AD9B08AA6D: ConfigurationManager, init=-1: [b253433b-9336-40b9-b5cf-1baec0039647:192.168.164.214:34997], old=null, confs=<EMPTY_MAP>
2019-10-14 10:17:02,020 [pool-220-thread-1] INFO  server.RaftServerConfigKeys (ConfUtils.java:logGet(43)) - raft.server.storage.dir = [/workdir/hadoop-ozone/ozonefs/target/test-dir/MiniOzoneClusterImpl-c76d7c66-f44c-4dfc-a708-d16c084e1c14/datanode-3/data/ratis] (custom)
2019-10-14 10:17:02,020 [pool-220-thread-1] INFO  storage.RaftStorageDirectory (RaftStorageDirectory.java:analyzeStorage(246)) - The storage directory /workdir/hadoop-ozone/ozonefs/target/test-dir/MiniOzoneClusterImpl-c76d7c66-f44c-4dfc-a708-d16c084e1c14/datanode-3/data/ratis/1967b6d5-cf5e-4c5b-9491-25ad9b08aa6d does not exist. Creating ...
2019-10-14 10:17:02,048 [pool-220-thread-1] INFO  storage.RaftStorageDirectory (RaftStorageDirectory.java:tryLock(328)) - Lock on /workdir/hadoop-ozone/ozonefs/target/test-dir/MiniOzoneClusterImpl-c76d7c66-f44c-4dfc-a708-d16c084e1c14/datanode-3/data/ratis/1967b6d5-cf5e-4c5b-9491-25ad9b08aa6d/in_use.lock acquired by nodename 4738@pr-hdds-1569-vp9xg-4248047660
2019-10-14 10:17:02,062 [IPC Server handler 4 on 41414] INFO  net.NetworkTopology (NetworkTopologyImpl.java:add(111)) - Added a new node: /default-rack/36847f54-85ee-4d0b-96a5-61a90c070d38
2019-10-14 10:17:02,062 [IPC Server handler 4 on 41414] INFO  node.SCMNodeManager (SCMNodeManager.java:register(266)) - Registered Data node : 36847f54-85ee-4d0b-96a5-61a90c070d38{ip: 192.168.164.214, host: pr-hdds-1569-vp9xg-4248047660, networkLocation: /default-rack, certSerialId: null}
2019-10-14 10:17:02,082 [pool-220-thread-1] INFO  storage.RaftStorage (RaftStorage.java:format(72)) - Storage directory /workdir/hadoop-ozone/ozonefs/target/test-dir/MiniOzoneClusterImpl-c76d7c66-f44c-4dfc-a708-d16c084e1c14/datanode-3/data/ratis/1967b6d5-cf5e-4c5b-9491-25ad9b08aa6d has been successfully formatted.
2019-10-14 10:17:02,082 [pool-220-thread-1] INFO  ratis.ContainerStateMachine (ContainerStateMachine.java:loadSnapshot(230)) - group-25AD9B08AA6D: The snapshot info is null. Setting the last applied indexto:(t:0, i:~)
2019-10-14 10:17:02,083 [pool-220-thread-1] INFO  server.RaftServerConfigKeys (ConfUtils.java:logGet(43)) - raft.server.notification.no-leader.timeout = 120s (custom)
2019-10-14 10:17:02,083 [pool-220-thread-1] INFO  server.RaftServerConfigKeys (ConfUtils.java:logGet(43)) - raft.server.log.use.memory = false (default)
2019-10-14 10:17:02,083 [pool-220-thread-1] INFO  server.RaftServerConfigKeys (ConfUtils.java:logGet(43)) - raft.server.log.purge.gap = 1000000 (custom)
2019-10-14 10:17:02,083 [pool-220-thread-1] INFO  server.RaftServerConfigKeys (ConfUtils.java:logGet(43)) - raft.server.log.appender.buffer.byte-limit = 33554432 (custom)
2019-10-14 10:17:02,083 [pool-220-thread-1] INFO  server.RaftServerConfigKeys (ConfUtils.java:logGet(43)) - raft.server.log.segment.size.max = 1048576 (custom)
2019-10-14 10:17:02,083 [pool-220-thread-1] INFO  server.RaftServerConfigKeys (ConfUtils.java:logGet(43)) - raft.server.log.segment.cache.num.max = 2 (custom)
2019-10-14 10:17:02,083 [pool-220-thread-1] INFO  segmented.SegmentedRaftLogWorker (SegmentedRaftLogWorker.java:<init>(172)) - new b253433b-9336-40b9-b5cf-1baec0039647@group-25AD9B08AA6D-SegmentedRaftLogWorker for RaftStorage:Storage Directory /workdir/hadoop-ozone/ozonefs/target/test-dir/MiniOzoneClusterImpl-c76d7c66-f44c-4dfc-a708-d16c084e1c14/datanode-3/data/ratis/1967b6d5-cf5e-4c5b-9491-25ad9b08aa6d
2019-10-14 10:17:02,086 [pool-220-thread-1] INFO  server.RaftServerConfigKeys (ConfUtils.java:logGet(43)) - raft.server.log.queue.byte-limit = 2147483647 (custom)
2019-10-14 10:17:02,086 [pool-220-thread-1] INFO  server.RaftServerConfigKeys (ConfUtils.java:logGet(43)) - raft.server.log.queue.element-limit = 1024 (custom)
2019-10-14 10:17:02,086 [pool-220-thread-1] INFO  server.RaftServerConfigKeys (ConfUtils.java:logGet(43)) - raft.server.log.segment.size.max = 1048576 (custom)
2019-10-14 10:17:02,086 [pool-220-thread-1] INFO  server.RaftServerConfigKeys (ConfUtils.java:logGet(43)) - raft.server.log.preallocated.size = 16384 (custom)
2019-10-14 10:17:02,086 [pool-220-thread-1] INFO  server.RaftServerConfigKeys (ConfUtils.java:logGet(43)) - raft.server.log.write.buffer.size = 33554432 (custom)
2019-10-14 10:17:02,087 [pool-220-thread-1] INFO  server.RaftServerConfigKeys (ConfUtils.java:logGet(43)) - raft.server.log.force.sync.num = 128 (default)
2019-10-14 10:17:02,087 [pool-220-thread-1] INFO  server.RaftServerConfigKeys (ConfUtils.java:logGet(43)) - raft.server.log.statemachine.data.sync = true (default)
2019-10-14 10:17:02,087 [pool-220-thread-1] INFO  server.RaftServerConfigKeys (ConfUtils.java:logGet(43)) - raft.server.log.statemachine.data.sync.timeout = 10s (default)
2019-10-14 10:17:02,087 [pool-220-thread-1] INFO  server.RaftServerConfigKeys (ConfUtils.java:logGet(43)) - raft.server.log.statemachine.data.sync.timeout.retry = -1 (default)
2019-10-14 10:17:02,087 [pool-220-thread-1] INFO  server.RaftServerConfigKeys (ConfUtils.java:logGet(43)) - raft.server.log.statemachine.data.caching.enabled = true (custom)
2019-10-14 10:17:02,088 [pool-220-thread-1] INFO  segmented.SegmentedRaftLogWorker (SegmentedRaftLogWorker.java:lambda$new$0(132)) - b253433b-9336-40b9-b5cf-1baec0039647@group-25AD9B08AA6D-SegmentedRaftLogWorker: flushIndex: setUnconditionally 0 -> -1
2019-10-14 10:17:02,088 [pool-220-thread-1] INFO  server.RaftServerConfigKeys (ConfUtils.java:logGet(43)) - raft.server.snapshot.auto.trigger.enabled = true (custom)
2019-10-14 10:17:02,088 [pool-220-thread-1] INFO  server.RaftServerConfigKeys (ConfUtils.java:logGet(43)) - raft.server.snapshot.auto.trigger.threshold = 10000 (custom)
2019-10-14 10:17:02,088 [pool-220-thread-1] INFO  server.RaftServerConfigKeys (ConfUtils.java:logGet(43)) - raft.server.snapshot.retention.num.files = 5 (custom)
2019-10-14 10:17:02,089 [pool-220-thread-1] INFO  server.RaftServerConfigKeys (ConfUtils.java:logGet(43)) - raft.server.retrycache.expirytime = 600000ms (custom)
2019-10-14 10:17:02,091 [pool-220-thread-1] INFO  impl.RaftServerImpl (RaftServerImpl.java:start(185)) - b253433b-9336-40b9-b5cf-1baec0039647@group-25AD9B08AA6D: start as a follower, conf=-1: [b253433b-9336-40b9-b5cf-1baec0039647:192.168.164.214:34997], old=null
2019-10-14 10:17:02,091 [pool-220-thread-1] INFO  impl.RaftServerImpl (RaftServerImpl.java:setRole(174)) - b253433b-9336-40b9-b5cf-1baec0039647@group-25AD9B08AA6D: changes role from      null to FOLLOWER at term 0 for startAsFollower
2019-10-14 10:17:02,091 [pool-220-thread-1] INFO  impl.RoleInfo (RoleInfo.java:updateAndGet(143)) - b253433b-9336-40b9-b5cf-1baec0039647: start FollowerState
2019-10-14 10:17:02,092 [pool-220-thread-1] INFO  util.JmxRegister (JmxRegister.java:tryRegister(44)) - Successfully registered JMX Bean with object name Ratis:service=RaftServer,group=group-25AD9B08AA6D,id=b253433b-9336-40b9-b5cf-1baec0039647
2019-10-14 10:17:02,098 [RatisPipelineUtilsThread] INFO  pipeline.PipelineStateManager (PipelineStateManager.java:addPipeline(56)) - Created pipeline Pipeline[ Id: 1967b6d5-cf5e-4c5b-9491-25ad9b08aa6d, Nodes: b253433b-9336-40b9-b5cf-1baec0039647{ip: 192.168.164.214, host: pr-hdds-1569-vp9xg-4248047660, networkLocation: /default-rack, certSerialId: null}, Type:RATIS, Factor:ONE, State:OPEN]
2019-10-14 10:17:02,107 [grpc-default-executor-0] INFO  impl.RaftServerProxy (RaftServerProxy.java:addNew(89)) - 36847f54-85ee-4d0b-96a5-61a90c070d38: addNew group-E3CF909C1D57:[36847f54-85ee-4d0b-96a5-61a90c070d38:192.168.164.214:45241] returns group-E3CF909C1D57:java.util.concurrent.CompletableFuture@5d338952[Not completed]
2019-10-14 10:17:02,110 [pool-230-thread-1] INFO  impl.RaftServerImpl (RaftServerImpl.java:<init>(95)) - 36847f54-85ee-4d0b-96a5-61a90c070d38: new RaftServerImpl for group-E3CF909C1D57:[36847f54-85ee-4d0b-96a5-61a90c070d38:192.168.164.214:45241] with ContainerStateMachine:uninitialized
2019-10-14 10:17:02,110 [pool-230-thread-1] INFO  server.RaftServerConfigKeys (ConfUtils.java:logGet(43)) - raft.server.rpc.timeout.min = 5s (custom)
2019-10-14 10:17:02,110 [pool-230-thread-1] INFO  server.RaftServerConfigKeys (ConfUtils.java:logGet(43)) - raft.server.rpc.timeout.max = 5200ms (custom)
2019-10-14 10:17:02,110 [pool-230-thread-1] INFO  server.RaftServerConfigKeys (ConfUtils.java:logGet(43)) - raft.server.rpcslowness.timeout = 120s (custom)
2019-10-14 10:17:02,111 [pool-230-thread-1] INFO  server.RaftServerConfigKeys (ConfUtils.java:logGet(43)) - raft.server.sleep.deviation.threshold = 300 (default)
2019-10-14 10:17:02,111 [pool-230-thread-1] INFO  server.RaftServerConfigKeys (ConfUtils.java:logGet(43)) - raft.server.log.appender.install.snapshot.enabled = false (custom)
2019-10-14 10:17:02,111 [pool-230-thread-1] INFO  impl.RaftServerImpl (ServerState.java:<init>(103)) - 36847f54-85ee-4d0b-96a5-61a90c070d38@group-E3CF909C1D57: ConfigurationManager, init=-1: [36847f54-85ee-4d0b-96a5-61a90c070d38:192.168.164.214:45241], old=null, confs=<EMPTY_MAP>
2019-10-14 10:17:02,111 [pool-230-thread-1] INFO  server.RaftServerConfigKeys (ConfUtils.java:logGet(43)) - raft.server.storage.dir = [/workdir/hadoop-ozone/ozonefs/target/test-dir/MiniOzoneClusterImpl-c76d7c66-f44c-4dfc-a708-d16c084e1c14/datanode-4/data/ratis] (custom)
2019-10-14 10:17:02,112 [pool-230-thread-1] INFO  storage.RaftStorageDirectory (RaftStorageDirectory.java:analyzeStorage(246)) - The storage directory /workdir/hadoop-ozone/ozonefs/target/test-dir/MiniOzoneClusterImpl-c76d7c66-f44c-4dfc-a708-d16c084e1c14/datanode-4/data/ratis/bb433e4a-5dd6-4b97-99a6-e3cf909c1d57 does not exist. Creating ...
2019-10-14 10:17:02,141 [pool-230-thread-1] INFO  storage.RaftStorageDirectory (RaftStorageDirectory.java:tryLock(328)) - Lock on /workdir/hadoop-ozone/ozonefs/target/test-dir/MiniOzoneClusterImpl-c76d7c66-f44c-4dfc-a708-d16c084e1c14/datanode-4/data/ratis/bb433e4a-5dd6-4b97-99a6-e3cf909c1d57/in_use.lock acquired by nodename 4738@pr-hdds-1569-vp9xg-4248047660
2019-10-14 10:17:02,162 [IPC Server handler 5 on 41414] INFO  net.NetworkTopology (NetworkTopologyImpl.java:add(111)) - Added a new node: /default-rack/b45a675e-aeff-4ba4-9b40-8f6156737b33
2019-10-14 10:17:02,162 [IPC Server handler 5 on 41414] INFO  node.SCMNodeManager (SCMNodeManager.java:register(266)) - Registered Data node : b45a675e-aeff-4ba4-9b40-8f6156737b33{ip: 192.168.164.214, host: pr-hdds-1569-vp9xg-4248047660, networkLocation: /default-rack, certSerialId: null}
2019-10-14 10:17:02,166 [pool-230-thread-1] INFO  storage.RaftStorage (RaftStorage.java:format(72)) - Storage directory /workdir/hadoop-ozone/ozonefs/target/test-dir/MiniOzoneClusterImpl-c76d7c66-f44c-4dfc-a708-d16c084e1c14/datanode-4/data/ratis/bb433e4a-5dd6-4b97-99a6-e3cf909c1d57 has been successfully formatted.
2019-10-14 10:17:02,167 [pool-230-thread-1] INFO  ratis.ContainerStateMachine (ContainerStateMachine.java:loadSnapshot(230)) - group-E3CF909C1D57: The snapshot info is null. Setting the last applied indexto:(t:0, i:~)
2019-10-14 10:17:02,167 [pool-230-thread-1] INFO  server.RaftServerConfigKeys (ConfUtils.java:logGet(43)) - raft.server.notification.no-leader.timeout = 120s (custom)
2019-10-14 10:17:02,167 [pool-230-thread-1] INFO  server.RaftServerConfigKeys (ConfUtils.java:logGet(43)) - raft.server.log.use.memory = false (default)
2019-10-14 10:17:02,168 [pool-230-thread-1] INFO  server.RaftServerConfigKeys (ConfUtils.java:logGet(43)) - raft.server.log.purge.gap = 1000000 (custom)
2019-10-14 10:17:02,168 [pool-230-thread-1] INFO  server.RaftServerConfigKeys (ConfUtils.java:logGet(43)) - raft.server.log.appender.buffer.byte-limit = 33554432 (custom)
2019-10-14 10:17:02,168 [pool-230-thread-1] INFO  server.RaftServerConfigKeys (ConfUtils.java:logGet(43)) - raft.server.log.segment.size.max = 1048576 (custom)
2019-10-14 10:17:02,168 [pool-230-thread-1] INFO  server.RaftServerConfigKeys (ConfUtils.java:logGet(43)) - raft.server.log.segment.cache.num.max = 2 (custom)
2019-10-14 10:17:02,169 [pool-230-thread-1] INFO  segmented.SegmentedRaftLogWorker (SegmentedRaftLogWorker.java:<init>(172)) - new 36847f54-85ee-4d0b-96a5-61a90c070d38@group-E3CF909C1D57-SegmentedRaftLogWorker for RaftStorage:Storage Directory /workdir/hadoop-ozone/ozonefs/target/test-dir/MiniOzoneClusterImpl-c76d7c66-f44c-4dfc-a708-d16c084e1c14/datanode-4/data/ratis/bb433e4a-5dd6-4b97-99a6-e3cf909c1d57
2019-10-14 10:17:02,174 [pool-230-thread-1] INFO  server.RaftServerConfigKeys (ConfUtils.java:logGet(43)) - raft.server.log.queue.byte-limit = 2147483647 (custom)
2019-10-14 10:17:02,174 [pool-230-thread-1] INFO  server.RaftServerConfigKeys (ConfUtils.java:logGet(43)) - raft.server.log.queue.element-limit = 1024 (custom)
2019-10-14 10:17:02,174 [pool-230-thread-1] INFO  server.RaftServerConfigKeys (ConfUtils.java:logGet(43)) - raft.server.log.segment.size.max = 1048576 (custom)
2019-10-14 10:17:02,175 [pool-230-thread-1] INFO  server.RaftServerConfigKeys (ConfUtils.java:logGet(43)) - raft.server.log.preallocated.size = 16384 (custom)
2019-10-14 10:17:02,175 [pool-230-thread-1] INFO  server.RaftServerConfigKeys (ConfUtils.java:logGet(43)) - raft.server.log.write.buffer.size = 33554432 (custom)
2019-10-14 10:17:02,175 [pool-230-thread-1] INFO  server.RaftServerConfigKeys (ConfUtils.java:logGet(43)) - raft.server.log.force.sync.num = 128 (default)
2019-10-14 10:17:02,175 [pool-230-thread-1] INFO  server.RaftServerConfigKeys (ConfUtils.java:logGet(43)) - raft.server.log.statemachine.data.sync = true (default)
2019-10-14 10:17:02,176 [pool-230-thread-1] INFO  server.RaftServerConfigKeys (ConfUtils.java:logGet(43)) - raft.server.log.statemachine.data.sync.timeout = 10s (default)
2019-10-14 10:17:02,176 [pool-230-thread-1] INFO  server.RaftServerConfigKeys (ConfUtils.java:logGet(43)) - raft.server.log.statemachine.data.sync.timeout.retry = -1 (default)
2019-10-14 10:17:02,176 [pool-230-thread-1] INFO  server.RaftServerConfigKeys (ConfUtils.java:logGet(43)) - raft.server.log.statemachine.data.caching.enabled = true (custom)
2019-10-14 10:17:02,177 [pool-230-thread-1] INFO  segmented.SegmentedRaftLogWorker (SegmentedRaftLogWorker.java:lambda$new$0(132)) - 36847f54-85ee-4d0b-96a5-61a90c070d38@group-E3CF909C1D57-SegmentedRaftLogWorker: flushIndex: setUnconditionally 0 -> -1
2019-10-14 10:17:02,178 [pool-230-thread-1] INFO  server.RaftServerConfigKeys (ConfUtils.java:logGet(43)) - raft.server.snapshot.auto.trigger.enabled = true (custom)
2019-10-14 10:17:02,180 [pool-230-thread-1] INFO  server.RaftServerConfigKeys (ConfUtils.java:logGet(43)) - raft.server.snapshot.auto.trigger.threshold = 10000 (custom)
2019-10-14 10:17:02,180 [pool-230-thread-1] INFO  server.RaftServerConfigKeys (ConfUtils.java:logGet(43)) - raft.server.snapshot.retention.num.files = 5 (custom)
2019-10-14 10:17:02,180 [pool-230-thread-1] INFO  server.RaftServerConfigKeys (ConfUtils.java:logGet(43)) - raft.server.retrycache.expirytime = 600000ms (custom)
2019-10-14 10:17:02,184 [pool-230-thread-1] INFO  impl.RaftServerImpl (RaftServerImpl.java:start(185)) - 36847f54-85ee-4d0b-96a5-61a90c070d38@group-E3CF909C1D57: start as a follower, conf=-1: [36847f54-85ee-4d0b-96a5-61a90c070d38:192.168.164.214:45241], old=null
2019-10-14 10:17:02,184 [pool-230-thread-1] INFO  impl.RaftServerImpl (RaftServerImpl.java:setRole(174)) - 36847f54-85ee-4d0b-96a5-61a90c070d38@group-E3CF909C1D57: changes role from      null to FOLLOWER at term 0 for startAsFollower
2019-10-14 10:17:02,185 [pool-230-thread-1] INFO  impl.RoleInfo (RoleInfo.java:updateAndGet(143)) - 36847f54-85ee-4d0b-96a5-61a90c070d38: start FollowerState
2019-10-14 10:17:02,185 [pool-230-thread-1] INFO  util.JmxRegister (JmxRegister.java:tryRegister(44)) - Successfully registered JMX Bean with object name Ratis:service=RaftServer,group=group-E3CF909C1D57,id=36847f54-85ee-4d0b-96a5-61a90c070d38
2019-10-14 10:17:02,192 [RatisPipelineUtilsThread] INFO  pipeline.PipelineStateManager (PipelineStateManager.java:addPipeline(56)) - Created pipeline Pipeline[ Id: bb433e4a-5dd6-4b97-99a6-e3cf909c1d57, Nodes: 36847f54-85ee-4d0b-96a5-61a90c070d38{ip: 192.168.164.214, host: pr-hdds-1569-vp9xg-4248047660, networkLocation: /default-rack, certSerialId: null}, Type:RATIS, Factor:ONE, State:OPEN]
2019-10-14 10:17:02,200 [grpc-default-executor-0] INFO  impl.RaftServerProxy (RaftServerProxy.java:addNew(89)) - b45a675e-aeff-4ba4-9b40-8f6156737b33: addNew group-FA1439264B65:[b45a675e-aeff-4ba4-9b40-8f6156737b33:192.168.164.214:45207] returns group-FA1439264B65:java.util.concurrent.CompletableFuture@2d8efe0b[Not completed]
2019-10-14 10:17:02,203 [pool-240-thread-1] INFO  impl.RaftServerImpl (RaftServerImpl.java:<init>(95)) - b45a675e-aeff-4ba4-9b40-8f6156737b33: new RaftServerImpl for group-FA1439264B65:[b45a675e-aeff-4ba4-9b40-8f6156737b33:192.168.164.214:45207] with ContainerStateMachine:uninitialized
2019-10-14 10:17:02,203 [pool-240-thread-1] INFO  server.RaftServerConfigKeys (ConfUtils.java:logGet(43)) - raft.server.rpc.timeout.min = 5s (custom)
2019-10-14 10:17:02,203 [pool-240-thread-1] INFO  server.RaftServerConfigKeys (ConfUtils.java:logGet(43)) - raft.server.rpc.timeout.max = 5200ms (custom)
2019-10-14 10:17:02,203 [pool-240-thread-1] INFO  server.RaftServerConfigKeys (ConfUtils.java:logGet(43)) - raft.server.rpcslowness.timeout = 120s (custom)
2019-10-14 10:17:02,203 [pool-240-thread-1] INFO  server.RaftServerConfigKeys (ConfUtils.java:logGet(43)) - raft.server.sleep.deviation.threshold = 300 (default)
2019-10-14 10:17:02,203 [pool-240-thread-1] INFO  server.RaftServerConfigKeys (ConfUtils.java:logGet(43)) - raft.server.log.appender.install.snapshot.enabled = false (custom)
2019-10-14 10:17:02,204 [pool-240-thread-1] INFO  impl.RaftServerImpl (ServerState.java:<init>(103)) - b45a675e-aeff-4ba4-9b40-8f6156737b33@group-FA1439264B65: ConfigurationManager, init=-1: [b45a675e-aeff-4ba4-9b40-8f6156737b33:192.168.164.214:45207], old=null, confs=<EMPTY_MAP>
2019-10-14 10:17:02,204 [pool-240-thread-1] INFO  server.RaftServerConfigKeys (ConfUtils.java:logGet(43)) - raft.server.storage.dir = [/workdir/hadoop-ozone/ozonefs/target/test-dir/MiniOzoneClusterImpl-c76d7c66-f44c-4dfc-a708-d16c084e1c14/datanode-5/data/ratis] (custom)
2019-10-14 10:17:02,204 [pool-240-thread-1] INFO  storage.RaftStorageDirectory (RaftStorageDirectory.java:analyzeStorage(246)) - The storage directory /workdir/hadoop-ozone/ozonefs/target/test-dir/MiniOzoneClusterImpl-c76d7c66-f44c-4dfc-a708-d16c084e1c14/datanode-5/data/ratis/9ff648a0-98a6-418f-b5bf-fa1439264b65 does not exist. Creating ...
2019-10-14 10:17:02,227 [main] INFO  ozone.MiniOzoneClusterImpl (MiniOzoneClusterImpl.java:lambda$waitForClusterToBeReady$0(147)) - Waiting for cluster to be ready. Got 6 of 7 DN Heartbeats.
2019-10-14 10:17:02,228 [IPC Server handler 6 on 41414] INFO  net.NetworkTopology (NetworkTopologyImpl.java:add(111)) - Added a new node: /default-rack/ade9b509-d1ed-4779-a19c-4ed96427ff05
2019-10-14 10:17:02,228 [IPC Server handler 6 on 41414] INFO  node.SCMNodeManager (SCMNodeManager.java:register(266)) - Registered Data node : ade9b509-d1ed-4779-a19c-4ed96427ff05{ip: 192.168.164.214, host: pr-hdds-1569-vp9xg-4248047660, networkLocation: /default-rack, certSerialId: null}
2019-10-14 10:17:02,233 [pool-240-thread-1] INFO  storage.RaftStorageDirectory (RaftStorageDirectory.java:tryLock(328)) - Lock on /workdir/hadoop-ozone/ozonefs/target/test-dir/MiniOzoneClusterImpl-c76d7c66-f44c-4dfc-a708-d16c084e1c14/datanode-5/data/ratis/9ff648a0-98a6-418f-b5bf-fa1439264b65/in_use.lock acquired by nodename 4738@pr-hdds-1569-vp9xg-4248047660
2019-10-14 10:17:02,258 [pool-240-thread-1] INFO  storage.RaftStorage (RaftStorage.java:format(72)) - Storage directory /workdir/hadoop-ozone/ozonefs/target/test-dir/MiniOzoneClusterImpl-c76d7c66-f44c-4dfc-a708-d16c084e1c14/datanode-5/data/ratis/9ff648a0-98a6-418f-b5bf-fa1439264b65 has been successfully formatted.
2019-10-14 10:17:02,259 [pool-240-thread-1] INFO  ratis.ContainerStateMachine (ContainerStateMachine.java:loadSnapshot(230)) - group-FA1439264B65: The snapshot info is null. Setting the last applied indexto:(t:0, i:~)
2019-10-14 10:17:02,259 [pool-240-thread-1] INFO  server.RaftServerConfigKeys (ConfUtils.java:logGet(43)) - raft.server.notification.no-leader.timeout = 120s (custom)
2019-10-14 10:17:02,259 [pool-240-thread-1] INFO  server.RaftServerConfigKeys (ConfUtils.java:logGet(43)) - raft.server.log.use.memory = false (default)
2019-10-14 10:17:02,259 [pool-240-thread-1] INFO  server.RaftServerConfigKeys (ConfUtils.java:logGet(43)) - raft.server.log.purge.gap = 1000000 (custom)
2019-10-14 10:17:02,259 [pool-240-thread-1] INFO  server.RaftServerConfigKeys (ConfUtils.java:logGet(43)) - raft.server.log.appender.buffer.byte-limit = 33554432 (custom)
2019-10-14 10:17:02,259 [pool-240-thread-1] INFO  server.RaftServerConfigKeys (ConfUtils.java:logGet(43)) - raft.server.log.segment.size.max = 1048576 (custom)
2019-10-14 10:17:02,260 [pool-240-thread-1] INFO  server.RaftServerConfigKeys (ConfUtils.java:logGet(43)) - raft.server.log.segment.cache.num.max = 2 (custom)
2019-10-14 10:17:02,260 [pool-240-thread-1] INFO  segmented.SegmentedRaftLogWorker (SegmentedRaftLogWorker.java:<init>(172)) - new b45a675e-aeff-4ba4-9b40-8f6156737b33@group-FA1439264B65-SegmentedRaftLogWorker for RaftStorage:Storage Directory /workdir/hadoop-ozone/ozonefs/target/test-dir/MiniOzoneClusterImpl-c76d7c66-f44c-4dfc-a708-d16c084e1c14/datanode-5/data/ratis/9ff648a0-98a6-418f-b5bf-fa1439264b65
2019-10-14 10:17:02,263 [pool-240-thread-1] INFO  server.RaftServerConfigKeys (ConfUtils.java:logGet(43)) - raft.server.log.queue.byte-limit = 2147483647 (custom)
2019-10-14 10:17:02,263 [pool-240-thread-1] INFO  server.RaftServerConfigKeys (ConfUtils.java:logGet(43)) - raft.server.log.queue.element-limit = 1024 (custom)
2019-10-14 10:17:02,263 [pool-240-thread-1] INFO  server.RaftServerConfigKeys (ConfUtils.java:logGet(43)) - raft.server.log.segment.size.max = 1048576 (custom)
2019-10-14 10:17:02,263 [pool-240-thread-1] INFO  server.RaftServerConfigKeys (ConfUtils.java:logGet(43)) - raft.server.log.preallocated.size = 16384 (custom)
2019-10-14 10:17:02,263 [pool-240-thread-1] INFO  server.RaftServerConfigKeys (ConfUtils.java:logGet(43)) - raft.server.log.write.buffer.size = 33554432 (custom)
2019-10-14 10:17:02,263 [pool-240-thread-1] INFO  server.RaftServerConfigKeys (ConfUtils.java:logGet(43)) - raft.server.log.force.sync.num = 128 (default)
2019-10-14 10:17:02,263 [pool-240-thread-1] INFO  server.RaftServerConfigKeys (ConfUtils.java:logGet(43)) - raft.server.log.statemachine.data.sync = true (default)
2019-10-14 10:17:02,263 [pool-240-thread-1] INFO  server.RaftServerConfigKeys (ConfUtils.java:logGet(43)) - raft.server.log.statemachine.data.sync.timeout = 10s (default)
2019-10-14 10:17:02,264 [pool-240-thread-1] INFO  server.RaftServerConfigKeys (ConfUtils.java:logGet(43)) - raft.server.log.statemachine.data.sync.timeout.retry = -1 (default)
2019-10-14 10:17:02,264 [pool-240-thread-1] INFO  server.RaftServerConfigKeys (ConfUtils.java:logGet(43)) - raft.server.log.statemachine.data.caching.enabled = true (custom)
2019-10-14 10:17:02,264 [pool-240-thread-1] INFO  segmented.SegmentedRaftLogWorker (SegmentedRaftLogWorker.java:lambda$new$0(132)) - b45a675e-aeff-4ba4-9b40-8f6156737b33@group-FA1439264B65-SegmentedRaftLogWorker: flushIndex: setUnconditionally 0 -> -1
2019-10-14 10:17:02,264 [pool-240-thread-1] INFO  server.RaftServerConfigKeys (ConfUtils.java:logGet(43)) - raft.server.snapshot.auto.trigger.enabled = true (custom)
2019-10-14 10:17:02,265 [pool-240-thread-1] INFO  server.RaftServerConfigKeys (ConfUtils.java:logGet(43)) - raft.server.snapshot.auto.trigger.threshold = 10000 (custom)
2019-10-14 10:17:02,265 [pool-240-thread-1] INFO  server.RaftServerConfigKeys (ConfUtils.java:logGet(43)) - raft.server.snapshot.retention.num.files = 5 (custom)
2019-10-14 10:17:02,265 [pool-240-thread-1] INFO  server.RaftServerConfigKeys (ConfUtils.java:logGet(43)) - raft.server.retrycache.expirytime = 600000ms (custom)
2019-10-14 10:17:02,268 [pool-240-thread-1] INFO  impl.RaftServerImpl (RaftServerImpl.java:start(185)) - b45a675e-aeff-4ba4-9b40-8f6156737b33@group-FA1439264B65: start as a follower, conf=-1: [b45a675e-aeff-4ba4-9b40-8f6156737b33:192.168.164.214:45207], old=null
2019-10-14 10:17:02,268 [pool-240-thread-1] INFO  impl.RaftServerImpl (RaftServerImpl.java:setRole(174)) - b45a675e-aeff-4ba4-9b40-8f6156737b33@group-FA1439264B65: changes role from      null to FOLLOWER at term 0 for startAsFollower
2019-10-14 10:17:02,268 [pool-240-thread-1] INFO  impl.RoleInfo (RoleInfo.java:updateAndGet(143)) - b45a675e-aeff-4ba4-9b40-8f6156737b33: start FollowerState
2019-10-14 10:17:02,268 [pool-240-thread-1] INFO  util.JmxRegister (JmxRegister.java:tryRegister(44)) - Successfully registered JMX Bean with object name Ratis:service=RaftServer,group=group-FA1439264B65,id=b45a675e-aeff-4ba4-9b40-8f6156737b33
2019-10-14 10:17:02,274 [RatisPipelineUtilsThread] INFO  pipeline.PipelineStateManager (PipelineStateManager.java:addPipeline(56)) - Created pipeline Pipeline[ Id: 9ff648a0-98a6-418f-b5bf-fa1439264b65, Nodes: b45a675e-aeff-4ba4-9b40-8f6156737b33{ip: 192.168.164.214, host: pr-hdds-1569-vp9xg-4248047660, networkLocation: /default-rack, certSerialId: null}, Type:RATIS, Factor:ONE, State:OPEN]
2019-10-14 10:17:02,285 [grpc-default-executor-0] INFO  impl.RaftServerProxy (RaftServerProxy.java:addNew(89)) - ade9b509-d1ed-4779-a19c-4ed96427ff05: addNew group-F908FC361F06:[ade9b509-d1ed-4779-a19c-4ed96427ff05:192.168.164.214:46824] returns group-F908FC361F06:java.util.concurrent.CompletableFuture@3d35c61b[Not completed]
2019-10-14 10:17:02,286 [pool-250-thread-1] INFO  impl.RaftServerImpl (RaftServerImpl.java:<init>(95)) - ade9b509-d1ed-4779-a19c-4ed96427ff05: new RaftServerImpl for group-F908FC361F06:[ade9b509-d1ed-4779-a19c-4ed96427ff05:192.168.164.214:46824] with ContainerStateMachine:uninitialized
2019-10-14 10:17:02,286 [pool-250-thread-1] INFO  server.RaftServerConfigKeys (ConfUtils.java:logGet(43)) - raft.server.rpc.timeout.min = 5s (custom)
2019-10-14 10:17:02,286 [pool-250-thread-1] INFO  server.RaftServerConfigKeys (ConfUtils.java:logGet(43)) - raft.server.rpc.timeout.max = 5200ms (custom)
2019-10-14 10:17:02,287 [pool-250-thread-1] INFO  server.RaftServerConfigKeys (ConfUtils.java:logGet(43)) - raft.server.rpcslowness.timeout = 120s (custom)
2019-10-14 10:17:02,287 [pool-250-thread-1] INFO  server.RaftServerConfigKeys (ConfUtils.java:logGet(43)) - raft.server.sleep.deviation.threshold = 300 (default)
2019-10-14 10:17:02,287 [pool-250-thread-1] INFO  server.RaftServerConfigKeys (ConfUtils.java:logGet(43)) - raft.server.log.appender.install.snapshot.enabled = false (custom)
2019-10-14 10:17:02,287 [pool-250-thread-1] INFO  impl.RaftServerImpl (ServerState.java:<init>(103)) - ade9b509-d1ed-4779-a19c-4ed96427ff05@group-F908FC361F06: ConfigurationManager, init=-1: [ade9b509-d1ed-4779-a19c-4ed96427ff05:192.168.164.214:46824], old=null, confs=<EMPTY_MAP>
2019-10-14 10:17:02,287 [pool-250-thread-1] INFO  server.RaftServerConfigKeys (ConfUtils.java:logGet(43)) - raft.server.storage.dir = [/workdir/hadoop-ozone/ozonefs/target/test-dir/MiniOzoneClusterImpl-c76d7c66-f44c-4dfc-a708-d16c084e1c14/datanode-6/data/ratis] (custom)
2019-10-14 10:17:02,287 [pool-250-thread-1] INFO  storage.RaftStorageDirectory (RaftStorageDirectory.java:analyzeStorage(246)) - The storage directory /workdir/hadoop-ozone/ozonefs/target/test-dir/MiniOzoneClusterImpl-c76d7c66-f44c-4dfc-a708-d16c084e1c14/datanode-6/data/ratis/de40f2aa-0e97-422f-af63-f908fc361f06 does not exist. Creating ...
2019-10-14 10:17:02,317 [pool-250-thread-1] INFO  storage.RaftStorageDirectory (RaftStorageDirectory.java:tryLock(328)) - Lock on /workdir/hadoop-ozone/ozonefs/target/test-dir/MiniOzoneClusterImpl-c76d7c66-f44c-4dfc-a708-d16c084e1c14/datanode-6/data/ratis/de40f2aa-0e97-422f-af63-f908fc361f06/in_use.lock acquired by nodename 4738@pr-hdds-1569-vp9xg-4248047660
2019-10-14 10:17:02,343 [pool-250-thread-1] INFO  storage.RaftStorage (RaftStorage.java:format(72)) - Storage directory /workdir/hadoop-ozone/ozonefs/target/test-dir/MiniOzoneClusterImpl-c76d7c66-f44c-4dfc-a708-d16c084e1c14/datanode-6/data/ratis/de40f2aa-0e97-422f-af63-f908fc361f06 has been successfully formatted.
2019-10-14 10:17:02,343 [pool-250-thread-1] INFO  ratis.ContainerStateMachine (ContainerStateMachine.java:loadSnapshot(230)) - group-F908FC361F06: The snapshot info is null. Setting the last applied indexto:(t:0, i:~)
2019-10-14 10:17:02,343 [pool-250-thread-1] INFO  server.RaftServerConfigKeys (ConfUtils.java:logGet(43)) - raft.server.notification.no-leader.timeout = 120s (custom)
2019-10-14 10:17:02,343 [pool-250-thread-1] INFO  server.RaftServerConfigKeys (ConfUtils.java:logGet(43)) - raft.server.log.use.memory = false (default)
2019-10-14 10:17:02,343 [pool-250-thread-1] INFO  server.RaftServerConfigKeys (ConfUtils.java:logGet(43)) - raft.server.log.purge.gap = 1000000 (custom)
2019-10-14 10:17:02,343 [pool-250-thread-1] INFO  server.RaftServerConfigKeys (ConfUtils.java:logGet(43)) - raft.server.log.appender.buffer.byte-limit = 33554432 (custom)
2019-10-14 10:17:02,343 [pool-250-thread-1] INFO  server.RaftServerConfigKeys (ConfUtils.java:logGet(43)) - raft.server.log.segment.size.max = 1048576 (custom)
2019-10-14 10:17:02,343 [pool-250-thread-1] INFO  server.RaftServerConfigKeys (ConfUtils.java:logGet(43)) - raft.server.log.segment.cache.num.max = 2 (custom)
2019-10-14 10:17:02,344 [pool-250-thread-1] INFO  segmented.SegmentedRaftLogWorker (SegmentedRaftLogWorker.java:<init>(172)) - new ade9b509-d1ed-4779-a19c-4ed96427ff05@group-F908FC361F06-SegmentedRaftLogWorker for RaftStorage:Storage Directory /workdir/hadoop-ozone/ozonefs/target/test-dir/MiniOzoneClusterImpl-c76d7c66-f44c-4dfc-a708-d16c084e1c14/datanode-6/data/ratis/de40f2aa-0e97-422f-af63-f908fc361f06
2019-10-14 10:17:02,346 [pool-250-thread-1] INFO  server.RaftServerConfigKeys (ConfUtils.java:logGet(43)) - raft.server.log.queue.byte-limit = 2147483647 (custom)
2019-10-14 10:17:02,346 [pool-250-thread-1] INFO  server.RaftServerConfigKeys (ConfUtils.java:logGet(43)) - raft.server.log.queue.element-limit = 1024 (custom)
2019-10-14 10:17:02,346 [pool-250-thread-1] INFO  server.RaftServerConfigKeys (ConfUtils.java:logGet(43)) - raft.server.log.segment.size.max = 1048576 (custom)
2019-10-14 10:17:02,346 [pool-250-thread-1] INFO  server.RaftServerConfigKeys (ConfUtils.java:logGet(43)) - raft.server.log.preallocated.size = 16384 (custom)
2019-10-14 10:17:02,346 [pool-250-thread-1] INFO  server.RaftServerConfigKeys (ConfUtils.java:logGet(43)) - raft.server.log.write.buffer.size = 33554432 (custom)
2019-10-14 10:17:02,346 [pool-250-thread-1] INFO  server.RaftServerConfigKeys (ConfUtils.java:logGet(43)) - raft.server.log.force.sync.num = 128 (default)
2019-10-14 10:17:02,346 [pool-250-thread-1] INFO  server.RaftServerConfigKeys (ConfUtils.java:logGet(43)) - raft.server.log.statemachine.data.sync = true (default)
2019-10-14 10:17:02,346 [pool-250-thread-1] INFO  server.RaftServerConfigKeys (ConfUtils.java:logGet(43)) - raft.server.log.statemachine.data.sync.timeout = 10s (default)
2019-10-14 10:17:02,347 [pool-250-thread-1] INFO  server.RaftServerConfigKeys (ConfUtils.java:logGet(43)) - raft.server.log.statemachine.data.sync.timeout.retry = -1 (default)
2019-10-14 10:17:02,347 [pool-250-thread-1] INFO  server.RaftServerConfigKeys (ConfUtils.java:logGet(43)) - raft.server.log.statemachine.data.caching.enabled = true (custom)
2019-10-14 10:17:02,347 [pool-250-thread-1] INFO  segmented.SegmentedRaftLogWorker (SegmentedRaftLogWorker.java:lambda$new$0(132)) - ade9b509-d1ed-4779-a19c-4ed96427ff05@group-F908FC361F06-SegmentedRaftLogWorker: flushIndex: setUnconditionally 0 -> -1
2019-10-14 10:17:02,347 [pool-250-thread-1] INFO  server.RaftServerConfigKeys (ConfUtils.java:logGet(43)) - raft.server.snapshot.auto.trigger.enabled = true (custom)
2019-10-14 10:17:02,348 [pool-250-thread-1] INFO  server.RaftServerConfigKeys (ConfUtils.java:logGet(43)) - raft.server.snapshot.auto.trigger.threshold = 10000 (custom)
2019-10-14 10:17:02,348 [pool-250-thread-1] INFO  server.RaftServerConfigKeys (ConfUtils.java:logGet(43)) - raft.server.snapshot.retention.num.files = 5 (custom)
2019-10-14 10:17:02,348 [pool-250-thread-1] INFO  server.RaftServerConfigKeys (ConfUtils.java:logGet(43)) - raft.server.retrycache.expirytime = 600000ms (custom)
2019-10-14 10:17:02,350 [pool-250-thread-1] INFO  impl.RaftServerImpl (RaftServerImpl.java:start(185)) - ade9b509-d1ed-4779-a19c-4ed96427ff05@group-F908FC361F06: start as a follower, conf=-1: [ade9b509-d1ed-4779-a19c-4ed96427ff05:192.168.164.214:46824], old=null
2019-10-14 10:17:02,350 [pool-250-thread-1] INFO  impl.RaftServerImpl (RaftServerImpl.java:setRole(174)) - ade9b509-d1ed-4779-a19c-4ed96427ff05@group-F908FC361F06: changes role from      null to FOLLOWER at term 0 for startAsFollower
2019-10-14 10:17:02,350 [pool-250-thread-1] INFO  impl.RoleInfo (RoleInfo.java:updateAndGet(143)) - ade9b509-d1ed-4779-a19c-4ed96427ff05: start FollowerState
2019-10-14 10:17:02,350 [pool-250-thread-1] INFO  util.JmxRegister (JmxRegister.java:tryRegister(44)) - Successfully registered JMX Bean with object name Ratis:service=RaftServer,group=group-F908FC361F06,id=ade9b509-d1ed-4779-a19c-4ed96427ff05
2019-10-14 10:17:02,355 [RatisPipelineUtilsThread] INFO  pipeline.PipelineStateManager (PipelineStateManager.java:addPipeline(56)) - Created pipeline Pipeline[ Id: de40f2aa-0e97-422f-af63-f908fc361f06, Nodes: ade9b509-d1ed-4779-a19c-4ed96427ff05{ip: 192.168.164.214, host: pr-hdds-1569-vp9xg-4248047660, networkLocation: /default-rack, certSerialId: null}, Type:RATIS, Factor:ONE, State:OPEN]
2019-10-14 10:17:02,358 [RatisPipelineUtilsThread] ERROR pipeline.SCMPipelineManager (SCMPipelineManager.java:createPipeline(193)) - Pipeline creation failed.
org.apache.hadoop.hdds.scm.exceptions.SCMException: Cannot create pipeline of factor 1 using 0 nodes. Used 7 nodes. Healthy nodes 7
	at org.apache.hadoop.hdds.scm.pipeline.RatisPipelineProvider.pickNodesNeverUsed(RatisPipelineProvider.java:116)
	at org.apache.hadoop.hdds.scm.pipeline.RatisPipelineProvider.create(RatisPipelineProvider.java:128)
	at org.apache.hadoop.hdds.scm.pipeline.PipelineFactory.create(PipelineFactory.java:58)
	at org.apache.hadoop.hdds.scm.pipeline.SCMPipelineManager.createPipeline(SCMPipelineManager.java:183)
	at org.apache.hadoop.hdds.scm.pipeline.BackgroundPipelineCreator.createPipelines(BackgroundPipelineCreator.java:100)
	at java.util.concurrent.Executors$RunnableAdapter.call(Executors.java:511)
	at java.util.concurrent.FutureTask.run(FutureTask.java:266)
	at java.util.concurrent.ScheduledThreadPoolExecutor$ScheduledFutureTask.access$201(ScheduledThreadPoolExecutor.java:180)
	at java.util.concurrent.ScheduledThreadPoolExecutor$ScheduledFutureTask.run(ScheduledThreadPoolExecutor.java:293)
	at java.util.concurrent.ThreadPoolExecutor.runWorker(ThreadPoolExecutor.java:1149)
	at java.util.concurrent.ThreadPoolExecutor$Worker.run(ThreadPoolExecutor.java:624)
	at java.lang.Thread.run(Thread.java:748)
2019-10-14 10:17:02,374 [grpc-default-executor-2] INFO  impl.RaftServerProxy (RaftServerProxy.java:addNew(89)) - 36847f54-85ee-4d0b-96a5-61a90c070d38: addNew group-26117E050404:[ade9b509-d1ed-4779-a19c-4ed96427ff05:192.168.164.214:46824, 36847f54-85ee-4d0b-96a5-61a90c070d38:192.168.164.214:45241, b253433b-9336-40b9-b5cf-1baec0039647:192.168.164.214:34997] returns group-26117E050404:java.util.concurrent.CompletableFuture@5a6de173[Not completed]
2019-10-14 10:17:02,374 [grpc-default-executor-1] INFO  impl.RaftServerProxy (RaftServerProxy.java:addNew(89)) - b253433b-9336-40b9-b5cf-1baec0039647: addNew group-26117E050404:[ade9b509-d1ed-4779-a19c-4ed96427ff05:192.168.164.214:46824, 36847f54-85ee-4d0b-96a5-61a90c070d38:192.168.164.214:45241, b253433b-9336-40b9-b5cf-1baec0039647:192.168.164.214:34997] returns group-26117E050404:java.util.concurrent.CompletableFuture@5d22b13f[Not completed]
2019-10-14 10:17:02,374 [grpc-default-executor-0] INFO  impl.RaftServerProxy (RaftServerProxy.java:addNew(89)) - ade9b509-d1ed-4779-a19c-4ed96427ff05: addNew group-26117E050404:[ade9b509-d1ed-4779-a19c-4ed96427ff05:192.168.164.214:46824, 36847f54-85ee-4d0b-96a5-61a90c070d38:192.168.164.214:45241, b253433b-9336-40b9-b5cf-1baec0039647:192.168.164.214:34997] returns group-26117E050404:java.util.concurrent.CompletableFuture@3356b4ae[Not completed]
2019-10-14 10:17:02,375 [pool-230-thread-1] INFO  impl.RaftServerImpl (RaftServerImpl.java:<init>(95)) - 36847f54-85ee-4d0b-96a5-61a90c070d38: new RaftServerImpl for group-26117E050404:[ade9b509-d1ed-4779-a19c-4ed96427ff05:192.168.164.214:46824, 36847f54-85ee-4d0b-96a5-61a90c070d38:192.168.164.214:45241, b253433b-9336-40b9-b5cf-1baec0039647:192.168.164.214:34997] with ContainerStateMachine:uninitialized
2019-10-14 10:17:02,375 [pool-230-thread-1] INFO  server.RaftServerConfigKeys (ConfUtils.java:logGet(43)) - raft.server.rpc.timeout.min = 5s (custom)
2019-10-14 10:17:02,375 [pool-230-thread-1] INFO  server.RaftServerConfigKeys (ConfUtils.java:logGet(43)) - raft.server.rpc.timeout.max = 5200ms (custom)
2019-10-14 10:17:02,375 [pool-230-thread-1] INFO  server.RaftServerConfigKeys (ConfUtils.java:logGet(43)) - raft.server.rpcslowness.timeout = 120s (custom)
2019-10-14 10:17:02,376 [pool-230-thread-1] INFO  server.RaftServerConfigKeys (ConfUtils.java:logGet(43)) - raft.server.sleep.deviation.threshold = 300 (default)
2019-10-14 10:17:02,376 [pool-230-thread-1] INFO  server.RaftServerConfigKeys (ConfUtils.java:logGet(43)) - raft.server.log.appender.install.snapshot.enabled = false (custom)
2019-10-14 10:17:02,376 [pool-250-thread-1] INFO  impl.RaftServerImpl (RaftServerImpl.java:<init>(95)) - ade9b509-d1ed-4779-a19c-4ed96427ff05: new RaftServerImpl for group-26117E050404:[ade9b509-d1ed-4779-a19c-4ed96427ff05:192.168.164.214:46824, 36847f54-85ee-4d0b-96a5-61a90c070d38:192.168.164.214:45241, b253433b-9336-40b9-b5cf-1baec0039647:192.168.164.214:34997] with ContainerStateMachine:uninitialized
2019-10-14 10:17:02,376 [pool-230-thread-1] INFO  impl.RaftServerImpl (ServerState.java:<init>(103)) - 36847f54-85ee-4d0b-96a5-61a90c070d38@group-26117E050404: ConfigurationManager, init=-1: [ade9b509-d1ed-4779-a19c-4ed96427ff05:192.168.164.214:46824, 36847f54-85ee-4d0b-96a5-61a90c070d38:192.168.164.214:45241, b253433b-9336-40b9-b5cf-1baec0039647:192.168.164.214:34997], old=null, confs=<EMPTY_MAP>
2019-10-14 10:17:02,376 [pool-250-thread-1] INFO  server.RaftServerConfigKeys (ConfUtils.java:logGet(43)) - raft.server.rpc.timeout.min = 5s (custom)
2019-10-14 10:17:02,376 [pool-220-thread-1] INFO  impl.RaftServerImpl (RaftServerImpl.java:<init>(95)) - b253433b-9336-40b9-b5cf-1baec0039647: new RaftServerImpl for group-26117E050404:[ade9b509-d1ed-4779-a19c-4ed96427ff05:192.168.164.214:46824, 36847f54-85ee-4d0b-96a5-61a90c070d38:192.168.164.214:45241, b253433b-9336-40b9-b5cf-1baec0039647:192.168.164.214:34997] with ContainerStateMachine:uninitialized
2019-10-14 10:17:02,376 [pool-230-thread-1] INFO  server.RaftServerConfigKeys (ConfUtils.java:logGet(43)) - raft.server.storage.dir = [/workdir/hadoop-ozone/ozonefs/target/test-dir/MiniOzoneClusterImpl-c76d7c66-f44c-4dfc-a708-d16c084e1c14/datanode-4/data/ratis] (custom)
2019-10-14 10:17:02,376 [pool-220-thread-1] INFO  server.RaftServerConfigKeys (ConfUtils.java:logGet(43)) - raft.server.rpc.timeout.min = 5s (custom)
2019-10-14 10:17:02,376 [pool-250-thread-1] INFO  server.RaftServerConfigKeys (ConfUtils.java:logGet(43)) - raft.server.rpc.timeout.max = 5200ms (custom)
2019-10-14 10:17:02,377 [pool-230-thread-1] INFO  storage.RaftStorageDirectory (RaftStorageDirectory.java:analyzeStorage(246)) - The storage directory /workdir/hadoop-ozone/ozonefs/target/test-dir/MiniOzoneClusterImpl-c76d7c66-f44c-4dfc-a708-d16c084e1c14/datanode-4/data/ratis/d75ad1da-18ab-48d1-94b5-26117e050404 does not exist. Creating ...
2019-10-14 10:17:02,376 [pool-220-thread-1] INFO  server.RaftServerConfigKeys (ConfUtils.java:logGet(43)) - raft.server.rpc.timeout.max = 5200ms (custom)
2019-10-14 10:17:02,377 [pool-250-thread-1] INFO  server.RaftServerConfigKeys (ConfUtils.java:logGet(43)) - raft.server.rpcslowness.timeout = 120s (custom)
2019-10-14 10:17:02,377 [pool-220-thread-1] INFO  server.RaftServerConfigKeys (ConfUtils.java:logGet(43)) - raft.server.rpcslowness.timeout = 120s (custom)
2019-10-14 10:17:02,377 [pool-250-thread-1] INFO  server.RaftServerConfigKeys (ConfUtils.java:logGet(43)) - raft.server.sleep.deviation.threshold = 300 (default)
2019-10-14 10:17:02,377 [pool-220-thread-1] INFO  server.RaftServerConfigKeys (ConfUtils.java:logGet(43)) - raft.server.sleep.deviation.threshold = 300 (default)
2019-10-14 10:17:02,377 [pool-250-thread-1] INFO  server.RaftServerConfigKeys (ConfUtils.java:logGet(43)) - raft.server.log.appender.install.snapshot.enabled = false (custom)
2019-10-14 10:17:02,377 [pool-220-thread-1] INFO  server.RaftServerConfigKeys (ConfUtils.java:logGet(43)) - raft.server.log.appender.install.snapshot.enabled = false (custom)
2019-10-14 10:17:02,378 [pool-250-thread-1] INFO  impl.RaftServerImpl (ServerState.java:<init>(103)) - ade9b509-d1ed-4779-a19c-4ed96427ff05@group-26117E050404: ConfigurationManager, init=-1: [ade9b509-d1ed-4779-a19c-4ed96427ff05:192.168.164.214:46824, 36847f54-85ee-4d0b-96a5-61a90c070d38:192.168.164.214:45241, b253433b-9336-40b9-b5cf-1baec0039647:192.168.164.214:34997], old=null, confs=<EMPTY_MAP>
2019-10-14 10:17:02,378 [pool-220-thread-1] INFO  impl.RaftServerImpl (ServerState.java:<init>(103)) - b253433b-9336-40b9-b5cf-1baec0039647@group-26117E050404: ConfigurationManager, init=-1: [ade9b509-d1ed-4779-a19c-4ed96427ff05:192.168.164.214:46824, 36847f54-85ee-4d0b-96a5-61a90c070d38:192.168.164.214:45241, b253433b-9336-40b9-b5cf-1baec0039647:192.168.164.214:34997], old=null, confs=<EMPTY_MAP>
2019-10-14 10:17:02,378 [pool-250-thread-1] INFO  server.RaftServerConfigKeys (ConfUtils.java:logGet(43)) - raft.server.storage.dir = [/workdir/hadoop-ozone/ozonefs/target/test-dir/MiniOzoneClusterImpl-c76d7c66-f44c-4dfc-a708-d16c084e1c14/datanode-6/data/ratis] (custom)
2019-10-14 10:17:02,378 [pool-220-thread-1] INFO  server.RaftServerConfigKeys (ConfUtils.java:logGet(43)) - raft.server.storage.dir = [/workdir/hadoop-ozone/ozonefs/target/test-dir/MiniOzoneClusterImpl-c76d7c66-f44c-4dfc-a708-d16c084e1c14/datanode-3/data/ratis] (custom)
2019-10-14 10:17:02,378 [pool-250-thread-1] INFO  storage.RaftStorageDirectory (RaftStorageDirectory.java:analyzeStorage(246)) - The storage directory /workdir/hadoop-ozone/ozonefs/target/test-dir/MiniOzoneClusterImpl-c76d7c66-f44c-4dfc-a708-d16c084e1c14/datanode-6/data/ratis/d75ad1da-18ab-48d1-94b5-26117e050404 does not exist. Creating ...
2019-10-14 10:17:02,379 [pool-220-thread-1] INFO  storage.RaftStorageDirectory (RaftStorageDirectory.java:analyzeStorage(246)) - The storage directory /workdir/hadoop-ozone/ozonefs/target/test-dir/MiniOzoneClusterImpl-c76d7c66-f44c-4dfc-a708-d16c084e1c14/datanode-3/data/ratis/d75ad1da-18ab-48d1-94b5-26117e050404 does not exist. Creating ...
2019-10-14 10:17:02,401 [pool-230-thread-1] INFO  storage.RaftStorageDirectory (RaftStorageDirectory.java:tryLock(328)) - Lock on /workdir/hadoop-ozone/ozonefs/target/test-dir/MiniOzoneClusterImpl-c76d7c66-f44c-4dfc-a708-d16c084e1c14/datanode-4/data/ratis/d75ad1da-18ab-48d1-94b5-26117e050404/in_use.lock acquired by nodename 4738@pr-hdds-1569-vp9xg-4248047660
2019-10-14 10:17:02,401 [pool-250-thread-1] INFO  storage.RaftStorageDirectory (RaftStorageDirectory.java:tryLock(328)) - Lock on /workdir/hadoop-ozone/ozonefs/target/test-dir/MiniOzoneClusterImpl-c76d7c66-f44c-4dfc-a708-d16c084e1c14/datanode-6/data/ratis/d75ad1da-18ab-48d1-94b5-26117e050404/in_use.lock acquired by nodename 4738@pr-hdds-1569-vp9xg-4248047660
2019-10-14 10:17:02,401 [pool-220-thread-1] INFO  storage.RaftStorageDirectory (RaftStorageDirectory.java:tryLock(328)) - Lock on /workdir/hadoop-ozone/ozonefs/target/test-dir/MiniOzoneClusterImpl-c76d7c66-f44c-4dfc-a708-d16c084e1c14/datanode-3/data/ratis/d75ad1da-18ab-48d1-94b5-26117e050404/in_use.lock acquired by nodename 4738@pr-hdds-1569-vp9xg-4248047660
2019-10-14 10:17:02,427 [pool-220-thread-1] INFO  storage.RaftStorage (RaftStorage.java:format(72)) - Storage directory /workdir/hadoop-ozone/ozonefs/target/test-dir/MiniOzoneClusterImpl-c76d7c66-f44c-4dfc-a708-d16c084e1c14/datanode-3/data/ratis/d75ad1da-18ab-48d1-94b5-26117e050404 has been successfully formatted.
2019-10-14 10:17:02,427 [pool-230-thread-1] INFO  storage.RaftStorage (RaftStorage.java:format(72)) - Storage directory /workdir/hadoop-ozone/ozonefs/target/test-dir/MiniOzoneClusterImpl-c76d7c66-f44c-4dfc-a708-d16c084e1c14/datanode-4/data/ratis/d75ad1da-18ab-48d1-94b5-26117e050404 has been successfully formatted.
2019-10-14 10:17:02,428 [pool-220-thread-1] INFO  ratis.ContainerStateMachine (ContainerStateMachine.java:loadSnapshot(230)) - group-26117E050404: The snapshot info is null. Setting the last applied indexto:(t:0, i:~)
2019-10-14 10:17:02,427 [pool-250-thread-1] INFO  storage.RaftStorage (RaftStorage.java:format(72)) - Storage directory /workdir/hadoop-ozone/ozonefs/target/test-dir/MiniOzoneClusterImpl-c76d7c66-f44c-4dfc-a708-d16c084e1c14/datanode-6/data/ratis/d75ad1da-18ab-48d1-94b5-26117e050404 has been successfully formatted.
2019-10-14 10:17:02,428 [pool-220-thread-1] INFO  server.RaftServerConfigKeys (ConfUtils.java:logGet(43)) - raft.server.notification.no-leader.timeout = 120s (custom)
2019-10-14 10:17:02,428 [pool-230-thread-1] INFO  ratis.ContainerStateMachine (ContainerStateMachine.java:loadSnapshot(230)) - group-26117E050404: The snapshot info is null. Setting the last applied indexto:(t:0, i:~)
2019-10-14 10:17:02,428 [pool-220-thread-1] INFO  server.RaftServerConfigKeys (ConfUtils.java:logGet(43)) - raft.server.log.use.memory = false (default)
2019-10-14 10:17:02,428 [pool-250-thread-1] INFO  ratis.ContainerStateMachine (ContainerStateMachine.java:loadSnapshot(230)) - group-26117E050404: The snapshot info is null. Setting the last applied indexto:(t:0, i:~)
2019-10-14 10:17:02,428 [pool-220-thread-1] INFO  server.RaftServerConfigKeys (ConfUtils.java:logGet(43)) - raft.server.log.purge.gap = 1000000 (custom)
2019-10-14 10:17:02,428 [pool-230-thread-1] INFO  server.RaftServerConfigKeys (ConfUtils.java:logGet(43)) - raft.server.notification.no-leader.timeout = 120s (custom)
2019-10-14 10:17:02,429 [pool-220-thread-1] INFO  server.RaftServerConfigKeys (ConfUtils.java:logGet(43)) - raft.server.log.appender.buffer.byte-limit = 33554432 (custom)
2019-10-14 10:17:02,429 [pool-250-thread-1] INFO  server.RaftServerConfigKeys (ConfUtils.java:logGet(43)) - raft.server.notification.no-leader.timeout = 120s (custom)
2019-10-14 10:17:02,429 [pool-220-thread-1] INFO  server.RaftServerConfigKeys (ConfUtils.java:logGet(43)) - raft.server.log.segment.size.max = 1048576 (custom)
2019-10-14 10:17:02,429 [pool-230-thread-1] INFO  server.RaftServerConfigKeys (ConfUtils.java:logGet(43)) - raft.server.log.use.memory = false (default)
2019-10-14 10:17:02,429 [pool-220-thread-1] INFO  server.RaftServerConfigKeys (ConfUtils.java:logGet(43)) - raft.server.log.segment.cache.num.max = 2 (custom)
2019-10-14 10:17:02,430 [pool-220-thread-1] INFO  segmented.SegmentedRaftLogWorker (SegmentedRaftLogWorker.java:<init>(172)) - new b253433b-9336-40b9-b5cf-1baec0039647@group-26117E050404-SegmentedRaftLogWorker for RaftStorage:Storage Directory /workdir/hadoop-ozone/ozonefs/target/test-dir/MiniOzoneClusterImpl-c76d7c66-f44c-4dfc-a708-d16c084e1c14/datanode-3/data/ratis/d75ad1da-18ab-48d1-94b5-26117e050404
2019-10-14 10:17:02,429 [pool-250-thread-1] INFO  server.RaftServerConfigKeys (ConfUtils.java:logGet(43)) - raft.server.log.use.memory = false (default)
2019-10-14 10:17:02,430 [pool-220-thread-1] INFO  server.RaftServerConfigKeys (ConfUtils.java:logGet(43)) - raft.server.log.queue.byte-limit = 2147483647 (custom)
2019-10-14 10:17:02,430 [pool-230-thread-1] INFO  server.RaftServerConfigKeys (ConfUtils.java:logGet(43)) - raft.server.log.purge.gap = 1000000 (custom)
2019-10-14 10:17:02,430 [pool-220-thread-1] INFO  server.RaftServerConfigKeys (ConfUtils.java:logGet(43)) - raft.server.log.queue.element-limit = 1024 (custom)
2019-10-14 10:17:02,430 [pool-250-thread-1] INFO  server.RaftServerConfigKeys (ConfUtils.java:logGet(43)) - raft.server.log.purge.gap = 1000000 (custom)
2019-10-14 10:17:02,431 [pool-220-thread-1] INFO  server.RaftServerConfigKeys (ConfUtils.java:logGet(43)) - raft.server.log.segment.size.max = 1048576 (custom)
2019-10-14 10:17:02,430 [pool-230-thread-1] INFO  server.RaftServerConfigKeys (ConfUtils.java:logGet(43)) - raft.server.log.appender.buffer.byte-limit = 33554432 (custom)
2019-10-14 10:17:02,431 [pool-220-thread-1] INFO  server.RaftServerConfigKeys (ConfUtils.java:logGet(43)) - raft.server.log.preallocated.size = 16384 (custom)
2019-10-14 10:17:02,431 [pool-250-thread-1] INFO  server.RaftServerConfigKeys (ConfUtils.java:logGet(43)) - raft.server.log.appender.buffer.byte-limit = 33554432 (custom)
2019-10-14 10:17:02,431 [pool-220-thread-1] INFO  server.RaftServerConfigKeys (ConfUtils.java:logGet(43)) - raft.server.log.write.buffer.size = 33554432 (custom)
2019-10-14 10:17:02,432 [pool-220-thread-1] INFO  server.RaftServerConfigKeys (ConfUtils.java:logGet(43)) - raft.server.log.force.sync.num = 128 (default)
2019-10-14 10:17:02,431 [pool-230-thread-1] INFO  server.RaftServerConfigKeys (ConfUtils.java:logGet(43)) - raft.server.log.segment.size.max = 1048576 (custom)
2019-10-14 10:17:02,432 [pool-220-thread-1] INFO  server.RaftServerConfigKeys (ConfUtils.java:logGet(43)) - raft.server.log.statemachine.data.sync = true (default)
2019-10-14 10:17:02,431 [pool-250-thread-1] INFO  server.RaftServerConfigKeys (ConfUtils.java:logGet(43)) - raft.server.log.segment.size.max = 1048576 (custom)
2019-10-14 10:17:02,432 [pool-220-thread-1] INFO  server.RaftServerConfigKeys (ConfUtils.java:logGet(43)) - raft.server.log.statemachine.data.sync.timeout = 10s (default)
2019-10-14 10:17:02,432 [pool-230-thread-1] INFO  server.RaftServerConfigKeys (ConfUtils.java:logGet(43)) - raft.server.log.segment.cache.num.max = 2 (custom)
2019-10-14 10:17:02,432 [pool-220-thread-1] INFO  server.RaftServerConfigKeys (ConfUtils.java:logGet(43)) - raft.server.log.statemachine.data.sync.timeout.retry = -1 (default)
2019-10-14 10:17:02,432 [pool-250-thread-1] INFO  server.RaftServerConfigKeys (ConfUtils.java:logGet(43)) - raft.server.log.segment.cache.num.max = 2 (custom)
2019-10-14 10:17:02,433 [pool-220-thread-1] INFO  server.RaftServerConfigKeys (ConfUtils.java:logGet(43)) - raft.server.log.statemachine.data.caching.enabled = true (custom)
2019-10-14 10:17:02,433 [pool-230-thread-1] INFO  segmented.SegmentedRaftLogWorker (SegmentedRaftLogWorker.java:<init>(172)) - new 36847f54-85ee-4d0b-96a5-61a90c070d38@group-26117E050404-SegmentedRaftLogWorker for RaftStorage:Storage Directory /workdir/hadoop-ozone/ozonefs/target/test-dir/MiniOzoneClusterImpl-c76d7c66-f44c-4dfc-a708-d16c084e1c14/datanode-4/data/ratis/d75ad1da-18ab-48d1-94b5-26117e050404
2019-10-14 10:17:02,433 [pool-250-thread-1] INFO  segmented.SegmentedRaftLogWorker (SegmentedRaftLogWorker.java:<init>(172)) - new ade9b509-d1ed-4779-a19c-4ed96427ff05@group-26117E050404-SegmentedRaftLogWorker for RaftStorage:Storage Directory /workdir/hadoop-ozone/ozonefs/target/test-dir/MiniOzoneClusterImpl-c76d7c66-f44c-4dfc-a708-d16c084e1c14/datanode-6/data/ratis/d75ad1da-18ab-48d1-94b5-26117e050404
2019-10-14 10:17:02,433 [pool-220-thread-1] INFO  segmented.SegmentedRaftLogWorker (SegmentedRaftLogWorker.java:lambda$new$0(132)) - b253433b-9336-40b9-b5cf-1baec0039647@group-26117E050404-SegmentedRaftLogWorker: flushIndex: setUnconditionally 0 -> -1
2019-10-14 10:17:02,433 [pool-230-thread-1] INFO  server.RaftServerConfigKeys (ConfUtils.java:logGet(43)) - raft.server.log.queue.byte-limit = 2147483647 (custom)
2019-10-14 10:17:02,433 [pool-250-thread-1] INFO  server.RaftServerConfigKeys (ConfUtils.java:logGet(43)) - raft.server.log.queue.byte-limit = 2147483647 (custom)
2019-10-14 10:17:02,434 [pool-230-thread-1] INFO  server.RaftServerConfigKeys (ConfUtils.java:logGet(43)) - raft.server.log.queue.element-limit = 1024 (custom)
2019-10-14 10:17:02,434 [pool-220-thread-1] INFO  server.RaftServerConfigKeys (ConfUtils.java:logGet(43)) - raft.server.snapshot.auto.trigger.enabled = true (custom)
2019-10-14 10:17:02,434 [pool-230-thread-1] INFO  server.RaftServerConfigKeys (ConfUtils.java:logGet(43)) - raft.server.log.segment.size.max = 1048576 (custom)
2019-10-14 10:17:02,434 [pool-250-thread-1] INFO  server.RaftServerConfigKeys (ConfUtils.java:logGet(43)) - raft.server.log.queue.element-limit = 1024 (custom)
2019-10-14 10:17:02,434 [pool-230-thread-1] INFO  server.RaftServerConfigKeys (ConfUtils.java:logGet(43)) - raft.server.log.preallocated.size = 16384 (custom)
2019-10-14 10:17:02,434 [pool-220-thread-1] INFO  server.RaftServerConfigKeys (ConfUtils.java:logGet(43)) - raft.server.snapshot.auto.trigger.threshold = 10000 (custom)
2019-10-14 10:17:02,435 [pool-230-thread-1] INFO  server.RaftServerConfigKeys (ConfUtils.java:logGet(43)) - raft.server.log.write.buffer.size = 33554432 (custom)
2019-10-14 10:17:02,435 [pool-250-thread-1] INFO  server.RaftServerConfigKeys (ConfUtils.java:logGet(43)) - raft.server.log.segment.size.max = 1048576 (custom)
2019-10-14 10:17:02,435 [pool-230-thread-1] INFO  server.RaftServerConfigKeys (ConfUtils.java:logGet(43)) - raft.server.log.force.sync.num = 128 (default)
2019-10-14 10:17:02,435 [pool-220-thread-1] INFO  server.RaftServerConfigKeys (ConfUtils.java:logGet(43)) - raft.server.snapshot.retention.num.files = 5 (custom)
2019-10-14 10:17:02,435 [pool-230-thread-1] INFO  server.RaftServerConfigKeys (ConfUtils.java:logGet(43)) - raft.server.log.statemachine.data.sync = true (default)
2019-10-14 10:17:02,435 [pool-250-thread-1] INFO  server.RaftServerConfigKeys (ConfUtils.java:logGet(43)) - raft.server.log.preallocated.size = 16384 (custom)
2019-10-14 10:17:02,436 [pool-230-thread-1] INFO  server.RaftServerConfigKeys (ConfUtils.java:logGet(43)) - raft.server.log.statemachine.data.sync.timeout = 10s (default)
2019-10-14 10:17:02,436 [pool-230-thread-1] INFO  server.RaftServerConfigKeys (ConfUtils.java:logGet(43)) - raft.server.log.statemachine.data.sync.timeout.retry = -1 (default)
2019-10-14 10:17:02,436 [pool-220-thread-1] INFO  server.RaftServerConfigKeys (ConfUtils.java:logGet(43)) - raft.server.retrycache.expirytime = 600000ms (custom)
2019-10-14 10:17:02,436 [pool-230-thread-1] INFO  server.RaftServerConfigKeys (ConfUtils.java:logGet(43)) - raft.server.log.statemachine.data.caching.enabled = true (custom)
2019-10-14 10:17:02,436 [pool-250-thread-1] INFO  server.RaftServerConfigKeys (ConfUtils.java:logGet(43)) - raft.server.log.write.buffer.size = 33554432 (custom)
2019-10-14 10:17:02,437 [pool-230-thread-1] INFO  segmented.SegmentedRaftLogWorker (SegmentedRaftLogWorker.java:lambda$new$0(132)) - 36847f54-85ee-4d0b-96a5-61a90c070d38@group-26117E050404-SegmentedRaftLogWorker: flushIndex: setUnconditionally 0 -> -1
2019-10-14 10:17:02,437 [pool-250-thread-1] INFO  server.RaftServerConfigKeys (ConfUtils.java:logGet(43)) - raft.server.log.force.sync.num = 128 (default)
2019-10-14 10:17:02,437 [pool-250-thread-1] INFO  server.RaftServerConfigKeys (ConfUtils.java:logGet(43)) - raft.server.log.statemachine.data.sync = true (default)
2019-10-14 10:17:02,437 [pool-230-thread-1] INFO  server.RaftServerConfigKeys (ConfUtils.java:logGet(43)) - raft.server.snapshot.auto.trigger.enabled = true (custom)
2019-10-14 10:17:02,438 [pool-250-thread-1] INFO  server.RaftServerConfigKeys (ConfUtils.java:logGet(43)) - raft.server.log.statemachine.data.sync.timeout = 10s (default)
2019-10-14 10:17:02,438 [pool-230-thread-1] INFO  server.RaftServerConfigKeys (ConfUtils.java:logGet(43)) - raft.server.snapshot.auto.trigger.threshold = 10000 (custom)
2019-10-14 10:17:02,438 [pool-250-thread-1] INFO  server.RaftServerConfigKeys (ConfUtils.java:logGet(43)) - raft.server.log.statemachine.data.sync.timeout.retry = -1 (default)
2019-10-14 10:17:02,438 [pool-230-thread-1] INFO  server.RaftServerConfigKeys (ConfUtils.java:logGet(43)) - raft.server.snapshot.retention.num.files = 5 (custom)
2019-10-14 10:17:02,438 [pool-250-thread-1] INFO  server.RaftServerConfigKeys (ConfUtils.java:logGet(43)) - raft.server.log.statemachine.data.caching.enabled = true (custom)
2019-10-14 10:17:02,438 [pool-230-thread-1] INFO  server.RaftServerConfigKeys (ConfUtils.java:logGet(43)) - raft.server.retrycache.expirytime = 600000ms (custom)
2019-10-14 10:17:02,439 [pool-250-thread-1] INFO  segmented.SegmentedRaftLogWorker (SegmentedRaftLogWorker.java:lambda$new$0(132)) - ade9b509-d1ed-4779-a19c-4ed96427ff05@group-26117E050404-SegmentedRaftLogWorker: flushIndex: setUnconditionally 0 -> -1
2019-10-14 10:17:02,439 [pool-250-thread-1] INFO  server.RaftServerConfigKeys (ConfUtils.java:logGet(43)) - raft.server.snapshot.auto.trigger.enabled = true (custom)
2019-10-14 10:17:02,439 [pool-250-thread-1] INFO  server.RaftServerConfigKeys (ConfUtils.java:logGet(43)) - raft.server.snapshot.auto.trigger.threshold = 10000 (custom)
2019-10-14 10:17:02,439 [pool-220-thread-1] INFO  impl.RaftServerImpl (RaftServerImpl.java:start(185)) - b253433b-9336-40b9-b5cf-1baec0039647@group-26117E050404: start as a follower, conf=-1: [ade9b509-d1ed-4779-a19c-4ed96427ff05:192.168.164.214:46824, 36847f54-85ee-4d0b-96a5-61a90c070d38:192.168.164.214:45241, b253433b-9336-40b9-b5cf-1baec0039647:192.168.164.214:34997], old=null
2019-10-14 10:17:02,439 [pool-250-thread-1] INFO  server.RaftServerConfigKeys (ConfUtils.java:logGet(43)) - raft.server.snapshot.retention.num.files = 5 (custom)
2019-10-14 10:17:02,440 [pool-220-thread-1] INFO  impl.RaftServerImpl (RaftServerImpl.java:setRole(174)) - b253433b-9336-40b9-b5cf-1baec0039647@group-26117E050404: changes role from      null to FOLLOWER at term 0 for startAsFollower
2019-10-14 10:17:02,440 [pool-250-thread-1] INFO  server.RaftServerConfigKeys (ConfUtils.java:logGet(43)) - raft.server.retrycache.expirytime = 600000ms (custom)
2019-10-14 10:17:02,440 [pool-220-thread-1] INFO  impl.RoleInfo (RoleInfo.java:updateAndGet(143)) - b253433b-9336-40b9-b5cf-1baec0039647: start FollowerState
2019-10-14 10:17:02,440 [pool-220-thread-1] INFO  util.JmxRegister (JmxRegister.java:tryRegister(44)) - Successfully registered JMX Bean with object name Ratis:service=RaftServer,group=group-26117E050404,id=b253433b-9336-40b9-b5cf-1baec0039647
2019-10-14 10:17:02,442 [pool-230-thread-1] INFO  impl.RaftServerImpl (RaftServerImpl.java:start(185)) - 36847f54-85ee-4d0b-96a5-61a90c070d38@group-26117E050404: start as a follower, conf=-1: [ade9b509-d1ed-4779-a19c-4ed96427ff05:192.168.164.214:46824, 36847f54-85ee-4d0b-96a5-61a90c070d38:192.168.164.214:45241, b253433b-9336-40b9-b5cf-1baec0039647:192.168.164.214:34997], old=null
2019-10-14 10:17:02,442 [pool-230-thread-1] INFO  impl.RaftServerImpl (RaftServerImpl.java:setRole(174)) - 36847f54-85ee-4d0b-96a5-61a90c070d38@group-26117E050404: changes role from      null to FOLLOWER at term 0 for startAsFollower
2019-10-14 10:17:02,446 [pool-230-thread-1] INFO  impl.RoleInfo (RoleInfo.java:updateAndGet(143)) - 36847f54-85ee-4d0b-96a5-61a90c070d38: start FollowerState
2019-10-14 10:17:02,446 [pool-230-thread-1] INFO  util.JmxRegister (JmxRegister.java:tryRegister(44)) - Successfully registered JMX Bean with object name Ratis:service=RaftServer,group=group-26117E050404,id=36847f54-85ee-4d0b-96a5-61a90c070d38
2019-10-14 10:17:02,446 [pool-250-thread-1] INFO  impl.RaftServerImpl (RaftServerImpl.java:start(185)) - ade9b509-d1ed-4779-a19c-4ed96427ff05@group-26117E050404: start as a follower, conf=-1: [ade9b509-d1ed-4779-a19c-4ed96427ff05:192.168.164.214:46824, 36847f54-85ee-4d0b-96a5-61a90c070d38:192.168.164.214:45241, b253433b-9336-40b9-b5cf-1baec0039647:192.168.164.214:34997], old=null
2019-10-14 10:17:02,447 [pool-250-thread-1] INFO  impl.RaftServerImpl (RaftServerImpl.java:setRole(174)) - ade9b509-d1ed-4779-a19c-4ed96427ff05@group-26117E050404: changes role from      null to FOLLOWER at term 0 for startAsFollower
2019-10-14 10:17:02,447 [pool-250-thread-1] INFO  impl.RoleInfo (RoleInfo.java:updateAndGet(143)) - ade9b509-d1ed-4779-a19c-4ed96427ff05: start FollowerState
2019-10-14 10:17:02,447 [pool-250-thread-1] INFO  util.JmxRegister (JmxRegister.java:tryRegister(44)) - Successfully registered JMX Bean with object name Ratis:service=RaftServer,group=group-26117E050404,id=ade9b509-d1ed-4779-a19c-4ed96427ff05
2019-10-14 10:17:02,454 [RatisPipelineUtilsThread] INFO  pipeline.PipelineStateManager (PipelineStateManager.java:addPipeline(56)) - Created pipeline Pipeline[ Id: d75ad1da-18ab-48d1-94b5-26117e050404, Nodes: ade9b509-d1ed-4779-a19c-4ed96427ff05{ip: 192.168.164.214, host: pr-hdds-1569-vp9xg-4248047660, networkLocation: /default-rack, certSerialId: null}b253433b-9336-40b9-b5cf-1baec0039647{ip: 192.168.164.214, host: pr-hdds-1569-vp9xg-4248047660, networkLocation: /default-rack, certSerialId: null}36847f54-85ee-4d0b-96a5-61a90c070d38{ip: 192.168.164.214, host: pr-hdds-1569-vp9xg-4248047660, networkLocation: /default-rack, certSerialId: null}, Type:RATIS, Factor:THREE, State:OPEN]
2019-10-14 10:17:02,471 [grpc-default-executor-2] INFO  impl.RaftServerProxy (RaftServerProxy.java:addNew(89)) - 36847f54-85ee-4d0b-96a5-61a90c070d38: addNew group-8139AAFAC97D:[ade9b509-d1ed-4779-a19c-4ed96427ff05:192.168.164.214:46824, 36847f54-85ee-4d0b-96a5-61a90c070d38:192.168.164.214:45241, b253433b-9336-40b9-b5cf-1baec0039647:192.168.164.214:34997] returns group-8139AAFAC97D:java.util.concurrent.CompletableFuture@63563026[Not completed]
2019-10-14 10:17:02,472 [grpc-default-executor-1] INFO  impl.RaftServerProxy (RaftServerProxy.java:addNew(89)) - ade9b509-d1ed-4779-a19c-4ed96427ff05: addNew group-8139AAFAC97D:[ade9b509-d1ed-4779-a19c-4ed96427ff05:192.168.164.214:46824, 36847f54-85ee-4d0b-96a5-61a90c070d38:192.168.164.214:45241, b253433b-9336-40b9-b5cf-1baec0039647:192.168.164.214:34997] returns group-8139AAFAC97D:java.util.concurrent.CompletableFuture@6c35a9a6[Not completed]
2019-10-14 10:17:02,471 [grpc-default-executor-0] INFO  impl.RaftServerProxy (RaftServerProxy.java:addNew(89)) - b253433b-9336-40b9-b5cf-1baec0039647: addNew group-8139AAFAC97D:[ade9b509-d1ed-4779-a19c-4ed96427ff05:192.168.164.214:46824, 36847f54-85ee-4d0b-96a5-61a90c070d38:192.168.164.214:45241, b253433b-9336-40b9-b5cf-1baec0039647:192.168.164.214:34997] returns group-8139AAFAC97D:java.util.concurrent.CompletableFuture@4f767d50[Not completed]
2019-10-14 10:17:02,475 [pool-230-thread-1] INFO  impl.RaftServerImpl (RaftServerImpl.java:<init>(95)) - 36847f54-85ee-4d0b-96a5-61a90c070d38: new RaftServerImpl for group-8139AAFAC97D:[ade9b509-d1ed-4779-a19c-4ed96427ff05:192.168.164.214:46824, 36847f54-85ee-4d0b-96a5-61a90c070d38:192.168.164.214:45241, b253433b-9336-40b9-b5cf-1baec0039647:192.168.164.214:34997] with ContainerStateMachine:uninitialized
2019-10-14 10:17:02,475 [pool-230-thread-1] INFO  server.RaftServerConfigKeys (ConfUtils.java:logGet(43)) - raft.server.rpc.timeout.min = 5s (custom)
2019-10-14 10:17:02,475 [pool-230-thread-1] INFO  server.RaftServerConfigKeys (ConfUtils.java:logGet(43)) - raft.server.rpc.timeout.max = 5200ms (custom)
2019-10-14 10:17:02,475 [pool-230-thread-1] INFO  server.RaftServerConfigKeys (ConfUtils.java:logGet(43)) - raft.server.rpcslowness.timeout = 120s (custom)
2019-10-14 10:17:02,475 [pool-230-thread-1] INFO  server.RaftServerConfigKeys (ConfUtils.java:logGet(43)) - raft.server.sleep.deviation.threshold = 300 (default)
2019-10-14 10:17:02,475 [pool-230-thread-1] INFO  server.RaftServerConfigKeys (ConfUtils.java:logGet(43)) - raft.server.log.appender.install.snapshot.enabled = false (custom)
2019-10-14 10:17:02,476 [pool-230-thread-1] INFO  impl.RaftServerImpl (ServerState.java:<init>(103)) - 36847f54-85ee-4d0b-96a5-61a90c070d38@group-8139AAFAC97D: ConfigurationManager, init=-1: [ade9b509-d1ed-4779-a19c-4ed96427ff05:192.168.164.214:46824, 36847f54-85ee-4d0b-96a5-61a90c070d38:192.168.164.214:45241, b253433b-9336-40b9-b5cf-1baec0039647:192.168.164.214:34997], old=null, confs=<EMPTY_MAP>
2019-10-14 10:17:02,476 [pool-220-thread-1] INFO  impl.RaftServerImpl (RaftServerImpl.java:<init>(95)) - b253433b-9336-40b9-b5cf-1baec0039647: new RaftServerImpl for group-8139AAFAC97D:[ade9b509-d1ed-4779-a19c-4ed96427ff05:192.168.164.214:46824, 36847f54-85ee-4d0b-96a5-61a90c070d38:192.168.164.214:45241, b253433b-9336-40b9-b5cf-1baec0039647:192.168.164.214:34997] with ContainerStateMachine:uninitialized
2019-10-14 10:17:02,476 [pool-230-thread-1] INFO  server.RaftServerConfigKeys (ConfUtils.java:logGet(43)) - raft.server.storage.dir = [/workdir/hadoop-ozone/ozonefs/target/test-dir/MiniOzoneClusterImpl-c76d7c66-f44c-4dfc-a708-d16c084e1c14/datanode-4/data/ratis] (custom)
2019-10-14 10:17:02,476 [pool-220-thread-1] INFO  server.RaftServerConfigKeys (ConfUtils.java:logGet(43)) - raft.server.rpc.timeout.min = 5s (custom)
2019-10-14 10:17:02,476 [pool-220-thread-1] INFO  server.RaftServerConfigKeys (ConfUtils.java:logGet(43)) - raft.server.rpc.timeout.max = 5200ms (custom)
2019-10-14 10:17:02,476 [pool-230-thread-1] INFO  storage.RaftStorageDirectory (RaftStorageDirectory.java:analyzeStorage(246)) - The storage directory /workdir/hadoop-ozone/ozonefs/target/test-dir/MiniOzoneClusterImpl-c76d7c66-f44c-4dfc-a708-d16c084e1c14/datanode-4/data/ratis/c1f82b03-783f-4898-a50a-8139aafac97d does not exist. Creating ...
2019-10-14 10:17:02,476 [pool-250-thread-1] INFO  impl.RaftServerImpl (RaftServerImpl.java:<init>(95)) - ade9b509-d1ed-4779-a19c-4ed96427ff05: new RaftServerImpl for group-8139AAFAC97D:[ade9b509-d1ed-4779-a19c-4ed96427ff05:192.168.164.214:46824, 36847f54-85ee-4d0b-96a5-61a90c070d38:192.168.164.214:45241, b253433b-9336-40b9-b5cf-1baec0039647:192.168.164.214:34997] with ContainerStateMachine:uninitialized
2019-10-14 10:17:02,476 [pool-220-thread-1] INFO  server.RaftServerConfigKeys (ConfUtils.java:logGet(43)) - raft.server.rpcslowness.timeout = 120s (custom)
2019-10-14 10:17:02,477 [pool-250-thread-1] INFO  server.RaftServerConfigKeys (ConfUtils.java:logGet(43)) - raft.server.rpc.timeout.min = 5s (custom)
2019-10-14 10:17:02,477 [pool-220-thread-1] INFO  server.RaftServerConfigKeys (ConfUtils.java:logGet(43)) - raft.server.sleep.deviation.threshold = 300 (default)
2019-10-14 10:17:02,477 [pool-250-thread-1] INFO  server.RaftServerConfigKeys (ConfUtils.java:logGet(43)) - raft.server.rpc.timeout.max = 5200ms (custom)
2019-10-14 10:17:02,477 [pool-220-thread-1] INFO  server.RaftServerConfigKeys (ConfUtils.java:logGet(43)) - raft.server.log.appender.install.snapshot.enabled = false (custom)
2019-10-14 10:17:02,477 [pool-250-thread-1] INFO  server.RaftServerConfigKeys (ConfUtils.java:logGet(43)) - raft.server.rpcslowness.timeout = 120s (custom)
2019-10-14 10:17:02,477 [pool-220-thread-1] INFO  impl.RaftServerImpl (ServerState.java:<init>(103)) - b253433b-9336-40b9-b5cf-1baec0039647@group-8139AAFAC97D: ConfigurationManager, init=-1: [ade9b509-d1ed-4779-a19c-4ed96427ff05:192.168.164.214:46824, 36847f54-85ee-4d0b-96a5-61a90c070d38:192.168.164.214:45241, b253433b-9336-40b9-b5cf-1baec0039647:192.168.164.214:34997], old=null, confs=<EMPTY_MAP>
2019-10-14 10:17:02,477 [pool-250-thread-1] INFO  server.RaftServerConfigKeys (ConfUtils.java:logGet(43)) - raft.server.sleep.deviation.threshold = 300 (default)
2019-10-14 10:17:02,478 [pool-220-thread-1] INFO  server.RaftServerConfigKeys (ConfUtils.java:logGet(43)) - raft.server.storage.dir = [/workdir/hadoop-ozone/ozonefs/target/test-dir/MiniOzoneClusterImpl-c76d7c66-f44c-4dfc-a708-d16c084e1c14/datanode-3/data/ratis] (custom)
2019-10-14 10:17:02,478 [pool-250-thread-1] INFO  server.RaftServerConfigKeys (ConfUtils.java:logGet(43)) - raft.server.log.appender.install.snapshot.enabled = false (custom)
2019-10-14 10:17:02,478 [pool-250-thread-1] INFO  impl.RaftServerImpl (ServerState.java:<init>(103)) - ade9b509-d1ed-4779-a19c-4ed96427ff05@group-8139AAFAC97D: ConfigurationManager, init=-1: [ade9b509-d1ed-4779-a19c-4ed96427ff05:192.168.164.214:46824, 36847f54-85ee-4d0b-96a5-61a90c070d38:192.168.164.214:45241, b253433b-9336-40b9-b5cf-1baec0039647:192.168.164.214:34997], old=null, confs=<EMPTY_MAP>
2019-10-14 10:17:02,478 [pool-220-thread-1] INFO  storage.RaftStorageDirectory (RaftStorageDirectory.java:analyzeStorage(246)) - The storage directory /workdir/hadoop-ozone/ozonefs/target/test-dir/MiniOzoneClusterImpl-c76d7c66-f44c-4dfc-a708-d16c084e1c14/datanode-3/data/ratis/c1f82b03-783f-4898-a50a-8139aafac97d does not exist. Creating ...
2019-10-14 10:17:02,478 [pool-250-thread-1] INFO  server.RaftServerConfigKeys (ConfUtils.java:logGet(43)) - raft.server.storage.dir = [/workdir/hadoop-ozone/ozonefs/target/test-dir/MiniOzoneClusterImpl-c76d7c66-f44c-4dfc-a708-d16c084e1c14/datanode-6/data/ratis] (custom)
2019-10-14 10:17:02,479 [pool-250-thread-1] INFO  storage.RaftStorageDirectory (RaftStorageDirectory.java:analyzeStorage(246)) - The storage directory /workdir/hadoop-ozone/ozonefs/target/test-dir/MiniOzoneClusterImpl-c76d7c66-f44c-4dfc-a708-d16c084e1c14/datanode-6/data/ratis/c1f82b03-783f-4898-a50a-8139aafac97d does not exist. Creating ...
2019-10-14 10:17:02,503 [pool-220-thread-1] INFO  storage.RaftStorageDirectory (RaftStorageDirectory.java:tryLock(328)) - Lock on /workdir/hadoop-ozone/ozonefs/target/test-dir/MiniOzoneClusterImpl-c76d7c66-f44c-4dfc-a708-d16c084e1c14/datanode-3/data/ratis/c1f82b03-783f-4898-a50a-8139aafac97d/in_use.lock acquired by nodename 4738@pr-hdds-1569-vp9xg-4248047660
2019-10-14 10:17:02,503 [pool-230-thread-1] INFO  storage.RaftStorageDirectory (RaftStorageDirectory.java:tryLock(328)) - Lock on /workdir/hadoop-ozone/ozonefs/target/test-dir/MiniOzoneClusterImpl-c76d7c66-f44c-4dfc-a708-d16c084e1c14/datanode-4/data/ratis/c1f82b03-783f-4898-a50a-8139aafac97d/in_use.lock acquired by nodename 4738@pr-hdds-1569-vp9xg-4248047660
2019-10-14 10:17:02,503 [pool-250-thread-1] INFO  storage.RaftStorageDirectory (RaftStorageDirectory.java:tryLock(328)) - Lock on /workdir/hadoop-ozone/ozonefs/target/test-dir/MiniOzoneClusterImpl-c76d7c66-f44c-4dfc-a708-d16c084e1c14/datanode-6/data/ratis/c1f82b03-783f-4898-a50a-8139aafac97d/in_use.lock acquired by nodename 4738@pr-hdds-1569-vp9xg-4248047660
2019-10-14 10:17:02,528 [pool-230-thread-1] INFO  storage.RaftStorage (RaftStorage.java:format(72)) - Storage directory /workdir/hadoop-ozone/ozonefs/target/test-dir/MiniOzoneClusterImpl-c76d7c66-f44c-4dfc-a708-d16c084e1c14/datanode-4/data/ratis/c1f82b03-783f-4898-a50a-8139aafac97d has been successfully formatted.
2019-10-14 10:17:02,528 [pool-220-thread-1] INFO  storage.RaftStorage (RaftStorage.java:format(72)) - Storage directory /workdir/hadoop-ozone/ozonefs/target/test-dir/MiniOzoneClusterImpl-c76d7c66-f44c-4dfc-a708-d16c084e1c14/datanode-3/data/ratis/c1f82b03-783f-4898-a50a-8139aafac97d has been successfully formatted.
2019-10-14 10:17:02,528 [pool-250-thread-1] INFO  storage.RaftStorage (RaftStorage.java:format(72)) - Storage directory /workdir/hadoop-ozone/ozonefs/target/test-dir/MiniOzoneClusterImpl-c76d7c66-f44c-4dfc-a708-d16c084e1c14/datanode-6/data/ratis/c1f82b03-783f-4898-a50a-8139aafac97d has been successfully formatted.
2019-10-14 10:17:02,529 [pool-220-thread-1] INFO  ratis.ContainerStateMachine (ContainerStateMachine.java:loadSnapshot(230)) - group-8139AAFAC97D: The snapshot info is null. Setting the last applied indexto:(t:0, i:~)
2019-10-14 10:17:02,529 [pool-230-thread-1] INFO  ratis.ContainerStateMachine (ContainerStateMachine.java:loadSnapshot(230)) - group-8139AAFAC97D: The snapshot info is null. Setting the last applied indexto:(t:0, i:~)
2019-10-14 10:17:02,529 [pool-250-thread-1] INFO  ratis.ContainerStateMachine (ContainerStateMachine.java:loadSnapshot(230)) - group-8139AAFAC97D: The snapshot info is null. Setting the last applied indexto:(t:0, i:~)
2019-10-14 10:17:02,529 [pool-220-thread-1] INFO  server.RaftServerConfigKeys (ConfUtils.java:logGet(43)) - raft.server.notification.no-leader.timeout = 120s (custom)
2019-10-14 10:17:02,530 [pool-250-thread-1] INFO  server.RaftServerConfigKeys (ConfUtils.java:logGet(43)) - raft.server.notification.no-leader.timeout = 120s (custom)
2019-10-14 10:17:02,529 [pool-230-thread-1] INFO  server.RaftServerConfigKeys (ConfUtils.java:logGet(43)) - raft.server.notification.no-leader.timeout = 120s (custom)
2019-10-14 10:17:02,530 [pool-250-thread-1] INFO  server.RaftServerConfigKeys (ConfUtils.java:logGet(43)) - raft.server.log.use.memory = false (default)
2019-10-14 10:17:02,530 [pool-220-thread-1] INFO  server.RaftServerConfigKeys (ConfUtils.java:logGet(43)) - raft.server.log.use.memory = false (default)
2019-10-14 10:17:02,530 [pool-250-thread-1] INFO  server.RaftServerConfigKeys (ConfUtils.java:logGet(43)) - raft.server.log.purge.gap = 1000000 (custom)
2019-10-14 10:17:02,530 [pool-230-thread-1] INFO  server.RaftServerConfigKeys (ConfUtils.java:logGet(43)) - raft.server.log.use.memory = false (default)
2019-10-14 10:17:02,531 [pool-250-thread-1] INFO  server.RaftServerConfigKeys (ConfUtils.java:logGet(43)) - raft.server.log.appender.buffer.byte-limit = 33554432 (custom)
2019-10-14 10:17:02,530 [pool-220-thread-1] INFO  server.RaftServerConfigKeys (ConfUtils.java:logGet(43)) - raft.server.log.purge.gap = 1000000 (custom)
2019-10-14 10:17:02,531 [pool-250-thread-1] INFO  server.RaftServerConfigKeys (ConfUtils.java:logGet(43)) - raft.server.log.segment.size.max = 1048576 (custom)
2019-10-14 10:17:02,531 [pool-230-thread-1] INFO  server.RaftServerConfigKeys (ConfUtils.java:logGet(43)) - raft.server.log.purge.gap = 1000000 (custom)
2019-10-14 10:17:02,531 [pool-250-thread-1] INFO  server.RaftServerConfigKeys (ConfUtils.java:logGet(43)) - raft.server.log.segment.cache.num.max = 2 (custom)
2019-10-14 10:17:02,531 [pool-220-thread-1] INFO  server.RaftServerConfigKeys (ConfUtils.java:logGet(43)) - raft.server.log.appender.buffer.byte-limit = 33554432 (custom)
2019-10-14 10:17:02,532 [pool-250-thread-1] INFO  segmented.SegmentedRaftLogWorker (SegmentedRaftLogWorker.java:<init>(172)) - new ade9b509-d1ed-4779-a19c-4ed96427ff05@group-8139AAFAC97D-SegmentedRaftLogWorker for RaftStorage:Storage Directory /workdir/hadoop-ozone/ozonefs/target/test-dir/MiniOzoneClusterImpl-c76d7c66-f44c-4dfc-a708-d16c084e1c14/datanode-6/data/ratis/c1f82b03-783f-4898-a50a-8139aafac97d
2019-10-14 10:17:02,532 [pool-230-thread-1] INFO  server.RaftServerConfigKeys (ConfUtils.java:logGet(43)) - raft.server.log.appender.buffer.byte-limit = 33554432 (custom)
2019-10-14 10:17:02,532 [pool-250-thread-1] INFO  server.RaftServerConfigKeys (ConfUtils.java:logGet(43)) - raft.server.log.queue.byte-limit = 2147483647 (custom)
2019-10-14 10:17:02,532 [pool-220-thread-1] INFO  server.RaftServerConfigKeys (ConfUtils.java:logGet(43)) - raft.server.log.segment.size.max = 1048576 (custom)
2019-10-14 10:17:02,532 [pool-250-thread-1] INFO  server.RaftServerConfigKeys (ConfUtils.java:logGet(43)) - raft.server.log.queue.element-limit = 1024 (custom)
2019-10-14 10:17:02,532 [pool-230-thread-1] INFO  server.RaftServerConfigKeys (ConfUtils.java:logGet(43)) - raft.server.log.segment.size.max = 1048576 (custom)
2019-10-14 10:17:02,533 [pool-250-thread-1] INFO  server.RaftServerConfigKeys (ConfUtils.java:logGet(43)) - raft.server.log.segment.size.max = 1048576 (custom)
2019-10-14 10:17:02,533 [pool-220-thread-1] INFO  server.RaftServerConfigKeys (ConfUtils.java:logGet(43)) - raft.server.log.segment.cache.num.max = 2 (custom)
2019-10-14 10:17:02,533 [pool-250-thread-1] INFO  server.RaftServerConfigKeys (ConfUtils.java:logGet(43)) - raft.server.log.preallocated.size = 16384 (custom)
2019-10-14 10:17:02,533 [pool-230-thread-1] INFO  server.RaftServerConfigKeys (ConfUtils.java:logGet(43)) - raft.server.log.segment.cache.num.max = 2 (custom)
2019-10-14 10:17:02,533 [pool-250-thread-1] INFO  server.RaftServerConfigKeys (ConfUtils.java:logGet(43)) - raft.server.log.write.buffer.size = 33554432 (custom)
2019-10-14 10:17:02,533 [pool-220-thread-1] INFO  segmented.SegmentedRaftLogWorker (SegmentedRaftLogWorker.java:<init>(172)) - new b253433b-9336-40b9-b5cf-1baec0039647@group-8139AAFAC97D-SegmentedRaftLogWorker for RaftStorage:Storage Directory /workdir/hadoop-ozone/ozonefs/target/test-dir/MiniOzoneClusterImpl-c76d7c66-f44c-4dfc-a708-d16c084e1c14/datanode-3/data/ratis/c1f82b03-783f-4898-a50a-8139aafac97d
2019-10-14 10:17:02,534 [pool-250-thread-1] INFO  server.RaftServerConfigKeys (ConfUtils.java:logGet(43)) - raft.server.log.force.sync.num = 128 (default)
2019-10-14 10:17:02,534 [pool-250-thread-1] INFO  server.RaftServerConfigKeys (ConfUtils.java:logGet(43)) - raft.server.log.statemachine.data.sync = true (default)
2019-10-14 10:17:02,534 [pool-230-thread-1] INFO  segmented.SegmentedRaftLogWorker (SegmentedRaftLogWorker.java:<init>(172)) - new 36847f54-85ee-4d0b-96a5-61a90c070d38@group-8139AAFAC97D-SegmentedRaftLogWorker for RaftStorage:Storage Directory /workdir/hadoop-ozone/ozonefs/target/test-dir/MiniOzoneClusterImpl-c76d7c66-f44c-4dfc-a708-d16c084e1c14/datanode-4/data/ratis/c1f82b03-783f-4898-a50a-8139aafac97d
2019-10-14 10:17:02,534 [pool-250-thread-1] INFO  server.RaftServerConfigKeys (ConfUtils.java:logGet(43)) - raft.server.log.statemachine.data.sync.timeout = 10s (default)
2019-10-14 10:17:02,534 [pool-220-thread-1] INFO  server.RaftServerConfigKeys (ConfUtils.java:logGet(43)) - raft.server.log.queue.byte-limit = 2147483647 (custom)
2019-10-14 10:17:02,535 [pool-250-thread-1] INFO  server.RaftServerConfigKeys (ConfUtils.java:logGet(43)) - raft.server.log.statemachine.data.sync.timeout.retry = -1 (default)
2019-10-14 10:17:02,535 [pool-230-thread-1] INFO  server.RaftServerConfigKeys (ConfUtils.java:logGet(43)) - raft.server.log.queue.byte-limit = 2147483647 (custom)
2019-10-14 10:17:02,535 [pool-250-thread-1] INFO  server.RaftServerConfigKeys (ConfUtils.java:logGet(43)) - raft.server.log.statemachine.data.caching.enabled = true (custom)
2019-10-14 10:17:02,535 [pool-220-thread-1] INFO  server.RaftServerConfigKeys (ConfUtils.java:logGet(43)) - raft.server.log.queue.element-limit = 1024 (custom)
2019-10-14 10:17:02,535 [pool-230-thread-1] INFO  server.RaftServerConfigKeys (ConfUtils.java:logGet(43)) - raft.server.log.queue.element-limit = 1024 (custom)
2019-10-14 10:17:02,536 [pool-250-thread-1] INFO  segmented.SegmentedRaftLogWorker (SegmentedRaftLogWorker.java:lambda$new$0(132)) - ade9b509-d1ed-4779-a19c-4ed96427ff05@group-8139AAFAC97D-SegmentedRaftLogWorker: flushIndex: setUnconditionally 0 -> -1
2019-10-14 10:17:02,536 [pool-220-thread-1] INFO  server.RaftServerConfigKeys (ConfUtils.java:logGet(43)) - raft.server.log.segment.size.max = 1048576 (custom)
2019-10-14 10:17:02,536 [pool-230-thread-1] INFO  server.RaftServerConfigKeys (ConfUtils.java:logGet(43)) - raft.server.log.segment.size.max = 1048576 (custom)
2019-10-14 10:17:02,536 [pool-250-thread-1] INFO  server.RaftServerConfigKeys (ConfUtils.java:logGet(43)) - raft.server.snapshot.auto.trigger.enabled = true (custom)
2019-10-14 10:17:02,536 [pool-220-thread-1] INFO  server.RaftServerConfigKeys (ConfUtils.java:logGet(43)) - raft.server.log.preallocated.size = 16384 (custom)
2019-10-14 10:17:02,537 [pool-250-thread-1] INFO  server.RaftServerConfigKeys (ConfUtils.java:logGet(43)) - raft.server.snapshot.auto.trigger.threshold = 10000 (custom)
2019-10-14 10:17:02,536 [pool-230-thread-1] INFO  server.RaftServerConfigKeys (ConfUtils.java:logGet(43)) - raft.server.log.preallocated.size = 16384 (custom)
2019-10-14 10:17:02,537 [pool-250-thread-1] INFO  server.RaftServerConfigKeys (ConfUtils.java:logGet(43)) - raft.server.snapshot.retention.num.files = 5 (custom)
2019-10-14 10:17:02,537 [pool-220-thread-1] INFO  server.RaftServerConfigKeys (ConfUtils.java:logGet(43)) - raft.server.log.write.buffer.size = 33554432 (custom)
2019-10-14 10:17:02,537 [pool-250-thread-1] INFO  server.RaftServerConfigKeys (ConfUtils.java:logGet(43)) - raft.server.retrycache.expirytime = 600000ms (custom)
2019-10-14 10:17:02,537 [pool-230-thread-1] INFO  server.RaftServerConfigKeys (ConfUtils.java:logGet(43)) - raft.server.log.write.buffer.size = 33554432 (custom)
2019-10-14 10:17:02,538 [pool-230-thread-1] INFO  server.RaftServerConfigKeys (ConfUtils.java:logGet(43)) - raft.server.log.force.sync.num = 128 (default)
2019-10-14 10:17:02,537 [pool-220-thread-1] INFO  server.RaftServerConfigKeys (ConfUtils.java:logGet(43)) - raft.server.log.force.sync.num = 128 (default)
2019-10-14 10:17:02,538 [pool-230-thread-1] INFO  server.RaftServerConfigKeys (ConfUtils.java:logGet(43)) - raft.server.log.statemachine.data.sync = true (default)
2019-10-14 10:17:02,538 [pool-220-thread-1] INFO  server.RaftServerConfigKeys (ConfUtils.java:logGet(43)) - raft.server.log.statemachine.data.sync = true (default)
2019-10-14 10:17:02,538 [pool-230-thread-1] INFO  server.RaftServerConfigKeys (ConfUtils.java:logGet(43)) - raft.server.log.statemachine.data.sync.timeout = 10s (default)
2019-10-14 10:17:02,538 [pool-220-thread-1] INFO  server.RaftServerConfigKeys (ConfUtils.java:logGet(43)) - raft.server.log.statemachine.data.sync.timeout = 10s (default)
2019-10-14 10:17:02,539 [pool-230-thread-1] INFO  server.RaftServerConfigKeys (ConfUtils.java:logGet(43)) - raft.server.log.statemachine.data.sync.timeout.retry = -1 (default)
2019-10-14 10:17:02,539 [pool-220-thread-1] INFO  server.RaftServerConfigKeys (ConfUtils.java:logGet(43)) - raft.server.log.statemachine.data.sync.timeout.retry = -1 (default)
2019-10-14 10:17:02,539 [pool-230-thread-1] INFO  server.RaftServerConfigKeys (ConfUtils.java:logGet(43)) - raft.server.log.statemachine.data.caching.enabled = true (custom)
2019-10-14 10:17:02,539 [pool-220-thread-1] INFO  server.RaftServerConfigKeys (ConfUtils.java:logGet(43)) - raft.server.log.statemachine.data.caching.enabled = true (custom)
2019-10-14 10:17:02,539 [pool-230-thread-1] INFO  segmented.SegmentedRaftLogWorker (SegmentedRaftLogWorker.java:lambda$new$0(132)) - 36847f54-85ee-4d0b-96a5-61a90c070d38@group-8139AAFAC97D-SegmentedRaftLogWorker: flushIndex: setUnconditionally 0 -> -1
2019-10-14 10:17:02,540 [pool-220-thread-1] INFO  segmented.SegmentedRaftLogWorker (SegmentedRaftLogWorker.java:lambda$new$0(132)) - b253433b-9336-40b9-b5cf-1baec0039647@group-8139AAFAC97D-SegmentedRaftLogWorker: flushIndex: setUnconditionally 0 -> -1
2019-10-14 10:17:02,540 [pool-230-thread-1] INFO  server.RaftServerConfigKeys (ConfUtils.java:logGet(43)) - raft.server.snapshot.auto.trigger.enabled = true (custom)
2019-10-14 10:17:02,540 [pool-230-thread-1] INFO  server.RaftServerConfigKeys (ConfUtils.java:logGet(43)) - raft.server.snapshot.auto.trigger.threshold = 10000 (custom)
2019-10-14 10:17:02,540 [pool-220-thread-1] INFO  server.RaftServerConfigKeys (ConfUtils.java:logGet(43)) - raft.server.snapshot.auto.trigger.enabled = true (custom)
2019-10-14 10:17:02,540 [pool-230-thread-1] INFO  server.RaftServerConfigKeys (ConfUtils.java:logGet(43)) - raft.server.snapshot.retention.num.files = 5 (custom)
2019-10-14 10:17:02,540 [pool-220-thread-1] INFO  server.RaftServerConfigKeys (ConfUtils.java:logGet(43)) - raft.server.snapshot.auto.trigger.threshold = 10000 (custom)
2019-10-14 10:17:02,540 [pool-230-thread-1] INFO  server.RaftServerConfigKeys (ConfUtils.java:logGet(43)) - raft.server.retrycache.expirytime = 600000ms (custom)
2019-10-14 10:17:02,541 [pool-250-thread-1] INFO  impl.RaftServerImpl (RaftServerImpl.java:start(185)) - ade9b509-d1ed-4779-a19c-4ed96427ff05@group-8139AAFAC97D: start as a follower, conf=-1: [ade9b509-d1ed-4779-a19c-4ed96427ff05:192.168.164.214:46824, 36847f54-85ee-4d0b-96a5-61a90c070d38:192.168.164.214:45241, b253433b-9336-40b9-b5cf-1baec0039647:192.168.164.214:34997], old=null
2019-10-14 10:17:02,540 [pool-220-thread-1] INFO  server.RaftServerConfigKeys (ConfUtils.java:logGet(43)) - raft.server.snapshot.retention.num.files = 5 (custom)
2019-10-14 10:17:02,541 [pool-250-thread-1] INFO  impl.RaftServerImpl (RaftServerImpl.java:setRole(174)) - ade9b509-d1ed-4779-a19c-4ed96427ff05@group-8139AAFAC97D: changes role from      null to FOLLOWER at term 0 for startAsFollower
2019-10-14 10:17:02,541 [pool-220-thread-1] INFO  server.RaftServerConfigKeys (ConfUtils.java:logGet(43)) - raft.server.retrycache.expirytime = 600000ms (custom)
2019-10-14 10:17:02,541 [pool-250-thread-1] INFO  impl.RoleInfo (RoleInfo.java:updateAndGet(143)) - ade9b509-d1ed-4779-a19c-4ed96427ff05: start FollowerState
2019-10-14 10:17:02,542 [pool-250-thread-1] INFO  util.JmxRegister (JmxRegister.java:tryRegister(44)) - Successfully registered JMX Bean with object name Ratis:service=RaftServer,group=group-8139AAFAC97D,id=ade9b509-d1ed-4779-a19c-4ed96427ff05
2019-10-14 10:17:02,544 [pool-230-thread-1] INFO  impl.RaftServerImpl (RaftServerImpl.java:start(185)) - 36847f54-85ee-4d0b-96a5-61a90c070d38@group-8139AAFAC97D: start as a follower, conf=-1: [ade9b509-d1ed-4779-a19c-4ed96427ff05:192.168.164.214:46824, 36847f54-85ee-4d0b-96a5-61a90c070d38:192.168.164.214:45241, b253433b-9336-40b9-b5cf-1baec0039647:192.168.164.214:34997], old=null
2019-10-14 10:17:02,547 [pool-230-thread-1] INFO  impl.RaftServerImpl (RaftServerImpl.java:setRole(174)) - 36847f54-85ee-4d0b-96a5-61a90c070d38@group-8139AAFAC97D: changes role from      null to FOLLOWER at term 0 for startAsFollower
2019-10-14 10:17:02,547 [pool-230-thread-1] INFO  impl.RoleInfo (RoleInfo.java:updateAndGet(143)) - 36847f54-85ee-4d0b-96a5-61a90c070d38: start FollowerState
2019-10-14 10:17:02,548 [pool-230-thread-1] INFO  util.JmxRegister (JmxRegister.java:tryRegister(44)) - Successfully registered JMX Bean with object name Ratis:service=RaftServer,group=group-8139AAFAC97D,id=36847f54-85ee-4d0b-96a5-61a90c070d38
2019-10-14 10:17:02,548 [pool-220-thread-1] INFO  impl.RaftServerImpl (RaftServerImpl.java:start(185)) - b253433b-9336-40b9-b5cf-1baec0039647@group-8139AAFAC97D: start as a follower, conf=-1: [ade9b509-d1ed-4779-a19c-4ed96427ff05:192.168.164.214:46824, 36847f54-85ee-4d0b-96a5-61a90c070d38:192.168.164.214:45241, b253433b-9336-40b9-b5cf-1baec0039647:192.168.164.214:34997], old=null
2019-10-14 10:17:02,548 [pool-220-thread-1] INFO  impl.RaftServerImpl (RaftServerImpl.java:setRole(174)) - b253433b-9336-40b9-b5cf-1baec0039647@group-8139AAFAC97D: changes role from      null to FOLLOWER at term 0 for startAsFollower
2019-10-14 10:17:02,549 [pool-220-thread-1] INFO  impl.RoleInfo (RoleInfo.java:updateAndGet(143)) - b253433b-9336-40b9-b5cf-1baec0039647: start FollowerState
2019-10-14 10:17:02,549 [pool-220-thread-1] INFO  util.JmxRegister (JmxRegister.java:tryRegister(44)) - Successfully registered JMX Bean with object name Ratis:service=RaftServer,group=group-8139AAFAC97D,id=b253433b-9336-40b9-b5cf-1baec0039647
2019-10-14 10:17:02,559 [RatisPipelineUtilsThread] INFO  pipeline.PipelineStateManager (PipelineStateManager.java:addPipeline(56)) - Created pipeline Pipeline[ Id: c1f82b03-783f-4898-a50a-8139aafac97d, Nodes: 36847f54-85ee-4d0b-96a5-61a90c070d38{ip: 192.168.164.214, host: pr-hdds-1569-vp9xg-4248047660, networkLocation: /default-rack, certSerialId: null}b253433b-9336-40b9-b5cf-1baec0039647{ip: 192.168.164.214, host: pr-hdds-1569-vp9xg-4248047660, networkLocation: /default-rack, certSerialId: null}ade9b509-d1ed-4779-a19c-4ed96427ff05{ip: 192.168.164.214, host: pr-hdds-1569-vp9xg-4248047660, networkLocation: /default-rack, certSerialId: null}, Type:RATIS, Factor:THREE, State:OPEN]
2019-10-14 10:17:02,559 [RatisPipelineUtilsThread] INFO  pipeline.PipelinePlacementPolicy (PipelinePlacementPolicy.java:meetCriteria(104)) - Pipeline Placement: can't place more pipeline on heavy datanode： b253433b-9336-40b9-b5cf-1baec0039647 Heaviness: 3 limit: 3
2019-10-14 10:17:02,560 [RatisPipelineUtilsThread] INFO  pipeline.PipelinePlacementPolicy (PipelinePlacementPolicy.java:meetCriteria(104)) - Pipeline Placement: can't place more pipeline on heavy datanode： ade9b509-d1ed-4779-a19c-4ed96427ff05 Heaviness: 3 limit: 3
2019-10-14 10:17:02,560 [RatisPipelineUtilsThread] INFO  pipeline.PipelinePlacementPolicy (PipelinePlacementPolicy.java:meetCriteria(104)) - Pipeline Placement: can't place more pipeline on heavy datanode： 36847f54-85ee-4d0b-96a5-61a90c070d38 Heaviness: 3 limit: 3
2019-10-14 10:17:02,576 [grpc-default-executor-0] INFO  impl.RaftServerProxy (RaftServerProxy.java:addNew(89)) - b45a675e-aeff-4ba4-9b40-8f6156737b33: addNew group-EF1483759AD9:[685ecb0d-c002-4fd0-97ff-08a2904709e1:192.168.164.214:33521, 9e658c07-1fa4-4268-bcc4-d82f6334c8fc:192.168.164.214:44135, b45a675e-aeff-4ba4-9b40-8f6156737b33:192.168.164.214:45207] returns group-EF1483759AD9:java.util.concurrent.CompletableFuture@2cacb031[Not completed]
2019-10-14 10:17:02,594 [grpc-default-executor-1] INFO  impl.RaftServerProxy (RaftServerProxy.java:addNew(89)) - 9e658c07-1fa4-4268-bcc4-d82f6334c8fc: addNew group-EF1483759AD9:[685ecb0d-c002-4fd0-97ff-08a2904709e1:192.168.164.214:33521, 9e658c07-1fa4-4268-bcc4-d82f6334c8fc:192.168.164.214:44135, b45a675e-aeff-4ba4-9b40-8f6156737b33:192.168.164.214:45207] returns group-EF1483759AD9:java.util.concurrent.CompletableFuture@3d0d4e70[Not completed]
2019-10-14 10:17:02,598 [grpc-default-executor-1] INFO  impl.RaftServerProxy (RaftServerProxy.java:addNew(89)) - 685ecb0d-c002-4fd0-97ff-08a2904709e1: addNew group-EF1483759AD9:[685ecb0d-c002-4fd0-97ff-08a2904709e1:192.168.164.214:33521, 9e658c07-1fa4-4268-bcc4-d82f6334c8fc:192.168.164.214:44135, b45a675e-aeff-4ba4-9b40-8f6156737b33:192.168.164.214:45207] returns group-EF1483759AD9:java.util.concurrent.CompletableFuture@2f28c266[Not completed]
2019-10-14 10:17:02,599 [pool-240-thread-1] INFO  impl.RaftServerImpl (RaftServerImpl.java:<init>(95)) - b45a675e-aeff-4ba4-9b40-8f6156737b33: new RaftServerImpl for group-EF1483759AD9:[685ecb0d-c002-4fd0-97ff-08a2904709e1:192.168.164.214:33521, 9e658c07-1fa4-4268-bcc4-d82f6334c8fc:192.168.164.214:44135, b45a675e-aeff-4ba4-9b40-8f6156737b33:192.168.164.214:45207] with ContainerStateMachine:uninitialized
2019-10-14 10:17:02,599 [pool-240-thread-1] INFO  server.RaftServerConfigKeys (ConfUtils.java:logGet(43)) - raft.server.rpc.timeout.min = 5s (custom)
2019-10-14 10:17:02,599 [pool-240-thread-1] INFO  server.RaftServerConfigKeys (ConfUtils.java:logGet(43)) - raft.server.rpc.timeout.max = 5200ms (custom)
2019-10-14 10:17:02,600 [pool-240-thread-1] INFO  server.RaftServerConfigKeys (ConfUtils.java:logGet(43)) - raft.server.rpcslowness.timeout = 120s (custom)
2019-10-14 10:17:02,600 [pool-240-thread-1] INFO  server.RaftServerConfigKeys (ConfUtils.java:logGet(43)) - raft.server.sleep.deviation.threshold = 300 (default)
2019-10-14 10:17:02,600 [pool-240-thread-1] INFO  server.RaftServerConfigKeys (ConfUtils.java:logGet(43)) - raft.server.log.appender.install.snapshot.enabled = false (custom)
2019-10-14 10:17:02,600 [pool-240-thread-1] INFO  impl.RaftServerImpl (ServerState.java:<init>(103)) - b45a675e-aeff-4ba4-9b40-8f6156737b33@group-EF1483759AD9: ConfigurationManager, init=-1: [685ecb0d-c002-4fd0-97ff-08a2904709e1:192.168.164.214:33521, 9e658c07-1fa4-4268-bcc4-d82f6334c8fc:192.168.164.214:44135, b45a675e-aeff-4ba4-9b40-8f6156737b33:192.168.164.214:45207], old=null, confs=<EMPTY_MAP>
2019-10-14 10:17:02,600 [pool-240-thread-1] INFO  server.RaftServerConfigKeys (ConfUtils.java:logGet(43)) - raft.server.storage.dir = [/workdir/hadoop-ozone/ozonefs/target/test-dir/MiniOzoneClusterImpl-c76d7c66-f44c-4dfc-a708-d16c084e1c14/datanode-5/data/ratis] (custom)
2019-10-14 10:17:02,601 [pool-190-thread-1] INFO  impl.RaftServerImpl (RaftServerImpl.java:<init>(95)) - 685ecb0d-c002-4fd0-97ff-08a2904709e1: new RaftServerImpl for group-EF1483759AD9:[685ecb0d-c002-4fd0-97ff-08a2904709e1:192.168.164.214:33521, 9e658c07-1fa4-4268-bcc4-d82f6334c8fc:192.168.164.214:44135, b45a675e-aeff-4ba4-9b40-8f6156737b33:192.168.164.214:45207] with ContainerStateMachine:uninitialized
2019-10-14 10:17:02,601 [pool-240-thread-1] INFO  storage.RaftStorageDirectory (RaftStorageDirectory.java:analyzeStorage(246)) - The storage directory /workdir/hadoop-ozone/ozonefs/target/test-dir/MiniOzoneClusterImpl-c76d7c66-f44c-4dfc-a708-d16c084e1c14/datanode-5/data/ratis/baa88c1b-a9cb-4819-ba19-ef1483759ad9 does not exist. Creating ...
2019-10-14 10:17:02,601 [pool-190-thread-1] INFO  server.RaftServerConfigKeys (ConfUtils.java:logGet(43)) - raft.server.rpc.timeout.min = 5s (custom)
2019-10-14 10:17:02,601 [pool-190-thread-1] INFO  server.RaftServerConfigKeys (ConfUtils.java:logGet(43)) - raft.server.rpc.timeout.max = 5200ms (custom)
2019-10-14 10:17:02,602 [pool-190-thread-1] INFO  server.RaftServerConfigKeys (ConfUtils.java:logGet(43)) - raft.server.rpcslowness.timeout = 120s (custom)
2019-10-14 10:17:02,602 [pool-190-thread-1] INFO  server.RaftServerConfigKeys (ConfUtils.java:logGet(43)) - raft.server.sleep.deviation.threshold = 300 (default)
2019-10-14 10:17:02,602 [pool-190-thread-1] INFO  server.RaftServerConfigKeys (ConfUtils.java:logGet(43)) - raft.server.log.appender.install.snapshot.enabled = false (custom)
2019-10-14 10:17:02,602 [pool-210-thread-1] INFO  impl.RaftServerImpl (RaftServerImpl.java:<init>(95)) - 9e658c07-1fa4-4268-bcc4-d82f6334c8fc: new RaftServerImpl for group-EF1483759AD9:[685ecb0d-c002-4fd0-97ff-08a2904709e1:192.168.164.214:33521, 9e658c07-1fa4-4268-bcc4-d82f6334c8fc:192.168.164.214:44135, b45a675e-aeff-4ba4-9b40-8f6156737b33:192.168.164.214:45207] with ContainerStateMachine:uninitialized
2019-10-14 10:17:02,602 [pool-190-thread-1] INFO  impl.RaftServerImpl (ServerState.java:<init>(103)) - 685ecb0d-c002-4fd0-97ff-08a2904709e1@group-EF1483759AD9: ConfigurationManager, init=-1: [685ecb0d-c002-4fd0-97ff-08a2904709e1:192.168.164.214:33521, 9e658c07-1fa4-4268-bcc4-d82f6334c8fc:192.168.164.214:44135, b45a675e-aeff-4ba4-9b40-8f6156737b33:192.168.164.214:45207], old=null, confs=<EMPTY_MAP>
2019-10-14 10:17:02,603 [pool-210-thread-1] INFO  server.RaftServerConfigKeys (ConfUtils.java:logGet(43)) - raft.server.rpc.timeout.min = 5s (custom)
2019-10-14 10:17:02,603 [pool-190-thread-1] INFO  server.RaftServerConfigKeys (ConfUtils.java:logGet(43)) - raft.server.storage.dir = [/workdir/hadoop-ozone/ozonefs/target/test-dir/MiniOzoneClusterImpl-c76d7c66-f44c-4dfc-a708-d16c084e1c14/datanode-0/data/ratis] (custom)
2019-10-14 10:17:02,603 [pool-210-thread-1] INFO  server.RaftServerConfigKeys (ConfUtils.java:logGet(43)) - raft.server.rpc.timeout.max = 5200ms (custom)
2019-10-14 10:17:02,603 [pool-210-thread-1] INFO  server.RaftServerConfigKeys (ConfUtils.java:logGet(43)) - raft.server.rpcslowness.timeout = 120s (custom)
2019-10-14 10:17:02,603 [pool-210-thread-1] INFO  server.RaftServerConfigKeys (ConfUtils.java:logGet(43)) - raft.server.sleep.deviation.threshold = 300 (default)
2019-10-14 10:17:02,603 [pool-190-thread-1] INFO  storage.RaftStorageDirectory (RaftStorageDirectory.java:analyzeStorage(246)) - The storage directory /workdir/hadoop-ozone/ozonefs/target/test-dir/MiniOzoneClusterImpl-c76d7c66-f44c-4dfc-a708-d16c084e1c14/datanode-0/data/ratis/baa88c1b-a9cb-4819-ba19-ef1483759ad9 does not exist. Creating ...
2019-10-14 10:17:02,604 [pool-210-thread-1] INFO  server.RaftServerConfigKeys (ConfUtils.java:logGet(43)) - raft.server.log.appender.install.snapshot.enabled = false (custom)
2019-10-14 10:17:02,604 [pool-210-thread-1] INFO  impl.RaftServerImpl (ServerState.java:<init>(103)) - 9e658c07-1fa4-4268-bcc4-d82f6334c8fc@group-EF1483759AD9: ConfigurationManager, init=-1: [685ecb0d-c002-4fd0-97ff-08a2904709e1:192.168.164.214:33521, 9e658c07-1fa4-4268-bcc4-d82f6334c8fc:192.168.164.214:44135, b45a675e-aeff-4ba4-9b40-8f6156737b33:192.168.164.214:45207], old=null, confs=<EMPTY_MAP>
2019-10-14 10:17:02,604 [pool-210-thread-1] INFO  server.RaftServerConfigKeys (ConfUtils.java:logGet(43)) - raft.server.storage.dir = [/workdir/hadoop-ozone/ozonefs/target/test-dir/MiniOzoneClusterImpl-c76d7c66-f44c-4dfc-a708-d16c084e1c14/datanode-2/data/ratis] (custom)
2019-10-14 10:17:02,605 [pool-210-thread-1] INFO  storage.RaftStorageDirectory (RaftStorageDirectory.java:analyzeStorage(246)) - The storage directory /workdir/hadoop-ozone/ozonefs/target/test-dir/MiniOzoneClusterImpl-c76d7c66-f44c-4dfc-a708-d16c084e1c14/datanode-2/data/ratis/baa88c1b-a9cb-4819-ba19-ef1483759ad9 does not exist. Creating ...
2019-10-14 10:17:02,629 [pool-190-thread-1] INFO  storage.RaftStorageDirectory (RaftStorageDirectory.java:tryLock(328)) - Lock on /workdir/hadoop-ozone/ozonefs/target/test-dir/MiniOzoneClusterImpl-c76d7c66-f44c-4dfc-a708-d16c084e1c14/datanode-0/data/ratis/baa88c1b-a9cb-4819-ba19-ef1483759ad9/in_use.lock acquired by nodename 4738@pr-hdds-1569-vp9xg-4248047660
2019-10-14 10:17:02,629 [pool-240-thread-1] INFO  storage.RaftStorageDirectory (RaftStorageDirectory.java:tryLock(328)) - Lock on /workdir/hadoop-ozone/ozonefs/target/test-dir/MiniOzoneClusterImpl-c76d7c66-f44c-4dfc-a708-d16c084e1c14/datanode-5/data/ratis/baa88c1b-a9cb-4819-ba19-ef1483759ad9/in_use.lock acquired by nodename 4738@pr-hdds-1569-vp9xg-4248047660
2019-10-14 10:17:02,629 [pool-210-thread-1] INFO  storage.RaftStorageDirectory (RaftStorageDirectory.java:tryLock(328)) - Lock on /workdir/hadoop-ozone/ozonefs/target/test-dir/MiniOzoneClusterImpl-c76d7c66-f44c-4dfc-a708-d16c084e1c14/datanode-2/data/ratis/baa88c1b-a9cb-4819-ba19-ef1483759ad9/in_use.lock acquired by nodename 4738@pr-hdds-1569-vp9xg-4248047660
2019-10-14 10:17:02,656 [pool-240-thread-1] INFO  storage.RaftStorage (RaftStorage.java:format(72)) - Storage directory /workdir/hadoop-ozone/ozonefs/target/test-dir/MiniOzoneClusterImpl-c76d7c66-f44c-4dfc-a708-d16c084e1c14/datanode-5/data/ratis/baa88c1b-a9cb-4819-ba19-ef1483759ad9 has been successfully formatted.
2019-10-14 10:17:02,656 [pool-190-thread-1] INFO  storage.RaftStorage (RaftStorage.java:format(72)) - Storage directory /workdir/hadoop-ozone/ozonefs/target/test-dir/MiniOzoneClusterImpl-c76d7c66-f44c-4dfc-a708-d16c084e1c14/datanode-0/data/ratis/baa88c1b-a9cb-4819-ba19-ef1483759ad9 has been successfully formatted.
2019-10-14 10:17:02,656 [pool-210-thread-1] INFO  storage.RaftStorage (RaftStorage.java:format(72)) - Storage directory /workdir/hadoop-ozone/ozonefs/target/test-dir/MiniOzoneClusterImpl-c76d7c66-f44c-4dfc-a708-d16c084e1c14/datanode-2/data/ratis/baa88c1b-a9cb-4819-ba19-ef1483759ad9 has been successfully formatted.
2019-10-14 10:17:02,656 [pool-190-thread-1] INFO  ratis.ContainerStateMachine (ContainerStateMachine.java:loadSnapshot(230)) - group-EF1483759AD9: The snapshot info is null. Setting the last applied indexto:(t:0, i:~)
2019-10-14 10:17:02,657 [pool-210-thread-1] INFO  ratis.ContainerStateMachine (ContainerStateMachine.java:loadSnapshot(230)) - group-EF1483759AD9: The snapshot info is null. Setting the last applied indexto:(t:0, i:~)
2019-10-14 10:17:02,656 [pool-240-thread-1] INFO  ratis.ContainerStateMachine (ContainerStateMachine.java:loadSnapshot(230)) - group-EF1483759AD9: The snapshot info is null. Setting the last applied indexto:(t:0, i:~)
2019-10-14 10:17:02,657 [pool-210-thread-1] INFO  server.RaftServerConfigKeys (ConfUtils.java:logGet(43)) - raft.server.notification.no-leader.timeout = 120s (custom)
2019-10-14 10:17:02,657 [pool-190-thread-1] INFO  server.RaftServerConfigKeys (ConfUtils.java:logGet(43)) - raft.server.notification.no-leader.timeout = 120s (custom)
2019-10-14 10:17:02,657 [pool-210-thread-1] INFO  server.RaftServerConfigKeys (ConfUtils.java:logGet(43)) - raft.server.log.use.memory = false (default)
2019-10-14 10:17:02,657 [pool-240-thread-1] INFO  server.RaftServerConfigKeys (ConfUtils.java:logGet(43)) - raft.server.notification.no-leader.timeout = 120s (custom)
2019-10-14 10:17:02,658 [pool-210-thread-1] INFO  server.RaftServerConfigKeys (ConfUtils.java:logGet(43)) - raft.server.log.purge.gap = 1000000 (custom)
2019-10-14 10:17:02,657 [pool-190-thread-1] INFO  server.RaftServerConfigKeys (ConfUtils.java:logGet(43)) - raft.server.log.use.memory = false (default)
2019-10-14 10:17:02,658 [pool-210-thread-1] INFO  server.RaftServerConfigKeys (ConfUtils.java:logGet(43)) - raft.server.log.appender.buffer.byte-limit = 33554432 (custom)
2019-10-14 10:17:02,658 [pool-240-thread-1] INFO  server.RaftServerConfigKeys (ConfUtils.java:logGet(43)) - raft.server.log.use.memory = false (default)
2019-10-14 10:17:02,658 [pool-210-thread-1] INFO  server.RaftServerConfigKeys (ConfUtils.java:logGet(43)) - raft.server.log.segment.size.max = 1048576 (custom)
2019-10-14 10:17:02,658 [pool-190-thread-1] INFO  server.RaftServerConfigKeys (ConfUtils.java:logGet(43)) - raft.server.log.purge.gap = 1000000 (custom)
2019-10-14 10:17:02,659 [pool-210-thread-1] INFO  server.RaftServerConfigKeys (ConfUtils.java:logGet(43)) - raft.server.log.segment.cache.num.max = 2 (custom)
2019-10-14 10:17:02,658 [pool-240-thread-1] INFO  server.RaftServerConfigKeys (ConfUtils.java:logGet(43)) - raft.server.log.purge.gap = 1000000 (custom)
2019-10-14 10:17:02,659 [pool-210-thread-1] INFO  segmented.SegmentedRaftLogWorker (SegmentedRaftLogWorker.java:<init>(172)) - new 9e658c07-1fa4-4268-bcc4-d82f6334c8fc@group-EF1483759AD9-SegmentedRaftLogWorker for RaftStorage:Storage Directory /workdir/hadoop-ozone/ozonefs/target/test-dir/MiniOzoneClusterImpl-c76d7c66-f44c-4dfc-a708-d16c084e1c14/datanode-2/data/ratis/baa88c1b-a9cb-4819-ba19-ef1483759ad9
2019-10-14 10:17:02,659 [pool-190-thread-1] INFO  server.RaftServerConfigKeys (ConfUtils.java:logGet(43)) - raft.server.log.appender.buffer.byte-limit = 33554432 (custom)
2019-10-14 10:17:02,659 [pool-210-thread-1] INFO  server.RaftServerConfigKeys (ConfUtils.java:logGet(43)) - raft.server.log.queue.byte-limit = 2147483647 (custom)
2019-10-14 10:17:02,659 [pool-240-thread-1] INFO  server.RaftServerConfigKeys (ConfUtils.java:logGet(43)) - raft.server.log.appender.buffer.byte-limit = 33554432 (custom)
2019-10-14 10:17:02,660 [pool-210-thread-1] INFO  server.RaftServerConfigKeys (ConfUtils.java:logGet(43)) - raft.server.log.queue.element-limit = 1024 (custom)
2019-10-14 10:17:02,660 [pool-190-thread-1] INFO  server.RaftServerConfigKeys (ConfUtils.java:logGet(43)) - raft.server.log.segment.size.max = 1048576 (custom)
2019-10-14 10:17:02,660 [pool-210-thread-1] INFO  server.RaftServerConfigKeys (ConfUtils.java:logGet(43)) - raft.server.log.segment.size.max = 1048576 (custom)
2019-10-14 10:17:02,660 [pool-240-thread-1] INFO  server.RaftServerConfigKeys (ConfUtils.java:logGet(43)) - raft.server.log.segment.size.max = 1048576 (custom)
2019-10-14 10:17:02,661 [pool-210-thread-1] INFO  server.RaftServerConfigKeys (ConfUtils.java:logGet(43)) - raft.server.log.preallocated.size = 16384 (custom)
2019-10-14 10:17:02,660 [pool-190-thread-1] INFO  server.RaftServerConfigKeys (ConfUtils.java:logGet(43)) - raft.server.log.segment.cache.num.max = 2 (custom)
2019-10-14 10:17:02,661 [pool-210-thread-1] INFO  server.RaftServerConfigKeys (ConfUtils.java:logGet(43)) - raft.server.log.write.buffer.size = 33554432 (custom)
2019-10-14 10:17:02,661 [pool-240-thread-1] INFO  server.RaftServerConfigKeys (ConfUtils.java:logGet(43)) - raft.server.log.segment.cache.num.max = 2 (custom)
2019-10-14 10:17:02,661 [pool-210-thread-1] INFO  server.RaftServerConfigKeys (ConfUtils.java:logGet(43)) - raft.server.log.force.sync.num = 128 (default)
2019-10-14 10:17:02,662 [pool-210-thread-1] INFO  server.RaftServerConfigKeys (ConfUtils.java:logGet(43)) - raft.server.log.statemachine.data.sync = true (default)
2019-10-14 10:17:02,661 [pool-190-thread-1] INFO  segmented.SegmentedRaftLogWorker (SegmentedRaftLogWorker.java:<init>(172)) - new 685ecb0d-c002-4fd0-97ff-08a2904709e1@group-EF1483759AD9-SegmentedRaftLogWorker for RaftStorage:Storage Directory /workdir/hadoop-ozone/ozonefs/target/test-dir/MiniOzoneClusterImpl-c76d7c66-f44c-4dfc-a708-d16c084e1c14/datanode-0/data/ratis/baa88c1b-a9cb-4819-ba19-ef1483759ad9
2019-10-14 10:17:02,662 [pool-210-thread-1] INFO  server.RaftServerConfigKeys (ConfUtils.java:logGet(43)) - raft.server.log.statemachine.data.sync.timeout = 10s (default)
2019-10-14 10:17:02,661 [pool-240-thread-1] INFO  segmented.SegmentedRaftLogWorker (SegmentedRaftLogWorker.java:<init>(172)) - new b45a675e-aeff-4ba4-9b40-8f6156737b33@group-EF1483759AD9-SegmentedRaftLogWorker for RaftStorage:Storage Directory /workdir/hadoop-ozone/ozonefs/target/test-dir/MiniOzoneClusterImpl-c76d7c66-f44c-4dfc-a708-d16c084e1c14/datanode-5/data/ratis/baa88c1b-a9cb-4819-ba19-ef1483759ad9
2019-10-14 10:17:02,662 [pool-210-thread-1] INFO  server.RaftServerConfigKeys (ConfUtils.java:logGet(43)) - raft.server.log.statemachine.data.sync.timeout.retry = -1 (default)
2019-10-14 10:17:02,662 [pool-190-thread-1] INFO  server.RaftServerConfigKeys (ConfUtils.java:logGet(43)) - raft.server.log.queue.byte-limit = 2147483647 (custom)
2019-10-14 10:17:02,663 [pool-210-thread-1] INFO  server.RaftServerConfigKeys (ConfUtils.java:logGet(43)) - raft.server.log.statemachine.data.caching.enabled = true (custom)
2019-10-14 10:17:02,662 [pool-240-thread-1] INFO  server.RaftServerConfigKeys (ConfUtils.java:logGet(43)) - raft.server.log.queue.byte-limit = 2147483647 (custom)
2019-10-14 10:17:02,663 [pool-240-thread-1] INFO  server.RaftServerConfigKeys (ConfUtils.java:logGet(43)) - raft.server.log.queue.element-limit = 1024 (custom)
2019-10-14 10:17:02,663 [pool-190-thread-1] INFO  server.RaftServerConfigKeys (ConfUtils.java:logGet(43)) - raft.server.log.queue.element-limit = 1024 (custom)
2019-10-14 10:17:02,663 [pool-240-thread-1] INFO  server.RaftServerConfigKeys (ConfUtils.java:logGet(43)) - raft.server.log.segment.size.max = 1048576 (custom)
2019-10-14 10:17:02,663 [pool-190-thread-1] INFO  server.RaftServerConfigKeys (ConfUtils.java:logGet(43)) - raft.server.log.segment.size.max = 1048576 (custom)
2019-10-14 10:17:02,664 [pool-240-thread-1] INFO  server.RaftServerConfigKeys (ConfUtils.java:logGet(43)) - raft.server.log.preallocated.size = 16384 (custom)
2019-10-14 10:17:02,664 [pool-210-thread-1] INFO  segmented.SegmentedRaftLogWorker (SegmentedRaftLogWorker.java:lambda$new$0(132)) - 9e658c07-1fa4-4268-bcc4-d82f6334c8fc@group-EF1483759AD9-SegmentedRaftLogWorker: flushIndex: setUnconditionally 0 -> -1
2019-10-14 10:17:02,664 [pool-190-thread-1] INFO  server.RaftServerConfigKeys (ConfUtils.java:logGet(43)) - raft.server.log.preallocated.size = 16384 (custom)
2019-10-14 10:17:02,664 [pool-240-thread-1] INFO  server.RaftServerConfigKeys (ConfUtils.java:logGet(43)) - raft.server.log.write.buffer.size = 33554432 (custom)
2019-10-14 10:17:02,664 [pool-210-thread-1] INFO  server.RaftServerConfigKeys (ConfUtils.java:logGet(43)) - raft.server.snapshot.auto.trigger.enabled = true (custom)
2019-10-14 10:17:02,664 [pool-190-thread-1] INFO  server.RaftServerConfigKeys (ConfUtils.java:logGet(43)) - raft.server.log.write.buffer.size = 33554432 (custom)
2019-10-14 10:17:02,665 [pool-210-thread-1] INFO  server.RaftServerConfigKeys (ConfUtils.java:logGet(43)) - raft.server.snapshot.auto.trigger.threshold = 10000 (custom)
2019-10-14 10:17:02,664 [pool-240-thread-1] INFO  server.RaftServerConfigKeys (ConfUtils.java:logGet(43)) - raft.server.log.force.sync.num = 128 (default)
2019-10-14 10:17:02,665 [pool-210-thread-1] INFO  server.RaftServerConfigKeys (ConfUtils.java:logGet(43)) - raft.server.snapshot.retention.num.files = 5 (custom)
2019-10-14 10:17:02,665 [pool-190-thread-1] INFO  server.RaftServerConfigKeys (ConfUtils.java:logGet(43)) - raft.server.log.force.sync.num = 128 (default)
2019-10-14 10:17:02,665 [pool-210-thread-1] INFO  server.RaftServerConfigKeys (ConfUtils.java:logGet(43)) - raft.server.retrycache.expirytime = 600000ms (custom)
2019-10-14 10:17:02,665 [pool-240-thread-1] INFO  server.RaftServerConfigKeys (ConfUtils.java:logGet(43)) - raft.server.log.statemachine.data.sync = true (default)
2019-10-14 10:17:02,666 [pool-190-thread-1] INFO  server.RaftServerConfigKeys (ConfUtils.java:logGet(43)) - raft.server.log.statemachine.data.sync = true (default)
2019-10-14 10:17:02,666 [pool-240-thread-1] INFO  server.RaftServerConfigKeys (ConfUtils.java:logGet(43)) - raft.server.log.statemachine.data.sync.timeout = 10s (default)
2019-10-14 10:17:02,666 [pool-190-thread-1] INFO  server.RaftServerConfigKeys (ConfUtils.java:logGet(43)) - raft.server.log.statemachine.data.sync.timeout = 10s (default)
2019-10-14 10:17:02,667 [pool-240-thread-1] INFO  server.RaftServerConfigKeys (ConfUtils.java:logGet(43)) - raft.server.log.statemachine.data.sync.timeout.retry = -1 (default)
2019-10-14 10:17:02,667 [pool-190-thread-1] INFO  server.RaftServerConfigKeys (ConfUtils.java:logGet(43)) - raft.server.log.statemachine.data.sync.timeout.retry = -1 (default)
2019-10-14 10:17:02,667 [pool-240-thread-1] INFO  server.RaftServerConfigKeys (ConfUtils.java:logGet(43)) - raft.server.log.statemachine.data.caching.enabled = true (custom)
2019-10-14 10:17:02,667 [pool-190-thread-1] INFO  server.RaftServerConfigKeys (ConfUtils.java:logGet(43)) - raft.server.log.statemachine.data.caching.enabled = true (custom)
2019-10-14 10:17:02,667 [pool-240-thread-1] INFO  segmented.SegmentedRaftLogWorker (SegmentedRaftLogWorker.java:lambda$new$0(132)) - b45a675e-aeff-4ba4-9b40-8f6156737b33@group-EF1483759AD9-SegmentedRaftLogWorker: flushIndex: setUnconditionally 0 -> -1
2019-10-14 10:17:02,668 [pool-190-thread-1] INFO  segmented.SegmentedRaftLogWorker (SegmentedRaftLogWorker.java:lambda$new$0(132)) - 685ecb0d-c002-4fd0-97ff-08a2904709e1@group-EF1483759AD9-SegmentedRaftLogWorker: flushIndex: setUnconditionally 0 -> -1
2019-10-14 10:17:02,668 [pool-240-thread-1] INFO  server.RaftServerConfigKeys (ConfUtils.java:logGet(43)) - raft.server.snapshot.auto.trigger.enabled = true (custom)
2019-10-14 10:17:02,668 [pool-190-thread-1] INFO  server.RaftServerConfigKeys (ConfUtils.java:logGet(43)) - raft.server.snapshot.auto.trigger.enabled = true (custom)
2019-10-14 10:17:02,668 [pool-240-thread-1] INFO  server.RaftServerConfigKeys (ConfUtils.java:logGet(43)) - raft.server.snapshot.auto.trigger.threshold = 10000 (custom)
2019-10-14 10:17:02,668 [pool-190-thread-1] INFO  server.RaftServerConfigKeys (ConfUtils.java:logGet(43)) - raft.server.snapshot.auto.trigger.threshold = 10000 (custom)
2019-10-14 10:17:02,668 [pool-240-thread-1] INFO  server.RaftServerConfigKeys (ConfUtils.java:logGet(43)) - raft.server.snapshot.retention.num.files = 5 (custom)
2019-10-14 10:17:02,669 [pool-190-thread-1] INFO  server.RaftServerConfigKeys (ConfUtils.java:logGet(43)) - raft.server.snapshot.retention.num.files = 5 (custom)
2019-10-14 10:17:02,669 [pool-240-thread-1] INFO  server.RaftServerConfigKeys (ConfUtils.java:logGet(43)) - raft.server.retrycache.expirytime = 600000ms (custom)
2019-10-14 10:17:02,669 [pool-190-thread-1] INFO  server.RaftServerConfigKeys (ConfUtils.java:logGet(43)) - raft.server.retrycache.expirytime = 600000ms (custom)
2019-10-14 10:17:02,670 [pool-210-thread-1] INFO  impl.RaftServerImpl (RaftServerImpl.java:start(185)) - 9e658c07-1fa4-4268-bcc4-d82f6334c8fc@group-EF1483759AD9: start as a follower, conf=-1: [685ecb0d-c002-4fd0-97ff-08a2904709e1:192.168.164.214:33521, 9e658c07-1fa4-4268-bcc4-d82f6334c8fc:192.168.164.214:44135, b45a675e-aeff-4ba4-9b40-8f6156737b33:192.168.164.214:45207], old=null
2019-10-14 10:17:02,670 [pool-210-thread-1] INFO  impl.RaftServerImpl (RaftServerImpl.java:setRole(174)) - 9e658c07-1fa4-4268-bcc4-d82f6334c8fc@group-EF1483759AD9: changes role from      null to FOLLOWER at term 0 for startAsFollower
2019-10-14 10:17:02,671 [pool-210-thread-1] INFO  impl.RoleInfo (RoleInfo.java:updateAndGet(143)) - 9e658c07-1fa4-4268-bcc4-d82f6334c8fc: start FollowerState
2019-10-14 10:17:02,671 [pool-210-thread-1] INFO  util.JmxRegister (JmxRegister.java:tryRegister(44)) - Successfully registered JMX Bean with object name Ratis:service=RaftServer,group=group-EF1483759AD9,id=9e658c07-1fa4-4268-bcc4-d82f6334c8fc
2019-10-14 10:17:02,673 [pool-240-thread-1] INFO  impl.RaftServerImpl (RaftServerImpl.java:start(185)) - b45a675e-aeff-4ba4-9b40-8f6156737b33@group-EF1483759AD9: start as a follower, conf=-1: [685ecb0d-c002-4fd0-97ff-08a2904709e1:192.168.164.214:33521, 9e658c07-1fa4-4268-bcc4-d82f6334c8fc:192.168.164.214:44135, b45a675e-aeff-4ba4-9b40-8f6156737b33:192.168.164.214:45207], old=null
2019-10-14 10:17:02,678 [pool-240-thread-1] INFO  impl.RaftServerImpl (RaftServerImpl.java:setRole(174)) - b45a675e-aeff-4ba4-9b40-8f6156737b33@group-EF1483759AD9: changes role from      null to FOLLOWER at term 0 for startAsFollower
2019-10-14 10:17:02,678 [pool-190-thread-1] INFO  impl.RaftServerImpl (RaftServerImpl.java:start(185)) - 685ecb0d-c002-4fd0-97ff-08a2904709e1@group-EF1483759AD9: start as a follower, conf=-1: [685ecb0d-c002-4fd0-97ff-08a2904709e1:192.168.164.214:33521, 9e658c07-1fa4-4268-bcc4-d82f6334c8fc:192.168.164.214:44135, b45a675e-aeff-4ba4-9b40-8f6156737b33:192.168.164.214:45207], old=null
2019-10-14 10:17:02,678 [pool-240-thread-1] INFO  impl.RoleInfo (RoleInfo.java:updateAndGet(143)) - b45a675e-aeff-4ba4-9b40-8f6156737b33: start FollowerState
2019-10-14 10:17:02,678 [pool-190-thread-1] INFO  impl.RaftServerImpl (RaftServerImpl.java:setRole(174)) - 685ecb0d-c002-4fd0-97ff-08a2904709e1@group-EF1483759AD9: changes role from      null to FOLLOWER at term 0 for startAsFollower
2019-10-14 10:17:02,679 [pool-190-thread-1] INFO  impl.RoleInfo (RoleInfo.java:updateAndGet(143)) - 685ecb0d-c002-4fd0-97ff-08a2904709e1: start FollowerState
2019-10-14 10:17:02,679 [pool-240-thread-1] INFO  util.JmxRegister (JmxRegister.java:tryRegister(44)) - Successfully registered JMX Bean with object name Ratis:service=RaftServer,group=group-EF1483759AD9,id=b45a675e-aeff-4ba4-9b40-8f6156737b33
2019-10-14 10:17:02,679 [pool-190-thread-1] INFO  util.JmxRegister (JmxRegister.java:tryRegister(44)) - Successfully registered JMX Bean with object name Ratis:service=RaftServer,group=group-EF1483759AD9,id=685ecb0d-c002-4fd0-97ff-08a2904709e1
2019-10-14 10:17:02,686 [RatisPipelineUtilsThread] INFO  pipeline.PipelineStateManager (PipelineStateManager.java:addPipeline(56)) - Created pipeline Pipeline[ Id: baa88c1b-a9cb-4819-ba19-ef1483759ad9, Nodes: 9e658c07-1fa4-4268-bcc4-d82f6334c8fc{ip: 192.168.164.214, host: pr-hdds-1569-vp9xg-4248047660, networkLocation: /default-rack, certSerialId: null}685ecb0d-c002-4fd0-97ff-08a2904709e1{ip: 192.168.164.214, host: pr-hdds-1569-vp9xg-4248047660, networkLocation: /default-rack, certSerialId: null}b45a675e-aeff-4ba4-9b40-8f6156737b33{ip: 192.168.164.214, host: pr-hdds-1569-vp9xg-4248047660, networkLocation: /default-rack, certSerialId: null}, Type:RATIS, Factor:THREE, State:OPEN]
2019-10-14 10:17:02,687 [RatisPipelineUtilsThread] INFO  pipeline.PipelinePlacementPolicy (PipelinePlacementPolicy.java:meetCriteria(104)) - Pipeline Placement: can't place more pipeline on heavy datanode： b253433b-9336-40b9-b5cf-1baec0039647 Heaviness: 3 limit: 3
2019-10-14 10:17:02,687 [RatisPipelineUtilsThread] INFO  pipeline.PipelinePlacementPolicy (PipelinePlacementPolicy.java:meetCriteria(104)) - Pipeline Placement: can't place more pipeline on heavy datanode： ade9b509-d1ed-4779-a19c-4ed96427ff05 Heaviness: 3 limit: 3
2019-10-14 10:17:02,687 [RatisPipelineUtilsThread] INFO  pipeline.PipelinePlacementPolicy (PipelinePlacementPolicy.java:meetCriteria(104)) - Pipeline Placement: can't place more pipeline on heavy datanode： 36847f54-85ee-4d0b-96a5-61a90c070d38 Heaviness: 3 limit: 3
2019-10-14 10:17:02,699 [grpc-default-executor-2] INFO  impl.RaftServerProxy (RaftServerProxy.java:addNew(89)) - b45a675e-aeff-4ba4-9b40-8f6156737b33: addNew group-1047010A7D5C:[685ecb0d-c002-4fd0-97ff-08a2904709e1:192.168.164.214:33521, 9e658c07-1fa4-4268-bcc4-d82f6334c8fc:192.168.164.214:44135, b45a675e-aeff-4ba4-9b40-8f6156737b33:192.168.164.214:45207] returns group-1047010A7D5C:java.util.concurrent.CompletableFuture@1b69f186[Not completed]
2019-10-14 10:17:02,701 [grpc-default-executor-1] INFO  impl.RaftServerProxy (RaftServerProxy.java:addNew(89)) - 9e658c07-1fa4-4268-bcc4-d82f6334c8fc: addNew group-1047010A7D5C:[685ecb0d-c002-4fd0-97ff-08a2904709e1:192.168.164.214:33521, 9e658c07-1fa4-4268-bcc4-d82f6334c8fc:192.168.164.214:44135, b45a675e-aeff-4ba4-9b40-8f6156737b33:192.168.164.214:45207] returns group-1047010A7D5C:java.util.concurrent.CompletableFuture@6eea3aaf[Not completed]
2019-10-14 10:17:02,701 [grpc-default-executor-0] INFO  impl.RaftServerProxy (RaftServerProxy.java:addNew(89)) - 685ecb0d-c002-4fd0-97ff-08a2904709e1: addNew group-1047010A7D5C:[685ecb0d-c002-4fd0-97ff-08a2904709e1:192.168.164.214:33521, 9e658c07-1fa4-4268-bcc4-d82f6334c8fc:192.168.164.214:44135, b45a675e-aeff-4ba4-9b40-8f6156737b33:192.168.164.214:45207] returns group-1047010A7D5C:java.util.concurrent.CompletableFuture@33ee8fd[Not completed]
2019-10-14 10:17:02,703 [pool-240-thread-1] INFO  impl.RaftServerImpl (RaftServerImpl.java:<init>(95)) - b45a675e-aeff-4ba4-9b40-8f6156737b33: new RaftServerImpl for group-1047010A7D5C:[685ecb0d-c002-4fd0-97ff-08a2904709e1:192.168.164.214:33521, 9e658c07-1fa4-4268-bcc4-d82f6334c8fc:192.168.164.214:44135, b45a675e-aeff-4ba4-9b40-8f6156737b33:192.168.164.214:45207] with ContainerStateMachine:uninitialized
2019-10-14 10:17:02,703 [pool-240-thread-1] INFO  server.RaftServerConfigKeys (ConfUtils.java:logGet(43)) - raft.server.rpc.timeout.min = 5s (custom)
2019-10-14 10:17:02,703 [pool-240-thread-1] INFO  server.RaftServerConfigKeys (ConfUtils.java:logGet(43)) - raft.server.rpc.timeout.max = 5200ms (custom)
2019-10-14 10:17:02,703 [pool-240-thread-1] INFO  server.RaftServerConfigKeys (ConfUtils.java:logGet(43)) - raft.server.rpcslowness.timeout = 120s (custom)
2019-10-14 10:17:02,703 [pool-240-thread-1] INFO  server.RaftServerConfigKeys (ConfUtils.java:logGet(43)) - raft.server.sleep.deviation.threshold = 300 (default)
2019-10-14 10:17:02,703 [pool-210-thread-1] INFO  impl.RaftServerImpl (RaftServerImpl.java:<init>(95)) - 9e658c07-1fa4-4268-bcc4-d82f6334c8fc: new RaftServerImpl for group-1047010A7D5C:[685ecb0d-c002-4fd0-97ff-08a2904709e1:192.168.164.214:33521, 9e658c07-1fa4-4268-bcc4-d82f6334c8fc:192.168.164.214:44135, b45a675e-aeff-4ba4-9b40-8f6156737b33:192.168.164.214:45207] with ContainerStateMachine:uninitialized
2019-10-14 10:17:02,703 [pool-240-thread-1] INFO  server.RaftServerConfigKeys (ConfUtils.java:logGet(43)) - raft.server.log.appender.install.snapshot.enabled = false (custom)
2019-10-14 10:17:02,704 [pool-210-thread-1] INFO  server.RaftServerConfigKeys (ConfUtils.java:logGet(43)) - raft.server.rpc.timeout.min = 5s (custom)
2019-10-14 10:17:02,704 [pool-240-thread-1] INFO  impl.RaftServerImpl (ServerState.java:<init>(103)) - b45a675e-aeff-4ba4-9b40-8f6156737b33@group-1047010A7D5C: ConfigurationManager, init=-1: [685ecb0d-c002-4fd0-97ff-08a2904709e1:192.168.164.214:33521, 9e658c07-1fa4-4268-bcc4-d82f6334c8fc:192.168.164.214:44135, b45a675e-aeff-4ba4-9b40-8f6156737b33:192.168.164.214:45207], old=null, confs=<EMPTY_MAP>
2019-10-14 10:17:02,704 [pool-210-thread-1] INFO  server.RaftServerConfigKeys (ConfUtils.java:logGet(43)) - raft.server.rpc.timeout.max = 5200ms (custom)
2019-10-14 10:17:02,704 [pool-240-thread-1] INFO  server.RaftServerConfigKeys (ConfUtils.java:logGet(43)) - raft.server.storage.dir = [/workdir/hadoop-ozone/ozonefs/target/test-dir/MiniOzoneClusterImpl-c76d7c66-f44c-4dfc-a708-d16c084e1c14/datanode-5/data/ratis] (custom)
2019-10-14 10:17:02,704 [pool-190-thread-1] INFO  impl.RaftServerImpl (RaftServerImpl.java:<init>(95)) - 685ecb0d-c002-4fd0-97ff-08a2904709e1: new RaftServerImpl for group-1047010A7D5C:[685ecb0d-c002-4fd0-97ff-08a2904709e1:192.168.164.214:33521, 9e658c07-1fa4-4268-bcc4-d82f6334c8fc:192.168.164.214:44135, b45a675e-aeff-4ba4-9b40-8f6156737b33:192.168.164.214:45207] with ContainerStateMachine:uninitialized
2019-10-14 10:17:02,704 [pool-210-thread-1] INFO  server.RaftServerConfigKeys (ConfUtils.java:logGet(43)) - raft.server.rpcslowness.timeout = 120s (custom)
2019-10-14 10:17:02,704 [pool-190-thread-1] INFO  server.RaftServerConfigKeys (ConfUtils.java:logGet(43)) - raft.server.rpc.timeout.min = 5s (custom)
2019-10-14 10:17:02,704 [pool-240-thread-1] INFO  storage.RaftStorageDirectory (RaftStorageDirectory.java:analyzeStorage(246)) - The storage directory /workdir/hadoop-ozone/ozonefs/target/test-dir/MiniOzoneClusterImpl-c76d7c66-f44c-4dfc-a708-d16c084e1c14/datanode-5/data/ratis/0b144cfe-828d-418c-951a-1047010a7d5c does not exist. Creating ...
2019-10-14 10:17:02,704 [pool-210-thread-1] INFO  server.RaftServerConfigKeys (ConfUtils.java:logGet(43)) - raft.server.sleep.deviation.threshold = 300 (default)
2019-10-14 10:17:02,705 [pool-190-thread-1] INFO  server.RaftServerConfigKeys (ConfUtils.java:logGet(43)) - raft.server.rpc.timeout.max = 5200ms (custom)
2019-10-14 10:17:02,705 [pool-210-thread-1] INFO  server.RaftServerConfigKeys (ConfUtils.java:logGet(43)) - raft.server.log.appender.install.snapshot.enabled = false (custom)
2019-10-14 10:17:02,705 [pool-190-thread-1] INFO  server.RaftServerConfigKeys (ConfUtils.java:logGet(43)) - raft.server.rpcslowness.timeout = 120s (custom)
2019-10-14 10:17:02,705 [pool-210-thread-1] INFO  impl.RaftServerImpl (ServerState.java:<init>(103)) - 9e658c07-1fa4-4268-bcc4-d82f6334c8fc@group-1047010A7D5C: ConfigurationManager, init=-1: [685ecb0d-c002-4fd0-97ff-08a2904709e1:192.168.164.214:33521, 9e658c07-1fa4-4268-bcc4-d82f6334c8fc:192.168.164.214:44135, b45a675e-aeff-4ba4-9b40-8f6156737b33:192.168.164.214:45207], old=null, confs=<EMPTY_MAP>
2019-10-14 10:17:02,705 [pool-190-thread-1] INFO  server.RaftServerConfigKeys (ConfUtils.java:logGet(43)) - raft.server.sleep.deviation.threshold = 300 (default)
2019-10-14 10:17:02,705 [pool-210-thread-1] INFO  server.RaftServerConfigKeys (ConfUtils.java:logGet(43)) - raft.server.storage.dir = [/workdir/hadoop-ozone/ozonefs/target/test-dir/MiniOzoneClusterImpl-c76d7c66-f44c-4dfc-a708-d16c084e1c14/datanode-2/data/ratis] (custom)
2019-10-14 10:17:02,705 [pool-190-thread-1] INFO  server.RaftServerConfigKeys (ConfUtils.java:logGet(43)) - raft.server.log.appender.install.snapshot.enabled = false (custom)
2019-10-14 10:17:02,706 [pool-190-thread-1] INFO  impl.RaftServerImpl (ServerState.java:<init>(103)) - 685ecb0d-c002-4fd0-97ff-08a2904709e1@group-1047010A7D5C: ConfigurationManager, init=-1: [685ecb0d-c002-4fd0-97ff-08a2904709e1:192.168.164.214:33521, 9e658c07-1fa4-4268-bcc4-d82f6334c8fc:192.168.164.214:44135, b45a675e-aeff-4ba4-9b40-8f6156737b33:192.168.164.214:45207], old=null, confs=<EMPTY_MAP>
2019-10-14 10:17:02,706 [pool-210-thread-1] INFO  storage.RaftStorageDirectory (RaftStorageDirectory.java:analyzeStorage(246)) - The storage directory /workdir/hadoop-ozone/ozonefs/target/test-dir/MiniOzoneClusterImpl-c76d7c66-f44c-4dfc-a708-d16c084e1c14/datanode-2/data/ratis/0b144cfe-828d-418c-951a-1047010a7d5c does not exist. Creating ...
2019-10-14 10:17:02,706 [pool-190-thread-1] INFO  server.RaftServerConfigKeys (ConfUtils.java:logGet(43)) - raft.server.storage.dir = [/workdir/hadoop-ozone/ozonefs/target/test-dir/MiniOzoneClusterImpl-c76d7c66-f44c-4dfc-a708-d16c084e1c14/datanode-0/data/ratis] (custom)
2019-10-14 10:17:02,706 [pool-190-thread-1] INFO  storage.RaftStorageDirectory (RaftStorageDirectory.java:analyzeStorage(246)) - The storage directory /workdir/hadoop-ozone/ozonefs/target/test-dir/MiniOzoneClusterImpl-c76d7c66-f44c-4dfc-a708-d16c084e1c14/datanode-0/data/ratis/0b144cfe-828d-418c-951a-1047010a7d5c does not exist. Creating ...
2019-10-14 10:17:02,732 [pool-210-thread-1] INFO  storage.RaftStorageDirectory (RaftStorageDirectory.java:tryLock(328)) - Lock on /workdir/hadoop-ozone/ozonefs/target/test-dir/MiniOzoneClusterImpl-c76d7c66-f44c-4dfc-a708-d16c084e1c14/datanode-2/data/ratis/0b144cfe-828d-418c-951a-1047010a7d5c/in_use.lock acquired by nodename 4738@pr-hdds-1569-vp9xg-4248047660
2019-10-14 10:17:02,732 [pool-190-thread-1] INFO  storage.RaftStorageDirectory (RaftStorageDirectory.java:tryLock(328)) - Lock on /workdir/hadoop-ozone/ozonefs/target/test-dir/MiniOzoneClusterImpl-c76d7c66-f44c-4dfc-a708-d16c084e1c14/datanode-0/data/ratis/0b144cfe-828d-418c-951a-1047010a7d5c/in_use.lock acquired by nodename 4738@pr-hdds-1569-vp9xg-4248047660
2019-10-14 10:17:02,732 [pool-240-thread-1] INFO  storage.RaftStorageDirectory (RaftStorageDirectory.java:tryLock(328)) - Lock on /workdir/hadoop-ozone/ozonefs/target/test-dir/MiniOzoneClusterImpl-c76d7c66-f44c-4dfc-a708-d16c084e1c14/datanode-5/data/ratis/0b144cfe-828d-418c-951a-1047010a7d5c/in_use.lock acquired by nodename 4738@pr-hdds-1569-vp9xg-4248047660
2019-10-14 10:17:02,757 [pool-240-thread-1] INFO  storage.RaftStorage (RaftStorage.java:format(72)) - Storage directory /workdir/hadoop-ozone/ozonefs/target/test-dir/MiniOzoneClusterImpl-c76d7c66-f44c-4dfc-a708-d16c084e1c14/datanode-5/data/ratis/0b144cfe-828d-418c-951a-1047010a7d5c has been successfully formatted.
2019-10-14 10:17:02,757 [pool-210-thread-1] INFO  storage.RaftStorage (RaftStorage.java:format(72)) - Storage directory /workdir/hadoop-ozone/ozonefs/target/test-dir/MiniOzoneClusterImpl-c76d7c66-f44c-4dfc-a708-d16c084e1c14/datanode-2/data/ratis/0b144cfe-828d-418c-951a-1047010a7d5c has been successfully formatted.
2019-10-14 10:17:02,757 [pool-190-thread-1] INFO  storage.RaftStorage (RaftStorage.java:format(72)) - Storage directory /workdir/hadoop-ozone/ozonefs/target/test-dir/MiniOzoneClusterImpl-c76d7c66-f44c-4dfc-a708-d16c084e1c14/datanode-0/data/ratis/0b144cfe-828d-418c-951a-1047010a7d5c has been successfully formatted.
2019-10-14 10:17:02,758 [pool-240-thread-1] INFO  ratis.ContainerStateMachine (ContainerStateMachine.java:loadSnapshot(230)) - group-1047010A7D5C: The snapshot info is null. Setting the last applied indexto:(t:0, i:~)
2019-10-14 10:17:02,758 [pool-190-thread-1] INFO  ratis.ContainerStateMachine (ContainerStateMachine.java:loadSnapshot(230)) - group-1047010A7D5C: The snapshot info is null. Setting the last applied indexto:(t:0, i:~)
2019-10-14 10:17:02,758 [pool-240-thread-1] INFO  server.RaftServerConfigKeys (ConfUtils.java:logGet(43)) - raft.server.notification.no-leader.timeout = 120s (custom)
2019-10-14 10:17:02,758 [pool-210-thread-1] INFO  ratis.ContainerStateMachine (ContainerStateMachine.java:loadSnapshot(230)) - group-1047010A7D5C: The snapshot info is null. Setting the last applied indexto:(t:0, i:~)
2019-10-14 10:17:02,758 [pool-240-thread-1] INFO  server.RaftServerConfigKeys (ConfUtils.java:logGet(43)) - raft.server.log.use.memory = false (default)
2019-10-14 10:17:02,758 [pool-190-thread-1] INFO  server.RaftServerConfigKeys (ConfUtils.java:logGet(43)) - raft.server.notification.no-leader.timeout = 120s (custom)
2019-10-14 10:17:02,759 [pool-240-thread-1] INFO  server.RaftServerConfigKeys (ConfUtils.java:logGet(43)) - raft.server.log.purge.gap = 1000000 (custom)
2019-10-14 10:17:02,758 [pool-210-thread-1] INFO  server.RaftServerConfigKeys (ConfUtils.java:logGet(43)) - raft.server.notification.no-leader.timeout = 120s (custom)
2019-10-14 10:17:02,759 [pool-240-thread-1] INFO  server.RaftServerConfigKeys (ConfUtils.java:logGet(43)) - raft.server.log.appender.buffer.byte-limit = 33554432 (custom)
2019-10-14 10:17:02,759 [pool-190-thread-1] INFO  server.RaftServerConfigKeys (ConfUtils.java:logGet(43)) - raft.server.log.use.memory = false (default)
2019-10-14 10:17:02,759 [pool-240-thread-1] INFO  server.RaftServerConfigKeys (ConfUtils.java:logGet(43)) - raft.server.log.segment.size.max = 1048576 (custom)
2019-10-14 10:17:02,759 [pool-210-thread-1] INFO  server.RaftServerConfigKeys (ConfUtils.java:logGet(43)) - raft.server.log.use.memory = false (default)
2019-10-14 10:17:02,760 [pool-240-thread-1] INFO  server.RaftServerConfigKeys (ConfUtils.java:logGet(43)) - raft.server.log.segment.cache.num.max = 2 (custom)
2019-10-14 10:17:02,759 [pool-190-thread-1] INFO  server.RaftServerConfigKeys (ConfUtils.java:logGet(43)) - raft.server.log.purge.gap = 1000000 (custom)
2019-10-14 10:17:02,760 [pool-240-thread-1] INFO  segmented.SegmentedRaftLogWorker (SegmentedRaftLogWorker.java:<init>(172)) - new b45a675e-aeff-4ba4-9b40-8f6156737b33@group-1047010A7D5C-SegmentedRaftLogWorker for RaftStorage:Storage Directory /workdir/hadoop-ozone/ozonefs/target/test-dir/MiniOzoneClusterImpl-c76d7c66-f44c-4dfc-a708-d16c084e1c14/datanode-5/data/ratis/0b144cfe-828d-418c-951a-1047010a7d5c
2019-10-14 10:17:02,760 [pool-210-thread-1] INFO  server.RaftServerConfigKeys (ConfUtils.java:logGet(43)) - raft.server.log.purge.gap = 1000000 (custom)
2019-10-14 10:17:02,760 [pool-240-thread-1] INFO  server.RaftServerConfigKeys (ConfUtils.java:logGet(43)) - raft.server.log.queue.byte-limit = 2147483647 (custom)
2019-10-14 10:17:02,760 [pool-190-thread-1] INFO  server.RaftServerConfigKeys (ConfUtils.java:logGet(43)) - raft.server.log.appender.buffer.byte-limit = 33554432 (custom)
2019-10-14 10:17:02,761 [pool-240-thread-1] INFO  server.RaftServerConfigKeys (ConfUtils.java:logGet(43)) - raft.server.log.queue.element-limit = 1024 (custom)
2019-10-14 10:17:02,760 [pool-210-thread-1] INFO  server.RaftServerConfigKeys (ConfUtils.java:logGet(43)) - raft.server.log.appender.buffer.byte-limit = 33554432 (custom)
2019-10-14 10:17:02,761 [pool-240-thread-1] INFO  server.RaftServerConfigKeys (ConfUtils.java:logGet(43)) - raft.server.log.segment.size.max = 1048576 (custom)
2019-10-14 10:17:02,761 [pool-190-thread-1] INFO  server.RaftServerConfigKeys (ConfUtils.java:logGet(43)) - raft.server.log.segment.size.max = 1048576 (custom)
2019-10-14 10:17:02,761 [pool-240-thread-1] INFO  server.RaftServerConfigKeys (ConfUtils.java:logGet(43)) - raft.server.log.preallocated.size = 16384 (custom)
2019-10-14 10:17:02,761 [pool-210-thread-1] INFO  server.RaftServerConfigKeys (ConfUtils.java:logGet(43)) - raft.server.log.segment.size.max = 1048576 (custom)
2019-10-14 10:17:02,762 [pool-240-thread-1] INFO  server.RaftServerConfigKeys (ConfUtils.java:logGet(43)) - raft.server.log.write.buffer.size = 33554432 (custom)
2019-10-14 10:17:02,761 [pool-190-thread-1] INFO  server.RaftServerConfigKeys (ConfUtils.java:logGet(43)) - raft.server.log.segment.cache.num.max = 2 (custom)
2019-10-14 10:17:02,762 [pool-240-thread-1] INFO  server.RaftServerConfigKeys (ConfUtils.java:logGet(43)) - raft.server.log.force.sync.num = 128 (default)
2019-10-14 10:17:02,762 [pool-240-thread-1] INFO  server.RaftServerConfigKeys (ConfUtils.java:logGet(43)) - raft.server.log.statemachine.data.sync = true (default)
2019-10-14 10:17:02,762 [pool-210-thread-1] INFO  server.RaftServerConfigKeys (ConfUtils.java:logGet(43)) - raft.server.log.segment.cache.num.max = 2 (custom)
2019-10-14 10:17:02,762 [pool-240-thread-1] INFO  server.RaftServerConfigKeys (ConfUtils.java:logGet(43)) - raft.server.log.statemachine.data.sync.timeout = 10s (default)
2019-10-14 10:17:02,762 [pool-190-thread-1] INFO  segmented.SegmentedRaftLogWorker (SegmentedRaftLogWorker.java:<init>(172)) - new 685ecb0d-c002-4fd0-97ff-08a2904709e1@group-1047010A7D5C-SegmentedRaftLogWorker for RaftStorage:Storage Directory /workdir/hadoop-ozone/ozonefs/target/test-dir/MiniOzoneClusterImpl-c76d7c66-f44c-4dfc-a708-d16c084e1c14/datanode-0/data/ratis/0b144cfe-828d-418c-951a-1047010a7d5c
2019-10-14 10:17:02,763 [pool-240-thread-1] INFO  server.RaftServerConfigKeys (ConfUtils.java:logGet(43)) - raft.server.log.statemachine.data.sync.timeout.retry = -1 (default)
2019-10-14 10:17:02,763 [pool-210-thread-1] INFO  segmented.SegmentedRaftLogWorker (SegmentedRaftLogWorker.java:<init>(172)) - new 9e658c07-1fa4-4268-bcc4-d82f6334c8fc@group-1047010A7D5C-SegmentedRaftLogWorker for RaftStorage:Storage Directory /workdir/hadoop-ozone/ozonefs/target/test-dir/MiniOzoneClusterImpl-c76d7c66-f44c-4dfc-a708-d16c084e1c14/datanode-2/data/ratis/0b144cfe-828d-418c-951a-1047010a7d5c
2019-10-14 10:17:02,763 [pool-240-thread-1] INFO  server.RaftServerConfigKeys (ConfUtils.java:logGet(43)) - raft.server.log.statemachine.data.caching.enabled = true (custom)
2019-10-14 10:17:02,763 [pool-190-thread-1] INFO  server.RaftServerConfigKeys (ConfUtils.java:logGet(43)) - raft.server.log.queue.byte-limit = 2147483647 (custom)
2019-10-14 10:17:02,764 [pool-240-thread-1] INFO  segmented.SegmentedRaftLogWorker (SegmentedRaftLogWorker.java:lambda$new$0(132)) - b45a675e-aeff-4ba4-9b40-8f6156737b33@group-1047010A7D5C-SegmentedRaftLogWorker: flushIndex: setUnconditionally 0 -> -1
2019-10-14 10:17:02,763 [pool-210-thread-1] INFO  server.RaftServerConfigKeys (ConfUtils.java:logGet(43)) - raft.server.log.queue.byte-limit = 2147483647 (custom)
2019-10-14 10:17:02,764 [pool-190-thread-1] INFO  server.RaftServerConfigKeys (ConfUtils.java:logGet(43)) - raft.server.log.queue.element-limit = 1024 (custom)
2019-10-14 10:17:02,764 [pool-210-thread-1] INFO  server.RaftServerConfigKeys (ConfUtils.java:logGet(43)) - raft.server.log.queue.element-limit = 1024 (custom)
2019-10-14 10:17:02,764 [pool-240-thread-1] INFO  server.RaftServerConfigKeys (ConfUtils.java:logGet(43)) - raft.server.snapshot.auto.trigger.enabled = true (custom)
2019-10-14 10:17:02,765 [pool-210-thread-1] INFO  server.RaftServerConfigKeys (ConfUtils.java:logGet(43)) - raft.server.log.segment.size.max = 1048576 (custom)
2019-10-14 10:17:02,764 [pool-190-thread-1] INFO  server.RaftServerConfigKeys (ConfUtils.java:logGet(43)) - raft.server.log.segment.size.max = 1048576 (custom)
2019-10-14 10:17:02,765 [pool-210-thread-1] INFO  server.RaftServerConfigKeys (ConfUtils.java:logGet(43)) - raft.server.log.preallocated.size = 16384 (custom)
2019-10-14 10:17:02,765 [pool-240-thread-1] INFO  server.RaftServerConfigKeys (ConfUtils.java:logGet(43)) - raft.server.snapshot.auto.trigger.threshold = 10000 (custom)
2019-10-14 10:17:02,765 [pool-210-thread-1] INFO  server.RaftServerConfigKeys (ConfUtils.java:logGet(43)) - raft.server.log.write.buffer.size = 33554432 (custom)
2019-10-14 10:17:02,766 [pool-210-thread-1] INFO  server.RaftServerConfigKeys (ConfUtils.java:logGet(43)) - raft.server.log.force.sync.num = 128 (default)
2019-10-14 10:17:02,765 [pool-190-thread-1] INFO  server.RaftServerConfigKeys (ConfUtils.java:logGet(43)) - raft.server.log.preallocated.size = 16384 (custom)
2019-10-14 10:17:02,766 [pool-210-thread-1] INFO  server.RaftServerConfigKeys (ConfUtils.java:logGet(43)) - raft.server.log.statemachine.data.sync = true (default)
2019-10-14 10:17:02,765 [pool-240-thread-1] INFO  server.RaftServerConfigKeys (ConfUtils.java:logGet(43)) - raft.server.snapshot.retention.num.files = 5 (custom)
2019-10-14 10:17:02,766 [pool-210-thread-1] INFO  server.RaftServerConfigKeys (ConfUtils.java:logGet(43)) - raft.server.log.statemachine.data.sync.timeout = 10s (default)
2019-10-14 10:17:02,766 [pool-190-thread-1] INFO  server.RaftServerConfigKeys (ConfUtils.java:logGet(43)) - raft.server.log.write.buffer.size = 33554432 (custom)
2019-10-14 10:17:02,766 [pool-210-thread-1] INFO  server.RaftServerConfigKeys (ConfUtils.java:logGet(43)) - raft.server.log.statemachine.data.sync.timeout.retry = -1 (default)
2019-10-14 10:17:02,766 [pool-240-thread-1] INFO  server.RaftServerConfigKeys (ConfUtils.java:logGet(43)) - raft.server.retrycache.expirytime = 600000ms (custom)
2019-10-14 10:17:02,767 [pool-210-thread-1] INFO  server.RaftServerConfigKeys (ConfUtils.java:logGet(43)) - raft.server.log.statemachine.data.caching.enabled = true (custom)
2019-10-14 10:17:02,767 [pool-190-thread-1] INFO  server.RaftServerConfigKeys (ConfUtils.java:logGet(43)) - raft.server.log.force.sync.num = 128 (default)
2019-10-14 10:17:02,767 [pool-210-thread-1] INFO  segmented.SegmentedRaftLogWorker (SegmentedRaftLogWorker.java:lambda$new$0(132)) - 9e658c07-1fa4-4268-bcc4-d82f6334c8fc@group-1047010A7D5C-SegmentedRaftLogWorker: flushIndex: setUnconditionally 0 -> -1
2019-10-14 10:17:02,767 [pool-190-thread-1] INFO  server.RaftServerConfigKeys (ConfUtils.java:logGet(43)) - raft.server.log.statemachine.data.sync = true (default)
2019-10-14 10:17:02,768 [pool-190-thread-1] INFO  server.RaftServerConfigKeys (ConfUtils.java:logGet(43)) - raft.server.log.statemachine.data.sync.timeout = 10s (default)
2019-10-14 10:17:02,768 [pool-210-thread-1] INFO  server.RaftServerConfigKeys (ConfUtils.java:logGet(43)) - raft.server.snapshot.auto.trigger.enabled = true (custom)
2019-10-14 10:17:02,768 [pool-190-thread-1] INFO  server.RaftServerConfigKeys (ConfUtils.java:logGet(43)) - raft.server.log.statemachine.data.sync.timeout.retry = -1 (default)
2019-10-14 10:17:02,768 [pool-210-thread-1] INFO  server.RaftServerConfigKeys (ConfUtils.java:logGet(43)) - raft.server.snapshot.auto.trigger.threshold = 10000 (custom)
2019-10-14 10:17:02,768 [pool-190-thread-1] INFO  server.RaftServerConfigKeys (ConfUtils.java:logGet(43)) - raft.server.log.statemachine.data.caching.enabled = true (custom)
2019-10-14 10:17:02,768 [pool-210-thread-1] INFO  server.RaftServerConfigKeys (ConfUtils.java:logGet(43)) - raft.server.snapshot.retention.num.files = 5 (custom)
2019-10-14 10:17:02,769 [pool-190-thread-1] INFO  segmented.SegmentedRaftLogWorker (SegmentedRaftLogWorker.java:lambda$new$0(132)) - 685ecb0d-c002-4fd0-97ff-08a2904709e1@group-1047010A7D5C-SegmentedRaftLogWorker: flushIndex: setUnconditionally 0 -> -1
2019-10-14 10:17:02,769 [pool-210-thread-1] INFO  server.RaftServerConfigKeys (ConfUtils.java:logGet(43)) - raft.server.retrycache.expirytime = 600000ms (custom)
2019-10-14 10:17:02,769 [pool-190-thread-1] INFO  server.RaftServerConfigKeys (ConfUtils.java:logGet(43)) - raft.server.snapshot.auto.trigger.enabled = true (custom)
2019-10-14 10:17:02,769 [pool-190-thread-1] INFO  server.RaftServerConfigKeys (ConfUtils.java:logGet(43)) - raft.server.snapshot.auto.trigger.threshold = 10000 (custom)
2019-10-14 10:17:02,770 [pool-190-thread-1] INFO  server.RaftServerConfigKeys (ConfUtils.java:logGet(43)) - raft.server.snapshot.retention.num.files = 5 (custom)
2019-10-14 10:17:02,770 [pool-240-thread-1] INFO  impl.RaftServerImpl (RaftServerImpl.java:start(185)) - b45a675e-aeff-4ba4-9b40-8f6156737b33@group-1047010A7D5C: start as a follower, conf=-1: [685ecb0d-c002-4fd0-97ff-08a2904709e1:192.168.164.214:33521, 9e658c07-1fa4-4268-bcc4-d82f6334c8fc:192.168.164.214:44135, b45a675e-aeff-4ba4-9b40-8f6156737b33:192.168.164.214:45207], old=null
2019-10-14 10:17:02,770 [pool-190-thread-1] INFO  server.RaftServerConfigKeys (ConfUtils.java:logGet(43)) - raft.server.retrycache.expirytime = 600000ms (custom)
2019-10-14 10:17:02,770 [pool-240-thread-1] INFO  impl.RaftServerImpl (RaftServerImpl.java:setRole(174)) - b45a675e-aeff-4ba4-9b40-8f6156737b33@group-1047010A7D5C: changes role from      null to FOLLOWER at term 0 for startAsFollower
2019-10-14 10:17:02,770 [pool-240-thread-1] INFO  impl.RoleInfo (RoleInfo.java:updateAndGet(143)) - b45a675e-aeff-4ba4-9b40-8f6156737b33: start FollowerState
2019-10-14 10:17:02,771 [pool-240-thread-1] INFO  util.JmxRegister (JmxRegister.java:tryRegister(44)) - Successfully registered JMX Bean with object name Ratis:service=RaftServer,group=group-1047010A7D5C,id=b45a675e-aeff-4ba4-9b40-8f6156737b33
2019-10-14 10:17:02,772 [pool-210-thread-1] INFO  impl.RaftServerImpl (RaftServerImpl.java:start(185)) - 9e658c07-1fa4-4268-bcc4-d82f6334c8fc@group-1047010A7D5C: start as a follower, conf=-1: [685ecb0d-c002-4fd0-97ff-08a2904709e1:192.168.164.214:33521, 9e658c07-1fa4-4268-bcc4-d82f6334c8fc:192.168.164.214:44135, b45a675e-aeff-4ba4-9b40-8f6156737b33:192.168.164.214:45207], old=null
2019-10-14 10:17:02,772 [pool-210-thread-1] INFO  impl.RaftServerImpl (RaftServerImpl.java:setRole(174)) - 9e658c07-1fa4-4268-bcc4-d82f6334c8fc@group-1047010A7D5C: changes role from      null to FOLLOWER at term 0 for startAsFollower
2019-10-14 10:17:02,775 [pool-210-thread-1] INFO  impl.RoleInfo (RoleInfo.java:updateAndGet(143)) - 9e658c07-1fa4-4268-bcc4-d82f6334c8fc: start FollowerState
2019-10-14 10:17:02,776 [pool-210-thread-1] INFO  util.JmxRegister (JmxRegister.java:tryRegister(44)) - Successfully registered JMX Bean with object name Ratis:service=RaftServer,group=group-1047010A7D5C,id=9e658c07-1fa4-4268-bcc4-d82f6334c8fc
2019-10-14 10:17:02,777 [pool-190-thread-1] INFO  impl.RaftServerImpl (RaftServerImpl.java:start(185)) - 685ecb0d-c002-4fd0-97ff-08a2904709e1@group-1047010A7D5C: start as a follower, conf=-1: [685ecb0d-c002-4fd0-97ff-08a2904709e1:192.168.164.214:33521, 9e658c07-1fa4-4268-bcc4-d82f6334c8fc:192.168.164.214:44135, b45a675e-aeff-4ba4-9b40-8f6156737b33:192.168.164.214:45207], old=null
2019-10-14 10:17:02,777 [pool-190-thread-1] INFO  impl.RaftServerImpl (RaftServerImpl.java:setRole(174)) - 685ecb0d-c002-4fd0-97ff-08a2904709e1@group-1047010A7D5C: changes role from      null to FOLLOWER at term 0 for startAsFollower
2019-10-14 10:17:02,777 [pool-190-thread-1] INFO  impl.RoleInfo (RoleInfo.java:updateAndGet(143)) - 685ecb0d-c002-4fd0-97ff-08a2904709e1: start FollowerState
2019-10-14 10:17:02,789 [pool-190-thread-1] INFO  util.JmxRegister (JmxRegister.java:tryRegister(44)) - Successfully registered JMX Bean with object name Ratis:service=RaftServer,group=group-1047010A7D5C,id=685ecb0d-c002-4fd0-97ff-08a2904709e1
2019-10-14 10:17:02,809 [RatisPipelineUtilsThread] INFO  pipeline.PipelineStateManager (PipelineStateManager.java:addPipeline(56)) - Created pipeline Pipeline[ Id: 0b144cfe-828d-418c-951a-1047010a7d5c, Nodes: 685ecb0d-c002-4fd0-97ff-08a2904709e1{ip: 192.168.164.214, host: pr-hdds-1569-vp9xg-4248047660, networkLocation: /default-rack, certSerialId: null}9e658c07-1fa4-4268-bcc4-d82f6334c8fc{ip: 192.168.164.214, host: pr-hdds-1569-vp9xg-4248047660, networkLocation: /default-rack, certSerialId: null}b45a675e-aeff-4ba4-9b40-8f6156737b33{ip: 192.168.164.214, host: pr-hdds-1569-vp9xg-4248047660, networkLocation: /default-rack, certSerialId: null}, Type:RATIS, Factor:THREE, State:OPEN]
2019-10-14 10:17:02,810 [RatisPipelineUtilsThread] INFO  pipeline.PipelinePlacementPolicy (PipelinePlacementPolicy.java:meetCriteria(104)) - Pipeline Placement: can't place more pipeline on heavy datanode： b253433b-9336-40b9-b5cf-1baec0039647 Heaviness: 3 limit: 3
2019-10-14 10:17:02,810 [RatisPipelineUtilsThread] INFO  pipeline.PipelinePlacementPolicy (PipelinePlacementPolicy.java:meetCriteria(104)) - Pipeline Placement: can't place more pipeline on heavy datanode： ade9b509-d1ed-4779-a19c-4ed96427ff05 Heaviness: 3 limit: 3
2019-10-14 10:17:02,810 [RatisPipelineUtilsThread] INFO  pipeline.PipelinePlacementPolicy (PipelinePlacementPolicy.java:meetCriteria(104)) - Pipeline Placement: can't place more pipeline on heavy datanode： 36847f54-85ee-4d0b-96a5-61a90c070d38 Heaviness: 3 limit: 3
2019-10-14 10:17:02,810 [RatisPipelineUtilsThread] INFO  pipeline.PipelinePlacementPolicy (PipelinePlacementPolicy.java:meetCriteria(104)) - Pipeline Placement: can't place more pipeline on heavy datanode： 685ecb0d-c002-4fd0-97ff-08a2904709e1 Heaviness: 3 limit: 3
2019-10-14 10:17:02,811 [RatisPipelineUtilsThread] INFO  pipeline.PipelinePlacementPolicy (PipelinePlacementPolicy.java:meetCriteria(104)) - Pipeline Placement: can't place more pipeline on heavy datanode： 9e658c07-1fa4-4268-bcc4-d82f6334c8fc Heaviness: 3 limit: 3
2019-10-14 10:17:02,811 [RatisPipelineUtilsThread] INFO  pipeline.PipelinePlacementPolicy (PipelinePlacementPolicy.java:meetCriteria(104)) - Pipeline Placement: can't place more pipeline on heavy datanode： b45a675e-aeff-4ba4-9b40-8f6156737b33 Heaviness: 3 limit: 3
2019-10-14 10:17:02,811 [RatisPipelineUtilsThread] ERROR pipeline.PipelinePlacementPolicy (PipelinePlacementPolicy.java:filterViableNodes(162)) - Unable to find enough nodes that meet the criteria that cannot engage in more than 3 pipelines. Nodes required: 3 Found: 1, healthy nodes count in NodeManager: 7.
2019-10-14 10:17:02,811 [RatisPipelineUtilsThread] ERROR pipeline.SCMPipelineManager (SCMPipelineManager.java:createPipeline(193)) - Pipeline creation failed.
org.apache.hadoop.hdds.scm.exceptions.SCMException: Unable to find enough nodes that meet the criteria that cannot engage in more than 3 pipelines. Nodes required: 3 Found: 1, healthy nodes count in NodeManager: 7.
	at org.apache.hadoop.hdds.scm.pipeline.PipelinePlacementPolicy.filterViableNodes(PipelinePlacementPolicy.java:163)
	at org.apache.hadoop.hdds.scm.pipeline.PipelinePlacementPolicy.chooseDatanodes(PipelinePlacementPolicy.java:186)
	at org.apache.hadoop.hdds.scm.pipeline.RatisPipelineProvider.create(RatisPipelineProvider.java:131)
	at org.apache.hadoop.hdds.scm.pipeline.PipelineFactory.create(PipelineFactory.java:58)
	at org.apache.hadoop.hdds.scm.pipeline.SCMPipelineManager.createPipeline(SCMPipelineManager.java:183)
	at org.apache.hadoop.hdds.scm.pipeline.BackgroundPipelineCreator.createPipelines(BackgroundPipelineCreator.java:100)
	at java.util.concurrent.Executors$RunnableAdapter.call(Executors.java:511)
	at java.util.concurrent.FutureTask.run(FutureTask.java:266)
	at java.util.concurrent.ScheduledThreadPoolExecutor$ScheduledFutureTask.access$201(ScheduledThreadPoolExecutor.java:180)
	at java.util.concurrent.ScheduledThreadPoolExecutor$ScheduledFutureTask.run(ScheduledThreadPoolExecutor.java:293)
	at java.util.concurrent.ThreadPoolExecutor.runWorker(ThreadPoolExecutor.java:1149)
	at java.util.concurrent.ThreadPoolExecutor$Worker.run(ThreadPoolExecutor.java:624)
	at java.lang.Thread.run(Thread.java:748)
2019-10-14 10:17:03,228 [main] INFO  ozone.MiniOzoneClusterImpl (MiniOzoneClusterImpl.java:lambda$waitForClusterToBeReady$0(147)) - Cluster is ready. Got 7 of 7 DN Heartbeats.
2019-10-14 10:17:03,285 [main] INFO  rpc.RpcClient (RpcClient.java:createVolume(276)) - Creating Volume: volume43115, with jenkins1000 as owner.
2019-10-14 10:17:03,304 [OM StateMachine ApplyTransaction Thread - 0] INFO  volume.OMVolumeCreateRequest (OMVolumeCreateRequest.java:validateAndUpdateCache(189)) - created volume:volume43115 for user:jenkins1000
2019-10-14 10:17:03,322 [main] INFO  rpc.RpcClient (RpcClient.java:createBucket(415)) - Creating Bucket: volume43115/bucket68892, with Versioning false and Storage Type set to DISK and Encryption set to false 
2019-10-14 10:17:03,323 [OM StateMachine ApplyTransaction Thread - 0] INFO  volume.OMVolumeCreateRequest (OMVolumeCreateRequest.java:validateAndUpdateCache(189)) - created volume:volume43115 for user:jenkins1000
2019-10-14 10:17:03,323 [OM StateMachine ApplyTransaction Thread - 0] INFO  volume.OMVolumeCreateRequest (OMVolumeCreateRequest.java:validateAndUpdateCache(189)) - created volume:volume43115 for user:jenkins1000
2019-10-14 10:17:03,408 [main] INFO  ozone.MiniOzoneClusterImpl (MiniOzoneClusterImpl.java:shutdown(314)) - Shutting down the Mini Ozone Cluster
2019-10-14 10:17:03,409 [main] INFO  ozone.MiniOzoneHAClusterImpl (MiniOzoneHAClusterImpl.java:stop(147)) - Stopping the OzoneManager omNode-3
2019-10-14 10:17:03,409 [main] INFO  ipc.Server (Server.java:stop(3082)) - Stopping server on 12868
2019-10-14 10:17:03,422 [IPC Server listener on 12868] INFO  ipc.Server (Server.java:run(1185)) - Stopping IPC Server listener on 12868
2019-10-14 10:17:03,424 [IPC Server Responder] INFO  ipc.Server (Server.java:run(1319)) - Stopping IPC Server Responder
2019-10-14 10:17:03,426 [main] INFO  impl.RaftServerProxy (RaftServerProxy.java:lambda$close$4(314)) - omNode-3: close
2019-10-14 10:17:03,428 [main] INFO  impl.RaftServerImpl (RaftServerImpl.java:lambda$shutdown$3(251)) - omNode-3@group-523986131536: shutdown
2019-10-14 10:17:03,435 [main] INFO  util.JmxRegister (JmxRegister.java:unregister(73)) - Successfully un-registered JMX Bean with object name Ratis:service=RaftServer,group=group-523986131536,id=omNode-3
2019-10-14 10:17:03,438 [main] INFO  impl.RoleInfo (RoleInfo.java:shutdownFollowerState(121)) - omNode-3: shutdown FollowerState
2019-10-14 10:17:03,444 [main] INFO  impl.StateMachineUpdater (StateMachineUpdater.java:stopAndJoin(125)) - omNode-3@group-523986131536-StateMachineUpdater: set stopIndex = 7
2019-10-14 10:17:03,444 [Thread-724] INFO  impl.FollowerState (FollowerState.java:run(115)) - omNode-3: FollowerState was interrupted: java.lang.InterruptedException: sleep interrupted
2019-10-14 10:17:03,444 [omNode-3@group-523986131536-StateMachineUpdater] INFO  ratis.OzoneManagerStateMachine (OzoneManagerStateMachine.java:takeSnapshot(254)) - Saving Ratis snapshot on the OM.
2019-10-14 10:17:03,460 [omNode-3@group-523986131536-StateMachineUpdater] INFO  ratis.OMRatisSnapshotInfo (OMRatisSnapshotInfo.java:saveRatisSnapshotToDisk(107)) - Saved Ratis Snapshot on the OM with snapshotIndex 7
2019-10-14 10:17:03,460 [omNode-3@group-523986131536-StateMachineUpdater] INFO  impl.StateMachineUpdater (StateMachineUpdater.java:takeSnapshot(258)) - omNode-3@group-523986131536-StateMachineUpdater: Took a snapshot at index 7
2019-10-14 10:17:03,460 [omNode-3@group-523986131536-StateMachineUpdater] INFO  impl.StateMachineUpdater (StateMachineUpdater.java:lambda$new$0(83)) - omNode-3@group-523986131536-StateMachineUpdater: snapshotIndex: updateIncreasingly -1 -> 7
2019-10-14 10:17:03,461 [main] INFO  impl.RaftServerImpl (ServerState.java:close(385)) - omNode-3@group-523986131536: closes. applyIndex: 7
2019-10-14 10:17:03,461 [omNode-3@group-523986131536-SegmentedRaftLogWorker] INFO  segmented.SegmentedRaftLogWorker (SegmentedRaftLogWorker.java:run(313)) - omNode-3@group-523986131536-SegmentedRaftLogWorker was interrupted, exiting. There are 0 tasks remaining in the queue.
2019-10-14 10:17:03,469 [main] INFO  segmented.SegmentedRaftLogWorker (SegmentedRaftLogWorker.java:close(228)) - omNode-3@group-523986131536-SegmentedRaftLogWorker close()
2019-10-14 10:17:03,473 [main] INFO  server.GrpcService (GrpcService.java:closeImpl(164)) - omNode-3: shutdown server with port 12872 now
2019-10-14 10:17:03,476 [grpc-default-executor-1] WARN  server.GrpcServerProtocolService (LogUtils.java:warn(134)) - omNode-3: installSnapshot onError, lastRequest: omNode-1->omNode-3#22-t1, previous=(t:1, i:7), leaderCommit=7, initializing? false, entries: size=1, first=(t:1, i:8), METADATAENTRY(c7): org.apache.ratis.thirdparty.io.grpc.StatusRuntimeException: CANCELLED: cancelled before receiving half close
2019-10-14 10:17:03,476 [main] INFO  server.GrpcService (GrpcService.java:closeImpl(172)) - omNode-3: shutdown server with port 12872 successfully
2019-10-14 10:17:03,476 [grpc-default-executor-0] WARN  server.GrpcLogAppender (LogUtils.java:warn(134)) - omNode-1@group-523986131536->omNode-3-AppendLogResponseHandler: Failed appendEntries: org.apache.ratis.thirdparty.io.grpc.StatusRuntimeException: CANCELLED: HTTP/2 error code: CANCEL
Received Rst Stream
2019-10-14 10:17:03,477 [main] INFO  ratis.OzoneManagerDoubleBuffer (OzoneManagerDoubleBuffer.java:stop(248)) - Stopping OMDoubleBuffer flush thread
2019-10-14 10:17:03,479 [grpc-default-executor-0] INFO  impl.FollowerInfo (FollowerInfo.java:lambda$new$0(51)) - omNode-1@group-523986131536->omNode-3: nextIndex: updateUnconditionally 9 -> 8
2019-10-14 10:17:03,479 [OMDoubleBufferFlushThread] INFO  ratis.OzoneManagerDoubleBuffer (OzoneManagerDoubleBuffer.java:flushTransactions(191)) - OMDoubleBuffer flush thread OMDoubleBufferFlushThread is interrupted and will exit. OMDoubleBufferFlushThread
2019-10-14 10:17:03,479 [main] INFO  utils.BackgroundService (BackgroundService.java:shutdown(148)) - Shutting down service KeyDeletingService
2019-10-14 10:17:03,480 [main] INFO  handler.ContextHandler (ContextHandler.java:doStop(910)) - Stopped o.e.j.w.WebAppContext@4cdba2ed{/,null,UNAVAILABLE}{/ozoneManager}
2019-10-14 10:17:03,481 [main] INFO  server.AbstractConnector (AbstractConnector.java:doStop(318)) - Stopped ServerConnector@2c1f8dbd{HTTP/1.1,[http/1.1]}{0.0.0.0:12870}
2019-10-14 10:17:03,481 [main] INFO  handler.ContextHandler (ContextHandler.java:doStop(910)) - Stopped o.e.j.s.ServletContextHandler@51d0ec6f{/static,jar:file:/home/user/.m2/repository/org/apache/hadoop/hadoop-ozone-ozone-manager/0.5.0-SNAPSHOT/hadoop-ozone-ozone-manager-0.5.0-SNAPSHOT.jar!/webapps/static,UNAVAILABLE}
2019-10-14 10:17:03,481 [main] INFO  handler.ContextHandler (ContextHandler.java:doStop(910)) - Stopped o.e.j.s.ServletContextHandler@747835f5{/logs,file:///workdir/hadoop-ozone/ozonefs/target/log,UNAVAILABLE}
2019-10-14 10:17:03,483 [main] INFO  ozone.MiniOzoneHAClusterImpl (MiniOzoneHAClusterImpl.java:stop(147)) - Stopping the OzoneManager omNode-1
2019-10-14 10:17:03,483 [main] INFO  ipc.Server (Server.java:stop(3082)) - Stopping server on 12856
2019-10-14 10:17:03,487 [IPC Server listener on 12856] INFO  ipc.Server (Server.java:run(1185)) - Stopping IPC Server listener on 12856
2019-10-14 10:17:03,487 [IPC Server Responder] INFO  ipc.Server (Server.java:run(1319)) - Stopping IPC Server Responder
2019-10-14 10:17:03,487 [main] INFO  impl.RaftServerProxy (RaftServerProxy.java:lambda$close$4(314)) - omNode-1: close
2019-10-14 10:17:03,489 [main] INFO  impl.RaftServerImpl (RaftServerImpl.java:lambda$shutdown$3(251)) - omNode-1@group-523986131536: shutdown
2019-10-14 10:17:03,489 [main] INFO  util.JmxRegister (JmxRegister.java:unregister(73)) - Successfully un-registered JMX Bean with object name Ratis:service=RaftServer,group=group-523986131536,id=omNode-1
2019-10-14 10:17:03,489 [main] INFO  impl.RoleInfo (RoleInfo.java:shutdownLeaderState(104)) - omNode-1: shutdown LeaderState
2019-10-14 10:17:03,493 [main] INFO  impl.PendingRequests (PendingRequests.java:sendNotLeaderResponses(202)) - omNode-1-PendingRequests: sendNotLeaderResponses
2019-10-14 10:17:03,493 [org.apache.ratis.server.impl.LogAppender$AppenderDaemon$$Lambda$230/1214125698@75b51776] WARN  server.GrpcLogAppender (GrpcLogAppender.java:mayWait(143)) - omNode-1@group-523986131536->omNode-2-GrpcLogAppender: Wait interrupted by java.lang.InterruptedException
2019-10-14 10:17:03,493 [org.apache.ratis.server.impl.LogAppender$AppenderDaemon$$Lambda$230/1214125698@44e97f86] WARN  server.GrpcLogAppender (GrpcLogAppender.java:mayWait(143)) - omNode-1@group-523986131536->omNode-3-GrpcLogAppender: Wait interrupted by java.lang.InterruptedException
2019-10-14 10:17:03,496 [main] INFO  impl.StateMachineUpdater (StateMachineUpdater.java:stopAndJoin(125)) - omNode-1@group-523986131536-StateMachineUpdater: set stopIndex = 8
2019-10-14 10:17:03,496 [grpc-default-executor-1] INFO  server.GrpcServerProtocolService (GrpcServerProtocolService.java:onCompleted(113)) - omNode-2: Completed APPEND_ENTRIES, lastRequest: omNode-1->omNode-2#22-t1, previous=(t:1, i:7), leaderCommit=7, initializing? false, entries: size=1, first=(t:1, i:8), METADATAENTRY(c7)
2019-10-14 10:17:03,496 [omNode-1@group-523986131536-StateMachineUpdater] INFO  ratis.OzoneManagerStateMachine (OzoneManagerStateMachine.java:takeSnapshot(254)) - Saving Ratis snapshot on the OM.
2019-10-14 10:17:03,497 [grpc-default-executor-1] INFO  server.GrpcLogAppender (GrpcLogAppender.java:onCompleted(293)) - omNode-1@group-523986131536->omNode-2-AppendLogResponseHandler: follower responses appendEntries COMPLETED
2019-10-14 10:17:03,499 [grpc-default-executor-1] INFO  impl.FollowerInfo (FollowerInfo.java:lambda$new$0(51)) - omNode-1@group-523986131536->omNode-2: nextIndex: updateUnconditionally 9 -> 8
2019-10-14 10:17:03,499 [omNode-1@group-523986131536-StateMachineUpdater] INFO  ratis.OMRatisSnapshotInfo (OMRatisSnapshotInfo.java:saveRatisSnapshotToDisk(107)) - Saved Ratis Snapshot on the OM with snapshotIndex 7
2019-10-14 10:17:03,500 [omNode-1@group-523986131536-StateMachineUpdater] INFO  impl.StateMachineUpdater (StateMachineUpdater.java:takeSnapshot(258)) - omNode-1@group-523986131536-StateMachineUpdater: Took a snapshot at index 7
2019-10-14 10:17:03,500 [omNode-1@group-523986131536-StateMachineUpdater] INFO  impl.StateMachineUpdater (StateMachineUpdater.java:lambda$new$0(83)) - omNode-1@group-523986131536-StateMachineUpdater: snapshotIndex: updateIncreasingly -1 -> 7
2019-10-14 10:17:03,500 [omNode-1@group-523986131536-StateMachineUpdater] INFO  ratis.OzoneManagerStateMachine (OzoneManagerStateMachine.java:takeSnapshot(254)) - Saving Ratis snapshot on the OM.
2019-10-14 10:17:03,501 [omNode-1@group-523986131536-StateMachineUpdater] INFO  ratis.OMRatisSnapshotInfo (OMRatisSnapshotInfo.java:saveRatisSnapshotToDisk(107)) - Saved Ratis Snapshot on the OM with snapshotIndex 7
2019-10-14 10:17:03,501 [omNode-1@group-523986131536-StateMachineUpdater] INFO  impl.StateMachineUpdater (StateMachineUpdater.java:takeSnapshot(258)) - omNode-1@group-523986131536-StateMachineUpdater: Took a snapshot at index 7
2019-10-14 10:17:03,501 [omNode-1@group-523986131536-StateMachineUpdater] INFO  impl.StateMachineUpdater (StateMachineUpdater.java:lambda$new$0(83)) - omNode-1@group-523986131536-StateMachineUpdater: snapshotIndex: updateIncreasingly 7 -> 7
2019-10-14 10:17:03,501 [main] INFO  impl.RaftServerImpl (ServerState.java:close(385)) - omNode-1@group-523986131536: closes. applyIndex: 8
2019-10-14 10:17:03,501 [omNode-1@group-523986131536-SegmentedRaftLogWorker] INFO  segmented.SegmentedRaftLogWorker (SegmentedRaftLogWorker.java:run(313)) - omNode-1@group-523986131536-SegmentedRaftLogWorker was interrupted, exiting. There are 0 tasks remaining in the queue.
2019-10-14 10:17:03,503 [main] INFO  segmented.SegmentedRaftLogWorker (SegmentedRaftLogWorker.java:close(228)) - omNode-1@group-523986131536-SegmentedRaftLogWorker close()
2019-10-14 10:17:03,506 [main] INFO  server.GrpcService (GrpcService.java:closeImpl(164)) - omNode-1: shutdown server with port 12860 now
2019-10-14 10:17:03,507 [main] INFO  server.GrpcService (GrpcService.java:closeImpl(172)) - omNode-1: shutdown server with port 12860 successfully
2019-10-14 10:17:03,507 [main] INFO  ratis.OzoneManagerDoubleBuffer (OzoneManagerDoubleBuffer.java:stop(248)) - Stopping OMDoubleBuffer flush thread
2019-10-14 10:17:03,507 [OMDoubleBufferFlushThread] INFO  ratis.OzoneManagerDoubleBuffer (OzoneManagerDoubleBuffer.java:flushTransactions(191)) - OMDoubleBuffer flush thread OMDoubleBufferFlushThread is interrupted and will exit. OMDoubleBufferFlushThread
2019-10-14 10:17:03,507 [main] INFO  utils.BackgroundService (BackgroundService.java:shutdown(148)) - Shutting down service KeyDeletingService
2019-10-14 10:17:03,508 [main] INFO  handler.ContextHandler (ContextHandler.java:doStop(910)) - Stopped o.e.j.w.WebAppContext@66e17eff{/,null,UNAVAILABLE}{/ozoneManager}
2019-10-14 10:17:03,509 [main] INFO  server.AbstractConnector (AbstractConnector.java:doStop(318)) - Stopped ServerConnector@4bb1b96b{HTTP/1.1,[http/1.1]}{0.0.0.0:12858}
2019-10-14 10:17:03,509 [main] INFO  handler.ContextHandler (ContextHandler.java:doStop(910)) - Stopped o.e.j.s.ServletContextHandler@1c8f6c66{/static,jar:file:/home/user/.m2/repository/org/apache/hadoop/hadoop-ozone-ozone-manager/0.5.0-SNAPSHOT/hadoop-ozone-ozone-manager-0.5.0-SNAPSHOT.jar!/webapps/static,UNAVAILABLE}
2019-10-14 10:17:03,509 [main] INFO  handler.ContextHandler (ContextHandler.java:doStop(910)) - Stopped o.e.j.s.ServletContextHandler@1b3ab4f9{/logs,file:///workdir/hadoop-ozone/ozonefs/target/log,UNAVAILABLE}
2019-10-14 10:17:03,510 [main] INFO  ozone.MiniOzoneHAClusterImpl (MiniOzoneHAClusterImpl.java:stop(147)) - Stopping the OzoneManager omNode-2
2019-10-14 10:17:03,511 [main] INFO  ipc.Server (Server.java:stop(3082)) - Stopping server on 12862
2019-10-14 10:17:03,514 [IPC Server listener on 12862] INFO  ipc.Server (Server.java:run(1185)) - Stopping IPC Server listener on 12862
2019-10-14 10:17:03,514 [main] INFO  impl.RaftServerProxy (RaftServerProxy.java:lambda$close$4(314)) - omNode-2: close
2019-10-14 10:17:03,514 [IPC Server Responder] INFO  ipc.Server (Server.java:run(1319)) - Stopping IPC Server Responder
2019-10-14 10:17:03,515 [main] INFO  impl.RaftServerImpl (RaftServerImpl.java:lambda$shutdown$3(251)) - omNode-2@group-523986131536: shutdown
2019-10-14 10:17:03,517 [main] INFO  util.JmxRegister (JmxRegister.java:unregister(73)) - Successfully un-registered JMX Bean with object name Ratis:service=RaftServer,group=group-523986131536,id=omNode-2
2019-10-14 10:17:03,517 [main] INFO  impl.RoleInfo (RoleInfo.java:shutdownFollowerState(121)) - omNode-2: shutdown FollowerState
2019-10-14 10:17:03,517 [main] INFO  impl.StateMachineUpdater (StateMachineUpdater.java:stopAndJoin(125)) - omNode-2@group-523986131536-StateMachineUpdater: set stopIndex = 7
2019-10-14 10:17:03,517 [Thread-707] INFO  impl.FollowerState (FollowerState.java:run(115)) - omNode-2: FollowerState was interrupted: java.lang.InterruptedException: sleep interrupted
2019-10-14 10:17:03,517 [omNode-2@group-523986131536-StateMachineUpdater] INFO  ratis.OzoneManagerStateMachine (OzoneManagerStateMachine.java:takeSnapshot(254)) - Saving Ratis snapshot on the OM.
2019-10-14 10:17:03,520 [omNode-2@group-523986131536-StateMachineUpdater] INFO  ratis.OMRatisSnapshotInfo (OMRatisSnapshotInfo.java:saveRatisSnapshotToDisk(107)) - Saved Ratis Snapshot on the OM with snapshotIndex 7
2019-10-14 10:17:03,520 [omNode-2@group-523986131536-StateMachineUpdater] INFO  impl.StateMachineUpdater (StateMachineUpdater.java:takeSnapshot(258)) - omNode-2@group-523986131536-StateMachineUpdater: Took a snapshot at index 7
2019-10-14 10:17:03,520 [omNode-2@group-523986131536-StateMachineUpdater] INFO  impl.StateMachineUpdater (StateMachineUpdater.java:lambda$new$0(83)) - omNode-2@group-523986131536-StateMachineUpdater: snapshotIndex: updateIncreasingly -1 -> 7
2019-10-14 10:17:03,521 [main] INFO  impl.RaftServerImpl (ServerState.java:close(385)) - omNode-2@group-523986131536: closes. applyIndex: 7
2019-10-14 10:17:03,521 [omNode-2@group-523986131536-SegmentedRaftLogWorker] INFO  segmented.SegmentedRaftLogWorker (SegmentedRaftLogWorker.java:run(313)) - omNode-2@group-523986131536-SegmentedRaftLogWorker was interrupted, exiting. There are 0 tasks remaining in the queue.
2019-10-14 10:17:03,523 [main] INFO  segmented.SegmentedRaftLogWorker (SegmentedRaftLogWorker.java:close(228)) - omNode-2@group-523986131536-SegmentedRaftLogWorker close()
2019-10-14 10:17:03,526 [main] INFO  server.GrpcService (GrpcService.java:closeImpl(164)) - omNode-2: shutdown server with port 12866 now
2019-10-14 10:17:03,528 [main] INFO  server.GrpcService (GrpcService.java:closeImpl(172)) - omNode-2: shutdown server with port 12866 successfully
2019-10-14 10:17:03,528 [main] INFO  ratis.OzoneManagerDoubleBuffer (OzoneManagerDoubleBuffer.java:stop(248)) - Stopping OMDoubleBuffer flush thread
2019-10-14 10:17:03,528 [OMDoubleBufferFlushThread] INFO  ratis.OzoneManagerDoubleBuffer (OzoneManagerDoubleBuffer.java:flushTransactions(191)) - OMDoubleBuffer flush thread OMDoubleBufferFlushThread is interrupted and will exit. OMDoubleBufferFlushThread
2019-10-14 10:17:03,528 [main] INFO  utils.BackgroundService (BackgroundService.java:shutdown(148)) - Shutting down service KeyDeletingService
2019-10-14 10:17:03,529 [main] INFO  handler.ContextHandler (ContextHandler.java:doStop(910)) - Stopped o.e.j.w.WebAppContext@16f0ec18{/,null,UNAVAILABLE}{/ozoneManager}
2019-10-14 10:17:03,530 [main] INFO  server.AbstractConnector (AbstractConnector.java:doStop(318)) - Stopped ServerConnector@6c977dcf{HTTP/1.1,[http/1.1]}{0.0.0.0:12864}
2019-10-14 10:17:03,530 [main] INFO  handler.ContextHandler (ContextHandler.java:doStop(910)) - Stopped o.e.j.s.ServletContextHandler@faea4da{/static,jar:file:/home/user/.m2/repository/org/apache/hadoop/hadoop-ozone-ozone-manager/0.5.0-SNAPSHOT/hadoop-ozone-ozone-manager-0.5.0-SNAPSHOT.jar!/webapps/static,UNAVAILABLE}
2019-10-14 10:17:03,530 [main] INFO  handler.ContextHandler (ContextHandler.java:doStop(910)) - Stopped o.e.j.s.ServletContextHandler@3292d91a{/logs,file:///workdir/hadoop-ozone/ozonefs/target/log,UNAVAILABLE}
2019-10-14 10:17:03,532 [main] INFO  ozone.MiniOzoneClusterImpl (MiniOzoneClusterImpl.java:stop(330)) - Stopping the Mini Ozone Cluster
2019-10-14 10:17:03,532 [main] INFO  ozone.MiniOzoneClusterImpl (MiniOzoneClusterImpl.java:stopDatanodes(377)) - Stopping the HddsDatanodes
2019-10-14 10:17:03,833 [Datanode State Machine Thread - 0] INFO  statemachine.DatanodeStateMachine (DatanodeStateMachine.java:lambda$startDaemon$0(350)) - Ozone container server started.
2019-10-14 10:17:04,060 [Datanode State Machine Thread - 0] INFO  statemachine.DatanodeStateMachine (DatanodeStateMachine.java:lambda$startDaemon$0(350)) - Ozone container server started.
2019-10-14 10:17:04,736 [Thread-884] INFO  container.ReplicationManager (ReplicationManager.java:start(163)) - Starting Replication Monitor Thread.
2019-10-14 10:17:04,741 [ReplicationMonitor] INFO  container.ReplicationManager (ReplicationManager.java:run(226)) - Replication Monitor Thread took 0 milliseconds for processing 0 containers.
2019-10-14 10:17:06,928 [Thread-891] INFO  impl.FollowerState (FollowerState.java:run(106)) - ed765d8e-a27d-48e4-9ba5-d88693db9886:group-CEAAA1CCD392 changes to CANDIDATE, lastRpcTime:5019, electionTimeout:5019ms
2019-10-14 10:17:06,928 [Thread-891] INFO  impl.RoleInfo (RoleInfo.java:shutdownFollowerState(121)) - ed765d8e-a27d-48e4-9ba5-d88693db9886: shutdown FollowerState
2019-10-14 10:17:06,929 [Thread-891] INFO  impl.RaftServerImpl (RaftServerImpl.java:setRole(174)) - ed765d8e-a27d-48e4-9ba5-d88693db9886@group-CEAAA1CCD392: changes role from  FOLLOWER to CANDIDATE at term 0 for changeToCandidate
2019-10-14 10:17:06,929 [Thread-891] INFO  impl.RoleInfo (RoleInfo.java:updateAndGet(143)) - ed765d8e-a27d-48e4-9ba5-d88693db9886: start LeaderElection
2019-10-14 10:17:06,970 [ed765d8e-a27d-48e4-9ba5-d88693db9886@group-CEAAA1CCD392:LeaderElection24] INFO  impl.LeaderElection (LeaderElection.java:askForVotes(182)) - ed765d8e-a27d-48e4-9ba5-d88693db9886@group-CEAAA1CCD392:LeaderElection24: begin an election at term 1 for -1: [ed765d8e-a27d-48e4-9ba5-d88693db9886:192.168.164.214:44001], old=null
2019-10-14 10:17:06,970 [ed765d8e-a27d-48e4-9ba5-d88693db9886@group-CEAAA1CCD392:LeaderElection24] INFO  impl.RoleInfo (RoleInfo.java:shutdownLeaderElection(134)) - ed765d8e-a27d-48e4-9ba5-d88693db9886: shutdown LeaderElection
2019-10-14 10:17:06,970 [ed765d8e-a27d-48e4-9ba5-d88693db9886@group-CEAAA1CCD392:LeaderElection24] INFO  impl.RaftServerImpl (RaftServerImpl.java:setRole(174)) - ed765d8e-a27d-48e4-9ba5-d88693db9886@group-CEAAA1CCD392: changes role from CANDIDATE to LEADER at term 1 for changeToLeader
2019-10-14 10:17:06,970 [ed765d8e-a27d-48e4-9ba5-d88693db9886@group-CEAAA1CCD392:LeaderElection24] INFO  impl.RaftServerImpl (ServerState.java:setLeader(253)) - ed765d8e-a27d-48e4-9ba5-d88693db9886@group-CEAAA1CCD392: change Leader from null to ed765d8e-a27d-48e4-9ba5-d88693db9886 at term 1 for becomeLeader, leader elected after 5072ms
2019-10-14 10:17:06,971 [ed765d8e-a27d-48e4-9ba5-d88693db9886@group-CEAAA1CCD392:LeaderElection24] INFO  server.RaftServerConfigKeys (ConfUtils.java:logGet(43)) - raft.server.staging.catchup.gap = 1000 (default)
2019-10-14 10:17:06,971 [ed765d8e-a27d-48e4-9ba5-d88693db9886@group-CEAAA1CCD392:LeaderElection24] INFO  server.RaftServerConfigKeys (ConfUtils.java:logGet(43)) - raft.server.rpc.sleep.time = 25ms (default)
2019-10-14 10:17:06,971 [ed765d8e-a27d-48e4-9ba5-d88693db9886@group-CEAAA1CCD392:LeaderElection24] INFO  server.RaftServerConfigKeys (ConfUtils.java:logGet(43)) - raft.server.write.element-limit = 4096 (default)
2019-10-14 10:17:06,971 [ed765d8e-a27d-48e4-9ba5-d88693db9886@group-CEAAA1CCD392:LeaderElection24] INFO  server.RaftServerConfigKeys (ConfUtils.java:logGet(43)) - raft.server.watch.timeout = 10s (default)
2019-10-14 10:17:06,971 [ed765d8e-a27d-48e4-9ba5-d88693db9886@group-CEAAA1CCD392:LeaderElection24] INFO  server.RaftServerConfigKeys (ConfUtils.java:logGet(43)) - raft.server.watch.timeout.denomination = 1s (default)
2019-10-14 10:17:06,972 [ed765d8e-a27d-48e4-9ba5-d88693db9886@group-CEAAA1CCD392:LeaderElection24] INFO  server.RaftServerConfigKeys (ConfUtils.java:logGet(43)) - raft.server.watch.element-limit = 65536 (default)
2019-10-14 10:17:06,975 [ed765d8e-a27d-48e4-9ba5-d88693db9886@group-CEAAA1CCD392:LeaderElection24] INFO  impl.RoleInfo (RoleInfo.java:updateAndGet(143)) - ed765d8e-a27d-48e4-9ba5-d88693db9886: start LeaderState
2019-10-14 10:17:06,975 [ed765d8e-a27d-48e4-9ba5-d88693db9886@group-CEAAA1CCD392:LeaderElection24] INFO  segmented.SegmentedRaftLogWorker (SegmentedRaftLogWorker.java:startLogSegment(380)) - ed765d8e-a27d-48e4-9ba5-d88693db9886@group-CEAAA1CCD392-SegmentedRaftLogWorker: Starting segment from index:0
2019-10-14 10:17:06,976 [ed765d8e-a27d-48e4-9ba5-d88693db9886@group-CEAAA1CCD392:LeaderElection24] INFO  impl.RaftServerImpl (ServerState.java:setRaftConf(354)) - ed765d8e-a27d-48e4-9ba5-d88693db9886@group-CEAAA1CCD392: set configuration 0: [ed765d8e-a27d-48e4-9ba5-d88693db9886:192.168.164.214:44001], old=null at 0
2019-10-14 10:17:07,013 [Thread-888] INFO  impl.FollowerState (FollowerState.java:run(106)) - 685ecb0d-c002-4fd0-97ff-08a2904709e1:group-89FB22DD773F changes to CANDIDATE, lastRpcTime:5193, electionTimeout:5193ms
2019-10-14 10:17:07,014 [Thread-888] INFO  impl.RoleInfo (RoleInfo.java:shutdownFollowerState(121)) - 685ecb0d-c002-4fd0-97ff-08a2904709e1: shutdown FollowerState
2019-10-14 10:17:07,014 [Thread-888] INFO  impl.RaftServerImpl (RaftServerImpl.java:setRole(174)) - 685ecb0d-c002-4fd0-97ff-08a2904709e1@group-89FB22DD773F: changes role from  FOLLOWER to CANDIDATE at term 0 for changeToCandidate
2019-10-14 10:17:07,014 [Thread-888] INFO  impl.RoleInfo (RoleInfo.java:updateAndGet(143)) - 685ecb0d-c002-4fd0-97ff-08a2904709e1: start LeaderElection
2019-10-14 10:17:07,062 [ed765d8e-a27d-48e4-9ba5-d88693db9886@group-CEAAA1CCD392-SegmentedRaftLogWorker] INFO  segmented.SegmentedRaftLogWorker (SegmentedRaftLogWorker.java:execute(569)) - ed765d8e-a27d-48e4-9ba5-d88693db9886@group-CEAAA1CCD392-SegmentedRaftLogWorker: created new log segment /workdir/hadoop-ozone/ozonefs/target/test-dir/MiniOzoneClusterImpl-c76d7c66-f44c-4dfc-a708-d16c084e1c14/datanode-1/data/ratis/04657f0d-432e-41cb-bf71-ceaaa1ccd392/current/log_inprogress_0
2019-10-14 10:17:07,062 [685ecb0d-c002-4fd0-97ff-08a2904709e1@group-89FB22DD773F:LeaderElection25] INFO  impl.LeaderElection (LeaderElection.java:askForVotes(182)) - 685ecb0d-c002-4fd0-97ff-08a2904709e1@group-89FB22DD773F:LeaderElection25: begin an election at term 1 for -1: [685ecb0d-c002-4fd0-97ff-08a2904709e1:192.168.164.214:33521], old=null
2019-10-14 10:17:07,062 [685ecb0d-c002-4fd0-97ff-08a2904709e1@group-89FB22DD773F:LeaderElection25] INFO  impl.RoleInfo (RoleInfo.java:shutdownLeaderElection(134)) - 685ecb0d-c002-4fd0-97ff-08a2904709e1: shutdown LeaderElection
2019-10-14 10:17:07,063 [685ecb0d-c002-4fd0-97ff-08a2904709e1@group-89FB22DD773F:LeaderElection25] INFO  impl.RaftServerImpl (RaftServerImpl.java:setRole(174)) - 685ecb0d-c002-4fd0-97ff-08a2904709e1@group-89FB22DD773F: changes role from CANDIDATE to LEADER at term 1 for changeToLeader
2019-10-14 10:17:07,063 [685ecb0d-c002-4fd0-97ff-08a2904709e1@group-89FB22DD773F:LeaderElection25] INFO  impl.RaftServerImpl (ServerState.java:setLeader(253)) - 685ecb0d-c002-4fd0-97ff-08a2904709e1@group-89FB22DD773F: change Leader from null to 685ecb0d-c002-4fd0-97ff-08a2904709e1 at term 1 for becomeLeader, leader elected after 5256ms
2019-10-14 10:17:07,063 [685ecb0d-c002-4fd0-97ff-08a2904709e1@group-89FB22DD773F:LeaderElection25] INFO  server.RaftServerConfigKeys (ConfUtils.java:logGet(43)) - raft.server.staging.catchup.gap = 1000 (default)
2019-10-14 10:17:07,063 [685ecb0d-c002-4fd0-97ff-08a2904709e1@group-89FB22DD773F:LeaderElection25] INFO  server.RaftServerConfigKeys (ConfUtils.java:logGet(43)) - raft.server.rpc.sleep.time = 25ms (default)
2019-10-14 10:17:07,063 [685ecb0d-c002-4fd0-97ff-08a2904709e1@group-89FB22DD773F:LeaderElection25] INFO  server.RaftServerConfigKeys (ConfUtils.java:logGet(43)) - raft.server.write.element-limit = 4096 (default)
2019-10-14 10:17:07,063 [685ecb0d-c002-4fd0-97ff-08a2904709e1@group-89FB22DD773F:LeaderElection25] INFO  server.RaftServerConfigKeys (ConfUtils.java:logGet(43)) - raft.server.watch.timeout = 10s (default)
2019-10-14 10:17:07,064 [685ecb0d-c002-4fd0-97ff-08a2904709e1@group-89FB22DD773F:LeaderElection25] INFO  server.RaftServerConfigKeys (ConfUtils.java:logGet(43)) - raft.server.watch.timeout.denomination = 1s (default)
2019-10-14 10:17:07,064 [685ecb0d-c002-4fd0-97ff-08a2904709e1@group-89FB22DD773F:LeaderElection25] INFO  server.RaftServerConfigKeys (ConfUtils.java:logGet(43)) - raft.server.watch.element-limit = 65536 (default)
2019-10-14 10:17:07,067 [685ecb0d-c002-4fd0-97ff-08a2904709e1@group-89FB22DD773F:LeaderElection25] INFO  impl.RoleInfo (RoleInfo.java:updateAndGet(143)) - 685ecb0d-c002-4fd0-97ff-08a2904709e1: start LeaderState
2019-10-14 10:17:07,067 [685ecb0d-c002-4fd0-97ff-08a2904709e1@group-89FB22DD773F:LeaderElection25] INFO  segmented.SegmentedRaftLogWorker (SegmentedRaftLogWorker.java:startLogSegment(380)) - 685ecb0d-c002-4fd0-97ff-08a2904709e1@group-89FB22DD773F-SegmentedRaftLogWorker: Starting segment from index:0
2019-10-14 10:17:07,068 [685ecb0d-c002-4fd0-97ff-08a2904709e1@group-89FB22DD773F:LeaderElection25] INFO  impl.RaftServerImpl (ServerState.java:setRaftConf(354)) - 685ecb0d-c002-4fd0-97ff-08a2904709e1@group-89FB22DD773F: set configuration 0: [685ecb0d-c002-4fd0-97ff-08a2904709e1:192.168.164.214:33521], old=null at 0
2019-10-14 10:17:07,128 [685ecb0d-c002-4fd0-97ff-08a2904709e1@group-89FB22DD773F-SegmentedRaftLogWorker] INFO  segmented.SegmentedRaftLogWorker (SegmentedRaftLogWorker.java:execute(569)) - 685ecb0d-c002-4fd0-97ff-08a2904709e1@group-89FB22DD773F-SegmentedRaftLogWorker: created new log segment /workdir/hadoop-ozone/ozonefs/target/test-dir/MiniOzoneClusterImpl-c76d7c66-f44c-4dfc-a708-d16c084e1c14/datanode-0/data/ratis/55d8b02a-fa0d-431f-8500-89fb22dd773f/current/log_inprogress_0
2019-10-14 10:17:07,141 [Thread-897] INFO  impl.FollowerState (FollowerState.java:run(106)) - b253433b-9336-40b9-b5cf-1baec0039647:group-25AD9B08AA6D changes to CANDIDATE, lastRpcTime:5049, electionTimeout:5049ms
2019-10-14 10:17:07,141 [Thread-897] INFO  impl.RoleInfo (RoleInfo.java:shutdownFollowerState(121)) - b253433b-9336-40b9-b5cf-1baec0039647: shutdown FollowerState
2019-10-14 10:17:07,142 [Thread-897] INFO  impl.RaftServerImpl (RaftServerImpl.java:setRole(174)) - b253433b-9336-40b9-b5cf-1baec0039647@group-25AD9B08AA6D: changes role from  FOLLOWER to CANDIDATE at term 0 for changeToCandidate
2019-10-14 10:17:07,142 [Thread-897] INFO  impl.RoleInfo (RoleInfo.java:updateAndGet(143)) - b253433b-9336-40b9-b5cf-1baec0039647: start LeaderElection
2019-10-14 10:17:07,175 [b253433b-9336-40b9-b5cf-1baec0039647@group-25AD9B08AA6D:LeaderElection26] INFO  impl.LeaderElection (LeaderElection.java:askForVotes(182)) - b253433b-9336-40b9-b5cf-1baec0039647@group-25AD9B08AA6D:LeaderElection26: begin an election at term 1 for -1: [b253433b-9336-40b9-b5cf-1baec0039647:192.168.164.214:34997], old=null
2019-10-14 10:17:07,175 [b253433b-9336-40b9-b5cf-1baec0039647@group-25AD9B08AA6D:LeaderElection26] INFO  impl.RoleInfo (RoleInfo.java:shutdownLeaderElection(134)) - b253433b-9336-40b9-b5cf-1baec0039647: shutdown LeaderElection
2019-10-14 10:17:07,176 [b253433b-9336-40b9-b5cf-1baec0039647@group-25AD9B08AA6D:LeaderElection26] INFO  impl.RaftServerImpl (RaftServerImpl.java:setRole(174)) - b253433b-9336-40b9-b5cf-1baec0039647@group-25AD9B08AA6D: changes role from CANDIDATE to LEADER at term 1 for changeToLeader
2019-10-14 10:17:07,176 [b253433b-9336-40b9-b5cf-1baec0039647@group-25AD9B08AA6D:LeaderElection26] INFO  impl.RaftServerImpl (ServerState.java:setLeader(253)) - b253433b-9336-40b9-b5cf-1baec0039647@group-25AD9B08AA6D: change Leader from null to b253433b-9336-40b9-b5cf-1baec0039647 at term 1 for becomeLeader, leader elected after 5093ms
2019-10-14 10:17:07,176 [Thread-894] INFO  impl.FollowerState (FollowerState.java:run(106)) - 9e658c07-1fa4-4268-bcc4-d82f6334c8fc:group-A5202DF91CD6 changes to CANDIDATE, lastRpcTime:5175, electionTimeout:5175ms
2019-10-14 10:17:07,176 [b253433b-9336-40b9-b5cf-1baec0039647@group-25AD9B08AA6D:LeaderElection26] INFO  server.RaftServerConfigKeys (ConfUtils.java:logGet(43)) - raft.server.staging.catchup.gap = 1000 (default)
2019-10-14 10:17:07,176 [b253433b-9336-40b9-b5cf-1baec0039647@group-25AD9B08AA6D:LeaderElection26] INFO  server.RaftServerConfigKeys (ConfUtils.java:logGet(43)) - raft.server.rpc.sleep.time = 25ms (default)
2019-10-14 10:17:07,176 [Thread-894] INFO  impl.RoleInfo (RoleInfo.java:shutdownFollowerState(121)) - 9e658c07-1fa4-4268-bcc4-d82f6334c8fc: shutdown FollowerState
2019-10-14 10:17:07,176 [b253433b-9336-40b9-b5cf-1baec0039647@group-25AD9B08AA6D:LeaderElection26] INFO  server.RaftServerConfigKeys (ConfUtils.java:logGet(43)) - raft.server.write.element-limit = 4096 (default)
2019-10-14 10:17:07,177 [Thread-894] INFO  impl.RaftServerImpl (RaftServerImpl.java:setRole(174)) - 9e658c07-1fa4-4268-bcc4-d82f6334c8fc@group-A5202DF91CD6: changes role from  FOLLOWER to CANDIDATE at term 0 for changeToCandidate
2019-10-14 10:17:07,177 [b253433b-9336-40b9-b5cf-1baec0039647@group-25AD9B08AA6D:LeaderElection26] INFO  server.RaftServerConfigKeys (ConfUtils.java:logGet(43)) - raft.server.watch.timeout = 10s (default)
2019-10-14 10:17:07,177 [Thread-894] INFO  impl.RoleInfo (RoleInfo.java:updateAndGet(143)) - 9e658c07-1fa4-4268-bcc4-d82f6334c8fc: start LeaderElection
2019-10-14 10:17:07,177 [b253433b-9336-40b9-b5cf-1baec0039647@group-25AD9B08AA6D:LeaderElection26] INFO  server.RaftServerConfigKeys (ConfUtils.java:logGet(43)) - raft.server.watch.timeout.denomination = 1s (default)
2019-10-14 10:17:07,177 [b253433b-9336-40b9-b5cf-1baec0039647@group-25AD9B08AA6D:LeaderElection26] INFO  server.RaftServerConfigKeys (ConfUtils.java:logGet(43)) - raft.server.watch.element-limit = 65536 (default)
2019-10-14 10:17:07,187 [b253433b-9336-40b9-b5cf-1baec0039647@group-25AD9B08AA6D:LeaderElection26] INFO  impl.RoleInfo (RoleInfo.java:updateAndGet(143)) - b253433b-9336-40b9-b5cf-1baec0039647: start LeaderState
2019-10-14 10:17:07,188 [b253433b-9336-40b9-b5cf-1baec0039647@group-25AD9B08AA6D:LeaderElection26] INFO  segmented.SegmentedRaftLogWorker (SegmentedRaftLogWorker.java:startLogSegment(380)) - b253433b-9336-40b9-b5cf-1baec0039647@group-25AD9B08AA6D-SegmentedRaftLogWorker: Starting segment from index:0
2019-10-14 10:17:07,189 [b253433b-9336-40b9-b5cf-1baec0039647@group-25AD9B08AA6D:LeaderElection26] INFO  impl.RaftServerImpl (ServerState.java:setRaftConf(354)) - b253433b-9336-40b9-b5cf-1baec0039647@group-25AD9B08AA6D: set configuration 0: [b253433b-9336-40b9-b5cf-1baec0039647:192.168.164.214:34997], old=null at 0
2019-10-14 10:17:07,208 [9e658c07-1fa4-4268-bcc4-d82f6334c8fc@group-A5202DF91CD6:LeaderElection27] INFO  impl.LeaderElection (LeaderElection.java:askForVotes(182)) - 9e658c07-1fa4-4268-bcc4-d82f6334c8fc@group-A5202DF91CD6:LeaderElection27: begin an election at term 1 for -1: [9e658c07-1fa4-4268-bcc4-d82f6334c8fc:192.168.164.214:44135], old=null
2019-10-14 10:17:07,208 [9e658c07-1fa4-4268-bcc4-d82f6334c8fc@group-A5202DF91CD6:LeaderElection27] INFO  impl.RoleInfo (RoleInfo.java:shutdownLeaderElection(134)) - 9e658c07-1fa4-4268-bcc4-d82f6334c8fc: shutdown LeaderElection
2019-10-14 10:17:07,208 [9e658c07-1fa4-4268-bcc4-d82f6334c8fc@group-A5202DF91CD6:LeaderElection27] INFO  impl.RaftServerImpl (RaftServerImpl.java:setRole(174)) - 9e658c07-1fa4-4268-bcc4-d82f6334c8fc@group-A5202DF91CD6: changes role from CANDIDATE to LEADER at term 1 for changeToLeader
2019-10-14 10:17:07,208 [9e658c07-1fa4-4268-bcc4-d82f6334c8fc@group-A5202DF91CD6:LeaderElection27] INFO  impl.RaftServerImpl (ServerState.java:setLeader(253)) - 9e658c07-1fa4-4268-bcc4-d82f6334c8fc@group-A5202DF91CD6: change Leader from null to 9e658c07-1fa4-4268-bcc4-d82f6334c8fc at term 1 for becomeLeader, leader elected after 5217ms
2019-10-14 10:17:07,208 [9e658c07-1fa4-4268-bcc4-d82f6334c8fc@group-A5202DF91CD6:LeaderElection27] INFO  server.RaftServerConfigKeys (ConfUtils.java:logGet(43)) - raft.server.staging.catchup.gap = 1000 (default)
2019-10-14 10:17:07,208 [9e658c07-1fa4-4268-bcc4-d82f6334c8fc@group-A5202DF91CD6:LeaderElection27] INFO  server.RaftServerConfigKeys (ConfUtils.java:logGet(43)) - raft.server.rpc.sleep.time = 25ms (default)
2019-10-14 10:17:07,209 [9e658c07-1fa4-4268-bcc4-d82f6334c8fc@group-A5202DF91CD6:LeaderElection27] INFO  server.RaftServerConfigKeys (ConfUtils.java:logGet(43)) - raft.server.write.element-limit = 4096 (default)
2019-10-14 10:17:07,209 [9e658c07-1fa4-4268-bcc4-d82f6334c8fc@group-A5202DF91CD6:LeaderElection27] INFO  server.RaftServerConfigKeys (ConfUtils.java:logGet(43)) - raft.server.watch.timeout = 10s (default)
2019-10-14 10:17:07,209 [9e658c07-1fa4-4268-bcc4-d82f6334c8fc@group-A5202DF91CD6:LeaderElection27] INFO  server.RaftServerConfigKeys (ConfUtils.java:logGet(43)) - raft.server.watch.timeout.denomination = 1s (default)
2019-10-14 10:17:07,209 [9e658c07-1fa4-4268-bcc4-d82f6334c8fc@group-A5202DF91CD6:LeaderElection27] INFO  server.RaftServerConfigKeys (ConfUtils.java:logGet(43)) - raft.server.watch.element-limit = 65536 (default)
2019-10-14 10:17:07,212 [9e658c07-1fa4-4268-bcc4-d82f6334c8fc@group-A5202DF91CD6:LeaderElection27] INFO  impl.RoleInfo (RoleInfo.java:updateAndGet(143)) - 9e658c07-1fa4-4268-bcc4-d82f6334c8fc: start LeaderState
2019-10-14 10:17:07,212 [9e658c07-1fa4-4268-bcc4-d82f6334c8fc@group-A5202DF91CD6:LeaderElection27] INFO  segmented.SegmentedRaftLogWorker (SegmentedRaftLogWorker.java:startLogSegment(380)) - 9e658c07-1fa4-4268-bcc4-d82f6334c8fc@group-A5202DF91CD6-SegmentedRaftLogWorker: Starting segment from index:0
2019-10-14 10:17:07,213 [9e658c07-1fa4-4268-bcc4-d82f6334c8fc@group-A5202DF91CD6:LeaderElection27] INFO  impl.RaftServerImpl (ServerState.java:setRaftConf(354)) - 9e658c07-1fa4-4268-bcc4-d82f6334c8fc@group-A5202DF91CD6: set configuration 0: [9e658c07-1fa4-4268-bcc4-d82f6334c8fc:192.168.164.214:44135], old=null at 0
2019-10-14 10:17:07,256 [b253433b-9336-40b9-b5cf-1baec0039647@group-25AD9B08AA6D-SegmentedRaftLogWorker] INFO  segmented.SegmentedRaftLogWorker (SegmentedRaftLogWorker.java:execute(569)) - b253433b-9336-40b9-b5cf-1baec0039647@group-25AD9B08AA6D-SegmentedRaftLogWorker: created new log segment /workdir/hadoop-ozone/ozonefs/target/test-dir/MiniOzoneClusterImpl-c76d7c66-f44c-4dfc-a708-d16c084e1c14/datanode-3/data/ratis/1967b6d5-cf5e-4c5b-9491-25ad9b08aa6d/current/log_inprogress_0
2019-10-14 10:17:07,278 [9e658c07-1fa4-4268-bcc4-d82f6334c8fc@group-A5202DF91CD6-SegmentedRaftLogWorker] INFO  segmented.SegmentedRaftLogWorker (SegmentedRaftLogWorker.java:execute(569)) - 9e658c07-1fa4-4268-bcc4-d82f6334c8fc@group-A5202DF91CD6-SegmentedRaftLogWorker: created new log segment /workdir/hadoop-ozone/ozonefs/target/test-dir/MiniOzoneClusterImpl-c76d7c66-f44c-4dfc-a708-d16c084e1c14/datanode-2/data/ratis/c392b1e6-ac85-409a-a106-a5202df91cd6/current/log_inprogress_0
2019-10-14 10:17:07,301 [Thread-904] INFO  impl.FollowerState (FollowerState.java:run(106)) - b45a675e-aeff-4ba4-9b40-8f6156737b33:group-FA1439264B65 changes to CANDIDATE, lastRpcTime:5033, electionTimeout:5033ms
2019-10-14 10:17:07,302 [Thread-904] INFO  impl.RoleInfo (RoleInfo.java:shutdownFollowerState(121)) - b45a675e-aeff-4ba4-9b40-8f6156737b33: shutdown FollowerState
2019-10-14 10:17:07,302 [Thread-904] INFO  impl.RaftServerImpl (RaftServerImpl.java:setRole(174)) - b45a675e-aeff-4ba4-9b40-8f6156737b33@group-FA1439264B65: changes role from  FOLLOWER to CANDIDATE at term 0 for changeToCandidate
2019-10-14 10:17:07,302 [Thread-904] INFO  impl.RoleInfo (RoleInfo.java:updateAndGet(143)) - b45a675e-aeff-4ba4-9b40-8f6156737b33: start LeaderElection
2019-10-14 10:17:07,317 [Thread-900] INFO  impl.FollowerState (FollowerState.java:run(106)) - 36847f54-85ee-4d0b-96a5-61a90c070d38:group-E3CF909C1D57 changes to CANDIDATE, lastRpcTime:5132, electionTimeout:5132ms
2019-10-14 10:17:07,317 [Thread-900] INFO  impl.RoleInfo (RoleInfo.java:shutdownFollowerState(121)) - 36847f54-85ee-4d0b-96a5-61a90c070d38: shutdown FollowerState
2019-10-14 10:17:07,317 [Thread-900] INFO  impl.RaftServerImpl (RaftServerImpl.java:setRole(174)) - 36847f54-85ee-4d0b-96a5-61a90c070d38@group-E3CF909C1D57: changes role from  FOLLOWER to CANDIDATE at term 0 for changeToCandidate
2019-10-14 10:17:07,317 [Thread-900] INFO  impl.RoleInfo (RoleInfo.java:updateAndGet(143)) - 36847f54-85ee-4d0b-96a5-61a90c070d38: start LeaderElection
2019-10-14 10:17:07,361 [b45a675e-aeff-4ba4-9b40-8f6156737b33@group-FA1439264B65:LeaderElection28] INFO  impl.LeaderElection (LeaderElection.java:askForVotes(182)) - b45a675e-aeff-4ba4-9b40-8f6156737b33@group-FA1439264B65:LeaderElection28: begin an election at term 1 for -1: [b45a675e-aeff-4ba4-9b40-8f6156737b33:192.168.164.214:45207], old=null
2019-10-14 10:17:07,361 [b45a675e-aeff-4ba4-9b40-8f6156737b33@group-FA1439264B65:LeaderElection28] INFO  impl.RoleInfo (RoleInfo.java:shutdownLeaderElection(134)) - b45a675e-aeff-4ba4-9b40-8f6156737b33: shutdown LeaderElection
2019-10-14 10:17:07,361 [b45a675e-aeff-4ba4-9b40-8f6156737b33@group-FA1439264B65:LeaderElection28] INFO  impl.RaftServerImpl (RaftServerImpl.java:setRole(174)) - b45a675e-aeff-4ba4-9b40-8f6156737b33@group-FA1439264B65: changes role from CANDIDATE to LEADER at term 1 for changeToLeader
2019-10-14 10:17:07,361 [b45a675e-aeff-4ba4-9b40-8f6156737b33@group-FA1439264B65:LeaderElection28] INFO  impl.RaftServerImpl (ServerState.java:setLeader(253)) - b45a675e-aeff-4ba4-9b40-8f6156737b33@group-FA1439264B65: change Leader from null to b45a675e-aeff-4ba4-9b40-8f6156737b33 at term 1 for becomeLeader, leader elected after 5102ms
2019-10-14 10:17:07,362 [b45a675e-aeff-4ba4-9b40-8f6156737b33@group-FA1439264B65:LeaderElection28] INFO  server.RaftServerConfigKeys (ConfUtils.java:logGet(43)) - raft.server.staging.catchup.gap = 1000 (default)
2019-10-14 10:17:07,362 [b45a675e-aeff-4ba4-9b40-8f6156737b33@group-FA1439264B65:LeaderElection28] INFO  server.RaftServerConfigKeys (ConfUtils.java:logGet(43)) - raft.server.rpc.sleep.time = 25ms (default)
2019-10-14 10:17:07,362 [b45a675e-aeff-4ba4-9b40-8f6156737b33@group-FA1439264B65:LeaderElection28] INFO  server.RaftServerConfigKeys (ConfUtils.java:logGet(43)) - raft.server.write.element-limit = 4096 (default)
2019-10-14 10:17:07,362 [b45a675e-aeff-4ba4-9b40-8f6156737b33@group-FA1439264B65:LeaderElection28] INFO  server.RaftServerConfigKeys (ConfUtils.java:logGet(43)) - raft.server.watch.timeout = 10s (default)
2019-10-14 10:17:07,362 [b45a675e-aeff-4ba4-9b40-8f6156737b33@group-FA1439264B65:LeaderElection28] INFO  server.RaftServerConfigKeys (ConfUtils.java:logGet(43)) - raft.server.watch.timeout.denomination = 1s (default)
2019-10-14 10:17:07,362 [b45a675e-aeff-4ba4-9b40-8f6156737b33@group-FA1439264B65:LeaderElection28] INFO  server.RaftServerConfigKeys (ConfUtils.java:logGet(43)) - raft.server.watch.element-limit = 65536 (default)
2019-10-14 10:17:07,366 [b45a675e-aeff-4ba4-9b40-8f6156737b33@group-FA1439264B65:LeaderElection28] INFO  impl.RoleInfo (RoleInfo.java:updateAndGet(143)) - b45a675e-aeff-4ba4-9b40-8f6156737b33: start LeaderState
2019-10-14 10:17:07,366 [b45a675e-aeff-4ba4-9b40-8f6156737b33@group-FA1439264B65:LeaderElection28] INFO  segmented.SegmentedRaftLogWorker (SegmentedRaftLogWorker.java:startLogSegment(380)) - b45a675e-aeff-4ba4-9b40-8f6156737b33@group-FA1439264B65-SegmentedRaftLogWorker: Starting segment from index:0
2019-10-14 10:17:07,367 [b45a675e-aeff-4ba4-9b40-8f6156737b33@group-FA1439264B65:LeaderElection28] INFO  impl.RaftServerImpl (ServerState.java:setRaftConf(354)) - b45a675e-aeff-4ba4-9b40-8f6156737b33@group-FA1439264B65: set configuration 0: [b45a675e-aeff-4ba4-9b40-8f6156737b33:192.168.164.214:45207], old=null at 0
2019-10-14 10:17:07,369 [36847f54-85ee-4d0b-96a5-61a90c070d38@group-E3CF909C1D57:LeaderElection29] INFO  impl.LeaderElection (LeaderElection.java:askForVotes(182)) - 36847f54-85ee-4d0b-96a5-61a90c070d38@group-E3CF909C1D57:LeaderElection29: begin an election at term 1 for -1: [36847f54-85ee-4d0b-96a5-61a90c070d38:192.168.164.214:45241], old=null
2019-10-14 10:17:07,369 [36847f54-85ee-4d0b-96a5-61a90c070d38@group-E3CF909C1D57:LeaderElection29] INFO  impl.RoleInfo (RoleInfo.java:shutdownLeaderElection(134)) - 36847f54-85ee-4d0b-96a5-61a90c070d38: shutdown LeaderElection
2019-10-14 10:17:07,370 [36847f54-85ee-4d0b-96a5-61a90c070d38@group-E3CF909C1D57:LeaderElection29] INFO  impl.RaftServerImpl (RaftServerImpl.java:setRole(174)) - 36847f54-85ee-4d0b-96a5-61a90c070d38@group-E3CF909C1D57: changes role from CANDIDATE to LEADER at term 1 for changeToLeader
2019-10-14 10:17:07,370 [36847f54-85ee-4d0b-96a5-61a90c070d38@group-E3CF909C1D57:LeaderElection29] INFO  impl.RaftServerImpl (ServerState.java:setLeader(253)) - 36847f54-85ee-4d0b-96a5-61a90c070d38@group-E3CF909C1D57: change Leader from null to 36847f54-85ee-4d0b-96a5-61a90c070d38 at term 1 for becomeLeader, leader elected after 5202ms
2019-10-14 10:17:07,370 [36847f54-85ee-4d0b-96a5-61a90c070d38@group-E3CF909C1D57:LeaderElection29] INFO  server.RaftServerConfigKeys (ConfUtils.java:logGet(43)) - raft.server.staging.catchup.gap = 1000 (default)
2019-10-14 10:17:07,370 [36847f54-85ee-4d0b-96a5-61a90c070d38@group-E3CF909C1D57:LeaderElection29] INFO  server.RaftServerConfigKeys (ConfUtils.java:logGet(43)) - raft.server.rpc.sleep.time = 25ms (default)
2019-10-14 10:17:07,370 [36847f54-85ee-4d0b-96a5-61a90c070d38@group-E3CF909C1D57:LeaderElection29] INFO  server.RaftServerConfigKeys (ConfUtils.java:logGet(43)) - raft.server.write.element-limit = 4096 (default)
2019-10-14 10:17:07,371 [36847f54-85ee-4d0b-96a5-61a90c070d38@group-E3CF909C1D57:LeaderElection29] INFO  server.RaftServerConfigKeys (ConfUtils.java:logGet(43)) - raft.server.watch.timeout = 10s (default)
2019-10-14 10:17:07,371 [36847f54-85ee-4d0b-96a5-61a90c070d38@group-E3CF909C1D57:LeaderElection29] INFO  server.RaftServerConfigKeys (ConfUtils.java:logGet(43)) - raft.server.watch.timeout.denomination = 1s (default)
2019-10-14 10:17:07,371 [36847f54-85ee-4d0b-96a5-61a90c070d38@group-E3CF909C1D57:LeaderElection29] INFO  server.RaftServerConfigKeys (ConfUtils.java:logGet(43)) - raft.server.watch.element-limit = 65536 (default)
2019-10-14 10:17:07,374 [36847f54-85ee-4d0b-96a5-61a90c070d38@group-E3CF909C1D57:LeaderElection29] INFO  impl.RoleInfo (RoleInfo.java:updateAndGet(143)) - 36847f54-85ee-4d0b-96a5-61a90c070d38: start LeaderState
2019-10-14 10:17:07,374 [36847f54-85ee-4d0b-96a5-61a90c070d38@group-E3CF909C1D57:LeaderElection29] INFO  segmented.SegmentedRaftLogWorker (SegmentedRaftLogWorker.java:startLogSegment(380)) - 36847f54-85ee-4d0b-96a5-61a90c070d38@group-E3CF909C1D57-SegmentedRaftLogWorker: Starting segment from index:0
2019-10-14 10:17:07,375 [36847f54-85ee-4d0b-96a5-61a90c070d38@group-E3CF909C1D57:LeaderElection29] INFO  impl.RaftServerImpl (ServerState.java:setRaftConf(354)) - 36847f54-85ee-4d0b-96a5-61a90c070d38@group-E3CF909C1D57: set configuration 0: [36847f54-85ee-4d0b-96a5-61a90c070d38:192.168.164.214:45241], old=null at 0
2019-10-14 10:17:07,428 [b45a675e-aeff-4ba4-9b40-8f6156737b33@group-FA1439264B65-SegmentedRaftLogWorker] INFO  segmented.SegmentedRaftLogWorker (SegmentedRaftLogWorker.java:execute(569)) - b45a675e-aeff-4ba4-9b40-8f6156737b33@group-FA1439264B65-SegmentedRaftLogWorker: created new log segment /workdir/hadoop-ozone/ozonefs/target/test-dir/MiniOzoneClusterImpl-c76d7c66-f44c-4dfc-a708-d16c084e1c14/datanode-5/data/ratis/9ff648a0-98a6-418f-b5bf-fa1439264b65/current/log_inprogress_0
2019-10-14 10:17:07,428 [36847f54-85ee-4d0b-96a5-61a90c070d38@group-E3CF909C1D57-SegmentedRaftLogWorker] INFO  segmented.SegmentedRaftLogWorker (SegmentedRaftLogWorker.java:execute(569)) - 36847f54-85ee-4d0b-96a5-61a90c070d38@group-E3CF909C1D57-SegmentedRaftLogWorker: created new log segment /workdir/hadoop-ozone/ozonefs/target/test-dir/MiniOzoneClusterImpl-c76d7c66-f44c-4dfc-a708-d16c084e1c14/datanode-4/data/ratis/bb433e4a-5dd6-4b97-99a6-e3cf909c1d57/current/log_inprogress_0
2019-10-14 10:17:07,475 [Thread-913] INFO  impl.FollowerState (FollowerState.java:run(106)) - b253433b-9336-40b9-b5cf-1baec0039647:group-26117E050404 changes to CANDIDATE, lastRpcTime:5035, electionTimeout:5035ms
2019-10-14 10:17:07,476 [Thread-913] INFO  impl.RoleInfo (RoleInfo.java:shutdownFollowerState(121)) - b253433b-9336-40b9-b5cf-1baec0039647: shutdown FollowerState
2019-10-14 10:17:07,476 [Thread-913] INFO  impl.RaftServerImpl (RaftServerImpl.java:setRole(174)) - b253433b-9336-40b9-b5cf-1baec0039647@group-26117E050404: changes role from  FOLLOWER to CANDIDATE at term 0 for changeToCandidate
2019-10-14 10:17:07,476 [Thread-913] INFO  impl.RoleInfo (RoleInfo.java:updateAndGet(143)) - b253433b-9336-40b9-b5cf-1baec0039647: start LeaderElection
2019-10-14 10:17:07,483 [Thread-908] INFO  impl.FollowerState (FollowerState.java:run(106)) - ade9b509-d1ed-4779-a19c-4ed96427ff05:group-F908FC361F06 changes to CANDIDATE, lastRpcTime:5130, electionTimeout:5129ms
2019-10-14 10:17:07,486 [Thread-908] INFO  impl.RoleInfo (RoleInfo.java:shutdownFollowerState(121)) - ade9b509-d1ed-4779-a19c-4ed96427ff05: shutdown FollowerState
2019-10-14 10:17:07,486 [Thread-908] INFO  impl.RaftServerImpl (RaftServerImpl.java:setRole(174)) - ade9b509-d1ed-4779-a19c-4ed96427ff05@group-F908FC361F06: changes role from  FOLLOWER to CANDIDATE at term 0 for changeToCandidate
2019-10-14 10:17:07,486 [Thread-908] INFO  impl.RoleInfo (RoleInfo.java:updateAndGet(143)) - ade9b509-d1ed-4779-a19c-4ed96427ff05: start LeaderElection
2019-10-14 10:17:07,512 [ade9b509-d1ed-4779-a19c-4ed96427ff05@group-F908FC361F06:LeaderElection31] INFO  impl.LeaderElection (LeaderElection.java:askForVotes(182)) - ade9b509-d1ed-4779-a19c-4ed96427ff05@group-F908FC361F06:LeaderElection31: begin an election at term 1 for -1: [ade9b509-d1ed-4779-a19c-4ed96427ff05:192.168.164.214:46824], old=null
2019-10-14 10:17:07,512 [b253433b-9336-40b9-b5cf-1baec0039647@group-26117E050404:LeaderElection30] INFO  impl.LeaderElection (LeaderElection.java:askForVotes(182)) - b253433b-9336-40b9-b5cf-1baec0039647@group-26117E050404:LeaderElection30: begin an election at term 1 for -1: [ade9b509-d1ed-4779-a19c-4ed96427ff05:192.168.164.214:46824, 36847f54-85ee-4d0b-96a5-61a90c070d38:192.168.164.214:45241, b253433b-9336-40b9-b5cf-1baec0039647:192.168.164.214:34997], old=null
2019-10-14 10:17:07,512 [ade9b509-d1ed-4779-a19c-4ed96427ff05@group-F908FC361F06:LeaderElection31] INFO  impl.RoleInfo (RoleInfo.java:shutdownLeaderElection(134)) - ade9b509-d1ed-4779-a19c-4ed96427ff05: shutdown LeaderElection
2019-10-14 10:17:07,513 [ade9b509-d1ed-4779-a19c-4ed96427ff05@group-F908FC361F06:LeaderElection31] INFO  impl.RaftServerImpl (RaftServerImpl.java:setRole(174)) - ade9b509-d1ed-4779-a19c-4ed96427ff05@group-F908FC361F06: changes role from CANDIDATE to LEADER at term 1 for changeToLeader
2019-10-14 10:17:07,513 [ade9b509-d1ed-4779-a19c-4ed96427ff05@group-F908FC361F06:LeaderElection31] INFO  impl.RaftServerImpl (ServerState.java:setLeader(253)) - ade9b509-d1ed-4779-a19c-4ed96427ff05@group-F908FC361F06: change Leader from null to ade9b509-d1ed-4779-a19c-4ed96427ff05 at term 1 for becomeLeader, leader elected after 5169ms
2019-10-14 10:17:07,514 [ade9b509-d1ed-4779-a19c-4ed96427ff05@group-F908FC361F06:LeaderElection31] INFO  server.RaftServerConfigKeys (ConfUtils.java:logGet(43)) - raft.server.staging.catchup.gap = 1000 (default)
2019-10-14 10:17:07,514 [ade9b509-d1ed-4779-a19c-4ed96427ff05@group-F908FC361F06:LeaderElection31] INFO  server.RaftServerConfigKeys (ConfUtils.java:logGet(43)) - raft.server.rpc.sleep.time = 25ms (default)
2019-10-14 10:17:07,515 [ade9b509-d1ed-4779-a19c-4ed96427ff05@group-F908FC361F06:LeaderElection31] INFO  server.RaftServerConfigKeys (ConfUtils.java:logGet(43)) - raft.server.write.element-limit = 4096 (default)
2019-10-14 10:17:07,515 [ade9b509-d1ed-4779-a19c-4ed96427ff05@group-F908FC361F06:LeaderElection31] INFO  server.RaftServerConfigKeys (ConfUtils.java:logGet(43)) - raft.server.watch.timeout = 10s (default)
2019-10-14 10:17:07,515 [ade9b509-d1ed-4779-a19c-4ed96427ff05@group-F908FC361F06:LeaderElection31] INFO  server.RaftServerConfigKeys (ConfUtils.java:logGet(43)) - raft.server.watch.timeout.denomination = 1s (default)
2019-10-14 10:17:07,515 [ade9b509-d1ed-4779-a19c-4ed96427ff05@group-F908FC361F06:LeaderElection31] INFO  server.RaftServerConfigKeys (ConfUtils.java:logGet(43)) - raft.server.watch.element-limit = 65536 (default)
2019-10-14 10:17:07,515 [Thread-915] INFO  impl.FollowerState (FollowerState.java:run(106)) - 36847f54-85ee-4d0b-96a5-61a90c070d38:group-26117E050404 changes to CANDIDATE, lastRpcTime:5069, electionTimeout:5069ms
2019-10-14 10:17:07,516 [Thread-915] INFO  impl.RoleInfo (RoleInfo.java:shutdownFollowerState(121)) - 36847f54-85ee-4d0b-96a5-61a90c070d38: shutdown FollowerState
2019-10-14 10:17:07,516 [Thread-915] INFO  impl.RaftServerImpl (RaftServerImpl.java:setRole(174)) - 36847f54-85ee-4d0b-96a5-61a90c070d38@group-26117E050404: changes role from  FOLLOWER to CANDIDATE at term 0 for changeToCandidate
2019-10-14 10:17:07,517 [Thread-915] INFO  impl.RoleInfo (RoleInfo.java:updateAndGet(143)) - 36847f54-85ee-4d0b-96a5-61a90c070d38: start LeaderElection
2019-10-14 10:17:07,526 [ade9b509-d1ed-4779-a19c-4ed96427ff05@group-F908FC361F06:LeaderElection31] INFO  impl.RoleInfo (RoleInfo.java:updateAndGet(143)) - ade9b509-d1ed-4779-a19c-4ed96427ff05: start LeaderState
2019-10-14 10:17:07,527 [ade9b509-d1ed-4779-a19c-4ed96427ff05@group-F908FC361F06:LeaderElection31] INFO  segmented.SegmentedRaftLogWorker (SegmentedRaftLogWorker.java:startLogSegment(380)) - ade9b509-d1ed-4779-a19c-4ed96427ff05@group-F908FC361F06-SegmentedRaftLogWorker: Starting segment from index:0
2019-10-14 10:17:07,529 [grpc-default-executor-0] INFO  impl.RaftServerImpl (RaftServerImpl.java:setRole(174)) - ade9b509-d1ed-4779-a19c-4ed96427ff05@group-26117E050404: changes role from  FOLLOWER to FOLLOWER at term 1 for recognizeCandidate:b253433b-9336-40b9-b5cf-1baec0039647
2019-10-14 10:17:07,530 [ade9b509-d1ed-4779-a19c-4ed96427ff05@group-F908FC361F06:LeaderElection31] INFO  impl.RaftServerImpl (ServerState.java:setRaftConf(354)) - ade9b509-d1ed-4779-a19c-4ed96427ff05@group-F908FC361F06: set configuration 0: [ade9b509-d1ed-4779-a19c-4ed96427ff05:192.168.164.214:46824], old=null at 0
2019-10-14 10:17:07,530 [grpc-default-executor-0] INFO  impl.RoleInfo (RoleInfo.java:shutdownFollowerState(121)) - ade9b509-d1ed-4779-a19c-4ed96427ff05: shutdown FollowerState
2019-10-14 10:17:07,530 [grpc-default-executor-0] INFO  impl.RoleInfo (RoleInfo.java:updateAndGet(143)) - ade9b509-d1ed-4779-a19c-4ed96427ff05: start FollowerState
2019-10-14 10:17:07,530 [Thread-917] INFO  impl.FollowerState (FollowerState.java:run(115)) - ade9b509-d1ed-4779-a19c-4ed96427ff05: FollowerState was interrupted: java.lang.InterruptedException: sleep interrupted
2019-10-14 10:17:07,561 [36847f54-85ee-4d0b-96a5-61a90c070d38@group-26117E050404:LeaderElection32] INFO  impl.LeaderElection (LeaderElection.java:askForVotes(182)) - 36847f54-85ee-4d0b-96a5-61a90c070d38@group-26117E050404:LeaderElection32: begin an election at term 1 for -1: [ade9b509-d1ed-4779-a19c-4ed96427ff05:192.168.164.214:46824, 36847f54-85ee-4d0b-96a5-61a90c070d38:192.168.164.214:45241, b253433b-9336-40b9-b5cf-1baec0039647:192.168.164.214:34997], old=null
2019-10-14 10:17:07,587 [ade9b509-d1ed-4779-a19c-4ed96427ff05@group-F908FC361F06-SegmentedRaftLogWorker] INFO  segmented.SegmentedRaftLogWorker (SegmentedRaftLogWorker.java:execute(569)) - ade9b509-d1ed-4779-a19c-4ed96427ff05@group-F908FC361F06-SegmentedRaftLogWorker: created new log segment /workdir/hadoop-ozone/ozonefs/target/test-dir/MiniOzoneClusterImpl-c76d7c66-f44c-4dfc-a708-d16c084e1c14/datanode-6/data/ratis/de40f2aa-0e97-422f-af63-f908fc361f06/current/log_inprogress_0
2019-10-14 10:17:07,594 [Thread-922] INFO  impl.FollowerState (FollowerState.java:run(106)) - ade9b509-d1ed-4779-a19c-4ed96427ff05:group-8139AAFAC97D changes to CANDIDATE, lastRpcTime:5052, electionTimeout:5051ms
2019-10-14 10:17:07,594 [Thread-922] INFO  impl.RoleInfo (RoleInfo.java:shutdownFollowerState(121)) - ade9b509-d1ed-4779-a19c-4ed96427ff05: shutdown FollowerState
2019-10-14 10:17:07,595 [b253433b-9336-40b9-b5cf-1baec0039647@group-26117E050404:LeaderElection30] INFO  impl.LeaderElection (LeaderElection.java:logAndReturn(56)) - b253433b-9336-40b9-b5cf-1baec0039647@group-26117E050404:LeaderElection30: Election PASSED; received 2 response(s) [b253433b-9336-40b9-b5cf-1baec0039647<-ade9b509-d1ed-4779-a19c-4ed96427ff05#0:OK-t1, b253433b-9336-40b9-b5cf-1baec0039647<-36847f54-85ee-4d0b-96a5-61a90c070d38#0:FAIL-t1] and 0 exception(s); b253433b-9336-40b9-b5cf-1baec0039647@group-26117E050404:t1, leader=null, voted=b253433b-9336-40b9-b5cf-1baec0039647, raftlog=b253433b-9336-40b9-b5cf-1baec0039647@group-26117E050404-SegmentedRaftLog:OPENED:c-1,f-1,i0, conf=-1: [ade9b509-d1ed-4779-a19c-4ed96427ff05:192.168.164.214:46824, 36847f54-85ee-4d0b-96a5-61a90c070d38:192.168.164.214:45241, b253433b-9336-40b9-b5cf-1baec0039647:192.168.164.214:34997], old=null
2019-10-14 10:17:07,595 [Thread-922] INFO  impl.RaftServerImpl (RaftServerImpl.java:setRole(174)) - ade9b509-d1ed-4779-a19c-4ed96427ff05@group-8139AAFAC97D: changes role from  FOLLOWER to CANDIDATE at term 0 for changeToCandidate
2019-10-14 10:17:07,595 [b253433b-9336-40b9-b5cf-1baec0039647@group-26117E050404:LeaderElection30] INFO  impl.RoleInfo (RoleInfo.java:shutdownLeaderElection(134)) - b253433b-9336-40b9-b5cf-1baec0039647: shutdown LeaderElection
2019-10-14 10:17:07,597 [36847f54-85ee-4d0b-96a5-61a90c070d38@group-26117E050404:LeaderElection32] INFO  impl.LeaderElection (LeaderElection.java:logAndReturn(56)) - 36847f54-85ee-4d0b-96a5-61a90c070d38@group-26117E050404:LeaderElection32: Election REJECTED; received 2 response(s) [36847f54-85ee-4d0b-96a5-61a90c070d38<-ade9b509-d1ed-4779-a19c-4ed96427ff05#0:FAIL-t1, 36847f54-85ee-4d0b-96a5-61a90c070d38<-b253433b-9336-40b9-b5cf-1baec0039647#0:FAIL-t1] and 0 exception(s); 36847f54-85ee-4d0b-96a5-61a90c070d38@group-26117E050404:t1, leader=null, voted=36847f54-85ee-4d0b-96a5-61a90c070d38, raftlog=36847f54-85ee-4d0b-96a5-61a90c070d38@group-26117E050404-SegmentedRaftLog:OPENED:c-1,f-1,i0, conf=-1: [ade9b509-d1ed-4779-a19c-4ed96427ff05:192.168.164.214:46824, 36847f54-85ee-4d0b-96a5-61a90c070d38:192.168.164.214:45241, b253433b-9336-40b9-b5cf-1baec0039647:192.168.164.214:34997], old=null
2019-10-14 10:17:07,597 [Thread-922] INFO  impl.RoleInfo (RoleInfo.java:updateAndGet(143)) - ade9b509-d1ed-4779-a19c-4ed96427ff05: start LeaderElection
2019-10-14 10:17:07,597 [b253433b-9336-40b9-b5cf-1baec0039647@group-26117E050404:LeaderElection30] INFO  impl.RaftServerImpl (RaftServerImpl.java:setRole(174)) - b253433b-9336-40b9-b5cf-1baec0039647@group-26117E050404: changes role from CANDIDATE to LEADER at term 1 for changeToLeader
2019-10-14 10:17:07,597 [36847f54-85ee-4d0b-96a5-61a90c070d38@group-26117E050404:LeaderElection32] INFO  impl.RaftServerImpl (RaftServerImpl.java:setRole(174)) - 36847f54-85ee-4d0b-96a5-61a90c070d38@group-26117E050404: changes role from CANDIDATE to FOLLOWER at term 1 for DISCOVERED_A_NEW_TERM
2019-10-14 10:17:07,605 [36847f54-85ee-4d0b-96a5-61a90c070d38@group-26117E050404:LeaderElection32] INFO  impl.RoleInfo (RoleInfo.java:shutdownLeaderElection(134)) - 36847f54-85ee-4d0b-96a5-61a90c070d38: shutdown LeaderElection
2019-10-14 10:17:07,599 [b253433b-9336-40b9-b5cf-1baec0039647@group-26117E050404:LeaderElection30] INFO  impl.RaftServerImpl (ServerState.java:setLeader(253)) - b253433b-9336-40b9-b5cf-1baec0039647@group-26117E050404: change Leader from null to b253433b-9336-40b9-b5cf-1baec0039647 at term 1 for becomeLeader, leader elected after 5171ms
2019-10-14 10:17:07,605 [36847f54-85ee-4d0b-96a5-61a90c070d38@group-26117E050404:LeaderElection32] INFO  impl.RoleInfo (RoleInfo.java:updateAndGet(143)) - 36847f54-85ee-4d0b-96a5-61a90c070d38: start FollowerState
2019-10-14 10:17:07,606 [b253433b-9336-40b9-b5cf-1baec0039647@group-26117E050404:LeaderElection30] INFO  server.RaftServerConfigKeys (ConfUtils.java:logGet(43)) - raft.server.staging.catchup.gap = 1000 (default)
2019-10-14 10:17:07,606 [b253433b-9336-40b9-b5cf-1baec0039647@group-26117E050404:LeaderElection30] INFO  server.RaftServerConfigKeys (ConfUtils.java:logGet(43)) - raft.server.rpc.sleep.time = 25ms (default)
2019-10-14 10:17:07,606 [b253433b-9336-40b9-b5cf-1baec0039647@group-26117E050404:LeaderElection30] INFO  server.RaftServerConfigKeys (ConfUtils.java:logGet(43)) - raft.server.write.element-limit = 4096 (default)
2019-10-14 10:17:07,606 [b253433b-9336-40b9-b5cf-1baec0039647@group-26117E050404:LeaderElection30] INFO  server.RaftServerConfigKeys (ConfUtils.java:logGet(43)) - raft.server.watch.timeout = 10s (default)
2019-10-14 10:17:07,606 [b253433b-9336-40b9-b5cf-1baec0039647@group-26117E050404:LeaderElection30] INFO  server.RaftServerConfigKeys (ConfUtils.java:logGet(43)) - raft.server.watch.timeout.denomination = 1s (default)
2019-10-14 10:17:07,607 [b253433b-9336-40b9-b5cf-1baec0039647@group-26117E050404:LeaderElection30] INFO  server.RaftServerConfigKeys (ConfUtils.java:logGet(43)) - raft.server.watch.element-limit = 65536 (default)
2019-10-14 10:17:07,609 [b253433b-9336-40b9-b5cf-1baec0039647@group-26117E050404:LeaderElection30] INFO  server.RaftServerConfigKeys (ConfUtils.java:logGet(43)) - raft.server.log.appender.snapshot.chunk.size.max = 16MB (=16777216) (default)
2019-10-14 10:17:07,610 [b253433b-9336-40b9-b5cf-1baec0039647@group-26117E050404:LeaderElection30] INFO  server.RaftServerConfigKeys (ConfUtils.java:logGet(43)) - raft.server.log.appender.buffer.byte-limit = 33554432 (custom)
2019-10-14 10:17:07,610 [b253433b-9336-40b9-b5cf-1baec0039647@group-26117E050404:LeaderElection30] INFO  server.RaftServerConfigKeys (ConfUtils.java:logGet(43)) - raft.server.log.appender.buffer.element-limit = 1 (custom)
2019-10-14 10:17:07,610 [b253433b-9336-40b9-b5cf-1baec0039647@group-26117E050404:LeaderElection30] INFO  grpc.GrpcConfigKeys$Server (ConfUtils.java:logGet(43)) - raft.grpc.server.leader.outstanding.appends.max = 128 (default)
2019-10-14 10:17:07,610 [b253433b-9336-40b9-b5cf-1baec0039647@group-26117E050404:LeaderElection30] INFO  server.RaftServerConfigKeys (ConfUtils.java:logGet(43)) - raft.server.rpc.request.timeout = 3000ms (default)
2019-10-14 10:17:07,611 [b253433b-9336-40b9-b5cf-1baec0039647@group-26117E050404:LeaderElection30] INFO  server.RaftServerConfigKeys (ConfUtils.java:logGet(43)) - raft.server.log.appender.install.snapshot.enabled = false (custom)
2019-10-14 10:17:07,611 [b253433b-9336-40b9-b5cf-1baec0039647@group-26117E050404:LeaderElection30] INFO  server.RaftServerConfigKeys (ConfUtils.java:logGet(43)) - raft.server.log.appender.snapshot.chunk.size.max = 16MB (=16777216) (default)
2019-10-14 10:17:07,611 [b253433b-9336-40b9-b5cf-1baec0039647@group-26117E050404:LeaderElection30] INFO  server.RaftServerConfigKeys (ConfUtils.java:logGet(43)) - raft.server.log.appender.buffer.byte-limit = 33554432 (custom)
2019-10-14 10:17:07,611 [b253433b-9336-40b9-b5cf-1baec0039647@group-26117E050404:LeaderElection30] INFO  server.RaftServerConfigKeys (ConfUtils.java:logGet(43)) - raft.server.log.appender.buffer.element-limit = 1 (custom)
2019-10-14 10:17:07,611 [b253433b-9336-40b9-b5cf-1baec0039647@group-26117E050404:LeaderElection30] INFO  grpc.GrpcConfigKeys$Server (ConfUtils.java:logGet(43)) - raft.grpc.server.leader.outstanding.appends.max = 128 (default)
2019-10-14 10:17:07,612 [b253433b-9336-40b9-b5cf-1baec0039647@group-26117E050404:LeaderElection30] INFO  server.RaftServerConfigKeys (ConfUtils.java:logGet(43)) - raft.server.rpc.request.timeout = 3000ms (default)
2019-10-14 10:17:07,612 [b253433b-9336-40b9-b5cf-1baec0039647@group-26117E050404:LeaderElection30] INFO  server.RaftServerConfigKeys (ConfUtils.java:logGet(43)) - raft.server.log.appender.install.snapshot.enabled = false (custom)
2019-10-14 10:17:07,612 [b253433b-9336-40b9-b5cf-1baec0039647@group-26117E050404:LeaderElection30] INFO  impl.RoleInfo (RoleInfo.java:updateAndGet(143)) - b253433b-9336-40b9-b5cf-1baec0039647: start LeaderState
2019-10-14 10:17:07,612 [b253433b-9336-40b9-b5cf-1baec0039647@group-26117E050404:LeaderElection30] INFO  segmented.SegmentedRaftLogWorker (SegmentedRaftLogWorker.java:startLogSegment(380)) - b253433b-9336-40b9-b5cf-1baec0039647@group-26117E050404-SegmentedRaftLogWorker: Starting segment from index:0
2019-10-14 10:17:07,613 [b253433b-9336-40b9-b5cf-1baec0039647@group-26117E050404:LeaderElection30] INFO  impl.RaftServerImpl (ServerState.java:setRaftConf(354)) - b253433b-9336-40b9-b5cf-1baec0039647@group-26117E050404: set configuration 0: [ade9b509-d1ed-4779-a19c-4ed96427ff05:192.168.164.214:46824, 36847f54-85ee-4d0b-96a5-61a90c070d38:192.168.164.214:45241, b253433b-9336-40b9-b5cf-1baec0039647:192.168.164.214:34997], old=null at 0
2019-10-14 10:17:07,615 [grpc-default-executor-2] INFO  impl.RaftServerImpl (ServerState.java:setLeader(253)) - 36847f54-85ee-4d0b-96a5-61a90c070d38@group-26117E050404: change Leader from null to b253433b-9336-40b9-b5cf-1baec0039647 at term 1 for appendEntries, leader elected after 5186ms
2019-10-14 10:17:07,615 [grpc-default-executor-0] INFO  impl.RaftServerImpl (ServerState.java:setLeader(253)) - ade9b509-d1ed-4779-a19c-4ed96427ff05@group-26117E050404: change Leader from null to b253433b-9336-40b9-b5cf-1baec0039647 at term 1 for appendEntries, leader elected after 5186ms
2019-10-14 10:17:07,618 [grpc-default-executor-0] INFO  impl.RaftServerImpl (ServerState.java:setRaftConf(354)) - 36847f54-85ee-4d0b-96a5-61a90c070d38@group-26117E050404: set configuration 0: [ade9b509-d1ed-4779-a19c-4ed96427ff05:192.168.164.214:46824, 36847f54-85ee-4d0b-96a5-61a90c070d38:192.168.164.214:45241, b253433b-9336-40b9-b5cf-1baec0039647:192.168.164.214:34997], old=null at 0
2019-10-14 10:17:07,618 [grpc-default-executor-2] INFO  impl.RaftServerImpl (ServerState.java:setRaftConf(354)) - ade9b509-d1ed-4779-a19c-4ed96427ff05@group-26117E050404: set configuration 0: [ade9b509-d1ed-4779-a19c-4ed96427ff05:192.168.164.214:46824, 36847f54-85ee-4d0b-96a5-61a90c070d38:192.168.164.214:45241, b253433b-9336-40b9-b5cf-1baec0039647:192.168.164.214:34997], old=null at 0
2019-10-14 10:17:07,618 [grpc-default-executor-0] INFO  segmented.SegmentedRaftLogWorker (SegmentedRaftLogWorker.java:startLogSegment(380)) - 36847f54-85ee-4d0b-96a5-61a90c070d38@group-26117E050404-SegmentedRaftLogWorker: Starting segment from index:0
2019-10-14 10:17:07,618 [grpc-default-executor-2] INFO  segmented.SegmentedRaftLogWorker (SegmentedRaftLogWorker.java:startLogSegment(380)) - ade9b509-d1ed-4779-a19c-4ed96427ff05@group-26117E050404-SegmentedRaftLogWorker: Starting segment from index:0
2019-10-14 10:17:07,630 [ade9b509-d1ed-4779-a19c-4ed96427ff05@group-8139AAFAC97D:LeaderElection33] INFO  impl.LeaderElection (LeaderElection.java:askForVotes(182)) - ade9b509-d1ed-4779-a19c-4ed96427ff05@group-8139AAFAC97D:LeaderElection33: begin an election at term 1 for -1: [ade9b509-d1ed-4779-a19c-4ed96427ff05:192.168.164.214:46824, 36847f54-85ee-4d0b-96a5-61a90c070d38:192.168.164.214:45241, b253433b-9336-40b9-b5cf-1baec0039647:192.168.164.214:34997], old=null
2019-10-14 10:17:07,658 [grpc-default-executor-2] INFO  impl.RaftServerImpl (RaftServerImpl.java:setRole(174)) - b253433b-9336-40b9-b5cf-1baec0039647@group-8139AAFAC97D: changes role from  FOLLOWER to FOLLOWER at term 1 for recognizeCandidate:ade9b509-d1ed-4779-a19c-4ed96427ff05
2019-10-14 10:17:07,658 [Thread-924] INFO  impl.FollowerState (FollowerState.java:run(106)) - 36847f54-85ee-4d0b-96a5-61a90c070d38:group-8139AAFAC97D changes to CANDIDATE, lastRpcTime:5110, electionTimeout:5097ms
2019-10-14 10:17:07,659 [grpc-default-executor-2] INFO  impl.RoleInfo (RoleInfo.java:shutdownFollowerState(121)) - b253433b-9336-40b9-b5cf-1baec0039647: shutdown FollowerState
2019-10-14 10:17:07,659 [Thread-924] INFO  impl.RoleInfo (RoleInfo.java:shutdownFollowerState(121)) - 36847f54-85ee-4d0b-96a5-61a90c070d38: shutdown FollowerState
2019-10-14 10:17:07,661 [grpc-default-executor-2] INFO  impl.RoleInfo (RoleInfo.java:updateAndGet(143)) - b253433b-9336-40b9-b5cf-1baec0039647: start FollowerState
2019-10-14 10:17:07,661 [Thread-926] INFO  impl.FollowerState (FollowerState.java:run(115)) - b253433b-9336-40b9-b5cf-1baec0039647: FollowerState was interrupted: java.lang.InterruptedException: sleep interrupted
2019-10-14 10:17:07,661 [Thread-924] INFO  impl.RaftServerImpl (RaftServerImpl.java:setRole(174)) - 36847f54-85ee-4d0b-96a5-61a90c070d38@group-8139AAFAC97D: changes role from  FOLLOWER to CANDIDATE at term 0 for changeToCandidate
2019-10-14 10:17:07,664 [Thread-924] INFO  impl.RoleInfo (RoleInfo.java:updateAndGet(143)) - 36847f54-85ee-4d0b-96a5-61a90c070d38: start LeaderElection
2019-10-14 10:17:07,668 [grpc-default-executor-0] INFO  impl.RaftServerImpl (RaftServerImpl.java:setRole(174)) - 36847f54-85ee-4d0b-96a5-61a90c070d38@group-8139AAFAC97D: changes role from CANDIDATE to FOLLOWER at term 1 for recognizeCandidate:ade9b509-d1ed-4779-a19c-4ed96427ff05
2019-10-14 10:17:07,668 [grpc-default-executor-0] INFO  impl.RoleInfo (RoleInfo.java:shutdownLeaderElection(134)) - 36847f54-85ee-4d0b-96a5-61a90c070d38: shutdown LeaderElection
2019-10-14 10:17:07,669 [grpc-default-executor-0] INFO  impl.RoleInfo (RoleInfo.java:updateAndGet(143)) - 36847f54-85ee-4d0b-96a5-61a90c070d38: start FollowerState
2019-10-14 10:17:07,680 [ade9b509-d1ed-4779-a19c-4ed96427ff05@group-26117E050404-SegmentedRaftLogWorker] INFO  segmented.SegmentedRaftLogWorker (SegmentedRaftLogWorker.java:execute(569)) - ade9b509-d1ed-4779-a19c-4ed96427ff05@group-26117E050404-SegmentedRaftLogWorker: created new log segment /workdir/hadoop-ozone/ozonefs/target/test-dir/MiniOzoneClusterImpl-c76d7c66-f44c-4dfc-a708-d16c084e1c14/datanode-6/data/ratis/d75ad1da-18ab-48d1-94b5-26117e050404/current/log_inprogress_0
2019-10-14 10:17:07,680 [36847f54-85ee-4d0b-96a5-61a90c070d38@group-26117E050404-SegmentedRaftLogWorker] INFO  segmented.SegmentedRaftLogWorker (SegmentedRaftLogWorker.java:execute(569)) - 36847f54-85ee-4d0b-96a5-61a90c070d38@group-26117E050404-SegmentedRaftLogWorker: created new log segment /workdir/hadoop-ozone/ozonefs/target/test-dir/MiniOzoneClusterImpl-c76d7c66-f44c-4dfc-a708-d16c084e1c14/datanode-4/data/ratis/d75ad1da-18ab-48d1-94b5-26117e050404/current/log_inprogress_0
2019-10-14 10:17:07,680 [b253433b-9336-40b9-b5cf-1baec0039647@group-26117E050404-SegmentedRaftLogWorker] INFO  segmented.SegmentedRaftLogWorker (SegmentedRaftLogWorker.java:execute(569)) - b253433b-9336-40b9-b5cf-1baec0039647@group-26117E050404-SegmentedRaftLogWorker: created new log segment /workdir/hadoop-ozone/ozonefs/target/test-dir/MiniOzoneClusterImpl-c76d7c66-f44c-4dfc-a708-d16c084e1c14/datanode-3/data/ratis/d75ad1da-18ab-48d1-94b5-26117e050404/current/log_inprogress_0
2019-10-14 10:17:07,684 [ade9b509-d1ed-4779-a19c-4ed96427ff05@group-8139AAFAC97D:LeaderElection33] INFO  impl.LeaderElection (LeaderElection.java:logAndReturn(56)) - ade9b509-d1ed-4779-a19c-4ed96427ff05@group-8139AAFAC97D:LeaderElection33: Election PASSED; received 1 response(s) [ade9b509-d1ed-4779-a19c-4ed96427ff05<-b253433b-9336-40b9-b5cf-1baec0039647#0:OK-t1] and 0 exception(s); ade9b509-d1ed-4779-a19c-4ed96427ff05@group-8139AAFAC97D:t1, leader=null, voted=ade9b509-d1ed-4779-a19c-4ed96427ff05, raftlog=ade9b509-d1ed-4779-a19c-4ed96427ff05@group-8139AAFAC97D-SegmentedRaftLog:OPENED:c-1,f-1,i0, conf=-1: [ade9b509-d1ed-4779-a19c-4ed96427ff05:192.168.164.214:46824, 36847f54-85ee-4d0b-96a5-61a90c070d38:192.168.164.214:45241, b253433b-9336-40b9-b5cf-1baec0039647:192.168.164.214:34997], old=null
2019-10-14 10:17:07,684 [ade9b509-d1ed-4779-a19c-4ed96427ff05@group-8139AAFAC97D:LeaderElection33] INFO  impl.RoleInfo (RoleInfo.java:shutdownLeaderElection(134)) - ade9b509-d1ed-4779-a19c-4ed96427ff05: shutdown LeaderElection
2019-10-14 10:17:07,684 [ade9b509-d1ed-4779-a19c-4ed96427ff05@group-8139AAFAC97D:LeaderElection33] INFO  impl.RaftServerImpl (RaftServerImpl.java:setRole(174)) - ade9b509-d1ed-4779-a19c-4ed96427ff05@group-8139AAFAC97D: changes role from CANDIDATE to LEADER at term 1 for changeToLeader
2019-10-14 10:17:07,684 [ade9b509-d1ed-4779-a19c-4ed96427ff05@group-8139AAFAC97D:LeaderElection33] INFO  impl.RaftServerImpl (ServerState.java:setLeader(253)) - ade9b509-d1ed-4779-a19c-4ed96427ff05@group-8139AAFAC97D: change Leader from null to ade9b509-d1ed-4779-a19c-4ed96427ff05 at term 1 for becomeLeader, leader elected after 5154ms
2019-10-14 10:17:07,685 [ade9b509-d1ed-4779-a19c-4ed96427ff05@group-8139AAFAC97D:LeaderElection33] INFO  server.RaftServerConfigKeys (ConfUtils.java:logGet(43)) - raft.server.staging.catchup.gap = 1000 (default)
2019-10-14 10:17:07,685 [ade9b509-d1ed-4779-a19c-4ed96427ff05@group-8139AAFAC97D:LeaderElection33] INFO  server.RaftServerConfigKeys (ConfUtils.java:logGet(43)) - raft.server.rpc.sleep.time = 25ms (default)
2019-10-14 10:17:07,685 [ade9b509-d1ed-4779-a19c-4ed96427ff05@group-8139AAFAC97D:LeaderElection33] INFO  server.RaftServerConfigKeys (ConfUtils.java:logGet(43)) - raft.server.write.element-limit = 4096 (default)
2019-10-14 10:17:07,685 [ade9b509-d1ed-4779-a19c-4ed96427ff05@group-8139AAFAC97D:LeaderElection33] INFO  server.RaftServerConfigKeys (ConfUtils.java:logGet(43)) - raft.server.watch.timeout = 10s (default)
2019-10-14 10:17:07,685 [ade9b509-d1ed-4779-a19c-4ed96427ff05@group-8139AAFAC97D:LeaderElection33] INFO  server.RaftServerConfigKeys (ConfUtils.java:logGet(43)) - raft.server.watch.timeout.denomination = 1s (default)
2019-10-14 10:17:07,686 [ade9b509-d1ed-4779-a19c-4ed96427ff05@group-8139AAFAC97D:LeaderElection33] INFO  server.RaftServerConfigKeys (ConfUtils.java:logGet(43)) - raft.server.watch.element-limit = 65536 (default)
2019-10-14 10:17:07,689 [ade9b509-d1ed-4779-a19c-4ed96427ff05@group-8139AAFAC97D:LeaderElection33] INFO  server.RaftServerConfigKeys (ConfUtils.java:logGet(43)) - raft.server.log.appender.snapshot.chunk.size.max = 16MB (=16777216) (default)
2019-10-14 10:17:07,689 [ade9b509-d1ed-4779-a19c-4ed96427ff05@group-8139AAFAC97D:LeaderElection33] INFO  server.RaftServerConfigKeys (ConfUtils.java:logGet(43)) - raft.server.log.appender.buffer.byte-limit = 33554432 (custom)
2019-10-14 10:17:07,689 [ade9b509-d1ed-4779-a19c-4ed96427ff05@group-8139AAFAC97D:LeaderElection33] INFO  server.RaftServerConfigKeys (ConfUtils.java:logGet(43)) - raft.server.log.appender.buffer.element-limit = 1 (custom)
2019-10-14 10:17:07,689 [ade9b509-d1ed-4779-a19c-4ed96427ff05@group-8139AAFAC97D:LeaderElection33] INFO  grpc.GrpcConfigKeys$Server (ConfUtils.java:logGet(43)) - raft.grpc.server.leader.outstanding.appends.max = 128 (default)
2019-10-14 10:17:07,690 [ade9b509-d1ed-4779-a19c-4ed96427ff05@group-8139AAFAC97D:LeaderElection33] INFO  server.RaftServerConfigKeys (ConfUtils.java:logGet(43)) - raft.server.rpc.request.timeout = 3000ms (default)
2019-10-14 10:17:07,690 [ade9b509-d1ed-4779-a19c-4ed96427ff05@group-8139AAFAC97D:LeaderElection33] INFO  server.RaftServerConfigKeys (ConfUtils.java:logGet(43)) - raft.server.log.appender.install.snapshot.enabled = false (custom)
2019-10-14 10:17:07,690 [ade9b509-d1ed-4779-a19c-4ed96427ff05@group-8139AAFAC97D:LeaderElection33] INFO  server.RaftServerConfigKeys (ConfUtils.java:logGet(43)) - raft.server.log.appender.snapshot.chunk.size.max = 16MB (=16777216) (default)
2019-10-14 10:17:07,690 [ade9b509-d1ed-4779-a19c-4ed96427ff05@group-8139AAFAC97D:LeaderElection33] INFO  server.RaftServerConfigKeys (ConfUtils.java:logGet(43)) - raft.server.log.appender.buffer.byte-limit = 33554432 (custom)
2019-10-14 10:17:07,690 [ade9b509-d1ed-4779-a19c-4ed96427ff05@group-8139AAFAC97D:LeaderElection33] INFO  server.RaftServerConfigKeys (ConfUtils.java:logGet(43)) - raft.server.log.appender.buffer.element-limit = 1 (custom)
2019-10-14 10:17:07,691 [ade9b509-d1ed-4779-a19c-4ed96427ff05@group-8139AAFAC97D:LeaderElection33] INFO  grpc.GrpcConfigKeys$Server (ConfUtils.java:logGet(43)) - raft.grpc.server.leader.outstanding.appends.max = 128 (default)
2019-10-14 10:17:07,691 [ade9b509-d1ed-4779-a19c-4ed96427ff05@group-8139AAFAC97D:LeaderElection33] INFO  server.RaftServerConfigKeys (ConfUtils.java:logGet(43)) - raft.server.rpc.request.timeout = 3000ms (default)
2019-10-14 10:17:07,691 [ade9b509-d1ed-4779-a19c-4ed96427ff05@group-8139AAFAC97D:LeaderElection33] INFO  server.RaftServerConfigKeys (ConfUtils.java:logGet(43)) - raft.server.log.appender.install.snapshot.enabled = false (custom)
2019-10-14 10:17:07,691 [ade9b509-d1ed-4779-a19c-4ed96427ff05@group-8139AAFAC97D:LeaderElection33] INFO  impl.RoleInfo (RoleInfo.java:updateAndGet(143)) - ade9b509-d1ed-4779-a19c-4ed96427ff05: start LeaderState
2019-10-14 10:17:07,691 [ade9b509-d1ed-4779-a19c-4ed96427ff05@group-8139AAFAC97D:LeaderElection33] INFO  segmented.SegmentedRaftLogWorker (SegmentedRaftLogWorker.java:startLogSegment(380)) - ade9b509-d1ed-4779-a19c-4ed96427ff05@group-8139AAFAC97D-SegmentedRaftLogWorker: Starting segment from index:0
2019-10-14 10:17:07,692 [ade9b509-d1ed-4779-a19c-4ed96427ff05@group-8139AAFAC97D:LeaderElection33] INFO  impl.RaftServerImpl (ServerState.java:setRaftConf(354)) - ade9b509-d1ed-4779-a19c-4ed96427ff05@group-8139AAFAC97D: set configuration 0: [ade9b509-d1ed-4779-a19c-4ed96427ff05:192.168.164.214:46824, 36847f54-85ee-4d0b-96a5-61a90c070d38:192.168.164.214:45241, b253433b-9336-40b9-b5cf-1baec0039647:192.168.164.214:34997], old=null at 0
2019-10-14 10:17:07,694 [Thread-933] INFO  impl.FollowerState (FollowerState.java:run(106)) - b45a675e-aeff-4ba4-9b40-8f6156737b33:group-EF1483759AD9 changes to CANDIDATE, lastRpcTime:5015, electionTimeout:5015ms
2019-10-14 10:17:07,734 [Thread-931] INFO  impl.FollowerState (FollowerState.java:run(106)) - 9e658c07-1fa4-4268-bcc4-d82f6334c8fc:group-EF1483759AD9 changes to CANDIDATE, lastRpcTime:5063, electionTimeout:5035ms
2019-10-14 10:17:07,734 [Thread-933] INFO  impl.RoleInfo (RoleInfo.java:shutdownFollowerState(121)) - b45a675e-aeff-4ba4-9b40-8f6156737b33: shutdown FollowerState
2019-10-14 10:17:07,734 [grpc-default-executor-1] INFO  impl.RaftServerImpl (ServerState.java:setLeader(253)) - 36847f54-85ee-4d0b-96a5-61a90c070d38@group-8139AAFAC97D: change Leader from null to ade9b509-d1ed-4779-a19c-4ed96427ff05 at term 1 for appendEntries, leader elected after 5204ms
2019-10-14 10:17:07,734 [Thread-933] INFO  impl.RaftServerImpl (RaftServerImpl.java:setRole(174)) - b45a675e-aeff-4ba4-9b40-8f6156737b33@group-EF1483759AD9: changes role from  FOLLOWER to CANDIDATE at term 0 for changeToCandidate
2019-10-14 10:17:07,734 [grpc-default-executor-2] INFO  impl.RaftServerImpl (ServerState.java:setLeader(253)) - b253433b-9336-40b9-b5cf-1baec0039647@group-8139AAFAC97D: change Leader from null to ade9b509-d1ed-4779-a19c-4ed96427ff05 at term 1 for appendEntries, leader elected after 5204ms
2019-10-14 10:17:07,734 [Thread-931] INFO  impl.RoleInfo (RoleInfo.java:shutdownFollowerState(121)) - 9e658c07-1fa4-4268-bcc4-d82f6334c8fc: shutdown FollowerState
2019-10-14 10:17:07,735 [Thread-933] INFO  impl.RoleInfo (RoleInfo.java:updateAndGet(143)) - b45a675e-aeff-4ba4-9b40-8f6156737b33: start LeaderElection
2019-10-14 10:17:07,734 [36847f54-85ee-4d0b-96a5-61a90c070d38@group-8139AAFAC97D:LeaderElection34] INFO  impl.RaftServerImpl (ServerState.java:setLeader(253)) - 36847f54-85ee-4d0b-96a5-61a90c070d38@group-8139AAFAC97D: change Leader from ade9b509-d1ed-4779-a19c-4ed96427ff05 to null at term 1 for initElection
2019-10-14 10:17:07,738 [Thread-931] INFO  impl.RaftServerImpl (RaftServerImpl.java:setRole(174)) - 9e658c07-1fa4-4268-bcc4-d82f6334c8fc@group-EF1483759AD9: changes role from  FOLLOWER to CANDIDATE at term 0 for changeToCandidate
2019-10-14 10:17:07,749 [Thread-931] INFO  impl.RoleInfo (RoleInfo.java:updateAndGet(143)) - 9e658c07-1fa4-4268-bcc4-d82f6334c8fc: start LeaderElection
2019-10-14 10:17:07,756 [Thread-934] INFO  impl.FollowerState (FollowerState.java:run(106)) - 685ecb0d-c002-4fd0-97ff-08a2904709e1:group-EF1483759AD9 changes to CANDIDATE, lastRpcTime:5075, electionTimeout:5075ms
2019-10-14 10:17:07,757 [Thread-934] INFO  impl.RoleInfo (RoleInfo.java:shutdownFollowerState(121)) - 685ecb0d-c002-4fd0-97ff-08a2904709e1: shutdown FollowerState
2019-10-14 10:17:07,757 [Thread-934] INFO  impl.RaftServerImpl (RaftServerImpl.java:setRole(174)) - 685ecb0d-c002-4fd0-97ff-08a2904709e1@group-EF1483759AD9: changes role from  FOLLOWER to CANDIDATE at term 0 for changeToCandidate
2019-10-14 10:17:07,757 [ade9b509-d1ed-4779-a19c-4ed96427ff05@group-8139AAFAC97D-SegmentedRaftLogWorker] INFO  segmented.SegmentedRaftLogWorker (SegmentedRaftLogWorker.java:execute(569)) - ade9b509-d1ed-4779-a19c-4ed96427ff05@group-8139AAFAC97D-SegmentedRaftLogWorker: created new log segment /workdir/hadoop-ozone/ozonefs/target/test-dir/MiniOzoneClusterImpl-c76d7c66-f44c-4dfc-a708-d16c084e1c14/datanode-6/data/ratis/c1f82b03-783f-4898-a50a-8139aafac97d/current/log_inprogress_0
2019-10-14 10:17:07,757 [Thread-934] INFO  impl.RoleInfo (RoleInfo.java:updateAndGet(143)) - 685ecb0d-c002-4fd0-97ff-08a2904709e1: start LeaderElection
2019-10-14 10:17:07,765 [grpc-default-executor-2] INFO  impl.RaftServerImpl (ServerState.java:setRaftConf(354)) - b253433b-9336-40b9-b5cf-1baec0039647@group-8139AAFAC97D: set configuration 0: [ade9b509-d1ed-4779-a19c-4ed96427ff05:192.168.164.214:46824, 36847f54-85ee-4d0b-96a5-61a90c070d38:192.168.164.214:45241, b253433b-9336-40b9-b5cf-1baec0039647:192.168.164.214:34997], old=null at 0
2019-10-14 10:17:07,766 [grpc-default-executor-2] INFO  segmented.SegmentedRaftLogWorker (SegmentedRaftLogWorker.java:startLogSegment(380)) - b253433b-9336-40b9-b5cf-1baec0039647@group-8139AAFAC97D-SegmentedRaftLogWorker: Starting segment from index:0
2019-10-14 10:17:07,773 [Thread-941] INFO  impl.FollowerState (FollowerState.java:run(106)) - b45a675e-aeff-4ba4-9b40-8f6156737b33:group-1047010A7D5C changes to CANDIDATE, lastRpcTime:5002, electionTimeout:5002ms
2019-10-14 10:17:07,773 [Thread-941] INFO  impl.RoleInfo (RoleInfo.java:shutdownFollowerState(121)) - b45a675e-aeff-4ba4-9b40-8f6156737b33: shutdown FollowerState
2019-10-14 10:17:07,773 [Thread-941] INFO  impl.RaftServerImpl (RaftServerImpl.java:setRole(174)) - b45a675e-aeff-4ba4-9b40-8f6156737b33@group-1047010A7D5C: changes role from  FOLLOWER to CANDIDATE at term 0 for changeToCandidate
2019-10-14 10:17:07,774 [Thread-941] INFO  impl.RoleInfo (RoleInfo.java:updateAndGet(143)) - b45a675e-aeff-4ba4-9b40-8f6156737b33: start LeaderElection
2019-10-14 10:17:07,807 [685ecb0d-c002-4fd0-97ff-08a2904709e1@group-EF1483759AD9:LeaderElection37] INFO  impl.LeaderElection (LeaderElection.java:askForVotes(182)) - 685ecb0d-c002-4fd0-97ff-08a2904709e1@group-EF1483759AD9:LeaderElection37: begin an election at term 1 for -1: [685ecb0d-c002-4fd0-97ff-08a2904709e1:192.168.164.214:33521, 9e658c07-1fa4-4268-bcc4-d82f6334c8fc:192.168.164.214:44135, b45a675e-aeff-4ba4-9b40-8f6156737b33:192.168.164.214:45207], old=null
2019-10-14 10:17:07,813 [9e658c07-1fa4-4268-bcc4-d82f6334c8fc@group-EF1483759AD9:LeaderElection36] INFO  impl.LeaderElection (LeaderElection.java:askForVotes(182)) - 9e658c07-1fa4-4268-bcc4-d82f6334c8fc@group-EF1483759AD9:LeaderElection36: begin an election at term 1 for -1: [685ecb0d-c002-4fd0-97ff-08a2904709e1:192.168.164.214:33521, 9e658c07-1fa4-4268-bcc4-d82f6334c8fc:192.168.164.214:44135, b45a675e-aeff-4ba4-9b40-8f6156737b33:192.168.164.214:45207], old=null
2019-10-14 10:17:07,813 [36847f54-85ee-4d0b-96a5-61a90c070d38@group-8139AAFAC97D:LeaderElection34] INFO  impl.LeaderElection (LeaderElection.java:askForVotes(182)) - 36847f54-85ee-4d0b-96a5-61a90c070d38@group-8139AAFAC97D:LeaderElection34: begin an election at term 2 for -1: [ade9b509-d1ed-4779-a19c-4ed96427ff05:192.168.164.214:46824, 36847f54-85ee-4d0b-96a5-61a90c070d38:192.168.164.214:45241, b253433b-9336-40b9-b5cf-1baec0039647:192.168.164.214:34997], old=null
2019-10-14 10:17:07,807 [b45a675e-aeff-4ba4-9b40-8f6156737b33@group-EF1483759AD9:LeaderElection35] INFO  impl.LeaderElection (LeaderElection.java:askForVotes(182)) - b45a675e-aeff-4ba4-9b40-8f6156737b33@group-EF1483759AD9:LeaderElection35: begin an election at term 1 for -1: [685ecb0d-c002-4fd0-97ff-08a2904709e1:192.168.164.214:33521, 9e658c07-1fa4-4268-bcc4-d82f6334c8fc:192.168.164.214:44135, b45a675e-aeff-4ba4-9b40-8f6156737b33:192.168.164.214:45207], old=null
2019-10-14 10:17:07,814 [36847f54-85ee-4d0b-96a5-61a90c070d38@group-8139AAFAC97D:LeaderElection34] INFO  impl.LeaderElection (LeaderElection.java:logAndReturn(56)) - 36847f54-85ee-4d0b-96a5-61a90c070d38@group-8139AAFAC97D:LeaderElection34: Election REJECTED; received 0 response(s) [] and 0 exception(s); 36847f54-85ee-4d0b-96a5-61a90c070d38@group-8139AAFAC97D:t2, leader=null, voted=36847f54-85ee-4d0b-96a5-61a90c070d38, raftlog=36847f54-85ee-4d0b-96a5-61a90c070d38@group-8139AAFAC97D-SegmentedRaftLog:OPENED:c-1,f-1,i0, conf=-1: [ade9b509-d1ed-4779-a19c-4ed96427ff05:192.168.164.214:46824, 36847f54-85ee-4d0b-96a5-61a90c070d38:192.168.164.214:45241, b253433b-9336-40b9-b5cf-1baec0039647:192.168.164.214:34997], old=null
2019-10-14 10:17:07,818 [grpc-default-executor-3] INFO  impl.RaftServerImpl (ServerState.java:setLeader(253)) - b253433b-9336-40b9-b5cf-1baec0039647@group-8139AAFAC97D: change Leader from ade9b509-d1ed-4779-a19c-4ed96427ff05 to null at term 2 for updateCurrentTerm
2019-10-14 10:17:07,819 [grpc-default-executor-3] INFO  impl.RaftServerImpl (RaftServerImpl.java:setRole(174)) - b253433b-9336-40b9-b5cf-1baec0039647@group-8139AAFAC97D: changes role from  FOLLOWER to FOLLOWER at term 2 for recognizeCandidate:36847f54-85ee-4d0b-96a5-61a90c070d38
2019-10-14 10:17:07,819 [grpc-default-executor-3] INFO  impl.RoleInfo (RoleInfo.java:shutdownFollowerState(121)) - b253433b-9336-40b9-b5cf-1baec0039647: shutdown FollowerState
2019-10-14 10:17:07,819 [grpc-default-executor-3] INFO  impl.RoleInfo (RoleInfo.java:updateAndGet(143)) - b253433b-9336-40b9-b5cf-1baec0039647: start FollowerState
2019-10-14 10:17:07,819 [Thread-1002] INFO  impl.FollowerState (FollowerState.java:run(115)) - b253433b-9336-40b9-b5cf-1baec0039647: FollowerState was interrupted: java.lang.InterruptedException: sleep interrupted
2019-10-14 10:17:07,840 [b253433b-9336-40b9-b5cf-1baec0039647@group-8139AAFAC97D-SegmentedRaftLogWorker] INFO  segmented.SegmentedRaftLogWorker (SegmentedRaftLogWorker.java:execute(569)) - b253433b-9336-40b9-b5cf-1baec0039647@group-8139AAFAC97D-SegmentedRaftLogWorker: created new log segment /workdir/hadoop-ozone/ozonefs/target/test-dir/MiniOzoneClusterImpl-c76d7c66-f44c-4dfc-a708-d16c084e1c14/datanode-3/data/ratis/c1f82b03-783f-4898-a50a-8139aafac97d/current/log_inprogress_0
2019-10-14 10:17:07,840 [b45a675e-aeff-4ba4-9b40-8f6156737b33@group-1047010A7D5C:LeaderElection38] INFO  impl.LeaderElection (LeaderElection.java:askForVotes(182)) - b45a675e-aeff-4ba4-9b40-8f6156737b33@group-1047010A7D5C:LeaderElection38: begin an election at term 1 for -1: [685ecb0d-c002-4fd0-97ff-08a2904709e1:192.168.164.214:33521, 9e658c07-1fa4-4268-bcc4-d82f6334c8fc:192.168.164.214:44135, b45a675e-aeff-4ba4-9b40-8f6156737b33:192.168.164.214:45207], old=null
2019-10-14 10:17:07,840 [grpc-default-executor-2] INFO  impl.RaftServerImpl (ServerState.java:setLeader(253)) - ade9b509-d1ed-4779-a19c-4ed96427ff05@group-8139AAFAC97D: change Leader from ade9b509-d1ed-4779-a19c-4ed96427ff05 to null at term 2 for updateCurrentTerm
2019-10-14 10:17:07,841 [grpc-default-executor-2] INFO  impl.RaftServerImpl (RaftServerImpl.java:setRole(174)) - ade9b509-d1ed-4779-a19c-4ed96427ff05@group-8139AAFAC97D: changes role from    LEADER to FOLLOWER at term 2 for recognizeCandidate:36847f54-85ee-4d0b-96a5-61a90c070d38
2019-10-14 10:17:07,841 [grpc-default-executor-2] INFO  impl.RoleInfo (RoleInfo.java:shutdownLeaderState(104)) - ade9b509-d1ed-4779-a19c-4ed96427ff05: shutdown LeaderState
2019-10-14 10:17:07,846 [org.apache.ratis.server.impl.LogAppender$AppenderDaemon$$Lambda$230/1214125698@1e9db599] WARN  server.GrpcLogAppender (GrpcLogAppender.java:mayWait(143)) - ade9b509-d1ed-4779-a19c-4ed96427ff05@group-8139AAFAC97D->b253433b-9336-40b9-b5cf-1baec0039647-GrpcLogAppender: Wait interrupted by java.lang.InterruptedException
2019-10-14 10:17:07,846 [org.apache.ratis.server.impl.LogAppender$AppenderDaemon$$Lambda$230/1214125698@5310d295] WARN  server.GrpcLogAppender (GrpcLogAppender.java:mayWait(143)) - ade9b509-d1ed-4779-a19c-4ed96427ff05@group-8139AAFAC97D->36847f54-85ee-4d0b-96a5-61a90c070d38-GrpcLogAppender: Wait interrupted by java.lang.InterruptedException
2019-10-14 10:17:07,847 [grpc-default-executor-0] INFO  server.GrpcServerProtocolService (GrpcServerProtocolService.java:onCompleted(113)) - 36847f54-85ee-4d0b-96a5-61a90c070d38: Completed APPEND_ENTRIES, lastRequest: ade9b509-d1ed-4779-a19c-4ed96427ff05->36847f54-85ee-4d0b-96a5-61a90c070d38#1-t1, previous=(t:0, i:0), leaderCommit=0, initializing? false, entries: size=1, first=(t:1, i:0), CONFIGURATIONENTRY
2019-10-14 10:17:07,847 [grpc-default-executor-2] INFO  impl.PendingRequests (PendingRequests.java:sendNotLeaderResponses(202)) - ade9b509-d1ed-4779-a19c-4ed96427ff05-PendingRequests: sendNotLeaderResponses
2019-10-14 10:17:07,848 [grpc-default-executor-2] INFO  impl.RoleInfo (RoleInfo.java:updateAndGet(143)) - ade9b509-d1ed-4779-a19c-4ed96427ff05: start FollowerState
2019-10-14 10:17:07,848 [grpc-default-executor-5] INFO  server.GrpcServerProtocolService (GrpcServerProtocolService.java:onCompleted(113)) - b253433b-9336-40b9-b5cf-1baec0039647: Completed APPEND_ENTRIES, lastRequest: ade9b509-d1ed-4779-a19c-4ed96427ff05->b253433b-9336-40b9-b5cf-1baec0039647#1-t1, previous=(t:0, i:0), leaderCommit=-1, initializing? false, entries: size=1, first=(t:1, i:0), CONFIGURATIONENTRY
2019-10-14 10:17:07,851 [grpc-default-executor-1] INFO  impl.RaftServerImpl (RaftServerImpl.java:setRole(174)) - 685ecb0d-c002-4fd0-97ff-08a2904709e1@group-1047010A7D5C: changes role from  FOLLOWER to FOLLOWER at term 1 for recognizeCandidate:b45a675e-aeff-4ba4-9b40-8f6156737b33
2019-10-14 10:17:07,852 [grpc-default-executor-1] INFO  impl.RoleInfo (RoleInfo.java:shutdownFollowerState(121)) - 685ecb0d-c002-4fd0-97ff-08a2904709e1: shutdown FollowerState
2019-10-14 10:17:07,852 [grpc-default-executor-4] INFO  server.GrpcLogAppender (GrpcLogAppender.java:onCompleted(293)) - ade9b509-d1ed-4779-a19c-4ed96427ff05@group-8139AAFAC97D->36847f54-85ee-4d0b-96a5-61a90c070d38-AppendLogResponseHandler: follower responses appendEntries COMPLETED
2019-10-14 10:17:07,854 [Thread-945] INFO  impl.FollowerState (FollowerState.java:run(115)) - 685ecb0d-c002-4fd0-97ff-08a2904709e1: FollowerState was interrupted: java.lang.InterruptedException: sleep interrupted
2019-10-14 10:17:07,852 [grpc-default-executor-1] INFO  impl.RoleInfo (RoleInfo.java:updateAndGet(143)) - 685ecb0d-c002-4fd0-97ff-08a2904709e1: start FollowerState
2019-10-14 10:17:07,855 [grpc-default-executor-4] INFO  impl.FollowerInfo (FollowerInfo.java:lambda$new$0(51)) - ade9b509-d1ed-4779-a19c-4ed96427ff05@group-8139AAFAC97D->36847f54-85ee-4d0b-96a5-61a90c070d38: nextIndex: updateUnconditionally 1 -> 0
2019-10-14 10:17:07,855 [grpc-default-executor-4] INFO  server.GrpcLogAppender (GrpcLogAppender.java:onCompleted(293)) - ade9b509-d1ed-4779-a19c-4ed96427ff05@group-8139AAFAC97D->b253433b-9336-40b9-b5cf-1baec0039647-AppendLogResponseHandler: follower responses appendEntries COMPLETED
2019-10-14 10:17:07,860 [grpc-default-executor-4] INFO  impl.FollowerInfo (FollowerInfo.java:lambda$new$0(51)) - ade9b509-d1ed-4779-a19c-4ed96427ff05@group-8139AAFAC97D->b253433b-9336-40b9-b5cf-1baec0039647: nextIndex: updateUnconditionally 1 -> 0
2019-10-14 10:17:07,865 [685ecb0d-c002-4fd0-97ff-08a2904709e1@group-EF1483759AD9:LeaderElection37] INFO  impl.LeaderElection (LeaderElection.java:logAndReturn(56)) - 685ecb0d-c002-4fd0-97ff-08a2904709e1@group-EF1483759AD9:LeaderElection37: Election REJECTED; received 2 response(s) [685ecb0d-c002-4fd0-97ff-08a2904709e1<-9e658c07-1fa4-4268-bcc4-d82f6334c8fc#0:FAIL-t1, 685ecb0d-c002-4fd0-97ff-08a2904709e1<-b45a675e-aeff-4ba4-9b40-8f6156737b33#0:FAIL-t1] and 0 exception(s); 685ecb0d-c002-4fd0-97ff-08a2904709e1@group-EF1483759AD9:t1, leader=null, voted=685ecb0d-c002-4fd0-97ff-08a2904709e1, raftlog=685ecb0d-c002-4fd0-97ff-08a2904709e1@group-EF1483759AD9-SegmentedRaftLog:OPENED:c-1,f-1,i0, conf=-1: [685ecb0d-c002-4fd0-97ff-08a2904709e1:192.168.164.214:33521, 9e658c07-1fa4-4268-bcc4-d82f6334c8fc:192.168.164.214:44135, b45a675e-aeff-4ba4-9b40-8f6156737b33:192.168.164.214:45207], old=null
2019-10-14 10:17:07,867 [grpc-default-executor-4] INFO  impl.RaftServerImpl (RaftServerImpl.java:setRole(174)) - 9e658c07-1fa4-4268-bcc4-d82f6334c8fc@group-1047010A7D5C: changes role from  FOLLOWER to FOLLOWER at term 1 for recognizeCandidate:b45a675e-aeff-4ba4-9b40-8f6156737b33
2019-10-14 10:17:07,868 [685ecb0d-c002-4fd0-97ff-08a2904709e1@group-EF1483759AD9:LeaderElection37] INFO  impl.RaftServerImpl (RaftServerImpl.java:setRole(174)) - 685ecb0d-c002-4fd0-97ff-08a2904709e1@group-EF1483759AD9: changes role from CANDIDATE to FOLLOWER at term 1 for DISCOVERED_A_NEW_TERM
2019-10-14 10:17:07,870 [685ecb0d-c002-4fd0-97ff-08a2904709e1@group-EF1483759AD9:LeaderElection37] INFO  impl.RoleInfo (RoleInfo.java:shutdownLeaderElection(134)) - 685ecb0d-c002-4fd0-97ff-08a2904709e1: shutdown LeaderElection
2019-10-14 10:17:07,868 [grpc-default-executor-4] INFO  impl.RoleInfo (RoleInfo.java:shutdownFollowerState(121)) - 9e658c07-1fa4-4268-bcc4-d82f6334c8fc: shutdown FollowerState
2019-10-14 10:17:07,870 [685ecb0d-c002-4fd0-97ff-08a2904709e1@group-EF1483759AD9:LeaderElection37] INFO  impl.RoleInfo (RoleInfo.java:updateAndGet(143)) - 685ecb0d-c002-4fd0-97ff-08a2904709e1: start FollowerState
2019-10-14 10:17:07,871 [grpc-default-executor-4] INFO  impl.RoleInfo (RoleInfo.java:updateAndGet(143)) - 9e658c07-1fa4-4268-bcc4-d82f6334c8fc: start FollowerState
2019-10-14 10:17:07,871 [Thread-943] INFO  impl.FollowerState (FollowerState.java:run(115)) - 9e658c07-1fa4-4268-bcc4-d82f6334c8fc: FollowerState was interrupted: java.lang.InterruptedException: sleep interrupted
2019-10-14 10:17:07,871 [b45a675e-aeff-4ba4-9b40-8f6156737b33@group-EF1483759AD9:LeaderElection35] INFO  impl.LeaderElection (LeaderElection.java:logAndReturn(56)) - b45a675e-aeff-4ba4-9b40-8f6156737b33@group-EF1483759AD9:LeaderElection35: Election REJECTED; received 2 response(s) [b45a675e-aeff-4ba4-9b40-8f6156737b33<-685ecb0d-c002-4fd0-97ff-08a2904709e1#0:FAIL-t1, b45a675e-aeff-4ba4-9b40-8f6156737b33<-9e658c07-1fa4-4268-bcc4-d82f6334c8fc#0:FAIL-t1] and 0 exception(s); b45a675e-aeff-4ba4-9b40-8f6156737b33@group-EF1483759AD9:t1, leader=null, voted=b45a675e-aeff-4ba4-9b40-8f6156737b33, raftlog=b45a675e-aeff-4ba4-9b40-8f6156737b33@group-EF1483759AD9-SegmentedRaftLog:OPENED:c-1,f-1,i0, conf=-1: [685ecb0d-c002-4fd0-97ff-08a2904709e1:192.168.164.214:33521, 9e658c07-1fa4-4268-bcc4-d82f6334c8fc:192.168.164.214:44135, b45a675e-aeff-4ba4-9b40-8f6156737b33:192.168.164.214:45207], old=null
2019-10-14 10:17:07,874 [b45a675e-aeff-4ba4-9b40-8f6156737b33@group-EF1483759AD9:LeaderElection35] INFO  impl.RaftServerImpl (RaftServerImpl.java:setRole(174)) - b45a675e-aeff-4ba4-9b40-8f6156737b33@group-EF1483759AD9: changes role from CANDIDATE to FOLLOWER at term 1 for DISCOVERED_A_NEW_TERM
2019-10-14 10:17:07,874 [b45a675e-aeff-4ba4-9b40-8f6156737b33@group-EF1483759AD9:LeaderElection35] INFO  impl.RoleInfo (RoleInfo.java:shutdownLeaderElection(134)) - b45a675e-aeff-4ba4-9b40-8f6156737b33: shutdown LeaderElection
2019-10-14 10:17:07,874 [b45a675e-aeff-4ba4-9b40-8f6156737b33@group-EF1483759AD9:LeaderElection35] INFO  impl.RoleInfo (RoleInfo.java:updateAndGet(143)) - b45a675e-aeff-4ba4-9b40-8f6156737b33: start FollowerState
2019-10-14 10:17:07,877 [9e658c07-1fa4-4268-bcc4-d82f6334c8fc@group-EF1483759AD9:LeaderElection36] INFO  impl.LeaderElection (LeaderElection.java:logAndReturn(56)) - 9e658c07-1fa4-4268-bcc4-d82f6334c8fc@group-EF1483759AD9:LeaderElection36: Election REJECTED; received 2 response(s) [9e658c07-1fa4-4268-bcc4-d82f6334c8fc<-685ecb0d-c002-4fd0-97ff-08a2904709e1#0:FAIL-t1, 9e658c07-1fa4-4268-bcc4-d82f6334c8fc<-b45a675e-aeff-4ba4-9b40-8f6156737b33#0:FAIL-t1] and 0 exception(s); 9e658c07-1fa4-4268-bcc4-d82f6334c8fc@group-EF1483759AD9:t1, leader=null, voted=9e658c07-1fa4-4268-bcc4-d82f6334c8fc, raftlog=9e658c07-1fa4-4268-bcc4-d82f6334c8fc@group-EF1483759AD9-SegmentedRaftLog:OPENED:c-1,f-1,i0, conf=-1: [685ecb0d-c002-4fd0-97ff-08a2904709e1:192.168.164.214:33521, 9e658c07-1fa4-4268-bcc4-d82f6334c8fc:192.168.164.214:44135, b45a675e-aeff-4ba4-9b40-8f6156737b33:192.168.164.214:45207], old=null
2019-10-14 10:17:07,879 [9e658c07-1fa4-4268-bcc4-d82f6334c8fc@group-EF1483759AD9:LeaderElection36] INFO  impl.RaftServerImpl (RaftServerImpl.java:setRole(174)) - 9e658c07-1fa4-4268-bcc4-d82f6334c8fc@group-EF1483759AD9: changes role from CANDIDATE to FOLLOWER at term 1 for DISCOVERED_A_NEW_TERM
2019-10-14 10:17:07,879 [9e658c07-1fa4-4268-bcc4-d82f6334c8fc@group-EF1483759AD9:LeaderElection36] INFO  impl.RoleInfo (RoleInfo.java:shutdownLeaderElection(134)) - 9e658c07-1fa4-4268-bcc4-d82f6334c8fc: shutdown LeaderElection
2019-10-14 10:17:07,879 [9e658c07-1fa4-4268-bcc4-d82f6334c8fc@group-EF1483759AD9:LeaderElection36] INFO  impl.RoleInfo (RoleInfo.java:updateAndGet(143)) - 9e658c07-1fa4-4268-bcc4-d82f6334c8fc: start FollowerState
2019-10-14 10:17:07,892 [b45a675e-aeff-4ba4-9b40-8f6156737b33@group-1047010A7D5C:LeaderElection38] INFO  impl.LeaderElection (LeaderElection.java:logAndReturn(56)) - b45a675e-aeff-4ba4-9b40-8f6156737b33@group-1047010A7D5C:LeaderElection38: Election PASSED; received 1 response(s) [b45a675e-aeff-4ba4-9b40-8f6156737b33<-685ecb0d-c002-4fd0-97ff-08a2904709e1#0:OK-t1] and 0 exception(s); b45a675e-aeff-4ba4-9b40-8f6156737b33@group-1047010A7D5C:t1, leader=null, voted=b45a675e-aeff-4ba4-9b40-8f6156737b33, raftlog=b45a675e-aeff-4ba4-9b40-8f6156737b33@group-1047010A7D5C-SegmentedRaftLog:OPENED:c-1,f-1,i0, conf=-1: [685ecb0d-c002-4fd0-97ff-08a2904709e1:192.168.164.214:33521, 9e658c07-1fa4-4268-bcc4-d82f6334c8fc:192.168.164.214:44135, b45a675e-aeff-4ba4-9b40-8f6156737b33:192.168.164.214:45207], old=null
2019-10-14 10:17:07,895 [b45a675e-aeff-4ba4-9b40-8f6156737b33@group-1047010A7D5C:LeaderElection38] INFO  impl.RoleInfo (RoleInfo.java:shutdownLeaderElection(134)) - b45a675e-aeff-4ba4-9b40-8f6156737b33: shutdown LeaderElection
2019-10-14 10:17:07,895 [b45a675e-aeff-4ba4-9b40-8f6156737b33@group-1047010A7D5C:LeaderElection38] INFO  impl.RaftServerImpl (RaftServerImpl.java:setRole(174)) - b45a675e-aeff-4ba4-9b40-8f6156737b33@group-1047010A7D5C: changes role from CANDIDATE to LEADER at term 1 for changeToLeader
2019-10-14 10:17:07,895 [b45a675e-aeff-4ba4-9b40-8f6156737b33@group-1047010A7D5C:LeaderElection38] INFO  impl.RaftServerImpl (ServerState.java:setLeader(253)) - b45a675e-aeff-4ba4-9b40-8f6156737b33@group-1047010A7D5C: change Leader from null to b45a675e-aeff-4ba4-9b40-8f6156737b33 at term 1 for becomeLeader, leader elected after 5137ms
2019-10-14 10:17:07,896 [b45a675e-aeff-4ba4-9b40-8f6156737b33@group-1047010A7D5C:LeaderElection38] INFO  server.RaftServerConfigKeys (ConfUtils.java:logGet(43)) - raft.server.staging.catchup.gap = 1000 (default)
2019-10-14 10:17:07,896 [b45a675e-aeff-4ba4-9b40-8f6156737b33@group-1047010A7D5C:LeaderElection38] INFO  server.RaftServerConfigKeys (ConfUtils.java:logGet(43)) - raft.server.rpc.sleep.time = 25ms (default)
2019-10-14 10:17:07,896 [b45a675e-aeff-4ba4-9b40-8f6156737b33@group-1047010A7D5C:LeaderElection38] INFO  server.RaftServerConfigKeys (ConfUtils.java:logGet(43)) - raft.server.write.element-limit = 4096 (default)
2019-10-14 10:17:07,896 [b45a675e-aeff-4ba4-9b40-8f6156737b33@group-1047010A7D5C:LeaderElection38] INFO  server.RaftServerConfigKeys (ConfUtils.java:logGet(43)) - raft.server.watch.timeout = 10s (default)
2019-10-14 10:17:07,896 [b45a675e-aeff-4ba4-9b40-8f6156737b33@group-1047010A7D5C:LeaderElection38] INFO  server.RaftServerConfigKeys (ConfUtils.java:logGet(43)) - raft.server.watch.timeout.denomination = 1s (default)
2019-10-14 10:17:07,896 [b45a675e-aeff-4ba4-9b40-8f6156737b33@group-1047010A7D5C:LeaderElection38] INFO  server.RaftServerConfigKeys (ConfUtils.java:logGet(43)) - raft.server.watch.element-limit = 65536 (default)
2019-10-14 10:17:07,899 [b45a675e-aeff-4ba4-9b40-8f6156737b33@group-1047010A7D5C:LeaderElection38] INFO  server.RaftServerConfigKeys (ConfUtils.java:logGet(43)) - raft.server.log.appender.snapshot.chunk.size.max = 16MB (=16777216) (default)
2019-10-14 10:17:07,900 [b45a675e-aeff-4ba4-9b40-8f6156737b33@group-1047010A7D5C:LeaderElection38] INFO  server.RaftServerConfigKeys (ConfUtils.java:logGet(43)) - raft.server.log.appender.buffer.byte-limit = 33554432 (custom)
2019-10-14 10:17:07,900 [b45a675e-aeff-4ba4-9b40-8f6156737b33@group-1047010A7D5C:LeaderElection38] INFO  server.RaftServerConfigKeys (ConfUtils.java:logGet(43)) - raft.server.log.appender.buffer.element-limit = 1 (custom)
2019-10-14 10:17:07,900 [b45a675e-aeff-4ba4-9b40-8f6156737b33@group-1047010A7D5C:LeaderElection38] INFO  grpc.GrpcConfigKeys$Server (ConfUtils.java:logGet(43)) - raft.grpc.server.leader.outstanding.appends.max = 128 (default)
2019-10-14 10:17:07,900 [b45a675e-aeff-4ba4-9b40-8f6156737b33@group-1047010A7D5C:LeaderElection38] INFO  server.RaftServerConfigKeys (ConfUtils.java:logGet(43)) - raft.server.rpc.request.timeout = 3000ms (default)
2019-10-14 10:17:07,900 [b45a675e-aeff-4ba4-9b40-8f6156737b33@group-1047010A7D5C:LeaderElection38] INFO  server.RaftServerConfigKeys (ConfUtils.java:logGet(43)) - raft.server.log.appender.install.snapshot.enabled = false (custom)
2019-10-14 10:17:07,901 [b45a675e-aeff-4ba4-9b40-8f6156737b33@group-1047010A7D5C:LeaderElection38] INFO  server.RaftServerConfigKeys (ConfUtils.java:logGet(43)) - raft.server.log.appender.snapshot.chunk.size.max = 16MB (=16777216) (default)
2019-10-14 10:17:07,901 [b45a675e-aeff-4ba4-9b40-8f6156737b33@group-1047010A7D5C:LeaderElection38] INFO  server.RaftServerConfigKeys (ConfUtils.java:logGet(43)) - raft.server.log.appender.buffer.byte-limit = 33554432 (custom)
2019-10-14 10:17:07,901 [b45a675e-aeff-4ba4-9b40-8f6156737b33@group-1047010A7D5C:LeaderElection38] INFO  server.RaftServerConfigKeys (ConfUtils.java:logGet(43)) - raft.server.log.appender.buffer.element-limit = 1 (custom)
2019-10-14 10:17:07,901 [b45a675e-aeff-4ba4-9b40-8f6156737b33@group-1047010A7D5C:LeaderElection38] INFO  grpc.GrpcConfigKeys$Server (ConfUtils.java:logGet(43)) - raft.grpc.server.leader.outstanding.appends.max = 128 (default)
2019-10-14 10:17:07,902 [b45a675e-aeff-4ba4-9b40-8f6156737b33@group-1047010A7D5C:LeaderElection38] INFO  server.RaftServerConfigKeys (ConfUtils.java:logGet(43)) - raft.server.rpc.request.timeout = 3000ms (default)
2019-10-14 10:17:07,902 [b45a675e-aeff-4ba4-9b40-8f6156737b33@group-1047010A7D5C:LeaderElection38] INFO  server.RaftServerConfigKeys (ConfUtils.java:logGet(43)) - raft.server.log.appender.install.snapshot.enabled = false (custom)
2019-10-14 10:17:07,902 [b45a675e-aeff-4ba4-9b40-8f6156737b33@group-1047010A7D5C:LeaderElection38] INFO  impl.RoleInfo (RoleInfo.java:updateAndGet(143)) - b45a675e-aeff-4ba4-9b40-8f6156737b33: start LeaderState
2019-10-14 10:17:07,902 [b45a675e-aeff-4ba4-9b40-8f6156737b33@group-1047010A7D5C:LeaderElection38] INFO  segmented.SegmentedRaftLogWorker (SegmentedRaftLogWorker.java:startLogSegment(380)) - b45a675e-aeff-4ba4-9b40-8f6156737b33@group-1047010A7D5C-SegmentedRaftLogWorker: Starting segment from index:0
2019-10-14 10:17:07,903 [b45a675e-aeff-4ba4-9b40-8f6156737b33@group-1047010A7D5C:LeaderElection38] INFO  impl.RaftServerImpl (ServerState.java:setRaftConf(354)) - b45a675e-aeff-4ba4-9b40-8f6156737b33@group-1047010A7D5C: set configuration 0: [685ecb0d-c002-4fd0-97ff-08a2904709e1:192.168.164.214:33521, 9e658c07-1fa4-4268-bcc4-d82f6334c8fc:192.168.164.214:44135, b45a675e-aeff-4ba4-9b40-8f6156737b33:192.168.164.214:45207], old=null at 0
2019-10-14 10:17:07,905 [grpc-default-executor-4] INFO  impl.RaftServerImpl (ServerState.java:setLeader(253)) - 9e658c07-1fa4-4268-bcc4-d82f6334c8fc@group-1047010A7D5C: change Leader from null to b45a675e-aeff-4ba4-9b40-8f6156737b33 at term 1 for appendEntries, leader elected after 5146ms
2019-10-14 10:17:07,939 [grpc-default-executor-2] INFO  impl.RaftServerImpl (ServerState.java:setLeader(253)) - 685ecb0d-c002-4fd0-97ff-08a2904709e1@group-1047010A7D5C: change Leader from null to b45a675e-aeff-4ba4-9b40-8f6156737b33 at term 1 for appendEntries, leader elected after 5181ms
2019-10-14 10:17:07,944 [grpc-default-executor-2] INFO  impl.RaftServerImpl (ServerState.java:setRaftConf(354)) - 9e658c07-1fa4-4268-bcc4-d82f6334c8fc@group-1047010A7D5C: set configuration 0: [685ecb0d-c002-4fd0-97ff-08a2904709e1:192.168.164.214:33521, 9e658c07-1fa4-4268-bcc4-d82f6334c8fc:192.168.164.214:44135, b45a675e-aeff-4ba4-9b40-8f6156737b33:192.168.164.214:45207], old=null at 0
2019-10-14 10:17:07,944 [grpc-default-executor-4] INFO  impl.RaftServerImpl (ServerState.java:setRaftConf(354)) - 685ecb0d-c002-4fd0-97ff-08a2904709e1@group-1047010A7D5C: set configuration 0: [685ecb0d-c002-4fd0-97ff-08a2904709e1:192.168.164.214:33521, 9e658c07-1fa4-4268-bcc4-d82f6334c8fc:192.168.164.214:44135, b45a675e-aeff-4ba4-9b40-8f6156737b33:192.168.164.214:45207], old=null at 0
2019-10-14 10:17:07,945 [grpc-default-executor-2] INFO  segmented.SegmentedRaftLogWorker (SegmentedRaftLogWorker.java:startLogSegment(380)) - 9e658c07-1fa4-4268-bcc4-d82f6334c8fc@group-1047010A7D5C-SegmentedRaftLogWorker: Starting segment from index:0
2019-10-14 10:17:07,945 [grpc-default-executor-4] INFO  segmented.SegmentedRaftLogWorker (SegmentedRaftLogWorker.java:startLogSegment(380)) - 685ecb0d-c002-4fd0-97ff-08a2904709e1@group-1047010A7D5C-SegmentedRaftLogWorker: Starting segment from index:0
2019-10-14 10:17:07,977 [b45a675e-aeff-4ba4-9b40-8f6156737b33@group-1047010A7D5C-SegmentedRaftLogWorker] INFO  segmented.SegmentedRaftLogWorker (SegmentedRaftLogWorker.java:execute(569)) - b45a675e-aeff-4ba4-9b40-8f6156737b33@group-1047010A7D5C-SegmentedRaftLogWorker: created new log segment /workdir/hadoop-ozone/ozonefs/target/test-dir/MiniOzoneClusterImpl-c76d7c66-f44c-4dfc-a708-d16c084e1c14/datanode-5/data/ratis/0b144cfe-828d-418c-951a-1047010a7d5c/current/log_inprogress_0
2019-10-14 10:17:07,994 [685ecb0d-c002-4fd0-97ff-08a2904709e1@group-1047010A7D5C-SegmentedRaftLogWorker] INFO  segmented.SegmentedRaftLogWorker (SegmentedRaftLogWorker.java:execute(569)) - 685ecb0d-c002-4fd0-97ff-08a2904709e1@group-1047010A7D5C-SegmentedRaftLogWorker: created new log segment /workdir/hadoop-ozone/ozonefs/target/test-dir/MiniOzoneClusterImpl-c76d7c66-f44c-4dfc-a708-d16c084e1c14/datanode-0/data/ratis/0b144cfe-828d-418c-951a-1047010a7d5c/current/log_inprogress_0
2019-10-14 10:17:07,994 [9e658c07-1fa4-4268-bcc4-d82f6334c8fc@group-1047010A7D5C-SegmentedRaftLogWorker] INFO  segmented.SegmentedRaftLogWorker (SegmentedRaftLogWorker.java:execute(569)) - 9e658c07-1fa4-4268-bcc4-d82f6334c8fc@group-1047010A7D5C-SegmentedRaftLogWorker: created new log segment /workdir/hadoop-ozone/ozonefs/target/test-dir/MiniOzoneClusterImpl-c76d7c66-f44c-4dfc-a708-d16c084e1c14/datanode-2/data/ratis/0b144cfe-828d-418c-951a-1047010a7d5c/current/log_inprogress_0
2019-10-14 10:17:08,533 [main] INFO  ozoneimpl.OzoneContainer (OzoneContainer.java:stop(231)) - Attempting to stop container services.
2019-10-14 10:17:08,533 [ForkJoinPool.commonPool-worker-0] INFO  ozoneimpl.OzoneContainer (OzoneContainer.java:stop(231)) - Attempting to stop container services.
2019-10-14 10:17:08,534 [main] INFO  impl.RaftServerProxy (RaftServerProxy.java:lambda$close$4(314)) - 36847f54-85ee-4d0b-96a5-61a90c070d38: close
2019-10-14 10:17:08,534 [ForkJoinPool.commonPool-worker-0] INFO  impl.RaftServerProxy (RaftServerProxy.java:lambda$close$4(314)) - ed765d8e-a27d-48e4-9ba5-d88693db9886: close
2019-10-14 10:17:08,534 [main] INFO  impl.RaftServerImpl (RaftServerImpl.java:lambda$shutdown$3(251)) - 36847f54-85ee-4d0b-96a5-61a90c070d38@group-8139AAFAC97D: shutdown
2019-10-14 10:17:08,534 [ForkJoinPool.commonPool-worker-0] INFO  impl.RaftServerImpl (RaftServerImpl.java:lambda$shutdown$3(251)) - ed765d8e-a27d-48e4-9ba5-d88693db9886@group-CEAAA1CCD392: shutdown
2019-10-14 10:17:08,535 [main] INFO  util.JmxRegister (JmxRegister.java:unregister(73)) - Successfully un-registered JMX Bean with object name Ratis:service=RaftServer,group=group-8139AAFAC97D,id=36847f54-85ee-4d0b-96a5-61a90c070d38
2019-10-14 10:17:08,535 [ForkJoinPool.commonPool-worker-0] INFO  util.JmxRegister (JmxRegister.java:unregister(73)) - Successfully un-registered JMX Bean with object name Ratis:service=RaftServer,group=group-CEAAA1CCD392,id=ed765d8e-a27d-48e4-9ba5-d88693db9886
2019-10-14 10:17:08,536 [main] INFO  impl.RoleInfo (RoleInfo.java:shutdownFollowerState(121)) - 36847f54-85ee-4d0b-96a5-61a90c070d38: shutdown FollowerState
2019-10-14 10:17:08,536 [ForkJoinPool.commonPool-worker-0] INFO  impl.RoleInfo (RoleInfo.java:shutdownLeaderState(104)) - ed765d8e-a27d-48e4-9ba5-d88693db9886: shutdown LeaderState
2019-10-14 10:17:08,536 [Thread-1004] INFO  impl.FollowerState (FollowerState.java:run(115)) - 36847f54-85ee-4d0b-96a5-61a90c070d38: FollowerState was interrupted: java.lang.InterruptedException: sleep interrupted
2019-10-14 10:17:08,536 [main] INFO  impl.StateMachineUpdater (StateMachineUpdater.java:stopAndJoin(125)) - 36847f54-85ee-4d0b-96a5-61a90c070d38@group-8139AAFAC97D-StateMachineUpdater: set stopIndex = -1
2019-10-14 10:17:08,537 [ForkJoinPool.commonPool-worker-0] INFO  impl.PendingRequests (PendingRequests.java:sendNotLeaderResponses(202)) - ed765d8e-a27d-48e4-9ba5-d88693db9886-PendingRequests: sendNotLeaderResponses
2019-10-14 10:17:08,537 [main] INFO  impl.RaftServerImpl (ServerState.java:close(385)) - 36847f54-85ee-4d0b-96a5-61a90c070d38@group-8139AAFAC97D: closes. applyIndex: -1
2019-10-14 10:17:08,538 [ForkJoinPool.commonPool-worker-0] INFO  impl.StateMachineUpdater (StateMachineUpdater.java:stopAndJoin(125)) - ed765d8e-a27d-48e4-9ba5-d88693db9886@group-CEAAA1CCD392-StateMachineUpdater: set stopIndex = 0
2019-10-14 10:17:08,538 [36847f54-85ee-4d0b-96a5-61a90c070d38@group-8139AAFAC97D-SegmentedRaftLogWorker] INFO  segmented.SegmentedRaftLogWorker (SegmentedRaftLogWorker.java:run(313)) - 36847f54-85ee-4d0b-96a5-61a90c070d38@group-8139AAFAC97D-SegmentedRaftLogWorker was interrupted, exiting. There are 0 tasks remaining in the queue.
2019-10-14 10:17:08,538 [ForkJoinPool.commonPool-worker-0] INFO  impl.RaftServerImpl (ServerState.java:close(385)) - ed765d8e-a27d-48e4-9ba5-d88693db9886@group-CEAAA1CCD392: closes. applyIndex: 0
2019-10-14 10:17:08,539 [main] INFO  segmented.SegmentedRaftLogWorker (SegmentedRaftLogWorker.java:close(228)) - 36847f54-85ee-4d0b-96a5-61a90c070d38@group-8139AAFAC97D-SegmentedRaftLogWorker close()
2019-10-14 10:17:08,539 [ed765d8e-a27d-48e4-9ba5-d88693db9886@group-CEAAA1CCD392-SegmentedRaftLogWorker] INFO  segmented.SegmentedRaftLogWorker (SegmentedRaftLogWorker.java:run(313)) - ed765d8e-a27d-48e4-9ba5-d88693db9886@group-CEAAA1CCD392-SegmentedRaftLogWorker was interrupted, exiting. There are 0 tasks remaining in the queue.
2019-10-14 10:17:08,546 [main] INFO  impl.RaftServerImpl (RaftServerImpl.java:lambda$shutdown$3(251)) - 36847f54-85ee-4d0b-96a5-61a90c070d38@group-E3CF909C1D57: shutdown
2019-10-14 10:17:08,548 [ForkJoinPool.commonPool-worker-0] INFO  segmented.SegmentedRaftLogWorker (SegmentedRaftLogWorker.java:close(228)) - ed765d8e-a27d-48e4-9ba5-d88693db9886@group-CEAAA1CCD392-SegmentedRaftLogWorker close()
2019-10-14 10:17:08,549 [main] INFO  util.JmxRegister (JmxRegister.java:unregister(73)) - Successfully un-registered JMX Bean with object name Ratis:service=RaftServer,group=group-E3CF909C1D57,id=36847f54-85ee-4d0b-96a5-61a90c070d38
2019-10-14 10:17:08,554 [ForkJoinPool.commonPool-worker-0] INFO  server.GrpcService (GrpcService.java:closeImpl(164)) - ed765d8e-a27d-48e4-9ba5-d88693db9886: shutdown server with port 44001 now
2019-10-14 10:17:08,554 [main] INFO  impl.RoleInfo (RoleInfo.java:shutdownLeaderState(104)) - 36847f54-85ee-4d0b-96a5-61a90c070d38: shutdown LeaderState
2019-10-14 10:17:08,557 [ForkJoinPool.commonPool-worker-0] INFO  server.GrpcService (GrpcService.java:closeImpl(172)) - ed765d8e-a27d-48e4-9ba5-d88693db9886: shutdown server with port 44001 successfully
2019-10-14 10:17:08,557 [main] INFO  impl.PendingRequests (PendingRequests.java:sendNotLeaderResponses(202)) - 36847f54-85ee-4d0b-96a5-61a90c070d38-PendingRequests: sendNotLeaderResponses
2019-10-14 10:17:08,557 [main] INFO  impl.StateMachineUpdater (StateMachineUpdater.java:stopAndJoin(125)) - 36847f54-85ee-4d0b-96a5-61a90c070d38@group-E3CF909C1D57-StateMachineUpdater: set stopIndex = 0
2019-10-14 10:17:08,558 [main] INFO  impl.RaftServerImpl (ServerState.java:close(385)) - 36847f54-85ee-4d0b-96a5-61a90c070d38@group-E3CF909C1D57: closes. applyIndex: 0
2019-10-14 10:17:08,558 [36847f54-85ee-4d0b-96a5-61a90c070d38@group-E3CF909C1D57-SegmentedRaftLogWorker] INFO  segmented.SegmentedRaftLogWorker (SegmentedRaftLogWorker.java:run(313)) - 36847f54-85ee-4d0b-96a5-61a90c070d38@group-E3CF909C1D57-SegmentedRaftLogWorker was interrupted, exiting. There are 0 tasks remaining in the queue.
2019-10-14 10:17:08,561 [main] INFO  segmented.SegmentedRaftLogWorker (SegmentedRaftLogWorker.java:close(228)) - 36847f54-85ee-4d0b-96a5-61a90c070d38@group-E3CF909C1D57-SegmentedRaftLogWorker close()
2019-10-14 10:17:08,562 [refreshUsed-/workdir/hadoop-ozone/ozonefs/target/test-dir/MiniOzoneClusterImpl-c76d7c66-f44c-4dfc-a708-d16c084e1c14/datanode-1/data/containers] WARN  fs.CachingGetSpaceUsed (CachingGetSpaceUsed.java:run(183)) - Thread Interrupted waiting to refresh disk information: sleep interrupted
2019-10-14 10:17:08,567 [main] INFO  impl.RaftServerImpl (RaftServerImpl.java:lambda$shutdown$3(251)) - 36847f54-85ee-4d0b-96a5-61a90c070d38@group-26117E050404: shutdown
2019-10-14 10:17:08,568 [main] INFO  util.JmxRegister (JmxRegister.java:unregister(73)) - Successfully un-registered JMX Bean with object name Ratis:service=RaftServer,group=group-26117E050404,id=36847f54-85ee-4d0b-96a5-61a90c070d38
2019-10-14 10:17:08,569 [main] INFO  impl.RoleInfo (RoleInfo.java:shutdownFollowerState(121)) - 36847f54-85ee-4d0b-96a5-61a90c070d38: shutdown FollowerState
2019-10-14 10:17:08,569 [main] INFO  impl.StateMachineUpdater (StateMachineUpdater.java:stopAndJoin(125)) - 36847f54-85ee-4d0b-96a5-61a90c070d38@group-26117E050404-StateMachineUpdater: set stopIndex = -1
2019-10-14 10:17:08,569 [Thread-992] INFO  impl.FollowerState (FollowerState.java:run(115)) - 36847f54-85ee-4d0b-96a5-61a90c070d38: FollowerState was interrupted: java.lang.InterruptedException: sleep interrupted
2019-10-14 10:17:08,570 [main] INFO  impl.RaftServerImpl (ServerState.java:close(385)) - 36847f54-85ee-4d0b-96a5-61a90c070d38@group-26117E050404: closes. applyIndex: -1
2019-10-14 10:17:08,571 [36847f54-85ee-4d0b-96a5-61a90c070d38@group-26117E050404-SegmentedRaftLogWorker] INFO  segmented.SegmentedRaftLogWorker (SegmentedRaftLogWorker.java:run(313)) - 36847f54-85ee-4d0b-96a5-61a90c070d38@group-26117E050404-SegmentedRaftLogWorker was interrupted, exiting. There are 0 tasks remaining in the queue.
2019-10-14 10:17:08,574 [main] INFO  segmented.SegmentedRaftLogWorker (SegmentedRaftLogWorker.java:close(228)) - 36847f54-85ee-4d0b-96a5-61a90c070d38@group-26117E050404-SegmentedRaftLogWorker close()
2019-10-14 10:17:08,578 [main] INFO  server.GrpcService (GrpcService.java:closeImpl(164)) - 36847f54-85ee-4d0b-96a5-61a90c070d38: shutdown server with port 45241 now
2019-10-14 10:17:08,584 [main] INFO  server.GrpcService (GrpcService.java:closeImpl(172)) - 36847f54-85ee-4d0b-96a5-61a90c070d38: shutdown server with port 45241 successfully
2019-10-14 10:17:08,584 [grpc-default-executor-2] WARN  server.GrpcServerProtocolService (LogUtils.java:warn(134)) - 36847f54-85ee-4d0b-96a5-61a90c070d38: installSnapshot onError, lastRequest: b253433b-9336-40b9-b5cf-1baec0039647->36847f54-85ee-4d0b-96a5-61a90c070d38#1-t1, previous=(t:0, i:0), leaderCommit=-1, initializing? false, entries: size=1, first=(t:1, i:0), CONFIGURATIONENTRY: org.apache.ratis.thirdparty.io.grpc.StatusRuntimeException: CANCELLED: cancelled before receiving half close
2019-10-14 10:17:08,585 [grpc-default-executor-1] WARN  server.GrpcLogAppender (LogUtils.java:warn(134)) - b253433b-9336-40b9-b5cf-1baec0039647@group-26117E050404->36847f54-85ee-4d0b-96a5-61a90c070d38-AppendLogResponseHandler: Failed appendEntries: org.apache.ratis.thirdparty.io.grpc.StatusRuntimeException: CANCELLED: HTTP/2 error code: CANCEL
Received Rst Stream
2019-10-14 10:17:08,587 [grpc-default-executor-1] INFO  impl.FollowerInfo (FollowerInfo.java:lambda$new$0(51)) - b253433b-9336-40b9-b5cf-1baec0039647@group-26117E050404->36847f54-85ee-4d0b-96a5-61a90c070d38: nextIndex: updateUnconditionally 1 -> 0
2019-10-14 10:17:08,588 [refreshUsed-/workdir/hadoop-ozone/ozonefs/target/test-dir/MiniOzoneClusterImpl-c76d7c66-f44c-4dfc-a708-d16c084e1c14/datanode-4/data/containers] WARN  fs.CachingGetSpaceUsed (CachingGetSpaceUsed.java:run(183)) - Thread Interrupted waiting to refresh disk information: sleep interrupted
2019-10-14 10:17:08,614 [main] INFO  utils.BackgroundService (BackgroundService.java:shutdown(148)) - Shutting down service BlockDeletingService
2019-10-14 10:17:08,614 [ForkJoinPool.commonPool-worker-0] INFO  utils.BackgroundService (BackgroundService.java:shutdown(148)) - Shutting down service BlockDeletingService
2019-10-14 10:17:08,622 [main] INFO  statemachine.DatanodeStateMachine (DatanodeStateMachine.java:stopDaemon(395)) - Ozone container server stopped.
2019-10-14 10:17:08,622 [ForkJoinPool.commonPool-worker-0] INFO  statemachine.DatanodeStateMachine (DatanodeStateMachine.java:stopDaemon(395)) - Ozone container server stopped.
2019-10-14 10:17:08,628 [main] INFO  handler.ContextHandler (ContextHandler.java:doStop(910)) - Stopped o.e.j.w.WebAppContext@1f78d415{/,null,UNAVAILABLE}{/hddsDatanode}
2019-10-14 10:17:08,630 [ForkJoinPool.commonPool-worker-0] INFO  handler.ContextHandler (ContextHandler.java:doStop(910)) - Stopped o.e.j.w.WebAppContext@798deee8{/,null,UNAVAILABLE}{/hddsDatanode}
2019-10-14 10:17:08,631 [main] INFO  server.AbstractConnector (AbstractConnector.java:doStop(318)) - Stopped ServerConnector@1c046c92{HTTP/1.1,[http/1.1]}{0.0.0.0:0}
2019-10-14 10:17:08,631 [ForkJoinPool.commonPool-worker-0] INFO  server.AbstractConnector (AbstractConnector.java:doStop(318)) - Stopped ServerConnector@96897c8{HTTP/1.1,[http/1.1]}{0.0.0.0:0}
2019-10-14 10:17:08,631 [main] INFO  handler.ContextHandler (ContextHandler.java:doStop(910)) - Stopped o.e.j.s.ServletContextHandler@1213ffbc{/static,jar:file:/home/user/.m2/repository/org/apache/hadoop/hadoop-hdds-container-service/0.5.0-SNAPSHOT/hadoop-hdds-container-service-0.5.0-SNAPSHOT.jar!/webapps/static,UNAVAILABLE}
2019-10-14 10:17:08,634 [ForkJoinPool.commonPool-worker-0] INFO  handler.ContextHandler (ContextHandler.java:doStop(910)) - Stopped o.e.j.s.ServletContextHandler@4b033eac{/static,jar:file:/home/user/.m2/repository/org/apache/hadoop/hadoop-hdds-container-service/0.5.0-SNAPSHOT/hadoop-hdds-container-service-0.5.0-SNAPSHOT.jar!/webapps/static,UNAVAILABLE}
2019-10-14 10:17:08,634 [main] INFO  handler.ContextHandler (ContextHandler.java:doStop(910)) - Stopped o.e.j.s.ServletContextHandler@15d3793b{/logs,file:///workdir/hadoop-ozone/ozonefs/target/log,UNAVAILABLE}
2019-10-14 10:17:08,636 [ForkJoinPool.commonPool-worker-0] INFO  handler.ContextHandler (ContextHandler.java:doStop(910)) - Stopped o.e.j.s.ServletContextHandler@34330f77{/logs,file:///workdir/hadoop-ozone/ozonefs/target/log,UNAVAILABLE}
2019-10-14 10:17:08,937 [Datanode State Machine Thread - 0] INFO  statemachine.DatanodeStateMachine (DatanodeStateMachine.java:lambda$startDaemon$0(350)) - Ozone container server started.
2019-10-14 10:17:08,992 [Datanode State Machine Thread - 0] INFO  statemachine.DatanodeStateMachine (DatanodeStateMachine.java:lambda$startDaemon$0(350)) - Ozone container server started.
2019-10-14 10:17:10,209 [grpc-default-executor-4] WARN  server.GrpcLogAppender (LogUtils.java:warn(134)) - b253433b-9336-40b9-b5cf-1baec0039647@group-26117E050404->36847f54-85ee-4d0b-96a5-61a90c070d38-AppendLogResponseHandler: Failed appendEntries: org.apache.ratis.thirdparty.io.grpc.StatusRuntimeException: UNAVAILABLE: io exception
2019-10-14 10:17:10,212 [grpc-default-executor-4] INFO  impl.FollowerInfo (FollowerInfo.java:lambda$new$0(51)) - b253433b-9336-40b9-b5cf-1baec0039647@group-26117E050404->36847f54-85ee-4d0b-96a5-61a90c070d38: nextIndex: updateUnconditionally 0 -> 0
2019-10-14 10:17:12,691 [grpc-default-executor-2] WARN  server.GrpcLogAppender (LogUtils.java:warn(134)) - b253433b-9336-40b9-b5cf-1baec0039647@group-26117E050404->36847f54-85ee-4d0b-96a5-61a90c070d38-AppendLogResponseHandler: Failed appendEntries: org.apache.ratis.thirdparty.io.grpc.StatusRuntimeException: UNAVAILABLE: io exception
2019-10-14 10:17:12,694 [grpc-default-executor-2] INFO  impl.FollowerInfo (FollowerInfo.java:lambda$new$0(51)) - b253433b-9336-40b9-b5cf-1baec0039647@group-26117E050404->36847f54-85ee-4d0b-96a5-61a90c070d38: nextIndex: updateUnconditionally 0 -> 0
2019-10-14 10:17:12,850 [Thread-1029] INFO  impl.FollowerState (FollowerState.java:run(106)) - ade9b509-d1ed-4779-a19c-4ed96427ff05:group-8139AAFAC97D changes to CANDIDATE, lastRpcTime:5001, electionTimeout:5001ms
2019-10-14 10:17:12,850 [Thread-1029] INFO  impl.RoleInfo (RoleInfo.java:shutdownFollowerState(121)) - ade9b509-d1ed-4779-a19c-4ed96427ff05: shutdown FollowerState
2019-10-14 10:17:12,850 [Thread-1029] INFO  impl.RaftServerImpl (RaftServerImpl.java:setRole(174)) - ade9b509-d1ed-4779-a19c-4ed96427ff05@group-8139AAFAC97D: changes role from  FOLLOWER to CANDIDATE at term 2 for changeToCandidate
2019-10-14 10:17:12,851 [Thread-1029] INFO  impl.RoleInfo (RoleInfo.java:updateAndGet(143)) - ade9b509-d1ed-4779-a19c-4ed96427ff05: start LeaderElection
2019-10-14 10:17:12,880 [ade9b509-d1ed-4779-a19c-4ed96427ff05@group-8139AAFAC97D:LeaderElection39] INFO  impl.LeaderElection (LeaderElection.java:askForVotes(182)) - ade9b509-d1ed-4779-a19c-4ed96427ff05@group-8139AAFAC97D:LeaderElection39: begin an election at term 3 for 0: [ade9b509-d1ed-4779-a19c-4ed96427ff05:192.168.164.214:46824, 36847f54-85ee-4d0b-96a5-61a90c070d38:192.168.164.214:45241, b253433b-9336-40b9-b5cf-1baec0039647:192.168.164.214:34997], old=null
2019-10-14 10:17:12,884 [ade9b509-d1ed-4779-a19c-4ed96427ff05@group-8139AAFAC97D:LeaderElection39] INFO  impl.LeaderElection (LogUtils.java:infoOrTrace(149)) - ade9b509-d1ed-4779-a19c-4ed96427ff05@group-8139AAFAC97D:LeaderElection39 got exception when requesting votes: {}
java.util.concurrent.ExecutionException: org.apache.ratis.thirdparty.io.grpc.StatusRuntimeException: UNAVAILABLE: io exception
	at java.util.concurrent.FutureTask.report(FutureTask.java:122)
	at java.util.concurrent.FutureTask.get(FutureTask.java:192)
	at org.apache.ratis.server.impl.LeaderElection.waitForResults(LeaderElection.java:263)
	at org.apache.ratis.server.impl.LeaderElection.askForVotes(LeaderElection.java:201)
	at org.apache.ratis.server.impl.LeaderElection.run(LeaderElection.java:133)
	at java.lang.Thread.run(Thread.java:748)
Caused by: org.apache.ratis.thirdparty.io.grpc.StatusRuntimeException: UNAVAILABLE: io exception
	at org.apache.ratis.thirdparty.io.grpc.stub.ClientCalls.toStatusRuntimeException(ClientCalls.java:233)
	at org.apache.ratis.thirdparty.io.grpc.stub.ClientCalls.getUnchecked(ClientCalls.java:214)
	at org.apache.ratis.thirdparty.io.grpc.stub.ClientCalls.blockingUnaryCall(ClientCalls.java:139)
	at org.apache.ratis.proto.grpc.RaftServerProtocolServiceGrpc$RaftServerProtocolServiceBlockingStub.requestVote(RaftServerProtocolServiceGrpc.java:265)
	at org.apache.ratis.grpc.server.GrpcServerProtocolClient.requestVote(GrpcServerProtocolClient.java:90)
	at org.apache.ratis.grpc.server.GrpcService.requestVote(GrpcService.java:204)
	at org.apache.ratis.server.impl.LeaderElection.lambda$submitRequests$1(LeaderElection.java:238)
	at java.util.concurrent.FutureTask.run(FutureTask.java:266)
	at java.util.concurrent.Executors$RunnableAdapter.call(Executors.java:511)
	at java.util.concurrent.FutureTask.run(FutureTask.java:266)
	at java.util.concurrent.ThreadPoolExecutor.runWorker(ThreadPoolExecutor.java:1149)
	at java.util.concurrent.ThreadPoolExecutor$Worker.run(ThreadPoolExecutor.java:624)
	... 1 more
Caused by: org.apache.ratis.thirdparty.io.netty.channel.AbstractChannel$AnnotatedConnectException: Connection refused: /192.168.164.214:45241
	at sun.nio.ch.SocketChannelImpl.checkConnect(Native Method)
	at sun.nio.ch.SocketChannelImpl.finishConnect(SocketChannelImpl.java:717)
	at org.apache.ratis.thirdparty.io.netty.channel.socket.nio.NioSocketChannel.doFinishConnect(NioSocketChannel.java:327)
	at org.apache.ratis.thirdparty.io.netty.channel.nio.AbstractNioChannel$AbstractNioUnsafe.finishConnect(AbstractNioChannel.java:340)
	at org.apache.ratis.thirdparty.io.netty.channel.nio.NioEventLoop.processSelectedKey(NioEventLoop.java:632)
	at org.apache.ratis.thirdparty.io.netty.channel.nio.NioEventLoop.processSelectedKeysOptimized(NioEventLoop.java:579)
	at org.apache.ratis.thirdparty.io.netty.channel.nio.NioEventLoop.processSelectedKeys(NioEventLoop.java:496)
	at org.apache.ratis.thirdparty.io.netty.channel.nio.NioEventLoop.run(NioEventLoop.java:458)
	at org.apache.ratis.thirdparty.io.netty.util.concurrent.SingleThreadEventExecutor$5.run(SingleThreadEventExecutor.java:897)
	at org.apache.ratis.thirdparty.io.netty.util.concurrent.FastThreadLocalRunnable.run(FastThreadLocalRunnable.java:30)
	... 1 more
Caused by: java.net.ConnectException: Connection refused
	... 11 more
2019-10-14 10:17:12,888 [Thread-1035] INFO  impl.FollowerState (FollowerState.java:run(106)) - 9e658c07-1fa4-4268-bcc4-d82f6334c8fc:group-EF1483759AD9 changes to CANDIDATE, lastRpcTime:5008, electionTimeout:5008ms
2019-10-14 10:17:12,888 [Thread-1035] INFO  impl.RoleInfo (RoleInfo.java:shutdownFollowerState(121)) - 9e658c07-1fa4-4268-bcc4-d82f6334c8fc: shutdown FollowerState
2019-10-14 10:17:12,888 [Thread-1035] INFO  impl.RaftServerImpl (RaftServerImpl.java:setRole(174)) - 9e658c07-1fa4-4268-bcc4-d82f6334c8fc@group-EF1483759AD9: changes role from  FOLLOWER to CANDIDATE at term 1 for changeToCandidate
2019-10-14 10:17:12,888 [Thread-1035] INFO  impl.RoleInfo (RoleInfo.java:updateAndGet(143)) - 9e658c07-1fa4-4268-bcc4-d82f6334c8fc: start LeaderElection
2019-10-14 10:17:12,892 [grpc-default-executor-1] INFO  impl.RaftServerImpl (RaftServerImpl.java:setRole(174)) - b253433b-9336-40b9-b5cf-1baec0039647@group-8139AAFAC97D: changes role from  FOLLOWER to FOLLOWER at term 3 for recognizeCandidate:ade9b509-d1ed-4779-a19c-4ed96427ff05
2019-10-14 10:17:12,892 [grpc-default-executor-1] INFO  impl.RoleInfo (RoleInfo.java:shutdownFollowerState(121)) - b253433b-9336-40b9-b5cf-1baec0039647: shutdown FollowerState
2019-10-14 10:17:12,892 [grpc-default-executor-1] INFO  impl.RoleInfo (RoleInfo.java:updateAndGet(143)) - b253433b-9336-40b9-b5cf-1baec0039647: start FollowerState
2019-10-14 10:17:12,892 [Thread-1026] INFO  impl.FollowerState (FollowerState.java:run(115)) - b253433b-9336-40b9-b5cf-1baec0039647: FollowerState was interrupted: java.lang.InterruptedException: sleep interrupted
2019-10-14 10:17:12,905 [Thread-1032] INFO  impl.FollowerState (FollowerState.java:run(106)) - 685ecb0d-c002-4fd0-97ff-08a2904709e1:group-EF1483759AD9 changes to CANDIDATE, lastRpcTime:5034, electionTimeout:5034ms
2019-10-14 10:17:12,905 [Thread-1032] INFO  impl.RoleInfo (RoleInfo.java:shutdownFollowerState(121)) - 685ecb0d-c002-4fd0-97ff-08a2904709e1: shutdown FollowerState
2019-10-14 10:17:12,905 [Thread-1032] INFO  impl.RaftServerImpl (RaftServerImpl.java:setRole(174)) - 685ecb0d-c002-4fd0-97ff-08a2904709e1@group-EF1483759AD9: changes role from  FOLLOWER to CANDIDATE at term 1 for changeToCandidate
2019-10-14 10:17:12,905 [Thread-1032] INFO  impl.RoleInfo (RoleInfo.java:updateAndGet(143)) - 685ecb0d-c002-4fd0-97ff-08a2904709e1: start LeaderElection
2019-10-14 10:17:12,914 [9e658c07-1fa4-4268-bcc4-d82f6334c8fc@group-EF1483759AD9:LeaderElection40] INFO  impl.LeaderElection (LeaderElection.java:askForVotes(182)) - 9e658c07-1fa4-4268-bcc4-d82f6334c8fc@group-EF1483759AD9:LeaderElection40: begin an election at term 2 for -1: [685ecb0d-c002-4fd0-97ff-08a2904709e1:192.168.164.214:33521, 9e658c07-1fa4-4268-bcc4-d82f6334c8fc:192.168.164.214:44135, b45a675e-aeff-4ba4-9b40-8f6156737b33:192.168.164.214:45207], old=null
2019-10-14 10:17:12,918 [ade9b509-d1ed-4779-a19c-4ed96427ff05@group-8139AAFAC97D:LeaderElection39] INFO  impl.LeaderElection (LeaderElection.java:logAndReturn(56)) - ade9b509-d1ed-4779-a19c-4ed96427ff05@group-8139AAFAC97D:LeaderElection39: Election PASSED; received 1 response(s) [ade9b509-d1ed-4779-a19c-4ed96427ff05<-b253433b-9336-40b9-b5cf-1baec0039647#0:OK-t3] and 1 exception(s); ade9b509-d1ed-4779-a19c-4ed96427ff05@group-8139AAFAC97D:t3, leader=null, voted=ade9b509-d1ed-4779-a19c-4ed96427ff05, raftlog=ade9b509-d1ed-4779-a19c-4ed96427ff05@group-8139AAFAC97D-SegmentedRaftLog:OPENED:c0,f0,i0, conf=0: [ade9b509-d1ed-4779-a19c-4ed96427ff05:192.168.164.214:46824, 36847f54-85ee-4d0b-96a5-61a90c070d38:192.168.164.214:45241, b253433b-9336-40b9-b5cf-1baec0039647:192.168.164.214:34997], old=null
2019-10-14 10:17:12,919 [ade9b509-d1ed-4779-a19c-4ed96427ff05@group-8139AAFAC97D:LeaderElection39] INFO  impl.LeaderElection (LogUtils.java:infoOrTrace(149)) -   Exception 0: {}
java.util.concurrent.ExecutionException: org.apache.ratis.thirdparty.io.grpc.StatusRuntimeException: UNAVAILABLE: io exception
	at java.util.concurrent.FutureTask.report(FutureTask.java:122)
	at java.util.concurrent.FutureTask.get(FutureTask.java:192)
	at org.apache.ratis.server.impl.LeaderElection.waitForResults(LeaderElection.java:263)
	at org.apache.ratis.server.impl.LeaderElection.askForVotes(LeaderElection.java:201)
	at org.apache.ratis.server.impl.LeaderElection.run(LeaderElection.java:133)
	at java.lang.Thread.run(Thread.java:748)
Caused by: org.apache.ratis.thirdparty.io.grpc.StatusRuntimeException: UNAVAILABLE: io exception
	at org.apache.ratis.thirdparty.io.grpc.stub.ClientCalls.toStatusRuntimeException(ClientCalls.java:233)
	at org.apache.ratis.thirdparty.io.grpc.stub.ClientCalls.getUnchecked(ClientCalls.java:214)
	at org.apache.ratis.thirdparty.io.grpc.stub.ClientCalls.blockingUnaryCall(ClientCalls.java:139)
	at org.apache.ratis.proto.grpc.RaftServerProtocolServiceGrpc$RaftServerProtocolServiceBlockingStub.requestVote(RaftServerProtocolServiceGrpc.java:265)
	at org.apache.ratis.grpc.server.GrpcServerProtocolClient.requestVote(GrpcServerProtocolClient.java:90)
	at org.apache.ratis.grpc.server.GrpcService.requestVote(GrpcService.java:204)
	at org.apache.ratis.server.impl.LeaderElection.lambda$submitRequests$1(LeaderElection.java:238)
	at java.util.concurrent.FutureTask.run(FutureTask.java:266)
	at java.util.concurrent.Executors$RunnableAdapter.call(Executors.java:511)
	at java.util.concurrent.FutureTask.run(FutureTask.java:266)
	at java.util.concurrent.ThreadPoolExecutor.runWorker(ThreadPoolExecutor.java:1149)
	at java.util.concurrent.ThreadPoolExecutor$Worker.run(ThreadPoolExecutor.java:624)
	... 1 more
Caused by: org.apache.ratis.thirdparty.io.netty.channel.AbstractChannel$AnnotatedConnectException: Connection refused: /192.168.164.214:45241
	at sun.nio.ch.SocketChannelImpl.checkConnect(Native Method)
	at sun.nio.ch.SocketChannelImpl.finishConnect(SocketChannelImpl.java:717)
	at org.apache.ratis.thirdparty.io.netty.channel.socket.nio.NioSocketChannel.doFinishConnect(NioSocketChannel.java:327)
	at org.apache.ratis.thirdparty.io.netty.channel.nio.AbstractNioChannel$AbstractNioUnsafe.finishConnect(AbstractNioChannel.java:340)
	at org.apache.ratis.thirdparty.io.netty.channel.nio.NioEventLoop.processSelectedKey(NioEventLoop.java:632)
	at org.apache.ratis.thirdparty.io.netty.channel.nio.NioEventLoop.processSelectedKeysOptimized(NioEventLoop.java:579)
	at org.apache.ratis.thirdparty.io.netty.channel.nio.NioEventLoop.processSelectedKeys(NioEventLoop.java:496)
	at org.apache.ratis.thirdparty.io.netty.channel.nio.NioEventLoop.run(NioEventLoop.java:458)
	at org.apache.ratis.thirdparty.io.netty.util.concurrent.SingleThreadEventExecutor$5.run(SingleThreadEventExecutor.java:897)
	at org.apache.ratis.thirdparty.io.netty.util.concurrent.FastThreadLocalRunnable.run(FastThreadLocalRunnable.java:30)
	... 1 more
Caused by: java.net.ConnectException: Connection refused
	... 11 more
2019-10-14 10:17:12,919 [ade9b509-d1ed-4779-a19c-4ed96427ff05@group-8139AAFAC97D:LeaderElection39] INFO  impl.RoleInfo (RoleInfo.java:shutdownLeaderElection(134)) - ade9b509-d1ed-4779-a19c-4ed96427ff05: shutdown LeaderElection
2019-10-14 10:17:12,919 [ade9b509-d1ed-4779-a19c-4ed96427ff05@group-8139AAFAC97D:LeaderElection39] INFO  impl.RaftServerImpl (RaftServerImpl.java:setRole(174)) - ade9b509-d1ed-4779-a19c-4ed96427ff05@group-8139AAFAC97D: changes role from CANDIDATE to LEADER at term 3 for changeToLeader
2019-10-14 10:17:12,920 [ade9b509-d1ed-4779-a19c-4ed96427ff05@group-8139AAFAC97D:LeaderElection39] INFO  impl.RaftServerImpl (ServerState.java:setLeader(253)) - ade9b509-d1ed-4779-a19c-4ed96427ff05@group-8139AAFAC97D: change Leader from null to ade9b509-d1ed-4779-a19c-4ed96427ff05 at term 3 for becomeLeader, leader elected after 5079ms
2019-10-14 10:17:12,920 [grpc-default-executor-1] INFO  impl.RaftServerImpl (RaftServerImpl.java:setRole(174)) - b45a675e-aeff-4ba4-9b40-8f6156737b33@group-EF1483759AD9: changes role from  FOLLOWER to FOLLOWER at term 2 for recognizeCandidate:9e658c07-1fa4-4268-bcc4-d82f6334c8fc
2019-10-14 10:17:12,920 [ade9b509-d1ed-4779-a19c-4ed96427ff05@group-8139AAFAC97D:LeaderElection39] INFO  server.RaftServerConfigKeys (ConfUtils.java:logGet(43)) - raft.server.staging.catchup.gap = 1000 (default)
2019-10-14 10:17:12,922 [grpc-default-executor-1] INFO  impl.RoleInfo (RoleInfo.java:shutdownFollowerState(121)) - b45a675e-aeff-4ba4-9b40-8f6156737b33: shutdown FollowerState
2019-10-14 10:17:12,922 [ade9b509-d1ed-4779-a19c-4ed96427ff05@group-8139AAFAC97D:LeaderElection39] INFO  server.RaftServerConfigKeys (ConfUtils.java:logGet(43)) - raft.server.rpc.sleep.time = 25ms (default)
2019-10-14 10:17:12,922 [grpc-default-executor-1] INFO  impl.RoleInfo (RoleInfo.java:updateAndGet(143)) - b45a675e-aeff-4ba4-9b40-8f6156737b33: start FollowerState
2019-10-14 10:17:12,922 [Thread-1034] INFO  impl.FollowerState (FollowerState.java:run(115)) - b45a675e-aeff-4ba4-9b40-8f6156737b33: FollowerState was interrupted: java.lang.InterruptedException: sleep interrupted
2019-10-14 10:17:12,922 [ade9b509-d1ed-4779-a19c-4ed96427ff05@group-8139AAFAC97D:LeaderElection39] INFO  server.RaftServerConfigKeys (ConfUtils.java:logGet(43)) - raft.server.write.element-limit = 4096 (default)
2019-10-14 10:17:12,924 [ade9b509-d1ed-4779-a19c-4ed96427ff05@group-8139AAFAC97D:LeaderElection39] INFO  server.RaftServerConfigKeys (ConfUtils.java:logGet(43)) - raft.server.watch.timeout = 10s (default)
2019-10-14 10:17:12,924 [ade9b509-d1ed-4779-a19c-4ed96427ff05@group-8139AAFAC97D:LeaderElection39] INFO  server.RaftServerConfigKeys (ConfUtils.java:logGet(43)) - raft.server.watch.timeout.denomination = 1s (default)
2019-10-14 10:17:12,924 [ade9b509-d1ed-4779-a19c-4ed96427ff05@group-8139AAFAC97D:LeaderElection39] INFO  server.RaftServerConfigKeys (ConfUtils.java:logGet(43)) - raft.server.watch.element-limit = 65536 (default)
2019-10-14 10:17:12,925 [ade9b509-d1ed-4779-a19c-4ed96427ff05@group-8139AAFAC97D:LeaderElection39] INFO  server.RaftServerConfigKeys (ConfUtils.java:logGet(43)) - raft.server.log.appender.snapshot.chunk.size.max = 16MB (=16777216) (default)
2019-10-14 10:17:12,925 [ade9b509-d1ed-4779-a19c-4ed96427ff05@group-8139AAFAC97D:LeaderElection39] INFO  server.RaftServerConfigKeys (ConfUtils.java:logGet(43)) - raft.server.log.appender.buffer.byte-limit = 33554432 (custom)
2019-10-14 10:17:12,925 [ade9b509-d1ed-4779-a19c-4ed96427ff05@group-8139AAFAC97D:LeaderElection39] INFO  server.RaftServerConfigKeys (ConfUtils.java:logGet(43)) - raft.server.log.appender.buffer.element-limit = 1 (custom)
2019-10-14 10:17:12,925 [ade9b509-d1ed-4779-a19c-4ed96427ff05@group-8139AAFAC97D:LeaderElection39] INFO  grpc.GrpcConfigKeys$Server (ConfUtils.java:logGet(43)) - raft.grpc.server.leader.outstanding.appends.max = 128 (default)
2019-10-14 10:17:12,926 [ade9b509-d1ed-4779-a19c-4ed96427ff05@group-8139AAFAC97D:LeaderElection39] INFO  server.RaftServerConfigKeys (ConfUtils.java:logGet(43)) - raft.server.rpc.request.timeout = 3000ms (default)
2019-10-14 10:17:12,926 [ade9b509-d1ed-4779-a19c-4ed96427ff05@group-8139AAFAC97D:LeaderElection39] INFO  server.RaftServerConfigKeys (ConfUtils.java:logGet(43)) - raft.server.log.appender.install.snapshot.enabled = false (custom)
2019-10-14 10:17:12,926 [ade9b509-d1ed-4779-a19c-4ed96427ff05@group-8139AAFAC97D:LeaderElection39] INFO  server.RaftServerConfigKeys (ConfUtils.java:logGet(43)) - raft.server.log.appender.snapshot.chunk.size.max = 16MB (=16777216) (default)
2019-10-14 10:17:12,926 [ade9b509-d1ed-4779-a19c-4ed96427ff05@group-8139AAFAC97D:LeaderElection39] INFO  server.RaftServerConfigKeys (ConfUtils.java:logGet(43)) - raft.server.log.appender.buffer.byte-limit = 33554432 (custom)
2019-10-14 10:17:12,926 [ade9b509-d1ed-4779-a19c-4ed96427ff05@group-8139AAFAC97D:LeaderElection39] INFO  server.RaftServerConfigKeys (ConfUtils.java:logGet(43)) - raft.server.log.appender.buffer.element-limit = 1 (custom)
2019-10-14 10:17:12,927 [ade9b509-d1ed-4779-a19c-4ed96427ff05@group-8139AAFAC97D:LeaderElection39] INFO  grpc.GrpcConfigKeys$Server (ConfUtils.java:logGet(43)) - raft.grpc.server.leader.outstanding.appends.max = 128 (default)
2019-10-14 10:17:12,927 [ade9b509-d1ed-4779-a19c-4ed96427ff05@group-8139AAFAC97D:LeaderElection39] INFO  server.RaftServerConfigKeys (ConfUtils.java:logGet(43)) - raft.server.rpc.request.timeout = 3000ms (default)
2019-10-14 10:17:12,927 [ade9b509-d1ed-4779-a19c-4ed96427ff05@group-8139AAFAC97D:LeaderElection39] INFO  server.RaftServerConfigKeys (ConfUtils.java:logGet(43)) - raft.server.log.appender.install.snapshot.enabled = false (custom)
2019-10-14 10:17:12,927 [ade9b509-d1ed-4779-a19c-4ed96427ff05@group-8139AAFAC97D:LeaderElection39] INFO  impl.RoleInfo (RoleInfo.java:updateAndGet(143)) - ade9b509-d1ed-4779-a19c-4ed96427ff05: start LeaderState
2019-10-14 10:17:12,928 [ade9b509-d1ed-4779-a19c-4ed96427ff05@group-8139AAFAC97D:LeaderElection39] INFO  segmented.SegmentedRaftLogWorker (SegmentedRaftLogWorker.java:rollLogSegment(385)) - ade9b509-d1ed-4779-a19c-4ed96427ff05@group-8139AAFAC97D-SegmentedRaftLogWorker: Rolling segment log-0_0 to index:0
2019-10-14 10:17:12,929 [ade9b509-d1ed-4779-a19c-4ed96427ff05@group-8139AAFAC97D:LeaderElection39] INFO  impl.RaftServerImpl (ServerState.java:setRaftConf(354)) - ade9b509-d1ed-4779-a19c-4ed96427ff05@group-8139AAFAC97D: set configuration 1: [ade9b509-d1ed-4779-a19c-4ed96427ff05:192.168.164.214:46824, 36847f54-85ee-4d0b-96a5-61a90c070d38:192.168.164.214:45241, b253433b-9336-40b9-b5cf-1baec0039647:192.168.164.214:34997], old=null at 1
2019-10-14 10:17:12,930 [grpc-default-executor-4] WARN  server.GrpcLogAppender (LogUtils.java:warn(134)) - ade9b509-d1ed-4779-a19c-4ed96427ff05@group-8139AAFAC97D->36847f54-85ee-4d0b-96a5-61a90c070d38-AppendLogResponseHandler: Failed appendEntries: org.apache.ratis.thirdparty.io.grpc.StatusRuntimeException: UNAVAILABLE: io exception
2019-10-14 10:17:12,932 [grpc-default-executor-4] INFO  impl.FollowerInfo (FollowerInfo.java:lambda$new$0(51)) - ade9b509-d1ed-4779-a19c-4ed96427ff05@group-8139AAFAC97D->36847f54-85ee-4d0b-96a5-61a90c070d38: nextIndex: updateUnconditionally 1 -> 0
2019-10-14 10:17:12,933 [grpc-default-executor-4] INFO  impl.RaftServerImpl (ServerState.java:setLeader(253)) - b253433b-9336-40b9-b5cf-1baec0039647@group-8139AAFAC97D: change Leader from null to ade9b509-d1ed-4779-a19c-4ed96427ff05 at term 3 for appendEntries, leader elected after 5114ms
2019-10-14 10:17:12,935 [grpc-default-executor-4] INFO  impl.RaftServerImpl (ServerState.java:setRaftConf(354)) - b253433b-9336-40b9-b5cf-1baec0039647@group-8139AAFAC97D: set configuration 1: [ade9b509-d1ed-4779-a19c-4ed96427ff05:192.168.164.214:46824, 36847f54-85ee-4d0b-96a5-61a90c070d38:192.168.164.214:45241, b253433b-9336-40b9-b5cf-1baec0039647:192.168.164.214:34997], old=null at 1
2019-10-14 10:17:12,936 [grpc-default-executor-4] INFO  segmented.SegmentedRaftLogWorker (SegmentedRaftLogWorker.java:rollLogSegment(385)) - b253433b-9336-40b9-b5cf-1baec0039647@group-8139AAFAC97D-SegmentedRaftLogWorker: Rolling segment log-0_0 to index:0
2019-10-14 10:17:12,937 [685ecb0d-c002-4fd0-97ff-08a2904709e1@group-EF1483759AD9:LeaderElection41] INFO  impl.LeaderElection (LeaderElection.java:askForVotes(182)) - 685ecb0d-c002-4fd0-97ff-08a2904709e1@group-EF1483759AD9:LeaderElection41: begin an election at term 2 for -1: [685ecb0d-c002-4fd0-97ff-08a2904709e1:192.168.164.214:33521, 9e658c07-1fa4-4268-bcc4-d82f6334c8fc:192.168.164.214:44135, b45a675e-aeff-4ba4-9b40-8f6156737b33:192.168.164.214:45207], old=null
2019-10-14 10:17:12,938 [9e658c07-1fa4-4268-bcc4-d82f6334c8fc@group-EF1483759AD9:LeaderElection40] INFO  impl.LeaderElection (LeaderElection.java:logAndReturn(56)) - 9e658c07-1fa4-4268-bcc4-d82f6334c8fc@group-EF1483759AD9:LeaderElection40: Election PASSED; received 1 response(s) [9e658c07-1fa4-4268-bcc4-d82f6334c8fc<-b45a675e-aeff-4ba4-9b40-8f6156737b33#0:OK-t2] and 0 exception(s); 9e658c07-1fa4-4268-bcc4-d82f6334c8fc@group-EF1483759AD9:t2, leader=null, voted=9e658c07-1fa4-4268-bcc4-d82f6334c8fc, raftlog=9e658c07-1fa4-4268-bcc4-d82f6334c8fc@group-EF1483759AD9-SegmentedRaftLog:OPENED:c-1,f-1,i0, conf=-1: [685ecb0d-c002-4fd0-97ff-08a2904709e1:192.168.164.214:33521, 9e658c07-1fa4-4268-bcc4-d82f6334c8fc:192.168.164.214:44135, b45a675e-aeff-4ba4-9b40-8f6156737b33:192.168.164.214:45207], old=null
2019-10-14 10:17:12,938 [9e658c07-1fa4-4268-bcc4-d82f6334c8fc@group-EF1483759AD9:LeaderElection40] INFO  impl.RoleInfo (RoleInfo.java:shutdownLeaderElection(134)) - 9e658c07-1fa4-4268-bcc4-d82f6334c8fc: shutdown LeaderElection
2019-10-14 10:17:12,938 [ade9b509-d1ed-4779-a19c-4ed96427ff05@group-8139AAFAC97D-SegmentedRaftLogWorker] INFO  segmented.SegmentedRaftLogWorker (SegmentedRaftLogWorker.java:execute(526)) - ade9b509-d1ed-4779-a19c-4ed96427ff05@group-8139AAFAC97D-SegmentedRaftLogWorker: Rolled log segment from /workdir/hadoop-ozone/ozonefs/target/test-dir/MiniOzoneClusterImpl-c76d7c66-f44c-4dfc-a708-d16c084e1c14/datanode-6/data/ratis/c1f82b03-783f-4898-a50a-8139aafac97d/current/log_inprogress_0 to /workdir/hadoop-ozone/ozonefs/target/test-dir/MiniOzoneClusterImpl-c76d7c66-f44c-4dfc-a708-d16c084e1c14/datanode-6/data/ratis/c1f82b03-783f-4898-a50a-8139aafac97d/current/log_0-0
2019-10-14 10:17:12,938 [b253433b-9336-40b9-b5cf-1baec0039647@group-8139AAFAC97D-SegmentedRaftLogWorker] INFO  segmented.SegmentedRaftLogWorker (SegmentedRaftLogWorker.java:execute(526)) - b253433b-9336-40b9-b5cf-1baec0039647@group-8139AAFAC97D-SegmentedRaftLogWorker: Rolled log segment from /workdir/hadoop-ozone/ozonefs/target/test-dir/MiniOzoneClusterImpl-c76d7c66-f44c-4dfc-a708-d16c084e1c14/datanode-3/data/ratis/c1f82b03-783f-4898-a50a-8139aafac97d/current/log_inprogress_0 to /workdir/hadoop-ozone/ozonefs/target/test-dir/MiniOzoneClusterImpl-c76d7c66-f44c-4dfc-a708-d16c084e1c14/datanode-3/data/ratis/c1f82b03-783f-4898-a50a-8139aafac97d/current/log_0-0
2019-10-14 10:17:12,940 [9e658c07-1fa4-4268-bcc4-d82f6334c8fc@group-EF1483759AD9:LeaderElection40] INFO  impl.RaftServerImpl (RaftServerImpl.java:setRole(174)) - 9e658c07-1fa4-4268-bcc4-d82f6334c8fc@group-EF1483759AD9: changes role from CANDIDATE to LEADER at term 2 for changeToLeader
2019-10-14 10:17:12,941 [9e658c07-1fa4-4268-bcc4-d82f6334c8fc@group-EF1483759AD9:LeaderElection40] INFO  impl.RaftServerImpl (ServerState.java:setLeader(253)) - 9e658c07-1fa4-4268-bcc4-d82f6334c8fc@group-EF1483759AD9: change Leader from null to 9e658c07-1fa4-4268-bcc4-d82f6334c8fc at term 2 for becomeLeader, leader elected after 10284ms
2019-10-14 10:17:12,942 [9e658c07-1fa4-4268-bcc4-d82f6334c8fc@group-EF1483759AD9:LeaderElection40] INFO  server.RaftServerConfigKeys (ConfUtils.java:logGet(43)) - raft.server.staging.catchup.gap = 1000 (default)
2019-10-14 10:17:12,942 [9e658c07-1fa4-4268-bcc4-d82f6334c8fc@group-EF1483759AD9:LeaderElection40] INFO  server.RaftServerConfigKeys (ConfUtils.java:logGet(43)) - raft.server.rpc.sleep.time = 25ms (default)
2019-10-14 10:17:12,942 [9e658c07-1fa4-4268-bcc4-d82f6334c8fc@group-EF1483759AD9:LeaderElection40] INFO  server.RaftServerConfigKeys (ConfUtils.java:logGet(43)) - raft.server.write.element-limit = 4096 (default)
2019-10-14 10:17:12,942 [9e658c07-1fa4-4268-bcc4-d82f6334c8fc@group-EF1483759AD9:LeaderElection40] INFO  server.RaftServerConfigKeys (ConfUtils.java:logGet(43)) - raft.server.watch.timeout = 10s (default)
2019-10-14 10:17:12,942 [9e658c07-1fa4-4268-bcc4-d82f6334c8fc@group-EF1483759AD9:LeaderElection40] INFO  server.RaftServerConfigKeys (ConfUtils.java:logGet(43)) - raft.server.watch.timeout.denomination = 1s (default)
2019-10-14 10:17:12,943 [9e658c07-1fa4-4268-bcc4-d82f6334c8fc@group-EF1483759AD9:LeaderElection40] INFO  server.RaftServerConfigKeys (ConfUtils.java:logGet(43)) - raft.server.watch.element-limit = 65536 (default)
2019-10-14 10:17:12,946 [9e658c07-1fa4-4268-bcc4-d82f6334c8fc@group-EF1483759AD9:LeaderElection40] INFO  server.RaftServerConfigKeys (ConfUtils.java:logGet(43)) - raft.server.log.appender.snapshot.chunk.size.max = 16MB (=16777216) (default)
2019-10-14 10:17:12,947 [9e658c07-1fa4-4268-bcc4-d82f6334c8fc@group-EF1483759AD9:LeaderElection40] INFO  server.RaftServerConfigKeys (ConfUtils.java:logGet(43)) - raft.server.log.appender.buffer.byte-limit = 33554432 (custom)
2019-10-14 10:17:12,947 [9e658c07-1fa4-4268-bcc4-d82f6334c8fc@group-EF1483759AD9:LeaderElection40] INFO  server.RaftServerConfigKeys (ConfUtils.java:logGet(43)) - raft.server.log.appender.buffer.element-limit = 1 (custom)
2019-10-14 10:17:12,947 [9e658c07-1fa4-4268-bcc4-d82f6334c8fc@group-EF1483759AD9:LeaderElection40] INFO  grpc.GrpcConfigKeys$Server (ConfUtils.java:logGet(43)) - raft.grpc.server.leader.outstanding.appends.max = 128 (default)
2019-10-14 10:17:12,948 [9e658c07-1fa4-4268-bcc4-d82f6334c8fc@group-EF1483759AD9:LeaderElection40] INFO  server.RaftServerConfigKeys (ConfUtils.java:logGet(43)) - raft.server.rpc.request.timeout = 3000ms (default)
2019-10-14 10:17:12,948 [9e658c07-1fa4-4268-bcc4-d82f6334c8fc@group-EF1483759AD9:LeaderElection40] INFO  server.RaftServerConfigKeys (ConfUtils.java:logGet(43)) - raft.server.log.appender.install.snapshot.enabled = false (custom)
2019-10-14 10:17:12,948 [9e658c07-1fa4-4268-bcc4-d82f6334c8fc@group-EF1483759AD9:LeaderElection40] INFO  server.RaftServerConfigKeys (ConfUtils.java:logGet(43)) - raft.server.log.appender.snapshot.chunk.size.max = 16MB (=16777216) (default)
2019-10-14 10:17:12,948 [9e658c07-1fa4-4268-bcc4-d82f6334c8fc@group-EF1483759AD9:LeaderElection40] INFO  server.RaftServerConfigKeys (ConfUtils.java:logGet(43)) - raft.server.log.appender.buffer.byte-limit = 33554432 (custom)
2019-10-14 10:17:12,949 [9e658c07-1fa4-4268-bcc4-d82f6334c8fc@group-EF1483759AD9:LeaderElection40] INFO  server.RaftServerConfigKeys (ConfUtils.java:logGet(43)) - raft.server.log.appender.buffer.element-limit = 1 (custom)
2019-10-14 10:17:12,949 [9e658c07-1fa4-4268-bcc4-d82f6334c8fc@group-EF1483759AD9:LeaderElection40] INFO  grpc.GrpcConfigKeys$Server (ConfUtils.java:logGet(43)) - raft.grpc.server.leader.outstanding.appends.max = 128 (default)
2019-10-14 10:17:12,949 [9e658c07-1fa4-4268-bcc4-d82f6334c8fc@group-EF1483759AD9:LeaderElection40] INFO  server.RaftServerConfigKeys (ConfUtils.java:logGet(43)) - raft.server.rpc.request.timeout = 3000ms (default)
2019-10-14 10:17:12,949 [9e658c07-1fa4-4268-bcc4-d82f6334c8fc@group-EF1483759AD9:LeaderElection40] INFO  server.RaftServerConfigKeys (ConfUtils.java:logGet(43)) - raft.server.log.appender.install.snapshot.enabled = false (custom)
2019-10-14 10:17:12,950 [9e658c07-1fa4-4268-bcc4-d82f6334c8fc@group-EF1483759AD9:LeaderElection40] INFO  impl.RoleInfo (RoleInfo.java:updateAndGet(143)) - 9e658c07-1fa4-4268-bcc4-d82f6334c8fc: start LeaderState
2019-10-14 10:17:12,950 [9e658c07-1fa4-4268-bcc4-d82f6334c8fc@group-EF1483759AD9:LeaderElection40] INFO  segmented.SegmentedRaftLogWorker (SegmentedRaftLogWorker.java:startLogSegment(380)) - 9e658c07-1fa4-4268-bcc4-d82f6334c8fc@group-EF1483759AD9-SegmentedRaftLogWorker: Starting segment from index:0
2019-10-14 10:17:12,951 [9e658c07-1fa4-4268-bcc4-d82f6334c8fc@group-EF1483759AD9:LeaderElection40] INFO  impl.RaftServerImpl (ServerState.java:setRaftConf(354)) - 9e658c07-1fa4-4268-bcc4-d82f6334c8fc@group-EF1483759AD9: set configuration 0: [685ecb0d-c002-4fd0-97ff-08a2904709e1:192.168.164.214:33521, 9e658c07-1fa4-4268-bcc4-d82f6334c8fc:192.168.164.214:44135, b45a675e-aeff-4ba4-9b40-8f6156737b33:192.168.164.214:45207], old=null at 0
2019-10-14 10:17:12,951 [grpc-default-executor-2] INFO  impl.RaftServerImpl (RaftServerImpl.java:requestVote(758)) - 9e658c07-1fa4-4268-bcc4-d82f6334c8fc@group-EF1483759AD9-   LEADER: Withhold vote from candidate 685ecb0d-c002-4fd0-97ff-08a2904709e1 with term 2. State: leader=9e658c07-1fa4-4268-bcc4-d82f6334c8fc, term=2, lastRpcElapsed=null
2019-10-14 10:17:13,004 [grpc-default-executor-2] INFO  impl.RaftServerImpl (RaftServerImpl.java:setRole(174)) - 685ecb0d-c002-4fd0-97ff-08a2904709e1@group-EF1483759AD9: changes role from CANDIDATE to FOLLOWER at term 2 for appendEntries
2019-10-14 10:17:13,005 [grpc-default-executor-2] INFO  impl.RoleInfo (RoleInfo.java:shutdownLeaderElection(134)) - 685ecb0d-c002-4fd0-97ff-08a2904709e1: shutdown LeaderElection
2019-10-14 10:17:13,005 [685ecb0d-c002-4fd0-97ff-08a2904709e1@group-EF1483759AD9:LeaderElection41] INFO  impl.LeaderElection (LeaderElection.java:logAndReturn(56)) - 685ecb0d-c002-4fd0-97ff-08a2904709e1@group-EF1483759AD9:LeaderElection41: Election REJECTED; received 2 response(s) [685ecb0d-c002-4fd0-97ff-08a2904709e1<-9e658c07-1fa4-4268-bcc4-d82f6334c8fc#0:FAIL-t2, 685ecb0d-c002-4fd0-97ff-08a2904709e1<-b45a675e-aeff-4ba4-9b40-8f6156737b33#0:FAIL-t2] and 0 exception(s); 685ecb0d-c002-4fd0-97ff-08a2904709e1@group-EF1483759AD9:t2, leader=null, voted=685ecb0d-c002-4fd0-97ff-08a2904709e1, raftlog=685ecb0d-c002-4fd0-97ff-08a2904709e1@group-EF1483759AD9-SegmentedRaftLog:OPENED:c-1,f-1,i0, conf=-1: [685ecb0d-c002-4fd0-97ff-08a2904709e1:192.168.164.214:33521, 9e658c07-1fa4-4268-bcc4-d82f6334c8fc:192.168.164.214:44135, b45a675e-aeff-4ba4-9b40-8f6156737b33:192.168.164.214:45207], old=null
2019-10-14 10:17:13,005 [grpc-default-executor-2] INFO  impl.RoleInfo (RoleInfo.java:updateAndGet(143)) - 685ecb0d-c002-4fd0-97ff-08a2904709e1: start FollowerState
2019-10-14 10:17:13,005 [grpc-default-executor-1] INFO  impl.RaftServerImpl (ServerState.java:setLeader(253)) - b45a675e-aeff-4ba4-9b40-8f6156737b33@group-EF1483759AD9: change Leader from null to 9e658c07-1fa4-4268-bcc4-d82f6334c8fc at term 2 for appendEntries, leader elected after 10347ms
2019-10-14 10:17:13,007 [grpc-default-executor-2] INFO  impl.RaftServerImpl (ServerState.java:setLeader(253)) - 685ecb0d-c002-4fd0-97ff-08a2904709e1@group-EF1483759AD9: change Leader from null to 9e658c07-1fa4-4268-bcc4-d82f6334c8fc at term 2 for appendEntries, leader elected after 10349ms
2019-10-14 10:17:13,011 [grpc-default-executor-1] INFO  impl.RaftServerImpl (ServerState.java:setRaftConf(354)) - 685ecb0d-c002-4fd0-97ff-08a2904709e1@group-EF1483759AD9: set configuration 0: [685ecb0d-c002-4fd0-97ff-08a2904709e1:192.168.164.214:33521, 9e658c07-1fa4-4268-bcc4-d82f6334c8fc:192.168.164.214:44135, b45a675e-aeff-4ba4-9b40-8f6156737b33:192.168.164.214:45207], old=null at 0
2019-10-14 10:17:13,011 [grpc-default-executor-2] INFO  impl.RaftServerImpl (ServerState.java:setRaftConf(354)) - b45a675e-aeff-4ba4-9b40-8f6156737b33@group-EF1483759AD9: set configuration 0: [685ecb0d-c002-4fd0-97ff-08a2904709e1:192.168.164.214:33521, 9e658c07-1fa4-4268-bcc4-d82f6334c8fc:192.168.164.214:44135, b45a675e-aeff-4ba4-9b40-8f6156737b33:192.168.164.214:45207], old=null at 0
2019-10-14 10:17:13,011 [grpc-default-executor-1] INFO  segmented.SegmentedRaftLogWorker (SegmentedRaftLogWorker.java:startLogSegment(380)) - 685ecb0d-c002-4fd0-97ff-08a2904709e1@group-EF1483759AD9-SegmentedRaftLogWorker: Starting segment from index:0
2019-10-14 10:17:13,011 [grpc-default-executor-2] INFO  segmented.SegmentedRaftLogWorker (SegmentedRaftLogWorker.java:startLogSegment(380)) - b45a675e-aeff-4ba4-9b40-8f6156737b33@group-EF1483759AD9-SegmentedRaftLogWorker: Starting segment from index:0
2019-10-14 10:17:13,015 [ade9b509-d1ed-4779-a19c-4ed96427ff05@group-8139AAFAC97D-SegmentedRaftLogWorker] INFO  segmented.SegmentedRaftLogWorker (SegmentedRaftLogWorker.java:execute(569)) - ade9b509-d1ed-4779-a19c-4ed96427ff05@group-8139AAFAC97D-SegmentedRaftLogWorker: created new log segment /workdir/hadoop-ozone/ozonefs/target/test-dir/MiniOzoneClusterImpl-c76d7c66-f44c-4dfc-a708-d16c084e1c14/datanode-6/data/ratis/c1f82b03-783f-4898-a50a-8139aafac97d/current/log_inprogress_1
2019-10-14 10:17:13,015 [b253433b-9336-40b9-b5cf-1baec0039647@group-8139AAFAC97D-SegmentedRaftLogWorker] INFO  segmented.SegmentedRaftLogWorker (SegmentedRaftLogWorker.java:execute(569)) - b253433b-9336-40b9-b5cf-1baec0039647@group-8139AAFAC97D-SegmentedRaftLogWorker: created new log segment /workdir/hadoop-ozone/ozonefs/target/test-dir/MiniOzoneClusterImpl-c76d7c66-f44c-4dfc-a708-d16c084e1c14/datanode-3/data/ratis/c1f82b03-783f-4898-a50a-8139aafac97d/current/log_inprogress_1
2019-10-14 10:17:13,015 [9e658c07-1fa4-4268-bcc4-d82f6334c8fc@group-EF1483759AD9-SegmentedRaftLogWorker] INFO  segmented.SegmentedRaftLogWorker (SegmentedRaftLogWorker.java:execute(569)) - 9e658c07-1fa4-4268-bcc4-d82f6334c8fc@group-EF1483759AD9-SegmentedRaftLogWorker: created new log segment /workdir/hadoop-ozone/ozonefs/target/test-dir/MiniOzoneClusterImpl-c76d7c66-f44c-4dfc-a708-d16c084e1c14/datanode-2/data/ratis/baa88c1b-a9cb-4819-ba19-ef1483759ad9/current/log_inprogress_0
2019-10-14 10:17:13,022 [grpc-default-executor-1] WARN  server.GrpcLogAppender (LogUtils.java:warn(134)) - ade9b509-d1ed-4779-a19c-4ed96427ff05@group-8139AAFAC97D->36847f54-85ee-4d0b-96a5-61a90c070d38-AppendLogResponseHandler: Failed appendEntries: org.apache.ratis.thirdparty.io.grpc.StatusRuntimeException: UNAVAILABLE: io exception
2019-10-14 10:17:13,057 [grpc-default-executor-1] INFO  impl.FollowerInfo (FollowerInfo.java:lambda$new$0(51)) - ade9b509-d1ed-4779-a19c-4ed96427ff05@group-8139AAFAC97D->36847f54-85ee-4d0b-96a5-61a90c070d38: nextIndex: updateUnconditionally 1 -> 0
2019-10-14 10:17:13,061 [grpc-default-executor-1] WARN  server.GrpcLogAppender (LogUtils.java:warn(134)) - ade9b509-d1ed-4779-a19c-4ed96427ff05@group-8139AAFAC97D->36847f54-85ee-4d0b-96a5-61a90c070d38-AppendLogResponseHandler: Failed appendEntries: org.apache.ratis.thirdparty.io.grpc.StatusRuntimeException: UNAVAILABLE: io exception
2019-10-14 10:17:13,065 [grpc-default-executor-1] INFO  impl.FollowerInfo (FollowerInfo.java:lambda$new$0(51)) - ade9b509-d1ed-4779-a19c-4ed96427ff05@group-8139AAFAC97D->36847f54-85ee-4d0b-96a5-61a90c070d38: nextIndex: updateUnconditionally 1 -> 0
2019-10-14 10:17:13,070 [685ecb0d-c002-4fd0-97ff-08a2904709e1@group-EF1483759AD9-SegmentedRaftLogWorker] INFO  segmented.SegmentedRaftLogWorker (SegmentedRaftLogWorker.java:execute(569)) - 685ecb0d-c002-4fd0-97ff-08a2904709e1@group-EF1483759AD9-SegmentedRaftLogWorker: created new log segment /workdir/hadoop-ozone/ozonefs/target/test-dir/MiniOzoneClusterImpl-c76d7c66-f44c-4dfc-a708-d16c084e1c14/datanode-0/data/ratis/baa88c1b-a9cb-4819-ba19-ef1483759ad9/current/log_inprogress_0
2019-10-14 10:17:13,070 [b45a675e-aeff-4ba4-9b40-8f6156737b33@group-EF1483759AD9-SegmentedRaftLogWorker] INFO  segmented.SegmentedRaftLogWorker (SegmentedRaftLogWorker.java:execute(569)) - b45a675e-aeff-4ba4-9b40-8f6156737b33@group-EF1483759AD9-SegmentedRaftLogWorker: created new log segment /workdir/hadoop-ozone/ozonefs/target/test-dir/MiniOzoneClusterImpl-c76d7c66-f44c-4dfc-a708-d16c084e1c14/datanode-5/data/ratis/baa88c1b-a9cb-4819-ba19-ef1483759ad9/current/log_inprogress_0
2019-10-14 10:17:13,639 [main] INFO  ozoneimpl.OzoneContainer (OzoneContainer.java:stop(231)) - Attempting to stop container services.
2019-10-14 10:17:13,639 [ForkJoinPool.commonPool-worker-0] INFO  ozoneimpl.OzoneContainer (OzoneContainer.java:stop(231)) - Attempting to stop container services.
2019-10-14 10:17:13,640 [main] INFO  impl.RaftServerProxy (RaftServerProxy.java:lambda$close$4(314)) - b253433b-9336-40b9-b5cf-1baec0039647: close
2019-10-14 10:17:13,641 [ForkJoinPool.commonPool-worker-0] INFO  impl.RaftServerProxy (RaftServerProxy.java:lambda$close$4(314)) - 9e658c07-1fa4-4268-bcc4-d82f6334c8fc: close
2019-10-14 10:17:13,641 [main] INFO  impl.RaftServerImpl (RaftServerImpl.java:lambda$shutdown$3(251)) - b253433b-9336-40b9-b5cf-1baec0039647@group-8139AAFAC97D: shutdown
2019-10-14 10:17:13,641 [ForkJoinPool.commonPool-worker-0] INFO  impl.RaftServerImpl (RaftServerImpl.java:lambda$shutdown$3(251)) - 9e658c07-1fa4-4268-bcc4-d82f6334c8fc@group-EF1483759AD9: shutdown
2019-10-14 10:17:13,642 [main] INFO  util.JmxRegister (JmxRegister.java:unregister(73)) - Successfully un-registered JMX Bean with object name Ratis:service=RaftServer,group=group-8139AAFAC97D,id=b253433b-9336-40b9-b5cf-1baec0039647
2019-10-14 10:17:13,642 [ForkJoinPool.commonPool-worker-0] INFO  util.JmxRegister (JmxRegister.java:unregister(73)) - Successfully un-registered JMX Bean with object name Ratis:service=RaftServer,group=group-EF1483759AD9,id=9e658c07-1fa4-4268-bcc4-d82f6334c8fc
2019-10-14 10:17:13,642 [main] INFO  impl.RoleInfo (RoleInfo.java:shutdownFollowerState(121)) - b253433b-9336-40b9-b5cf-1baec0039647: shutdown FollowerState
2019-10-14 10:17:13,643 [ForkJoinPool.commonPool-worker-0] INFO  impl.RoleInfo (RoleInfo.java:shutdownLeaderState(104)) - 9e658c07-1fa4-4268-bcc4-d82f6334c8fc: shutdown LeaderState
2019-10-14 10:17:13,643 [Thread-1055] INFO  impl.FollowerState (FollowerState.java:run(115)) - b253433b-9336-40b9-b5cf-1baec0039647: FollowerState was interrupted: java.lang.InterruptedException: sleep interrupted
2019-10-14 10:17:13,652 [ForkJoinPool.commonPool-worker-0] INFO  impl.PendingRequests (PendingRequests.java:sendNotLeaderResponses(202)) - 9e658c07-1fa4-4268-bcc4-d82f6334c8fc-PendingRequests: sendNotLeaderResponses
2019-10-14 10:17:13,643 [main] INFO  impl.StateMachineUpdater (StateMachineUpdater.java:stopAndJoin(125)) - b253433b-9336-40b9-b5cf-1baec0039647@group-8139AAFAC97D-StateMachineUpdater: set stopIndex = 1
2019-10-14 10:17:13,656 [main] INFO  impl.RaftServerImpl (ServerState.java:close(385)) - b253433b-9336-40b9-b5cf-1baec0039647@group-8139AAFAC97D: closes. applyIndex: 1
2019-10-14 10:17:13,656 [ForkJoinPool.commonPool-worker-0] INFO  impl.StateMachineUpdater (StateMachineUpdater.java:stopAndJoin(125)) - 9e658c07-1fa4-4268-bcc4-d82f6334c8fc@group-EF1483759AD9-StateMachineUpdater: set stopIndex = 0
2019-10-14 10:17:13,657 [b253433b-9336-40b9-b5cf-1baec0039647@group-8139AAFAC97D-SegmentedRaftLogWorker] INFO  segmented.SegmentedRaftLogWorker (SegmentedRaftLogWorker.java:run(313)) - b253433b-9336-40b9-b5cf-1baec0039647@group-8139AAFAC97D-SegmentedRaftLogWorker was interrupted, exiting. There are 0 tasks remaining in the queue.
2019-10-14 10:17:13,655 [org.apache.ratis.server.impl.LogAppender$AppenderDaemon$$Lambda$230/1214125698@28a88037] WARN  server.GrpcLogAppender (GrpcLogAppender.java:mayWait(143)) - 9e658c07-1fa4-4268-bcc4-d82f6334c8fc@group-EF1483759AD9->685ecb0d-c002-4fd0-97ff-08a2904709e1-GrpcLogAppender: Wait interrupted by java.lang.InterruptedException
2019-10-14 10:17:13,652 [org.apache.ratis.server.impl.LogAppender$AppenderDaemon$$Lambda$230/1214125698@5ccacb7c] WARN  server.GrpcLogAppender (GrpcLogAppender.java:mayWait(143)) - 9e658c07-1fa4-4268-bcc4-d82f6334c8fc@group-EF1483759AD9->b45a675e-aeff-4ba4-9b40-8f6156737b33-GrpcLogAppender: Wait interrupted by java.lang.InterruptedException
2019-10-14 10:17:13,659 [main] INFO  segmented.SegmentedRaftLogWorker (SegmentedRaftLogWorker.java:close(228)) - b253433b-9336-40b9-b5cf-1baec0039647@group-8139AAFAC97D-SegmentedRaftLogWorker close()
2019-10-14 10:17:13,657 [ForkJoinPool.commonPool-worker-0] INFO  impl.RaftServerImpl (ServerState.java:close(385)) - 9e658c07-1fa4-4268-bcc4-d82f6334c8fc@group-EF1483759AD9: closes. applyIndex: 0
2019-10-14 10:17:13,665 [main] INFO  impl.RaftServerImpl (RaftServerImpl.java:lambda$shutdown$3(251)) - b253433b-9336-40b9-b5cf-1baec0039647@group-25AD9B08AA6D: shutdown
2019-10-14 10:17:13,665 [grpc-default-executor-2] INFO  server.GrpcServerProtocolService (GrpcServerProtocolService.java:onCompleted(113)) - b45a675e-aeff-4ba4-9b40-8f6156737b33: Completed APPEND_ENTRIES, lastRequest: 9e658c07-1fa4-4268-bcc4-d82f6334c8fc->b45a675e-aeff-4ba4-9b40-8f6156737b33#1-t2, previous=(t:0, i:0), leaderCommit=-1, initializing? false, entries: size=1, first=(t:2, i:0), CONFIGURATIONENTRY
2019-10-14 10:17:13,665 [grpc-default-executor-1] INFO  server.GrpcServerProtocolService (GrpcServerProtocolService.java:onCompleted(113)) - 685ecb0d-c002-4fd0-97ff-08a2904709e1: Completed APPEND_ENTRIES, lastRequest: 9e658c07-1fa4-4268-bcc4-d82f6334c8fc->685ecb0d-c002-4fd0-97ff-08a2904709e1#1-t2, previous=(t:0, i:0), leaderCommit=-1, initializing? false, entries: size=1, first=(t:2, i:0), CONFIGURATIONENTRY
2019-10-14 10:17:13,665 [9e658c07-1fa4-4268-bcc4-d82f6334c8fc@group-EF1483759AD9-SegmentedRaftLogWorker] INFO  segmented.SegmentedRaftLogWorker (SegmentedRaftLogWorker.java:run(313)) - 9e658c07-1fa4-4268-bcc4-d82f6334c8fc@group-EF1483759AD9-SegmentedRaftLogWorker was interrupted, exiting. There are 0 tasks remaining in the queue.
2019-10-14 10:17:13,665 [main] INFO  util.JmxRegister (JmxRegister.java:unregister(73)) - Successfully un-registered JMX Bean with object name Ratis:service=RaftServer,group=group-25AD9B08AA6D,id=b253433b-9336-40b9-b5cf-1baec0039647
2019-10-14 10:17:13,669 [main] INFO  impl.RoleInfo (RoleInfo.java:shutdownLeaderState(104)) - b253433b-9336-40b9-b5cf-1baec0039647: shutdown LeaderState
2019-10-14 10:17:13,669 [ForkJoinPool.commonPool-worker-0] INFO  segmented.SegmentedRaftLogWorker (SegmentedRaftLogWorker.java:close(228)) - 9e658c07-1fa4-4268-bcc4-d82f6334c8fc@group-EF1483759AD9-SegmentedRaftLogWorker close()
2019-10-14 10:17:13,669 [main] INFO  impl.PendingRequests (PendingRequests.java:sendNotLeaderResponses(202)) - b253433b-9336-40b9-b5cf-1baec0039647-PendingRequests: sendNotLeaderResponses
2019-10-14 10:17:13,669 [grpc-default-executor-1] INFO  server.GrpcLogAppender (GrpcLogAppender.java:onCompleted(293)) - 9e658c07-1fa4-4268-bcc4-d82f6334c8fc@group-EF1483759AD9->685ecb0d-c002-4fd0-97ff-08a2904709e1-AppendLogResponseHandler: follower responses appendEntries COMPLETED
2019-10-14 10:17:13,669 [grpc-default-executor-2] INFO  server.GrpcLogAppender (GrpcLogAppender.java:onCompleted(293)) - 9e658c07-1fa4-4268-bcc4-d82f6334c8fc@group-EF1483759AD9->b45a675e-aeff-4ba4-9b40-8f6156737b33-AppendLogResponseHandler: follower responses appendEntries COMPLETED
2019-10-14 10:17:13,678 [grpc-default-executor-1] INFO  impl.FollowerInfo (FollowerInfo.java:lambda$new$0(51)) - 9e658c07-1fa4-4268-bcc4-d82f6334c8fc@group-EF1483759AD9->685ecb0d-c002-4fd0-97ff-08a2904709e1: nextIndex: updateUnconditionally 1 -> 0
2019-10-14 10:17:13,680 [grpc-default-executor-2] INFO  impl.FollowerInfo (FollowerInfo.java:lambda$new$0(51)) - 9e658c07-1fa4-4268-bcc4-d82f6334c8fc@group-EF1483759AD9->b45a675e-aeff-4ba4-9b40-8f6156737b33: nextIndex: updateUnconditionally 1 -> 0
2019-10-14 10:17:13,675 [main] INFO  impl.StateMachineUpdater (StateMachineUpdater.java:stopAndJoin(125)) - b253433b-9336-40b9-b5cf-1baec0039647@group-25AD9B08AA6D-StateMachineUpdater: set stopIndex = 0
2019-10-14 10:17:13,675 [ForkJoinPool.commonPool-worker-0] INFO  impl.RaftServerImpl (RaftServerImpl.java:lambda$shutdown$3(251)) - 9e658c07-1fa4-4268-bcc4-d82f6334c8fc@group-1047010A7D5C: shutdown
2019-10-14 10:17:13,681 [main] INFO  impl.RaftServerImpl (ServerState.java:close(385)) - b253433b-9336-40b9-b5cf-1baec0039647@group-25AD9B08AA6D: closes. applyIndex: 0
2019-10-14 10:17:13,682 [ForkJoinPool.commonPool-worker-0] INFO  util.JmxRegister (JmxRegister.java:unregister(73)) - Successfully un-registered JMX Bean with object name Ratis:service=RaftServer,group=group-1047010A7D5C,id=9e658c07-1fa4-4268-bcc4-d82f6334c8fc
2019-10-14 10:17:13,682 [b253433b-9336-40b9-b5cf-1baec0039647@group-25AD9B08AA6D-SegmentedRaftLogWorker] INFO  segmented.SegmentedRaftLogWorker (SegmentedRaftLogWorker.java:run(313)) - b253433b-9336-40b9-b5cf-1baec0039647@group-25AD9B08AA6D-SegmentedRaftLogWorker was interrupted, exiting. There are 0 tasks remaining in the queue.
2019-10-14 10:17:13,682 [ForkJoinPool.commonPool-worker-0] INFO  impl.RoleInfo (RoleInfo.java:shutdownFollowerState(121)) - 9e658c07-1fa4-4268-bcc4-d82f6334c8fc: shutdown FollowerState
2019-10-14 10:17:13,685 [main] INFO  segmented.SegmentedRaftLogWorker (SegmentedRaftLogWorker.java:close(228)) - b253433b-9336-40b9-b5cf-1baec0039647@group-25AD9B08AA6D-SegmentedRaftLogWorker close()
2019-10-14 10:17:13,685 [Thread-1033] INFO  impl.FollowerState (FollowerState.java:run(115)) - 9e658c07-1fa4-4268-bcc4-d82f6334c8fc: FollowerState was interrupted: java.lang.InterruptedException: sleep interrupted
2019-10-14 10:17:13,685 [ForkJoinPool.commonPool-worker-0] INFO  impl.StateMachineUpdater (StateMachineUpdater.java:stopAndJoin(125)) - 9e658c07-1fa4-4268-bcc4-d82f6334c8fc@group-1047010A7D5C-StateMachineUpdater: set stopIndex = 0
2019-10-14 10:17:13,690 [main] INFO  impl.RaftServerImpl (RaftServerImpl.java:lambda$shutdown$3(251)) - b253433b-9336-40b9-b5cf-1baec0039647@group-26117E050404: shutdown
2019-10-14 10:17:13,692 [ForkJoinPool.commonPool-worker-0] INFO  impl.RaftServerImpl (ServerState.java:close(385)) - 9e658c07-1fa4-4268-bcc4-d82f6334c8fc@group-1047010A7D5C: closes. applyIndex: 0
2019-10-14 10:17:13,692 [main] INFO  util.JmxRegister (JmxRegister.java:unregister(73)) - Successfully un-registered JMX Bean with object name Ratis:service=RaftServer,group=group-26117E050404,id=b253433b-9336-40b9-b5cf-1baec0039647
2019-10-14 10:17:13,693 [9e658c07-1fa4-4268-bcc4-d82f6334c8fc@group-1047010A7D5C-SegmentedRaftLogWorker] INFO  segmented.SegmentedRaftLogWorker (SegmentedRaftLogWorker.java:run(313)) - 9e658c07-1fa4-4268-bcc4-d82f6334c8fc@group-1047010A7D5C-SegmentedRaftLogWorker was interrupted, exiting. There are 0 tasks remaining in the queue.
2019-10-14 10:17:13,693 [main] INFO  impl.RoleInfo (RoleInfo.java:shutdownLeaderState(104)) - b253433b-9336-40b9-b5cf-1baec0039647: shutdown LeaderState
2019-10-14 10:17:13,695 [ForkJoinPool.commonPool-worker-0] INFO  segmented.SegmentedRaftLogWorker (SegmentedRaftLogWorker.java:close(228)) - 9e658c07-1fa4-4268-bcc4-d82f6334c8fc@group-1047010A7D5C-SegmentedRaftLogWorker close()
2019-10-14 10:17:13,700 [org.apache.ratis.server.impl.LogAppender$AppenderDaemon$$Lambda$230/1214125698@13cffa62] WARN  server.GrpcLogAppender (GrpcLogAppender.java:mayWait(143)) - b253433b-9336-40b9-b5cf-1baec0039647@group-26117E050404->36847f54-85ee-4d0b-96a5-61a90c070d38-GrpcLogAppender: Wait interrupted by java.lang.InterruptedException
2019-10-14 10:17:13,700 [org.apache.ratis.server.impl.LogAppender$AppenderDaemon$$Lambda$230/1214125698@52c16967] WARN  server.GrpcLogAppender (GrpcLogAppender.java:mayWait(143)) - b253433b-9336-40b9-b5cf-1baec0039647@group-26117E050404->ade9b509-d1ed-4779-a19c-4ed96427ff05-GrpcLogAppender: Wait interrupted by java.lang.InterruptedException
2019-10-14 10:17:13,700 [main] INFO  impl.PendingRequests (PendingRequests.java:sendNotLeaderResponses(202)) - b253433b-9336-40b9-b5cf-1baec0039647-PendingRequests: sendNotLeaderResponses
2019-10-14 10:17:13,705 [ForkJoinPool.commonPool-worker-0] INFO  impl.RaftServerImpl (RaftServerImpl.java:lambda$shutdown$3(251)) - 9e658c07-1fa4-4268-bcc4-d82f6334c8fc@group-A5202DF91CD6: shutdown
2019-10-14 10:17:13,706 [grpc-default-executor-2] INFO  server.GrpcServerProtocolService (GrpcServerProtocolService.java:onCompleted(113)) - ade9b509-d1ed-4779-a19c-4ed96427ff05: Completed APPEND_ENTRIES, lastRequest: b253433b-9336-40b9-b5cf-1baec0039647->ade9b509-d1ed-4779-a19c-4ed96427ff05#3-t1, previous=(t:1, i:0), leaderCommit=0, initializing? false, entries: <empty>
2019-10-14 10:17:13,705 [main] INFO  impl.StateMachineUpdater (StateMachineUpdater.java:stopAndJoin(125)) - b253433b-9336-40b9-b5cf-1baec0039647@group-26117E050404-StateMachineUpdater: set stopIndex = 0
2019-10-14 10:17:13,706 [main] INFO  impl.RaftServerImpl (ServerState.java:close(385)) - b253433b-9336-40b9-b5cf-1baec0039647@group-26117E050404: closes. applyIndex: 0
2019-10-14 10:17:13,706 [ForkJoinPool.commonPool-worker-0] INFO  util.JmxRegister (JmxRegister.java:unregister(73)) - Successfully un-registered JMX Bean with object name Ratis:service=RaftServer,group=group-A5202DF91CD6,id=9e658c07-1fa4-4268-bcc4-d82f6334c8fc
2019-10-14 10:17:13,707 [b253433b-9336-40b9-b5cf-1baec0039647@group-26117E050404-SegmentedRaftLogWorker] INFO  segmented.SegmentedRaftLogWorker (SegmentedRaftLogWorker.java:run(313)) - b253433b-9336-40b9-b5cf-1baec0039647@group-26117E050404-SegmentedRaftLogWorker was interrupted, exiting. There are 0 tasks remaining in the queue.
2019-10-14 10:17:13,706 [grpc-default-executor-2] INFO  server.GrpcLogAppender (GrpcLogAppender.java:onCompleted(293)) - b253433b-9336-40b9-b5cf-1baec0039647@group-26117E050404->ade9b509-d1ed-4779-a19c-4ed96427ff05-AppendLogResponseHandler: follower responses appendEntries COMPLETED
2019-10-14 10:17:13,709 [main] INFO  segmented.SegmentedRaftLogWorker (SegmentedRaftLogWorker.java:close(228)) - b253433b-9336-40b9-b5cf-1baec0039647@group-26117E050404-SegmentedRaftLogWorker close()
2019-10-14 10:17:13,707 [ForkJoinPool.commonPool-worker-0] INFO  impl.RoleInfo (RoleInfo.java:shutdownLeaderState(104)) - 9e658c07-1fa4-4268-bcc4-d82f6334c8fc: shutdown LeaderState
2019-10-14 10:17:13,716 [main] INFO  server.GrpcService (GrpcService.java:closeImpl(164)) - b253433b-9336-40b9-b5cf-1baec0039647: shutdown server with port 34997 now
2019-10-14 10:17:13,712 [grpc-default-executor-2] INFO  impl.FollowerInfo (FollowerInfo.java:lambda$new$0(51)) - b253433b-9336-40b9-b5cf-1baec0039647@group-26117E050404->ade9b509-d1ed-4779-a19c-4ed96427ff05: nextIndex: updateUnconditionally 1 -> 0
2019-10-14 10:17:13,717 [ForkJoinPool.commonPool-worker-0] INFO  impl.PendingRequests (PendingRequests.java:sendNotLeaderResponses(202)) - 9e658c07-1fa4-4268-bcc4-d82f6334c8fc-PendingRequests: sendNotLeaderResponses
2019-10-14 10:17:13,718 [ForkJoinPool.commonPool-worker-0] INFO  impl.StateMachineUpdater (StateMachineUpdater.java:stopAndJoin(125)) - 9e658c07-1fa4-4268-bcc4-d82f6334c8fc@group-A5202DF91CD6-StateMachineUpdater: set stopIndex = 0
2019-10-14 10:17:13,718 [grpc-default-executor-1] WARN  server.GrpcServerProtocolService (LogUtils.java:warn(134)) - b253433b-9336-40b9-b5cf-1baec0039647: installSnapshot onError, lastRequest: ade9b509-d1ed-4779-a19c-4ed96427ff05->b253433b-9336-40b9-b5cf-1baec0039647#2-t3, previous=(t:3, i:1), leaderCommit=1, initializing? false, entries: size=1, first=(t:3, i:2), METADATAENTRY(c1): org.apache.ratis.thirdparty.io.grpc.StatusRuntimeException: CANCELLED: cancelled before receiving half close
2019-10-14 10:17:13,718 [ForkJoinPool.commonPool-worker-0] INFO  impl.RaftServerImpl (ServerState.java:close(385)) - 9e658c07-1fa4-4268-bcc4-d82f6334c8fc@group-A5202DF91CD6: closes. applyIndex: 0
2019-10-14 10:17:13,718 [main] INFO  server.GrpcService (GrpcService.java:closeImpl(172)) - b253433b-9336-40b9-b5cf-1baec0039647: shutdown server with port 34997 successfully
2019-10-14 10:17:13,719 [9e658c07-1fa4-4268-bcc4-d82f6334c8fc@group-A5202DF91CD6-SegmentedRaftLogWorker] INFO  segmented.SegmentedRaftLogWorker (SegmentedRaftLogWorker.java:run(313)) - 9e658c07-1fa4-4268-bcc4-d82f6334c8fc@group-A5202DF91CD6-SegmentedRaftLogWorker was interrupted, exiting. There are 0 tasks remaining in the queue.
2019-10-14 10:17:13,718 [grpc-default-executor-6] WARN  server.GrpcLogAppender (LogUtils.java:warn(134)) - ade9b509-d1ed-4779-a19c-4ed96427ff05@group-8139AAFAC97D->b253433b-9336-40b9-b5cf-1baec0039647-AppendLogResponseHandler: Failed appendEntries: org.apache.ratis.thirdparty.io.grpc.StatusRuntimeException: CANCELLED: HTTP/2 error code: CANCEL
Received Rst Stream
2019-10-14 10:17:13,722 [ForkJoinPool.commonPool-worker-0] INFO  segmented.SegmentedRaftLogWorker (SegmentedRaftLogWorker.java:close(228)) - 9e658c07-1fa4-4268-bcc4-d82f6334c8fc@group-A5202DF91CD6-SegmentedRaftLogWorker close()
2019-10-14 10:17:13,726 [grpc-default-executor-6] INFO  impl.FollowerInfo (FollowerInfo.java:lambda$new$0(51)) - ade9b509-d1ed-4779-a19c-4ed96427ff05@group-8139AAFAC97D->b253433b-9336-40b9-b5cf-1baec0039647: nextIndex: updateUnconditionally 3 -> 2
2019-10-14 10:17:13,730 [ForkJoinPool.commonPool-worker-0] INFO  server.GrpcService (GrpcService.java:closeImpl(164)) - 9e658c07-1fa4-4268-bcc4-d82f6334c8fc: shutdown server with port 44135 now
2019-10-14 10:17:13,732 [grpc-default-executor-1] WARN  server.GrpcServerProtocolService (LogUtils.java:warn(134)) - 9e658c07-1fa4-4268-bcc4-d82f6334c8fc: installSnapshot onError, lastRequest: b45a675e-aeff-4ba4-9b40-8f6156737b33->9e658c07-1fa4-4268-bcc4-d82f6334c8fc#3-t1, previous=(t:1, i:0), leaderCommit=0, initializing? false, entries: <empty>: org.apache.ratis.thirdparty.io.grpc.StatusRuntimeException: CANCELLED: cancelled before receiving half close
2019-10-14 10:17:13,732 [ForkJoinPool.commonPool-worker-0] INFO  server.GrpcService (GrpcService.java:closeImpl(172)) - 9e658c07-1fa4-4268-bcc4-d82f6334c8fc: shutdown server with port 44135 successfully
2019-10-14 10:17:13,748 [grpc-default-executor-6] WARN  server.GrpcLogAppender (LogUtils.java:warn(134)) - b45a675e-aeff-4ba4-9b40-8f6156737b33@group-1047010A7D5C->9e658c07-1fa4-4268-bcc4-d82f6334c8fc-AppendLogResponseHandler: Failed appendEntries: org.apache.ratis.thirdparty.io.grpc.StatusRuntimeException: CANCELLED: HTTP/2 error code: CANCEL
Received Rst Stream
2019-10-14 10:17:13,752 [grpc-default-executor-6] INFO  impl.FollowerInfo (FollowerInfo.java:lambda$new$0(51)) - b45a675e-aeff-4ba4-9b40-8f6156737b33@group-1047010A7D5C->9e658c07-1fa4-4268-bcc4-d82f6334c8fc: nextIndex: updateUnconditionally 1 -> 0
2019-10-14 10:17:13,757 [refreshUsed-/workdir/hadoop-ozone/ozonefs/target/test-dir/MiniOzoneClusterImpl-c76d7c66-f44c-4dfc-a708-d16c084e1c14/datanode-3/data/containers] WARN  fs.CachingGetSpaceUsed (CachingGetSpaceUsed.java:run(183)) - Thread Interrupted waiting to refresh disk information: sleep interrupted
2019-10-14 10:17:13,757 [refreshUsed-/workdir/hadoop-ozone/ozonefs/target/test-dir/MiniOzoneClusterImpl-c76d7c66-f44c-4dfc-a708-d16c084e1c14/datanode-2/data/containers] WARN  fs.CachingGetSpaceUsed (CachingGetSpaceUsed.java:run(183)) - Thread Interrupted waiting to refresh disk information: sleep interrupted
2019-10-14 10:17:13,783 [main] INFO  utils.BackgroundService (BackgroundService.java:shutdown(148)) - Shutting down service BlockDeletingService
2019-10-14 10:17:13,789 [main] INFO  statemachine.DatanodeStateMachine (DatanodeStateMachine.java:stopDaemon(395)) - Ozone container server stopped.
2019-10-14 10:17:13,790 [main] INFO  handler.ContextHandler (ContextHandler.java:doStop(910)) - Stopped o.e.j.w.WebAppContext@7a65a360{/,null,UNAVAILABLE}{/hddsDatanode}
2019-10-14 10:17:13,791 [main] INFO  server.AbstractConnector (AbstractConnector.java:doStop(318)) - Stopped ServerConnector@30a7653e{HTTP/1.1,[http/1.1]}{0.0.0.0:0}
2019-10-14 10:17:13,792 [main] INFO  handler.ContextHandler (ContextHandler.java:doStop(910)) - Stopped o.e.j.s.ServletContextHandler@62ade015{/static,jar:file:/home/user/.m2/repository/org/apache/hadoop/hadoop-hdds-container-service/0.5.0-SNAPSHOT/hadoop-hdds-container-service-0.5.0-SNAPSHOT.jar!/webapps/static,UNAVAILABLE}
2019-10-14 10:17:13,792 [main] INFO  handler.ContextHandler (ContextHandler.java:doStop(910)) - Stopped o.e.j.s.ServletContextHandler@631c6d11{/logs,file:///workdir/hadoop-ozone/ozonefs/target/log,UNAVAILABLE}
2019-10-14 10:17:13,794 [ForkJoinPool.commonPool-worker-0] INFO  utils.BackgroundService (BackgroundService.java:shutdown(148)) - Shutting down service BlockDeletingService
2019-10-14 10:17:13,799 [ForkJoinPool.commonPool-worker-0] INFO  statemachine.DatanodeStateMachine (DatanodeStateMachine.java:stopDaemon(395)) - Ozone container server stopped.
2019-10-14 10:17:13,805 [ForkJoinPool.commonPool-worker-0] INFO  handler.ContextHandler (ContextHandler.java:doStop(910)) - Stopped o.e.j.w.WebAppContext@184823ed{/,null,UNAVAILABLE}{/hddsDatanode}
2019-10-14 10:17:13,806 [ForkJoinPool.commonPool-worker-0] INFO  server.AbstractConnector (AbstractConnector.java:doStop(318)) - Stopped ServerConnector@30bbcf91{HTTP/1.1,[http/1.1]}{0.0.0.0:0}
2019-10-14 10:17:13,808 [ForkJoinPool.commonPool-worker-0] INFO  handler.ContextHandler (ContextHandler.java:doStop(910)) - Stopped o.e.j.s.ServletContextHandler@42ed89da{/static,jar:file:/home/user/.m2/repository/org/apache/hadoop/hadoop-hdds-container-service/0.5.0-SNAPSHOT/hadoop-hdds-container-service-0.5.0-SNAPSHOT.jar!/webapps/static,UNAVAILABLE}
2019-10-14 10:17:13,810 [ForkJoinPool.commonPool-worker-0] INFO  handler.ContextHandler (ContextHandler.java:doStop(910)) - Stopped o.e.j.s.ServletContextHandler@5a566922{/logs,file:///workdir/hadoop-ozone/ozonefs/target/log,UNAVAILABLE}
2019-10-14 10:17:14,229 [Datanode State Machine Thread - 0] INFO  statemachine.DatanodeStateMachine (DatanodeStateMachine.java:lambda$startDaemon$0(350)) - Ozone container server started.
2019-10-14 10:17:14,748 [Datanode State Machine Thread - 0] INFO  statemachine.DatanodeStateMachine (DatanodeStateMachine.java:lambda$startDaemon$0(350)) - Ozone container server started.
2019-10-14 10:17:15,517 [grpc-default-executor-4] WARN  server.GrpcLogAppender (LogUtils.java:warn(134)) - b45a675e-aeff-4ba4-9b40-8f6156737b33@group-1047010A7D5C->9e658c07-1fa4-4268-bcc4-d82f6334c8fc-AppendLogResponseHandler: Failed appendEntries: org.apache.ratis.thirdparty.io.grpc.StatusRuntimeException: UNAVAILABLE: io exception
2019-10-14 10:17:15,526 [grpc-default-executor-4] INFO  impl.FollowerInfo (FollowerInfo.java:lambda$new$0(51)) - b45a675e-aeff-4ba4-9b40-8f6156737b33@group-1047010A7D5C->9e658c07-1fa4-4268-bcc4-d82f6334c8fc: nextIndex: updateUnconditionally 0 -> 0
2019-10-14 10:17:15,563 [grpc-default-executor-2] WARN  server.GrpcLogAppender (LogUtils.java:warn(134)) - ade9b509-d1ed-4779-a19c-4ed96427ff05@group-8139AAFAC97D->b253433b-9336-40b9-b5cf-1baec0039647-AppendLogResponseHandler: Failed appendEntries: org.apache.ratis.thirdparty.io.grpc.StatusRuntimeException: UNAVAILABLE: io exception
2019-10-14 10:17:15,563 [grpc-default-executor-1] WARN  server.GrpcLogAppender (LogUtils.java:warn(134)) - ade9b509-d1ed-4779-a19c-4ed96427ff05@group-8139AAFAC97D->36847f54-85ee-4d0b-96a5-61a90c070d38-AppendLogResponseHandler: Failed appendEntries: org.apache.ratis.thirdparty.io.grpc.StatusRuntimeException: UNAVAILABLE: io exception
2019-10-14 10:17:15,563 [grpc-default-executor-2] INFO  impl.FollowerInfo (FollowerInfo.java:lambda$new$0(51)) - ade9b509-d1ed-4779-a19c-4ed96427ff05@group-8139AAFAC97D->b253433b-9336-40b9-b5cf-1baec0039647: nextIndex: updateUnconditionally 2 -> 1
2019-10-14 10:17:15,563 [grpc-default-executor-1] INFO  impl.FollowerInfo (FollowerInfo.java:lambda$new$0(51)) - ade9b509-d1ed-4779-a19c-4ed96427ff05@group-8139AAFAC97D->36847f54-85ee-4d0b-96a5-61a90c070d38: nextIndex: updateUnconditionally 0 -> 0
2019-10-14 10:17:18,018 [grpc-default-executor-1] WARN  server.GrpcLogAppender (LogUtils.java:warn(134)) - b45a675e-aeff-4ba4-9b40-8f6156737b33@group-1047010A7D5C->9e658c07-1fa4-4268-bcc4-d82f6334c8fc-AppendLogResponseHandler: Failed appendEntries: org.apache.ratis.thirdparty.io.grpc.StatusRuntimeException: UNAVAILABLE: io exception
2019-10-14 10:17:18,019 [grpc-default-executor-1] INFO  impl.FollowerInfo (FollowerInfo.java:lambda$new$0(51)) - b45a675e-aeff-4ba4-9b40-8f6156737b33@group-1047010A7D5C->9e658c07-1fa4-4268-bcc4-d82f6334c8fc: nextIndex: updateUnconditionally 0 -> 0
2019-10-14 10:17:18,063 [grpc-default-executor-4] WARN  server.GrpcLogAppender (LogUtils.java:warn(134)) - ade9b509-d1ed-4779-a19c-4ed96427ff05@group-8139AAFAC97D->b253433b-9336-40b9-b5cf-1baec0039647-AppendLogResponseHandler: Failed appendEntries: org.apache.ratis.thirdparty.io.grpc.StatusRuntimeException: UNAVAILABLE: io exception
2019-10-14 10:17:18,064 [grpc-default-executor-4] INFO  impl.FollowerInfo (FollowerInfo.java:lambda$new$0(51)) - ade9b509-d1ed-4779-a19c-4ed96427ff05@group-8139AAFAC97D->b253433b-9336-40b9-b5cf-1baec0039647: nextIndex: updateUnconditionally 1 -> 0
2019-10-14 10:17:18,064 [grpc-default-executor-4] WARN  server.GrpcLogAppender (LogUtils.java:warn(134)) - ade9b509-d1ed-4779-a19c-4ed96427ff05@group-8139AAFAC97D->36847f54-85ee-4d0b-96a5-61a90c070d38-AppendLogResponseHandler: Failed appendEntries: org.apache.ratis.thirdparty.io.grpc.StatusRuntimeException: UNAVAILABLE: io exception
2019-10-14 10:17:18,065 [grpc-default-executor-4] INFO  impl.FollowerInfo (FollowerInfo.java:lambda$new$0(51)) - ade9b509-d1ed-4779-a19c-4ed96427ff05@group-8139AAFAC97D->36847f54-85ee-4d0b-96a5-61a90c070d38: nextIndex: updateUnconditionally 0 -> 0
2019-10-14 10:17:18,794 [main] INFO  ozoneimpl.OzoneContainer (OzoneContainer.java:stop(231)) - Attempting to stop container services.
2019-10-14 10:17:18,795 [main] INFO  impl.RaftServerProxy (RaftServerProxy.java:lambda$close$4(314)) - ade9b509-d1ed-4779-a19c-4ed96427ff05: close
2019-10-14 10:17:18,795 [main] INFO  impl.RaftServerImpl (RaftServerImpl.java:lambda$shutdown$3(251)) - ade9b509-d1ed-4779-a19c-4ed96427ff05@group-8139AAFAC97D: shutdown
2019-10-14 10:17:18,796 [main] INFO  util.JmxRegister (JmxRegister.java:unregister(73)) - Successfully un-registered JMX Bean with object name Ratis:service=RaftServer,group=group-8139AAFAC97D,id=ade9b509-d1ed-4779-a19c-4ed96427ff05
2019-10-14 10:17:18,796 [main] INFO  impl.RoleInfo (RoleInfo.java:shutdownLeaderState(104)) - ade9b509-d1ed-4779-a19c-4ed96427ff05: shutdown LeaderState
2019-10-14 10:17:18,801 [org.apache.ratis.server.impl.LogAppender$AppenderDaemon$$Lambda$230/1214125698@2486df5c] WARN  server.GrpcLogAppender (GrpcLogAppender.java:mayWait(143)) - ade9b509-d1ed-4779-a19c-4ed96427ff05@group-8139AAFAC97D->36847f54-85ee-4d0b-96a5-61a90c070d38-GrpcLogAppender: Wait interrupted by java.lang.InterruptedException
2019-10-14 10:17:18,801 [org.apache.ratis.server.impl.LogAppender$AppenderDaemon$$Lambda$230/1214125698@6e52f966] WARN  server.GrpcLogAppender (GrpcLogAppender.java:mayWait(143)) - ade9b509-d1ed-4779-a19c-4ed96427ff05@group-8139AAFAC97D->b253433b-9336-40b9-b5cf-1baec0039647-GrpcLogAppender: Wait interrupted by java.lang.InterruptedException
2019-10-14 10:17:18,801 [main] INFO  impl.PendingRequests (PendingRequests.java:sendNotLeaderResponses(202)) - ade9b509-d1ed-4779-a19c-4ed96427ff05-PendingRequests: sendNotLeaderResponses
2019-10-14 10:17:18,806 [main] INFO  impl.StateMachineUpdater (StateMachineUpdater.java:stopAndJoin(125)) - ade9b509-d1ed-4779-a19c-4ed96427ff05@group-8139AAFAC97D-StateMachineUpdater: set stopIndex = 2
2019-10-14 10:17:18,807 [main] INFO  impl.RaftServerImpl (ServerState.java:close(385)) - ade9b509-d1ed-4779-a19c-4ed96427ff05@group-8139AAFAC97D: closes. applyIndex: 2
2019-10-14 10:17:18,807 [ade9b509-d1ed-4779-a19c-4ed96427ff05@group-8139AAFAC97D-SegmentedRaftLogWorker] INFO  segmented.SegmentedRaftLogWorker (SegmentedRaftLogWorker.java:run(313)) - ade9b509-d1ed-4779-a19c-4ed96427ff05@group-8139AAFAC97D-SegmentedRaftLogWorker was interrupted, exiting. There are 0 tasks remaining in the queue.
2019-10-14 10:17:18,819 [main] INFO  segmented.SegmentedRaftLogWorker (SegmentedRaftLogWorker.java:close(228)) - ade9b509-d1ed-4779-a19c-4ed96427ff05@group-8139AAFAC97D-SegmentedRaftLogWorker close()
2019-10-14 10:17:18,819 [ForkJoinPool.commonPool-worker-0] INFO  ozoneimpl.OzoneContainer (OzoneContainer.java:stop(231)) - Attempting to stop container services.
2019-10-14 10:17:18,822 [main] INFO  impl.RaftServerImpl (RaftServerImpl.java:lambda$shutdown$3(251)) - ade9b509-d1ed-4779-a19c-4ed96427ff05@group-F908FC361F06: shutdown
2019-10-14 10:17:18,822 [ForkJoinPool.commonPool-worker-0] INFO  impl.RaftServerProxy (RaftServerProxy.java:lambda$close$4(314)) - 685ecb0d-c002-4fd0-97ff-08a2904709e1: close
2019-10-14 10:17:18,822 [main] INFO  util.JmxRegister (JmxRegister.java:unregister(73)) - Successfully un-registered JMX Bean with object name Ratis:service=RaftServer,group=group-F908FC361F06,id=ade9b509-d1ed-4779-a19c-4ed96427ff05
2019-10-14 10:17:18,822 [ForkJoinPool.commonPool-worker-0] INFO  impl.RaftServerImpl (RaftServerImpl.java:lambda$shutdown$3(251)) - 685ecb0d-c002-4fd0-97ff-08a2904709e1@group-EF1483759AD9: shutdown
2019-10-14 10:17:18,823 [main] INFO  impl.RoleInfo (RoleInfo.java:shutdownLeaderState(104)) - ade9b509-d1ed-4779-a19c-4ed96427ff05: shutdown LeaderState
2019-10-14 10:17:18,823 [ForkJoinPool.commonPool-worker-0] INFO  util.JmxRegister (JmxRegister.java:unregister(73)) - Successfully un-registered JMX Bean with object name Ratis:service=RaftServer,group=group-EF1483759AD9,id=685ecb0d-c002-4fd0-97ff-08a2904709e1
2019-10-14 10:17:18,823 [main] INFO  impl.PendingRequests (PendingRequests.java:sendNotLeaderResponses(202)) - ade9b509-d1ed-4779-a19c-4ed96427ff05-PendingRequests: sendNotLeaderResponses
2019-10-14 10:17:18,824 [ForkJoinPool.commonPool-worker-0] INFO  impl.RoleInfo (RoleInfo.java:shutdownFollowerState(121)) - 685ecb0d-c002-4fd0-97ff-08a2904709e1: shutdown FollowerState
2019-10-14 10:17:18,824 [main] INFO  impl.StateMachineUpdater (StateMachineUpdater.java:stopAndJoin(125)) - ade9b509-d1ed-4779-a19c-4ed96427ff05@group-F908FC361F06-StateMachineUpdater: set stopIndex = 0
2019-10-14 10:17:18,824 [Thread-1073] INFO  impl.FollowerState (FollowerState.java:run(115)) - 685ecb0d-c002-4fd0-97ff-08a2904709e1: FollowerState was interrupted: java.lang.InterruptedException: sleep interrupted
2019-10-14 10:17:18,824 [ForkJoinPool.commonPool-worker-0] INFO  impl.StateMachineUpdater (StateMachineUpdater.java:stopAndJoin(125)) - 685ecb0d-c002-4fd0-97ff-08a2904709e1@group-EF1483759AD9-StateMachineUpdater: set stopIndex = -1
2019-10-14 10:17:18,825 [main] INFO  impl.RaftServerImpl (ServerState.java:close(385)) - ade9b509-d1ed-4779-a19c-4ed96427ff05@group-F908FC361F06: closes. applyIndex: 0
2019-10-14 10:17:18,827 [ForkJoinPool.commonPool-worker-0] INFO  impl.RaftServerImpl (ServerState.java:close(385)) - 685ecb0d-c002-4fd0-97ff-08a2904709e1@group-EF1483759AD9: closes. applyIndex: -1
2019-10-14 10:17:18,828 [ade9b509-d1ed-4779-a19c-4ed96427ff05@group-F908FC361F06-SegmentedRaftLogWorker] INFO  segmented.SegmentedRaftLogWorker (SegmentedRaftLogWorker.java:run(313)) - ade9b509-d1ed-4779-a19c-4ed96427ff05@group-F908FC361F06-SegmentedRaftLogWorker was interrupted, exiting. There are 0 tasks remaining in the queue.
2019-10-14 10:17:18,828 [685ecb0d-c002-4fd0-97ff-08a2904709e1@group-EF1483759AD9-SegmentedRaftLogWorker] INFO  segmented.SegmentedRaftLogWorker (SegmentedRaftLogWorker.java:run(313)) - 685ecb0d-c002-4fd0-97ff-08a2904709e1@group-EF1483759AD9-SegmentedRaftLogWorker was interrupted, exiting. There are 0 tasks remaining in the queue.
2019-10-14 10:17:18,828 [main] INFO  segmented.SegmentedRaftLogWorker (SegmentedRaftLogWorker.java:close(228)) - ade9b509-d1ed-4779-a19c-4ed96427ff05@group-F908FC361F06-SegmentedRaftLogWorker close()
2019-10-14 10:17:18,828 [ForkJoinPool.commonPool-worker-0] INFO  segmented.SegmentedRaftLogWorker (SegmentedRaftLogWorker.java:close(228)) - 685ecb0d-c002-4fd0-97ff-08a2904709e1@group-EF1483759AD9-SegmentedRaftLogWorker close()
2019-10-14 10:17:18,830 [main] INFO  impl.RaftServerImpl (RaftServerImpl.java:lambda$shutdown$3(251)) - ade9b509-d1ed-4779-a19c-4ed96427ff05@group-26117E050404: shutdown
2019-10-14 10:17:18,834 [ForkJoinPool.commonPool-worker-0] INFO  impl.RaftServerImpl (RaftServerImpl.java:lambda$shutdown$3(251)) - 685ecb0d-c002-4fd0-97ff-08a2904709e1@group-1047010A7D5C: shutdown
2019-10-14 10:17:18,835 [main] INFO  util.JmxRegister (JmxRegister.java:unregister(73)) - Successfully un-registered JMX Bean with object name Ratis:service=RaftServer,group=group-26117E050404,id=ade9b509-d1ed-4779-a19c-4ed96427ff05
2019-10-14 10:17:18,835 [main] INFO  impl.RoleInfo (RoleInfo.java:shutdownFollowerState(121)) - ade9b509-d1ed-4779-a19c-4ed96427ff05: shutdown FollowerState
2019-10-14 10:17:18,835 [ForkJoinPool.commonPool-worker-0] INFO  util.JmxRegister (JmxRegister.java:unregister(73)) - Successfully un-registered JMX Bean with object name Ratis:service=RaftServer,group=group-1047010A7D5C,id=685ecb0d-c002-4fd0-97ff-08a2904709e1
2019-10-14 10:17:18,836 [Thread-988] INFO  impl.FollowerState (FollowerState.java:run(115)) - ade9b509-d1ed-4779-a19c-4ed96427ff05: FollowerState was interrupted: java.lang.InterruptedException: sleep interrupted
2019-10-14 10:17:18,836 [main] INFO  impl.StateMachineUpdater (StateMachineUpdater.java:stopAndJoin(125)) - ade9b509-d1ed-4779-a19c-4ed96427ff05@group-26117E050404-StateMachineUpdater: set stopIndex = 0
2019-10-14 10:17:18,836 [ForkJoinPool.commonPool-worker-0] INFO  impl.RoleInfo (RoleInfo.java:shutdownFollowerState(121)) - 685ecb0d-c002-4fd0-97ff-08a2904709e1: shutdown FollowerState
2019-10-14 10:17:18,836 [main] INFO  impl.RaftServerImpl (ServerState.java:close(385)) - ade9b509-d1ed-4779-a19c-4ed96427ff05@group-26117E050404: closes. applyIndex: 0
2019-10-14 10:17:18,837 [Thread-1031] INFO  impl.FollowerState (FollowerState.java:run(115)) - 685ecb0d-c002-4fd0-97ff-08a2904709e1: FollowerState was interrupted: java.lang.InterruptedException: sleep interrupted
2019-10-14 10:17:18,837 [ade9b509-d1ed-4779-a19c-4ed96427ff05@group-26117E050404-SegmentedRaftLogWorker] INFO  segmented.SegmentedRaftLogWorker (SegmentedRaftLogWorker.java:run(313)) - ade9b509-d1ed-4779-a19c-4ed96427ff05@group-26117E050404-SegmentedRaftLogWorker was interrupted, exiting. There are 0 tasks remaining in the queue.
2019-10-14 10:17:18,837 [ForkJoinPool.commonPool-worker-0] INFO  impl.StateMachineUpdater (StateMachineUpdater.java:stopAndJoin(125)) - 685ecb0d-c002-4fd0-97ff-08a2904709e1@group-1047010A7D5C-StateMachineUpdater: set stopIndex = 0
2019-10-14 10:17:18,839 [main] INFO  segmented.SegmentedRaftLogWorker (SegmentedRaftLogWorker.java:close(228)) - ade9b509-d1ed-4779-a19c-4ed96427ff05@group-26117E050404-SegmentedRaftLogWorker close()
2019-10-14 10:17:18,839 [ForkJoinPool.commonPool-worker-0] INFO  impl.RaftServerImpl (ServerState.java:close(385)) - 685ecb0d-c002-4fd0-97ff-08a2904709e1@group-1047010A7D5C: closes. applyIndex: 0
2019-10-14 10:17:18,841 [main] INFO  server.GrpcService (GrpcService.java:closeImpl(164)) - ade9b509-d1ed-4779-a19c-4ed96427ff05: shutdown server with port 46824 now
2019-10-14 10:17:18,841 [685ecb0d-c002-4fd0-97ff-08a2904709e1@group-1047010A7D5C-SegmentedRaftLogWorker] INFO  segmented.SegmentedRaftLogWorker (SegmentedRaftLogWorker.java:run(313)) - 685ecb0d-c002-4fd0-97ff-08a2904709e1@group-1047010A7D5C-SegmentedRaftLogWorker was interrupted, exiting. There are 0 tasks remaining in the queue.
2019-10-14 10:17:18,841 [main] INFO  server.GrpcService (GrpcService.java:closeImpl(172)) - ade9b509-d1ed-4779-a19c-4ed96427ff05: shutdown server with port 46824 successfully
2019-10-14 10:17:18,841 [ForkJoinPool.commonPool-worker-0] INFO  segmented.SegmentedRaftLogWorker (SegmentedRaftLogWorker.java:close(228)) - 685ecb0d-c002-4fd0-97ff-08a2904709e1@group-1047010A7D5C-SegmentedRaftLogWorker close()
2019-10-14 10:17:18,843 [ForkJoinPool.commonPool-worker-0] INFO  impl.RaftServerImpl (RaftServerImpl.java:lambda$shutdown$3(251)) - 685ecb0d-c002-4fd0-97ff-08a2904709e1@group-89FB22DD773F: shutdown
2019-10-14 10:17:18,844 [ForkJoinPool.commonPool-worker-0] INFO  util.JmxRegister (JmxRegister.java:unregister(73)) - Successfully un-registered JMX Bean with object name Ratis:service=RaftServer,group=group-89FB22DD773F,id=685ecb0d-c002-4fd0-97ff-08a2904709e1
2019-10-14 10:17:18,844 [ForkJoinPool.commonPool-worker-0] INFO  impl.RoleInfo (RoleInfo.java:shutdownLeaderState(104)) - 685ecb0d-c002-4fd0-97ff-08a2904709e1: shutdown LeaderState
2019-10-14 10:17:18,844 [ForkJoinPool.commonPool-worker-0] INFO  impl.PendingRequests (PendingRequests.java:sendNotLeaderResponses(202)) - 685ecb0d-c002-4fd0-97ff-08a2904709e1-PendingRequests: sendNotLeaderResponses
2019-10-14 10:17:18,845 [ForkJoinPool.commonPool-worker-0] INFO  impl.StateMachineUpdater (StateMachineUpdater.java:stopAndJoin(125)) - 685ecb0d-c002-4fd0-97ff-08a2904709e1@group-89FB22DD773F-StateMachineUpdater: set stopIndex = 0
2019-10-14 10:17:18,845 [refreshUsed-/workdir/hadoop-ozone/ozonefs/target/test-dir/MiniOzoneClusterImpl-c76d7c66-f44c-4dfc-a708-d16c084e1c14/datanode-6/data/containers] WARN  fs.CachingGetSpaceUsed (CachingGetSpaceUsed.java:run(183)) - Thread Interrupted waiting to refresh disk information: sleep interrupted
2019-10-14 10:17:18,846 [ForkJoinPool.commonPool-worker-0] INFO  impl.RaftServerImpl (ServerState.java:close(385)) - 685ecb0d-c002-4fd0-97ff-08a2904709e1@group-89FB22DD773F: closes. applyIndex: 0
2019-10-14 10:17:18,846 [685ecb0d-c002-4fd0-97ff-08a2904709e1@group-89FB22DD773F-SegmentedRaftLogWorker] INFO  segmented.SegmentedRaftLogWorker (SegmentedRaftLogWorker.java:run(313)) - 685ecb0d-c002-4fd0-97ff-08a2904709e1@group-89FB22DD773F-SegmentedRaftLogWorker was interrupted, exiting. There are 0 tasks remaining in the queue.
2019-10-14 10:17:18,847 [ForkJoinPool.commonPool-worker-0] INFO  segmented.SegmentedRaftLogWorker (SegmentedRaftLogWorker.java:close(228)) - 685ecb0d-c002-4fd0-97ff-08a2904709e1@group-89FB22DD773F-SegmentedRaftLogWorker close()
2019-10-14 10:17:18,849 [ForkJoinPool.commonPool-worker-0] INFO  server.GrpcService (GrpcService.java:closeImpl(164)) - 685ecb0d-c002-4fd0-97ff-08a2904709e1: shutdown server with port 33521 now
2019-10-14 10:17:18,851 [ForkJoinPool.commonPool-worker-0] INFO  server.GrpcService (GrpcService.java:closeImpl(172)) - 685ecb0d-c002-4fd0-97ff-08a2904709e1: shutdown server with port 33521 successfully
2019-10-14 10:17:18,851 [grpc-default-executor-1] WARN  server.GrpcLogAppender (LogUtils.java:warn(134)) - b45a675e-aeff-4ba4-9b40-8f6156737b33@group-1047010A7D5C->685ecb0d-c002-4fd0-97ff-08a2904709e1-AppendLogResponseHandler: Failed appendEntries: org.apache.ratis.thirdparty.io.grpc.StatusRuntimeException: CANCELLED: HTTP/2 error code: CANCEL
Received Rst Stream
2019-10-14 10:17:18,851 [grpc-default-executor-2] WARN  server.GrpcServerProtocolService (LogUtils.java:warn(134)) - 685ecb0d-c002-4fd0-97ff-08a2904709e1: installSnapshot onError, lastRequest: b45a675e-aeff-4ba4-9b40-8f6156737b33->685ecb0d-c002-4fd0-97ff-08a2904709e1#5-t1, previous=(t:1, i:0), leaderCommit=0, initializing? false, entries: <empty>: org.apache.ratis.thirdparty.io.grpc.StatusRuntimeException: CANCELLED: cancelled before receiving half close
2019-10-14 10:17:18,852 [grpc-default-executor-1] INFO  impl.FollowerInfo (FollowerInfo.java:lambda$new$0(51)) - b45a675e-aeff-4ba4-9b40-8f6156737b33@group-1047010A7D5C->685ecb0d-c002-4fd0-97ff-08a2904709e1: nextIndex: updateUnconditionally 1 -> 0
2019-10-14 10:17:18,852 [refreshUsed-/workdir/hadoop-ozone/ozonefs/target/test-dir/MiniOzoneClusterImpl-c76d7c66-f44c-4dfc-a708-d16c084e1c14/datanode-0/data/containers] WARN  fs.CachingGetSpaceUsed (CachingGetSpaceUsed.java:run(183)) - Thread Interrupted waiting to refresh disk information: sleep interrupted
2019-10-14 10:17:19,265 [main] INFO  utils.BackgroundService (BackgroundService.java:shutdown(148)) - Shutting down service BlockDeletingService
2019-10-14 10:17:19,270 [main] INFO  statemachine.DatanodeStateMachine (DatanodeStateMachine.java:stopDaemon(395)) - Ozone container server stopped.
2019-10-14 10:17:19,271 [main] INFO  handler.ContextHandler (ContextHandler.java:doStop(910)) - Stopped o.e.j.w.WebAppContext@57fdb8a4{/,null,UNAVAILABLE}{/hddsDatanode}
2019-10-14 10:17:19,272 [main] INFO  server.AbstractConnector (AbstractConnector.java:doStop(318)) - Stopped ServerConnector@17222c11{HTTP/1.1,[http/1.1]}{0.0.0.0:0}
2019-10-14 10:17:19,272 [main] INFO  handler.ContextHandler (ContextHandler.java:doStop(910)) - Stopped o.e.j.s.ServletContextHandler@243bf087{/static,jar:file:/home/user/.m2/repository/org/apache/hadoop/hadoop-hdds-container-service/0.5.0-SNAPSHOT/hadoop-hdds-container-service-0.5.0-SNAPSHOT.jar!/webapps/static,UNAVAILABLE}
2019-10-14 10:17:19,273 [main] INFO  handler.ContextHandler (ContextHandler.java:doStop(910)) - Stopped o.e.j.s.ServletContextHandler@5fffb692{/logs,file:///workdir/hadoop-ozone/ozonefs/target/log,UNAVAILABLE}
2019-10-14 10:17:19,276 [ForkJoinPool.commonPool-worker-0] INFO  utils.BackgroundService (BackgroundService.java:shutdown(148)) - Shutting down service BlockDeletingService
2019-10-14 10:17:19,278 [ForkJoinPool.commonPool-worker-0] INFO  statemachine.DatanodeStateMachine (DatanodeStateMachine.java:stopDaemon(395)) - Ozone container server stopped.
2019-10-14 10:17:19,282 [ForkJoinPool.commonPool-worker-0] INFO  handler.ContextHandler (ContextHandler.java:doStop(910)) - Stopped o.e.j.w.WebAppContext@260e3837{/,null,UNAVAILABLE}{/hddsDatanode}
2019-10-14 10:17:19,283 [ForkJoinPool.commonPool-worker-0] INFO  server.AbstractConnector (AbstractConnector.java:doStop(318)) - Stopped ServerConnector@88b76f2{HTTP/1.1,[http/1.1]}{0.0.0.0:0}
2019-10-14 10:17:19,284 [ForkJoinPool.commonPool-worker-0] INFO  handler.ContextHandler (ContextHandler.java:doStop(910)) - Stopped o.e.j.s.ServletContextHandler@58f31629{/static,jar:file:/home/user/.m2/repository/org/apache/hadoop/hadoop-hdds-container-service/0.5.0-SNAPSHOT/hadoop-hdds-container-service-0.5.0-SNAPSHOT.jar!/webapps/static,UNAVAILABLE}
2019-10-14 10:17:19,285 [ForkJoinPool.commonPool-worker-0] INFO  handler.ContextHandler (ContextHandler.java:doStop(910)) - Stopped o.e.j.s.ServletContextHandler@1cb9ef52{/logs,file:///workdir/hadoop-ozone/ozonefs/target/log,UNAVAILABLE}
2019-10-14 10:17:20,161 [Datanode State Machine Thread - 0] INFO  statemachine.DatanodeStateMachine (DatanodeStateMachine.java:lambda$startDaemon$0(350)) - Ozone container server started.
2019-10-14 10:17:20,521 [grpc-default-executor-2] WARN  server.GrpcLogAppender (LogUtils.java:warn(134)) - b45a675e-aeff-4ba4-9b40-8f6156737b33@group-1047010A7D5C->9e658c07-1fa4-4268-bcc4-d82f6334c8fc-AppendLogResponseHandler: Failed appendEntries: org.apache.ratis.thirdparty.io.grpc.StatusRuntimeException: UNAVAILABLE: io exception
2019-10-14 10:17:20,521 [grpc-default-executor-2] INFO  impl.FollowerInfo (FollowerInfo.java:lambda$new$0(51)) - b45a675e-aeff-4ba4-9b40-8f6156737b33@group-1047010A7D5C->9e658c07-1fa4-4268-bcc4-d82f6334c8fc: nextIndex: updateUnconditionally 0 -> 0
2019-10-14 10:17:20,524 [grpc-default-executor-4] WARN  server.GrpcLogAppender (LogUtils.java:warn(134)) - b45a675e-aeff-4ba4-9b40-8f6156737b33@group-1047010A7D5C->685ecb0d-c002-4fd0-97ff-08a2904709e1-AppendLogResponseHandler: Failed appendEntries: org.apache.ratis.thirdparty.io.grpc.StatusRuntimeException: UNAVAILABLE: io exception
2019-10-14 10:17:20,524 [grpc-default-executor-4] INFO  impl.FollowerInfo (FollowerInfo.java:lambda$new$0(51)) - b45a675e-aeff-4ba4-9b40-8f6156737b33@group-1047010A7D5C->685ecb0d-c002-4fd0-97ff-08a2904709e1: nextIndex: updateUnconditionally 0 -> 0
2019-10-14 10:17:23,022 [grpc-default-executor-1] WARN  server.GrpcLogAppender (LogUtils.java:warn(134)) - b45a675e-aeff-4ba4-9b40-8f6156737b33@group-1047010A7D5C->9e658c07-1fa4-4268-bcc4-d82f6334c8fc-AppendLogResponseHandler: Failed appendEntries: org.apache.ratis.thirdparty.io.grpc.StatusRuntimeException: UNAVAILABLE: io exception
2019-10-14 10:17:23,023 [grpc-default-executor-1] INFO  impl.FollowerInfo (FollowerInfo.java:lambda$new$0(51)) - b45a675e-aeff-4ba4-9b40-8f6156737b33@group-1047010A7D5C->9e658c07-1fa4-4268-bcc4-d82f6334c8fc: nextIndex: updateUnconditionally 0 -> 0
2019-10-14 10:17:23,026 [grpc-default-executor-4] WARN  server.GrpcLogAppender (LogUtils.java:warn(134)) - b45a675e-aeff-4ba4-9b40-8f6156737b33@group-1047010A7D5C->685ecb0d-c002-4fd0-97ff-08a2904709e1-AppendLogResponseHandler: Failed appendEntries: org.apache.ratis.thirdparty.io.grpc.StatusRuntimeException: UNAVAILABLE: io exception
2019-10-14 10:17:23,026 [grpc-default-executor-4] INFO  impl.FollowerInfo (FollowerInfo.java:lambda$new$0(51)) - b45a675e-aeff-4ba4-9b40-8f6156737b33@group-1047010A7D5C->685ecb0d-c002-4fd0-97ff-08a2904709e1: nextIndex: updateUnconditionally 0 -> 0
2019-10-14 10:17:23,065 [Thread-1059] INFO  impl.FollowerState (FollowerState.java:run(106)) - b45a675e-aeff-4ba4-9b40-8f6156737b33:group-EF1483759AD9 changes to CANDIDATE, lastRpcTime:9991, electionTimeout:5106ms
2019-10-14 10:17:23,066 [Thread-1059] INFO  impl.RoleInfo (RoleInfo.java:shutdownFollowerState(121)) - b45a675e-aeff-4ba4-9b40-8f6156737b33: shutdown FollowerState
2019-10-14 10:17:23,066 [Thread-1059] INFO  impl.RaftServerImpl (RaftServerImpl.java:setRole(174)) - b45a675e-aeff-4ba4-9b40-8f6156737b33@group-EF1483759AD9: changes role from  FOLLOWER to CANDIDATE at term 2 for changeToCandidate
2019-10-14 10:17:23,066 [Thread-1059] INFO  impl.RoleInfo (RoleInfo.java:updateAndGet(143)) - b45a675e-aeff-4ba4-9b40-8f6156737b33: start LeaderElection
2019-10-14 10:17:23,068 [b45a675e-aeff-4ba4-9b40-8f6156737b33@group-EF1483759AD9:LeaderElection42] INFO  impl.RaftServerImpl (ServerState.java:setLeader(253)) - b45a675e-aeff-4ba4-9b40-8f6156737b33@group-EF1483759AD9: change Leader from 9e658c07-1fa4-4268-bcc4-d82f6334c8fc to null at term 2 for initElection
2019-10-14 10:17:23,093 [b45a675e-aeff-4ba4-9b40-8f6156737b33@group-EF1483759AD9:LeaderElection42] INFO  impl.LeaderElection (LeaderElection.java:askForVotes(182)) - b45a675e-aeff-4ba4-9b40-8f6156737b33@group-EF1483759AD9:LeaderElection42: begin an election at term 3 for 0: [685ecb0d-c002-4fd0-97ff-08a2904709e1:192.168.164.214:33521, 9e658c07-1fa4-4268-bcc4-d82f6334c8fc:192.168.164.214:44135, b45a675e-aeff-4ba4-9b40-8f6156737b33:192.168.164.214:45207], old=null
2019-10-14 10:17:23,097 [b45a675e-aeff-4ba4-9b40-8f6156737b33@group-EF1483759AD9:LeaderElection42] INFO  impl.LeaderElection (LogUtils.java:infoOrTrace(149)) - b45a675e-aeff-4ba4-9b40-8f6156737b33@group-EF1483759AD9:LeaderElection42 got exception when requesting votes: {}
java.util.concurrent.ExecutionException: org.apache.ratis.thirdparty.io.grpc.StatusRuntimeException: UNAVAILABLE: io exception
	at java.util.concurrent.FutureTask.report(FutureTask.java:122)
	at java.util.concurrent.FutureTask.get(FutureTask.java:192)
	at org.apache.ratis.server.impl.LeaderElection.waitForResults(LeaderElection.java:263)
	at org.apache.ratis.server.impl.LeaderElection.askForVotes(LeaderElection.java:201)
	at org.apache.ratis.server.impl.LeaderElection.run(LeaderElection.java:133)
	at java.lang.Thread.run(Thread.java:748)
Caused by: org.apache.ratis.thirdparty.io.grpc.StatusRuntimeException: UNAVAILABLE: io exception
	at org.apache.ratis.thirdparty.io.grpc.stub.ClientCalls.toStatusRuntimeException(ClientCalls.java:233)
	at org.apache.ratis.thirdparty.io.grpc.stub.ClientCalls.getUnchecked(ClientCalls.java:214)
	at org.apache.ratis.thirdparty.io.grpc.stub.ClientCalls.blockingUnaryCall(ClientCalls.java:139)
	at org.apache.ratis.proto.grpc.RaftServerProtocolServiceGrpc$RaftServerProtocolServiceBlockingStub.requestVote(RaftServerProtocolServiceGrpc.java:265)
	at org.apache.ratis.grpc.server.GrpcServerProtocolClient.requestVote(GrpcServerProtocolClient.java:90)
	at org.apache.ratis.grpc.server.GrpcService.requestVote(GrpcService.java:204)
	at org.apache.ratis.server.impl.LeaderElection.lambda$submitRequests$1(LeaderElection.java:238)
	at java.util.concurrent.FutureTask.run(FutureTask.java:266)
	at java.util.concurrent.Executors$RunnableAdapter.call(Executors.java:511)
	at java.util.concurrent.FutureTask.run(FutureTask.java:266)
	at java.util.concurrent.ThreadPoolExecutor.runWorker(ThreadPoolExecutor.java:1149)
	at java.util.concurrent.ThreadPoolExecutor$Worker.run(ThreadPoolExecutor.java:624)
	... 1 more
Caused by: org.apache.ratis.thirdparty.io.netty.channel.AbstractChannel$AnnotatedConnectException: Connection refused: /192.168.164.214:33521
	at sun.nio.ch.SocketChannelImpl.checkConnect(Native Method)
	at sun.nio.ch.SocketChannelImpl.finishConnect(SocketChannelImpl.java:717)
	at org.apache.ratis.thirdparty.io.netty.channel.socket.nio.NioSocketChannel.doFinishConnect(NioSocketChannel.java:327)
	at org.apache.ratis.thirdparty.io.netty.channel.nio.AbstractNioChannel$AbstractNioUnsafe.finishConnect(AbstractNioChannel.java:340)
	at org.apache.ratis.thirdparty.io.netty.channel.nio.NioEventLoop.processSelectedKey(NioEventLoop.java:632)
	at org.apache.ratis.thirdparty.io.netty.channel.nio.NioEventLoop.processSelectedKeysOptimized(NioEventLoop.java:579)
	at org.apache.ratis.thirdparty.io.netty.channel.nio.NioEventLoop.processSelectedKeys(NioEventLoop.java:496)
	at org.apache.ratis.thirdparty.io.netty.channel.nio.NioEventLoop.run(NioEventLoop.java:458)
	at org.apache.ratis.thirdparty.io.netty.util.concurrent.SingleThreadEventExecutor$5.run(SingleThreadEventExecutor.java:897)
	at org.apache.ratis.thirdparty.io.netty.util.concurrent.FastThreadLocalRunnable.run(FastThreadLocalRunnable.java:30)
	... 1 more
Caused by: java.net.ConnectException: Connection refused
	... 11 more
2019-10-14 10:17:23,103 [b45a675e-aeff-4ba4-9b40-8f6156737b33@group-EF1483759AD9:LeaderElection42] INFO  impl.LeaderElection (LogUtils.java:infoOrTrace(149)) - b45a675e-aeff-4ba4-9b40-8f6156737b33@group-EF1483759AD9:LeaderElection42 got exception when requesting votes: {}
java.util.concurrent.ExecutionException: org.apache.ratis.thirdparty.io.grpc.StatusRuntimeException: UNAVAILABLE: io exception
	at java.util.concurrent.FutureTask.report(FutureTask.java:122)
	at java.util.concurrent.FutureTask.get(FutureTask.java:192)
	at org.apache.ratis.server.impl.LeaderElection.waitForResults(LeaderElection.java:263)
	at org.apache.ratis.server.impl.LeaderElection.askForVotes(LeaderElection.java:201)
	at org.apache.ratis.server.impl.LeaderElection.run(LeaderElection.java:133)
	at java.lang.Thread.run(Thread.java:748)
Caused by: org.apache.ratis.thirdparty.io.grpc.StatusRuntimeException: UNAVAILABLE: io exception
	at org.apache.ratis.thirdparty.io.grpc.stub.ClientCalls.toStatusRuntimeException(ClientCalls.java:233)
	at org.apache.ratis.thirdparty.io.grpc.stub.ClientCalls.getUnchecked(ClientCalls.java:214)
	at org.apache.ratis.thirdparty.io.grpc.stub.ClientCalls.blockingUnaryCall(ClientCalls.java:139)
	at org.apache.ratis.proto.grpc.RaftServerProtocolServiceGrpc$RaftServerProtocolServiceBlockingStub.requestVote(RaftServerProtocolServiceGrpc.java:265)
	at org.apache.ratis.grpc.server.GrpcServerProtocolClient.requestVote(GrpcServerProtocolClient.java:90)
	at org.apache.ratis.grpc.server.GrpcService.requestVote(GrpcService.java:204)
	at org.apache.ratis.server.impl.LeaderElection.lambda$submitRequests$1(LeaderElection.java:238)
	at java.util.concurrent.FutureTask.run(FutureTask.java:266)
	at java.util.concurrent.Executors$RunnableAdapter.call(Executors.java:511)
	at java.util.concurrent.FutureTask.run(FutureTask.java:266)
	at java.util.concurrent.ThreadPoolExecutor.runWorker(ThreadPoolExecutor.java:1149)
	at java.util.concurrent.ThreadPoolExecutor$Worker.run(ThreadPoolExecutor.java:624)
	... 1 more
Caused by: org.apache.ratis.thirdparty.io.netty.channel.AbstractChannel$AnnotatedConnectException: Connection refused: /192.168.164.214:44135
	at sun.nio.ch.SocketChannelImpl.checkConnect(Native Method)
	at sun.nio.ch.SocketChannelImpl.finishConnect(SocketChannelImpl.java:717)
	at org.apache.ratis.thirdparty.io.netty.channel.socket.nio.NioSocketChannel.doFinishConnect(NioSocketChannel.java:327)
	at org.apache.ratis.thirdparty.io.netty.channel.nio.AbstractNioChannel$AbstractNioUnsafe.finishConnect(AbstractNioChannel.java:340)
	at org.apache.ratis.thirdparty.io.netty.channel.nio.NioEventLoop.processSelectedKey(NioEventLoop.java:632)
	at org.apache.ratis.thirdparty.io.netty.channel.nio.NioEventLoop.processSelectedKeysOptimized(NioEventLoop.java:579)
	at org.apache.ratis.thirdparty.io.netty.channel.nio.NioEventLoop.processSelectedKeys(NioEventLoop.java:496)
	at org.apache.ratis.thirdparty.io.netty.channel.nio.NioEventLoop.run(NioEventLoop.java:458)
	at org.apache.ratis.thirdparty.io.netty.util.concurrent.SingleThreadEventExecutor$5.run(SingleThreadEventExecutor.java:897)
	at org.apache.ratis.thirdparty.io.netty.util.concurrent.FastThreadLocalRunnable.run(FastThreadLocalRunnable.java:30)
	... 1 more
Caused by: java.net.ConnectException: Connection refused
	... 11 more
2019-10-14 10:17:23,105 [b45a675e-aeff-4ba4-9b40-8f6156737b33@group-EF1483759AD9:LeaderElection42] INFO  impl.LeaderElection (LeaderElection.java:logAndReturn(56)) - b45a675e-aeff-4ba4-9b40-8f6156737b33@group-EF1483759AD9:LeaderElection42: Election REJECTED; received 0 response(s) [] and 2 exception(s); b45a675e-aeff-4ba4-9b40-8f6156737b33@group-EF1483759AD9:t3, leader=null, voted=b45a675e-aeff-4ba4-9b40-8f6156737b33, raftlog=b45a675e-aeff-4ba4-9b40-8f6156737b33@group-EF1483759AD9-SegmentedRaftLog:OPENED:c-1,f0,i0, conf=0: [685ecb0d-c002-4fd0-97ff-08a2904709e1:192.168.164.214:33521, 9e658c07-1fa4-4268-bcc4-d82f6334c8fc:192.168.164.214:44135, b45a675e-aeff-4ba4-9b40-8f6156737b33:192.168.164.214:45207], old=null
2019-10-14 10:17:23,105 [b45a675e-aeff-4ba4-9b40-8f6156737b33@group-EF1483759AD9:LeaderElection42] INFO  impl.LeaderElection (LogUtils.java:infoOrTrace(149)) -   Exception 0: {}
java.util.concurrent.ExecutionException: org.apache.ratis.thirdparty.io.grpc.StatusRuntimeException: UNAVAILABLE: io exception
	at java.util.concurrent.FutureTask.report(FutureTask.java:122)
	at java.util.concurrent.FutureTask.get(FutureTask.java:192)
	at org.apache.ratis.server.impl.LeaderElection.waitForResults(LeaderElection.java:263)
	at org.apache.ratis.server.impl.LeaderElection.askForVotes(LeaderElection.java:201)
	at org.apache.ratis.server.impl.LeaderElection.run(LeaderElection.java:133)
	at java.lang.Thread.run(Thread.java:748)
Caused by: org.apache.ratis.thirdparty.io.grpc.StatusRuntimeException: UNAVAILABLE: io exception
	at org.apache.ratis.thirdparty.io.grpc.stub.ClientCalls.toStatusRuntimeException(ClientCalls.java:233)
	at org.apache.ratis.thirdparty.io.grpc.stub.ClientCalls.getUnchecked(ClientCalls.java:214)
	at org.apache.ratis.thirdparty.io.grpc.stub.ClientCalls.blockingUnaryCall(ClientCalls.java:139)
	at org.apache.ratis.proto.grpc.RaftServerProtocolServiceGrpc$RaftServerProtocolServiceBlockingStub.requestVote(RaftServerProtocolServiceGrpc.java:265)
	at org.apache.ratis.grpc.server.GrpcServerProtocolClient.requestVote(GrpcServerProtocolClient.java:90)
	at org.apache.ratis.grpc.server.GrpcService.requestVote(GrpcService.java:204)
	at org.apache.ratis.server.impl.LeaderElection.lambda$submitRequests$1(LeaderElection.java:238)
	at java.util.concurrent.FutureTask.run(FutureTask.java:266)
	at java.util.concurrent.Executors$RunnableAdapter.call(Executors.java:511)
	at java.util.concurrent.FutureTask.run(FutureTask.java:266)
	at java.util.concurrent.ThreadPoolExecutor.runWorker(ThreadPoolExecutor.java:1149)
	at java.util.concurrent.ThreadPoolExecutor$Worker.run(ThreadPoolExecutor.java:624)
	... 1 more
Caused by: org.apache.ratis.thirdparty.io.netty.channel.AbstractChannel$AnnotatedConnectException: Connection refused: /192.168.164.214:33521
	at sun.nio.ch.SocketChannelImpl.checkConnect(Native Method)
	at sun.nio.ch.SocketChannelImpl.finishConnect(SocketChannelImpl.java:717)
	at org.apache.ratis.thirdparty.io.netty.channel.socket.nio.NioSocketChannel.doFinishConnect(NioSocketChannel.java:327)
	at org.apache.ratis.thirdparty.io.netty.channel.nio.AbstractNioChannel$AbstractNioUnsafe.finishConnect(AbstractNioChannel.java:340)
	at org.apache.ratis.thirdparty.io.netty.channel.nio.NioEventLoop.processSelectedKey(NioEventLoop.java:632)
	at org.apache.ratis.thirdparty.io.netty.channel.nio.NioEventLoop.processSelectedKeysOptimized(NioEventLoop.java:579)
	at org.apache.ratis.thirdparty.io.netty.channel.nio.NioEventLoop.processSelectedKeys(NioEventLoop.java:496)
	at org.apache.ratis.thirdparty.io.netty.channel.nio.NioEventLoop.run(NioEventLoop.java:458)
	at org.apache.ratis.thirdparty.io.netty.util.concurrent.SingleThreadEventExecutor$5.run(SingleThreadEventExecutor.java:897)
	at org.apache.ratis.thirdparty.io.netty.util.concurrent.FastThreadLocalRunnable.run(FastThreadLocalRunnable.java:30)
	... 1 more
Caused by: java.net.ConnectException: Connection refused
	... 11 more
2019-10-14 10:17:23,106 [b45a675e-aeff-4ba4-9b40-8f6156737b33@group-EF1483759AD9:LeaderElection42] INFO  impl.LeaderElection (LogUtils.java:infoOrTrace(149)) -   Exception 1: {}
java.util.concurrent.ExecutionException: org.apache.ratis.thirdparty.io.grpc.StatusRuntimeException: UNAVAILABLE: io exception
	at java.util.concurrent.FutureTask.report(FutureTask.java:122)
	at java.util.concurrent.FutureTask.get(FutureTask.java:192)
	at org.apache.ratis.server.impl.LeaderElection.waitForResults(LeaderElection.java:263)
	at org.apache.ratis.server.impl.LeaderElection.askForVotes(LeaderElection.java:201)
	at org.apache.ratis.server.impl.LeaderElection.run(LeaderElection.java:133)
	at java.lang.Thread.run(Thread.java:748)
Caused by: org.apache.ratis.thirdparty.io.grpc.StatusRuntimeException: UNAVAILABLE: io exception
	at org.apache.ratis.thirdparty.io.grpc.stub.ClientCalls.toStatusRuntimeException(ClientCalls.java:233)
	at org.apache.ratis.thirdparty.io.grpc.stub.ClientCalls.getUnchecked(ClientCalls.java:214)
	at org.apache.ratis.thirdparty.io.grpc.stub.ClientCalls.blockingUnaryCall(ClientCalls.java:139)
	at org.apache.ratis.proto.grpc.RaftServerProtocolServiceGrpc$RaftServerProtocolServiceBlockingStub.requestVote(RaftServerProtocolServiceGrpc.java:265)
	at org.apache.ratis.grpc.server.GrpcServerProtocolClient.requestVote(GrpcServerProtocolClient.java:90)
	at org.apache.ratis.grpc.server.GrpcService.requestVote(GrpcService.java:204)
	at org.apache.ratis.server.impl.LeaderElection.lambda$submitRequests$1(LeaderElection.java:238)
	at java.util.concurrent.FutureTask.run(FutureTask.java:266)
	at java.util.concurrent.Executors$RunnableAdapter.call(Executors.java:511)
	at java.util.concurrent.FutureTask.run(FutureTask.java:266)
	at java.util.concurrent.ThreadPoolExecutor.runWorker(ThreadPoolExecutor.java:1149)
	at java.util.concurrent.ThreadPoolExecutor$Worker.run(ThreadPoolExecutor.java:624)
	... 1 more
Caused by: org.apache.ratis.thirdparty.io.netty.channel.AbstractChannel$AnnotatedConnectException: Connection refused: /192.168.164.214:44135
	at sun.nio.ch.SocketChannelImpl.checkConnect(Native Method)
	at sun.nio.ch.SocketChannelImpl.finishConnect(SocketChannelImpl.java:717)
	at org.apache.ratis.thirdparty.io.netty.channel.socket.nio.NioSocketChannel.doFinishConnect(NioSocketChannel.java:327)
	at org.apache.ratis.thirdparty.io.netty.channel.nio.AbstractNioChannel$AbstractNioUnsafe.finishConnect(AbstractNioChannel.java:340)
	at org.apache.ratis.thirdparty.io.netty.channel.nio.NioEventLoop.processSelectedKey(NioEventLoop.java:632)
	at org.apache.ratis.thirdparty.io.netty.channel.nio.NioEventLoop.processSelectedKeysOptimized(NioEventLoop.java:579)
	at org.apache.ratis.thirdparty.io.netty.channel.nio.NioEventLoop.processSelectedKeys(NioEventLoop.java:496)
	at org.apache.ratis.thirdparty.io.netty.channel.nio.NioEventLoop.run(NioEventLoop.java:458)
	at org.apache.ratis.thirdparty.io.netty.util.concurrent.SingleThreadEventExecutor$5.run(SingleThreadEventExecutor.java:897)
	at org.apache.ratis.thirdparty.io.netty.util.concurrent.FastThreadLocalRunnable.run(FastThreadLocalRunnable.java:30)
	... 1 more
Caused by: java.net.ConnectException: Connection refused
	... 11 more
2019-10-14 10:17:23,106 [b45a675e-aeff-4ba4-9b40-8f6156737b33@group-EF1483759AD9:LeaderElection42] INFO  impl.RaftServerImpl (RaftServerImpl.java:setRole(174)) - b45a675e-aeff-4ba4-9b40-8f6156737b33@group-EF1483759AD9: changes role from CANDIDATE to FOLLOWER at term 3 for DISCOVERED_A_NEW_TERM
2019-10-14 10:17:23,106 [b45a675e-aeff-4ba4-9b40-8f6156737b33@group-EF1483759AD9:LeaderElection42] INFO  impl.RoleInfo (RoleInfo.java:shutdownLeaderElection(134)) - b45a675e-aeff-4ba4-9b40-8f6156737b33: shutdown LeaderElection
2019-10-14 10:17:23,107 [b45a675e-aeff-4ba4-9b40-8f6156737b33@group-EF1483759AD9:LeaderElection42] INFO  impl.RoleInfo (RoleInfo.java:updateAndGet(143)) - b45a675e-aeff-4ba4-9b40-8f6156737b33: start FollowerState
2019-10-14 10:17:24,274 [main] INFO  ozoneimpl.OzoneContainer (OzoneContainer.java:stop(231)) - Attempting to stop container services.
2019-10-14 10:17:24,277 [main] INFO  impl.RaftServerProxy (RaftServerProxy.java:lambda$close$4(314)) - b45a675e-aeff-4ba4-9b40-8f6156737b33: close
2019-10-14 10:17:24,277 [main] INFO  impl.RaftServerImpl (RaftServerImpl.java:lambda$shutdown$3(251)) - b45a675e-aeff-4ba4-9b40-8f6156737b33@group-EF1483759AD9: shutdown
2019-10-14 10:17:24,278 [main] INFO  util.JmxRegister (JmxRegister.java:unregister(73)) - Successfully un-registered JMX Bean with object name Ratis:service=RaftServer,group=group-EF1483759AD9,id=b45a675e-aeff-4ba4-9b40-8f6156737b33
2019-10-14 10:17:24,278 [main] INFO  impl.RoleInfo (RoleInfo.java:shutdownFollowerState(121)) - b45a675e-aeff-4ba4-9b40-8f6156737b33: shutdown FollowerState
2019-10-14 10:17:24,279 [main] INFO  impl.StateMachineUpdater (StateMachineUpdater.java:stopAndJoin(125)) - b45a675e-aeff-4ba4-9b40-8f6156737b33@group-EF1483759AD9-StateMachineUpdater: set stopIndex = -1
2019-10-14 10:17:24,279 [Thread-1087] INFO  impl.FollowerState (FollowerState.java:run(115)) - b45a675e-aeff-4ba4-9b40-8f6156737b33: FollowerState was interrupted: java.lang.InterruptedException: sleep interrupted
2019-10-14 10:17:24,279 [main] INFO  impl.RaftServerImpl (ServerState.java:close(385)) - b45a675e-aeff-4ba4-9b40-8f6156737b33@group-EF1483759AD9: closes. applyIndex: -1
2019-10-14 10:17:24,281 [b45a675e-aeff-4ba4-9b40-8f6156737b33@group-EF1483759AD9-SegmentedRaftLogWorker] INFO  segmented.SegmentedRaftLogWorker (SegmentedRaftLogWorker.java:run(313)) - b45a675e-aeff-4ba4-9b40-8f6156737b33@group-EF1483759AD9-SegmentedRaftLogWorker was interrupted, exiting. There are 0 tasks remaining in the queue.
2019-10-14 10:17:24,281 [main] INFO  segmented.SegmentedRaftLogWorker (SegmentedRaftLogWorker.java:close(228)) - b45a675e-aeff-4ba4-9b40-8f6156737b33@group-EF1483759AD9-SegmentedRaftLogWorker close()
2019-10-14 10:17:24,283 [main] INFO  impl.RaftServerImpl (RaftServerImpl.java:lambda$shutdown$3(251)) - b45a675e-aeff-4ba4-9b40-8f6156737b33@group-1047010A7D5C: shutdown
2019-10-14 10:17:24,283 [main] INFO  util.JmxRegister (JmxRegister.java:unregister(73)) - Successfully un-registered JMX Bean with object name Ratis:service=RaftServer,group=group-1047010A7D5C,id=b45a675e-aeff-4ba4-9b40-8f6156737b33
2019-10-14 10:17:24,284 [main] INFO  impl.RoleInfo (RoleInfo.java:shutdownLeaderState(104)) - b45a675e-aeff-4ba4-9b40-8f6156737b33: shutdown LeaderState
2019-10-14 10:17:24,289 [org.apache.ratis.server.impl.LogAppender$AppenderDaemon$$Lambda$230/1214125698@72937d1f] WARN  server.GrpcLogAppender (GrpcLogAppender.java:mayWait(143)) - b45a675e-aeff-4ba4-9b40-8f6156737b33@group-1047010A7D5C->685ecb0d-c002-4fd0-97ff-08a2904709e1-GrpcLogAppender: Wait interrupted by java.lang.InterruptedException
2019-10-14 10:17:24,289 [org.apache.ratis.server.impl.LogAppender$AppenderDaemon$$Lambda$230/1214125698@3fcbbe2] WARN  server.GrpcLogAppender (GrpcLogAppender.java:mayWait(143)) - b45a675e-aeff-4ba4-9b40-8f6156737b33@group-1047010A7D5C->9e658c07-1fa4-4268-bcc4-d82f6334c8fc-GrpcLogAppender: Wait interrupted by java.lang.InterruptedException
2019-10-14 10:17:24,289 [main] INFO  impl.PendingRequests (PendingRequests.java:sendNotLeaderResponses(202)) - b45a675e-aeff-4ba4-9b40-8f6156737b33-PendingRequests: sendNotLeaderResponses
2019-10-14 10:17:24,290 [main] INFO  impl.StateMachineUpdater (StateMachineUpdater.java:stopAndJoin(125)) - b45a675e-aeff-4ba4-9b40-8f6156737b33@group-1047010A7D5C-StateMachineUpdater: set stopIndex = 0
2019-10-14 10:17:24,290 [main] INFO  impl.RaftServerImpl (ServerState.java:close(385)) - b45a675e-aeff-4ba4-9b40-8f6156737b33@group-1047010A7D5C: closes. applyIndex: 0
2019-10-14 10:17:24,291 [b45a675e-aeff-4ba4-9b40-8f6156737b33@group-1047010A7D5C-SegmentedRaftLogWorker] INFO  segmented.SegmentedRaftLogWorker (SegmentedRaftLogWorker.java:run(313)) - b45a675e-aeff-4ba4-9b40-8f6156737b33@group-1047010A7D5C-SegmentedRaftLogWorker was interrupted, exiting. There are 0 tasks remaining in the queue.
2019-10-14 10:17:24,291 [main] INFO  segmented.SegmentedRaftLogWorker (SegmentedRaftLogWorker.java:close(228)) - b45a675e-aeff-4ba4-9b40-8f6156737b33@group-1047010A7D5C-SegmentedRaftLogWorker close()
2019-10-14 10:17:24,293 [main] INFO  impl.RaftServerImpl (RaftServerImpl.java:lambda$shutdown$3(251)) - b45a675e-aeff-4ba4-9b40-8f6156737b33@group-FA1439264B65: shutdown
2019-10-14 10:17:24,293 [main] INFO  util.JmxRegister (JmxRegister.java:unregister(73)) - Successfully un-registered JMX Bean with object name Ratis:service=RaftServer,group=group-FA1439264B65,id=b45a675e-aeff-4ba4-9b40-8f6156737b33
2019-10-14 10:17:24,294 [main] INFO  impl.RoleInfo (RoleInfo.java:shutdownLeaderState(104)) - b45a675e-aeff-4ba4-9b40-8f6156737b33: shutdown LeaderState
2019-10-14 10:17:24,294 [main] INFO  impl.PendingRequests (PendingRequests.java:sendNotLeaderResponses(202)) - b45a675e-aeff-4ba4-9b40-8f6156737b33-PendingRequests: sendNotLeaderResponses
2019-10-14 10:17:24,294 [main] INFO  impl.StateMachineUpdater (StateMachineUpdater.java:stopAndJoin(125)) - b45a675e-aeff-4ba4-9b40-8f6156737b33@group-FA1439264B65-StateMachineUpdater: set stopIndex = 0
2019-10-14 10:17:24,295 [main] INFO  impl.RaftServerImpl (ServerState.java:close(385)) - b45a675e-aeff-4ba4-9b40-8f6156737b33@group-FA1439264B65: closes. applyIndex: 0
2019-10-14 10:17:24,295 [b45a675e-aeff-4ba4-9b40-8f6156737b33@group-FA1439264B65-SegmentedRaftLogWorker] INFO  segmented.SegmentedRaftLogWorker (SegmentedRaftLogWorker.java:run(313)) - b45a675e-aeff-4ba4-9b40-8f6156737b33@group-FA1439264B65-SegmentedRaftLogWorker was interrupted, exiting. There are 0 tasks remaining in the queue.
2019-10-14 10:17:24,296 [main] INFO  segmented.SegmentedRaftLogWorker (SegmentedRaftLogWorker.java:close(228)) - b45a675e-aeff-4ba4-9b40-8f6156737b33@group-FA1439264B65-SegmentedRaftLogWorker close()
2019-10-14 10:17:24,297 [main] INFO  server.GrpcService (GrpcService.java:closeImpl(164)) - b45a675e-aeff-4ba4-9b40-8f6156737b33: shutdown server with port 45207 now
2019-10-14 10:17:24,297 [main] INFO  server.GrpcService (GrpcService.java:closeImpl(172)) - b45a675e-aeff-4ba4-9b40-8f6156737b33: shutdown server with port 45207 successfully
2019-10-14 10:17:24,304 [refreshUsed-/workdir/hadoop-ozone/ozonefs/target/test-dir/MiniOzoneClusterImpl-c76d7c66-f44c-4dfc-a708-d16c084e1c14/datanode-5/data/containers] WARN  fs.CachingGetSpaceUsed (CachingGetSpaceUsed.java:run(183)) - Thread Interrupted waiting to refresh disk information: sleep interrupted
2019-10-14 10:17:24,327 [main] INFO  utils.BackgroundService (BackgroundService.java:shutdown(148)) - Shutting down service BlockDeletingService
2019-10-14 10:17:24,333 [main] INFO  statemachine.DatanodeStateMachine (DatanodeStateMachine.java:stopDaemon(395)) - Ozone container server stopped.
2019-10-14 10:17:24,345 [main] INFO  handler.ContextHandler (ContextHandler.java:doStop(910)) - Stopped o.e.j.w.WebAppContext@4fa86cb8{/,null,UNAVAILABLE}{/hddsDatanode}
2019-10-14 10:17:24,347 [main] INFO  server.AbstractConnector (AbstractConnector.java:doStop(318)) - Stopped ServerConnector@54c60202{HTTP/1.1,[http/1.1]}{0.0.0.0:0}
2019-10-14 10:17:24,347 [main] INFO  handler.ContextHandler (ContextHandler.java:doStop(910)) - Stopped o.e.j.s.ServletContextHandler@6b8d54da{/static,jar:file:/home/user/.m2/repository/org/apache/hadoop/hadoop-hdds-container-service/0.5.0-SNAPSHOT/hadoop-hdds-container-service-0.5.0-SNAPSHOT.jar!/webapps/static,UNAVAILABLE}
2019-10-14 10:17:24,348 [main] INFO  handler.ContextHandler (ContextHandler.java:doStop(910)) - Stopped o.e.j.s.ServletContextHandler@28ee0a3c{/logs,file:///workdir/hadoop-ozone/ozonefs/target/log,UNAVAILABLE}
2019-10-14 10:17:24,349 [main] INFO  ozone.MiniOzoneClusterImpl (MiniOzoneClusterImpl.java:stopSCM(392)) - Stopping the StorageContainerManager
2019-10-14 10:17:24,349 [main] INFO  server.StorageContainerManager (StorageContainerManager.java:stop(808)) - Stopping Replication Manager Service.
2019-10-14 10:17:24,349 [main] INFO  container.ReplicationManager (ReplicationManager.java:stop(204)) - Stopping Replication Monitor Thread.
2019-10-14 10:17:24,349 [main] INFO  server.StorageContainerManager (StorageContainerManager.java:stop(815)) - Stopping Lease Manager of the command watchers
2019-10-14 10:17:24,350 [main] INFO  server.StorageContainerManager (StorageContainerManager.java:stop(822)) - Stopping datanode service RPC server
2019-10-14 10:17:24,350 [main] INFO  server.SCMDatanodeProtocolServer (SCMDatanodeProtocolServer.java:stop(367)) - Stopping the RPC server for DataNodes
2019-10-14 10:17:24,350 [main] INFO  ipc.Server (Server.java:stop(3082)) - Stopping server on 41414
2019-10-14 10:17:24,352 [IPC Server listener on 41414] INFO  ipc.Server (Server.java:run(1185)) - Stopping IPC Server listener on 41414
2019-10-14 10:17:24,352 [IPC Server Responder] INFO  ipc.Server (Server.java:run(1319)) - Stopping IPC Server Responder
2019-10-14 10:17:24,432 [SCM Heartbeat Processing Thread - 0] WARN  node.NodeStateManager (NodeStateManager.java:scheduleNextHealthCheck(655)) - Current Thread is interrupted, shutting down HB processing thread for Node Manager.
2019-10-14 10:17:24,432 [main] INFO  server.StorageContainerManager (StorageContainerManager.java:stop(830)) - Stopping block service RPC server
2019-10-14 10:17:24,433 [main] INFO  server.SCMBlockProtocolServer (SCMBlockProtocolServer.java:stop(155)) - Stopping the RPC server for Block Protocol
2019-10-14 10:17:24,433 [main] INFO  ipc.Server (Server.java:stop(3082)) - Stopping server on 43273
2019-10-14 10:17:24,435 [IPC Server listener on 43273] INFO  ipc.Server (Server.java:run(1185)) - Stopping IPC Server listener on 43273
2019-10-14 10:17:24,435 [main] INFO  server.StorageContainerManager (StorageContainerManager.java:stop(837)) - Stopping the StorageContainerLocationProtocol RPC server
2019-10-14 10:17:24,435 [IPC Server Responder] INFO  ipc.Server (Server.java:run(1319)) - Stopping IPC Server Responder
2019-10-14 10:17:24,436 [main] INFO  server.SCMClientProtocolServer (SCMClientProtocolServer.java:stop(159)) - Stopping the RPC server for Client Protocol
2019-10-14 10:17:24,437 [main] INFO  ipc.Server (Server.java:stop(3082)) - Stopping server on 42327
2019-10-14 10:17:24,438 [IPC Server listener on 42327] INFO  ipc.Server (Server.java:run(1185)) - Stopping IPC Server listener on 42327
2019-10-14 10:17:24,438 [IPC Server Responder] INFO  ipc.Server (Server.java:run(1319)) - Stopping IPC Server Responder
2019-10-14 10:17:24,438 [main] INFO  server.StorageContainerManager (StorageContainerManager.java:stop(844)) - Stopping Storage Container Manager HTTP server.
2019-10-14 10:17:24,441 [main] INFO  handler.ContextHandler (ContextHandler.java:doStop(910)) - Stopped o.e.j.w.WebAppContext@590765c4{/,null,UNAVAILABLE}{/scm}
2019-10-14 10:17:24,442 [main] INFO  server.AbstractConnector (AbstractConnector.java:doStop(318)) - Stopped ServerConnector@19489b27{HTTP/1.1,[http/1.1]}{0.0.0.0:0}
2019-10-14 10:17:24,442 [main] INFO  handler.ContextHandler (ContextHandler.java:doStop(910)) - Stopped o.e.j.s.ServletContextHandler@2574a9e3{/static,jar:file:/home/user/.m2/repository/org/apache/hadoop/hadoop-hdds-server-scm/0.5.0-SNAPSHOT/hadoop-hdds-server-scm-0.5.0-SNAPSHOT.jar!/webapps/static,UNAVAILABLE}
2019-10-14 10:17:24,442 [main] INFO  handler.ContextHandler (ContextHandler.java:doStop(910)) - Stopped o.e.j.s.ServletContextHandler@3b0c3951{/logs,file:///workdir/hadoop-ozone/ozonefs/target/log,UNAVAILABLE}
2019-10-14 10:17:24,443 [main] INFO  server.StorageContainerManager (StorageContainerManager.java:stop(855)) - Stopping Block Manager Service.
2019-10-14 10:17:24,443 [main] INFO  utils.BackgroundService (BackgroundService.java:shutdown(148)) - Shutting down service SCMBlockDeletingService
2019-10-14 10:17:24,444 [main] INFO  utils.BackgroundService (BackgroundService.java:shutdown(148)) - Shutting down service SCMBlockDeletingService
2019-10-14 10:17:24,444 [main] INFO  server.StorageContainerManager (StorageContainerManager.java:stop(877)) - Stopping SCM Event Queue.
2019-10-14 10:17:24,448 [main] INFO  impl.MetricsSystemImpl (MetricsSystemImpl.java:stop(210)) - Stopping HddsDatanode metrics system...
2019-10-14 10:17:24,464 [main] INFO  impl.MetricsSystemImpl (MetricsSystemImpl.java:stop(216)) - HddsDatanode metrics system stopped.
]]></system-out>
    <system-err><![CDATA[-ls: Ozone file system URL should be one of the following formats: o3fs://bucket.volume/key  OR o3fs://bucket.volume.om-host.example.com/key  OR o3fs://bucket.volume.om-host.example.com:5678/key
Usage: hadoop fs [generic options]
	[-appendToFile <localsrc> ... <dst>]
	[-cat [-ignoreCrc] <src> ...]
	[-checksum <src> ...]
	[-chgrp [-R] GROUP PATH...]
	[-chmod [-R] <MODE[,MODE]... | OCTALMODE> PATH...]
	[-chown [-R] [OWNER][:[GROUP]] PATH...]
	[-copyFromLocal [-f] [-p] [-l] [-d] [-t <thread count>] <localsrc> ... <dst>]
	[-copyToLocal [-f] [-p] [-ignoreCrc] [-crc] <src> ... <localdst>]
	[-count [-q] [-h] [-v] [-t [<storage type>]] [-u] [-x] [-e] <path> ...]
	[-cp [-f] [-p | -p[topax]] [-d] <src> ... <dst>]
	[-createSnapshot <snapshotDir> [<snapshotName>]]
	[-deleteSnapshot <snapshotDir> <snapshotName>]
	[-df [-h] [<path> ...]]
	[-du [-s] [-h] [-v] [-x] <path> ...]
	[-expunge]
	[-find <path> ... <expression> ...]
	[-get [-f] [-p] [-ignoreCrc] [-crc] <src> ... <localdst>]
	[-getfacl [-R] <path>]
	[-getfattr [-R] {-n name | -d} [-e en] <path>]
	[-getmerge [-nl] [-skip-empty-file] <src> <localdst>]
	[-head <file>]
	[-help [cmd ...]]
	[-ls [-C] [-d] [-h] [-q] [-R] [-t] [-S] [-r] [-u] [-e] [<path> ...]]
	[-mkdir [-p] <path> ...]
	[-moveFromLocal <localsrc> ... <dst>]
	[-moveToLocal <src> <localdst>]
	[-mv <src> ... <dst>]
	[-put [-f] [-p] [-l] [-d] <localsrc> ... <dst>]
	[-renameSnapshot <snapshotDir> <oldName> <newName>]
	[-rm [-f] [-r|-R] [-skipTrash] [-safely] <src> ...]
	[-rmdir [--ignore-fail-on-non-empty] <dir> ...]
	[-setfacl [-R] [{-b|-k} {-m|-x <acl_spec>} <path>]|[--set <acl_spec> <path>]]
	[-setfattr {-n name [-v value] | -x name} <path>]
	[-setrep [-R] [-w] <rep> <path> ...]
	[-stat [format] <path> ...]
	[-tail [-f] <file>]
	[-test -[defsz] <path>]
	[-text [-ignoreCrc] <src> ...]
	[-touch [-a] [-m] [-t TIMESTAMP ] [-c] <path> ...]
	[-touchz <path> ...]
	[-truncate [-w] <length> <path> ...]
	[-usage [cmd ...]]

Generic options supported are:
-conf <configuration file>        specify an application configuration file
-D <property=value>               define a value for a given property
-fs <file:///|hdfs://namenode:port> specify default filesystem URL to use, overrides 'fs.defaultFS' property from configurations.
-jt <local|resourcemanager:port>  specify a ResourceManager
-files <file1,...>                specify a comma-separated list of files to be copied to the map reduce cluster
-libjars <jar1,...>               specify a comma-separated list of jar files to be included in the classpath
-archives <archive1,...>          specify a comma-separated list of archives to be unarchived on the compute machines

The general command line syntax is:
command [genericOptions] [commandOptions]

Usage: hadoop fs [generic options] -ls [-C] [-d] [-h] [-q] [-R] [-t] [-S] [-r] [-u] [-e] [<path> ...]
-ls: Ozone file system URL should be one of the following formats: o3fs://bucket.volume/key  OR o3fs://bucket.volume.om-host.example.com/key  OR o3fs://bucket.volume.om-host.example.com:5678/key
Usage: hadoop fs [generic options]
	[-appendToFile <localsrc> ... <dst>]
	[-cat [-ignoreCrc] <src> ...]
	[-checksum <src> ...]
	[-chgrp [-R] GROUP PATH...]
	[-chmod [-R] <MODE[,MODE]... | OCTALMODE> PATH...]
	[-chown [-R] [OWNER][:[GROUP]] PATH...]
	[-copyFromLocal [-f] [-p] [-l] [-d] [-t <thread count>] <localsrc> ... <dst>]
	[-copyToLocal [-f] [-p] [-ignoreCrc] [-crc] <src> ... <localdst>]
	[-count [-q] [-h] [-v] [-t [<storage type>]] [-u] [-x] [-e] <path> ...]
	[-cp [-f] [-p | -p[topax]] [-d] <src> ... <dst>]
	[-createSnapshot <snapshotDir> [<snapshotName>]]
	[-deleteSnapshot <snapshotDir> <snapshotName>]
	[-df [-h] [<path> ...]]
	[-du [-s] [-h] [-v] [-x] <path> ...]
	[-expunge]
	[-find <path> ... <expression> ...]
	[-get [-f] [-p] [-ignoreCrc] [-crc] <src> ... <localdst>]
	[-getfacl [-R] <path>]
	[-getfattr [-R] {-n name | -d} [-e en] <path>]
	[-getmerge [-nl] [-skip-empty-file] <src> <localdst>]
	[-head <file>]
	[-help [cmd ...]]
	[-ls [-C] [-d] [-h] [-q] [-R] [-t] [-S] [-r] [-u] [-e] [<path> ...]]
	[-mkdir [-p] <path> ...]
	[-moveFromLocal <localsrc> ... <dst>]
	[-moveToLocal <src> <localdst>]
	[-mv <src> ... <dst>]
	[-put [-f] [-p] [-l] [-d] <localsrc> ... <dst>]
	[-renameSnapshot <snapshotDir> <oldName> <newName>]
	[-rm [-f] [-r|-R] [-skipTrash] [-safely] <src> ...]
	[-rmdir [--ignore-fail-on-non-empty] <dir> ...]
	[-setfacl [-R] [{-b|-k} {-m|-x <acl_spec>} <path>]|[--set <acl_spec> <path>]]
	[-setfattr {-n name [-v value] | -x name} <path>]
	[-setrep [-R] [-w] <rep> <path> ...]
	[-stat [format] <path> ...]
	[-tail [-f] <file>]
	[-test -[defsz] <path>]
	[-text [-ignoreCrc] <src> ...]
	[-touch [-a] [-m] [-t TIMESTAMP ] [-c] <path> ...]
	[-touchz <path> ...]
	[-truncate [-w] <length> <path> ...]
	[-usage [cmd ...]]

Generic options supported are:
-conf <configuration file>        specify an application configuration file
-D <property=value>               define a value for a given property
-fs <file:///|hdfs://namenode:port> specify default filesystem URL to use, overrides 'fs.defaultFS' property from configurations.
-jt <local|resourcemanager:port>  specify a ResourceManager
-files <file1,...>                specify a comma-separated list of files to be copied to the map reduce cluster
-libjars <jar1,...>               specify a comma-separated list of jar files to be included in the classpath
-archives <archive1,...>          specify a comma-separated list of archives to be unarchived on the compute machines

The general command line syntax is:
command [genericOptions] [commandOptions]

Usage: hadoop fs [generic options] -ls [-C] [-d] [-h] [-q] [-R] [-t] [-S] [-r] [-u] [-e] [<path> ...]
-ls: Ozone file system URL should be one of the following formats: o3fs://bucket.volume/key  OR o3fs://bucket.volume.om-host.example.com/key  OR o3fs://bucket.volume.om-host.example.com:5678/key
Usage: hadoop fs [generic options]
	[-appendToFile <localsrc> ... <dst>]
	[-cat [-ignoreCrc] <src> ...]
	[-checksum <src> ...]
	[-chgrp [-R] GROUP PATH...]
	[-chmod [-R] <MODE[,MODE]... | OCTALMODE> PATH...]
	[-chown [-R] [OWNER][:[GROUP]] PATH...]
	[-copyFromLocal [-f] [-p] [-l] [-d] [-t <thread count>] <localsrc> ... <dst>]
	[-copyToLocal [-f] [-p] [-ignoreCrc] [-crc] <src> ... <localdst>]
	[-count [-q] [-h] [-v] [-t [<storage type>]] [-u] [-x] [-e] <path> ...]
	[-cp [-f] [-p | -p[topax]] [-d] <src> ... <dst>]
	[-createSnapshot <snapshotDir> [<snapshotName>]]
	[-deleteSnapshot <snapshotDir> <snapshotName>]
	[-df [-h] [<path> ...]]
	[-du [-s] [-h] [-v] [-x] <path> ...]
	[-expunge]
	[-find <path> ... <expression> ...]
	[-get [-f] [-p] [-ignoreCrc] [-crc] <src> ... <localdst>]
	[-getfacl [-R] <path>]
	[-getfattr [-R] {-n name | -d} [-e en] <path>]
	[-getmerge [-nl] [-skip-empty-file] <src> <localdst>]
	[-head <file>]
	[-help [cmd ...]]
	[-ls [-C] [-d] [-h] [-q] [-R] [-t] [-S] [-r] [-u] [-e] [<path> ...]]
	[-mkdir [-p] <path> ...]
	[-moveFromLocal <localsrc> ... <dst>]
	[-moveToLocal <src> <localdst>]
	[-mv <src> ... <dst>]
	[-put [-f] [-p] [-l] [-d] <localsrc> ... <dst>]
	[-renameSnapshot <snapshotDir> <oldName> <newName>]
	[-rm [-f] [-r|-R] [-skipTrash] [-safely] <src> ...]
	[-rmdir [--ignore-fail-on-non-empty] <dir> ...]
	[-setfacl [-R] [{-b|-k} {-m|-x <acl_spec>} <path>]|[--set <acl_spec> <path>]]
	[-setfattr {-n name [-v value] | -x name} <path>]
	[-setrep [-R] [-w] <rep> <path> ...]
	[-stat [format] <path> ...]
	[-tail [-f] <file>]
	[-test -[defsz] <path>]
	[-text [-ignoreCrc] <src> ...]
	[-touch [-a] [-m] [-t TIMESTAMP ] [-c] <path> ...]
	[-touchz <path> ...]
	[-truncate [-w] <length> <path> ...]
	[-usage [cmd ...]]

Generic options supported are:
-conf <configuration file>        specify an application configuration file
-D <property=value>               define a value for a given property
-fs <file:///|hdfs://namenode:port> specify default filesystem URL to use, overrides 'fs.defaultFS' property from configurations.
-jt <local|resourcemanager:port>  specify a ResourceManager
-files <file1,...>                specify a comma-separated list of files to be copied to the map reduce cluster
-libjars <jar1,...>               specify a comma-separated list of jar files to be included in the classpath
-archives <archive1,...>          specify a comma-separated list of archives to be unarchived on the compute machines

The general command line syntax is:
command [genericOptions] [commandOptions]

Usage: hadoop fs [generic options] -ls [-C] [-d] [-h] [-q] [-R] [-t] [-S] [-r] [-u] [-e] [<path> ...]
-ls: Service ID or host name must not be omitted when ozone.om.service.ids is defined.
Usage: hadoop fs [generic options]
	[-appendToFile <localsrc> ... <dst>]
	[-cat [-ignoreCrc] <src> ...]
	[-checksum <src> ...]
	[-chgrp [-R] GROUP PATH...]
	[-chmod [-R] <MODE[,MODE]... | OCTALMODE> PATH...]
	[-chown [-R] [OWNER][:[GROUP]] PATH...]
	[-copyFromLocal [-f] [-p] [-l] [-d] [-t <thread count>] <localsrc> ... <dst>]
	[-copyToLocal [-f] [-p] [-ignoreCrc] [-crc] <src> ... <localdst>]
	[-count [-q] [-h] [-v] [-t [<storage type>]] [-u] [-x] [-e] <path> ...]
	[-cp [-f] [-p | -p[topax]] [-d] <src> ... <dst>]
	[-createSnapshot <snapshotDir> [<snapshotName>]]
	[-deleteSnapshot <snapshotDir> <snapshotName>]
	[-df [-h] [<path> ...]]
	[-du [-s] [-h] [-v] [-x] <path> ...]
	[-expunge]
	[-find <path> ... <expression> ...]
	[-get [-f] [-p] [-ignoreCrc] [-crc] <src> ... <localdst>]
	[-getfacl [-R] <path>]
	[-getfattr [-R] {-n name | -d} [-e en] <path>]
	[-getmerge [-nl] [-skip-empty-file] <src> <localdst>]
	[-head <file>]
	[-help [cmd ...]]
	[-ls [-C] [-d] [-h] [-q] [-R] [-t] [-S] [-r] [-u] [-e] [<path> ...]]
	[-mkdir [-p] <path> ...]
	[-moveFromLocal <localsrc> ... <dst>]
	[-moveToLocal <src> <localdst>]
	[-mv <src> ... <dst>]
	[-put [-f] [-p] [-l] [-d] <localsrc> ... <dst>]
	[-renameSnapshot <snapshotDir> <oldName> <newName>]
	[-rm [-f] [-r|-R] [-skipTrash] [-safely] <src> ...]
	[-rmdir [--ignore-fail-on-non-empty] <dir> ...]
	[-setfacl [-R] [{-b|-k} {-m|-x <acl_spec>} <path>]|[--set <acl_spec> <path>]]
	[-setfattr {-n name [-v value] | -x name} <path>]
	[-setrep [-R] [-w] <rep> <path> ...]
	[-stat [format] <path> ...]
	[-tail [-f] <file>]
	[-test -[defsz] <path>]
	[-text [-ignoreCrc] <src> ...]
	[-touch [-a] [-m] [-t TIMESTAMP ] [-c] <path> ...]
	[-touchz <path> ...]
	[-truncate [-w] <length> <path> ...]
	[-usage [cmd ...]]

Generic options supported are:
-conf <configuration file>        specify an application configuration file
-D <property=value>               define a value for a given property
-fs <file:///|hdfs://namenode:port> specify default filesystem URL to use, overrides 'fs.defaultFS' property from configurations.
-jt <local|resourcemanager:port>  specify a ResourceManager
-files <file1,...>                specify a comma-separated list of files to be copied to the map reduce cluster
-libjars <jar1,...>               specify a comma-separated list of jar files to be included in the classpath
-archives <archive1,...>          specify a comma-separated list of archives to be unarchived on the compute machines

The general command line syntax is:
command [genericOptions] [commandOptions]

Usage: hadoop fs [generic options] -ls [-C] [-d] [-h] [-q] [-R] [-t] [-S] [-r] [-u] [-e] [<path> ...]
Oct 14, 2019 10:17:03 AM org.apache.ratis.thirdparty.io.grpc.internal.SerializingExecutor run
SEVERE: Exception while executing runnable org.apache.ratis.thirdparty.io.grpc.internal.ServerImpl$JumpToApplicationThreadServerStreamListener$1Closed@394397cc
org.apache.ratis.thirdparty.io.grpc.StatusRuntimeException: CANCELLED: call already cancelled
	at org.apache.ratis.thirdparty.io.grpc.Status.asRuntimeException(Status.java:517)
	at org.apache.ratis.thirdparty.io.grpc.stub.ServerCalls$ServerCallStreamObserverImpl.onCompleted(ServerCalls.java:356)
	at org.apache.ratis.grpc.server.GrpcServerProtocolService$ServerRequestStreamObserver.onError(GrpcServerProtocolService.java:121)
	at org.apache.ratis.thirdparty.io.grpc.stub.ServerCalls$StreamingServerCallHandler$StreamingServerCallListener.onCancel(ServerCalls.java:269)
	at org.apache.ratis.thirdparty.io.grpc.internal.ServerCallImpl$ServerStreamListenerImpl.closed(ServerCallImpl.java:293)
	at org.apache.ratis.thirdparty.io.grpc.internal.ServerImpl$JumpToApplicationThreadServerStreamListener$1Closed.runInContext(ServerImpl.java:741)
	at org.apache.ratis.thirdparty.io.grpc.internal.ContextRunnable.run(ContextRunnable.java:37)
	at org.apache.ratis.thirdparty.io.grpc.internal.SerializingExecutor.run(SerializingExecutor.java:123)
	at java.util.concurrent.ThreadPoolExecutor.runWorker(ThreadPoolExecutor.java:1149)
	at java.util.concurrent.ThreadPoolExecutor$Worker.run(ThreadPoolExecutor.java:624)
	at java.lang.Thread.run(Thread.java:748)

Oct 14, 2019 10:17:08 AM org.apache.ratis.thirdparty.io.grpc.internal.SerializingExecutor run
SEVERE: Exception while executing runnable org.apache.ratis.thirdparty.io.grpc.internal.ServerImpl$JumpToApplicationThreadServerStreamListener$1Closed@7c52dfdd
org.apache.ratis.thirdparty.io.grpc.StatusRuntimeException: CANCELLED: call already cancelled
	at org.apache.ratis.thirdparty.io.grpc.Status.asRuntimeException(Status.java:517)
	at org.apache.ratis.thirdparty.io.grpc.stub.ServerCalls$ServerCallStreamObserverImpl.onCompleted(ServerCalls.java:356)
	at org.apache.ratis.grpc.server.GrpcServerProtocolService$ServerRequestStreamObserver.onError(GrpcServerProtocolService.java:121)
	at org.apache.ratis.thirdparty.io.grpc.stub.ServerCalls$StreamingServerCallHandler$StreamingServerCallListener.onCancel(ServerCalls.java:269)
	at org.apache.ratis.thirdparty.io.grpc.internal.ServerCallImpl$ServerStreamListenerImpl.closed(ServerCallImpl.java:293)
	at org.apache.ratis.thirdparty.io.grpc.internal.ServerImpl$JumpToApplicationThreadServerStreamListener$1Closed.runInContext(ServerImpl.java:741)
	at org.apache.ratis.thirdparty.io.grpc.internal.ContextRunnable.run(ContextRunnable.java:37)
	at org.apache.ratis.thirdparty.io.grpc.internal.SerializingExecutor.run(SerializingExecutor.java:123)
	at java.util.concurrent.ThreadPoolExecutor.runWorker(ThreadPoolExecutor.java:1149)
	at java.util.concurrent.ThreadPoolExecutor$Worker.run(ThreadPoolExecutor.java:624)
	at java.lang.Thread.run(Thread.java:748)

Oct 14, 2019 10:17:13 AM org.apache.ratis.thirdparty.io.grpc.internal.SerializingExecutor run
SEVERE: Exception while executing runnable org.apache.ratis.thirdparty.io.grpc.internal.ServerImpl$JumpToApplicationThreadServerStreamListener$1Closed@57a14280
org.apache.ratis.thirdparty.io.grpc.StatusRuntimeException: CANCELLED: call already cancelled
	at org.apache.ratis.thirdparty.io.grpc.Status.asRuntimeException(Status.java:517)
	at org.apache.ratis.thirdparty.io.grpc.stub.ServerCalls$ServerCallStreamObserverImpl.onCompleted(ServerCalls.java:356)
	at org.apache.ratis.grpc.server.GrpcServerProtocolService$ServerRequestStreamObserver.onError(GrpcServerProtocolService.java:121)
	at org.apache.ratis.thirdparty.io.grpc.stub.ServerCalls$StreamingServerCallHandler$StreamingServerCallListener.onCancel(ServerCalls.java:269)
	at org.apache.ratis.thirdparty.io.grpc.internal.ServerCallImpl$ServerStreamListenerImpl.closed(ServerCallImpl.java:293)
	at org.apache.ratis.thirdparty.io.grpc.internal.ServerImpl$JumpToApplicationThreadServerStreamListener$1Closed.runInContext(ServerImpl.java:741)
	at org.apache.ratis.thirdparty.io.grpc.internal.ContextRunnable.run(ContextRunnable.java:37)
	at org.apache.ratis.thirdparty.io.grpc.internal.SerializingExecutor.run(SerializingExecutor.java:123)
	at java.util.concurrent.ThreadPoolExecutor.runWorker(ThreadPoolExecutor.java:1149)
	at java.util.concurrent.ThreadPoolExecutor$Worker.run(ThreadPoolExecutor.java:624)
	at java.lang.Thread.run(Thread.java:748)

Oct 14, 2019 10:17:13 AM org.apache.ratis.thirdparty.io.grpc.internal.SerializingExecutor run
SEVERE: Exception while executing runnable org.apache.ratis.thirdparty.io.grpc.internal.ServerImpl$JumpToApplicationThreadServerStreamListener$1Closed@693859eb
org.apache.ratis.thirdparty.io.grpc.StatusRuntimeException: CANCELLED: call already cancelled
	at org.apache.ratis.thirdparty.io.grpc.Status.asRuntimeException(Status.java:517)
	at org.apache.ratis.thirdparty.io.grpc.stub.ServerCalls$ServerCallStreamObserverImpl.onCompleted(ServerCalls.java:356)
	at org.apache.ratis.grpc.server.GrpcServerProtocolService$ServerRequestStreamObserver.onError(GrpcServerProtocolService.java:121)
	at org.apache.ratis.thirdparty.io.grpc.stub.ServerCalls$StreamingServerCallHandler$StreamingServerCallListener.onCancel(ServerCalls.java:269)
	at org.apache.ratis.thirdparty.io.grpc.internal.ServerCallImpl$ServerStreamListenerImpl.closed(ServerCallImpl.java:293)
	at org.apache.ratis.thirdparty.io.grpc.internal.ServerImpl$JumpToApplicationThreadServerStreamListener$1Closed.runInContext(ServerImpl.java:741)
	at org.apache.ratis.thirdparty.io.grpc.internal.ContextRunnable.run(ContextRunnable.java:37)
	at org.apache.ratis.thirdparty.io.grpc.internal.SerializingExecutor.run(SerializingExecutor.java:123)
	at java.util.concurrent.ThreadPoolExecutor.runWorker(ThreadPoolExecutor.java:1149)
	at java.util.concurrent.ThreadPoolExecutor$Worker.run(ThreadPoolExecutor.java:624)
	at java.lang.Thread.run(Thread.java:748)

Oct 14, 2019 10:17:18 AM org.apache.ratis.thirdparty.io.grpc.internal.SerializingExecutor run
SEVERE: Exception while executing runnable org.apache.ratis.thirdparty.io.grpc.internal.ServerImpl$JumpToApplicationThreadServerStreamListener$1Closed@3b2904a0
org.apache.ratis.thirdparty.io.grpc.StatusRuntimeException: CANCELLED: call already cancelled
	at org.apache.ratis.thirdparty.io.grpc.Status.asRuntimeException(Status.java:517)
	at org.apache.ratis.thirdparty.io.grpc.stub.ServerCalls$ServerCallStreamObserverImpl.onCompleted(ServerCalls.java:356)
	at org.apache.ratis.grpc.server.GrpcServerProtocolService$ServerRequestStreamObserver.onError(GrpcServerProtocolService.java:121)
	at org.apache.ratis.thirdparty.io.grpc.stub.ServerCalls$StreamingServerCallHandler$StreamingServerCallListener.onCancel(ServerCalls.java:269)
	at org.apache.ratis.thirdparty.io.grpc.internal.ServerCallImpl$ServerStreamListenerImpl.closed(ServerCallImpl.java:293)
	at org.apache.ratis.thirdparty.io.grpc.internal.ServerImpl$JumpToApplicationThreadServerStreamListener$1Closed.runInContext(ServerImpl.java:741)
	at org.apache.ratis.thirdparty.io.grpc.internal.ContextRunnable.run(ContextRunnable.java:37)
	at org.apache.ratis.thirdparty.io.grpc.internal.SerializingExecutor.run(SerializingExecutor.java:123)
	at java.util.concurrent.ThreadPoolExecutor.runWorker(ThreadPoolExecutor.java:1149)
	at java.util.concurrent.ThreadPoolExecutor$Worker.run(ThreadPoolExecutor.java:624)
	at java.lang.Thread.run(Thread.java:748)

]]></system-err>
  </testcase>
</testsuite>