<?xml version="1.0" encoding="UTF-8"?>
<testsuite xmlns:xsi="http://www.w3.org/2001/XMLSchema-instance" xsi:noNamespaceSchemaLocation="https://maven.apache.org/surefire/maven-surefire-plugin/xsd/surefire-test-report.xsd" name="org.apache.hadoop.ozone.client.rpc.TestFailureHandlingByClient" time="320.034" tests="5" errors="0" skipped="0" failures="1">
  <properties>
    <property name="awt.toolkit" value="sun.awt.X11.XToolkit"/>
    <property name="file.encoding.pkg" value="sun.io"/>
    <property name="java.specification.version" value="1.8"/>
    <property name="sun.cpu.isalist" value=""/>
    <property name="sun.jnu.encoding" value="ANSI_X3.4-1968"/>
    <property name="java.class.path" value="/workdir/hadoop-ozone/integration-test/target/test-classes:/workdir/hadoop-ozone/integration-test/target/classes:/home/user/.m2/repository/org/apache/hadoop/hadoop-ozone-common/0.5.0-SNAPSHOT/hadoop-ozone-common-0.5.0-SNAPSHOT.jar:/home/user/.m2/repository/org/apache/commons/commons-compress/1.4.1/commons-compress-1.4.1.jar:/home/user/.m2/repository/org/tukaani/xz/1.0/xz-1.0.jar:/home/user/.m2/repository/org/apache/hadoop/hadoop-common/3.2.0/hadoop-common-3.2.0.jar:/home/user/.m2/repository/org/apache/hadoop/hadoop-hdfs/3.2.0/hadoop-hdfs-3.2.0.jar:/home/user/.m2/repository/org/apache/hadoop/hadoop-hdfs-client/3.2.0/hadoop-hdfs-client-3.2.0.jar:/home/user/.m2/repository/com/fasterxml/jackson/core/jackson-annotations/2.9.9/jackson-annotations-2.9.9.jar:/home/user/.m2/repository/org/apache/hadoop/hadoop-hdds-common/0.5.0-SNAPSHOT/hadoop-hdds-common-0.5.0-SNAPSHOT.jar:/home/user/.m2/repository/javax/annotation/javax.annotation-api/1.2/javax.annotation-api-1.2.jar:/home/user/.m2/repository/org/apache/ratis/ratis-server/0.5.0-3f446aa-SNAPSHOT/ratis-server-0.5.0-3f446aa-SNAPSHOT.jar:/home/user/.m2/repository/org/apache/ratis/ratis-thirdparty-misc/0.2.0/ratis-thirdparty-misc-0.2.0.jar:/home/user/.m2/repository/org/apache/ratis/ratis-proto/0.5.0-3f446aa-SNAPSHOT/ratis-proto-0.5.0-3f446aa-SNAPSHOT.jar:/home/user/.m2/repository/org/apache/ratis/ratis-common/0.5.0-3f446aa-SNAPSHOT/ratis-common-0.5.0-3f446aa-SNAPSHOT.jar:/home/user/.m2/repository/org/apache/ratis/ratis-client/0.5.0-3f446aa-SNAPSHOT/ratis-client-0.5.0-3f446aa-SNAPSHOT.jar:/home/user/.m2/repository/org/apache/ratis/ratis-metrics/0.5.0-3f446aa-SNAPSHOT/ratis-metrics-0.5.0-3f446aa-SNAPSHOT.jar:/home/user/.m2/repository/com/github/joshelser/dropwizard-metrics-hadoop-metrics2-reporter/0.1.2/dropwizard-metrics-hadoop-metrics2-reporter-0.1.2.jar:/home/user/.m2/repository/io/dropwizard/metrics/metrics-jvm/3.2.5/metrics-jvm-3.2.5.jar:/home/user/.m2/repository/io/dropwizard/metrics/metrics-ganglia/3.2.5/metrics-ganglia-3.2.5.jar:/home/user/.m2/repository/info/ganglia/gmetric4j/gmetric4j/1.0.7/gmetric4j-1.0.7.jar:/home/user/.m2/repository/org/apache/ratis/ratis-netty/0.5.0-3f446aa-SNAPSHOT/ratis-netty-0.5.0-3f446aa-SNAPSHOT.jar:/home/user/.m2/repository/org/apache/ratis/ratis-grpc/0.5.0-3f446aa-SNAPSHOT/ratis-grpc-0.5.0-3f446aa-SNAPSHOT.jar:/home/user/.m2/repository/org/rocksdb/rocksdbjni/6.0.1/rocksdbjni-6.0.1.jar:/home/user/.m2/repository/org/apache/logging/log4j/log4j-api/2.11.0/log4j-api-2.11.0.jar:/home/user/.m2/repository/org/apache/logging/log4j/log4j-core/2.11.0/log4j-core-2.11.0.jar:/home/user/.m2/repository/com/lmax/disruptor/3.4.2/disruptor-3.4.2.jar:/home/user/.m2/repository/org/apache/commons/commons-pool2/2.6.0/commons-pool2-2.6.0.jar:/home/user/.m2/repository/org/bouncycastle/bcpkix-jdk15on/1.60/bcpkix-jdk15on-1.60.jar:/home/user/.m2/repository/commons-validator/commons-validator/1.6/commons-validator-1.6.jar:/home/user/.m2/repository/commons-digester/commons-digester/1.8.1/commons-digester-1.8.1.jar:/home/user/.m2/repository/io/jaegertracing/jaeger-client/0.34.0/jaeger-client-0.34.0.jar:/home/user/.m2/repository/io/jaegertracing/jaeger-thrift/0.34.0/jaeger-thrift-0.34.0.jar:/home/user/.m2/repository/org/apache/thrift/libthrift/0.12.0/libthrift-0.12.0.jar:/home/user/.m2/repository/com/squareup/okhttp3/okhttp/3.9.0/okhttp-3.9.0.jar:/home/user/.m2/repository/com/squareup/okio/okio/1.13.0/okio-1.13.0.jar:/home/user/.m2/repository/io/jaegertracing/jaeger-core/0.34.0/jaeger-core-0.34.0.jar:/home/user/.m2/repository/io/jaegertracing/jaeger-tracerresolver/0.34.0/jaeger-tracerresolver-0.34.0.jar:/home/user/.m2/repository/io/opentracing/contrib/opentracing-tracerresolver/0.1.5/opentracing-tracerresolver-0.1.5.jar:/home/user/.m2/repository/io/opentracing/opentracing-util/0.31.0/opentracing-util-0.31.0.jar:/home/user/.m2/repository/io/opentracing/opentracing-api/0.31.0/opentracing-api-0.31.0.jar:/home/user/.m2/repository/io/opentracing/opentracing-noop/0.31.0/opentracing-noop-0.31.0.jar:/home/user/.m2/repository/org/apache/hadoop/hadoop-hdds-server-framework/0.5.0-SNAPSHOT/hadoop-hdds-server-framework-0.5.0-SNAPSHOT.jar:/home/user/.m2/repository/org/apache/hadoop/hadoop-hdds-container-service/0.5.0-SNAPSHOT/hadoop-hdds-container-service-0.5.0-SNAPSHOT.jar:/home/user/.m2/repository/org/apache/hadoop/hadoop-hdds-client/0.5.0-SNAPSHOT/hadoop-hdds-client-0.5.0-SNAPSHOT.jar:/home/user/.m2/repository/org/apache/hadoop/hadoop-hdds-tools/0.5.0-SNAPSHOT/hadoop-hdds-tools-0.5.0-SNAPSHOT.jar:/home/user/.m2/repository/org/apache/hadoop/hadoop-hdds-server-scm/0.5.0-SNAPSHOT/hadoop-hdds-server-scm-0.5.0-SNAPSHOT.jar:/home/user/.m2/repository/org/apache/hadoop/hadoop-hdds-docs/0.5.0-SNAPSHOT/hadoop-hdds-docs-0.5.0-SNAPSHOT.jar:/home/user/.m2/repository/io/dropwizard/metrics/metrics-core/3.2.4/metrics-core-3.2.4.jar:/home/user/.m2/repository/org/hamcrest/hamcrest-all/1.3/hamcrest-all-1.3.jar:/home/user/.m2/repository/org/bouncycastle/bcprov-jdk15on/1.60/bcprov-jdk15on-1.60.jar:/home/user/.m2/repository/info/picocli/picocli/3.9.6/picocli-3.9.6.jar:/home/user/.m2/repository/com/google/protobuf/protobuf-java/2.5.0/protobuf-java-2.5.0.jar:/home/user/.m2/repository/com/google/guava/guava/11.0.2/guava-11.0.2.jar:/home/user/.m2/repository/org/apache/hadoop/hadoop-ozone-ozone-manager/0.5.0-SNAPSHOT/hadoop-ozone-ozone-manager-0.5.0-SNAPSHOT.jar:/home/user/.m2/repository/org/apache/hadoop/hadoop-minikdc/3.2.0/hadoop-minikdc-3.2.0.jar:/home/user/.m2/repository/commons-io/commons-io/2.5/commons-io-2.5.jar:/home/user/.m2/repository/org/apache/kerby/kerb-simplekdc/1.0.1/kerb-simplekdc-1.0.1.jar:/home/user/.m2/repository/org/apache/kerby/kerb-client/1.0.1/kerb-client-1.0.1.jar:/home/user/.m2/repository/org/apache/kerby/kerby-config/1.0.1/kerby-config-1.0.1.jar:/home/user/.m2/repository/org/apache/kerby/kerb-core/1.0.1/kerb-core-1.0.1.jar:/home/user/.m2/repository/org/apache/kerby/kerby-pkix/1.0.1/kerby-pkix-1.0.1.jar:/home/user/.m2/repository/org/apache/kerby/kerby-asn1/1.0.1/kerby-asn1-1.0.1.jar:/home/user/.m2/repository/org/apache/kerby/kerby-util/1.0.1/kerby-util-1.0.1.jar:/home/user/.m2/repository/org/apache/kerby/kerb-common/1.0.1/kerb-common-1.0.1.jar:/home/user/.m2/repository/org/apache/kerby/kerb-crypto/1.0.1/kerb-crypto-1.0.1.jar:/home/user/.m2/repository/org/apache/kerby/kerb-util/1.0.1/kerb-util-1.0.1.jar:/home/user/.m2/repository/org/apache/kerby/token-provider/1.0.1/token-provider-1.0.1.jar:/home/user/.m2/repository/org/apache/kerby/kerb-admin/1.0.1/kerb-admin-1.0.1.jar:/home/user/.m2/repository/org/apache/kerby/kerb-server/1.0.1/kerb-server-1.0.1.jar:/home/user/.m2/repository/org/apache/kerby/kerb-identity/1.0.1/kerb-identity-1.0.1.jar:/home/user/.m2/repository/org/apache/kerby/kerby-xdr/1.0.1/kerby-xdr-1.0.1.jar:/home/user/.m2/repository/org/slf4j/slf4j-log4j12/1.7.25/slf4j-log4j12-1.7.25.jar:/home/user/.m2/repository/org/apache/hadoop/hadoop-ozone-s3gateway/0.5.0-SNAPSHOT/hadoop-ozone-s3gateway-0.5.0-SNAPSHOT.jar:/home/user/.m2/repository/org/jboss/weld/servlet/weld-servlet/2.4.7.Final/weld-servlet-2.4.7.Final.jar:/home/user/.m2/repository/org/glassfish/jersey/containers/jersey-container-servlet-core/2.27/jersey-container-servlet-core-2.27.jar:/home/user/.m2/repository/org/glassfish/hk2/external/javax.inject/2.5.0-b42/javax.inject-2.5.0-b42.jar:/home/user/.m2/repository/org/glassfish/jersey/core/jersey-common/2.27/jersey-common-2.27.jar:/home/user/.m2/repository/org/glassfish/hk2/osgi-resource-locator/1.0.1/osgi-resource-locator-1.0.1.jar:/home/user/.m2/repository/javax/ws/rs/javax.ws.rs-api/2.1/javax.ws.rs-api-2.1.jar:/home/user/.m2/repository/org/glassfish/jersey/ext/cdi/jersey-cdi1x/2.27/jersey-cdi1x-2.27.jar:/home/user/.m2/repository/org/glassfish/jersey/inject/jersey-hk2/2.27/jersey-hk2-2.27.jar:/home/user/.m2/repository/org/glassfish/hk2/hk2-locator/2.5.0-b42/hk2-locator-2.5.0-b42.jar:/home/user/.m2/repository/org/javassist/javassist/3.22.0-CR2/javassist-3.22.0-CR2.jar:/home/user/.m2/repository/org/glassfish/hk2/hk2-api/2.5.0/hk2-api-2.5.0.jar:/home/user/.m2/repository/org/glassfish/hk2/external/jakarta.inject/2.5.0/jakarta.inject-2.5.0.jar:/home/user/.m2/repository/org/glassfish/hk2/hk2-utils/2.5.0/hk2-utils-2.5.0.jar:/home/user/.m2/repository/jakarta/annotation/jakarta.annotation-api/1.3.4/jakarta.annotation-api-1.3.4.jar:/home/user/.m2/repository/org/glassfish/hk2/external/aopalliance-repackaged/2.5.0/aopalliance-repackaged-2.5.0.jar:/home/user/.m2/repository/com/fasterxml/jackson/dataformat/jackson-dataformat-xml/2.9.0/jackson-dataformat-xml-2.9.0.jar:/home/user/.m2/repository/com/fasterxml/jackson/core/jackson-core/2.9.9/jackson-core-2.9.9.jar:/home/user/.m2/repository/com/fasterxml/jackson/module/jackson-module-jaxb-annotations/2.9.9/jackson-module-jaxb-annotations-2.9.9.jar:/home/user/.m2/repository/javax/enterprise/cdi-api/1.2/cdi-api-1.2.jar:/home/user/.m2/repository/javax/el/javax.el-api/3.0.0/javax.el-api-3.0.0.jar:/home/user/.m2/repository/javax/interceptor/javax.interceptor-api/1.2/javax.interceptor-api-1.2.jar:/home/user/.m2/repository/javax/inject/javax.inject/1/javax.inject-1.jar:/home/user/.m2/repository/com/sun/xml/bind/jaxb-impl/2.3.0.1/jaxb-impl-2.3.0.1.jar:/home/user/.m2/repository/com/sun/xml/bind/jaxb-core/2.3.0.1/jaxb-core-2.3.0.1.jar:/home/user/.m2/repository/javax/xml/bind/jaxb-api/2.3.0/jaxb-api-2.3.0.jar:/home/user/.m2/repository/javax/activation/activation/1.1.1/activation-1.1.1.jar:/home/user/.m2/repository/org/apache/hadoop/hadoop-ozone-csi/0.5.0-SNAPSHOT/hadoop-ozone-csi-0.5.0-SNAPSHOT.jar:/home/user/.m2/repository/com/google/protobuf/protobuf-java-util/3.5.1/protobuf-java-util-3.5.1.jar:/home/user/.m2/repository/org/apache/hadoop/hadoop-hdds-config/0.5.0-SNAPSHOT/hadoop-hdds-config-0.5.0-SNAPSHOT.jar:/home/user/.m2/repository/io/grpc/grpc-netty/1.17.1/grpc-netty-1.17.1.jar:/home/user/.m2/repository/io/grpc/grpc-core/1.17.1/grpc-core-1.17.1.jar:/home/user/.m2/repository/io/grpc/grpc-context/1.17.1/grpc-context-1.17.1.jar:/home/user/.m2/repository/com/google/errorprone/error_prone_annotations/2.2.0/error_prone_annotations-2.2.0.jar:/home/user/.m2/repository/org/codehaus/mojo/animal-sniffer-annotations/1.17/animal-sniffer-annotations-1.17.jar:/home/user/.m2/repository/io/opencensus/opencensus-api/0.17.0/opencensus-api-0.17.0.jar:/home/user/.m2/repository/io/opencensus/opencensus-contrib-grpc-metrics/0.17.0/opencensus-contrib-grpc-metrics-0.17.0.jar:/home/user/.m2/repository/io/netty/netty-codec-http2/4.1.30.Final/netty-codec-http2-4.1.30.Final.jar:/home/user/.m2/repository/io/netty/netty-codec-http/4.1.30.Final/netty-codec-http-4.1.30.Final.jar:/home/user/.m2/repository/io/netty/netty-codec/4.1.30.Final/netty-codec-4.1.30.Final.jar:/home/user/.m2/repository/io/netty/netty-handler/4.1.30.Final/netty-handler-4.1.30.Final.jar:/home/user/.m2/repository/io/netty/netty-handler-proxy/4.1.30.Final/netty-handler-proxy-4.1.30.Final.jar:/home/user/.m2/repository/io/netty/netty-codec-socks/4.1.30.Final/netty-codec-socks-4.1.30.Final.jar:/home/user/.m2/repository/io/netty/netty-transport-native-epoll/4.1.30.Final/netty-transport-native-epoll-4.1.30.Final.jar:/home/user/.m2/repository/io/netty/netty-common/4.1.30.Final/netty-common-4.1.30.Final.jar:/home/user/.m2/repository/io/netty/netty-buffer/4.1.30.Final/netty-buffer-4.1.30.Final.jar:/home/user/.m2/repository/io/netty/netty-transport/4.1.30.Final/netty-transport-4.1.30.Final.jar:/home/user/.m2/repository/io/netty/netty-resolver/4.1.30.Final/netty-resolver-4.1.30.Final.jar:/home/user/.m2/repository/io/netty/netty-transport-native-unix-common/4.1.30.Final/netty-transport-native-unix-common-4.1.30.Final.jar:/home/user/.m2/repository/io/grpc/grpc-protobuf/1.17.1/grpc-protobuf-1.17.1.jar:/home/user/.m2/repository/com/google/api/grpc/proto-google-common-protos/1.0.0/proto-google-common-protos-1.0.0.jar:/home/user/.m2/repository/io/grpc/grpc-protobuf-lite/1.17.1/grpc-protobuf-lite-1.17.1.jar:/home/user/.m2/repository/io/grpc/grpc-stub/1.17.1/grpc-stub-1.17.1.jar:/home/user/.m2/repository/org/apache/hadoop/hadoop-ozone-recon/0.5.0-SNAPSHOT/hadoop-ozone-recon-0.5.0-SNAPSHOT.jar:/home/user/.m2/repository/org/apache/hadoop/hadoop-ozone-reconcodegen/0.5.0-SNAPSHOT/hadoop-ozone-reconcodegen-0.5.0-SNAPSHOT.jar:/home/user/.m2/repository/com/google/inject/extensions/guice-multibindings/4.0/guice-multibindings-4.0.jar:/home/user/.m2/repository/com/google/inject/guice/4.0/guice-4.0.jar:/home/user/.m2/repository/aopalliance/aopalliance/1.0/aopalliance-1.0.jar:/home/user/.m2/repository/com/google/inject/extensions/guice-servlet/4.0/guice-servlet-4.0.jar:/home/user/.m2/repository/org/glassfish/jersey/containers/jersey-container-servlet/2.27/jersey-container-servlet-2.27.jar:/home/user/.m2/repository/org/glassfish/hk2/guice-bridge/2.5.0/guice-bridge-2.5.0.jar:/home/user/.m2/repository/org/glassfish/jersey/core/jersey-server/2.27/jersey-server-2.27.jar:/home/user/.m2/repository/org/glassfish/jersey/core/jersey-client/2.27/jersey-client-2.27.jar:/home/user/.m2/repository/org/glassfish/jersey/media/jersey-media-jaxb/2.27/jersey-media-jaxb-2.27.jar:/home/user/.m2/repository/javax/validation/validation-api/1.1.0.Final/validation-api-1.1.0.Final.jar:/home/user/.m2/repository/org/glassfish/jersey/media/jersey-media-json-jackson/2.27/jersey-media-json-jackson-2.27.jar:/home/user/.m2/repository/org/glassfish/jersey/ext/jersey-entity-filtering/2.27/jersey-entity-filtering-2.27.jar:/home/user/.m2/repository/com/google/inject/extensions/guice-assistedinject/4.0/guice-assistedinject-4.0.jar:/home/user/.m2/repository/org/jooq/jooq/3.11.10/jooq-3.11.10.jar:/home/user/.m2/repository/org/jooq/jooq-meta/3.11.10/jooq-meta-3.11.10.jar:/home/user/.m2/repository/org/jooq/jooq-codegen/3.11.10/jooq-codegen-3.11.10.jar:/home/user/.m2/repository/com/jolbox/bonecp/0.8.0.RELEASE/bonecp-0.8.0.RELEASE.jar:/home/user/.m2/repository/org/xerial/sqlite-jdbc/3.25.2/sqlite-jdbc-3.25.2.jar:/home/user/.m2/repository/org/springframework/spring-jdbc/5.1.3.RELEASE/spring-jdbc-5.1.3.RELEASE.jar:/home/user/.m2/repository/org/springframework/spring-beans/5.1.3.RELEASE/spring-beans-5.1.3.RELEASE.jar:/home/user/.m2/repository/org/springframework/spring-core/5.1.3.RELEASE/spring-core-5.1.3.RELEASE.jar:/home/user/.m2/repository/org/springframework/spring-jcl/5.1.3.RELEASE/spring-jcl-5.1.3.RELEASE.jar:/home/user/.m2/repository/org/springframework/spring-tx/5.1.3.RELEASE/spring-tx-5.1.3.RELEASE.jar:/home/user/.m2/repository/org/apache/hadoop/hadoop-ozone-client/0.5.0-SNAPSHOT/hadoop-ozone-client-0.5.0-SNAPSHOT.jar:/home/user/.m2/repository/commons-lang/commons-lang/2.6/commons-lang-2.6.jar:/home/user/.m2/repository/org/apache/hadoop/hadoop-ozone-ozone-manager/0.5.0-SNAPSHOT/hadoop-ozone-ozone-manager-0.5.0-SNAPSHOT-tests.jar:/home/user/.m2/repository/junit/junit/4.11/junit-4.11.jar:/home/user/.m2/repository/org/hamcrest/hamcrest-core/1.3/hamcrest-core-1.3.jar:/home/user/.m2/repository/org/openjdk/jmh/jmh-core/1.19/jmh-core-1.19.jar:/home/user/.m2/repository/net/sf/jopt-simple/jopt-simple/4.6/jopt-simple-4.6.jar:/home/user/.m2/repository/org/apache/commons/commons-math3/3.1.1/commons-math3-3.1.1.jar:/home/user/.m2/repository/org/openjdk/jmh/jmh-generator-annprocess/1.19/jmh-generator-annprocess-1.19.jar:/home/user/.m2/repository/org/mockito/mockito-all/1.8.5/mockito-all-1.8.5.jar:/home/user/.m2/repository/org/apache/hadoop/hadoop-kms/3.2.0/hadoop-kms-3.2.0.jar:/home/user/.m2/repository/org/apache/hadoop/hadoop-auth/3.2.0/hadoop-auth-3.2.0.jar:/home/user/.m2/repository/com/nimbusds/nimbus-jose-jwt/4.41.1/nimbus-jose-jwt-4.41.1.jar:/home/user/.m2/repository/com/github/stephenc/jcip/jcip-annotations/1.0-1/jcip-annotations-1.0-1.jar:/home/user/.m2/repository/net/minidev/json-smart/2.3/json-smart-2.3.jar:/home/user/.m2/repository/net/minidev/accessors-smart/1.2/accessors-smart-1.2.jar:/home/user/.m2/repository/org/ow2/asm/asm/5.0.4/asm-5.0.4.jar:/home/user/.m2/repository/org/apache/curator/curator-framework/2.12.0/curator-framework-2.12.0.jar:/home/user/.m2/repository/com/sun/jersey/jersey-core/1.19/jersey-core-1.19.jar:/home/user/.m2/repository/javax/ws/rs/jsr311-api/1.1.1/jsr311-api-1.1.1.jar:/home/user/.m2/repository/com/sun/jersey/jersey-server/1.19/jersey-server-1.19.jar:/home/user/.m2/repository/javax/servlet/javax.servlet-api/3.1.0/javax.servlet-api-3.1.0.jar:/home/user/.m2/repository/org/eclipse/jetty/jetty-server/9.3.25.v20180904/jetty-server-9.3.25.v20180904.jar:/home/user/.m2/repository/org/eclipse/jetty/jetty-http/9.3.25.v20180904/jetty-http-9.3.25.v20180904.jar:/home/user/.m2/repository/org/eclipse/jetty/jetty-io/9.3.25.v20180904/jetty-io-9.3.25.v20180904.jar:/home/user/.m2/repository/org/eclipse/jetty/jetty-webapp/9.3.25.v20180904/jetty-webapp-9.3.25.v20180904.jar:/home/user/.m2/repository/org/eclipse/jetty/jetty-xml/9.3.25.v20180904/jetty-xml-9.3.25.v20180904.jar:/home/user/.m2/repository/log4j/log4j/1.2.17/log4j-1.2.17.jar:/home/user/.m2/repository/org/slf4j/slf4j-api/1.7.25/slf4j-api-1.7.25.jar:/home/user/.m2/repository/org/slf4j/jul-to-slf4j/1.7.25/jul-to-slf4j-1.7.25.jar:/home/user/.m2/repository/org/eclipse/jetty/jetty-util/9.3.25.v20180904/jetty-util-9.3.25.v20180904.jar:/home/user/.m2/repository/com/fasterxml/jackson/core/jackson-databind/2.9.9/jackson-databind-2.9.9.jar:/home/user/.m2/repository/org/apache/hadoop/hadoop-kms/3.2.0/hadoop-kms-3.2.0-tests.jar:/home/user/.m2/repository/org/apache/hadoop/hadoop-hdds-server-scm/0.5.0-SNAPSHOT/hadoop-hdds-server-scm-0.5.0-SNAPSHOT-tests.jar:/home/user/.m2/repository/org/apache/hadoop/hadoop-hdds-container-service/0.5.0-SNAPSHOT/hadoop-hdds-container-service-0.5.0-SNAPSHOT-tests.jar:/home/user/.m2/repository/org/yaml/snakeyaml/1.16/snakeyaml-1.16.jar:/home/user/.m2/repository/org/apache/hadoop/hadoop-common/3.2.0/hadoop-common-3.2.0-tests.jar:/home/user/.m2/repository/org/apache/hadoop/hadoop-annotations/3.2.0/hadoop-annotations-3.2.0.jar:/usr/lib/jvm/java-1.8.0-openjdk-1.8.0.222.b10-1.el7_7.x86_64/jre/../lib/tools.jar:/home/user/.m2/repository/commons-cli/commons-cli/1.2/commons-cli-1.2.jar:/home/user/.m2/repository/org/apache/httpcomponents/httpclient/4.5.2/httpclient-4.5.2.jar:/home/user/.m2/repository/org/apache/httpcomponents/httpcore/4.4.4/httpcore-4.4.4.jar:/home/user/.m2/repository/commons-codec/commons-codec/1.11/commons-codec-1.11.jar:/home/user/.m2/repository/commons-net/commons-net/3.6/commons-net-3.6.jar:/home/user/.m2/repository/commons-collections/commons-collections/3.2.2/commons-collections-3.2.2.jar:/home/user/.m2/repository/org/eclipse/jetty/jetty-servlet/9.3.25.v20180904/jetty-servlet-9.3.25.v20180904.jar:/home/user/.m2/repository/org/eclipse/jetty/jetty-security/9.3.25.v20180904/jetty-security-9.3.25.v20180904.jar:/home/user/.m2/repository/javax/servlet/jsp/jsp-api/2.1/jsp-api-2.1.jar:/home/user/.m2/repository/com/sun/jersey/jersey-servlet/1.19/jersey-servlet-1.19.jar:/home/user/.m2/repository/com/sun/jersey/jersey-json/1.19/jersey-json-1.19.jar:/home/user/.m2/repository/org/codehaus/jettison/jettison/1.1/jettison-1.1.jar:/home/user/.m2/repository/org/codehaus/jackson/jackson-core-asl/1.9.13/jackson-core-asl-1.9.13.jar:/home/user/.m2/repository/org/codehaus/jackson/jackson-mapper-asl/1.9.13/jackson-mapper-asl-1.9.13.jar:/home/user/.m2/repository/org/codehaus/jackson/jackson-jaxrs/1.9.13/jackson-jaxrs-1.9.13.jar:/home/user/.m2/repository/org/codehaus/jackson/jackson-xc/1.9.13/jackson-xc-1.9.13.jar:/home/user/.m2/repository/commons-logging/commons-logging/1.1.3/commons-logging-1.1.3.jar:/home/user/.m2/repository/commons-beanutils/commons-beanutils/1.9.4/commons-beanutils-1.9.4.jar:/home/user/.m2/repository/org/apache/commons/commons-configuration2/2.1.1/commons-configuration2-2.1.1.jar:/home/user/.m2/repository/org/apache/commons/commons-lang3/3.7/commons-lang3-3.7.jar:/home/user/.m2/repository/org/apache/commons/commons-text/1.4/commons-text-1.4.jar:/home/user/.m2/repository/org/apache/avro/avro/1.7.7/avro-1.7.7.jar:/home/user/.m2/repository/com/thoughtworks/paranamer/paranamer/2.3/paranamer-2.3.jar:/home/user/.m2/repository/org/xerial/snappy/snappy-java/1.0.5/snappy-java-1.0.5.jar:/home/user/.m2/repository/com/google/re2j/re2j/1.1/re2j-1.1.jar:/home/user/.m2/repository/com/google/code/gson/gson/2.2.4/gson-2.2.4.jar:/home/user/.m2/repository/com/jcraft/jsch/0.1.54/jsch-0.1.54.jar:/home/user/.m2/repository/org/apache/curator/curator-client/2.12.0/curator-client-2.12.0.jar:/home/user/.m2/repository/org/apache/curator/curator-recipes/2.12.0/curator-recipes-2.12.0.jar:/home/user/.m2/repository/com/google/code/findbugs/jsr305/3.0.0/jsr305-3.0.0.jar:/home/user/.m2/repository/org/apache/htrace/htrace-core4/4.1.0-incubating/htrace-core4-4.1.0-incubating.jar:/home/user/.m2/repository/org/apache/zookeeper/zookeeper/3.4.13/zookeeper-3.4.13.jar:/home/user/.m2/repository/jline/jline/0.9.94/jline-0.9.94.jar:/home/user/.m2/repository/org/apache/yetus/audience-annotations/0.5.0/audience-annotations-0.5.0.jar:/home/user/.m2/repository/org/codehaus/woodstox/stax2-api/3.1.4/stax2-api-3.1.4.jar:/home/user/.m2/repository/com/fasterxml/woodstox/woodstox-core/5.0.3/woodstox-core-5.0.3.jar:/home/user/.m2/repository/dnsjava/dnsjava/2.1.7/dnsjava-2.1.7.jar:/home/user/.m2/repository/org/apache/hadoop/hadoop-hdfs/3.2.0/hadoop-hdfs-3.2.0-tests.jar:/home/user/.m2/repository/org/eclipse/jetty/jetty-util-ajax/9.3.25.v20180904/jetty-util-ajax-9.3.25.v20180904.jar:/home/user/.m2/repository/commons-daemon/commons-daemon/1.0.13/commons-daemon-1.0.13.jar:/home/user/.m2/repository/io/netty/netty/3.10.5.Final/netty-3.10.5.Final.jar:/home/user/.m2/repository/io/netty/netty-all/4.0.52.Final/netty-all-4.0.52.Final.jar:/home/user/.m2/repository/org/fusesource/leveldbjni/leveldbjni-all/1.8/leveldbjni-all-1.8.jar:"/>
    <property name="java.vm.vendor" value="Oracle Corporation"/>
    <property name="sun.arch.data.model" value="64"/>
    <property name="test.build.dir" value="/workdir/hadoop-ozone/integration-test/target/test-dir"/>
    <property name="test.cache.data" value=""/>
    <property name="java.vendor.url" value="http://java.oracle.com/"/>
    <property name="user.timezone" value=""/>
    <property name="java.vm.specification.version" value="1.8"/>
    <property name="os.name" value="Linux"/>
    <property name="test.build.data" value="/workdir/hadoop-ozone/integration-test/target/test-dir"/>
    <property name="user.country" value="US"/>
    <property name="sun.java.launcher" value="SUN_STANDARD"/>
    <property name="sun.boot.library.path" value="/usr/lib/jvm/java-1.8.0-openjdk-1.8.0.222.b10-1.el7_7.x86_64/jre/lib/amd64"/>
    <property name="sun.java.command" value="/workdir/hadoop-ozone/integration-test/target/surefire/surefirebooter2859376681226495809.jar /workdir/hadoop-ozone/integration-test/target/surefire 2019-10-18T06-14-08_247-jvmRun1 surefire3385237756206395455tmp surefire_502370162085942226671tmp"/>
    <property name="surefire.test.class.path" value="/workdir/hadoop-ozone/integration-test/target/test-classes:/workdir/hadoop-ozone/integration-test/target/classes:/home/user/.m2/repository/org/apache/hadoop/hadoop-ozone-common/0.5.0-SNAPSHOT/hadoop-ozone-common-0.5.0-SNAPSHOT.jar:/home/user/.m2/repository/org/apache/commons/commons-compress/1.4.1/commons-compress-1.4.1.jar:/home/user/.m2/repository/org/tukaani/xz/1.0/xz-1.0.jar:/home/user/.m2/repository/org/apache/hadoop/hadoop-common/3.2.0/hadoop-common-3.2.0.jar:/home/user/.m2/repository/org/apache/hadoop/hadoop-hdfs/3.2.0/hadoop-hdfs-3.2.0.jar:/home/user/.m2/repository/org/apache/hadoop/hadoop-hdfs-client/3.2.0/hadoop-hdfs-client-3.2.0.jar:/home/user/.m2/repository/com/fasterxml/jackson/core/jackson-annotations/2.9.9/jackson-annotations-2.9.9.jar:/home/user/.m2/repository/org/apache/hadoop/hadoop-hdds-common/0.5.0-SNAPSHOT/hadoop-hdds-common-0.5.0-SNAPSHOT.jar:/home/user/.m2/repository/javax/annotation/javax.annotation-api/1.2/javax.annotation-api-1.2.jar:/home/user/.m2/repository/org/apache/ratis/ratis-server/0.5.0-3f446aa-SNAPSHOT/ratis-server-0.5.0-3f446aa-SNAPSHOT.jar:/home/user/.m2/repository/org/apache/ratis/ratis-thirdparty-misc/0.2.0/ratis-thirdparty-misc-0.2.0.jar:/home/user/.m2/repository/org/apache/ratis/ratis-proto/0.5.0-3f446aa-SNAPSHOT/ratis-proto-0.5.0-3f446aa-SNAPSHOT.jar:/home/user/.m2/repository/org/apache/ratis/ratis-common/0.5.0-3f446aa-SNAPSHOT/ratis-common-0.5.0-3f446aa-SNAPSHOT.jar:/home/user/.m2/repository/org/apache/ratis/ratis-client/0.5.0-3f446aa-SNAPSHOT/ratis-client-0.5.0-3f446aa-SNAPSHOT.jar:/home/user/.m2/repository/org/apache/ratis/ratis-metrics/0.5.0-3f446aa-SNAPSHOT/ratis-metrics-0.5.0-3f446aa-SNAPSHOT.jar:/home/user/.m2/repository/com/github/joshelser/dropwizard-metrics-hadoop-metrics2-reporter/0.1.2/dropwizard-metrics-hadoop-metrics2-reporter-0.1.2.jar:/home/user/.m2/repository/io/dropwizard/metrics/metrics-jvm/3.2.5/metrics-jvm-3.2.5.jar:/home/user/.m2/repository/io/dropwizard/metrics/metrics-ganglia/3.2.5/metrics-ganglia-3.2.5.jar:/home/user/.m2/repository/info/ganglia/gmetric4j/gmetric4j/1.0.7/gmetric4j-1.0.7.jar:/home/user/.m2/repository/org/apache/ratis/ratis-netty/0.5.0-3f446aa-SNAPSHOT/ratis-netty-0.5.0-3f446aa-SNAPSHOT.jar:/home/user/.m2/repository/org/apache/ratis/ratis-grpc/0.5.0-3f446aa-SNAPSHOT/ratis-grpc-0.5.0-3f446aa-SNAPSHOT.jar:/home/user/.m2/repository/org/rocksdb/rocksdbjni/6.0.1/rocksdbjni-6.0.1.jar:/home/user/.m2/repository/org/apache/logging/log4j/log4j-api/2.11.0/log4j-api-2.11.0.jar:/home/user/.m2/repository/org/apache/logging/log4j/log4j-core/2.11.0/log4j-core-2.11.0.jar:/home/user/.m2/repository/com/lmax/disruptor/3.4.2/disruptor-3.4.2.jar:/home/user/.m2/repository/org/apache/commons/commons-pool2/2.6.0/commons-pool2-2.6.0.jar:/home/user/.m2/repository/org/bouncycastle/bcpkix-jdk15on/1.60/bcpkix-jdk15on-1.60.jar:/home/user/.m2/repository/commons-validator/commons-validator/1.6/commons-validator-1.6.jar:/home/user/.m2/repository/commons-digester/commons-digester/1.8.1/commons-digester-1.8.1.jar:/home/user/.m2/repository/io/jaegertracing/jaeger-client/0.34.0/jaeger-client-0.34.0.jar:/home/user/.m2/repository/io/jaegertracing/jaeger-thrift/0.34.0/jaeger-thrift-0.34.0.jar:/home/user/.m2/repository/org/apache/thrift/libthrift/0.12.0/libthrift-0.12.0.jar:/home/user/.m2/repository/com/squareup/okhttp3/okhttp/3.9.0/okhttp-3.9.0.jar:/home/user/.m2/repository/com/squareup/okio/okio/1.13.0/okio-1.13.0.jar:/home/user/.m2/repository/io/jaegertracing/jaeger-core/0.34.0/jaeger-core-0.34.0.jar:/home/user/.m2/repository/io/jaegertracing/jaeger-tracerresolver/0.34.0/jaeger-tracerresolver-0.34.0.jar:/home/user/.m2/repository/io/opentracing/contrib/opentracing-tracerresolver/0.1.5/opentracing-tracerresolver-0.1.5.jar:/home/user/.m2/repository/io/opentracing/opentracing-util/0.31.0/opentracing-util-0.31.0.jar:/home/user/.m2/repository/io/opentracing/opentracing-api/0.31.0/opentracing-api-0.31.0.jar:/home/user/.m2/repository/io/opentracing/opentracing-noop/0.31.0/opentracing-noop-0.31.0.jar:/home/user/.m2/repository/org/apache/hadoop/hadoop-hdds-server-framework/0.5.0-SNAPSHOT/hadoop-hdds-server-framework-0.5.0-SNAPSHOT.jar:/home/user/.m2/repository/org/apache/hadoop/hadoop-hdds-container-service/0.5.0-SNAPSHOT/hadoop-hdds-container-service-0.5.0-SNAPSHOT.jar:/home/user/.m2/repository/org/apache/hadoop/hadoop-hdds-client/0.5.0-SNAPSHOT/hadoop-hdds-client-0.5.0-SNAPSHOT.jar:/home/user/.m2/repository/org/apache/hadoop/hadoop-hdds-tools/0.5.0-SNAPSHOT/hadoop-hdds-tools-0.5.0-SNAPSHOT.jar:/home/user/.m2/repository/org/apache/hadoop/hadoop-hdds-server-scm/0.5.0-SNAPSHOT/hadoop-hdds-server-scm-0.5.0-SNAPSHOT.jar:/home/user/.m2/repository/org/apache/hadoop/hadoop-hdds-docs/0.5.0-SNAPSHOT/hadoop-hdds-docs-0.5.0-SNAPSHOT.jar:/home/user/.m2/repository/io/dropwizard/metrics/metrics-core/3.2.4/metrics-core-3.2.4.jar:/home/user/.m2/repository/org/hamcrest/hamcrest-all/1.3/hamcrest-all-1.3.jar:/home/user/.m2/repository/org/bouncycastle/bcprov-jdk15on/1.60/bcprov-jdk15on-1.60.jar:/home/user/.m2/repository/info/picocli/picocli/3.9.6/picocli-3.9.6.jar:/home/user/.m2/repository/com/google/protobuf/protobuf-java/2.5.0/protobuf-java-2.5.0.jar:/home/user/.m2/repository/com/google/guava/guava/11.0.2/guava-11.0.2.jar:/home/user/.m2/repository/org/apache/hadoop/hadoop-ozone-ozone-manager/0.5.0-SNAPSHOT/hadoop-ozone-ozone-manager-0.5.0-SNAPSHOT.jar:/home/user/.m2/repository/org/apache/hadoop/hadoop-minikdc/3.2.0/hadoop-minikdc-3.2.0.jar:/home/user/.m2/repository/commons-io/commons-io/2.5/commons-io-2.5.jar:/home/user/.m2/repository/org/apache/kerby/kerb-simplekdc/1.0.1/kerb-simplekdc-1.0.1.jar:/home/user/.m2/repository/org/apache/kerby/kerb-client/1.0.1/kerb-client-1.0.1.jar:/home/user/.m2/repository/org/apache/kerby/kerby-config/1.0.1/kerby-config-1.0.1.jar:/home/user/.m2/repository/org/apache/kerby/kerb-core/1.0.1/kerb-core-1.0.1.jar:/home/user/.m2/repository/org/apache/kerby/kerby-pkix/1.0.1/kerby-pkix-1.0.1.jar:/home/user/.m2/repository/org/apache/kerby/kerby-asn1/1.0.1/kerby-asn1-1.0.1.jar:/home/user/.m2/repository/org/apache/kerby/kerby-util/1.0.1/kerby-util-1.0.1.jar:/home/user/.m2/repository/org/apache/kerby/kerb-common/1.0.1/kerb-common-1.0.1.jar:/home/user/.m2/repository/org/apache/kerby/kerb-crypto/1.0.1/kerb-crypto-1.0.1.jar:/home/user/.m2/repository/org/apache/kerby/kerb-util/1.0.1/kerb-util-1.0.1.jar:/home/user/.m2/repository/org/apache/kerby/token-provider/1.0.1/token-provider-1.0.1.jar:/home/user/.m2/repository/org/apache/kerby/kerb-admin/1.0.1/kerb-admin-1.0.1.jar:/home/user/.m2/repository/org/apache/kerby/kerb-server/1.0.1/kerb-server-1.0.1.jar:/home/user/.m2/repository/org/apache/kerby/kerb-identity/1.0.1/kerb-identity-1.0.1.jar:/home/user/.m2/repository/org/apache/kerby/kerby-xdr/1.0.1/kerby-xdr-1.0.1.jar:/home/user/.m2/repository/org/slf4j/slf4j-log4j12/1.7.25/slf4j-log4j12-1.7.25.jar:/home/user/.m2/repository/org/apache/hadoop/hadoop-ozone-s3gateway/0.5.0-SNAPSHOT/hadoop-ozone-s3gateway-0.5.0-SNAPSHOT.jar:/home/user/.m2/repository/org/jboss/weld/servlet/weld-servlet/2.4.7.Final/weld-servlet-2.4.7.Final.jar:/home/user/.m2/repository/org/glassfish/jersey/containers/jersey-container-servlet-core/2.27/jersey-container-servlet-core-2.27.jar:/home/user/.m2/repository/org/glassfish/hk2/external/javax.inject/2.5.0-b42/javax.inject-2.5.0-b42.jar:/home/user/.m2/repository/org/glassfish/jersey/core/jersey-common/2.27/jersey-common-2.27.jar:/home/user/.m2/repository/org/glassfish/hk2/osgi-resource-locator/1.0.1/osgi-resource-locator-1.0.1.jar:/home/user/.m2/repository/javax/ws/rs/javax.ws.rs-api/2.1/javax.ws.rs-api-2.1.jar:/home/user/.m2/repository/org/glassfish/jersey/ext/cdi/jersey-cdi1x/2.27/jersey-cdi1x-2.27.jar:/home/user/.m2/repository/org/glassfish/jersey/inject/jersey-hk2/2.27/jersey-hk2-2.27.jar:/home/user/.m2/repository/org/glassfish/hk2/hk2-locator/2.5.0-b42/hk2-locator-2.5.0-b42.jar:/home/user/.m2/repository/org/javassist/javassist/3.22.0-CR2/javassist-3.22.0-CR2.jar:/home/user/.m2/repository/org/glassfish/hk2/hk2-api/2.5.0/hk2-api-2.5.0.jar:/home/user/.m2/repository/org/glassfish/hk2/external/jakarta.inject/2.5.0/jakarta.inject-2.5.0.jar:/home/user/.m2/repository/org/glassfish/hk2/hk2-utils/2.5.0/hk2-utils-2.5.0.jar:/home/user/.m2/repository/jakarta/annotation/jakarta.annotation-api/1.3.4/jakarta.annotation-api-1.3.4.jar:/home/user/.m2/repository/org/glassfish/hk2/external/aopalliance-repackaged/2.5.0/aopalliance-repackaged-2.5.0.jar:/home/user/.m2/repository/com/fasterxml/jackson/dataformat/jackson-dataformat-xml/2.9.0/jackson-dataformat-xml-2.9.0.jar:/home/user/.m2/repository/com/fasterxml/jackson/core/jackson-core/2.9.9/jackson-core-2.9.9.jar:/home/user/.m2/repository/com/fasterxml/jackson/module/jackson-module-jaxb-annotations/2.9.9/jackson-module-jaxb-annotations-2.9.9.jar:/home/user/.m2/repository/javax/enterprise/cdi-api/1.2/cdi-api-1.2.jar:/home/user/.m2/repository/javax/el/javax.el-api/3.0.0/javax.el-api-3.0.0.jar:/home/user/.m2/repository/javax/interceptor/javax.interceptor-api/1.2/javax.interceptor-api-1.2.jar:/home/user/.m2/repository/javax/inject/javax.inject/1/javax.inject-1.jar:/home/user/.m2/repository/com/sun/xml/bind/jaxb-impl/2.3.0.1/jaxb-impl-2.3.0.1.jar:/home/user/.m2/repository/com/sun/xml/bind/jaxb-core/2.3.0.1/jaxb-core-2.3.0.1.jar:/home/user/.m2/repository/javax/xml/bind/jaxb-api/2.3.0/jaxb-api-2.3.0.jar:/home/user/.m2/repository/javax/activation/activation/1.1.1/activation-1.1.1.jar:/home/user/.m2/repository/org/apache/hadoop/hadoop-ozone-csi/0.5.0-SNAPSHOT/hadoop-ozone-csi-0.5.0-SNAPSHOT.jar:/home/user/.m2/repository/com/google/protobuf/protobuf-java-util/3.5.1/protobuf-java-util-3.5.1.jar:/home/user/.m2/repository/org/apache/hadoop/hadoop-hdds-config/0.5.0-SNAPSHOT/hadoop-hdds-config-0.5.0-SNAPSHOT.jar:/home/user/.m2/repository/io/grpc/grpc-netty/1.17.1/grpc-netty-1.17.1.jar:/home/user/.m2/repository/io/grpc/grpc-core/1.17.1/grpc-core-1.17.1.jar:/home/user/.m2/repository/io/grpc/grpc-context/1.17.1/grpc-context-1.17.1.jar:/home/user/.m2/repository/com/google/errorprone/error_prone_annotations/2.2.0/error_prone_annotations-2.2.0.jar:/home/user/.m2/repository/org/codehaus/mojo/animal-sniffer-annotations/1.17/animal-sniffer-annotations-1.17.jar:/home/user/.m2/repository/io/opencensus/opencensus-api/0.17.0/opencensus-api-0.17.0.jar:/home/user/.m2/repository/io/opencensus/opencensus-contrib-grpc-metrics/0.17.0/opencensus-contrib-grpc-metrics-0.17.0.jar:/home/user/.m2/repository/io/netty/netty-codec-http2/4.1.30.Final/netty-codec-http2-4.1.30.Final.jar:/home/user/.m2/repository/io/netty/netty-codec-http/4.1.30.Final/netty-codec-http-4.1.30.Final.jar:/home/user/.m2/repository/io/netty/netty-codec/4.1.30.Final/netty-codec-4.1.30.Final.jar:/home/user/.m2/repository/io/netty/netty-handler/4.1.30.Final/netty-handler-4.1.30.Final.jar:/home/user/.m2/repository/io/netty/netty-handler-proxy/4.1.30.Final/netty-handler-proxy-4.1.30.Final.jar:/home/user/.m2/repository/io/netty/netty-codec-socks/4.1.30.Final/netty-codec-socks-4.1.30.Final.jar:/home/user/.m2/repository/io/netty/netty-transport-native-epoll/4.1.30.Final/netty-transport-native-epoll-4.1.30.Final.jar:/home/user/.m2/repository/io/netty/netty-common/4.1.30.Final/netty-common-4.1.30.Final.jar:/home/user/.m2/repository/io/netty/netty-buffer/4.1.30.Final/netty-buffer-4.1.30.Final.jar:/home/user/.m2/repository/io/netty/netty-transport/4.1.30.Final/netty-transport-4.1.30.Final.jar:/home/user/.m2/repository/io/netty/netty-resolver/4.1.30.Final/netty-resolver-4.1.30.Final.jar:/home/user/.m2/repository/io/netty/netty-transport-native-unix-common/4.1.30.Final/netty-transport-native-unix-common-4.1.30.Final.jar:/home/user/.m2/repository/io/grpc/grpc-protobuf/1.17.1/grpc-protobuf-1.17.1.jar:/home/user/.m2/repository/com/google/api/grpc/proto-google-common-protos/1.0.0/proto-google-common-protos-1.0.0.jar:/home/user/.m2/repository/io/grpc/grpc-protobuf-lite/1.17.1/grpc-protobuf-lite-1.17.1.jar:/home/user/.m2/repository/io/grpc/grpc-stub/1.17.1/grpc-stub-1.17.1.jar:/home/user/.m2/repository/org/apache/hadoop/hadoop-ozone-recon/0.5.0-SNAPSHOT/hadoop-ozone-recon-0.5.0-SNAPSHOT.jar:/home/user/.m2/repository/org/apache/hadoop/hadoop-ozone-reconcodegen/0.5.0-SNAPSHOT/hadoop-ozone-reconcodegen-0.5.0-SNAPSHOT.jar:/home/user/.m2/repository/com/google/inject/extensions/guice-multibindings/4.0/guice-multibindings-4.0.jar:/home/user/.m2/repository/com/google/inject/guice/4.0/guice-4.0.jar:/home/user/.m2/repository/aopalliance/aopalliance/1.0/aopalliance-1.0.jar:/home/user/.m2/repository/com/google/inject/extensions/guice-servlet/4.0/guice-servlet-4.0.jar:/home/user/.m2/repository/org/glassfish/jersey/containers/jersey-container-servlet/2.27/jersey-container-servlet-2.27.jar:/home/user/.m2/repository/org/glassfish/hk2/guice-bridge/2.5.0/guice-bridge-2.5.0.jar:/home/user/.m2/repository/org/glassfish/jersey/core/jersey-server/2.27/jersey-server-2.27.jar:/home/user/.m2/repository/org/glassfish/jersey/core/jersey-client/2.27/jersey-client-2.27.jar:/home/user/.m2/repository/org/glassfish/jersey/media/jersey-media-jaxb/2.27/jersey-media-jaxb-2.27.jar:/home/user/.m2/repository/javax/validation/validation-api/1.1.0.Final/validation-api-1.1.0.Final.jar:/home/user/.m2/repository/org/glassfish/jersey/media/jersey-media-json-jackson/2.27/jersey-media-json-jackson-2.27.jar:/home/user/.m2/repository/org/glassfish/jersey/ext/jersey-entity-filtering/2.27/jersey-entity-filtering-2.27.jar:/home/user/.m2/repository/com/google/inject/extensions/guice-assistedinject/4.0/guice-assistedinject-4.0.jar:/home/user/.m2/repository/org/jooq/jooq/3.11.10/jooq-3.11.10.jar:/home/user/.m2/repository/org/jooq/jooq-meta/3.11.10/jooq-meta-3.11.10.jar:/home/user/.m2/repository/org/jooq/jooq-codegen/3.11.10/jooq-codegen-3.11.10.jar:/home/user/.m2/repository/com/jolbox/bonecp/0.8.0.RELEASE/bonecp-0.8.0.RELEASE.jar:/home/user/.m2/repository/org/xerial/sqlite-jdbc/3.25.2/sqlite-jdbc-3.25.2.jar:/home/user/.m2/repository/org/springframework/spring-jdbc/5.1.3.RELEASE/spring-jdbc-5.1.3.RELEASE.jar:/home/user/.m2/repository/org/springframework/spring-beans/5.1.3.RELEASE/spring-beans-5.1.3.RELEASE.jar:/home/user/.m2/repository/org/springframework/spring-core/5.1.3.RELEASE/spring-core-5.1.3.RELEASE.jar:/home/user/.m2/repository/org/springframework/spring-jcl/5.1.3.RELEASE/spring-jcl-5.1.3.RELEASE.jar:/home/user/.m2/repository/org/springframework/spring-tx/5.1.3.RELEASE/spring-tx-5.1.3.RELEASE.jar:/home/user/.m2/repository/org/apache/hadoop/hadoop-ozone-client/0.5.0-SNAPSHOT/hadoop-ozone-client-0.5.0-SNAPSHOT.jar:/home/user/.m2/repository/commons-lang/commons-lang/2.6/commons-lang-2.6.jar:/home/user/.m2/repository/org/apache/hadoop/hadoop-ozone-ozone-manager/0.5.0-SNAPSHOT/hadoop-ozone-ozone-manager-0.5.0-SNAPSHOT-tests.jar:/home/user/.m2/repository/junit/junit/4.11/junit-4.11.jar:/home/user/.m2/repository/org/hamcrest/hamcrest-core/1.3/hamcrest-core-1.3.jar:/home/user/.m2/repository/org/openjdk/jmh/jmh-core/1.19/jmh-core-1.19.jar:/home/user/.m2/repository/net/sf/jopt-simple/jopt-simple/4.6/jopt-simple-4.6.jar:/home/user/.m2/repository/org/apache/commons/commons-math3/3.1.1/commons-math3-3.1.1.jar:/home/user/.m2/repository/org/openjdk/jmh/jmh-generator-annprocess/1.19/jmh-generator-annprocess-1.19.jar:/home/user/.m2/repository/org/mockito/mockito-all/1.8.5/mockito-all-1.8.5.jar:/home/user/.m2/repository/org/apache/hadoop/hadoop-kms/3.2.0/hadoop-kms-3.2.0.jar:/home/user/.m2/repository/org/apache/hadoop/hadoop-auth/3.2.0/hadoop-auth-3.2.0.jar:/home/user/.m2/repository/com/nimbusds/nimbus-jose-jwt/4.41.1/nimbus-jose-jwt-4.41.1.jar:/home/user/.m2/repository/com/github/stephenc/jcip/jcip-annotations/1.0-1/jcip-annotations-1.0-1.jar:/home/user/.m2/repository/net/minidev/json-smart/2.3/json-smart-2.3.jar:/home/user/.m2/repository/net/minidev/accessors-smart/1.2/accessors-smart-1.2.jar:/home/user/.m2/repository/org/ow2/asm/asm/5.0.4/asm-5.0.4.jar:/home/user/.m2/repository/org/apache/curator/curator-framework/2.12.0/curator-framework-2.12.0.jar:/home/user/.m2/repository/com/sun/jersey/jersey-core/1.19/jersey-core-1.19.jar:/home/user/.m2/repository/javax/ws/rs/jsr311-api/1.1.1/jsr311-api-1.1.1.jar:/home/user/.m2/repository/com/sun/jersey/jersey-server/1.19/jersey-server-1.19.jar:/home/user/.m2/repository/javax/servlet/javax.servlet-api/3.1.0/javax.servlet-api-3.1.0.jar:/home/user/.m2/repository/org/eclipse/jetty/jetty-server/9.3.25.v20180904/jetty-server-9.3.25.v20180904.jar:/home/user/.m2/repository/org/eclipse/jetty/jetty-http/9.3.25.v20180904/jetty-http-9.3.25.v20180904.jar:/home/user/.m2/repository/org/eclipse/jetty/jetty-io/9.3.25.v20180904/jetty-io-9.3.25.v20180904.jar:/home/user/.m2/repository/org/eclipse/jetty/jetty-webapp/9.3.25.v20180904/jetty-webapp-9.3.25.v20180904.jar:/home/user/.m2/repository/org/eclipse/jetty/jetty-xml/9.3.25.v20180904/jetty-xml-9.3.25.v20180904.jar:/home/user/.m2/repository/log4j/log4j/1.2.17/log4j-1.2.17.jar:/home/user/.m2/repository/org/slf4j/slf4j-api/1.7.25/slf4j-api-1.7.25.jar:/home/user/.m2/repository/org/slf4j/jul-to-slf4j/1.7.25/jul-to-slf4j-1.7.25.jar:/home/user/.m2/repository/org/eclipse/jetty/jetty-util/9.3.25.v20180904/jetty-util-9.3.25.v20180904.jar:/home/user/.m2/repository/com/fasterxml/jackson/core/jackson-databind/2.9.9/jackson-databind-2.9.9.jar:/home/user/.m2/repository/org/apache/hadoop/hadoop-kms/3.2.0/hadoop-kms-3.2.0-tests.jar:/home/user/.m2/repository/org/apache/hadoop/hadoop-hdds-server-scm/0.5.0-SNAPSHOT/hadoop-hdds-server-scm-0.5.0-SNAPSHOT-tests.jar:/home/user/.m2/repository/org/apache/hadoop/hadoop-hdds-container-service/0.5.0-SNAPSHOT/hadoop-hdds-container-service-0.5.0-SNAPSHOT-tests.jar:/home/user/.m2/repository/org/yaml/snakeyaml/1.16/snakeyaml-1.16.jar:/home/user/.m2/repository/org/apache/hadoop/hadoop-common/3.2.0/hadoop-common-3.2.0-tests.jar:/home/user/.m2/repository/org/apache/hadoop/hadoop-annotations/3.2.0/hadoop-annotations-3.2.0.jar:/usr/lib/jvm/java-1.8.0-openjdk-1.8.0.222.b10-1.el7_7.x86_64/jre/../lib/tools.jar:/home/user/.m2/repository/commons-cli/commons-cli/1.2/commons-cli-1.2.jar:/home/user/.m2/repository/org/apache/httpcomponents/httpclient/4.5.2/httpclient-4.5.2.jar:/home/user/.m2/repository/org/apache/httpcomponents/httpcore/4.4.4/httpcore-4.4.4.jar:/home/user/.m2/repository/commons-codec/commons-codec/1.11/commons-codec-1.11.jar:/home/user/.m2/repository/commons-net/commons-net/3.6/commons-net-3.6.jar:/home/user/.m2/repository/commons-collections/commons-collections/3.2.2/commons-collections-3.2.2.jar:/home/user/.m2/repository/org/eclipse/jetty/jetty-servlet/9.3.25.v20180904/jetty-servlet-9.3.25.v20180904.jar:/home/user/.m2/repository/org/eclipse/jetty/jetty-security/9.3.25.v20180904/jetty-security-9.3.25.v20180904.jar:/home/user/.m2/repository/javax/servlet/jsp/jsp-api/2.1/jsp-api-2.1.jar:/home/user/.m2/repository/com/sun/jersey/jersey-servlet/1.19/jersey-servlet-1.19.jar:/home/user/.m2/repository/com/sun/jersey/jersey-json/1.19/jersey-json-1.19.jar:/home/user/.m2/repository/org/codehaus/jettison/jettison/1.1/jettison-1.1.jar:/home/user/.m2/repository/org/codehaus/jackson/jackson-core-asl/1.9.13/jackson-core-asl-1.9.13.jar:/home/user/.m2/repository/org/codehaus/jackson/jackson-mapper-asl/1.9.13/jackson-mapper-asl-1.9.13.jar:/home/user/.m2/repository/org/codehaus/jackson/jackson-jaxrs/1.9.13/jackson-jaxrs-1.9.13.jar:/home/user/.m2/repository/org/codehaus/jackson/jackson-xc/1.9.13/jackson-xc-1.9.13.jar:/home/user/.m2/repository/commons-logging/commons-logging/1.1.3/commons-logging-1.1.3.jar:/home/user/.m2/repository/commons-beanutils/commons-beanutils/1.9.4/commons-beanutils-1.9.4.jar:/home/user/.m2/repository/org/apache/commons/commons-configuration2/2.1.1/commons-configuration2-2.1.1.jar:/home/user/.m2/repository/org/apache/commons/commons-lang3/3.7/commons-lang3-3.7.jar:/home/user/.m2/repository/org/apache/commons/commons-text/1.4/commons-text-1.4.jar:/home/user/.m2/repository/org/apache/avro/avro/1.7.7/avro-1.7.7.jar:/home/user/.m2/repository/com/thoughtworks/paranamer/paranamer/2.3/paranamer-2.3.jar:/home/user/.m2/repository/org/xerial/snappy/snappy-java/1.0.5/snappy-java-1.0.5.jar:/home/user/.m2/repository/com/google/re2j/re2j/1.1/re2j-1.1.jar:/home/user/.m2/repository/com/google/code/gson/gson/2.2.4/gson-2.2.4.jar:/home/user/.m2/repository/com/jcraft/jsch/0.1.54/jsch-0.1.54.jar:/home/user/.m2/repository/org/apache/curator/curator-client/2.12.0/curator-client-2.12.0.jar:/home/user/.m2/repository/org/apache/curator/curator-recipes/2.12.0/curator-recipes-2.12.0.jar:/home/user/.m2/repository/com/google/code/findbugs/jsr305/3.0.0/jsr305-3.0.0.jar:/home/user/.m2/repository/org/apache/htrace/htrace-core4/4.1.0-incubating/htrace-core4-4.1.0-incubating.jar:/home/user/.m2/repository/org/apache/zookeeper/zookeeper/3.4.13/zookeeper-3.4.13.jar:/home/user/.m2/repository/jline/jline/0.9.94/jline-0.9.94.jar:/home/user/.m2/repository/org/apache/yetus/audience-annotations/0.5.0/audience-annotations-0.5.0.jar:/home/user/.m2/repository/org/codehaus/woodstox/stax2-api/3.1.4/stax2-api-3.1.4.jar:/home/user/.m2/repository/com/fasterxml/woodstox/woodstox-core/5.0.3/woodstox-core-5.0.3.jar:/home/user/.m2/repository/dnsjava/dnsjava/2.1.7/dnsjava-2.1.7.jar:/home/user/.m2/repository/org/apache/hadoop/hadoop-hdfs/3.2.0/hadoop-hdfs-3.2.0-tests.jar:/home/user/.m2/repository/org/eclipse/jetty/jetty-util-ajax/9.3.25.v20180904/jetty-util-ajax-9.3.25.v20180904.jar:/home/user/.m2/repository/commons-daemon/commons-daemon/1.0.13/commons-daemon-1.0.13.jar:/home/user/.m2/repository/io/netty/netty/3.10.5.Final/netty-3.10.5.Final.jar:/home/user/.m2/repository/io/netty/netty-all/4.0.52.Final/netty-all-4.0.52.Final.jar:/home/user/.m2/repository/org/fusesource/leveldbjni/leveldbjni-all/1.8/leveldbjni-all-1.8.jar:"/>
    <property name="sun.cpu.endian" value="little"/>
    <property name="user.home" value="/home/user"/>
    <property name="user.language" value="en"/>
    <property name="java.specification.vendor" value="Oracle Corporation"/>
    <property name="java.home" value="/usr/lib/jvm/java-1.8.0-openjdk-1.8.0.222.b10-1.el7_7.x86_64/jre"/>
    <property name="surefire.excludesFile" value="/tools/ozone-bad-unit-tests"/>
    <property name="java.security.krb5.conf" value="/workdir/hadoop-ozone/integration-test/target/test-classes/krb5.conf"/>
    <property name="basedir" value="/workdir/hadoop-ozone/integration-test"/>
    <property name="file.separator" value="/"/>
    <property name="line.separator" value="&#10;"/>
    <property name="java.vm.specification.vendor" value="Oracle Corporation"/>
    <property name="java.specification.name" value="Java Platform API Specification"/>
    <property name="java.awt.graphicsenv" value="sun.awt.X11GraphicsEnvironment"/>
    <property name="surefire.real.class.path" value="/workdir/hadoop-ozone/integration-test/target/surefire/surefirebooter2859376681226495809.jar"/>
    <property name="hadoop.log.dir" value="/workdir/hadoop-ozone/integration-test/target/log"/>
    <property name="sun.boot.class.path" value="/usr/lib/jvm/java-1.8.0-openjdk-1.8.0.222.b10-1.el7_7.x86_64/jre/lib/resources.jar:/usr/lib/jvm/java-1.8.0-openjdk-1.8.0.222.b10-1.el7_7.x86_64/jre/lib/rt.jar:/usr/lib/jvm/java-1.8.0-openjdk-1.8.0.222.b10-1.el7_7.x86_64/jre/lib/sunrsasign.jar:/usr/lib/jvm/java-1.8.0-openjdk-1.8.0.222.b10-1.el7_7.x86_64/jre/lib/jsse.jar:/usr/lib/jvm/java-1.8.0-openjdk-1.8.0.222.b10-1.el7_7.x86_64/jre/lib/jce.jar:/usr/lib/jvm/java-1.8.0-openjdk-1.8.0.222.b10-1.el7_7.x86_64/jre/lib/charsets.jar:/usr/lib/jvm/java-1.8.0-openjdk-1.8.0.222.b10-1.el7_7.x86_64/jre/lib/jfr.jar:/usr/lib/jvm/java-1.8.0-openjdk-1.8.0.222.b10-1.el7_7.x86_64/jre/classes"/>
    <property name="sun.management.compiler" value="HotSpot 64-Bit Tiered Compilers"/>
    <property name="java.runtime.version" value="1.8.0_222-b10"/>
    <property name="java.net.preferIPv4Stack" value="true"/>
    <property name="user.name" value="jenkins1000"/>
    <property name="path.separator" value=":"/>
    <property name="java.security.egd" value="file:///dev/urandom"/>
    <property name="os.version" value="3.10.0-957.12.2.el7.x86_64"/>
    <property name="java.endorsed.dirs" value="/usr/lib/jvm/java-1.8.0-openjdk-1.8.0.222.b10-1.el7_7.x86_64/jre/lib/endorsed"/>
    <property name="java.runtime.name" value="OpenJDK Runtime Environment"/>
    <property name="file.encoding" value="ANSI_X3.4-1968"/>
    <property name="java.vm.name" value="OpenJDK 64-Bit Server VM"/>
    <property name="test.build.webapps" value=""/>
    <property name="localRepository" value="/home/user/.m2/repository"/>
    <property name="java.vendor.url.bug" value="http://bugreport.sun.com/bugreport/"/>
    <property name="java.io.tmpdir" value="/tmp"/>
    <property name="require.test.libhadoop" value=""/>
    <property name="java.version" value="1.8.0_222"/>
    <property name="user.dir" value="/workdir/hadoop-ozone/integration-test"/>
    <property name="os.arch" value="amd64"/>
    <property name="java.vm.specification.name" value="Java Virtual Machine Specification"/>
    <property name="test.build.classes" value="/workdir/hadoop-ozone/integration-test/target/test-classes"/>
    <property name="java.awt.printerjob" value="sun.print.PSPrinterJob"/>
    <property name="sun.os.patch.level" value="unknown"/>
    <property name="hadoop.tmp.dir" value="/workdir/hadoop-ozone/integration-test/target/tmp"/>
    <property name="java.library.path" value="/usr/lib:/workdir/hadoop-ozone/integration-test/target/native/target/usr/local/lib:/workdir/hadoop-ozone/integration-test/../../hadoop-common-project/hadoop-common/target/native/target/usr/local/lib:/usr/java/packages/lib/amd64:/usr/lib64:/lib64:/lib:/usr/lib"/>
    <property name="java.vm.info" value="mixed mode"/>
    <property name="java.vendor" value="Oracle Corporation"/>
    <property name="java.vm.version" value="25.222-b10"/>
    <property name="java.ext.dirs" value="/usr/lib/jvm/java-1.8.0-openjdk-1.8.0.222.b10-1.el7_7.x86_64/jre/lib/ext:/usr/java/packages/lib/ext"/>
    <property name="sun.io.unicode.encoding" value="UnicodeLittle"/>
    <property name="java.class.version" value="52.0"/>
  </properties>
  <testcase name="testPipelineExclusionWithPipelineFailure" classname="org.apache.hadoop.ozone.client.rpc.TestFailureHandlingByClient" time="91.172"/>
  <testcase name="testContainerExclusionWithClosedContainerException" classname="org.apache.hadoop.ozone.client.rpc.TestFailureHandlingByClient" time="43.36"/>
  <testcase name="testWriteSmallFile" classname="org.apache.hadoop.ozone.client.rpc.TestFailureHandlingByClient" time="89.496"/>
  <testcase name="testBlockWritesWithDnFailures" classname="org.apache.hadoop.ozone.client.rpc.TestFailureHandlingByClient" time="47.346"/>
  <testcase name="testDatanodeExclusionWithMajorityCommit" classname="org.apache.hadoop.ozone.client.rpc.TestFailureHandlingByClient" time="48.595">
    <failure type="java.lang.AssertionError">java.lang.AssertionError
	at org.junit.Assert.fail(Assert.java:86)
	at org.junit.Assert.assertTrue(Assert.java:41)
	at org.junit.Assert.assertTrue(Assert.java:52)
	at org.apache.hadoop.ozone.client.rpc.TestFailureHandlingByClient.testDatanodeExclusionWithMajorityCommit(TestFailureHandlingByClient.java:318)
	at sun.reflect.NativeMethodAccessorImpl.invoke0(Native Method)
	at sun.reflect.NativeMethodAccessorImpl.invoke(NativeMethodAccessorImpl.java:62)
	at sun.reflect.DelegatingMethodAccessorImpl.invoke(DelegatingMethodAccessorImpl.java:43)
	at java.lang.reflect.Method.invoke(Method.java:498)
	at org.junit.runners.model.FrameworkMethod$1.runReflectiveCall(FrameworkMethod.java:47)
	at org.junit.internal.runners.model.ReflectiveCallable.run(ReflectiveCallable.java:12)
	at org.junit.runners.model.FrameworkMethod.invokeExplosively(FrameworkMethod.java:44)
	at org.junit.internal.runners.statements.InvokeMethod.evaluate(InvokeMethod.java:17)
	at org.junit.internal.runners.statements.RunAfters.evaluate(RunAfters.java:27)
	at org.junit.runners.ParentRunner.runLeaf(ParentRunner.java:271)
	at org.junit.runners.BlockJUnit4ClassRunner.runChild(BlockJUnit4ClassRunner.java:70)
	at org.junit.runners.BlockJUnit4ClassRunner.runChild(BlockJUnit4ClassRunner.java:50)
	at org.junit.runners.ParentRunner$3.run(ParentRunner.java:238)
	at org.junit.runners.ParentRunner$1.schedule(ParentRunner.java:63)
	at org.junit.runners.ParentRunner.runChildren(ParentRunner.java:236)
	at org.junit.runners.ParentRunner.access$000(ParentRunner.java:53)
	at org.junit.runners.ParentRunner$2.evaluate(ParentRunner.java:229)
	at org.junit.runners.ParentRunner.run(ParentRunner.java:309)
	at org.apache.maven.surefire.junit4.JUnit4Provider.execute(JUnit4Provider.java:365)
	at org.apache.maven.surefire.junit4.JUnit4Provider.executeWithRerun(JUnit4Provider.java:273)
	at org.apache.maven.surefire.junit4.JUnit4Provider.executeTestSet(JUnit4Provider.java:238)
	at org.apache.maven.surefire.junit4.JUnit4Provider.invoke(JUnit4Provider.java:159)
	at org.apache.maven.surefire.booter.ForkedBooter.invokeProviderInSameClassLoader(ForkedBooter.java:384)
	at org.apache.maven.surefire.booter.ForkedBooter.runSuitesInProcess(ForkedBooter.java:345)
	at org.apache.maven.surefire.booter.ForkedBooter.execute(ForkedBooter.java:126)
	at org.apache.maven.surefire.booter.ForkedBooter.main(ForkedBooter.java:418)
</failure>
    <system-out><![CDATA[2019-10-18 07:23:41,198 [main] WARN  server.ServerUtils (ServerUtils.java:getScmDbDir(145)) - ozone.scm.db.dirs is not configured. We recommend adding this setting. Falling back to ozone.metadata.dirs instead.
2019-10-18 07:23:41,224 [main] WARN  server.ServerUtils (ServerUtils.java:getScmDbDir(145)) - ozone.scm.db.dirs is not configured. We recommend adding this setting. Falling back to ozone.metadata.dirs instead.
2019-10-18 07:23:41,224 [main] WARN  server.ServerUtils (ServerUtils.java:getScmDbDir(145)) - ozone.scm.db.dirs is not configured. We recommend adding this setting. Falling back to ozone.metadata.dirs instead.
2019-10-18 07:23:41,225 [main] INFO  db.DBStoreBuilder (DBStoreBuilder.java:addTable(117)) - using custom profile for table: deletedBlocks
2019-10-18 07:23:41,225 [main] INFO  db.DBStoreBuilder (DBStoreBuilder.java:processTables(168)) - Using default column profile:DBProfile.DISK for Table:deletedBlocks
2019-10-18 07:23:41,225 [main] INFO  db.DBStoreBuilder (DBStoreBuilder.java:addTable(117)) - using custom profile for table: validCerts
2019-10-18 07:23:41,225 [main] INFO  db.DBStoreBuilder (DBStoreBuilder.java:processTables(168)) - Using default column profile:DBProfile.DISK for Table:validCerts
2019-10-18 07:23:41,226 [main] INFO  db.DBStoreBuilder (DBStoreBuilder.java:addTable(117)) - using custom profile for table: revokedCerts
2019-10-18 07:23:41,226 [main] INFO  db.DBStoreBuilder (DBStoreBuilder.java:processTables(168)) - Using default column profile:DBProfile.DISK for Table:revokedCerts
2019-10-18 07:23:41,226 [main] INFO  db.DBStoreBuilder (DBStoreBuilder.java:addTable(117)) - using custom profile for table: default
2019-10-18 07:23:41,226 [main] INFO  db.DBStoreBuilder (DBStoreBuilder.java:processTables(174)) - Using default column profile:DBProfile.DISK for Table:default
2019-10-18 07:23:41,226 [main] INFO  db.DBStoreBuilder (DBStoreBuilder.java:getDbProfile(205)) - Using default options. DBProfile.DISK
2019-10-18 07:23:41,485 [main] INFO  net.NodeSchemaLoader (NodeSchemaLoader.java:loadSchemaFromFile(125)) - Loading file from sun.misc.CompoundEnumeration@2d206a71
2019-10-18 07:23:41,486 [main] INFO  net.NodeSchemaLoader (NodeSchemaLoader.java:loadSchema(171)) - Loading network topology layer schema file
2019-10-18 07:23:41,493 [main] INFO  node.SCMNodeManager (SCMNodeManager.java:<init>(116)) - Entering startup safe mode.
2019-10-18 07:23:41,494 [main] INFO  algorithms.ContainerPlacementPolicyFactory (ContainerPlacementPolicyFactory.java:getPolicy(57)) - Create container placement policy of type org.apache.hadoop.hdds.scm.container.placement.algorithms.SCMContainerPlacementRandom
2019-10-18 07:23:41,494 [main] WARN  server.ServerUtils (ServerUtils.java:getScmDbDir(145)) - ozone.scm.db.dirs is not configured. We recommend adding this setting. Falling back to ozone.metadata.dirs instead.
2019-10-18 07:23:41,556 [main] INFO  pipeline.SCMPipelineManager (SCMPipelineManager.java:initializePipelineState(132)) - No pipeline exists in current db
2019-10-18 07:23:41,557 [main] WARN  server.ServerUtils (ServerUtils.java:getScmDbDir(145)) - ozone.scm.db.dirs is not configured. We recommend adding this setting. Falling back to ozone.metadata.dirs instead.
2019-10-18 07:23:41,648 [main] WARN  events.EventQueue (EventQueue.java:fireEvent(183)) - No event handler registered for event TypedEvent{payloadType=SafeModeStatus, name='SafeModeStatus'}
2019-10-18 07:23:41,649 [main] INFO  ipc.CallQueueManager (CallQueueManager.java:<init>(84)) - Using callQueue: class java.util.concurrent.LinkedBlockingQueue, queueCapacity: 2000, scheduler: class org.apache.hadoop.ipc.DefaultRpcScheduler, ipcBackoff: false.
2019-10-18 07:23:41,650 [Socket Reader #1 for port 38390] INFO  ipc.Server (Server.java:run(1074)) - Starting Socket Reader #1 for port 38390
2019-10-18 07:23:41,652 [main] INFO  ipc.CallQueueManager (CallQueueManager.java:<init>(84)) - Using callQueue: class java.util.concurrent.LinkedBlockingQueue, queueCapacity: 2000, scheduler: class org.apache.hadoop.ipc.DefaultRpcScheduler, ipcBackoff: false.
2019-10-18 07:23:41,653 [Socket Reader #1 for port 44553] INFO  ipc.Server (Server.java:run(1074)) - Starting Socket Reader #1 for port 44553
2019-10-18 07:23:41,655 [main] INFO  ipc.CallQueueManager (CallQueueManager.java:<init>(84)) - Using callQueue: class java.util.concurrent.LinkedBlockingQueue, queueCapacity: 2000, scheduler: class org.apache.hadoop.ipc.DefaultRpcScheduler, ipcBackoff: false.
2019-10-18 07:23:41,656 [Socket Reader #1 for port 40678] INFO  ipc.Server (Server.java:run(1074)) - Starting Socket Reader #1 for port 40678
2019-10-18 07:23:41,659 [main] INFO  hdfs.DFSUtil (DFSUtil.java:httpServerTemplateForNNAndJN(1641)) - Starting Web-server for scm at: http://0.0.0.0:0
2019-10-18 07:23:41,661 [main] INFO  server.AuthenticationFilter (AuthenticationFilter.java:constructSecretProvider(240)) - Unable to initialize FileSignerSecretProvider, falling back to use random secrets.
2019-10-18 07:23:41,662 [main] WARN  http.HttpRequestLog (HttpRequestLog.java:getRequestLog(97)) - Jetty request log can only be enabled using Log4j
2019-10-18 07:23:41,663 [main] INFO  http.HttpServer2 (HttpServer2.java:addGlobalFilter(975)) - Added global filter 'safety' (class=org.apache.hadoop.http.HttpServer2$QuotingInputFilter)
2019-10-18 07:23:41,664 [main] INFO  http.HttpServer2 (HttpServer2.java:addFilter(948)) - Added filter static_user_filter (class=org.apache.hadoop.http.lib.StaticUserWebFilter$StaticUserFilter) to context scm
2019-10-18 07:23:41,664 [main] INFO  http.HttpServer2 (HttpServer2.java:addFilter(958)) - Added filter static_user_filter (class=org.apache.hadoop.http.lib.StaticUserWebFilter$StaticUserFilter) to context logs
2019-10-18 07:23:41,664 [main] INFO  http.HttpServer2 (HttpServer2.java:addFilter(958)) - Added filter static_user_filter (class=org.apache.hadoop.http.lib.StaticUserWebFilter$StaticUserFilter) to context static
2019-10-18 07:23:41,666 [main] INFO  server.StorageContainerManager (StorageContainerManager.java:start(772)) - StorageContainerLocationProtocol RPC server is listening at /0.0.0.0:40678
2019-10-18 07:23:41,669 [main] WARN  impl.MetricsConfig (MetricsConfig.java:loadFirst(134)) - Cannot locate configuration: tried hadoop-metrics2-storagecontainermanager.properties,hadoop-metrics2.properties
2019-10-18 07:23:41,670 [main] INFO  impl.MetricsSystemImpl (MetricsSystemImpl.java:startTimer(374)) - Scheduled Metric snapshot period at 10 second(s).
2019-10-18 07:23:41,670 [main] INFO  impl.MetricsSystemImpl (MetricsSystemImpl.java:start(191)) - StorageContainerManager metrics system started
2019-10-18 07:23:42,276 [main] WARN  impl.MetricsSystemImpl (MetricsSystemImpl.java:register(276)) - Sink prometheus already exists!
2019-10-18 07:23:42,362 [main] INFO  server.SCMClientProtocolServer (SCMClientProtocolServer.java:start(159)) - RPC server for Client  is listening at /0.0.0.0:40678
2019-10-18 07:23:42,363 [IPC Server Responder] INFO  ipc.Server (Server.java:run(1314)) - IPC Server Responder: starting
2019-10-18 07:23:42,363 [IPC Server listener on 40678] INFO  ipc.Server (Server.java:run(1153)) - IPC Server listener on 40678: starting
2019-10-18 07:23:42,368 [main] INFO  server.StorageContainerManager (StorageContainerManager.java:start(782)) - ScmBlockLocationProtocol RPC server is listening at /0.0.0.0:44553
2019-10-18 07:23:42,369 [main] INFO  server.SCMBlockProtocolServer (SCMBlockProtocolServer.java:start(146)) - RPC server for Block Protocol is listening at /0.0.0.0:44553
2019-10-18 07:23:42,369 [IPC Server Responder] INFO  ipc.Server (Server.java:run(1314)) - IPC Server Responder: starting
2019-10-18 07:23:42,369 [IPC Server listener on 44553] INFO  ipc.Server (Server.java:run(1153)) - IPC Server listener on 44553: starting
2019-10-18 07:23:42,374 [main] INFO  server.StorageContainerManager (StorageContainerManager.java:start(786)) - ScmDatanodeProtocl RPC server is listening at /0.0.0.0:38390
2019-10-18 07:23:42,374 [main] INFO  server.SCMDatanodeProtocolServer (SCMDatanodeProtocolServer.java:start(169)) - RPC server for DataNodes is listening at /0.0.0.0:38390
2019-10-18 07:23:42,375 [IPC Server Responder] INFO  ipc.Server (Server.java:run(1314)) - IPC Server Responder: starting
2019-10-18 07:23:42,375 [IPC Server listener on 38390] INFO  ipc.Server (Server.java:run(1153)) - IPC Server listener on 38390: starting
2019-10-18 07:23:42,380 [main] INFO  http.HttpServer2 (HttpServer2.java:bindListener(1191)) - Jetty bound to port 36463
2019-10-18 07:23:42,380 [main] INFO  server.Server (Server.java:doStart(351)) - jetty-9.3.25.v20180904, build timestamp: 2018-09-04T21:11:46Z, git hash: 3ce520221d0240229c862b122d2b06c12a625732
2019-10-18 07:23:42,382 [main] INFO  handler.ContextHandler (ContextHandler.java:doStart(781)) - Started o.e.j.s.ServletContextHandler@40c8067{/logs,file:///workdir/hadoop-ozone/integration-test/target/log,AVAILABLE}
2019-10-18 07:23:42,382 [main] INFO  handler.ContextHandler (ContextHandler.java:doStart(781)) - Started o.e.j.s.ServletContextHandler@561f9d92{/static,file:///workdir/hadoop-ozone/integration-test/target/test-classes/webapps/static,AVAILABLE}
2019-10-18 07:23:42,386 [main] INFO  handler.ContextHandler (ContextHandler.java:doStart(781)) - Started o.e.j.w.WebAppContext@242ff747{/,file:///workdir/hadoop-ozone/integration-test/target/test-classes/webapps/scm/,AVAILABLE}{/scm}
2019-10-18 07:23:42,386 [main] INFO  server.AbstractConnector (AbstractConnector.java:doStart(278)) - Started ServerConnector@5329f6b3{HTTP/1.1,[http/1.1]}{0.0.0.0:36463}
2019-10-18 07:23:42,386 [main] INFO  server.Server (Server.java:doStart(419)) - Started @273007ms
2019-10-18 07:23:42,387 [main] WARN  impl.MetricsSystemImpl (MetricsSystemImpl.java:register(276)) - Sink prometheus already exists!
2019-10-18 07:23:42,388 [main] INFO  server.BaseHttpServer (BaseHttpServer.java:updateConnectorAddress(215)) - HTTP server of SCM is listening at http://0.0.0.0:36463
2019-10-18 07:23:42,390 [main] WARN  server.ServerUtils (ServerUtils.java:getDBPath(222)) - ozone.om.db.dirs is not configured. We recommend adding this setting. Falling back to ozone.metadata.dirs instead.
2019-10-18 07:23:42,390 [org.apache.hadoop.util.JvmPauseMonitor$Monitor@77324a58] INFO  util.JvmPauseMonitor (JvmPauseMonitor.java:run(188)) - Starting JVM pause monitor
2019-10-18 07:23:42,414 [main] INFO  ha.OMHANodeDetails (OMHANodeDetails.java:loadOMHAConfig(190)) - Configuration either no ozone.om.address set. Falling back to the default OM address /127.0.0.1:0
2019-10-18 07:23:42,414 [main] INFO  ha.OMHANodeDetails (OMHANodeDetails.java:getOMNodeDetails(220)) - OM Service ID is not set. Setting it to the default ID: omServiceIdDefault
2019-10-18 07:23:42,414 [main] WARN  server.ServerUtils (ServerUtils.java:getDBPath(222)) - ozone.om.db.dirs is not configured. We recommend adding this setting. Falling back to ozone.metadata.dirs instead.
2019-10-18 07:23:42,415 [main] WARN  server.ServerUtils (ServerUtils.java:getDBPath(222)) - ozone.om.db.dirs is not configured. We recommend adding this setting. Falling back to ozone.metadata.dirs instead.
2019-10-18 07:23:42,423 [main] WARN  server.ServerUtils (ServerUtils.java:getDBPath(222)) - ozone.om.db.dirs is not configured. We recommend adding this setting. Falling back to ozone.metadata.dirs instead.
2019-10-18 07:23:42,423 [main] INFO  db.DBStoreBuilder (DBStoreBuilder.java:addTable(117)) - using custom profile for table: userTable
2019-10-18 07:23:42,423 [main] INFO  db.DBStoreBuilder (DBStoreBuilder.java:processTables(168)) - Using default column profile:DBProfile.DISK for Table:userTable
2019-10-18 07:23:42,424 [main] INFO  db.DBStoreBuilder (DBStoreBuilder.java:addTable(117)) - using custom profile for table: volumeTable
2019-10-18 07:23:42,424 [main] INFO  db.DBStoreBuilder (DBStoreBuilder.java:processTables(168)) - Using default column profile:DBProfile.DISK for Table:volumeTable
2019-10-18 07:23:42,424 [main] INFO  db.DBStoreBuilder (DBStoreBuilder.java:addTable(117)) - using custom profile for table: bucketTable
2019-10-18 07:23:42,424 [main] INFO  db.DBStoreBuilder (DBStoreBuilder.java:processTables(168)) - Using default column profile:DBProfile.DISK for Table:bucketTable
2019-10-18 07:23:42,425 [main] INFO  db.DBStoreBuilder (DBStoreBuilder.java:addTable(117)) - using custom profile for table: keyTable
2019-10-18 07:23:42,425 [main] INFO  db.DBStoreBuilder (DBStoreBuilder.java:processTables(168)) - Using default column profile:DBProfile.DISK for Table:keyTable
2019-10-18 07:23:42,425 [main] INFO  db.DBStoreBuilder (DBStoreBuilder.java:addTable(117)) - using custom profile for table: deletedTable
2019-10-18 07:23:42,425 [main] INFO  db.DBStoreBuilder (DBStoreBuilder.java:processTables(168)) - Using default column profile:DBProfile.DISK for Table:deletedTable
2019-10-18 07:23:42,425 [main] INFO  db.DBStoreBuilder (DBStoreBuilder.java:addTable(117)) - using custom profile for table: openKeyTable
2019-10-18 07:23:42,426 [main] INFO  db.DBStoreBuilder (DBStoreBuilder.java:processTables(168)) - Using default column profile:DBProfile.DISK for Table:openKeyTable
2019-10-18 07:23:42,426 [main] INFO  db.DBStoreBuilder (DBStoreBuilder.java:addTable(117)) - using custom profile for table: s3Table
2019-10-18 07:23:42,426 [main] INFO  db.DBStoreBuilder (DBStoreBuilder.java:processTables(168)) - Using default column profile:DBProfile.DISK for Table:s3Table
2019-10-18 07:23:42,426 [main] INFO  db.DBStoreBuilder (DBStoreBuilder.java:addTable(117)) - using custom profile for table: multipartInfoTable
2019-10-18 07:23:42,426 [main] INFO  db.DBStoreBuilder (DBStoreBuilder.java:processTables(168)) - Using default column profile:DBProfile.DISK for Table:multipartInfoTable
2019-10-18 07:23:42,427 [main] INFO  db.DBStoreBuilder (DBStoreBuilder.java:addTable(117)) - using custom profile for table: dTokenTable
2019-10-18 07:23:42,427 [main] INFO  db.DBStoreBuilder (DBStoreBuilder.java:processTables(168)) - Using default column profile:DBProfile.DISK for Table:dTokenTable
2019-10-18 07:23:42,427 [main] INFO  db.DBStoreBuilder (DBStoreBuilder.java:addTable(117)) - using custom profile for table: s3SecretTable
2019-10-18 07:23:42,427 [main] INFO  db.DBStoreBuilder (DBStoreBuilder.java:processTables(168)) - Using default column profile:DBProfile.DISK for Table:s3SecretTable
2019-10-18 07:23:42,428 [main] INFO  db.DBStoreBuilder (DBStoreBuilder.java:addTable(117)) - using custom profile for table: prefixTable
2019-10-18 07:23:42,428 [main] INFO  db.DBStoreBuilder (DBStoreBuilder.java:processTables(168)) - Using default column profile:DBProfile.DISK for Table:prefixTable
2019-10-18 07:23:42,428 [main] INFO  db.DBStoreBuilder (DBStoreBuilder.java:addTable(117)) - using custom profile for table: default
2019-10-18 07:23:42,428 [main] INFO  db.DBStoreBuilder (DBStoreBuilder.java:processTables(174)) - Using default column profile:DBProfile.DISK for Table:default
2019-10-18 07:23:42,428 [main] INFO  db.DBStoreBuilder (DBStoreBuilder.java:getDbProfile(205)) - Using default options. DBProfile.DISK
2019-10-18 07:23:43,080 [main] INFO  ipc.CallQueueManager (CallQueueManager.java:<init>(84)) - Using callQueue: class java.util.concurrent.LinkedBlockingQueue, queueCapacity: 2000, scheduler: class org.apache.hadoop.ipc.DefaultRpcScheduler, ipcBackoff: false.
2019-10-18 07:23:43,082 [Socket Reader #1 for port 33217] INFO  ipc.Server (Server.java:run(1074)) - Starting Socket Reader #1 for port 33217
2019-10-18 07:23:43,098 [main] INFO  om.OzoneManager (OzoneManager.java:start(1071)) - OzoneManager RPC server is listening at localhost/127.0.0.1:33217
2019-10-18 07:23:43,098 [main] INFO  impl.MetricsSystemImpl (MetricsSystemImpl.java:init(158)) - OzoneManager metrics system started (again)
2019-10-18 07:23:43,099 [IPC Server Responder] INFO  ipc.Server (Server.java:run(1314)) - IPC Server Responder: starting
2019-10-18 07:23:43,099 [IPC Server listener on 33217] INFO  ipc.Server (Server.java:run(1153)) - IPC Server listener on 33217: starting
2019-10-18 07:23:43,106 [main] INFO  hdfs.DFSUtil (DFSUtil.java:httpServerTemplateForNNAndJN(1641)) - Starting Web-server for ozoneManager at: http://0.0.0.0:0
2019-10-18 07:23:43,107 [main] INFO  server.AuthenticationFilter (AuthenticationFilter.java:constructSecretProvider(240)) - Unable to initialize FileSignerSecretProvider, falling back to use random secrets.
2019-10-18 07:23:43,107 [main] WARN  http.HttpRequestLog (HttpRequestLog.java:getRequestLog(97)) - Jetty request log can only be enabled using Log4j
2019-10-18 07:23:43,109 [main] INFO  http.HttpServer2 (HttpServer2.java:addGlobalFilter(975)) - Added global filter 'safety' (class=org.apache.hadoop.http.HttpServer2$QuotingInputFilter)
2019-10-18 07:23:43,110 [main] INFO  http.HttpServer2 (HttpServer2.java:addFilter(948)) - Added filter static_user_filter (class=org.apache.hadoop.http.lib.StaticUserWebFilter$StaticUserFilter) to context ozoneManager
2019-10-18 07:23:43,110 [main] INFO  http.HttpServer2 (HttpServer2.java:addFilter(958)) - Added filter static_user_filter (class=org.apache.hadoop.http.lib.StaticUserWebFilter$StaticUserFilter) to context static
2019-10-18 07:23:43,110 [main] INFO  http.HttpServer2 (HttpServer2.java:addFilter(958)) - Added filter static_user_filter (class=org.apache.hadoop.http.lib.StaticUserWebFilter$StaticUserFilter) to context logs
2019-10-18 07:23:43,111 [main] INFO  http.HttpServer2 (HttpServer2.java:bindListener(1191)) - Jetty bound to port 42755
2019-10-18 07:23:43,111 [main] INFO  server.Server (Server.java:doStart(351)) - jetty-9.3.25.v20180904, build timestamp: 2018-09-04T21:11:46Z, git hash: 3ce520221d0240229c862b122d2b06c12a625732
2019-10-18 07:23:43,112 [main] INFO  handler.ContextHandler (ContextHandler.java:doStart(781)) - Started o.e.j.s.ServletContextHandler@7ec3a8bd{/logs,file:///workdir/hadoop-ozone/integration-test/target/log,AVAILABLE}
2019-10-18 07:23:43,113 [main] INFO  handler.ContextHandler (ContextHandler.java:doStart(781)) - Started o.e.j.s.ServletContextHandler@42cf6349{/static,file:///workdir/hadoop-ozone/integration-test/target/test-classes/webapps/static,AVAILABLE}
2019-10-18 07:23:43,117 [main] INFO  handler.ContextHandler (ContextHandler.java:doStart(781)) - Started o.e.j.w.WebAppContext@1c1fa494{/,file:///workdir/hadoop-ozone/integration-test/target/test-classes/webapps/ozoneManager/,AVAILABLE}{/ozoneManager}
2019-10-18 07:23:43,117 [main] INFO  server.AbstractConnector (AbstractConnector.java:doStart(278)) - Started ServerConnector@77c66a4f{HTTP/1.1,[http/1.1]}{0.0.0.0:42755}
2019-10-18 07:23:43,118 [main] INFO  server.Server (Server.java:doStart(419)) - Started @273739ms
2019-10-18 07:23:43,118 [main] WARN  impl.MetricsSystemImpl (MetricsSystemImpl.java:register(276)) - Sink prometheus already exists!
2019-10-18 07:23:43,119 [main] INFO  server.BaseHttpServer (BaseHttpServer.java:updateConnectorAddress(215)) - HTTP server of OZONEMANAGER is listening at http://0.0.0.0:42755
2019-10-18 07:23:43,139 [main] INFO  impl.MetricsSystemImpl (MetricsSystemImpl.java:init(158)) - HddsDatanode metrics system started (again)
2019-10-18 07:23:43,146 [main] INFO  ozone.HddsDatanodeService (HddsDatanodeService.java:start(184)) - HddsDatanodeService host:pr-hdds-2318-jnjn8-2612408985 ip:192.168.34.25
2019-10-18 07:23:43,155 [main] INFO  volume.HddsVolume (HddsVolume.java:<init>(176)) - Creating Volume: /workdir/hadoop-ozone/integration-test/target/test-dir/MiniOzoneClusterImpl-f216ddbe-e8b4-4355-85c5-09cf054ba290/datanode-0/data/containers/hdds of  storage type : DISK and capacity : 1482555576320
2019-10-18 07:23:43,155 [main] INFO  volume.VolumeSet (VolumeSet.java:initializeVolumeSet(170)) - Added Volume : /workdir/hadoop-ozone/integration-test/target/test-dir/MiniOzoneClusterImpl-f216ddbe-e8b4-4355-85c5-09cf054ba290/datanode-0/data/containers/hdds to VolumeSet
2019-10-18 07:23:43,156 [main] INFO  volume.ThrottledAsyncChecker (ThrottledAsyncChecker.java:schedule(141)) - Scheduling a check for /workdir/hadoop-ozone/integration-test/target/test-dir/MiniOzoneClusterImpl-f216ddbe-e8b4-4355-85c5-09cf054ba290/datanode-0/data/containers/hdds
2019-10-18 07:23:43,156 [main] INFO  volume.HddsVolumeChecker (HddsVolumeChecker.java:checkAllVolumes(204)) - Scheduled health check for volume /workdir/hadoop-ozone/integration-test/target/test-dir/MiniOzoneClusterImpl-f216ddbe-e8b4-4355-85c5-09cf054ba290/datanode-0/data/containers/hdds
2019-10-18 07:23:43,170 [main] INFO  impl.RaftServerProxy (ConfUtils.java:logGet(43)) - raft.rpc.type = GRPC (default)
2019-10-18 07:23:43,170 [main] INFO  grpc.GrpcFactory (GrpcFactory.java:checkPooledByteBufAllocatorUseCacheForAllThreads(45)) - PERFORMANCE WARNING: useCacheForAllThreads is true that may cause Netty to create a lot garbage objects and, as a result, trigger GC.
	It is recommended to disable useCacheForAllThreads by setting -Dorg.apache.ratis.thirdparty.io.netty.allocator.useCacheForAllThreads=false in command line.
2019-10-18 07:23:43,170 [main] INFO  grpc.GrpcConfigKeys$Server (ConfUtils.java:logGet(43)) - raft.grpc.server.port = 0 (default)
2019-10-18 07:23:43,170 [main] INFO  server.GrpcService (ConfUtils.java:logGet(43)) - raft.grpc.message.size.max = 33570816 (custom)
2019-10-18 07:23:43,171 [main] INFO  server.RaftServerConfigKeys (ConfUtils.java:logGet(43)) - raft.server.log.appender.buffer.byte-limit = 33554432 (custom)
2019-10-18 07:23:43,171 [main] INFO  server.GrpcService (ConfUtils.java:logGet(43)) - raft.grpc.flow.control.window = 1MB (=1048576) (default)
2019-10-18 07:23:43,171 [main] INFO  server.RaftServerConfigKeys (ConfUtils.java:logGet(43)) - raft.server.rpc.request.timeout = 3000ms (default)
2019-10-18 07:23:43,171 [main] INFO  server.RaftServerConfigKeys (ConfUtils.java:logGet(43)) - raft.server.storage.dir = [/workdir/hadoop-ozone/integration-test/target/test-dir/MiniOzoneClusterImpl-f216ddbe-e8b4-4355-85c5-09cf054ba290/datanode-0/data/ratis] (custom)
2019-10-18 07:23:43,173 [main] INFO  hdfs.DFSUtil (DFSUtil.java:httpServerTemplateForNNAndJN(1641)) - Starting Web-server for hddsDatanode at: http://0.0.0.0:0
2019-10-18 07:23:43,175 [main] INFO  server.AuthenticationFilter (AuthenticationFilter.java:constructSecretProvider(240)) - Unable to initialize FileSignerSecretProvider, falling back to use random secrets.
2019-10-18 07:23:43,175 [main] WARN  http.HttpRequestLog (HttpRequestLog.java:getRequestLog(97)) - Jetty request log can only be enabled using Log4j
2019-10-18 07:23:43,177 [main] INFO  http.HttpServer2 (HttpServer2.java:addGlobalFilter(975)) - Added global filter 'safety' (class=org.apache.hadoop.http.HttpServer2$QuotingInputFilter)
2019-10-18 07:23:43,178 [main] INFO  http.HttpServer2 (HttpServer2.java:addFilter(948)) - Added filter static_user_filter (class=org.apache.hadoop.http.lib.StaticUserWebFilter$StaticUserFilter) to context hddsDatanode
2019-10-18 07:23:43,178 [main] INFO  http.HttpServer2 (HttpServer2.java:addFilter(958)) - Added filter static_user_filter (class=org.apache.hadoop.http.lib.StaticUserWebFilter$StaticUserFilter) to context static
2019-10-18 07:23:43,178 [main] INFO  http.HttpServer2 (HttpServer2.java:addFilter(958)) - Added filter static_user_filter (class=org.apache.hadoop.http.lib.StaticUserWebFilter$StaticUserFilter) to context logs
2019-10-18 07:23:43,179 [main] INFO  http.HttpServer2 (HttpServer2.java:bindListener(1191)) - Jetty bound to port 45506
2019-10-18 07:23:43,179 [main] INFO  server.Server (Server.java:doStart(351)) - jetty-9.3.25.v20180904, build timestamp: 2018-09-04T21:11:46Z, git hash: 3ce520221d0240229c862b122d2b06c12a625732
2019-10-18 07:23:43,181 [main] INFO  handler.ContextHandler (ContextHandler.java:doStart(781)) - Started o.e.j.s.ServletContextHandler@5d2a86c0{/logs,file:///workdir/hadoop-ozone/integration-test/target/log,AVAILABLE}
2019-10-18 07:23:43,182 [main] INFO  handler.ContextHandler (ContextHandler.java:doStart(781)) - Started o.e.j.s.ServletContextHandler@65bd19bf{/static,jar:file:/home/user/.m2/repository/org/apache/hadoop/hadoop-hdds-container-service/0.5.0-SNAPSHOT/hadoop-hdds-container-service-0.5.0-SNAPSHOT.jar!/webapps/static,AVAILABLE}
2019-10-18 07:23:43,226 [main] INFO  handler.ContextHandler (ContextHandler.java:doStart(781)) - Started o.e.j.w.WebAppContext@1304e0d7{/,file:///tmp/jetty-0.0.0.0-45506-hddsDatanode-_-any-2215676099055611135.dir/webapp/,AVAILABLE}{/hddsDatanode}
2019-10-18 07:23:43,227 [main] INFO  server.AbstractConnector (AbstractConnector.java:doStart(278)) - Started ServerConnector@6ddc67d0{HTTP/1.1,[http/1.1]}{0.0.0.0:45506}
2019-10-18 07:23:43,227 [main] INFO  server.Server (Server.java:doStart(419)) - Started @273847ms
2019-10-18 07:23:43,228 [main] WARN  impl.MetricsSystemImpl (MetricsSystemImpl.java:register(276)) - Sink prometheus already exists!
2019-10-18 07:23:43,229 [main] INFO  server.BaseHttpServer (BaseHttpServer.java:updateConnectorAddress(215)) - HTTP server of HDDSDATANODE is listening at http://0.0.0.0:45506
2019-10-18 07:23:43,230 [main] INFO  impl.MetricsSystemImpl (MetricsSystemImpl.java:init(158)) - HddsDatanode metrics system started (again)
2019-10-18 07:23:43,237 [org.apache.hadoop.util.JvmPauseMonitor$Monitor@5c861d5f] INFO  util.JvmPauseMonitor (JvmPauseMonitor.java:run(188)) - Starting JVM pause monitor
2019-10-18 07:23:43,238 [main] INFO  ozone.HddsDatanodeService (HddsDatanodeService.java:start(184)) - HddsDatanodeService host:pr-hdds-2318-jnjn8-2612408985 ip:192.168.34.25
2019-10-18 07:23:43,240 [Datanode State Machine Thread - 0] INFO  datanode.InitDatanodeState (InitDatanodeState.java:persistContainerDatanodeDetails(140)) - DatanodeDetails is persisted to /workdir/hadoop-ozone/integration-test/target/test-dir/MiniOzoneClusterImpl-f216ddbe-e8b4-4355-85c5-09cf054ba290/datanode-0/meta/datanode.id
2019-10-18 07:23:43,245 [main] INFO  volume.HddsVolume (HddsVolume.java:<init>(176)) - Creating Volume: /workdir/hadoop-ozone/integration-test/target/test-dir/MiniOzoneClusterImpl-f216ddbe-e8b4-4355-85c5-09cf054ba290/datanode-1/data/containers/hdds of  storage type : DISK and capacity : 1482555576320
2019-10-18 07:23:43,246 [main] INFO  volume.VolumeSet (VolumeSet.java:initializeVolumeSet(170)) - Added Volume : /workdir/hadoop-ozone/integration-test/target/test-dir/MiniOzoneClusterImpl-f216ddbe-e8b4-4355-85c5-09cf054ba290/datanode-1/data/containers/hdds to VolumeSet
2019-10-18 07:23:43,246 [main] INFO  volume.ThrottledAsyncChecker (ThrottledAsyncChecker.java:schedule(141)) - Scheduling a check for /workdir/hadoop-ozone/integration-test/target/test-dir/MiniOzoneClusterImpl-f216ddbe-e8b4-4355-85c5-09cf054ba290/datanode-1/data/containers/hdds
2019-10-18 07:23:43,246 [main] INFO  volume.HddsVolumeChecker (HddsVolumeChecker.java:checkAllVolumes(204)) - Scheduled health check for volume /workdir/hadoop-ozone/integration-test/target/test-dir/MiniOzoneClusterImpl-f216ddbe-e8b4-4355-85c5-09cf054ba290/datanode-1/data/containers/hdds
2019-10-18 07:23:43,259 [main] INFO  impl.RaftServerProxy (ConfUtils.java:logGet(43)) - raft.rpc.type = GRPC (default)
2019-10-18 07:23:43,260 [main] INFO  grpc.GrpcFactory (GrpcFactory.java:checkPooledByteBufAllocatorUseCacheForAllThreads(45)) - PERFORMANCE WARNING: useCacheForAllThreads is true that may cause Netty to create a lot garbage objects and, as a result, trigger GC.
	It is recommended to disable useCacheForAllThreads by setting -Dorg.apache.ratis.thirdparty.io.netty.allocator.useCacheForAllThreads=false in command line.
2019-10-18 07:23:43,260 [main] INFO  grpc.GrpcConfigKeys$Server (ConfUtils.java:logGet(43)) - raft.grpc.server.port = 0 (default)
2019-10-18 07:23:43,260 [main] INFO  server.GrpcService (ConfUtils.java:logGet(43)) - raft.grpc.message.size.max = 33570816 (custom)
2019-10-18 07:23:43,260 [main] INFO  server.RaftServerConfigKeys (ConfUtils.java:logGet(43)) - raft.server.log.appender.buffer.byte-limit = 33554432 (custom)
2019-10-18 07:23:43,260 [main] INFO  server.GrpcService (ConfUtils.java:logGet(43)) - raft.grpc.flow.control.window = 1MB (=1048576) (default)
2019-10-18 07:23:43,261 [main] INFO  server.RaftServerConfigKeys (ConfUtils.java:logGet(43)) - raft.server.rpc.request.timeout = 3000ms (default)
2019-10-18 07:23:43,261 [main] INFO  server.RaftServerConfigKeys (ConfUtils.java:logGet(43)) - raft.server.storage.dir = [/workdir/hadoop-ozone/integration-test/target/test-dir/MiniOzoneClusterImpl-f216ddbe-e8b4-4355-85c5-09cf054ba290/datanode-1/data/ratis] (custom)
2019-10-18 07:23:43,262 [main] INFO  hdfs.DFSUtil (DFSUtil.java:httpServerTemplateForNNAndJN(1641)) - Starting Web-server for hddsDatanode at: http://0.0.0.0:0
2019-10-18 07:23:43,263 [main] INFO  server.AuthenticationFilter (AuthenticationFilter.java:constructSecretProvider(240)) - Unable to initialize FileSignerSecretProvider, falling back to use random secrets.
2019-10-18 07:23:43,264 [main] WARN  http.HttpRequestLog (HttpRequestLog.java:getRequestLog(97)) - Jetty request log can only be enabled using Log4j
2019-10-18 07:23:43,265 [main] INFO  http.HttpServer2 (HttpServer2.java:addGlobalFilter(975)) - Added global filter 'safety' (class=org.apache.hadoop.http.HttpServer2$QuotingInputFilter)
2019-10-18 07:23:43,265 [main] INFO  http.HttpServer2 (HttpServer2.java:addFilter(948)) - Added filter static_user_filter (class=org.apache.hadoop.http.lib.StaticUserWebFilter$StaticUserFilter) to context hddsDatanode
2019-10-18 07:23:43,266 [main] INFO  http.HttpServer2 (HttpServer2.java:addFilter(958)) - Added filter static_user_filter (class=org.apache.hadoop.http.lib.StaticUserWebFilter$StaticUserFilter) to context logs
2019-10-18 07:23:43,266 [main] INFO  http.HttpServer2 (HttpServer2.java:addFilter(958)) - Added filter static_user_filter (class=org.apache.hadoop.http.lib.StaticUserWebFilter$StaticUserFilter) to context static
2019-10-18 07:23:43,266 [main] INFO  http.HttpServer2 (HttpServer2.java:bindListener(1191)) - Jetty bound to port 33963
2019-10-18 07:23:43,266 [main] INFO  server.Server (Server.java:doStart(351)) - jetty-9.3.25.v20180904, build timestamp: 2018-09-04T21:11:46Z, git hash: 3ce520221d0240229c862b122d2b06c12a625732
2019-10-18 07:23:43,268 [main] INFO  handler.ContextHandler (ContextHandler.java:doStart(781)) - Started o.e.j.s.ServletContextHandler@40d96578{/logs,file:///workdir/hadoop-ozone/integration-test/target/log,AVAILABLE}
2019-10-18 07:23:43,269 [main] INFO  handler.ContextHandler (ContextHandler.java:doStart(781)) - Started o.e.j.s.ServletContextHandler@283ab206{/static,jar:file:/home/user/.m2/repository/org/apache/hadoop/hadoop-hdds-container-service/0.5.0-SNAPSHOT/hadoop-hdds-container-service-0.5.0-SNAPSHOT.jar!/webapps/static,AVAILABLE}
2019-10-18 07:23:43,301 [main] INFO  handler.ContextHandler (ContextHandler.java:doStart(781)) - Started o.e.j.w.WebAppContext@2d70f312{/,file:///tmp/jetty-0.0.0.0-33963-hddsDatanode-_-any-8830307706122189257.dir/webapp/,AVAILABLE}{/hddsDatanode}
2019-10-18 07:23:43,301 [main] INFO  server.AbstractConnector (AbstractConnector.java:doStart(278)) - Started ServerConnector@4c7d7430{HTTP/1.1,[http/1.1]}{0.0.0.0:33963}
2019-10-18 07:23:43,301 [main] INFO  server.Server (Server.java:doStart(419)) - Started @273922ms
2019-10-18 07:23:43,304 [main] WARN  impl.MetricsSystemImpl (MetricsSystemImpl.java:register(276)) - Sink prometheus already exists!
2019-10-18 07:23:43,305 [main] INFO  server.BaseHttpServer (BaseHttpServer.java:updateConnectorAddress(215)) - HTTP server of HDDSDATANODE is listening at http://0.0.0.0:33963
2019-10-18 07:23:43,305 [main] INFO  impl.MetricsSystemImpl (MetricsSystemImpl.java:init(158)) - HddsDatanode metrics system started (again)
2019-10-18 07:23:43,313 [org.apache.hadoop.util.JvmPauseMonitor$Monitor@9ef6997] INFO  util.JvmPauseMonitor (JvmPauseMonitor.java:run(188)) - Starting JVM pause monitor
2019-10-18 07:23:43,313 [main] INFO  ozone.HddsDatanodeService (HddsDatanodeService.java:start(184)) - HddsDatanodeService host:pr-hdds-2318-jnjn8-2612408985 ip:192.168.34.25
2019-10-18 07:23:43,314 [Datanode State Machine Thread - 0] INFO  datanode.InitDatanodeState (InitDatanodeState.java:persistContainerDatanodeDetails(140)) - DatanodeDetails is persisted to /workdir/hadoop-ozone/integration-test/target/test-dir/MiniOzoneClusterImpl-f216ddbe-e8b4-4355-85c5-09cf054ba290/datanode-1/meta/datanode.id
2019-10-18 07:23:43,322 [main] INFO  volume.HddsVolume (HddsVolume.java:<init>(176)) - Creating Volume: /workdir/hadoop-ozone/integration-test/target/test-dir/MiniOzoneClusterImpl-f216ddbe-e8b4-4355-85c5-09cf054ba290/datanode-2/data/containers/hdds of  storage type : DISK and capacity : 1482555576320
2019-10-18 07:23:43,323 [main] INFO  volume.VolumeSet (VolumeSet.java:initializeVolumeSet(170)) - Added Volume : /workdir/hadoop-ozone/integration-test/target/test-dir/MiniOzoneClusterImpl-f216ddbe-e8b4-4355-85c5-09cf054ba290/datanode-2/data/containers/hdds to VolumeSet
2019-10-18 07:23:43,323 [main] INFO  volume.ThrottledAsyncChecker (ThrottledAsyncChecker.java:schedule(141)) - Scheduling a check for /workdir/hadoop-ozone/integration-test/target/test-dir/MiniOzoneClusterImpl-f216ddbe-e8b4-4355-85c5-09cf054ba290/datanode-2/data/containers/hdds
2019-10-18 07:23:43,323 [main] INFO  volume.HddsVolumeChecker (HddsVolumeChecker.java:checkAllVolumes(204)) - Scheduled health check for volume /workdir/hadoop-ozone/integration-test/target/test-dir/MiniOzoneClusterImpl-f216ddbe-e8b4-4355-85c5-09cf054ba290/datanode-2/data/containers/hdds
2019-10-18 07:23:43,341 [main] INFO  impl.RaftServerProxy (ConfUtils.java:logGet(43)) - raft.rpc.type = GRPC (default)
2019-10-18 07:23:43,342 [main] INFO  grpc.GrpcFactory (GrpcFactory.java:checkPooledByteBufAllocatorUseCacheForAllThreads(45)) - PERFORMANCE WARNING: useCacheForAllThreads is true that may cause Netty to create a lot garbage objects and, as a result, trigger GC.
	It is recommended to disable useCacheForAllThreads by setting -Dorg.apache.ratis.thirdparty.io.netty.allocator.useCacheForAllThreads=false in command line.
2019-10-18 07:23:43,342 [main] INFO  grpc.GrpcConfigKeys$Server (ConfUtils.java:logGet(43)) - raft.grpc.server.port = 0 (default)
2019-10-18 07:23:43,342 [main] INFO  server.GrpcService (ConfUtils.java:logGet(43)) - raft.grpc.message.size.max = 33570816 (custom)
2019-10-18 07:23:43,342 [main] INFO  server.RaftServerConfigKeys (ConfUtils.java:logGet(43)) - raft.server.log.appender.buffer.byte-limit = 33554432 (custom)
2019-10-18 07:23:43,343 [main] INFO  server.GrpcService (ConfUtils.java:logGet(43)) - raft.grpc.flow.control.window = 1MB (=1048576) (default)
2019-10-18 07:23:43,343 [main] INFO  server.RaftServerConfigKeys (ConfUtils.java:logGet(43)) - raft.server.rpc.request.timeout = 3000ms (default)
2019-10-18 07:23:43,343 [main] INFO  server.RaftServerConfigKeys (ConfUtils.java:logGet(43)) - raft.server.storage.dir = [/workdir/hadoop-ozone/integration-test/target/test-dir/MiniOzoneClusterImpl-f216ddbe-e8b4-4355-85c5-09cf054ba290/datanode-2/data/ratis] (custom)
2019-10-18 07:23:43,345 [main] INFO  hdfs.DFSUtil (DFSUtil.java:httpServerTemplateForNNAndJN(1641)) - Starting Web-server for hddsDatanode at: http://0.0.0.0:0
2019-10-18 07:23:43,347 [main] INFO  server.AuthenticationFilter (AuthenticationFilter.java:constructSecretProvider(240)) - Unable to initialize FileSignerSecretProvider, falling back to use random secrets.
2019-10-18 07:23:43,348 [main] WARN  http.HttpRequestLog (HttpRequestLog.java:getRequestLog(97)) - Jetty request log can only be enabled using Log4j
2019-10-18 07:23:43,349 [main] INFO  http.HttpServer2 (HttpServer2.java:addGlobalFilter(975)) - Added global filter 'safety' (class=org.apache.hadoop.http.HttpServer2$QuotingInputFilter)
2019-10-18 07:23:43,350 [main] INFO  http.HttpServer2 (HttpServer2.java:addFilter(948)) - Added filter static_user_filter (class=org.apache.hadoop.http.lib.StaticUserWebFilter$StaticUserFilter) to context hddsDatanode
2019-10-18 07:23:43,350 [main] INFO  http.HttpServer2 (HttpServer2.java:addFilter(958)) - Added filter static_user_filter (class=org.apache.hadoop.http.lib.StaticUserWebFilter$StaticUserFilter) to context logs
2019-10-18 07:23:43,350 [main] INFO  http.HttpServer2 (HttpServer2.java:addFilter(958)) - Added filter static_user_filter (class=org.apache.hadoop.http.lib.StaticUserWebFilter$StaticUserFilter) to context static
2019-10-18 07:23:43,351 [main] INFO  http.HttpServer2 (HttpServer2.java:bindListener(1191)) - Jetty bound to port 42865
2019-10-18 07:23:43,351 [main] INFO  server.Server (Server.java:doStart(351)) - jetty-9.3.25.v20180904, build timestamp: 2018-09-04T21:11:46Z, git hash: 3ce520221d0240229c862b122d2b06c12a625732
2019-10-18 07:23:43,353 [main] INFO  handler.ContextHandler (ContextHandler.java:doStart(781)) - Started o.e.j.s.ServletContextHandler@5463f035{/logs,file:///workdir/hadoop-ozone/integration-test/target/log,AVAILABLE}
2019-10-18 07:23:43,353 [main] INFO  handler.ContextHandler (ContextHandler.java:doStart(781)) - Started o.e.j.s.ServletContextHandler@44fd7ba4{/static,jar:file:/home/user/.m2/repository/org/apache/hadoop/hadoop-hdds-container-service/0.5.0-SNAPSHOT/hadoop-hdds-container-service-0.5.0-SNAPSHOT.jar!/webapps/static,AVAILABLE}
2019-10-18 07:23:43,382 [main] INFO  handler.ContextHandler (ContextHandler.java:doStart(781)) - Started o.e.j.w.WebAppContext@6f96dd64{/,file:///tmp/jetty-0.0.0.0-42865-hddsDatanode-_-any-4916396267397830568.dir/webapp/,AVAILABLE}{/hddsDatanode}
2019-10-18 07:23:43,383 [main] INFO  server.AbstractConnector (AbstractConnector.java:doStart(278)) - Started ServerConnector@4d7cac24{HTTP/1.1,[http/1.1]}{0.0.0.0:42865}
2019-10-18 07:23:43,383 [main] INFO  server.Server (Server.java:doStart(419)) - Started @274003ms
2019-10-18 07:23:43,385 [main] WARN  impl.MetricsSystemImpl (MetricsSystemImpl.java:register(276)) - Sink prometheus already exists!
2019-10-18 07:23:43,386 [main] INFO  server.BaseHttpServer (BaseHttpServer.java:updateConnectorAddress(215)) - HTTP server of HDDSDATANODE is listening at http://0.0.0.0:42865
2019-10-18 07:23:43,386 [main] INFO  impl.MetricsSystemImpl (MetricsSystemImpl.java:init(158)) - HddsDatanode metrics system started (again)
2019-10-18 07:23:43,395 [org.apache.hadoop.util.JvmPauseMonitor$Monitor@761b7f30] INFO  util.JvmPauseMonitor (JvmPauseMonitor.java:run(188)) - Starting JVM pause monitor
2019-10-18 07:23:43,396 [main] INFO  ozone.HddsDatanodeService (HddsDatanodeService.java:start(184)) - HddsDatanodeService host:pr-hdds-2318-jnjn8-2612408985 ip:192.168.34.25
2019-10-18 07:23:43,396 [Datanode State Machine Thread - 0] INFO  datanode.InitDatanodeState (InitDatanodeState.java:persistContainerDatanodeDetails(140)) - DatanodeDetails is persisted to /workdir/hadoop-ozone/integration-test/target/test-dir/MiniOzoneClusterImpl-f216ddbe-e8b4-4355-85c5-09cf054ba290/datanode-2/meta/datanode.id
2019-10-18 07:23:43,405 [main] INFO  volume.HddsVolume (HddsVolume.java:<init>(176)) - Creating Volume: /workdir/hadoop-ozone/integration-test/target/test-dir/MiniOzoneClusterImpl-f216ddbe-e8b4-4355-85c5-09cf054ba290/datanode-3/data/containers/hdds of  storage type : DISK and capacity : 1482555576320
2019-10-18 07:23:43,405 [main] INFO  volume.VolumeSet (VolumeSet.java:initializeVolumeSet(170)) - Added Volume : /workdir/hadoop-ozone/integration-test/target/test-dir/MiniOzoneClusterImpl-f216ddbe-e8b4-4355-85c5-09cf054ba290/datanode-3/data/containers/hdds to VolumeSet
2019-10-18 07:23:43,406 [main] INFO  volume.ThrottledAsyncChecker (ThrottledAsyncChecker.java:schedule(141)) - Scheduling a check for /workdir/hadoop-ozone/integration-test/target/test-dir/MiniOzoneClusterImpl-f216ddbe-e8b4-4355-85c5-09cf054ba290/datanode-3/data/containers/hdds
2019-10-18 07:23:43,406 [main] INFO  volume.HddsVolumeChecker (HddsVolumeChecker.java:checkAllVolumes(204)) - Scheduled health check for volume /workdir/hadoop-ozone/integration-test/target/test-dir/MiniOzoneClusterImpl-f216ddbe-e8b4-4355-85c5-09cf054ba290/datanode-3/data/containers/hdds
2019-10-18 07:23:43,422 [main] INFO  impl.RaftServerProxy (ConfUtils.java:logGet(43)) - raft.rpc.type = GRPC (default)
2019-10-18 07:23:43,422 [main] INFO  grpc.GrpcFactory (GrpcFactory.java:checkPooledByteBufAllocatorUseCacheForAllThreads(45)) - PERFORMANCE WARNING: useCacheForAllThreads is true that may cause Netty to create a lot garbage objects and, as a result, trigger GC.
	It is recommended to disable useCacheForAllThreads by setting -Dorg.apache.ratis.thirdparty.io.netty.allocator.useCacheForAllThreads=false in command line.
2019-10-18 07:23:43,422 [main] INFO  grpc.GrpcConfigKeys$Server (ConfUtils.java:logGet(43)) - raft.grpc.server.port = 0 (default)
2019-10-18 07:23:43,422 [main] INFO  server.GrpcService (ConfUtils.java:logGet(43)) - raft.grpc.message.size.max = 33570816 (custom)
2019-10-18 07:23:43,423 [main] INFO  server.RaftServerConfigKeys (ConfUtils.java:logGet(43)) - raft.server.log.appender.buffer.byte-limit = 33554432 (custom)
2019-10-18 07:23:43,423 [main] INFO  server.GrpcService (ConfUtils.java:logGet(43)) - raft.grpc.flow.control.window = 1MB (=1048576) (default)
2019-10-18 07:23:43,423 [main] INFO  server.RaftServerConfigKeys (ConfUtils.java:logGet(43)) - raft.server.rpc.request.timeout = 3000ms (default)
2019-10-18 07:23:43,423 [main] INFO  server.RaftServerConfigKeys (ConfUtils.java:logGet(43)) - raft.server.storage.dir = [/workdir/hadoop-ozone/integration-test/target/test-dir/MiniOzoneClusterImpl-f216ddbe-e8b4-4355-85c5-09cf054ba290/datanode-3/data/ratis] (custom)
2019-10-18 07:23:43,425 [main] INFO  hdfs.DFSUtil (DFSUtil.java:httpServerTemplateForNNAndJN(1641)) - Starting Web-server for hddsDatanode at: http://0.0.0.0:0
2019-10-18 07:23:43,426 [main] INFO  server.AuthenticationFilter (AuthenticationFilter.java:constructSecretProvider(240)) - Unable to initialize FileSignerSecretProvider, falling back to use random secrets.
2019-10-18 07:23:43,427 [main] WARN  http.HttpRequestLog (HttpRequestLog.java:getRequestLog(97)) - Jetty request log can only be enabled using Log4j
2019-10-18 07:23:43,428 [main] INFO  http.HttpServer2 (HttpServer2.java:addGlobalFilter(975)) - Added global filter 'safety' (class=org.apache.hadoop.http.HttpServer2$QuotingInputFilter)
2019-10-18 07:23:43,429 [main] INFO  http.HttpServer2 (HttpServer2.java:addFilter(948)) - Added filter static_user_filter (class=org.apache.hadoop.http.lib.StaticUserWebFilter$StaticUserFilter) to context hddsDatanode
2019-10-18 07:23:43,429 [main] INFO  http.HttpServer2 (HttpServer2.java:addFilter(958)) - Added filter static_user_filter (class=org.apache.hadoop.http.lib.StaticUserWebFilter$StaticUserFilter) to context static
2019-10-18 07:23:43,429 [main] INFO  http.HttpServer2 (HttpServer2.java:addFilter(958)) - Added filter static_user_filter (class=org.apache.hadoop.http.lib.StaticUserWebFilter$StaticUserFilter) to context logs
2019-10-18 07:23:43,429 [main] INFO  http.HttpServer2 (HttpServer2.java:bindListener(1191)) - Jetty bound to port 38773
2019-10-18 07:23:43,430 [main] INFO  server.Server (Server.java:doStart(351)) - jetty-9.3.25.v20180904, build timestamp: 2018-09-04T21:11:46Z, git hash: 3ce520221d0240229c862b122d2b06c12a625732
2019-10-18 07:23:43,431 [main] INFO  handler.ContextHandler (ContextHandler.java:doStart(781)) - Started o.e.j.s.ServletContextHandler@10e9a5fe{/logs,file:///workdir/hadoop-ozone/integration-test/target/log,AVAILABLE}
2019-10-18 07:23:43,432 [main] INFO  handler.ContextHandler (ContextHandler.java:doStart(781)) - Started o.e.j.s.ServletContextHandler@1abcd059{/static,jar:file:/home/user/.m2/repository/org/apache/hadoop/hadoop-hdds-container-service/0.5.0-SNAPSHOT/hadoop-hdds-container-service-0.5.0-SNAPSHOT.jar!/webapps/static,AVAILABLE}
2019-10-18 07:23:43,465 [main] INFO  handler.ContextHandler (ContextHandler.java:doStart(781)) - Started o.e.j.w.WebAppContext@3a109ff7{/,file:///tmp/jetty-0.0.0.0-38773-hddsDatanode-_-any-5251500243902256787.dir/webapp/,AVAILABLE}{/hddsDatanode}
2019-10-18 07:23:43,465 [main] INFO  server.AbstractConnector (AbstractConnector.java:doStart(278)) - Started ServerConnector@111a7973{HTTP/1.1,[http/1.1]}{0.0.0.0:38773}
2019-10-18 07:23:43,465 [main] INFO  server.Server (Server.java:doStart(419)) - Started @274086ms
2019-10-18 07:23:43,467 [main] WARN  impl.MetricsSystemImpl (MetricsSystemImpl.java:register(276)) - Sink prometheus already exists!
2019-10-18 07:23:43,468 [main] INFO  server.BaseHttpServer (BaseHttpServer.java:updateConnectorAddress(215)) - HTTP server of HDDSDATANODE is listening at http://0.0.0.0:38773
2019-10-18 07:23:43,468 [main] INFO  impl.MetricsSystemImpl (MetricsSystemImpl.java:init(158)) - HddsDatanode metrics system started (again)
2019-10-18 07:23:43,477 [org.apache.hadoop.util.JvmPauseMonitor$Monitor@550d8c25] INFO  util.JvmPauseMonitor (JvmPauseMonitor.java:run(188)) - Starting JVM pause monitor
2019-10-18 07:23:43,478 [main] INFO  ozone.HddsDatanodeService (HddsDatanodeService.java:start(184)) - HddsDatanodeService host:pr-hdds-2318-jnjn8-2612408985 ip:192.168.34.25
2019-10-18 07:23:43,478 [Datanode State Machine Thread - 0] INFO  datanode.InitDatanodeState (InitDatanodeState.java:persistContainerDatanodeDetails(140)) - DatanodeDetails is persisted to /workdir/hadoop-ozone/integration-test/target/test-dir/MiniOzoneClusterImpl-f216ddbe-e8b4-4355-85c5-09cf054ba290/datanode-3/meta/datanode.id
2019-10-18 07:23:43,486 [main] INFO  volume.HddsVolume (HddsVolume.java:<init>(176)) - Creating Volume: /workdir/hadoop-ozone/integration-test/target/test-dir/MiniOzoneClusterImpl-f216ddbe-e8b4-4355-85c5-09cf054ba290/datanode-4/data/containers/hdds of  storage type : DISK and capacity : 1482555576320
2019-10-18 07:23:43,486 [main] INFO  volume.VolumeSet (VolumeSet.java:initializeVolumeSet(170)) - Added Volume : /workdir/hadoop-ozone/integration-test/target/test-dir/MiniOzoneClusterImpl-f216ddbe-e8b4-4355-85c5-09cf054ba290/datanode-4/data/containers/hdds to VolumeSet
2019-10-18 07:23:43,486 [main] INFO  volume.ThrottledAsyncChecker (ThrottledAsyncChecker.java:schedule(141)) - Scheduling a check for /workdir/hadoop-ozone/integration-test/target/test-dir/MiniOzoneClusterImpl-f216ddbe-e8b4-4355-85c5-09cf054ba290/datanode-4/data/containers/hdds
2019-10-18 07:23:43,487 [main] INFO  volume.HddsVolumeChecker (HddsVolumeChecker.java:checkAllVolumes(204)) - Scheduled health check for volume /workdir/hadoop-ozone/integration-test/target/test-dir/MiniOzoneClusterImpl-f216ddbe-e8b4-4355-85c5-09cf054ba290/datanode-4/data/containers/hdds
2019-10-18 07:23:43,501 [main] INFO  impl.RaftServerProxy (ConfUtils.java:logGet(43)) - raft.rpc.type = GRPC (default)
2019-10-18 07:23:43,502 [main] INFO  grpc.GrpcFactory (GrpcFactory.java:checkPooledByteBufAllocatorUseCacheForAllThreads(45)) - PERFORMANCE WARNING: useCacheForAllThreads is true that may cause Netty to create a lot garbage objects and, as a result, trigger GC.
	It is recommended to disable useCacheForAllThreads by setting -Dorg.apache.ratis.thirdparty.io.netty.allocator.useCacheForAllThreads=false in command line.
2019-10-18 07:23:43,502 [main] INFO  grpc.GrpcConfigKeys$Server (ConfUtils.java:logGet(43)) - raft.grpc.server.port = 0 (default)
2019-10-18 07:23:43,502 [main] INFO  server.GrpcService (ConfUtils.java:logGet(43)) - raft.grpc.message.size.max = 33570816 (custom)
2019-10-18 07:23:43,502 [main] INFO  server.RaftServerConfigKeys (ConfUtils.java:logGet(43)) - raft.server.log.appender.buffer.byte-limit = 33554432 (custom)
2019-10-18 07:23:43,502 [main] INFO  server.GrpcService (ConfUtils.java:logGet(43)) - raft.grpc.flow.control.window = 1MB (=1048576) (default)
2019-10-18 07:23:43,502 [main] INFO  server.RaftServerConfigKeys (ConfUtils.java:logGet(43)) - raft.server.rpc.request.timeout = 3000ms (default)
2019-10-18 07:23:43,503 [main] INFO  server.RaftServerConfigKeys (ConfUtils.java:logGet(43)) - raft.server.storage.dir = [/workdir/hadoop-ozone/integration-test/target/test-dir/MiniOzoneClusterImpl-f216ddbe-e8b4-4355-85c5-09cf054ba290/datanode-4/data/ratis] (custom)
2019-10-18 07:23:43,504 [main] INFO  hdfs.DFSUtil (DFSUtil.java:httpServerTemplateForNNAndJN(1641)) - Starting Web-server for hddsDatanode at: http://0.0.0.0:0
2019-10-18 07:23:43,506 [main] INFO  server.AuthenticationFilter (AuthenticationFilter.java:constructSecretProvider(240)) - Unable to initialize FileSignerSecretProvider, falling back to use random secrets.
2019-10-18 07:23:43,506 [main] WARN  http.HttpRequestLog (HttpRequestLog.java:getRequestLog(97)) - Jetty request log can only be enabled using Log4j
2019-10-18 07:23:43,508 [main] INFO  http.HttpServer2 (HttpServer2.java:addGlobalFilter(975)) - Added global filter 'safety' (class=org.apache.hadoop.http.HttpServer2$QuotingInputFilter)
2019-10-18 07:23:43,509 [main] INFO  http.HttpServer2 (HttpServer2.java:addFilter(948)) - Added filter static_user_filter (class=org.apache.hadoop.http.lib.StaticUserWebFilter$StaticUserFilter) to context hddsDatanode
2019-10-18 07:23:43,509 [main] INFO  http.HttpServer2 (HttpServer2.java:addFilter(958)) - Added filter static_user_filter (class=org.apache.hadoop.http.lib.StaticUserWebFilter$StaticUserFilter) to context logs
2019-10-18 07:23:43,509 [main] INFO  http.HttpServer2 (HttpServer2.java:addFilter(958)) - Added filter static_user_filter (class=org.apache.hadoop.http.lib.StaticUserWebFilter$StaticUserFilter) to context static
2019-10-18 07:23:43,510 [main] INFO  http.HttpServer2 (HttpServer2.java:bindListener(1191)) - Jetty bound to port 33636
2019-10-18 07:23:43,510 [main] INFO  server.Server (Server.java:doStart(351)) - jetty-9.3.25.v20180904, build timestamp: 2018-09-04T21:11:46Z, git hash: 3ce520221d0240229c862b122d2b06c12a625732
2019-10-18 07:23:43,512 [main] INFO  handler.ContextHandler (ContextHandler.java:doStart(781)) - Started o.e.j.s.ServletContextHandler@1a88c4f5{/logs,file:///workdir/hadoop-ozone/integration-test/target/log,AVAILABLE}
2019-10-18 07:23:43,512 [main] INFO  handler.ContextHandler (ContextHandler.java:doStart(781)) - Started o.e.j.s.ServletContextHandler@1144a02b{/static,jar:file:/home/user/.m2/repository/org/apache/hadoop/hadoop-hdds-container-service/0.5.0-SNAPSHOT/hadoop-hdds-container-service-0.5.0-SNAPSHOT.jar!/webapps/static,AVAILABLE}
2019-10-18 07:23:43,546 [main] INFO  handler.ContextHandler (ContextHandler.java:doStart(781)) - Started o.e.j.w.WebAppContext@2a04ab05{/,file:///tmp/jetty-0.0.0.0-33636-hddsDatanode-_-any-7207665295641830818.dir/webapp/,AVAILABLE}{/hddsDatanode}
2019-10-18 07:23:43,546 [main] INFO  server.AbstractConnector (AbstractConnector.java:doStart(278)) - Started ServerConnector@5ebbde60{HTTP/1.1,[http/1.1]}{0.0.0.0:33636}
2019-10-18 07:23:43,547 [main] INFO  server.Server (Server.java:doStart(419)) - Started @274167ms
2019-10-18 07:23:43,549 [main] WARN  impl.MetricsSystemImpl (MetricsSystemImpl.java:register(276)) - Sink prometheus already exists!
2019-10-18 07:23:43,550 [main] INFO  server.BaseHttpServer (BaseHttpServer.java:updateConnectorAddress(215)) - HTTP server of HDDSDATANODE is listening at http://0.0.0.0:33636
2019-10-18 07:23:43,550 [main] INFO  impl.MetricsSystemImpl (MetricsSystemImpl.java:init(158)) - HddsDatanode metrics system started (again)
2019-10-18 07:23:43,561 [org.apache.hadoop.util.JvmPauseMonitor$Monitor@2c6bfa8d] INFO  util.JvmPauseMonitor (JvmPauseMonitor.java:run(188)) - Starting JVM pause monitor
2019-10-18 07:23:43,562 [main] INFO  ozone.HddsDatanodeService (HddsDatanodeService.java:start(184)) - HddsDatanodeService host:pr-hdds-2318-jnjn8-2612408985 ip:192.168.34.25
2019-10-18 07:23:43,562 [Datanode State Machine Thread - 0] INFO  datanode.InitDatanodeState (InitDatanodeState.java:persistContainerDatanodeDetails(140)) - DatanodeDetails is persisted to /workdir/hadoop-ozone/integration-test/target/test-dir/MiniOzoneClusterImpl-f216ddbe-e8b4-4355-85c5-09cf054ba290/datanode-4/meta/datanode.id
2019-10-18 07:23:43,571 [main] INFO  volume.HddsVolume (HddsVolume.java:<init>(176)) - Creating Volume: /workdir/hadoop-ozone/integration-test/target/test-dir/MiniOzoneClusterImpl-f216ddbe-e8b4-4355-85c5-09cf054ba290/datanode-5/data/containers/hdds of  storage type : DISK and capacity : 1482555576320
2019-10-18 07:23:43,571 [main] INFO  volume.VolumeSet (VolumeSet.java:initializeVolumeSet(170)) - Added Volume : /workdir/hadoop-ozone/integration-test/target/test-dir/MiniOzoneClusterImpl-f216ddbe-e8b4-4355-85c5-09cf054ba290/datanode-5/data/containers/hdds to VolumeSet
2019-10-18 07:23:43,572 [main] INFO  volume.ThrottledAsyncChecker (ThrottledAsyncChecker.java:schedule(141)) - Scheduling a check for /workdir/hadoop-ozone/integration-test/target/test-dir/MiniOzoneClusterImpl-f216ddbe-e8b4-4355-85c5-09cf054ba290/datanode-5/data/containers/hdds
2019-10-18 07:23:43,572 [main] INFO  volume.HddsVolumeChecker (HddsVolumeChecker.java:checkAllVolumes(204)) - Scheduled health check for volume /workdir/hadoop-ozone/integration-test/target/test-dir/MiniOzoneClusterImpl-f216ddbe-e8b4-4355-85c5-09cf054ba290/datanode-5/data/containers/hdds
2019-10-18 07:23:43,588 [main] INFO  impl.RaftServerProxy (ConfUtils.java:logGet(43)) - raft.rpc.type = GRPC (default)
2019-10-18 07:23:43,588 [main] INFO  grpc.GrpcFactory (GrpcFactory.java:checkPooledByteBufAllocatorUseCacheForAllThreads(45)) - PERFORMANCE WARNING: useCacheForAllThreads is true that may cause Netty to create a lot garbage objects and, as a result, trigger GC.
	It is recommended to disable useCacheForAllThreads by setting -Dorg.apache.ratis.thirdparty.io.netty.allocator.useCacheForAllThreads=false in command line.
2019-10-18 07:23:43,588 [main] INFO  grpc.GrpcConfigKeys$Server (ConfUtils.java:logGet(43)) - raft.grpc.server.port = 0 (default)
2019-10-18 07:23:43,589 [main] INFO  server.GrpcService (ConfUtils.java:logGet(43)) - raft.grpc.message.size.max = 33570816 (custom)
2019-10-18 07:23:43,589 [main] INFO  server.RaftServerConfigKeys (ConfUtils.java:logGet(43)) - raft.server.log.appender.buffer.byte-limit = 33554432 (custom)
2019-10-18 07:23:43,589 [main] INFO  server.GrpcService (ConfUtils.java:logGet(43)) - raft.grpc.flow.control.window = 1MB (=1048576) (default)
2019-10-18 07:23:43,589 [main] INFO  server.RaftServerConfigKeys (ConfUtils.java:logGet(43)) - raft.server.rpc.request.timeout = 3000ms (default)
2019-10-18 07:23:43,590 [main] INFO  server.RaftServerConfigKeys (ConfUtils.java:logGet(43)) - raft.server.storage.dir = [/workdir/hadoop-ozone/integration-test/target/test-dir/MiniOzoneClusterImpl-f216ddbe-e8b4-4355-85c5-09cf054ba290/datanode-5/data/ratis] (custom)
2019-10-18 07:23:43,591 [main] INFO  hdfs.DFSUtil (DFSUtil.java:httpServerTemplateForNNAndJN(1641)) - Starting Web-server for hddsDatanode at: http://0.0.0.0:0
2019-10-18 07:23:43,593 [main] INFO  server.AuthenticationFilter (AuthenticationFilter.java:constructSecretProvider(240)) - Unable to initialize FileSignerSecretProvider, falling back to use random secrets.
2019-10-18 07:23:43,593 [main] WARN  http.HttpRequestLog (HttpRequestLog.java:getRequestLog(97)) - Jetty request log can only be enabled using Log4j
2019-10-18 07:23:43,594 [main] INFO  http.HttpServer2 (HttpServer2.java:addGlobalFilter(975)) - Added global filter 'safety' (class=org.apache.hadoop.http.HttpServer2$QuotingInputFilter)
2019-10-18 07:23:43,595 [main] INFO  http.HttpServer2 (HttpServer2.java:addFilter(948)) - Added filter static_user_filter (class=org.apache.hadoop.http.lib.StaticUserWebFilter$StaticUserFilter) to context hddsDatanode
2019-10-18 07:23:43,595 [main] INFO  http.HttpServer2 (HttpServer2.java:addFilter(958)) - Added filter static_user_filter (class=org.apache.hadoop.http.lib.StaticUserWebFilter$StaticUserFilter) to context logs
2019-10-18 07:23:43,595 [main] INFO  http.HttpServer2 (HttpServer2.java:addFilter(958)) - Added filter static_user_filter (class=org.apache.hadoop.http.lib.StaticUserWebFilter$StaticUserFilter) to context static
2019-10-18 07:23:43,596 [main] INFO  http.HttpServer2 (HttpServer2.java:bindListener(1191)) - Jetty bound to port 41440
2019-10-18 07:23:43,596 [main] INFO  server.Server (Server.java:doStart(351)) - jetty-9.3.25.v20180904, build timestamp: 2018-09-04T21:11:46Z, git hash: 3ce520221d0240229c862b122d2b06c12a625732
2019-10-18 07:23:43,598 [main] INFO  handler.ContextHandler (ContextHandler.java:doStart(781)) - Started o.e.j.s.ServletContextHandler@2dd0a0d0{/logs,file:///workdir/hadoop-ozone/integration-test/target/log,AVAILABLE}
2019-10-18 07:23:43,598 [main] INFO  handler.ContextHandler (ContextHandler.java:doStart(781)) - Started o.e.j.s.ServletContextHandler@1796b2d4{/static,jar:file:/home/user/.m2/repository/org/apache/hadoop/hadoop-hdds-container-service/0.5.0-SNAPSHOT/hadoop-hdds-container-service-0.5.0-SNAPSHOT.jar!/webapps/static,AVAILABLE}
2019-10-18 07:23:43,630 [main] INFO  handler.ContextHandler (ContextHandler.java:doStart(781)) - Started o.e.j.w.WebAppContext@4861cca9{/,file:///tmp/jetty-0.0.0.0-41440-hddsDatanode-_-any-3003666641443387352.dir/webapp/,AVAILABLE}{/hddsDatanode}
2019-10-18 07:23:43,631 [main] INFO  server.AbstractConnector (AbstractConnector.java:doStart(278)) - Started ServerConnector@6c8f4bc7{HTTP/1.1,[http/1.1]}{0.0.0.0:41440}
2019-10-18 07:23:43,631 [main] INFO  server.Server (Server.java:doStart(419)) - Started @274251ms
2019-10-18 07:23:43,633 [main] WARN  impl.MetricsSystemImpl (MetricsSystemImpl.java:register(276)) - Sink prometheus already exists!
2019-10-18 07:23:43,634 [main] INFO  server.BaseHttpServer (BaseHttpServer.java:updateConnectorAddress(215)) - HTTP server of HDDSDATANODE is listening at http://0.0.0.0:41440
2019-10-18 07:23:43,634 [main] INFO  impl.MetricsSystemImpl (MetricsSystemImpl.java:init(158)) - HddsDatanode metrics system started (again)
2019-10-18 07:23:43,645 [org.apache.hadoop.util.JvmPauseMonitor$Monitor@6027e24] INFO  util.JvmPauseMonitor (JvmPauseMonitor.java:run(188)) - Starting JVM pause monitor
2019-10-18 07:23:43,646 [Datanode State Machine Thread - 0] INFO  datanode.InitDatanodeState (InitDatanodeState.java:persistContainerDatanodeDetails(140)) - DatanodeDetails is persisted to /workdir/hadoop-ozone/integration-test/target/test-dir/MiniOzoneClusterImpl-f216ddbe-e8b4-4355-85c5-09cf054ba290/datanode-5/meta/datanode.id
2019-10-18 07:23:43,646 [main] INFO  ozone.HddsDatanodeService (HddsDatanodeService.java:start(184)) - HddsDatanodeService host:pr-hdds-2318-jnjn8-2612408985 ip:192.168.34.25
2019-10-18 07:23:43,655 [main] INFO  volume.HddsVolume (HddsVolume.java:<init>(176)) - Creating Volume: /workdir/hadoop-ozone/integration-test/target/test-dir/MiniOzoneClusterImpl-f216ddbe-e8b4-4355-85c5-09cf054ba290/datanode-6/data/containers/hdds of  storage type : DISK and capacity : 1482555576320
2019-10-18 07:23:43,655 [main] INFO  volume.VolumeSet (VolumeSet.java:initializeVolumeSet(170)) - Added Volume : /workdir/hadoop-ozone/integration-test/target/test-dir/MiniOzoneClusterImpl-f216ddbe-e8b4-4355-85c5-09cf054ba290/datanode-6/data/containers/hdds to VolumeSet
2019-10-18 07:23:43,655 [main] INFO  volume.ThrottledAsyncChecker (ThrottledAsyncChecker.java:schedule(141)) - Scheduling a check for /workdir/hadoop-ozone/integration-test/target/test-dir/MiniOzoneClusterImpl-f216ddbe-e8b4-4355-85c5-09cf054ba290/datanode-6/data/containers/hdds
2019-10-18 07:23:43,656 [main] INFO  volume.HddsVolumeChecker (HddsVolumeChecker.java:checkAllVolumes(204)) - Scheduled health check for volume /workdir/hadoop-ozone/integration-test/target/test-dir/MiniOzoneClusterImpl-f216ddbe-e8b4-4355-85c5-09cf054ba290/datanode-6/data/containers/hdds
2019-10-18 07:23:43,671 [main] INFO  impl.RaftServerProxy (ConfUtils.java:logGet(43)) - raft.rpc.type = GRPC (default)
2019-10-18 07:23:43,671 [main] INFO  grpc.GrpcFactory (GrpcFactory.java:checkPooledByteBufAllocatorUseCacheForAllThreads(45)) - PERFORMANCE WARNING: useCacheForAllThreads is true that may cause Netty to create a lot garbage objects and, as a result, trigger GC.
	It is recommended to disable useCacheForAllThreads by setting -Dorg.apache.ratis.thirdparty.io.netty.allocator.useCacheForAllThreads=false in command line.
2019-10-18 07:23:43,671 [main] INFO  grpc.GrpcConfigKeys$Server (ConfUtils.java:logGet(43)) - raft.grpc.server.port = 0 (default)
2019-10-18 07:23:43,671 [main] INFO  server.GrpcService (ConfUtils.java:logGet(43)) - raft.grpc.message.size.max = 33570816 (custom)
2019-10-18 07:23:43,671 [main] INFO  server.RaftServerConfigKeys (ConfUtils.java:logGet(43)) - raft.server.log.appender.buffer.byte-limit = 33554432 (custom)
2019-10-18 07:23:43,671 [main] INFO  server.GrpcService (ConfUtils.java:logGet(43)) - raft.grpc.flow.control.window = 1MB (=1048576) (default)
2019-10-18 07:23:43,672 [main] INFO  server.RaftServerConfigKeys (ConfUtils.java:logGet(43)) - raft.server.rpc.request.timeout = 3000ms (default)
2019-10-18 07:23:43,672 [main] INFO  server.RaftServerConfigKeys (ConfUtils.java:logGet(43)) - raft.server.storage.dir = [/workdir/hadoop-ozone/integration-test/target/test-dir/MiniOzoneClusterImpl-f216ddbe-e8b4-4355-85c5-09cf054ba290/datanode-6/data/ratis] (custom)
2019-10-18 07:23:43,674 [main] INFO  hdfs.DFSUtil (DFSUtil.java:httpServerTemplateForNNAndJN(1641)) - Starting Web-server for hddsDatanode at: http://0.0.0.0:0
2019-10-18 07:23:43,675 [main] INFO  server.AuthenticationFilter (AuthenticationFilter.java:constructSecretProvider(240)) - Unable to initialize FileSignerSecretProvider, falling back to use random secrets.
2019-10-18 07:23:43,676 [main] WARN  http.HttpRequestLog (HttpRequestLog.java:getRequestLog(97)) - Jetty request log can only be enabled using Log4j
2019-10-18 07:23:43,677 [main] INFO  http.HttpServer2 (HttpServer2.java:addGlobalFilter(975)) - Added global filter 'safety' (class=org.apache.hadoop.http.HttpServer2$QuotingInputFilter)
2019-10-18 07:23:43,678 [main] INFO  http.HttpServer2 (HttpServer2.java:addFilter(948)) - Added filter static_user_filter (class=org.apache.hadoop.http.lib.StaticUserWebFilter$StaticUserFilter) to context hddsDatanode
2019-10-18 07:23:43,678 [main] INFO  http.HttpServer2 (HttpServer2.java:addFilter(958)) - Added filter static_user_filter (class=org.apache.hadoop.http.lib.StaticUserWebFilter$StaticUserFilter) to context logs
2019-10-18 07:23:43,678 [main] INFO  http.HttpServer2 (HttpServer2.java:addFilter(958)) - Added filter static_user_filter (class=org.apache.hadoop.http.lib.StaticUserWebFilter$StaticUserFilter) to context static
2019-10-18 07:23:43,679 [main] INFO  http.HttpServer2 (HttpServer2.java:bindListener(1191)) - Jetty bound to port 46768
2019-10-18 07:23:43,679 [main] INFO  server.Server (Server.java:doStart(351)) - jetty-9.3.25.v20180904, build timestamp: 2018-09-04T21:11:46Z, git hash: 3ce520221d0240229c862b122d2b06c12a625732
2019-10-18 07:23:43,681 [main] INFO  handler.ContextHandler (ContextHandler.java:doStart(781)) - Started o.e.j.s.ServletContextHandler@24a04257{/logs,file:///workdir/hadoop-ozone/integration-test/target/log,AVAILABLE}
2019-10-18 07:23:43,681 [main] INFO  handler.ContextHandler (ContextHandler.java:doStart(781)) - Started o.e.j.s.ServletContextHandler@eaf8427{/static,jar:file:/home/user/.m2/repository/org/apache/hadoop/hadoop-hdds-container-service/0.5.0-SNAPSHOT/hadoop-hdds-container-service-0.5.0-SNAPSHOT.jar!/webapps/static,AVAILABLE}
2019-10-18 07:23:43,718 [main] INFO  handler.ContextHandler (ContextHandler.java:doStart(781)) - Started o.e.j.w.WebAppContext@3f866f50{/,file:///tmp/jetty-0.0.0.0-46768-hddsDatanode-_-any-5954981598546820856.dir/webapp/,AVAILABLE}{/hddsDatanode}
2019-10-18 07:23:43,718 [main] INFO  server.AbstractConnector (AbstractConnector.java:doStart(278)) - Started ServerConnector@5844a2d1{HTTP/1.1,[http/1.1]}{0.0.0.0:46768}
2019-10-18 07:23:43,719 [main] INFO  server.Server (Server.java:doStart(419)) - Started @274339ms
2019-10-18 07:23:43,721 [main] WARN  impl.MetricsSystemImpl (MetricsSystemImpl.java:register(276)) - Sink prometheus already exists!
2019-10-18 07:23:43,722 [main] INFO  server.BaseHttpServer (BaseHttpServer.java:updateConnectorAddress(215)) - HTTP server of HDDSDATANODE is listening at http://0.0.0.0:46768
2019-10-18 07:23:43,722 [main] INFO  impl.MetricsSystemImpl (MetricsSystemImpl.java:init(158)) - HddsDatanode metrics system started (again)
2019-10-18 07:23:43,734 [org.apache.hadoop.util.JvmPauseMonitor$Monitor@7ea63cc2] INFO  util.JvmPauseMonitor (JvmPauseMonitor.java:run(188)) - Starting JVM pause monitor
2019-10-18 07:23:43,735 [main] INFO  ozone.HddsDatanodeService (HddsDatanodeService.java:start(184)) - HddsDatanodeService host:pr-hdds-2318-jnjn8-2612408985 ip:192.168.34.25
2019-10-18 07:23:43,736 [Datanode State Machine Thread - 0] INFO  datanode.InitDatanodeState (InitDatanodeState.java:persistContainerDatanodeDetails(140)) - DatanodeDetails is persisted to /workdir/hadoop-ozone/integration-test/target/test-dir/MiniOzoneClusterImpl-f216ddbe-e8b4-4355-85c5-09cf054ba290/datanode-6/meta/datanode.id
2019-10-18 07:23:43,743 [main] INFO  volume.HddsVolume (HddsVolume.java:<init>(176)) - Creating Volume: /workdir/hadoop-ozone/integration-test/target/test-dir/MiniOzoneClusterImpl-f216ddbe-e8b4-4355-85c5-09cf054ba290/datanode-7/data/containers/hdds of  storage type : DISK and capacity : 1482555576320
2019-10-18 07:23:43,744 [main] INFO  volume.VolumeSet (VolumeSet.java:initializeVolumeSet(170)) - Added Volume : /workdir/hadoop-ozone/integration-test/target/test-dir/MiniOzoneClusterImpl-f216ddbe-e8b4-4355-85c5-09cf054ba290/datanode-7/data/containers/hdds to VolumeSet
2019-10-18 07:23:43,744 [main] INFO  volume.ThrottledAsyncChecker (ThrottledAsyncChecker.java:schedule(141)) - Scheduling a check for /workdir/hadoop-ozone/integration-test/target/test-dir/MiniOzoneClusterImpl-f216ddbe-e8b4-4355-85c5-09cf054ba290/datanode-7/data/containers/hdds
2019-10-18 07:23:43,744 [main] INFO  volume.HddsVolumeChecker (HddsVolumeChecker.java:checkAllVolumes(204)) - Scheduled health check for volume /workdir/hadoop-ozone/integration-test/target/test-dir/MiniOzoneClusterImpl-f216ddbe-e8b4-4355-85c5-09cf054ba290/datanode-7/data/containers/hdds
2019-10-18 07:23:43,758 [main] INFO  impl.RaftServerProxy (ConfUtils.java:logGet(43)) - raft.rpc.type = GRPC (default)
2019-10-18 07:23:43,758 [main] INFO  grpc.GrpcFactory (GrpcFactory.java:checkPooledByteBufAllocatorUseCacheForAllThreads(45)) - PERFORMANCE WARNING: useCacheForAllThreads is true that may cause Netty to create a lot garbage objects and, as a result, trigger GC.
	It is recommended to disable useCacheForAllThreads by setting -Dorg.apache.ratis.thirdparty.io.netty.allocator.useCacheForAllThreads=false in command line.
2019-10-18 07:23:43,758 [main] INFO  grpc.GrpcConfigKeys$Server (ConfUtils.java:logGet(43)) - raft.grpc.server.port = 0 (default)
2019-10-18 07:23:43,758 [main] INFO  server.GrpcService (ConfUtils.java:logGet(43)) - raft.grpc.message.size.max = 33570816 (custom)
2019-10-18 07:23:43,758 [main] INFO  server.RaftServerConfigKeys (ConfUtils.java:logGet(43)) - raft.server.log.appender.buffer.byte-limit = 33554432 (custom)
2019-10-18 07:23:43,759 [main] INFO  server.GrpcService (ConfUtils.java:logGet(43)) - raft.grpc.flow.control.window = 1MB (=1048576) (default)
2019-10-18 07:23:43,759 [main] INFO  server.RaftServerConfigKeys (ConfUtils.java:logGet(43)) - raft.server.rpc.request.timeout = 3000ms (default)
2019-10-18 07:23:43,759 [main] INFO  server.RaftServerConfigKeys (ConfUtils.java:logGet(43)) - raft.server.storage.dir = [/workdir/hadoop-ozone/integration-test/target/test-dir/MiniOzoneClusterImpl-f216ddbe-e8b4-4355-85c5-09cf054ba290/datanode-7/data/ratis] (custom)
2019-10-18 07:23:43,761 [main] INFO  hdfs.DFSUtil (DFSUtil.java:httpServerTemplateForNNAndJN(1641)) - Starting Web-server for hddsDatanode at: http://0.0.0.0:0
2019-10-18 07:23:43,762 [main] INFO  server.AuthenticationFilter (AuthenticationFilter.java:constructSecretProvider(240)) - Unable to initialize FileSignerSecretProvider, falling back to use random secrets.
2019-10-18 07:23:43,762 [main] WARN  http.HttpRequestLog (HttpRequestLog.java:getRequestLog(97)) - Jetty request log can only be enabled using Log4j
2019-10-18 07:23:43,764 [main] INFO  http.HttpServer2 (HttpServer2.java:addGlobalFilter(975)) - Added global filter 'safety' (class=org.apache.hadoop.http.HttpServer2$QuotingInputFilter)
2019-10-18 07:23:43,764 [main] INFO  http.HttpServer2 (HttpServer2.java:addFilter(948)) - Added filter static_user_filter (class=org.apache.hadoop.http.lib.StaticUserWebFilter$StaticUserFilter) to context hddsDatanode
2019-10-18 07:23:43,765 [main] INFO  http.HttpServer2 (HttpServer2.java:addFilter(958)) - Added filter static_user_filter (class=org.apache.hadoop.http.lib.StaticUserWebFilter$StaticUserFilter) to context logs
2019-10-18 07:23:43,765 [main] INFO  http.HttpServer2 (HttpServer2.java:addFilter(958)) - Added filter static_user_filter (class=org.apache.hadoop.http.lib.StaticUserWebFilter$StaticUserFilter) to context static
2019-10-18 07:23:43,765 [main] INFO  http.HttpServer2 (HttpServer2.java:bindListener(1191)) - Jetty bound to port 36332
2019-10-18 07:23:43,766 [main] INFO  server.Server (Server.java:doStart(351)) - jetty-9.3.25.v20180904, build timestamp: 2018-09-04T21:11:46Z, git hash: 3ce520221d0240229c862b122d2b06c12a625732
2019-10-18 07:23:43,767 [main] INFO  handler.ContextHandler (ContextHandler.java:doStart(781)) - Started o.e.j.s.ServletContextHandler@bd93bc3{/logs,file:///workdir/hadoop-ozone/integration-test/target/log,AVAILABLE}
2019-10-18 07:23:43,768 [main] INFO  handler.ContextHandler (ContextHandler.java:doStart(781)) - Started o.e.j.s.ServletContextHandler@b01cb8d{/static,jar:file:/home/user/.m2/repository/org/apache/hadoop/hadoop-hdds-container-service/0.5.0-SNAPSHOT/hadoop-hdds-container-service-0.5.0-SNAPSHOT.jar!/webapps/static,AVAILABLE}
2019-10-18 07:23:43,806 [main] INFO  handler.ContextHandler (ContextHandler.java:doStart(781)) - Started o.e.j.w.WebAppContext@35ac9ebd{/,file:///tmp/jetty-0.0.0.0-36332-hddsDatanode-_-any-2572361418423595418.dir/webapp/,AVAILABLE}{/hddsDatanode}
2019-10-18 07:23:43,807 [main] INFO  server.AbstractConnector (AbstractConnector.java:doStart(278)) - Started ServerConnector@56c0a61e{HTTP/1.1,[http/1.1]}{0.0.0.0:36332}
2019-10-18 07:23:43,809 [main] INFO  server.Server (Server.java:doStart(419)) - Started @274430ms
2019-10-18 07:23:43,809 [main] WARN  impl.MetricsSystemImpl (MetricsSystemImpl.java:register(276)) - Sink prometheus already exists!
2019-10-18 07:23:43,810 [main] INFO  server.BaseHttpServer (BaseHttpServer.java:updateConnectorAddress(215)) - HTTP server of HDDSDATANODE is listening at http://0.0.0.0:36332
2019-10-18 07:23:43,811 [main] INFO  impl.MetricsSystemImpl (MetricsSystemImpl.java:init(158)) - HddsDatanode metrics system started (again)
2019-10-18 07:23:43,827 [org.apache.hadoop.util.JvmPauseMonitor$Monitor@26c9d9f5] INFO  util.JvmPauseMonitor (JvmPauseMonitor.java:run(188)) - Starting JVM pause monitor
2019-10-18 07:23:43,829 [Datanode State Machine Thread - 0] INFO  datanode.InitDatanodeState (InitDatanodeState.java:persistContainerDatanodeDetails(140)) - DatanodeDetails is persisted to /workdir/hadoop-ozone/integration-test/target/test-dir/MiniOzoneClusterImpl-f216ddbe-e8b4-4355-85c5-09cf054ba290/datanode-7/meta/datanode.id
2019-10-18 07:23:43,829 [main] INFO  ozone.HddsDatanodeService (HddsDatanodeService.java:start(184)) - HddsDatanodeService host:pr-hdds-2318-jnjn8-2612408985 ip:192.168.34.25
2019-10-18 07:23:43,838 [main] INFO  volume.HddsVolume (HddsVolume.java:<init>(176)) - Creating Volume: /workdir/hadoop-ozone/integration-test/target/test-dir/MiniOzoneClusterImpl-f216ddbe-e8b4-4355-85c5-09cf054ba290/datanode-8/data/containers/hdds of  storage type : DISK and capacity : 1482555576320
2019-10-18 07:23:43,838 [main] INFO  volume.VolumeSet (VolumeSet.java:initializeVolumeSet(170)) - Added Volume : /workdir/hadoop-ozone/integration-test/target/test-dir/MiniOzoneClusterImpl-f216ddbe-e8b4-4355-85c5-09cf054ba290/datanode-8/data/containers/hdds to VolumeSet
2019-10-18 07:23:43,838 [main] INFO  volume.ThrottledAsyncChecker (ThrottledAsyncChecker.java:schedule(141)) - Scheduling a check for /workdir/hadoop-ozone/integration-test/target/test-dir/MiniOzoneClusterImpl-f216ddbe-e8b4-4355-85c5-09cf054ba290/datanode-8/data/containers/hdds
2019-10-18 07:23:43,839 [main] INFO  volume.HddsVolumeChecker (HddsVolumeChecker.java:checkAllVolumes(204)) - Scheduled health check for volume /workdir/hadoop-ozone/integration-test/target/test-dir/MiniOzoneClusterImpl-f216ddbe-e8b4-4355-85c5-09cf054ba290/datanode-8/data/containers/hdds
2019-10-18 07:23:43,857 [main] INFO  impl.RaftServerProxy (ConfUtils.java:logGet(43)) - raft.rpc.type = GRPC (default)
2019-10-18 07:23:43,857 [main] INFO  grpc.GrpcFactory (GrpcFactory.java:checkPooledByteBufAllocatorUseCacheForAllThreads(45)) - PERFORMANCE WARNING: useCacheForAllThreads is true that may cause Netty to create a lot garbage objects and, as a result, trigger GC.
	It is recommended to disable useCacheForAllThreads by setting -Dorg.apache.ratis.thirdparty.io.netty.allocator.useCacheForAllThreads=false in command line.
2019-10-18 07:23:43,857 [main] INFO  grpc.GrpcConfigKeys$Server (ConfUtils.java:logGet(43)) - raft.grpc.server.port = 0 (default)
2019-10-18 07:23:43,858 [main] INFO  server.GrpcService (ConfUtils.java:logGet(43)) - raft.grpc.message.size.max = 33570816 (custom)
2019-10-18 07:23:43,858 [main] INFO  server.RaftServerConfigKeys (ConfUtils.java:logGet(43)) - raft.server.log.appender.buffer.byte-limit = 33554432 (custom)
2019-10-18 07:23:43,858 [main] INFO  server.GrpcService (ConfUtils.java:logGet(43)) - raft.grpc.flow.control.window = 1MB (=1048576) (default)
2019-10-18 07:23:43,858 [main] INFO  server.RaftServerConfigKeys (ConfUtils.java:logGet(43)) - raft.server.rpc.request.timeout = 3000ms (default)
2019-10-18 07:23:43,859 [main] INFO  server.RaftServerConfigKeys (ConfUtils.java:logGet(43)) - raft.server.storage.dir = [/workdir/hadoop-ozone/integration-test/target/test-dir/MiniOzoneClusterImpl-f216ddbe-e8b4-4355-85c5-09cf054ba290/datanode-8/data/ratis] (custom)
2019-10-18 07:23:43,860 [main] INFO  hdfs.DFSUtil (DFSUtil.java:httpServerTemplateForNNAndJN(1641)) - Starting Web-server for hddsDatanode at: http://0.0.0.0:0
2019-10-18 07:23:43,862 [main] INFO  server.AuthenticationFilter (AuthenticationFilter.java:constructSecretProvider(240)) - Unable to initialize FileSignerSecretProvider, falling back to use random secrets.
2019-10-18 07:23:43,863 [main] WARN  http.HttpRequestLog (HttpRequestLog.java:getRequestLog(97)) - Jetty request log can only be enabled using Log4j
2019-10-18 07:23:43,864 [main] INFO  http.HttpServer2 (HttpServer2.java:addGlobalFilter(975)) - Added global filter 'safety' (class=org.apache.hadoop.http.HttpServer2$QuotingInputFilter)
2019-10-18 07:23:43,865 [main] INFO  http.HttpServer2 (HttpServer2.java:addFilter(948)) - Added filter static_user_filter (class=org.apache.hadoop.http.lib.StaticUserWebFilter$StaticUserFilter) to context hddsDatanode
2019-10-18 07:23:43,865 [main] INFO  http.HttpServer2 (HttpServer2.java:addFilter(958)) - Added filter static_user_filter (class=org.apache.hadoop.http.lib.StaticUserWebFilter$StaticUserFilter) to context logs
2019-10-18 07:23:43,865 [main] INFO  http.HttpServer2 (HttpServer2.java:addFilter(958)) - Added filter static_user_filter (class=org.apache.hadoop.http.lib.StaticUserWebFilter$StaticUserFilter) to context static
2019-10-18 07:23:43,866 [main] INFO  http.HttpServer2 (HttpServer2.java:bindListener(1191)) - Jetty bound to port 42302
2019-10-18 07:23:43,866 [main] INFO  server.Server (Server.java:doStart(351)) - jetty-9.3.25.v20180904, build timestamp: 2018-09-04T21:11:46Z, git hash: 3ce520221d0240229c862b122d2b06c12a625732
2019-10-18 07:23:43,867 [main] INFO  handler.ContextHandler (ContextHandler.java:doStart(781)) - Started o.e.j.s.ServletContextHandler@3ccb12d{/logs,file:///workdir/hadoop-ozone/integration-test/target/log,AVAILABLE}
2019-10-18 07:23:43,868 [main] INFO  handler.ContextHandler (ContextHandler.java:doStart(781)) - Started o.e.j.s.ServletContextHandler@221ca495{/static,jar:file:/home/user/.m2/repository/org/apache/hadoop/hadoop-hdds-container-service/0.5.0-SNAPSHOT/hadoop-hdds-container-service-0.5.0-SNAPSHOT.jar!/webapps/static,AVAILABLE}
2019-10-18 07:23:43,906 [main] INFO  handler.ContextHandler (ContextHandler.java:doStart(781)) - Started o.e.j.w.WebAppContext@2bdab835{/,file:///tmp/jetty-0.0.0.0-42302-hddsDatanode-_-any-6762707958361599892.dir/webapp/,AVAILABLE}{/hddsDatanode}
2019-10-18 07:23:43,906 [main] INFO  server.AbstractConnector (AbstractConnector.java:doStart(278)) - Started ServerConnector@7b8aebd0{HTTP/1.1,[http/1.1]}{0.0.0.0:42302}
2019-10-18 07:23:43,906 [main] INFO  server.Server (Server.java:doStart(419)) - Started @274527ms
2019-10-18 07:23:43,909 [main] WARN  impl.MetricsSystemImpl (MetricsSystemImpl.java:register(276)) - Sink prometheus already exists!
2019-10-18 07:23:43,911 [main] INFO  server.BaseHttpServer (BaseHttpServer.java:updateConnectorAddress(215)) - HTTP server of HDDSDATANODE is listening at http://0.0.0.0:42302
2019-10-18 07:23:43,912 [main] INFO  impl.MetricsSystemImpl (MetricsSystemImpl.java:init(158)) - HddsDatanode metrics system started (again)
2019-10-18 07:23:43,928 [org.apache.hadoop.util.JvmPauseMonitor$Monitor@6b89bb04] INFO  util.JvmPauseMonitor (JvmPauseMonitor.java:run(188)) - Starting JVM pause monitor
2019-10-18 07:23:43,930 [Datanode State Machine Thread - 0] INFO  datanode.InitDatanodeState (InitDatanodeState.java:persistContainerDatanodeDetails(140)) - DatanodeDetails is persisted to /workdir/hadoop-ozone/integration-test/target/test-dir/MiniOzoneClusterImpl-f216ddbe-e8b4-4355-85c5-09cf054ba290/datanode-8/meta/datanode.id
2019-10-18 07:23:43,930 [main] INFO  ozone.HddsDatanodeService (HddsDatanodeService.java:start(184)) - HddsDatanodeService host:pr-hdds-2318-jnjn8-2612408985 ip:192.168.34.25
2019-10-18 07:23:43,942 [main] INFO  volume.HddsVolume (HddsVolume.java:<init>(176)) - Creating Volume: /workdir/hadoop-ozone/integration-test/target/test-dir/MiniOzoneClusterImpl-f216ddbe-e8b4-4355-85c5-09cf054ba290/datanode-9/data/containers/hdds of  storage type : DISK and capacity : 1482555576320
2019-10-18 07:23:43,942 [main] INFO  volume.VolumeSet (VolumeSet.java:initializeVolumeSet(170)) - Added Volume : /workdir/hadoop-ozone/integration-test/target/test-dir/MiniOzoneClusterImpl-f216ddbe-e8b4-4355-85c5-09cf054ba290/datanode-9/data/containers/hdds to VolumeSet
2019-10-18 07:23:43,942 [main] INFO  volume.ThrottledAsyncChecker (ThrottledAsyncChecker.java:schedule(141)) - Scheduling a check for /workdir/hadoop-ozone/integration-test/target/test-dir/MiniOzoneClusterImpl-f216ddbe-e8b4-4355-85c5-09cf054ba290/datanode-9/data/containers/hdds
2019-10-18 07:23:43,943 [main] INFO  volume.HddsVolumeChecker (HddsVolumeChecker.java:checkAllVolumes(204)) - Scheduled health check for volume /workdir/hadoop-ozone/integration-test/target/test-dir/MiniOzoneClusterImpl-f216ddbe-e8b4-4355-85c5-09cf054ba290/datanode-9/data/containers/hdds
2019-10-18 07:23:43,962 [main] INFO  impl.RaftServerProxy (ConfUtils.java:logGet(43)) - raft.rpc.type = GRPC (default)
2019-10-18 07:23:43,963 [main] INFO  grpc.GrpcFactory (GrpcFactory.java:checkPooledByteBufAllocatorUseCacheForAllThreads(45)) - PERFORMANCE WARNING: useCacheForAllThreads is true that may cause Netty to create a lot garbage objects and, as a result, trigger GC.
	It is recommended to disable useCacheForAllThreads by setting -Dorg.apache.ratis.thirdparty.io.netty.allocator.useCacheForAllThreads=false in command line.
2019-10-18 07:23:43,963 [main] INFO  grpc.GrpcConfigKeys$Server (ConfUtils.java:logGet(43)) - raft.grpc.server.port = 0 (default)
2019-10-18 07:23:43,963 [main] INFO  server.GrpcService (ConfUtils.java:logGet(43)) - raft.grpc.message.size.max = 33570816 (custom)
2019-10-18 07:23:43,964 [main] INFO  server.RaftServerConfigKeys (ConfUtils.java:logGet(43)) - raft.server.log.appender.buffer.byte-limit = 33554432 (custom)
2019-10-18 07:23:43,964 [main] INFO  server.GrpcService (ConfUtils.java:logGet(43)) - raft.grpc.flow.control.window = 1MB (=1048576) (default)
2019-10-18 07:23:43,964 [main] INFO  server.RaftServerConfigKeys (ConfUtils.java:logGet(43)) - raft.server.rpc.request.timeout = 3000ms (default)
2019-10-18 07:23:43,965 [main] INFO  server.RaftServerConfigKeys (ConfUtils.java:logGet(43)) - raft.server.storage.dir = [/workdir/hadoop-ozone/integration-test/target/test-dir/MiniOzoneClusterImpl-f216ddbe-e8b4-4355-85c5-09cf054ba290/datanode-9/data/ratis] (custom)
2019-10-18 07:23:43,966 [main] INFO  hdfs.DFSUtil (DFSUtil.java:httpServerTemplateForNNAndJN(1641)) - Starting Web-server for hddsDatanode at: http://0.0.0.0:0
2019-10-18 07:23:43,968 [main] INFO  server.AuthenticationFilter (AuthenticationFilter.java:constructSecretProvider(240)) - Unable to initialize FileSignerSecretProvider, falling back to use random secrets.
2019-10-18 07:23:43,968 [main] WARN  http.HttpRequestLog (HttpRequestLog.java:getRequestLog(97)) - Jetty request log can only be enabled using Log4j
2019-10-18 07:23:43,969 [main] INFO  http.HttpServer2 (HttpServer2.java:addGlobalFilter(975)) - Added global filter 'safety' (class=org.apache.hadoop.http.HttpServer2$QuotingInputFilter)
2019-10-18 07:23:43,970 [main] INFO  http.HttpServer2 (HttpServer2.java:addFilter(948)) - Added filter static_user_filter (class=org.apache.hadoop.http.lib.StaticUserWebFilter$StaticUserFilter) to context hddsDatanode
2019-10-18 07:23:43,970 [main] INFO  http.HttpServer2 (HttpServer2.java:addFilter(958)) - Added filter static_user_filter (class=org.apache.hadoop.http.lib.StaticUserWebFilter$StaticUserFilter) to context static
2019-10-18 07:23:43,970 [main] INFO  http.HttpServer2 (HttpServer2.java:addFilter(958)) - Added filter static_user_filter (class=org.apache.hadoop.http.lib.StaticUserWebFilter$StaticUserFilter) to context logs
2019-10-18 07:23:43,971 [main] INFO  http.HttpServer2 (HttpServer2.java:bindListener(1191)) - Jetty bound to port 40398
2019-10-18 07:23:43,971 [main] INFO  server.Server (Server.java:doStart(351)) - jetty-9.3.25.v20180904, build timestamp: 2018-09-04T21:11:46Z, git hash: 3ce520221d0240229c862b122d2b06c12a625732
2019-10-18 07:23:43,972 [main] INFO  handler.ContextHandler (ContextHandler.java:doStart(781)) - Started o.e.j.s.ServletContextHandler@1f758e4f{/logs,file:///workdir/hadoop-ozone/integration-test/target/log,AVAILABLE}
2019-10-18 07:23:43,973 [main] INFO  handler.ContextHandler (ContextHandler.java:doStart(781)) - Started o.e.j.s.ServletContextHandler@661e279d{/static,jar:file:/home/user/.m2/repository/org/apache/hadoop/hadoop-hdds-container-service/0.5.0-SNAPSHOT/hadoop-hdds-container-service-0.5.0-SNAPSHOT.jar!/webapps/static,AVAILABLE}
2019-10-18 07:23:44,002 [main] INFO  handler.ContextHandler (ContextHandler.java:doStart(781)) - Started o.e.j.w.WebAppContext@f017dd0{/,file:///tmp/jetty-0.0.0.0-40398-hddsDatanode-_-any-5964381243009935459.dir/webapp/,AVAILABLE}{/hddsDatanode}
2019-10-18 07:23:44,003 [main] INFO  server.AbstractConnector (AbstractConnector.java:doStart(278)) - Started ServerConnector@2424cb9d{HTTP/1.1,[http/1.1]}{0.0.0.0:40398}
2019-10-18 07:23:44,006 [main] INFO  server.Server (Server.java:doStart(419)) - Started @274627ms
2019-10-18 07:23:44,006 [main] WARN  impl.MetricsSystemImpl (MetricsSystemImpl.java:register(276)) - Sink prometheus already exists!
2019-10-18 07:23:44,007 [main] INFO  server.BaseHttpServer (BaseHttpServer.java:updateConnectorAddress(215)) - HTTP server of HDDSDATANODE is listening at http://0.0.0.0:40398
2019-10-18 07:23:44,008 [main] INFO  ozone.MiniOzoneClusterImpl (MiniOzoneClusterImpl.java:lambda$waitForClusterToBeReady$0(147)) - Waiting for cluster to be ready. Got 0 of 10 DN Heartbeats.
2019-10-18 07:23:44,009 [org.apache.hadoop.util.JvmPauseMonitor$Monitor@156424fb] INFO  util.JvmPauseMonitor (JvmPauseMonitor.java:run(188)) - Starting JVM pause monitor
2019-10-18 07:23:44,010 [Datanode State Machine Thread - 0] INFO  datanode.InitDatanodeState (InitDatanodeState.java:persistContainerDatanodeDetails(140)) - DatanodeDetails is persisted to /workdir/hadoop-ozone/integration-test/target/test-dir/MiniOzoneClusterImpl-f216ddbe-e8b4-4355-85c5-09cf054ba290/datanode-9/meta/datanode.id
2019-10-18 07:23:45,008 [main] INFO  ozone.MiniOzoneClusterImpl (MiniOzoneClusterImpl.java:lambda$waitForClusterToBeReady$0(147)) - Waiting for cluster to be ready. Got 0 of 10 DN Heartbeats.
2019-10-18 07:23:45,289 [Datanode State Machine Thread - 0] INFO  ozoneimpl.OzoneContainer (OzoneContainer.java:start(213)) - Attempting to start container services.
2019-10-18 07:23:45,290 [Datanode State Machine Thread - 0] INFO  ozoneimpl.OzoneContainer (OzoneContainer.java:startContainerScrub(177)) - Background container scanner has been disabled.
2019-10-18 07:23:45,291 [Datanode State Machine Thread - 0] INFO  ratis.XceiverServerRatis (XceiverServerRatis.java:start(418)) - Starting XceiverServerRatis 67270882-100a-4e75-928d-618d17e069c8 at port 0
2019-10-18 07:23:45,301 [Datanode State Machine Thread - 0] INFO  impl.RaftServerProxy (RaftServerProxy.java:lambda$start$3(299)) - 67270882-100a-4e75-928d-618d17e069c8: start RPC server
2019-10-18 07:23:45,307 [Datanode State Machine Thread - 0] INFO  server.GrpcService (GrpcService.java:startImpl(158)) - 67270882-100a-4e75-928d-618d17e069c8: GrpcService started, listening on 0.0.0.0/0.0.0.0:36648
2019-10-18 07:23:45,307 [Datanode State Machine Thread - 0] INFO  ratis.XceiverServerRatis (XceiverServerRatis.java:start(428)) - XceiverServerRatis 67270882-100a-4e75-928d-618d17e069c8 is started using port 36648
2019-10-18 07:23:45,308 [Datanode State Machine Thread - 0] INFO  server.XceiverServerGrpc (XceiverServerGrpc.java:start(149)) - XceiverServerGrpc 67270882-100a-4e75-928d-618d17e069c8 is started using port 43218
2019-10-18 07:23:45,339 [Datanode State Machine Thread - 0] INFO  ozoneimpl.OzoneContainer (OzoneContainer.java:start(213)) - Attempting to start container services.
2019-10-18 07:23:45,339 [Datanode State Machine Thread - 0] INFO  ozoneimpl.OzoneContainer (OzoneContainer.java:startContainerScrub(177)) - Background container scanner has been disabled.
2019-10-18 07:23:45,340 [Datanode State Machine Thread - 0] INFO  ratis.XceiverServerRatis (XceiverServerRatis.java:start(418)) - Starting XceiverServerRatis 12ad0800-05cb-443c-9fdd-fa1debf04523 at port 0
2019-10-18 07:23:45,348 [Datanode State Machine Thread - 0] INFO  impl.RaftServerProxy (RaftServerProxy.java:lambda$start$3(299)) - 12ad0800-05cb-443c-9fdd-fa1debf04523: start RPC server
2019-10-18 07:23:45,348 [Datanode State Machine Thread - 0] INFO  server.GrpcService (GrpcService.java:startImpl(158)) - 12ad0800-05cb-443c-9fdd-fa1debf04523: GrpcService started, listening on 0.0.0.0/0.0.0.0:41155
2019-10-18 07:23:45,348 [Datanode State Machine Thread - 0] INFO  ratis.XceiverServerRatis (XceiverServerRatis.java:start(428)) - XceiverServerRatis 12ad0800-05cb-443c-9fdd-fa1debf04523 is started using port 41155
2019-10-18 07:23:45,349 [Datanode State Machine Thread - 0] INFO  server.XceiverServerGrpc (XceiverServerGrpc.java:start(149)) - XceiverServerGrpc 12ad0800-05cb-443c-9fdd-fa1debf04523 is started using port 41407
2019-10-18 07:23:45,420 [Datanode State Machine Thread - 0] INFO  ozoneimpl.OzoneContainer (OzoneContainer.java:start(213)) - Attempting to start container services.
2019-10-18 07:23:45,420 [Datanode State Machine Thread - 0] INFO  ozoneimpl.OzoneContainer (OzoneContainer.java:startContainerScrub(177)) - Background container scanner has been disabled.
2019-10-18 07:23:45,421 [Datanode State Machine Thread - 0] INFO  ratis.XceiverServerRatis (XceiverServerRatis.java:start(418)) - Starting XceiverServerRatis 4dea926d-4bc6-487a-9b9b-9fd457d0fae4 at port 0
2019-10-18 07:23:45,429 [Datanode State Machine Thread - 0] INFO  impl.RaftServerProxy (RaftServerProxy.java:lambda$start$3(299)) - 4dea926d-4bc6-487a-9b9b-9fd457d0fae4: start RPC server
2019-10-18 07:23:45,429 [Datanode State Machine Thread - 0] INFO  server.GrpcService (GrpcService.java:startImpl(158)) - 4dea926d-4bc6-487a-9b9b-9fd457d0fae4: GrpcService started, listening on 0.0.0.0/0.0.0.0:41624
2019-10-18 07:23:45,429 [Datanode State Machine Thread - 0] INFO  ratis.XceiverServerRatis (XceiverServerRatis.java:start(428)) - XceiverServerRatis 4dea926d-4bc6-487a-9b9b-9fd457d0fae4 is started using port 41624
2019-10-18 07:23:45,447 [Datanode State Machine Thread - 0] INFO  server.XceiverServerGrpc (XceiverServerGrpc.java:start(149)) - XceiverServerGrpc 4dea926d-4bc6-487a-9b9b-9fd457d0fae4 is started using port 38928
2019-10-18 07:23:45,517 [Datanode State Machine Thread - 0] INFO  ozoneimpl.OzoneContainer (OzoneContainer.java:start(213)) - Attempting to start container services.
2019-10-18 07:23:45,518 [Datanode State Machine Thread - 0] INFO  ozoneimpl.OzoneContainer (OzoneContainer.java:startContainerScrub(177)) - Background container scanner has been disabled.
2019-10-18 07:23:45,518 [Datanode State Machine Thread - 0] INFO  ratis.XceiverServerRatis (XceiverServerRatis.java:start(418)) - Starting XceiverServerRatis 6633f50a-7046-4b08-9937-8e25f1b14b15 at port 0
2019-10-18 07:23:45,526 [Datanode State Machine Thread - 0] INFO  impl.RaftServerProxy (RaftServerProxy.java:lambda$start$3(299)) - 6633f50a-7046-4b08-9937-8e25f1b14b15: start RPC server
2019-10-18 07:23:45,527 [Datanode State Machine Thread - 0] INFO  server.GrpcService (GrpcService.java:startImpl(158)) - 6633f50a-7046-4b08-9937-8e25f1b14b15: GrpcService started, listening on 0.0.0.0/0.0.0.0:39338
2019-10-18 07:23:45,527 [Datanode State Machine Thread - 0] INFO  ratis.XceiverServerRatis (XceiverServerRatis.java:start(428)) - XceiverServerRatis 6633f50a-7046-4b08-9937-8e25f1b14b15 is started using port 39338
2019-10-18 07:23:45,528 [Datanode State Machine Thread - 0] INFO  server.XceiverServerGrpc (XceiverServerGrpc.java:start(149)) - XceiverServerGrpc 6633f50a-7046-4b08-9937-8e25f1b14b15 is started using port 39228
2019-10-18 07:23:45,593 [Datanode State Machine Thread - 0] INFO  ozoneimpl.OzoneContainer (OzoneContainer.java:start(213)) - Attempting to start container services.
2019-10-18 07:23:45,593 [Datanode State Machine Thread - 0] INFO  ozoneimpl.OzoneContainer (OzoneContainer.java:startContainerScrub(177)) - Background container scanner has been disabled.
2019-10-18 07:23:45,593 [Datanode State Machine Thread - 0] INFO  ratis.XceiverServerRatis (XceiverServerRatis.java:start(418)) - Starting XceiverServerRatis 5170c5f3-8499-4b42-9321-85fc8a351f79 at port 0
2019-10-18 07:23:45,601 [Datanode State Machine Thread - 0] INFO  impl.RaftServerProxy (RaftServerProxy.java:lambda$start$3(299)) - 5170c5f3-8499-4b42-9321-85fc8a351f79: start RPC server
2019-10-18 07:23:45,602 [Datanode State Machine Thread - 0] INFO  server.GrpcService (GrpcService.java:startImpl(158)) - 5170c5f3-8499-4b42-9321-85fc8a351f79: GrpcService started, listening on 0.0.0.0/0.0.0.0:43074
2019-10-18 07:23:45,602 [Datanode State Machine Thread - 0] INFO  ratis.XceiverServerRatis (XceiverServerRatis.java:start(428)) - XceiverServerRatis 5170c5f3-8499-4b42-9321-85fc8a351f79 is started using port 43074
2019-10-18 07:23:45,605 [Datanode State Machine Thread - 0] INFO  server.XceiverServerGrpc (XceiverServerGrpc.java:start(149)) - XceiverServerGrpc 5170c5f3-8499-4b42-9321-85fc8a351f79 is started using port 45119
2019-10-18 07:23:45,668 [Datanode State Machine Thread - 0] INFO  ozoneimpl.OzoneContainer (OzoneContainer.java:start(213)) - Attempting to start container services.
2019-10-18 07:23:45,668 [Datanode State Machine Thread - 0] INFO  ozoneimpl.OzoneContainer (OzoneContainer.java:startContainerScrub(177)) - Background container scanner has been disabled.
2019-10-18 07:23:45,668 [Datanode State Machine Thread - 0] INFO  ratis.XceiverServerRatis (XceiverServerRatis.java:start(418)) - Starting XceiverServerRatis 9712a796-5281-4f3e-ac85-61dedd90db73 at port 0
2019-10-18 07:23:45,678 [Datanode State Machine Thread - 0] INFO  impl.RaftServerProxy (RaftServerProxy.java:lambda$start$3(299)) - 9712a796-5281-4f3e-ac85-61dedd90db73: start RPC server
2019-10-18 07:23:45,679 [Datanode State Machine Thread - 0] INFO  server.GrpcService (GrpcService.java:startImpl(158)) - 9712a796-5281-4f3e-ac85-61dedd90db73: GrpcService started, listening on 0.0.0.0/0.0.0.0:45438
2019-10-18 07:23:45,679 [Datanode State Machine Thread - 0] INFO  ratis.XceiverServerRatis (XceiverServerRatis.java:start(428)) - XceiverServerRatis 9712a796-5281-4f3e-ac85-61dedd90db73 is started using port 45438
2019-10-18 07:23:45,679 [Datanode State Machine Thread - 0] INFO  server.XceiverServerGrpc (XceiverServerGrpc.java:start(149)) - XceiverServerGrpc 9712a796-5281-4f3e-ac85-61dedd90db73 is started using port 38405
2019-10-18 07:23:45,760 [Datanode State Machine Thread - 0] INFO  ozoneimpl.OzoneContainer (OzoneContainer.java:start(213)) - Attempting to start container services.
2019-10-18 07:23:45,760 [Datanode State Machine Thread - 0] INFO  ozoneimpl.OzoneContainer (OzoneContainer.java:startContainerScrub(177)) - Background container scanner has been disabled.
2019-10-18 07:23:45,760 [Datanode State Machine Thread - 0] INFO  ratis.XceiverServerRatis (XceiverServerRatis.java:start(418)) - Starting XceiverServerRatis 2dff5807-dc58-47fd-8302-31bc14eca994 at port 0
2019-10-18 07:23:45,769 [Datanode State Machine Thread - 0] INFO  impl.RaftServerProxy (RaftServerProxy.java:lambda$start$3(299)) - 2dff5807-dc58-47fd-8302-31bc14eca994: start RPC server
2019-10-18 07:23:45,769 [Datanode State Machine Thread - 0] INFO  server.GrpcService (GrpcService.java:startImpl(158)) - 2dff5807-dc58-47fd-8302-31bc14eca994: GrpcService started, listening on 0.0.0.0/0.0.0.0:37938
2019-10-18 07:23:45,770 [Datanode State Machine Thread - 0] INFO  ratis.XceiverServerRatis (XceiverServerRatis.java:start(428)) - XceiverServerRatis 2dff5807-dc58-47fd-8302-31bc14eca994 is started using port 37938
2019-10-18 07:23:45,770 [Datanode State Machine Thread - 0] INFO  server.XceiverServerGrpc (XceiverServerGrpc.java:start(149)) - XceiverServerGrpc 2dff5807-dc58-47fd-8302-31bc14eca994 is started using port 40767
2019-10-18 07:23:45,860 [Datanode State Machine Thread - 0] INFO  ozoneimpl.OzoneContainer (OzoneContainer.java:start(213)) - Attempting to start container services.
2019-10-18 07:23:45,861 [Datanode State Machine Thread - 0] INFO  ozoneimpl.OzoneContainer (OzoneContainer.java:startContainerScrub(177)) - Background container scanner has been disabled.
2019-10-18 07:23:45,861 [Datanode State Machine Thread - 0] INFO  ratis.XceiverServerRatis (XceiverServerRatis.java:start(418)) - Starting XceiverServerRatis 030c2313-1c2c-4b42-81fb-cb58ee93f992 at port 0
2019-10-18 07:23:45,870 [Datanode State Machine Thread - 0] INFO  impl.RaftServerProxy (RaftServerProxy.java:lambda$start$3(299)) - 030c2313-1c2c-4b42-81fb-cb58ee93f992: start RPC server
2019-10-18 07:23:45,871 [Datanode State Machine Thread - 0] INFO  server.GrpcService (GrpcService.java:startImpl(158)) - 030c2313-1c2c-4b42-81fb-cb58ee93f992: GrpcService started, listening on 0.0.0.0/0.0.0.0:33896
2019-10-18 07:23:45,871 [Datanode State Machine Thread - 0] INFO  ratis.XceiverServerRatis (XceiverServerRatis.java:start(428)) - XceiverServerRatis 030c2313-1c2c-4b42-81fb-cb58ee93f992 is started using port 33896
2019-10-18 07:23:45,871 [Datanode State Machine Thread - 0] INFO  server.XceiverServerGrpc (XceiverServerGrpc.java:start(149)) - XceiverServerGrpc 030c2313-1c2c-4b42-81fb-cb58ee93f992 is started using port 40072
2019-10-18 07:23:45,961 [Datanode State Machine Thread - 0] INFO  ozoneimpl.OzoneContainer (OzoneContainer.java:start(213)) - Attempting to start container services.
2019-10-18 07:23:45,961 [Datanode State Machine Thread - 0] INFO  ozoneimpl.OzoneContainer (OzoneContainer.java:startContainerScrub(177)) - Background container scanner has been disabled.
2019-10-18 07:23:45,961 [Datanode State Machine Thread - 0] INFO  ratis.XceiverServerRatis (XceiverServerRatis.java:start(418)) - Starting XceiverServerRatis 716dc1a1-4b82-41d5-9ffe-93d5e40efbd9 at port 0
2019-10-18 07:23:45,971 [Datanode State Machine Thread - 0] INFO  impl.RaftServerProxy (RaftServerProxy.java:lambda$start$3(299)) - 716dc1a1-4b82-41d5-9ffe-93d5e40efbd9: start RPC server
2019-10-18 07:23:45,971 [Datanode State Machine Thread - 0] INFO  server.GrpcService (GrpcService.java:startImpl(158)) - 716dc1a1-4b82-41d5-9ffe-93d5e40efbd9: GrpcService started, listening on 0.0.0.0/0.0.0.0:46068
2019-10-18 07:23:45,971 [Datanode State Machine Thread - 0] INFO  ratis.XceiverServerRatis (XceiverServerRatis.java:start(428)) - XceiverServerRatis 716dc1a1-4b82-41d5-9ffe-93d5e40efbd9 is started using port 46068
2019-10-18 07:23:45,972 [Datanode State Machine Thread - 0] INFO  server.XceiverServerGrpc (XceiverServerGrpc.java:start(149)) - XceiverServerGrpc 716dc1a1-4b82-41d5-9ffe-93d5e40efbd9 is started using port 37978
2019-10-18 07:23:46,010 [main] INFO  ozone.MiniOzoneClusterImpl (MiniOzoneClusterImpl.java:lambda$waitForClusterToBeReady$0(147)) - Waiting for cluster to be ready. Got 0 of 10 DN Heartbeats.
2019-10-18 07:23:46,036 [Datanode State Machine Thread - 0] INFO  ozoneimpl.OzoneContainer (OzoneContainer.java:start(213)) - Attempting to start container services.
2019-10-18 07:23:46,036 [Datanode State Machine Thread - 0] INFO  ozoneimpl.OzoneContainer (OzoneContainer.java:startContainerScrub(177)) - Background container scanner has been disabled.
2019-10-18 07:23:46,036 [Datanode State Machine Thread - 0] INFO  ratis.XceiverServerRatis (XceiverServerRatis.java:start(418)) - Starting XceiverServerRatis 0b10a9fc-47eb-4a2b-b664-8273d9d17379 at port 0
2019-10-18 07:23:46,045 [Datanode State Machine Thread - 0] INFO  impl.RaftServerProxy (RaftServerProxy.java:lambda$start$3(299)) - 0b10a9fc-47eb-4a2b-b664-8273d9d17379: start RPC server
2019-10-18 07:23:46,049 [Datanode State Machine Thread - 0] INFO  server.GrpcService (GrpcService.java:startImpl(158)) - 0b10a9fc-47eb-4a2b-b664-8273d9d17379: GrpcService started, listening on 0.0.0.0/0.0.0.0:45248
2019-10-18 07:23:46,049 [Datanode State Machine Thread - 0] INFO  ratis.XceiverServerRatis (XceiverServerRatis.java:start(428)) - XceiverServerRatis 0b10a9fc-47eb-4a2b-b664-8273d9d17379 is started using port 45248
2019-10-18 07:23:46,065 [Datanode State Machine Thread - 0] INFO  server.XceiverServerGrpc (XceiverServerGrpc.java:start(149)) - XceiverServerGrpc 0b10a9fc-47eb-4a2b-b664-8273d9d17379 is started using port 37039
2019-10-18 07:23:47,010 [main] INFO  ozone.MiniOzoneClusterImpl (MiniOzoneClusterImpl.java:lambda$waitForClusterToBeReady$0(147)) - Waiting for cluster to be ready. Got 0 of 10 DN Heartbeats.
2019-10-18 07:23:47,245 [IPC Server handler 5 on 38390] INFO  net.NetworkTopology (NetworkTopologyImpl.java:add(111)) - Added a new node: /rack1/67270882-100a-4e75-928d-618d17e069c8
2019-10-18 07:23:47,248 [IPC Server handler 5 on 38390] INFO  node.SCMNodeManager (SCMNodeManager.java:register(268)) - Registered Data node : 67270882-100a-4e75-928d-618d17e069c8{ip: 192.168.34.25, host: pr-hdds-2318-jnjn8-2612408985, networkLocation: /rack1, certSerialId: null}
2019-10-18 07:23:47,248 [EventQueue-NodeRegistrationContainerReportForDataNodeSafeModeRule] INFO  safemode.SCMSafeModeManager (DataNodeSafeModeRule.java:process(71)) - SCM in safe mode. 1 DataNodes registered, 1 required.
2019-10-18 07:23:47,251 [EventQueue-NodeRegistrationContainerReportForDataNodeSafeModeRule] INFO  safemode.SCMSafeModeManager (SCMSafeModeManager.java:validateSafeModeExitRules(177)) - ScmSafeModeManager, all rules are successfully validated
2019-10-18 07:23:47,251 [EventQueue-NodeRegistrationContainerReportForDataNodeSafeModeRule] INFO  safemode.SCMSafeModeManager (SCMSafeModeManager.java:exitSafeMode(193)) - SCM exiting safe mode.
2019-10-18 07:23:47,277 [grpc-default-executor-4] INFO  impl.RaftServerProxy (RaftServerProxy.java:addNew(89)) - 67270882-100a-4e75-928d-618d17e069c8: addNew group-03BD9A491996:[67270882-100a-4e75-928d-618d17e069c8:192.168.34.25:36648] returns group-03BD9A491996:java.util.concurrent.CompletableFuture@71a9a557[Not completed]
2019-10-18 07:23:47,280 [pool-510-thread-1] INFO  impl.RaftServerImpl (RaftServerImpl.java:<init>(104)) - 67270882-100a-4e75-928d-618d17e069c8: new RaftServerImpl for group-03BD9A491996:[67270882-100a-4e75-928d-618d17e069c8:192.168.34.25:36648] with ContainerStateMachine:uninitialized
2019-10-18 07:23:47,280 [pool-510-thread-1] INFO  server.RaftServerConfigKeys (ConfUtils.java:logGet(43)) - raft.server.rpc.timeout.min = 1s (custom)
2019-10-18 07:23:47,280 [pool-510-thread-1] INFO  server.RaftServerConfigKeys (ConfUtils.java:logGet(43)) - raft.server.rpc.timeout.max = 1200ms (custom)
2019-10-18 07:23:47,280 [pool-510-thread-1] INFO  server.RaftServerConfigKeys (ConfUtils.java:logGet(43)) - raft.server.rpcslowness.timeout = 120s (custom)
2019-10-18 07:23:47,280 [pool-510-thread-1] INFO  server.RaftServerConfigKeys (ConfUtils.java:logGet(43)) - raft.server.sleep.deviation.threshold = 300 (default)
2019-10-18 07:23:47,280 [pool-510-thread-1] INFO  server.RaftServerConfigKeys (ConfUtils.java:logGet(43)) - raft.server.log.appender.install.snapshot.enabled = false (custom)
2019-10-18 07:23:47,281 [pool-510-thread-1] INFO  impl.RaftServerImpl (ServerState.java:<init>(103)) - 67270882-100a-4e75-928d-618d17e069c8@group-03BD9A491996: ConfigurationManager, init=-1: [67270882-100a-4e75-928d-618d17e069c8:192.168.34.25:36648], old=null, confs=<EMPTY_MAP>
2019-10-18 07:23:47,281 [pool-510-thread-1] INFO  server.RaftServerConfigKeys (ConfUtils.java:logGet(43)) - raft.server.storage.dir = [/workdir/hadoop-ozone/integration-test/target/test-dir/MiniOzoneClusterImpl-f216ddbe-e8b4-4355-85c5-09cf054ba290/datanode-0/data/ratis] (custom)
2019-10-18 07:23:47,281 [pool-510-thread-1] INFO  server.RaftServerConfigKeys (ConfUtils.java:logGet(43)) - raft.server.log.corruption.policy = EXCEPTION (default)
2019-10-18 07:23:47,281 [pool-510-thread-1] INFO  storage.RaftStorageDirectory (RaftStorageDirectory.java:analyzeStorage(246)) - The storage directory /workdir/hadoop-ozone/integration-test/target/test-dir/MiniOzoneClusterImpl-f216ddbe-e8b4-4355-85c5-09cf054ba290/datanode-0/data/ratis/8e4e5cb2-2532-4280-b419-03bd9a491996 does not exist. Creating ...
2019-10-18 07:23:47,315 [IPC Server handler 11 on 38390] INFO  net.NetworkTopology (NetworkTopologyImpl.java:add(111)) - Added a new node: /rack1/12ad0800-05cb-443c-9fdd-fa1debf04523
2019-10-18 07:23:47,315 [IPC Server handler 11 on 38390] INFO  node.SCMNodeManager (SCMNodeManager.java:register(268)) - Registered Data node : 12ad0800-05cb-443c-9fdd-fa1debf04523{ip: 192.168.34.25, host: pr-hdds-2318-jnjn8-2612408985, networkLocation: /rack1, certSerialId: null}
2019-10-18 07:23:47,316 [pool-510-thread-1] INFO  storage.RaftStorageDirectory (RaftStorageDirectory.java:tryLock(328)) - Lock on /workdir/hadoop-ozone/integration-test/target/test-dir/MiniOzoneClusterImpl-f216ddbe-e8b4-4355-85c5-09cf054ba290/datanode-0/data/ratis/8e4e5cb2-2532-4280-b419-03bd9a491996/in_use.lock acquired by nodename 21255@pr-hdds-2318-jnjn8-2612408985
2019-10-18 07:23:47,341 [pool-510-thread-1] INFO  storage.RaftStorage (RaftStorage.java:format(84)) - Storage directory /workdir/hadoop-ozone/integration-test/target/test-dir/MiniOzoneClusterImpl-f216ddbe-e8b4-4355-85c5-09cf054ba290/datanode-0/data/ratis/8e4e5cb2-2532-4280-b419-03bd9a491996 has been successfully formatted.
2019-10-18 07:23:47,341 [pool-510-thread-1] INFO  ratis.ContainerStateMachine (ContainerStateMachine.java:loadSnapshot(231)) - group-03BD9A491996: The snapshot info is null. Setting the last applied indexto:(t:0, i:~)
2019-10-18 07:23:47,341 [pool-510-thread-1] INFO  server.RaftServerConfigKeys (ConfUtils.java:logGet(43)) - raft.server.notification.no-leader.timeout = 120s (custom)
2019-10-18 07:23:47,342 [pool-510-thread-1] INFO  server.RaftServerConfigKeys (ConfUtils.java:logGet(43)) - raft.server.log.use.memory = false (default)
2019-10-18 07:23:47,342 [pool-510-thread-1] INFO  server.RaftServerConfigKeys (ConfUtils.java:logGet(43)) - raft.server.log.purge.gap = 1000000 (custom)
2019-10-18 07:23:47,342 [pool-510-thread-1] INFO  server.RaftServerConfigKeys (ConfUtils.java:logGet(43)) - raft.server.log.appender.buffer.byte-limit = 33554432 (custom)
2019-10-18 07:23:47,342 [pool-510-thread-1] INFO  server.RaftServerConfigKeys (ConfUtils.java:logGet(43)) - raft.server.log.segment.size.max = 1048576 (custom)
2019-10-18 07:23:47,344 [pool-510-thread-1] INFO  server.RaftServerConfigKeys (ConfUtils.java:logGet(43)) - raft.server.log.segment.cache.num.max = 2 (custom)
2019-10-18 07:23:47,344 [pool-510-thread-1] INFO  segmented.SegmentedRaftLogWorker (SegmentedRaftLogWorker.java:<init>(173)) - new 67270882-100a-4e75-928d-618d17e069c8@group-03BD9A491996-SegmentedRaftLogWorker for RaftStorage:Storage Directory /workdir/hadoop-ozone/integration-test/target/test-dir/MiniOzoneClusterImpl-f216ddbe-e8b4-4355-85c5-09cf054ba290/datanode-0/data/ratis/8e4e5cb2-2532-4280-b419-03bd9a491996
2019-10-18 07:23:47,344 [pool-510-thread-1] INFO  server.RaftServerConfigKeys (ConfUtils.java:logGet(43)) - raft.server.log.queue.byte-limit = 2147483647 (custom)
2019-10-18 07:23:47,344 [pool-510-thread-1] INFO  server.RaftServerConfigKeys (ConfUtils.java:logGet(43)) - raft.server.log.queue.element-limit = 1024 (custom)
2019-10-18 07:23:47,344 [pool-510-thread-1] INFO  server.RaftServerConfigKeys (ConfUtils.java:logGet(43)) - raft.server.log.segment.size.max = 1048576 (custom)
2019-10-18 07:23:47,344 [pool-510-thread-1] INFO  server.RaftServerConfigKeys (ConfUtils.java:logGet(43)) - raft.server.log.preallocated.size = 16384 (custom)
2019-10-18 07:23:47,344 [pool-510-thread-1] INFO  server.RaftServerConfigKeys (ConfUtils.java:logGet(43)) - raft.server.log.write.buffer.size = 33554432 (custom)
2019-10-18 07:23:47,344 [pool-510-thread-1] INFO  server.RaftServerConfigKeys (ConfUtils.java:logGet(43)) - raft.server.log.force.sync.num = 128 (default)
2019-10-18 07:23:47,344 [pool-510-thread-1] INFO  server.RaftServerConfigKeys (ConfUtils.java:logGet(43)) - raft.server.log.statemachine.data.sync = true (default)
2019-10-18 07:23:47,344 [pool-510-thread-1] INFO  server.RaftServerConfigKeys (ConfUtils.java:logGet(43)) - raft.server.log.statemachine.data.sync.timeout = 10s (default)
2019-10-18 07:23:47,344 [pool-510-thread-1] INFO  server.RaftServerConfigKeys (ConfUtils.java:logGet(43)) - raft.server.log.statemachine.data.sync.timeout.retry = -1 (default)
2019-10-18 07:23:47,345 [pool-510-thread-1] INFO  server.RaftServerConfigKeys (ConfUtils.java:logGet(43)) - raft.server.log.statemachine.data.caching.enabled = true (custom)
2019-10-18 07:23:47,345 [pool-510-thread-1] INFO  segmented.SegmentedRaftLogWorker (SegmentedRaftLogWorker.java:lambda$new$0(128)) - 67270882-100a-4e75-928d-618d17e069c8@group-03BD9A491996-SegmentedRaftLogWorker: flushIndex: setUnconditionally 0 -> -1
2019-10-18 07:23:47,345 [pool-510-thread-1] INFO  server.RaftServerConfigKeys (ConfUtils.java:logGet(43)) - raft.server.snapshot.auto.trigger.enabled = true (custom)
2019-10-18 07:23:47,346 [pool-510-thread-1] INFO  server.RaftServerConfigKeys (ConfUtils.java:logGet(43)) - raft.server.snapshot.auto.trigger.threshold = 10000 (custom)
2019-10-18 07:23:47,346 [pool-510-thread-1] INFO  server.RaftServerConfigKeys (ConfUtils.java:logGet(43)) - raft.server.snapshot.retention.file.num = 5 (custom)
2019-10-18 07:23:47,346 [pool-510-thread-1] INFO  server.RaftServerConfigKeys (ConfUtils.java:logGet(43)) - raft.server.retrycache.expirytime = 600000ms (custom)
2019-10-18 07:23:47,348 [pool-510-thread-1] INFO  impl.RaftServerImpl (RaftServerImpl.java:start(195)) - 67270882-100a-4e75-928d-618d17e069c8@group-03BD9A491996: start as a follower, conf=-1: [67270882-100a-4e75-928d-618d17e069c8:192.168.34.25:36648], old=null
2019-10-18 07:23:47,348 [pool-510-thread-1] INFO  impl.RaftServerImpl (RaftServerImpl.java:setRole(184)) - 67270882-100a-4e75-928d-618d17e069c8@group-03BD9A491996: changes role from      null to FOLLOWER at term 0 for startAsFollower
2019-10-18 07:23:47,348 [pool-510-thread-1] INFO  impl.RoleInfo (RoleInfo.java:updateAndGet(143)) - 67270882-100a-4e75-928d-618d17e069c8: start FollowerState
2019-10-18 07:23:47,348 [pool-510-thread-1] INFO  util.JmxRegister (JmxRegister.java:tryRegister(44)) - Successfully registered JMX Bean with object name Ratis:service=RaftServer,group=group-03BD9A491996,id=67270882-100a-4e75-928d-618d17e069c8
2019-10-18 07:23:47,352 [RatisPipelineUtilsThread] INFO  pipeline.PipelineStateManager (PipelineStateManager.java:addPipeline(56)) - Created pipeline Pipeline[ Id: 8e4e5cb2-2532-4280-b419-03bd9a491996, Nodes: 67270882-100a-4e75-928d-618d17e069c8{ip: 192.168.34.25, host: pr-hdds-2318-jnjn8-2612408985, networkLocation: /rack1, certSerialId: null}, Type:RATIS, Factor:ONE, State:OPEN]
2019-10-18 07:23:47,361 [grpc-default-executor-4] INFO  impl.RaftServerProxy (RaftServerProxy.java:addNew(89)) - 12ad0800-05cb-443c-9fdd-fa1debf04523: addNew group-69C9C2E15A3F:[12ad0800-05cb-443c-9fdd-fa1debf04523:192.168.34.25:41155] returns group-69C9C2E15A3F:java.util.concurrent.CompletableFuture@1c0add2f[Not completed]
2019-10-18 07:23:47,362 [pool-520-thread-1] INFO  impl.RaftServerImpl (RaftServerImpl.java:<init>(104)) - 12ad0800-05cb-443c-9fdd-fa1debf04523: new RaftServerImpl for group-69C9C2E15A3F:[12ad0800-05cb-443c-9fdd-fa1debf04523:192.168.34.25:41155] with ContainerStateMachine:uninitialized
2019-10-18 07:23:47,362 [pool-520-thread-1] INFO  server.RaftServerConfigKeys (ConfUtils.java:logGet(43)) - raft.server.rpc.timeout.min = 1s (custom)
2019-10-18 07:23:47,362 [pool-520-thread-1] INFO  server.RaftServerConfigKeys (ConfUtils.java:logGet(43)) - raft.server.rpc.timeout.max = 1200ms (custom)
2019-10-18 07:23:47,362 [pool-520-thread-1] INFO  server.RaftServerConfigKeys (ConfUtils.java:logGet(43)) - raft.server.rpcslowness.timeout = 120s (custom)
2019-10-18 07:23:47,362 [pool-520-thread-1] INFO  server.RaftServerConfigKeys (ConfUtils.java:logGet(43)) - raft.server.sleep.deviation.threshold = 300 (default)
2019-10-18 07:23:47,362 [pool-520-thread-1] INFO  server.RaftServerConfigKeys (ConfUtils.java:logGet(43)) - raft.server.log.appender.install.snapshot.enabled = false (custom)
2019-10-18 07:23:47,363 [pool-520-thread-1] INFO  impl.RaftServerImpl (ServerState.java:<init>(103)) - 12ad0800-05cb-443c-9fdd-fa1debf04523@group-69C9C2E15A3F: ConfigurationManager, init=-1: [12ad0800-05cb-443c-9fdd-fa1debf04523:192.168.34.25:41155], old=null, confs=<EMPTY_MAP>
2019-10-18 07:23:47,363 [pool-520-thread-1] INFO  server.RaftServerConfigKeys (ConfUtils.java:logGet(43)) - raft.server.storage.dir = [/workdir/hadoop-ozone/integration-test/target/test-dir/MiniOzoneClusterImpl-f216ddbe-e8b4-4355-85c5-09cf054ba290/datanode-1/data/ratis] (custom)
2019-10-18 07:23:47,363 [pool-520-thread-1] INFO  server.RaftServerConfigKeys (ConfUtils.java:logGet(43)) - raft.server.log.corruption.policy = EXCEPTION (default)
2019-10-18 07:23:47,363 [pool-520-thread-1] INFO  storage.RaftStorageDirectory (RaftStorageDirectory.java:analyzeStorage(246)) - The storage directory /workdir/hadoop-ozone/integration-test/target/test-dir/MiniOzoneClusterImpl-f216ddbe-e8b4-4355-85c5-09cf054ba290/datanode-1/data/ratis/cdb8029d-4d22-48b3-9355-69c9c2e15a3f does not exist. Creating ...
2019-10-18 07:23:47,387 [pool-520-thread-1] INFO  storage.RaftStorageDirectory (RaftStorageDirectory.java:tryLock(328)) - Lock on /workdir/hadoop-ozone/integration-test/target/test-dir/MiniOzoneClusterImpl-f216ddbe-e8b4-4355-85c5-09cf054ba290/datanode-1/data/ratis/cdb8029d-4d22-48b3-9355-69c9c2e15a3f/in_use.lock acquired by nodename 21255@pr-hdds-2318-jnjn8-2612408985
2019-10-18 07:23:47,397 [IPC Server handler 0 on 38390] INFO  net.NetworkTopology (NetworkTopologyImpl.java:add(111)) - Added a new node: /rack1/4dea926d-4bc6-487a-9b9b-9fd457d0fae4
2019-10-18 07:23:47,397 [IPC Server handler 0 on 38390] INFO  node.SCMNodeManager (SCMNodeManager.java:register(268)) - Registered Data node : 4dea926d-4bc6-487a-9b9b-9fd457d0fae4{ip: 192.168.34.25, host: pr-hdds-2318-jnjn8-2612408985, networkLocation: /rack1, certSerialId: null}
2019-10-18 07:23:47,410 [pool-520-thread-1] INFO  storage.RaftStorage (RaftStorage.java:format(84)) - Storage directory /workdir/hadoop-ozone/integration-test/target/test-dir/MiniOzoneClusterImpl-f216ddbe-e8b4-4355-85c5-09cf054ba290/datanode-1/data/ratis/cdb8029d-4d22-48b3-9355-69c9c2e15a3f has been successfully formatted.
2019-10-18 07:23:47,410 [pool-520-thread-1] INFO  ratis.ContainerStateMachine (ContainerStateMachine.java:loadSnapshot(231)) - group-69C9C2E15A3F: The snapshot info is null. Setting the last applied indexto:(t:0, i:~)
2019-10-18 07:23:47,410 [pool-520-thread-1] INFO  server.RaftServerConfigKeys (ConfUtils.java:logGet(43)) - raft.server.notification.no-leader.timeout = 120s (custom)
2019-10-18 07:23:47,410 [pool-520-thread-1] INFO  server.RaftServerConfigKeys (ConfUtils.java:logGet(43)) - raft.server.log.use.memory = false (default)
2019-10-18 07:23:47,411 [pool-520-thread-1] INFO  server.RaftServerConfigKeys (ConfUtils.java:logGet(43)) - raft.server.log.purge.gap = 1000000 (custom)
2019-10-18 07:23:47,411 [pool-520-thread-1] INFO  server.RaftServerConfigKeys (ConfUtils.java:logGet(43)) - raft.server.log.appender.buffer.byte-limit = 33554432 (custom)
2019-10-18 07:23:47,411 [pool-520-thread-1] INFO  server.RaftServerConfigKeys (ConfUtils.java:logGet(43)) - raft.server.log.segment.size.max = 1048576 (custom)
2019-10-18 07:23:47,413 [pool-520-thread-1] INFO  server.RaftServerConfigKeys (ConfUtils.java:logGet(43)) - raft.server.log.segment.cache.num.max = 2 (custom)
2019-10-18 07:23:47,413 [pool-520-thread-1] INFO  segmented.SegmentedRaftLogWorker (SegmentedRaftLogWorker.java:<init>(173)) - new 12ad0800-05cb-443c-9fdd-fa1debf04523@group-69C9C2E15A3F-SegmentedRaftLogWorker for RaftStorage:Storage Directory /workdir/hadoop-ozone/integration-test/target/test-dir/MiniOzoneClusterImpl-f216ddbe-e8b4-4355-85c5-09cf054ba290/datanode-1/data/ratis/cdb8029d-4d22-48b3-9355-69c9c2e15a3f
2019-10-18 07:23:47,413 [pool-520-thread-1] INFO  server.RaftServerConfigKeys (ConfUtils.java:logGet(43)) - raft.server.log.queue.byte-limit = 2147483647 (custom)
2019-10-18 07:23:47,413 [pool-520-thread-1] INFO  server.RaftServerConfigKeys (ConfUtils.java:logGet(43)) - raft.server.log.queue.element-limit = 1024 (custom)
2019-10-18 07:23:47,413 [pool-520-thread-1] INFO  server.RaftServerConfigKeys (ConfUtils.java:logGet(43)) - raft.server.log.segment.size.max = 1048576 (custom)
2019-10-18 07:23:47,413 [pool-520-thread-1] INFO  server.RaftServerConfigKeys (ConfUtils.java:logGet(43)) - raft.server.log.preallocated.size = 16384 (custom)
2019-10-18 07:23:47,413 [pool-520-thread-1] INFO  server.RaftServerConfigKeys (ConfUtils.java:logGet(43)) - raft.server.log.write.buffer.size = 33554432 (custom)
2019-10-18 07:23:47,414 [pool-520-thread-1] INFO  server.RaftServerConfigKeys (ConfUtils.java:logGet(43)) - raft.server.log.force.sync.num = 128 (default)
2019-10-18 07:23:47,414 [pool-520-thread-1] INFO  server.RaftServerConfigKeys (ConfUtils.java:logGet(43)) - raft.server.log.statemachine.data.sync = true (default)
2019-10-18 07:23:47,414 [pool-520-thread-1] INFO  server.RaftServerConfigKeys (ConfUtils.java:logGet(43)) - raft.server.log.statemachine.data.sync.timeout = 10s (default)
2019-10-18 07:23:47,414 [pool-520-thread-1] INFO  server.RaftServerConfigKeys (ConfUtils.java:logGet(43)) - raft.server.log.statemachine.data.sync.timeout.retry = -1 (default)
2019-10-18 07:23:47,414 [pool-520-thread-1] INFO  server.RaftServerConfigKeys (ConfUtils.java:logGet(43)) - raft.server.log.statemachine.data.caching.enabled = true (custom)
2019-10-18 07:23:47,415 [pool-520-thread-1] INFO  segmented.SegmentedRaftLogWorker (SegmentedRaftLogWorker.java:lambda$new$0(128)) - 12ad0800-05cb-443c-9fdd-fa1debf04523@group-69C9C2E15A3F-SegmentedRaftLogWorker: flushIndex: setUnconditionally 0 -> -1
2019-10-18 07:23:47,415 [pool-520-thread-1] INFO  server.RaftServerConfigKeys (ConfUtils.java:logGet(43)) - raft.server.snapshot.auto.trigger.enabled = true (custom)
2019-10-18 07:23:47,415 [pool-520-thread-1] INFO  server.RaftServerConfigKeys (ConfUtils.java:logGet(43)) - raft.server.snapshot.auto.trigger.threshold = 10000 (custom)
2019-10-18 07:23:47,415 [pool-520-thread-1] INFO  server.RaftServerConfigKeys (ConfUtils.java:logGet(43)) - raft.server.snapshot.retention.file.num = 5 (custom)
2019-10-18 07:23:47,415 [pool-520-thread-1] INFO  server.RaftServerConfigKeys (ConfUtils.java:logGet(43)) - raft.server.retrycache.expirytime = 600000ms (custom)
2019-10-18 07:23:47,417 [Thread-8662] INFO  impl.FollowerState (FollowerState.java:run(108)) - 67270882-100a-4e75-928d-618d17e069c8@group-03BD9A491996-FollowerState: change to CANDIDATE, lastRpcTime:69ms, electionTimeout:69ms
2019-10-18 07:23:47,417 [Thread-8662] INFO  impl.RoleInfo (RoleInfo.java:shutdownFollowerState(121)) - 67270882-100a-4e75-928d-618d17e069c8: shutdown FollowerState
2019-10-18 07:23:47,417 [Thread-8662] INFO  impl.RaftServerImpl (RaftServerImpl.java:setRole(184)) - 67270882-100a-4e75-928d-618d17e069c8@group-03BD9A491996: changes role from  FOLLOWER to CANDIDATE at term 0 for changeToCandidate
2019-10-18 07:23:47,418 [Thread-8662] INFO  impl.RoleInfo (RoleInfo.java:updateAndGet(143)) - 67270882-100a-4e75-928d-618d17e069c8: start LeaderElection
2019-10-18 07:23:47,423 [pool-520-thread-1] INFO  impl.RaftServerImpl (RaftServerImpl.java:start(195)) - 12ad0800-05cb-443c-9fdd-fa1debf04523@group-69C9C2E15A3F: start as a follower, conf=-1: [12ad0800-05cb-443c-9fdd-fa1debf04523:192.168.34.25:41155], old=null
2019-10-18 07:23:47,423 [pool-520-thread-1] INFO  impl.RaftServerImpl (RaftServerImpl.java:setRole(184)) - 12ad0800-05cb-443c-9fdd-fa1debf04523@group-69C9C2E15A3F: changes role from      null to FOLLOWER at term 0 for startAsFollower
2019-10-18 07:23:47,423 [pool-520-thread-1] INFO  impl.RoleInfo (RoleInfo.java:updateAndGet(143)) - 12ad0800-05cb-443c-9fdd-fa1debf04523: start FollowerState
2019-10-18 07:23:47,423 [pool-520-thread-1] INFO  util.JmxRegister (JmxRegister.java:tryRegister(44)) - Successfully registered JMX Bean with object name Ratis:service=RaftServer,group=group-69C9C2E15A3F,id=12ad0800-05cb-443c-9fdd-fa1debf04523
2019-10-18 07:23:47,427 [RatisPipelineUtilsThread] INFO  pipeline.PipelineStateManager (PipelineStateManager.java:addPipeline(56)) - Created pipeline Pipeline[ Id: cdb8029d-4d22-48b3-9355-69c9c2e15a3f, Nodes: 12ad0800-05cb-443c-9fdd-fa1debf04523{ip: 192.168.34.25, host: pr-hdds-2318-jnjn8-2612408985, networkLocation: /rack1, certSerialId: null}, Type:RATIS, Factor:ONE, State:OPEN]
2019-10-18 07:23:47,435 [grpc-default-executor-4] INFO  impl.RaftServerProxy (RaftServerProxy.java:addNew(89)) - 4dea926d-4bc6-487a-9b9b-9fd457d0fae4: addNew group-02F4CA199AFA:[4dea926d-4bc6-487a-9b9b-9fd457d0fae4:192.168.34.25:41624] returns group-02F4CA199AFA:java.util.concurrent.CompletableFuture@615de04[Not completed]
2019-10-18 07:23:47,437 [pool-530-thread-1] INFO  impl.RaftServerImpl (RaftServerImpl.java:<init>(104)) - 4dea926d-4bc6-487a-9b9b-9fd457d0fae4: new RaftServerImpl for group-02F4CA199AFA:[4dea926d-4bc6-487a-9b9b-9fd457d0fae4:192.168.34.25:41624] with ContainerStateMachine:uninitialized
2019-10-18 07:23:47,437 [pool-530-thread-1] INFO  server.RaftServerConfigKeys (ConfUtils.java:logGet(43)) - raft.server.rpc.timeout.min = 1s (custom)
2019-10-18 07:23:47,437 [pool-530-thread-1] INFO  server.RaftServerConfigKeys (ConfUtils.java:logGet(43)) - raft.server.rpc.timeout.max = 1200ms (custom)
2019-10-18 07:23:47,437 [pool-530-thread-1] INFO  server.RaftServerConfigKeys (ConfUtils.java:logGet(43)) - raft.server.rpcslowness.timeout = 120s (custom)
2019-10-18 07:23:47,437 [pool-530-thread-1] INFO  server.RaftServerConfigKeys (ConfUtils.java:logGet(43)) - raft.server.sleep.deviation.threshold = 300 (default)
2019-10-18 07:23:47,437 [pool-530-thread-1] INFO  server.RaftServerConfigKeys (ConfUtils.java:logGet(43)) - raft.server.log.appender.install.snapshot.enabled = false (custom)
2019-10-18 07:23:47,437 [pool-530-thread-1] INFO  impl.RaftServerImpl (ServerState.java:<init>(103)) - 4dea926d-4bc6-487a-9b9b-9fd457d0fae4@group-02F4CA199AFA: ConfigurationManager, init=-1: [4dea926d-4bc6-487a-9b9b-9fd457d0fae4:192.168.34.25:41624], old=null, confs=<EMPTY_MAP>
2019-10-18 07:23:47,438 [pool-530-thread-1] INFO  server.RaftServerConfigKeys (ConfUtils.java:logGet(43)) - raft.server.storage.dir = [/workdir/hadoop-ozone/integration-test/target/test-dir/MiniOzoneClusterImpl-f216ddbe-e8b4-4355-85c5-09cf054ba290/datanode-2/data/ratis] (custom)
2019-10-18 07:23:47,438 [pool-530-thread-1] INFO  server.RaftServerConfigKeys (ConfUtils.java:logGet(43)) - raft.server.log.corruption.policy = EXCEPTION (default)
2019-10-18 07:23:47,438 [pool-530-thread-1] INFO  storage.RaftStorageDirectory (RaftStorageDirectory.java:analyzeStorage(246)) - The storage directory /workdir/hadoop-ozone/integration-test/target/test-dir/MiniOzoneClusterImpl-f216ddbe-e8b4-4355-85c5-09cf054ba290/datanode-2/data/ratis/413d0bb4-3074-49b6-9564-02f4ca199afa does not exist. Creating ...
2019-10-18 07:23:47,445 [67270882-100a-4e75-928d-618d17e069c8@group-03BD9A491996-LeaderElection938] INFO  impl.LeaderElection (LeaderElection.java:askForVotes(178)) - 67270882-100a-4e75-928d-618d17e069c8@group-03BD9A491996-LeaderElection938: begin an election at term 1 for -1: [67270882-100a-4e75-928d-618d17e069c8:192.168.34.25:36648], old=null
2019-10-18 07:23:47,445 [67270882-100a-4e75-928d-618d17e069c8@group-03BD9A491996-LeaderElection938] INFO  impl.RoleInfo (RoleInfo.java:shutdownLeaderElection(134)) - 67270882-100a-4e75-928d-618d17e069c8: shutdown LeaderElection
2019-10-18 07:23:47,445 [67270882-100a-4e75-928d-618d17e069c8@group-03BD9A491996-LeaderElection938] INFO  impl.RaftServerImpl (RaftServerImpl.java:setRole(184)) - 67270882-100a-4e75-928d-618d17e069c8@group-03BD9A491996: changes role from CANDIDATE to LEADER at term 1 for changeToLeader
2019-10-18 07:23:47,445 [67270882-100a-4e75-928d-618d17e069c8@group-03BD9A491996-LeaderElection938] INFO  impl.RaftServerImpl (ServerState.java:setLeader(256)) - 67270882-100a-4e75-928d-618d17e069c8@group-03BD9A491996: change Leader from null to 67270882-100a-4e75-928d-618d17e069c8 at term 1 for becomeLeader, leader elected after 103ms
2019-10-18 07:23:47,445 [67270882-100a-4e75-928d-618d17e069c8@group-03BD9A491996-LeaderElection938] INFO  server.RaftServerConfigKeys (ConfUtils.java:logGet(43)) - raft.server.staging.catchup.gap = 1000 (default)
2019-10-18 07:23:47,445 [67270882-100a-4e75-928d-618d17e069c8@group-03BD9A491996-LeaderElection938] INFO  server.RaftServerConfigKeys (ConfUtils.java:logGet(43)) - raft.server.rpc.sleep.time = 25ms (default)
2019-10-18 07:23:47,446 [67270882-100a-4e75-928d-618d17e069c8@group-03BD9A491996-LeaderElection938] INFO  server.RaftServerConfigKeys (ConfUtils.java:logGet(43)) - raft.server.write.element-limit = 4096 (default)
2019-10-18 07:23:47,446 [67270882-100a-4e75-928d-618d17e069c8@group-03BD9A491996-LeaderElection938] INFO  server.RaftServerConfigKeys (ConfUtils.java:logGet(43)) - raft.server.watch.timeout = 10s (default)
2019-10-18 07:23:47,446 [67270882-100a-4e75-928d-618d17e069c8@group-03BD9A491996-LeaderElection938] INFO  server.RaftServerConfigKeys (ConfUtils.java:logGet(43)) - raft.server.watch.timeout.denomination = 1s (default)
2019-10-18 07:23:47,446 [67270882-100a-4e75-928d-618d17e069c8@group-03BD9A491996-LeaderElection938] INFO  server.RaftServerConfigKeys (ConfUtils.java:logGet(43)) - raft.server.watch.element-limit = 65536 (default)
2019-10-18 07:23:47,448 [67270882-100a-4e75-928d-618d17e069c8@group-03BD9A491996-LeaderElection938] INFO  impl.RoleInfo (RoleInfo.java:updateAndGet(143)) - 67270882-100a-4e75-928d-618d17e069c8: start LeaderState
2019-10-18 07:23:47,449 [67270882-100a-4e75-928d-618d17e069c8@group-03BD9A491996-LeaderElection938] INFO  segmented.SegmentedRaftLogWorker (SegmentedRaftLogWorker.java:startLogSegment(385)) - 67270882-100a-4e75-928d-618d17e069c8@group-03BD9A491996-SegmentedRaftLogWorker: Starting segment from index:0
2019-10-18 07:23:47,449 [67270882-100a-4e75-928d-618d17e069c8@group-03BD9A491996-LeaderElection938] INFO  impl.RaftServerImpl (ServerState.java:setRaftConf(357)) - 67270882-100a-4e75-928d-618d17e069c8@group-03BD9A491996: set configuration 0: [67270882-100a-4e75-928d-618d17e069c8:192.168.34.25:36648], old=null at 0
2019-10-18 07:23:47,467 [pool-530-thread-1] INFO  storage.RaftStorageDirectory (RaftStorageDirectory.java:tryLock(328)) - Lock on /workdir/hadoop-ozone/integration-test/target/test-dir/MiniOzoneClusterImpl-f216ddbe-e8b4-4355-85c5-09cf054ba290/datanode-2/data/ratis/413d0bb4-3074-49b6-9564-02f4ca199afa/in_use.lock acquired by nodename 21255@pr-hdds-2318-jnjn8-2612408985
2019-10-18 07:23:47,479 [IPC Server handler 1 on 38390] INFO  net.NetworkTopology (NetworkTopologyImpl.java:add(111)) - Added a new node: /rack1/6633f50a-7046-4b08-9937-8e25f1b14b15
2019-10-18 07:23:47,479 [IPC Server handler 1 on 38390] INFO  node.SCMNodeManager (SCMNodeManager.java:register(268)) - Registered Data node : 6633f50a-7046-4b08-9937-8e25f1b14b15{ip: 192.168.34.25, host: pr-hdds-2318-jnjn8-2612408985, networkLocation: /rack1, certSerialId: null}
2019-10-18 07:23:47,490 [pool-530-thread-1] INFO  storage.RaftStorage (RaftStorage.java:format(84)) - Storage directory /workdir/hadoop-ozone/integration-test/target/test-dir/MiniOzoneClusterImpl-f216ddbe-e8b4-4355-85c5-09cf054ba290/datanode-2/data/ratis/413d0bb4-3074-49b6-9564-02f4ca199afa has been successfully formatted.
2019-10-18 07:23:47,490 [pool-530-thread-1] INFO  ratis.ContainerStateMachine (ContainerStateMachine.java:loadSnapshot(231)) - group-02F4CA199AFA: The snapshot info is null. Setting the last applied indexto:(t:0, i:~)
2019-10-18 07:23:47,491 [pool-530-thread-1] INFO  server.RaftServerConfigKeys (ConfUtils.java:logGet(43)) - raft.server.notification.no-leader.timeout = 120s (custom)
2019-10-18 07:23:47,491 [pool-530-thread-1] INFO  server.RaftServerConfigKeys (ConfUtils.java:logGet(43)) - raft.server.log.use.memory = false (default)
2019-10-18 07:23:47,491 [pool-530-thread-1] INFO  server.RaftServerConfigKeys (ConfUtils.java:logGet(43)) - raft.server.log.purge.gap = 1000000 (custom)
2019-10-18 07:23:47,491 [pool-530-thread-1] INFO  server.RaftServerConfigKeys (ConfUtils.java:logGet(43)) - raft.server.log.appender.buffer.byte-limit = 33554432 (custom)
2019-10-18 07:23:47,491 [pool-530-thread-1] INFO  server.RaftServerConfigKeys (ConfUtils.java:logGet(43)) - raft.server.log.segment.size.max = 1048576 (custom)
2019-10-18 07:23:47,492 [pool-530-thread-1] INFO  server.RaftServerConfigKeys (ConfUtils.java:logGet(43)) - raft.server.log.segment.cache.num.max = 2 (custom)
2019-10-18 07:23:47,492 [pool-530-thread-1] INFO  segmented.SegmentedRaftLogWorker (SegmentedRaftLogWorker.java:<init>(173)) - new 4dea926d-4bc6-487a-9b9b-9fd457d0fae4@group-02F4CA199AFA-SegmentedRaftLogWorker for RaftStorage:Storage Directory /workdir/hadoop-ozone/integration-test/target/test-dir/MiniOzoneClusterImpl-f216ddbe-e8b4-4355-85c5-09cf054ba290/datanode-2/data/ratis/413d0bb4-3074-49b6-9564-02f4ca199afa
2019-10-18 07:23:47,493 [pool-530-thread-1] INFO  server.RaftServerConfigKeys (ConfUtils.java:logGet(43)) - raft.server.log.queue.byte-limit = 2147483647 (custom)
2019-10-18 07:23:47,493 [pool-530-thread-1] INFO  server.RaftServerConfigKeys (ConfUtils.java:logGet(43)) - raft.server.log.queue.element-limit = 1024 (custom)
2019-10-18 07:23:47,493 [pool-530-thread-1] INFO  server.RaftServerConfigKeys (ConfUtils.java:logGet(43)) - raft.server.log.segment.size.max = 1048576 (custom)
2019-10-18 07:23:47,493 [pool-530-thread-1] INFO  server.RaftServerConfigKeys (ConfUtils.java:logGet(43)) - raft.server.log.preallocated.size = 16384 (custom)
2019-10-18 07:23:47,493 [pool-530-thread-1] INFO  server.RaftServerConfigKeys (ConfUtils.java:logGet(43)) - raft.server.log.write.buffer.size = 33554432 (custom)
2019-10-18 07:23:47,493 [pool-530-thread-1] INFO  server.RaftServerConfigKeys (ConfUtils.java:logGet(43)) - raft.server.log.force.sync.num = 128 (default)
2019-10-18 07:23:47,493 [pool-530-thread-1] INFO  server.RaftServerConfigKeys (ConfUtils.java:logGet(43)) - raft.server.log.statemachine.data.sync = true (default)
2019-10-18 07:23:47,493 [pool-530-thread-1] INFO  server.RaftServerConfigKeys (ConfUtils.java:logGet(43)) - raft.server.log.statemachine.data.sync.timeout = 10s (default)
2019-10-18 07:23:47,493 [pool-530-thread-1] INFO  server.RaftServerConfigKeys (ConfUtils.java:logGet(43)) - raft.server.log.statemachine.data.sync.timeout.retry = -1 (default)
2019-10-18 07:23:47,493 [pool-530-thread-1] INFO  server.RaftServerConfigKeys (ConfUtils.java:logGet(43)) - raft.server.log.statemachine.data.caching.enabled = true (custom)
2019-10-18 07:23:47,494 [pool-530-thread-1] INFO  segmented.SegmentedRaftLogWorker (SegmentedRaftLogWorker.java:lambda$new$0(128)) - 4dea926d-4bc6-487a-9b9b-9fd457d0fae4@group-02F4CA199AFA-SegmentedRaftLogWorker: flushIndex: setUnconditionally 0 -> -1
2019-10-18 07:23:47,494 [pool-530-thread-1] INFO  server.RaftServerConfigKeys (ConfUtils.java:logGet(43)) - raft.server.snapshot.auto.trigger.enabled = true (custom)
2019-10-18 07:23:47,494 [pool-530-thread-1] INFO  server.RaftServerConfigKeys (ConfUtils.java:logGet(43)) - raft.server.snapshot.auto.trigger.threshold = 10000 (custom)
2019-10-18 07:23:47,494 [pool-530-thread-1] INFO  server.RaftServerConfigKeys (ConfUtils.java:logGet(43)) - raft.server.snapshot.retention.file.num = 5 (custom)
2019-10-18 07:23:47,494 [pool-530-thread-1] INFO  server.RaftServerConfigKeys (ConfUtils.java:logGet(43)) - raft.server.retrycache.expirytime = 600000ms (custom)
2019-10-18 07:23:47,496 [pool-530-thread-1] INFO  impl.RaftServerImpl (RaftServerImpl.java:start(195)) - 4dea926d-4bc6-487a-9b9b-9fd457d0fae4@group-02F4CA199AFA: start as a follower, conf=-1: [4dea926d-4bc6-487a-9b9b-9fd457d0fae4:192.168.34.25:41624], old=null
2019-10-18 07:23:47,496 [pool-530-thread-1] INFO  impl.RaftServerImpl (RaftServerImpl.java:setRole(184)) - 4dea926d-4bc6-487a-9b9b-9fd457d0fae4@group-02F4CA199AFA: changes role from      null to FOLLOWER at term 0 for startAsFollower
2019-10-18 07:23:47,496 [pool-530-thread-1] INFO  impl.RoleInfo (RoleInfo.java:updateAndGet(143)) - 4dea926d-4bc6-487a-9b9b-9fd457d0fae4: start FollowerState
2019-10-18 07:23:47,497 [pool-530-thread-1] INFO  util.JmxRegister (JmxRegister.java:tryRegister(44)) - Successfully registered JMX Bean with object name Ratis:service=RaftServer,group=group-02F4CA199AFA,id=4dea926d-4bc6-487a-9b9b-9fd457d0fae4
2019-10-18 07:23:47,499 [RatisPipelineUtilsThread] INFO  pipeline.PipelineStateManager (PipelineStateManager.java:addPipeline(56)) - Created pipeline Pipeline[ Id: 413d0bb4-3074-49b6-9564-02f4ca199afa, Nodes: 4dea926d-4bc6-487a-9b9b-9fd457d0fae4{ip: 192.168.34.25, host: pr-hdds-2318-jnjn8-2612408985, networkLocation: /rack1, certSerialId: null}, Type:RATIS, Factor:ONE, State:OPEN]
2019-10-18 07:23:47,508 [grpc-default-executor-4] INFO  impl.RaftServerProxy (RaftServerProxy.java:addNew(89)) - 6633f50a-7046-4b08-9937-8e25f1b14b15: addNew group-B04784ACDAAF:[6633f50a-7046-4b08-9937-8e25f1b14b15:192.168.34.25:39338] returns group-B04784ACDAAF:java.util.concurrent.CompletableFuture@1bd95b99[Not completed]
2019-10-18 07:23:47,509 [pool-540-thread-1] INFO  impl.RaftServerImpl (RaftServerImpl.java:<init>(104)) - 6633f50a-7046-4b08-9937-8e25f1b14b15: new RaftServerImpl for group-B04784ACDAAF:[6633f50a-7046-4b08-9937-8e25f1b14b15:192.168.34.25:39338] with ContainerStateMachine:uninitialized
2019-10-18 07:23:47,509 [pool-540-thread-1] INFO  server.RaftServerConfigKeys (ConfUtils.java:logGet(43)) - raft.server.rpc.timeout.min = 1s (custom)
2019-10-18 07:23:47,509 [pool-540-thread-1] INFO  server.RaftServerConfigKeys (ConfUtils.java:logGet(43)) - raft.server.rpc.timeout.max = 1200ms (custom)
2019-10-18 07:23:47,509 [pool-540-thread-1] INFO  server.RaftServerConfigKeys (ConfUtils.java:logGet(43)) - raft.server.rpcslowness.timeout = 120s (custom)
2019-10-18 07:23:47,509 [pool-540-thread-1] INFO  server.RaftServerConfigKeys (ConfUtils.java:logGet(43)) - raft.server.sleep.deviation.threshold = 300 (default)
2019-10-18 07:23:47,509 [pool-540-thread-1] INFO  server.RaftServerConfigKeys (ConfUtils.java:logGet(43)) - raft.server.log.appender.install.snapshot.enabled = false (custom)
2019-10-18 07:23:47,509 [pool-540-thread-1] INFO  impl.RaftServerImpl (ServerState.java:<init>(103)) - 6633f50a-7046-4b08-9937-8e25f1b14b15@group-B04784ACDAAF: ConfigurationManager, init=-1: [6633f50a-7046-4b08-9937-8e25f1b14b15:192.168.34.25:39338], old=null, confs=<EMPTY_MAP>
2019-10-18 07:23:47,509 [pool-540-thread-1] INFO  server.RaftServerConfigKeys (ConfUtils.java:logGet(43)) - raft.server.storage.dir = [/workdir/hadoop-ozone/integration-test/target/test-dir/MiniOzoneClusterImpl-f216ddbe-e8b4-4355-85c5-09cf054ba290/datanode-3/data/ratis] (custom)
2019-10-18 07:23:47,510 [pool-540-thread-1] INFO  server.RaftServerConfigKeys (ConfUtils.java:logGet(43)) - raft.server.log.corruption.policy = EXCEPTION (default)
2019-10-18 07:23:47,510 [pool-540-thread-1] INFO  storage.RaftStorageDirectory (RaftStorageDirectory.java:analyzeStorage(246)) - The storage directory /workdir/hadoop-ozone/integration-test/target/test-dir/MiniOzoneClusterImpl-f216ddbe-e8b4-4355-85c5-09cf054ba290/datanode-3/data/ratis/ebdc18ef-8d9d-47eb-a135-b04784acdaaf does not exist. Creating ...
2019-10-18 07:23:47,511 [67270882-100a-4e75-928d-618d17e069c8@group-03BD9A491996-SegmentedRaftLogWorker] INFO  segmented.SegmentedRaftLogWorker (SegmentedRaftLogWorker.java:execute(576)) - 67270882-100a-4e75-928d-618d17e069c8@group-03BD9A491996-SegmentedRaftLogWorker: created new log segment /workdir/hadoop-ozone/integration-test/target/test-dir/MiniOzoneClusterImpl-f216ddbe-e8b4-4355-85c5-09cf054ba290/datanode-0/data/ratis/8e4e5cb2-2532-4280-b419-03bd9a491996/current/log_inprogress_0
2019-10-18 07:23:47,534 [pool-540-thread-1] INFO  storage.RaftStorageDirectory (RaftStorageDirectory.java:tryLock(328)) - Lock on /workdir/hadoop-ozone/integration-test/target/test-dir/MiniOzoneClusterImpl-f216ddbe-e8b4-4355-85c5-09cf054ba290/datanode-3/data/ratis/ebdc18ef-8d9d-47eb-a135-b04784acdaaf/in_use.lock acquired by nodename 21255@pr-hdds-2318-jnjn8-2612408985
2019-10-18 07:23:47,539 [Thread-8670] INFO  impl.FollowerState (FollowerState.java:run(108)) - 4dea926d-4bc6-487a-9b9b-9fd457d0fae4@group-02F4CA199AFA-FollowerState: change to CANDIDATE, lastRpcTime:42ms, electionTimeout:42ms
2019-10-18 07:23:47,539 [Thread-8670] INFO  impl.RoleInfo (RoleInfo.java:shutdownFollowerState(121)) - 4dea926d-4bc6-487a-9b9b-9fd457d0fae4: shutdown FollowerState
2019-10-18 07:23:47,539 [Thread-8670] INFO  impl.RaftServerImpl (RaftServerImpl.java:setRole(184)) - 4dea926d-4bc6-487a-9b9b-9fd457d0fae4@group-02F4CA199AFA: changes role from  FOLLOWER to CANDIDATE at term 0 for changeToCandidate
2019-10-18 07:23:47,539 [Thread-8670] INFO  impl.RoleInfo (RoleInfo.java:updateAndGet(143)) - 4dea926d-4bc6-487a-9b9b-9fd457d0fae4: start LeaderElection
2019-10-18 07:23:47,562 [IPC Server handler 4 on 38390] INFO  net.NetworkTopology (NetworkTopologyImpl.java:add(111)) - Added a new node: /rack1/5170c5f3-8499-4b42-9321-85fc8a351f79
2019-10-18 07:23:47,562 [IPC Server handler 4 on 38390] INFO  node.SCMNodeManager (SCMNodeManager.java:register(268)) - Registered Data node : 5170c5f3-8499-4b42-9321-85fc8a351f79{ip: 192.168.34.25, host: pr-hdds-2318-jnjn8-2612408985, networkLocation: /rack1, certSerialId: null}
2019-10-18 07:23:47,578 [pool-540-thread-1] INFO  storage.RaftStorage (RaftStorage.java:format(84)) - Storage directory /workdir/hadoop-ozone/integration-test/target/test-dir/MiniOzoneClusterImpl-f216ddbe-e8b4-4355-85c5-09cf054ba290/datanode-3/data/ratis/ebdc18ef-8d9d-47eb-a135-b04784acdaaf has been successfully formatted.
2019-10-18 07:23:47,578 [pool-540-thread-1] INFO  ratis.ContainerStateMachine (ContainerStateMachine.java:loadSnapshot(231)) - group-B04784ACDAAF: The snapshot info is null. Setting the last applied indexto:(t:0, i:~)
2019-10-18 07:23:47,578 [pool-540-thread-1] INFO  server.RaftServerConfigKeys (ConfUtils.java:logGet(43)) - raft.server.notification.no-leader.timeout = 120s (custom)
2019-10-18 07:23:47,578 [pool-540-thread-1] INFO  server.RaftServerConfigKeys (ConfUtils.java:logGet(43)) - raft.server.log.use.memory = false (default)
2019-10-18 07:23:47,578 [pool-540-thread-1] INFO  server.RaftServerConfigKeys (ConfUtils.java:logGet(43)) - raft.server.log.purge.gap = 1000000 (custom)
2019-10-18 07:23:47,578 [pool-540-thread-1] INFO  server.RaftServerConfigKeys (ConfUtils.java:logGet(43)) - raft.server.log.appender.buffer.byte-limit = 33554432 (custom)
2019-10-18 07:23:47,579 [pool-540-thread-1] INFO  server.RaftServerConfigKeys (ConfUtils.java:logGet(43)) - raft.server.log.segment.size.max = 1048576 (custom)
2019-10-18 07:23:47,580 [pool-540-thread-1] INFO  server.RaftServerConfigKeys (ConfUtils.java:logGet(43)) - raft.server.log.segment.cache.num.max = 2 (custom)
2019-10-18 07:23:47,580 [pool-540-thread-1] INFO  segmented.SegmentedRaftLogWorker (SegmentedRaftLogWorker.java:<init>(173)) - new 6633f50a-7046-4b08-9937-8e25f1b14b15@group-B04784ACDAAF-SegmentedRaftLogWorker for RaftStorage:Storage Directory /workdir/hadoop-ozone/integration-test/target/test-dir/MiniOzoneClusterImpl-f216ddbe-e8b4-4355-85c5-09cf054ba290/datanode-3/data/ratis/ebdc18ef-8d9d-47eb-a135-b04784acdaaf
2019-10-18 07:23:47,581 [pool-540-thread-1] INFO  server.RaftServerConfigKeys (ConfUtils.java:logGet(43)) - raft.server.log.queue.byte-limit = 2147483647 (custom)
2019-10-18 07:23:47,581 [pool-540-thread-1] INFO  server.RaftServerConfigKeys (ConfUtils.java:logGet(43)) - raft.server.log.queue.element-limit = 1024 (custom)
2019-10-18 07:23:47,581 [pool-540-thread-1] INFO  server.RaftServerConfigKeys (ConfUtils.java:logGet(43)) - raft.server.log.segment.size.max = 1048576 (custom)
2019-10-18 07:23:47,581 [pool-540-thread-1] INFO  server.RaftServerConfigKeys (ConfUtils.java:logGet(43)) - raft.server.log.preallocated.size = 16384 (custom)
2019-10-18 07:23:47,581 [pool-540-thread-1] INFO  server.RaftServerConfigKeys (ConfUtils.java:logGet(43)) - raft.server.log.write.buffer.size = 33554432 (custom)
2019-10-18 07:23:47,581 [pool-540-thread-1] INFO  server.RaftServerConfigKeys (ConfUtils.java:logGet(43)) - raft.server.log.force.sync.num = 128 (default)
2019-10-18 07:23:47,581 [pool-540-thread-1] INFO  server.RaftServerConfigKeys (ConfUtils.java:logGet(43)) - raft.server.log.statemachine.data.sync = true (default)
2019-10-18 07:23:47,581 [pool-540-thread-1] INFO  server.RaftServerConfigKeys (ConfUtils.java:logGet(43)) - raft.server.log.statemachine.data.sync.timeout = 10s (default)
2019-10-18 07:23:47,581 [pool-540-thread-1] INFO  server.RaftServerConfigKeys (ConfUtils.java:logGet(43)) - raft.server.log.statemachine.data.sync.timeout.retry = -1 (default)
2019-10-18 07:23:47,582 [pool-540-thread-1] INFO  server.RaftServerConfigKeys (ConfUtils.java:logGet(43)) - raft.server.log.statemachine.data.caching.enabled = true (custom)
2019-10-18 07:23:47,582 [pool-540-thread-1] INFO  segmented.SegmentedRaftLogWorker (SegmentedRaftLogWorker.java:lambda$new$0(128)) - 6633f50a-7046-4b08-9937-8e25f1b14b15@group-B04784ACDAAF-SegmentedRaftLogWorker: flushIndex: setUnconditionally 0 -> -1
2019-10-18 07:23:47,582 [pool-540-thread-1] INFO  server.RaftServerConfigKeys (ConfUtils.java:logGet(43)) - raft.server.snapshot.auto.trigger.enabled = true (custom)
2019-10-18 07:23:47,583 [pool-540-thread-1] INFO  server.RaftServerConfigKeys (ConfUtils.java:logGet(43)) - raft.server.snapshot.auto.trigger.threshold = 10000 (custom)
2019-10-18 07:23:47,583 [pool-540-thread-1] INFO  server.RaftServerConfigKeys (ConfUtils.java:logGet(43)) - raft.server.snapshot.retention.file.num = 5 (custom)
2019-10-18 07:23:47,583 [pool-540-thread-1] INFO  server.RaftServerConfigKeys (ConfUtils.java:logGet(43)) - raft.server.retrycache.expirytime = 600000ms (custom)
2019-10-18 07:23:47,586 [pool-540-thread-1] INFO  impl.RaftServerImpl (RaftServerImpl.java:start(195)) - 6633f50a-7046-4b08-9937-8e25f1b14b15@group-B04784ACDAAF: start as a follower, conf=-1: [6633f50a-7046-4b08-9937-8e25f1b14b15:192.168.34.25:39338], old=null
2019-10-18 07:23:47,586 [pool-540-thread-1] INFO  impl.RaftServerImpl (RaftServerImpl.java:setRole(184)) - 6633f50a-7046-4b08-9937-8e25f1b14b15@group-B04784ACDAAF: changes role from      null to FOLLOWER at term 0 for startAsFollower
2019-10-18 07:23:47,586 [4dea926d-4bc6-487a-9b9b-9fd457d0fae4@group-02F4CA199AFA-LeaderElection939] INFO  impl.LeaderElection (LeaderElection.java:askForVotes(178)) - 4dea926d-4bc6-487a-9b9b-9fd457d0fae4@group-02F4CA199AFA-LeaderElection939: begin an election at term 1 for -1: [4dea926d-4bc6-487a-9b9b-9fd457d0fae4:192.168.34.25:41624], old=null
2019-10-18 07:23:47,586 [pool-540-thread-1] INFO  impl.RoleInfo (RoleInfo.java:updateAndGet(143)) - 6633f50a-7046-4b08-9937-8e25f1b14b15: start FollowerState
2019-10-18 07:23:47,586 [4dea926d-4bc6-487a-9b9b-9fd457d0fae4@group-02F4CA199AFA-LeaderElection939] INFO  impl.RoleInfo (RoleInfo.java:shutdownLeaderElection(134)) - 4dea926d-4bc6-487a-9b9b-9fd457d0fae4: shutdown LeaderElection
2019-10-18 07:23:47,586 [4dea926d-4bc6-487a-9b9b-9fd457d0fae4@group-02F4CA199AFA-LeaderElection939] INFO  impl.RaftServerImpl (RaftServerImpl.java:setRole(184)) - 4dea926d-4bc6-487a-9b9b-9fd457d0fae4@group-02F4CA199AFA: changes role from CANDIDATE to LEADER at term 1 for changeToLeader
2019-10-18 07:23:47,586 [4dea926d-4bc6-487a-9b9b-9fd457d0fae4@group-02F4CA199AFA-LeaderElection939] INFO  impl.RaftServerImpl (ServerState.java:setLeader(256)) - 4dea926d-4bc6-487a-9b9b-9fd457d0fae4@group-02F4CA199AFA: change Leader from null to 4dea926d-4bc6-487a-9b9b-9fd457d0fae4 at term 1 for becomeLeader, leader elected after 95ms
2019-10-18 07:23:47,587 [pool-540-thread-1] INFO  util.JmxRegister (JmxRegister.java:tryRegister(44)) - Successfully registered JMX Bean with object name Ratis:service=RaftServer,group=group-B04784ACDAAF,id=6633f50a-7046-4b08-9937-8e25f1b14b15
2019-10-18 07:23:47,587 [4dea926d-4bc6-487a-9b9b-9fd457d0fae4@group-02F4CA199AFA-LeaderElection939] INFO  server.RaftServerConfigKeys (ConfUtils.java:logGet(43)) - raft.server.staging.catchup.gap = 1000 (default)
2019-10-18 07:23:47,587 [4dea926d-4bc6-487a-9b9b-9fd457d0fae4@group-02F4CA199AFA-LeaderElection939] INFO  server.RaftServerConfigKeys (ConfUtils.java:logGet(43)) - raft.server.rpc.sleep.time = 25ms (default)
2019-10-18 07:23:47,587 [4dea926d-4bc6-487a-9b9b-9fd457d0fae4@group-02F4CA199AFA-LeaderElection939] INFO  server.RaftServerConfigKeys (ConfUtils.java:logGet(43)) - raft.server.write.element-limit = 4096 (default)
2019-10-18 07:23:47,587 [4dea926d-4bc6-487a-9b9b-9fd457d0fae4@group-02F4CA199AFA-LeaderElection939] INFO  server.RaftServerConfigKeys (ConfUtils.java:logGet(43)) - raft.server.watch.timeout = 10s (default)
2019-10-18 07:23:47,587 [4dea926d-4bc6-487a-9b9b-9fd457d0fae4@group-02F4CA199AFA-LeaderElection939] INFO  server.RaftServerConfigKeys (ConfUtils.java:logGet(43)) - raft.server.watch.timeout.denomination = 1s (default)
2019-10-18 07:23:47,587 [4dea926d-4bc6-487a-9b9b-9fd457d0fae4@group-02F4CA199AFA-LeaderElection939] INFO  server.RaftServerConfigKeys (ConfUtils.java:logGet(43)) - raft.server.watch.element-limit = 65536 (default)
2019-10-18 07:23:47,589 [4dea926d-4bc6-487a-9b9b-9fd457d0fae4@group-02F4CA199AFA-LeaderElection939] INFO  impl.RoleInfo (RoleInfo.java:updateAndGet(143)) - 4dea926d-4bc6-487a-9b9b-9fd457d0fae4: start LeaderState
2019-10-18 07:23:47,590 [4dea926d-4bc6-487a-9b9b-9fd457d0fae4@group-02F4CA199AFA-LeaderElection939] INFO  segmented.SegmentedRaftLogWorker (SegmentedRaftLogWorker.java:startLogSegment(385)) - 4dea926d-4bc6-487a-9b9b-9fd457d0fae4@group-02F4CA199AFA-SegmentedRaftLogWorker: Starting segment from index:0
2019-10-18 07:23:47,590 [4dea926d-4bc6-487a-9b9b-9fd457d0fae4@group-02F4CA199AFA-LeaderElection939] INFO  impl.RaftServerImpl (ServerState.java:setRaftConf(357)) - 4dea926d-4bc6-487a-9b9b-9fd457d0fae4@group-02F4CA199AFA: set configuration 0: [4dea926d-4bc6-487a-9b9b-9fd457d0fae4:192.168.34.25:41624], old=null at 0
2019-10-18 07:23:47,590 [RatisPipelineUtilsThread] INFO  pipeline.PipelineStateManager (PipelineStateManager.java:addPipeline(56)) - Created pipeline Pipeline[ Id: ebdc18ef-8d9d-47eb-a135-b04784acdaaf, Nodes: 6633f50a-7046-4b08-9937-8e25f1b14b15{ip: 192.168.34.25, host: pr-hdds-2318-jnjn8-2612408985, networkLocation: /rack1, certSerialId: null}, Type:RATIS, Factor:ONE, State:OPEN]
2019-10-18 07:23:47,619 [grpc-default-executor-4] INFO  impl.RaftServerProxy (RaftServerProxy.java:addNew(89)) - 5170c5f3-8499-4b42-9321-85fc8a351f79: addNew group-63EEB8EEAC52:[5170c5f3-8499-4b42-9321-85fc8a351f79:192.168.34.25:43074] returns group-63EEB8EEAC52:java.util.concurrent.CompletableFuture@7f386542[Not completed]
2019-10-18 07:23:47,619 [Thread-8666] INFO  impl.FollowerState (FollowerState.java:run(108)) - 12ad0800-05cb-443c-9fdd-fa1debf04523@group-69C9C2E15A3F-FollowerState: change to CANDIDATE, lastRpcTime:196ms, electionTimeout:196ms
2019-10-18 07:23:47,619 [Thread-8666] INFO  impl.RoleInfo (RoleInfo.java:shutdownFollowerState(121)) - 12ad0800-05cb-443c-9fdd-fa1debf04523: shutdown FollowerState
2019-10-18 07:23:47,619 [Thread-8666] INFO  impl.RaftServerImpl (RaftServerImpl.java:setRole(184)) - 12ad0800-05cb-443c-9fdd-fa1debf04523@group-69C9C2E15A3F: changes role from  FOLLOWER to CANDIDATE at term 0 for changeToCandidate
2019-10-18 07:23:47,620 [Thread-8666] INFO  impl.RoleInfo (RoleInfo.java:updateAndGet(143)) - 12ad0800-05cb-443c-9fdd-fa1debf04523: start LeaderElection
2019-10-18 07:23:47,622 [pool-550-thread-1] INFO  impl.RaftServerImpl (RaftServerImpl.java:<init>(104)) - 5170c5f3-8499-4b42-9321-85fc8a351f79: new RaftServerImpl for group-63EEB8EEAC52:[5170c5f3-8499-4b42-9321-85fc8a351f79:192.168.34.25:43074] with ContainerStateMachine:uninitialized
2019-10-18 07:23:47,623 [pool-550-thread-1] INFO  server.RaftServerConfigKeys (ConfUtils.java:logGet(43)) - raft.server.rpc.timeout.min = 1s (custom)
2019-10-18 07:23:47,623 [pool-550-thread-1] INFO  server.RaftServerConfigKeys (ConfUtils.java:logGet(43)) - raft.server.rpc.timeout.max = 1200ms (custom)
2019-10-18 07:23:47,623 [pool-550-thread-1] INFO  server.RaftServerConfigKeys (ConfUtils.java:logGet(43)) - raft.server.rpcslowness.timeout = 120s (custom)
2019-10-18 07:23:47,623 [pool-550-thread-1] INFO  server.RaftServerConfigKeys (ConfUtils.java:logGet(43)) - raft.server.sleep.deviation.threshold = 300 (default)
2019-10-18 07:23:47,623 [pool-550-thread-1] INFO  server.RaftServerConfigKeys (ConfUtils.java:logGet(43)) - raft.server.log.appender.install.snapshot.enabled = false (custom)
2019-10-18 07:23:47,623 [pool-550-thread-1] INFO  impl.RaftServerImpl (ServerState.java:<init>(103)) - 5170c5f3-8499-4b42-9321-85fc8a351f79@group-63EEB8EEAC52: ConfigurationManager, init=-1: [5170c5f3-8499-4b42-9321-85fc8a351f79:192.168.34.25:43074], old=null, confs=<EMPTY_MAP>
2019-10-18 07:23:47,623 [pool-550-thread-1] INFO  server.RaftServerConfigKeys (ConfUtils.java:logGet(43)) - raft.server.storage.dir = [/workdir/hadoop-ozone/integration-test/target/test-dir/MiniOzoneClusterImpl-f216ddbe-e8b4-4355-85c5-09cf054ba290/datanode-4/data/ratis] (custom)
2019-10-18 07:23:47,624 [pool-550-thread-1] INFO  server.RaftServerConfigKeys (ConfUtils.java:logGet(43)) - raft.server.log.corruption.policy = EXCEPTION (default)
2019-10-18 07:23:47,624 [pool-550-thread-1] INFO  storage.RaftStorageDirectory (RaftStorageDirectory.java:analyzeStorage(246)) - The storage directory /workdir/hadoop-ozone/integration-test/target/test-dir/MiniOzoneClusterImpl-f216ddbe-e8b4-4355-85c5-09cf054ba290/datanode-4/data/ratis/dbfa9920-a1ba-41bc-bc79-63eeb8eeac52 does not exist. Creating ...
2019-10-18 07:23:47,645 [4dea926d-4bc6-487a-9b9b-9fd457d0fae4@group-02F4CA199AFA-SegmentedRaftLogWorker] INFO  segmented.SegmentedRaftLogWorker (SegmentedRaftLogWorker.java:execute(576)) - 4dea926d-4bc6-487a-9b9b-9fd457d0fae4@group-02F4CA199AFA-SegmentedRaftLogWorker: created new log segment /workdir/hadoop-ozone/integration-test/target/test-dir/MiniOzoneClusterImpl-f216ddbe-e8b4-4355-85c5-09cf054ba290/datanode-2/data/ratis/413d0bb4-3074-49b6-9564-02f4ca199afa/current/log_inprogress_0
2019-10-18 07:23:47,645 [pool-550-thread-1] INFO  storage.RaftStorageDirectory (RaftStorageDirectory.java:tryLock(328)) - Lock on /workdir/hadoop-ozone/integration-test/target/test-dir/MiniOzoneClusterImpl-f216ddbe-e8b4-4355-85c5-09cf054ba290/datanode-4/data/ratis/dbfa9920-a1ba-41bc-bc79-63eeb8eeac52/in_use.lock acquired by nodename 21255@pr-hdds-2318-jnjn8-2612408985
2019-10-18 07:23:47,645 [12ad0800-05cb-443c-9fdd-fa1debf04523@group-69C9C2E15A3F-LeaderElection940] INFO  impl.LeaderElection (LeaderElection.java:askForVotes(178)) - 12ad0800-05cb-443c-9fdd-fa1debf04523@group-69C9C2E15A3F-LeaderElection940: begin an election at term 1 for -1: [12ad0800-05cb-443c-9fdd-fa1debf04523:192.168.34.25:41155], old=null
2019-10-18 07:23:47,645 [12ad0800-05cb-443c-9fdd-fa1debf04523@group-69C9C2E15A3F-LeaderElection940] INFO  impl.RoleInfo (RoleInfo.java:shutdownLeaderElection(134)) - 12ad0800-05cb-443c-9fdd-fa1debf04523: shutdown LeaderElection
2019-10-18 07:23:47,645 [12ad0800-05cb-443c-9fdd-fa1debf04523@group-69C9C2E15A3F-LeaderElection940] INFO  impl.RaftServerImpl (RaftServerImpl.java:setRole(184)) - 12ad0800-05cb-443c-9fdd-fa1debf04523@group-69C9C2E15A3F: changes role from CANDIDATE to LEADER at term 1 for changeToLeader
2019-10-18 07:23:47,645 [12ad0800-05cb-443c-9fdd-fa1debf04523@group-69C9C2E15A3F-LeaderElection940] INFO  impl.RaftServerImpl (ServerState.java:setLeader(256)) - 12ad0800-05cb-443c-9fdd-fa1debf04523@group-69C9C2E15A3F: change Leader from null to 12ad0800-05cb-443c-9fdd-fa1debf04523 at term 1 for becomeLeader, leader elected after 235ms
2019-10-18 07:23:47,645 [12ad0800-05cb-443c-9fdd-fa1debf04523@group-69C9C2E15A3F-LeaderElection940] INFO  server.RaftServerConfigKeys (ConfUtils.java:logGet(43)) - raft.server.staging.catchup.gap = 1000 (default)
2019-10-18 07:23:47,645 [12ad0800-05cb-443c-9fdd-fa1debf04523@group-69C9C2E15A3F-LeaderElection940] INFO  server.RaftServerConfigKeys (ConfUtils.java:logGet(43)) - raft.server.rpc.sleep.time = 25ms (default)
2019-10-18 07:23:47,646 [12ad0800-05cb-443c-9fdd-fa1debf04523@group-69C9C2E15A3F-LeaderElection940] INFO  server.RaftServerConfigKeys (ConfUtils.java:logGet(43)) - raft.server.write.element-limit = 4096 (default)
2019-10-18 07:23:47,646 [12ad0800-05cb-443c-9fdd-fa1debf04523@group-69C9C2E15A3F-LeaderElection940] INFO  server.RaftServerConfigKeys (ConfUtils.java:logGet(43)) - raft.server.watch.timeout = 10s (default)
2019-10-18 07:23:47,646 [12ad0800-05cb-443c-9fdd-fa1debf04523@group-69C9C2E15A3F-LeaderElection940] INFO  server.RaftServerConfigKeys (ConfUtils.java:logGet(43)) - raft.server.watch.timeout.denomination = 1s (default)
2019-10-18 07:23:47,646 [12ad0800-05cb-443c-9fdd-fa1debf04523@group-69C9C2E15A3F-LeaderElection940] INFO  server.RaftServerConfigKeys (ConfUtils.java:logGet(43)) - raft.server.watch.element-limit = 65536 (default)
2019-10-18 07:23:47,646 [IPC Server handler 3 on 38390] INFO  net.NetworkTopology (NetworkTopologyImpl.java:add(111)) - Added a new node: /rack1/9712a796-5281-4f3e-ac85-61dedd90db73
2019-10-18 07:23:47,646 [IPC Server handler 3 on 38390] INFO  node.SCMNodeManager (SCMNodeManager.java:register(268)) - Registered Data node : 9712a796-5281-4f3e-ac85-61dedd90db73{ip: 192.168.34.25, host: pr-hdds-2318-jnjn8-2612408985, networkLocation: /rack1, certSerialId: null}
2019-10-18 07:23:47,647 [12ad0800-05cb-443c-9fdd-fa1debf04523@group-69C9C2E15A3F-LeaderElection940] INFO  impl.RoleInfo (RoleInfo.java:updateAndGet(143)) - 12ad0800-05cb-443c-9fdd-fa1debf04523: start LeaderState
2019-10-18 07:23:47,647 [12ad0800-05cb-443c-9fdd-fa1debf04523@group-69C9C2E15A3F-LeaderElection940] INFO  segmented.SegmentedRaftLogWorker (SegmentedRaftLogWorker.java:startLogSegment(385)) - 12ad0800-05cb-443c-9fdd-fa1debf04523@group-69C9C2E15A3F-SegmentedRaftLogWorker: Starting segment from index:0
2019-10-18 07:23:47,647 [12ad0800-05cb-443c-9fdd-fa1debf04523@group-69C9C2E15A3F-LeaderElection940] INFO  impl.RaftServerImpl (ServerState.java:setRaftConf(357)) - 12ad0800-05cb-443c-9fdd-fa1debf04523@group-69C9C2E15A3F: set configuration 0: [12ad0800-05cb-443c-9fdd-fa1debf04523:192.168.34.25:41155], old=null at 0
2019-10-18 07:23:47,670 [pool-550-thread-1] INFO  storage.RaftStorage (RaftStorage.java:format(84)) - Storage directory /workdir/hadoop-ozone/integration-test/target/test-dir/MiniOzoneClusterImpl-f216ddbe-e8b4-4355-85c5-09cf054ba290/datanode-4/data/ratis/dbfa9920-a1ba-41bc-bc79-63eeb8eeac52 has been successfully formatted.
2019-10-18 07:23:47,671 [pool-550-thread-1] INFO  ratis.ContainerStateMachine (ContainerStateMachine.java:loadSnapshot(231)) - group-63EEB8EEAC52: The snapshot info is null. Setting the last applied indexto:(t:0, i:~)
2019-10-18 07:23:47,671 [pool-550-thread-1] INFO  server.RaftServerConfigKeys (ConfUtils.java:logGet(43)) - raft.server.notification.no-leader.timeout = 120s (custom)
2019-10-18 07:23:47,671 [pool-550-thread-1] INFO  server.RaftServerConfigKeys (ConfUtils.java:logGet(43)) - raft.server.log.use.memory = false (default)
2019-10-18 07:23:47,671 [pool-550-thread-1] INFO  server.RaftServerConfigKeys (ConfUtils.java:logGet(43)) - raft.server.log.purge.gap = 1000000 (custom)
2019-10-18 07:23:47,671 [pool-550-thread-1] INFO  server.RaftServerConfigKeys (ConfUtils.java:logGet(43)) - raft.server.log.appender.buffer.byte-limit = 33554432 (custom)
2019-10-18 07:23:47,672 [pool-550-thread-1] INFO  server.RaftServerConfigKeys (ConfUtils.java:logGet(43)) - raft.server.log.segment.size.max = 1048576 (custom)
2019-10-18 07:23:47,673 [pool-550-thread-1] INFO  server.RaftServerConfigKeys (ConfUtils.java:logGet(43)) - raft.server.log.segment.cache.num.max = 2 (custom)
2019-10-18 07:23:47,674 [pool-550-thread-1] INFO  segmented.SegmentedRaftLogWorker (SegmentedRaftLogWorker.java:<init>(173)) - new 5170c5f3-8499-4b42-9321-85fc8a351f79@group-63EEB8EEAC52-SegmentedRaftLogWorker for RaftStorage:Storage Directory /workdir/hadoop-ozone/integration-test/target/test-dir/MiniOzoneClusterImpl-f216ddbe-e8b4-4355-85c5-09cf054ba290/datanode-4/data/ratis/dbfa9920-a1ba-41bc-bc79-63eeb8eeac52
2019-10-18 07:23:47,674 [pool-550-thread-1] INFO  server.RaftServerConfigKeys (ConfUtils.java:logGet(43)) - raft.server.log.queue.byte-limit = 2147483647 (custom)
2019-10-18 07:23:47,674 [pool-550-thread-1] INFO  server.RaftServerConfigKeys (ConfUtils.java:logGet(43)) - raft.server.log.queue.element-limit = 1024 (custom)
2019-10-18 07:23:47,674 [pool-550-thread-1] INFO  server.RaftServerConfigKeys (ConfUtils.java:logGet(43)) - raft.server.log.segment.size.max = 1048576 (custom)
2019-10-18 07:23:47,674 [pool-550-thread-1] INFO  server.RaftServerConfigKeys (ConfUtils.java:logGet(43)) - raft.server.log.preallocated.size = 16384 (custom)
2019-10-18 07:23:47,674 [pool-550-thread-1] INFO  server.RaftServerConfigKeys (ConfUtils.java:logGet(43)) - raft.server.log.write.buffer.size = 33554432 (custom)
2019-10-18 07:23:47,674 [pool-550-thread-1] INFO  server.RaftServerConfigKeys (ConfUtils.java:logGet(43)) - raft.server.log.force.sync.num = 128 (default)
2019-10-18 07:23:47,674 [pool-550-thread-1] INFO  server.RaftServerConfigKeys (ConfUtils.java:logGet(43)) - raft.server.log.statemachine.data.sync = true (default)
2019-10-18 07:23:47,674 [pool-550-thread-1] INFO  server.RaftServerConfigKeys (ConfUtils.java:logGet(43)) - raft.server.log.statemachine.data.sync.timeout = 10s (default)
2019-10-18 07:23:47,675 [pool-550-thread-1] INFO  server.RaftServerConfigKeys (ConfUtils.java:logGet(43)) - raft.server.log.statemachine.data.sync.timeout.retry = -1 (default)
2019-10-18 07:23:47,675 [pool-550-thread-1] INFO  server.RaftServerConfigKeys (ConfUtils.java:logGet(43)) - raft.server.log.statemachine.data.caching.enabled = true (custom)
2019-10-18 07:23:47,675 [pool-550-thread-1] INFO  segmented.SegmentedRaftLogWorker (SegmentedRaftLogWorker.java:lambda$new$0(128)) - 5170c5f3-8499-4b42-9321-85fc8a351f79@group-63EEB8EEAC52-SegmentedRaftLogWorker: flushIndex: setUnconditionally 0 -> -1
2019-10-18 07:23:47,676 [pool-550-thread-1] INFO  server.RaftServerConfigKeys (ConfUtils.java:logGet(43)) - raft.server.snapshot.auto.trigger.enabled = true (custom)
2019-10-18 07:23:47,676 [pool-550-thread-1] INFO  server.RaftServerConfigKeys (ConfUtils.java:logGet(43)) - raft.server.snapshot.auto.trigger.threshold = 10000 (custom)
2019-10-18 07:23:47,676 [pool-550-thread-1] INFO  server.RaftServerConfigKeys (ConfUtils.java:logGet(43)) - raft.server.snapshot.retention.file.num = 5 (custom)
2019-10-18 07:23:47,676 [pool-550-thread-1] INFO  server.RaftServerConfigKeys (ConfUtils.java:logGet(43)) - raft.server.retrycache.expirytime = 600000ms (custom)
2019-10-18 07:23:47,679 [pool-550-thread-1] INFO  impl.RaftServerImpl (RaftServerImpl.java:start(195)) - 5170c5f3-8499-4b42-9321-85fc8a351f79@group-63EEB8EEAC52: start as a follower, conf=-1: [5170c5f3-8499-4b42-9321-85fc8a351f79:192.168.34.25:43074], old=null
2019-10-18 07:23:47,679 [pool-550-thread-1] INFO  impl.RaftServerImpl (RaftServerImpl.java:setRole(184)) - 5170c5f3-8499-4b42-9321-85fc8a351f79@group-63EEB8EEAC52: changes role from      null to FOLLOWER at term 0 for startAsFollower
2019-10-18 07:23:47,679 [pool-550-thread-1] INFO  impl.RoleInfo (RoleInfo.java:updateAndGet(143)) - 5170c5f3-8499-4b42-9321-85fc8a351f79: start FollowerState
2019-10-18 07:23:47,680 [pool-550-thread-1] INFO  util.JmxRegister (JmxRegister.java:tryRegister(44)) - Successfully registered JMX Bean with object name Ratis:service=RaftServer,group=group-63EEB8EEAC52,id=5170c5f3-8499-4b42-9321-85fc8a351f79
2019-10-18 07:23:47,683 [RatisPipelineUtilsThread] INFO  pipeline.PipelineStateManager (PipelineStateManager.java:addPipeline(56)) - Created pipeline Pipeline[ Id: dbfa9920-a1ba-41bc-bc79-63eeb8eeac52, Nodes: 5170c5f3-8499-4b42-9321-85fc8a351f79{ip: 192.168.34.25, host: pr-hdds-2318-jnjn8-2612408985, networkLocation: /rack1, certSerialId: null}, Type:RATIS, Factor:ONE, State:OPEN]
2019-10-18 07:23:47,691 [grpc-default-executor-4] INFO  impl.RaftServerProxy (RaftServerProxy.java:addNew(89)) - 9712a796-5281-4f3e-ac85-61dedd90db73: addNew group-4E3E76471D38:[9712a796-5281-4f3e-ac85-61dedd90db73:192.168.34.25:45438] returns group-4E3E76471D38:java.util.concurrent.CompletableFuture@32a01efa[Not completed]
2019-10-18 07:23:47,693 [pool-560-thread-1] INFO  impl.RaftServerImpl (RaftServerImpl.java:<init>(104)) - 9712a796-5281-4f3e-ac85-61dedd90db73: new RaftServerImpl for group-4E3E76471D38:[9712a796-5281-4f3e-ac85-61dedd90db73:192.168.34.25:45438] with ContainerStateMachine:uninitialized
2019-10-18 07:23:47,693 [Thread-8674] INFO  impl.FollowerState (FollowerState.java:run(108)) - 6633f50a-7046-4b08-9937-8e25f1b14b15@group-B04784ACDAAF-FollowerState: change to CANDIDATE, lastRpcTime:106ms, electionTimeout:106ms
2019-10-18 07:23:47,693 [pool-560-thread-1] INFO  server.RaftServerConfigKeys (ConfUtils.java:logGet(43)) - raft.server.rpc.timeout.min = 1s (custom)
2019-10-18 07:23:47,693 [Thread-8674] INFO  impl.RoleInfo (RoleInfo.java:shutdownFollowerState(121)) - 6633f50a-7046-4b08-9937-8e25f1b14b15: shutdown FollowerState
2019-10-18 07:23:47,693 [pool-560-thread-1] INFO  server.RaftServerConfigKeys (ConfUtils.java:logGet(43)) - raft.server.rpc.timeout.max = 1200ms (custom)
2019-10-18 07:23:47,693 [Thread-8674] INFO  impl.RaftServerImpl (RaftServerImpl.java:setRole(184)) - 6633f50a-7046-4b08-9937-8e25f1b14b15@group-B04784ACDAAF: changes role from  FOLLOWER to CANDIDATE at term 0 for changeToCandidate
2019-10-18 07:23:47,693 [pool-560-thread-1] INFO  server.RaftServerConfigKeys (ConfUtils.java:logGet(43)) - raft.server.rpcslowness.timeout = 120s (custom)
2019-10-18 07:23:47,693 [Thread-8674] INFO  impl.RoleInfo (RoleInfo.java:updateAndGet(143)) - 6633f50a-7046-4b08-9937-8e25f1b14b15: start LeaderElection
2019-10-18 07:23:47,693 [pool-560-thread-1] INFO  server.RaftServerConfigKeys (ConfUtils.java:logGet(43)) - raft.server.sleep.deviation.threshold = 300 (default)
2019-10-18 07:23:47,694 [pool-560-thread-1] INFO  server.RaftServerConfigKeys (ConfUtils.java:logGet(43)) - raft.server.log.appender.install.snapshot.enabled = false (custom)
2019-10-18 07:23:47,694 [pool-560-thread-1] INFO  impl.RaftServerImpl (ServerState.java:<init>(103)) - 9712a796-5281-4f3e-ac85-61dedd90db73@group-4E3E76471D38: ConfigurationManager, init=-1: [9712a796-5281-4f3e-ac85-61dedd90db73:192.168.34.25:45438], old=null, confs=<EMPTY_MAP>
2019-10-18 07:23:47,697 [12ad0800-05cb-443c-9fdd-fa1debf04523@group-69C9C2E15A3F-SegmentedRaftLogWorker] INFO  segmented.SegmentedRaftLogWorker (SegmentedRaftLogWorker.java:execute(576)) - 12ad0800-05cb-443c-9fdd-fa1debf04523@group-69C9C2E15A3F-SegmentedRaftLogWorker: created new log segment /workdir/hadoop-ozone/integration-test/target/test-dir/MiniOzoneClusterImpl-f216ddbe-e8b4-4355-85c5-09cf054ba290/datanode-1/data/ratis/cdb8029d-4d22-48b3-9355-69c9c2e15a3f/current/log_inprogress_0
2019-10-18 07:23:47,697 [pool-560-thread-1] INFO  server.RaftServerConfigKeys (ConfUtils.java:logGet(43)) - raft.server.storage.dir = [/workdir/hadoop-ozone/integration-test/target/test-dir/MiniOzoneClusterImpl-f216ddbe-e8b4-4355-85c5-09cf054ba290/datanode-5/data/ratis] (custom)
2019-10-18 07:23:47,697 [pool-560-thread-1] INFO  server.RaftServerConfigKeys (ConfUtils.java:logGet(43)) - raft.server.log.corruption.policy = EXCEPTION (default)
2019-10-18 07:23:47,697 [pool-560-thread-1] INFO  storage.RaftStorageDirectory (RaftStorageDirectory.java:analyzeStorage(246)) - The storage directory /workdir/hadoop-ozone/integration-test/target/test-dir/MiniOzoneClusterImpl-f216ddbe-e8b4-4355-85c5-09cf054ba290/datanode-5/data/ratis/815d9d0a-c9ae-4fd5-8a7a-4e3e76471d38 does not exist. Creating ...
2019-10-18 07:23:47,721 [pool-560-thread-1] INFO  storage.RaftStorageDirectory (RaftStorageDirectory.java:tryLock(328)) - Lock on /workdir/hadoop-ozone/integration-test/target/test-dir/MiniOzoneClusterImpl-f216ddbe-e8b4-4355-85c5-09cf054ba290/datanode-5/data/ratis/815d9d0a-c9ae-4fd5-8a7a-4e3e76471d38/in_use.lock acquired by nodename 21255@pr-hdds-2318-jnjn8-2612408985
2019-10-18 07:23:47,721 [6633f50a-7046-4b08-9937-8e25f1b14b15@group-B04784ACDAAF-LeaderElection941] INFO  impl.LeaderElection (LeaderElection.java:askForVotes(178)) - 6633f50a-7046-4b08-9937-8e25f1b14b15@group-B04784ACDAAF-LeaderElection941: begin an election at term 1 for -1: [6633f50a-7046-4b08-9937-8e25f1b14b15:192.168.34.25:39338], old=null
2019-10-18 07:23:47,721 [6633f50a-7046-4b08-9937-8e25f1b14b15@group-B04784ACDAAF-LeaderElection941] INFO  impl.RoleInfo (RoleInfo.java:shutdownLeaderElection(134)) - 6633f50a-7046-4b08-9937-8e25f1b14b15: shutdown LeaderElection
2019-10-18 07:23:47,722 [6633f50a-7046-4b08-9937-8e25f1b14b15@group-B04784ACDAAF-LeaderElection941] INFO  impl.RaftServerImpl (RaftServerImpl.java:setRole(184)) - 6633f50a-7046-4b08-9937-8e25f1b14b15@group-B04784ACDAAF: changes role from CANDIDATE to LEADER at term 1 for changeToLeader
2019-10-18 07:23:47,722 [6633f50a-7046-4b08-9937-8e25f1b14b15@group-B04784ACDAAF-LeaderElection941] INFO  impl.RaftServerImpl (ServerState.java:setLeader(256)) - 6633f50a-7046-4b08-9937-8e25f1b14b15@group-B04784ACDAAF: change Leader from null to 6633f50a-7046-4b08-9937-8e25f1b14b15 at term 1 for becomeLeader, leader elected after 143ms
2019-10-18 07:23:47,722 [6633f50a-7046-4b08-9937-8e25f1b14b15@group-B04784ACDAAF-LeaderElection941] INFO  server.RaftServerConfigKeys (ConfUtils.java:logGet(43)) - raft.server.staging.catchup.gap = 1000 (default)
2019-10-18 07:23:47,722 [6633f50a-7046-4b08-9937-8e25f1b14b15@group-B04784ACDAAF-LeaderElection941] INFO  server.RaftServerConfigKeys (ConfUtils.java:logGet(43)) - raft.server.rpc.sleep.time = 25ms (default)
2019-10-18 07:23:47,722 [6633f50a-7046-4b08-9937-8e25f1b14b15@group-B04784ACDAAF-LeaderElection941] INFO  server.RaftServerConfigKeys (ConfUtils.java:logGet(43)) - raft.server.write.element-limit = 4096 (default)
2019-10-18 07:23:47,722 [6633f50a-7046-4b08-9937-8e25f1b14b15@group-B04784ACDAAF-LeaderElection941] INFO  server.RaftServerConfigKeys (ConfUtils.java:logGet(43)) - raft.server.watch.timeout = 10s (default)
2019-10-18 07:23:47,722 [6633f50a-7046-4b08-9937-8e25f1b14b15@group-B04784ACDAAF-LeaderElection941] INFO  server.RaftServerConfigKeys (ConfUtils.java:logGet(43)) - raft.server.watch.timeout.denomination = 1s (default)
2019-10-18 07:23:47,723 [6633f50a-7046-4b08-9937-8e25f1b14b15@group-B04784ACDAAF-LeaderElection941] INFO  server.RaftServerConfigKeys (ConfUtils.java:logGet(43)) - raft.server.watch.element-limit = 65536 (default)
2019-10-18 07:23:47,725 [6633f50a-7046-4b08-9937-8e25f1b14b15@group-B04784ACDAAF-LeaderElection941] INFO  impl.RoleInfo (RoleInfo.java:updateAndGet(143)) - 6633f50a-7046-4b08-9937-8e25f1b14b15: start LeaderState
2019-10-18 07:23:47,725 [6633f50a-7046-4b08-9937-8e25f1b14b15@group-B04784ACDAAF-LeaderElection941] INFO  segmented.SegmentedRaftLogWorker (SegmentedRaftLogWorker.java:startLogSegment(385)) - 6633f50a-7046-4b08-9937-8e25f1b14b15@group-B04784ACDAAF-SegmentedRaftLogWorker: Starting segment from index:0
2019-10-18 07:23:47,725 [6633f50a-7046-4b08-9937-8e25f1b14b15@group-B04784ACDAAF-LeaderElection941] INFO  impl.RaftServerImpl (ServerState.java:setRaftConf(357)) - 6633f50a-7046-4b08-9937-8e25f1b14b15@group-B04784ACDAAF: set configuration 0: [6633f50a-7046-4b08-9937-8e25f1b14b15:192.168.34.25:39338], old=null at 0
2019-10-18 07:23:47,735 [IPC Server handler 6 on 38390] INFO  net.NetworkTopology (NetworkTopologyImpl.java:add(111)) - Added a new node: /rack1/2dff5807-dc58-47fd-8302-31bc14eca994
2019-10-18 07:23:47,735 [IPC Server handler 6 on 38390] INFO  node.SCMNodeManager (SCMNodeManager.java:register(268)) - Registered Data node : 2dff5807-dc58-47fd-8302-31bc14eca994{ip: 192.168.34.25, host: pr-hdds-2318-jnjn8-2612408985, networkLocation: /rack1, certSerialId: null}
2019-10-18 07:23:47,746 [pool-560-thread-1] INFO  storage.RaftStorage (RaftStorage.java:format(84)) - Storage directory /workdir/hadoop-ozone/integration-test/target/test-dir/MiniOzoneClusterImpl-f216ddbe-e8b4-4355-85c5-09cf054ba290/datanode-5/data/ratis/815d9d0a-c9ae-4fd5-8a7a-4e3e76471d38 has been successfully formatted.
2019-10-18 07:23:47,747 [pool-560-thread-1] INFO  ratis.ContainerStateMachine (ContainerStateMachine.java:loadSnapshot(231)) - group-4E3E76471D38: The snapshot info is null. Setting the last applied indexto:(t:0, i:~)
2019-10-18 07:23:47,747 [pool-560-thread-1] INFO  server.RaftServerConfigKeys (ConfUtils.java:logGet(43)) - raft.server.notification.no-leader.timeout = 120s (custom)
2019-10-18 07:23:47,747 [pool-560-thread-1] INFO  server.RaftServerConfigKeys (ConfUtils.java:logGet(43)) - raft.server.log.use.memory = false (default)
2019-10-18 07:23:47,747 [pool-560-thread-1] INFO  server.RaftServerConfigKeys (ConfUtils.java:logGet(43)) - raft.server.log.purge.gap = 1000000 (custom)
2019-10-18 07:23:47,747 [pool-560-thread-1] INFO  server.RaftServerConfigKeys (ConfUtils.java:logGet(43)) - raft.server.log.appender.buffer.byte-limit = 33554432 (custom)
2019-10-18 07:23:47,747 [pool-560-thread-1] INFO  server.RaftServerConfigKeys (ConfUtils.java:logGet(43)) - raft.server.log.segment.size.max = 1048576 (custom)
2019-10-18 07:23:47,749 [pool-560-thread-1] INFO  server.RaftServerConfigKeys (ConfUtils.java:logGet(43)) - raft.server.log.segment.cache.num.max = 2 (custom)
2019-10-18 07:23:47,749 [pool-560-thread-1] INFO  segmented.SegmentedRaftLogWorker (SegmentedRaftLogWorker.java:<init>(173)) - new 9712a796-5281-4f3e-ac85-61dedd90db73@group-4E3E76471D38-SegmentedRaftLogWorker for RaftStorage:Storage Directory /workdir/hadoop-ozone/integration-test/target/test-dir/MiniOzoneClusterImpl-f216ddbe-e8b4-4355-85c5-09cf054ba290/datanode-5/data/ratis/815d9d0a-c9ae-4fd5-8a7a-4e3e76471d38
2019-10-18 07:23:47,749 [pool-560-thread-1] INFO  server.RaftServerConfigKeys (ConfUtils.java:logGet(43)) - raft.server.log.queue.byte-limit = 2147483647 (custom)
2019-10-18 07:23:47,749 [pool-560-thread-1] INFO  server.RaftServerConfigKeys (ConfUtils.java:logGet(43)) - raft.server.log.queue.element-limit = 1024 (custom)
2019-10-18 07:23:47,749 [pool-560-thread-1] INFO  server.RaftServerConfigKeys (ConfUtils.java:logGet(43)) - raft.server.log.segment.size.max = 1048576 (custom)
2019-10-18 07:23:47,749 [pool-560-thread-1] INFO  server.RaftServerConfigKeys (ConfUtils.java:logGet(43)) - raft.server.log.preallocated.size = 16384 (custom)
2019-10-18 07:23:47,749 [pool-560-thread-1] INFO  server.RaftServerConfigKeys (ConfUtils.java:logGet(43)) - raft.server.log.write.buffer.size = 33554432 (custom)
2019-10-18 07:23:47,749 [pool-560-thread-1] INFO  server.RaftServerConfigKeys (ConfUtils.java:logGet(43)) - raft.server.log.force.sync.num = 128 (default)
2019-10-18 07:23:47,750 [pool-560-thread-1] INFO  server.RaftServerConfigKeys (ConfUtils.java:logGet(43)) - raft.server.log.statemachine.data.sync = true (default)
2019-10-18 07:23:47,750 [pool-560-thread-1] INFO  server.RaftServerConfigKeys (ConfUtils.java:logGet(43)) - raft.server.log.statemachine.data.sync.timeout = 10s (default)
2019-10-18 07:23:47,750 [pool-560-thread-1] INFO  server.RaftServerConfigKeys (ConfUtils.java:logGet(43)) - raft.server.log.statemachine.data.sync.timeout.retry = -1 (default)
2019-10-18 07:23:47,750 [pool-560-thread-1] INFO  server.RaftServerConfigKeys (ConfUtils.java:logGet(43)) - raft.server.log.statemachine.data.caching.enabled = true (custom)
2019-10-18 07:23:47,750 [pool-560-thread-1] INFO  segmented.SegmentedRaftLogWorker (SegmentedRaftLogWorker.java:lambda$new$0(128)) - 9712a796-5281-4f3e-ac85-61dedd90db73@group-4E3E76471D38-SegmentedRaftLogWorker: flushIndex: setUnconditionally 0 -> -1
2019-10-18 07:23:47,750 [pool-560-thread-1] INFO  server.RaftServerConfigKeys (ConfUtils.java:logGet(43)) - raft.server.snapshot.auto.trigger.enabled = true (custom)
2019-10-18 07:23:47,751 [pool-560-thread-1] INFO  server.RaftServerConfigKeys (ConfUtils.java:logGet(43)) - raft.server.snapshot.auto.trigger.threshold = 10000 (custom)
2019-10-18 07:23:47,751 [pool-560-thread-1] INFO  server.RaftServerConfigKeys (ConfUtils.java:logGet(43)) - raft.server.snapshot.retention.file.num = 5 (custom)
2019-10-18 07:23:47,751 [pool-560-thread-1] INFO  server.RaftServerConfigKeys (ConfUtils.java:logGet(43)) - raft.server.retrycache.expirytime = 600000ms (custom)
2019-10-18 07:23:47,753 [pool-560-thread-1] INFO  impl.RaftServerImpl (RaftServerImpl.java:start(195)) - 9712a796-5281-4f3e-ac85-61dedd90db73@group-4E3E76471D38: start as a follower, conf=-1: [9712a796-5281-4f3e-ac85-61dedd90db73:192.168.34.25:45438], old=null
2019-10-18 07:23:47,753 [pool-560-thread-1] INFO  impl.RaftServerImpl (RaftServerImpl.java:setRole(184)) - 9712a796-5281-4f3e-ac85-61dedd90db73@group-4E3E76471D38: changes role from      null to FOLLOWER at term 0 for startAsFollower
2019-10-18 07:23:47,753 [pool-560-thread-1] INFO  impl.RoleInfo (RoleInfo.java:updateAndGet(143)) - 9712a796-5281-4f3e-ac85-61dedd90db73: start FollowerState
2019-10-18 07:23:47,753 [pool-560-thread-1] INFO  util.JmxRegister (JmxRegister.java:tryRegister(44)) - Successfully registered JMX Bean with object name Ratis:service=RaftServer,group=group-4E3E76471D38,id=9712a796-5281-4f3e-ac85-61dedd90db73
2019-10-18 07:23:47,757 [RatisPipelineUtilsThread] INFO  pipeline.PipelineStateManager (PipelineStateManager.java:addPipeline(56)) - Created pipeline Pipeline[ Id: 815d9d0a-c9ae-4fd5-8a7a-4e3e76471d38, Nodes: 9712a796-5281-4f3e-ac85-61dedd90db73{ip: 192.168.34.25, host: pr-hdds-2318-jnjn8-2612408985, networkLocation: /rack1, certSerialId: null}, Type:RATIS, Factor:ONE, State:OPEN]
2019-10-18 07:23:47,766 [grpc-default-executor-4] INFO  impl.RaftServerProxy (RaftServerProxy.java:addNew(89)) - 2dff5807-dc58-47fd-8302-31bc14eca994: addNew group-5461EF06EF96:[2dff5807-dc58-47fd-8302-31bc14eca994:192.168.34.25:37938] returns group-5461EF06EF96:java.util.concurrent.CompletableFuture@733c934d[Not completed]
2019-10-18 07:23:47,767 [pool-570-thread-1] INFO  impl.RaftServerImpl (RaftServerImpl.java:<init>(104)) - 2dff5807-dc58-47fd-8302-31bc14eca994: new RaftServerImpl for group-5461EF06EF96:[2dff5807-dc58-47fd-8302-31bc14eca994:192.168.34.25:37938] with ContainerStateMachine:uninitialized
2019-10-18 07:23:47,767 [pool-570-thread-1] INFO  server.RaftServerConfigKeys (ConfUtils.java:logGet(43)) - raft.server.rpc.timeout.min = 1s (custom)
2019-10-18 07:23:47,767 [pool-570-thread-1] INFO  server.RaftServerConfigKeys (ConfUtils.java:logGet(43)) - raft.server.rpc.timeout.max = 1200ms (custom)
2019-10-18 07:23:47,767 [pool-570-thread-1] INFO  server.RaftServerConfigKeys (ConfUtils.java:logGet(43)) - raft.server.rpcslowness.timeout = 120s (custom)
2019-10-18 07:23:47,767 [pool-570-thread-1] INFO  server.RaftServerConfigKeys (ConfUtils.java:logGet(43)) - raft.server.sleep.deviation.threshold = 300 (default)
2019-10-18 07:23:47,767 [pool-570-thread-1] INFO  server.RaftServerConfigKeys (ConfUtils.java:logGet(43)) - raft.server.log.appender.install.snapshot.enabled = false (custom)
2019-10-18 07:23:47,767 [pool-570-thread-1] INFO  impl.RaftServerImpl (ServerState.java:<init>(103)) - 2dff5807-dc58-47fd-8302-31bc14eca994@group-5461EF06EF96: ConfigurationManager, init=-1: [2dff5807-dc58-47fd-8302-31bc14eca994:192.168.34.25:37938], old=null, confs=<EMPTY_MAP>
2019-10-18 07:23:47,767 [pool-570-thread-1] INFO  server.RaftServerConfigKeys (ConfUtils.java:logGet(43)) - raft.server.storage.dir = [/workdir/hadoop-ozone/integration-test/target/test-dir/MiniOzoneClusterImpl-f216ddbe-e8b4-4355-85c5-09cf054ba290/datanode-6/data/ratis] (custom)
2019-10-18 07:23:47,768 [pool-570-thread-1] INFO  server.RaftServerConfigKeys (ConfUtils.java:logGet(43)) - raft.server.log.corruption.policy = EXCEPTION (default)
2019-10-18 07:23:47,768 [pool-570-thread-1] INFO  storage.RaftStorageDirectory (RaftStorageDirectory.java:analyzeStorage(246)) - The storage directory /workdir/hadoop-ozone/integration-test/target/test-dir/MiniOzoneClusterImpl-f216ddbe-e8b4-4355-85c5-09cf054ba290/datanode-6/data/ratis/b4ce3137-6351-43bb-b1a4-5461ef06ef96 does not exist. Creating ...
2019-10-18 07:23:47,772 [Thread-8685] INFO  impl.FollowerState (FollowerState.java:run(108)) - 9712a796-5281-4f3e-ac85-61dedd90db73@group-4E3E76471D38-FollowerState: change to CANDIDATE, lastRpcTime:19ms, electionTimeout:19ms
2019-10-18 07:23:47,773 [Thread-8685] INFO  impl.RoleInfo (RoleInfo.java:shutdownFollowerState(121)) - 9712a796-5281-4f3e-ac85-61dedd90db73: shutdown FollowerState
2019-10-18 07:23:47,773 [Thread-8685] INFO  impl.RaftServerImpl (RaftServerImpl.java:setRole(184)) - 9712a796-5281-4f3e-ac85-61dedd90db73@group-4E3E76471D38: changes role from  FOLLOWER to CANDIDATE at term 0 for changeToCandidate
2019-10-18 07:23:47,773 [Thread-8685] INFO  impl.RoleInfo (RoleInfo.java:updateAndGet(143)) - 9712a796-5281-4f3e-ac85-61dedd90db73: start LeaderElection
2019-10-18 07:23:47,789 [pool-570-thread-1] INFO  storage.RaftStorageDirectory (RaftStorageDirectory.java:tryLock(328)) - Lock on /workdir/hadoop-ozone/integration-test/target/test-dir/MiniOzoneClusterImpl-f216ddbe-e8b4-4355-85c5-09cf054ba290/datanode-6/data/ratis/b4ce3137-6351-43bb-b1a4-5461ef06ef96/in_use.lock acquired by nodename 21255@pr-hdds-2318-jnjn8-2612408985
2019-10-18 07:23:47,790 [6633f50a-7046-4b08-9937-8e25f1b14b15@group-B04784ACDAAF-SegmentedRaftLogWorker] INFO  segmented.SegmentedRaftLogWorker (SegmentedRaftLogWorker.java:execute(576)) - 6633f50a-7046-4b08-9937-8e25f1b14b15@group-B04784ACDAAF-SegmentedRaftLogWorker: created new log segment /workdir/hadoop-ozone/integration-test/target/test-dir/MiniOzoneClusterImpl-f216ddbe-e8b4-4355-85c5-09cf054ba290/datanode-3/data/ratis/ebdc18ef-8d9d-47eb-a135-b04784acdaaf/current/log_inprogress_0
2019-10-18 07:23:47,806 [9712a796-5281-4f3e-ac85-61dedd90db73@group-4E3E76471D38-LeaderElection942] INFO  impl.LeaderElection (LeaderElection.java:askForVotes(178)) - 9712a796-5281-4f3e-ac85-61dedd90db73@group-4E3E76471D38-LeaderElection942: begin an election at term 1 for -1: [9712a796-5281-4f3e-ac85-61dedd90db73:192.168.34.25:45438], old=null
2019-10-18 07:23:47,807 [9712a796-5281-4f3e-ac85-61dedd90db73@group-4E3E76471D38-LeaderElection942] INFO  impl.RoleInfo (RoleInfo.java:shutdownLeaderElection(134)) - 9712a796-5281-4f3e-ac85-61dedd90db73: shutdown LeaderElection
2019-10-18 07:23:47,807 [9712a796-5281-4f3e-ac85-61dedd90db73@group-4E3E76471D38-LeaderElection942] INFO  impl.RaftServerImpl (RaftServerImpl.java:setRole(184)) - 9712a796-5281-4f3e-ac85-61dedd90db73@group-4E3E76471D38: changes role from CANDIDATE to LEADER at term 1 for changeToLeader
2019-10-18 07:23:47,807 [9712a796-5281-4f3e-ac85-61dedd90db73@group-4E3E76471D38-LeaderElection942] INFO  impl.RaftServerImpl (ServerState.java:setLeader(256)) - 9712a796-5281-4f3e-ac85-61dedd90db73@group-4E3E76471D38: change Leader from null to 9712a796-5281-4f3e-ac85-61dedd90db73 at term 1 for becomeLeader, leader elected after 59ms
2019-10-18 07:23:47,807 [9712a796-5281-4f3e-ac85-61dedd90db73@group-4E3E76471D38-LeaderElection942] INFO  server.RaftServerConfigKeys (ConfUtils.java:logGet(43)) - raft.server.staging.catchup.gap = 1000 (default)
2019-10-18 07:23:47,807 [9712a796-5281-4f3e-ac85-61dedd90db73@group-4E3E76471D38-LeaderElection942] INFO  server.RaftServerConfigKeys (ConfUtils.java:logGet(43)) - raft.server.rpc.sleep.time = 25ms (default)
2019-10-18 07:23:47,807 [9712a796-5281-4f3e-ac85-61dedd90db73@group-4E3E76471D38-LeaderElection942] INFO  server.RaftServerConfigKeys (ConfUtils.java:logGet(43)) - raft.server.write.element-limit = 4096 (default)
2019-10-18 07:23:47,807 [9712a796-5281-4f3e-ac85-61dedd90db73@group-4E3E76471D38-LeaderElection942] INFO  server.RaftServerConfigKeys (ConfUtils.java:logGet(43)) - raft.server.watch.timeout = 10s (default)
2019-10-18 07:23:47,807 [9712a796-5281-4f3e-ac85-61dedd90db73@group-4E3E76471D38-LeaderElection942] INFO  server.RaftServerConfigKeys (ConfUtils.java:logGet(43)) - raft.server.watch.timeout.denomination = 1s (default)
2019-10-18 07:23:47,807 [9712a796-5281-4f3e-ac85-61dedd90db73@group-4E3E76471D38-LeaderElection942] INFO  server.RaftServerConfigKeys (ConfUtils.java:logGet(43)) - raft.server.watch.element-limit = 65536 (default)
2019-10-18 07:23:47,808 [9712a796-5281-4f3e-ac85-61dedd90db73@group-4E3E76471D38-LeaderElection942] INFO  impl.RoleInfo (RoleInfo.java:updateAndGet(143)) - 9712a796-5281-4f3e-ac85-61dedd90db73: start LeaderState
2019-10-18 07:23:47,809 [9712a796-5281-4f3e-ac85-61dedd90db73@group-4E3E76471D38-LeaderElection942] INFO  segmented.SegmentedRaftLogWorker (SegmentedRaftLogWorker.java:startLogSegment(385)) - 9712a796-5281-4f3e-ac85-61dedd90db73@group-4E3E76471D38-SegmentedRaftLogWorker: Starting segment from index:0
2019-10-18 07:23:47,809 [9712a796-5281-4f3e-ac85-61dedd90db73@group-4E3E76471D38-LeaderElection942] INFO  impl.RaftServerImpl (ServerState.java:setRaftConf(357)) - 9712a796-5281-4f3e-ac85-61dedd90db73@group-4E3E76471D38: set configuration 0: [9712a796-5281-4f3e-ac85-61dedd90db73:192.168.34.25:45438], old=null at 0
2019-10-18 07:23:47,824 [pool-570-thread-1] INFO  storage.RaftStorage (RaftStorage.java:format(84)) - Storage directory /workdir/hadoop-ozone/integration-test/target/test-dir/MiniOzoneClusterImpl-f216ddbe-e8b4-4355-85c5-09cf054ba290/datanode-6/data/ratis/b4ce3137-6351-43bb-b1a4-5461ef06ef96 has been successfully formatted.
2019-10-18 07:23:47,824 [pool-570-thread-1] INFO  ratis.ContainerStateMachine (ContainerStateMachine.java:loadSnapshot(231)) - group-5461EF06EF96: The snapshot info is null. Setting the last applied indexto:(t:0, i:~)
2019-10-18 07:23:47,824 [pool-570-thread-1] INFO  server.RaftServerConfigKeys (ConfUtils.java:logGet(43)) - raft.server.notification.no-leader.timeout = 120s (custom)
2019-10-18 07:23:47,824 [pool-570-thread-1] INFO  server.RaftServerConfigKeys (ConfUtils.java:logGet(43)) - raft.server.log.use.memory = false (default)
2019-10-18 07:23:47,824 [pool-570-thread-1] INFO  server.RaftServerConfigKeys (ConfUtils.java:logGet(43)) - raft.server.log.purge.gap = 1000000 (custom)
2019-10-18 07:23:47,824 [pool-570-thread-1] INFO  server.RaftServerConfigKeys (ConfUtils.java:logGet(43)) - raft.server.log.appender.buffer.byte-limit = 33554432 (custom)
2019-10-18 07:23:47,824 [pool-570-thread-1] INFO  server.RaftServerConfigKeys (ConfUtils.java:logGet(43)) - raft.server.log.segment.size.max = 1048576 (custom)
2019-10-18 07:23:47,826 [pool-570-thread-1] INFO  server.RaftServerConfigKeys (ConfUtils.java:logGet(43)) - raft.server.log.segment.cache.num.max = 2 (custom)
2019-10-18 07:23:47,826 [pool-570-thread-1] INFO  segmented.SegmentedRaftLogWorker (SegmentedRaftLogWorker.java:<init>(173)) - new 2dff5807-dc58-47fd-8302-31bc14eca994@group-5461EF06EF96-SegmentedRaftLogWorker for RaftStorage:Storage Directory /workdir/hadoop-ozone/integration-test/target/test-dir/MiniOzoneClusterImpl-f216ddbe-e8b4-4355-85c5-09cf054ba290/datanode-6/data/ratis/b4ce3137-6351-43bb-b1a4-5461ef06ef96
2019-10-18 07:23:47,826 [pool-570-thread-1] INFO  server.RaftServerConfigKeys (ConfUtils.java:logGet(43)) - raft.server.log.queue.byte-limit = 2147483647 (custom)
2019-10-18 07:23:47,826 [pool-570-thread-1] INFO  server.RaftServerConfigKeys (ConfUtils.java:logGet(43)) - raft.server.log.queue.element-limit = 1024 (custom)
2019-10-18 07:23:47,826 [pool-570-thread-1] INFO  server.RaftServerConfigKeys (ConfUtils.java:logGet(43)) - raft.server.log.segment.size.max = 1048576 (custom)
2019-10-18 07:23:47,826 [pool-570-thread-1] INFO  server.RaftServerConfigKeys (ConfUtils.java:logGet(43)) - raft.server.log.preallocated.size = 16384 (custom)
2019-10-18 07:23:47,826 [pool-570-thread-1] INFO  server.RaftServerConfigKeys (ConfUtils.java:logGet(43)) - raft.server.log.write.buffer.size = 33554432 (custom)
2019-10-18 07:23:47,827 [pool-570-thread-1] INFO  server.RaftServerConfigKeys (ConfUtils.java:logGet(43)) - raft.server.log.force.sync.num = 128 (default)
2019-10-18 07:23:47,827 [pool-570-thread-1] INFO  server.RaftServerConfigKeys (ConfUtils.java:logGet(43)) - raft.server.log.statemachine.data.sync = true (default)
2019-10-18 07:23:47,827 [pool-570-thread-1] INFO  server.RaftServerConfigKeys (ConfUtils.java:logGet(43)) - raft.server.log.statemachine.data.sync.timeout = 10s (default)
2019-10-18 07:23:47,827 [pool-570-thread-1] INFO  server.RaftServerConfigKeys (ConfUtils.java:logGet(43)) - raft.server.log.statemachine.data.sync.timeout.retry = -1 (default)
2019-10-18 07:23:47,827 [pool-570-thread-1] INFO  server.RaftServerConfigKeys (ConfUtils.java:logGet(43)) - raft.server.log.statemachine.data.caching.enabled = true (custom)
2019-10-18 07:23:47,827 [pool-570-thread-1] INFO  segmented.SegmentedRaftLogWorker (SegmentedRaftLogWorker.java:lambda$new$0(128)) - 2dff5807-dc58-47fd-8302-31bc14eca994@group-5461EF06EF96-SegmentedRaftLogWorker: flushIndex: setUnconditionally 0 -> -1
2019-10-18 07:23:47,828 [pool-570-thread-1] INFO  server.RaftServerConfigKeys (ConfUtils.java:logGet(43)) - raft.server.snapshot.auto.trigger.enabled = true (custom)
2019-10-18 07:23:47,828 [pool-570-thread-1] INFO  server.RaftServerConfigKeys (ConfUtils.java:logGet(43)) - raft.server.snapshot.auto.trigger.threshold = 10000 (custom)
2019-10-18 07:23:47,828 [pool-570-thread-1] INFO  server.RaftServerConfigKeys (ConfUtils.java:logGet(43)) - raft.server.snapshot.retention.file.num = 5 (custom)
2019-10-18 07:23:47,828 [pool-570-thread-1] INFO  server.RaftServerConfigKeys (ConfUtils.java:logGet(43)) - raft.server.retrycache.expirytime = 600000ms (custom)
2019-10-18 07:23:47,829 [IPC Server handler 7 on 38390] INFO  net.NetworkTopology (NetworkTopologyImpl.java:add(111)) - Added a new node: /rack1/030c2313-1c2c-4b42-81fb-cb58ee93f992
2019-10-18 07:23:47,829 [IPC Server handler 7 on 38390] INFO  node.SCMNodeManager (SCMNodeManager.java:register(268)) - Registered Data node : 030c2313-1c2c-4b42-81fb-cb58ee93f992{ip: 192.168.34.25, host: pr-hdds-2318-jnjn8-2612408985, networkLocation: /rack1, certSerialId: null}
2019-10-18 07:23:47,831 [pool-570-thread-1] INFO  impl.RaftServerImpl (RaftServerImpl.java:start(195)) - 2dff5807-dc58-47fd-8302-31bc14eca994@group-5461EF06EF96: start as a follower, conf=-1: [2dff5807-dc58-47fd-8302-31bc14eca994:192.168.34.25:37938], old=null
2019-10-18 07:23:47,831 [pool-570-thread-1] INFO  impl.RaftServerImpl (RaftServerImpl.java:setRole(184)) - 2dff5807-dc58-47fd-8302-31bc14eca994@group-5461EF06EF96: changes role from      null to FOLLOWER at term 0 for startAsFollower
2019-10-18 07:23:47,831 [pool-570-thread-1] INFO  impl.RoleInfo (RoleInfo.java:updateAndGet(143)) - 2dff5807-dc58-47fd-8302-31bc14eca994: start FollowerState
2019-10-18 07:23:47,831 [pool-570-thread-1] INFO  util.JmxRegister (JmxRegister.java:tryRegister(44)) - Successfully registered JMX Bean with object name Ratis:service=RaftServer,group=group-5461EF06EF96,id=2dff5807-dc58-47fd-8302-31bc14eca994
2019-10-18 07:23:47,834 [RatisPipelineUtilsThread] INFO  pipeline.PipelineStateManager (PipelineStateManager.java:addPipeline(56)) - Created pipeline Pipeline[ Id: b4ce3137-6351-43bb-b1a4-5461ef06ef96, Nodes: 2dff5807-dc58-47fd-8302-31bc14eca994{ip: 192.168.34.25, host: pr-hdds-2318-jnjn8-2612408985, networkLocation: /rack1, certSerialId: null}, Type:RATIS, Factor:ONE, State:OPEN]
2019-10-18 07:23:47,845 [Thread-8680] INFO  impl.FollowerState (FollowerState.java:run(108)) - 5170c5f3-8499-4b42-9321-85fc8a351f79@group-63EEB8EEAC52-FollowerState: change to CANDIDATE, lastRpcTime:165ms, electionTimeout:157ms
2019-10-18 07:23:47,845 [Thread-8680] INFO  impl.RoleInfo (RoleInfo.java:shutdownFollowerState(121)) - 5170c5f3-8499-4b42-9321-85fc8a351f79: shutdown FollowerState
2019-10-18 07:23:47,845 [Thread-8680] INFO  impl.RaftServerImpl (RaftServerImpl.java:setRole(184)) - 5170c5f3-8499-4b42-9321-85fc8a351f79@group-63EEB8EEAC52: changes role from  FOLLOWER to CANDIDATE at term 0 for changeToCandidate
2019-10-18 07:23:47,845 [Thread-8680] INFO  impl.RoleInfo (RoleInfo.java:updateAndGet(143)) - 5170c5f3-8499-4b42-9321-85fc8a351f79: start LeaderElection
2019-10-18 07:23:47,855 [grpc-default-executor-4] INFO  impl.RaftServerProxy (RaftServerProxy.java:addNew(89)) - 030c2313-1c2c-4b42-81fb-cb58ee93f992: addNew group-7BE3AFF1E8AA:[030c2313-1c2c-4b42-81fb-cb58ee93f992:192.168.34.25:33896] returns group-7BE3AFF1E8AA:java.util.concurrent.CompletableFuture@cb37089[Not completed]
2019-10-18 07:23:47,856 [pool-580-thread-1] INFO  impl.RaftServerImpl (RaftServerImpl.java:<init>(104)) - 030c2313-1c2c-4b42-81fb-cb58ee93f992: new RaftServerImpl for group-7BE3AFF1E8AA:[030c2313-1c2c-4b42-81fb-cb58ee93f992:192.168.34.25:33896] with ContainerStateMachine:uninitialized
2019-10-18 07:23:47,856 [pool-580-thread-1] INFO  server.RaftServerConfigKeys (ConfUtils.java:logGet(43)) - raft.server.rpc.timeout.min = 1s (custom)
2019-10-18 07:23:47,856 [pool-580-thread-1] INFO  server.RaftServerConfigKeys (ConfUtils.java:logGet(43)) - raft.server.rpc.timeout.max = 1200ms (custom)
2019-10-18 07:23:47,857 [pool-580-thread-1] INFO  server.RaftServerConfigKeys (ConfUtils.java:logGet(43)) - raft.server.rpcslowness.timeout = 120s (custom)
2019-10-18 07:23:47,857 [pool-580-thread-1] INFO  server.RaftServerConfigKeys (ConfUtils.java:logGet(43)) - raft.server.sleep.deviation.threshold = 300 (default)
2019-10-18 07:23:47,857 [pool-580-thread-1] INFO  server.RaftServerConfigKeys (ConfUtils.java:logGet(43)) - raft.server.log.appender.install.snapshot.enabled = false (custom)
2019-10-18 07:23:47,857 [pool-580-thread-1] INFO  impl.RaftServerImpl (ServerState.java:<init>(103)) - 030c2313-1c2c-4b42-81fb-cb58ee93f992@group-7BE3AFF1E8AA: ConfigurationManager, init=-1: [030c2313-1c2c-4b42-81fb-cb58ee93f992:192.168.34.25:33896], old=null, confs=<EMPTY_MAP>
2019-10-18 07:23:47,857 [pool-580-thread-1] INFO  server.RaftServerConfigKeys (ConfUtils.java:logGet(43)) - raft.server.storage.dir = [/workdir/hadoop-ozone/integration-test/target/test-dir/MiniOzoneClusterImpl-f216ddbe-e8b4-4355-85c5-09cf054ba290/datanode-7/data/ratis] (custom)
2019-10-18 07:23:47,857 [pool-580-thread-1] INFO  server.RaftServerConfigKeys (ConfUtils.java:logGet(43)) - raft.server.log.corruption.policy = EXCEPTION (default)
2019-10-18 07:23:47,858 [pool-580-thread-1] INFO  storage.RaftStorageDirectory (RaftStorageDirectory.java:analyzeStorage(246)) - The storage directory /workdir/hadoop-ozone/integration-test/target/test-dir/MiniOzoneClusterImpl-f216ddbe-e8b4-4355-85c5-09cf054ba290/datanode-7/data/ratis/1207ab9a-0cd5-406f-903e-7be3aff1e8aa does not exist. Creating ...
2019-10-18 07:23:47,874 [9712a796-5281-4f3e-ac85-61dedd90db73@group-4E3E76471D38-SegmentedRaftLogWorker] INFO  segmented.SegmentedRaftLogWorker (SegmentedRaftLogWorker.java:execute(576)) - 9712a796-5281-4f3e-ac85-61dedd90db73@group-4E3E76471D38-SegmentedRaftLogWorker: created new log segment /workdir/hadoop-ozone/integration-test/target/test-dir/MiniOzoneClusterImpl-f216ddbe-e8b4-4355-85c5-09cf054ba290/datanode-5/data/ratis/815d9d0a-c9ae-4fd5-8a7a-4e3e76471d38/current/log_inprogress_0
2019-10-18 07:23:47,874 [5170c5f3-8499-4b42-9321-85fc8a351f79@group-63EEB8EEAC52-LeaderElection943] INFO  impl.LeaderElection (LeaderElection.java:askForVotes(178)) - 5170c5f3-8499-4b42-9321-85fc8a351f79@group-63EEB8EEAC52-LeaderElection943: begin an election at term 1 for -1: [5170c5f3-8499-4b42-9321-85fc8a351f79:192.168.34.25:43074], old=null
2019-10-18 07:23:47,874 [5170c5f3-8499-4b42-9321-85fc8a351f79@group-63EEB8EEAC52-LeaderElection943] INFO  impl.RoleInfo (RoleInfo.java:shutdownLeaderElection(134)) - 5170c5f3-8499-4b42-9321-85fc8a351f79: shutdown LeaderElection
2019-10-18 07:23:47,874 [5170c5f3-8499-4b42-9321-85fc8a351f79@group-63EEB8EEAC52-LeaderElection943] INFO  impl.RaftServerImpl (RaftServerImpl.java:setRole(184)) - 5170c5f3-8499-4b42-9321-85fc8a351f79@group-63EEB8EEAC52: changes role from CANDIDATE to LEADER at term 1 for changeToLeader
2019-10-18 07:23:47,874 [5170c5f3-8499-4b42-9321-85fc8a351f79@group-63EEB8EEAC52-LeaderElection943] INFO  impl.RaftServerImpl (ServerState.java:setLeader(256)) - 5170c5f3-8499-4b42-9321-85fc8a351f79@group-63EEB8EEAC52: change Leader from null to 5170c5f3-8499-4b42-9321-85fc8a351f79 at term 1 for becomeLeader, leader elected after 203ms
2019-10-18 07:23:47,874 [5170c5f3-8499-4b42-9321-85fc8a351f79@group-63EEB8EEAC52-LeaderElection943] INFO  server.RaftServerConfigKeys (ConfUtils.java:logGet(43)) - raft.server.staging.catchup.gap = 1000 (default)
2019-10-18 07:23:47,875 [5170c5f3-8499-4b42-9321-85fc8a351f79@group-63EEB8EEAC52-LeaderElection943] INFO  server.RaftServerConfigKeys (ConfUtils.java:logGet(43)) - raft.server.rpc.sleep.time = 25ms (default)
2019-10-18 07:23:47,875 [5170c5f3-8499-4b42-9321-85fc8a351f79@group-63EEB8EEAC52-LeaderElection943] INFO  server.RaftServerConfigKeys (ConfUtils.java:logGet(43)) - raft.server.write.element-limit = 4096 (default)
2019-10-18 07:23:47,875 [5170c5f3-8499-4b42-9321-85fc8a351f79@group-63EEB8EEAC52-LeaderElection943] INFO  server.RaftServerConfigKeys (ConfUtils.java:logGet(43)) - raft.server.watch.timeout = 10s (default)
2019-10-18 07:23:47,875 [5170c5f3-8499-4b42-9321-85fc8a351f79@group-63EEB8EEAC52-LeaderElection943] INFO  server.RaftServerConfigKeys (ConfUtils.java:logGet(43)) - raft.server.watch.timeout.denomination = 1s (default)
2019-10-18 07:23:47,875 [5170c5f3-8499-4b42-9321-85fc8a351f79@group-63EEB8EEAC52-LeaderElection943] INFO  server.RaftServerConfigKeys (ConfUtils.java:logGet(43)) - raft.server.watch.element-limit = 65536 (default)
2019-10-18 07:23:47,877 [5170c5f3-8499-4b42-9321-85fc8a351f79@group-63EEB8EEAC52-LeaderElection943] INFO  impl.RoleInfo (RoleInfo.java:updateAndGet(143)) - 5170c5f3-8499-4b42-9321-85fc8a351f79: start LeaderState
2019-10-18 07:23:47,877 [5170c5f3-8499-4b42-9321-85fc8a351f79@group-63EEB8EEAC52-LeaderElection943] INFO  segmented.SegmentedRaftLogWorker (SegmentedRaftLogWorker.java:startLogSegment(385)) - 5170c5f3-8499-4b42-9321-85fc8a351f79@group-63EEB8EEAC52-SegmentedRaftLogWorker: Starting segment from index:0
2019-10-18 07:23:47,877 [5170c5f3-8499-4b42-9321-85fc8a351f79@group-63EEB8EEAC52-LeaderElection943] INFO  impl.RaftServerImpl (ServerState.java:setRaftConf(357)) - 5170c5f3-8499-4b42-9321-85fc8a351f79@group-63EEB8EEAC52: set configuration 0: [5170c5f3-8499-4b42-9321-85fc8a351f79:192.168.34.25:43074], old=null at 0
2019-10-18 07:23:47,891 [pool-580-thread-1] INFO  storage.RaftStorageDirectory (RaftStorageDirectory.java:tryLock(328)) - Lock on /workdir/hadoop-ozone/integration-test/target/test-dir/MiniOzoneClusterImpl-f216ddbe-e8b4-4355-85c5-09cf054ba290/datanode-7/data/ratis/1207ab9a-0cd5-406f-903e-7be3aff1e8aa/in_use.lock acquired by nodename 21255@pr-hdds-2318-jnjn8-2612408985
2019-10-18 07:23:47,912 [Thread-8690] INFO  impl.FollowerState (FollowerState.java:run(108)) - 2dff5807-dc58-47fd-8302-31bc14eca994@group-5461EF06EF96-FollowerState: change to CANDIDATE, lastRpcTime:81ms, electionTimeout:81ms
2019-10-18 07:23:47,913 [Thread-8690] INFO  impl.RoleInfo (RoleInfo.java:shutdownFollowerState(121)) - 2dff5807-dc58-47fd-8302-31bc14eca994: shutdown FollowerState
2019-10-18 07:23:47,913 [Thread-8690] INFO  impl.RaftServerImpl (RaftServerImpl.java:setRole(184)) - 2dff5807-dc58-47fd-8302-31bc14eca994@group-5461EF06EF96: changes role from  FOLLOWER to CANDIDATE at term 0 for changeToCandidate
2019-10-18 07:23:47,913 [Thread-8690] INFO  impl.RoleInfo (RoleInfo.java:updateAndGet(143)) - 2dff5807-dc58-47fd-8302-31bc14eca994: start LeaderElection
2019-10-18 07:23:47,917 [pool-580-thread-1] INFO  storage.RaftStorage (RaftStorage.java:format(84)) - Storage directory /workdir/hadoop-ozone/integration-test/target/test-dir/MiniOzoneClusterImpl-f216ddbe-e8b4-4355-85c5-09cf054ba290/datanode-7/data/ratis/1207ab9a-0cd5-406f-903e-7be3aff1e8aa has been successfully formatted.
2019-10-18 07:23:47,917 [pool-580-thread-1] INFO  ratis.ContainerStateMachine (ContainerStateMachine.java:loadSnapshot(231)) - group-7BE3AFF1E8AA: The snapshot info is null. Setting the last applied indexto:(t:0, i:~)
2019-10-18 07:23:47,917 [pool-580-thread-1] INFO  server.RaftServerConfigKeys (ConfUtils.java:logGet(43)) - raft.server.notification.no-leader.timeout = 120s (custom)
2019-10-18 07:23:47,917 [pool-580-thread-1] INFO  server.RaftServerConfigKeys (ConfUtils.java:logGet(43)) - raft.server.log.use.memory = false (default)
2019-10-18 07:23:47,917 [pool-580-thread-1] INFO  server.RaftServerConfigKeys (ConfUtils.java:logGet(43)) - raft.server.log.purge.gap = 1000000 (custom)
2019-10-18 07:23:47,918 [pool-580-thread-1] INFO  server.RaftServerConfigKeys (ConfUtils.java:logGet(43)) - raft.server.log.appender.buffer.byte-limit = 33554432 (custom)
2019-10-18 07:23:47,918 [pool-580-thread-1] INFO  server.RaftServerConfigKeys (ConfUtils.java:logGet(43)) - raft.server.log.segment.size.max = 1048576 (custom)
2019-10-18 07:23:47,919 [pool-580-thread-1] INFO  server.RaftServerConfigKeys (ConfUtils.java:logGet(43)) - raft.server.log.segment.cache.num.max = 2 (custom)
2019-10-18 07:23:47,919 [pool-580-thread-1] INFO  segmented.SegmentedRaftLogWorker (SegmentedRaftLogWorker.java:<init>(173)) - new 030c2313-1c2c-4b42-81fb-cb58ee93f992@group-7BE3AFF1E8AA-SegmentedRaftLogWorker for RaftStorage:Storage Directory /workdir/hadoop-ozone/integration-test/target/test-dir/MiniOzoneClusterImpl-f216ddbe-e8b4-4355-85c5-09cf054ba290/datanode-7/data/ratis/1207ab9a-0cd5-406f-903e-7be3aff1e8aa
2019-10-18 07:23:47,919 [pool-580-thread-1] INFO  server.RaftServerConfigKeys (ConfUtils.java:logGet(43)) - raft.server.log.queue.byte-limit = 2147483647 (custom)
2019-10-18 07:23:47,919 [pool-580-thread-1] INFO  server.RaftServerConfigKeys (ConfUtils.java:logGet(43)) - raft.server.log.queue.element-limit = 1024 (custom)
2019-10-18 07:23:47,919 [pool-580-thread-1] INFO  server.RaftServerConfigKeys (ConfUtils.java:logGet(43)) - raft.server.log.segment.size.max = 1048576 (custom)
2019-10-18 07:23:47,919 [pool-580-thread-1] INFO  server.RaftServerConfigKeys (ConfUtils.java:logGet(43)) - raft.server.log.preallocated.size = 16384 (custom)
2019-10-18 07:23:47,919 [pool-580-thread-1] INFO  server.RaftServerConfigKeys (ConfUtils.java:logGet(43)) - raft.server.log.write.buffer.size = 33554432 (custom)
2019-10-18 07:23:47,919 [pool-580-thread-1] INFO  server.RaftServerConfigKeys (ConfUtils.java:logGet(43)) - raft.server.log.force.sync.num = 128 (default)
2019-10-18 07:23:47,919 [pool-580-thread-1] INFO  server.RaftServerConfigKeys (ConfUtils.java:logGet(43)) - raft.server.log.statemachine.data.sync = true (default)
2019-10-18 07:23:47,920 [pool-580-thread-1] INFO  server.RaftServerConfigKeys (ConfUtils.java:logGet(43)) - raft.server.log.statemachine.data.sync.timeout = 10s (default)
2019-10-18 07:23:47,920 [pool-580-thread-1] INFO  server.RaftServerConfigKeys (ConfUtils.java:logGet(43)) - raft.server.log.statemachine.data.sync.timeout.retry = -1 (default)
2019-10-18 07:23:47,920 [pool-580-thread-1] INFO  server.RaftServerConfigKeys (ConfUtils.java:logGet(43)) - raft.server.log.statemachine.data.caching.enabled = true (custom)
2019-10-18 07:23:47,920 [pool-580-thread-1] INFO  segmented.SegmentedRaftLogWorker (SegmentedRaftLogWorker.java:lambda$new$0(128)) - 030c2313-1c2c-4b42-81fb-cb58ee93f992@group-7BE3AFF1E8AA-SegmentedRaftLogWorker: flushIndex: setUnconditionally 0 -> -1
2019-10-18 07:23:47,920 [pool-580-thread-1] INFO  server.RaftServerConfigKeys (ConfUtils.java:logGet(43)) - raft.server.snapshot.auto.trigger.enabled = true (custom)
2019-10-18 07:23:47,920 [pool-580-thread-1] INFO  server.RaftServerConfigKeys (ConfUtils.java:logGet(43)) - raft.server.snapshot.auto.trigger.threshold = 10000 (custom)
2019-10-18 07:23:47,920 [pool-580-thread-1] INFO  server.RaftServerConfigKeys (ConfUtils.java:logGet(43)) - raft.server.snapshot.retention.file.num = 5 (custom)
2019-10-18 07:23:47,921 [pool-580-thread-1] INFO  server.RaftServerConfigKeys (ConfUtils.java:logGet(43)) - raft.server.retrycache.expirytime = 600000ms (custom)
2019-10-18 07:23:47,923 [pool-580-thread-1] INFO  impl.RaftServerImpl (RaftServerImpl.java:start(195)) - 030c2313-1c2c-4b42-81fb-cb58ee93f992@group-7BE3AFF1E8AA: start as a follower, conf=-1: [030c2313-1c2c-4b42-81fb-cb58ee93f992:192.168.34.25:33896], old=null
2019-10-18 07:23:47,923 [pool-580-thread-1] INFO  impl.RaftServerImpl (RaftServerImpl.java:setRole(184)) - 030c2313-1c2c-4b42-81fb-cb58ee93f992@group-7BE3AFF1E8AA: changes role from      null to FOLLOWER at term 0 for startAsFollower
2019-10-18 07:23:47,923 [pool-580-thread-1] INFO  impl.RoleInfo (RoleInfo.java:updateAndGet(143)) - 030c2313-1c2c-4b42-81fb-cb58ee93f992: start FollowerState
2019-10-18 07:23:47,923 [pool-580-thread-1] INFO  util.JmxRegister (JmxRegister.java:tryRegister(44)) - Successfully registered JMX Bean with object name Ratis:service=RaftServer,group=group-7BE3AFF1E8AA,id=030c2313-1c2c-4b42-81fb-cb58ee93f992
2019-10-18 07:23:47,926 [RatisPipelineUtilsThread] INFO  pipeline.PipelineStateManager (PipelineStateManager.java:addPipeline(56)) - Created pipeline Pipeline[ Id: 1207ab9a-0cd5-406f-903e-7be3aff1e8aa, Nodes: 030c2313-1c2c-4b42-81fb-cb58ee93f992{ip: 192.168.34.25, host: pr-hdds-2318-jnjn8-2612408985, networkLocation: /rack1, certSerialId: null}, Type:RATIS, Factor:ONE, State:OPEN]
2019-10-18 07:23:47,929 [IPC Server handler 8 on 38390] INFO  net.NetworkTopology (NetworkTopologyImpl.java:add(111)) - Added a new node: /rack1/716dc1a1-4b82-41d5-9ffe-93d5e40efbd9
2019-10-18 07:23:47,929 [IPC Server handler 8 on 38390] INFO  node.SCMNodeManager (SCMNodeManager.java:register(268)) - Registered Data node : 716dc1a1-4b82-41d5-9ffe-93d5e40efbd9{ip: 192.168.34.25, host: pr-hdds-2318-jnjn8-2612408985, networkLocation: /rack1, certSerialId: null}
2019-10-18 07:23:47,933 [Thread-8696] INFO  impl.FollowerState (FollowerState.java:run(108)) - 030c2313-1c2c-4b42-81fb-cb58ee93f992@group-7BE3AFF1E8AA-FollowerState: change to CANDIDATE, lastRpcTime:9ms, electionTimeout:9ms
2019-10-18 07:23:47,935 [5170c5f3-8499-4b42-9321-85fc8a351f79@group-63EEB8EEAC52-SegmentedRaftLogWorker] INFO  segmented.SegmentedRaftLogWorker (SegmentedRaftLogWorker.java:execute(576)) - 5170c5f3-8499-4b42-9321-85fc8a351f79@group-63EEB8EEAC52-SegmentedRaftLogWorker: created new log segment /workdir/hadoop-ozone/integration-test/target/test-dir/MiniOzoneClusterImpl-f216ddbe-e8b4-4355-85c5-09cf054ba290/datanode-4/data/ratis/dbfa9920-a1ba-41bc-bc79-63eeb8eeac52/current/log_inprogress_0
2019-10-18 07:23:47,936 [2dff5807-dc58-47fd-8302-31bc14eca994@group-5461EF06EF96-LeaderElection944] INFO  impl.LeaderElection (LeaderElection.java:askForVotes(178)) - 2dff5807-dc58-47fd-8302-31bc14eca994@group-5461EF06EF96-LeaderElection944: begin an election at term 1 for -1: [2dff5807-dc58-47fd-8302-31bc14eca994:192.168.34.25:37938], old=null
2019-10-18 07:23:47,936 [Thread-8696] INFO  impl.RoleInfo (RoleInfo.java:shutdownFollowerState(121)) - 030c2313-1c2c-4b42-81fb-cb58ee93f992: shutdown FollowerState
2019-10-18 07:23:47,936 [2dff5807-dc58-47fd-8302-31bc14eca994@group-5461EF06EF96-LeaderElection944] INFO  impl.RoleInfo (RoleInfo.java:shutdownLeaderElection(134)) - 2dff5807-dc58-47fd-8302-31bc14eca994: shutdown LeaderElection
2019-10-18 07:23:47,936 [Thread-8696] INFO  impl.RaftServerImpl (RaftServerImpl.java:setRole(184)) - 030c2313-1c2c-4b42-81fb-cb58ee93f992@group-7BE3AFF1E8AA: changes role from  FOLLOWER to CANDIDATE at term 0 for changeToCandidate
2019-10-18 07:23:47,936 [2dff5807-dc58-47fd-8302-31bc14eca994@group-5461EF06EF96-LeaderElection944] INFO  impl.RaftServerImpl (RaftServerImpl.java:setRole(184)) - 2dff5807-dc58-47fd-8302-31bc14eca994@group-5461EF06EF96: changes role from CANDIDATE to LEADER at term 1 for changeToLeader
2019-10-18 07:23:47,936 [Thread-8696] INFO  impl.RoleInfo (RoleInfo.java:updateAndGet(143)) - 030c2313-1c2c-4b42-81fb-cb58ee93f992: start LeaderElection
2019-10-18 07:23:47,936 [2dff5807-dc58-47fd-8302-31bc14eca994@group-5461EF06EF96-LeaderElection944] INFO  impl.RaftServerImpl (ServerState.java:setLeader(256)) - 2dff5807-dc58-47fd-8302-31bc14eca994@group-5461EF06EF96: change Leader from null to 2dff5807-dc58-47fd-8302-31bc14eca994 at term 1 for becomeLeader, leader elected after 112ms
2019-10-18 07:23:47,936 [grpc-default-executor-14] INFO  impl.RaftServerProxy (RaftServerProxy.java:addNew(89)) - 6633f50a-7046-4b08-9937-8e25f1b14b15: addNew group-0C9C3B2D0CC1:[6633f50a-7046-4b08-9937-8e25f1b14b15:192.168.34.25:39338, 67270882-100a-4e75-928d-618d17e069c8:192.168.34.25:36648, 4dea926d-4bc6-487a-9b9b-9fd457d0fae4:192.168.34.25:41624] returns group-0C9C3B2D0CC1:java.util.concurrent.CompletableFuture@2968b621[Not completed]
2019-10-18 07:23:47,936 [2dff5807-dc58-47fd-8302-31bc14eca994@group-5461EF06EF96-LeaderElection944] INFO  server.RaftServerConfigKeys (ConfUtils.java:logGet(43)) - raft.server.staging.catchup.gap = 1000 (default)
2019-10-18 07:23:47,939 [grpc-default-executor-12] INFO  impl.RaftServerProxy (RaftServerProxy.java:addNew(89)) - 4dea926d-4bc6-487a-9b9b-9fd457d0fae4: addNew group-0C9C3B2D0CC1:[6633f50a-7046-4b08-9937-8e25f1b14b15:192.168.34.25:39338, 67270882-100a-4e75-928d-618d17e069c8:192.168.34.25:36648, 4dea926d-4bc6-487a-9b9b-9fd457d0fae4:192.168.34.25:41624] returns group-0C9C3B2D0CC1:java.util.concurrent.CompletableFuture@6bae811e[Not completed]
2019-10-18 07:23:47,939 [2dff5807-dc58-47fd-8302-31bc14eca994@group-5461EF06EF96-LeaderElection944] INFO  server.RaftServerConfigKeys (ConfUtils.java:logGet(43)) - raft.server.rpc.sleep.time = 25ms (default)
2019-10-18 07:23:47,939 [grpc-default-executor-14] INFO  impl.RaftServerProxy (RaftServerProxy.java:addNew(89)) - 67270882-100a-4e75-928d-618d17e069c8: addNew group-0C9C3B2D0CC1:[6633f50a-7046-4b08-9937-8e25f1b14b15:192.168.34.25:39338, 67270882-100a-4e75-928d-618d17e069c8:192.168.34.25:36648, 4dea926d-4bc6-487a-9b9b-9fd457d0fae4:192.168.34.25:41624] returns group-0C9C3B2D0CC1:java.util.concurrent.CompletableFuture@174e0ad6[Not completed]
2019-10-18 07:23:47,939 [2dff5807-dc58-47fd-8302-31bc14eca994@group-5461EF06EF96-LeaderElection944] INFO  server.RaftServerConfigKeys (ConfUtils.java:logGet(43)) - raft.server.write.element-limit = 4096 (default)
2019-10-18 07:23:47,940 [pool-540-thread-1] INFO  impl.RaftServerImpl (RaftServerImpl.java:<init>(104)) - 6633f50a-7046-4b08-9937-8e25f1b14b15: new RaftServerImpl for group-0C9C3B2D0CC1:[6633f50a-7046-4b08-9937-8e25f1b14b15:192.168.34.25:39338, 67270882-100a-4e75-928d-618d17e069c8:192.168.34.25:36648, 4dea926d-4bc6-487a-9b9b-9fd457d0fae4:192.168.34.25:41624] with ContainerStateMachine:uninitialized
2019-10-18 07:23:47,940 [2dff5807-dc58-47fd-8302-31bc14eca994@group-5461EF06EF96-LeaderElection944] INFO  server.RaftServerConfigKeys (ConfUtils.java:logGet(43)) - raft.server.watch.timeout = 10s (default)
2019-10-18 07:23:47,940 [pool-540-thread-1] INFO  server.RaftServerConfigKeys (ConfUtils.java:logGet(43)) - raft.server.rpc.timeout.min = 1s (custom)
2019-10-18 07:23:47,940 [2dff5807-dc58-47fd-8302-31bc14eca994@group-5461EF06EF96-LeaderElection944] INFO  server.RaftServerConfigKeys (ConfUtils.java:logGet(43)) - raft.server.watch.timeout.denomination = 1s (default)
2019-10-18 07:23:47,940 [pool-540-thread-1] INFO  server.RaftServerConfigKeys (ConfUtils.java:logGet(43)) - raft.server.rpc.timeout.max = 1200ms (custom)
2019-10-18 07:23:47,940 [2dff5807-dc58-47fd-8302-31bc14eca994@group-5461EF06EF96-LeaderElection944] INFO  server.RaftServerConfigKeys (ConfUtils.java:logGet(43)) - raft.server.watch.element-limit = 65536 (default)
2019-10-18 07:23:47,940 [pool-530-thread-1] INFO  impl.RaftServerImpl (RaftServerImpl.java:<init>(104)) - 4dea926d-4bc6-487a-9b9b-9fd457d0fae4: new RaftServerImpl for group-0C9C3B2D0CC1:[6633f50a-7046-4b08-9937-8e25f1b14b15:192.168.34.25:39338, 67270882-100a-4e75-928d-618d17e069c8:192.168.34.25:36648, 4dea926d-4bc6-487a-9b9b-9fd457d0fae4:192.168.34.25:41624] with ContainerStateMachine:uninitialized
2019-10-18 07:23:47,940 [pool-540-thread-1] INFO  server.RaftServerConfigKeys (ConfUtils.java:logGet(43)) - raft.server.rpcslowness.timeout = 120s (custom)
2019-10-18 07:23:47,940 [pool-530-thread-1] INFO  server.RaftServerConfigKeys (ConfUtils.java:logGet(43)) - raft.server.rpc.timeout.min = 1s (custom)
2019-10-18 07:23:47,940 [pool-540-thread-1] INFO  server.RaftServerConfigKeys (ConfUtils.java:logGet(43)) - raft.server.sleep.deviation.threshold = 300 (default)
2019-10-18 07:23:47,940 [pool-530-thread-1] INFO  server.RaftServerConfigKeys (ConfUtils.java:logGet(43)) - raft.server.rpc.timeout.max = 1200ms (custom)
2019-10-18 07:23:47,940 [pool-540-thread-1] INFO  server.RaftServerConfigKeys (ConfUtils.java:logGet(43)) - raft.server.log.appender.install.snapshot.enabled = false (custom)
2019-10-18 07:23:47,941 [pool-530-thread-1] INFO  server.RaftServerConfigKeys (ConfUtils.java:logGet(43)) - raft.server.rpcslowness.timeout = 120s (custom)
2019-10-18 07:23:47,941 [pool-540-thread-1] INFO  impl.RaftServerImpl (ServerState.java:<init>(103)) - 6633f50a-7046-4b08-9937-8e25f1b14b15@group-0C9C3B2D0CC1: ConfigurationManager, init=-1: [6633f50a-7046-4b08-9937-8e25f1b14b15:192.168.34.25:39338, 67270882-100a-4e75-928d-618d17e069c8:192.168.34.25:36648, 4dea926d-4bc6-487a-9b9b-9fd457d0fae4:192.168.34.25:41624], old=null, confs=<EMPTY_MAP>
2019-10-18 07:23:47,941 [pool-510-thread-1] INFO  impl.RaftServerImpl (RaftServerImpl.java:<init>(104)) - 67270882-100a-4e75-928d-618d17e069c8: new RaftServerImpl for group-0C9C3B2D0CC1:[6633f50a-7046-4b08-9937-8e25f1b14b15:192.168.34.25:39338, 67270882-100a-4e75-928d-618d17e069c8:192.168.34.25:36648, 4dea926d-4bc6-487a-9b9b-9fd457d0fae4:192.168.34.25:41624] with ContainerStateMachine:uninitialized
2019-10-18 07:23:47,941 [pool-530-thread-1] INFO  server.RaftServerConfigKeys (ConfUtils.java:logGet(43)) - raft.server.sleep.deviation.threshold = 300 (default)
2019-10-18 07:23:47,941 [pool-510-thread-1] INFO  server.RaftServerConfigKeys (ConfUtils.java:logGet(43)) - raft.server.rpc.timeout.min = 1s (custom)
2019-10-18 07:23:47,941 [pool-540-thread-1] INFO  server.RaftServerConfigKeys (ConfUtils.java:logGet(43)) - raft.server.storage.dir = [/workdir/hadoop-ozone/integration-test/target/test-dir/MiniOzoneClusterImpl-f216ddbe-e8b4-4355-85c5-09cf054ba290/datanode-3/data/ratis] (custom)
2019-10-18 07:23:47,941 [pool-510-thread-1] INFO  server.RaftServerConfigKeys (ConfUtils.java:logGet(43)) - raft.server.rpc.timeout.max = 1200ms (custom)
2019-10-18 07:23:47,941 [pool-530-thread-1] INFO  server.RaftServerConfigKeys (ConfUtils.java:logGet(43)) - raft.server.log.appender.install.snapshot.enabled = false (custom)
2019-10-18 07:23:47,941 [pool-510-thread-1] INFO  server.RaftServerConfigKeys (ConfUtils.java:logGet(43)) - raft.server.rpcslowness.timeout = 120s (custom)
2019-10-18 07:23:47,941 [pool-540-thread-1] INFO  server.RaftServerConfigKeys (ConfUtils.java:logGet(43)) - raft.server.log.corruption.policy = EXCEPTION (default)
2019-10-18 07:23:47,942 [pool-510-thread-1] INFO  server.RaftServerConfigKeys (ConfUtils.java:logGet(43)) - raft.server.sleep.deviation.threshold = 300 (default)
2019-10-18 07:23:47,942 [pool-510-thread-1] INFO  server.RaftServerConfigKeys (ConfUtils.java:logGet(43)) - raft.server.log.appender.install.snapshot.enabled = false (custom)
2019-10-18 07:23:47,941 [pool-530-thread-1] INFO  impl.RaftServerImpl (ServerState.java:<init>(103)) - 4dea926d-4bc6-487a-9b9b-9fd457d0fae4@group-0C9C3B2D0CC1: ConfigurationManager, init=-1: [6633f50a-7046-4b08-9937-8e25f1b14b15:192.168.34.25:39338, 67270882-100a-4e75-928d-618d17e069c8:192.168.34.25:36648, 4dea926d-4bc6-487a-9b9b-9fd457d0fae4:192.168.34.25:41624], old=null, confs=<EMPTY_MAP>
2019-10-18 07:23:47,942 [pool-510-thread-1] INFO  impl.RaftServerImpl (ServerState.java:<init>(103)) - 67270882-100a-4e75-928d-618d17e069c8@group-0C9C3B2D0CC1: ConfigurationManager, init=-1: [6633f50a-7046-4b08-9937-8e25f1b14b15:192.168.34.25:39338, 67270882-100a-4e75-928d-618d17e069c8:192.168.34.25:36648, 4dea926d-4bc6-487a-9b9b-9fd457d0fae4:192.168.34.25:41624], old=null, confs=<EMPTY_MAP>
2019-10-18 07:23:47,942 [2dff5807-dc58-47fd-8302-31bc14eca994@group-5461EF06EF96-LeaderElection944] INFO  impl.RoleInfo (RoleInfo.java:updateAndGet(143)) - 2dff5807-dc58-47fd-8302-31bc14eca994: start LeaderState
2019-10-18 07:23:47,942 [pool-540-thread-1] INFO  storage.RaftStorageDirectory (RaftStorageDirectory.java:analyzeStorage(246)) - The storage directory /workdir/hadoop-ozone/integration-test/target/test-dir/MiniOzoneClusterImpl-f216ddbe-e8b4-4355-85c5-09cf054ba290/datanode-3/data/ratis/3ac69114-879c-47f6-b70e-0c9c3b2d0cc1 does not exist. Creating ...
2019-10-18 07:23:47,942 [pool-510-thread-1] INFO  server.RaftServerConfigKeys (ConfUtils.java:logGet(43)) - raft.server.storage.dir = [/workdir/hadoop-ozone/integration-test/target/test-dir/MiniOzoneClusterImpl-f216ddbe-e8b4-4355-85c5-09cf054ba290/datanode-0/data/ratis] (custom)
2019-10-18 07:23:47,942 [pool-530-thread-1] INFO  server.RaftServerConfigKeys (ConfUtils.java:logGet(43)) - raft.server.storage.dir = [/workdir/hadoop-ozone/integration-test/target/test-dir/MiniOzoneClusterImpl-f216ddbe-e8b4-4355-85c5-09cf054ba290/datanode-2/data/ratis] (custom)
2019-10-18 07:23:47,942 [2dff5807-dc58-47fd-8302-31bc14eca994@group-5461EF06EF96-LeaderElection944] INFO  segmented.SegmentedRaftLogWorker (SegmentedRaftLogWorker.java:startLogSegment(385)) - 2dff5807-dc58-47fd-8302-31bc14eca994@group-5461EF06EF96-SegmentedRaftLogWorker: Starting segment from index:0
2019-10-18 07:23:47,943 [pool-510-thread-1] INFO  server.RaftServerConfigKeys (ConfUtils.java:logGet(43)) - raft.server.log.corruption.policy = EXCEPTION (default)
2019-10-18 07:23:47,943 [pool-530-thread-1] INFO  server.RaftServerConfigKeys (ConfUtils.java:logGet(43)) - raft.server.log.corruption.policy = EXCEPTION (default)
2019-10-18 07:23:47,943 [2dff5807-dc58-47fd-8302-31bc14eca994@group-5461EF06EF96-LeaderElection944] INFO  impl.RaftServerImpl (ServerState.java:setRaftConf(357)) - 2dff5807-dc58-47fd-8302-31bc14eca994@group-5461EF06EF96: set configuration 0: [2dff5807-dc58-47fd-8302-31bc14eca994:192.168.34.25:37938], old=null at 0
2019-10-18 07:23:47,943 [pool-510-thread-1] INFO  storage.RaftStorageDirectory (RaftStorageDirectory.java:analyzeStorage(246)) - The storage directory /workdir/hadoop-ozone/integration-test/target/test-dir/MiniOzoneClusterImpl-f216ddbe-e8b4-4355-85c5-09cf054ba290/datanode-0/data/ratis/3ac69114-879c-47f6-b70e-0c9c3b2d0cc1 does not exist. Creating ...
2019-10-18 07:23:47,943 [pool-530-thread-1] INFO  storage.RaftStorageDirectory (RaftStorageDirectory.java:analyzeStorage(246)) - The storage directory /workdir/hadoop-ozone/integration-test/target/test-dir/MiniOzoneClusterImpl-f216ddbe-e8b4-4355-85c5-09cf054ba290/datanode-2/data/ratis/3ac69114-879c-47f6-b70e-0c9c3b2d0cc1 does not exist. Creating ...
2019-10-18 07:23:47,959 [pool-510-thread-1] INFO  storage.RaftStorageDirectory (RaftStorageDirectory.java:tryLock(328)) - Lock on /workdir/hadoop-ozone/integration-test/target/test-dir/MiniOzoneClusterImpl-f216ddbe-e8b4-4355-85c5-09cf054ba290/datanode-0/data/ratis/3ac69114-879c-47f6-b70e-0c9c3b2d0cc1/in_use.lock acquired by nodename 21255@pr-hdds-2318-jnjn8-2612408985
2019-10-18 07:23:47,959 [030c2313-1c2c-4b42-81fb-cb58ee93f992@group-7BE3AFF1E8AA-LeaderElection945] INFO  impl.LeaderElection (LeaderElection.java:askForVotes(178)) - 030c2313-1c2c-4b42-81fb-cb58ee93f992@group-7BE3AFF1E8AA-LeaderElection945: begin an election at term 1 for -1: [030c2313-1c2c-4b42-81fb-cb58ee93f992:192.168.34.25:33896], old=null
2019-10-18 07:23:47,959 [pool-530-thread-1] INFO  storage.RaftStorageDirectory (RaftStorageDirectory.java:tryLock(328)) - Lock on /workdir/hadoop-ozone/integration-test/target/test-dir/MiniOzoneClusterImpl-f216ddbe-e8b4-4355-85c5-09cf054ba290/datanode-2/data/ratis/3ac69114-879c-47f6-b70e-0c9c3b2d0cc1/in_use.lock acquired by nodename 21255@pr-hdds-2318-jnjn8-2612408985
2019-10-18 07:23:47,959 [pool-540-thread-1] INFO  storage.RaftStorageDirectory (RaftStorageDirectory.java:tryLock(328)) - Lock on /workdir/hadoop-ozone/integration-test/target/test-dir/MiniOzoneClusterImpl-f216ddbe-e8b4-4355-85c5-09cf054ba290/datanode-3/data/ratis/3ac69114-879c-47f6-b70e-0c9c3b2d0cc1/in_use.lock acquired by nodename 21255@pr-hdds-2318-jnjn8-2612408985
2019-10-18 07:23:47,960 [030c2313-1c2c-4b42-81fb-cb58ee93f992@group-7BE3AFF1E8AA-LeaderElection945] INFO  impl.RoleInfo (RoleInfo.java:shutdownLeaderElection(134)) - 030c2313-1c2c-4b42-81fb-cb58ee93f992: shutdown LeaderElection
2019-10-18 07:23:47,960 [030c2313-1c2c-4b42-81fb-cb58ee93f992@group-7BE3AFF1E8AA-LeaderElection945] INFO  impl.RaftServerImpl (RaftServerImpl.java:setRole(184)) - 030c2313-1c2c-4b42-81fb-cb58ee93f992@group-7BE3AFF1E8AA: changes role from CANDIDATE to LEADER at term 1 for changeToLeader
2019-10-18 07:23:47,960 [030c2313-1c2c-4b42-81fb-cb58ee93f992@group-7BE3AFF1E8AA-LeaderElection945] INFO  impl.RaftServerImpl (ServerState.java:setLeader(256)) - 030c2313-1c2c-4b42-81fb-cb58ee93f992@group-7BE3AFF1E8AA: change Leader from null to 030c2313-1c2c-4b42-81fb-cb58ee93f992 at term 1 for becomeLeader, leader elected after 42ms
2019-10-18 07:23:47,960 [030c2313-1c2c-4b42-81fb-cb58ee93f992@group-7BE3AFF1E8AA-LeaderElection945] INFO  server.RaftServerConfigKeys (ConfUtils.java:logGet(43)) - raft.server.staging.catchup.gap = 1000 (default)
2019-10-18 07:23:47,960 [030c2313-1c2c-4b42-81fb-cb58ee93f992@group-7BE3AFF1E8AA-LeaderElection945] INFO  server.RaftServerConfigKeys (ConfUtils.java:logGet(43)) - raft.server.rpc.sleep.time = 25ms (default)
2019-10-18 07:23:47,961 [030c2313-1c2c-4b42-81fb-cb58ee93f992@group-7BE3AFF1E8AA-LeaderElection945] INFO  server.RaftServerConfigKeys (ConfUtils.java:logGet(43)) - raft.server.write.element-limit = 4096 (default)
2019-10-18 07:23:47,961 [030c2313-1c2c-4b42-81fb-cb58ee93f992@group-7BE3AFF1E8AA-LeaderElection945] INFO  server.RaftServerConfigKeys (ConfUtils.java:logGet(43)) - raft.server.watch.timeout = 10s (default)
2019-10-18 07:23:47,961 [030c2313-1c2c-4b42-81fb-cb58ee93f992@group-7BE3AFF1E8AA-LeaderElection945] INFO  server.RaftServerConfigKeys (ConfUtils.java:logGet(43)) - raft.server.watch.timeout.denomination = 1s (default)
2019-10-18 07:23:47,961 [030c2313-1c2c-4b42-81fb-cb58ee93f992@group-7BE3AFF1E8AA-LeaderElection945] INFO  server.RaftServerConfigKeys (ConfUtils.java:logGet(43)) - raft.server.watch.element-limit = 65536 (default)
2019-10-18 07:23:47,963 [030c2313-1c2c-4b42-81fb-cb58ee93f992@group-7BE3AFF1E8AA-LeaderElection945] INFO  impl.RoleInfo (RoleInfo.java:updateAndGet(143)) - 030c2313-1c2c-4b42-81fb-cb58ee93f992: start LeaderState
2019-10-18 07:23:47,963 [030c2313-1c2c-4b42-81fb-cb58ee93f992@group-7BE3AFF1E8AA-LeaderElection945] INFO  segmented.SegmentedRaftLogWorker (SegmentedRaftLogWorker.java:startLogSegment(385)) - 030c2313-1c2c-4b42-81fb-cb58ee93f992@group-7BE3AFF1E8AA-SegmentedRaftLogWorker: Starting segment from index:0
2019-10-18 07:23:47,963 [030c2313-1c2c-4b42-81fb-cb58ee93f992@group-7BE3AFF1E8AA-LeaderElection945] INFO  impl.RaftServerImpl (ServerState.java:setRaftConf(357)) - 030c2313-1c2c-4b42-81fb-cb58ee93f992@group-7BE3AFF1E8AA: set configuration 0: [030c2313-1c2c-4b42-81fb-cb58ee93f992:192.168.34.25:33896], old=null at 0
2019-10-18 07:23:47,985 [pool-510-thread-1] INFO  storage.RaftStorage (RaftStorage.java:format(84)) - Storage directory /workdir/hadoop-ozone/integration-test/target/test-dir/MiniOzoneClusterImpl-f216ddbe-e8b4-4355-85c5-09cf054ba290/datanode-0/data/ratis/3ac69114-879c-47f6-b70e-0c9c3b2d0cc1 has been successfully formatted.
2019-10-18 07:23:47,985 [pool-540-thread-1] INFO  storage.RaftStorage (RaftStorage.java:format(84)) - Storage directory /workdir/hadoop-ozone/integration-test/target/test-dir/MiniOzoneClusterImpl-f216ddbe-e8b4-4355-85c5-09cf054ba290/datanode-3/data/ratis/3ac69114-879c-47f6-b70e-0c9c3b2d0cc1 has been successfully formatted.
2019-10-18 07:23:47,985 [2dff5807-dc58-47fd-8302-31bc14eca994@group-5461EF06EF96-SegmentedRaftLogWorker] INFO  segmented.SegmentedRaftLogWorker (SegmentedRaftLogWorker.java:execute(576)) - 2dff5807-dc58-47fd-8302-31bc14eca994@group-5461EF06EF96-SegmentedRaftLogWorker: created new log segment /workdir/hadoop-ozone/integration-test/target/test-dir/MiniOzoneClusterImpl-f216ddbe-e8b4-4355-85c5-09cf054ba290/datanode-6/data/ratis/b4ce3137-6351-43bb-b1a4-5461ef06ef96/current/log_inprogress_0
2019-10-18 07:23:47,985 [pool-530-thread-1] INFO  storage.RaftStorage (RaftStorage.java:format(84)) - Storage directory /workdir/hadoop-ozone/integration-test/target/test-dir/MiniOzoneClusterImpl-f216ddbe-e8b4-4355-85c5-09cf054ba290/datanode-2/data/ratis/3ac69114-879c-47f6-b70e-0c9c3b2d0cc1 has been successfully formatted.
2019-10-18 07:23:47,986 [pool-540-thread-1] INFO  ratis.ContainerStateMachine (ContainerStateMachine.java:loadSnapshot(231)) - group-0C9C3B2D0CC1: The snapshot info is null. Setting the last applied indexto:(t:0, i:~)
2019-10-18 07:23:47,985 [pool-510-thread-1] INFO  ratis.ContainerStateMachine (ContainerStateMachine.java:loadSnapshot(231)) - group-0C9C3B2D0CC1: The snapshot info is null. Setting the last applied indexto:(t:0, i:~)
2019-10-18 07:23:47,986 [pool-540-thread-1] INFO  server.RaftServerConfigKeys (ConfUtils.java:logGet(43)) - raft.server.notification.no-leader.timeout = 120s (custom)
2019-10-18 07:23:47,986 [pool-530-thread-1] INFO  ratis.ContainerStateMachine (ContainerStateMachine.java:loadSnapshot(231)) - group-0C9C3B2D0CC1: The snapshot info is null. Setting the last applied indexto:(t:0, i:~)
2019-10-18 07:23:47,986 [pool-540-thread-1] INFO  server.RaftServerConfigKeys (ConfUtils.java:logGet(43)) - raft.server.log.use.memory = false (default)
2019-10-18 07:23:47,986 [pool-510-thread-1] INFO  server.RaftServerConfigKeys (ConfUtils.java:logGet(43)) - raft.server.notification.no-leader.timeout = 120s (custom)
2019-10-18 07:23:47,986 [pool-540-thread-1] INFO  server.RaftServerConfigKeys (ConfUtils.java:logGet(43)) - raft.server.log.purge.gap = 1000000 (custom)
2019-10-18 07:23:47,986 [pool-540-thread-1] INFO  server.RaftServerConfigKeys (ConfUtils.java:logGet(43)) - raft.server.log.appender.buffer.byte-limit = 33554432 (custom)
2019-10-18 07:23:47,986 [pool-530-thread-1] INFO  server.RaftServerConfigKeys (ConfUtils.java:logGet(43)) - raft.server.notification.no-leader.timeout = 120s (custom)
2019-10-18 07:23:47,987 [pool-540-thread-1] INFO  server.RaftServerConfigKeys (ConfUtils.java:logGet(43)) - raft.server.log.segment.size.max = 1048576 (custom)
2019-10-18 07:23:47,986 [pool-510-thread-1] INFO  server.RaftServerConfigKeys (ConfUtils.java:logGet(43)) - raft.server.log.use.memory = false (default)
2019-10-18 07:23:47,987 [pool-540-thread-1] INFO  server.RaftServerConfigKeys (ConfUtils.java:logGet(43)) - raft.server.log.segment.cache.num.max = 2 (custom)
2019-10-18 07:23:47,987 [pool-530-thread-1] INFO  server.RaftServerConfigKeys (ConfUtils.java:logGet(43)) - raft.server.log.use.memory = false (default)
2019-10-18 07:23:47,987 [pool-540-thread-1] INFO  segmented.SegmentedRaftLogWorker (SegmentedRaftLogWorker.java:<init>(173)) - new 6633f50a-7046-4b08-9937-8e25f1b14b15@group-0C9C3B2D0CC1-SegmentedRaftLogWorker for RaftStorage:Storage Directory /workdir/hadoop-ozone/integration-test/target/test-dir/MiniOzoneClusterImpl-f216ddbe-e8b4-4355-85c5-09cf054ba290/datanode-3/data/ratis/3ac69114-879c-47f6-b70e-0c9c3b2d0cc1
2019-10-18 07:23:47,987 [pool-510-thread-1] INFO  server.RaftServerConfigKeys (ConfUtils.java:logGet(43)) - raft.server.log.purge.gap = 1000000 (custom)
2019-10-18 07:23:47,987 [pool-540-thread-1] INFO  server.RaftServerConfigKeys (ConfUtils.java:logGet(43)) - raft.server.log.queue.byte-limit = 2147483647 (custom)
2019-10-18 07:23:47,987 [pool-540-thread-1] INFO  server.RaftServerConfigKeys (ConfUtils.java:logGet(43)) - raft.server.log.queue.element-limit = 1024 (custom)
2019-10-18 07:23:47,987 [pool-530-thread-1] INFO  server.RaftServerConfigKeys (ConfUtils.java:logGet(43)) - raft.server.log.purge.gap = 1000000 (custom)
2019-10-18 07:23:47,988 [pool-540-thread-1] INFO  server.RaftServerConfigKeys (ConfUtils.java:logGet(43)) - raft.server.log.segment.size.max = 1048576 (custom)
2019-10-18 07:23:47,987 [pool-510-thread-1] INFO  server.RaftServerConfigKeys (ConfUtils.java:logGet(43)) - raft.server.log.appender.buffer.byte-limit = 33554432 (custom)
2019-10-18 07:23:47,988 [pool-540-thread-1] INFO  server.RaftServerConfigKeys (ConfUtils.java:logGet(43)) - raft.server.log.preallocated.size = 16384 (custom)
2019-10-18 07:23:47,988 [pool-530-thread-1] INFO  server.RaftServerConfigKeys (ConfUtils.java:logGet(43)) - raft.server.log.appender.buffer.byte-limit = 33554432 (custom)
2019-10-18 07:23:47,988 [pool-540-thread-1] INFO  server.RaftServerConfigKeys (ConfUtils.java:logGet(43)) - raft.server.log.write.buffer.size = 33554432 (custom)
2019-10-18 07:23:47,988 [pool-510-thread-1] INFO  server.RaftServerConfigKeys (ConfUtils.java:logGet(43)) - raft.server.log.segment.size.max = 1048576 (custom)
2019-10-18 07:23:47,988 [pool-540-thread-1] INFO  server.RaftServerConfigKeys (ConfUtils.java:logGet(43)) - raft.server.log.force.sync.num = 128 (default)
2019-10-18 07:23:47,988 [pool-530-thread-1] INFO  server.RaftServerConfigKeys (ConfUtils.java:logGet(43)) - raft.server.log.segment.size.max = 1048576 (custom)
2019-10-18 07:23:47,988 [pool-540-thread-1] INFO  server.RaftServerConfigKeys (ConfUtils.java:logGet(43)) - raft.server.log.statemachine.data.sync = true (default)
2019-10-18 07:23:47,988 [pool-510-thread-1] INFO  server.RaftServerConfigKeys (ConfUtils.java:logGet(43)) - raft.server.log.segment.cache.num.max = 2 (custom)
2019-10-18 07:23:47,989 [pool-540-thread-1] INFO  server.RaftServerConfigKeys (ConfUtils.java:logGet(43)) - raft.server.log.statemachine.data.sync.timeout = 10s (default)
2019-10-18 07:23:47,989 [pool-530-thread-1] INFO  server.RaftServerConfigKeys (ConfUtils.java:logGet(43)) - raft.server.log.segment.cache.num.max = 2 (custom)
2019-10-18 07:23:47,989 [pool-540-thread-1] INFO  server.RaftServerConfigKeys (ConfUtils.java:logGet(43)) - raft.server.log.statemachine.data.sync.timeout.retry = -1 (default)
2019-10-18 07:23:47,989 [pool-510-thread-1] INFO  segmented.SegmentedRaftLogWorker (SegmentedRaftLogWorker.java:<init>(173)) - new 67270882-100a-4e75-928d-618d17e069c8@group-0C9C3B2D0CC1-SegmentedRaftLogWorker for RaftStorage:Storage Directory /workdir/hadoop-ozone/integration-test/target/test-dir/MiniOzoneClusterImpl-f216ddbe-e8b4-4355-85c5-09cf054ba290/datanode-0/data/ratis/3ac69114-879c-47f6-b70e-0c9c3b2d0cc1
2019-10-18 07:23:47,989 [pool-540-thread-1] INFO  server.RaftServerConfigKeys (ConfUtils.java:logGet(43)) - raft.server.log.statemachine.data.caching.enabled = true (custom)
2019-10-18 07:23:47,989 [pool-530-thread-1] INFO  segmented.SegmentedRaftLogWorker (SegmentedRaftLogWorker.java:<init>(173)) - new 4dea926d-4bc6-487a-9b9b-9fd457d0fae4@group-0C9C3B2D0CC1-SegmentedRaftLogWorker for RaftStorage:Storage Directory /workdir/hadoop-ozone/integration-test/target/test-dir/MiniOzoneClusterImpl-f216ddbe-e8b4-4355-85c5-09cf054ba290/datanode-2/data/ratis/3ac69114-879c-47f6-b70e-0c9c3b2d0cc1
2019-10-18 07:23:47,989 [pool-510-thread-1] INFO  server.RaftServerConfigKeys (ConfUtils.java:logGet(43)) - raft.server.log.queue.byte-limit = 2147483647 (custom)
2019-10-18 07:23:47,989 [pool-540-thread-1] INFO  segmented.SegmentedRaftLogWorker (SegmentedRaftLogWorker.java:lambda$new$0(128)) - 6633f50a-7046-4b08-9937-8e25f1b14b15@group-0C9C3B2D0CC1-SegmentedRaftLogWorker: flushIndex: setUnconditionally 0 -> -1
2019-10-18 07:23:47,989 [pool-530-thread-1] INFO  server.RaftServerConfigKeys (ConfUtils.java:logGet(43)) - raft.server.log.queue.byte-limit = 2147483647 (custom)
2019-10-18 07:23:47,989 [pool-510-thread-1] INFO  server.RaftServerConfigKeys (ConfUtils.java:logGet(43)) - raft.server.log.queue.element-limit = 1024 (custom)
2019-10-18 07:23:47,990 [pool-540-thread-1] INFO  server.RaftServerConfigKeys (ConfUtils.java:logGet(43)) - raft.server.snapshot.auto.trigger.enabled = true (custom)
2019-10-18 07:23:47,989 [pool-530-thread-1] INFO  server.RaftServerConfigKeys (ConfUtils.java:logGet(43)) - raft.server.log.queue.element-limit = 1024 (custom)
2019-10-18 07:23:47,990 [pool-540-thread-1] INFO  server.RaftServerConfigKeys (ConfUtils.java:logGet(43)) - raft.server.snapshot.auto.trigger.threshold = 10000 (custom)
2019-10-18 07:23:47,990 [pool-510-thread-1] INFO  server.RaftServerConfigKeys (ConfUtils.java:logGet(43)) - raft.server.log.segment.size.max = 1048576 (custom)
2019-10-18 07:23:47,990 [pool-540-thread-1] INFO  server.RaftServerConfigKeys (ConfUtils.java:logGet(43)) - raft.server.snapshot.retention.file.num = 5 (custom)
2019-10-18 07:23:47,990 [pool-530-thread-1] INFO  server.RaftServerConfigKeys (ConfUtils.java:logGet(43)) - raft.server.log.segment.size.max = 1048576 (custom)
2019-10-18 07:23:47,990 [pool-540-thread-1] INFO  server.RaftServerConfigKeys (ConfUtils.java:logGet(43)) - raft.server.retrycache.expirytime = 600000ms (custom)
2019-10-18 07:23:47,990 [pool-510-thread-1] INFO  server.RaftServerConfigKeys (ConfUtils.java:logGet(43)) - raft.server.log.preallocated.size = 16384 (custom)
2019-10-18 07:23:47,990 [pool-530-thread-1] INFO  server.RaftServerConfigKeys (ConfUtils.java:logGet(43)) - raft.server.log.preallocated.size = 16384 (custom)
2019-10-18 07:23:47,990 [pool-510-thread-1] INFO  server.RaftServerConfigKeys (ConfUtils.java:logGet(43)) - raft.server.log.write.buffer.size = 33554432 (custom)
2019-10-18 07:23:47,990 [pool-530-thread-1] INFO  server.RaftServerConfigKeys (ConfUtils.java:logGet(43)) - raft.server.log.write.buffer.size = 33554432 (custom)
2019-10-18 07:23:47,990 [pool-510-thread-1] INFO  server.RaftServerConfigKeys (ConfUtils.java:logGet(43)) - raft.server.log.force.sync.num = 128 (default)
2019-10-18 07:23:47,990 [pool-530-thread-1] INFO  server.RaftServerConfigKeys (ConfUtils.java:logGet(43)) - raft.server.log.force.sync.num = 128 (default)
2019-10-18 07:23:47,991 [pool-510-thread-1] INFO  server.RaftServerConfigKeys (ConfUtils.java:logGet(43)) - raft.server.log.statemachine.data.sync = true (default)
2019-10-18 07:23:47,991 [pool-530-thread-1] INFO  server.RaftServerConfigKeys (ConfUtils.java:logGet(43)) - raft.server.log.statemachine.data.sync = true (default)
2019-10-18 07:23:47,991 [pool-510-thread-1] INFO  server.RaftServerConfigKeys (ConfUtils.java:logGet(43)) - raft.server.log.statemachine.data.sync.timeout = 10s (default)
2019-10-18 07:23:47,991 [pool-530-thread-1] INFO  server.RaftServerConfigKeys (ConfUtils.java:logGet(43)) - raft.server.log.statemachine.data.sync.timeout = 10s (default)
2019-10-18 07:23:47,991 [pool-510-thread-1] INFO  server.RaftServerConfigKeys (ConfUtils.java:logGet(43)) - raft.server.log.statemachine.data.sync.timeout.retry = -1 (default)
2019-10-18 07:23:47,991 [pool-530-thread-1] INFO  server.RaftServerConfigKeys (ConfUtils.java:logGet(43)) - raft.server.log.statemachine.data.sync.timeout.retry = -1 (default)
2019-10-18 07:23:47,991 [pool-540-thread-1] INFO  impl.RaftServerImpl (RaftServerImpl.java:start(195)) - 6633f50a-7046-4b08-9937-8e25f1b14b15@group-0C9C3B2D0CC1: start as a follower, conf=-1: [6633f50a-7046-4b08-9937-8e25f1b14b15:192.168.34.25:39338, 67270882-100a-4e75-928d-618d17e069c8:192.168.34.25:36648, 4dea926d-4bc6-487a-9b9b-9fd457d0fae4:192.168.34.25:41624], old=null
2019-10-18 07:23:47,991 [pool-530-thread-1] INFO  server.RaftServerConfigKeys (ConfUtils.java:logGet(43)) - raft.server.log.statemachine.data.caching.enabled = true (custom)
2019-10-18 07:23:47,991 [pool-510-thread-1] INFO  server.RaftServerConfigKeys (ConfUtils.java:logGet(43)) - raft.server.log.statemachine.data.caching.enabled = true (custom)
2019-10-18 07:23:47,991 [pool-530-thread-1] INFO  segmented.SegmentedRaftLogWorker (SegmentedRaftLogWorker.java:lambda$new$0(128)) - 4dea926d-4bc6-487a-9b9b-9fd457d0fae4@group-0C9C3B2D0CC1-SegmentedRaftLogWorker: flushIndex: setUnconditionally 0 -> -1
2019-10-18 07:23:47,991 [pool-540-thread-1] INFO  impl.RaftServerImpl (RaftServerImpl.java:setRole(184)) - 6633f50a-7046-4b08-9937-8e25f1b14b15@group-0C9C3B2D0CC1: changes role from      null to FOLLOWER at term 0 for startAsFollower
2019-10-18 07:23:47,992 [pool-510-thread-1] INFO  segmented.SegmentedRaftLogWorker (SegmentedRaftLogWorker.java:lambda$new$0(128)) - 67270882-100a-4e75-928d-618d17e069c8@group-0C9C3B2D0CC1-SegmentedRaftLogWorker: flushIndex: setUnconditionally 0 -> -1
2019-10-18 07:23:47,992 [pool-530-thread-1] INFO  server.RaftServerConfigKeys (ConfUtils.java:logGet(43)) - raft.server.snapshot.auto.trigger.enabled = true (custom)
2019-10-18 07:23:47,992 [pool-540-thread-1] INFO  impl.RoleInfo (RoleInfo.java:updateAndGet(143)) - 6633f50a-7046-4b08-9937-8e25f1b14b15: start FollowerState
2019-10-18 07:23:47,992 [pool-530-thread-1] INFO  server.RaftServerConfigKeys (ConfUtils.java:logGet(43)) - raft.server.snapshot.auto.trigger.threshold = 10000 (custom)
2019-10-18 07:23:47,992 [pool-510-thread-1] INFO  server.RaftServerConfigKeys (ConfUtils.java:logGet(43)) - raft.server.snapshot.auto.trigger.enabled = true (custom)
2019-10-18 07:23:47,992 [pool-530-thread-1] INFO  server.RaftServerConfigKeys (ConfUtils.java:logGet(43)) - raft.server.snapshot.retention.file.num = 5 (custom)
2019-10-18 07:23:47,992 [pool-540-thread-1] INFO  util.JmxRegister (JmxRegister.java:tryRegister(44)) - Successfully registered JMX Bean with object name Ratis:service=RaftServer,group=group-0C9C3B2D0CC1,id=6633f50a-7046-4b08-9937-8e25f1b14b15
2019-10-18 07:23:47,992 [pool-510-thread-1] INFO  server.RaftServerConfigKeys (ConfUtils.java:logGet(43)) - raft.server.snapshot.auto.trigger.threshold = 10000 (custom)
2019-10-18 07:23:47,992 [pool-530-thread-1] INFO  server.RaftServerConfigKeys (ConfUtils.java:logGet(43)) - raft.server.retrycache.expirytime = 600000ms (custom)
2019-10-18 07:23:47,992 [pool-510-thread-1] INFO  server.RaftServerConfigKeys (ConfUtils.java:logGet(43)) - raft.server.snapshot.retention.file.num = 5 (custom)
2019-10-18 07:23:47,992 [pool-510-thread-1] INFO  server.RaftServerConfigKeys (ConfUtils.java:logGet(43)) - raft.server.retrycache.expirytime = 600000ms (custom)
2019-10-18 07:23:47,995 [pool-530-thread-1] INFO  impl.RaftServerImpl (RaftServerImpl.java:start(195)) - 4dea926d-4bc6-487a-9b9b-9fd457d0fae4@group-0C9C3B2D0CC1: start as a follower, conf=-1: [6633f50a-7046-4b08-9937-8e25f1b14b15:192.168.34.25:39338, 67270882-100a-4e75-928d-618d17e069c8:192.168.34.25:36648, 4dea926d-4bc6-487a-9b9b-9fd457d0fae4:192.168.34.25:41624], old=null
2019-10-18 07:23:47,995 [pool-530-thread-1] INFO  impl.RaftServerImpl (RaftServerImpl.java:setRole(184)) - 4dea926d-4bc6-487a-9b9b-9fd457d0fae4@group-0C9C3B2D0CC1: changes role from      null to FOLLOWER at term 0 for startAsFollower
2019-10-18 07:23:47,995 [pool-530-thread-1] INFO  impl.RoleInfo (RoleInfo.java:updateAndGet(143)) - 4dea926d-4bc6-487a-9b9b-9fd457d0fae4: start FollowerState
2019-10-18 07:23:47,995 [pool-510-thread-1] INFO  impl.RaftServerImpl (RaftServerImpl.java:start(195)) - 67270882-100a-4e75-928d-618d17e069c8@group-0C9C3B2D0CC1: start as a follower, conf=-1: [6633f50a-7046-4b08-9937-8e25f1b14b15:192.168.34.25:39338, 67270882-100a-4e75-928d-618d17e069c8:192.168.34.25:36648, 4dea926d-4bc6-487a-9b9b-9fd457d0fae4:192.168.34.25:41624], old=null
2019-10-18 07:23:47,995 [pool-530-thread-1] INFO  util.JmxRegister (JmxRegister.java:tryRegister(44)) - Successfully registered JMX Bean with object name Ratis:service=RaftServer,group=group-0C9C3B2D0CC1,id=4dea926d-4bc6-487a-9b9b-9fd457d0fae4
2019-10-18 07:23:47,995 [pool-510-thread-1] INFO  impl.RaftServerImpl (RaftServerImpl.java:setRole(184)) - 67270882-100a-4e75-928d-618d17e069c8@group-0C9C3B2D0CC1: changes role from      null to FOLLOWER at term 0 for startAsFollower
2019-10-18 07:23:47,996 [pool-510-thread-1] INFO  impl.RoleInfo (RoleInfo.java:updateAndGet(143)) - 67270882-100a-4e75-928d-618d17e069c8: start FollowerState
2019-10-18 07:23:47,996 [pool-510-thread-1] INFO  util.JmxRegister (JmxRegister.java:tryRegister(44)) - Successfully registered JMX Bean with object name Ratis:service=RaftServer,group=group-0C9C3B2D0CC1,id=67270882-100a-4e75-928d-618d17e069c8
2019-10-18 07:23:47,999 [RatisPipelineUtilsThread] INFO  pipeline.PipelineStateManager (PipelineStateManager.java:addPipeline(56)) - Created pipeline Pipeline[ Id: 3ac69114-879c-47f6-b70e-0c9c3b2d0cc1, Nodes: 4dea926d-4bc6-487a-9b9b-9fd457d0fae4{ip: 192.168.34.25, host: pr-hdds-2318-jnjn8-2612408985, networkLocation: /rack1, certSerialId: null}6633f50a-7046-4b08-9937-8e25f1b14b15{ip: 192.168.34.25, host: pr-hdds-2318-jnjn8-2612408985, networkLocation: /rack1, certSerialId: null}67270882-100a-4e75-928d-618d17e069c8{ip: 192.168.34.25, host: pr-hdds-2318-jnjn8-2612408985, networkLocation: /rack1, certSerialId: null}, Type:RATIS, Factor:THREE, State:OPEN]
2019-10-18 07:23:48,013 [main] INFO  ozone.MiniOzoneClusterImpl (MiniOzoneClusterImpl.java:lambda$waitForClusterToBeReady$0(147)) - Waiting for cluster to be ready. Got 9 of 10 DN Heartbeats.
2019-10-18 07:23:48,013 [030c2313-1c2c-4b42-81fb-cb58ee93f992@group-7BE3AFF1E8AA-SegmentedRaftLogWorker] INFO  segmented.SegmentedRaftLogWorker (SegmentedRaftLogWorker.java:execute(576)) - 030c2313-1c2c-4b42-81fb-cb58ee93f992@group-7BE3AFF1E8AA-SegmentedRaftLogWorker: created new log segment /workdir/hadoop-ozone/integration-test/target/test-dir/MiniOzoneClusterImpl-f216ddbe-e8b4-4355-85c5-09cf054ba290/datanode-7/data/ratis/1207ab9a-0cd5-406f-903e-7be3aff1e8aa/current/log_inprogress_0
2019-10-18 07:23:48,017 [IPC Server handler 5 on 38390] INFO  net.NetworkTopology (NetworkTopologyImpl.java:add(111)) - Added a new node: /rack1/0b10a9fc-47eb-4a2b-b664-8273d9d17379
2019-10-18 07:23:48,018 [IPC Server handler 5 on 38390] INFO  node.SCMNodeManager (SCMNodeManager.java:register(268)) - Registered Data node : 0b10a9fc-47eb-4a2b-b664-8273d9d17379{ip: 192.168.34.25, host: pr-hdds-2318-jnjn8-2612408985, networkLocation: /rack1, certSerialId: null}
2019-10-18 07:23:48,020 [Thread-8707] INFO  impl.FollowerState (FollowerState.java:run(108)) - 67270882-100a-4e75-928d-618d17e069c8@group-0C9C3B2D0CC1-FollowerState: change to CANDIDATE, lastRpcTime:24ms, electionTimeout:23ms
2019-10-18 07:23:48,020 [Thread-8707] INFO  impl.RoleInfo (RoleInfo.java:shutdownFollowerState(121)) - 67270882-100a-4e75-928d-618d17e069c8: shutdown FollowerState
2019-10-18 07:23:48,021 [Thread-8707] INFO  impl.RaftServerImpl (RaftServerImpl.java:setRole(184)) - 67270882-100a-4e75-928d-618d17e069c8@group-0C9C3B2D0CC1: changes role from  FOLLOWER to CANDIDATE at term 0 for changeToCandidate
2019-10-18 07:23:48,021 [Thread-8707] INFO  impl.RoleInfo (RoleInfo.java:updateAndGet(143)) - 67270882-100a-4e75-928d-618d17e069c8: start LeaderElection
2019-10-18 07:23:48,025 [grpc-default-executor-14] INFO  impl.RaftServerProxy (RaftServerProxy.java:addNew(89)) - 716dc1a1-4b82-41d5-9ffe-93d5e40efbd9: addNew group-E193FE271C99:[9712a796-5281-4f3e-ac85-61dedd90db73:192.168.34.25:45438, 716dc1a1-4b82-41d5-9ffe-93d5e40efbd9:192.168.34.25:46068, 030c2313-1c2c-4b42-81fb-cb58ee93f992:192.168.34.25:33896] returns group-E193FE271C99:java.util.concurrent.CompletableFuture@3606a7de[Not completed]
2019-10-18 07:23:48,025 [grpc-default-executor-12] INFO  impl.RaftServerProxy (RaftServerProxy.java:addNew(89)) - 030c2313-1c2c-4b42-81fb-cb58ee93f992: addNew group-E193FE271C99:[9712a796-5281-4f3e-ac85-61dedd90db73:192.168.34.25:45438, 716dc1a1-4b82-41d5-9ffe-93d5e40efbd9:192.168.34.25:46068, 030c2313-1c2c-4b42-81fb-cb58ee93f992:192.168.34.25:33896] returns group-E193FE271C99:java.util.concurrent.CompletableFuture@3667bced[Not completed]
2019-10-18 07:23:48,025 [grpc-default-executor-4] INFO  impl.RaftServerProxy (RaftServerProxy.java:addNew(89)) - 9712a796-5281-4f3e-ac85-61dedd90db73: addNew group-E193FE271C99:[9712a796-5281-4f3e-ac85-61dedd90db73:192.168.34.25:45438, 716dc1a1-4b82-41d5-9ffe-93d5e40efbd9:192.168.34.25:46068, 030c2313-1c2c-4b42-81fb-cb58ee93f992:192.168.34.25:33896] returns group-E193FE271C99:java.util.concurrent.CompletableFuture@18e6af77[Not completed]
2019-10-18 07:23:48,026 [pool-560-thread-1] INFO  impl.RaftServerImpl (RaftServerImpl.java:<init>(104)) - 9712a796-5281-4f3e-ac85-61dedd90db73: new RaftServerImpl for group-E193FE271C99:[9712a796-5281-4f3e-ac85-61dedd90db73:192.168.34.25:45438, 716dc1a1-4b82-41d5-9ffe-93d5e40efbd9:192.168.34.25:46068, 030c2313-1c2c-4b42-81fb-cb58ee93f992:192.168.34.25:33896] with ContainerStateMachine:uninitialized
2019-10-18 07:23:48,026 [pool-560-thread-1] INFO  server.RaftServerConfigKeys (ConfUtils.java:logGet(43)) - raft.server.rpc.timeout.min = 1s (custom)
2019-10-18 07:23:48,026 [pool-560-thread-1] INFO  server.RaftServerConfigKeys (ConfUtils.java:logGet(43)) - raft.server.rpc.timeout.max = 1200ms (custom)
2019-10-18 07:23:48,026 [pool-560-thread-1] INFO  server.RaftServerConfigKeys (ConfUtils.java:logGet(43)) - raft.server.rpcslowness.timeout = 120s (custom)
2019-10-18 07:23:48,026 [pool-560-thread-1] INFO  server.RaftServerConfigKeys (ConfUtils.java:logGet(43)) - raft.server.sleep.deviation.threshold = 300 (default)
2019-10-18 07:23:48,026 [pool-580-thread-1] INFO  impl.RaftServerImpl (RaftServerImpl.java:<init>(104)) - 030c2313-1c2c-4b42-81fb-cb58ee93f992: new RaftServerImpl for group-E193FE271C99:[9712a796-5281-4f3e-ac85-61dedd90db73:192.168.34.25:45438, 716dc1a1-4b82-41d5-9ffe-93d5e40efbd9:192.168.34.25:46068, 030c2313-1c2c-4b42-81fb-cb58ee93f992:192.168.34.25:33896] with ContainerStateMachine:uninitialized
2019-10-18 07:23:48,026 [pool-560-thread-1] INFO  server.RaftServerConfigKeys (ConfUtils.java:logGet(43)) - raft.server.log.appender.install.snapshot.enabled = false (custom)
2019-10-18 07:23:48,026 [pool-580-thread-1] INFO  server.RaftServerConfigKeys (ConfUtils.java:logGet(43)) - raft.server.rpc.timeout.min = 1s (custom)
2019-10-18 07:23:48,026 [pool-560-thread-1] INFO  impl.RaftServerImpl (ServerState.java:<init>(103)) - 9712a796-5281-4f3e-ac85-61dedd90db73@group-E193FE271C99: ConfigurationManager, init=-1: [9712a796-5281-4f3e-ac85-61dedd90db73:192.168.34.25:45438, 716dc1a1-4b82-41d5-9ffe-93d5e40efbd9:192.168.34.25:46068, 030c2313-1c2c-4b42-81fb-cb58ee93f992:192.168.34.25:33896], old=null, confs=<EMPTY_MAP>
2019-10-18 07:23:48,026 [pool-580-thread-1] INFO  server.RaftServerConfigKeys (ConfUtils.java:logGet(43)) - raft.server.rpc.timeout.max = 1200ms (custom)
2019-10-18 07:23:48,026 [pool-590-thread-1] INFO  impl.RaftServerImpl (RaftServerImpl.java:<init>(104)) - 716dc1a1-4b82-41d5-9ffe-93d5e40efbd9: new RaftServerImpl for group-E193FE271C99:[9712a796-5281-4f3e-ac85-61dedd90db73:192.168.34.25:45438, 716dc1a1-4b82-41d5-9ffe-93d5e40efbd9:192.168.34.25:46068, 030c2313-1c2c-4b42-81fb-cb58ee93f992:192.168.34.25:33896] with ContainerStateMachine:uninitialized
2019-10-18 07:23:48,026 [pool-560-thread-1] INFO  server.RaftServerConfigKeys (ConfUtils.java:logGet(43)) - raft.server.storage.dir = [/workdir/hadoop-ozone/integration-test/target/test-dir/MiniOzoneClusterImpl-f216ddbe-e8b4-4355-85c5-09cf054ba290/datanode-5/data/ratis] (custom)
2019-10-18 07:23:48,027 [pool-590-thread-1] INFO  server.RaftServerConfigKeys (ConfUtils.java:logGet(43)) - raft.server.rpc.timeout.min = 1s (custom)
2019-10-18 07:23:48,026 [pool-580-thread-1] INFO  server.RaftServerConfigKeys (ConfUtils.java:logGet(43)) - raft.server.rpcslowness.timeout = 120s (custom)
2019-10-18 07:23:48,027 [pool-560-thread-1] INFO  server.RaftServerConfigKeys (ConfUtils.java:logGet(43)) - raft.server.log.corruption.policy = EXCEPTION (default)
2019-10-18 07:23:48,027 [pool-590-thread-1] INFO  server.RaftServerConfigKeys (ConfUtils.java:logGet(43)) - raft.server.rpc.timeout.max = 1200ms (custom)
2019-10-18 07:23:48,027 [pool-580-thread-1] INFO  server.RaftServerConfigKeys (ConfUtils.java:logGet(43)) - raft.server.sleep.deviation.threshold = 300 (default)
2019-10-18 07:23:48,027 [pool-560-thread-1] INFO  storage.RaftStorageDirectory (RaftStorageDirectory.java:analyzeStorage(246)) - The storage directory /workdir/hadoop-ozone/integration-test/target/test-dir/MiniOzoneClusterImpl-f216ddbe-e8b4-4355-85c5-09cf054ba290/datanode-5/data/ratis/1a142e32-f3d3-4f21-8488-e193fe271c99 does not exist. Creating ...
2019-10-18 07:23:48,027 [pool-590-thread-1] INFO  server.RaftServerConfigKeys (ConfUtils.java:logGet(43)) - raft.server.rpcslowness.timeout = 120s (custom)
2019-10-18 07:23:48,027 [pool-580-thread-1] INFO  server.RaftServerConfigKeys (ConfUtils.java:logGet(43)) - raft.server.log.appender.install.snapshot.enabled = false (custom)
2019-10-18 07:23:48,027 [pool-590-thread-1] INFO  server.RaftServerConfigKeys (ConfUtils.java:logGet(43)) - raft.server.sleep.deviation.threshold = 300 (default)
2019-10-18 07:23:48,027 [pool-580-thread-1] INFO  impl.RaftServerImpl (ServerState.java:<init>(103)) - 030c2313-1c2c-4b42-81fb-cb58ee93f992@group-E193FE271C99: ConfigurationManager, init=-1: [9712a796-5281-4f3e-ac85-61dedd90db73:192.168.34.25:45438, 716dc1a1-4b82-41d5-9ffe-93d5e40efbd9:192.168.34.25:46068, 030c2313-1c2c-4b42-81fb-cb58ee93f992:192.168.34.25:33896], old=null, confs=<EMPTY_MAP>
2019-10-18 07:23:48,027 [pool-590-thread-1] INFO  server.RaftServerConfigKeys (ConfUtils.java:logGet(43)) - raft.server.log.appender.install.snapshot.enabled = false (custom)
2019-10-18 07:23:48,027 [pool-580-thread-1] INFO  server.RaftServerConfigKeys (ConfUtils.java:logGet(43)) - raft.server.storage.dir = [/workdir/hadoop-ozone/integration-test/target/test-dir/MiniOzoneClusterImpl-f216ddbe-e8b4-4355-85c5-09cf054ba290/datanode-7/data/ratis] (custom)
2019-10-18 07:23:48,028 [pool-590-thread-1] INFO  impl.RaftServerImpl (ServerState.java:<init>(103)) - 716dc1a1-4b82-41d5-9ffe-93d5e40efbd9@group-E193FE271C99: ConfigurationManager, init=-1: [9712a796-5281-4f3e-ac85-61dedd90db73:192.168.34.25:45438, 716dc1a1-4b82-41d5-9ffe-93d5e40efbd9:192.168.34.25:46068, 030c2313-1c2c-4b42-81fb-cb58ee93f992:192.168.34.25:33896], old=null, confs=<EMPTY_MAP>
2019-10-18 07:23:48,028 [pool-580-thread-1] INFO  server.RaftServerConfigKeys (ConfUtils.java:logGet(43)) - raft.server.log.corruption.policy = EXCEPTION (default)
2019-10-18 07:23:48,028 [pool-590-thread-1] INFO  server.RaftServerConfigKeys (ConfUtils.java:logGet(43)) - raft.server.storage.dir = [/workdir/hadoop-ozone/integration-test/target/test-dir/MiniOzoneClusterImpl-f216ddbe-e8b4-4355-85c5-09cf054ba290/datanode-8/data/ratis] (custom)
2019-10-18 07:23:48,028 [pool-580-thread-1] INFO  storage.RaftStorageDirectory (RaftStorageDirectory.java:analyzeStorage(246)) - The storage directory /workdir/hadoop-ozone/integration-test/target/test-dir/MiniOzoneClusterImpl-f216ddbe-e8b4-4355-85c5-09cf054ba290/datanode-7/data/ratis/1a142e32-f3d3-4f21-8488-e193fe271c99 does not exist. Creating ...
2019-10-18 07:23:48,028 [pool-590-thread-1] INFO  server.RaftServerConfigKeys (ConfUtils.java:logGet(43)) - raft.server.log.corruption.policy = EXCEPTION (default)
2019-10-18 07:23:48,028 [pool-590-thread-1] INFO  storage.RaftStorageDirectory (RaftStorageDirectory.java:analyzeStorage(246)) - The storage directory /workdir/hadoop-ozone/integration-test/target/test-dir/MiniOzoneClusterImpl-f216ddbe-e8b4-4355-85c5-09cf054ba290/datanode-8/data/ratis/1a142e32-f3d3-4f21-8488-e193fe271c99 does not exist. Creating ...
2019-10-18 07:23:48,053 [pool-560-thread-1] INFO  storage.RaftStorageDirectory (RaftStorageDirectory.java:tryLock(328)) - Lock on /workdir/hadoop-ozone/integration-test/target/test-dir/MiniOzoneClusterImpl-f216ddbe-e8b4-4355-85c5-09cf054ba290/datanode-5/data/ratis/1a142e32-f3d3-4f21-8488-e193fe271c99/in_use.lock acquired by nodename 21255@pr-hdds-2318-jnjn8-2612408985
2019-10-18 07:23:48,053 [pool-580-thread-1] INFO  storage.RaftStorageDirectory (RaftStorageDirectory.java:tryLock(328)) - Lock on /workdir/hadoop-ozone/integration-test/target/test-dir/MiniOzoneClusterImpl-f216ddbe-e8b4-4355-85c5-09cf054ba290/datanode-7/data/ratis/1a142e32-f3d3-4f21-8488-e193fe271c99/in_use.lock acquired by nodename 21255@pr-hdds-2318-jnjn8-2612408985
2019-10-18 07:23:48,053 [pool-590-thread-1] INFO  storage.RaftStorageDirectory (RaftStorageDirectory.java:tryLock(328)) - Lock on /workdir/hadoop-ozone/integration-test/target/test-dir/MiniOzoneClusterImpl-f216ddbe-e8b4-4355-85c5-09cf054ba290/datanode-8/data/ratis/1a142e32-f3d3-4f21-8488-e193fe271c99/in_use.lock acquired by nodename 21255@pr-hdds-2318-jnjn8-2612408985
2019-10-18 07:23:48,053 [67270882-100a-4e75-928d-618d17e069c8@group-0C9C3B2D0CC1-LeaderElection946] INFO  impl.LeaderElection (LeaderElection.java:askForVotes(178)) - 67270882-100a-4e75-928d-618d17e069c8@group-0C9C3B2D0CC1-LeaderElection946: begin an election at term 1 for -1: [6633f50a-7046-4b08-9937-8e25f1b14b15:192.168.34.25:39338, 67270882-100a-4e75-928d-618d17e069c8:192.168.34.25:36648, 4dea926d-4bc6-487a-9b9b-9fd457d0fae4:192.168.34.25:41624], old=null
2019-10-18 07:23:48,062 [grpc-default-executor-4] INFO  impl.RaftServerImpl (RaftServerImpl.java:setRole(184)) - 4dea926d-4bc6-487a-9b9b-9fd457d0fae4@group-0C9C3B2D0CC1: changes role from  FOLLOWER to FOLLOWER at term 1 for recognizeCandidate:67270882-100a-4e75-928d-618d17e069c8
2019-10-18 07:23:48,062 [grpc-default-executor-4] INFO  impl.RoleInfo (RoleInfo.java:shutdownFollowerState(121)) - 4dea926d-4bc6-487a-9b9b-9fd457d0fae4: shutdown FollowerState
2019-10-18 07:23:48,062 [grpc-default-executor-12] INFO  impl.RaftServerImpl (RaftServerImpl.java:setRole(184)) - 6633f50a-7046-4b08-9937-8e25f1b14b15@group-0C9C3B2D0CC1: changes role from  FOLLOWER to FOLLOWER at term 1 for recognizeCandidate:67270882-100a-4e75-928d-618d17e069c8
2019-10-18 07:23:48,063 [Thread-8706] INFO  impl.FollowerState (FollowerState.java:run(117)) - 4dea926d-4bc6-487a-9b9b-9fd457d0fae4@group-0C9C3B2D0CC1-FollowerState was interrupted: java.lang.InterruptedException: sleep interrupted
2019-10-18 07:23:48,063 [grpc-default-executor-4] INFO  impl.RoleInfo (RoleInfo.java:updateAndGet(143)) - 4dea926d-4bc6-487a-9b9b-9fd457d0fae4: start FollowerState
2019-10-18 07:23:48,063 [grpc-default-executor-12] INFO  impl.RoleInfo (RoleInfo.java:shutdownFollowerState(121)) - 6633f50a-7046-4b08-9937-8e25f1b14b15: shutdown FollowerState
2019-10-18 07:23:48,063 [grpc-default-executor-12] INFO  impl.RoleInfo (RoleInfo.java:updateAndGet(143)) - 6633f50a-7046-4b08-9937-8e25f1b14b15: start FollowerState
2019-10-18 07:23:48,063 [Thread-8702] INFO  impl.FollowerState (FollowerState.java:run(117)) - 6633f50a-7046-4b08-9937-8e25f1b14b15@group-0C9C3B2D0CC1-FollowerState was interrupted: java.lang.InterruptedException: sleep interrupted
2019-10-18 07:23:48,079 [pool-560-thread-1] INFO  storage.RaftStorage (RaftStorage.java:format(84)) - Storage directory /workdir/hadoop-ozone/integration-test/target/test-dir/MiniOzoneClusterImpl-f216ddbe-e8b4-4355-85c5-09cf054ba290/datanode-5/data/ratis/1a142e32-f3d3-4f21-8488-e193fe271c99 has been successfully formatted.
2019-10-18 07:23:48,079 [pool-590-thread-1] INFO  storage.RaftStorage (RaftStorage.java:format(84)) - Storage directory /workdir/hadoop-ozone/integration-test/target/test-dir/MiniOzoneClusterImpl-f216ddbe-e8b4-4355-85c5-09cf054ba290/datanode-8/data/ratis/1a142e32-f3d3-4f21-8488-e193fe271c99 has been successfully formatted.
2019-10-18 07:23:48,079 [pool-580-thread-1] INFO  storage.RaftStorage (RaftStorage.java:format(84)) - Storage directory /workdir/hadoop-ozone/integration-test/target/test-dir/MiniOzoneClusterImpl-f216ddbe-e8b4-4355-85c5-09cf054ba290/datanode-7/data/ratis/1a142e32-f3d3-4f21-8488-e193fe271c99 has been successfully formatted.
2019-10-18 07:23:48,079 [pool-560-thread-1] INFO  ratis.ContainerStateMachine (ContainerStateMachine.java:loadSnapshot(231)) - group-E193FE271C99: The snapshot info is null. Setting the last applied indexto:(t:0, i:~)
2019-10-18 07:23:48,079 [pool-580-thread-1] INFO  ratis.ContainerStateMachine (ContainerStateMachine.java:loadSnapshot(231)) - group-E193FE271C99: The snapshot info is null. Setting the last applied indexto:(t:0, i:~)
2019-10-18 07:23:48,079 [pool-590-thread-1] INFO  ratis.ContainerStateMachine (ContainerStateMachine.java:loadSnapshot(231)) - group-E193FE271C99: The snapshot info is null. Setting the last applied indexto:(t:0, i:~)
2019-10-18 07:23:48,079 [pool-580-thread-1] INFO  server.RaftServerConfigKeys (ConfUtils.java:logGet(43)) - raft.server.notification.no-leader.timeout = 120s (custom)
2019-10-18 07:23:48,079 [67270882-100a-4e75-928d-618d17e069c8@group-0C9C3B2D0CC1-LeaderElection946] INFO  impl.LeaderElection (LeaderElection.java:logAndReturn(56)) - 67270882-100a-4e75-928d-618d17e069c8@group-0C9C3B2D0CC1-LeaderElection946: Election PASSED; received 1 response(s) [67270882-100a-4e75-928d-618d17e069c8<-4dea926d-4bc6-487a-9b9b-9fd457d0fae4#0:OK-t1] and 0 exception(s); 67270882-100a-4e75-928d-618d17e069c8@group-0C9C3B2D0CC1:t1, leader=null, voted=67270882-100a-4e75-928d-618d17e069c8, raftlog=67270882-100a-4e75-928d-618d17e069c8@group-0C9C3B2D0CC1-SegmentedRaftLog:OPENED:c-1,f-1,i0, conf=-1: [6633f50a-7046-4b08-9937-8e25f1b14b15:192.168.34.25:39338, 67270882-100a-4e75-928d-618d17e069c8:192.168.34.25:36648, 4dea926d-4bc6-487a-9b9b-9fd457d0fae4:192.168.34.25:41624], old=null
2019-10-18 07:23:48,079 [67270882-100a-4e75-928d-618d17e069c8@group-0C9C3B2D0CC1-LeaderElection946] INFO  impl.RoleInfo (RoleInfo.java:shutdownLeaderElection(134)) - 67270882-100a-4e75-928d-618d17e069c8: shutdown LeaderElection
2019-10-18 07:23:48,079 [pool-560-thread-1] INFO  server.RaftServerConfigKeys (ConfUtils.java:logGet(43)) - raft.server.notification.no-leader.timeout = 120s (custom)
2019-10-18 07:23:48,079 [67270882-100a-4e75-928d-618d17e069c8@group-0C9C3B2D0CC1-LeaderElection946] INFO  impl.RaftServerImpl (RaftServerImpl.java:setRole(184)) - 67270882-100a-4e75-928d-618d17e069c8@group-0C9C3B2D0CC1: changes role from CANDIDATE to LEADER at term 1 for changeToLeader
2019-10-18 07:23:48,079 [pool-580-thread-1] INFO  server.RaftServerConfigKeys (ConfUtils.java:logGet(43)) - raft.server.log.use.memory = false (default)
2019-10-18 07:23:48,079 [pool-590-thread-1] INFO  server.RaftServerConfigKeys (ConfUtils.java:logGet(43)) - raft.server.notification.no-leader.timeout = 120s (custom)
2019-10-18 07:23:48,080 [pool-580-thread-1] INFO  server.RaftServerConfigKeys (ConfUtils.java:logGet(43)) - raft.server.log.purge.gap = 1000000 (custom)
2019-10-18 07:23:48,080 [67270882-100a-4e75-928d-618d17e069c8@group-0C9C3B2D0CC1-LeaderElection946] INFO  impl.RaftServerImpl (ServerState.java:setLeader(256)) - 67270882-100a-4e75-928d-618d17e069c8@group-0C9C3B2D0CC1: change Leader from null to 67270882-100a-4e75-928d-618d17e069c8 at term 1 for becomeLeader, leader elected after 93ms
2019-10-18 07:23:48,080 [pool-560-thread-1] INFO  server.RaftServerConfigKeys (ConfUtils.java:logGet(43)) - raft.server.log.use.memory = false (default)
2019-10-18 07:23:48,080 [67270882-100a-4e75-928d-618d17e069c8@group-0C9C3B2D0CC1-LeaderElection946] INFO  server.RaftServerConfigKeys (ConfUtils.java:logGet(43)) - raft.server.staging.catchup.gap = 1000 (default)
2019-10-18 07:23:48,080 [pool-580-thread-1] INFO  server.RaftServerConfigKeys (ConfUtils.java:logGet(43)) - raft.server.log.appender.buffer.byte-limit = 33554432 (custom)
2019-10-18 07:23:48,080 [pool-590-thread-1] INFO  server.RaftServerConfigKeys (ConfUtils.java:logGet(43)) - raft.server.log.use.memory = false (default)
2019-10-18 07:23:48,080 [pool-580-thread-1] INFO  server.RaftServerConfigKeys (ConfUtils.java:logGet(43)) - raft.server.log.segment.size.max = 1048576 (custom)
2019-10-18 07:23:48,080 [67270882-100a-4e75-928d-618d17e069c8@group-0C9C3B2D0CC1-LeaderElection946] INFO  server.RaftServerConfigKeys (ConfUtils.java:logGet(43)) - raft.server.rpc.sleep.time = 25ms (default)
2019-10-18 07:23:48,080 [pool-560-thread-1] INFO  server.RaftServerConfigKeys (ConfUtils.java:logGet(43)) - raft.server.log.purge.gap = 1000000 (custom)
2019-10-18 07:23:48,081 [67270882-100a-4e75-928d-618d17e069c8@group-0C9C3B2D0CC1-LeaderElection946] INFO  server.RaftServerConfigKeys (ConfUtils.java:logGet(43)) - raft.server.write.element-limit = 4096 (default)
2019-10-18 07:23:48,080 [pool-580-thread-1] INFO  server.RaftServerConfigKeys (ConfUtils.java:logGet(43)) - raft.server.log.segment.cache.num.max = 2 (custom)
2019-10-18 07:23:48,081 [pool-580-thread-1] INFO  segmented.SegmentedRaftLogWorker (SegmentedRaftLogWorker.java:<init>(173)) - new 030c2313-1c2c-4b42-81fb-cb58ee93f992@group-E193FE271C99-SegmentedRaftLogWorker for RaftStorage:Storage Directory /workdir/hadoop-ozone/integration-test/target/test-dir/MiniOzoneClusterImpl-f216ddbe-e8b4-4355-85c5-09cf054ba290/datanode-7/data/ratis/1a142e32-f3d3-4f21-8488-e193fe271c99
2019-10-18 07:23:48,080 [pool-590-thread-1] INFO  server.RaftServerConfigKeys (ConfUtils.java:logGet(43)) - raft.server.log.purge.gap = 1000000 (custom)
2019-10-18 07:23:48,081 [pool-580-thread-1] INFO  server.RaftServerConfigKeys (ConfUtils.java:logGet(43)) - raft.server.log.queue.byte-limit = 2147483647 (custom)
2019-10-18 07:23:48,081 [pool-580-thread-1] INFO  server.RaftServerConfigKeys (ConfUtils.java:logGet(43)) - raft.server.log.queue.element-limit = 1024 (custom)
2019-10-18 07:23:48,081 [67270882-100a-4e75-928d-618d17e069c8@group-0C9C3B2D0CC1-LeaderElection946] INFO  server.RaftServerConfigKeys (ConfUtils.java:logGet(43)) - raft.server.watch.timeout = 10s (default)
2019-10-18 07:23:48,081 [pool-560-thread-1] INFO  server.RaftServerConfigKeys (ConfUtils.java:logGet(43)) - raft.server.log.appender.buffer.byte-limit = 33554432 (custom)
2019-10-18 07:23:48,081 [67270882-100a-4e75-928d-618d17e069c8@group-0C9C3B2D0CC1-LeaderElection946] INFO  server.RaftServerConfigKeys (ConfUtils.java:logGet(43)) - raft.server.watch.timeout.denomination = 1s (default)
2019-10-18 07:23:48,081 [pool-580-thread-1] INFO  server.RaftServerConfigKeys (ConfUtils.java:logGet(43)) - raft.server.log.segment.size.max = 1048576 (custom)
2019-10-18 07:23:48,081 [pool-580-thread-1] INFO  server.RaftServerConfigKeys (ConfUtils.java:logGet(43)) - raft.server.log.preallocated.size = 16384 (custom)
2019-10-18 07:23:48,081 [pool-590-thread-1] INFO  server.RaftServerConfigKeys (ConfUtils.java:logGet(43)) - raft.server.log.appender.buffer.byte-limit = 33554432 (custom)
2019-10-18 07:23:48,081 [pool-580-thread-1] INFO  server.RaftServerConfigKeys (ConfUtils.java:logGet(43)) - raft.server.log.write.buffer.size = 33554432 (custom)
2019-10-18 07:23:48,082 [pool-580-thread-1] INFO  server.RaftServerConfigKeys (ConfUtils.java:logGet(43)) - raft.server.log.force.sync.num = 128 (default)
2019-10-18 07:23:48,081 [67270882-100a-4e75-928d-618d17e069c8@group-0C9C3B2D0CC1-LeaderElection946] INFO  server.RaftServerConfigKeys (ConfUtils.java:logGet(43)) - raft.server.watch.element-limit = 65536 (default)
2019-10-18 07:23:48,081 [pool-560-thread-1] INFO  server.RaftServerConfigKeys (ConfUtils.java:logGet(43)) - raft.server.log.segment.size.max = 1048576 (custom)
2019-10-18 07:23:48,082 [pool-580-thread-1] INFO  server.RaftServerConfigKeys (ConfUtils.java:logGet(43)) - raft.server.log.statemachine.data.sync = true (default)
2019-10-18 07:23:48,082 [pool-580-thread-1] INFO  server.RaftServerConfigKeys (ConfUtils.java:logGet(43)) - raft.server.log.statemachine.data.sync.timeout = 10s (default)
2019-10-18 07:23:48,082 [pool-590-thread-1] INFO  server.RaftServerConfigKeys (ConfUtils.java:logGet(43)) - raft.server.log.segment.size.max = 1048576 (custom)
2019-10-18 07:23:48,082 [pool-580-thread-1] INFO  server.RaftServerConfigKeys (ConfUtils.java:logGet(43)) - raft.server.log.statemachine.data.sync.timeout.retry = -1 (default)
2019-10-18 07:23:48,082 [pool-560-thread-1] INFO  server.RaftServerConfigKeys (ConfUtils.java:logGet(43)) - raft.server.log.segment.cache.num.max = 2 (custom)
2019-10-18 07:23:48,082 [pool-580-thread-1] INFO  server.RaftServerConfigKeys (ConfUtils.java:logGet(43)) - raft.server.log.statemachine.data.caching.enabled = true (custom)
2019-10-18 07:23:48,082 [pool-560-thread-1] INFO  segmented.SegmentedRaftLogWorker (SegmentedRaftLogWorker.java:<init>(173)) - new 9712a796-5281-4f3e-ac85-61dedd90db73@group-E193FE271C99-SegmentedRaftLogWorker for RaftStorage:Storage Directory /workdir/hadoop-ozone/integration-test/target/test-dir/MiniOzoneClusterImpl-f216ddbe-e8b4-4355-85c5-09cf054ba290/datanode-5/data/ratis/1a142e32-f3d3-4f21-8488-e193fe271c99
2019-10-18 07:23:48,083 [pool-560-thread-1] INFO  server.RaftServerConfigKeys (ConfUtils.java:logGet(43)) - raft.server.log.queue.byte-limit = 2147483647 (custom)
2019-10-18 07:23:48,083 [pool-580-thread-1] INFO  segmented.SegmentedRaftLogWorker (SegmentedRaftLogWorker.java:lambda$new$0(128)) - 030c2313-1c2c-4b42-81fb-cb58ee93f992@group-E193FE271C99-SegmentedRaftLogWorker: flushIndex: setUnconditionally 0 -> -1
2019-10-18 07:23:48,083 [pool-560-thread-1] INFO  server.RaftServerConfigKeys (ConfUtils.java:logGet(43)) - raft.server.log.queue.element-limit = 1024 (custom)
2019-10-18 07:23:48,083 [pool-560-thread-1] INFO  server.RaftServerConfigKeys (ConfUtils.java:logGet(43)) - raft.server.log.segment.size.max = 1048576 (custom)
2019-10-18 07:23:48,083 [pool-580-thread-1] INFO  server.RaftServerConfigKeys (ConfUtils.java:logGet(43)) - raft.server.snapshot.auto.trigger.enabled = true (custom)
2019-10-18 07:23:48,083 [pool-560-thread-1] INFO  server.RaftServerConfigKeys (ConfUtils.java:logGet(43)) - raft.server.log.preallocated.size = 16384 (custom)
2019-10-18 07:23:48,083 [pool-580-thread-1] INFO  server.RaftServerConfigKeys (ConfUtils.java:logGet(43)) - raft.server.snapshot.auto.trigger.threshold = 10000 (custom)
2019-10-18 07:23:48,083 [pool-560-thread-1] INFO  server.RaftServerConfigKeys (ConfUtils.java:logGet(43)) - raft.server.log.write.buffer.size = 33554432 (custom)
2019-10-18 07:23:48,083 [pool-580-thread-1] INFO  server.RaftServerConfigKeys (ConfUtils.java:logGet(43)) - raft.server.snapshot.retention.file.num = 5 (custom)
2019-10-18 07:23:48,083 [pool-560-thread-1] INFO  server.RaftServerConfigKeys (ConfUtils.java:logGet(43)) - raft.server.log.force.sync.num = 128 (default)
2019-10-18 07:23:48,083 [pool-580-thread-1] INFO  server.RaftServerConfigKeys (ConfUtils.java:logGet(43)) - raft.server.retrycache.expirytime = 600000ms (custom)
2019-10-18 07:23:48,083 [pool-560-thread-1] INFO  server.RaftServerConfigKeys (ConfUtils.java:logGet(43)) - raft.server.log.statemachine.data.sync = true (default)
2019-10-18 07:23:48,084 [pool-560-thread-1] INFO  server.RaftServerConfigKeys (ConfUtils.java:logGet(43)) - raft.server.log.statemachine.data.sync.timeout = 10s (default)
2019-10-18 07:23:48,084 [pool-560-thread-1] INFO  server.RaftServerConfigKeys (ConfUtils.java:logGet(43)) - raft.server.log.statemachine.data.sync.timeout.retry = -1 (default)
2019-10-18 07:23:48,084 [67270882-100a-4e75-928d-618d17e069c8@group-0C9C3B2D0CC1-LeaderElection946] INFO  server.RaftServerConfigKeys (ConfUtils.java:logGet(43)) - raft.server.log.appender.snapshot.chunk.size.max = 16MB (=16777216) (default)
2019-10-18 07:23:48,084 [pool-560-thread-1] INFO  server.RaftServerConfigKeys (ConfUtils.java:logGet(43)) - raft.server.log.statemachine.data.caching.enabled = true (custom)
2019-10-18 07:23:48,084 [pool-590-thread-1] INFO  server.RaftServerConfigKeys (ConfUtils.java:logGet(43)) - raft.server.log.segment.cache.num.max = 2 (custom)
2019-10-18 07:23:48,084 [67270882-100a-4e75-928d-618d17e069c8@group-0C9C3B2D0CC1-LeaderElection946] INFO  server.RaftServerConfigKeys (ConfUtils.java:logGet(43)) - raft.server.log.appender.buffer.byte-limit = 33554432 (custom)
2019-10-18 07:23:48,084 [pool-590-thread-1] INFO  segmented.SegmentedRaftLogWorker (SegmentedRaftLogWorker.java:<init>(173)) - new 716dc1a1-4b82-41d5-9ffe-93d5e40efbd9@group-E193FE271C99-SegmentedRaftLogWorker for RaftStorage:Storage Directory /workdir/hadoop-ozone/integration-test/target/test-dir/MiniOzoneClusterImpl-f216ddbe-e8b4-4355-85c5-09cf054ba290/datanode-8/data/ratis/1a142e32-f3d3-4f21-8488-e193fe271c99
2019-10-18 07:23:48,084 [67270882-100a-4e75-928d-618d17e069c8@group-0C9C3B2D0CC1-LeaderElection946] INFO  server.RaftServerConfigKeys (ConfUtils.java:logGet(43)) - raft.server.log.appender.buffer.element-limit = 1 (custom)
2019-10-18 07:23:48,084 [pool-590-thread-1] INFO  server.RaftServerConfigKeys (ConfUtils.java:logGet(43)) - raft.server.log.queue.byte-limit = 2147483647 (custom)
2019-10-18 07:23:48,084 [67270882-100a-4e75-928d-618d17e069c8@group-0C9C3B2D0CC1-LeaderElection946] INFO  grpc.GrpcConfigKeys$Server (ConfUtils.java:logGet(43)) - raft.grpc.server.leader.outstanding.appends.max = 128 (default)
2019-10-18 07:23:48,084 [pool-590-thread-1] INFO  server.RaftServerConfigKeys (ConfUtils.java:logGet(43)) - raft.server.log.queue.element-limit = 1024 (custom)
2019-10-18 07:23:48,085 [pool-580-thread-1] INFO  impl.RaftServerImpl (RaftServerImpl.java:start(195)) - 030c2313-1c2c-4b42-81fb-cb58ee93f992@group-E193FE271C99: start as a follower, conf=-1: [9712a796-5281-4f3e-ac85-61dedd90db73:192.168.34.25:45438, 716dc1a1-4b82-41d5-9ffe-93d5e40efbd9:192.168.34.25:46068, 030c2313-1c2c-4b42-81fb-cb58ee93f992:192.168.34.25:33896], old=null
2019-10-18 07:23:48,084 [67270882-100a-4e75-928d-618d17e069c8@group-0C9C3B2D0CC1-LeaderElection946] INFO  server.RaftServerConfigKeys (ConfUtils.java:logGet(43)) - raft.server.rpc.request.timeout = 3000ms (default)
2019-10-18 07:23:48,085 [pool-580-thread-1] INFO  impl.RaftServerImpl (RaftServerImpl.java:setRole(184)) - 030c2313-1c2c-4b42-81fb-cb58ee93f992@group-E193FE271C99: changes role from      null to FOLLOWER at term 0 for startAsFollower
2019-10-18 07:23:48,085 [pool-590-thread-1] INFO  server.RaftServerConfigKeys (ConfUtils.java:logGet(43)) - raft.server.log.segment.size.max = 1048576 (custom)
2019-10-18 07:23:48,085 [pool-580-thread-1] INFO  impl.RoleInfo (RoleInfo.java:updateAndGet(143)) - 030c2313-1c2c-4b42-81fb-cb58ee93f992: start FollowerState
2019-10-18 07:23:48,085 [67270882-100a-4e75-928d-618d17e069c8@group-0C9C3B2D0CC1-LeaderElection946] INFO  server.RaftServerConfigKeys (ConfUtils.java:logGet(43)) - raft.server.log.appender.install.snapshot.enabled = false (custom)
2019-10-18 07:23:48,085 [pool-590-thread-1] INFO  server.RaftServerConfigKeys (ConfUtils.java:logGet(43)) - raft.server.log.preallocated.size = 16384 (custom)
2019-10-18 07:23:48,085 [pool-590-thread-1] INFO  server.RaftServerConfigKeys (ConfUtils.java:logGet(43)) - raft.server.log.write.buffer.size = 33554432 (custom)
2019-10-18 07:23:48,085 [pool-580-thread-1] INFO  util.JmxRegister (JmxRegister.java:tryRegister(44)) - Successfully registered JMX Bean with object name Ratis:service=RaftServer,group=group-E193FE271C99,id=030c2313-1c2c-4b42-81fb-cb58ee93f992
2019-10-18 07:23:48,085 [pool-590-thread-1] INFO  server.RaftServerConfigKeys (ConfUtils.java:logGet(43)) - raft.server.log.force.sync.num = 128 (default)
2019-10-18 07:23:48,085 [pool-590-thread-1] INFO  server.RaftServerConfigKeys (ConfUtils.java:logGet(43)) - raft.server.log.statemachine.data.sync = true (default)
2019-10-18 07:23:48,085 [pool-590-thread-1] INFO  server.RaftServerConfigKeys (ConfUtils.java:logGet(43)) - raft.server.log.statemachine.data.sync.timeout = 10s (default)
2019-10-18 07:23:48,086 [pool-590-thread-1] INFO  server.RaftServerConfigKeys (ConfUtils.java:logGet(43)) - raft.server.log.statemachine.data.sync.timeout.retry = -1 (default)
2019-10-18 07:23:48,086 [pool-590-thread-1] INFO  server.RaftServerConfigKeys (ConfUtils.java:logGet(43)) - raft.server.log.statemachine.data.caching.enabled = true (custom)
2019-10-18 07:23:48,087 [67270882-100a-4e75-928d-618d17e069c8@group-0C9C3B2D0CC1-LeaderElection946] INFO  server.RaftServerConfigKeys (ConfUtils.java:logGet(43)) - raft.server.log.appender.snapshot.chunk.size.max = 16MB (=16777216) (default)
2019-10-18 07:23:48,087 [67270882-100a-4e75-928d-618d17e069c8@group-0C9C3B2D0CC1-LeaderElection946] INFO  server.RaftServerConfigKeys (ConfUtils.java:logGet(43)) - raft.server.log.appender.buffer.byte-limit = 33554432 (custom)
2019-10-18 07:23:48,087 [67270882-100a-4e75-928d-618d17e069c8@group-0C9C3B2D0CC1-LeaderElection946] INFO  server.RaftServerConfigKeys (ConfUtils.java:logGet(43)) - raft.server.log.appender.buffer.element-limit = 1 (custom)
2019-10-18 07:23:48,087 [67270882-100a-4e75-928d-618d17e069c8@group-0C9C3B2D0CC1-LeaderElection946] INFO  grpc.GrpcConfigKeys$Server (ConfUtils.java:logGet(43)) - raft.grpc.server.leader.outstanding.appends.max = 128 (default)
2019-10-18 07:23:48,087 [67270882-100a-4e75-928d-618d17e069c8@group-0C9C3B2D0CC1-LeaderElection946] INFO  server.RaftServerConfigKeys (ConfUtils.java:logGet(43)) - raft.server.rpc.request.timeout = 3000ms (default)
2019-10-18 07:23:48,087 [67270882-100a-4e75-928d-618d17e069c8@group-0C9C3B2D0CC1-LeaderElection946] INFO  server.RaftServerConfigKeys (ConfUtils.java:logGet(43)) - raft.server.log.appender.install.snapshot.enabled = false (custom)
2019-10-18 07:23:48,087 [pool-560-thread-1] INFO  segmented.SegmentedRaftLogWorker (SegmentedRaftLogWorker.java:lambda$new$0(128)) - 9712a796-5281-4f3e-ac85-61dedd90db73@group-E193FE271C99-SegmentedRaftLogWorker: flushIndex: setUnconditionally 0 -> -1
2019-10-18 07:23:48,087 [pool-590-thread-1] INFO  segmented.SegmentedRaftLogWorker (SegmentedRaftLogWorker.java:lambda$new$0(128)) - 716dc1a1-4b82-41d5-9ffe-93d5e40efbd9@group-E193FE271C99-SegmentedRaftLogWorker: flushIndex: setUnconditionally 0 -> -1
2019-10-18 07:23:48,088 [pool-560-thread-1] INFO  server.RaftServerConfigKeys (ConfUtils.java:logGet(43)) - raft.server.snapshot.auto.trigger.enabled = true (custom)
2019-10-18 07:23:48,088 [pool-560-thread-1] INFO  server.RaftServerConfigKeys (ConfUtils.java:logGet(43)) - raft.server.snapshot.auto.trigger.threshold = 10000 (custom)
2019-10-18 07:23:48,088 [pool-590-thread-1] INFO  server.RaftServerConfigKeys (ConfUtils.java:logGet(43)) - raft.server.snapshot.auto.trigger.enabled = true (custom)
2019-10-18 07:23:48,088 [pool-560-thread-1] INFO  server.RaftServerConfigKeys (ConfUtils.java:logGet(43)) - raft.server.snapshot.retention.file.num = 5 (custom)
2019-10-18 07:23:48,088 [pool-590-thread-1] INFO  server.RaftServerConfigKeys (ConfUtils.java:logGet(43)) - raft.server.snapshot.auto.trigger.threshold = 10000 (custom)
2019-10-18 07:23:48,088 [pool-560-thread-1] INFO  server.RaftServerConfigKeys (ConfUtils.java:logGet(43)) - raft.server.retrycache.expirytime = 600000ms (custom)
2019-10-18 07:23:48,088 [pool-590-thread-1] INFO  server.RaftServerConfigKeys (ConfUtils.java:logGet(43)) - raft.server.snapshot.retention.file.num = 5 (custom)
2019-10-18 07:23:48,089 [pool-590-thread-1] INFO  server.RaftServerConfigKeys (ConfUtils.java:logGet(43)) - raft.server.retrycache.expirytime = 600000ms (custom)
2019-10-18 07:23:48,089 [67270882-100a-4e75-928d-618d17e069c8@group-0C9C3B2D0CC1-LeaderElection946] INFO  impl.RoleInfo (RoleInfo.java:updateAndGet(143)) - 67270882-100a-4e75-928d-618d17e069c8: start LeaderState
2019-10-18 07:23:48,089 [67270882-100a-4e75-928d-618d17e069c8@group-0C9C3B2D0CC1-LeaderElection946] INFO  segmented.SegmentedRaftLogWorker (SegmentedRaftLogWorker.java:startLogSegment(385)) - 67270882-100a-4e75-928d-618d17e069c8@group-0C9C3B2D0CC1-SegmentedRaftLogWorker: Starting segment from index:0
2019-10-18 07:23:48,090 [67270882-100a-4e75-928d-618d17e069c8@group-0C9C3B2D0CC1-LeaderElection946] INFO  impl.RaftServerImpl (ServerState.java:setRaftConf(357)) - 67270882-100a-4e75-928d-618d17e069c8@group-0C9C3B2D0CC1: set configuration 0: [6633f50a-7046-4b08-9937-8e25f1b14b15:192.168.34.25:39338, 67270882-100a-4e75-928d-618d17e069c8:192.168.34.25:36648, 4dea926d-4bc6-487a-9b9b-9fd457d0fae4:192.168.34.25:41624], old=null at 0
2019-10-18 07:23:48,127 [Thread-8718] INFO  impl.FollowerState (FollowerState.java:run(108)) - 030c2313-1c2c-4b42-81fb-cb58ee93f992@group-E193FE271C99-FollowerState: change to CANDIDATE, lastRpcTime:42ms, electionTimeout:31ms
2019-10-18 07:23:48,128 [Thread-8718] INFO  impl.RoleInfo (RoleInfo.java:shutdownFollowerState(121)) - 030c2313-1c2c-4b42-81fb-cb58ee93f992: shutdown FollowerState
2019-10-18 07:23:48,128 [Thread-8718] INFO  impl.RaftServerImpl (RaftServerImpl.java:setRole(184)) - 030c2313-1c2c-4b42-81fb-cb58ee93f992@group-E193FE271C99: changes role from  FOLLOWER to CANDIDATE at term 0 for changeToCandidate
2019-10-18 07:23:48,128 [Thread-8718] INFO  impl.RoleInfo (RoleInfo.java:updateAndGet(143)) - 030c2313-1c2c-4b42-81fb-cb58ee93f992: start LeaderElection
2019-10-18 07:23:48,128 [Thread-8713] INFO  impl.FollowerState (FollowerState.java:run(108)) - 4dea926d-4bc6-487a-9b9b-9fd457d0fae4@group-0C9C3B2D0CC1-FollowerState: change to CANDIDATE, lastRpcTime:65ms, electionTimeout:41ms
2019-10-18 07:23:48,128 [Thread-8713] INFO  impl.RoleInfo (RoleInfo.java:shutdownFollowerState(121)) - 4dea926d-4bc6-487a-9b9b-9fd457d0fae4: shutdown FollowerState
2019-10-18 07:23:48,128 [Thread-8713] INFO  impl.RaftServerImpl (RaftServerImpl.java:setRole(184)) - 4dea926d-4bc6-487a-9b9b-9fd457d0fae4@group-0C9C3B2D0CC1: changes role from  FOLLOWER to CANDIDATE at term 1 for changeToCandidate
2019-10-18 07:23:48,128 [Thread-8713] INFO  impl.RoleInfo (RoleInfo.java:updateAndGet(143)) - 4dea926d-4bc6-487a-9b9b-9fd457d0fae4: start LeaderElection
2019-10-18 07:23:48,147 [67270882-100a-4e75-928d-618d17e069c8@group-0C9C3B2D0CC1-SegmentedRaftLogWorker] INFO  segmented.SegmentedRaftLogWorker (SegmentedRaftLogWorker.java:execute(576)) - 67270882-100a-4e75-928d-618d17e069c8@group-0C9C3B2D0CC1-SegmentedRaftLogWorker: created new log segment /workdir/hadoop-ozone/integration-test/target/test-dir/MiniOzoneClusterImpl-f216ddbe-e8b4-4355-85c5-09cf054ba290/datanode-0/data/ratis/3ac69114-879c-47f6-b70e-0c9c3b2d0cc1/current/log_inprogress_0
2019-10-18 07:23:48,147 [grpc-default-executor-14] INFO  impl.RaftServerImpl (ServerState.java:setLeader(256)) - 6633f50a-7046-4b08-9937-8e25f1b14b15@group-0C9C3B2D0CC1: change Leader from null to 67270882-100a-4e75-928d-618d17e069c8 at term 1 for appendEntries, leader elected after 161ms
2019-10-18 07:23:48,147 [pool-560-thread-1] INFO  impl.RaftServerImpl (RaftServerImpl.java:start(195)) - 9712a796-5281-4f3e-ac85-61dedd90db73@group-E193FE271C99: start as a follower, conf=-1: [9712a796-5281-4f3e-ac85-61dedd90db73:192.168.34.25:45438, 716dc1a1-4b82-41d5-9ffe-93d5e40efbd9:192.168.34.25:46068, 030c2313-1c2c-4b42-81fb-cb58ee93f992:192.168.34.25:33896], old=null
2019-10-18 07:23:48,148 [pool-560-thread-1] INFO  impl.RaftServerImpl (RaftServerImpl.java:setRole(184)) - 9712a796-5281-4f3e-ac85-61dedd90db73@group-E193FE271C99: changes role from      null to FOLLOWER at term 0 for startAsFollower
2019-10-18 07:23:48,148 [pool-560-thread-1] INFO  impl.RoleInfo (RoleInfo.java:updateAndGet(143)) - 9712a796-5281-4f3e-ac85-61dedd90db73: start FollowerState
2019-10-18 07:23:48,148 [pool-560-thread-1] INFO  util.JmxRegister (JmxRegister.java:tryRegister(44)) - Successfully registered JMX Bean with object name Ratis:service=RaftServer,group=group-E193FE271C99,id=9712a796-5281-4f3e-ac85-61dedd90db73
2019-10-18 07:23:48,149 [grpc-default-executor-14] INFO  impl.RaftServerImpl (ServerState.java:setRaftConf(357)) - 6633f50a-7046-4b08-9937-8e25f1b14b15@group-0C9C3B2D0CC1: set configuration 0: [6633f50a-7046-4b08-9937-8e25f1b14b15:192.168.34.25:39338, 67270882-100a-4e75-928d-618d17e069c8:192.168.34.25:36648, 4dea926d-4bc6-487a-9b9b-9fd457d0fae4:192.168.34.25:41624], old=null at 0
2019-10-18 07:23:48,150 [grpc-default-executor-14] INFO  segmented.SegmentedRaftLogWorker (SegmentedRaftLogWorker.java:startLogSegment(385)) - 6633f50a-7046-4b08-9937-8e25f1b14b15@group-0C9C3B2D0CC1-SegmentedRaftLogWorker: Starting segment from index:0
2019-10-18 07:23:48,150 [pool-590-thread-1] INFO  impl.RaftServerImpl (RaftServerImpl.java:start(195)) - 716dc1a1-4b82-41d5-9ffe-93d5e40efbd9@group-E193FE271C99: start as a follower, conf=-1: [9712a796-5281-4f3e-ac85-61dedd90db73:192.168.34.25:45438, 716dc1a1-4b82-41d5-9ffe-93d5e40efbd9:192.168.34.25:46068, 030c2313-1c2c-4b42-81fb-cb58ee93f992:192.168.34.25:33896], old=null
2019-10-18 07:23:48,150 [pool-590-thread-1] INFO  impl.RaftServerImpl (RaftServerImpl.java:setRole(184)) - 716dc1a1-4b82-41d5-9ffe-93d5e40efbd9@group-E193FE271C99: changes role from      null to FOLLOWER at term 0 for startAsFollower
2019-10-18 07:23:48,150 [pool-590-thread-1] INFO  impl.RoleInfo (RoleInfo.java:updateAndGet(143)) - 716dc1a1-4b82-41d5-9ffe-93d5e40efbd9: start FollowerState
2019-10-18 07:23:48,150 [pool-590-thread-1] INFO  util.JmxRegister (JmxRegister.java:tryRegister(44)) - Successfully registered JMX Bean with object name Ratis:service=RaftServer,group=group-E193FE271C99,id=716dc1a1-4b82-41d5-9ffe-93d5e40efbd9
2019-10-18 07:23:48,154 [RatisPipelineUtilsThread] INFO  pipeline.PipelineStateManager (PipelineStateManager.java:addPipeline(56)) - Created pipeline Pipeline[ Id: 1a142e32-f3d3-4f21-8488-e193fe271c99, Nodes: 9712a796-5281-4f3e-ac85-61dedd90db73{ip: 192.168.34.25, host: pr-hdds-2318-jnjn8-2612408985, networkLocation: /rack1, certSerialId: null}030c2313-1c2c-4b42-81fb-cb58ee93f992{ip: 192.168.34.25, host: pr-hdds-2318-jnjn8-2612408985, networkLocation: /rack1, certSerialId: null}716dc1a1-4b82-41d5-9ffe-93d5e40efbd9{ip: 192.168.34.25, host: pr-hdds-2318-jnjn8-2612408985, networkLocation: /rack1, certSerialId: null}, Type:RATIS, Factor:THREE, State:OPEN]
2019-10-18 07:23:48,189 [030c2313-1c2c-4b42-81fb-cb58ee93f992@group-E193FE271C99-LeaderElection947] INFO  impl.LeaderElection (LeaderElection.java:askForVotes(178)) - 030c2313-1c2c-4b42-81fb-cb58ee93f992@group-E193FE271C99-LeaderElection947: begin an election at term 1 for -1: [9712a796-5281-4f3e-ac85-61dedd90db73:192.168.34.25:45438, 716dc1a1-4b82-41d5-9ffe-93d5e40efbd9:192.168.34.25:46068, 030c2313-1c2c-4b42-81fb-cb58ee93f992:192.168.34.25:33896], old=null
2019-10-18 07:23:48,189 [4dea926d-4bc6-487a-9b9b-9fd457d0fae4@group-0C9C3B2D0CC1-LeaderElection948] INFO  impl.LeaderElection (LeaderElection.java:askForVotes(178)) - 4dea926d-4bc6-487a-9b9b-9fd457d0fae4@group-0C9C3B2D0CC1-LeaderElection948: begin an election at term 2 for -1: [6633f50a-7046-4b08-9937-8e25f1b14b15:192.168.34.25:39338, 67270882-100a-4e75-928d-618d17e069c8:192.168.34.25:36648, 4dea926d-4bc6-487a-9b9b-9fd457d0fae4:192.168.34.25:41624], old=null
2019-10-18 07:23:48,193 [Thread-8715] INFO  impl.RaftServerImpl (ServerState.java:setLeader(256)) - 67270882-100a-4e75-928d-618d17e069c8@group-0C9C3B2D0CC1: change Leader from 67270882-100a-4e75-928d-618d17e069c8 to null at term 2 for updateCurrentTerm
2019-10-18 07:23:48,193 [Thread-8715] INFO  impl.RaftServerImpl (RaftServerImpl.java:setRole(184)) - 67270882-100a-4e75-928d-618d17e069c8@group-0C9C3B2D0CC1: changes role from    LEADER to FOLLOWER at term 2 for stepDown
2019-10-18 07:23:48,193 [Thread-8715] INFO  impl.RoleInfo (RoleInfo.java:shutdownLeaderState(104)) - 67270882-100a-4e75-928d-618d17e069c8: shutdown LeaderState
2019-10-18 07:23:48,204 [org.apache.ratis.server.impl.LogAppender$AppenderDaemon$$Lambda$418/427451389@4b8d4815] WARN  server.GrpcLogAppender (GrpcLogAppender.java:mayWait(149)) - 67270882-100a-4e75-928d-618d17e069c8@group-0C9C3B2D0CC1->4dea926d-4bc6-487a-9b9b-9fd457d0fae4-GrpcLogAppender: Wait interrupted by java.lang.InterruptedException
2019-10-18 07:23:48,204 [Thread-8715] INFO  impl.PendingRequests (PendingRequests.java:sendNotLeaderResponses(202)) - 67270882-100a-4e75-928d-618d17e069c8@group-0C9C3B2D0CC1-PendingRequests: sendNotLeaderResponses
2019-10-18 07:23:48,204 [org.apache.ratis.server.impl.LogAppender$AppenderDaemon$$Lambda$418/427451389@7a3df0de] WARN  server.GrpcLogAppender (GrpcLogAppender.java:mayWait(149)) - 67270882-100a-4e75-928d-618d17e069c8@group-0C9C3B2D0CC1->6633f50a-7046-4b08-9937-8e25f1b14b15-GrpcLogAppender: Wait interrupted by java.lang.InterruptedException
2019-10-18 07:23:48,205 [Thread-8715] INFO  impl.RoleInfo (RoleInfo.java:updateAndGet(143)) - 67270882-100a-4e75-928d-618d17e069c8: start FollowerState
2019-10-18 07:23:48,205 [grpc-default-executor-7] INFO  server.GrpcServerProtocolService (GrpcServerProtocolService.java:onCompleted(113)) - 4dea926d-4bc6-487a-9b9b-9fd457d0fae4: Completed APPEND_ENTRIES, lastRequest: 67270882-100a-4e75-928d-618d17e069c8->4dea926d-4bc6-487a-9b9b-9fd457d0fae4#0-t1, previous=(t:0, i:0), leaderCommit=-1, initializing? false, entries: <empty>
2019-10-18 07:23:48,205 [grpc-default-executor-4] INFO  server.GrpcServerProtocolService (GrpcServerProtocolService.java:onCompleted(113)) - 6633f50a-7046-4b08-9937-8e25f1b14b15: Completed APPEND_ENTRIES, lastRequest: 67270882-100a-4e75-928d-618d17e069c8->6633f50a-7046-4b08-9937-8e25f1b14b15#1-t1, previous=(t:0, i:0), leaderCommit=-1, initializing? false, entries: size=1, first=(t:1, i:0), CONFIGURATIONENTRY
2019-10-18 07:23:48,205 [grpc-default-executor-14] INFO  server.GrpcLogAppender (GrpcLogAppender.java:onCompleted(308)) - 67270882-100a-4e75-928d-618d17e069c8@group-0C9C3B2D0CC1->4dea926d-4bc6-487a-9b9b-9fd457d0fae4-AppendLogResponseHandler: follower responses appendEntries COMPLETED
2019-10-18 07:23:48,216 [6633f50a-7046-4b08-9937-8e25f1b14b15@group-0C9C3B2D0CC1-SegmentedRaftLogWorker] INFO  segmented.SegmentedRaftLogWorker (SegmentedRaftLogWorker.java:execute(576)) - 6633f50a-7046-4b08-9937-8e25f1b14b15@group-0C9C3B2D0CC1-SegmentedRaftLogWorker: created new log segment /workdir/hadoop-ozone/integration-test/target/test-dir/MiniOzoneClusterImpl-f216ddbe-e8b4-4355-85c5-09cf054ba290/datanode-3/data/ratis/3ac69114-879c-47f6-b70e-0c9c3b2d0cc1/current/log_inprogress_0
2019-10-18 07:23:48,216 [grpc-default-executor-14] INFO  impl.FollowerInfo (FollowerInfo.java:lambda$new$0(51)) - 67270882-100a-4e75-928d-618d17e069c8@group-0C9C3B2D0CC1->4dea926d-4bc6-487a-9b9b-9fd457d0fae4: nextIndex: updateUnconditionally 0 -> 0
2019-10-18 07:23:48,216 [grpc-default-executor-11] INFO  server.GrpcLogAppender (GrpcLogAppender.java:onCompleted(308)) - 67270882-100a-4e75-928d-618d17e069c8@group-0C9C3B2D0CC1->6633f50a-7046-4b08-9937-8e25f1b14b15-AppendLogResponseHandler: follower responses appendEntries COMPLETED
2019-10-18 07:23:48,216 [Thread-8729] INFO  impl.FollowerState (FollowerState.java:run(108)) - 716dc1a1-4b82-41d5-9ffe-93d5e40efbd9@group-E193FE271C99-FollowerState: change to CANDIDATE, lastRpcTime:66ms, electionTimeout:66ms
2019-10-18 07:23:48,217 [Thread-8729] INFO  impl.RoleInfo (RoleInfo.java:shutdownFollowerState(121)) - 716dc1a1-4b82-41d5-9ffe-93d5e40efbd9: shutdown FollowerState
2019-10-18 07:23:48,217 [Thread-8729] INFO  impl.RaftServerImpl (RaftServerImpl.java:setRole(184)) - 716dc1a1-4b82-41d5-9ffe-93d5e40efbd9@group-E193FE271C99: changes role from  FOLLOWER to CANDIDATE at term 0 for changeToCandidate
2019-10-18 07:23:48,217 [grpc-default-executor-14] INFO  impl.RaftServerProxy (RaftServerProxy.java:addNew(89)) - 5170c5f3-8499-4b42-9321-85fc8a351f79: addNew group-BCB82A5C07F5:[12ad0800-05cb-443c-9fdd-fa1debf04523:192.168.34.25:41155, 5170c5f3-8499-4b42-9321-85fc8a351f79:192.168.34.25:43074, 0b10a9fc-47eb-4a2b-b664-8273d9d17379:192.168.34.25:45248] returns group-BCB82A5C07F5:java.util.concurrent.CompletableFuture@624b9eb5[Not completed]
2019-10-18 07:23:48,220 [grpc-default-executor-16] INFO  impl.RaftServerProxy (RaftServerProxy.java:addNew(89)) - 0b10a9fc-47eb-4a2b-b664-8273d9d17379: addNew group-BCB82A5C07F5:[12ad0800-05cb-443c-9fdd-fa1debf04523:192.168.34.25:41155, 5170c5f3-8499-4b42-9321-85fc8a351f79:192.168.34.25:43074, 0b10a9fc-47eb-4a2b-b664-8273d9d17379:192.168.34.25:45248] returns group-BCB82A5C07F5:java.util.concurrent.CompletableFuture@55ed3ba4[Not completed]
2019-10-18 07:23:48,217 [grpc-default-executor-11] INFO  impl.FollowerInfo (FollowerInfo.java:lambda$new$0(51)) - 67270882-100a-4e75-928d-618d17e069c8@group-0C9C3B2D0CC1->6633f50a-7046-4b08-9937-8e25f1b14b15: nextIndex: updateUnconditionally 1 -> 0
2019-10-18 07:23:48,217 [Thread-8729] INFO  impl.RoleInfo (RoleInfo.java:updateAndGet(143)) - 716dc1a1-4b82-41d5-9ffe-93d5e40efbd9: start LeaderElection
2019-10-18 07:23:48,220 [grpc-default-executor-14] INFO  impl.RaftServerImpl (ServerState.java:setLeader(256)) - 6633f50a-7046-4b08-9937-8e25f1b14b15@group-0C9C3B2D0CC1: change Leader from 67270882-100a-4e75-928d-618d17e069c8 to null at term 2 for updateCurrentTerm
2019-10-18 07:23:48,220 [grpc-default-executor-4] INFO  impl.RaftServerProxy (RaftServerProxy.java:addNew(89)) - 12ad0800-05cb-443c-9fdd-fa1debf04523: addNew group-BCB82A5C07F5:[12ad0800-05cb-443c-9fdd-fa1debf04523:192.168.34.25:41155, 5170c5f3-8499-4b42-9321-85fc8a351f79:192.168.34.25:43074, 0b10a9fc-47eb-4a2b-b664-8273d9d17379:192.168.34.25:45248] returns group-BCB82A5C07F5:java.util.concurrent.CompletableFuture@6cb68c3[Not completed]
2019-10-18 07:23:48,220 [grpc-default-executor-14] INFO  impl.RaftServerImpl (RaftServerImpl.java:setRole(184)) - 6633f50a-7046-4b08-9937-8e25f1b14b15@group-0C9C3B2D0CC1: changes role from  FOLLOWER to FOLLOWER at term 2 for recognizeCandidate:4dea926d-4bc6-487a-9b9b-9fd457d0fae4
2019-10-18 07:23:48,226 [grpc-default-executor-14] INFO  impl.RoleInfo (RoleInfo.java:shutdownFollowerState(121)) - 6633f50a-7046-4b08-9937-8e25f1b14b15: shutdown FollowerState
2019-10-18 07:23:48,223 [grpc-default-executor-11] INFO  impl.RaftServerImpl (RaftServerImpl.java:setRole(184)) - 9712a796-5281-4f3e-ac85-61dedd90db73@group-E193FE271C99: changes role from  FOLLOWER to FOLLOWER at term 1 for recognizeCandidate:030c2313-1c2c-4b42-81fb-cb58ee93f992
2019-10-18 07:23:48,227 [Thread-8714] INFO  impl.FollowerState (FollowerState.java:run(117)) - 6633f50a-7046-4b08-9937-8e25f1b14b15@group-0C9C3B2D0CC1-FollowerState was interrupted: java.lang.InterruptedException: sleep interrupted
2019-10-18 07:23:48,227 [grpc-default-executor-14] INFO  impl.RoleInfo (RoleInfo.java:updateAndGet(143)) - 6633f50a-7046-4b08-9937-8e25f1b14b15: start FollowerState
2019-10-18 07:23:48,227 [pool-550-thread-1] INFO  impl.RaftServerImpl (RaftServerImpl.java:<init>(104)) - 5170c5f3-8499-4b42-9321-85fc8a351f79: new RaftServerImpl for group-BCB82A5C07F5:[12ad0800-05cb-443c-9fdd-fa1debf04523:192.168.34.25:41155, 5170c5f3-8499-4b42-9321-85fc8a351f79:192.168.34.25:43074, 0b10a9fc-47eb-4a2b-b664-8273d9d17379:192.168.34.25:45248] with ContainerStateMachine:uninitialized
2019-10-18 07:23:48,227 [grpc-default-executor-11] INFO  impl.RoleInfo (RoleInfo.java:shutdownFollowerState(121)) - 9712a796-5281-4f3e-ac85-61dedd90db73: shutdown FollowerState
2019-10-18 07:23:48,227 [pool-550-thread-1] INFO  server.RaftServerConfigKeys (ConfUtils.java:logGet(43)) - raft.server.rpc.timeout.min = 1s (custom)
2019-10-18 07:23:48,227 [Thread-8728] INFO  impl.FollowerState (FollowerState.java:run(117)) - 9712a796-5281-4f3e-ac85-61dedd90db73@group-E193FE271C99-FollowerState was interrupted: java.lang.InterruptedException: sleep interrupted
2019-10-18 07:23:48,227 [grpc-default-executor-11] INFO  impl.RoleInfo (RoleInfo.java:updateAndGet(143)) - 9712a796-5281-4f3e-ac85-61dedd90db73: start FollowerState
2019-10-18 07:23:48,227 [pool-520-thread-1] INFO  impl.RaftServerImpl (RaftServerImpl.java:<init>(104)) - 12ad0800-05cb-443c-9fdd-fa1debf04523: new RaftServerImpl for group-BCB82A5C07F5:[12ad0800-05cb-443c-9fdd-fa1debf04523:192.168.34.25:41155, 5170c5f3-8499-4b42-9321-85fc8a351f79:192.168.34.25:43074, 0b10a9fc-47eb-4a2b-b664-8273d9d17379:192.168.34.25:45248] with ContainerStateMachine:uninitialized
2019-10-18 07:23:48,227 [pool-550-thread-1] INFO  server.RaftServerConfigKeys (ConfUtils.java:logGet(43)) - raft.server.rpc.timeout.max = 1200ms (custom)
2019-10-18 07:23:48,228 [pool-520-thread-1] INFO  server.RaftServerConfigKeys (ConfUtils.java:logGet(43)) - raft.server.rpc.timeout.min = 1s (custom)
2019-10-18 07:23:48,228 [pool-550-thread-1] INFO  server.RaftServerConfigKeys (ConfUtils.java:logGet(43)) - raft.server.rpcslowness.timeout = 120s (custom)
2019-10-18 07:23:48,228 [pool-520-thread-1] INFO  server.RaftServerConfigKeys (ConfUtils.java:logGet(43)) - raft.server.rpc.timeout.max = 1200ms (custom)
2019-10-18 07:23:48,228 [pool-550-thread-1] INFO  server.RaftServerConfigKeys (ConfUtils.java:logGet(43)) - raft.server.sleep.deviation.threshold = 300 (default)
2019-10-18 07:23:48,228 [pool-520-thread-1] INFO  server.RaftServerConfigKeys (ConfUtils.java:logGet(43)) - raft.server.rpcslowness.timeout = 120s (custom)
2019-10-18 07:23:48,228 [pool-600-thread-1] INFO  impl.RaftServerImpl (RaftServerImpl.java:<init>(104)) - 0b10a9fc-47eb-4a2b-b664-8273d9d17379: new RaftServerImpl for group-BCB82A5C07F5:[12ad0800-05cb-443c-9fdd-fa1debf04523:192.168.34.25:41155, 5170c5f3-8499-4b42-9321-85fc8a351f79:192.168.34.25:43074, 0b10a9fc-47eb-4a2b-b664-8273d9d17379:192.168.34.25:45248] with ContainerStateMachine:uninitialized
2019-10-18 07:23:48,228 [pool-550-thread-1] INFO  server.RaftServerConfigKeys (ConfUtils.java:logGet(43)) - raft.server.log.appender.install.snapshot.enabled = false (custom)
2019-10-18 07:23:48,228 [pool-600-thread-1] INFO  server.RaftServerConfigKeys (ConfUtils.java:logGet(43)) - raft.server.rpc.timeout.min = 1s (custom)
2019-10-18 07:23:48,228 [pool-520-thread-1] INFO  server.RaftServerConfigKeys (ConfUtils.java:logGet(43)) - raft.server.sleep.deviation.threshold = 300 (default)
2019-10-18 07:23:48,228 [pool-600-thread-1] INFO  server.RaftServerConfigKeys (ConfUtils.java:logGet(43)) - raft.server.rpc.timeout.max = 1200ms (custom)
2019-10-18 07:23:48,228 [pool-550-thread-1] INFO  impl.RaftServerImpl (ServerState.java:<init>(103)) - 5170c5f3-8499-4b42-9321-85fc8a351f79@group-BCB82A5C07F5: ConfigurationManager, init=-1: [12ad0800-05cb-443c-9fdd-fa1debf04523:192.168.34.25:41155, 5170c5f3-8499-4b42-9321-85fc8a351f79:192.168.34.25:43074, 0b10a9fc-47eb-4a2b-b664-8273d9d17379:192.168.34.25:45248], old=null, confs=<EMPTY_MAP>
2019-10-18 07:23:48,228 [pool-600-thread-1] INFO  server.RaftServerConfigKeys (ConfUtils.java:logGet(43)) - raft.server.rpcslowness.timeout = 120s (custom)
2019-10-18 07:23:48,228 [pool-520-thread-1] INFO  server.RaftServerConfigKeys (ConfUtils.java:logGet(43)) - raft.server.log.appender.install.snapshot.enabled = false (custom)
2019-10-18 07:23:48,228 [pool-600-thread-1] INFO  server.RaftServerConfigKeys (ConfUtils.java:logGet(43)) - raft.server.sleep.deviation.threshold = 300 (default)
2019-10-18 07:23:48,228 [pool-550-thread-1] INFO  server.RaftServerConfigKeys (ConfUtils.java:logGet(43)) - raft.server.storage.dir = [/workdir/hadoop-ozone/integration-test/target/test-dir/MiniOzoneClusterImpl-f216ddbe-e8b4-4355-85c5-09cf054ba290/datanode-4/data/ratis] (custom)
2019-10-18 07:23:48,229 [pool-600-thread-1] INFO  server.RaftServerConfigKeys (ConfUtils.java:logGet(43)) - raft.server.log.appender.install.snapshot.enabled = false (custom)
2019-10-18 07:23:48,229 [pool-520-thread-1] INFO  impl.RaftServerImpl (ServerState.java:<init>(103)) - 12ad0800-05cb-443c-9fdd-fa1debf04523@group-BCB82A5C07F5: ConfigurationManager, init=-1: [12ad0800-05cb-443c-9fdd-fa1debf04523:192.168.34.25:41155, 5170c5f3-8499-4b42-9321-85fc8a351f79:192.168.34.25:43074, 0b10a9fc-47eb-4a2b-b664-8273d9d17379:192.168.34.25:45248], old=null, confs=<EMPTY_MAP>
2019-10-18 07:23:48,229 [pool-600-thread-1] INFO  impl.RaftServerImpl (ServerState.java:<init>(103)) - 0b10a9fc-47eb-4a2b-b664-8273d9d17379@group-BCB82A5C07F5: ConfigurationManager, init=-1: [12ad0800-05cb-443c-9fdd-fa1debf04523:192.168.34.25:41155, 5170c5f3-8499-4b42-9321-85fc8a351f79:192.168.34.25:43074, 0b10a9fc-47eb-4a2b-b664-8273d9d17379:192.168.34.25:45248], old=null, confs=<EMPTY_MAP>
2019-10-18 07:23:48,229 [pool-550-thread-1] INFO  server.RaftServerConfigKeys (ConfUtils.java:logGet(43)) - raft.server.log.corruption.policy = EXCEPTION (default)
2019-10-18 07:23:48,229 [pool-600-thread-1] INFO  server.RaftServerConfigKeys (ConfUtils.java:logGet(43)) - raft.server.storage.dir = [/workdir/hadoop-ozone/integration-test/target/test-dir/MiniOzoneClusterImpl-f216ddbe-e8b4-4355-85c5-09cf054ba290/datanode-9/data/ratis] (custom)
2019-10-18 07:23:48,229 [pool-520-thread-1] INFO  server.RaftServerConfigKeys (ConfUtils.java:logGet(43)) - raft.server.storage.dir = [/workdir/hadoop-ozone/integration-test/target/test-dir/MiniOzoneClusterImpl-f216ddbe-e8b4-4355-85c5-09cf054ba290/datanode-1/data/ratis] (custom)
2019-10-18 07:23:48,229 [pool-550-thread-1] INFO  storage.RaftStorageDirectory (RaftStorageDirectory.java:analyzeStorage(246)) - The storage directory /workdir/hadoop-ozone/integration-test/target/test-dir/MiniOzoneClusterImpl-f216ddbe-e8b4-4355-85c5-09cf054ba290/datanode-4/data/ratis/5f98e8ba-3b14-4fb8-9baf-bcb82a5c07f5 does not exist. Creating ...
2019-10-18 07:23:48,229 [pool-600-thread-1] INFO  server.RaftServerConfigKeys (ConfUtils.java:logGet(43)) - raft.server.log.corruption.policy = EXCEPTION (default)
2019-10-18 07:23:48,229 [pool-520-thread-1] INFO  server.RaftServerConfigKeys (ConfUtils.java:logGet(43)) - raft.server.log.corruption.policy = EXCEPTION (default)
2019-10-18 07:23:48,230 [pool-600-thread-1] INFO  storage.RaftStorageDirectory (RaftStorageDirectory.java:analyzeStorage(246)) - The storage directory /workdir/hadoop-ozone/integration-test/target/test-dir/MiniOzoneClusterImpl-f216ddbe-e8b4-4355-85c5-09cf054ba290/datanode-9/data/ratis/5f98e8ba-3b14-4fb8-9baf-bcb82a5c07f5 does not exist. Creating ...
2019-10-18 07:23:48,230 [pool-520-thread-1] INFO  storage.RaftStorageDirectory (RaftStorageDirectory.java:analyzeStorage(246)) - The storage directory /workdir/hadoop-ozone/integration-test/target/test-dir/MiniOzoneClusterImpl-f216ddbe-e8b4-4355-85c5-09cf054ba290/datanode-1/data/ratis/5f98e8ba-3b14-4fb8-9baf-bcb82a5c07f5 does not exist. Creating ...
2019-10-18 07:23:48,232 [grpc-default-executor-16] INFO  impl.RaftServerImpl (RaftServerImpl.java:setRole(184)) - 67270882-100a-4e75-928d-618d17e069c8@group-0C9C3B2D0CC1: changes role from  FOLLOWER to FOLLOWER at term 2 for recognizeCandidate:4dea926d-4bc6-487a-9b9b-9fd457d0fae4
2019-10-18 07:23:48,235 [grpc-default-executor-16] INFO  impl.RoleInfo (RoleInfo.java:shutdownFollowerState(121)) - 67270882-100a-4e75-928d-618d17e069c8: shutdown FollowerState
2019-10-18 07:23:48,235 [grpc-default-executor-16] INFO  impl.RoleInfo (RoleInfo.java:updateAndGet(143)) - 67270882-100a-4e75-928d-618d17e069c8: start FollowerState
2019-10-18 07:23:48,235 [Thread-8736] INFO  impl.FollowerState (FollowerState.java:run(117)) - 67270882-100a-4e75-928d-618d17e069c8@group-0C9C3B2D0CC1-FollowerState was interrupted: java.lang.InterruptedException: sleep interrupted
2019-10-18 07:23:48,249 [pool-550-thread-1] INFO  storage.RaftStorageDirectory (RaftStorageDirectory.java:tryLock(328)) - Lock on /workdir/hadoop-ozone/integration-test/target/test-dir/MiniOzoneClusterImpl-f216ddbe-e8b4-4355-85c5-09cf054ba290/datanode-4/data/ratis/5f98e8ba-3b14-4fb8-9baf-bcb82a5c07f5/in_use.lock acquired by nodename 21255@pr-hdds-2318-jnjn8-2612408985
2019-10-18 07:23:48,249 [pool-600-thread-1] INFO  storage.RaftStorageDirectory (RaftStorageDirectory.java:tryLock(328)) - Lock on /workdir/hadoop-ozone/integration-test/target/test-dir/MiniOzoneClusterImpl-f216ddbe-e8b4-4355-85c5-09cf054ba290/datanode-9/data/ratis/5f98e8ba-3b14-4fb8-9baf-bcb82a5c07f5/in_use.lock acquired by nodename 21255@pr-hdds-2318-jnjn8-2612408985
2019-10-18 07:23:48,249 [pool-520-thread-1] INFO  storage.RaftStorageDirectory (RaftStorageDirectory.java:tryLock(328)) - Lock on /workdir/hadoop-ozone/integration-test/target/test-dir/MiniOzoneClusterImpl-f216ddbe-e8b4-4355-85c5-09cf054ba290/datanode-1/data/ratis/5f98e8ba-3b14-4fb8-9baf-bcb82a5c07f5/in_use.lock acquired by nodename 21255@pr-hdds-2318-jnjn8-2612408985
2019-10-18 07:23:48,250 [716dc1a1-4b82-41d5-9ffe-93d5e40efbd9@group-E193FE271C99-LeaderElection949] INFO  impl.LeaderElection (LeaderElection.java:askForVotes(178)) - 716dc1a1-4b82-41d5-9ffe-93d5e40efbd9@group-E193FE271C99-LeaderElection949: begin an election at term 1 for -1: [9712a796-5281-4f3e-ac85-61dedd90db73:192.168.34.25:45438, 716dc1a1-4b82-41d5-9ffe-93d5e40efbd9:192.168.34.25:46068, 030c2313-1c2c-4b42-81fb-cb58ee93f992:192.168.34.25:33896], old=null
2019-10-18 07:23:48,250 [4dea926d-4bc6-487a-9b9b-9fd457d0fae4@group-0C9C3B2D0CC1-LeaderElection948] INFO  impl.LeaderElection (LeaderElection.java:logAndReturn(56)) - 4dea926d-4bc6-487a-9b9b-9fd457d0fae4@group-0C9C3B2D0CC1-LeaderElection948: Election REJECTED; received 2 response(s) [4dea926d-4bc6-487a-9b9b-9fd457d0fae4<-6633f50a-7046-4b08-9937-8e25f1b14b15#0:FAIL-t2, 4dea926d-4bc6-487a-9b9b-9fd457d0fae4<-67270882-100a-4e75-928d-618d17e069c8#0:FAIL-t2] and 0 exception(s); 4dea926d-4bc6-487a-9b9b-9fd457d0fae4@group-0C9C3B2D0CC1:t2, leader=null, voted=4dea926d-4bc6-487a-9b9b-9fd457d0fae4, raftlog=4dea926d-4bc6-487a-9b9b-9fd457d0fae4@group-0C9C3B2D0CC1-SegmentedRaftLog:OPENED:c-1,f-1,i0, conf=-1: [6633f50a-7046-4b08-9937-8e25f1b14b15:192.168.34.25:39338, 67270882-100a-4e75-928d-618d17e069c8:192.168.34.25:36648, 4dea926d-4bc6-487a-9b9b-9fd457d0fae4:192.168.34.25:41624], old=null
2019-10-18 07:23:48,250 [030c2313-1c2c-4b42-81fb-cb58ee93f992@group-E193FE271C99-LeaderElection947] INFO  impl.LeaderElection (LeaderElection.java:logAndReturn(56)) - 030c2313-1c2c-4b42-81fb-cb58ee93f992@group-E193FE271C99-LeaderElection947: Election PASSED; received 2 response(s) [030c2313-1c2c-4b42-81fb-cb58ee93f992<-9712a796-5281-4f3e-ac85-61dedd90db73#0:OK-t1, 030c2313-1c2c-4b42-81fb-cb58ee93f992<-716dc1a1-4b82-41d5-9ffe-93d5e40efbd9#0:FAIL-t1] and 0 exception(s); 030c2313-1c2c-4b42-81fb-cb58ee93f992@group-E193FE271C99:t1, leader=null, voted=030c2313-1c2c-4b42-81fb-cb58ee93f992, raftlog=030c2313-1c2c-4b42-81fb-cb58ee93f992@group-E193FE271C99-SegmentedRaftLog:OPENED:c-1,f-1,i0, conf=-1: [9712a796-5281-4f3e-ac85-61dedd90db73:192.168.34.25:45438, 716dc1a1-4b82-41d5-9ffe-93d5e40efbd9:192.168.34.25:46068, 030c2313-1c2c-4b42-81fb-cb58ee93f992:192.168.34.25:33896], old=null
2019-10-18 07:23:48,250 [4dea926d-4bc6-487a-9b9b-9fd457d0fae4@group-0C9C3B2D0CC1-LeaderElection948] INFO  impl.RaftServerImpl (RaftServerImpl.java:setRole(184)) - 4dea926d-4bc6-487a-9b9b-9fd457d0fae4@group-0C9C3B2D0CC1: changes role from CANDIDATE to FOLLOWER at term 2 for DISCOVERED_A_NEW_TERM
2019-10-18 07:23:48,250 [030c2313-1c2c-4b42-81fb-cb58ee93f992@group-E193FE271C99-LeaderElection947] INFO  impl.RoleInfo (RoleInfo.java:shutdownLeaderElection(134)) - 030c2313-1c2c-4b42-81fb-cb58ee93f992: shutdown LeaderElection
2019-10-18 07:23:48,250 [4dea926d-4bc6-487a-9b9b-9fd457d0fae4@group-0C9C3B2D0CC1-LeaderElection948] INFO  impl.RoleInfo (RoleInfo.java:shutdownLeaderElection(134)) - 4dea926d-4bc6-487a-9b9b-9fd457d0fae4: shutdown LeaderElection
2019-10-18 07:23:48,250 [030c2313-1c2c-4b42-81fb-cb58ee93f992@group-E193FE271C99-LeaderElection947] INFO  impl.RaftServerImpl (RaftServerImpl.java:setRole(184)) - 030c2313-1c2c-4b42-81fb-cb58ee93f992@group-E193FE271C99: changes role from CANDIDATE to LEADER at term 1 for changeToLeader
2019-10-18 07:23:48,250 [4dea926d-4bc6-487a-9b9b-9fd457d0fae4@group-0C9C3B2D0CC1-LeaderElection948] INFO  impl.RoleInfo (RoleInfo.java:updateAndGet(143)) - 4dea926d-4bc6-487a-9b9b-9fd457d0fae4: start FollowerState
2019-10-18 07:23:48,251 [030c2313-1c2c-4b42-81fb-cb58ee93f992@group-E193FE271C99-LeaderElection947] INFO  impl.RaftServerImpl (ServerState.java:setLeader(256)) - 030c2313-1c2c-4b42-81fb-cb58ee93f992@group-E193FE271C99: change Leader from null to 030c2313-1c2c-4b42-81fb-cb58ee93f992 at term 1 for becomeLeader, leader elected after 171ms
2019-10-18 07:23:48,251 [030c2313-1c2c-4b42-81fb-cb58ee93f992@group-E193FE271C99-LeaderElection947] INFO  server.RaftServerConfigKeys (ConfUtils.java:logGet(43)) - raft.server.staging.catchup.gap = 1000 (default)
2019-10-18 07:23:48,251 [030c2313-1c2c-4b42-81fb-cb58ee93f992@group-E193FE271C99-LeaderElection947] INFO  server.RaftServerConfigKeys (ConfUtils.java:logGet(43)) - raft.server.rpc.sleep.time = 25ms (default)
2019-10-18 07:23:48,251 [030c2313-1c2c-4b42-81fb-cb58ee93f992@group-E193FE271C99-LeaderElection947] INFO  server.RaftServerConfigKeys (ConfUtils.java:logGet(43)) - raft.server.write.element-limit = 4096 (default)
2019-10-18 07:23:48,251 [030c2313-1c2c-4b42-81fb-cb58ee93f992@group-E193FE271C99-LeaderElection947] INFO  server.RaftServerConfigKeys (ConfUtils.java:logGet(43)) - raft.server.watch.timeout = 10s (default)
2019-10-18 07:23:48,251 [030c2313-1c2c-4b42-81fb-cb58ee93f992@group-E193FE271C99-LeaderElection947] INFO  server.RaftServerConfigKeys (ConfUtils.java:logGet(43)) - raft.server.watch.timeout.denomination = 1s (default)
2019-10-18 07:23:48,251 [030c2313-1c2c-4b42-81fb-cb58ee93f992@group-E193FE271C99-LeaderElection947] INFO  server.RaftServerConfigKeys (ConfUtils.java:logGet(43)) - raft.server.watch.element-limit = 65536 (default)
2019-10-18 07:23:48,252 [030c2313-1c2c-4b42-81fb-cb58ee93f992@group-E193FE271C99-LeaderElection947] INFO  server.RaftServerConfigKeys (ConfUtils.java:logGet(43)) - raft.server.log.appender.snapshot.chunk.size.max = 16MB (=16777216) (default)
2019-10-18 07:23:48,252 [030c2313-1c2c-4b42-81fb-cb58ee93f992@group-E193FE271C99-LeaderElection947] INFO  server.RaftServerConfigKeys (ConfUtils.java:logGet(43)) - raft.server.log.appender.buffer.byte-limit = 33554432 (custom)
2019-10-18 07:23:48,253 [030c2313-1c2c-4b42-81fb-cb58ee93f992@group-E193FE271C99-LeaderElection947] INFO  server.RaftServerConfigKeys (ConfUtils.java:logGet(43)) - raft.server.log.appender.buffer.element-limit = 1 (custom)
2019-10-18 07:23:48,253 [030c2313-1c2c-4b42-81fb-cb58ee93f992@group-E193FE271C99-LeaderElection947] INFO  grpc.GrpcConfigKeys$Server (ConfUtils.java:logGet(43)) - raft.grpc.server.leader.outstanding.appends.max = 128 (default)
2019-10-18 07:23:48,253 [030c2313-1c2c-4b42-81fb-cb58ee93f992@group-E193FE271C99-LeaderElection947] INFO  server.RaftServerConfigKeys (ConfUtils.java:logGet(43)) - raft.server.rpc.request.timeout = 3000ms (default)
2019-10-18 07:23:48,253 [030c2313-1c2c-4b42-81fb-cb58ee93f992@group-E193FE271C99-LeaderElection947] INFO  server.RaftServerConfigKeys (ConfUtils.java:logGet(43)) - raft.server.log.appender.install.snapshot.enabled = false (custom)
2019-10-18 07:23:48,254 [030c2313-1c2c-4b42-81fb-cb58ee93f992@group-E193FE271C99-LeaderElection947] INFO  server.RaftServerConfigKeys (ConfUtils.java:logGet(43)) - raft.server.log.appender.snapshot.chunk.size.max = 16MB (=16777216) (default)
2019-10-18 07:23:48,254 [030c2313-1c2c-4b42-81fb-cb58ee93f992@group-E193FE271C99-LeaderElection947] INFO  server.RaftServerConfigKeys (ConfUtils.java:logGet(43)) - raft.server.log.appender.buffer.byte-limit = 33554432 (custom)
2019-10-18 07:23:48,254 [030c2313-1c2c-4b42-81fb-cb58ee93f992@group-E193FE271C99-LeaderElection947] INFO  server.RaftServerConfigKeys (ConfUtils.java:logGet(43)) - raft.server.log.appender.buffer.element-limit = 1 (custom)
2019-10-18 07:23:48,254 [030c2313-1c2c-4b42-81fb-cb58ee93f992@group-E193FE271C99-LeaderElection947] INFO  grpc.GrpcConfigKeys$Server (ConfUtils.java:logGet(43)) - raft.grpc.server.leader.outstanding.appends.max = 128 (default)
2019-10-18 07:23:48,255 [030c2313-1c2c-4b42-81fb-cb58ee93f992@group-E193FE271C99-LeaderElection947] INFO  server.RaftServerConfigKeys (ConfUtils.java:logGet(43)) - raft.server.rpc.request.timeout = 3000ms (default)
2019-10-18 07:23:48,255 [030c2313-1c2c-4b42-81fb-cb58ee93f992@group-E193FE271C99-LeaderElection947] INFO  server.RaftServerConfigKeys (ConfUtils.java:logGet(43)) - raft.server.log.appender.install.snapshot.enabled = false (custom)
2019-10-18 07:23:48,256 [030c2313-1c2c-4b42-81fb-cb58ee93f992@group-E193FE271C99-LeaderElection947] INFO  impl.RoleInfo (RoleInfo.java:updateAndGet(143)) - 030c2313-1c2c-4b42-81fb-cb58ee93f992: start LeaderState
2019-10-18 07:23:48,256 [030c2313-1c2c-4b42-81fb-cb58ee93f992@group-E193FE271C99-LeaderElection947] INFO  segmented.SegmentedRaftLogWorker (SegmentedRaftLogWorker.java:startLogSegment(385)) - 030c2313-1c2c-4b42-81fb-cb58ee93f992@group-E193FE271C99-SegmentedRaftLogWorker: Starting segment from index:0
2019-10-18 07:23:48,256 [030c2313-1c2c-4b42-81fb-cb58ee93f992@group-E193FE271C99-LeaderElection947] INFO  impl.RaftServerImpl (ServerState.java:setRaftConf(357)) - 030c2313-1c2c-4b42-81fb-cb58ee93f992@group-E193FE271C99: set configuration 0: [9712a796-5281-4f3e-ac85-61dedd90db73:192.168.34.25:45438, 716dc1a1-4b82-41d5-9ffe-93d5e40efbd9:192.168.34.25:46068, 030c2313-1c2c-4b42-81fb-cb58ee93f992:192.168.34.25:33896], old=null at 0
2019-10-18 07:23:48,257 [grpc-default-executor-4] INFO  impl.RaftServerImpl (RaftServerImpl.java:requestVote(776)) - 030c2313-1c2c-4b42-81fb-cb58ee93f992@group-E193FE271C99-   LEADER: Withhold vote from candidate 716dc1a1-4b82-41d5-9ffe-93d5e40efbd9 with term 1. State: leader=030c2313-1c2c-4b42-81fb-cb58ee93f992, term=1, lastRpcElapsed=null
2019-10-18 07:23:48,257 [grpc-default-executor-14] INFO  impl.RaftServerImpl (ServerState.java:setLeader(256)) - 9712a796-5281-4f3e-ac85-61dedd90db73@group-E193FE271C99: change Leader from null to 030c2313-1c2c-4b42-81fb-cb58ee93f992 at term 1 for appendEntries, leader elected after 178ms
2019-10-18 07:23:48,257 [716dc1a1-4b82-41d5-9ffe-93d5e40efbd9@group-E193FE271C99-LeaderElection949] INFO  impl.LeaderElection (LeaderElection.java:logAndReturn(56)) - 716dc1a1-4b82-41d5-9ffe-93d5e40efbd9@group-E193FE271C99-LeaderElection949: Election REJECTED; received 2 response(s) [716dc1a1-4b82-41d5-9ffe-93d5e40efbd9<-9712a796-5281-4f3e-ac85-61dedd90db73#0:FAIL-t1, 716dc1a1-4b82-41d5-9ffe-93d5e40efbd9<-030c2313-1c2c-4b42-81fb-cb58ee93f992#0:FAIL-t1] and 0 exception(s); 716dc1a1-4b82-41d5-9ffe-93d5e40efbd9@group-E193FE271C99:t1, leader=null, voted=716dc1a1-4b82-41d5-9ffe-93d5e40efbd9, raftlog=716dc1a1-4b82-41d5-9ffe-93d5e40efbd9@group-E193FE271C99-SegmentedRaftLog:OPENED:c-1,f-1,i0, conf=-1: [9712a796-5281-4f3e-ac85-61dedd90db73:192.168.34.25:45438, 716dc1a1-4b82-41d5-9ffe-93d5e40efbd9:192.168.34.25:46068, 030c2313-1c2c-4b42-81fb-cb58ee93f992:192.168.34.25:33896], old=null
2019-10-18 07:23:48,257 [grpc-default-executor-4] INFO  impl.RaftServerImpl (RaftServerImpl.java:setRole(184)) - 716dc1a1-4b82-41d5-9ffe-93d5e40efbd9@group-E193FE271C99: changes role from CANDIDATE to FOLLOWER at term 1 for appendEntries
2019-10-18 07:23:48,258 [grpc-default-executor-4] INFO  impl.RoleInfo (RoleInfo.java:shutdownLeaderElection(134)) - 716dc1a1-4b82-41d5-9ffe-93d5e40efbd9: shutdown LeaderElection
2019-10-18 07:23:48,258 [grpc-default-executor-4] INFO  impl.RoleInfo (RoleInfo.java:updateAndGet(143)) - 716dc1a1-4b82-41d5-9ffe-93d5e40efbd9: start FollowerState
2019-10-18 07:23:48,258 [grpc-default-executor-4] INFO  impl.RaftServerImpl (ServerState.java:setLeader(256)) - 716dc1a1-4b82-41d5-9ffe-93d5e40efbd9@group-E193FE271C99: change Leader from null to 030c2313-1c2c-4b42-81fb-cb58ee93f992 at term 1 for appendEntries, leader elected after 178ms
2019-10-18 07:23:48,259 [grpc-default-executor-4] INFO  impl.RaftServerImpl (ServerState.java:setRaftConf(357)) - 9712a796-5281-4f3e-ac85-61dedd90db73@group-E193FE271C99: set configuration 0: [9712a796-5281-4f3e-ac85-61dedd90db73:192.168.34.25:45438, 716dc1a1-4b82-41d5-9ffe-93d5e40efbd9:192.168.34.25:46068, 030c2313-1c2c-4b42-81fb-cb58ee93f992:192.168.34.25:33896], old=null at 0
2019-10-18 07:23:48,259 [grpc-default-executor-4] INFO  segmented.SegmentedRaftLogWorker (SegmentedRaftLogWorker.java:startLogSegment(385)) - 9712a796-5281-4f3e-ac85-61dedd90db73@group-E193FE271C99-SegmentedRaftLogWorker: Starting segment from index:0
2019-10-18 07:23:48,259 [grpc-default-executor-14] INFO  impl.RaftServerImpl (ServerState.java:setRaftConf(357)) - 716dc1a1-4b82-41d5-9ffe-93d5e40efbd9@group-E193FE271C99: set configuration 0: [9712a796-5281-4f3e-ac85-61dedd90db73:192.168.34.25:45438, 716dc1a1-4b82-41d5-9ffe-93d5e40efbd9:192.168.34.25:46068, 030c2313-1c2c-4b42-81fb-cb58ee93f992:192.168.34.25:33896], old=null at 0
2019-10-18 07:23:48,259 [grpc-default-executor-14] INFO  segmented.SegmentedRaftLogWorker (SegmentedRaftLogWorker.java:startLogSegment(385)) - 716dc1a1-4b82-41d5-9ffe-93d5e40efbd9@group-E193FE271C99-SegmentedRaftLogWorker: Starting segment from index:0
2019-10-18 07:23:48,275 [pool-550-thread-1] INFO  storage.RaftStorage (RaftStorage.java:format(84)) - Storage directory /workdir/hadoop-ozone/integration-test/target/test-dir/MiniOzoneClusterImpl-f216ddbe-e8b4-4355-85c5-09cf054ba290/datanode-4/data/ratis/5f98e8ba-3b14-4fb8-9baf-bcb82a5c07f5 has been successfully formatted.
2019-10-18 07:23:48,275 [pool-520-thread-1] INFO  storage.RaftStorage (RaftStorage.java:format(84)) - Storage directory /workdir/hadoop-ozone/integration-test/target/test-dir/MiniOzoneClusterImpl-f216ddbe-e8b4-4355-85c5-09cf054ba290/datanode-1/data/ratis/5f98e8ba-3b14-4fb8-9baf-bcb82a5c07f5 has been successfully formatted.
2019-10-18 07:23:48,275 [pool-600-thread-1] INFO  storage.RaftStorage (RaftStorage.java:format(84)) - Storage directory /workdir/hadoop-ozone/integration-test/target/test-dir/MiniOzoneClusterImpl-f216ddbe-e8b4-4355-85c5-09cf054ba290/datanode-9/data/ratis/5f98e8ba-3b14-4fb8-9baf-bcb82a5c07f5 has been successfully formatted.
2019-10-18 07:23:48,276 [pool-520-thread-1] INFO  ratis.ContainerStateMachine (ContainerStateMachine.java:loadSnapshot(231)) - group-BCB82A5C07F5: The snapshot info is null. Setting the last applied indexto:(t:0, i:~)
2019-10-18 07:23:48,276 [pool-550-thread-1] INFO  ratis.ContainerStateMachine (ContainerStateMachine.java:loadSnapshot(231)) - group-BCB82A5C07F5: The snapshot info is null. Setting the last applied indexto:(t:0, i:~)
2019-10-18 07:23:48,276 [pool-600-thread-1] INFO  ratis.ContainerStateMachine (ContainerStateMachine.java:loadSnapshot(231)) - group-BCB82A5C07F5: The snapshot info is null. Setting the last applied indexto:(t:0, i:~)
2019-10-18 07:23:48,276 [pool-520-thread-1] INFO  server.RaftServerConfigKeys (ConfUtils.java:logGet(43)) - raft.server.notification.no-leader.timeout = 120s (custom)
2019-10-18 07:23:48,276 [pool-600-thread-1] INFO  server.RaftServerConfigKeys (ConfUtils.java:logGet(43)) - raft.server.notification.no-leader.timeout = 120s (custom)
2019-10-18 07:23:48,276 [pool-550-thread-1] INFO  server.RaftServerConfigKeys (ConfUtils.java:logGet(43)) - raft.server.notification.no-leader.timeout = 120s (custom)
2019-10-18 07:23:48,276 [pool-600-thread-1] INFO  server.RaftServerConfigKeys (ConfUtils.java:logGet(43)) - raft.server.log.use.memory = false (default)
2019-10-18 07:23:48,276 [pool-520-thread-1] INFO  server.RaftServerConfigKeys (ConfUtils.java:logGet(43)) - raft.server.log.use.memory = false (default)
2019-10-18 07:23:48,277 [pool-600-thread-1] INFO  server.RaftServerConfigKeys (ConfUtils.java:logGet(43)) - raft.server.log.purge.gap = 1000000 (custom)
2019-10-18 07:23:48,277 [pool-550-thread-1] INFO  server.RaftServerConfigKeys (ConfUtils.java:logGet(43)) - raft.server.log.use.memory = false (default)
2019-10-18 07:23:48,277 [pool-600-thread-1] INFO  server.RaftServerConfigKeys (ConfUtils.java:logGet(43)) - raft.server.log.appender.buffer.byte-limit = 33554432 (custom)
2019-10-18 07:23:48,277 [pool-520-thread-1] INFO  server.RaftServerConfigKeys (ConfUtils.java:logGet(43)) - raft.server.log.purge.gap = 1000000 (custom)
2019-10-18 07:23:48,277 [pool-600-thread-1] INFO  server.RaftServerConfigKeys (ConfUtils.java:logGet(43)) - raft.server.log.segment.size.max = 1048576 (custom)
2019-10-18 07:23:48,277 [pool-550-thread-1] INFO  server.RaftServerConfigKeys (ConfUtils.java:logGet(43)) - raft.server.log.purge.gap = 1000000 (custom)
2019-10-18 07:23:48,277 [pool-520-thread-1] INFO  server.RaftServerConfigKeys (ConfUtils.java:logGet(43)) - raft.server.log.appender.buffer.byte-limit = 33554432 (custom)
2019-10-18 07:23:48,277 [pool-550-thread-1] INFO  server.RaftServerConfigKeys (ConfUtils.java:logGet(43)) - raft.server.log.appender.buffer.byte-limit = 33554432 (custom)
2019-10-18 07:23:48,277 [pool-520-thread-1] INFO  server.RaftServerConfigKeys (ConfUtils.java:logGet(43)) - raft.server.log.segment.size.max = 1048576 (custom)
2019-10-18 07:23:48,278 [pool-550-thread-1] INFO  server.RaftServerConfigKeys (ConfUtils.java:logGet(43)) - raft.server.log.segment.size.max = 1048576 (custom)
2019-10-18 07:23:48,278 [pool-520-thread-1] INFO  server.RaftServerConfigKeys (ConfUtils.java:logGet(43)) - raft.server.log.segment.cache.num.max = 2 (custom)
2019-10-18 07:23:48,278 [pool-550-thread-1] INFO  server.RaftServerConfigKeys (ConfUtils.java:logGet(43)) - raft.server.log.segment.cache.num.max = 2 (custom)
2019-10-18 07:23:48,278 [pool-520-thread-1] INFO  segmented.SegmentedRaftLogWorker (SegmentedRaftLogWorker.java:<init>(173)) - new 12ad0800-05cb-443c-9fdd-fa1debf04523@group-BCB82A5C07F5-SegmentedRaftLogWorker for RaftStorage:Storage Directory /workdir/hadoop-ozone/integration-test/target/test-dir/MiniOzoneClusterImpl-f216ddbe-e8b4-4355-85c5-09cf054ba290/datanode-1/data/ratis/5f98e8ba-3b14-4fb8-9baf-bcb82a5c07f5
2019-10-18 07:23:48,278 [pool-550-thread-1] INFO  segmented.SegmentedRaftLogWorker (SegmentedRaftLogWorker.java:<init>(173)) - new 5170c5f3-8499-4b42-9321-85fc8a351f79@group-BCB82A5C07F5-SegmentedRaftLogWorker for RaftStorage:Storage Directory /workdir/hadoop-ozone/integration-test/target/test-dir/MiniOzoneClusterImpl-f216ddbe-e8b4-4355-85c5-09cf054ba290/datanode-4/data/ratis/5f98e8ba-3b14-4fb8-9baf-bcb82a5c07f5
2019-10-18 07:23:48,278 [pool-520-thread-1] INFO  server.RaftServerConfigKeys (ConfUtils.java:logGet(43)) - raft.server.log.queue.byte-limit = 2147483647 (custom)
2019-10-18 07:23:48,278 [pool-550-thread-1] INFO  server.RaftServerConfigKeys (ConfUtils.java:logGet(43)) - raft.server.log.queue.byte-limit = 2147483647 (custom)
2019-10-18 07:23:48,278 [pool-520-thread-1] INFO  server.RaftServerConfigKeys (ConfUtils.java:logGet(43)) - raft.server.log.queue.element-limit = 1024 (custom)
2019-10-18 07:23:48,278 [pool-550-thread-1] INFO  server.RaftServerConfigKeys (ConfUtils.java:logGet(43)) - raft.server.log.queue.element-limit = 1024 (custom)
2019-10-18 07:23:48,278 [pool-520-thread-1] INFO  server.RaftServerConfigKeys (ConfUtils.java:logGet(43)) - raft.server.log.segment.size.max = 1048576 (custom)
2019-10-18 07:23:48,279 [pool-550-thread-1] INFO  server.RaftServerConfigKeys (ConfUtils.java:logGet(43)) - raft.server.log.segment.size.max = 1048576 (custom)
2019-10-18 07:23:48,279 [pool-600-thread-1] INFO  server.RaftServerConfigKeys (ConfUtils.java:logGet(43)) - raft.server.log.segment.cache.num.max = 2 (custom)
2019-10-18 07:23:48,279 [pool-550-thread-1] INFO  server.RaftServerConfigKeys (ConfUtils.java:logGet(43)) - raft.server.log.preallocated.size = 16384 (custom)
2019-10-18 07:23:48,279 [pool-520-thread-1] INFO  server.RaftServerConfigKeys (ConfUtils.java:logGet(43)) - raft.server.log.preallocated.size = 16384 (custom)
2019-10-18 07:23:48,279 [pool-550-thread-1] INFO  server.RaftServerConfigKeys (ConfUtils.java:logGet(43)) - raft.server.log.write.buffer.size = 33554432 (custom)
2019-10-18 07:23:48,279 [pool-600-thread-1] INFO  segmented.SegmentedRaftLogWorker (SegmentedRaftLogWorker.java:<init>(173)) - new 0b10a9fc-47eb-4a2b-b664-8273d9d17379@group-BCB82A5C07F5-SegmentedRaftLogWorker for RaftStorage:Storage Directory /workdir/hadoop-ozone/integration-test/target/test-dir/MiniOzoneClusterImpl-f216ddbe-e8b4-4355-85c5-09cf054ba290/datanode-9/data/ratis/5f98e8ba-3b14-4fb8-9baf-bcb82a5c07f5
2019-10-18 07:23:48,279 [pool-550-thread-1] INFO  server.RaftServerConfigKeys (ConfUtils.java:logGet(43)) - raft.server.log.force.sync.num = 128 (default)
2019-10-18 07:23:48,279 [pool-520-thread-1] INFO  server.RaftServerConfigKeys (ConfUtils.java:logGet(43)) - raft.server.log.write.buffer.size = 33554432 (custom)
2019-10-18 07:23:48,279 [pool-550-thread-1] INFO  server.RaftServerConfigKeys (ConfUtils.java:logGet(43)) - raft.server.log.statemachine.data.sync = true (default)
2019-10-18 07:23:48,279 [pool-600-thread-1] INFO  server.RaftServerConfigKeys (ConfUtils.java:logGet(43)) - raft.server.log.queue.byte-limit = 2147483647 (custom)
2019-10-18 07:23:48,280 [pool-550-thread-1] INFO  server.RaftServerConfigKeys (ConfUtils.java:logGet(43)) - raft.server.log.statemachine.data.sync.timeout = 10s (default)
2019-10-18 07:23:48,279 [pool-520-thread-1] INFO  server.RaftServerConfigKeys (ConfUtils.java:logGet(43)) - raft.server.log.force.sync.num = 128 (default)
2019-10-18 07:23:48,280 [pool-550-thread-1] INFO  server.RaftServerConfigKeys (ConfUtils.java:logGet(43)) - raft.server.log.statemachine.data.sync.timeout.retry = -1 (default)
2019-10-18 07:23:48,280 [pool-600-thread-1] INFO  server.RaftServerConfigKeys (ConfUtils.java:logGet(43)) - raft.server.log.queue.element-limit = 1024 (custom)
2019-10-18 07:23:48,280 [pool-550-thread-1] INFO  server.RaftServerConfigKeys (ConfUtils.java:logGet(43)) - raft.server.log.statemachine.data.caching.enabled = true (custom)
2019-10-18 07:23:48,280 [pool-520-thread-1] INFO  server.RaftServerConfigKeys (ConfUtils.java:logGet(43)) - raft.server.log.statemachine.data.sync = true (default)
2019-10-18 07:23:48,280 [pool-600-thread-1] INFO  server.RaftServerConfigKeys (ConfUtils.java:logGet(43)) - raft.server.log.segment.size.max = 1048576 (custom)
2019-10-18 07:23:48,280 [pool-520-thread-1] INFO  server.RaftServerConfigKeys (ConfUtils.java:logGet(43)) - raft.server.log.statemachine.data.sync.timeout = 10s (default)
2019-10-18 07:23:48,280 [pool-550-thread-1] INFO  segmented.SegmentedRaftLogWorker (SegmentedRaftLogWorker.java:lambda$new$0(128)) - 5170c5f3-8499-4b42-9321-85fc8a351f79@group-BCB82A5C07F5-SegmentedRaftLogWorker: flushIndex: setUnconditionally 0 -> -1
2019-10-18 07:23:48,280 [pool-600-thread-1] INFO  server.RaftServerConfigKeys (ConfUtils.java:logGet(43)) - raft.server.log.preallocated.size = 16384 (custom)
2019-10-18 07:23:48,281 [pool-520-thread-1] INFO  server.RaftServerConfigKeys (ConfUtils.java:logGet(43)) - raft.server.log.statemachine.data.sync.timeout.retry = -1 (default)
2019-10-18 07:23:48,281 [pool-550-thread-1] INFO  server.RaftServerConfigKeys (ConfUtils.java:logGet(43)) - raft.server.snapshot.auto.trigger.enabled = true (custom)
2019-10-18 07:23:48,281 [pool-600-thread-1] INFO  server.RaftServerConfigKeys (ConfUtils.java:logGet(43)) - raft.server.log.write.buffer.size = 33554432 (custom)
2019-10-18 07:23:48,281 [pool-550-thread-1] INFO  server.RaftServerConfigKeys (ConfUtils.java:logGet(43)) - raft.server.snapshot.auto.trigger.threshold = 10000 (custom)
2019-10-18 07:23:48,281 [pool-520-thread-1] INFO  server.RaftServerConfigKeys (ConfUtils.java:logGet(43)) - raft.server.log.statemachine.data.caching.enabled = true (custom)
2019-10-18 07:23:48,281 [pool-550-thread-1] INFO  server.RaftServerConfigKeys (ConfUtils.java:logGet(43)) - raft.server.snapshot.retention.file.num = 5 (custom)
2019-10-18 07:23:48,281 [pool-600-thread-1] INFO  server.RaftServerConfigKeys (ConfUtils.java:logGet(43)) - raft.server.log.force.sync.num = 128 (default)
2019-10-18 07:23:48,281 [pool-520-thread-1] INFO  segmented.SegmentedRaftLogWorker (SegmentedRaftLogWorker.java:lambda$new$0(128)) - 12ad0800-05cb-443c-9fdd-fa1debf04523@group-BCB82A5C07F5-SegmentedRaftLogWorker: flushIndex: setUnconditionally 0 -> -1
2019-10-18 07:23:48,281 [pool-550-thread-1] INFO  server.RaftServerConfigKeys (ConfUtils.java:logGet(43)) - raft.server.retrycache.expirytime = 600000ms (custom)
2019-10-18 07:23:48,282 [pool-600-thread-1] INFO  server.RaftServerConfigKeys (ConfUtils.java:logGet(43)) - raft.server.log.statemachine.data.sync = true (default)
2019-10-18 07:23:48,282 [pool-520-thread-1] INFO  server.RaftServerConfigKeys (ConfUtils.java:logGet(43)) - raft.server.snapshot.auto.trigger.enabled = true (custom)
2019-10-18 07:23:48,282 [pool-600-thread-1] INFO  server.RaftServerConfigKeys (ConfUtils.java:logGet(43)) - raft.server.log.statemachine.data.sync.timeout = 10s (default)
2019-10-18 07:23:48,282 [pool-520-thread-1] INFO  server.RaftServerConfigKeys (ConfUtils.java:logGet(43)) - raft.server.snapshot.auto.trigger.threshold = 10000 (custom)
2019-10-18 07:23:48,282 [pool-600-thread-1] INFO  server.RaftServerConfigKeys (ConfUtils.java:logGet(43)) - raft.server.log.statemachine.data.sync.timeout.retry = -1 (default)
2019-10-18 07:23:48,282 [pool-520-thread-1] INFO  server.RaftServerConfigKeys (ConfUtils.java:logGet(43)) - raft.server.snapshot.retention.file.num = 5 (custom)
2019-10-18 07:23:48,282 [pool-520-thread-1] INFO  server.RaftServerConfigKeys (ConfUtils.java:logGet(43)) - raft.server.retrycache.expirytime = 600000ms (custom)
2019-10-18 07:23:48,283 [pool-600-thread-1] INFO  server.RaftServerConfigKeys (ConfUtils.java:logGet(43)) - raft.server.log.statemachine.data.caching.enabled = true (custom)
2019-10-18 07:23:48,283 [pool-600-thread-1] INFO  segmented.SegmentedRaftLogWorker (SegmentedRaftLogWorker.java:lambda$new$0(128)) - 0b10a9fc-47eb-4a2b-b664-8273d9d17379@group-BCB82A5C07F5-SegmentedRaftLogWorker: flushIndex: setUnconditionally 0 -> -1
2019-10-18 07:23:48,283 [pool-600-thread-1] INFO  server.RaftServerConfigKeys (ConfUtils.java:logGet(43)) - raft.server.snapshot.auto.trigger.enabled = true (custom)
2019-10-18 07:23:48,283 [pool-600-thread-1] INFO  server.RaftServerConfigKeys (ConfUtils.java:logGet(43)) - raft.server.snapshot.auto.trigger.threshold = 10000 (custom)
2019-10-18 07:23:48,284 [pool-600-thread-1] INFO  server.RaftServerConfigKeys (ConfUtils.java:logGet(43)) - raft.server.snapshot.retention.file.num = 5 (custom)
2019-10-18 07:23:48,284 [pool-600-thread-1] INFO  server.RaftServerConfigKeys (ConfUtils.java:logGet(43)) - raft.server.retrycache.expirytime = 600000ms (custom)
2019-10-18 07:23:48,285 [pool-550-thread-1] INFO  impl.RaftServerImpl (RaftServerImpl.java:start(195)) - 5170c5f3-8499-4b42-9321-85fc8a351f79@group-BCB82A5C07F5: start as a follower, conf=-1: [12ad0800-05cb-443c-9fdd-fa1debf04523:192.168.34.25:41155, 5170c5f3-8499-4b42-9321-85fc8a351f79:192.168.34.25:43074, 0b10a9fc-47eb-4a2b-b664-8273d9d17379:192.168.34.25:45248], old=null
2019-10-18 07:23:48,285 [pool-550-thread-1] INFO  impl.RaftServerImpl (RaftServerImpl.java:setRole(184)) - 5170c5f3-8499-4b42-9321-85fc8a351f79@group-BCB82A5C07F5: changes role from      null to FOLLOWER at term 0 for startAsFollower
2019-10-18 07:23:48,285 [pool-550-thread-1] INFO  impl.RoleInfo (RoleInfo.java:updateAndGet(143)) - 5170c5f3-8499-4b42-9321-85fc8a351f79: start FollowerState
2019-10-18 07:23:48,285 [pool-550-thread-1] INFO  util.JmxRegister (JmxRegister.java:tryRegister(44)) - Successfully registered JMX Bean with object name Ratis:service=RaftServer,group=group-BCB82A5C07F5,id=5170c5f3-8499-4b42-9321-85fc8a351f79
2019-10-18 07:23:48,286 [pool-520-thread-1] INFO  impl.RaftServerImpl (RaftServerImpl.java:start(195)) - 12ad0800-05cb-443c-9fdd-fa1debf04523@group-BCB82A5C07F5: start as a follower, conf=-1: [12ad0800-05cb-443c-9fdd-fa1debf04523:192.168.34.25:41155, 5170c5f3-8499-4b42-9321-85fc8a351f79:192.168.34.25:43074, 0b10a9fc-47eb-4a2b-b664-8273d9d17379:192.168.34.25:45248], old=null
2019-10-18 07:23:48,286 [pool-520-thread-1] INFO  impl.RaftServerImpl (RaftServerImpl.java:setRole(184)) - 12ad0800-05cb-443c-9fdd-fa1debf04523@group-BCB82A5C07F5: changes role from      null to FOLLOWER at term 0 for startAsFollower
2019-10-18 07:23:48,286 [pool-520-thread-1] INFO  impl.RoleInfo (RoleInfo.java:updateAndGet(143)) - 12ad0800-05cb-443c-9fdd-fa1debf04523: start FollowerState
2019-10-18 07:23:48,286 [pool-520-thread-1] INFO  util.JmxRegister (JmxRegister.java:tryRegister(44)) - Successfully registered JMX Bean with object name Ratis:service=RaftServer,group=group-BCB82A5C07F5,id=12ad0800-05cb-443c-9fdd-fa1debf04523
2019-10-18 07:23:48,289 [pool-600-thread-1] INFO  impl.RaftServerImpl (RaftServerImpl.java:start(195)) - 0b10a9fc-47eb-4a2b-b664-8273d9d17379@group-BCB82A5C07F5: start as a follower, conf=-1: [12ad0800-05cb-443c-9fdd-fa1debf04523:192.168.34.25:41155, 5170c5f3-8499-4b42-9321-85fc8a351f79:192.168.34.25:43074, 0b10a9fc-47eb-4a2b-b664-8273d9d17379:192.168.34.25:45248], old=null
2019-10-18 07:23:48,289 [pool-600-thread-1] INFO  impl.RaftServerImpl (RaftServerImpl.java:setRole(184)) - 0b10a9fc-47eb-4a2b-b664-8273d9d17379@group-BCB82A5C07F5: changes role from      null to FOLLOWER at term 0 for startAsFollower
2019-10-18 07:23:48,289 [pool-600-thread-1] INFO  impl.RoleInfo (RoleInfo.java:updateAndGet(143)) - 0b10a9fc-47eb-4a2b-b664-8273d9d17379: start FollowerState
2019-10-18 07:23:48,290 [pool-600-thread-1] INFO  util.JmxRegister (JmxRegister.java:tryRegister(44)) - Successfully registered JMX Bean with object name Ratis:service=RaftServer,group=group-BCB82A5C07F5,id=0b10a9fc-47eb-4a2b-b664-8273d9d17379
2019-10-18 07:23:48,292 [RatisPipelineUtilsThread] INFO  pipeline.PipelineStateManager (PipelineStateManager.java:addPipeline(56)) - Created pipeline Pipeline[ Id: 5f98e8ba-3b14-4fb8-9baf-bcb82a5c07f5, Nodes: 0b10a9fc-47eb-4a2b-b664-8273d9d17379{ip: 192.168.34.25, host: pr-hdds-2318-jnjn8-2612408985, networkLocation: /rack1, certSerialId: null}12ad0800-05cb-443c-9fdd-fa1debf04523{ip: 192.168.34.25, host: pr-hdds-2318-jnjn8-2612408985, networkLocation: /rack1, certSerialId: null}5170c5f3-8499-4b42-9321-85fc8a351f79{ip: 192.168.34.25, host: pr-hdds-2318-jnjn8-2612408985, networkLocation: /rack1, certSerialId: null}, Type:RATIS, Factor:THREE, State:OPEN]
2019-10-18 07:23:48,295 [grpc-default-executor-14] INFO  impl.RaftServerProxy (RaftServerProxy.java:addNew(89)) - 0b10a9fc-47eb-4a2b-b664-8273d9d17379: addNew group-FC0554F828C2:[0b10a9fc-47eb-4a2b-b664-8273d9d17379:192.168.34.25:45248] returns group-FC0554F828C2:java.util.concurrent.CompletableFuture@3ca48407[Not completed]
2019-10-18 07:23:48,296 [pool-600-thread-1] INFO  impl.RaftServerImpl (RaftServerImpl.java:<init>(104)) - 0b10a9fc-47eb-4a2b-b664-8273d9d17379: new RaftServerImpl for group-FC0554F828C2:[0b10a9fc-47eb-4a2b-b664-8273d9d17379:192.168.34.25:45248] with ContainerStateMachine:uninitialized
2019-10-18 07:23:48,296 [pool-600-thread-1] INFO  server.RaftServerConfigKeys (ConfUtils.java:logGet(43)) - raft.server.rpc.timeout.min = 1s (custom)
2019-10-18 07:23:48,296 [pool-600-thread-1] INFO  server.RaftServerConfigKeys (ConfUtils.java:logGet(43)) - raft.server.rpc.timeout.max = 1200ms (custom)
2019-10-18 07:23:48,296 [pool-600-thread-1] INFO  server.RaftServerConfigKeys (ConfUtils.java:logGet(43)) - raft.server.rpcslowness.timeout = 120s (custom)
2019-10-18 07:23:48,297 [pool-600-thread-1] INFO  server.RaftServerConfigKeys (ConfUtils.java:logGet(43)) - raft.server.sleep.deviation.threshold = 300 (default)
2019-10-18 07:23:48,297 [pool-600-thread-1] INFO  server.RaftServerConfigKeys (ConfUtils.java:logGet(43)) - raft.server.log.appender.install.snapshot.enabled = false (custom)
2019-10-18 07:23:48,297 [pool-600-thread-1] INFO  impl.RaftServerImpl (ServerState.java:<init>(103)) - 0b10a9fc-47eb-4a2b-b664-8273d9d17379@group-FC0554F828C2: ConfigurationManager, init=-1: [0b10a9fc-47eb-4a2b-b664-8273d9d17379:192.168.34.25:45248], old=null, confs=<EMPTY_MAP>
2019-10-18 07:23:48,297 [pool-600-thread-1] INFO  server.RaftServerConfigKeys (ConfUtils.java:logGet(43)) - raft.server.storage.dir = [/workdir/hadoop-ozone/integration-test/target/test-dir/MiniOzoneClusterImpl-f216ddbe-e8b4-4355-85c5-09cf054ba290/datanode-9/data/ratis] (custom)
2019-10-18 07:23:48,297 [pool-600-thread-1] INFO  server.RaftServerConfigKeys (ConfUtils.java:logGet(43)) - raft.server.log.corruption.policy = EXCEPTION (default)
2019-10-18 07:23:48,297 [pool-600-thread-1] INFO  storage.RaftStorageDirectory (RaftStorageDirectory.java:analyzeStorage(246)) - The storage directory /workdir/hadoop-ozone/integration-test/target/test-dir/MiniOzoneClusterImpl-f216ddbe-e8b4-4355-85c5-09cf054ba290/datanode-9/data/ratis/f2352e0d-ea5a-4601-baca-fc0554f828c2 does not exist. Creating ...
2019-10-18 07:23:48,318 [pool-600-thread-1] INFO  storage.RaftStorageDirectory (RaftStorageDirectory.java:tryLock(328)) - Lock on /workdir/hadoop-ozone/integration-test/target/test-dir/MiniOzoneClusterImpl-f216ddbe-e8b4-4355-85c5-09cf054ba290/datanode-9/data/ratis/f2352e0d-ea5a-4601-baca-fc0554f828c2/in_use.lock acquired by nodename 21255@pr-hdds-2318-jnjn8-2612408985
2019-10-18 07:23:48,318 [716dc1a1-4b82-41d5-9ffe-93d5e40efbd9@group-E193FE271C99-SegmentedRaftLogWorker] INFO  segmented.SegmentedRaftLogWorker (SegmentedRaftLogWorker.java:execute(576)) - 716dc1a1-4b82-41d5-9ffe-93d5e40efbd9@group-E193FE271C99-SegmentedRaftLogWorker: created new log segment /workdir/hadoop-ozone/integration-test/target/test-dir/MiniOzoneClusterImpl-f216ddbe-e8b4-4355-85c5-09cf054ba290/datanode-8/data/ratis/1a142e32-f3d3-4f21-8488-e193fe271c99/current/log_inprogress_0
2019-10-18 07:23:48,318 [9712a796-5281-4f3e-ac85-61dedd90db73@group-E193FE271C99-SegmentedRaftLogWorker] INFO  segmented.SegmentedRaftLogWorker (SegmentedRaftLogWorker.java:execute(576)) - 9712a796-5281-4f3e-ac85-61dedd90db73@group-E193FE271C99-SegmentedRaftLogWorker: created new log segment /workdir/hadoop-ozone/integration-test/target/test-dir/MiniOzoneClusterImpl-f216ddbe-e8b4-4355-85c5-09cf054ba290/datanode-5/data/ratis/1a142e32-f3d3-4f21-8488-e193fe271c99/current/log_inprogress_0
2019-10-18 07:23:48,318 [030c2313-1c2c-4b42-81fb-cb58ee93f992@group-E193FE271C99-SegmentedRaftLogWorker] INFO  segmented.SegmentedRaftLogWorker (SegmentedRaftLogWorker.java:execute(576)) - 030c2313-1c2c-4b42-81fb-cb58ee93f992@group-E193FE271C99-SegmentedRaftLogWorker: created new log segment /workdir/hadoop-ozone/integration-test/target/test-dir/MiniOzoneClusterImpl-f216ddbe-e8b4-4355-85c5-09cf054ba290/datanode-7/data/ratis/1a142e32-f3d3-4f21-8488-e193fe271c99/current/log_inprogress_0
2019-10-18 07:23:48,329 [Thread-8759] INFO  impl.FollowerState (FollowerState.java:run(108)) - 0b10a9fc-47eb-4a2b-b664-8273d9d17379@group-BCB82A5C07F5-FollowerState: change to CANDIDATE, lastRpcTime:39ms, electionTimeout:39ms
2019-10-18 07:23:48,329 [Thread-8759] INFO  impl.RoleInfo (RoleInfo.java:shutdownFollowerState(121)) - 0b10a9fc-47eb-4a2b-b664-8273d9d17379: shutdown FollowerState
2019-10-18 07:23:48,329 [Thread-8759] INFO  impl.RaftServerImpl (RaftServerImpl.java:setRole(184)) - 0b10a9fc-47eb-4a2b-b664-8273d9d17379@group-BCB82A5C07F5: changes role from  FOLLOWER to CANDIDATE at term 0 for changeToCandidate
2019-10-18 07:23:48,329 [Thread-8759] INFO  impl.RoleInfo (RoleInfo.java:updateAndGet(143)) - 0b10a9fc-47eb-4a2b-b664-8273d9d17379: start LeaderElection
2019-10-18 07:23:48,343 [pool-600-thread-1] INFO  storage.RaftStorage (RaftStorage.java:format(84)) - Storage directory /workdir/hadoop-ozone/integration-test/target/test-dir/MiniOzoneClusterImpl-f216ddbe-e8b4-4355-85c5-09cf054ba290/datanode-9/data/ratis/f2352e0d-ea5a-4601-baca-fc0554f828c2 has been successfully formatted.
2019-10-18 07:23:48,343 [pool-600-thread-1] INFO  ratis.ContainerStateMachine (ContainerStateMachine.java:loadSnapshot(231)) - group-FC0554F828C2: The snapshot info is null. Setting the last applied indexto:(t:0, i:~)
2019-10-18 07:23:48,343 [pool-600-thread-1] INFO  server.RaftServerConfigKeys (ConfUtils.java:logGet(43)) - raft.server.notification.no-leader.timeout = 120s (custom)
2019-10-18 07:23:48,343 [pool-600-thread-1] INFO  server.RaftServerConfigKeys (ConfUtils.java:logGet(43)) - raft.server.log.use.memory = false (default)
2019-10-18 07:23:48,343 [pool-600-thread-1] INFO  server.RaftServerConfigKeys (ConfUtils.java:logGet(43)) - raft.server.log.purge.gap = 1000000 (custom)
2019-10-18 07:23:48,343 [pool-600-thread-1] INFO  server.RaftServerConfigKeys (ConfUtils.java:logGet(43)) - raft.server.log.appender.buffer.byte-limit = 33554432 (custom)
2019-10-18 07:23:48,344 [pool-600-thread-1] INFO  server.RaftServerConfigKeys (ConfUtils.java:logGet(43)) - raft.server.log.segment.size.max = 1048576 (custom)
2019-10-18 07:23:48,344 [pool-600-thread-1] INFO  server.RaftServerConfigKeys (ConfUtils.java:logGet(43)) - raft.server.log.segment.cache.num.max = 2 (custom)
2019-10-18 07:23:48,344 [pool-600-thread-1] INFO  segmented.SegmentedRaftLogWorker (SegmentedRaftLogWorker.java:<init>(173)) - new 0b10a9fc-47eb-4a2b-b664-8273d9d17379@group-FC0554F828C2-SegmentedRaftLogWorker for RaftStorage:Storage Directory /workdir/hadoop-ozone/integration-test/target/test-dir/MiniOzoneClusterImpl-f216ddbe-e8b4-4355-85c5-09cf054ba290/datanode-9/data/ratis/f2352e0d-ea5a-4601-baca-fc0554f828c2
2019-10-18 07:23:48,344 [pool-600-thread-1] INFO  server.RaftServerConfigKeys (ConfUtils.java:logGet(43)) - raft.server.log.queue.byte-limit = 2147483647 (custom)
2019-10-18 07:23:48,344 [pool-600-thread-1] INFO  server.RaftServerConfigKeys (ConfUtils.java:logGet(43)) - raft.server.log.queue.element-limit = 1024 (custom)
2019-10-18 07:23:48,344 [pool-600-thread-1] INFO  server.RaftServerConfigKeys (ConfUtils.java:logGet(43)) - raft.server.log.segment.size.max = 1048576 (custom)
2019-10-18 07:23:48,344 [pool-600-thread-1] INFO  server.RaftServerConfigKeys (ConfUtils.java:logGet(43)) - raft.server.log.preallocated.size = 16384 (custom)
2019-10-18 07:23:48,344 [pool-600-thread-1] INFO  server.RaftServerConfigKeys (ConfUtils.java:logGet(43)) - raft.server.log.write.buffer.size = 33554432 (custom)
2019-10-18 07:23:48,344 [pool-600-thread-1] INFO  server.RaftServerConfigKeys (ConfUtils.java:logGet(43)) - raft.server.log.force.sync.num = 128 (default)
2019-10-18 07:23:48,344 [pool-600-thread-1] INFO  server.RaftServerConfigKeys (ConfUtils.java:logGet(43)) - raft.server.log.statemachine.data.sync = true (default)
2019-10-18 07:23:48,344 [pool-600-thread-1] INFO  server.RaftServerConfigKeys (ConfUtils.java:logGet(43)) - raft.server.log.statemachine.data.sync.timeout = 10s (default)
2019-10-18 07:23:48,344 [pool-600-thread-1] INFO  server.RaftServerConfigKeys (ConfUtils.java:logGet(43)) - raft.server.log.statemachine.data.sync.timeout.retry = -1 (default)
2019-10-18 07:23:48,344 [pool-600-thread-1] INFO  server.RaftServerConfigKeys (ConfUtils.java:logGet(43)) - raft.server.log.statemachine.data.caching.enabled = true (custom)
2019-10-18 07:23:48,345 [pool-600-thread-1] INFO  segmented.SegmentedRaftLogWorker (SegmentedRaftLogWorker.java:lambda$new$0(128)) - 0b10a9fc-47eb-4a2b-b664-8273d9d17379@group-FC0554F828C2-SegmentedRaftLogWorker: flushIndex: setUnconditionally 0 -> -1
2019-10-18 07:23:48,345 [pool-600-thread-1] INFO  server.RaftServerConfigKeys (ConfUtils.java:logGet(43)) - raft.server.snapshot.auto.trigger.enabled = true (custom)
2019-10-18 07:23:48,345 [pool-600-thread-1] INFO  server.RaftServerConfigKeys (ConfUtils.java:logGet(43)) - raft.server.snapshot.auto.trigger.threshold = 10000 (custom)
2019-10-18 07:23:48,345 [pool-600-thread-1] INFO  server.RaftServerConfigKeys (ConfUtils.java:logGet(43)) - raft.server.snapshot.retention.file.num = 5 (custom)
2019-10-18 07:23:48,345 [pool-600-thread-1] INFO  server.RaftServerConfigKeys (ConfUtils.java:logGet(43)) - raft.server.retrycache.expirytime = 600000ms (custom)
2019-10-18 07:23:48,346 [pool-600-thread-1] INFO  impl.RaftServerImpl (RaftServerImpl.java:start(195)) - 0b10a9fc-47eb-4a2b-b664-8273d9d17379@group-FC0554F828C2: start as a follower, conf=-1: [0b10a9fc-47eb-4a2b-b664-8273d9d17379:192.168.34.25:45248], old=null
2019-10-18 07:23:48,346 [pool-600-thread-1] INFO  impl.RaftServerImpl (RaftServerImpl.java:setRole(184)) - 0b10a9fc-47eb-4a2b-b664-8273d9d17379@group-FC0554F828C2: changes role from      null to FOLLOWER at term 0 for startAsFollower
2019-10-18 07:23:48,346 [pool-600-thread-1] INFO  impl.RoleInfo (RoleInfo.java:updateAndGet(143)) - 0b10a9fc-47eb-4a2b-b664-8273d9d17379: start FollowerState
2019-10-18 07:23:48,347 [pool-600-thread-1] INFO  util.JmxRegister (JmxRegister.java:tryRegister(44)) - Successfully registered JMX Bean with object name Ratis:service=RaftServer,group=group-FC0554F828C2,id=0b10a9fc-47eb-4a2b-b664-8273d9d17379
2019-10-18 07:23:48,349 [RatisPipelineUtilsThread] INFO  pipeline.PipelineStateManager (PipelineStateManager.java:addPipeline(56)) - Created pipeline Pipeline[ Id: f2352e0d-ea5a-4601-baca-fc0554f828c2, Nodes: 0b10a9fc-47eb-4a2b-b664-8273d9d17379{ip: 192.168.34.25, host: pr-hdds-2318-jnjn8-2612408985, networkLocation: /rack1, certSerialId: null}, Type:RATIS, Factor:ONE, State:OPEN]
2019-10-18 07:23:48,353 [grpc-default-executor-14] INFO  impl.RaftServerProxy (RaftServerProxy.java:addNew(89)) - 716dc1a1-4b82-41d5-9ffe-93d5e40efbd9: addNew group-5ACBDA0E7FE7:[716dc1a1-4b82-41d5-9ffe-93d5e40efbd9:192.168.34.25:46068] returns group-5ACBDA0E7FE7:java.util.concurrent.CompletableFuture@4967516[Not completed]
2019-10-18 07:23:48,354 [pool-590-thread-1] INFO  impl.RaftServerImpl (RaftServerImpl.java:<init>(104)) - 716dc1a1-4b82-41d5-9ffe-93d5e40efbd9: new RaftServerImpl for group-5ACBDA0E7FE7:[716dc1a1-4b82-41d5-9ffe-93d5e40efbd9:192.168.34.25:46068] with ContainerStateMachine:uninitialized
2019-10-18 07:23:48,354 [pool-590-thread-1] INFO  server.RaftServerConfigKeys (ConfUtils.java:logGet(43)) - raft.server.rpc.timeout.min = 1s (custom)
2019-10-18 07:23:48,355 [pool-590-thread-1] INFO  server.RaftServerConfigKeys (ConfUtils.java:logGet(43)) - raft.server.rpc.timeout.max = 1200ms (custom)
2019-10-18 07:23:48,355 [pool-590-thread-1] INFO  server.RaftServerConfigKeys (ConfUtils.java:logGet(43)) - raft.server.rpcslowness.timeout = 120s (custom)
2019-10-18 07:23:48,355 [pool-590-thread-1] INFO  server.RaftServerConfigKeys (ConfUtils.java:logGet(43)) - raft.server.sleep.deviation.threshold = 300 (default)
2019-10-18 07:23:48,355 [pool-590-thread-1] INFO  server.RaftServerConfigKeys (ConfUtils.java:logGet(43)) - raft.server.log.appender.install.snapshot.enabled = false (custom)
2019-10-18 07:23:48,355 [pool-590-thread-1] INFO  impl.RaftServerImpl (ServerState.java:<init>(103)) - 716dc1a1-4b82-41d5-9ffe-93d5e40efbd9@group-5ACBDA0E7FE7: ConfigurationManager, init=-1: [716dc1a1-4b82-41d5-9ffe-93d5e40efbd9:192.168.34.25:46068], old=null, confs=<EMPTY_MAP>
2019-10-18 07:23:48,355 [pool-590-thread-1] INFO  server.RaftServerConfigKeys (ConfUtils.java:logGet(43)) - raft.server.storage.dir = [/workdir/hadoop-ozone/integration-test/target/test-dir/MiniOzoneClusterImpl-f216ddbe-e8b4-4355-85c5-09cf054ba290/datanode-8/data/ratis] (custom)
2019-10-18 07:23:48,355 [pool-590-thread-1] INFO  server.RaftServerConfigKeys (ConfUtils.java:logGet(43)) - raft.server.log.corruption.policy = EXCEPTION (default)
2019-10-18 07:23:48,355 [pool-590-thread-1] INFO  storage.RaftStorageDirectory (RaftStorageDirectory.java:analyzeStorage(246)) - The storage directory /workdir/hadoop-ozone/integration-test/target/test-dir/MiniOzoneClusterImpl-f216ddbe-e8b4-4355-85c5-09cf054ba290/datanode-8/data/ratis/067d05f3-6df0-4bb5-98f0-5acbda0e7fe7 does not exist. Creating ...
2019-10-18 07:23:48,360 [0b10a9fc-47eb-4a2b-b664-8273d9d17379@group-BCB82A5C07F5-LeaderElection950] INFO  impl.LeaderElection (LeaderElection.java:askForVotes(178)) - 0b10a9fc-47eb-4a2b-b664-8273d9d17379@group-BCB82A5C07F5-LeaderElection950: begin an election at term 1 for -1: [12ad0800-05cb-443c-9fdd-fa1debf04523:192.168.34.25:41155, 5170c5f3-8499-4b42-9321-85fc8a351f79:192.168.34.25:43074, 0b10a9fc-47eb-4a2b-b664-8273d9d17379:192.168.34.25:45248], old=null
2019-10-18 07:23:48,367 [grpc-default-executor-4] INFO  impl.RaftServerImpl (RaftServerImpl.java:setRole(184)) - 5170c5f3-8499-4b42-9321-85fc8a351f79@group-BCB82A5C07F5: changes role from  FOLLOWER to FOLLOWER at term 1 for recognizeCandidate:0b10a9fc-47eb-4a2b-b664-8273d9d17379
2019-10-18 07:23:48,367 [Thread-8757] INFO  impl.FollowerState (FollowerState.java:run(108)) - 12ad0800-05cb-443c-9fdd-fa1debf04523@group-BCB82A5C07F5-FollowerState: change to CANDIDATE, lastRpcTime:81ms, electionTimeout:79ms
2019-10-18 07:23:48,367 [grpc-default-executor-4] INFO  impl.RoleInfo (RoleInfo.java:shutdownFollowerState(121)) - 5170c5f3-8499-4b42-9321-85fc8a351f79: shutdown FollowerState
2019-10-18 07:23:48,368 [Thread-8757] INFO  impl.RoleInfo (RoleInfo.java:shutdownFollowerState(121)) - 12ad0800-05cb-443c-9fdd-fa1debf04523: shutdown FollowerState
2019-10-18 07:23:48,368 [Thread-8756] INFO  impl.FollowerState (FollowerState.java:run(117)) - 5170c5f3-8499-4b42-9321-85fc8a351f79@group-BCB82A5C07F5-FollowerState was interrupted: java.lang.InterruptedException: sleep interrupted
2019-10-18 07:23:48,368 [grpc-default-executor-4] INFO  impl.RoleInfo (RoleInfo.java:updateAndGet(143)) - 5170c5f3-8499-4b42-9321-85fc8a351f79: start FollowerState
2019-10-18 07:23:48,368 [Thread-8757] INFO  impl.RaftServerImpl (RaftServerImpl.java:setRole(184)) - 12ad0800-05cb-443c-9fdd-fa1debf04523@group-BCB82A5C07F5: changes role from  FOLLOWER to CANDIDATE at term 0 for changeToCandidate
2019-10-18 07:23:48,368 [Thread-8757] INFO  impl.RoleInfo (RoleInfo.java:updateAndGet(143)) - 12ad0800-05cb-443c-9fdd-fa1debf04523: start LeaderElection
2019-10-18 07:23:48,371 [grpc-default-executor-14] INFO  impl.RaftServerImpl (RaftServerImpl.java:setRole(184)) - 12ad0800-05cb-443c-9fdd-fa1debf04523@group-BCB82A5C07F5: changes role from CANDIDATE to FOLLOWER at term 1 for recognizeCandidate:0b10a9fc-47eb-4a2b-b664-8273d9d17379
2019-10-18 07:23:48,371 [grpc-default-executor-14] INFO  impl.RoleInfo (RoleInfo.java:shutdownLeaderElection(134)) - 12ad0800-05cb-443c-9fdd-fa1debf04523: shutdown LeaderElection
2019-10-18 07:23:48,372 [grpc-default-executor-14] INFO  impl.RoleInfo (RoleInfo.java:updateAndGet(143)) - 12ad0800-05cb-443c-9fdd-fa1debf04523: start FollowerState
2019-10-18 07:23:48,372 [pool-590-thread-1] INFO  storage.RaftStorageDirectory (RaftStorageDirectory.java:tryLock(328)) - Lock on /workdir/hadoop-ozone/integration-test/target/test-dir/MiniOzoneClusterImpl-f216ddbe-e8b4-4355-85c5-09cf054ba290/datanode-8/data/ratis/067d05f3-6df0-4bb5-98f0-5acbda0e7fe7/in_use.lock acquired by nodename 21255@pr-hdds-2318-jnjn8-2612408985
2019-10-18 07:23:48,394 [Thread-8744] INFO  impl.FollowerState (FollowerState.java:run(108)) - 4dea926d-4bc6-487a-9b9b-9fd457d0fae4@group-0C9C3B2D0CC1-FollowerState: change to CANDIDATE, lastRpcTime:143ms, electionTimeout:143ms
2019-10-18 07:23:48,394 [Thread-8744] INFO  impl.RoleInfo (RoleInfo.java:shutdownFollowerState(121)) - 4dea926d-4bc6-487a-9b9b-9fd457d0fae4: shutdown FollowerState
2019-10-18 07:23:48,394 [Thread-8744] INFO  impl.RaftServerImpl (RaftServerImpl.java:setRole(184)) - 4dea926d-4bc6-487a-9b9b-9fd457d0fae4@group-0C9C3B2D0CC1: changes role from  FOLLOWER to CANDIDATE at term 2 for changeToCandidate
2019-10-18 07:23:48,394 [Thread-8744] INFO  impl.RoleInfo (RoleInfo.java:updateAndGet(143)) - 4dea926d-4bc6-487a-9b9b-9fd457d0fae4: start LeaderElection
2019-10-18 07:23:48,395 [pool-590-thread-1] INFO  storage.RaftStorage (RaftStorage.java:format(84)) - Storage directory /workdir/hadoop-ozone/integration-test/target/test-dir/MiniOzoneClusterImpl-f216ddbe-e8b4-4355-85c5-09cf054ba290/datanode-8/data/ratis/067d05f3-6df0-4bb5-98f0-5acbda0e7fe7 has been successfully formatted.
2019-10-18 07:23:48,395 [Thread-8772] INFO  impl.FollowerState (FollowerState.java:run(108)) - 12ad0800-05cb-443c-9fdd-fa1debf04523@group-BCB82A5C07F5-FollowerState: change to CANDIDATE, lastRpcTime:23ms, electionTimeout:0ms
2019-10-18 07:23:48,395 [Thread-8772] INFO  impl.RoleInfo (RoleInfo.java:shutdownFollowerState(121)) - 12ad0800-05cb-443c-9fdd-fa1debf04523: shutdown FollowerState
2019-10-18 07:23:48,395 [Thread-8772] INFO  impl.RaftServerImpl (RaftServerImpl.java:setRole(184)) - 12ad0800-05cb-443c-9fdd-fa1debf04523@group-BCB82A5C07F5: changes role from  FOLLOWER to CANDIDATE at term 1 for changeToCandidate
2019-10-18 07:23:48,396 [Thread-8772] INFO  impl.RoleInfo (RoleInfo.java:updateAndGet(143)) - 12ad0800-05cb-443c-9fdd-fa1debf04523: start LeaderElection
2019-10-18 07:23:48,396 [0b10a9fc-47eb-4a2b-b664-8273d9d17379@group-BCB82A5C07F5-LeaderElection950] INFO  impl.LeaderElection (LeaderElection.java:logAndReturn(56)) - 0b10a9fc-47eb-4a2b-b664-8273d9d17379@group-BCB82A5C07F5-LeaderElection950: Election PASSED; received 1 response(s) [0b10a9fc-47eb-4a2b-b664-8273d9d17379<-5170c5f3-8499-4b42-9321-85fc8a351f79#0:OK-t1] and 0 exception(s); 0b10a9fc-47eb-4a2b-b664-8273d9d17379@group-BCB82A5C07F5:t1, leader=null, voted=0b10a9fc-47eb-4a2b-b664-8273d9d17379, raftlog=0b10a9fc-47eb-4a2b-b664-8273d9d17379@group-BCB82A5C07F5-SegmentedRaftLog:OPENED:c-1,f-1,i0, conf=-1: [12ad0800-05cb-443c-9fdd-fa1debf04523:192.168.34.25:41155, 5170c5f3-8499-4b42-9321-85fc8a351f79:192.168.34.25:43074, 0b10a9fc-47eb-4a2b-b664-8273d9d17379:192.168.34.25:45248], old=null
2019-10-18 07:23:48,396 [0b10a9fc-47eb-4a2b-b664-8273d9d17379@group-BCB82A5C07F5-LeaderElection950] INFO  impl.RoleInfo (RoleInfo.java:shutdownLeaderElection(134)) - 0b10a9fc-47eb-4a2b-b664-8273d9d17379: shutdown LeaderElection
2019-10-18 07:23:48,396 [0b10a9fc-47eb-4a2b-b664-8273d9d17379@group-BCB82A5C07F5-LeaderElection950] INFO  impl.RaftServerImpl (RaftServerImpl.java:setRole(184)) - 0b10a9fc-47eb-4a2b-b664-8273d9d17379@group-BCB82A5C07F5: changes role from CANDIDATE to LEADER at term 1 for changeToLeader
2019-10-18 07:23:48,396 [0b10a9fc-47eb-4a2b-b664-8273d9d17379@group-BCB82A5C07F5-LeaderElection950] INFO  impl.RaftServerImpl (ServerState.java:setLeader(256)) - 0b10a9fc-47eb-4a2b-b664-8273d9d17379@group-BCB82A5C07F5: change Leader from null to 0b10a9fc-47eb-4a2b-b664-8273d9d17379 at term 1 for becomeLeader, leader elected after 119ms
2019-10-18 07:23:48,396 [0b10a9fc-47eb-4a2b-b664-8273d9d17379@group-BCB82A5C07F5-LeaderElection950] INFO  server.RaftServerConfigKeys (ConfUtils.java:logGet(43)) - raft.server.staging.catchup.gap = 1000 (default)
2019-10-18 07:23:48,396 [0b10a9fc-47eb-4a2b-b664-8273d9d17379@group-BCB82A5C07F5-LeaderElection950] INFO  server.RaftServerConfigKeys (ConfUtils.java:logGet(43)) - raft.server.rpc.sleep.time = 25ms (default)
2019-10-18 07:23:48,396 [0b10a9fc-47eb-4a2b-b664-8273d9d17379@group-BCB82A5C07F5-LeaderElection950] INFO  server.RaftServerConfigKeys (ConfUtils.java:logGet(43)) - raft.server.write.element-limit = 4096 (default)
2019-10-18 07:23:48,396 [0b10a9fc-47eb-4a2b-b664-8273d9d17379@group-BCB82A5C07F5-LeaderElection950] INFO  server.RaftServerConfigKeys (ConfUtils.java:logGet(43)) - raft.server.watch.timeout = 10s (default)
2019-10-18 07:23:48,396 [0b10a9fc-47eb-4a2b-b664-8273d9d17379@group-BCB82A5C07F5-LeaderElection950] INFO  server.RaftServerConfigKeys (ConfUtils.java:logGet(43)) - raft.server.watch.timeout.denomination = 1s (default)
2019-10-18 07:23:48,396 [0b10a9fc-47eb-4a2b-b664-8273d9d17379@group-BCB82A5C07F5-LeaderElection950] INFO  server.RaftServerConfigKeys (ConfUtils.java:logGet(43)) - raft.server.watch.element-limit = 65536 (default)
2019-10-18 07:23:48,397 [pool-590-thread-1] INFO  ratis.ContainerStateMachine (ContainerStateMachine.java:loadSnapshot(231)) - group-5ACBDA0E7FE7: The snapshot info is null. Setting the last applied indexto:(t:0, i:~)
2019-10-18 07:23:48,397 [pool-590-thread-1] INFO  server.RaftServerConfigKeys (ConfUtils.java:logGet(43)) - raft.server.notification.no-leader.timeout = 120s (custom)
2019-10-18 07:23:48,397 [pool-590-thread-1] INFO  server.RaftServerConfigKeys (ConfUtils.java:logGet(43)) - raft.server.log.use.memory = false (default)
2019-10-18 07:23:48,397 [pool-590-thread-1] INFO  server.RaftServerConfigKeys (ConfUtils.java:logGet(43)) - raft.server.log.purge.gap = 1000000 (custom)
2019-10-18 07:23:48,397 [pool-590-thread-1] INFO  server.RaftServerConfigKeys (ConfUtils.java:logGet(43)) - raft.server.log.appender.buffer.byte-limit = 33554432 (custom)
2019-10-18 07:23:48,397 [pool-590-thread-1] INFO  server.RaftServerConfigKeys (ConfUtils.java:logGet(43)) - raft.server.log.segment.size.max = 1048576 (custom)
2019-10-18 07:23:48,397 [pool-590-thread-1] INFO  server.RaftServerConfigKeys (ConfUtils.java:logGet(43)) - raft.server.log.segment.cache.num.max = 2 (custom)
2019-10-18 07:23:48,398 [pool-590-thread-1] INFO  segmented.SegmentedRaftLogWorker (SegmentedRaftLogWorker.java:<init>(173)) - new 716dc1a1-4b82-41d5-9ffe-93d5e40efbd9@group-5ACBDA0E7FE7-SegmentedRaftLogWorker for RaftStorage:Storage Directory /workdir/hadoop-ozone/integration-test/target/test-dir/MiniOzoneClusterImpl-f216ddbe-e8b4-4355-85c5-09cf054ba290/datanode-8/data/ratis/067d05f3-6df0-4bb5-98f0-5acbda0e7fe7
2019-10-18 07:23:48,398 [pool-590-thread-1] INFO  server.RaftServerConfigKeys (ConfUtils.java:logGet(43)) - raft.server.log.queue.byte-limit = 2147483647 (custom)
2019-10-18 07:23:48,398 [0b10a9fc-47eb-4a2b-b664-8273d9d17379@group-BCB82A5C07F5-LeaderElection950] INFO  server.RaftServerConfigKeys (ConfUtils.java:logGet(43)) - raft.server.log.appender.snapshot.chunk.size.max = 16MB (=16777216) (default)
2019-10-18 07:23:48,398 [pool-590-thread-1] INFO  server.RaftServerConfigKeys (ConfUtils.java:logGet(43)) - raft.server.log.queue.element-limit = 1024 (custom)
2019-10-18 07:23:48,398 [0b10a9fc-47eb-4a2b-b664-8273d9d17379@group-BCB82A5C07F5-LeaderElection950] INFO  server.RaftServerConfigKeys (ConfUtils.java:logGet(43)) - raft.server.log.appender.buffer.byte-limit = 33554432 (custom)
2019-10-18 07:23:48,398 [pool-590-thread-1] INFO  server.RaftServerConfigKeys (ConfUtils.java:logGet(43)) - raft.server.log.segment.size.max = 1048576 (custom)
2019-10-18 07:23:48,398 [0b10a9fc-47eb-4a2b-b664-8273d9d17379@group-BCB82A5C07F5-LeaderElection950] INFO  server.RaftServerConfigKeys (ConfUtils.java:logGet(43)) - raft.server.log.appender.buffer.element-limit = 1 (custom)
2019-10-18 07:23:48,398 [pool-590-thread-1] INFO  server.RaftServerConfigKeys (ConfUtils.java:logGet(43)) - raft.server.log.preallocated.size = 16384 (custom)
2019-10-18 07:23:48,398 [0b10a9fc-47eb-4a2b-b664-8273d9d17379@group-BCB82A5C07F5-LeaderElection950] INFO  grpc.GrpcConfigKeys$Server (ConfUtils.java:logGet(43)) - raft.grpc.server.leader.outstanding.appends.max = 128 (default)
2019-10-18 07:23:48,398 [pool-590-thread-1] INFO  server.RaftServerConfigKeys (ConfUtils.java:logGet(43)) - raft.server.log.write.buffer.size = 33554432 (custom)
2019-10-18 07:23:48,398 [0b10a9fc-47eb-4a2b-b664-8273d9d17379@group-BCB82A5C07F5-LeaderElection950] INFO  server.RaftServerConfigKeys (ConfUtils.java:logGet(43)) - raft.server.rpc.request.timeout = 3000ms (default)
2019-10-18 07:23:48,398 [pool-590-thread-1] INFO  server.RaftServerConfigKeys (ConfUtils.java:logGet(43)) - raft.server.log.force.sync.num = 128 (default)
2019-10-18 07:23:48,398 [0b10a9fc-47eb-4a2b-b664-8273d9d17379@group-BCB82A5C07F5-LeaderElection950] INFO  server.RaftServerConfigKeys (ConfUtils.java:logGet(43)) - raft.server.log.appender.install.snapshot.enabled = false (custom)
2019-10-18 07:23:48,399 [pool-590-thread-1] INFO  server.RaftServerConfigKeys (ConfUtils.java:logGet(43)) - raft.server.log.statemachine.data.sync = true (default)
2019-10-18 07:23:48,399 [pool-590-thread-1] INFO  server.RaftServerConfigKeys (ConfUtils.java:logGet(43)) - raft.server.log.statemachine.data.sync.timeout = 10s (default)
2019-10-18 07:23:48,399 [pool-590-thread-1] INFO  server.RaftServerConfigKeys (ConfUtils.java:logGet(43)) - raft.server.log.statemachine.data.sync.timeout.retry = -1 (default)
2019-10-18 07:23:48,399 [pool-590-thread-1] INFO  server.RaftServerConfigKeys (ConfUtils.java:logGet(43)) - raft.server.log.statemachine.data.caching.enabled = true (custom)
2019-10-18 07:23:48,399 [pool-590-thread-1] INFO  segmented.SegmentedRaftLogWorker (SegmentedRaftLogWorker.java:lambda$new$0(128)) - 716dc1a1-4b82-41d5-9ffe-93d5e40efbd9@group-5ACBDA0E7FE7-SegmentedRaftLogWorker: flushIndex: setUnconditionally 0 -> -1
2019-10-18 07:23:48,399 [pool-590-thread-1] INFO  server.RaftServerConfigKeys (ConfUtils.java:logGet(43)) - raft.server.snapshot.auto.trigger.enabled = true (custom)
2019-10-18 07:23:48,399 [pool-590-thread-1] INFO  server.RaftServerConfigKeys (ConfUtils.java:logGet(43)) - raft.server.snapshot.auto.trigger.threshold = 10000 (custom)
2019-10-18 07:23:48,399 [pool-590-thread-1] INFO  server.RaftServerConfigKeys (ConfUtils.java:logGet(43)) - raft.server.snapshot.retention.file.num = 5 (custom)
2019-10-18 07:23:48,400 [pool-590-thread-1] INFO  server.RaftServerConfigKeys (ConfUtils.java:logGet(43)) - raft.server.retrycache.expirytime = 600000ms (custom)
2019-10-18 07:23:48,400 [0b10a9fc-47eb-4a2b-b664-8273d9d17379@group-BCB82A5C07F5-LeaderElection950] INFO  server.RaftServerConfigKeys (ConfUtils.java:logGet(43)) - raft.server.log.appender.snapshot.chunk.size.max = 16MB (=16777216) (default)
2019-10-18 07:23:48,400 [0b10a9fc-47eb-4a2b-b664-8273d9d17379@group-BCB82A5C07F5-LeaderElection950] INFO  server.RaftServerConfigKeys (ConfUtils.java:logGet(43)) - raft.server.log.appender.buffer.byte-limit = 33554432 (custom)
2019-10-18 07:23:48,400 [0b10a9fc-47eb-4a2b-b664-8273d9d17379@group-BCB82A5C07F5-LeaderElection950] INFO  server.RaftServerConfigKeys (ConfUtils.java:logGet(43)) - raft.server.log.appender.buffer.element-limit = 1 (custom)
2019-10-18 07:23:48,400 [0b10a9fc-47eb-4a2b-b664-8273d9d17379@group-BCB82A5C07F5-LeaderElection950] INFO  grpc.GrpcConfigKeys$Server (ConfUtils.java:logGet(43)) - raft.grpc.server.leader.outstanding.appends.max = 128 (default)
2019-10-18 07:23:48,400 [0b10a9fc-47eb-4a2b-b664-8273d9d17379@group-BCB82A5C07F5-LeaderElection950] INFO  server.RaftServerConfigKeys (ConfUtils.java:logGet(43)) - raft.server.rpc.request.timeout = 3000ms (default)
2019-10-18 07:23:48,400 [0b10a9fc-47eb-4a2b-b664-8273d9d17379@group-BCB82A5C07F5-LeaderElection950] INFO  server.RaftServerConfigKeys (ConfUtils.java:logGet(43)) - raft.server.log.appender.install.snapshot.enabled = false (custom)
2019-10-18 07:23:48,401 [pool-590-thread-1] INFO  impl.RaftServerImpl (RaftServerImpl.java:start(195)) - 716dc1a1-4b82-41d5-9ffe-93d5e40efbd9@group-5ACBDA0E7FE7: start as a follower, conf=-1: [716dc1a1-4b82-41d5-9ffe-93d5e40efbd9:192.168.34.25:46068], old=null
2019-10-18 07:23:48,401 [pool-590-thread-1] INFO  impl.RaftServerImpl (RaftServerImpl.java:setRole(184)) - 716dc1a1-4b82-41d5-9ffe-93d5e40efbd9@group-5ACBDA0E7FE7: changes role from      null to FOLLOWER at term 0 for startAsFollower
2019-10-18 07:23:48,401 [pool-590-thread-1] INFO  impl.RoleInfo (RoleInfo.java:updateAndGet(143)) - 716dc1a1-4b82-41d5-9ffe-93d5e40efbd9: start FollowerState
2019-10-18 07:23:48,401 [pool-590-thread-1] INFO  util.JmxRegister (JmxRegister.java:tryRegister(44)) - Successfully registered JMX Bean with object name Ratis:service=RaftServer,group=group-5ACBDA0E7FE7,id=716dc1a1-4b82-41d5-9ffe-93d5e40efbd9
2019-10-18 07:23:48,401 [0b10a9fc-47eb-4a2b-b664-8273d9d17379@group-BCB82A5C07F5-LeaderElection950] INFO  impl.RoleInfo (RoleInfo.java:updateAndGet(143)) - 0b10a9fc-47eb-4a2b-b664-8273d9d17379: start LeaderState
2019-10-18 07:23:48,402 [0b10a9fc-47eb-4a2b-b664-8273d9d17379@group-BCB82A5C07F5-LeaderElection950] INFO  segmented.SegmentedRaftLogWorker (SegmentedRaftLogWorker.java:startLogSegment(385)) - 0b10a9fc-47eb-4a2b-b664-8273d9d17379@group-BCB82A5C07F5-SegmentedRaftLogWorker: Starting segment from index:0
2019-10-18 07:23:48,402 [0b10a9fc-47eb-4a2b-b664-8273d9d17379@group-BCB82A5C07F5-LeaderElection950] INFO  impl.RaftServerImpl (ServerState.java:setRaftConf(357)) - 0b10a9fc-47eb-4a2b-b664-8273d9d17379@group-BCB82A5C07F5: set configuration 0: [12ad0800-05cb-443c-9fdd-fa1debf04523:192.168.34.25:41155, 5170c5f3-8499-4b42-9321-85fc8a351f79:192.168.34.25:43074, 0b10a9fc-47eb-4a2b-b664-8273d9d17379:192.168.34.25:45248], old=null at 0
2019-10-18 07:23:48,403 [grpc-default-executor-4] INFO  impl.RaftServerImpl (ServerState.java:setLeader(256)) - 5170c5f3-8499-4b42-9321-85fc8a351f79@group-BCB82A5C07F5: change Leader from null to 0b10a9fc-47eb-4a2b-b664-8273d9d17379 at term 1 for appendEntries, leader elected after 127ms
2019-10-18 07:23:48,405 [RatisPipelineUtilsThread] INFO  pipeline.PipelineStateManager (PipelineStateManager.java:addPipeline(56)) - Created pipeline Pipeline[ Id: 067d05f3-6df0-4bb5-98f0-5acbda0e7fe7, Nodes: 716dc1a1-4b82-41d5-9ffe-93d5e40efbd9{ip: 192.168.34.25, host: pr-hdds-2318-jnjn8-2612408985, networkLocation: /rack1, certSerialId: null}, Type:RATIS, Factor:ONE, State:OPEN]
2019-10-18 07:23:48,405 [grpc-default-executor-4] INFO  impl.RaftServerImpl (ServerState.java:setRaftConf(357)) - 5170c5f3-8499-4b42-9321-85fc8a351f79@group-BCB82A5C07F5: set configuration 0: [12ad0800-05cb-443c-9fdd-fa1debf04523:192.168.34.25:41155, 5170c5f3-8499-4b42-9321-85fc8a351f79:192.168.34.25:43074, 0b10a9fc-47eb-4a2b-b664-8273d9d17379:192.168.34.25:45248], old=null at 0
2019-10-18 07:23:48,405 [grpc-default-executor-4] INFO  segmented.SegmentedRaftLogWorker (SegmentedRaftLogWorker.java:startLogSegment(385)) - 5170c5f3-8499-4b42-9321-85fc8a351f79@group-BCB82A5C07F5-SegmentedRaftLogWorker: Starting segment from index:0
2019-10-18 07:23:48,418 [4dea926d-4bc6-487a-9b9b-9fd457d0fae4@group-0C9C3B2D0CC1-LeaderElection952] INFO  impl.LeaderElection (LeaderElection.java:askForVotes(178)) - 4dea926d-4bc6-487a-9b9b-9fd457d0fae4@group-0C9C3B2D0CC1-LeaderElection952: begin an election at term 3 for -1: [6633f50a-7046-4b08-9937-8e25f1b14b15:192.168.34.25:39338, 67270882-100a-4e75-928d-618d17e069c8:192.168.34.25:36648, 4dea926d-4bc6-487a-9b9b-9fd457d0fae4:192.168.34.25:41624], old=null
2019-10-18 07:23:48,419 [12ad0800-05cb-443c-9fdd-fa1debf04523@group-BCB82A5C07F5-LeaderElection951] INFO  impl.LeaderElection (LeaderElection.java:askForVotes(178)) - 12ad0800-05cb-443c-9fdd-fa1debf04523@group-BCB82A5C07F5-LeaderElection951: begin an election at term 2 for -1: [12ad0800-05cb-443c-9fdd-fa1debf04523:192.168.34.25:41155, 5170c5f3-8499-4b42-9321-85fc8a351f79:192.168.34.25:43074, 0b10a9fc-47eb-4a2b-b664-8273d9d17379:192.168.34.25:45248], old=null
2019-10-18 07:23:48,419 [grpc-default-executor-4] INFO  impl.RaftServerImpl (RaftServerImpl.java:setRole(184)) - 6633f50a-7046-4b08-9937-8e25f1b14b15@group-0C9C3B2D0CC1: changes role from  FOLLOWER to FOLLOWER at term 3 for recognizeCandidate:4dea926d-4bc6-487a-9b9b-9fd457d0fae4
2019-10-18 07:23:48,420 [grpc-default-executor-4] INFO  impl.RoleInfo (RoleInfo.java:shutdownFollowerState(121)) - 6633f50a-7046-4b08-9937-8e25f1b14b15: shutdown FollowerState
2019-10-18 07:23:48,420 [grpc-default-executor-4] INFO  impl.RoleInfo (RoleInfo.java:updateAndGet(143)) - 6633f50a-7046-4b08-9937-8e25f1b14b15: start FollowerState
2019-10-18 07:23:48,420 [Thread-8739] INFO  impl.FollowerState (FollowerState.java:run(117)) - 6633f50a-7046-4b08-9937-8e25f1b14b15@group-0C9C3B2D0CC1-FollowerState was interrupted: java.lang.InterruptedException: sleep interrupted
2019-10-18 07:23:48,420 [Thread-8775] INFO  impl.RaftServerImpl (ServerState.java:setLeader(256)) - 0b10a9fc-47eb-4a2b-b664-8273d9d17379@group-BCB82A5C07F5: change Leader from 0b10a9fc-47eb-4a2b-b664-8273d9d17379 to null at term 2 for updateCurrentTerm
2019-10-18 07:23:48,420 [grpc-default-executor-11] INFO  impl.RaftServerImpl (RaftServerImpl.java:setRole(184)) - 67270882-100a-4e75-928d-618d17e069c8@group-0C9C3B2D0CC1: changes role from  FOLLOWER to FOLLOWER at term 3 for recognizeCandidate:4dea926d-4bc6-487a-9b9b-9fd457d0fae4
2019-10-18 07:23:48,420 [Thread-8775] INFO  impl.RaftServerImpl (RaftServerImpl.java:setRole(184)) - 0b10a9fc-47eb-4a2b-b664-8273d9d17379@group-BCB82A5C07F5: changes role from    LEADER to FOLLOWER at term 2 for stepDown
2019-10-18 07:23:48,420 [grpc-default-executor-11] INFO  impl.RoleInfo (RoleInfo.java:shutdownFollowerState(121)) - 67270882-100a-4e75-928d-618d17e069c8: shutdown FollowerState
2019-10-18 07:23:48,420 [Thread-8775] INFO  impl.RoleInfo (RoleInfo.java:shutdownLeaderState(104)) - 0b10a9fc-47eb-4a2b-b664-8273d9d17379: shutdown LeaderState
2019-10-18 07:23:48,421 [Thread-8741] INFO  impl.FollowerState (FollowerState.java:run(117)) - 67270882-100a-4e75-928d-618d17e069c8@group-0C9C3B2D0CC1-FollowerState was interrupted: java.lang.InterruptedException: sleep interrupted
2019-10-18 07:23:48,421 [grpc-default-executor-11] INFO  impl.RoleInfo (RoleInfo.java:updateAndGet(143)) - 67270882-100a-4e75-928d-618d17e069c8: start FollowerState
2019-10-18 07:23:48,439 [org.apache.ratis.server.impl.LogAppender$AppenderDaemon$$Lambda$418/427451389@22c35925] WARN  server.GrpcLogAppender (GrpcLogAppender.java:mayWait(149)) - 0b10a9fc-47eb-4a2b-b664-8273d9d17379@group-BCB82A5C07F5->12ad0800-05cb-443c-9fdd-fa1debf04523-GrpcLogAppender: Wait interrupted by java.lang.InterruptedException
2019-10-18 07:23:48,439 [Thread-8775] INFO  impl.PendingRequests (PendingRequests.java:sendNotLeaderResponses(202)) - 0b10a9fc-47eb-4a2b-b664-8273d9d17379@group-BCB82A5C07F5-PendingRequests: sendNotLeaderResponses
2019-10-18 07:23:48,439 [org.apache.ratis.server.impl.LogAppender$AppenderDaemon$$Lambda$418/427451389@132b5faa] WARN  server.GrpcLogAppender (GrpcLogAppender.java:mayWait(149)) - 0b10a9fc-47eb-4a2b-b664-8273d9d17379@group-BCB82A5C07F5->5170c5f3-8499-4b42-9321-85fc8a351f79-GrpcLogAppender: Wait interrupted by java.lang.InterruptedException
2019-10-18 07:23:48,439 [Thread-8775] INFO  impl.RoleInfo (RoleInfo.java:updateAndGet(143)) - 0b10a9fc-47eb-4a2b-b664-8273d9d17379: start FollowerState
2019-10-18 07:23:48,439 [grpc-default-executor-14] INFO  server.GrpcServerProtocolService (GrpcServerProtocolService.java:onCompleted(113)) - 12ad0800-05cb-443c-9fdd-fa1debf04523: Completed APPEND_ENTRIES, lastRequest: 0b10a9fc-47eb-4a2b-b664-8273d9d17379->12ad0800-05cb-443c-9fdd-fa1debf04523#0-t1, previous=(t:0, i:0), leaderCommit=-1, initializing? false, entries: <empty>
2019-10-18 07:23:48,440 [grpc-default-executor-16] INFO  server.GrpcServerProtocolService (GrpcServerProtocolService.java:onCompleted(113)) - 5170c5f3-8499-4b42-9321-85fc8a351f79: Completed APPEND_ENTRIES, lastRequest: 0b10a9fc-47eb-4a2b-b664-8273d9d17379->5170c5f3-8499-4b42-9321-85fc8a351f79#1-t1, previous=(t:0, i:0), leaderCommit=-1, initializing? false, entries: size=1, first=(t:1, i:0), CONFIGURATIONENTRY
2019-10-18 07:23:48,440 [grpc-default-executor-14] INFO  server.GrpcLogAppender (GrpcLogAppender.java:onCompleted(308)) - 0b10a9fc-47eb-4a2b-b664-8273d9d17379@group-BCB82A5C07F5->12ad0800-05cb-443c-9fdd-fa1debf04523-AppendLogResponseHandler: follower responses appendEntries COMPLETED
2019-10-18 07:23:48,440 [grpc-default-executor-16] INFO  server.GrpcLogAppender (GrpcLogAppender.java:onCompleted(308)) - 0b10a9fc-47eb-4a2b-b664-8273d9d17379@group-BCB82A5C07F5->5170c5f3-8499-4b42-9321-85fc8a351f79-AppendLogResponseHandler: follower responses appendEntries COMPLETED
2019-10-18 07:23:48,440 [12ad0800-05cb-443c-9fdd-fa1debf04523@group-BCB82A5C07F5-LeaderElection953] INFO  impl.LeaderElection (LeaderElection.java:askForVotes(178)) - 12ad0800-05cb-443c-9fdd-fa1debf04523@group-BCB82A5C07F5-LeaderElection953: begin an election at term 3 for -1: [12ad0800-05cb-443c-9fdd-fa1debf04523:192.168.34.25:41155, 5170c5f3-8499-4b42-9321-85fc8a351f79:192.168.34.25:43074, 0b10a9fc-47eb-4a2b-b664-8273d9d17379:192.168.34.25:45248], old=null
2019-10-18 07:23:48,441 [grpc-default-executor-14] INFO  impl.FollowerInfo (FollowerInfo.java:lambda$new$0(51)) - 0b10a9fc-47eb-4a2b-b664-8273d9d17379@group-BCB82A5C07F5->12ad0800-05cb-443c-9fdd-fa1debf04523: nextIndex: updateUnconditionally 0 -> 0
2019-10-18 07:23:48,441 [12ad0800-05cb-443c-9fdd-fa1debf04523@group-BCB82A5C07F5-LeaderElection951] INFO  impl.LeaderElection (LeaderElection.java:logAndReturn(56)) - 12ad0800-05cb-443c-9fdd-fa1debf04523@group-BCB82A5C07F5-LeaderElection951: Election REJECTED; received 0 response(s) [] and 0 exception(s); 12ad0800-05cb-443c-9fdd-fa1debf04523@group-BCB82A5C07F5:t3, leader=null, voted=12ad0800-05cb-443c-9fdd-fa1debf04523, raftlog=12ad0800-05cb-443c-9fdd-fa1debf04523@group-BCB82A5C07F5-SegmentedRaftLog:OPENED:c-1,f-1,i0, conf=-1: [12ad0800-05cb-443c-9fdd-fa1debf04523:192.168.34.25:41155, 5170c5f3-8499-4b42-9321-85fc8a351f79:192.168.34.25:43074, 0b10a9fc-47eb-4a2b-b664-8273d9d17379:192.168.34.25:45248], old=null
2019-10-18 07:23:48,441 [grpc-default-executor-16] INFO  impl.FollowerInfo (FollowerInfo.java:lambda$new$0(51)) - 0b10a9fc-47eb-4a2b-b664-8273d9d17379@group-BCB82A5C07F5->5170c5f3-8499-4b42-9321-85fc8a351f79: nextIndex: updateUnconditionally 1 -> 0
2019-10-18 07:23:48,443 [grpc-default-executor-16] INFO  impl.RaftServerImpl (ServerState.java:setLeader(256)) - 5170c5f3-8499-4b42-9321-85fc8a351f79@group-BCB82A5C07F5: change Leader from 0b10a9fc-47eb-4a2b-b664-8273d9d17379 to null at term 2 for updateCurrentTerm
2019-10-18 07:23:48,443 [grpc-default-executor-16] INFO  impl.RaftServerImpl (RaftServerImpl.java:setRole(184)) - 5170c5f3-8499-4b42-9321-85fc8a351f79@group-BCB82A5C07F5: changes role from  FOLLOWER to FOLLOWER at term 2 for recognizeCandidate:12ad0800-05cb-443c-9fdd-fa1debf04523
2019-10-18 07:23:48,444 [grpc-default-executor-16] INFO  impl.RoleInfo (RoleInfo.java:shutdownFollowerState(121)) - 5170c5f3-8499-4b42-9321-85fc8a351f79: shutdown FollowerState
2019-10-18 07:23:48,444 [grpc-default-executor-16] INFO  impl.RoleInfo (RoleInfo.java:updateAndGet(143)) - 5170c5f3-8499-4b42-9321-85fc8a351f79: start FollowerState
2019-10-18 07:23:48,444 [Thread-8770] INFO  impl.FollowerState (FollowerState.java:run(117)) - 5170c5f3-8499-4b42-9321-85fc8a351f79@group-BCB82A5C07F5-FollowerState was interrupted: java.lang.InterruptedException: sleep interrupted
2019-10-18 07:23:48,455 [0b10a9fc-47eb-4a2b-b664-8273d9d17379@group-BCB82A5C07F5-SegmentedRaftLogWorker] INFO  segmented.SegmentedRaftLogWorker (SegmentedRaftLogWorker.java:execute(576)) - 0b10a9fc-47eb-4a2b-b664-8273d9d17379@group-BCB82A5C07F5-SegmentedRaftLogWorker: created new log segment /workdir/hadoop-ozone/integration-test/target/test-dir/MiniOzoneClusterImpl-f216ddbe-e8b4-4355-85c5-09cf054ba290/datanode-9/data/ratis/5f98e8ba-3b14-4fb8-9baf-bcb82a5c07f5/current/log_inprogress_0
2019-10-18 07:23:48,455 [5170c5f3-8499-4b42-9321-85fc8a351f79@group-BCB82A5C07F5-SegmentedRaftLogWorker] INFO  segmented.SegmentedRaftLogWorker (SegmentedRaftLogWorker.java:execute(576)) - 5170c5f3-8499-4b42-9321-85fc8a351f79@group-BCB82A5C07F5-SegmentedRaftLogWorker: created new log segment /workdir/hadoop-ozone/integration-test/target/test-dir/MiniOzoneClusterImpl-f216ddbe-e8b4-4355-85c5-09cf054ba290/datanode-4/data/ratis/5f98e8ba-3b14-4fb8-9baf-bcb82a5c07f5/current/log_inprogress_0
2019-10-18 07:23:48,455 [grpc-default-executor-17] INFO  impl.RaftServerImpl (RaftServerImpl.java:setRole(184)) - 5170c5f3-8499-4b42-9321-85fc8a351f79@group-BCB82A5C07F5: changes role from  FOLLOWER to FOLLOWER at term 3 for recognizeCandidate:12ad0800-05cb-443c-9fdd-fa1debf04523
2019-10-18 07:23:48,458 [grpc-default-executor-17] INFO  impl.RoleInfo (RoleInfo.java:shutdownFollowerState(121)) - 5170c5f3-8499-4b42-9321-85fc8a351f79: shutdown FollowerState
2019-10-18 07:23:48,458 [grpc-default-executor-4] INFO  impl.RaftServerImpl (RaftServerImpl.java:setRole(184)) - 0b10a9fc-47eb-4a2b-b664-8273d9d17379@group-BCB82A5C07F5: changes role from  FOLLOWER to FOLLOWER at term 3 for recognizeCandidate:12ad0800-05cb-443c-9fdd-fa1debf04523
2019-10-18 07:23:48,458 [4dea926d-4bc6-487a-9b9b-9fd457d0fae4@group-0C9C3B2D0CC1-LeaderElection952] INFO  impl.LeaderElection (LeaderElection.java:logAndReturn(56)) - 4dea926d-4bc6-487a-9b9b-9fd457d0fae4@group-0C9C3B2D0CC1-LeaderElection952: Election REJECTED; received 2 response(s) [4dea926d-4bc6-487a-9b9b-9fd457d0fae4<-6633f50a-7046-4b08-9937-8e25f1b14b15#0:FAIL-t3, 4dea926d-4bc6-487a-9b9b-9fd457d0fae4<-67270882-100a-4e75-928d-618d17e069c8#0:FAIL-t3] and 0 exception(s); 4dea926d-4bc6-487a-9b9b-9fd457d0fae4@group-0C9C3B2D0CC1:t3, leader=null, voted=4dea926d-4bc6-487a-9b9b-9fd457d0fae4, raftlog=4dea926d-4bc6-487a-9b9b-9fd457d0fae4@group-0C9C3B2D0CC1-SegmentedRaftLog:OPENED:c-1,f-1,i0, conf=-1: [6633f50a-7046-4b08-9937-8e25f1b14b15:192.168.34.25:39338, 67270882-100a-4e75-928d-618d17e069c8:192.168.34.25:36648, 4dea926d-4bc6-487a-9b9b-9fd457d0fae4:192.168.34.25:41624], old=null
2019-10-18 07:23:48,458 [Thread-8793] INFO  impl.FollowerState (FollowerState.java:run(117)) - 5170c5f3-8499-4b42-9321-85fc8a351f79@group-BCB82A5C07F5-FollowerState was interrupted: java.lang.InterruptedException: sleep interrupted
2019-10-18 07:23:48,458 [grpc-default-executor-17] INFO  impl.RoleInfo (RoleInfo.java:updateAndGet(143)) - 5170c5f3-8499-4b42-9321-85fc8a351f79: start FollowerState
2019-10-18 07:23:48,459 [4dea926d-4bc6-487a-9b9b-9fd457d0fae4@group-0C9C3B2D0CC1-LeaderElection952] INFO  impl.RaftServerImpl (RaftServerImpl.java:setRole(184)) - 4dea926d-4bc6-487a-9b9b-9fd457d0fae4@group-0C9C3B2D0CC1: changes role from CANDIDATE to FOLLOWER at term 3 for DISCOVERED_A_NEW_TERM
2019-10-18 07:23:48,459 [4dea926d-4bc6-487a-9b9b-9fd457d0fae4@group-0C9C3B2D0CC1-LeaderElection952] INFO  impl.RoleInfo (RoleInfo.java:shutdownLeaderElection(134)) - 4dea926d-4bc6-487a-9b9b-9fd457d0fae4: shutdown LeaderElection
2019-10-18 07:23:48,458 [grpc-default-executor-4] INFO  impl.RoleInfo (RoleInfo.java:shutdownFollowerState(121)) - 0b10a9fc-47eb-4a2b-b664-8273d9d17379: shutdown FollowerState
2019-10-18 07:23:48,459 [4dea926d-4bc6-487a-9b9b-9fd457d0fae4@group-0C9C3B2D0CC1-LeaderElection952] INFO  impl.RoleInfo (RoleInfo.java:updateAndGet(143)) - 4dea926d-4bc6-487a-9b9b-9fd457d0fae4: start FollowerState
2019-10-18 07:23:48,459 [grpc-default-executor-4] INFO  impl.RoleInfo (RoleInfo.java:updateAndGet(143)) - 0b10a9fc-47eb-4a2b-b664-8273d9d17379: start FollowerState
2019-10-18 07:23:48,459 [Thread-8788] INFO  impl.FollowerState (FollowerState.java:run(117)) - 0b10a9fc-47eb-4a2b-b664-8273d9d17379@group-BCB82A5C07F5-FollowerState was interrupted: java.lang.InterruptedException: sleep interrupted
2019-10-18 07:23:48,479 [12ad0800-05cb-443c-9fdd-fa1debf04523@group-BCB82A5C07F5-LeaderElection953] INFO  impl.LeaderElection (LeaderElection.java:logAndReturn(56)) - 12ad0800-05cb-443c-9fdd-fa1debf04523@group-BCB82A5C07F5-LeaderElection953: Election REJECTED; received 2 response(s) [12ad0800-05cb-443c-9fdd-fa1debf04523<-5170c5f3-8499-4b42-9321-85fc8a351f79#0:FAIL-t3, 12ad0800-05cb-443c-9fdd-fa1debf04523<-0b10a9fc-47eb-4a2b-b664-8273d9d17379#0:FAIL-t3] and 0 exception(s); 12ad0800-05cb-443c-9fdd-fa1debf04523@group-BCB82A5C07F5:t3, leader=null, voted=12ad0800-05cb-443c-9fdd-fa1debf04523, raftlog=12ad0800-05cb-443c-9fdd-fa1debf04523@group-BCB82A5C07F5-SegmentedRaftLog:OPENED:c-1,f-1,i0, conf=-1: [12ad0800-05cb-443c-9fdd-fa1debf04523:192.168.34.25:41155, 5170c5f3-8499-4b42-9321-85fc8a351f79:192.168.34.25:43074, 0b10a9fc-47eb-4a2b-b664-8273d9d17379:192.168.34.25:45248], old=null
2019-10-18 07:23:48,479 [12ad0800-05cb-443c-9fdd-fa1debf04523@group-BCB82A5C07F5-LeaderElection953] INFO  impl.RaftServerImpl (RaftServerImpl.java:setRole(184)) - 12ad0800-05cb-443c-9fdd-fa1debf04523@group-BCB82A5C07F5: changes role from CANDIDATE to FOLLOWER at term 3 for DISCOVERED_A_NEW_TERM
2019-10-18 07:23:48,480 [12ad0800-05cb-443c-9fdd-fa1debf04523@group-BCB82A5C07F5-LeaderElection953] INFO  impl.RoleInfo (RoleInfo.java:shutdownLeaderElection(134)) - 12ad0800-05cb-443c-9fdd-fa1debf04523: shutdown LeaderElection
2019-10-18 07:23:48,480 [12ad0800-05cb-443c-9fdd-fa1debf04523@group-BCB82A5C07F5-LeaderElection953] INFO  impl.RoleInfo (RoleInfo.java:updateAndGet(143)) - 12ad0800-05cb-443c-9fdd-fa1debf04523: start FollowerState
2019-10-18 07:23:48,523 [Thread-8766] INFO  impl.FollowerState (FollowerState.java:run(108)) - 0b10a9fc-47eb-4a2b-b664-8273d9d17379@group-FC0554F828C2-FollowerState: change to CANDIDATE, lastRpcTime:176ms, electionTimeout:176ms
2019-10-18 07:23:48,523 [Thread-8766] INFO  impl.RoleInfo (RoleInfo.java:shutdownFollowerState(121)) - 0b10a9fc-47eb-4a2b-b664-8273d9d17379: shutdown FollowerState
2019-10-18 07:23:48,523 [Thread-8766] INFO  impl.RaftServerImpl (RaftServerImpl.java:setRole(184)) - 0b10a9fc-47eb-4a2b-b664-8273d9d17379@group-FC0554F828C2: changes role from  FOLLOWER to CANDIDATE at term 0 for changeToCandidate
2019-10-18 07:23:48,523 [Thread-8766] INFO  impl.RoleInfo (RoleInfo.java:updateAndGet(143)) - 0b10a9fc-47eb-4a2b-b664-8273d9d17379: start LeaderElection
2019-10-18 07:23:48,526 [Thread-8795] INFO  impl.FollowerState (FollowerState.java:run(108)) - 4dea926d-4bc6-487a-9b9b-9fd457d0fae4@group-0C9C3B2D0CC1-FollowerState: change to CANDIDATE, lastRpcTime:67ms, electionTimeout:66ms
2019-10-18 07:23:48,526 [Thread-8795] INFO  impl.RoleInfo (RoleInfo.java:shutdownFollowerState(121)) - 4dea926d-4bc6-487a-9b9b-9fd457d0fae4: shutdown FollowerState
2019-10-18 07:23:48,526 [Thread-8795] INFO  impl.RaftServerImpl (RaftServerImpl.java:setRole(184)) - 4dea926d-4bc6-487a-9b9b-9fd457d0fae4@group-0C9C3B2D0CC1: changes role from  FOLLOWER to CANDIDATE at term 3 for changeToCandidate
2019-10-18 07:23:48,526 [Thread-8795] INFO  impl.RoleInfo (RoleInfo.java:updateAndGet(143)) - 4dea926d-4bc6-487a-9b9b-9fd457d0fae4: start LeaderElection
2019-10-18 07:23:48,542 [Thread-8798] INFO  impl.FollowerState (FollowerState.java:run(108)) - 12ad0800-05cb-443c-9fdd-fa1debf04523@group-BCB82A5C07F5-FollowerState: change to CANDIDATE, lastRpcTime:62ms, electionTimeout:62ms
2019-10-18 07:23:48,542 [0b10a9fc-47eb-4a2b-b664-8273d9d17379@group-FC0554F828C2-LeaderElection954] INFO  impl.LeaderElection (LeaderElection.java:askForVotes(178)) - 0b10a9fc-47eb-4a2b-b664-8273d9d17379@group-FC0554F828C2-LeaderElection954: begin an election at term 1 for -1: [0b10a9fc-47eb-4a2b-b664-8273d9d17379:192.168.34.25:45248], old=null
2019-10-18 07:23:48,542 [Thread-8798] INFO  impl.RoleInfo (RoleInfo.java:shutdownFollowerState(121)) - 12ad0800-05cb-443c-9fdd-fa1debf04523: shutdown FollowerState
2019-10-18 07:23:48,542 [4dea926d-4bc6-487a-9b9b-9fd457d0fae4@group-0C9C3B2D0CC1-LeaderElection955] INFO  impl.LeaderElection (LeaderElection.java:askForVotes(178)) - 4dea926d-4bc6-487a-9b9b-9fd457d0fae4@group-0C9C3B2D0CC1-LeaderElection955: begin an election at term 4 for -1: [6633f50a-7046-4b08-9937-8e25f1b14b15:192.168.34.25:39338, 67270882-100a-4e75-928d-618d17e069c8:192.168.34.25:36648, 4dea926d-4bc6-487a-9b9b-9fd457d0fae4:192.168.34.25:41624], old=null
2019-10-18 07:23:48,542 [Thread-8798] INFO  impl.RaftServerImpl (RaftServerImpl.java:setRole(184)) - 12ad0800-05cb-443c-9fdd-fa1debf04523@group-BCB82A5C07F5: changes role from  FOLLOWER to CANDIDATE at term 3 for changeToCandidate
2019-10-18 07:23:48,543 [Thread-8798] INFO  impl.RoleInfo (RoleInfo.java:updateAndGet(143)) - 12ad0800-05cb-443c-9fdd-fa1debf04523: start LeaderElection
2019-10-18 07:23:48,542 [0b10a9fc-47eb-4a2b-b664-8273d9d17379@group-FC0554F828C2-LeaderElection954] INFO  impl.RoleInfo (RoleInfo.java:shutdownLeaderElection(134)) - 0b10a9fc-47eb-4a2b-b664-8273d9d17379: shutdown LeaderElection
2019-10-18 07:23:48,543 [0b10a9fc-47eb-4a2b-b664-8273d9d17379@group-FC0554F828C2-LeaderElection954] INFO  impl.RaftServerImpl (RaftServerImpl.java:setRole(184)) - 0b10a9fc-47eb-4a2b-b664-8273d9d17379@group-FC0554F828C2: changes role from CANDIDATE to LEADER at term 1 for changeToLeader
2019-10-18 07:23:48,543 [0b10a9fc-47eb-4a2b-b664-8273d9d17379@group-FC0554F828C2-LeaderElection954] INFO  impl.RaftServerImpl (ServerState.java:setLeader(256)) - 0b10a9fc-47eb-4a2b-b664-8273d9d17379@group-FC0554F828C2: change Leader from null to 0b10a9fc-47eb-4a2b-b664-8273d9d17379 at term 1 for becomeLeader, leader elected after 199ms
2019-10-18 07:23:48,543 [0b10a9fc-47eb-4a2b-b664-8273d9d17379@group-FC0554F828C2-LeaderElection954] INFO  server.RaftServerConfigKeys (ConfUtils.java:logGet(43)) - raft.server.staging.catchup.gap = 1000 (default)
2019-10-18 07:23:48,543 [0b10a9fc-47eb-4a2b-b664-8273d9d17379@group-FC0554F828C2-LeaderElection954] INFO  server.RaftServerConfigKeys (ConfUtils.java:logGet(43)) - raft.server.rpc.sleep.time = 25ms (default)
2019-10-18 07:23:48,543 [grpc-default-executor-4] INFO  impl.RaftServerImpl (RaftServerImpl.java:setRole(184)) - 6633f50a-7046-4b08-9937-8e25f1b14b15@group-0C9C3B2D0CC1: changes role from  FOLLOWER to FOLLOWER at term 4 for recognizeCandidate:4dea926d-4bc6-487a-9b9b-9fd457d0fae4
2019-10-18 07:23:48,544 [grpc-default-executor-4] INFO  impl.RoleInfo (RoleInfo.java:shutdownFollowerState(121)) - 6633f50a-7046-4b08-9937-8e25f1b14b15: shutdown FollowerState
2019-10-18 07:23:48,544 [0b10a9fc-47eb-4a2b-b664-8273d9d17379@group-FC0554F828C2-LeaderElection954] INFO  server.RaftServerConfigKeys (ConfUtils.java:logGet(43)) - raft.server.write.element-limit = 4096 (default)
2019-10-18 07:23:48,544 [Thread-8786] INFO  impl.FollowerState (FollowerState.java:run(117)) - 6633f50a-7046-4b08-9937-8e25f1b14b15@group-0C9C3B2D0CC1-FollowerState was interrupted: java.lang.InterruptedException: sleep interrupted
2019-10-18 07:23:48,544 [grpc-default-executor-4] INFO  impl.RoleInfo (RoleInfo.java:updateAndGet(143)) - 6633f50a-7046-4b08-9937-8e25f1b14b15: start FollowerState
2019-10-18 07:23:48,544 [grpc-default-executor-14] INFO  impl.RaftServerImpl (RaftServerImpl.java:setRole(184)) - 67270882-100a-4e75-928d-618d17e069c8@group-0C9C3B2D0CC1: changes role from  FOLLOWER to FOLLOWER at term 4 for recognizeCandidate:4dea926d-4bc6-487a-9b9b-9fd457d0fae4
2019-10-18 07:23:48,544 [grpc-default-executor-14] INFO  impl.RoleInfo (RoleInfo.java:shutdownFollowerState(121)) - 67270882-100a-4e75-928d-618d17e069c8: shutdown FollowerState
2019-10-18 07:23:48,544 [0b10a9fc-47eb-4a2b-b664-8273d9d17379@group-FC0554F828C2-LeaderElection954] INFO  server.RaftServerConfigKeys (ConfUtils.java:logGet(43)) - raft.server.watch.timeout = 10s (default)
2019-10-18 07:23:48,545 [Thread-8787] INFO  impl.FollowerState (FollowerState.java:run(117)) - 67270882-100a-4e75-928d-618d17e069c8@group-0C9C3B2D0CC1-FollowerState was interrupted: java.lang.InterruptedException: sleep interrupted
2019-10-18 07:23:48,544 [grpc-default-executor-14] INFO  impl.RoleInfo (RoleInfo.java:updateAndGet(143)) - 67270882-100a-4e75-928d-618d17e069c8: start FollowerState
2019-10-18 07:23:48,545 [0b10a9fc-47eb-4a2b-b664-8273d9d17379@group-FC0554F828C2-LeaderElection954] INFO  server.RaftServerConfigKeys (ConfUtils.java:logGet(43)) - raft.server.watch.timeout.denomination = 1s (default)
2019-10-18 07:23:48,545 [0b10a9fc-47eb-4a2b-b664-8273d9d17379@group-FC0554F828C2-LeaderElection954] INFO  server.RaftServerConfigKeys (ConfUtils.java:logGet(43)) - raft.server.watch.element-limit = 65536 (default)
2019-10-18 07:23:48,546 [Thread-8779] INFO  impl.FollowerState (FollowerState.java:run(108)) - 716dc1a1-4b82-41d5-9ffe-93d5e40efbd9@group-5ACBDA0E7FE7-FollowerState: change to CANDIDATE, lastRpcTime:145ms, electionTimeout:145ms
2019-10-18 07:23:48,546 [Thread-8779] INFO  impl.RoleInfo (RoleInfo.java:shutdownFollowerState(121)) - 716dc1a1-4b82-41d5-9ffe-93d5e40efbd9: shutdown FollowerState
2019-10-18 07:23:48,546 [Thread-8779] INFO  impl.RaftServerImpl (RaftServerImpl.java:setRole(184)) - 716dc1a1-4b82-41d5-9ffe-93d5e40efbd9@group-5ACBDA0E7FE7: changes role from  FOLLOWER to CANDIDATE at term 0 for changeToCandidate
2019-10-18 07:23:48,547 [Thread-8779] INFO  impl.RoleInfo (RoleInfo.java:updateAndGet(143)) - 716dc1a1-4b82-41d5-9ffe-93d5e40efbd9: start LeaderElection
2019-10-18 07:23:48,547 [0b10a9fc-47eb-4a2b-b664-8273d9d17379@group-FC0554F828C2-LeaderElection954] INFO  impl.RoleInfo (RoleInfo.java:updateAndGet(143)) - 0b10a9fc-47eb-4a2b-b664-8273d9d17379: start LeaderState
2019-10-18 07:23:48,550 [0b10a9fc-47eb-4a2b-b664-8273d9d17379@group-FC0554F828C2-LeaderElection954] INFO  segmented.SegmentedRaftLogWorker (SegmentedRaftLogWorker.java:startLogSegment(385)) - 0b10a9fc-47eb-4a2b-b664-8273d9d17379@group-FC0554F828C2-SegmentedRaftLogWorker: Starting segment from index:0
2019-10-18 07:23:48,550 [0b10a9fc-47eb-4a2b-b664-8273d9d17379@group-FC0554F828C2-LeaderElection954] INFO  impl.RaftServerImpl (ServerState.java:setRaftConf(357)) - 0b10a9fc-47eb-4a2b-b664-8273d9d17379@group-FC0554F828C2: set configuration 0: [0b10a9fc-47eb-4a2b-b664-8273d9d17379:192.168.34.25:45248], old=null at 0
2019-10-18 07:23:48,555 [716dc1a1-4b82-41d5-9ffe-93d5e40efbd9@group-5ACBDA0E7FE7-LeaderElection957] INFO  impl.LeaderElection (LeaderElection.java:askForVotes(178)) - 716dc1a1-4b82-41d5-9ffe-93d5e40efbd9@group-5ACBDA0E7FE7-LeaderElection957: begin an election at term 1 for -1: [716dc1a1-4b82-41d5-9ffe-93d5e40efbd9:192.168.34.25:46068], old=null
2019-10-18 07:23:48,555 [12ad0800-05cb-443c-9fdd-fa1debf04523@group-BCB82A5C07F5-LeaderElection956] INFO  impl.LeaderElection (LeaderElection.java:askForVotes(178)) - 12ad0800-05cb-443c-9fdd-fa1debf04523@group-BCB82A5C07F5-LeaderElection956: begin an election at term 4 for -1: [12ad0800-05cb-443c-9fdd-fa1debf04523:192.168.34.25:41155, 5170c5f3-8499-4b42-9321-85fc8a351f79:192.168.34.25:43074, 0b10a9fc-47eb-4a2b-b664-8273d9d17379:192.168.34.25:45248], old=null
2019-10-18 07:23:48,556 [716dc1a1-4b82-41d5-9ffe-93d5e40efbd9@group-5ACBDA0E7FE7-LeaderElection957] INFO  impl.RoleInfo (RoleInfo.java:shutdownLeaderElection(134)) - 716dc1a1-4b82-41d5-9ffe-93d5e40efbd9: shutdown LeaderElection
2019-10-18 07:23:48,556 [716dc1a1-4b82-41d5-9ffe-93d5e40efbd9@group-5ACBDA0E7FE7-LeaderElection957] INFO  impl.RaftServerImpl (RaftServerImpl.java:setRole(184)) - 716dc1a1-4b82-41d5-9ffe-93d5e40efbd9@group-5ACBDA0E7FE7: changes role from CANDIDATE to LEADER at term 1 for changeToLeader
2019-10-18 07:23:48,556 [716dc1a1-4b82-41d5-9ffe-93d5e40efbd9@group-5ACBDA0E7FE7-LeaderElection957] INFO  impl.RaftServerImpl (ServerState.java:setLeader(256)) - 716dc1a1-4b82-41d5-9ffe-93d5e40efbd9@group-5ACBDA0E7FE7: change Leader from null to 716dc1a1-4b82-41d5-9ffe-93d5e40efbd9 at term 1 for becomeLeader, leader elected after 158ms
2019-10-18 07:23:48,556 [4dea926d-4bc6-487a-9b9b-9fd457d0fae4@group-0C9C3B2D0CC1-LeaderElection955] INFO  impl.LeaderElection (LeaderElection.java:logAndReturn(56)) - 4dea926d-4bc6-487a-9b9b-9fd457d0fae4@group-0C9C3B2D0CC1-LeaderElection955: Election REJECTED; received 2 response(s) [4dea926d-4bc6-487a-9b9b-9fd457d0fae4<-6633f50a-7046-4b08-9937-8e25f1b14b15#0:FAIL-t4, 4dea926d-4bc6-487a-9b9b-9fd457d0fae4<-67270882-100a-4e75-928d-618d17e069c8#0:FAIL-t4] and 0 exception(s); 4dea926d-4bc6-487a-9b9b-9fd457d0fae4@group-0C9C3B2D0CC1:t4, leader=null, voted=4dea926d-4bc6-487a-9b9b-9fd457d0fae4, raftlog=4dea926d-4bc6-487a-9b9b-9fd457d0fae4@group-0C9C3B2D0CC1-SegmentedRaftLog:OPENED:c-1,f-1,i0, conf=-1: [6633f50a-7046-4b08-9937-8e25f1b14b15:192.168.34.25:39338, 67270882-100a-4e75-928d-618d17e069c8:192.168.34.25:36648, 4dea926d-4bc6-487a-9b9b-9fd457d0fae4:192.168.34.25:41624], old=null
2019-10-18 07:23:48,556 [716dc1a1-4b82-41d5-9ffe-93d5e40efbd9@group-5ACBDA0E7FE7-LeaderElection957] INFO  server.RaftServerConfigKeys (ConfUtils.java:logGet(43)) - raft.server.staging.catchup.gap = 1000 (default)
2019-10-18 07:23:48,556 [4dea926d-4bc6-487a-9b9b-9fd457d0fae4@group-0C9C3B2D0CC1-LeaderElection955] INFO  impl.RaftServerImpl (RaftServerImpl.java:setRole(184)) - 4dea926d-4bc6-487a-9b9b-9fd457d0fae4@group-0C9C3B2D0CC1: changes role from CANDIDATE to FOLLOWER at term 4 for DISCOVERED_A_NEW_TERM
2019-10-18 07:23:48,556 [4dea926d-4bc6-487a-9b9b-9fd457d0fae4@group-0C9C3B2D0CC1-LeaderElection955] INFO  impl.RoleInfo (RoleInfo.java:shutdownLeaderElection(134)) - 4dea926d-4bc6-487a-9b9b-9fd457d0fae4: shutdown LeaderElection
2019-10-18 07:23:48,556 [716dc1a1-4b82-41d5-9ffe-93d5e40efbd9@group-5ACBDA0E7FE7-LeaderElection957] INFO  server.RaftServerConfigKeys (ConfUtils.java:logGet(43)) - raft.server.rpc.sleep.time = 25ms (default)
2019-10-18 07:23:48,557 [4dea926d-4bc6-487a-9b9b-9fd457d0fae4@group-0C9C3B2D0CC1-LeaderElection955] INFO  impl.RoleInfo (RoleInfo.java:updateAndGet(143)) - 4dea926d-4bc6-487a-9b9b-9fd457d0fae4: start FollowerState
2019-10-18 07:23:48,557 [716dc1a1-4b82-41d5-9ffe-93d5e40efbd9@group-5ACBDA0E7FE7-LeaderElection957] INFO  server.RaftServerConfigKeys (ConfUtils.java:logGet(43)) - raft.server.write.element-limit = 4096 (default)
2019-10-18 07:23:48,557 [grpc-default-executor-4] INFO  impl.RaftServerImpl (RaftServerImpl.java:setRole(184)) - 5170c5f3-8499-4b42-9321-85fc8a351f79@group-BCB82A5C07F5: changes role from  FOLLOWER to FOLLOWER at term 4 for recognizeCandidate:12ad0800-05cb-443c-9fdd-fa1debf04523
2019-10-18 07:23:48,557 [grpc-default-executor-4] INFO  impl.RoleInfo (RoleInfo.java:shutdownFollowerState(121)) - 5170c5f3-8499-4b42-9321-85fc8a351f79: shutdown FollowerState
2019-10-18 07:23:48,557 [716dc1a1-4b82-41d5-9ffe-93d5e40efbd9@group-5ACBDA0E7FE7-LeaderElection957] INFO  server.RaftServerConfigKeys (ConfUtils.java:logGet(43)) - raft.server.watch.timeout = 10s (default)
2019-10-18 07:23:48,557 [Thread-8794] INFO  impl.FollowerState (FollowerState.java:run(117)) - 5170c5f3-8499-4b42-9321-85fc8a351f79@group-BCB82A5C07F5-FollowerState was interrupted: java.lang.InterruptedException: sleep interrupted
2019-10-18 07:23:48,557 [grpc-default-executor-4] INFO  impl.RoleInfo (RoleInfo.java:updateAndGet(143)) - 5170c5f3-8499-4b42-9321-85fc8a351f79: start FollowerState
2019-10-18 07:23:48,557 [grpc-default-executor-14] INFO  impl.RaftServerImpl (RaftServerImpl.java:setRole(184)) - 0b10a9fc-47eb-4a2b-b664-8273d9d17379@group-BCB82A5C07F5: changes role from  FOLLOWER to FOLLOWER at term 4 for recognizeCandidate:12ad0800-05cb-443c-9fdd-fa1debf04523
2019-10-18 07:23:48,558 [grpc-default-executor-14] INFO  impl.RoleInfo (RoleInfo.java:shutdownFollowerState(121)) - 0b10a9fc-47eb-4a2b-b664-8273d9d17379: shutdown FollowerState
2019-10-18 07:23:48,557 [716dc1a1-4b82-41d5-9ffe-93d5e40efbd9@group-5ACBDA0E7FE7-LeaderElection957] INFO  server.RaftServerConfigKeys (ConfUtils.java:logGet(43)) - raft.server.watch.timeout.denomination = 1s (default)
2019-10-18 07:23:48,558 [Thread-8796] INFO  impl.FollowerState (FollowerState.java:run(117)) - 0b10a9fc-47eb-4a2b-b664-8273d9d17379@group-BCB82A5C07F5-FollowerState was interrupted: java.lang.InterruptedException: sleep interrupted
2019-10-18 07:23:48,558 [grpc-default-executor-14] INFO  impl.RoleInfo (RoleInfo.java:updateAndGet(143)) - 0b10a9fc-47eb-4a2b-b664-8273d9d17379: start FollowerState
2019-10-18 07:23:48,558 [716dc1a1-4b82-41d5-9ffe-93d5e40efbd9@group-5ACBDA0E7FE7-LeaderElection957] INFO  server.RaftServerConfigKeys (ConfUtils.java:logGet(43)) - raft.server.watch.element-limit = 65536 (default)
2019-10-18 07:23:48,560 [716dc1a1-4b82-41d5-9ffe-93d5e40efbd9@group-5ACBDA0E7FE7-LeaderElection957] INFO  impl.RoleInfo (RoleInfo.java:updateAndGet(143)) - 716dc1a1-4b82-41d5-9ffe-93d5e40efbd9: start LeaderState
2019-10-18 07:23:48,560 [716dc1a1-4b82-41d5-9ffe-93d5e40efbd9@group-5ACBDA0E7FE7-LeaderElection957] INFO  segmented.SegmentedRaftLogWorker (SegmentedRaftLogWorker.java:startLogSegment(385)) - 716dc1a1-4b82-41d5-9ffe-93d5e40efbd9@group-5ACBDA0E7FE7-SegmentedRaftLogWorker: Starting segment from index:0
2019-10-18 07:23:48,560 [716dc1a1-4b82-41d5-9ffe-93d5e40efbd9@group-5ACBDA0E7FE7-LeaderElection957] INFO  impl.RaftServerImpl (ServerState.java:setRaftConf(357)) - 716dc1a1-4b82-41d5-9ffe-93d5e40efbd9@group-5ACBDA0E7FE7: set configuration 0: [716dc1a1-4b82-41d5-9ffe-93d5e40efbd9:192.168.34.25:46068], old=null at 0
2019-10-18 07:23:48,572 [12ad0800-05cb-443c-9fdd-fa1debf04523@group-BCB82A5C07F5-LeaderElection956] INFO  impl.LeaderElection (LeaderElection.java:logAndReturn(56)) - 12ad0800-05cb-443c-9fdd-fa1debf04523@group-BCB82A5C07F5-LeaderElection956: Election REJECTED; received 2 response(s) [12ad0800-05cb-443c-9fdd-fa1debf04523<-5170c5f3-8499-4b42-9321-85fc8a351f79#0:FAIL-t4, 12ad0800-05cb-443c-9fdd-fa1debf04523<-0b10a9fc-47eb-4a2b-b664-8273d9d17379#0:FAIL-t4] and 0 exception(s); 12ad0800-05cb-443c-9fdd-fa1debf04523@group-BCB82A5C07F5:t4, leader=null, voted=12ad0800-05cb-443c-9fdd-fa1debf04523, raftlog=12ad0800-05cb-443c-9fdd-fa1debf04523@group-BCB82A5C07F5-SegmentedRaftLog:OPENED:c-1,f-1,i0, conf=-1: [12ad0800-05cb-443c-9fdd-fa1debf04523:192.168.34.25:41155, 5170c5f3-8499-4b42-9321-85fc8a351f79:192.168.34.25:43074, 0b10a9fc-47eb-4a2b-b664-8273d9d17379:192.168.34.25:45248], old=null
2019-10-18 07:23:48,572 [12ad0800-05cb-443c-9fdd-fa1debf04523@group-BCB82A5C07F5-LeaderElection956] INFO  impl.RaftServerImpl (RaftServerImpl.java:setRole(184)) - 12ad0800-05cb-443c-9fdd-fa1debf04523@group-BCB82A5C07F5: changes role from CANDIDATE to FOLLOWER at term 4 for DISCOVERED_A_NEW_TERM
2019-10-18 07:23:48,572 [12ad0800-05cb-443c-9fdd-fa1debf04523@group-BCB82A5C07F5-LeaderElection956] INFO  impl.RoleInfo (RoleInfo.java:shutdownLeaderElection(134)) - 12ad0800-05cb-443c-9fdd-fa1debf04523: shutdown LeaderElection
2019-10-18 07:23:48,573 [12ad0800-05cb-443c-9fdd-fa1debf04523@group-BCB82A5C07F5-LeaderElection956] INFO  impl.RoleInfo (RoleInfo.java:updateAndGet(143)) - 12ad0800-05cb-443c-9fdd-fa1debf04523: start FollowerState
2019-10-18 07:23:48,594 [0b10a9fc-47eb-4a2b-b664-8273d9d17379@group-FC0554F828C2-SegmentedRaftLogWorker] INFO  segmented.SegmentedRaftLogWorker (SegmentedRaftLogWorker.java:execute(576)) - 0b10a9fc-47eb-4a2b-b664-8273d9d17379@group-FC0554F828C2-SegmentedRaftLogWorker: created new log segment /workdir/hadoop-ozone/integration-test/target/test-dir/MiniOzoneClusterImpl-f216ddbe-e8b4-4355-85c5-09cf054ba290/datanode-9/data/ratis/f2352e0d-ea5a-4601-baca-fc0554f828c2/current/log_inprogress_0
2019-10-18 07:23:48,603 [716dc1a1-4b82-41d5-9ffe-93d5e40efbd9@group-5ACBDA0E7FE7-SegmentedRaftLogWorker] INFO  segmented.SegmentedRaftLogWorker (SegmentedRaftLogWorker.java:execute(576)) - 716dc1a1-4b82-41d5-9ffe-93d5e40efbd9@group-5ACBDA0E7FE7-SegmentedRaftLogWorker: created new log segment /workdir/hadoop-ozone/integration-test/target/test-dir/MiniOzoneClusterImpl-f216ddbe-e8b4-4355-85c5-09cf054ba290/datanode-8/data/ratis/067d05f3-6df0-4bb5-98f0-5acbda0e7fe7/current/log_inprogress_0
2019-10-18 07:23:48,658 [Thread-8810] INFO  impl.FollowerState (FollowerState.java:run(108)) - 4dea926d-4bc6-487a-9b9b-9fd457d0fae4@group-0C9C3B2D0CC1-FollowerState: change to CANDIDATE, lastRpcTime:101ms, electionTimeout:101ms
2019-10-18 07:23:48,658 [Thread-8810] INFO  impl.RoleInfo (RoleInfo.java:shutdownFollowerState(121)) - 4dea926d-4bc6-487a-9b9b-9fd457d0fae4: shutdown FollowerState
2019-10-18 07:23:48,658 [Thread-8810] INFO  impl.RaftServerImpl (RaftServerImpl.java:setRole(184)) - 4dea926d-4bc6-487a-9b9b-9fd457d0fae4@group-0C9C3B2D0CC1: changes role from  FOLLOWER to CANDIDATE at term 4 for changeToCandidate
2019-10-18 07:23:48,658 [Thread-8810] INFO  impl.RoleInfo (RoleInfo.java:updateAndGet(143)) - 4dea926d-4bc6-487a-9b9b-9fd457d0fae4: start LeaderElection
2019-10-18 07:23:48,674 [4dea926d-4bc6-487a-9b9b-9fd457d0fae4@group-0C9C3B2D0CC1-LeaderElection958] INFO  impl.LeaderElection (LeaderElection.java:askForVotes(178)) - 4dea926d-4bc6-487a-9b9b-9fd457d0fae4@group-0C9C3B2D0CC1-LeaderElection958: begin an election at term 5 for -1: [6633f50a-7046-4b08-9937-8e25f1b14b15:192.168.34.25:39338, 67270882-100a-4e75-928d-618d17e069c8:192.168.34.25:36648, 4dea926d-4bc6-487a-9b9b-9fd457d0fae4:192.168.34.25:41624], old=null
2019-10-18 07:23:48,675 [Thread-8814] INFO  impl.FollowerState (FollowerState.java:run(108)) - 12ad0800-05cb-443c-9fdd-fa1debf04523@group-BCB82A5C07F5-FollowerState: change to CANDIDATE, lastRpcTime:102ms, electionTimeout:102ms
2019-10-18 07:23:48,675 [Thread-8814] INFO  impl.RoleInfo (RoleInfo.java:shutdownFollowerState(121)) - 12ad0800-05cb-443c-9fdd-fa1debf04523: shutdown FollowerState
2019-10-18 07:23:48,675 [Thread-8814] INFO  impl.RaftServerImpl (RaftServerImpl.java:setRole(184)) - 12ad0800-05cb-443c-9fdd-fa1debf04523@group-BCB82A5C07F5: changes role from  FOLLOWER to CANDIDATE at term 4 for changeToCandidate
2019-10-18 07:23:48,675 [Thread-8814] INFO  impl.RoleInfo (RoleInfo.java:updateAndGet(143)) - 12ad0800-05cb-443c-9fdd-fa1debf04523: start LeaderElection
2019-10-18 07:23:48,675 [grpc-default-executor-14] INFO  impl.RaftServerImpl (RaftServerImpl.java:setRole(184)) - 6633f50a-7046-4b08-9937-8e25f1b14b15@group-0C9C3B2D0CC1: changes role from  FOLLOWER to FOLLOWER at term 5 for recognizeCandidate:4dea926d-4bc6-487a-9b9b-9fd457d0fae4
2019-10-18 07:23:48,675 [grpc-default-executor-4] INFO  impl.RaftServerImpl (RaftServerImpl.java:setRole(184)) - 67270882-100a-4e75-928d-618d17e069c8@group-0C9C3B2D0CC1: changes role from  FOLLOWER to FOLLOWER at term 5 for recognizeCandidate:4dea926d-4bc6-487a-9b9b-9fd457d0fae4
2019-10-18 07:23:48,675 [grpc-default-executor-14] INFO  impl.RoleInfo (RoleInfo.java:shutdownFollowerState(121)) - 6633f50a-7046-4b08-9937-8e25f1b14b15: shutdown FollowerState
2019-10-18 07:23:48,676 [grpc-default-executor-4] INFO  impl.RoleInfo (RoleInfo.java:shutdownFollowerState(121)) - 67270882-100a-4e75-928d-618d17e069c8: shutdown FollowerState
2019-10-18 07:23:48,676 [Thread-8805] INFO  impl.FollowerState (FollowerState.java:run(117)) - 6633f50a-7046-4b08-9937-8e25f1b14b15@group-0C9C3B2D0CC1-FollowerState was interrupted: java.lang.InterruptedException: sleep interrupted
2019-10-18 07:23:48,676 [grpc-default-executor-14] INFO  impl.RoleInfo (RoleInfo.java:updateAndGet(143)) - 6633f50a-7046-4b08-9937-8e25f1b14b15: start FollowerState
2019-10-18 07:23:48,676 [grpc-default-executor-4] INFO  impl.RoleInfo (RoleInfo.java:updateAndGet(143)) - 67270882-100a-4e75-928d-618d17e069c8: start FollowerState
2019-10-18 07:23:48,676 [Thread-8806] INFO  impl.FollowerState (FollowerState.java:run(117)) - 67270882-100a-4e75-928d-618d17e069c8@group-0C9C3B2D0CC1-FollowerState was interrupted: java.lang.InterruptedException: sleep interrupted
2019-10-18 07:23:48,698 [12ad0800-05cb-443c-9fdd-fa1debf04523@group-BCB82A5C07F5-LeaderElection959] INFO  impl.LeaderElection (LeaderElection.java:askForVotes(178)) - 12ad0800-05cb-443c-9fdd-fa1debf04523@group-BCB82A5C07F5-LeaderElection959: begin an election at term 5 for -1: [12ad0800-05cb-443c-9fdd-fa1debf04523:192.168.34.25:41155, 5170c5f3-8499-4b42-9321-85fc8a351f79:192.168.34.25:43074, 0b10a9fc-47eb-4a2b-b664-8273d9d17379:192.168.34.25:45248], old=null
2019-10-18 07:23:48,699 [4dea926d-4bc6-487a-9b9b-9fd457d0fae4@group-0C9C3B2D0CC1-LeaderElection958] INFO  impl.LeaderElection (LeaderElection.java:logAndReturn(56)) - 4dea926d-4bc6-487a-9b9b-9fd457d0fae4@group-0C9C3B2D0CC1-LeaderElection958: Election REJECTED; received 2 response(s) [4dea926d-4bc6-487a-9b9b-9fd457d0fae4<-6633f50a-7046-4b08-9937-8e25f1b14b15#0:FAIL-t5, 4dea926d-4bc6-487a-9b9b-9fd457d0fae4<-67270882-100a-4e75-928d-618d17e069c8#0:FAIL-t5] and 0 exception(s); 4dea926d-4bc6-487a-9b9b-9fd457d0fae4@group-0C9C3B2D0CC1:t5, leader=null, voted=4dea926d-4bc6-487a-9b9b-9fd457d0fae4, raftlog=4dea926d-4bc6-487a-9b9b-9fd457d0fae4@group-0C9C3B2D0CC1-SegmentedRaftLog:OPENED:c-1,f-1,i0, conf=-1: [6633f50a-7046-4b08-9937-8e25f1b14b15:192.168.34.25:39338, 67270882-100a-4e75-928d-618d17e069c8:192.168.34.25:36648, 4dea926d-4bc6-487a-9b9b-9fd457d0fae4:192.168.34.25:41624], old=null
2019-10-18 07:23:48,699 [4dea926d-4bc6-487a-9b9b-9fd457d0fae4@group-0C9C3B2D0CC1-LeaderElection958] INFO  impl.RaftServerImpl (RaftServerImpl.java:setRole(184)) - 4dea926d-4bc6-487a-9b9b-9fd457d0fae4@group-0C9C3B2D0CC1: changes role from CANDIDATE to FOLLOWER at term 5 for DISCOVERED_A_NEW_TERM
2019-10-18 07:23:48,699 [4dea926d-4bc6-487a-9b9b-9fd457d0fae4@group-0C9C3B2D0CC1-LeaderElection958] INFO  impl.RoleInfo (RoleInfo.java:shutdownLeaderElection(134)) - 4dea926d-4bc6-487a-9b9b-9fd457d0fae4: shutdown LeaderElection
2019-10-18 07:23:48,699 [4dea926d-4bc6-487a-9b9b-9fd457d0fae4@group-0C9C3B2D0CC1-LeaderElection958] INFO  impl.RoleInfo (RoleInfo.java:updateAndGet(143)) - 4dea926d-4bc6-487a-9b9b-9fd457d0fae4: start FollowerState
2019-10-18 07:23:48,699 [grpc-default-executor-14] INFO  impl.RaftServerImpl (RaftServerImpl.java:setRole(184)) - 5170c5f3-8499-4b42-9321-85fc8a351f79@group-BCB82A5C07F5: changes role from  FOLLOWER to FOLLOWER at term 5 for recognizeCandidate:12ad0800-05cb-443c-9fdd-fa1debf04523
2019-10-18 07:23:48,699 [grpc-default-executor-14] INFO  impl.RoleInfo (RoleInfo.java:shutdownFollowerState(121)) - 5170c5f3-8499-4b42-9321-85fc8a351f79: shutdown FollowerState
2019-10-18 07:23:48,699 [grpc-default-executor-4] INFO  impl.RaftServerImpl (RaftServerImpl.java:setRole(184)) - 0b10a9fc-47eb-4a2b-b664-8273d9d17379@group-BCB82A5C07F5: changes role from  FOLLOWER to FOLLOWER at term 5 for recognizeCandidate:12ad0800-05cb-443c-9fdd-fa1debf04523
2019-10-18 07:23:48,699 [grpc-default-executor-4] INFO  impl.RoleInfo (RoleInfo.java:shutdownFollowerState(121)) - 0b10a9fc-47eb-4a2b-b664-8273d9d17379: shutdown FollowerState
2019-10-18 07:23:48,699 [Thread-8812] INFO  impl.FollowerState (FollowerState.java:run(117)) - 5170c5f3-8499-4b42-9321-85fc8a351f79@group-BCB82A5C07F5-FollowerState was interrupted: java.lang.InterruptedException: sleep interrupted
2019-10-18 07:23:48,699 [grpc-default-executor-14] INFO  impl.RoleInfo (RoleInfo.java:updateAndGet(143)) - 5170c5f3-8499-4b42-9321-85fc8a351f79: start FollowerState
2019-10-18 07:23:48,700 [Thread-8813] INFO  impl.FollowerState (FollowerState.java:run(117)) - 0b10a9fc-47eb-4a2b-b664-8273d9d17379@group-BCB82A5C07F5-FollowerState was interrupted: java.lang.InterruptedException: sleep interrupted
2019-10-18 07:23:48,700 [grpc-default-executor-4] INFO  impl.RoleInfo (RoleInfo.java:updateAndGet(143)) - 0b10a9fc-47eb-4a2b-b664-8273d9d17379: start FollowerState
2019-10-18 07:23:48,730 [12ad0800-05cb-443c-9fdd-fa1debf04523@group-BCB82A5C07F5-LeaderElection959] INFO  impl.LeaderElection (LeaderElection.java:logAndReturn(56)) - 12ad0800-05cb-443c-9fdd-fa1debf04523@group-BCB82A5C07F5-LeaderElection959: Election REJECTED; received 2 response(s) [12ad0800-05cb-443c-9fdd-fa1debf04523<-5170c5f3-8499-4b42-9321-85fc8a351f79#0:FAIL-t5, 12ad0800-05cb-443c-9fdd-fa1debf04523<-0b10a9fc-47eb-4a2b-b664-8273d9d17379#0:FAIL-t5] and 0 exception(s); 12ad0800-05cb-443c-9fdd-fa1debf04523@group-BCB82A5C07F5:t5, leader=null, voted=12ad0800-05cb-443c-9fdd-fa1debf04523, raftlog=12ad0800-05cb-443c-9fdd-fa1debf04523@group-BCB82A5C07F5-SegmentedRaftLog:OPENED:c-1,f-1,i0, conf=-1: [12ad0800-05cb-443c-9fdd-fa1debf04523:192.168.34.25:41155, 5170c5f3-8499-4b42-9321-85fc8a351f79:192.168.34.25:43074, 0b10a9fc-47eb-4a2b-b664-8273d9d17379:192.168.34.25:45248], old=null
2019-10-18 07:23:48,731 [12ad0800-05cb-443c-9fdd-fa1debf04523@group-BCB82A5C07F5-LeaderElection959] INFO  impl.RaftServerImpl (RaftServerImpl.java:setRole(184)) - 12ad0800-05cb-443c-9fdd-fa1debf04523@group-BCB82A5C07F5: changes role from CANDIDATE to FOLLOWER at term 5 for DISCOVERED_A_NEW_TERM
2019-10-18 07:23:48,731 [12ad0800-05cb-443c-9fdd-fa1debf04523@group-BCB82A5C07F5-LeaderElection959] INFO  impl.RoleInfo (RoleInfo.java:shutdownLeaderElection(134)) - 12ad0800-05cb-443c-9fdd-fa1debf04523: shutdown LeaderElection
2019-10-18 07:23:48,731 [12ad0800-05cb-443c-9fdd-fa1debf04523@group-BCB82A5C07F5-LeaderElection959] INFO  impl.RoleInfo (RoleInfo.java:updateAndGet(143)) - 12ad0800-05cb-443c-9fdd-fa1debf04523: start FollowerState
2019-10-18 07:23:48,764 [Thread-8826] INFO  impl.FollowerState (FollowerState.java:run(108)) - 12ad0800-05cb-443c-9fdd-fa1debf04523@group-BCB82A5C07F5-FollowerState: change to CANDIDATE, lastRpcTime:33ms, electionTimeout:33ms
2019-10-18 07:23:48,764 [Thread-8826] INFO  impl.RoleInfo (RoleInfo.java:shutdownFollowerState(121)) - 12ad0800-05cb-443c-9fdd-fa1debf04523: shutdown FollowerState
2019-10-18 07:23:48,764 [Thread-8826] INFO  impl.RaftServerImpl (RaftServerImpl.java:setRole(184)) - 12ad0800-05cb-443c-9fdd-fa1debf04523@group-BCB82A5C07F5: changes role from  FOLLOWER to CANDIDATE at term 5 for changeToCandidate
2019-10-18 07:23:48,764 [Thread-8826] INFO  impl.RoleInfo (RoleInfo.java:updateAndGet(143)) - 12ad0800-05cb-443c-9fdd-fa1debf04523: start LeaderElection
2019-10-18 07:23:48,789 [12ad0800-05cb-443c-9fdd-fa1debf04523@group-BCB82A5C07F5-LeaderElection960] INFO  impl.LeaderElection (LeaderElection.java:askForVotes(178)) - 12ad0800-05cb-443c-9fdd-fa1debf04523@group-BCB82A5C07F5-LeaderElection960: begin an election at term 6 for -1: [12ad0800-05cb-443c-9fdd-fa1debf04523:192.168.34.25:41155, 5170c5f3-8499-4b42-9321-85fc8a351f79:192.168.34.25:43074, 0b10a9fc-47eb-4a2b-b664-8273d9d17379:192.168.34.25:45248], old=null
2019-10-18 07:23:48,790 [grpc-default-executor-14] INFO  impl.RaftServerImpl (RaftServerImpl.java:setRole(184)) - 0b10a9fc-47eb-4a2b-b664-8273d9d17379@group-BCB82A5C07F5: changes role from  FOLLOWER to FOLLOWER at term 6 for recognizeCandidate:12ad0800-05cb-443c-9fdd-fa1debf04523
2019-10-18 07:23:48,790 [grpc-default-executor-14] INFO  impl.RoleInfo (RoleInfo.java:shutdownFollowerState(121)) - 0b10a9fc-47eb-4a2b-b664-8273d9d17379: shutdown FollowerState
2019-10-18 07:23:48,790 [grpc-default-executor-4] INFO  impl.RaftServerImpl (RaftServerImpl.java:setRole(184)) - 5170c5f3-8499-4b42-9321-85fc8a351f79@group-BCB82A5C07F5: changes role from  FOLLOWER to FOLLOWER at term 6 for recognizeCandidate:12ad0800-05cb-443c-9fdd-fa1debf04523
2019-10-18 07:23:48,790 [grpc-default-executor-4] INFO  impl.RoleInfo (RoleInfo.java:shutdownFollowerState(121)) - 5170c5f3-8499-4b42-9321-85fc8a351f79: shutdown FollowerState
2019-10-18 07:23:48,790 [grpc-default-executor-14] INFO  impl.RoleInfo (RoleInfo.java:updateAndGet(143)) - 0b10a9fc-47eb-4a2b-b664-8273d9d17379: start FollowerState
2019-10-18 07:23:48,790 [Thread-8825] INFO  impl.FollowerState (FollowerState.java:run(117)) - 0b10a9fc-47eb-4a2b-b664-8273d9d17379@group-BCB82A5C07F5-FollowerState was interrupted: java.lang.InterruptedException: sleep interrupted
2019-10-18 07:23:48,790 [Thread-8824] INFO  impl.FollowerState (FollowerState.java:run(117)) - 5170c5f3-8499-4b42-9321-85fc8a351f79@group-BCB82A5C07F5-FollowerState was interrupted: java.lang.InterruptedException: sleep interrupted
2019-10-18 07:23:48,790 [grpc-default-executor-4] INFO  impl.RoleInfo (RoleInfo.java:updateAndGet(143)) - 5170c5f3-8499-4b42-9321-85fc8a351f79: start FollowerState
2019-10-18 07:23:48,815 [12ad0800-05cb-443c-9fdd-fa1debf04523@group-BCB82A5C07F5-LeaderElection960] INFO  impl.LeaderElection (LeaderElection.java:logAndReturn(56)) - 12ad0800-05cb-443c-9fdd-fa1debf04523@group-BCB82A5C07F5-LeaderElection960: Election REJECTED; received 2 response(s) [12ad0800-05cb-443c-9fdd-fa1debf04523<-5170c5f3-8499-4b42-9321-85fc8a351f79#0:FAIL-t6, 12ad0800-05cb-443c-9fdd-fa1debf04523<-0b10a9fc-47eb-4a2b-b664-8273d9d17379#0:FAIL-t6] and 0 exception(s); 12ad0800-05cb-443c-9fdd-fa1debf04523@group-BCB82A5C07F5:t6, leader=null, voted=12ad0800-05cb-443c-9fdd-fa1debf04523, raftlog=12ad0800-05cb-443c-9fdd-fa1debf04523@group-BCB82A5C07F5-SegmentedRaftLog:OPENED:c-1,f-1,i0, conf=-1: [12ad0800-05cb-443c-9fdd-fa1debf04523:192.168.34.25:41155, 5170c5f3-8499-4b42-9321-85fc8a351f79:192.168.34.25:43074, 0b10a9fc-47eb-4a2b-b664-8273d9d17379:192.168.34.25:45248], old=null
2019-10-18 07:23:48,815 [12ad0800-05cb-443c-9fdd-fa1debf04523@group-BCB82A5C07F5-LeaderElection960] INFO  impl.RaftServerImpl (RaftServerImpl.java:setRole(184)) - 12ad0800-05cb-443c-9fdd-fa1debf04523@group-BCB82A5C07F5: changes role from CANDIDATE to FOLLOWER at term 6 for DISCOVERED_A_NEW_TERM
2019-10-18 07:23:48,815 [12ad0800-05cb-443c-9fdd-fa1debf04523@group-BCB82A5C07F5-LeaderElection960] INFO  impl.RoleInfo (RoleInfo.java:shutdownLeaderElection(134)) - 12ad0800-05cb-443c-9fdd-fa1debf04523: shutdown LeaderElection
2019-10-18 07:23:48,815 [12ad0800-05cb-443c-9fdd-fa1debf04523@group-BCB82A5C07F5-LeaderElection960] INFO  impl.RoleInfo (RoleInfo.java:updateAndGet(143)) - 12ad0800-05cb-443c-9fdd-fa1debf04523: start FollowerState
2019-10-18 07:23:48,818 [Thread-8832] INFO  impl.FollowerState (FollowerState.java:run(108)) - 12ad0800-05cb-443c-9fdd-fa1debf04523@group-BCB82A5C07F5-FollowerState: change to CANDIDATE, lastRpcTime:3ms, electionTimeout:3ms
2019-10-18 07:23:48,818 [Thread-8832] INFO  impl.RoleInfo (RoleInfo.java:shutdownFollowerState(121)) - 12ad0800-05cb-443c-9fdd-fa1debf04523: shutdown FollowerState
2019-10-18 07:23:48,818 [Thread-8832] INFO  impl.RaftServerImpl (RaftServerImpl.java:setRole(184)) - 12ad0800-05cb-443c-9fdd-fa1debf04523@group-BCB82A5C07F5: changes role from  FOLLOWER to CANDIDATE at term 6 for changeToCandidate
2019-10-18 07:23:48,818 [Thread-8832] INFO  impl.RoleInfo (RoleInfo.java:updateAndGet(143)) - 12ad0800-05cb-443c-9fdd-fa1debf04523: start LeaderElection
2019-10-18 07:23:48,840 [12ad0800-05cb-443c-9fdd-fa1debf04523@group-BCB82A5C07F5-LeaderElection961] INFO  impl.LeaderElection (LeaderElection.java:askForVotes(178)) - 12ad0800-05cb-443c-9fdd-fa1debf04523@group-BCB82A5C07F5-LeaderElection961: begin an election at term 7 for -1: [12ad0800-05cb-443c-9fdd-fa1debf04523:192.168.34.25:41155, 5170c5f3-8499-4b42-9321-85fc8a351f79:192.168.34.25:43074, 0b10a9fc-47eb-4a2b-b664-8273d9d17379:192.168.34.25:45248], old=null
2019-10-18 07:23:48,841 [grpc-default-executor-14] INFO  impl.RaftServerImpl (RaftServerImpl.java:setRole(184)) - 5170c5f3-8499-4b42-9321-85fc8a351f79@group-BCB82A5C07F5: changes role from  FOLLOWER to FOLLOWER at term 7 for recognizeCandidate:12ad0800-05cb-443c-9fdd-fa1debf04523
2019-10-18 07:23:48,841 [grpc-default-executor-4] INFO  impl.RaftServerImpl (RaftServerImpl.java:setRole(184)) - 0b10a9fc-47eb-4a2b-b664-8273d9d17379@group-BCB82A5C07F5: changes role from  FOLLOWER to FOLLOWER at term 7 for recognizeCandidate:12ad0800-05cb-443c-9fdd-fa1debf04523
2019-10-18 07:23:48,842 [grpc-default-executor-4] INFO  impl.RoleInfo (RoleInfo.java:shutdownFollowerState(121)) - 0b10a9fc-47eb-4a2b-b664-8273d9d17379: shutdown FollowerState
2019-10-18 07:23:48,842 [grpc-default-executor-14] INFO  impl.RoleInfo (RoleInfo.java:shutdownFollowerState(121)) - 5170c5f3-8499-4b42-9321-85fc8a351f79: shutdown FollowerState
2019-10-18 07:23:48,842 [grpc-default-executor-4] INFO  impl.RoleInfo (RoleInfo.java:updateAndGet(143)) - 0b10a9fc-47eb-4a2b-b664-8273d9d17379: start FollowerState
2019-10-18 07:23:48,842 [Thread-8831] INFO  impl.FollowerState (FollowerState.java:run(117)) - 5170c5f3-8499-4b42-9321-85fc8a351f79@group-BCB82A5C07F5-FollowerState was interrupted: java.lang.InterruptedException: sleep interrupted
2019-10-18 07:23:48,842 [grpc-default-executor-14] INFO  impl.RoleInfo (RoleInfo.java:updateAndGet(143)) - 5170c5f3-8499-4b42-9321-85fc8a351f79: start FollowerState
2019-10-18 07:23:48,842 [Thread-8830] INFO  impl.FollowerState (FollowerState.java:run(117)) - 0b10a9fc-47eb-4a2b-b664-8273d9d17379@group-BCB82A5C07F5-FollowerState was interrupted: java.lang.InterruptedException: sleep interrupted
2019-10-18 07:23:48,863 [12ad0800-05cb-443c-9fdd-fa1debf04523@group-BCB82A5C07F5-LeaderElection961] INFO  impl.LeaderElection (LeaderElection.java:logAndReturn(56)) - 12ad0800-05cb-443c-9fdd-fa1debf04523@group-BCB82A5C07F5-LeaderElection961: Election REJECTED; received 2 response(s) [12ad0800-05cb-443c-9fdd-fa1debf04523<-5170c5f3-8499-4b42-9321-85fc8a351f79#0:FAIL-t7, 12ad0800-05cb-443c-9fdd-fa1debf04523<-0b10a9fc-47eb-4a2b-b664-8273d9d17379#0:FAIL-t7] and 0 exception(s); 12ad0800-05cb-443c-9fdd-fa1debf04523@group-BCB82A5C07F5:t7, leader=null, voted=12ad0800-05cb-443c-9fdd-fa1debf04523, raftlog=12ad0800-05cb-443c-9fdd-fa1debf04523@group-BCB82A5C07F5-SegmentedRaftLog:OPENED:c-1,f-1,i0, conf=-1: [12ad0800-05cb-443c-9fdd-fa1debf04523:192.168.34.25:41155, 5170c5f3-8499-4b42-9321-85fc8a351f79:192.168.34.25:43074, 0b10a9fc-47eb-4a2b-b664-8273d9d17379:192.168.34.25:45248], old=null
2019-10-18 07:23:48,863 [12ad0800-05cb-443c-9fdd-fa1debf04523@group-BCB82A5C07F5-LeaderElection961] INFO  impl.RaftServerImpl (RaftServerImpl.java:setRole(184)) - 12ad0800-05cb-443c-9fdd-fa1debf04523@group-BCB82A5C07F5: changes role from CANDIDATE to FOLLOWER at term 7 for DISCOVERED_A_NEW_TERM
2019-10-18 07:23:48,863 [12ad0800-05cb-443c-9fdd-fa1debf04523@group-BCB82A5C07F5-LeaderElection961] INFO  impl.RoleInfo (RoleInfo.java:shutdownLeaderElection(134)) - 12ad0800-05cb-443c-9fdd-fa1debf04523: shutdown LeaderElection
2019-10-18 07:23:48,863 [12ad0800-05cb-443c-9fdd-fa1debf04523@group-BCB82A5C07F5-LeaderElection961] INFO  impl.RoleInfo (RoleInfo.java:updateAndGet(143)) - 12ad0800-05cb-443c-9fdd-fa1debf04523: start FollowerState
2019-10-18 07:23:48,882 [Thread-8840] INFO  impl.FollowerState (FollowerState.java:run(108)) - 12ad0800-05cb-443c-9fdd-fa1debf04523@group-BCB82A5C07F5-FollowerState: change to CANDIDATE, lastRpcTime:19ms, electionTimeout:19ms
2019-10-18 07:23:48,882 [Thread-8840] INFO  impl.RoleInfo (RoleInfo.java:shutdownFollowerState(121)) - 12ad0800-05cb-443c-9fdd-fa1debf04523: shutdown FollowerState
2019-10-18 07:23:48,882 [Thread-8840] INFO  impl.RaftServerImpl (RaftServerImpl.java:setRole(184)) - 12ad0800-05cb-443c-9fdd-fa1debf04523@group-BCB82A5C07F5: changes role from  FOLLOWER to CANDIDATE at term 7 for changeToCandidate
2019-10-18 07:23:48,882 [Thread-8840] INFO  impl.RoleInfo (RoleInfo.java:updateAndGet(143)) - 12ad0800-05cb-443c-9fdd-fa1debf04523: start LeaderElection
2019-10-18 07:23:48,889 [Thread-8823] INFO  impl.FollowerState (FollowerState.java:run(108)) - 4dea926d-4bc6-487a-9b9b-9fd457d0fae4@group-0C9C3B2D0CC1-FollowerState: change to CANDIDATE, lastRpcTime:190ms, electionTimeout:190ms
2019-10-18 07:23:48,889 [Thread-8823] INFO  impl.RoleInfo (RoleInfo.java:shutdownFollowerState(121)) - 4dea926d-4bc6-487a-9b9b-9fd457d0fae4: shutdown FollowerState
2019-10-18 07:23:48,889 [Thread-8823] INFO  impl.RaftServerImpl (RaftServerImpl.java:setRole(184)) - 4dea926d-4bc6-487a-9b9b-9fd457d0fae4@group-0C9C3B2D0CC1: changes role from  FOLLOWER to CANDIDATE at term 5 for changeToCandidate
2019-10-18 07:23:48,889 [Thread-8823] INFO  impl.RoleInfo (RoleInfo.java:updateAndGet(143)) - 4dea926d-4bc6-487a-9b9b-9fd457d0fae4: start LeaderElection
2019-10-18 07:23:48,899 [12ad0800-05cb-443c-9fdd-fa1debf04523@group-BCB82A5C07F5-LeaderElection962] INFO  impl.LeaderElection (LeaderElection.java:askForVotes(178)) - 12ad0800-05cb-443c-9fdd-fa1debf04523@group-BCB82A5C07F5-LeaderElection962: begin an election at term 8 for -1: [12ad0800-05cb-443c-9fdd-fa1debf04523:192.168.34.25:41155, 5170c5f3-8499-4b42-9321-85fc8a351f79:192.168.34.25:43074, 0b10a9fc-47eb-4a2b-b664-8273d9d17379:192.168.34.25:45248], old=null
2019-10-18 07:23:48,900 [grpc-default-executor-4] INFO  impl.RaftServerImpl (RaftServerImpl.java:setRole(184)) - 5170c5f3-8499-4b42-9321-85fc8a351f79@group-BCB82A5C07F5: changes role from  FOLLOWER to FOLLOWER at term 8 for recognizeCandidate:12ad0800-05cb-443c-9fdd-fa1debf04523
2019-10-18 07:23:48,901 [grpc-default-executor-4] INFO  impl.RoleInfo (RoleInfo.java:shutdownFollowerState(121)) - 5170c5f3-8499-4b42-9321-85fc8a351f79: shutdown FollowerState
2019-10-18 07:23:48,901 [grpc-default-executor-14] INFO  impl.RaftServerImpl (RaftServerImpl.java:setRole(184)) - 0b10a9fc-47eb-4a2b-b664-8273d9d17379@group-BCB82A5C07F5: changes role from  FOLLOWER to FOLLOWER at term 8 for recognizeCandidate:12ad0800-05cb-443c-9fdd-fa1debf04523
2019-10-18 07:23:48,901 [grpc-default-executor-14] INFO  impl.RoleInfo (RoleInfo.java:shutdownFollowerState(121)) - 0b10a9fc-47eb-4a2b-b664-8273d9d17379: shutdown FollowerState
2019-10-18 07:23:48,901 [Thread-8839] INFO  impl.FollowerState (FollowerState.java:run(117)) - 5170c5f3-8499-4b42-9321-85fc8a351f79@group-BCB82A5C07F5-FollowerState was interrupted: java.lang.InterruptedException: sleep interrupted
2019-10-18 07:23:48,901 [Thread-8838] INFO  impl.FollowerState (FollowerState.java:run(117)) - 0b10a9fc-47eb-4a2b-b664-8273d9d17379@group-BCB82A5C07F5-FollowerState was interrupted: java.lang.InterruptedException: sleep interrupted
2019-10-18 07:23:48,901 [grpc-default-executor-4] INFO  impl.RoleInfo (RoleInfo.java:updateAndGet(143)) - 5170c5f3-8499-4b42-9321-85fc8a351f79: start FollowerState
2019-10-18 07:23:48,901 [grpc-default-executor-14] INFO  impl.RoleInfo (RoleInfo.java:updateAndGet(143)) - 0b10a9fc-47eb-4a2b-b664-8273d9d17379: start FollowerState
2019-10-18 07:23:48,942 [4dea926d-4bc6-487a-9b9b-9fd457d0fae4@group-0C9C3B2D0CC1-LeaderElection963] INFO  impl.LeaderElection (LeaderElection.java:askForVotes(178)) - 4dea926d-4bc6-487a-9b9b-9fd457d0fae4@group-0C9C3B2D0CC1-LeaderElection963: begin an election at term 6 for -1: [6633f50a-7046-4b08-9937-8e25f1b14b15:192.168.34.25:39338, 67270882-100a-4e75-928d-618d17e069c8:192.168.34.25:36648, 4dea926d-4bc6-487a-9b9b-9fd457d0fae4:192.168.34.25:41624], old=null
2019-10-18 07:23:48,942 [12ad0800-05cb-443c-9fdd-fa1debf04523@group-BCB82A5C07F5-LeaderElection962] INFO  impl.LeaderElection (LeaderElection.java:logAndReturn(56)) - 12ad0800-05cb-443c-9fdd-fa1debf04523@group-BCB82A5C07F5-LeaderElection962: Election REJECTED; received 2 response(s) [12ad0800-05cb-443c-9fdd-fa1debf04523<-5170c5f3-8499-4b42-9321-85fc8a351f79#0:FAIL-t8, 12ad0800-05cb-443c-9fdd-fa1debf04523<-0b10a9fc-47eb-4a2b-b664-8273d9d17379#0:FAIL-t8] and 0 exception(s); 12ad0800-05cb-443c-9fdd-fa1debf04523@group-BCB82A5C07F5:t8, leader=null, voted=12ad0800-05cb-443c-9fdd-fa1debf04523, raftlog=12ad0800-05cb-443c-9fdd-fa1debf04523@group-BCB82A5C07F5-SegmentedRaftLog:OPENED:c-1,f-1,i0, conf=-1: [12ad0800-05cb-443c-9fdd-fa1debf04523:192.168.34.25:41155, 5170c5f3-8499-4b42-9321-85fc8a351f79:192.168.34.25:43074, 0b10a9fc-47eb-4a2b-b664-8273d9d17379:192.168.34.25:45248], old=null
2019-10-18 07:23:48,942 [12ad0800-05cb-443c-9fdd-fa1debf04523@group-BCB82A5C07F5-LeaderElection962] INFO  impl.RaftServerImpl (RaftServerImpl.java:setRole(184)) - 12ad0800-05cb-443c-9fdd-fa1debf04523@group-BCB82A5C07F5: changes role from CANDIDATE to FOLLOWER at term 8 for DISCOVERED_A_NEW_TERM
2019-10-18 07:23:48,943 [12ad0800-05cb-443c-9fdd-fa1debf04523@group-BCB82A5C07F5-LeaderElection962] INFO  impl.RoleInfo (RoleInfo.java:shutdownLeaderElection(134)) - 12ad0800-05cb-443c-9fdd-fa1debf04523: shutdown LeaderElection
2019-10-18 07:23:48,943 [12ad0800-05cb-443c-9fdd-fa1debf04523@group-BCB82A5C07F5-LeaderElection962] INFO  impl.RoleInfo (RoleInfo.java:updateAndGet(143)) - 12ad0800-05cb-443c-9fdd-fa1debf04523: start FollowerState
2019-10-18 07:23:48,943 [grpc-default-executor-4] INFO  impl.RaftServerImpl (RaftServerImpl.java:setRole(184)) - 6633f50a-7046-4b08-9937-8e25f1b14b15@group-0C9C3B2D0CC1: changes role from  FOLLOWER to FOLLOWER at term 6 for recognizeCandidate:4dea926d-4bc6-487a-9b9b-9fd457d0fae4
2019-10-18 07:23:48,943 [grpc-default-executor-4] INFO  impl.RoleInfo (RoleInfo.java:shutdownFollowerState(121)) - 6633f50a-7046-4b08-9937-8e25f1b14b15: shutdown FollowerState
2019-10-18 07:23:48,943 [grpc-default-executor-4] INFO  impl.RoleInfo (RoleInfo.java:updateAndGet(143)) - 6633f50a-7046-4b08-9937-8e25f1b14b15: start FollowerState
2019-10-18 07:23:48,944 [Thread-8819] INFO  impl.FollowerState (FollowerState.java:run(117)) - 6633f50a-7046-4b08-9937-8e25f1b14b15@group-0C9C3B2D0CC1-FollowerState was interrupted: java.lang.InterruptedException: sleep interrupted
2019-10-18 07:23:48,944 [grpc-default-executor-14] INFO  impl.RaftServerImpl (RaftServerImpl.java:setRole(184)) - 67270882-100a-4e75-928d-618d17e069c8@group-0C9C3B2D0CC1: changes role from  FOLLOWER to FOLLOWER at term 6 for recognizeCandidate:4dea926d-4bc6-487a-9b9b-9fd457d0fae4
2019-10-18 07:23:48,944 [grpc-default-executor-14] INFO  impl.RoleInfo (RoleInfo.java:shutdownFollowerState(121)) - 67270882-100a-4e75-928d-618d17e069c8: shutdown FollowerState
2019-10-18 07:23:48,944 [grpc-default-executor-14] INFO  impl.RoleInfo (RoleInfo.java:updateAndGet(143)) - 67270882-100a-4e75-928d-618d17e069c8: start FollowerState
2019-10-18 07:23:48,944 [Thread-8820] INFO  impl.FollowerState (FollowerState.java:run(117)) - 67270882-100a-4e75-928d-618d17e069c8@group-0C9C3B2D0CC1-FollowerState was interrupted: java.lang.InterruptedException: sleep interrupted
2019-10-18 07:23:48,967 [Thread-8849] INFO  impl.FollowerState (FollowerState.java:run(108)) - 12ad0800-05cb-443c-9fdd-fa1debf04523@group-BCB82A5C07F5-FollowerState: change to CANDIDATE, lastRpcTime:24ms, electionTimeout:24ms
2019-10-18 07:23:48,967 [Thread-8849] INFO  impl.RoleInfo (RoleInfo.java:shutdownFollowerState(121)) - 12ad0800-05cb-443c-9fdd-fa1debf04523: shutdown FollowerState
2019-10-18 07:23:48,967 [Thread-8849] INFO  impl.RaftServerImpl (RaftServerImpl.java:setRole(184)) - 12ad0800-05cb-443c-9fdd-fa1debf04523@group-BCB82A5C07F5: changes role from  FOLLOWER to CANDIDATE at term 8 for changeToCandidate
2019-10-18 07:23:48,967 [Thread-8849] INFO  impl.RoleInfo (RoleInfo.java:updateAndGet(143)) - 12ad0800-05cb-443c-9fdd-fa1debf04523: start LeaderElection
2019-10-18 07:23:48,968 [4dea926d-4bc6-487a-9b9b-9fd457d0fae4@group-0C9C3B2D0CC1-LeaderElection963] INFO  impl.LeaderElection (LeaderElection.java:logAndReturn(56)) - 4dea926d-4bc6-487a-9b9b-9fd457d0fae4@group-0C9C3B2D0CC1-LeaderElection963: Election REJECTED; received 2 response(s) [4dea926d-4bc6-487a-9b9b-9fd457d0fae4<-6633f50a-7046-4b08-9937-8e25f1b14b15#0:FAIL-t6, 4dea926d-4bc6-487a-9b9b-9fd457d0fae4<-67270882-100a-4e75-928d-618d17e069c8#0:FAIL-t6] and 0 exception(s); 4dea926d-4bc6-487a-9b9b-9fd457d0fae4@group-0C9C3B2D0CC1:t6, leader=null, voted=4dea926d-4bc6-487a-9b9b-9fd457d0fae4, raftlog=4dea926d-4bc6-487a-9b9b-9fd457d0fae4@group-0C9C3B2D0CC1-SegmentedRaftLog:OPENED:c-1,f-1,i0, conf=-1: [6633f50a-7046-4b08-9937-8e25f1b14b15:192.168.34.25:39338, 67270882-100a-4e75-928d-618d17e069c8:192.168.34.25:36648, 4dea926d-4bc6-487a-9b9b-9fd457d0fae4:192.168.34.25:41624], old=null
2019-10-18 07:23:48,968 [4dea926d-4bc6-487a-9b9b-9fd457d0fae4@group-0C9C3B2D0CC1-LeaderElection963] INFO  impl.RaftServerImpl (RaftServerImpl.java:setRole(184)) - 4dea926d-4bc6-487a-9b9b-9fd457d0fae4@group-0C9C3B2D0CC1: changes role from CANDIDATE to FOLLOWER at term 6 for DISCOVERED_A_NEW_TERM
2019-10-18 07:23:48,969 [4dea926d-4bc6-487a-9b9b-9fd457d0fae4@group-0C9C3B2D0CC1-LeaderElection963] INFO  impl.RoleInfo (RoleInfo.java:shutdownLeaderElection(134)) - 4dea926d-4bc6-487a-9b9b-9fd457d0fae4: shutdown LeaderElection
2019-10-18 07:23:48,969 [4dea926d-4bc6-487a-9b9b-9fd457d0fae4@group-0C9C3B2D0CC1-LeaderElection963] INFO  impl.RoleInfo (RoleInfo.java:updateAndGet(143)) - 4dea926d-4bc6-487a-9b9b-9fd457d0fae4: start FollowerState
2019-10-18 07:23:48,990 [12ad0800-05cb-443c-9fdd-fa1debf04523@group-BCB82A5C07F5-LeaderElection964] INFO  impl.LeaderElection (LeaderElection.java:askForVotes(178)) - 12ad0800-05cb-443c-9fdd-fa1debf04523@group-BCB82A5C07F5-LeaderElection964: begin an election at term 9 for -1: [12ad0800-05cb-443c-9fdd-fa1debf04523:192.168.34.25:41155, 5170c5f3-8499-4b42-9321-85fc8a351f79:192.168.34.25:43074, 0b10a9fc-47eb-4a2b-b664-8273d9d17379:192.168.34.25:45248], old=null
2019-10-18 07:23:48,991 [grpc-default-executor-4] INFO  impl.RaftServerImpl (RaftServerImpl.java:setRole(184)) - 5170c5f3-8499-4b42-9321-85fc8a351f79@group-BCB82A5C07F5: changes role from  FOLLOWER to FOLLOWER at term 9 for recognizeCandidate:12ad0800-05cb-443c-9fdd-fa1debf04523
2019-10-18 07:23:48,991 [grpc-default-executor-14] INFO  impl.RaftServerImpl (RaftServerImpl.java:setRole(184)) - 0b10a9fc-47eb-4a2b-b664-8273d9d17379@group-BCB82A5C07F5: changes role from  FOLLOWER to FOLLOWER at term 9 for recognizeCandidate:12ad0800-05cb-443c-9fdd-fa1debf04523
2019-10-18 07:23:48,991 [grpc-default-executor-14] INFO  impl.RoleInfo (RoleInfo.java:shutdownFollowerState(121)) - 0b10a9fc-47eb-4a2b-b664-8273d9d17379: shutdown FollowerState
2019-10-18 07:23:48,991 [grpc-default-executor-4] INFO  impl.RoleInfo (RoleInfo.java:shutdownFollowerState(121)) - 5170c5f3-8499-4b42-9321-85fc8a351f79: shutdown FollowerState
2019-10-18 07:23:48,991 [Thread-8846] INFO  impl.FollowerState (FollowerState.java:run(117)) - 0b10a9fc-47eb-4a2b-b664-8273d9d17379@group-BCB82A5C07F5-FollowerState was interrupted: java.lang.InterruptedException: sleep interrupted
2019-10-18 07:23:48,991 [grpc-default-executor-14] INFO  impl.RoleInfo (RoleInfo.java:updateAndGet(143)) - 0b10a9fc-47eb-4a2b-b664-8273d9d17379: start FollowerState
2019-10-18 07:23:48,991 [Thread-8845] INFO  impl.FollowerState (FollowerState.java:run(117)) - 5170c5f3-8499-4b42-9321-85fc8a351f79@group-BCB82A5C07F5-FollowerState was interrupted: java.lang.InterruptedException: sleep interrupted
2019-10-18 07:23:48,991 [grpc-default-executor-4] INFO  impl.RoleInfo (RoleInfo.java:updateAndGet(143)) - 5170c5f3-8499-4b42-9321-85fc8a351f79: start FollowerState
2019-10-18 07:23:49,013 [12ad0800-05cb-443c-9fdd-fa1debf04523@group-BCB82A5C07F5-LeaderElection964] INFO  impl.LeaderElection (LeaderElection.java:logAndReturn(56)) - 12ad0800-05cb-443c-9fdd-fa1debf04523@group-BCB82A5C07F5-LeaderElection964: Election REJECTED; received 2 response(s) [12ad0800-05cb-443c-9fdd-fa1debf04523<-5170c5f3-8499-4b42-9321-85fc8a351f79#0:FAIL-t9, 12ad0800-05cb-443c-9fdd-fa1debf04523<-0b10a9fc-47eb-4a2b-b664-8273d9d17379#0:FAIL-t9] and 0 exception(s); 12ad0800-05cb-443c-9fdd-fa1debf04523@group-BCB82A5C07F5:t9, leader=null, voted=12ad0800-05cb-443c-9fdd-fa1debf04523, raftlog=12ad0800-05cb-443c-9fdd-fa1debf04523@group-BCB82A5C07F5-SegmentedRaftLog:OPENED:c-1,f-1,i0, conf=-1: [12ad0800-05cb-443c-9fdd-fa1debf04523:192.168.34.25:41155, 5170c5f3-8499-4b42-9321-85fc8a351f79:192.168.34.25:43074, 0b10a9fc-47eb-4a2b-b664-8273d9d17379:192.168.34.25:45248], old=null
2019-10-18 07:23:49,013 [main] INFO  ozone.MiniOzoneClusterImpl (MiniOzoneClusterImpl.java:lambda$waitForClusterToBeReady$0(147)) - Cluster is ready. Got 10 of 10 DN Heartbeats.
2019-10-18 07:23:49,014 [12ad0800-05cb-443c-9fdd-fa1debf04523@group-BCB82A5C07F5-LeaderElection964] INFO  impl.RaftServerImpl (RaftServerImpl.java:setRole(184)) - 12ad0800-05cb-443c-9fdd-fa1debf04523@group-BCB82A5C07F5: changes role from CANDIDATE to FOLLOWER at term 9 for DISCOVERED_A_NEW_TERM
2019-10-18 07:23:49,014 [12ad0800-05cb-443c-9fdd-fa1debf04523@group-BCB82A5C07F5-LeaderElection964] INFO  impl.RoleInfo (RoleInfo.java:shutdownLeaderElection(134)) - 12ad0800-05cb-443c-9fdd-fa1debf04523: shutdown LeaderElection
2019-10-18 07:23:49,014 [12ad0800-05cb-443c-9fdd-fa1debf04523@group-BCB82A5C07F5-LeaderElection964] INFO  impl.RoleInfo (RoleInfo.java:updateAndGet(143)) - 12ad0800-05cb-443c-9fdd-fa1debf04523: start FollowerState
2019-10-18 07:23:49,050 [Thread-8853] INFO  impl.FollowerState (FollowerState.java:run(108)) - 4dea926d-4bc6-487a-9b9b-9fd457d0fae4@group-0C9C3B2D0CC1-FollowerState: change to CANDIDATE, lastRpcTime:80ms, electionTimeout:79ms
2019-10-18 07:23:49,050 [Thread-8853] INFO  impl.RoleInfo (RoleInfo.java:shutdownFollowerState(121)) - 4dea926d-4bc6-487a-9b9b-9fd457d0fae4: shutdown FollowerState
2019-10-18 07:23:49,050 [Thread-8853] INFO  impl.RaftServerImpl (RaftServerImpl.java:setRole(184)) - 4dea926d-4bc6-487a-9b9b-9fd457d0fae4@group-0C9C3B2D0CC1: changes role from  FOLLOWER to CANDIDATE at term 6 for changeToCandidate
2019-10-18 07:23:49,050 [Thread-8853] INFO  impl.RoleInfo (RoleInfo.java:updateAndGet(143)) - 4dea926d-4bc6-487a-9b9b-9fd457d0fae4: start LeaderElection
2019-10-18 07:23:49,051 [main] INFO  rpc.RpcClient (RpcClient.java:createVolume(272)) - Creating Volume: datanodefailurehandlingtest, with jenkins1000 as owner.
2019-10-18 07:23:49,055 [IPC Server handler 17 on 33217] INFO  volume.OMVolumeCreateRequest (OMVolumeCreateRequest.java:validateAndUpdateCache(193)) - created volume:datanodefailurehandlingtest for user:jenkins1000
2019-10-18 07:23:49,130 [Thread-8858] INFO  impl.FollowerState (FollowerState.java:run(108)) - 12ad0800-05cb-443c-9fdd-fa1debf04523@group-BCB82A5C07F5-FollowerState: change to CANDIDATE, lastRpcTime:116ms, electionTimeout:116ms
2019-10-18 07:23:49,130 [Thread-8858] INFO  impl.RoleInfo (RoleInfo.java:shutdownFollowerState(121)) - 12ad0800-05cb-443c-9fdd-fa1debf04523: shutdown FollowerState
2019-10-18 07:23:49,130 [Thread-8858] INFO  impl.RaftServerImpl (RaftServerImpl.java:setRole(184)) - 12ad0800-05cb-443c-9fdd-fa1debf04523@group-BCB82A5C07F5: changes role from  FOLLOWER to CANDIDATE at term 9 for changeToCandidate
2019-10-18 07:23:49,130 [Thread-8858] INFO  impl.RoleInfo (RoleInfo.java:updateAndGet(143)) - 12ad0800-05cb-443c-9fdd-fa1debf04523: start LeaderElection
2019-10-18 07:23:49,163 [4dea926d-4bc6-487a-9b9b-9fd457d0fae4@group-0C9C3B2D0CC1-LeaderElection965] INFO  impl.LeaderElection (LeaderElection.java:askForVotes(178)) - 4dea926d-4bc6-487a-9b9b-9fd457d0fae4@group-0C9C3B2D0CC1-LeaderElection965: begin an election at term 7 for -1: [6633f50a-7046-4b08-9937-8e25f1b14b15:192.168.34.25:39338, 67270882-100a-4e75-928d-618d17e069c8:192.168.34.25:36648, 4dea926d-4bc6-487a-9b9b-9fd457d0fae4:192.168.34.25:41624], old=null
2019-10-18 07:23:49,174 [grpc-default-executor-4] INFO  impl.RaftServerImpl (RaftServerImpl.java:setRole(184)) - 6633f50a-7046-4b08-9937-8e25f1b14b15@group-0C9C3B2D0CC1: changes role from  FOLLOWER to FOLLOWER at term 7 for recognizeCandidate:4dea926d-4bc6-487a-9b9b-9fd457d0fae4
2019-10-18 07:23:49,174 [grpc-default-executor-4] INFO  impl.RoleInfo (RoleInfo.java:shutdownFollowerState(121)) - 6633f50a-7046-4b08-9937-8e25f1b14b15: shutdown FollowerState
2019-10-18 07:23:49,174 [grpc-default-executor-4] INFO  impl.RoleInfo (RoleInfo.java:updateAndGet(143)) - 6633f50a-7046-4b08-9937-8e25f1b14b15: start FollowerState
2019-10-18 07:23:49,174 [Thread-8850] INFO  impl.FollowerState (FollowerState.java:run(117)) - 6633f50a-7046-4b08-9937-8e25f1b14b15@group-0C9C3B2D0CC1-FollowerState was interrupted: java.lang.InterruptedException: sleep interrupted
2019-10-18 07:23:49,174 [grpc-default-executor-14] INFO  impl.RaftServerImpl (RaftServerImpl.java:setRole(184)) - 67270882-100a-4e75-928d-618d17e069c8@group-0C9C3B2D0CC1: changes role from  FOLLOWER to FOLLOWER at term 7 for recognizeCandidate:4dea926d-4bc6-487a-9b9b-9fd457d0fae4
2019-10-18 07:23:49,174 [main] INFO  rpc.RpcClient (RpcClient.java:createBucket(411)) - Creating Bucket: datanodefailurehandlingtest/datanodefailurehandlingtest, with Versioning false and Storage Type set to DISK and Encryption set to false 
2019-10-18 07:23:49,174 [grpc-default-executor-14] INFO  impl.RoleInfo (RoleInfo.java:shutdownFollowerState(121)) - 67270882-100a-4e75-928d-618d17e069c8: shutdown FollowerState
2019-10-18 07:23:49,175 [grpc-default-executor-14] INFO  impl.RoleInfo (RoleInfo.java:updateAndGet(143)) - 67270882-100a-4e75-928d-618d17e069c8: start FollowerState
2019-10-18 07:23:49,175 [Thread-8851] INFO  impl.FollowerState (FollowerState.java:run(117)) - 67270882-100a-4e75-928d-618d17e069c8@group-0C9C3B2D0CC1-FollowerState was interrupted: java.lang.InterruptedException: sleep interrupted
2019-10-18 07:23:49,188 [12ad0800-05cb-443c-9fdd-fa1debf04523@group-BCB82A5C07F5-LeaderElection966] INFO  impl.LeaderElection (LeaderElection.java:askForVotes(178)) - 12ad0800-05cb-443c-9fdd-fa1debf04523@group-BCB82A5C07F5-LeaderElection966: begin an election at term 10 for -1: [12ad0800-05cb-443c-9fdd-fa1debf04523:192.168.34.25:41155, 5170c5f3-8499-4b42-9321-85fc8a351f79:192.168.34.25:43074, 0b10a9fc-47eb-4a2b-b664-8273d9d17379:192.168.34.25:45248], old=null
2019-10-18 07:23:49,189 [4dea926d-4bc6-487a-9b9b-9fd457d0fae4@group-0C9C3B2D0CC1-LeaderElection965] INFO  impl.LeaderElection (LeaderElection.java:logAndReturn(56)) - 4dea926d-4bc6-487a-9b9b-9fd457d0fae4@group-0C9C3B2D0CC1-LeaderElection965: Election REJECTED; received 2 response(s) [4dea926d-4bc6-487a-9b9b-9fd457d0fae4<-6633f50a-7046-4b08-9937-8e25f1b14b15#0:FAIL-t7, 4dea926d-4bc6-487a-9b9b-9fd457d0fae4<-67270882-100a-4e75-928d-618d17e069c8#0:FAIL-t7] and 0 exception(s); 4dea926d-4bc6-487a-9b9b-9fd457d0fae4@group-0C9C3B2D0CC1:t7, leader=null, voted=4dea926d-4bc6-487a-9b9b-9fd457d0fae4, raftlog=4dea926d-4bc6-487a-9b9b-9fd457d0fae4@group-0C9C3B2D0CC1-SegmentedRaftLog:OPENED:c-1,f-1,i0, conf=-1: [6633f50a-7046-4b08-9937-8e25f1b14b15:192.168.34.25:39338, 67270882-100a-4e75-928d-618d17e069c8:192.168.34.25:36648, 4dea926d-4bc6-487a-9b9b-9fd457d0fae4:192.168.34.25:41624], old=null
2019-10-18 07:23:49,189 [4dea926d-4bc6-487a-9b9b-9fd457d0fae4@group-0C9C3B2D0CC1-LeaderElection965] INFO  impl.RaftServerImpl (RaftServerImpl.java:setRole(184)) - 4dea926d-4bc6-487a-9b9b-9fd457d0fae4@group-0C9C3B2D0CC1: changes role from CANDIDATE to FOLLOWER at term 7 for DISCOVERED_A_NEW_TERM
2019-10-18 07:23:49,189 [4dea926d-4bc6-487a-9b9b-9fd457d0fae4@group-0C9C3B2D0CC1-LeaderElection965] INFO  impl.RoleInfo (RoleInfo.java:shutdownLeaderElection(134)) - 4dea926d-4bc6-487a-9b9b-9fd457d0fae4: shutdown LeaderElection
2019-10-18 07:23:49,190 [4dea926d-4bc6-487a-9b9b-9fd457d0fae4@group-0C9C3B2D0CC1-LeaderElection965] INFO  impl.RoleInfo (RoleInfo.java:updateAndGet(143)) - 4dea926d-4bc6-487a-9b9b-9fd457d0fae4: start FollowerState
2019-10-18 07:23:49,190 [grpc-default-executor-14] INFO  impl.RaftServerImpl (RaftServerImpl.java:setRole(184)) - 5170c5f3-8499-4b42-9321-85fc8a351f79@group-BCB82A5C07F5: changes role from  FOLLOWER to FOLLOWER at term 10 for recognizeCandidate:12ad0800-05cb-443c-9fdd-fa1debf04523
2019-10-18 07:23:49,190 [grpc-default-executor-14] INFO  impl.RoleInfo (RoleInfo.java:shutdownFollowerState(121)) - 5170c5f3-8499-4b42-9321-85fc8a351f79: shutdown FollowerState
2019-10-18 07:23:49,190 [grpc-default-executor-14] INFO  impl.RoleInfo (RoleInfo.java:updateAndGet(143)) - 5170c5f3-8499-4b42-9321-85fc8a351f79: start FollowerState
2019-10-18 07:23:49,190 [grpc-default-executor-4] INFO  impl.RaftServerImpl (RaftServerImpl.java:setRole(184)) - 0b10a9fc-47eb-4a2b-b664-8273d9d17379@group-BCB82A5C07F5: changes role from  FOLLOWER to FOLLOWER at term 10 for recognizeCandidate:12ad0800-05cb-443c-9fdd-fa1debf04523
2019-10-18 07:23:49,190 [grpc-default-executor-4] INFO  impl.RoleInfo (RoleInfo.java:shutdownFollowerState(121)) - 0b10a9fc-47eb-4a2b-b664-8273d9d17379: shutdown FollowerState
2019-10-18 07:23:49,190 [Thread-8857] INFO  impl.FollowerState (FollowerState.java:run(117)) - 5170c5f3-8499-4b42-9321-85fc8a351f79@group-BCB82A5C07F5-FollowerState was interrupted: java.lang.InterruptedException: sleep interrupted
2019-10-18 07:23:49,190 [Thread-8856] INFO  impl.FollowerState (FollowerState.java:run(117)) - 0b10a9fc-47eb-4a2b-b664-8273d9d17379@group-BCB82A5C07F5-FollowerState was interrupted: java.lang.InterruptedException: sleep interrupted
2019-10-18 07:23:49,190 [grpc-default-executor-4] INFO  impl.RoleInfo (RoleInfo.java:updateAndGet(143)) - 0b10a9fc-47eb-4a2b-b664-8273d9d17379: start FollowerState
2019-10-18 07:23:49,216 [12ad0800-05cb-443c-9fdd-fa1debf04523@group-BCB82A5C07F5-LeaderElection966] INFO  impl.LeaderElection (LeaderElection.java:logAndReturn(56)) - 12ad0800-05cb-443c-9fdd-fa1debf04523@group-BCB82A5C07F5-LeaderElection966: Election TIMEOUT; received 0 response(s) [] and 0 exception(s); 12ad0800-05cb-443c-9fdd-fa1debf04523@group-BCB82A5C07F5:t10, leader=null, voted=12ad0800-05cb-443c-9fdd-fa1debf04523, raftlog=12ad0800-05cb-443c-9fdd-fa1debf04523@group-BCB82A5C07F5-SegmentedRaftLog:OPENED:c-1,f-1,i0, conf=-1: [12ad0800-05cb-443c-9fdd-fa1debf04523:192.168.34.25:41155, 5170c5f3-8499-4b42-9321-85fc8a351f79:192.168.34.25:43074, 0b10a9fc-47eb-4a2b-b664-8273d9d17379:192.168.34.25:45248], old=null
2019-10-18 07:23:49,242 [12ad0800-05cb-443c-9fdd-fa1debf04523@group-BCB82A5C07F5-LeaderElection966] INFO  impl.LeaderElection (LeaderElection.java:askForVotes(178)) - 12ad0800-05cb-443c-9fdd-fa1debf04523@group-BCB82A5C07F5-LeaderElection966: begin an election at term 11 for -1: [12ad0800-05cb-443c-9fdd-fa1debf04523:192.168.34.25:41155, 5170c5f3-8499-4b42-9321-85fc8a351f79:192.168.34.25:43074, 0b10a9fc-47eb-4a2b-b664-8273d9d17379:192.168.34.25:45248], old=null
2019-10-18 07:23:49,243 [grpc-default-executor-4] INFO  impl.RaftServerImpl (RaftServerImpl.java:setRole(184)) - 5170c5f3-8499-4b42-9321-85fc8a351f79@group-BCB82A5C07F5: changes role from  FOLLOWER to FOLLOWER at term 11 for recognizeCandidate:12ad0800-05cb-443c-9fdd-fa1debf04523
2019-10-18 07:23:49,243 [grpc-default-executor-14] INFO  impl.RaftServerImpl (RaftServerImpl.java:setRole(184)) - 0b10a9fc-47eb-4a2b-b664-8273d9d17379@group-BCB82A5C07F5: changes role from  FOLLOWER to FOLLOWER at term 11 for recognizeCandidate:12ad0800-05cb-443c-9fdd-fa1debf04523
2019-10-18 07:23:49,243 [grpc-default-executor-4] INFO  impl.RoleInfo (RoleInfo.java:shutdownFollowerState(121)) - 5170c5f3-8499-4b42-9321-85fc8a351f79: shutdown FollowerState
2019-10-18 07:23:49,243 [grpc-default-executor-14] INFO  impl.RoleInfo (RoleInfo.java:shutdownFollowerState(121)) - 0b10a9fc-47eb-4a2b-b664-8273d9d17379: shutdown FollowerState
2019-10-18 07:23:49,244 [Thread-8870] INFO  impl.FollowerState (FollowerState.java:run(117)) - 5170c5f3-8499-4b42-9321-85fc8a351f79@group-BCB82A5C07F5-FollowerState was interrupted: java.lang.InterruptedException: sleep interrupted
2019-10-18 07:23:49,244 [Thread-8871] INFO  impl.FollowerState (FollowerState.java:run(117)) - 0b10a9fc-47eb-4a2b-b664-8273d9d17379@group-BCB82A5C07F5-FollowerState was interrupted: java.lang.InterruptedException: sleep interrupted
2019-10-18 07:23:49,244 [grpc-default-executor-4] INFO  impl.RoleInfo (RoleInfo.java:updateAndGet(143)) - 5170c5f3-8499-4b42-9321-85fc8a351f79: start FollowerState
2019-10-18 07:23:49,244 [grpc-default-executor-14] INFO  impl.RoleInfo (RoleInfo.java:updateAndGet(143)) - 0b10a9fc-47eb-4a2b-b664-8273d9d17379: start FollowerState
2019-10-18 07:23:49,247 [Thread-8869] INFO  impl.FollowerState (FollowerState.java:run(108)) - 4dea926d-4bc6-487a-9b9b-9fd457d0fae4@group-0C9C3B2D0CC1-FollowerState: change to CANDIDATE, lastRpcTime:57ms, electionTimeout:57ms
2019-10-18 07:23:49,247 [Thread-8869] INFO  impl.RoleInfo (RoleInfo.java:shutdownFollowerState(121)) - 4dea926d-4bc6-487a-9b9b-9fd457d0fae4: shutdown FollowerState
2019-10-18 07:23:49,247 [Thread-8869] INFO  impl.RaftServerImpl (RaftServerImpl.java:setRole(184)) - 4dea926d-4bc6-487a-9b9b-9fd457d0fae4@group-0C9C3B2D0CC1: changes role from  FOLLOWER to CANDIDATE at term 7 for changeToCandidate
2019-10-18 07:23:49,247 [Thread-8869] INFO  impl.RoleInfo (RoleInfo.java:updateAndGet(143)) - 4dea926d-4bc6-487a-9b9b-9fd457d0fae4: start LeaderElection
2019-10-18 07:23:49,269 [4dea926d-4bc6-487a-9b9b-9fd457d0fae4@group-0C9C3B2D0CC1-LeaderElection967] INFO  impl.LeaderElection (LeaderElection.java:askForVotes(178)) - 4dea926d-4bc6-487a-9b9b-9fd457d0fae4@group-0C9C3B2D0CC1-LeaderElection967: begin an election at term 8 for -1: [6633f50a-7046-4b08-9937-8e25f1b14b15:192.168.34.25:39338, 67270882-100a-4e75-928d-618d17e069c8:192.168.34.25:36648, 4dea926d-4bc6-487a-9b9b-9fd457d0fae4:192.168.34.25:41624], old=null
2019-10-18 07:23:49,271 [12ad0800-05cb-443c-9fdd-fa1debf04523@group-BCB82A5C07F5-LeaderElection966] INFO  impl.LeaderElection (LeaderElection.java:logAndReturn(56)) - 12ad0800-05cb-443c-9fdd-fa1debf04523@group-BCB82A5C07F5-LeaderElection966: Election REJECTED; received 2 response(s) [12ad0800-05cb-443c-9fdd-fa1debf04523<-5170c5f3-8499-4b42-9321-85fc8a351f79#0:FAIL-t11, 12ad0800-05cb-443c-9fdd-fa1debf04523<-0b10a9fc-47eb-4a2b-b664-8273d9d17379#0:FAIL-t11] and 0 exception(s); 12ad0800-05cb-443c-9fdd-fa1debf04523@group-BCB82A5C07F5:t11, leader=null, voted=12ad0800-05cb-443c-9fdd-fa1debf04523, raftlog=12ad0800-05cb-443c-9fdd-fa1debf04523@group-BCB82A5C07F5-SegmentedRaftLog:OPENED:c-1,f-1,i0, conf=-1: [12ad0800-05cb-443c-9fdd-fa1debf04523:192.168.34.25:41155, 5170c5f3-8499-4b42-9321-85fc8a351f79:192.168.34.25:43074, 0b10a9fc-47eb-4a2b-b664-8273d9d17379:192.168.34.25:45248], old=null
2019-10-18 07:23:49,271 [12ad0800-05cb-443c-9fdd-fa1debf04523@group-BCB82A5C07F5-LeaderElection966] INFO  impl.RaftServerImpl (RaftServerImpl.java:setRole(184)) - 12ad0800-05cb-443c-9fdd-fa1debf04523@group-BCB82A5C07F5: changes role from CANDIDATE to FOLLOWER at term 11 for DISCOVERED_A_NEW_TERM
2019-10-18 07:23:49,271 [12ad0800-05cb-443c-9fdd-fa1debf04523@group-BCB82A5C07F5-LeaderElection966] INFO  impl.RoleInfo (RoleInfo.java:shutdownLeaderElection(134)) - 12ad0800-05cb-443c-9fdd-fa1debf04523: shutdown LeaderElection
2019-10-18 07:23:49,272 [12ad0800-05cb-443c-9fdd-fa1debf04523@group-BCB82A5C07F5-LeaderElection966] INFO  impl.RoleInfo (RoleInfo.java:updateAndGet(143)) - 12ad0800-05cb-443c-9fdd-fa1debf04523: start FollowerState
2019-10-18 07:23:49,272 [grpc-default-executor-11] INFO  impl.RaftServerImpl (RaftServerImpl.java:setRole(184)) - 6633f50a-7046-4b08-9937-8e25f1b14b15@group-0C9C3B2D0CC1: changes role from  FOLLOWER to FOLLOWER at term 8 for recognizeCandidate:4dea926d-4bc6-487a-9b9b-9fd457d0fae4
2019-10-18 07:23:49,272 [grpc-default-executor-11] INFO  impl.RoleInfo (RoleInfo.java:shutdownFollowerState(121)) - 6633f50a-7046-4b08-9937-8e25f1b14b15: shutdown FollowerState
2019-10-18 07:23:49,272 [grpc-default-executor-4] INFO  impl.RaftServerImpl (RaftServerImpl.java:setRole(184)) - 67270882-100a-4e75-928d-618d17e069c8@group-0C9C3B2D0CC1: changes role from  FOLLOWER to FOLLOWER at term 8 for recognizeCandidate:4dea926d-4bc6-487a-9b9b-9fd457d0fae4
2019-10-18 07:23:49,272 [Thread-8865] INFO  impl.FollowerState (FollowerState.java:run(117)) - 6633f50a-7046-4b08-9937-8e25f1b14b15@group-0C9C3B2D0CC1-FollowerState was interrupted: java.lang.InterruptedException: sleep interrupted
2019-10-18 07:23:49,272 [grpc-default-executor-4] INFO  impl.RoleInfo (RoleInfo.java:shutdownFollowerState(121)) - 67270882-100a-4e75-928d-618d17e069c8: shutdown FollowerState
2019-10-18 07:23:49,272 [grpc-default-executor-11] INFO  impl.RoleInfo (RoleInfo.java:updateAndGet(143)) - 6633f50a-7046-4b08-9937-8e25f1b14b15: start FollowerState
2019-10-18 07:23:49,272 [Thread-8866] INFO  impl.FollowerState (FollowerState.java:run(117)) - 67270882-100a-4e75-928d-618d17e069c8@group-0C9C3B2D0CC1-FollowerState was interrupted: java.lang.InterruptedException: sleep interrupted
2019-10-18 07:23:49,272 [grpc-default-executor-4] INFO  impl.RoleInfo (RoleInfo.java:updateAndGet(143)) - 67270882-100a-4e75-928d-618d17e069c8: start FollowerState
2019-10-18 07:23:49,297 [4dea926d-4bc6-487a-9b9b-9fd457d0fae4@group-0C9C3B2D0CC1-LeaderElection967] INFO  impl.LeaderElection (LeaderElection.java:logAndReturn(56)) - 4dea926d-4bc6-487a-9b9b-9fd457d0fae4@group-0C9C3B2D0CC1-LeaderElection967: Election REJECTED; received 2 response(s) [4dea926d-4bc6-487a-9b9b-9fd457d0fae4<-6633f50a-7046-4b08-9937-8e25f1b14b15#0:FAIL-t8, 4dea926d-4bc6-487a-9b9b-9fd457d0fae4<-67270882-100a-4e75-928d-618d17e069c8#0:FAIL-t8] and 0 exception(s); 4dea926d-4bc6-487a-9b9b-9fd457d0fae4@group-0C9C3B2D0CC1:t8, leader=null, voted=4dea926d-4bc6-487a-9b9b-9fd457d0fae4, raftlog=4dea926d-4bc6-487a-9b9b-9fd457d0fae4@group-0C9C3B2D0CC1-SegmentedRaftLog:OPENED:c-1,f-1,i0, conf=-1: [6633f50a-7046-4b08-9937-8e25f1b14b15:192.168.34.25:39338, 67270882-100a-4e75-928d-618d17e069c8:192.168.34.25:36648, 4dea926d-4bc6-487a-9b9b-9fd457d0fae4:192.168.34.25:41624], old=null
2019-10-18 07:23:49,297 [4dea926d-4bc6-487a-9b9b-9fd457d0fae4@group-0C9C3B2D0CC1-LeaderElection967] INFO  impl.RaftServerImpl (RaftServerImpl.java:setRole(184)) - 4dea926d-4bc6-487a-9b9b-9fd457d0fae4@group-0C9C3B2D0CC1: changes role from CANDIDATE to FOLLOWER at term 8 for DISCOVERED_A_NEW_TERM
2019-10-18 07:23:49,297 [4dea926d-4bc6-487a-9b9b-9fd457d0fae4@group-0C9C3B2D0CC1-LeaderElection967] INFO  impl.RoleInfo (RoleInfo.java:shutdownLeaderElection(134)) - 4dea926d-4bc6-487a-9b9b-9fd457d0fae4: shutdown LeaderElection
2019-10-18 07:23:49,297 [4dea926d-4bc6-487a-9b9b-9fd457d0fae4@group-0C9C3B2D0CC1-LeaderElection967] INFO  impl.RoleInfo (RoleInfo.java:updateAndGet(143)) - 4dea926d-4bc6-487a-9b9b-9fd457d0fae4: start FollowerState
2019-10-18 07:23:49,317 [Thread-8882] INFO  impl.FollowerState (FollowerState.java:run(108)) - 12ad0800-05cb-443c-9fdd-fa1debf04523@group-BCB82A5C07F5-FollowerState: change to CANDIDATE, lastRpcTime:45ms, electionTimeout:45ms
2019-10-18 07:23:49,317 [Thread-8882] INFO  impl.RoleInfo (RoleInfo.java:shutdownFollowerState(121)) - 12ad0800-05cb-443c-9fdd-fa1debf04523: shutdown FollowerState
2019-10-18 07:23:49,317 [Thread-8882] INFO  impl.RaftServerImpl (RaftServerImpl.java:setRole(184)) - 12ad0800-05cb-443c-9fdd-fa1debf04523@group-BCB82A5C07F5: changes role from  FOLLOWER to CANDIDATE at term 11 for changeToCandidate
2019-10-18 07:23:49,317 [Thread-8882] INFO  impl.RoleInfo (RoleInfo.java:updateAndGet(143)) - 12ad0800-05cb-443c-9fdd-fa1debf04523: start LeaderElection
2019-10-18 07:23:49,340 [12ad0800-05cb-443c-9fdd-fa1debf04523@group-BCB82A5C07F5-LeaderElection968] INFO  impl.LeaderElection (LeaderElection.java:askForVotes(178)) - 12ad0800-05cb-443c-9fdd-fa1debf04523@group-BCB82A5C07F5-LeaderElection968: begin an election at term 12 for -1: [12ad0800-05cb-443c-9fdd-fa1debf04523:192.168.34.25:41155, 5170c5f3-8499-4b42-9321-85fc8a351f79:192.168.34.25:43074, 0b10a9fc-47eb-4a2b-b664-8273d9d17379:192.168.34.25:45248], old=null
2019-10-18 07:23:49,341 [grpc-default-executor-4] INFO  impl.RaftServerImpl (RaftServerImpl.java:setRole(184)) - 5170c5f3-8499-4b42-9321-85fc8a351f79@group-BCB82A5C07F5: changes role from  FOLLOWER to FOLLOWER at term 12 for recognizeCandidate:12ad0800-05cb-443c-9fdd-fa1debf04523
2019-10-18 07:23:49,342 [grpc-default-executor-4] INFO  impl.RoleInfo (RoleInfo.java:shutdownFollowerState(121)) - 5170c5f3-8499-4b42-9321-85fc8a351f79: shutdown FollowerState
2019-10-18 07:23:49,342 [grpc-default-executor-11] INFO  impl.RaftServerImpl (RaftServerImpl.java:setRole(184)) - 0b10a9fc-47eb-4a2b-b664-8273d9d17379@group-BCB82A5C07F5: changes role from  FOLLOWER to FOLLOWER at term 12 for recognizeCandidate:12ad0800-05cb-443c-9fdd-fa1debf04523
2019-10-18 07:23:49,342 [Thread-8874] INFO  impl.FollowerState (FollowerState.java:run(117)) - 5170c5f3-8499-4b42-9321-85fc8a351f79@group-BCB82A5C07F5-FollowerState was interrupted: java.lang.InterruptedException: sleep interrupted
2019-10-18 07:23:49,342 [grpc-default-executor-4] INFO  impl.RoleInfo (RoleInfo.java:updateAndGet(143)) - 5170c5f3-8499-4b42-9321-85fc8a351f79: start FollowerState
2019-10-18 07:23:49,342 [grpc-default-executor-11] INFO  impl.RoleInfo (RoleInfo.java:shutdownFollowerState(121)) - 0b10a9fc-47eb-4a2b-b664-8273d9d17379: shutdown FollowerState
2019-10-18 07:23:49,342 [grpc-default-executor-11] INFO  impl.RoleInfo (RoleInfo.java:updateAndGet(143)) - 0b10a9fc-47eb-4a2b-b664-8273d9d17379: start FollowerState
2019-10-18 07:23:49,342 [Thread-8875] INFO  impl.FollowerState (FollowerState.java:run(117)) - 0b10a9fc-47eb-4a2b-b664-8273d9d17379@group-BCB82A5C07F5-FollowerState was interrupted: java.lang.InterruptedException: sleep interrupted
2019-10-18 07:23:49,351 [Thread-8885] INFO  impl.FollowerState (FollowerState.java:run(108)) - 4dea926d-4bc6-487a-9b9b-9fd457d0fae4@group-0C9C3B2D0CC1-FollowerState: change to CANDIDATE, lastRpcTime:54ms, electionTimeout:54ms
2019-10-18 07:23:49,351 [Thread-8885] INFO  impl.RoleInfo (RoleInfo.java:shutdownFollowerState(121)) - 4dea926d-4bc6-487a-9b9b-9fd457d0fae4: shutdown FollowerState
2019-10-18 07:23:49,352 [Thread-8885] INFO  impl.RaftServerImpl (RaftServerImpl.java:setRole(184)) - 4dea926d-4bc6-487a-9b9b-9fd457d0fae4@group-0C9C3B2D0CC1: changes role from  FOLLOWER to CANDIDATE at term 8 for changeToCandidate
2019-10-18 07:23:49,352 [Thread-8885] INFO  impl.RoleInfo (RoleInfo.java:updateAndGet(143)) - 4dea926d-4bc6-487a-9b9b-9fd457d0fae4: start LeaderElection
2019-10-18 07:23:49,365 [4dea926d-4bc6-487a-9b9b-9fd457d0fae4@group-0C9C3B2D0CC1-LeaderElection969] INFO  impl.LeaderElection (LeaderElection.java:askForVotes(178)) - 4dea926d-4bc6-487a-9b9b-9fd457d0fae4@group-0C9C3B2D0CC1-LeaderElection969: begin an election at term 9 for -1: [6633f50a-7046-4b08-9937-8e25f1b14b15:192.168.34.25:39338, 67270882-100a-4e75-928d-618d17e069c8:192.168.34.25:36648, 4dea926d-4bc6-487a-9b9b-9fd457d0fae4:192.168.34.25:41624], old=null
2019-10-18 07:23:49,366 [12ad0800-05cb-443c-9fdd-fa1debf04523@group-BCB82A5C07F5-LeaderElection968] INFO  impl.LeaderElection (LeaderElection.java:logAndReturn(56)) - 12ad0800-05cb-443c-9fdd-fa1debf04523@group-BCB82A5C07F5-LeaderElection968: Election REJECTED; received 2 response(s) [12ad0800-05cb-443c-9fdd-fa1debf04523<-5170c5f3-8499-4b42-9321-85fc8a351f79#0:FAIL-t12, 12ad0800-05cb-443c-9fdd-fa1debf04523<-0b10a9fc-47eb-4a2b-b664-8273d9d17379#0:FAIL-t12] and 0 exception(s); 12ad0800-05cb-443c-9fdd-fa1debf04523@group-BCB82A5C07F5:t12, leader=null, voted=12ad0800-05cb-443c-9fdd-fa1debf04523, raftlog=12ad0800-05cb-443c-9fdd-fa1debf04523@group-BCB82A5C07F5-SegmentedRaftLog:OPENED:c-1,f-1,i0, conf=-1: [12ad0800-05cb-443c-9fdd-fa1debf04523:192.168.34.25:41155, 5170c5f3-8499-4b42-9321-85fc8a351f79:192.168.34.25:43074, 0b10a9fc-47eb-4a2b-b664-8273d9d17379:192.168.34.25:45248], old=null
2019-10-18 07:23:49,366 [12ad0800-05cb-443c-9fdd-fa1debf04523@group-BCB82A5C07F5-LeaderElection968] INFO  impl.RaftServerImpl (RaftServerImpl.java:setRole(184)) - 12ad0800-05cb-443c-9fdd-fa1debf04523@group-BCB82A5C07F5: changes role from CANDIDATE to FOLLOWER at term 12 for DISCOVERED_A_NEW_TERM
2019-10-18 07:23:49,366 [12ad0800-05cb-443c-9fdd-fa1debf04523@group-BCB82A5C07F5-LeaderElection968] INFO  impl.RoleInfo (RoleInfo.java:shutdownLeaderElection(134)) - 12ad0800-05cb-443c-9fdd-fa1debf04523: shutdown LeaderElection
2019-10-18 07:23:49,366 [12ad0800-05cb-443c-9fdd-fa1debf04523@group-BCB82A5C07F5-LeaderElection968] INFO  impl.RoleInfo (RoleInfo.java:updateAndGet(143)) - 12ad0800-05cb-443c-9fdd-fa1debf04523: start FollowerState
2019-10-18 07:23:49,366 [grpc-default-executor-4] INFO  impl.RaftServerImpl (RaftServerImpl.java:setRole(184)) - 6633f50a-7046-4b08-9937-8e25f1b14b15@group-0C9C3B2D0CC1: changes role from  FOLLOWER to FOLLOWER at term 9 for recognizeCandidate:4dea926d-4bc6-487a-9b9b-9fd457d0fae4
2019-10-18 07:23:49,366 [grpc-default-executor-4] INFO  impl.RoleInfo (RoleInfo.java:shutdownFollowerState(121)) - 6633f50a-7046-4b08-9937-8e25f1b14b15: shutdown FollowerState
2019-10-18 07:23:49,367 [grpc-default-executor-4] INFO  impl.RoleInfo (RoleInfo.java:updateAndGet(143)) - 6633f50a-7046-4b08-9937-8e25f1b14b15: start FollowerState
2019-10-18 07:23:49,367 [Thread-8883] INFO  impl.FollowerState (FollowerState.java:run(117)) - 6633f50a-7046-4b08-9937-8e25f1b14b15@group-0C9C3B2D0CC1-FollowerState was interrupted: java.lang.InterruptedException: sleep interrupted
2019-10-18 07:23:49,367 [grpc-default-executor-11] INFO  impl.RaftServerImpl (RaftServerImpl.java:setRole(184)) - 67270882-100a-4e75-928d-618d17e069c8@group-0C9C3B2D0CC1: changes role from  FOLLOWER to FOLLOWER at term 9 for recognizeCandidate:4dea926d-4bc6-487a-9b9b-9fd457d0fae4
2019-10-18 07:23:49,367 [grpc-default-executor-11] INFO  impl.RoleInfo (RoleInfo.java:shutdownFollowerState(121)) - 67270882-100a-4e75-928d-618d17e069c8: shutdown FollowerState
2019-10-18 07:23:49,367 [grpc-default-executor-11] INFO  impl.RoleInfo (RoleInfo.java:updateAndGet(143)) - 67270882-100a-4e75-928d-618d17e069c8: start FollowerState
2019-10-18 07:23:49,367 [Thread-8884] INFO  impl.FollowerState (FollowerState.java:run(117)) - 67270882-100a-4e75-928d-618d17e069c8@group-0C9C3B2D0CC1-FollowerState was interrupted: java.lang.InterruptedException: sleep interrupted
2019-10-18 07:23:49,377 [Thread-8896] INFO  impl.FollowerState (FollowerState.java:run(108)) - 12ad0800-05cb-443c-9fdd-fa1debf04523@group-BCB82A5C07F5-FollowerState: change to CANDIDATE, lastRpcTime:11ms, electionTimeout:11ms
2019-10-18 07:23:49,378 [Thread-8896] INFO  impl.RoleInfo (RoleInfo.java:shutdownFollowerState(121)) - 12ad0800-05cb-443c-9fdd-fa1debf04523: shutdown FollowerState
2019-10-18 07:23:49,378 [Thread-8896] INFO  impl.RaftServerImpl (RaftServerImpl.java:setRole(184)) - 12ad0800-05cb-443c-9fdd-fa1debf04523@group-BCB82A5C07F5: changes role from  FOLLOWER to CANDIDATE at term 12 for changeToCandidate
2019-10-18 07:23:49,378 [Thread-8896] INFO  impl.RoleInfo (RoleInfo.java:updateAndGet(143)) - 12ad0800-05cb-443c-9fdd-fa1debf04523: start LeaderElection
2019-10-18 07:23:49,384 [4dea926d-4bc6-487a-9b9b-9fd457d0fae4@group-0C9C3B2D0CC1-LeaderElection969] INFO  impl.LeaderElection (LeaderElection.java:logAndReturn(56)) - 4dea926d-4bc6-487a-9b9b-9fd457d0fae4@group-0C9C3B2D0CC1-LeaderElection969: Election REJECTED; received 2 response(s) [4dea926d-4bc6-487a-9b9b-9fd457d0fae4<-6633f50a-7046-4b08-9937-8e25f1b14b15#0:FAIL-t9, 4dea926d-4bc6-487a-9b9b-9fd457d0fae4<-67270882-100a-4e75-928d-618d17e069c8#0:FAIL-t9] and 0 exception(s); 4dea926d-4bc6-487a-9b9b-9fd457d0fae4@group-0C9C3B2D0CC1:t9, leader=null, voted=4dea926d-4bc6-487a-9b9b-9fd457d0fae4, raftlog=4dea926d-4bc6-487a-9b9b-9fd457d0fae4@group-0C9C3B2D0CC1-SegmentedRaftLog:OPENED:c-1,f-1,i0, conf=-1: [6633f50a-7046-4b08-9937-8e25f1b14b15:192.168.34.25:39338, 67270882-100a-4e75-928d-618d17e069c8:192.168.34.25:36648, 4dea926d-4bc6-487a-9b9b-9fd457d0fae4:192.168.34.25:41624], old=null
2019-10-18 07:23:49,384 [4dea926d-4bc6-487a-9b9b-9fd457d0fae4@group-0C9C3B2D0CC1-LeaderElection969] INFO  impl.RaftServerImpl (RaftServerImpl.java:setRole(184)) - 4dea926d-4bc6-487a-9b9b-9fd457d0fae4@group-0C9C3B2D0CC1: changes role from CANDIDATE to FOLLOWER at term 9 for DISCOVERED_A_NEW_TERM
2019-10-18 07:23:49,384 [4dea926d-4bc6-487a-9b9b-9fd457d0fae4@group-0C9C3B2D0CC1-LeaderElection969] INFO  impl.RoleInfo (RoleInfo.java:shutdownLeaderElection(134)) - 4dea926d-4bc6-487a-9b9b-9fd457d0fae4: shutdown LeaderElection
2019-10-18 07:23:49,384 [4dea926d-4bc6-487a-9b9b-9fd457d0fae4@group-0C9C3B2D0CC1-LeaderElection969] INFO  impl.RoleInfo (RoleInfo.java:updateAndGet(143)) - 4dea926d-4bc6-487a-9b9b-9fd457d0fae4: start FollowerState
2019-10-18 07:23:49,420 [12ad0800-05cb-443c-9fdd-fa1debf04523@group-BCB82A5C07F5-LeaderElection970] INFO  impl.LeaderElection (LeaderElection.java:askForVotes(178)) - 12ad0800-05cb-443c-9fdd-fa1debf04523@group-BCB82A5C07F5-LeaderElection970: begin an election at term 13 for -1: [12ad0800-05cb-443c-9fdd-fa1debf04523:192.168.34.25:41155, 5170c5f3-8499-4b42-9321-85fc8a351f79:192.168.34.25:43074, 0b10a9fc-47eb-4a2b-b664-8273d9d17379:192.168.34.25:45248], old=null
2019-10-18 07:23:49,422 [grpc-default-executor-11] INFO  impl.RaftServerImpl (RaftServerImpl.java:setRole(184)) - 5170c5f3-8499-4b42-9321-85fc8a351f79@group-BCB82A5C07F5: changes role from  FOLLOWER to FOLLOWER at term 13 for recognizeCandidate:12ad0800-05cb-443c-9fdd-fa1debf04523
2019-10-18 07:23:49,422 [grpc-default-executor-11] INFO  impl.RoleInfo (RoleInfo.java:shutdownFollowerState(121)) - 5170c5f3-8499-4b42-9321-85fc8a351f79: shutdown FollowerState
2019-10-18 07:23:49,422 [grpc-default-executor-4] INFO  impl.RaftServerImpl (RaftServerImpl.java:setRole(184)) - 0b10a9fc-47eb-4a2b-b664-8273d9d17379@group-BCB82A5C07F5: changes role from  FOLLOWER to FOLLOWER at term 13 for recognizeCandidate:12ad0800-05cb-443c-9fdd-fa1debf04523
2019-10-18 07:23:49,422 [grpc-default-executor-4] INFO  impl.RoleInfo (RoleInfo.java:shutdownFollowerState(121)) - 0b10a9fc-47eb-4a2b-b664-8273d9d17379: shutdown FollowerState
2019-10-18 07:23:49,422 [Thread-8891] INFO  impl.FollowerState (FollowerState.java:run(117)) - 5170c5f3-8499-4b42-9321-85fc8a351f79@group-BCB82A5C07F5-FollowerState was interrupted: java.lang.InterruptedException: sleep interrupted
2019-10-18 07:23:49,422 [Thread-8892] INFO  impl.FollowerState (FollowerState.java:run(117)) - 0b10a9fc-47eb-4a2b-b664-8273d9d17379@group-BCB82A5C07F5-FollowerState was interrupted: java.lang.InterruptedException: sleep interrupted
2019-10-18 07:23:49,422 [grpc-default-executor-11] INFO  impl.RoleInfo (RoleInfo.java:updateAndGet(143)) - 5170c5f3-8499-4b42-9321-85fc8a351f79: start FollowerState
2019-10-18 07:23:49,422 [grpc-default-executor-4] INFO  impl.RoleInfo (RoleInfo.java:updateAndGet(143)) - 0b10a9fc-47eb-4a2b-b664-8273d9d17379: start FollowerState
2019-10-18 07:23:49,455 [12ad0800-05cb-443c-9fdd-fa1debf04523@group-BCB82A5C07F5-LeaderElection970] INFO  impl.LeaderElection (LeaderElection.java:logAndReturn(56)) - 12ad0800-05cb-443c-9fdd-fa1debf04523@group-BCB82A5C07F5-LeaderElection970: Election REJECTED; received 2 response(s) [12ad0800-05cb-443c-9fdd-fa1debf04523<-5170c5f3-8499-4b42-9321-85fc8a351f79#0:FAIL-t13, 12ad0800-05cb-443c-9fdd-fa1debf04523<-0b10a9fc-47eb-4a2b-b664-8273d9d17379#0:FAIL-t13] and 0 exception(s); 12ad0800-05cb-443c-9fdd-fa1debf04523@group-BCB82A5C07F5:t13, leader=null, voted=12ad0800-05cb-443c-9fdd-fa1debf04523, raftlog=12ad0800-05cb-443c-9fdd-fa1debf04523@group-BCB82A5C07F5-SegmentedRaftLog:OPENED:c-1,f-1,i0, conf=-1: [12ad0800-05cb-443c-9fdd-fa1debf04523:192.168.34.25:41155, 5170c5f3-8499-4b42-9321-85fc8a351f79:192.168.34.25:43074, 0b10a9fc-47eb-4a2b-b664-8273d9d17379:192.168.34.25:45248], old=null
2019-10-18 07:23:49,455 [12ad0800-05cb-443c-9fdd-fa1debf04523@group-BCB82A5C07F5-LeaderElection970] INFO  impl.RaftServerImpl (RaftServerImpl.java:setRole(184)) - 12ad0800-05cb-443c-9fdd-fa1debf04523@group-BCB82A5C07F5: changes role from CANDIDATE to FOLLOWER at term 13 for DISCOVERED_A_NEW_TERM
2019-10-18 07:23:49,455 [12ad0800-05cb-443c-9fdd-fa1debf04523@group-BCB82A5C07F5-LeaderElection970] INFO  impl.RoleInfo (RoleInfo.java:shutdownLeaderElection(134)) - 12ad0800-05cb-443c-9fdd-fa1debf04523: shutdown LeaderElection
2019-10-18 07:23:49,455 [12ad0800-05cb-443c-9fdd-fa1debf04523@group-BCB82A5C07F5-LeaderElection970] INFO  impl.RoleInfo (RoleInfo.java:updateAndGet(143)) - 12ad0800-05cb-443c-9fdd-fa1debf04523: start FollowerState
2019-10-18 07:23:49,477 [Thread-8905] INFO  impl.FollowerState (FollowerState.java:run(108)) - 12ad0800-05cb-443c-9fdd-fa1debf04523@group-BCB82A5C07F5-FollowerState: change to CANDIDATE, lastRpcTime:22ms, electionTimeout:22ms
2019-10-18 07:23:49,477 [Thread-8905] INFO  impl.RoleInfo (RoleInfo.java:shutdownFollowerState(121)) - 12ad0800-05cb-443c-9fdd-fa1debf04523: shutdown FollowerState
2019-10-18 07:23:49,477 [Thread-8905] INFO  impl.RaftServerImpl (RaftServerImpl.java:setRole(184)) - 12ad0800-05cb-443c-9fdd-fa1debf04523@group-BCB82A5C07F5: changes role from  FOLLOWER to CANDIDATE at term 13 for changeToCandidate
2019-10-18 07:23:49,478 [Thread-8905] INFO  impl.RoleInfo (RoleInfo.java:updateAndGet(143)) - 12ad0800-05cb-443c-9fdd-fa1debf04523: start LeaderElection
2019-10-18 07:23:49,488 [Thread-8900] INFO  impl.FollowerState (FollowerState.java:run(108)) - 4dea926d-4bc6-487a-9b9b-9fd457d0fae4@group-0C9C3B2D0CC1-FollowerState: change to CANDIDATE, lastRpcTime:104ms, electionTimeout:104ms
2019-10-18 07:23:49,488 [Thread-8900] INFO  impl.RoleInfo (RoleInfo.java:shutdownFollowerState(121)) - 4dea926d-4bc6-487a-9b9b-9fd457d0fae4: shutdown FollowerState
2019-10-18 07:23:49,488 [Thread-8900] INFO  impl.RaftServerImpl (RaftServerImpl.java:setRole(184)) - 4dea926d-4bc6-487a-9b9b-9fd457d0fae4@group-0C9C3B2D0CC1: changes role from  FOLLOWER to CANDIDATE at term 9 for changeToCandidate
2019-10-18 07:23:49,489 [Thread-8900] INFO  impl.RoleInfo (RoleInfo.java:updateAndGet(143)) - 4dea926d-4bc6-487a-9b9b-9fd457d0fae4: start LeaderElection
2019-10-18 07:23:49,505 [12ad0800-05cb-443c-9fdd-fa1debf04523@group-BCB82A5C07F5-LeaderElection971] INFO  impl.LeaderElection (LeaderElection.java:askForVotes(178)) - 12ad0800-05cb-443c-9fdd-fa1debf04523@group-BCB82A5C07F5-LeaderElection971: begin an election at term 14 for -1: [12ad0800-05cb-443c-9fdd-fa1debf04523:192.168.34.25:41155, 5170c5f3-8499-4b42-9321-85fc8a351f79:192.168.34.25:43074, 0b10a9fc-47eb-4a2b-b664-8273d9d17379:192.168.34.25:45248], old=null
2019-10-18 07:23:49,506 [grpc-default-executor-4] INFO  impl.RaftServerImpl (RaftServerImpl.java:setRole(184)) - 5170c5f3-8499-4b42-9321-85fc8a351f79@group-BCB82A5C07F5: changes role from  FOLLOWER to FOLLOWER at term 14 for recognizeCandidate:12ad0800-05cb-443c-9fdd-fa1debf04523
2019-10-18 07:23:49,506 [grpc-default-executor-4] INFO  impl.RoleInfo (RoleInfo.java:shutdownFollowerState(121)) - 5170c5f3-8499-4b42-9321-85fc8a351f79: shutdown FollowerState
2019-10-18 07:23:49,506 [grpc-default-executor-11] INFO  impl.RaftServerImpl (RaftServerImpl.java:setRole(184)) - 0b10a9fc-47eb-4a2b-b664-8273d9d17379@group-BCB82A5C07F5: changes role from  FOLLOWER to FOLLOWER at term 14 for recognizeCandidate:12ad0800-05cb-443c-9fdd-fa1debf04523
2019-10-18 07:23:49,506 [grpc-default-executor-11] INFO  impl.RoleInfo (RoleInfo.java:shutdownFollowerState(121)) - 0b10a9fc-47eb-4a2b-b664-8273d9d17379: shutdown FollowerState
2019-10-18 07:23:49,506 [Thread-8903] INFO  impl.FollowerState (FollowerState.java:run(117)) - 5170c5f3-8499-4b42-9321-85fc8a351f79@group-BCB82A5C07F5-FollowerState was interrupted: java.lang.InterruptedException: sleep interrupted
2019-10-18 07:23:49,506 [Thread-8904] INFO  impl.FollowerState (FollowerState.java:run(117)) - 0b10a9fc-47eb-4a2b-b664-8273d9d17379@group-BCB82A5C07F5-FollowerState was interrupted: java.lang.InterruptedException: sleep interrupted
2019-10-18 07:23:49,506 [grpc-default-executor-4] INFO  impl.RoleInfo (RoleInfo.java:updateAndGet(143)) - 5170c5f3-8499-4b42-9321-85fc8a351f79: start FollowerState
2019-10-18 07:23:49,506 [grpc-default-executor-11] INFO  impl.RoleInfo (RoleInfo.java:updateAndGet(143)) - 0b10a9fc-47eb-4a2b-b664-8273d9d17379: start FollowerState
2019-10-18 07:23:49,522 [4dea926d-4bc6-487a-9b9b-9fd457d0fae4@group-0C9C3B2D0CC1-LeaderElection972] INFO  impl.LeaderElection (LeaderElection.java:askForVotes(178)) - 4dea926d-4bc6-487a-9b9b-9fd457d0fae4@group-0C9C3B2D0CC1-LeaderElection972: begin an election at term 10 for -1: [6633f50a-7046-4b08-9937-8e25f1b14b15:192.168.34.25:39338, 67270882-100a-4e75-928d-618d17e069c8:192.168.34.25:36648, 4dea926d-4bc6-487a-9b9b-9fd457d0fae4:192.168.34.25:41624], old=null
2019-10-18 07:23:49,523 [grpc-default-executor-4] INFO  impl.RaftServerImpl (RaftServerImpl.java:setRole(184)) - 6633f50a-7046-4b08-9937-8e25f1b14b15@group-0C9C3B2D0CC1: changes role from  FOLLOWER to FOLLOWER at term 10 for recognizeCandidate:4dea926d-4bc6-487a-9b9b-9fd457d0fae4
2019-10-18 07:23:49,523 [grpc-default-executor-4] INFO  impl.RoleInfo (RoleInfo.java:shutdownFollowerState(121)) - 6633f50a-7046-4b08-9937-8e25f1b14b15: shutdown FollowerState
2019-10-18 07:23:49,523 [grpc-default-executor-4] INFO  impl.RoleInfo (RoleInfo.java:updateAndGet(143)) - 6633f50a-7046-4b08-9937-8e25f1b14b15: start FollowerState
2019-10-18 07:23:49,523 [grpc-default-executor-14] INFO  impl.RaftServerImpl (RaftServerImpl.java:setRole(184)) - 67270882-100a-4e75-928d-618d17e069c8@group-0C9C3B2D0CC1: changes role from  FOLLOWER to FOLLOWER at term 10 for recognizeCandidate:4dea926d-4bc6-487a-9b9b-9fd457d0fae4
2019-10-18 07:23:49,523 [Thread-8897] INFO  impl.FollowerState (FollowerState.java:run(117)) - 6633f50a-7046-4b08-9937-8e25f1b14b15@group-0C9C3B2D0CC1-FollowerState was interrupted: java.lang.InterruptedException: sleep interrupted
2019-10-18 07:23:49,523 [grpc-default-executor-14] INFO  impl.RoleInfo (RoleInfo.java:shutdownFollowerState(121)) - 67270882-100a-4e75-928d-618d17e069c8: shutdown FollowerState
2019-10-18 07:23:49,524 [grpc-default-executor-14] INFO  impl.RoleInfo (RoleInfo.java:updateAndGet(143)) - 67270882-100a-4e75-928d-618d17e069c8: start FollowerState
2019-10-18 07:23:49,524 [Thread-8898] INFO  impl.FollowerState (FollowerState.java:run(117)) - 67270882-100a-4e75-928d-618d17e069c8@group-0C9C3B2D0CC1-FollowerState was interrupted: java.lang.InterruptedException: sleep interrupted
2019-10-18 07:23:49,540 [12ad0800-05cb-443c-9fdd-fa1debf04523@group-BCB82A5C07F5-LeaderElection971] INFO  impl.LeaderElection (LeaderElection.java:logAndReturn(56)) - 12ad0800-05cb-443c-9fdd-fa1debf04523@group-BCB82A5C07F5-LeaderElection971: Election REJECTED; received 2 response(s) [12ad0800-05cb-443c-9fdd-fa1debf04523<-5170c5f3-8499-4b42-9321-85fc8a351f79#0:FAIL-t14, 12ad0800-05cb-443c-9fdd-fa1debf04523<-0b10a9fc-47eb-4a2b-b664-8273d9d17379#0:FAIL-t14] and 0 exception(s); 12ad0800-05cb-443c-9fdd-fa1debf04523@group-BCB82A5C07F5:t14, leader=null, voted=12ad0800-05cb-443c-9fdd-fa1debf04523, raftlog=12ad0800-05cb-443c-9fdd-fa1debf04523@group-BCB82A5C07F5-SegmentedRaftLog:OPENED:c-1,f-1,i0, conf=-1: [12ad0800-05cb-443c-9fdd-fa1debf04523:192.168.34.25:41155, 5170c5f3-8499-4b42-9321-85fc8a351f79:192.168.34.25:43074, 0b10a9fc-47eb-4a2b-b664-8273d9d17379:192.168.34.25:45248], old=null
2019-10-18 07:23:49,540 [12ad0800-05cb-443c-9fdd-fa1debf04523@group-BCB82A5C07F5-LeaderElection971] INFO  impl.RaftServerImpl (RaftServerImpl.java:setRole(184)) - 12ad0800-05cb-443c-9fdd-fa1debf04523@group-BCB82A5C07F5: changes role from CANDIDATE to FOLLOWER at term 14 for DISCOVERED_A_NEW_TERM
2019-10-18 07:23:49,540 [12ad0800-05cb-443c-9fdd-fa1debf04523@group-BCB82A5C07F5-LeaderElection971] INFO  impl.RoleInfo (RoleInfo.java:shutdownLeaderElection(134)) - 12ad0800-05cb-443c-9fdd-fa1debf04523: shutdown LeaderElection
2019-10-18 07:23:49,540 [12ad0800-05cb-443c-9fdd-fa1debf04523@group-BCB82A5C07F5-LeaderElection971] INFO  impl.RoleInfo (RoleInfo.java:updateAndGet(143)) - 12ad0800-05cb-443c-9fdd-fa1debf04523: start FollowerState
2019-10-18 07:23:49,557 [4dea926d-4bc6-487a-9b9b-9fd457d0fae4@group-0C9C3B2D0CC1-LeaderElection972] INFO  impl.LeaderElection (LeaderElection.java:logAndReturn(56)) - 4dea926d-4bc6-487a-9b9b-9fd457d0fae4@group-0C9C3B2D0CC1-LeaderElection972: Election REJECTED; received 2 response(s) [4dea926d-4bc6-487a-9b9b-9fd457d0fae4<-6633f50a-7046-4b08-9937-8e25f1b14b15#0:FAIL-t10, 4dea926d-4bc6-487a-9b9b-9fd457d0fae4<-67270882-100a-4e75-928d-618d17e069c8#0:FAIL-t10] and 0 exception(s); 4dea926d-4bc6-487a-9b9b-9fd457d0fae4@group-0C9C3B2D0CC1:t10, leader=null, voted=4dea926d-4bc6-487a-9b9b-9fd457d0fae4, raftlog=4dea926d-4bc6-487a-9b9b-9fd457d0fae4@group-0C9C3B2D0CC1-SegmentedRaftLog:OPENED:c-1,f-1,i0, conf=-1: [6633f50a-7046-4b08-9937-8e25f1b14b15:192.168.34.25:39338, 67270882-100a-4e75-928d-618d17e069c8:192.168.34.25:36648, 4dea926d-4bc6-487a-9b9b-9fd457d0fae4:192.168.34.25:41624], old=null
2019-10-18 07:23:49,557 [4dea926d-4bc6-487a-9b9b-9fd457d0fae4@group-0C9C3B2D0CC1-LeaderElection972] INFO  impl.RaftServerImpl (RaftServerImpl.java:setRole(184)) - 4dea926d-4bc6-487a-9b9b-9fd457d0fae4@group-0C9C3B2D0CC1: changes role from CANDIDATE to FOLLOWER at term 10 for DISCOVERED_A_NEW_TERM
2019-10-18 07:23:49,557 [4dea926d-4bc6-487a-9b9b-9fd457d0fae4@group-0C9C3B2D0CC1-LeaderElection972] INFO  impl.RoleInfo (RoleInfo.java:shutdownLeaderElection(134)) - 4dea926d-4bc6-487a-9b9b-9fd457d0fae4: shutdown LeaderElection
2019-10-18 07:23:49,557 [4dea926d-4bc6-487a-9b9b-9fd457d0fae4@group-0C9C3B2D0CC1-LeaderElection972] INFO  impl.RoleInfo (RoleInfo.java:updateAndGet(143)) - 4dea926d-4bc6-487a-9b9b-9fd457d0fae4: start FollowerState
2019-10-18 07:23:49,580 [Thread-8916] INFO  impl.FollowerState (FollowerState.java:run(108)) - 12ad0800-05cb-443c-9fdd-fa1debf04523@group-BCB82A5C07F5-FollowerState: change to CANDIDATE, lastRpcTime:40ms, electionTimeout:40ms
2019-10-18 07:23:49,580 [Thread-8916] INFO  impl.RoleInfo (RoleInfo.java:shutdownFollowerState(121)) - 12ad0800-05cb-443c-9fdd-fa1debf04523: shutdown FollowerState
2019-10-18 07:23:49,580 [Thread-8916] INFO  impl.RaftServerImpl (RaftServerImpl.java:setRole(184)) - 12ad0800-05cb-443c-9fdd-fa1debf04523@group-BCB82A5C07F5: changes role from  FOLLOWER to CANDIDATE at term 14 for changeToCandidate
2019-10-18 07:23:49,581 [Thread-8916] INFO  impl.RoleInfo (RoleInfo.java:updateAndGet(143)) - 12ad0800-05cb-443c-9fdd-fa1debf04523: start LeaderElection
2019-10-18 07:23:49,607 [12ad0800-05cb-443c-9fdd-fa1debf04523@group-BCB82A5C07F5-LeaderElection973] INFO  impl.LeaderElection (LeaderElection.java:askForVotes(178)) - 12ad0800-05cb-443c-9fdd-fa1debf04523@group-BCB82A5C07F5-LeaderElection973: begin an election at term 15 for -1: [12ad0800-05cb-443c-9fdd-fa1debf04523:192.168.34.25:41155, 5170c5f3-8499-4b42-9321-85fc8a351f79:192.168.34.25:43074, 0b10a9fc-47eb-4a2b-b664-8273d9d17379:192.168.34.25:45248], old=null
2019-10-18 07:23:49,608 [grpc-default-executor-14] INFO  impl.RaftServerImpl (RaftServerImpl.java:setRole(184)) - 5170c5f3-8499-4b42-9321-85fc8a351f79@group-BCB82A5C07F5: changes role from  FOLLOWER to FOLLOWER at term 15 for recognizeCandidate:12ad0800-05cb-443c-9fdd-fa1debf04523
2019-10-18 07:23:49,608 [grpc-default-executor-14] INFO  impl.RoleInfo (RoleInfo.java:shutdownFollowerState(121)) - 5170c5f3-8499-4b42-9321-85fc8a351f79: shutdown FollowerState
2019-10-18 07:23:49,608 [grpc-default-executor-4] INFO  impl.RaftServerImpl (RaftServerImpl.java:setRole(184)) - 0b10a9fc-47eb-4a2b-b664-8273d9d17379@group-BCB82A5C07F5: changes role from  FOLLOWER to FOLLOWER at term 15 for recognizeCandidate:12ad0800-05cb-443c-9fdd-fa1debf04523
2019-10-18 07:23:49,608 [Thread-8910] INFO  impl.FollowerState (FollowerState.java:run(117)) - 5170c5f3-8499-4b42-9321-85fc8a351f79@group-BCB82A5C07F5-FollowerState was interrupted: java.lang.InterruptedException: sleep interrupted
2019-10-18 07:23:49,608 [grpc-default-executor-14] INFO  impl.RoleInfo (RoleInfo.java:updateAndGet(143)) - 5170c5f3-8499-4b42-9321-85fc8a351f79: start FollowerState
2019-10-18 07:23:49,608 [grpc-default-executor-4] INFO  impl.RoleInfo (RoleInfo.java:shutdownFollowerState(121)) - 0b10a9fc-47eb-4a2b-b664-8273d9d17379: shutdown FollowerState
2019-10-18 07:23:49,609 [grpc-default-executor-4] INFO  impl.RoleInfo (RoleInfo.java:updateAndGet(143)) - 0b10a9fc-47eb-4a2b-b664-8273d9d17379: start FollowerState
2019-10-18 07:23:49,609 [Thread-8911] INFO  impl.FollowerState (FollowerState.java:run(117)) - 0b10a9fc-47eb-4a2b-b664-8273d9d17379@group-BCB82A5C07F5-FollowerState was interrupted: java.lang.InterruptedException: sleep interrupted
2019-10-18 07:23:49,633 [12ad0800-05cb-443c-9fdd-fa1debf04523@group-BCB82A5C07F5-LeaderElection973] INFO  impl.LeaderElection (LeaderElection.java:logAndReturn(56)) - 12ad0800-05cb-443c-9fdd-fa1debf04523@group-BCB82A5C07F5-LeaderElection973: Election REJECTED; received 2 response(s) [12ad0800-05cb-443c-9fdd-fa1debf04523<-5170c5f3-8499-4b42-9321-85fc8a351f79#0:FAIL-t15, 12ad0800-05cb-443c-9fdd-fa1debf04523<-0b10a9fc-47eb-4a2b-b664-8273d9d17379#0:FAIL-t15] and 0 exception(s); 12ad0800-05cb-443c-9fdd-fa1debf04523@group-BCB82A5C07F5:t15, leader=null, voted=12ad0800-05cb-443c-9fdd-fa1debf04523, raftlog=12ad0800-05cb-443c-9fdd-fa1debf04523@group-BCB82A5C07F5-SegmentedRaftLog:OPENED:c-1,f-1,i0, conf=-1: [12ad0800-05cb-443c-9fdd-fa1debf04523:192.168.34.25:41155, 5170c5f3-8499-4b42-9321-85fc8a351f79:192.168.34.25:43074, 0b10a9fc-47eb-4a2b-b664-8273d9d17379:192.168.34.25:45248], old=null
2019-10-18 07:23:49,633 [12ad0800-05cb-443c-9fdd-fa1debf04523@group-BCB82A5C07F5-LeaderElection973] INFO  impl.RaftServerImpl (RaftServerImpl.java:setRole(184)) - 12ad0800-05cb-443c-9fdd-fa1debf04523@group-BCB82A5C07F5: changes role from CANDIDATE to FOLLOWER at term 15 for DISCOVERED_A_NEW_TERM
2019-10-18 07:23:49,633 [12ad0800-05cb-443c-9fdd-fa1debf04523@group-BCB82A5C07F5-LeaderElection973] INFO  impl.RoleInfo (RoleInfo.java:shutdownLeaderElection(134)) - 12ad0800-05cb-443c-9fdd-fa1debf04523: shutdown LeaderElection
2019-10-18 07:23:49,633 [12ad0800-05cb-443c-9fdd-fa1debf04523@group-BCB82A5C07F5-LeaderElection973] INFO  impl.RoleInfo (RoleInfo.java:updateAndGet(143)) - 12ad0800-05cb-443c-9fdd-fa1debf04523: start FollowerState
2019-10-18 07:23:49,690 [Thread-8917] INFO  impl.FollowerState (FollowerState.java:run(108)) - 4dea926d-4bc6-487a-9b9b-9fd457d0fae4@group-0C9C3B2D0CC1-FollowerState: change to CANDIDATE, lastRpcTime:133ms, electionTimeout:133ms
2019-10-18 07:23:49,691 [Thread-8917] INFO  impl.RoleInfo (RoleInfo.java:shutdownFollowerState(121)) - 4dea926d-4bc6-487a-9b9b-9fd457d0fae4: shutdown FollowerState
2019-10-18 07:23:49,691 [Thread-8917] INFO  impl.RaftServerImpl (RaftServerImpl.java:setRole(184)) - 4dea926d-4bc6-487a-9b9b-9fd457d0fae4@group-0C9C3B2D0CC1: changes role from  FOLLOWER to CANDIDATE at term 10 for changeToCandidate
2019-10-18 07:23:49,691 [Thread-8917] INFO  impl.RoleInfo (RoleInfo.java:updateAndGet(143)) - 4dea926d-4bc6-487a-9b9b-9fd457d0fae4: start LeaderElection
2019-10-18 07:23:49,733 [4dea926d-4bc6-487a-9b9b-9fd457d0fae4@group-0C9C3B2D0CC1-LeaderElection974] INFO  impl.LeaderElection (LeaderElection.java:askForVotes(178)) - 4dea926d-4bc6-487a-9b9b-9fd457d0fae4@group-0C9C3B2D0CC1-LeaderElection974: begin an election at term 11 for -1: [6633f50a-7046-4b08-9937-8e25f1b14b15:192.168.34.25:39338, 67270882-100a-4e75-928d-618d17e069c8:192.168.34.25:36648, 4dea926d-4bc6-487a-9b9b-9fd457d0fae4:192.168.34.25:41624], old=null
2019-10-18 07:23:49,734 [grpc-default-executor-14] INFO  impl.RaftServerImpl (RaftServerImpl.java:setRole(184)) - 6633f50a-7046-4b08-9937-8e25f1b14b15@group-0C9C3B2D0CC1: changes role from  FOLLOWER to FOLLOWER at term 11 for recognizeCandidate:4dea926d-4bc6-487a-9b9b-9fd457d0fae4
2019-10-18 07:23:49,734 [grpc-default-executor-4] INFO  impl.RaftServerImpl (RaftServerImpl.java:setRole(184)) - 67270882-100a-4e75-928d-618d17e069c8@group-0C9C3B2D0CC1: changes role from  FOLLOWER to FOLLOWER at term 11 for recognizeCandidate:4dea926d-4bc6-487a-9b9b-9fd457d0fae4
2019-10-18 07:23:49,734 [grpc-default-executor-14] INFO  impl.RoleInfo (RoleInfo.java:shutdownFollowerState(121)) - 6633f50a-7046-4b08-9937-8e25f1b14b15: shutdown FollowerState
2019-10-18 07:23:49,734 [grpc-default-executor-4] INFO  impl.RoleInfo (RoleInfo.java:shutdownFollowerState(121)) - 67270882-100a-4e75-928d-618d17e069c8: shutdown FollowerState
2019-10-18 07:23:49,735 [Thread-8914] INFO  impl.FollowerState (FollowerState.java:run(117)) - 6633f50a-7046-4b08-9937-8e25f1b14b15@group-0C9C3B2D0CC1-FollowerState was interrupted: java.lang.InterruptedException: sleep interrupted
2019-10-18 07:23:49,735 [grpc-default-executor-14] INFO  impl.RoleInfo (RoleInfo.java:updateAndGet(143)) - 6633f50a-7046-4b08-9937-8e25f1b14b15: start FollowerState
2019-10-18 07:23:49,735 [Thread-8915] INFO  impl.FollowerState (FollowerState.java:run(117)) - 67270882-100a-4e75-928d-618d17e069c8@group-0C9C3B2D0CC1-FollowerState was interrupted: java.lang.InterruptedException: sleep interrupted
2019-10-18 07:23:49,735 [grpc-default-executor-4] INFO  impl.RoleInfo (RoleInfo.java:updateAndGet(143)) - 67270882-100a-4e75-928d-618d17e069c8: start FollowerState
2019-10-18 07:23:49,743 [Thread-8923] INFO  impl.FollowerState (FollowerState.java:run(108)) - 12ad0800-05cb-443c-9fdd-fa1debf04523@group-BCB82A5C07F5-FollowerState: change to CANDIDATE, lastRpcTime:110ms, electionTimeout:110ms
2019-10-18 07:23:49,743 [Thread-8923] INFO  impl.RoleInfo (RoleInfo.java:shutdownFollowerState(121)) - 12ad0800-05cb-443c-9fdd-fa1debf04523: shutdown FollowerState
2019-10-18 07:23:49,743 [Thread-8923] INFO  impl.RaftServerImpl (RaftServerImpl.java:setRole(184)) - 12ad0800-05cb-443c-9fdd-fa1debf04523@group-BCB82A5C07F5: changes role from  FOLLOWER to CANDIDATE at term 15 for changeToCandidate
2019-10-18 07:23:49,743 [Thread-8923] INFO  impl.RoleInfo (RoleInfo.java:updateAndGet(143)) - 12ad0800-05cb-443c-9fdd-fa1debf04523: start LeaderElection
2019-10-18 07:23:49,758 [12ad0800-05cb-443c-9fdd-fa1debf04523@group-BCB82A5C07F5-LeaderElection975] INFO  impl.LeaderElection (LeaderElection.java:askForVotes(178)) - 12ad0800-05cb-443c-9fdd-fa1debf04523@group-BCB82A5C07F5-LeaderElection975: begin an election at term 16 for -1: [12ad0800-05cb-443c-9fdd-fa1debf04523:192.168.34.25:41155, 5170c5f3-8499-4b42-9321-85fc8a351f79:192.168.34.25:43074, 0b10a9fc-47eb-4a2b-b664-8273d9d17379:192.168.34.25:45248], old=null
2019-10-18 07:23:49,759 [4dea926d-4bc6-487a-9b9b-9fd457d0fae4@group-0C9C3B2D0CC1-LeaderElection974] INFO  impl.LeaderElection (LeaderElection.java:logAndReturn(56)) - 4dea926d-4bc6-487a-9b9b-9fd457d0fae4@group-0C9C3B2D0CC1-LeaderElection974: Election REJECTED; received 2 response(s) [4dea926d-4bc6-487a-9b9b-9fd457d0fae4<-6633f50a-7046-4b08-9937-8e25f1b14b15#0:FAIL-t11, 4dea926d-4bc6-487a-9b9b-9fd457d0fae4<-67270882-100a-4e75-928d-618d17e069c8#0:FAIL-t11] and 0 exception(s); 4dea926d-4bc6-487a-9b9b-9fd457d0fae4@group-0C9C3B2D0CC1:t11, leader=null, voted=4dea926d-4bc6-487a-9b9b-9fd457d0fae4, raftlog=4dea926d-4bc6-487a-9b9b-9fd457d0fae4@group-0C9C3B2D0CC1-SegmentedRaftLog:OPENED:c-1,f-1,i0, conf=-1: [6633f50a-7046-4b08-9937-8e25f1b14b15:192.168.34.25:39338, 67270882-100a-4e75-928d-618d17e069c8:192.168.34.25:36648, 4dea926d-4bc6-487a-9b9b-9fd457d0fae4:192.168.34.25:41624], old=null
2019-10-18 07:23:49,759 [4dea926d-4bc6-487a-9b9b-9fd457d0fae4@group-0C9C3B2D0CC1-LeaderElection974] INFO  impl.RaftServerImpl (RaftServerImpl.java:setRole(184)) - 4dea926d-4bc6-487a-9b9b-9fd457d0fae4@group-0C9C3B2D0CC1: changes role from CANDIDATE to FOLLOWER at term 11 for DISCOVERED_A_NEW_TERM
2019-10-18 07:23:49,759 [4dea926d-4bc6-487a-9b9b-9fd457d0fae4@group-0C9C3B2D0CC1-LeaderElection974] INFO  impl.RoleInfo (RoleInfo.java:shutdownLeaderElection(134)) - 4dea926d-4bc6-487a-9b9b-9fd457d0fae4: shutdown LeaderElection
2019-10-18 07:23:49,759 [4dea926d-4bc6-487a-9b9b-9fd457d0fae4@group-0C9C3B2D0CC1-LeaderElection974] INFO  impl.RoleInfo (RoleInfo.java:updateAndGet(143)) - 4dea926d-4bc6-487a-9b9b-9fd457d0fae4: start FollowerState
2019-10-18 07:23:49,759 [grpc-default-executor-14] INFO  impl.RaftServerImpl (RaftServerImpl.java:setRole(184)) - 5170c5f3-8499-4b42-9321-85fc8a351f79@group-BCB82A5C07F5: changes role from  FOLLOWER to FOLLOWER at term 16 for recognizeCandidate:12ad0800-05cb-443c-9fdd-fa1debf04523
2019-10-18 07:23:49,760 [grpc-default-executor-14] INFO  impl.RoleInfo (RoleInfo.java:shutdownFollowerState(121)) - 5170c5f3-8499-4b42-9321-85fc8a351f79: shutdown FollowerState
2019-10-18 07:23:49,760 [grpc-default-executor-14] INFO  impl.RoleInfo (RoleInfo.java:updateAndGet(143)) - 5170c5f3-8499-4b42-9321-85fc8a351f79: start FollowerState
2019-10-18 07:23:49,760 [Thread-8921] INFO  impl.FollowerState (FollowerState.java:run(117)) - 5170c5f3-8499-4b42-9321-85fc8a351f79@group-BCB82A5C07F5-FollowerState was interrupted: java.lang.InterruptedException: sleep interrupted
2019-10-18 07:23:49,760 [grpc-default-executor-4] INFO  impl.RaftServerImpl (RaftServerImpl.java:setRole(184)) - 0b10a9fc-47eb-4a2b-b664-8273d9d17379@group-BCB82A5C07F5: changes role from  FOLLOWER to FOLLOWER at term 16 for recognizeCandidate:12ad0800-05cb-443c-9fdd-fa1debf04523
2019-10-18 07:23:49,760 [grpc-default-executor-4] INFO  impl.RoleInfo (RoleInfo.java:shutdownFollowerState(121)) - 0b10a9fc-47eb-4a2b-b664-8273d9d17379: shutdown FollowerState
2019-10-18 07:23:49,760 [grpc-default-executor-4] INFO  impl.RoleInfo (RoleInfo.java:updateAndGet(143)) - 0b10a9fc-47eb-4a2b-b664-8273d9d17379: start FollowerState
2019-10-18 07:23:49,760 [Thread-8922] INFO  impl.FollowerState (FollowerState.java:run(117)) - 0b10a9fc-47eb-4a2b-b664-8273d9d17379@group-BCB82A5C07F5-FollowerState was interrupted: java.lang.InterruptedException: sleep interrupted
2019-10-18 07:23:49,784 [12ad0800-05cb-443c-9fdd-fa1debf04523@group-BCB82A5C07F5-LeaderElection975] INFO  impl.LeaderElection (LeaderElection.java:logAndReturn(56)) - 12ad0800-05cb-443c-9fdd-fa1debf04523@group-BCB82A5C07F5-LeaderElection975: Election REJECTED; received 2 response(s) [12ad0800-05cb-443c-9fdd-fa1debf04523<-5170c5f3-8499-4b42-9321-85fc8a351f79#0:FAIL-t16, 12ad0800-05cb-443c-9fdd-fa1debf04523<-0b10a9fc-47eb-4a2b-b664-8273d9d17379#0:FAIL-t16] and 0 exception(s); 12ad0800-05cb-443c-9fdd-fa1debf04523@group-BCB82A5C07F5:t16, leader=null, voted=12ad0800-05cb-443c-9fdd-fa1debf04523, raftlog=12ad0800-05cb-443c-9fdd-fa1debf04523@group-BCB82A5C07F5-SegmentedRaftLog:OPENED:c-1,f-1,i0, conf=-1: [12ad0800-05cb-443c-9fdd-fa1debf04523:192.168.34.25:41155, 5170c5f3-8499-4b42-9321-85fc8a351f79:192.168.34.25:43074, 0b10a9fc-47eb-4a2b-b664-8273d9d17379:192.168.34.25:45248], old=null
2019-10-18 07:23:49,784 [12ad0800-05cb-443c-9fdd-fa1debf04523@group-BCB82A5C07F5-LeaderElection975] INFO  impl.RaftServerImpl (RaftServerImpl.java:setRole(184)) - 12ad0800-05cb-443c-9fdd-fa1debf04523@group-BCB82A5C07F5: changes role from CANDIDATE to FOLLOWER at term 16 for DISCOVERED_A_NEW_TERM
2019-10-18 07:23:49,784 [12ad0800-05cb-443c-9fdd-fa1debf04523@group-BCB82A5C07F5-LeaderElection975] INFO  impl.RoleInfo (RoleInfo.java:shutdownLeaderElection(134)) - 12ad0800-05cb-443c-9fdd-fa1debf04523: shutdown LeaderElection
2019-10-18 07:23:49,784 [12ad0800-05cb-443c-9fdd-fa1debf04523@group-BCB82A5C07F5-LeaderElection975] INFO  impl.RoleInfo (RoleInfo.java:updateAndGet(143)) - 12ad0800-05cb-443c-9fdd-fa1debf04523: start FollowerState
2019-10-18 07:23:49,822 [Thread-8935] INFO  impl.FollowerState (FollowerState.java:run(108)) - 12ad0800-05cb-443c-9fdd-fa1debf04523@group-BCB82A5C07F5-FollowerState: change to CANDIDATE, lastRpcTime:37ms, electionTimeout:37ms
2019-10-18 07:23:49,822 [Thread-8935] INFO  impl.RoleInfo (RoleInfo.java:shutdownFollowerState(121)) - 12ad0800-05cb-443c-9fdd-fa1debf04523: shutdown FollowerState
2019-10-18 07:23:49,822 [Thread-8935] INFO  impl.RaftServerImpl (RaftServerImpl.java:setRole(184)) - 12ad0800-05cb-443c-9fdd-fa1debf04523@group-BCB82A5C07F5: changes role from  FOLLOWER to CANDIDATE at term 16 for changeToCandidate
2019-10-18 07:23:49,822 [Thread-8935] INFO  impl.RoleInfo (RoleInfo.java:updateAndGet(143)) - 12ad0800-05cb-443c-9fdd-fa1debf04523: start LeaderElection
2019-10-18 07:23:49,851 [12ad0800-05cb-443c-9fdd-fa1debf04523@group-BCB82A5C07F5-LeaderElection976] INFO  impl.LeaderElection (LeaderElection.java:askForVotes(178)) - 12ad0800-05cb-443c-9fdd-fa1debf04523@group-BCB82A5C07F5-LeaderElection976: begin an election at term 17 for -1: [12ad0800-05cb-443c-9fdd-fa1debf04523:192.168.34.25:41155, 5170c5f3-8499-4b42-9321-85fc8a351f79:192.168.34.25:43074, 0b10a9fc-47eb-4a2b-b664-8273d9d17379:192.168.34.25:45248], old=null
2019-10-18 07:23:49,852 [grpc-default-executor-4] INFO  impl.RaftServerImpl (RaftServerImpl.java:setRole(184)) - 5170c5f3-8499-4b42-9321-85fc8a351f79@group-BCB82A5C07F5: changes role from  FOLLOWER to FOLLOWER at term 17 for recognizeCandidate:12ad0800-05cb-443c-9fdd-fa1debf04523
2019-10-18 07:23:49,852 [grpc-default-executor-4] INFO  impl.RoleInfo (RoleInfo.java:shutdownFollowerState(121)) - 5170c5f3-8499-4b42-9321-85fc8a351f79: shutdown FollowerState
2019-10-18 07:23:49,852 [grpc-default-executor-4] INFO  impl.RoleInfo (RoleInfo.java:updateAndGet(143)) - 5170c5f3-8499-4b42-9321-85fc8a351f79: start FollowerState
2019-10-18 07:23:49,852 [Thread-8933] INFO  impl.FollowerState (FollowerState.java:run(117)) - 5170c5f3-8499-4b42-9321-85fc8a351f79@group-BCB82A5C07F5-FollowerState was interrupted: java.lang.InterruptedException: sleep interrupted
2019-10-18 07:23:49,853 [grpc-default-executor-14] INFO  impl.RaftServerImpl (RaftServerImpl.java:setRole(184)) - 0b10a9fc-47eb-4a2b-b664-8273d9d17379@group-BCB82A5C07F5: changes role from  FOLLOWER to FOLLOWER at term 17 for recognizeCandidate:12ad0800-05cb-443c-9fdd-fa1debf04523
2019-10-18 07:23:49,853 [grpc-default-executor-14] INFO  impl.RoleInfo (RoleInfo.java:shutdownFollowerState(121)) - 0b10a9fc-47eb-4a2b-b664-8273d9d17379: shutdown FollowerState
2019-10-18 07:23:49,853 [grpc-default-executor-14] INFO  impl.RoleInfo (RoleInfo.java:updateAndGet(143)) - 0b10a9fc-47eb-4a2b-b664-8273d9d17379: start FollowerState
2019-10-18 07:23:49,853 [Thread-8934] INFO  impl.FollowerState (FollowerState.java:run(117)) - 0b10a9fc-47eb-4a2b-b664-8273d9d17379@group-BCB82A5C07F5-FollowerState was interrupted: java.lang.InterruptedException: sleep interrupted
2019-10-18 07:23:49,873 [Thread-8932] INFO  impl.FollowerState (FollowerState.java:run(108)) - 4dea926d-4bc6-487a-9b9b-9fd457d0fae4@group-0C9C3B2D0CC1-FollowerState: change to CANDIDATE, lastRpcTime:114ms, electionTimeout:114ms
2019-10-18 07:23:49,874 [Thread-8932] INFO  impl.RoleInfo (RoleInfo.java:shutdownFollowerState(121)) - 4dea926d-4bc6-487a-9b9b-9fd457d0fae4: shutdown FollowerState
2019-10-18 07:23:49,874 [Thread-8932] INFO  impl.RaftServerImpl (RaftServerImpl.java:setRole(184)) - 4dea926d-4bc6-487a-9b9b-9fd457d0fae4@group-0C9C3B2D0CC1: changes role from  FOLLOWER to CANDIDATE at term 11 for changeToCandidate
2019-10-18 07:23:49,874 [Thread-8932] INFO  impl.RoleInfo (RoleInfo.java:updateAndGet(143)) - 4dea926d-4bc6-487a-9b9b-9fd457d0fae4: start LeaderElection
2019-10-18 07:23:49,900 [12ad0800-05cb-443c-9fdd-fa1debf04523@group-BCB82A5C07F5-LeaderElection976] INFO  impl.LeaderElection (LeaderElection.java:logAndReturn(56)) - 12ad0800-05cb-443c-9fdd-fa1debf04523@group-BCB82A5C07F5-LeaderElection976: Election REJECTED; received 2 response(s) [12ad0800-05cb-443c-9fdd-fa1debf04523<-5170c5f3-8499-4b42-9321-85fc8a351f79#0:FAIL-t17, 12ad0800-05cb-443c-9fdd-fa1debf04523<-0b10a9fc-47eb-4a2b-b664-8273d9d17379#0:FAIL-t17] and 0 exception(s); 12ad0800-05cb-443c-9fdd-fa1debf04523@group-BCB82A5C07F5:t17, leader=null, voted=12ad0800-05cb-443c-9fdd-fa1debf04523, raftlog=12ad0800-05cb-443c-9fdd-fa1debf04523@group-BCB82A5C07F5-SegmentedRaftLog:OPENED:c-1,f-1,i0, conf=-1: [12ad0800-05cb-443c-9fdd-fa1debf04523:192.168.34.25:41155, 5170c5f3-8499-4b42-9321-85fc8a351f79:192.168.34.25:43074, 0b10a9fc-47eb-4a2b-b664-8273d9d17379:192.168.34.25:45248], old=null
2019-10-18 07:23:49,900 [12ad0800-05cb-443c-9fdd-fa1debf04523@group-BCB82A5C07F5-LeaderElection976] INFO  impl.RaftServerImpl (RaftServerImpl.java:setRole(184)) - 12ad0800-05cb-443c-9fdd-fa1debf04523@group-BCB82A5C07F5: changes role from CANDIDATE to FOLLOWER at term 17 for DISCOVERED_A_NEW_TERM
2019-10-18 07:23:49,900 [12ad0800-05cb-443c-9fdd-fa1debf04523@group-BCB82A5C07F5-LeaderElection976] INFO  impl.RoleInfo (RoleInfo.java:shutdownLeaderElection(134)) - 12ad0800-05cb-443c-9fdd-fa1debf04523: shutdown LeaderElection
2019-10-18 07:23:49,900 [12ad0800-05cb-443c-9fdd-fa1debf04523@group-BCB82A5C07F5-LeaderElection976] INFO  impl.RoleInfo (RoleInfo.java:updateAndGet(143)) - 12ad0800-05cb-443c-9fdd-fa1debf04523: start FollowerState
2019-10-18 07:23:49,903 [4dea926d-4bc6-487a-9b9b-9fd457d0fae4@group-0C9C3B2D0CC1-LeaderElection977] INFO  impl.LeaderElection (LeaderElection.java:askForVotes(178)) - 4dea926d-4bc6-487a-9b9b-9fd457d0fae4@group-0C9C3B2D0CC1-LeaderElection977: begin an election at term 12 for -1: [6633f50a-7046-4b08-9937-8e25f1b14b15:192.168.34.25:39338, 67270882-100a-4e75-928d-618d17e069c8:192.168.34.25:36648, 4dea926d-4bc6-487a-9b9b-9fd457d0fae4:192.168.34.25:41624], old=null
2019-10-18 07:23:49,904 [grpc-default-executor-4] INFO  impl.RaftServerImpl (RaftServerImpl.java:setRole(184)) - 6633f50a-7046-4b08-9937-8e25f1b14b15@group-0C9C3B2D0CC1: changes role from  FOLLOWER to FOLLOWER at term 12 for recognizeCandidate:4dea926d-4bc6-487a-9b9b-9fd457d0fae4
2019-10-18 07:23:49,904 [grpc-default-executor-4] INFO  impl.RoleInfo (RoleInfo.java:shutdownFollowerState(121)) - 6633f50a-7046-4b08-9937-8e25f1b14b15: shutdown FollowerState
2019-10-18 07:23:49,904 [grpc-default-executor-14] INFO  impl.RaftServerImpl (RaftServerImpl.java:setRole(184)) - 67270882-100a-4e75-928d-618d17e069c8@group-0C9C3B2D0CC1: changes role from  FOLLOWER to FOLLOWER at term 12 for recognizeCandidate:4dea926d-4bc6-487a-9b9b-9fd457d0fae4
2019-10-18 07:23:49,904 [grpc-default-executor-14] INFO  impl.RoleInfo (RoleInfo.java:shutdownFollowerState(121)) - 67270882-100a-4e75-928d-618d17e069c8: shutdown FollowerState
2019-10-18 07:23:49,904 [Thread-8927] INFO  impl.FollowerState (FollowerState.java:run(117)) - 6633f50a-7046-4b08-9937-8e25f1b14b15@group-0C9C3B2D0CC1-FollowerState was interrupted: java.lang.InterruptedException: sleep interrupted
2019-10-18 07:23:49,905 [Thread-8928] INFO  impl.FollowerState (FollowerState.java:run(117)) - 67270882-100a-4e75-928d-618d17e069c8@group-0C9C3B2D0CC1-FollowerState was interrupted: java.lang.InterruptedException: sleep interrupted
2019-10-18 07:23:49,904 [grpc-default-executor-4] INFO  impl.RoleInfo (RoleInfo.java:updateAndGet(143)) - 6633f50a-7046-4b08-9937-8e25f1b14b15: start FollowerState
2019-10-18 07:23:49,905 [grpc-default-executor-14] INFO  impl.RoleInfo (RoleInfo.java:updateAndGet(143)) - 67270882-100a-4e75-928d-618d17e069c8: start FollowerState
2019-10-18 07:23:49,929 [4dea926d-4bc6-487a-9b9b-9fd457d0fae4@group-0C9C3B2D0CC1-LeaderElection977] INFO  impl.LeaderElection (LeaderElection.java:logAndReturn(56)) - 4dea926d-4bc6-487a-9b9b-9fd457d0fae4@group-0C9C3B2D0CC1-LeaderElection977: Election REJECTED; received 2 response(s) [4dea926d-4bc6-487a-9b9b-9fd457d0fae4<-6633f50a-7046-4b08-9937-8e25f1b14b15#0:FAIL-t12, 4dea926d-4bc6-487a-9b9b-9fd457d0fae4<-67270882-100a-4e75-928d-618d17e069c8#0:FAIL-t12] and 0 exception(s); 4dea926d-4bc6-487a-9b9b-9fd457d0fae4@group-0C9C3B2D0CC1:t12, leader=null, voted=4dea926d-4bc6-487a-9b9b-9fd457d0fae4, raftlog=4dea926d-4bc6-487a-9b9b-9fd457d0fae4@group-0C9C3B2D0CC1-SegmentedRaftLog:OPENED:c-1,f-1,i0, conf=-1: [6633f50a-7046-4b08-9937-8e25f1b14b15:192.168.34.25:39338, 67270882-100a-4e75-928d-618d17e069c8:192.168.34.25:36648, 4dea926d-4bc6-487a-9b9b-9fd457d0fae4:192.168.34.25:41624], old=null
2019-10-18 07:23:49,929 [4dea926d-4bc6-487a-9b9b-9fd457d0fae4@group-0C9C3B2D0CC1-LeaderElection977] INFO  impl.RaftServerImpl (RaftServerImpl.java:setRole(184)) - 4dea926d-4bc6-487a-9b9b-9fd457d0fae4@group-0C9C3B2D0CC1: changes role from CANDIDATE to FOLLOWER at term 12 for DISCOVERED_A_NEW_TERM
2019-10-18 07:23:49,929 [4dea926d-4bc6-487a-9b9b-9fd457d0fae4@group-0C9C3B2D0CC1-LeaderElection977] INFO  impl.RoleInfo (RoleInfo.java:shutdownLeaderElection(134)) - 4dea926d-4bc6-487a-9b9b-9fd457d0fae4: shutdown LeaderElection
2019-10-18 07:23:49,929 [4dea926d-4bc6-487a-9b9b-9fd457d0fae4@group-0C9C3B2D0CC1-LeaderElection977] INFO  impl.RoleInfo (RoleInfo.java:updateAndGet(143)) - 4dea926d-4bc6-487a-9b9b-9fd457d0fae4: start FollowerState
2019-10-18 07:23:49,968 [Thread-8944] INFO  impl.FollowerState (FollowerState.java:run(108)) - 12ad0800-05cb-443c-9fdd-fa1debf04523@group-BCB82A5C07F5-FollowerState: change to CANDIDATE, lastRpcTime:67ms, electionTimeout:67ms
2019-10-18 07:23:49,968 [Thread-8944] INFO  impl.RoleInfo (RoleInfo.java:shutdownFollowerState(121)) - 12ad0800-05cb-443c-9fdd-fa1debf04523: shutdown FollowerState
2019-10-18 07:23:49,968 [Thread-8944] INFO  impl.RaftServerImpl (RaftServerImpl.java:setRole(184)) - 12ad0800-05cb-443c-9fdd-fa1debf04523@group-BCB82A5C07F5: changes role from  FOLLOWER to CANDIDATE at term 17 for changeToCandidate
2019-10-18 07:23:49,968 [Thread-8944] INFO  impl.RoleInfo (RoleInfo.java:updateAndGet(143)) - 12ad0800-05cb-443c-9fdd-fa1debf04523: start LeaderElection
2019-10-18 07:23:49,995 [12ad0800-05cb-443c-9fdd-fa1debf04523@group-BCB82A5C07F5-LeaderElection978] INFO  impl.LeaderElection (LeaderElection.java:askForVotes(178)) - 12ad0800-05cb-443c-9fdd-fa1debf04523@group-BCB82A5C07F5-LeaderElection978: begin an election at term 18 for -1: [12ad0800-05cb-443c-9fdd-fa1debf04523:192.168.34.25:41155, 5170c5f3-8499-4b42-9321-85fc8a351f79:192.168.34.25:43074, 0b10a9fc-47eb-4a2b-b664-8273d9d17379:192.168.34.25:45248], old=null
2019-10-18 07:23:49,997 [grpc-default-executor-4] INFO  impl.RaftServerImpl (RaftServerImpl.java:setRole(184)) - 5170c5f3-8499-4b42-9321-85fc8a351f79@group-BCB82A5C07F5: changes role from  FOLLOWER to FOLLOWER at term 18 for recognizeCandidate:12ad0800-05cb-443c-9fdd-fa1debf04523
2019-10-18 07:23:49,997 [grpc-default-executor-14] INFO  impl.RaftServerImpl (RaftServerImpl.java:setRole(184)) - 0b10a9fc-47eb-4a2b-b664-8273d9d17379@group-BCB82A5C07F5: changes role from  FOLLOWER to FOLLOWER at term 18 for recognizeCandidate:12ad0800-05cb-443c-9fdd-fa1debf04523
2019-10-18 07:23:49,997 [grpc-default-executor-4] INFO  impl.RoleInfo (RoleInfo.java:shutdownFollowerState(121)) - 5170c5f3-8499-4b42-9321-85fc8a351f79: shutdown FollowerState
2019-10-18 07:23:49,997 [grpc-default-executor-14] INFO  impl.RoleInfo (RoleInfo.java:shutdownFollowerState(121)) - 0b10a9fc-47eb-4a2b-b664-8273d9d17379: shutdown FollowerState
2019-10-18 07:23:49,997 [grpc-default-executor-14] INFO  impl.RoleInfo (RoleInfo.java:updateAndGet(143)) - 0b10a9fc-47eb-4a2b-b664-8273d9d17379: start FollowerState
2019-10-18 07:23:49,997 [Thread-8941] INFO  impl.FollowerState (FollowerState.java:run(117)) - 5170c5f3-8499-4b42-9321-85fc8a351f79@group-BCB82A5C07F5-FollowerState was interrupted: java.lang.InterruptedException: sleep interrupted
2019-10-18 07:23:49,997 [grpc-default-executor-4] INFO  impl.RoleInfo (RoleInfo.java:updateAndGet(143)) - 5170c5f3-8499-4b42-9321-85fc8a351f79: start FollowerState
2019-10-18 07:23:49,997 [Thread-8942] INFO  impl.FollowerState (FollowerState.java:run(117)) - 0b10a9fc-47eb-4a2b-b664-8273d9d17379@group-BCB82A5C07F5-FollowerState was interrupted: java.lang.InterruptedException: sleep interrupted
2019-10-18 07:23:50,038 [12ad0800-05cb-443c-9fdd-fa1debf04523@group-BCB82A5C07F5-LeaderElection978] INFO  impl.LeaderElection (LeaderElection.java:logAndReturn(56)) - 12ad0800-05cb-443c-9fdd-fa1debf04523@group-BCB82A5C07F5-LeaderElection978: Election REJECTED; received 2 response(s) [12ad0800-05cb-443c-9fdd-fa1debf04523<-5170c5f3-8499-4b42-9321-85fc8a351f79#0:FAIL-t18, 12ad0800-05cb-443c-9fdd-fa1debf04523<-0b10a9fc-47eb-4a2b-b664-8273d9d17379#0:FAIL-t18] and 0 exception(s); 12ad0800-05cb-443c-9fdd-fa1debf04523@group-BCB82A5C07F5:t18, leader=null, voted=12ad0800-05cb-443c-9fdd-fa1debf04523, raftlog=12ad0800-05cb-443c-9fdd-fa1debf04523@group-BCB82A5C07F5-SegmentedRaftLog:OPENED:c-1,f-1,i0, conf=-1: [12ad0800-05cb-443c-9fdd-fa1debf04523:192.168.34.25:41155, 5170c5f3-8499-4b42-9321-85fc8a351f79:192.168.34.25:43074, 0b10a9fc-47eb-4a2b-b664-8273d9d17379:192.168.34.25:45248], old=null
2019-10-18 07:23:50,038 [12ad0800-05cb-443c-9fdd-fa1debf04523@group-BCB82A5C07F5-LeaderElection978] INFO  impl.RaftServerImpl (RaftServerImpl.java:setRole(184)) - 12ad0800-05cb-443c-9fdd-fa1debf04523@group-BCB82A5C07F5: changes role from CANDIDATE to FOLLOWER at term 18 for DISCOVERED_A_NEW_TERM
2019-10-18 07:23:50,038 [12ad0800-05cb-443c-9fdd-fa1debf04523@group-BCB82A5C07F5-LeaderElection978] INFO  impl.RoleInfo (RoleInfo.java:shutdownLeaderElection(134)) - 12ad0800-05cb-443c-9fdd-fa1debf04523: shutdown LeaderElection
2019-10-18 07:23:50,038 [12ad0800-05cb-443c-9fdd-fa1debf04523@group-BCB82A5C07F5-LeaderElection978] INFO  impl.RoleInfo (RoleInfo.java:updateAndGet(143)) - 12ad0800-05cb-443c-9fdd-fa1debf04523: start FollowerState
2019-10-18 07:23:50,040 [Thread-8949] INFO  impl.FollowerState (FollowerState.java:run(108)) - 4dea926d-4bc6-487a-9b9b-9fd457d0fae4@group-0C9C3B2D0CC1-FollowerState: change to CANDIDATE, lastRpcTime:111ms, electionTimeout:111ms
2019-10-18 07:23:50,040 [Thread-8949] INFO  impl.RoleInfo (RoleInfo.java:shutdownFollowerState(121)) - 4dea926d-4bc6-487a-9b9b-9fd457d0fae4: shutdown FollowerState
2019-10-18 07:23:50,041 [Thread-8949] INFO  impl.RaftServerImpl (RaftServerImpl.java:setRole(184)) - 4dea926d-4bc6-487a-9b9b-9fd457d0fae4@group-0C9C3B2D0CC1: changes role from  FOLLOWER to CANDIDATE at term 12 for changeToCandidate
2019-10-18 07:23:50,041 [Thread-8949] INFO  impl.RoleInfo (RoleInfo.java:updateAndGet(143)) - 4dea926d-4bc6-487a-9b9b-9fd457d0fae4: start LeaderElection
2019-10-18 07:23:50,063 [4dea926d-4bc6-487a-9b9b-9fd457d0fae4@group-0C9C3B2D0CC1-LeaderElection979] INFO  impl.LeaderElection (LeaderElection.java:askForVotes(178)) - 4dea926d-4bc6-487a-9b9b-9fd457d0fae4@group-0C9C3B2D0CC1-LeaderElection979: begin an election at term 13 for -1: [6633f50a-7046-4b08-9937-8e25f1b14b15:192.168.34.25:39338, 67270882-100a-4e75-928d-618d17e069c8:192.168.34.25:36648, 4dea926d-4bc6-487a-9b9b-9fd457d0fae4:192.168.34.25:41624], old=null
2019-10-18 07:23:50,064 [grpc-default-executor-14] INFO  impl.RaftServerImpl (RaftServerImpl.java:setRole(184)) - 6633f50a-7046-4b08-9937-8e25f1b14b15@group-0C9C3B2D0CC1: changes role from  FOLLOWER to FOLLOWER at term 13 for recognizeCandidate:4dea926d-4bc6-487a-9b9b-9fd457d0fae4
2019-10-18 07:23:50,064 [grpc-default-executor-14] INFO  impl.RoleInfo (RoleInfo.java:shutdownFollowerState(121)) - 6633f50a-7046-4b08-9937-8e25f1b14b15: shutdown FollowerState
2019-10-18 07:23:50,064 [grpc-default-executor-4] INFO  impl.RaftServerImpl (RaftServerImpl.java:setRole(184)) - 67270882-100a-4e75-928d-618d17e069c8@group-0C9C3B2D0CC1: changes role from  FOLLOWER to FOLLOWER at term 13 for recognizeCandidate:4dea926d-4bc6-487a-9b9b-9fd457d0fae4
2019-10-18 07:23:50,065 [grpc-default-executor-4] INFO  impl.RoleInfo (RoleInfo.java:shutdownFollowerState(121)) - 67270882-100a-4e75-928d-618d17e069c8: shutdown FollowerState
2019-10-18 07:23:50,065 [Thread-8947] INFO  impl.FollowerState (FollowerState.java:run(117)) - 6633f50a-7046-4b08-9937-8e25f1b14b15@group-0C9C3B2D0CC1-FollowerState was interrupted: java.lang.InterruptedException: sleep interrupted
2019-10-18 07:23:50,065 [Thread-8948] INFO  impl.FollowerState (FollowerState.java:run(117)) - 67270882-100a-4e75-928d-618d17e069c8@group-0C9C3B2D0CC1-FollowerState was interrupted: java.lang.InterruptedException: sleep interrupted
2019-10-18 07:23:50,064 [grpc-default-executor-14] INFO  impl.RoleInfo (RoleInfo.java:updateAndGet(143)) - 6633f50a-7046-4b08-9937-8e25f1b14b15: start FollowerState
2019-10-18 07:23:50,065 [grpc-default-executor-4] INFO  impl.RoleInfo (RoleInfo.java:updateAndGet(143)) - 67270882-100a-4e75-928d-618d17e069c8: start FollowerState
2019-10-18 07:23:50,089 [4dea926d-4bc6-487a-9b9b-9fd457d0fae4@group-0C9C3B2D0CC1-LeaderElection979] INFO  impl.LeaderElection (LeaderElection.java:logAndReturn(56)) - 4dea926d-4bc6-487a-9b9b-9fd457d0fae4@group-0C9C3B2D0CC1-LeaderElection979: Election REJECTED; received 2 response(s) [4dea926d-4bc6-487a-9b9b-9fd457d0fae4<-6633f50a-7046-4b08-9937-8e25f1b14b15#0:FAIL-t13, 4dea926d-4bc6-487a-9b9b-9fd457d0fae4<-67270882-100a-4e75-928d-618d17e069c8#0:FAIL-t13] and 0 exception(s); 4dea926d-4bc6-487a-9b9b-9fd457d0fae4@group-0C9C3B2D0CC1:t13, leader=null, voted=4dea926d-4bc6-487a-9b9b-9fd457d0fae4, raftlog=4dea926d-4bc6-487a-9b9b-9fd457d0fae4@group-0C9C3B2D0CC1-SegmentedRaftLog:OPENED:c-1,f-1,i0, conf=-1: [6633f50a-7046-4b08-9937-8e25f1b14b15:192.168.34.25:39338, 67270882-100a-4e75-928d-618d17e069c8:192.168.34.25:36648, 4dea926d-4bc6-487a-9b9b-9fd457d0fae4:192.168.34.25:41624], old=null
2019-10-18 07:23:50,089 [4dea926d-4bc6-487a-9b9b-9fd457d0fae4@group-0C9C3B2D0CC1-LeaderElection979] INFO  impl.RaftServerImpl (RaftServerImpl.java:setRole(184)) - 4dea926d-4bc6-487a-9b9b-9fd457d0fae4@group-0C9C3B2D0CC1: changes role from CANDIDATE to FOLLOWER at term 13 for DISCOVERED_A_NEW_TERM
2019-10-18 07:23:50,089 [4dea926d-4bc6-487a-9b9b-9fd457d0fae4@group-0C9C3B2D0CC1-LeaderElection979] INFO  impl.RoleInfo (RoleInfo.java:shutdownLeaderElection(134)) - 4dea926d-4bc6-487a-9b9b-9fd457d0fae4: shutdown LeaderElection
2019-10-18 07:23:50,089 [4dea926d-4bc6-487a-9b9b-9fd457d0fae4@group-0C9C3B2D0CC1-LeaderElection979] INFO  impl.RoleInfo (RoleInfo.java:updateAndGet(143)) - 4dea926d-4bc6-487a-9b9b-9fd457d0fae4: start FollowerState
2019-10-18 07:23:50,143 [Thread-8955] INFO  impl.FollowerState (FollowerState.java:run(108)) - 12ad0800-05cb-443c-9fdd-fa1debf04523@group-BCB82A5C07F5-FollowerState: change to CANDIDATE, lastRpcTime:104ms, electionTimeout:104ms
2019-10-18 07:23:50,143 [Thread-8955] INFO  impl.RoleInfo (RoleInfo.java:shutdownFollowerState(121)) - 12ad0800-05cb-443c-9fdd-fa1debf04523: shutdown FollowerState
2019-10-18 07:23:50,143 [Thread-8955] INFO  impl.RaftServerImpl (RaftServerImpl.java:setRole(184)) - 12ad0800-05cb-443c-9fdd-fa1debf04523@group-BCB82A5C07F5: changes role from  FOLLOWER to CANDIDATE at term 18 for changeToCandidate
2019-10-18 07:23:50,143 [Thread-8955] INFO  impl.RoleInfo (RoleInfo.java:updateAndGet(143)) - 12ad0800-05cb-443c-9fdd-fa1debf04523: start LeaderElection
2019-10-18 07:23:50,205 [12ad0800-05cb-443c-9fdd-fa1debf04523@group-BCB82A5C07F5-LeaderElection980] INFO  impl.LeaderElection (LeaderElection.java:askForVotes(178)) - 12ad0800-05cb-443c-9fdd-fa1debf04523@group-BCB82A5C07F5-LeaderElection980: begin an election at term 19 for -1: [12ad0800-05cb-443c-9fdd-fa1debf04523:192.168.34.25:41155, 5170c5f3-8499-4b42-9321-85fc8a351f79:192.168.34.25:43074, 0b10a9fc-47eb-4a2b-b664-8273d9d17379:192.168.34.25:45248], old=null
2019-10-18 07:23:50,207 [grpc-default-executor-14] INFO  impl.RaftServerImpl (RaftServerImpl.java:setRole(184)) - 5170c5f3-8499-4b42-9321-85fc8a351f79@group-BCB82A5C07F5: changes role from  FOLLOWER to FOLLOWER at term 19 for recognizeCandidate:12ad0800-05cb-443c-9fdd-fa1debf04523
2019-10-18 07:23:50,207 [grpc-default-executor-4] INFO  impl.RaftServerImpl (RaftServerImpl.java:setRole(184)) - 0b10a9fc-47eb-4a2b-b664-8273d9d17379@group-BCB82A5C07F5: changes role from  FOLLOWER to FOLLOWER at term 19 for recognizeCandidate:12ad0800-05cb-443c-9fdd-fa1debf04523
2019-10-18 07:23:50,207 [grpc-default-executor-14] INFO  impl.RoleInfo (RoleInfo.java:shutdownFollowerState(121)) - 5170c5f3-8499-4b42-9321-85fc8a351f79: shutdown FollowerState
2019-10-18 07:23:50,207 [grpc-default-executor-4] INFO  impl.RoleInfo (RoleInfo.java:shutdownFollowerState(121)) - 0b10a9fc-47eb-4a2b-b664-8273d9d17379: shutdown FollowerState
2019-10-18 07:23:50,208 [Thread-8953] INFO  impl.FollowerState (FollowerState.java:run(117)) - 5170c5f3-8499-4b42-9321-85fc8a351f79@group-BCB82A5C07F5-FollowerState was interrupted: java.lang.InterruptedException: sleep interrupted
2019-10-18 07:23:50,208 [Thread-8954] INFO  impl.FollowerState (FollowerState.java:run(117)) - 0b10a9fc-47eb-4a2b-b664-8273d9d17379@group-BCB82A5C07F5-FollowerState was interrupted: java.lang.InterruptedException: sleep interrupted
2019-10-18 07:23:50,208 [grpc-default-executor-14] INFO  impl.RoleInfo (RoleInfo.java:updateAndGet(143)) - 5170c5f3-8499-4b42-9321-85fc8a351f79: start FollowerState
2019-10-18 07:23:50,208 [grpc-default-executor-4] INFO  impl.RoleInfo (RoleInfo.java:updateAndGet(143)) - 0b10a9fc-47eb-4a2b-b664-8273d9d17379: start FollowerState
2019-10-18 07:23:50,210 [12ad0800-05cb-443c-9fdd-fa1debf04523@group-BCB82A5C07F5-LeaderElection980] INFO  impl.LeaderElection (LeaderElection.java:logAndReturn(56)) - 12ad0800-05cb-443c-9fdd-fa1debf04523@group-BCB82A5C07F5-LeaderElection980: Election TIMEOUT; received 0 response(s) [] and 0 exception(s); 12ad0800-05cb-443c-9fdd-fa1debf04523@group-BCB82A5C07F5:t19, leader=null, voted=12ad0800-05cb-443c-9fdd-fa1debf04523, raftlog=12ad0800-05cb-443c-9fdd-fa1debf04523@group-BCB82A5C07F5-SegmentedRaftLog:OPENED:c-1,f-1,i0, conf=-1: [12ad0800-05cb-443c-9fdd-fa1debf04523:192.168.34.25:41155, 5170c5f3-8499-4b42-9321-85fc8a351f79:192.168.34.25:43074, 0b10a9fc-47eb-4a2b-b664-8273d9d17379:192.168.34.25:45248], old=null
2019-10-18 07:23:50,231 [12ad0800-05cb-443c-9fdd-fa1debf04523@group-BCB82A5C07F5-LeaderElection980] INFO  impl.LeaderElection (LeaderElection.java:askForVotes(178)) - 12ad0800-05cb-443c-9fdd-fa1debf04523@group-BCB82A5C07F5-LeaderElection980: begin an election at term 20 for -1: [12ad0800-05cb-443c-9fdd-fa1debf04523:192.168.34.25:41155, 5170c5f3-8499-4b42-9321-85fc8a351f79:192.168.34.25:43074, 0b10a9fc-47eb-4a2b-b664-8273d9d17379:192.168.34.25:45248], old=null
2019-10-18 07:23:50,232 [grpc-default-executor-4] INFO  impl.RaftServerImpl (RaftServerImpl.java:setRole(184)) - 5170c5f3-8499-4b42-9321-85fc8a351f79@group-BCB82A5C07F5: changes role from  FOLLOWER to FOLLOWER at term 20 for recognizeCandidate:12ad0800-05cb-443c-9fdd-fa1debf04523
2019-10-18 07:23:50,233 [grpc-default-executor-4] INFO  impl.RoleInfo (RoleInfo.java:shutdownFollowerState(121)) - 5170c5f3-8499-4b42-9321-85fc8a351f79: shutdown FollowerState
2019-10-18 07:23:50,232 [grpc-default-executor-14] INFO  impl.RaftServerImpl (RaftServerImpl.java:setRole(184)) - 0b10a9fc-47eb-4a2b-b664-8273d9d17379@group-BCB82A5C07F5: changes role from  FOLLOWER to FOLLOWER at term 20 for recognizeCandidate:12ad0800-05cb-443c-9fdd-fa1debf04523
2019-10-18 07:23:50,233 [grpc-default-executor-14] INFO  impl.RoleInfo (RoleInfo.java:shutdownFollowerState(121)) - 0b10a9fc-47eb-4a2b-b664-8273d9d17379: shutdown FollowerState
2019-10-18 07:23:50,233 [Thread-8965] INFO  impl.FollowerState (FollowerState.java:run(117)) - 5170c5f3-8499-4b42-9321-85fc8a351f79@group-BCB82A5C07F5-FollowerState was interrupted: java.lang.InterruptedException: sleep interrupted
2019-10-18 07:23:50,233 [Thread-8966] INFO  impl.FollowerState (FollowerState.java:run(117)) - 0b10a9fc-47eb-4a2b-b664-8273d9d17379@group-BCB82A5C07F5-FollowerState was interrupted: java.lang.InterruptedException: sleep interrupted
2019-10-18 07:23:50,233 [grpc-default-executor-4] INFO  impl.RoleInfo (RoleInfo.java:updateAndGet(143)) - 5170c5f3-8499-4b42-9321-85fc8a351f79: start FollowerState
2019-10-18 07:23:50,233 [grpc-default-executor-14] INFO  impl.RoleInfo (RoleInfo.java:updateAndGet(143)) - 0b10a9fc-47eb-4a2b-b664-8273d9d17379: start FollowerState
2019-10-18 07:23:50,252 [Thread-8660] INFO  container.ReplicationManager (ReplicationManager.java:start(162)) - Starting Replication Monitor Thread.
2019-10-18 07:23:50,257 [ReplicationMonitor] INFO  container.ReplicationManager (ReplicationManager.java:run(225)) - Replication Monitor Thread took 0 milliseconds for processing 1 containers.
2019-10-18 07:23:50,274 [12ad0800-05cb-443c-9fdd-fa1debf04523@group-BCB82A5C07F5-LeaderElection980] INFO  impl.LeaderElection (LeaderElection.java:logAndReturn(56)) - 12ad0800-05cb-443c-9fdd-fa1debf04523@group-BCB82A5C07F5-LeaderElection980: Election REJECTED; received 2 response(s) [12ad0800-05cb-443c-9fdd-fa1debf04523<-5170c5f3-8499-4b42-9321-85fc8a351f79#0:FAIL-t20, 12ad0800-05cb-443c-9fdd-fa1debf04523<-0b10a9fc-47eb-4a2b-b664-8273d9d17379#0:FAIL-t20] and 0 exception(s); 12ad0800-05cb-443c-9fdd-fa1debf04523@group-BCB82A5C07F5:t20, leader=null, voted=12ad0800-05cb-443c-9fdd-fa1debf04523, raftlog=12ad0800-05cb-443c-9fdd-fa1debf04523@group-BCB82A5C07F5-SegmentedRaftLog:OPENED:c-1,f-1,i0, conf=-1: [12ad0800-05cb-443c-9fdd-fa1debf04523:192.168.34.25:41155, 5170c5f3-8499-4b42-9321-85fc8a351f79:192.168.34.25:43074, 0b10a9fc-47eb-4a2b-b664-8273d9d17379:192.168.34.25:45248], old=null
2019-10-18 07:23:50,274 [12ad0800-05cb-443c-9fdd-fa1debf04523@group-BCB82A5C07F5-LeaderElection980] INFO  impl.RaftServerImpl (RaftServerImpl.java:setRole(184)) - 12ad0800-05cb-443c-9fdd-fa1debf04523@group-BCB82A5C07F5: changes role from CANDIDATE to FOLLOWER at term 20 for DISCOVERED_A_NEW_TERM
2019-10-18 07:23:50,274 [12ad0800-05cb-443c-9fdd-fa1debf04523@group-BCB82A5C07F5-LeaderElection980] INFO  impl.RoleInfo (RoleInfo.java:shutdownLeaderElection(134)) - 12ad0800-05cb-443c-9fdd-fa1debf04523: shutdown LeaderElection
2019-10-18 07:23:50,274 [12ad0800-05cb-443c-9fdd-fa1debf04523@group-BCB82A5C07F5-LeaderElection980] INFO  impl.RoleInfo (RoleInfo.java:updateAndGet(143)) - 12ad0800-05cb-443c-9fdd-fa1debf04523: start FollowerState
2019-10-18 07:23:50,283 [Thread-8973] INFO  impl.FollowerState (FollowerState.java:run(108)) - 12ad0800-05cb-443c-9fdd-fa1debf04523@group-BCB82A5C07F5-FollowerState: change to CANDIDATE, lastRpcTime:8ms, electionTimeout:8ms
2019-10-18 07:23:50,283 [Thread-8961] INFO  impl.FollowerState (FollowerState.java:run(108)) - 4dea926d-4bc6-487a-9b9b-9fd457d0fae4@group-0C9C3B2D0CC1-FollowerState: change to CANDIDATE, lastRpcTime:194ms, electionTimeout:192ms
2019-10-18 07:23:50,283 [Thread-8961] INFO  impl.RoleInfo (RoleInfo.java:shutdownFollowerState(121)) - 4dea926d-4bc6-487a-9b9b-9fd457d0fae4: shutdown FollowerState
2019-10-18 07:23:50,283 [Thread-8973] INFO  impl.RoleInfo (RoleInfo.java:shutdownFollowerState(121)) - 12ad0800-05cb-443c-9fdd-fa1debf04523: shutdown FollowerState
2019-10-18 07:23:50,283 [Thread-8961] INFO  impl.RaftServerImpl (RaftServerImpl.java:setRole(184)) - 4dea926d-4bc6-487a-9b9b-9fd457d0fae4@group-0C9C3B2D0CC1: changes role from  FOLLOWER to CANDIDATE at term 13 for changeToCandidate
2019-10-18 07:23:50,284 [Thread-8973] INFO  impl.RaftServerImpl (RaftServerImpl.java:setRole(184)) - 12ad0800-05cb-443c-9fdd-fa1debf04523@group-BCB82A5C07F5: changes role from  FOLLOWER to CANDIDATE at term 20 for changeToCandidate
2019-10-18 07:23:50,284 [Thread-8961] INFO  impl.RoleInfo (RoleInfo.java:updateAndGet(143)) - 4dea926d-4bc6-487a-9b9b-9fd457d0fae4: start LeaderElection
2019-10-18 07:23:50,284 [Thread-8973] INFO  impl.RoleInfo (RoleInfo.java:updateAndGet(143)) - 12ad0800-05cb-443c-9fdd-fa1debf04523: start LeaderElection
2019-10-18 07:23:50,315 [12ad0800-05cb-443c-9fdd-fa1debf04523@group-BCB82A5C07F5-LeaderElection982] INFO  impl.LeaderElection (LeaderElection.java:askForVotes(178)) - 12ad0800-05cb-443c-9fdd-fa1debf04523@group-BCB82A5C07F5-LeaderElection982: begin an election at term 21 for -1: [12ad0800-05cb-443c-9fdd-fa1debf04523:192.168.34.25:41155, 5170c5f3-8499-4b42-9321-85fc8a351f79:192.168.34.25:43074, 0b10a9fc-47eb-4a2b-b664-8273d9d17379:192.168.34.25:45248], old=null
2019-10-18 07:23:50,315 [4dea926d-4bc6-487a-9b9b-9fd457d0fae4@group-0C9C3B2D0CC1-LeaderElection981] INFO  impl.LeaderElection (LeaderElection.java:askForVotes(178)) - 4dea926d-4bc6-487a-9b9b-9fd457d0fae4@group-0C9C3B2D0CC1-LeaderElection981: begin an election at term 14 for -1: [6633f50a-7046-4b08-9937-8e25f1b14b15:192.168.34.25:39338, 67270882-100a-4e75-928d-618d17e069c8:192.168.34.25:36648, 4dea926d-4bc6-487a-9b9b-9fd457d0fae4:192.168.34.25:41624], old=null
2019-10-18 07:23:50,317 [grpc-default-executor-4] INFO  impl.RaftServerImpl (RaftServerImpl.java:setRole(184)) - 5170c5f3-8499-4b42-9321-85fc8a351f79@group-BCB82A5C07F5: changes role from  FOLLOWER to FOLLOWER at term 21 for recognizeCandidate:12ad0800-05cb-443c-9fdd-fa1debf04523
2019-10-18 07:23:50,317 [grpc-default-executor-14] INFO  impl.RaftServerImpl (RaftServerImpl.java:setRole(184)) - 67270882-100a-4e75-928d-618d17e069c8@group-0C9C3B2D0CC1: changes role from  FOLLOWER to FOLLOWER at term 14 for recognizeCandidate:4dea926d-4bc6-487a-9b9b-9fd457d0fae4
2019-10-18 07:23:50,317 [grpc-default-executor-14] INFO  impl.RoleInfo (RoleInfo.java:shutdownFollowerState(121)) - 67270882-100a-4e75-928d-618d17e069c8: shutdown FollowerState
2019-10-18 07:23:50,317 [grpc-default-executor-4] INFO  impl.RoleInfo (RoleInfo.java:shutdownFollowerState(121)) - 5170c5f3-8499-4b42-9321-85fc8a351f79: shutdown FollowerState
2019-10-18 07:23:50,317 [Thread-8960] INFO  impl.FollowerState (FollowerState.java:run(117)) - 67270882-100a-4e75-928d-618d17e069c8@group-0C9C3B2D0CC1-FollowerState was interrupted: java.lang.InterruptedException: sleep interrupted
2019-10-18 07:23:50,317 [grpc-default-executor-11] INFO  impl.RaftServerImpl (RaftServerImpl.java:setRole(184)) - 6633f50a-7046-4b08-9937-8e25f1b14b15@group-0C9C3B2D0CC1: changes role from  FOLLOWER to FOLLOWER at term 14 for recognizeCandidate:4dea926d-4bc6-487a-9b9b-9fd457d0fae4
2019-10-18 07:23:50,318 [grpc-default-executor-11] INFO  impl.RoleInfo (RoleInfo.java:shutdownFollowerState(121)) - 6633f50a-7046-4b08-9937-8e25f1b14b15: shutdown FollowerState
2019-10-18 07:23:50,317 [grpc-default-executor-14] INFO  impl.RoleInfo (RoleInfo.java:updateAndGet(143)) - 67270882-100a-4e75-928d-618d17e069c8: start FollowerState
2019-10-18 07:23:50,318 [Thread-8959] INFO  impl.FollowerState (FollowerState.java:run(117)) - 6633f50a-7046-4b08-9937-8e25f1b14b15@group-0C9C3B2D0CC1-FollowerState was interrupted: java.lang.InterruptedException: sleep interrupted
2019-10-18 07:23:50,318 [grpc-default-executor-11] INFO  impl.RoleInfo (RoleInfo.java:updateAndGet(143)) - 6633f50a-7046-4b08-9937-8e25f1b14b15: start FollowerState
2019-10-18 07:23:50,318 [Thread-8969] INFO  impl.FollowerState (FollowerState.java:run(117)) - 5170c5f3-8499-4b42-9321-85fc8a351f79@group-BCB82A5C07F5-FollowerState was interrupted: java.lang.InterruptedException: sleep interrupted
2019-10-18 07:23:50,318 [grpc-default-executor-4] INFO  impl.RoleInfo (RoleInfo.java:updateAndGet(143)) - 5170c5f3-8499-4b42-9321-85fc8a351f79: start FollowerState
2019-10-18 07:23:50,318 [grpc-default-executor-17] INFO  impl.RaftServerImpl (RaftServerImpl.java:setRole(184)) - 0b10a9fc-47eb-4a2b-b664-8273d9d17379@group-BCB82A5C07F5: changes role from  FOLLOWER to FOLLOWER at term 21 for recognizeCandidate:12ad0800-05cb-443c-9fdd-fa1debf04523
2019-10-18 07:23:50,319 [grpc-default-executor-17] INFO  impl.RoleInfo (RoleInfo.java:shutdownFollowerState(121)) - 0b10a9fc-47eb-4a2b-b664-8273d9d17379: shutdown FollowerState
2019-10-18 07:23:50,319 [grpc-default-executor-17] INFO  impl.RoleInfo (RoleInfo.java:updateAndGet(143)) - 0b10a9fc-47eb-4a2b-b664-8273d9d17379: start FollowerState
2019-10-18 07:23:50,319 [Thread-8970] INFO  impl.FollowerState (FollowerState.java:run(117)) - 0b10a9fc-47eb-4a2b-b664-8273d9d17379@group-BCB82A5C07F5-FollowerState was interrupted: java.lang.InterruptedException: sleep interrupted
2019-10-18 07:23:50,321 [4dea926d-4bc6-487a-9b9b-9fd457d0fae4@group-0C9C3B2D0CC1-LeaderElection981] INFO  impl.LeaderElection (LeaderElection.java:logAndReturn(56)) - 4dea926d-4bc6-487a-9b9b-9fd457d0fae4@group-0C9C3B2D0CC1-LeaderElection981: Election TIMEOUT; received 0 response(s) [] and 0 exception(s); 4dea926d-4bc6-487a-9b9b-9fd457d0fae4@group-0C9C3B2D0CC1:t14, leader=null, voted=4dea926d-4bc6-487a-9b9b-9fd457d0fae4, raftlog=4dea926d-4bc6-487a-9b9b-9fd457d0fae4@group-0C9C3B2D0CC1-SegmentedRaftLog:OPENED:c-1,f-1,i0, conf=-1: [6633f50a-7046-4b08-9937-8e25f1b14b15:192.168.34.25:39338, 67270882-100a-4e75-928d-618d17e069c8:192.168.34.25:36648, 4dea926d-4bc6-487a-9b9b-9fd457d0fae4:192.168.34.25:41624], old=null
2019-10-18 07:23:50,341 [4dea926d-4bc6-487a-9b9b-9fd457d0fae4@group-0C9C3B2D0CC1-LeaderElection981] INFO  impl.LeaderElection (LeaderElection.java:askForVotes(178)) - 4dea926d-4bc6-487a-9b9b-9fd457d0fae4@group-0C9C3B2D0CC1-LeaderElection981: begin an election at term 15 for -1: [6633f50a-7046-4b08-9937-8e25f1b14b15:192.168.34.25:39338, 67270882-100a-4e75-928d-618d17e069c8:192.168.34.25:36648, 4dea926d-4bc6-487a-9b9b-9fd457d0fae4:192.168.34.25:41624], old=null
2019-10-18 07:23:50,341 [12ad0800-05cb-443c-9fdd-fa1debf04523@group-BCB82A5C07F5-LeaderElection982] INFO  impl.LeaderElection (LeaderElection.java:logAndReturn(56)) - 12ad0800-05cb-443c-9fdd-fa1debf04523@group-BCB82A5C07F5-LeaderElection982: Election REJECTED; received 2 response(s) [12ad0800-05cb-443c-9fdd-fa1debf04523<-5170c5f3-8499-4b42-9321-85fc8a351f79#0:FAIL-t21, 12ad0800-05cb-443c-9fdd-fa1debf04523<-0b10a9fc-47eb-4a2b-b664-8273d9d17379#0:FAIL-t21] and 0 exception(s); 12ad0800-05cb-443c-9fdd-fa1debf04523@group-BCB82A5C07F5:t21, leader=null, voted=12ad0800-05cb-443c-9fdd-fa1debf04523, raftlog=12ad0800-05cb-443c-9fdd-fa1debf04523@group-BCB82A5C07F5-SegmentedRaftLog:OPENED:c-1,f-1,i0, conf=-1: [12ad0800-05cb-443c-9fdd-fa1debf04523:192.168.34.25:41155, 5170c5f3-8499-4b42-9321-85fc8a351f79:192.168.34.25:43074, 0b10a9fc-47eb-4a2b-b664-8273d9d17379:192.168.34.25:45248], old=null
2019-10-18 07:23:50,342 [12ad0800-05cb-443c-9fdd-fa1debf04523@group-BCB82A5C07F5-LeaderElection982] INFO  impl.RaftServerImpl (RaftServerImpl.java:setRole(184)) - 12ad0800-05cb-443c-9fdd-fa1debf04523@group-BCB82A5C07F5: changes role from CANDIDATE to FOLLOWER at term 21 for DISCOVERED_A_NEW_TERM
2019-10-18 07:23:50,342 [12ad0800-05cb-443c-9fdd-fa1debf04523@group-BCB82A5C07F5-LeaderElection982] INFO  impl.RoleInfo (RoleInfo.java:shutdownLeaderElection(134)) - 12ad0800-05cb-443c-9fdd-fa1debf04523: shutdown LeaderElection
2019-10-18 07:23:50,342 [12ad0800-05cb-443c-9fdd-fa1debf04523@group-BCB82A5C07F5-LeaderElection982] INFO  impl.RoleInfo (RoleInfo.java:updateAndGet(143)) - 12ad0800-05cb-443c-9fdd-fa1debf04523: start FollowerState
2019-10-18 07:23:50,342 [grpc-default-executor-17] INFO  impl.RaftServerImpl (RaftServerImpl.java:setRole(184)) - 6633f50a-7046-4b08-9937-8e25f1b14b15@group-0C9C3B2D0CC1: changes role from  FOLLOWER to FOLLOWER at term 15 for recognizeCandidate:4dea926d-4bc6-487a-9b9b-9fd457d0fae4
2019-10-18 07:23:50,343 [grpc-default-executor-17] INFO  impl.RoleInfo (RoleInfo.java:shutdownFollowerState(121)) - 6633f50a-7046-4b08-9937-8e25f1b14b15: shutdown FollowerState
2019-10-18 07:23:50,343 [grpc-default-executor-11] INFO  impl.RaftServerImpl (RaftServerImpl.java:setRole(184)) - 67270882-100a-4e75-928d-618d17e069c8@group-0C9C3B2D0CC1: changes role from  FOLLOWER to FOLLOWER at term 15 for recognizeCandidate:4dea926d-4bc6-487a-9b9b-9fd457d0fae4
2019-10-18 07:23:50,343 [grpc-default-executor-11] INFO  impl.RoleInfo (RoleInfo.java:shutdownFollowerState(121)) - 67270882-100a-4e75-928d-618d17e069c8: shutdown FollowerState
2019-10-18 07:23:50,343 [grpc-default-executor-17] INFO  impl.RoleInfo (RoleInfo.java:updateAndGet(143)) - 6633f50a-7046-4b08-9937-8e25f1b14b15: start FollowerState
2019-10-18 07:23:50,343 [Thread-8983] INFO  impl.FollowerState (FollowerState.java:run(117)) - 6633f50a-7046-4b08-9937-8e25f1b14b15@group-0C9C3B2D0CC1-FollowerState was interrupted: java.lang.InterruptedException: sleep interrupted
2019-10-18 07:23:50,343 [Thread-8981] INFO  impl.FollowerState (FollowerState.java:run(117)) - 67270882-100a-4e75-928d-618d17e069c8@group-0C9C3B2D0CC1-FollowerState was interrupted: java.lang.InterruptedException: sleep interrupted
2019-10-18 07:23:50,343 [grpc-default-executor-11] INFO  impl.RoleInfo (RoleInfo.java:updateAndGet(143)) - 67270882-100a-4e75-928d-618d17e069c8: start FollowerState
2019-10-18 07:23:50,366 [4dea926d-4bc6-487a-9b9b-9fd457d0fae4@group-0C9C3B2D0CC1-LeaderElection981] INFO  impl.LeaderElection (LeaderElection.java:logAndReturn(56)) - 4dea926d-4bc6-487a-9b9b-9fd457d0fae4@group-0C9C3B2D0CC1-LeaderElection981: Election TIMEOUT; received 0 response(s) [] and 0 exception(s); 4dea926d-4bc6-487a-9b9b-9fd457d0fae4@group-0C9C3B2D0CC1:t15, leader=null, voted=4dea926d-4bc6-487a-9b9b-9fd457d0fae4, raftlog=4dea926d-4bc6-487a-9b9b-9fd457d0fae4@group-0C9C3B2D0CC1-SegmentedRaftLog:OPENED:c-1,f-1,i0, conf=-1: [6633f50a-7046-4b08-9937-8e25f1b14b15:192.168.34.25:39338, 67270882-100a-4e75-928d-618d17e069c8:192.168.34.25:36648, 4dea926d-4bc6-487a-9b9b-9fd457d0fae4:192.168.34.25:41624], old=null
2019-10-18 07:23:50,383 [Thread-8989] INFO  impl.FollowerState (FollowerState.java:run(108)) - 12ad0800-05cb-443c-9fdd-fa1debf04523@group-BCB82A5C07F5-FollowerState: change to CANDIDATE, lastRpcTime:41ms, electionTimeout:41ms
2019-10-18 07:23:50,383 [Thread-8989] INFO  impl.RoleInfo (RoleInfo.java:shutdownFollowerState(121)) - 12ad0800-05cb-443c-9fdd-fa1debf04523: shutdown FollowerState
2019-10-18 07:23:50,384 [Thread-8989] INFO  impl.RaftServerImpl (RaftServerImpl.java:setRole(184)) - 12ad0800-05cb-443c-9fdd-fa1debf04523@group-BCB82A5C07F5: changes role from  FOLLOWER to CANDIDATE at term 21 for changeToCandidate
2019-10-18 07:23:50,384 [Thread-8989] INFO  impl.RoleInfo (RoleInfo.java:updateAndGet(143)) - 12ad0800-05cb-443c-9fdd-fa1debf04523: start LeaderElection
2019-10-18 07:23:50,392 [4dea926d-4bc6-487a-9b9b-9fd457d0fae4@group-0C9C3B2D0CC1-LeaderElection981] INFO  impl.LeaderElection (LeaderElection.java:askForVotes(178)) - 4dea926d-4bc6-487a-9b9b-9fd457d0fae4@group-0C9C3B2D0CC1-LeaderElection981: begin an election at term 16 for -1: [6633f50a-7046-4b08-9937-8e25f1b14b15:192.168.34.25:39338, 67270882-100a-4e75-928d-618d17e069c8:192.168.34.25:36648, 4dea926d-4bc6-487a-9b9b-9fd457d0fae4:192.168.34.25:41624], old=null
2019-10-18 07:23:50,393 [grpc-default-executor-11] INFO  impl.RaftServerImpl (RaftServerImpl.java:setRole(184)) - 6633f50a-7046-4b08-9937-8e25f1b14b15@group-0C9C3B2D0CC1: changes role from  FOLLOWER to FOLLOWER at term 16 for recognizeCandidate:4dea926d-4bc6-487a-9b9b-9fd457d0fae4
2019-10-18 07:23:50,393 [grpc-default-executor-11] INFO  impl.RoleInfo (RoleInfo.java:shutdownFollowerState(121)) - 6633f50a-7046-4b08-9937-8e25f1b14b15: shutdown FollowerState
2019-10-18 07:23:50,393 [grpc-default-executor-17] INFO  impl.RaftServerImpl (RaftServerImpl.java:setRole(184)) - 67270882-100a-4e75-928d-618d17e069c8@group-0C9C3B2D0CC1: changes role from  FOLLOWER to FOLLOWER at term 16 for recognizeCandidate:4dea926d-4bc6-487a-9b9b-9fd457d0fae4
2019-10-18 07:23:50,393 [Thread-8990] INFO  impl.FollowerState (FollowerState.java:run(117)) - 6633f50a-7046-4b08-9937-8e25f1b14b15@group-0C9C3B2D0CC1-FollowerState was interrupted: java.lang.InterruptedException: sleep interrupted
2019-10-18 07:23:50,393 [grpc-default-executor-11] INFO  impl.RoleInfo (RoleInfo.java:updateAndGet(143)) - 6633f50a-7046-4b08-9937-8e25f1b14b15: start FollowerState
2019-10-18 07:23:50,393 [grpc-default-executor-17] INFO  impl.RoleInfo (RoleInfo.java:shutdownFollowerState(121)) - 67270882-100a-4e75-928d-618d17e069c8: shutdown FollowerState
2019-10-18 07:23:50,394 [grpc-default-executor-17] INFO  impl.RoleInfo (RoleInfo.java:updateAndGet(143)) - 67270882-100a-4e75-928d-618d17e069c8: start FollowerState
2019-10-18 07:23:50,394 [Thread-8991] INFO  impl.FollowerState (FollowerState.java:run(117)) - 67270882-100a-4e75-928d-618d17e069c8@group-0C9C3B2D0CC1-FollowerState was interrupted: java.lang.InterruptedException: sleep interrupted
2019-10-18 07:23:50,411 [12ad0800-05cb-443c-9fdd-fa1debf04523@group-BCB82A5C07F5-LeaderElection983] INFO  impl.LeaderElection (LeaderElection.java:askForVotes(178)) - 12ad0800-05cb-443c-9fdd-fa1debf04523@group-BCB82A5C07F5-LeaderElection983: begin an election at term 22 for -1: [12ad0800-05cb-443c-9fdd-fa1debf04523:192.168.34.25:41155, 5170c5f3-8499-4b42-9321-85fc8a351f79:192.168.34.25:43074, 0b10a9fc-47eb-4a2b-b664-8273d9d17379:192.168.34.25:45248], old=null
2019-10-18 07:23:50,411 [4dea926d-4bc6-487a-9b9b-9fd457d0fae4@group-0C9C3B2D0CC1-LeaderElection981] INFO  impl.LeaderElection (LeaderElection.java:logAndReturn(56)) - 4dea926d-4bc6-487a-9b9b-9fd457d0fae4@group-0C9C3B2D0CC1-LeaderElection981: Election REJECTED; received 2 response(s) [4dea926d-4bc6-487a-9b9b-9fd457d0fae4<-6633f50a-7046-4b08-9937-8e25f1b14b15#0:FAIL-t16, 4dea926d-4bc6-487a-9b9b-9fd457d0fae4<-67270882-100a-4e75-928d-618d17e069c8#0:FAIL-t16] and 0 exception(s); 4dea926d-4bc6-487a-9b9b-9fd457d0fae4@group-0C9C3B2D0CC1:t16, leader=null, voted=4dea926d-4bc6-487a-9b9b-9fd457d0fae4, raftlog=4dea926d-4bc6-487a-9b9b-9fd457d0fae4@group-0C9C3B2D0CC1-SegmentedRaftLog:OPENED:c-1,f-1,i0, conf=-1: [6633f50a-7046-4b08-9937-8e25f1b14b15:192.168.34.25:39338, 67270882-100a-4e75-928d-618d17e069c8:192.168.34.25:36648, 4dea926d-4bc6-487a-9b9b-9fd457d0fae4:192.168.34.25:41624], old=null
2019-10-18 07:23:50,412 [4dea926d-4bc6-487a-9b9b-9fd457d0fae4@group-0C9C3B2D0CC1-LeaderElection981] INFO  impl.RaftServerImpl (RaftServerImpl.java:setRole(184)) - 4dea926d-4bc6-487a-9b9b-9fd457d0fae4@group-0C9C3B2D0CC1: changes role from CANDIDATE to FOLLOWER at term 16 for DISCOVERED_A_NEW_TERM
2019-10-18 07:23:50,412 [4dea926d-4bc6-487a-9b9b-9fd457d0fae4@group-0C9C3B2D0CC1-LeaderElection981] INFO  impl.RoleInfo (RoleInfo.java:shutdownLeaderElection(134)) - 4dea926d-4bc6-487a-9b9b-9fd457d0fae4: shutdown LeaderElection
2019-10-18 07:23:50,412 [4dea926d-4bc6-487a-9b9b-9fd457d0fae4@group-0C9C3B2D0CC1-LeaderElection981] INFO  impl.RoleInfo (RoleInfo.java:updateAndGet(143)) - 4dea926d-4bc6-487a-9b9b-9fd457d0fae4: start FollowerState
2019-10-18 07:23:50,412 [grpc-default-executor-11] INFO  impl.RaftServerImpl (RaftServerImpl.java:setRole(184)) - 5170c5f3-8499-4b42-9321-85fc8a351f79@group-BCB82A5C07F5: changes role from  FOLLOWER to FOLLOWER at term 22 for recognizeCandidate:12ad0800-05cb-443c-9fdd-fa1debf04523
2019-10-18 07:23:50,412 [grpc-default-executor-11] INFO  impl.RoleInfo (RoleInfo.java:shutdownFollowerState(121)) - 5170c5f3-8499-4b42-9321-85fc8a351f79: shutdown FollowerState
2019-10-18 07:23:50,412 [grpc-default-executor-17] INFO  impl.RaftServerImpl (RaftServerImpl.java:setRole(184)) - 0b10a9fc-47eb-4a2b-b664-8273d9d17379@group-BCB82A5C07F5: changes role from  FOLLOWER to FOLLOWER at term 22 for recognizeCandidate:12ad0800-05cb-443c-9fdd-fa1debf04523
2019-10-18 07:23:50,412 [Thread-8982] INFO  impl.FollowerState (FollowerState.java:run(117)) - 5170c5f3-8499-4b42-9321-85fc8a351f79@group-BCB82A5C07F5-FollowerState was interrupted: java.lang.InterruptedException: sleep interrupted
2019-10-18 07:23:50,412 [grpc-default-executor-11] INFO  impl.RoleInfo (RoleInfo.java:updateAndGet(143)) - 5170c5f3-8499-4b42-9321-85fc8a351f79: start FollowerState
2019-10-18 07:23:50,412 [grpc-default-executor-17] INFO  impl.RoleInfo (RoleInfo.java:shutdownFollowerState(121)) - 0b10a9fc-47eb-4a2b-b664-8273d9d17379: shutdown FollowerState
2019-10-18 07:23:50,413 [grpc-default-executor-17] INFO  impl.RoleInfo (RoleInfo.java:updateAndGet(143)) - 0b10a9fc-47eb-4a2b-b664-8273d9d17379: start FollowerState
2019-10-18 07:23:50,413 [Thread-8984] INFO  impl.FollowerState (FollowerState.java:run(117)) - 0b10a9fc-47eb-4a2b-b664-8273d9d17379@group-BCB82A5C07F5-FollowerState was interrupted: java.lang.InterruptedException: sleep interrupted
2019-10-18 07:23:50,429 [Thread-8999] INFO  impl.FollowerState (FollowerState.java:run(108)) - 4dea926d-4bc6-487a-9b9b-9fd457d0fae4@group-0C9C3B2D0CC1-FollowerState: change to CANDIDATE, lastRpcTime:17ms, electionTimeout:17ms
2019-10-18 07:23:50,429 [Thread-8999] INFO  impl.RoleInfo (RoleInfo.java:shutdownFollowerState(121)) - 4dea926d-4bc6-487a-9b9b-9fd457d0fae4: shutdown FollowerState
2019-10-18 07:23:50,429 [Thread-8999] INFO  impl.RaftServerImpl (RaftServerImpl.java:setRole(184)) - 4dea926d-4bc6-487a-9b9b-9fd457d0fae4@group-0C9C3B2D0CC1: changes role from  FOLLOWER to CANDIDATE at term 16 for changeToCandidate
2019-10-18 07:23:50,429 [Thread-8999] INFO  impl.RoleInfo (RoleInfo.java:updateAndGet(143)) - 4dea926d-4bc6-487a-9b9b-9fd457d0fae4: start LeaderElection
2019-10-18 07:23:50,443 [12ad0800-05cb-443c-9fdd-fa1debf04523@group-BCB82A5C07F5-LeaderElection983] INFO  impl.LeaderElection (LeaderElection.java:logAndReturn(56)) - 12ad0800-05cb-443c-9fdd-fa1debf04523@group-BCB82A5C07F5-LeaderElection983: Election REJECTED; received 2 response(s) [12ad0800-05cb-443c-9fdd-fa1debf04523<-5170c5f3-8499-4b42-9321-85fc8a351f79#0:FAIL-t22, 12ad0800-05cb-443c-9fdd-fa1debf04523<-0b10a9fc-47eb-4a2b-b664-8273d9d17379#0:FAIL-t22] and 0 exception(s); 12ad0800-05cb-443c-9fdd-fa1debf04523@group-BCB82A5C07F5:t22, leader=null, voted=12ad0800-05cb-443c-9fdd-fa1debf04523, raftlog=12ad0800-05cb-443c-9fdd-fa1debf04523@group-BCB82A5C07F5-SegmentedRaftLog:OPENED:c-1,f-1,i0, conf=-1: [12ad0800-05cb-443c-9fdd-fa1debf04523:192.168.34.25:41155, 5170c5f3-8499-4b42-9321-85fc8a351f79:192.168.34.25:43074, 0b10a9fc-47eb-4a2b-b664-8273d9d17379:192.168.34.25:45248], old=null
2019-10-18 07:23:50,444 [12ad0800-05cb-443c-9fdd-fa1debf04523@group-BCB82A5C07F5-LeaderElection983] INFO  impl.RaftServerImpl (RaftServerImpl.java:setRole(184)) - 12ad0800-05cb-443c-9fdd-fa1debf04523@group-BCB82A5C07F5: changes role from CANDIDATE to FOLLOWER at term 22 for DISCOVERED_A_NEW_TERM
2019-10-18 07:23:50,444 [12ad0800-05cb-443c-9fdd-fa1debf04523@group-BCB82A5C07F5-LeaderElection983] INFO  impl.RoleInfo (RoleInfo.java:shutdownLeaderElection(134)) - 12ad0800-05cb-443c-9fdd-fa1debf04523: shutdown LeaderElection
2019-10-18 07:23:50,444 [12ad0800-05cb-443c-9fdd-fa1debf04523@group-BCB82A5C07F5-LeaderElection983] INFO  impl.RoleInfo (RoleInfo.java:updateAndGet(143)) - 12ad0800-05cb-443c-9fdd-fa1debf04523: start FollowerState
2019-10-18 07:23:50,460 [4dea926d-4bc6-487a-9b9b-9fd457d0fae4@group-0C9C3B2D0CC1-LeaderElection984] INFO  impl.LeaderElection (LeaderElection.java:askForVotes(178)) - 4dea926d-4bc6-487a-9b9b-9fd457d0fae4@group-0C9C3B2D0CC1-LeaderElection984: begin an election at term 17 for -1: [6633f50a-7046-4b08-9937-8e25f1b14b15:192.168.34.25:39338, 67270882-100a-4e75-928d-618d17e069c8:192.168.34.25:36648, 4dea926d-4bc6-487a-9b9b-9fd457d0fae4:192.168.34.25:41624], old=null
2019-10-18 07:23:50,461 [grpc-default-executor-17] INFO  impl.RaftServerImpl (RaftServerImpl.java:setRole(184)) - 6633f50a-7046-4b08-9937-8e25f1b14b15@group-0C9C3B2D0CC1: changes role from  FOLLOWER to FOLLOWER at term 17 for recognizeCandidate:4dea926d-4bc6-487a-9b9b-9fd457d0fae4
2019-10-18 07:23:50,461 [grpc-default-executor-17] INFO  impl.RoleInfo (RoleInfo.java:shutdownFollowerState(121)) - 6633f50a-7046-4b08-9937-8e25f1b14b15: shutdown FollowerState
2019-10-18 07:23:50,461 [grpc-default-executor-17] INFO  impl.RoleInfo (RoleInfo.java:updateAndGet(143)) - 6633f50a-7046-4b08-9937-8e25f1b14b15: start FollowerState
2019-10-18 07:23:50,461 [Thread-8995] INFO  impl.FollowerState (FollowerState.java:run(117)) - 6633f50a-7046-4b08-9937-8e25f1b14b15@group-0C9C3B2D0CC1-FollowerState was interrupted: java.lang.InterruptedException: sleep interrupted
2019-10-18 07:23:50,461 [grpc-default-executor-11] INFO  impl.RaftServerImpl (RaftServerImpl.java:setRole(184)) - 67270882-100a-4e75-928d-618d17e069c8@group-0C9C3B2D0CC1: changes role from  FOLLOWER to FOLLOWER at term 17 for recognizeCandidate:4dea926d-4bc6-487a-9b9b-9fd457d0fae4
2019-10-18 07:23:50,462 [grpc-default-executor-11] INFO  impl.RoleInfo (RoleInfo.java:shutdownFollowerState(121)) - 67270882-100a-4e75-928d-618d17e069c8: shutdown FollowerState
2019-10-18 07:23:50,462 [grpc-default-executor-11] INFO  impl.RoleInfo (RoleInfo.java:updateAndGet(143)) - 67270882-100a-4e75-928d-618d17e069c8: start FollowerState
2019-10-18 07:23:50,462 [Thread-8996] INFO  impl.FollowerState (FollowerState.java:run(117)) - 67270882-100a-4e75-928d-618d17e069c8@group-0C9C3B2D0CC1-FollowerState was interrupted: java.lang.InterruptedException: sleep interrupted
2019-10-18 07:23:50,479 [4dea926d-4bc6-487a-9b9b-9fd457d0fae4@group-0C9C3B2D0CC1-LeaderElection984] INFO  impl.LeaderElection (LeaderElection.java:logAndReturn(56)) - 4dea926d-4bc6-487a-9b9b-9fd457d0fae4@group-0C9C3B2D0CC1-LeaderElection984: Election REJECTED; received 2 response(s) [4dea926d-4bc6-487a-9b9b-9fd457d0fae4<-6633f50a-7046-4b08-9937-8e25f1b14b15#0:FAIL-t17, 4dea926d-4bc6-487a-9b9b-9fd457d0fae4<-67270882-100a-4e75-928d-618d17e069c8#0:FAIL-t17] and 0 exception(s); 4dea926d-4bc6-487a-9b9b-9fd457d0fae4@group-0C9C3B2D0CC1:t17, leader=null, voted=4dea926d-4bc6-487a-9b9b-9fd457d0fae4, raftlog=4dea926d-4bc6-487a-9b9b-9fd457d0fae4@group-0C9C3B2D0CC1-SegmentedRaftLog:OPENED:c-1,f-1,i0, conf=-1: [6633f50a-7046-4b08-9937-8e25f1b14b15:192.168.34.25:39338, 67270882-100a-4e75-928d-618d17e069c8:192.168.34.25:36648, 4dea926d-4bc6-487a-9b9b-9fd457d0fae4:192.168.34.25:41624], old=null
2019-10-18 07:23:50,479 [4dea926d-4bc6-487a-9b9b-9fd457d0fae4@group-0C9C3B2D0CC1-LeaderElection984] INFO  impl.RaftServerImpl (RaftServerImpl.java:setRole(184)) - 4dea926d-4bc6-487a-9b9b-9fd457d0fae4@group-0C9C3B2D0CC1: changes role from CANDIDATE to FOLLOWER at term 17 for DISCOVERED_A_NEW_TERM
2019-10-18 07:23:50,479 [4dea926d-4bc6-487a-9b9b-9fd457d0fae4@group-0C9C3B2D0CC1-LeaderElection984] INFO  impl.RoleInfo (RoleInfo.java:shutdownLeaderElection(134)) - 4dea926d-4bc6-487a-9b9b-9fd457d0fae4: shutdown LeaderElection
2019-10-18 07:23:50,479 [4dea926d-4bc6-487a-9b9b-9fd457d0fae4@group-0C9C3B2D0CC1-LeaderElection984] INFO  impl.RoleInfo (RoleInfo.java:updateAndGet(143)) - 4dea926d-4bc6-487a-9b9b-9fd457d0fae4: start FollowerState
2019-10-18 07:23:50,617 [Thread-9003] INFO  impl.FollowerState (FollowerState.java:run(108)) - 12ad0800-05cb-443c-9fdd-fa1debf04523@group-BCB82A5C07F5-FollowerState: change to CANDIDATE, lastRpcTime:173ms, electionTimeout:173ms
2019-10-18 07:23:50,617 [Thread-9003] INFO  impl.RoleInfo (RoleInfo.java:shutdownFollowerState(121)) - 12ad0800-05cb-443c-9fdd-fa1debf04523: shutdown FollowerState
2019-10-18 07:23:50,617 [Thread-9003] INFO  impl.RaftServerImpl (RaftServerImpl.java:setRole(184)) - 12ad0800-05cb-443c-9fdd-fa1debf04523@group-BCB82A5C07F5: changes role from  FOLLOWER to CANDIDATE at term 22 for changeToCandidate
2019-10-18 07:23:50,618 [Thread-9003] INFO  impl.RoleInfo (RoleInfo.java:updateAndGet(143)) - 12ad0800-05cb-443c-9fdd-fa1debf04523: start LeaderElection
2019-10-18 07:23:50,654 [12ad0800-05cb-443c-9fdd-fa1debf04523@group-BCB82A5C07F5-LeaderElection985] INFO  impl.LeaderElection (LeaderElection.java:askForVotes(178)) - 12ad0800-05cb-443c-9fdd-fa1debf04523@group-BCB82A5C07F5-LeaderElection985: begin an election at term 23 for -1: [12ad0800-05cb-443c-9fdd-fa1debf04523:192.168.34.25:41155, 5170c5f3-8499-4b42-9321-85fc8a351f79:192.168.34.25:43074, 0b10a9fc-47eb-4a2b-b664-8273d9d17379:192.168.34.25:45248], old=null
2019-10-18 07:23:50,655 [grpc-default-executor-17] INFO  impl.RaftServerImpl (RaftServerImpl.java:setRole(184)) - 5170c5f3-8499-4b42-9321-85fc8a351f79@group-BCB82A5C07F5: changes role from  FOLLOWER to FOLLOWER at term 23 for recognizeCandidate:12ad0800-05cb-443c-9fdd-fa1debf04523
2019-10-18 07:23:50,656 [grpc-default-executor-11] INFO  impl.RaftServerImpl (RaftServerImpl.java:setRole(184)) - 0b10a9fc-47eb-4a2b-b664-8273d9d17379@group-BCB82A5C07F5: changes role from  FOLLOWER to FOLLOWER at term 23 for recognizeCandidate:12ad0800-05cb-443c-9fdd-fa1debf04523
2019-10-18 07:23:50,656 [grpc-default-executor-17] INFO  impl.RoleInfo (RoleInfo.java:shutdownFollowerState(121)) - 5170c5f3-8499-4b42-9321-85fc8a351f79: shutdown FollowerState
2019-10-18 07:23:50,656 [grpc-default-executor-11] INFO  impl.RoleInfo (RoleInfo.java:shutdownFollowerState(121)) - 0b10a9fc-47eb-4a2b-b664-8273d9d17379: shutdown FollowerState
2019-10-18 07:23:50,656 [Thread-9000] INFO  impl.FollowerState (FollowerState.java:run(117)) - 5170c5f3-8499-4b42-9321-85fc8a351f79@group-BCB82A5C07F5-FollowerState was interrupted: java.lang.InterruptedException: sleep interrupted
2019-10-18 07:23:50,656 [grpc-default-executor-17] INFO  impl.RoleInfo (RoleInfo.java:updateAndGet(143)) - 5170c5f3-8499-4b42-9321-85fc8a351f79: start FollowerState
2019-10-18 07:23:50,656 [Thread-9001] INFO  impl.FollowerState (FollowerState.java:run(117)) - 0b10a9fc-47eb-4a2b-b664-8273d9d17379@group-BCB82A5C07F5-FollowerState was interrupted: java.lang.InterruptedException: sleep interrupted
2019-10-18 07:23:50,656 [grpc-default-executor-11] INFO  impl.RoleInfo (RoleInfo.java:updateAndGet(143)) - 0b10a9fc-47eb-4a2b-b664-8273d9d17379: start FollowerState
2019-10-18 07:23:50,676 [Thread-9008] INFO  impl.FollowerState (FollowerState.java:run(108)) - 4dea926d-4bc6-487a-9b9b-9fd457d0fae4@group-0C9C3B2D0CC1-FollowerState: change to CANDIDATE, lastRpcTime:197ms, electionTimeout:197ms
2019-10-18 07:23:50,676 [Thread-9008] INFO  impl.RoleInfo (RoleInfo.java:shutdownFollowerState(121)) - 4dea926d-4bc6-487a-9b9b-9fd457d0fae4: shutdown FollowerState
2019-10-18 07:23:50,677 [Thread-9008] INFO  impl.RaftServerImpl (RaftServerImpl.java:setRole(184)) - 4dea926d-4bc6-487a-9b9b-9fd457d0fae4@group-0C9C3B2D0CC1: changes role from  FOLLOWER to CANDIDATE at term 17 for changeToCandidate
2019-10-18 07:23:50,677 [Thread-9008] INFO  impl.RoleInfo (RoleInfo.java:updateAndGet(143)) - 4dea926d-4bc6-487a-9b9b-9fd457d0fae4: start LeaderElection
2019-10-18 07:23:50,680 [12ad0800-05cb-443c-9fdd-fa1debf04523@group-BCB82A5C07F5-LeaderElection985] INFO  impl.LeaderElection (LeaderElection.java:logAndReturn(56)) - 12ad0800-05cb-443c-9fdd-fa1debf04523@group-BCB82A5C07F5-LeaderElection985: Election REJECTED; received 2 response(s) [12ad0800-05cb-443c-9fdd-fa1debf04523<-5170c5f3-8499-4b42-9321-85fc8a351f79#0:FAIL-t23, 12ad0800-05cb-443c-9fdd-fa1debf04523<-0b10a9fc-47eb-4a2b-b664-8273d9d17379#0:FAIL-t23] and 0 exception(s); 12ad0800-05cb-443c-9fdd-fa1debf04523@group-BCB82A5C07F5:t23, leader=null, voted=12ad0800-05cb-443c-9fdd-fa1debf04523, raftlog=12ad0800-05cb-443c-9fdd-fa1debf04523@group-BCB82A5C07F5-SegmentedRaftLog:OPENED:c-1,f-1,i0, conf=-1: [12ad0800-05cb-443c-9fdd-fa1debf04523:192.168.34.25:41155, 5170c5f3-8499-4b42-9321-85fc8a351f79:192.168.34.25:43074, 0b10a9fc-47eb-4a2b-b664-8273d9d17379:192.168.34.25:45248], old=null
2019-10-18 07:23:50,680 [12ad0800-05cb-443c-9fdd-fa1debf04523@group-BCB82A5C07F5-LeaderElection985] INFO  impl.RaftServerImpl (RaftServerImpl.java:setRole(184)) - 12ad0800-05cb-443c-9fdd-fa1debf04523@group-BCB82A5C07F5: changes role from CANDIDATE to FOLLOWER at term 23 for DISCOVERED_A_NEW_TERM
2019-10-18 07:23:50,680 [12ad0800-05cb-443c-9fdd-fa1debf04523@group-BCB82A5C07F5-LeaderElection985] INFO  impl.RoleInfo (RoleInfo.java:shutdownLeaderElection(134)) - 12ad0800-05cb-443c-9fdd-fa1debf04523: shutdown LeaderElection
2019-10-18 07:23:50,680 [12ad0800-05cb-443c-9fdd-fa1debf04523@group-BCB82A5C07F5-LeaderElection985] INFO  impl.RoleInfo (RoleInfo.java:updateAndGet(143)) - 12ad0800-05cb-443c-9fdd-fa1debf04523: start FollowerState
2019-10-18 07:23:50,690 [Thread-9015] INFO  impl.FollowerState (FollowerState.java:run(108)) - 12ad0800-05cb-443c-9fdd-fa1debf04523@group-BCB82A5C07F5-FollowerState: change to CANDIDATE, lastRpcTime:9ms, electionTimeout:9ms
2019-10-18 07:23:50,690 [Thread-9015] INFO  impl.RoleInfo (RoleInfo.java:shutdownFollowerState(121)) - 12ad0800-05cb-443c-9fdd-fa1debf04523: shutdown FollowerState
2019-10-18 07:23:50,690 [Thread-9015] INFO  impl.RaftServerImpl (RaftServerImpl.java:setRole(184)) - 12ad0800-05cb-443c-9fdd-fa1debf04523@group-BCB82A5C07F5: changes role from  FOLLOWER to CANDIDATE at term 23 for changeToCandidate
2019-10-18 07:23:50,690 [Thread-9015] INFO  impl.RoleInfo (RoleInfo.java:updateAndGet(143)) - 12ad0800-05cb-443c-9fdd-fa1debf04523: start LeaderElection
2019-10-18 07:23:50,697 [4dea926d-4bc6-487a-9b9b-9fd457d0fae4@group-0C9C3B2D0CC1-LeaderElection986] INFO  impl.LeaderElection (LeaderElection.java:askForVotes(178)) - 4dea926d-4bc6-487a-9b9b-9fd457d0fae4@group-0C9C3B2D0CC1-LeaderElection986: begin an election at term 18 for -1: [6633f50a-7046-4b08-9937-8e25f1b14b15:192.168.34.25:39338, 67270882-100a-4e75-928d-618d17e069c8:192.168.34.25:36648, 4dea926d-4bc6-487a-9b9b-9fd457d0fae4:192.168.34.25:41624], old=null
2019-10-18 07:23:50,698 [grpc-default-executor-17] INFO  impl.RaftServerImpl (RaftServerImpl.java:setRole(184)) - 6633f50a-7046-4b08-9937-8e25f1b14b15@group-0C9C3B2D0CC1: changes role from  FOLLOWER to FOLLOWER at term 18 for recognizeCandidate:4dea926d-4bc6-487a-9b9b-9fd457d0fae4
2019-10-18 07:23:50,698 [grpc-default-executor-17] INFO  impl.RoleInfo (RoleInfo.java:shutdownFollowerState(121)) - 6633f50a-7046-4b08-9937-8e25f1b14b15: shutdown FollowerState
2019-10-18 07:23:50,698 [grpc-default-executor-11] INFO  impl.RaftServerImpl (RaftServerImpl.java:setRole(184)) - 67270882-100a-4e75-928d-618d17e069c8@group-0C9C3B2D0CC1: changes role from  FOLLOWER to FOLLOWER at term 18 for recognizeCandidate:4dea926d-4bc6-487a-9b9b-9fd457d0fae4
2019-10-18 07:23:50,698 [Thread-9006] INFO  impl.FollowerState (FollowerState.java:run(117)) - 6633f50a-7046-4b08-9937-8e25f1b14b15@group-0C9C3B2D0CC1-FollowerState was interrupted: java.lang.InterruptedException: sleep interrupted
2019-10-18 07:23:50,698 [grpc-default-executor-17] INFO  impl.RoleInfo (RoleInfo.java:updateAndGet(143)) - 6633f50a-7046-4b08-9937-8e25f1b14b15: start FollowerState
2019-10-18 07:23:50,698 [grpc-default-executor-11] INFO  impl.RoleInfo (RoleInfo.java:shutdownFollowerState(121)) - 67270882-100a-4e75-928d-618d17e069c8: shutdown FollowerState
2019-10-18 07:23:50,699 [grpc-default-executor-11] INFO  impl.RoleInfo (RoleInfo.java:updateAndGet(143)) - 67270882-100a-4e75-928d-618d17e069c8: start FollowerState
2019-10-18 07:23:50,699 [Thread-9007] INFO  impl.FollowerState (FollowerState.java:run(117)) - 67270882-100a-4e75-928d-618d17e069c8@group-0C9C3B2D0CC1-FollowerState was interrupted: java.lang.InterruptedException: sleep interrupted
2019-10-18 07:23:50,714 [12ad0800-05cb-443c-9fdd-fa1debf04523@group-BCB82A5C07F5-LeaderElection987] INFO  impl.LeaderElection (LeaderElection.java:askForVotes(178)) - 12ad0800-05cb-443c-9fdd-fa1debf04523@group-BCB82A5C07F5-LeaderElection987: begin an election at term 24 for -1: [12ad0800-05cb-443c-9fdd-fa1debf04523:192.168.34.25:41155, 5170c5f3-8499-4b42-9321-85fc8a351f79:192.168.34.25:43074, 0b10a9fc-47eb-4a2b-b664-8273d9d17379:192.168.34.25:45248], old=null
2019-10-18 07:23:50,714 [4dea926d-4bc6-487a-9b9b-9fd457d0fae4@group-0C9C3B2D0CC1-LeaderElection986] INFO  impl.LeaderElection (LeaderElection.java:logAndReturn(56)) - 4dea926d-4bc6-487a-9b9b-9fd457d0fae4@group-0C9C3B2D0CC1-LeaderElection986: Election REJECTED; received 2 response(s) [4dea926d-4bc6-487a-9b9b-9fd457d0fae4<-6633f50a-7046-4b08-9937-8e25f1b14b15#0:FAIL-t18, 4dea926d-4bc6-487a-9b9b-9fd457d0fae4<-67270882-100a-4e75-928d-618d17e069c8#0:FAIL-t18] and 0 exception(s); 4dea926d-4bc6-487a-9b9b-9fd457d0fae4@group-0C9C3B2D0CC1:t18, leader=null, voted=4dea926d-4bc6-487a-9b9b-9fd457d0fae4, raftlog=4dea926d-4bc6-487a-9b9b-9fd457d0fae4@group-0C9C3B2D0CC1-SegmentedRaftLog:OPENED:c-1,f-1,i0, conf=-1: [6633f50a-7046-4b08-9937-8e25f1b14b15:192.168.34.25:39338, 67270882-100a-4e75-928d-618d17e069c8:192.168.34.25:36648, 4dea926d-4bc6-487a-9b9b-9fd457d0fae4:192.168.34.25:41624], old=null
2019-10-18 07:23:50,714 [4dea926d-4bc6-487a-9b9b-9fd457d0fae4@group-0C9C3B2D0CC1-LeaderElection986] INFO  impl.RaftServerImpl (RaftServerImpl.java:setRole(184)) - 4dea926d-4bc6-487a-9b9b-9fd457d0fae4@group-0C9C3B2D0CC1: changes role from CANDIDATE to FOLLOWER at term 18 for DISCOVERED_A_NEW_TERM
2019-10-18 07:23:50,715 [4dea926d-4bc6-487a-9b9b-9fd457d0fae4@group-0C9C3B2D0CC1-LeaderElection986] INFO  impl.RoleInfo (RoleInfo.java:shutdownLeaderElection(134)) - 4dea926d-4bc6-487a-9b9b-9fd457d0fae4: shutdown LeaderElection
2019-10-18 07:23:50,715 [4dea926d-4bc6-487a-9b9b-9fd457d0fae4@group-0C9C3B2D0CC1-LeaderElection986] INFO  impl.RoleInfo (RoleInfo.java:updateAndGet(143)) - 4dea926d-4bc6-487a-9b9b-9fd457d0fae4: start FollowerState
2019-10-18 07:23:50,715 [grpc-default-executor-11] INFO  impl.RaftServerImpl (RaftServerImpl.java:setRole(184)) - 5170c5f3-8499-4b42-9321-85fc8a351f79@group-BCB82A5C07F5: changes role from  FOLLOWER to FOLLOWER at term 24 for recognizeCandidate:12ad0800-05cb-443c-9fdd-fa1debf04523
2019-10-18 07:23:50,715 [grpc-default-executor-11] INFO  impl.RoleInfo (RoleInfo.java:shutdownFollowerState(121)) - 5170c5f3-8499-4b42-9321-85fc8a351f79: shutdown FollowerState
2019-10-18 07:23:50,715 [grpc-default-executor-17] INFO  impl.RaftServerImpl (RaftServerImpl.java:setRole(184)) - 0b10a9fc-47eb-4a2b-b664-8273d9d17379@group-BCB82A5C07F5: changes role from  FOLLOWER to FOLLOWER at term 24 for recognizeCandidate:12ad0800-05cb-443c-9fdd-fa1debf04523
2019-10-18 07:23:50,715 [Thread-9012] INFO  impl.FollowerState (FollowerState.java:run(117)) - 5170c5f3-8499-4b42-9321-85fc8a351f79@group-BCB82A5C07F5-FollowerState was interrupted: java.lang.InterruptedException: sleep interrupted
2019-10-18 07:23:50,715 [grpc-default-executor-11] INFO  impl.RoleInfo (RoleInfo.java:updateAndGet(143)) - 5170c5f3-8499-4b42-9321-85fc8a351f79: start FollowerState
2019-10-18 07:23:50,715 [grpc-default-executor-17] INFO  impl.RoleInfo (RoleInfo.java:shutdownFollowerState(121)) - 0b10a9fc-47eb-4a2b-b664-8273d9d17379: shutdown FollowerState
2019-10-18 07:23:50,716 [grpc-default-executor-17] INFO  impl.RoleInfo (RoleInfo.java:updateAndGet(143)) - 0b10a9fc-47eb-4a2b-b664-8273d9d17379: start FollowerState
2019-10-18 07:23:50,716 [Thread-9013] INFO  impl.FollowerState (FollowerState.java:run(117)) - 0b10a9fc-47eb-4a2b-b664-8273d9d17379@group-BCB82A5C07F5-FollowerState was interrupted: java.lang.InterruptedException: sleep interrupted
2019-10-18 07:23:50,740 [12ad0800-05cb-443c-9fdd-fa1debf04523@group-BCB82A5C07F5-LeaderElection987] INFO  impl.LeaderElection (LeaderElection.java:logAndReturn(56)) - 12ad0800-05cb-443c-9fdd-fa1debf04523@group-BCB82A5C07F5-LeaderElection987: Election REJECTED; received 2 response(s) [12ad0800-05cb-443c-9fdd-fa1debf04523<-5170c5f3-8499-4b42-9321-85fc8a351f79#0:FAIL-t24, 12ad0800-05cb-443c-9fdd-fa1debf04523<-0b10a9fc-47eb-4a2b-b664-8273d9d17379#0:FAIL-t24] and 0 exception(s); 12ad0800-05cb-443c-9fdd-fa1debf04523@group-BCB82A5C07F5:t24, leader=null, voted=12ad0800-05cb-443c-9fdd-fa1debf04523, raftlog=12ad0800-05cb-443c-9fdd-fa1debf04523@group-BCB82A5C07F5-SegmentedRaftLog:OPENED:c-1,f-1,i0, conf=-1: [12ad0800-05cb-443c-9fdd-fa1debf04523:192.168.34.25:41155, 5170c5f3-8499-4b42-9321-85fc8a351f79:192.168.34.25:43074, 0b10a9fc-47eb-4a2b-b664-8273d9d17379:192.168.34.25:45248], old=null
2019-10-18 07:23:50,740 [12ad0800-05cb-443c-9fdd-fa1debf04523@group-BCB82A5C07F5-LeaderElection987] INFO  impl.RaftServerImpl (RaftServerImpl.java:setRole(184)) - 12ad0800-05cb-443c-9fdd-fa1debf04523@group-BCB82A5C07F5: changes role from CANDIDATE to FOLLOWER at term 24 for DISCOVERED_A_NEW_TERM
2019-10-18 07:23:50,740 [12ad0800-05cb-443c-9fdd-fa1debf04523@group-BCB82A5C07F5-LeaderElection987] INFO  impl.RoleInfo (RoleInfo.java:shutdownLeaderElection(134)) - 12ad0800-05cb-443c-9fdd-fa1debf04523: shutdown LeaderElection
2019-10-18 07:23:50,740 [12ad0800-05cb-443c-9fdd-fa1debf04523@group-BCB82A5C07F5-LeaderElection987] INFO  impl.RoleInfo (RoleInfo.java:updateAndGet(143)) - 12ad0800-05cb-443c-9fdd-fa1debf04523: start FollowerState
2019-10-18 07:23:50,745 [Thread-9026] INFO  impl.FollowerState (FollowerState.java:run(108)) - 12ad0800-05cb-443c-9fdd-fa1debf04523@group-BCB82A5C07F5-FollowerState: change to CANDIDATE, lastRpcTime:5ms, electionTimeout:5ms
2019-10-18 07:23:50,745 [Thread-9026] INFO  impl.RoleInfo (RoleInfo.java:shutdownFollowerState(121)) - 12ad0800-05cb-443c-9fdd-fa1debf04523: shutdown FollowerState
2019-10-18 07:23:50,745 [Thread-9026] INFO  impl.RaftServerImpl (RaftServerImpl.java:setRole(184)) - 12ad0800-05cb-443c-9fdd-fa1debf04523@group-BCB82A5C07F5: changes role from  FOLLOWER to CANDIDATE at term 24 for changeToCandidate
2019-10-18 07:23:50,745 [Thread-9026] INFO  impl.RoleInfo (RoleInfo.java:updateAndGet(143)) - 12ad0800-05cb-443c-9fdd-fa1debf04523: start LeaderElection
2019-10-18 07:23:50,764 [Thread-9023] INFO  impl.FollowerState (FollowerState.java:run(108)) - 4dea926d-4bc6-487a-9b9b-9fd457d0fae4@group-0C9C3B2D0CC1-FollowerState: change to CANDIDATE, lastRpcTime:49ms, electionTimeout:49ms
2019-10-18 07:23:50,764 [Thread-9023] INFO  impl.RoleInfo (RoleInfo.java:shutdownFollowerState(121)) - 4dea926d-4bc6-487a-9b9b-9fd457d0fae4: shutdown FollowerState
2019-10-18 07:23:50,764 [Thread-9023] INFO  impl.RaftServerImpl (RaftServerImpl.java:setRole(184)) - 4dea926d-4bc6-487a-9b9b-9fd457d0fae4@group-0C9C3B2D0CC1: changes role from  FOLLOWER to CANDIDATE at term 18 for changeToCandidate
2019-10-18 07:23:50,764 [Thread-9023] INFO  impl.RoleInfo (RoleInfo.java:updateAndGet(143)) - 4dea926d-4bc6-487a-9b9b-9fd457d0fae4: start LeaderElection
2019-10-18 07:23:50,773 [12ad0800-05cb-443c-9fdd-fa1debf04523@group-BCB82A5C07F5-LeaderElection988] INFO  impl.LeaderElection (LeaderElection.java:askForVotes(178)) - 12ad0800-05cb-443c-9fdd-fa1debf04523@group-BCB82A5C07F5-LeaderElection988: begin an election at term 25 for -1: [12ad0800-05cb-443c-9fdd-fa1debf04523:192.168.34.25:41155, 5170c5f3-8499-4b42-9321-85fc8a351f79:192.168.34.25:43074, 0b10a9fc-47eb-4a2b-b664-8273d9d17379:192.168.34.25:45248], old=null
2019-10-18 07:23:50,774 [grpc-default-executor-17] INFO  impl.RaftServerImpl (RaftServerImpl.java:setRole(184)) - 5170c5f3-8499-4b42-9321-85fc8a351f79@group-BCB82A5C07F5: changes role from  FOLLOWER to FOLLOWER at term 25 for recognizeCandidate:12ad0800-05cb-443c-9fdd-fa1debf04523
2019-10-18 07:23:50,774 [grpc-default-executor-17] INFO  impl.RoleInfo (RoleInfo.java:shutdownFollowerState(121)) - 5170c5f3-8499-4b42-9321-85fc8a351f79: shutdown FollowerState
2019-10-18 07:23:50,774 [grpc-default-executor-11] INFO  impl.RaftServerImpl (RaftServerImpl.java:setRole(184)) - 0b10a9fc-47eb-4a2b-b664-8273d9d17379@group-BCB82A5C07F5: changes role from  FOLLOWER to FOLLOWER at term 25 for recognizeCandidate:12ad0800-05cb-443c-9fdd-fa1debf04523
2019-10-18 07:23:50,774 [Thread-9024] INFO  impl.FollowerState (FollowerState.java:run(117)) - 5170c5f3-8499-4b42-9321-85fc8a351f79@group-BCB82A5C07F5-FollowerState was interrupted: java.lang.InterruptedException: sleep interrupted
2019-10-18 07:23:50,774 [grpc-default-executor-17] INFO  impl.RoleInfo (RoleInfo.java:updateAndGet(143)) - 5170c5f3-8499-4b42-9321-85fc8a351f79: start FollowerState
2019-10-18 07:23:50,775 [grpc-default-executor-11] INFO  impl.RoleInfo (RoleInfo.java:shutdownFollowerState(121)) - 0b10a9fc-47eb-4a2b-b664-8273d9d17379: shutdown FollowerState
2019-10-18 07:23:50,775 [grpc-default-executor-11] INFO  impl.RoleInfo (RoleInfo.java:updateAndGet(143)) - 0b10a9fc-47eb-4a2b-b664-8273d9d17379: start FollowerState
2019-10-18 07:23:50,775 [Thread-9025] INFO  impl.FollowerState (FollowerState.java:run(117)) - 0b10a9fc-47eb-4a2b-b664-8273d9d17379@group-BCB82A5C07F5-FollowerState was interrupted: java.lang.InterruptedException: sleep interrupted
2019-10-18 07:23:50,807 [4dea926d-4bc6-487a-9b9b-9fd457d0fae4@group-0C9C3B2D0CC1-LeaderElection989] INFO  impl.LeaderElection (LeaderElection.java:askForVotes(178)) - 4dea926d-4bc6-487a-9b9b-9fd457d0fae4@group-0C9C3B2D0CC1-LeaderElection989: begin an election at term 19 for -1: [6633f50a-7046-4b08-9937-8e25f1b14b15:192.168.34.25:39338, 67270882-100a-4e75-928d-618d17e069c8:192.168.34.25:36648, 4dea926d-4bc6-487a-9b9b-9fd457d0fae4:192.168.34.25:41624], old=null
2019-10-18 07:23:50,807 [12ad0800-05cb-443c-9fdd-fa1debf04523@group-BCB82A5C07F5-LeaderElection988] INFO  impl.LeaderElection (LeaderElection.java:logAndReturn(56)) - 12ad0800-05cb-443c-9fdd-fa1debf04523@group-BCB82A5C07F5-LeaderElection988: Election REJECTED; received 2 response(s) [12ad0800-05cb-443c-9fdd-fa1debf04523<-5170c5f3-8499-4b42-9321-85fc8a351f79#0:FAIL-t25, 12ad0800-05cb-443c-9fdd-fa1debf04523<-0b10a9fc-47eb-4a2b-b664-8273d9d17379#0:FAIL-t25] and 0 exception(s); 12ad0800-05cb-443c-9fdd-fa1debf04523@group-BCB82A5C07F5:t25, leader=null, voted=12ad0800-05cb-443c-9fdd-fa1debf04523, raftlog=12ad0800-05cb-443c-9fdd-fa1debf04523@group-BCB82A5C07F5-SegmentedRaftLog:OPENED:c-1,f-1,i0, conf=-1: [12ad0800-05cb-443c-9fdd-fa1debf04523:192.168.34.25:41155, 5170c5f3-8499-4b42-9321-85fc8a351f79:192.168.34.25:43074, 0b10a9fc-47eb-4a2b-b664-8273d9d17379:192.168.34.25:45248], old=null
2019-10-18 07:23:50,808 [12ad0800-05cb-443c-9fdd-fa1debf04523@group-BCB82A5C07F5-LeaderElection988] INFO  impl.RaftServerImpl (RaftServerImpl.java:setRole(184)) - 12ad0800-05cb-443c-9fdd-fa1debf04523@group-BCB82A5C07F5: changes role from CANDIDATE to FOLLOWER at term 25 for DISCOVERED_A_NEW_TERM
2019-10-18 07:23:50,808 [12ad0800-05cb-443c-9fdd-fa1debf04523@group-BCB82A5C07F5-LeaderElection988] INFO  impl.RoleInfo (RoleInfo.java:shutdownLeaderElection(134)) - 12ad0800-05cb-443c-9fdd-fa1debf04523: shutdown LeaderElection
2019-10-18 07:23:50,808 [12ad0800-05cb-443c-9fdd-fa1debf04523@group-BCB82A5C07F5-LeaderElection988] INFO  impl.RoleInfo (RoleInfo.java:updateAndGet(143)) - 12ad0800-05cb-443c-9fdd-fa1debf04523: start FollowerState
2019-10-18 07:23:50,808 [grpc-default-executor-17] INFO  impl.RaftServerImpl (RaftServerImpl.java:setRole(184)) - 6633f50a-7046-4b08-9937-8e25f1b14b15@group-0C9C3B2D0CC1: changes role from  FOLLOWER to FOLLOWER at term 19 for recognizeCandidate:4dea926d-4bc6-487a-9b9b-9fd457d0fae4
2019-10-18 07:23:50,808 [grpc-default-executor-17] INFO  impl.RoleInfo (RoleInfo.java:shutdownFollowerState(121)) - 6633f50a-7046-4b08-9937-8e25f1b14b15: shutdown FollowerState
2019-10-18 07:23:50,808 [grpc-default-executor-11] INFO  impl.RaftServerImpl (RaftServerImpl.java:setRole(184)) - 67270882-100a-4e75-928d-618d17e069c8@group-0C9C3B2D0CC1: changes role from  FOLLOWER to FOLLOWER at term 19 for recognizeCandidate:4dea926d-4bc6-487a-9b9b-9fd457d0fae4
2019-10-18 07:23:50,808 [grpc-default-executor-11] INFO  impl.RoleInfo (RoleInfo.java:shutdownFollowerState(121)) - 67270882-100a-4e75-928d-618d17e069c8: shutdown FollowerState
2019-10-18 07:23:50,808 [Thread-9019] INFO  impl.FollowerState (FollowerState.java:run(117)) - 6633f50a-7046-4b08-9937-8e25f1b14b15@group-0C9C3B2D0CC1-FollowerState was interrupted: java.lang.InterruptedException: sleep interrupted
2019-10-18 07:23:50,808 [grpc-default-executor-17] INFO  impl.RoleInfo (RoleInfo.java:updateAndGet(143)) - 6633f50a-7046-4b08-9937-8e25f1b14b15: start FollowerState
2019-10-18 07:23:50,809 [Thread-9020] INFO  impl.FollowerState (FollowerState.java:run(117)) - 67270882-100a-4e75-928d-618d17e069c8@group-0C9C3B2D0CC1-FollowerState was interrupted: java.lang.InterruptedException: sleep interrupted
2019-10-18 07:23:50,808 [grpc-default-executor-11] INFO  impl.RoleInfo (RoleInfo.java:updateAndGet(143)) - 67270882-100a-4e75-928d-618d17e069c8: start FollowerState
2019-10-18 07:23:50,818 [4dea926d-4bc6-487a-9b9b-9fd457d0fae4@group-0C9C3B2D0CC1-LeaderElection989] INFO  impl.LeaderElection (LeaderElection.java:logAndReturn(56)) - 4dea926d-4bc6-487a-9b9b-9fd457d0fae4@group-0C9C3B2D0CC1-LeaderElection989: Election TIMEOUT; received 0 response(s) [] and 0 exception(s); 4dea926d-4bc6-487a-9b9b-9fd457d0fae4@group-0C9C3B2D0CC1:t19, leader=null, voted=4dea926d-4bc6-487a-9b9b-9fd457d0fae4, raftlog=4dea926d-4bc6-487a-9b9b-9fd457d0fae4@group-0C9C3B2D0CC1-SegmentedRaftLog:OPENED:c-1,f-1,i0, conf=-1: [6633f50a-7046-4b08-9937-8e25f1b14b15:192.168.34.25:39338, 67270882-100a-4e75-928d-618d17e069c8:192.168.34.25:36648, 4dea926d-4bc6-487a-9b9b-9fd457d0fae4:192.168.34.25:41624], old=null
2019-10-18 07:23:50,841 [4dea926d-4bc6-487a-9b9b-9fd457d0fae4@group-0C9C3B2D0CC1-LeaderElection989] INFO  impl.LeaderElection (LeaderElection.java:askForVotes(178)) - 4dea926d-4bc6-487a-9b9b-9fd457d0fae4@group-0C9C3B2D0CC1-LeaderElection989: begin an election at term 20 for -1: [6633f50a-7046-4b08-9937-8e25f1b14b15:192.168.34.25:39338, 67270882-100a-4e75-928d-618d17e069c8:192.168.34.25:36648, 4dea926d-4bc6-487a-9b9b-9fd457d0fae4:192.168.34.25:41624], old=null
2019-10-18 07:23:50,841 [4dea926d-4bc6-487a-9b9b-9fd457d0fae4@group-0C9C3B2D0CC1-LeaderElection989] INFO  impl.LeaderElection (LeaderElection.java:logAndReturn(56)) - 4dea926d-4bc6-487a-9b9b-9fd457d0fae4@group-0C9C3B2D0CC1-LeaderElection989: Election TIMEOUT; received 0 response(s) [] and 0 exception(s); 4dea926d-4bc6-487a-9b9b-9fd457d0fae4@group-0C9C3B2D0CC1:t20, leader=null, voted=4dea926d-4bc6-487a-9b9b-9fd457d0fae4, raftlog=4dea926d-4bc6-487a-9b9b-9fd457d0fae4@group-0C9C3B2D0CC1-SegmentedRaftLog:OPENED:c-1,f-1,i0, conf=-1: [6633f50a-7046-4b08-9937-8e25f1b14b15:192.168.34.25:39338, 67270882-100a-4e75-928d-618d17e069c8:192.168.34.25:36648, 4dea926d-4bc6-487a-9b9b-9fd457d0fae4:192.168.34.25:41624], old=null
2019-10-18 07:23:50,842 [grpc-default-executor-11] INFO  impl.RaftServerImpl (RaftServerImpl.java:setRole(184)) - 6633f50a-7046-4b08-9937-8e25f1b14b15@group-0C9C3B2D0CC1: changes role from  FOLLOWER to FOLLOWER at term 20 for recognizeCandidate:4dea926d-4bc6-487a-9b9b-9fd457d0fae4
2019-10-18 07:23:50,842 [grpc-default-executor-11] INFO  impl.RoleInfo (RoleInfo.java:shutdownFollowerState(121)) - 6633f50a-7046-4b08-9937-8e25f1b14b15: shutdown FollowerState
2019-10-18 07:23:50,842 [grpc-default-executor-11] INFO  impl.RoleInfo (RoleInfo.java:updateAndGet(143)) - 6633f50a-7046-4b08-9937-8e25f1b14b15: start FollowerState
2019-10-18 07:23:50,842 [Thread-9036] INFO  impl.FollowerState (FollowerState.java:run(117)) - 6633f50a-7046-4b08-9937-8e25f1b14b15@group-0C9C3B2D0CC1-FollowerState was interrupted: java.lang.InterruptedException: sleep interrupted
2019-10-18 07:23:50,842 [grpc-default-executor-14] INFO  impl.RaftServerImpl (RaftServerImpl.java:setRole(184)) - 67270882-100a-4e75-928d-618d17e069c8@group-0C9C3B2D0CC1: changes role from  FOLLOWER to FOLLOWER at term 20 for recognizeCandidate:4dea926d-4bc6-487a-9b9b-9fd457d0fae4
2019-10-18 07:23:50,843 [grpc-default-executor-14] INFO  impl.RoleInfo (RoleInfo.java:shutdownFollowerState(121)) - 67270882-100a-4e75-928d-618d17e069c8: shutdown FollowerState
2019-10-18 07:23:50,843 [grpc-default-executor-14] INFO  impl.RoleInfo (RoleInfo.java:updateAndGet(143)) - 67270882-100a-4e75-928d-618d17e069c8: start FollowerState
2019-10-18 07:23:50,843 [Thread-9037] INFO  impl.FollowerState (FollowerState.java:run(117)) - 67270882-100a-4e75-928d-618d17e069c8@group-0C9C3B2D0CC1-FollowerState was interrupted: java.lang.InterruptedException: sleep interrupted
2019-10-18 07:23:50,866 [4dea926d-4bc6-487a-9b9b-9fd457d0fae4@group-0C9C3B2D0CC1-LeaderElection989] INFO  impl.LeaderElection (LeaderElection.java:askForVotes(178)) - 4dea926d-4bc6-487a-9b9b-9fd457d0fae4@group-0C9C3B2D0CC1-LeaderElection989: begin an election at term 21 for -1: [6633f50a-7046-4b08-9937-8e25f1b14b15:192.168.34.25:39338, 67270882-100a-4e75-928d-618d17e069c8:192.168.34.25:36648, 4dea926d-4bc6-487a-9b9b-9fd457d0fae4:192.168.34.25:41624], old=null
2019-10-18 07:23:50,867 [grpc-default-executor-14] INFO  impl.RaftServerImpl (RaftServerImpl.java:setRole(184)) - 6633f50a-7046-4b08-9937-8e25f1b14b15@group-0C9C3B2D0CC1: changes role from  FOLLOWER to FOLLOWER at term 21 for recognizeCandidate:4dea926d-4bc6-487a-9b9b-9fd457d0fae4
2019-10-18 07:23:50,867 [grpc-default-executor-14] INFO  impl.RoleInfo (RoleInfo.java:shutdownFollowerState(121)) - 6633f50a-7046-4b08-9937-8e25f1b14b15: shutdown FollowerState
2019-10-18 07:23:50,868 [grpc-default-executor-14] INFO  impl.RoleInfo (RoleInfo.java:updateAndGet(143)) - 6633f50a-7046-4b08-9937-8e25f1b14b15: start FollowerState
2019-10-18 07:23:50,868 [grpc-default-executor-11] INFO  impl.RaftServerImpl (RaftServerImpl.java:setRole(184)) - 67270882-100a-4e75-928d-618d17e069c8@group-0C9C3B2D0CC1: changes role from  FOLLOWER to FOLLOWER at term 21 for recognizeCandidate:4dea926d-4bc6-487a-9b9b-9fd457d0fae4
2019-10-18 07:23:50,868 [grpc-default-executor-11] INFO  impl.RoleInfo (RoleInfo.java:shutdownFollowerState(121)) - 67270882-100a-4e75-928d-618d17e069c8: shutdown FollowerState
2019-10-18 07:23:50,868 [Thread-9042] INFO  impl.FollowerState (FollowerState.java:run(117)) - 6633f50a-7046-4b08-9937-8e25f1b14b15@group-0C9C3B2D0CC1-FollowerState was interrupted: java.lang.InterruptedException: sleep interrupted
2019-10-18 07:23:50,868 [Thread-9043] INFO  impl.FollowerState (FollowerState.java:run(117)) - 67270882-100a-4e75-928d-618d17e069c8@group-0C9C3B2D0CC1-FollowerState was interrupted: java.lang.InterruptedException: sleep interrupted
2019-10-18 07:23:50,868 [grpc-default-executor-11] INFO  impl.RoleInfo (RoleInfo.java:updateAndGet(143)) - 67270882-100a-4e75-928d-618d17e069c8: start FollowerState
2019-10-18 07:23:50,888 [4dea926d-4bc6-487a-9b9b-9fd457d0fae4@group-0C9C3B2D0CC1-LeaderElection989] INFO  impl.LeaderElection (LeaderElection.java:logAndReturn(56)) - 4dea926d-4bc6-487a-9b9b-9fd457d0fae4@group-0C9C3B2D0CC1-LeaderElection989: Election TIMEOUT; received 0 response(s) [] and 0 exception(s); 4dea926d-4bc6-487a-9b9b-9fd457d0fae4@group-0C9C3B2D0CC1:t21, leader=null, voted=4dea926d-4bc6-487a-9b9b-9fd457d0fae4, raftlog=4dea926d-4bc6-487a-9b9b-9fd457d0fae4@group-0C9C3B2D0CC1-SegmentedRaftLog:OPENED:c-1,f-1,i0, conf=-1: [6633f50a-7046-4b08-9937-8e25f1b14b15:192.168.34.25:39338, 67270882-100a-4e75-928d-618d17e069c8:192.168.34.25:36648, 4dea926d-4bc6-487a-9b9b-9fd457d0fae4:192.168.34.25:41624], old=null
2019-10-18 07:23:50,888 [Thread-9035] INFO  impl.FollowerState (FollowerState.java:run(108)) - 12ad0800-05cb-443c-9fdd-fa1debf04523@group-BCB82A5C07F5-FollowerState: change to CANDIDATE, lastRpcTime:80ms, electionTimeout:80ms
2019-10-18 07:23:50,888 [Thread-9035] INFO  impl.RoleInfo (RoleInfo.java:shutdownFollowerState(121)) - 12ad0800-05cb-443c-9fdd-fa1debf04523: shutdown FollowerState
2019-10-18 07:23:50,889 [Thread-9035] INFO  impl.RaftServerImpl (RaftServerImpl.java:setRole(184)) - 12ad0800-05cb-443c-9fdd-fa1debf04523@group-BCB82A5C07F5: changes role from  FOLLOWER to CANDIDATE at term 25 for changeToCandidate
2019-10-18 07:23:50,889 [Thread-9035] INFO  impl.RoleInfo (RoleInfo.java:updateAndGet(143)) - 12ad0800-05cb-443c-9fdd-fa1debf04523: start LeaderElection
2019-10-18 07:23:50,917 [12ad0800-05cb-443c-9fdd-fa1debf04523@group-BCB82A5C07F5-LeaderElection990] INFO  impl.LeaderElection (LeaderElection.java:askForVotes(178)) - 12ad0800-05cb-443c-9fdd-fa1debf04523@group-BCB82A5C07F5-LeaderElection990: begin an election at term 26 for -1: [12ad0800-05cb-443c-9fdd-fa1debf04523:192.168.34.25:41155, 5170c5f3-8499-4b42-9321-85fc8a351f79:192.168.34.25:43074, 0b10a9fc-47eb-4a2b-b664-8273d9d17379:192.168.34.25:45248], old=null
2019-10-18 07:23:50,917 [4dea926d-4bc6-487a-9b9b-9fd457d0fae4@group-0C9C3B2D0CC1-LeaderElection989] INFO  impl.LeaderElection (LeaderElection.java:askForVotes(178)) - 4dea926d-4bc6-487a-9b9b-9fd457d0fae4@group-0C9C3B2D0CC1-LeaderElection989: begin an election at term 22 for -1: [6633f50a-7046-4b08-9937-8e25f1b14b15:192.168.34.25:39338, 67270882-100a-4e75-928d-618d17e069c8:192.168.34.25:36648, 4dea926d-4bc6-487a-9b9b-9fd457d0fae4:192.168.34.25:41624], old=null
2019-10-18 07:23:50,918 [grpc-default-executor-11] INFO  impl.RaftServerImpl (RaftServerImpl.java:setRole(184)) - 0b10a9fc-47eb-4a2b-b664-8273d9d17379@group-BCB82A5C07F5: changes role from  FOLLOWER to FOLLOWER at term 26 for recognizeCandidate:12ad0800-05cb-443c-9fdd-fa1debf04523
2019-10-18 07:23:50,918 [grpc-default-executor-11] INFO  impl.RoleInfo (RoleInfo.java:shutdownFollowerState(121)) - 0b10a9fc-47eb-4a2b-b664-8273d9d17379: shutdown FollowerState
2019-10-18 07:23:50,918 [grpc-default-executor-11] INFO  impl.RoleInfo (RoleInfo.java:updateAndGet(143)) - 0b10a9fc-47eb-4a2b-b664-8273d9d17379: start FollowerState
2019-10-18 07:23:50,919 [Thread-9032] INFO  impl.FollowerState (FollowerState.java:run(117)) - 0b10a9fc-47eb-4a2b-b664-8273d9d17379@group-BCB82A5C07F5-FollowerState was interrupted: java.lang.InterruptedException: sleep interrupted
2019-10-18 07:23:50,919 [grpc-default-executor-14] INFO  impl.RaftServerImpl (RaftServerImpl.java:setRole(184)) - 6633f50a-7046-4b08-9937-8e25f1b14b15@group-0C9C3B2D0CC1: changes role from  FOLLOWER to FOLLOWER at term 22 for recognizeCandidate:4dea926d-4bc6-487a-9b9b-9fd457d0fae4
2019-10-18 07:23:50,919 [grpc-default-executor-14] INFO  impl.RoleInfo (RoleInfo.java:shutdownFollowerState(121)) - 6633f50a-7046-4b08-9937-8e25f1b14b15: shutdown FollowerState
2019-10-18 07:23:50,919 [grpc-default-executor-14] INFO  impl.RoleInfo (RoleInfo.java:updateAndGet(143)) - 6633f50a-7046-4b08-9937-8e25f1b14b15: start FollowerState
2019-10-18 07:23:50,919 [Thread-9046] INFO  impl.FollowerState (FollowerState.java:run(117)) - 6633f50a-7046-4b08-9937-8e25f1b14b15@group-0C9C3B2D0CC1-FollowerState was interrupted: java.lang.InterruptedException: sleep interrupted
2019-10-18 07:23:50,919 [grpc-default-executor-17] INFO  impl.RaftServerImpl (RaftServerImpl.java:setRole(184)) - 5170c5f3-8499-4b42-9321-85fc8a351f79@group-BCB82A5C07F5: changes role from  FOLLOWER to FOLLOWER at term 26 for recognizeCandidate:12ad0800-05cb-443c-9fdd-fa1debf04523
2019-10-18 07:23:50,919 [grpc-default-executor-17] INFO  impl.RoleInfo (RoleInfo.java:shutdownFollowerState(121)) - 5170c5f3-8499-4b42-9321-85fc8a351f79: shutdown FollowerState
2019-10-18 07:23:50,919 [grpc-default-executor-4] INFO  impl.RaftServerImpl (RaftServerImpl.java:setRole(184)) - 67270882-100a-4e75-928d-618d17e069c8@group-0C9C3B2D0CC1: changes role from  FOLLOWER to FOLLOWER at term 22 for recognizeCandidate:4dea926d-4bc6-487a-9b9b-9fd457d0fae4
2019-10-18 07:23:50,919 [Thread-9031] INFO  impl.FollowerState (FollowerState.java:run(117)) - 5170c5f3-8499-4b42-9321-85fc8a351f79@group-BCB82A5C07F5-FollowerState was interrupted: java.lang.InterruptedException: sleep interrupted
2019-10-18 07:23:50,919 [grpc-default-executor-17] INFO  impl.RoleInfo (RoleInfo.java:updateAndGet(143)) - 5170c5f3-8499-4b42-9321-85fc8a351f79: start FollowerState
2019-10-18 07:23:50,920 [grpc-default-executor-4] INFO  impl.RoleInfo (RoleInfo.java:shutdownFollowerState(121)) - 67270882-100a-4e75-928d-618d17e069c8: shutdown FollowerState
2019-10-18 07:23:50,920 [grpc-default-executor-4] INFO  impl.RoleInfo (RoleInfo.java:updateAndGet(143)) - 67270882-100a-4e75-928d-618d17e069c8: start FollowerState
2019-10-18 07:23:50,920 [Thread-9047] INFO  impl.FollowerState (FollowerState.java:run(117)) - 67270882-100a-4e75-928d-618d17e069c8@group-0C9C3B2D0CC1-FollowerState was interrupted: java.lang.InterruptedException: sleep interrupted
2019-10-18 07:23:50,935 [12ad0800-05cb-443c-9fdd-fa1debf04523@group-BCB82A5C07F5-LeaderElection990] INFO  impl.LeaderElection (LeaderElection.java:logAndReturn(56)) - 12ad0800-05cb-443c-9fdd-fa1debf04523@group-BCB82A5C07F5-LeaderElection990: Election REJECTED; received 2 response(s) [12ad0800-05cb-443c-9fdd-fa1debf04523<-5170c5f3-8499-4b42-9321-85fc8a351f79#0:FAIL-t26, 12ad0800-05cb-443c-9fdd-fa1debf04523<-0b10a9fc-47eb-4a2b-b664-8273d9d17379#0:FAIL-t26] and 0 exception(s); 12ad0800-05cb-443c-9fdd-fa1debf04523@group-BCB82A5C07F5:t26, leader=null, voted=12ad0800-05cb-443c-9fdd-fa1debf04523, raftlog=12ad0800-05cb-443c-9fdd-fa1debf04523@group-BCB82A5C07F5-SegmentedRaftLog:OPENED:c-1,f-1,i0, conf=-1: [12ad0800-05cb-443c-9fdd-fa1debf04523:192.168.34.25:41155, 5170c5f3-8499-4b42-9321-85fc8a351f79:192.168.34.25:43074, 0b10a9fc-47eb-4a2b-b664-8273d9d17379:192.168.34.25:45248], old=null
2019-10-18 07:23:50,935 [12ad0800-05cb-443c-9fdd-fa1debf04523@group-BCB82A5C07F5-LeaderElection990] INFO  impl.RaftServerImpl (RaftServerImpl.java:setRole(184)) - 12ad0800-05cb-443c-9fdd-fa1debf04523@group-BCB82A5C07F5: changes role from CANDIDATE to FOLLOWER at term 26 for DISCOVERED_A_NEW_TERM
2019-10-18 07:23:50,935 [12ad0800-05cb-443c-9fdd-fa1debf04523@group-BCB82A5C07F5-LeaderElection990] INFO  impl.RoleInfo (RoleInfo.java:shutdownLeaderElection(134)) - 12ad0800-05cb-443c-9fdd-fa1debf04523: shutdown LeaderElection
2019-10-18 07:23:50,935 [12ad0800-05cb-443c-9fdd-fa1debf04523@group-BCB82A5C07F5-LeaderElection990] INFO  impl.RoleInfo (RoleInfo.java:updateAndGet(143)) - 12ad0800-05cb-443c-9fdd-fa1debf04523: start FollowerState
2019-10-18 07:23:50,953 [4dea926d-4bc6-487a-9b9b-9fd457d0fae4@group-0C9C3B2D0CC1-LeaderElection989] INFO  impl.LeaderElection (LeaderElection.java:logAndReturn(56)) - 4dea926d-4bc6-487a-9b9b-9fd457d0fae4@group-0C9C3B2D0CC1-LeaderElection989: Election REJECTED; received 2 response(s) [4dea926d-4bc6-487a-9b9b-9fd457d0fae4<-6633f50a-7046-4b08-9937-8e25f1b14b15#0:FAIL-t22, 4dea926d-4bc6-487a-9b9b-9fd457d0fae4<-67270882-100a-4e75-928d-618d17e069c8#0:FAIL-t22] and 0 exception(s); 4dea926d-4bc6-487a-9b9b-9fd457d0fae4@group-0C9C3B2D0CC1:t22, leader=null, voted=4dea926d-4bc6-487a-9b9b-9fd457d0fae4, raftlog=4dea926d-4bc6-487a-9b9b-9fd457d0fae4@group-0C9C3B2D0CC1-SegmentedRaftLog:OPENED:c-1,f-1,i0, conf=-1: [6633f50a-7046-4b08-9937-8e25f1b14b15:192.168.34.25:39338, 67270882-100a-4e75-928d-618d17e069c8:192.168.34.25:36648, 4dea926d-4bc6-487a-9b9b-9fd457d0fae4:192.168.34.25:41624], old=null
2019-10-18 07:23:50,953 [4dea926d-4bc6-487a-9b9b-9fd457d0fae4@group-0C9C3B2D0CC1-LeaderElection989] INFO  impl.RaftServerImpl (RaftServerImpl.java:setRole(184)) - 4dea926d-4bc6-487a-9b9b-9fd457d0fae4@group-0C9C3B2D0CC1: changes role from CANDIDATE to FOLLOWER at term 22 for DISCOVERED_A_NEW_TERM
2019-10-18 07:23:50,953 [4dea926d-4bc6-487a-9b9b-9fd457d0fae4@group-0C9C3B2D0CC1-LeaderElection989] INFO  impl.RoleInfo (RoleInfo.java:shutdownLeaderElection(134)) - 4dea926d-4bc6-487a-9b9b-9fd457d0fae4: shutdown LeaderElection
2019-10-18 07:23:50,953 [4dea926d-4bc6-487a-9b9b-9fd457d0fae4@group-0C9C3B2D0CC1-LeaderElection989] INFO  impl.RoleInfo (RoleInfo.java:updateAndGet(143)) - 4dea926d-4bc6-487a-9b9b-9fd457d0fae4: start FollowerState
2019-10-18 07:23:50,975 [Thread-9057] INFO  impl.FollowerState (FollowerState.java:run(108)) - 12ad0800-05cb-443c-9fdd-fa1debf04523@group-BCB82A5C07F5-FollowerState: change to CANDIDATE, lastRpcTime:40ms, electionTimeout:40ms
2019-10-18 07:23:50,975 [Thread-9057] INFO  impl.RoleInfo (RoleInfo.java:shutdownFollowerState(121)) - 12ad0800-05cb-443c-9fdd-fa1debf04523: shutdown FollowerState
2019-10-18 07:23:50,976 [Thread-9057] INFO  impl.RaftServerImpl (RaftServerImpl.java:setRole(184)) - 12ad0800-05cb-443c-9fdd-fa1debf04523@group-BCB82A5C07F5: changes role from  FOLLOWER to CANDIDATE at term 26 for changeToCandidate
2019-10-18 07:23:50,976 [Thread-9057] INFO  impl.RoleInfo (RoleInfo.java:updateAndGet(143)) - 12ad0800-05cb-443c-9fdd-fa1debf04523: start LeaderElection
2019-10-18 07:23:51,002 [12ad0800-05cb-443c-9fdd-fa1debf04523@group-BCB82A5C07F5-LeaderElection991] INFO  impl.LeaderElection (LeaderElection.java:askForVotes(178)) - 12ad0800-05cb-443c-9fdd-fa1debf04523@group-BCB82A5C07F5-LeaderElection991: begin an election at term 27 for -1: [12ad0800-05cb-443c-9fdd-fa1debf04523:192.168.34.25:41155, 5170c5f3-8499-4b42-9321-85fc8a351f79:192.168.34.25:43074, 0b10a9fc-47eb-4a2b-b664-8273d9d17379:192.168.34.25:45248], old=null
2019-10-18 07:23:51,004 [grpc-default-executor-4] INFO  impl.RaftServerImpl (RaftServerImpl.java:setRole(184)) - 5170c5f3-8499-4b42-9321-85fc8a351f79@group-BCB82A5C07F5: changes role from  FOLLOWER to FOLLOWER at term 27 for recognizeCandidate:12ad0800-05cb-443c-9fdd-fa1debf04523
2019-10-18 07:23:51,004 [grpc-default-executor-4] INFO  impl.RoleInfo (RoleInfo.java:shutdownFollowerState(121)) - 5170c5f3-8499-4b42-9321-85fc8a351f79: shutdown FollowerState
2019-10-18 07:23:51,004 [grpc-default-executor-17] INFO  impl.RaftServerImpl (RaftServerImpl.java:setRole(184)) - 0b10a9fc-47eb-4a2b-b664-8273d9d17379@group-BCB82A5C07F5: changes role from  FOLLOWER to FOLLOWER at term 27 for recognizeCandidate:12ad0800-05cb-443c-9fdd-fa1debf04523
2019-10-18 07:23:51,004 [grpc-default-executor-17] INFO  impl.RoleInfo (RoleInfo.java:shutdownFollowerState(121)) - 0b10a9fc-47eb-4a2b-b664-8273d9d17379: shutdown FollowerState
2019-10-18 07:23:51,004 [Thread-9055] INFO  impl.FollowerState (FollowerState.java:run(117)) - 5170c5f3-8499-4b42-9321-85fc8a351f79@group-BCB82A5C07F5-FollowerState was interrupted: java.lang.InterruptedException: sleep interrupted
2019-10-18 07:23:51,005 [Thread-9053] INFO  impl.FollowerState (FollowerState.java:run(117)) - 0b10a9fc-47eb-4a2b-b664-8273d9d17379@group-BCB82A5C07F5-FollowerState was interrupted: java.lang.InterruptedException: sleep interrupted
2019-10-18 07:23:51,004 [grpc-default-executor-4] INFO  impl.RoleInfo (RoleInfo.java:updateAndGet(143)) - 5170c5f3-8499-4b42-9321-85fc8a351f79: start FollowerState
2019-10-18 07:23:51,004 [grpc-default-executor-17] INFO  impl.RoleInfo (RoleInfo.java:updateAndGet(143)) - 0b10a9fc-47eb-4a2b-b664-8273d9d17379: start FollowerState
2019-10-18 07:23:51,028 [12ad0800-05cb-443c-9fdd-fa1debf04523@group-BCB82A5C07F5-LeaderElection991] INFO  impl.LeaderElection (LeaderElection.java:logAndReturn(56)) - 12ad0800-05cb-443c-9fdd-fa1debf04523@group-BCB82A5C07F5-LeaderElection991: Election REJECTED; received 2 response(s) [12ad0800-05cb-443c-9fdd-fa1debf04523<-5170c5f3-8499-4b42-9321-85fc8a351f79#0:FAIL-t27, 12ad0800-05cb-443c-9fdd-fa1debf04523<-0b10a9fc-47eb-4a2b-b664-8273d9d17379#0:FAIL-t27] and 0 exception(s); 12ad0800-05cb-443c-9fdd-fa1debf04523@group-BCB82A5C07F5:t27, leader=null, voted=12ad0800-05cb-443c-9fdd-fa1debf04523, raftlog=12ad0800-05cb-443c-9fdd-fa1debf04523@group-BCB82A5C07F5-SegmentedRaftLog:OPENED:c-1,f-1,i0, conf=-1: [12ad0800-05cb-443c-9fdd-fa1debf04523:192.168.34.25:41155, 5170c5f3-8499-4b42-9321-85fc8a351f79:192.168.34.25:43074, 0b10a9fc-47eb-4a2b-b664-8273d9d17379:192.168.34.25:45248], old=null
2019-10-18 07:23:51,028 [12ad0800-05cb-443c-9fdd-fa1debf04523@group-BCB82A5C07F5-LeaderElection991] INFO  impl.RaftServerImpl (RaftServerImpl.java:setRole(184)) - 12ad0800-05cb-443c-9fdd-fa1debf04523@group-BCB82A5C07F5: changes role from CANDIDATE to FOLLOWER at term 27 for DISCOVERED_A_NEW_TERM
2019-10-18 07:23:51,028 [12ad0800-05cb-443c-9fdd-fa1debf04523@group-BCB82A5C07F5-LeaderElection991] INFO  impl.RoleInfo (RoleInfo.java:shutdownLeaderElection(134)) - 12ad0800-05cb-443c-9fdd-fa1debf04523: shutdown LeaderElection
2019-10-18 07:23:51,029 [12ad0800-05cb-443c-9fdd-fa1debf04523@group-BCB82A5C07F5-LeaderElection991] INFO  impl.RoleInfo (RoleInfo.java:updateAndGet(143)) - 12ad0800-05cb-443c-9fdd-fa1debf04523: start FollowerState
2019-10-18 07:23:51,101 [Thread-9058] INFO  impl.FollowerState (FollowerState.java:run(108)) - 4dea926d-4bc6-487a-9b9b-9fd457d0fae4@group-0C9C3B2D0CC1-FollowerState: change to CANDIDATE, lastRpcTime:147ms, electionTimeout:147ms
2019-10-18 07:23:51,101 [Thread-9058] INFO  impl.RoleInfo (RoleInfo.java:shutdownFollowerState(121)) - 4dea926d-4bc6-487a-9b9b-9fd457d0fae4: shutdown FollowerState
2019-10-18 07:23:51,101 [Thread-9058] INFO  impl.RaftServerImpl (RaftServerImpl.java:setRole(184)) - 4dea926d-4bc6-487a-9b9b-9fd457d0fae4@group-0C9C3B2D0CC1: changes role from  FOLLOWER to CANDIDATE at term 22 for changeToCandidate
2019-10-18 07:23:51,101 [Thread-9058] INFO  impl.RoleInfo (RoleInfo.java:updateAndGet(143)) - 4dea926d-4bc6-487a-9b9b-9fd457d0fae4: start LeaderElection
2019-10-18 07:23:51,136 [4dea926d-4bc6-487a-9b9b-9fd457d0fae4@group-0C9C3B2D0CC1-LeaderElection992] INFO  impl.LeaderElection (LeaderElection.java:askForVotes(178)) - 4dea926d-4bc6-487a-9b9b-9fd457d0fae4@group-0C9C3B2D0CC1-LeaderElection992: begin an election at term 23 for -1: [6633f50a-7046-4b08-9937-8e25f1b14b15:192.168.34.25:39338, 67270882-100a-4e75-928d-618d17e069c8:192.168.34.25:36648, 4dea926d-4bc6-487a-9b9b-9fd457d0fae4:192.168.34.25:41624], old=null
2019-10-18 07:23:51,138 [grpc-default-executor-17] INFO  impl.RaftServerImpl (RaftServerImpl.java:setRole(184)) - 6633f50a-7046-4b08-9937-8e25f1b14b15@group-0C9C3B2D0CC1: changes role from  FOLLOWER to FOLLOWER at term 23 for recognizeCandidate:4dea926d-4bc6-487a-9b9b-9fd457d0fae4
2019-10-18 07:23:51,138 [grpc-default-executor-17] INFO  impl.RoleInfo (RoleInfo.java:shutdownFollowerState(121)) - 6633f50a-7046-4b08-9937-8e25f1b14b15: shutdown FollowerState
2019-10-18 07:23:51,138 [grpc-default-executor-4] INFO  impl.RaftServerImpl (RaftServerImpl.java:setRole(184)) - 67270882-100a-4e75-928d-618d17e069c8@group-0C9C3B2D0CC1: changes role from  FOLLOWER to FOLLOWER at term 23 for recognizeCandidate:4dea926d-4bc6-487a-9b9b-9fd457d0fae4
2019-10-18 07:23:51,138 [grpc-default-executor-4] INFO  impl.RoleInfo (RoleInfo.java:shutdownFollowerState(121)) - 67270882-100a-4e75-928d-618d17e069c8: shutdown FollowerState
2019-10-18 07:23:51,138 [Thread-9054] INFO  impl.FollowerState (FollowerState.java:run(117)) - 6633f50a-7046-4b08-9937-8e25f1b14b15@group-0C9C3B2D0CC1-FollowerState was interrupted: java.lang.InterruptedException: sleep interrupted
2019-10-18 07:23:51,138 [grpc-default-executor-17] INFO  impl.RoleInfo (RoleInfo.java:updateAndGet(143)) - 6633f50a-7046-4b08-9937-8e25f1b14b15: start FollowerState
2019-10-18 07:23:51,138 [Thread-9056] INFO  impl.FollowerState (FollowerState.java:run(117)) - 67270882-100a-4e75-928d-618d17e069c8@group-0C9C3B2D0CC1-FollowerState was interrupted: java.lang.InterruptedException: sleep interrupted
2019-10-18 07:23:51,138 [grpc-default-executor-4] INFO  impl.RoleInfo (RoleInfo.java:updateAndGet(143)) - 67270882-100a-4e75-928d-618d17e069c8: start FollowerState
2019-10-18 07:23:51,163 [4dea926d-4bc6-487a-9b9b-9fd457d0fae4@group-0C9C3B2D0CC1-LeaderElection992] INFO  impl.LeaderElection (LeaderElection.java:logAndReturn(56)) - 4dea926d-4bc6-487a-9b9b-9fd457d0fae4@group-0C9C3B2D0CC1-LeaderElection992: Election REJECTED; received 2 response(s) [4dea926d-4bc6-487a-9b9b-9fd457d0fae4<-6633f50a-7046-4b08-9937-8e25f1b14b15#0:FAIL-t23, 4dea926d-4bc6-487a-9b9b-9fd457d0fae4<-67270882-100a-4e75-928d-618d17e069c8#0:FAIL-t23] and 0 exception(s); 4dea926d-4bc6-487a-9b9b-9fd457d0fae4@group-0C9C3B2D0CC1:t23, leader=null, voted=4dea926d-4bc6-487a-9b9b-9fd457d0fae4, raftlog=4dea926d-4bc6-487a-9b9b-9fd457d0fae4@group-0C9C3B2D0CC1-SegmentedRaftLog:OPENED:c-1,f-1,i0, conf=-1: [6633f50a-7046-4b08-9937-8e25f1b14b15:192.168.34.25:39338, 67270882-100a-4e75-928d-618d17e069c8:192.168.34.25:36648, 4dea926d-4bc6-487a-9b9b-9fd457d0fae4:192.168.34.25:41624], old=null
2019-10-18 07:23:51,163 [4dea926d-4bc6-487a-9b9b-9fd457d0fae4@group-0C9C3B2D0CC1-LeaderElection992] INFO  impl.RaftServerImpl (RaftServerImpl.java:setRole(184)) - 4dea926d-4bc6-487a-9b9b-9fd457d0fae4@group-0C9C3B2D0CC1: changes role from CANDIDATE to FOLLOWER at term 23 for DISCOVERED_A_NEW_TERM
2019-10-18 07:23:51,164 [4dea926d-4bc6-487a-9b9b-9fd457d0fae4@group-0C9C3B2D0CC1-LeaderElection992] INFO  impl.RoleInfo (RoleInfo.java:shutdownLeaderElection(134)) - 4dea926d-4bc6-487a-9b9b-9fd457d0fae4: shutdown LeaderElection
2019-10-18 07:23:51,164 [4dea926d-4bc6-487a-9b9b-9fd457d0fae4@group-0C9C3B2D0CC1-LeaderElection992] INFO  impl.RoleInfo (RoleInfo.java:updateAndGet(143)) - 4dea926d-4bc6-487a-9b9b-9fd457d0fae4: start FollowerState
2019-10-18 07:23:51,205 [Thread-9064] INFO  impl.FollowerState (FollowerState.java:run(108)) - 12ad0800-05cb-443c-9fdd-fa1debf04523@group-BCB82A5C07F5-FollowerState: change to CANDIDATE, lastRpcTime:176ms, electionTimeout:176ms
2019-10-18 07:23:51,205 [Thread-9064] INFO  impl.RoleInfo (RoleInfo.java:shutdownFollowerState(121)) - 12ad0800-05cb-443c-9fdd-fa1debf04523: shutdown FollowerState
2019-10-18 07:23:51,205 [Thread-9064] INFO  impl.RaftServerImpl (RaftServerImpl.java:setRole(184)) - 12ad0800-05cb-443c-9fdd-fa1debf04523@group-BCB82A5C07F5: changes role from  FOLLOWER to CANDIDATE at term 27 for changeToCandidate
2019-10-18 07:23:51,205 [Thread-9064] INFO  impl.RoleInfo (RoleInfo.java:updateAndGet(143)) - 12ad0800-05cb-443c-9fdd-fa1debf04523: start LeaderElection
2019-10-18 07:23:51,232 [12ad0800-05cb-443c-9fdd-fa1debf04523@group-BCB82A5C07F5-LeaderElection993] INFO  impl.LeaderElection (LeaderElection.java:askForVotes(178)) - 12ad0800-05cb-443c-9fdd-fa1debf04523@group-BCB82A5C07F5-LeaderElection993: begin an election at term 28 for -1: [12ad0800-05cb-443c-9fdd-fa1debf04523:192.168.34.25:41155, 5170c5f3-8499-4b42-9321-85fc8a351f79:192.168.34.25:43074, 0b10a9fc-47eb-4a2b-b664-8273d9d17379:192.168.34.25:45248], old=null
2019-10-18 07:23:51,233 [grpc-default-executor-17] INFO  impl.RaftServerImpl (RaftServerImpl.java:setRole(184)) - 5170c5f3-8499-4b42-9321-85fc8a351f79@group-BCB82A5C07F5: changes role from  FOLLOWER to FOLLOWER at term 28 for recognizeCandidate:12ad0800-05cb-443c-9fdd-fa1debf04523
2019-10-18 07:23:51,233 [grpc-default-executor-17] INFO  impl.RoleInfo (RoleInfo.java:shutdownFollowerState(121)) - 5170c5f3-8499-4b42-9321-85fc8a351f79: shutdown FollowerState
2019-10-18 07:23:51,233 [grpc-default-executor-4] INFO  impl.RaftServerImpl (RaftServerImpl.java:setRole(184)) - 0b10a9fc-47eb-4a2b-b664-8273d9d17379@group-BCB82A5C07F5: changes role from  FOLLOWER to FOLLOWER at term 28 for recognizeCandidate:12ad0800-05cb-443c-9fdd-fa1debf04523
2019-10-18 07:23:51,234 [grpc-default-executor-4] INFO  impl.RoleInfo (RoleInfo.java:shutdownFollowerState(121)) - 0b10a9fc-47eb-4a2b-b664-8273d9d17379: shutdown FollowerState
2019-10-18 07:23:51,233 [Thread-9062] INFO  impl.FollowerState (FollowerState.java:run(117)) - 5170c5f3-8499-4b42-9321-85fc8a351f79@group-BCB82A5C07F5-FollowerState was interrupted: java.lang.InterruptedException: sleep interrupted
2019-10-18 07:23:51,233 [grpc-default-executor-17] INFO  impl.RoleInfo (RoleInfo.java:updateAndGet(143)) - 5170c5f3-8499-4b42-9321-85fc8a351f79: start FollowerState
2019-10-18 07:23:51,234 [Thread-9063] INFO  impl.FollowerState (FollowerState.java:run(117)) - 0b10a9fc-47eb-4a2b-b664-8273d9d17379@group-BCB82A5C07F5-FollowerState was interrupted: java.lang.InterruptedException: sleep interrupted
2019-10-18 07:23:51,234 [grpc-default-executor-4] INFO  impl.RoleInfo (RoleInfo.java:updateAndGet(143)) - 0b10a9fc-47eb-4a2b-b664-8273d9d17379: start FollowerState
2019-10-18 07:23:51,249 [12ad0800-05cb-443c-9fdd-fa1debf04523@group-BCB82A5C07F5-LeaderElection993] INFO  impl.LeaderElection (LeaderElection.java:logAndReturn(56)) - 12ad0800-05cb-443c-9fdd-fa1debf04523@group-BCB82A5C07F5-LeaderElection993: Election TIMEOUT; received 0 response(s) [] and 0 exception(s); 12ad0800-05cb-443c-9fdd-fa1debf04523@group-BCB82A5C07F5:t28, leader=null, voted=12ad0800-05cb-443c-9fdd-fa1debf04523, raftlog=12ad0800-05cb-443c-9fdd-fa1debf04523@group-BCB82A5C07F5-SegmentedRaftLog:OPENED:c-1,f-1,i0, conf=-1: [12ad0800-05cb-443c-9fdd-fa1debf04523:192.168.34.25:41155, 5170c5f3-8499-4b42-9321-85fc8a351f79:192.168.34.25:43074, 0b10a9fc-47eb-4a2b-b664-8273d9d17379:192.168.34.25:45248], old=null
2019-10-18 07:23:51,266 [Thread-9070] INFO  impl.FollowerState (FollowerState.java:run(108)) - 4dea926d-4bc6-487a-9b9b-9fd457d0fae4@group-0C9C3B2D0CC1-FollowerState: change to CANDIDATE, lastRpcTime:102ms, electionTimeout:102ms
2019-10-18 07:23:51,266 [Thread-9070] INFO  impl.RoleInfo (RoleInfo.java:shutdownFollowerState(121)) - 4dea926d-4bc6-487a-9b9b-9fd457d0fae4: shutdown FollowerState
2019-10-18 07:23:51,266 [Thread-9070] INFO  impl.RaftServerImpl (RaftServerImpl.java:setRole(184)) - 4dea926d-4bc6-487a-9b9b-9fd457d0fae4@group-0C9C3B2D0CC1: changes role from  FOLLOWER to CANDIDATE at term 23 for changeToCandidate
2019-10-18 07:23:51,267 [Thread-9070] INFO  impl.RoleInfo (RoleInfo.java:updateAndGet(143)) - 4dea926d-4bc6-487a-9b9b-9fd457d0fae4: start LeaderElection
2019-10-18 07:23:51,278 [12ad0800-05cb-443c-9fdd-fa1debf04523@group-BCB82A5C07F5-LeaderElection993] INFO  impl.LeaderElection (LeaderElection.java:askForVotes(178)) - 12ad0800-05cb-443c-9fdd-fa1debf04523@group-BCB82A5C07F5-LeaderElection993: begin an election at term 29 for -1: [12ad0800-05cb-443c-9fdd-fa1debf04523:192.168.34.25:41155, 5170c5f3-8499-4b42-9321-85fc8a351f79:192.168.34.25:43074, 0b10a9fc-47eb-4a2b-b664-8273d9d17379:192.168.34.25:45248], old=null
2019-10-18 07:23:51,279 [grpc-default-executor-17] INFO  impl.RaftServerImpl (RaftServerImpl.java:setRole(184)) - 5170c5f3-8499-4b42-9321-85fc8a351f79@group-BCB82A5C07F5: changes role from  FOLLOWER to FOLLOWER at term 29 for recognizeCandidate:12ad0800-05cb-443c-9fdd-fa1debf04523
2019-10-18 07:23:51,279 [grpc-default-executor-4] INFO  impl.RaftServerImpl (RaftServerImpl.java:setRole(184)) - 0b10a9fc-47eb-4a2b-b664-8273d9d17379@group-BCB82A5C07F5: changes role from  FOLLOWER to FOLLOWER at term 29 for recognizeCandidate:12ad0800-05cb-443c-9fdd-fa1debf04523
2019-10-18 07:23:51,279 [grpc-default-executor-4] INFO  impl.RoleInfo (RoleInfo.java:shutdownFollowerState(121)) - 0b10a9fc-47eb-4a2b-b664-8273d9d17379: shutdown FollowerState
2019-10-18 07:23:51,279 [grpc-default-executor-17] INFO  impl.RoleInfo (RoleInfo.java:shutdownFollowerState(121)) - 5170c5f3-8499-4b42-9321-85fc8a351f79: shutdown FollowerState
2019-10-18 07:23:51,280 [Thread-9075] INFO  impl.FollowerState (FollowerState.java:run(117)) - 0b10a9fc-47eb-4a2b-b664-8273d9d17379@group-BCB82A5C07F5-FollowerState was interrupted: java.lang.InterruptedException: sleep interrupted
2019-10-18 07:23:51,280 [Thread-9074] INFO  impl.FollowerState (FollowerState.java:run(117)) - 5170c5f3-8499-4b42-9321-85fc8a351f79@group-BCB82A5C07F5-FollowerState was interrupted: java.lang.InterruptedException: sleep interrupted
2019-10-18 07:23:51,279 [grpc-default-executor-4] INFO  impl.RoleInfo (RoleInfo.java:updateAndGet(143)) - 0b10a9fc-47eb-4a2b-b664-8273d9d17379: start FollowerState
2019-10-18 07:23:51,280 [grpc-default-executor-17] INFO  impl.RoleInfo (RoleInfo.java:updateAndGet(143)) - 5170c5f3-8499-4b42-9321-85fc8a351f79: start FollowerState
2019-10-18 07:23:51,304 [4dea926d-4bc6-487a-9b9b-9fd457d0fae4@group-0C9C3B2D0CC1-LeaderElection994] INFO  impl.LeaderElection (LeaderElection.java:askForVotes(178)) - 4dea926d-4bc6-487a-9b9b-9fd457d0fae4@group-0C9C3B2D0CC1-LeaderElection994: begin an election at term 24 for -1: [6633f50a-7046-4b08-9937-8e25f1b14b15:192.168.34.25:39338, 67270882-100a-4e75-928d-618d17e069c8:192.168.34.25:36648, 4dea926d-4bc6-487a-9b9b-9fd457d0fae4:192.168.34.25:41624], old=null
2019-10-18 07:23:51,304 [12ad0800-05cb-443c-9fdd-fa1debf04523@group-BCB82A5C07F5-LeaderElection993] INFO  impl.LeaderElection (LeaderElection.java:logAndReturn(56)) - 12ad0800-05cb-443c-9fdd-fa1debf04523@group-BCB82A5C07F5-LeaderElection993: Election REJECTED; received 2 response(s) [12ad0800-05cb-443c-9fdd-fa1debf04523<-5170c5f3-8499-4b42-9321-85fc8a351f79#0:FAIL-t29, 12ad0800-05cb-443c-9fdd-fa1debf04523<-0b10a9fc-47eb-4a2b-b664-8273d9d17379#0:FAIL-t29] and 0 exception(s); 12ad0800-05cb-443c-9fdd-fa1debf04523@group-BCB82A5C07F5:t29, leader=null, voted=12ad0800-05cb-443c-9fdd-fa1debf04523, raftlog=12ad0800-05cb-443c-9fdd-fa1debf04523@group-BCB82A5C07F5-SegmentedRaftLog:OPENED:c-1,f-1,i0, conf=-1: [12ad0800-05cb-443c-9fdd-fa1debf04523:192.168.34.25:41155, 5170c5f3-8499-4b42-9321-85fc8a351f79:192.168.34.25:43074, 0b10a9fc-47eb-4a2b-b664-8273d9d17379:192.168.34.25:45248], old=null
2019-10-18 07:23:51,305 [12ad0800-05cb-443c-9fdd-fa1debf04523@group-BCB82A5C07F5-LeaderElection993] INFO  impl.RaftServerImpl (RaftServerImpl.java:setRole(184)) - 12ad0800-05cb-443c-9fdd-fa1debf04523@group-BCB82A5C07F5: changes role from CANDIDATE to FOLLOWER at term 29 for DISCOVERED_A_NEW_TERM
2019-10-18 07:23:51,305 [12ad0800-05cb-443c-9fdd-fa1debf04523@group-BCB82A5C07F5-LeaderElection993] INFO  impl.RoleInfo (RoleInfo.java:shutdownLeaderElection(134)) - 12ad0800-05cb-443c-9fdd-fa1debf04523: shutdown LeaderElection
2019-10-18 07:23:51,307 [12ad0800-05cb-443c-9fdd-fa1debf04523@group-BCB82A5C07F5-LeaderElection993] INFO  impl.RoleInfo (RoleInfo.java:updateAndGet(143)) - 12ad0800-05cb-443c-9fdd-fa1debf04523: start FollowerState
2019-10-18 07:23:51,311 [grpc-default-executor-4] INFO  impl.RaftServerImpl (RaftServerImpl.java:setRole(184)) - 6633f50a-7046-4b08-9937-8e25f1b14b15@group-0C9C3B2D0CC1: changes role from  FOLLOWER to FOLLOWER at term 24 for recognizeCandidate:4dea926d-4bc6-487a-9b9b-9fd457d0fae4
2019-10-18 07:23:51,314 [grpc-default-executor-4] INFO  impl.RoleInfo (RoleInfo.java:shutdownFollowerState(121)) - 6633f50a-7046-4b08-9937-8e25f1b14b15: shutdown FollowerState
2019-10-18 07:23:51,314 [grpc-default-executor-4] INFO  impl.RoleInfo (RoleInfo.java:updateAndGet(143)) - 6633f50a-7046-4b08-9937-8e25f1b14b15: start FollowerState
2019-10-18 07:23:51,314 [Thread-9068] INFO  impl.FollowerState (FollowerState.java:run(117)) - 6633f50a-7046-4b08-9937-8e25f1b14b15@group-0C9C3B2D0CC1-FollowerState was interrupted: java.lang.InterruptedException: sleep interrupted
2019-10-18 07:23:51,315 [grpc-default-executor-11] INFO  impl.RaftServerImpl (RaftServerImpl.java:setRole(184)) - 67270882-100a-4e75-928d-618d17e069c8@group-0C9C3B2D0CC1: changes role from  FOLLOWER to FOLLOWER at term 24 for recognizeCandidate:4dea926d-4bc6-487a-9b9b-9fd457d0fae4
2019-10-18 07:23:51,315 [grpc-default-executor-11] INFO  impl.RoleInfo (RoleInfo.java:shutdownFollowerState(121)) - 67270882-100a-4e75-928d-618d17e069c8: shutdown FollowerState
2019-10-18 07:23:51,315 [grpc-default-executor-11] INFO  impl.RoleInfo (RoleInfo.java:updateAndGet(143)) - 67270882-100a-4e75-928d-618d17e069c8: start FollowerState
2019-10-18 07:23:51,315 [Thread-9069] INFO  impl.FollowerState (FollowerState.java:run(117)) - 67270882-100a-4e75-928d-618d17e069c8@group-0C9C3B2D0CC1-FollowerState was interrupted: java.lang.InterruptedException: sleep interrupted
2019-10-18 07:23:51,330 [4dea926d-4bc6-487a-9b9b-9fd457d0fae4@group-0C9C3B2D0CC1-LeaderElection994] INFO  impl.LeaderElection (LeaderElection.java:logAndReturn(56)) - 4dea926d-4bc6-487a-9b9b-9fd457d0fae4@group-0C9C3B2D0CC1-LeaderElection994: Election REJECTED; received 2 response(s) [4dea926d-4bc6-487a-9b9b-9fd457d0fae4<-6633f50a-7046-4b08-9937-8e25f1b14b15#0:FAIL-t24, 4dea926d-4bc6-487a-9b9b-9fd457d0fae4<-67270882-100a-4e75-928d-618d17e069c8#0:FAIL-t24] and 0 exception(s); 4dea926d-4bc6-487a-9b9b-9fd457d0fae4@group-0C9C3B2D0CC1:t24, leader=null, voted=4dea926d-4bc6-487a-9b9b-9fd457d0fae4, raftlog=4dea926d-4bc6-487a-9b9b-9fd457d0fae4@group-0C9C3B2D0CC1-SegmentedRaftLog:OPENED:c-1,f-1,i0, conf=-1: [6633f50a-7046-4b08-9937-8e25f1b14b15:192.168.34.25:39338, 67270882-100a-4e75-928d-618d17e069c8:192.168.34.25:36648, 4dea926d-4bc6-487a-9b9b-9fd457d0fae4:192.168.34.25:41624], old=null
2019-10-18 07:23:51,330 [4dea926d-4bc6-487a-9b9b-9fd457d0fae4@group-0C9C3B2D0CC1-LeaderElection994] INFO  impl.RaftServerImpl (RaftServerImpl.java:setRole(184)) - 4dea926d-4bc6-487a-9b9b-9fd457d0fae4@group-0C9C3B2D0CC1: changes role from CANDIDATE to FOLLOWER at term 24 for DISCOVERED_A_NEW_TERM
2019-10-18 07:23:51,330 [4dea926d-4bc6-487a-9b9b-9fd457d0fae4@group-0C9C3B2D0CC1-LeaderElection994] INFO  impl.RoleInfo (RoleInfo.java:shutdownLeaderElection(134)) - 4dea926d-4bc6-487a-9b9b-9fd457d0fae4: shutdown LeaderElection
2019-10-18 07:23:51,330 [4dea926d-4bc6-487a-9b9b-9fd457d0fae4@group-0C9C3B2D0CC1-LeaderElection994] INFO  impl.RoleInfo (RoleInfo.java:updateAndGet(143)) - 4dea926d-4bc6-487a-9b9b-9fd457d0fae4: start FollowerState
2019-10-18 07:23:51,338 [Thread-9085] INFO  impl.FollowerState (FollowerState.java:run(108)) - 12ad0800-05cb-443c-9fdd-fa1debf04523@group-BCB82A5C07F5-FollowerState: change to CANDIDATE, lastRpcTime:30ms, electionTimeout:27ms
2019-10-18 07:23:51,338 [Thread-9085] INFO  impl.RoleInfo (RoleInfo.java:shutdownFollowerState(121)) - 12ad0800-05cb-443c-9fdd-fa1debf04523: shutdown FollowerState
2019-10-18 07:23:51,338 [Thread-9085] INFO  impl.RaftServerImpl (RaftServerImpl.java:setRole(184)) - 12ad0800-05cb-443c-9fdd-fa1debf04523@group-BCB82A5C07F5: changes role from  FOLLOWER to CANDIDATE at term 29 for changeToCandidate
2019-10-18 07:23:51,338 [Thread-9085] INFO  impl.RoleInfo (RoleInfo.java:updateAndGet(143)) - 12ad0800-05cb-443c-9fdd-fa1debf04523: start LeaderElection
2019-10-18 07:23:51,353 [Thread-9088] INFO  impl.FollowerState (FollowerState.java:run(108)) - 4dea926d-4bc6-487a-9b9b-9fd457d0fae4@group-0C9C3B2D0CC1-FollowerState: change to CANDIDATE, lastRpcTime:22ms, electionTimeout:22ms
2019-10-18 07:23:51,353 [Thread-9088] INFO  impl.RoleInfo (RoleInfo.java:shutdownFollowerState(121)) - 4dea926d-4bc6-487a-9b9b-9fd457d0fae4: shutdown FollowerState
2019-10-18 07:23:51,353 [Thread-9088] INFO  impl.RaftServerImpl (RaftServerImpl.java:setRole(184)) - 4dea926d-4bc6-487a-9b9b-9fd457d0fae4@group-0C9C3B2D0CC1: changes role from  FOLLOWER to CANDIDATE at term 24 for changeToCandidate
2019-10-18 07:23:51,353 [Thread-9088] INFO  impl.RoleInfo (RoleInfo.java:updateAndGet(143)) - 4dea926d-4bc6-487a-9b9b-9fd457d0fae4: start LeaderElection
2019-10-18 07:23:51,360 [12ad0800-05cb-443c-9fdd-fa1debf04523@group-BCB82A5C07F5-LeaderElection995] INFO  impl.LeaderElection (LeaderElection.java:askForVotes(178)) - 12ad0800-05cb-443c-9fdd-fa1debf04523@group-BCB82A5C07F5-LeaderElection995: begin an election at term 30 for -1: [12ad0800-05cb-443c-9fdd-fa1debf04523:192.168.34.25:41155, 5170c5f3-8499-4b42-9321-85fc8a351f79:192.168.34.25:43074, 0b10a9fc-47eb-4a2b-b664-8273d9d17379:192.168.34.25:45248], old=null
2019-10-18 07:23:51,362 [grpc-default-executor-11] INFO  impl.RaftServerImpl (RaftServerImpl.java:setRole(184)) - 5170c5f3-8499-4b42-9321-85fc8a351f79@group-BCB82A5C07F5: changes role from  FOLLOWER to FOLLOWER at term 30 for recognizeCandidate:12ad0800-05cb-443c-9fdd-fa1debf04523
2019-10-18 07:23:51,362 [grpc-default-executor-11] INFO  impl.RoleInfo (RoleInfo.java:shutdownFollowerState(121)) - 5170c5f3-8499-4b42-9321-85fc8a351f79: shutdown FollowerState
2019-10-18 07:23:51,362 [grpc-default-executor-11] INFO  impl.RoleInfo (RoleInfo.java:updateAndGet(143)) - 5170c5f3-8499-4b42-9321-85fc8a351f79: start FollowerState
2019-10-18 07:23:51,362 [Thread-9080] INFO  impl.FollowerState (FollowerState.java:run(117)) - 5170c5f3-8499-4b42-9321-85fc8a351f79@group-BCB82A5C07F5-FollowerState was interrupted: java.lang.InterruptedException: sleep interrupted
2019-10-18 07:23:51,362 [grpc-default-executor-4] INFO  impl.RaftServerImpl (RaftServerImpl.java:setRole(184)) - 0b10a9fc-47eb-4a2b-b664-8273d9d17379@group-BCB82A5C07F5: changes role from  FOLLOWER to FOLLOWER at term 30 for recognizeCandidate:12ad0800-05cb-443c-9fdd-fa1debf04523
2019-10-18 07:23:51,362 [grpc-default-executor-4] INFO  impl.RoleInfo (RoleInfo.java:shutdownFollowerState(121)) - 0b10a9fc-47eb-4a2b-b664-8273d9d17379: shutdown FollowerState
2019-10-18 07:23:51,362 [grpc-default-executor-4] INFO  impl.RoleInfo (RoleInfo.java:updateAndGet(143)) - 0b10a9fc-47eb-4a2b-b664-8273d9d17379: start FollowerState
2019-10-18 07:23:51,362 [Thread-9079] INFO  impl.FollowerState (FollowerState.java:run(117)) - 0b10a9fc-47eb-4a2b-b664-8273d9d17379@group-BCB82A5C07F5-FollowerState was interrupted: java.lang.InterruptedException: sleep interrupted
2019-10-18 07:23:51,376 [4dea926d-4bc6-487a-9b9b-9fd457d0fae4@group-0C9C3B2D0CC1-LeaderElection996] INFO  impl.LeaderElection (LeaderElection.java:askForVotes(178)) - 4dea926d-4bc6-487a-9b9b-9fd457d0fae4@group-0C9C3B2D0CC1-LeaderElection996: begin an election at term 25 for -1: [6633f50a-7046-4b08-9937-8e25f1b14b15:192.168.34.25:39338, 67270882-100a-4e75-928d-618d17e069c8:192.168.34.25:36648, 4dea926d-4bc6-487a-9b9b-9fd457d0fae4:192.168.34.25:41624], old=null
2019-10-18 07:23:51,376 [12ad0800-05cb-443c-9fdd-fa1debf04523@group-BCB82A5C07F5-LeaderElection995] INFO  impl.LeaderElection (LeaderElection.java:logAndReturn(56)) - 12ad0800-05cb-443c-9fdd-fa1debf04523@group-BCB82A5C07F5-LeaderElection995: Election REJECTED; received 2 response(s) [12ad0800-05cb-443c-9fdd-fa1debf04523<-5170c5f3-8499-4b42-9321-85fc8a351f79#0:FAIL-t30, 12ad0800-05cb-443c-9fdd-fa1debf04523<-0b10a9fc-47eb-4a2b-b664-8273d9d17379#0:FAIL-t30] and 0 exception(s); 12ad0800-05cb-443c-9fdd-fa1debf04523@group-BCB82A5C07F5:t30, leader=null, voted=12ad0800-05cb-443c-9fdd-fa1debf04523, raftlog=12ad0800-05cb-443c-9fdd-fa1debf04523@group-BCB82A5C07F5-SegmentedRaftLog:OPENED:c-1,f-1,i0, conf=-1: [12ad0800-05cb-443c-9fdd-fa1debf04523:192.168.34.25:41155, 5170c5f3-8499-4b42-9321-85fc8a351f79:192.168.34.25:43074, 0b10a9fc-47eb-4a2b-b664-8273d9d17379:192.168.34.25:45248], old=null
2019-10-18 07:23:51,376 [12ad0800-05cb-443c-9fdd-fa1debf04523@group-BCB82A5C07F5-LeaderElection995] INFO  impl.RaftServerImpl (RaftServerImpl.java:setRole(184)) - 12ad0800-05cb-443c-9fdd-fa1debf04523@group-BCB82A5C07F5: changes role from CANDIDATE to FOLLOWER at term 30 for DISCOVERED_A_NEW_TERM
2019-10-18 07:23:51,377 [12ad0800-05cb-443c-9fdd-fa1debf04523@group-BCB82A5C07F5-LeaderElection995] INFO  impl.RoleInfo (RoleInfo.java:shutdownLeaderElection(134)) - 12ad0800-05cb-443c-9fdd-fa1debf04523: shutdown LeaderElection
2019-10-18 07:23:51,377 [12ad0800-05cb-443c-9fdd-fa1debf04523@group-BCB82A5C07F5-LeaderElection995] INFO  impl.RoleInfo (RoleInfo.java:updateAndGet(143)) - 12ad0800-05cb-443c-9fdd-fa1debf04523: start FollowerState
2019-10-18 07:23:51,377 [grpc-default-executor-4] INFO  impl.RaftServerImpl (RaftServerImpl.java:setRole(184)) - 6633f50a-7046-4b08-9937-8e25f1b14b15@group-0C9C3B2D0CC1: changes role from  FOLLOWER to FOLLOWER at term 25 for recognizeCandidate:4dea926d-4bc6-487a-9b9b-9fd457d0fae4
2019-10-18 07:23:51,377 [grpc-default-executor-4] INFO  impl.RoleInfo (RoleInfo.java:shutdownFollowerState(121)) - 6633f50a-7046-4b08-9937-8e25f1b14b15: shutdown FollowerState
2019-10-18 07:23:51,377 [grpc-default-executor-4] INFO  impl.RoleInfo (RoleInfo.java:updateAndGet(143)) - 6633f50a-7046-4b08-9937-8e25f1b14b15: start FollowerState
2019-10-18 07:23:51,377 [Thread-9086] INFO  impl.FollowerState (FollowerState.java:run(117)) - 6633f50a-7046-4b08-9937-8e25f1b14b15@group-0C9C3B2D0CC1-FollowerState was interrupted: java.lang.InterruptedException: sleep interrupted
2019-10-18 07:23:51,377 [grpc-default-executor-11] INFO  impl.RaftServerImpl (RaftServerImpl.java:setRole(184)) - 67270882-100a-4e75-928d-618d17e069c8@group-0C9C3B2D0CC1: changes role from  FOLLOWER to FOLLOWER at term 25 for recognizeCandidate:4dea926d-4bc6-487a-9b9b-9fd457d0fae4
2019-10-18 07:23:51,378 [grpc-default-executor-11] INFO  impl.RoleInfo (RoleInfo.java:shutdownFollowerState(121)) - 67270882-100a-4e75-928d-618d17e069c8: shutdown FollowerState
2019-10-18 07:23:51,378 [grpc-default-executor-11] INFO  impl.RoleInfo (RoleInfo.java:updateAndGet(143)) - 67270882-100a-4e75-928d-618d17e069c8: start FollowerState
2019-10-18 07:23:51,378 [Thread-9087] INFO  impl.FollowerState (FollowerState.java:run(117)) - 67270882-100a-4e75-928d-618d17e069c8@group-0C9C3B2D0CC1-FollowerState was interrupted: java.lang.InterruptedException: sleep interrupted
2019-10-18 07:23:51,390 [4dea926d-4bc6-487a-9b9b-9fd457d0fae4@group-0C9C3B2D0CC1-LeaderElection996] INFO  impl.LeaderElection (LeaderElection.java:logAndReturn(56)) - 4dea926d-4bc6-487a-9b9b-9fd457d0fae4@group-0C9C3B2D0CC1-LeaderElection996: Election REJECTED; received 2 response(s) [4dea926d-4bc6-487a-9b9b-9fd457d0fae4<-6633f50a-7046-4b08-9937-8e25f1b14b15#0:FAIL-t25, 4dea926d-4bc6-487a-9b9b-9fd457d0fae4<-67270882-100a-4e75-928d-618d17e069c8#0:FAIL-t25] and 0 exception(s); 4dea926d-4bc6-487a-9b9b-9fd457d0fae4@group-0C9C3B2D0CC1:t25, leader=null, voted=4dea926d-4bc6-487a-9b9b-9fd457d0fae4, raftlog=4dea926d-4bc6-487a-9b9b-9fd457d0fae4@group-0C9C3B2D0CC1-SegmentedRaftLog:OPENED:c-1,f-1,i0, conf=-1: [6633f50a-7046-4b08-9937-8e25f1b14b15:192.168.34.25:39338, 67270882-100a-4e75-928d-618d17e069c8:192.168.34.25:36648, 4dea926d-4bc6-487a-9b9b-9fd457d0fae4:192.168.34.25:41624], old=null
2019-10-18 07:23:51,390 [4dea926d-4bc6-487a-9b9b-9fd457d0fae4@group-0C9C3B2D0CC1-LeaderElection996] INFO  impl.RaftServerImpl (RaftServerImpl.java:setRole(184)) - 4dea926d-4bc6-487a-9b9b-9fd457d0fae4@group-0C9C3B2D0CC1: changes role from CANDIDATE to FOLLOWER at term 25 for DISCOVERED_A_NEW_TERM
2019-10-18 07:23:51,390 [4dea926d-4bc6-487a-9b9b-9fd457d0fae4@group-0C9C3B2D0CC1-LeaderElection996] INFO  impl.RoleInfo (RoleInfo.java:shutdownLeaderElection(134)) - 4dea926d-4bc6-487a-9b9b-9fd457d0fae4: shutdown LeaderElection
2019-10-18 07:23:51,391 [4dea926d-4bc6-487a-9b9b-9fd457d0fae4@group-0C9C3B2D0CC1-LeaderElection996] INFO  impl.RoleInfo (RoleInfo.java:updateAndGet(143)) - 4dea926d-4bc6-487a-9b9b-9fd457d0fae4: start FollowerState
2019-10-18 07:23:51,432 [Thread-9099] INFO  impl.FollowerState (FollowerState.java:run(108)) - 12ad0800-05cb-443c-9fdd-fa1debf04523@group-BCB82A5C07F5-FollowerState: change to CANDIDATE, lastRpcTime:55ms, electionTimeout:55ms
2019-10-18 07:23:51,432 [Thread-9099] INFO  impl.RoleInfo (RoleInfo.java:shutdownFollowerState(121)) - 12ad0800-05cb-443c-9fdd-fa1debf04523: shutdown FollowerState
2019-10-18 07:23:51,432 [Thread-9099] INFO  impl.RaftServerImpl (RaftServerImpl.java:setRole(184)) - 12ad0800-05cb-443c-9fdd-fa1debf04523@group-BCB82A5C07F5: changes role from  FOLLOWER to CANDIDATE at term 30 for changeToCandidate
2019-10-18 07:23:51,432 [Thread-9099] INFO  impl.RoleInfo (RoleInfo.java:updateAndGet(143)) - 12ad0800-05cb-443c-9fdd-fa1debf04523: start LeaderElection
2019-10-18 07:23:51,445 [12ad0800-05cb-443c-9fdd-fa1debf04523@group-BCB82A5C07F5-LeaderElection997] INFO  impl.LeaderElection (LeaderElection.java:askForVotes(178)) - 12ad0800-05cb-443c-9fdd-fa1debf04523@group-BCB82A5C07F5-LeaderElection997: begin an election at term 31 for -1: [12ad0800-05cb-443c-9fdd-fa1debf04523:192.168.34.25:41155, 5170c5f3-8499-4b42-9321-85fc8a351f79:192.168.34.25:43074, 0b10a9fc-47eb-4a2b-b664-8273d9d17379:192.168.34.25:45248], old=null
2019-10-18 07:23:51,446 [grpc-default-executor-4] INFO  impl.RaftServerImpl (RaftServerImpl.java:setRole(184)) - 5170c5f3-8499-4b42-9321-85fc8a351f79@group-BCB82A5C07F5: changes role from  FOLLOWER to FOLLOWER at term 31 for recognizeCandidate:12ad0800-05cb-443c-9fdd-fa1debf04523
2019-10-18 07:23:51,446 [grpc-default-executor-4] INFO  impl.RoleInfo (RoleInfo.java:shutdownFollowerState(121)) - 5170c5f3-8499-4b42-9321-85fc8a351f79: shutdown FollowerState
2019-10-18 07:23:51,446 [grpc-default-executor-4] INFO  impl.RoleInfo (RoleInfo.java:updateAndGet(143)) - 5170c5f3-8499-4b42-9321-85fc8a351f79: start FollowerState
2019-10-18 07:23:51,446 [Thread-9095] INFO  impl.FollowerState (FollowerState.java:run(117)) - 5170c5f3-8499-4b42-9321-85fc8a351f79@group-BCB82A5C07F5-FollowerState was interrupted: java.lang.InterruptedException: sleep interrupted
2019-10-18 07:23:51,446 [grpc-default-executor-11] INFO  impl.RaftServerImpl (RaftServerImpl.java:setRole(184)) - 0b10a9fc-47eb-4a2b-b664-8273d9d17379@group-BCB82A5C07F5: changes role from  FOLLOWER to FOLLOWER at term 31 for recognizeCandidate:12ad0800-05cb-443c-9fdd-fa1debf04523
2019-10-18 07:23:51,447 [grpc-default-executor-11] INFO  impl.RoleInfo (RoleInfo.java:shutdownFollowerState(121)) - 0b10a9fc-47eb-4a2b-b664-8273d9d17379: shutdown FollowerState
2019-10-18 07:23:51,447 [grpc-default-executor-11] INFO  impl.RoleInfo (RoleInfo.java:updateAndGet(143)) - 0b10a9fc-47eb-4a2b-b664-8273d9d17379: start FollowerState
2019-10-18 07:23:51,447 [Thread-9096] INFO  impl.FollowerState (FollowerState.java:run(117)) - 0b10a9fc-47eb-4a2b-b664-8273d9d17379@group-BCB82A5C07F5-FollowerState was interrupted: java.lang.InterruptedException: sleep interrupted
2019-10-18 07:23:51,461 [12ad0800-05cb-443c-9fdd-fa1debf04523@group-BCB82A5C07F5-LeaderElection997] INFO  impl.LeaderElection (LeaderElection.java:logAndReturn(56)) - 12ad0800-05cb-443c-9fdd-fa1debf04523@group-BCB82A5C07F5-LeaderElection997: Election REJECTED; received 2 response(s) [12ad0800-05cb-443c-9fdd-fa1debf04523<-5170c5f3-8499-4b42-9321-85fc8a351f79#0:FAIL-t31, 12ad0800-05cb-443c-9fdd-fa1debf04523<-0b10a9fc-47eb-4a2b-b664-8273d9d17379#0:FAIL-t31] and 0 exception(s); 12ad0800-05cb-443c-9fdd-fa1debf04523@group-BCB82A5C07F5:t31, leader=null, voted=12ad0800-05cb-443c-9fdd-fa1debf04523, raftlog=12ad0800-05cb-443c-9fdd-fa1debf04523@group-BCB82A5C07F5-SegmentedRaftLog:OPENED:c-1,f-1,i0, conf=-1: [12ad0800-05cb-443c-9fdd-fa1debf04523:192.168.34.25:41155, 5170c5f3-8499-4b42-9321-85fc8a351f79:192.168.34.25:43074, 0b10a9fc-47eb-4a2b-b664-8273d9d17379:192.168.34.25:45248], old=null
2019-10-18 07:23:51,461 [12ad0800-05cb-443c-9fdd-fa1debf04523@group-BCB82A5C07F5-LeaderElection997] INFO  impl.RaftServerImpl (RaftServerImpl.java:setRole(184)) - 12ad0800-05cb-443c-9fdd-fa1debf04523@group-BCB82A5C07F5: changes role from CANDIDATE to FOLLOWER at term 31 for DISCOVERED_A_NEW_TERM
2019-10-18 07:23:51,461 [12ad0800-05cb-443c-9fdd-fa1debf04523@group-BCB82A5C07F5-LeaderElection997] INFO  impl.RoleInfo (RoleInfo.java:shutdownLeaderElection(134)) - 12ad0800-05cb-443c-9fdd-fa1debf04523: shutdown LeaderElection
2019-10-18 07:23:51,461 [12ad0800-05cb-443c-9fdd-fa1debf04523@group-BCB82A5C07F5-LeaderElection997] INFO  impl.RoleInfo (RoleInfo.java:updateAndGet(143)) - 12ad0800-05cb-443c-9fdd-fa1debf04523: start FollowerState
2019-10-18 07:23:51,493 [Thread-9108] INFO  impl.FollowerState (FollowerState.java:run(108)) - 12ad0800-05cb-443c-9fdd-fa1debf04523@group-BCB82A5C07F5-FollowerState: change to CANDIDATE, lastRpcTime:31ms, electionTimeout:31ms
2019-10-18 07:23:51,493 [Thread-9108] INFO  impl.RoleInfo (RoleInfo.java:shutdownFollowerState(121)) - 12ad0800-05cb-443c-9fdd-fa1debf04523: shutdown FollowerState
2019-10-18 07:23:51,493 [Thread-9108] INFO  impl.RaftServerImpl (RaftServerImpl.java:setRole(184)) - 12ad0800-05cb-443c-9fdd-fa1debf04523@group-BCB82A5C07F5: changes role from  FOLLOWER to CANDIDATE at term 31 for changeToCandidate
2019-10-18 07:23:51,493 [Thread-9108] INFO  impl.RoleInfo (RoleInfo.java:updateAndGet(143)) - 12ad0800-05cb-443c-9fdd-fa1debf04523: start LeaderElection
2019-10-18 07:23:51,513 [12ad0800-05cb-443c-9fdd-fa1debf04523@group-BCB82A5C07F5-LeaderElection998] INFO  impl.LeaderElection (LeaderElection.java:askForVotes(178)) - 12ad0800-05cb-443c-9fdd-fa1debf04523@group-BCB82A5C07F5-LeaderElection998: begin an election at term 32 for -1: [12ad0800-05cb-443c-9fdd-fa1debf04523:192.168.34.25:41155, 5170c5f3-8499-4b42-9321-85fc8a351f79:192.168.34.25:43074, 0b10a9fc-47eb-4a2b-b664-8273d9d17379:192.168.34.25:45248], old=null
2019-10-18 07:23:51,514 [grpc-default-executor-11] INFO  impl.RaftServerImpl (RaftServerImpl.java:setRole(184)) - 5170c5f3-8499-4b42-9321-85fc8a351f79@group-BCB82A5C07F5: changes role from  FOLLOWER to FOLLOWER at term 32 for recognizeCandidate:12ad0800-05cb-443c-9fdd-fa1debf04523
2019-10-18 07:23:51,514 [grpc-default-executor-11] INFO  impl.RoleInfo (RoleInfo.java:shutdownFollowerState(121)) - 5170c5f3-8499-4b42-9321-85fc8a351f79: shutdown FollowerState
2019-10-18 07:23:51,514 [grpc-default-executor-4] INFO  impl.RaftServerImpl (RaftServerImpl.java:setRole(184)) - 0b10a9fc-47eb-4a2b-b664-8273d9d17379@group-BCB82A5C07F5: changes role from  FOLLOWER to FOLLOWER at term 32 for recognizeCandidate:12ad0800-05cb-443c-9fdd-fa1debf04523
2019-10-18 07:23:51,515 [Thread-9106] INFO  impl.FollowerState (FollowerState.java:run(117)) - 5170c5f3-8499-4b42-9321-85fc8a351f79@group-BCB82A5C07F5-FollowerState was interrupted: java.lang.InterruptedException: sleep interrupted
2019-10-18 07:23:51,515 [grpc-default-executor-11] INFO  impl.RoleInfo (RoleInfo.java:updateAndGet(143)) - 5170c5f3-8499-4b42-9321-85fc8a351f79: start FollowerState
2019-10-18 07:23:51,515 [grpc-default-executor-4] INFO  impl.RoleInfo (RoleInfo.java:shutdownFollowerState(121)) - 0b10a9fc-47eb-4a2b-b664-8273d9d17379: shutdown FollowerState
2019-10-18 07:23:51,515 [grpc-default-executor-4] INFO  impl.RoleInfo (RoleInfo.java:updateAndGet(143)) - 0b10a9fc-47eb-4a2b-b664-8273d9d17379: start FollowerState
2019-10-18 07:23:51,515 [Thread-9107] INFO  impl.FollowerState (FollowerState.java:run(117)) - 0b10a9fc-47eb-4a2b-b664-8273d9d17379@group-BCB82A5C07F5-FollowerState was interrupted: java.lang.InterruptedException: sleep interrupted
2019-10-18 07:23:51,531 [12ad0800-05cb-443c-9fdd-fa1debf04523@group-BCB82A5C07F5-LeaderElection998] INFO  impl.LeaderElection (LeaderElection.java:logAndReturn(56)) - 12ad0800-05cb-443c-9fdd-fa1debf04523@group-BCB82A5C07F5-LeaderElection998: Election REJECTED; received 2 response(s) [12ad0800-05cb-443c-9fdd-fa1debf04523<-5170c5f3-8499-4b42-9321-85fc8a351f79#0:FAIL-t32, 12ad0800-05cb-443c-9fdd-fa1debf04523<-0b10a9fc-47eb-4a2b-b664-8273d9d17379#0:FAIL-t32] and 0 exception(s); 12ad0800-05cb-443c-9fdd-fa1debf04523@group-BCB82A5C07F5:t32, leader=null, voted=12ad0800-05cb-443c-9fdd-fa1debf04523, raftlog=12ad0800-05cb-443c-9fdd-fa1debf04523@group-BCB82A5C07F5-SegmentedRaftLog:OPENED:c-1,f-1,i0, conf=-1: [12ad0800-05cb-443c-9fdd-fa1debf04523:192.168.34.25:41155, 5170c5f3-8499-4b42-9321-85fc8a351f79:192.168.34.25:43074, 0b10a9fc-47eb-4a2b-b664-8273d9d17379:192.168.34.25:45248], old=null
2019-10-18 07:23:51,531 [12ad0800-05cb-443c-9fdd-fa1debf04523@group-BCB82A5C07F5-LeaderElection998] INFO  impl.RaftServerImpl (RaftServerImpl.java:setRole(184)) - 12ad0800-05cb-443c-9fdd-fa1debf04523@group-BCB82A5C07F5: changes role from CANDIDATE to FOLLOWER at term 32 for DISCOVERED_A_NEW_TERM
2019-10-18 07:23:51,531 [12ad0800-05cb-443c-9fdd-fa1debf04523@group-BCB82A5C07F5-LeaderElection998] INFO  impl.RoleInfo (RoleInfo.java:shutdownLeaderElection(134)) - 12ad0800-05cb-443c-9fdd-fa1debf04523: shutdown LeaderElection
2019-10-18 07:23:51,531 [12ad0800-05cb-443c-9fdd-fa1debf04523@group-BCB82A5C07F5-LeaderElection998] INFO  impl.RoleInfo (RoleInfo.java:updateAndGet(143)) - 12ad0800-05cb-443c-9fdd-fa1debf04523: start FollowerState
2019-10-18 07:23:51,535 [Thread-9102] INFO  impl.FollowerState (FollowerState.java:run(108)) - 4dea926d-4bc6-487a-9b9b-9fd457d0fae4@group-0C9C3B2D0CC1-FollowerState: change to CANDIDATE, lastRpcTime:144ms, electionTimeout:144ms
2019-10-18 07:23:51,535 [Thread-9102] INFO  impl.RoleInfo (RoleInfo.java:shutdownFollowerState(121)) - 4dea926d-4bc6-487a-9b9b-9fd457d0fae4: shutdown FollowerState
2019-10-18 07:23:51,535 [Thread-9102] INFO  impl.RaftServerImpl (RaftServerImpl.java:setRole(184)) - 4dea926d-4bc6-487a-9b9b-9fd457d0fae4@group-0C9C3B2D0CC1: changes role from  FOLLOWER to CANDIDATE at term 25 for changeToCandidate
2019-10-18 07:23:51,535 [Thread-9102] INFO  impl.RoleInfo (RoleInfo.java:updateAndGet(143)) - 4dea926d-4bc6-487a-9b9b-9fd457d0fae4: start LeaderElection
2019-10-18 07:23:51,548 [Thread-9114] INFO  impl.FollowerState (FollowerState.java:run(108)) - 12ad0800-05cb-443c-9fdd-fa1debf04523@group-BCB82A5C07F5-FollowerState: change to CANDIDATE, lastRpcTime:16ms, electionTimeout:16ms
2019-10-18 07:23:51,548 [Thread-9114] INFO  impl.RoleInfo (RoleInfo.java:shutdownFollowerState(121)) - 12ad0800-05cb-443c-9fdd-fa1debf04523: shutdown FollowerState
2019-10-18 07:23:51,548 [Thread-9114] INFO  impl.RaftServerImpl (RaftServerImpl.java:setRole(184)) - 12ad0800-05cb-443c-9fdd-fa1debf04523@group-BCB82A5C07F5: changes role from  FOLLOWER to CANDIDATE at term 32 for changeToCandidate
2019-10-18 07:23:51,548 [Thread-9114] INFO  impl.RoleInfo (RoleInfo.java:updateAndGet(143)) - 12ad0800-05cb-443c-9fdd-fa1debf04523: start LeaderElection
2019-10-18 07:23:51,552 [4dea926d-4bc6-487a-9b9b-9fd457d0fae4@group-0C9C3B2D0CC1-LeaderElection999] INFO  impl.LeaderElection (LeaderElection.java:askForVotes(178)) - 4dea926d-4bc6-487a-9b9b-9fd457d0fae4@group-0C9C3B2D0CC1-LeaderElection999: begin an election at term 26 for -1: [6633f50a-7046-4b08-9937-8e25f1b14b15:192.168.34.25:39338, 67270882-100a-4e75-928d-618d17e069c8:192.168.34.25:36648, 4dea926d-4bc6-487a-9b9b-9fd457d0fae4:192.168.34.25:41624], old=null
2019-10-18 07:23:51,554 [grpc-default-executor-11] INFO  impl.RaftServerImpl (RaftServerImpl.java:setRole(184)) - 6633f50a-7046-4b08-9937-8e25f1b14b15@group-0C9C3B2D0CC1: changes role from  FOLLOWER to FOLLOWER at term 26 for recognizeCandidate:4dea926d-4bc6-487a-9b9b-9fd457d0fae4
2019-10-18 07:23:51,554 [grpc-default-executor-11] INFO  impl.RoleInfo (RoleInfo.java:shutdownFollowerState(121)) - 6633f50a-7046-4b08-9937-8e25f1b14b15: shutdown FollowerState
2019-10-18 07:23:51,554 [grpc-default-executor-4] INFO  impl.RaftServerImpl (RaftServerImpl.java:setRole(184)) - 67270882-100a-4e75-928d-618d17e069c8@group-0C9C3B2D0CC1: changes role from  FOLLOWER to FOLLOWER at term 26 for recognizeCandidate:4dea926d-4bc6-487a-9b9b-9fd457d0fae4
2019-10-18 07:23:51,554 [grpc-default-executor-4] INFO  impl.RoleInfo (RoleInfo.java:shutdownFollowerState(121)) - 67270882-100a-4e75-928d-618d17e069c8: shutdown FollowerState
2019-10-18 07:23:51,554 [Thread-9100] INFO  impl.FollowerState (FollowerState.java:run(117)) - 6633f50a-7046-4b08-9937-8e25f1b14b15@group-0C9C3B2D0CC1-FollowerState was interrupted: java.lang.InterruptedException: sleep interrupted
2019-10-18 07:23:51,554 [grpc-default-executor-11] INFO  impl.RoleInfo (RoleInfo.java:updateAndGet(143)) - 6633f50a-7046-4b08-9937-8e25f1b14b15: start FollowerState
2019-10-18 07:23:51,555 [Thread-9101] INFO  impl.FollowerState (FollowerState.java:run(117)) - 67270882-100a-4e75-928d-618d17e069c8@group-0C9C3B2D0CC1-FollowerState was interrupted: java.lang.InterruptedException: sleep interrupted
2019-10-18 07:23:51,555 [grpc-default-executor-4] INFO  impl.RoleInfo (RoleInfo.java:updateAndGet(143)) - 67270882-100a-4e75-928d-618d17e069c8: start FollowerState
2019-10-18 07:23:51,574 [12ad0800-05cb-443c-9fdd-fa1debf04523@group-BCB82A5C07F5-LeaderElection1000] INFO  impl.LeaderElection (LeaderElection.java:askForVotes(178)) - 12ad0800-05cb-443c-9fdd-fa1debf04523@group-BCB82A5C07F5-LeaderElection1000: begin an election at term 33 for -1: [12ad0800-05cb-443c-9fdd-fa1debf04523:192.168.34.25:41155, 5170c5f3-8499-4b42-9321-85fc8a351f79:192.168.34.25:43074, 0b10a9fc-47eb-4a2b-b664-8273d9d17379:192.168.34.25:45248], old=null
2019-10-18 07:23:51,575 [4dea926d-4bc6-487a-9b9b-9fd457d0fae4@group-0C9C3B2D0CC1-LeaderElection999] INFO  impl.LeaderElection (LeaderElection.java:logAndReturn(56)) - 4dea926d-4bc6-487a-9b9b-9fd457d0fae4@group-0C9C3B2D0CC1-LeaderElection999: Election REJECTED; received 2 response(s) [4dea926d-4bc6-487a-9b9b-9fd457d0fae4<-6633f50a-7046-4b08-9937-8e25f1b14b15#0:FAIL-t26, 4dea926d-4bc6-487a-9b9b-9fd457d0fae4<-67270882-100a-4e75-928d-618d17e069c8#0:FAIL-t26] and 0 exception(s); 4dea926d-4bc6-487a-9b9b-9fd457d0fae4@group-0C9C3B2D0CC1:t26, leader=null, voted=4dea926d-4bc6-487a-9b9b-9fd457d0fae4, raftlog=4dea926d-4bc6-487a-9b9b-9fd457d0fae4@group-0C9C3B2D0CC1-SegmentedRaftLog:OPENED:c-1,f-1,i0, conf=-1: [6633f50a-7046-4b08-9937-8e25f1b14b15:192.168.34.25:39338, 67270882-100a-4e75-928d-618d17e069c8:192.168.34.25:36648, 4dea926d-4bc6-487a-9b9b-9fd457d0fae4:192.168.34.25:41624], old=null
2019-10-18 07:23:51,575 [4dea926d-4bc6-487a-9b9b-9fd457d0fae4@group-0C9C3B2D0CC1-LeaderElection999] INFO  impl.RaftServerImpl (RaftServerImpl.java:setRole(184)) - 4dea926d-4bc6-487a-9b9b-9fd457d0fae4@group-0C9C3B2D0CC1: changes role from CANDIDATE to FOLLOWER at term 26 for DISCOVERED_A_NEW_TERM
2019-10-18 07:23:51,575 [4dea926d-4bc6-487a-9b9b-9fd457d0fae4@group-0C9C3B2D0CC1-LeaderElection999] INFO  impl.RoleInfo (RoleInfo.java:shutdownLeaderElection(134)) - 4dea926d-4bc6-487a-9b9b-9fd457d0fae4: shutdown LeaderElection
2019-10-18 07:23:51,575 [4dea926d-4bc6-487a-9b9b-9fd457d0fae4@group-0C9C3B2D0CC1-LeaderElection999] INFO  impl.RoleInfo (RoleInfo.java:updateAndGet(143)) - 4dea926d-4bc6-487a-9b9b-9fd457d0fae4: start FollowerState
2019-10-18 07:23:51,576 [grpc-default-executor-11] INFO  impl.RaftServerImpl (RaftServerImpl.java:setRole(184)) - 5170c5f3-8499-4b42-9321-85fc8a351f79@group-BCB82A5C07F5: changes role from  FOLLOWER to FOLLOWER at term 33 for recognizeCandidate:12ad0800-05cb-443c-9fdd-fa1debf04523
2019-10-18 07:23:51,576 [grpc-default-executor-4] INFO  impl.RaftServerImpl (RaftServerImpl.java:setRole(184)) - 0b10a9fc-47eb-4a2b-b664-8273d9d17379@group-BCB82A5C07F5: changes role from  FOLLOWER to FOLLOWER at term 33 for recognizeCandidate:12ad0800-05cb-443c-9fdd-fa1debf04523
2019-10-18 07:23:51,576 [grpc-default-executor-4] INFO  impl.RoleInfo (RoleInfo.java:shutdownFollowerState(121)) - 0b10a9fc-47eb-4a2b-b664-8273d9d17379: shutdown FollowerState
2019-10-18 07:23:51,576 [grpc-default-executor-11] INFO  impl.RoleInfo (RoleInfo.java:shutdownFollowerState(121)) - 5170c5f3-8499-4b42-9321-85fc8a351f79: shutdown FollowerState
2019-10-18 07:23:51,576 [Thread-9113] INFO  impl.FollowerState (FollowerState.java:run(117)) - 0b10a9fc-47eb-4a2b-b664-8273d9d17379@group-BCB82A5C07F5-FollowerState was interrupted: java.lang.InterruptedException: sleep interrupted
2019-10-18 07:23:51,576 [Thread-9112] INFO  impl.FollowerState (FollowerState.java:run(117)) - 5170c5f3-8499-4b42-9321-85fc8a351f79@group-BCB82A5C07F5-FollowerState was interrupted: java.lang.InterruptedException: sleep interrupted
2019-10-18 07:23:51,576 [grpc-default-executor-4] INFO  impl.RoleInfo (RoleInfo.java:updateAndGet(143)) - 0b10a9fc-47eb-4a2b-b664-8273d9d17379: start FollowerState
2019-10-18 07:23:51,576 [grpc-default-executor-11] INFO  impl.RoleInfo (RoleInfo.java:updateAndGet(143)) - 5170c5f3-8499-4b42-9321-85fc8a351f79: start FollowerState
2019-10-18 07:23:51,591 [12ad0800-05cb-443c-9fdd-fa1debf04523@group-BCB82A5C07F5-LeaderElection1000] INFO  impl.LeaderElection (LeaderElection.java:logAndReturn(56)) - 12ad0800-05cb-443c-9fdd-fa1debf04523@group-BCB82A5C07F5-LeaderElection1000: Election REJECTED; received 2 response(s) [12ad0800-05cb-443c-9fdd-fa1debf04523<-5170c5f3-8499-4b42-9321-85fc8a351f79#0:FAIL-t33, 12ad0800-05cb-443c-9fdd-fa1debf04523<-0b10a9fc-47eb-4a2b-b664-8273d9d17379#0:FAIL-t33] and 0 exception(s); 12ad0800-05cb-443c-9fdd-fa1debf04523@group-BCB82A5C07F5:t33, leader=null, voted=12ad0800-05cb-443c-9fdd-fa1debf04523, raftlog=12ad0800-05cb-443c-9fdd-fa1debf04523@group-BCB82A5C07F5-SegmentedRaftLog:OPENED:c-1,f-1,i0, conf=-1: [12ad0800-05cb-443c-9fdd-fa1debf04523:192.168.34.25:41155, 5170c5f3-8499-4b42-9321-85fc8a351f79:192.168.34.25:43074, 0b10a9fc-47eb-4a2b-b664-8273d9d17379:192.168.34.25:45248], old=null
2019-10-18 07:23:51,591 [12ad0800-05cb-443c-9fdd-fa1debf04523@group-BCB82A5C07F5-LeaderElection1000] INFO  impl.RaftServerImpl (RaftServerImpl.java:setRole(184)) - 12ad0800-05cb-443c-9fdd-fa1debf04523@group-BCB82A5C07F5: changes role from CANDIDATE to FOLLOWER at term 33 for DISCOVERED_A_NEW_TERM
2019-10-18 07:23:51,591 [12ad0800-05cb-443c-9fdd-fa1debf04523@group-BCB82A5C07F5-LeaderElection1000] INFO  impl.RoleInfo (RoleInfo.java:shutdownLeaderElection(134)) - 12ad0800-05cb-443c-9fdd-fa1debf04523: shutdown LeaderElection
2019-10-18 07:23:51,592 [12ad0800-05cb-443c-9fdd-fa1debf04523@group-BCB82A5C07F5-LeaderElection1000] INFO  impl.RoleInfo (RoleInfo.java:updateAndGet(143)) - 12ad0800-05cb-443c-9fdd-fa1debf04523: start FollowerState
2019-10-18 07:23:51,721 [Thread-9123] INFO  impl.FollowerState (FollowerState.java:run(108)) - 4dea926d-4bc6-487a-9b9b-9fd457d0fae4@group-0C9C3B2D0CC1-FollowerState: change to CANDIDATE, lastRpcTime:145ms, electionTimeout:145ms
2019-10-18 07:23:51,721 [Thread-9123] INFO  impl.RoleInfo (RoleInfo.java:shutdownFollowerState(121)) - 4dea926d-4bc6-487a-9b9b-9fd457d0fae4: shutdown FollowerState
2019-10-18 07:23:51,721 [Thread-9123] INFO  impl.RaftServerImpl (RaftServerImpl.java:setRole(184)) - 4dea926d-4bc6-487a-9b9b-9fd457d0fae4@group-0C9C3B2D0CC1: changes role from  FOLLOWER to CANDIDATE at term 26 for changeToCandidate
2019-10-18 07:23:51,721 [Thread-9123] INFO  impl.RoleInfo (RoleInfo.java:updateAndGet(143)) - 4dea926d-4bc6-487a-9b9b-9fd457d0fae4: start LeaderElection
2019-10-18 07:23:51,732 [Thread-9126] INFO  impl.FollowerState (FollowerState.java:run(108)) - 12ad0800-05cb-443c-9fdd-fa1debf04523@group-BCB82A5C07F5-FollowerState: change to CANDIDATE, lastRpcTime:140ms, electionTimeout:140ms
2019-10-18 07:23:51,732 [Thread-9126] INFO  impl.RoleInfo (RoleInfo.java:shutdownFollowerState(121)) - 12ad0800-05cb-443c-9fdd-fa1debf04523: shutdown FollowerState
2019-10-18 07:23:51,732 [Thread-9126] INFO  impl.RaftServerImpl (RaftServerImpl.java:setRole(184)) - 12ad0800-05cb-443c-9fdd-fa1debf04523@group-BCB82A5C07F5: changes role from  FOLLOWER to CANDIDATE at term 33 for changeToCandidate
2019-10-18 07:23:51,732 [Thread-9126] INFO  impl.RoleInfo (RoleInfo.java:updateAndGet(143)) - 12ad0800-05cb-443c-9fdd-fa1debf04523: start LeaderElection
2019-10-18 07:23:51,745 [4dea926d-4bc6-487a-9b9b-9fd457d0fae4@group-0C9C3B2D0CC1-LeaderElection1001] INFO  impl.LeaderElection (LeaderElection.java:askForVotes(178)) - 4dea926d-4bc6-487a-9b9b-9fd457d0fae4@group-0C9C3B2D0CC1-LeaderElection1001: begin an election at term 27 for -1: [6633f50a-7046-4b08-9937-8e25f1b14b15:192.168.34.25:39338, 67270882-100a-4e75-928d-618d17e069c8:192.168.34.25:36648, 4dea926d-4bc6-487a-9b9b-9fd457d0fae4:192.168.34.25:41624], old=null
2019-10-18 07:23:51,746 [grpc-default-executor-11] INFO  impl.RaftServerImpl (RaftServerImpl.java:setRole(184)) - 6633f50a-7046-4b08-9937-8e25f1b14b15@group-0C9C3B2D0CC1: changes role from  FOLLOWER to FOLLOWER at term 27 for recognizeCandidate:4dea926d-4bc6-487a-9b9b-9fd457d0fae4
2019-10-18 07:23:51,746 [grpc-default-executor-4] INFO  impl.RaftServerImpl (RaftServerImpl.java:setRole(184)) - 67270882-100a-4e75-928d-618d17e069c8@group-0C9C3B2D0CC1: changes role from  FOLLOWER to FOLLOWER at term 27 for recognizeCandidate:4dea926d-4bc6-487a-9b9b-9fd457d0fae4
2019-10-18 07:23:51,747 [grpc-default-executor-4] INFO  impl.RoleInfo (RoleInfo.java:shutdownFollowerState(121)) - 67270882-100a-4e75-928d-618d17e069c8: shutdown FollowerState
2019-10-18 07:23:51,746 [grpc-default-executor-11] INFO  impl.RoleInfo (RoleInfo.java:shutdownFollowerState(121)) - 6633f50a-7046-4b08-9937-8e25f1b14b15: shutdown FollowerState
2019-10-18 07:23:51,747 [Thread-9120] INFO  impl.FollowerState (FollowerState.java:run(117)) - 67270882-100a-4e75-928d-618d17e069c8@group-0C9C3B2D0CC1-FollowerState was interrupted: java.lang.InterruptedException: sleep interrupted
2019-10-18 07:23:51,747 [grpc-default-executor-4] INFO  impl.RoleInfo (RoleInfo.java:updateAndGet(143)) - 67270882-100a-4e75-928d-618d17e069c8: start FollowerState
2019-10-18 07:23:51,747 [Thread-9119] INFO  impl.FollowerState (FollowerState.java:run(117)) - 6633f50a-7046-4b08-9937-8e25f1b14b15@group-0C9C3B2D0CC1-FollowerState was interrupted: java.lang.InterruptedException: sleep interrupted
2019-10-18 07:23:51,747 [grpc-default-executor-11] INFO  impl.RoleInfo (RoleInfo.java:updateAndGet(143)) - 6633f50a-7046-4b08-9937-8e25f1b14b15: start FollowerState
2019-10-18 07:23:51,758 [12ad0800-05cb-443c-9fdd-fa1debf04523@group-BCB82A5C07F5-LeaderElection1002] INFO  impl.LeaderElection (LeaderElection.java:askForVotes(178)) - 12ad0800-05cb-443c-9fdd-fa1debf04523@group-BCB82A5C07F5-LeaderElection1002: begin an election at term 34 for -1: [12ad0800-05cb-443c-9fdd-fa1debf04523:192.168.34.25:41155, 5170c5f3-8499-4b42-9321-85fc8a351f79:192.168.34.25:43074, 0b10a9fc-47eb-4a2b-b664-8273d9d17379:192.168.34.25:45248], old=null
2019-10-18 07:23:51,758 [4dea926d-4bc6-487a-9b9b-9fd457d0fae4@group-0C9C3B2D0CC1-LeaderElection1001] INFO  impl.LeaderElection (LeaderElection.java:logAndReturn(56)) - 4dea926d-4bc6-487a-9b9b-9fd457d0fae4@group-0C9C3B2D0CC1-LeaderElection1001: Election REJECTED; received 2 response(s) [4dea926d-4bc6-487a-9b9b-9fd457d0fae4<-6633f50a-7046-4b08-9937-8e25f1b14b15#0:FAIL-t27, 4dea926d-4bc6-487a-9b9b-9fd457d0fae4<-67270882-100a-4e75-928d-618d17e069c8#0:FAIL-t27] and 0 exception(s); 4dea926d-4bc6-487a-9b9b-9fd457d0fae4@group-0C9C3B2D0CC1:t27, leader=null, voted=4dea926d-4bc6-487a-9b9b-9fd457d0fae4, raftlog=4dea926d-4bc6-487a-9b9b-9fd457d0fae4@group-0C9C3B2D0CC1-SegmentedRaftLog:OPENED:c-1,f-1,i0, conf=-1: [6633f50a-7046-4b08-9937-8e25f1b14b15:192.168.34.25:39338, 67270882-100a-4e75-928d-618d17e069c8:192.168.34.25:36648, 4dea926d-4bc6-487a-9b9b-9fd457d0fae4:192.168.34.25:41624], old=null
2019-10-18 07:23:51,759 [4dea926d-4bc6-487a-9b9b-9fd457d0fae4@group-0C9C3B2D0CC1-LeaderElection1001] INFO  impl.RaftServerImpl (RaftServerImpl.java:setRole(184)) - 4dea926d-4bc6-487a-9b9b-9fd457d0fae4@group-0C9C3B2D0CC1: changes role from CANDIDATE to FOLLOWER at term 27 for DISCOVERED_A_NEW_TERM
2019-10-18 07:23:51,759 [4dea926d-4bc6-487a-9b9b-9fd457d0fae4@group-0C9C3B2D0CC1-LeaderElection1001] INFO  impl.RoleInfo (RoleInfo.java:shutdownLeaderElection(134)) - 4dea926d-4bc6-487a-9b9b-9fd457d0fae4: shutdown LeaderElection
2019-10-18 07:23:51,759 [4dea926d-4bc6-487a-9b9b-9fd457d0fae4@group-0C9C3B2D0CC1-LeaderElection1001] INFO  impl.RoleInfo (RoleInfo.java:updateAndGet(143)) - 4dea926d-4bc6-487a-9b9b-9fd457d0fae4: start FollowerState
2019-10-18 07:23:51,759 [grpc-default-executor-4] INFO  impl.RaftServerImpl (RaftServerImpl.java:setRole(184)) - 5170c5f3-8499-4b42-9321-85fc8a351f79@group-BCB82A5C07F5: changes role from  FOLLOWER to FOLLOWER at term 34 for recognizeCandidate:12ad0800-05cb-443c-9fdd-fa1debf04523
2019-10-18 07:23:51,759 [grpc-default-executor-4] INFO  impl.RoleInfo (RoleInfo.java:shutdownFollowerState(121)) - 5170c5f3-8499-4b42-9321-85fc8a351f79: shutdown FollowerState
2019-10-18 07:23:51,759 [grpc-default-executor-4] INFO  impl.RoleInfo (RoleInfo.java:updateAndGet(143)) - 5170c5f3-8499-4b42-9321-85fc8a351f79: start FollowerState
2019-10-18 07:23:51,759 [grpc-default-executor-11] INFO  impl.RaftServerImpl (RaftServerImpl.java:setRole(184)) - 0b10a9fc-47eb-4a2b-b664-8273d9d17379@group-BCB82A5C07F5: changes role from  FOLLOWER to FOLLOWER at term 34 for recognizeCandidate:12ad0800-05cb-443c-9fdd-fa1debf04523
2019-10-18 07:23:51,760 [grpc-default-executor-11] INFO  impl.RoleInfo (RoleInfo.java:shutdownFollowerState(121)) - 0b10a9fc-47eb-4a2b-b664-8273d9d17379: shutdown FollowerState
2019-10-18 07:23:51,759 [Thread-9125] INFO  impl.FollowerState (FollowerState.java:run(117)) - 5170c5f3-8499-4b42-9321-85fc8a351f79@group-BCB82A5C07F5-FollowerState was interrupted: java.lang.InterruptedException: sleep interrupted
2019-10-18 07:23:51,760 [Thread-9124] INFO  impl.FollowerState (FollowerState.java:run(117)) - 0b10a9fc-47eb-4a2b-b664-8273d9d17379@group-BCB82A5C07F5-FollowerState was interrupted: java.lang.InterruptedException: sleep interrupted
2019-10-18 07:23:51,760 [grpc-default-executor-11] INFO  impl.RoleInfo (RoleInfo.java:updateAndGet(143)) - 0b10a9fc-47eb-4a2b-b664-8273d9d17379: start FollowerState
2019-10-18 07:23:51,773 [12ad0800-05cb-443c-9fdd-fa1debf04523@group-BCB82A5C07F5-LeaderElection1002] INFO  impl.LeaderElection (LeaderElection.java:logAndReturn(56)) - 12ad0800-05cb-443c-9fdd-fa1debf04523@group-BCB82A5C07F5-LeaderElection1002: Election REJECTED; received 2 response(s) [12ad0800-05cb-443c-9fdd-fa1debf04523<-5170c5f3-8499-4b42-9321-85fc8a351f79#0:FAIL-t34, 12ad0800-05cb-443c-9fdd-fa1debf04523<-0b10a9fc-47eb-4a2b-b664-8273d9d17379#0:FAIL-t34] and 0 exception(s); 12ad0800-05cb-443c-9fdd-fa1debf04523@group-BCB82A5C07F5:t34, leader=null, voted=12ad0800-05cb-443c-9fdd-fa1debf04523, raftlog=12ad0800-05cb-443c-9fdd-fa1debf04523@group-BCB82A5C07F5-SegmentedRaftLog:OPENED:c-1,f-1,i0, conf=-1: [12ad0800-05cb-443c-9fdd-fa1debf04523:192.168.34.25:41155, 5170c5f3-8499-4b42-9321-85fc8a351f79:192.168.34.25:43074, 0b10a9fc-47eb-4a2b-b664-8273d9d17379:192.168.34.25:45248], old=null
2019-10-18 07:23:51,774 [12ad0800-05cb-443c-9fdd-fa1debf04523@group-BCB82A5C07F5-LeaderElection1002] INFO  impl.RaftServerImpl (RaftServerImpl.java:setRole(184)) - 12ad0800-05cb-443c-9fdd-fa1debf04523@group-BCB82A5C07F5: changes role from CANDIDATE to FOLLOWER at term 34 for DISCOVERED_A_NEW_TERM
2019-10-18 07:23:51,774 [12ad0800-05cb-443c-9fdd-fa1debf04523@group-BCB82A5C07F5-LeaderElection1002] INFO  impl.RoleInfo (RoleInfo.java:shutdownLeaderElection(134)) - 12ad0800-05cb-443c-9fdd-fa1debf04523: shutdown LeaderElection
2019-10-18 07:23:51,774 [12ad0800-05cb-443c-9fdd-fa1debf04523@group-BCB82A5C07F5-LeaderElection1002] INFO  impl.RoleInfo (RoleInfo.java:updateAndGet(143)) - 12ad0800-05cb-443c-9fdd-fa1debf04523: start FollowerState
2019-10-18 07:23:51,844 [Thread-9135] INFO  impl.FollowerState (FollowerState.java:run(108)) - 4dea926d-4bc6-487a-9b9b-9fd457d0fae4@group-0C9C3B2D0CC1-FollowerState: change to CANDIDATE, lastRpcTime:85ms, electionTimeout:85ms
2019-10-18 07:23:51,844 [Thread-9135] INFO  impl.RoleInfo (RoleInfo.java:shutdownFollowerState(121)) - 4dea926d-4bc6-487a-9b9b-9fd457d0fae4: shutdown FollowerState
2019-10-18 07:23:51,845 [Thread-9135] INFO  impl.RaftServerImpl (RaftServerImpl.java:setRole(184)) - 4dea926d-4bc6-487a-9b9b-9fd457d0fae4@group-0C9C3B2D0CC1: changes role from  FOLLOWER to CANDIDATE at term 27 for changeToCandidate
2019-10-18 07:23:51,845 [Thread-9135] INFO  impl.RoleInfo (RoleInfo.java:updateAndGet(143)) - 4dea926d-4bc6-487a-9b9b-9fd457d0fae4: start LeaderElection
2019-10-18 07:23:51,872 [4dea926d-4bc6-487a-9b9b-9fd457d0fae4@group-0C9C3B2D0CC1-LeaderElection1003] INFO  impl.LeaderElection (LeaderElection.java:askForVotes(178)) - 4dea926d-4bc6-487a-9b9b-9fd457d0fae4@group-0C9C3B2D0CC1-LeaderElection1003: begin an election at term 28 for -1: [6633f50a-7046-4b08-9937-8e25f1b14b15:192.168.34.25:39338, 67270882-100a-4e75-928d-618d17e069c8:192.168.34.25:36648, 4dea926d-4bc6-487a-9b9b-9fd457d0fae4:192.168.34.25:41624], old=null
2019-10-18 07:23:51,873 [grpc-default-executor-11] INFO  impl.RaftServerImpl (RaftServerImpl.java:setRole(184)) - 6633f50a-7046-4b08-9937-8e25f1b14b15@group-0C9C3B2D0CC1: changes role from  FOLLOWER to FOLLOWER at term 28 for recognizeCandidate:4dea926d-4bc6-487a-9b9b-9fd457d0fae4
2019-10-18 07:23:51,873 [grpc-default-executor-4] INFO  impl.RaftServerImpl (RaftServerImpl.java:setRole(184)) - 67270882-100a-4e75-928d-618d17e069c8@group-0C9C3B2D0CC1: changes role from  FOLLOWER to FOLLOWER at term 28 for recognizeCandidate:4dea926d-4bc6-487a-9b9b-9fd457d0fae4
2019-10-18 07:23:51,873 [grpc-default-executor-11] INFO  impl.RoleInfo (RoleInfo.java:shutdownFollowerState(121)) - 6633f50a-7046-4b08-9937-8e25f1b14b15: shutdown FollowerState
2019-10-18 07:23:51,873 [grpc-default-executor-4] INFO  impl.RoleInfo (RoleInfo.java:shutdownFollowerState(121)) - 67270882-100a-4e75-928d-618d17e069c8: shutdown FollowerState
2019-10-18 07:23:51,874 [Thread-9132] INFO  impl.FollowerState (FollowerState.java:run(117)) - 6633f50a-7046-4b08-9937-8e25f1b14b15@group-0C9C3B2D0CC1-FollowerState was interrupted: java.lang.InterruptedException: sleep interrupted
2019-10-18 07:23:51,874 [grpc-default-executor-11] INFO  impl.RoleInfo (RoleInfo.java:updateAndGet(143)) - 6633f50a-7046-4b08-9937-8e25f1b14b15: start FollowerState
2019-10-18 07:23:51,874 [Thread-9131] INFO  impl.FollowerState (FollowerState.java:run(117)) - 67270882-100a-4e75-928d-618d17e069c8@group-0C9C3B2D0CC1-FollowerState was interrupted: java.lang.InterruptedException: sleep interrupted
2019-10-18 07:23:51,874 [grpc-default-executor-4] INFO  impl.RoleInfo (RoleInfo.java:updateAndGet(143)) - 67270882-100a-4e75-928d-618d17e069c8: start FollowerState
2019-10-18 07:23:51,896 [Thread-9138] INFO  impl.FollowerState (FollowerState.java:run(108)) - 12ad0800-05cb-443c-9fdd-fa1debf04523@group-BCB82A5C07F5-FollowerState: change to CANDIDATE, lastRpcTime:122ms, electionTimeout:122ms
2019-10-18 07:23:51,896 [Thread-9138] INFO  impl.RoleInfo (RoleInfo.java:shutdownFollowerState(121)) - 12ad0800-05cb-443c-9fdd-fa1debf04523: shutdown FollowerState
2019-10-18 07:23:51,897 [Thread-9138] INFO  impl.RaftServerImpl (RaftServerImpl.java:setRole(184)) - 12ad0800-05cb-443c-9fdd-fa1debf04523@group-BCB82A5C07F5: changes role from  FOLLOWER to CANDIDATE at term 34 for changeToCandidate
2019-10-18 07:23:51,897 [Thread-9138] INFO  impl.RoleInfo (RoleInfo.java:updateAndGet(143)) - 12ad0800-05cb-443c-9fdd-fa1debf04523: start LeaderElection
2019-10-18 07:23:51,899 [4dea926d-4bc6-487a-9b9b-9fd457d0fae4@group-0C9C3B2D0CC1-LeaderElection1003] INFO  impl.LeaderElection (LeaderElection.java:logAndReturn(56)) - 4dea926d-4bc6-487a-9b9b-9fd457d0fae4@group-0C9C3B2D0CC1-LeaderElection1003: Election REJECTED; received 2 response(s) [4dea926d-4bc6-487a-9b9b-9fd457d0fae4<-6633f50a-7046-4b08-9937-8e25f1b14b15#0:FAIL-t28, 4dea926d-4bc6-487a-9b9b-9fd457d0fae4<-67270882-100a-4e75-928d-618d17e069c8#0:FAIL-t28] and 0 exception(s); 4dea926d-4bc6-487a-9b9b-9fd457d0fae4@group-0C9C3B2D0CC1:t28, leader=null, voted=4dea926d-4bc6-487a-9b9b-9fd457d0fae4, raftlog=4dea926d-4bc6-487a-9b9b-9fd457d0fae4@group-0C9C3B2D0CC1-SegmentedRaftLog:OPENED:c-1,f-1,i0, conf=-1: [6633f50a-7046-4b08-9937-8e25f1b14b15:192.168.34.25:39338, 67270882-100a-4e75-928d-618d17e069c8:192.168.34.25:36648, 4dea926d-4bc6-487a-9b9b-9fd457d0fae4:192.168.34.25:41624], old=null
2019-10-18 07:23:51,899 [4dea926d-4bc6-487a-9b9b-9fd457d0fae4@group-0C9C3B2D0CC1-LeaderElection1003] INFO  impl.RaftServerImpl (RaftServerImpl.java:setRole(184)) - 4dea926d-4bc6-487a-9b9b-9fd457d0fae4@group-0C9C3B2D0CC1: changes role from CANDIDATE to FOLLOWER at term 28 for DISCOVERED_A_NEW_TERM
2019-10-18 07:23:51,899 [4dea926d-4bc6-487a-9b9b-9fd457d0fae4@group-0C9C3B2D0CC1-LeaderElection1003] INFO  impl.RoleInfo (RoleInfo.java:shutdownLeaderElection(134)) - 4dea926d-4bc6-487a-9b9b-9fd457d0fae4: shutdown LeaderElection
2019-10-18 07:23:51,899 [4dea926d-4bc6-487a-9b9b-9fd457d0fae4@group-0C9C3B2D0CC1-LeaderElection1003] INFO  impl.RoleInfo (RoleInfo.java:updateAndGet(143)) - 4dea926d-4bc6-487a-9b9b-9fd457d0fae4: start FollowerState
2019-10-18 07:23:51,965 [12ad0800-05cb-443c-9fdd-fa1debf04523@group-BCB82A5C07F5-LeaderElection1004] INFO  impl.LeaderElection (LeaderElection.java:askForVotes(178)) - 12ad0800-05cb-443c-9fdd-fa1debf04523@group-BCB82A5C07F5-LeaderElection1004: begin an election at term 35 for -1: [12ad0800-05cb-443c-9fdd-fa1debf04523:192.168.34.25:41155, 5170c5f3-8499-4b42-9321-85fc8a351f79:192.168.34.25:43074, 0b10a9fc-47eb-4a2b-b664-8273d9d17379:192.168.34.25:45248], old=null
2019-10-18 07:23:51,967 [grpc-default-executor-11] INFO  impl.RaftServerImpl (RaftServerImpl.java:setRole(184)) - 5170c5f3-8499-4b42-9321-85fc8a351f79@group-BCB82A5C07F5: changes role from  FOLLOWER to FOLLOWER at term 35 for recognizeCandidate:12ad0800-05cb-443c-9fdd-fa1debf04523
2019-10-18 07:23:51,967 [grpc-default-executor-4] INFO  impl.RaftServerImpl (RaftServerImpl.java:setRole(184)) - 0b10a9fc-47eb-4a2b-b664-8273d9d17379@group-BCB82A5C07F5: changes role from  FOLLOWER to FOLLOWER at term 35 for recognizeCandidate:12ad0800-05cb-443c-9fdd-fa1debf04523
2019-10-18 07:23:51,967 [grpc-default-executor-4] INFO  impl.RoleInfo (RoleInfo.java:shutdownFollowerState(121)) - 0b10a9fc-47eb-4a2b-b664-8273d9d17379: shutdown FollowerState
2019-10-18 07:23:51,967 [grpc-default-executor-11] INFO  impl.RoleInfo (RoleInfo.java:shutdownFollowerState(121)) - 5170c5f3-8499-4b42-9321-85fc8a351f79: shutdown FollowerState
2019-10-18 07:23:51,967 [grpc-default-executor-11] INFO  impl.RoleInfo (RoleInfo.java:updateAndGet(143)) - 5170c5f3-8499-4b42-9321-85fc8a351f79: start FollowerState
2019-10-18 07:23:51,967 [Thread-9137] INFO  impl.FollowerState (FollowerState.java:run(117)) - 0b10a9fc-47eb-4a2b-b664-8273d9d17379@group-BCB82A5C07F5-FollowerState was interrupted: java.lang.InterruptedException: sleep interrupted
2019-10-18 07:23:51,967 [grpc-default-executor-4] INFO  impl.RoleInfo (RoleInfo.java:updateAndGet(143)) - 0b10a9fc-47eb-4a2b-b664-8273d9d17379: start FollowerState
2019-10-18 07:23:51,967 [Thread-9136] INFO  impl.FollowerState (FollowerState.java:run(117)) - 5170c5f3-8499-4b42-9321-85fc8a351f79@group-BCB82A5C07F5-FollowerState was interrupted: java.lang.InterruptedException: sleep interrupted
2019-10-18 07:23:51,992 [12ad0800-05cb-443c-9fdd-fa1debf04523@group-BCB82A5C07F5-LeaderElection1004] INFO  impl.LeaderElection (LeaderElection.java:logAndReturn(56)) - 12ad0800-05cb-443c-9fdd-fa1debf04523@group-BCB82A5C07F5-LeaderElection1004: Election REJECTED; received 2 response(s) [12ad0800-05cb-443c-9fdd-fa1debf04523<-5170c5f3-8499-4b42-9321-85fc8a351f79#0:FAIL-t35, 12ad0800-05cb-443c-9fdd-fa1debf04523<-0b10a9fc-47eb-4a2b-b664-8273d9d17379#0:FAIL-t35] and 0 exception(s); 12ad0800-05cb-443c-9fdd-fa1debf04523@group-BCB82A5C07F5:t35, leader=null, voted=12ad0800-05cb-443c-9fdd-fa1debf04523, raftlog=12ad0800-05cb-443c-9fdd-fa1debf04523@group-BCB82A5C07F5-SegmentedRaftLog:OPENED:c-1,f-1,i0, conf=-1: [12ad0800-05cb-443c-9fdd-fa1debf04523:192.168.34.25:41155, 5170c5f3-8499-4b42-9321-85fc8a351f79:192.168.34.25:43074, 0b10a9fc-47eb-4a2b-b664-8273d9d17379:192.168.34.25:45248], old=null
2019-10-18 07:23:51,992 [12ad0800-05cb-443c-9fdd-fa1debf04523@group-BCB82A5C07F5-LeaderElection1004] INFO  impl.RaftServerImpl (RaftServerImpl.java:setRole(184)) - 12ad0800-05cb-443c-9fdd-fa1debf04523@group-BCB82A5C07F5: changes role from CANDIDATE to FOLLOWER at term 35 for DISCOVERED_A_NEW_TERM
2019-10-18 07:23:51,992 [12ad0800-05cb-443c-9fdd-fa1debf04523@group-BCB82A5C07F5-LeaderElection1004] INFO  impl.RoleInfo (RoleInfo.java:shutdownLeaderElection(134)) - 12ad0800-05cb-443c-9fdd-fa1debf04523: shutdown LeaderElection
2019-10-18 07:23:51,992 [12ad0800-05cb-443c-9fdd-fa1debf04523@group-BCB82A5C07F5-LeaderElection1004] INFO  impl.RoleInfo (RoleInfo.java:updateAndGet(143)) - 12ad0800-05cb-443c-9fdd-fa1debf04523: start FollowerState
2019-10-18 07:23:52,048 [Thread-9147] INFO  impl.FollowerState (FollowerState.java:run(108)) - 4dea926d-4bc6-487a-9b9b-9fd457d0fae4@group-0C9C3B2D0CC1-FollowerState: change to CANDIDATE, lastRpcTime:149ms, electionTimeout:149ms
2019-10-18 07:23:52,048 [Thread-9147] INFO  impl.RoleInfo (RoleInfo.java:shutdownFollowerState(121)) - 4dea926d-4bc6-487a-9b9b-9fd457d0fae4: shutdown FollowerState
2019-10-18 07:23:52,049 [Thread-9147] INFO  impl.RaftServerImpl (RaftServerImpl.java:setRole(184)) - 4dea926d-4bc6-487a-9b9b-9fd457d0fae4@group-0C9C3B2D0CC1: changes role from  FOLLOWER to CANDIDATE at term 28 for changeToCandidate
2019-10-18 07:23:52,049 [Thread-9147] INFO  impl.RoleInfo (RoleInfo.java:updateAndGet(143)) - 4dea926d-4bc6-487a-9b9b-9fd457d0fae4: start LeaderElection
2019-10-18 07:23:52,075 [4dea926d-4bc6-487a-9b9b-9fd457d0fae4@group-0C9C3B2D0CC1-LeaderElection1005] INFO  impl.LeaderElection (LeaderElection.java:askForVotes(178)) - 4dea926d-4bc6-487a-9b9b-9fd457d0fae4@group-0C9C3B2D0CC1-LeaderElection1005: begin an election at term 29 for -1: [6633f50a-7046-4b08-9937-8e25f1b14b15:192.168.34.25:39338, 67270882-100a-4e75-928d-618d17e069c8:192.168.34.25:36648, 4dea926d-4bc6-487a-9b9b-9fd457d0fae4:192.168.34.25:41624], old=null
2019-10-18 07:23:52,077 [grpc-default-executor-11] INFO  impl.RaftServerImpl (RaftServerImpl.java:setRole(184)) - 6633f50a-7046-4b08-9937-8e25f1b14b15@group-0C9C3B2D0CC1: changes role from  FOLLOWER to FOLLOWER at term 29 for recognizeCandidate:4dea926d-4bc6-487a-9b9b-9fd457d0fae4
2019-10-18 07:23:52,077 [grpc-default-executor-11] INFO  impl.RoleInfo (RoleInfo.java:shutdownFollowerState(121)) - 6633f50a-7046-4b08-9937-8e25f1b14b15: shutdown FollowerState
2019-10-18 07:23:52,077 [grpc-default-executor-4] INFO  impl.RaftServerImpl (RaftServerImpl.java:setRole(184)) - 67270882-100a-4e75-928d-618d17e069c8@group-0C9C3B2D0CC1: changes role from  FOLLOWER to FOLLOWER at term 29 for recognizeCandidate:4dea926d-4bc6-487a-9b9b-9fd457d0fae4
2019-10-18 07:23:52,077 [grpc-default-executor-11] INFO  impl.RoleInfo (RoleInfo.java:updateAndGet(143)) - 6633f50a-7046-4b08-9937-8e25f1b14b15: start FollowerState
2019-10-18 07:23:52,077 [Thread-9144] INFO  impl.FollowerState (FollowerState.java:run(117)) - 6633f50a-7046-4b08-9937-8e25f1b14b15@group-0C9C3B2D0CC1-FollowerState was interrupted: java.lang.InterruptedException: sleep interrupted
2019-10-18 07:23:52,077 [grpc-default-executor-4] INFO  impl.RoleInfo (RoleInfo.java:shutdownFollowerState(121)) - 67270882-100a-4e75-928d-618d17e069c8: shutdown FollowerState
2019-10-18 07:23:52,078 [grpc-default-executor-4] INFO  impl.RoleInfo (RoleInfo.java:updateAndGet(143)) - 67270882-100a-4e75-928d-618d17e069c8: start FollowerState
2019-10-18 07:23:52,078 [Thread-9145] INFO  impl.FollowerState (FollowerState.java:run(117)) - 67270882-100a-4e75-928d-618d17e069c8@group-0C9C3B2D0CC1-FollowerState was interrupted: java.lang.InterruptedException: sleep interrupted
2019-10-18 07:23:52,079 [4dea926d-4bc6-487a-9b9b-9fd457d0fae4@group-0C9C3B2D0CC1-LeaderElection1005] INFO  impl.LeaderElection (LeaderElection.java:logAndReturn(56)) - 4dea926d-4bc6-487a-9b9b-9fd457d0fae4@group-0C9C3B2D0CC1-LeaderElection1005: Election TIMEOUT; received 0 response(s) [] and 0 exception(s); 4dea926d-4bc6-487a-9b9b-9fd457d0fae4@group-0C9C3B2D0CC1:t29, leader=null, voted=4dea926d-4bc6-487a-9b9b-9fd457d0fae4, raftlog=4dea926d-4bc6-487a-9b9b-9fd457d0fae4@group-0C9C3B2D0CC1-SegmentedRaftLog:OPENED:c-1,f-1,i0, conf=-1: [6633f50a-7046-4b08-9937-8e25f1b14b15:192.168.34.25:39338, 67270882-100a-4e75-928d-618d17e069c8:192.168.34.25:36648, 4dea926d-4bc6-487a-9b9b-9fd457d0fae4:192.168.34.25:41624], old=null
2019-10-18 07:23:52,099 [Thread-9152] INFO  impl.FollowerState (FollowerState.java:run(108)) - 12ad0800-05cb-443c-9fdd-fa1debf04523@group-BCB82A5C07F5-FollowerState: change to CANDIDATE, lastRpcTime:106ms, electionTimeout:106ms
2019-10-18 07:23:52,099 [Thread-9152] INFO  impl.RoleInfo (RoleInfo.java:shutdownFollowerState(121)) - 12ad0800-05cb-443c-9fdd-fa1debf04523: shutdown FollowerState
2019-10-18 07:23:52,099 [Thread-9152] INFO  impl.RaftServerImpl (RaftServerImpl.java:setRole(184)) - 12ad0800-05cb-443c-9fdd-fa1debf04523@group-BCB82A5C07F5: changes role from  FOLLOWER to CANDIDATE at term 35 for changeToCandidate
2019-10-18 07:23:52,099 [Thread-9152] INFO  impl.RoleInfo (RoleInfo.java:updateAndGet(143)) - 12ad0800-05cb-443c-9fdd-fa1debf04523: start LeaderElection
2019-10-18 07:23:52,109 [4dea926d-4bc6-487a-9b9b-9fd457d0fae4@group-0C9C3B2D0CC1-LeaderElection1005] INFO  impl.LeaderElection (LeaderElection.java:askForVotes(178)) - 4dea926d-4bc6-487a-9b9b-9fd457d0fae4@group-0C9C3B2D0CC1-LeaderElection1005: begin an election at term 30 for -1: [6633f50a-7046-4b08-9937-8e25f1b14b15:192.168.34.25:39338, 67270882-100a-4e75-928d-618d17e069c8:192.168.34.25:36648, 4dea926d-4bc6-487a-9b9b-9fd457d0fae4:192.168.34.25:41624], old=null
2019-10-18 07:23:52,110 [grpc-default-executor-4] INFO  impl.RaftServerImpl (RaftServerImpl.java:setRole(184)) - 6633f50a-7046-4b08-9937-8e25f1b14b15@group-0C9C3B2D0CC1: changes role from  FOLLOWER to FOLLOWER at term 30 for recognizeCandidate:4dea926d-4bc6-487a-9b9b-9fd457d0fae4
2019-10-18 07:23:52,110 [grpc-default-executor-4] INFO  impl.RoleInfo (RoleInfo.java:shutdownFollowerState(121)) - 6633f50a-7046-4b08-9937-8e25f1b14b15: shutdown FollowerState
2019-10-18 07:23:52,110 [grpc-default-executor-11] INFO  impl.RaftServerImpl (RaftServerImpl.java:setRole(184)) - 67270882-100a-4e75-928d-618d17e069c8@group-0C9C3B2D0CC1: changes role from  FOLLOWER to FOLLOWER at term 30 for recognizeCandidate:4dea926d-4bc6-487a-9b9b-9fd457d0fae4
2019-10-18 07:23:52,111 [grpc-default-executor-11] INFO  impl.RoleInfo (RoleInfo.java:shutdownFollowerState(121)) - 67270882-100a-4e75-928d-618d17e069c8: shutdown FollowerState
2019-10-18 07:23:52,111 [Thread-9156] INFO  impl.FollowerState (FollowerState.java:run(117)) - 6633f50a-7046-4b08-9937-8e25f1b14b15@group-0C9C3B2D0CC1-FollowerState was interrupted: java.lang.InterruptedException: sleep interrupted
2019-10-18 07:23:52,110 [grpc-default-executor-4] INFO  impl.RoleInfo (RoleInfo.java:updateAndGet(143)) - 6633f50a-7046-4b08-9937-8e25f1b14b15: start FollowerState
2019-10-18 07:23:52,111 [grpc-default-executor-11] INFO  impl.RoleInfo (RoleInfo.java:updateAndGet(143)) - 67270882-100a-4e75-928d-618d17e069c8: start FollowerState
2019-10-18 07:23:52,111 [Thread-9157] INFO  impl.FollowerState (FollowerState.java:run(117)) - 67270882-100a-4e75-928d-618d17e069c8@group-0C9C3B2D0CC1-FollowerState was interrupted: java.lang.InterruptedException: sleep interrupted
2019-10-18 07:23:52,143 [12ad0800-05cb-443c-9fdd-fa1debf04523@group-BCB82A5C07F5-LeaderElection1006] INFO  impl.LeaderElection (LeaderElection.java:askForVotes(178)) - 12ad0800-05cb-443c-9fdd-fa1debf04523@group-BCB82A5C07F5-LeaderElection1006: begin an election at term 36 for -1: [12ad0800-05cb-443c-9fdd-fa1debf04523:192.168.34.25:41155, 5170c5f3-8499-4b42-9321-85fc8a351f79:192.168.34.25:43074, 0b10a9fc-47eb-4a2b-b664-8273d9d17379:192.168.34.25:45248], old=null
2019-10-18 07:23:52,144 [grpc-default-executor-17] INFO  impl.RaftServerImpl (RaftServerImpl.java:setRole(184)) - 5170c5f3-8499-4b42-9321-85fc8a351f79@group-BCB82A5C07F5: changes role from  FOLLOWER to FOLLOWER at term 36 for recognizeCandidate:12ad0800-05cb-443c-9fdd-fa1debf04523
2019-10-18 07:23:52,144 [grpc-default-executor-17] INFO  impl.RoleInfo (RoleInfo.java:shutdownFollowerState(121)) - 5170c5f3-8499-4b42-9321-85fc8a351f79: shutdown FollowerState
2019-10-18 07:23:52,144 [grpc-default-executor-17] INFO  impl.RoleInfo (RoleInfo.java:updateAndGet(143)) - 5170c5f3-8499-4b42-9321-85fc8a351f79: start FollowerState
2019-10-18 07:23:52,145 [grpc-default-executor-14] INFO  impl.RaftServerImpl (RaftServerImpl.java:setRole(184)) - 0b10a9fc-47eb-4a2b-b664-8273d9d17379@group-BCB82A5C07F5: changes role from  FOLLOWER to FOLLOWER at term 36 for recognizeCandidate:12ad0800-05cb-443c-9fdd-fa1debf04523
2019-10-18 07:23:52,145 [grpc-default-executor-14] INFO  impl.RoleInfo (RoleInfo.java:shutdownFollowerState(121)) - 0b10a9fc-47eb-4a2b-b664-8273d9d17379: shutdown FollowerState
2019-10-18 07:23:52,145 [Thread-9151] INFO  impl.FollowerState (FollowerState.java:run(117)) - 5170c5f3-8499-4b42-9321-85fc8a351f79@group-BCB82A5C07F5-FollowerState was interrupted: java.lang.InterruptedException: sleep interrupted
2019-10-18 07:23:52,145 [grpc-default-executor-14] INFO  impl.RoleInfo (RoleInfo.java:updateAndGet(143)) - 0b10a9fc-47eb-4a2b-b664-8273d9d17379: start FollowerState
2019-10-18 07:23:52,145 [Thread-9150] INFO  impl.FollowerState (FollowerState.java:run(117)) - 0b10a9fc-47eb-4a2b-b664-8273d9d17379@group-BCB82A5C07F5-FollowerState was interrupted: java.lang.InterruptedException: sleep interrupted
2019-10-18 07:23:52,160 [4dea926d-4bc6-487a-9b9b-9fd457d0fae4@group-0C9C3B2D0CC1-LeaderElection1005] INFO  impl.LeaderElection (LeaderElection.java:logAndReturn(56)) - 4dea926d-4bc6-487a-9b9b-9fd457d0fae4@group-0C9C3B2D0CC1-LeaderElection1005: Election REJECTED; received 2 response(s) [4dea926d-4bc6-487a-9b9b-9fd457d0fae4<-6633f50a-7046-4b08-9937-8e25f1b14b15#0:FAIL-t30, 4dea926d-4bc6-487a-9b9b-9fd457d0fae4<-67270882-100a-4e75-928d-618d17e069c8#0:FAIL-t30] and 0 exception(s); 4dea926d-4bc6-487a-9b9b-9fd457d0fae4@group-0C9C3B2D0CC1:t30, leader=null, voted=4dea926d-4bc6-487a-9b9b-9fd457d0fae4, raftlog=4dea926d-4bc6-487a-9b9b-9fd457d0fae4@group-0C9C3B2D0CC1-SegmentedRaftLog:OPENED:c-1,f-1,i0, conf=-1: [6633f50a-7046-4b08-9937-8e25f1b14b15:192.168.34.25:39338, 67270882-100a-4e75-928d-618d17e069c8:192.168.34.25:36648, 4dea926d-4bc6-487a-9b9b-9fd457d0fae4:192.168.34.25:41624], old=null
2019-10-18 07:23:52,161 [4dea926d-4bc6-487a-9b9b-9fd457d0fae4@group-0C9C3B2D0CC1-LeaderElection1005] INFO  impl.RaftServerImpl (RaftServerImpl.java:setRole(184)) - 4dea926d-4bc6-487a-9b9b-9fd457d0fae4@group-0C9C3B2D0CC1: changes role from CANDIDATE to FOLLOWER at term 30 for DISCOVERED_A_NEW_TERM
2019-10-18 07:23:52,161 [4dea926d-4bc6-487a-9b9b-9fd457d0fae4@group-0C9C3B2D0CC1-LeaderElection1005] INFO  impl.RoleInfo (RoleInfo.java:shutdownLeaderElection(134)) - 4dea926d-4bc6-487a-9b9b-9fd457d0fae4: shutdown LeaderElection
2019-10-18 07:23:52,161 [4dea926d-4bc6-487a-9b9b-9fd457d0fae4@group-0C9C3B2D0CC1-LeaderElection1005] INFO  impl.RoleInfo (RoleInfo.java:updateAndGet(143)) - 4dea926d-4bc6-487a-9b9b-9fd457d0fae4: start FollowerState
2019-10-18 07:23:52,178 [12ad0800-05cb-443c-9fdd-fa1debf04523@group-BCB82A5C07F5-LeaderElection1006] INFO  impl.LeaderElection (LeaderElection.java:logAndReturn(56)) - 12ad0800-05cb-443c-9fdd-fa1debf04523@group-BCB82A5C07F5-LeaderElection1006: Election REJECTED; received 2 response(s) [12ad0800-05cb-443c-9fdd-fa1debf04523<-5170c5f3-8499-4b42-9321-85fc8a351f79#0:FAIL-t36, 12ad0800-05cb-443c-9fdd-fa1debf04523<-0b10a9fc-47eb-4a2b-b664-8273d9d17379#0:FAIL-t36] and 0 exception(s); 12ad0800-05cb-443c-9fdd-fa1debf04523@group-BCB82A5C07F5:t36, leader=null, voted=12ad0800-05cb-443c-9fdd-fa1debf04523, raftlog=12ad0800-05cb-443c-9fdd-fa1debf04523@group-BCB82A5C07F5-SegmentedRaftLog:OPENED:c-1,f-1,i0, conf=-1: [12ad0800-05cb-443c-9fdd-fa1debf04523:192.168.34.25:41155, 5170c5f3-8499-4b42-9321-85fc8a351f79:192.168.34.25:43074, 0b10a9fc-47eb-4a2b-b664-8273d9d17379:192.168.34.25:45248], old=null
2019-10-18 07:23:52,178 [12ad0800-05cb-443c-9fdd-fa1debf04523@group-BCB82A5C07F5-LeaderElection1006] INFO  impl.RaftServerImpl (RaftServerImpl.java:setRole(184)) - 12ad0800-05cb-443c-9fdd-fa1debf04523@group-BCB82A5C07F5: changes role from CANDIDATE to FOLLOWER at term 36 for DISCOVERED_A_NEW_TERM
2019-10-18 07:23:52,178 [12ad0800-05cb-443c-9fdd-fa1debf04523@group-BCB82A5C07F5-LeaderElection1006] INFO  impl.RoleInfo (RoleInfo.java:shutdownLeaderElection(134)) - 12ad0800-05cb-443c-9fdd-fa1debf04523: shutdown LeaderElection
2019-10-18 07:23:52,178 [12ad0800-05cb-443c-9fdd-fa1debf04523@group-BCB82A5C07F5-LeaderElection1006] INFO  impl.RoleInfo (RoleInfo.java:updateAndGet(143)) - 12ad0800-05cb-443c-9fdd-fa1debf04523: start FollowerState
2019-10-18 07:23:52,242 [Thread-9167] INFO  impl.FollowerState (FollowerState.java:run(108)) - 4dea926d-4bc6-487a-9b9b-9fd457d0fae4@group-0C9C3B2D0CC1-FollowerState: change to CANDIDATE, lastRpcTime:81ms, electionTimeout:81ms
2019-10-18 07:23:52,242 [Thread-9167] INFO  impl.RoleInfo (RoleInfo.java:shutdownFollowerState(121)) - 4dea926d-4bc6-487a-9b9b-9fd457d0fae4: shutdown FollowerState
2019-10-18 07:23:52,243 [Thread-9167] INFO  impl.RaftServerImpl (RaftServerImpl.java:setRole(184)) - 4dea926d-4bc6-487a-9b9b-9fd457d0fae4@group-0C9C3B2D0CC1: changes role from  FOLLOWER to CANDIDATE at term 30 for changeToCandidate
2019-10-18 07:23:52,243 [Thread-9167] INFO  impl.RoleInfo (RoleInfo.java:updateAndGet(143)) - 4dea926d-4bc6-487a-9b9b-9fd457d0fae4: start LeaderElection
2019-10-18 07:23:52,278 [4dea926d-4bc6-487a-9b9b-9fd457d0fae4@group-0C9C3B2D0CC1-LeaderElection1007] INFO  impl.LeaderElection (LeaderElection.java:askForVotes(178)) - 4dea926d-4bc6-487a-9b9b-9fd457d0fae4@group-0C9C3B2D0CC1-LeaderElection1007: begin an election at term 31 for -1: [6633f50a-7046-4b08-9937-8e25f1b14b15:192.168.34.25:39338, 67270882-100a-4e75-928d-618d17e069c8:192.168.34.25:36648, 4dea926d-4bc6-487a-9b9b-9fd457d0fae4:192.168.34.25:41624], old=null
2019-10-18 07:23:52,280 [grpc-default-executor-14] INFO  impl.RaftServerImpl (RaftServerImpl.java:setRole(184)) - 6633f50a-7046-4b08-9937-8e25f1b14b15@group-0C9C3B2D0CC1: changes role from  FOLLOWER to FOLLOWER at term 31 for recognizeCandidate:4dea926d-4bc6-487a-9b9b-9fd457d0fae4
2019-10-18 07:23:52,280 [grpc-default-executor-14] INFO  impl.RoleInfo (RoleInfo.java:shutdownFollowerState(121)) - 6633f50a-7046-4b08-9937-8e25f1b14b15: shutdown FollowerState
2019-10-18 07:23:52,280 [grpc-default-executor-14] INFO  impl.RoleInfo (RoleInfo.java:updateAndGet(143)) - 6633f50a-7046-4b08-9937-8e25f1b14b15: start FollowerState
2019-10-18 07:23:52,280 [Thread-9161] INFO  impl.FollowerState (FollowerState.java:run(117)) - 6633f50a-7046-4b08-9937-8e25f1b14b15@group-0C9C3B2D0CC1-FollowerState was interrupted: java.lang.InterruptedException: sleep interrupted
2019-10-18 07:23:52,280 [grpc-default-executor-17] INFO  impl.RaftServerImpl (RaftServerImpl.java:setRole(184)) - 67270882-100a-4e75-928d-618d17e069c8@group-0C9C3B2D0CC1: changes role from  FOLLOWER to FOLLOWER at term 31 for recognizeCandidate:4dea926d-4bc6-487a-9b9b-9fd457d0fae4
2019-10-18 07:23:52,281 [grpc-default-executor-17] INFO  impl.RoleInfo (RoleInfo.java:shutdownFollowerState(121)) - 67270882-100a-4e75-928d-618d17e069c8: shutdown FollowerState
2019-10-18 07:23:52,281 [grpc-default-executor-17] INFO  impl.RoleInfo (RoleInfo.java:updateAndGet(143)) - 67270882-100a-4e75-928d-618d17e069c8: start FollowerState
2019-10-18 07:23:52,281 [Thread-9162] INFO  impl.FollowerState (FollowerState.java:run(117)) - 67270882-100a-4e75-928d-618d17e069c8@group-0C9C3B2D0CC1-FollowerState was interrupted: java.lang.InterruptedException: sleep interrupted
2019-10-18 07:23:52,304 [4dea926d-4bc6-487a-9b9b-9fd457d0fae4@group-0C9C3B2D0CC1-LeaderElection1007] INFO  impl.LeaderElection (LeaderElection.java:logAndReturn(56)) - 4dea926d-4bc6-487a-9b9b-9fd457d0fae4@group-0C9C3B2D0CC1-LeaderElection1007: Election REJECTED; received 2 response(s) [4dea926d-4bc6-487a-9b9b-9fd457d0fae4<-6633f50a-7046-4b08-9937-8e25f1b14b15#0:FAIL-t31, 4dea926d-4bc6-487a-9b9b-9fd457d0fae4<-67270882-100a-4e75-928d-618d17e069c8#0:FAIL-t31] and 0 exception(s); 4dea926d-4bc6-487a-9b9b-9fd457d0fae4@group-0C9C3B2D0CC1:t31, leader=null, voted=4dea926d-4bc6-487a-9b9b-9fd457d0fae4, raftlog=4dea926d-4bc6-487a-9b9b-9fd457d0fae4@group-0C9C3B2D0CC1-SegmentedRaftLog:OPENED:c-1,f-1,i0, conf=-1: [6633f50a-7046-4b08-9937-8e25f1b14b15:192.168.34.25:39338, 67270882-100a-4e75-928d-618d17e069c8:192.168.34.25:36648, 4dea926d-4bc6-487a-9b9b-9fd457d0fae4:192.168.34.25:41624], old=null
2019-10-18 07:23:52,304 [4dea926d-4bc6-487a-9b9b-9fd457d0fae4@group-0C9C3B2D0CC1-LeaderElection1007] INFO  impl.RaftServerImpl (RaftServerImpl.java:setRole(184)) - 4dea926d-4bc6-487a-9b9b-9fd457d0fae4@group-0C9C3B2D0CC1: changes role from CANDIDATE to FOLLOWER at term 31 for DISCOVERED_A_NEW_TERM
2019-10-18 07:23:52,304 [4dea926d-4bc6-487a-9b9b-9fd457d0fae4@group-0C9C3B2D0CC1-LeaderElection1007] INFO  impl.RoleInfo (RoleInfo.java:shutdownLeaderElection(134)) - 4dea926d-4bc6-487a-9b9b-9fd457d0fae4: shutdown LeaderElection
2019-10-18 07:23:52,305 [4dea926d-4bc6-487a-9b9b-9fd457d0fae4@group-0C9C3B2D0CC1-LeaderElection1007] INFO  impl.RoleInfo (RoleInfo.java:updateAndGet(143)) - 4dea926d-4bc6-487a-9b9b-9fd457d0fae4: start FollowerState
2019-10-18 07:23:52,326 [Thread-9168] INFO  impl.FollowerState (FollowerState.java:run(108)) - 12ad0800-05cb-443c-9fdd-fa1debf04523@group-BCB82A5C07F5-FollowerState: change to CANDIDATE, lastRpcTime:148ms, electionTimeout:147ms
2019-10-18 07:23:52,326 [Thread-9168] INFO  impl.RoleInfo (RoleInfo.java:shutdownFollowerState(121)) - 12ad0800-05cb-443c-9fdd-fa1debf04523: shutdown FollowerState
2019-10-18 07:23:52,326 [Thread-9168] INFO  impl.RaftServerImpl (RaftServerImpl.java:setRole(184)) - 12ad0800-05cb-443c-9fdd-fa1debf04523@group-BCB82A5C07F5: changes role from  FOLLOWER to CANDIDATE at term 36 for changeToCandidate
2019-10-18 07:23:52,326 [Thread-9168] INFO  impl.RoleInfo (RoleInfo.java:updateAndGet(143)) - 12ad0800-05cb-443c-9fdd-fa1debf04523: start LeaderElection
2019-10-18 07:23:52,379 [12ad0800-05cb-443c-9fdd-fa1debf04523@group-BCB82A5C07F5-LeaderElection1008] INFO  impl.LeaderElection (LeaderElection.java:askForVotes(178)) - 12ad0800-05cb-443c-9fdd-fa1debf04523@group-BCB82A5C07F5-LeaderElection1008: begin an election at term 37 for -1: [12ad0800-05cb-443c-9fdd-fa1debf04523:192.168.34.25:41155, 5170c5f3-8499-4b42-9321-85fc8a351f79:192.168.34.25:43074, 0b10a9fc-47eb-4a2b-b664-8273d9d17379:192.168.34.25:45248], old=null
2019-10-18 07:23:52,381 [grpc-default-executor-4] INFO  impl.RaftServerImpl (RaftServerImpl.java:setRole(184)) - 5170c5f3-8499-4b42-9321-85fc8a351f79@group-BCB82A5C07F5: changes role from  FOLLOWER to FOLLOWER at term 37 for recognizeCandidate:12ad0800-05cb-443c-9fdd-fa1debf04523
2019-10-18 07:23:52,381 [grpc-default-executor-4] INFO  impl.RoleInfo (RoleInfo.java:shutdownFollowerState(121)) - 5170c5f3-8499-4b42-9321-85fc8a351f79: shutdown FollowerState
2019-10-18 07:23:52,381 [grpc-default-executor-14] INFO  impl.RaftServerImpl (RaftServerImpl.java:setRole(184)) - 0b10a9fc-47eb-4a2b-b664-8273d9d17379@group-BCB82A5C07F5: changes role from  FOLLOWER to FOLLOWER at term 37 for recognizeCandidate:12ad0800-05cb-443c-9fdd-fa1debf04523
2019-10-18 07:23:52,381 [grpc-default-executor-14] INFO  impl.RoleInfo (RoleInfo.java:shutdownFollowerState(121)) - 0b10a9fc-47eb-4a2b-b664-8273d9d17379: shutdown FollowerState
2019-10-18 07:23:52,381 [Thread-9165] INFO  impl.FollowerState (FollowerState.java:run(117)) - 5170c5f3-8499-4b42-9321-85fc8a351f79@group-BCB82A5C07F5-FollowerState was interrupted: java.lang.InterruptedException: sleep interrupted
2019-10-18 07:23:52,381 [grpc-default-executor-4] INFO  impl.RoleInfo (RoleInfo.java:updateAndGet(143)) - 5170c5f3-8499-4b42-9321-85fc8a351f79: start FollowerState
2019-10-18 07:23:52,381 [Thread-9166] INFO  impl.FollowerState (FollowerState.java:run(117)) - 0b10a9fc-47eb-4a2b-b664-8273d9d17379@group-BCB82A5C07F5-FollowerState was interrupted: java.lang.InterruptedException: sleep interrupted
2019-10-18 07:23:52,381 [grpc-default-executor-14] INFO  impl.RoleInfo (RoleInfo.java:updateAndGet(143)) - 0b10a9fc-47eb-4a2b-b664-8273d9d17379: start FollowerState
2019-10-18 07:23:52,405 [12ad0800-05cb-443c-9fdd-fa1debf04523@group-BCB82A5C07F5-LeaderElection1008] INFO  impl.LeaderElection (LeaderElection.java:logAndReturn(56)) - 12ad0800-05cb-443c-9fdd-fa1debf04523@group-BCB82A5C07F5-LeaderElection1008: Election REJECTED; received 2 response(s) [12ad0800-05cb-443c-9fdd-fa1debf04523<-5170c5f3-8499-4b42-9321-85fc8a351f79#0:FAIL-t37, 12ad0800-05cb-443c-9fdd-fa1debf04523<-0b10a9fc-47eb-4a2b-b664-8273d9d17379#0:FAIL-t37] and 0 exception(s); 12ad0800-05cb-443c-9fdd-fa1debf04523@group-BCB82A5C07F5:t37, leader=null, voted=12ad0800-05cb-443c-9fdd-fa1debf04523, raftlog=12ad0800-05cb-443c-9fdd-fa1debf04523@group-BCB82A5C07F5-SegmentedRaftLog:OPENED:c-1,f-1,i0, conf=-1: [12ad0800-05cb-443c-9fdd-fa1debf04523:192.168.34.25:41155, 5170c5f3-8499-4b42-9321-85fc8a351f79:192.168.34.25:43074, 0b10a9fc-47eb-4a2b-b664-8273d9d17379:192.168.34.25:45248], old=null
2019-10-18 07:23:52,406 [12ad0800-05cb-443c-9fdd-fa1debf04523@group-BCB82A5C07F5-LeaderElection1008] INFO  impl.RaftServerImpl (RaftServerImpl.java:setRole(184)) - 12ad0800-05cb-443c-9fdd-fa1debf04523@group-BCB82A5C07F5: changes role from CANDIDATE to FOLLOWER at term 37 for DISCOVERED_A_NEW_TERM
2019-10-18 07:23:52,406 [12ad0800-05cb-443c-9fdd-fa1debf04523@group-BCB82A5C07F5-LeaderElection1008] INFO  impl.RoleInfo (RoleInfo.java:shutdownLeaderElection(134)) - 12ad0800-05cb-443c-9fdd-fa1debf04523: shutdown LeaderElection
2019-10-18 07:23:52,406 [12ad0800-05cb-443c-9fdd-fa1debf04523@group-BCB82A5C07F5-LeaderElection1008] INFO  impl.RoleInfo (RoleInfo.java:updateAndGet(143)) - 12ad0800-05cb-443c-9fdd-fa1debf04523: start FollowerState
2019-10-18 07:23:52,446 [Thread-9174] INFO  impl.FollowerState (FollowerState.java:run(108)) - 4dea926d-4bc6-487a-9b9b-9fd457d0fae4@group-0C9C3B2D0CC1-FollowerState: change to CANDIDATE, lastRpcTime:141ms, electionTimeout:141ms
2019-10-18 07:23:52,446 [Thread-9174] INFO  impl.RoleInfo (RoleInfo.java:shutdownFollowerState(121)) - 4dea926d-4bc6-487a-9b9b-9fd457d0fae4: shutdown FollowerState
2019-10-18 07:23:52,446 [Thread-9174] INFO  impl.RaftServerImpl (RaftServerImpl.java:setRole(184)) - 4dea926d-4bc6-487a-9b9b-9fd457d0fae4@group-0C9C3B2D0CC1: changes role from  FOLLOWER to CANDIDATE at term 31 for changeToCandidate
2019-10-18 07:23:52,446 [Thread-9174] INFO  impl.RoleInfo (RoleInfo.java:updateAndGet(143)) - 4dea926d-4bc6-487a-9b9b-9fd457d0fae4: start LeaderElection
2019-10-18 07:23:52,472 [4dea926d-4bc6-487a-9b9b-9fd457d0fae4@group-0C9C3B2D0CC1-LeaderElection1009] INFO  impl.LeaderElection (LeaderElection.java:askForVotes(178)) - 4dea926d-4bc6-487a-9b9b-9fd457d0fae4@group-0C9C3B2D0CC1-LeaderElection1009: begin an election at term 32 for -1: [6633f50a-7046-4b08-9937-8e25f1b14b15:192.168.34.25:39338, 67270882-100a-4e75-928d-618d17e069c8:192.168.34.25:36648, 4dea926d-4bc6-487a-9b9b-9fd457d0fae4:192.168.34.25:41624], old=null
2019-10-18 07:23:52,473 [grpc-default-executor-4] INFO  impl.RaftServerImpl (RaftServerImpl.java:setRole(184)) - 6633f50a-7046-4b08-9937-8e25f1b14b15@group-0C9C3B2D0CC1: changes role from  FOLLOWER to FOLLOWER at term 32 for recognizeCandidate:4dea926d-4bc6-487a-9b9b-9fd457d0fae4
2019-10-18 07:23:52,473 [grpc-default-executor-4] INFO  impl.RoleInfo (RoleInfo.java:shutdownFollowerState(121)) - 6633f50a-7046-4b08-9937-8e25f1b14b15: shutdown FollowerState
2019-10-18 07:23:52,473 [grpc-default-executor-14] INFO  impl.RaftServerImpl (RaftServerImpl.java:setRole(184)) - 67270882-100a-4e75-928d-618d17e069c8@group-0C9C3B2D0CC1: changes role from  FOLLOWER to FOLLOWER at term 32 for recognizeCandidate:4dea926d-4bc6-487a-9b9b-9fd457d0fae4
2019-10-18 07:23:52,474 [grpc-default-executor-14] INFO  impl.RoleInfo (RoleInfo.java:shutdownFollowerState(121)) - 67270882-100a-4e75-928d-618d17e069c8: shutdown FollowerState
2019-10-18 07:23:52,473 [Thread-9172] INFO  impl.FollowerState (FollowerState.java:run(117)) - 6633f50a-7046-4b08-9937-8e25f1b14b15@group-0C9C3B2D0CC1-FollowerState was interrupted: java.lang.InterruptedException: sleep interrupted
2019-10-18 07:23:52,473 [grpc-default-executor-4] INFO  impl.RoleInfo (RoleInfo.java:updateAndGet(143)) - 6633f50a-7046-4b08-9937-8e25f1b14b15: start FollowerState
2019-10-18 07:23:52,474 [Thread-9173] INFO  impl.FollowerState (FollowerState.java:run(117)) - 67270882-100a-4e75-928d-618d17e069c8@group-0C9C3B2D0CC1-FollowerState was interrupted: java.lang.InterruptedException: sleep interrupted
2019-10-18 07:23:52,474 [grpc-default-executor-14] INFO  impl.RoleInfo (RoleInfo.java:updateAndGet(143)) - 67270882-100a-4e75-928d-618d17e069c8: start FollowerState
2019-10-18 07:23:52,498 [4dea926d-4bc6-487a-9b9b-9fd457d0fae4@group-0C9C3B2D0CC1-LeaderElection1009] INFO  impl.LeaderElection (LeaderElection.java:logAndReturn(56)) - 4dea926d-4bc6-487a-9b9b-9fd457d0fae4@group-0C9C3B2D0CC1-LeaderElection1009: Election REJECTED; received 2 response(s) [4dea926d-4bc6-487a-9b9b-9fd457d0fae4<-6633f50a-7046-4b08-9937-8e25f1b14b15#0:FAIL-t32, 4dea926d-4bc6-487a-9b9b-9fd457d0fae4<-67270882-100a-4e75-928d-618d17e069c8#0:FAIL-t32] and 0 exception(s); 4dea926d-4bc6-487a-9b9b-9fd457d0fae4@group-0C9C3B2D0CC1:t32, leader=null, voted=4dea926d-4bc6-487a-9b9b-9fd457d0fae4, raftlog=4dea926d-4bc6-487a-9b9b-9fd457d0fae4@group-0C9C3B2D0CC1-SegmentedRaftLog:OPENED:c-1,f-1,i0, conf=-1: [6633f50a-7046-4b08-9937-8e25f1b14b15:192.168.34.25:39338, 67270882-100a-4e75-928d-618d17e069c8:192.168.34.25:36648, 4dea926d-4bc6-487a-9b9b-9fd457d0fae4:192.168.34.25:41624], old=null
2019-10-18 07:23:52,498 [4dea926d-4bc6-487a-9b9b-9fd457d0fae4@group-0C9C3B2D0CC1-LeaderElection1009] INFO  impl.RaftServerImpl (RaftServerImpl.java:setRole(184)) - 4dea926d-4bc6-487a-9b9b-9fd457d0fae4@group-0C9C3B2D0CC1: changes role from CANDIDATE to FOLLOWER at term 32 for DISCOVERED_A_NEW_TERM
2019-10-18 07:23:52,498 [4dea926d-4bc6-487a-9b9b-9fd457d0fae4@group-0C9C3B2D0CC1-LeaderElection1009] INFO  impl.RoleInfo (RoleInfo.java:shutdownLeaderElection(134)) - 4dea926d-4bc6-487a-9b9b-9fd457d0fae4: shutdown LeaderElection
2019-10-18 07:23:52,498 [4dea926d-4bc6-487a-9b9b-9fd457d0fae4@group-0C9C3B2D0CC1-LeaderElection1009] INFO  impl.RoleInfo (RoleInfo.java:updateAndGet(143)) - 4dea926d-4bc6-487a-9b9b-9fd457d0fae4: start FollowerState
2019-10-18 07:23:52,588 [Thread-9184] INFO  impl.FollowerState (FollowerState.java:run(108)) - 12ad0800-05cb-443c-9fdd-fa1debf04523@group-BCB82A5C07F5-FollowerState: change to CANDIDATE, lastRpcTime:182ms, electionTimeout:182ms
2019-10-18 07:23:52,588 [Thread-9184] INFO  impl.RoleInfo (RoleInfo.java:shutdownFollowerState(121)) - 12ad0800-05cb-443c-9fdd-fa1debf04523: shutdown FollowerState
2019-10-18 07:23:52,588 [Thread-9184] INFO  impl.RaftServerImpl (RaftServerImpl.java:setRole(184)) - 12ad0800-05cb-443c-9fdd-fa1debf04523@group-BCB82A5C07F5: changes role from  FOLLOWER to CANDIDATE at term 37 for changeToCandidate
2019-10-18 07:23:52,589 [Thread-9184] INFO  impl.RoleInfo (RoleInfo.java:updateAndGet(143)) - 12ad0800-05cb-443c-9fdd-fa1debf04523: start LeaderElection
2019-10-18 07:23:52,615 [12ad0800-05cb-443c-9fdd-fa1debf04523@group-BCB82A5C07F5-LeaderElection1010] INFO  impl.LeaderElection (LeaderElection.java:askForVotes(178)) - 12ad0800-05cb-443c-9fdd-fa1debf04523@group-BCB82A5C07F5-LeaderElection1010: begin an election at term 38 for -1: [12ad0800-05cb-443c-9fdd-fa1debf04523:192.168.34.25:41155, 5170c5f3-8499-4b42-9321-85fc8a351f79:192.168.34.25:43074, 0b10a9fc-47eb-4a2b-b664-8273d9d17379:192.168.34.25:45248], old=null
2019-10-18 07:23:52,616 [grpc-default-executor-4] INFO  impl.RaftServerImpl (RaftServerImpl.java:setRole(184)) - 5170c5f3-8499-4b42-9321-85fc8a351f79@group-BCB82A5C07F5: changes role from  FOLLOWER to FOLLOWER at term 38 for recognizeCandidate:12ad0800-05cb-443c-9fdd-fa1debf04523
2019-10-18 07:23:52,616 [grpc-default-executor-4] INFO  impl.RoleInfo (RoleInfo.java:shutdownFollowerState(121)) - 5170c5f3-8499-4b42-9321-85fc8a351f79: shutdown FollowerState
2019-10-18 07:23:52,616 [grpc-default-executor-14] INFO  impl.RaftServerImpl (RaftServerImpl.java:setRole(184)) - 0b10a9fc-47eb-4a2b-b664-8273d9d17379@group-BCB82A5C07F5: changes role from  FOLLOWER to FOLLOWER at term 38 for recognizeCandidate:12ad0800-05cb-443c-9fdd-fa1debf04523
2019-10-18 07:23:52,616 [Thread-9182] INFO  impl.FollowerState (FollowerState.java:run(117)) - 5170c5f3-8499-4b42-9321-85fc8a351f79@group-BCB82A5C07F5-FollowerState was interrupted: java.lang.InterruptedException: sleep interrupted
2019-10-18 07:23:52,616 [grpc-default-executor-4] INFO  impl.RoleInfo (RoleInfo.java:updateAndGet(143)) - 5170c5f3-8499-4b42-9321-85fc8a351f79: start FollowerState
2019-10-18 07:23:52,616 [grpc-default-executor-14] INFO  impl.RoleInfo (RoleInfo.java:shutdownFollowerState(121)) - 0b10a9fc-47eb-4a2b-b664-8273d9d17379: shutdown FollowerState
2019-10-18 07:23:52,617 [grpc-default-executor-14] INFO  impl.RoleInfo (RoleInfo.java:updateAndGet(143)) - 0b10a9fc-47eb-4a2b-b664-8273d9d17379: start FollowerState
2019-10-18 07:23:52,617 [Thread-9183] INFO  impl.FollowerState (FollowerState.java:run(117)) - 0b10a9fc-47eb-4a2b-b664-8273d9d17379@group-BCB82A5C07F5-FollowerState was interrupted: java.lang.InterruptedException: sleep interrupted
2019-10-18 07:23:52,621 [12ad0800-05cb-443c-9fdd-fa1debf04523@group-BCB82A5C07F5-LeaderElection1010] INFO  impl.LeaderElection (LeaderElection.java:logAndReturn(56)) - 12ad0800-05cb-443c-9fdd-fa1debf04523@group-BCB82A5C07F5-LeaderElection1010: Election TIMEOUT; received 0 response(s) [] and 0 exception(s); 12ad0800-05cb-443c-9fdd-fa1debf04523@group-BCB82A5C07F5:t38, leader=null, voted=12ad0800-05cb-443c-9fdd-fa1debf04523, raftlog=12ad0800-05cb-443c-9fdd-fa1debf04523@group-BCB82A5C07F5-SegmentedRaftLog:OPENED:c-1,f-1,i0, conf=-1: [12ad0800-05cb-443c-9fdd-fa1debf04523:192.168.34.25:41155, 5170c5f3-8499-4b42-9321-85fc8a351f79:192.168.34.25:43074, 0b10a9fc-47eb-4a2b-b664-8273d9d17379:192.168.34.25:45248], old=null
2019-10-18 07:23:52,635 [Thread-9190] INFO  impl.FollowerState (FollowerState.java:run(108)) - 4dea926d-4bc6-487a-9b9b-9fd457d0fae4@group-0C9C3B2D0CC1-FollowerState: change to CANDIDATE, lastRpcTime:136ms, electionTimeout:136ms
2019-10-18 07:23:52,635 [Thread-9190] INFO  impl.RoleInfo (RoleInfo.java:shutdownFollowerState(121)) - 4dea926d-4bc6-487a-9b9b-9fd457d0fae4: shutdown FollowerState
2019-10-18 07:23:52,635 [Thread-9190] INFO  impl.RaftServerImpl (RaftServerImpl.java:setRole(184)) - 4dea926d-4bc6-487a-9b9b-9fd457d0fae4@group-0C9C3B2D0CC1: changes role from  FOLLOWER to CANDIDATE at term 32 for changeToCandidate
2019-10-18 07:23:52,635 [Thread-9190] INFO  impl.RoleInfo (RoleInfo.java:updateAndGet(143)) - 4dea926d-4bc6-487a-9b9b-9fd457d0fae4: start LeaderElection
2019-10-18 07:23:52,641 [12ad0800-05cb-443c-9fdd-fa1debf04523@group-BCB82A5C07F5-LeaderElection1010] INFO  impl.LeaderElection (LeaderElection.java:askForVotes(178)) - 12ad0800-05cb-443c-9fdd-fa1debf04523@group-BCB82A5C07F5-LeaderElection1010: begin an election at term 39 for -1: [12ad0800-05cb-443c-9fdd-fa1debf04523:192.168.34.25:41155, 5170c5f3-8499-4b42-9321-85fc8a351f79:192.168.34.25:43074, 0b10a9fc-47eb-4a2b-b664-8273d9d17379:192.168.34.25:45248], old=null
2019-10-18 07:23:52,643 [grpc-default-executor-14] INFO  impl.RaftServerImpl (RaftServerImpl.java:setRole(184)) - 5170c5f3-8499-4b42-9321-85fc8a351f79@group-BCB82A5C07F5: changes role from  FOLLOWER to FOLLOWER at term 39 for recognizeCandidate:12ad0800-05cb-443c-9fdd-fa1debf04523
2019-10-18 07:23:52,643 [grpc-default-executor-14] INFO  impl.RoleInfo (RoleInfo.java:shutdownFollowerState(121)) - 5170c5f3-8499-4b42-9321-85fc8a351f79: shutdown FollowerState
2019-10-18 07:23:52,643 [grpc-default-executor-14] INFO  impl.RoleInfo (RoleInfo.java:updateAndGet(143)) - 5170c5f3-8499-4b42-9321-85fc8a351f79: start FollowerState
2019-10-18 07:23:52,643 [Thread-9194] INFO  impl.FollowerState (FollowerState.java:run(117)) - 5170c5f3-8499-4b42-9321-85fc8a351f79@group-BCB82A5C07F5-FollowerState was interrupted: java.lang.InterruptedException: sleep interrupted
2019-10-18 07:23:52,643 [grpc-default-executor-4] INFO  impl.RaftServerImpl (RaftServerImpl.java:setRole(184)) - 0b10a9fc-47eb-4a2b-b664-8273d9d17379@group-BCB82A5C07F5: changes role from  FOLLOWER to FOLLOWER at term 39 for recognizeCandidate:12ad0800-05cb-443c-9fdd-fa1debf04523
2019-10-18 07:23:52,643 [grpc-default-executor-4] INFO  impl.RoleInfo (RoleInfo.java:shutdownFollowerState(121)) - 0b10a9fc-47eb-4a2b-b664-8273d9d17379: shutdown FollowerState
2019-10-18 07:23:52,643 [grpc-default-executor-4] INFO  impl.RoleInfo (RoleInfo.java:updateAndGet(143)) - 0b10a9fc-47eb-4a2b-b664-8273d9d17379: start FollowerState
2019-10-18 07:23:52,643 [Thread-9195] INFO  impl.FollowerState (FollowerState.java:run(117)) - 0b10a9fc-47eb-4a2b-b664-8273d9d17379@group-BCB82A5C07F5-FollowerState was interrupted: java.lang.InterruptedException: sleep interrupted
2019-10-18 07:23:52,658 [4dea926d-4bc6-487a-9b9b-9fd457d0fae4@group-0C9C3B2D0CC1-LeaderElection1011] INFO  impl.LeaderElection (LeaderElection.java:askForVotes(178)) - 4dea926d-4bc6-487a-9b9b-9fd457d0fae4@group-0C9C3B2D0CC1-LeaderElection1011: begin an election at term 33 for -1: [6633f50a-7046-4b08-9937-8e25f1b14b15:192.168.34.25:39338, 67270882-100a-4e75-928d-618d17e069c8:192.168.34.25:36648, 4dea926d-4bc6-487a-9b9b-9fd457d0fae4:192.168.34.25:41624], old=null
2019-10-18 07:23:52,659 [12ad0800-05cb-443c-9fdd-fa1debf04523@group-BCB82A5C07F5-LeaderElection1010] INFO  impl.LeaderElection (LeaderElection.java:logAndReturn(56)) - 12ad0800-05cb-443c-9fdd-fa1debf04523@group-BCB82A5C07F5-LeaderElection1010: Election REJECTED; received 2 response(s) [12ad0800-05cb-443c-9fdd-fa1debf04523<-5170c5f3-8499-4b42-9321-85fc8a351f79#0:FAIL-t39, 12ad0800-05cb-443c-9fdd-fa1debf04523<-0b10a9fc-47eb-4a2b-b664-8273d9d17379#0:FAIL-t39] and 0 exception(s); 12ad0800-05cb-443c-9fdd-fa1debf04523@group-BCB82A5C07F5:t39, leader=null, voted=12ad0800-05cb-443c-9fdd-fa1debf04523, raftlog=12ad0800-05cb-443c-9fdd-fa1debf04523@group-BCB82A5C07F5-SegmentedRaftLog:OPENED:c-1,f-1,i0, conf=-1: [12ad0800-05cb-443c-9fdd-fa1debf04523:192.168.34.25:41155, 5170c5f3-8499-4b42-9321-85fc8a351f79:192.168.34.25:43074, 0b10a9fc-47eb-4a2b-b664-8273d9d17379:192.168.34.25:45248], old=null
2019-10-18 07:23:52,659 [12ad0800-05cb-443c-9fdd-fa1debf04523@group-BCB82A5C07F5-LeaderElection1010] INFO  impl.RaftServerImpl (RaftServerImpl.java:setRole(184)) - 12ad0800-05cb-443c-9fdd-fa1debf04523@group-BCB82A5C07F5: changes role from CANDIDATE to FOLLOWER at term 39 for DISCOVERED_A_NEW_TERM
2019-10-18 07:23:52,659 [12ad0800-05cb-443c-9fdd-fa1debf04523@group-BCB82A5C07F5-LeaderElection1010] INFO  impl.RoleInfo (RoleInfo.java:shutdownLeaderElection(134)) - 12ad0800-05cb-443c-9fdd-fa1debf04523: shutdown LeaderElection
2019-10-18 07:23:52,659 [12ad0800-05cb-443c-9fdd-fa1debf04523@group-BCB82A5C07F5-LeaderElection1010] INFO  impl.RoleInfo (RoleInfo.java:updateAndGet(143)) - 12ad0800-05cb-443c-9fdd-fa1debf04523: start FollowerState
2019-10-18 07:23:52,660 [grpc-default-executor-14] INFO  impl.RaftServerImpl (RaftServerImpl.java:setRole(184)) - 6633f50a-7046-4b08-9937-8e25f1b14b15@group-0C9C3B2D0CC1: changes role from  FOLLOWER to FOLLOWER at term 33 for recognizeCandidate:4dea926d-4bc6-487a-9b9b-9fd457d0fae4
2019-10-18 07:23:52,660 [grpc-default-executor-14] INFO  impl.RoleInfo (RoleInfo.java:shutdownFollowerState(121)) - 6633f50a-7046-4b08-9937-8e25f1b14b15: shutdown FollowerState
2019-10-18 07:23:52,660 [grpc-default-executor-4] INFO  impl.RaftServerImpl (RaftServerImpl.java:setRole(184)) - 67270882-100a-4e75-928d-618d17e069c8@group-0C9C3B2D0CC1: changes role from  FOLLOWER to FOLLOWER at term 33 for recognizeCandidate:4dea926d-4bc6-487a-9b9b-9fd457d0fae4
2019-10-18 07:23:52,660 [Thread-9188] INFO  impl.FollowerState (FollowerState.java:run(117)) - 6633f50a-7046-4b08-9937-8e25f1b14b15@group-0C9C3B2D0CC1-FollowerState was interrupted: java.lang.InterruptedException: sleep interrupted
2019-10-18 07:23:52,660 [grpc-default-executor-14] INFO  impl.RoleInfo (RoleInfo.java:updateAndGet(143)) - 6633f50a-7046-4b08-9937-8e25f1b14b15: start FollowerState
2019-10-18 07:23:52,660 [grpc-default-executor-4] INFO  impl.RoleInfo (RoleInfo.java:shutdownFollowerState(121)) - 67270882-100a-4e75-928d-618d17e069c8: shutdown FollowerState
2019-10-18 07:23:52,661 [grpc-default-executor-4] INFO  impl.RoleInfo (RoleInfo.java:updateAndGet(143)) - 67270882-100a-4e75-928d-618d17e069c8: start FollowerState
2019-10-18 07:23:52,661 [Thread-9189] INFO  impl.FollowerState (FollowerState.java:run(117)) - 67270882-100a-4e75-928d-618d17e069c8@group-0C9C3B2D0CC1-FollowerState was interrupted: java.lang.InterruptedException: sleep interrupted
2019-10-18 07:23:52,680 [4dea926d-4bc6-487a-9b9b-9fd457d0fae4@group-0C9C3B2D0CC1-LeaderElection1011] INFO  impl.LeaderElection (LeaderElection.java:logAndReturn(56)) - 4dea926d-4bc6-487a-9b9b-9fd457d0fae4@group-0C9C3B2D0CC1-LeaderElection1011: Election TIMEOUT; received 0 response(s) [] and 0 exception(s); 4dea926d-4bc6-487a-9b9b-9fd457d0fae4@group-0C9C3B2D0CC1:t33, leader=null, voted=4dea926d-4bc6-487a-9b9b-9fd457d0fae4, raftlog=4dea926d-4bc6-487a-9b9b-9fd457d0fae4@group-0C9C3B2D0CC1-SegmentedRaftLog:OPENED:c-1,f-1,i0, conf=-1: [6633f50a-7046-4b08-9937-8e25f1b14b15:192.168.34.25:39338, 67270882-100a-4e75-928d-618d17e069c8:192.168.34.25:36648, 4dea926d-4bc6-487a-9b9b-9fd457d0fae4:192.168.34.25:41624], old=null
2019-10-18 07:23:52,701 [4dea926d-4bc6-487a-9b9b-9fd457d0fae4@group-0C9C3B2D0CC1-LeaderElection1011] INFO  impl.LeaderElection (LeaderElection.java:askForVotes(178)) - 4dea926d-4bc6-487a-9b9b-9fd457d0fae4@group-0C9C3B2D0CC1-LeaderElection1011: begin an election at term 34 for -1: [6633f50a-7046-4b08-9937-8e25f1b14b15:192.168.34.25:39338, 67270882-100a-4e75-928d-618d17e069c8:192.168.34.25:36648, 4dea926d-4bc6-487a-9b9b-9fd457d0fae4:192.168.34.25:41624], old=null
2019-10-18 07:23:52,702 [grpc-default-executor-14] INFO  impl.RaftServerImpl (RaftServerImpl.java:setRole(184)) - 6633f50a-7046-4b08-9937-8e25f1b14b15@group-0C9C3B2D0CC1: changes role from  FOLLOWER to FOLLOWER at term 34 for recognizeCandidate:4dea926d-4bc6-487a-9b9b-9fd457d0fae4
2019-10-18 07:23:52,702 [grpc-default-executor-14] INFO  impl.RoleInfo (RoleInfo.java:shutdownFollowerState(121)) - 6633f50a-7046-4b08-9937-8e25f1b14b15: shutdown FollowerState
2019-10-18 07:23:52,703 [grpc-default-executor-14] INFO  impl.RoleInfo (RoleInfo.java:updateAndGet(143)) - 6633f50a-7046-4b08-9937-8e25f1b14b15: start FollowerState
2019-10-18 07:23:52,703 [grpc-default-executor-4] INFO  impl.RaftServerImpl (RaftServerImpl.java:setRole(184)) - 67270882-100a-4e75-928d-618d17e069c8@group-0C9C3B2D0CC1: changes role from  FOLLOWER to FOLLOWER at term 34 for recognizeCandidate:4dea926d-4bc6-487a-9b9b-9fd457d0fae4
2019-10-18 07:23:52,703 [grpc-default-executor-4] INFO  impl.RoleInfo (RoleInfo.java:shutdownFollowerState(121)) - 67270882-100a-4e75-928d-618d17e069c8: shutdown FollowerState
2019-10-18 07:23:52,703 [Thread-9204] INFO  impl.FollowerState (FollowerState.java:run(117)) - 6633f50a-7046-4b08-9937-8e25f1b14b15@group-0C9C3B2D0CC1-FollowerState was interrupted: java.lang.InterruptedException: sleep interrupted
2019-10-18 07:23:52,703 [Thread-9205] INFO  impl.FollowerState (FollowerState.java:run(117)) - 67270882-100a-4e75-928d-618d17e069c8@group-0C9C3B2D0CC1-FollowerState was interrupted: java.lang.InterruptedException: sleep interrupted
2019-10-18 07:23:52,703 [grpc-default-executor-4] INFO  impl.RoleInfo (RoleInfo.java:updateAndGet(143)) - 67270882-100a-4e75-928d-618d17e069c8: start FollowerState
2019-10-18 07:23:52,727 [4dea926d-4bc6-487a-9b9b-9fd457d0fae4@group-0C9C3B2D0CC1-LeaderElection1011] INFO  impl.LeaderElection (LeaderElection.java:logAndReturn(56)) - 4dea926d-4bc6-487a-9b9b-9fd457d0fae4@group-0C9C3B2D0CC1-LeaderElection1011: Election TIMEOUT; received 0 response(s) [] and 0 exception(s); 4dea926d-4bc6-487a-9b9b-9fd457d0fae4@group-0C9C3B2D0CC1:t34, leader=null, voted=4dea926d-4bc6-487a-9b9b-9fd457d0fae4, raftlog=4dea926d-4bc6-487a-9b9b-9fd457d0fae4@group-0C9C3B2D0CC1-SegmentedRaftLog:OPENED:c-1,f-1,i0, conf=-1: [6633f50a-7046-4b08-9937-8e25f1b14b15:192.168.34.25:39338, 67270882-100a-4e75-928d-618d17e069c8:192.168.34.25:36648, 4dea926d-4bc6-487a-9b9b-9fd457d0fae4:192.168.34.25:41624], old=null
2019-10-18 07:23:52,741 [Thread-9203] INFO  impl.FollowerState (FollowerState.java:run(108)) - 12ad0800-05cb-443c-9fdd-fa1debf04523@group-BCB82A5C07F5-FollowerState: change to CANDIDATE, lastRpcTime:81ms, electionTimeout:81ms
2019-10-18 07:23:52,741 [Thread-9203] INFO  impl.RoleInfo (RoleInfo.java:shutdownFollowerState(121)) - 12ad0800-05cb-443c-9fdd-fa1debf04523: shutdown FollowerState
2019-10-18 07:23:52,741 [Thread-9203] INFO  impl.RaftServerImpl (RaftServerImpl.java:setRole(184)) - 12ad0800-05cb-443c-9fdd-fa1debf04523@group-BCB82A5C07F5: changes role from  FOLLOWER to CANDIDATE at term 39 for changeToCandidate
2019-10-18 07:23:52,741 [Thread-9203] INFO  impl.RoleInfo (RoleInfo.java:updateAndGet(143)) - 12ad0800-05cb-443c-9fdd-fa1debf04523: start LeaderElection
2019-10-18 07:23:52,752 [4dea926d-4bc6-487a-9b9b-9fd457d0fae4@group-0C9C3B2D0CC1-LeaderElection1011] INFO  impl.LeaderElection (LeaderElection.java:askForVotes(178)) - 4dea926d-4bc6-487a-9b9b-9fd457d0fae4@group-0C9C3B2D0CC1-LeaderElection1011: begin an election at term 35 for -1: [6633f50a-7046-4b08-9937-8e25f1b14b15:192.168.34.25:39338, 67270882-100a-4e75-928d-618d17e069c8:192.168.34.25:36648, 4dea926d-4bc6-487a-9b9b-9fd457d0fae4:192.168.34.25:41624], old=null
2019-10-18 07:23:52,754 [grpc-default-executor-14] INFO  impl.RaftServerImpl (RaftServerImpl.java:setRole(184)) - 6633f50a-7046-4b08-9937-8e25f1b14b15@group-0C9C3B2D0CC1: changes role from  FOLLOWER to FOLLOWER at term 35 for recognizeCandidate:4dea926d-4bc6-487a-9b9b-9fd457d0fae4
2019-10-18 07:23:52,754 [grpc-default-executor-14] INFO  impl.RoleInfo (RoleInfo.java:shutdownFollowerState(121)) - 6633f50a-7046-4b08-9937-8e25f1b14b15: shutdown FollowerState
2019-10-18 07:23:52,754 [grpc-default-executor-4] INFO  impl.RaftServerImpl (RaftServerImpl.java:setRole(184)) - 67270882-100a-4e75-928d-618d17e069c8@group-0C9C3B2D0CC1: changes role from  FOLLOWER to FOLLOWER at term 35 for recognizeCandidate:4dea926d-4bc6-487a-9b9b-9fd457d0fae4
2019-10-18 07:23:52,754 [grpc-default-executor-4] INFO  impl.RoleInfo (RoleInfo.java:shutdownFollowerState(121)) - 67270882-100a-4e75-928d-618d17e069c8: shutdown FollowerState
2019-10-18 07:23:52,754 [Thread-9208] INFO  impl.FollowerState (FollowerState.java:run(117)) - 6633f50a-7046-4b08-9937-8e25f1b14b15@group-0C9C3B2D0CC1-FollowerState was interrupted: java.lang.InterruptedException: sleep interrupted
2019-10-18 07:23:52,754 [grpc-default-executor-14] INFO  impl.RoleInfo (RoleInfo.java:updateAndGet(143)) - 6633f50a-7046-4b08-9937-8e25f1b14b15: start FollowerState
2019-10-18 07:23:52,754 [Thread-9209] INFO  impl.FollowerState (FollowerState.java:run(117)) - 67270882-100a-4e75-928d-618d17e069c8@group-0C9C3B2D0CC1-FollowerState was interrupted: java.lang.InterruptedException: sleep interrupted
2019-10-18 07:23:52,754 [grpc-default-executor-4] INFO  impl.RoleInfo (RoleInfo.java:updateAndGet(143)) - 67270882-100a-4e75-928d-618d17e069c8: start FollowerState
2019-10-18 07:23:52,769 [12ad0800-05cb-443c-9fdd-fa1debf04523@group-BCB82A5C07F5-LeaderElection1012] INFO  impl.LeaderElection (LeaderElection.java:askForVotes(178)) - 12ad0800-05cb-443c-9fdd-fa1debf04523@group-BCB82A5C07F5-LeaderElection1012: begin an election at term 40 for -1: [12ad0800-05cb-443c-9fdd-fa1debf04523:192.168.34.25:41155, 5170c5f3-8499-4b42-9321-85fc8a351f79:192.168.34.25:43074, 0b10a9fc-47eb-4a2b-b664-8273d9d17379:192.168.34.25:45248], old=null
2019-10-18 07:23:52,770 [4dea926d-4bc6-487a-9b9b-9fd457d0fae4@group-0C9C3B2D0CC1-LeaderElection1011] INFO  impl.LeaderElection (LeaderElection.java:logAndReturn(56)) - 4dea926d-4bc6-487a-9b9b-9fd457d0fae4@group-0C9C3B2D0CC1-LeaderElection1011: Election REJECTED; received 2 response(s) [4dea926d-4bc6-487a-9b9b-9fd457d0fae4<-6633f50a-7046-4b08-9937-8e25f1b14b15#0:FAIL-t35, 4dea926d-4bc6-487a-9b9b-9fd457d0fae4<-67270882-100a-4e75-928d-618d17e069c8#0:FAIL-t35] and 0 exception(s); 4dea926d-4bc6-487a-9b9b-9fd457d0fae4@group-0C9C3B2D0CC1:t35, leader=null, voted=4dea926d-4bc6-487a-9b9b-9fd457d0fae4, raftlog=4dea926d-4bc6-487a-9b9b-9fd457d0fae4@group-0C9C3B2D0CC1-SegmentedRaftLog:OPENED:c-1,f-1,i0, conf=-1: [6633f50a-7046-4b08-9937-8e25f1b14b15:192.168.34.25:39338, 67270882-100a-4e75-928d-618d17e069c8:192.168.34.25:36648, 4dea926d-4bc6-487a-9b9b-9fd457d0fae4:192.168.34.25:41624], old=null
2019-10-18 07:23:52,770 [4dea926d-4bc6-487a-9b9b-9fd457d0fae4@group-0C9C3B2D0CC1-LeaderElection1011] INFO  impl.RaftServerImpl (RaftServerImpl.java:setRole(184)) - 4dea926d-4bc6-487a-9b9b-9fd457d0fae4@group-0C9C3B2D0CC1: changes role from CANDIDATE to FOLLOWER at term 35 for DISCOVERED_A_NEW_TERM
2019-10-18 07:23:52,770 [4dea926d-4bc6-487a-9b9b-9fd457d0fae4@group-0C9C3B2D0CC1-LeaderElection1011] INFO  impl.RoleInfo (RoleInfo.java:shutdownLeaderElection(134)) - 4dea926d-4bc6-487a-9b9b-9fd457d0fae4: shutdown LeaderElection
2019-10-18 07:23:52,770 [4dea926d-4bc6-487a-9b9b-9fd457d0fae4@group-0C9C3B2D0CC1-LeaderElection1011] INFO  impl.RoleInfo (RoleInfo.java:updateAndGet(143)) - 4dea926d-4bc6-487a-9b9b-9fd457d0fae4: start FollowerState
2019-10-18 07:23:52,771 [grpc-default-executor-4] INFO  impl.RaftServerImpl (RaftServerImpl.java:setRole(184)) - 5170c5f3-8499-4b42-9321-85fc8a351f79@group-BCB82A5C07F5: changes role from  FOLLOWER to FOLLOWER at term 40 for recognizeCandidate:12ad0800-05cb-443c-9fdd-fa1debf04523
2019-10-18 07:23:52,771 [grpc-default-executor-4] INFO  impl.RoleInfo (RoleInfo.java:shutdownFollowerState(121)) - 5170c5f3-8499-4b42-9321-85fc8a351f79: shutdown FollowerState
2019-10-18 07:23:52,771 [grpc-default-executor-4] INFO  impl.RoleInfo (RoleInfo.java:updateAndGet(143)) - 5170c5f3-8499-4b42-9321-85fc8a351f79: start FollowerState
2019-10-18 07:23:52,771 [Thread-9199] INFO  impl.FollowerState (FollowerState.java:run(117)) - 5170c5f3-8499-4b42-9321-85fc8a351f79@group-BCB82A5C07F5-FollowerState was interrupted: java.lang.InterruptedException: sleep interrupted
2019-10-18 07:23:52,771 [grpc-default-executor-14] INFO  impl.RaftServerImpl (RaftServerImpl.java:setRole(184)) - 0b10a9fc-47eb-4a2b-b664-8273d9d17379@group-BCB82A5C07F5: changes role from  FOLLOWER to FOLLOWER at term 40 for recognizeCandidate:12ad0800-05cb-443c-9fdd-fa1debf04523
2019-10-18 07:23:52,771 [grpc-default-executor-14] INFO  impl.RoleInfo (RoleInfo.java:shutdownFollowerState(121)) - 0b10a9fc-47eb-4a2b-b664-8273d9d17379: shutdown FollowerState
2019-10-18 07:23:52,771 [grpc-default-executor-14] INFO  impl.RoleInfo (RoleInfo.java:updateAndGet(143)) - 0b10a9fc-47eb-4a2b-b664-8273d9d17379: start FollowerState
2019-10-18 07:23:52,771 [Thread-9200] INFO  impl.FollowerState (FollowerState.java:run(117)) - 0b10a9fc-47eb-4a2b-b664-8273d9d17379@group-BCB82A5C07F5-FollowerState was interrupted: java.lang.InterruptedException: sleep interrupted
2019-10-18 07:23:52,796 [12ad0800-05cb-443c-9fdd-fa1debf04523@group-BCB82A5C07F5-LeaderElection1012] INFO  impl.LeaderElection (LeaderElection.java:logAndReturn(56)) - 12ad0800-05cb-443c-9fdd-fa1debf04523@group-BCB82A5C07F5-LeaderElection1012: Election REJECTED; received 2 response(s) [12ad0800-05cb-443c-9fdd-fa1debf04523<-5170c5f3-8499-4b42-9321-85fc8a351f79#0:FAIL-t40, 12ad0800-05cb-443c-9fdd-fa1debf04523<-0b10a9fc-47eb-4a2b-b664-8273d9d17379#0:FAIL-t40] and 0 exception(s); 12ad0800-05cb-443c-9fdd-fa1debf04523@group-BCB82A5C07F5:t40, leader=null, voted=12ad0800-05cb-443c-9fdd-fa1debf04523, raftlog=12ad0800-05cb-443c-9fdd-fa1debf04523@group-BCB82A5C07F5-SegmentedRaftLog:OPENED:c-1,f-1,i0, conf=-1: [12ad0800-05cb-443c-9fdd-fa1debf04523:192.168.34.25:41155, 5170c5f3-8499-4b42-9321-85fc8a351f79:192.168.34.25:43074, 0b10a9fc-47eb-4a2b-b664-8273d9d17379:192.168.34.25:45248], old=null
2019-10-18 07:23:52,796 [12ad0800-05cb-443c-9fdd-fa1debf04523@group-BCB82A5C07F5-LeaderElection1012] INFO  impl.RaftServerImpl (RaftServerImpl.java:setRole(184)) - 12ad0800-05cb-443c-9fdd-fa1debf04523@group-BCB82A5C07F5: changes role from CANDIDATE to FOLLOWER at term 40 for DISCOVERED_A_NEW_TERM
2019-10-18 07:23:52,796 [12ad0800-05cb-443c-9fdd-fa1debf04523@group-BCB82A5C07F5-LeaderElection1012] INFO  impl.RoleInfo (RoleInfo.java:shutdownLeaderElection(134)) - 12ad0800-05cb-443c-9fdd-fa1debf04523: shutdown LeaderElection
2019-10-18 07:23:52,796 [12ad0800-05cb-443c-9fdd-fa1debf04523@group-BCB82A5C07F5-LeaderElection1012] INFO  impl.RoleInfo (RoleInfo.java:updateAndGet(143)) - 12ad0800-05cb-443c-9fdd-fa1debf04523: start FollowerState
2019-10-18 07:23:52,853 [Thread-9220] INFO  impl.FollowerState (FollowerState.java:run(108)) - 12ad0800-05cb-443c-9fdd-fa1debf04523@group-BCB82A5C07F5-FollowerState: change to CANDIDATE, lastRpcTime:57ms, electionTimeout:57ms
2019-10-18 07:23:52,853 [Thread-9220] INFO  impl.RoleInfo (RoleInfo.java:shutdownFollowerState(121)) - 12ad0800-05cb-443c-9fdd-fa1debf04523: shutdown FollowerState
2019-10-18 07:23:52,854 [Thread-9220] INFO  impl.RaftServerImpl (RaftServerImpl.java:setRole(184)) - 12ad0800-05cb-443c-9fdd-fa1debf04523@group-BCB82A5C07F5: changes role from  FOLLOWER to CANDIDATE at term 40 for changeToCandidate
2019-10-18 07:23:52,854 [Thread-9220] INFO  impl.RoleInfo (RoleInfo.java:updateAndGet(143)) - 12ad0800-05cb-443c-9fdd-fa1debf04523: start LeaderElection
2019-10-18 07:23:52,888 [Thread-9217] INFO  impl.FollowerState (FollowerState.java:run(108)) - 4dea926d-4bc6-487a-9b9b-9fd457d0fae4@group-0C9C3B2D0CC1-FollowerState: change to CANDIDATE, lastRpcTime:117ms, electionTimeout:117ms
2019-10-18 07:23:52,888 [Thread-9217] INFO  impl.RoleInfo (RoleInfo.java:shutdownFollowerState(121)) - 4dea926d-4bc6-487a-9b9b-9fd457d0fae4: shutdown FollowerState
2019-10-18 07:23:52,888 [Thread-9217] INFO  impl.RaftServerImpl (RaftServerImpl.java:setRole(184)) - 4dea926d-4bc6-487a-9b9b-9fd457d0fae4@group-0C9C3B2D0CC1: changes role from  FOLLOWER to CANDIDATE at term 35 for changeToCandidate
2019-10-18 07:23:52,888 [Thread-9217] INFO  impl.RoleInfo (RoleInfo.java:updateAndGet(143)) - 4dea926d-4bc6-487a-9b9b-9fd457d0fae4: start LeaderElection
2019-10-18 07:23:52,896 [12ad0800-05cb-443c-9fdd-fa1debf04523@group-BCB82A5C07F5-LeaderElection1013] INFO  impl.LeaderElection (LeaderElection.java:askForVotes(178)) - 12ad0800-05cb-443c-9fdd-fa1debf04523@group-BCB82A5C07F5-LeaderElection1013: begin an election at term 41 for -1: [12ad0800-05cb-443c-9fdd-fa1debf04523:192.168.34.25:41155, 5170c5f3-8499-4b42-9321-85fc8a351f79:192.168.34.25:43074, 0b10a9fc-47eb-4a2b-b664-8273d9d17379:192.168.34.25:45248], old=null
2019-10-18 07:23:52,897 [grpc-default-executor-4] INFO  impl.RaftServerImpl (RaftServerImpl.java:setRole(184)) - 5170c5f3-8499-4b42-9321-85fc8a351f79@group-BCB82A5C07F5: changes role from  FOLLOWER to FOLLOWER at term 41 for recognizeCandidate:12ad0800-05cb-443c-9fdd-fa1debf04523
2019-10-18 07:23:52,897 [grpc-default-executor-4] INFO  impl.RoleInfo (RoleInfo.java:shutdownFollowerState(121)) - 5170c5f3-8499-4b42-9321-85fc8a351f79: shutdown FollowerState
2019-10-18 07:23:52,897 [grpc-default-executor-14] INFO  impl.RaftServerImpl (RaftServerImpl.java:setRole(184)) - 0b10a9fc-47eb-4a2b-b664-8273d9d17379@group-BCB82A5C07F5: changes role from  FOLLOWER to FOLLOWER at term 41 for recognizeCandidate:12ad0800-05cb-443c-9fdd-fa1debf04523
2019-10-18 07:23:52,898 [Thread-9218] INFO  impl.FollowerState (FollowerState.java:run(117)) - 5170c5f3-8499-4b42-9321-85fc8a351f79@group-BCB82A5C07F5-FollowerState was interrupted: java.lang.InterruptedException: sleep interrupted
2019-10-18 07:23:52,897 [grpc-default-executor-4] INFO  impl.RoleInfo (RoleInfo.java:updateAndGet(143)) - 5170c5f3-8499-4b42-9321-85fc8a351f79: start FollowerState
2019-10-18 07:23:52,898 [grpc-default-executor-14] INFO  impl.RoleInfo (RoleInfo.java:shutdownFollowerState(121)) - 0b10a9fc-47eb-4a2b-b664-8273d9d17379: shutdown FollowerState
2019-10-18 07:23:52,898 [grpc-default-executor-14] INFO  impl.RoleInfo (RoleInfo.java:updateAndGet(143)) - 0b10a9fc-47eb-4a2b-b664-8273d9d17379: start FollowerState
2019-10-18 07:23:52,898 [Thread-9219] INFO  impl.FollowerState (FollowerState.java:run(117)) - 0b10a9fc-47eb-4a2b-b664-8273d9d17379@group-BCB82A5C07F5-FollowerState was interrupted: java.lang.InterruptedException: sleep interrupted
2019-10-18 07:23:52,913 [4dea926d-4bc6-487a-9b9b-9fd457d0fae4@group-0C9C3B2D0CC1-LeaderElection1014] INFO  impl.LeaderElection (LeaderElection.java:askForVotes(178)) - 4dea926d-4bc6-487a-9b9b-9fd457d0fae4@group-0C9C3B2D0CC1-LeaderElection1014: begin an election at term 36 for -1: [6633f50a-7046-4b08-9937-8e25f1b14b15:192.168.34.25:39338, 67270882-100a-4e75-928d-618d17e069c8:192.168.34.25:36648, 4dea926d-4bc6-487a-9b9b-9fd457d0fae4:192.168.34.25:41624], old=null
2019-10-18 07:23:52,914 [12ad0800-05cb-443c-9fdd-fa1debf04523@group-BCB82A5C07F5-LeaderElection1013] INFO  impl.LeaderElection (LeaderElection.java:logAndReturn(56)) - 12ad0800-05cb-443c-9fdd-fa1debf04523@group-BCB82A5C07F5-LeaderElection1013: Election REJECTED; received 2 response(s) [12ad0800-05cb-443c-9fdd-fa1debf04523<-5170c5f3-8499-4b42-9321-85fc8a351f79#0:FAIL-t41, 12ad0800-05cb-443c-9fdd-fa1debf04523<-0b10a9fc-47eb-4a2b-b664-8273d9d17379#0:FAIL-t41] and 0 exception(s); 12ad0800-05cb-443c-9fdd-fa1debf04523@group-BCB82A5C07F5:t41, leader=null, voted=12ad0800-05cb-443c-9fdd-fa1debf04523, raftlog=12ad0800-05cb-443c-9fdd-fa1debf04523@group-BCB82A5C07F5-SegmentedRaftLog:OPENED:c-1,f-1,i0, conf=-1: [12ad0800-05cb-443c-9fdd-fa1debf04523:192.168.34.25:41155, 5170c5f3-8499-4b42-9321-85fc8a351f79:192.168.34.25:43074, 0b10a9fc-47eb-4a2b-b664-8273d9d17379:192.168.34.25:45248], old=null
2019-10-18 07:23:52,914 [12ad0800-05cb-443c-9fdd-fa1debf04523@group-BCB82A5C07F5-LeaderElection1013] INFO  impl.RaftServerImpl (RaftServerImpl.java:setRole(184)) - 12ad0800-05cb-443c-9fdd-fa1debf04523@group-BCB82A5C07F5: changes role from CANDIDATE to FOLLOWER at term 41 for DISCOVERED_A_NEW_TERM
2019-10-18 07:23:52,914 [12ad0800-05cb-443c-9fdd-fa1debf04523@group-BCB82A5C07F5-LeaderElection1013] INFO  impl.RoleInfo (RoleInfo.java:shutdownLeaderElection(134)) - 12ad0800-05cb-443c-9fdd-fa1debf04523: shutdown LeaderElection
2019-10-18 07:23:52,914 [12ad0800-05cb-443c-9fdd-fa1debf04523@group-BCB82A5C07F5-LeaderElection1013] INFO  impl.RoleInfo (RoleInfo.java:updateAndGet(143)) - 12ad0800-05cb-443c-9fdd-fa1debf04523: start FollowerState
2019-10-18 07:23:52,914 [grpc-default-executor-14] INFO  impl.RaftServerImpl (RaftServerImpl.java:setRole(184)) - 6633f50a-7046-4b08-9937-8e25f1b14b15@group-0C9C3B2D0CC1: changes role from  FOLLOWER to FOLLOWER at term 36 for recognizeCandidate:4dea926d-4bc6-487a-9b9b-9fd457d0fae4
2019-10-18 07:23:52,914 [grpc-default-executor-14] INFO  impl.RoleInfo (RoleInfo.java:shutdownFollowerState(121)) - 6633f50a-7046-4b08-9937-8e25f1b14b15: shutdown FollowerState
2019-10-18 07:23:52,915 [grpc-default-executor-14] INFO  impl.RoleInfo (RoleInfo.java:updateAndGet(143)) - 6633f50a-7046-4b08-9937-8e25f1b14b15: start FollowerState
2019-10-18 07:23:52,915 [Thread-9213] INFO  impl.FollowerState (FollowerState.java:run(117)) - 6633f50a-7046-4b08-9937-8e25f1b14b15@group-0C9C3B2D0CC1-FollowerState was interrupted: java.lang.InterruptedException: sleep interrupted
2019-10-18 07:23:52,915 [grpc-default-executor-4] INFO  impl.RaftServerImpl (RaftServerImpl.java:setRole(184)) - 67270882-100a-4e75-928d-618d17e069c8@group-0C9C3B2D0CC1: changes role from  FOLLOWER to FOLLOWER at term 36 for recognizeCandidate:4dea926d-4bc6-487a-9b9b-9fd457d0fae4
2019-10-18 07:23:52,915 [grpc-default-executor-4] INFO  impl.RoleInfo (RoleInfo.java:shutdownFollowerState(121)) - 67270882-100a-4e75-928d-618d17e069c8: shutdown FollowerState
2019-10-18 07:23:52,915 [grpc-default-executor-4] INFO  impl.RoleInfo (RoleInfo.java:updateAndGet(143)) - 67270882-100a-4e75-928d-618d17e069c8: start FollowerState
2019-10-18 07:23:52,915 [Thread-9214] INFO  impl.FollowerState (FollowerState.java:run(117)) - 67270882-100a-4e75-928d-618d17e069c8@group-0C9C3B2D0CC1-FollowerState was interrupted: java.lang.InterruptedException: sleep interrupted
2019-10-18 07:23:52,939 [4dea926d-4bc6-487a-9b9b-9fd457d0fae4@group-0C9C3B2D0CC1-LeaderElection1014] INFO  impl.LeaderElection (LeaderElection.java:logAndReturn(56)) - 4dea926d-4bc6-487a-9b9b-9fd457d0fae4@group-0C9C3B2D0CC1-LeaderElection1014: Election REJECTED; received 2 response(s) [4dea926d-4bc6-487a-9b9b-9fd457d0fae4<-6633f50a-7046-4b08-9937-8e25f1b14b15#0:FAIL-t36, 4dea926d-4bc6-487a-9b9b-9fd457d0fae4<-67270882-100a-4e75-928d-618d17e069c8#0:FAIL-t36] and 0 exception(s); 4dea926d-4bc6-487a-9b9b-9fd457d0fae4@group-0C9C3B2D0CC1:t36, leader=null, voted=4dea926d-4bc6-487a-9b9b-9fd457d0fae4, raftlog=4dea926d-4bc6-487a-9b9b-9fd457d0fae4@group-0C9C3B2D0CC1-SegmentedRaftLog:OPENED:c-1,f-1,i0, conf=-1: [6633f50a-7046-4b08-9937-8e25f1b14b15:192.168.34.25:39338, 67270882-100a-4e75-928d-618d17e069c8:192.168.34.25:36648, 4dea926d-4bc6-487a-9b9b-9fd457d0fae4:192.168.34.25:41624], old=null
2019-10-18 07:23:52,939 [4dea926d-4bc6-487a-9b9b-9fd457d0fae4@group-0C9C3B2D0CC1-LeaderElection1014] INFO  impl.RaftServerImpl (RaftServerImpl.java:setRole(184)) - 4dea926d-4bc6-487a-9b9b-9fd457d0fae4@group-0C9C3B2D0CC1: changes role from CANDIDATE to FOLLOWER at term 36 for DISCOVERED_A_NEW_TERM
2019-10-18 07:23:52,939 [4dea926d-4bc6-487a-9b9b-9fd457d0fae4@group-0C9C3B2D0CC1-LeaderElection1014] INFO  impl.RoleInfo (RoleInfo.java:shutdownLeaderElection(134)) - 4dea926d-4bc6-487a-9b9b-9fd457d0fae4: shutdown LeaderElection
2019-10-18 07:23:52,939 [4dea926d-4bc6-487a-9b9b-9fd457d0fae4@group-0C9C3B2D0CC1-LeaderElection1014] INFO  impl.RoleInfo (RoleInfo.java:updateAndGet(143)) - 4dea926d-4bc6-487a-9b9b-9fd457d0fae4: start FollowerState
2019-10-18 07:23:52,961 [Thread-9231] INFO  impl.FollowerState (FollowerState.java:run(108)) - 12ad0800-05cb-443c-9fdd-fa1debf04523@group-BCB82A5C07F5-FollowerState: change to CANDIDATE, lastRpcTime:47ms, electionTimeout:47ms
2019-10-18 07:23:52,962 [Thread-9231] INFO  impl.RoleInfo (RoleInfo.java:shutdownFollowerState(121)) - 12ad0800-05cb-443c-9fdd-fa1debf04523: shutdown FollowerState
2019-10-18 07:23:52,962 [Thread-9231] INFO  impl.RaftServerImpl (RaftServerImpl.java:setRole(184)) - 12ad0800-05cb-443c-9fdd-fa1debf04523@group-BCB82A5C07F5: changes role from  FOLLOWER to CANDIDATE at term 41 for changeToCandidate
2019-10-18 07:23:52,962 [Thread-9231] INFO  impl.RoleInfo (RoleInfo.java:updateAndGet(143)) - 12ad0800-05cb-443c-9fdd-fa1debf04523: start LeaderElection
2019-10-18 07:23:52,989 [12ad0800-05cb-443c-9fdd-fa1debf04523@group-BCB82A5C07F5-LeaderElection1015] INFO  impl.LeaderElection (LeaderElection.java:askForVotes(178)) - 12ad0800-05cb-443c-9fdd-fa1debf04523@group-BCB82A5C07F5-LeaderElection1015: begin an election at term 42 for -1: [12ad0800-05cb-443c-9fdd-fa1debf04523:192.168.34.25:41155, 5170c5f3-8499-4b42-9321-85fc8a351f79:192.168.34.25:43074, 0b10a9fc-47eb-4a2b-b664-8273d9d17379:192.168.34.25:45248], old=null
2019-10-18 07:23:52,991 [grpc-default-executor-14] INFO  impl.RaftServerImpl (RaftServerImpl.java:setRole(184)) - 5170c5f3-8499-4b42-9321-85fc8a351f79@group-BCB82A5C07F5: changes role from  FOLLOWER to FOLLOWER at term 42 for recognizeCandidate:12ad0800-05cb-443c-9fdd-fa1debf04523
2019-10-18 07:23:52,991 [grpc-default-executor-14] INFO  impl.RoleInfo (RoleInfo.java:shutdownFollowerState(121)) - 5170c5f3-8499-4b42-9321-85fc8a351f79: shutdown FollowerState
2019-10-18 07:23:52,991 [grpc-default-executor-4] INFO  impl.RaftServerImpl (RaftServerImpl.java:setRole(184)) - 0b10a9fc-47eb-4a2b-b664-8273d9d17379@group-BCB82A5C07F5: changes role from  FOLLOWER to FOLLOWER at term 42 for recognizeCandidate:12ad0800-05cb-443c-9fdd-fa1debf04523
2019-10-18 07:23:52,991 [Thread-9227] INFO  impl.FollowerState (FollowerState.java:run(117)) - 5170c5f3-8499-4b42-9321-85fc8a351f79@group-BCB82A5C07F5-FollowerState was interrupted: java.lang.InterruptedException: sleep interrupted
2019-10-18 07:23:52,991 [grpc-default-executor-14] INFO  impl.RoleInfo (RoleInfo.java:updateAndGet(143)) - 5170c5f3-8499-4b42-9321-85fc8a351f79: start FollowerState
2019-10-18 07:23:52,991 [grpc-default-executor-4] INFO  impl.RoleInfo (RoleInfo.java:shutdownFollowerState(121)) - 0b10a9fc-47eb-4a2b-b664-8273d9d17379: shutdown FollowerState
2019-10-18 07:23:52,991 [grpc-default-executor-4] INFO  impl.RoleInfo (RoleInfo.java:updateAndGet(143)) - 0b10a9fc-47eb-4a2b-b664-8273d9d17379: start FollowerState
2019-10-18 07:23:52,991 [Thread-9228] INFO  impl.FollowerState (FollowerState.java:run(117)) - 0b10a9fc-47eb-4a2b-b664-8273d9d17379@group-BCB82A5C07F5-FollowerState was interrupted: java.lang.InterruptedException: sleep interrupted
2019-10-18 07:23:53,015 [12ad0800-05cb-443c-9fdd-fa1debf04523@group-BCB82A5C07F5-LeaderElection1015] INFO  impl.LeaderElection (LeaderElection.java:logAndReturn(56)) - 12ad0800-05cb-443c-9fdd-fa1debf04523@group-BCB82A5C07F5-LeaderElection1015: Election REJECTED; received 2 response(s) [12ad0800-05cb-443c-9fdd-fa1debf04523<-5170c5f3-8499-4b42-9321-85fc8a351f79#0:FAIL-t42, 12ad0800-05cb-443c-9fdd-fa1debf04523<-0b10a9fc-47eb-4a2b-b664-8273d9d17379#0:FAIL-t42] and 0 exception(s); 12ad0800-05cb-443c-9fdd-fa1debf04523@group-BCB82A5C07F5:t42, leader=null, voted=12ad0800-05cb-443c-9fdd-fa1debf04523, raftlog=12ad0800-05cb-443c-9fdd-fa1debf04523@group-BCB82A5C07F5-SegmentedRaftLog:OPENED:c-1,f-1,i0, conf=-1: [12ad0800-05cb-443c-9fdd-fa1debf04523:192.168.34.25:41155, 5170c5f3-8499-4b42-9321-85fc8a351f79:192.168.34.25:43074, 0b10a9fc-47eb-4a2b-b664-8273d9d17379:192.168.34.25:45248], old=null
2019-10-18 07:23:53,015 [12ad0800-05cb-443c-9fdd-fa1debf04523@group-BCB82A5C07F5-LeaderElection1015] INFO  impl.RaftServerImpl (RaftServerImpl.java:setRole(184)) - 12ad0800-05cb-443c-9fdd-fa1debf04523@group-BCB82A5C07F5: changes role from CANDIDATE to FOLLOWER at term 42 for DISCOVERED_A_NEW_TERM
2019-10-18 07:23:53,015 [12ad0800-05cb-443c-9fdd-fa1debf04523@group-BCB82A5C07F5-LeaderElection1015] INFO  impl.RoleInfo (RoleInfo.java:shutdownLeaderElection(134)) - 12ad0800-05cb-443c-9fdd-fa1debf04523: shutdown LeaderElection
2019-10-18 07:23:53,016 [12ad0800-05cb-443c-9fdd-fa1debf04523@group-BCB82A5C07F5-LeaderElection1015] INFO  impl.RoleInfo (RoleInfo.java:updateAndGet(143)) - 12ad0800-05cb-443c-9fdd-fa1debf04523: start FollowerState
2019-10-18 07:23:53,084 [Thread-9240] INFO  impl.FollowerState (FollowerState.java:run(108)) - 12ad0800-05cb-443c-9fdd-fa1debf04523@group-BCB82A5C07F5-FollowerState: change to CANDIDATE, lastRpcTime:68ms, electionTimeout:68ms
2019-10-18 07:23:53,084 [Thread-9240] INFO  impl.RoleInfo (RoleInfo.java:shutdownFollowerState(121)) - 12ad0800-05cb-443c-9fdd-fa1debf04523: shutdown FollowerState
2019-10-18 07:23:53,084 [Thread-9240] INFO  impl.RaftServerImpl (RaftServerImpl.java:setRole(184)) - 12ad0800-05cb-443c-9fdd-fa1debf04523@group-BCB82A5C07F5: changes role from  FOLLOWER to CANDIDATE at term 42 for changeToCandidate
2019-10-18 07:23:53,084 [Thread-9240] INFO  impl.RoleInfo (RoleInfo.java:updateAndGet(143)) - 12ad0800-05cb-443c-9fdd-fa1debf04523: start LeaderElection
2019-10-18 07:23:53,107 [12ad0800-05cb-443c-9fdd-fa1debf04523@group-BCB82A5C07F5-LeaderElection1016] INFO  impl.LeaderElection (LeaderElection.java:askForVotes(178)) - 12ad0800-05cb-443c-9fdd-fa1debf04523@group-BCB82A5C07F5-LeaderElection1016: begin an election at term 43 for -1: [12ad0800-05cb-443c-9fdd-fa1debf04523:192.168.34.25:41155, 5170c5f3-8499-4b42-9321-85fc8a351f79:192.168.34.25:43074, 0b10a9fc-47eb-4a2b-b664-8273d9d17379:192.168.34.25:45248], old=null
2019-10-18 07:23:53,108 [grpc-default-executor-14] INFO  impl.RaftServerImpl (RaftServerImpl.java:setRole(184)) - 5170c5f3-8499-4b42-9321-85fc8a351f79@group-BCB82A5C07F5: changes role from  FOLLOWER to FOLLOWER at term 43 for recognizeCandidate:12ad0800-05cb-443c-9fdd-fa1debf04523
2019-10-18 07:23:53,108 [grpc-default-executor-14] INFO  impl.RoleInfo (RoleInfo.java:shutdownFollowerState(121)) - 5170c5f3-8499-4b42-9321-85fc8a351f79: shutdown FollowerState
2019-10-18 07:23:53,108 [grpc-default-executor-14] INFO  impl.RoleInfo (RoleInfo.java:updateAndGet(143)) - 5170c5f3-8499-4b42-9321-85fc8a351f79: start FollowerState
2019-10-18 07:23:53,108 [Thread-9238] INFO  impl.FollowerState (FollowerState.java:run(117)) - 5170c5f3-8499-4b42-9321-85fc8a351f79@group-BCB82A5C07F5-FollowerState was interrupted: java.lang.InterruptedException: sleep interrupted
2019-10-18 07:23:53,108 [grpc-default-executor-4] INFO  impl.RaftServerImpl (RaftServerImpl.java:setRole(184)) - 0b10a9fc-47eb-4a2b-b664-8273d9d17379@group-BCB82A5C07F5: changes role from  FOLLOWER to FOLLOWER at term 43 for recognizeCandidate:12ad0800-05cb-443c-9fdd-fa1debf04523
2019-10-18 07:23:53,108 [grpc-default-executor-4] INFO  impl.RoleInfo (RoleInfo.java:shutdownFollowerState(121)) - 0b10a9fc-47eb-4a2b-b664-8273d9d17379: shutdown FollowerState
2019-10-18 07:23:53,109 [grpc-default-executor-4] INFO  impl.RoleInfo (RoleInfo.java:updateAndGet(143)) - 0b10a9fc-47eb-4a2b-b664-8273d9d17379: start FollowerState
2019-10-18 07:23:53,109 [Thread-9239] INFO  impl.FollowerState (FollowerState.java:run(117)) - 0b10a9fc-47eb-4a2b-b664-8273d9d17379@group-BCB82A5C07F5-FollowerState was interrupted: java.lang.InterruptedException: sleep interrupted
2019-10-18 07:23:53,124 [Thread-9234] INFO  impl.FollowerState (FollowerState.java:run(108)) - 4dea926d-4bc6-487a-9b9b-9fd457d0fae4@group-0C9C3B2D0CC1-FollowerState: change to CANDIDATE, lastRpcTime:184ms, electionTimeout:184ms
2019-10-18 07:23:53,124 [Thread-9234] INFO  impl.RoleInfo (RoleInfo.java:shutdownFollowerState(121)) - 4dea926d-4bc6-487a-9b9b-9fd457d0fae4: shutdown FollowerState
2019-10-18 07:23:53,124 [Thread-9234] INFO  impl.RaftServerImpl (RaftServerImpl.java:setRole(184)) - 4dea926d-4bc6-487a-9b9b-9fd457d0fae4@group-0C9C3B2D0CC1: changes role from  FOLLOWER to CANDIDATE at term 36 for changeToCandidate
2019-10-18 07:23:53,124 [Thread-9234] INFO  impl.RoleInfo (RoleInfo.java:updateAndGet(143)) - 4dea926d-4bc6-487a-9b9b-9fd457d0fae4: start LeaderElection
2019-10-18 07:23:53,133 [12ad0800-05cb-443c-9fdd-fa1debf04523@group-BCB82A5C07F5-LeaderElection1016] INFO  impl.LeaderElection (LeaderElection.java:logAndReturn(56)) - 12ad0800-05cb-443c-9fdd-fa1debf04523@group-BCB82A5C07F5-LeaderElection1016: Election REJECTED; received 2 response(s) [12ad0800-05cb-443c-9fdd-fa1debf04523<-5170c5f3-8499-4b42-9321-85fc8a351f79#0:FAIL-t43, 12ad0800-05cb-443c-9fdd-fa1debf04523<-0b10a9fc-47eb-4a2b-b664-8273d9d17379#0:FAIL-t43] and 0 exception(s); 12ad0800-05cb-443c-9fdd-fa1debf04523@group-BCB82A5C07F5:t43, leader=null, voted=12ad0800-05cb-443c-9fdd-fa1debf04523, raftlog=12ad0800-05cb-443c-9fdd-fa1debf04523@group-BCB82A5C07F5-SegmentedRaftLog:OPENED:c-1,f-1,i0, conf=-1: [12ad0800-05cb-443c-9fdd-fa1debf04523:192.168.34.25:41155, 5170c5f3-8499-4b42-9321-85fc8a351f79:192.168.34.25:43074, 0b10a9fc-47eb-4a2b-b664-8273d9d17379:192.168.34.25:45248], old=null
2019-10-18 07:23:53,133 [12ad0800-05cb-443c-9fdd-fa1debf04523@group-BCB82A5C07F5-LeaderElection1016] INFO  impl.RaftServerImpl (RaftServerImpl.java:setRole(184)) - 12ad0800-05cb-443c-9fdd-fa1debf04523@group-BCB82A5C07F5: changes role from CANDIDATE to FOLLOWER at term 43 for DISCOVERED_A_NEW_TERM
2019-10-18 07:23:53,133 [12ad0800-05cb-443c-9fdd-fa1debf04523@group-BCB82A5C07F5-LeaderElection1016] INFO  impl.RoleInfo (RoleInfo.java:shutdownLeaderElection(134)) - 12ad0800-05cb-443c-9fdd-fa1debf04523: shutdown LeaderElection
2019-10-18 07:23:53,133 [12ad0800-05cb-443c-9fdd-fa1debf04523@group-BCB82A5C07F5-LeaderElection1016] INFO  impl.RoleInfo (RoleInfo.java:updateAndGet(143)) - 12ad0800-05cb-443c-9fdd-fa1debf04523: start FollowerState
2019-10-18 07:23:53,150 [4dea926d-4bc6-487a-9b9b-9fd457d0fae4@group-0C9C3B2D0CC1-LeaderElection1017] INFO  impl.LeaderElection (LeaderElection.java:askForVotes(178)) - 4dea926d-4bc6-487a-9b9b-9fd457d0fae4@group-0C9C3B2D0CC1-LeaderElection1017: begin an election at term 37 for -1: [6633f50a-7046-4b08-9937-8e25f1b14b15:192.168.34.25:39338, 67270882-100a-4e75-928d-618d17e069c8:192.168.34.25:36648, 4dea926d-4bc6-487a-9b9b-9fd457d0fae4:192.168.34.25:41624], old=null
2019-10-18 07:23:53,151 [grpc-default-executor-14] INFO  impl.RaftServerImpl (RaftServerImpl.java:setRole(184)) - 6633f50a-7046-4b08-9937-8e25f1b14b15@group-0C9C3B2D0CC1: changes role from  FOLLOWER to FOLLOWER at term 37 for recognizeCandidate:4dea926d-4bc6-487a-9b9b-9fd457d0fae4
2019-10-18 07:23:53,151 [grpc-default-executor-14] INFO  impl.RoleInfo (RoleInfo.java:shutdownFollowerState(121)) - 6633f50a-7046-4b08-9937-8e25f1b14b15: shutdown FollowerState
2019-10-18 07:23:53,151 [grpc-default-executor-4] INFO  impl.RaftServerImpl (RaftServerImpl.java:setRole(184)) - 67270882-100a-4e75-928d-618d17e069c8@group-0C9C3B2D0CC1: changes role from  FOLLOWER to FOLLOWER at term 37 for recognizeCandidate:4dea926d-4bc6-487a-9b9b-9fd457d0fae4
2019-10-18 07:23:53,152 [Thread-9232] INFO  impl.FollowerState (FollowerState.java:run(117)) - 6633f50a-7046-4b08-9937-8e25f1b14b15@group-0C9C3B2D0CC1-FollowerState was interrupted: java.lang.InterruptedException: sleep interrupted
2019-10-18 07:23:53,151 [grpc-default-executor-14] INFO  impl.RoleInfo (RoleInfo.java:updateAndGet(143)) - 6633f50a-7046-4b08-9937-8e25f1b14b15: start FollowerState
2019-10-18 07:23:53,152 [grpc-default-executor-4] INFO  impl.RoleInfo (RoleInfo.java:shutdownFollowerState(121)) - 67270882-100a-4e75-928d-618d17e069c8: shutdown FollowerState
2019-10-18 07:23:53,152 [grpc-default-executor-4] INFO  impl.RoleInfo (RoleInfo.java:updateAndGet(143)) - 67270882-100a-4e75-928d-618d17e069c8: start FollowerState
2019-10-18 07:23:53,152 [Thread-9233] INFO  impl.FollowerState (FollowerState.java:run(117)) - 67270882-100a-4e75-928d-618d17e069c8@group-0C9C3B2D0CC1-FollowerState was interrupted: java.lang.InterruptedException: sleep interrupted
2019-10-18 07:23:53,176 [4dea926d-4bc6-487a-9b9b-9fd457d0fae4@group-0C9C3B2D0CC1-LeaderElection1017] INFO  impl.LeaderElection (LeaderElection.java:logAndReturn(56)) - 4dea926d-4bc6-487a-9b9b-9fd457d0fae4@group-0C9C3B2D0CC1-LeaderElection1017: Election REJECTED; received 2 response(s) [4dea926d-4bc6-487a-9b9b-9fd457d0fae4<-6633f50a-7046-4b08-9937-8e25f1b14b15#0:FAIL-t37, 4dea926d-4bc6-487a-9b9b-9fd457d0fae4<-67270882-100a-4e75-928d-618d17e069c8#0:FAIL-t37] and 0 exception(s); 4dea926d-4bc6-487a-9b9b-9fd457d0fae4@group-0C9C3B2D0CC1:t37, leader=null, voted=4dea926d-4bc6-487a-9b9b-9fd457d0fae4, raftlog=4dea926d-4bc6-487a-9b9b-9fd457d0fae4@group-0C9C3B2D0CC1-SegmentedRaftLog:OPENED:c-1,f-1,i0, conf=-1: [6633f50a-7046-4b08-9937-8e25f1b14b15:192.168.34.25:39338, 67270882-100a-4e75-928d-618d17e069c8:192.168.34.25:36648, 4dea926d-4bc6-487a-9b9b-9fd457d0fae4:192.168.34.25:41624], old=null
2019-10-18 07:23:53,176 [4dea926d-4bc6-487a-9b9b-9fd457d0fae4@group-0C9C3B2D0CC1-LeaderElection1017] INFO  impl.RaftServerImpl (RaftServerImpl.java:setRole(184)) - 4dea926d-4bc6-487a-9b9b-9fd457d0fae4@group-0C9C3B2D0CC1: changes role from CANDIDATE to FOLLOWER at term 37 for DISCOVERED_A_NEW_TERM
2019-10-18 07:23:53,176 [4dea926d-4bc6-487a-9b9b-9fd457d0fae4@group-0C9C3B2D0CC1-LeaderElection1017] INFO  impl.RoleInfo (RoleInfo.java:shutdownLeaderElection(134)) - 4dea926d-4bc6-487a-9b9b-9fd457d0fae4: shutdown LeaderElection
2019-10-18 07:23:53,176 [4dea926d-4bc6-487a-9b9b-9fd457d0fae4@group-0C9C3B2D0CC1-LeaderElection1017] INFO  impl.RoleInfo (RoleInfo.java:updateAndGet(143)) - 4dea926d-4bc6-487a-9b9b-9fd457d0fae4: start FollowerState
2019-10-18 07:23:53,183 [Thread-9247] INFO  impl.FollowerState (FollowerState.java:run(108)) - 12ad0800-05cb-443c-9fdd-fa1debf04523@group-BCB82A5C07F5-FollowerState: change to CANDIDATE, lastRpcTime:50ms, electionTimeout:50ms
2019-10-18 07:23:53,183 [Thread-9247] INFO  impl.RoleInfo (RoleInfo.java:shutdownFollowerState(121)) - 12ad0800-05cb-443c-9fdd-fa1debf04523: shutdown FollowerState
2019-10-18 07:23:53,183 [Thread-9247] INFO  impl.RaftServerImpl (RaftServerImpl.java:setRole(184)) - 12ad0800-05cb-443c-9fdd-fa1debf04523@group-BCB82A5C07F5: changes role from  FOLLOWER to CANDIDATE at term 43 for changeToCandidate
2019-10-18 07:23:53,183 [Thread-9247] INFO  impl.RoleInfo (RoleInfo.java:updateAndGet(143)) - 12ad0800-05cb-443c-9fdd-fa1debf04523: start LeaderElection
2019-10-18 07:23:53,209 [12ad0800-05cb-443c-9fdd-fa1debf04523@group-BCB82A5C07F5-LeaderElection1018] INFO  impl.LeaderElection (LeaderElection.java:askForVotes(178)) - 12ad0800-05cb-443c-9fdd-fa1debf04523@group-BCB82A5C07F5-LeaderElection1018: begin an election at term 44 for -1: [12ad0800-05cb-443c-9fdd-fa1debf04523:192.168.34.25:41155, 5170c5f3-8499-4b42-9321-85fc8a351f79:192.168.34.25:43074, 0b10a9fc-47eb-4a2b-b664-8273d9d17379:192.168.34.25:45248], old=null
2019-10-18 07:23:53,210 [grpc-default-executor-4] INFO  impl.RaftServerImpl (RaftServerImpl.java:setRole(184)) - 5170c5f3-8499-4b42-9321-85fc8a351f79@group-BCB82A5C07F5: changes role from  FOLLOWER to FOLLOWER at term 44 for recognizeCandidate:12ad0800-05cb-443c-9fdd-fa1debf04523
2019-10-18 07:23:53,211 [grpc-default-executor-4] INFO  impl.RoleInfo (RoleInfo.java:shutdownFollowerState(121)) - 5170c5f3-8499-4b42-9321-85fc8a351f79: shutdown FollowerState
2019-10-18 07:23:53,211 [grpc-default-executor-4] INFO  impl.RoleInfo (RoleInfo.java:updateAndGet(143)) - 5170c5f3-8499-4b42-9321-85fc8a351f79: start FollowerState
2019-10-18 07:23:53,211 [Thread-9244] INFO  impl.FollowerState (FollowerState.java:run(117)) - 5170c5f3-8499-4b42-9321-85fc8a351f79@group-BCB82A5C07F5-FollowerState was interrupted: java.lang.InterruptedException: sleep interrupted
2019-10-18 07:23:53,211 [Thread-9252] INFO  impl.FollowerState (FollowerState.java:run(108)) - 4dea926d-4bc6-487a-9b9b-9fd457d0fae4@group-0C9C3B2D0CC1-FollowerState: change to CANDIDATE, lastRpcTime:34ms, electionTimeout:34ms
2019-10-18 07:23:53,211 [grpc-default-executor-14] INFO  impl.RaftServerImpl (RaftServerImpl.java:setRole(184)) - 0b10a9fc-47eb-4a2b-b664-8273d9d17379@group-BCB82A5C07F5: changes role from  FOLLOWER to FOLLOWER at term 44 for recognizeCandidate:12ad0800-05cb-443c-9fdd-fa1debf04523
2019-10-18 07:23:53,211 [grpc-default-executor-14] INFO  impl.RoleInfo (RoleInfo.java:shutdownFollowerState(121)) - 0b10a9fc-47eb-4a2b-b664-8273d9d17379: shutdown FollowerState
2019-10-18 07:23:53,211 [Thread-9252] INFO  impl.RoleInfo (RoleInfo.java:shutdownFollowerState(121)) - 4dea926d-4bc6-487a-9b9b-9fd457d0fae4: shutdown FollowerState
2019-10-18 07:23:53,211 [Thread-9245] INFO  impl.FollowerState (FollowerState.java:run(117)) - 0b10a9fc-47eb-4a2b-b664-8273d9d17379@group-BCB82A5C07F5-FollowerState was interrupted: java.lang.InterruptedException: sleep interrupted
2019-10-18 07:23:53,211 [grpc-default-executor-14] INFO  impl.RoleInfo (RoleInfo.java:updateAndGet(143)) - 0b10a9fc-47eb-4a2b-b664-8273d9d17379: start FollowerState
2019-10-18 07:23:53,211 [Thread-9252] INFO  impl.RaftServerImpl (RaftServerImpl.java:setRole(184)) - 4dea926d-4bc6-487a-9b9b-9fd457d0fae4@group-0C9C3B2D0CC1: changes role from  FOLLOWER to CANDIDATE at term 37 for changeToCandidate
2019-10-18 07:23:53,212 [Thread-9252] INFO  impl.RoleInfo (RoleInfo.java:updateAndGet(143)) - 4dea926d-4bc6-487a-9b9b-9fd457d0fae4: start LeaderElection
2019-10-18 07:23:53,235 [4dea926d-4bc6-487a-9b9b-9fd457d0fae4@group-0C9C3B2D0CC1-LeaderElection1019] INFO  impl.LeaderElection (LeaderElection.java:askForVotes(178)) - 4dea926d-4bc6-487a-9b9b-9fd457d0fae4@group-0C9C3B2D0CC1-LeaderElection1019: begin an election at term 38 for -1: [6633f50a-7046-4b08-9937-8e25f1b14b15:192.168.34.25:39338, 67270882-100a-4e75-928d-618d17e069c8:192.168.34.25:36648, 4dea926d-4bc6-487a-9b9b-9fd457d0fae4:192.168.34.25:41624], old=null
2019-10-18 07:23:53,236 [12ad0800-05cb-443c-9fdd-fa1debf04523@group-BCB82A5C07F5-LeaderElection1018] INFO  impl.LeaderElection (LeaderElection.java:logAndReturn(56)) - 12ad0800-05cb-443c-9fdd-fa1debf04523@group-BCB82A5C07F5-LeaderElection1018: Election REJECTED; received 2 response(s) [12ad0800-05cb-443c-9fdd-fa1debf04523<-5170c5f3-8499-4b42-9321-85fc8a351f79#0:FAIL-t44, 12ad0800-05cb-443c-9fdd-fa1debf04523<-0b10a9fc-47eb-4a2b-b664-8273d9d17379#0:FAIL-t44] and 0 exception(s); 12ad0800-05cb-443c-9fdd-fa1debf04523@group-BCB82A5C07F5:t44, leader=null, voted=12ad0800-05cb-443c-9fdd-fa1debf04523, raftlog=12ad0800-05cb-443c-9fdd-fa1debf04523@group-BCB82A5C07F5-SegmentedRaftLog:OPENED:c-1,f-1,i0, conf=-1: [12ad0800-05cb-443c-9fdd-fa1debf04523:192.168.34.25:41155, 5170c5f3-8499-4b42-9321-85fc8a351f79:192.168.34.25:43074, 0b10a9fc-47eb-4a2b-b664-8273d9d17379:192.168.34.25:45248], old=null
2019-10-18 07:23:53,236 [12ad0800-05cb-443c-9fdd-fa1debf04523@group-BCB82A5C07F5-LeaderElection1018] INFO  impl.RaftServerImpl (RaftServerImpl.java:setRole(184)) - 12ad0800-05cb-443c-9fdd-fa1debf04523@group-BCB82A5C07F5: changes role from CANDIDATE to FOLLOWER at term 44 for DISCOVERED_A_NEW_TERM
2019-10-18 07:23:53,236 [12ad0800-05cb-443c-9fdd-fa1debf04523@group-BCB82A5C07F5-LeaderElection1018] INFO  impl.RoleInfo (RoleInfo.java:shutdownLeaderElection(134)) - 12ad0800-05cb-443c-9fdd-fa1debf04523: shutdown LeaderElection
2019-10-18 07:23:53,236 [12ad0800-05cb-443c-9fdd-fa1debf04523@group-BCB82A5C07F5-LeaderElection1018] INFO  impl.RoleInfo (RoleInfo.java:updateAndGet(143)) - 12ad0800-05cb-443c-9fdd-fa1debf04523: start FollowerState
2019-10-18 07:23:53,236 [grpc-default-executor-4] INFO  impl.RaftServerImpl (RaftServerImpl.java:setRole(184)) - 6633f50a-7046-4b08-9937-8e25f1b14b15@group-0C9C3B2D0CC1: changes role from  FOLLOWER to FOLLOWER at term 38 for recognizeCandidate:4dea926d-4bc6-487a-9b9b-9fd457d0fae4
2019-10-18 07:23:53,236 [grpc-default-executor-4] INFO  impl.RoleInfo (RoleInfo.java:shutdownFollowerState(121)) - 6633f50a-7046-4b08-9937-8e25f1b14b15: shutdown FollowerState
2019-10-18 07:23:53,236 [grpc-default-executor-4] INFO  impl.RoleInfo (RoleInfo.java:updateAndGet(143)) - 6633f50a-7046-4b08-9937-8e25f1b14b15: start FollowerState
2019-10-18 07:23:53,236 [Thread-9250] INFO  impl.FollowerState (FollowerState.java:run(117)) - 6633f50a-7046-4b08-9937-8e25f1b14b15@group-0C9C3B2D0CC1-FollowerState was interrupted: java.lang.InterruptedException: sleep interrupted
2019-10-18 07:23:53,236 [grpc-default-executor-14] INFO  impl.RaftServerImpl (RaftServerImpl.java:setRole(184)) - 67270882-100a-4e75-928d-618d17e069c8@group-0C9C3B2D0CC1: changes role from  FOLLOWER to FOLLOWER at term 38 for recognizeCandidate:4dea926d-4bc6-487a-9b9b-9fd457d0fae4
2019-10-18 07:23:53,237 [grpc-default-executor-14] INFO  impl.RoleInfo (RoleInfo.java:shutdownFollowerState(121)) - 67270882-100a-4e75-928d-618d17e069c8: shutdown FollowerState
2019-10-18 07:23:53,237 [grpc-default-executor-14] INFO  impl.RoleInfo (RoleInfo.java:updateAndGet(143)) - 67270882-100a-4e75-928d-618d17e069c8: start FollowerState
2019-10-18 07:23:53,237 [Thread-9251] INFO  impl.FollowerState (FollowerState.java:run(117)) - 67270882-100a-4e75-928d-618d17e069c8@group-0C9C3B2D0CC1-FollowerState was interrupted: java.lang.InterruptedException: sleep interrupted
2019-10-18 07:23:53,261 [4dea926d-4bc6-487a-9b9b-9fd457d0fae4@group-0C9C3B2D0CC1-LeaderElection1019] INFO  impl.LeaderElection (LeaderElection.java:logAndReturn(56)) - 4dea926d-4bc6-487a-9b9b-9fd457d0fae4@group-0C9C3B2D0CC1-LeaderElection1019: Election REJECTED; received 2 response(s) [4dea926d-4bc6-487a-9b9b-9fd457d0fae4<-6633f50a-7046-4b08-9937-8e25f1b14b15#0:FAIL-t38, 4dea926d-4bc6-487a-9b9b-9fd457d0fae4<-67270882-100a-4e75-928d-618d17e069c8#0:FAIL-t38] and 0 exception(s); 4dea926d-4bc6-487a-9b9b-9fd457d0fae4@group-0C9C3B2D0CC1:t38, leader=null, voted=4dea926d-4bc6-487a-9b9b-9fd457d0fae4, raftlog=4dea926d-4bc6-487a-9b9b-9fd457d0fae4@group-0C9C3B2D0CC1-SegmentedRaftLog:OPENED:c-1,f-1,i0, conf=-1: [6633f50a-7046-4b08-9937-8e25f1b14b15:192.168.34.25:39338, 67270882-100a-4e75-928d-618d17e069c8:192.168.34.25:36648, 4dea926d-4bc6-487a-9b9b-9fd457d0fae4:192.168.34.25:41624], old=null
2019-10-18 07:23:53,261 [4dea926d-4bc6-487a-9b9b-9fd457d0fae4@group-0C9C3B2D0CC1-LeaderElection1019] INFO  impl.RaftServerImpl (RaftServerImpl.java:setRole(184)) - 4dea926d-4bc6-487a-9b9b-9fd457d0fae4@group-0C9C3B2D0CC1: changes role from CANDIDATE to FOLLOWER at term 38 for DISCOVERED_A_NEW_TERM
2019-10-18 07:23:53,261 [4dea926d-4bc6-487a-9b9b-9fd457d0fae4@group-0C9C3B2D0CC1-LeaderElection1019] INFO  impl.RoleInfo (RoleInfo.java:shutdownLeaderElection(134)) - 4dea926d-4bc6-487a-9b9b-9fd457d0fae4: shutdown LeaderElection
2019-10-18 07:23:53,261 [4dea926d-4bc6-487a-9b9b-9fd457d0fae4@group-0C9C3B2D0CC1-LeaderElection1019] INFO  impl.RoleInfo (RoleInfo.java:updateAndGet(143)) - 4dea926d-4bc6-487a-9b9b-9fd457d0fae4: start FollowerState
2019-10-18 07:23:53,319 [Thread-9264] INFO  impl.FollowerState (FollowerState.java:run(108)) - 4dea926d-4bc6-487a-9b9b-9fd457d0fae4@group-0C9C3B2D0CC1-FollowerState: change to CANDIDATE, lastRpcTime:58ms, electionTimeout:58ms
2019-10-18 07:23:53,320 [Thread-9264] INFO  impl.RoleInfo (RoleInfo.java:shutdownFollowerState(121)) - 4dea926d-4bc6-487a-9b9b-9fd457d0fae4: shutdown FollowerState
2019-10-18 07:23:53,320 [Thread-9264] INFO  impl.RaftServerImpl (RaftServerImpl.java:setRole(184)) - 4dea926d-4bc6-487a-9b9b-9fd457d0fae4@group-0C9C3B2D0CC1: changes role from  FOLLOWER to CANDIDATE at term 38 for changeToCandidate
2019-10-18 07:23:53,320 [Thread-9264] INFO  impl.RoleInfo (RoleInfo.java:updateAndGet(143)) - 4dea926d-4bc6-487a-9b9b-9fd457d0fae4: start LeaderElection
2019-10-18 07:23:53,344 [4dea926d-4bc6-487a-9b9b-9fd457d0fae4@group-0C9C3B2D0CC1-LeaderElection1020] INFO  impl.LeaderElection (LeaderElection.java:askForVotes(178)) - 4dea926d-4bc6-487a-9b9b-9fd457d0fae4@group-0C9C3B2D0CC1-LeaderElection1020: begin an election at term 39 for -1: [6633f50a-7046-4b08-9937-8e25f1b14b15:192.168.34.25:39338, 67270882-100a-4e75-928d-618d17e069c8:192.168.34.25:36648, 4dea926d-4bc6-487a-9b9b-9fd457d0fae4:192.168.34.25:41624], old=null
2019-10-18 07:23:53,345 [grpc-default-executor-4] INFO  impl.RaftServerImpl (RaftServerImpl.java:setRole(184)) - 6633f50a-7046-4b08-9937-8e25f1b14b15@group-0C9C3B2D0CC1: changes role from  FOLLOWER to FOLLOWER at term 39 for recognizeCandidate:4dea926d-4bc6-487a-9b9b-9fd457d0fae4
2019-10-18 07:23:53,346 [grpc-default-executor-4] INFO  impl.RoleInfo (RoleInfo.java:shutdownFollowerState(121)) - 6633f50a-7046-4b08-9937-8e25f1b14b15: shutdown FollowerState
2019-10-18 07:23:53,346 [grpc-default-executor-17] INFO  impl.RaftServerImpl (RaftServerImpl.java:setRole(184)) - 67270882-100a-4e75-928d-618d17e069c8@group-0C9C3B2D0CC1: changes role from  FOLLOWER to FOLLOWER at term 39 for recognizeCandidate:4dea926d-4bc6-487a-9b9b-9fd457d0fae4
2019-10-18 07:23:53,346 [Thread-9262] INFO  impl.FollowerState (FollowerState.java:run(117)) - 6633f50a-7046-4b08-9937-8e25f1b14b15@group-0C9C3B2D0CC1-FollowerState was interrupted: java.lang.InterruptedException: sleep interrupted
2019-10-18 07:23:53,346 [grpc-default-executor-17] INFO  impl.RoleInfo (RoleInfo.java:shutdownFollowerState(121)) - 67270882-100a-4e75-928d-618d17e069c8: shutdown FollowerState
2019-10-18 07:23:53,346 [grpc-default-executor-4] INFO  impl.RoleInfo (RoleInfo.java:updateAndGet(143)) - 6633f50a-7046-4b08-9937-8e25f1b14b15: start FollowerState
2019-10-18 07:23:53,346 [Thread-9263] INFO  impl.FollowerState (FollowerState.java:run(117)) - 67270882-100a-4e75-928d-618d17e069c8@group-0C9C3B2D0CC1-FollowerState was interrupted: java.lang.InterruptedException: sleep interrupted
2019-10-18 07:23:53,346 [grpc-default-executor-17] INFO  impl.RoleInfo (RoleInfo.java:updateAndGet(143)) - 67270882-100a-4e75-928d-618d17e069c8: start FollowerState
2019-10-18 07:23:53,354 [Thread-9261] INFO  impl.FollowerState (FollowerState.java:run(108)) - 12ad0800-05cb-443c-9fdd-fa1debf04523@group-BCB82A5C07F5-FollowerState: change to CANDIDATE, lastRpcTime:118ms, electionTimeout:117ms
2019-10-18 07:23:53,354 [Thread-9261] INFO  impl.RoleInfo (RoleInfo.java:shutdownFollowerState(121)) - 12ad0800-05cb-443c-9fdd-fa1debf04523: shutdown FollowerState
2019-10-18 07:23:53,354 [Thread-9261] INFO  impl.RaftServerImpl (RaftServerImpl.java:setRole(184)) - 12ad0800-05cb-443c-9fdd-fa1debf04523@group-BCB82A5C07F5: changes role from  FOLLOWER to CANDIDATE at term 44 for changeToCandidate
2019-10-18 07:23:53,357 [Thread-9261] INFO  impl.RoleInfo (RoleInfo.java:updateAndGet(143)) - 12ad0800-05cb-443c-9fdd-fa1debf04523: start LeaderElection
2019-10-18 07:23:53,370 [4dea926d-4bc6-487a-9b9b-9fd457d0fae4@group-0C9C3B2D0CC1-LeaderElection1020] INFO  impl.LeaderElection (LeaderElection.java:logAndReturn(56)) - 4dea926d-4bc6-487a-9b9b-9fd457d0fae4@group-0C9C3B2D0CC1-LeaderElection1020: Election REJECTED; received 2 response(s) [4dea926d-4bc6-487a-9b9b-9fd457d0fae4<-6633f50a-7046-4b08-9937-8e25f1b14b15#0:FAIL-t39, 4dea926d-4bc6-487a-9b9b-9fd457d0fae4<-67270882-100a-4e75-928d-618d17e069c8#0:FAIL-t39] and 0 exception(s); 4dea926d-4bc6-487a-9b9b-9fd457d0fae4@group-0C9C3B2D0CC1:t39, leader=null, voted=4dea926d-4bc6-487a-9b9b-9fd457d0fae4, raftlog=4dea926d-4bc6-487a-9b9b-9fd457d0fae4@group-0C9C3B2D0CC1-SegmentedRaftLog:OPENED:c-1,f-1,i0, conf=-1: [6633f50a-7046-4b08-9937-8e25f1b14b15:192.168.34.25:39338, 67270882-100a-4e75-928d-618d17e069c8:192.168.34.25:36648, 4dea926d-4bc6-487a-9b9b-9fd457d0fae4:192.168.34.25:41624], old=null
2019-10-18 07:23:53,370 [4dea926d-4bc6-487a-9b9b-9fd457d0fae4@group-0C9C3B2D0CC1-LeaderElection1020] INFO  impl.RaftServerImpl (RaftServerImpl.java:setRole(184)) - 4dea926d-4bc6-487a-9b9b-9fd457d0fae4@group-0C9C3B2D0CC1: changes role from CANDIDATE to FOLLOWER at term 39 for DISCOVERED_A_NEW_TERM
2019-10-18 07:23:53,370 [4dea926d-4bc6-487a-9b9b-9fd457d0fae4@group-0C9C3B2D0CC1-LeaderElection1020] INFO  impl.RoleInfo (RoleInfo.java:shutdownLeaderElection(134)) - 4dea926d-4bc6-487a-9b9b-9fd457d0fae4: shutdown LeaderElection
2019-10-18 07:23:53,370 [4dea926d-4bc6-487a-9b9b-9fd457d0fae4@group-0C9C3B2D0CC1-LeaderElection1020] INFO  impl.RoleInfo (RoleInfo.java:updateAndGet(143)) - 4dea926d-4bc6-487a-9b9b-9fd457d0fae4: start FollowerState
2019-10-18 07:23:53,382 [Thread-9275] INFO  impl.FollowerState (FollowerState.java:run(108)) - 4dea926d-4bc6-487a-9b9b-9fd457d0fae4@group-0C9C3B2D0CC1-FollowerState: change to CANDIDATE, lastRpcTime:11ms, electionTimeout:11ms
2019-10-18 07:23:53,382 [Thread-9275] INFO  impl.RoleInfo (RoleInfo.java:shutdownFollowerState(121)) - 4dea926d-4bc6-487a-9b9b-9fd457d0fae4: shutdown FollowerState
2019-10-18 07:23:53,382 [Thread-9275] INFO  impl.RaftServerImpl (RaftServerImpl.java:setRole(184)) - 4dea926d-4bc6-487a-9b9b-9fd457d0fae4@group-0C9C3B2D0CC1: changes role from  FOLLOWER to CANDIDATE at term 39 for changeToCandidate
2019-10-18 07:23:53,382 [Thread-9275] INFO  impl.RoleInfo (RoleInfo.java:updateAndGet(143)) - 4dea926d-4bc6-487a-9b9b-9fd457d0fae4: start LeaderElection
2019-10-18 07:23:53,387 [12ad0800-05cb-443c-9fdd-fa1debf04523@group-BCB82A5C07F5-LeaderElection1021] INFO  impl.LeaderElection (LeaderElection.java:askForVotes(178)) - 12ad0800-05cb-443c-9fdd-fa1debf04523@group-BCB82A5C07F5-LeaderElection1021: begin an election at term 45 for -1: [12ad0800-05cb-443c-9fdd-fa1debf04523:192.168.34.25:41155, 5170c5f3-8499-4b42-9321-85fc8a351f79:192.168.34.25:43074, 0b10a9fc-47eb-4a2b-b664-8273d9d17379:192.168.34.25:45248], old=null
2019-10-18 07:23:53,388 [grpc-default-executor-4] INFO  impl.RaftServerImpl (RaftServerImpl.java:setRole(184)) - 5170c5f3-8499-4b42-9321-85fc8a351f79@group-BCB82A5C07F5: changes role from  FOLLOWER to FOLLOWER at term 45 for recognizeCandidate:12ad0800-05cb-443c-9fdd-fa1debf04523
2019-10-18 07:23:53,388 [grpc-default-executor-17] INFO  impl.RaftServerImpl (RaftServerImpl.java:setRole(184)) - 0b10a9fc-47eb-4a2b-b664-8273d9d17379@group-BCB82A5C07F5: changes role from  FOLLOWER to FOLLOWER at term 45 for recognizeCandidate:12ad0800-05cb-443c-9fdd-fa1debf04523
2019-10-18 07:23:53,388 [grpc-default-executor-17] INFO  impl.RoleInfo (RoleInfo.java:shutdownFollowerState(121)) - 0b10a9fc-47eb-4a2b-b664-8273d9d17379: shutdown FollowerState
2019-10-18 07:23:53,388 [grpc-default-executor-4] INFO  impl.RoleInfo (RoleInfo.java:shutdownFollowerState(121)) - 5170c5f3-8499-4b42-9321-85fc8a351f79: shutdown FollowerState
2019-10-18 07:23:53,388 [Thread-9257] INFO  impl.FollowerState (FollowerState.java:run(117)) - 0b10a9fc-47eb-4a2b-b664-8273d9d17379@group-BCB82A5C07F5-FollowerState was interrupted: java.lang.InterruptedException: sleep interrupted
2019-10-18 07:23:53,388 [grpc-default-executor-17] INFO  impl.RoleInfo (RoleInfo.java:updateAndGet(143)) - 0b10a9fc-47eb-4a2b-b664-8273d9d17379: start FollowerState
2019-10-18 07:23:53,388 [Thread-9256] INFO  impl.FollowerState (FollowerState.java:run(117)) - 5170c5f3-8499-4b42-9321-85fc8a351f79@group-BCB82A5C07F5-FollowerState was interrupted: java.lang.InterruptedException: sleep interrupted
2019-10-18 07:23:53,388 [grpc-default-executor-4] INFO  impl.RoleInfo (RoleInfo.java:updateAndGet(143)) - 5170c5f3-8499-4b42-9321-85fc8a351f79: start FollowerState
2019-10-18 07:23:53,406 [4dea926d-4bc6-487a-9b9b-9fd457d0fae4@group-0C9C3B2D0CC1-LeaderElection1022] INFO  impl.LeaderElection (LeaderElection.java:askForVotes(178)) - 4dea926d-4bc6-487a-9b9b-9fd457d0fae4@group-0C9C3B2D0CC1-LeaderElection1022: begin an election at term 40 for -1: [6633f50a-7046-4b08-9937-8e25f1b14b15:192.168.34.25:39338, 67270882-100a-4e75-928d-618d17e069c8:192.168.34.25:36648, 4dea926d-4bc6-487a-9b9b-9fd457d0fae4:192.168.34.25:41624], old=null
2019-10-18 07:23:53,406 [12ad0800-05cb-443c-9fdd-fa1debf04523@group-BCB82A5C07F5-LeaderElection1021] INFO  impl.LeaderElection (LeaderElection.java:logAndReturn(56)) - 12ad0800-05cb-443c-9fdd-fa1debf04523@group-BCB82A5C07F5-LeaderElection1021: Election REJECTED; received 2 response(s) [12ad0800-05cb-443c-9fdd-fa1debf04523<-5170c5f3-8499-4b42-9321-85fc8a351f79#0:FAIL-t45, 12ad0800-05cb-443c-9fdd-fa1debf04523<-0b10a9fc-47eb-4a2b-b664-8273d9d17379#0:FAIL-t45] and 0 exception(s); 12ad0800-05cb-443c-9fdd-fa1debf04523@group-BCB82A5C07F5:t45, leader=null, voted=12ad0800-05cb-443c-9fdd-fa1debf04523, raftlog=12ad0800-05cb-443c-9fdd-fa1debf04523@group-BCB82A5C07F5-SegmentedRaftLog:OPENED:c-1,f-1,i0, conf=-1: [12ad0800-05cb-443c-9fdd-fa1debf04523:192.168.34.25:41155, 5170c5f3-8499-4b42-9321-85fc8a351f79:192.168.34.25:43074, 0b10a9fc-47eb-4a2b-b664-8273d9d17379:192.168.34.25:45248], old=null
2019-10-18 07:23:53,406 [12ad0800-05cb-443c-9fdd-fa1debf04523@group-BCB82A5C07F5-LeaderElection1021] INFO  impl.RaftServerImpl (RaftServerImpl.java:setRole(184)) - 12ad0800-05cb-443c-9fdd-fa1debf04523@group-BCB82A5C07F5: changes role from CANDIDATE to FOLLOWER at term 45 for DISCOVERED_A_NEW_TERM
2019-10-18 07:23:53,407 [12ad0800-05cb-443c-9fdd-fa1debf04523@group-BCB82A5C07F5-LeaderElection1021] INFO  impl.RoleInfo (RoleInfo.java:shutdownLeaderElection(134)) - 12ad0800-05cb-443c-9fdd-fa1debf04523: shutdown LeaderElection
2019-10-18 07:23:53,407 [12ad0800-05cb-443c-9fdd-fa1debf04523@group-BCB82A5C07F5-LeaderElection1021] INFO  impl.RoleInfo (RoleInfo.java:updateAndGet(143)) - 12ad0800-05cb-443c-9fdd-fa1debf04523: start FollowerState
2019-10-18 07:23:53,407 [grpc-default-executor-17] INFO  impl.RaftServerImpl (RaftServerImpl.java:setRole(184)) - 6633f50a-7046-4b08-9937-8e25f1b14b15@group-0C9C3B2D0CC1: changes role from  FOLLOWER to FOLLOWER at term 40 for recognizeCandidate:4dea926d-4bc6-487a-9b9b-9fd457d0fae4
2019-10-18 07:23:53,407 [grpc-default-executor-17] INFO  impl.RoleInfo (RoleInfo.java:shutdownFollowerState(121)) - 6633f50a-7046-4b08-9937-8e25f1b14b15: shutdown FollowerState
2019-10-18 07:23:53,407 [grpc-default-executor-17] INFO  impl.RoleInfo (RoleInfo.java:updateAndGet(143)) - 6633f50a-7046-4b08-9937-8e25f1b14b15: start FollowerState
2019-10-18 07:23:53,407 [Thread-9269] INFO  impl.FollowerState (FollowerState.java:run(117)) - 6633f50a-7046-4b08-9937-8e25f1b14b15@group-0C9C3B2D0CC1-FollowerState was interrupted: java.lang.InterruptedException: sleep interrupted
2019-10-18 07:23:53,407 [grpc-default-executor-4] INFO  impl.RaftServerImpl (RaftServerImpl.java:setRole(184)) - 67270882-100a-4e75-928d-618d17e069c8@group-0C9C3B2D0CC1: changes role from  FOLLOWER to FOLLOWER at term 40 for recognizeCandidate:4dea926d-4bc6-487a-9b9b-9fd457d0fae4
2019-10-18 07:23:53,407 [grpc-default-executor-4] INFO  impl.RoleInfo (RoleInfo.java:shutdownFollowerState(121)) - 67270882-100a-4e75-928d-618d17e069c8: shutdown FollowerState
2019-10-18 07:23:53,407 [grpc-default-executor-4] INFO  impl.RoleInfo (RoleInfo.java:updateAndGet(143)) - 67270882-100a-4e75-928d-618d17e069c8: start FollowerState
2019-10-18 07:23:53,407 [Thread-9270] INFO  impl.FollowerState (FollowerState.java:run(117)) - 67270882-100a-4e75-928d-618d17e069c8@group-0C9C3B2D0CC1-FollowerState was interrupted: java.lang.InterruptedException: sleep interrupted
2019-10-18 07:23:53,432 [4dea926d-4bc6-487a-9b9b-9fd457d0fae4@group-0C9C3B2D0CC1-LeaderElection1022] INFO  impl.LeaderElection (LeaderElection.java:logAndReturn(56)) - 4dea926d-4bc6-487a-9b9b-9fd457d0fae4@group-0C9C3B2D0CC1-LeaderElection1022: Election REJECTED; received 2 response(s) [4dea926d-4bc6-487a-9b9b-9fd457d0fae4<-6633f50a-7046-4b08-9937-8e25f1b14b15#0:FAIL-t40, 4dea926d-4bc6-487a-9b9b-9fd457d0fae4<-67270882-100a-4e75-928d-618d17e069c8#0:FAIL-t40] and 0 exception(s); 4dea926d-4bc6-487a-9b9b-9fd457d0fae4@group-0C9C3B2D0CC1:t40, leader=null, voted=4dea926d-4bc6-487a-9b9b-9fd457d0fae4, raftlog=4dea926d-4bc6-487a-9b9b-9fd457d0fae4@group-0C9C3B2D0CC1-SegmentedRaftLog:OPENED:c-1,f-1,i0, conf=-1: [6633f50a-7046-4b08-9937-8e25f1b14b15:192.168.34.25:39338, 67270882-100a-4e75-928d-618d17e069c8:192.168.34.25:36648, 4dea926d-4bc6-487a-9b9b-9fd457d0fae4:192.168.34.25:41624], old=null
2019-10-18 07:23:53,432 [4dea926d-4bc6-487a-9b9b-9fd457d0fae4@group-0C9C3B2D0CC1-LeaderElection1022] INFO  impl.RaftServerImpl (RaftServerImpl.java:setRole(184)) - 4dea926d-4bc6-487a-9b9b-9fd457d0fae4@group-0C9C3B2D0CC1: changes role from CANDIDATE to FOLLOWER at term 40 for DISCOVERED_A_NEW_TERM
2019-10-18 07:23:53,432 [4dea926d-4bc6-487a-9b9b-9fd457d0fae4@group-0C9C3B2D0CC1-LeaderElection1022] INFO  impl.RoleInfo (RoleInfo.java:shutdownLeaderElection(134)) - 4dea926d-4bc6-487a-9b9b-9fd457d0fae4: shutdown LeaderElection
2019-10-18 07:23:53,432 [4dea926d-4bc6-487a-9b9b-9fd457d0fae4@group-0C9C3B2D0CC1-LeaderElection1022] INFO  impl.RoleInfo (RoleInfo.java:updateAndGet(143)) - 4dea926d-4bc6-487a-9b9b-9fd457d0fae4: start FollowerState
2019-10-18 07:23:53,454 [Thread-9286] INFO  impl.FollowerState (FollowerState.java:run(108)) - 4dea926d-4bc6-487a-9b9b-9fd457d0fae4@group-0C9C3B2D0CC1-FollowerState: change to CANDIDATE, lastRpcTime:22ms, electionTimeout:22ms
2019-10-18 07:23:53,454 [Thread-9286] INFO  impl.RoleInfo (RoleInfo.java:shutdownFollowerState(121)) - 4dea926d-4bc6-487a-9b9b-9fd457d0fae4: shutdown FollowerState
2019-10-18 07:23:53,454 [Thread-9286] INFO  impl.RaftServerImpl (RaftServerImpl.java:setRole(184)) - 4dea926d-4bc6-487a-9b9b-9fd457d0fae4@group-0C9C3B2D0CC1: changes role from  FOLLOWER to CANDIDATE at term 40 for changeToCandidate
2019-10-18 07:23:53,455 [Thread-9286] INFO  impl.RoleInfo (RoleInfo.java:updateAndGet(143)) - 4dea926d-4bc6-487a-9b9b-9fd457d0fae4: start LeaderElection
2019-10-18 07:23:53,478 [4dea926d-4bc6-487a-9b9b-9fd457d0fae4@group-0C9C3B2D0CC1-LeaderElection1023] INFO  impl.LeaderElection (LeaderElection.java:askForVotes(178)) - 4dea926d-4bc6-487a-9b9b-9fd457d0fae4@group-0C9C3B2D0CC1-LeaderElection1023: begin an election at term 41 for -1: [6633f50a-7046-4b08-9937-8e25f1b14b15:192.168.34.25:39338, 67270882-100a-4e75-928d-618d17e069c8:192.168.34.25:36648, 4dea926d-4bc6-487a-9b9b-9fd457d0fae4:192.168.34.25:41624], old=null
2019-10-18 07:23:53,479 [grpc-default-executor-4] INFO  impl.RaftServerImpl (RaftServerImpl.java:setRole(184)) - 6633f50a-7046-4b08-9937-8e25f1b14b15@group-0C9C3B2D0CC1: changes role from  FOLLOWER to FOLLOWER at term 41 for recognizeCandidate:4dea926d-4bc6-487a-9b9b-9fd457d0fae4
2019-10-18 07:23:53,479 [grpc-default-executor-4] INFO  impl.RoleInfo (RoleInfo.java:shutdownFollowerState(121)) - 6633f50a-7046-4b08-9937-8e25f1b14b15: shutdown FollowerState
2019-10-18 07:23:53,479 [grpc-default-executor-17] INFO  impl.RaftServerImpl (RaftServerImpl.java:setRole(184)) - 67270882-100a-4e75-928d-618d17e069c8@group-0C9C3B2D0CC1: changes role from  FOLLOWER to FOLLOWER at term 41 for recognizeCandidate:4dea926d-4bc6-487a-9b9b-9fd457d0fae4
2019-10-18 07:23:53,480 [grpc-default-executor-17] INFO  impl.RoleInfo (RoleInfo.java:shutdownFollowerState(121)) - 67270882-100a-4e75-928d-618d17e069c8: shutdown FollowerState
2019-10-18 07:23:53,480 [Thread-9284] INFO  impl.FollowerState (FollowerState.java:run(117)) - 6633f50a-7046-4b08-9937-8e25f1b14b15@group-0C9C3B2D0CC1-FollowerState was interrupted: java.lang.InterruptedException: sleep interrupted
2019-10-18 07:23:53,479 [grpc-default-executor-4] INFO  impl.RoleInfo (RoleInfo.java:updateAndGet(143)) - 6633f50a-7046-4b08-9937-8e25f1b14b15: start FollowerState
2019-10-18 07:23:53,480 [Thread-9285] INFO  impl.FollowerState (FollowerState.java:run(117)) - 67270882-100a-4e75-928d-618d17e069c8@group-0C9C3B2D0CC1-FollowerState was interrupted: java.lang.InterruptedException: sleep interrupted
2019-10-18 07:23:53,480 [grpc-default-executor-17] INFO  impl.RoleInfo (RoleInfo.java:updateAndGet(143)) - 67270882-100a-4e75-928d-618d17e069c8: start FollowerState
2019-10-18 07:23:53,504 [4dea926d-4bc6-487a-9b9b-9fd457d0fae4@group-0C9C3B2D0CC1-LeaderElection1023] INFO  impl.LeaderElection (LeaderElection.java:logAndReturn(56)) - 4dea926d-4bc6-487a-9b9b-9fd457d0fae4@group-0C9C3B2D0CC1-LeaderElection1023: Election REJECTED; received 2 response(s) [4dea926d-4bc6-487a-9b9b-9fd457d0fae4<-6633f50a-7046-4b08-9937-8e25f1b14b15#0:FAIL-t41, 4dea926d-4bc6-487a-9b9b-9fd457d0fae4<-67270882-100a-4e75-928d-618d17e069c8#0:FAIL-t41] and 0 exception(s); 4dea926d-4bc6-487a-9b9b-9fd457d0fae4@group-0C9C3B2D0CC1:t41, leader=null, voted=4dea926d-4bc6-487a-9b9b-9fd457d0fae4, raftlog=4dea926d-4bc6-487a-9b9b-9fd457d0fae4@group-0C9C3B2D0CC1-SegmentedRaftLog:OPENED:c-1,f-1,i0, conf=-1: [6633f50a-7046-4b08-9937-8e25f1b14b15:192.168.34.25:39338, 67270882-100a-4e75-928d-618d17e069c8:192.168.34.25:36648, 4dea926d-4bc6-487a-9b9b-9fd457d0fae4:192.168.34.25:41624], old=null
2019-10-18 07:23:53,504 [4dea926d-4bc6-487a-9b9b-9fd457d0fae4@group-0C9C3B2D0CC1-LeaderElection1023] INFO  impl.RaftServerImpl (RaftServerImpl.java:setRole(184)) - 4dea926d-4bc6-487a-9b9b-9fd457d0fae4@group-0C9C3B2D0CC1: changes role from CANDIDATE to FOLLOWER at term 41 for DISCOVERED_A_NEW_TERM
2019-10-18 07:23:53,504 [4dea926d-4bc6-487a-9b9b-9fd457d0fae4@group-0C9C3B2D0CC1-LeaderElection1023] INFO  impl.RoleInfo (RoleInfo.java:shutdownLeaderElection(134)) - 4dea926d-4bc6-487a-9b9b-9fd457d0fae4: shutdown LeaderElection
2019-10-18 07:23:53,504 [4dea926d-4bc6-487a-9b9b-9fd457d0fae4@group-0C9C3B2D0CC1-LeaderElection1023] INFO  impl.RoleInfo (RoleInfo.java:updateAndGet(143)) - 4dea926d-4bc6-487a-9b9b-9fd457d0fae4: start FollowerState
2019-10-18 07:23:53,581 [Thread-9283] INFO  impl.FollowerState (FollowerState.java:run(108)) - 12ad0800-05cb-443c-9fdd-fa1debf04523@group-BCB82A5C07F5-FollowerState: change to CANDIDATE, lastRpcTime:174ms, electionTimeout:174ms
2019-10-18 07:23:53,581 [Thread-9283] INFO  impl.RoleInfo (RoleInfo.java:shutdownFollowerState(121)) - 12ad0800-05cb-443c-9fdd-fa1debf04523: shutdown FollowerState
2019-10-18 07:23:53,581 [Thread-9283] INFO  impl.RaftServerImpl (RaftServerImpl.java:setRole(184)) - 12ad0800-05cb-443c-9fdd-fa1debf04523@group-BCB82A5C07F5: changes role from  FOLLOWER to CANDIDATE at term 45 for changeToCandidate
2019-10-18 07:23:53,581 [Thread-9283] INFO  impl.RoleInfo (RoleInfo.java:updateAndGet(143)) - 12ad0800-05cb-443c-9fdd-fa1debf04523: start LeaderElection
2019-10-18 07:23:53,605 [12ad0800-05cb-443c-9fdd-fa1debf04523@group-BCB82A5C07F5-LeaderElection1024] INFO  impl.LeaderElection (LeaderElection.java:askForVotes(178)) - 12ad0800-05cb-443c-9fdd-fa1debf04523@group-BCB82A5C07F5-LeaderElection1024: begin an election at term 46 for -1: [12ad0800-05cb-443c-9fdd-fa1debf04523:192.168.34.25:41155, 5170c5f3-8499-4b42-9321-85fc8a351f79:192.168.34.25:43074, 0b10a9fc-47eb-4a2b-b664-8273d9d17379:192.168.34.25:45248], old=null
2019-10-18 07:23:53,607 [grpc-default-executor-17] INFO  impl.RaftServerImpl (RaftServerImpl.java:setRole(184)) - 5170c5f3-8499-4b42-9321-85fc8a351f79@group-BCB82A5C07F5: changes role from  FOLLOWER to FOLLOWER at term 46 for recognizeCandidate:12ad0800-05cb-443c-9fdd-fa1debf04523
2019-10-18 07:23:53,607 [grpc-default-executor-17] INFO  impl.RoleInfo (RoleInfo.java:shutdownFollowerState(121)) - 5170c5f3-8499-4b42-9321-85fc8a351f79: shutdown FollowerState
2019-10-18 07:23:53,607 [grpc-default-executor-4] INFO  impl.RaftServerImpl (RaftServerImpl.java:setRole(184)) - 0b10a9fc-47eb-4a2b-b664-8273d9d17379@group-BCB82A5C07F5: changes role from  FOLLOWER to FOLLOWER at term 46 for recognizeCandidate:12ad0800-05cb-443c-9fdd-fa1debf04523
2019-10-18 07:23:53,607 [grpc-default-executor-4] INFO  impl.RoleInfo (RoleInfo.java:shutdownFollowerState(121)) - 0b10a9fc-47eb-4a2b-b664-8273d9d17379: shutdown FollowerState
2019-10-18 07:23:53,607 [Thread-9280] INFO  impl.FollowerState (FollowerState.java:run(117)) - 5170c5f3-8499-4b42-9321-85fc8a351f79@group-BCB82A5C07F5-FollowerState was interrupted: java.lang.InterruptedException: sleep interrupted
2019-10-18 07:23:53,607 [grpc-default-executor-17] INFO  impl.RoleInfo (RoleInfo.java:updateAndGet(143)) - 5170c5f3-8499-4b42-9321-85fc8a351f79: start FollowerState
2019-10-18 07:23:53,607 [Thread-9279] INFO  impl.FollowerState (FollowerState.java:run(117)) - 0b10a9fc-47eb-4a2b-b664-8273d9d17379@group-BCB82A5C07F5-FollowerState was interrupted: java.lang.InterruptedException: sleep interrupted
2019-10-18 07:23:53,607 [grpc-default-executor-4] INFO  impl.RoleInfo (RoleInfo.java:updateAndGet(143)) - 0b10a9fc-47eb-4a2b-b664-8273d9d17379: start FollowerState
2019-10-18 07:23:53,630 [Thread-9292] INFO  impl.FollowerState (FollowerState.java:run(108)) - 4dea926d-4bc6-487a-9b9b-9fd457d0fae4@group-0C9C3B2D0CC1-FollowerState: change to CANDIDATE, lastRpcTime:126ms, electionTimeout:126ms
2019-10-18 07:23:53,630 [Thread-9292] INFO  impl.RoleInfo (RoleInfo.java:shutdownFollowerState(121)) - 4dea926d-4bc6-487a-9b9b-9fd457d0fae4: shutdown FollowerState
2019-10-18 07:23:53,630 [Thread-9292] INFO  impl.RaftServerImpl (RaftServerImpl.java:setRole(184)) - 4dea926d-4bc6-487a-9b9b-9fd457d0fae4@group-0C9C3B2D0CC1: changes role from  FOLLOWER to CANDIDATE at term 41 for changeToCandidate
2019-10-18 07:23:53,631 [Thread-9292] INFO  impl.RoleInfo (RoleInfo.java:updateAndGet(143)) - 4dea926d-4bc6-487a-9b9b-9fd457d0fae4: start LeaderElection
2019-10-18 07:23:53,631 [12ad0800-05cb-443c-9fdd-fa1debf04523@group-BCB82A5C07F5-LeaderElection1024] INFO  impl.LeaderElection (LeaderElection.java:logAndReturn(56)) - 12ad0800-05cb-443c-9fdd-fa1debf04523@group-BCB82A5C07F5-LeaderElection1024: Election REJECTED; received 2 response(s) [12ad0800-05cb-443c-9fdd-fa1debf04523<-5170c5f3-8499-4b42-9321-85fc8a351f79#0:FAIL-t46, 12ad0800-05cb-443c-9fdd-fa1debf04523<-0b10a9fc-47eb-4a2b-b664-8273d9d17379#0:FAIL-t46] and 0 exception(s); 12ad0800-05cb-443c-9fdd-fa1debf04523@group-BCB82A5C07F5:t46, leader=null, voted=12ad0800-05cb-443c-9fdd-fa1debf04523, raftlog=12ad0800-05cb-443c-9fdd-fa1debf04523@group-BCB82A5C07F5-SegmentedRaftLog:OPENED:c-1,f-1,i0, conf=-1: [12ad0800-05cb-443c-9fdd-fa1debf04523:192.168.34.25:41155, 5170c5f3-8499-4b42-9321-85fc8a351f79:192.168.34.25:43074, 0b10a9fc-47eb-4a2b-b664-8273d9d17379:192.168.34.25:45248], old=null
2019-10-18 07:23:53,631 [12ad0800-05cb-443c-9fdd-fa1debf04523@group-BCB82A5C07F5-LeaderElection1024] INFO  impl.RaftServerImpl (RaftServerImpl.java:setRole(184)) - 12ad0800-05cb-443c-9fdd-fa1debf04523@group-BCB82A5C07F5: changes role from CANDIDATE to FOLLOWER at term 46 for DISCOVERED_A_NEW_TERM
2019-10-18 07:23:53,631 [12ad0800-05cb-443c-9fdd-fa1debf04523@group-BCB82A5C07F5-LeaderElection1024] INFO  impl.RoleInfo (RoleInfo.java:shutdownLeaderElection(134)) - 12ad0800-05cb-443c-9fdd-fa1debf04523: shutdown LeaderElection
2019-10-18 07:23:53,631 [12ad0800-05cb-443c-9fdd-fa1debf04523@group-BCB82A5C07F5-LeaderElection1024] INFO  impl.RoleInfo (RoleInfo.java:updateAndGet(143)) - 12ad0800-05cb-443c-9fdd-fa1debf04523: start FollowerState
2019-10-18 07:23:53,649 [4dea926d-4bc6-487a-9b9b-9fd457d0fae4@group-0C9C3B2D0CC1-LeaderElection1025] INFO  impl.LeaderElection (LeaderElection.java:askForVotes(178)) - 4dea926d-4bc6-487a-9b9b-9fd457d0fae4@group-0C9C3B2D0CC1-LeaderElection1025: begin an election at term 42 for -1: [6633f50a-7046-4b08-9937-8e25f1b14b15:192.168.34.25:39338, 67270882-100a-4e75-928d-618d17e069c8:192.168.34.25:36648, 4dea926d-4bc6-487a-9b9b-9fd457d0fae4:192.168.34.25:41624], old=null
2019-10-18 07:23:53,651 [grpc-default-executor-17] INFO  impl.RaftServerImpl (RaftServerImpl.java:setRole(184)) - 6633f50a-7046-4b08-9937-8e25f1b14b15@group-0C9C3B2D0CC1: changes role from  FOLLOWER to FOLLOWER at term 42 for recognizeCandidate:4dea926d-4bc6-487a-9b9b-9fd457d0fae4
2019-10-18 07:23:53,651 [grpc-default-executor-17] INFO  impl.RoleInfo (RoleInfo.java:shutdownFollowerState(121)) - 6633f50a-7046-4b08-9937-8e25f1b14b15: shutdown FollowerState
2019-10-18 07:23:53,651 [grpc-default-executor-4] INFO  impl.RaftServerImpl (RaftServerImpl.java:setRole(184)) - 67270882-100a-4e75-928d-618d17e069c8@group-0C9C3B2D0CC1: changes role from  FOLLOWER to FOLLOWER at term 42 for recognizeCandidate:4dea926d-4bc6-487a-9b9b-9fd457d0fae4
2019-10-18 07:23:53,651 [grpc-default-executor-4] INFO  impl.RoleInfo (RoleInfo.java:shutdownFollowerState(121)) - 67270882-100a-4e75-928d-618d17e069c8: shutdown FollowerState
2019-10-18 07:23:53,651 [Thread-9290] INFO  impl.FollowerState (FollowerState.java:run(117)) - 6633f50a-7046-4b08-9937-8e25f1b14b15@group-0C9C3B2D0CC1-FollowerState was interrupted: java.lang.InterruptedException: sleep interrupted
2019-10-18 07:23:53,651 [grpc-default-executor-17] INFO  impl.RoleInfo (RoleInfo.java:updateAndGet(143)) - 6633f50a-7046-4b08-9937-8e25f1b14b15: start FollowerState
2019-10-18 07:23:53,651 [Thread-9291] INFO  impl.FollowerState (FollowerState.java:run(117)) - 67270882-100a-4e75-928d-618d17e069c8@group-0C9C3B2D0CC1-FollowerState was interrupted: java.lang.InterruptedException: sleep interrupted
2019-10-18 07:23:53,651 [grpc-default-executor-4] INFO  impl.RoleInfo (RoleInfo.java:updateAndGet(143)) - 67270882-100a-4e75-928d-618d17e069c8: start FollowerState
2019-10-18 07:23:53,675 [Thread-9299] INFO  impl.FollowerState (FollowerState.java:run(108)) - 12ad0800-05cb-443c-9fdd-fa1debf04523@group-BCB82A5C07F5-FollowerState: change to CANDIDATE, lastRpcTime:43ms, electionTimeout:43ms
2019-10-18 07:23:53,675 [Thread-9299] INFO  impl.RoleInfo (RoleInfo.java:shutdownFollowerState(121)) - 12ad0800-05cb-443c-9fdd-fa1debf04523: shutdown FollowerState
2019-10-18 07:23:53,675 [Thread-9299] INFO  impl.RaftServerImpl (RaftServerImpl.java:setRole(184)) - 12ad0800-05cb-443c-9fdd-fa1debf04523@group-BCB82A5C07F5: changes role from  FOLLOWER to CANDIDATE at term 46 for changeToCandidate
2019-10-18 07:23:53,675 [Thread-9299] INFO  impl.RoleInfo (RoleInfo.java:updateAndGet(143)) - 12ad0800-05cb-443c-9fdd-fa1debf04523: start LeaderElection
2019-10-18 07:23:53,677 [4dea926d-4bc6-487a-9b9b-9fd457d0fae4@group-0C9C3B2D0CC1-LeaderElection1025] INFO  impl.LeaderElection (LeaderElection.java:logAndReturn(56)) - 4dea926d-4bc6-487a-9b9b-9fd457d0fae4@group-0C9C3B2D0CC1-LeaderElection1025: Election TIMEOUT; received 0 response(s) [] and 0 exception(s); 4dea926d-4bc6-487a-9b9b-9fd457d0fae4@group-0C9C3B2D0CC1:t42, leader=null, voted=4dea926d-4bc6-487a-9b9b-9fd457d0fae4, raftlog=4dea926d-4bc6-487a-9b9b-9fd457d0fae4@group-0C9C3B2D0CC1-SegmentedRaftLog:OPENED:c-1,f-1,i0, conf=-1: [6633f50a-7046-4b08-9937-8e25f1b14b15:192.168.34.25:39338, 67270882-100a-4e75-928d-618d17e069c8:192.168.34.25:36648, 4dea926d-4bc6-487a-9b9b-9fd457d0fae4:192.168.34.25:41624], old=null
2019-10-18 07:23:53,733 [4dea926d-4bc6-487a-9b9b-9fd457d0fae4@group-0C9C3B2D0CC1-LeaderElection1025] INFO  impl.LeaderElection (LeaderElection.java:askForVotes(178)) - 4dea926d-4bc6-487a-9b9b-9fd457d0fae4@group-0C9C3B2D0CC1-LeaderElection1025: begin an election at term 43 for -1: [6633f50a-7046-4b08-9937-8e25f1b14b15:192.168.34.25:39338, 67270882-100a-4e75-928d-618d17e069c8:192.168.34.25:36648, 4dea926d-4bc6-487a-9b9b-9fd457d0fae4:192.168.34.25:41624], old=null
2019-10-18 07:23:53,733 [12ad0800-05cb-443c-9fdd-fa1debf04523@group-BCB82A5C07F5-LeaderElection1026] INFO  impl.LeaderElection (LeaderElection.java:askForVotes(178)) - 12ad0800-05cb-443c-9fdd-fa1debf04523@group-BCB82A5C07F5-LeaderElection1026: begin an election at term 47 for -1: [12ad0800-05cb-443c-9fdd-fa1debf04523:192.168.34.25:41155, 5170c5f3-8499-4b42-9321-85fc8a351f79:192.168.34.25:43074, 0b10a9fc-47eb-4a2b-b664-8273d9d17379:192.168.34.25:45248], old=null
2019-10-18 07:23:53,734 [grpc-default-executor-4] INFO  impl.RaftServerImpl (RaftServerImpl.java:setRole(184)) - 6633f50a-7046-4b08-9937-8e25f1b14b15@group-0C9C3B2D0CC1: changes role from  FOLLOWER to FOLLOWER at term 43 for recognizeCandidate:4dea926d-4bc6-487a-9b9b-9fd457d0fae4
2019-10-18 07:23:53,734 [grpc-default-executor-17] INFO  impl.RaftServerImpl (RaftServerImpl.java:setRole(184)) - 67270882-100a-4e75-928d-618d17e069c8@group-0C9C3B2D0CC1: changes role from  FOLLOWER to FOLLOWER at term 43 for recognizeCandidate:4dea926d-4bc6-487a-9b9b-9fd457d0fae4
2019-10-18 07:23:53,734 [grpc-default-executor-17] INFO  impl.RoleInfo (RoleInfo.java:shutdownFollowerState(121)) - 67270882-100a-4e75-928d-618d17e069c8: shutdown FollowerState
2019-10-18 07:23:53,734 [grpc-default-executor-4] INFO  impl.RoleInfo (RoleInfo.java:shutdownFollowerState(121)) - 6633f50a-7046-4b08-9937-8e25f1b14b15: shutdown FollowerState
2019-10-18 07:23:53,735 [Thread-9303] INFO  impl.FollowerState (FollowerState.java:run(117)) - 67270882-100a-4e75-928d-618d17e069c8@group-0C9C3B2D0CC1-FollowerState was interrupted: java.lang.InterruptedException: sleep interrupted
2019-10-18 07:23:53,735 [grpc-default-executor-17] INFO  impl.RoleInfo (RoleInfo.java:updateAndGet(143)) - 67270882-100a-4e75-928d-618d17e069c8: start FollowerState
2019-10-18 07:23:53,735 [grpc-default-executor-16] INFO  impl.RaftServerImpl (RaftServerImpl.java:setRole(184)) - 5170c5f3-8499-4b42-9321-85fc8a351f79@group-BCB82A5C07F5: changes role from  FOLLOWER to FOLLOWER at term 47 for recognizeCandidate:12ad0800-05cb-443c-9fdd-fa1debf04523
2019-10-18 07:23:53,735 [Thread-9302] INFO  impl.FollowerState (FollowerState.java:run(117)) - 6633f50a-7046-4b08-9937-8e25f1b14b15@group-0C9C3B2D0CC1-FollowerState was interrupted: java.lang.InterruptedException: sleep interrupted
2019-10-18 07:23:53,735 [grpc-default-executor-11] INFO  impl.RaftServerImpl (RaftServerImpl.java:setRole(184)) - 0b10a9fc-47eb-4a2b-b664-8273d9d17379@group-BCB82A5C07F5: changes role from  FOLLOWER to FOLLOWER at term 47 for recognizeCandidate:12ad0800-05cb-443c-9fdd-fa1debf04523
2019-10-18 07:23:53,736 [grpc-default-executor-11] INFO  impl.RoleInfo (RoleInfo.java:shutdownFollowerState(121)) - 0b10a9fc-47eb-4a2b-b664-8273d9d17379: shutdown FollowerState
2019-10-18 07:23:53,735 [grpc-default-executor-4] INFO  impl.RoleInfo (RoleInfo.java:updateAndGet(143)) - 6633f50a-7046-4b08-9937-8e25f1b14b15: start FollowerState
2019-10-18 07:23:53,736 [Thread-9297] INFO  impl.FollowerState (FollowerState.java:run(117)) - 0b10a9fc-47eb-4a2b-b664-8273d9d17379@group-BCB82A5C07F5-FollowerState was interrupted: java.lang.InterruptedException: sleep interrupted
2019-10-18 07:23:53,736 [grpc-default-executor-11] INFO  impl.RoleInfo (RoleInfo.java:updateAndGet(143)) - 0b10a9fc-47eb-4a2b-b664-8273d9d17379: start FollowerState
2019-10-18 07:23:53,735 [grpc-default-executor-16] INFO  impl.RoleInfo (RoleInfo.java:shutdownFollowerState(121)) - 5170c5f3-8499-4b42-9321-85fc8a351f79: shutdown FollowerState
2019-10-18 07:23:53,736 [grpc-default-executor-16] INFO  impl.RoleInfo (RoleInfo.java:updateAndGet(143)) - 5170c5f3-8499-4b42-9321-85fc8a351f79: start FollowerState
2019-10-18 07:23:53,736 [Thread-9296] INFO  impl.FollowerState (FollowerState.java:run(117)) - 5170c5f3-8499-4b42-9321-85fc8a351f79@group-BCB82A5C07F5-FollowerState was interrupted: java.lang.InterruptedException: sleep interrupted
2019-10-18 07:23:53,760 [4dea926d-4bc6-487a-9b9b-9fd457d0fae4@group-0C9C3B2D0CC1-LeaderElection1025] INFO  impl.LeaderElection (LeaderElection.java:logAndReturn(56)) - 4dea926d-4bc6-487a-9b9b-9fd457d0fae4@group-0C9C3B2D0CC1-LeaderElection1025: Election REJECTED; received 2 response(s) [4dea926d-4bc6-487a-9b9b-9fd457d0fae4<-6633f50a-7046-4b08-9937-8e25f1b14b15#0:FAIL-t43, 4dea926d-4bc6-487a-9b9b-9fd457d0fae4<-67270882-100a-4e75-928d-618d17e069c8#0:FAIL-t43] and 0 exception(s); 4dea926d-4bc6-487a-9b9b-9fd457d0fae4@group-0C9C3B2D0CC1:t43, leader=null, voted=4dea926d-4bc6-487a-9b9b-9fd457d0fae4, raftlog=4dea926d-4bc6-487a-9b9b-9fd457d0fae4@group-0C9C3B2D0CC1-SegmentedRaftLog:OPENED:c-1,f-1,i0, conf=-1: [6633f50a-7046-4b08-9937-8e25f1b14b15:192.168.34.25:39338, 67270882-100a-4e75-928d-618d17e069c8:192.168.34.25:36648, 4dea926d-4bc6-487a-9b9b-9fd457d0fae4:192.168.34.25:41624], old=null
2019-10-18 07:23:53,760 [12ad0800-05cb-443c-9fdd-fa1debf04523@group-BCB82A5C07F5-LeaderElection1026] INFO  impl.LeaderElection (LeaderElection.java:logAndReturn(56)) - 12ad0800-05cb-443c-9fdd-fa1debf04523@group-BCB82A5C07F5-LeaderElection1026: Election REJECTED; received 2 response(s) [12ad0800-05cb-443c-9fdd-fa1debf04523<-5170c5f3-8499-4b42-9321-85fc8a351f79#0:FAIL-t47, 12ad0800-05cb-443c-9fdd-fa1debf04523<-0b10a9fc-47eb-4a2b-b664-8273d9d17379#0:FAIL-t47] and 0 exception(s); 12ad0800-05cb-443c-9fdd-fa1debf04523@group-BCB82A5C07F5:t47, leader=null, voted=12ad0800-05cb-443c-9fdd-fa1debf04523, raftlog=12ad0800-05cb-443c-9fdd-fa1debf04523@group-BCB82A5C07F5-SegmentedRaftLog:OPENED:c-1,f-1,i0, conf=-1: [12ad0800-05cb-443c-9fdd-fa1debf04523:192.168.34.25:41155, 5170c5f3-8499-4b42-9321-85fc8a351f79:192.168.34.25:43074, 0b10a9fc-47eb-4a2b-b664-8273d9d17379:192.168.34.25:45248], old=null
2019-10-18 07:23:53,760 [4dea926d-4bc6-487a-9b9b-9fd457d0fae4@group-0C9C3B2D0CC1-LeaderElection1025] INFO  impl.RaftServerImpl (RaftServerImpl.java:setRole(184)) - 4dea926d-4bc6-487a-9b9b-9fd457d0fae4@group-0C9C3B2D0CC1: changes role from CANDIDATE to FOLLOWER at term 43 for DISCOVERED_A_NEW_TERM
2019-10-18 07:23:53,760 [4dea926d-4bc6-487a-9b9b-9fd457d0fae4@group-0C9C3B2D0CC1-LeaderElection1025] INFO  impl.RoleInfo (RoleInfo.java:shutdownLeaderElection(134)) - 4dea926d-4bc6-487a-9b9b-9fd457d0fae4: shutdown LeaderElection
2019-10-18 07:23:53,760 [12ad0800-05cb-443c-9fdd-fa1debf04523@group-BCB82A5C07F5-LeaderElection1026] INFO  impl.RaftServerImpl (RaftServerImpl.java:setRole(184)) - 12ad0800-05cb-443c-9fdd-fa1debf04523@group-BCB82A5C07F5: changes role from CANDIDATE to FOLLOWER at term 47 for DISCOVERED_A_NEW_TERM
2019-10-18 07:23:53,760 [4dea926d-4bc6-487a-9b9b-9fd457d0fae4@group-0C9C3B2D0CC1-LeaderElection1025] INFO  impl.RoleInfo (RoleInfo.java:updateAndGet(143)) - 4dea926d-4bc6-487a-9b9b-9fd457d0fae4: start FollowerState
2019-10-18 07:23:53,760 [12ad0800-05cb-443c-9fdd-fa1debf04523@group-BCB82A5C07F5-LeaderElection1026] INFO  impl.RoleInfo (RoleInfo.java:shutdownLeaderElection(134)) - 12ad0800-05cb-443c-9fdd-fa1debf04523: shutdown LeaderElection
2019-10-18 07:23:53,761 [12ad0800-05cb-443c-9fdd-fa1debf04523@group-BCB82A5C07F5-LeaderElection1026] INFO  impl.RoleInfo (RoleInfo.java:updateAndGet(143)) - 12ad0800-05cb-443c-9fdd-fa1debf04523: start FollowerState
2019-10-18 07:23:53,769 [Thread-9314] INFO  impl.FollowerState (FollowerState.java:run(108)) - 12ad0800-05cb-443c-9fdd-fa1debf04523@group-BCB82A5C07F5-FollowerState: change to CANDIDATE, lastRpcTime:8ms, electionTimeout:8ms
2019-10-18 07:23:53,769 [Thread-9314] INFO  impl.RoleInfo (RoleInfo.java:shutdownFollowerState(121)) - 12ad0800-05cb-443c-9fdd-fa1debf04523: shutdown FollowerState
2019-10-18 07:23:53,769 [Thread-9314] INFO  impl.RaftServerImpl (RaftServerImpl.java:setRole(184)) - 12ad0800-05cb-443c-9fdd-fa1debf04523@group-BCB82A5C07F5: changes role from  FOLLOWER to CANDIDATE at term 47 for changeToCandidate
2019-10-18 07:23:53,769 [Thread-9314] INFO  impl.RoleInfo (RoleInfo.java:updateAndGet(143)) - 12ad0800-05cb-443c-9fdd-fa1debf04523: start LeaderElection
2019-10-18 07:23:53,793 [12ad0800-05cb-443c-9fdd-fa1debf04523@group-BCB82A5C07F5-LeaderElection1027] INFO  impl.LeaderElection (LeaderElection.java:askForVotes(178)) - 12ad0800-05cb-443c-9fdd-fa1debf04523@group-BCB82A5C07F5-LeaderElection1027: begin an election at term 48 for -1: [12ad0800-05cb-443c-9fdd-fa1debf04523:192.168.34.25:41155, 5170c5f3-8499-4b42-9321-85fc8a351f79:192.168.34.25:43074, 0b10a9fc-47eb-4a2b-b664-8273d9d17379:192.168.34.25:45248], old=null
2019-10-18 07:23:53,795 [grpc-default-executor-11] INFO  impl.RaftServerImpl (RaftServerImpl.java:setRole(184)) - 5170c5f3-8499-4b42-9321-85fc8a351f79@group-BCB82A5C07F5: changes role from  FOLLOWER to FOLLOWER at term 48 for recognizeCandidate:12ad0800-05cb-443c-9fdd-fa1debf04523
2019-10-18 07:23:53,795 [grpc-default-executor-11] INFO  impl.RoleInfo (RoleInfo.java:shutdownFollowerState(121)) - 5170c5f3-8499-4b42-9321-85fc8a351f79: shutdown FollowerState
2019-10-18 07:23:53,795 [grpc-default-executor-4] INFO  impl.RaftServerImpl (RaftServerImpl.java:setRole(184)) - 0b10a9fc-47eb-4a2b-b664-8273d9d17379@group-BCB82A5C07F5: changes role from  FOLLOWER to FOLLOWER at term 48 for recognizeCandidate:12ad0800-05cb-443c-9fdd-fa1debf04523
2019-10-18 07:23:53,795 [Thread-9312] INFO  impl.FollowerState (FollowerState.java:run(117)) - 5170c5f3-8499-4b42-9321-85fc8a351f79@group-BCB82A5C07F5-FollowerState was interrupted: java.lang.InterruptedException: sleep interrupted
2019-10-18 07:23:53,795 [grpc-default-executor-11] INFO  impl.RoleInfo (RoleInfo.java:updateAndGet(143)) - 5170c5f3-8499-4b42-9321-85fc8a351f79: start FollowerState
2019-10-18 07:23:53,795 [grpc-default-executor-4] INFO  impl.RoleInfo (RoleInfo.java:shutdownFollowerState(121)) - 0b10a9fc-47eb-4a2b-b664-8273d9d17379: shutdown FollowerState
2019-10-18 07:23:53,795 [grpc-default-executor-4] INFO  impl.RoleInfo (RoleInfo.java:updateAndGet(143)) - 0b10a9fc-47eb-4a2b-b664-8273d9d17379: start FollowerState
2019-10-18 07:23:53,795 [Thread-9311] INFO  impl.FollowerState (FollowerState.java:run(117)) - 0b10a9fc-47eb-4a2b-b664-8273d9d17379@group-BCB82A5C07F5-FollowerState was interrupted: java.lang.InterruptedException: sleep interrupted
2019-10-18 07:23:53,819 [12ad0800-05cb-443c-9fdd-fa1debf04523@group-BCB82A5C07F5-LeaderElection1027] INFO  impl.LeaderElection (LeaderElection.java:logAndReturn(56)) - 12ad0800-05cb-443c-9fdd-fa1debf04523@group-BCB82A5C07F5-LeaderElection1027: Election REJECTED; received 2 response(s) [12ad0800-05cb-443c-9fdd-fa1debf04523<-5170c5f3-8499-4b42-9321-85fc8a351f79#0:FAIL-t48, 12ad0800-05cb-443c-9fdd-fa1debf04523<-0b10a9fc-47eb-4a2b-b664-8273d9d17379#0:FAIL-t48] and 0 exception(s); 12ad0800-05cb-443c-9fdd-fa1debf04523@group-BCB82A5C07F5:t48, leader=null, voted=12ad0800-05cb-443c-9fdd-fa1debf04523, raftlog=12ad0800-05cb-443c-9fdd-fa1debf04523@group-BCB82A5C07F5-SegmentedRaftLog:OPENED:c-1,f-1,i0, conf=-1: [12ad0800-05cb-443c-9fdd-fa1debf04523:192.168.34.25:41155, 5170c5f3-8499-4b42-9321-85fc8a351f79:192.168.34.25:43074, 0b10a9fc-47eb-4a2b-b664-8273d9d17379:192.168.34.25:45248], old=null
2019-10-18 07:23:53,819 [12ad0800-05cb-443c-9fdd-fa1debf04523@group-BCB82A5C07F5-LeaderElection1027] INFO  impl.RaftServerImpl (RaftServerImpl.java:setRole(184)) - 12ad0800-05cb-443c-9fdd-fa1debf04523@group-BCB82A5C07F5: changes role from CANDIDATE to FOLLOWER at term 48 for DISCOVERED_A_NEW_TERM
2019-10-18 07:23:53,819 [12ad0800-05cb-443c-9fdd-fa1debf04523@group-BCB82A5C07F5-LeaderElection1027] INFO  impl.RoleInfo (RoleInfo.java:shutdownLeaderElection(134)) - 12ad0800-05cb-443c-9fdd-fa1debf04523: shutdown LeaderElection
2019-10-18 07:23:53,819 [12ad0800-05cb-443c-9fdd-fa1debf04523@group-BCB82A5C07F5-LeaderElection1027] INFO  impl.RoleInfo (RoleInfo.java:updateAndGet(143)) - 12ad0800-05cb-443c-9fdd-fa1debf04523: start FollowerState
2019-10-18 07:23:53,831 [Thread-9313] INFO  impl.FollowerState (FollowerState.java:run(108)) - 4dea926d-4bc6-487a-9b9b-9fd457d0fae4@group-0C9C3B2D0CC1-FollowerState: change to CANDIDATE, lastRpcTime:70ms, electionTimeout:70ms
2019-10-18 07:23:53,831 [Thread-9313] INFO  impl.RoleInfo (RoleInfo.java:shutdownFollowerState(121)) - 4dea926d-4bc6-487a-9b9b-9fd457d0fae4: shutdown FollowerState
2019-10-18 07:23:53,831 [Thread-9313] INFO  impl.RaftServerImpl (RaftServerImpl.java:setRole(184)) - 4dea926d-4bc6-487a-9b9b-9fd457d0fae4@group-0C9C3B2D0CC1: changes role from  FOLLOWER to CANDIDATE at term 43 for changeToCandidate
2019-10-18 07:23:53,831 [Thread-9313] INFO  impl.RoleInfo (RoleInfo.java:updateAndGet(143)) - 4dea926d-4bc6-487a-9b9b-9fd457d0fae4: start LeaderElection
2019-10-18 07:23:53,853 [4dea926d-4bc6-487a-9b9b-9fd457d0fae4@group-0C9C3B2D0CC1-LeaderElection1028] INFO  impl.LeaderElection (LeaderElection.java:askForVotes(178)) - 4dea926d-4bc6-487a-9b9b-9fd457d0fae4@group-0C9C3B2D0CC1-LeaderElection1028: begin an election at term 44 for -1: [6633f50a-7046-4b08-9937-8e25f1b14b15:192.168.34.25:39338, 67270882-100a-4e75-928d-618d17e069c8:192.168.34.25:36648, 4dea926d-4bc6-487a-9b9b-9fd457d0fae4:192.168.34.25:41624], old=null
2019-10-18 07:23:53,854 [grpc-default-executor-11] INFO  impl.RaftServerImpl (RaftServerImpl.java:setRole(184)) - 6633f50a-7046-4b08-9937-8e25f1b14b15@group-0C9C3B2D0CC1: changes role from  FOLLOWER to FOLLOWER at term 44 for recognizeCandidate:4dea926d-4bc6-487a-9b9b-9fd457d0fae4
2019-10-18 07:23:53,854 [grpc-default-executor-11] INFO  impl.RoleInfo (RoleInfo.java:shutdownFollowerState(121)) - 6633f50a-7046-4b08-9937-8e25f1b14b15: shutdown FollowerState
2019-10-18 07:23:53,855 [grpc-default-executor-11] INFO  impl.RoleInfo (RoleInfo.java:updateAndGet(143)) - 6633f50a-7046-4b08-9937-8e25f1b14b15: start FollowerState
2019-10-18 07:23:53,855 [Thread-9310] INFO  impl.FollowerState (FollowerState.java:run(117)) - 6633f50a-7046-4b08-9937-8e25f1b14b15@group-0C9C3B2D0CC1-FollowerState was interrupted: java.lang.InterruptedException: sleep interrupted
2019-10-18 07:23:53,855 [grpc-default-executor-4] INFO  impl.RaftServerImpl (RaftServerImpl.java:setRole(184)) - 67270882-100a-4e75-928d-618d17e069c8@group-0C9C3B2D0CC1: changes role from  FOLLOWER to FOLLOWER at term 44 for recognizeCandidate:4dea926d-4bc6-487a-9b9b-9fd457d0fae4
2019-10-18 07:23:53,855 [grpc-default-executor-4] INFO  impl.RoleInfo (RoleInfo.java:shutdownFollowerState(121)) - 67270882-100a-4e75-928d-618d17e069c8: shutdown FollowerState
2019-10-18 07:23:53,855 [grpc-default-executor-4] INFO  impl.RoleInfo (RoleInfo.java:updateAndGet(143)) - 67270882-100a-4e75-928d-618d17e069c8: start FollowerState
2019-10-18 07:23:53,855 [Thread-9309] INFO  impl.FollowerState (FollowerState.java:run(117)) - 67270882-100a-4e75-928d-618d17e069c8@group-0C9C3B2D0CC1-FollowerState was interrupted: java.lang.InterruptedException: sleep interrupted
2019-10-18 07:23:53,878 [4dea926d-4bc6-487a-9b9b-9fd457d0fae4@group-0C9C3B2D0CC1-LeaderElection1028] INFO  impl.LeaderElection (LeaderElection.java:logAndReturn(56)) - 4dea926d-4bc6-487a-9b9b-9fd457d0fae4@group-0C9C3B2D0CC1-LeaderElection1028: Election REJECTED; received 2 response(s) [4dea926d-4bc6-487a-9b9b-9fd457d0fae4<-6633f50a-7046-4b08-9937-8e25f1b14b15#0:FAIL-t44, 4dea926d-4bc6-487a-9b9b-9fd457d0fae4<-67270882-100a-4e75-928d-618d17e069c8#0:FAIL-t44] and 0 exception(s); 4dea926d-4bc6-487a-9b9b-9fd457d0fae4@group-0C9C3B2D0CC1:t44, leader=null, voted=4dea926d-4bc6-487a-9b9b-9fd457d0fae4, raftlog=4dea926d-4bc6-487a-9b9b-9fd457d0fae4@group-0C9C3B2D0CC1-SegmentedRaftLog:OPENED:c-1,f-1,i0, conf=-1: [6633f50a-7046-4b08-9937-8e25f1b14b15:192.168.34.25:39338, 67270882-100a-4e75-928d-618d17e069c8:192.168.34.25:36648, 4dea926d-4bc6-487a-9b9b-9fd457d0fae4:192.168.34.25:41624], old=null
2019-10-18 07:23:53,879 [4dea926d-4bc6-487a-9b9b-9fd457d0fae4@group-0C9C3B2D0CC1-LeaderElection1028] INFO  impl.RaftServerImpl (RaftServerImpl.java:setRole(184)) - 4dea926d-4bc6-487a-9b9b-9fd457d0fae4@group-0C9C3B2D0CC1: changes role from CANDIDATE to FOLLOWER at term 44 for DISCOVERED_A_NEW_TERM
2019-10-18 07:23:53,879 [4dea926d-4bc6-487a-9b9b-9fd457d0fae4@group-0C9C3B2D0CC1-LeaderElection1028] INFO  impl.RoleInfo (RoleInfo.java:shutdownLeaderElection(134)) - 4dea926d-4bc6-487a-9b9b-9fd457d0fae4: shutdown LeaderElection
2019-10-18 07:23:53,879 [4dea926d-4bc6-487a-9b9b-9fd457d0fae4@group-0C9C3B2D0CC1-LeaderElection1028] INFO  impl.RoleInfo (RoleInfo.java:updateAndGet(143)) - 4dea926d-4bc6-487a-9b9b-9fd457d0fae4: start FollowerState
2019-10-18 07:23:53,907 [Thread-9320] INFO  impl.FollowerState (FollowerState.java:run(108)) - 12ad0800-05cb-443c-9fdd-fa1debf04523@group-BCB82A5C07F5-FollowerState: change to CANDIDATE, lastRpcTime:87ms, electionTimeout:87ms
2019-10-18 07:23:53,907 [Thread-9320] INFO  impl.RoleInfo (RoleInfo.java:shutdownFollowerState(121)) - 12ad0800-05cb-443c-9fdd-fa1debf04523: shutdown FollowerState
2019-10-18 07:23:53,907 [Thread-9320] INFO  impl.RaftServerImpl (RaftServerImpl.java:setRole(184)) - 12ad0800-05cb-443c-9fdd-fa1debf04523@group-BCB82A5C07F5: changes role from  FOLLOWER to CANDIDATE at term 48 for changeToCandidate
2019-10-18 07:23:53,907 [Thread-9320] INFO  impl.RoleInfo (RoleInfo.java:updateAndGet(143)) - 12ad0800-05cb-443c-9fdd-fa1debf04523: start LeaderElection
2019-10-18 07:23:53,937 [12ad0800-05cb-443c-9fdd-fa1debf04523@group-BCB82A5C07F5-LeaderElection1029] INFO  impl.LeaderElection (LeaderElection.java:askForVotes(178)) - 12ad0800-05cb-443c-9fdd-fa1debf04523@group-BCB82A5C07F5-LeaderElection1029: begin an election at term 49 for -1: [12ad0800-05cb-443c-9fdd-fa1debf04523:192.168.34.25:41155, 5170c5f3-8499-4b42-9321-85fc8a351f79:192.168.34.25:43074, 0b10a9fc-47eb-4a2b-b664-8273d9d17379:192.168.34.25:45248], old=null
2019-10-18 07:23:53,938 [grpc-default-executor-4] INFO  impl.RaftServerImpl (RaftServerImpl.java:setRole(184)) - 5170c5f3-8499-4b42-9321-85fc8a351f79@group-BCB82A5C07F5: changes role from  FOLLOWER to FOLLOWER at term 49 for recognizeCandidate:12ad0800-05cb-443c-9fdd-fa1debf04523
2019-10-18 07:23:53,938 [grpc-default-executor-4] INFO  impl.RoleInfo (RoleInfo.java:shutdownFollowerState(121)) - 5170c5f3-8499-4b42-9321-85fc8a351f79: shutdown FollowerState
2019-10-18 07:23:53,938 [grpc-default-executor-11] INFO  impl.RaftServerImpl (RaftServerImpl.java:setRole(184)) - 0b10a9fc-47eb-4a2b-b664-8273d9d17379@group-BCB82A5C07F5: changes role from  FOLLOWER to FOLLOWER at term 49 for recognizeCandidate:12ad0800-05cb-443c-9fdd-fa1debf04523
2019-10-18 07:23:53,938 [Thread-9318] INFO  impl.FollowerState (FollowerState.java:run(117)) - 5170c5f3-8499-4b42-9321-85fc8a351f79@group-BCB82A5C07F5-FollowerState was interrupted: java.lang.InterruptedException: sleep interrupted
2019-10-18 07:23:53,938 [grpc-default-executor-4] INFO  impl.RoleInfo (RoleInfo.java:updateAndGet(143)) - 5170c5f3-8499-4b42-9321-85fc8a351f79: start FollowerState
2019-10-18 07:23:53,939 [grpc-default-executor-11] INFO  impl.RoleInfo (RoleInfo.java:shutdownFollowerState(121)) - 0b10a9fc-47eb-4a2b-b664-8273d9d17379: shutdown FollowerState
2019-10-18 07:23:53,939 [grpc-default-executor-11] INFO  impl.RoleInfo (RoleInfo.java:updateAndGet(143)) - 0b10a9fc-47eb-4a2b-b664-8273d9d17379: start FollowerState
2019-10-18 07:23:53,939 [Thread-9319] INFO  impl.FollowerState (FollowerState.java:run(117)) - 0b10a9fc-47eb-4a2b-b664-8273d9d17379@group-BCB82A5C07F5-FollowerState was interrupted: java.lang.InterruptedException: sleep interrupted
2019-10-18 07:23:53,939 [12ad0800-05cb-443c-9fdd-fa1debf04523@group-BCB82A5C07F5-LeaderElection1029] INFO  impl.LeaderElection (LeaderElection.java:logAndReturn(56)) - 12ad0800-05cb-443c-9fdd-fa1debf04523@group-BCB82A5C07F5-LeaderElection1029: Election TIMEOUT; received 0 response(s) [] and 0 exception(s); 12ad0800-05cb-443c-9fdd-fa1debf04523@group-BCB82A5C07F5:t49, leader=null, voted=12ad0800-05cb-443c-9fdd-fa1debf04523, raftlog=12ad0800-05cb-443c-9fdd-fa1debf04523@group-BCB82A5C07F5-SegmentedRaftLog:OPENED:c-1,f-1,i0, conf=-1: [12ad0800-05cb-443c-9fdd-fa1debf04523:192.168.34.25:41155, 5170c5f3-8499-4b42-9321-85fc8a351f79:192.168.34.25:43074, 0b10a9fc-47eb-4a2b-b664-8273d9d17379:192.168.34.25:45248], old=null
2019-10-18 07:23:53,962 [12ad0800-05cb-443c-9fdd-fa1debf04523@group-BCB82A5C07F5-LeaderElection1029] INFO  impl.LeaderElection (LeaderElection.java:askForVotes(178)) - 12ad0800-05cb-443c-9fdd-fa1debf04523@group-BCB82A5C07F5-LeaderElection1029: begin an election at term 50 for -1: [12ad0800-05cb-443c-9fdd-fa1debf04523:192.168.34.25:41155, 5170c5f3-8499-4b42-9321-85fc8a351f79:192.168.34.25:43074, 0b10a9fc-47eb-4a2b-b664-8273d9d17379:192.168.34.25:45248], old=null
2019-10-18 07:23:53,964 [grpc-default-executor-4] INFO  impl.RaftServerImpl (RaftServerImpl.java:setRole(184)) - 5170c5f3-8499-4b42-9321-85fc8a351f79@group-BCB82A5C07F5: changes role from  FOLLOWER to FOLLOWER at term 50 for recognizeCandidate:12ad0800-05cb-443c-9fdd-fa1debf04523
2019-10-18 07:23:53,964 [grpc-default-executor-4] INFO  impl.RoleInfo (RoleInfo.java:shutdownFollowerState(121)) - 5170c5f3-8499-4b42-9321-85fc8a351f79: shutdown FollowerState
2019-10-18 07:23:53,964 [grpc-default-executor-4] INFO  impl.RoleInfo (RoleInfo.java:updateAndGet(143)) - 5170c5f3-8499-4b42-9321-85fc8a351f79: start FollowerState
2019-10-18 07:23:53,964 [Thread-9332] INFO  impl.FollowerState (FollowerState.java:run(117)) - 5170c5f3-8499-4b42-9321-85fc8a351f79@group-BCB82A5C07F5-FollowerState was interrupted: java.lang.InterruptedException: sleep interrupted
2019-10-18 07:23:53,964 [grpc-default-executor-11] INFO  impl.RaftServerImpl (RaftServerImpl.java:setRole(184)) - 0b10a9fc-47eb-4a2b-b664-8273d9d17379@group-BCB82A5C07F5: changes role from  FOLLOWER to FOLLOWER at term 50 for recognizeCandidate:12ad0800-05cb-443c-9fdd-fa1debf04523
2019-10-18 07:23:53,964 [grpc-default-executor-11] INFO  impl.RoleInfo (RoleInfo.java:shutdownFollowerState(121)) - 0b10a9fc-47eb-4a2b-b664-8273d9d17379: shutdown FollowerState
2019-10-18 07:23:53,964 [grpc-default-executor-11] INFO  impl.RoleInfo (RoleInfo.java:updateAndGet(143)) - 0b10a9fc-47eb-4a2b-b664-8273d9d17379: start FollowerState
2019-10-18 07:23:53,964 [Thread-9333] INFO  impl.FollowerState (FollowerState.java:run(117)) - 0b10a9fc-47eb-4a2b-b664-8273d9d17379@group-BCB82A5C07F5-FollowerState was interrupted: java.lang.InterruptedException: sleep interrupted
2019-10-18 07:23:53,988 [12ad0800-05cb-443c-9fdd-fa1debf04523@group-BCB82A5C07F5-LeaderElection1029] INFO  impl.LeaderElection (LeaderElection.java:logAndReturn(56)) - 12ad0800-05cb-443c-9fdd-fa1debf04523@group-BCB82A5C07F5-LeaderElection1029: Election REJECTED; received 2 response(s) [12ad0800-05cb-443c-9fdd-fa1debf04523<-5170c5f3-8499-4b42-9321-85fc8a351f79#0:FAIL-t50, 12ad0800-05cb-443c-9fdd-fa1debf04523<-0b10a9fc-47eb-4a2b-b664-8273d9d17379#0:FAIL-t50] and 0 exception(s); 12ad0800-05cb-443c-9fdd-fa1debf04523@group-BCB82A5C07F5:t50, leader=null, voted=12ad0800-05cb-443c-9fdd-fa1debf04523, raftlog=12ad0800-05cb-443c-9fdd-fa1debf04523@group-BCB82A5C07F5-SegmentedRaftLog:OPENED:c-1,f-1,i0, conf=-1: [12ad0800-05cb-443c-9fdd-fa1debf04523:192.168.34.25:41155, 5170c5f3-8499-4b42-9321-85fc8a351f79:192.168.34.25:43074, 0b10a9fc-47eb-4a2b-b664-8273d9d17379:192.168.34.25:45248], old=null
2019-10-18 07:23:53,988 [12ad0800-05cb-443c-9fdd-fa1debf04523@group-BCB82A5C07F5-LeaderElection1029] INFO  impl.RaftServerImpl (RaftServerImpl.java:setRole(184)) - 12ad0800-05cb-443c-9fdd-fa1debf04523@group-BCB82A5C07F5: changes role from CANDIDATE to FOLLOWER at term 50 for DISCOVERED_A_NEW_TERM
2019-10-18 07:23:53,989 [12ad0800-05cb-443c-9fdd-fa1debf04523@group-BCB82A5C07F5-LeaderElection1029] INFO  impl.RoleInfo (RoleInfo.java:shutdownLeaderElection(134)) - 12ad0800-05cb-443c-9fdd-fa1debf04523: shutdown LeaderElection
2019-10-18 07:23:53,989 [12ad0800-05cb-443c-9fdd-fa1debf04523@group-BCB82A5C07F5-LeaderElection1029] INFO  impl.RoleInfo (RoleInfo.java:updateAndGet(143)) - 12ad0800-05cb-443c-9fdd-fa1debf04523: start FollowerState
2019-10-18 07:23:54,039 [Thread-9328] INFO  impl.FollowerState (FollowerState.java:run(108)) - 4dea926d-4bc6-487a-9b9b-9fd457d0fae4@group-0C9C3B2D0CC1-FollowerState: change to CANDIDATE, lastRpcTime:160ms, electionTimeout:160ms
2019-10-18 07:23:54,039 [Thread-9328] INFO  impl.RoleInfo (RoleInfo.java:shutdownFollowerState(121)) - 4dea926d-4bc6-487a-9b9b-9fd457d0fae4: shutdown FollowerState
2019-10-18 07:23:54,039 [Thread-9328] INFO  impl.RaftServerImpl (RaftServerImpl.java:setRole(184)) - 4dea926d-4bc6-487a-9b9b-9fd457d0fae4@group-0C9C3B2D0CC1: changes role from  FOLLOWER to CANDIDATE at term 44 for changeToCandidate
2019-10-18 07:23:54,040 [Thread-9328] INFO  impl.RoleInfo (RoleInfo.java:updateAndGet(143)) - 4dea926d-4bc6-487a-9b9b-9fd457d0fae4: start LeaderElection
2019-10-18 07:23:54,063 [4dea926d-4bc6-487a-9b9b-9fd457d0fae4@group-0C9C3B2D0CC1-LeaderElection1030] INFO  impl.LeaderElection (LeaderElection.java:askForVotes(178)) - 4dea926d-4bc6-487a-9b9b-9fd457d0fae4@group-0C9C3B2D0CC1-LeaderElection1030: begin an election at term 45 for -1: [6633f50a-7046-4b08-9937-8e25f1b14b15:192.168.34.25:39338, 67270882-100a-4e75-928d-618d17e069c8:192.168.34.25:36648, 4dea926d-4bc6-487a-9b9b-9fd457d0fae4:192.168.34.25:41624], old=null
2019-10-18 07:23:54,065 [grpc-default-executor-11] INFO  impl.RaftServerImpl (RaftServerImpl.java:setRole(184)) - 6633f50a-7046-4b08-9937-8e25f1b14b15@group-0C9C3B2D0CC1: changes role from  FOLLOWER to FOLLOWER at term 45 for recognizeCandidate:4dea926d-4bc6-487a-9b9b-9fd457d0fae4
2019-10-18 07:23:54,065 [grpc-default-executor-11] INFO  impl.RoleInfo (RoleInfo.java:shutdownFollowerState(121)) - 6633f50a-7046-4b08-9937-8e25f1b14b15: shutdown FollowerState
2019-10-18 07:23:54,065 [grpc-default-executor-11] INFO  impl.RoleInfo (RoleInfo.java:updateAndGet(143)) - 6633f50a-7046-4b08-9937-8e25f1b14b15: start FollowerState
2019-10-18 07:23:54,065 [Thread-9324] INFO  impl.FollowerState (FollowerState.java:run(117)) - 6633f50a-7046-4b08-9937-8e25f1b14b15@group-0C9C3B2D0CC1-FollowerState was interrupted: java.lang.InterruptedException: sleep interrupted
2019-10-18 07:23:54,065 [grpc-default-executor-4] INFO  impl.RaftServerImpl (RaftServerImpl.java:setRole(184)) - 67270882-100a-4e75-928d-618d17e069c8@group-0C9C3B2D0CC1: changes role from  FOLLOWER to FOLLOWER at term 45 for recognizeCandidate:4dea926d-4bc6-487a-9b9b-9fd457d0fae4
2019-10-18 07:23:54,065 [grpc-default-executor-4] INFO  impl.RoleInfo (RoleInfo.java:shutdownFollowerState(121)) - 67270882-100a-4e75-928d-618d17e069c8: shutdown FollowerState
2019-10-18 07:23:54,065 [grpc-default-executor-4] INFO  impl.RoleInfo (RoleInfo.java:updateAndGet(143)) - 67270882-100a-4e75-928d-618d17e069c8: start FollowerState
2019-10-18 07:23:54,065 [Thread-9325] INFO  impl.FollowerState (FollowerState.java:run(117)) - 67270882-100a-4e75-928d-618d17e069c8@group-0C9C3B2D0CC1-FollowerState was interrupted: java.lang.InterruptedException: sleep interrupted
2019-10-18 07:23:54,089 [4dea926d-4bc6-487a-9b9b-9fd457d0fae4@group-0C9C3B2D0CC1-LeaderElection1030] INFO  impl.LeaderElection (LeaderElection.java:logAndReturn(56)) - 4dea926d-4bc6-487a-9b9b-9fd457d0fae4@group-0C9C3B2D0CC1-LeaderElection1030: Election REJECTED; received 2 response(s) [4dea926d-4bc6-487a-9b9b-9fd457d0fae4<-6633f50a-7046-4b08-9937-8e25f1b14b15#0:FAIL-t45, 4dea926d-4bc6-487a-9b9b-9fd457d0fae4<-67270882-100a-4e75-928d-618d17e069c8#0:FAIL-t45] and 0 exception(s); 4dea926d-4bc6-487a-9b9b-9fd457d0fae4@group-0C9C3B2D0CC1:t45, leader=null, voted=4dea926d-4bc6-487a-9b9b-9fd457d0fae4, raftlog=4dea926d-4bc6-487a-9b9b-9fd457d0fae4@group-0C9C3B2D0CC1-SegmentedRaftLog:OPENED:c-1,f-1,i0, conf=-1: [6633f50a-7046-4b08-9937-8e25f1b14b15:192.168.34.25:39338, 67270882-100a-4e75-928d-618d17e069c8:192.168.34.25:36648, 4dea926d-4bc6-487a-9b9b-9fd457d0fae4:192.168.34.25:41624], old=null
2019-10-18 07:23:54,089 [4dea926d-4bc6-487a-9b9b-9fd457d0fae4@group-0C9C3B2D0CC1-LeaderElection1030] INFO  impl.RaftServerImpl (RaftServerImpl.java:setRole(184)) - 4dea926d-4bc6-487a-9b9b-9fd457d0fae4@group-0C9C3B2D0CC1: changes role from CANDIDATE to FOLLOWER at term 45 for DISCOVERED_A_NEW_TERM
2019-10-18 07:23:54,089 [4dea926d-4bc6-487a-9b9b-9fd457d0fae4@group-0C9C3B2D0CC1-LeaderElection1030] INFO  impl.RoleInfo (RoleInfo.java:shutdownLeaderElection(134)) - 4dea926d-4bc6-487a-9b9b-9fd457d0fae4: shutdown LeaderElection
2019-10-18 07:23:54,089 [4dea926d-4bc6-487a-9b9b-9fd457d0fae4@group-0C9C3B2D0CC1-LeaderElection1030] INFO  impl.RoleInfo (RoleInfo.java:updateAndGet(143)) - 4dea926d-4bc6-487a-9b9b-9fd457d0fae4: start FollowerState
2019-10-18 07:23:54,157 [Thread-9344] INFO  impl.FollowerState (FollowerState.java:run(108)) - 4dea926d-4bc6-487a-9b9b-9fd457d0fae4@group-0C9C3B2D0CC1-FollowerState: change to CANDIDATE, lastRpcTime:67ms, electionTimeout:67ms
2019-10-18 07:23:54,157 [Thread-9344] INFO  impl.RoleInfo (RoleInfo.java:shutdownFollowerState(121)) - 4dea926d-4bc6-487a-9b9b-9fd457d0fae4: shutdown FollowerState
2019-10-18 07:23:54,157 [Thread-9344] INFO  impl.RaftServerImpl (RaftServerImpl.java:setRole(184)) - 4dea926d-4bc6-487a-9b9b-9fd457d0fae4@group-0C9C3B2D0CC1: changes role from  FOLLOWER to CANDIDATE at term 45 for changeToCandidate
2019-10-18 07:23:54,157 [Thread-9344] INFO  impl.RoleInfo (RoleInfo.java:updateAndGet(143)) - 4dea926d-4bc6-487a-9b9b-9fd457d0fae4: start LeaderElection
2019-10-18 07:23:54,182 [Thread-9338] INFO  impl.FollowerState (FollowerState.java:run(108)) - 12ad0800-05cb-443c-9fdd-fa1debf04523@group-BCB82A5C07F5-FollowerState: change to CANDIDATE, lastRpcTime:193ms, electionTimeout:193ms
2019-10-18 07:23:54,182 [Thread-9338] INFO  impl.RoleInfo (RoleInfo.java:shutdownFollowerState(121)) - 12ad0800-05cb-443c-9fdd-fa1debf04523: shutdown FollowerState
2019-10-18 07:23:54,182 [Thread-9338] INFO  impl.RaftServerImpl (RaftServerImpl.java:setRole(184)) - 12ad0800-05cb-443c-9fdd-fa1debf04523@group-BCB82A5C07F5: changes role from  FOLLOWER to CANDIDATE at term 50 for changeToCandidate
2019-10-18 07:23:54,183 [Thread-9338] INFO  impl.RoleInfo (RoleInfo.java:updateAndGet(143)) - 12ad0800-05cb-443c-9fdd-fa1debf04523: start LeaderElection
2019-10-18 07:23:54,264 [4dea926d-4bc6-487a-9b9b-9fd457d0fae4@group-0C9C3B2D0CC1-LeaderElection1031] INFO  impl.LeaderElection (LeaderElection.java:askForVotes(178)) - 4dea926d-4bc6-487a-9b9b-9fd457d0fae4@group-0C9C3B2D0CC1-LeaderElection1031: begin an election at term 46 for -1: [6633f50a-7046-4b08-9937-8e25f1b14b15:192.168.34.25:39338, 67270882-100a-4e75-928d-618d17e069c8:192.168.34.25:36648, 4dea926d-4bc6-487a-9b9b-9fd457d0fae4:192.168.34.25:41624], old=null
2019-10-18 07:23:54,266 [grpc-default-executor-11] INFO  impl.RaftServerImpl (RaftServerImpl.java:setRole(184)) - 6633f50a-7046-4b08-9937-8e25f1b14b15@group-0C9C3B2D0CC1: changes role from  FOLLOWER to FOLLOWER at term 46 for recognizeCandidate:4dea926d-4bc6-487a-9b9b-9fd457d0fae4
2019-10-18 07:23:54,266 [grpc-default-executor-11] INFO  impl.RoleInfo (RoleInfo.java:shutdownFollowerState(121)) - 6633f50a-7046-4b08-9937-8e25f1b14b15: shutdown FollowerState
2019-10-18 07:23:54,266 [grpc-default-executor-4] INFO  impl.RaftServerImpl (RaftServerImpl.java:setRole(184)) - 67270882-100a-4e75-928d-618d17e069c8@group-0C9C3B2D0CC1: changes role from  FOLLOWER to FOLLOWER at term 46 for recognizeCandidate:4dea926d-4bc6-487a-9b9b-9fd457d0fae4
2019-10-18 07:23:54,266 [grpc-default-executor-4] INFO  impl.RoleInfo (RoleInfo.java:shutdownFollowerState(121)) - 67270882-100a-4e75-928d-618d17e069c8: shutdown FollowerState
2019-10-18 07:23:54,266 [Thread-9342] INFO  impl.FollowerState (FollowerState.java:run(117)) - 6633f50a-7046-4b08-9937-8e25f1b14b15@group-0C9C3B2D0CC1-FollowerState was interrupted: java.lang.InterruptedException: sleep interrupted
2019-10-18 07:23:54,266 [grpc-default-executor-11] INFO  impl.RoleInfo (RoleInfo.java:updateAndGet(143)) - 6633f50a-7046-4b08-9937-8e25f1b14b15: start FollowerState
2019-10-18 07:23:54,266 [Thread-9343] INFO  impl.FollowerState (FollowerState.java:run(117)) - 67270882-100a-4e75-928d-618d17e069c8@group-0C9C3B2D0CC1-FollowerState was interrupted: java.lang.InterruptedException: sleep interrupted
2019-10-18 07:23:54,266 [grpc-default-executor-4] INFO  impl.RoleInfo (RoleInfo.java:updateAndGet(143)) - 67270882-100a-4e75-928d-618d17e069c8: start FollowerState
2019-10-18 07:23:54,273 [12ad0800-05cb-443c-9fdd-fa1debf04523@group-BCB82A5C07F5-LeaderElection1032] INFO  impl.LeaderElection (LeaderElection.java:askForVotes(178)) - 12ad0800-05cb-443c-9fdd-fa1debf04523@group-BCB82A5C07F5-LeaderElection1032: begin an election at term 51 for -1: [12ad0800-05cb-443c-9fdd-fa1debf04523:192.168.34.25:41155, 5170c5f3-8499-4b42-9321-85fc8a351f79:192.168.34.25:43074, 0b10a9fc-47eb-4a2b-b664-8273d9d17379:192.168.34.25:45248], old=null
2019-10-18 07:23:54,274 [grpc-default-executor-16] INFO  impl.RaftServerImpl (RaftServerImpl.java:setRole(184)) - 5170c5f3-8499-4b42-9321-85fc8a351f79@group-BCB82A5C07F5: changes role from  FOLLOWER to FOLLOWER at term 51 for recognizeCandidate:12ad0800-05cb-443c-9fdd-fa1debf04523
2019-10-18 07:23:54,274 [grpc-default-executor-16] INFO  impl.RoleInfo (RoleInfo.java:shutdownFollowerState(121)) - 5170c5f3-8499-4b42-9321-85fc8a351f79: shutdown FollowerState
2019-10-18 07:23:54,274 [grpc-default-executor-16] INFO  impl.RoleInfo (RoleInfo.java:updateAndGet(143)) - 5170c5f3-8499-4b42-9321-85fc8a351f79: start FollowerState
2019-10-18 07:23:54,274 [Thread-9336] INFO  impl.FollowerState (FollowerState.java:run(117)) - 5170c5f3-8499-4b42-9321-85fc8a351f79@group-BCB82A5C07F5-FollowerState was interrupted: java.lang.InterruptedException: sleep interrupted
2019-10-18 07:23:54,274 [grpc-default-executor-17] INFO  impl.RaftServerImpl (RaftServerImpl.java:setRole(184)) - 0b10a9fc-47eb-4a2b-b664-8273d9d17379@group-BCB82A5C07F5: changes role from  FOLLOWER to FOLLOWER at term 51 for recognizeCandidate:12ad0800-05cb-443c-9fdd-fa1debf04523
2019-10-18 07:23:54,274 [grpc-default-executor-17] INFO  impl.RoleInfo (RoleInfo.java:shutdownFollowerState(121)) - 0b10a9fc-47eb-4a2b-b664-8273d9d17379: shutdown FollowerState
2019-10-18 07:23:54,275 [grpc-default-executor-17] INFO  impl.RoleInfo (RoleInfo.java:updateAndGet(143)) - 0b10a9fc-47eb-4a2b-b664-8273d9d17379: start FollowerState
2019-10-18 07:23:54,275 [Thread-9337] INFO  impl.FollowerState (FollowerState.java:run(117)) - 0b10a9fc-47eb-4a2b-b664-8273d9d17379@group-BCB82A5C07F5-FollowerState was interrupted: java.lang.InterruptedException: sleep interrupted
2019-10-18 07:23:54,290 [12ad0800-05cb-443c-9fdd-fa1debf04523@group-BCB82A5C07F5-LeaderElection1032] INFO  impl.LeaderElection (LeaderElection.java:logAndReturn(56)) - 12ad0800-05cb-443c-9fdd-fa1debf04523@group-BCB82A5C07F5-LeaderElection1032: Election REJECTED; received 2 response(s) [12ad0800-05cb-443c-9fdd-fa1debf04523<-5170c5f3-8499-4b42-9321-85fc8a351f79#0:FAIL-t51, 12ad0800-05cb-443c-9fdd-fa1debf04523<-0b10a9fc-47eb-4a2b-b664-8273d9d17379#0:FAIL-t51] and 0 exception(s); 12ad0800-05cb-443c-9fdd-fa1debf04523@group-BCB82A5C07F5:t51, leader=null, voted=12ad0800-05cb-443c-9fdd-fa1debf04523, raftlog=12ad0800-05cb-443c-9fdd-fa1debf04523@group-BCB82A5C07F5-SegmentedRaftLog:OPENED:c-1,f-1,i0, conf=-1: [12ad0800-05cb-443c-9fdd-fa1debf04523:192.168.34.25:41155, 5170c5f3-8499-4b42-9321-85fc8a351f79:192.168.34.25:43074, 0b10a9fc-47eb-4a2b-b664-8273d9d17379:192.168.34.25:45248], old=null
2019-10-18 07:23:54,290 [4dea926d-4bc6-487a-9b9b-9fd457d0fae4@group-0C9C3B2D0CC1-LeaderElection1031] INFO  impl.LeaderElection (LeaderElection.java:logAndReturn(56)) - 4dea926d-4bc6-487a-9b9b-9fd457d0fae4@group-0C9C3B2D0CC1-LeaderElection1031: Election REJECTED; received 2 response(s) [4dea926d-4bc6-487a-9b9b-9fd457d0fae4<-6633f50a-7046-4b08-9937-8e25f1b14b15#0:FAIL-t46, 4dea926d-4bc6-487a-9b9b-9fd457d0fae4<-67270882-100a-4e75-928d-618d17e069c8#0:FAIL-t46] and 0 exception(s); 4dea926d-4bc6-487a-9b9b-9fd457d0fae4@group-0C9C3B2D0CC1:t46, leader=null, voted=4dea926d-4bc6-487a-9b9b-9fd457d0fae4, raftlog=4dea926d-4bc6-487a-9b9b-9fd457d0fae4@group-0C9C3B2D0CC1-SegmentedRaftLog:OPENED:c-1,f-1,i0, conf=-1: [6633f50a-7046-4b08-9937-8e25f1b14b15:192.168.34.25:39338, 67270882-100a-4e75-928d-618d17e069c8:192.168.34.25:36648, 4dea926d-4bc6-487a-9b9b-9fd457d0fae4:192.168.34.25:41624], old=null
2019-10-18 07:23:54,291 [12ad0800-05cb-443c-9fdd-fa1debf04523@group-BCB82A5C07F5-LeaderElection1032] INFO  impl.RaftServerImpl (RaftServerImpl.java:setRole(184)) - 12ad0800-05cb-443c-9fdd-fa1debf04523@group-BCB82A5C07F5: changes role from CANDIDATE to FOLLOWER at term 51 for DISCOVERED_A_NEW_TERM
2019-10-18 07:23:54,291 [12ad0800-05cb-443c-9fdd-fa1debf04523@group-BCB82A5C07F5-LeaderElection1032] INFO  impl.RoleInfo (RoleInfo.java:shutdownLeaderElection(134)) - 12ad0800-05cb-443c-9fdd-fa1debf04523: shutdown LeaderElection
2019-10-18 07:23:54,291 [4dea926d-4bc6-487a-9b9b-9fd457d0fae4@group-0C9C3B2D0CC1-LeaderElection1031] INFO  impl.RaftServerImpl (RaftServerImpl.java:setRole(184)) - 4dea926d-4bc6-487a-9b9b-9fd457d0fae4@group-0C9C3B2D0CC1: changes role from CANDIDATE to FOLLOWER at term 46 for DISCOVERED_A_NEW_TERM
2019-10-18 07:23:54,291 [12ad0800-05cb-443c-9fdd-fa1debf04523@group-BCB82A5C07F5-LeaderElection1032] INFO  impl.RoleInfo (RoleInfo.java:updateAndGet(143)) - 12ad0800-05cb-443c-9fdd-fa1debf04523: start FollowerState
2019-10-18 07:23:54,291 [4dea926d-4bc6-487a-9b9b-9fd457d0fae4@group-0C9C3B2D0CC1-LeaderElection1031] INFO  impl.RoleInfo (RoleInfo.java:shutdownLeaderElection(134)) - 4dea926d-4bc6-487a-9b9b-9fd457d0fae4: shutdown LeaderElection
2019-10-18 07:23:54,291 [4dea926d-4bc6-487a-9b9b-9fd457d0fae4@group-0C9C3B2D0CC1-LeaderElection1031] INFO  impl.RoleInfo (RoleInfo.java:updateAndGet(143)) - 4dea926d-4bc6-487a-9b9b-9fd457d0fae4: start FollowerState
2019-10-18 07:23:54,483 [Thread-9355] INFO  impl.FollowerState (FollowerState.java:run(108)) - 12ad0800-05cb-443c-9fdd-fa1debf04523@group-BCB82A5C07F5-FollowerState: change to CANDIDATE, lastRpcTime:191ms, electionTimeout:161ms
2019-10-18 07:23:54,483 [Thread-9355] INFO  impl.RoleInfo (RoleInfo.java:shutdownFollowerState(121)) - 12ad0800-05cb-443c-9fdd-fa1debf04523: shutdown FollowerState
2019-10-18 07:23:54,483 [Thread-9355] INFO  impl.RaftServerImpl (RaftServerImpl.java:setRole(184)) - 12ad0800-05cb-443c-9fdd-fa1debf04523@group-BCB82A5C07F5: changes role from  FOLLOWER to CANDIDATE at term 51 for changeToCandidate
2019-10-18 07:23:54,483 [Thread-9355] INFO  impl.RoleInfo (RoleInfo.java:updateAndGet(143)) - 12ad0800-05cb-443c-9fdd-fa1debf04523: start LeaderElection
2019-10-18 07:23:54,484 [Thread-9356] INFO  impl.FollowerState (FollowerState.java:run(108)) - 4dea926d-4bc6-487a-9b9b-9fd457d0fae4@group-0C9C3B2D0CC1-FollowerState: change to CANDIDATE, lastRpcTime:192ms, electionTimeout:123ms
2019-10-18 07:23:54,484 [Thread-9356] INFO  impl.RoleInfo (RoleInfo.java:shutdownFollowerState(121)) - 4dea926d-4bc6-487a-9b9b-9fd457d0fae4: shutdown FollowerState
2019-10-18 07:23:54,484 [Thread-9356] INFO  impl.RaftServerImpl (RaftServerImpl.java:setRole(184)) - 4dea926d-4bc6-487a-9b9b-9fd457d0fae4@group-0C9C3B2D0CC1: changes role from  FOLLOWER to CANDIDATE at term 46 for changeToCandidate
2019-10-18 07:23:54,491 [Thread-9356] INFO  impl.RoleInfo (RoleInfo.java:updateAndGet(143)) - 4dea926d-4bc6-487a-9b9b-9fd457d0fae4: start LeaderElection
2019-10-18 07:23:54,551 [12ad0800-05cb-443c-9fdd-fa1debf04523@group-BCB82A5C07F5-LeaderElection1033] INFO  impl.LeaderElection (LeaderElection.java:askForVotes(178)) - 12ad0800-05cb-443c-9fdd-fa1debf04523@group-BCB82A5C07F5-LeaderElection1033: begin an election at term 52 for -1: [12ad0800-05cb-443c-9fdd-fa1debf04523:192.168.34.25:41155, 5170c5f3-8499-4b42-9321-85fc8a351f79:192.168.34.25:43074, 0b10a9fc-47eb-4a2b-b664-8273d9d17379:192.168.34.25:45248], old=null
2019-10-18 07:23:54,552 [4dea926d-4bc6-487a-9b9b-9fd457d0fae4@group-0C9C3B2D0CC1-LeaderElection1034] INFO  impl.LeaderElection (LeaderElection.java:askForVotes(178)) - 4dea926d-4bc6-487a-9b9b-9fd457d0fae4@group-0C9C3B2D0CC1-LeaderElection1034: begin an election at term 47 for -1: [6633f50a-7046-4b08-9937-8e25f1b14b15:192.168.34.25:39338, 67270882-100a-4e75-928d-618d17e069c8:192.168.34.25:36648, 4dea926d-4bc6-487a-9b9b-9fd457d0fae4:192.168.34.25:41624], old=null
2019-10-18 07:23:54,553 [grpc-default-executor-11] INFO  impl.RaftServerImpl (RaftServerImpl.java:setRole(184)) - 5170c5f3-8499-4b42-9321-85fc8a351f79@group-BCB82A5C07F5: changes role from  FOLLOWER to FOLLOWER at term 52 for recognizeCandidate:12ad0800-05cb-443c-9fdd-fa1debf04523
2019-10-18 07:23:54,553 [grpc-default-executor-11] INFO  impl.RoleInfo (RoleInfo.java:shutdownFollowerState(121)) - 5170c5f3-8499-4b42-9321-85fc8a351f79: shutdown FollowerState
2019-10-18 07:23:54,553 [grpc-default-executor-17] INFO  impl.RaftServerImpl (RaftServerImpl.java:setRole(184)) - 0b10a9fc-47eb-4a2b-b664-8273d9d17379@group-BCB82A5C07F5: changes role from  FOLLOWER to FOLLOWER at term 52 for recognizeCandidate:12ad0800-05cb-443c-9fdd-fa1debf04523
2019-10-18 07:23:54,554 [grpc-default-executor-17] INFO  impl.RoleInfo (RoleInfo.java:shutdownFollowerState(121)) - 0b10a9fc-47eb-4a2b-b664-8273d9d17379: shutdown FollowerState
2019-10-18 07:23:54,554 [Thread-9353] INFO  impl.FollowerState (FollowerState.java:run(117)) - 5170c5f3-8499-4b42-9321-85fc8a351f79@group-BCB82A5C07F5-FollowerState was interrupted: java.lang.InterruptedException: sleep interrupted
2019-10-18 07:23:54,553 [grpc-default-executor-11] INFO  impl.RoleInfo (RoleInfo.java:updateAndGet(143)) - 5170c5f3-8499-4b42-9321-85fc8a351f79: start FollowerState
2019-10-18 07:23:54,554 [Thread-9354] INFO  impl.FollowerState (FollowerState.java:run(117)) - 0b10a9fc-47eb-4a2b-b664-8273d9d17379@group-BCB82A5C07F5-FollowerState was interrupted: java.lang.InterruptedException: sleep interrupted
2019-10-18 07:23:54,554 [grpc-default-executor-17] INFO  impl.RoleInfo (RoleInfo.java:updateAndGet(143)) - 0b10a9fc-47eb-4a2b-b664-8273d9d17379: start FollowerState
2019-10-18 07:23:54,554 [grpc-default-executor-4] INFO  impl.RaftServerImpl (RaftServerImpl.java:setRole(184)) - 6633f50a-7046-4b08-9937-8e25f1b14b15@group-0C9C3B2D0CC1: changes role from  FOLLOWER to FOLLOWER at term 47 for recognizeCandidate:4dea926d-4bc6-487a-9b9b-9fd457d0fae4
2019-10-18 07:23:54,555 [grpc-default-executor-14] INFO  impl.RaftServerImpl (RaftServerImpl.java:setRole(184)) - 67270882-100a-4e75-928d-618d17e069c8@group-0C9C3B2D0CC1: changes role from  FOLLOWER to FOLLOWER at term 47 for recognizeCandidate:4dea926d-4bc6-487a-9b9b-9fd457d0fae4
2019-10-18 07:23:54,555 [grpc-default-executor-14] INFO  impl.RoleInfo (RoleInfo.java:shutdownFollowerState(121)) - 67270882-100a-4e75-928d-618d17e069c8: shutdown FollowerState
2019-10-18 07:23:54,555 [grpc-default-executor-4] INFO  impl.RoleInfo (RoleInfo.java:shutdownFollowerState(121)) - 6633f50a-7046-4b08-9937-8e25f1b14b15: shutdown FollowerState
2019-10-18 07:23:54,555 [Thread-9350] INFO  impl.FollowerState (FollowerState.java:run(117)) - 67270882-100a-4e75-928d-618d17e069c8@group-0C9C3B2D0CC1-FollowerState was interrupted: java.lang.InterruptedException: sleep interrupted
2019-10-18 07:23:54,555 [grpc-default-executor-14] INFO  impl.RoleInfo (RoleInfo.java:updateAndGet(143)) - 67270882-100a-4e75-928d-618d17e069c8: start FollowerState
2019-10-18 07:23:54,555 [Thread-9349] INFO  impl.FollowerState (FollowerState.java:run(117)) - 6633f50a-7046-4b08-9937-8e25f1b14b15@group-0C9C3B2D0CC1-FollowerState was interrupted: java.lang.InterruptedException: sleep interrupted
2019-10-18 07:23:54,555 [grpc-default-executor-4] INFO  impl.RoleInfo (RoleInfo.java:updateAndGet(143)) - 6633f50a-7046-4b08-9937-8e25f1b14b15: start FollowerState
2019-10-18 07:23:54,583 [4dea926d-4bc6-487a-9b9b-9fd457d0fae4@group-0C9C3B2D0CC1-LeaderElection1034] INFO  impl.LeaderElection (LeaderElection.java:logAndReturn(56)) - 4dea926d-4bc6-487a-9b9b-9fd457d0fae4@group-0C9C3B2D0CC1-LeaderElection1034: Election REJECTED; received 2 response(s) [4dea926d-4bc6-487a-9b9b-9fd457d0fae4<-6633f50a-7046-4b08-9937-8e25f1b14b15#0:FAIL-t47, 4dea926d-4bc6-487a-9b9b-9fd457d0fae4<-67270882-100a-4e75-928d-618d17e069c8#0:FAIL-t47] and 0 exception(s); 4dea926d-4bc6-487a-9b9b-9fd457d0fae4@group-0C9C3B2D0CC1:t47, leader=null, voted=4dea926d-4bc6-487a-9b9b-9fd457d0fae4, raftlog=4dea926d-4bc6-487a-9b9b-9fd457d0fae4@group-0C9C3B2D0CC1-SegmentedRaftLog:OPENED:c-1,f-1,i0, conf=-1: [6633f50a-7046-4b08-9937-8e25f1b14b15:192.168.34.25:39338, 67270882-100a-4e75-928d-618d17e069c8:192.168.34.25:36648, 4dea926d-4bc6-487a-9b9b-9fd457d0fae4:192.168.34.25:41624], old=null
2019-10-18 07:23:54,583 [12ad0800-05cb-443c-9fdd-fa1debf04523@group-BCB82A5C07F5-LeaderElection1033] INFO  impl.LeaderElection (LeaderElection.java:logAndReturn(56)) - 12ad0800-05cb-443c-9fdd-fa1debf04523@group-BCB82A5C07F5-LeaderElection1033: Election REJECTED; received 2 response(s) [12ad0800-05cb-443c-9fdd-fa1debf04523<-5170c5f3-8499-4b42-9321-85fc8a351f79#0:FAIL-t52, 12ad0800-05cb-443c-9fdd-fa1debf04523<-0b10a9fc-47eb-4a2b-b664-8273d9d17379#0:FAIL-t52] and 0 exception(s); 12ad0800-05cb-443c-9fdd-fa1debf04523@group-BCB82A5C07F5:t52, leader=null, voted=12ad0800-05cb-443c-9fdd-fa1debf04523, raftlog=12ad0800-05cb-443c-9fdd-fa1debf04523@group-BCB82A5C07F5-SegmentedRaftLog:OPENED:c-1,f-1,i0, conf=-1: [12ad0800-05cb-443c-9fdd-fa1debf04523:192.168.34.25:41155, 5170c5f3-8499-4b42-9321-85fc8a351f79:192.168.34.25:43074, 0b10a9fc-47eb-4a2b-b664-8273d9d17379:192.168.34.25:45248], old=null
2019-10-18 07:23:54,584 [4dea926d-4bc6-487a-9b9b-9fd457d0fae4@group-0C9C3B2D0CC1-LeaderElection1034] INFO  impl.RaftServerImpl (RaftServerImpl.java:setRole(184)) - 4dea926d-4bc6-487a-9b9b-9fd457d0fae4@group-0C9C3B2D0CC1: changes role from CANDIDATE to FOLLOWER at term 47 for DISCOVERED_A_NEW_TERM
2019-10-18 07:23:54,584 [4dea926d-4bc6-487a-9b9b-9fd457d0fae4@group-0C9C3B2D0CC1-LeaderElection1034] INFO  impl.RoleInfo (RoleInfo.java:shutdownLeaderElection(134)) - 4dea926d-4bc6-487a-9b9b-9fd457d0fae4: shutdown LeaderElection
2019-10-18 07:23:54,584 [12ad0800-05cb-443c-9fdd-fa1debf04523@group-BCB82A5C07F5-LeaderElection1033] INFO  impl.RaftServerImpl (RaftServerImpl.java:setRole(184)) - 12ad0800-05cb-443c-9fdd-fa1debf04523@group-BCB82A5C07F5: changes role from CANDIDATE to FOLLOWER at term 52 for DISCOVERED_A_NEW_TERM
2019-10-18 07:23:54,584 [12ad0800-05cb-443c-9fdd-fa1debf04523@group-BCB82A5C07F5-LeaderElection1033] INFO  impl.RoleInfo (RoleInfo.java:shutdownLeaderElection(134)) - 12ad0800-05cb-443c-9fdd-fa1debf04523: shutdown LeaderElection
2019-10-18 07:23:54,584 [4dea926d-4bc6-487a-9b9b-9fd457d0fae4@group-0C9C3B2D0CC1-LeaderElection1034] INFO  impl.RoleInfo (RoleInfo.java:updateAndGet(143)) - 4dea926d-4bc6-487a-9b9b-9fd457d0fae4: start FollowerState
2019-10-18 07:23:54,584 [12ad0800-05cb-443c-9fdd-fa1debf04523@group-BCB82A5C07F5-LeaderElection1033] INFO  impl.RoleInfo (RoleInfo.java:updateAndGet(143)) - 12ad0800-05cb-443c-9fdd-fa1debf04523: start FollowerState
2019-10-18 07:23:54,605 [Thread-9372] INFO  impl.FollowerState (FollowerState.java:run(108)) - 12ad0800-05cb-443c-9fdd-fa1debf04523@group-BCB82A5C07F5-FollowerState: change to CANDIDATE, lastRpcTime:20ms, electionTimeout:20ms
2019-10-18 07:23:54,605 [Thread-9372] INFO  impl.RoleInfo (RoleInfo.java:shutdownFollowerState(121)) - 12ad0800-05cb-443c-9fdd-fa1debf04523: shutdown FollowerState
2019-10-18 07:23:54,605 [Thread-9372] INFO  impl.RaftServerImpl (RaftServerImpl.java:setRole(184)) - 12ad0800-05cb-443c-9fdd-fa1debf04523@group-BCB82A5C07F5: changes role from  FOLLOWER to CANDIDATE at term 52 for changeToCandidate
2019-10-18 07:23:54,605 [Thread-9372] INFO  impl.RoleInfo (RoleInfo.java:updateAndGet(143)) - 12ad0800-05cb-443c-9fdd-fa1debf04523: start LeaderElection
2019-10-18 07:23:54,663 [12ad0800-05cb-443c-9fdd-fa1debf04523@group-BCB82A5C07F5-LeaderElection1035] INFO  impl.LeaderElection (LeaderElection.java:askForVotes(178)) - 12ad0800-05cb-443c-9fdd-fa1debf04523@group-BCB82A5C07F5-LeaderElection1035: begin an election at term 53 for -1: [12ad0800-05cb-443c-9fdd-fa1debf04523:192.168.34.25:41155, 5170c5f3-8499-4b42-9321-85fc8a351f79:192.168.34.25:43074, 0b10a9fc-47eb-4a2b-b664-8273d9d17379:192.168.34.25:45248], old=null
2019-10-18 07:23:54,665 [grpc-default-executor-4] INFO  impl.RaftServerImpl (RaftServerImpl.java:setRole(184)) - 5170c5f3-8499-4b42-9321-85fc8a351f79@group-BCB82A5C07F5: changes role from  FOLLOWER to FOLLOWER at term 53 for recognizeCandidate:12ad0800-05cb-443c-9fdd-fa1debf04523
2019-10-18 07:23:54,665 [grpc-default-executor-4] INFO  impl.RoleInfo (RoleInfo.java:shutdownFollowerState(121)) - 5170c5f3-8499-4b42-9321-85fc8a351f79: shutdown FollowerState
2019-10-18 07:23:54,665 [grpc-default-executor-17] INFO  impl.RaftServerImpl (RaftServerImpl.java:setRole(184)) - 0b10a9fc-47eb-4a2b-b664-8273d9d17379@group-BCB82A5C07F5: changes role from  FOLLOWER to FOLLOWER at term 53 for recognizeCandidate:12ad0800-05cb-443c-9fdd-fa1debf04523
2019-10-18 07:23:54,665 [grpc-default-executor-17] INFO  impl.RoleInfo (RoleInfo.java:shutdownFollowerState(121)) - 0b10a9fc-47eb-4a2b-b664-8273d9d17379: shutdown FollowerState
2019-10-18 07:23:54,665 [Thread-9366] INFO  impl.FollowerState (FollowerState.java:run(117)) - 5170c5f3-8499-4b42-9321-85fc8a351f79@group-BCB82A5C07F5-FollowerState was interrupted: java.lang.InterruptedException: sleep interrupted
2019-10-18 07:23:54,665 [grpc-default-executor-4] INFO  impl.RoleInfo (RoleInfo.java:updateAndGet(143)) - 5170c5f3-8499-4b42-9321-85fc8a351f79: start FollowerState
2019-10-18 07:23:54,665 [Thread-9367] INFO  impl.FollowerState (FollowerState.java:run(117)) - 0b10a9fc-47eb-4a2b-b664-8273d9d17379@group-BCB82A5C07F5-FollowerState was interrupted: java.lang.InterruptedException: sleep interrupted
2019-10-18 07:23:54,665 [grpc-default-executor-17] INFO  impl.RoleInfo (RoleInfo.java:updateAndGet(143)) - 0b10a9fc-47eb-4a2b-b664-8273d9d17379: start FollowerState
2019-10-18 07:23:54,666 [12ad0800-05cb-443c-9fdd-fa1debf04523@group-BCB82A5C07F5-LeaderElection1035] INFO  impl.LeaderElection (LeaderElection.java:logAndReturn(56)) - 12ad0800-05cb-443c-9fdd-fa1debf04523@group-BCB82A5C07F5-LeaderElection1035: Election TIMEOUT; received 0 response(s) [] and 0 exception(s); 12ad0800-05cb-443c-9fdd-fa1debf04523@group-BCB82A5C07F5:t53, leader=null, voted=12ad0800-05cb-443c-9fdd-fa1debf04523, raftlog=12ad0800-05cb-443c-9fdd-fa1debf04523@group-BCB82A5C07F5-SegmentedRaftLog:OPENED:c-1,f-1,i0, conf=-1: [12ad0800-05cb-443c-9fdd-fa1debf04523:192.168.34.25:41155, 5170c5f3-8499-4b42-9321-85fc8a351f79:192.168.34.25:43074, 0b10a9fc-47eb-4a2b-b664-8273d9d17379:192.168.34.25:45248], old=null
2019-10-18 07:23:54,672 [Thread-9371] INFO  impl.FollowerState (FollowerState.java:run(108)) - 4dea926d-4bc6-487a-9b9b-9fd457d0fae4@group-0C9C3B2D0CC1-FollowerState: change to CANDIDATE, lastRpcTime:87ms, electionTimeout:87ms
2019-10-18 07:23:54,672 [Thread-9371] INFO  impl.RoleInfo (RoleInfo.java:shutdownFollowerState(121)) - 4dea926d-4bc6-487a-9b9b-9fd457d0fae4: shutdown FollowerState
2019-10-18 07:23:54,672 [Thread-9371] INFO  impl.RaftServerImpl (RaftServerImpl.java:setRole(184)) - 4dea926d-4bc6-487a-9b9b-9fd457d0fae4@group-0C9C3B2D0CC1: changes role from  FOLLOWER to CANDIDATE at term 47 for changeToCandidate
2019-10-18 07:23:54,672 [Thread-9371] INFO  impl.RoleInfo (RoleInfo.java:updateAndGet(143)) - 4dea926d-4bc6-487a-9b9b-9fd457d0fae4: start LeaderElection
2019-10-18 07:23:54,693 [4dea926d-4bc6-487a-9b9b-9fd457d0fae4@group-0C9C3B2D0CC1-LeaderElection1036] INFO  impl.LeaderElection (LeaderElection.java:askForVotes(178)) - 4dea926d-4bc6-487a-9b9b-9fd457d0fae4@group-0C9C3B2D0CC1-LeaderElection1036: begin an election at term 48 for -1: [6633f50a-7046-4b08-9937-8e25f1b14b15:192.168.34.25:39338, 67270882-100a-4e75-928d-618d17e069c8:192.168.34.25:36648, 4dea926d-4bc6-487a-9b9b-9fd457d0fae4:192.168.34.25:41624], old=null
2019-10-18 07:23:54,693 [12ad0800-05cb-443c-9fdd-fa1debf04523@group-BCB82A5C07F5-LeaderElection1035] INFO  impl.LeaderElection (LeaderElection.java:askForVotes(178)) - 12ad0800-05cb-443c-9fdd-fa1debf04523@group-BCB82A5C07F5-LeaderElection1035: begin an election at term 54 for -1: [12ad0800-05cb-443c-9fdd-fa1debf04523:192.168.34.25:41155, 5170c5f3-8499-4b42-9321-85fc8a351f79:192.168.34.25:43074, 0b10a9fc-47eb-4a2b-b664-8273d9d17379:192.168.34.25:45248], old=null
2019-10-18 07:23:54,694 [grpc-default-executor-17] INFO  impl.RaftServerImpl (RaftServerImpl.java:setRole(184)) - 6633f50a-7046-4b08-9937-8e25f1b14b15@group-0C9C3B2D0CC1: changes role from  FOLLOWER to FOLLOWER at term 48 for recognizeCandidate:4dea926d-4bc6-487a-9b9b-9fd457d0fae4
2019-10-18 07:23:54,694 [grpc-default-executor-17] INFO  impl.RoleInfo (RoleInfo.java:shutdownFollowerState(121)) - 6633f50a-7046-4b08-9937-8e25f1b14b15: shutdown FollowerState
2019-10-18 07:23:54,694 [grpc-default-executor-4] INFO  impl.RaftServerImpl (RaftServerImpl.java:setRole(184)) - 5170c5f3-8499-4b42-9321-85fc8a351f79@group-BCB82A5C07F5: changes role from  FOLLOWER to FOLLOWER at term 54 for recognizeCandidate:12ad0800-05cb-443c-9fdd-fa1debf04523
2019-10-18 07:23:54,695 [grpc-default-executor-14] INFO  impl.RaftServerImpl (RaftServerImpl.java:setRole(184)) - 67270882-100a-4e75-928d-618d17e069c8@group-0C9C3B2D0CC1: changes role from  FOLLOWER to FOLLOWER at term 48 for recognizeCandidate:4dea926d-4bc6-487a-9b9b-9fd457d0fae4
2019-10-18 07:23:54,695 [grpc-default-executor-14] INFO  impl.RoleInfo (RoleInfo.java:shutdownFollowerState(121)) - 67270882-100a-4e75-928d-618d17e069c8: shutdown FollowerState
2019-10-18 07:23:54,695 [Thread-9369] INFO  impl.FollowerState (FollowerState.java:run(117)) - 6633f50a-7046-4b08-9937-8e25f1b14b15@group-0C9C3B2D0CC1-FollowerState was interrupted: java.lang.InterruptedException: sleep interrupted
2019-10-18 07:23:54,694 [grpc-default-executor-17] INFO  impl.RoleInfo (RoleInfo.java:updateAndGet(143)) - 6633f50a-7046-4b08-9937-8e25f1b14b15: start FollowerState
2019-10-18 07:23:54,694 [grpc-default-executor-11] INFO  impl.RaftServerImpl (RaftServerImpl.java:setRole(184)) - 0b10a9fc-47eb-4a2b-b664-8273d9d17379@group-BCB82A5C07F5: changes role from  FOLLOWER to FOLLOWER at term 54 for recognizeCandidate:12ad0800-05cb-443c-9fdd-fa1debf04523
2019-10-18 07:23:54,696 [grpc-default-executor-11] INFO  impl.RoleInfo (RoleInfo.java:shutdownFollowerState(121)) - 0b10a9fc-47eb-4a2b-b664-8273d9d17379: shutdown FollowerState
2019-10-18 07:23:54,695 [Thread-9368] INFO  impl.FollowerState (FollowerState.java:run(117)) - 67270882-100a-4e75-928d-618d17e069c8@group-0C9C3B2D0CC1-FollowerState was interrupted: java.lang.InterruptedException: sleep interrupted
2019-10-18 07:23:54,695 [grpc-default-executor-14] INFO  impl.RoleInfo (RoleInfo.java:updateAndGet(143)) - 67270882-100a-4e75-928d-618d17e069c8: start FollowerState
2019-10-18 07:23:54,695 [grpc-default-executor-4] INFO  impl.RoleInfo (RoleInfo.java:shutdownFollowerState(121)) - 5170c5f3-8499-4b42-9321-85fc8a351f79: shutdown FollowerState
2019-10-18 07:23:54,696 [grpc-default-executor-11] INFO  impl.RoleInfo (RoleInfo.java:updateAndGet(143)) - 0b10a9fc-47eb-4a2b-b664-8273d9d17379: start FollowerState
2019-10-18 07:23:54,696 [Thread-9377] INFO  impl.FollowerState (FollowerState.java:run(117)) - 0b10a9fc-47eb-4a2b-b664-8273d9d17379@group-BCB82A5C07F5-FollowerState was interrupted: java.lang.InterruptedException: sleep interrupted
2019-10-18 07:23:54,696 [Thread-9376] INFO  impl.FollowerState (FollowerState.java:run(117)) - 5170c5f3-8499-4b42-9321-85fc8a351f79@group-BCB82A5C07F5-FollowerState was interrupted: java.lang.InterruptedException: sleep interrupted
2019-10-18 07:23:54,696 [grpc-default-executor-4] INFO  impl.RoleInfo (RoleInfo.java:updateAndGet(143)) - 5170c5f3-8499-4b42-9321-85fc8a351f79: start FollowerState
2019-10-18 07:23:54,722 [12ad0800-05cb-443c-9fdd-fa1debf04523@group-BCB82A5C07F5-LeaderElection1035] INFO  impl.LeaderElection (LeaderElection.java:logAndReturn(56)) - 12ad0800-05cb-443c-9fdd-fa1debf04523@group-BCB82A5C07F5-LeaderElection1035: Election REJECTED; received 2 response(s) [12ad0800-05cb-443c-9fdd-fa1debf04523<-5170c5f3-8499-4b42-9321-85fc8a351f79#0:FAIL-t54, 12ad0800-05cb-443c-9fdd-fa1debf04523<-0b10a9fc-47eb-4a2b-b664-8273d9d17379#0:FAIL-t54] and 0 exception(s); 12ad0800-05cb-443c-9fdd-fa1debf04523@group-BCB82A5C07F5:t54, leader=null, voted=12ad0800-05cb-443c-9fdd-fa1debf04523, raftlog=12ad0800-05cb-443c-9fdd-fa1debf04523@group-BCB82A5C07F5-SegmentedRaftLog:OPENED:c-1,f-1,i0, conf=-1: [12ad0800-05cb-443c-9fdd-fa1debf04523:192.168.34.25:41155, 5170c5f3-8499-4b42-9321-85fc8a351f79:192.168.34.25:43074, 0b10a9fc-47eb-4a2b-b664-8273d9d17379:192.168.34.25:45248], old=null
2019-10-18 07:23:54,722 [4dea926d-4bc6-487a-9b9b-9fd457d0fae4@group-0C9C3B2D0CC1-LeaderElection1036] INFO  impl.LeaderElection (LeaderElection.java:logAndReturn(56)) - 4dea926d-4bc6-487a-9b9b-9fd457d0fae4@group-0C9C3B2D0CC1-LeaderElection1036: Election REJECTED; received 2 response(s) [4dea926d-4bc6-487a-9b9b-9fd457d0fae4<-6633f50a-7046-4b08-9937-8e25f1b14b15#0:FAIL-t48, 4dea926d-4bc6-487a-9b9b-9fd457d0fae4<-67270882-100a-4e75-928d-618d17e069c8#0:FAIL-t48] and 0 exception(s); 4dea926d-4bc6-487a-9b9b-9fd457d0fae4@group-0C9C3B2D0CC1:t48, leader=null, voted=4dea926d-4bc6-487a-9b9b-9fd457d0fae4, raftlog=4dea926d-4bc6-487a-9b9b-9fd457d0fae4@group-0C9C3B2D0CC1-SegmentedRaftLog:OPENED:c-1,f-1,i0, conf=-1: [6633f50a-7046-4b08-9937-8e25f1b14b15:192.168.34.25:39338, 67270882-100a-4e75-928d-618d17e069c8:192.168.34.25:36648, 4dea926d-4bc6-487a-9b9b-9fd457d0fae4:192.168.34.25:41624], old=null
2019-10-18 07:23:54,722 [12ad0800-05cb-443c-9fdd-fa1debf04523@group-BCB82A5C07F5-LeaderElection1035] INFO  impl.RaftServerImpl (RaftServerImpl.java:setRole(184)) - 12ad0800-05cb-443c-9fdd-fa1debf04523@group-BCB82A5C07F5: changes role from CANDIDATE to FOLLOWER at term 54 for DISCOVERED_A_NEW_TERM
2019-10-18 07:23:54,722 [4dea926d-4bc6-487a-9b9b-9fd457d0fae4@group-0C9C3B2D0CC1-LeaderElection1036] INFO  impl.RaftServerImpl (RaftServerImpl.java:setRole(184)) - 4dea926d-4bc6-487a-9b9b-9fd457d0fae4@group-0C9C3B2D0CC1: changes role from CANDIDATE to FOLLOWER at term 48 for DISCOVERED_A_NEW_TERM
2019-10-18 07:23:54,722 [12ad0800-05cb-443c-9fdd-fa1debf04523@group-BCB82A5C07F5-LeaderElection1035] INFO  impl.RoleInfo (RoleInfo.java:shutdownLeaderElection(134)) - 12ad0800-05cb-443c-9fdd-fa1debf04523: shutdown LeaderElection
2019-10-18 07:23:54,722 [4dea926d-4bc6-487a-9b9b-9fd457d0fae4@group-0C9C3B2D0CC1-LeaderElection1036] INFO  impl.RoleInfo (RoleInfo.java:shutdownLeaderElection(134)) - 4dea926d-4bc6-487a-9b9b-9fd457d0fae4: shutdown LeaderElection
2019-10-18 07:23:54,722 [12ad0800-05cb-443c-9fdd-fa1debf04523@group-BCB82A5C07F5-LeaderElection1035] INFO  impl.RoleInfo (RoleInfo.java:updateAndGet(143)) - 12ad0800-05cb-443c-9fdd-fa1debf04523: start FollowerState
2019-10-18 07:23:54,722 [4dea926d-4bc6-487a-9b9b-9fd457d0fae4@group-0C9C3B2D0CC1-LeaderElection1036] INFO  impl.RoleInfo (RoleInfo.java:updateAndGet(143)) - 4dea926d-4bc6-487a-9b9b-9fd457d0fae4: start FollowerState
2019-10-18 07:23:54,778 [Thread-9387] INFO  impl.FollowerState (FollowerState.java:run(108)) - 12ad0800-05cb-443c-9fdd-fa1debf04523@group-BCB82A5C07F5-FollowerState: change to CANDIDATE, lastRpcTime:55ms, electionTimeout:55ms
2019-10-18 07:23:54,778 [Thread-9387] INFO  impl.RoleInfo (RoleInfo.java:shutdownFollowerState(121)) - 12ad0800-05cb-443c-9fdd-fa1debf04523: shutdown FollowerState
2019-10-18 07:23:54,778 [Thread-9387] INFO  impl.RaftServerImpl (RaftServerImpl.java:setRole(184)) - 12ad0800-05cb-443c-9fdd-fa1debf04523@group-BCB82A5C07F5: changes role from  FOLLOWER to CANDIDATE at term 54 for changeToCandidate
2019-10-18 07:23:54,778 [Thread-9387] INFO  impl.RoleInfo (RoleInfo.java:updateAndGet(143)) - 12ad0800-05cb-443c-9fdd-fa1debf04523: start LeaderElection
2019-10-18 07:23:54,781 [Thread-9388] INFO  impl.FollowerState (FollowerState.java:run(108)) - 4dea926d-4bc6-487a-9b9b-9fd457d0fae4@group-0C9C3B2D0CC1-FollowerState: change to CANDIDATE, lastRpcTime:58ms, electionTimeout:58ms
2019-10-18 07:23:54,781 [Thread-9388] INFO  impl.RoleInfo (RoleInfo.java:shutdownFollowerState(121)) - 4dea926d-4bc6-487a-9b9b-9fd457d0fae4: shutdown FollowerState
2019-10-18 07:23:54,781 [Thread-9388] INFO  impl.RaftServerImpl (RaftServerImpl.java:setRole(184)) - 4dea926d-4bc6-487a-9b9b-9fd457d0fae4@group-0C9C3B2D0CC1: changes role from  FOLLOWER to CANDIDATE at term 48 for changeToCandidate
2019-10-18 07:23:54,781 [Thread-9388] INFO  impl.RoleInfo (RoleInfo.java:updateAndGet(143)) - 4dea926d-4bc6-487a-9b9b-9fd457d0fae4: start LeaderElection
2019-10-18 07:23:54,800 [4dea926d-4bc6-487a-9b9b-9fd457d0fae4@group-0C9C3B2D0CC1-LeaderElection1038] INFO  impl.LeaderElection (LeaderElection.java:askForVotes(178)) - 4dea926d-4bc6-487a-9b9b-9fd457d0fae4@group-0C9C3B2D0CC1-LeaderElection1038: begin an election at term 49 for -1: [6633f50a-7046-4b08-9937-8e25f1b14b15:192.168.34.25:39338, 67270882-100a-4e75-928d-618d17e069c8:192.168.34.25:36648, 4dea926d-4bc6-487a-9b9b-9fd457d0fae4:192.168.34.25:41624], old=null
2019-10-18 07:23:54,800 [12ad0800-05cb-443c-9fdd-fa1debf04523@group-BCB82A5C07F5-LeaderElection1037] INFO  impl.LeaderElection (LeaderElection.java:askForVotes(178)) - 12ad0800-05cb-443c-9fdd-fa1debf04523@group-BCB82A5C07F5-LeaderElection1037: begin an election at term 55 for -1: [12ad0800-05cb-443c-9fdd-fa1debf04523:192.168.34.25:41155, 5170c5f3-8499-4b42-9321-85fc8a351f79:192.168.34.25:43074, 0b10a9fc-47eb-4a2b-b664-8273d9d17379:192.168.34.25:45248], old=null
2019-10-18 07:23:54,802 [grpc-default-executor-11] INFO  impl.RaftServerImpl (RaftServerImpl.java:setRole(184)) - 6633f50a-7046-4b08-9937-8e25f1b14b15@group-0C9C3B2D0CC1: changes role from  FOLLOWER to FOLLOWER at term 49 for recognizeCandidate:4dea926d-4bc6-487a-9b9b-9fd457d0fae4
2019-10-18 07:23:54,802 [grpc-default-executor-11] INFO  impl.RoleInfo (RoleInfo.java:shutdownFollowerState(121)) - 6633f50a-7046-4b08-9937-8e25f1b14b15: shutdown FollowerState
2019-10-18 07:23:54,802 [grpc-default-executor-14] INFO  impl.RaftServerImpl (RaftServerImpl.java:setRole(184)) - 0b10a9fc-47eb-4a2b-b664-8273d9d17379@group-BCB82A5C07F5: changes role from  FOLLOWER to FOLLOWER at term 55 for recognizeCandidate:12ad0800-05cb-443c-9fdd-fa1debf04523
2019-10-18 07:23:54,802 [Thread-9383] INFO  impl.FollowerState (FollowerState.java:run(117)) - 6633f50a-7046-4b08-9937-8e25f1b14b15@group-0C9C3B2D0CC1-FollowerState was interrupted: java.lang.InterruptedException: sleep interrupted
2019-10-18 07:23:54,802 [grpc-default-executor-11] INFO  impl.RoleInfo (RoleInfo.java:updateAndGet(143)) - 6633f50a-7046-4b08-9937-8e25f1b14b15: start FollowerState
2019-10-18 07:23:54,802 [grpc-default-executor-4] INFO  impl.RaftServerImpl (RaftServerImpl.java:setRole(184)) - 5170c5f3-8499-4b42-9321-85fc8a351f79@group-BCB82A5C07F5: changes role from  FOLLOWER to FOLLOWER at term 55 for recognizeCandidate:12ad0800-05cb-443c-9fdd-fa1debf04523
2019-10-18 07:23:54,803 [grpc-default-executor-4] INFO  impl.RoleInfo (RoleInfo.java:shutdownFollowerState(121)) - 5170c5f3-8499-4b42-9321-85fc8a351f79: shutdown FollowerState
2019-10-18 07:23:54,802 [grpc-default-executor-17] INFO  impl.RaftServerImpl (RaftServerImpl.java:setRole(184)) - 67270882-100a-4e75-928d-618d17e069c8@group-0C9C3B2D0CC1: changes role from  FOLLOWER to FOLLOWER at term 49 for recognizeCandidate:4dea926d-4bc6-487a-9b9b-9fd457d0fae4
2019-10-18 07:23:54,803 [grpc-default-executor-17] INFO  impl.RoleInfo (RoleInfo.java:shutdownFollowerState(121)) - 67270882-100a-4e75-928d-618d17e069c8: shutdown FollowerState
2019-10-18 07:23:54,802 [grpc-default-executor-14] INFO  impl.RoleInfo (RoleInfo.java:shutdownFollowerState(121)) - 0b10a9fc-47eb-4a2b-b664-8273d9d17379: shutdown FollowerState
2019-10-18 07:23:54,803 [Thread-9384] INFO  impl.FollowerState (FollowerState.java:run(117)) - 67270882-100a-4e75-928d-618d17e069c8@group-0C9C3B2D0CC1-FollowerState was interrupted: java.lang.InterruptedException: sleep interrupted
2019-10-18 07:23:54,803 [grpc-default-executor-17] INFO  impl.RoleInfo (RoleInfo.java:updateAndGet(143)) - 67270882-100a-4e75-928d-618d17e069c8: start FollowerState
2019-10-18 07:23:54,803 [Thread-9386] INFO  impl.FollowerState (FollowerState.java:run(117)) - 5170c5f3-8499-4b42-9321-85fc8a351f79@group-BCB82A5C07F5-FollowerState was interrupted: java.lang.InterruptedException: sleep interrupted
2019-10-18 07:23:54,803 [grpc-default-executor-4] INFO  impl.RoleInfo (RoleInfo.java:updateAndGet(143)) - 5170c5f3-8499-4b42-9321-85fc8a351f79: start FollowerState
2019-10-18 07:23:54,803 [Thread-9385] INFO  impl.FollowerState (FollowerState.java:run(117)) - 0b10a9fc-47eb-4a2b-b664-8273d9d17379@group-BCB82A5C07F5-FollowerState was interrupted: java.lang.InterruptedException: sleep interrupted
2019-10-18 07:23:54,803 [grpc-default-executor-14] INFO  impl.RoleInfo (RoleInfo.java:updateAndGet(143)) - 0b10a9fc-47eb-4a2b-b664-8273d9d17379: start FollowerState
2019-10-18 07:23:54,815 [12ad0800-05cb-443c-9fdd-fa1debf04523@group-BCB82A5C07F5-LeaderElection1037] INFO  impl.LeaderElection (LeaderElection.java:logAndReturn(56)) - 12ad0800-05cb-443c-9fdd-fa1debf04523@group-BCB82A5C07F5-LeaderElection1037: Election TIMEOUT; received 0 response(s) [] and 0 exception(s); 12ad0800-05cb-443c-9fdd-fa1debf04523@group-BCB82A5C07F5:t55, leader=null, voted=12ad0800-05cb-443c-9fdd-fa1debf04523, raftlog=12ad0800-05cb-443c-9fdd-fa1debf04523@group-BCB82A5C07F5-SegmentedRaftLog:OPENED:c-1,f-1,i0, conf=-1: [12ad0800-05cb-443c-9fdd-fa1debf04523:192.168.34.25:41155, 5170c5f3-8499-4b42-9321-85fc8a351f79:192.168.34.25:43074, 0b10a9fc-47eb-4a2b-b664-8273d9d17379:192.168.34.25:45248], old=null
2019-10-18 07:23:54,820 [4dea926d-4bc6-487a-9b9b-9fd457d0fae4@group-0C9C3B2D0CC1-LeaderElection1038] INFO  impl.LeaderElection (LeaderElection.java:logAndReturn(56)) - 4dea926d-4bc6-487a-9b9b-9fd457d0fae4@group-0C9C3B2D0CC1-LeaderElection1038: Election REJECTED; received 2 response(s) [4dea926d-4bc6-487a-9b9b-9fd457d0fae4<-6633f50a-7046-4b08-9937-8e25f1b14b15#0:FAIL-t49, 4dea926d-4bc6-487a-9b9b-9fd457d0fae4<-67270882-100a-4e75-928d-618d17e069c8#0:FAIL-t49] and 0 exception(s); 4dea926d-4bc6-487a-9b9b-9fd457d0fae4@group-0C9C3B2D0CC1:t49, leader=null, voted=4dea926d-4bc6-487a-9b9b-9fd457d0fae4, raftlog=4dea926d-4bc6-487a-9b9b-9fd457d0fae4@group-0C9C3B2D0CC1-SegmentedRaftLog:OPENED:c-1,f-1,i0, conf=-1: [6633f50a-7046-4b08-9937-8e25f1b14b15:192.168.34.25:39338, 67270882-100a-4e75-928d-618d17e069c8:192.168.34.25:36648, 4dea926d-4bc6-487a-9b9b-9fd457d0fae4:192.168.34.25:41624], old=null
2019-10-18 07:23:54,820 [4dea926d-4bc6-487a-9b9b-9fd457d0fae4@group-0C9C3B2D0CC1-LeaderElection1038] INFO  impl.RaftServerImpl (RaftServerImpl.java:setRole(184)) - 4dea926d-4bc6-487a-9b9b-9fd457d0fae4@group-0C9C3B2D0CC1: changes role from CANDIDATE to FOLLOWER at term 49 for DISCOVERED_A_NEW_TERM
2019-10-18 07:23:54,820 [4dea926d-4bc6-487a-9b9b-9fd457d0fae4@group-0C9C3B2D0CC1-LeaderElection1038] INFO  impl.RoleInfo (RoleInfo.java:shutdownLeaderElection(134)) - 4dea926d-4bc6-487a-9b9b-9fd457d0fae4: shutdown LeaderElection
2019-10-18 07:23:54,820 [4dea926d-4bc6-487a-9b9b-9fd457d0fae4@group-0C9C3B2D0CC1-LeaderElection1038] INFO  impl.RoleInfo (RoleInfo.java:updateAndGet(143)) - 4dea926d-4bc6-487a-9b9b-9fd457d0fae4: start FollowerState
2019-10-18 07:23:54,835 [12ad0800-05cb-443c-9fdd-fa1debf04523@group-BCB82A5C07F5-LeaderElection1037] INFO  impl.LeaderElection (LeaderElection.java:askForVotes(178)) - 12ad0800-05cb-443c-9fdd-fa1debf04523@group-BCB82A5C07F5-LeaderElection1037: begin an election at term 56 for -1: [12ad0800-05cb-443c-9fdd-fa1debf04523:192.168.34.25:41155, 5170c5f3-8499-4b42-9321-85fc8a351f79:192.168.34.25:43074, 0b10a9fc-47eb-4a2b-b664-8273d9d17379:192.168.34.25:45248], old=null
2019-10-18 07:23:54,836 [grpc-default-executor-11] INFO  impl.RaftServerImpl (RaftServerImpl.java:setRole(184)) - 0b10a9fc-47eb-4a2b-b664-8273d9d17379@group-BCB82A5C07F5: changes role from  FOLLOWER to FOLLOWER at term 56 for recognizeCandidate:12ad0800-05cb-443c-9fdd-fa1debf04523
2019-10-18 07:23:54,837 [grpc-default-executor-11] INFO  impl.RoleInfo (RoleInfo.java:shutdownFollowerState(121)) - 0b10a9fc-47eb-4a2b-b664-8273d9d17379: shutdown FollowerState
2019-10-18 07:23:54,836 [grpc-default-executor-17] INFO  impl.RaftServerImpl (RaftServerImpl.java:setRole(184)) - 5170c5f3-8499-4b42-9321-85fc8a351f79@group-BCB82A5C07F5: changes role from  FOLLOWER to FOLLOWER at term 56 for recognizeCandidate:12ad0800-05cb-443c-9fdd-fa1debf04523
2019-10-18 07:23:54,837 [grpc-default-executor-17] INFO  impl.RoleInfo (RoleInfo.java:shutdownFollowerState(121)) - 5170c5f3-8499-4b42-9321-85fc8a351f79: shutdown FollowerState
2019-10-18 07:23:54,837 [Thread-9398] INFO  impl.FollowerState (FollowerState.java:run(117)) - 0b10a9fc-47eb-4a2b-b664-8273d9d17379@group-BCB82A5C07F5-FollowerState was interrupted: java.lang.InterruptedException: sleep interrupted
2019-10-18 07:23:54,837 [grpc-default-executor-11] INFO  impl.RoleInfo (RoleInfo.java:updateAndGet(143)) - 0b10a9fc-47eb-4a2b-b664-8273d9d17379: start FollowerState
2019-10-18 07:23:54,837 [Thread-9396] INFO  impl.FollowerState (FollowerState.java:run(117)) - 5170c5f3-8499-4b42-9321-85fc8a351f79@group-BCB82A5C07F5-FollowerState was interrupted: java.lang.InterruptedException: sleep interrupted
2019-10-18 07:23:54,837 [grpc-default-executor-17] INFO  impl.RoleInfo (RoleInfo.java:updateAndGet(143)) - 5170c5f3-8499-4b42-9321-85fc8a351f79: start FollowerState
2019-10-18 07:23:54,853 [12ad0800-05cb-443c-9fdd-fa1debf04523@group-BCB82A5C07F5-LeaderElection1037] INFO  impl.LeaderElection (LeaderElection.java:logAndReturn(56)) - 12ad0800-05cb-443c-9fdd-fa1debf04523@group-BCB82A5C07F5-LeaderElection1037: Election REJECTED; received 2 response(s) [12ad0800-05cb-443c-9fdd-fa1debf04523<-5170c5f3-8499-4b42-9321-85fc8a351f79#0:FAIL-t56, 12ad0800-05cb-443c-9fdd-fa1debf04523<-0b10a9fc-47eb-4a2b-b664-8273d9d17379#0:FAIL-t56] and 0 exception(s); 12ad0800-05cb-443c-9fdd-fa1debf04523@group-BCB82A5C07F5:t56, leader=null, voted=12ad0800-05cb-443c-9fdd-fa1debf04523, raftlog=12ad0800-05cb-443c-9fdd-fa1debf04523@group-BCB82A5C07F5-SegmentedRaftLog:OPENED:c-1,f-1,i0, conf=-1: [12ad0800-05cb-443c-9fdd-fa1debf04523:192.168.34.25:41155, 5170c5f3-8499-4b42-9321-85fc8a351f79:192.168.34.25:43074, 0b10a9fc-47eb-4a2b-b664-8273d9d17379:192.168.34.25:45248], old=null
2019-10-18 07:23:54,853 [12ad0800-05cb-443c-9fdd-fa1debf04523@group-BCB82A5C07F5-LeaderElection1037] INFO  impl.RaftServerImpl (RaftServerImpl.java:setRole(184)) - 12ad0800-05cb-443c-9fdd-fa1debf04523@group-BCB82A5C07F5: changes role from CANDIDATE to FOLLOWER at term 56 for DISCOVERED_A_NEW_TERM
2019-10-18 07:23:54,854 [12ad0800-05cb-443c-9fdd-fa1debf04523@group-BCB82A5C07F5-LeaderElection1037] INFO  impl.RoleInfo (RoleInfo.java:shutdownLeaderElection(134)) - 12ad0800-05cb-443c-9fdd-fa1debf04523: shutdown LeaderElection
2019-10-18 07:23:54,854 [12ad0800-05cb-443c-9fdd-fa1debf04523@group-BCB82A5C07F5-LeaderElection1037] INFO  impl.RoleInfo (RoleInfo.java:updateAndGet(143)) - 12ad0800-05cb-443c-9fdd-fa1debf04523: start FollowerState
2019-10-18 07:23:54,860 [Thread-9399] INFO  impl.FollowerState (FollowerState.java:run(108)) - 4dea926d-4bc6-487a-9b9b-9fd457d0fae4@group-0C9C3B2D0CC1-FollowerState: change to CANDIDATE, lastRpcTime:39ms, electionTimeout:39ms
2019-10-18 07:23:54,860 [Thread-9399] INFO  impl.RoleInfo (RoleInfo.java:shutdownFollowerState(121)) - 4dea926d-4bc6-487a-9b9b-9fd457d0fae4: shutdown FollowerState
2019-10-18 07:23:54,860 [Thread-9399] INFO  impl.RaftServerImpl (RaftServerImpl.java:setRole(184)) - 4dea926d-4bc6-487a-9b9b-9fd457d0fae4@group-0C9C3B2D0CC1: changes role from  FOLLOWER to CANDIDATE at term 49 for changeToCandidate
2019-10-18 07:23:54,860 [Thread-9399] INFO  impl.RoleInfo (RoleInfo.java:updateAndGet(143)) - 4dea926d-4bc6-487a-9b9b-9fd457d0fae4: start LeaderElection
2019-10-18 07:23:54,864 [Thread-9404] INFO  impl.FollowerState (FollowerState.java:run(108)) - 12ad0800-05cb-443c-9fdd-fa1debf04523@group-BCB82A5C07F5-FollowerState: change to CANDIDATE, lastRpcTime:10ms, electionTimeout:10ms
2019-10-18 07:23:54,864 [Thread-9404] INFO  impl.RoleInfo (RoleInfo.java:shutdownFollowerState(121)) - 12ad0800-05cb-443c-9fdd-fa1debf04523: shutdown FollowerState
2019-10-18 07:23:54,864 [Thread-9404] INFO  impl.RaftServerImpl (RaftServerImpl.java:setRole(184)) - 12ad0800-05cb-443c-9fdd-fa1debf04523@group-BCB82A5C07F5: changes role from  FOLLOWER to CANDIDATE at term 56 for changeToCandidate
2019-10-18 07:23:54,864 [Thread-9404] INFO  impl.RoleInfo (RoleInfo.java:updateAndGet(143)) - 12ad0800-05cb-443c-9fdd-fa1debf04523: start LeaderElection
2019-10-18 07:23:54,878 [4dea926d-4bc6-487a-9b9b-9fd457d0fae4@group-0C9C3B2D0CC1-LeaderElection1039] INFO  impl.LeaderElection (LeaderElection.java:askForVotes(178)) - 4dea926d-4bc6-487a-9b9b-9fd457d0fae4@group-0C9C3B2D0CC1-LeaderElection1039: begin an election at term 50 for -1: [6633f50a-7046-4b08-9937-8e25f1b14b15:192.168.34.25:39338, 67270882-100a-4e75-928d-618d17e069c8:192.168.34.25:36648, 4dea926d-4bc6-487a-9b9b-9fd457d0fae4:192.168.34.25:41624], old=null
2019-10-18 07:23:54,878 [12ad0800-05cb-443c-9fdd-fa1debf04523@group-BCB82A5C07F5-LeaderElection1040] INFO  impl.LeaderElection (LeaderElection.java:askForVotes(178)) - 12ad0800-05cb-443c-9fdd-fa1debf04523@group-BCB82A5C07F5-LeaderElection1040: begin an election at term 57 for -1: [12ad0800-05cb-443c-9fdd-fa1debf04523:192.168.34.25:41155, 5170c5f3-8499-4b42-9321-85fc8a351f79:192.168.34.25:43074, 0b10a9fc-47eb-4a2b-b664-8273d9d17379:192.168.34.25:45248], old=null
2019-10-18 07:23:54,879 [grpc-default-executor-17] INFO  impl.RaftServerImpl (RaftServerImpl.java:setRole(184)) - 6633f50a-7046-4b08-9937-8e25f1b14b15@group-0C9C3B2D0CC1: changes role from  FOLLOWER to FOLLOWER at term 50 for recognizeCandidate:4dea926d-4bc6-487a-9b9b-9fd457d0fae4
2019-10-18 07:23:54,879 [grpc-default-executor-17] INFO  impl.RoleInfo (RoleInfo.java:shutdownFollowerState(121)) - 6633f50a-7046-4b08-9937-8e25f1b14b15: shutdown FollowerState
2019-10-18 07:23:54,879 [grpc-default-executor-11] INFO  impl.RaftServerImpl (RaftServerImpl.java:setRole(184)) - 5170c5f3-8499-4b42-9321-85fc8a351f79@group-BCB82A5C07F5: changes role from  FOLLOWER to FOLLOWER at term 57 for recognizeCandidate:12ad0800-05cb-443c-9fdd-fa1debf04523
2019-10-18 07:23:54,879 [grpc-default-executor-14] INFO  impl.RaftServerImpl (RaftServerImpl.java:setRole(184)) - 67270882-100a-4e75-928d-618d17e069c8@group-0C9C3B2D0CC1: changes role from  FOLLOWER to FOLLOWER at term 50 for recognizeCandidate:4dea926d-4bc6-487a-9b9b-9fd457d0fae4
2019-10-18 07:23:54,879 [grpc-default-executor-4] INFO  impl.RaftServerImpl (RaftServerImpl.java:setRole(184)) - 0b10a9fc-47eb-4a2b-b664-8273d9d17379@group-BCB82A5C07F5: changes role from  FOLLOWER to FOLLOWER at term 57 for recognizeCandidate:12ad0800-05cb-443c-9fdd-fa1debf04523
2019-10-18 07:23:54,879 [grpc-default-executor-4] INFO  impl.RoleInfo (RoleInfo.java:shutdownFollowerState(121)) - 0b10a9fc-47eb-4a2b-b664-8273d9d17379: shutdown FollowerState
2019-10-18 07:23:54,879 [Thread-9395] INFO  impl.FollowerState (FollowerState.java:run(117)) - 6633f50a-7046-4b08-9937-8e25f1b14b15@group-0C9C3B2D0CC1-FollowerState was interrupted: java.lang.InterruptedException: sleep interrupted
2019-10-18 07:23:54,879 [grpc-default-executor-17] INFO  impl.RoleInfo (RoleInfo.java:updateAndGet(143)) - 6633f50a-7046-4b08-9937-8e25f1b14b15: start FollowerState
2019-10-18 07:23:54,879 [Thread-9402] INFO  impl.FollowerState (FollowerState.java:run(117)) - 0b10a9fc-47eb-4a2b-b664-8273d9d17379@group-BCB82A5C07F5-FollowerState was interrupted: java.lang.InterruptedException: sleep interrupted
2019-10-18 07:23:54,879 [grpc-default-executor-4] INFO  impl.RoleInfo (RoleInfo.java:updateAndGet(143)) - 0b10a9fc-47eb-4a2b-b664-8273d9d17379: start FollowerState
2019-10-18 07:23:54,879 [grpc-default-executor-14] INFO  impl.RoleInfo (RoleInfo.java:shutdownFollowerState(121)) - 67270882-100a-4e75-928d-618d17e069c8: shutdown FollowerState
2019-10-18 07:23:54,880 [grpc-default-executor-14] INFO  impl.RoleInfo (RoleInfo.java:updateAndGet(143)) - 67270882-100a-4e75-928d-618d17e069c8: start FollowerState
2019-10-18 07:23:54,879 [grpc-default-executor-11] INFO  impl.RoleInfo (RoleInfo.java:shutdownFollowerState(121)) - 5170c5f3-8499-4b42-9321-85fc8a351f79: shutdown FollowerState
2019-10-18 07:23:54,880 [Thread-9397] INFO  impl.FollowerState (FollowerState.java:run(117)) - 67270882-100a-4e75-928d-618d17e069c8@group-0C9C3B2D0CC1-FollowerState was interrupted: java.lang.InterruptedException: sleep interrupted
2019-10-18 07:23:54,880 [Thread-9403] INFO  impl.FollowerState (FollowerState.java:run(117)) - 5170c5f3-8499-4b42-9321-85fc8a351f79@group-BCB82A5C07F5-FollowerState was interrupted: java.lang.InterruptedException: sleep interrupted
2019-10-18 07:23:54,880 [grpc-default-executor-11] INFO  impl.RoleInfo (RoleInfo.java:updateAndGet(143)) - 5170c5f3-8499-4b42-9321-85fc8a351f79: start FollowerState
2019-10-18 07:23:54,896 [12ad0800-05cb-443c-9fdd-fa1debf04523@group-BCB82A5C07F5-LeaderElection1040] INFO  impl.LeaderElection (LeaderElection.java:logAndReturn(56)) - 12ad0800-05cb-443c-9fdd-fa1debf04523@group-BCB82A5C07F5-LeaderElection1040: Election REJECTED; received 2 response(s) [12ad0800-05cb-443c-9fdd-fa1debf04523<-5170c5f3-8499-4b42-9321-85fc8a351f79#0:FAIL-t57, 12ad0800-05cb-443c-9fdd-fa1debf04523<-0b10a9fc-47eb-4a2b-b664-8273d9d17379#0:FAIL-t57] and 0 exception(s); 12ad0800-05cb-443c-9fdd-fa1debf04523@group-BCB82A5C07F5:t57, leader=null, voted=12ad0800-05cb-443c-9fdd-fa1debf04523, raftlog=12ad0800-05cb-443c-9fdd-fa1debf04523@group-BCB82A5C07F5-SegmentedRaftLog:OPENED:c-1,f-1,i0, conf=-1: [12ad0800-05cb-443c-9fdd-fa1debf04523:192.168.34.25:41155, 5170c5f3-8499-4b42-9321-85fc8a351f79:192.168.34.25:43074, 0b10a9fc-47eb-4a2b-b664-8273d9d17379:192.168.34.25:45248], old=null
2019-10-18 07:23:54,896 [4dea926d-4bc6-487a-9b9b-9fd457d0fae4@group-0C9C3B2D0CC1-LeaderElection1039] INFO  impl.LeaderElection (LeaderElection.java:logAndReturn(56)) - 4dea926d-4bc6-487a-9b9b-9fd457d0fae4@group-0C9C3B2D0CC1-LeaderElection1039: Election REJECTED; received 2 response(s) [4dea926d-4bc6-487a-9b9b-9fd457d0fae4<-6633f50a-7046-4b08-9937-8e25f1b14b15#0:FAIL-t50, 4dea926d-4bc6-487a-9b9b-9fd457d0fae4<-67270882-100a-4e75-928d-618d17e069c8#0:FAIL-t50] and 0 exception(s); 4dea926d-4bc6-487a-9b9b-9fd457d0fae4@group-0C9C3B2D0CC1:t50, leader=null, voted=4dea926d-4bc6-487a-9b9b-9fd457d0fae4, raftlog=4dea926d-4bc6-487a-9b9b-9fd457d0fae4@group-0C9C3B2D0CC1-SegmentedRaftLog:OPENED:c-1,f-1,i0, conf=-1: [6633f50a-7046-4b08-9937-8e25f1b14b15:192.168.34.25:39338, 67270882-100a-4e75-928d-618d17e069c8:192.168.34.25:36648, 4dea926d-4bc6-487a-9b9b-9fd457d0fae4:192.168.34.25:41624], old=null
2019-10-18 07:23:54,896 [12ad0800-05cb-443c-9fdd-fa1debf04523@group-BCB82A5C07F5-LeaderElection1040] INFO  impl.RaftServerImpl (RaftServerImpl.java:setRole(184)) - 12ad0800-05cb-443c-9fdd-fa1debf04523@group-BCB82A5C07F5: changes role from CANDIDATE to FOLLOWER at term 57 for DISCOVERED_A_NEW_TERM
2019-10-18 07:23:54,896 [12ad0800-05cb-443c-9fdd-fa1debf04523@group-BCB82A5C07F5-LeaderElection1040] INFO  impl.RoleInfo (RoleInfo.java:shutdownLeaderElection(134)) - 12ad0800-05cb-443c-9fdd-fa1debf04523: shutdown LeaderElection
2019-10-18 07:23:54,896 [4dea926d-4bc6-487a-9b9b-9fd457d0fae4@group-0C9C3B2D0CC1-LeaderElection1039] INFO  impl.RaftServerImpl (RaftServerImpl.java:setRole(184)) - 4dea926d-4bc6-487a-9b9b-9fd457d0fae4@group-0C9C3B2D0CC1: changes role from CANDIDATE to FOLLOWER at term 50 for DISCOVERED_A_NEW_TERM
2019-10-18 07:23:54,896 [12ad0800-05cb-443c-9fdd-fa1debf04523@group-BCB82A5C07F5-LeaderElection1040] INFO  impl.RoleInfo (RoleInfo.java:updateAndGet(143)) - 12ad0800-05cb-443c-9fdd-fa1debf04523: start FollowerState
2019-10-18 07:23:54,896 [4dea926d-4bc6-487a-9b9b-9fd457d0fae4@group-0C9C3B2D0CC1-LeaderElection1039] INFO  impl.RoleInfo (RoleInfo.java:shutdownLeaderElection(134)) - 4dea926d-4bc6-487a-9b9b-9fd457d0fae4: shutdown LeaderElection
2019-10-18 07:23:54,897 [4dea926d-4bc6-487a-9b9b-9fd457d0fae4@group-0C9C3B2D0CC1-LeaderElection1039] INFO  impl.RoleInfo (RoleInfo.java:updateAndGet(143)) - 4dea926d-4bc6-487a-9b9b-9fd457d0fae4: start FollowerState
2019-10-18 07:23:55,044 [Thread-9415] INFO  impl.FollowerState (FollowerState.java:run(108)) - 12ad0800-05cb-443c-9fdd-fa1debf04523@group-BCB82A5C07F5-FollowerState: change to CANDIDATE, lastRpcTime:147ms, electionTimeout:147ms
2019-10-18 07:23:55,044 [Thread-9415] INFO  impl.RoleInfo (RoleInfo.java:shutdownFollowerState(121)) - 12ad0800-05cb-443c-9fdd-fa1debf04523: shutdown FollowerState
2019-10-18 07:23:55,044 [Thread-9415] INFO  impl.RaftServerImpl (RaftServerImpl.java:setRole(184)) - 12ad0800-05cb-443c-9fdd-fa1debf04523@group-BCB82A5C07F5: changes role from  FOLLOWER to CANDIDATE at term 57 for changeToCandidate
2019-10-18 07:23:55,044 [Thread-9415] INFO  impl.RoleInfo (RoleInfo.java:updateAndGet(143)) - 12ad0800-05cb-443c-9fdd-fa1debf04523: start LeaderElection
2019-10-18 07:23:55,075 [12ad0800-05cb-443c-9fdd-fa1debf04523@group-BCB82A5C07F5-LeaderElection1041] INFO  impl.LeaderElection (LeaderElection.java:askForVotes(178)) - 12ad0800-05cb-443c-9fdd-fa1debf04523@group-BCB82A5C07F5-LeaderElection1041: begin an election at term 58 for -1: [12ad0800-05cb-443c-9fdd-fa1debf04523:192.168.34.25:41155, 5170c5f3-8499-4b42-9321-85fc8a351f79:192.168.34.25:43074, 0b10a9fc-47eb-4a2b-b664-8273d9d17379:192.168.34.25:45248], old=null
2019-10-18 07:23:55,077 [grpc-default-executor-17] INFO  impl.RaftServerImpl (RaftServerImpl.java:setRole(184)) - 0b10a9fc-47eb-4a2b-b664-8273d9d17379@group-BCB82A5C07F5: changes role from  FOLLOWER to FOLLOWER at term 58 for recognizeCandidate:12ad0800-05cb-443c-9fdd-fa1debf04523
2019-10-18 07:23:55,077 [grpc-default-executor-17] INFO  impl.RoleInfo (RoleInfo.java:shutdownFollowerState(121)) - 0b10a9fc-47eb-4a2b-b664-8273d9d17379: shutdown FollowerState
2019-10-18 07:23:55,077 [grpc-default-executor-4] INFO  impl.RaftServerImpl (RaftServerImpl.java:setRole(184)) - 5170c5f3-8499-4b42-9321-85fc8a351f79@group-BCB82A5C07F5: changes role from  FOLLOWER to FOLLOWER at term 58 for recognizeCandidate:12ad0800-05cb-443c-9fdd-fa1debf04523
2019-10-18 07:23:55,077 [grpc-default-executor-4] INFO  impl.RoleInfo (RoleInfo.java:shutdownFollowerState(121)) - 5170c5f3-8499-4b42-9321-85fc8a351f79: shutdown FollowerState
2019-10-18 07:23:55,077 [Thread-9412] INFO  impl.FollowerState (FollowerState.java:run(117)) - 0b10a9fc-47eb-4a2b-b664-8273d9d17379@group-BCB82A5C07F5-FollowerState was interrupted: java.lang.InterruptedException: sleep interrupted
2019-10-18 07:23:55,077 [grpc-default-executor-17] INFO  impl.RoleInfo (RoleInfo.java:updateAndGet(143)) - 0b10a9fc-47eb-4a2b-b664-8273d9d17379: start FollowerState
2019-10-18 07:23:55,077 [grpc-default-executor-4] INFO  impl.RoleInfo (RoleInfo.java:updateAndGet(143)) - 5170c5f3-8499-4b42-9321-85fc8a351f79: start FollowerState
2019-10-18 07:23:55,077 [Thread-9414] INFO  impl.FollowerState (FollowerState.java:run(117)) - 5170c5f3-8499-4b42-9321-85fc8a351f79@group-BCB82A5C07F5-FollowerState was interrupted: java.lang.InterruptedException: sleep interrupted
2019-10-18 07:23:55,095 [Thread-9416] INFO  impl.FollowerState (FollowerState.java:run(108)) - 4dea926d-4bc6-487a-9b9b-9fd457d0fae4@group-0C9C3B2D0CC1-FollowerState: change to CANDIDATE, lastRpcTime:198ms, electionTimeout:198ms
2019-10-18 07:23:55,095 [Thread-9416] INFO  impl.RoleInfo (RoleInfo.java:shutdownFollowerState(121)) - 4dea926d-4bc6-487a-9b9b-9fd457d0fae4: shutdown FollowerState
2019-10-18 07:23:55,095 [Thread-9416] INFO  impl.RaftServerImpl (RaftServerImpl.java:setRole(184)) - 4dea926d-4bc6-487a-9b9b-9fd457d0fae4@group-0C9C3B2D0CC1: changes role from  FOLLOWER to CANDIDATE at term 50 for changeToCandidate
2019-10-18 07:23:55,095 [Thread-9416] INFO  impl.RoleInfo (RoleInfo.java:updateAndGet(143)) - 4dea926d-4bc6-487a-9b9b-9fd457d0fae4: start LeaderElection
2019-10-18 07:23:55,101 [12ad0800-05cb-443c-9fdd-fa1debf04523@group-BCB82A5C07F5-LeaderElection1041] INFO  impl.LeaderElection (LeaderElection.java:logAndReturn(56)) - 12ad0800-05cb-443c-9fdd-fa1debf04523@group-BCB82A5C07F5-LeaderElection1041: Election REJECTED; received 2 response(s) [12ad0800-05cb-443c-9fdd-fa1debf04523<-5170c5f3-8499-4b42-9321-85fc8a351f79#0:FAIL-t58, 12ad0800-05cb-443c-9fdd-fa1debf04523<-0b10a9fc-47eb-4a2b-b664-8273d9d17379#0:FAIL-t58] and 0 exception(s); 12ad0800-05cb-443c-9fdd-fa1debf04523@group-BCB82A5C07F5:t58, leader=null, voted=12ad0800-05cb-443c-9fdd-fa1debf04523, raftlog=12ad0800-05cb-443c-9fdd-fa1debf04523@group-BCB82A5C07F5-SegmentedRaftLog:OPENED:c-1,f-1,i0, conf=-1: [12ad0800-05cb-443c-9fdd-fa1debf04523:192.168.34.25:41155, 5170c5f3-8499-4b42-9321-85fc8a351f79:192.168.34.25:43074, 0b10a9fc-47eb-4a2b-b664-8273d9d17379:192.168.34.25:45248], old=null
2019-10-18 07:23:55,101 [12ad0800-05cb-443c-9fdd-fa1debf04523@group-BCB82A5C07F5-LeaderElection1041] INFO  impl.RaftServerImpl (RaftServerImpl.java:setRole(184)) - 12ad0800-05cb-443c-9fdd-fa1debf04523@group-BCB82A5C07F5: changes role from CANDIDATE to FOLLOWER at term 58 for DISCOVERED_A_NEW_TERM
2019-10-18 07:23:55,101 [12ad0800-05cb-443c-9fdd-fa1debf04523@group-BCB82A5C07F5-LeaderElection1041] INFO  impl.RoleInfo (RoleInfo.java:shutdownLeaderElection(134)) - 12ad0800-05cb-443c-9fdd-fa1debf04523: shutdown LeaderElection
2019-10-18 07:23:55,101 [12ad0800-05cb-443c-9fdd-fa1debf04523@group-BCB82A5C07F5-LeaderElection1041] INFO  impl.RoleInfo (RoleInfo.java:updateAndGet(143)) - 12ad0800-05cb-443c-9fdd-fa1debf04523: start FollowerState
2019-10-18 07:23:55,117 [4dea926d-4bc6-487a-9b9b-9fd457d0fae4@group-0C9C3B2D0CC1-LeaderElection1042] INFO  impl.LeaderElection (LeaderElection.java:askForVotes(178)) - 4dea926d-4bc6-487a-9b9b-9fd457d0fae4@group-0C9C3B2D0CC1-LeaderElection1042: begin an election at term 51 for -1: [6633f50a-7046-4b08-9937-8e25f1b14b15:192.168.34.25:39338, 67270882-100a-4e75-928d-618d17e069c8:192.168.34.25:36648, 4dea926d-4bc6-487a-9b9b-9fd457d0fae4:192.168.34.25:41624], old=null
2019-10-18 07:23:55,119 [grpc-default-executor-17] INFO  impl.RaftServerImpl (RaftServerImpl.java:setRole(184)) - 6633f50a-7046-4b08-9937-8e25f1b14b15@group-0C9C3B2D0CC1: changes role from  FOLLOWER to FOLLOWER at term 51 for recognizeCandidate:4dea926d-4bc6-487a-9b9b-9fd457d0fae4
2019-10-18 07:23:55,119 [grpc-default-executor-17] INFO  impl.RoleInfo (RoleInfo.java:shutdownFollowerState(121)) - 6633f50a-7046-4b08-9937-8e25f1b14b15: shutdown FollowerState
2019-10-18 07:23:55,119 [grpc-default-executor-17] INFO  impl.RoleInfo (RoleInfo.java:updateAndGet(143)) - 6633f50a-7046-4b08-9937-8e25f1b14b15: start FollowerState
2019-10-18 07:23:55,119 [Thread-9411] INFO  impl.FollowerState (FollowerState.java:run(117)) - 6633f50a-7046-4b08-9937-8e25f1b14b15@group-0C9C3B2D0CC1-FollowerState was interrupted: java.lang.InterruptedException: sleep interrupted
2019-10-18 07:23:55,119 [grpc-default-executor-4] INFO  impl.RaftServerImpl (RaftServerImpl.java:setRole(184)) - 67270882-100a-4e75-928d-618d17e069c8@group-0C9C3B2D0CC1: changes role from  FOLLOWER to FOLLOWER at term 51 for recognizeCandidate:4dea926d-4bc6-487a-9b9b-9fd457d0fae4
2019-10-18 07:23:55,119 [grpc-default-executor-4] INFO  impl.RoleInfo (RoleInfo.java:shutdownFollowerState(121)) - 67270882-100a-4e75-928d-618d17e069c8: shutdown FollowerState
2019-10-18 07:23:55,119 [grpc-default-executor-4] INFO  impl.RoleInfo (RoleInfo.java:updateAndGet(143)) - 67270882-100a-4e75-928d-618d17e069c8: start FollowerState
2019-10-18 07:23:55,119 [Thread-9413] INFO  impl.FollowerState (FollowerState.java:run(117)) - 67270882-100a-4e75-928d-618d17e069c8@group-0C9C3B2D0CC1-FollowerState was interrupted: java.lang.InterruptedException: sleep interrupted
2019-10-18 07:23:55,143 [4dea926d-4bc6-487a-9b9b-9fd457d0fae4@group-0C9C3B2D0CC1-LeaderElection1042] INFO  impl.LeaderElection (LeaderElection.java:logAndReturn(56)) - 4dea926d-4bc6-487a-9b9b-9fd457d0fae4@group-0C9C3B2D0CC1-LeaderElection1042: Election REJECTED; received 2 response(s) [4dea926d-4bc6-487a-9b9b-9fd457d0fae4<-6633f50a-7046-4b08-9937-8e25f1b14b15#0:FAIL-t51, 4dea926d-4bc6-487a-9b9b-9fd457d0fae4<-67270882-100a-4e75-928d-618d17e069c8#0:FAIL-t51] and 0 exception(s); 4dea926d-4bc6-487a-9b9b-9fd457d0fae4@group-0C9C3B2D0CC1:t51, leader=null, voted=4dea926d-4bc6-487a-9b9b-9fd457d0fae4, raftlog=4dea926d-4bc6-487a-9b9b-9fd457d0fae4@group-0C9C3B2D0CC1-SegmentedRaftLog:OPENED:c-1,f-1,i0, conf=-1: [6633f50a-7046-4b08-9937-8e25f1b14b15:192.168.34.25:39338, 67270882-100a-4e75-928d-618d17e069c8:192.168.34.25:36648, 4dea926d-4bc6-487a-9b9b-9fd457d0fae4:192.168.34.25:41624], old=null
2019-10-18 07:23:55,143 [4dea926d-4bc6-487a-9b9b-9fd457d0fae4@group-0C9C3B2D0CC1-LeaderElection1042] INFO  impl.RaftServerImpl (RaftServerImpl.java:setRole(184)) - 4dea926d-4bc6-487a-9b9b-9fd457d0fae4@group-0C9C3B2D0CC1: changes role from CANDIDATE to FOLLOWER at term 51 for DISCOVERED_A_NEW_TERM
2019-10-18 07:23:55,144 [4dea926d-4bc6-487a-9b9b-9fd457d0fae4@group-0C9C3B2D0CC1-LeaderElection1042] INFO  impl.RoleInfo (RoleInfo.java:shutdownLeaderElection(134)) - 4dea926d-4bc6-487a-9b9b-9fd457d0fae4: shutdown LeaderElection
2019-10-18 07:23:55,144 [4dea926d-4bc6-487a-9b9b-9fd457d0fae4@group-0C9C3B2D0CC1-LeaderElection1042] INFO  impl.RoleInfo (RoleInfo.java:updateAndGet(143)) - 4dea926d-4bc6-487a-9b9b-9fd457d0fae4: start FollowerState
2019-10-18 07:23:55,147 [Thread-9425] INFO  impl.FollowerState (FollowerState.java:run(108)) - 12ad0800-05cb-443c-9fdd-fa1debf04523@group-BCB82A5C07F5-FollowerState: change to CANDIDATE, lastRpcTime:45ms, electionTimeout:45ms
2019-10-18 07:23:55,147 [Thread-9425] INFO  impl.RoleInfo (RoleInfo.java:shutdownFollowerState(121)) - 12ad0800-05cb-443c-9fdd-fa1debf04523: shutdown FollowerState
2019-10-18 07:23:55,147 [Thread-9425] INFO  impl.RaftServerImpl (RaftServerImpl.java:setRole(184)) - 12ad0800-05cb-443c-9fdd-fa1debf04523@group-BCB82A5C07F5: changes role from  FOLLOWER to CANDIDATE at term 58 for changeToCandidate
2019-10-18 07:23:55,147 [Thread-9425] INFO  impl.RoleInfo (RoleInfo.java:updateAndGet(143)) - 12ad0800-05cb-443c-9fdd-fa1debf04523: start LeaderElection
2019-10-18 07:23:55,168 [12ad0800-05cb-443c-9fdd-fa1debf04523@group-BCB82A5C07F5-LeaderElection1043] INFO  impl.LeaderElection (LeaderElection.java:askForVotes(178)) - 12ad0800-05cb-443c-9fdd-fa1debf04523@group-BCB82A5C07F5-LeaderElection1043: begin an election at term 59 for -1: [12ad0800-05cb-443c-9fdd-fa1debf04523:192.168.34.25:41155, 5170c5f3-8499-4b42-9321-85fc8a351f79:192.168.34.25:43074, 0b10a9fc-47eb-4a2b-b664-8273d9d17379:192.168.34.25:45248], old=null
2019-10-18 07:23:55,169 [grpc-default-executor-17] INFO  impl.RaftServerImpl (RaftServerImpl.java:setRole(184)) - 5170c5f3-8499-4b42-9321-85fc8a351f79@group-BCB82A5C07F5: changes role from  FOLLOWER to FOLLOWER at term 59 for recognizeCandidate:12ad0800-05cb-443c-9fdd-fa1debf04523
2019-10-18 07:23:55,170 [grpc-default-executor-17] INFO  impl.RoleInfo (RoleInfo.java:shutdownFollowerState(121)) - 5170c5f3-8499-4b42-9321-85fc8a351f79: shutdown FollowerState
2019-10-18 07:23:55,170 [grpc-default-executor-4] INFO  impl.RaftServerImpl (RaftServerImpl.java:setRole(184)) - 0b10a9fc-47eb-4a2b-b664-8273d9d17379@group-BCB82A5C07F5: changes role from  FOLLOWER to FOLLOWER at term 59 for recognizeCandidate:12ad0800-05cb-443c-9fdd-fa1debf04523
2019-10-18 07:23:55,170 [grpc-default-executor-4] INFO  impl.RoleInfo (RoleInfo.java:shutdownFollowerState(121)) - 0b10a9fc-47eb-4a2b-b664-8273d9d17379: shutdown FollowerState
2019-10-18 07:23:55,170 [Thread-9423] INFO  impl.FollowerState (FollowerState.java:run(117)) - 5170c5f3-8499-4b42-9321-85fc8a351f79@group-BCB82A5C07F5-FollowerState was interrupted: java.lang.InterruptedException: sleep interrupted
2019-10-18 07:23:55,170 [grpc-default-executor-17] INFO  impl.RoleInfo (RoleInfo.java:updateAndGet(143)) - 5170c5f3-8499-4b42-9321-85fc8a351f79: start FollowerState
2019-10-18 07:23:55,170 [Thread-9422] INFO  impl.FollowerState (FollowerState.java:run(117)) - 0b10a9fc-47eb-4a2b-b664-8273d9d17379@group-BCB82A5C07F5-FollowerState was interrupted: java.lang.InterruptedException: sleep interrupted
2019-10-18 07:23:55,170 [grpc-default-executor-4] INFO  impl.RoleInfo (RoleInfo.java:updateAndGet(143)) - 0b10a9fc-47eb-4a2b-b664-8273d9d17379: start FollowerState
2019-10-18 07:23:55,182 [12ad0800-05cb-443c-9fdd-fa1debf04523@group-BCB82A5C07F5-LeaderElection1043] INFO  impl.LeaderElection (LeaderElection.java:logAndReturn(56)) - 12ad0800-05cb-443c-9fdd-fa1debf04523@group-BCB82A5C07F5-LeaderElection1043: Election TIMEOUT; received 0 response(s) [] and 0 exception(s); 12ad0800-05cb-443c-9fdd-fa1debf04523@group-BCB82A5C07F5:t59, leader=null, voted=12ad0800-05cb-443c-9fdd-fa1debf04523, raftlog=12ad0800-05cb-443c-9fdd-fa1debf04523@group-BCB82A5C07F5-SegmentedRaftLog:OPENED:c-1,f-1,i0, conf=-1: [12ad0800-05cb-443c-9fdd-fa1debf04523:192.168.34.25:41155, 5170c5f3-8499-4b42-9321-85fc8a351f79:192.168.34.25:43074, 0b10a9fc-47eb-4a2b-b664-8273d9d17379:192.168.34.25:45248], old=null
2019-10-18 07:23:55,220 [12ad0800-05cb-443c-9fdd-fa1debf04523@group-BCB82A5C07F5-LeaderElection1043] INFO  impl.LeaderElection (LeaderElection.java:askForVotes(178)) - 12ad0800-05cb-443c-9fdd-fa1debf04523@group-BCB82A5C07F5-LeaderElection1043: begin an election at term 60 for -1: [12ad0800-05cb-443c-9fdd-fa1debf04523:192.168.34.25:41155, 5170c5f3-8499-4b42-9321-85fc8a351f79:192.168.34.25:43074, 0b10a9fc-47eb-4a2b-b664-8273d9d17379:192.168.34.25:45248], old=null
2019-10-18 07:23:55,221 [grpc-default-executor-4] INFO  impl.RaftServerImpl (RaftServerImpl.java:setRole(184)) - 5170c5f3-8499-4b42-9321-85fc8a351f79@group-BCB82A5C07F5: changes role from  FOLLOWER to FOLLOWER at term 60 for recognizeCandidate:12ad0800-05cb-443c-9fdd-fa1debf04523
2019-10-18 07:23:55,221 [grpc-default-executor-4] INFO  impl.RoleInfo (RoleInfo.java:shutdownFollowerState(121)) - 5170c5f3-8499-4b42-9321-85fc8a351f79: shutdown FollowerState
2019-10-18 07:23:55,221 [grpc-default-executor-4] INFO  impl.RoleInfo (RoleInfo.java:updateAndGet(143)) - 5170c5f3-8499-4b42-9321-85fc8a351f79: start FollowerState
2019-10-18 07:23:55,222 [Thread-9434] INFO  impl.FollowerState (FollowerState.java:run(117)) - 5170c5f3-8499-4b42-9321-85fc8a351f79@group-BCB82A5C07F5-FollowerState was interrupted: java.lang.InterruptedException: sleep interrupted
2019-10-18 07:23:55,222 [grpc-default-executor-17] INFO  impl.RaftServerImpl (RaftServerImpl.java:setRole(184)) - 0b10a9fc-47eb-4a2b-b664-8273d9d17379@group-BCB82A5C07F5: changes role from  FOLLOWER to FOLLOWER at term 60 for recognizeCandidate:12ad0800-05cb-443c-9fdd-fa1debf04523
2019-10-18 07:23:55,222 [grpc-default-executor-17] INFO  impl.RoleInfo (RoleInfo.java:shutdownFollowerState(121)) - 0b10a9fc-47eb-4a2b-b664-8273d9d17379: shutdown FollowerState
2019-10-18 07:23:55,222 [grpc-default-executor-17] INFO  impl.RoleInfo (RoleInfo.java:updateAndGet(143)) - 0b10a9fc-47eb-4a2b-b664-8273d9d17379: start FollowerState
2019-10-18 07:23:55,222 [Thread-9435] INFO  impl.FollowerState (FollowerState.java:run(117)) - 0b10a9fc-47eb-4a2b-b664-8273d9d17379@group-BCB82A5C07F5-FollowerState was interrupted: java.lang.InterruptedException: sleep interrupted
2019-10-18 07:23:55,254 [12ad0800-05cb-443c-9fdd-fa1debf04523@group-BCB82A5C07F5-LeaderElection1043] INFO  impl.LeaderElection (LeaderElection.java:logAndReturn(56)) - 12ad0800-05cb-443c-9fdd-fa1debf04523@group-BCB82A5C07F5-LeaderElection1043: Election REJECTED; received 2 response(s) [12ad0800-05cb-443c-9fdd-fa1debf04523<-5170c5f3-8499-4b42-9321-85fc8a351f79#0:FAIL-t60, 12ad0800-05cb-443c-9fdd-fa1debf04523<-0b10a9fc-47eb-4a2b-b664-8273d9d17379#0:FAIL-t60] and 0 exception(s); 12ad0800-05cb-443c-9fdd-fa1debf04523@group-BCB82A5C07F5:t60, leader=null, voted=12ad0800-05cb-443c-9fdd-fa1debf04523, raftlog=12ad0800-05cb-443c-9fdd-fa1debf04523@group-BCB82A5C07F5-SegmentedRaftLog:OPENED:c-1,f-1,i0, conf=-1: [12ad0800-05cb-443c-9fdd-fa1debf04523:192.168.34.25:41155, 5170c5f3-8499-4b42-9321-85fc8a351f79:192.168.34.25:43074, 0b10a9fc-47eb-4a2b-b664-8273d9d17379:192.168.34.25:45248], old=null
2019-10-18 07:23:55,255 [12ad0800-05cb-443c-9fdd-fa1debf04523@group-BCB82A5C07F5-LeaderElection1043] INFO  impl.RaftServerImpl (RaftServerImpl.java:setRole(184)) - 12ad0800-05cb-443c-9fdd-fa1debf04523@group-BCB82A5C07F5: changes role from CANDIDATE to FOLLOWER at term 60 for DISCOVERED_A_NEW_TERM
2019-10-18 07:23:55,255 [12ad0800-05cb-443c-9fdd-fa1debf04523@group-BCB82A5C07F5-LeaderElection1043] INFO  impl.RoleInfo (RoleInfo.java:shutdownLeaderElection(134)) - 12ad0800-05cb-443c-9fdd-fa1debf04523: shutdown LeaderElection
2019-10-18 07:23:55,255 [12ad0800-05cb-443c-9fdd-fa1debf04523@group-BCB82A5C07F5-LeaderElection1043] INFO  impl.RoleInfo (RoleInfo.java:updateAndGet(143)) - 12ad0800-05cb-443c-9fdd-fa1debf04523: start FollowerState
2019-10-18 07:23:55,261 [Thread-9430] INFO  impl.FollowerState (FollowerState.java:run(108)) - 4dea926d-4bc6-487a-9b9b-9fd457d0fae4@group-0C9C3B2D0CC1-FollowerState: change to CANDIDATE, lastRpcTime:117ms, electionTimeout:117ms
2019-10-18 07:23:55,261 [Thread-9430] INFO  impl.RoleInfo (RoleInfo.java:shutdownFollowerState(121)) - 4dea926d-4bc6-487a-9b9b-9fd457d0fae4: shutdown FollowerState
2019-10-18 07:23:55,261 [Thread-9430] INFO  impl.RaftServerImpl (RaftServerImpl.java:setRole(184)) - 4dea926d-4bc6-487a-9b9b-9fd457d0fae4@group-0C9C3B2D0CC1: changes role from  FOLLOWER to CANDIDATE at term 51 for changeToCandidate
2019-10-18 07:23:55,261 [Thread-9430] INFO  impl.RoleInfo (RoleInfo.java:updateAndGet(143)) - 4dea926d-4bc6-487a-9b9b-9fd457d0fae4: start LeaderElection
2019-10-18 07:23:55,288 [4dea926d-4bc6-487a-9b9b-9fd457d0fae4@group-0C9C3B2D0CC1-LeaderElection1044] INFO  impl.LeaderElection (LeaderElection.java:askForVotes(178)) - 4dea926d-4bc6-487a-9b9b-9fd457d0fae4@group-0C9C3B2D0CC1-LeaderElection1044: begin an election at term 52 for -1: [6633f50a-7046-4b08-9937-8e25f1b14b15:192.168.34.25:39338, 67270882-100a-4e75-928d-618d17e069c8:192.168.34.25:36648, 4dea926d-4bc6-487a-9b9b-9fd457d0fae4:192.168.34.25:41624], old=null
2019-10-18 07:23:55,289 [grpc-default-executor-4] INFO  impl.RaftServerImpl (RaftServerImpl.java:setRole(184)) - 6633f50a-7046-4b08-9937-8e25f1b14b15@group-0C9C3B2D0CC1: changes role from  FOLLOWER to FOLLOWER at term 52 for recognizeCandidate:4dea926d-4bc6-487a-9b9b-9fd457d0fae4
2019-10-18 07:23:55,289 [grpc-default-executor-4] INFO  impl.RoleInfo (RoleInfo.java:shutdownFollowerState(121)) - 6633f50a-7046-4b08-9937-8e25f1b14b15: shutdown FollowerState
2019-10-18 07:23:55,289 [grpc-default-executor-4] INFO  impl.RoleInfo (RoleInfo.java:updateAndGet(143)) - 6633f50a-7046-4b08-9937-8e25f1b14b15: start FollowerState
2019-10-18 07:23:55,289 [grpc-default-executor-17] INFO  impl.RaftServerImpl (RaftServerImpl.java:setRole(184)) - 67270882-100a-4e75-928d-618d17e069c8@group-0C9C3B2D0CC1: changes role from  FOLLOWER to FOLLOWER at term 52 for recognizeCandidate:4dea926d-4bc6-487a-9b9b-9fd457d0fae4
2019-10-18 07:23:55,290 [grpc-default-executor-17] INFO  impl.RoleInfo (RoleInfo.java:shutdownFollowerState(121)) - 67270882-100a-4e75-928d-618d17e069c8: shutdown FollowerState
2019-10-18 07:23:55,289 [Thread-9428] INFO  impl.FollowerState (FollowerState.java:run(117)) - 6633f50a-7046-4b08-9937-8e25f1b14b15@group-0C9C3B2D0CC1-FollowerState was interrupted: java.lang.InterruptedException: sleep interrupted
2019-10-18 07:23:55,290 [Thread-9429] INFO  impl.FollowerState (FollowerState.java:run(117)) - 67270882-100a-4e75-928d-618d17e069c8@group-0C9C3B2D0CC1-FollowerState was interrupted: java.lang.InterruptedException: sleep interrupted
2019-10-18 07:23:55,290 [grpc-default-executor-17] INFO  impl.RoleInfo (RoleInfo.java:updateAndGet(143)) - 67270882-100a-4e75-928d-618d17e069c8: start FollowerState
2019-10-18 07:23:55,296 [4dea926d-4bc6-487a-9b9b-9fd457d0fae4@group-0C9C3B2D0CC1-LeaderElection1044] INFO  impl.LeaderElection (LeaderElection.java:logAndReturn(56)) - 4dea926d-4bc6-487a-9b9b-9fd457d0fae4@group-0C9C3B2D0CC1-LeaderElection1044: Election TIMEOUT; received 0 response(s) [] and 0 exception(s); 4dea926d-4bc6-487a-9b9b-9fd457d0fae4@group-0C9C3B2D0CC1:t52, leader=null, voted=4dea926d-4bc6-487a-9b9b-9fd457d0fae4, raftlog=4dea926d-4bc6-487a-9b9b-9fd457d0fae4@group-0C9C3B2D0CC1-SegmentedRaftLog:OPENED:c-1,f-1,i0, conf=-1: [6633f50a-7046-4b08-9937-8e25f1b14b15:192.168.34.25:39338, 67270882-100a-4e75-928d-618d17e069c8:192.168.34.25:36648, 4dea926d-4bc6-487a-9b9b-9fd457d0fae4:192.168.34.25:41624], old=null
2019-10-18 07:23:55,313 [4dea926d-4bc6-487a-9b9b-9fd457d0fae4@group-0C9C3B2D0CC1-LeaderElection1044] INFO  impl.LeaderElection (LeaderElection.java:askForVotes(178)) - 4dea926d-4bc6-487a-9b9b-9fd457d0fae4@group-0C9C3B2D0CC1-LeaderElection1044: begin an election at term 53 for -1: [6633f50a-7046-4b08-9937-8e25f1b14b15:192.168.34.25:39338, 67270882-100a-4e75-928d-618d17e069c8:192.168.34.25:36648, 4dea926d-4bc6-487a-9b9b-9fd457d0fae4:192.168.34.25:41624], old=null
2019-10-18 07:23:55,314 [grpc-default-executor-4] INFO  impl.RaftServerImpl (RaftServerImpl.java:setRole(184)) - 6633f50a-7046-4b08-9937-8e25f1b14b15@group-0C9C3B2D0CC1: changes role from  FOLLOWER to FOLLOWER at term 53 for recognizeCandidate:4dea926d-4bc6-487a-9b9b-9fd457d0fae4
2019-10-18 07:23:55,315 [grpc-default-executor-4] INFO  impl.RoleInfo (RoleInfo.java:shutdownFollowerState(121)) - 6633f50a-7046-4b08-9937-8e25f1b14b15: shutdown FollowerState
2019-10-18 07:23:55,315 [grpc-default-executor-4] INFO  impl.RoleInfo (RoleInfo.java:updateAndGet(143)) - 6633f50a-7046-4b08-9937-8e25f1b14b15: start FollowerState
2019-10-18 07:23:55,315 [grpc-default-executor-17] INFO  impl.RaftServerImpl (RaftServerImpl.java:setRole(184)) - 67270882-100a-4e75-928d-618d17e069c8@group-0C9C3B2D0CC1: changes role from  FOLLOWER to FOLLOWER at term 53 for recognizeCandidate:4dea926d-4bc6-487a-9b9b-9fd457d0fae4
2019-10-18 07:23:55,315 [grpc-default-executor-17] INFO  impl.RoleInfo (RoleInfo.java:shutdownFollowerState(121)) - 67270882-100a-4e75-928d-618d17e069c8: shutdown FollowerState
2019-10-18 07:23:55,315 [Thread-9444] INFO  impl.FollowerState (FollowerState.java:run(117)) - 6633f50a-7046-4b08-9937-8e25f1b14b15@group-0C9C3B2D0CC1-FollowerState was interrupted: java.lang.InterruptedException: sleep interrupted
2019-10-18 07:23:55,315 [Thread-9445] INFO  impl.FollowerState (FollowerState.java:run(117)) - 67270882-100a-4e75-928d-618d17e069c8@group-0C9C3B2D0CC1-FollowerState was interrupted: java.lang.InterruptedException: sleep interrupted
2019-10-18 07:23:55,315 [grpc-default-executor-17] INFO  impl.RoleInfo (RoleInfo.java:updateAndGet(143)) - 67270882-100a-4e75-928d-618d17e069c8: start FollowerState
2019-10-18 07:23:55,339 [4dea926d-4bc6-487a-9b9b-9fd457d0fae4@group-0C9C3B2D0CC1-LeaderElection1044] INFO  impl.LeaderElection (LeaderElection.java:logAndReturn(56)) - 4dea926d-4bc6-487a-9b9b-9fd457d0fae4@group-0C9C3B2D0CC1-LeaderElection1044: Election REJECTED; received 2 response(s) [4dea926d-4bc6-487a-9b9b-9fd457d0fae4<-6633f50a-7046-4b08-9937-8e25f1b14b15#0:FAIL-t53, 4dea926d-4bc6-487a-9b9b-9fd457d0fae4<-67270882-100a-4e75-928d-618d17e069c8#0:FAIL-t53] and 0 exception(s); 4dea926d-4bc6-487a-9b9b-9fd457d0fae4@group-0C9C3B2D0CC1:t53, leader=null, voted=4dea926d-4bc6-487a-9b9b-9fd457d0fae4, raftlog=4dea926d-4bc6-487a-9b9b-9fd457d0fae4@group-0C9C3B2D0CC1-SegmentedRaftLog:OPENED:c-1,f-1,i0, conf=-1: [6633f50a-7046-4b08-9937-8e25f1b14b15:192.168.34.25:39338, 67270882-100a-4e75-928d-618d17e069c8:192.168.34.25:36648, 4dea926d-4bc6-487a-9b9b-9fd457d0fae4:192.168.34.25:41624], old=null
2019-10-18 07:23:55,340 [4dea926d-4bc6-487a-9b9b-9fd457d0fae4@group-0C9C3B2D0CC1-LeaderElection1044] INFO  impl.RaftServerImpl (RaftServerImpl.java:setRole(184)) - 4dea926d-4bc6-487a-9b9b-9fd457d0fae4@group-0C9C3B2D0CC1: changes role from CANDIDATE to FOLLOWER at term 53 for DISCOVERED_A_NEW_TERM
2019-10-18 07:23:55,340 [4dea926d-4bc6-487a-9b9b-9fd457d0fae4@group-0C9C3B2D0CC1-LeaderElection1044] INFO  impl.RoleInfo (RoleInfo.java:shutdownLeaderElection(134)) - 4dea926d-4bc6-487a-9b9b-9fd457d0fae4: shutdown LeaderElection
2019-10-18 07:23:55,340 [4dea926d-4bc6-487a-9b9b-9fd457d0fae4@group-0C9C3B2D0CC1-LeaderElection1044] INFO  impl.RoleInfo (RoleInfo.java:updateAndGet(143)) - 4dea926d-4bc6-487a-9b9b-9fd457d0fae4: start FollowerState
2019-10-18 07:23:55,368 [Thread-9440] INFO  impl.FollowerState (FollowerState.java:run(108)) - 12ad0800-05cb-443c-9fdd-fa1debf04523@group-BCB82A5C07F5-FollowerState: change to CANDIDATE, lastRpcTime:113ms, electionTimeout:113ms
2019-10-18 07:23:55,368 [Thread-9440] INFO  impl.RoleInfo (RoleInfo.java:shutdownFollowerState(121)) - 12ad0800-05cb-443c-9fdd-fa1debf04523: shutdown FollowerState
2019-10-18 07:23:55,369 [Thread-9440] INFO  impl.RaftServerImpl (RaftServerImpl.java:setRole(184)) - 12ad0800-05cb-443c-9fdd-fa1debf04523@group-BCB82A5C07F5: changes role from  FOLLOWER to CANDIDATE at term 60 for changeToCandidate
2019-10-18 07:23:55,369 [Thread-9440] INFO  impl.RoleInfo (RoleInfo.java:updateAndGet(143)) - 12ad0800-05cb-443c-9fdd-fa1debf04523: start LeaderElection
2019-10-18 07:23:55,398 [12ad0800-05cb-443c-9fdd-fa1debf04523@group-BCB82A5C07F5-LeaderElection1045] INFO  impl.LeaderElection (LeaderElection.java:askForVotes(178)) - 12ad0800-05cb-443c-9fdd-fa1debf04523@group-BCB82A5C07F5-LeaderElection1045: begin an election at term 61 for -1: [12ad0800-05cb-443c-9fdd-fa1debf04523:192.168.34.25:41155, 5170c5f3-8499-4b42-9321-85fc8a351f79:192.168.34.25:43074, 0b10a9fc-47eb-4a2b-b664-8273d9d17379:192.168.34.25:45248], old=null
2019-10-18 07:23:55,399 [grpc-default-executor-4] INFO  impl.RaftServerImpl (RaftServerImpl.java:setRole(184)) - 5170c5f3-8499-4b42-9321-85fc8a351f79@group-BCB82A5C07F5: changes role from  FOLLOWER to FOLLOWER at term 61 for recognizeCandidate:12ad0800-05cb-443c-9fdd-fa1debf04523
2019-10-18 07:23:55,399 [grpc-default-executor-4] INFO  impl.RoleInfo (RoleInfo.java:shutdownFollowerState(121)) - 5170c5f3-8499-4b42-9321-85fc8a351f79: shutdown FollowerState
2019-10-18 07:23:55,399 [grpc-default-executor-17] INFO  impl.RaftServerImpl (RaftServerImpl.java:setRole(184)) - 0b10a9fc-47eb-4a2b-b664-8273d9d17379@group-BCB82A5C07F5: changes role from  FOLLOWER to FOLLOWER at term 61 for recognizeCandidate:12ad0800-05cb-443c-9fdd-fa1debf04523
2019-10-18 07:23:55,400 [Thread-9438] INFO  impl.FollowerState (FollowerState.java:run(117)) - 5170c5f3-8499-4b42-9321-85fc8a351f79@group-BCB82A5C07F5-FollowerState was interrupted: java.lang.InterruptedException: sleep interrupted
2019-10-18 07:23:55,400 [grpc-default-executor-4] INFO  impl.RoleInfo (RoleInfo.java:updateAndGet(143)) - 5170c5f3-8499-4b42-9321-85fc8a351f79: start FollowerState
2019-10-18 07:23:55,400 [grpc-default-executor-17] INFO  impl.RoleInfo (RoleInfo.java:shutdownFollowerState(121)) - 0b10a9fc-47eb-4a2b-b664-8273d9d17379: shutdown FollowerState
2019-10-18 07:23:55,400 [grpc-default-executor-17] INFO  impl.RoleInfo (RoleInfo.java:updateAndGet(143)) - 0b10a9fc-47eb-4a2b-b664-8273d9d17379: start FollowerState
2019-10-18 07:23:55,400 [Thread-9439] INFO  impl.FollowerState (FollowerState.java:run(117)) - 0b10a9fc-47eb-4a2b-b664-8273d9d17379@group-BCB82A5C07F5-FollowerState was interrupted: java.lang.InterruptedException: sleep interrupted
2019-10-18 07:23:55,424 [12ad0800-05cb-443c-9fdd-fa1debf04523@group-BCB82A5C07F5-LeaderElection1045] INFO  impl.LeaderElection (LeaderElection.java:logAndReturn(56)) - 12ad0800-05cb-443c-9fdd-fa1debf04523@group-BCB82A5C07F5-LeaderElection1045: Election REJECTED; received 2 response(s) [12ad0800-05cb-443c-9fdd-fa1debf04523<-5170c5f3-8499-4b42-9321-85fc8a351f79#0:FAIL-t61, 12ad0800-05cb-443c-9fdd-fa1debf04523<-0b10a9fc-47eb-4a2b-b664-8273d9d17379#0:FAIL-t61] and 0 exception(s); 12ad0800-05cb-443c-9fdd-fa1debf04523@group-BCB82A5C07F5:t61, leader=null, voted=12ad0800-05cb-443c-9fdd-fa1debf04523, raftlog=12ad0800-05cb-443c-9fdd-fa1debf04523@group-BCB82A5C07F5-SegmentedRaftLog:OPENED:c-1,f-1,i0, conf=-1: [12ad0800-05cb-443c-9fdd-fa1debf04523:192.168.34.25:41155, 5170c5f3-8499-4b42-9321-85fc8a351f79:192.168.34.25:43074, 0b10a9fc-47eb-4a2b-b664-8273d9d17379:192.168.34.25:45248], old=null
2019-10-18 07:23:55,424 [12ad0800-05cb-443c-9fdd-fa1debf04523@group-BCB82A5C07F5-LeaderElection1045] INFO  impl.RaftServerImpl (RaftServerImpl.java:setRole(184)) - 12ad0800-05cb-443c-9fdd-fa1debf04523@group-BCB82A5C07F5: changes role from CANDIDATE to FOLLOWER at term 61 for DISCOVERED_A_NEW_TERM
2019-10-18 07:23:55,424 [12ad0800-05cb-443c-9fdd-fa1debf04523@group-BCB82A5C07F5-LeaderElection1045] INFO  impl.RoleInfo (RoleInfo.java:shutdownLeaderElection(134)) - 12ad0800-05cb-443c-9fdd-fa1debf04523: shutdown LeaderElection
2019-10-18 07:23:55,424 [12ad0800-05cb-443c-9fdd-fa1debf04523@group-BCB82A5C07F5-LeaderElection1045] INFO  impl.RoleInfo (RoleInfo.java:updateAndGet(143)) - 12ad0800-05cb-443c-9fdd-fa1debf04523: start FollowerState
2019-10-18 07:23:55,481 [Thread-9456] INFO  impl.FollowerState (FollowerState.java:run(108)) - 12ad0800-05cb-443c-9fdd-fa1debf04523@group-BCB82A5C07F5-FollowerState: change to CANDIDATE, lastRpcTime:56ms, electionTimeout:56ms
2019-10-18 07:23:55,481 [Thread-9456] INFO  impl.RoleInfo (RoleInfo.java:shutdownFollowerState(121)) - 12ad0800-05cb-443c-9fdd-fa1debf04523: shutdown FollowerState
2019-10-18 07:23:55,481 [Thread-9456] INFO  impl.RaftServerImpl (RaftServerImpl.java:setRole(184)) - 12ad0800-05cb-443c-9fdd-fa1debf04523@group-BCB82A5C07F5: changes role from  FOLLOWER to CANDIDATE at term 61 for changeToCandidate
2019-10-18 07:23:55,481 [Thread-9456] INFO  impl.RoleInfo (RoleInfo.java:updateAndGet(143)) - 12ad0800-05cb-443c-9fdd-fa1debf04523: start LeaderElection
2019-10-18 07:23:55,496 [Thread-9450] INFO  impl.FollowerState (FollowerState.java:run(108)) - 4dea926d-4bc6-487a-9b9b-9fd457d0fae4@group-0C9C3B2D0CC1-FollowerState: change to CANDIDATE, lastRpcTime:156ms, electionTimeout:156ms
2019-10-18 07:23:55,496 [Thread-9450] INFO  impl.RoleInfo (RoleInfo.java:shutdownFollowerState(121)) - 4dea926d-4bc6-487a-9b9b-9fd457d0fae4: shutdown FollowerState
2019-10-18 07:23:55,496 [Thread-9450] INFO  impl.RaftServerImpl (RaftServerImpl.java:setRole(184)) - 4dea926d-4bc6-487a-9b9b-9fd457d0fae4@group-0C9C3B2D0CC1: changes role from  FOLLOWER to CANDIDATE at term 53 for changeToCandidate
2019-10-18 07:23:55,496 [Thread-9450] INFO  impl.RoleInfo (RoleInfo.java:updateAndGet(143)) - 4dea926d-4bc6-487a-9b9b-9fd457d0fae4: start LeaderElection
2019-10-18 07:23:55,557 [12ad0800-05cb-443c-9fdd-fa1debf04523@group-BCB82A5C07F5-LeaderElection1046] INFO  impl.LeaderElection (LeaderElection.java:askForVotes(178)) - 12ad0800-05cb-443c-9fdd-fa1debf04523@group-BCB82A5C07F5-LeaderElection1046: begin an election at term 62 for -1: [12ad0800-05cb-443c-9fdd-fa1debf04523:192.168.34.25:41155, 5170c5f3-8499-4b42-9321-85fc8a351f79:192.168.34.25:43074, 0b10a9fc-47eb-4a2b-b664-8273d9d17379:192.168.34.25:45248], old=null
2019-10-18 07:23:55,558 [grpc-default-executor-4] INFO  impl.RaftServerImpl (RaftServerImpl.java:setRole(184)) - 5170c5f3-8499-4b42-9321-85fc8a351f79@group-BCB82A5C07F5: changes role from  FOLLOWER to FOLLOWER at term 62 for recognizeCandidate:12ad0800-05cb-443c-9fdd-fa1debf04523
2019-10-18 07:23:55,558 [grpc-default-executor-4] INFO  impl.RoleInfo (RoleInfo.java:shutdownFollowerState(121)) - 5170c5f3-8499-4b42-9321-85fc8a351f79: shutdown FollowerState
2019-10-18 07:23:55,558 [grpc-default-executor-4] INFO  impl.RoleInfo (RoleInfo.java:updateAndGet(143)) - 5170c5f3-8499-4b42-9321-85fc8a351f79: start FollowerState
2019-10-18 07:23:55,558 [grpc-default-executor-17] INFO  impl.RaftServerImpl (RaftServerImpl.java:setRole(184)) - 0b10a9fc-47eb-4a2b-b664-8273d9d17379@group-BCB82A5C07F5: changes role from  FOLLOWER to FOLLOWER at term 62 for recognizeCandidate:12ad0800-05cb-443c-9fdd-fa1debf04523
2019-10-18 07:23:55,559 [grpc-default-executor-17] INFO  impl.RoleInfo (RoleInfo.java:shutdownFollowerState(121)) - 0b10a9fc-47eb-4a2b-b664-8273d9d17379: shutdown FollowerState
2019-10-18 07:23:55,558 [Thread-9454] INFO  impl.FollowerState (FollowerState.java:run(117)) - 5170c5f3-8499-4b42-9321-85fc8a351f79@group-BCB82A5C07F5-FollowerState was interrupted: java.lang.InterruptedException: sleep interrupted
2019-10-18 07:23:55,559 [Thread-9455] INFO  impl.FollowerState (FollowerState.java:run(117)) - 0b10a9fc-47eb-4a2b-b664-8273d9d17379@group-BCB82A5C07F5-FollowerState was interrupted: java.lang.InterruptedException: sleep interrupted
2019-10-18 07:23:55,559 [grpc-default-executor-17] INFO  impl.RoleInfo (RoleInfo.java:updateAndGet(143)) - 0b10a9fc-47eb-4a2b-b664-8273d9d17379: start FollowerState
2019-10-18 07:23:55,580 [12ad0800-05cb-443c-9fdd-fa1debf04523@group-BCB82A5C07F5-LeaderElection1046] INFO  impl.LeaderElection (LeaderElection.java:logAndReturn(56)) - 12ad0800-05cb-443c-9fdd-fa1debf04523@group-BCB82A5C07F5-LeaderElection1046: Election TIMEOUT; received 0 response(s) [] and 0 exception(s); 12ad0800-05cb-443c-9fdd-fa1debf04523@group-BCB82A5C07F5:t62, leader=null, voted=12ad0800-05cb-443c-9fdd-fa1debf04523, raftlog=12ad0800-05cb-443c-9fdd-fa1debf04523@group-BCB82A5C07F5-SegmentedRaftLog:OPENED:c-1,f-1,i0, conf=-1: [12ad0800-05cb-443c-9fdd-fa1debf04523:192.168.34.25:41155, 5170c5f3-8499-4b42-9321-85fc8a351f79:192.168.34.25:43074, 0b10a9fc-47eb-4a2b-b664-8273d9d17379:192.168.34.25:45248], old=null
2019-10-18 07:23:55,582 [4dea926d-4bc6-487a-9b9b-9fd457d0fae4@group-0C9C3B2D0CC1-LeaderElection1047] INFO  impl.LeaderElection (LeaderElection.java:askForVotes(178)) - 4dea926d-4bc6-487a-9b9b-9fd457d0fae4@group-0C9C3B2D0CC1-LeaderElection1047: begin an election at term 54 for -1: [6633f50a-7046-4b08-9937-8e25f1b14b15:192.168.34.25:39338, 67270882-100a-4e75-928d-618d17e069c8:192.168.34.25:36648, 4dea926d-4bc6-487a-9b9b-9fd457d0fae4:192.168.34.25:41624], old=null
2019-10-18 07:23:55,584 [grpc-default-executor-4] INFO  impl.RaftServerImpl (RaftServerImpl.java:setRole(184)) - 67270882-100a-4e75-928d-618d17e069c8@group-0C9C3B2D0CC1: changes role from  FOLLOWER to FOLLOWER at term 54 for recognizeCandidate:4dea926d-4bc6-487a-9b9b-9fd457d0fae4
2019-10-18 07:23:55,584 [grpc-default-executor-4] INFO  impl.RoleInfo (RoleInfo.java:shutdownFollowerState(121)) - 67270882-100a-4e75-928d-618d17e069c8: shutdown FollowerState
2019-10-18 07:23:55,584 [grpc-default-executor-4] INFO  impl.RoleInfo (RoleInfo.java:updateAndGet(143)) - 67270882-100a-4e75-928d-618d17e069c8: start FollowerState
2019-10-18 07:23:55,584 [Thread-9449] INFO  impl.FollowerState (FollowerState.java:run(117)) - 67270882-100a-4e75-928d-618d17e069c8@group-0C9C3B2D0CC1-FollowerState was interrupted: java.lang.InterruptedException: sleep interrupted
2019-10-18 07:23:55,585 [grpc-default-executor-17] INFO  impl.RaftServerImpl (RaftServerImpl.java:setRole(184)) - 6633f50a-7046-4b08-9937-8e25f1b14b15@group-0C9C3B2D0CC1: changes role from  FOLLOWER to FOLLOWER at term 54 for recognizeCandidate:4dea926d-4bc6-487a-9b9b-9fd457d0fae4
2019-10-18 07:23:55,585 [grpc-default-executor-17] INFO  impl.RoleInfo (RoleInfo.java:shutdownFollowerState(121)) - 6633f50a-7046-4b08-9937-8e25f1b14b15: shutdown FollowerState
2019-10-18 07:23:55,585 [grpc-default-executor-17] INFO  impl.RoleInfo (RoleInfo.java:updateAndGet(143)) - 6633f50a-7046-4b08-9937-8e25f1b14b15: start FollowerState
2019-10-18 07:23:55,586 [Thread-9448] INFO  impl.FollowerState (FollowerState.java:run(117)) - 6633f50a-7046-4b08-9937-8e25f1b14b15@group-0C9C3B2D0CC1-FollowerState was interrupted: java.lang.InterruptedException: sleep interrupted
2019-10-18 07:23:55,608 [12ad0800-05cb-443c-9fdd-fa1debf04523@group-BCB82A5C07F5-LeaderElection1046] INFO  impl.LeaderElection (LeaderElection.java:askForVotes(178)) - 12ad0800-05cb-443c-9fdd-fa1debf04523@group-BCB82A5C07F5-LeaderElection1046: begin an election at term 63 for -1: [12ad0800-05cb-443c-9fdd-fa1debf04523:192.168.34.25:41155, 5170c5f3-8499-4b42-9321-85fc8a351f79:192.168.34.25:43074, 0b10a9fc-47eb-4a2b-b664-8273d9d17379:192.168.34.25:45248], old=null
2019-10-18 07:23:55,608 [4dea926d-4bc6-487a-9b9b-9fd457d0fae4@group-0C9C3B2D0CC1-LeaderElection1047] INFO  impl.LeaderElection (LeaderElection.java:logAndReturn(56)) - 4dea926d-4bc6-487a-9b9b-9fd457d0fae4@group-0C9C3B2D0CC1-LeaderElection1047: Election REJECTED; received 2 response(s) [4dea926d-4bc6-487a-9b9b-9fd457d0fae4<-6633f50a-7046-4b08-9937-8e25f1b14b15#0:FAIL-t54, 4dea926d-4bc6-487a-9b9b-9fd457d0fae4<-67270882-100a-4e75-928d-618d17e069c8#0:FAIL-t54] and 0 exception(s); 4dea926d-4bc6-487a-9b9b-9fd457d0fae4@group-0C9C3B2D0CC1:t54, leader=null, voted=4dea926d-4bc6-487a-9b9b-9fd457d0fae4, raftlog=4dea926d-4bc6-487a-9b9b-9fd457d0fae4@group-0C9C3B2D0CC1-SegmentedRaftLog:OPENED:c-1,f-1,i0, conf=-1: [6633f50a-7046-4b08-9937-8e25f1b14b15:192.168.34.25:39338, 67270882-100a-4e75-928d-618d17e069c8:192.168.34.25:36648, 4dea926d-4bc6-487a-9b9b-9fd457d0fae4:192.168.34.25:41624], old=null
2019-10-18 07:23:55,609 [4dea926d-4bc6-487a-9b9b-9fd457d0fae4@group-0C9C3B2D0CC1-LeaderElection1047] INFO  impl.RaftServerImpl (RaftServerImpl.java:setRole(184)) - 4dea926d-4bc6-487a-9b9b-9fd457d0fae4@group-0C9C3B2D0CC1: changes role from CANDIDATE to FOLLOWER at term 54 for DISCOVERED_A_NEW_TERM
2019-10-18 07:23:55,609 [4dea926d-4bc6-487a-9b9b-9fd457d0fae4@group-0C9C3B2D0CC1-LeaderElection1047] INFO  impl.RoleInfo (RoleInfo.java:shutdownLeaderElection(134)) - 4dea926d-4bc6-487a-9b9b-9fd457d0fae4: shutdown LeaderElection
2019-10-18 07:23:55,609 [4dea926d-4bc6-487a-9b9b-9fd457d0fae4@group-0C9C3B2D0CC1-LeaderElection1047] INFO  impl.RoleInfo (RoleInfo.java:updateAndGet(143)) - 4dea926d-4bc6-487a-9b9b-9fd457d0fae4: start FollowerState
2019-10-18 07:23:55,609 [grpc-default-executor-4] INFO  impl.RaftServerImpl (RaftServerImpl.java:setRole(184)) - 5170c5f3-8499-4b42-9321-85fc8a351f79@group-BCB82A5C07F5: changes role from  FOLLOWER to FOLLOWER at term 63 for recognizeCandidate:12ad0800-05cb-443c-9fdd-fa1debf04523
2019-10-18 07:23:55,609 [grpc-default-executor-4] INFO  impl.RoleInfo (RoleInfo.java:shutdownFollowerState(121)) - 5170c5f3-8499-4b42-9321-85fc8a351f79: shutdown FollowerState
2019-10-18 07:23:55,609 [grpc-default-executor-17] INFO  impl.RaftServerImpl (RaftServerImpl.java:setRole(184)) - 0b10a9fc-47eb-4a2b-b664-8273d9d17379@group-BCB82A5C07F5: changes role from  FOLLOWER to FOLLOWER at term 63 for recognizeCandidate:12ad0800-05cb-443c-9fdd-fa1debf04523
2019-10-18 07:23:55,610 [grpc-default-executor-4] INFO  impl.RoleInfo (RoleInfo.java:updateAndGet(143)) - 5170c5f3-8499-4b42-9321-85fc8a351f79: start FollowerState
2019-10-18 07:23:55,610 [Thread-9463] INFO  impl.FollowerState (FollowerState.java:run(117)) - 5170c5f3-8499-4b42-9321-85fc8a351f79@group-BCB82A5C07F5-FollowerState was interrupted: java.lang.InterruptedException: sleep interrupted
2019-10-18 07:23:55,610 [grpc-default-executor-17] INFO  impl.RoleInfo (RoleInfo.java:shutdownFollowerState(121)) - 0b10a9fc-47eb-4a2b-b664-8273d9d17379: shutdown FollowerState
2019-10-18 07:23:55,610 [grpc-default-executor-17] INFO  impl.RoleInfo (RoleInfo.java:updateAndGet(143)) - 0b10a9fc-47eb-4a2b-b664-8273d9d17379: start FollowerState
2019-10-18 07:23:55,610 [Thread-9464] INFO  impl.FollowerState (FollowerState.java:run(117)) - 0b10a9fc-47eb-4a2b-b664-8273d9d17379@group-BCB82A5C07F5-FollowerState was interrupted: java.lang.InterruptedException: sleep interrupted
2019-10-18 07:23:55,626 [12ad0800-05cb-443c-9fdd-fa1debf04523@group-BCB82A5C07F5-LeaderElection1046] INFO  impl.LeaderElection (LeaderElection.java:logAndReturn(56)) - 12ad0800-05cb-443c-9fdd-fa1debf04523@group-BCB82A5C07F5-LeaderElection1046: Election REJECTED; received 2 response(s) [12ad0800-05cb-443c-9fdd-fa1debf04523<-5170c5f3-8499-4b42-9321-85fc8a351f79#0:FAIL-t63, 12ad0800-05cb-443c-9fdd-fa1debf04523<-0b10a9fc-47eb-4a2b-b664-8273d9d17379#0:FAIL-t63] and 0 exception(s); 12ad0800-05cb-443c-9fdd-fa1debf04523@group-BCB82A5C07F5:t63, leader=null, voted=12ad0800-05cb-443c-9fdd-fa1debf04523, raftlog=12ad0800-05cb-443c-9fdd-fa1debf04523@group-BCB82A5C07F5-SegmentedRaftLog:OPENED:c-1,f-1,i0, conf=-1: [12ad0800-05cb-443c-9fdd-fa1debf04523:192.168.34.25:41155, 5170c5f3-8499-4b42-9321-85fc8a351f79:192.168.34.25:43074, 0b10a9fc-47eb-4a2b-b664-8273d9d17379:192.168.34.25:45248], old=null
2019-10-18 07:23:55,626 [12ad0800-05cb-443c-9fdd-fa1debf04523@group-BCB82A5C07F5-LeaderElection1046] INFO  impl.RaftServerImpl (RaftServerImpl.java:setRole(184)) - 12ad0800-05cb-443c-9fdd-fa1debf04523@group-BCB82A5C07F5: changes role from CANDIDATE to FOLLOWER at term 63 for DISCOVERED_A_NEW_TERM
2019-10-18 07:23:55,626 [12ad0800-05cb-443c-9fdd-fa1debf04523@group-BCB82A5C07F5-LeaderElection1046] INFO  impl.RoleInfo (RoleInfo.java:shutdownLeaderElection(134)) - 12ad0800-05cb-443c-9fdd-fa1debf04523: shutdown LeaderElection
2019-10-18 07:23:55,626 [12ad0800-05cb-443c-9fdd-fa1debf04523@group-BCB82A5C07F5-LeaderElection1046] INFO  impl.RoleInfo (RoleInfo.java:updateAndGet(143)) - 12ad0800-05cb-443c-9fdd-fa1debf04523: start FollowerState
2019-10-18 07:23:55,627 [Thread-9473] INFO  impl.FollowerState (FollowerState.java:run(108)) - 4dea926d-4bc6-487a-9b9b-9fd457d0fae4@group-0C9C3B2D0CC1-FollowerState: change to CANDIDATE, lastRpcTime:18ms, electionTimeout:18ms
2019-10-18 07:23:55,627 [Thread-9473] INFO  impl.RoleInfo (RoleInfo.java:shutdownFollowerState(121)) - 4dea926d-4bc6-487a-9b9b-9fd457d0fae4: shutdown FollowerState
2019-10-18 07:23:55,627 [Thread-9473] INFO  impl.RaftServerImpl (RaftServerImpl.java:setRole(184)) - 4dea926d-4bc6-487a-9b9b-9fd457d0fae4@group-0C9C3B2D0CC1: changes role from  FOLLOWER to CANDIDATE at term 54 for changeToCandidate
2019-10-18 07:23:55,627 [Thread-9473] INFO  impl.RoleInfo (RoleInfo.java:updateAndGet(143)) - 4dea926d-4bc6-487a-9b9b-9fd457d0fae4: start LeaderElection
2019-10-18 07:23:55,651 [4dea926d-4bc6-487a-9b9b-9fd457d0fae4@group-0C9C3B2D0CC1-LeaderElection1048] INFO  impl.LeaderElection (LeaderElection.java:askForVotes(178)) - 4dea926d-4bc6-487a-9b9b-9fd457d0fae4@group-0C9C3B2D0CC1-LeaderElection1048: begin an election at term 55 for -1: [6633f50a-7046-4b08-9937-8e25f1b14b15:192.168.34.25:39338, 67270882-100a-4e75-928d-618d17e069c8:192.168.34.25:36648, 4dea926d-4bc6-487a-9b9b-9fd457d0fae4:192.168.34.25:41624], old=null
2019-10-18 07:23:55,652 [grpc-default-executor-17] INFO  impl.RaftServerImpl (RaftServerImpl.java:setRole(184)) - 6633f50a-7046-4b08-9937-8e25f1b14b15@group-0C9C3B2D0CC1: changes role from  FOLLOWER to FOLLOWER at term 55 for recognizeCandidate:4dea926d-4bc6-487a-9b9b-9fd457d0fae4
2019-10-18 07:23:55,652 [grpc-default-executor-17] INFO  impl.RoleInfo (RoleInfo.java:shutdownFollowerState(121)) - 6633f50a-7046-4b08-9937-8e25f1b14b15: shutdown FollowerState
2019-10-18 07:23:55,652 [grpc-default-executor-4] INFO  impl.RaftServerImpl (RaftServerImpl.java:setRole(184)) - 67270882-100a-4e75-928d-618d17e069c8@group-0C9C3B2D0CC1: changes role from  FOLLOWER to FOLLOWER at term 55 for recognizeCandidate:4dea926d-4bc6-487a-9b9b-9fd457d0fae4
2019-10-18 07:23:55,652 [grpc-default-executor-4] INFO  impl.RoleInfo (RoleInfo.java:shutdownFollowerState(121)) - 67270882-100a-4e75-928d-618d17e069c8: shutdown FollowerState
2019-10-18 07:23:55,652 [Thread-9469] INFO  impl.FollowerState (FollowerState.java:run(117)) - 6633f50a-7046-4b08-9937-8e25f1b14b15@group-0C9C3B2D0CC1-FollowerState was interrupted: java.lang.InterruptedException: sleep interrupted
2019-10-18 07:23:55,653 [Thread-9468] INFO  impl.FollowerState (FollowerState.java:run(117)) - 67270882-100a-4e75-928d-618d17e069c8@group-0C9C3B2D0CC1-FollowerState was interrupted: java.lang.InterruptedException: sleep interrupted
2019-10-18 07:23:55,652 [grpc-default-executor-17] INFO  impl.RoleInfo (RoleInfo.java:updateAndGet(143)) - 6633f50a-7046-4b08-9937-8e25f1b14b15: start FollowerState
2019-10-18 07:23:55,652 [grpc-default-executor-4] INFO  impl.RoleInfo (RoleInfo.java:updateAndGet(143)) - 67270882-100a-4e75-928d-618d17e069c8: start FollowerState
2019-10-18 07:23:55,677 [4dea926d-4bc6-487a-9b9b-9fd457d0fae4@group-0C9C3B2D0CC1-LeaderElection1048] INFO  impl.LeaderElection (LeaderElection.java:logAndReturn(56)) - 4dea926d-4bc6-487a-9b9b-9fd457d0fae4@group-0C9C3B2D0CC1-LeaderElection1048: Election REJECTED; received 2 response(s) [4dea926d-4bc6-487a-9b9b-9fd457d0fae4<-6633f50a-7046-4b08-9937-8e25f1b14b15#0:FAIL-t55, 4dea926d-4bc6-487a-9b9b-9fd457d0fae4<-67270882-100a-4e75-928d-618d17e069c8#0:FAIL-t55] and 0 exception(s); 4dea926d-4bc6-487a-9b9b-9fd457d0fae4@group-0C9C3B2D0CC1:t55, leader=null, voted=4dea926d-4bc6-487a-9b9b-9fd457d0fae4, raftlog=4dea926d-4bc6-487a-9b9b-9fd457d0fae4@group-0C9C3B2D0CC1-SegmentedRaftLog:OPENED:c-1,f-1,i0, conf=-1: [6633f50a-7046-4b08-9937-8e25f1b14b15:192.168.34.25:39338, 67270882-100a-4e75-928d-618d17e069c8:192.168.34.25:36648, 4dea926d-4bc6-487a-9b9b-9fd457d0fae4:192.168.34.25:41624], old=null
2019-10-18 07:23:55,677 [4dea926d-4bc6-487a-9b9b-9fd457d0fae4@group-0C9C3B2D0CC1-LeaderElection1048] INFO  impl.RaftServerImpl (RaftServerImpl.java:setRole(184)) - 4dea926d-4bc6-487a-9b9b-9fd457d0fae4@group-0C9C3B2D0CC1: changes role from CANDIDATE to FOLLOWER at term 55 for DISCOVERED_A_NEW_TERM
2019-10-18 07:23:55,677 [4dea926d-4bc6-487a-9b9b-9fd457d0fae4@group-0C9C3B2D0CC1-LeaderElection1048] INFO  impl.RoleInfo (RoleInfo.java:shutdownLeaderElection(134)) - 4dea926d-4bc6-487a-9b9b-9fd457d0fae4: shutdown LeaderElection
2019-10-18 07:23:55,677 [4dea926d-4bc6-487a-9b9b-9fd457d0fae4@group-0C9C3B2D0CC1-LeaderElection1048] INFO  impl.RoleInfo (RoleInfo.java:updateAndGet(143)) - 4dea926d-4bc6-487a-9b9b-9fd457d0fae4: start FollowerState
2019-10-18 07:23:55,769 [Thread-9476] INFO  impl.FollowerState (FollowerState.java:run(108)) - 12ad0800-05cb-443c-9fdd-fa1debf04523@group-BCB82A5C07F5-FollowerState: change to CANDIDATE, lastRpcTime:143ms, electionTimeout:143ms
2019-10-18 07:23:55,769 [Thread-9476] INFO  impl.RoleInfo (RoleInfo.java:shutdownFollowerState(121)) - 12ad0800-05cb-443c-9fdd-fa1debf04523: shutdown FollowerState
2019-10-18 07:23:55,770 [Thread-9476] INFO  impl.RaftServerImpl (RaftServerImpl.java:setRole(184)) - 12ad0800-05cb-443c-9fdd-fa1debf04523@group-BCB82A5C07F5: changes role from  FOLLOWER to CANDIDATE at term 63 for changeToCandidate
2019-10-18 07:23:55,770 [Thread-9476] INFO  impl.RoleInfo (RoleInfo.java:updateAndGet(143)) - 12ad0800-05cb-443c-9fdd-fa1debf04523: start LeaderElection
2019-10-18 07:23:55,784 [Thread-9482] INFO  impl.FollowerState (FollowerState.java:run(108)) - 4dea926d-4bc6-487a-9b9b-9fd457d0fae4@group-0C9C3B2D0CC1-FollowerState: change to CANDIDATE, lastRpcTime:107ms, electionTimeout:107ms
2019-10-18 07:23:55,784 [Thread-9482] INFO  impl.RoleInfo (RoleInfo.java:shutdownFollowerState(121)) - 4dea926d-4bc6-487a-9b9b-9fd457d0fae4: shutdown FollowerState
2019-10-18 07:23:55,785 [Thread-9482] INFO  impl.RaftServerImpl (RaftServerImpl.java:setRole(184)) - 4dea926d-4bc6-487a-9b9b-9fd457d0fae4@group-0C9C3B2D0CC1: changes role from  FOLLOWER to CANDIDATE at term 55 for changeToCandidate
2019-10-18 07:23:55,785 [Thread-9482] INFO  impl.RoleInfo (RoleInfo.java:updateAndGet(143)) - 4dea926d-4bc6-487a-9b9b-9fd457d0fae4: start LeaderElection
2019-10-18 07:23:55,793 [12ad0800-05cb-443c-9fdd-fa1debf04523@group-BCB82A5C07F5-LeaderElection1049] INFO  impl.LeaderElection (LeaderElection.java:askForVotes(178)) - 12ad0800-05cb-443c-9fdd-fa1debf04523@group-BCB82A5C07F5-LeaderElection1049: begin an election at term 64 for -1: [12ad0800-05cb-443c-9fdd-fa1debf04523:192.168.34.25:41155, 5170c5f3-8499-4b42-9321-85fc8a351f79:192.168.34.25:43074, 0b10a9fc-47eb-4a2b-b664-8273d9d17379:192.168.34.25:45248], old=null
2019-10-18 07:23:55,794 [grpc-default-executor-4] INFO  impl.RaftServerImpl (RaftServerImpl.java:setRole(184)) - 5170c5f3-8499-4b42-9321-85fc8a351f79@group-BCB82A5C07F5: changes role from  FOLLOWER to FOLLOWER at term 64 for recognizeCandidate:12ad0800-05cb-443c-9fdd-fa1debf04523
2019-10-18 07:23:55,794 [grpc-default-executor-4] INFO  impl.RoleInfo (RoleInfo.java:shutdownFollowerState(121)) - 5170c5f3-8499-4b42-9321-85fc8a351f79: shutdown FollowerState
2019-10-18 07:23:55,794 [grpc-default-executor-17] INFO  impl.RaftServerImpl (RaftServerImpl.java:setRole(184)) - 0b10a9fc-47eb-4a2b-b664-8273d9d17379@group-BCB82A5C07F5: changes role from  FOLLOWER to FOLLOWER at term 64 for recognizeCandidate:12ad0800-05cb-443c-9fdd-fa1debf04523
2019-10-18 07:23:55,795 [grpc-default-executor-17] INFO  impl.RoleInfo (RoleInfo.java:shutdownFollowerState(121)) - 0b10a9fc-47eb-4a2b-b664-8273d9d17379: shutdown FollowerState
2019-10-18 07:23:55,795 [Thread-9474] INFO  impl.FollowerState (FollowerState.java:run(117)) - 5170c5f3-8499-4b42-9321-85fc8a351f79@group-BCB82A5C07F5-FollowerState was interrupted: java.lang.InterruptedException: sleep interrupted
2019-10-18 07:23:55,794 [grpc-default-executor-4] INFO  impl.RoleInfo (RoleInfo.java:updateAndGet(143)) - 5170c5f3-8499-4b42-9321-85fc8a351f79: start FollowerState
2019-10-18 07:23:55,795 [Thread-9475] INFO  impl.FollowerState (FollowerState.java:run(117)) - 0b10a9fc-47eb-4a2b-b664-8273d9d17379@group-BCB82A5C07F5-FollowerState was interrupted: java.lang.InterruptedException: sleep interrupted
2019-10-18 07:23:55,795 [grpc-default-executor-17] INFO  impl.RoleInfo (RoleInfo.java:updateAndGet(143)) - 0b10a9fc-47eb-4a2b-b664-8273d9d17379: start FollowerState
2019-10-18 07:23:55,819 [4dea926d-4bc6-487a-9b9b-9fd457d0fae4@group-0C9C3B2D0CC1-LeaderElection1050] INFO  impl.LeaderElection (LeaderElection.java:askForVotes(178)) - 4dea926d-4bc6-487a-9b9b-9fd457d0fae4@group-0C9C3B2D0CC1-LeaderElection1050: begin an election at term 56 for -1: [6633f50a-7046-4b08-9937-8e25f1b14b15:192.168.34.25:39338, 67270882-100a-4e75-928d-618d17e069c8:192.168.34.25:36648, 4dea926d-4bc6-487a-9b9b-9fd457d0fae4:192.168.34.25:41624], old=null
2019-10-18 07:23:55,819 [12ad0800-05cb-443c-9fdd-fa1debf04523@group-BCB82A5C07F5-LeaderElection1049] INFO  impl.LeaderElection (LeaderElection.java:logAndReturn(56)) - 12ad0800-05cb-443c-9fdd-fa1debf04523@group-BCB82A5C07F5-LeaderElection1049: Election REJECTED; received 2 response(s) [12ad0800-05cb-443c-9fdd-fa1debf04523<-5170c5f3-8499-4b42-9321-85fc8a351f79#0:FAIL-t64, 12ad0800-05cb-443c-9fdd-fa1debf04523<-0b10a9fc-47eb-4a2b-b664-8273d9d17379#0:FAIL-t64] and 0 exception(s); 12ad0800-05cb-443c-9fdd-fa1debf04523@group-BCB82A5C07F5:t64, leader=null, voted=12ad0800-05cb-443c-9fdd-fa1debf04523, raftlog=12ad0800-05cb-443c-9fdd-fa1debf04523@group-BCB82A5C07F5-SegmentedRaftLog:OPENED:c-1,f-1,i0, conf=-1: [12ad0800-05cb-443c-9fdd-fa1debf04523:192.168.34.25:41155, 5170c5f3-8499-4b42-9321-85fc8a351f79:192.168.34.25:43074, 0b10a9fc-47eb-4a2b-b664-8273d9d17379:192.168.34.25:45248], old=null
2019-10-18 07:23:55,820 [12ad0800-05cb-443c-9fdd-fa1debf04523@group-BCB82A5C07F5-LeaderElection1049] INFO  impl.RaftServerImpl (RaftServerImpl.java:setRole(184)) - 12ad0800-05cb-443c-9fdd-fa1debf04523@group-BCB82A5C07F5: changes role from CANDIDATE to FOLLOWER at term 64 for DISCOVERED_A_NEW_TERM
2019-10-18 07:23:55,820 [12ad0800-05cb-443c-9fdd-fa1debf04523@group-BCB82A5C07F5-LeaderElection1049] INFO  impl.RoleInfo (RoleInfo.java:shutdownLeaderElection(134)) - 12ad0800-05cb-443c-9fdd-fa1debf04523: shutdown LeaderElection
2019-10-18 07:23:55,820 [12ad0800-05cb-443c-9fdd-fa1debf04523@group-BCB82A5C07F5-LeaderElection1049] INFO  impl.RoleInfo (RoleInfo.java:updateAndGet(143)) - 12ad0800-05cb-443c-9fdd-fa1debf04523: start FollowerState
2019-10-18 07:23:55,820 [grpc-default-executor-4] INFO  impl.RaftServerImpl (RaftServerImpl.java:setRole(184)) - 6633f50a-7046-4b08-9937-8e25f1b14b15@group-0C9C3B2D0CC1: changes role from  FOLLOWER to FOLLOWER at term 56 for recognizeCandidate:4dea926d-4bc6-487a-9b9b-9fd457d0fae4
2019-10-18 07:23:55,820 [grpc-default-executor-4] INFO  impl.RoleInfo (RoleInfo.java:shutdownFollowerState(121)) - 6633f50a-7046-4b08-9937-8e25f1b14b15: shutdown FollowerState
2019-10-18 07:23:55,820 [grpc-default-executor-4] INFO  impl.RoleInfo (RoleInfo.java:updateAndGet(143)) - 6633f50a-7046-4b08-9937-8e25f1b14b15: start FollowerState
2019-10-18 07:23:55,820 [grpc-default-executor-17] INFO  impl.RaftServerImpl (RaftServerImpl.java:setRole(184)) - 67270882-100a-4e75-928d-618d17e069c8@group-0C9C3B2D0CC1: changes role from  FOLLOWER to FOLLOWER at term 56 for recognizeCandidate:4dea926d-4bc6-487a-9b9b-9fd457d0fae4
2019-10-18 07:23:55,821 [grpc-default-executor-17] INFO  impl.RoleInfo (RoleInfo.java:shutdownFollowerState(121)) - 67270882-100a-4e75-928d-618d17e069c8: shutdown FollowerState
2019-10-18 07:23:55,820 [Thread-9480] INFO  impl.FollowerState (FollowerState.java:run(117)) - 6633f50a-7046-4b08-9937-8e25f1b14b15@group-0C9C3B2D0CC1-FollowerState was interrupted: java.lang.InterruptedException: sleep interrupted
2019-10-18 07:23:55,821 [Thread-9481] INFO  impl.FollowerState (FollowerState.java:run(117)) - 67270882-100a-4e75-928d-618d17e069c8@group-0C9C3B2D0CC1-FollowerState was interrupted: java.lang.InterruptedException: sleep interrupted
2019-10-18 07:23:55,821 [grpc-default-executor-17] INFO  impl.RoleInfo (RoleInfo.java:updateAndGet(143)) - 67270882-100a-4e75-928d-618d17e069c8: start FollowerState
2019-10-18 07:23:55,853 [4dea926d-4bc6-487a-9b9b-9fd457d0fae4@group-0C9C3B2D0CC1-LeaderElection1050] INFO  impl.LeaderElection (LeaderElection.java:logAndReturn(56)) - 4dea926d-4bc6-487a-9b9b-9fd457d0fae4@group-0C9C3B2D0CC1-LeaderElection1050: Election REJECTED; received 2 response(s) [4dea926d-4bc6-487a-9b9b-9fd457d0fae4<-6633f50a-7046-4b08-9937-8e25f1b14b15#0:FAIL-t56, 4dea926d-4bc6-487a-9b9b-9fd457d0fae4<-67270882-100a-4e75-928d-618d17e069c8#0:FAIL-t56] and 0 exception(s); 4dea926d-4bc6-487a-9b9b-9fd457d0fae4@group-0C9C3B2D0CC1:t56, leader=null, voted=4dea926d-4bc6-487a-9b9b-9fd457d0fae4, raftlog=4dea926d-4bc6-487a-9b9b-9fd457d0fae4@group-0C9C3B2D0CC1-SegmentedRaftLog:OPENED:c-1,f-1,i0, conf=-1: [6633f50a-7046-4b08-9937-8e25f1b14b15:192.168.34.25:39338, 67270882-100a-4e75-928d-618d17e069c8:192.168.34.25:36648, 4dea926d-4bc6-487a-9b9b-9fd457d0fae4:192.168.34.25:41624], old=null
2019-10-18 07:23:55,854 [4dea926d-4bc6-487a-9b9b-9fd457d0fae4@group-0C9C3B2D0CC1-LeaderElection1050] INFO  impl.RaftServerImpl (RaftServerImpl.java:setRole(184)) - 4dea926d-4bc6-487a-9b9b-9fd457d0fae4@group-0C9C3B2D0CC1: changes role from CANDIDATE to FOLLOWER at term 56 for DISCOVERED_A_NEW_TERM
2019-10-18 07:23:55,854 [4dea926d-4bc6-487a-9b9b-9fd457d0fae4@group-0C9C3B2D0CC1-LeaderElection1050] INFO  impl.RoleInfo (RoleInfo.java:shutdownLeaderElection(134)) - 4dea926d-4bc6-487a-9b9b-9fd457d0fae4: shutdown LeaderElection
2019-10-18 07:23:55,854 [4dea926d-4bc6-487a-9b9b-9fd457d0fae4@group-0C9C3B2D0CC1-LeaderElection1050] INFO  impl.RoleInfo (RoleInfo.java:updateAndGet(143)) - 4dea926d-4bc6-487a-9b9b-9fd457d0fae4: start FollowerState
2019-10-18 07:23:55,878 [Thread-9491] INFO  impl.FollowerState (FollowerState.java:run(108)) - 12ad0800-05cb-443c-9fdd-fa1debf04523@group-BCB82A5C07F5-FollowerState: change to CANDIDATE, lastRpcTime:58ms, electionTimeout:58ms
2019-10-18 07:23:55,878 [Thread-9491] INFO  impl.RoleInfo (RoleInfo.java:shutdownFollowerState(121)) - 12ad0800-05cb-443c-9fdd-fa1debf04523: shutdown FollowerState
2019-10-18 07:23:55,878 [Thread-9491] INFO  impl.RaftServerImpl (RaftServerImpl.java:setRole(184)) - 12ad0800-05cb-443c-9fdd-fa1debf04523@group-BCB82A5C07F5: changes role from  FOLLOWER to CANDIDATE at term 64 for changeToCandidate
2019-10-18 07:23:55,878 [Thread-9491] INFO  impl.RoleInfo (RoleInfo.java:updateAndGet(143)) - 12ad0800-05cb-443c-9fdd-fa1debf04523: start LeaderElection
2019-10-18 07:23:55,929 [12ad0800-05cb-443c-9fdd-fa1debf04523@group-BCB82A5C07F5-LeaderElection1051] INFO  impl.LeaderElection (LeaderElection.java:askForVotes(178)) - 12ad0800-05cb-443c-9fdd-fa1debf04523@group-BCB82A5C07F5-LeaderElection1051: begin an election at term 65 for -1: [12ad0800-05cb-443c-9fdd-fa1debf04523:192.168.34.25:41155, 5170c5f3-8499-4b42-9321-85fc8a351f79:192.168.34.25:43074, 0b10a9fc-47eb-4a2b-b664-8273d9d17379:192.168.34.25:45248], old=null
2019-10-18 07:23:55,931 [grpc-default-executor-4] INFO  impl.RaftServerImpl (RaftServerImpl.java:setRole(184)) - 5170c5f3-8499-4b42-9321-85fc8a351f79@group-BCB82A5C07F5: changes role from  FOLLOWER to FOLLOWER at term 65 for recognizeCandidate:12ad0800-05cb-443c-9fdd-fa1debf04523
2019-10-18 07:23:55,931 [grpc-default-executor-17] INFO  impl.RaftServerImpl (RaftServerImpl.java:setRole(184)) - 0b10a9fc-47eb-4a2b-b664-8273d9d17379@group-BCB82A5C07F5: changes role from  FOLLOWER to FOLLOWER at term 65 for recognizeCandidate:12ad0800-05cb-443c-9fdd-fa1debf04523
2019-10-18 07:23:55,931 [grpc-default-executor-17] INFO  impl.RoleInfo (RoleInfo.java:shutdownFollowerState(121)) - 0b10a9fc-47eb-4a2b-b664-8273d9d17379: shutdown FollowerState
2019-10-18 07:23:55,931 [grpc-default-executor-4] INFO  impl.RoleInfo (RoleInfo.java:shutdownFollowerState(121)) - 5170c5f3-8499-4b42-9321-85fc8a351f79: shutdown FollowerState
2019-10-18 07:23:55,932 [Thread-9488] INFO  impl.FollowerState (FollowerState.java:run(117)) - 0b10a9fc-47eb-4a2b-b664-8273d9d17379@group-BCB82A5C07F5-FollowerState was interrupted: java.lang.InterruptedException: sleep interrupted
2019-10-18 07:23:55,932 [grpc-default-executor-17] INFO  impl.RoleInfo (RoleInfo.java:updateAndGet(143)) - 0b10a9fc-47eb-4a2b-b664-8273d9d17379: start FollowerState
2019-10-18 07:23:55,932 [Thread-9487] INFO  impl.FollowerState (FollowerState.java:run(117)) - 5170c5f3-8499-4b42-9321-85fc8a351f79@group-BCB82A5C07F5-FollowerState was interrupted: java.lang.InterruptedException: sleep interrupted
2019-10-18 07:23:55,932 [grpc-default-executor-4] INFO  impl.RoleInfo (RoleInfo.java:updateAndGet(143)) - 5170c5f3-8499-4b42-9321-85fc8a351f79: start FollowerState
2019-10-18 07:23:55,932 [12ad0800-05cb-443c-9fdd-fa1debf04523@group-BCB82A5C07F5-LeaderElection1051] INFO  impl.LeaderElection (LeaderElection.java:logAndReturn(56)) - 12ad0800-05cb-443c-9fdd-fa1debf04523@group-BCB82A5C07F5-LeaderElection1051: Election TIMEOUT; received 0 response(s) [] and 0 exception(s); 12ad0800-05cb-443c-9fdd-fa1debf04523@group-BCB82A5C07F5:t65, leader=null, voted=12ad0800-05cb-443c-9fdd-fa1debf04523, raftlog=12ad0800-05cb-443c-9fdd-fa1debf04523@group-BCB82A5C07F5-SegmentedRaftLog:OPENED:c-1,f-1,i0, conf=-1: [12ad0800-05cb-443c-9fdd-fa1debf04523:192.168.34.25:41155, 5170c5f3-8499-4b42-9321-85fc8a351f79:192.168.34.25:43074, 0b10a9fc-47eb-4a2b-b664-8273d9d17379:192.168.34.25:45248], old=null
2019-10-18 07:23:55,955 [12ad0800-05cb-443c-9fdd-fa1debf04523@group-BCB82A5C07F5-LeaderElection1051] INFO  impl.LeaderElection (LeaderElection.java:askForVotes(178)) - 12ad0800-05cb-443c-9fdd-fa1debf04523@group-BCB82A5C07F5-LeaderElection1051: begin an election at term 66 for -1: [12ad0800-05cb-443c-9fdd-fa1debf04523:192.168.34.25:41155, 5170c5f3-8499-4b42-9321-85fc8a351f79:192.168.34.25:43074, 0b10a9fc-47eb-4a2b-b664-8273d9d17379:192.168.34.25:45248], old=null
2019-10-18 07:23:55,956 [grpc-default-executor-17] INFO  impl.RaftServerImpl (RaftServerImpl.java:setRole(184)) - 5170c5f3-8499-4b42-9321-85fc8a351f79@group-BCB82A5C07F5: changes role from  FOLLOWER to FOLLOWER at term 66 for recognizeCandidate:12ad0800-05cb-443c-9fdd-fa1debf04523
2019-10-18 07:23:55,956 [grpc-default-executor-17] INFO  impl.RoleInfo (RoleInfo.java:shutdownFollowerState(121)) - 5170c5f3-8499-4b42-9321-85fc8a351f79: shutdown FollowerState
2019-10-18 07:23:55,956 [grpc-default-executor-4] INFO  impl.RaftServerImpl (RaftServerImpl.java:setRole(184)) - 0b10a9fc-47eb-4a2b-b664-8273d9d17379@group-BCB82A5C07F5: changes role from  FOLLOWER to FOLLOWER at term 66 for recognizeCandidate:12ad0800-05cb-443c-9fdd-fa1debf04523
2019-10-18 07:23:55,957 [grpc-default-executor-4] INFO  impl.RoleInfo (RoleInfo.java:shutdownFollowerState(121)) - 0b10a9fc-47eb-4a2b-b664-8273d9d17379: shutdown FollowerState
2019-10-18 07:23:55,956 [Thread-9499] INFO  impl.FollowerState (FollowerState.java:run(117)) - 5170c5f3-8499-4b42-9321-85fc8a351f79@group-BCB82A5C07F5-FollowerState was interrupted: java.lang.InterruptedException: sleep interrupted
2019-10-18 07:23:55,956 [grpc-default-executor-17] INFO  impl.RoleInfo (RoleInfo.java:updateAndGet(143)) - 5170c5f3-8499-4b42-9321-85fc8a351f79: start FollowerState
2019-10-18 07:23:55,957 [Thread-9498] INFO  impl.FollowerState (FollowerState.java:run(117)) - 0b10a9fc-47eb-4a2b-b664-8273d9d17379@group-BCB82A5C07F5-FollowerState was interrupted: java.lang.InterruptedException: sleep interrupted
2019-10-18 07:23:55,957 [grpc-default-executor-4] INFO  impl.RoleInfo (RoleInfo.java:updateAndGet(143)) - 0b10a9fc-47eb-4a2b-b664-8273d9d17379: start FollowerState
2019-10-18 07:23:55,981 [12ad0800-05cb-443c-9fdd-fa1debf04523@group-BCB82A5C07F5-LeaderElection1051] INFO  impl.LeaderElection (LeaderElection.java:logAndReturn(56)) - 12ad0800-05cb-443c-9fdd-fa1debf04523@group-BCB82A5C07F5-LeaderElection1051: Election REJECTED; received 2 response(s) [12ad0800-05cb-443c-9fdd-fa1debf04523<-5170c5f3-8499-4b42-9321-85fc8a351f79#0:FAIL-t66, 12ad0800-05cb-443c-9fdd-fa1debf04523<-0b10a9fc-47eb-4a2b-b664-8273d9d17379#0:FAIL-t66] and 0 exception(s); 12ad0800-05cb-443c-9fdd-fa1debf04523@group-BCB82A5C07F5:t66, leader=null, voted=12ad0800-05cb-443c-9fdd-fa1debf04523, raftlog=12ad0800-05cb-443c-9fdd-fa1debf04523@group-BCB82A5C07F5-SegmentedRaftLog:OPENED:c-1,f-1,i0, conf=-1: [12ad0800-05cb-443c-9fdd-fa1debf04523:192.168.34.25:41155, 5170c5f3-8499-4b42-9321-85fc8a351f79:192.168.34.25:43074, 0b10a9fc-47eb-4a2b-b664-8273d9d17379:192.168.34.25:45248], old=null
2019-10-18 07:23:55,981 [12ad0800-05cb-443c-9fdd-fa1debf04523@group-BCB82A5C07F5-LeaderElection1051] INFO  impl.RaftServerImpl (RaftServerImpl.java:setRole(184)) - 12ad0800-05cb-443c-9fdd-fa1debf04523@group-BCB82A5C07F5: changes role from CANDIDATE to FOLLOWER at term 66 for DISCOVERED_A_NEW_TERM
2019-10-18 07:23:55,981 [12ad0800-05cb-443c-9fdd-fa1debf04523@group-BCB82A5C07F5-LeaderElection1051] INFO  impl.RoleInfo (RoleInfo.java:shutdownLeaderElection(134)) - 12ad0800-05cb-443c-9fdd-fa1debf04523: shutdown LeaderElection
2019-10-18 07:23:55,981 [12ad0800-05cb-443c-9fdd-fa1debf04523@group-BCB82A5C07F5-LeaderElection1051] INFO  impl.RoleInfo (RoleInfo.java:updateAndGet(143)) - 12ad0800-05cb-443c-9fdd-fa1debf04523: start FollowerState
2019-10-18 07:23:56,022 [Thread-9494] INFO  impl.FollowerState (FollowerState.java:run(108)) - 4dea926d-4bc6-487a-9b9b-9fd457d0fae4@group-0C9C3B2D0CC1-FollowerState: change to CANDIDATE, lastRpcTime:168ms, electionTimeout:168ms
2019-10-18 07:23:56,022 [Thread-9494] INFO  impl.RoleInfo (RoleInfo.java:shutdownFollowerState(121)) - 4dea926d-4bc6-487a-9b9b-9fd457d0fae4: shutdown FollowerState
2019-10-18 07:23:56,022 [Thread-9494] INFO  impl.RaftServerImpl (RaftServerImpl.java:setRole(184)) - 4dea926d-4bc6-487a-9b9b-9fd457d0fae4@group-0C9C3B2D0CC1: changes role from  FOLLOWER to CANDIDATE at term 56 for changeToCandidate
2019-10-18 07:23:56,023 [Thread-9494] INFO  impl.RoleInfo (RoleInfo.java:updateAndGet(143)) - 4dea926d-4bc6-487a-9b9b-9fd457d0fae4: start LeaderElection
2019-10-18 07:23:56,047 [4dea926d-4bc6-487a-9b9b-9fd457d0fae4@group-0C9C3B2D0CC1-LeaderElection1052] INFO  impl.LeaderElection (LeaderElection.java:askForVotes(178)) - 4dea926d-4bc6-487a-9b9b-9fd457d0fae4@group-0C9C3B2D0CC1-LeaderElection1052: begin an election at term 57 for -1: [6633f50a-7046-4b08-9937-8e25f1b14b15:192.168.34.25:39338, 67270882-100a-4e75-928d-618d17e069c8:192.168.34.25:36648, 4dea926d-4bc6-487a-9b9b-9fd457d0fae4:192.168.34.25:41624], old=null
2019-10-18 07:23:56,048 [grpc-default-executor-4] INFO  impl.RaftServerImpl (RaftServerImpl.java:setRole(184)) - 6633f50a-7046-4b08-9937-8e25f1b14b15@group-0C9C3B2D0CC1: changes role from  FOLLOWER to FOLLOWER at term 57 for recognizeCandidate:4dea926d-4bc6-487a-9b9b-9fd457d0fae4
2019-10-18 07:23:56,049 [grpc-default-executor-17] INFO  impl.RaftServerImpl (RaftServerImpl.java:setRole(184)) - 67270882-100a-4e75-928d-618d17e069c8@group-0C9C3B2D0CC1: changes role from  FOLLOWER to FOLLOWER at term 57 for recognizeCandidate:4dea926d-4bc6-487a-9b9b-9fd457d0fae4
2019-10-18 07:23:56,049 [grpc-default-executor-17] INFO  impl.RoleInfo (RoleInfo.java:shutdownFollowerState(121)) - 67270882-100a-4e75-928d-618d17e069c8: shutdown FollowerState
2019-10-18 07:23:56,049 [grpc-default-executor-4] INFO  impl.RoleInfo (RoleInfo.java:shutdownFollowerState(121)) - 6633f50a-7046-4b08-9937-8e25f1b14b15: shutdown FollowerState
2019-10-18 07:23:56,049 [Thread-9493] INFO  impl.FollowerState (FollowerState.java:run(117)) - 67270882-100a-4e75-928d-618d17e069c8@group-0C9C3B2D0CC1-FollowerState was interrupted: java.lang.InterruptedException: sleep interrupted
2019-10-18 07:23:56,049 [grpc-default-executor-17] INFO  impl.RoleInfo (RoleInfo.java:updateAndGet(143)) - 67270882-100a-4e75-928d-618d17e069c8: start FollowerState
2019-10-18 07:23:56,049 [Thread-9492] INFO  impl.FollowerState (FollowerState.java:run(117)) - 6633f50a-7046-4b08-9937-8e25f1b14b15@group-0C9C3B2D0CC1-FollowerState was interrupted: java.lang.InterruptedException: sleep interrupted
2019-10-18 07:23:56,049 [grpc-default-executor-4] INFO  impl.RoleInfo (RoleInfo.java:updateAndGet(143)) - 6633f50a-7046-4b08-9937-8e25f1b14b15: start FollowerState
2019-10-18 07:23:56,053 [4dea926d-4bc6-487a-9b9b-9fd457d0fae4@group-0C9C3B2D0CC1-LeaderElection1052] INFO  impl.LeaderElection (LeaderElection.java:logAndReturn(56)) - 4dea926d-4bc6-487a-9b9b-9fd457d0fae4@group-0C9C3B2D0CC1-LeaderElection1052: Election TIMEOUT; received 0 response(s) [] and 0 exception(s); 4dea926d-4bc6-487a-9b9b-9fd457d0fae4@group-0C9C3B2D0CC1:t57, leader=null, voted=4dea926d-4bc6-487a-9b9b-9fd457d0fae4, raftlog=4dea926d-4bc6-487a-9b9b-9fd457d0fae4@group-0C9C3B2D0CC1-SegmentedRaftLog:OPENED:c-1,f-1,i0, conf=-1: [6633f50a-7046-4b08-9937-8e25f1b14b15:192.168.34.25:39338, 67270882-100a-4e75-928d-618d17e069c8:192.168.34.25:36648, 4dea926d-4bc6-487a-9b9b-9fd457d0fae4:192.168.34.25:41624], old=null
2019-10-18 07:23:56,081 [4dea926d-4bc6-487a-9b9b-9fd457d0fae4@group-0C9C3B2D0CC1-LeaderElection1052] INFO  impl.LeaderElection (LeaderElection.java:askForVotes(178)) - 4dea926d-4bc6-487a-9b9b-9fd457d0fae4@group-0C9C3B2D0CC1-LeaderElection1052: begin an election at term 58 for -1: [6633f50a-7046-4b08-9937-8e25f1b14b15:192.168.34.25:39338, 67270882-100a-4e75-928d-618d17e069c8:192.168.34.25:36648, 4dea926d-4bc6-487a-9b9b-9fd457d0fae4:192.168.34.25:41624], old=null
2019-10-18 07:23:56,083 [grpc-default-executor-17] INFO  impl.RaftServerImpl (RaftServerImpl.java:setRole(184)) - 6633f50a-7046-4b08-9937-8e25f1b14b15@group-0C9C3B2D0CC1: changes role from  FOLLOWER to FOLLOWER at term 58 for recognizeCandidate:4dea926d-4bc6-487a-9b9b-9fd457d0fae4
2019-10-18 07:23:56,083 [grpc-default-executor-17] INFO  impl.RoleInfo (RoleInfo.java:shutdownFollowerState(121)) - 6633f50a-7046-4b08-9937-8e25f1b14b15: shutdown FollowerState
2019-10-18 07:23:56,083 [grpc-default-executor-4] INFO  impl.RaftServerImpl (RaftServerImpl.java:setRole(184)) - 67270882-100a-4e75-928d-618d17e069c8@group-0C9C3B2D0CC1: changes role from  FOLLOWER to FOLLOWER at term 58 for recognizeCandidate:4dea926d-4bc6-487a-9b9b-9fd457d0fae4
2019-10-18 07:23:56,083 [Thread-9511] INFO  impl.FollowerState (FollowerState.java:run(117)) - 6633f50a-7046-4b08-9937-8e25f1b14b15@group-0C9C3B2D0CC1-FollowerState was interrupted: java.lang.InterruptedException: sleep interrupted
2019-10-18 07:23:56,083 [grpc-default-executor-17] INFO  impl.RoleInfo (RoleInfo.java:updateAndGet(143)) - 6633f50a-7046-4b08-9937-8e25f1b14b15: start FollowerState
2019-10-18 07:23:56,083 [grpc-default-executor-4] INFO  impl.RoleInfo (RoleInfo.java:shutdownFollowerState(121)) - 67270882-100a-4e75-928d-618d17e069c8: shutdown FollowerState
2019-10-18 07:23:56,086 [Thread-9510] INFO  impl.FollowerState (FollowerState.java:run(117)) - 67270882-100a-4e75-928d-618d17e069c8@group-0C9C3B2D0CC1-FollowerState was interrupted: java.lang.InterruptedException: sleep interrupted
2019-10-18 07:23:56,086 [grpc-default-executor-4] INFO  impl.RoleInfo (RoleInfo.java:updateAndGet(143)) - 67270882-100a-4e75-928d-618d17e069c8: start FollowerState
2019-10-18 07:23:56,117 [4dea926d-4bc6-487a-9b9b-9fd457d0fae4@group-0C9C3B2D0CC1-LeaderElection1052] INFO  impl.LeaderElection (LeaderElection.java:logAndReturn(56)) - 4dea926d-4bc6-487a-9b9b-9fd457d0fae4@group-0C9C3B2D0CC1-LeaderElection1052: Election REJECTED; received 2 response(s) [4dea926d-4bc6-487a-9b9b-9fd457d0fae4<-6633f50a-7046-4b08-9937-8e25f1b14b15#0:FAIL-t58, 4dea926d-4bc6-487a-9b9b-9fd457d0fae4<-67270882-100a-4e75-928d-618d17e069c8#0:FAIL-t58] and 0 exception(s); 4dea926d-4bc6-487a-9b9b-9fd457d0fae4@group-0C9C3B2D0CC1:t58, leader=null, voted=4dea926d-4bc6-487a-9b9b-9fd457d0fae4, raftlog=4dea926d-4bc6-487a-9b9b-9fd457d0fae4@group-0C9C3B2D0CC1-SegmentedRaftLog:OPENED:c-1,f-1,i0, conf=-1: [6633f50a-7046-4b08-9937-8e25f1b14b15:192.168.34.25:39338, 67270882-100a-4e75-928d-618d17e069c8:192.168.34.25:36648, 4dea926d-4bc6-487a-9b9b-9fd457d0fae4:192.168.34.25:41624], old=null
2019-10-18 07:23:56,117 [4dea926d-4bc6-487a-9b9b-9fd457d0fae4@group-0C9C3B2D0CC1-LeaderElection1052] INFO  impl.RaftServerImpl (RaftServerImpl.java:setRole(184)) - 4dea926d-4bc6-487a-9b9b-9fd457d0fae4@group-0C9C3B2D0CC1: changes role from CANDIDATE to FOLLOWER at term 58 for DISCOVERED_A_NEW_TERM
2019-10-18 07:23:56,117 [4dea926d-4bc6-487a-9b9b-9fd457d0fae4@group-0C9C3B2D0CC1-LeaderElection1052] INFO  impl.RoleInfo (RoleInfo.java:shutdownLeaderElection(134)) - 4dea926d-4bc6-487a-9b9b-9fd457d0fae4: shutdown LeaderElection
2019-10-18 07:23:56,118 [4dea926d-4bc6-487a-9b9b-9fd457d0fae4@group-0C9C3B2D0CC1-LeaderElection1052] INFO  impl.RoleInfo (RoleInfo.java:updateAndGet(143)) - 4dea926d-4bc6-487a-9b9b-9fd457d0fae4: start FollowerState
2019-10-18 07:23:56,174 [Thread-9504] INFO  impl.FollowerState (FollowerState.java:run(108)) - 12ad0800-05cb-443c-9fdd-fa1debf04523@group-BCB82A5C07F5-FollowerState: change to CANDIDATE, lastRpcTime:192ms, electionTimeout:192ms
2019-10-18 07:23:56,174 [Thread-9504] INFO  impl.RoleInfo (RoleInfo.java:shutdownFollowerState(121)) - 12ad0800-05cb-443c-9fdd-fa1debf04523: shutdown FollowerState
2019-10-18 07:23:56,174 [Thread-9504] INFO  impl.RaftServerImpl (RaftServerImpl.java:setRole(184)) - 12ad0800-05cb-443c-9fdd-fa1debf04523@group-BCB82A5C07F5: changes role from  FOLLOWER to CANDIDATE at term 66 for changeToCandidate
2019-10-18 07:23:56,174 [Thread-9504] INFO  impl.RoleInfo (RoleInfo.java:updateAndGet(143)) - 12ad0800-05cb-443c-9fdd-fa1debf04523: start LeaderElection
2019-10-18 07:23:56,199 [12ad0800-05cb-443c-9fdd-fa1debf04523@group-BCB82A5C07F5-LeaderElection1053] INFO  impl.LeaderElection (LeaderElection.java:askForVotes(178)) - 12ad0800-05cb-443c-9fdd-fa1debf04523@group-BCB82A5C07F5-LeaderElection1053: begin an election at term 67 for -1: [12ad0800-05cb-443c-9fdd-fa1debf04523:192.168.34.25:41155, 5170c5f3-8499-4b42-9321-85fc8a351f79:192.168.34.25:43074, 0b10a9fc-47eb-4a2b-b664-8273d9d17379:192.168.34.25:45248], old=null
2019-10-18 07:23:56,202 [grpc-default-executor-17] INFO  impl.RaftServerImpl (RaftServerImpl.java:setRole(184)) - 0b10a9fc-47eb-4a2b-b664-8273d9d17379@group-BCB82A5C07F5: changes role from  FOLLOWER to FOLLOWER at term 67 for recognizeCandidate:12ad0800-05cb-443c-9fdd-fa1debf04523
2019-10-18 07:23:56,202 [grpc-default-executor-17] INFO  impl.RoleInfo (RoleInfo.java:shutdownFollowerState(121)) - 0b10a9fc-47eb-4a2b-b664-8273d9d17379: shutdown FollowerState
2019-10-18 07:23:56,202 [grpc-default-executor-4] INFO  impl.RaftServerImpl (RaftServerImpl.java:setRole(184)) - 5170c5f3-8499-4b42-9321-85fc8a351f79@group-BCB82A5C07F5: changes role from  FOLLOWER to FOLLOWER at term 67 for recognizeCandidate:12ad0800-05cb-443c-9fdd-fa1debf04523
2019-10-18 07:23:56,202 [Thread-9503] INFO  impl.FollowerState (FollowerState.java:run(117)) - 0b10a9fc-47eb-4a2b-b664-8273d9d17379@group-BCB82A5C07F5-FollowerState was interrupted: java.lang.InterruptedException: sleep interrupted
2019-10-18 07:23:56,202 [grpc-default-executor-4] INFO  impl.RoleInfo (RoleInfo.java:shutdownFollowerState(121)) - 5170c5f3-8499-4b42-9321-85fc8a351f79: shutdown FollowerState
2019-10-18 07:23:56,202 [grpc-default-executor-17] INFO  impl.RoleInfo (RoleInfo.java:updateAndGet(143)) - 0b10a9fc-47eb-4a2b-b664-8273d9d17379: start FollowerState
2019-10-18 07:23:56,203 [Thread-9502] INFO  impl.FollowerState (FollowerState.java:run(117)) - 5170c5f3-8499-4b42-9321-85fc8a351f79@group-BCB82A5C07F5-FollowerState was interrupted: java.lang.InterruptedException: sleep interrupted
2019-10-18 07:23:56,203 [grpc-default-executor-4] INFO  impl.RoleInfo (RoleInfo.java:updateAndGet(143)) - 5170c5f3-8499-4b42-9321-85fc8a351f79: start FollowerState
2019-10-18 07:23:56,225 [12ad0800-05cb-443c-9fdd-fa1debf04523@group-BCB82A5C07F5-LeaderElection1053] INFO  impl.LeaderElection (LeaderElection.java:logAndReturn(56)) - 12ad0800-05cb-443c-9fdd-fa1debf04523@group-BCB82A5C07F5-LeaderElection1053: Election REJECTED; received 2 response(s) [12ad0800-05cb-443c-9fdd-fa1debf04523<-5170c5f3-8499-4b42-9321-85fc8a351f79#0:FAIL-t67, 12ad0800-05cb-443c-9fdd-fa1debf04523<-0b10a9fc-47eb-4a2b-b664-8273d9d17379#0:FAIL-t67] and 0 exception(s); 12ad0800-05cb-443c-9fdd-fa1debf04523@group-BCB82A5C07F5:t67, leader=null, voted=12ad0800-05cb-443c-9fdd-fa1debf04523, raftlog=12ad0800-05cb-443c-9fdd-fa1debf04523@group-BCB82A5C07F5-SegmentedRaftLog:OPENED:c-1,f-1,i0, conf=-1: [12ad0800-05cb-443c-9fdd-fa1debf04523:192.168.34.25:41155, 5170c5f3-8499-4b42-9321-85fc8a351f79:192.168.34.25:43074, 0b10a9fc-47eb-4a2b-b664-8273d9d17379:192.168.34.25:45248], old=null
2019-10-18 07:23:56,225 [12ad0800-05cb-443c-9fdd-fa1debf04523@group-BCB82A5C07F5-LeaderElection1053] INFO  impl.RaftServerImpl (RaftServerImpl.java:setRole(184)) - 12ad0800-05cb-443c-9fdd-fa1debf04523@group-BCB82A5C07F5: changes role from CANDIDATE to FOLLOWER at term 67 for DISCOVERED_A_NEW_TERM
2019-10-18 07:23:56,225 [12ad0800-05cb-443c-9fdd-fa1debf04523@group-BCB82A5C07F5-LeaderElection1053] INFO  impl.RoleInfo (RoleInfo.java:shutdownLeaderElection(134)) - 12ad0800-05cb-443c-9fdd-fa1debf04523: shutdown LeaderElection
2019-10-18 07:23:56,225 [12ad0800-05cb-443c-9fdd-fa1debf04523@group-BCB82A5C07F5-LeaderElection1053] INFO  impl.RoleInfo (RoleInfo.java:updateAndGet(143)) - 12ad0800-05cb-443c-9fdd-fa1debf04523: start FollowerState
2019-10-18 07:23:56,228 [Thread-9516] INFO  impl.FollowerState (FollowerState.java:run(108)) - 4dea926d-4bc6-487a-9b9b-9fd457d0fae4@group-0C9C3B2D0CC1-FollowerState: change to CANDIDATE, lastRpcTime:110ms, electionTimeout:110ms
2019-10-18 07:23:56,228 [Thread-9516] INFO  impl.RoleInfo (RoleInfo.java:shutdownFollowerState(121)) - 4dea926d-4bc6-487a-9b9b-9fd457d0fae4: shutdown FollowerState
2019-10-18 07:23:56,228 [Thread-9516] INFO  impl.RaftServerImpl (RaftServerImpl.java:setRole(184)) - 4dea926d-4bc6-487a-9b9b-9fd457d0fae4@group-0C9C3B2D0CC1: changes role from  FOLLOWER to CANDIDATE at term 58 for changeToCandidate
2019-10-18 07:23:56,228 [Thread-9516] INFO  impl.RoleInfo (RoleInfo.java:updateAndGet(143)) - 4dea926d-4bc6-487a-9b9b-9fd457d0fae4: start LeaderElection
2019-10-18 07:23:56,250 [4dea926d-4bc6-487a-9b9b-9fd457d0fae4@group-0C9C3B2D0CC1-LeaderElection1054] INFO  impl.LeaderElection (LeaderElection.java:askForVotes(178)) - 4dea926d-4bc6-487a-9b9b-9fd457d0fae4@group-0C9C3B2D0CC1-LeaderElection1054: begin an election at term 59 for -1: [6633f50a-7046-4b08-9937-8e25f1b14b15:192.168.34.25:39338, 67270882-100a-4e75-928d-618d17e069c8:192.168.34.25:36648, 4dea926d-4bc6-487a-9b9b-9fd457d0fae4:192.168.34.25:41624], old=null
2019-10-18 07:23:56,251 [grpc-default-executor-17] INFO  impl.RaftServerImpl (RaftServerImpl.java:setRole(184)) - 6633f50a-7046-4b08-9937-8e25f1b14b15@group-0C9C3B2D0CC1: changes role from  FOLLOWER to FOLLOWER at term 59 for recognizeCandidate:4dea926d-4bc6-487a-9b9b-9fd457d0fae4
2019-10-18 07:23:56,251 [grpc-default-executor-17] INFO  impl.RoleInfo (RoleInfo.java:shutdownFollowerState(121)) - 6633f50a-7046-4b08-9937-8e25f1b14b15: shutdown FollowerState
2019-10-18 07:23:56,251 [grpc-default-executor-4] INFO  impl.RaftServerImpl (RaftServerImpl.java:setRole(184)) - 67270882-100a-4e75-928d-618d17e069c8@group-0C9C3B2D0CC1: changes role from  FOLLOWER to FOLLOWER at term 59 for recognizeCandidate:4dea926d-4bc6-487a-9b9b-9fd457d0fae4
2019-10-18 07:23:56,251 [grpc-default-executor-4] INFO  impl.RoleInfo (RoleInfo.java:shutdownFollowerState(121)) - 67270882-100a-4e75-928d-618d17e069c8: shutdown FollowerState
2019-10-18 07:23:56,251 [Thread-9514] INFO  impl.FollowerState (FollowerState.java:run(117)) - 6633f50a-7046-4b08-9937-8e25f1b14b15@group-0C9C3B2D0CC1-FollowerState was interrupted: java.lang.InterruptedException: sleep interrupted
2019-10-18 07:23:56,251 [grpc-default-executor-17] INFO  impl.RoleInfo (RoleInfo.java:updateAndGet(143)) - 6633f50a-7046-4b08-9937-8e25f1b14b15: start FollowerState
2019-10-18 07:23:56,252 [Thread-9515] INFO  impl.FollowerState (FollowerState.java:run(117)) - 67270882-100a-4e75-928d-618d17e069c8@group-0C9C3B2D0CC1-FollowerState was interrupted: java.lang.InterruptedException: sleep interrupted
2019-10-18 07:23:56,251 [grpc-default-executor-4] INFO  impl.RoleInfo (RoleInfo.java:updateAndGet(143)) - 67270882-100a-4e75-928d-618d17e069c8: start FollowerState
2019-10-18 07:23:56,276 [4dea926d-4bc6-487a-9b9b-9fd457d0fae4@group-0C9C3B2D0CC1-LeaderElection1054] INFO  impl.LeaderElection (LeaderElection.java:logAndReturn(56)) - 4dea926d-4bc6-487a-9b9b-9fd457d0fae4@group-0C9C3B2D0CC1-LeaderElection1054: Election REJECTED; received 2 response(s) [4dea926d-4bc6-487a-9b9b-9fd457d0fae4<-6633f50a-7046-4b08-9937-8e25f1b14b15#0:FAIL-t59, 4dea926d-4bc6-487a-9b9b-9fd457d0fae4<-67270882-100a-4e75-928d-618d17e069c8#0:FAIL-t59] and 0 exception(s); 4dea926d-4bc6-487a-9b9b-9fd457d0fae4@group-0C9C3B2D0CC1:t59, leader=null, voted=4dea926d-4bc6-487a-9b9b-9fd457d0fae4, raftlog=4dea926d-4bc6-487a-9b9b-9fd457d0fae4@group-0C9C3B2D0CC1-SegmentedRaftLog:OPENED:c-1,f-1,i0, conf=-1: [6633f50a-7046-4b08-9937-8e25f1b14b15:192.168.34.25:39338, 67270882-100a-4e75-928d-618d17e069c8:192.168.34.25:36648, 4dea926d-4bc6-487a-9b9b-9fd457d0fae4:192.168.34.25:41624], old=null
2019-10-18 07:23:56,276 [4dea926d-4bc6-487a-9b9b-9fd457d0fae4@group-0C9C3B2D0CC1-LeaderElection1054] INFO  impl.RaftServerImpl (RaftServerImpl.java:setRole(184)) - 4dea926d-4bc6-487a-9b9b-9fd457d0fae4@group-0C9C3B2D0CC1: changes role from CANDIDATE to FOLLOWER at term 59 for DISCOVERED_A_NEW_TERM
2019-10-18 07:23:56,276 [4dea926d-4bc6-487a-9b9b-9fd457d0fae4@group-0C9C3B2D0CC1-LeaderElection1054] INFO  impl.RoleInfo (RoleInfo.java:shutdownLeaderElection(134)) - 4dea926d-4bc6-487a-9b9b-9fd457d0fae4: shutdown LeaderElection
2019-10-18 07:23:56,276 [4dea926d-4bc6-487a-9b9b-9fd457d0fae4@group-0C9C3B2D0CC1-LeaderElection1054] INFO  impl.RoleInfo (RoleInfo.java:updateAndGet(143)) - 4dea926d-4bc6-487a-9b9b-9fd457d0fae4: start FollowerState
2019-10-18 07:23:56,293 [Thread-9522] INFO  impl.FollowerState (FollowerState.java:run(108)) - 12ad0800-05cb-443c-9fdd-fa1debf04523@group-BCB82A5C07F5-FollowerState: change to CANDIDATE, lastRpcTime:67ms, electionTimeout:67ms
2019-10-18 07:23:56,293 [Thread-9522] INFO  impl.RoleInfo (RoleInfo.java:shutdownFollowerState(121)) - 12ad0800-05cb-443c-9fdd-fa1debf04523: shutdown FollowerState
2019-10-18 07:23:56,293 [Thread-9522] INFO  impl.RaftServerImpl (RaftServerImpl.java:setRole(184)) - 12ad0800-05cb-443c-9fdd-fa1debf04523@group-BCB82A5C07F5: changes role from  FOLLOWER to CANDIDATE at term 67 for changeToCandidate
2019-10-18 07:23:56,293 [Thread-9522] INFO  impl.RoleInfo (RoleInfo.java:updateAndGet(143)) - 12ad0800-05cb-443c-9fdd-fa1debf04523: start LeaderElection
2019-10-18 07:23:56,336 [12ad0800-05cb-443c-9fdd-fa1debf04523@group-BCB82A5C07F5-LeaderElection1055] INFO  impl.LeaderElection (LeaderElection.java:askForVotes(178)) - 12ad0800-05cb-443c-9fdd-fa1debf04523@group-BCB82A5C07F5-LeaderElection1055: begin an election at term 68 for -1: [12ad0800-05cb-443c-9fdd-fa1debf04523:192.168.34.25:41155, 5170c5f3-8499-4b42-9321-85fc8a351f79:192.168.34.25:43074, 0b10a9fc-47eb-4a2b-b664-8273d9d17379:192.168.34.25:45248], old=null
2019-10-18 07:23:56,337 [grpc-default-executor-4] INFO  impl.RaftServerImpl (RaftServerImpl.java:setRole(184)) - 5170c5f3-8499-4b42-9321-85fc8a351f79@group-BCB82A5C07F5: changes role from  FOLLOWER to FOLLOWER at term 68 for recognizeCandidate:12ad0800-05cb-443c-9fdd-fa1debf04523
2019-10-18 07:23:56,337 [grpc-default-executor-4] INFO  impl.RoleInfo (RoleInfo.java:shutdownFollowerState(121)) - 5170c5f3-8499-4b42-9321-85fc8a351f79: shutdown FollowerState
2019-10-18 07:23:56,337 [grpc-default-executor-17] INFO  impl.RaftServerImpl (RaftServerImpl.java:setRole(184)) - 0b10a9fc-47eb-4a2b-b664-8273d9d17379@group-BCB82A5C07F5: changes role from  FOLLOWER to FOLLOWER at term 68 for recognizeCandidate:12ad0800-05cb-443c-9fdd-fa1debf04523
2019-10-18 07:23:56,338 [grpc-default-executor-17] INFO  impl.RoleInfo (RoleInfo.java:shutdownFollowerState(121)) - 0b10a9fc-47eb-4a2b-b664-8273d9d17379: shutdown FollowerState
2019-10-18 07:23:56,337 [Thread-9521] INFO  impl.FollowerState (FollowerState.java:run(117)) - 5170c5f3-8499-4b42-9321-85fc8a351f79@group-BCB82A5C07F5-FollowerState was interrupted: java.lang.InterruptedException: sleep interrupted
2019-10-18 07:23:56,337 [grpc-default-executor-4] INFO  impl.RoleInfo (RoleInfo.java:updateAndGet(143)) - 5170c5f3-8499-4b42-9321-85fc8a351f79: start FollowerState
2019-10-18 07:23:56,338 [Thread-9520] INFO  impl.FollowerState (FollowerState.java:run(117)) - 0b10a9fc-47eb-4a2b-b664-8273d9d17379@group-BCB82A5C07F5-FollowerState was interrupted: java.lang.InterruptedException: sleep interrupted
2019-10-18 07:23:56,338 [grpc-default-executor-17] INFO  impl.RoleInfo (RoleInfo.java:updateAndGet(143)) - 0b10a9fc-47eb-4a2b-b664-8273d9d17379: start FollowerState
2019-10-18 07:23:56,360 [12ad0800-05cb-443c-9fdd-fa1debf04523@group-BCB82A5C07F5-LeaderElection1055] INFO  impl.LeaderElection (LeaderElection.java:logAndReturn(56)) - 12ad0800-05cb-443c-9fdd-fa1debf04523@group-BCB82A5C07F5-LeaderElection1055: Election REJECTED; received 2 response(s) [12ad0800-05cb-443c-9fdd-fa1debf04523<-5170c5f3-8499-4b42-9321-85fc8a351f79#0:FAIL-t68, 12ad0800-05cb-443c-9fdd-fa1debf04523<-0b10a9fc-47eb-4a2b-b664-8273d9d17379#0:FAIL-t68] and 0 exception(s); 12ad0800-05cb-443c-9fdd-fa1debf04523@group-BCB82A5C07F5:t68, leader=null, voted=12ad0800-05cb-443c-9fdd-fa1debf04523, raftlog=12ad0800-05cb-443c-9fdd-fa1debf04523@group-BCB82A5C07F5-SegmentedRaftLog:OPENED:c-1,f-1,i0, conf=-1: [12ad0800-05cb-443c-9fdd-fa1debf04523:192.168.34.25:41155, 5170c5f3-8499-4b42-9321-85fc8a351f79:192.168.34.25:43074, 0b10a9fc-47eb-4a2b-b664-8273d9d17379:192.168.34.25:45248], old=null
2019-10-18 07:23:56,360 [12ad0800-05cb-443c-9fdd-fa1debf04523@group-BCB82A5C07F5-LeaderElection1055] INFO  impl.RaftServerImpl (RaftServerImpl.java:setRole(184)) - 12ad0800-05cb-443c-9fdd-fa1debf04523@group-BCB82A5C07F5: changes role from CANDIDATE to FOLLOWER at term 68 for DISCOVERED_A_NEW_TERM
2019-10-18 07:23:56,360 [12ad0800-05cb-443c-9fdd-fa1debf04523@group-BCB82A5C07F5-LeaderElection1055] INFO  impl.RoleInfo (RoleInfo.java:shutdownLeaderElection(134)) - 12ad0800-05cb-443c-9fdd-fa1debf04523: shutdown LeaderElection
2019-10-18 07:23:56,360 [12ad0800-05cb-443c-9fdd-fa1debf04523@group-BCB82A5C07F5-LeaderElection1055] INFO  impl.RoleInfo (RoleInfo.java:updateAndGet(143)) - 12ad0800-05cb-443c-9fdd-fa1debf04523: start FollowerState
2019-10-18 07:23:56,416 [Thread-9528] INFO  impl.FollowerState (FollowerState.java:run(108)) - 4dea926d-4bc6-487a-9b9b-9fd457d0fae4@group-0C9C3B2D0CC1-FollowerState: change to CANDIDATE, lastRpcTime:140ms, electionTimeout:140ms
2019-10-18 07:23:56,417 [Thread-9528] INFO  impl.RoleInfo (RoleInfo.java:shutdownFollowerState(121)) - 4dea926d-4bc6-487a-9b9b-9fd457d0fae4: shutdown FollowerState
2019-10-18 07:23:56,417 [Thread-9528] INFO  impl.RaftServerImpl (RaftServerImpl.java:setRole(184)) - 4dea926d-4bc6-487a-9b9b-9fd457d0fae4@group-0C9C3B2D0CC1: changes role from  FOLLOWER to CANDIDATE at term 59 for changeToCandidate
2019-10-18 07:23:56,417 [Thread-9528] INFO  impl.RoleInfo (RoleInfo.java:updateAndGet(143)) - 4dea926d-4bc6-487a-9b9b-9fd457d0fae4: start LeaderElection
2019-10-18 07:23:56,430 [Thread-9534] INFO  impl.FollowerState (FollowerState.java:run(108)) - 12ad0800-05cb-443c-9fdd-fa1debf04523@group-BCB82A5C07F5-FollowerState: change to CANDIDATE, lastRpcTime:69ms, electionTimeout:69ms
2019-10-18 07:23:56,430 [Thread-9534] INFO  impl.RoleInfo (RoleInfo.java:shutdownFollowerState(121)) - 12ad0800-05cb-443c-9fdd-fa1debf04523: shutdown FollowerState
2019-10-18 07:23:56,430 [Thread-9534] INFO  impl.RaftServerImpl (RaftServerImpl.java:setRole(184)) - 12ad0800-05cb-443c-9fdd-fa1debf04523@group-BCB82A5C07F5: changes role from  FOLLOWER to CANDIDATE at term 68 for changeToCandidate
2019-10-18 07:23:56,430 [Thread-9534] INFO  impl.RoleInfo (RoleInfo.java:updateAndGet(143)) - 12ad0800-05cb-443c-9fdd-fa1debf04523: start LeaderElection
2019-10-18 07:23:56,443 [4dea926d-4bc6-487a-9b9b-9fd457d0fae4@group-0C9C3B2D0CC1-LeaderElection1056] INFO  impl.LeaderElection (LeaderElection.java:askForVotes(178)) - 4dea926d-4bc6-487a-9b9b-9fd457d0fae4@group-0C9C3B2D0CC1-LeaderElection1056: begin an election at term 60 for -1: [6633f50a-7046-4b08-9937-8e25f1b14b15:192.168.34.25:39338, 67270882-100a-4e75-928d-618d17e069c8:192.168.34.25:36648, 4dea926d-4bc6-487a-9b9b-9fd457d0fae4:192.168.34.25:41624], old=null
2019-10-18 07:23:56,445 [grpc-default-executor-4] INFO  impl.RaftServerImpl (RaftServerImpl.java:setRole(184)) - 6633f50a-7046-4b08-9937-8e25f1b14b15@group-0C9C3B2D0CC1: changes role from  FOLLOWER to FOLLOWER at term 60 for recognizeCandidate:4dea926d-4bc6-487a-9b9b-9fd457d0fae4
2019-10-18 07:23:56,445 [grpc-default-executor-4] INFO  impl.RoleInfo (RoleInfo.java:shutdownFollowerState(121)) - 6633f50a-7046-4b08-9937-8e25f1b14b15: shutdown FollowerState
2019-10-18 07:23:56,445 [grpc-default-executor-17] INFO  impl.RaftServerImpl (RaftServerImpl.java:setRole(184)) - 67270882-100a-4e75-928d-618d17e069c8@group-0C9C3B2D0CC1: changes role from  FOLLOWER to FOLLOWER at term 60 for recognizeCandidate:4dea926d-4bc6-487a-9b9b-9fd457d0fae4
2019-10-18 07:23:56,445 [grpc-default-executor-17] INFO  impl.RoleInfo (RoleInfo.java:shutdownFollowerState(121)) - 67270882-100a-4e75-928d-618d17e069c8: shutdown FollowerState
2019-10-18 07:23:56,445 [Thread-9526] INFO  impl.FollowerState (FollowerState.java:run(117)) - 6633f50a-7046-4b08-9937-8e25f1b14b15@group-0C9C3B2D0CC1-FollowerState was interrupted: java.lang.InterruptedException: sleep interrupted
2019-10-18 07:23:56,445 [grpc-default-executor-4] INFO  impl.RoleInfo (RoleInfo.java:updateAndGet(143)) - 6633f50a-7046-4b08-9937-8e25f1b14b15: start FollowerState
2019-10-18 07:23:56,445 [Thread-9527] INFO  impl.FollowerState (FollowerState.java:run(117)) - 67270882-100a-4e75-928d-618d17e069c8@group-0C9C3B2D0CC1-FollowerState was interrupted: java.lang.InterruptedException: sleep interrupted
2019-10-18 07:23:56,445 [grpc-default-executor-17] INFO  impl.RoleInfo (RoleInfo.java:updateAndGet(143)) - 67270882-100a-4e75-928d-618d17e069c8: start FollowerState
2019-10-18 07:23:56,461 [12ad0800-05cb-443c-9fdd-fa1debf04523@group-BCB82A5C07F5-LeaderElection1057] INFO  impl.LeaderElection (LeaderElection.java:askForVotes(178)) - 12ad0800-05cb-443c-9fdd-fa1debf04523@group-BCB82A5C07F5-LeaderElection1057: begin an election at term 69 for -1: [12ad0800-05cb-443c-9fdd-fa1debf04523:192.168.34.25:41155, 5170c5f3-8499-4b42-9321-85fc8a351f79:192.168.34.25:43074, 0b10a9fc-47eb-4a2b-b664-8273d9d17379:192.168.34.25:45248], old=null
2019-10-18 07:23:56,462 [grpc-default-executor-4] INFO  impl.RaftServerImpl (RaftServerImpl.java:setRole(184)) - 5170c5f3-8499-4b42-9321-85fc8a351f79@group-BCB82A5C07F5: changes role from  FOLLOWER to FOLLOWER at term 69 for recognizeCandidate:12ad0800-05cb-443c-9fdd-fa1debf04523
2019-10-18 07:23:56,462 [grpc-default-executor-4] INFO  impl.RoleInfo (RoleInfo.java:shutdownFollowerState(121)) - 5170c5f3-8499-4b42-9321-85fc8a351f79: shutdown FollowerState
2019-10-18 07:23:56,462 [grpc-default-executor-14] INFO  impl.RaftServerImpl (RaftServerImpl.java:setRole(184)) - 0b10a9fc-47eb-4a2b-b664-8273d9d17379@group-BCB82A5C07F5: changes role from  FOLLOWER to FOLLOWER at term 69 for recognizeCandidate:12ad0800-05cb-443c-9fdd-fa1debf04523
2019-10-18 07:23:56,462 [grpc-default-executor-14] INFO  impl.RoleInfo (RoleInfo.java:shutdownFollowerState(121)) - 0b10a9fc-47eb-4a2b-b664-8273d9d17379: shutdown FollowerState
2019-10-18 07:23:56,462 [Thread-9532] INFO  impl.FollowerState (FollowerState.java:run(117)) - 5170c5f3-8499-4b42-9321-85fc8a351f79@group-BCB82A5C07F5-FollowerState was interrupted: java.lang.InterruptedException: sleep interrupted
2019-10-18 07:23:56,462 [grpc-default-executor-4] INFO  impl.RoleInfo (RoleInfo.java:updateAndGet(143)) - 5170c5f3-8499-4b42-9321-85fc8a351f79: start FollowerState
2019-10-18 07:23:56,462 [Thread-9533] INFO  impl.FollowerState (FollowerState.java:run(117)) - 0b10a9fc-47eb-4a2b-b664-8273d9d17379@group-BCB82A5C07F5-FollowerState was interrupted: java.lang.InterruptedException: sleep interrupted
2019-10-18 07:23:56,462 [grpc-default-executor-14] INFO  impl.RoleInfo (RoleInfo.java:updateAndGet(143)) - 0b10a9fc-47eb-4a2b-b664-8273d9d17379: start FollowerState
2019-10-18 07:23:56,478 [4dea926d-4bc6-487a-9b9b-9fd457d0fae4@group-0C9C3B2D0CC1-LeaderElection1056] INFO  impl.LeaderElection (LeaderElection.java:logAndReturn(56)) - 4dea926d-4bc6-487a-9b9b-9fd457d0fae4@group-0C9C3B2D0CC1-LeaderElection1056: Election REJECTED; received 2 response(s) [4dea926d-4bc6-487a-9b9b-9fd457d0fae4<-6633f50a-7046-4b08-9937-8e25f1b14b15#0:FAIL-t60, 4dea926d-4bc6-487a-9b9b-9fd457d0fae4<-67270882-100a-4e75-928d-618d17e069c8#0:FAIL-t60] and 0 exception(s); 4dea926d-4bc6-487a-9b9b-9fd457d0fae4@group-0C9C3B2D0CC1:t60, leader=null, voted=4dea926d-4bc6-487a-9b9b-9fd457d0fae4, raftlog=4dea926d-4bc6-487a-9b9b-9fd457d0fae4@group-0C9C3B2D0CC1-SegmentedRaftLog:OPENED:c-1,f-1,i0, conf=-1: [6633f50a-7046-4b08-9937-8e25f1b14b15:192.168.34.25:39338, 67270882-100a-4e75-928d-618d17e069c8:192.168.34.25:36648, 4dea926d-4bc6-487a-9b9b-9fd457d0fae4:192.168.34.25:41624], old=null
2019-10-18 07:23:56,478 [4dea926d-4bc6-487a-9b9b-9fd457d0fae4@group-0C9C3B2D0CC1-LeaderElection1056] INFO  impl.RaftServerImpl (RaftServerImpl.java:setRole(184)) - 4dea926d-4bc6-487a-9b9b-9fd457d0fae4@group-0C9C3B2D0CC1: changes role from CANDIDATE to FOLLOWER at term 60 for DISCOVERED_A_NEW_TERM
2019-10-18 07:23:56,479 [4dea926d-4bc6-487a-9b9b-9fd457d0fae4@group-0C9C3B2D0CC1-LeaderElection1056] INFO  impl.RoleInfo (RoleInfo.java:shutdownLeaderElection(134)) - 4dea926d-4bc6-487a-9b9b-9fd457d0fae4: shutdown LeaderElection
2019-10-18 07:23:56,479 [4dea926d-4bc6-487a-9b9b-9fd457d0fae4@group-0C9C3B2D0CC1-LeaderElection1056] INFO  impl.RoleInfo (RoleInfo.java:updateAndGet(143)) - 4dea926d-4bc6-487a-9b9b-9fd457d0fae4: start FollowerState
2019-10-18 07:23:56,495 [12ad0800-05cb-443c-9fdd-fa1debf04523@group-BCB82A5C07F5-LeaderElection1057] INFO  impl.LeaderElection (LeaderElection.java:logAndReturn(56)) - 12ad0800-05cb-443c-9fdd-fa1debf04523@group-BCB82A5C07F5-LeaderElection1057: Election REJECTED; received 2 response(s) [12ad0800-05cb-443c-9fdd-fa1debf04523<-5170c5f3-8499-4b42-9321-85fc8a351f79#0:FAIL-t69, 12ad0800-05cb-443c-9fdd-fa1debf04523<-0b10a9fc-47eb-4a2b-b664-8273d9d17379#0:FAIL-t69] and 0 exception(s); 12ad0800-05cb-443c-9fdd-fa1debf04523@group-BCB82A5C07F5:t69, leader=null, voted=12ad0800-05cb-443c-9fdd-fa1debf04523, raftlog=12ad0800-05cb-443c-9fdd-fa1debf04523@group-BCB82A5C07F5-SegmentedRaftLog:OPENED:c-1,f-1,i0, conf=-1: [12ad0800-05cb-443c-9fdd-fa1debf04523:192.168.34.25:41155, 5170c5f3-8499-4b42-9321-85fc8a351f79:192.168.34.25:43074, 0b10a9fc-47eb-4a2b-b664-8273d9d17379:192.168.34.25:45248], old=null
2019-10-18 07:23:56,496 [12ad0800-05cb-443c-9fdd-fa1debf04523@group-BCB82A5C07F5-LeaderElection1057] INFO  impl.RaftServerImpl (RaftServerImpl.java:setRole(184)) - 12ad0800-05cb-443c-9fdd-fa1debf04523@group-BCB82A5C07F5: changes role from CANDIDATE to FOLLOWER at term 69 for DISCOVERED_A_NEW_TERM
2019-10-18 07:23:56,496 [12ad0800-05cb-443c-9fdd-fa1debf04523@group-BCB82A5C07F5-LeaderElection1057] INFO  impl.RoleInfo (RoleInfo.java:shutdownLeaderElection(134)) - 12ad0800-05cb-443c-9fdd-fa1debf04523: shutdown LeaderElection
2019-10-18 07:23:56,496 [12ad0800-05cb-443c-9fdd-fa1debf04523@group-BCB82A5C07F5-LeaderElection1057] INFO  impl.RoleInfo (RoleInfo.java:updateAndGet(143)) - 12ad0800-05cb-443c-9fdd-fa1debf04523: start FollowerState
2019-10-18 07:23:56,542 [Thread-9548] INFO  impl.FollowerState (FollowerState.java:run(108)) - 12ad0800-05cb-443c-9fdd-fa1debf04523@group-BCB82A5C07F5-FollowerState: change to CANDIDATE, lastRpcTime:46ms, electionTimeout:46ms
2019-10-18 07:23:56,542 [Thread-9548] INFO  impl.RoleInfo (RoleInfo.java:shutdownFollowerState(121)) - 12ad0800-05cb-443c-9fdd-fa1debf04523: shutdown FollowerState
2019-10-18 07:23:56,542 [Thread-9548] INFO  impl.RaftServerImpl (RaftServerImpl.java:setRole(184)) - 12ad0800-05cb-443c-9fdd-fa1debf04523@group-BCB82A5C07F5: changes role from  FOLLOWER to CANDIDATE at term 69 for changeToCandidate
2019-10-18 07:23:56,543 [Thread-9548] INFO  impl.RoleInfo (RoleInfo.java:updateAndGet(143)) - 12ad0800-05cb-443c-9fdd-fa1debf04523: start LeaderElection
2019-10-18 07:23:56,570 [12ad0800-05cb-443c-9fdd-fa1debf04523@group-BCB82A5C07F5-LeaderElection1058] INFO  impl.LeaderElection (LeaderElection.java:askForVotes(178)) - 12ad0800-05cb-443c-9fdd-fa1debf04523@group-BCB82A5C07F5-LeaderElection1058: begin an election at term 70 for -1: [12ad0800-05cb-443c-9fdd-fa1debf04523:192.168.34.25:41155, 5170c5f3-8499-4b42-9321-85fc8a351f79:192.168.34.25:43074, 0b10a9fc-47eb-4a2b-b664-8273d9d17379:192.168.34.25:45248], old=null
2019-10-18 07:23:56,572 [grpc-default-executor-4] INFO  impl.RaftServerImpl (RaftServerImpl.java:setRole(184)) - 5170c5f3-8499-4b42-9321-85fc8a351f79@group-BCB82A5C07F5: changes role from  FOLLOWER to FOLLOWER at term 70 for recognizeCandidate:12ad0800-05cb-443c-9fdd-fa1debf04523
2019-10-18 07:23:56,572 [grpc-default-executor-4] INFO  impl.RoleInfo (RoleInfo.java:shutdownFollowerState(121)) - 5170c5f3-8499-4b42-9321-85fc8a351f79: shutdown FollowerState
2019-10-18 07:23:56,572 [grpc-default-executor-14] INFO  impl.RaftServerImpl (RaftServerImpl.java:setRole(184)) - 0b10a9fc-47eb-4a2b-b664-8273d9d17379@group-BCB82A5C07F5: changes role from  FOLLOWER to FOLLOWER at term 70 for recognizeCandidate:12ad0800-05cb-443c-9fdd-fa1debf04523
2019-10-18 07:23:56,572 [grpc-default-executor-14] INFO  impl.RoleInfo (RoleInfo.java:shutdownFollowerState(121)) - 0b10a9fc-47eb-4a2b-b664-8273d9d17379: shutdown FollowerState
2019-10-18 07:23:56,572 [Thread-9543] INFO  impl.FollowerState (FollowerState.java:run(117)) - 5170c5f3-8499-4b42-9321-85fc8a351f79@group-BCB82A5C07F5-FollowerState was interrupted: java.lang.InterruptedException: sleep interrupted
2019-10-18 07:23:56,572 [grpc-default-executor-4] INFO  impl.RoleInfo (RoleInfo.java:updateAndGet(143)) - 5170c5f3-8499-4b42-9321-85fc8a351f79: start FollowerState
2019-10-18 07:23:56,572 [Thread-9544] INFO  impl.FollowerState (FollowerState.java:run(117)) - 0b10a9fc-47eb-4a2b-b664-8273d9d17379@group-BCB82A5C07F5-FollowerState was interrupted: java.lang.InterruptedException: sleep interrupted
2019-10-18 07:23:56,572 [grpc-default-executor-14] INFO  impl.RoleInfo (RoleInfo.java:updateAndGet(143)) - 0b10a9fc-47eb-4a2b-b664-8273d9d17379: start FollowerState
2019-10-18 07:23:56,606 [12ad0800-05cb-443c-9fdd-fa1debf04523@group-BCB82A5C07F5-LeaderElection1058] INFO  impl.LeaderElection (LeaderElection.java:logAndReturn(56)) - 12ad0800-05cb-443c-9fdd-fa1debf04523@group-BCB82A5C07F5-LeaderElection1058: Election REJECTED; received 2 response(s) [12ad0800-05cb-443c-9fdd-fa1debf04523<-5170c5f3-8499-4b42-9321-85fc8a351f79#0:FAIL-t70, 12ad0800-05cb-443c-9fdd-fa1debf04523<-0b10a9fc-47eb-4a2b-b664-8273d9d17379#0:FAIL-t70] and 0 exception(s); 12ad0800-05cb-443c-9fdd-fa1debf04523@group-BCB82A5C07F5:t70, leader=null, voted=12ad0800-05cb-443c-9fdd-fa1debf04523, raftlog=12ad0800-05cb-443c-9fdd-fa1debf04523@group-BCB82A5C07F5-SegmentedRaftLog:OPENED:c-1,f-1,i0, conf=-1: [12ad0800-05cb-443c-9fdd-fa1debf04523:192.168.34.25:41155, 5170c5f3-8499-4b42-9321-85fc8a351f79:192.168.34.25:43074, 0b10a9fc-47eb-4a2b-b664-8273d9d17379:192.168.34.25:45248], old=null
2019-10-18 07:23:56,606 [12ad0800-05cb-443c-9fdd-fa1debf04523@group-BCB82A5C07F5-LeaderElection1058] INFO  impl.RaftServerImpl (RaftServerImpl.java:setRole(184)) - 12ad0800-05cb-443c-9fdd-fa1debf04523@group-BCB82A5C07F5: changes role from CANDIDATE to FOLLOWER at term 70 for DISCOVERED_A_NEW_TERM
2019-10-18 07:23:56,606 [12ad0800-05cb-443c-9fdd-fa1debf04523@group-BCB82A5C07F5-LeaderElection1058] INFO  impl.RoleInfo (RoleInfo.java:shutdownLeaderElection(134)) - 12ad0800-05cb-443c-9fdd-fa1debf04523: shutdown LeaderElection
2019-10-18 07:23:56,606 [12ad0800-05cb-443c-9fdd-fa1debf04523@group-BCB82A5C07F5-LeaderElection1058] INFO  impl.RoleInfo (RoleInfo.java:updateAndGet(143)) - 12ad0800-05cb-443c-9fdd-fa1debf04523: start FollowerState
2019-10-18 07:23:56,630 [Thread-9555] INFO  impl.FollowerState (FollowerState.java:run(108)) - 12ad0800-05cb-443c-9fdd-fa1debf04523@group-BCB82A5C07F5-FollowerState: change to CANDIDATE, lastRpcTime:23ms, electionTimeout:13ms
2019-10-18 07:23:56,642 [Thread-9555] INFO  impl.RoleInfo (RoleInfo.java:shutdownFollowerState(121)) - 12ad0800-05cb-443c-9fdd-fa1debf04523: shutdown FollowerState
2019-10-18 07:23:56,642 [Thread-9555] INFO  impl.RaftServerImpl (RaftServerImpl.java:setRole(184)) - 12ad0800-05cb-443c-9fdd-fa1debf04523@group-BCB82A5C07F5: changes role from  FOLLOWER to CANDIDATE at term 70 for changeToCandidate
2019-10-18 07:23:56,646 [Thread-9555] INFO  impl.RoleInfo (RoleInfo.java:updateAndGet(143)) - 12ad0800-05cb-443c-9fdd-fa1debf04523: start LeaderElection
2019-10-18 07:23:56,672 [Thread-9545] INFO  impl.FollowerState (FollowerState.java:run(108)) - 4dea926d-4bc6-487a-9b9b-9fd457d0fae4@group-0C9C3B2D0CC1-FollowerState: change to CANDIDATE, lastRpcTime:193ms, electionTimeout:193ms
2019-10-18 07:23:56,672 [12ad0800-05cb-443c-9fdd-fa1debf04523@group-BCB82A5C07F5-LeaderElection1059] INFO  impl.LeaderElection (LeaderElection.java:askForVotes(178)) - 12ad0800-05cb-443c-9fdd-fa1debf04523@group-BCB82A5C07F5-LeaderElection1059: begin an election at term 71 for -1: [12ad0800-05cb-443c-9fdd-fa1debf04523:192.168.34.25:41155, 5170c5f3-8499-4b42-9321-85fc8a351f79:192.168.34.25:43074, 0b10a9fc-47eb-4a2b-b664-8273d9d17379:192.168.34.25:45248], old=null
2019-10-18 07:23:56,672 [Thread-9545] INFO  impl.RoleInfo (RoleInfo.java:shutdownFollowerState(121)) - 4dea926d-4bc6-487a-9b9b-9fd457d0fae4: shutdown FollowerState
2019-10-18 07:23:56,673 [Thread-9545] INFO  impl.RaftServerImpl (RaftServerImpl.java:setRole(184)) - 4dea926d-4bc6-487a-9b9b-9fd457d0fae4@group-0C9C3B2D0CC1: changes role from  FOLLOWER to CANDIDATE at term 60 for changeToCandidate
2019-10-18 07:23:56,673 [Thread-9545] INFO  impl.RoleInfo (RoleInfo.java:updateAndGet(143)) - 4dea926d-4bc6-487a-9b9b-9fd457d0fae4: start LeaderElection
2019-10-18 07:23:56,674 [grpc-default-executor-17] INFO  impl.RaftServerImpl (RaftServerImpl.java:setRole(184)) - 5170c5f3-8499-4b42-9321-85fc8a351f79@group-BCB82A5C07F5: changes role from  FOLLOWER to FOLLOWER at term 71 for recognizeCandidate:12ad0800-05cb-443c-9fdd-fa1debf04523
2019-10-18 07:23:56,674 [grpc-default-executor-17] INFO  impl.RoleInfo (RoleInfo.java:shutdownFollowerState(121)) - 5170c5f3-8499-4b42-9321-85fc8a351f79: shutdown FollowerState
2019-10-18 07:23:56,674 [grpc-default-executor-4] INFO  impl.RaftServerImpl (RaftServerImpl.java:setRole(184)) - 0b10a9fc-47eb-4a2b-b664-8273d9d17379@group-BCB82A5C07F5: changes role from  FOLLOWER to FOLLOWER at term 71 for recognizeCandidate:12ad0800-05cb-443c-9fdd-fa1debf04523
2019-10-18 07:23:56,674 [grpc-default-executor-4] INFO  impl.RoleInfo (RoleInfo.java:shutdownFollowerState(121)) - 0b10a9fc-47eb-4a2b-b664-8273d9d17379: shutdown FollowerState
2019-10-18 07:23:56,674 [Thread-9552] INFO  impl.FollowerState (FollowerState.java:run(117)) - 5170c5f3-8499-4b42-9321-85fc8a351f79@group-BCB82A5C07F5-FollowerState was interrupted: java.lang.InterruptedException: sleep interrupted
2019-10-18 07:23:56,675 [Thread-9553] INFO  impl.FollowerState (FollowerState.java:run(117)) - 0b10a9fc-47eb-4a2b-b664-8273d9d17379@group-BCB82A5C07F5-FollowerState was interrupted: java.lang.InterruptedException: sleep interrupted
2019-10-18 07:23:56,674 [grpc-default-executor-17] INFO  impl.RoleInfo (RoleInfo.java:updateAndGet(143)) - 5170c5f3-8499-4b42-9321-85fc8a351f79: start FollowerState
2019-10-18 07:23:56,674 [grpc-default-executor-4] INFO  impl.RoleInfo (RoleInfo.java:updateAndGet(143)) - 0b10a9fc-47eb-4a2b-b664-8273d9d17379: start FollowerState
2019-10-18 07:23:56,698 [4dea926d-4bc6-487a-9b9b-9fd457d0fae4@group-0C9C3B2D0CC1-LeaderElection1060] INFO  impl.LeaderElection (LeaderElection.java:askForVotes(178)) - 4dea926d-4bc6-487a-9b9b-9fd457d0fae4@group-0C9C3B2D0CC1-LeaderElection1060: begin an election at term 61 for -1: [6633f50a-7046-4b08-9937-8e25f1b14b15:192.168.34.25:39338, 67270882-100a-4e75-928d-618d17e069c8:192.168.34.25:36648, 4dea926d-4bc6-487a-9b9b-9fd457d0fae4:192.168.34.25:41624], old=null
2019-10-18 07:23:56,698 [12ad0800-05cb-443c-9fdd-fa1debf04523@group-BCB82A5C07F5-LeaderElection1059] INFO  impl.LeaderElection (LeaderElection.java:logAndReturn(56)) - 12ad0800-05cb-443c-9fdd-fa1debf04523@group-BCB82A5C07F5-LeaderElection1059: Election REJECTED; received 2 response(s) [12ad0800-05cb-443c-9fdd-fa1debf04523<-5170c5f3-8499-4b42-9321-85fc8a351f79#0:FAIL-t71, 12ad0800-05cb-443c-9fdd-fa1debf04523<-0b10a9fc-47eb-4a2b-b664-8273d9d17379#0:FAIL-t71] and 0 exception(s); 12ad0800-05cb-443c-9fdd-fa1debf04523@group-BCB82A5C07F5:t71, leader=null, voted=12ad0800-05cb-443c-9fdd-fa1debf04523, raftlog=12ad0800-05cb-443c-9fdd-fa1debf04523@group-BCB82A5C07F5-SegmentedRaftLog:OPENED:c-1,f-1,i0, conf=-1: [12ad0800-05cb-443c-9fdd-fa1debf04523:192.168.34.25:41155, 5170c5f3-8499-4b42-9321-85fc8a351f79:192.168.34.25:43074, 0b10a9fc-47eb-4a2b-b664-8273d9d17379:192.168.34.25:45248], old=null
2019-10-18 07:23:56,699 [12ad0800-05cb-443c-9fdd-fa1debf04523@group-BCB82A5C07F5-LeaderElection1059] INFO  impl.RaftServerImpl (RaftServerImpl.java:setRole(184)) - 12ad0800-05cb-443c-9fdd-fa1debf04523@group-BCB82A5C07F5: changes role from CANDIDATE to FOLLOWER at term 71 for DISCOVERED_A_NEW_TERM
2019-10-18 07:23:56,699 [12ad0800-05cb-443c-9fdd-fa1debf04523@group-BCB82A5C07F5-LeaderElection1059] INFO  impl.RoleInfo (RoleInfo.java:shutdownLeaderElection(134)) - 12ad0800-05cb-443c-9fdd-fa1debf04523: shutdown LeaderElection
2019-10-18 07:23:56,699 [12ad0800-05cb-443c-9fdd-fa1debf04523@group-BCB82A5C07F5-LeaderElection1059] INFO  impl.RoleInfo (RoleInfo.java:updateAndGet(143)) - 12ad0800-05cb-443c-9fdd-fa1debf04523: start FollowerState
2019-10-18 07:23:56,699 [grpc-default-executor-17] INFO  impl.RaftServerImpl (RaftServerImpl.java:setRole(184)) - 6633f50a-7046-4b08-9937-8e25f1b14b15@group-0C9C3B2D0CC1: changes role from  FOLLOWER to FOLLOWER at term 61 for recognizeCandidate:4dea926d-4bc6-487a-9b9b-9fd457d0fae4
2019-10-18 07:23:56,699 [grpc-default-executor-17] INFO  impl.RoleInfo (RoleInfo.java:shutdownFollowerState(121)) - 6633f50a-7046-4b08-9937-8e25f1b14b15: shutdown FollowerState
2019-10-18 07:23:56,699 [grpc-default-executor-17] INFO  impl.RoleInfo (RoleInfo.java:updateAndGet(143)) - 6633f50a-7046-4b08-9937-8e25f1b14b15: start FollowerState
2019-10-18 07:23:56,699 [grpc-default-executor-4] INFO  impl.RaftServerImpl (RaftServerImpl.java:setRole(184)) - 67270882-100a-4e75-928d-618d17e069c8@group-0C9C3B2D0CC1: changes role from  FOLLOWER to FOLLOWER at term 61 for recognizeCandidate:4dea926d-4bc6-487a-9b9b-9fd457d0fae4
2019-10-18 07:23:56,700 [grpc-default-executor-4] INFO  impl.RoleInfo (RoleInfo.java:shutdownFollowerState(121)) - 67270882-100a-4e75-928d-618d17e069c8: shutdown FollowerState
2019-10-18 07:23:56,699 [Thread-9539] INFO  impl.FollowerState (FollowerState.java:run(117)) - 6633f50a-7046-4b08-9937-8e25f1b14b15@group-0C9C3B2D0CC1-FollowerState was interrupted: java.lang.InterruptedException: sleep interrupted
2019-10-18 07:23:56,700 [Thread-9540] INFO  impl.FollowerState (FollowerState.java:run(117)) - 67270882-100a-4e75-928d-618d17e069c8@group-0C9C3B2D0CC1-FollowerState was interrupted: java.lang.InterruptedException: sleep interrupted
2019-10-18 07:23:56,700 [grpc-default-executor-4] INFO  impl.RoleInfo (RoleInfo.java:updateAndGet(143)) - 67270882-100a-4e75-928d-618d17e069c8: start FollowerState
2019-10-18 07:23:56,724 [4dea926d-4bc6-487a-9b9b-9fd457d0fae4@group-0C9C3B2D0CC1-LeaderElection1060] INFO  impl.LeaderElection (LeaderElection.java:logAndReturn(56)) - 4dea926d-4bc6-487a-9b9b-9fd457d0fae4@group-0C9C3B2D0CC1-LeaderElection1060: Election REJECTED; received 2 response(s) [4dea926d-4bc6-487a-9b9b-9fd457d0fae4<-6633f50a-7046-4b08-9937-8e25f1b14b15#0:FAIL-t61, 4dea926d-4bc6-487a-9b9b-9fd457d0fae4<-67270882-100a-4e75-928d-618d17e069c8#0:FAIL-t61] and 0 exception(s); 4dea926d-4bc6-487a-9b9b-9fd457d0fae4@group-0C9C3B2D0CC1:t61, leader=null, voted=4dea926d-4bc6-487a-9b9b-9fd457d0fae4, raftlog=4dea926d-4bc6-487a-9b9b-9fd457d0fae4@group-0C9C3B2D0CC1-SegmentedRaftLog:OPENED:c-1,f-1,i0, conf=-1: [6633f50a-7046-4b08-9937-8e25f1b14b15:192.168.34.25:39338, 67270882-100a-4e75-928d-618d17e069c8:192.168.34.25:36648, 4dea926d-4bc6-487a-9b9b-9fd457d0fae4:192.168.34.25:41624], old=null
2019-10-18 07:23:56,724 [4dea926d-4bc6-487a-9b9b-9fd457d0fae4@group-0C9C3B2D0CC1-LeaderElection1060] INFO  impl.RaftServerImpl (RaftServerImpl.java:setRole(184)) - 4dea926d-4bc6-487a-9b9b-9fd457d0fae4@group-0C9C3B2D0CC1: changes role from CANDIDATE to FOLLOWER at term 61 for DISCOVERED_A_NEW_TERM
2019-10-18 07:23:56,724 [4dea926d-4bc6-487a-9b9b-9fd457d0fae4@group-0C9C3B2D0CC1-LeaderElection1060] INFO  impl.RoleInfo (RoleInfo.java:shutdownLeaderElection(134)) - 4dea926d-4bc6-487a-9b9b-9fd457d0fae4: shutdown LeaderElection
2019-10-18 07:23:56,724 [4dea926d-4bc6-487a-9b9b-9fd457d0fae4@group-0C9C3B2D0CC1-LeaderElection1060] INFO  impl.RoleInfo (RoleInfo.java:updateAndGet(143)) - 4dea926d-4bc6-487a-9b9b-9fd457d0fae4: start FollowerState
2019-10-18 07:23:56,805 [Thread-9568] INFO  impl.FollowerState (FollowerState.java:run(108)) - 4dea926d-4bc6-487a-9b9b-9fd457d0fae4@group-0C9C3B2D0CC1-FollowerState: change to CANDIDATE, lastRpcTime:80ms, electionTimeout:80ms
2019-10-18 07:23:56,805 [Thread-9568] INFO  impl.RoleInfo (RoleInfo.java:shutdownFollowerState(121)) - 4dea926d-4bc6-487a-9b9b-9fd457d0fae4: shutdown FollowerState
2019-10-18 07:23:56,805 [Thread-9568] INFO  impl.RaftServerImpl (RaftServerImpl.java:setRole(184)) - 4dea926d-4bc6-487a-9b9b-9fd457d0fae4@group-0C9C3B2D0CC1: changes role from  FOLLOWER to CANDIDATE at term 61 for changeToCandidate
2019-10-18 07:23:56,805 [Thread-9568] INFO  impl.RoleInfo (RoleInfo.java:updateAndGet(143)) - 4dea926d-4bc6-487a-9b9b-9fd457d0fae4: start LeaderElection
2019-10-18 07:23:56,827 [Thread-9565] INFO  impl.FollowerState (FollowerState.java:run(108)) - 12ad0800-05cb-443c-9fdd-fa1debf04523@group-BCB82A5C07F5-FollowerState: change to CANDIDATE, lastRpcTime:128ms, electionTimeout:128ms
2019-10-18 07:23:56,827 [Thread-9565] INFO  impl.RoleInfo (RoleInfo.java:shutdownFollowerState(121)) - 12ad0800-05cb-443c-9fdd-fa1debf04523: shutdown FollowerState
2019-10-18 07:23:56,828 [Thread-9565] INFO  impl.RaftServerImpl (RaftServerImpl.java:setRole(184)) - 12ad0800-05cb-443c-9fdd-fa1debf04523@group-BCB82A5C07F5: changes role from  FOLLOWER to CANDIDATE at term 71 for changeToCandidate
2019-10-18 07:23:56,828 [Thread-9565] INFO  impl.RoleInfo (RoleInfo.java:updateAndGet(143)) - 12ad0800-05cb-443c-9fdd-fa1debf04523: start LeaderElection
2019-10-18 07:23:56,832 [4dea926d-4bc6-487a-9b9b-9fd457d0fae4@group-0C9C3B2D0CC1-LeaderElection1061] INFO  impl.LeaderElection (LeaderElection.java:askForVotes(178)) - 4dea926d-4bc6-487a-9b9b-9fd457d0fae4@group-0C9C3B2D0CC1-LeaderElection1061: begin an election at term 62 for -1: [6633f50a-7046-4b08-9937-8e25f1b14b15:192.168.34.25:39338, 67270882-100a-4e75-928d-618d17e069c8:192.168.34.25:36648, 4dea926d-4bc6-487a-9b9b-9fd457d0fae4:192.168.34.25:41624], old=null
2019-10-18 07:23:56,834 [grpc-default-executor-4] INFO  impl.RaftServerImpl (RaftServerImpl.java:setRole(184)) - 6633f50a-7046-4b08-9937-8e25f1b14b15@group-0C9C3B2D0CC1: changes role from  FOLLOWER to FOLLOWER at term 62 for recognizeCandidate:4dea926d-4bc6-487a-9b9b-9fd457d0fae4
2019-10-18 07:23:56,834 [grpc-default-executor-4] INFO  impl.RoleInfo (RoleInfo.java:shutdownFollowerState(121)) - 6633f50a-7046-4b08-9937-8e25f1b14b15: shutdown FollowerState
2019-10-18 07:23:56,834 [grpc-default-executor-17] INFO  impl.RaftServerImpl (RaftServerImpl.java:setRole(184)) - 67270882-100a-4e75-928d-618d17e069c8@group-0C9C3B2D0CC1: changes role from  FOLLOWER to FOLLOWER at term 62 for recognizeCandidate:4dea926d-4bc6-487a-9b9b-9fd457d0fae4
2019-10-18 07:23:56,834 [grpc-default-executor-17] INFO  impl.RoleInfo (RoleInfo.java:shutdownFollowerState(121)) - 67270882-100a-4e75-928d-618d17e069c8: shutdown FollowerState
2019-10-18 07:23:56,834 [Thread-9566] INFO  impl.FollowerState (FollowerState.java:run(117)) - 6633f50a-7046-4b08-9937-8e25f1b14b15@group-0C9C3B2D0CC1-FollowerState was interrupted: java.lang.InterruptedException: sleep interrupted
2019-10-18 07:23:56,834 [grpc-default-executor-4] INFO  impl.RoleInfo (RoleInfo.java:updateAndGet(143)) - 6633f50a-7046-4b08-9937-8e25f1b14b15: start FollowerState
2019-10-18 07:23:56,834 [Thread-9567] INFO  impl.FollowerState (FollowerState.java:run(117)) - 67270882-100a-4e75-928d-618d17e069c8@group-0C9C3B2D0CC1-FollowerState was interrupted: java.lang.InterruptedException: sleep interrupted
2019-10-18 07:23:56,834 [grpc-default-executor-17] INFO  impl.RoleInfo (RoleInfo.java:updateAndGet(143)) - 67270882-100a-4e75-928d-618d17e069c8: start FollowerState
2019-10-18 07:23:56,858 [12ad0800-05cb-443c-9fdd-fa1debf04523@group-BCB82A5C07F5-LeaderElection1062] INFO  impl.LeaderElection (LeaderElection.java:askForVotes(178)) - 12ad0800-05cb-443c-9fdd-fa1debf04523@group-BCB82A5C07F5-LeaderElection1062: begin an election at term 72 for -1: [12ad0800-05cb-443c-9fdd-fa1debf04523:192.168.34.25:41155, 5170c5f3-8499-4b42-9321-85fc8a351f79:192.168.34.25:43074, 0b10a9fc-47eb-4a2b-b664-8273d9d17379:192.168.34.25:45248], old=null
2019-10-18 07:23:56,858 [4dea926d-4bc6-487a-9b9b-9fd457d0fae4@group-0C9C3B2D0CC1-LeaderElection1061] INFO  impl.LeaderElection (LeaderElection.java:logAndReturn(56)) - 4dea926d-4bc6-487a-9b9b-9fd457d0fae4@group-0C9C3B2D0CC1-LeaderElection1061: Election REJECTED; received 2 response(s) [4dea926d-4bc6-487a-9b9b-9fd457d0fae4<-6633f50a-7046-4b08-9937-8e25f1b14b15#0:FAIL-t62, 4dea926d-4bc6-487a-9b9b-9fd457d0fae4<-67270882-100a-4e75-928d-618d17e069c8#0:FAIL-t62] and 0 exception(s); 4dea926d-4bc6-487a-9b9b-9fd457d0fae4@group-0C9C3B2D0CC1:t62, leader=null, voted=4dea926d-4bc6-487a-9b9b-9fd457d0fae4, raftlog=4dea926d-4bc6-487a-9b9b-9fd457d0fae4@group-0C9C3B2D0CC1-SegmentedRaftLog:OPENED:c-1,f-1,i0, conf=-1: [6633f50a-7046-4b08-9937-8e25f1b14b15:192.168.34.25:39338, 67270882-100a-4e75-928d-618d17e069c8:192.168.34.25:36648, 4dea926d-4bc6-487a-9b9b-9fd457d0fae4:192.168.34.25:41624], old=null
2019-10-18 07:23:56,858 [4dea926d-4bc6-487a-9b9b-9fd457d0fae4@group-0C9C3B2D0CC1-LeaderElection1061] INFO  impl.RaftServerImpl (RaftServerImpl.java:setRole(184)) - 4dea926d-4bc6-487a-9b9b-9fd457d0fae4@group-0C9C3B2D0CC1: changes role from CANDIDATE to FOLLOWER at term 62 for DISCOVERED_A_NEW_TERM
2019-10-18 07:23:56,858 [4dea926d-4bc6-487a-9b9b-9fd457d0fae4@group-0C9C3B2D0CC1-LeaderElection1061] INFO  impl.RoleInfo (RoleInfo.java:shutdownLeaderElection(134)) - 4dea926d-4bc6-487a-9b9b-9fd457d0fae4: shutdown LeaderElection
2019-10-18 07:23:56,859 [4dea926d-4bc6-487a-9b9b-9fd457d0fae4@group-0C9C3B2D0CC1-LeaderElection1061] INFO  impl.RoleInfo (RoleInfo.java:updateAndGet(143)) - 4dea926d-4bc6-487a-9b9b-9fd457d0fae4: start FollowerState
2019-10-18 07:23:56,859 [grpc-default-executor-4] INFO  impl.RaftServerImpl (RaftServerImpl.java:setRole(184)) - 5170c5f3-8499-4b42-9321-85fc8a351f79@group-BCB82A5C07F5: changes role from  FOLLOWER to FOLLOWER at term 72 for recognizeCandidate:12ad0800-05cb-443c-9fdd-fa1debf04523
2019-10-18 07:23:56,859 [grpc-default-executor-4] INFO  impl.RoleInfo (RoleInfo.java:shutdownFollowerState(121)) - 5170c5f3-8499-4b42-9321-85fc8a351f79: shutdown FollowerState
2019-10-18 07:23:56,859 [grpc-default-executor-4] INFO  impl.RoleInfo (RoleInfo.java:updateAndGet(143)) - 5170c5f3-8499-4b42-9321-85fc8a351f79: start FollowerState
2019-10-18 07:23:56,859 [Thread-9561] INFO  impl.FollowerState (FollowerState.java:run(117)) - 5170c5f3-8499-4b42-9321-85fc8a351f79@group-BCB82A5C07F5-FollowerState was interrupted: java.lang.InterruptedException: sleep interrupted
2019-10-18 07:23:56,859 [grpc-default-executor-17] INFO  impl.RaftServerImpl (RaftServerImpl.java:setRole(184)) - 0b10a9fc-47eb-4a2b-b664-8273d9d17379@group-BCB82A5C07F5: changes role from  FOLLOWER to FOLLOWER at term 72 for recognizeCandidate:12ad0800-05cb-443c-9fdd-fa1debf04523
2019-10-18 07:23:56,860 [grpc-default-executor-17] INFO  impl.RoleInfo (RoleInfo.java:shutdownFollowerState(121)) - 0b10a9fc-47eb-4a2b-b664-8273d9d17379: shutdown FollowerState
2019-10-18 07:23:56,860 [grpc-default-executor-17] INFO  impl.RoleInfo (RoleInfo.java:updateAndGet(143)) - 0b10a9fc-47eb-4a2b-b664-8273d9d17379: start FollowerState
2019-10-18 07:23:56,860 [Thread-9562] INFO  impl.FollowerState (FollowerState.java:run(117)) - 0b10a9fc-47eb-4a2b-b664-8273d9d17379@group-BCB82A5C07F5-FollowerState was interrupted: java.lang.InterruptedException: sleep interrupted
2019-10-18 07:23:56,892 [12ad0800-05cb-443c-9fdd-fa1debf04523@group-BCB82A5C07F5-LeaderElection1062] INFO  impl.LeaderElection (LeaderElection.java:logAndReturn(56)) - 12ad0800-05cb-443c-9fdd-fa1debf04523@group-BCB82A5C07F5-LeaderElection1062: Election REJECTED; received 2 response(s) [12ad0800-05cb-443c-9fdd-fa1debf04523<-5170c5f3-8499-4b42-9321-85fc8a351f79#0:FAIL-t72, 12ad0800-05cb-443c-9fdd-fa1debf04523<-0b10a9fc-47eb-4a2b-b664-8273d9d17379#0:FAIL-t72] and 0 exception(s); 12ad0800-05cb-443c-9fdd-fa1debf04523@group-BCB82A5C07F5:t72, leader=null, voted=12ad0800-05cb-443c-9fdd-fa1debf04523, raftlog=12ad0800-05cb-443c-9fdd-fa1debf04523@group-BCB82A5C07F5-SegmentedRaftLog:OPENED:c-1,f-1,i0, conf=-1: [12ad0800-05cb-443c-9fdd-fa1debf04523:192.168.34.25:41155, 5170c5f3-8499-4b42-9321-85fc8a351f79:192.168.34.25:43074, 0b10a9fc-47eb-4a2b-b664-8273d9d17379:192.168.34.25:45248], old=null
2019-10-18 07:23:56,892 [12ad0800-05cb-443c-9fdd-fa1debf04523@group-BCB82A5C07F5-LeaderElection1062] INFO  impl.RaftServerImpl (RaftServerImpl.java:setRole(184)) - 12ad0800-05cb-443c-9fdd-fa1debf04523@group-BCB82A5C07F5: changes role from CANDIDATE to FOLLOWER at term 72 for DISCOVERED_A_NEW_TERM
2019-10-18 07:23:56,892 [12ad0800-05cb-443c-9fdd-fa1debf04523@group-BCB82A5C07F5-LeaderElection1062] INFO  impl.RoleInfo (RoleInfo.java:shutdownLeaderElection(134)) - 12ad0800-05cb-443c-9fdd-fa1debf04523: shutdown LeaderElection
2019-10-18 07:23:56,892 [12ad0800-05cb-443c-9fdd-fa1debf04523@group-BCB82A5C07F5-LeaderElection1062] INFO  impl.RoleInfo (RoleInfo.java:updateAndGet(143)) - 12ad0800-05cb-443c-9fdd-fa1debf04523: start FollowerState
2019-10-18 07:23:56,962 [Thread-9580] INFO  impl.FollowerState (FollowerState.java:run(108)) - 12ad0800-05cb-443c-9fdd-fa1debf04523@group-BCB82A5C07F5-FollowerState: change to CANDIDATE, lastRpcTime:69ms, electionTimeout:69ms
2019-10-18 07:23:56,962 [Thread-9580] INFO  impl.RoleInfo (RoleInfo.java:shutdownFollowerState(121)) - 12ad0800-05cb-443c-9fdd-fa1debf04523: shutdown FollowerState
2019-10-18 07:23:56,962 [Thread-9580] INFO  impl.RaftServerImpl (RaftServerImpl.java:setRole(184)) - 12ad0800-05cb-443c-9fdd-fa1debf04523@group-BCB82A5C07F5: changes role from  FOLLOWER to CANDIDATE at term 72 for changeToCandidate
2019-10-18 07:23:56,962 [Thread-9580] INFO  impl.RoleInfo (RoleInfo.java:updateAndGet(143)) - 12ad0800-05cb-443c-9fdd-fa1debf04523: start LeaderElection
2019-10-18 07:23:56,964 [Thread-9577] INFO  impl.FollowerState (FollowerState.java:run(108)) - 4dea926d-4bc6-487a-9b9b-9fd457d0fae4@group-0C9C3B2D0CC1-FollowerState: change to CANDIDATE, lastRpcTime:105ms, electionTimeout:105ms
2019-10-18 07:23:56,964 [Thread-9577] INFO  impl.RoleInfo (RoleInfo.java:shutdownFollowerState(121)) - 4dea926d-4bc6-487a-9b9b-9fd457d0fae4: shutdown FollowerState
2019-10-18 07:23:56,964 [Thread-9577] INFO  impl.RaftServerImpl (RaftServerImpl.java:setRole(184)) - 4dea926d-4bc6-487a-9b9b-9fd457d0fae4@group-0C9C3B2D0CC1: changes role from  FOLLOWER to CANDIDATE at term 62 for changeToCandidate
2019-10-18 07:23:56,964 [Thread-9577] INFO  impl.RoleInfo (RoleInfo.java:updateAndGet(143)) - 4dea926d-4bc6-487a-9b9b-9fd457d0fae4: start LeaderElection
2019-10-18 07:23:56,992 [12ad0800-05cb-443c-9fdd-fa1debf04523@group-BCB82A5C07F5-LeaderElection1063] INFO  impl.LeaderElection (LeaderElection.java:askForVotes(178)) - 12ad0800-05cb-443c-9fdd-fa1debf04523@group-BCB82A5C07F5-LeaderElection1063: begin an election at term 73 for -1: [12ad0800-05cb-443c-9fdd-fa1debf04523:192.168.34.25:41155, 5170c5f3-8499-4b42-9321-85fc8a351f79:192.168.34.25:43074, 0b10a9fc-47eb-4a2b-b664-8273d9d17379:192.168.34.25:45248], old=null
2019-10-18 07:23:56,992 [4dea926d-4bc6-487a-9b9b-9fd457d0fae4@group-0C9C3B2D0CC1-LeaderElection1064] INFO  impl.LeaderElection (LeaderElection.java:askForVotes(178)) - 4dea926d-4bc6-487a-9b9b-9fd457d0fae4@group-0C9C3B2D0CC1-LeaderElection1064: begin an election at term 63 for -1: [6633f50a-7046-4b08-9937-8e25f1b14b15:192.168.34.25:39338, 67270882-100a-4e75-928d-618d17e069c8:192.168.34.25:36648, 4dea926d-4bc6-487a-9b9b-9fd457d0fae4:192.168.34.25:41624], old=null
2019-10-18 07:23:56,994 [grpc-default-executor-4] INFO  impl.RaftServerImpl (RaftServerImpl.java:setRole(184)) - 5170c5f3-8499-4b42-9321-85fc8a351f79@group-BCB82A5C07F5: changes role from  FOLLOWER to FOLLOWER at term 73 for recognizeCandidate:12ad0800-05cb-443c-9fdd-fa1debf04523
2019-10-18 07:23:56,994 [grpc-default-executor-14] INFO  impl.RaftServerImpl (RaftServerImpl.java:setRole(184)) - 67270882-100a-4e75-928d-618d17e069c8@group-0C9C3B2D0CC1: changes role from  FOLLOWER to FOLLOWER at term 63 for recognizeCandidate:4dea926d-4bc6-487a-9b9b-9fd457d0fae4
2019-10-18 07:23:56,994 [grpc-default-executor-11] INFO  impl.RaftServerImpl (RaftServerImpl.java:setRole(184)) - 6633f50a-7046-4b08-9937-8e25f1b14b15@group-0C9C3B2D0CC1: changes role from  FOLLOWER to FOLLOWER at term 63 for recognizeCandidate:4dea926d-4bc6-487a-9b9b-9fd457d0fae4
2019-10-18 07:23:56,994 [grpc-default-executor-17] INFO  impl.RaftServerImpl (RaftServerImpl.java:setRole(184)) - 0b10a9fc-47eb-4a2b-b664-8273d9d17379@group-BCB82A5C07F5: changes role from  FOLLOWER to FOLLOWER at term 73 for recognizeCandidate:12ad0800-05cb-443c-9fdd-fa1debf04523
2019-10-18 07:23:56,995 [grpc-default-executor-17] INFO  impl.RoleInfo (RoleInfo.java:shutdownFollowerState(121)) - 0b10a9fc-47eb-4a2b-b664-8273d9d17379: shutdown FollowerState
2019-10-18 07:23:56,994 [grpc-default-executor-11] INFO  impl.RoleInfo (RoleInfo.java:shutdownFollowerState(121)) - 6633f50a-7046-4b08-9937-8e25f1b14b15: shutdown FollowerState
2019-10-18 07:23:56,994 [grpc-default-executor-14] INFO  impl.RoleInfo (RoleInfo.java:shutdownFollowerState(121)) - 67270882-100a-4e75-928d-618d17e069c8: shutdown FollowerState
2019-10-18 07:23:56,994 [grpc-default-executor-4] INFO  impl.RoleInfo (RoleInfo.java:shutdownFollowerState(121)) - 5170c5f3-8499-4b42-9321-85fc8a351f79: shutdown FollowerState
2019-10-18 07:23:56,995 [Thread-9574] INFO  impl.FollowerState (FollowerState.java:run(117)) - 67270882-100a-4e75-928d-618d17e069c8@group-0C9C3B2D0CC1-FollowerState was interrupted: java.lang.InterruptedException: sleep interrupted
2019-10-18 07:23:56,995 [grpc-default-executor-14] INFO  impl.RoleInfo (RoleInfo.java:updateAndGet(143)) - 67270882-100a-4e75-928d-618d17e069c8: start FollowerState
2019-10-18 07:23:56,995 [Thread-9573] INFO  impl.FollowerState (FollowerState.java:run(117)) - 6633f50a-7046-4b08-9937-8e25f1b14b15@group-0C9C3B2D0CC1-FollowerState was interrupted: java.lang.InterruptedException: sleep interrupted
2019-10-18 07:23:56,995 [grpc-default-executor-11] INFO  impl.RoleInfo (RoleInfo.java:updateAndGet(143)) - 6633f50a-7046-4b08-9937-8e25f1b14b15: start FollowerState
2019-10-18 07:23:56,995 [Thread-9579] INFO  impl.FollowerState (FollowerState.java:run(117)) - 0b10a9fc-47eb-4a2b-b664-8273d9d17379@group-BCB82A5C07F5-FollowerState was interrupted: java.lang.InterruptedException: sleep interrupted
2019-10-18 07:23:56,995 [grpc-default-executor-17] INFO  impl.RoleInfo (RoleInfo.java:updateAndGet(143)) - 0b10a9fc-47eb-4a2b-b664-8273d9d17379: start FollowerState
2019-10-18 07:23:56,995 [grpc-default-executor-4] INFO  impl.RoleInfo (RoleInfo.java:updateAndGet(143)) - 5170c5f3-8499-4b42-9321-85fc8a351f79: start FollowerState
2019-10-18 07:23:56,995 [Thread-9578] INFO  impl.FollowerState (FollowerState.java:run(117)) - 5170c5f3-8499-4b42-9321-85fc8a351f79@group-BCB82A5C07F5-FollowerState was interrupted: java.lang.InterruptedException: sleep interrupted
2019-10-18 07:23:57,018 [12ad0800-05cb-443c-9fdd-fa1debf04523@group-BCB82A5C07F5-LeaderElection1063] INFO  impl.LeaderElection (LeaderElection.java:logAndReturn(56)) - 12ad0800-05cb-443c-9fdd-fa1debf04523@group-BCB82A5C07F5-LeaderElection1063: Election REJECTED; received 2 response(s) [12ad0800-05cb-443c-9fdd-fa1debf04523<-5170c5f3-8499-4b42-9321-85fc8a351f79#0:FAIL-t73, 12ad0800-05cb-443c-9fdd-fa1debf04523<-0b10a9fc-47eb-4a2b-b664-8273d9d17379#0:FAIL-t73] and 0 exception(s); 12ad0800-05cb-443c-9fdd-fa1debf04523@group-BCB82A5C07F5:t73, leader=null, voted=12ad0800-05cb-443c-9fdd-fa1debf04523, raftlog=12ad0800-05cb-443c-9fdd-fa1debf04523@group-BCB82A5C07F5-SegmentedRaftLog:OPENED:c-1,f-1,i0, conf=-1: [12ad0800-05cb-443c-9fdd-fa1debf04523:192.168.34.25:41155, 5170c5f3-8499-4b42-9321-85fc8a351f79:192.168.34.25:43074, 0b10a9fc-47eb-4a2b-b664-8273d9d17379:192.168.34.25:45248], old=null
2019-10-18 07:23:57,018 [4dea926d-4bc6-487a-9b9b-9fd457d0fae4@group-0C9C3B2D0CC1-LeaderElection1064] INFO  impl.LeaderElection (LeaderElection.java:logAndReturn(56)) - 4dea926d-4bc6-487a-9b9b-9fd457d0fae4@group-0C9C3B2D0CC1-LeaderElection1064: Election REJECTED; received 2 response(s) [4dea926d-4bc6-487a-9b9b-9fd457d0fae4<-6633f50a-7046-4b08-9937-8e25f1b14b15#0:FAIL-t63, 4dea926d-4bc6-487a-9b9b-9fd457d0fae4<-67270882-100a-4e75-928d-618d17e069c8#0:FAIL-t63] and 0 exception(s); 4dea926d-4bc6-487a-9b9b-9fd457d0fae4@group-0C9C3B2D0CC1:t63, leader=null, voted=4dea926d-4bc6-487a-9b9b-9fd457d0fae4, raftlog=4dea926d-4bc6-487a-9b9b-9fd457d0fae4@group-0C9C3B2D0CC1-SegmentedRaftLog:OPENED:c-1,f-1,i0, conf=-1: [6633f50a-7046-4b08-9937-8e25f1b14b15:192.168.34.25:39338, 67270882-100a-4e75-928d-618d17e069c8:192.168.34.25:36648, 4dea926d-4bc6-487a-9b9b-9fd457d0fae4:192.168.34.25:41624], old=null
2019-10-18 07:23:57,019 [12ad0800-05cb-443c-9fdd-fa1debf04523@group-BCB82A5C07F5-LeaderElection1063] INFO  impl.RaftServerImpl (RaftServerImpl.java:setRole(184)) - 12ad0800-05cb-443c-9fdd-fa1debf04523@group-BCB82A5C07F5: changes role from CANDIDATE to FOLLOWER at term 73 for DISCOVERED_A_NEW_TERM
2019-10-18 07:23:57,019 [4dea926d-4bc6-487a-9b9b-9fd457d0fae4@group-0C9C3B2D0CC1-LeaderElection1064] INFO  impl.RaftServerImpl (RaftServerImpl.java:setRole(184)) - 4dea926d-4bc6-487a-9b9b-9fd457d0fae4@group-0C9C3B2D0CC1: changes role from CANDIDATE to FOLLOWER at term 63 for DISCOVERED_A_NEW_TERM
2019-10-18 07:23:57,019 [12ad0800-05cb-443c-9fdd-fa1debf04523@group-BCB82A5C07F5-LeaderElection1063] INFO  impl.RoleInfo (RoleInfo.java:shutdownLeaderElection(134)) - 12ad0800-05cb-443c-9fdd-fa1debf04523: shutdown LeaderElection
2019-10-18 07:23:57,019 [4dea926d-4bc6-487a-9b9b-9fd457d0fae4@group-0C9C3B2D0CC1-LeaderElection1064] INFO  impl.RoleInfo (RoleInfo.java:shutdownLeaderElection(134)) - 4dea926d-4bc6-487a-9b9b-9fd457d0fae4: shutdown LeaderElection
2019-10-18 07:23:57,019 [12ad0800-05cb-443c-9fdd-fa1debf04523@group-BCB82A5C07F5-LeaderElection1063] INFO  impl.RoleInfo (RoleInfo.java:updateAndGet(143)) - 12ad0800-05cb-443c-9fdd-fa1debf04523: start FollowerState
2019-10-18 07:23:57,019 [4dea926d-4bc6-487a-9b9b-9fd457d0fae4@group-0C9C3B2D0CC1-LeaderElection1064] INFO  impl.RoleInfo (RoleInfo.java:updateAndGet(143)) - 4dea926d-4bc6-487a-9b9b-9fd457d0fae4: start FollowerState
2019-10-18 07:23:57,036 [Thread-9593] INFO  impl.FollowerState (FollowerState.java:run(108)) - 12ad0800-05cb-443c-9fdd-fa1debf04523@group-BCB82A5C07F5-FollowerState: change to CANDIDATE, lastRpcTime:16ms, electionTimeout:16ms
2019-10-18 07:23:57,036 [Thread-9593] INFO  impl.RoleInfo (RoleInfo.java:shutdownFollowerState(121)) - 12ad0800-05cb-443c-9fdd-fa1debf04523: shutdown FollowerState
2019-10-18 07:23:57,036 [Thread-9593] INFO  impl.RaftServerImpl (RaftServerImpl.java:setRole(184)) - 12ad0800-05cb-443c-9fdd-fa1debf04523@group-BCB82A5C07F5: changes role from  FOLLOWER to CANDIDATE at term 73 for changeToCandidate
2019-10-18 07:23:57,036 [Thread-9593] INFO  impl.RoleInfo (RoleInfo.java:updateAndGet(143)) - 12ad0800-05cb-443c-9fdd-fa1debf04523: start LeaderElection
2019-10-18 07:23:57,060 [12ad0800-05cb-443c-9fdd-fa1debf04523@group-BCB82A5C07F5-LeaderElection1065] INFO  impl.LeaderElection (LeaderElection.java:askForVotes(178)) - 12ad0800-05cb-443c-9fdd-fa1debf04523@group-BCB82A5C07F5-LeaderElection1065: begin an election at term 74 for -1: [12ad0800-05cb-443c-9fdd-fa1debf04523:192.168.34.25:41155, 5170c5f3-8499-4b42-9321-85fc8a351f79:192.168.34.25:43074, 0b10a9fc-47eb-4a2b-b664-8273d9d17379:192.168.34.25:45248], old=null
2019-10-18 07:23:57,062 [grpc-default-executor-14] INFO  impl.RaftServerImpl (RaftServerImpl.java:setRole(184)) - 0b10a9fc-47eb-4a2b-b664-8273d9d17379@group-BCB82A5C07F5: changes role from  FOLLOWER to FOLLOWER at term 74 for recognizeCandidate:12ad0800-05cb-443c-9fdd-fa1debf04523
2019-10-18 07:23:57,062 [grpc-default-executor-14] INFO  impl.RoleInfo (RoleInfo.java:shutdownFollowerState(121)) - 0b10a9fc-47eb-4a2b-b664-8273d9d17379: shutdown FollowerState
2019-10-18 07:23:57,062 [grpc-default-executor-4] INFO  impl.RaftServerImpl (RaftServerImpl.java:setRole(184)) - 5170c5f3-8499-4b42-9321-85fc8a351f79@group-BCB82A5C07F5: changes role from  FOLLOWER to FOLLOWER at term 74 for recognizeCandidate:12ad0800-05cb-443c-9fdd-fa1debf04523
2019-10-18 07:23:57,062 [grpc-default-executor-4] INFO  impl.RoleInfo (RoleInfo.java:shutdownFollowerState(121)) - 5170c5f3-8499-4b42-9321-85fc8a351f79: shutdown FollowerState
2019-10-18 07:23:57,062 [Thread-9587] INFO  impl.FollowerState (FollowerState.java:run(117)) - 0b10a9fc-47eb-4a2b-b664-8273d9d17379@group-BCB82A5C07F5-FollowerState was interrupted: java.lang.InterruptedException: sleep interrupted
2019-10-18 07:23:57,062 [grpc-default-executor-14] INFO  impl.RoleInfo (RoleInfo.java:updateAndGet(143)) - 0b10a9fc-47eb-4a2b-b664-8273d9d17379: start FollowerState
2019-10-18 07:23:57,062 [Thread-9590] INFO  impl.FollowerState (FollowerState.java:run(117)) - 5170c5f3-8499-4b42-9321-85fc8a351f79@group-BCB82A5C07F5-FollowerState was interrupted: java.lang.InterruptedException: sleep interrupted
2019-10-18 07:23:57,062 [grpc-default-executor-4] INFO  impl.RoleInfo (RoleInfo.java:updateAndGet(143)) - 5170c5f3-8499-4b42-9321-85fc8a351f79: start FollowerState
2019-10-18 07:23:57,086 [12ad0800-05cb-443c-9fdd-fa1debf04523@group-BCB82A5C07F5-LeaderElection1065] INFO  impl.LeaderElection (LeaderElection.java:logAndReturn(56)) - 12ad0800-05cb-443c-9fdd-fa1debf04523@group-BCB82A5C07F5-LeaderElection1065: Election REJECTED; received 2 response(s) [12ad0800-05cb-443c-9fdd-fa1debf04523<-5170c5f3-8499-4b42-9321-85fc8a351f79#0:FAIL-t74, 12ad0800-05cb-443c-9fdd-fa1debf04523<-0b10a9fc-47eb-4a2b-b664-8273d9d17379#0:FAIL-t74] and 0 exception(s); 12ad0800-05cb-443c-9fdd-fa1debf04523@group-BCB82A5C07F5:t74, leader=null, voted=12ad0800-05cb-443c-9fdd-fa1debf04523, raftlog=12ad0800-05cb-443c-9fdd-fa1debf04523@group-BCB82A5C07F5-SegmentedRaftLog:OPENED:c-1,f-1,i0, conf=-1: [12ad0800-05cb-443c-9fdd-fa1debf04523:192.168.34.25:41155, 5170c5f3-8499-4b42-9321-85fc8a351f79:192.168.34.25:43074, 0b10a9fc-47eb-4a2b-b664-8273d9d17379:192.168.34.25:45248], old=null
2019-10-18 07:23:57,086 [12ad0800-05cb-443c-9fdd-fa1debf04523@group-BCB82A5C07F5-LeaderElection1065] INFO  impl.RaftServerImpl (RaftServerImpl.java:setRole(184)) - 12ad0800-05cb-443c-9fdd-fa1debf04523@group-BCB82A5C07F5: changes role from CANDIDATE to FOLLOWER at term 74 for DISCOVERED_A_NEW_TERM
2019-10-18 07:23:57,086 [12ad0800-05cb-443c-9fdd-fa1debf04523@group-BCB82A5C07F5-LeaderElection1065] INFO  impl.RoleInfo (RoleInfo.java:shutdownLeaderElection(134)) - 12ad0800-05cb-443c-9fdd-fa1debf04523: shutdown LeaderElection
2019-10-18 07:23:57,086 [12ad0800-05cb-443c-9fdd-fa1debf04523@group-BCB82A5C07F5-LeaderElection1065] INFO  impl.RoleInfo (RoleInfo.java:updateAndGet(143)) - 12ad0800-05cb-443c-9fdd-fa1debf04523: start FollowerState
2019-10-18 07:23:57,107 [Thread-9594] INFO  impl.FollowerState (FollowerState.java:run(108)) - 4dea926d-4bc6-487a-9b9b-9fd457d0fae4@group-0C9C3B2D0CC1-FollowerState: change to CANDIDATE, lastRpcTime:87ms, electionTimeout:87ms
2019-10-18 07:23:57,107 [Thread-9594] INFO  impl.RoleInfo (RoleInfo.java:shutdownFollowerState(121)) - 4dea926d-4bc6-487a-9b9b-9fd457d0fae4: shutdown FollowerState
2019-10-18 07:23:57,107 [Thread-9594] INFO  impl.RaftServerImpl (RaftServerImpl.java:setRole(184)) - 4dea926d-4bc6-487a-9b9b-9fd457d0fae4@group-0C9C3B2D0CC1: changes role from  FOLLOWER to CANDIDATE at term 63 for changeToCandidate
2019-10-18 07:23:57,107 [Thread-9594] INFO  impl.RoleInfo (RoleInfo.java:updateAndGet(143)) - 4dea926d-4bc6-487a-9b9b-9fd457d0fae4: start LeaderElection
2019-10-18 07:23:57,136 [4dea926d-4bc6-487a-9b9b-9fd457d0fae4@group-0C9C3B2D0CC1-LeaderElection1066] INFO  impl.LeaderElection (LeaderElection.java:askForVotes(178)) - 4dea926d-4bc6-487a-9b9b-9fd457d0fae4@group-0C9C3B2D0CC1-LeaderElection1066: begin an election at term 64 for -1: [6633f50a-7046-4b08-9937-8e25f1b14b15:192.168.34.25:39338, 67270882-100a-4e75-928d-618d17e069c8:192.168.34.25:36648, 4dea926d-4bc6-487a-9b9b-9fd457d0fae4:192.168.34.25:41624], old=null
2019-10-18 07:23:57,137 [grpc-default-executor-4] INFO  impl.RaftServerImpl (RaftServerImpl.java:setRole(184)) - 6633f50a-7046-4b08-9937-8e25f1b14b15@group-0C9C3B2D0CC1: changes role from  FOLLOWER to FOLLOWER at term 64 for recognizeCandidate:4dea926d-4bc6-487a-9b9b-9fd457d0fae4
2019-10-18 07:23:57,137 [grpc-default-executor-14] INFO  impl.RaftServerImpl (RaftServerImpl.java:setRole(184)) - 67270882-100a-4e75-928d-618d17e069c8@group-0C9C3B2D0CC1: changes role from  FOLLOWER to FOLLOWER at term 64 for recognizeCandidate:4dea926d-4bc6-487a-9b9b-9fd457d0fae4
2019-10-18 07:23:57,137 [grpc-default-executor-14] INFO  impl.RoleInfo (RoleInfo.java:shutdownFollowerState(121)) - 67270882-100a-4e75-928d-618d17e069c8: shutdown FollowerState
2019-10-18 07:23:57,137 [grpc-default-executor-4] INFO  impl.RoleInfo (RoleInfo.java:shutdownFollowerState(121)) - 6633f50a-7046-4b08-9937-8e25f1b14b15: shutdown FollowerState
2019-10-18 07:23:57,138 [Thread-9589] INFO  impl.FollowerState (FollowerState.java:run(117)) - 67270882-100a-4e75-928d-618d17e069c8@group-0C9C3B2D0CC1-FollowerState was interrupted: java.lang.InterruptedException: sleep interrupted
2019-10-18 07:23:57,138 [grpc-default-executor-14] INFO  impl.RoleInfo (RoleInfo.java:updateAndGet(143)) - 67270882-100a-4e75-928d-618d17e069c8: start FollowerState
2019-10-18 07:23:57,138 [Thread-9588] INFO  impl.FollowerState (FollowerState.java:run(117)) - 6633f50a-7046-4b08-9937-8e25f1b14b15@group-0C9C3B2D0CC1-FollowerState was interrupted: java.lang.InterruptedException: sleep interrupted
2019-10-18 07:23:57,138 [grpc-default-executor-4] INFO  impl.RoleInfo (RoleInfo.java:updateAndGet(143)) - 6633f50a-7046-4b08-9937-8e25f1b14b15: start FollowerState
2019-10-18 07:23:57,154 [4dea926d-4bc6-487a-9b9b-9fd457d0fae4@group-0C9C3B2D0CC1-LeaderElection1066] INFO  impl.LeaderElection (LeaderElection.java:logAndReturn(56)) - 4dea926d-4bc6-487a-9b9b-9fd457d0fae4@group-0C9C3B2D0CC1-LeaderElection1066: Election REJECTED; received 2 response(s) [4dea926d-4bc6-487a-9b9b-9fd457d0fae4<-6633f50a-7046-4b08-9937-8e25f1b14b15#0:FAIL-t64, 4dea926d-4bc6-487a-9b9b-9fd457d0fae4<-67270882-100a-4e75-928d-618d17e069c8#0:FAIL-t64] and 0 exception(s); 4dea926d-4bc6-487a-9b9b-9fd457d0fae4@group-0C9C3B2D0CC1:t64, leader=null, voted=4dea926d-4bc6-487a-9b9b-9fd457d0fae4, raftlog=4dea926d-4bc6-487a-9b9b-9fd457d0fae4@group-0C9C3B2D0CC1-SegmentedRaftLog:OPENED:c-1,f-1,i0, conf=-1: [6633f50a-7046-4b08-9937-8e25f1b14b15:192.168.34.25:39338, 67270882-100a-4e75-928d-618d17e069c8:192.168.34.25:36648, 4dea926d-4bc6-487a-9b9b-9fd457d0fae4:192.168.34.25:41624], old=null
2019-10-18 07:23:57,154 [4dea926d-4bc6-487a-9b9b-9fd457d0fae4@group-0C9C3B2D0CC1-LeaderElection1066] INFO  impl.RaftServerImpl (RaftServerImpl.java:setRole(184)) - 4dea926d-4bc6-487a-9b9b-9fd457d0fae4@group-0C9C3B2D0CC1: changes role from CANDIDATE to FOLLOWER at term 64 for DISCOVERED_A_NEW_TERM
2019-10-18 07:23:57,154 [4dea926d-4bc6-487a-9b9b-9fd457d0fae4@group-0C9C3B2D0CC1-LeaderElection1066] INFO  impl.RoleInfo (RoleInfo.java:shutdownLeaderElection(134)) - 4dea926d-4bc6-487a-9b9b-9fd457d0fae4: shutdown LeaderElection
2019-10-18 07:23:57,154 [4dea926d-4bc6-487a-9b9b-9fd457d0fae4@group-0C9C3B2D0CC1-LeaderElection1066] INFO  impl.RoleInfo (RoleInfo.java:updateAndGet(143)) - 4dea926d-4bc6-487a-9b9b-9fd457d0fae4: start FollowerState
2019-10-18 07:23:57,166 [Thread-9600] INFO  impl.FollowerState (FollowerState.java:run(108)) - 12ad0800-05cb-443c-9fdd-fa1debf04523@group-BCB82A5C07F5-FollowerState: change to CANDIDATE, lastRpcTime:79ms, electionTimeout:79ms
2019-10-18 07:23:57,166 [Thread-9600] INFO  impl.RoleInfo (RoleInfo.java:shutdownFollowerState(121)) - 12ad0800-05cb-443c-9fdd-fa1debf04523: shutdown FollowerState
2019-10-18 07:23:57,166 [Thread-9600] INFO  impl.RaftServerImpl (RaftServerImpl.java:setRole(184)) - 12ad0800-05cb-443c-9fdd-fa1debf04523@group-BCB82A5C07F5: changes role from  FOLLOWER to CANDIDATE at term 74 for changeToCandidate
2019-10-18 07:23:57,166 [Thread-9600] INFO  impl.RoleInfo (RoleInfo.java:updateAndGet(143)) - 12ad0800-05cb-443c-9fdd-fa1debf04523: start LeaderElection
2019-10-18 07:23:57,187 [12ad0800-05cb-443c-9fdd-fa1debf04523@group-BCB82A5C07F5-LeaderElection1067] INFO  impl.LeaderElection (LeaderElection.java:askForVotes(178)) - 12ad0800-05cb-443c-9fdd-fa1debf04523@group-BCB82A5C07F5-LeaderElection1067: begin an election at term 75 for -1: [12ad0800-05cb-443c-9fdd-fa1debf04523:192.168.34.25:41155, 5170c5f3-8499-4b42-9321-85fc8a351f79:192.168.34.25:43074, 0b10a9fc-47eb-4a2b-b664-8273d9d17379:192.168.34.25:45248], old=null
2019-10-18 07:23:57,188 [grpc-default-executor-4] INFO  impl.RaftServerImpl (RaftServerImpl.java:setRole(184)) - 5170c5f3-8499-4b42-9321-85fc8a351f79@group-BCB82A5C07F5: changes role from  FOLLOWER to FOLLOWER at term 75 for recognizeCandidate:12ad0800-05cb-443c-9fdd-fa1debf04523
2019-10-18 07:23:57,188 [grpc-default-executor-4] INFO  impl.RoleInfo (RoleInfo.java:shutdownFollowerState(121)) - 5170c5f3-8499-4b42-9321-85fc8a351f79: shutdown FollowerState
2019-10-18 07:23:57,188 [12ad0800-05cb-443c-9fdd-fa1debf04523@group-BCB82A5C07F5-LeaderElection1067] INFO  impl.LeaderElection (LeaderElection.java:logAndReturn(56)) - 12ad0800-05cb-443c-9fdd-fa1debf04523@group-BCB82A5C07F5-LeaderElection1067: Election TIMEOUT; received 0 response(s) [] and 0 exception(s); 12ad0800-05cb-443c-9fdd-fa1debf04523@group-BCB82A5C07F5:t75, leader=null, voted=12ad0800-05cb-443c-9fdd-fa1debf04523, raftlog=12ad0800-05cb-443c-9fdd-fa1debf04523@group-BCB82A5C07F5-SegmentedRaftLog:OPENED:c-1,f-1,i0, conf=-1: [12ad0800-05cb-443c-9fdd-fa1debf04523:192.168.34.25:41155, 5170c5f3-8499-4b42-9321-85fc8a351f79:192.168.34.25:43074, 0b10a9fc-47eb-4a2b-b664-8273d9d17379:192.168.34.25:45248], old=null
2019-10-18 07:23:57,188 [grpc-default-executor-14] INFO  impl.RaftServerImpl (RaftServerImpl.java:setRole(184)) - 0b10a9fc-47eb-4a2b-b664-8273d9d17379@group-BCB82A5C07F5: changes role from  FOLLOWER to FOLLOWER at term 75 for recognizeCandidate:12ad0800-05cb-443c-9fdd-fa1debf04523
2019-10-18 07:23:57,188 [Thread-9599] INFO  impl.FollowerState (FollowerState.java:run(117)) - 5170c5f3-8499-4b42-9321-85fc8a351f79@group-BCB82A5C07F5-FollowerState was interrupted: java.lang.InterruptedException: sleep interrupted
2019-10-18 07:23:57,188 [grpc-default-executor-4] INFO  impl.RoleInfo (RoleInfo.java:updateAndGet(143)) - 5170c5f3-8499-4b42-9321-85fc8a351f79: start FollowerState
2019-10-18 07:23:57,189 [grpc-default-executor-14] INFO  impl.RoleInfo (RoleInfo.java:shutdownFollowerState(121)) - 0b10a9fc-47eb-4a2b-b664-8273d9d17379: shutdown FollowerState
2019-10-18 07:23:57,189 [grpc-default-executor-14] INFO  impl.RoleInfo (RoleInfo.java:updateAndGet(143)) - 0b10a9fc-47eb-4a2b-b664-8273d9d17379: start FollowerState
2019-10-18 07:23:57,189 [Thread-9598] INFO  impl.FollowerState (FollowerState.java:run(117)) - 0b10a9fc-47eb-4a2b-b664-8273d9d17379@group-BCB82A5C07F5-FollowerState was interrupted: java.lang.InterruptedException: sleep interrupted
2019-10-18 07:23:57,212 [12ad0800-05cb-443c-9fdd-fa1debf04523@group-BCB82A5C07F5-LeaderElection1067] INFO  impl.LeaderElection (LeaderElection.java:askForVotes(178)) - 12ad0800-05cb-443c-9fdd-fa1debf04523@group-BCB82A5C07F5-LeaderElection1067: begin an election at term 76 for -1: [12ad0800-05cb-443c-9fdd-fa1debf04523:192.168.34.25:41155, 5170c5f3-8499-4b42-9321-85fc8a351f79:192.168.34.25:43074, 0b10a9fc-47eb-4a2b-b664-8273d9d17379:192.168.34.25:45248], old=null
2019-10-18 07:23:57,213 [grpc-default-executor-4] INFO  impl.RaftServerImpl (RaftServerImpl.java:setRole(184)) - 5170c5f3-8499-4b42-9321-85fc8a351f79@group-BCB82A5C07F5: changes role from  FOLLOWER to FOLLOWER at term 76 for recognizeCandidate:12ad0800-05cb-443c-9fdd-fa1debf04523
2019-10-18 07:23:57,213 [grpc-default-executor-4] INFO  impl.RoleInfo (RoleInfo.java:shutdownFollowerState(121)) - 5170c5f3-8499-4b42-9321-85fc8a351f79: shutdown FollowerState
2019-10-18 07:23:57,214 [grpc-default-executor-4] INFO  impl.RoleInfo (RoleInfo.java:updateAndGet(143)) - 5170c5f3-8499-4b42-9321-85fc8a351f79: start FollowerState
2019-10-18 07:23:57,214 [Thread-9610] INFO  impl.FollowerState (FollowerState.java:run(117)) - 5170c5f3-8499-4b42-9321-85fc8a351f79@group-BCB82A5C07F5-FollowerState was interrupted: java.lang.InterruptedException: sleep interrupted
2019-10-18 07:23:57,214 [grpc-default-executor-14] INFO  impl.RaftServerImpl (RaftServerImpl.java:setRole(184)) - 0b10a9fc-47eb-4a2b-b664-8273d9d17379@group-BCB82A5C07F5: changes role from  FOLLOWER to FOLLOWER at term 76 for recognizeCandidate:12ad0800-05cb-443c-9fdd-fa1debf04523
2019-10-18 07:23:57,214 [grpc-default-executor-14] INFO  impl.RoleInfo (RoleInfo.java:shutdownFollowerState(121)) - 0b10a9fc-47eb-4a2b-b664-8273d9d17379: shutdown FollowerState
2019-10-18 07:23:57,214 [grpc-default-executor-14] INFO  impl.RoleInfo (RoleInfo.java:updateAndGet(143)) - 0b10a9fc-47eb-4a2b-b664-8273d9d17379: start FollowerState
2019-10-18 07:23:57,214 [Thread-9611] INFO  impl.FollowerState (FollowerState.java:run(117)) - 0b10a9fc-47eb-4a2b-b664-8273d9d17379@group-BCB82A5C07F5-FollowerState was interrupted: java.lang.InterruptedException: sleep interrupted
2019-10-18 07:23:57,226 [Thread-9606] INFO  impl.FollowerState (FollowerState.java:run(108)) - 4dea926d-4bc6-487a-9b9b-9fd457d0fae4@group-0C9C3B2D0CC1-FollowerState: change to CANDIDATE, lastRpcTime:72ms, electionTimeout:72ms
2019-10-18 07:23:57,226 [Thread-9606] INFO  impl.RoleInfo (RoleInfo.java:shutdownFollowerState(121)) - 4dea926d-4bc6-487a-9b9b-9fd457d0fae4: shutdown FollowerState
2019-10-18 07:23:57,226 [Thread-9606] INFO  impl.RaftServerImpl (RaftServerImpl.java:setRole(184)) - 4dea926d-4bc6-487a-9b9b-9fd457d0fae4@group-0C9C3B2D0CC1: changes role from  FOLLOWER to CANDIDATE at term 64 for changeToCandidate
2019-10-18 07:23:57,226 [Thread-9606] INFO  impl.RoleInfo (RoleInfo.java:updateAndGet(143)) - 4dea926d-4bc6-487a-9b9b-9fd457d0fae4: start LeaderElection
2019-10-18 07:23:57,238 [12ad0800-05cb-443c-9fdd-fa1debf04523@group-BCB82A5C07F5-LeaderElection1067] INFO  impl.LeaderElection (LeaderElection.java:logAndReturn(56)) - 12ad0800-05cb-443c-9fdd-fa1debf04523@group-BCB82A5C07F5-LeaderElection1067: Election REJECTED; received 2 response(s) [12ad0800-05cb-443c-9fdd-fa1debf04523<-5170c5f3-8499-4b42-9321-85fc8a351f79#0:FAIL-t76, 12ad0800-05cb-443c-9fdd-fa1debf04523<-0b10a9fc-47eb-4a2b-b664-8273d9d17379#0:FAIL-t76] and 0 exception(s); 12ad0800-05cb-443c-9fdd-fa1debf04523@group-BCB82A5C07F5:t76, leader=null, voted=12ad0800-05cb-443c-9fdd-fa1debf04523, raftlog=12ad0800-05cb-443c-9fdd-fa1debf04523@group-BCB82A5C07F5-SegmentedRaftLog:OPENED:c-1,f-1,i0, conf=-1: [12ad0800-05cb-443c-9fdd-fa1debf04523:192.168.34.25:41155, 5170c5f3-8499-4b42-9321-85fc8a351f79:192.168.34.25:43074, 0b10a9fc-47eb-4a2b-b664-8273d9d17379:192.168.34.25:45248], old=null
2019-10-18 07:23:57,238 [12ad0800-05cb-443c-9fdd-fa1debf04523@group-BCB82A5C07F5-LeaderElection1067] INFO  impl.RaftServerImpl (RaftServerImpl.java:setRole(184)) - 12ad0800-05cb-443c-9fdd-fa1debf04523@group-BCB82A5C07F5: changes role from CANDIDATE to FOLLOWER at term 76 for DISCOVERED_A_NEW_TERM
2019-10-18 07:23:57,238 [12ad0800-05cb-443c-9fdd-fa1debf04523@group-BCB82A5C07F5-LeaderElection1067] INFO  impl.RoleInfo (RoleInfo.java:shutdownLeaderElection(134)) - 12ad0800-05cb-443c-9fdd-fa1debf04523: shutdown LeaderElection
2019-10-18 07:23:57,238 [12ad0800-05cb-443c-9fdd-fa1debf04523@group-BCB82A5C07F5-LeaderElection1067] INFO  impl.RoleInfo (RoleInfo.java:updateAndGet(143)) - 12ad0800-05cb-443c-9fdd-fa1debf04523: start FollowerState
2019-10-18 07:23:57,256 [4dea926d-4bc6-487a-9b9b-9fd457d0fae4@group-0C9C3B2D0CC1-LeaderElection1068] INFO  impl.LeaderElection (LeaderElection.java:askForVotes(178)) - 4dea926d-4bc6-487a-9b9b-9fd457d0fae4@group-0C9C3B2D0CC1-LeaderElection1068: begin an election at term 65 for -1: [6633f50a-7046-4b08-9937-8e25f1b14b15:192.168.34.25:39338, 67270882-100a-4e75-928d-618d17e069c8:192.168.34.25:36648, 4dea926d-4bc6-487a-9b9b-9fd457d0fae4:192.168.34.25:41624], old=null
2019-10-18 07:23:57,257 [grpc-default-executor-14] INFO  impl.RaftServerImpl (RaftServerImpl.java:setRole(184)) - 6633f50a-7046-4b08-9937-8e25f1b14b15@group-0C9C3B2D0CC1: changes role from  FOLLOWER to FOLLOWER at term 65 for recognizeCandidate:4dea926d-4bc6-487a-9b9b-9fd457d0fae4
2019-10-18 07:23:57,257 [grpc-default-executor-14] INFO  impl.RoleInfo (RoleInfo.java:shutdownFollowerState(121)) - 6633f50a-7046-4b08-9937-8e25f1b14b15: shutdown FollowerState
2019-10-18 07:23:57,257 [grpc-default-executor-14] INFO  impl.RoleInfo (RoleInfo.java:updateAndGet(143)) - 6633f50a-7046-4b08-9937-8e25f1b14b15: start FollowerState
2019-10-18 07:23:57,257 [Thread-9605] INFO  impl.FollowerState (FollowerState.java:run(117)) - 6633f50a-7046-4b08-9937-8e25f1b14b15@group-0C9C3B2D0CC1-FollowerState was interrupted: java.lang.InterruptedException: sleep interrupted
2019-10-18 07:23:57,257 [grpc-default-executor-4] INFO  impl.RaftServerImpl (RaftServerImpl.java:setRole(184)) - 67270882-100a-4e75-928d-618d17e069c8@group-0C9C3B2D0CC1: changes role from  FOLLOWER to FOLLOWER at term 65 for recognizeCandidate:4dea926d-4bc6-487a-9b9b-9fd457d0fae4
2019-10-18 07:23:57,258 [grpc-default-executor-4] INFO  impl.RoleInfo (RoleInfo.java:shutdownFollowerState(121)) - 67270882-100a-4e75-928d-618d17e069c8: shutdown FollowerState
2019-10-18 07:23:57,258 [grpc-default-executor-4] INFO  impl.RoleInfo (RoleInfo.java:updateAndGet(143)) - 67270882-100a-4e75-928d-618d17e069c8: start FollowerState
2019-10-18 07:23:57,258 [Thread-9604] INFO  impl.FollowerState (FollowerState.java:run(117)) - 67270882-100a-4e75-928d-618d17e069c8@group-0C9C3B2D0CC1-FollowerState was interrupted: java.lang.InterruptedException: sleep interrupted
2019-10-18 07:23:57,282 [4dea926d-4bc6-487a-9b9b-9fd457d0fae4@group-0C9C3B2D0CC1-LeaderElection1068] INFO  impl.LeaderElection (LeaderElection.java:logAndReturn(56)) - 4dea926d-4bc6-487a-9b9b-9fd457d0fae4@group-0C9C3B2D0CC1-LeaderElection1068: Election REJECTED; received 2 response(s) [4dea926d-4bc6-487a-9b9b-9fd457d0fae4<-6633f50a-7046-4b08-9937-8e25f1b14b15#0:FAIL-t65, 4dea926d-4bc6-487a-9b9b-9fd457d0fae4<-67270882-100a-4e75-928d-618d17e069c8#0:FAIL-t65] and 0 exception(s); 4dea926d-4bc6-487a-9b9b-9fd457d0fae4@group-0C9C3B2D0CC1:t65, leader=null, voted=4dea926d-4bc6-487a-9b9b-9fd457d0fae4, raftlog=4dea926d-4bc6-487a-9b9b-9fd457d0fae4@group-0C9C3B2D0CC1-SegmentedRaftLog:OPENED:c-1,f-1,i0, conf=-1: [6633f50a-7046-4b08-9937-8e25f1b14b15:192.168.34.25:39338, 67270882-100a-4e75-928d-618d17e069c8:192.168.34.25:36648, 4dea926d-4bc6-487a-9b9b-9fd457d0fae4:192.168.34.25:41624], old=null
2019-10-18 07:23:57,282 [4dea926d-4bc6-487a-9b9b-9fd457d0fae4@group-0C9C3B2D0CC1-LeaderElection1068] INFO  impl.RaftServerImpl (RaftServerImpl.java:setRole(184)) - 4dea926d-4bc6-487a-9b9b-9fd457d0fae4@group-0C9C3B2D0CC1: changes role from CANDIDATE to FOLLOWER at term 65 for DISCOVERED_A_NEW_TERM
2019-10-18 07:23:57,282 [4dea926d-4bc6-487a-9b9b-9fd457d0fae4@group-0C9C3B2D0CC1-LeaderElection1068] INFO  impl.RoleInfo (RoleInfo.java:shutdownLeaderElection(134)) - 4dea926d-4bc6-487a-9b9b-9fd457d0fae4: shutdown LeaderElection
2019-10-18 07:23:57,282 [4dea926d-4bc6-487a-9b9b-9fd457d0fae4@group-0C9C3B2D0CC1-LeaderElection1068] INFO  impl.RoleInfo (RoleInfo.java:updateAndGet(143)) - 4dea926d-4bc6-487a-9b9b-9fd457d0fae4: start FollowerState
2019-10-18 07:23:57,351 [Thread-9622] INFO  impl.FollowerState (FollowerState.java:run(108)) - 4dea926d-4bc6-487a-9b9b-9fd457d0fae4@group-0C9C3B2D0CC1-FollowerState: change to CANDIDATE, lastRpcTime:68ms, electionTimeout:68ms
2019-10-18 07:23:57,351 [Thread-9622] INFO  impl.RoleInfo (RoleInfo.java:shutdownFollowerState(121)) - 4dea926d-4bc6-487a-9b9b-9fd457d0fae4: shutdown FollowerState
2019-10-18 07:23:57,351 [Thread-9622] INFO  impl.RaftServerImpl (RaftServerImpl.java:setRole(184)) - 4dea926d-4bc6-487a-9b9b-9fd457d0fae4@group-0C9C3B2D0CC1: changes role from  FOLLOWER to CANDIDATE at term 65 for changeToCandidate
2019-10-18 07:23:57,351 [Thread-9622] INFO  impl.RoleInfo (RoleInfo.java:updateAndGet(143)) - 4dea926d-4bc6-487a-9b9b-9fd457d0fae4: start LeaderElection
2019-10-18 07:23:57,374 [4dea926d-4bc6-487a-9b9b-9fd457d0fae4@group-0C9C3B2D0CC1-LeaderElection1069] INFO  impl.LeaderElection (LeaderElection.java:askForVotes(178)) - 4dea926d-4bc6-487a-9b9b-9fd457d0fae4@group-0C9C3B2D0CC1-LeaderElection1069: begin an election at term 66 for -1: [6633f50a-7046-4b08-9937-8e25f1b14b15:192.168.34.25:39338, 67270882-100a-4e75-928d-618d17e069c8:192.168.34.25:36648, 4dea926d-4bc6-487a-9b9b-9fd457d0fae4:192.168.34.25:41624], old=null
2019-10-18 07:23:57,375 [grpc-default-executor-14] INFO  impl.RaftServerImpl (RaftServerImpl.java:setRole(184)) - 6633f50a-7046-4b08-9937-8e25f1b14b15@group-0C9C3B2D0CC1: changes role from  FOLLOWER to FOLLOWER at term 66 for recognizeCandidate:4dea926d-4bc6-487a-9b9b-9fd457d0fae4
2019-10-18 07:23:57,376 [grpc-default-executor-14] INFO  impl.RoleInfo (RoleInfo.java:shutdownFollowerState(121)) - 6633f50a-7046-4b08-9937-8e25f1b14b15: shutdown FollowerState
2019-10-18 07:23:57,376 [grpc-default-executor-4] INFO  impl.RaftServerImpl (RaftServerImpl.java:setRole(184)) - 67270882-100a-4e75-928d-618d17e069c8@group-0C9C3B2D0CC1: changes role from  FOLLOWER to FOLLOWER at term 66 for recognizeCandidate:4dea926d-4bc6-487a-9b9b-9fd457d0fae4
2019-10-18 07:23:57,376 [grpc-default-executor-4] INFO  impl.RoleInfo (RoleInfo.java:shutdownFollowerState(121)) - 67270882-100a-4e75-928d-618d17e069c8: shutdown FollowerState
2019-10-18 07:23:57,376 [Thread-9620] INFO  impl.FollowerState (FollowerState.java:run(117)) - 6633f50a-7046-4b08-9937-8e25f1b14b15@group-0C9C3B2D0CC1-FollowerState was interrupted: java.lang.InterruptedException: sleep interrupted
2019-10-18 07:23:57,376 [Thread-9621] INFO  impl.FollowerState (FollowerState.java:run(117)) - 67270882-100a-4e75-928d-618d17e069c8@group-0C9C3B2D0CC1-FollowerState was interrupted: java.lang.InterruptedException: sleep interrupted
2019-10-18 07:23:57,376 [grpc-default-executor-14] INFO  impl.RoleInfo (RoleInfo.java:updateAndGet(143)) - 6633f50a-7046-4b08-9937-8e25f1b14b15: start FollowerState
2019-10-18 07:23:57,376 [grpc-default-executor-4] INFO  impl.RoleInfo (RoleInfo.java:updateAndGet(143)) - 67270882-100a-4e75-928d-618d17e069c8: start FollowerState
2019-10-18 07:23:57,400 [4dea926d-4bc6-487a-9b9b-9fd457d0fae4@group-0C9C3B2D0CC1-LeaderElection1069] INFO  impl.LeaderElection (LeaderElection.java:logAndReturn(56)) - 4dea926d-4bc6-487a-9b9b-9fd457d0fae4@group-0C9C3B2D0CC1-LeaderElection1069: Election REJECTED; received 2 response(s) [4dea926d-4bc6-487a-9b9b-9fd457d0fae4<-6633f50a-7046-4b08-9937-8e25f1b14b15#0:FAIL-t66, 4dea926d-4bc6-487a-9b9b-9fd457d0fae4<-67270882-100a-4e75-928d-618d17e069c8#0:FAIL-t66] and 0 exception(s); 4dea926d-4bc6-487a-9b9b-9fd457d0fae4@group-0C9C3B2D0CC1:t66, leader=null, voted=4dea926d-4bc6-487a-9b9b-9fd457d0fae4, raftlog=4dea926d-4bc6-487a-9b9b-9fd457d0fae4@group-0C9C3B2D0CC1-SegmentedRaftLog:OPENED:c-1,f-1,i0, conf=-1: [6633f50a-7046-4b08-9937-8e25f1b14b15:192.168.34.25:39338, 67270882-100a-4e75-928d-618d17e069c8:192.168.34.25:36648, 4dea926d-4bc6-487a-9b9b-9fd457d0fae4:192.168.34.25:41624], old=null
2019-10-18 07:23:57,400 [4dea926d-4bc6-487a-9b9b-9fd457d0fae4@group-0C9C3B2D0CC1-LeaderElection1069] INFO  impl.RaftServerImpl (RaftServerImpl.java:setRole(184)) - 4dea926d-4bc6-487a-9b9b-9fd457d0fae4@group-0C9C3B2D0CC1: changes role from CANDIDATE to FOLLOWER at term 66 for DISCOVERED_A_NEW_TERM
2019-10-18 07:23:57,400 [4dea926d-4bc6-487a-9b9b-9fd457d0fae4@group-0C9C3B2D0CC1-LeaderElection1069] INFO  impl.RoleInfo (RoleInfo.java:shutdownLeaderElection(134)) - 4dea926d-4bc6-487a-9b9b-9fd457d0fae4: shutdown LeaderElection
2019-10-18 07:23:57,400 [4dea926d-4bc6-487a-9b9b-9fd457d0fae4@group-0C9C3B2D0CC1-LeaderElection1069] INFO  impl.RoleInfo (RoleInfo.java:updateAndGet(143)) - 4dea926d-4bc6-487a-9b9b-9fd457d0fae4: start FollowerState
2019-10-18 07:23:57,408 [Thread-9617] INFO  impl.FollowerState (FollowerState.java:run(108)) - 12ad0800-05cb-443c-9fdd-fa1debf04523@group-BCB82A5C07F5-FollowerState: change to CANDIDATE, lastRpcTime:169ms, electionTimeout:169ms
2019-10-18 07:23:57,408 [Thread-9617] INFO  impl.RoleInfo (RoleInfo.java:shutdownFollowerState(121)) - 12ad0800-05cb-443c-9fdd-fa1debf04523: shutdown FollowerState
2019-10-18 07:23:57,408 [Thread-9617] INFO  impl.RaftServerImpl (RaftServerImpl.java:setRole(184)) - 12ad0800-05cb-443c-9fdd-fa1debf04523@group-BCB82A5C07F5: changes role from  FOLLOWER to CANDIDATE at term 76 for changeToCandidate
2019-10-18 07:23:57,408 [Thread-9617] INFO  impl.RoleInfo (RoleInfo.java:updateAndGet(143)) - 12ad0800-05cb-443c-9fdd-fa1debf04523: start LeaderElection
2019-10-18 07:23:57,433 [12ad0800-05cb-443c-9fdd-fa1debf04523@group-BCB82A5C07F5-LeaderElection1070] INFO  impl.LeaderElection (LeaderElection.java:askForVotes(178)) - 12ad0800-05cb-443c-9fdd-fa1debf04523@group-BCB82A5C07F5-LeaderElection1070: begin an election at term 77 for -1: [12ad0800-05cb-443c-9fdd-fa1debf04523:192.168.34.25:41155, 5170c5f3-8499-4b42-9321-85fc8a351f79:192.168.34.25:43074, 0b10a9fc-47eb-4a2b-b664-8273d9d17379:192.168.34.25:45248], old=null
2019-10-18 07:23:57,434 [grpc-default-executor-14] INFO  impl.RaftServerImpl (RaftServerImpl.java:setRole(184)) - 0b10a9fc-47eb-4a2b-b664-8273d9d17379@group-BCB82A5C07F5: changes role from  FOLLOWER to FOLLOWER at term 77 for recognizeCandidate:12ad0800-05cb-443c-9fdd-fa1debf04523
2019-10-18 07:23:57,435 [grpc-default-executor-14] INFO  impl.RoleInfo (RoleInfo.java:shutdownFollowerState(121)) - 0b10a9fc-47eb-4a2b-b664-8273d9d17379: shutdown FollowerState
2019-10-18 07:23:57,435 [grpc-default-executor-14] INFO  impl.RoleInfo (RoleInfo.java:updateAndGet(143)) - 0b10a9fc-47eb-4a2b-b664-8273d9d17379: start FollowerState
2019-10-18 07:23:57,435 [grpc-default-executor-4] INFO  impl.RaftServerImpl (RaftServerImpl.java:setRole(184)) - 5170c5f3-8499-4b42-9321-85fc8a351f79@group-BCB82A5C07F5: changes role from  FOLLOWER to FOLLOWER at term 77 for recognizeCandidate:12ad0800-05cb-443c-9fdd-fa1debf04523
2019-10-18 07:23:57,435 [Thread-9615] INFO  impl.FollowerState (FollowerState.java:run(117)) - 0b10a9fc-47eb-4a2b-b664-8273d9d17379@group-BCB82A5C07F5-FollowerState was interrupted: java.lang.InterruptedException: sleep interrupted
2019-10-18 07:23:57,435 [grpc-default-executor-4] INFO  impl.RoleInfo (RoleInfo.java:shutdownFollowerState(121)) - 5170c5f3-8499-4b42-9321-85fc8a351f79: shutdown FollowerState
2019-10-18 07:23:57,435 [grpc-default-executor-4] INFO  impl.RoleInfo (RoleInfo.java:updateAndGet(143)) - 5170c5f3-8499-4b42-9321-85fc8a351f79: start FollowerState
2019-10-18 07:23:57,435 [Thread-9614] INFO  impl.FollowerState (FollowerState.java:run(117)) - 5170c5f3-8499-4b42-9321-85fc8a351f79@group-BCB82A5C07F5-FollowerState was interrupted: java.lang.InterruptedException: sleep interrupted
2019-10-18 07:23:57,451 [Thread-9628] INFO  impl.FollowerState (FollowerState.java:run(108)) - 4dea926d-4bc6-487a-9b9b-9fd457d0fae4@group-0C9C3B2D0CC1-FollowerState: change to CANDIDATE, lastRpcTime:50ms, electionTimeout:50ms
2019-10-18 07:23:57,451 [Thread-9628] INFO  impl.RoleInfo (RoleInfo.java:shutdownFollowerState(121)) - 4dea926d-4bc6-487a-9b9b-9fd457d0fae4: shutdown FollowerState
2019-10-18 07:23:57,451 [Thread-9628] INFO  impl.RaftServerImpl (RaftServerImpl.java:setRole(184)) - 4dea926d-4bc6-487a-9b9b-9fd457d0fae4@group-0C9C3B2D0CC1: changes role from  FOLLOWER to CANDIDATE at term 66 for changeToCandidate
2019-10-18 07:23:57,451 [Thread-9628] INFO  impl.RoleInfo (RoleInfo.java:updateAndGet(143)) - 4dea926d-4bc6-487a-9b9b-9fd457d0fae4: start LeaderElection
2019-10-18 07:23:57,459 [12ad0800-05cb-443c-9fdd-fa1debf04523@group-BCB82A5C07F5-LeaderElection1070] INFO  impl.LeaderElection (LeaderElection.java:logAndReturn(56)) - 12ad0800-05cb-443c-9fdd-fa1debf04523@group-BCB82A5C07F5-LeaderElection1070: Election REJECTED; received 2 response(s) [12ad0800-05cb-443c-9fdd-fa1debf04523<-5170c5f3-8499-4b42-9321-85fc8a351f79#0:FAIL-t77, 12ad0800-05cb-443c-9fdd-fa1debf04523<-0b10a9fc-47eb-4a2b-b664-8273d9d17379#0:FAIL-t77] and 0 exception(s); 12ad0800-05cb-443c-9fdd-fa1debf04523@group-BCB82A5C07F5:t77, leader=null, voted=12ad0800-05cb-443c-9fdd-fa1debf04523, raftlog=12ad0800-05cb-443c-9fdd-fa1debf04523@group-BCB82A5C07F5-SegmentedRaftLog:OPENED:c-1,f-1,i0, conf=-1: [12ad0800-05cb-443c-9fdd-fa1debf04523:192.168.34.25:41155, 5170c5f3-8499-4b42-9321-85fc8a351f79:192.168.34.25:43074, 0b10a9fc-47eb-4a2b-b664-8273d9d17379:192.168.34.25:45248], old=null
2019-10-18 07:23:57,460 [12ad0800-05cb-443c-9fdd-fa1debf04523@group-BCB82A5C07F5-LeaderElection1070] INFO  impl.RaftServerImpl (RaftServerImpl.java:setRole(184)) - 12ad0800-05cb-443c-9fdd-fa1debf04523@group-BCB82A5C07F5: changes role from CANDIDATE to FOLLOWER at term 77 for DISCOVERED_A_NEW_TERM
2019-10-18 07:23:57,460 [12ad0800-05cb-443c-9fdd-fa1debf04523@group-BCB82A5C07F5-LeaderElection1070] INFO  impl.RoleInfo (RoleInfo.java:shutdownLeaderElection(134)) - 12ad0800-05cb-443c-9fdd-fa1debf04523: shutdown LeaderElection
2019-10-18 07:23:57,460 [12ad0800-05cb-443c-9fdd-fa1debf04523@group-BCB82A5C07F5-LeaderElection1070] INFO  impl.RoleInfo (RoleInfo.java:updateAndGet(143)) - 12ad0800-05cb-443c-9fdd-fa1debf04523: start FollowerState
2019-10-18 07:23:57,476 [4dea926d-4bc6-487a-9b9b-9fd457d0fae4@group-0C9C3B2D0CC1-LeaderElection1071] INFO  impl.LeaderElection (LeaderElection.java:askForVotes(178)) - 4dea926d-4bc6-487a-9b9b-9fd457d0fae4@group-0C9C3B2D0CC1-LeaderElection1071: begin an election at term 67 for -1: [6633f50a-7046-4b08-9937-8e25f1b14b15:192.168.34.25:39338, 67270882-100a-4e75-928d-618d17e069c8:192.168.34.25:36648, 4dea926d-4bc6-487a-9b9b-9fd457d0fae4:192.168.34.25:41624], old=null
2019-10-18 07:23:57,477 [grpc-default-executor-14] INFO  impl.RaftServerImpl (RaftServerImpl.java:setRole(184)) - 6633f50a-7046-4b08-9937-8e25f1b14b15@group-0C9C3B2D0CC1: changes role from  FOLLOWER to FOLLOWER at term 67 for recognizeCandidate:4dea926d-4bc6-487a-9b9b-9fd457d0fae4
2019-10-18 07:23:57,477 [grpc-default-executor-14] INFO  impl.RoleInfo (RoleInfo.java:shutdownFollowerState(121)) - 6633f50a-7046-4b08-9937-8e25f1b14b15: shutdown FollowerState
2019-10-18 07:23:57,477 [grpc-default-executor-14] INFO  impl.RoleInfo (RoleInfo.java:updateAndGet(143)) - 6633f50a-7046-4b08-9937-8e25f1b14b15: start FollowerState
2019-10-18 07:23:57,477 [Thread-9626] INFO  impl.FollowerState (FollowerState.java:run(117)) - 6633f50a-7046-4b08-9937-8e25f1b14b15@group-0C9C3B2D0CC1-FollowerState was interrupted: java.lang.InterruptedException: sleep interrupted
2019-10-18 07:23:57,477 [grpc-default-executor-4] INFO  impl.RaftServerImpl (RaftServerImpl.java:setRole(184)) - 67270882-100a-4e75-928d-618d17e069c8@group-0C9C3B2D0CC1: changes role from  FOLLOWER to FOLLOWER at term 67 for recognizeCandidate:4dea926d-4bc6-487a-9b9b-9fd457d0fae4
2019-10-18 07:23:57,478 [grpc-default-executor-4] INFO  impl.RoleInfo (RoleInfo.java:shutdownFollowerState(121)) - 67270882-100a-4e75-928d-618d17e069c8: shutdown FollowerState
2019-10-18 07:23:57,478 [grpc-default-executor-4] INFO  impl.RoleInfo (RoleInfo.java:updateAndGet(143)) - 67270882-100a-4e75-928d-618d17e069c8: start FollowerState
2019-10-18 07:23:57,478 [Thread-9627] INFO  impl.FollowerState (FollowerState.java:run(117)) - 67270882-100a-4e75-928d-618d17e069c8@group-0C9C3B2D0CC1-FollowerState was interrupted: java.lang.InterruptedException: sleep interrupted
2019-10-18 07:23:57,487 [Thread-9635] INFO  impl.FollowerState (FollowerState.java:run(108)) - 12ad0800-05cb-443c-9fdd-fa1debf04523@group-BCB82A5C07F5-FollowerState: change to CANDIDATE, lastRpcTime:27ms, electionTimeout:27ms
2019-10-18 07:23:57,487 [Thread-9635] INFO  impl.RoleInfo (RoleInfo.java:shutdownFollowerState(121)) - 12ad0800-05cb-443c-9fdd-fa1debf04523: shutdown FollowerState
2019-10-18 07:23:57,487 [Thread-9635] INFO  impl.RaftServerImpl (RaftServerImpl.java:setRole(184)) - 12ad0800-05cb-443c-9fdd-fa1debf04523@group-BCB82A5C07F5: changes role from  FOLLOWER to CANDIDATE at term 77 for changeToCandidate
2019-10-18 07:23:57,487 [Thread-9635] INFO  impl.RoleInfo (RoleInfo.java:updateAndGet(143)) - 12ad0800-05cb-443c-9fdd-fa1debf04523: start LeaderElection
2019-10-18 07:23:57,543 [12ad0800-05cb-443c-9fdd-fa1debf04523@group-BCB82A5C07F5-LeaderElection1072] INFO  impl.LeaderElection (LeaderElection.java:askForVotes(178)) - 12ad0800-05cb-443c-9fdd-fa1debf04523@group-BCB82A5C07F5-LeaderElection1072: begin an election at term 78 for -1: [12ad0800-05cb-443c-9fdd-fa1debf04523:192.168.34.25:41155, 5170c5f3-8499-4b42-9321-85fc8a351f79:192.168.34.25:43074, 0b10a9fc-47eb-4a2b-b664-8273d9d17379:192.168.34.25:45248], old=null
2019-10-18 07:23:57,544 [4dea926d-4bc6-487a-9b9b-9fd457d0fae4@group-0C9C3B2D0CC1-LeaderElection1071] INFO  impl.LeaderElection (LeaderElection.java:logAndReturn(56)) - 4dea926d-4bc6-487a-9b9b-9fd457d0fae4@group-0C9C3B2D0CC1-LeaderElection1071: Election REJECTED; received 2 response(s) [4dea926d-4bc6-487a-9b9b-9fd457d0fae4<-6633f50a-7046-4b08-9937-8e25f1b14b15#0:FAIL-t67, 4dea926d-4bc6-487a-9b9b-9fd457d0fae4<-67270882-100a-4e75-928d-618d17e069c8#0:FAIL-t67] and 0 exception(s); 4dea926d-4bc6-487a-9b9b-9fd457d0fae4@group-0C9C3B2D0CC1:t67, leader=null, voted=4dea926d-4bc6-487a-9b9b-9fd457d0fae4, raftlog=4dea926d-4bc6-487a-9b9b-9fd457d0fae4@group-0C9C3B2D0CC1-SegmentedRaftLog:OPENED:c-1,f-1,i0, conf=-1: [6633f50a-7046-4b08-9937-8e25f1b14b15:192.168.34.25:39338, 67270882-100a-4e75-928d-618d17e069c8:192.168.34.25:36648, 4dea926d-4bc6-487a-9b9b-9fd457d0fae4:192.168.34.25:41624], old=null
2019-10-18 07:23:57,544 [4dea926d-4bc6-487a-9b9b-9fd457d0fae4@group-0C9C3B2D0CC1-LeaderElection1071] INFO  impl.RaftServerImpl (RaftServerImpl.java:setRole(184)) - 4dea926d-4bc6-487a-9b9b-9fd457d0fae4@group-0C9C3B2D0CC1: changes role from CANDIDATE to FOLLOWER at term 67 for DISCOVERED_A_NEW_TERM
2019-10-18 07:23:57,544 [4dea926d-4bc6-487a-9b9b-9fd457d0fae4@group-0C9C3B2D0CC1-LeaderElection1071] INFO  impl.RoleInfo (RoleInfo.java:shutdownLeaderElection(134)) - 4dea926d-4bc6-487a-9b9b-9fd457d0fae4: shutdown LeaderElection
2019-10-18 07:23:57,544 [grpc-default-executor-4] INFO  impl.RaftServerImpl (RaftServerImpl.java:setRole(184)) - 5170c5f3-8499-4b42-9321-85fc8a351f79@group-BCB82A5C07F5: changes role from  FOLLOWER to FOLLOWER at term 78 for recognizeCandidate:12ad0800-05cb-443c-9fdd-fa1debf04523
2019-10-18 07:23:57,544 [4dea926d-4bc6-487a-9b9b-9fd457d0fae4@group-0C9C3B2D0CC1-LeaderElection1071] INFO  impl.RoleInfo (RoleInfo.java:updateAndGet(143)) - 4dea926d-4bc6-487a-9b9b-9fd457d0fae4: start FollowerState
2019-10-18 07:23:57,544 [grpc-default-executor-4] INFO  impl.RoleInfo (RoleInfo.java:shutdownFollowerState(121)) - 5170c5f3-8499-4b42-9321-85fc8a351f79: shutdown FollowerState
2019-10-18 07:23:57,544 [grpc-default-executor-14] INFO  impl.RaftServerImpl (RaftServerImpl.java:setRole(184)) - 0b10a9fc-47eb-4a2b-b664-8273d9d17379@group-BCB82A5C07F5: changes role from  FOLLOWER to FOLLOWER at term 78 for recognizeCandidate:12ad0800-05cb-443c-9fdd-fa1debf04523
2019-10-18 07:23:57,545 [grpc-default-executor-14] INFO  impl.RoleInfo (RoleInfo.java:shutdownFollowerState(121)) - 0b10a9fc-47eb-4a2b-b664-8273d9d17379: shutdown FollowerState
2019-10-18 07:23:57,545 [Thread-9633] INFO  impl.FollowerState (FollowerState.java:run(117)) - 5170c5f3-8499-4b42-9321-85fc8a351f79@group-BCB82A5C07F5-FollowerState was interrupted: java.lang.InterruptedException: sleep interrupted
2019-10-18 07:23:57,545 [grpc-default-executor-4] INFO  impl.RoleInfo (RoleInfo.java:updateAndGet(143)) - 5170c5f3-8499-4b42-9321-85fc8a351f79: start FollowerState
2019-10-18 07:23:57,545 [Thread-9632] INFO  impl.FollowerState (FollowerState.java:run(117)) - 0b10a9fc-47eb-4a2b-b664-8273d9d17379@group-BCB82A5C07F5-FollowerState was interrupted: java.lang.InterruptedException: sleep interrupted
2019-10-18 07:23:57,545 [grpc-default-executor-14] INFO  impl.RoleInfo (RoleInfo.java:updateAndGet(143)) - 0b10a9fc-47eb-4a2b-b664-8273d9d17379: start FollowerState
2019-10-18 07:23:57,569 [12ad0800-05cb-443c-9fdd-fa1debf04523@group-BCB82A5C07F5-LeaderElection1072] INFO  impl.LeaderElection (LeaderElection.java:logAndReturn(56)) - 12ad0800-05cb-443c-9fdd-fa1debf04523@group-BCB82A5C07F5-LeaderElection1072: Election REJECTED; received 2 response(s) [12ad0800-05cb-443c-9fdd-fa1debf04523<-5170c5f3-8499-4b42-9321-85fc8a351f79#0:FAIL-t78, 12ad0800-05cb-443c-9fdd-fa1debf04523<-0b10a9fc-47eb-4a2b-b664-8273d9d17379#0:FAIL-t78] and 0 exception(s); 12ad0800-05cb-443c-9fdd-fa1debf04523@group-BCB82A5C07F5:t78, leader=null, voted=12ad0800-05cb-443c-9fdd-fa1debf04523, raftlog=12ad0800-05cb-443c-9fdd-fa1debf04523@group-BCB82A5C07F5-SegmentedRaftLog:OPENED:c-1,f-1,i0, conf=-1: [12ad0800-05cb-443c-9fdd-fa1debf04523:192.168.34.25:41155, 5170c5f3-8499-4b42-9321-85fc8a351f79:192.168.34.25:43074, 0b10a9fc-47eb-4a2b-b664-8273d9d17379:192.168.34.25:45248], old=null
2019-10-18 07:23:57,569 [12ad0800-05cb-443c-9fdd-fa1debf04523@group-BCB82A5C07F5-LeaderElection1072] INFO  impl.RaftServerImpl (RaftServerImpl.java:setRole(184)) - 12ad0800-05cb-443c-9fdd-fa1debf04523@group-BCB82A5C07F5: changes role from CANDIDATE to FOLLOWER at term 78 for DISCOVERED_A_NEW_TERM
2019-10-18 07:23:57,569 [12ad0800-05cb-443c-9fdd-fa1debf04523@group-BCB82A5C07F5-LeaderElection1072] INFO  impl.RoleInfo (RoleInfo.java:shutdownLeaderElection(134)) - 12ad0800-05cb-443c-9fdd-fa1debf04523: shutdown LeaderElection
2019-10-18 07:23:57,569 [12ad0800-05cb-443c-9fdd-fa1debf04523@group-BCB82A5C07F5-LeaderElection1072] INFO  impl.RoleInfo (RoleInfo.java:updateAndGet(143)) - 12ad0800-05cb-443c-9fdd-fa1debf04523: start FollowerState
2019-10-18 07:23:57,676 [Thread-9645] INFO  impl.FollowerState (FollowerState.java:run(108)) - 4dea926d-4bc6-487a-9b9b-9fd457d0fae4@group-0C9C3B2D0CC1-FollowerState: change to CANDIDATE, lastRpcTime:131ms, electionTimeout:131ms
2019-10-18 07:23:57,676 [Thread-9645] INFO  impl.RoleInfo (RoleInfo.java:shutdownFollowerState(121)) - 4dea926d-4bc6-487a-9b9b-9fd457d0fae4: shutdown FollowerState
2019-10-18 07:23:57,676 [Thread-9645] INFO  impl.RaftServerImpl (RaftServerImpl.java:setRole(184)) - 4dea926d-4bc6-487a-9b9b-9fd457d0fae4@group-0C9C3B2D0CC1: changes role from  FOLLOWER to CANDIDATE at term 67 for changeToCandidate
2019-10-18 07:23:57,676 [Thread-9645] INFO  impl.RoleInfo (RoleInfo.java:updateAndGet(143)) - 4dea926d-4bc6-487a-9b9b-9fd457d0fae4: start LeaderElection
2019-10-18 07:23:57,700 [4dea926d-4bc6-487a-9b9b-9fd457d0fae4@group-0C9C3B2D0CC1-LeaderElection1073] INFO  impl.LeaderElection (LeaderElection.java:askForVotes(178)) - 4dea926d-4bc6-487a-9b9b-9fd457d0fae4@group-0C9C3B2D0CC1-LeaderElection1073: begin an election at term 68 for -1: [6633f50a-7046-4b08-9937-8e25f1b14b15:192.168.34.25:39338, 67270882-100a-4e75-928d-618d17e069c8:192.168.34.25:36648, 4dea926d-4bc6-487a-9b9b-9fd457d0fae4:192.168.34.25:41624], old=null
2019-10-18 07:23:57,702 [grpc-default-executor-4] INFO  impl.RaftServerImpl (RaftServerImpl.java:setRole(184)) - 6633f50a-7046-4b08-9937-8e25f1b14b15@group-0C9C3B2D0CC1: changes role from  FOLLOWER to FOLLOWER at term 68 for recognizeCandidate:4dea926d-4bc6-487a-9b9b-9fd457d0fae4
2019-10-18 07:23:57,702 [grpc-default-executor-4] INFO  impl.RoleInfo (RoleInfo.java:shutdownFollowerState(121)) - 6633f50a-7046-4b08-9937-8e25f1b14b15: shutdown FollowerState
2019-10-18 07:23:57,702 [grpc-default-executor-14] INFO  impl.RaftServerImpl (RaftServerImpl.java:setRole(184)) - 67270882-100a-4e75-928d-618d17e069c8@group-0C9C3B2D0CC1: changes role from  FOLLOWER to FOLLOWER at term 68 for recognizeCandidate:4dea926d-4bc6-487a-9b9b-9fd457d0fae4
2019-10-18 07:23:57,702 [grpc-default-executor-14] INFO  impl.RoleInfo (RoleInfo.java:shutdownFollowerState(121)) - 67270882-100a-4e75-928d-618d17e069c8: shutdown FollowerState
2019-10-18 07:23:57,702 [Thread-9638] INFO  impl.FollowerState (FollowerState.java:run(117)) - 6633f50a-7046-4b08-9937-8e25f1b14b15@group-0C9C3B2D0CC1-FollowerState was interrupted: java.lang.InterruptedException: sleep interrupted
2019-10-18 07:23:57,702 [grpc-default-executor-4] INFO  impl.RoleInfo (RoleInfo.java:updateAndGet(143)) - 6633f50a-7046-4b08-9937-8e25f1b14b15: start FollowerState
2019-10-18 07:23:57,702 [Thread-9639] INFO  impl.FollowerState (FollowerState.java:run(117)) - 67270882-100a-4e75-928d-618d17e069c8@group-0C9C3B2D0CC1-FollowerState was interrupted: java.lang.InterruptedException: sleep interrupted
2019-10-18 07:23:57,702 [grpc-default-executor-14] INFO  impl.RoleInfo (RoleInfo.java:updateAndGet(143)) - 67270882-100a-4e75-928d-618d17e069c8: start FollowerState
2019-10-18 07:23:57,726 [4dea926d-4bc6-487a-9b9b-9fd457d0fae4@group-0C9C3B2D0CC1-LeaderElection1073] INFO  impl.LeaderElection (LeaderElection.java:logAndReturn(56)) - 4dea926d-4bc6-487a-9b9b-9fd457d0fae4@group-0C9C3B2D0CC1-LeaderElection1073: Election REJECTED; received 2 response(s) [4dea926d-4bc6-487a-9b9b-9fd457d0fae4<-6633f50a-7046-4b08-9937-8e25f1b14b15#0:FAIL-t68, 4dea926d-4bc6-487a-9b9b-9fd457d0fae4<-67270882-100a-4e75-928d-618d17e069c8#0:FAIL-t68] and 0 exception(s); 4dea926d-4bc6-487a-9b9b-9fd457d0fae4@group-0C9C3B2D0CC1:t68, leader=null, voted=4dea926d-4bc6-487a-9b9b-9fd457d0fae4, raftlog=4dea926d-4bc6-487a-9b9b-9fd457d0fae4@group-0C9C3B2D0CC1-SegmentedRaftLog:OPENED:c-1,f-1,i0, conf=-1: [6633f50a-7046-4b08-9937-8e25f1b14b15:192.168.34.25:39338, 67270882-100a-4e75-928d-618d17e069c8:192.168.34.25:36648, 4dea926d-4bc6-487a-9b9b-9fd457d0fae4:192.168.34.25:41624], old=null
2019-10-18 07:23:57,726 [4dea926d-4bc6-487a-9b9b-9fd457d0fae4@group-0C9C3B2D0CC1-LeaderElection1073] INFO  impl.RaftServerImpl (RaftServerImpl.java:setRole(184)) - 4dea926d-4bc6-487a-9b9b-9fd457d0fae4@group-0C9C3B2D0CC1: changes role from CANDIDATE to FOLLOWER at term 68 for DISCOVERED_A_NEW_TERM
2019-10-18 07:23:57,726 [4dea926d-4bc6-487a-9b9b-9fd457d0fae4@group-0C9C3B2D0CC1-LeaderElection1073] INFO  impl.RoleInfo (RoleInfo.java:shutdownLeaderElection(134)) - 4dea926d-4bc6-487a-9b9b-9fd457d0fae4: shutdown LeaderElection
2019-10-18 07:23:57,726 [4dea926d-4bc6-487a-9b9b-9fd457d0fae4@group-0C9C3B2D0CC1-LeaderElection1073] INFO  impl.RoleInfo (RoleInfo.java:updateAndGet(143)) - 4dea926d-4bc6-487a-9b9b-9fd457d0fae4: start FollowerState
2019-10-18 07:23:57,730 [Thread-9648] INFO  impl.FollowerState (FollowerState.java:run(108)) - 12ad0800-05cb-443c-9fdd-fa1debf04523@group-BCB82A5C07F5-FollowerState: change to CANDIDATE, lastRpcTime:160ms, electionTimeout:160ms
2019-10-18 07:23:57,730 [Thread-9648] INFO  impl.RoleInfo (RoleInfo.java:shutdownFollowerState(121)) - 12ad0800-05cb-443c-9fdd-fa1debf04523: shutdown FollowerState
2019-10-18 07:23:57,730 [Thread-9648] INFO  impl.RaftServerImpl (RaftServerImpl.java:setRole(184)) - 12ad0800-05cb-443c-9fdd-fa1debf04523@group-BCB82A5C07F5: changes role from  FOLLOWER to CANDIDATE at term 78 for changeToCandidate
2019-10-18 07:23:57,730 [Thread-9648] INFO  impl.RoleInfo (RoleInfo.java:updateAndGet(143)) - 12ad0800-05cb-443c-9fdd-fa1debf04523: start LeaderElection
2019-10-18 07:23:57,753 [12ad0800-05cb-443c-9fdd-fa1debf04523@group-BCB82A5C07F5-LeaderElection1074] INFO  impl.LeaderElection (LeaderElection.java:askForVotes(178)) - 12ad0800-05cb-443c-9fdd-fa1debf04523@group-BCB82A5C07F5-LeaderElection1074: begin an election at term 79 for -1: [12ad0800-05cb-443c-9fdd-fa1debf04523:192.168.34.25:41155, 5170c5f3-8499-4b42-9321-85fc8a351f79:192.168.34.25:43074, 0b10a9fc-47eb-4a2b-b664-8273d9d17379:192.168.34.25:45248], old=null
2019-10-18 07:23:57,755 [grpc-default-executor-4] INFO  impl.RaftServerImpl (RaftServerImpl.java:setRole(184)) - 0b10a9fc-47eb-4a2b-b664-8273d9d17379@group-BCB82A5C07F5: changes role from  FOLLOWER to FOLLOWER at term 79 for recognizeCandidate:12ad0800-05cb-443c-9fdd-fa1debf04523
2019-10-18 07:23:57,755 [grpc-default-executor-4] INFO  impl.RoleInfo (RoleInfo.java:shutdownFollowerState(121)) - 0b10a9fc-47eb-4a2b-b664-8273d9d17379: shutdown FollowerState
2019-10-18 07:23:57,755 [grpc-default-executor-14] INFO  impl.RaftServerImpl (RaftServerImpl.java:setRole(184)) - 5170c5f3-8499-4b42-9321-85fc8a351f79@group-BCB82A5C07F5: changes role from  FOLLOWER to FOLLOWER at term 79 for recognizeCandidate:12ad0800-05cb-443c-9fdd-fa1debf04523
2019-10-18 07:23:57,755 [grpc-default-executor-14] INFO  impl.RoleInfo (RoleInfo.java:shutdownFollowerState(121)) - 5170c5f3-8499-4b42-9321-85fc8a351f79: shutdown FollowerState
2019-10-18 07:23:57,755 [Thread-9647] INFO  impl.FollowerState (FollowerState.java:run(117)) - 0b10a9fc-47eb-4a2b-b664-8273d9d17379@group-BCB82A5C07F5-FollowerState was interrupted: java.lang.InterruptedException: sleep interrupted
2019-10-18 07:23:57,755 [grpc-default-executor-4] INFO  impl.RoleInfo (RoleInfo.java:updateAndGet(143)) - 0b10a9fc-47eb-4a2b-b664-8273d9d17379: start FollowerState
2019-10-18 07:23:57,755 [Thread-9646] INFO  impl.FollowerState (FollowerState.java:run(117)) - 5170c5f3-8499-4b42-9321-85fc8a351f79@group-BCB82A5C07F5-FollowerState was interrupted: java.lang.InterruptedException: sleep interrupted
2019-10-18 07:23:57,755 [grpc-default-executor-14] INFO  impl.RoleInfo (RoleInfo.java:updateAndGet(143)) - 5170c5f3-8499-4b42-9321-85fc8a351f79: start FollowerState
2019-10-18 07:23:57,799 [12ad0800-05cb-443c-9fdd-fa1debf04523@group-BCB82A5C07F5-LeaderElection1074] INFO  impl.LeaderElection (LeaderElection.java:logAndReturn(56)) - 12ad0800-05cb-443c-9fdd-fa1debf04523@group-BCB82A5C07F5-LeaderElection1074: Election REJECTED; received 2 response(s) [12ad0800-05cb-443c-9fdd-fa1debf04523<-5170c5f3-8499-4b42-9321-85fc8a351f79#0:FAIL-t79, 12ad0800-05cb-443c-9fdd-fa1debf04523<-0b10a9fc-47eb-4a2b-b664-8273d9d17379#0:FAIL-t79] and 0 exception(s); 12ad0800-05cb-443c-9fdd-fa1debf04523@group-BCB82A5C07F5:t79, leader=null, voted=12ad0800-05cb-443c-9fdd-fa1debf04523, raftlog=12ad0800-05cb-443c-9fdd-fa1debf04523@group-BCB82A5C07F5-SegmentedRaftLog:OPENED:c-1,f-1,i0, conf=-1: [12ad0800-05cb-443c-9fdd-fa1debf04523:192.168.34.25:41155, 5170c5f3-8499-4b42-9321-85fc8a351f79:192.168.34.25:43074, 0b10a9fc-47eb-4a2b-b664-8273d9d17379:192.168.34.25:45248], old=null
2019-10-18 07:23:57,799 [12ad0800-05cb-443c-9fdd-fa1debf04523@group-BCB82A5C07F5-LeaderElection1074] INFO  impl.RaftServerImpl (RaftServerImpl.java:setRole(184)) - 12ad0800-05cb-443c-9fdd-fa1debf04523@group-BCB82A5C07F5: changes role from CANDIDATE to FOLLOWER at term 79 for DISCOVERED_A_NEW_TERM
2019-10-18 07:23:57,799 [12ad0800-05cb-443c-9fdd-fa1debf04523@group-BCB82A5C07F5-LeaderElection1074] INFO  impl.RoleInfo (RoleInfo.java:shutdownLeaderElection(134)) - 12ad0800-05cb-443c-9fdd-fa1debf04523: shutdown LeaderElection
2019-10-18 07:23:57,799 [12ad0800-05cb-443c-9fdd-fa1debf04523@group-BCB82A5C07F5-LeaderElection1074] INFO  impl.RoleInfo (RoleInfo.java:updateAndGet(143)) - 12ad0800-05cb-443c-9fdd-fa1debf04523: start FollowerState
2019-10-18 07:23:57,826 [Thread-9656] INFO  impl.FollowerState (FollowerState.java:run(108)) - 4dea926d-4bc6-487a-9b9b-9fd457d0fae4@group-0C9C3B2D0CC1-FollowerState: change to CANDIDATE, lastRpcTime:99ms, electionTimeout:99ms
2019-10-18 07:23:57,826 [Thread-9656] INFO  impl.RoleInfo (RoleInfo.java:shutdownFollowerState(121)) - 4dea926d-4bc6-487a-9b9b-9fd457d0fae4: shutdown FollowerState
2019-10-18 07:23:57,826 [Thread-9656] INFO  impl.RaftServerImpl (RaftServerImpl.java:setRole(184)) - 4dea926d-4bc6-487a-9b9b-9fd457d0fae4@group-0C9C3B2D0CC1: changes role from  FOLLOWER to CANDIDATE at term 68 for changeToCandidate
2019-10-18 07:23:57,826 [Thread-9656] INFO  impl.RoleInfo (RoleInfo.java:updateAndGet(143)) - 4dea926d-4bc6-487a-9b9b-9fd457d0fae4: start LeaderElection
2019-10-18 07:23:57,841 [4dea926d-4bc6-487a-9b9b-9fd457d0fae4@group-0C9C3B2D0CC1-LeaderElection1075] INFO  impl.LeaderElection (LeaderElection.java:askForVotes(178)) - 4dea926d-4bc6-487a-9b9b-9fd457d0fae4@group-0C9C3B2D0CC1-LeaderElection1075: begin an election at term 69 for -1: [6633f50a-7046-4b08-9937-8e25f1b14b15:192.168.34.25:39338, 67270882-100a-4e75-928d-618d17e069c8:192.168.34.25:36648, 4dea926d-4bc6-487a-9b9b-9fd457d0fae4:192.168.34.25:41624], old=null
2019-10-18 07:23:57,842 [grpc-default-executor-4] INFO  impl.RaftServerImpl (RaftServerImpl.java:setRole(184)) - 67270882-100a-4e75-928d-618d17e069c8@group-0C9C3B2D0CC1: changes role from  FOLLOWER to FOLLOWER at term 69 for recognizeCandidate:4dea926d-4bc6-487a-9b9b-9fd457d0fae4
2019-10-18 07:23:57,842 [grpc-default-executor-4] INFO  impl.RoleInfo (RoleInfo.java:shutdownFollowerState(121)) - 67270882-100a-4e75-928d-618d17e069c8: shutdown FollowerState
2019-10-18 07:23:57,842 [grpc-default-executor-14] INFO  impl.RaftServerImpl (RaftServerImpl.java:setRole(184)) - 6633f50a-7046-4b08-9937-8e25f1b14b15@group-0C9C3B2D0CC1: changes role from  FOLLOWER to FOLLOWER at term 69 for recognizeCandidate:4dea926d-4bc6-487a-9b9b-9fd457d0fae4
2019-10-18 07:23:57,843 [grpc-default-executor-14] INFO  impl.RoleInfo (RoleInfo.java:shutdownFollowerState(121)) - 6633f50a-7046-4b08-9937-8e25f1b14b15: shutdown FollowerState
2019-10-18 07:23:57,843 [Thread-9655] INFO  impl.FollowerState (FollowerState.java:run(117)) - 67270882-100a-4e75-928d-618d17e069c8@group-0C9C3B2D0CC1-FollowerState was interrupted: java.lang.InterruptedException: sleep interrupted
2019-10-18 07:23:57,843 [grpc-default-executor-4] INFO  impl.RoleInfo (RoleInfo.java:updateAndGet(143)) - 67270882-100a-4e75-928d-618d17e069c8: start FollowerState
2019-10-18 07:23:57,843 [Thread-9654] INFO  impl.FollowerState (FollowerState.java:run(117)) - 6633f50a-7046-4b08-9937-8e25f1b14b15@group-0C9C3B2D0CC1-FollowerState was interrupted: java.lang.InterruptedException: sleep interrupted
2019-10-18 07:23:57,843 [grpc-default-executor-14] INFO  impl.RoleInfo (RoleInfo.java:updateAndGet(143)) - 6633f50a-7046-4b08-9937-8e25f1b14b15: start FollowerState
2019-10-18 07:23:57,867 [4dea926d-4bc6-487a-9b9b-9fd457d0fae4@group-0C9C3B2D0CC1-LeaderElection1075] INFO  impl.LeaderElection (LeaderElection.java:logAndReturn(56)) - 4dea926d-4bc6-487a-9b9b-9fd457d0fae4@group-0C9C3B2D0CC1-LeaderElection1075: Election REJECTED; received 2 response(s) [4dea926d-4bc6-487a-9b9b-9fd457d0fae4<-6633f50a-7046-4b08-9937-8e25f1b14b15#0:FAIL-t69, 4dea926d-4bc6-487a-9b9b-9fd457d0fae4<-67270882-100a-4e75-928d-618d17e069c8#0:FAIL-t69] and 0 exception(s); 4dea926d-4bc6-487a-9b9b-9fd457d0fae4@group-0C9C3B2D0CC1:t69, leader=null, voted=4dea926d-4bc6-487a-9b9b-9fd457d0fae4, raftlog=4dea926d-4bc6-487a-9b9b-9fd457d0fae4@group-0C9C3B2D0CC1-SegmentedRaftLog:OPENED:c-1,f-1,i0, conf=-1: [6633f50a-7046-4b08-9937-8e25f1b14b15:192.168.34.25:39338, 67270882-100a-4e75-928d-618d17e069c8:192.168.34.25:36648, 4dea926d-4bc6-487a-9b9b-9fd457d0fae4:192.168.34.25:41624], old=null
2019-10-18 07:23:57,868 [4dea926d-4bc6-487a-9b9b-9fd457d0fae4@group-0C9C3B2D0CC1-LeaderElection1075] INFO  impl.RaftServerImpl (RaftServerImpl.java:setRole(184)) - 4dea926d-4bc6-487a-9b9b-9fd457d0fae4@group-0C9C3B2D0CC1: changes role from CANDIDATE to FOLLOWER at term 69 for DISCOVERED_A_NEW_TERM
2019-10-18 07:23:57,868 [4dea926d-4bc6-487a-9b9b-9fd457d0fae4@group-0C9C3B2D0CC1-LeaderElection1075] INFO  impl.RoleInfo (RoleInfo.java:shutdownLeaderElection(134)) - 4dea926d-4bc6-487a-9b9b-9fd457d0fae4: shutdown LeaderElection
2019-10-18 07:23:57,868 [4dea926d-4bc6-487a-9b9b-9fd457d0fae4@group-0C9C3B2D0CC1-LeaderElection1075] INFO  impl.RoleInfo (RoleInfo.java:updateAndGet(143)) - 4dea926d-4bc6-487a-9b9b-9fd457d0fae4: start FollowerState
2019-10-18 07:23:57,892 [Thread-9668] INFO  impl.FollowerState (FollowerState.java:run(108)) - 4dea926d-4bc6-487a-9b9b-9fd457d0fae4@group-0C9C3B2D0CC1-FollowerState: change to CANDIDATE, lastRpcTime:24ms, electionTimeout:24ms
2019-10-18 07:23:57,892 [Thread-9668] INFO  impl.RoleInfo (RoleInfo.java:shutdownFollowerState(121)) - 4dea926d-4bc6-487a-9b9b-9fd457d0fae4: shutdown FollowerState
2019-10-18 07:23:57,892 [Thread-9668] INFO  impl.RaftServerImpl (RaftServerImpl.java:setRole(184)) - 4dea926d-4bc6-487a-9b9b-9fd457d0fae4@group-0C9C3B2D0CC1: changes role from  FOLLOWER to CANDIDATE at term 69 for changeToCandidate
2019-10-18 07:23:57,892 [Thread-9668] INFO  impl.RoleInfo (RoleInfo.java:updateAndGet(143)) - 4dea926d-4bc6-487a-9b9b-9fd457d0fae4: start LeaderElection
2019-10-18 07:23:57,896 [Thread-9662] INFO  impl.FollowerState (FollowerState.java:run(108)) - 12ad0800-05cb-443c-9fdd-fa1debf04523@group-BCB82A5C07F5-FollowerState: change to CANDIDATE, lastRpcTime:96ms, electionTimeout:96ms
2019-10-18 07:23:57,896 [Thread-9662] INFO  impl.RoleInfo (RoleInfo.java:shutdownFollowerState(121)) - 12ad0800-05cb-443c-9fdd-fa1debf04523: shutdown FollowerState
2019-10-18 07:23:57,896 [Thread-9662] INFO  impl.RaftServerImpl (RaftServerImpl.java:setRole(184)) - 12ad0800-05cb-443c-9fdd-fa1debf04523@group-BCB82A5C07F5: changes role from  FOLLOWER to CANDIDATE at term 79 for changeToCandidate
2019-10-18 07:23:57,896 [Thread-9662] INFO  impl.RoleInfo (RoleInfo.java:updateAndGet(143)) - 12ad0800-05cb-443c-9fdd-fa1debf04523: start LeaderElection
2019-10-18 07:23:57,909 [4dea926d-4bc6-487a-9b9b-9fd457d0fae4@group-0C9C3B2D0CC1-LeaderElection1076] INFO  impl.LeaderElection (LeaderElection.java:askForVotes(178)) - 4dea926d-4bc6-487a-9b9b-9fd457d0fae4@group-0C9C3B2D0CC1-LeaderElection1076: begin an election at term 70 for -1: [6633f50a-7046-4b08-9937-8e25f1b14b15:192.168.34.25:39338, 67270882-100a-4e75-928d-618d17e069c8:192.168.34.25:36648, 4dea926d-4bc6-487a-9b9b-9fd457d0fae4:192.168.34.25:41624], old=null
2019-10-18 07:23:57,911 [grpc-default-executor-14] INFO  impl.RaftServerImpl (RaftServerImpl.java:setRole(184)) - 6633f50a-7046-4b08-9937-8e25f1b14b15@group-0C9C3B2D0CC1: changes role from  FOLLOWER to FOLLOWER at term 70 for recognizeCandidate:4dea926d-4bc6-487a-9b9b-9fd457d0fae4
2019-10-18 07:23:57,911 [grpc-default-executor-14] INFO  impl.RoleInfo (RoleInfo.java:shutdownFollowerState(121)) - 6633f50a-7046-4b08-9937-8e25f1b14b15: shutdown FollowerState
2019-10-18 07:23:57,911 [grpc-default-executor-4] INFO  impl.RaftServerImpl (RaftServerImpl.java:setRole(184)) - 67270882-100a-4e75-928d-618d17e069c8@group-0C9C3B2D0CC1: changes role from  FOLLOWER to FOLLOWER at term 70 for recognizeCandidate:4dea926d-4bc6-487a-9b9b-9fd457d0fae4
2019-10-18 07:23:57,911 [grpc-default-executor-4] INFO  impl.RoleInfo (RoleInfo.java:shutdownFollowerState(121)) - 67270882-100a-4e75-928d-618d17e069c8: shutdown FollowerState
2019-10-18 07:23:57,911 [Thread-9667] INFO  impl.FollowerState (FollowerState.java:run(117)) - 6633f50a-7046-4b08-9937-8e25f1b14b15@group-0C9C3B2D0CC1-FollowerState was interrupted: java.lang.InterruptedException: sleep interrupted
2019-10-18 07:23:57,911 [grpc-default-executor-14] INFO  impl.RoleInfo (RoleInfo.java:updateAndGet(143)) - 6633f50a-7046-4b08-9937-8e25f1b14b15: start FollowerState
2019-10-18 07:23:57,911 [Thread-9666] INFO  impl.FollowerState (FollowerState.java:run(117)) - 67270882-100a-4e75-928d-618d17e069c8@group-0C9C3B2D0CC1-FollowerState was interrupted: java.lang.InterruptedException: sleep interrupted
2019-10-18 07:23:57,911 [grpc-default-executor-4] INFO  impl.RoleInfo (RoleInfo.java:updateAndGet(143)) - 67270882-100a-4e75-928d-618d17e069c8: start FollowerState
2019-10-18 07:23:57,931 [12ad0800-05cb-443c-9fdd-fa1debf04523@group-BCB82A5C07F5-LeaderElection1077] INFO  impl.LeaderElection (LeaderElection.java:askForVotes(178)) - 12ad0800-05cb-443c-9fdd-fa1debf04523@group-BCB82A5C07F5-LeaderElection1077: begin an election at term 80 for -1: [12ad0800-05cb-443c-9fdd-fa1debf04523:192.168.34.25:41155, 5170c5f3-8499-4b42-9321-85fc8a351f79:192.168.34.25:43074, 0b10a9fc-47eb-4a2b-b664-8273d9d17379:192.168.34.25:45248], old=null
2019-10-18 07:23:57,932 [4dea926d-4bc6-487a-9b9b-9fd457d0fae4@group-0C9C3B2D0CC1-LeaderElection1076] INFO  impl.LeaderElection (LeaderElection.java:logAndReturn(56)) - 4dea926d-4bc6-487a-9b9b-9fd457d0fae4@group-0C9C3B2D0CC1-LeaderElection1076: Election REJECTED; received 2 response(s) [4dea926d-4bc6-487a-9b9b-9fd457d0fae4<-6633f50a-7046-4b08-9937-8e25f1b14b15#0:FAIL-t70, 4dea926d-4bc6-487a-9b9b-9fd457d0fae4<-67270882-100a-4e75-928d-618d17e069c8#0:FAIL-t70] and 0 exception(s); 4dea926d-4bc6-487a-9b9b-9fd457d0fae4@group-0C9C3B2D0CC1:t70, leader=null, voted=4dea926d-4bc6-487a-9b9b-9fd457d0fae4, raftlog=4dea926d-4bc6-487a-9b9b-9fd457d0fae4@group-0C9C3B2D0CC1-SegmentedRaftLog:OPENED:c-1,f-1,i0, conf=-1: [6633f50a-7046-4b08-9937-8e25f1b14b15:192.168.34.25:39338, 67270882-100a-4e75-928d-618d17e069c8:192.168.34.25:36648, 4dea926d-4bc6-487a-9b9b-9fd457d0fae4:192.168.34.25:41624], old=null
2019-10-18 07:23:57,932 [4dea926d-4bc6-487a-9b9b-9fd457d0fae4@group-0C9C3B2D0CC1-LeaderElection1076] INFO  impl.RaftServerImpl (RaftServerImpl.java:setRole(184)) - 4dea926d-4bc6-487a-9b9b-9fd457d0fae4@group-0C9C3B2D0CC1: changes role from CANDIDATE to FOLLOWER at term 70 for DISCOVERED_A_NEW_TERM
2019-10-18 07:23:57,932 [4dea926d-4bc6-487a-9b9b-9fd457d0fae4@group-0C9C3B2D0CC1-LeaderElection1076] INFO  impl.RoleInfo (RoleInfo.java:shutdownLeaderElection(134)) - 4dea926d-4bc6-487a-9b9b-9fd457d0fae4: shutdown LeaderElection
2019-10-18 07:23:57,932 [4dea926d-4bc6-487a-9b9b-9fd457d0fae4@group-0C9C3B2D0CC1-LeaderElection1076] INFO  impl.RoleInfo (RoleInfo.java:updateAndGet(143)) - 4dea926d-4bc6-487a-9b9b-9fd457d0fae4: start FollowerState
2019-10-18 07:23:57,932 [grpc-default-executor-4] INFO  impl.RaftServerImpl (RaftServerImpl.java:setRole(184)) - 5170c5f3-8499-4b42-9321-85fc8a351f79@group-BCB82A5C07F5: changes role from  FOLLOWER to FOLLOWER at term 80 for recognizeCandidate:12ad0800-05cb-443c-9fdd-fa1debf04523
2019-10-18 07:23:57,932 [grpc-default-executor-4] INFO  impl.RoleInfo (RoleInfo.java:shutdownFollowerState(121)) - 5170c5f3-8499-4b42-9321-85fc8a351f79: shutdown FollowerState
2019-10-18 07:23:57,932 [grpc-default-executor-14] INFO  impl.RaftServerImpl (RaftServerImpl.java:setRole(184)) - 0b10a9fc-47eb-4a2b-b664-8273d9d17379@group-BCB82A5C07F5: changes role from  FOLLOWER to FOLLOWER at term 80 for recognizeCandidate:12ad0800-05cb-443c-9fdd-fa1debf04523
2019-10-18 07:23:57,932 [grpc-default-executor-14] INFO  impl.RoleInfo (RoleInfo.java:shutdownFollowerState(121)) - 0b10a9fc-47eb-4a2b-b664-8273d9d17379: shutdown FollowerState
2019-10-18 07:23:57,932 [Thread-9661] INFO  impl.FollowerState (FollowerState.java:run(117)) - 5170c5f3-8499-4b42-9321-85fc8a351f79@group-BCB82A5C07F5-FollowerState was interrupted: java.lang.InterruptedException: sleep interrupted
2019-10-18 07:23:57,932 [grpc-default-executor-4] INFO  impl.RoleInfo (RoleInfo.java:updateAndGet(143)) - 5170c5f3-8499-4b42-9321-85fc8a351f79: start FollowerState
2019-10-18 07:23:57,933 [Thread-9660] INFO  impl.FollowerState (FollowerState.java:run(117)) - 0b10a9fc-47eb-4a2b-b664-8273d9d17379@group-BCB82A5C07F5-FollowerState was interrupted: java.lang.InterruptedException: sleep interrupted
2019-10-18 07:23:57,933 [grpc-default-executor-14] INFO  impl.RoleInfo (RoleInfo.java:updateAndGet(143)) - 0b10a9fc-47eb-4a2b-b664-8273d9d17379: start FollowerState
2019-10-18 07:23:57,957 [12ad0800-05cb-443c-9fdd-fa1debf04523@group-BCB82A5C07F5-LeaderElection1077] INFO  impl.LeaderElection (LeaderElection.java:logAndReturn(56)) - 12ad0800-05cb-443c-9fdd-fa1debf04523@group-BCB82A5C07F5-LeaderElection1077: Election REJECTED; received 2 response(s) [12ad0800-05cb-443c-9fdd-fa1debf04523<-5170c5f3-8499-4b42-9321-85fc8a351f79#0:FAIL-t80, 12ad0800-05cb-443c-9fdd-fa1debf04523<-0b10a9fc-47eb-4a2b-b664-8273d9d17379#0:FAIL-t80] and 0 exception(s); 12ad0800-05cb-443c-9fdd-fa1debf04523@group-BCB82A5C07F5:t80, leader=null, voted=12ad0800-05cb-443c-9fdd-fa1debf04523, raftlog=12ad0800-05cb-443c-9fdd-fa1debf04523@group-BCB82A5C07F5-SegmentedRaftLog:OPENED:c-1,f-1,i0, conf=-1: [12ad0800-05cb-443c-9fdd-fa1debf04523:192.168.34.25:41155, 5170c5f3-8499-4b42-9321-85fc8a351f79:192.168.34.25:43074, 0b10a9fc-47eb-4a2b-b664-8273d9d17379:192.168.34.25:45248], old=null
2019-10-18 07:23:57,957 [12ad0800-05cb-443c-9fdd-fa1debf04523@group-BCB82A5C07F5-LeaderElection1077] INFO  impl.RaftServerImpl (RaftServerImpl.java:setRole(184)) - 12ad0800-05cb-443c-9fdd-fa1debf04523@group-BCB82A5C07F5: changes role from CANDIDATE to FOLLOWER at term 80 for DISCOVERED_A_NEW_TERM
2019-10-18 07:23:57,957 [12ad0800-05cb-443c-9fdd-fa1debf04523@group-BCB82A5C07F5-LeaderElection1077] INFO  impl.RoleInfo (RoleInfo.java:shutdownLeaderElection(134)) - 12ad0800-05cb-443c-9fdd-fa1debf04523: shutdown LeaderElection
2019-10-18 07:23:57,957 [12ad0800-05cb-443c-9fdd-fa1debf04523@group-BCB82A5C07F5-LeaderElection1077] INFO  impl.RoleInfo (RoleInfo.java:updateAndGet(143)) - 12ad0800-05cb-443c-9fdd-fa1debf04523: start FollowerState
2019-10-18 07:23:58,007 [Thread-9680] INFO  impl.FollowerState (FollowerState.java:run(108)) - 12ad0800-05cb-443c-9fdd-fa1debf04523@group-BCB82A5C07F5-FollowerState: change to CANDIDATE, lastRpcTime:50ms, electionTimeout:50ms
2019-10-18 07:23:58,007 [Thread-9680] INFO  impl.RoleInfo (RoleInfo.java:shutdownFollowerState(121)) - 12ad0800-05cb-443c-9fdd-fa1debf04523: shutdown FollowerState
2019-10-18 07:23:58,008 [Thread-9680] INFO  impl.RaftServerImpl (RaftServerImpl.java:setRole(184)) - 12ad0800-05cb-443c-9fdd-fa1debf04523@group-BCB82A5C07F5: changes role from  FOLLOWER to CANDIDATE at term 80 for changeToCandidate
2019-10-18 07:23:58,008 [Thread-9680] INFO  impl.RoleInfo (RoleInfo.java:updateAndGet(143)) - 12ad0800-05cb-443c-9fdd-fa1debf04523: start LeaderElection
2019-10-18 07:23:58,031 [12ad0800-05cb-443c-9fdd-fa1debf04523@group-BCB82A5C07F5-LeaderElection1078] INFO  impl.LeaderElection (LeaderElection.java:askForVotes(178)) - 12ad0800-05cb-443c-9fdd-fa1debf04523@group-BCB82A5C07F5-LeaderElection1078: begin an election at term 81 for -1: [12ad0800-05cb-443c-9fdd-fa1debf04523:192.168.34.25:41155, 5170c5f3-8499-4b42-9321-85fc8a351f79:192.168.34.25:43074, 0b10a9fc-47eb-4a2b-b664-8273d9d17379:192.168.34.25:45248], old=null
2019-10-18 07:23:58,032 [grpc-default-executor-14] INFO  impl.RaftServerImpl (RaftServerImpl.java:setRole(184)) - 5170c5f3-8499-4b42-9321-85fc8a351f79@group-BCB82A5C07F5: changes role from  FOLLOWER to FOLLOWER at term 81 for recognizeCandidate:12ad0800-05cb-443c-9fdd-fa1debf04523
2019-10-18 07:23:58,032 [grpc-default-executor-4] INFO  impl.RaftServerImpl (RaftServerImpl.java:setRole(184)) - 0b10a9fc-47eb-4a2b-b664-8273d9d17379@group-BCB82A5C07F5: changes role from  FOLLOWER to FOLLOWER at term 81 for recognizeCandidate:12ad0800-05cb-443c-9fdd-fa1debf04523
2019-10-18 07:23:58,032 [grpc-default-executor-14] INFO  impl.RoleInfo (RoleInfo.java:shutdownFollowerState(121)) - 5170c5f3-8499-4b42-9321-85fc8a351f79: shutdown FollowerState
2019-10-18 07:23:58,032 [grpc-default-executor-4] INFO  impl.RoleInfo (RoleInfo.java:shutdownFollowerState(121)) - 0b10a9fc-47eb-4a2b-b664-8273d9d17379: shutdown FollowerState
2019-10-18 07:23:58,032 [Thread-9678] INFO  impl.FollowerState (FollowerState.java:run(117)) - 5170c5f3-8499-4b42-9321-85fc8a351f79@group-BCB82A5C07F5-FollowerState was interrupted: java.lang.InterruptedException: sleep interrupted
2019-10-18 07:23:58,032 [grpc-default-executor-14] INFO  impl.RoleInfo (RoleInfo.java:updateAndGet(143)) - 5170c5f3-8499-4b42-9321-85fc8a351f79: start FollowerState
2019-10-18 07:23:58,032 [Thread-9679] INFO  impl.FollowerState (FollowerState.java:run(117)) - 0b10a9fc-47eb-4a2b-b664-8273d9d17379@group-BCB82A5C07F5-FollowerState was interrupted: java.lang.InterruptedException: sleep interrupted
2019-10-18 07:23:58,032 [grpc-default-executor-4] INFO  impl.RoleInfo (RoleInfo.java:updateAndGet(143)) - 0b10a9fc-47eb-4a2b-b664-8273d9d17379: start FollowerState
2019-10-18 07:23:58,056 [12ad0800-05cb-443c-9fdd-fa1debf04523@group-BCB82A5C07F5-LeaderElection1078] INFO  impl.LeaderElection (LeaderElection.java:logAndReturn(56)) - 12ad0800-05cb-443c-9fdd-fa1debf04523@group-BCB82A5C07F5-LeaderElection1078: Election REJECTED; received 2 response(s) [12ad0800-05cb-443c-9fdd-fa1debf04523<-5170c5f3-8499-4b42-9321-85fc8a351f79#0:FAIL-t81, 12ad0800-05cb-443c-9fdd-fa1debf04523<-0b10a9fc-47eb-4a2b-b664-8273d9d17379#0:FAIL-t81] and 0 exception(s); 12ad0800-05cb-443c-9fdd-fa1debf04523@group-BCB82A5C07F5:t81, leader=null, voted=12ad0800-05cb-443c-9fdd-fa1debf04523, raftlog=12ad0800-05cb-443c-9fdd-fa1debf04523@group-BCB82A5C07F5-SegmentedRaftLog:OPENED:c-1,f-1,i0, conf=-1: [12ad0800-05cb-443c-9fdd-fa1debf04523:192.168.34.25:41155, 5170c5f3-8499-4b42-9321-85fc8a351f79:192.168.34.25:43074, 0b10a9fc-47eb-4a2b-b664-8273d9d17379:192.168.34.25:45248], old=null
2019-10-18 07:23:58,056 [12ad0800-05cb-443c-9fdd-fa1debf04523@group-BCB82A5C07F5-LeaderElection1078] INFO  impl.RaftServerImpl (RaftServerImpl.java:setRole(184)) - 12ad0800-05cb-443c-9fdd-fa1debf04523@group-BCB82A5C07F5: changes role from CANDIDATE to FOLLOWER at term 81 for DISCOVERED_A_NEW_TERM
2019-10-18 07:23:58,056 [12ad0800-05cb-443c-9fdd-fa1debf04523@group-BCB82A5C07F5-LeaderElection1078] INFO  impl.RoleInfo (RoleInfo.java:shutdownLeaderElection(134)) - 12ad0800-05cb-443c-9fdd-fa1debf04523: shutdown LeaderElection
2019-10-18 07:23:58,056 [12ad0800-05cb-443c-9fdd-fa1debf04523@group-BCB82A5C07F5-LeaderElection1078] INFO  impl.RoleInfo (RoleInfo.java:updateAndGet(143)) - 12ad0800-05cb-443c-9fdd-fa1debf04523: start FollowerState
2019-10-18 07:23:58,121 [Thread-9677] INFO  impl.FollowerState (FollowerState.java:run(108)) - 4dea926d-4bc6-487a-9b9b-9fd457d0fae4@group-0C9C3B2D0CC1-FollowerState: change to CANDIDATE, lastRpcTime:189ms, electionTimeout:189ms
2019-10-18 07:23:58,122 [Thread-9677] INFO  impl.RoleInfo (RoleInfo.java:shutdownFollowerState(121)) - 4dea926d-4bc6-487a-9b9b-9fd457d0fae4: shutdown FollowerState
2019-10-18 07:23:58,122 [Thread-9677] INFO  impl.RaftServerImpl (RaftServerImpl.java:setRole(184)) - 4dea926d-4bc6-487a-9b9b-9fd457d0fae4@group-0C9C3B2D0CC1: changes role from  FOLLOWER to CANDIDATE at term 70 for changeToCandidate
2019-10-18 07:23:58,122 [Thread-9677] INFO  impl.RoleInfo (RoleInfo.java:updateAndGet(143)) - 4dea926d-4bc6-487a-9b9b-9fd457d0fae4: start LeaderElection
2019-10-18 07:23:58,145 [4dea926d-4bc6-487a-9b9b-9fd457d0fae4@group-0C9C3B2D0CC1-LeaderElection1079] INFO  impl.LeaderElection (LeaderElection.java:askForVotes(178)) - 4dea926d-4bc6-487a-9b9b-9fd457d0fae4@group-0C9C3B2D0CC1-LeaderElection1079: begin an election at term 71 for -1: [6633f50a-7046-4b08-9937-8e25f1b14b15:192.168.34.25:39338, 67270882-100a-4e75-928d-618d17e069c8:192.168.34.25:36648, 4dea926d-4bc6-487a-9b9b-9fd457d0fae4:192.168.34.25:41624], old=null
2019-10-18 07:23:58,147 [grpc-default-executor-14] INFO  impl.RaftServerImpl (RaftServerImpl.java:setRole(184)) - 6633f50a-7046-4b08-9937-8e25f1b14b15@group-0C9C3B2D0CC1: changes role from  FOLLOWER to FOLLOWER at term 71 for recognizeCandidate:4dea926d-4bc6-487a-9b9b-9fd457d0fae4
2019-10-18 07:23:58,147 [grpc-default-executor-14] INFO  impl.RoleInfo (RoleInfo.java:shutdownFollowerState(121)) - 6633f50a-7046-4b08-9937-8e25f1b14b15: shutdown FollowerState
2019-10-18 07:23:58,147 [grpc-default-executor-4] INFO  impl.RaftServerImpl (RaftServerImpl.java:setRole(184)) - 67270882-100a-4e75-928d-618d17e069c8@group-0C9C3B2D0CC1: changes role from  FOLLOWER to FOLLOWER at term 71 for recognizeCandidate:4dea926d-4bc6-487a-9b9b-9fd457d0fae4
2019-10-18 07:23:58,147 [grpc-default-executor-4] INFO  impl.RoleInfo (RoleInfo.java:shutdownFollowerState(121)) - 67270882-100a-4e75-928d-618d17e069c8: shutdown FollowerState
2019-10-18 07:23:58,147 [Thread-9673] INFO  impl.FollowerState (FollowerState.java:run(117)) - 6633f50a-7046-4b08-9937-8e25f1b14b15@group-0C9C3B2D0CC1-FollowerState was interrupted: java.lang.InterruptedException: sleep interrupted
2019-10-18 07:23:58,147 [grpc-default-executor-14] INFO  impl.RoleInfo (RoleInfo.java:updateAndGet(143)) - 6633f50a-7046-4b08-9937-8e25f1b14b15: start FollowerState
2019-10-18 07:23:58,147 [Thread-9674] INFO  impl.FollowerState (FollowerState.java:run(117)) - 67270882-100a-4e75-928d-618d17e069c8@group-0C9C3B2D0CC1-FollowerState was interrupted: java.lang.InterruptedException: sleep interrupted
2019-10-18 07:23:58,147 [grpc-default-executor-4] INFO  impl.RoleInfo (RoleInfo.java:updateAndGet(143)) - 67270882-100a-4e75-928d-618d17e069c8: start FollowerState
2019-10-18 07:23:58,182 [4dea926d-4bc6-487a-9b9b-9fd457d0fae4@group-0C9C3B2D0CC1-LeaderElection1079] INFO  impl.LeaderElection (LeaderElection.java:logAndReturn(56)) - 4dea926d-4bc6-487a-9b9b-9fd457d0fae4@group-0C9C3B2D0CC1-LeaderElection1079: Election REJECTED; received 2 response(s) [4dea926d-4bc6-487a-9b9b-9fd457d0fae4<-6633f50a-7046-4b08-9937-8e25f1b14b15#0:FAIL-t71, 4dea926d-4bc6-487a-9b9b-9fd457d0fae4<-67270882-100a-4e75-928d-618d17e069c8#0:FAIL-t71] and 0 exception(s); 4dea926d-4bc6-487a-9b9b-9fd457d0fae4@group-0C9C3B2D0CC1:t71, leader=null, voted=4dea926d-4bc6-487a-9b9b-9fd457d0fae4, raftlog=4dea926d-4bc6-487a-9b9b-9fd457d0fae4@group-0C9C3B2D0CC1-SegmentedRaftLog:OPENED:c-1,f-1,i0, conf=-1: [6633f50a-7046-4b08-9937-8e25f1b14b15:192.168.34.25:39338, 67270882-100a-4e75-928d-618d17e069c8:192.168.34.25:36648, 4dea926d-4bc6-487a-9b9b-9fd457d0fae4:192.168.34.25:41624], old=null
2019-10-18 07:23:58,182 [4dea926d-4bc6-487a-9b9b-9fd457d0fae4@group-0C9C3B2D0CC1-LeaderElection1079] INFO  impl.RaftServerImpl (RaftServerImpl.java:setRole(184)) - 4dea926d-4bc6-487a-9b9b-9fd457d0fae4@group-0C9C3B2D0CC1: changes role from CANDIDATE to FOLLOWER at term 71 for DISCOVERED_A_NEW_TERM
2019-10-18 07:23:58,182 [4dea926d-4bc6-487a-9b9b-9fd457d0fae4@group-0C9C3B2D0CC1-LeaderElection1079] INFO  impl.RoleInfo (RoleInfo.java:shutdownLeaderElection(134)) - 4dea926d-4bc6-487a-9b9b-9fd457d0fae4: shutdown LeaderElection
2019-10-18 07:23:58,183 [4dea926d-4bc6-487a-9b9b-9fd457d0fae4@group-0C9C3B2D0CC1-LeaderElection1079] INFO  impl.RoleInfo (RoleInfo.java:updateAndGet(143)) - 4dea926d-4bc6-487a-9b9b-9fd457d0fae4: start FollowerState
2019-10-18 07:23:58,251 [Thread-9688] INFO  impl.FollowerState (FollowerState.java:run(108)) - 12ad0800-05cb-443c-9fdd-fa1debf04523@group-BCB82A5C07F5-FollowerState: change to CANDIDATE, lastRpcTime:194ms, electionTimeout:194ms
2019-10-18 07:23:58,251 [Thread-9688] INFO  impl.RoleInfo (RoleInfo.java:shutdownFollowerState(121)) - 12ad0800-05cb-443c-9fdd-fa1debf04523: shutdown FollowerState
2019-10-18 07:23:58,251 [Thread-9688] INFO  impl.RaftServerImpl (RaftServerImpl.java:setRole(184)) - 12ad0800-05cb-443c-9fdd-fa1debf04523@group-BCB82A5C07F5: changes role from  FOLLOWER to CANDIDATE at term 81 for changeToCandidate
2019-10-18 07:23:58,251 [Thread-9688] INFO  impl.RoleInfo (RoleInfo.java:updateAndGet(143)) - 12ad0800-05cb-443c-9fdd-fa1debf04523: start LeaderElection
2019-10-18 07:23:58,267 [12ad0800-05cb-443c-9fdd-fa1debf04523@group-BCB82A5C07F5-LeaderElection1080] INFO  impl.LeaderElection (LeaderElection.java:askForVotes(178)) - 12ad0800-05cb-443c-9fdd-fa1debf04523@group-BCB82A5C07F5-LeaderElection1080: begin an election at term 82 for -1: [12ad0800-05cb-443c-9fdd-fa1debf04523:192.168.34.25:41155, 5170c5f3-8499-4b42-9321-85fc8a351f79:192.168.34.25:43074, 0b10a9fc-47eb-4a2b-b664-8273d9d17379:192.168.34.25:45248], old=null
2019-10-18 07:23:58,268 [grpc-default-executor-4] INFO  impl.RaftServerImpl (RaftServerImpl.java:setRole(184)) - 5170c5f3-8499-4b42-9321-85fc8a351f79@group-BCB82A5C07F5: changes role from  FOLLOWER to FOLLOWER at term 82 for recognizeCandidate:12ad0800-05cb-443c-9fdd-fa1debf04523
2019-10-18 07:23:58,268 [grpc-default-executor-14] INFO  impl.RaftServerImpl (RaftServerImpl.java:setRole(184)) - 0b10a9fc-47eb-4a2b-b664-8273d9d17379@group-BCB82A5C07F5: changes role from  FOLLOWER to FOLLOWER at term 82 for recognizeCandidate:12ad0800-05cb-443c-9fdd-fa1debf04523
2019-10-18 07:23:58,269 [grpc-default-executor-14] INFO  impl.RoleInfo (RoleInfo.java:shutdownFollowerState(121)) - 0b10a9fc-47eb-4a2b-b664-8273d9d17379: shutdown FollowerState
2019-10-18 07:23:58,269 [grpc-default-executor-4] INFO  impl.RoleInfo (RoleInfo.java:shutdownFollowerState(121)) - 5170c5f3-8499-4b42-9321-85fc8a351f79: shutdown FollowerState
2019-10-18 07:23:58,269 [Thread-9687] INFO  impl.FollowerState (FollowerState.java:run(117)) - 0b10a9fc-47eb-4a2b-b664-8273d9d17379@group-BCB82A5C07F5-FollowerState was interrupted: java.lang.InterruptedException: sleep interrupted
2019-10-18 07:23:58,269 [grpc-default-executor-14] INFO  impl.RoleInfo (RoleInfo.java:updateAndGet(143)) - 0b10a9fc-47eb-4a2b-b664-8273d9d17379: start FollowerState
2019-10-18 07:23:58,269 [Thread-9686] INFO  impl.FollowerState (FollowerState.java:run(117)) - 5170c5f3-8499-4b42-9321-85fc8a351f79@group-BCB82A5C07F5-FollowerState was interrupted: java.lang.InterruptedException: sleep interrupted
2019-10-18 07:23:58,269 [grpc-default-executor-4] INFO  impl.RoleInfo (RoleInfo.java:updateAndGet(143)) - 5170c5f3-8499-4b42-9321-85fc8a351f79: start FollowerState
2019-10-18 07:23:58,285 [12ad0800-05cb-443c-9fdd-fa1debf04523@group-BCB82A5C07F5-LeaderElection1080] INFO  impl.LeaderElection (LeaderElection.java:logAndReturn(56)) - 12ad0800-05cb-443c-9fdd-fa1debf04523@group-BCB82A5C07F5-LeaderElection1080: Election REJECTED; received 2 response(s) [12ad0800-05cb-443c-9fdd-fa1debf04523<-5170c5f3-8499-4b42-9321-85fc8a351f79#0:FAIL-t82, 12ad0800-05cb-443c-9fdd-fa1debf04523<-0b10a9fc-47eb-4a2b-b664-8273d9d17379#0:FAIL-t82] and 0 exception(s); 12ad0800-05cb-443c-9fdd-fa1debf04523@group-BCB82A5C07F5:t82, leader=null, voted=12ad0800-05cb-443c-9fdd-fa1debf04523, raftlog=12ad0800-05cb-443c-9fdd-fa1debf04523@group-BCB82A5C07F5-SegmentedRaftLog:OPENED:c-1,f-1,i0, conf=-1: [12ad0800-05cb-443c-9fdd-fa1debf04523:192.168.34.25:41155, 5170c5f3-8499-4b42-9321-85fc8a351f79:192.168.34.25:43074, 0b10a9fc-47eb-4a2b-b664-8273d9d17379:192.168.34.25:45248], old=null
2019-10-18 07:23:58,285 [12ad0800-05cb-443c-9fdd-fa1debf04523@group-BCB82A5C07F5-LeaderElection1080] INFO  impl.RaftServerImpl (RaftServerImpl.java:setRole(184)) - 12ad0800-05cb-443c-9fdd-fa1debf04523@group-BCB82A5C07F5: changes role from CANDIDATE to FOLLOWER at term 82 for DISCOVERED_A_NEW_TERM
2019-10-18 07:23:58,285 [12ad0800-05cb-443c-9fdd-fa1debf04523@group-BCB82A5C07F5-LeaderElection1080] INFO  impl.RoleInfo (RoleInfo.java:shutdownLeaderElection(134)) - 12ad0800-05cb-443c-9fdd-fa1debf04523: shutdown LeaderElection
2019-10-18 07:23:58,285 [12ad0800-05cb-443c-9fdd-fa1debf04523@group-BCB82A5C07F5-LeaderElection1080] INFO  impl.RoleInfo (RoleInfo.java:updateAndGet(143)) - 12ad0800-05cb-443c-9fdd-fa1debf04523: start FollowerState
2019-10-18 07:23:58,364 [Thread-9694] INFO  impl.FollowerState (FollowerState.java:run(108)) - 4dea926d-4bc6-487a-9b9b-9fd457d0fae4@group-0C9C3B2D0CC1-FollowerState: change to CANDIDATE, lastRpcTime:181ms, electionTimeout:181ms
2019-10-18 07:23:58,364 [Thread-9694] INFO  impl.RoleInfo (RoleInfo.java:shutdownFollowerState(121)) - 4dea926d-4bc6-487a-9b9b-9fd457d0fae4: shutdown FollowerState
2019-10-18 07:23:58,364 [Thread-9694] INFO  impl.RaftServerImpl (RaftServerImpl.java:setRole(184)) - 4dea926d-4bc6-487a-9b9b-9fd457d0fae4@group-0C9C3B2D0CC1: changes role from  FOLLOWER to CANDIDATE at term 71 for changeToCandidate
2019-10-18 07:23:58,364 [Thread-9694] INFO  impl.RoleInfo (RoleInfo.java:updateAndGet(143)) - 4dea926d-4bc6-487a-9b9b-9fd457d0fae4: start LeaderElection
2019-10-18 07:23:58,381 [Thread-9700] INFO  impl.FollowerState (FollowerState.java:run(108)) - 12ad0800-05cb-443c-9fdd-fa1debf04523@group-BCB82A5C07F5-FollowerState: change to CANDIDATE, lastRpcTime:95ms, electionTimeout:95ms
2019-10-18 07:23:58,381 [Thread-9700] INFO  impl.RoleInfo (RoleInfo.java:shutdownFollowerState(121)) - 12ad0800-05cb-443c-9fdd-fa1debf04523: shutdown FollowerState
2019-10-18 07:23:58,381 [Thread-9700] INFO  impl.RaftServerImpl (RaftServerImpl.java:setRole(184)) - 12ad0800-05cb-443c-9fdd-fa1debf04523@group-BCB82A5C07F5: changes role from  FOLLOWER to CANDIDATE at term 82 for changeToCandidate
2019-10-18 07:23:58,381 [Thread-9700] INFO  impl.RoleInfo (RoleInfo.java:updateAndGet(143)) - 12ad0800-05cb-443c-9fdd-fa1debf04523: start LeaderElection
2019-10-18 07:23:58,394 [4dea926d-4bc6-487a-9b9b-9fd457d0fae4@group-0C9C3B2D0CC1-LeaderElection1081] INFO  impl.LeaderElection (LeaderElection.java:askForVotes(178)) - 4dea926d-4bc6-487a-9b9b-9fd457d0fae4@group-0C9C3B2D0CC1-LeaderElection1081: begin an election at term 72 for -1: [6633f50a-7046-4b08-9937-8e25f1b14b15:192.168.34.25:39338, 67270882-100a-4e75-928d-618d17e069c8:192.168.34.25:36648, 4dea926d-4bc6-487a-9b9b-9fd457d0fae4:192.168.34.25:41624], old=null
2019-10-18 07:23:58,395 [grpc-default-executor-4] INFO  impl.RaftServerImpl (RaftServerImpl.java:setRole(184)) - 6633f50a-7046-4b08-9937-8e25f1b14b15@group-0C9C3B2D0CC1: changes role from  FOLLOWER to FOLLOWER at term 72 for recognizeCandidate:4dea926d-4bc6-487a-9b9b-9fd457d0fae4
2019-10-18 07:23:58,396 [grpc-default-executor-4] INFO  impl.RoleInfo (RoleInfo.java:shutdownFollowerState(121)) - 6633f50a-7046-4b08-9937-8e25f1b14b15: shutdown FollowerState
2019-10-18 07:23:58,395 [grpc-default-executor-14] INFO  impl.RaftServerImpl (RaftServerImpl.java:setRole(184)) - 67270882-100a-4e75-928d-618d17e069c8@group-0C9C3B2D0CC1: changes role from  FOLLOWER to FOLLOWER at term 72 for recognizeCandidate:4dea926d-4bc6-487a-9b9b-9fd457d0fae4
2019-10-18 07:23:58,396 [Thread-9692] INFO  impl.FollowerState (FollowerState.java:run(117)) - 6633f50a-7046-4b08-9937-8e25f1b14b15@group-0C9C3B2D0CC1-FollowerState was interrupted: java.lang.InterruptedException: sleep interrupted
2019-10-18 07:23:58,396 [grpc-default-executor-4] INFO  impl.RoleInfo (RoleInfo.java:updateAndGet(143)) - 6633f50a-7046-4b08-9937-8e25f1b14b15: start FollowerState
2019-10-18 07:23:58,396 [grpc-default-executor-14] INFO  impl.RoleInfo (RoleInfo.java:shutdownFollowerState(121)) - 67270882-100a-4e75-928d-618d17e069c8: shutdown FollowerState
2019-10-18 07:23:58,396 [grpc-default-executor-14] INFO  impl.RoleInfo (RoleInfo.java:updateAndGet(143)) - 67270882-100a-4e75-928d-618d17e069c8: start FollowerState
2019-10-18 07:23:58,396 [Thread-9693] INFO  impl.FollowerState (FollowerState.java:run(117)) - 67270882-100a-4e75-928d-618d17e069c8@group-0C9C3B2D0CC1-FollowerState was interrupted: java.lang.InterruptedException: sleep interrupted
2019-10-18 07:23:58,412 [12ad0800-05cb-443c-9fdd-fa1debf04523@group-BCB82A5C07F5-LeaderElection1082] INFO  impl.LeaderElection (LeaderElection.java:askForVotes(178)) - 12ad0800-05cb-443c-9fdd-fa1debf04523@group-BCB82A5C07F5-LeaderElection1082: begin an election at term 83 for -1: [12ad0800-05cb-443c-9fdd-fa1debf04523:192.168.34.25:41155, 5170c5f3-8499-4b42-9321-85fc8a351f79:192.168.34.25:43074, 0b10a9fc-47eb-4a2b-b664-8273d9d17379:192.168.34.25:45248], old=null
2019-10-18 07:23:58,413 [grpc-default-executor-4] INFO  impl.RaftServerImpl (RaftServerImpl.java:setRole(184)) - 5170c5f3-8499-4b42-9321-85fc8a351f79@group-BCB82A5C07F5: changes role from  FOLLOWER to FOLLOWER at term 83 for recognizeCandidate:12ad0800-05cb-443c-9fdd-fa1debf04523
2019-10-18 07:23:58,413 [grpc-default-executor-4] INFO  impl.RoleInfo (RoleInfo.java:shutdownFollowerState(121)) - 5170c5f3-8499-4b42-9321-85fc8a351f79: shutdown FollowerState
2019-10-18 07:23:58,413 [grpc-default-executor-11] INFO  impl.RaftServerImpl (RaftServerImpl.java:setRole(184)) - 0b10a9fc-47eb-4a2b-b664-8273d9d17379@group-BCB82A5C07F5: changes role from  FOLLOWER to FOLLOWER at term 83 for recognizeCandidate:12ad0800-05cb-443c-9fdd-fa1debf04523
2019-10-18 07:23:58,413 [Thread-9699] INFO  impl.FollowerState (FollowerState.java:run(117)) - 5170c5f3-8499-4b42-9321-85fc8a351f79@group-BCB82A5C07F5-FollowerState was interrupted: java.lang.InterruptedException: sleep interrupted
2019-10-18 07:23:58,413 [grpc-default-executor-4] INFO  impl.RoleInfo (RoleInfo.java:updateAndGet(143)) - 5170c5f3-8499-4b42-9321-85fc8a351f79: start FollowerState
2019-10-18 07:23:58,413 [grpc-default-executor-11] INFO  impl.RoleInfo (RoleInfo.java:shutdownFollowerState(121)) - 0b10a9fc-47eb-4a2b-b664-8273d9d17379: shutdown FollowerState
2019-10-18 07:23:58,413 [grpc-default-executor-11] INFO  impl.RoleInfo (RoleInfo.java:updateAndGet(143)) - 0b10a9fc-47eb-4a2b-b664-8273d9d17379: start FollowerState
2019-10-18 07:23:58,413 [Thread-9698] INFO  impl.FollowerState (FollowerState.java:run(117)) - 0b10a9fc-47eb-4a2b-b664-8273d9d17379@group-BCB82A5C07F5-FollowerState was interrupted: java.lang.InterruptedException: sleep interrupted
2019-10-18 07:23:58,429 [4dea926d-4bc6-487a-9b9b-9fd457d0fae4@group-0C9C3B2D0CC1-LeaderElection1081] INFO  impl.LeaderElection (LeaderElection.java:logAndReturn(56)) - 4dea926d-4bc6-487a-9b9b-9fd457d0fae4@group-0C9C3B2D0CC1-LeaderElection1081: Election REJECTED; received 2 response(s) [4dea926d-4bc6-487a-9b9b-9fd457d0fae4<-6633f50a-7046-4b08-9937-8e25f1b14b15#0:FAIL-t72, 4dea926d-4bc6-487a-9b9b-9fd457d0fae4<-67270882-100a-4e75-928d-618d17e069c8#0:FAIL-t72] and 0 exception(s); 4dea926d-4bc6-487a-9b9b-9fd457d0fae4@group-0C9C3B2D0CC1:t72, leader=null, voted=4dea926d-4bc6-487a-9b9b-9fd457d0fae4, raftlog=4dea926d-4bc6-487a-9b9b-9fd457d0fae4@group-0C9C3B2D0CC1-SegmentedRaftLog:OPENED:c-1,f-1,i0, conf=-1: [6633f50a-7046-4b08-9937-8e25f1b14b15:192.168.34.25:39338, 67270882-100a-4e75-928d-618d17e069c8:192.168.34.25:36648, 4dea926d-4bc6-487a-9b9b-9fd457d0fae4:192.168.34.25:41624], old=null
2019-10-18 07:23:58,429 [4dea926d-4bc6-487a-9b9b-9fd457d0fae4@group-0C9C3B2D0CC1-LeaderElection1081] INFO  impl.RaftServerImpl (RaftServerImpl.java:setRole(184)) - 4dea926d-4bc6-487a-9b9b-9fd457d0fae4@group-0C9C3B2D0CC1: changes role from CANDIDATE to FOLLOWER at term 72 for DISCOVERED_A_NEW_TERM
2019-10-18 07:23:58,429 [4dea926d-4bc6-487a-9b9b-9fd457d0fae4@group-0C9C3B2D0CC1-LeaderElection1081] INFO  impl.RoleInfo (RoleInfo.java:shutdownLeaderElection(134)) - 4dea926d-4bc6-487a-9b9b-9fd457d0fae4: shutdown LeaderElection
2019-10-18 07:23:58,429 [4dea926d-4bc6-487a-9b9b-9fd457d0fae4@group-0C9C3B2D0CC1-LeaderElection1081] INFO  impl.RoleInfo (RoleInfo.java:updateAndGet(143)) - 4dea926d-4bc6-487a-9b9b-9fd457d0fae4: start FollowerState
2019-10-18 07:23:58,446 [12ad0800-05cb-443c-9fdd-fa1debf04523@group-BCB82A5C07F5-LeaderElection1082] INFO  impl.LeaderElection (LeaderElection.java:logAndReturn(56)) - 12ad0800-05cb-443c-9fdd-fa1debf04523@group-BCB82A5C07F5-LeaderElection1082: Election REJECTED; received 2 response(s) [12ad0800-05cb-443c-9fdd-fa1debf04523<-5170c5f3-8499-4b42-9321-85fc8a351f79#0:FAIL-t83, 12ad0800-05cb-443c-9fdd-fa1debf04523<-0b10a9fc-47eb-4a2b-b664-8273d9d17379#0:FAIL-t83] and 0 exception(s); 12ad0800-05cb-443c-9fdd-fa1debf04523@group-BCB82A5C07F5:t83, leader=null, voted=12ad0800-05cb-443c-9fdd-fa1debf04523, raftlog=12ad0800-05cb-443c-9fdd-fa1debf04523@group-BCB82A5C07F5-SegmentedRaftLog:OPENED:c-1,f-1,i0, conf=-1: [12ad0800-05cb-443c-9fdd-fa1debf04523:192.168.34.25:41155, 5170c5f3-8499-4b42-9321-85fc8a351f79:192.168.34.25:43074, 0b10a9fc-47eb-4a2b-b664-8273d9d17379:192.168.34.25:45248], old=null
2019-10-18 07:23:58,446 [12ad0800-05cb-443c-9fdd-fa1debf04523@group-BCB82A5C07F5-LeaderElection1082] INFO  impl.RaftServerImpl (RaftServerImpl.java:setRole(184)) - 12ad0800-05cb-443c-9fdd-fa1debf04523@group-BCB82A5C07F5: changes role from CANDIDATE to FOLLOWER at term 83 for DISCOVERED_A_NEW_TERM
2019-10-18 07:23:58,447 [12ad0800-05cb-443c-9fdd-fa1debf04523@group-BCB82A5C07F5-LeaderElection1082] INFO  impl.RoleInfo (RoleInfo.java:shutdownLeaderElection(134)) - 12ad0800-05cb-443c-9fdd-fa1debf04523: shutdown LeaderElection
2019-10-18 07:23:58,447 [12ad0800-05cb-443c-9fdd-fa1debf04523@group-BCB82A5C07F5-LeaderElection1082] INFO  impl.RoleInfo (RoleInfo.java:updateAndGet(143)) - 12ad0800-05cb-443c-9fdd-fa1debf04523: start FollowerState
2019-10-18 07:23:58,465 [Thread-9712] INFO  impl.FollowerState (FollowerState.java:run(108)) - 12ad0800-05cb-443c-9fdd-fa1debf04523@group-BCB82A5C07F5-FollowerState: change to CANDIDATE, lastRpcTime:18ms, electionTimeout:18ms
2019-10-18 07:23:58,466 [Thread-9712] INFO  impl.RoleInfo (RoleInfo.java:shutdownFollowerState(121)) - 12ad0800-05cb-443c-9fdd-fa1debf04523: shutdown FollowerState
2019-10-18 07:23:58,466 [Thread-9712] INFO  impl.RaftServerImpl (RaftServerImpl.java:setRole(184)) - 12ad0800-05cb-443c-9fdd-fa1debf04523@group-BCB82A5C07F5: changes role from  FOLLOWER to CANDIDATE at term 83 for changeToCandidate
2019-10-18 07:23:58,466 [Thread-9712] INFO  impl.RoleInfo (RoleInfo.java:updateAndGet(143)) - 12ad0800-05cb-443c-9fdd-fa1debf04523: start LeaderElection
2019-10-18 07:23:58,489 [12ad0800-05cb-443c-9fdd-fa1debf04523@group-BCB82A5C07F5-LeaderElection1083] INFO  impl.LeaderElection (LeaderElection.java:askForVotes(178)) - 12ad0800-05cb-443c-9fdd-fa1debf04523@group-BCB82A5C07F5-LeaderElection1083: begin an election at term 84 for -1: [12ad0800-05cb-443c-9fdd-fa1debf04523:192.168.34.25:41155, 5170c5f3-8499-4b42-9321-85fc8a351f79:192.168.34.25:43074, 0b10a9fc-47eb-4a2b-b664-8273d9d17379:192.168.34.25:45248], old=null
2019-10-18 07:23:58,490 [grpc-default-executor-11] INFO  impl.RaftServerImpl (RaftServerImpl.java:setRole(184)) - 0b10a9fc-47eb-4a2b-b664-8273d9d17379@group-BCB82A5C07F5: changes role from  FOLLOWER to FOLLOWER at term 84 for recognizeCandidate:12ad0800-05cb-443c-9fdd-fa1debf04523
2019-10-18 07:23:58,490 [grpc-default-executor-11] INFO  impl.RoleInfo (RoleInfo.java:shutdownFollowerState(121)) - 0b10a9fc-47eb-4a2b-b664-8273d9d17379: shutdown FollowerState
2019-10-18 07:23:58,490 [grpc-default-executor-4] INFO  impl.RaftServerImpl (RaftServerImpl.java:setRole(184)) - 5170c5f3-8499-4b42-9321-85fc8a351f79@group-BCB82A5C07F5: changes role from  FOLLOWER to FOLLOWER at term 84 for recognizeCandidate:12ad0800-05cb-443c-9fdd-fa1debf04523
2019-10-18 07:23:58,490 [grpc-default-executor-4] INFO  impl.RoleInfo (RoleInfo.java:shutdownFollowerState(121)) - 5170c5f3-8499-4b42-9321-85fc8a351f79: shutdown FollowerState
2019-10-18 07:23:58,490 [Thread-9710] INFO  impl.FollowerState (FollowerState.java:run(117)) - 0b10a9fc-47eb-4a2b-b664-8273d9d17379@group-BCB82A5C07F5-FollowerState was interrupted: java.lang.InterruptedException: sleep interrupted
2019-10-18 07:23:58,490 [grpc-default-executor-11] INFO  impl.RoleInfo (RoleInfo.java:updateAndGet(143)) - 0b10a9fc-47eb-4a2b-b664-8273d9d17379: start FollowerState
2019-10-18 07:23:58,491 [grpc-default-executor-4] INFO  impl.RoleInfo (RoleInfo.java:updateAndGet(143)) - 5170c5f3-8499-4b42-9321-85fc8a351f79: start FollowerState
2019-10-18 07:23:58,491 [Thread-9709] INFO  impl.FollowerState (FollowerState.java:run(117)) - 5170c5f3-8499-4b42-9321-85fc8a351f79@group-BCB82A5C07F5-FollowerState was interrupted: java.lang.InterruptedException: sleep interrupted
2019-10-18 07:23:58,495 [Thread-9711] INFO  impl.FollowerState (FollowerState.java:run(108)) - 4dea926d-4bc6-487a-9b9b-9fd457d0fae4@group-0C9C3B2D0CC1-FollowerState: change to CANDIDATE, lastRpcTime:65ms, electionTimeout:65ms
2019-10-18 07:23:58,495 [Thread-9711] INFO  impl.RoleInfo (RoleInfo.java:shutdownFollowerState(121)) - 4dea926d-4bc6-487a-9b9b-9fd457d0fae4: shutdown FollowerState
2019-10-18 07:23:58,495 [Thread-9711] INFO  impl.RaftServerImpl (RaftServerImpl.java:setRole(184)) - 4dea926d-4bc6-487a-9b9b-9fd457d0fae4@group-0C9C3B2D0CC1: changes role from  FOLLOWER to CANDIDATE at term 72 for changeToCandidate
2019-10-18 07:23:58,495 [Thread-9711] INFO  impl.RoleInfo (RoleInfo.java:updateAndGet(143)) - 4dea926d-4bc6-487a-9b9b-9fd457d0fae4: start LeaderElection
2019-10-18 07:23:58,514 [4dea926d-4bc6-487a-9b9b-9fd457d0fae4@group-0C9C3B2D0CC1-LeaderElection1084] INFO  impl.LeaderElection (LeaderElection.java:askForVotes(178)) - 4dea926d-4bc6-487a-9b9b-9fd457d0fae4@group-0C9C3B2D0CC1-LeaderElection1084: begin an election at term 73 for -1: [6633f50a-7046-4b08-9937-8e25f1b14b15:192.168.34.25:39338, 67270882-100a-4e75-928d-618d17e069c8:192.168.34.25:36648, 4dea926d-4bc6-487a-9b9b-9fd457d0fae4:192.168.34.25:41624], old=null
2019-10-18 07:23:58,515 [12ad0800-05cb-443c-9fdd-fa1debf04523@group-BCB82A5C07F5-LeaderElection1083] INFO  impl.LeaderElection (LeaderElection.java:logAndReturn(56)) - 12ad0800-05cb-443c-9fdd-fa1debf04523@group-BCB82A5C07F5-LeaderElection1083: Election REJECTED; received 2 response(s) [12ad0800-05cb-443c-9fdd-fa1debf04523<-5170c5f3-8499-4b42-9321-85fc8a351f79#0:FAIL-t84, 12ad0800-05cb-443c-9fdd-fa1debf04523<-0b10a9fc-47eb-4a2b-b664-8273d9d17379#0:FAIL-t84] and 0 exception(s); 12ad0800-05cb-443c-9fdd-fa1debf04523@group-BCB82A5C07F5:t84, leader=null, voted=12ad0800-05cb-443c-9fdd-fa1debf04523, raftlog=12ad0800-05cb-443c-9fdd-fa1debf04523@group-BCB82A5C07F5-SegmentedRaftLog:OPENED:c-1,f-1,i0, conf=-1: [12ad0800-05cb-443c-9fdd-fa1debf04523:192.168.34.25:41155, 5170c5f3-8499-4b42-9321-85fc8a351f79:192.168.34.25:43074, 0b10a9fc-47eb-4a2b-b664-8273d9d17379:192.168.34.25:45248], old=null
2019-10-18 07:23:58,515 [12ad0800-05cb-443c-9fdd-fa1debf04523@group-BCB82A5C07F5-LeaderElection1083] INFO  impl.RaftServerImpl (RaftServerImpl.java:setRole(184)) - 12ad0800-05cb-443c-9fdd-fa1debf04523@group-BCB82A5C07F5: changes role from CANDIDATE to FOLLOWER at term 84 for DISCOVERED_A_NEW_TERM
2019-10-18 07:23:58,515 [12ad0800-05cb-443c-9fdd-fa1debf04523@group-BCB82A5C07F5-LeaderElection1083] INFO  impl.RoleInfo (RoleInfo.java:shutdownLeaderElection(134)) - 12ad0800-05cb-443c-9fdd-fa1debf04523: shutdown LeaderElection
2019-10-18 07:23:58,515 [12ad0800-05cb-443c-9fdd-fa1debf04523@group-BCB82A5C07F5-LeaderElection1083] INFO  impl.RoleInfo (RoleInfo.java:updateAndGet(143)) - 12ad0800-05cb-443c-9fdd-fa1debf04523: start FollowerState
2019-10-18 07:23:58,515 [grpc-default-executor-11] INFO  impl.RaftServerImpl (RaftServerImpl.java:setRole(184)) - 6633f50a-7046-4b08-9937-8e25f1b14b15@group-0C9C3B2D0CC1: changes role from  FOLLOWER to FOLLOWER at term 73 for recognizeCandidate:4dea926d-4bc6-487a-9b9b-9fd457d0fae4
2019-10-18 07:23:58,515 [grpc-default-executor-11] INFO  impl.RoleInfo (RoleInfo.java:shutdownFollowerState(121)) - 6633f50a-7046-4b08-9937-8e25f1b14b15: shutdown FollowerState
2019-10-18 07:23:58,515 [grpc-default-executor-11] INFO  impl.RoleInfo (RoleInfo.java:updateAndGet(143)) - 6633f50a-7046-4b08-9937-8e25f1b14b15: start FollowerState
2019-10-18 07:23:58,515 [Thread-9705] INFO  impl.FollowerState (FollowerState.java:run(117)) - 6633f50a-7046-4b08-9937-8e25f1b14b15@group-0C9C3B2D0CC1-FollowerState was interrupted: java.lang.InterruptedException: sleep interrupted
2019-10-18 07:23:58,516 [grpc-default-executor-4] INFO  impl.RaftServerImpl (RaftServerImpl.java:setRole(184)) - 67270882-100a-4e75-928d-618d17e069c8@group-0C9C3B2D0CC1: changes role from  FOLLOWER to FOLLOWER at term 73 for recognizeCandidate:4dea926d-4bc6-487a-9b9b-9fd457d0fae4
2019-10-18 07:23:58,516 [grpc-default-executor-4] INFO  impl.RoleInfo (RoleInfo.java:shutdownFollowerState(121)) - 67270882-100a-4e75-928d-618d17e069c8: shutdown FollowerState
2019-10-18 07:23:58,516 [grpc-default-executor-4] INFO  impl.RoleInfo (RoleInfo.java:updateAndGet(143)) - 67270882-100a-4e75-928d-618d17e069c8: start FollowerState
2019-10-18 07:23:58,516 [Thread-9706] INFO  impl.FollowerState (FollowerState.java:run(117)) - 67270882-100a-4e75-928d-618d17e069c8@group-0C9C3B2D0CC1-FollowerState was interrupted: java.lang.InterruptedException: sleep interrupted
2019-10-18 07:23:58,540 [4dea926d-4bc6-487a-9b9b-9fd457d0fae4@group-0C9C3B2D0CC1-LeaderElection1084] INFO  impl.LeaderElection (LeaderElection.java:logAndReturn(56)) - 4dea926d-4bc6-487a-9b9b-9fd457d0fae4@group-0C9C3B2D0CC1-LeaderElection1084: Election REJECTED; received 2 response(s) [4dea926d-4bc6-487a-9b9b-9fd457d0fae4<-6633f50a-7046-4b08-9937-8e25f1b14b15#0:FAIL-t73, 4dea926d-4bc6-487a-9b9b-9fd457d0fae4<-67270882-100a-4e75-928d-618d17e069c8#0:FAIL-t73] and 0 exception(s); 4dea926d-4bc6-487a-9b9b-9fd457d0fae4@group-0C9C3B2D0CC1:t73, leader=null, voted=4dea926d-4bc6-487a-9b9b-9fd457d0fae4, raftlog=4dea926d-4bc6-487a-9b9b-9fd457d0fae4@group-0C9C3B2D0CC1-SegmentedRaftLog:OPENED:c-1,f-1,i0, conf=-1: [6633f50a-7046-4b08-9937-8e25f1b14b15:192.168.34.25:39338, 67270882-100a-4e75-928d-618d17e069c8:192.168.34.25:36648, 4dea926d-4bc6-487a-9b9b-9fd457d0fae4:192.168.34.25:41624], old=null
2019-10-18 07:23:58,540 [4dea926d-4bc6-487a-9b9b-9fd457d0fae4@group-0C9C3B2D0CC1-LeaderElection1084] INFO  impl.RaftServerImpl (RaftServerImpl.java:setRole(184)) - 4dea926d-4bc6-487a-9b9b-9fd457d0fae4@group-0C9C3B2D0CC1: changes role from CANDIDATE to FOLLOWER at term 73 for DISCOVERED_A_NEW_TERM
2019-10-18 07:23:58,540 [4dea926d-4bc6-487a-9b9b-9fd457d0fae4@group-0C9C3B2D0CC1-LeaderElection1084] INFO  impl.RoleInfo (RoleInfo.java:shutdownLeaderElection(134)) - 4dea926d-4bc6-487a-9b9b-9fd457d0fae4: shutdown LeaderElection
2019-10-18 07:23:58,541 [4dea926d-4bc6-487a-9b9b-9fd457d0fae4@group-0C9C3B2D0CC1-LeaderElection1084] INFO  impl.RoleInfo (RoleInfo.java:updateAndGet(143)) - 4dea926d-4bc6-487a-9b9b-9fd457d0fae4: start FollowerState
2019-10-18 07:23:58,641 [Thread-9723] INFO  impl.FollowerState (FollowerState.java:run(108)) - 12ad0800-05cb-443c-9fdd-fa1debf04523@group-BCB82A5C07F5-FollowerState: change to CANDIDATE, lastRpcTime:126ms, electionTimeout:126ms
2019-10-18 07:23:58,642 [Thread-9723] INFO  impl.RoleInfo (RoleInfo.java:shutdownFollowerState(121)) - 12ad0800-05cb-443c-9fdd-fa1debf04523: shutdown FollowerState
2019-10-18 07:23:58,642 [Thread-9723] INFO  impl.RaftServerImpl (RaftServerImpl.java:setRole(184)) - 12ad0800-05cb-443c-9fdd-fa1debf04523@group-BCB82A5C07F5: changes role from  FOLLOWER to CANDIDATE at term 84 for changeToCandidate
2019-10-18 07:23:58,642 [Thread-9723] INFO  impl.RoleInfo (RoleInfo.java:updateAndGet(143)) - 12ad0800-05cb-443c-9fdd-fa1debf04523: start LeaderElection
2019-10-18 07:23:58,672 [12ad0800-05cb-443c-9fdd-fa1debf04523@group-BCB82A5C07F5-LeaderElection1085] INFO  impl.LeaderElection (LeaderElection.java:askForVotes(178)) - 12ad0800-05cb-443c-9fdd-fa1debf04523@group-BCB82A5C07F5-LeaderElection1085: begin an election at term 85 for -1: [12ad0800-05cb-443c-9fdd-fa1debf04523:192.168.34.25:41155, 5170c5f3-8499-4b42-9321-85fc8a351f79:192.168.34.25:43074, 0b10a9fc-47eb-4a2b-b664-8273d9d17379:192.168.34.25:45248], old=null
2019-10-18 07:23:58,674 [grpc-default-executor-4] INFO  impl.RaftServerImpl (RaftServerImpl.java:setRole(184)) - 5170c5f3-8499-4b42-9321-85fc8a351f79@group-BCB82A5C07F5: changes role from  FOLLOWER to FOLLOWER at term 85 for recognizeCandidate:12ad0800-05cb-443c-9fdd-fa1debf04523
2019-10-18 07:23:58,674 [grpc-default-executor-4] INFO  impl.RoleInfo (RoleInfo.java:shutdownFollowerState(121)) - 5170c5f3-8499-4b42-9321-85fc8a351f79: shutdown FollowerState
2019-10-18 07:23:58,674 [grpc-default-executor-4] INFO  impl.RoleInfo (RoleInfo.java:updateAndGet(143)) - 5170c5f3-8499-4b42-9321-85fc8a351f79: start FollowerState
2019-10-18 07:23:58,674 [Thread-9717] INFO  impl.FollowerState (FollowerState.java:run(117)) - 5170c5f3-8499-4b42-9321-85fc8a351f79@group-BCB82A5C07F5-FollowerState was interrupted: java.lang.InterruptedException: sleep interrupted
2019-10-18 07:23:58,674 [grpc-default-executor-14] INFO  impl.RaftServerImpl (RaftServerImpl.java:setRole(184)) - 0b10a9fc-47eb-4a2b-b664-8273d9d17379@group-BCB82A5C07F5: changes role from  FOLLOWER to FOLLOWER at term 85 for recognizeCandidate:12ad0800-05cb-443c-9fdd-fa1debf04523
2019-10-18 07:23:58,674 [grpc-default-executor-14] INFO  impl.RoleInfo (RoleInfo.java:shutdownFollowerState(121)) - 0b10a9fc-47eb-4a2b-b664-8273d9d17379: shutdown FollowerState
2019-10-18 07:23:58,674 [grpc-default-executor-14] INFO  impl.RoleInfo (RoleInfo.java:updateAndGet(143)) - 0b10a9fc-47eb-4a2b-b664-8273d9d17379: start FollowerState
2019-10-18 07:23:58,674 [Thread-9716] INFO  impl.FollowerState (FollowerState.java:run(117)) - 0b10a9fc-47eb-4a2b-b664-8273d9d17379@group-BCB82A5C07F5-FollowerState was interrupted: java.lang.InterruptedException: sleep interrupted
2019-10-18 07:23:58,694 [12ad0800-05cb-443c-9fdd-fa1debf04523@group-BCB82A5C07F5-LeaderElection1085] INFO  impl.LeaderElection (LeaderElection.java:logAndReturn(56)) - 12ad0800-05cb-443c-9fdd-fa1debf04523@group-BCB82A5C07F5-LeaderElection1085: Election REJECTED; received 2 response(s) [12ad0800-05cb-443c-9fdd-fa1debf04523<-5170c5f3-8499-4b42-9321-85fc8a351f79#0:FAIL-t85, 12ad0800-05cb-443c-9fdd-fa1debf04523<-0b10a9fc-47eb-4a2b-b664-8273d9d17379#0:FAIL-t85] and 0 exception(s); 12ad0800-05cb-443c-9fdd-fa1debf04523@group-BCB82A5C07F5:t85, leader=null, voted=12ad0800-05cb-443c-9fdd-fa1debf04523, raftlog=12ad0800-05cb-443c-9fdd-fa1debf04523@group-BCB82A5C07F5-SegmentedRaftLog:OPENED:c-1,f-1,i0, conf=-1: [12ad0800-05cb-443c-9fdd-fa1debf04523:192.168.34.25:41155, 5170c5f3-8499-4b42-9321-85fc8a351f79:192.168.34.25:43074, 0b10a9fc-47eb-4a2b-b664-8273d9d17379:192.168.34.25:45248], old=null
2019-10-18 07:23:58,694 [12ad0800-05cb-443c-9fdd-fa1debf04523@group-BCB82A5C07F5-LeaderElection1085] INFO  impl.RaftServerImpl (RaftServerImpl.java:setRole(184)) - 12ad0800-05cb-443c-9fdd-fa1debf04523@group-BCB82A5C07F5: changes role from CANDIDATE to FOLLOWER at term 85 for DISCOVERED_A_NEW_TERM
2019-10-18 07:23:58,694 [12ad0800-05cb-443c-9fdd-fa1debf04523@group-BCB82A5C07F5-LeaderElection1085] INFO  impl.RoleInfo (RoleInfo.java:shutdownLeaderElection(134)) - 12ad0800-05cb-443c-9fdd-fa1debf04523: shutdown LeaderElection
2019-10-18 07:23:58,694 [12ad0800-05cb-443c-9fdd-fa1debf04523@group-BCB82A5C07F5-LeaderElection1085] INFO  impl.RoleInfo (RoleInfo.java:updateAndGet(143)) - 12ad0800-05cb-443c-9fdd-fa1debf04523: start FollowerState
2019-10-18 07:23:58,707 [main] WARN  io.KeyOutputStream (KeyOutputStream.java:handleException(274)) - Encountered exception java.io.IOException: Unexpected Storage Container Exception: java.util.concurrent.CompletionException: java.util.concurrent.CompletionException: org.apache.ratis.protocol.RaftRetryFailureException: Failed RaftClientRequest:client-7876B8255DE5->0b10a9fc-47eb-4a2b-b664-8273d9d17379@group-BCB82A5C07F5, cid=123, seq=1*, RW, cmdType: WriteChunk
traceID: "7d60f9e67e15ced4:7d60f9e67e15ced4:0:0"
containerID: 1
datanodeUuid: "0b10a9fc-47eb-4a2b-b664-8273d9d17379"
writeChunk {
  blockID {
    containerID: 1
    localID: 102982184415920141
    blockCommitSequenceId: 0
  }
  chunkData {
    chunkName: "102982184415920141_chunk_1"
    offset: 0
    len: 1048576
    checksumData {
      type: CRC32
      bytesPerChecksum: 1048576
      checksums: ";\302\020\021"
    }
  }
}
, data.size=1048576 for 10 attempts with RetryLimited(maxAttempts=10, sleepTime=1000ms) on the pipeline Pipeline[ Id: 5f98e8ba-3b14-4fb8-9baf-bcb82a5c07f5, Nodes: 0b10a9fc-47eb-4a2b-b664-8273d9d17379{ip: 192.168.34.25, host: pr-hdds-2318-jnjn8-2612408985, networkLocation: /rack1, certSerialId: null}12ad0800-05cb-443c-9fdd-fa1debf04523{ip: 192.168.34.25, host: pr-hdds-2318-jnjn8-2612408985, networkLocation: /rack1, certSerialId: null}5170c5f3-8499-4b42-9321-85fc8a351f79{ip: 192.168.34.25, host: pr-hdds-2318-jnjn8-2612408985, networkLocation: /rack1, certSerialId: null}, Type:RATIS, Factor:THREE, State:OPEN]. The last committed block length is 0, uncommitted data length is 1048576 retry count 0
2019-10-18 07:23:58,743 [Thread-9726] INFO  impl.FollowerState (FollowerState.java:run(108)) - 4dea926d-4bc6-487a-9b9b-9fd457d0fae4@group-0C9C3B2D0CC1-FollowerState: change to CANDIDATE, lastRpcTime:202ms, electionTimeout:200ms
2019-10-18 07:23:58,743 [Thread-9726] INFO  impl.RoleInfo (RoleInfo.java:shutdownFollowerState(121)) - 4dea926d-4bc6-487a-9b9b-9fd457d0fae4: shutdown FollowerState
2019-10-18 07:23:58,743 [Thread-9726] INFO  impl.RaftServerImpl (RaftServerImpl.java:setRole(184)) - 4dea926d-4bc6-487a-9b9b-9fd457d0fae4@group-0C9C3B2D0CC1: changes role from  FOLLOWER to CANDIDATE at term 73 for changeToCandidate
2019-10-18 07:23:58,743 [Thread-9726] INFO  impl.RoleInfo (RoleInfo.java:updateAndGet(143)) - 4dea926d-4bc6-487a-9b9b-9fd457d0fae4: start LeaderElection
2019-10-18 07:23:58,746 [Thread-9734] INFO  impl.FollowerState (FollowerState.java:run(108)) - 12ad0800-05cb-443c-9fdd-fa1debf04523@group-BCB82A5C07F5-FollowerState: change to CANDIDATE, lastRpcTime:51ms, electionTimeout:51ms
2019-10-18 07:23:58,752 [Thread-9734] INFO  impl.RoleInfo (RoleInfo.java:shutdownFollowerState(121)) - 12ad0800-05cb-443c-9fdd-fa1debf04523: shutdown FollowerState
2019-10-18 07:23:58,752 [Thread-9734] INFO  impl.RaftServerImpl (RaftServerImpl.java:setRole(184)) - 12ad0800-05cb-443c-9fdd-fa1debf04523@group-BCB82A5C07F5: changes role from  FOLLOWER to CANDIDATE at term 85 for changeToCandidate
2019-10-18 07:23:58,756 [Thread-9734] INFO  impl.RoleInfo (RoleInfo.java:updateAndGet(143)) - 12ad0800-05cb-443c-9fdd-fa1debf04523: start LeaderElection
2019-10-18 07:23:58,769 [4dea926d-4bc6-487a-9b9b-9fd457d0fae4@group-0C9C3B2D0CC1-LeaderElection1086] INFO  impl.LeaderElection (LeaderElection.java:askForVotes(178)) - 4dea926d-4bc6-487a-9b9b-9fd457d0fae4@group-0C9C3B2D0CC1-LeaderElection1086: begin an election at term 74 for -1: [6633f50a-7046-4b08-9937-8e25f1b14b15:192.168.34.25:39338, 67270882-100a-4e75-928d-618d17e069c8:192.168.34.25:36648, 4dea926d-4bc6-487a-9b9b-9fd457d0fae4:192.168.34.25:41624], old=null
2019-10-18 07:23:58,771 [grpc-default-executor-17] INFO  impl.RaftServerImpl (RaftServerImpl.java:setRole(184)) - 6633f50a-7046-4b08-9937-8e25f1b14b15@group-0C9C3B2D0CC1: changes role from  FOLLOWER to FOLLOWER at term 74 for recognizeCandidate:4dea926d-4bc6-487a-9b9b-9fd457d0fae4
2019-10-18 07:23:58,771 [grpc-default-executor-17] INFO  impl.RoleInfo (RoleInfo.java:shutdownFollowerState(121)) - 6633f50a-7046-4b08-9937-8e25f1b14b15: shutdown FollowerState
2019-10-18 07:23:58,771 [grpc-default-executor-4] INFO  impl.RaftServerImpl (RaftServerImpl.java:setRole(184)) - 67270882-100a-4e75-928d-618d17e069c8@group-0C9C3B2D0CC1: changes role from  FOLLOWER to FOLLOWER at term 74 for recognizeCandidate:4dea926d-4bc6-487a-9b9b-9fd457d0fae4
2019-10-18 07:23:58,771 [grpc-default-executor-17] INFO  impl.RoleInfo (RoleInfo.java:updateAndGet(143)) - 6633f50a-7046-4b08-9937-8e25f1b14b15: start FollowerState
2019-10-18 07:23:58,771 [Thread-9724] INFO  impl.FollowerState (FollowerState.java:run(117)) - 6633f50a-7046-4b08-9937-8e25f1b14b15@group-0C9C3B2D0CC1-FollowerState was interrupted: java.lang.InterruptedException: sleep interrupted
2019-10-18 07:23:58,771 [grpc-default-executor-4] INFO  impl.RoleInfo (RoleInfo.java:shutdownFollowerState(121)) - 67270882-100a-4e75-928d-618d17e069c8: shutdown FollowerState
2019-10-18 07:23:58,772 [grpc-default-executor-4] INFO  impl.RoleInfo (RoleInfo.java:updateAndGet(143)) - 67270882-100a-4e75-928d-618d17e069c8: start FollowerState
2019-10-18 07:23:58,772 [Thread-9725] INFO  impl.FollowerState (FollowerState.java:run(117)) - 67270882-100a-4e75-928d-618d17e069c8@group-0C9C3B2D0CC1-FollowerState was interrupted: java.lang.InterruptedException: sleep interrupted
2019-10-18 07:23:58,782 [12ad0800-05cb-443c-9fdd-fa1debf04523@group-BCB82A5C07F5-LeaderElection1087] INFO  impl.LeaderElection (LeaderElection.java:askForVotes(178)) - 12ad0800-05cb-443c-9fdd-fa1debf04523@group-BCB82A5C07F5-LeaderElection1087: begin an election at term 86 for -1: [12ad0800-05cb-443c-9fdd-fa1debf04523:192.168.34.25:41155, 5170c5f3-8499-4b42-9321-85fc8a351f79:192.168.34.25:43074, 0b10a9fc-47eb-4a2b-b664-8273d9d17379:192.168.34.25:45248], old=null
2019-10-18 07:23:58,783 [grpc-default-executor-14] INFO  impl.RaftServerImpl (RaftServerImpl.java:setRole(184)) - 5170c5f3-8499-4b42-9321-85fc8a351f79@group-BCB82A5C07F5: changes role from  FOLLOWER to FOLLOWER at term 86 for recognizeCandidate:12ad0800-05cb-443c-9fdd-fa1debf04523
2019-10-18 07:23:58,783 [grpc-default-executor-14] INFO  impl.RoleInfo (RoleInfo.java:shutdownFollowerState(121)) - 5170c5f3-8499-4b42-9321-85fc8a351f79: shutdown FollowerState
2019-10-18 07:23:58,783 [grpc-default-executor-14] INFO  impl.RoleInfo (RoleInfo.java:updateAndGet(143)) - 5170c5f3-8499-4b42-9321-85fc8a351f79: start FollowerState
2019-10-18 07:23:58,783 [Thread-9731] INFO  impl.FollowerState (FollowerState.java:run(117)) - 5170c5f3-8499-4b42-9321-85fc8a351f79@group-BCB82A5C07F5-FollowerState was interrupted: java.lang.InterruptedException: sleep interrupted
2019-10-18 07:23:58,783 [grpc-default-executor-11] INFO  impl.RaftServerImpl (RaftServerImpl.java:setRole(184)) - 0b10a9fc-47eb-4a2b-b664-8273d9d17379@group-BCB82A5C07F5: changes role from  FOLLOWER to FOLLOWER at term 86 for recognizeCandidate:12ad0800-05cb-443c-9fdd-fa1debf04523
2019-10-18 07:23:58,784 [grpc-default-executor-11] INFO  impl.RoleInfo (RoleInfo.java:shutdownFollowerState(121)) - 0b10a9fc-47eb-4a2b-b664-8273d9d17379: shutdown FollowerState
2019-10-18 07:23:58,784 [grpc-default-executor-11] INFO  impl.RoleInfo (RoleInfo.java:updateAndGet(143)) - 0b10a9fc-47eb-4a2b-b664-8273d9d17379: start FollowerState
2019-10-18 07:23:58,784 [Thread-9732] INFO  impl.FollowerState (FollowerState.java:run(117)) - 0b10a9fc-47eb-4a2b-b664-8273d9d17379@group-BCB82A5C07F5-FollowerState was interrupted: java.lang.InterruptedException: sleep interrupted
2019-10-18 07:23:58,784 [4dea926d-4bc6-487a-9b9b-9fd457d0fae4@group-0C9C3B2D0CC1-LeaderElection1086] INFO  impl.LeaderElection (LeaderElection.java:logAndReturn(56)) - 4dea926d-4bc6-487a-9b9b-9fd457d0fae4@group-0C9C3B2D0CC1-LeaderElection1086: Election REJECTED; received 2 response(s) [4dea926d-4bc6-487a-9b9b-9fd457d0fae4<-6633f50a-7046-4b08-9937-8e25f1b14b15#0:FAIL-t74, 4dea926d-4bc6-487a-9b9b-9fd457d0fae4<-67270882-100a-4e75-928d-618d17e069c8#0:FAIL-t74] and 0 exception(s); 4dea926d-4bc6-487a-9b9b-9fd457d0fae4@group-0C9C3B2D0CC1:t74, leader=null, voted=4dea926d-4bc6-487a-9b9b-9fd457d0fae4, raftlog=4dea926d-4bc6-487a-9b9b-9fd457d0fae4@group-0C9C3B2D0CC1-SegmentedRaftLog:OPENED:c-1,f-1,i0, conf=-1: [6633f50a-7046-4b08-9937-8e25f1b14b15:192.168.34.25:39338, 67270882-100a-4e75-928d-618d17e069c8:192.168.34.25:36648, 4dea926d-4bc6-487a-9b9b-9fd457d0fae4:192.168.34.25:41624], old=null
2019-10-18 07:23:58,785 [4dea926d-4bc6-487a-9b9b-9fd457d0fae4@group-0C9C3B2D0CC1-LeaderElection1086] INFO  impl.RaftServerImpl (RaftServerImpl.java:setRole(184)) - 4dea926d-4bc6-487a-9b9b-9fd457d0fae4@group-0C9C3B2D0CC1: changes role from CANDIDATE to FOLLOWER at term 74 for DISCOVERED_A_NEW_TERM
2019-10-18 07:23:58,785 [4dea926d-4bc6-487a-9b9b-9fd457d0fae4@group-0C9C3B2D0CC1-LeaderElection1086] INFO  impl.RoleInfo (RoleInfo.java:shutdownLeaderElection(134)) - 4dea926d-4bc6-487a-9b9b-9fd457d0fae4: shutdown LeaderElection
2019-10-18 07:23:58,785 [4dea926d-4bc6-487a-9b9b-9fd457d0fae4@group-0C9C3B2D0CC1-LeaderElection1086] INFO  impl.RoleInfo (RoleInfo.java:updateAndGet(143)) - 4dea926d-4bc6-487a-9b9b-9fd457d0fae4: start FollowerState
2019-10-18 07:23:58,809 [12ad0800-05cb-443c-9fdd-fa1debf04523@group-BCB82A5C07F5-LeaderElection1087] INFO  impl.LeaderElection (LeaderElection.java:logAndReturn(56)) - 12ad0800-05cb-443c-9fdd-fa1debf04523@group-BCB82A5C07F5-LeaderElection1087: Election REJECTED; received 2 response(s) [12ad0800-05cb-443c-9fdd-fa1debf04523<-5170c5f3-8499-4b42-9321-85fc8a351f79#0:FAIL-t86, 12ad0800-05cb-443c-9fdd-fa1debf04523<-0b10a9fc-47eb-4a2b-b664-8273d9d17379#0:FAIL-t86] and 0 exception(s); 12ad0800-05cb-443c-9fdd-fa1debf04523@group-BCB82A5C07F5:t86, leader=null, voted=12ad0800-05cb-443c-9fdd-fa1debf04523, raftlog=12ad0800-05cb-443c-9fdd-fa1debf04523@group-BCB82A5C07F5-SegmentedRaftLog:OPENED:c-1,f-1,i0, conf=-1: [12ad0800-05cb-443c-9fdd-fa1debf04523:192.168.34.25:41155, 5170c5f3-8499-4b42-9321-85fc8a351f79:192.168.34.25:43074, 0b10a9fc-47eb-4a2b-b664-8273d9d17379:192.168.34.25:45248], old=null
2019-10-18 07:23:58,809 [12ad0800-05cb-443c-9fdd-fa1debf04523@group-BCB82A5C07F5-LeaderElection1087] INFO  impl.RaftServerImpl (RaftServerImpl.java:setRole(184)) - 12ad0800-05cb-443c-9fdd-fa1debf04523@group-BCB82A5C07F5: changes role from CANDIDATE to FOLLOWER at term 86 for DISCOVERED_A_NEW_TERM
2019-10-18 07:23:58,809 [12ad0800-05cb-443c-9fdd-fa1debf04523@group-BCB82A5C07F5-LeaderElection1087] INFO  impl.RoleInfo (RoleInfo.java:shutdownLeaderElection(134)) - 12ad0800-05cb-443c-9fdd-fa1debf04523: shutdown LeaderElection
2019-10-18 07:23:58,809 [12ad0800-05cb-443c-9fdd-fa1debf04523@group-BCB82A5C07F5-LeaderElection1087] INFO  impl.RoleInfo (RoleInfo.java:updateAndGet(143)) - 12ad0800-05cb-443c-9fdd-fa1debf04523: start FollowerState
2019-10-18 07:23:58,858 [Thread-9749] INFO  impl.FollowerState (FollowerState.java:run(108)) - 4dea926d-4bc6-487a-9b9b-9fd457d0fae4@group-0C9C3B2D0CC1-FollowerState: change to CANDIDATE, lastRpcTime:73ms, electionTimeout:73ms
2019-10-18 07:23:58,858 [Thread-9749] INFO  impl.RoleInfo (RoleInfo.java:shutdownFollowerState(121)) - 4dea926d-4bc6-487a-9b9b-9fd457d0fae4: shutdown FollowerState
2019-10-18 07:23:58,858 [Thread-9749] INFO  impl.RaftServerImpl (RaftServerImpl.java:setRole(184)) - 4dea926d-4bc6-487a-9b9b-9fd457d0fae4@group-0C9C3B2D0CC1: changes role from  FOLLOWER to CANDIDATE at term 74 for changeToCandidate
2019-10-18 07:23:58,858 [Thread-9749] INFO  impl.RoleInfo (RoleInfo.java:updateAndGet(143)) - 4dea926d-4bc6-487a-9b9b-9fd457d0fae4: start LeaderElection
2019-10-18 07:23:58,871 [4dea926d-4bc6-487a-9b9b-9fd457d0fae4@group-0C9C3B2D0CC1-LeaderElection1088] INFO  impl.LeaderElection (LeaderElection.java:askForVotes(178)) - 4dea926d-4bc6-487a-9b9b-9fd457d0fae4@group-0C9C3B2D0CC1-LeaderElection1088: begin an election at term 75 for -1: [6633f50a-7046-4b08-9937-8e25f1b14b15:192.168.34.25:39338, 67270882-100a-4e75-928d-618d17e069c8:192.168.34.25:36648, 4dea926d-4bc6-487a-9b9b-9fd457d0fae4:192.168.34.25:41624], old=null
2019-10-18 07:23:58,872 [grpc-default-executor-11] INFO  impl.RaftServerImpl (RaftServerImpl.java:setRole(184)) - 6633f50a-7046-4b08-9937-8e25f1b14b15@group-0C9C3B2D0CC1: changes role from  FOLLOWER to FOLLOWER at term 75 for recognizeCandidate:4dea926d-4bc6-487a-9b9b-9fd457d0fae4
2019-10-18 07:23:58,872 [grpc-default-executor-11] INFO  impl.RoleInfo (RoleInfo.java:shutdownFollowerState(121)) - 6633f50a-7046-4b08-9937-8e25f1b14b15: shutdown FollowerState
2019-10-18 07:23:58,872 [grpc-default-executor-14] INFO  impl.RaftServerImpl (RaftServerImpl.java:setRole(184)) - 67270882-100a-4e75-928d-618d17e069c8@group-0C9C3B2D0CC1: changes role from  FOLLOWER to FOLLOWER at term 75 for recognizeCandidate:4dea926d-4bc6-487a-9b9b-9fd457d0fae4
2019-10-18 07:23:58,872 [Thread-9743] INFO  impl.FollowerState (FollowerState.java:run(117)) - 6633f50a-7046-4b08-9937-8e25f1b14b15@group-0C9C3B2D0CC1-FollowerState was interrupted: java.lang.InterruptedException: sleep interrupted
2019-10-18 07:23:58,872 [grpc-default-executor-11] INFO  impl.RoleInfo (RoleInfo.java:updateAndGet(143)) - 6633f50a-7046-4b08-9937-8e25f1b14b15: start FollowerState
2019-10-18 07:23:58,872 [grpc-default-executor-14] INFO  impl.RoleInfo (RoleInfo.java:shutdownFollowerState(121)) - 67270882-100a-4e75-928d-618d17e069c8: shutdown FollowerState
2019-10-18 07:23:58,873 [grpc-default-executor-14] INFO  impl.RoleInfo (RoleInfo.java:updateAndGet(143)) - 67270882-100a-4e75-928d-618d17e069c8: start FollowerState
2019-10-18 07:23:58,873 [Thread-9744] INFO  impl.FollowerState (FollowerState.java:run(117)) - 67270882-100a-4e75-928d-618d17e069c8@group-0C9C3B2D0CC1-FollowerState was interrupted: java.lang.InterruptedException: sleep interrupted
2019-10-18 07:23:58,924 [4dea926d-4bc6-487a-9b9b-9fd457d0fae4@group-0C9C3B2D0CC1-LeaderElection1088] INFO  impl.LeaderElection (LeaderElection.java:logAndReturn(56)) - 4dea926d-4bc6-487a-9b9b-9fd457d0fae4@group-0C9C3B2D0CC1-LeaderElection1088: Election REJECTED; received 2 response(s) [4dea926d-4bc6-487a-9b9b-9fd457d0fae4<-6633f50a-7046-4b08-9937-8e25f1b14b15#0:FAIL-t75, 4dea926d-4bc6-487a-9b9b-9fd457d0fae4<-67270882-100a-4e75-928d-618d17e069c8#0:FAIL-t75] and 0 exception(s); 4dea926d-4bc6-487a-9b9b-9fd457d0fae4@group-0C9C3B2D0CC1:t75, leader=null, voted=4dea926d-4bc6-487a-9b9b-9fd457d0fae4, raftlog=4dea926d-4bc6-487a-9b9b-9fd457d0fae4@group-0C9C3B2D0CC1-SegmentedRaftLog:OPENED:c-1,f-1,i0, conf=-1: [6633f50a-7046-4b08-9937-8e25f1b14b15:192.168.34.25:39338, 67270882-100a-4e75-928d-618d17e069c8:192.168.34.25:36648, 4dea926d-4bc6-487a-9b9b-9fd457d0fae4:192.168.34.25:41624], old=null
2019-10-18 07:23:58,925 [4dea926d-4bc6-487a-9b9b-9fd457d0fae4@group-0C9C3B2D0CC1-LeaderElection1088] INFO  impl.RaftServerImpl (RaftServerImpl.java:setRole(184)) - 4dea926d-4bc6-487a-9b9b-9fd457d0fae4@group-0C9C3B2D0CC1: changes role from CANDIDATE to FOLLOWER at term 75 for DISCOVERED_A_NEW_TERM
2019-10-18 07:23:58,925 [4dea926d-4bc6-487a-9b9b-9fd457d0fae4@group-0C9C3B2D0CC1-LeaderElection1088] INFO  impl.RoleInfo (RoleInfo.java:shutdownLeaderElection(134)) - 4dea926d-4bc6-487a-9b9b-9fd457d0fae4: shutdown LeaderElection
2019-10-18 07:23:58,925 [4dea926d-4bc6-487a-9b9b-9fd457d0fae4@group-0C9C3B2D0CC1-LeaderElection1088] INFO  impl.RoleInfo (RoleInfo.java:updateAndGet(143)) - 4dea926d-4bc6-487a-9b9b-9fd457d0fae4: start FollowerState
2019-10-18 07:23:58,955 [Thread-9750] INFO  impl.FollowerState (FollowerState.java:run(108)) - 12ad0800-05cb-443c-9fdd-fa1debf04523@group-BCB82A5C07F5-FollowerState: change to CANDIDATE, lastRpcTime:145ms, electionTimeout:144ms
2019-10-18 07:23:58,955 [Thread-9750] INFO  impl.RoleInfo (RoleInfo.java:shutdownFollowerState(121)) - 12ad0800-05cb-443c-9fdd-fa1debf04523: shutdown FollowerState
2019-10-18 07:23:58,955 [Thread-9750] INFO  impl.RaftServerImpl (RaftServerImpl.java:setRole(184)) - 12ad0800-05cb-443c-9fdd-fa1debf04523@group-BCB82A5C07F5: changes role from  FOLLOWER to CANDIDATE at term 86 for changeToCandidate
2019-10-18 07:23:58,955 [Thread-9750] INFO  impl.RoleInfo (RoleInfo.java:updateAndGet(143)) - 12ad0800-05cb-443c-9fdd-fa1debf04523: start LeaderElection
2019-10-18 07:23:58,969 [12ad0800-05cb-443c-9fdd-fa1debf04523@group-BCB82A5C07F5-LeaderElection1089] INFO  impl.LeaderElection (LeaderElection.java:askForVotes(178)) - 12ad0800-05cb-443c-9fdd-fa1debf04523@group-BCB82A5C07F5-LeaderElection1089: begin an election at term 87 for -1: [12ad0800-05cb-443c-9fdd-fa1debf04523:192.168.34.25:41155, 5170c5f3-8499-4b42-9321-85fc8a351f79:192.168.34.25:43074, 0b10a9fc-47eb-4a2b-b664-8273d9d17379:192.168.34.25:45248], old=null
2019-10-18 07:23:58,970 [12ad0800-05cb-443c-9fdd-fa1debf04523@group-BCB82A5C07F5-LeaderElection1089] INFO  impl.LeaderElection (LeaderElection.java:logAndReturn(56)) - 12ad0800-05cb-443c-9fdd-fa1debf04523@group-BCB82A5C07F5-LeaderElection1089: Election TIMEOUT; received 0 response(s) [] and 0 exception(s); 12ad0800-05cb-443c-9fdd-fa1debf04523@group-BCB82A5C07F5:t87, leader=null, voted=12ad0800-05cb-443c-9fdd-fa1debf04523, raftlog=12ad0800-05cb-443c-9fdd-fa1debf04523@group-BCB82A5C07F5-SegmentedRaftLog:OPENED:c-1,f-1,i0, conf=-1: [12ad0800-05cb-443c-9fdd-fa1debf04523:192.168.34.25:41155, 5170c5f3-8499-4b42-9321-85fc8a351f79:192.168.34.25:43074, 0b10a9fc-47eb-4a2b-b664-8273d9d17379:192.168.34.25:45248], old=null
2019-10-18 07:23:58,971 [grpc-default-executor-14] INFO  impl.RaftServerImpl (RaftServerImpl.java:setRole(184)) - 5170c5f3-8499-4b42-9321-85fc8a351f79@group-BCB82A5C07F5: changes role from  FOLLOWER to FOLLOWER at term 87 for recognizeCandidate:12ad0800-05cb-443c-9fdd-fa1debf04523
2019-10-18 07:23:58,973 [grpc-default-executor-14] INFO  impl.RoleInfo (RoleInfo.java:shutdownFollowerState(121)) - 5170c5f3-8499-4b42-9321-85fc8a351f79: shutdown FollowerState
2019-10-18 07:23:58,973 [grpc-default-executor-4] INFO  impl.RaftServerImpl (RaftServerImpl.java:setRole(184)) - 0b10a9fc-47eb-4a2b-b664-8273d9d17379@group-BCB82A5C07F5: changes role from  FOLLOWER to FOLLOWER at term 87 for recognizeCandidate:12ad0800-05cb-443c-9fdd-fa1debf04523
2019-10-18 07:23:58,976 [grpc-default-executor-4] INFO  impl.RoleInfo (RoleInfo.java:shutdownFollowerState(121)) - 0b10a9fc-47eb-4a2b-b664-8273d9d17379: shutdown FollowerState
2019-10-18 07:23:58,976 [grpc-default-executor-4] INFO  impl.RoleInfo (RoleInfo.java:updateAndGet(143)) - 0b10a9fc-47eb-4a2b-b664-8273d9d17379: start FollowerState
2019-10-18 07:23:58,976 [Thread-9747] INFO  impl.FollowerState (FollowerState.java:run(117)) - 5170c5f3-8499-4b42-9321-85fc8a351f79@group-BCB82A5C07F5-FollowerState was interrupted: java.lang.InterruptedException: sleep interrupted
2019-10-18 07:23:58,976 [grpc-default-executor-14] INFO  impl.RoleInfo (RoleInfo.java:updateAndGet(143)) - 5170c5f3-8499-4b42-9321-85fc8a351f79: start FollowerState
2019-10-18 07:23:58,976 [Thread-9748] INFO  impl.FollowerState (FollowerState.java:run(117)) - 0b10a9fc-47eb-4a2b-b664-8273d9d17379@group-BCB82A5C07F5-FollowerState was interrupted: java.lang.InterruptedException: sleep interrupted
2019-10-18 07:23:58,994 [12ad0800-05cb-443c-9fdd-fa1debf04523@group-BCB82A5C07F5-LeaderElection1089] INFO  impl.LeaderElection (LeaderElection.java:askForVotes(178)) - 12ad0800-05cb-443c-9fdd-fa1debf04523@group-BCB82A5C07F5-LeaderElection1089: begin an election at term 88 for -1: [12ad0800-05cb-443c-9fdd-fa1debf04523:192.168.34.25:41155, 5170c5f3-8499-4b42-9321-85fc8a351f79:192.168.34.25:43074, 0b10a9fc-47eb-4a2b-b664-8273d9d17379:192.168.34.25:45248], old=null
2019-10-18 07:23:59,011 [grpc-default-executor-11] INFO  impl.RaftServerImpl (RaftServerImpl.java:setRole(184)) - 5170c5f3-8499-4b42-9321-85fc8a351f79@group-BCB82A5C07F5: changes role from  FOLLOWER to FOLLOWER at term 88 for recognizeCandidate:12ad0800-05cb-443c-9fdd-fa1debf04523
2019-10-18 07:23:59,011 [grpc-default-executor-12] INFO  impl.RaftServerImpl (RaftServerImpl.java:setRole(184)) - 0b10a9fc-47eb-4a2b-b664-8273d9d17379@group-BCB82A5C07F5: changes role from  FOLLOWER to FOLLOWER at term 88 for recognizeCandidate:12ad0800-05cb-443c-9fdd-fa1debf04523
2019-10-18 07:23:59,012 [grpc-default-executor-11] INFO  impl.RoleInfo (RoleInfo.java:shutdownFollowerState(121)) - 5170c5f3-8499-4b42-9321-85fc8a351f79: shutdown FollowerState
2019-10-18 07:23:59,012 [grpc-default-executor-12] INFO  impl.RoleInfo (RoleInfo.java:shutdownFollowerState(121)) - 0b10a9fc-47eb-4a2b-b664-8273d9d17379: shutdown FollowerState
2019-10-18 07:23:59,012 [grpc-default-executor-11] INFO  impl.RoleInfo (RoleInfo.java:updateAndGet(143)) - 5170c5f3-8499-4b42-9321-85fc8a351f79: start FollowerState
2019-10-18 07:23:59,012 [Thread-9768] INFO  impl.FollowerState (FollowerState.java:run(117)) - 5170c5f3-8499-4b42-9321-85fc8a351f79@group-BCB82A5C07F5-FollowerState was interrupted: java.lang.InterruptedException: sleep interrupted
2019-10-18 07:23:59,012 [Thread-9767] INFO  impl.FollowerState (FollowerState.java:run(117)) - 0b10a9fc-47eb-4a2b-b664-8273d9d17379@group-BCB82A5C07F5-FollowerState was interrupted: java.lang.InterruptedException: sleep interrupted
2019-10-18 07:23:59,012 [grpc-default-executor-12] INFO  impl.RoleInfo (RoleInfo.java:updateAndGet(143)) - 0b10a9fc-47eb-4a2b-b664-8273d9d17379: start FollowerState
2019-10-18 07:23:59,024 [12ad0800-05cb-443c-9fdd-fa1debf04523@group-BCB82A5C07F5-LeaderElection1089] INFO  impl.LeaderElection (LeaderElection.java:logAndReturn(56)) - 12ad0800-05cb-443c-9fdd-fa1debf04523@group-BCB82A5C07F5-LeaderElection1089: Election REJECTED; received 2 response(s) [12ad0800-05cb-443c-9fdd-fa1debf04523<-5170c5f3-8499-4b42-9321-85fc8a351f79#0:FAIL-t88, 12ad0800-05cb-443c-9fdd-fa1debf04523<-0b10a9fc-47eb-4a2b-b664-8273d9d17379#0:FAIL-t88] and 0 exception(s); 12ad0800-05cb-443c-9fdd-fa1debf04523@group-BCB82A5C07F5:t88, leader=null, voted=12ad0800-05cb-443c-9fdd-fa1debf04523, raftlog=12ad0800-05cb-443c-9fdd-fa1debf04523@group-BCB82A5C07F5-SegmentedRaftLog:OPENED:c-1,f-1,i0, conf=-1: [12ad0800-05cb-443c-9fdd-fa1debf04523:192.168.34.25:41155, 5170c5f3-8499-4b42-9321-85fc8a351f79:192.168.34.25:43074, 0b10a9fc-47eb-4a2b-b664-8273d9d17379:192.168.34.25:45248], old=null
2019-10-18 07:23:59,024 [12ad0800-05cb-443c-9fdd-fa1debf04523@group-BCB82A5C07F5-LeaderElection1089] INFO  impl.RaftServerImpl (RaftServerImpl.java:setRole(184)) - 12ad0800-05cb-443c-9fdd-fa1debf04523@group-BCB82A5C07F5: changes role from CANDIDATE to FOLLOWER at term 88 for DISCOVERED_A_NEW_TERM
2019-10-18 07:23:59,024 [12ad0800-05cb-443c-9fdd-fa1debf04523@group-BCB82A5C07F5-LeaderElection1089] INFO  impl.RoleInfo (RoleInfo.java:shutdownLeaderElection(134)) - 12ad0800-05cb-443c-9fdd-fa1debf04523: shutdown LeaderElection
2019-10-18 07:23:59,024 [12ad0800-05cb-443c-9fdd-fa1debf04523@group-BCB82A5C07F5-LeaderElection1089] INFO  impl.RoleInfo (RoleInfo.java:updateAndGet(143)) - 12ad0800-05cb-443c-9fdd-fa1debf04523: start FollowerState
2019-10-18 07:23:59,037 [Thread-9757] INFO  impl.FollowerState (FollowerState.java:run(108)) - 4dea926d-4bc6-487a-9b9b-9fd457d0fae4@group-0C9C3B2D0CC1-FollowerState: change to CANDIDATE, lastRpcTime:112ms, electionTimeout:112ms
2019-10-18 07:23:59,037 [Thread-9757] INFO  impl.RoleInfo (RoleInfo.java:shutdownFollowerState(121)) - 4dea926d-4bc6-487a-9b9b-9fd457d0fae4: shutdown FollowerState
2019-10-18 07:23:59,037 [Thread-9757] INFO  impl.RaftServerImpl (RaftServerImpl.java:setRole(184)) - 4dea926d-4bc6-487a-9b9b-9fd457d0fae4@group-0C9C3B2D0CC1: changes role from  FOLLOWER to CANDIDATE at term 75 for changeToCandidate
2019-10-18 07:23:59,038 [Thread-9757] INFO  impl.RoleInfo (RoleInfo.java:updateAndGet(143)) - 4dea926d-4bc6-487a-9b9b-9fd457d0fae4: start LeaderElection
2019-10-18 07:23:59,058 [4dea926d-4bc6-487a-9b9b-9fd457d0fae4@group-0C9C3B2D0CC1-LeaderElection1090] INFO  impl.LeaderElection (LeaderElection.java:askForVotes(178)) - 4dea926d-4bc6-487a-9b9b-9fd457d0fae4@group-0C9C3B2D0CC1-LeaderElection1090: begin an election at term 76 for -1: [6633f50a-7046-4b08-9937-8e25f1b14b15:192.168.34.25:39338, 67270882-100a-4e75-928d-618d17e069c8:192.168.34.25:36648, 4dea926d-4bc6-487a-9b9b-9fd457d0fae4:192.168.34.25:41624], old=null
2019-10-18 07:23:59,059 [grpc-default-executor-12] INFO  impl.RaftServerImpl (RaftServerImpl.java:setRole(184)) - 6633f50a-7046-4b08-9937-8e25f1b14b15@group-0C9C3B2D0CC1: changes role from  FOLLOWER to FOLLOWER at term 76 for recognizeCandidate:4dea926d-4bc6-487a-9b9b-9fd457d0fae4
2019-10-18 07:23:59,060 [grpc-default-executor-12] INFO  impl.RoleInfo (RoleInfo.java:shutdownFollowerState(121)) - 6633f50a-7046-4b08-9937-8e25f1b14b15: shutdown FollowerState
2019-10-18 07:23:59,060 [grpc-default-executor-12] INFO  impl.RoleInfo (RoleInfo.java:updateAndGet(143)) - 6633f50a-7046-4b08-9937-8e25f1b14b15: start FollowerState
2019-10-18 07:23:59,060 [grpc-default-executor-11] INFO  impl.RaftServerImpl (RaftServerImpl.java:setRole(184)) - 67270882-100a-4e75-928d-618d17e069c8@group-0C9C3B2D0CC1: changes role from  FOLLOWER to FOLLOWER at term 76 for recognizeCandidate:4dea926d-4bc6-487a-9b9b-9fd457d0fae4
2019-10-18 07:23:59,060 [grpc-default-executor-11] INFO  impl.RoleInfo (RoleInfo.java:shutdownFollowerState(121)) - 67270882-100a-4e75-928d-618d17e069c8: shutdown FollowerState
2019-10-18 07:23:59,060 [Thread-9754] INFO  impl.FollowerState (FollowerState.java:run(117)) - 6633f50a-7046-4b08-9937-8e25f1b14b15@group-0C9C3B2D0CC1-FollowerState was interrupted: java.lang.InterruptedException: sleep interrupted
2019-10-18 07:23:59,060 [grpc-default-executor-11] INFO  impl.RoleInfo (RoleInfo.java:updateAndGet(143)) - 67270882-100a-4e75-928d-618d17e069c8: start FollowerState
2019-10-18 07:23:59,060 [Thread-9755] INFO  impl.FollowerState (FollowerState.java:run(117)) - 67270882-100a-4e75-928d-618d17e069c8@group-0C9C3B2D0CC1-FollowerState was interrupted: java.lang.InterruptedException: sleep interrupted
2019-10-18 07:23:59,075 [4dea926d-4bc6-487a-9b9b-9fd457d0fae4@group-0C9C3B2D0CC1-LeaderElection1090] INFO  impl.LeaderElection (LeaderElection.java:logAndReturn(56)) - 4dea926d-4bc6-487a-9b9b-9fd457d0fae4@group-0C9C3B2D0CC1-LeaderElection1090: Election REJECTED; received 2 response(s) [4dea926d-4bc6-487a-9b9b-9fd457d0fae4<-6633f50a-7046-4b08-9937-8e25f1b14b15#0:FAIL-t76, 4dea926d-4bc6-487a-9b9b-9fd457d0fae4<-67270882-100a-4e75-928d-618d17e069c8#0:FAIL-t76] and 0 exception(s); 4dea926d-4bc6-487a-9b9b-9fd457d0fae4@group-0C9C3B2D0CC1:t76, leader=null, voted=4dea926d-4bc6-487a-9b9b-9fd457d0fae4, raftlog=4dea926d-4bc6-487a-9b9b-9fd457d0fae4@group-0C9C3B2D0CC1-SegmentedRaftLog:OPENED:c-1,f-1,i0, conf=-1: [6633f50a-7046-4b08-9937-8e25f1b14b15:192.168.34.25:39338, 67270882-100a-4e75-928d-618d17e069c8:192.168.34.25:36648, 4dea926d-4bc6-487a-9b9b-9fd457d0fae4:192.168.34.25:41624], old=null
2019-10-18 07:23:59,075 [4dea926d-4bc6-487a-9b9b-9fd457d0fae4@group-0C9C3B2D0CC1-LeaderElection1090] INFO  impl.RaftServerImpl (RaftServerImpl.java:setRole(184)) - 4dea926d-4bc6-487a-9b9b-9fd457d0fae4@group-0C9C3B2D0CC1: changes role from CANDIDATE to FOLLOWER at term 76 for DISCOVERED_A_NEW_TERM
2019-10-18 07:23:59,075 [4dea926d-4bc6-487a-9b9b-9fd457d0fae4@group-0C9C3B2D0CC1-LeaderElection1090] INFO  impl.RoleInfo (RoleInfo.java:shutdownLeaderElection(134)) - 4dea926d-4bc6-487a-9b9b-9fd457d0fae4: shutdown LeaderElection
2019-10-18 07:23:59,075 [4dea926d-4bc6-487a-9b9b-9fd457d0fae4@group-0C9C3B2D0CC1-LeaderElection1090] INFO  impl.RoleInfo (RoleInfo.java:updateAndGet(143)) - 4dea926d-4bc6-487a-9b9b-9fd457d0fae4: start FollowerState
2019-10-18 07:23:59,103 [Thread-9779] INFO  impl.FollowerState (FollowerState.java:run(108)) - 12ad0800-05cb-443c-9fdd-fa1debf04523@group-BCB82A5C07F5-FollowerState: change to CANDIDATE, lastRpcTime:78ms, electionTimeout:78ms
2019-10-18 07:23:59,103 [Thread-9779] INFO  impl.RoleInfo (RoleInfo.java:shutdownFollowerState(121)) - 12ad0800-05cb-443c-9fdd-fa1debf04523: shutdown FollowerState
2019-10-18 07:23:59,103 [Thread-9779] INFO  impl.RaftServerImpl (RaftServerImpl.java:setRole(184)) - 12ad0800-05cb-443c-9fdd-fa1debf04523@group-BCB82A5C07F5: changes role from  FOLLOWER to CANDIDATE at term 88 for changeToCandidate
2019-10-18 07:23:59,103 [Thread-9779] INFO  impl.RoleInfo (RoleInfo.java:updateAndGet(143)) - 12ad0800-05cb-443c-9fdd-fa1debf04523: start LeaderElection
2019-10-18 07:23:59,118 [12ad0800-05cb-443c-9fdd-fa1debf04523@group-BCB82A5C07F5-LeaderElection1091] INFO  impl.LeaderElection (LeaderElection.java:askForVotes(178)) - 12ad0800-05cb-443c-9fdd-fa1debf04523@group-BCB82A5C07F5-LeaderElection1091: begin an election at term 89 for -1: [12ad0800-05cb-443c-9fdd-fa1debf04523:192.168.34.25:41155, 5170c5f3-8499-4b42-9321-85fc8a351f79:192.168.34.25:43074, 0b10a9fc-47eb-4a2b-b664-8273d9d17379:192.168.34.25:45248], old=null
2019-10-18 07:23:59,119 [grpc-default-executor-12] INFO  impl.RaftServerImpl (RaftServerImpl.java:setRole(184)) - 5170c5f3-8499-4b42-9321-85fc8a351f79@group-BCB82A5C07F5: changes role from  FOLLOWER to FOLLOWER at term 89 for recognizeCandidate:12ad0800-05cb-443c-9fdd-fa1debf04523
2019-10-18 07:23:59,119 [grpc-default-executor-12] INFO  impl.RoleInfo (RoleInfo.java:shutdownFollowerState(121)) - 5170c5f3-8499-4b42-9321-85fc8a351f79: shutdown FollowerState
2019-10-18 07:23:59,119 [grpc-default-executor-12] INFO  impl.RoleInfo (RoleInfo.java:updateAndGet(143)) - 5170c5f3-8499-4b42-9321-85fc8a351f79: start FollowerState
2019-10-18 07:23:59,119 [grpc-default-executor-11] INFO  impl.RaftServerImpl (RaftServerImpl.java:setRole(184)) - 0b10a9fc-47eb-4a2b-b664-8273d9d17379@group-BCB82A5C07F5: changes role from  FOLLOWER to FOLLOWER at term 89 for recognizeCandidate:12ad0800-05cb-443c-9fdd-fa1debf04523
2019-10-18 07:23:59,119 [grpc-default-executor-11] INFO  impl.RoleInfo (RoleInfo.java:shutdownFollowerState(121)) - 0b10a9fc-47eb-4a2b-b664-8273d9d17379: shutdown FollowerState
2019-10-18 07:23:59,119 [Thread-9775] INFO  impl.FollowerState (FollowerState.java:run(117)) - 5170c5f3-8499-4b42-9321-85fc8a351f79@group-BCB82A5C07F5-FollowerState was interrupted: java.lang.InterruptedException: sleep interrupted
2019-10-18 07:23:59,120 [Thread-9776] INFO  impl.FollowerState (FollowerState.java:run(117)) - 0b10a9fc-47eb-4a2b-b664-8273d9d17379@group-BCB82A5C07F5-FollowerState was interrupted: java.lang.InterruptedException: sleep interrupted
2019-10-18 07:23:59,120 [grpc-default-executor-11] INFO  impl.RoleInfo (RoleInfo.java:updateAndGet(143)) - 0b10a9fc-47eb-4a2b-b664-8273d9d17379: start FollowerState
2019-10-18 07:23:59,146 [12ad0800-05cb-443c-9fdd-fa1debf04523@group-BCB82A5C07F5-LeaderElection1091] INFO  impl.LeaderElection (LeaderElection.java:logAndReturn(56)) - 12ad0800-05cb-443c-9fdd-fa1debf04523@group-BCB82A5C07F5-LeaderElection1091: Election REJECTED; received 2 response(s) [12ad0800-05cb-443c-9fdd-fa1debf04523<-5170c5f3-8499-4b42-9321-85fc8a351f79#0:FAIL-t89, 12ad0800-05cb-443c-9fdd-fa1debf04523<-0b10a9fc-47eb-4a2b-b664-8273d9d17379#0:FAIL-t89] and 0 exception(s); 12ad0800-05cb-443c-9fdd-fa1debf04523@group-BCB82A5C07F5:t89, leader=null, voted=12ad0800-05cb-443c-9fdd-fa1debf04523, raftlog=12ad0800-05cb-443c-9fdd-fa1debf04523@group-BCB82A5C07F5-SegmentedRaftLog:OPENED:c-1,f-1,i0, conf=-1: [12ad0800-05cb-443c-9fdd-fa1debf04523:192.168.34.25:41155, 5170c5f3-8499-4b42-9321-85fc8a351f79:192.168.34.25:43074, 0b10a9fc-47eb-4a2b-b664-8273d9d17379:192.168.34.25:45248], old=null
2019-10-18 07:23:59,146 [12ad0800-05cb-443c-9fdd-fa1debf04523@group-BCB82A5C07F5-LeaderElection1091] INFO  impl.RaftServerImpl (RaftServerImpl.java:setRole(184)) - 12ad0800-05cb-443c-9fdd-fa1debf04523@group-BCB82A5C07F5: changes role from CANDIDATE to FOLLOWER at term 89 for DISCOVERED_A_NEW_TERM
2019-10-18 07:23:59,146 [12ad0800-05cb-443c-9fdd-fa1debf04523@group-BCB82A5C07F5-LeaderElection1091] INFO  impl.RoleInfo (RoleInfo.java:shutdownLeaderElection(134)) - 12ad0800-05cb-443c-9fdd-fa1debf04523: shutdown LeaderElection
2019-10-18 07:23:59,146 [12ad0800-05cb-443c-9fdd-fa1debf04523@group-BCB82A5C07F5-LeaderElection1091] INFO  impl.RoleInfo (RoleInfo.java:updateAndGet(143)) - 12ad0800-05cb-443c-9fdd-fa1debf04523: start FollowerState
2019-10-18 07:23:59,153 [Thread-9785] INFO  impl.FollowerState (FollowerState.java:run(108)) - 4dea926d-4bc6-487a-9b9b-9fd457d0fae4@group-0C9C3B2D0CC1-FollowerState: change to CANDIDATE, lastRpcTime:78ms, electionTimeout:78ms
2019-10-18 07:23:59,153 [Thread-9785] INFO  impl.RoleInfo (RoleInfo.java:shutdownFollowerState(121)) - 4dea926d-4bc6-487a-9b9b-9fd457d0fae4: shutdown FollowerState
2019-10-18 07:23:59,154 [Thread-9785] INFO  impl.RaftServerImpl (RaftServerImpl.java:setRole(184)) - 4dea926d-4bc6-487a-9b9b-9fd457d0fae4@group-0C9C3B2D0CC1: changes role from  FOLLOWER to CANDIDATE at term 76 for changeToCandidate
2019-10-18 07:23:59,154 [Thread-9785] INFO  impl.RoleInfo (RoleInfo.java:updateAndGet(143)) - 4dea926d-4bc6-487a-9b9b-9fd457d0fae4: start LeaderElection
2019-10-18 07:23:59,159 [Thread-9792] INFO  impl.FollowerState (FollowerState.java:run(108)) - 12ad0800-05cb-443c-9fdd-fa1debf04523@group-BCB82A5C07F5-FollowerState: change to CANDIDATE, lastRpcTime:12ms, electionTimeout:12ms
2019-10-18 07:23:59,159 [Thread-9792] INFO  impl.RoleInfo (RoleInfo.java:shutdownFollowerState(121)) - 12ad0800-05cb-443c-9fdd-fa1debf04523: shutdown FollowerState
2019-10-18 07:23:59,159 [Thread-9792] INFO  impl.RaftServerImpl (RaftServerImpl.java:setRole(184)) - 12ad0800-05cb-443c-9fdd-fa1debf04523@group-BCB82A5C07F5: changes role from  FOLLOWER to CANDIDATE at term 89 for changeToCandidate
2019-10-18 07:23:59,159 [Thread-9792] INFO  impl.RoleInfo (RoleInfo.java:updateAndGet(143)) - 12ad0800-05cb-443c-9fdd-fa1debf04523: start LeaderElection
2019-10-18 07:23:59,176 [12ad0800-05cb-443c-9fdd-fa1debf04523@group-BCB82A5C07F5-LeaderElection1093] INFO  impl.LeaderElection (LeaderElection.java:askForVotes(178)) - 12ad0800-05cb-443c-9fdd-fa1debf04523@group-BCB82A5C07F5-LeaderElection1093: begin an election at term 90 for -1: [12ad0800-05cb-443c-9fdd-fa1debf04523:192.168.34.25:41155, 5170c5f3-8499-4b42-9321-85fc8a351f79:192.168.34.25:43074, 0b10a9fc-47eb-4a2b-b664-8273d9d17379:192.168.34.25:45248], old=null
2019-10-18 07:23:59,176 [4dea926d-4bc6-487a-9b9b-9fd457d0fae4@group-0C9C3B2D0CC1-LeaderElection1092] INFO  impl.LeaderElection (LeaderElection.java:askForVotes(178)) - 4dea926d-4bc6-487a-9b9b-9fd457d0fae4@group-0C9C3B2D0CC1-LeaderElection1092: begin an election at term 77 for -1: [6633f50a-7046-4b08-9937-8e25f1b14b15:192.168.34.25:39338, 67270882-100a-4e75-928d-618d17e069c8:192.168.34.25:36648, 4dea926d-4bc6-487a-9b9b-9fd457d0fae4:192.168.34.25:41624], old=null
2019-10-18 07:23:59,178 [grpc-default-executor-12] INFO  impl.RaftServerImpl (RaftServerImpl.java:setRole(184)) - 5170c5f3-8499-4b42-9321-85fc8a351f79@group-BCB82A5C07F5: changes role from  FOLLOWER to FOLLOWER at term 90 for recognizeCandidate:12ad0800-05cb-443c-9fdd-fa1debf04523
2019-10-18 07:23:59,178 [grpc-default-executor-12] INFO  impl.RoleInfo (RoleInfo.java:shutdownFollowerState(121)) - 5170c5f3-8499-4b42-9321-85fc8a351f79: shutdown FollowerState
2019-10-18 07:23:59,178 [grpc-default-executor-12] INFO  impl.RoleInfo (RoleInfo.java:updateAndGet(143)) - 5170c5f3-8499-4b42-9321-85fc8a351f79: start FollowerState
2019-10-18 07:23:59,178 [Thread-9790] INFO  impl.FollowerState (FollowerState.java:run(117)) - 5170c5f3-8499-4b42-9321-85fc8a351f79@group-BCB82A5C07F5-FollowerState was interrupted: java.lang.InterruptedException: sleep interrupted
2019-10-18 07:23:59,178 [grpc-default-executor-14] INFO  impl.RaftServerImpl (RaftServerImpl.java:setRole(184)) - 67270882-100a-4e75-928d-618d17e069c8@group-0C9C3B2D0CC1: changes role from  FOLLOWER to FOLLOWER at term 77 for recognizeCandidate:4dea926d-4bc6-487a-9b9b-9fd457d0fae4
2019-10-18 07:23:59,178 [grpc-default-executor-14] INFO  impl.RoleInfo (RoleInfo.java:shutdownFollowerState(121)) - 67270882-100a-4e75-928d-618d17e069c8: shutdown FollowerState
2019-10-18 07:23:59,178 [grpc-default-executor-11] INFO  impl.RaftServerImpl (RaftServerImpl.java:setRole(184)) - 6633f50a-7046-4b08-9937-8e25f1b14b15@group-0C9C3B2D0CC1: changes role from  FOLLOWER to FOLLOWER at term 77 for recognizeCandidate:4dea926d-4bc6-487a-9b9b-9fd457d0fae4
2019-10-18 07:23:59,179 [grpc-default-executor-11] INFO  impl.RoleInfo (RoleInfo.java:shutdownFollowerState(121)) - 6633f50a-7046-4b08-9937-8e25f1b14b15: shutdown FollowerState
2019-10-18 07:23:59,179 [Thread-9784] INFO  impl.FollowerState (FollowerState.java:run(117)) - 67270882-100a-4e75-928d-618d17e069c8@group-0C9C3B2D0CC1-FollowerState was interrupted: java.lang.InterruptedException: sleep interrupted
2019-10-18 07:23:59,179 [grpc-default-executor-14] INFO  impl.RoleInfo (RoleInfo.java:updateAndGet(143)) - 67270882-100a-4e75-928d-618d17e069c8: start FollowerState
2019-10-18 07:23:59,178 [grpc-default-executor-4] INFO  impl.RaftServerImpl (RaftServerImpl.java:setRole(184)) - 0b10a9fc-47eb-4a2b-b664-8273d9d17379@group-BCB82A5C07F5: changes role from  FOLLOWER to FOLLOWER at term 90 for recognizeCandidate:12ad0800-05cb-443c-9fdd-fa1debf04523
2019-10-18 07:23:59,179 [Thread-9783] INFO  impl.FollowerState (FollowerState.java:run(117)) - 6633f50a-7046-4b08-9937-8e25f1b14b15@group-0C9C3B2D0CC1-FollowerState was interrupted: java.lang.InterruptedException: sleep interrupted
2019-10-18 07:23:59,179 [grpc-default-executor-11] INFO  impl.RoleInfo (RoleInfo.java:updateAndGet(143)) - 6633f50a-7046-4b08-9937-8e25f1b14b15: start FollowerState
2019-10-18 07:23:59,179 [grpc-default-executor-4] INFO  impl.RoleInfo (RoleInfo.java:shutdownFollowerState(121)) - 0b10a9fc-47eb-4a2b-b664-8273d9d17379: shutdown FollowerState
2019-10-18 07:23:59,180 [grpc-default-executor-4] INFO  impl.RoleInfo (RoleInfo.java:updateAndGet(143)) - 0b10a9fc-47eb-4a2b-b664-8273d9d17379: start FollowerState
2019-10-18 07:23:59,180 [Thread-9791] INFO  impl.FollowerState (FollowerState.java:run(117)) - 0b10a9fc-47eb-4a2b-b664-8273d9d17379@group-BCB82A5C07F5-FollowerState was interrupted: java.lang.InterruptedException: sleep interrupted
2019-10-18 07:23:59,199 [4dea926d-4bc6-487a-9b9b-9fd457d0fae4@group-0C9C3B2D0CC1-LeaderElection1092] INFO  impl.LeaderElection (LeaderElection.java:logAndReturn(56)) - 4dea926d-4bc6-487a-9b9b-9fd457d0fae4@group-0C9C3B2D0CC1-LeaderElection1092: Election REJECTED; received 2 response(s) [4dea926d-4bc6-487a-9b9b-9fd457d0fae4<-6633f50a-7046-4b08-9937-8e25f1b14b15#0:FAIL-t77, 4dea926d-4bc6-487a-9b9b-9fd457d0fae4<-67270882-100a-4e75-928d-618d17e069c8#0:FAIL-t77] and 0 exception(s); 4dea926d-4bc6-487a-9b9b-9fd457d0fae4@group-0C9C3B2D0CC1:t77, leader=null, voted=4dea926d-4bc6-487a-9b9b-9fd457d0fae4, raftlog=4dea926d-4bc6-487a-9b9b-9fd457d0fae4@group-0C9C3B2D0CC1-SegmentedRaftLog:OPENED:c-1,f-1,i0, conf=-1: [6633f50a-7046-4b08-9937-8e25f1b14b15:192.168.34.25:39338, 67270882-100a-4e75-928d-618d17e069c8:192.168.34.25:36648, 4dea926d-4bc6-487a-9b9b-9fd457d0fae4:192.168.34.25:41624], old=null
2019-10-18 07:23:59,199 [12ad0800-05cb-443c-9fdd-fa1debf04523@group-BCB82A5C07F5-LeaderElection1093] INFO  impl.LeaderElection (LeaderElection.java:logAndReturn(56)) - 12ad0800-05cb-443c-9fdd-fa1debf04523@group-BCB82A5C07F5-LeaderElection1093: Election REJECTED; received 2 response(s) [12ad0800-05cb-443c-9fdd-fa1debf04523<-5170c5f3-8499-4b42-9321-85fc8a351f79#0:FAIL-t90, 12ad0800-05cb-443c-9fdd-fa1debf04523<-0b10a9fc-47eb-4a2b-b664-8273d9d17379#0:FAIL-t90] and 0 exception(s); 12ad0800-05cb-443c-9fdd-fa1debf04523@group-BCB82A5C07F5:t90, leader=null, voted=12ad0800-05cb-443c-9fdd-fa1debf04523, raftlog=12ad0800-05cb-443c-9fdd-fa1debf04523@group-BCB82A5C07F5-SegmentedRaftLog:OPENED:c-1,f-1,i0, conf=-1: [12ad0800-05cb-443c-9fdd-fa1debf04523:192.168.34.25:41155, 5170c5f3-8499-4b42-9321-85fc8a351f79:192.168.34.25:43074, 0b10a9fc-47eb-4a2b-b664-8273d9d17379:192.168.34.25:45248], old=null
2019-10-18 07:23:59,199 [4dea926d-4bc6-487a-9b9b-9fd457d0fae4@group-0C9C3B2D0CC1-LeaderElection1092] INFO  impl.RaftServerImpl (RaftServerImpl.java:setRole(184)) - 4dea926d-4bc6-487a-9b9b-9fd457d0fae4@group-0C9C3B2D0CC1: changes role from CANDIDATE to FOLLOWER at term 77 for DISCOVERED_A_NEW_TERM
2019-10-18 07:23:59,200 [12ad0800-05cb-443c-9fdd-fa1debf04523@group-BCB82A5C07F5-LeaderElection1093] INFO  impl.RaftServerImpl (RaftServerImpl.java:setRole(184)) - 12ad0800-05cb-443c-9fdd-fa1debf04523@group-BCB82A5C07F5: changes role from CANDIDATE to FOLLOWER at term 90 for DISCOVERED_A_NEW_TERM
2019-10-18 07:23:59,200 [12ad0800-05cb-443c-9fdd-fa1debf04523@group-BCB82A5C07F5-LeaderElection1093] INFO  impl.RoleInfo (RoleInfo.java:shutdownLeaderElection(134)) - 12ad0800-05cb-443c-9fdd-fa1debf04523: shutdown LeaderElection
2019-10-18 07:23:59,200 [4dea926d-4bc6-487a-9b9b-9fd457d0fae4@group-0C9C3B2D0CC1-LeaderElection1092] INFO  impl.RoleInfo (RoleInfo.java:shutdownLeaderElection(134)) - 4dea926d-4bc6-487a-9b9b-9fd457d0fae4: shutdown LeaderElection
2019-10-18 07:23:59,200 [12ad0800-05cb-443c-9fdd-fa1debf04523@group-BCB82A5C07F5-LeaderElection1093] INFO  impl.RoleInfo (RoleInfo.java:updateAndGet(143)) - 12ad0800-05cb-443c-9fdd-fa1debf04523: start FollowerState
2019-10-18 07:23:59,200 [4dea926d-4bc6-487a-9b9b-9fd457d0fae4@group-0C9C3B2D0CC1-LeaderElection1092] INFO  impl.RoleInfo (RoleInfo.java:updateAndGet(143)) - 4dea926d-4bc6-487a-9b9b-9fd457d0fae4: start FollowerState
2019-10-18 07:23:59,279 [Thread-9803] INFO  impl.FollowerState (FollowerState.java:run(108)) - 12ad0800-05cb-443c-9fdd-fa1debf04523@group-BCB82A5C07F5-FollowerState: change to CANDIDATE, lastRpcTime:79ms, electionTimeout:79ms
2019-10-18 07:23:59,279 [Thread-9803] INFO  impl.RoleInfo (RoleInfo.java:shutdownFollowerState(121)) - 12ad0800-05cb-443c-9fdd-fa1debf04523: shutdown FollowerState
2019-10-18 07:23:59,280 [Thread-9803] INFO  impl.RaftServerImpl (RaftServerImpl.java:setRole(184)) - 12ad0800-05cb-443c-9fdd-fa1debf04523@group-BCB82A5C07F5: changes role from  FOLLOWER to CANDIDATE at term 90 for changeToCandidate
2019-10-18 07:23:59,280 [Thread-9803] INFO  impl.RoleInfo (RoleInfo.java:updateAndGet(143)) - 12ad0800-05cb-443c-9fdd-fa1debf04523: start LeaderElection
2019-10-18 07:23:59,290 [Thread-9804] INFO  impl.FollowerState (FollowerState.java:run(108)) - 4dea926d-4bc6-487a-9b9b-9fd457d0fae4@group-0C9C3B2D0CC1-FollowerState: change to CANDIDATE, lastRpcTime:90ms, electionTimeout:90ms
2019-10-18 07:23:59,291 [Thread-9804] INFO  impl.RoleInfo (RoleInfo.java:shutdownFollowerState(121)) - 4dea926d-4bc6-487a-9b9b-9fd457d0fae4: shutdown FollowerState
2019-10-18 07:23:59,291 [Thread-9804] INFO  impl.RaftServerImpl (RaftServerImpl.java:setRole(184)) - 4dea926d-4bc6-487a-9b9b-9fd457d0fae4@group-0C9C3B2D0CC1: changes role from  FOLLOWER to CANDIDATE at term 77 for changeToCandidate
2019-10-18 07:23:59,291 [Thread-9804] INFO  impl.RoleInfo (RoleInfo.java:updateAndGet(143)) - 4dea926d-4bc6-487a-9b9b-9fd457d0fae4: start LeaderElection
2019-10-18 07:23:59,344 [4dea926d-4bc6-487a-9b9b-9fd457d0fae4@group-0C9C3B2D0CC1-LeaderElection1095] INFO  impl.LeaderElection (LeaderElection.java:askForVotes(178)) - 4dea926d-4bc6-487a-9b9b-9fd457d0fae4@group-0C9C3B2D0CC1-LeaderElection1095: begin an election at term 78 for -1: [6633f50a-7046-4b08-9937-8e25f1b14b15:192.168.34.25:39338, 67270882-100a-4e75-928d-618d17e069c8:192.168.34.25:36648, 4dea926d-4bc6-487a-9b9b-9fd457d0fae4:192.168.34.25:41624], old=null
2019-10-18 07:23:59,344 [12ad0800-05cb-443c-9fdd-fa1debf04523@group-BCB82A5C07F5-LeaderElection1094] INFO  impl.LeaderElection (LeaderElection.java:askForVotes(178)) - 12ad0800-05cb-443c-9fdd-fa1debf04523@group-BCB82A5C07F5-LeaderElection1094: begin an election at term 91 for -1: [12ad0800-05cb-443c-9fdd-fa1debf04523:192.168.34.25:41155, 5170c5f3-8499-4b42-9321-85fc8a351f79:192.168.34.25:43074, 0b10a9fc-47eb-4a2b-b664-8273d9d17379:192.168.34.25:45248], old=null
2019-10-18 07:23:59,346 [grpc-default-executor-14] INFO  impl.RaftServerImpl (RaftServerImpl.java:setRole(184)) - 6633f50a-7046-4b08-9937-8e25f1b14b15@group-0C9C3B2D0CC1: changes role from  FOLLOWER to FOLLOWER at term 78 for recognizeCandidate:4dea926d-4bc6-487a-9b9b-9fd457d0fae4
2019-10-18 07:23:59,346 [grpc-default-executor-14] INFO  impl.RoleInfo (RoleInfo.java:shutdownFollowerState(121)) - 6633f50a-7046-4b08-9937-8e25f1b14b15: shutdown FollowerState
2019-10-18 07:23:59,346 [grpc-default-executor-4] INFO  impl.RaftServerImpl (RaftServerImpl.java:setRole(184)) - 5170c5f3-8499-4b42-9321-85fc8a351f79@group-BCB82A5C07F5: changes role from  FOLLOWER to FOLLOWER at term 91 for recognizeCandidate:12ad0800-05cb-443c-9fdd-fa1debf04523
2019-10-18 07:23:59,346 [Thread-9801] INFO  impl.FollowerState (FollowerState.java:run(117)) - 6633f50a-7046-4b08-9937-8e25f1b14b15@group-0C9C3B2D0CC1-FollowerState was interrupted: java.lang.InterruptedException: sleep interrupted
2019-10-18 07:23:59,346 [grpc-default-executor-14] INFO  impl.RoleInfo (RoleInfo.java:updateAndGet(143)) - 6633f50a-7046-4b08-9937-8e25f1b14b15: start FollowerState
2019-10-18 07:23:59,346 [grpc-default-executor-11] INFO  impl.RaftServerImpl (RaftServerImpl.java:setRole(184)) - 0b10a9fc-47eb-4a2b-b664-8273d9d17379@group-BCB82A5C07F5: changes role from  FOLLOWER to FOLLOWER at term 91 for recognizeCandidate:12ad0800-05cb-443c-9fdd-fa1debf04523
2019-10-18 07:23:59,347 [grpc-default-executor-11] INFO  impl.RoleInfo (RoleInfo.java:shutdownFollowerState(121)) - 0b10a9fc-47eb-4a2b-b664-8273d9d17379: shutdown FollowerState
2019-10-18 07:23:59,346 [grpc-default-executor-12] INFO  impl.RaftServerImpl (RaftServerImpl.java:setRole(184)) - 67270882-100a-4e75-928d-618d17e069c8@group-0C9C3B2D0CC1: changes role from  FOLLOWER to FOLLOWER at term 78 for recognizeCandidate:4dea926d-4bc6-487a-9b9b-9fd457d0fae4
2019-10-18 07:23:59,346 [grpc-default-executor-4] INFO  impl.RoleInfo (RoleInfo.java:shutdownFollowerState(121)) - 5170c5f3-8499-4b42-9321-85fc8a351f79: shutdown FollowerState
2019-10-18 07:23:59,347 [grpc-default-executor-12] INFO  impl.RoleInfo (RoleInfo.java:shutdownFollowerState(121)) - 67270882-100a-4e75-928d-618d17e069c8: shutdown FollowerState
2019-10-18 07:23:59,347 [Thread-9802] INFO  impl.FollowerState (FollowerState.java:run(117)) - 0b10a9fc-47eb-4a2b-b664-8273d9d17379@group-BCB82A5C07F5-FollowerState was interrupted: java.lang.InterruptedException: sleep interrupted
2019-10-18 07:23:59,347 [Thread-9800] INFO  impl.FollowerState (FollowerState.java:run(117)) - 67270882-100a-4e75-928d-618d17e069c8@group-0C9C3B2D0CC1-FollowerState was interrupted: java.lang.InterruptedException: sleep interrupted
2019-10-18 07:23:59,347 [grpc-default-executor-11] INFO  impl.RoleInfo (RoleInfo.java:updateAndGet(143)) - 0b10a9fc-47eb-4a2b-b664-8273d9d17379: start FollowerState
2019-10-18 07:23:59,347 [grpc-default-executor-12] INFO  impl.RoleInfo (RoleInfo.java:updateAndGet(143)) - 67270882-100a-4e75-928d-618d17e069c8: start FollowerState
2019-10-18 07:23:59,347 [Thread-9799] INFO  impl.FollowerState (FollowerState.java:run(117)) - 5170c5f3-8499-4b42-9321-85fc8a351f79@group-BCB82A5C07F5-FollowerState was interrupted: java.lang.InterruptedException: sleep interrupted
2019-10-18 07:23:59,347 [grpc-default-executor-4] INFO  impl.RoleInfo (RoleInfo.java:updateAndGet(143)) - 5170c5f3-8499-4b42-9321-85fc8a351f79: start FollowerState
2019-10-18 07:23:59,368 [4dea926d-4bc6-487a-9b9b-9fd457d0fae4@group-0C9C3B2D0CC1-LeaderElection1095] INFO  impl.LeaderElection (LeaderElection.java:logAndReturn(56)) - 4dea926d-4bc6-487a-9b9b-9fd457d0fae4@group-0C9C3B2D0CC1-LeaderElection1095: Election REJECTED; received 2 response(s) [4dea926d-4bc6-487a-9b9b-9fd457d0fae4<-6633f50a-7046-4b08-9937-8e25f1b14b15#0:FAIL-t78, 4dea926d-4bc6-487a-9b9b-9fd457d0fae4<-67270882-100a-4e75-928d-618d17e069c8#0:FAIL-t78] and 0 exception(s); 4dea926d-4bc6-487a-9b9b-9fd457d0fae4@group-0C9C3B2D0CC1:t78, leader=null, voted=4dea926d-4bc6-487a-9b9b-9fd457d0fae4, raftlog=4dea926d-4bc6-487a-9b9b-9fd457d0fae4@group-0C9C3B2D0CC1-SegmentedRaftLog:OPENED:c-1,f-1,i0, conf=-1: [6633f50a-7046-4b08-9937-8e25f1b14b15:192.168.34.25:39338, 67270882-100a-4e75-928d-618d17e069c8:192.168.34.25:36648, 4dea926d-4bc6-487a-9b9b-9fd457d0fae4:192.168.34.25:41624], old=null
2019-10-18 07:23:59,368 [4dea926d-4bc6-487a-9b9b-9fd457d0fae4@group-0C9C3B2D0CC1-LeaderElection1095] INFO  impl.RaftServerImpl (RaftServerImpl.java:setRole(184)) - 4dea926d-4bc6-487a-9b9b-9fd457d0fae4@group-0C9C3B2D0CC1: changes role from CANDIDATE to FOLLOWER at term 78 for DISCOVERED_A_NEW_TERM
2019-10-18 07:23:59,368 [4dea926d-4bc6-487a-9b9b-9fd457d0fae4@group-0C9C3B2D0CC1-LeaderElection1095] INFO  impl.RoleInfo (RoleInfo.java:shutdownLeaderElection(134)) - 4dea926d-4bc6-487a-9b9b-9fd457d0fae4: shutdown LeaderElection
2019-10-18 07:23:59,368 [12ad0800-05cb-443c-9fdd-fa1debf04523@group-BCB82A5C07F5-LeaderElection1094] INFO  impl.LeaderElection (LeaderElection.java:logAndReturn(56)) - 12ad0800-05cb-443c-9fdd-fa1debf04523@group-BCB82A5C07F5-LeaderElection1094: Election REJECTED; received 2 response(s) [12ad0800-05cb-443c-9fdd-fa1debf04523<-5170c5f3-8499-4b42-9321-85fc8a351f79#0:FAIL-t91, 12ad0800-05cb-443c-9fdd-fa1debf04523<-0b10a9fc-47eb-4a2b-b664-8273d9d17379#0:FAIL-t91] and 0 exception(s); 12ad0800-05cb-443c-9fdd-fa1debf04523@group-BCB82A5C07F5:t91, leader=null, voted=12ad0800-05cb-443c-9fdd-fa1debf04523, raftlog=12ad0800-05cb-443c-9fdd-fa1debf04523@group-BCB82A5C07F5-SegmentedRaftLog:OPENED:c-1,f-1,i0, conf=-1: [12ad0800-05cb-443c-9fdd-fa1debf04523:192.168.34.25:41155, 5170c5f3-8499-4b42-9321-85fc8a351f79:192.168.34.25:43074, 0b10a9fc-47eb-4a2b-b664-8273d9d17379:192.168.34.25:45248], old=null
2019-10-18 07:23:59,368 [4dea926d-4bc6-487a-9b9b-9fd457d0fae4@group-0C9C3B2D0CC1-LeaderElection1095] INFO  impl.RoleInfo (RoleInfo.java:updateAndGet(143)) - 4dea926d-4bc6-487a-9b9b-9fd457d0fae4: start FollowerState
2019-10-18 07:23:59,368 [12ad0800-05cb-443c-9fdd-fa1debf04523@group-BCB82A5C07F5-LeaderElection1094] INFO  impl.RaftServerImpl (RaftServerImpl.java:setRole(184)) - 12ad0800-05cb-443c-9fdd-fa1debf04523@group-BCB82A5C07F5: changes role from CANDIDATE to FOLLOWER at term 91 for DISCOVERED_A_NEW_TERM
2019-10-18 07:23:59,369 [12ad0800-05cb-443c-9fdd-fa1debf04523@group-BCB82A5C07F5-LeaderElection1094] INFO  impl.RoleInfo (RoleInfo.java:shutdownLeaderElection(134)) - 12ad0800-05cb-443c-9fdd-fa1debf04523: shutdown LeaderElection
2019-10-18 07:23:59,369 [12ad0800-05cb-443c-9fdd-fa1debf04523@group-BCB82A5C07F5-LeaderElection1094] INFO  impl.RoleInfo (RoleInfo.java:updateAndGet(143)) - 12ad0800-05cb-443c-9fdd-fa1debf04523: start FollowerState
2019-10-18 07:23:59,381 [Thread-9815] INFO  impl.FollowerState (FollowerState.java:run(108)) - 4dea926d-4bc6-487a-9b9b-9fd457d0fae4@group-0C9C3B2D0CC1-FollowerState: change to CANDIDATE, lastRpcTime:12ms, electionTimeout:12ms
2019-10-18 07:23:59,381 [Thread-9815] INFO  impl.RoleInfo (RoleInfo.java:shutdownFollowerState(121)) - 4dea926d-4bc6-487a-9b9b-9fd457d0fae4: shutdown FollowerState
2019-10-18 07:23:59,381 [Thread-9815] INFO  impl.RaftServerImpl (RaftServerImpl.java:setRole(184)) - 4dea926d-4bc6-487a-9b9b-9fd457d0fae4@group-0C9C3B2D0CC1: changes role from  FOLLOWER to CANDIDATE at term 78 for changeToCandidate
2019-10-18 07:23:59,381 [Thread-9815] INFO  impl.RoleInfo (RoleInfo.java:updateAndGet(143)) - 4dea926d-4bc6-487a-9b9b-9fd457d0fae4: start LeaderElection
2019-10-18 07:23:59,397 [4dea926d-4bc6-487a-9b9b-9fd457d0fae4@group-0C9C3B2D0CC1-LeaderElection1096] INFO  impl.LeaderElection (LeaderElection.java:askForVotes(178)) - 4dea926d-4bc6-487a-9b9b-9fd457d0fae4@group-0C9C3B2D0CC1-LeaderElection1096: begin an election at term 79 for -1: [6633f50a-7046-4b08-9937-8e25f1b14b15:192.168.34.25:39338, 67270882-100a-4e75-928d-618d17e069c8:192.168.34.25:36648, 4dea926d-4bc6-487a-9b9b-9fd457d0fae4:192.168.34.25:41624], old=null
2019-10-18 07:23:59,399 [grpc-default-executor-14] INFO  impl.RaftServerImpl (RaftServerImpl.java:setRole(184)) - 6633f50a-7046-4b08-9937-8e25f1b14b15@group-0C9C3B2D0CC1: changes role from  FOLLOWER to FOLLOWER at term 79 for recognizeCandidate:4dea926d-4bc6-487a-9b9b-9fd457d0fae4
2019-10-18 07:23:59,399 [grpc-default-executor-14] INFO  impl.RoleInfo (RoleInfo.java:shutdownFollowerState(121)) - 6633f50a-7046-4b08-9937-8e25f1b14b15: shutdown FollowerState
2019-10-18 07:23:59,399 [grpc-default-executor-14] INFO  impl.RoleInfo (RoleInfo.java:updateAndGet(143)) - 6633f50a-7046-4b08-9937-8e25f1b14b15: start FollowerState
2019-10-18 07:23:59,399 [grpc-default-executor-11] INFO  impl.RaftServerImpl (RaftServerImpl.java:setRole(184)) - 67270882-100a-4e75-928d-618d17e069c8@group-0C9C3B2D0CC1: changes role from  FOLLOWER to FOLLOWER at term 79 for recognizeCandidate:4dea926d-4bc6-487a-9b9b-9fd457d0fae4
2019-10-18 07:23:59,399 [grpc-default-executor-11] INFO  impl.RoleInfo (RoleInfo.java:shutdownFollowerState(121)) - 67270882-100a-4e75-928d-618d17e069c8: shutdown FollowerState
2019-10-18 07:23:59,399 [Thread-9811] INFO  impl.FollowerState (FollowerState.java:run(117)) - 6633f50a-7046-4b08-9937-8e25f1b14b15@group-0C9C3B2D0CC1-FollowerState was interrupted: java.lang.InterruptedException: sleep interrupted
2019-10-18 07:23:59,399 [grpc-default-executor-11] INFO  impl.RoleInfo (RoleInfo.java:updateAndGet(143)) - 67270882-100a-4e75-928d-618d17e069c8: start FollowerState
2019-10-18 07:23:59,399 [Thread-9814] INFO  impl.FollowerState (FollowerState.java:run(117)) - 67270882-100a-4e75-928d-618d17e069c8@group-0C9C3B2D0CC1-FollowerState was interrupted: java.lang.InterruptedException: sleep interrupted
2019-10-18 07:23:59,421 [4dea926d-4bc6-487a-9b9b-9fd457d0fae4@group-0C9C3B2D0CC1-LeaderElection1096] INFO  impl.LeaderElection (LeaderElection.java:logAndReturn(56)) - 4dea926d-4bc6-487a-9b9b-9fd457d0fae4@group-0C9C3B2D0CC1-LeaderElection1096: Election REJECTED; received 2 response(s) [4dea926d-4bc6-487a-9b9b-9fd457d0fae4<-6633f50a-7046-4b08-9937-8e25f1b14b15#0:FAIL-t79, 4dea926d-4bc6-487a-9b9b-9fd457d0fae4<-67270882-100a-4e75-928d-618d17e069c8#0:FAIL-t79] and 0 exception(s); 4dea926d-4bc6-487a-9b9b-9fd457d0fae4@group-0C9C3B2D0CC1:t79, leader=null, voted=4dea926d-4bc6-487a-9b9b-9fd457d0fae4, raftlog=4dea926d-4bc6-487a-9b9b-9fd457d0fae4@group-0C9C3B2D0CC1-SegmentedRaftLog:OPENED:c-1,f-1,i0, conf=-1: [6633f50a-7046-4b08-9937-8e25f1b14b15:192.168.34.25:39338, 67270882-100a-4e75-928d-618d17e069c8:192.168.34.25:36648, 4dea926d-4bc6-487a-9b9b-9fd457d0fae4:192.168.34.25:41624], old=null
2019-10-18 07:23:59,421 [4dea926d-4bc6-487a-9b9b-9fd457d0fae4@group-0C9C3B2D0CC1-LeaderElection1096] INFO  impl.RaftServerImpl (RaftServerImpl.java:setRole(184)) - 4dea926d-4bc6-487a-9b9b-9fd457d0fae4@group-0C9C3B2D0CC1: changes role from CANDIDATE to FOLLOWER at term 79 for DISCOVERED_A_NEW_TERM
2019-10-18 07:23:59,421 [4dea926d-4bc6-487a-9b9b-9fd457d0fae4@group-0C9C3B2D0CC1-LeaderElection1096] INFO  impl.RoleInfo (RoleInfo.java:shutdownLeaderElection(134)) - 4dea926d-4bc6-487a-9b9b-9fd457d0fae4: shutdown LeaderElection
2019-10-18 07:23:59,421 [4dea926d-4bc6-487a-9b9b-9fd457d0fae4@group-0C9C3B2D0CC1-LeaderElection1096] INFO  impl.RoleInfo (RoleInfo.java:updateAndGet(143)) - 4dea926d-4bc6-487a-9b9b-9fd457d0fae4: start FollowerState
2019-10-18 07:23:59,439 [Thread-9822] INFO  impl.FollowerState (FollowerState.java:run(108)) - 4dea926d-4bc6-487a-9b9b-9fd457d0fae4@group-0C9C3B2D0CC1-FollowerState: change to CANDIDATE, lastRpcTime:17ms, electionTimeout:17ms
2019-10-18 07:23:59,439 [Thread-9822] INFO  impl.RoleInfo (RoleInfo.java:shutdownFollowerState(121)) - 4dea926d-4bc6-487a-9b9b-9fd457d0fae4: shutdown FollowerState
2019-10-18 07:23:59,439 [Thread-9822] INFO  impl.RaftServerImpl (RaftServerImpl.java:setRole(184)) - 4dea926d-4bc6-487a-9b9b-9fd457d0fae4@group-0C9C3B2D0CC1: changes role from  FOLLOWER to CANDIDATE at term 79 for changeToCandidate
2019-10-18 07:23:59,439 [Thread-9822] INFO  impl.RoleInfo (RoleInfo.java:updateAndGet(143)) - 4dea926d-4bc6-487a-9b9b-9fd457d0fae4: start LeaderElection
2019-10-18 07:23:59,454 [4dea926d-4bc6-487a-9b9b-9fd457d0fae4@group-0C9C3B2D0CC1-LeaderElection1097] INFO  impl.LeaderElection (LeaderElection.java:askForVotes(178)) - 4dea926d-4bc6-487a-9b9b-9fd457d0fae4@group-0C9C3B2D0CC1-LeaderElection1097: begin an election at term 80 for -1: [6633f50a-7046-4b08-9937-8e25f1b14b15:192.168.34.25:39338, 67270882-100a-4e75-928d-618d17e069c8:192.168.34.25:36648, 4dea926d-4bc6-487a-9b9b-9fd457d0fae4:192.168.34.25:41624], old=null
2019-10-18 07:23:59,456 [grpc-default-executor-11] INFO  impl.RaftServerImpl (RaftServerImpl.java:setRole(184)) - 6633f50a-7046-4b08-9937-8e25f1b14b15@group-0C9C3B2D0CC1: changes role from  FOLLOWER to FOLLOWER at term 80 for recognizeCandidate:4dea926d-4bc6-487a-9b9b-9fd457d0fae4
2019-10-18 07:23:59,456 [grpc-default-executor-14] INFO  impl.RaftServerImpl (RaftServerImpl.java:setRole(184)) - 67270882-100a-4e75-928d-618d17e069c8@group-0C9C3B2D0CC1: changes role from  FOLLOWER to FOLLOWER at term 80 for recognizeCandidate:4dea926d-4bc6-487a-9b9b-9fd457d0fae4
2019-10-18 07:23:59,456 [grpc-default-executor-14] INFO  impl.RoleInfo (RoleInfo.java:shutdownFollowerState(121)) - 67270882-100a-4e75-928d-618d17e069c8: shutdown FollowerState
2019-10-18 07:23:59,456 [grpc-default-executor-11] INFO  impl.RoleInfo (RoleInfo.java:shutdownFollowerState(121)) - 6633f50a-7046-4b08-9937-8e25f1b14b15: shutdown FollowerState
2019-10-18 07:23:59,456 [Thread-9821] INFO  impl.FollowerState (FollowerState.java:run(117)) - 67270882-100a-4e75-928d-618d17e069c8@group-0C9C3B2D0CC1-FollowerState was interrupted: java.lang.InterruptedException: sleep interrupted
2019-10-18 07:23:59,456 [grpc-default-executor-14] INFO  impl.RoleInfo (RoleInfo.java:updateAndGet(143)) - 67270882-100a-4e75-928d-618d17e069c8: start FollowerState
2019-10-18 07:23:59,456 [Thread-9820] INFO  impl.FollowerState (FollowerState.java:run(117)) - 6633f50a-7046-4b08-9937-8e25f1b14b15@group-0C9C3B2D0CC1-FollowerState was interrupted: java.lang.InterruptedException: sleep interrupted
2019-10-18 07:23:59,456 [grpc-default-executor-11] INFO  impl.RoleInfo (RoleInfo.java:updateAndGet(143)) - 6633f50a-7046-4b08-9937-8e25f1b14b15: start FollowerState
2019-10-18 07:23:59,464 [Thread-9816] INFO  impl.FollowerState (FollowerState.java:run(108)) - 12ad0800-05cb-443c-9fdd-fa1debf04523@group-BCB82A5C07F5-FollowerState: change to CANDIDATE, lastRpcTime:95ms, electionTimeout:95ms
2019-10-18 07:23:59,464 [Thread-9816] INFO  impl.RoleInfo (RoleInfo.java:shutdownFollowerState(121)) - 12ad0800-05cb-443c-9fdd-fa1debf04523: shutdown FollowerState
2019-10-18 07:23:59,464 [Thread-9816] INFO  impl.RaftServerImpl (RaftServerImpl.java:setRole(184)) - 12ad0800-05cb-443c-9fdd-fa1debf04523@group-BCB82A5C07F5: changes role from  FOLLOWER to CANDIDATE at term 91 for changeToCandidate
2019-10-18 07:23:59,464 [Thread-9816] INFO  impl.RoleInfo (RoleInfo.java:updateAndGet(143)) - 12ad0800-05cb-443c-9fdd-fa1debf04523: start LeaderElection
2019-10-18 07:23:59,479 [12ad0800-05cb-443c-9fdd-fa1debf04523@group-BCB82A5C07F5-LeaderElection1098] INFO  impl.LeaderElection (LeaderElection.java:askForVotes(178)) - 12ad0800-05cb-443c-9fdd-fa1debf04523@group-BCB82A5C07F5-LeaderElection1098: begin an election at term 92 for -1: [12ad0800-05cb-443c-9fdd-fa1debf04523:192.168.34.25:41155, 5170c5f3-8499-4b42-9321-85fc8a351f79:192.168.34.25:43074, 0b10a9fc-47eb-4a2b-b664-8273d9d17379:192.168.34.25:45248], old=null
2019-10-18 07:23:59,480 [4dea926d-4bc6-487a-9b9b-9fd457d0fae4@group-0C9C3B2D0CC1-LeaderElection1097] INFO  impl.LeaderElection (LeaderElection.java:logAndReturn(56)) - 4dea926d-4bc6-487a-9b9b-9fd457d0fae4@group-0C9C3B2D0CC1-LeaderElection1097: Election REJECTED; received 2 response(s) [4dea926d-4bc6-487a-9b9b-9fd457d0fae4<-6633f50a-7046-4b08-9937-8e25f1b14b15#0:FAIL-t80, 4dea926d-4bc6-487a-9b9b-9fd457d0fae4<-67270882-100a-4e75-928d-618d17e069c8#0:FAIL-t80] and 0 exception(s); 4dea926d-4bc6-487a-9b9b-9fd457d0fae4@group-0C9C3B2D0CC1:t80, leader=null, voted=4dea926d-4bc6-487a-9b9b-9fd457d0fae4, raftlog=4dea926d-4bc6-487a-9b9b-9fd457d0fae4@group-0C9C3B2D0CC1-SegmentedRaftLog:OPENED:c-1,f-1,i0, conf=-1: [6633f50a-7046-4b08-9937-8e25f1b14b15:192.168.34.25:39338, 67270882-100a-4e75-928d-618d17e069c8:192.168.34.25:36648, 4dea926d-4bc6-487a-9b9b-9fd457d0fae4:192.168.34.25:41624], old=null
2019-10-18 07:23:59,480 [4dea926d-4bc6-487a-9b9b-9fd457d0fae4@group-0C9C3B2D0CC1-LeaderElection1097] INFO  impl.RaftServerImpl (RaftServerImpl.java:setRole(184)) - 4dea926d-4bc6-487a-9b9b-9fd457d0fae4@group-0C9C3B2D0CC1: changes role from CANDIDATE to FOLLOWER at term 80 for DISCOVERED_A_NEW_TERM
2019-10-18 07:23:59,480 [4dea926d-4bc6-487a-9b9b-9fd457d0fae4@group-0C9C3B2D0CC1-LeaderElection1097] INFO  impl.RoleInfo (RoleInfo.java:shutdownLeaderElection(134)) - 4dea926d-4bc6-487a-9b9b-9fd457d0fae4: shutdown LeaderElection
2019-10-18 07:23:59,480 [4dea926d-4bc6-487a-9b9b-9fd457d0fae4@group-0C9C3B2D0CC1-LeaderElection1097] INFO  impl.RoleInfo (RoleInfo.java:updateAndGet(143)) - 4dea926d-4bc6-487a-9b9b-9fd457d0fae4: start FollowerState
2019-10-18 07:23:59,481 [grpc-default-executor-11] INFO  impl.RaftServerImpl (RaftServerImpl.java:setRole(184)) - 5170c5f3-8499-4b42-9321-85fc8a351f79@group-BCB82A5C07F5: changes role from  FOLLOWER to FOLLOWER at term 92 for recognizeCandidate:12ad0800-05cb-443c-9fdd-fa1debf04523
2019-10-18 07:23:59,481 [grpc-default-executor-11] INFO  impl.RoleInfo (RoleInfo.java:shutdownFollowerState(121)) - 5170c5f3-8499-4b42-9321-85fc8a351f79: shutdown FollowerState
2019-10-18 07:23:59,481 [grpc-default-executor-11] INFO  impl.RoleInfo (RoleInfo.java:updateAndGet(143)) - 5170c5f3-8499-4b42-9321-85fc8a351f79: start FollowerState
2019-10-18 07:23:59,481 [Thread-9813] INFO  impl.FollowerState (FollowerState.java:run(117)) - 5170c5f3-8499-4b42-9321-85fc8a351f79@group-BCB82A5C07F5-FollowerState was interrupted: java.lang.InterruptedException: sleep interrupted
2019-10-18 07:23:59,481 [grpc-default-executor-14] INFO  impl.RaftServerImpl (RaftServerImpl.java:setRole(184)) - 0b10a9fc-47eb-4a2b-b664-8273d9d17379@group-BCB82A5C07F5: changes role from  FOLLOWER to FOLLOWER at term 92 for recognizeCandidate:12ad0800-05cb-443c-9fdd-fa1debf04523
2019-10-18 07:23:59,481 [grpc-default-executor-14] INFO  impl.RoleInfo (RoleInfo.java:shutdownFollowerState(121)) - 0b10a9fc-47eb-4a2b-b664-8273d9d17379: shutdown FollowerState
2019-10-18 07:23:59,481 [grpc-default-executor-14] INFO  impl.RoleInfo (RoleInfo.java:updateAndGet(143)) - 0b10a9fc-47eb-4a2b-b664-8273d9d17379: start FollowerState
2019-10-18 07:23:59,481 [Thread-9812] INFO  impl.FollowerState (FollowerState.java:run(117)) - 0b10a9fc-47eb-4a2b-b664-8273d9d17379@group-BCB82A5C07F5-FollowerState was interrupted: java.lang.InterruptedException: sleep interrupted
2019-10-18 07:23:59,525 [12ad0800-05cb-443c-9fdd-fa1debf04523@group-BCB82A5C07F5-LeaderElection1098] INFO  impl.LeaderElection (LeaderElection.java:logAndReturn(56)) - 12ad0800-05cb-443c-9fdd-fa1debf04523@group-BCB82A5C07F5-LeaderElection1098: Election REJECTED; received 2 response(s) [12ad0800-05cb-443c-9fdd-fa1debf04523<-5170c5f3-8499-4b42-9321-85fc8a351f79#0:FAIL-t92, 12ad0800-05cb-443c-9fdd-fa1debf04523<-0b10a9fc-47eb-4a2b-b664-8273d9d17379#0:FAIL-t92] and 0 exception(s); 12ad0800-05cb-443c-9fdd-fa1debf04523@group-BCB82A5C07F5:t92, leader=null, voted=12ad0800-05cb-443c-9fdd-fa1debf04523, raftlog=12ad0800-05cb-443c-9fdd-fa1debf04523@group-BCB82A5C07F5-SegmentedRaftLog:OPENED:c-1,f-1,i0, conf=-1: [12ad0800-05cb-443c-9fdd-fa1debf04523:192.168.34.25:41155, 5170c5f3-8499-4b42-9321-85fc8a351f79:192.168.34.25:43074, 0b10a9fc-47eb-4a2b-b664-8273d9d17379:192.168.34.25:45248], old=null
2019-10-18 07:23:59,525 [12ad0800-05cb-443c-9fdd-fa1debf04523@group-BCB82A5C07F5-LeaderElection1098] INFO  impl.RaftServerImpl (RaftServerImpl.java:setRole(184)) - 12ad0800-05cb-443c-9fdd-fa1debf04523@group-BCB82A5C07F5: changes role from CANDIDATE to FOLLOWER at term 92 for DISCOVERED_A_NEW_TERM
2019-10-18 07:23:59,525 [12ad0800-05cb-443c-9fdd-fa1debf04523@group-BCB82A5C07F5-LeaderElection1098] INFO  impl.RoleInfo (RoleInfo.java:shutdownLeaderElection(134)) - 12ad0800-05cb-443c-9fdd-fa1debf04523: shutdown LeaderElection
2019-10-18 07:23:59,525 [12ad0800-05cb-443c-9fdd-fa1debf04523@group-BCB82A5C07F5-LeaderElection1098] INFO  impl.RoleInfo (RoleInfo.java:updateAndGet(143)) - 12ad0800-05cb-443c-9fdd-fa1debf04523: start FollowerState
2019-10-18 07:23:59,558 [Thread-9831] INFO  impl.FollowerState (FollowerState.java:run(108)) - 4dea926d-4bc6-487a-9b9b-9fd457d0fae4@group-0C9C3B2D0CC1-FollowerState: change to CANDIDATE, lastRpcTime:78ms, electionTimeout:78ms
2019-10-18 07:23:59,558 [Thread-9831] INFO  impl.RoleInfo (RoleInfo.java:shutdownFollowerState(121)) - 4dea926d-4bc6-487a-9b9b-9fd457d0fae4: shutdown FollowerState
2019-10-18 07:23:59,558 [Thread-9831] INFO  impl.RaftServerImpl (RaftServerImpl.java:setRole(184)) - 4dea926d-4bc6-487a-9b9b-9fd457d0fae4@group-0C9C3B2D0CC1: changes role from  FOLLOWER to CANDIDATE at term 80 for changeToCandidate
2019-10-18 07:23:59,559 [Thread-9831] INFO  impl.RoleInfo (RoleInfo.java:updateAndGet(143)) - 4dea926d-4bc6-487a-9b9b-9fd457d0fae4: start LeaderElection
2019-10-18 07:23:59,584 [4dea926d-4bc6-487a-9b9b-9fd457d0fae4@group-0C9C3B2D0CC1-LeaderElection1099] INFO  impl.LeaderElection (LeaderElection.java:askForVotes(178)) - 4dea926d-4bc6-487a-9b9b-9fd457d0fae4@group-0C9C3B2D0CC1-LeaderElection1099: begin an election at term 81 for -1: [6633f50a-7046-4b08-9937-8e25f1b14b15:192.168.34.25:39338, 67270882-100a-4e75-928d-618d17e069c8:192.168.34.25:36648, 4dea926d-4bc6-487a-9b9b-9fd457d0fae4:192.168.34.25:41624], old=null
2019-10-18 07:23:59,585 [grpc-default-executor-14] INFO  impl.RaftServerImpl (RaftServerImpl.java:setRole(184)) - 6633f50a-7046-4b08-9937-8e25f1b14b15@group-0C9C3B2D0CC1: changes role from  FOLLOWER to FOLLOWER at term 81 for recognizeCandidate:4dea926d-4bc6-487a-9b9b-9fd457d0fae4
2019-10-18 07:23:59,585 [grpc-default-executor-14] INFO  impl.RoleInfo (RoleInfo.java:shutdownFollowerState(121)) - 6633f50a-7046-4b08-9937-8e25f1b14b15: shutdown FollowerState
2019-10-18 07:23:59,585 [grpc-default-executor-11] INFO  impl.RaftServerImpl (RaftServerImpl.java:setRole(184)) - 67270882-100a-4e75-928d-618d17e069c8@group-0C9C3B2D0CC1: changes role from  FOLLOWER to FOLLOWER at term 81 for recognizeCandidate:4dea926d-4bc6-487a-9b9b-9fd457d0fae4
2019-10-18 07:23:59,586 [grpc-default-executor-14] INFO  impl.RoleInfo (RoleInfo.java:updateAndGet(143)) - 6633f50a-7046-4b08-9937-8e25f1b14b15: start FollowerState
2019-10-18 07:23:59,586 [Thread-9827] INFO  impl.FollowerState (FollowerState.java:run(117)) - 6633f50a-7046-4b08-9937-8e25f1b14b15@group-0C9C3B2D0CC1-FollowerState was interrupted: java.lang.InterruptedException: sleep interrupted
2019-10-18 07:23:59,586 [grpc-default-executor-11] INFO  impl.RoleInfo (RoleInfo.java:shutdownFollowerState(121)) - 67270882-100a-4e75-928d-618d17e069c8: shutdown FollowerState
2019-10-18 07:23:59,586 [grpc-default-executor-11] INFO  impl.RoleInfo (RoleInfo.java:updateAndGet(143)) - 67270882-100a-4e75-928d-618d17e069c8: start FollowerState
2019-10-18 07:23:59,586 [Thread-9826] INFO  impl.FollowerState (FollowerState.java:run(117)) - 67270882-100a-4e75-928d-618d17e069c8@group-0C9C3B2D0CC1-FollowerState was interrupted: java.lang.InterruptedException: sleep interrupted
2019-10-18 07:23:59,618 [4dea926d-4bc6-487a-9b9b-9fd457d0fae4@group-0C9C3B2D0CC1-LeaderElection1099] INFO  impl.LeaderElection (LeaderElection.java:logAndReturn(56)) - 4dea926d-4bc6-487a-9b9b-9fd457d0fae4@group-0C9C3B2D0CC1-LeaderElection1099: Election REJECTED; received 2 response(s) [4dea926d-4bc6-487a-9b9b-9fd457d0fae4<-6633f50a-7046-4b08-9937-8e25f1b14b15#0:FAIL-t81, 4dea926d-4bc6-487a-9b9b-9fd457d0fae4<-67270882-100a-4e75-928d-618d17e069c8#0:FAIL-t81] and 0 exception(s); 4dea926d-4bc6-487a-9b9b-9fd457d0fae4@group-0C9C3B2D0CC1:t81, leader=null, voted=4dea926d-4bc6-487a-9b9b-9fd457d0fae4, raftlog=4dea926d-4bc6-487a-9b9b-9fd457d0fae4@group-0C9C3B2D0CC1-SegmentedRaftLog:OPENED:c-1,f-1,i0, conf=-1: [6633f50a-7046-4b08-9937-8e25f1b14b15:192.168.34.25:39338, 67270882-100a-4e75-928d-618d17e069c8:192.168.34.25:36648, 4dea926d-4bc6-487a-9b9b-9fd457d0fae4:192.168.34.25:41624], old=null
2019-10-18 07:23:59,618 [4dea926d-4bc6-487a-9b9b-9fd457d0fae4@group-0C9C3B2D0CC1-LeaderElection1099] INFO  impl.RaftServerImpl (RaftServerImpl.java:setRole(184)) - 4dea926d-4bc6-487a-9b9b-9fd457d0fae4@group-0C9C3B2D0CC1: changes role from CANDIDATE to FOLLOWER at term 81 for DISCOVERED_A_NEW_TERM
2019-10-18 07:23:59,618 [4dea926d-4bc6-487a-9b9b-9fd457d0fae4@group-0C9C3B2D0CC1-LeaderElection1099] INFO  impl.RoleInfo (RoleInfo.java:shutdownLeaderElection(134)) - 4dea926d-4bc6-487a-9b9b-9fd457d0fae4: shutdown LeaderElection
2019-10-18 07:23:59,619 [4dea926d-4bc6-487a-9b9b-9fd457d0fae4@group-0C9C3B2D0CC1-LeaderElection1099] INFO  impl.RoleInfo (RoleInfo.java:updateAndGet(143)) - 4dea926d-4bc6-487a-9b9b-9fd457d0fae4: start FollowerState
2019-10-18 07:23:59,674 [Thread-9836] INFO  impl.FollowerState (FollowerState.java:run(108)) - 12ad0800-05cb-443c-9fdd-fa1debf04523@group-BCB82A5C07F5-FollowerState: change to CANDIDATE, lastRpcTime:148ms, electionTimeout:148ms
2019-10-18 07:23:59,674 [Thread-9836] INFO  impl.RoleInfo (RoleInfo.java:shutdownFollowerState(121)) - 12ad0800-05cb-443c-9fdd-fa1debf04523: shutdown FollowerState
2019-10-18 07:23:59,674 [Thread-9836] INFO  impl.RaftServerImpl (RaftServerImpl.java:setRole(184)) - 12ad0800-05cb-443c-9fdd-fa1debf04523@group-BCB82A5C07F5: changes role from  FOLLOWER to CANDIDATE at term 92 for changeToCandidate
2019-10-18 07:23:59,674 [Thread-9836] INFO  impl.RoleInfo (RoleInfo.java:updateAndGet(143)) - 12ad0800-05cb-443c-9fdd-fa1debf04523: start LeaderElection
2019-10-18 07:23:59,748 [12ad0800-05cb-443c-9fdd-fa1debf04523@group-BCB82A5C07F5-LeaderElection1100] INFO  impl.LeaderElection (LeaderElection.java:askForVotes(178)) - 12ad0800-05cb-443c-9fdd-fa1debf04523@group-BCB82A5C07F5-LeaderElection1100: begin an election at term 93 for -1: [12ad0800-05cb-443c-9fdd-fa1debf04523:192.168.34.25:41155, 5170c5f3-8499-4b42-9321-85fc8a351f79:192.168.34.25:43074, 0b10a9fc-47eb-4a2b-b664-8273d9d17379:192.168.34.25:45248], old=null
2019-10-18 07:23:59,749 [grpc-default-executor-11] INFO  impl.RaftServerImpl (RaftServerImpl.java:setRole(184)) - 5170c5f3-8499-4b42-9321-85fc8a351f79@group-BCB82A5C07F5: changes role from  FOLLOWER to FOLLOWER at term 93 for recognizeCandidate:12ad0800-05cb-443c-9fdd-fa1debf04523
2019-10-18 07:23:59,749 [grpc-default-executor-11] INFO  impl.RoleInfo (RoleInfo.java:shutdownFollowerState(121)) - 5170c5f3-8499-4b42-9321-85fc8a351f79: shutdown FollowerState
2019-10-18 07:23:59,749 [grpc-default-executor-14] INFO  impl.RaftServerImpl (RaftServerImpl.java:setRole(184)) - 0b10a9fc-47eb-4a2b-b664-8273d9d17379@group-BCB82A5C07F5: changes role from  FOLLOWER to FOLLOWER at term 93 for recognizeCandidate:12ad0800-05cb-443c-9fdd-fa1debf04523
2019-10-18 07:23:59,750 [grpc-default-executor-14] INFO  impl.RoleInfo (RoleInfo.java:shutdownFollowerState(121)) - 0b10a9fc-47eb-4a2b-b664-8273d9d17379: shutdown FollowerState
2019-10-18 07:23:59,750 [Thread-9832] INFO  impl.FollowerState (FollowerState.java:run(117)) - 5170c5f3-8499-4b42-9321-85fc8a351f79@group-BCB82A5C07F5-FollowerState was interrupted: java.lang.InterruptedException: sleep interrupted
2019-10-18 07:23:59,749 [grpc-default-executor-11] INFO  impl.RoleInfo (RoleInfo.java:updateAndGet(143)) - 5170c5f3-8499-4b42-9321-85fc8a351f79: start FollowerState
2019-10-18 07:23:59,750 [Thread-9833] INFO  impl.FollowerState (FollowerState.java:run(117)) - 0b10a9fc-47eb-4a2b-b664-8273d9d17379@group-BCB82A5C07F5-FollowerState was interrupted: java.lang.InterruptedException: sleep interrupted
2019-10-18 07:23:59,750 [grpc-default-executor-14] INFO  impl.RoleInfo (RoleInfo.java:updateAndGet(143)) - 0b10a9fc-47eb-4a2b-b664-8273d9d17379: start FollowerState
2019-10-18 07:23:59,767 [Thread-9842] INFO  impl.FollowerState (FollowerState.java:run(108)) - 4dea926d-4bc6-487a-9b9b-9fd457d0fae4@group-0C9C3B2D0CC1-FollowerState: change to CANDIDATE, lastRpcTime:148ms, electionTimeout:148ms
2019-10-18 07:23:59,767 [Thread-9842] INFO  impl.RoleInfo (RoleInfo.java:shutdownFollowerState(121)) - 4dea926d-4bc6-487a-9b9b-9fd457d0fae4: shutdown FollowerState
2019-10-18 07:23:59,767 [Thread-9842] INFO  impl.RaftServerImpl (RaftServerImpl.java:setRole(184)) - 4dea926d-4bc6-487a-9b9b-9fd457d0fae4@group-0C9C3B2D0CC1: changes role from  FOLLOWER to CANDIDATE at term 81 for changeToCandidate
2019-10-18 07:23:59,767 [Thread-9842] INFO  impl.RoleInfo (RoleInfo.java:updateAndGet(143)) - 4dea926d-4bc6-487a-9b9b-9fd457d0fae4: start LeaderElection
2019-10-18 07:23:59,778 [12ad0800-05cb-443c-9fdd-fa1debf04523@group-BCB82A5C07F5-LeaderElection1100] INFO  impl.LeaderElection (LeaderElection.java:logAndReturn(56)) - 12ad0800-05cb-443c-9fdd-fa1debf04523@group-BCB82A5C07F5-LeaderElection1100: Election REJECTED; received 2 response(s) [12ad0800-05cb-443c-9fdd-fa1debf04523<-5170c5f3-8499-4b42-9321-85fc8a351f79#0:FAIL-t93, 12ad0800-05cb-443c-9fdd-fa1debf04523<-0b10a9fc-47eb-4a2b-b664-8273d9d17379#0:FAIL-t93] and 0 exception(s); 12ad0800-05cb-443c-9fdd-fa1debf04523@group-BCB82A5C07F5:t93, leader=null, voted=12ad0800-05cb-443c-9fdd-fa1debf04523, raftlog=12ad0800-05cb-443c-9fdd-fa1debf04523@group-BCB82A5C07F5-SegmentedRaftLog:OPENED:c-1,f-1,i0, conf=-1: [12ad0800-05cb-443c-9fdd-fa1debf04523:192.168.34.25:41155, 5170c5f3-8499-4b42-9321-85fc8a351f79:192.168.34.25:43074, 0b10a9fc-47eb-4a2b-b664-8273d9d17379:192.168.34.25:45248], old=null
2019-10-18 07:23:59,778 [12ad0800-05cb-443c-9fdd-fa1debf04523@group-BCB82A5C07F5-LeaderElection1100] INFO  impl.RaftServerImpl (RaftServerImpl.java:setRole(184)) - 12ad0800-05cb-443c-9fdd-fa1debf04523@group-BCB82A5C07F5: changes role from CANDIDATE to FOLLOWER at term 93 for DISCOVERED_A_NEW_TERM
2019-10-18 07:23:59,778 [12ad0800-05cb-443c-9fdd-fa1debf04523@group-BCB82A5C07F5-LeaderElection1100] INFO  impl.RoleInfo (RoleInfo.java:shutdownLeaderElection(134)) - 12ad0800-05cb-443c-9fdd-fa1debf04523: shutdown LeaderElection
2019-10-18 07:23:59,778 [12ad0800-05cb-443c-9fdd-fa1debf04523@group-BCB82A5C07F5-LeaderElection1100] INFO  impl.RoleInfo (RoleInfo.java:updateAndGet(143)) - 12ad0800-05cb-443c-9fdd-fa1debf04523: start FollowerState
2019-10-18 07:23:59,812 [4dea926d-4bc6-487a-9b9b-9fd457d0fae4@group-0C9C3B2D0CC1-LeaderElection1101] INFO  impl.LeaderElection (LeaderElection.java:askForVotes(178)) - 4dea926d-4bc6-487a-9b9b-9fd457d0fae4@group-0C9C3B2D0CC1-LeaderElection1101: begin an election at term 82 for -1: [6633f50a-7046-4b08-9937-8e25f1b14b15:192.168.34.25:39338, 67270882-100a-4e75-928d-618d17e069c8:192.168.34.25:36648, 4dea926d-4bc6-487a-9b9b-9fd457d0fae4:192.168.34.25:41624], old=null
2019-10-18 07:23:59,814 [grpc-default-executor-11] INFO  impl.RaftServerImpl (RaftServerImpl.java:setRole(184)) - 6633f50a-7046-4b08-9937-8e25f1b14b15@group-0C9C3B2D0CC1: changes role from  FOLLOWER to FOLLOWER at term 82 for recognizeCandidate:4dea926d-4bc6-487a-9b9b-9fd457d0fae4
2019-10-18 07:23:59,814 [grpc-default-executor-14] INFO  impl.RaftServerImpl (RaftServerImpl.java:setRole(184)) - 67270882-100a-4e75-928d-618d17e069c8@group-0C9C3B2D0CC1: changes role from  FOLLOWER to FOLLOWER at term 82 for recognizeCandidate:4dea926d-4bc6-487a-9b9b-9fd457d0fae4
2019-10-18 07:23:59,814 [grpc-default-executor-14] INFO  impl.RoleInfo (RoleInfo.java:shutdownFollowerState(121)) - 67270882-100a-4e75-928d-618d17e069c8: shutdown FollowerState
2019-10-18 07:23:59,814 [grpc-default-executor-11] INFO  impl.RoleInfo (RoleInfo.java:shutdownFollowerState(121)) - 6633f50a-7046-4b08-9937-8e25f1b14b15: shutdown FollowerState
2019-10-18 07:23:59,814 [Thread-9841] INFO  impl.FollowerState (FollowerState.java:run(117)) - 67270882-100a-4e75-928d-618d17e069c8@group-0C9C3B2D0CC1-FollowerState was interrupted: java.lang.InterruptedException: sleep interrupted
2019-10-18 07:23:59,815 [Thread-9840] INFO  impl.FollowerState (FollowerState.java:run(117)) - 6633f50a-7046-4b08-9937-8e25f1b14b15@group-0C9C3B2D0CC1-FollowerState was interrupted: java.lang.InterruptedException: sleep interrupted
2019-10-18 07:23:59,814 [grpc-default-executor-14] INFO  impl.RoleInfo (RoleInfo.java:updateAndGet(143)) - 67270882-100a-4e75-928d-618d17e069c8: start FollowerState
2019-10-18 07:23:59,815 [grpc-default-executor-11] INFO  impl.RoleInfo (RoleInfo.java:updateAndGet(143)) - 6633f50a-7046-4b08-9937-8e25f1b14b15: start FollowerState
2019-10-18 07:23:59,818 [4dea926d-4bc6-487a-9b9b-9fd457d0fae4@group-0C9C3B2D0CC1-LeaderElection1101] INFO  impl.LeaderElection (LeaderElection.java:logAndReturn(56)) - 4dea926d-4bc6-487a-9b9b-9fd457d0fae4@group-0C9C3B2D0CC1-LeaderElection1101: Election TIMEOUT; received 0 response(s) [] and 0 exception(s); 4dea926d-4bc6-487a-9b9b-9fd457d0fae4@group-0C9C3B2D0CC1:t82, leader=null, voted=4dea926d-4bc6-487a-9b9b-9fd457d0fae4, raftlog=4dea926d-4bc6-487a-9b9b-9fd457d0fae4@group-0C9C3B2D0CC1-SegmentedRaftLog:OPENED:c-1,f-1,i0, conf=-1: [6633f50a-7046-4b08-9937-8e25f1b14b15:192.168.34.25:39338, 67270882-100a-4e75-928d-618d17e069c8:192.168.34.25:36648, 4dea926d-4bc6-487a-9b9b-9fd457d0fae4:192.168.34.25:41624], old=null
2019-10-18 07:23:59,820 [Thread-9849] INFO  impl.FollowerState (FollowerState.java:run(108)) - 12ad0800-05cb-443c-9fdd-fa1debf04523@group-BCB82A5C07F5-FollowerState: change to CANDIDATE, lastRpcTime:42ms, electionTimeout:42ms
2019-10-18 07:23:59,820 [Thread-9849] INFO  impl.RoleInfo (RoleInfo.java:shutdownFollowerState(121)) - 12ad0800-05cb-443c-9fdd-fa1debf04523: shutdown FollowerState
2019-10-18 07:23:59,821 [Thread-9849] INFO  impl.RaftServerImpl (RaftServerImpl.java:setRole(184)) - 12ad0800-05cb-443c-9fdd-fa1debf04523@group-BCB82A5C07F5: changes role from  FOLLOWER to CANDIDATE at term 93 for changeToCandidate
2019-10-18 07:23:59,821 [Thread-9849] INFO  impl.RoleInfo (RoleInfo.java:updateAndGet(143)) - 12ad0800-05cb-443c-9fdd-fa1debf04523: start LeaderElection
2019-10-18 07:23:59,839 [4dea926d-4bc6-487a-9b9b-9fd457d0fae4@group-0C9C3B2D0CC1-LeaderElection1101] INFO  impl.LeaderElection (LeaderElection.java:askForVotes(178)) - 4dea926d-4bc6-487a-9b9b-9fd457d0fae4@group-0C9C3B2D0CC1-LeaderElection1101: begin an election at term 83 for -1: [6633f50a-7046-4b08-9937-8e25f1b14b15:192.168.34.25:39338, 67270882-100a-4e75-928d-618d17e069c8:192.168.34.25:36648, 4dea926d-4bc6-487a-9b9b-9fd457d0fae4:192.168.34.25:41624], old=null
2019-10-18 07:23:59,839 [12ad0800-05cb-443c-9fdd-fa1debf04523@group-BCB82A5C07F5-LeaderElection1102] INFO  impl.LeaderElection (LeaderElection.java:askForVotes(178)) - 12ad0800-05cb-443c-9fdd-fa1debf04523@group-BCB82A5C07F5-LeaderElection1102: begin an election at term 94 for -1: [12ad0800-05cb-443c-9fdd-fa1debf04523:192.168.34.25:41155, 5170c5f3-8499-4b42-9321-85fc8a351f79:192.168.34.25:43074, 0b10a9fc-47eb-4a2b-b664-8273d9d17379:192.168.34.25:45248], old=null
2019-10-18 07:23:59,840 [grpc-default-executor-11] INFO  impl.RaftServerImpl (RaftServerImpl.java:setRole(184)) - 6633f50a-7046-4b08-9937-8e25f1b14b15@group-0C9C3B2D0CC1: changes role from  FOLLOWER to FOLLOWER at term 83 for recognizeCandidate:4dea926d-4bc6-487a-9b9b-9fd457d0fae4
2019-10-18 07:23:59,840 [grpc-default-executor-11] INFO  impl.RoleInfo (RoleInfo.java:shutdownFollowerState(121)) - 6633f50a-7046-4b08-9937-8e25f1b14b15: shutdown FollowerState
2019-10-18 07:23:59,840 [grpc-default-executor-14] INFO  impl.RaftServerImpl (RaftServerImpl.java:setRole(184)) - 5170c5f3-8499-4b42-9321-85fc8a351f79@group-BCB82A5C07F5: changes role from  FOLLOWER to FOLLOWER at term 94 for recognizeCandidate:12ad0800-05cb-443c-9fdd-fa1debf04523
2019-10-18 07:23:59,840 [grpc-default-executor-4] INFO  impl.RaftServerImpl (RaftServerImpl.java:setRole(184)) - 67270882-100a-4e75-928d-618d17e069c8@group-0C9C3B2D0CC1: changes role from  FOLLOWER to FOLLOWER at term 83 for recognizeCandidate:4dea926d-4bc6-487a-9b9b-9fd457d0fae4
2019-10-18 07:23:59,841 [grpc-default-executor-4] INFO  impl.RoleInfo (RoleInfo.java:shutdownFollowerState(121)) - 67270882-100a-4e75-928d-618d17e069c8: shutdown FollowerState
2019-10-18 07:23:59,840 [grpc-default-executor-11] INFO  impl.RoleInfo (RoleInfo.java:updateAndGet(143)) - 6633f50a-7046-4b08-9937-8e25f1b14b15: start FollowerState
2019-10-18 07:23:59,840 [Thread-9853] INFO  impl.FollowerState (FollowerState.java:run(117)) - 6633f50a-7046-4b08-9937-8e25f1b14b15@group-0C9C3B2D0CC1-FollowerState was interrupted: java.lang.InterruptedException: sleep interrupted
2019-10-18 07:23:59,841 [Thread-9852] INFO  impl.FollowerState (FollowerState.java:run(117)) - 67270882-100a-4e75-928d-618d17e069c8@group-0C9C3B2D0CC1-FollowerState was interrupted: java.lang.InterruptedException: sleep interrupted
2019-10-18 07:23:59,841 [grpc-default-executor-4] INFO  impl.RoleInfo (RoleInfo.java:updateAndGet(143)) - 67270882-100a-4e75-928d-618d17e069c8: start FollowerState
2019-10-18 07:23:59,841 [grpc-default-executor-12] INFO  impl.RaftServerImpl (RaftServerImpl.java:setRole(184)) - 0b10a9fc-47eb-4a2b-b664-8273d9d17379@group-BCB82A5C07F5: changes role from  FOLLOWER to FOLLOWER at term 94 for recognizeCandidate:12ad0800-05cb-443c-9fdd-fa1debf04523
2019-10-18 07:23:59,842 [grpc-default-executor-12] INFO  impl.RoleInfo (RoleInfo.java:shutdownFollowerState(121)) - 0b10a9fc-47eb-4a2b-b664-8273d9d17379: shutdown FollowerState
2019-10-18 07:23:59,841 [grpc-default-executor-14] INFO  impl.RoleInfo (RoleInfo.java:shutdownFollowerState(121)) - 5170c5f3-8499-4b42-9321-85fc8a351f79: shutdown FollowerState
2019-10-18 07:23:59,842 [Thread-9847] INFO  impl.FollowerState (FollowerState.java:run(117)) - 0b10a9fc-47eb-4a2b-b664-8273d9d17379@group-BCB82A5C07F5-FollowerState was interrupted: java.lang.InterruptedException: sleep interrupted
2019-10-18 07:23:59,842 [grpc-default-executor-12] INFO  impl.RoleInfo (RoleInfo.java:updateAndGet(143)) - 0b10a9fc-47eb-4a2b-b664-8273d9d17379: start FollowerState
2019-10-18 07:23:59,842 [Thread-9846] INFO  impl.FollowerState (FollowerState.java:run(117)) - 5170c5f3-8499-4b42-9321-85fc8a351f79@group-BCB82A5C07F5-FollowerState was interrupted: java.lang.InterruptedException: sleep interrupted
2019-10-18 07:23:59,842 [grpc-default-executor-14] INFO  impl.RoleInfo (RoleInfo.java:updateAndGet(143)) - 5170c5f3-8499-4b42-9321-85fc8a351f79: start FollowerState
2019-10-18 07:23:59,843 [4dea926d-4bc6-487a-9b9b-9fd457d0fae4@group-0C9C3B2D0CC1-LeaderElection1101] INFO  impl.LeaderElection (LeaderElection.java:logAndReturn(56)) - 4dea926d-4bc6-487a-9b9b-9fd457d0fae4@group-0C9C3B2D0CC1-LeaderElection1101: Election TIMEOUT; received 0 response(s) [] and 0 exception(s); 4dea926d-4bc6-487a-9b9b-9fd457d0fae4@group-0C9C3B2D0CC1:t83, leader=null, voted=4dea926d-4bc6-487a-9b9b-9fd457d0fae4, raftlog=4dea926d-4bc6-487a-9b9b-9fd457d0fae4@group-0C9C3B2D0CC1-SegmentedRaftLog:OPENED:c-1,f-1,i0, conf=-1: [6633f50a-7046-4b08-9937-8e25f1b14b15:192.168.34.25:39338, 67270882-100a-4e75-928d-618d17e069c8:192.168.34.25:36648, 4dea926d-4bc6-487a-9b9b-9fd457d0fae4:192.168.34.25:41624], old=null
2019-10-18 07:23:59,853 [12ad0800-05cb-443c-9fdd-fa1debf04523@group-BCB82A5C07F5-LeaderElection1102] INFO  impl.LeaderElection (LeaderElection.java:logAndReturn(56)) - 12ad0800-05cb-443c-9fdd-fa1debf04523@group-BCB82A5C07F5-LeaderElection1102: Election TIMEOUT; received 0 response(s) [] and 0 exception(s); 12ad0800-05cb-443c-9fdd-fa1debf04523@group-BCB82A5C07F5:t94, leader=null, voted=12ad0800-05cb-443c-9fdd-fa1debf04523, raftlog=12ad0800-05cb-443c-9fdd-fa1debf04523@group-BCB82A5C07F5-SegmentedRaftLog:OPENED:c-1,f-1,i0, conf=-1: [12ad0800-05cb-443c-9fdd-fa1debf04523:192.168.34.25:41155, 5170c5f3-8499-4b42-9321-85fc8a351f79:192.168.34.25:43074, 0b10a9fc-47eb-4a2b-b664-8273d9d17379:192.168.34.25:45248], old=null
2019-10-18 07:23:59,877 [4dea926d-4bc6-487a-9b9b-9fd457d0fae4@group-0C9C3B2D0CC1-LeaderElection1101] INFO  impl.LeaderElection (LeaderElection.java:askForVotes(178)) - 4dea926d-4bc6-487a-9b9b-9fd457d0fae4@group-0C9C3B2D0CC1-LeaderElection1101: begin an election at term 84 for -1: [6633f50a-7046-4b08-9937-8e25f1b14b15:192.168.34.25:39338, 67270882-100a-4e75-928d-618d17e069c8:192.168.34.25:36648, 4dea926d-4bc6-487a-9b9b-9fd457d0fae4:192.168.34.25:41624], old=null
2019-10-18 07:23:59,878 [grpc-default-executor-4] INFO  impl.RaftServerImpl (RaftServerImpl.java:setRole(184)) - 6633f50a-7046-4b08-9937-8e25f1b14b15@group-0C9C3B2D0CC1: changes role from  FOLLOWER to FOLLOWER at term 84 for recognizeCandidate:4dea926d-4bc6-487a-9b9b-9fd457d0fae4
2019-10-18 07:23:59,878 [grpc-default-executor-4] INFO  impl.RoleInfo (RoleInfo.java:shutdownFollowerState(121)) - 6633f50a-7046-4b08-9937-8e25f1b14b15: shutdown FollowerState
2019-10-18 07:23:59,878 [grpc-default-executor-12] INFO  impl.RaftServerImpl (RaftServerImpl.java:setRole(184)) - 67270882-100a-4e75-928d-618d17e069c8@group-0C9C3B2D0CC1: changes role from  FOLLOWER to FOLLOWER at term 84 for recognizeCandidate:4dea926d-4bc6-487a-9b9b-9fd457d0fae4
2019-10-18 07:23:59,878 [Thread-9859] INFO  impl.FollowerState (FollowerState.java:run(117)) - 6633f50a-7046-4b08-9937-8e25f1b14b15@group-0C9C3B2D0CC1-FollowerState was interrupted: java.lang.InterruptedException: sleep interrupted
2019-10-18 07:23:59,878 [grpc-default-executor-4] INFO  impl.RoleInfo (RoleInfo.java:updateAndGet(143)) - 6633f50a-7046-4b08-9937-8e25f1b14b15: start FollowerState
2019-10-18 07:23:59,879 [grpc-default-executor-12] INFO  impl.RoleInfo (RoleInfo.java:shutdownFollowerState(121)) - 67270882-100a-4e75-928d-618d17e069c8: shutdown FollowerState
2019-10-18 07:23:59,879 [grpc-default-executor-12] INFO  impl.RoleInfo (RoleInfo.java:updateAndGet(143)) - 67270882-100a-4e75-928d-618d17e069c8: start FollowerState
2019-10-18 07:23:59,879 [Thread-9860] INFO  impl.FollowerState (FollowerState.java:run(117)) - 67270882-100a-4e75-928d-618d17e069c8@group-0C9C3B2D0CC1-FollowerState was interrupted: java.lang.InterruptedException: sleep interrupted
2019-10-18 07:23:59,892 [12ad0800-05cb-443c-9fdd-fa1debf04523@group-BCB82A5C07F5-LeaderElection1102] INFO  impl.LeaderElection (LeaderElection.java:askForVotes(178)) - 12ad0800-05cb-443c-9fdd-fa1debf04523@group-BCB82A5C07F5-LeaderElection1102: begin an election at term 95 for -1: [12ad0800-05cb-443c-9fdd-fa1debf04523:192.168.34.25:41155, 5170c5f3-8499-4b42-9321-85fc8a351f79:192.168.34.25:43074, 0b10a9fc-47eb-4a2b-b664-8273d9d17379:192.168.34.25:45248], old=null
2019-10-18 07:23:59,893 [4dea926d-4bc6-487a-9b9b-9fd457d0fae4@group-0C9C3B2D0CC1-LeaderElection1101] INFO  impl.LeaderElection (LeaderElection.java:logAndReturn(56)) - 4dea926d-4bc6-487a-9b9b-9fd457d0fae4@group-0C9C3B2D0CC1-LeaderElection1101: Election REJECTED; received 2 response(s) [4dea926d-4bc6-487a-9b9b-9fd457d0fae4<-6633f50a-7046-4b08-9937-8e25f1b14b15#0:FAIL-t84, 4dea926d-4bc6-487a-9b9b-9fd457d0fae4<-67270882-100a-4e75-928d-618d17e069c8#0:FAIL-t84] and 0 exception(s); 4dea926d-4bc6-487a-9b9b-9fd457d0fae4@group-0C9C3B2D0CC1:t84, leader=null, voted=4dea926d-4bc6-487a-9b9b-9fd457d0fae4, raftlog=4dea926d-4bc6-487a-9b9b-9fd457d0fae4@group-0C9C3B2D0CC1-SegmentedRaftLog:OPENED:c-1,f-1,i0, conf=-1: [6633f50a-7046-4b08-9937-8e25f1b14b15:192.168.34.25:39338, 67270882-100a-4e75-928d-618d17e069c8:192.168.34.25:36648, 4dea926d-4bc6-487a-9b9b-9fd457d0fae4:192.168.34.25:41624], old=null
2019-10-18 07:23:59,893 [4dea926d-4bc6-487a-9b9b-9fd457d0fae4@group-0C9C3B2D0CC1-LeaderElection1101] INFO  impl.RaftServerImpl (RaftServerImpl.java:setRole(184)) - 4dea926d-4bc6-487a-9b9b-9fd457d0fae4@group-0C9C3B2D0CC1: changes role from CANDIDATE to FOLLOWER at term 84 for DISCOVERED_A_NEW_TERM
2019-10-18 07:23:59,893 [4dea926d-4bc6-487a-9b9b-9fd457d0fae4@group-0C9C3B2D0CC1-LeaderElection1101] INFO  impl.RoleInfo (RoleInfo.java:shutdownLeaderElection(134)) - 4dea926d-4bc6-487a-9b9b-9fd457d0fae4: shutdown LeaderElection
2019-10-18 07:23:59,893 [4dea926d-4bc6-487a-9b9b-9fd457d0fae4@group-0C9C3B2D0CC1-LeaderElection1101] INFO  impl.RoleInfo (RoleInfo.java:updateAndGet(143)) - 4dea926d-4bc6-487a-9b9b-9fd457d0fae4: start FollowerState
2019-10-18 07:23:59,893 [grpc-default-executor-12] INFO  impl.RaftServerImpl (RaftServerImpl.java:setRole(184)) - 5170c5f3-8499-4b42-9321-85fc8a351f79@group-BCB82A5C07F5: changes role from  FOLLOWER to FOLLOWER at term 95 for recognizeCandidate:12ad0800-05cb-443c-9fdd-fa1debf04523
2019-10-18 07:23:59,893 [grpc-default-executor-12] INFO  impl.RoleInfo (RoleInfo.java:shutdownFollowerState(121)) - 5170c5f3-8499-4b42-9321-85fc8a351f79: shutdown FollowerState
2019-10-18 07:23:59,893 [grpc-default-executor-12] INFO  impl.RoleInfo (RoleInfo.java:updateAndGet(143)) - 5170c5f3-8499-4b42-9321-85fc8a351f79: start FollowerState
2019-10-18 07:23:59,894 [Thread-9862] INFO  impl.FollowerState (FollowerState.java:run(117)) - 5170c5f3-8499-4b42-9321-85fc8a351f79@group-BCB82A5C07F5-FollowerState was interrupted: java.lang.InterruptedException: sleep interrupted
2019-10-18 07:23:59,894 [grpc-default-executor-4] INFO  impl.RaftServerImpl (RaftServerImpl.java:setRole(184)) - 0b10a9fc-47eb-4a2b-b664-8273d9d17379@group-BCB82A5C07F5: changes role from  FOLLOWER to FOLLOWER at term 95 for recognizeCandidate:12ad0800-05cb-443c-9fdd-fa1debf04523
2019-10-18 07:23:59,894 [grpc-default-executor-4] INFO  impl.RoleInfo (RoleInfo.java:shutdownFollowerState(121)) - 0b10a9fc-47eb-4a2b-b664-8273d9d17379: shutdown FollowerState
2019-10-18 07:23:59,894 [grpc-default-executor-4] INFO  impl.RoleInfo (RoleInfo.java:updateAndGet(143)) - 0b10a9fc-47eb-4a2b-b664-8273d9d17379: start FollowerState
2019-10-18 07:23:59,894 [Thread-9861] INFO  impl.FollowerState (FollowerState.java:run(117)) - 0b10a9fc-47eb-4a2b-b664-8273d9d17379@group-BCB82A5C07F5-FollowerState was interrupted: java.lang.InterruptedException: sleep interrupted
2019-10-18 07:23:59,933 [12ad0800-05cb-443c-9fdd-fa1debf04523@group-BCB82A5C07F5-LeaderElection1102] INFO  impl.LeaderElection (LeaderElection.java:logAndReturn(56)) - 12ad0800-05cb-443c-9fdd-fa1debf04523@group-BCB82A5C07F5-LeaderElection1102: Election REJECTED; received 2 response(s) [12ad0800-05cb-443c-9fdd-fa1debf04523<-5170c5f3-8499-4b42-9321-85fc8a351f79#0:FAIL-t95, 12ad0800-05cb-443c-9fdd-fa1debf04523<-0b10a9fc-47eb-4a2b-b664-8273d9d17379#0:FAIL-t95] and 0 exception(s); 12ad0800-05cb-443c-9fdd-fa1debf04523@group-BCB82A5C07F5:t95, leader=null, voted=12ad0800-05cb-443c-9fdd-fa1debf04523, raftlog=12ad0800-05cb-443c-9fdd-fa1debf04523@group-BCB82A5C07F5-SegmentedRaftLog:OPENED:c-1,f-1,i0, conf=-1: [12ad0800-05cb-443c-9fdd-fa1debf04523:192.168.34.25:41155, 5170c5f3-8499-4b42-9321-85fc8a351f79:192.168.34.25:43074, 0b10a9fc-47eb-4a2b-b664-8273d9d17379:192.168.34.25:45248], old=null
2019-10-18 07:23:59,933 [12ad0800-05cb-443c-9fdd-fa1debf04523@group-BCB82A5C07F5-LeaderElection1102] INFO  impl.RaftServerImpl (RaftServerImpl.java:setRole(184)) - 12ad0800-05cb-443c-9fdd-fa1debf04523@group-BCB82A5C07F5: changes role from CANDIDATE to FOLLOWER at term 95 for DISCOVERED_A_NEW_TERM
2019-10-18 07:23:59,934 [12ad0800-05cb-443c-9fdd-fa1debf04523@group-BCB82A5C07F5-LeaderElection1102] INFO  impl.RoleInfo (RoleInfo.java:shutdownLeaderElection(134)) - 12ad0800-05cb-443c-9fdd-fa1debf04523: shutdown LeaderElection
2019-10-18 07:23:59,934 [12ad0800-05cb-443c-9fdd-fa1debf04523@group-BCB82A5C07F5-LeaderElection1102] INFO  impl.RoleInfo (RoleInfo.java:updateAndGet(143)) - 12ad0800-05cb-443c-9fdd-fa1debf04523: start FollowerState
2019-10-18 07:23:59,973 [Thread-9869] INFO  impl.FollowerState (FollowerState.java:run(108)) - 4dea926d-4bc6-487a-9b9b-9fd457d0fae4@group-0C9C3B2D0CC1-FollowerState: change to CANDIDATE, lastRpcTime:80ms, electionTimeout:80ms
2019-10-18 07:23:59,973 [Thread-9869] INFO  impl.RoleInfo (RoleInfo.java:shutdownFollowerState(121)) - 4dea926d-4bc6-487a-9b9b-9fd457d0fae4: shutdown FollowerState
2019-10-18 07:23:59,974 [Thread-9869] INFO  impl.RaftServerImpl (RaftServerImpl.java:setRole(184)) - 4dea926d-4bc6-487a-9b9b-9fd457d0fae4@group-0C9C3B2D0CC1: changes role from  FOLLOWER to CANDIDATE at term 84 for changeToCandidate
2019-10-18 07:23:59,974 [Thread-9869] INFO  impl.RoleInfo (RoleInfo.java:updateAndGet(143)) - 4dea926d-4bc6-487a-9b9b-9fd457d0fae4: start LeaderElection
2019-10-18 07:23:59,983 [Thread-9872] INFO  impl.FollowerState (FollowerState.java:run(108)) - 12ad0800-05cb-443c-9fdd-fa1debf04523@group-BCB82A5C07F5-FollowerState: change to CANDIDATE, lastRpcTime:49ms, electionTimeout:49ms
2019-10-18 07:23:59,983 [Thread-9872] INFO  impl.RoleInfo (RoleInfo.java:shutdownFollowerState(121)) - 12ad0800-05cb-443c-9fdd-fa1debf04523: shutdown FollowerState
2019-10-18 07:23:59,983 [Thread-9872] INFO  impl.RaftServerImpl (RaftServerImpl.java:setRole(184)) - 12ad0800-05cb-443c-9fdd-fa1debf04523@group-BCB82A5C07F5: changes role from  FOLLOWER to CANDIDATE at term 95 for changeToCandidate
2019-10-18 07:23:59,983 [Thread-9872] INFO  impl.RoleInfo (RoleInfo.java:updateAndGet(143)) - 12ad0800-05cb-443c-9fdd-fa1debf04523: start LeaderElection
2019-10-18 07:24:00,001 [12ad0800-05cb-443c-9fdd-fa1debf04523@group-BCB82A5C07F5-LeaderElection1104] INFO  impl.LeaderElection (LeaderElection.java:askForVotes(178)) - 12ad0800-05cb-443c-9fdd-fa1debf04523@group-BCB82A5C07F5-LeaderElection1104: begin an election at term 96 for -1: [12ad0800-05cb-443c-9fdd-fa1debf04523:192.168.34.25:41155, 5170c5f3-8499-4b42-9321-85fc8a351f79:192.168.34.25:43074, 0b10a9fc-47eb-4a2b-b664-8273d9d17379:192.168.34.25:45248], old=null
2019-10-18 07:24:00,001 [4dea926d-4bc6-487a-9b9b-9fd457d0fae4@group-0C9C3B2D0CC1-LeaderElection1103] INFO  impl.LeaderElection (LeaderElection.java:askForVotes(178)) - 4dea926d-4bc6-487a-9b9b-9fd457d0fae4@group-0C9C3B2D0CC1-LeaderElection1103: begin an election at term 85 for -1: [6633f50a-7046-4b08-9937-8e25f1b14b15:192.168.34.25:39338, 67270882-100a-4e75-928d-618d17e069c8:192.168.34.25:36648, 4dea926d-4bc6-487a-9b9b-9fd457d0fae4:192.168.34.25:41624], old=null
2019-10-18 07:24:00,003 [grpc-default-executor-4] INFO  impl.RaftServerImpl (RaftServerImpl.java:setRole(184)) - 5170c5f3-8499-4b42-9321-85fc8a351f79@group-BCB82A5C07F5: changes role from  FOLLOWER to FOLLOWER at term 96 for recognizeCandidate:12ad0800-05cb-443c-9fdd-fa1debf04523
2019-10-18 07:24:00,003 [grpc-default-executor-4] INFO  impl.RoleInfo (RoleInfo.java:shutdownFollowerState(121)) - 5170c5f3-8499-4b42-9321-85fc8a351f79: shutdown FollowerState
2019-10-18 07:24:00,003 [grpc-default-executor-12] INFO  impl.RaftServerImpl (RaftServerImpl.java:setRole(184)) - 0b10a9fc-47eb-4a2b-b664-8273d9d17379@group-BCB82A5C07F5: changes role from  FOLLOWER to FOLLOWER at term 96 for recognizeCandidate:12ad0800-05cb-443c-9fdd-fa1debf04523
2019-10-18 07:24:00,003 [Thread-9870] INFO  impl.FollowerState (FollowerState.java:run(117)) - 5170c5f3-8499-4b42-9321-85fc8a351f79@group-BCB82A5C07F5-FollowerState was interrupted: java.lang.InterruptedException: sleep interrupted
2019-10-18 07:24:00,003 [grpc-default-executor-4] INFO  impl.RoleInfo (RoleInfo.java:updateAndGet(143)) - 5170c5f3-8499-4b42-9321-85fc8a351f79: start FollowerState
2019-10-18 07:24:00,003 [grpc-default-executor-11] INFO  impl.RaftServerImpl (RaftServerImpl.java:setRole(184)) - 6633f50a-7046-4b08-9937-8e25f1b14b15@group-0C9C3B2D0CC1: changes role from  FOLLOWER to FOLLOWER at term 85 for recognizeCandidate:4dea926d-4bc6-487a-9b9b-9fd457d0fae4
2019-10-18 07:24:00,004 [grpc-default-executor-11] INFO  impl.RoleInfo (RoleInfo.java:shutdownFollowerState(121)) - 6633f50a-7046-4b08-9937-8e25f1b14b15: shutdown FollowerState
2019-10-18 07:24:00,003 [grpc-default-executor-14] INFO  impl.RaftServerImpl (RaftServerImpl.java:setRole(184)) - 67270882-100a-4e75-928d-618d17e069c8@group-0C9C3B2D0CC1: changes role from  FOLLOWER to FOLLOWER at term 85 for recognizeCandidate:4dea926d-4bc6-487a-9b9b-9fd457d0fae4
2019-10-18 07:24:00,004 [grpc-default-executor-14] INFO  impl.RoleInfo (RoleInfo.java:shutdownFollowerState(121)) - 67270882-100a-4e75-928d-618d17e069c8: shutdown FollowerState
2019-10-18 07:24:00,003 [grpc-default-executor-12] INFO  impl.RoleInfo (RoleInfo.java:shutdownFollowerState(121)) - 0b10a9fc-47eb-4a2b-b664-8273d9d17379: shutdown FollowerState
2019-10-18 07:24:00,004 [Thread-9866] INFO  impl.FollowerState (FollowerState.java:run(117)) - 67270882-100a-4e75-928d-618d17e069c8@group-0C9C3B2D0CC1-FollowerState was interrupted: java.lang.InterruptedException: sleep interrupted
2019-10-18 07:24:00,004 [grpc-default-executor-14] INFO  impl.RoleInfo (RoleInfo.java:updateAndGet(143)) - 67270882-100a-4e75-928d-618d17e069c8: start FollowerState
2019-10-18 07:24:00,004 [Thread-9865] INFO  impl.FollowerState (FollowerState.java:run(117)) - 6633f50a-7046-4b08-9937-8e25f1b14b15@group-0C9C3B2D0CC1-FollowerState was interrupted: java.lang.InterruptedException: sleep interrupted
2019-10-18 07:24:00,004 [grpc-default-executor-11] INFO  impl.RoleInfo (RoleInfo.java:updateAndGet(143)) - 6633f50a-7046-4b08-9937-8e25f1b14b15: start FollowerState
2019-10-18 07:24:00,004 [Thread-9871] INFO  impl.FollowerState (FollowerState.java:run(117)) - 0b10a9fc-47eb-4a2b-b664-8273d9d17379@group-BCB82A5C07F5-FollowerState was interrupted: java.lang.InterruptedException: sleep interrupted
2019-10-18 07:24:00,004 [grpc-default-executor-12] INFO  impl.RoleInfo (RoleInfo.java:updateAndGet(143)) - 0b10a9fc-47eb-4a2b-b664-8273d9d17379: start FollowerState
2019-10-18 07:24:00,014 [Datanode State Machine Thread - 0] INFO  statemachine.DatanodeStateMachine (DatanodeStateMachine.java:lambda$startDaemon$0(350)) - Ozone container server started.
2019-10-18 07:24:00,019 [4dea926d-4bc6-487a-9b9b-9fd457d0fae4@group-0C9C3B2D0CC1-LeaderElection1103] INFO  impl.LeaderElection (LeaderElection.java:logAndReturn(56)) - 4dea926d-4bc6-487a-9b9b-9fd457d0fae4@group-0C9C3B2D0CC1-LeaderElection1103: Election REJECTED; received 2 response(s) [4dea926d-4bc6-487a-9b9b-9fd457d0fae4<-6633f50a-7046-4b08-9937-8e25f1b14b15#0:FAIL-t85, 4dea926d-4bc6-487a-9b9b-9fd457d0fae4<-67270882-100a-4e75-928d-618d17e069c8#0:FAIL-t85] and 0 exception(s); 4dea926d-4bc6-487a-9b9b-9fd457d0fae4@group-0C9C3B2D0CC1:t85, leader=null, voted=4dea926d-4bc6-487a-9b9b-9fd457d0fae4, raftlog=4dea926d-4bc6-487a-9b9b-9fd457d0fae4@group-0C9C3B2D0CC1-SegmentedRaftLog:OPENED:c-1,f-1,i0, conf=-1: [6633f50a-7046-4b08-9937-8e25f1b14b15:192.168.34.25:39338, 67270882-100a-4e75-928d-618d17e069c8:192.168.34.25:36648, 4dea926d-4bc6-487a-9b9b-9fd457d0fae4:192.168.34.25:41624], old=null
2019-10-18 07:24:00,019 [12ad0800-05cb-443c-9fdd-fa1debf04523@group-BCB82A5C07F5-LeaderElection1104] INFO  impl.LeaderElection (LeaderElection.java:logAndReturn(56)) - 12ad0800-05cb-443c-9fdd-fa1debf04523@group-BCB82A5C07F5-LeaderElection1104: Election REJECTED; received 2 response(s) [12ad0800-05cb-443c-9fdd-fa1debf04523<-5170c5f3-8499-4b42-9321-85fc8a351f79#0:FAIL-t96, 12ad0800-05cb-443c-9fdd-fa1debf04523<-0b10a9fc-47eb-4a2b-b664-8273d9d17379#0:FAIL-t96] and 0 exception(s); 12ad0800-05cb-443c-9fdd-fa1debf04523@group-BCB82A5C07F5:t96, leader=null, voted=12ad0800-05cb-443c-9fdd-fa1debf04523, raftlog=12ad0800-05cb-443c-9fdd-fa1debf04523@group-BCB82A5C07F5-SegmentedRaftLog:OPENED:c-1,f-1,i0, conf=-1: [12ad0800-05cb-443c-9fdd-fa1debf04523:192.168.34.25:41155, 5170c5f3-8499-4b42-9321-85fc8a351f79:192.168.34.25:43074, 0b10a9fc-47eb-4a2b-b664-8273d9d17379:192.168.34.25:45248], old=null
2019-10-18 07:24:00,019 [4dea926d-4bc6-487a-9b9b-9fd457d0fae4@group-0C9C3B2D0CC1-LeaderElection1103] INFO  impl.RaftServerImpl (RaftServerImpl.java:setRole(184)) - 4dea926d-4bc6-487a-9b9b-9fd457d0fae4@group-0C9C3B2D0CC1: changes role from CANDIDATE to FOLLOWER at term 85 for DISCOVERED_A_NEW_TERM
2019-10-18 07:24:00,019 [12ad0800-05cb-443c-9fdd-fa1debf04523@group-BCB82A5C07F5-LeaderElection1104] INFO  impl.RaftServerImpl (RaftServerImpl.java:setRole(184)) - 12ad0800-05cb-443c-9fdd-fa1debf04523@group-BCB82A5C07F5: changes role from CANDIDATE to FOLLOWER at term 96 for DISCOVERED_A_NEW_TERM
2019-10-18 07:24:00,019 [12ad0800-05cb-443c-9fdd-fa1debf04523@group-BCB82A5C07F5-LeaderElection1104] INFO  impl.RoleInfo (RoleInfo.java:shutdownLeaderElection(134)) - 12ad0800-05cb-443c-9fdd-fa1debf04523: shutdown LeaderElection
2019-10-18 07:24:00,019 [4dea926d-4bc6-487a-9b9b-9fd457d0fae4@group-0C9C3B2D0CC1-LeaderElection1103] INFO  impl.RoleInfo (RoleInfo.java:shutdownLeaderElection(134)) - 4dea926d-4bc6-487a-9b9b-9fd457d0fae4: shutdown LeaderElection
2019-10-18 07:24:00,019 [12ad0800-05cb-443c-9fdd-fa1debf04523@group-BCB82A5C07F5-LeaderElection1104] INFO  impl.RoleInfo (RoleInfo.java:updateAndGet(143)) - 12ad0800-05cb-443c-9fdd-fa1debf04523: start FollowerState
2019-10-18 07:24:00,019 [4dea926d-4bc6-487a-9b9b-9fd457d0fae4@group-0C9C3B2D0CC1-LeaderElection1103] INFO  impl.RoleInfo (RoleInfo.java:updateAndGet(143)) - 4dea926d-4bc6-487a-9b9b-9fd457d0fae4: start FollowerState
2019-10-18 07:24:00,080 [Thread-9884] INFO  impl.FollowerState (FollowerState.java:run(108)) - 12ad0800-05cb-443c-9fdd-fa1debf04523@group-BCB82A5C07F5-FollowerState: change to CANDIDATE, lastRpcTime:60ms, electionTimeout:60ms
2019-10-18 07:24:00,080 [Thread-9884] INFO  impl.RoleInfo (RoleInfo.java:shutdownFollowerState(121)) - 12ad0800-05cb-443c-9fdd-fa1debf04523: shutdown FollowerState
2019-10-18 07:24:00,080 [Thread-9884] INFO  impl.RaftServerImpl (RaftServerImpl.java:setRole(184)) - 12ad0800-05cb-443c-9fdd-fa1debf04523@group-BCB82A5C07F5: changes role from  FOLLOWER to CANDIDATE at term 96 for changeToCandidate
2019-10-18 07:24:00,080 [Thread-9884] INFO  impl.RoleInfo (RoleInfo.java:updateAndGet(143)) - 12ad0800-05cb-443c-9fdd-fa1debf04523: start LeaderElection
2019-10-18 07:24:00,127 [12ad0800-05cb-443c-9fdd-fa1debf04523@group-BCB82A5C07F5-LeaderElection1105] INFO  impl.LeaderElection (LeaderElection.java:askForVotes(178)) - 12ad0800-05cb-443c-9fdd-fa1debf04523@group-BCB82A5C07F5-LeaderElection1105: begin an election at term 97 for -1: [12ad0800-05cb-443c-9fdd-fa1debf04523:192.168.34.25:41155, 5170c5f3-8499-4b42-9321-85fc8a351f79:192.168.34.25:43074, 0b10a9fc-47eb-4a2b-b664-8273d9d17379:192.168.34.25:45248], old=null
2019-10-18 07:24:00,129 [grpc-default-executor-4] INFO  impl.RaftServerImpl (RaftServerImpl.java:setRole(184)) - 0b10a9fc-47eb-4a2b-b664-8273d9d17379@group-BCB82A5C07F5: changes role from  FOLLOWER to FOLLOWER at term 97 for recognizeCandidate:12ad0800-05cb-443c-9fdd-fa1debf04523
2019-10-18 07:24:00,129 [grpc-default-executor-11] INFO  impl.RaftServerImpl (RaftServerImpl.java:setRole(184)) - 5170c5f3-8499-4b42-9321-85fc8a351f79@group-BCB82A5C07F5: changes role from  FOLLOWER to FOLLOWER at term 97 for recognizeCandidate:12ad0800-05cb-443c-9fdd-fa1debf04523
2019-10-18 07:24:00,129 [grpc-default-executor-4] INFO  impl.RoleInfo (RoleInfo.java:shutdownFollowerState(121)) - 0b10a9fc-47eb-4a2b-b664-8273d9d17379: shutdown FollowerState
2019-10-18 07:24:00,129 [grpc-default-executor-11] INFO  impl.RoleInfo (RoleInfo.java:shutdownFollowerState(121)) - 5170c5f3-8499-4b42-9321-85fc8a351f79: shutdown FollowerState
2019-10-18 07:24:00,129 [Thread-9882] INFO  impl.FollowerState (FollowerState.java:run(117)) - 0b10a9fc-47eb-4a2b-b664-8273d9d17379@group-BCB82A5C07F5-FollowerState was interrupted: java.lang.InterruptedException: sleep interrupted
2019-10-18 07:24:00,129 [grpc-default-executor-4] INFO  impl.RoleInfo (RoleInfo.java:updateAndGet(143)) - 0b10a9fc-47eb-4a2b-b664-8273d9d17379: start FollowerState
2019-10-18 07:24:00,130 [Thread-9879] INFO  impl.FollowerState (FollowerState.java:run(117)) - 5170c5f3-8499-4b42-9321-85fc8a351f79@group-BCB82A5C07F5-FollowerState was interrupted: java.lang.InterruptedException: sleep interrupted
2019-10-18 07:24:00,130 [grpc-default-executor-11] INFO  impl.RoleInfo (RoleInfo.java:updateAndGet(143)) - 5170c5f3-8499-4b42-9321-85fc8a351f79: start FollowerState
2019-10-18 07:24:00,147 [Thread-9885] INFO  impl.FollowerState (FollowerState.java:run(108)) - 4dea926d-4bc6-487a-9b9b-9fd457d0fae4@group-0C9C3B2D0CC1-FollowerState: change to CANDIDATE, lastRpcTime:127ms, electionTimeout:127ms
2019-10-18 07:24:00,147 [Thread-9885] INFO  impl.RoleInfo (RoleInfo.java:shutdownFollowerState(121)) - 4dea926d-4bc6-487a-9b9b-9fd457d0fae4: shutdown FollowerState
2019-10-18 07:24:00,147 [Thread-9885] INFO  impl.RaftServerImpl (RaftServerImpl.java:setRole(184)) - 4dea926d-4bc6-487a-9b9b-9fd457d0fae4@group-0C9C3B2D0CC1: changes role from  FOLLOWER to CANDIDATE at term 85 for changeToCandidate
2019-10-18 07:24:00,147 [Thread-9885] INFO  impl.RoleInfo (RoleInfo.java:updateAndGet(143)) - 4dea926d-4bc6-487a-9b9b-9fd457d0fae4: start LeaderElection
2019-10-18 07:24:00,153 [12ad0800-05cb-443c-9fdd-fa1debf04523@group-BCB82A5C07F5-LeaderElection1105] INFO  impl.LeaderElection (LeaderElection.java:logAndReturn(56)) - 12ad0800-05cb-443c-9fdd-fa1debf04523@group-BCB82A5C07F5-LeaderElection1105: Election REJECTED; received 2 response(s) [12ad0800-05cb-443c-9fdd-fa1debf04523<-5170c5f3-8499-4b42-9321-85fc8a351f79#0:FAIL-t97, 12ad0800-05cb-443c-9fdd-fa1debf04523<-0b10a9fc-47eb-4a2b-b664-8273d9d17379#0:FAIL-t97] and 0 exception(s); 12ad0800-05cb-443c-9fdd-fa1debf04523@group-BCB82A5C07F5:t97, leader=null, voted=12ad0800-05cb-443c-9fdd-fa1debf04523, raftlog=12ad0800-05cb-443c-9fdd-fa1debf04523@group-BCB82A5C07F5-SegmentedRaftLog:OPENED:c-1,f-1,i0, conf=-1: [12ad0800-05cb-443c-9fdd-fa1debf04523:192.168.34.25:41155, 5170c5f3-8499-4b42-9321-85fc8a351f79:192.168.34.25:43074, 0b10a9fc-47eb-4a2b-b664-8273d9d17379:192.168.34.25:45248], old=null
2019-10-18 07:24:00,154 [12ad0800-05cb-443c-9fdd-fa1debf04523@group-BCB82A5C07F5-LeaderElection1105] INFO  impl.RaftServerImpl (RaftServerImpl.java:setRole(184)) - 12ad0800-05cb-443c-9fdd-fa1debf04523@group-BCB82A5C07F5: changes role from CANDIDATE to FOLLOWER at term 97 for DISCOVERED_A_NEW_TERM
2019-10-18 07:24:00,154 [12ad0800-05cb-443c-9fdd-fa1debf04523@group-BCB82A5C07F5-LeaderElection1105] INFO  impl.RoleInfo (RoleInfo.java:shutdownLeaderElection(134)) - 12ad0800-05cb-443c-9fdd-fa1debf04523: shutdown LeaderElection
2019-10-18 07:24:00,154 [12ad0800-05cb-443c-9fdd-fa1debf04523@group-BCB82A5C07F5-LeaderElection1105] INFO  impl.RoleInfo (RoleInfo.java:updateAndGet(143)) - 12ad0800-05cb-443c-9fdd-fa1debf04523: start FollowerState
2019-10-18 07:24:00,170 [4dea926d-4bc6-487a-9b9b-9fd457d0fae4@group-0C9C3B2D0CC1-LeaderElection1106] INFO  impl.LeaderElection (LeaderElection.java:askForVotes(178)) - 4dea926d-4bc6-487a-9b9b-9fd457d0fae4@group-0C9C3B2D0CC1-LeaderElection1106: begin an election at term 86 for -1: [6633f50a-7046-4b08-9937-8e25f1b14b15:192.168.34.25:39338, 67270882-100a-4e75-928d-618d17e069c8:192.168.34.25:36648, 4dea926d-4bc6-487a-9b9b-9fd457d0fae4:192.168.34.25:41624], old=null
2019-10-18 07:24:00,171 [grpc-default-executor-11] INFO  impl.RaftServerImpl (RaftServerImpl.java:setRole(184)) - 6633f50a-7046-4b08-9937-8e25f1b14b15@group-0C9C3B2D0CC1: changes role from  FOLLOWER to FOLLOWER at term 86 for recognizeCandidate:4dea926d-4bc6-487a-9b9b-9fd457d0fae4
2019-10-18 07:24:00,171 [grpc-default-executor-4] INFO  impl.RaftServerImpl (RaftServerImpl.java:setRole(184)) - 67270882-100a-4e75-928d-618d17e069c8@group-0C9C3B2D0CC1: changes role from  FOLLOWER to FOLLOWER at term 86 for recognizeCandidate:4dea926d-4bc6-487a-9b9b-9fd457d0fae4
2019-10-18 07:24:00,171 [grpc-default-executor-4] INFO  impl.RoleInfo (RoleInfo.java:shutdownFollowerState(121)) - 67270882-100a-4e75-928d-618d17e069c8: shutdown FollowerState
2019-10-18 07:24:00,171 [grpc-default-executor-11] INFO  impl.RoleInfo (RoleInfo.java:shutdownFollowerState(121)) - 6633f50a-7046-4b08-9937-8e25f1b14b15: shutdown FollowerState
2019-10-18 07:24:00,171 [grpc-default-executor-4] INFO  impl.RoleInfo (RoleInfo.java:updateAndGet(143)) - 67270882-100a-4e75-928d-618d17e069c8: start FollowerState
2019-10-18 07:24:00,171 [Thread-9881] INFO  impl.FollowerState (FollowerState.java:run(117)) - 67270882-100a-4e75-928d-618d17e069c8@group-0C9C3B2D0CC1-FollowerState was interrupted: java.lang.InterruptedException: sleep interrupted
2019-10-18 07:24:00,172 [Thread-9880] INFO  impl.FollowerState (FollowerState.java:run(117)) - 6633f50a-7046-4b08-9937-8e25f1b14b15@group-0C9C3B2D0CC1-FollowerState was interrupted: java.lang.InterruptedException: sleep interrupted
2019-10-18 07:24:00,172 [grpc-default-executor-11] INFO  impl.RoleInfo (RoleInfo.java:updateAndGet(143)) - 6633f50a-7046-4b08-9937-8e25f1b14b15: start FollowerState
2019-10-18 07:24:00,196 [4dea926d-4bc6-487a-9b9b-9fd457d0fae4@group-0C9C3B2D0CC1-LeaderElection1106] INFO  impl.LeaderElection (LeaderElection.java:logAndReturn(56)) - 4dea926d-4bc6-487a-9b9b-9fd457d0fae4@group-0C9C3B2D0CC1-LeaderElection1106: Election REJECTED; received 2 response(s) [4dea926d-4bc6-487a-9b9b-9fd457d0fae4<-6633f50a-7046-4b08-9937-8e25f1b14b15#0:FAIL-t86, 4dea926d-4bc6-487a-9b9b-9fd457d0fae4<-67270882-100a-4e75-928d-618d17e069c8#0:FAIL-t86] and 0 exception(s); 4dea926d-4bc6-487a-9b9b-9fd457d0fae4@group-0C9C3B2D0CC1:t86, leader=null, voted=4dea926d-4bc6-487a-9b9b-9fd457d0fae4, raftlog=4dea926d-4bc6-487a-9b9b-9fd457d0fae4@group-0C9C3B2D0CC1-SegmentedRaftLog:OPENED:c-1,f-1,i0, conf=-1: [6633f50a-7046-4b08-9937-8e25f1b14b15:192.168.34.25:39338, 67270882-100a-4e75-928d-618d17e069c8:192.168.34.25:36648, 4dea926d-4bc6-487a-9b9b-9fd457d0fae4:192.168.34.25:41624], old=null
2019-10-18 07:24:00,196 [4dea926d-4bc6-487a-9b9b-9fd457d0fae4@group-0C9C3B2D0CC1-LeaderElection1106] INFO  impl.RaftServerImpl (RaftServerImpl.java:setRole(184)) - 4dea926d-4bc6-487a-9b9b-9fd457d0fae4@group-0C9C3B2D0CC1: changes role from CANDIDATE to FOLLOWER at term 86 for DISCOVERED_A_NEW_TERM
2019-10-18 07:24:00,196 [4dea926d-4bc6-487a-9b9b-9fd457d0fae4@group-0C9C3B2D0CC1-LeaderElection1106] INFO  impl.RoleInfo (RoleInfo.java:shutdownLeaderElection(134)) - 4dea926d-4bc6-487a-9b9b-9fd457d0fae4: shutdown LeaderElection
2019-10-18 07:24:00,196 [4dea926d-4bc6-487a-9b9b-9fd457d0fae4@group-0C9C3B2D0CC1-LeaderElection1106] INFO  impl.RoleInfo (RoleInfo.java:updateAndGet(143)) - 4dea926d-4bc6-487a-9b9b-9fd457d0fae4: start FollowerState
2019-10-18 07:24:00,309 [Thread-9893] INFO  impl.FollowerState (FollowerState.java:run(108)) - 12ad0800-05cb-443c-9fdd-fa1debf04523@group-BCB82A5C07F5-FollowerState: change to CANDIDATE, lastRpcTime:155ms, electionTimeout:155ms
2019-10-18 07:24:00,309 [Thread-9893] INFO  impl.RoleInfo (RoleInfo.java:shutdownFollowerState(121)) - 12ad0800-05cb-443c-9fdd-fa1debf04523: shutdown FollowerState
2019-10-18 07:24:00,309 [Thread-9893] INFO  impl.RaftServerImpl (RaftServerImpl.java:setRole(184)) - 12ad0800-05cb-443c-9fdd-fa1debf04523@group-BCB82A5C07F5: changes role from  FOLLOWER to CANDIDATE at term 97 for changeToCandidate
2019-10-18 07:24:00,310 [Thread-9893] INFO  impl.RoleInfo (RoleInfo.java:updateAndGet(143)) - 12ad0800-05cb-443c-9fdd-fa1debf04523: start LeaderElection
2019-10-18 07:24:00,339 [12ad0800-05cb-443c-9fdd-fa1debf04523@group-BCB82A5C07F5-LeaderElection1107] INFO  impl.LeaderElection (LeaderElection.java:askForVotes(178)) - 12ad0800-05cb-443c-9fdd-fa1debf04523@group-BCB82A5C07F5-LeaderElection1107: begin an election at term 98 for -1: [12ad0800-05cb-443c-9fdd-fa1debf04523:192.168.34.25:41155, 5170c5f3-8499-4b42-9321-85fc8a351f79:192.168.34.25:43074, 0b10a9fc-47eb-4a2b-b664-8273d9d17379:192.168.34.25:45248], old=null
2019-10-18 07:24:00,341 [grpc-default-executor-11] INFO  impl.RaftServerImpl (RaftServerImpl.java:setRole(184)) - 5170c5f3-8499-4b42-9321-85fc8a351f79@group-BCB82A5C07F5: changes role from  FOLLOWER to FOLLOWER at term 98 for recognizeCandidate:12ad0800-05cb-443c-9fdd-fa1debf04523
2019-10-18 07:24:00,341 [grpc-default-executor-11] INFO  impl.RoleInfo (RoleInfo.java:shutdownFollowerState(121)) - 5170c5f3-8499-4b42-9321-85fc8a351f79: shutdown FollowerState
2019-10-18 07:24:00,341 [grpc-default-executor-11] INFO  impl.RoleInfo (RoleInfo.java:updateAndGet(143)) - 5170c5f3-8499-4b42-9321-85fc8a351f79: start FollowerState
2019-10-18 07:24:00,341 [Thread-9891] INFO  impl.FollowerState (FollowerState.java:run(117)) - 5170c5f3-8499-4b42-9321-85fc8a351f79@group-BCB82A5C07F5-FollowerState was interrupted: java.lang.InterruptedException: sleep interrupted
2019-10-18 07:24:00,341 [grpc-default-executor-4] INFO  impl.RaftServerImpl (RaftServerImpl.java:setRole(184)) - 0b10a9fc-47eb-4a2b-b664-8273d9d17379@group-BCB82A5C07F5: changes role from  FOLLOWER to FOLLOWER at term 98 for recognizeCandidate:12ad0800-05cb-443c-9fdd-fa1debf04523
2019-10-18 07:24:00,342 [grpc-default-executor-4] INFO  impl.RoleInfo (RoleInfo.java:shutdownFollowerState(121)) - 0b10a9fc-47eb-4a2b-b664-8273d9d17379: shutdown FollowerState
2019-10-18 07:24:00,342 [grpc-default-executor-4] INFO  impl.RoleInfo (RoleInfo.java:updateAndGet(143)) - 0b10a9fc-47eb-4a2b-b664-8273d9d17379: start FollowerState
2019-10-18 07:24:00,342 [Thread-9890] INFO  impl.FollowerState (FollowerState.java:run(117)) - 0b10a9fc-47eb-4a2b-b664-8273d9d17379@group-BCB82A5C07F5-FollowerState was interrupted: java.lang.InterruptedException: sleep interrupted
2019-10-18 07:24:00,364 [12ad0800-05cb-443c-9fdd-fa1debf04523@group-BCB82A5C07F5-LeaderElection1107] INFO  impl.LeaderElection (LeaderElection.java:logAndReturn(56)) - 12ad0800-05cb-443c-9fdd-fa1debf04523@group-BCB82A5C07F5-LeaderElection1107: Election TIMEOUT; received 0 response(s) [] and 0 exception(s); 12ad0800-05cb-443c-9fdd-fa1debf04523@group-BCB82A5C07F5:t98, leader=null, voted=12ad0800-05cb-443c-9fdd-fa1debf04523, raftlog=12ad0800-05cb-443c-9fdd-fa1debf04523@group-BCB82A5C07F5-SegmentedRaftLog:OPENED:c-1,f-1,i0, conf=-1: [12ad0800-05cb-443c-9fdd-fa1debf04523:192.168.34.25:41155, 5170c5f3-8499-4b42-9321-85fc8a351f79:192.168.34.25:43074, 0b10a9fc-47eb-4a2b-b664-8273d9d17379:192.168.34.25:45248], old=null
2019-10-18 07:24:00,375 [Thread-9898] INFO  impl.FollowerState (FollowerState.java:run(108)) - 4dea926d-4bc6-487a-9b9b-9fd457d0fae4@group-0C9C3B2D0CC1-FollowerState: change to CANDIDATE, lastRpcTime:178ms, electionTimeout:178ms
2019-10-18 07:24:00,375 [Thread-9898] INFO  impl.RoleInfo (RoleInfo.java:shutdownFollowerState(121)) - 4dea926d-4bc6-487a-9b9b-9fd457d0fae4: shutdown FollowerState
2019-10-18 07:24:00,375 [Thread-9898] INFO  impl.RaftServerImpl (RaftServerImpl.java:setRole(184)) - 4dea926d-4bc6-487a-9b9b-9fd457d0fae4@group-0C9C3B2D0CC1: changes role from  FOLLOWER to CANDIDATE at term 86 for changeToCandidate
2019-10-18 07:24:00,375 [Thread-9898] INFO  impl.RoleInfo (RoleInfo.java:updateAndGet(143)) - 4dea926d-4bc6-487a-9b9b-9fd457d0fae4: start LeaderElection
2019-10-18 07:24:00,407 [4dea926d-4bc6-487a-9b9b-9fd457d0fae4@group-0C9C3B2D0CC1-LeaderElection1108] INFO  impl.LeaderElection (LeaderElection.java:askForVotes(178)) - 4dea926d-4bc6-487a-9b9b-9fd457d0fae4@group-0C9C3B2D0CC1-LeaderElection1108: begin an election at term 87 for -1: [6633f50a-7046-4b08-9937-8e25f1b14b15:192.168.34.25:39338, 67270882-100a-4e75-928d-618d17e069c8:192.168.34.25:36648, 4dea926d-4bc6-487a-9b9b-9fd457d0fae4:192.168.34.25:41624], old=null
2019-10-18 07:24:00,407 [12ad0800-05cb-443c-9fdd-fa1debf04523@group-BCB82A5C07F5-LeaderElection1107] INFO  impl.LeaderElection (LeaderElection.java:askForVotes(178)) - 12ad0800-05cb-443c-9fdd-fa1debf04523@group-BCB82A5C07F5-LeaderElection1107: begin an election at term 99 for -1: [12ad0800-05cb-443c-9fdd-fa1debf04523:192.168.34.25:41155, 5170c5f3-8499-4b42-9321-85fc8a351f79:192.168.34.25:43074, 0b10a9fc-47eb-4a2b-b664-8273d9d17379:192.168.34.25:45248], old=null
2019-10-18 07:24:00,409 [grpc-default-executor-4] INFO  impl.RaftServerImpl (RaftServerImpl.java:setRole(184)) - 6633f50a-7046-4b08-9937-8e25f1b14b15@group-0C9C3B2D0CC1: changes role from  FOLLOWER to FOLLOWER at term 87 for recognizeCandidate:4dea926d-4bc6-487a-9b9b-9fd457d0fae4
2019-10-18 07:24:00,409 [grpc-default-executor-4] INFO  impl.RoleInfo (RoleInfo.java:shutdownFollowerState(121)) - 6633f50a-7046-4b08-9937-8e25f1b14b15: shutdown FollowerState
2019-10-18 07:24:00,409 [grpc-default-executor-4] INFO  impl.RoleInfo (RoleInfo.java:updateAndGet(143)) - 6633f50a-7046-4b08-9937-8e25f1b14b15: start FollowerState
2019-10-18 07:24:00,409 [Thread-9897] INFO  impl.FollowerState (FollowerState.java:run(117)) - 6633f50a-7046-4b08-9937-8e25f1b14b15@group-0C9C3B2D0CC1-FollowerState was interrupted: java.lang.InterruptedException: sleep interrupted
2019-10-18 07:24:00,409 [grpc-default-executor-11] INFO  impl.RaftServerImpl (RaftServerImpl.java:setRole(184)) - 0b10a9fc-47eb-4a2b-b664-8273d9d17379@group-BCB82A5C07F5: changes role from  FOLLOWER to FOLLOWER at term 99 for recognizeCandidate:12ad0800-05cb-443c-9fdd-fa1debf04523
2019-10-18 07:24:00,410 [grpc-default-executor-11] INFO  impl.RoleInfo (RoleInfo.java:shutdownFollowerState(121)) - 0b10a9fc-47eb-4a2b-b664-8273d9d17379: shutdown FollowerState
2019-10-18 07:24:00,410 [grpc-default-executor-14] INFO  impl.RaftServerImpl (RaftServerImpl.java:setRole(184)) - 67270882-100a-4e75-928d-618d17e069c8@group-0C9C3B2D0CC1: changes role from  FOLLOWER to FOLLOWER at term 87 for recognizeCandidate:4dea926d-4bc6-487a-9b9b-9fd457d0fae4
2019-10-18 07:24:00,410 [Thread-9903] INFO  impl.FollowerState (FollowerState.java:run(117)) - 0b10a9fc-47eb-4a2b-b664-8273d9d17379@group-BCB82A5C07F5-FollowerState was interrupted: java.lang.InterruptedException: sleep interrupted
2019-10-18 07:24:00,410 [grpc-default-executor-12] INFO  impl.RaftServerImpl (RaftServerImpl.java:setRole(184)) - 5170c5f3-8499-4b42-9321-85fc8a351f79@group-BCB82A5C07F5: changes role from  FOLLOWER to FOLLOWER at term 99 for recognizeCandidate:12ad0800-05cb-443c-9fdd-fa1debf04523
2019-10-18 07:24:00,410 [grpc-default-executor-12] INFO  impl.RoleInfo (RoleInfo.java:shutdownFollowerState(121)) - 5170c5f3-8499-4b42-9321-85fc8a351f79: shutdown FollowerState
2019-10-18 07:24:00,410 [grpc-default-executor-14] INFO  impl.RoleInfo (RoleInfo.java:shutdownFollowerState(121)) - 67270882-100a-4e75-928d-618d17e069c8: shutdown FollowerState
2019-10-18 07:24:00,410 [grpc-default-executor-14] INFO  impl.RoleInfo (RoleInfo.java:updateAndGet(143)) - 67270882-100a-4e75-928d-618d17e069c8: start FollowerState
2019-10-18 07:24:00,411 [Thread-9896] INFO  impl.FollowerState (FollowerState.java:run(117)) - 67270882-100a-4e75-928d-618d17e069c8@group-0C9C3B2D0CC1-FollowerState was interrupted: java.lang.InterruptedException: sleep interrupted
2019-10-18 07:24:00,410 [grpc-default-executor-11] INFO  impl.RoleInfo (RoleInfo.java:updateAndGet(143)) - 0b10a9fc-47eb-4a2b-b664-8273d9d17379: start FollowerState
2019-10-18 07:24:00,410 [Thread-9902] INFO  impl.FollowerState (FollowerState.java:run(117)) - 5170c5f3-8499-4b42-9321-85fc8a351f79@group-BCB82A5C07F5-FollowerState was interrupted: java.lang.InterruptedException: sleep interrupted
2019-10-18 07:24:00,410 [grpc-default-executor-12] INFO  impl.RoleInfo (RoleInfo.java:updateAndGet(143)) - 5170c5f3-8499-4b42-9321-85fc8a351f79: start FollowerState
2019-10-18 07:24:00,434 [4dea926d-4bc6-487a-9b9b-9fd457d0fae4@group-0C9C3B2D0CC1-LeaderElection1108] INFO  impl.LeaderElection (LeaderElection.java:logAndReturn(56)) - 4dea926d-4bc6-487a-9b9b-9fd457d0fae4@group-0C9C3B2D0CC1-LeaderElection1108: Election REJECTED; received 2 response(s) [4dea926d-4bc6-487a-9b9b-9fd457d0fae4<-6633f50a-7046-4b08-9937-8e25f1b14b15#0:FAIL-t87, 4dea926d-4bc6-487a-9b9b-9fd457d0fae4<-67270882-100a-4e75-928d-618d17e069c8#0:FAIL-t87] and 0 exception(s); 4dea926d-4bc6-487a-9b9b-9fd457d0fae4@group-0C9C3B2D0CC1:t87, leader=null, voted=4dea926d-4bc6-487a-9b9b-9fd457d0fae4, raftlog=4dea926d-4bc6-487a-9b9b-9fd457d0fae4@group-0C9C3B2D0CC1-SegmentedRaftLog:OPENED:c-1,f-1,i0, conf=-1: [6633f50a-7046-4b08-9937-8e25f1b14b15:192.168.34.25:39338, 67270882-100a-4e75-928d-618d17e069c8:192.168.34.25:36648, 4dea926d-4bc6-487a-9b9b-9fd457d0fae4:192.168.34.25:41624], old=null
2019-10-18 07:24:00,434 [4dea926d-4bc6-487a-9b9b-9fd457d0fae4@group-0C9C3B2D0CC1-LeaderElection1108] INFO  impl.RaftServerImpl (RaftServerImpl.java:setRole(184)) - 4dea926d-4bc6-487a-9b9b-9fd457d0fae4@group-0C9C3B2D0CC1: changes role from CANDIDATE to FOLLOWER at term 87 for DISCOVERED_A_NEW_TERM
2019-10-18 07:24:00,434 [4dea926d-4bc6-487a-9b9b-9fd457d0fae4@group-0C9C3B2D0CC1-LeaderElection1108] INFO  impl.RoleInfo (RoleInfo.java:shutdownLeaderElection(134)) - 4dea926d-4bc6-487a-9b9b-9fd457d0fae4: shutdown LeaderElection
2019-10-18 07:24:00,434 [4dea926d-4bc6-487a-9b9b-9fd457d0fae4@group-0C9C3B2D0CC1-LeaderElection1108] INFO  impl.RoleInfo (RoleInfo.java:updateAndGet(143)) - 4dea926d-4bc6-487a-9b9b-9fd457d0fae4: start FollowerState
2019-10-18 07:24:00,434 [12ad0800-05cb-443c-9fdd-fa1debf04523@group-BCB82A5C07F5-LeaderElection1107] INFO  impl.LeaderElection (LeaderElection.java:logAndReturn(56)) - 12ad0800-05cb-443c-9fdd-fa1debf04523@group-BCB82A5C07F5-LeaderElection1107: Election REJECTED; received 2 response(s) [12ad0800-05cb-443c-9fdd-fa1debf04523<-5170c5f3-8499-4b42-9321-85fc8a351f79#0:FAIL-t99, 12ad0800-05cb-443c-9fdd-fa1debf04523<-0b10a9fc-47eb-4a2b-b664-8273d9d17379#0:FAIL-t99] and 0 exception(s); 12ad0800-05cb-443c-9fdd-fa1debf04523@group-BCB82A5C07F5:t99, leader=null, voted=12ad0800-05cb-443c-9fdd-fa1debf04523, raftlog=12ad0800-05cb-443c-9fdd-fa1debf04523@group-BCB82A5C07F5-SegmentedRaftLog:OPENED:c-1,f-1,i0, conf=-1: [12ad0800-05cb-443c-9fdd-fa1debf04523:192.168.34.25:41155, 5170c5f3-8499-4b42-9321-85fc8a351f79:192.168.34.25:43074, 0b10a9fc-47eb-4a2b-b664-8273d9d17379:192.168.34.25:45248], old=null
2019-10-18 07:24:00,434 [12ad0800-05cb-443c-9fdd-fa1debf04523@group-BCB82A5C07F5-LeaderElection1107] INFO  impl.RaftServerImpl (RaftServerImpl.java:setRole(184)) - 12ad0800-05cb-443c-9fdd-fa1debf04523@group-BCB82A5C07F5: changes role from CANDIDATE to FOLLOWER at term 99 for DISCOVERED_A_NEW_TERM
2019-10-18 07:24:00,435 [12ad0800-05cb-443c-9fdd-fa1debf04523@group-BCB82A5C07F5-LeaderElection1107] INFO  impl.RoleInfo (RoleInfo.java:shutdownLeaderElection(134)) - 12ad0800-05cb-443c-9fdd-fa1debf04523: shutdown LeaderElection
2019-10-18 07:24:00,435 [12ad0800-05cb-443c-9fdd-fa1debf04523@group-BCB82A5C07F5-LeaderElection1107] INFO  impl.RoleInfo (RoleInfo.java:updateAndGet(143)) - 12ad0800-05cb-443c-9fdd-fa1debf04523: start FollowerState
2019-10-18 07:24:00,503 [Thread-9914] INFO  impl.FollowerState (FollowerState.java:run(108)) - 12ad0800-05cb-443c-9fdd-fa1debf04523@group-BCB82A5C07F5-FollowerState: change to CANDIDATE, lastRpcTime:68ms, electionTimeout:68ms
2019-10-18 07:24:00,503 [Thread-9914] INFO  impl.RoleInfo (RoleInfo.java:shutdownFollowerState(121)) - 12ad0800-05cb-443c-9fdd-fa1debf04523: shutdown FollowerState
2019-10-18 07:24:00,503 [Thread-9914] INFO  impl.RaftServerImpl (RaftServerImpl.java:setRole(184)) - 12ad0800-05cb-443c-9fdd-fa1debf04523@group-BCB82A5C07F5: changes role from  FOLLOWER to CANDIDATE at term 99 for changeToCandidate
2019-10-18 07:24:00,503 [Thread-9914] INFO  impl.RoleInfo (RoleInfo.java:updateAndGet(143)) - 12ad0800-05cb-443c-9fdd-fa1debf04523: start LeaderElection
2019-10-18 07:24:00,534 [Thread-9913] INFO  impl.FollowerState (FollowerState.java:run(108)) - 4dea926d-4bc6-487a-9b9b-9fd457d0fae4@group-0C9C3B2D0CC1-FollowerState: change to CANDIDATE, lastRpcTime:99ms, electionTimeout:99ms
2019-10-18 07:24:00,534 [12ad0800-05cb-443c-9fdd-fa1debf04523@group-BCB82A5C07F5-LeaderElection1109] INFO  impl.LeaderElection (LeaderElection.java:askForVotes(178)) - 12ad0800-05cb-443c-9fdd-fa1debf04523@group-BCB82A5C07F5-LeaderElection1109: begin an election at term 100 for -1: [12ad0800-05cb-443c-9fdd-fa1debf04523:192.168.34.25:41155, 5170c5f3-8499-4b42-9321-85fc8a351f79:192.168.34.25:43074, 0b10a9fc-47eb-4a2b-b664-8273d9d17379:192.168.34.25:45248], old=null
2019-10-18 07:24:00,534 [Thread-9913] INFO  impl.RoleInfo (RoleInfo.java:shutdownFollowerState(121)) - 4dea926d-4bc6-487a-9b9b-9fd457d0fae4: shutdown FollowerState
2019-10-18 07:24:00,534 [Thread-9913] INFO  impl.RaftServerImpl (RaftServerImpl.java:setRole(184)) - 4dea926d-4bc6-487a-9b9b-9fd457d0fae4@group-0C9C3B2D0CC1: changes role from  FOLLOWER to CANDIDATE at term 87 for changeToCandidate
2019-10-18 07:24:00,534 [Thread-9913] INFO  impl.RoleInfo (RoleInfo.java:updateAndGet(143)) - 4dea926d-4bc6-487a-9b9b-9fd457d0fae4: start LeaderElection
2019-10-18 07:24:00,535 [grpc-default-executor-11] INFO  impl.RaftServerImpl (RaftServerImpl.java:setRole(184)) - 5170c5f3-8499-4b42-9321-85fc8a351f79@group-BCB82A5C07F5: changes role from  FOLLOWER to FOLLOWER at term 100 for recognizeCandidate:12ad0800-05cb-443c-9fdd-fa1debf04523
2019-10-18 07:24:00,535 [grpc-default-executor-11] INFO  impl.RoleInfo (RoleInfo.java:shutdownFollowerState(121)) - 5170c5f3-8499-4b42-9321-85fc8a351f79: shutdown FollowerState
2019-10-18 07:24:00,535 [grpc-default-executor-11] INFO  impl.RoleInfo (RoleInfo.java:updateAndGet(143)) - 5170c5f3-8499-4b42-9321-85fc8a351f79: start FollowerState
2019-10-18 07:24:00,535 [grpc-default-executor-14] INFO  impl.RaftServerImpl (RaftServerImpl.java:setRole(184)) - 0b10a9fc-47eb-4a2b-b664-8273d9d17379@group-BCB82A5C07F5: changes role from  FOLLOWER to FOLLOWER at term 100 for recognizeCandidate:12ad0800-05cb-443c-9fdd-fa1debf04523
2019-10-18 07:24:00,535 [Thread-9911] INFO  impl.FollowerState (FollowerState.java:run(117)) - 5170c5f3-8499-4b42-9321-85fc8a351f79@group-BCB82A5C07F5-FollowerState was interrupted: java.lang.InterruptedException: sleep interrupted
2019-10-18 07:24:00,536 [grpc-default-executor-14] INFO  impl.RoleInfo (RoleInfo.java:shutdownFollowerState(121)) - 0b10a9fc-47eb-4a2b-b664-8273d9d17379: shutdown FollowerState
2019-10-18 07:24:00,536 [grpc-default-executor-14] INFO  impl.RoleInfo (RoleInfo.java:updateAndGet(143)) - 0b10a9fc-47eb-4a2b-b664-8273d9d17379: start FollowerState
2019-10-18 07:24:00,536 [Thread-9910] INFO  impl.FollowerState (FollowerState.java:run(117)) - 0b10a9fc-47eb-4a2b-b664-8273d9d17379@group-BCB82A5C07F5-FollowerState was interrupted: java.lang.InterruptedException: sleep interrupted
2019-10-18 07:24:00,559 [4dea926d-4bc6-487a-9b9b-9fd457d0fae4@group-0C9C3B2D0CC1-LeaderElection1110] INFO  impl.LeaderElection (LeaderElection.java:askForVotes(178)) - 4dea926d-4bc6-487a-9b9b-9fd457d0fae4@group-0C9C3B2D0CC1-LeaderElection1110: begin an election at term 88 for -1: [6633f50a-7046-4b08-9937-8e25f1b14b15:192.168.34.25:39338, 67270882-100a-4e75-928d-618d17e069c8:192.168.34.25:36648, 4dea926d-4bc6-487a-9b9b-9fd457d0fae4:192.168.34.25:41624], old=null
2019-10-18 07:24:00,560 [12ad0800-05cb-443c-9fdd-fa1debf04523@group-BCB82A5C07F5-LeaderElection1109] INFO  impl.LeaderElection (LeaderElection.java:logAndReturn(56)) - 12ad0800-05cb-443c-9fdd-fa1debf04523@group-BCB82A5C07F5-LeaderElection1109: Election REJECTED; received 2 response(s) [12ad0800-05cb-443c-9fdd-fa1debf04523<-5170c5f3-8499-4b42-9321-85fc8a351f79#0:FAIL-t100, 12ad0800-05cb-443c-9fdd-fa1debf04523<-0b10a9fc-47eb-4a2b-b664-8273d9d17379#0:FAIL-t100] and 0 exception(s); 12ad0800-05cb-443c-9fdd-fa1debf04523@group-BCB82A5C07F5:t100, leader=null, voted=12ad0800-05cb-443c-9fdd-fa1debf04523, raftlog=12ad0800-05cb-443c-9fdd-fa1debf04523@group-BCB82A5C07F5-SegmentedRaftLog:OPENED:c-1,f-1,i0, conf=-1: [12ad0800-05cb-443c-9fdd-fa1debf04523:192.168.34.25:41155, 5170c5f3-8499-4b42-9321-85fc8a351f79:192.168.34.25:43074, 0b10a9fc-47eb-4a2b-b664-8273d9d17379:192.168.34.25:45248], old=null
2019-10-18 07:24:00,560 [12ad0800-05cb-443c-9fdd-fa1debf04523@group-BCB82A5C07F5-LeaderElection1109] INFO  impl.RaftServerImpl (RaftServerImpl.java:setRole(184)) - 12ad0800-05cb-443c-9fdd-fa1debf04523@group-BCB82A5C07F5: changes role from CANDIDATE to FOLLOWER at term 100 for DISCOVERED_A_NEW_TERM
2019-10-18 07:24:00,560 [12ad0800-05cb-443c-9fdd-fa1debf04523@group-BCB82A5C07F5-LeaderElection1109] INFO  impl.RoleInfo (RoleInfo.java:shutdownLeaderElection(134)) - 12ad0800-05cb-443c-9fdd-fa1debf04523: shutdown LeaderElection
2019-10-18 07:24:00,560 [12ad0800-05cb-443c-9fdd-fa1debf04523@group-BCB82A5C07F5-LeaderElection1109] INFO  impl.RoleInfo (RoleInfo.java:updateAndGet(143)) - 12ad0800-05cb-443c-9fdd-fa1debf04523: start FollowerState
2019-10-18 07:24:00,560 [grpc-default-executor-11] INFO  impl.RaftServerImpl (RaftServerImpl.java:setRole(184)) - 6633f50a-7046-4b08-9937-8e25f1b14b15@group-0C9C3B2D0CC1: changes role from  FOLLOWER to FOLLOWER at term 88 for recognizeCandidate:4dea926d-4bc6-487a-9b9b-9fd457d0fae4
2019-10-18 07:24:00,561 [grpc-default-executor-11] INFO  impl.RoleInfo (RoleInfo.java:shutdownFollowerState(121)) - 6633f50a-7046-4b08-9937-8e25f1b14b15: shutdown FollowerState
2019-10-18 07:24:00,561 [grpc-default-executor-11] INFO  impl.RoleInfo (RoleInfo.java:updateAndGet(143)) - 6633f50a-7046-4b08-9937-8e25f1b14b15: start FollowerState
2019-10-18 07:24:00,561 [grpc-default-executor-14] INFO  impl.RaftServerImpl (RaftServerImpl.java:setRole(184)) - 67270882-100a-4e75-928d-618d17e069c8@group-0C9C3B2D0CC1: changes role from  FOLLOWER to FOLLOWER at term 88 for recognizeCandidate:4dea926d-4bc6-487a-9b9b-9fd457d0fae4
2019-10-18 07:24:00,561 [grpc-default-executor-14] INFO  impl.RoleInfo (RoleInfo.java:shutdownFollowerState(121)) - 67270882-100a-4e75-928d-618d17e069c8: shutdown FollowerState
2019-10-18 07:24:00,561 [Thread-9909] INFO  impl.FollowerState (FollowerState.java:run(117)) - 6633f50a-7046-4b08-9937-8e25f1b14b15@group-0C9C3B2D0CC1-FollowerState was interrupted: java.lang.InterruptedException: sleep interrupted
2019-10-18 07:24:00,561 [Thread-9912] INFO  impl.FollowerState (FollowerState.java:run(117)) - 67270882-100a-4e75-928d-618d17e069c8@group-0C9C3B2D0CC1-FollowerState was interrupted: java.lang.InterruptedException: sleep interrupted
2019-10-18 07:24:00,561 [grpc-default-executor-14] INFO  impl.RoleInfo (RoleInfo.java:updateAndGet(143)) - 67270882-100a-4e75-928d-618d17e069c8: start FollowerState
2019-10-18 07:24:00,567 [Thread-9925] INFO  impl.FollowerState (FollowerState.java:run(108)) - 12ad0800-05cb-443c-9fdd-fa1debf04523@group-BCB82A5C07F5-FollowerState: change to CANDIDATE, lastRpcTime:7ms, electionTimeout:7ms
2019-10-18 07:24:00,567 [Thread-9925] INFO  impl.RoleInfo (RoleInfo.java:shutdownFollowerState(121)) - 12ad0800-05cb-443c-9fdd-fa1debf04523: shutdown FollowerState
2019-10-18 07:24:00,568 [Thread-9925] INFO  impl.RaftServerImpl (RaftServerImpl.java:setRole(184)) - 12ad0800-05cb-443c-9fdd-fa1debf04523@group-BCB82A5C07F5: changes role from  FOLLOWER to CANDIDATE at term 100 for changeToCandidate
2019-10-18 07:24:00,568 [Thread-9925] INFO  impl.RoleInfo (RoleInfo.java:updateAndGet(143)) - 12ad0800-05cb-443c-9fdd-fa1debf04523: start LeaderElection
2019-10-18 07:24:00,585 [12ad0800-05cb-443c-9fdd-fa1debf04523@group-BCB82A5C07F5-LeaderElection1111] INFO  impl.LeaderElection (LeaderElection.java:askForVotes(178)) - 12ad0800-05cb-443c-9fdd-fa1debf04523@group-BCB82A5C07F5-LeaderElection1111: begin an election at term 101 for -1: [12ad0800-05cb-443c-9fdd-fa1debf04523:192.168.34.25:41155, 5170c5f3-8499-4b42-9321-85fc8a351f79:192.168.34.25:43074, 0b10a9fc-47eb-4a2b-b664-8273d9d17379:192.168.34.25:45248], old=null
2019-10-18 07:24:00,585 [4dea926d-4bc6-487a-9b9b-9fd457d0fae4@group-0C9C3B2D0CC1-LeaderElection1110] INFO  impl.LeaderElection (LeaderElection.java:logAndReturn(56)) - 4dea926d-4bc6-487a-9b9b-9fd457d0fae4@group-0C9C3B2D0CC1-LeaderElection1110: Election REJECTED; received 2 response(s) [4dea926d-4bc6-487a-9b9b-9fd457d0fae4<-6633f50a-7046-4b08-9937-8e25f1b14b15#0:FAIL-t88, 4dea926d-4bc6-487a-9b9b-9fd457d0fae4<-67270882-100a-4e75-928d-618d17e069c8#0:FAIL-t88] and 0 exception(s); 4dea926d-4bc6-487a-9b9b-9fd457d0fae4@group-0C9C3B2D0CC1:t88, leader=null, voted=4dea926d-4bc6-487a-9b9b-9fd457d0fae4, raftlog=4dea926d-4bc6-487a-9b9b-9fd457d0fae4@group-0C9C3B2D0CC1-SegmentedRaftLog:OPENED:c-1,f-1,i0, conf=-1: [6633f50a-7046-4b08-9937-8e25f1b14b15:192.168.34.25:39338, 67270882-100a-4e75-928d-618d17e069c8:192.168.34.25:36648, 4dea926d-4bc6-487a-9b9b-9fd457d0fae4:192.168.34.25:41624], old=null
2019-10-18 07:24:00,586 [4dea926d-4bc6-487a-9b9b-9fd457d0fae4@group-0C9C3B2D0CC1-LeaderElection1110] INFO  impl.RaftServerImpl (RaftServerImpl.java:setRole(184)) - 4dea926d-4bc6-487a-9b9b-9fd457d0fae4@group-0C9C3B2D0CC1: changes role from CANDIDATE to FOLLOWER at term 88 for DISCOVERED_A_NEW_TERM
2019-10-18 07:24:00,586 [4dea926d-4bc6-487a-9b9b-9fd457d0fae4@group-0C9C3B2D0CC1-LeaderElection1110] INFO  impl.RoleInfo (RoleInfo.java:shutdownLeaderElection(134)) - 4dea926d-4bc6-487a-9b9b-9fd457d0fae4: shutdown LeaderElection
2019-10-18 07:24:00,586 [4dea926d-4bc6-487a-9b9b-9fd457d0fae4@group-0C9C3B2D0CC1-LeaderElection1110] INFO  impl.RoleInfo (RoleInfo.java:updateAndGet(143)) - 4dea926d-4bc6-487a-9b9b-9fd457d0fae4: start FollowerState
2019-10-18 07:24:00,586 [grpc-default-executor-14] INFO  impl.RaftServerImpl (RaftServerImpl.java:setRole(184)) - 5170c5f3-8499-4b42-9321-85fc8a351f79@group-BCB82A5C07F5: changes role from  FOLLOWER to FOLLOWER at term 101 for recognizeCandidate:12ad0800-05cb-443c-9fdd-fa1debf04523
2019-10-18 07:24:00,586 [grpc-default-executor-14] INFO  impl.RoleInfo (RoleInfo.java:shutdownFollowerState(121)) - 5170c5f3-8499-4b42-9321-85fc8a351f79: shutdown FollowerState
2019-10-18 07:24:00,586 [grpc-default-executor-11] INFO  impl.RaftServerImpl (RaftServerImpl.java:setRole(184)) - 0b10a9fc-47eb-4a2b-b664-8273d9d17379@group-BCB82A5C07F5: changes role from  FOLLOWER to FOLLOWER at term 101 for recognizeCandidate:12ad0800-05cb-443c-9fdd-fa1debf04523
2019-10-18 07:24:00,587 [grpc-default-executor-11] INFO  impl.RoleInfo (RoleInfo.java:shutdownFollowerState(121)) - 0b10a9fc-47eb-4a2b-b664-8273d9d17379: shutdown FollowerState
2019-10-18 07:24:00,587 [Thread-9921] INFO  impl.FollowerState (FollowerState.java:run(117)) - 5170c5f3-8499-4b42-9321-85fc8a351f79@group-BCB82A5C07F5-FollowerState was interrupted: java.lang.InterruptedException: sleep interrupted
2019-10-18 07:24:00,587 [Thread-9922] INFO  impl.FollowerState (FollowerState.java:run(117)) - 0b10a9fc-47eb-4a2b-b664-8273d9d17379@group-BCB82A5C07F5-FollowerState was interrupted: java.lang.InterruptedException: sleep interrupted
2019-10-18 07:24:00,587 [grpc-default-executor-14] INFO  impl.RoleInfo (RoleInfo.java:updateAndGet(143)) - 5170c5f3-8499-4b42-9321-85fc8a351f79: start FollowerState
2019-10-18 07:24:00,587 [grpc-default-executor-11] INFO  impl.RoleInfo (RoleInfo.java:updateAndGet(143)) - 0b10a9fc-47eb-4a2b-b664-8273d9d17379: start FollowerState
2019-10-18 07:24:00,597 [12ad0800-05cb-443c-9fdd-fa1debf04523@group-BCB82A5C07F5-LeaderElection1111] INFO  impl.LeaderElection (LeaderElection.java:logAndReturn(56)) - 12ad0800-05cb-443c-9fdd-fa1debf04523@group-BCB82A5C07F5-LeaderElection1111: Election TIMEOUT; received 0 response(s) [] and 0 exception(s); 12ad0800-05cb-443c-9fdd-fa1debf04523@group-BCB82A5C07F5:t101, leader=null, voted=12ad0800-05cb-443c-9fdd-fa1debf04523, raftlog=12ad0800-05cb-443c-9fdd-fa1debf04523@group-BCB82A5C07F5-SegmentedRaftLog:OPENED:c-1,f-1,i0, conf=-1: [12ad0800-05cb-443c-9fdd-fa1debf04523:192.168.34.25:41155, 5170c5f3-8499-4b42-9321-85fc8a351f79:192.168.34.25:43074, 0b10a9fc-47eb-4a2b-b664-8273d9d17379:192.168.34.25:45248], old=null
2019-10-18 07:24:00,635 [Thread-9931] INFO  impl.FollowerState (FollowerState.java:run(108)) - 4dea926d-4bc6-487a-9b9b-9fd457d0fae4@group-0C9C3B2D0CC1-FollowerState: change to CANDIDATE, lastRpcTime:49ms, electionTimeout:49ms
2019-10-18 07:24:00,635 [Thread-9931] INFO  impl.RoleInfo (RoleInfo.java:shutdownFollowerState(121)) - 4dea926d-4bc6-487a-9b9b-9fd457d0fae4: shutdown FollowerState
2019-10-18 07:24:00,635 [Thread-9931] INFO  impl.RaftServerImpl (RaftServerImpl.java:setRole(184)) - 4dea926d-4bc6-487a-9b9b-9fd457d0fae4@group-0C9C3B2D0CC1: changes role from  FOLLOWER to CANDIDATE at term 88 for changeToCandidate
2019-10-18 07:24:00,635 [Thread-9931] INFO  impl.RoleInfo (RoleInfo.java:updateAndGet(143)) - 4dea926d-4bc6-487a-9b9b-9fd457d0fae4: start LeaderElection
2019-10-18 07:24:00,636 [12ad0800-05cb-443c-9fdd-fa1debf04523@group-BCB82A5C07F5-LeaderElection1111] INFO  impl.LeaderElection (LeaderElection.java:askForVotes(178)) - 12ad0800-05cb-443c-9fdd-fa1debf04523@group-BCB82A5C07F5-LeaderElection1111: begin an election at term 102 for -1: [12ad0800-05cb-443c-9fdd-fa1debf04523:192.168.34.25:41155, 5170c5f3-8499-4b42-9321-85fc8a351f79:192.168.34.25:43074, 0b10a9fc-47eb-4a2b-b664-8273d9d17379:192.168.34.25:45248], old=null
2019-10-18 07:24:00,637 [grpc-default-executor-14] INFO  impl.RaftServerImpl (RaftServerImpl.java:setRole(184)) - 5170c5f3-8499-4b42-9321-85fc8a351f79@group-BCB82A5C07F5: changes role from  FOLLOWER to FOLLOWER at term 102 for recognizeCandidate:12ad0800-05cb-443c-9fdd-fa1debf04523
2019-10-18 07:24:00,638 [grpc-default-executor-14] INFO  impl.RoleInfo (RoleInfo.java:shutdownFollowerState(121)) - 5170c5f3-8499-4b42-9321-85fc8a351f79: shutdown FollowerState
2019-10-18 07:24:00,638 [grpc-default-executor-14] INFO  impl.RoleInfo (RoleInfo.java:updateAndGet(143)) - 5170c5f3-8499-4b42-9321-85fc8a351f79: start FollowerState
2019-10-18 07:24:00,638 [grpc-default-executor-11] INFO  impl.RaftServerImpl (RaftServerImpl.java:setRole(184)) - 0b10a9fc-47eb-4a2b-b664-8273d9d17379@group-BCB82A5C07F5: changes role from  FOLLOWER to FOLLOWER at term 102 for recognizeCandidate:12ad0800-05cb-443c-9fdd-fa1debf04523
2019-10-18 07:24:00,638 [grpc-default-executor-11] INFO  impl.RoleInfo (RoleInfo.java:shutdownFollowerState(121)) - 0b10a9fc-47eb-4a2b-b664-8273d9d17379: shutdown FollowerState
2019-10-18 07:24:00,638 [Thread-9932] INFO  impl.FollowerState (FollowerState.java:run(117)) - 5170c5f3-8499-4b42-9321-85fc8a351f79@group-BCB82A5C07F5-FollowerState was interrupted: java.lang.InterruptedException: sleep interrupted
2019-10-18 07:24:00,638 [Thread-9933] INFO  impl.FollowerState (FollowerState.java:run(117)) - 0b10a9fc-47eb-4a2b-b664-8273d9d17379@group-BCB82A5C07F5-FollowerState was interrupted: java.lang.InterruptedException: sleep interrupted
2019-10-18 07:24:00,638 [grpc-default-executor-11] INFO  impl.RoleInfo (RoleInfo.java:updateAndGet(143)) - 0b10a9fc-47eb-4a2b-b664-8273d9d17379: start FollowerState
2019-10-18 07:24:00,670 [4dea926d-4bc6-487a-9b9b-9fd457d0fae4@group-0C9C3B2D0CC1-LeaderElection1112] INFO  impl.LeaderElection (LeaderElection.java:askForVotes(178)) - 4dea926d-4bc6-487a-9b9b-9fd457d0fae4@group-0C9C3B2D0CC1-LeaderElection1112: begin an election at term 89 for -1: [6633f50a-7046-4b08-9937-8e25f1b14b15:192.168.34.25:39338, 67270882-100a-4e75-928d-618d17e069c8:192.168.34.25:36648, 4dea926d-4bc6-487a-9b9b-9fd457d0fae4:192.168.34.25:41624], old=null
2019-10-18 07:24:00,671 [12ad0800-05cb-443c-9fdd-fa1debf04523@group-BCB82A5C07F5-LeaderElection1111] INFO  impl.LeaderElection (LeaderElection.java:logAndReturn(56)) - 12ad0800-05cb-443c-9fdd-fa1debf04523@group-BCB82A5C07F5-LeaderElection1111: Election REJECTED; received 2 response(s) [12ad0800-05cb-443c-9fdd-fa1debf04523<-5170c5f3-8499-4b42-9321-85fc8a351f79#0:FAIL-t102, 12ad0800-05cb-443c-9fdd-fa1debf04523<-0b10a9fc-47eb-4a2b-b664-8273d9d17379#0:FAIL-t102] and 0 exception(s); 12ad0800-05cb-443c-9fdd-fa1debf04523@group-BCB82A5C07F5:t102, leader=null, voted=12ad0800-05cb-443c-9fdd-fa1debf04523, raftlog=12ad0800-05cb-443c-9fdd-fa1debf04523@group-BCB82A5C07F5-SegmentedRaftLog:OPENED:c-1,f-1,i0, conf=-1: [12ad0800-05cb-443c-9fdd-fa1debf04523:192.168.34.25:41155, 5170c5f3-8499-4b42-9321-85fc8a351f79:192.168.34.25:43074, 0b10a9fc-47eb-4a2b-b664-8273d9d17379:192.168.34.25:45248], old=null
2019-10-18 07:24:00,671 [12ad0800-05cb-443c-9fdd-fa1debf04523@group-BCB82A5C07F5-LeaderElection1111] INFO  impl.RaftServerImpl (RaftServerImpl.java:setRole(184)) - 12ad0800-05cb-443c-9fdd-fa1debf04523@group-BCB82A5C07F5: changes role from CANDIDATE to FOLLOWER at term 102 for DISCOVERED_A_NEW_TERM
2019-10-18 07:24:00,671 [12ad0800-05cb-443c-9fdd-fa1debf04523@group-BCB82A5C07F5-LeaderElection1111] INFO  impl.RoleInfo (RoleInfo.java:shutdownLeaderElection(134)) - 12ad0800-05cb-443c-9fdd-fa1debf04523: shutdown LeaderElection
2019-10-18 07:24:00,671 [12ad0800-05cb-443c-9fdd-fa1debf04523@group-BCB82A5C07F5-LeaderElection1111] INFO  impl.RoleInfo (RoleInfo.java:updateAndGet(143)) - 12ad0800-05cb-443c-9fdd-fa1debf04523: start FollowerState
2019-10-18 07:24:00,672 [grpc-default-executor-14] INFO  impl.RaftServerImpl (RaftServerImpl.java:setRole(184)) - 6633f50a-7046-4b08-9937-8e25f1b14b15@group-0C9C3B2D0CC1: changes role from  FOLLOWER to FOLLOWER at term 89 for recognizeCandidate:4dea926d-4bc6-487a-9b9b-9fd457d0fae4
2019-10-18 07:24:00,672 [grpc-default-executor-14] INFO  impl.RoleInfo (RoleInfo.java:shutdownFollowerState(121)) - 6633f50a-7046-4b08-9937-8e25f1b14b15: shutdown FollowerState
2019-10-18 07:24:00,672 [grpc-default-executor-11] INFO  impl.RaftServerImpl (RaftServerImpl.java:setRole(184)) - 67270882-100a-4e75-928d-618d17e069c8@group-0C9C3B2D0CC1: changes role from  FOLLOWER to FOLLOWER at term 89 for recognizeCandidate:4dea926d-4bc6-487a-9b9b-9fd457d0fae4
2019-10-18 07:24:00,672 [grpc-default-executor-11] INFO  impl.RoleInfo (RoleInfo.java:shutdownFollowerState(121)) - 67270882-100a-4e75-928d-618d17e069c8: shutdown FollowerState
2019-10-18 07:24:00,672 [Thread-9926] INFO  impl.FollowerState (FollowerState.java:run(117)) - 6633f50a-7046-4b08-9937-8e25f1b14b15@group-0C9C3B2D0CC1-FollowerState was interrupted: java.lang.InterruptedException: sleep interrupted
2019-10-18 07:24:00,672 [grpc-default-executor-14] INFO  impl.RoleInfo (RoleInfo.java:updateAndGet(143)) - 6633f50a-7046-4b08-9937-8e25f1b14b15: start FollowerState
2019-10-18 07:24:00,672 [Thread-9927] INFO  impl.FollowerState (FollowerState.java:run(117)) - 67270882-100a-4e75-928d-618d17e069c8@group-0C9C3B2D0CC1-FollowerState was interrupted: java.lang.InterruptedException: sleep interrupted
2019-10-18 07:24:00,672 [grpc-default-executor-11] INFO  impl.RoleInfo (RoleInfo.java:updateAndGet(143)) - 67270882-100a-4e75-928d-618d17e069c8: start FollowerState
2019-10-18 07:24:00,697 [4dea926d-4bc6-487a-9b9b-9fd457d0fae4@group-0C9C3B2D0CC1-LeaderElection1112] INFO  impl.LeaderElection (LeaderElection.java:logAndReturn(56)) - 4dea926d-4bc6-487a-9b9b-9fd457d0fae4@group-0C9C3B2D0CC1-LeaderElection1112: Election REJECTED; received 2 response(s) [4dea926d-4bc6-487a-9b9b-9fd457d0fae4<-6633f50a-7046-4b08-9937-8e25f1b14b15#0:FAIL-t89, 4dea926d-4bc6-487a-9b9b-9fd457d0fae4<-67270882-100a-4e75-928d-618d17e069c8#0:FAIL-t89] and 0 exception(s); 4dea926d-4bc6-487a-9b9b-9fd457d0fae4@group-0C9C3B2D0CC1:t89, leader=null, voted=4dea926d-4bc6-487a-9b9b-9fd457d0fae4, raftlog=4dea926d-4bc6-487a-9b9b-9fd457d0fae4@group-0C9C3B2D0CC1-SegmentedRaftLog:OPENED:c-1,f-1,i0, conf=-1: [6633f50a-7046-4b08-9937-8e25f1b14b15:192.168.34.25:39338, 67270882-100a-4e75-928d-618d17e069c8:192.168.34.25:36648, 4dea926d-4bc6-487a-9b9b-9fd457d0fae4:192.168.34.25:41624], old=null
2019-10-18 07:24:00,697 [4dea926d-4bc6-487a-9b9b-9fd457d0fae4@group-0C9C3B2D0CC1-LeaderElection1112] INFO  impl.RaftServerImpl (RaftServerImpl.java:setRole(184)) - 4dea926d-4bc6-487a-9b9b-9fd457d0fae4@group-0C9C3B2D0CC1: changes role from CANDIDATE to FOLLOWER at term 89 for DISCOVERED_A_NEW_TERM
2019-10-18 07:24:00,697 [4dea926d-4bc6-487a-9b9b-9fd457d0fae4@group-0C9C3B2D0CC1-LeaderElection1112] INFO  impl.RoleInfo (RoleInfo.java:shutdownLeaderElection(134)) - 4dea926d-4bc6-487a-9b9b-9fd457d0fae4: shutdown LeaderElection
2019-10-18 07:24:00,697 [4dea926d-4bc6-487a-9b9b-9fd457d0fae4@group-0C9C3B2D0CC1-LeaderElection1112] INFO  impl.RoleInfo (RoleInfo.java:updateAndGet(143)) - 4dea926d-4bc6-487a-9b9b-9fd457d0fae4: start FollowerState
2019-10-18 07:24:00,738 [Thread-9944] INFO  impl.FollowerState (FollowerState.java:run(108)) - 4dea926d-4bc6-487a-9b9b-9fd457d0fae4@group-0C9C3B2D0CC1-FollowerState: change to CANDIDATE, lastRpcTime:40ms, electionTimeout:40ms
2019-10-18 07:24:00,738 [Thread-9944] INFO  impl.RoleInfo (RoleInfo.java:shutdownFollowerState(121)) - 4dea926d-4bc6-487a-9b9b-9fd457d0fae4: shutdown FollowerState
2019-10-18 07:24:00,738 [Thread-9944] INFO  impl.RaftServerImpl (RaftServerImpl.java:setRole(184)) - 4dea926d-4bc6-487a-9b9b-9fd457d0fae4@group-0C9C3B2D0CC1: changes role from  FOLLOWER to CANDIDATE at term 89 for changeToCandidate
2019-10-18 07:24:00,738 [Thread-9944] INFO  impl.RoleInfo (RoleInfo.java:updateAndGet(143)) - 4dea926d-4bc6-487a-9b9b-9fd457d0fae4: start LeaderElection
2019-10-18 07:24:00,764 [4dea926d-4bc6-487a-9b9b-9fd457d0fae4@group-0C9C3B2D0CC1-LeaderElection1113] INFO  impl.LeaderElection (LeaderElection.java:askForVotes(178)) - 4dea926d-4bc6-487a-9b9b-9fd457d0fae4@group-0C9C3B2D0CC1-LeaderElection1113: begin an election at term 90 for -1: [6633f50a-7046-4b08-9937-8e25f1b14b15:192.168.34.25:39338, 67270882-100a-4e75-928d-618d17e069c8:192.168.34.25:36648, 4dea926d-4bc6-487a-9b9b-9fd457d0fae4:192.168.34.25:41624], old=null
2019-10-18 07:24:00,765 [grpc-default-executor-14] INFO  impl.RaftServerImpl (RaftServerImpl.java:setRole(184)) - 6633f50a-7046-4b08-9937-8e25f1b14b15@group-0C9C3B2D0CC1: changes role from  FOLLOWER to FOLLOWER at term 90 for recognizeCandidate:4dea926d-4bc6-487a-9b9b-9fd457d0fae4
2019-10-18 07:24:00,766 [grpc-default-executor-14] INFO  impl.RoleInfo (RoleInfo.java:shutdownFollowerState(121)) - 6633f50a-7046-4b08-9937-8e25f1b14b15: shutdown FollowerState
2019-10-18 07:24:00,766 [grpc-default-executor-14] INFO  impl.RoleInfo (RoleInfo.java:updateAndGet(143)) - 6633f50a-7046-4b08-9937-8e25f1b14b15: start FollowerState
2019-10-18 07:24:00,766 [Thread-9942] INFO  impl.FollowerState (FollowerState.java:run(117)) - 6633f50a-7046-4b08-9937-8e25f1b14b15@group-0C9C3B2D0CC1-FollowerState was interrupted: java.lang.InterruptedException: sleep interrupted
2019-10-18 07:24:00,766 [grpc-default-executor-11] INFO  impl.RaftServerImpl (RaftServerImpl.java:setRole(184)) - 67270882-100a-4e75-928d-618d17e069c8@group-0C9C3B2D0CC1: changes role from  FOLLOWER to FOLLOWER at term 90 for recognizeCandidate:4dea926d-4bc6-487a-9b9b-9fd457d0fae4
2019-10-18 07:24:00,766 [grpc-default-executor-11] INFO  impl.RoleInfo (RoleInfo.java:shutdownFollowerState(121)) - 67270882-100a-4e75-928d-618d17e069c8: shutdown FollowerState
2019-10-18 07:24:00,766 [grpc-default-executor-11] INFO  impl.RoleInfo (RoleInfo.java:updateAndGet(143)) - 67270882-100a-4e75-928d-618d17e069c8: start FollowerState
2019-10-18 07:24:00,766 [Thread-9943] INFO  impl.FollowerState (FollowerState.java:run(117)) - 67270882-100a-4e75-928d-618d17e069c8@group-0C9C3B2D0CC1-FollowerState was interrupted: java.lang.InterruptedException: sleep interrupted
2019-10-18 07:24:00,790 [4dea926d-4bc6-487a-9b9b-9fd457d0fae4@group-0C9C3B2D0CC1-LeaderElection1113] INFO  impl.LeaderElection (LeaderElection.java:logAndReturn(56)) - 4dea926d-4bc6-487a-9b9b-9fd457d0fae4@group-0C9C3B2D0CC1-LeaderElection1113: Election REJECTED; received 2 response(s) [4dea926d-4bc6-487a-9b9b-9fd457d0fae4<-6633f50a-7046-4b08-9937-8e25f1b14b15#0:FAIL-t90, 4dea926d-4bc6-487a-9b9b-9fd457d0fae4<-67270882-100a-4e75-928d-618d17e069c8#0:FAIL-t90] and 0 exception(s); 4dea926d-4bc6-487a-9b9b-9fd457d0fae4@group-0C9C3B2D0CC1:t90, leader=null, voted=4dea926d-4bc6-487a-9b9b-9fd457d0fae4, raftlog=4dea926d-4bc6-487a-9b9b-9fd457d0fae4@group-0C9C3B2D0CC1-SegmentedRaftLog:OPENED:c-1,f-1,i0, conf=-1: [6633f50a-7046-4b08-9937-8e25f1b14b15:192.168.34.25:39338, 67270882-100a-4e75-928d-618d17e069c8:192.168.34.25:36648, 4dea926d-4bc6-487a-9b9b-9fd457d0fae4:192.168.34.25:41624], old=null
2019-10-18 07:24:00,790 [4dea926d-4bc6-487a-9b9b-9fd457d0fae4@group-0C9C3B2D0CC1-LeaderElection1113] INFO  impl.RaftServerImpl (RaftServerImpl.java:setRole(184)) - 4dea926d-4bc6-487a-9b9b-9fd457d0fae4@group-0C9C3B2D0CC1: changes role from CANDIDATE to FOLLOWER at term 90 for DISCOVERED_A_NEW_TERM
2019-10-18 07:24:00,790 [4dea926d-4bc6-487a-9b9b-9fd457d0fae4@group-0C9C3B2D0CC1-LeaderElection1113] INFO  impl.RoleInfo (RoleInfo.java:shutdownLeaderElection(134)) - 4dea926d-4bc6-487a-9b9b-9fd457d0fae4: shutdown LeaderElection
2019-10-18 07:24:00,790 [4dea926d-4bc6-487a-9b9b-9fd457d0fae4@group-0C9C3B2D0CC1-LeaderElection1113] INFO  impl.RoleInfo (RoleInfo.java:updateAndGet(143)) - 4dea926d-4bc6-487a-9b9b-9fd457d0fae4: start FollowerState
2019-10-18 07:24:00,863 [Thread-9941] INFO  impl.FollowerState (FollowerState.java:run(108)) - 12ad0800-05cb-443c-9fdd-fa1debf04523@group-BCB82A5C07F5-FollowerState: change to CANDIDATE, lastRpcTime:191ms, electionTimeout:191ms
2019-10-18 07:24:00,863 [Thread-9941] INFO  impl.RoleInfo (RoleInfo.java:shutdownFollowerState(121)) - 12ad0800-05cb-443c-9fdd-fa1debf04523: shutdown FollowerState
2019-10-18 07:24:00,863 [Thread-9941] INFO  impl.RaftServerImpl (RaftServerImpl.java:setRole(184)) - 12ad0800-05cb-443c-9fdd-fa1debf04523@group-BCB82A5C07F5: changes role from  FOLLOWER to CANDIDATE at term 102 for changeToCandidate
2019-10-18 07:24:00,863 [Thread-9941] INFO  impl.RoleInfo (RoleInfo.java:updateAndGet(143)) - 12ad0800-05cb-443c-9fdd-fa1debf04523: start LeaderElection
2019-10-18 07:24:00,955 [Thread-9950] INFO  impl.FollowerState (FollowerState.java:run(108)) - 4dea926d-4bc6-487a-9b9b-9fd457d0fae4@group-0C9C3B2D0CC1-FollowerState: change to CANDIDATE, lastRpcTime:164ms, electionTimeout:164ms
2019-10-18 07:24:00,955 [Thread-9950] INFO  impl.RoleInfo (RoleInfo.java:shutdownFollowerState(121)) - 4dea926d-4bc6-487a-9b9b-9fd457d0fae4: shutdown FollowerState
2019-10-18 07:24:00,955 [Thread-9950] INFO  impl.RaftServerImpl (RaftServerImpl.java:setRole(184)) - 4dea926d-4bc6-487a-9b9b-9fd457d0fae4@group-0C9C3B2D0CC1: changes role from  FOLLOWER to CANDIDATE at term 90 for changeToCandidate
2019-10-18 07:24:00,955 [Thread-9950] INFO  impl.RoleInfo (RoleInfo.java:updateAndGet(143)) - 4dea926d-4bc6-487a-9b9b-9fd457d0fae4: start LeaderElection
2019-10-18 07:24:00,958 [12ad0800-05cb-443c-9fdd-fa1debf04523@group-BCB82A5C07F5-LeaderElection1114] INFO  impl.LeaderElection (LeaderElection.java:askForVotes(178)) - 12ad0800-05cb-443c-9fdd-fa1debf04523@group-BCB82A5C07F5-LeaderElection1114: begin an election at term 103 for -1: [12ad0800-05cb-443c-9fdd-fa1debf04523:192.168.34.25:41155, 5170c5f3-8499-4b42-9321-85fc8a351f79:192.168.34.25:43074, 0b10a9fc-47eb-4a2b-b664-8273d9d17379:192.168.34.25:45248], old=null
2019-10-18 07:24:00,959 [grpc-default-executor-14] INFO  impl.RaftServerImpl (RaftServerImpl.java:setRole(184)) - 5170c5f3-8499-4b42-9321-85fc8a351f79@group-BCB82A5C07F5: changes role from  FOLLOWER to FOLLOWER at term 103 for recognizeCandidate:12ad0800-05cb-443c-9fdd-fa1debf04523
2019-10-18 07:24:00,959 [grpc-default-executor-14] INFO  impl.RoleInfo (RoleInfo.java:shutdownFollowerState(121)) - 5170c5f3-8499-4b42-9321-85fc8a351f79: shutdown FollowerState
2019-10-18 07:24:00,959 [grpc-default-executor-11] INFO  impl.RaftServerImpl (RaftServerImpl.java:setRole(184)) - 0b10a9fc-47eb-4a2b-b664-8273d9d17379@group-BCB82A5C07F5: changes role from  FOLLOWER to FOLLOWER at term 103 for recognizeCandidate:12ad0800-05cb-443c-9fdd-fa1debf04523
2019-10-18 07:24:00,959 [grpc-default-executor-11] INFO  impl.RoleInfo (RoleInfo.java:shutdownFollowerState(121)) - 0b10a9fc-47eb-4a2b-b664-8273d9d17379: shutdown FollowerState
2019-10-18 07:24:00,959 [Thread-9937] INFO  impl.FollowerState (FollowerState.java:run(117)) - 5170c5f3-8499-4b42-9321-85fc8a351f79@group-BCB82A5C07F5-FollowerState was interrupted: java.lang.InterruptedException: sleep interrupted
2019-10-18 07:24:00,959 [grpc-default-executor-14] INFO  impl.RoleInfo (RoleInfo.java:updateAndGet(143)) - 5170c5f3-8499-4b42-9321-85fc8a351f79: start FollowerState
2019-10-18 07:24:00,960 [grpc-default-executor-11] INFO  impl.RoleInfo (RoleInfo.java:updateAndGet(143)) - 0b10a9fc-47eb-4a2b-b664-8273d9d17379: start FollowerState
2019-10-18 07:24:00,960 [Thread-9938] INFO  impl.FollowerState (FollowerState.java:run(117)) - 0b10a9fc-47eb-4a2b-b664-8273d9d17379@group-BCB82A5C07F5-FollowerState was interrupted: java.lang.InterruptedException: sleep interrupted
2019-10-18 07:24:00,984 [4dea926d-4bc6-487a-9b9b-9fd457d0fae4@group-0C9C3B2D0CC1-LeaderElection1115] INFO  impl.LeaderElection (LeaderElection.java:askForVotes(178)) - 4dea926d-4bc6-487a-9b9b-9fd457d0fae4@group-0C9C3B2D0CC1-LeaderElection1115: begin an election at term 91 for -1: [6633f50a-7046-4b08-9937-8e25f1b14b15:192.168.34.25:39338, 67270882-100a-4e75-928d-618d17e069c8:192.168.34.25:36648, 4dea926d-4bc6-487a-9b9b-9fd457d0fae4:192.168.34.25:41624], old=null
2019-10-18 07:24:00,984 [12ad0800-05cb-443c-9fdd-fa1debf04523@group-BCB82A5C07F5-LeaderElection1114] INFO  impl.LeaderElection (LeaderElection.java:logAndReturn(56)) - 12ad0800-05cb-443c-9fdd-fa1debf04523@group-BCB82A5C07F5-LeaderElection1114: Election REJECTED; received 2 response(s) [12ad0800-05cb-443c-9fdd-fa1debf04523<-5170c5f3-8499-4b42-9321-85fc8a351f79#0:FAIL-t103, 12ad0800-05cb-443c-9fdd-fa1debf04523<-0b10a9fc-47eb-4a2b-b664-8273d9d17379#0:FAIL-t103] and 0 exception(s); 12ad0800-05cb-443c-9fdd-fa1debf04523@group-BCB82A5C07F5:t103, leader=null, voted=12ad0800-05cb-443c-9fdd-fa1debf04523, raftlog=12ad0800-05cb-443c-9fdd-fa1debf04523@group-BCB82A5C07F5-SegmentedRaftLog:OPENED:c-1,f-1,i0, conf=-1: [12ad0800-05cb-443c-9fdd-fa1debf04523:192.168.34.25:41155, 5170c5f3-8499-4b42-9321-85fc8a351f79:192.168.34.25:43074, 0b10a9fc-47eb-4a2b-b664-8273d9d17379:192.168.34.25:45248], old=null
2019-10-18 07:24:00,984 [12ad0800-05cb-443c-9fdd-fa1debf04523@group-BCB82A5C07F5-LeaderElection1114] INFO  impl.RaftServerImpl (RaftServerImpl.java:setRole(184)) - 12ad0800-05cb-443c-9fdd-fa1debf04523@group-BCB82A5C07F5: changes role from CANDIDATE to FOLLOWER at term 103 for DISCOVERED_A_NEW_TERM
2019-10-18 07:24:00,984 [12ad0800-05cb-443c-9fdd-fa1debf04523@group-BCB82A5C07F5-LeaderElection1114] INFO  impl.RoleInfo (RoleInfo.java:shutdownLeaderElection(134)) - 12ad0800-05cb-443c-9fdd-fa1debf04523: shutdown LeaderElection
2019-10-18 07:24:00,984 [12ad0800-05cb-443c-9fdd-fa1debf04523@group-BCB82A5C07F5-LeaderElection1114] INFO  impl.RoleInfo (RoleInfo.java:updateAndGet(143)) - 12ad0800-05cb-443c-9fdd-fa1debf04523: start FollowerState
2019-10-18 07:24:00,985 [grpc-default-executor-11] INFO  impl.RaftServerImpl (RaftServerImpl.java:setRole(184)) - 6633f50a-7046-4b08-9937-8e25f1b14b15@group-0C9C3B2D0CC1: changes role from  FOLLOWER to FOLLOWER at term 91 for recognizeCandidate:4dea926d-4bc6-487a-9b9b-9fd457d0fae4
2019-10-18 07:24:00,985 [grpc-default-executor-11] INFO  impl.RoleInfo (RoleInfo.java:shutdownFollowerState(121)) - 6633f50a-7046-4b08-9937-8e25f1b14b15: shutdown FollowerState
2019-10-18 07:24:00,985 [grpc-default-executor-14] INFO  impl.RaftServerImpl (RaftServerImpl.java:setRole(184)) - 67270882-100a-4e75-928d-618d17e069c8@group-0C9C3B2D0CC1: changes role from  FOLLOWER to FOLLOWER at term 91 for recognizeCandidate:4dea926d-4bc6-487a-9b9b-9fd457d0fae4
2019-10-18 07:24:00,985 [grpc-default-executor-14] INFO  impl.RoleInfo (RoleInfo.java:shutdownFollowerState(121)) - 67270882-100a-4e75-928d-618d17e069c8: shutdown FollowerState
2019-10-18 07:24:00,985 [Thread-9948] INFO  impl.FollowerState (FollowerState.java:run(117)) - 6633f50a-7046-4b08-9937-8e25f1b14b15@group-0C9C3B2D0CC1-FollowerState was interrupted: java.lang.InterruptedException: sleep interrupted
2019-10-18 07:24:00,985 [grpc-default-executor-11] INFO  impl.RoleInfo (RoleInfo.java:updateAndGet(143)) - 6633f50a-7046-4b08-9937-8e25f1b14b15: start FollowerState
2019-10-18 07:24:00,985 [Thread-9949] INFO  impl.FollowerState (FollowerState.java:run(117)) - 67270882-100a-4e75-928d-618d17e069c8@group-0C9C3B2D0CC1-FollowerState was interrupted: java.lang.InterruptedException: sleep interrupted
2019-10-18 07:24:00,985 [grpc-default-executor-14] INFO  impl.RoleInfo (RoleInfo.java:updateAndGet(143)) - 67270882-100a-4e75-928d-618d17e069c8: start FollowerState
2019-10-18 07:24:01,010 [4dea926d-4bc6-487a-9b9b-9fd457d0fae4@group-0C9C3B2D0CC1-LeaderElection1115] INFO  impl.LeaderElection (LeaderElection.java:logAndReturn(56)) - 4dea926d-4bc6-487a-9b9b-9fd457d0fae4@group-0C9C3B2D0CC1-LeaderElection1115: Election REJECTED; received 2 response(s) [4dea926d-4bc6-487a-9b9b-9fd457d0fae4<-6633f50a-7046-4b08-9937-8e25f1b14b15#0:FAIL-t91, 4dea926d-4bc6-487a-9b9b-9fd457d0fae4<-67270882-100a-4e75-928d-618d17e069c8#0:FAIL-t91] and 0 exception(s); 4dea926d-4bc6-487a-9b9b-9fd457d0fae4@group-0C9C3B2D0CC1:t91, leader=null, voted=4dea926d-4bc6-487a-9b9b-9fd457d0fae4, raftlog=4dea926d-4bc6-487a-9b9b-9fd457d0fae4@group-0C9C3B2D0CC1-SegmentedRaftLog:OPENED:c-1,f-1,i0, conf=-1: [6633f50a-7046-4b08-9937-8e25f1b14b15:192.168.34.25:39338, 67270882-100a-4e75-928d-618d17e069c8:192.168.34.25:36648, 4dea926d-4bc6-487a-9b9b-9fd457d0fae4:192.168.34.25:41624], old=null
2019-10-18 07:24:01,010 [4dea926d-4bc6-487a-9b9b-9fd457d0fae4@group-0C9C3B2D0CC1-LeaderElection1115] INFO  impl.RaftServerImpl (RaftServerImpl.java:setRole(184)) - 4dea926d-4bc6-487a-9b9b-9fd457d0fae4@group-0C9C3B2D0CC1: changes role from CANDIDATE to FOLLOWER at term 91 for DISCOVERED_A_NEW_TERM
2019-10-18 07:24:01,010 [4dea926d-4bc6-487a-9b9b-9fd457d0fae4@group-0C9C3B2D0CC1-LeaderElection1115] INFO  impl.RoleInfo (RoleInfo.java:shutdownLeaderElection(134)) - 4dea926d-4bc6-487a-9b9b-9fd457d0fae4: shutdown LeaderElection
2019-10-18 07:24:01,010 [4dea926d-4bc6-487a-9b9b-9fd457d0fae4@group-0C9C3B2D0CC1-LeaderElection1115] INFO  impl.RoleInfo (RoleInfo.java:updateAndGet(143)) - 4dea926d-4bc6-487a-9b9b-9fd457d0fae4: start FollowerState
2019-10-18 07:24:01,050 [Thread-9962] INFO  impl.FollowerState (FollowerState.java:run(108)) - 4dea926d-4bc6-487a-9b9b-9fd457d0fae4@group-0C9C3B2D0CC1-FollowerState: change to CANDIDATE, lastRpcTime:40ms, electionTimeout:40ms
2019-10-18 07:24:01,050 [Thread-9962] INFO  impl.RoleInfo (RoleInfo.java:shutdownFollowerState(121)) - 4dea926d-4bc6-487a-9b9b-9fd457d0fae4: shutdown FollowerState
2019-10-18 07:24:01,051 [Thread-9962] INFO  impl.RaftServerImpl (RaftServerImpl.java:setRole(184)) - 4dea926d-4bc6-487a-9b9b-9fd457d0fae4@group-0C9C3B2D0CC1: changes role from  FOLLOWER to CANDIDATE at term 91 for changeToCandidate
2019-10-18 07:24:01,051 [Thread-9962] INFO  impl.RoleInfo (RoleInfo.java:updateAndGet(143)) - 4dea926d-4bc6-487a-9b9b-9fd457d0fae4: start LeaderElection
2019-10-18 07:24:01,077 [4dea926d-4bc6-487a-9b9b-9fd457d0fae4@group-0C9C3B2D0CC1-LeaderElection1116] INFO  impl.LeaderElection (LeaderElection.java:askForVotes(178)) - 4dea926d-4bc6-487a-9b9b-9fd457d0fae4@group-0C9C3B2D0CC1-LeaderElection1116: begin an election at term 92 for -1: [6633f50a-7046-4b08-9937-8e25f1b14b15:192.168.34.25:39338, 67270882-100a-4e75-928d-618d17e069c8:192.168.34.25:36648, 4dea926d-4bc6-487a-9b9b-9fd457d0fae4:192.168.34.25:41624], old=null
2019-10-18 07:24:01,078 [grpc-default-executor-11] INFO  impl.RaftServerImpl (RaftServerImpl.java:setRole(184)) - 6633f50a-7046-4b08-9937-8e25f1b14b15@group-0C9C3B2D0CC1: changes role from  FOLLOWER to FOLLOWER at term 92 for recognizeCandidate:4dea926d-4bc6-487a-9b9b-9fd457d0fae4
2019-10-18 07:24:01,078 [grpc-default-executor-11] INFO  impl.RoleInfo (RoleInfo.java:shutdownFollowerState(121)) - 6633f50a-7046-4b08-9937-8e25f1b14b15: shutdown FollowerState
2019-10-18 07:24:01,078 [grpc-default-executor-14] INFO  impl.RaftServerImpl (RaftServerImpl.java:setRole(184)) - 67270882-100a-4e75-928d-618d17e069c8@group-0C9C3B2D0CC1: changes role from  FOLLOWER to FOLLOWER at term 92 for recognizeCandidate:4dea926d-4bc6-487a-9b9b-9fd457d0fae4
2019-10-18 07:24:01,078 [grpc-default-executor-14] INFO  impl.RoleInfo (RoleInfo.java:shutdownFollowerState(121)) - 67270882-100a-4e75-928d-618d17e069c8: shutdown FollowerState
2019-10-18 07:24:01,078 [Thread-9960] INFO  impl.FollowerState (FollowerState.java:run(117)) - 6633f50a-7046-4b08-9937-8e25f1b14b15@group-0C9C3B2D0CC1-FollowerState was interrupted: java.lang.InterruptedException: sleep interrupted
2019-10-18 07:24:01,078 [grpc-default-executor-11] INFO  impl.RoleInfo (RoleInfo.java:updateAndGet(143)) - 6633f50a-7046-4b08-9937-8e25f1b14b15: start FollowerState
2019-10-18 07:24:01,078 [Thread-9961] INFO  impl.FollowerState (FollowerState.java:run(117)) - 67270882-100a-4e75-928d-618d17e069c8@group-0C9C3B2D0CC1-FollowerState was interrupted: java.lang.InterruptedException: sleep interrupted
2019-10-18 07:24:01,078 [grpc-default-executor-14] INFO  impl.RoleInfo (RoleInfo.java:updateAndGet(143)) - 67270882-100a-4e75-928d-618d17e069c8: start FollowerState
2019-10-18 07:24:01,097 [Thread-9959] INFO  impl.FollowerState (FollowerState.java:run(108)) - 12ad0800-05cb-443c-9fdd-fa1debf04523@group-BCB82A5C07F5-FollowerState: change to CANDIDATE, lastRpcTime:112ms, electionTimeout:112ms
2019-10-18 07:24:01,097 [Thread-9959] INFO  impl.RoleInfo (RoleInfo.java:shutdownFollowerState(121)) - 12ad0800-05cb-443c-9fdd-fa1debf04523: shutdown FollowerState
2019-10-18 07:24:01,098 [Thread-9959] INFO  impl.RaftServerImpl (RaftServerImpl.java:setRole(184)) - 12ad0800-05cb-443c-9fdd-fa1debf04523@group-BCB82A5C07F5: changes role from  FOLLOWER to CANDIDATE at term 103 for changeToCandidate
2019-10-18 07:24:01,098 [Thread-9959] INFO  impl.RoleInfo (RoleInfo.java:updateAndGet(143)) - 12ad0800-05cb-443c-9fdd-fa1debf04523: start LeaderElection
2019-10-18 07:24:01,103 [4dea926d-4bc6-487a-9b9b-9fd457d0fae4@group-0C9C3B2D0CC1-LeaderElection1116] INFO  impl.LeaderElection (LeaderElection.java:logAndReturn(56)) - 4dea926d-4bc6-487a-9b9b-9fd457d0fae4@group-0C9C3B2D0CC1-LeaderElection1116: Election REJECTED; received 2 response(s) [4dea926d-4bc6-487a-9b9b-9fd457d0fae4<-6633f50a-7046-4b08-9937-8e25f1b14b15#0:FAIL-t92, 4dea926d-4bc6-487a-9b9b-9fd457d0fae4<-67270882-100a-4e75-928d-618d17e069c8#0:FAIL-t92] and 0 exception(s); 4dea926d-4bc6-487a-9b9b-9fd457d0fae4@group-0C9C3B2D0CC1:t92, leader=null, voted=4dea926d-4bc6-487a-9b9b-9fd457d0fae4, raftlog=4dea926d-4bc6-487a-9b9b-9fd457d0fae4@group-0C9C3B2D0CC1-SegmentedRaftLog:OPENED:c-1,f-1,i0, conf=-1: [6633f50a-7046-4b08-9937-8e25f1b14b15:192.168.34.25:39338, 67270882-100a-4e75-928d-618d17e069c8:192.168.34.25:36648, 4dea926d-4bc6-487a-9b9b-9fd457d0fae4:192.168.34.25:41624], old=null
2019-10-18 07:24:01,103 [4dea926d-4bc6-487a-9b9b-9fd457d0fae4@group-0C9C3B2D0CC1-LeaderElection1116] INFO  impl.RaftServerImpl (RaftServerImpl.java:setRole(184)) - 4dea926d-4bc6-487a-9b9b-9fd457d0fae4@group-0C9C3B2D0CC1: changes role from CANDIDATE to FOLLOWER at term 92 for DISCOVERED_A_NEW_TERM
2019-10-18 07:24:01,103 [4dea926d-4bc6-487a-9b9b-9fd457d0fae4@group-0C9C3B2D0CC1-LeaderElection1116] INFO  impl.RoleInfo (RoleInfo.java:shutdownLeaderElection(134)) - 4dea926d-4bc6-487a-9b9b-9fd457d0fae4: shutdown LeaderElection
2019-10-18 07:24:01,103 [4dea926d-4bc6-487a-9b9b-9fd457d0fae4@group-0C9C3B2D0CC1-LeaderElection1116] INFO  impl.RoleInfo (RoleInfo.java:updateAndGet(143)) - 4dea926d-4bc6-487a-9b9b-9fd457d0fae4: start FollowerState
2019-10-18 07:24:01,128 [12ad0800-05cb-443c-9fdd-fa1debf04523@group-BCB82A5C07F5-LeaderElection1117] INFO  impl.LeaderElection (LeaderElection.java:askForVotes(178)) - 12ad0800-05cb-443c-9fdd-fa1debf04523@group-BCB82A5C07F5-LeaderElection1117: begin an election at term 104 for -1: [12ad0800-05cb-443c-9fdd-fa1debf04523:192.168.34.25:41155, 5170c5f3-8499-4b42-9321-85fc8a351f79:192.168.34.25:43074, 0b10a9fc-47eb-4a2b-b664-8273d9d17379:192.168.34.25:45248], old=null
2019-10-18 07:24:01,129 [grpc-default-executor-14] INFO  impl.RaftServerImpl (RaftServerImpl.java:setRole(184)) - 5170c5f3-8499-4b42-9321-85fc8a351f79@group-BCB82A5C07F5: changes role from  FOLLOWER to FOLLOWER at term 104 for recognizeCandidate:12ad0800-05cb-443c-9fdd-fa1debf04523
2019-10-18 07:24:01,129 [grpc-default-executor-11] INFO  impl.RaftServerImpl (RaftServerImpl.java:setRole(184)) - 0b10a9fc-47eb-4a2b-b664-8273d9d17379@group-BCB82A5C07F5: changes role from  FOLLOWER to FOLLOWER at term 104 for recognizeCandidate:12ad0800-05cb-443c-9fdd-fa1debf04523
2019-10-18 07:24:01,129 [grpc-default-executor-14] INFO  impl.RoleInfo (RoleInfo.java:shutdownFollowerState(121)) - 5170c5f3-8499-4b42-9321-85fc8a351f79: shutdown FollowerState
2019-10-18 07:24:01,129 [grpc-default-executor-11] INFO  impl.RoleInfo (RoleInfo.java:shutdownFollowerState(121)) - 0b10a9fc-47eb-4a2b-b664-8273d9d17379: shutdown FollowerState
2019-10-18 07:24:01,129 [Thread-9955] INFO  impl.FollowerState (FollowerState.java:run(117)) - 5170c5f3-8499-4b42-9321-85fc8a351f79@group-BCB82A5C07F5-FollowerState was interrupted: java.lang.InterruptedException: sleep interrupted
2019-10-18 07:24:01,129 [grpc-default-executor-14] INFO  impl.RoleInfo (RoleInfo.java:updateAndGet(143)) - 5170c5f3-8499-4b42-9321-85fc8a351f79: start FollowerState
2019-10-18 07:24:01,129 [Thread-9956] INFO  impl.FollowerState (FollowerState.java:run(117)) - 0b10a9fc-47eb-4a2b-b664-8273d9d17379@group-BCB82A5C07F5-FollowerState was interrupted: java.lang.InterruptedException: sleep interrupted
2019-10-18 07:24:01,129 [grpc-default-executor-11] INFO  impl.RoleInfo (RoleInfo.java:updateAndGet(143)) - 0b10a9fc-47eb-4a2b-b664-8273d9d17379: start FollowerState
2019-10-18 07:24:01,154 [12ad0800-05cb-443c-9fdd-fa1debf04523@group-BCB82A5C07F5-LeaderElection1117] INFO  impl.LeaderElection (LeaderElection.java:logAndReturn(56)) - 12ad0800-05cb-443c-9fdd-fa1debf04523@group-BCB82A5C07F5-LeaderElection1117: Election REJECTED; received 2 response(s) [12ad0800-05cb-443c-9fdd-fa1debf04523<-5170c5f3-8499-4b42-9321-85fc8a351f79#0:FAIL-t104, 12ad0800-05cb-443c-9fdd-fa1debf04523<-0b10a9fc-47eb-4a2b-b664-8273d9d17379#0:FAIL-t104] and 0 exception(s); 12ad0800-05cb-443c-9fdd-fa1debf04523@group-BCB82A5C07F5:t104, leader=null, voted=12ad0800-05cb-443c-9fdd-fa1debf04523, raftlog=12ad0800-05cb-443c-9fdd-fa1debf04523@group-BCB82A5C07F5-SegmentedRaftLog:OPENED:c-1,f-1,i0, conf=-1: [12ad0800-05cb-443c-9fdd-fa1debf04523:192.168.34.25:41155, 5170c5f3-8499-4b42-9321-85fc8a351f79:192.168.34.25:43074, 0b10a9fc-47eb-4a2b-b664-8273d9d17379:192.168.34.25:45248], old=null
2019-10-18 07:24:01,154 [12ad0800-05cb-443c-9fdd-fa1debf04523@group-BCB82A5C07F5-LeaderElection1117] INFO  impl.RaftServerImpl (RaftServerImpl.java:setRole(184)) - 12ad0800-05cb-443c-9fdd-fa1debf04523@group-BCB82A5C07F5: changes role from CANDIDATE to FOLLOWER at term 104 for DISCOVERED_A_NEW_TERM
2019-10-18 07:24:01,154 [12ad0800-05cb-443c-9fdd-fa1debf04523@group-BCB82A5C07F5-LeaderElection1117] INFO  impl.RoleInfo (RoleInfo.java:shutdownLeaderElection(134)) - 12ad0800-05cb-443c-9fdd-fa1debf04523: shutdown LeaderElection
2019-10-18 07:24:01,154 [12ad0800-05cb-443c-9fdd-fa1debf04523@group-BCB82A5C07F5-LeaderElection1117] INFO  impl.RoleInfo (RoleInfo.java:updateAndGet(143)) - 12ad0800-05cb-443c-9fdd-fa1debf04523: start FollowerState
2019-10-18 07:24:01,196 [Thread-9971] INFO  impl.FollowerState (FollowerState.java:run(108)) - 4dea926d-4bc6-487a-9b9b-9fd457d0fae4@group-0C9C3B2D0CC1-FollowerState: change to CANDIDATE, lastRpcTime:93ms, electionTimeout:93ms
2019-10-18 07:24:01,196 [Thread-9971] INFO  impl.RoleInfo (RoleInfo.java:shutdownFollowerState(121)) - 4dea926d-4bc6-487a-9b9b-9fd457d0fae4: shutdown FollowerState
2019-10-18 07:24:01,196 [Thread-9971] INFO  impl.RaftServerImpl (RaftServerImpl.java:setRole(184)) - 4dea926d-4bc6-487a-9b9b-9fd457d0fae4@group-0C9C3B2D0CC1: changes role from  FOLLOWER to CANDIDATE at term 92 for changeToCandidate
2019-10-18 07:24:01,196 [Thread-9971] INFO  impl.RoleInfo (RoleInfo.java:updateAndGet(143)) - 4dea926d-4bc6-487a-9b9b-9fd457d0fae4: start LeaderElection
2019-10-18 07:24:01,221 [4dea926d-4bc6-487a-9b9b-9fd457d0fae4@group-0C9C3B2D0CC1-LeaderElection1118] INFO  impl.LeaderElection (LeaderElection.java:askForVotes(178)) - 4dea926d-4bc6-487a-9b9b-9fd457d0fae4@group-0C9C3B2D0CC1-LeaderElection1118: begin an election at term 93 for -1: [6633f50a-7046-4b08-9937-8e25f1b14b15:192.168.34.25:39338, 67270882-100a-4e75-928d-618d17e069c8:192.168.34.25:36648, 4dea926d-4bc6-487a-9b9b-9fd457d0fae4:192.168.34.25:41624], old=null
2019-10-18 07:24:01,222 [grpc-default-executor-11] INFO  impl.RaftServerImpl (RaftServerImpl.java:setRole(184)) - 6633f50a-7046-4b08-9937-8e25f1b14b15@group-0C9C3B2D0CC1: changes role from  FOLLOWER to FOLLOWER at term 93 for recognizeCandidate:4dea926d-4bc6-487a-9b9b-9fd457d0fae4
2019-10-18 07:24:01,222 [grpc-default-executor-11] INFO  impl.RoleInfo (RoleInfo.java:shutdownFollowerState(121)) - 6633f50a-7046-4b08-9937-8e25f1b14b15: shutdown FollowerState
2019-10-18 07:24:01,222 [grpc-default-executor-14] INFO  impl.RaftServerImpl (RaftServerImpl.java:setRole(184)) - 67270882-100a-4e75-928d-618d17e069c8@group-0C9C3B2D0CC1: changes role from  FOLLOWER to FOLLOWER at term 93 for recognizeCandidate:4dea926d-4bc6-487a-9b9b-9fd457d0fae4
2019-10-18 07:24:01,222 [grpc-default-executor-14] INFO  impl.RoleInfo (RoleInfo.java:shutdownFollowerState(121)) - 67270882-100a-4e75-928d-618d17e069c8: shutdown FollowerState
2019-10-18 07:24:01,222 [Thread-9968] INFO  impl.FollowerState (FollowerState.java:run(117)) - 6633f50a-7046-4b08-9937-8e25f1b14b15@group-0C9C3B2D0CC1-FollowerState was interrupted: java.lang.InterruptedException: sleep interrupted
2019-10-18 07:24:01,223 [Thread-9969] INFO  impl.FollowerState (FollowerState.java:run(117)) - 67270882-100a-4e75-928d-618d17e069c8@group-0C9C3B2D0CC1-FollowerState was interrupted: java.lang.InterruptedException: sleep interrupted
2019-10-18 07:24:01,222 [grpc-default-executor-11] INFO  impl.RoleInfo (RoleInfo.java:updateAndGet(143)) - 6633f50a-7046-4b08-9937-8e25f1b14b15: start FollowerState
2019-10-18 07:24:01,223 [grpc-default-executor-14] INFO  impl.RoleInfo (RoleInfo.java:updateAndGet(143)) - 67270882-100a-4e75-928d-618d17e069c8: start FollowerState
2019-10-18 07:24:01,247 [4dea926d-4bc6-487a-9b9b-9fd457d0fae4@group-0C9C3B2D0CC1-LeaderElection1118] INFO  impl.LeaderElection (LeaderElection.java:logAndReturn(56)) - 4dea926d-4bc6-487a-9b9b-9fd457d0fae4@group-0C9C3B2D0CC1-LeaderElection1118: Election REJECTED; received 2 response(s) [4dea926d-4bc6-487a-9b9b-9fd457d0fae4<-6633f50a-7046-4b08-9937-8e25f1b14b15#0:FAIL-t93, 4dea926d-4bc6-487a-9b9b-9fd457d0fae4<-67270882-100a-4e75-928d-618d17e069c8#0:FAIL-t93] and 0 exception(s); 4dea926d-4bc6-487a-9b9b-9fd457d0fae4@group-0C9C3B2D0CC1:t93, leader=null, voted=4dea926d-4bc6-487a-9b9b-9fd457d0fae4, raftlog=4dea926d-4bc6-487a-9b9b-9fd457d0fae4@group-0C9C3B2D0CC1-SegmentedRaftLog:OPENED:c-1,f-1,i0, conf=-1: [6633f50a-7046-4b08-9937-8e25f1b14b15:192.168.34.25:39338, 67270882-100a-4e75-928d-618d17e069c8:192.168.34.25:36648, 4dea926d-4bc6-487a-9b9b-9fd457d0fae4:192.168.34.25:41624], old=null
2019-10-18 07:24:01,247 [4dea926d-4bc6-487a-9b9b-9fd457d0fae4@group-0C9C3B2D0CC1-LeaderElection1118] INFO  impl.RaftServerImpl (RaftServerImpl.java:setRole(184)) - 4dea926d-4bc6-487a-9b9b-9fd457d0fae4@group-0C9C3B2D0CC1: changes role from CANDIDATE to FOLLOWER at term 93 for DISCOVERED_A_NEW_TERM
2019-10-18 07:24:01,247 [4dea926d-4bc6-487a-9b9b-9fd457d0fae4@group-0C9C3B2D0CC1-LeaderElection1118] INFO  impl.RoleInfo (RoleInfo.java:shutdownLeaderElection(134)) - 4dea926d-4bc6-487a-9b9b-9fd457d0fae4: shutdown LeaderElection
2019-10-18 07:24:01,247 [4dea926d-4bc6-487a-9b9b-9fd457d0fae4@group-0C9C3B2D0CC1-LeaderElection1118] INFO  impl.RoleInfo (RoleInfo.java:updateAndGet(143)) - 4dea926d-4bc6-487a-9b9b-9fd457d0fae4: start FollowerState
2019-10-18 07:24:01,265 [Thread-9976] INFO  impl.FollowerState (FollowerState.java:run(108)) - 12ad0800-05cb-443c-9fdd-fa1debf04523@group-BCB82A5C07F5-FollowerState: change to CANDIDATE, lastRpcTime:111ms, electionTimeout:111ms
2019-10-18 07:24:01,265 [Thread-9976] INFO  impl.RoleInfo (RoleInfo.java:shutdownFollowerState(121)) - 12ad0800-05cb-443c-9fdd-fa1debf04523: shutdown FollowerState
2019-10-18 07:24:01,265 [Thread-9976] INFO  impl.RaftServerImpl (RaftServerImpl.java:setRole(184)) - 12ad0800-05cb-443c-9fdd-fa1debf04523@group-BCB82A5C07F5: changes role from  FOLLOWER to CANDIDATE at term 104 for changeToCandidate
2019-10-18 07:24:01,265 [Thread-9976] INFO  impl.RoleInfo (RoleInfo.java:updateAndGet(143)) - 12ad0800-05cb-443c-9fdd-fa1debf04523: start LeaderElection
2019-10-18 07:24:01,277 [Thread-9982] INFO  impl.FollowerState (FollowerState.java:run(108)) - 4dea926d-4bc6-487a-9b9b-9fd457d0fae4@group-0C9C3B2D0CC1-FollowerState: change to CANDIDATE, lastRpcTime:30ms, electionTimeout:30ms
2019-10-18 07:24:01,277 [Thread-9982] INFO  impl.RoleInfo (RoleInfo.java:shutdownFollowerState(121)) - 4dea926d-4bc6-487a-9b9b-9fd457d0fae4: shutdown FollowerState
2019-10-18 07:24:01,277 [Thread-9982] INFO  impl.RaftServerImpl (RaftServerImpl.java:setRole(184)) - 4dea926d-4bc6-487a-9b9b-9fd457d0fae4@group-0C9C3B2D0CC1: changes role from  FOLLOWER to CANDIDATE at term 93 for changeToCandidate
2019-10-18 07:24:01,277 [Thread-9982] INFO  impl.RoleInfo (RoleInfo.java:updateAndGet(143)) - 4dea926d-4bc6-487a-9b9b-9fd457d0fae4: start LeaderElection
2019-10-18 07:24:01,288 [12ad0800-05cb-443c-9fdd-fa1debf04523@group-BCB82A5C07F5-LeaderElection1119] INFO  impl.LeaderElection (LeaderElection.java:askForVotes(178)) - 12ad0800-05cb-443c-9fdd-fa1debf04523@group-BCB82A5C07F5-LeaderElection1119: begin an election at term 105 for -1: [12ad0800-05cb-443c-9fdd-fa1debf04523:192.168.34.25:41155, 5170c5f3-8499-4b42-9321-85fc8a351f79:192.168.34.25:43074, 0b10a9fc-47eb-4a2b-b664-8273d9d17379:192.168.34.25:45248], old=null
2019-10-18 07:24:01,289 [grpc-default-executor-11] INFO  impl.RaftServerImpl (RaftServerImpl.java:setRole(184)) - 5170c5f3-8499-4b42-9321-85fc8a351f79@group-BCB82A5C07F5: changes role from  FOLLOWER to FOLLOWER at term 105 for recognizeCandidate:12ad0800-05cb-443c-9fdd-fa1debf04523
2019-10-18 07:24:01,289 [grpc-default-executor-11] INFO  impl.RoleInfo (RoleInfo.java:shutdownFollowerState(121)) - 5170c5f3-8499-4b42-9321-85fc8a351f79: shutdown FollowerState
2019-10-18 07:24:01,290 [grpc-default-executor-11] INFO  impl.RoleInfo (RoleInfo.java:updateAndGet(143)) - 5170c5f3-8499-4b42-9321-85fc8a351f79: start FollowerState
2019-10-18 07:24:01,290 [grpc-default-executor-14] INFO  impl.RaftServerImpl (RaftServerImpl.java:setRole(184)) - 0b10a9fc-47eb-4a2b-b664-8273d9d17379@group-BCB82A5C07F5: changes role from  FOLLOWER to FOLLOWER at term 105 for recognizeCandidate:12ad0800-05cb-443c-9fdd-fa1debf04523
2019-10-18 07:24:01,290 [Thread-9974] INFO  impl.FollowerState (FollowerState.java:run(117)) - 5170c5f3-8499-4b42-9321-85fc8a351f79@group-BCB82A5C07F5-FollowerState was interrupted: java.lang.InterruptedException: sleep interrupted
2019-10-18 07:24:01,290 [grpc-default-executor-14] INFO  impl.RoleInfo (RoleInfo.java:shutdownFollowerState(121)) - 0b10a9fc-47eb-4a2b-b664-8273d9d17379: shutdown FollowerState
2019-10-18 07:24:01,290 [grpc-default-executor-14] INFO  impl.RoleInfo (RoleInfo.java:updateAndGet(143)) - 0b10a9fc-47eb-4a2b-b664-8273d9d17379: start FollowerState
2019-10-18 07:24:01,290 [Thread-9975] INFO  impl.FollowerState (FollowerState.java:run(117)) - 0b10a9fc-47eb-4a2b-b664-8273d9d17379@group-BCB82A5C07F5-FollowerState was interrupted: java.lang.InterruptedException: sleep interrupted
2019-10-18 07:24:01,306 [4dea926d-4bc6-487a-9b9b-9fd457d0fae4@group-0C9C3B2D0CC1-LeaderElection1120] INFO  impl.LeaderElection (LeaderElection.java:askForVotes(178)) - 4dea926d-4bc6-487a-9b9b-9fd457d0fae4@group-0C9C3B2D0CC1-LeaderElection1120: begin an election at term 94 for -1: [6633f50a-7046-4b08-9937-8e25f1b14b15:192.168.34.25:39338, 67270882-100a-4e75-928d-618d17e069c8:192.168.34.25:36648, 4dea926d-4bc6-487a-9b9b-9fd457d0fae4:192.168.34.25:41624], old=null
2019-10-18 07:24:01,306 [12ad0800-05cb-443c-9fdd-fa1debf04523@group-BCB82A5C07F5-LeaderElection1119] INFO  impl.LeaderElection (LeaderElection.java:logAndReturn(56)) - 12ad0800-05cb-443c-9fdd-fa1debf04523@group-BCB82A5C07F5-LeaderElection1119: Election REJECTED; received 2 response(s) [12ad0800-05cb-443c-9fdd-fa1debf04523<-5170c5f3-8499-4b42-9321-85fc8a351f79#0:FAIL-t105, 12ad0800-05cb-443c-9fdd-fa1debf04523<-0b10a9fc-47eb-4a2b-b664-8273d9d17379#0:FAIL-t105] and 0 exception(s); 12ad0800-05cb-443c-9fdd-fa1debf04523@group-BCB82A5C07F5:t105, leader=null, voted=12ad0800-05cb-443c-9fdd-fa1debf04523, raftlog=12ad0800-05cb-443c-9fdd-fa1debf04523@group-BCB82A5C07F5-SegmentedRaftLog:OPENED:c-1,f-1,i0, conf=-1: [12ad0800-05cb-443c-9fdd-fa1debf04523:192.168.34.25:41155, 5170c5f3-8499-4b42-9321-85fc8a351f79:192.168.34.25:43074, 0b10a9fc-47eb-4a2b-b664-8273d9d17379:192.168.34.25:45248], old=null
2019-10-18 07:24:01,306 [4dea926d-4bc6-487a-9b9b-9fd457d0fae4@group-0C9C3B2D0CC1-LeaderElection1120] INFO  impl.LeaderElection (LeaderElection.java:logAndReturn(56)) - 4dea926d-4bc6-487a-9b9b-9fd457d0fae4@group-0C9C3B2D0CC1-LeaderElection1120: Election TIMEOUT; received 0 response(s) [] and 0 exception(s); 4dea926d-4bc6-487a-9b9b-9fd457d0fae4@group-0C9C3B2D0CC1:t94, leader=null, voted=4dea926d-4bc6-487a-9b9b-9fd457d0fae4, raftlog=4dea926d-4bc6-487a-9b9b-9fd457d0fae4@group-0C9C3B2D0CC1-SegmentedRaftLog:OPENED:c-1,f-1,i0, conf=-1: [6633f50a-7046-4b08-9937-8e25f1b14b15:192.168.34.25:39338, 67270882-100a-4e75-928d-618d17e069c8:192.168.34.25:36648, 4dea926d-4bc6-487a-9b9b-9fd457d0fae4:192.168.34.25:41624], old=null
2019-10-18 07:24:01,306 [12ad0800-05cb-443c-9fdd-fa1debf04523@group-BCB82A5C07F5-LeaderElection1119] INFO  impl.RaftServerImpl (RaftServerImpl.java:setRole(184)) - 12ad0800-05cb-443c-9fdd-fa1debf04523@group-BCB82A5C07F5: changes role from CANDIDATE to FOLLOWER at term 105 for DISCOVERED_A_NEW_TERM
2019-10-18 07:24:01,306 [12ad0800-05cb-443c-9fdd-fa1debf04523@group-BCB82A5C07F5-LeaderElection1119] INFO  impl.RoleInfo (RoleInfo.java:shutdownLeaderElection(134)) - 12ad0800-05cb-443c-9fdd-fa1debf04523: shutdown LeaderElection
2019-10-18 07:24:01,306 [12ad0800-05cb-443c-9fdd-fa1debf04523@group-BCB82A5C07F5-LeaderElection1119] INFO  impl.RoleInfo (RoleInfo.java:updateAndGet(143)) - 12ad0800-05cb-443c-9fdd-fa1debf04523: start FollowerState
2019-10-18 07:24:01,307 [grpc-default-executor-14] INFO  impl.RaftServerImpl (RaftServerImpl.java:setRole(184)) - 6633f50a-7046-4b08-9937-8e25f1b14b15@group-0C9C3B2D0CC1: changes role from  FOLLOWER to FOLLOWER at term 94 for recognizeCandidate:4dea926d-4bc6-487a-9b9b-9fd457d0fae4
2019-10-18 07:24:01,307 [grpc-default-executor-14] INFO  impl.RoleInfo (RoleInfo.java:shutdownFollowerState(121)) - 6633f50a-7046-4b08-9937-8e25f1b14b15: shutdown FollowerState
2019-10-18 07:24:01,307 [grpc-default-executor-14] INFO  impl.RoleInfo (RoleInfo.java:updateAndGet(143)) - 6633f50a-7046-4b08-9937-8e25f1b14b15: start FollowerState
2019-10-18 07:24:01,307 [grpc-default-executor-11] INFO  impl.RaftServerImpl (RaftServerImpl.java:setRole(184)) - 67270882-100a-4e75-928d-618d17e069c8@group-0C9C3B2D0CC1: changes role from  FOLLOWER to FOLLOWER at term 94 for recognizeCandidate:4dea926d-4bc6-487a-9b9b-9fd457d0fae4
2019-10-18 07:24:01,307 [Thread-9980] INFO  impl.FollowerState (FollowerState.java:run(117)) - 6633f50a-7046-4b08-9937-8e25f1b14b15@group-0C9C3B2D0CC1-FollowerState was interrupted: java.lang.InterruptedException: sleep interrupted
2019-10-18 07:24:01,307 [grpc-default-executor-11] INFO  impl.RoleInfo (RoleInfo.java:shutdownFollowerState(121)) - 67270882-100a-4e75-928d-618d17e069c8: shutdown FollowerState
2019-10-18 07:24:01,307 [grpc-default-executor-11] INFO  impl.RoleInfo (RoleInfo.java:updateAndGet(143)) - 67270882-100a-4e75-928d-618d17e069c8: start FollowerState
2019-10-18 07:24:01,307 [Thread-9981] INFO  impl.FollowerState (FollowerState.java:run(117)) - 67270882-100a-4e75-928d-618d17e069c8@group-0C9C3B2D0CC1-FollowerState was interrupted: java.lang.InterruptedException: sleep interrupted
2019-10-18 07:24:01,332 [4dea926d-4bc6-487a-9b9b-9fd457d0fae4@group-0C9C3B2D0CC1-LeaderElection1120] INFO  impl.LeaderElection (LeaderElection.java:askForVotes(178)) - 4dea926d-4bc6-487a-9b9b-9fd457d0fae4@group-0C9C3B2D0CC1-LeaderElection1120: begin an election at term 95 for -1: [6633f50a-7046-4b08-9937-8e25f1b14b15:192.168.34.25:39338, 67270882-100a-4e75-928d-618d17e069c8:192.168.34.25:36648, 4dea926d-4bc6-487a-9b9b-9fd457d0fae4:192.168.34.25:41624], old=null
2019-10-18 07:24:01,333 [grpc-default-executor-14] INFO  impl.RaftServerImpl (RaftServerImpl.java:setRole(184)) - 6633f50a-7046-4b08-9937-8e25f1b14b15@group-0C9C3B2D0CC1: changes role from  FOLLOWER to FOLLOWER at term 95 for recognizeCandidate:4dea926d-4bc6-487a-9b9b-9fd457d0fae4
2019-10-18 07:24:01,333 [grpc-default-executor-14] INFO  impl.RoleInfo (RoleInfo.java:shutdownFollowerState(121)) - 6633f50a-7046-4b08-9937-8e25f1b14b15: shutdown FollowerState
2019-10-18 07:24:01,333 [grpc-default-executor-14] INFO  impl.RoleInfo (RoleInfo.java:updateAndGet(143)) - 6633f50a-7046-4b08-9937-8e25f1b14b15: start FollowerState
2019-10-18 07:24:01,333 [Thread-9992] INFO  impl.FollowerState (FollowerState.java:run(117)) - 6633f50a-7046-4b08-9937-8e25f1b14b15@group-0C9C3B2D0CC1-FollowerState was interrupted: java.lang.InterruptedException: sleep interrupted
2019-10-18 07:24:01,333 [grpc-default-executor-11] INFO  impl.RaftServerImpl (RaftServerImpl.java:setRole(184)) - 67270882-100a-4e75-928d-618d17e069c8@group-0C9C3B2D0CC1: changes role from  FOLLOWER to FOLLOWER at term 95 for recognizeCandidate:4dea926d-4bc6-487a-9b9b-9fd457d0fae4
2019-10-18 07:24:01,333 [grpc-default-executor-11] INFO  impl.RoleInfo (RoleInfo.java:shutdownFollowerState(121)) - 67270882-100a-4e75-928d-618d17e069c8: shutdown FollowerState
2019-10-18 07:24:01,334 [grpc-default-executor-11] INFO  impl.RoleInfo (RoleInfo.java:updateAndGet(143)) - 67270882-100a-4e75-928d-618d17e069c8: start FollowerState
2019-10-18 07:24:01,334 [Thread-9993] INFO  impl.FollowerState (FollowerState.java:run(117)) - 67270882-100a-4e75-928d-618d17e069c8@group-0C9C3B2D0CC1-FollowerState was interrupted: java.lang.InterruptedException: sleep interrupted
2019-10-18 07:24:01,358 [4dea926d-4bc6-487a-9b9b-9fd457d0fae4@group-0C9C3B2D0CC1-LeaderElection1120] INFO  impl.LeaderElection (LeaderElection.java:logAndReturn(56)) - 4dea926d-4bc6-487a-9b9b-9fd457d0fae4@group-0C9C3B2D0CC1-LeaderElection1120: Election REJECTED; received 2 response(s) [4dea926d-4bc6-487a-9b9b-9fd457d0fae4<-6633f50a-7046-4b08-9937-8e25f1b14b15#0:FAIL-t95, 4dea926d-4bc6-487a-9b9b-9fd457d0fae4<-67270882-100a-4e75-928d-618d17e069c8#0:FAIL-t95] and 0 exception(s); 4dea926d-4bc6-487a-9b9b-9fd457d0fae4@group-0C9C3B2D0CC1:t95, leader=null, voted=4dea926d-4bc6-487a-9b9b-9fd457d0fae4, raftlog=4dea926d-4bc6-487a-9b9b-9fd457d0fae4@group-0C9C3B2D0CC1-SegmentedRaftLog:OPENED:c-1,f-1,i0, conf=-1: [6633f50a-7046-4b08-9937-8e25f1b14b15:192.168.34.25:39338, 67270882-100a-4e75-928d-618d17e069c8:192.168.34.25:36648, 4dea926d-4bc6-487a-9b9b-9fd457d0fae4:192.168.34.25:41624], old=null
2019-10-18 07:24:01,358 [4dea926d-4bc6-487a-9b9b-9fd457d0fae4@group-0C9C3B2D0CC1-LeaderElection1120] INFO  impl.RaftServerImpl (RaftServerImpl.java:setRole(184)) - 4dea926d-4bc6-487a-9b9b-9fd457d0fae4@group-0C9C3B2D0CC1: changes role from CANDIDATE to FOLLOWER at term 95 for DISCOVERED_A_NEW_TERM
2019-10-18 07:24:01,358 [4dea926d-4bc6-487a-9b9b-9fd457d0fae4@group-0C9C3B2D0CC1-LeaderElection1120] INFO  impl.RoleInfo (RoleInfo.java:shutdownLeaderElection(134)) - 4dea926d-4bc6-487a-9b9b-9fd457d0fae4: shutdown LeaderElection
2019-10-18 07:24:01,359 [4dea926d-4bc6-487a-9b9b-9fd457d0fae4@group-0C9C3B2D0CC1-LeaderElection1120] INFO  impl.RoleInfo (RoleInfo.java:updateAndGet(143)) - 4dea926d-4bc6-487a-9b9b-9fd457d0fae4: start FollowerState
2019-10-18 07:24:01,372 [Thread-9991] INFO  impl.FollowerState (FollowerState.java:run(108)) - 12ad0800-05cb-443c-9fdd-fa1debf04523@group-BCB82A5C07F5-FollowerState: change to CANDIDATE, lastRpcTime:65ms, electionTimeout:65ms
2019-10-18 07:24:01,372 [Thread-9991] INFO  impl.RoleInfo (RoleInfo.java:shutdownFollowerState(121)) - 12ad0800-05cb-443c-9fdd-fa1debf04523: shutdown FollowerState
2019-10-18 07:24:01,372 [Thread-9991] INFO  impl.RaftServerImpl (RaftServerImpl.java:setRole(184)) - 12ad0800-05cb-443c-9fdd-fa1debf04523@group-BCB82A5C07F5: changes role from  FOLLOWER to CANDIDATE at term 105 for changeToCandidate
2019-10-18 07:24:01,372 [Thread-9991] INFO  impl.RoleInfo (RoleInfo.java:updateAndGet(143)) - 12ad0800-05cb-443c-9fdd-fa1debf04523: start LeaderElection
2019-10-18 07:24:01,409 [12ad0800-05cb-443c-9fdd-fa1debf04523@group-BCB82A5C07F5-LeaderElection1121] INFO  impl.LeaderElection (LeaderElection.java:askForVotes(178)) - 12ad0800-05cb-443c-9fdd-fa1debf04523@group-BCB82A5C07F5-LeaderElection1121: begin an election at term 106 for -1: [12ad0800-05cb-443c-9fdd-fa1debf04523:192.168.34.25:41155, 5170c5f3-8499-4b42-9321-85fc8a351f79:192.168.34.25:43074, 0b10a9fc-47eb-4a2b-b664-8273d9d17379:192.168.34.25:45248], old=null
2019-10-18 07:24:01,410 [grpc-default-executor-14] INFO  impl.RaftServerImpl (RaftServerImpl.java:setRole(184)) - 5170c5f3-8499-4b42-9321-85fc8a351f79@group-BCB82A5C07F5: changes role from  FOLLOWER to FOLLOWER at term 106 for recognizeCandidate:12ad0800-05cb-443c-9fdd-fa1debf04523
2019-10-18 07:24:01,410 [grpc-default-executor-14] INFO  impl.RoleInfo (RoleInfo.java:shutdownFollowerState(121)) - 5170c5f3-8499-4b42-9321-85fc8a351f79: shutdown FollowerState
2019-10-18 07:24:01,410 [grpc-default-executor-14] INFO  impl.RoleInfo (RoleInfo.java:updateAndGet(143)) - 5170c5f3-8499-4b42-9321-85fc8a351f79: start FollowerState
2019-10-18 07:24:01,410 [Thread-9987] INFO  impl.FollowerState (FollowerState.java:run(117)) - 5170c5f3-8499-4b42-9321-85fc8a351f79@group-BCB82A5C07F5-FollowerState was interrupted: java.lang.InterruptedException: sleep interrupted
2019-10-18 07:24:01,410 [grpc-default-executor-11] INFO  impl.RaftServerImpl (RaftServerImpl.java:setRole(184)) - 0b10a9fc-47eb-4a2b-b664-8273d9d17379@group-BCB82A5C07F5: changes role from  FOLLOWER to FOLLOWER at term 106 for recognizeCandidate:12ad0800-05cb-443c-9fdd-fa1debf04523
2019-10-18 07:24:01,411 [grpc-default-executor-11] INFO  impl.RoleInfo (RoleInfo.java:shutdownFollowerState(121)) - 0b10a9fc-47eb-4a2b-b664-8273d9d17379: shutdown FollowerState
2019-10-18 07:24:01,411 [grpc-default-executor-11] INFO  impl.RoleInfo (RoleInfo.java:updateAndGet(143)) - 0b10a9fc-47eb-4a2b-b664-8273d9d17379: start FollowerState
2019-10-18 07:24:01,411 [Thread-9988] INFO  impl.FollowerState (FollowerState.java:run(117)) - 0b10a9fc-47eb-4a2b-b664-8273d9d17379@group-BCB82A5C07F5-FollowerState was interrupted: java.lang.InterruptedException: sleep interrupted
2019-10-18 07:24:01,425 [Thread-9998] INFO  impl.FollowerState (FollowerState.java:run(108)) - 4dea926d-4bc6-487a-9b9b-9fd457d0fae4@group-0C9C3B2D0CC1-FollowerState: change to CANDIDATE, lastRpcTime:66ms, electionTimeout:66ms
2019-10-18 07:24:01,425 [Thread-9998] INFO  impl.RoleInfo (RoleInfo.java:shutdownFollowerState(121)) - 4dea926d-4bc6-487a-9b9b-9fd457d0fae4: shutdown FollowerState
2019-10-18 07:24:01,425 [Thread-9998] INFO  impl.RaftServerImpl (RaftServerImpl.java:setRole(184)) - 4dea926d-4bc6-487a-9b9b-9fd457d0fae4@group-0C9C3B2D0CC1: changes role from  FOLLOWER to CANDIDATE at term 95 for changeToCandidate
2019-10-18 07:24:01,425 [Thread-9998] INFO  impl.RoleInfo (RoleInfo.java:updateAndGet(143)) - 4dea926d-4bc6-487a-9b9b-9fd457d0fae4: start LeaderElection
2019-10-18 07:24:01,443 [12ad0800-05cb-443c-9fdd-fa1debf04523@group-BCB82A5C07F5-LeaderElection1121] INFO  impl.LeaderElection (LeaderElection.java:logAndReturn(56)) - 12ad0800-05cb-443c-9fdd-fa1debf04523@group-BCB82A5C07F5-LeaderElection1121: Election REJECTED; received 2 response(s) [12ad0800-05cb-443c-9fdd-fa1debf04523<-5170c5f3-8499-4b42-9321-85fc8a351f79#0:FAIL-t106, 12ad0800-05cb-443c-9fdd-fa1debf04523<-0b10a9fc-47eb-4a2b-b664-8273d9d17379#0:FAIL-t106] and 0 exception(s); 12ad0800-05cb-443c-9fdd-fa1debf04523@group-BCB82A5C07F5:t106, leader=null, voted=12ad0800-05cb-443c-9fdd-fa1debf04523, raftlog=12ad0800-05cb-443c-9fdd-fa1debf04523@group-BCB82A5C07F5-SegmentedRaftLog:OPENED:c-1,f-1,i0, conf=-1: [12ad0800-05cb-443c-9fdd-fa1debf04523:192.168.34.25:41155, 5170c5f3-8499-4b42-9321-85fc8a351f79:192.168.34.25:43074, 0b10a9fc-47eb-4a2b-b664-8273d9d17379:192.168.34.25:45248], old=null
2019-10-18 07:24:01,443 [12ad0800-05cb-443c-9fdd-fa1debf04523@group-BCB82A5C07F5-LeaderElection1121] INFO  impl.RaftServerImpl (RaftServerImpl.java:setRole(184)) - 12ad0800-05cb-443c-9fdd-fa1debf04523@group-BCB82A5C07F5: changes role from CANDIDATE to FOLLOWER at term 106 for DISCOVERED_A_NEW_TERM
2019-10-18 07:24:01,443 [12ad0800-05cb-443c-9fdd-fa1debf04523@group-BCB82A5C07F5-LeaderElection1121] INFO  impl.RoleInfo (RoleInfo.java:shutdownLeaderElection(134)) - 12ad0800-05cb-443c-9fdd-fa1debf04523: shutdown LeaderElection
2019-10-18 07:24:01,443 [12ad0800-05cb-443c-9fdd-fa1debf04523@group-BCB82A5C07F5-LeaderElection1121] INFO  impl.RoleInfo (RoleInfo.java:updateAndGet(143)) - 12ad0800-05cb-443c-9fdd-fa1debf04523: start FollowerState
2019-10-18 07:24:01,460 [4dea926d-4bc6-487a-9b9b-9fd457d0fae4@group-0C9C3B2D0CC1-LeaderElection1122] INFO  impl.LeaderElection (LeaderElection.java:askForVotes(178)) - 4dea926d-4bc6-487a-9b9b-9fd457d0fae4@group-0C9C3B2D0CC1-LeaderElection1122: begin an election at term 96 for -1: [6633f50a-7046-4b08-9937-8e25f1b14b15:192.168.34.25:39338, 67270882-100a-4e75-928d-618d17e069c8:192.168.34.25:36648, 4dea926d-4bc6-487a-9b9b-9fd457d0fae4:192.168.34.25:41624], old=null
2019-10-18 07:24:01,462 [grpc-default-executor-14] INFO  impl.RaftServerImpl (RaftServerImpl.java:setRole(184)) - 6633f50a-7046-4b08-9937-8e25f1b14b15@group-0C9C3B2D0CC1: changes role from  FOLLOWER to FOLLOWER at term 96 for recognizeCandidate:4dea926d-4bc6-487a-9b9b-9fd457d0fae4
2019-10-18 07:24:01,462 [grpc-default-executor-11] INFO  impl.RaftServerImpl (RaftServerImpl.java:setRole(184)) - 67270882-100a-4e75-928d-618d17e069c8@group-0C9C3B2D0CC1: changes role from  FOLLOWER to FOLLOWER at term 96 for recognizeCandidate:4dea926d-4bc6-487a-9b9b-9fd457d0fae4
2019-10-18 07:24:01,462 [grpc-default-executor-14] INFO  impl.RoleInfo (RoleInfo.java:shutdownFollowerState(121)) - 6633f50a-7046-4b08-9937-8e25f1b14b15: shutdown FollowerState
2019-10-18 07:24:01,462 [grpc-default-executor-11] INFO  impl.RoleInfo (RoleInfo.java:shutdownFollowerState(121)) - 67270882-100a-4e75-928d-618d17e069c8: shutdown FollowerState
2019-10-18 07:24:01,463 [Thread-9996] INFO  impl.FollowerState (FollowerState.java:run(117)) - 6633f50a-7046-4b08-9937-8e25f1b14b15@group-0C9C3B2D0CC1-FollowerState was interrupted: java.lang.InterruptedException: sleep interrupted
2019-10-18 07:24:01,463 [grpc-default-executor-14] INFO  impl.RoleInfo (RoleInfo.java:updateAndGet(143)) - 6633f50a-7046-4b08-9937-8e25f1b14b15: start FollowerState
2019-10-18 07:24:01,463 [Thread-9997] INFO  impl.FollowerState (FollowerState.java:run(117)) - 67270882-100a-4e75-928d-618d17e069c8@group-0C9C3B2D0CC1-FollowerState was interrupted: java.lang.InterruptedException: sleep interrupted
2019-10-18 07:24:01,463 [grpc-default-executor-11] INFO  impl.RoleInfo (RoleInfo.java:updateAndGet(143)) - 67270882-100a-4e75-928d-618d17e069c8: start FollowerState
2019-10-18 07:24:01,486 [4dea926d-4bc6-487a-9b9b-9fd457d0fae4@group-0C9C3B2D0CC1-LeaderElection1122] INFO  impl.LeaderElection (LeaderElection.java:logAndReturn(56)) - 4dea926d-4bc6-487a-9b9b-9fd457d0fae4@group-0C9C3B2D0CC1-LeaderElection1122: Election REJECTED; received 2 response(s) [4dea926d-4bc6-487a-9b9b-9fd457d0fae4<-6633f50a-7046-4b08-9937-8e25f1b14b15#0:FAIL-t96, 4dea926d-4bc6-487a-9b9b-9fd457d0fae4<-67270882-100a-4e75-928d-618d17e069c8#0:FAIL-t96] and 0 exception(s); 4dea926d-4bc6-487a-9b9b-9fd457d0fae4@group-0C9C3B2D0CC1:t96, leader=null, voted=4dea926d-4bc6-487a-9b9b-9fd457d0fae4, raftlog=4dea926d-4bc6-487a-9b9b-9fd457d0fae4@group-0C9C3B2D0CC1-SegmentedRaftLog:OPENED:c-1,f-1,i0, conf=-1: [6633f50a-7046-4b08-9937-8e25f1b14b15:192.168.34.25:39338, 67270882-100a-4e75-928d-618d17e069c8:192.168.34.25:36648, 4dea926d-4bc6-487a-9b9b-9fd457d0fae4:192.168.34.25:41624], old=null
2019-10-18 07:24:01,486 [4dea926d-4bc6-487a-9b9b-9fd457d0fae4@group-0C9C3B2D0CC1-LeaderElection1122] INFO  impl.RaftServerImpl (RaftServerImpl.java:setRole(184)) - 4dea926d-4bc6-487a-9b9b-9fd457d0fae4@group-0C9C3B2D0CC1: changes role from CANDIDATE to FOLLOWER at term 96 for DISCOVERED_A_NEW_TERM
2019-10-18 07:24:01,486 [4dea926d-4bc6-487a-9b9b-9fd457d0fae4@group-0C9C3B2D0CC1-LeaderElection1122] INFO  impl.RoleInfo (RoleInfo.java:shutdownLeaderElection(134)) - 4dea926d-4bc6-487a-9b9b-9fd457d0fae4: shutdown LeaderElection
2019-10-18 07:24:01,486 [4dea926d-4bc6-487a-9b9b-9fd457d0fae4@group-0C9C3B2D0CC1-LeaderElection1122] INFO  impl.RoleInfo (RoleInfo.java:updateAndGet(143)) - 4dea926d-4bc6-487a-9b9b-9fd457d0fae4: start FollowerState
2019-10-18 07:24:01,629 [Thread-10005] INFO  impl.FollowerState (FollowerState.java:run(108)) - 12ad0800-05cb-443c-9fdd-fa1debf04523@group-BCB82A5C07F5-FollowerState: change to CANDIDATE, lastRpcTime:185ms, electionTimeout:185ms
2019-10-18 07:24:01,629 [Thread-10005] INFO  impl.RoleInfo (RoleInfo.java:shutdownFollowerState(121)) - 12ad0800-05cb-443c-9fdd-fa1debf04523: shutdown FollowerState
2019-10-18 07:24:01,629 [Thread-10005] INFO  impl.RaftServerImpl (RaftServerImpl.java:setRole(184)) - 12ad0800-05cb-443c-9fdd-fa1debf04523@group-BCB82A5C07F5: changes role from  FOLLOWER to CANDIDATE at term 106 for changeToCandidate
2019-10-18 07:24:01,629 [Thread-10005] INFO  impl.RoleInfo (RoleInfo.java:updateAndGet(143)) - 12ad0800-05cb-443c-9fdd-fa1debf04523: start LeaderElection
2019-10-18 07:24:01,670 [12ad0800-05cb-443c-9fdd-fa1debf04523@group-BCB82A5C07F5-LeaderElection1123] INFO  impl.LeaderElection (LeaderElection.java:askForVotes(178)) - 12ad0800-05cb-443c-9fdd-fa1debf04523@group-BCB82A5C07F5-LeaderElection1123: begin an election at term 107 for -1: [12ad0800-05cb-443c-9fdd-fa1debf04523:192.168.34.25:41155, 5170c5f3-8499-4b42-9321-85fc8a351f79:192.168.34.25:43074, 0b10a9fc-47eb-4a2b-b664-8273d9d17379:192.168.34.25:45248], old=null
2019-10-18 07:24:01,671 [grpc-default-executor-11] INFO  impl.RaftServerImpl (RaftServerImpl.java:setRole(184)) - 5170c5f3-8499-4b42-9321-85fc8a351f79@group-BCB82A5C07F5: changes role from  FOLLOWER to FOLLOWER at term 107 for recognizeCandidate:12ad0800-05cb-443c-9fdd-fa1debf04523
2019-10-18 07:24:01,671 [grpc-default-executor-14] INFO  impl.RaftServerImpl (RaftServerImpl.java:setRole(184)) - 0b10a9fc-47eb-4a2b-b664-8273d9d17379@group-BCB82A5C07F5: changes role from  FOLLOWER to FOLLOWER at term 107 for recognizeCandidate:12ad0800-05cb-443c-9fdd-fa1debf04523
2019-10-18 07:24:01,672 [grpc-default-executor-14] INFO  impl.RoleInfo (RoleInfo.java:shutdownFollowerState(121)) - 0b10a9fc-47eb-4a2b-b664-8273d9d17379: shutdown FollowerState
2019-10-18 07:24:01,672 [grpc-default-executor-11] INFO  impl.RoleInfo (RoleInfo.java:shutdownFollowerState(121)) - 5170c5f3-8499-4b42-9321-85fc8a351f79: shutdown FollowerState
2019-10-18 07:24:01,672 [Thread-10003] INFO  impl.FollowerState (FollowerState.java:run(117)) - 0b10a9fc-47eb-4a2b-b664-8273d9d17379@group-BCB82A5C07F5-FollowerState was interrupted: java.lang.InterruptedException: sleep interrupted
2019-10-18 07:24:01,672 [grpc-default-executor-14] INFO  impl.RoleInfo (RoleInfo.java:updateAndGet(143)) - 0b10a9fc-47eb-4a2b-b664-8273d9d17379: start FollowerState
2019-10-18 07:24:01,672 [Thread-10002] INFO  impl.FollowerState (FollowerState.java:run(117)) - 5170c5f3-8499-4b42-9321-85fc8a351f79@group-BCB82A5C07F5-FollowerState was interrupted: java.lang.InterruptedException: sleep interrupted
2019-10-18 07:24:01,672 [grpc-default-executor-11] INFO  impl.RoleInfo (RoleInfo.java:updateAndGet(143)) - 5170c5f3-8499-4b42-9321-85fc8a351f79: start FollowerState
2019-10-18 07:24:01,678 [12ad0800-05cb-443c-9fdd-fa1debf04523@group-BCB82A5C07F5-LeaderElection1123] INFO  impl.LeaderElection (LeaderElection.java:logAndReturn(56)) - 12ad0800-05cb-443c-9fdd-fa1debf04523@group-BCB82A5C07F5-LeaderElection1123: Election TIMEOUT; received 0 response(s) [] and 0 exception(s); 12ad0800-05cb-443c-9fdd-fa1debf04523@group-BCB82A5C07F5:t107, leader=null, voted=12ad0800-05cb-443c-9fdd-fa1debf04523, raftlog=12ad0800-05cb-443c-9fdd-fa1debf04523@group-BCB82A5C07F5-SegmentedRaftLog:OPENED:c-1,f-1,i0, conf=-1: [12ad0800-05cb-443c-9fdd-fa1debf04523:192.168.34.25:41155, 5170c5f3-8499-4b42-9321-85fc8a351f79:192.168.34.25:43074, 0b10a9fc-47eb-4a2b-b664-8273d9d17379:192.168.34.25:45248], old=null
2019-10-18 07:24:01,679 [Thread-10010] INFO  impl.FollowerState (FollowerState.java:run(108)) - 4dea926d-4bc6-487a-9b9b-9fd457d0fae4@group-0C9C3B2D0CC1-FollowerState: change to CANDIDATE, lastRpcTime:193ms, electionTimeout:193ms
2019-10-18 07:24:01,679 [Thread-10010] INFO  impl.RoleInfo (RoleInfo.java:shutdownFollowerState(121)) - 4dea926d-4bc6-487a-9b9b-9fd457d0fae4: shutdown FollowerState
2019-10-18 07:24:01,679 [Thread-10010] INFO  impl.RaftServerImpl (RaftServerImpl.java:setRole(184)) - 4dea926d-4bc6-487a-9b9b-9fd457d0fae4@group-0C9C3B2D0CC1: changes role from  FOLLOWER to CANDIDATE at term 96 for changeToCandidate
2019-10-18 07:24:01,680 [Thread-10010] INFO  impl.RoleInfo (RoleInfo.java:updateAndGet(143)) - 4dea926d-4bc6-487a-9b9b-9fd457d0fae4: start LeaderElection
2019-10-18 07:24:01,704 [4dea926d-4bc6-487a-9b9b-9fd457d0fae4@group-0C9C3B2D0CC1-LeaderElection1124] INFO  impl.LeaderElection (LeaderElection.java:askForVotes(178)) - 4dea926d-4bc6-487a-9b9b-9fd457d0fae4@group-0C9C3B2D0CC1-LeaderElection1124: begin an election at term 97 for -1: [6633f50a-7046-4b08-9937-8e25f1b14b15:192.168.34.25:39338, 67270882-100a-4e75-928d-618d17e069c8:192.168.34.25:36648, 4dea926d-4bc6-487a-9b9b-9fd457d0fae4:192.168.34.25:41624], old=null
2019-10-18 07:24:01,704 [12ad0800-05cb-443c-9fdd-fa1debf04523@group-BCB82A5C07F5-LeaderElection1123] INFO  impl.LeaderElection (LeaderElection.java:askForVotes(178)) - 12ad0800-05cb-443c-9fdd-fa1debf04523@group-BCB82A5C07F5-LeaderElection1123: begin an election at term 108 for -1: [12ad0800-05cb-443c-9fdd-fa1debf04523:192.168.34.25:41155, 5170c5f3-8499-4b42-9321-85fc8a351f79:192.168.34.25:43074, 0b10a9fc-47eb-4a2b-b664-8273d9d17379:192.168.34.25:45248], old=null
2019-10-18 07:24:01,705 [grpc-default-executor-14] INFO  impl.RaftServerImpl (RaftServerImpl.java:setRole(184)) - 6633f50a-7046-4b08-9937-8e25f1b14b15@group-0C9C3B2D0CC1: changes role from  FOLLOWER to FOLLOWER at term 97 for recognizeCandidate:4dea926d-4bc6-487a-9b9b-9fd457d0fae4
2019-10-18 07:24:01,706 [grpc-default-executor-14] INFO  impl.RoleInfo (RoleInfo.java:shutdownFollowerState(121)) - 6633f50a-7046-4b08-9937-8e25f1b14b15: shutdown FollowerState
2019-10-18 07:24:01,706 [grpc-default-executor-11] INFO  impl.RaftServerImpl (RaftServerImpl.java:setRole(184)) - 5170c5f3-8499-4b42-9321-85fc8a351f79@group-BCB82A5C07F5: changes role from  FOLLOWER to FOLLOWER at term 108 for recognizeCandidate:12ad0800-05cb-443c-9fdd-fa1debf04523
2019-10-18 07:24:01,706 [grpc-default-executor-11] INFO  impl.RoleInfo (RoleInfo.java:shutdownFollowerState(121)) - 5170c5f3-8499-4b42-9321-85fc8a351f79: shutdown FollowerState
2019-10-18 07:24:01,706 [Thread-10008] INFO  impl.FollowerState (FollowerState.java:run(117)) - 6633f50a-7046-4b08-9937-8e25f1b14b15@group-0C9C3B2D0CC1-FollowerState was interrupted: java.lang.InterruptedException: sleep interrupted
2019-10-18 07:24:01,706 [grpc-default-executor-14] INFO  impl.RoleInfo (RoleInfo.java:updateAndGet(143)) - 6633f50a-7046-4b08-9937-8e25f1b14b15: start FollowerState
2019-10-18 07:24:01,706 [Thread-10017] INFO  impl.FollowerState (FollowerState.java:run(117)) - 5170c5f3-8499-4b42-9321-85fc8a351f79@group-BCB82A5C07F5-FollowerState was interrupted: java.lang.InterruptedException: sleep interrupted
2019-10-18 07:24:01,706 [grpc-default-executor-4] INFO  impl.RaftServerImpl (RaftServerImpl.java:setRole(184)) - 0b10a9fc-47eb-4a2b-b664-8273d9d17379@group-BCB82A5C07F5: changes role from  FOLLOWER to FOLLOWER at term 108 for recognizeCandidate:12ad0800-05cb-443c-9fdd-fa1debf04523
2019-10-18 07:24:01,706 [grpc-default-executor-11] INFO  impl.RoleInfo (RoleInfo.java:updateAndGet(143)) - 5170c5f3-8499-4b42-9321-85fc8a351f79: start FollowerState
2019-10-18 07:24:01,706 [grpc-default-executor-12] INFO  impl.RaftServerImpl (RaftServerImpl.java:setRole(184)) - 67270882-100a-4e75-928d-618d17e069c8@group-0C9C3B2D0CC1: changes role from  FOLLOWER to FOLLOWER at term 97 for recognizeCandidate:4dea926d-4bc6-487a-9b9b-9fd457d0fae4
2019-10-18 07:24:01,707 [grpc-default-executor-4] INFO  impl.RoleInfo (RoleInfo.java:shutdownFollowerState(121)) - 0b10a9fc-47eb-4a2b-b664-8273d9d17379: shutdown FollowerState
2019-10-18 07:24:01,707 [grpc-default-executor-12] INFO  impl.RoleInfo (RoleInfo.java:shutdownFollowerState(121)) - 67270882-100a-4e75-928d-618d17e069c8: shutdown FollowerState
2019-10-18 07:24:01,707 [Thread-10016] INFO  impl.FollowerState (FollowerState.java:run(117)) - 0b10a9fc-47eb-4a2b-b664-8273d9d17379@group-BCB82A5C07F5-FollowerState was interrupted: java.lang.InterruptedException: sleep interrupted
2019-10-18 07:24:01,707 [grpc-default-executor-4] INFO  impl.RoleInfo (RoleInfo.java:updateAndGet(143)) - 0b10a9fc-47eb-4a2b-b664-8273d9d17379: start FollowerState
2019-10-18 07:24:01,707 [Thread-10009] INFO  impl.FollowerState (FollowerState.java:run(117)) - 67270882-100a-4e75-928d-618d17e069c8@group-0C9C3B2D0CC1-FollowerState was interrupted: java.lang.InterruptedException: sleep interrupted
2019-10-18 07:24:01,707 [grpc-default-executor-12] INFO  impl.RoleInfo (RoleInfo.java:updateAndGet(143)) - 67270882-100a-4e75-928d-618d17e069c8: start FollowerState
2019-10-18 07:24:01,730 [12ad0800-05cb-443c-9fdd-fa1debf04523@group-BCB82A5C07F5-LeaderElection1123] INFO  impl.LeaderElection (LeaderElection.java:logAndReturn(56)) - 12ad0800-05cb-443c-9fdd-fa1debf04523@group-BCB82A5C07F5-LeaderElection1123: Election REJECTED; received 2 response(s) [12ad0800-05cb-443c-9fdd-fa1debf04523<-5170c5f3-8499-4b42-9321-85fc8a351f79#0:FAIL-t108, 12ad0800-05cb-443c-9fdd-fa1debf04523<-0b10a9fc-47eb-4a2b-b664-8273d9d17379#0:FAIL-t108] and 0 exception(s); 12ad0800-05cb-443c-9fdd-fa1debf04523@group-BCB82A5C07F5:t108, leader=null, voted=12ad0800-05cb-443c-9fdd-fa1debf04523, raftlog=12ad0800-05cb-443c-9fdd-fa1debf04523@group-BCB82A5C07F5-SegmentedRaftLog:OPENED:c-1,f-1,i0, conf=-1: [12ad0800-05cb-443c-9fdd-fa1debf04523:192.168.34.25:41155, 5170c5f3-8499-4b42-9321-85fc8a351f79:192.168.34.25:43074, 0b10a9fc-47eb-4a2b-b664-8273d9d17379:192.168.34.25:45248], old=null
2019-10-18 07:24:01,730 [4dea926d-4bc6-487a-9b9b-9fd457d0fae4@group-0C9C3B2D0CC1-LeaderElection1124] INFO  impl.LeaderElection (LeaderElection.java:logAndReturn(56)) - 4dea926d-4bc6-487a-9b9b-9fd457d0fae4@group-0C9C3B2D0CC1-LeaderElection1124: Election REJECTED; received 2 response(s) [4dea926d-4bc6-487a-9b9b-9fd457d0fae4<-6633f50a-7046-4b08-9937-8e25f1b14b15#0:FAIL-t97, 4dea926d-4bc6-487a-9b9b-9fd457d0fae4<-67270882-100a-4e75-928d-618d17e069c8#0:FAIL-t97] and 0 exception(s); 4dea926d-4bc6-487a-9b9b-9fd457d0fae4@group-0C9C3B2D0CC1:t97, leader=null, voted=4dea926d-4bc6-487a-9b9b-9fd457d0fae4, raftlog=4dea926d-4bc6-487a-9b9b-9fd457d0fae4@group-0C9C3B2D0CC1-SegmentedRaftLog:OPENED:c-1,f-1,i0, conf=-1: [6633f50a-7046-4b08-9937-8e25f1b14b15:192.168.34.25:39338, 67270882-100a-4e75-928d-618d17e069c8:192.168.34.25:36648, 4dea926d-4bc6-487a-9b9b-9fd457d0fae4:192.168.34.25:41624], old=null
2019-10-18 07:24:01,730 [12ad0800-05cb-443c-9fdd-fa1debf04523@group-BCB82A5C07F5-LeaderElection1123] INFO  impl.RaftServerImpl (RaftServerImpl.java:setRole(184)) - 12ad0800-05cb-443c-9fdd-fa1debf04523@group-BCB82A5C07F5: changes role from CANDIDATE to FOLLOWER at term 108 for DISCOVERED_A_NEW_TERM
2019-10-18 07:24:01,731 [12ad0800-05cb-443c-9fdd-fa1debf04523@group-BCB82A5C07F5-LeaderElection1123] INFO  impl.RoleInfo (RoleInfo.java:shutdownLeaderElection(134)) - 12ad0800-05cb-443c-9fdd-fa1debf04523: shutdown LeaderElection
2019-10-18 07:24:01,731 [4dea926d-4bc6-487a-9b9b-9fd457d0fae4@group-0C9C3B2D0CC1-LeaderElection1124] INFO  impl.RaftServerImpl (RaftServerImpl.java:setRole(184)) - 4dea926d-4bc6-487a-9b9b-9fd457d0fae4@group-0C9C3B2D0CC1: changes role from CANDIDATE to FOLLOWER at term 97 for DISCOVERED_A_NEW_TERM
2019-10-18 07:24:01,731 [12ad0800-05cb-443c-9fdd-fa1debf04523@group-BCB82A5C07F5-LeaderElection1123] INFO  impl.RoleInfo (RoleInfo.java:updateAndGet(143)) - 12ad0800-05cb-443c-9fdd-fa1debf04523: start FollowerState
2019-10-18 07:24:01,731 [4dea926d-4bc6-487a-9b9b-9fd457d0fae4@group-0C9C3B2D0CC1-LeaderElection1124] INFO  impl.RoleInfo (RoleInfo.java:shutdownLeaderElection(134)) - 4dea926d-4bc6-487a-9b9b-9fd457d0fae4: shutdown LeaderElection
2019-10-18 07:24:01,731 [4dea926d-4bc6-487a-9b9b-9fd457d0fae4@group-0C9C3B2D0CC1-LeaderElection1124] INFO  impl.RoleInfo (RoleInfo.java:updateAndGet(143)) - 4dea926d-4bc6-487a-9b9b-9fd457d0fae4: start FollowerState
2019-10-18 07:24:01,771 [Thread-10028] INFO  impl.FollowerState (FollowerState.java:run(108)) - 4dea926d-4bc6-487a-9b9b-9fd457d0fae4@group-0C9C3B2D0CC1-FollowerState: change to CANDIDATE, lastRpcTime:39ms, electionTimeout:39ms
2019-10-18 07:24:01,771 [Thread-10028] INFO  impl.RoleInfo (RoleInfo.java:shutdownFollowerState(121)) - 4dea926d-4bc6-487a-9b9b-9fd457d0fae4: shutdown FollowerState
2019-10-18 07:24:01,771 [Thread-10028] INFO  impl.RaftServerImpl (RaftServerImpl.java:setRole(184)) - 4dea926d-4bc6-487a-9b9b-9fd457d0fae4@group-0C9C3B2D0CC1: changes role from  FOLLOWER to CANDIDATE at term 97 for changeToCandidate
2019-10-18 07:24:01,771 [Thread-10028] INFO  impl.RoleInfo (RoleInfo.java:updateAndGet(143)) - 4dea926d-4bc6-487a-9b9b-9fd457d0fae4: start LeaderElection
2019-10-18 07:24:01,797 [4dea926d-4bc6-487a-9b9b-9fd457d0fae4@group-0C9C3B2D0CC1-LeaderElection1125] INFO  impl.LeaderElection (LeaderElection.java:askForVotes(178)) - 4dea926d-4bc6-487a-9b9b-9fd457d0fae4@group-0C9C3B2D0CC1-LeaderElection1125: begin an election at term 98 for -1: [6633f50a-7046-4b08-9937-8e25f1b14b15:192.168.34.25:39338, 67270882-100a-4e75-928d-618d17e069c8:192.168.34.25:36648, 4dea926d-4bc6-487a-9b9b-9fd457d0fae4:192.168.34.25:41624], old=null
2019-10-18 07:24:01,799 [grpc-default-executor-4] INFO  impl.RaftServerImpl (RaftServerImpl.java:setRole(184)) - 6633f50a-7046-4b08-9937-8e25f1b14b15@group-0C9C3B2D0CC1: changes role from  FOLLOWER to FOLLOWER at term 98 for recognizeCandidate:4dea926d-4bc6-487a-9b9b-9fd457d0fae4
2019-10-18 07:24:01,799 [grpc-default-executor-12] INFO  impl.RaftServerImpl (RaftServerImpl.java:setRole(184)) - 67270882-100a-4e75-928d-618d17e069c8@group-0C9C3B2D0CC1: changes role from  FOLLOWER to FOLLOWER at term 98 for recognizeCandidate:4dea926d-4bc6-487a-9b9b-9fd457d0fae4
2019-10-18 07:24:01,799 [grpc-default-executor-4] INFO  impl.RoleInfo (RoleInfo.java:shutdownFollowerState(121)) - 6633f50a-7046-4b08-9937-8e25f1b14b15: shutdown FollowerState
2019-10-18 07:24:01,799 [grpc-default-executor-12] INFO  impl.RoleInfo (RoleInfo.java:shutdownFollowerState(121)) - 67270882-100a-4e75-928d-618d17e069c8: shutdown FollowerState
2019-10-18 07:24:01,799 [Thread-10023] INFO  impl.FollowerState (FollowerState.java:run(117)) - 6633f50a-7046-4b08-9937-8e25f1b14b15@group-0C9C3B2D0CC1-FollowerState was interrupted: java.lang.InterruptedException: sleep interrupted
2019-10-18 07:24:01,799 [grpc-default-executor-4] INFO  impl.RoleInfo (RoleInfo.java:updateAndGet(143)) - 6633f50a-7046-4b08-9937-8e25f1b14b15: start FollowerState
2019-10-18 07:24:01,799 [Thread-10026] INFO  impl.FollowerState (FollowerState.java:run(117)) - 67270882-100a-4e75-928d-618d17e069c8@group-0C9C3B2D0CC1-FollowerState was interrupted: java.lang.InterruptedException: sleep interrupted
2019-10-18 07:24:01,799 [grpc-default-executor-12] INFO  impl.RoleInfo (RoleInfo.java:updateAndGet(143)) - 67270882-100a-4e75-928d-618d17e069c8: start FollowerState
2019-10-18 07:24:01,823 [4dea926d-4bc6-487a-9b9b-9fd457d0fae4@group-0C9C3B2D0CC1-LeaderElection1125] INFO  impl.LeaderElection (LeaderElection.java:logAndReturn(56)) - 4dea926d-4bc6-487a-9b9b-9fd457d0fae4@group-0C9C3B2D0CC1-LeaderElection1125: Election REJECTED; received 2 response(s) [4dea926d-4bc6-487a-9b9b-9fd457d0fae4<-6633f50a-7046-4b08-9937-8e25f1b14b15#0:FAIL-t98, 4dea926d-4bc6-487a-9b9b-9fd457d0fae4<-67270882-100a-4e75-928d-618d17e069c8#0:FAIL-t98] and 0 exception(s); 4dea926d-4bc6-487a-9b9b-9fd457d0fae4@group-0C9C3B2D0CC1:t98, leader=null, voted=4dea926d-4bc6-487a-9b9b-9fd457d0fae4, raftlog=4dea926d-4bc6-487a-9b9b-9fd457d0fae4@group-0C9C3B2D0CC1-SegmentedRaftLog:OPENED:c-1,f-1,i0, conf=-1: [6633f50a-7046-4b08-9937-8e25f1b14b15:192.168.34.25:39338, 67270882-100a-4e75-928d-618d17e069c8:192.168.34.25:36648, 4dea926d-4bc6-487a-9b9b-9fd457d0fae4:192.168.34.25:41624], old=null
2019-10-18 07:24:01,824 [4dea926d-4bc6-487a-9b9b-9fd457d0fae4@group-0C9C3B2D0CC1-LeaderElection1125] INFO  impl.RaftServerImpl (RaftServerImpl.java:setRole(184)) - 4dea926d-4bc6-487a-9b9b-9fd457d0fae4@group-0C9C3B2D0CC1: changes role from CANDIDATE to FOLLOWER at term 98 for DISCOVERED_A_NEW_TERM
2019-10-18 07:24:01,824 [4dea926d-4bc6-487a-9b9b-9fd457d0fae4@group-0C9C3B2D0CC1-LeaderElection1125] INFO  impl.RoleInfo (RoleInfo.java:shutdownLeaderElection(134)) - 4dea926d-4bc6-487a-9b9b-9fd457d0fae4: shutdown LeaderElection
2019-10-18 07:24:01,824 [4dea926d-4bc6-487a-9b9b-9fd457d0fae4@group-0C9C3B2D0CC1-LeaderElection1125] INFO  impl.RoleInfo (RoleInfo.java:updateAndGet(143)) - 4dea926d-4bc6-487a-9b9b-9fd457d0fae4: start FollowerState
2019-10-18 07:24:01,834 [Thread-10027] INFO  impl.FollowerState (FollowerState.java:run(108)) - 12ad0800-05cb-443c-9fdd-fa1debf04523@group-BCB82A5C07F5-FollowerState: change to CANDIDATE, lastRpcTime:103ms, electionTimeout:103ms
2019-10-18 07:24:01,834 [Thread-10027] INFO  impl.RoleInfo (RoleInfo.java:shutdownFollowerState(121)) - 12ad0800-05cb-443c-9fdd-fa1debf04523: shutdown FollowerState
2019-10-18 07:24:01,835 [Thread-10027] INFO  impl.RaftServerImpl (RaftServerImpl.java:setRole(184)) - 12ad0800-05cb-443c-9fdd-fa1debf04523@group-BCB82A5C07F5: changes role from  FOLLOWER to CANDIDATE at term 108 for changeToCandidate
2019-10-18 07:24:01,835 [Thread-10027] INFO  impl.RoleInfo (RoleInfo.java:updateAndGet(143)) - 12ad0800-05cb-443c-9fdd-fa1debf04523: start LeaderElection
2019-10-18 07:24:01,858 [12ad0800-05cb-443c-9fdd-fa1debf04523@group-BCB82A5C07F5-LeaderElection1126] INFO  impl.LeaderElection (LeaderElection.java:askForVotes(178)) - 12ad0800-05cb-443c-9fdd-fa1debf04523@group-BCB82A5C07F5-LeaderElection1126: begin an election at term 109 for -1: [12ad0800-05cb-443c-9fdd-fa1debf04523:192.168.34.25:41155, 5170c5f3-8499-4b42-9321-85fc8a351f79:192.168.34.25:43074, 0b10a9fc-47eb-4a2b-b664-8273d9d17379:192.168.34.25:45248], old=null
2019-10-18 07:24:01,859 [grpc-default-executor-12] INFO  impl.RaftServerImpl (RaftServerImpl.java:setRole(184)) - 5170c5f3-8499-4b42-9321-85fc8a351f79@group-BCB82A5C07F5: changes role from  FOLLOWER to FOLLOWER at term 109 for recognizeCandidate:12ad0800-05cb-443c-9fdd-fa1debf04523
2019-10-18 07:24:01,859 [grpc-default-executor-4] INFO  impl.RaftServerImpl (RaftServerImpl.java:setRole(184)) - 0b10a9fc-47eb-4a2b-b664-8273d9d17379@group-BCB82A5C07F5: changes role from  FOLLOWER to FOLLOWER at term 109 for recognizeCandidate:12ad0800-05cb-443c-9fdd-fa1debf04523
2019-10-18 07:24:01,859 [grpc-default-executor-12] INFO  impl.RoleInfo (RoleInfo.java:shutdownFollowerState(121)) - 5170c5f3-8499-4b42-9321-85fc8a351f79: shutdown FollowerState
2019-10-18 07:24:01,859 [grpc-default-executor-4] INFO  impl.RoleInfo (RoleInfo.java:shutdownFollowerState(121)) - 0b10a9fc-47eb-4a2b-b664-8273d9d17379: shutdown FollowerState
2019-10-18 07:24:01,859 [grpc-default-executor-12] INFO  impl.RoleInfo (RoleInfo.java:updateAndGet(143)) - 5170c5f3-8499-4b42-9321-85fc8a351f79: start FollowerState
2019-10-18 07:24:01,860 [Thread-10025] INFO  impl.FollowerState (FollowerState.java:run(117)) - 0b10a9fc-47eb-4a2b-b664-8273d9d17379@group-BCB82A5C07F5-FollowerState was interrupted: java.lang.InterruptedException: sleep interrupted
2019-10-18 07:24:01,860 [grpc-default-executor-4] INFO  impl.RoleInfo (RoleInfo.java:updateAndGet(143)) - 0b10a9fc-47eb-4a2b-b664-8273d9d17379: start FollowerState
2019-10-18 07:24:01,859 [Thread-10024] INFO  impl.FollowerState (FollowerState.java:run(117)) - 5170c5f3-8499-4b42-9321-85fc8a351f79@group-BCB82A5C07F5-FollowerState was interrupted: java.lang.InterruptedException: sleep interrupted
2019-10-18 07:24:01,884 [12ad0800-05cb-443c-9fdd-fa1debf04523@group-BCB82A5C07F5-LeaderElection1126] INFO  impl.LeaderElection (LeaderElection.java:logAndReturn(56)) - 12ad0800-05cb-443c-9fdd-fa1debf04523@group-BCB82A5C07F5-LeaderElection1126: Election REJECTED; received 2 response(s) [12ad0800-05cb-443c-9fdd-fa1debf04523<-5170c5f3-8499-4b42-9321-85fc8a351f79#0:FAIL-t109, 12ad0800-05cb-443c-9fdd-fa1debf04523<-0b10a9fc-47eb-4a2b-b664-8273d9d17379#0:FAIL-t109] and 0 exception(s); 12ad0800-05cb-443c-9fdd-fa1debf04523@group-BCB82A5C07F5:t109, leader=null, voted=12ad0800-05cb-443c-9fdd-fa1debf04523, raftlog=12ad0800-05cb-443c-9fdd-fa1debf04523@group-BCB82A5C07F5-SegmentedRaftLog:OPENED:c-1,f-1,i0, conf=-1: [12ad0800-05cb-443c-9fdd-fa1debf04523:192.168.34.25:41155, 5170c5f3-8499-4b42-9321-85fc8a351f79:192.168.34.25:43074, 0b10a9fc-47eb-4a2b-b664-8273d9d17379:192.168.34.25:45248], old=null
2019-10-18 07:24:01,884 [12ad0800-05cb-443c-9fdd-fa1debf04523@group-BCB82A5C07F5-LeaderElection1126] INFO  impl.RaftServerImpl (RaftServerImpl.java:setRole(184)) - 12ad0800-05cb-443c-9fdd-fa1debf04523@group-BCB82A5C07F5: changes role from CANDIDATE to FOLLOWER at term 109 for DISCOVERED_A_NEW_TERM
2019-10-18 07:24:01,884 [12ad0800-05cb-443c-9fdd-fa1debf04523@group-BCB82A5C07F5-LeaderElection1126] INFO  impl.RoleInfo (RoleInfo.java:shutdownLeaderElection(134)) - 12ad0800-05cb-443c-9fdd-fa1debf04523: shutdown LeaderElection
2019-10-18 07:24:01,884 [12ad0800-05cb-443c-9fdd-fa1debf04523@group-BCB82A5C07F5-LeaderElection1126] INFO  impl.RoleInfo (RoleInfo.java:updateAndGet(143)) - 12ad0800-05cb-443c-9fdd-fa1debf04523: start FollowerState
2019-10-18 07:24:01,994 [Thread-10040] INFO  impl.FollowerState (FollowerState.java:run(108)) - 12ad0800-05cb-443c-9fdd-fa1debf04523@group-BCB82A5C07F5-FollowerState: change to CANDIDATE, lastRpcTime:110ms, electionTimeout:110ms
2019-10-18 07:24:01,995 [Thread-10040] INFO  impl.RoleInfo (RoleInfo.java:shutdownFollowerState(121)) - 12ad0800-05cb-443c-9fdd-fa1debf04523: shutdown FollowerState
2019-10-18 07:24:01,995 [Thread-10040] INFO  impl.RaftServerImpl (RaftServerImpl.java:setRole(184)) - 12ad0800-05cb-443c-9fdd-fa1debf04523@group-BCB82A5C07F5: changes role from  FOLLOWER to CANDIDATE at term 109 for changeToCandidate
2019-10-18 07:24:01,995 [Thread-10040] INFO  impl.RoleInfo (RoleInfo.java:updateAndGet(143)) - 12ad0800-05cb-443c-9fdd-fa1debf04523: start LeaderElection
2019-10-18 07:24:02,012 [Thread-10034] INFO  impl.FollowerState (FollowerState.java:run(108)) - 4dea926d-4bc6-487a-9b9b-9fd457d0fae4@group-0C9C3B2D0CC1-FollowerState: change to CANDIDATE, lastRpcTime:188ms, electionTimeout:188ms
2019-10-18 07:24:02,012 [Thread-10034] INFO  impl.RoleInfo (RoleInfo.java:shutdownFollowerState(121)) - 4dea926d-4bc6-487a-9b9b-9fd457d0fae4: shutdown FollowerState
2019-10-18 07:24:02,012 [Thread-10034] INFO  impl.RaftServerImpl (RaftServerImpl.java:setRole(184)) - 4dea926d-4bc6-487a-9b9b-9fd457d0fae4@group-0C9C3B2D0CC1: changes role from  FOLLOWER to CANDIDATE at term 98 for changeToCandidate
2019-10-18 07:24:02,012 [Thread-10034] INFO  impl.RoleInfo (RoleInfo.java:updateAndGet(143)) - 4dea926d-4bc6-487a-9b9b-9fd457d0fae4: start LeaderElection
2019-10-18 07:24:02,026 [12ad0800-05cb-443c-9fdd-fa1debf04523@group-BCB82A5C07F5-LeaderElection1127] INFO  impl.LeaderElection (LeaderElection.java:askForVotes(178)) - 12ad0800-05cb-443c-9fdd-fa1debf04523@group-BCB82A5C07F5-LeaderElection1127: begin an election at term 110 for -1: [12ad0800-05cb-443c-9fdd-fa1debf04523:192.168.34.25:41155, 5170c5f3-8499-4b42-9321-85fc8a351f79:192.168.34.25:43074, 0b10a9fc-47eb-4a2b-b664-8273d9d17379:192.168.34.25:45248], old=null
2019-10-18 07:24:02,027 [grpc-default-executor-12] INFO  impl.RaftServerImpl (RaftServerImpl.java:setRole(184)) - 0b10a9fc-47eb-4a2b-b664-8273d9d17379@group-BCB82A5C07F5: changes role from  FOLLOWER to FOLLOWER at term 110 for recognizeCandidate:12ad0800-05cb-443c-9fdd-fa1debf04523
2019-10-18 07:24:02,027 [grpc-default-executor-12] INFO  impl.RoleInfo (RoleInfo.java:shutdownFollowerState(121)) - 0b10a9fc-47eb-4a2b-b664-8273d9d17379: shutdown FollowerState
2019-10-18 07:24:02,028 [grpc-default-executor-4] INFO  impl.RaftServerImpl (RaftServerImpl.java:setRole(184)) - 5170c5f3-8499-4b42-9321-85fc8a351f79@group-BCB82A5C07F5: changes role from  FOLLOWER to FOLLOWER at term 110 for recognizeCandidate:12ad0800-05cb-443c-9fdd-fa1debf04523
2019-10-18 07:24:02,028 [grpc-default-executor-4] INFO  impl.RoleInfo (RoleInfo.java:shutdownFollowerState(121)) - 5170c5f3-8499-4b42-9321-85fc8a351f79: shutdown FollowerState
2019-10-18 07:24:02,028 [Thread-10039] INFO  impl.FollowerState (FollowerState.java:run(117)) - 0b10a9fc-47eb-4a2b-b664-8273d9d17379@group-BCB82A5C07F5-FollowerState was interrupted: java.lang.InterruptedException: sleep interrupted
2019-10-18 07:24:02,028 [grpc-default-executor-12] INFO  impl.RoleInfo (RoleInfo.java:updateAndGet(143)) - 0b10a9fc-47eb-4a2b-b664-8273d9d17379: start FollowerState
2019-10-18 07:24:02,028 [grpc-default-executor-4] INFO  impl.RoleInfo (RoleInfo.java:updateAndGet(143)) - 5170c5f3-8499-4b42-9321-85fc8a351f79: start FollowerState
2019-10-18 07:24:02,028 [Thread-10038] INFO  impl.FollowerState (FollowerState.java:run(117)) - 5170c5f3-8499-4b42-9321-85fc8a351f79@group-BCB82A5C07F5-FollowerState was interrupted: java.lang.InterruptedException: sleep interrupted
2019-10-18 07:24:02,047 [4dea926d-4bc6-487a-9b9b-9fd457d0fae4@group-0C9C3B2D0CC1-LeaderElection1128] INFO  impl.LeaderElection (LeaderElection.java:askForVotes(178)) - 4dea926d-4bc6-487a-9b9b-9fd457d0fae4@group-0C9C3B2D0CC1-LeaderElection1128: begin an election at term 99 for -1: [6633f50a-7046-4b08-9937-8e25f1b14b15:192.168.34.25:39338, 67270882-100a-4e75-928d-618d17e069c8:192.168.34.25:36648, 4dea926d-4bc6-487a-9b9b-9fd457d0fae4:192.168.34.25:41624], old=null
2019-10-18 07:24:02,048 [12ad0800-05cb-443c-9fdd-fa1debf04523@group-BCB82A5C07F5-LeaderElection1127] INFO  impl.LeaderElection (LeaderElection.java:logAndReturn(56)) - 12ad0800-05cb-443c-9fdd-fa1debf04523@group-BCB82A5C07F5-LeaderElection1127: Election REJECTED; received 2 response(s) [12ad0800-05cb-443c-9fdd-fa1debf04523<-5170c5f3-8499-4b42-9321-85fc8a351f79#0:FAIL-t110, 12ad0800-05cb-443c-9fdd-fa1debf04523<-0b10a9fc-47eb-4a2b-b664-8273d9d17379#0:FAIL-t110] and 0 exception(s); 12ad0800-05cb-443c-9fdd-fa1debf04523@group-BCB82A5C07F5:t110, leader=null, voted=12ad0800-05cb-443c-9fdd-fa1debf04523, raftlog=12ad0800-05cb-443c-9fdd-fa1debf04523@group-BCB82A5C07F5-SegmentedRaftLog:OPENED:c-1,f-1,i0, conf=-1: [12ad0800-05cb-443c-9fdd-fa1debf04523:192.168.34.25:41155, 5170c5f3-8499-4b42-9321-85fc8a351f79:192.168.34.25:43074, 0b10a9fc-47eb-4a2b-b664-8273d9d17379:192.168.34.25:45248], old=null
2019-10-18 07:24:02,048 [12ad0800-05cb-443c-9fdd-fa1debf04523@group-BCB82A5C07F5-LeaderElection1127] INFO  impl.RaftServerImpl (RaftServerImpl.java:setRole(184)) - 12ad0800-05cb-443c-9fdd-fa1debf04523@group-BCB82A5C07F5: changes role from CANDIDATE to FOLLOWER at term 110 for DISCOVERED_A_NEW_TERM
2019-10-18 07:24:02,048 [12ad0800-05cb-443c-9fdd-fa1debf04523@group-BCB82A5C07F5-LeaderElection1127] INFO  impl.RoleInfo (RoleInfo.java:shutdownLeaderElection(134)) - 12ad0800-05cb-443c-9fdd-fa1debf04523: shutdown LeaderElection
2019-10-18 07:24:02,048 [grpc-default-executor-4] INFO  impl.RaftServerImpl (RaftServerImpl.java:setRole(184)) - 6633f50a-7046-4b08-9937-8e25f1b14b15@group-0C9C3B2D0CC1: changes role from  FOLLOWER to FOLLOWER at term 99 for recognizeCandidate:4dea926d-4bc6-487a-9b9b-9fd457d0fae4
2019-10-18 07:24:02,048 [grpc-default-executor-4] INFO  impl.RoleInfo (RoleInfo.java:shutdownFollowerState(121)) - 6633f50a-7046-4b08-9937-8e25f1b14b15: shutdown FollowerState
2019-10-18 07:24:02,048 [12ad0800-05cb-443c-9fdd-fa1debf04523@group-BCB82A5C07F5-LeaderElection1127] INFO  impl.RoleInfo (RoleInfo.java:updateAndGet(143)) - 12ad0800-05cb-443c-9fdd-fa1debf04523: start FollowerState
2019-10-18 07:24:02,048 [Thread-10032] INFO  impl.FollowerState (FollowerState.java:run(117)) - 6633f50a-7046-4b08-9937-8e25f1b14b15@group-0C9C3B2D0CC1-FollowerState was interrupted: java.lang.InterruptedException: sleep interrupted
2019-10-18 07:24:02,048 [grpc-default-executor-12] INFO  impl.RaftServerImpl (RaftServerImpl.java:setRole(184)) - 67270882-100a-4e75-928d-618d17e069c8@group-0C9C3B2D0CC1: changes role from  FOLLOWER to FOLLOWER at term 99 for recognizeCandidate:4dea926d-4bc6-487a-9b9b-9fd457d0fae4
2019-10-18 07:24:02,049 [grpc-default-executor-12] INFO  impl.RoleInfo (RoleInfo.java:shutdownFollowerState(121)) - 67270882-100a-4e75-928d-618d17e069c8: shutdown FollowerState
2019-10-18 07:24:02,048 [grpc-default-executor-4] INFO  impl.RoleInfo (RoleInfo.java:updateAndGet(143)) - 6633f50a-7046-4b08-9937-8e25f1b14b15: start FollowerState
2019-10-18 07:24:02,049 [Thread-10033] INFO  impl.FollowerState (FollowerState.java:run(117)) - 67270882-100a-4e75-928d-618d17e069c8@group-0C9C3B2D0CC1-FollowerState was interrupted: java.lang.InterruptedException: sleep interrupted
2019-10-18 07:24:02,049 [grpc-default-executor-12] INFO  impl.RoleInfo (RoleInfo.java:updateAndGet(143)) - 67270882-100a-4e75-928d-618d17e069c8: start FollowerState
2019-10-18 07:24:02,073 [4dea926d-4bc6-487a-9b9b-9fd457d0fae4@group-0C9C3B2D0CC1-LeaderElection1128] INFO  impl.LeaderElection (LeaderElection.java:logAndReturn(56)) - 4dea926d-4bc6-487a-9b9b-9fd457d0fae4@group-0C9C3B2D0CC1-LeaderElection1128: Election REJECTED; received 2 response(s) [4dea926d-4bc6-487a-9b9b-9fd457d0fae4<-6633f50a-7046-4b08-9937-8e25f1b14b15#0:FAIL-t99, 4dea926d-4bc6-487a-9b9b-9fd457d0fae4<-67270882-100a-4e75-928d-618d17e069c8#0:FAIL-t99] and 0 exception(s); 4dea926d-4bc6-487a-9b9b-9fd457d0fae4@group-0C9C3B2D0CC1:t99, leader=null, voted=4dea926d-4bc6-487a-9b9b-9fd457d0fae4, raftlog=4dea926d-4bc6-487a-9b9b-9fd457d0fae4@group-0C9C3B2D0CC1-SegmentedRaftLog:OPENED:c-1,f-1,i0, conf=-1: [6633f50a-7046-4b08-9937-8e25f1b14b15:192.168.34.25:39338, 67270882-100a-4e75-928d-618d17e069c8:192.168.34.25:36648, 4dea926d-4bc6-487a-9b9b-9fd457d0fae4:192.168.34.25:41624], old=null
2019-10-18 07:24:02,073 [4dea926d-4bc6-487a-9b9b-9fd457d0fae4@group-0C9C3B2D0CC1-LeaderElection1128] INFO  impl.RaftServerImpl (RaftServerImpl.java:setRole(184)) - 4dea926d-4bc6-487a-9b9b-9fd457d0fae4@group-0C9C3B2D0CC1: changes role from CANDIDATE to FOLLOWER at term 99 for DISCOVERED_A_NEW_TERM
2019-10-18 07:24:02,073 [4dea926d-4bc6-487a-9b9b-9fd457d0fae4@group-0C9C3B2D0CC1-LeaderElection1128] INFO  impl.RoleInfo (RoleInfo.java:shutdownLeaderElection(134)) - 4dea926d-4bc6-487a-9b9b-9fd457d0fae4: shutdown LeaderElection
2019-10-18 07:24:02,074 [4dea926d-4bc6-487a-9b9b-9fd457d0fae4@group-0C9C3B2D0CC1-LeaderElection1128] INFO  impl.RoleInfo (RoleInfo.java:updateAndGet(143)) - 4dea926d-4bc6-487a-9b9b-9fd457d0fae4: start FollowerState
2019-10-18 07:24:02,076 [Thread-10051] INFO  impl.FollowerState (FollowerState.java:run(108)) - 12ad0800-05cb-443c-9fdd-fa1debf04523@group-BCB82A5C07F5-FollowerState: change to CANDIDATE, lastRpcTime:27ms, electionTimeout:27ms
2019-10-18 07:24:02,076 [Thread-10051] INFO  impl.RoleInfo (RoleInfo.java:shutdownFollowerState(121)) - 12ad0800-05cb-443c-9fdd-fa1debf04523: shutdown FollowerState
2019-10-18 07:24:02,076 [Thread-10051] INFO  impl.RaftServerImpl (RaftServerImpl.java:setRole(184)) - 12ad0800-05cb-443c-9fdd-fa1debf04523@group-BCB82A5C07F5: changes role from  FOLLOWER to CANDIDATE at term 110 for changeToCandidate
2019-10-18 07:24:02,076 [Thread-10051] INFO  impl.RoleInfo (RoleInfo.java:updateAndGet(143)) - 12ad0800-05cb-443c-9fdd-fa1debf04523: start LeaderElection
2019-10-18 07:24:02,099 [12ad0800-05cb-443c-9fdd-fa1debf04523@group-BCB82A5C07F5-LeaderElection1129] INFO  impl.LeaderElection (LeaderElection.java:askForVotes(178)) - 12ad0800-05cb-443c-9fdd-fa1debf04523@group-BCB82A5C07F5-LeaderElection1129: begin an election at term 111 for -1: [12ad0800-05cb-443c-9fdd-fa1debf04523:192.168.34.25:41155, 5170c5f3-8499-4b42-9321-85fc8a351f79:192.168.34.25:43074, 0b10a9fc-47eb-4a2b-b664-8273d9d17379:192.168.34.25:45248], old=null
2019-10-18 07:24:02,100 [grpc-default-executor-4] INFO  impl.RaftServerImpl (RaftServerImpl.java:setRole(184)) - 0b10a9fc-47eb-4a2b-b664-8273d9d17379@group-BCB82A5C07F5: changes role from  FOLLOWER to FOLLOWER at term 111 for recognizeCandidate:12ad0800-05cb-443c-9fdd-fa1debf04523
2019-10-18 07:24:02,100 [grpc-default-executor-4] INFO  impl.RoleInfo (RoleInfo.java:shutdownFollowerState(121)) - 0b10a9fc-47eb-4a2b-b664-8273d9d17379: shutdown FollowerState
2019-10-18 07:24:02,100 [grpc-default-executor-12] INFO  impl.RaftServerImpl (RaftServerImpl.java:setRole(184)) - 5170c5f3-8499-4b42-9321-85fc8a351f79@group-BCB82A5C07F5: changes role from  FOLLOWER to FOLLOWER at term 111 for recognizeCandidate:12ad0800-05cb-443c-9fdd-fa1debf04523
2019-10-18 07:24:02,100 [Thread-10047] INFO  impl.FollowerState (FollowerState.java:run(117)) - 0b10a9fc-47eb-4a2b-b664-8273d9d17379@group-BCB82A5C07F5-FollowerState was interrupted: java.lang.InterruptedException: sleep interrupted
2019-10-18 07:24:02,100 [grpc-default-executor-4] INFO  impl.RoleInfo (RoleInfo.java:updateAndGet(143)) - 0b10a9fc-47eb-4a2b-b664-8273d9d17379: start FollowerState
2019-10-18 07:24:02,100 [grpc-default-executor-12] INFO  impl.RoleInfo (RoleInfo.java:shutdownFollowerState(121)) - 5170c5f3-8499-4b42-9321-85fc8a351f79: shutdown FollowerState
2019-10-18 07:24:02,100 [grpc-default-executor-12] INFO  impl.RoleInfo (RoleInfo.java:updateAndGet(143)) - 5170c5f3-8499-4b42-9321-85fc8a351f79: start FollowerState
2019-10-18 07:24:02,100 [Thread-10048] INFO  impl.FollowerState (FollowerState.java:run(117)) - 5170c5f3-8499-4b42-9321-85fc8a351f79@group-BCB82A5C07F5-FollowerState was interrupted: java.lang.InterruptedException: sleep interrupted
2019-10-18 07:24:02,103 [Thread-10054] INFO  impl.FollowerState (FollowerState.java:run(108)) - 4dea926d-4bc6-487a-9b9b-9fd457d0fae4@group-0C9C3B2D0CC1-FollowerState: change to CANDIDATE, lastRpcTime:29ms, electionTimeout:29ms
2019-10-18 07:24:02,103 [Thread-10054] INFO  impl.RoleInfo (RoleInfo.java:shutdownFollowerState(121)) - 4dea926d-4bc6-487a-9b9b-9fd457d0fae4: shutdown FollowerState
2019-10-18 07:24:02,103 [Thread-10054] INFO  impl.RaftServerImpl (RaftServerImpl.java:setRole(184)) - 4dea926d-4bc6-487a-9b9b-9fd457d0fae4@group-0C9C3B2D0CC1: changes role from  FOLLOWER to CANDIDATE at term 99 for changeToCandidate
2019-10-18 07:24:02,103 [Thread-10054] INFO  impl.RoleInfo (RoleInfo.java:updateAndGet(143)) - 4dea926d-4bc6-487a-9b9b-9fd457d0fae4: start LeaderElection
2019-10-18 07:24:02,123 [4dea926d-4bc6-487a-9b9b-9fd457d0fae4@group-0C9C3B2D0CC1-LeaderElection1130] INFO  impl.LeaderElection (LeaderElection.java:askForVotes(178)) - 4dea926d-4bc6-487a-9b9b-9fd457d0fae4@group-0C9C3B2D0CC1-LeaderElection1130: begin an election at term 100 for -1: [6633f50a-7046-4b08-9937-8e25f1b14b15:192.168.34.25:39338, 67270882-100a-4e75-928d-618d17e069c8:192.168.34.25:36648, 4dea926d-4bc6-487a-9b9b-9fd457d0fae4:192.168.34.25:41624], old=null
2019-10-18 07:24:02,124 [12ad0800-05cb-443c-9fdd-fa1debf04523@group-BCB82A5C07F5-LeaderElection1129] INFO  impl.LeaderElection (LeaderElection.java:logAndReturn(56)) - 12ad0800-05cb-443c-9fdd-fa1debf04523@group-BCB82A5C07F5-LeaderElection1129: Election REJECTED; received 2 response(s) [12ad0800-05cb-443c-9fdd-fa1debf04523<-5170c5f3-8499-4b42-9321-85fc8a351f79#0:FAIL-t111, 12ad0800-05cb-443c-9fdd-fa1debf04523<-0b10a9fc-47eb-4a2b-b664-8273d9d17379#0:FAIL-t111] and 0 exception(s); 12ad0800-05cb-443c-9fdd-fa1debf04523@group-BCB82A5C07F5:t111, leader=null, voted=12ad0800-05cb-443c-9fdd-fa1debf04523, raftlog=12ad0800-05cb-443c-9fdd-fa1debf04523@group-BCB82A5C07F5-SegmentedRaftLog:OPENED:c-1,f-1,i0, conf=-1: [12ad0800-05cb-443c-9fdd-fa1debf04523:192.168.34.25:41155, 5170c5f3-8499-4b42-9321-85fc8a351f79:192.168.34.25:43074, 0b10a9fc-47eb-4a2b-b664-8273d9d17379:192.168.34.25:45248], old=null
2019-10-18 07:24:02,124 [12ad0800-05cb-443c-9fdd-fa1debf04523@group-BCB82A5C07F5-LeaderElection1129] INFO  impl.RaftServerImpl (RaftServerImpl.java:setRole(184)) - 12ad0800-05cb-443c-9fdd-fa1debf04523@group-BCB82A5C07F5: changes role from CANDIDATE to FOLLOWER at term 111 for DISCOVERED_A_NEW_TERM
2019-10-18 07:24:02,124 [12ad0800-05cb-443c-9fdd-fa1debf04523@group-BCB82A5C07F5-LeaderElection1129] INFO  impl.RoleInfo (RoleInfo.java:shutdownLeaderElection(134)) - 12ad0800-05cb-443c-9fdd-fa1debf04523: shutdown LeaderElection
2019-10-18 07:24:02,124 [12ad0800-05cb-443c-9fdd-fa1debf04523@group-BCB82A5C07F5-LeaderElection1129] INFO  impl.RoleInfo (RoleInfo.java:updateAndGet(143)) - 12ad0800-05cb-443c-9fdd-fa1debf04523: start FollowerState
2019-10-18 07:24:02,125 [grpc-default-executor-4] INFO  impl.RaftServerImpl (RaftServerImpl.java:setRole(184)) - 6633f50a-7046-4b08-9937-8e25f1b14b15@group-0C9C3B2D0CC1: changes role from  FOLLOWER to FOLLOWER at term 100 for recognizeCandidate:4dea926d-4bc6-487a-9b9b-9fd457d0fae4
2019-10-18 07:24:02,125 [grpc-default-executor-4] INFO  impl.RoleInfo (RoleInfo.java:shutdownFollowerState(121)) - 6633f50a-7046-4b08-9937-8e25f1b14b15: shutdown FollowerState
2019-10-18 07:24:02,125 [grpc-default-executor-12] INFO  impl.RaftServerImpl (RaftServerImpl.java:setRole(184)) - 67270882-100a-4e75-928d-618d17e069c8@group-0C9C3B2D0CC1: changes role from  FOLLOWER to FOLLOWER at term 100 for recognizeCandidate:4dea926d-4bc6-487a-9b9b-9fd457d0fae4
2019-10-18 07:24:02,125 [grpc-default-executor-12] INFO  impl.RoleInfo (RoleInfo.java:shutdownFollowerState(121)) - 67270882-100a-4e75-928d-618d17e069c8: shutdown FollowerState
2019-10-18 07:24:02,125 [Thread-10052] INFO  impl.FollowerState (FollowerState.java:run(117)) - 6633f50a-7046-4b08-9937-8e25f1b14b15@group-0C9C3B2D0CC1-FollowerState was interrupted: java.lang.InterruptedException: sleep interrupted
2019-10-18 07:24:02,125 [Thread-10053] INFO  impl.FollowerState (FollowerState.java:run(117)) - 67270882-100a-4e75-928d-618d17e069c8@group-0C9C3B2D0CC1-FollowerState was interrupted: java.lang.InterruptedException: sleep interrupted
2019-10-18 07:24:02,125 [grpc-default-executor-4] INFO  impl.RoleInfo (RoleInfo.java:updateAndGet(143)) - 6633f50a-7046-4b08-9937-8e25f1b14b15: start FollowerState
2019-10-18 07:24:02,125 [grpc-default-executor-12] INFO  impl.RoleInfo (RoleInfo.java:updateAndGet(143)) - 67270882-100a-4e75-928d-618d17e069c8: start FollowerState
2019-10-18 07:24:02,149 [4dea926d-4bc6-487a-9b9b-9fd457d0fae4@group-0C9C3B2D0CC1-LeaderElection1130] INFO  impl.LeaderElection (LeaderElection.java:logAndReturn(56)) - 4dea926d-4bc6-487a-9b9b-9fd457d0fae4@group-0C9C3B2D0CC1-LeaderElection1130: Election REJECTED; received 2 response(s) [4dea926d-4bc6-487a-9b9b-9fd457d0fae4<-6633f50a-7046-4b08-9937-8e25f1b14b15#0:FAIL-t100, 4dea926d-4bc6-487a-9b9b-9fd457d0fae4<-67270882-100a-4e75-928d-618d17e069c8#0:FAIL-t100] and 0 exception(s); 4dea926d-4bc6-487a-9b9b-9fd457d0fae4@group-0C9C3B2D0CC1:t100, leader=null, voted=4dea926d-4bc6-487a-9b9b-9fd457d0fae4, raftlog=4dea926d-4bc6-487a-9b9b-9fd457d0fae4@group-0C9C3B2D0CC1-SegmentedRaftLog:OPENED:c-1,f-1,i0, conf=-1: [6633f50a-7046-4b08-9937-8e25f1b14b15:192.168.34.25:39338, 67270882-100a-4e75-928d-618d17e069c8:192.168.34.25:36648, 4dea926d-4bc6-487a-9b9b-9fd457d0fae4:192.168.34.25:41624], old=null
2019-10-18 07:24:02,149 [4dea926d-4bc6-487a-9b9b-9fd457d0fae4@group-0C9C3B2D0CC1-LeaderElection1130] INFO  impl.RaftServerImpl (RaftServerImpl.java:setRole(184)) - 4dea926d-4bc6-487a-9b9b-9fd457d0fae4@group-0C9C3B2D0CC1: changes role from CANDIDATE to FOLLOWER at term 100 for DISCOVERED_A_NEW_TERM
2019-10-18 07:24:02,149 [4dea926d-4bc6-487a-9b9b-9fd457d0fae4@group-0C9C3B2D0CC1-LeaderElection1130] INFO  impl.RoleInfo (RoleInfo.java:shutdownLeaderElection(134)) - 4dea926d-4bc6-487a-9b9b-9fd457d0fae4: shutdown LeaderElection
2019-10-18 07:24:02,149 [4dea926d-4bc6-487a-9b9b-9fd457d0fae4@group-0C9C3B2D0CC1-LeaderElection1130] INFO  impl.RoleInfo (RoleInfo.java:updateAndGet(143)) - 4dea926d-4bc6-487a-9b9b-9fd457d0fae4: start FollowerState
2019-10-18 07:24:02,231 [Thread-10066] INFO  impl.FollowerState (FollowerState.java:run(108)) - 4dea926d-4bc6-487a-9b9b-9fd457d0fae4@group-0C9C3B2D0CC1-FollowerState: change to CANDIDATE, lastRpcTime:82ms, electionTimeout:82ms
2019-10-18 07:24:02,231 [Thread-10066] INFO  impl.RoleInfo (RoleInfo.java:shutdownFollowerState(121)) - 4dea926d-4bc6-487a-9b9b-9fd457d0fae4: shutdown FollowerState
2019-10-18 07:24:02,232 [Thread-10066] INFO  impl.RaftServerImpl (RaftServerImpl.java:setRole(184)) - 4dea926d-4bc6-487a-9b9b-9fd457d0fae4@group-0C9C3B2D0CC1: changes role from  FOLLOWER to CANDIDATE at term 100 for changeToCandidate
2019-10-18 07:24:02,232 [Thread-10066] INFO  impl.RoleInfo (RoleInfo.java:updateAndGet(143)) - 4dea926d-4bc6-487a-9b9b-9fd457d0fae4: start LeaderElection
2019-10-18 07:24:02,245 [Thread-10063] INFO  impl.FollowerState (FollowerState.java:run(108)) - 12ad0800-05cb-443c-9fdd-fa1debf04523@group-BCB82A5C07F5-FollowerState: change to CANDIDATE, lastRpcTime:120ms, electionTimeout:120ms
2019-10-18 07:24:02,245 [Thread-10063] INFO  impl.RoleInfo (RoleInfo.java:shutdownFollowerState(121)) - 12ad0800-05cb-443c-9fdd-fa1debf04523: shutdown FollowerState
2019-10-18 07:24:02,245 [Thread-10063] INFO  impl.RaftServerImpl (RaftServerImpl.java:setRole(184)) - 12ad0800-05cb-443c-9fdd-fa1debf04523@group-BCB82A5C07F5: changes role from  FOLLOWER to CANDIDATE at term 111 for changeToCandidate
2019-10-18 07:24:02,245 [Thread-10063] INFO  impl.RoleInfo (RoleInfo.java:updateAndGet(143)) - 12ad0800-05cb-443c-9fdd-fa1debf04523: start LeaderElection
2019-10-18 07:24:02,250 [4dea926d-4bc6-487a-9b9b-9fd457d0fae4@group-0C9C3B2D0CC1-LeaderElection1131] INFO  impl.LeaderElection (LeaderElection.java:askForVotes(178)) - 4dea926d-4bc6-487a-9b9b-9fd457d0fae4@group-0C9C3B2D0CC1-LeaderElection1131: begin an election at term 101 for -1: [6633f50a-7046-4b08-9937-8e25f1b14b15:192.168.34.25:39338, 67270882-100a-4e75-928d-618d17e069c8:192.168.34.25:36648, 4dea926d-4bc6-487a-9b9b-9fd457d0fae4:192.168.34.25:41624], old=null
2019-10-18 07:24:02,251 [grpc-default-executor-12] INFO  impl.RaftServerImpl (RaftServerImpl.java:setRole(184)) - 6633f50a-7046-4b08-9937-8e25f1b14b15@group-0C9C3B2D0CC1: changes role from  FOLLOWER to FOLLOWER at term 101 for recognizeCandidate:4dea926d-4bc6-487a-9b9b-9fd457d0fae4
2019-10-18 07:24:02,251 [grpc-default-executor-12] INFO  impl.RoleInfo (RoleInfo.java:shutdownFollowerState(121)) - 6633f50a-7046-4b08-9937-8e25f1b14b15: shutdown FollowerState
2019-10-18 07:24:02,251 [grpc-default-executor-4] INFO  impl.RaftServerImpl (RaftServerImpl.java:setRole(184)) - 67270882-100a-4e75-928d-618d17e069c8@group-0C9C3B2D0CC1: changes role from  FOLLOWER to FOLLOWER at term 101 for recognizeCandidate:4dea926d-4bc6-487a-9b9b-9fd457d0fae4
2019-10-18 07:24:02,251 [grpc-default-executor-4] INFO  impl.RoleInfo (RoleInfo.java:shutdownFollowerState(121)) - 67270882-100a-4e75-928d-618d17e069c8: shutdown FollowerState
2019-10-18 07:24:02,251 [Thread-10064] INFO  impl.FollowerState (FollowerState.java:run(117)) - 6633f50a-7046-4b08-9937-8e25f1b14b15@group-0C9C3B2D0CC1-FollowerState was interrupted: java.lang.InterruptedException: sleep interrupted
2019-10-18 07:24:02,251 [Thread-10065] INFO  impl.FollowerState (FollowerState.java:run(117)) - 67270882-100a-4e75-928d-618d17e069c8@group-0C9C3B2D0CC1-FollowerState was interrupted: java.lang.InterruptedException: sleep interrupted
2019-10-18 07:24:02,251 [grpc-default-executor-12] INFO  impl.RoleInfo (RoleInfo.java:updateAndGet(143)) - 6633f50a-7046-4b08-9937-8e25f1b14b15: start FollowerState
2019-10-18 07:24:02,251 [grpc-default-executor-4] INFO  impl.RoleInfo (RoleInfo.java:updateAndGet(143)) - 67270882-100a-4e75-928d-618d17e069c8: start FollowerState
2019-10-18 07:24:02,281 [12ad0800-05cb-443c-9fdd-fa1debf04523@group-BCB82A5C07F5-LeaderElection1132] INFO  impl.LeaderElection (LeaderElection.java:askForVotes(178)) - 12ad0800-05cb-443c-9fdd-fa1debf04523@group-BCB82A5C07F5-LeaderElection1132: begin an election at term 112 for -1: [12ad0800-05cb-443c-9fdd-fa1debf04523:192.168.34.25:41155, 5170c5f3-8499-4b42-9321-85fc8a351f79:192.168.34.25:43074, 0b10a9fc-47eb-4a2b-b664-8273d9d17379:192.168.34.25:45248], old=null
2019-10-18 07:24:02,282 [4dea926d-4bc6-487a-9b9b-9fd457d0fae4@group-0C9C3B2D0CC1-LeaderElection1131] INFO  impl.LeaderElection (LeaderElection.java:logAndReturn(56)) - 4dea926d-4bc6-487a-9b9b-9fd457d0fae4@group-0C9C3B2D0CC1-LeaderElection1131: Election REJECTED; received 2 response(s) [4dea926d-4bc6-487a-9b9b-9fd457d0fae4<-6633f50a-7046-4b08-9937-8e25f1b14b15#0:FAIL-t101, 4dea926d-4bc6-487a-9b9b-9fd457d0fae4<-67270882-100a-4e75-928d-618d17e069c8#0:FAIL-t101] and 0 exception(s); 4dea926d-4bc6-487a-9b9b-9fd457d0fae4@group-0C9C3B2D0CC1:t101, leader=null, voted=4dea926d-4bc6-487a-9b9b-9fd457d0fae4, raftlog=4dea926d-4bc6-487a-9b9b-9fd457d0fae4@group-0C9C3B2D0CC1-SegmentedRaftLog:OPENED:c-1,f-1,i0, conf=-1: [6633f50a-7046-4b08-9937-8e25f1b14b15:192.168.34.25:39338, 67270882-100a-4e75-928d-618d17e069c8:192.168.34.25:36648, 4dea926d-4bc6-487a-9b9b-9fd457d0fae4:192.168.34.25:41624], old=null
2019-10-18 07:24:02,282 [4dea926d-4bc6-487a-9b9b-9fd457d0fae4@group-0C9C3B2D0CC1-LeaderElection1131] INFO  impl.RaftServerImpl (RaftServerImpl.java:setRole(184)) - 4dea926d-4bc6-487a-9b9b-9fd457d0fae4@group-0C9C3B2D0CC1: changes role from CANDIDATE to FOLLOWER at term 101 for DISCOVERED_A_NEW_TERM
2019-10-18 07:24:02,282 [4dea926d-4bc6-487a-9b9b-9fd457d0fae4@group-0C9C3B2D0CC1-LeaderElection1131] INFO  impl.RoleInfo (RoleInfo.java:shutdownLeaderElection(134)) - 4dea926d-4bc6-487a-9b9b-9fd457d0fae4: shutdown LeaderElection
2019-10-18 07:24:02,282 [4dea926d-4bc6-487a-9b9b-9fd457d0fae4@group-0C9C3B2D0CC1-LeaderElection1131] INFO  impl.RoleInfo (RoleInfo.java:updateAndGet(143)) - 4dea926d-4bc6-487a-9b9b-9fd457d0fae4: start FollowerState
2019-10-18 07:24:02,283 [grpc-default-executor-12] INFO  impl.RaftServerImpl (RaftServerImpl.java:setRole(184)) - 5170c5f3-8499-4b42-9321-85fc8a351f79@group-BCB82A5C07F5: changes role from  FOLLOWER to FOLLOWER at term 112 for recognizeCandidate:12ad0800-05cb-443c-9fdd-fa1debf04523
2019-10-18 07:24:02,283 [grpc-default-executor-12] INFO  impl.RoleInfo (RoleInfo.java:shutdownFollowerState(121)) - 5170c5f3-8499-4b42-9321-85fc8a351f79: shutdown FollowerState
2019-10-18 07:24:02,283 [grpc-default-executor-12] INFO  impl.RoleInfo (RoleInfo.java:updateAndGet(143)) - 5170c5f3-8499-4b42-9321-85fc8a351f79: start FollowerState
2019-10-18 07:24:02,283 [Thread-10059] INFO  impl.FollowerState (FollowerState.java:run(117)) - 5170c5f3-8499-4b42-9321-85fc8a351f79@group-BCB82A5C07F5-FollowerState was interrupted: java.lang.InterruptedException: sleep interrupted
2019-10-18 07:24:02,283 [grpc-default-executor-4] INFO  impl.RaftServerImpl (RaftServerImpl.java:setRole(184)) - 0b10a9fc-47eb-4a2b-b664-8273d9d17379@group-BCB82A5C07F5: changes role from  FOLLOWER to FOLLOWER at term 112 for recognizeCandidate:12ad0800-05cb-443c-9fdd-fa1debf04523
2019-10-18 07:24:02,284 [grpc-default-executor-4] INFO  impl.RoleInfo (RoleInfo.java:shutdownFollowerState(121)) - 0b10a9fc-47eb-4a2b-b664-8273d9d17379: shutdown FollowerState
2019-10-18 07:24:02,284 [grpc-default-executor-4] INFO  impl.RoleInfo (RoleInfo.java:updateAndGet(143)) - 0b10a9fc-47eb-4a2b-b664-8273d9d17379: start FollowerState
2019-10-18 07:24:02,284 [Thread-10058] INFO  impl.FollowerState (FollowerState.java:run(117)) - 0b10a9fc-47eb-4a2b-b664-8273d9d17379@group-BCB82A5C07F5-FollowerState was interrupted: java.lang.InterruptedException: sleep interrupted
2019-10-18 07:24:02,308 [12ad0800-05cb-443c-9fdd-fa1debf04523@group-BCB82A5C07F5-LeaderElection1132] INFO  impl.LeaderElection (LeaderElection.java:logAndReturn(56)) - 12ad0800-05cb-443c-9fdd-fa1debf04523@group-BCB82A5C07F5-LeaderElection1132: Election REJECTED; received 2 response(s) [12ad0800-05cb-443c-9fdd-fa1debf04523<-5170c5f3-8499-4b42-9321-85fc8a351f79#0:FAIL-t112, 12ad0800-05cb-443c-9fdd-fa1debf04523<-0b10a9fc-47eb-4a2b-b664-8273d9d17379#0:FAIL-t112] and 0 exception(s); 12ad0800-05cb-443c-9fdd-fa1debf04523@group-BCB82A5C07F5:t112, leader=null, voted=12ad0800-05cb-443c-9fdd-fa1debf04523, raftlog=12ad0800-05cb-443c-9fdd-fa1debf04523@group-BCB82A5C07F5-SegmentedRaftLog:OPENED:c-1,f-1,i0, conf=-1: [12ad0800-05cb-443c-9fdd-fa1debf04523:192.168.34.25:41155, 5170c5f3-8499-4b42-9321-85fc8a351f79:192.168.34.25:43074, 0b10a9fc-47eb-4a2b-b664-8273d9d17379:192.168.34.25:45248], old=null
2019-10-18 07:24:02,308 [12ad0800-05cb-443c-9fdd-fa1debf04523@group-BCB82A5C07F5-LeaderElection1132] INFO  impl.RaftServerImpl (RaftServerImpl.java:setRole(184)) - 12ad0800-05cb-443c-9fdd-fa1debf04523@group-BCB82A5C07F5: changes role from CANDIDATE to FOLLOWER at term 112 for DISCOVERED_A_NEW_TERM
2019-10-18 07:24:02,308 [12ad0800-05cb-443c-9fdd-fa1debf04523@group-BCB82A5C07F5-LeaderElection1132] INFO  impl.RoleInfo (RoleInfo.java:shutdownLeaderElection(134)) - 12ad0800-05cb-443c-9fdd-fa1debf04523: shutdown LeaderElection
2019-10-18 07:24:02,308 [12ad0800-05cb-443c-9fdd-fa1debf04523@group-BCB82A5C07F5-LeaderElection1132] INFO  impl.RoleInfo (RoleInfo.java:updateAndGet(143)) - 12ad0800-05cb-443c-9fdd-fa1debf04523: start FollowerState
2019-10-18 07:24:02,439 [Thread-10075] INFO  impl.FollowerState (FollowerState.java:run(108)) - 4dea926d-4bc6-487a-9b9b-9fd457d0fae4@group-0C9C3B2D0CC1-FollowerState: change to CANDIDATE, lastRpcTime:156ms, electionTimeout:156ms
2019-10-18 07:24:02,439 [Thread-10075] INFO  impl.RoleInfo (RoleInfo.java:shutdownFollowerState(121)) - 4dea926d-4bc6-487a-9b9b-9fd457d0fae4: shutdown FollowerState
2019-10-18 07:24:02,439 [Thread-10075] INFO  impl.RaftServerImpl (RaftServerImpl.java:setRole(184)) - 4dea926d-4bc6-487a-9b9b-9fd457d0fae4@group-0C9C3B2D0CC1: changes role from  FOLLOWER to CANDIDATE at term 101 for changeToCandidate
2019-10-18 07:24:02,439 [Thread-10075] INFO  impl.RoleInfo (RoleInfo.java:updateAndGet(143)) - 4dea926d-4bc6-487a-9b9b-9fd457d0fae4: start LeaderElection
2019-10-18 07:24:02,464 [4dea926d-4bc6-487a-9b9b-9fd457d0fae4@group-0C9C3B2D0CC1-LeaderElection1133] INFO  impl.LeaderElection (LeaderElection.java:askForVotes(178)) - 4dea926d-4bc6-487a-9b9b-9fd457d0fae4@group-0C9C3B2D0CC1-LeaderElection1133: begin an election at term 102 for -1: [6633f50a-7046-4b08-9937-8e25f1b14b15:192.168.34.25:39338, 67270882-100a-4e75-928d-618d17e069c8:192.168.34.25:36648, 4dea926d-4bc6-487a-9b9b-9fd457d0fae4:192.168.34.25:41624], old=null
2019-10-18 07:24:02,470 [grpc-default-executor-12] INFO  impl.RaftServerImpl (RaftServerImpl.java:setRole(184)) - 6633f50a-7046-4b08-9937-8e25f1b14b15@group-0C9C3B2D0CC1: changes role from  FOLLOWER to FOLLOWER at term 102 for recognizeCandidate:4dea926d-4bc6-487a-9b9b-9fd457d0fae4
2019-10-18 07:24:02,470 [grpc-default-executor-4] INFO  impl.RaftServerImpl (RaftServerImpl.java:setRole(184)) - 67270882-100a-4e75-928d-618d17e069c8@group-0C9C3B2D0CC1: changes role from  FOLLOWER to FOLLOWER at term 102 for recognizeCandidate:4dea926d-4bc6-487a-9b9b-9fd457d0fae4
2019-10-18 07:24:02,471 [grpc-default-executor-12] INFO  impl.RoleInfo (RoleInfo.java:shutdownFollowerState(121)) - 6633f50a-7046-4b08-9937-8e25f1b14b15: shutdown FollowerState
2019-10-18 07:24:02,471 [grpc-default-executor-4] INFO  impl.RoleInfo (RoleInfo.java:shutdownFollowerState(121)) - 67270882-100a-4e75-928d-618d17e069c8: shutdown FollowerState
2019-10-18 07:24:02,471 [grpc-default-executor-12] INFO  impl.RoleInfo (RoleInfo.java:updateAndGet(143)) - 6633f50a-7046-4b08-9937-8e25f1b14b15: start FollowerState
2019-10-18 07:24:02,472 [grpc-default-executor-4] INFO  impl.RoleInfo (RoleInfo.java:updateAndGet(143)) - 67270882-100a-4e75-928d-618d17e069c8: start FollowerState
2019-10-18 07:24:02,472 [Thread-10071] INFO  impl.FollowerState (FollowerState.java:run(117)) - 6633f50a-7046-4b08-9937-8e25f1b14b15@group-0C9C3B2D0CC1-FollowerState was interrupted: java.lang.InterruptedException: sleep interrupted
2019-10-18 07:24:02,472 [Thread-10072] INFO  impl.FollowerState (FollowerState.java:run(117)) - 67270882-100a-4e75-928d-618d17e069c8@group-0C9C3B2D0CC1-FollowerState was interrupted: java.lang.InterruptedException: sleep interrupted
2019-10-18 07:24:02,472 [Thread-10078] INFO  impl.FollowerState (FollowerState.java:run(108)) - 12ad0800-05cb-443c-9fdd-fa1debf04523@group-BCB82A5C07F5-FollowerState: change to CANDIDATE, lastRpcTime:164ms, electionTimeout:164ms
2019-10-18 07:24:02,473 [Thread-10078] INFO  impl.RoleInfo (RoleInfo.java:shutdownFollowerState(121)) - 12ad0800-05cb-443c-9fdd-fa1debf04523: shutdown FollowerState
2019-10-18 07:24:02,473 [Thread-10078] INFO  impl.RaftServerImpl (RaftServerImpl.java:setRole(184)) - 12ad0800-05cb-443c-9fdd-fa1debf04523@group-BCB82A5C07F5: changes role from  FOLLOWER to CANDIDATE at term 112 for changeToCandidate
2019-10-18 07:24:02,473 [Thread-10078] INFO  impl.RoleInfo (RoleInfo.java:updateAndGet(143)) - 12ad0800-05cb-443c-9fdd-fa1debf04523: start LeaderElection
2019-10-18 07:24:02,493 [12ad0800-05cb-443c-9fdd-fa1debf04523@group-BCB82A5C07F5-LeaderElection1134] INFO  impl.LeaderElection (LeaderElection.java:askForVotes(178)) - 12ad0800-05cb-443c-9fdd-fa1debf04523@group-BCB82A5C07F5-LeaderElection1134: begin an election at term 113 for -1: [12ad0800-05cb-443c-9fdd-fa1debf04523:192.168.34.25:41155, 5170c5f3-8499-4b42-9321-85fc8a351f79:192.168.34.25:43074, 0b10a9fc-47eb-4a2b-b664-8273d9d17379:192.168.34.25:45248], old=null
2019-10-18 07:24:02,494 [grpc-default-executor-4] INFO  impl.RaftServerImpl (RaftServerImpl.java:setRole(184)) - 5170c5f3-8499-4b42-9321-85fc8a351f79@group-BCB82A5C07F5: changes role from  FOLLOWER to FOLLOWER at term 113 for recognizeCandidate:12ad0800-05cb-443c-9fdd-fa1debf04523
2019-10-18 07:24:02,495 [grpc-default-executor-12] INFO  impl.RaftServerImpl (RaftServerImpl.java:setRole(184)) - 0b10a9fc-47eb-4a2b-b664-8273d9d17379@group-BCB82A5C07F5: changes role from  FOLLOWER to FOLLOWER at term 113 for recognizeCandidate:12ad0800-05cb-443c-9fdd-fa1debf04523
2019-10-18 07:24:02,495 [grpc-default-executor-4] INFO  impl.RoleInfo (RoleInfo.java:shutdownFollowerState(121)) - 5170c5f3-8499-4b42-9321-85fc8a351f79: shutdown FollowerState
2019-10-18 07:24:02,495 [4dea926d-4bc6-487a-9b9b-9fd457d0fae4@group-0C9C3B2D0CC1-LeaderElection1133] INFO  impl.LeaderElection (LeaderElection.java:logAndReturn(56)) - 4dea926d-4bc6-487a-9b9b-9fd457d0fae4@group-0C9C3B2D0CC1-LeaderElection1133: Election REJECTED; received 2 response(s) [4dea926d-4bc6-487a-9b9b-9fd457d0fae4<-6633f50a-7046-4b08-9937-8e25f1b14b15#0:FAIL-t102, 4dea926d-4bc6-487a-9b9b-9fd457d0fae4<-67270882-100a-4e75-928d-618d17e069c8#0:FAIL-t102] and 0 exception(s); 4dea926d-4bc6-487a-9b9b-9fd457d0fae4@group-0C9C3B2D0CC1:t102, leader=null, voted=4dea926d-4bc6-487a-9b9b-9fd457d0fae4, raftlog=4dea926d-4bc6-487a-9b9b-9fd457d0fae4@group-0C9C3B2D0CC1-SegmentedRaftLog:OPENED:c-1,f-1,i0, conf=-1: [6633f50a-7046-4b08-9937-8e25f1b14b15:192.168.34.25:39338, 67270882-100a-4e75-928d-618d17e069c8:192.168.34.25:36648, 4dea926d-4bc6-487a-9b9b-9fd457d0fae4:192.168.34.25:41624], old=null
2019-10-18 07:24:02,495 [grpc-default-executor-12] INFO  impl.RoleInfo (RoleInfo.java:shutdownFollowerState(121)) - 0b10a9fc-47eb-4a2b-b664-8273d9d17379: shutdown FollowerState
2019-10-18 07:24:02,495 [4dea926d-4bc6-487a-9b9b-9fd457d0fae4@group-0C9C3B2D0CC1-LeaderElection1133] INFO  impl.RaftServerImpl (RaftServerImpl.java:setRole(184)) - 4dea926d-4bc6-487a-9b9b-9fd457d0fae4@group-0C9C3B2D0CC1: changes role from CANDIDATE to FOLLOWER at term 102 for DISCOVERED_A_NEW_TERM
2019-10-18 07:24:02,495 [4dea926d-4bc6-487a-9b9b-9fd457d0fae4@group-0C9C3B2D0CC1-LeaderElection1133] INFO  impl.RoleInfo (RoleInfo.java:shutdownLeaderElection(134)) - 4dea926d-4bc6-487a-9b9b-9fd457d0fae4: shutdown LeaderElection
2019-10-18 07:24:02,495 [Thread-10076] INFO  impl.FollowerState (FollowerState.java:run(117)) - 5170c5f3-8499-4b42-9321-85fc8a351f79@group-BCB82A5C07F5-FollowerState was interrupted: java.lang.InterruptedException: sleep interrupted
2019-10-18 07:24:02,495 [grpc-default-executor-4] INFO  impl.RoleInfo (RoleInfo.java:updateAndGet(143)) - 5170c5f3-8499-4b42-9321-85fc8a351f79: start FollowerState
2019-10-18 07:24:02,496 [4dea926d-4bc6-487a-9b9b-9fd457d0fae4@group-0C9C3B2D0CC1-LeaderElection1133] INFO  impl.RoleInfo (RoleInfo.java:updateAndGet(143)) - 4dea926d-4bc6-487a-9b9b-9fd457d0fae4: start FollowerState
2019-10-18 07:24:02,495 [Thread-10077] INFO  impl.FollowerState (FollowerState.java:run(117)) - 0b10a9fc-47eb-4a2b-b664-8273d9d17379@group-BCB82A5C07F5-FollowerState was interrupted: java.lang.InterruptedException: sleep interrupted
2019-10-18 07:24:02,495 [grpc-default-executor-12] INFO  impl.RoleInfo (RoleInfo.java:updateAndGet(143)) - 0b10a9fc-47eb-4a2b-b664-8273d9d17379: start FollowerState
2019-10-18 07:24:02,537 [12ad0800-05cb-443c-9fdd-fa1debf04523@group-BCB82A5C07F5-LeaderElection1134] INFO  impl.LeaderElection (LeaderElection.java:logAndReturn(56)) - 12ad0800-05cb-443c-9fdd-fa1debf04523@group-BCB82A5C07F5-LeaderElection1134: Election REJECTED; received 2 response(s) [12ad0800-05cb-443c-9fdd-fa1debf04523<-5170c5f3-8499-4b42-9321-85fc8a351f79#0:FAIL-t113, 12ad0800-05cb-443c-9fdd-fa1debf04523<-0b10a9fc-47eb-4a2b-b664-8273d9d17379#0:FAIL-t113] and 0 exception(s); 12ad0800-05cb-443c-9fdd-fa1debf04523@group-BCB82A5C07F5:t113, leader=null, voted=12ad0800-05cb-443c-9fdd-fa1debf04523, raftlog=12ad0800-05cb-443c-9fdd-fa1debf04523@group-BCB82A5C07F5-SegmentedRaftLog:OPENED:c-1,f-1,i0, conf=-1: [12ad0800-05cb-443c-9fdd-fa1debf04523:192.168.34.25:41155, 5170c5f3-8499-4b42-9321-85fc8a351f79:192.168.34.25:43074, 0b10a9fc-47eb-4a2b-b664-8273d9d17379:192.168.34.25:45248], old=null
2019-10-18 07:24:02,538 [12ad0800-05cb-443c-9fdd-fa1debf04523@group-BCB82A5C07F5-LeaderElection1134] INFO  impl.RaftServerImpl (RaftServerImpl.java:setRole(184)) - 12ad0800-05cb-443c-9fdd-fa1debf04523@group-BCB82A5C07F5: changes role from CANDIDATE to FOLLOWER at term 113 for DISCOVERED_A_NEW_TERM
2019-10-18 07:24:02,538 [12ad0800-05cb-443c-9fdd-fa1debf04523@group-BCB82A5C07F5-LeaderElection1134] INFO  impl.RoleInfo (RoleInfo.java:shutdownLeaderElection(134)) - 12ad0800-05cb-443c-9fdd-fa1debf04523: shutdown LeaderElection
2019-10-18 07:24:02,538 [12ad0800-05cb-443c-9fdd-fa1debf04523@group-BCB82A5C07F5-LeaderElection1134] INFO  impl.RoleInfo (RoleInfo.java:updateAndGet(143)) - 12ad0800-05cb-443c-9fdd-fa1debf04523: start FollowerState
2019-10-18 07:24:02,631 [Thread-10089] INFO  impl.FollowerState (FollowerState.java:run(108)) - 4dea926d-4bc6-487a-9b9b-9fd457d0fae4@group-0C9C3B2D0CC1-FollowerState: change to CANDIDATE, lastRpcTime:135ms, electionTimeout:135ms
2019-10-18 07:24:02,631 [Thread-10089] INFO  impl.RoleInfo (RoleInfo.java:shutdownFollowerState(121)) - 4dea926d-4bc6-487a-9b9b-9fd457d0fae4: shutdown FollowerState
2019-10-18 07:24:02,631 [Thread-10089] INFO  impl.RaftServerImpl (RaftServerImpl.java:setRole(184)) - 4dea926d-4bc6-487a-9b9b-9fd457d0fae4@group-0C9C3B2D0CC1: changes role from  FOLLOWER to CANDIDATE at term 102 for changeToCandidate
2019-10-18 07:24:02,632 [Thread-10089] INFO  impl.RoleInfo (RoleInfo.java:updateAndGet(143)) - 4dea926d-4bc6-487a-9b9b-9fd457d0fae4: start LeaderElection
2019-10-18 07:24:02,656 [4dea926d-4bc6-487a-9b9b-9fd457d0fae4@group-0C9C3B2D0CC1-LeaderElection1135] INFO  impl.LeaderElection (LeaderElection.java:askForVotes(178)) - 4dea926d-4bc6-487a-9b9b-9fd457d0fae4@group-0C9C3B2D0CC1-LeaderElection1135: begin an election at term 103 for -1: [6633f50a-7046-4b08-9937-8e25f1b14b15:192.168.34.25:39338, 67270882-100a-4e75-928d-618d17e069c8:192.168.34.25:36648, 4dea926d-4bc6-487a-9b9b-9fd457d0fae4:192.168.34.25:41624], old=null
2019-10-18 07:24:02,657 [grpc-default-executor-4] INFO  impl.RaftServerImpl (RaftServerImpl.java:setRole(184)) - 6633f50a-7046-4b08-9937-8e25f1b14b15@group-0C9C3B2D0CC1: changes role from  FOLLOWER to FOLLOWER at term 103 for recognizeCandidate:4dea926d-4bc6-487a-9b9b-9fd457d0fae4
2019-10-18 07:24:02,657 [grpc-default-executor-4] INFO  impl.RoleInfo (RoleInfo.java:shutdownFollowerState(121)) - 6633f50a-7046-4b08-9937-8e25f1b14b15: shutdown FollowerState
2019-10-18 07:24:02,657 [grpc-default-executor-12] INFO  impl.RaftServerImpl (RaftServerImpl.java:setRole(184)) - 67270882-100a-4e75-928d-618d17e069c8@group-0C9C3B2D0CC1: changes role from  FOLLOWER to FOLLOWER at term 103 for recognizeCandidate:4dea926d-4bc6-487a-9b9b-9fd457d0fae4
2019-10-18 07:24:02,658 [grpc-default-executor-12] INFO  impl.RoleInfo (RoleInfo.java:shutdownFollowerState(121)) - 67270882-100a-4e75-928d-618d17e069c8: shutdown FollowerState
2019-10-18 07:24:02,658 [Thread-10082] INFO  impl.FollowerState (FollowerState.java:run(117)) - 6633f50a-7046-4b08-9937-8e25f1b14b15@group-0C9C3B2D0CC1-FollowerState was interrupted: java.lang.InterruptedException: sleep interrupted
2019-10-18 07:24:02,657 [grpc-default-executor-4] INFO  impl.RoleInfo (RoleInfo.java:updateAndGet(143)) - 6633f50a-7046-4b08-9937-8e25f1b14b15: start FollowerState
2019-10-18 07:24:02,658 [Thread-10083] INFO  impl.FollowerState (FollowerState.java:run(117)) - 67270882-100a-4e75-928d-618d17e069c8@group-0C9C3B2D0CC1-FollowerState was interrupted: java.lang.InterruptedException: sleep interrupted
2019-10-18 07:24:02,658 [grpc-default-executor-12] INFO  impl.RoleInfo (RoleInfo.java:updateAndGet(143)) - 67270882-100a-4e75-928d-618d17e069c8: start FollowerState
2019-10-18 07:24:02,682 [4dea926d-4bc6-487a-9b9b-9fd457d0fae4@group-0C9C3B2D0CC1-LeaderElection1135] INFO  impl.LeaderElection (LeaderElection.java:logAndReturn(56)) - 4dea926d-4bc6-487a-9b9b-9fd457d0fae4@group-0C9C3B2D0CC1-LeaderElection1135: Election REJECTED; received 2 response(s) [4dea926d-4bc6-487a-9b9b-9fd457d0fae4<-6633f50a-7046-4b08-9937-8e25f1b14b15#0:FAIL-t103, 4dea926d-4bc6-487a-9b9b-9fd457d0fae4<-67270882-100a-4e75-928d-618d17e069c8#0:FAIL-t103] and 0 exception(s); 4dea926d-4bc6-487a-9b9b-9fd457d0fae4@group-0C9C3B2D0CC1:t103, leader=null, voted=4dea926d-4bc6-487a-9b9b-9fd457d0fae4, raftlog=4dea926d-4bc6-487a-9b9b-9fd457d0fae4@group-0C9C3B2D0CC1-SegmentedRaftLog:OPENED:c-1,f-1,i0, conf=-1: [6633f50a-7046-4b08-9937-8e25f1b14b15:192.168.34.25:39338, 67270882-100a-4e75-928d-618d17e069c8:192.168.34.25:36648, 4dea926d-4bc6-487a-9b9b-9fd457d0fae4:192.168.34.25:41624], old=null
2019-10-18 07:24:02,682 [4dea926d-4bc6-487a-9b9b-9fd457d0fae4@group-0C9C3B2D0CC1-LeaderElection1135] INFO  impl.RaftServerImpl (RaftServerImpl.java:setRole(184)) - 4dea926d-4bc6-487a-9b9b-9fd457d0fae4@group-0C9C3B2D0CC1: changes role from CANDIDATE to FOLLOWER at term 103 for DISCOVERED_A_NEW_TERM
2019-10-18 07:24:02,682 [4dea926d-4bc6-487a-9b9b-9fd457d0fae4@group-0C9C3B2D0CC1-LeaderElection1135] INFO  impl.RoleInfo (RoleInfo.java:shutdownLeaderElection(134)) - 4dea926d-4bc6-487a-9b9b-9fd457d0fae4: shutdown LeaderElection
2019-10-18 07:24:02,683 [4dea926d-4bc6-487a-9b9b-9fd457d0fae4@group-0C9C3B2D0CC1-LeaderElection1135] INFO  impl.RoleInfo (RoleInfo.java:updateAndGet(143)) - 4dea926d-4bc6-487a-9b9b-9fd457d0fae4: start FollowerState
2019-10-18 07:24:02,702 [Thread-10092] INFO  impl.FollowerState (FollowerState.java:run(108)) - 12ad0800-05cb-443c-9fdd-fa1debf04523@group-BCB82A5C07F5-FollowerState: change to CANDIDATE, lastRpcTime:164ms, electionTimeout:164ms
2019-10-18 07:24:02,702 [Thread-10092] INFO  impl.RoleInfo (RoleInfo.java:shutdownFollowerState(121)) - 12ad0800-05cb-443c-9fdd-fa1debf04523: shutdown FollowerState
2019-10-18 07:24:02,702 [Thread-10092] INFO  impl.RaftServerImpl (RaftServerImpl.java:setRole(184)) - 12ad0800-05cb-443c-9fdd-fa1debf04523@group-BCB82A5C07F5: changes role from  FOLLOWER to CANDIDATE at term 113 for changeToCandidate
2019-10-18 07:24:02,702 [Thread-10092] INFO  impl.RoleInfo (RoleInfo.java:updateAndGet(143)) - 12ad0800-05cb-443c-9fdd-fa1debf04523: start LeaderElection
2019-10-18 07:24:02,739 [12ad0800-05cb-443c-9fdd-fa1debf04523@group-BCB82A5C07F5-LeaderElection1136] INFO  impl.LeaderElection (LeaderElection.java:askForVotes(178)) - 12ad0800-05cb-443c-9fdd-fa1debf04523@group-BCB82A5C07F5-LeaderElection1136: begin an election at term 114 for -1: [12ad0800-05cb-443c-9fdd-fa1debf04523:192.168.34.25:41155, 5170c5f3-8499-4b42-9321-85fc8a351f79:192.168.34.25:43074, 0b10a9fc-47eb-4a2b-b664-8273d9d17379:192.168.34.25:45248], old=null
2019-10-18 07:24:02,740 [grpc-default-executor-12] INFO  impl.RaftServerImpl (RaftServerImpl.java:setRole(184)) - 5170c5f3-8499-4b42-9321-85fc8a351f79@group-BCB82A5C07F5: changes role from  FOLLOWER to FOLLOWER at term 114 for recognizeCandidate:12ad0800-05cb-443c-9fdd-fa1debf04523
2019-10-18 07:24:02,740 [grpc-default-executor-12] INFO  impl.RoleInfo (RoleInfo.java:shutdownFollowerState(121)) - 5170c5f3-8499-4b42-9321-85fc8a351f79: shutdown FollowerState
2019-10-18 07:24:02,740 [grpc-default-executor-4] INFO  impl.RaftServerImpl (RaftServerImpl.java:setRole(184)) - 0b10a9fc-47eb-4a2b-b664-8273d9d17379@group-BCB82A5C07F5: changes role from  FOLLOWER to FOLLOWER at term 114 for recognizeCandidate:12ad0800-05cb-443c-9fdd-fa1debf04523
2019-10-18 07:24:02,741 [Thread-10087] INFO  impl.FollowerState (FollowerState.java:run(117)) - 5170c5f3-8499-4b42-9321-85fc8a351f79@group-BCB82A5C07F5-FollowerState was interrupted: java.lang.InterruptedException: sleep interrupted
2019-10-18 07:24:02,740 [grpc-default-executor-12] INFO  impl.RoleInfo (RoleInfo.java:updateAndGet(143)) - 5170c5f3-8499-4b42-9321-85fc8a351f79: start FollowerState
2019-10-18 07:24:02,741 [grpc-default-executor-4] INFO  impl.RoleInfo (RoleInfo.java:shutdownFollowerState(121)) - 0b10a9fc-47eb-4a2b-b664-8273d9d17379: shutdown FollowerState
2019-10-18 07:24:02,741 [grpc-default-executor-4] INFO  impl.RoleInfo (RoleInfo.java:updateAndGet(143)) - 0b10a9fc-47eb-4a2b-b664-8273d9d17379: start FollowerState
2019-10-18 07:24:02,741 [Thread-10088] INFO  impl.FollowerState (FollowerState.java:run(117)) - 0b10a9fc-47eb-4a2b-b664-8273d9d17379@group-BCB82A5C07F5-FollowerState was interrupted: java.lang.InterruptedException: sleep interrupted
2019-10-18 07:24:02,765 [Thread-10098] INFO  impl.FollowerState (FollowerState.java:run(108)) - 4dea926d-4bc6-487a-9b9b-9fd457d0fae4@group-0C9C3B2D0CC1-FollowerState: change to CANDIDATE, lastRpcTime:82ms, electionTimeout:82ms
2019-10-18 07:24:02,765 [Thread-10098] INFO  impl.RoleInfo (RoleInfo.java:shutdownFollowerState(121)) - 4dea926d-4bc6-487a-9b9b-9fd457d0fae4: shutdown FollowerState
2019-10-18 07:24:02,765 [Thread-10098] INFO  impl.RaftServerImpl (RaftServerImpl.java:setRole(184)) - 4dea926d-4bc6-487a-9b9b-9fd457d0fae4@group-0C9C3B2D0CC1: changes role from  FOLLOWER to CANDIDATE at term 103 for changeToCandidate
2019-10-18 07:24:02,765 [Thread-10098] INFO  impl.RoleInfo (RoleInfo.java:updateAndGet(143)) - 4dea926d-4bc6-487a-9b9b-9fd457d0fae4: start LeaderElection
2019-10-18 07:24:02,785 [12ad0800-05cb-443c-9fdd-fa1debf04523@group-BCB82A5C07F5-LeaderElection1136] INFO  impl.LeaderElection (LeaderElection.java:logAndReturn(56)) - 12ad0800-05cb-443c-9fdd-fa1debf04523@group-BCB82A5C07F5-LeaderElection1136: Election REJECTED; received 2 response(s) [12ad0800-05cb-443c-9fdd-fa1debf04523<-5170c5f3-8499-4b42-9321-85fc8a351f79#0:FAIL-t114, 12ad0800-05cb-443c-9fdd-fa1debf04523<-0b10a9fc-47eb-4a2b-b664-8273d9d17379#0:FAIL-t114] and 0 exception(s); 12ad0800-05cb-443c-9fdd-fa1debf04523@group-BCB82A5C07F5:t114, leader=null, voted=12ad0800-05cb-443c-9fdd-fa1debf04523, raftlog=12ad0800-05cb-443c-9fdd-fa1debf04523@group-BCB82A5C07F5-SegmentedRaftLog:OPENED:c-1,f-1,i0, conf=-1: [12ad0800-05cb-443c-9fdd-fa1debf04523:192.168.34.25:41155, 5170c5f3-8499-4b42-9321-85fc8a351f79:192.168.34.25:43074, 0b10a9fc-47eb-4a2b-b664-8273d9d17379:192.168.34.25:45248], old=null
2019-10-18 07:24:02,786 [12ad0800-05cb-443c-9fdd-fa1debf04523@group-BCB82A5C07F5-LeaderElection1136] INFO  impl.RaftServerImpl (RaftServerImpl.java:setRole(184)) - 12ad0800-05cb-443c-9fdd-fa1debf04523@group-BCB82A5C07F5: changes role from CANDIDATE to FOLLOWER at term 114 for DISCOVERED_A_NEW_TERM
2019-10-18 07:24:02,786 [12ad0800-05cb-443c-9fdd-fa1debf04523@group-BCB82A5C07F5-LeaderElection1136] INFO  impl.RoleInfo (RoleInfo.java:shutdownLeaderElection(134)) - 12ad0800-05cb-443c-9fdd-fa1debf04523: shutdown LeaderElection
2019-10-18 07:24:02,786 [12ad0800-05cb-443c-9fdd-fa1debf04523@group-BCB82A5C07F5-LeaderElection1136] INFO  impl.RoleInfo (RoleInfo.java:updateAndGet(143)) - 12ad0800-05cb-443c-9fdd-fa1debf04523: start FollowerState
2019-10-18 07:24:02,822 [4dea926d-4bc6-487a-9b9b-9fd457d0fae4@group-0C9C3B2D0CC1-LeaderElection1137] INFO  impl.LeaderElection (LeaderElection.java:askForVotes(178)) - 4dea926d-4bc6-487a-9b9b-9fd457d0fae4@group-0C9C3B2D0CC1-LeaderElection1137: begin an election at term 104 for -1: [6633f50a-7046-4b08-9937-8e25f1b14b15:192.168.34.25:39338, 67270882-100a-4e75-928d-618d17e069c8:192.168.34.25:36648, 4dea926d-4bc6-487a-9b9b-9fd457d0fae4:192.168.34.25:41624], old=null
2019-10-18 07:24:02,823 [grpc-default-executor-4] INFO  impl.RaftServerImpl (RaftServerImpl.java:setRole(184)) - 6633f50a-7046-4b08-9937-8e25f1b14b15@group-0C9C3B2D0CC1: changes role from  FOLLOWER to FOLLOWER at term 104 for recognizeCandidate:4dea926d-4bc6-487a-9b9b-9fd457d0fae4
2019-10-18 07:24:02,823 [grpc-default-executor-4] INFO  impl.RoleInfo (RoleInfo.java:shutdownFollowerState(121)) - 6633f50a-7046-4b08-9937-8e25f1b14b15: shutdown FollowerState
2019-10-18 07:24:02,823 [grpc-default-executor-12] INFO  impl.RaftServerImpl (RaftServerImpl.java:setRole(184)) - 67270882-100a-4e75-928d-618d17e069c8@group-0C9C3B2D0CC1: changes role from  FOLLOWER to FOLLOWER at term 104 for recognizeCandidate:4dea926d-4bc6-487a-9b9b-9fd457d0fae4
2019-10-18 07:24:02,823 [grpc-default-executor-12] INFO  impl.RoleInfo (RoleInfo.java:shutdownFollowerState(121)) - 67270882-100a-4e75-928d-618d17e069c8: shutdown FollowerState
2019-10-18 07:24:02,823 [Thread-10096] INFO  impl.FollowerState (FollowerState.java:run(117)) - 6633f50a-7046-4b08-9937-8e25f1b14b15@group-0C9C3B2D0CC1-FollowerState was interrupted: java.lang.InterruptedException: sleep interrupted
2019-10-18 07:24:02,823 [grpc-default-executor-4] INFO  impl.RoleInfo (RoleInfo.java:updateAndGet(143)) - 6633f50a-7046-4b08-9937-8e25f1b14b15: start FollowerState
2019-10-18 07:24:02,824 [Thread-10097] INFO  impl.FollowerState (FollowerState.java:run(117)) - 67270882-100a-4e75-928d-618d17e069c8@group-0C9C3B2D0CC1-FollowerState was interrupted: java.lang.InterruptedException: sleep interrupted
2019-10-18 07:24:02,824 [grpc-default-executor-12] INFO  impl.RoleInfo (RoleInfo.java:updateAndGet(143)) - 67270882-100a-4e75-928d-618d17e069c8: start FollowerState
2019-10-18 07:24:02,847 [4dea926d-4bc6-487a-9b9b-9fd457d0fae4@group-0C9C3B2D0CC1-LeaderElection1137] INFO  impl.LeaderElection (LeaderElection.java:logAndReturn(56)) - 4dea926d-4bc6-487a-9b9b-9fd457d0fae4@group-0C9C3B2D0CC1-LeaderElection1137: Election REJECTED; received 2 response(s) [4dea926d-4bc6-487a-9b9b-9fd457d0fae4<-6633f50a-7046-4b08-9937-8e25f1b14b15#0:FAIL-t104, 4dea926d-4bc6-487a-9b9b-9fd457d0fae4<-67270882-100a-4e75-928d-618d17e069c8#0:FAIL-t104] and 0 exception(s); 4dea926d-4bc6-487a-9b9b-9fd457d0fae4@group-0C9C3B2D0CC1:t104, leader=null, voted=4dea926d-4bc6-487a-9b9b-9fd457d0fae4, raftlog=4dea926d-4bc6-487a-9b9b-9fd457d0fae4@group-0C9C3B2D0CC1-SegmentedRaftLog:OPENED:c-1,f-1,i0, conf=-1: [6633f50a-7046-4b08-9937-8e25f1b14b15:192.168.34.25:39338, 67270882-100a-4e75-928d-618d17e069c8:192.168.34.25:36648, 4dea926d-4bc6-487a-9b9b-9fd457d0fae4:192.168.34.25:41624], old=null
2019-10-18 07:24:02,848 [4dea926d-4bc6-487a-9b9b-9fd457d0fae4@group-0C9C3B2D0CC1-LeaderElection1137] INFO  impl.RaftServerImpl (RaftServerImpl.java:setRole(184)) - 4dea926d-4bc6-487a-9b9b-9fd457d0fae4@group-0C9C3B2D0CC1: changes role from CANDIDATE to FOLLOWER at term 104 for DISCOVERED_A_NEW_TERM
2019-10-18 07:24:02,848 [4dea926d-4bc6-487a-9b9b-9fd457d0fae4@group-0C9C3B2D0CC1-LeaderElection1137] INFO  impl.RoleInfo (RoleInfo.java:shutdownLeaderElection(134)) - 4dea926d-4bc6-487a-9b9b-9fd457d0fae4: shutdown LeaderElection
2019-10-18 07:24:02,848 [4dea926d-4bc6-487a-9b9b-9fd457d0fae4@group-0C9C3B2D0CC1-LeaderElection1137] INFO  impl.RoleInfo (RoleInfo.java:updateAndGet(143)) - 4dea926d-4bc6-487a-9b9b-9fd457d0fae4: start FollowerState
2019-10-18 07:24:02,856 [Thread-10105] INFO  impl.FollowerState (FollowerState.java:run(108)) - 12ad0800-05cb-443c-9fdd-fa1debf04523@group-BCB82A5C07F5-FollowerState: change to CANDIDATE, lastRpcTime:70ms, electionTimeout:70ms
2019-10-18 07:24:02,856 [Thread-10105] INFO  impl.RoleInfo (RoleInfo.java:shutdownFollowerState(121)) - 12ad0800-05cb-443c-9fdd-fa1debf04523: shutdown FollowerState
2019-10-18 07:24:02,856 [Thread-10105] INFO  impl.RaftServerImpl (RaftServerImpl.java:setRole(184)) - 12ad0800-05cb-443c-9fdd-fa1debf04523@group-BCB82A5C07F5: changes role from  FOLLOWER to CANDIDATE at term 114 for changeToCandidate
2019-10-18 07:24:02,857 [Thread-10105] INFO  impl.RoleInfo (RoleInfo.java:updateAndGet(143)) - 12ad0800-05cb-443c-9fdd-fa1debf04523: start LeaderElection
2019-10-18 07:24:02,881 [12ad0800-05cb-443c-9fdd-fa1debf04523@group-BCB82A5C07F5-LeaderElection1138] INFO  impl.LeaderElection (LeaderElection.java:askForVotes(178)) - 12ad0800-05cb-443c-9fdd-fa1debf04523@group-BCB82A5C07F5-LeaderElection1138: begin an election at term 115 for -1: [12ad0800-05cb-443c-9fdd-fa1debf04523:192.168.34.25:41155, 5170c5f3-8499-4b42-9321-85fc8a351f79:192.168.34.25:43074, 0b10a9fc-47eb-4a2b-b664-8273d9d17379:192.168.34.25:45248], old=null
2019-10-18 07:24:02,882 [grpc-default-executor-4] INFO  impl.RaftServerImpl (RaftServerImpl.java:setRole(184)) - 5170c5f3-8499-4b42-9321-85fc8a351f79@group-BCB82A5C07F5: changes role from  FOLLOWER to FOLLOWER at term 115 for recognizeCandidate:12ad0800-05cb-443c-9fdd-fa1debf04523
2019-10-18 07:24:02,882 [grpc-default-executor-12] INFO  impl.RaftServerImpl (RaftServerImpl.java:setRole(184)) - 0b10a9fc-47eb-4a2b-b664-8273d9d17379@group-BCB82A5C07F5: changes role from  FOLLOWER to FOLLOWER at term 115 for recognizeCandidate:12ad0800-05cb-443c-9fdd-fa1debf04523
2019-10-18 07:24:02,882 [grpc-default-executor-4] INFO  impl.RoleInfo (RoleInfo.java:shutdownFollowerState(121)) - 5170c5f3-8499-4b42-9321-85fc8a351f79: shutdown FollowerState
2019-10-18 07:24:02,882 [grpc-default-executor-12] INFO  impl.RoleInfo (RoleInfo.java:shutdownFollowerState(121)) - 0b10a9fc-47eb-4a2b-b664-8273d9d17379: shutdown FollowerState
2019-10-18 07:24:02,883 [Thread-10102] INFO  impl.FollowerState (FollowerState.java:run(117)) - 5170c5f3-8499-4b42-9321-85fc8a351f79@group-BCB82A5C07F5-FollowerState was interrupted: java.lang.InterruptedException: sleep interrupted
2019-10-18 07:24:02,883 [Thread-10103] INFO  impl.FollowerState (FollowerState.java:run(117)) - 0b10a9fc-47eb-4a2b-b664-8273d9d17379@group-BCB82A5C07F5-FollowerState was interrupted: java.lang.InterruptedException: sleep interrupted
2019-10-18 07:24:02,882 [grpc-default-executor-4] INFO  impl.RoleInfo (RoleInfo.java:updateAndGet(143)) - 5170c5f3-8499-4b42-9321-85fc8a351f79: start FollowerState
2019-10-18 07:24:02,883 [grpc-default-executor-12] INFO  impl.RoleInfo (RoleInfo.java:updateAndGet(143)) - 0b10a9fc-47eb-4a2b-b664-8273d9d17379: start FollowerState
2019-10-18 07:24:02,907 [12ad0800-05cb-443c-9fdd-fa1debf04523@group-BCB82A5C07F5-LeaderElection1138] INFO  impl.LeaderElection (LeaderElection.java:logAndReturn(56)) - 12ad0800-05cb-443c-9fdd-fa1debf04523@group-BCB82A5C07F5-LeaderElection1138: Election REJECTED; received 2 response(s) [12ad0800-05cb-443c-9fdd-fa1debf04523<-5170c5f3-8499-4b42-9321-85fc8a351f79#0:FAIL-t115, 12ad0800-05cb-443c-9fdd-fa1debf04523<-0b10a9fc-47eb-4a2b-b664-8273d9d17379#0:FAIL-t115] and 0 exception(s); 12ad0800-05cb-443c-9fdd-fa1debf04523@group-BCB82A5C07F5:t115, leader=null, voted=12ad0800-05cb-443c-9fdd-fa1debf04523, raftlog=12ad0800-05cb-443c-9fdd-fa1debf04523@group-BCB82A5C07F5-SegmentedRaftLog:OPENED:c-1,f-1,i0, conf=-1: [12ad0800-05cb-443c-9fdd-fa1debf04523:192.168.34.25:41155, 5170c5f3-8499-4b42-9321-85fc8a351f79:192.168.34.25:43074, 0b10a9fc-47eb-4a2b-b664-8273d9d17379:192.168.34.25:45248], old=null
2019-10-18 07:24:02,907 [12ad0800-05cb-443c-9fdd-fa1debf04523@group-BCB82A5C07F5-LeaderElection1138] INFO  impl.RaftServerImpl (RaftServerImpl.java:setRole(184)) - 12ad0800-05cb-443c-9fdd-fa1debf04523@group-BCB82A5C07F5: changes role from CANDIDATE to FOLLOWER at term 115 for DISCOVERED_A_NEW_TERM
2019-10-18 07:24:02,907 [12ad0800-05cb-443c-9fdd-fa1debf04523@group-BCB82A5C07F5-LeaderElection1138] INFO  impl.RoleInfo (RoleInfo.java:shutdownLeaderElection(134)) - 12ad0800-05cb-443c-9fdd-fa1debf04523: shutdown LeaderElection
2019-10-18 07:24:02,907 [12ad0800-05cb-443c-9fdd-fa1debf04523@group-BCB82A5C07F5-LeaderElection1138] INFO  impl.RoleInfo (RoleInfo.java:updateAndGet(143)) - 12ad0800-05cb-443c-9fdd-fa1debf04523: start FollowerState
2019-10-18 07:24:03,021 [Thread-10110] INFO  impl.FollowerState (FollowerState.java:run(108)) - 4dea926d-4bc6-487a-9b9b-9fd457d0fae4@group-0C9C3B2D0CC1-FollowerState: change to CANDIDATE, lastRpcTime:173ms, electionTimeout:173ms
2019-10-18 07:24:03,021 [Thread-10110] INFO  impl.RoleInfo (RoleInfo.java:shutdownFollowerState(121)) - 4dea926d-4bc6-487a-9b9b-9fd457d0fae4: shutdown FollowerState
2019-10-18 07:24:03,022 [Thread-10110] INFO  impl.RaftServerImpl (RaftServerImpl.java:setRole(184)) - 4dea926d-4bc6-487a-9b9b-9fd457d0fae4@group-0C9C3B2D0CC1: changes role from  FOLLOWER to CANDIDATE at term 104 for changeToCandidate
2019-10-18 07:24:03,022 [Thread-10110] INFO  impl.RoleInfo (RoleInfo.java:updateAndGet(143)) - 4dea926d-4bc6-487a-9b9b-9fd457d0fae4: start LeaderElection
2019-10-18 07:24:03,049 [4dea926d-4bc6-487a-9b9b-9fd457d0fae4@group-0C9C3B2D0CC1-LeaderElection1139] INFO  impl.LeaderElection (LeaderElection.java:askForVotes(178)) - 4dea926d-4bc6-487a-9b9b-9fd457d0fae4@group-0C9C3B2D0CC1-LeaderElection1139: begin an election at term 105 for -1: [6633f50a-7046-4b08-9937-8e25f1b14b15:192.168.34.25:39338, 67270882-100a-4e75-928d-618d17e069c8:192.168.34.25:36648, 4dea926d-4bc6-487a-9b9b-9fd457d0fae4:192.168.34.25:41624], old=null
2019-10-18 07:24:03,050 [grpc-default-executor-4] INFO  impl.RaftServerImpl (RaftServerImpl.java:setRole(184)) - 6633f50a-7046-4b08-9937-8e25f1b14b15@group-0C9C3B2D0CC1: changes role from  FOLLOWER to FOLLOWER at term 105 for recognizeCandidate:4dea926d-4bc6-487a-9b9b-9fd457d0fae4
2019-10-18 07:24:03,050 [grpc-default-executor-12] INFO  impl.RaftServerImpl (RaftServerImpl.java:setRole(184)) - 67270882-100a-4e75-928d-618d17e069c8@group-0C9C3B2D0CC1: changes role from  FOLLOWER to FOLLOWER at term 105 for recognizeCandidate:4dea926d-4bc6-487a-9b9b-9fd457d0fae4
2019-10-18 07:24:03,050 [grpc-default-executor-4] INFO  impl.RoleInfo (RoleInfo.java:shutdownFollowerState(121)) - 6633f50a-7046-4b08-9937-8e25f1b14b15: shutdown FollowerState
2019-10-18 07:24:03,050 [grpc-default-executor-12] INFO  impl.RoleInfo (RoleInfo.java:shutdownFollowerState(121)) - 67270882-100a-4e75-928d-618d17e069c8: shutdown FollowerState
2019-10-18 07:24:03,050 [Thread-10108] INFO  impl.FollowerState (FollowerState.java:run(117)) - 6633f50a-7046-4b08-9937-8e25f1b14b15@group-0C9C3B2D0CC1-FollowerState was interrupted: java.lang.InterruptedException: sleep interrupted
2019-10-18 07:24:03,050 [grpc-default-executor-4] INFO  impl.RoleInfo (RoleInfo.java:updateAndGet(143)) - 6633f50a-7046-4b08-9937-8e25f1b14b15: start FollowerState
2019-10-18 07:24:03,050 [Thread-10109] INFO  impl.FollowerState (FollowerState.java:run(117)) - 67270882-100a-4e75-928d-618d17e069c8@group-0C9C3B2D0CC1-FollowerState was interrupted: java.lang.InterruptedException: sleep interrupted
2019-10-18 07:24:03,050 [grpc-default-executor-12] INFO  impl.RoleInfo (RoleInfo.java:updateAndGet(143)) - 67270882-100a-4e75-928d-618d17e069c8: start FollowerState
2019-10-18 07:24:03,071 [Thread-10116] INFO  impl.FollowerState (FollowerState.java:run(108)) - 12ad0800-05cb-443c-9fdd-fa1debf04523@group-BCB82A5C07F5-FollowerState: change to CANDIDATE, lastRpcTime:163ms, electionTimeout:163ms
2019-10-18 07:24:03,071 [Thread-10116] INFO  impl.RoleInfo (RoleInfo.java:shutdownFollowerState(121)) - 12ad0800-05cb-443c-9fdd-fa1debf04523: shutdown FollowerState
2019-10-18 07:24:03,071 [Thread-10116] INFO  impl.RaftServerImpl (RaftServerImpl.java:setRole(184)) - 12ad0800-05cb-443c-9fdd-fa1debf04523@group-BCB82A5C07F5: changes role from  FOLLOWER to CANDIDATE at term 115 for changeToCandidate
2019-10-18 07:24:03,071 [Thread-10116] INFO  impl.RoleInfo (RoleInfo.java:updateAndGet(143)) - 12ad0800-05cb-443c-9fdd-fa1debf04523: start LeaderElection
2019-10-18 07:24:03,075 [4dea926d-4bc6-487a-9b9b-9fd457d0fae4@group-0C9C3B2D0CC1-LeaderElection1139] INFO  impl.LeaderElection (LeaderElection.java:logAndReturn(56)) - 4dea926d-4bc6-487a-9b9b-9fd457d0fae4@group-0C9C3B2D0CC1-LeaderElection1139: Election REJECTED; received 2 response(s) [4dea926d-4bc6-487a-9b9b-9fd457d0fae4<-6633f50a-7046-4b08-9937-8e25f1b14b15#0:FAIL-t105, 4dea926d-4bc6-487a-9b9b-9fd457d0fae4<-67270882-100a-4e75-928d-618d17e069c8#0:FAIL-t105] and 0 exception(s); 4dea926d-4bc6-487a-9b9b-9fd457d0fae4@group-0C9C3B2D0CC1:t105, leader=null, voted=4dea926d-4bc6-487a-9b9b-9fd457d0fae4, raftlog=4dea926d-4bc6-487a-9b9b-9fd457d0fae4@group-0C9C3B2D0CC1-SegmentedRaftLog:OPENED:c-1,f-1,i0, conf=-1: [6633f50a-7046-4b08-9937-8e25f1b14b15:192.168.34.25:39338, 67270882-100a-4e75-928d-618d17e069c8:192.168.34.25:36648, 4dea926d-4bc6-487a-9b9b-9fd457d0fae4:192.168.34.25:41624], old=null
2019-10-18 07:24:03,075 [4dea926d-4bc6-487a-9b9b-9fd457d0fae4@group-0C9C3B2D0CC1-LeaderElection1139] INFO  impl.RaftServerImpl (RaftServerImpl.java:setRole(184)) - 4dea926d-4bc6-487a-9b9b-9fd457d0fae4@group-0C9C3B2D0CC1: changes role from CANDIDATE to FOLLOWER at term 105 for DISCOVERED_A_NEW_TERM
2019-10-18 07:24:03,075 [4dea926d-4bc6-487a-9b9b-9fd457d0fae4@group-0C9C3B2D0CC1-LeaderElection1139] INFO  impl.RoleInfo (RoleInfo.java:shutdownLeaderElection(134)) - 4dea926d-4bc6-487a-9b9b-9fd457d0fae4: shutdown LeaderElection
2019-10-18 07:24:03,075 [4dea926d-4bc6-487a-9b9b-9fd457d0fae4@group-0C9C3B2D0CC1-LeaderElection1139] INFO  impl.RoleInfo (RoleInfo.java:updateAndGet(143)) - 4dea926d-4bc6-487a-9b9b-9fd457d0fae4: start FollowerState
2019-10-18 07:24:03,100 [12ad0800-05cb-443c-9fdd-fa1debf04523@group-BCB82A5C07F5-LeaderElection1140] INFO  impl.LeaderElection (LeaderElection.java:askForVotes(178)) - 12ad0800-05cb-443c-9fdd-fa1debf04523@group-BCB82A5C07F5-LeaderElection1140: begin an election at term 116 for -1: [12ad0800-05cb-443c-9fdd-fa1debf04523:192.168.34.25:41155, 5170c5f3-8499-4b42-9321-85fc8a351f79:192.168.34.25:43074, 0b10a9fc-47eb-4a2b-b664-8273d9d17379:192.168.34.25:45248], old=null
2019-10-18 07:24:03,101 [grpc-default-executor-4] INFO  impl.RaftServerImpl (RaftServerImpl.java:setRole(184)) - 5170c5f3-8499-4b42-9321-85fc8a351f79@group-BCB82A5C07F5: changes role from  FOLLOWER to FOLLOWER at term 116 for recognizeCandidate:12ad0800-05cb-443c-9fdd-fa1debf04523
2019-10-18 07:24:03,101 [grpc-default-executor-4] INFO  impl.RoleInfo (RoleInfo.java:shutdownFollowerState(121)) - 5170c5f3-8499-4b42-9321-85fc8a351f79: shutdown FollowerState
2019-10-18 07:24:03,101 [grpc-default-executor-4] INFO  impl.RoleInfo (RoleInfo.java:updateAndGet(143)) - 5170c5f3-8499-4b42-9321-85fc8a351f79: start FollowerState
2019-10-18 07:24:03,101 [grpc-default-executor-12] INFO  impl.RaftServerImpl (RaftServerImpl.java:setRole(184)) - 0b10a9fc-47eb-4a2b-b664-8273d9d17379@group-BCB82A5C07F5: changes role from  FOLLOWER to FOLLOWER at term 116 for recognizeCandidate:12ad0800-05cb-443c-9fdd-fa1debf04523
2019-10-18 07:24:03,101 [Thread-10114] INFO  impl.FollowerState (FollowerState.java:run(117)) - 5170c5f3-8499-4b42-9321-85fc8a351f79@group-BCB82A5C07F5-FollowerState was interrupted: java.lang.InterruptedException: sleep interrupted
2019-10-18 07:24:03,101 [grpc-default-executor-12] INFO  impl.RoleInfo (RoleInfo.java:shutdownFollowerState(121)) - 0b10a9fc-47eb-4a2b-b664-8273d9d17379: shutdown FollowerState
2019-10-18 07:24:03,101 [grpc-default-executor-12] INFO  impl.RoleInfo (RoleInfo.java:updateAndGet(143)) - 0b10a9fc-47eb-4a2b-b664-8273d9d17379: start FollowerState
2019-10-18 07:24:03,101 [Thread-10115] INFO  impl.FollowerState (FollowerState.java:run(117)) - 0b10a9fc-47eb-4a2b-b664-8273d9d17379@group-BCB82A5C07F5-FollowerState was interrupted: java.lang.InterruptedException: sleep interrupted
2019-10-18 07:24:03,125 [12ad0800-05cb-443c-9fdd-fa1debf04523@group-BCB82A5C07F5-LeaderElection1140] INFO  impl.LeaderElection (LeaderElection.java:logAndReturn(56)) - 12ad0800-05cb-443c-9fdd-fa1debf04523@group-BCB82A5C07F5-LeaderElection1140: Election REJECTED; received 2 response(s) [12ad0800-05cb-443c-9fdd-fa1debf04523<-5170c5f3-8499-4b42-9321-85fc8a351f79#0:FAIL-t116, 12ad0800-05cb-443c-9fdd-fa1debf04523<-0b10a9fc-47eb-4a2b-b664-8273d9d17379#0:FAIL-t116] and 0 exception(s); 12ad0800-05cb-443c-9fdd-fa1debf04523@group-BCB82A5C07F5:t116, leader=null, voted=12ad0800-05cb-443c-9fdd-fa1debf04523, raftlog=12ad0800-05cb-443c-9fdd-fa1debf04523@group-BCB82A5C07F5-SegmentedRaftLog:OPENED:c-1,f-1,i0, conf=-1: [12ad0800-05cb-443c-9fdd-fa1debf04523:192.168.34.25:41155, 5170c5f3-8499-4b42-9321-85fc8a351f79:192.168.34.25:43074, 0b10a9fc-47eb-4a2b-b664-8273d9d17379:192.168.34.25:45248], old=null
2019-10-18 07:24:03,126 [12ad0800-05cb-443c-9fdd-fa1debf04523@group-BCB82A5C07F5-LeaderElection1140] INFO  impl.RaftServerImpl (RaftServerImpl.java:setRole(184)) - 12ad0800-05cb-443c-9fdd-fa1debf04523@group-BCB82A5C07F5: changes role from CANDIDATE to FOLLOWER at term 116 for DISCOVERED_A_NEW_TERM
2019-10-18 07:24:03,126 [12ad0800-05cb-443c-9fdd-fa1debf04523@group-BCB82A5C07F5-LeaderElection1140] INFO  impl.RoleInfo (RoleInfo.java:shutdownLeaderElection(134)) - 12ad0800-05cb-443c-9fdd-fa1debf04523: shutdown LeaderElection
2019-10-18 07:24:03,126 [12ad0800-05cb-443c-9fdd-fa1debf04523@group-BCB82A5C07F5-LeaderElection1140] INFO  impl.RoleInfo (RoleInfo.java:updateAndGet(143)) - 12ad0800-05cb-443c-9fdd-fa1debf04523: start FollowerState
2019-10-18 07:24:03,136 [Thread-10130] INFO  impl.FollowerState (FollowerState.java:run(108)) - 12ad0800-05cb-443c-9fdd-fa1debf04523@group-BCB82A5C07F5-FollowerState: change to CANDIDATE, lastRpcTime:10ms, electionTimeout:10ms
2019-10-18 07:24:03,136 [Thread-10130] INFO  impl.RoleInfo (RoleInfo.java:shutdownFollowerState(121)) - 12ad0800-05cb-443c-9fdd-fa1debf04523: shutdown FollowerState
2019-10-18 07:24:03,136 [Thread-10130] INFO  impl.RaftServerImpl (RaftServerImpl.java:setRole(184)) - 12ad0800-05cb-443c-9fdd-fa1debf04523@group-BCB82A5C07F5: changes role from  FOLLOWER to CANDIDATE at term 116 for changeToCandidate
2019-10-18 07:24:03,136 [Thread-10130] INFO  impl.RoleInfo (RoleInfo.java:updateAndGet(143)) - 12ad0800-05cb-443c-9fdd-fa1debf04523: start LeaderElection
2019-10-18 07:24:03,159 [12ad0800-05cb-443c-9fdd-fa1debf04523@group-BCB82A5C07F5-LeaderElection1141] INFO  impl.LeaderElection (LeaderElection.java:askForVotes(178)) - 12ad0800-05cb-443c-9fdd-fa1debf04523@group-BCB82A5C07F5-LeaderElection1141: begin an election at term 117 for -1: [12ad0800-05cb-443c-9fdd-fa1debf04523:192.168.34.25:41155, 5170c5f3-8499-4b42-9321-85fc8a351f79:192.168.34.25:43074, 0b10a9fc-47eb-4a2b-b664-8273d9d17379:192.168.34.25:45248], old=null
2019-10-18 07:24:03,160 [grpc-default-executor-12] INFO  impl.RaftServerImpl (RaftServerImpl.java:setRole(184)) - 5170c5f3-8499-4b42-9321-85fc8a351f79@group-BCB82A5C07F5: changes role from  FOLLOWER to FOLLOWER at term 117 for recognizeCandidate:12ad0800-05cb-443c-9fdd-fa1debf04523
2019-10-18 07:24:03,160 [grpc-default-executor-12] INFO  impl.RoleInfo (RoleInfo.java:shutdownFollowerState(121)) - 5170c5f3-8499-4b42-9321-85fc8a351f79: shutdown FollowerState
2019-10-18 07:24:03,160 [grpc-default-executor-12] INFO  impl.RoleInfo (RoleInfo.java:updateAndGet(143)) - 5170c5f3-8499-4b42-9321-85fc8a351f79: start FollowerState
2019-10-18 07:24:03,160 [Thread-10128] INFO  impl.FollowerState (FollowerState.java:run(117)) - 5170c5f3-8499-4b42-9321-85fc8a351f79@group-BCB82A5C07F5-FollowerState was interrupted: java.lang.InterruptedException: sleep interrupted
2019-10-18 07:24:03,160 [grpc-default-executor-4] INFO  impl.RaftServerImpl (RaftServerImpl.java:setRole(184)) - 0b10a9fc-47eb-4a2b-b664-8273d9d17379@group-BCB82A5C07F5: changes role from  FOLLOWER to FOLLOWER at term 117 for recognizeCandidate:12ad0800-05cb-443c-9fdd-fa1debf04523
2019-10-18 07:24:03,160 [grpc-default-executor-4] INFO  impl.RoleInfo (RoleInfo.java:shutdownFollowerState(121)) - 0b10a9fc-47eb-4a2b-b664-8273d9d17379: shutdown FollowerState
2019-10-18 07:24:03,160 [grpc-default-executor-4] INFO  impl.RoleInfo (RoleInfo.java:updateAndGet(143)) - 0b10a9fc-47eb-4a2b-b664-8273d9d17379: start FollowerState
2019-10-18 07:24:03,160 [Thread-10129] INFO  impl.FollowerState (FollowerState.java:run(117)) - 0b10a9fc-47eb-4a2b-b664-8273d9d17379@group-BCB82A5C07F5-FollowerState was interrupted: java.lang.InterruptedException: sleep interrupted
2019-10-18 07:24:03,178 [12ad0800-05cb-443c-9fdd-fa1debf04523@group-BCB82A5C07F5-LeaderElection1141] INFO  impl.LeaderElection (LeaderElection.java:logAndReturn(56)) - 12ad0800-05cb-443c-9fdd-fa1debf04523@group-BCB82A5C07F5-LeaderElection1141: Election TIMEOUT; received 0 response(s) [] and 0 exception(s); 12ad0800-05cb-443c-9fdd-fa1debf04523@group-BCB82A5C07F5:t117, leader=null, voted=12ad0800-05cb-443c-9fdd-fa1debf04523, raftlog=12ad0800-05cb-443c-9fdd-fa1debf04523@group-BCB82A5C07F5-SegmentedRaftLog:OPENED:c-1,f-1,i0, conf=-1: [12ad0800-05cb-443c-9fdd-fa1debf04523:192.168.34.25:41155, 5170c5f3-8499-4b42-9321-85fc8a351f79:192.168.34.25:43074, 0b10a9fc-47eb-4a2b-b664-8273d9d17379:192.168.34.25:45248], old=null
2019-10-18 07:24:03,202 [12ad0800-05cb-443c-9fdd-fa1debf04523@group-BCB82A5C07F5-LeaderElection1141] INFO  impl.LeaderElection (LeaderElection.java:askForVotes(178)) - 12ad0800-05cb-443c-9fdd-fa1debf04523@group-BCB82A5C07F5-LeaderElection1141: begin an election at term 118 for -1: [12ad0800-05cb-443c-9fdd-fa1debf04523:192.168.34.25:41155, 5170c5f3-8499-4b42-9321-85fc8a351f79:192.168.34.25:43074, 0b10a9fc-47eb-4a2b-b664-8273d9d17379:192.168.34.25:45248], old=null
2019-10-18 07:24:03,203 [grpc-default-executor-4] INFO  impl.RaftServerImpl (RaftServerImpl.java:setRole(184)) - 5170c5f3-8499-4b42-9321-85fc8a351f79@group-BCB82A5C07F5: changes role from  FOLLOWER to FOLLOWER at term 118 for recognizeCandidate:12ad0800-05cb-443c-9fdd-fa1debf04523
2019-10-18 07:24:03,203 [grpc-default-executor-4] INFO  impl.RoleInfo (RoleInfo.java:shutdownFollowerState(121)) - 5170c5f3-8499-4b42-9321-85fc8a351f79: shutdown FollowerState
2019-10-18 07:24:03,203 [grpc-default-executor-12] INFO  impl.RaftServerImpl (RaftServerImpl.java:setRole(184)) - 0b10a9fc-47eb-4a2b-b664-8273d9d17379@group-BCB82A5C07F5: changes role from  FOLLOWER to FOLLOWER at term 118 for recognizeCandidate:12ad0800-05cb-443c-9fdd-fa1debf04523
2019-10-18 07:24:03,204 [grpc-default-executor-12] INFO  impl.RoleInfo (RoleInfo.java:shutdownFollowerState(121)) - 0b10a9fc-47eb-4a2b-b664-8273d9d17379: shutdown FollowerState
2019-10-18 07:24:03,204 [Thread-10134] INFO  impl.FollowerState (FollowerState.java:run(117)) - 5170c5f3-8499-4b42-9321-85fc8a351f79@group-BCB82A5C07F5-FollowerState was interrupted: java.lang.InterruptedException: sleep interrupted
2019-10-18 07:24:03,204 [grpc-default-executor-4] INFO  impl.RoleInfo (RoleInfo.java:updateAndGet(143)) - 5170c5f3-8499-4b42-9321-85fc8a351f79: start FollowerState
2019-10-18 07:24:03,204 [Thread-10135] INFO  impl.FollowerState (FollowerState.java:run(117)) - 0b10a9fc-47eb-4a2b-b664-8273d9d17379@group-BCB82A5C07F5-FollowerState was interrupted: java.lang.InterruptedException: sleep interrupted
2019-10-18 07:24:03,204 [grpc-default-executor-12] INFO  impl.RoleInfo (RoleInfo.java:updateAndGet(143)) - 0b10a9fc-47eb-4a2b-b664-8273d9d17379: start FollowerState
2019-10-18 07:24:03,228 [12ad0800-05cb-443c-9fdd-fa1debf04523@group-BCB82A5C07F5-LeaderElection1141] INFO  impl.LeaderElection (LeaderElection.java:logAndReturn(56)) - 12ad0800-05cb-443c-9fdd-fa1debf04523@group-BCB82A5C07F5-LeaderElection1141: Election REJECTED; received 2 response(s) [12ad0800-05cb-443c-9fdd-fa1debf04523<-5170c5f3-8499-4b42-9321-85fc8a351f79#0:FAIL-t118, 12ad0800-05cb-443c-9fdd-fa1debf04523<-0b10a9fc-47eb-4a2b-b664-8273d9d17379#0:FAIL-t118] and 0 exception(s); 12ad0800-05cb-443c-9fdd-fa1debf04523@group-BCB82A5C07F5:t118, leader=null, voted=12ad0800-05cb-443c-9fdd-fa1debf04523, raftlog=12ad0800-05cb-443c-9fdd-fa1debf04523@group-BCB82A5C07F5-SegmentedRaftLog:OPENED:c-1,f-1,i0, conf=-1: [12ad0800-05cb-443c-9fdd-fa1debf04523:192.168.34.25:41155, 5170c5f3-8499-4b42-9321-85fc8a351f79:192.168.34.25:43074, 0b10a9fc-47eb-4a2b-b664-8273d9d17379:192.168.34.25:45248], old=null
2019-10-18 07:24:03,228 [12ad0800-05cb-443c-9fdd-fa1debf04523@group-BCB82A5C07F5-LeaderElection1141] INFO  impl.RaftServerImpl (RaftServerImpl.java:setRole(184)) - 12ad0800-05cb-443c-9fdd-fa1debf04523@group-BCB82A5C07F5: changes role from CANDIDATE to FOLLOWER at term 118 for DISCOVERED_A_NEW_TERM
2019-10-18 07:24:03,228 [12ad0800-05cb-443c-9fdd-fa1debf04523@group-BCB82A5C07F5-LeaderElection1141] INFO  impl.RoleInfo (RoleInfo.java:shutdownLeaderElection(134)) - 12ad0800-05cb-443c-9fdd-fa1debf04523: shutdown LeaderElection
2019-10-18 07:24:03,228 [12ad0800-05cb-443c-9fdd-fa1debf04523@group-BCB82A5C07F5-LeaderElection1141] INFO  impl.RoleInfo (RoleInfo.java:updateAndGet(143)) - 12ad0800-05cb-443c-9fdd-fa1debf04523: start FollowerState
2019-10-18 07:24:03,261 [Thread-10125] INFO  impl.FollowerState (FollowerState.java:run(108)) - 4dea926d-4bc6-487a-9b9b-9fd457d0fae4@group-0C9C3B2D0CC1-FollowerState: change to CANDIDATE, lastRpcTime:186ms, electionTimeout:186ms
2019-10-18 07:24:03,261 [Thread-10125] INFO  impl.RoleInfo (RoleInfo.java:shutdownFollowerState(121)) - 4dea926d-4bc6-487a-9b9b-9fd457d0fae4: shutdown FollowerState
2019-10-18 07:24:03,261 [Thread-10125] INFO  impl.RaftServerImpl (RaftServerImpl.java:setRole(184)) - 4dea926d-4bc6-487a-9b9b-9fd457d0fae4@group-0C9C3B2D0CC1: changes role from  FOLLOWER to CANDIDATE at term 105 for changeToCandidate
2019-10-18 07:24:03,261 [Thread-10125] INFO  impl.RoleInfo (RoleInfo.java:updateAndGet(143)) - 4dea926d-4bc6-487a-9b9b-9fd457d0fae4: start LeaderElection
2019-10-18 07:24:03,286 [4dea926d-4bc6-487a-9b9b-9fd457d0fae4@group-0C9C3B2D0CC1-LeaderElection1142] INFO  impl.LeaderElection (LeaderElection.java:askForVotes(178)) - 4dea926d-4bc6-487a-9b9b-9fd457d0fae4@group-0C9C3B2D0CC1-LeaderElection1142: begin an election at term 106 for -1: [6633f50a-7046-4b08-9937-8e25f1b14b15:192.168.34.25:39338, 67270882-100a-4e75-928d-618d17e069c8:192.168.34.25:36648, 4dea926d-4bc6-487a-9b9b-9fd457d0fae4:192.168.34.25:41624], old=null
2019-10-18 07:24:03,287 [grpc-default-executor-4] INFO  impl.RaftServerImpl (RaftServerImpl.java:setRole(184)) - 6633f50a-7046-4b08-9937-8e25f1b14b15@group-0C9C3B2D0CC1: changes role from  FOLLOWER to FOLLOWER at term 106 for recognizeCandidate:4dea926d-4bc6-487a-9b9b-9fd457d0fae4
2019-10-18 07:24:03,288 [grpc-default-executor-4] INFO  impl.RoleInfo (RoleInfo.java:shutdownFollowerState(121)) - 6633f50a-7046-4b08-9937-8e25f1b14b15: shutdown FollowerState
2019-10-18 07:24:03,288 [grpc-default-executor-12] INFO  impl.RaftServerImpl (RaftServerImpl.java:setRole(184)) - 67270882-100a-4e75-928d-618d17e069c8@group-0C9C3B2D0CC1: changes role from  FOLLOWER to FOLLOWER at term 106 for recognizeCandidate:4dea926d-4bc6-487a-9b9b-9fd457d0fae4
2019-10-18 07:24:03,288 [Thread-10122] INFO  impl.FollowerState (FollowerState.java:run(117)) - 6633f50a-7046-4b08-9937-8e25f1b14b15@group-0C9C3B2D0CC1-FollowerState was interrupted: java.lang.InterruptedException: sleep interrupted
2019-10-18 07:24:03,288 [grpc-default-executor-4] INFO  impl.RoleInfo (RoleInfo.java:updateAndGet(143)) - 6633f50a-7046-4b08-9937-8e25f1b14b15: start FollowerState
2019-10-18 07:24:03,288 [grpc-default-executor-12] INFO  impl.RoleInfo (RoleInfo.java:shutdownFollowerState(121)) - 67270882-100a-4e75-928d-618d17e069c8: shutdown FollowerState
2019-10-18 07:24:03,288 [grpc-default-executor-12] INFO  impl.RoleInfo (RoleInfo.java:updateAndGet(143)) - 67270882-100a-4e75-928d-618d17e069c8: start FollowerState
2019-10-18 07:24:03,288 [Thread-10123] INFO  impl.FollowerState (FollowerState.java:run(117)) - 67270882-100a-4e75-928d-618d17e069c8@group-0C9C3B2D0CC1-FollowerState was interrupted: java.lang.InterruptedException: sleep interrupted
2019-10-18 07:24:03,309 [Thread-10140] INFO  impl.FollowerState (FollowerState.java:run(108)) - 12ad0800-05cb-443c-9fdd-fa1debf04523@group-BCB82A5C07F5-FollowerState: change to CANDIDATE, lastRpcTime:80ms, electionTimeout:80ms
2019-10-18 07:24:03,309 [Thread-10140] INFO  impl.RoleInfo (RoleInfo.java:shutdownFollowerState(121)) - 12ad0800-05cb-443c-9fdd-fa1debf04523: shutdown FollowerState
2019-10-18 07:24:03,309 [Thread-10140] INFO  impl.RaftServerImpl (RaftServerImpl.java:setRole(184)) - 12ad0800-05cb-443c-9fdd-fa1debf04523@group-BCB82A5C07F5: changes role from  FOLLOWER to CANDIDATE at term 118 for changeToCandidate
2019-10-18 07:24:03,309 [Thread-10140] INFO  impl.RoleInfo (RoleInfo.java:updateAndGet(143)) - 12ad0800-05cb-443c-9fdd-fa1debf04523: start LeaderElection
2019-10-18 07:24:03,312 [4dea926d-4bc6-487a-9b9b-9fd457d0fae4@group-0C9C3B2D0CC1-LeaderElection1142] INFO  impl.LeaderElection (LeaderElection.java:logAndReturn(56)) - 4dea926d-4bc6-487a-9b9b-9fd457d0fae4@group-0C9C3B2D0CC1-LeaderElection1142: Election REJECTED; received 2 response(s) [4dea926d-4bc6-487a-9b9b-9fd457d0fae4<-6633f50a-7046-4b08-9937-8e25f1b14b15#0:FAIL-t106, 4dea926d-4bc6-487a-9b9b-9fd457d0fae4<-67270882-100a-4e75-928d-618d17e069c8#0:FAIL-t106] and 0 exception(s); 4dea926d-4bc6-487a-9b9b-9fd457d0fae4@group-0C9C3B2D0CC1:t106, leader=null, voted=4dea926d-4bc6-487a-9b9b-9fd457d0fae4, raftlog=4dea926d-4bc6-487a-9b9b-9fd457d0fae4@group-0C9C3B2D0CC1-SegmentedRaftLog:OPENED:c-1,f-1,i0, conf=-1: [6633f50a-7046-4b08-9937-8e25f1b14b15:192.168.34.25:39338, 67270882-100a-4e75-928d-618d17e069c8:192.168.34.25:36648, 4dea926d-4bc6-487a-9b9b-9fd457d0fae4:192.168.34.25:41624], old=null
2019-10-18 07:24:03,312 [4dea926d-4bc6-487a-9b9b-9fd457d0fae4@group-0C9C3B2D0CC1-LeaderElection1142] INFO  impl.RaftServerImpl (RaftServerImpl.java:setRole(184)) - 4dea926d-4bc6-487a-9b9b-9fd457d0fae4@group-0C9C3B2D0CC1: changes role from CANDIDATE to FOLLOWER at term 106 for DISCOVERED_A_NEW_TERM
2019-10-18 07:24:03,312 [4dea926d-4bc6-487a-9b9b-9fd457d0fae4@group-0C9C3B2D0CC1-LeaderElection1142] INFO  impl.RoleInfo (RoleInfo.java:shutdownLeaderElection(134)) - 4dea926d-4bc6-487a-9b9b-9fd457d0fae4: shutdown LeaderElection
2019-10-18 07:24:03,312 [4dea926d-4bc6-487a-9b9b-9fd457d0fae4@group-0C9C3B2D0CC1-LeaderElection1142] INFO  impl.RoleInfo (RoleInfo.java:updateAndGet(143)) - 4dea926d-4bc6-487a-9b9b-9fd457d0fae4: start FollowerState
2019-10-18 07:24:03,337 [12ad0800-05cb-443c-9fdd-fa1debf04523@group-BCB82A5C07F5-LeaderElection1143] INFO  impl.LeaderElection (LeaderElection.java:askForVotes(178)) - 12ad0800-05cb-443c-9fdd-fa1debf04523@group-BCB82A5C07F5-LeaderElection1143: begin an election at term 119 for -1: [12ad0800-05cb-443c-9fdd-fa1debf04523:192.168.34.25:41155, 5170c5f3-8499-4b42-9321-85fc8a351f79:192.168.34.25:43074, 0b10a9fc-47eb-4a2b-b664-8273d9d17379:192.168.34.25:45248], old=null
2019-10-18 07:24:03,338 [grpc-default-executor-4] INFO  impl.RaftServerImpl (RaftServerImpl.java:setRole(184)) - 5170c5f3-8499-4b42-9321-85fc8a351f79@group-BCB82A5C07F5: changes role from  FOLLOWER to FOLLOWER at term 119 for recognizeCandidate:12ad0800-05cb-443c-9fdd-fa1debf04523
2019-10-18 07:24:03,338 [grpc-default-executor-4] INFO  impl.RoleInfo (RoleInfo.java:shutdownFollowerState(121)) - 5170c5f3-8499-4b42-9321-85fc8a351f79: shutdown FollowerState
2019-10-18 07:24:03,338 [grpc-default-executor-12] INFO  impl.RaftServerImpl (RaftServerImpl.java:setRole(184)) - 0b10a9fc-47eb-4a2b-b664-8273d9d17379@group-BCB82A5C07F5: changes role from  FOLLOWER to FOLLOWER at term 119 for recognizeCandidate:12ad0800-05cb-443c-9fdd-fa1debf04523
2019-10-18 07:24:03,339 [grpc-default-executor-12] INFO  impl.RoleInfo (RoleInfo.java:shutdownFollowerState(121)) - 0b10a9fc-47eb-4a2b-b664-8273d9d17379: shutdown FollowerState
2019-10-18 07:24:03,339 [Thread-10138] INFO  impl.FollowerState (FollowerState.java:run(117)) - 5170c5f3-8499-4b42-9321-85fc8a351f79@group-BCB82A5C07F5-FollowerState was interrupted: java.lang.InterruptedException: sleep interrupted
2019-10-18 07:24:03,339 [Thread-10139] INFO  impl.FollowerState (FollowerState.java:run(117)) - 0b10a9fc-47eb-4a2b-b664-8273d9d17379@group-BCB82A5C07F5-FollowerState was interrupted: java.lang.InterruptedException: sleep interrupted
2019-10-18 07:24:03,339 [grpc-default-executor-4] INFO  impl.RoleInfo (RoleInfo.java:updateAndGet(143)) - 5170c5f3-8499-4b42-9321-85fc8a351f79: start FollowerState
2019-10-18 07:24:03,339 [grpc-default-executor-12] INFO  impl.RoleInfo (RoleInfo.java:updateAndGet(143)) - 0b10a9fc-47eb-4a2b-b664-8273d9d17379: start FollowerState
2019-10-18 07:24:03,363 [12ad0800-05cb-443c-9fdd-fa1debf04523@group-BCB82A5C07F5-LeaderElection1143] INFO  impl.LeaderElection (LeaderElection.java:logAndReturn(56)) - 12ad0800-05cb-443c-9fdd-fa1debf04523@group-BCB82A5C07F5-LeaderElection1143: Election REJECTED; received 2 response(s) [12ad0800-05cb-443c-9fdd-fa1debf04523<-5170c5f3-8499-4b42-9321-85fc8a351f79#0:FAIL-t119, 12ad0800-05cb-443c-9fdd-fa1debf04523<-0b10a9fc-47eb-4a2b-b664-8273d9d17379#0:FAIL-t119] and 0 exception(s); 12ad0800-05cb-443c-9fdd-fa1debf04523@group-BCB82A5C07F5:t119, leader=null, voted=12ad0800-05cb-443c-9fdd-fa1debf04523, raftlog=12ad0800-05cb-443c-9fdd-fa1debf04523@group-BCB82A5C07F5-SegmentedRaftLog:OPENED:c-1,f-1,i0, conf=-1: [12ad0800-05cb-443c-9fdd-fa1debf04523:192.168.34.25:41155, 5170c5f3-8499-4b42-9321-85fc8a351f79:192.168.34.25:43074, 0b10a9fc-47eb-4a2b-b664-8273d9d17379:192.168.34.25:45248], old=null
2019-10-18 07:24:03,363 [12ad0800-05cb-443c-9fdd-fa1debf04523@group-BCB82A5C07F5-LeaderElection1143] INFO  impl.RaftServerImpl (RaftServerImpl.java:setRole(184)) - 12ad0800-05cb-443c-9fdd-fa1debf04523@group-BCB82A5C07F5: changes role from CANDIDATE to FOLLOWER at term 119 for DISCOVERED_A_NEW_TERM
2019-10-18 07:24:03,363 [12ad0800-05cb-443c-9fdd-fa1debf04523@group-BCB82A5C07F5-LeaderElection1143] INFO  impl.RoleInfo (RoleInfo.java:shutdownLeaderElection(134)) - 12ad0800-05cb-443c-9fdd-fa1debf04523: shutdown LeaderElection
2019-10-18 07:24:03,363 [12ad0800-05cb-443c-9fdd-fa1debf04523@group-BCB82A5C07F5-LeaderElection1143] INFO  impl.RoleInfo (RoleInfo.java:updateAndGet(143)) - 12ad0800-05cb-443c-9fdd-fa1debf04523: start FollowerState
2019-10-18 07:24:03,494 [Thread-10147] INFO  impl.FollowerState (FollowerState.java:run(108)) - 4dea926d-4bc6-487a-9b9b-9fd457d0fae4@group-0C9C3B2D0CC1-FollowerState: change to CANDIDATE, lastRpcTime:181ms, electionTimeout:181ms
2019-10-18 07:24:03,494 [Thread-10147] INFO  impl.RoleInfo (RoleInfo.java:shutdownFollowerState(121)) - 4dea926d-4bc6-487a-9b9b-9fd457d0fae4: shutdown FollowerState
2019-10-18 07:24:03,494 [Thread-10147] INFO  impl.RaftServerImpl (RaftServerImpl.java:setRole(184)) - 4dea926d-4bc6-487a-9b9b-9fd457d0fae4@group-0C9C3B2D0CC1: changes role from  FOLLOWER to CANDIDATE at term 106 for changeToCandidate
2019-10-18 07:24:03,494 [Thread-10147] INFO  impl.RoleInfo (RoleInfo.java:updateAndGet(143)) - 4dea926d-4bc6-487a-9b9b-9fd457d0fae4: start LeaderElection
2019-10-18 07:24:03,506 [Thread-10152] INFO  impl.FollowerState (FollowerState.java:run(108)) - 12ad0800-05cb-443c-9fdd-fa1debf04523@group-BCB82A5C07F5-FollowerState: change to CANDIDATE, lastRpcTime:142ms, electionTimeout:142ms
2019-10-18 07:24:03,506 [Thread-10152] INFO  impl.RoleInfo (RoleInfo.java:shutdownFollowerState(121)) - 12ad0800-05cb-443c-9fdd-fa1debf04523: shutdown FollowerState
2019-10-18 07:24:03,506 [Thread-10152] INFO  impl.RaftServerImpl (RaftServerImpl.java:setRole(184)) - 12ad0800-05cb-443c-9fdd-fa1debf04523@group-BCB82A5C07F5: changes role from  FOLLOWER to CANDIDATE at term 119 for changeToCandidate
2019-10-18 07:24:03,506 [Thread-10152] INFO  impl.RoleInfo (RoleInfo.java:updateAndGet(143)) - 12ad0800-05cb-443c-9fdd-fa1debf04523: start LeaderElection
2019-10-18 07:24:03,521 [4dea926d-4bc6-487a-9b9b-9fd457d0fae4@group-0C9C3B2D0CC1-LeaderElection1144] INFO  impl.LeaderElection (LeaderElection.java:askForVotes(178)) - 4dea926d-4bc6-487a-9b9b-9fd457d0fae4@group-0C9C3B2D0CC1-LeaderElection1144: begin an election at term 107 for -1: [6633f50a-7046-4b08-9937-8e25f1b14b15:192.168.34.25:39338, 67270882-100a-4e75-928d-618d17e069c8:192.168.34.25:36648, 4dea926d-4bc6-487a-9b9b-9fd457d0fae4:192.168.34.25:41624], old=null
2019-10-18 07:24:03,523 [grpc-default-executor-12] INFO  impl.RaftServerImpl (RaftServerImpl.java:setRole(184)) - 67270882-100a-4e75-928d-618d17e069c8@group-0C9C3B2D0CC1: changes role from  FOLLOWER to FOLLOWER at term 107 for recognizeCandidate:4dea926d-4bc6-487a-9b9b-9fd457d0fae4
2019-10-18 07:24:03,523 [grpc-default-executor-4] INFO  impl.RaftServerImpl (RaftServerImpl.java:setRole(184)) - 6633f50a-7046-4b08-9937-8e25f1b14b15@group-0C9C3B2D0CC1: changes role from  FOLLOWER to FOLLOWER at term 107 for recognizeCandidate:4dea926d-4bc6-487a-9b9b-9fd457d0fae4
2019-10-18 07:24:03,523 [grpc-default-executor-4] INFO  impl.RoleInfo (RoleInfo.java:shutdownFollowerState(121)) - 6633f50a-7046-4b08-9937-8e25f1b14b15: shutdown FollowerState
2019-10-18 07:24:03,523 [grpc-default-executor-12] INFO  impl.RoleInfo (RoleInfo.java:shutdownFollowerState(121)) - 67270882-100a-4e75-928d-618d17e069c8: shutdown FollowerState
2019-10-18 07:24:03,523 [Thread-10144] INFO  impl.FollowerState (FollowerState.java:run(117)) - 6633f50a-7046-4b08-9937-8e25f1b14b15@group-0C9C3B2D0CC1-FollowerState was interrupted: java.lang.InterruptedException: sleep interrupted
2019-10-18 07:24:03,523 [Thread-10145] INFO  impl.FollowerState (FollowerState.java:run(117)) - 67270882-100a-4e75-928d-618d17e069c8@group-0C9C3B2D0CC1-FollowerState was interrupted: java.lang.InterruptedException: sleep interrupted
2019-10-18 07:24:03,523 [grpc-default-executor-4] INFO  impl.RoleInfo (RoleInfo.java:updateAndGet(143)) - 6633f50a-7046-4b08-9937-8e25f1b14b15: start FollowerState
2019-10-18 07:24:03,523 [grpc-default-executor-12] INFO  impl.RoleInfo (RoleInfo.java:updateAndGet(143)) - 67270882-100a-4e75-928d-618d17e069c8: start FollowerState
2019-10-18 07:24:03,547 [12ad0800-05cb-443c-9fdd-fa1debf04523@group-BCB82A5C07F5-LeaderElection1145] INFO  impl.LeaderElection (LeaderElection.java:askForVotes(178)) - 12ad0800-05cb-443c-9fdd-fa1debf04523@group-BCB82A5C07F5-LeaderElection1145: begin an election at term 120 for -1: [12ad0800-05cb-443c-9fdd-fa1debf04523:192.168.34.25:41155, 5170c5f3-8499-4b42-9321-85fc8a351f79:192.168.34.25:43074, 0b10a9fc-47eb-4a2b-b664-8273d9d17379:192.168.34.25:45248], old=null
2019-10-18 07:24:03,548 [grpc-default-executor-14] INFO  impl.RaftServerImpl (RaftServerImpl.java:setRole(184)) - 5170c5f3-8499-4b42-9321-85fc8a351f79@group-BCB82A5C07F5: changes role from  FOLLOWER to FOLLOWER at term 120 for recognizeCandidate:12ad0800-05cb-443c-9fdd-fa1debf04523
2019-10-18 07:24:03,548 [grpc-default-executor-11] INFO  impl.RaftServerImpl (RaftServerImpl.java:setRole(184)) - 0b10a9fc-47eb-4a2b-b664-8273d9d17379@group-BCB82A5C07F5: changes role from  FOLLOWER to FOLLOWER at term 120 for recognizeCandidate:12ad0800-05cb-443c-9fdd-fa1debf04523
2019-10-18 07:24:03,548 [grpc-default-executor-11] INFO  impl.RoleInfo (RoleInfo.java:shutdownFollowerState(121)) - 0b10a9fc-47eb-4a2b-b664-8273d9d17379: shutdown FollowerState
2019-10-18 07:24:03,548 [grpc-default-executor-14] INFO  impl.RoleInfo (RoleInfo.java:shutdownFollowerState(121)) - 5170c5f3-8499-4b42-9321-85fc8a351f79: shutdown FollowerState
2019-10-18 07:24:03,548 [Thread-10151] INFO  impl.FollowerState (FollowerState.java:run(117)) - 0b10a9fc-47eb-4a2b-b664-8273d9d17379@group-BCB82A5C07F5-FollowerState was interrupted: java.lang.InterruptedException: sleep interrupted
2019-10-18 07:24:03,548 [grpc-default-executor-11] INFO  impl.RoleInfo (RoleInfo.java:updateAndGet(143)) - 0b10a9fc-47eb-4a2b-b664-8273d9d17379: start FollowerState
2019-10-18 07:24:03,549 [Thread-10150] INFO  impl.FollowerState (FollowerState.java:run(117)) - 5170c5f3-8499-4b42-9321-85fc8a351f79@group-BCB82A5C07F5-FollowerState was interrupted: java.lang.InterruptedException: sleep interrupted
2019-10-18 07:24:03,548 [grpc-default-executor-14] INFO  impl.RoleInfo (RoleInfo.java:updateAndGet(143)) - 5170c5f3-8499-4b42-9321-85fc8a351f79: start FollowerState
2019-10-18 07:24:03,556 [4dea926d-4bc6-487a-9b9b-9fd457d0fae4@group-0C9C3B2D0CC1-LeaderElection1144] INFO  impl.LeaderElection (LeaderElection.java:logAndReturn(56)) - 4dea926d-4bc6-487a-9b9b-9fd457d0fae4@group-0C9C3B2D0CC1-LeaderElection1144: Election REJECTED; received 2 response(s) [4dea926d-4bc6-487a-9b9b-9fd457d0fae4<-6633f50a-7046-4b08-9937-8e25f1b14b15#0:FAIL-t107, 4dea926d-4bc6-487a-9b9b-9fd457d0fae4<-67270882-100a-4e75-928d-618d17e069c8#0:FAIL-t107] and 0 exception(s); 4dea926d-4bc6-487a-9b9b-9fd457d0fae4@group-0C9C3B2D0CC1:t107, leader=null, voted=4dea926d-4bc6-487a-9b9b-9fd457d0fae4, raftlog=4dea926d-4bc6-487a-9b9b-9fd457d0fae4@group-0C9C3B2D0CC1-SegmentedRaftLog:OPENED:c-1,f-1,i0, conf=-1: [6633f50a-7046-4b08-9937-8e25f1b14b15:192.168.34.25:39338, 67270882-100a-4e75-928d-618d17e069c8:192.168.34.25:36648, 4dea926d-4bc6-487a-9b9b-9fd457d0fae4:192.168.34.25:41624], old=null
2019-10-18 07:24:03,556 [4dea926d-4bc6-487a-9b9b-9fd457d0fae4@group-0C9C3B2D0CC1-LeaderElection1144] INFO  impl.RaftServerImpl (RaftServerImpl.java:setRole(184)) - 4dea926d-4bc6-487a-9b9b-9fd457d0fae4@group-0C9C3B2D0CC1: changes role from CANDIDATE to FOLLOWER at term 107 for DISCOVERED_A_NEW_TERM
2019-10-18 07:24:03,556 [4dea926d-4bc6-487a-9b9b-9fd457d0fae4@group-0C9C3B2D0CC1-LeaderElection1144] INFO  impl.RoleInfo (RoleInfo.java:shutdownLeaderElection(134)) - 4dea926d-4bc6-487a-9b9b-9fd457d0fae4: shutdown LeaderElection
2019-10-18 07:24:03,556 [4dea926d-4bc6-487a-9b9b-9fd457d0fae4@group-0C9C3B2D0CC1-LeaderElection1144] INFO  impl.RoleInfo (RoleInfo.java:updateAndGet(143)) - 4dea926d-4bc6-487a-9b9b-9fd457d0fae4: start FollowerState
2019-10-18 07:24:03,573 [12ad0800-05cb-443c-9fdd-fa1debf04523@group-BCB82A5C07F5-LeaderElection1145] INFO  impl.LeaderElection (LeaderElection.java:logAndReturn(56)) - 12ad0800-05cb-443c-9fdd-fa1debf04523@group-BCB82A5C07F5-LeaderElection1145: Election REJECTED; received 2 response(s) [12ad0800-05cb-443c-9fdd-fa1debf04523<-5170c5f3-8499-4b42-9321-85fc8a351f79#0:FAIL-t120, 12ad0800-05cb-443c-9fdd-fa1debf04523<-0b10a9fc-47eb-4a2b-b664-8273d9d17379#0:FAIL-t120] and 0 exception(s); 12ad0800-05cb-443c-9fdd-fa1debf04523@group-BCB82A5C07F5:t120, leader=null, voted=12ad0800-05cb-443c-9fdd-fa1debf04523, raftlog=12ad0800-05cb-443c-9fdd-fa1debf04523@group-BCB82A5C07F5-SegmentedRaftLog:OPENED:c-1,f-1,i0, conf=-1: [12ad0800-05cb-443c-9fdd-fa1debf04523:192.168.34.25:41155, 5170c5f3-8499-4b42-9321-85fc8a351f79:192.168.34.25:43074, 0b10a9fc-47eb-4a2b-b664-8273d9d17379:192.168.34.25:45248], old=null
2019-10-18 07:24:03,573 [12ad0800-05cb-443c-9fdd-fa1debf04523@group-BCB82A5C07F5-LeaderElection1145] INFO  impl.RaftServerImpl (RaftServerImpl.java:setRole(184)) - 12ad0800-05cb-443c-9fdd-fa1debf04523@group-BCB82A5C07F5: changes role from CANDIDATE to FOLLOWER at term 120 for DISCOVERED_A_NEW_TERM
2019-10-18 07:24:03,573 [12ad0800-05cb-443c-9fdd-fa1debf04523@group-BCB82A5C07F5-LeaderElection1145] INFO  impl.RoleInfo (RoleInfo.java:shutdownLeaderElection(134)) - 12ad0800-05cb-443c-9fdd-fa1debf04523: shutdown LeaderElection
2019-10-18 07:24:03,573 [12ad0800-05cb-443c-9fdd-fa1debf04523@group-BCB82A5C07F5-LeaderElection1145] INFO  impl.RoleInfo (RoleInfo.java:updateAndGet(143)) - 12ad0800-05cb-443c-9fdd-fa1debf04523: start FollowerState
2019-10-18 07:24:03,683 [Thread-10165] INFO  impl.FollowerState (FollowerState.java:run(108)) - 4dea926d-4bc6-487a-9b9b-9fd457d0fae4@group-0C9C3B2D0CC1-FollowerState: change to CANDIDATE, lastRpcTime:126ms, electionTimeout:126ms
2019-10-18 07:24:03,683 [Thread-10165] INFO  impl.RoleInfo (RoleInfo.java:shutdownFollowerState(121)) - 4dea926d-4bc6-487a-9b9b-9fd457d0fae4: shutdown FollowerState
2019-10-18 07:24:03,683 [Thread-10165] INFO  impl.RaftServerImpl (RaftServerImpl.java:setRole(184)) - 4dea926d-4bc6-487a-9b9b-9fd457d0fae4@group-0C9C3B2D0CC1: changes role from  FOLLOWER to CANDIDATE at term 107 for changeToCandidate
2019-10-18 07:24:03,683 [Thread-10165] INFO  impl.RoleInfo (RoleInfo.java:updateAndGet(143)) - 4dea926d-4bc6-487a-9b9b-9fd457d0fae4: start LeaderElection
2019-10-18 07:24:03,706 [4dea926d-4bc6-487a-9b9b-9fd457d0fae4@group-0C9C3B2D0CC1-LeaderElection1146] INFO  impl.LeaderElection (LeaderElection.java:askForVotes(178)) - 4dea926d-4bc6-487a-9b9b-9fd457d0fae4@group-0C9C3B2D0CC1-LeaderElection1146: begin an election at term 108 for -1: [6633f50a-7046-4b08-9937-8e25f1b14b15:192.168.34.25:39338, 67270882-100a-4e75-928d-618d17e069c8:192.168.34.25:36648, 4dea926d-4bc6-487a-9b9b-9fd457d0fae4:192.168.34.25:41624], old=null
2019-10-18 07:24:03,707 [grpc-default-executor-11] INFO  impl.RaftServerImpl (RaftServerImpl.java:setRole(184)) - 6633f50a-7046-4b08-9937-8e25f1b14b15@group-0C9C3B2D0CC1: changes role from  FOLLOWER to FOLLOWER at term 108 for recognizeCandidate:4dea926d-4bc6-487a-9b9b-9fd457d0fae4
2019-10-18 07:24:03,707 [grpc-default-executor-14] INFO  impl.RaftServerImpl (RaftServerImpl.java:setRole(184)) - 67270882-100a-4e75-928d-618d17e069c8@group-0C9C3B2D0CC1: changes role from  FOLLOWER to FOLLOWER at term 108 for recognizeCandidate:4dea926d-4bc6-487a-9b9b-9fd457d0fae4
2019-10-18 07:24:03,708 [grpc-default-executor-14] INFO  impl.RoleInfo (RoleInfo.java:shutdownFollowerState(121)) - 67270882-100a-4e75-928d-618d17e069c8: shutdown FollowerState
2019-10-18 07:24:03,708 [grpc-default-executor-11] INFO  impl.RoleInfo (RoleInfo.java:shutdownFollowerState(121)) - 6633f50a-7046-4b08-9937-8e25f1b14b15: shutdown FollowerState
2019-10-18 07:24:03,708 [Thread-10158] INFO  impl.FollowerState (FollowerState.java:run(117)) - 67270882-100a-4e75-928d-618d17e069c8@group-0C9C3B2D0CC1-FollowerState was interrupted: java.lang.InterruptedException: sleep interrupted
2019-10-18 07:24:03,708 [grpc-default-executor-14] INFO  impl.RoleInfo (RoleInfo.java:updateAndGet(143)) - 67270882-100a-4e75-928d-618d17e069c8: start FollowerState
2019-10-18 07:24:03,708 [Thread-10157] INFO  impl.FollowerState (FollowerState.java:run(117)) - 6633f50a-7046-4b08-9937-8e25f1b14b15@group-0C9C3B2D0CC1-FollowerState was interrupted: java.lang.InterruptedException: sleep interrupted
2019-10-18 07:24:03,708 [grpc-default-executor-11] INFO  impl.RoleInfo (RoleInfo.java:updateAndGet(143)) - 6633f50a-7046-4b08-9937-8e25f1b14b15: start FollowerState
2019-10-18 07:24:03,723 [Thread-10166] INFO  impl.FollowerState (FollowerState.java:run(108)) - 12ad0800-05cb-443c-9fdd-fa1debf04523@group-BCB82A5C07F5-FollowerState: change to CANDIDATE, lastRpcTime:149ms, electionTimeout:149ms
2019-10-18 07:24:03,723 [Thread-10166] INFO  impl.RoleInfo (RoleInfo.java:shutdownFollowerState(121)) - 12ad0800-05cb-443c-9fdd-fa1debf04523: shutdown FollowerState
2019-10-18 07:24:03,723 [Thread-10166] INFO  impl.RaftServerImpl (RaftServerImpl.java:setRole(184)) - 12ad0800-05cb-443c-9fdd-fa1debf04523@group-BCB82A5C07F5: changes role from  FOLLOWER to CANDIDATE at term 120 for changeToCandidate
2019-10-18 07:24:03,723 [Thread-10166] INFO  impl.RoleInfo (RoleInfo.java:updateAndGet(143)) - 12ad0800-05cb-443c-9fdd-fa1debf04523: start LeaderElection
2019-10-18 07:24:03,732 [4dea926d-4bc6-487a-9b9b-9fd457d0fae4@group-0C9C3B2D0CC1-LeaderElection1146] INFO  impl.LeaderElection (LeaderElection.java:logAndReturn(56)) - 4dea926d-4bc6-487a-9b9b-9fd457d0fae4@group-0C9C3B2D0CC1-LeaderElection1146: Election REJECTED; received 2 response(s) [4dea926d-4bc6-487a-9b9b-9fd457d0fae4<-6633f50a-7046-4b08-9937-8e25f1b14b15#0:FAIL-t108, 4dea926d-4bc6-487a-9b9b-9fd457d0fae4<-67270882-100a-4e75-928d-618d17e069c8#0:FAIL-t108] and 0 exception(s); 4dea926d-4bc6-487a-9b9b-9fd457d0fae4@group-0C9C3B2D0CC1:t108, leader=null, voted=4dea926d-4bc6-487a-9b9b-9fd457d0fae4, raftlog=4dea926d-4bc6-487a-9b9b-9fd457d0fae4@group-0C9C3B2D0CC1-SegmentedRaftLog:OPENED:c-1,f-1,i0, conf=-1: [6633f50a-7046-4b08-9937-8e25f1b14b15:192.168.34.25:39338, 67270882-100a-4e75-928d-618d17e069c8:192.168.34.25:36648, 4dea926d-4bc6-487a-9b9b-9fd457d0fae4:192.168.34.25:41624], old=null
2019-10-18 07:24:03,732 [4dea926d-4bc6-487a-9b9b-9fd457d0fae4@group-0C9C3B2D0CC1-LeaderElection1146] INFO  impl.RaftServerImpl (RaftServerImpl.java:setRole(184)) - 4dea926d-4bc6-487a-9b9b-9fd457d0fae4@group-0C9C3B2D0CC1: changes role from CANDIDATE to FOLLOWER at term 108 for DISCOVERED_A_NEW_TERM
2019-10-18 07:24:03,732 [4dea926d-4bc6-487a-9b9b-9fd457d0fae4@group-0C9C3B2D0CC1-LeaderElection1146] INFO  impl.RoleInfo (RoleInfo.java:shutdownLeaderElection(134)) - 4dea926d-4bc6-487a-9b9b-9fd457d0fae4: shutdown LeaderElection
2019-10-18 07:24:03,732 [4dea926d-4bc6-487a-9b9b-9fd457d0fae4@group-0C9C3B2D0CC1-LeaderElection1146] INFO  impl.RoleInfo (RoleInfo.java:updateAndGet(143)) - 4dea926d-4bc6-487a-9b9b-9fd457d0fae4: start FollowerState
2019-10-18 07:24:03,749 [12ad0800-05cb-443c-9fdd-fa1debf04523@group-BCB82A5C07F5-LeaderElection1147] INFO  impl.LeaderElection (LeaderElection.java:askForVotes(178)) - 12ad0800-05cb-443c-9fdd-fa1debf04523@group-BCB82A5C07F5-LeaderElection1147: begin an election at term 121 for -1: [12ad0800-05cb-443c-9fdd-fa1debf04523:192.168.34.25:41155, 5170c5f3-8499-4b42-9321-85fc8a351f79:192.168.34.25:43074, 0b10a9fc-47eb-4a2b-b664-8273d9d17379:192.168.34.25:45248], old=null
2019-10-18 07:24:03,750 [grpc-default-executor-11] INFO  impl.RaftServerImpl (RaftServerImpl.java:setRole(184)) - 5170c5f3-8499-4b42-9321-85fc8a351f79@group-BCB82A5C07F5: changes role from  FOLLOWER to FOLLOWER at term 121 for recognizeCandidate:12ad0800-05cb-443c-9fdd-fa1debf04523
2019-10-18 07:24:03,750 [grpc-default-executor-11] INFO  impl.RoleInfo (RoleInfo.java:shutdownFollowerState(121)) - 5170c5f3-8499-4b42-9321-85fc8a351f79: shutdown FollowerState
2019-10-18 07:24:03,750 [grpc-default-executor-14] INFO  impl.RaftServerImpl (RaftServerImpl.java:setRole(184)) - 0b10a9fc-47eb-4a2b-b664-8273d9d17379@group-BCB82A5C07F5: changes role from  FOLLOWER to FOLLOWER at term 121 for recognizeCandidate:12ad0800-05cb-443c-9fdd-fa1debf04523
2019-10-18 07:24:03,750 [grpc-default-executor-14] INFO  impl.RoleInfo (RoleInfo.java:shutdownFollowerState(121)) - 0b10a9fc-47eb-4a2b-b664-8273d9d17379: shutdown FollowerState
2019-10-18 07:24:03,750 [Thread-10164] INFO  impl.FollowerState (FollowerState.java:run(117)) - 5170c5f3-8499-4b42-9321-85fc8a351f79@group-BCB82A5C07F5-FollowerState was interrupted: java.lang.InterruptedException: sleep interrupted
2019-10-18 07:24:03,750 [grpc-default-executor-11] INFO  impl.RoleInfo (RoleInfo.java:updateAndGet(143)) - 5170c5f3-8499-4b42-9321-85fc8a351f79: start FollowerState
2019-10-18 07:24:03,750 [Thread-10163] INFO  impl.FollowerState (FollowerState.java:run(117)) - 0b10a9fc-47eb-4a2b-b664-8273d9d17379@group-BCB82A5C07F5-FollowerState was interrupted: java.lang.InterruptedException: sleep interrupted
2019-10-18 07:24:03,750 [grpc-default-executor-14] INFO  impl.RoleInfo (RoleInfo.java:updateAndGet(143)) - 0b10a9fc-47eb-4a2b-b664-8273d9d17379: start FollowerState
2019-10-18 07:24:03,772 [12ad0800-05cb-443c-9fdd-fa1debf04523@group-BCB82A5C07F5-LeaderElection1147] INFO  impl.LeaderElection (LeaderElection.java:logAndReturn(56)) - 12ad0800-05cb-443c-9fdd-fa1debf04523@group-BCB82A5C07F5-LeaderElection1147: Election TIMEOUT; received 0 response(s) [] and 0 exception(s); 12ad0800-05cb-443c-9fdd-fa1debf04523@group-BCB82A5C07F5:t121, leader=null, voted=12ad0800-05cb-443c-9fdd-fa1debf04523, raftlog=12ad0800-05cb-443c-9fdd-fa1debf04523@group-BCB82A5C07F5-SegmentedRaftLog:OPENED:c-1,f-1,i0, conf=-1: [12ad0800-05cb-443c-9fdd-fa1debf04523:192.168.34.25:41155, 5170c5f3-8499-4b42-9321-85fc8a351f79:192.168.34.25:43074, 0b10a9fc-47eb-4a2b-b664-8273d9d17379:192.168.34.25:45248], old=null
2019-10-18 07:24:03,800 [12ad0800-05cb-443c-9fdd-fa1debf04523@group-BCB82A5C07F5-LeaderElection1147] INFO  impl.LeaderElection (LeaderElection.java:askForVotes(178)) - 12ad0800-05cb-443c-9fdd-fa1debf04523@group-BCB82A5C07F5-LeaderElection1147: begin an election at term 122 for -1: [12ad0800-05cb-443c-9fdd-fa1debf04523:192.168.34.25:41155, 5170c5f3-8499-4b42-9321-85fc8a351f79:192.168.34.25:43074, 0b10a9fc-47eb-4a2b-b664-8273d9d17379:192.168.34.25:45248], old=null
2019-10-18 07:24:03,801 [grpc-default-executor-11] INFO  impl.RaftServerImpl (RaftServerImpl.java:setRole(184)) - 5170c5f3-8499-4b42-9321-85fc8a351f79@group-BCB82A5C07F5: changes role from  FOLLOWER to FOLLOWER at term 122 for recognizeCandidate:12ad0800-05cb-443c-9fdd-fa1debf04523
2019-10-18 07:24:03,801 [grpc-default-executor-11] INFO  impl.RoleInfo (RoleInfo.java:shutdownFollowerState(121)) - 5170c5f3-8499-4b42-9321-85fc8a351f79: shutdown FollowerState
2019-10-18 07:24:03,801 [grpc-default-executor-14] INFO  impl.RaftServerImpl (RaftServerImpl.java:setRole(184)) - 0b10a9fc-47eb-4a2b-b664-8273d9d17379@group-BCB82A5C07F5: changes role from  FOLLOWER to FOLLOWER at term 122 for recognizeCandidate:12ad0800-05cb-443c-9fdd-fa1debf04523
2019-10-18 07:24:03,801 [grpc-default-executor-14] INFO  impl.RoleInfo (RoleInfo.java:shutdownFollowerState(121)) - 0b10a9fc-47eb-4a2b-b664-8273d9d17379: shutdown FollowerState
2019-10-18 07:24:03,801 [Thread-10176] INFO  impl.FollowerState (FollowerState.java:run(117)) - 5170c5f3-8499-4b42-9321-85fc8a351f79@group-BCB82A5C07F5-FollowerState was interrupted: java.lang.InterruptedException: sleep interrupted
2019-10-18 07:24:03,801 [grpc-default-executor-11] INFO  impl.RoleInfo (RoleInfo.java:updateAndGet(143)) - 5170c5f3-8499-4b42-9321-85fc8a351f79: start FollowerState
2019-10-18 07:24:03,801 [Thread-10177] INFO  impl.FollowerState (FollowerState.java:run(117)) - 0b10a9fc-47eb-4a2b-b664-8273d9d17379@group-BCB82A5C07F5-FollowerState was interrupted: java.lang.InterruptedException: sleep interrupted
2019-10-18 07:24:03,801 [grpc-default-executor-14] INFO  impl.RoleInfo (RoleInfo.java:updateAndGet(143)) - 0b10a9fc-47eb-4a2b-b664-8273d9d17379: start FollowerState
2019-10-18 07:24:03,825 [12ad0800-05cb-443c-9fdd-fa1debf04523@group-BCB82A5C07F5-LeaderElection1147] INFO  impl.LeaderElection (LeaderElection.java:logAndReturn(56)) - 12ad0800-05cb-443c-9fdd-fa1debf04523@group-BCB82A5C07F5-LeaderElection1147: Election REJECTED; received 2 response(s) [12ad0800-05cb-443c-9fdd-fa1debf04523<-5170c5f3-8499-4b42-9321-85fc8a351f79#0:FAIL-t122, 12ad0800-05cb-443c-9fdd-fa1debf04523<-0b10a9fc-47eb-4a2b-b664-8273d9d17379#0:FAIL-t122] and 0 exception(s); 12ad0800-05cb-443c-9fdd-fa1debf04523@group-BCB82A5C07F5:t122, leader=null, voted=12ad0800-05cb-443c-9fdd-fa1debf04523, raftlog=12ad0800-05cb-443c-9fdd-fa1debf04523@group-BCB82A5C07F5-SegmentedRaftLog:OPENED:c-1,f-1,i0, conf=-1: [12ad0800-05cb-443c-9fdd-fa1debf04523:192.168.34.25:41155, 5170c5f3-8499-4b42-9321-85fc8a351f79:192.168.34.25:43074, 0b10a9fc-47eb-4a2b-b664-8273d9d17379:192.168.34.25:45248], old=null
2019-10-18 07:24:03,825 [12ad0800-05cb-443c-9fdd-fa1debf04523@group-BCB82A5C07F5-LeaderElection1147] INFO  impl.RaftServerImpl (RaftServerImpl.java:setRole(184)) - 12ad0800-05cb-443c-9fdd-fa1debf04523@group-BCB82A5C07F5: changes role from CANDIDATE to FOLLOWER at term 122 for DISCOVERED_A_NEW_TERM
2019-10-18 07:24:03,825 [12ad0800-05cb-443c-9fdd-fa1debf04523@group-BCB82A5C07F5-LeaderElection1147] INFO  impl.RoleInfo (RoleInfo.java:shutdownLeaderElection(134)) - 12ad0800-05cb-443c-9fdd-fa1debf04523: shutdown LeaderElection
2019-10-18 07:24:03,826 [12ad0800-05cb-443c-9fdd-fa1debf04523@group-BCB82A5C07F5-LeaderElection1147] INFO  impl.RoleInfo (RoleInfo.java:updateAndGet(143)) - 12ad0800-05cb-443c-9fdd-fa1debf04523: start FollowerState
2019-10-18 07:24:03,877 [Thread-10173] INFO  impl.FollowerState (FollowerState.java:run(108)) - 4dea926d-4bc6-487a-9b9b-9fd457d0fae4@group-0C9C3B2D0CC1-FollowerState: change to CANDIDATE, lastRpcTime:145ms, electionTimeout:145ms
2019-10-18 07:24:03,878 [Thread-10173] INFO  impl.RoleInfo (RoleInfo.java:shutdownFollowerState(121)) - 4dea926d-4bc6-487a-9b9b-9fd457d0fae4: shutdown FollowerState
2019-10-18 07:24:03,878 [Thread-10173] INFO  impl.RaftServerImpl (RaftServerImpl.java:setRole(184)) - 4dea926d-4bc6-487a-9b9b-9fd457d0fae4@group-0C9C3B2D0CC1: changes role from  FOLLOWER to CANDIDATE at term 108 for changeToCandidate
2019-10-18 07:24:03,878 [Thread-10173] INFO  impl.RoleInfo (RoleInfo.java:updateAndGet(143)) - 4dea926d-4bc6-487a-9b9b-9fd457d0fae4: start LeaderElection
2019-10-18 07:24:03,879 [Thread-10182] INFO  impl.FollowerState (FollowerState.java:run(108)) - 12ad0800-05cb-443c-9fdd-fa1debf04523@group-BCB82A5C07F5-FollowerState: change to CANDIDATE, lastRpcTime:53ms, electionTimeout:53ms
2019-10-18 07:24:03,879 [Thread-10182] INFO  impl.RoleInfo (RoleInfo.java:shutdownFollowerState(121)) - 12ad0800-05cb-443c-9fdd-fa1debf04523: shutdown FollowerState
2019-10-18 07:24:03,879 [Thread-10182] INFO  impl.RaftServerImpl (RaftServerImpl.java:setRole(184)) - 12ad0800-05cb-443c-9fdd-fa1debf04523@group-BCB82A5C07F5: changes role from  FOLLOWER to CANDIDATE at term 122 for changeToCandidate
2019-10-18 07:24:03,879 [Thread-10182] INFO  impl.RoleInfo (RoleInfo.java:updateAndGet(143)) - 12ad0800-05cb-443c-9fdd-fa1debf04523: start LeaderElection
2019-10-18 07:24:03,901 [4dea926d-4bc6-487a-9b9b-9fd457d0fae4@group-0C9C3B2D0CC1-LeaderElection1148] INFO  impl.LeaderElection (LeaderElection.java:askForVotes(178)) - 4dea926d-4bc6-487a-9b9b-9fd457d0fae4@group-0C9C3B2D0CC1-LeaderElection1148: begin an election at term 109 for -1: [6633f50a-7046-4b08-9937-8e25f1b14b15:192.168.34.25:39338, 67270882-100a-4e75-928d-618d17e069c8:192.168.34.25:36648, 4dea926d-4bc6-487a-9b9b-9fd457d0fae4:192.168.34.25:41624], old=null
2019-10-18 07:24:03,901 [12ad0800-05cb-443c-9fdd-fa1debf04523@group-BCB82A5C07F5-LeaderElection1149] INFO  impl.LeaderElection (LeaderElection.java:askForVotes(178)) - 12ad0800-05cb-443c-9fdd-fa1debf04523@group-BCB82A5C07F5-LeaderElection1149: begin an election at term 123 for -1: [12ad0800-05cb-443c-9fdd-fa1debf04523:192.168.34.25:41155, 5170c5f3-8499-4b42-9321-85fc8a351f79:192.168.34.25:43074, 0b10a9fc-47eb-4a2b-b664-8273d9d17379:192.168.34.25:45248], old=null
2019-10-18 07:24:03,902 [grpc-default-executor-14] INFO  impl.RaftServerImpl (RaftServerImpl.java:setRole(184)) - 6633f50a-7046-4b08-9937-8e25f1b14b15@group-0C9C3B2D0CC1: changes role from  FOLLOWER to FOLLOWER at term 109 for recognizeCandidate:4dea926d-4bc6-487a-9b9b-9fd457d0fae4
2019-10-18 07:24:03,902 [grpc-default-executor-14] INFO  impl.RoleInfo (RoleInfo.java:shutdownFollowerState(121)) - 6633f50a-7046-4b08-9937-8e25f1b14b15: shutdown FollowerState
2019-10-18 07:24:03,902 [grpc-default-executor-11] INFO  impl.RaftServerImpl (RaftServerImpl.java:setRole(184)) - 0b10a9fc-47eb-4a2b-b664-8273d9d17379@group-BCB82A5C07F5: changes role from  FOLLOWER to FOLLOWER at term 123 for recognizeCandidate:12ad0800-05cb-443c-9fdd-fa1debf04523
2019-10-18 07:24:03,902 [Thread-10171] INFO  impl.FollowerState (FollowerState.java:run(117)) - 6633f50a-7046-4b08-9937-8e25f1b14b15@group-0C9C3B2D0CC1-FollowerState was interrupted: java.lang.InterruptedException: sleep interrupted
2019-10-18 07:24:03,902 [grpc-default-executor-4] INFO  impl.RaftServerImpl (RaftServerImpl.java:setRole(184)) - 67270882-100a-4e75-928d-618d17e069c8@group-0C9C3B2D0CC1: changes role from  FOLLOWER to FOLLOWER at term 109 for recognizeCandidate:4dea926d-4bc6-487a-9b9b-9fd457d0fae4
2019-10-18 07:24:03,902 [grpc-default-executor-4] INFO  impl.RoleInfo (RoleInfo.java:shutdownFollowerState(121)) - 67270882-100a-4e75-928d-618d17e069c8: shutdown FollowerState
2019-10-18 07:24:03,902 [grpc-default-executor-14] INFO  impl.RoleInfo (RoleInfo.java:updateAndGet(143)) - 6633f50a-7046-4b08-9937-8e25f1b14b15: start FollowerState
2019-10-18 07:24:03,902 [Thread-10170] INFO  impl.FollowerState (FollowerState.java:run(117)) - 67270882-100a-4e75-928d-618d17e069c8@group-0C9C3B2D0CC1-FollowerState was interrupted: java.lang.InterruptedException: sleep interrupted
2019-10-18 07:24:03,902 [grpc-default-executor-4] INFO  impl.RoleInfo (RoleInfo.java:updateAndGet(143)) - 67270882-100a-4e75-928d-618d17e069c8: start FollowerState
2019-10-18 07:24:03,902 [grpc-default-executor-12] INFO  impl.RaftServerImpl (RaftServerImpl.java:setRole(184)) - 5170c5f3-8499-4b42-9321-85fc8a351f79@group-BCB82A5C07F5: changes role from  FOLLOWER to FOLLOWER at term 123 for recognizeCandidate:12ad0800-05cb-443c-9fdd-fa1debf04523
2019-10-18 07:24:03,903 [grpc-default-executor-12] INFO  impl.RoleInfo (RoleInfo.java:shutdownFollowerState(121)) - 5170c5f3-8499-4b42-9321-85fc8a351f79: shutdown FollowerState
2019-10-18 07:24:03,902 [grpc-default-executor-11] INFO  impl.RoleInfo (RoleInfo.java:shutdownFollowerState(121)) - 0b10a9fc-47eb-4a2b-b664-8273d9d17379: shutdown FollowerState
2019-10-18 07:24:03,903 [Thread-10180] INFO  impl.FollowerState (FollowerState.java:run(117)) - 5170c5f3-8499-4b42-9321-85fc8a351f79@group-BCB82A5C07F5-FollowerState was interrupted: java.lang.InterruptedException: sleep interrupted
2019-10-18 07:24:03,903 [grpc-default-executor-12] INFO  impl.RoleInfo (RoleInfo.java:updateAndGet(143)) - 5170c5f3-8499-4b42-9321-85fc8a351f79: start FollowerState
2019-10-18 07:24:03,903 [Thread-10181] INFO  impl.FollowerState (FollowerState.java:run(117)) - 0b10a9fc-47eb-4a2b-b664-8273d9d17379@group-BCB82A5C07F5-FollowerState was interrupted: java.lang.InterruptedException: sleep interrupted
2019-10-18 07:24:03,903 [grpc-default-executor-11] INFO  impl.RoleInfo (RoleInfo.java:updateAndGet(143)) - 0b10a9fc-47eb-4a2b-b664-8273d9d17379: start FollowerState
2019-10-18 07:24:03,927 [4dea926d-4bc6-487a-9b9b-9fd457d0fae4@group-0C9C3B2D0CC1-LeaderElection1148] INFO  impl.LeaderElection (LeaderElection.java:logAndReturn(56)) - 4dea926d-4bc6-487a-9b9b-9fd457d0fae4@group-0C9C3B2D0CC1-LeaderElection1148: Election REJECTED; received 2 response(s) [4dea926d-4bc6-487a-9b9b-9fd457d0fae4<-6633f50a-7046-4b08-9937-8e25f1b14b15#0:FAIL-t109, 4dea926d-4bc6-487a-9b9b-9fd457d0fae4<-67270882-100a-4e75-928d-618d17e069c8#0:FAIL-t109] and 0 exception(s); 4dea926d-4bc6-487a-9b9b-9fd457d0fae4@group-0C9C3B2D0CC1:t109, leader=null, voted=4dea926d-4bc6-487a-9b9b-9fd457d0fae4, raftlog=4dea926d-4bc6-487a-9b9b-9fd457d0fae4@group-0C9C3B2D0CC1-SegmentedRaftLog:OPENED:c-1,f-1,i0, conf=-1: [6633f50a-7046-4b08-9937-8e25f1b14b15:192.168.34.25:39338, 67270882-100a-4e75-928d-618d17e069c8:192.168.34.25:36648, 4dea926d-4bc6-487a-9b9b-9fd457d0fae4:192.168.34.25:41624], old=null
2019-10-18 07:24:03,927 [12ad0800-05cb-443c-9fdd-fa1debf04523@group-BCB82A5C07F5-LeaderElection1149] INFO  impl.LeaderElection (LeaderElection.java:logAndReturn(56)) - 12ad0800-05cb-443c-9fdd-fa1debf04523@group-BCB82A5C07F5-LeaderElection1149: Election REJECTED; received 2 response(s) [12ad0800-05cb-443c-9fdd-fa1debf04523<-5170c5f3-8499-4b42-9321-85fc8a351f79#0:FAIL-t123, 12ad0800-05cb-443c-9fdd-fa1debf04523<-0b10a9fc-47eb-4a2b-b664-8273d9d17379#0:FAIL-t123] and 0 exception(s); 12ad0800-05cb-443c-9fdd-fa1debf04523@group-BCB82A5C07F5:t123, leader=null, voted=12ad0800-05cb-443c-9fdd-fa1debf04523, raftlog=12ad0800-05cb-443c-9fdd-fa1debf04523@group-BCB82A5C07F5-SegmentedRaftLog:OPENED:c-1,f-1,i0, conf=-1: [12ad0800-05cb-443c-9fdd-fa1debf04523:192.168.34.25:41155, 5170c5f3-8499-4b42-9321-85fc8a351f79:192.168.34.25:43074, 0b10a9fc-47eb-4a2b-b664-8273d9d17379:192.168.34.25:45248], old=null
2019-10-18 07:24:03,927 [4dea926d-4bc6-487a-9b9b-9fd457d0fae4@group-0C9C3B2D0CC1-LeaderElection1148] INFO  impl.RaftServerImpl (RaftServerImpl.java:setRole(184)) - 4dea926d-4bc6-487a-9b9b-9fd457d0fae4@group-0C9C3B2D0CC1: changes role from CANDIDATE to FOLLOWER at term 109 for DISCOVERED_A_NEW_TERM
2019-10-18 07:24:03,927 [12ad0800-05cb-443c-9fdd-fa1debf04523@group-BCB82A5C07F5-LeaderElection1149] INFO  impl.RaftServerImpl (RaftServerImpl.java:setRole(184)) - 12ad0800-05cb-443c-9fdd-fa1debf04523@group-BCB82A5C07F5: changes role from CANDIDATE to FOLLOWER at term 123 for DISCOVERED_A_NEW_TERM
2019-10-18 07:24:03,927 [4dea926d-4bc6-487a-9b9b-9fd457d0fae4@group-0C9C3B2D0CC1-LeaderElection1148] INFO  impl.RoleInfo (RoleInfo.java:shutdownLeaderElection(134)) - 4dea926d-4bc6-487a-9b9b-9fd457d0fae4: shutdown LeaderElection
2019-10-18 07:24:03,927 [12ad0800-05cb-443c-9fdd-fa1debf04523@group-BCB82A5C07F5-LeaderElection1149] INFO  impl.RoleInfo (RoleInfo.java:shutdownLeaderElection(134)) - 12ad0800-05cb-443c-9fdd-fa1debf04523: shutdown LeaderElection
2019-10-18 07:24:03,927 [4dea926d-4bc6-487a-9b9b-9fd457d0fae4@group-0C9C3B2D0CC1-LeaderElection1148] INFO  impl.RoleInfo (RoleInfo.java:updateAndGet(143)) - 4dea926d-4bc6-487a-9b9b-9fd457d0fae4: start FollowerState
2019-10-18 07:24:03,927 [12ad0800-05cb-443c-9fdd-fa1debf04523@group-BCB82A5C07F5-LeaderElection1149] INFO  impl.RoleInfo (RoleInfo.java:updateAndGet(143)) - 12ad0800-05cb-443c-9fdd-fa1debf04523: start FollowerState
2019-10-18 07:24:04,088 [main] INFO  ozoneimpl.OzoneContainer (OzoneContainer.java:stop(227)) - Attempting to stop container services.
2019-10-18 07:24:04,089 [main] INFO  impl.RaftServerProxy (RaftServerProxy.java:lambda$close$4(314)) - 0b10a9fc-47eb-4a2b-b664-8273d9d17379: close
2019-10-18 07:24:04,090 [main] INFO  impl.RaftServerImpl (RaftServerImpl.java:lambda$shutdown$3(261)) - 0b10a9fc-47eb-4a2b-b664-8273d9d17379@group-BCB82A5C07F5: shutdown
2019-10-18 07:24:04,090 [main] INFO  util.JmxRegister (JmxRegister.java:unregister(73)) - Successfully un-registered JMX Bean with object name Ratis:service=RaftServer,group=group-BCB82A5C07F5,id=0b10a9fc-47eb-4a2b-b664-8273d9d17379
2019-10-18 07:24:04,090 [main] INFO  impl.RoleInfo (RoleInfo.java:shutdownFollowerState(121)) - 0b10a9fc-47eb-4a2b-b664-8273d9d17379: shutdown FollowerState
2019-10-18 07:24:04,090 [Thread-10192] INFO  impl.FollowerState (FollowerState.java:run(117)) - 0b10a9fc-47eb-4a2b-b664-8273d9d17379@group-BCB82A5C07F5-FollowerState was interrupted: java.lang.InterruptedException: sleep interrupted
2019-10-18 07:24:04,090 [main] INFO  impl.StateMachineUpdater (StateMachineUpdater.java:stopAndJoin(136)) - 0b10a9fc-47eb-4a2b-b664-8273d9d17379@group-BCB82A5C07F5-StateMachineUpdater: set stopIndex = -1
2019-10-18 07:24:04,091 [main] INFO  impl.RaftServerImpl (ServerState.java:close(388)) - 0b10a9fc-47eb-4a2b-b664-8273d9d17379@group-BCB82A5C07F5: closes. applyIndex: -1
2019-10-18 07:24:04,091 [0b10a9fc-47eb-4a2b-b664-8273d9d17379@group-BCB82A5C07F5-SegmentedRaftLogWorker] INFO  segmented.SegmentedRaftLogWorker (SegmentedRaftLogWorker.java:run(316)) - 0b10a9fc-47eb-4a2b-b664-8273d9d17379@group-BCB82A5C07F5-SegmentedRaftLogWorker was interrupted, exiting. There are 0 tasks remaining in the queue.
2019-10-18 07:24:04,094 [main] INFO  segmented.SegmentedRaftLogWorker (SegmentedRaftLogWorker.java:close(224)) - 0b10a9fc-47eb-4a2b-b664-8273d9d17379@group-BCB82A5C07F5-SegmentedRaftLogWorker close()
2019-10-18 07:24:04,098 [main] INFO  impl.RaftServerImpl (RaftServerImpl.java:lambda$shutdown$3(261)) - 0b10a9fc-47eb-4a2b-b664-8273d9d17379@group-FC0554F828C2: shutdown
2019-10-18 07:24:04,098 [main] INFO  util.JmxRegister (JmxRegister.java:unregister(73)) - Successfully un-registered JMX Bean with object name Ratis:service=RaftServer,group=group-FC0554F828C2,id=0b10a9fc-47eb-4a2b-b664-8273d9d17379
2019-10-18 07:24:04,098 [main] INFO  impl.RoleInfo (RoleInfo.java:shutdownLeaderState(104)) - 0b10a9fc-47eb-4a2b-b664-8273d9d17379: shutdown LeaderState
2019-10-18 07:24:04,098 [main] INFO  impl.PendingRequests (PendingRequests.java:sendNotLeaderResponses(202)) - 0b10a9fc-47eb-4a2b-b664-8273d9d17379@group-FC0554F828C2-PendingRequests: sendNotLeaderResponses
2019-10-18 07:24:04,111 [Thread-10194] INFO  impl.FollowerState (FollowerState.java:run(108)) - 12ad0800-05cb-443c-9fdd-fa1debf04523@group-BCB82A5C07F5-FollowerState: change to CANDIDATE, lastRpcTime:182ms, electionTimeout:182ms
2019-10-18 07:24:04,111 [main] INFO  impl.StateMachineUpdater (StateMachineUpdater.java:stopAndJoin(136)) - 0b10a9fc-47eb-4a2b-b664-8273d9d17379@group-FC0554F828C2-StateMachineUpdater: set stopIndex = 0
2019-10-18 07:24:04,111 [Thread-10194] INFO  impl.RoleInfo (RoleInfo.java:shutdownFollowerState(121)) - 12ad0800-05cb-443c-9fdd-fa1debf04523: shutdown FollowerState
2019-10-18 07:24:04,111 [main] INFO  impl.RaftServerImpl (ServerState.java:close(388)) - 0b10a9fc-47eb-4a2b-b664-8273d9d17379@group-FC0554F828C2: closes. applyIndex: 0
2019-10-18 07:24:04,112 [Thread-10194] INFO  impl.RaftServerImpl (RaftServerImpl.java:setRole(184)) - 12ad0800-05cb-443c-9fdd-fa1debf04523@group-BCB82A5C07F5: changes role from  FOLLOWER to CANDIDATE at term 123 for changeToCandidate
2019-10-18 07:24:04,112 [0b10a9fc-47eb-4a2b-b664-8273d9d17379@group-FC0554F828C2-SegmentedRaftLogWorker] INFO  segmented.SegmentedRaftLogWorker (SegmentedRaftLogWorker.java:run(316)) - 0b10a9fc-47eb-4a2b-b664-8273d9d17379@group-FC0554F828C2-SegmentedRaftLogWorker was interrupted, exiting. There are 0 tasks remaining in the queue.
2019-10-18 07:24:04,112 [Thread-10194] INFO  impl.RoleInfo (RoleInfo.java:updateAndGet(143)) - 12ad0800-05cb-443c-9fdd-fa1debf04523: start LeaderElection
2019-10-18 07:24:04,115 [main] INFO  segmented.SegmentedRaftLogWorker (SegmentedRaftLogWorker.java:close(224)) - 0b10a9fc-47eb-4a2b-b664-8273d9d17379@group-FC0554F828C2-SegmentedRaftLogWorker close()
2019-10-18 07:24:04,119 [main] INFO  server.GrpcService (GrpcService.java:closeImpl(164)) - 0b10a9fc-47eb-4a2b-b664-8273d9d17379: shutdown server with port 45248 now
2019-10-18 07:24:04,120 [main] INFO  server.GrpcService (GrpcService.java:closeImpl(172)) - 0b10a9fc-47eb-4a2b-b664-8273d9d17379: shutdown server with port 45248 successfully
2019-10-18 07:24:04,121 [Thread-10193] INFO  impl.FollowerState (FollowerState.java:run(108)) - 4dea926d-4bc6-487a-9b9b-9fd457d0fae4@group-0C9C3B2D0CC1-FollowerState: change to CANDIDATE, lastRpcTime:194ms, electionTimeout:194ms
2019-10-18 07:24:04,121 [Thread-10193] INFO  impl.RoleInfo (RoleInfo.java:shutdownFollowerState(121)) - 4dea926d-4bc6-487a-9b9b-9fd457d0fae4: shutdown FollowerState
2019-10-18 07:24:04,122 [Thread-10193] INFO  impl.RaftServerImpl (RaftServerImpl.java:setRole(184)) - 4dea926d-4bc6-487a-9b9b-9fd457d0fae4@group-0C9C3B2D0CC1: changes role from  FOLLOWER to CANDIDATE at term 109 for changeToCandidate
2019-10-18 07:24:04,122 [refreshUsed-/workdir/hadoop-ozone/integration-test/target/test-dir/MiniOzoneClusterImpl-f216ddbe-e8b4-4355-85c5-09cf054ba290/datanode-9/data/containers] WARN  fs.CachingGetSpaceUsed (CachingGetSpaceUsed.java:run(183)) - Thread Interrupted waiting to refresh disk information: sleep interrupted
2019-10-18 07:24:04,122 [Thread-10193] INFO  impl.RoleInfo (RoleInfo.java:updateAndGet(143)) - 4dea926d-4bc6-487a-9b9b-9fd457d0fae4: start LeaderElection
2019-10-18 07:24:04,135 [main] INFO  utils.BackgroundService (BackgroundService.java:shutdown(151)) - Shutting down service BlockDeletingService
2019-10-18 07:24:04,141 [main] INFO  statemachine.DatanodeStateMachine (DatanodeStateMachine.java:stopDaemon(395)) - Ozone container server stopped.
2019-10-18 07:24:04,142 [main] INFO  handler.ContextHandler (ContextHandler.java:doStop(910)) - Stopped o.e.j.w.WebAppContext@f017dd0{/,null,UNAVAILABLE}{/hddsDatanode}
2019-10-18 07:24:04,143 [main] INFO  server.AbstractConnector (AbstractConnector.java:doStop(318)) - Stopped ServerConnector@2424cb9d{HTTP/1.1,[http/1.1]}{0.0.0.0:0}
2019-10-18 07:24:04,143 [main] INFO  handler.ContextHandler (ContextHandler.java:doStop(910)) - Stopped o.e.j.s.ServletContextHandler@661e279d{/static,jar:file:/home/user/.m2/repository/org/apache/hadoop/hadoop-hdds-container-service/0.5.0-SNAPSHOT/hadoop-hdds-container-service-0.5.0-SNAPSHOT.jar!/webapps/static,UNAVAILABLE}
2019-10-18 07:24:04,144 [main] INFO  handler.ContextHandler (ContextHandler.java:doStop(910)) - Stopped o.e.j.s.ServletContextHandler@1f758e4f{/logs,file:///workdir/hadoop-ozone/integration-test/target/log,UNAVAILABLE}
2019-10-18 07:24:04,202 [4dea926d-4bc6-487a-9b9b-9fd457d0fae4@group-0C9C3B2D0CC1-LeaderElection1151] INFO  impl.LeaderElection (LeaderElection.java:askForVotes(178)) - 4dea926d-4bc6-487a-9b9b-9fd457d0fae4@group-0C9C3B2D0CC1-LeaderElection1151: begin an election at term 110 for -1: [6633f50a-7046-4b08-9937-8e25f1b14b15:192.168.34.25:39338, 67270882-100a-4e75-928d-618d17e069c8:192.168.34.25:36648, 4dea926d-4bc6-487a-9b9b-9fd457d0fae4:192.168.34.25:41624], old=null
2019-10-18 07:24:04,202 [12ad0800-05cb-443c-9fdd-fa1debf04523@group-BCB82A5C07F5-LeaderElection1150] INFO  impl.LeaderElection (LeaderElection.java:askForVotes(178)) - 12ad0800-05cb-443c-9fdd-fa1debf04523@group-BCB82A5C07F5-LeaderElection1150: begin an election at term 124 for -1: [12ad0800-05cb-443c-9fdd-fa1debf04523:192.168.34.25:41155, 5170c5f3-8499-4b42-9321-85fc8a351f79:192.168.34.25:43074, 0b10a9fc-47eb-4a2b-b664-8273d9d17379:192.168.34.25:45248], old=null
2019-10-18 07:24:04,206 [grpc-default-executor-4] INFO  impl.RaftServerImpl (RaftServerImpl.java:setRole(184)) - 6633f50a-7046-4b08-9937-8e25f1b14b15@group-0C9C3B2D0CC1: changes role from  FOLLOWER to FOLLOWER at term 110 for recognizeCandidate:4dea926d-4bc6-487a-9b9b-9fd457d0fae4
2019-10-18 07:24:04,206 [grpc-default-executor-4] INFO  impl.RoleInfo (RoleInfo.java:shutdownFollowerState(121)) - 6633f50a-7046-4b08-9937-8e25f1b14b15: shutdown FollowerState
2019-10-18 07:24:04,206 [grpc-default-executor-4] INFO  impl.RoleInfo (RoleInfo.java:updateAndGet(143)) - 6633f50a-7046-4b08-9937-8e25f1b14b15: start FollowerState
2019-10-18 07:24:04,206 [Thread-10189] INFO  impl.FollowerState (FollowerState.java:run(117)) - 6633f50a-7046-4b08-9937-8e25f1b14b15@group-0C9C3B2D0CC1-FollowerState was interrupted: java.lang.InterruptedException: sleep interrupted
2019-10-18 07:24:04,206 [grpc-default-executor-11] INFO  impl.RaftServerImpl (RaftServerImpl.java:setRole(184)) - 5170c5f3-8499-4b42-9321-85fc8a351f79@group-BCB82A5C07F5: changes role from  FOLLOWER to FOLLOWER at term 124 for recognizeCandidate:12ad0800-05cb-443c-9fdd-fa1debf04523
2019-10-18 07:24:04,207 [grpc-default-executor-11] INFO  impl.RoleInfo (RoleInfo.java:shutdownFollowerState(121)) - 5170c5f3-8499-4b42-9321-85fc8a351f79: shutdown FollowerState
2019-10-18 07:24:04,207 [Thread-10191] INFO  impl.FollowerState (FollowerState.java:run(117)) - 5170c5f3-8499-4b42-9321-85fc8a351f79@group-BCB82A5C07F5-FollowerState was interrupted: java.lang.InterruptedException: sleep interrupted
2019-10-18 07:24:04,207 [grpc-default-executor-14] INFO  impl.RaftServerImpl (RaftServerImpl.java:setRole(184)) - 67270882-100a-4e75-928d-618d17e069c8@group-0C9C3B2D0CC1: changes role from  FOLLOWER to FOLLOWER at term 110 for recognizeCandidate:4dea926d-4bc6-487a-9b9b-9fd457d0fae4
2019-10-18 07:24:04,207 [grpc-default-executor-11] INFO  impl.RoleInfo (RoleInfo.java:updateAndGet(143)) - 5170c5f3-8499-4b42-9321-85fc8a351f79: start FollowerState
2019-10-18 07:24:04,207 [grpc-default-executor-14] INFO  impl.RoleInfo (RoleInfo.java:shutdownFollowerState(121)) - 67270882-100a-4e75-928d-618d17e069c8: shutdown FollowerState
2019-10-18 07:24:04,207 [grpc-default-executor-14] INFO  impl.RoleInfo (RoleInfo.java:updateAndGet(143)) - 67270882-100a-4e75-928d-618d17e069c8: start FollowerState
2019-10-18 07:24:04,207 [Thread-10190] INFO  impl.FollowerState (FollowerState.java:run(117)) - 67270882-100a-4e75-928d-618d17e069c8@group-0C9C3B2D0CC1-FollowerState was interrupted: java.lang.InterruptedException: sleep interrupted
2019-10-18 07:24:04,208 [12ad0800-05cb-443c-9fdd-fa1debf04523@group-BCB82A5C07F5-LeaderElection1150] INFO  impl.LeaderElection (LogUtils.java:infoOrTrace(149)) - 12ad0800-05cb-443c-9fdd-fa1debf04523@group-BCB82A5C07F5-LeaderElection1150 got exception when requesting votes: {}
java.util.concurrent.ExecutionException: org.apache.ratis.thirdparty.io.grpc.StatusRuntimeException: UNAVAILABLE: io exception
	at java.util.concurrent.FutureTask.report(FutureTask.java:122)
	at java.util.concurrent.FutureTask.get(FutureTask.java:192)
	at org.apache.ratis.server.impl.LeaderElection.waitForResults(LeaderElection.java:259)
	at org.apache.ratis.server.impl.LeaderElection.askForVotes(LeaderElection.java:197)
	at org.apache.ratis.server.impl.LeaderElection.run(LeaderElection.java:133)
	at java.lang.Thread.run(Thread.java:748)
Caused by: org.apache.ratis.thirdparty.io.grpc.StatusRuntimeException: UNAVAILABLE: io exception
	at org.apache.ratis.thirdparty.io.grpc.stub.ClientCalls.toStatusRuntimeException(ClientCalls.java:233)
	at org.apache.ratis.thirdparty.io.grpc.stub.ClientCalls.getUnchecked(ClientCalls.java:214)
	at org.apache.ratis.thirdparty.io.grpc.stub.ClientCalls.blockingUnaryCall(ClientCalls.java:139)
	at org.apache.ratis.proto.grpc.RaftServerProtocolServiceGrpc$RaftServerProtocolServiceBlockingStub.requestVote(RaftServerProtocolServiceGrpc.java:265)
	at org.apache.ratis.grpc.server.GrpcServerProtocolClient.requestVote(GrpcServerProtocolClient.java:99)
	at org.apache.ratis.grpc.server.GrpcService.requestVote(GrpcService.java:204)
	at org.apache.ratis.server.impl.LeaderElection.lambda$submitRequests$1(LeaderElection.java:234)
	at java.util.concurrent.FutureTask.run(FutureTask.java:266)
	at java.util.concurrent.Executors$RunnableAdapter.call(Executors.java:511)
	at java.util.concurrent.FutureTask.run(FutureTask.java:266)
	at java.util.concurrent.ThreadPoolExecutor.runWorker(ThreadPoolExecutor.java:1149)
	at java.util.concurrent.ThreadPoolExecutor$Worker.run(ThreadPoolExecutor.java:624)
	... 1 more
Caused by: org.apache.ratis.thirdparty.io.netty.channel.AbstractChannel$AnnotatedConnectException: Connection refused: /192.168.34.25:45248
	at sun.nio.ch.SocketChannelImpl.checkConnect(Native Method)
	at sun.nio.ch.SocketChannelImpl.finishConnect(SocketChannelImpl.java:717)
	at org.apache.ratis.thirdparty.io.netty.channel.socket.nio.NioSocketChannel.doFinishConnect(NioSocketChannel.java:327)
	at org.apache.ratis.thirdparty.io.netty.channel.nio.AbstractNioChannel$AbstractNioUnsafe.finishConnect(AbstractNioChannel.java:340)
	at org.apache.ratis.thirdparty.io.netty.channel.nio.NioEventLoop.processSelectedKey(NioEventLoop.java:632)
	at org.apache.ratis.thirdparty.io.netty.channel.nio.NioEventLoop.processSelectedKeysOptimized(NioEventLoop.java:579)
	at org.apache.ratis.thirdparty.io.netty.channel.nio.NioEventLoop.processSelectedKeys(NioEventLoop.java:496)
	at org.apache.ratis.thirdparty.io.netty.channel.nio.NioEventLoop.run(NioEventLoop.java:458)
	at org.apache.ratis.thirdparty.io.netty.util.concurrent.SingleThreadEventExecutor$5.run(SingleThreadEventExecutor.java:897)
	at org.apache.ratis.thirdparty.io.netty.util.concurrent.FastThreadLocalRunnable.run(FastThreadLocalRunnable.java:30)
	... 1 more
Caused by: java.net.ConnectException: Connection refused
	... 11 more
2019-10-18 07:24:04,227 [4dea926d-4bc6-487a-9b9b-9fd457d0fae4@group-0C9C3B2D0CC1-LeaderElection1151] INFO  impl.LeaderElection (LeaderElection.java:logAndReturn(56)) - 4dea926d-4bc6-487a-9b9b-9fd457d0fae4@group-0C9C3B2D0CC1-LeaderElection1151: Election TIMEOUT; received 0 response(s) [] and 0 exception(s); 4dea926d-4bc6-487a-9b9b-9fd457d0fae4@group-0C9C3B2D0CC1:t110, leader=null, voted=4dea926d-4bc6-487a-9b9b-9fd457d0fae4, raftlog=4dea926d-4bc6-487a-9b9b-9fd457d0fae4@group-0C9C3B2D0CC1-SegmentedRaftLog:OPENED:c-1,f-1,i0, conf=-1: [6633f50a-7046-4b08-9937-8e25f1b14b15:192.168.34.25:39338, 67270882-100a-4e75-928d-618d17e069c8:192.168.34.25:36648, 4dea926d-4bc6-487a-9b9b-9fd457d0fae4:192.168.34.25:41624], old=null
2019-10-18 07:24:04,231 [12ad0800-05cb-443c-9fdd-fa1debf04523@group-BCB82A5C07F5-LeaderElection1150] INFO  impl.LeaderElection (LeaderElection.java:logAndReturn(56)) - 12ad0800-05cb-443c-9fdd-fa1debf04523@group-BCB82A5C07F5-LeaderElection1150: Election REJECTED; received 1 response(s) [12ad0800-05cb-443c-9fdd-fa1debf04523<-5170c5f3-8499-4b42-9321-85fc8a351f79#0:FAIL-t124] and 1 exception(s); 12ad0800-05cb-443c-9fdd-fa1debf04523@group-BCB82A5C07F5:t124, leader=null, voted=12ad0800-05cb-443c-9fdd-fa1debf04523, raftlog=12ad0800-05cb-443c-9fdd-fa1debf04523@group-BCB82A5C07F5-SegmentedRaftLog:OPENED:c-1,f-1,i0, conf=-1: [12ad0800-05cb-443c-9fdd-fa1debf04523:192.168.34.25:41155, 5170c5f3-8499-4b42-9321-85fc8a351f79:192.168.34.25:43074, 0b10a9fc-47eb-4a2b-b664-8273d9d17379:192.168.34.25:45248], old=null
2019-10-18 07:24:04,231 [12ad0800-05cb-443c-9fdd-fa1debf04523@group-BCB82A5C07F5-LeaderElection1150] INFO  impl.LeaderElection (LogUtils.java:infoOrTrace(149)) -   Exception 0: {}
java.util.concurrent.ExecutionException: org.apache.ratis.thirdparty.io.grpc.StatusRuntimeException: UNAVAILABLE: io exception
	at java.util.concurrent.FutureTask.report(FutureTask.java:122)
	at java.util.concurrent.FutureTask.get(FutureTask.java:192)
	at org.apache.ratis.server.impl.LeaderElection.waitForResults(LeaderElection.java:259)
	at org.apache.ratis.server.impl.LeaderElection.askForVotes(LeaderElection.java:197)
	at org.apache.ratis.server.impl.LeaderElection.run(LeaderElection.java:133)
	at java.lang.Thread.run(Thread.java:748)
Caused by: org.apache.ratis.thirdparty.io.grpc.StatusRuntimeException: UNAVAILABLE: io exception
	at org.apache.ratis.thirdparty.io.grpc.stub.ClientCalls.toStatusRuntimeException(ClientCalls.java:233)
	at org.apache.ratis.thirdparty.io.grpc.stub.ClientCalls.getUnchecked(ClientCalls.java:214)
	at org.apache.ratis.thirdparty.io.grpc.stub.ClientCalls.blockingUnaryCall(ClientCalls.java:139)
	at org.apache.ratis.proto.grpc.RaftServerProtocolServiceGrpc$RaftServerProtocolServiceBlockingStub.requestVote(RaftServerProtocolServiceGrpc.java:265)
	at org.apache.ratis.grpc.server.GrpcServerProtocolClient.requestVote(GrpcServerProtocolClient.java:99)
	at org.apache.ratis.grpc.server.GrpcService.requestVote(GrpcService.java:204)
	at org.apache.ratis.server.impl.LeaderElection.lambda$submitRequests$1(LeaderElection.java:234)
	at java.util.concurrent.FutureTask.run(FutureTask.java:266)
	at java.util.concurrent.Executors$RunnableAdapter.call(Executors.java:511)
	at java.util.concurrent.FutureTask.run(FutureTask.java:266)
	at java.util.concurrent.ThreadPoolExecutor.runWorker(ThreadPoolExecutor.java:1149)
	at java.util.concurrent.ThreadPoolExecutor$Worker.run(ThreadPoolExecutor.java:624)
	... 1 more
Caused by: org.apache.ratis.thirdparty.io.netty.channel.AbstractChannel$AnnotatedConnectException: Connection refused: /192.168.34.25:45248
	at sun.nio.ch.SocketChannelImpl.checkConnect(Native Method)
	at sun.nio.ch.SocketChannelImpl.finishConnect(SocketChannelImpl.java:717)
	at org.apache.ratis.thirdparty.io.netty.channel.socket.nio.NioSocketChannel.doFinishConnect(NioSocketChannel.java:327)
	at org.apache.ratis.thirdparty.io.netty.channel.nio.AbstractNioChannel$AbstractNioUnsafe.finishConnect(AbstractNioChannel.java:340)
	at org.apache.ratis.thirdparty.io.netty.channel.nio.NioEventLoop.processSelectedKey(NioEventLoop.java:632)
	at org.apache.ratis.thirdparty.io.netty.channel.nio.NioEventLoop.processSelectedKeysOptimized(NioEventLoop.java:579)
	at org.apache.ratis.thirdparty.io.netty.channel.nio.NioEventLoop.processSelectedKeys(NioEventLoop.java:496)
	at org.apache.ratis.thirdparty.io.netty.channel.nio.NioEventLoop.run(NioEventLoop.java:458)
	at org.apache.ratis.thirdparty.io.netty.util.concurrent.SingleThreadEventExecutor$5.run(SingleThreadEventExecutor.java:897)
	at org.apache.ratis.thirdparty.io.netty.util.concurrent.FastThreadLocalRunnable.run(FastThreadLocalRunnable.java:30)
	... 1 more
Caused by: java.net.ConnectException: Connection refused
	... 11 more
2019-10-18 07:24:04,232 [12ad0800-05cb-443c-9fdd-fa1debf04523@group-BCB82A5C07F5-LeaderElection1150] INFO  impl.RaftServerImpl (RaftServerImpl.java:setRole(184)) - 12ad0800-05cb-443c-9fdd-fa1debf04523@group-BCB82A5C07F5: changes role from CANDIDATE to FOLLOWER at term 124 for DISCOVERED_A_NEW_TERM
2019-10-18 07:24:04,232 [12ad0800-05cb-443c-9fdd-fa1debf04523@group-BCB82A5C07F5-LeaderElection1150] INFO  impl.RoleInfo (RoleInfo.java:shutdownLeaderElection(134)) - 12ad0800-05cb-443c-9fdd-fa1debf04523: shutdown LeaderElection
2019-10-18 07:24:04,232 [12ad0800-05cb-443c-9fdd-fa1debf04523@group-BCB82A5C07F5-LeaderElection1150] INFO  impl.RoleInfo (RoleInfo.java:updateAndGet(143)) - 12ad0800-05cb-443c-9fdd-fa1debf04523: start FollowerState
2019-10-18 07:24:04,250 [4dea926d-4bc6-487a-9b9b-9fd457d0fae4@group-0C9C3B2D0CC1-LeaderElection1151] INFO  impl.LeaderElection (LeaderElection.java:askForVotes(178)) - 4dea926d-4bc6-487a-9b9b-9fd457d0fae4@group-0C9C3B2D0CC1-LeaderElection1151: begin an election at term 111 for -1: [6633f50a-7046-4b08-9937-8e25f1b14b15:192.168.34.25:39338, 67270882-100a-4e75-928d-618d17e069c8:192.168.34.25:36648, 4dea926d-4bc6-487a-9b9b-9fd457d0fae4:192.168.34.25:41624], old=null
2019-10-18 07:24:04,256 [grpc-default-executor-11] INFO  impl.RaftServerImpl (RaftServerImpl.java:setRole(184)) - 6633f50a-7046-4b08-9937-8e25f1b14b15@group-0C9C3B2D0CC1: changes role from  FOLLOWER to FOLLOWER at term 111 for recognizeCandidate:4dea926d-4bc6-487a-9b9b-9fd457d0fae4
2019-10-18 07:24:04,257 [grpc-default-executor-11] INFO  impl.RoleInfo (RoleInfo.java:shutdownFollowerState(121)) - 6633f50a-7046-4b08-9937-8e25f1b14b15: shutdown FollowerState
2019-10-18 07:24:04,257 [grpc-default-executor-11] INFO  impl.RoleInfo (RoleInfo.java:updateAndGet(143)) - 6633f50a-7046-4b08-9937-8e25f1b14b15: start FollowerState
2019-10-18 07:24:04,257 [grpc-default-executor-14] INFO  impl.RaftServerImpl (RaftServerImpl.java:setRole(184)) - 67270882-100a-4e75-928d-618d17e069c8@group-0C9C3B2D0CC1: changes role from  FOLLOWER to FOLLOWER at term 111 for recognizeCandidate:4dea926d-4bc6-487a-9b9b-9fd457d0fae4
2019-10-18 07:24:04,257 [Thread-10203] INFO  impl.FollowerState (FollowerState.java:run(117)) - 6633f50a-7046-4b08-9937-8e25f1b14b15@group-0C9C3B2D0CC1-FollowerState was interrupted: java.lang.InterruptedException: sleep interrupted
2019-10-18 07:24:04,257 [grpc-default-executor-14] INFO  impl.RoleInfo (RoleInfo.java:shutdownFollowerState(121)) - 67270882-100a-4e75-928d-618d17e069c8: shutdown FollowerState
2019-10-18 07:24:04,257 [grpc-default-executor-14] INFO  impl.RoleInfo (RoleInfo.java:updateAndGet(143)) - 67270882-100a-4e75-928d-618d17e069c8: start FollowerState
2019-10-18 07:24:04,257 [Thread-10213] INFO  impl.FollowerState (FollowerState.java:run(117)) - 67270882-100a-4e75-928d-618d17e069c8@group-0C9C3B2D0CC1-FollowerState was interrupted: java.lang.InterruptedException: sleep interrupted
2019-10-18 07:24:04,268 [main] INFO  ozone.MiniOzoneClusterImpl (MiniOzoneClusterImpl.java:shutdown(314)) - Shutting down the Mini Ozone Cluster
2019-10-18 07:24:04,268 [main] INFO  ozone.MiniOzoneClusterImpl (MiniOzoneClusterImpl.java:stop(330)) - Stopping the Mini Ozone Cluster
2019-10-18 07:24:04,268 [main] INFO  ozone.MiniOzoneClusterImpl (MiniOzoneClusterImpl.java:stopOM(400)) - Stopping the OzoneManager
2019-10-18 07:24:04,268 [main] INFO  ipc.Server (Server.java:stop(3082)) - Stopping server on 33217
2019-10-18 07:24:04,283 [IPC Server listener on 33217] INFO  ipc.Server (Server.java:run(1185)) - Stopping IPC Server listener on 33217
2019-10-18 07:24:04,294 [main] INFO  ratis.OzoneManagerDoubleBuffer (OzoneManagerDoubleBuffer.java:stop(250)) - Stopping OMDoubleBuffer flush thread
2019-10-18 07:24:04,294 [4dea926d-4bc6-487a-9b9b-9fd457d0fae4@group-0C9C3B2D0CC1-LeaderElection1151] INFO  impl.LeaderElection (LeaderElection.java:logAndReturn(56)) - 4dea926d-4bc6-487a-9b9b-9fd457d0fae4@group-0C9C3B2D0CC1-LeaderElection1151: Election REJECTED; received 2 response(s) [4dea926d-4bc6-487a-9b9b-9fd457d0fae4<-6633f50a-7046-4b08-9937-8e25f1b14b15#0:FAIL-t111, 4dea926d-4bc6-487a-9b9b-9fd457d0fae4<-67270882-100a-4e75-928d-618d17e069c8#0:FAIL-t111] and 0 exception(s); 4dea926d-4bc6-487a-9b9b-9fd457d0fae4@group-0C9C3B2D0CC1:t111, leader=null, voted=4dea926d-4bc6-487a-9b9b-9fd457d0fae4, raftlog=4dea926d-4bc6-487a-9b9b-9fd457d0fae4@group-0C9C3B2D0CC1-SegmentedRaftLog:OPENED:c-1,f-1,i0, conf=-1: [6633f50a-7046-4b08-9937-8e25f1b14b15:192.168.34.25:39338, 67270882-100a-4e75-928d-618d17e069c8:192.168.34.25:36648, 4dea926d-4bc6-487a-9b9b-9fd457d0fae4:192.168.34.25:41624], old=null
2019-10-18 07:24:04,296 [OMDoubleBufferFlushThread] INFO  ratis.OzoneManagerDoubleBuffer (OzoneManagerDoubleBuffer.java:flushTransactions(193)) - OMDoubleBuffer flush thread OMDoubleBufferFlushThread is interrupted and will exit. OMDoubleBufferFlushThread
2019-10-18 07:24:04,294 [IPC Server Responder] INFO  ipc.Server (Server.java:run(1319)) - Stopping IPC Server Responder
2019-10-18 07:24:04,306 [main] INFO  utils.BackgroundService (BackgroundService.java:shutdown(151)) - Shutting down service KeyDeletingService
2019-10-18 07:24:04,296 [4dea926d-4bc6-487a-9b9b-9fd457d0fae4@group-0C9C3B2D0CC1-LeaderElection1151] INFO  impl.RaftServerImpl (RaftServerImpl.java:setRole(184)) - 4dea926d-4bc6-487a-9b9b-9fd457d0fae4@group-0C9C3B2D0CC1: changes role from CANDIDATE to FOLLOWER at term 111 for DISCOVERED_A_NEW_TERM
2019-10-18 07:24:04,319 [4dea926d-4bc6-487a-9b9b-9fd457d0fae4@group-0C9C3B2D0CC1-LeaderElection1151] INFO  impl.RoleInfo (RoleInfo.java:shutdownLeaderElection(134)) - 4dea926d-4bc6-487a-9b9b-9fd457d0fae4: shutdown LeaderElection
2019-10-18 07:24:04,319 [4dea926d-4bc6-487a-9b9b-9fd457d0fae4@group-0C9C3B2D0CC1-LeaderElection1151] INFO  impl.RoleInfo (RoleInfo.java:updateAndGet(143)) - 4dea926d-4bc6-487a-9b9b-9fd457d0fae4: start FollowerState
2019-10-18 07:24:04,320 [main] INFO  handler.ContextHandler (ContextHandler.java:doStop(910)) - Stopped o.e.j.w.WebAppContext@1c1fa494{/,null,UNAVAILABLE}{/ozoneManager}
2019-10-18 07:24:04,320 [main] INFO  server.AbstractConnector (AbstractConnector.java:doStop(318)) - Stopped ServerConnector@77c66a4f{HTTP/1.1,[http/1.1]}{0.0.0.0:0}
2019-10-18 07:24:04,320 [main] INFO  handler.ContextHandler (ContextHandler.java:doStop(910)) - Stopped o.e.j.s.ServletContextHandler@42cf6349{/static,file:///workdir/hadoop-ozone/integration-test/target/test-classes/webapps/static,UNAVAILABLE}
2019-10-18 07:24:04,321 [main] INFO  handler.ContextHandler (ContextHandler.java:doStop(910)) - Stopped o.e.j.s.ServletContextHandler@7ec3a8bd{/logs,file:///workdir/hadoop-ozone/integration-test/target/log,UNAVAILABLE}
2019-10-18 07:24:04,323 [main] INFO  ozone.MiniOzoneClusterImpl (MiniOzoneClusterImpl.java:stopDatanodes(377)) - Stopping the HddsDatanodes
2019-10-18 07:24:04,368 [Thread-10231] INFO  impl.FollowerState (FollowerState.java:run(108)) - 4dea926d-4bc6-487a-9b9b-9fd457d0fae4@group-0C9C3B2D0CC1-FollowerState: change to CANDIDATE, lastRpcTime:49ms, electionTimeout:49ms
2019-10-18 07:24:04,368 [Thread-10231] INFO  impl.RoleInfo (RoleInfo.java:shutdownFollowerState(121)) - 4dea926d-4bc6-487a-9b9b-9fd457d0fae4: shutdown FollowerState
2019-10-18 07:24:04,368 [Thread-10231] INFO  impl.RaftServerImpl (RaftServerImpl.java:setRole(184)) - 4dea926d-4bc6-487a-9b9b-9fd457d0fae4@group-0C9C3B2D0CC1: changes role from  FOLLOWER to CANDIDATE at term 111 for changeToCandidate
2019-10-18 07:24:04,368 [Thread-10231] INFO  impl.RoleInfo (RoleInfo.java:updateAndGet(143)) - 4dea926d-4bc6-487a-9b9b-9fd457d0fae4: start LeaderElection
2019-10-18 07:24:04,392 [4dea926d-4bc6-487a-9b9b-9fd457d0fae4@group-0C9C3B2D0CC1-LeaderElection1152] INFO  impl.LeaderElection (LeaderElection.java:askForVotes(178)) - 4dea926d-4bc6-487a-9b9b-9fd457d0fae4@group-0C9C3B2D0CC1-LeaderElection1152: begin an election at term 112 for -1: [6633f50a-7046-4b08-9937-8e25f1b14b15:192.168.34.25:39338, 67270882-100a-4e75-928d-618d17e069c8:192.168.34.25:36648, 4dea926d-4bc6-487a-9b9b-9fd457d0fae4:192.168.34.25:41624], old=null
2019-10-18 07:24:04,394 [Thread-10219] INFO  impl.FollowerState (FollowerState.java:run(108)) - 12ad0800-05cb-443c-9fdd-fa1debf04523@group-BCB82A5C07F5-FollowerState: change to CANDIDATE, lastRpcTime:161ms, electionTimeout:158ms
2019-10-18 07:24:04,394 [Thread-10219] INFO  impl.RoleInfo (RoleInfo.java:shutdownFollowerState(121)) - 12ad0800-05cb-443c-9fdd-fa1debf04523: shutdown FollowerState
2019-10-18 07:24:04,394 [Thread-10219] INFO  impl.RaftServerImpl (RaftServerImpl.java:setRole(184)) - 12ad0800-05cb-443c-9fdd-fa1debf04523@group-BCB82A5C07F5: changes role from  FOLLOWER to CANDIDATE at term 124 for changeToCandidate
2019-10-18 07:24:04,394 [grpc-default-executor-11] INFO  impl.RaftServerImpl (RaftServerImpl.java:setRole(184)) - 6633f50a-7046-4b08-9937-8e25f1b14b15@group-0C9C3B2D0CC1: changes role from  FOLLOWER to FOLLOWER at term 112 for recognizeCandidate:4dea926d-4bc6-487a-9b9b-9fd457d0fae4
2019-10-18 07:24:04,394 [grpc-default-executor-11] INFO  impl.RoleInfo (RoleInfo.java:shutdownFollowerState(121)) - 6633f50a-7046-4b08-9937-8e25f1b14b15: shutdown FollowerState
2019-10-18 07:24:04,394 [grpc-default-executor-14] INFO  impl.RaftServerImpl (RaftServerImpl.java:setRole(184)) - 67270882-100a-4e75-928d-618d17e069c8@group-0C9C3B2D0CC1: changes role from  FOLLOWER to FOLLOWER at term 112 for recognizeCandidate:4dea926d-4bc6-487a-9b9b-9fd457d0fae4
2019-10-18 07:24:04,395 [grpc-default-executor-14] INFO  impl.RoleInfo (RoleInfo.java:shutdownFollowerState(121)) - 67270882-100a-4e75-928d-618d17e069c8: shutdown FollowerState
2019-10-18 07:24:04,394 [Thread-10219] INFO  impl.RoleInfo (RoleInfo.java:updateAndGet(143)) - 12ad0800-05cb-443c-9fdd-fa1debf04523: start LeaderElection
2019-10-18 07:24:04,395 [Thread-10226] INFO  impl.FollowerState (FollowerState.java:run(117)) - 67270882-100a-4e75-928d-618d17e069c8@group-0C9C3B2D0CC1-FollowerState was interrupted: java.lang.InterruptedException: sleep interrupted
2019-10-18 07:24:04,395 [grpc-default-executor-14] INFO  impl.RoleInfo (RoleInfo.java:updateAndGet(143)) - 67270882-100a-4e75-928d-618d17e069c8: start FollowerState
2019-10-18 07:24:04,394 [Thread-10225] INFO  impl.FollowerState (FollowerState.java:run(117)) - 6633f50a-7046-4b08-9937-8e25f1b14b15@group-0C9C3B2D0CC1-FollowerState was interrupted: java.lang.InterruptedException: sleep interrupted
2019-10-18 07:24:04,394 [grpc-default-executor-11] INFO  impl.RoleInfo (RoleInfo.java:updateAndGet(143)) - 6633f50a-7046-4b08-9937-8e25f1b14b15: start FollowerState
2019-10-18 07:24:04,411 [12ad0800-05cb-443c-9fdd-fa1debf04523@group-BCB82A5C07F5-LeaderElection1153] INFO  impl.LeaderElection (LeaderElection.java:askForVotes(178)) - 12ad0800-05cb-443c-9fdd-fa1debf04523@group-BCB82A5C07F5-LeaderElection1153: begin an election at term 125 for -1: [12ad0800-05cb-443c-9fdd-fa1debf04523:192.168.34.25:41155, 5170c5f3-8499-4b42-9321-85fc8a351f79:192.168.34.25:43074, 0b10a9fc-47eb-4a2b-b664-8273d9d17379:192.168.34.25:45248], old=null
2019-10-18 07:24:04,411 [4dea926d-4bc6-487a-9b9b-9fd457d0fae4@group-0C9C3B2D0CC1-LeaderElection1152] INFO  impl.LeaderElection (LeaderElection.java:logAndReturn(56)) - 4dea926d-4bc6-487a-9b9b-9fd457d0fae4@group-0C9C3B2D0CC1-LeaderElection1152: Election REJECTED; received 2 response(s) [4dea926d-4bc6-487a-9b9b-9fd457d0fae4<-6633f50a-7046-4b08-9937-8e25f1b14b15#0:FAIL-t112, 4dea926d-4bc6-487a-9b9b-9fd457d0fae4<-67270882-100a-4e75-928d-618d17e069c8#0:FAIL-t112] and 0 exception(s); 4dea926d-4bc6-487a-9b9b-9fd457d0fae4@group-0C9C3B2D0CC1:t112, leader=null, voted=4dea926d-4bc6-487a-9b9b-9fd457d0fae4, raftlog=4dea926d-4bc6-487a-9b9b-9fd457d0fae4@group-0C9C3B2D0CC1-SegmentedRaftLog:OPENED:c-1,f-1,i0, conf=-1: [6633f50a-7046-4b08-9937-8e25f1b14b15:192.168.34.25:39338, 67270882-100a-4e75-928d-618d17e069c8:192.168.34.25:36648, 4dea926d-4bc6-487a-9b9b-9fd457d0fae4:192.168.34.25:41624], old=null
2019-10-18 07:24:04,411 [4dea926d-4bc6-487a-9b9b-9fd457d0fae4@group-0C9C3B2D0CC1-LeaderElection1152] INFO  impl.RaftServerImpl (RaftServerImpl.java:setRole(184)) - 4dea926d-4bc6-487a-9b9b-9fd457d0fae4@group-0C9C3B2D0CC1: changes role from CANDIDATE to FOLLOWER at term 112 for DISCOVERED_A_NEW_TERM
2019-10-18 07:24:04,412 [4dea926d-4bc6-487a-9b9b-9fd457d0fae4@group-0C9C3B2D0CC1-LeaderElection1152] INFO  impl.RoleInfo (RoleInfo.java:shutdownLeaderElection(134)) - 4dea926d-4bc6-487a-9b9b-9fd457d0fae4: shutdown LeaderElection
2019-10-18 07:24:04,412 [12ad0800-05cb-443c-9fdd-fa1debf04523@group-BCB82A5C07F5-LeaderElection1153] INFO  impl.LeaderElection (LogUtils.java:infoOrTrace(149)) - 12ad0800-05cb-443c-9fdd-fa1debf04523@group-BCB82A5C07F5-LeaderElection1153 got exception when requesting votes: {}
java.util.concurrent.ExecutionException: org.apache.ratis.thirdparty.io.grpc.StatusRuntimeException: UNAVAILABLE: io exception
	at java.util.concurrent.FutureTask.report(FutureTask.java:122)
	at java.util.concurrent.FutureTask.get(FutureTask.java:192)
	at org.apache.ratis.server.impl.LeaderElection.waitForResults(LeaderElection.java:259)
	at org.apache.ratis.server.impl.LeaderElection.askForVotes(LeaderElection.java:197)
	at org.apache.ratis.server.impl.LeaderElection.run(LeaderElection.java:133)
	at java.lang.Thread.run(Thread.java:748)
Caused by: org.apache.ratis.thirdparty.io.grpc.StatusRuntimeException: UNAVAILABLE: io exception
	at org.apache.ratis.thirdparty.io.grpc.stub.ClientCalls.toStatusRuntimeException(ClientCalls.java:233)
	at org.apache.ratis.thirdparty.io.grpc.stub.ClientCalls.getUnchecked(ClientCalls.java:214)
	at org.apache.ratis.thirdparty.io.grpc.stub.ClientCalls.blockingUnaryCall(ClientCalls.java:139)
	at org.apache.ratis.proto.grpc.RaftServerProtocolServiceGrpc$RaftServerProtocolServiceBlockingStub.requestVote(RaftServerProtocolServiceGrpc.java:265)
	at org.apache.ratis.grpc.server.GrpcServerProtocolClient.requestVote(GrpcServerProtocolClient.java:99)
	at org.apache.ratis.grpc.server.GrpcService.requestVote(GrpcService.java:204)
	at org.apache.ratis.server.impl.LeaderElection.lambda$submitRequests$1(LeaderElection.java:234)
	at java.util.concurrent.FutureTask.run(FutureTask.java:266)
	at java.util.concurrent.Executors$RunnableAdapter.call(Executors.java:511)
	at java.util.concurrent.FutureTask.run(FutureTask.java:266)
	at java.util.concurrent.ThreadPoolExecutor.runWorker(ThreadPoolExecutor.java:1149)
	at java.util.concurrent.ThreadPoolExecutor$Worker.run(ThreadPoolExecutor.java:624)
	... 1 more
Caused by: org.apache.ratis.thirdparty.io.netty.channel.AbstractChannel$AnnotatedConnectException: Connection refused: /192.168.34.25:45248
	at sun.nio.ch.SocketChannelImpl.checkConnect(Native Method)
	at sun.nio.ch.SocketChannelImpl.finishConnect(SocketChannelImpl.java:717)
	at org.apache.ratis.thirdparty.io.netty.channel.socket.nio.NioSocketChannel.doFinishConnect(NioSocketChannel.java:327)
	at org.apache.ratis.thirdparty.io.netty.channel.nio.AbstractNioChannel$AbstractNioUnsafe.finishConnect(AbstractNioChannel.java:340)
	at org.apache.ratis.thirdparty.io.netty.channel.nio.NioEventLoop.processSelectedKey(NioEventLoop.java:632)
	at org.apache.ratis.thirdparty.io.netty.channel.nio.NioEventLoop.processSelectedKeysOptimized(NioEventLoop.java:579)
	at org.apache.ratis.thirdparty.io.netty.channel.nio.NioEventLoop.processSelectedKeys(NioEventLoop.java:496)
	at org.apache.ratis.thirdparty.io.netty.channel.nio.NioEventLoop.run(NioEventLoop.java:458)
	at org.apache.ratis.thirdparty.io.netty.util.concurrent.SingleThreadEventExecutor$5.run(SingleThreadEventExecutor.java:897)
	at org.apache.ratis.thirdparty.io.netty.util.concurrent.FastThreadLocalRunnable.run(FastThreadLocalRunnable.java:30)
	... 1 more
Caused by: java.net.ConnectException: Connection refused
	... 11 more
2019-10-18 07:24:04,412 [grpc-default-executor-11] INFO  impl.RaftServerImpl (RaftServerImpl.java:setRole(184)) - 5170c5f3-8499-4b42-9321-85fc8a351f79@group-BCB82A5C07F5: changes role from  FOLLOWER to FOLLOWER at term 125 for recognizeCandidate:12ad0800-05cb-443c-9fdd-fa1debf04523
2019-10-18 07:24:04,412 [grpc-default-executor-11] INFO  impl.RoleInfo (RoleInfo.java:shutdownFollowerState(121)) - 5170c5f3-8499-4b42-9321-85fc8a351f79: shutdown FollowerState
2019-10-18 07:24:04,412 [4dea926d-4bc6-487a-9b9b-9fd457d0fae4@group-0C9C3B2D0CC1-LeaderElection1152] INFO  impl.RoleInfo (RoleInfo.java:updateAndGet(143)) - 4dea926d-4bc6-487a-9b9b-9fd457d0fae4: start FollowerState
2019-10-18 07:24:04,412 [Thread-10209] INFO  impl.FollowerState (FollowerState.java:run(117)) - 5170c5f3-8499-4b42-9321-85fc8a351f79@group-BCB82A5C07F5-FollowerState was interrupted: java.lang.InterruptedException: sleep interrupted
2019-10-18 07:24:04,412 [grpc-default-executor-11] INFO  impl.RoleInfo (RoleInfo.java:updateAndGet(143)) - 5170c5f3-8499-4b42-9321-85fc8a351f79: start FollowerState
2019-10-18 07:24:04,436 [12ad0800-05cb-443c-9fdd-fa1debf04523@group-BCB82A5C07F5-LeaderElection1153] INFO  impl.LeaderElection (LeaderElection.java:logAndReturn(56)) - 12ad0800-05cb-443c-9fdd-fa1debf04523@group-BCB82A5C07F5-LeaderElection1153: Election REJECTED; received 1 response(s) [12ad0800-05cb-443c-9fdd-fa1debf04523<-5170c5f3-8499-4b42-9321-85fc8a351f79#0:FAIL-t125] and 1 exception(s); 12ad0800-05cb-443c-9fdd-fa1debf04523@group-BCB82A5C07F5:t125, leader=null, voted=12ad0800-05cb-443c-9fdd-fa1debf04523, raftlog=12ad0800-05cb-443c-9fdd-fa1debf04523@group-BCB82A5C07F5-SegmentedRaftLog:OPENED:c-1,f-1,i0, conf=-1: [12ad0800-05cb-443c-9fdd-fa1debf04523:192.168.34.25:41155, 5170c5f3-8499-4b42-9321-85fc8a351f79:192.168.34.25:43074, 0b10a9fc-47eb-4a2b-b664-8273d9d17379:192.168.34.25:45248], old=null
2019-10-18 07:24:04,436 [12ad0800-05cb-443c-9fdd-fa1debf04523@group-BCB82A5C07F5-LeaderElection1153] INFO  impl.LeaderElection (LogUtils.java:infoOrTrace(149)) -   Exception 0: {}
java.util.concurrent.ExecutionException: org.apache.ratis.thirdparty.io.grpc.StatusRuntimeException: UNAVAILABLE: io exception
	at java.util.concurrent.FutureTask.report(FutureTask.java:122)
	at java.util.concurrent.FutureTask.get(FutureTask.java:192)
	at org.apache.ratis.server.impl.LeaderElection.waitForResults(LeaderElection.java:259)
	at org.apache.ratis.server.impl.LeaderElection.askForVotes(LeaderElection.java:197)
	at org.apache.ratis.server.impl.LeaderElection.run(LeaderElection.java:133)
	at java.lang.Thread.run(Thread.java:748)
Caused by: org.apache.ratis.thirdparty.io.grpc.StatusRuntimeException: UNAVAILABLE: io exception
	at org.apache.ratis.thirdparty.io.grpc.stub.ClientCalls.toStatusRuntimeException(ClientCalls.java:233)
	at org.apache.ratis.thirdparty.io.grpc.stub.ClientCalls.getUnchecked(ClientCalls.java:214)
	at org.apache.ratis.thirdparty.io.grpc.stub.ClientCalls.blockingUnaryCall(ClientCalls.java:139)
	at org.apache.ratis.proto.grpc.RaftServerProtocolServiceGrpc$RaftServerProtocolServiceBlockingStub.requestVote(RaftServerProtocolServiceGrpc.java:265)
	at org.apache.ratis.grpc.server.GrpcServerProtocolClient.requestVote(GrpcServerProtocolClient.java:99)
	at org.apache.ratis.grpc.server.GrpcService.requestVote(GrpcService.java:204)
	at org.apache.ratis.server.impl.LeaderElection.lambda$submitRequests$1(LeaderElection.java:234)
	at java.util.concurrent.FutureTask.run(FutureTask.java:266)
	at java.util.concurrent.Executors$RunnableAdapter.call(Executors.java:511)
	at java.util.concurrent.FutureTask.run(FutureTask.java:266)
	at java.util.concurrent.ThreadPoolExecutor.runWorker(ThreadPoolExecutor.java:1149)
	at java.util.concurrent.ThreadPoolExecutor$Worker.run(ThreadPoolExecutor.java:624)
	... 1 more
Caused by: org.apache.ratis.thirdparty.io.netty.channel.AbstractChannel$AnnotatedConnectException: Connection refused: /192.168.34.25:45248
	at sun.nio.ch.SocketChannelImpl.checkConnect(Native Method)
	at sun.nio.ch.SocketChannelImpl.finishConnect(SocketChannelImpl.java:717)
	at org.apache.ratis.thirdparty.io.netty.channel.socket.nio.NioSocketChannel.doFinishConnect(NioSocketChannel.java:327)
	at org.apache.ratis.thirdparty.io.netty.channel.nio.AbstractNioChannel$AbstractNioUnsafe.finishConnect(AbstractNioChannel.java:340)
	at org.apache.ratis.thirdparty.io.netty.channel.nio.NioEventLoop.processSelectedKey(NioEventLoop.java:632)
	at org.apache.ratis.thirdparty.io.netty.channel.nio.NioEventLoop.processSelectedKeysOptimized(NioEventLoop.java:579)
	at org.apache.ratis.thirdparty.io.netty.channel.nio.NioEventLoop.processSelectedKeys(NioEventLoop.java:496)
	at org.apache.ratis.thirdparty.io.netty.channel.nio.NioEventLoop.run(NioEventLoop.java:458)
	at org.apache.ratis.thirdparty.io.netty.util.concurrent.SingleThreadEventExecutor$5.run(SingleThreadEventExecutor.java:897)
	at org.apache.ratis.thirdparty.io.netty.util.concurrent.FastThreadLocalRunnable.run(FastThreadLocalRunnable.java:30)
	... 1 more
Caused by: java.net.ConnectException: Connection refused
	... 11 more
2019-10-18 07:24:04,437 [12ad0800-05cb-443c-9fdd-fa1debf04523@group-BCB82A5C07F5-LeaderElection1153] INFO  impl.RaftServerImpl (RaftServerImpl.java:setRole(184)) - 12ad0800-05cb-443c-9fdd-fa1debf04523@group-BCB82A5C07F5: changes role from CANDIDATE to FOLLOWER at term 125 for DISCOVERED_A_NEW_TERM
2019-10-18 07:24:04,437 [12ad0800-05cb-443c-9fdd-fa1debf04523@group-BCB82A5C07F5-LeaderElection1153] INFO  impl.RoleInfo (RoleInfo.java:shutdownLeaderElection(134)) - 12ad0800-05cb-443c-9fdd-fa1debf04523: shutdown LeaderElection
2019-10-18 07:24:04,437 [12ad0800-05cb-443c-9fdd-fa1debf04523@group-BCB82A5C07F5-LeaderElection1153] INFO  impl.RoleInfo (RoleInfo.java:updateAndGet(143)) - 12ad0800-05cb-443c-9fdd-fa1debf04523: start FollowerState
2019-10-18 07:24:04,438 [Thread-10240] INFO  impl.FollowerState (FollowerState.java:run(108)) - 4dea926d-4bc6-487a-9b9b-9fd457d0fae4@group-0C9C3B2D0CC1-FollowerState: change to CANDIDATE, lastRpcTime:25ms, electionTimeout:25ms
2019-10-18 07:24:04,438 [Thread-10240] INFO  impl.RoleInfo (RoleInfo.java:shutdownFollowerState(121)) - 4dea926d-4bc6-487a-9b9b-9fd457d0fae4: shutdown FollowerState
2019-10-18 07:24:04,438 [Thread-10240] INFO  impl.RaftServerImpl (RaftServerImpl.java:setRole(184)) - 4dea926d-4bc6-487a-9b9b-9fd457d0fae4@group-0C9C3B2D0CC1: changes role from  FOLLOWER to CANDIDATE at term 112 for changeToCandidate
2019-10-18 07:24:04,438 [Thread-10240] INFO  impl.RoleInfo (RoleInfo.java:updateAndGet(143)) - 4dea926d-4bc6-487a-9b9b-9fd457d0fae4: start LeaderElection
2019-10-18 07:24:04,461 [4dea926d-4bc6-487a-9b9b-9fd457d0fae4@group-0C9C3B2D0CC1-LeaderElection1154] INFO  impl.LeaderElection (LeaderElection.java:askForVotes(178)) - 4dea926d-4bc6-487a-9b9b-9fd457d0fae4@group-0C9C3B2D0CC1-LeaderElection1154: begin an election at term 113 for -1: [6633f50a-7046-4b08-9937-8e25f1b14b15:192.168.34.25:39338, 67270882-100a-4e75-928d-618d17e069c8:192.168.34.25:36648, 4dea926d-4bc6-487a-9b9b-9fd457d0fae4:192.168.34.25:41624], old=null
2019-10-18 07:24:04,462 [grpc-default-executor-11] INFO  impl.RaftServerImpl (RaftServerImpl.java:setRole(184)) - 6633f50a-7046-4b08-9937-8e25f1b14b15@group-0C9C3B2D0CC1: changes role from  FOLLOWER to FOLLOWER at term 113 for recognizeCandidate:4dea926d-4bc6-487a-9b9b-9fd457d0fae4
2019-10-18 07:24:04,462 [grpc-default-executor-11] INFO  impl.RoleInfo (RoleInfo.java:shutdownFollowerState(121)) - 6633f50a-7046-4b08-9937-8e25f1b14b15: shutdown FollowerState
2019-10-18 07:24:04,462 [grpc-default-executor-14] INFO  impl.RaftServerImpl (RaftServerImpl.java:setRole(184)) - 67270882-100a-4e75-928d-618d17e069c8@group-0C9C3B2D0CC1: changes role from  FOLLOWER to FOLLOWER at term 113 for recognizeCandidate:4dea926d-4bc6-487a-9b9b-9fd457d0fae4
2019-10-18 07:24:04,462 [grpc-default-executor-14] INFO  impl.RoleInfo (RoleInfo.java:shutdownFollowerState(121)) - 67270882-100a-4e75-928d-618d17e069c8: shutdown FollowerState
2019-10-18 07:24:04,462 [Thread-10236] INFO  impl.FollowerState (FollowerState.java:run(117)) - 6633f50a-7046-4b08-9937-8e25f1b14b15@group-0C9C3B2D0CC1-FollowerState was interrupted: java.lang.InterruptedException: sleep interrupted
2019-10-18 07:24:04,462 [grpc-default-executor-11] INFO  impl.RoleInfo (RoleInfo.java:updateAndGet(143)) - 6633f50a-7046-4b08-9937-8e25f1b14b15: start FollowerState
2019-10-18 07:24:04,463 [Thread-10237] INFO  impl.FollowerState (FollowerState.java:run(117)) - 67270882-100a-4e75-928d-618d17e069c8@group-0C9C3B2D0CC1-FollowerState was interrupted: java.lang.InterruptedException: sleep interrupted
2019-10-18 07:24:04,463 [grpc-default-executor-14] INFO  impl.RoleInfo (RoleInfo.java:updateAndGet(143)) - 67270882-100a-4e75-928d-618d17e069c8: start FollowerState
2019-10-18 07:24:04,486 [4dea926d-4bc6-487a-9b9b-9fd457d0fae4@group-0C9C3B2D0CC1-LeaderElection1154] INFO  impl.LeaderElection (LeaderElection.java:logAndReturn(56)) - 4dea926d-4bc6-487a-9b9b-9fd457d0fae4@group-0C9C3B2D0CC1-LeaderElection1154: Election REJECTED; received 2 response(s) [4dea926d-4bc6-487a-9b9b-9fd457d0fae4<-6633f50a-7046-4b08-9937-8e25f1b14b15#0:FAIL-t113, 4dea926d-4bc6-487a-9b9b-9fd457d0fae4<-67270882-100a-4e75-928d-618d17e069c8#0:FAIL-t113] and 0 exception(s); 4dea926d-4bc6-487a-9b9b-9fd457d0fae4@group-0C9C3B2D0CC1:t113, leader=null, voted=4dea926d-4bc6-487a-9b9b-9fd457d0fae4, raftlog=4dea926d-4bc6-487a-9b9b-9fd457d0fae4@group-0C9C3B2D0CC1-SegmentedRaftLog:OPENED:c-1,f-1,i0, conf=-1: [6633f50a-7046-4b08-9937-8e25f1b14b15:192.168.34.25:39338, 67270882-100a-4e75-928d-618d17e069c8:192.168.34.25:36648, 4dea926d-4bc6-487a-9b9b-9fd457d0fae4:192.168.34.25:41624], old=null
2019-10-18 07:24:04,486 [4dea926d-4bc6-487a-9b9b-9fd457d0fae4@group-0C9C3B2D0CC1-LeaderElection1154] INFO  impl.RaftServerImpl (RaftServerImpl.java:setRole(184)) - 4dea926d-4bc6-487a-9b9b-9fd457d0fae4@group-0C9C3B2D0CC1: changes role from CANDIDATE to FOLLOWER at term 113 for DISCOVERED_A_NEW_TERM
2019-10-18 07:24:04,486 [4dea926d-4bc6-487a-9b9b-9fd457d0fae4@group-0C9C3B2D0CC1-LeaderElection1154] INFO  impl.RoleInfo (RoleInfo.java:shutdownLeaderElection(134)) - 4dea926d-4bc6-487a-9b9b-9fd457d0fae4: shutdown LeaderElection
2019-10-18 07:24:04,487 [4dea926d-4bc6-487a-9b9b-9fd457d0fae4@group-0C9C3B2D0CC1-LeaderElection1154] INFO  impl.RoleInfo (RoleInfo.java:updateAndGet(143)) - 4dea926d-4bc6-487a-9b9b-9fd457d0fae4: start FollowerState
2019-10-18 07:24:04,489 [Datanode State Machine Thread - 0] INFO  statemachine.DatanodeStateMachine (DatanodeStateMachine.java:lambda$startDaemon$0(350)) - Ozone container server started.
2019-10-18 07:24:04,536 [Thread-10242] INFO  impl.FollowerState (FollowerState.java:run(108)) - 12ad0800-05cb-443c-9fdd-fa1debf04523@group-BCB82A5C07F5-FollowerState: change to CANDIDATE, lastRpcTime:99ms, electionTimeout:99ms
2019-10-18 07:24:04,536 [Thread-10242] INFO  impl.RoleInfo (RoleInfo.java:shutdownFollowerState(121)) - 12ad0800-05cb-443c-9fdd-fa1debf04523: shutdown FollowerState
2019-10-18 07:24:04,536 [Thread-10242] INFO  impl.RaftServerImpl (RaftServerImpl.java:setRole(184)) - 12ad0800-05cb-443c-9fdd-fa1debf04523@group-BCB82A5C07F5: changes role from  FOLLOWER to CANDIDATE at term 125 for changeToCandidate
2019-10-18 07:24:04,536 [Thread-10242] INFO  impl.RoleInfo (RoleInfo.java:updateAndGet(143)) - 12ad0800-05cb-443c-9fdd-fa1debf04523: start LeaderElection
2019-10-18 07:24:04,560 [12ad0800-05cb-443c-9fdd-fa1debf04523@group-BCB82A5C07F5-LeaderElection1155] INFO  impl.LeaderElection (LeaderElection.java:askForVotes(178)) - 12ad0800-05cb-443c-9fdd-fa1debf04523@group-BCB82A5C07F5-LeaderElection1155: begin an election at term 126 for -1: [12ad0800-05cb-443c-9fdd-fa1debf04523:192.168.34.25:41155, 5170c5f3-8499-4b42-9321-85fc8a351f79:192.168.34.25:43074, 0b10a9fc-47eb-4a2b-b664-8273d9d17379:192.168.34.25:45248], old=null
2019-10-18 07:24:04,561 [12ad0800-05cb-443c-9fdd-fa1debf04523@group-BCB82A5C07F5-LeaderElection1155] INFO  impl.LeaderElection (LogUtils.java:infoOrTrace(149)) - 12ad0800-05cb-443c-9fdd-fa1debf04523@group-BCB82A5C07F5-LeaderElection1155 got exception when requesting votes: {}
java.util.concurrent.ExecutionException: org.apache.ratis.thirdparty.io.grpc.StatusRuntimeException: UNAVAILABLE: io exception
	at java.util.concurrent.FutureTask.report(FutureTask.java:122)
	at java.util.concurrent.FutureTask.get(FutureTask.java:192)
	at org.apache.ratis.server.impl.LeaderElection.waitForResults(LeaderElection.java:259)
	at org.apache.ratis.server.impl.LeaderElection.askForVotes(LeaderElection.java:197)
	at org.apache.ratis.server.impl.LeaderElection.run(LeaderElection.java:133)
	at java.lang.Thread.run(Thread.java:748)
Caused by: org.apache.ratis.thirdparty.io.grpc.StatusRuntimeException: UNAVAILABLE: io exception
	at org.apache.ratis.thirdparty.io.grpc.stub.ClientCalls.toStatusRuntimeException(ClientCalls.java:233)
	at org.apache.ratis.thirdparty.io.grpc.stub.ClientCalls.getUnchecked(ClientCalls.java:214)
	at org.apache.ratis.thirdparty.io.grpc.stub.ClientCalls.blockingUnaryCall(ClientCalls.java:139)
	at org.apache.ratis.proto.grpc.RaftServerProtocolServiceGrpc$RaftServerProtocolServiceBlockingStub.requestVote(RaftServerProtocolServiceGrpc.java:265)
	at org.apache.ratis.grpc.server.GrpcServerProtocolClient.requestVote(GrpcServerProtocolClient.java:99)
	at org.apache.ratis.grpc.server.GrpcService.requestVote(GrpcService.java:204)
	at org.apache.ratis.server.impl.LeaderElection.lambda$submitRequests$1(LeaderElection.java:234)
	at java.util.concurrent.FutureTask.run(FutureTask.java:266)
	at java.util.concurrent.Executors$RunnableAdapter.call(Executors.java:511)
	at java.util.concurrent.FutureTask.run(FutureTask.java:266)
	at java.util.concurrent.ThreadPoolExecutor.runWorker(ThreadPoolExecutor.java:1149)
	at java.util.concurrent.ThreadPoolExecutor$Worker.run(ThreadPoolExecutor.java:624)
	... 1 more
Caused by: org.apache.ratis.thirdparty.io.netty.channel.AbstractChannel$AnnotatedConnectException: Connection refused: /192.168.34.25:45248
	at sun.nio.ch.SocketChannelImpl.checkConnect(Native Method)
	at sun.nio.ch.SocketChannelImpl.finishConnect(SocketChannelImpl.java:717)
	at org.apache.ratis.thirdparty.io.netty.channel.socket.nio.NioSocketChannel.doFinishConnect(NioSocketChannel.java:327)
	at org.apache.ratis.thirdparty.io.netty.channel.nio.AbstractNioChannel$AbstractNioUnsafe.finishConnect(AbstractNioChannel.java:340)
	at org.apache.ratis.thirdparty.io.netty.channel.nio.NioEventLoop.processSelectedKey(NioEventLoop.java:632)
	at org.apache.ratis.thirdparty.io.netty.channel.nio.NioEventLoop.processSelectedKeysOptimized(NioEventLoop.java:579)
	at org.apache.ratis.thirdparty.io.netty.channel.nio.NioEventLoop.processSelectedKeys(NioEventLoop.java:496)
	at org.apache.ratis.thirdparty.io.netty.channel.nio.NioEventLoop.run(NioEventLoop.java:458)
	at org.apache.ratis.thirdparty.io.netty.util.concurrent.SingleThreadEventExecutor$5.run(SingleThreadEventExecutor.java:897)
	at org.apache.ratis.thirdparty.io.netty.util.concurrent.FastThreadLocalRunnable.run(FastThreadLocalRunnable.java:30)
	... 1 more
Caused by: java.net.ConnectException: Connection refused
	... 11 more
2019-10-18 07:24:04,561 [grpc-default-executor-14] INFO  impl.RaftServerImpl (RaftServerImpl.java:setRole(184)) - 5170c5f3-8499-4b42-9321-85fc8a351f79@group-BCB82A5C07F5: changes role from  FOLLOWER to FOLLOWER at term 126 for recognizeCandidate:12ad0800-05cb-443c-9fdd-fa1debf04523
2019-10-18 07:24:04,561 [grpc-default-executor-14] INFO  impl.RoleInfo (RoleInfo.java:shutdownFollowerState(121)) - 5170c5f3-8499-4b42-9321-85fc8a351f79: shutdown FollowerState
2019-10-18 07:24:04,561 [grpc-default-executor-14] INFO  impl.RoleInfo (RoleInfo.java:updateAndGet(143)) - 5170c5f3-8499-4b42-9321-85fc8a351f79: start FollowerState
2019-10-18 07:24:04,561 [Thread-10241] INFO  impl.FollowerState (FollowerState.java:run(117)) - 5170c5f3-8499-4b42-9321-85fc8a351f79@group-BCB82A5C07F5-FollowerState was interrupted: java.lang.InterruptedException: sleep interrupted
2019-10-18 07:24:04,575 [Thread-10248] INFO  impl.FollowerState (FollowerState.java:run(108)) - 4dea926d-4bc6-487a-9b9b-9fd457d0fae4@group-0C9C3B2D0CC1-FollowerState: change to CANDIDATE, lastRpcTime:88ms, electionTimeout:88ms
2019-10-18 07:24:04,575 [Thread-10248] INFO  impl.RoleInfo (RoleInfo.java:shutdownFollowerState(121)) - 4dea926d-4bc6-487a-9b9b-9fd457d0fae4: shutdown FollowerState
2019-10-18 07:24:04,575 [Thread-10248] INFO  impl.RaftServerImpl (RaftServerImpl.java:setRole(184)) - 4dea926d-4bc6-487a-9b9b-9fd457d0fae4@group-0C9C3B2D0CC1: changes role from  FOLLOWER to CANDIDATE at term 113 for changeToCandidate
2019-10-18 07:24:04,575 [Thread-10248] INFO  impl.RoleInfo (RoleInfo.java:updateAndGet(143)) - 4dea926d-4bc6-487a-9b9b-9fd457d0fae4: start LeaderElection
2019-10-18 07:24:04,585 [12ad0800-05cb-443c-9fdd-fa1debf04523@group-BCB82A5C07F5-LeaderElection1155] INFO  impl.LeaderElection (LeaderElection.java:logAndReturn(56)) - 12ad0800-05cb-443c-9fdd-fa1debf04523@group-BCB82A5C07F5-LeaderElection1155: Election REJECTED; received 1 response(s) [12ad0800-05cb-443c-9fdd-fa1debf04523<-5170c5f3-8499-4b42-9321-85fc8a351f79#0:FAIL-t126] and 1 exception(s); 12ad0800-05cb-443c-9fdd-fa1debf04523@group-BCB82A5C07F5:t126, leader=null, voted=12ad0800-05cb-443c-9fdd-fa1debf04523, raftlog=12ad0800-05cb-443c-9fdd-fa1debf04523@group-BCB82A5C07F5-SegmentedRaftLog:OPENED:c-1,f-1,i0, conf=-1: [12ad0800-05cb-443c-9fdd-fa1debf04523:192.168.34.25:41155, 5170c5f3-8499-4b42-9321-85fc8a351f79:192.168.34.25:43074, 0b10a9fc-47eb-4a2b-b664-8273d9d17379:192.168.34.25:45248], old=null
2019-10-18 07:24:04,585 [12ad0800-05cb-443c-9fdd-fa1debf04523@group-BCB82A5C07F5-LeaderElection1155] INFO  impl.LeaderElection (LogUtils.java:infoOrTrace(149)) -   Exception 0: {}
java.util.concurrent.ExecutionException: org.apache.ratis.thirdparty.io.grpc.StatusRuntimeException: UNAVAILABLE: io exception
	at java.util.concurrent.FutureTask.report(FutureTask.java:122)
	at java.util.concurrent.FutureTask.get(FutureTask.java:192)
	at org.apache.ratis.server.impl.LeaderElection.waitForResults(LeaderElection.java:259)
	at org.apache.ratis.server.impl.LeaderElection.askForVotes(LeaderElection.java:197)
	at org.apache.ratis.server.impl.LeaderElection.run(LeaderElection.java:133)
	at java.lang.Thread.run(Thread.java:748)
Caused by: org.apache.ratis.thirdparty.io.grpc.StatusRuntimeException: UNAVAILABLE: io exception
	at org.apache.ratis.thirdparty.io.grpc.stub.ClientCalls.toStatusRuntimeException(ClientCalls.java:233)
	at org.apache.ratis.thirdparty.io.grpc.stub.ClientCalls.getUnchecked(ClientCalls.java:214)
	at org.apache.ratis.thirdparty.io.grpc.stub.ClientCalls.blockingUnaryCall(ClientCalls.java:139)
	at org.apache.ratis.proto.grpc.RaftServerProtocolServiceGrpc$RaftServerProtocolServiceBlockingStub.requestVote(RaftServerProtocolServiceGrpc.java:265)
	at org.apache.ratis.grpc.server.GrpcServerProtocolClient.requestVote(GrpcServerProtocolClient.java:99)
	at org.apache.ratis.grpc.server.GrpcService.requestVote(GrpcService.java:204)
	at org.apache.ratis.server.impl.LeaderElection.lambda$submitRequests$1(LeaderElection.java:234)
	at java.util.concurrent.FutureTask.run(FutureTask.java:266)
	at java.util.concurrent.Executors$RunnableAdapter.call(Executors.java:511)
	at java.util.concurrent.FutureTask.run(FutureTask.java:266)
	at java.util.concurrent.ThreadPoolExecutor.runWorker(ThreadPoolExecutor.java:1149)
	at java.util.concurrent.ThreadPoolExecutor$Worker.run(ThreadPoolExecutor.java:624)
	... 1 more
Caused by: org.apache.ratis.thirdparty.io.netty.channel.AbstractChannel$AnnotatedConnectException: Connection refused: /192.168.34.25:45248
	at sun.nio.ch.SocketChannelImpl.checkConnect(Native Method)
	at sun.nio.ch.SocketChannelImpl.finishConnect(SocketChannelImpl.java:717)
	at org.apache.ratis.thirdparty.io.netty.channel.socket.nio.NioSocketChannel.doFinishConnect(NioSocketChannel.java:327)
	at org.apache.ratis.thirdparty.io.netty.channel.nio.AbstractNioChannel$AbstractNioUnsafe.finishConnect(AbstractNioChannel.java:340)
	at org.apache.ratis.thirdparty.io.netty.channel.nio.NioEventLoop.processSelectedKey(NioEventLoop.java:632)
	at org.apache.ratis.thirdparty.io.netty.channel.nio.NioEventLoop.processSelectedKeysOptimized(NioEventLoop.java:579)
	at org.apache.ratis.thirdparty.io.netty.channel.nio.NioEventLoop.processSelectedKeys(NioEventLoop.java:496)
	at org.apache.ratis.thirdparty.io.netty.channel.nio.NioEventLoop.run(NioEventLoop.java:458)
	at org.apache.ratis.thirdparty.io.netty.util.concurrent.SingleThreadEventExecutor$5.run(SingleThreadEventExecutor.java:897)
	at org.apache.ratis.thirdparty.io.netty.util.concurrent.FastThreadLocalRunnable.run(FastThreadLocalRunnable.java:30)
	... 1 more
Caused by: java.net.ConnectException: Connection refused
	... 11 more
2019-10-18 07:24:04,585 [12ad0800-05cb-443c-9fdd-fa1debf04523@group-BCB82A5C07F5-LeaderElection1155] INFO  impl.RaftServerImpl (RaftServerImpl.java:setRole(184)) - 12ad0800-05cb-443c-9fdd-fa1debf04523@group-BCB82A5C07F5: changes role from CANDIDATE to FOLLOWER at term 126 for DISCOVERED_A_NEW_TERM
2019-10-18 07:24:04,585 [12ad0800-05cb-443c-9fdd-fa1debf04523@group-BCB82A5C07F5-LeaderElection1155] INFO  impl.RoleInfo (RoleInfo.java:shutdownLeaderElection(134)) - 12ad0800-05cb-443c-9fdd-fa1debf04523: shutdown LeaderElection
2019-10-18 07:24:04,586 [12ad0800-05cb-443c-9fdd-fa1debf04523@group-BCB82A5C07F5-LeaderElection1155] INFO  impl.RoleInfo (RoleInfo.java:updateAndGet(143)) - 12ad0800-05cb-443c-9fdd-fa1debf04523: start FollowerState
2019-10-18 07:24:04,625 [4dea926d-4bc6-487a-9b9b-9fd457d0fae4@group-0C9C3B2D0CC1-LeaderElection1156] INFO  impl.LeaderElection (LeaderElection.java:askForVotes(178)) - 4dea926d-4bc6-487a-9b9b-9fd457d0fae4@group-0C9C3B2D0CC1-LeaderElection1156: begin an election at term 114 for -1: [6633f50a-7046-4b08-9937-8e25f1b14b15:192.168.34.25:39338, 67270882-100a-4e75-928d-618d17e069c8:192.168.34.25:36648, 4dea926d-4bc6-487a-9b9b-9fd457d0fae4:192.168.34.25:41624], old=null
2019-10-18 07:24:04,626 [grpc-default-executor-14] INFO  impl.RaftServerImpl (RaftServerImpl.java:setRole(184)) - 6633f50a-7046-4b08-9937-8e25f1b14b15@group-0C9C3B2D0CC1: changes role from  FOLLOWER to FOLLOWER at term 114 for recognizeCandidate:4dea926d-4bc6-487a-9b9b-9fd457d0fae4
2019-10-18 07:24:04,626 [grpc-default-executor-14] INFO  impl.RoleInfo (RoleInfo.java:shutdownFollowerState(121)) - 6633f50a-7046-4b08-9937-8e25f1b14b15: shutdown FollowerState
2019-10-18 07:24:04,626 [grpc-default-executor-11] INFO  impl.RaftServerImpl (RaftServerImpl.java:setRole(184)) - 67270882-100a-4e75-928d-618d17e069c8@group-0C9C3B2D0CC1: changes role from  FOLLOWER to FOLLOWER at term 114 for recognizeCandidate:4dea926d-4bc6-487a-9b9b-9fd457d0fae4
2019-10-18 07:24:04,627 [grpc-default-executor-11] INFO  impl.RoleInfo (RoleInfo.java:shutdownFollowerState(121)) - 67270882-100a-4e75-928d-618d17e069c8: shutdown FollowerState
2019-10-18 07:24:04,627 [Thread-10246] INFO  impl.FollowerState (FollowerState.java:run(117)) - 6633f50a-7046-4b08-9937-8e25f1b14b15@group-0C9C3B2D0CC1-FollowerState was interrupted: java.lang.InterruptedException: sleep interrupted
2019-10-18 07:24:04,627 [grpc-default-executor-14] INFO  impl.RoleInfo (RoleInfo.java:updateAndGet(143)) - 6633f50a-7046-4b08-9937-8e25f1b14b15: start FollowerState
2019-10-18 07:24:04,627 [Thread-10247] INFO  impl.FollowerState (FollowerState.java:run(117)) - 67270882-100a-4e75-928d-618d17e069c8@group-0C9C3B2D0CC1-FollowerState was interrupted: java.lang.InterruptedException: sleep interrupted
2019-10-18 07:24:04,627 [grpc-default-executor-11] INFO  impl.RoleInfo (RoleInfo.java:updateAndGet(143)) - 67270882-100a-4e75-928d-618d17e069c8: start FollowerState
2019-10-18 07:24:04,651 [4dea926d-4bc6-487a-9b9b-9fd457d0fae4@group-0C9C3B2D0CC1-LeaderElection1156] INFO  impl.LeaderElection (LeaderElection.java:logAndReturn(56)) - 4dea926d-4bc6-487a-9b9b-9fd457d0fae4@group-0C9C3B2D0CC1-LeaderElection1156: Election REJECTED; received 2 response(s) [4dea926d-4bc6-487a-9b9b-9fd457d0fae4<-6633f50a-7046-4b08-9937-8e25f1b14b15#0:FAIL-t114, 4dea926d-4bc6-487a-9b9b-9fd457d0fae4<-67270882-100a-4e75-928d-618d17e069c8#0:FAIL-t114] and 0 exception(s); 4dea926d-4bc6-487a-9b9b-9fd457d0fae4@group-0C9C3B2D0CC1:t114, leader=null, voted=4dea926d-4bc6-487a-9b9b-9fd457d0fae4, raftlog=4dea926d-4bc6-487a-9b9b-9fd457d0fae4@group-0C9C3B2D0CC1-SegmentedRaftLog:OPENED:c-1,f-1,i0, conf=-1: [6633f50a-7046-4b08-9937-8e25f1b14b15:192.168.34.25:39338, 67270882-100a-4e75-928d-618d17e069c8:192.168.34.25:36648, 4dea926d-4bc6-487a-9b9b-9fd457d0fae4:192.168.34.25:41624], old=null
2019-10-18 07:24:04,651 [4dea926d-4bc6-487a-9b9b-9fd457d0fae4@group-0C9C3B2D0CC1-LeaderElection1156] INFO  impl.RaftServerImpl (RaftServerImpl.java:setRole(184)) - 4dea926d-4bc6-487a-9b9b-9fd457d0fae4@group-0C9C3B2D0CC1: changes role from CANDIDATE to FOLLOWER at term 114 for DISCOVERED_A_NEW_TERM
2019-10-18 07:24:04,651 [4dea926d-4bc6-487a-9b9b-9fd457d0fae4@group-0C9C3B2D0CC1-LeaderElection1156] INFO  impl.RoleInfo (RoleInfo.java:shutdownLeaderElection(134)) - 4dea926d-4bc6-487a-9b9b-9fd457d0fae4: shutdown LeaderElection
2019-10-18 07:24:04,651 [4dea926d-4bc6-487a-9b9b-9fd457d0fae4@group-0C9C3B2D0CC1-LeaderElection1156] INFO  impl.RoleInfo (RoleInfo.java:updateAndGet(143)) - 4dea926d-4bc6-487a-9b9b-9fd457d0fae4: start FollowerState
2019-10-18 07:24:04,758 [Thread-10254] INFO  impl.FollowerState (FollowerState.java:run(108)) - 12ad0800-05cb-443c-9fdd-fa1debf04523@group-BCB82A5C07F5-FollowerState: change to CANDIDATE, lastRpcTime:172ms, electionTimeout:172ms
2019-10-18 07:24:04,758 [Thread-10254] INFO  impl.RoleInfo (RoleInfo.java:shutdownFollowerState(121)) - 12ad0800-05cb-443c-9fdd-fa1debf04523: shutdown FollowerState
2019-10-18 07:24:04,758 [Thread-10254] INFO  impl.RaftServerImpl (RaftServerImpl.java:setRole(184)) - 12ad0800-05cb-443c-9fdd-fa1debf04523@group-BCB82A5C07F5: changes role from  FOLLOWER to CANDIDATE at term 126 for changeToCandidate
2019-10-18 07:24:04,758 [Thread-10254] INFO  impl.RoleInfo (RoleInfo.java:updateAndGet(143)) - 12ad0800-05cb-443c-9fdd-fa1debf04523: start LeaderElection
2019-10-18 07:24:04,793 [12ad0800-05cb-443c-9fdd-fa1debf04523@group-BCB82A5C07F5-LeaderElection1157] INFO  impl.LeaderElection (LeaderElection.java:askForVotes(178)) - 12ad0800-05cb-443c-9fdd-fa1debf04523@group-BCB82A5C07F5-LeaderElection1157: begin an election at term 127 for -1: [12ad0800-05cb-443c-9fdd-fa1debf04523:192.168.34.25:41155, 5170c5f3-8499-4b42-9321-85fc8a351f79:192.168.34.25:43074, 0b10a9fc-47eb-4a2b-b664-8273d9d17379:192.168.34.25:45248], old=null
2019-10-18 07:24:04,793 [12ad0800-05cb-443c-9fdd-fa1debf04523@group-BCB82A5C07F5-LeaderElection1157] INFO  impl.LeaderElection (LogUtils.java:infoOrTrace(149)) - 12ad0800-05cb-443c-9fdd-fa1debf04523@group-BCB82A5C07F5-LeaderElection1157 got exception when requesting votes: {}
java.util.concurrent.ExecutionException: org.apache.ratis.thirdparty.io.grpc.StatusRuntimeException: UNAVAILABLE: io exception
	at java.util.concurrent.FutureTask.report(FutureTask.java:122)
	at java.util.concurrent.FutureTask.get(FutureTask.java:192)
	at org.apache.ratis.server.impl.LeaderElection.waitForResults(LeaderElection.java:259)
	at org.apache.ratis.server.impl.LeaderElection.askForVotes(LeaderElection.java:197)
	at org.apache.ratis.server.impl.LeaderElection.run(LeaderElection.java:133)
	at java.lang.Thread.run(Thread.java:748)
Caused by: org.apache.ratis.thirdparty.io.grpc.StatusRuntimeException: UNAVAILABLE: io exception
	at org.apache.ratis.thirdparty.io.grpc.stub.ClientCalls.toStatusRuntimeException(ClientCalls.java:233)
	at org.apache.ratis.thirdparty.io.grpc.stub.ClientCalls.getUnchecked(ClientCalls.java:214)
	at org.apache.ratis.thirdparty.io.grpc.stub.ClientCalls.blockingUnaryCall(ClientCalls.java:139)
	at org.apache.ratis.proto.grpc.RaftServerProtocolServiceGrpc$RaftServerProtocolServiceBlockingStub.requestVote(RaftServerProtocolServiceGrpc.java:265)
	at org.apache.ratis.grpc.server.GrpcServerProtocolClient.requestVote(GrpcServerProtocolClient.java:99)
	at org.apache.ratis.grpc.server.GrpcService.requestVote(GrpcService.java:204)
	at org.apache.ratis.server.impl.LeaderElection.lambda$submitRequests$1(LeaderElection.java:234)
	at java.util.concurrent.FutureTask.run(FutureTask.java:266)
	at java.util.concurrent.Executors$RunnableAdapter.call(Executors.java:511)
	at java.util.concurrent.FutureTask.run(FutureTask.java:266)
	at java.util.concurrent.ThreadPoolExecutor.runWorker(ThreadPoolExecutor.java:1149)
	at java.util.concurrent.ThreadPoolExecutor$Worker.run(ThreadPoolExecutor.java:624)
	... 1 more
Caused by: org.apache.ratis.thirdparty.io.netty.channel.AbstractChannel$AnnotatedConnectException: Connection refused: /192.168.34.25:45248
	at sun.nio.ch.SocketChannelImpl.checkConnect(Native Method)
	at sun.nio.ch.SocketChannelImpl.finishConnect(SocketChannelImpl.java:717)
	at org.apache.ratis.thirdparty.io.netty.channel.socket.nio.NioSocketChannel.doFinishConnect(NioSocketChannel.java:327)
	at org.apache.ratis.thirdparty.io.netty.channel.nio.AbstractNioChannel$AbstractNioUnsafe.finishConnect(AbstractNioChannel.java:340)
	at org.apache.ratis.thirdparty.io.netty.channel.nio.NioEventLoop.processSelectedKey(NioEventLoop.java:632)
	at org.apache.ratis.thirdparty.io.netty.channel.nio.NioEventLoop.processSelectedKeysOptimized(NioEventLoop.java:579)
	at org.apache.ratis.thirdparty.io.netty.channel.nio.NioEventLoop.processSelectedKeys(NioEventLoop.java:496)
	at org.apache.ratis.thirdparty.io.netty.channel.nio.NioEventLoop.run(NioEventLoop.java:458)
	at org.apache.ratis.thirdparty.io.netty.util.concurrent.SingleThreadEventExecutor$5.run(SingleThreadEventExecutor.java:897)
	at org.apache.ratis.thirdparty.io.netty.util.concurrent.FastThreadLocalRunnable.run(FastThreadLocalRunnable.java:30)
	... 1 more
Caused by: java.net.ConnectException: Connection refused
	... 11 more
2019-10-18 07:24:04,794 [grpc-default-executor-11] INFO  impl.RaftServerImpl (RaftServerImpl.java:setRole(184)) - 5170c5f3-8499-4b42-9321-85fc8a351f79@group-BCB82A5C07F5: changes role from  FOLLOWER to FOLLOWER at term 127 for recognizeCandidate:12ad0800-05cb-443c-9fdd-fa1debf04523
2019-10-18 07:24:04,794 [grpc-default-executor-11] INFO  impl.RoleInfo (RoleInfo.java:shutdownFollowerState(121)) - 5170c5f3-8499-4b42-9321-85fc8a351f79: shutdown FollowerState
2019-10-18 07:24:04,794 [grpc-default-executor-11] INFO  impl.RoleInfo (RoleInfo.java:updateAndGet(143)) - 5170c5f3-8499-4b42-9321-85fc8a351f79: start FollowerState
2019-10-18 07:24:04,794 [Thread-10252] INFO  impl.FollowerState (FollowerState.java:run(117)) - 5170c5f3-8499-4b42-9321-85fc8a351f79@group-BCB82A5C07F5-FollowerState was interrupted: java.lang.InterruptedException: sleep interrupted
2019-10-18 07:24:04,818 [12ad0800-05cb-443c-9fdd-fa1debf04523@group-BCB82A5C07F5-LeaderElection1157] INFO  impl.LeaderElection (LeaderElection.java:logAndReturn(56)) - 12ad0800-05cb-443c-9fdd-fa1debf04523@group-BCB82A5C07F5-LeaderElection1157: Election REJECTED; received 1 response(s) [12ad0800-05cb-443c-9fdd-fa1debf04523<-5170c5f3-8499-4b42-9321-85fc8a351f79#0:FAIL-t127] and 1 exception(s); 12ad0800-05cb-443c-9fdd-fa1debf04523@group-BCB82A5C07F5:t127, leader=null, voted=12ad0800-05cb-443c-9fdd-fa1debf04523, raftlog=12ad0800-05cb-443c-9fdd-fa1debf04523@group-BCB82A5C07F5-SegmentedRaftLog:OPENED:c-1,f-1,i0, conf=-1: [12ad0800-05cb-443c-9fdd-fa1debf04523:192.168.34.25:41155, 5170c5f3-8499-4b42-9321-85fc8a351f79:192.168.34.25:43074, 0b10a9fc-47eb-4a2b-b664-8273d9d17379:192.168.34.25:45248], old=null
2019-10-18 07:24:04,819 [12ad0800-05cb-443c-9fdd-fa1debf04523@group-BCB82A5C07F5-LeaderElection1157] INFO  impl.LeaderElection (LogUtils.java:infoOrTrace(149)) -   Exception 0: {}
java.util.concurrent.ExecutionException: org.apache.ratis.thirdparty.io.grpc.StatusRuntimeException: UNAVAILABLE: io exception
	at java.util.concurrent.FutureTask.report(FutureTask.java:122)
	at java.util.concurrent.FutureTask.get(FutureTask.java:192)
	at org.apache.ratis.server.impl.LeaderElection.waitForResults(LeaderElection.java:259)
	at org.apache.ratis.server.impl.LeaderElection.askForVotes(LeaderElection.java:197)
	at org.apache.ratis.server.impl.LeaderElection.run(LeaderElection.java:133)
	at java.lang.Thread.run(Thread.java:748)
Caused by: org.apache.ratis.thirdparty.io.grpc.StatusRuntimeException: UNAVAILABLE: io exception
	at org.apache.ratis.thirdparty.io.grpc.stub.ClientCalls.toStatusRuntimeException(ClientCalls.java:233)
	at org.apache.ratis.thirdparty.io.grpc.stub.ClientCalls.getUnchecked(ClientCalls.java:214)
	at org.apache.ratis.thirdparty.io.grpc.stub.ClientCalls.blockingUnaryCall(ClientCalls.java:139)
	at org.apache.ratis.proto.grpc.RaftServerProtocolServiceGrpc$RaftServerProtocolServiceBlockingStub.requestVote(RaftServerProtocolServiceGrpc.java:265)
	at org.apache.ratis.grpc.server.GrpcServerProtocolClient.requestVote(GrpcServerProtocolClient.java:99)
	at org.apache.ratis.grpc.server.GrpcService.requestVote(GrpcService.java:204)
	at org.apache.ratis.server.impl.LeaderElection.lambda$submitRequests$1(LeaderElection.java:234)
	at java.util.concurrent.FutureTask.run(FutureTask.java:266)
	at java.util.concurrent.Executors$RunnableAdapter.call(Executors.java:511)
	at java.util.concurrent.FutureTask.run(FutureTask.java:266)
	at java.util.concurrent.ThreadPoolExecutor.runWorker(ThreadPoolExecutor.java:1149)
	at java.util.concurrent.ThreadPoolExecutor$Worker.run(ThreadPoolExecutor.java:624)
	... 1 more
Caused by: org.apache.ratis.thirdparty.io.netty.channel.AbstractChannel$AnnotatedConnectException: Connection refused: /192.168.34.25:45248
	at sun.nio.ch.SocketChannelImpl.checkConnect(Native Method)
	at sun.nio.ch.SocketChannelImpl.finishConnect(SocketChannelImpl.java:717)
	at org.apache.ratis.thirdparty.io.netty.channel.socket.nio.NioSocketChannel.doFinishConnect(NioSocketChannel.java:327)
	at org.apache.ratis.thirdparty.io.netty.channel.nio.AbstractNioChannel$AbstractNioUnsafe.finishConnect(AbstractNioChannel.java:340)
	at org.apache.ratis.thirdparty.io.netty.channel.nio.NioEventLoop.processSelectedKey(NioEventLoop.java:632)
	at org.apache.ratis.thirdparty.io.netty.channel.nio.NioEventLoop.processSelectedKeysOptimized(NioEventLoop.java:579)
	at org.apache.ratis.thirdparty.io.netty.channel.nio.NioEventLoop.processSelectedKeys(NioEventLoop.java:496)
	at org.apache.ratis.thirdparty.io.netty.channel.nio.NioEventLoop.run(NioEventLoop.java:458)
	at org.apache.ratis.thirdparty.io.netty.util.concurrent.SingleThreadEventExecutor$5.run(SingleThreadEventExecutor.java:897)
	at org.apache.ratis.thirdparty.io.netty.util.concurrent.FastThreadLocalRunnable.run(FastThreadLocalRunnable.java:30)
	... 1 more
Caused by: java.net.ConnectException: Connection refused
	... 11 more
2019-10-18 07:24:04,819 [12ad0800-05cb-443c-9fdd-fa1debf04523@group-BCB82A5C07F5-LeaderElection1157] INFO  impl.RaftServerImpl (RaftServerImpl.java:setRole(184)) - 12ad0800-05cb-443c-9fdd-fa1debf04523@group-BCB82A5C07F5: changes role from CANDIDATE to FOLLOWER at term 127 for DISCOVERED_A_NEW_TERM
2019-10-18 07:24:04,819 [12ad0800-05cb-443c-9fdd-fa1debf04523@group-BCB82A5C07F5-LeaderElection1157] INFO  impl.RoleInfo (RoleInfo.java:shutdownLeaderElection(134)) - 12ad0800-05cb-443c-9fdd-fa1debf04523: shutdown LeaderElection
2019-10-18 07:24:04,819 [12ad0800-05cb-443c-9fdd-fa1debf04523@group-BCB82A5C07F5-LeaderElection1157] INFO  impl.RoleInfo (RoleInfo.java:updateAndGet(143)) - 12ad0800-05cb-443c-9fdd-fa1debf04523: start FollowerState
2019-10-18 07:24:04,851 [Thread-10259] INFO  impl.FollowerState (FollowerState.java:run(108)) - 4dea926d-4bc6-487a-9b9b-9fd457d0fae4@group-0C9C3B2D0CC1-FollowerState: change to CANDIDATE, lastRpcTime:199ms, electionTimeout:199ms
2019-10-18 07:24:04,851 [Thread-10259] INFO  impl.RoleInfo (RoleInfo.java:shutdownFollowerState(121)) - 4dea926d-4bc6-487a-9b9b-9fd457d0fae4: shutdown FollowerState
2019-10-18 07:24:04,851 [Thread-10259] INFO  impl.RaftServerImpl (RaftServerImpl.java:setRole(184)) - 4dea926d-4bc6-487a-9b9b-9fd457d0fae4@group-0C9C3B2D0CC1: changes role from  FOLLOWER to CANDIDATE at term 114 for changeToCandidate
2019-10-18 07:24:04,851 [Thread-10259] INFO  impl.RoleInfo (RoleInfo.java:updateAndGet(143)) - 4dea926d-4bc6-487a-9b9b-9fd457d0fae4: start LeaderElection
2019-10-18 07:24:04,877 [4dea926d-4bc6-487a-9b9b-9fd457d0fae4@group-0C9C3B2D0CC1-LeaderElection1158] INFO  impl.LeaderElection (LeaderElection.java:askForVotes(178)) - 4dea926d-4bc6-487a-9b9b-9fd457d0fae4@group-0C9C3B2D0CC1-LeaderElection1158: begin an election at term 115 for -1: [6633f50a-7046-4b08-9937-8e25f1b14b15:192.168.34.25:39338, 67270882-100a-4e75-928d-618d17e069c8:192.168.34.25:36648, 4dea926d-4bc6-487a-9b9b-9fd457d0fae4:192.168.34.25:41624], old=null
2019-10-18 07:24:04,878 [grpc-default-executor-11] INFO  impl.RaftServerImpl (RaftServerImpl.java:setRole(184)) - 6633f50a-7046-4b08-9937-8e25f1b14b15@group-0C9C3B2D0CC1: changes role from  FOLLOWER to FOLLOWER at term 115 for recognizeCandidate:4dea926d-4bc6-487a-9b9b-9fd457d0fae4
2019-10-18 07:24:04,878 [grpc-default-executor-11] INFO  impl.RoleInfo (RoleInfo.java:shutdownFollowerState(121)) - 6633f50a-7046-4b08-9937-8e25f1b14b15: shutdown FollowerState
2019-10-18 07:24:04,878 [grpc-default-executor-14] INFO  impl.RaftServerImpl (RaftServerImpl.java:setRole(184)) - 67270882-100a-4e75-928d-618d17e069c8@group-0C9C3B2D0CC1: changes role from  FOLLOWER to FOLLOWER at term 115 for recognizeCandidate:4dea926d-4bc6-487a-9b9b-9fd457d0fae4
2019-10-18 07:24:04,878 [Thread-10257] INFO  impl.FollowerState (FollowerState.java:run(117)) - 6633f50a-7046-4b08-9937-8e25f1b14b15@group-0C9C3B2D0CC1-FollowerState was interrupted: java.lang.InterruptedException: sleep interrupted
2019-10-18 07:24:04,878 [grpc-default-executor-11] INFO  impl.RoleInfo (RoleInfo.java:updateAndGet(143)) - 6633f50a-7046-4b08-9937-8e25f1b14b15: start FollowerState
2019-10-18 07:24:04,878 [grpc-default-executor-14] INFO  impl.RoleInfo (RoleInfo.java:shutdownFollowerState(121)) - 67270882-100a-4e75-928d-618d17e069c8: shutdown FollowerState
2019-10-18 07:24:04,879 [grpc-default-executor-14] INFO  impl.RoleInfo (RoleInfo.java:updateAndGet(143)) - 67270882-100a-4e75-928d-618d17e069c8: start FollowerState
2019-10-18 07:24:04,879 [Thread-10258] INFO  impl.FollowerState (FollowerState.java:run(117)) - 67270882-100a-4e75-928d-618d17e069c8@group-0C9C3B2D0CC1-FollowerState was interrupted: java.lang.InterruptedException: sleep interrupted
2019-10-18 07:24:04,894 [4dea926d-4bc6-487a-9b9b-9fd457d0fae4@group-0C9C3B2D0CC1-LeaderElection1158] INFO  impl.LeaderElection (LeaderElection.java:logAndReturn(56)) - 4dea926d-4bc6-487a-9b9b-9fd457d0fae4@group-0C9C3B2D0CC1-LeaderElection1158: Election REJECTED; received 2 response(s) [4dea926d-4bc6-487a-9b9b-9fd457d0fae4<-6633f50a-7046-4b08-9937-8e25f1b14b15#0:FAIL-t115, 4dea926d-4bc6-487a-9b9b-9fd457d0fae4<-67270882-100a-4e75-928d-618d17e069c8#0:FAIL-t115] and 0 exception(s); 4dea926d-4bc6-487a-9b9b-9fd457d0fae4@group-0C9C3B2D0CC1:t115, leader=null, voted=4dea926d-4bc6-487a-9b9b-9fd457d0fae4, raftlog=4dea926d-4bc6-487a-9b9b-9fd457d0fae4@group-0C9C3B2D0CC1-SegmentedRaftLog:OPENED:c-1,f-1,i0, conf=-1: [6633f50a-7046-4b08-9937-8e25f1b14b15:192.168.34.25:39338, 67270882-100a-4e75-928d-618d17e069c8:192.168.34.25:36648, 4dea926d-4bc6-487a-9b9b-9fd457d0fae4:192.168.34.25:41624], old=null
2019-10-18 07:24:04,894 [4dea926d-4bc6-487a-9b9b-9fd457d0fae4@group-0C9C3B2D0CC1-LeaderElection1158] INFO  impl.RaftServerImpl (RaftServerImpl.java:setRole(184)) - 4dea926d-4bc6-487a-9b9b-9fd457d0fae4@group-0C9C3B2D0CC1: changes role from CANDIDATE to FOLLOWER at term 115 for DISCOVERED_A_NEW_TERM
2019-10-18 07:24:04,894 [4dea926d-4bc6-487a-9b9b-9fd457d0fae4@group-0C9C3B2D0CC1-LeaderElection1158] INFO  impl.RoleInfo (RoleInfo.java:shutdownLeaderElection(134)) - 4dea926d-4bc6-487a-9b9b-9fd457d0fae4: shutdown LeaderElection
2019-10-18 07:24:04,894 [4dea926d-4bc6-487a-9b9b-9fd457d0fae4@group-0C9C3B2D0CC1-LeaderElection1158] INFO  impl.RoleInfo (RoleInfo.java:updateAndGet(143)) - 4dea926d-4bc6-487a-9b9b-9fd457d0fae4: start FollowerState
2019-10-18 07:24:04,900 [Thread-10266] INFO  impl.FollowerState (FollowerState.java:run(108)) - 12ad0800-05cb-443c-9fdd-fa1debf04523@group-BCB82A5C07F5-FollowerState: change to CANDIDATE, lastRpcTime:80ms, electionTimeout:80ms
2019-10-18 07:24:04,900 [Thread-10266] INFO  impl.RoleInfo (RoleInfo.java:shutdownFollowerState(121)) - 12ad0800-05cb-443c-9fdd-fa1debf04523: shutdown FollowerState
2019-10-18 07:24:04,900 [Thread-10266] INFO  impl.RaftServerImpl (RaftServerImpl.java:setRole(184)) - 12ad0800-05cb-443c-9fdd-fa1debf04523@group-BCB82A5C07F5: changes role from  FOLLOWER to CANDIDATE at term 127 for changeToCandidate
2019-10-18 07:24:04,900 [Thread-10266] INFO  impl.RoleInfo (RoleInfo.java:updateAndGet(143)) - 12ad0800-05cb-443c-9fdd-fa1debf04523: start LeaderElection
2019-10-18 07:24:04,913 [Thread-10272] INFO  impl.FollowerState (FollowerState.java:run(108)) - 4dea926d-4bc6-487a-9b9b-9fd457d0fae4@group-0C9C3B2D0CC1-FollowerState: change to CANDIDATE, lastRpcTime:18ms, electionTimeout:18ms
2019-10-18 07:24:04,913 [Thread-10272] INFO  impl.RoleInfo (RoleInfo.java:shutdownFollowerState(121)) - 4dea926d-4bc6-487a-9b9b-9fd457d0fae4: shutdown FollowerState
2019-10-18 07:24:04,913 [Thread-10272] INFO  impl.RaftServerImpl (RaftServerImpl.java:setRole(184)) - 4dea926d-4bc6-487a-9b9b-9fd457d0fae4@group-0C9C3B2D0CC1: changes role from  FOLLOWER to CANDIDATE at term 115 for changeToCandidate
2019-10-18 07:24:04,913 [Thread-10272] INFO  impl.RoleInfo (RoleInfo.java:updateAndGet(143)) - 4dea926d-4bc6-487a-9b9b-9fd457d0fae4: start LeaderElection
2019-10-18 07:24:04,921 [Datanode State Machine Thread - 0] INFO  statemachine.DatanodeStateMachine (DatanodeStateMachine.java:lambda$startDaemon$0(350)) - Ozone container server started.
2019-10-18 07:24:04,929 [12ad0800-05cb-443c-9fdd-fa1debf04523@group-BCB82A5C07F5-LeaderElection1159] INFO  impl.LeaderElection (LeaderElection.java:askForVotes(178)) - 12ad0800-05cb-443c-9fdd-fa1debf04523@group-BCB82A5C07F5-LeaderElection1159: begin an election at term 128 for -1: [12ad0800-05cb-443c-9fdd-fa1debf04523:192.168.34.25:41155, 5170c5f3-8499-4b42-9321-85fc8a351f79:192.168.34.25:43074, 0b10a9fc-47eb-4a2b-b664-8273d9d17379:192.168.34.25:45248], old=null
2019-10-18 07:24:04,929 [12ad0800-05cb-443c-9fdd-fa1debf04523@group-BCB82A5C07F5-LeaderElection1159] INFO  impl.LeaderElection (LogUtils.java:infoOrTrace(149)) - 12ad0800-05cb-443c-9fdd-fa1debf04523@group-BCB82A5C07F5-LeaderElection1159 got exception when requesting votes: {}
java.util.concurrent.ExecutionException: org.apache.ratis.thirdparty.io.grpc.StatusRuntimeException: UNAVAILABLE: io exception
	at java.util.concurrent.FutureTask.report(FutureTask.java:122)
	at java.util.concurrent.FutureTask.get(FutureTask.java:192)
	at org.apache.ratis.server.impl.LeaderElection.waitForResults(LeaderElection.java:259)
	at org.apache.ratis.server.impl.LeaderElection.askForVotes(LeaderElection.java:197)
	at org.apache.ratis.server.impl.LeaderElection.run(LeaderElection.java:133)
	at java.lang.Thread.run(Thread.java:748)
Caused by: org.apache.ratis.thirdparty.io.grpc.StatusRuntimeException: UNAVAILABLE: io exception
	at org.apache.ratis.thirdparty.io.grpc.stub.ClientCalls.toStatusRuntimeException(ClientCalls.java:233)
	at org.apache.ratis.thirdparty.io.grpc.stub.ClientCalls.getUnchecked(ClientCalls.java:214)
	at org.apache.ratis.thirdparty.io.grpc.stub.ClientCalls.blockingUnaryCall(ClientCalls.java:139)
	at org.apache.ratis.proto.grpc.RaftServerProtocolServiceGrpc$RaftServerProtocolServiceBlockingStub.requestVote(RaftServerProtocolServiceGrpc.java:265)
	at org.apache.ratis.grpc.server.GrpcServerProtocolClient.requestVote(GrpcServerProtocolClient.java:99)
	at org.apache.ratis.grpc.server.GrpcService.requestVote(GrpcService.java:204)
	at org.apache.ratis.server.impl.LeaderElection.lambda$submitRequests$1(LeaderElection.java:234)
	at java.util.concurrent.FutureTask.run(FutureTask.java:266)
	at java.util.concurrent.Executors$RunnableAdapter.call(Executors.java:511)
	at java.util.concurrent.FutureTask.run(FutureTask.java:266)
	at java.util.concurrent.ThreadPoolExecutor.runWorker(ThreadPoolExecutor.java:1149)
	at java.util.concurrent.ThreadPoolExecutor$Worker.run(ThreadPoolExecutor.java:624)
	... 1 more
Caused by: org.apache.ratis.thirdparty.io.netty.channel.AbstractChannel$AnnotatedConnectException: Connection refused: /192.168.34.25:45248
	at sun.nio.ch.SocketChannelImpl.checkConnect(Native Method)
	at sun.nio.ch.SocketChannelImpl.finishConnect(SocketChannelImpl.java:717)
	at org.apache.ratis.thirdparty.io.netty.channel.socket.nio.NioSocketChannel.doFinishConnect(NioSocketChannel.java:327)
	at org.apache.ratis.thirdparty.io.netty.channel.nio.AbstractNioChannel$AbstractNioUnsafe.finishConnect(AbstractNioChannel.java:340)
	at org.apache.ratis.thirdparty.io.netty.channel.nio.NioEventLoop.processSelectedKey(NioEventLoop.java:632)
	at org.apache.ratis.thirdparty.io.netty.channel.nio.NioEventLoop.processSelectedKeysOptimized(NioEventLoop.java:579)
	at org.apache.ratis.thirdparty.io.netty.channel.nio.NioEventLoop.processSelectedKeys(NioEventLoop.java:496)
	at org.apache.ratis.thirdparty.io.netty.channel.nio.NioEventLoop.run(NioEventLoop.java:458)
	at org.apache.ratis.thirdparty.io.netty.util.concurrent.SingleThreadEventExecutor$5.run(SingleThreadEventExecutor.java:897)
	at org.apache.ratis.thirdparty.io.netty.util.concurrent.FastThreadLocalRunnable.run(FastThreadLocalRunnable.java:30)
	... 1 more
Caused by: java.net.ConnectException: Connection refused
	... 11 more
2019-10-18 07:24:04,930 [grpc-default-executor-11] INFO  impl.RaftServerImpl (RaftServerImpl.java:setRole(184)) - 5170c5f3-8499-4b42-9321-85fc8a351f79@group-BCB82A5C07F5: changes role from  FOLLOWER to FOLLOWER at term 128 for recognizeCandidate:12ad0800-05cb-443c-9fdd-fa1debf04523
2019-10-18 07:24:04,930 [grpc-default-executor-11] INFO  impl.RoleInfo (RoleInfo.java:shutdownFollowerState(121)) - 5170c5f3-8499-4b42-9321-85fc8a351f79: shutdown FollowerState
2019-10-18 07:24:04,930 [grpc-default-executor-11] INFO  impl.RoleInfo (RoleInfo.java:updateAndGet(143)) - 5170c5f3-8499-4b42-9321-85fc8a351f79: start FollowerState
2019-10-18 07:24:04,930 [12ad0800-05cb-443c-9fdd-fa1debf04523@group-BCB82A5C07F5-LeaderElection1159] INFO  impl.LeaderElection (LeaderElection.java:logAndReturn(56)) - 12ad0800-05cb-443c-9fdd-fa1debf04523@group-BCB82A5C07F5-LeaderElection1159: Election TIMEOUT; received 0 response(s) [] and 1 exception(s); 12ad0800-05cb-443c-9fdd-fa1debf04523@group-BCB82A5C07F5:t128, leader=null, voted=12ad0800-05cb-443c-9fdd-fa1debf04523, raftlog=12ad0800-05cb-443c-9fdd-fa1debf04523@group-BCB82A5C07F5-SegmentedRaftLog:OPENED:c-1,f-1,i0, conf=-1: [12ad0800-05cb-443c-9fdd-fa1debf04523:192.168.34.25:41155, 5170c5f3-8499-4b42-9321-85fc8a351f79:192.168.34.25:43074, 0b10a9fc-47eb-4a2b-b664-8273d9d17379:192.168.34.25:45248], old=null
2019-10-18 07:24:04,930 [12ad0800-05cb-443c-9fdd-fa1debf04523@group-BCB82A5C07F5-LeaderElection1159] INFO  impl.LeaderElection (LogUtils.java:infoOrTrace(149)) -   Exception 0: {}
java.util.concurrent.ExecutionException: org.apache.ratis.thirdparty.io.grpc.StatusRuntimeException: UNAVAILABLE: io exception
	at java.util.concurrent.FutureTask.report(FutureTask.java:122)
	at java.util.concurrent.FutureTask.get(FutureTask.java:192)
	at org.apache.ratis.server.impl.LeaderElection.waitForResults(LeaderElection.java:259)
	at org.apache.ratis.server.impl.LeaderElection.askForVotes(LeaderElection.java:197)
	at org.apache.ratis.server.impl.LeaderElection.run(LeaderElection.java:133)
	at java.lang.Thread.run(Thread.java:748)
Caused by: org.apache.ratis.thirdparty.io.grpc.StatusRuntimeException: UNAVAILABLE: io exception
	at org.apache.ratis.thirdparty.io.grpc.stub.ClientCalls.toStatusRuntimeException(ClientCalls.java:233)
	at org.apache.ratis.thirdparty.io.grpc.stub.ClientCalls.getUnchecked(ClientCalls.java:214)
	at org.apache.ratis.thirdparty.io.grpc.stub.ClientCalls.blockingUnaryCall(ClientCalls.java:139)
	at org.apache.ratis.proto.grpc.RaftServerProtocolServiceGrpc$RaftServerProtocolServiceBlockingStub.requestVote(RaftServerProtocolServiceGrpc.java:265)
	at org.apache.ratis.grpc.server.GrpcServerProtocolClient.requestVote(GrpcServerProtocolClient.java:99)
	at org.apache.ratis.grpc.server.GrpcService.requestVote(GrpcService.java:204)
	at org.apache.ratis.server.impl.LeaderElection.lambda$submitRequests$1(LeaderElection.java:234)
	at java.util.concurrent.FutureTask.run(FutureTask.java:266)
	at java.util.concurrent.Executors$RunnableAdapter.call(Executors.java:511)
	at java.util.concurrent.FutureTask.run(FutureTask.java:266)
	at java.util.concurrent.ThreadPoolExecutor.runWorker(ThreadPoolExecutor.java:1149)
	at java.util.concurrent.ThreadPoolExecutor$Worker.run(ThreadPoolExecutor.java:624)
	... 1 more
Caused by: org.apache.ratis.thirdparty.io.netty.channel.AbstractChannel$AnnotatedConnectException: Connection refused: /192.168.34.25:45248
	at sun.nio.ch.SocketChannelImpl.checkConnect(Native Method)
	at sun.nio.ch.SocketChannelImpl.finishConnect(SocketChannelImpl.java:717)
	at org.apache.ratis.thirdparty.io.netty.channel.socket.nio.NioSocketChannel.doFinishConnect(NioSocketChannel.java:327)
	at org.apache.ratis.thirdparty.io.netty.channel.nio.AbstractNioChannel$AbstractNioUnsafe.finishConnect(AbstractNioChannel.java:340)
	at org.apache.ratis.thirdparty.io.netty.channel.nio.NioEventLoop.processSelectedKey(NioEventLoop.java:632)
	at org.apache.ratis.thirdparty.io.netty.channel.nio.NioEventLoop.processSelectedKeysOptimized(NioEventLoop.java:579)
	at org.apache.ratis.thirdparty.io.netty.channel.nio.NioEventLoop.processSelectedKeys(NioEventLoop.java:496)
	at org.apache.ratis.thirdparty.io.netty.channel.nio.NioEventLoop.run(NioEventLoop.java:458)
	at org.apache.ratis.thirdparty.io.netty.util.concurrent.SingleThreadEventExecutor$5.run(SingleThreadEventExecutor.java:897)
	at org.apache.ratis.thirdparty.io.netty.util.concurrent.FastThreadLocalRunnable.run(FastThreadLocalRunnable.java:30)
	... 1 more
Caused by: java.net.ConnectException: Connection refused
	... 11 more
2019-10-18 07:24:04,930 [Thread-10265] INFO  impl.FollowerState (FollowerState.java:run(117)) - 5170c5f3-8499-4b42-9321-85fc8a351f79@group-BCB82A5C07F5-FollowerState was interrupted: java.lang.InterruptedException: sleep interrupted
2019-10-18 07:24:04,962 [12ad0800-05cb-443c-9fdd-fa1debf04523@group-BCB82A5C07F5-LeaderElection1159] INFO  impl.LeaderElection (LeaderElection.java:askForVotes(178)) - 12ad0800-05cb-443c-9fdd-fa1debf04523@group-BCB82A5C07F5-LeaderElection1159: begin an election at term 129 for -1: [12ad0800-05cb-443c-9fdd-fa1debf04523:192.168.34.25:41155, 5170c5f3-8499-4b42-9321-85fc8a351f79:192.168.34.25:43074, 0b10a9fc-47eb-4a2b-b664-8273d9d17379:192.168.34.25:45248], old=null
2019-10-18 07:24:04,962 [4dea926d-4bc6-487a-9b9b-9fd457d0fae4@group-0C9C3B2D0CC1-LeaderElection1160] INFO  impl.LeaderElection (LeaderElection.java:askForVotes(178)) - 4dea926d-4bc6-487a-9b9b-9fd457d0fae4@group-0C9C3B2D0CC1-LeaderElection1160: begin an election at term 116 for -1: [6633f50a-7046-4b08-9937-8e25f1b14b15:192.168.34.25:39338, 67270882-100a-4e75-928d-618d17e069c8:192.168.34.25:36648, 4dea926d-4bc6-487a-9b9b-9fd457d0fae4:192.168.34.25:41624], old=null
2019-10-18 07:24:04,963 [12ad0800-05cb-443c-9fdd-fa1debf04523@group-BCB82A5C07F5-LeaderElection1159] INFO  impl.LeaderElection (LogUtils.java:infoOrTrace(149)) - 12ad0800-05cb-443c-9fdd-fa1debf04523@group-BCB82A5C07F5-LeaderElection1159 got exception when requesting votes: {}
java.util.concurrent.ExecutionException: org.apache.ratis.thirdparty.io.grpc.StatusRuntimeException: UNAVAILABLE: io exception
	at java.util.concurrent.FutureTask.report(FutureTask.java:122)
	at java.util.concurrent.FutureTask.get(FutureTask.java:192)
	at org.apache.ratis.server.impl.LeaderElection.waitForResults(LeaderElection.java:259)
	at org.apache.ratis.server.impl.LeaderElection.askForVotes(LeaderElection.java:197)
	at org.apache.ratis.server.impl.LeaderElection.run(LeaderElection.java:133)
	at java.lang.Thread.run(Thread.java:748)
Caused by: org.apache.ratis.thirdparty.io.grpc.StatusRuntimeException: UNAVAILABLE: io exception
	at org.apache.ratis.thirdparty.io.grpc.stub.ClientCalls.toStatusRuntimeException(ClientCalls.java:233)
	at org.apache.ratis.thirdparty.io.grpc.stub.ClientCalls.getUnchecked(ClientCalls.java:214)
	at org.apache.ratis.thirdparty.io.grpc.stub.ClientCalls.blockingUnaryCall(ClientCalls.java:139)
	at org.apache.ratis.proto.grpc.RaftServerProtocolServiceGrpc$RaftServerProtocolServiceBlockingStub.requestVote(RaftServerProtocolServiceGrpc.java:265)
	at org.apache.ratis.grpc.server.GrpcServerProtocolClient.requestVote(GrpcServerProtocolClient.java:99)
	at org.apache.ratis.grpc.server.GrpcService.requestVote(GrpcService.java:204)
	at org.apache.ratis.server.impl.LeaderElection.lambda$submitRequests$1(LeaderElection.java:234)
	at java.util.concurrent.FutureTask.run(FutureTask.java:266)
	at java.util.concurrent.Executors$RunnableAdapter.call(Executors.java:511)
	at java.util.concurrent.FutureTask.run(FutureTask.java:266)
	at java.util.concurrent.ThreadPoolExecutor.runWorker(ThreadPoolExecutor.java:1149)
	at java.util.concurrent.ThreadPoolExecutor$Worker.run(ThreadPoolExecutor.java:624)
	... 1 more
Caused by: org.apache.ratis.thirdparty.io.netty.channel.AbstractChannel$AnnotatedConnectException: Connection refused: /192.168.34.25:45248
	at sun.nio.ch.SocketChannelImpl.checkConnect(Native Method)
	at sun.nio.ch.SocketChannelImpl.finishConnect(SocketChannelImpl.java:717)
	at org.apache.ratis.thirdparty.io.netty.channel.socket.nio.NioSocketChannel.doFinishConnect(NioSocketChannel.java:327)
	at org.apache.ratis.thirdparty.io.netty.channel.nio.AbstractNioChannel$AbstractNioUnsafe.finishConnect(AbstractNioChannel.java:340)
	at org.apache.ratis.thirdparty.io.netty.channel.nio.NioEventLoop.processSelectedKey(NioEventLoop.java:632)
	at org.apache.ratis.thirdparty.io.netty.channel.nio.NioEventLoop.processSelectedKeysOptimized(NioEventLoop.java:579)
	at org.apache.ratis.thirdparty.io.netty.channel.nio.NioEventLoop.processSelectedKeys(NioEventLoop.java:496)
	at org.apache.ratis.thirdparty.io.netty.channel.nio.NioEventLoop.run(NioEventLoop.java:458)
	at org.apache.ratis.thirdparty.io.netty.util.concurrent.SingleThreadEventExecutor$5.run(SingleThreadEventExecutor.java:897)
	at org.apache.ratis.thirdparty.io.netty.util.concurrent.FastThreadLocalRunnable.run(FastThreadLocalRunnable.java:30)
	... 1 more
Caused by: java.net.ConnectException: Connection refused
	... 11 more
2019-10-18 07:24:04,964 [grpc-default-executor-11] INFO  impl.RaftServerImpl (RaftServerImpl.java:setRole(184)) - 5170c5f3-8499-4b42-9321-85fc8a351f79@group-BCB82A5C07F5: changes role from  FOLLOWER to FOLLOWER at term 129 for recognizeCandidate:12ad0800-05cb-443c-9fdd-fa1debf04523
2019-10-18 07:24:04,964 [grpc-default-executor-14] INFO  impl.RaftServerImpl (RaftServerImpl.java:setRole(184)) - 67270882-100a-4e75-928d-618d17e069c8@group-0C9C3B2D0CC1: changes role from  FOLLOWER to FOLLOWER at term 116 for recognizeCandidate:4dea926d-4bc6-487a-9b9b-9fd457d0fae4
2019-10-18 07:24:04,964 [grpc-default-executor-11] INFO  impl.RoleInfo (RoleInfo.java:shutdownFollowerState(121)) - 5170c5f3-8499-4b42-9321-85fc8a351f79: shutdown FollowerState
2019-10-18 07:24:04,964 [grpc-default-executor-14] INFO  impl.RoleInfo (RoleInfo.java:shutdownFollowerState(121)) - 67270882-100a-4e75-928d-618d17e069c8: shutdown FollowerState
2019-10-18 07:24:04,964 [Thread-10277] INFO  impl.FollowerState (FollowerState.java:run(117)) - 5170c5f3-8499-4b42-9321-85fc8a351f79@group-BCB82A5C07F5-FollowerState was interrupted: java.lang.InterruptedException: sleep interrupted
2019-10-18 07:24:04,964 [grpc-default-executor-11] INFO  impl.RoleInfo (RoleInfo.java:updateAndGet(143)) - 5170c5f3-8499-4b42-9321-85fc8a351f79: start FollowerState
2019-10-18 07:24:04,964 [Thread-10271] INFO  impl.FollowerState (FollowerState.java:run(117)) - 67270882-100a-4e75-928d-618d17e069c8@group-0C9C3B2D0CC1-FollowerState was interrupted: java.lang.InterruptedException: sleep interrupted
2019-10-18 07:24:04,964 [grpc-default-executor-12] INFO  impl.RaftServerImpl (RaftServerImpl.java:setRole(184)) - 6633f50a-7046-4b08-9937-8e25f1b14b15@group-0C9C3B2D0CC1: changes role from  FOLLOWER to FOLLOWER at term 116 for recognizeCandidate:4dea926d-4bc6-487a-9b9b-9fd457d0fae4
2019-10-18 07:24:04,964 [grpc-default-executor-14] INFO  impl.RoleInfo (RoleInfo.java:updateAndGet(143)) - 67270882-100a-4e75-928d-618d17e069c8: start FollowerState
2019-10-18 07:24:04,965 [grpc-default-executor-12] INFO  impl.RoleInfo (RoleInfo.java:shutdownFollowerState(121)) - 6633f50a-7046-4b08-9937-8e25f1b14b15: shutdown FollowerState
2019-10-18 07:24:04,965 [grpc-default-executor-12] INFO  impl.RoleInfo (RoleInfo.java:updateAndGet(143)) - 6633f50a-7046-4b08-9937-8e25f1b14b15: start FollowerState
2019-10-18 07:24:04,965 [Thread-10270] INFO  impl.FollowerState (FollowerState.java:run(117)) - 6633f50a-7046-4b08-9937-8e25f1b14b15@group-0C9C3B2D0CC1-FollowerState was interrupted: java.lang.InterruptedException: sleep interrupted
2019-10-18 07:24:04,997 [4dea926d-4bc6-487a-9b9b-9fd457d0fae4@group-0C9C3B2D0CC1-LeaderElection1160] INFO  impl.LeaderElection (LeaderElection.java:logAndReturn(56)) - 4dea926d-4bc6-487a-9b9b-9fd457d0fae4@group-0C9C3B2D0CC1-LeaderElection1160: Election REJECTED; received 2 response(s) [4dea926d-4bc6-487a-9b9b-9fd457d0fae4<-6633f50a-7046-4b08-9937-8e25f1b14b15#0:FAIL-t116, 4dea926d-4bc6-487a-9b9b-9fd457d0fae4<-67270882-100a-4e75-928d-618d17e069c8#0:FAIL-t116] and 0 exception(s); 4dea926d-4bc6-487a-9b9b-9fd457d0fae4@group-0C9C3B2D0CC1:t116, leader=null, voted=4dea926d-4bc6-487a-9b9b-9fd457d0fae4, raftlog=4dea926d-4bc6-487a-9b9b-9fd457d0fae4@group-0C9C3B2D0CC1-SegmentedRaftLog:OPENED:c-1,f-1,i0, conf=-1: [6633f50a-7046-4b08-9937-8e25f1b14b15:192.168.34.25:39338, 67270882-100a-4e75-928d-618d17e069c8:192.168.34.25:36648, 4dea926d-4bc6-487a-9b9b-9fd457d0fae4:192.168.34.25:41624], old=null
2019-10-18 07:24:04,997 [12ad0800-05cb-443c-9fdd-fa1debf04523@group-BCB82A5C07F5-LeaderElection1159] INFO  impl.LeaderElection (LeaderElection.java:logAndReturn(56)) - 12ad0800-05cb-443c-9fdd-fa1debf04523@group-BCB82A5C07F5-LeaderElection1159: Election REJECTED; received 1 response(s) [12ad0800-05cb-443c-9fdd-fa1debf04523<-5170c5f3-8499-4b42-9321-85fc8a351f79#0:FAIL-t129] and 1 exception(s); 12ad0800-05cb-443c-9fdd-fa1debf04523@group-BCB82A5C07F5:t129, leader=null, voted=12ad0800-05cb-443c-9fdd-fa1debf04523, raftlog=12ad0800-05cb-443c-9fdd-fa1debf04523@group-BCB82A5C07F5-SegmentedRaftLog:OPENED:c-1,f-1,i0, conf=-1: [12ad0800-05cb-443c-9fdd-fa1debf04523:192.168.34.25:41155, 5170c5f3-8499-4b42-9321-85fc8a351f79:192.168.34.25:43074, 0b10a9fc-47eb-4a2b-b664-8273d9d17379:192.168.34.25:45248], old=null
2019-10-18 07:24:04,997 [4dea926d-4bc6-487a-9b9b-9fd457d0fae4@group-0C9C3B2D0CC1-LeaderElection1160] INFO  impl.RaftServerImpl (RaftServerImpl.java:setRole(184)) - 4dea926d-4bc6-487a-9b9b-9fd457d0fae4@group-0C9C3B2D0CC1: changes role from CANDIDATE to FOLLOWER at term 116 for DISCOVERED_A_NEW_TERM
2019-10-18 07:24:04,997 [4dea926d-4bc6-487a-9b9b-9fd457d0fae4@group-0C9C3B2D0CC1-LeaderElection1160] INFO  impl.RoleInfo (RoleInfo.java:shutdownLeaderElection(134)) - 4dea926d-4bc6-487a-9b9b-9fd457d0fae4: shutdown LeaderElection
2019-10-18 07:24:04,997 [12ad0800-05cb-443c-9fdd-fa1debf04523@group-BCB82A5C07F5-LeaderElection1159] INFO  impl.LeaderElection (LogUtils.java:infoOrTrace(149)) -   Exception 0: {}
java.util.concurrent.ExecutionException: org.apache.ratis.thirdparty.io.grpc.StatusRuntimeException: UNAVAILABLE: io exception
	at java.util.concurrent.FutureTask.report(FutureTask.java:122)
	at java.util.concurrent.FutureTask.get(FutureTask.java:192)
	at org.apache.ratis.server.impl.LeaderElection.waitForResults(LeaderElection.java:259)
	at org.apache.ratis.server.impl.LeaderElection.askForVotes(LeaderElection.java:197)
	at org.apache.ratis.server.impl.LeaderElection.run(LeaderElection.java:133)
	at java.lang.Thread.run(Thread.java:748)
Caused by: org.apache.ratis.thirdparty.io.grpc.StatusRuntimeException: UNAVAILABLE: io exception
	at org.apache.ratis.thirdparty.io.grpc.stub.ClientCalls.toStatusRuntimeException(ClientCalls.java:233)
	at org.apache.ratis.thirdparty.io.grpc.stub.ClientCalls.getUnchecked(ClientCalls.java:214)
	at org.apache.ratis.thirdparty.io.grpc.stub.ClientCalls.blockingUnaryCall(ClientCalls.java:139)
	at org.apache.ratis.proto.grpc.RaftServerProtocolServiceGrpc$RaftServerProtocolServiceBlockingStub.requestVote(RaftServerProtocolServiceGrpc.java:265)
	at org.apache.ratis.grpc.server.GrpcServerProtocolClient.requestVote(GrpcServerProtocolClient.java:99)
	at org.apache.ratis.grpc.server.GrpcService.requestVote(GrpcService.java:204)
	at org.apache.ratis.server.impl.LeaderElection.lambda$submitRequests$1(LeaderElection.java:234)
	at java.util.concurrent.FutureTask.run(FutureTask.java:266)
	at java.util.concurrent.Executors$RunnableAdapter.call(Executors.java:511)
	at java.util.concurrent.FutureTask.run(FutureTask.java:266)
	at java.util.concurrent.ThreadPoolExecutor.runWorker(ThreadPoolExecutor.java:1149)
	at java.util.concurrent.ThreadPoolExecutor$Worker.run(ThreadPoolExecutor.java:624)
	... 1 more
Caused by: org.apache.ratis.thirdparty.io.netty.channel.AbstractChannel$AnnotatedConnectException: Connection refused: /192.168.34.25:45248
	at sun.nio.ch.SocketChannelImpl.checkConnect(Native Method)
	at sun.nio.ch.SocketChannelImpl.finishConnect(SocketChannelImpl.java:717)
	at org.apache.ratis.thirdparty.io.netty.channel.socket.nio.NioSocketChannel.doFinishConnect(NioSocketChannel.java:327)
	at org.apache.ratis.thirdparty.io.netty.channel.nio.AbstractNioChannel$AbstractNioUnsafe.finishConnect(AbstractNioChannel.java:340)
	at org.apache.ratis.thirdparty.io.netty.channel.nio.NioEventLoop.processSelectedKey(NioEventLoop.java:632)
	at org.apache.ratis.thirdparty.io.netty.channel.nio.NioEventLoop.processSelectedKeysOptimized(NioEventLoop.java:579)
	at org.apache.ratis.thirdparty.io.netty.channel.nio.NioEventLoop.processSelectedKeys(NioEventLoop.java:496)
	at org.apache.ratis.thirdparty.io.netty.channel.nio.NioEventLoop.run(NioEventLoop.java:458)
	at org.apache.ratis.thirdparty.io.netty.util.concurrent.SingleThreadEventExecutor$5.run(SingleThreadEventExecutor.java:897)
	at org.apache.ratis.thirdparty.io.netty.util.concurrent.FastThreadLocalRunnable.run(FastThreadLocalRunnable.java:30)
	... 1 more
Caused by: java.net.ConnectException: Connection refused
	... 11 more
2019-10-18 07:24:04,997 [4dea926d-4bc6-487a-9b9b-9fd457d0fae4@group-0C9C3B2D0CC1-LeaderElection1160] INFO  impl.RoleInfo (RoleInfo.java:updateAndGet(143)) - 4dea926d-4bc6-487a-9b9b-9fd457d0fae4: start FollowerState
2019-10-18 07:24:04,997 [12ad0800-05cb-443c-9fdd-fa1debf04523@group-BCB82A5C07F5-LeaderElection1159] INFO  impl.RaftServerImpl (RaftServerImpl.java:setRole(184)) - 12ad0800-05cb-443c-9fdd-fa1debf04523@group-BCB82A5C07F5: changes role from CANDIDATE to FOLLOWER at term 129 for DISCOVERED_A_NEW_TERM
2019-10-18 07:24:04,998 [12ad0800-05cb-443c-9fdd-fa1debf04523@group-BCB82A5C07F5-LeaderElection1159] INFO  impl.RoleInfo (RoleInfo.java:shutdownLeaderElection(134)) - 12ad0800-05cb-443c-9fdd-fa1debf04523: shutdown LeaderElection
2019-10-18 07:24:04,998 [12ad0800-05cb-443c-9fdd-fa1debf04523@group-BCB82A5C07F5-LeaderElection1159] INFO  impl.RoleInfo (RoleInfo.java:updateAndGet(143)) - 12ad0800-05cb-443c-9fdd-fa1debf04523: start FollowerState
2019-10-18 07:24:05,017 [Thread-10286] INFO  impl.FollowerState (FollowerState.java:run(108)) - 12ad0800-05cb-443c-9fdd-fa1debf04523@group-BCB82A5C07F5-FollowerState: change to CANDIDATE, lastRpcTime:19ms, electionTimeout:19ms
2019-10-18 07:24:05,017 [Thread-10286] INFO  impl.RoleInfo (RoleInfo.java:shutdownFollowerState(121)) - 12ad0800-05cb-443c-9fdd-fa1debf04523: shutdown FollowerState
2019-10-18 07:24:05,017 [Thread-10286] INFO  impl.RaftServerImpl (RaftServerImpl.java:setRole(184)) - 12ad0800-05cb-443c-9fdd-fa1debf04523@group-BCB82A5C07F5: changes role from  FOLLOWER to CANDIDATE at term 129 for changeToCandidate
2019-10-18 07:24:05,017 [Thread-10286] INFO  impl.RoleInfo (RoleInfo.java:updateAndGet(143)) - 12ad0800-05cb-443c-9fdd-fa1debf04523: start LeaderElection
2019-10-18 07:24:05,047 [12ad0800-05cb-443c-9fdd-fa1debf04523@group-BCB82A5C07F5-LeaderElection1161] INFO  impl.LeaderElection (LeaderElection.java:askForVotes(178)) - 12ad0800-05cb-443c-9fdd-fa1debf04523@group-BCB82A5C07F5-LeaderElection1161: begin an election at term 130 for -1: [12ad0800-05cb-443c-9fdd-fa1debf04523:192.168.34.25:41155, 5170c5f3-8499-4b42-9321-85fc8a351f79:192.168.34.25:43074, 0b10a9fc-47eb-4a2b-b664-8273d9d17379:192.168.34.25:45248], old=null
2019-10-18 07:24:05,048 [12ad0800-05cb-443c-9fdd-fa1debf04523@group-BCB82A5C07F5-LeaderElection1161] INFO  impl.LeaderElection (LogUtils.java:infoOrTrace(149)) - 12ad0800-05cb-443c-9fdd-fa1debf04523@group-BCB82A5C07F5-LeaderElection1161 got exception when requesting votes: {}
java.util.concurrent.ExecutionException: org.apache.ratis.thirdparty.io.grpc.StatusRuntimeException: UNAVAILABLE: io exception
	at java.util.concurrent.FutureTask.report(FutureTask.java:122)
	at java.util.concurrent.FutureTask.get(FutureTask.java:192)
	at org.apache.ratis.server.impl.LeaderElection.waitForResults(LeaderElection.java:259)
	at org.apache.ratis.server.impl.LeaderElection.askForVotes(LeaderElection.java:197)
	at org.apache.ratis.server.impl.LeaderElection.run(LeaderElection.java:133)
	at java.lang.Thread.run(Thread.java:748)
Caused by: org.apache.ratis.thirdparty.io.grpc.StatusRuntimeException: UNAVAILABLE: io exception
	at org.apache.ratis.thirdparty.io.grpc.stub.ClientCalls.toStatusRuntimeException(ClientCalls.java:233)
	at org.apache.ratis.thirdparty.io.grpc.stub.ClientCalls.getUnchecked(ClientCalls.java:214)
	at org.apache.ratis.thirdparty.io.grpc.stub.ClientCalls.blockingUnaryCall(ClientCalls.java:139)
	at org.apache.ratis.proto.grpc.RaftServerProtocolServiceGrpc$RaftServerProtocolServiceBlockingStub.requestVote(RaftServerProtocolServiceGrpc.java:265)
	at org.apache.ratis.grpc.server.GrpcServerProtocolClient.requestVote(GrpcServerProtocolClient.java:99)
	at org.apache.ratis.grpc.server.GrpcService.requestVote(GrpcService.java:204)
	at org.apache.ratis.server.impl.LeaderElection.lambda$submitRequests$1(LeaderElection.java:234)
	at java.util.concurrent.FutureTask.run(FutureTask.java:266)
	at java.util.concurrent.Executors$RunnableAdapter.call(Executors.java:511)
	at java.util.concurrent.FutureTask.run(FutureTask.java:266)
	at java.util.concurrent.ThreadPoolExecutor.runWorker(ThreadPoolExecutor.java:1149)
	at java.util.concurrent.ThreadPoolExecutor$Worker.run(ThreadPoolExecutor.java:624)
	... 1 more
Caused by: org.apache.ratis.thirdparty.io.netty.channel.AbstractChannel$AnnotatedConnectException: Connection refused: /192.168.34.25:45248
	at sun.nio.ch.SocketChannelImpl.checkConnect(Native Method)
	at sun.nio.ch.SocketChannelImpl.finishConnect(SocketChannelImpl.java:717)
	at org.apache.ratis.thirdparty.io.netty.channel.socket.nio.NioSocketChannel.doFinishConnect(NioSocketChannel.java:327)
	at org.apache.ratis.thirdparty.io.netty.channel.nio.AbstractNioChannel$AbstractNioUnsafe.finishConnect(AbstractNioChannel.java:340)
	at org.apache.ratis.thirdparty.io.netty.channel.nio.NioEventLoop.processSelectedKey(NioEventLoop.java:632)
	at org.apache.ratis.thirdparty.io.netty.channel.nio.NioEventLoop.processSelectedKeysOptimized(NioEventLoop.java:579)
	at org.apache.ratis.thirdparty.io.netty.channel.nio.NioEventLoop.processSelectedKeys(NioEventLoop.java:496)
	at org.apache.ratis.thirdparty.io.netty.channel.nio.NioEventLoop.run(NioEventLoop.java:458)
	at org.apache.ratis.thirdparty.io.netty.util.concurrent.SingleThreadEventExecutor$5.run(SingleThreadEventExecutor.java:897)
	at org.apache.ratis.thirdparty.io.netty.util.concurrent.FastThreadLocalRunnable.run(FastThreadLocalRunnable.java:30)
	... 1 more
Caused by: java.net.ConnectException: Connection refused
	... 11 more
2019-10-18 07:24:05,048 [grpc-default-executor-12] INFO  impl.RaftServerImpl (RaftServerImpl.java:setRole(184)) - 5170c5f3-8499-4b42-9321-85fc8a351f79@group-BCB82A5C07F5: changes role from  FOLLOWER to FOLLOWER at term 130 for recognizeCandidate:12ad0800-05cb-443c-9fdd-fa1debf04523
2019-10-18 07:24:05,048 [grpc-default-executor-12] INFO  impl.RoleInfo (RoleInfo.java:shutdownFollowerState(121)) - 5170c5f3-8499-4b42-9321-85fc8a351f79: shutdown FollowerState
2019-10-18 07:24:05,048 [grpc-default-executor-12] INFO  impl.RoleInfo (RoleInfo.java:updateAndGet(143)) - 5170c5f3-8499-4b42-9321-85fc8a351f79: start FollowerState
2019-10-18 07:24:05,048 [Thread-10282] INFO  impl.FollowerState (FollowerState.java:run(117)) - 5170c5f3-8499-4b42-9321-85fc8a351f79@group-BCB82A5C07F5-FollowerState was interrupted: java.lang.InterruptedException: sleep interrupted
2019-10-18 07:24:05,063 [Thread-10285] INFO  impl.FollowerState (FollowerState.java:run(108)) - 4dea926d-4bc6-487a-9b9b-9fd457d0fae4@group-0C9C3B2D0CC1-FollowerState: change to CANDIDATE, lastRpcTime:65ms, electionTimeout:65ms
2019-10-18 07:24:05,063 [Thread-10285] INFO  impl.RoleInfo (RoleInfo.java:shutdownFollowerState(121)) - 4dea926d-4bc6-487a-9b9b-9fd457d0fae4: shutdown FollowerState
2019-10-18 07:24:05,063 [Thread-10285] INFO  impl.RaftServerImpl (RaftServerImpl.java:setRole(184)) - 4dea926d-4bc6-487a-9b9b-9fd457d0fae4@group-0C9C3B2D0CC1: changes role from  FOLLOWER to CANDIDATE at term 116 for changeToCandidate
2019-10-18 07:24:05,063 [Thread-10285] INFO  impl.RoleInfo (RoleInfo.java:updateAndGet(143)) - 4dea926d-4bc6-487a-9b9b-9fd457d0fae4: start LeaderElection
2019-10-18 07:24:05,073 [12ad0800-05cb-443c-9fdd-fa1debf04523@group-BCB82A5C07F5-LeaderElection1161] INFO  impl.LeaderElection (LeaderElection.java:logAndReturn(56)) - 12ad0800-05cb-443c-9fdd-fa1debf04523@group-BCB82A5C07F5-LeaderElection1161: Election REJECTED; received 1 response(s) [12ad0800-05cb-443c-9fdd-fa1debf04523<-5170c5f3-8499-4b42-9321-85fc8a351f79#0:FAIL-t130] and 1 exception(s); 12ad0800-05cb-443c-9fdd-fa1debf04523@group-BCB82A5C07F5:t130, leader=null, voted=12ad0800-05cb-443c-9fdd-fa1debf04523, raftlog=12ad0800-05cb-443c-9fdd-fa1debf04523@group-BCB82A5C07F5-SegmentedRaftLog:OPENED:c-1,f-1,i0, conf=-1: [12ad0800-05cb-443c-9fdd-fa1debf04523:192.168.34.25:41155, 5170c5f3-8499-4b42-9321-85fc8a351f79:192.168.34.25:43074, 0b10a9fc-47eb-4a2b-b664-8273d9d17379:192.168.34.25:45248], old=null
2019-10-18 07:24:05,073 [12ad0800-05cb-443c-9fdd-fa1debf04523@group-BCB82A5C07F5-LeaderElection1161] INFO  impl.LeaderElection (LogUtils.java:infoOrTrace(149)) -   Exception 0: {}
java.util.concurrent.ExecutionException: org.apache.ratis.thirdparty.io.grpc.StatusRuntimeException: UNAVAILABLE: io exception
	at java.util.concurrent.FutureTask.report(FutureTask.java:122)
	at java.util.concurrent.FutureTask.get(FutureTask.java:192)
	at org.apache.ratis.server.impl.LeaderElection.waitForResults(LeaderElection.java:259)
	at org.apache.ratis.server.impl.LeaderElection.askForVotes(LeaderElection.java:197)
	at org.apache.ratis.server.impl.LeaderElection.run(LeaderElection.java:133)
	at java.lang.Thread.run(Thread.java:748)
Caused by: org.apache.ratis.thirdparty.io.grpc.StatusRuntimeException: UNAVAILABLE: io exception
	at org.apache.ratis.thirdparty.io.grpc.stub.ClientCalls.toStatusRuntimeException(ClientCalls.java:233)
	at org.apache.ratis.thirdparty.io.grpc.stub.ClientCalls.getUnchecked(ClientCalls.java:214)
	at org.apache.ratis.thirdparty.io.grpc.stub.ClientCalls.blockingUnaryCall(ClientCalls.java:139)
	at org.apache.ratis.proto.grpc.RaftServerProtocolServiceGrpc$RaftServerProtocolServiceBlockingStub.requestVote(RaftServerProtocolServiceGrpc.java:265)
	at org.apache.ratis.grpc.server.GrpcServerProtocolClient.requestVote(GrpcServerProtocolClient.java:99)
	at org.apache.ratis.grpc.server.GrpcService.requestVote(GrpcService.java:204)
	at org.apache.ratis.server.impl.LeaderElection.lambda$submitRequests$1(LeaderElection.java:234)
	at java.util.concurrent.FutureTask.run(FutureTask.java:266)
	at java.util.concurrent.Executors$RunnableAdapter.call(Executors.java:511)
	at java.util.concurrent.FutureTask.run(FutureTask.java:266)
	at java.util.concurrent.ThreadPoolExecutor.runWorker(ThreadPoolExecutor.java:1149)
	at java.util.concurrent.ThreadPoolExecutor$Worker.run(ThreadPoolExecutor.java:624)
	... 1 more
Caused by: org.apache.ratis.thirdparty.io.netty.channel.AbstractChannel$AnnotatedConnectException: Connection refused: /192.168.34.25:45248
	at sun.nio.ch.SocketChannelImpl.checkConnect(Native Method)
	at sun.nio.ch.SocketChannelImpl.finishConnect(SocketChannelImpl.java:717)
	at org.apache.ratis.thirdparty.io.netty.channel.socket.nio.NioSocketChannel.doFinishConnect(NioSocketChannel.java:327)
	at org.apache.ratis.thirdparty.io.netty.channel.nio.AbstractNioChannel$AbstractNioUnsafe.finishConnect(AbstractNioChannel.java:340)
	at org.apache.ratis.thirdparty.io.netty.channel.nio.NioEventLoop.processSelectedKey(NioEventLoop.java:632)
	at org.apache.ratis.thirdparty.io.netty.channel.nio.NioEventLoop.processSelectedKeysOptimized(NioEventLoop.java:579)
	at org.apache.ratis.thirdparty.io.netty.channel.nio.NioEventLoop.processSelectedKeys(NioEventLoop.java:496)
	at org.apache.ratis.thirdparty.io.netty.channel.nio.NioEventLoop.run(NioEventLoop.java:458)
	at org.apache.ratis.thirdparty.io.netty.util.concurrent.SingleThreadEventExecutor$5.run(SingleThreadEventExecutor.java:897)
	at org.apache.ratis.thirdparty.io.netty.util.concurrent.FastThreadLocalRunnable.run(FastThreadLocalRunnable.java:30)
	... 1 more
Caused by: java.net.ConnectException: Connection refused
	... 11 more
2019-10-18 07:24:05,073 [12ad0800-05cb-443c-9fdd-fa1debf04523@group-BCB82A5C07F5-LeaderElection1161] INFO  impl.RaftServerImpl (RaftServerImpl.java:setRole(184)) - 12ad0800-05cb-443c-9fdd-fa1debf04523@group-BCB82A5C07F5: changes role from CANDIDATE to FOLLOWER at term 130 for DISCOVERED_A_NEW_TERM
2019-10-18 07:24:05,073 [12ad0800-05cb-443c-9fdd-fa1debf04523@group-BCB82A5C07F5-LeaderElection1161] INFO  impl.RoleInfo (RoleInfo.java:shutdownLeaderElection(134)) - 12ad0800-05cb-443c-9fdd-fa1debf04523: shutdown LeaderElection
2019-10-18 07:24:05,073 [12ad0800-05cb-443c-9fdd-fa1debf04523@group-BCB82A5C07F5-LeaderElection1161] INFO  impl.RoleInfo (RoleInfo.java:updateAndGet(143)) - 12ad0800-05cb-443c-9fdd-fa1debf04523: start FollowerState
2019-10-18 07:24:05,089 [4dea926d-4bc6-487a-9b9b-9fd457d0fae4@group-0C9C3B2D0CC1-LeaderElection1162] INFO  impl.LeaderElection (LeaderElection.java:askForVotes(178)) - 4dea926d-4bc6-487a-9b9b-9fd457d0fae4@group-0C9C3B2D0CC1-LeaderElection1162: begin an election at term 117 for -1: [6633f50a-7046-4b08-9937-8e25f1b14b15:192.168.34.25:39338, 67270882-100a-4e75-928d-618d17e069c8:192.168.34.25:36648, 4dea926d-4bc6-487a-9b9b-9fd457d0fae4:192.168.34.25:41624], old=null
2019-10-18 07:24:05,091 [grpc-default-executor-12] INFO  impl.RaftServerImpl (RaftServerImpl.java:setRole(184)) - 6633f50a-7046-4b08-9937-8e25f1b14b15@group-0C9C3B2D0CC1: changes role from  FOLLOWER to FOLLOWER at term 117 for recognizeCandidate:4dea926d-4bc6-487a-9b9b-9fd457d0fae4
2019-10-18 07:24:05,091 [grpc-default-executor-12] INFO  impl.RoleInfo (RoleInfo.java:shutdownFollowerState(121)) - 6633f50a-7046-4b08-9937-8e25f1b14b15: shutdown FollowerState
2019-10-18 07:24:05,091 [grpc-default-executor-11] INFO  impl.RaftServerImpl (RaftServerImpl.java:setRole(184)) - 67270882-100a-4e75-928d-618d17e069c8@group-0C9C3B2D0CC1: changes role from  FOLLOWER to FOLLOWER at term 117 for recognizeCandidate:4dea926d-4bc6-487a-9b9b-9fd457d0fae4
2019-10-18 07:24:05,091 [grpc-default-executor-11] INFO  impl.RoleInfo (RoleInfo.java:shutdownFollowerState(121)) - 67270882-100a-4e75-928d-618d17e069c8: shutdown FollowerState
2019-10-18 07:24:05,091 [Thread-10284] INFO  impl.FollowerState (FollowerState.java:run(117)) - 6633f50a-7046-4b08-9937-8e25f1b14b15@group-0C9C3B2D0CC1-FollowerState was interrupted: java.lang.InterruptedException: sleep interrupted
2019-10-18 07:24:05,091 [grpc-default-executor-12] INFO  impl.RoleInfo (RoleInfo.java:updateAndGet(143)) - 6633f50a-7046-4b08-9937-8e25f1b14b15: start FollowerState
2019-10-18 07:24:05,091 [Thread-10283] INFO  impl.FollowerState (FollowerState.java:run(117)) - 67270882-100a-4e75-928d-618d17e069c8@group-0C9C3B2D0CC1-FollowerState was interrupted: java.lang.InterruptedException: sleep interrupted
2019-10-18 07:24:05,091 [grpc-default-executor-11] INFO  impl.RoleInfo (RoleInfo.java:updateAndGet(143)) - 67270882-100a-4e75-928d-618d17e069c8: start FollowerState
2019-10-18 07:24:05,115 [4dea926d-4bc6-487a-9b9b-9fd457d0fae4@group-0C9C3B2D0CC1-LeaderElection1162] INFO  impl.LeaderElection (LeaderElection.java:logAndReturn(56)) - 4dea926d-4bc6-487a-9b9b-9fd457d0fae4@group-0C9C3B2D0CC1-LeaderElection1162: Election REJECTED; received 2 response(s) [4dea926d-4bc6-487a-9b9b-9fd457d0fae4<-6633f50a-7046-4b08-9937-8e25f1b14b15#0:FAIL-t117, 4dea926d-4bc6-487a-9b9b-9fd457d0fae4<-67270882-100a-4e75-928d-618d17e069c8#0:FAIL-t117] and 0 exception(s); 4dea926d-4bc6-487a-9b9b-9fd457d0fae4@group-0C9C3B2D0CC1:t117, leader=null, voted=4dea926d-4bc6-487a-9b9b-9fd457d0fae4, raftlog=4dea926d-4bc6-487a-9b9b-9fd457d0fae4@group-0C9C3B2D0CC1-SegmentedRaftLog:OPENED:c-1,f-1,i0, conf=-1: [6633f50a-7046-4b08-9937-8e25f1b14b15:192.168.34.25:39338, 67270882-100a-4e75-928d-618d17e069c8:192.168.34.25:36648, 4dea926d-4bc6-487a-9b9b-9fd457d0fae4:192.168.34.25:41624], old=null
2019-10-18 07:24:05,115 [4dea926d-4bc6-487a-9b9b-9fd457d0fae4@group-0C9C3B2D0CC1-LeaderElection1162] INFO  impl.RaftServerImpl (RaftServerImpl.java:setRole(184)) - 4dea926d-4bc6-487a-9b9b-9fd457d0fae4@group-0C9C3B2D0CC1: changes role from CANDIDATE to FOLLOWER at term 117 for DISCOVERED_A_NEW_TERM
2019-10-18 07:24:05,115 [4dea926d-4bc6-487a-9b9b-9fd457d0fae4@group-0C9C3B2D0CC1-LeaderElection1162] INFO  impl.RoleInfo (RoleInfo.java:shutdownLeaderElection(134)) - 4dea926d-4bc6-487a-9b9b-9fd457d0fae4: shutdown LeaderElection
2019-10-18 07:24:05,115 [4dea926d-4bc6-487a-9b9b-9fd457d0fae4@group-0C9C3B2D0CC1-LeaderElection1162] INFO  impl.RoleInfo (RoleInfo.java:updateAndGet(143)) - 4dea926d-4bc6-487a-9b9b-9fd457d0fae4: start FollowerState
2019-10-18 07:24:05,249 [Thread-10292] INFO  impl.FollowerState (FollowerState.java:run(108)) - 12ad0800-05cb-443c-9fdd-fa1debf04523@group-BCB82A5C07F5-FollowerState: change to CANDIDATE, lastRpcTime:175ms, electionTimeout:175ms
2019-10-18 07:24:05,249 [Thread-10292] INFO  impl.RoleInfo (RoleInfo.java:shutdownFollowerState(121)) - 12ad0800-05cb-443c-9fdd-fa1debf04523: shutdown FollowerState
2019-10-18 07:24:05,249 [Thread-10292] INFO  impl.RaftServerImpl (RaftServerImpl.java:setRole(184)) - 12ad0800-05cb-443c-9fdd-fa1debf04523@group-BCB82A5C07F5: changes role from  FOLLOWER to CANDIDATE at term 130 for changeToCandidate
2019-10-18 07:24:05,249 [Thread-10292] INFO  impl.RoleInfo (RoleInfo.java:updateAndGet(143)) - 12ad0800-05cb-443c-9fdd-fa1debf04523: start LeaderElection
2019-10-18 07:24:05,282 [12ad0800-05cb-443c-9fdd-fa1debf04523@group-BCB82A5C07F5-LeaderElection1163] INFO  impl.LeaderElection (LeaderElection.java:askForVotes(178)) - 12ad0800-05cb-443c-9fdd-fa1debf04523@group-BCB82A5C07F5-LeaderElection1163: begin an election at term 131 for -1: [12ad0800-05cb-443c-9fdd-fa1debf04523:192.168.34.25:41155, 5170c5f3-8499-4b42-9321-85fc8a351f79:192.168.34.25:43074, 0b10a9fc-47eb-4a2b-b664-8273d9d17379:192.168.34.25:45248], old=null
2019-10-18 07:24:05,283 [12ad0800-05cb-443c-9fdd-fa1debf04523@group-BCB82A5C07F5-LeaderElection1163] INFO  impl.LeaderElection (LogUtils.java:infoOrTrace(149)) - 12ad0800-05cb-443c-9fdd-fa1debf04523@group-BCB82A5C07F5-LeaderElection1163 got exception when requesting votes: {}
java.util.concurrent.ExecutionException: org.apache.ratis.thirdparty.io.grpc.StatusRuntimeException: UNAVAILABLE: io exception
	at java.util.concurrent.FutureTask.report(FutureTask.java:122)
	at java.util.concurrent.FutureTask.get(FutureTask.java:192)
	at org.apache.ratis.server.impl.LeaderElection.waitForResults(LeaderElection.java:259)
	at org.apache.ratis.server.impl.LeaderElection.askForVotes(LeaderElection.java:197)
	at org.apache.ratis.server.impl.LeaderElection.run(LeaderElection.java:133)
	at java.lang.Thread.run(Thread.java:748)
Caused by: org.apache.ratis.thirdparty.io.grpc.StatusRuntimeException: UNAVAILABLE: io exception
	at org.apache.ratis.thirdparty.io.grpc.stub.ClientCalls.toStatusRuntimeException(ClientCalls.java:233)
	at org.apache.ratis.thirdparty.io.grpc.stub.ClientCalls.getUnchecked(ClientCalls.java:214)
	at org.apache.ratis.thirdparty.io.grpc.stub.ClientCalls.blockingUnaryCall(ClientCalls.java:139)
	at org.apache.ratis.proto.grpc.RaftServerProtocolServiceGrpc$RaftServerProtocolServiceBlockingStub.requestVote(RaftServerProtocolServiceGrpc.java:265)
	at org.apache.ratis.grpc.server.GrpcServerProtocolClient.requestVote(GrpcServerProtocolClient.java:99)
	at org.apache.ratis.grpc.server.GrpcService.requestVote(GrpcService.java:204)
	at org.apache.ratis.server.impl.LeaderElection.lambda$submitRequests$1(LeaderElection.java:234)
	at java.util.concurrent.FutureTask.run(FutureTask.java:266)
	at java.util.concurrent.Executors$RunnableAdapter.call(Executors.java:511)
	at java.util.concurrent.FutureTask.run(FutureTask.java:266)
	at java.util.concurrent.ThreadPoolExecutor.runWorker(ThreadPoolExecutor.java:1149)
	at java.util.concurrent.ThreadPoolExecutor$Worker.run(ThreadPoolExecutor.java:624)
	... 1 more
Caused by: org.apache.ratis.thirdparty.io.netty.channel.AbstractChannel$AnnotatedConnectException: Connection refused: /192.168.34.25:45248
	at sun.nio.ch.SocketChannelImpl.checkConnect(Native Method)
	at sun.nio.ch.SocketChannelImpl.finishConnect(SocketChannelImpl.java:717)
	at org.apache.ratis.thirdparty.io.netty.channel.socket.nio.NioSocketChannel.doFinishConnect(NioSocketChannel.java:327)
	at org.apache.ratis.thirdparty.io.netty.channel.nio.AbstractNioChannel$AbstractNioUnsafe.finishConnect(AbstractNioChannel.java:340)
	at org.apache.ratis.thirdparty.io.netty.channel.nio.NioEventLoop.processSelectedKey(NioEventLoop.java:632)
	at org.apache.ratis.thirdparty.io.netty.channel.nio.NioEventLoop.processSelectedKeysOptimized(NioEventLoop.java:579)
	at org.apache.ratis.thirdparty.io.netty.channel.nio.NioEventLoop.processSelectedKeys(NioEventLoop.java:496)
	at org.apache.ratis.thirdparty.io.netty.channel.nio.NioEventLoop.run(NioEventLoop.java:458)
	at org.apache.ratis.thirdparty.io.netty.util.concurrent.SingleThreadEventExecutor$5.run(SingleThreadEventExecutor.java:897)
	at org.apache.ratis.thirdparty.io.netty.util.concurrent.FastThreadLocalRunnable.run(FastThreadLocalRunnable.java:30)
	... 1 more
Caused by: java.net.ConnectException: Connection refused
	... 11 more
2019-10-18 07:24:05,283 [grpc-default-executor-12] INFO  impl.RaftServerImpl (RaftServerImpl.java:setRole(184)) - 5170c5f3-8499-4b42-9321-85fc8a351f79@group-BCB82A5C07F5: changes role from  FOLLOWER to FOLLOWER at term 131 for recognizeCandidate:12ad0800-05cb-443c-9fdd-fa1debf04523
2019-10-18 07:24:05,283 [grpc-default-executor-12] INFO  impl.RoleInfo (RoleInfo.java:shutdownFollowerState(121)) - 5170c5f3-8499-4b42-9321-85fc8a351f79: shutdown FollowerState
2019-10-18 07:24:05,283 [grpc-default-executor-12] INFO  impl.RoleInfo (RoleInfo.java:updateAndGet(143)) - 5170c5f3-8499-4b42-9321-85fc8a351f79: start FollowerState
2019-10-18 07:24:05,283 [Thread-10290] INFO  impl.FollowerState (FollowerState.java:run(117)) - 5170c5f3-8499-4b42-9321-85fc8a351f79@group-BCB82A5C07F5-FollowerState was interrupted: java.lang.InterruptedException: sleep interrupted
2019-10-18 07:24:05,302 [12ad0800-05cb-443c-9fdd-fa1debf04523@group-BCB82A5C07F5-LeaderElection1163] INFO  impl.LeaderElection (LeaderElection.java:logAndReturn(56)) - 12ad0800-05cb-443c-9fdd-fa1debf04523@group-BCB82A5C07F5-LeaderElection1163: Election TIMEOUT; received 0 response(s) [] and 1 exception(s); 12ad0800-05cb-443c-9fdd-fa1debf04523@group-BCB82A5C07F5:t131, leader=null, voted=12ad0800-05cb-443c-9fdd-fa1debf04523, raftlog=12ad0800-05cb-443c-9fdd-fa1debf04523@group-BCB82A5C07F5-SegmentedRaftLog:OPENED:c-1,f-1,i0, conf=-1: [12ad0800-05cb-443c-9fdd-fa1debf04523:192.168.34.25:41155, 5170c5f3-8499-4b42-9321-85fc8a351f79:192.168.34.25:43074, 0b10a9fc-47eb-4a2b-b664-8273d9d17379:192.168.34.25:45248], old=null
2019-10-18 07:24:05,302 [12ad0800-05cb-443c-9fdd-fa1debf04523@group-BCB82A5C07F5-LeaderElection1163] INFO  impl.LeaderElection (LogUtils.java:infoOrTrace(149)) -   Exception 0: {}
java.util.concurrent.ExecutionException: org.apache.ratis.thirdparty.io.grpc.StatusRuntimeException: UNAVAILABLE: io exception
	at java.util.concurrent.FutureTask.report(FutureTask.java:122)
	at java.util.concurrent.FutureTask.get(FutureTask.java:192)
	at org.apache.ratis.server.impl.LeaderElection.waitForResults(LeaderElection.java:259)
	at org.apache.ratis.server.impl.LeaderElection.askForVotes(LeaderElection.java:197)
	at org.apache.ratis.server.impl.LeaderElection.run(LeaderElection.java:133)
	at java.lang.Thread.run(Thread.java:748)
Caused by: org.apache.ratis.thirdparty.io.grpc.StatusRuntimeException: UNAVAILABLE: io exception
	at org.apache.ratis.thirdparty.io.grpc.stub.ClientCalls.toStatusRuntimeException(ClientCalls.java:233)
	at org.apache.ratis.thirdparty.io.grpc.stub.ClientCalls.getUnchecked(ClientCalls.java:214)
	at org.apache.ratis.thirdparty.io.grpc.stub.ClientCalls.blockingUnaryCall(ClientCalls.java:139)
	at org.apache.ratis.proto.grpc.RaftServerProtocolServiceGrpc$RaftServerProtocolServiceBlockingStub.requestVote(RaftServerProtocolServiceGrpc.java:265)
	at org.apache.ratis.grpc.server.GrpcServerProtocolClient.requestVote(GrpcServerProtocolClient.java:99)
	at org.apache.ratis.grpc.server.GrpcService.requestVote(GrpcService.java:204)
	at org.apache.ratis.server.impl.LeaderElection.lambda$submitRequests$1(LeaderElection.java:234)
	at java.util.concurrent.FutureTask.run(FutureTask.java:266)
	at java.util.concurrent.Executors$RunnableAdapter.call(Executors.java:511)
	at java.util.concurrent.FutureTask.run(FutureTask.java:266)
	at java.util.concurrent.ThreadPoolExecutor.runWorker(ThreadPoolExecutor.java:1149)
	at java.util.concurrent.ThreadPoolExecutor$Worker.run(ThreadPoolExecutor.java:624)
	... 1 more
Caused by: org.apache.ratis.thirdparty.io.netty.channel.AbstractChannel$AnnotatedConnectException: Connection refused: /192.168.34.25:45248
	at sun.nio.ch.SocketChannelImpl.checkConnect(Native Method)
	at sun.nio.ch.SocketChannelImpl.finishConnect(SocketChannelImpl.java:717)
	at org.apache.ratis.thirdparty.io.netty.channel.socket.nio.NioSocketChannel.doFinishConnect(NioSocketChannel.java:327)
	at org.apache.ratis.thirdparty.io.netty.channel.nio.AbstractNioChannel$AbstractNioUnsafe.finishConnect(AbstractNioChannel.java:340)
	at org.apache.ratis.thirdparty.io.netty.channel.nio.NioEventLoop.processSelectedKey(NioEventLoop.java:632)
	at org.apache.ratis.thirdparty.io.netty.channel.nio.NioEventLoop.processSelectedKeysOptimized(NioEventLoop.java:579)
	at org.apache.ratis.thirdparty.io.netty.channel.nio.NioEventLoop.processSelectedKeys(NioEventLoop.java:496)
	at org.apache.ratis.thirdparty.io.netty.channel.nio.NioEventLoop.run(NioEventLoop.java:458)
	at org.apache.ratis.thirdparty.io.netty.util.concurrent.SingleThreadEventExecutor$5.run(SingleThreadEventExecutor.java:897)
	at org.apache.ratis.thirdparty.io.netty.util.concurrent.FastThreadLocalRunnable.run(FastThreadLocalRunnable.java:30)
	... 1 more
Caused by: java.net.ConnectException: Connection refused
	... 11 more
2019-10-18 07:24:05,306 [Thread-10297] INFO  impl.FollowerState (FollowerState.java:run(108)) - 4dea926d-4bc6-487a-9b9b-9fd457d0fae4@group-0C9C3B2D0CC1-FollowerState: change to CANDIDATE, lastRpcTime:190ms, electionTimeout:190ms
2019-10-18 07:24:05,306 [Thread-10297] INFO  impl.RoleInfo (RoleInfo.java:shutdownFollowerState(121)) - 4dea926d-4bc6-487a-9b9b-9fd457d0fae4: shutdown FollowerState
2019-10-18 07:24:05,306 [Thread-10297] INFO  impl.RaftServerImpl (RaftServerImpl.java:setRole(184)) - 4dea926d-4bc6-487a-9b9b-9fd457d0fae4@group-0C9C3B2D0CC1: changes role from  FOLLOWER to CANDIDATE at term 117 for changeToCandidate
2019-10-18 07:24:05,306 [Thread-10297] INFO  impl.RoleInfo (RoleInfo.java:updateAndGet(143)) - 4dea926d-4bc6-487a-9b9b-9fd457d0fae4: start LeaderElection
2019-10-18 07:24:05,324 [12ad0800-05cb-443c-9fdd-fa1debf04523@group-BCB82A5C07F5-LeaderElection1163] INFO  impl.LeaderElection (LeaderElection.java:askForVotes(178)) - 12ad0800-05cb-443c-9fdd-fa1debf04523@group-BCB82A5C07F5-LeaderElection1163: begin an election at term 132 for -1: [12ad0800-05cb-443c-9fdd-fa1debf04523:192.168.34.25:41155, 5170c5f3-8499-4b42-9321-85fc8a351f79:192.168.34.25:43074, 0b10a9fc-47eb-4a2b-b664-8273d9d17379:192.168.34.25:45248], old=null
2019-10-18 07:24:05,324 [4dea926d-4bc6-487a-9b9b-9fd457d0fae4@group-0C9C3B2D0CC1-LeaderElection1164] INFO  impl.LeaderElection (LeaderElection.java:askForVotes(178)) - 4dea926d-4bc6-487a-9b9b-9fd457d0fae4@group-0C9C3B2D0CC1-LeaderElection1164: begin an election at term 118 for -1: [6633f50a-7046-4b08-9937-8e25f1b14b15:192.168.34.25:39338, 67270882-100a-4e75-928d-618d17e069c8:192.168.34.25:36648, 4dea926d-4bc6-487a-9b9b-9fd457d0fae4:192.168.34.25:41624], old=null
2019-10-18 07:24:05,325 [12ad0800-05cb-443c-9fdd-fa1debf04523@group-BCB82A5C07F5-LeaderElection1163] INFO  impl.LeaderElection (LogUtils.java:infoOrTrace(149)) - 12ad0800-05cb-443c-9fdd-fa1debf04523@group-BCB82A5C07F5-LeaderElection1163 got exception when requesting votes: {}
java.util.concurrent.ExecutionException: org.apache.ratis.thirdparty.io.grpc.StatusRuntimeException: UNAVAILABLE: io exception
	at java.util.concurrent.FutureTask.report(FutureTask.java:122)
	at java.util.concurrent.FutureTask.get(FutureTask.java:192)
	at org.apache.ratis.server.impl.LeaderElection.waitForResults(LeaderElection.java:259)
	at org.apache.ratis.server.impl.LeaderElection.askForVotes(LeaderElection.java:197)
	at org.apache.ratis.server.impl.LeaderElection.run(LeaderElection.java:133)
	at java.lang.Thread.run(Thread.java:748)
Caused by: org.apache.ratis.thirdparty.io.grpc.StatusRuntimeException: UNAVAILABLE: io exception
	at org.apache.ratis.thirdparty.io.grpc.stub.ClientCalls.toStatusRuntimeException(ClientCalls.java:233)
	at org.apache.ratis.thirdparty.io.grpc.stub.ClientCalls.getUnchecked(ClientCalls.java:214)
	at org.apache.ratis.thirdparty.io.grpc.stub.ClientCalls.blockingUnaryCall(ClientCalls.java:139)
	at org.apache.ratis.proto.grpc.RaftServerProtocolServiceGrpc$RaftServerProtocolServiceBlockingStub.requestVote(RaftServerProtocolServiceGrpc.java:265)
	at org.apache.ratis.grpc.server.GrpcServerProtocolClient.requestVote(GrpcServerProtocolClient.java:99)
	at org.apache.ratis.grpc.server.GrpcService.requestVote(GrpcService.java:204)
	at org.apache.ratis.server.impl.LeaderElection.lambda$submitRequests$1(LeaderElection.java:234)
	at java.util.concurrent.FutureTask.run(FutureTask.java:266)
	at java.util.concurrent.Executors$RunnableAdapter.call(Executors.java:511)
	at java.util.concurrent.FutureTask.run(FutureTask.java:266)
	at java.util.concurrent.ThreadPoolExecutor.runWorker(ThreadPoolExecutor.java:1149)
	at java.util.concurrent.ThreadPoolExecutor$Worker.run(ThreadPoolExecutor.java:624)
	... 1 more
Caused by: org.apache.ratis.thirdparty.io.netty.channel.AbstractChannel$AnnotatedConnectException: Connection refused: /192.168.34.25:45248
	at sun.nio.ch.SocketChannelImpl.checkConnect(Native Method)
	at sun.nio.ch.SocketChannelImpl.finishConnect(SocketChannelImpl.java:717)
	at org.apache.ratis.thirdparty.io.netty.channel.socket.nio.NioSocketChannel.doFinishConnect(NioSocketChannel.java:327)
	at org.apache.ratis.thirdparty.io.netty.channel.nio.AbstractNioChannel$AbstractNioUnsafe.finishConnect(AbstractNioChannel.java:340)
	at org.apache.ratis.thirdparty.io.netty.channel.nio.NioEventLoop.processSelectedKey(NioEventLoop.java:632)
	at org.apache.ratis.thirdparty.io.netty.channel.nio.NioEventLoop.processSelectedKeysOptimized(NioEventLoop.java:579)
	at org.apache.ratis.thirdparty.io.netty.channel.nio.NioEventLoop.processSelectedKeys(NioEventLoop.java:496)
	at org.apache.ratis.thirdparty.io.netty.channel.nio.NioEventLoop.run(NioEventLoop.java:458)
	at org.apache.ratis.thirdparty.io.netty.util.concurrent.SingleThreadEventExecutor$5.run(SingleThreadEventExecutor.java:897)
	at org.apache.ratis.thirdparty.io.netty.util.concurrent.FastThreadLocalRunnable.run(FastThreadLocalRunnable.java:30)
	... 1 more
Caused by: java.net.ConnectException: Connection refused
	... 11 more
2019-10-18 07:24:05,325 [grpc-default-executor-12] INFO  impl.RaftServerImpl (RaftServerImpl.java:setRole(184)) - 5170c5f3-8499-4b42-9321-85fc8a351f79@group-BCB82A5C07F5: changes role from  FOLLOWER to FOLLOWER at term 132 for recognizeCandidate:12ad0800-05cb-443c-9fdd-fa1debf04523
2019-10-18 07:24:05,326 [grpc-default-executor-12] INFO  impl.RoleInfo (RoleInfo.java:shutdownFollowerState(121)) - 5170c5f3-8499-4b42-9321-85fc8a351f79: shutdown FollowerState
2019-10-18 07:24:05,326 [grpc-default-executor-11] INFO  impl.RaftServerImpl (RaftServerImpl.java:setRole(184)) - 67270882-100a-4e75-928d-618d17e069c8@group-0C9C3B2D0CC1: changes role from  FOLLOWER to FOLLOWER at term 118 for recognizeCandidate:4dea926d-4bc6-487a-9b9b-9fd457d0fae4
2019-10-18 07:24:05,326 [grpc-default-executor-14] INFO  impl.RaftServerImpl (RaftServerImpl.java:setRole(184)) - 6633f50a-7046-4b08-9937-8e25f1b14b15@group-0C9C3B2D0CC1: changes role from  FOLLOWER to FOLLOWER at term 118 for recognizeCandidate:4dea926d-4bc6-487a-9b9b-9fd457d0fae4
2019-10-18 07:24:05,326 [grpc-default-executor-14] INFO  impl.RoleInfo (RoleInfo.java:shutdownFollowerState(121)) - 6633f50a-7046-4b08-9937-8e25f1b14b15: shutdown FollowerState
2019-10-18 07:24:05,326 [Thread-10303] INFO  impl.FollowerState (FollowerState.java:run(117)) - 5170c5f3-8499-4b42-9321-85fc8a351f79@group-BCB82A5C07F5-FollowerState was interrupted: java.lang.InterruptedException: sleep interrupted
2019-10-18 07:24:05,326 [grpc-default-executor-12] INFO  impl.RoleInfo (RoleInfo.java:updateAndGet(143)) - 5170c5f3-8499-4b42-9321-85fc8a351f79: start FollowerState
2019-10-18 07:24:05,326 [Thread-10295] INFO  impl.FollowerState (FollowerState.java:run(117)) - 6633f50a-7046-4b08-9937-8e25f1b14b15@group-0C9C3B2D0CC1-FollowerState was interrupted: java.lang.InterruptedException: sleep interrupted
2019-10-18 07:24:05,326 [grpc-default-executor-14] INFO  impl.RoleInfo (RoleInfo.java:updateAndGet(143)) - 6633f50a-7046-4b08-9937-8e25f1b14b15: start FollowerState
2019-10-18 07:24:05,326 [grpc-default-executor-11] INFO  impl.RoleInfo (RoleInfo.java:shutdownFollowerState(121)) - 67270882-100a-4e75-928d-618d17e069c8: shutdown FollowerState
2019-10-18 07:24:05,327 [grpc-default-executor-11] INFO  impl.RoleInfo (RoleInfo.java:updateAndGet(143)) - 67270882-100a-4e75-928d-618d17e069c8: start FollowerState
2019-10-18 07:24:05,327 [Thread-10296] INFO  impl.FollowerState (FollowerState.java:run(117)) - 67270882-100a-4e75-928d-618d17e069c8@group-0C9C3B2D0CC1-FollowerState was interrupted: java.lang.InterruptedException: sleep interrupted
2019-10-18 07:24:05,350 [4dea926d-4bc6-487a-9b9b-9fd457d0fae4@group-0C9C3B2D0CC1-LeaderElection1164] INFO  impl.LeaderElection (LeaderElection.java:logAndReturn(56)) - 4dea926d-4bc6-487a-9b9b-9fd457d0fae4@group-0C9C3B2D0CC1-LeaderElection1164: Election REJECTED; received 2 response(s) [4dea926d-4bc6-487a-9b9b-9fd457d0fae4<-6633f50a-7046-4b08-9937-8e25f1b14b15#0:FAIL-t118, 4dea926d-4bc6-487a-9b9b-9fd457d0fae4<-67270882-100a-4e75-928d-618d17e069c8#0:FAIL-t118] and 0 exception(s); 4dea926d-4bc6-487a-9b9b-9fd457d0fae4@group-0C9C3B2D0CC1:t118, leader=null, voted=4dea926d-4bc6-487a-9b9b-9fd457d0fae4, raftlog=4dea926d-4bc6-487a-9b9b-9fd457d0fae4@group-0C9C3B2D0CC1-SegmentedRaftLog:OPENED:c-1,f-1,i0, conf=-1: [6633f50a-7046-4b08-9937-8e25f1b14b15:192.168.34.25:39338, 67270882-100a-4e75-928d-618d17e069c8:192.168.34.25:36648, 4dea926d-4bc6-487a-9b9b-9fd457d0fae4:192.168.34.25:41624], old=null
2019-10-18 07:24:05,350 [12ad0800-05cb-443c-9fdd-fa1debf04523@group-BCB82A5C07F5-LeaderElection1163] INFO  impl.LeaderElection (LeaderElection.java:logAndReturn(56)) - 12ad0800-05cb-443c-9fdd-fa1debf04523@group-BCB82A5C07F5-LeaderElection1163: Election REJECTED; received 1 response(s) [12ad0800-05cb-443c-9fdd-fa1debf04523<-5170c5f3-8499-4b42-9321-85fc8a351f79#0:FAIL-t132] and 1 exception(s); 12ad0800-05cb-443c-9fdd-fa1debf04523@group-BCB82A5C07F5:t132, leader=null, voted=12ad0800-05cb-443c-9fdd-fa1debf04523, raftlog=12ad0800-05cb-443c-9fdd-fa1debf04523@group-BCB82A5C07F5-SegmentedRaftLog:OPENED:c-1,f-1,i0, conf=-1: [12ad0800-05cb-443c-9fdd-fa1debf04523:192.168.34.25:41155, 5170c5f3-8499-4b42-9321-85fc8a351f79:192.168.34.25:43074, 0b10a9fc-47eb-4a2b-b664-8273d9d17379:192.168.34.25:45248], old=null
2019-10-18 07:24:05,350 [4dea926d-4bc6-487a-9b9b-9fd457d0fae4@group-0C9C3B2D0CC1-LeaderElection1164] INFO  impl.RaftServerImpl (RaftServerImpl.java:setRole(184)) - 4dea926d-4bc6-487a-9b9b-9fd457d0fae4@group-0C9C3B2D0CC1: changes role from CANDIDATE to FOLLOWER at term 118 for DISCOVERED_A_NEW_TERM
2019-10-18 07:24:05,350 [12ad0800-05cb-443c-9fdd-fa1debf04523@group-BCB82A5C07F5-LeaderElection1163] INFO  impl.LeaderElection (LogUtils.java:infoOrTrace(149)) -   Exception 0: {}
java.util.concurrent.ExecutionException: org.apache.ratis.thirdparty.io.grpc.StatusRuntimeException: UNAVAILABLE: io exception
	at java.util.concurrent.FutureTask.report(FutureTask.java:122)
	at java.util.concurrent.FutureTask.get(FutureTask.java:192)
	at org.apache.ratis.server.impl.LeaderElection.waitForResults(LeaderElection.java:259)
	at org.apache.ratis.server.impl.LeaderElection.askForVotes(LeaderElection.java:197)
	at org.apache.ratis.server.impl.LeaderElection.run(LeaderElection.java:133)
	at java.lang.Thread.run(Thread.java:748)
Caused by: org.apache.ratis.thirdparty.io.grpc.StatusRuntimeException: UNAVAILABLE: io exception
	at org.apache.ratis.thirdparty.io.grpc.stub.ClientCalls.toStatusRuntimeException(ClientCalls.java:233)
	at org.apache.ratis.thirdparty.io.grpc.stub.ClientCalls.getUnchecked(ClientCalls.java:214)
	at org.apache.ratis.thirdparty.io.grpc.stub.ClientCalls.blockingUnaryCall(ClientCalls.java:139)
	at org.apache.ratis.proto.grpc.RaftServerProtocolServiceGrpc$RaftServerProtocolServiceBlockingStub.requestVote(RaftServerProtocolServiceGrpc.java:265)
	at org.apache.ratis.grpc.server.GrpcServerProtocolClient.requestVote(GrpcServerProtocolClient.java:99)
	at org.apache.ratis.grpc.server.GrpcService.requestVote(GrpcService.java:204)
	at org.apache.ratis.server.impl.LeaderElection.lambda$submitRequests$1(LeaderElection.java:234)
	at java.util.concurrent.FutureTask.run(FutureTask.java:266)
	at java.util.concurrent.Executors$RunnableAdapter.call(Executors.java:511)
	at java.util.concurrent.FutureTask.run(FutureTask.java:266)
	at java.util.concurrent.ThreadPoolExecutor.runWorker(ThreadPoolExecutor.java:1149)
	at java.util.concurrent.ThreadPoolExecutor$Worker.run(ThreadPoolExecutor.java:624)
	... 1 more
Caused by: org.apache.ratis.thirdparty.io.netty.channel.AbstractChannel$AnnotatedConnectException: Connection refused: /192.168.34.25:45248
	at sun.nio.ch.SocketChannelImpl.checkConnect(Native Method)
	at sun.nio.ch.SocketChannelImpl.finishConnect(SocketChannelImpl.java:717)
	at org.apache.ratis.thirdparty.io.netty.channel.socket.nio.NioSocketChannel.doFinishConnect(NioSocketChannel.java:327)
	at org.apache.ratis.thirdparty.io.netty.channel.nio.AbstractNioChannel$AbstractNioUnsafe.finishConnect(AbstractNioChannel.java:340)
	at org.apache.ratis.thirdparty.io.netty.channel.nio.NioEventLoop.processSelectedKey(NioEventLoop.java:632)
	at org.apache.ratis.thirdparty.io.netty.channel.nio.NioEventLoop.processSelectedKeysOptimized(NioEventLoop.java:579)
	at org.apache.ratis.thirdparty.io.netty.channel.nio.NioEventLoop.processSelectedKeys(NioEventLoop.java:496)
	at org.apache.ratis.thirdparty.io.netty.channel.nio.NioEventLoop.run(NioEventLoop.java:458)
	at org.apache.ratis.thirdparty.io.netty.util.concurrent.SingleThreadEventExecutor$5.run(SingleThreadEventExecutor.java:897)
	at org.apache.ratis.thirdparty.io.netty.util.concurrent.FastThreadLocalRunnable.run(FastThreadLocalRunnable.java:30)
	... 1 more
Caused by: java.net.ConnectException: Connection refused
	... 11 more
2019-10-18 07:24:05,350 [4dea926d-4bc6-487a-9b9b-9fd457d0fae4@group-0C9C3B2D0CC1-LeaderElection1164] INFO  impl.RoleInfo (RoleInfo.java:shutdownLeaderElection(134)) - 4dea926d-4bc6-487a-9b9b-9fd457d0fae4: shutdown LeaderElection
2019-10-18 07:24:05,351 [12ad0800-05cb-443c-9fdd-fa1debf04523@group-BCB82A5C07F5-LeaderElection1163] INFO  impl.RaftServerImpl (RaftServerImpl.java:setRole(184)) - 12ad0800-05cb-443c-9fdd-fa1debf04523@group-BCB82A5C07F5: changes role from CANDIDATE to FOLLOWER at term 132 for DISCOVERED_A_NEW_TERM
2019-10-18 07:24:05,351 [4dea926d-4bc6-487a-9b9b-9fd457d0fae4@group-0C9C3B2D0CC1-LeaderElection1164] INFO  impl.RoleInfo (RoleInfo.java:updateAndGet(143)) - 4dea926d-4bc6-487a-9b9b-9fd457d0fae4: start FollowerState
2019-10-18 07:24:05,351 [12ad0800-05cb-443c-9fdd-fa1debf04523@group-BCB82A5C07F5-LeaderElection1163] INFO  impl.RoleInfo (RoleInfo.java:shutdownLeaderElection(134)) - 12ad0800-05cb-443c-9fdd-fa1debf04523: shutdown LeaderElection
2019-10-18 07:24:05,351 [12ad0800-05cb-443c-9fdd-fa1debf04523@group-BCB82A5C07F5-LeaderElection1163] INFO  impl.RoleInfo (RoleInfo.java:updateAndGet(143)) - 12ad0800-05cb-443c-9fdd-fa1debf04523: start FollowerState
2019-10-18 07:24:05,386 [Thread-10312] INFO  impl.FollowerState (FollowerState.java:run(108)) - 4dea926d-4bc6-487a-9b9b-9fd457d0fae4@group-0C9C3B2D0CC1-FollowerState: change to CANDIDATE, lastRpcTime:35ms, electionTimeout:35ms
2019-10-18 07:24:05,386 [Thread-10312] INFO  impl.RoleInfo (RoleInfo.java:shutdownFollowerState(121)) - 4dea926d-4bc6-487a-9b9b-9fd457d0fae4: shutdown FollowerState
2019-10-18 07:24:05,387 [Thread-10312] INFO  impl.RaftServerImpl (RaftServerImpl.java:setRole(184)) - 4dea926d-4bc6-487a-9b9b-9fd457d0fae4@group-0C9C3B2D0CC1: changes role from  FOLLOWER to CANDIDATE at term 118 for changeToCandidate
2019-10-18 07:24:05,387 [Thread-10312] INFO  impl.RoleInfo (RoleInfo.java:updateAndGet(143)) - 4dea926d-4bc6-487a-9b9b-9fd457d0fae4: start LeaderElection
2019-10-18 07:24:05,417 [4dea926d-4bc6-487a-9b9b-9fd457d0fae4@group-0C9C3B2D0CC1-LeaderElection1165] INFO  impl.LeaderElection (LeaderElection.java:askForVotes(178)) - 4dea926d-4bc6-487a-9b9b-9fd457d0fae4@group-0C9C3B2D0CC1-LeaderElection1165: begin an election at term 119 for -1: [6633f50a-7046-4b08-9937-8e25f1b14b15:192.168.34.25:39338, 67270882-100a-4e75-928d-618d17e069c8:192.168.34.25:36648, 4dea926d-4bc6-487a-9b9b-9fd457d0fae4:192.168.34.25:41624], old=null
2019-10-18 07:24:05,418 [grpc-default-executor-14] INFO  impl.RaftServerImpl (RaftServerImpl.java:setRole(184)) - 6633f50a-7046-4b08-9937-8e25f1b14b15@group-0C9C3B2D0CC1: changes role from  FOLLOWER to FOLLOWER at term 119 for recognizeCandidate:4dea926d-4bc6-487a-9b9b-9fd457d0fae4
2019-10-18 07:24:05,418 [grpc-default-executor-14] INFO  impl.RoleInfo (RoleInfo.java:shutdownFollowerState(121)) - 6633f50a-7046-4b08-9937-8e25f1b14b15: shutdown FollowerState
2019-10-18 07:24:05,418 [grpc-default-executor-11] INFO  impl.RaftServerImpl (RaftServerImpl.java:setRole(184)) - 67270882-100a-4e75-928d-618d17e069c8@group-0C9C3B2D0CC1: changes role from  FOLLOWER to FOLLOWER at term 119 for recognizeCandidate:4dea926d-4bc6-487a-9b9b-9fd457d0fae4
2019-10-18 07:24:05,419 [grpc-default-executor-11] INFO  impl.RoleInfo (RoleInfo.java:shutdownFollowerState(121)) - 67270882-100a-4e75-928d-618d17e069c8: shutdown FollowerState
2019-10-18 07:24:05,418 [grpc-default-executor-14] INFO  impl.RoleInfo (RoleInfo.java:updateAndGet(143)) - 6633f50a-7046-4b08-9937-8e25f1b14b15: start FollowerState
2019-10-18 07:24:05,418 [Thread-10310] INFO  impl.FollowerState (FollowerState.java:run(117)) - 6633f50a-7046-4b08-9937-8e25f1b14b15@group-0C9C3B2D0CC1-FollowerState was interrupted: java.lang.InterruptedException: sleep interrupted
2019-10-18 07:24:05,419 [Thread-10311] INFO  impl.FollowerState (FollowerState.java:run(117)) - 67270882-100a-4e75-928d-618d17e069c8@group-0C9C3B2D0CC1-FollowerState was interrupted: java.lang.InterruptedException: sleep interrupted
2019-10-18 07:24:05,419 [grpc-default-executor-11] INFO  impl.RoleInfo (RoleInfo.java:updateAndGet(143)) - 67270882-100a-4e75-928d-618d17e069c8: start FollowerState
2019-10-18 07:24:05,443 [Thread-10313] INFO  impl.FollowerState (FollowerState.java:run(108)) - 12ad0800-05cb-443c-9fdd-fa1debf04523@group-BCB82A5C07F5-FollowerState: change to CANDIDATE, lastRpcTime:91ms, electionTimeout:91ms
2019-10-18 07:24:05,443 [Thread-10313] INFO  impl.RoleInfo (RoleInfo.java:shutdownFollowerState(121)) - 12ad0800-05cb-443c-9fdd-fa1debf04523: shutdown FollowerState
2019-10-18 07:24:05,443 [Thread-10313] INFO  impl.RaftServerImpl (RaftServerImpl.java:setRole(184)) - 12ad0800-05cb-443c-9fdd-fa1debf04523@group-BCB82A5C07F5: changes role from  FOLLOWER to CANDIDATE at term 132 for changeToCandidate
2019-10-18 07:24:05,443 [4dea926d-4bc6-487a-9b9b-9fd457d0fae4@group-0C9C3B2D0CC1-LeaderElection1165] INFO  impl.LeaderElection (LeaderElection.java:logAndReturn(56)) - 4dea926d-4bc6-487a-9b9b-9fd457d0fae4@group-0C9C3B2D0CC1-LeaderElection1165: Election REJECTED; received 2 response(s) [4dea926d-4bc6-487a-9b9b-9fd457d0fae4<-6633f50a-7046-4b08-9937-8e25f1b14b15#0:FAIL-t119, 4dea926d-4bc6-487a-9b9b-9fd457d0fae4<-67270882-100a-4e75-928d-618d17e069c8#0:FAIL-t119] and 0 exception(s); 4dea926d-4bc6-487a-9b9b-9fd457d0fae4@group-0C9C3B2D0CC1:t119, leader=null, voted=4dea926d-4bc6-487a-9b9b-9fd457d0fae4, raftlog=4dea926d-4bc6-487a-9b9b-9fd457d0fae4@group-0C9C3B2D0CC1-SegmentedRaftLog:OPENED:c-1,f-1,i0, conf=-1: [6633f50a-7046-4b08-9937-8e25f1b14b15:192.168.34.25:39338, 67270882-100a-4e75-928d-618d17e069c8:192.168.34.25:36648, 4dea926d-4bc6-487a-9b9b-9fd457d0fae4:192.168.34.25:41624], old=null
2019-10-18 07:24:05,443 [Thread-10313] INFO  impl.RoleInfo (RoleInfo.java:updateAndGet(143)) - 12ad0800-05cb-443c-9fdd-fa1debf04523: start LeaderElection
2019-10-18 07:24:05,443 [4dea926d-4bc6-487a-9b9b-9fd457d0fae4@group-0C9C3B2D0CC1-LeaderElection1165] INFO  impl.RaftServerImpl (RaftServerImpl.java:setRole(184)) - 4dea926d-4bc6-487a-9b9b-9fd457d0fae4@group-0C9C3B2D0CC1: changes role from CANDIDATE to FOLLOWER at term 119 for DISCOVERED_A_NEW_TERM
2019-10-18 07:24:05,443 [4dea926d-4bc6-487a-9b9b-9fd457d0fae4@group-0C9C3B2D0CC1-LeaderElection1165] INFO  impl.RoleInfo (RoleInfo.java:shutdownLeaderElection(134)) - 4dea926d-4bc6-487a-9b9b-9fd457d0fae4: shutdown LeaderElection
2019-10-18 07:24:05,444 [4dea926d-4bc6-487a-9b9b-9fd457d0fae4@group-0C9C3B2D0CC1-LeaderElection1165] INFO  impl.RoleInfo (RoleInfo.java:updateAndGet(143)) - 4dea926d-4bc6-487a-9b9b-9fd457d0fae4: start FollowerState
2019-10-18 07:24:05,476 [12ad0800-05cb-443c-9fdd-fa1debf04523@group-BCB82A5C07F5-LeaderElection1166] INFO  impl.LeaderElection (LeaderElection.java:askForVotes(178)) - 12ad0800-05cb-443c-9fdd-fa1debf04523@group-BCB82A5C07F5-LeaderElection1166: begin an election at term 133 for -1: [12ad0800-05cb-443c-9fdd-fa1debf04523:192.168.34.25:41155, 5170c5f3-8499-4b42-9321-85fc8a351f79:192.168.34.25:43074, 0b10a9fc-47eb-4a2b-b664-8273d9d17379:192.168.34.25:45248], old=null
2019-10-18 07:24:05,476 [12ad0800-05cb-443c-9fdd-fa1debf04523@group-BCB82A5C07F5-LeaderElection1166] INFO  impl.LeaderElection (LogUtils.java:infoOrTrace(149)) - 12ad0800-05cb-443c-9fdd-fa1debf04523@group-BCB82A5C07F5-LeaderElection1166 got exception when requesting votes: {}
java.util.concurrent.ExecutionException: org.apache.ratis.thirdparty.io.grpc.StatusRuntimeException: UNAVAILABLE: io exception
	at java.util.concurrent.FutureTask.report(FutureTask.java:122)
	at java.util.concurrent.FutureTask.get(FutureTask.java:192)
	at org.apache.ratis.server.impl.LeaderElection.waitForResults(LeaderElection.java:259)
	at org.apache.ratis.server.impl.LeaderElection.askForVotes(LeaderElection.java:197)
	at org.apache.ratis.server.impl.LeaderElection.run(LeaderElection.java:133)
	at java.lang.Thread.run(Thread.java:748)
Caused by: org.apache.ratis.thirdparty.io.grpc.StatusRuntimeException: UNAVAILABLE: io exception
	at org.apache.ratis.thirdparty.io.grpc.stub.ClientCalls.toStatusRuntimeException(ClientCalls.java:233)
	at org.apache.ratis.thirdparty.io.grpc.stub.ClientCalls.getUnchecked(ClientCalls.java:214)
	at org.apache.ratis.thirdparty.io.grpc.stub.ClientCalls.blockingUnaryCall(ClientCalls.java:139)
	at org.apache.ratis.proto.grpc.RaftServerProtocolServiceGrpc$RaftServerProtocolServiceBlockingStub.requestVote(RaftServerProtocolServiceGrpc.java:265)
	at org.apache.ratis.grpc.server.GrpcServerProtocolClient.requestVote(GrpcServerProtocolClient.java:99)
	at org.apache.ratis.grpc.server.GrpcService.requestVote(GrpcService.java:204)
	at org.apache.ratis.server.impl.LeaderElection.lambda$submitRequests$1(LeaderElection.java:234)
	at java.util.concurrent.FutureTask.run(FutureTask.java:266)
	at java.util.concurrent.Executors$RunnableAdapter.call(Executors.java:511)
	at java.util.concurrent.FutureTask.run(FutureTask.java:266)
	at java.util.concurrent.ThreadPoolExecutor.runWorker(ThreadPoolExecutor.java:1149)
	at java.util.concurrent.ThreadPoolExecutor$Worker.run(ThreadPoolExecutor.java:624)
	... 1 more
Caused by: org.apache.ratis.thirdparty.io.netty.channel.AbstractChannel$AnnotatedConnectException: Connection refused: /192.168.34.25:45248
	at sun.nio.ch.SocketChannelImpl.checkConnect(Native Method)
	at sun.nio.ch.SocketChannelImpl.finishConnect(SocketChannelImpl.java:717)
	at org.apache.ratis.thirdparty.io.netty.channel.socket.nio.NioSocketChannel.doFinishConnect(NioSocketChannel.java:327)
	at org.apache.ratis.thirdparty.io.netty.channel.nio.AbstractNioChannel$AbstractNioUnsafe.finishConnect(AbstractNioChannel.java:340)
	at org.apache.ratis.thirdparty.io.netty.channel.nio.NioEventLoop.processSelectedKey(NioEventLoop.java:632)
	at org.apache.ratis.thirdparty.io.netty.channel.nio.NioEventLoop.processSelectedKeysOptimized(NioEventLoop.java:579)
	at org.apache.ratis.thirdparty.io.netty.channel.nio.NioEventLoop.processSelectedKeys(NioEventLoop.java:496)
	at org.apache.ratis.thirdparty.io.netty.channel.nio.NioEventLoop.run(NioEventLoop.java:458)
	at org.apache.ratis.thirdparty.io.netty.util.concurrent.SingleThreadEventExecutor$5.run(SingleThreadEventExecutor.java:897)
	at org.apache.ratis.thirdparty.io.netty.util.concurrent.FastThreadLocalRunnable.run(FastThreadLocalRunnable.java:30)
	... 1 more
Caused by: java.net.ConnectException: Connection refused
	... 11 more
2019-10-18 07:24:05,477 [grpc-default-executor-11] INFO  impl.RaftServerImpl (RaftServerImpl.java:setRole(184)) - 5170c5f3-8499-4b42-9321-85fc8a351f79@group-BCB82A5C07F5: changes role from  FOLLOWER to FOLLOWER at term 133 for recognizeCandidate:12ad0800-05cb-443c-9fdd-fa1debf04523
2019-10-18 07:24:05,477 [grpc-default-executor-11] INFO  impl.RoleInfo (RoleInfo.java:shutdownFollowerState(121)) - 5170c5f3-8499-4b42-9321-85fc8a351f79: shutdown FollowerState
2019-10-18 07:24:05,477 [grpc-default-executor-11] INFO  impl.RoleInfo (RoleInfo.java:updateAndGet(143)) - 5170c5f3-8499-4b42-9321-85fc8a351f79: start FollowerState
2019-10-18 07:24:05,477 [Thread-10309] INFO  impl.FollowerState (FollowerState.java:run(117)) - 5170c5f3-8499-4b42-9321-85fc8a351f79@group-BCB82A5C07F5-FollowerState was interrupted: java.lang.InterruptedException: sleep interrupted
2019-10-18 07:24:05,510 [12ad0800-05cb-443c-9fdd-fa1debf04523@group-BCB82A5C07F5-LeaderElection1166] INFO  impl.LeaderElection (LeaderElection.java:logAndReturn(56)) - 12ad0800-05cb-443c-9fdd-fa1debf04523@group-BCB82A5C07F5-LeaderElection1166: Election REJECTED; received 1 response(s) [12ad0800-05cb-443c-9fdd-fa1debf04523<-5170c5f3-8499-4b42-9321-85fc8a351f79#0:FAIL-t133] and 1 exception(s); 12ad0800-05cb-443c-9fdd-fa1debf04523@group-BCB82A5C07F5:t133, leader=null, voted=12ad0800-05cb-443c-9fdd-fa1debf04523, raftlog=12ad0800-05cb-443c-9fdd-fa1debf04523@group-BCB82A5C07F5-SegmentedRaftLog:OPENED:c-1,f-1,i0, conf=-1: [12ad0800-05cb-443c-9fdd-fa1debf04523:192.168.34.25:41155, 5170c5f3-8499-4b42-9321-85fc8a351f79:192.168.34.25:43074, 0b10a9fc-47eb-4a2b-b664-8273d9d17379:192.168.34.25:45248], old=null
2019-10-18 07:24:05,510 [12ad0800-05cb-443c-9fdd-fa1debf04523@group-BCB82A5C07F5-LeaderElection1166] INFO  impl.LeaderElection (LogUtils.java:infoOrTrace(149)) -   Exception 0: {}
java.util.concurrent.ExecutionException: org.apache.ratis.thirdparty.io.grpc.StatusRuntimeException: UNAVAILABLE: io exception
	at java.util.concurrent.FutureTask.report(FutureTask.java:122)
	at java.util.concurrent.FutureTask.get(FutureTask.java:192)
	at org.apache.ratis.server.impl.LeaderElection.waitForResults(LeaderElection.java:259)
	at org.apache.ratis.server.impl.LeaderElection.askForVotes(LeaderElection.java:197)
	at org.apache.ratis.server.impl.LeaderElection.run(LeaderElection.java:133)
	at java.lang.Thread.run(Thread.java:748)
Caused by: org.apache.ratis.thirdparty.io.grpc.StatusRuntimeException: UNAVAILABLE: io exception
	at org.apache.ratis.thirdparty.io.grpc.stub.ClientCalls.toStatusRuntimeException(ClientCalls.java:233)
	at org.apache.ratis.thirdparty.io.grpc.stub.ClientCalls.getUnchecked(ClientCalls.java:214)
	at org.apache.ratis.thirdparty.io.grpc.stub.ClientCalls.blockingUnaryCall(ClientCalls.java:139)
	at org.apache.ratis.proto.grpc.RaftServerProtocolServiceGrpc$RaftServerProtocolServiceBlockingStub.requestVote(RaftServerProtocolServiceGrpc.java:265)
	at org.apache.ratis.grpc.server.GrpcServerProtocolClient.requestVote(GrpcServerProtocolClient.java:99)
	at org.apache.ratis.grpc.server.GrpcService.requestVote(GrpcService.java:204)
	at org.apache.ratis.server.impl.LeaderElection.lambda$submitRequests$1(LeaderElection.java:234)
	at java.util.concurrent.FutureTask.run(FutureTask.java:266)
	at java.util.concurrent.Executors$RunnableAdapter.call(Executors.java:511)
	at java.util.concurrent.FutureTask.run(FutureTask.java:266)
	at java.util.concurrent.ThreadPoolExecutor.runWorker(ThreadPoolExecutor.java:1149)
	at java.util.concurrent.ThreadPoolExecutor$Worker.run(ThreadPoolExecutor.java:624)
	... 1 more
Caused by: org.apache.ratis.thirdparty.io.netty.channel.AbstractChannel$AnnotatedConnectException: Connection refused: /192.168.34.25:45248
	at sun.nio.ch.SocketChannelImpl.checkConnect(Native Method)
	at sun.nio.ch.SocketChannelImpl.finishConnect(SocketChannelImpl.java:717)
	at org.apache.ratis.thirdparty.io.netty.channel.socket.nio.NioSocketChannel.doFinishConnect(NioSocketChannel.java:327)
	at org.apache.ratis.thirdparty.io.netty.channel.nio.AbstractNioChannel$AbstractNioUnsafe.finishConnect(AbstractNioChannel.java:340)
	at org.apache.ratis.thirdparty.io.netty.channel.nio.NioEventLoop.processSelectedKey(NioEventLoop.java:632)
	at org.apache.ratis.thirdparty.io.netty.channel.nio.NioEventLoop.processSelectedKeysOptimized(NioEventLoop.java:579)
	at org.apache.ratis.thirdparty.io.netty.channel.nio.NioEventLoop.processSelectedKeys(NioEventLoop.java:496)
	at org.apache.ratis.thirdparty.io.netty.channel.nio.NioEventLoop.run(NioEventLoop.java:458)
	at org.apache.ratis.thirdparty.io.netty.util.concurrent.SingleThreadEventExecutor$5.run(SingleThreadEventExecutor.java:897)
	at org.apache.ratis.thirdparty.io.netty.util.concurrent.FastThreadLocalRunnable.run(FastThreadLocalRunnable.java:30)
	... 1 more
Caused by: java.net.ConnectException: Connection refused
	... 11 more
2019-10-18 07:24:05,510 [12ad0800-05cb-443c-9fdd-fa1debf04523@group-BCB82A5C07F5-LeaderElection1166] INFO  impl.RaftServerImpl (RaftServerImpl.java:setRole(184)) - 12ad0800-05cb-443c-9fdd-fa1debf04523@group-BCB82A5C07F5: changes role from CANDIDATE to FOLLOWER at term 133 for DISCOVERED_A_NEW_TERM
2019-10-18 07:24:05,510 [12ad0800-05cb-443c-9fdd-fa1debf04523@group-BCB82A5C07F5-LeaderElection1166] INFO  impl.RoleInfo (RoleInfo.java:shutdownLeaderElection(134)) - 12ad0800-05cb-443c-9fdd-fa1debf04523: shutdown LeaderElection
2019-10-18 07:24:05,510 [12ad0800-05cb-443c-9fdd-fa1debf04523@group-BCB82A5C07F5-LeaderElection1166] INFO  impl.RoleInfo (RoleInfo.java:updateAndGet(143)) - 12ad0800-05cb-443c-9fdd-fa1debf04523: start FollowerState
2019-10-18 07:24:05,523 [Thread-10324] INFO  impl.FollowerState (FollowerState.java:run(108)) - 12ad0800-05cb-443c-9fdd-fa1debf04523@group-BCB82A5C07F5-FollowerState: change to CANDIDATE, lastRpcTime:12ms, electionTimeout:12ms
2019-10-18 07:24:05,523 [Thread-10324] INFO  impl.RoleInfo (RoleInfo.java:shutdownFollowerState(121)) - 12ad0800-05cb-443c-9fdd-fa1debf04523: shutdown FollowerState
2019-10-18 07:24:05,523 [Thread-10324] INFO  impl.RaftServerImpl (RaftServerImpl.java:setRole(184)) - 12ad0800-05cb-443c-9fdd-fa1debf04523@group-BCB82A5C07F5: changes role from  FOLLOWER to CANDIDATE at term 133 for changeToCandidate
2019-10-18 07:24:05,523 [Thread-10324] INFO  impl.RoleInfo (RoleInfo.java:updateAndGet(143)) - 12ad0800-05cb-443c-9fdd-fa1debf04523: start LeaderElection
2019-10-18 07:24:05,547 [Thread-10320] INFO  impl.FollowerState (FollowerState.java:run(108)) - 4dea926d-4bc6-487a-9b9b-9fd457d0fae4@group-0C9C3B2D0CC1-FollowerState: change to CANDIDATE, lastRpcTime:103ms, electionTimeout:103ms
2019-10-18 07:24:05,548 [Thread-10320] INFO  impl.RoleInfo (RoleInfo.java:shutdownFollowerState(121)) - 4dea926d-4bc6-487a-9b9b-9fd457d0fae4: shutdown FollowerState
2019-10-18 07:24:05,548 [Thread-10320] INFO  impl.RaftServerImpl (RaftServerImpl.java:setRole(184)) - 4dea926d-4bc6-487a-9b9b-9fd457d0fae4@group-0C9C3B2D0CC1: changes role from  FOLLOWER to CANDIDATE at term 119 for changeToCandidate
2019-10-18 07:24:05,548 [Thread-10320] INFO  impl.RoleInfo (RoleInfo.java:updateAndGet(143)) - 4dea926d-4bc6-487a-9b9b-9fd457d0fae4: start LeaderElection
2019-10-18 07:24:05,552 [12ad0800-05cb-443c-9fdd-fa1debf04523@group-BCB82A5C07F5-LeaderElection1167] INFO  impl.LeaderElection (LeaderElection.java:askForVotes(178)) - 12ad0800-05cb-443c-9fdd-fa1debf04523@group-BCB82A5C07F5-LeaderElection1167: begin an election at term 134 for -1: [12ad0800-05cb-443c-9fdd-fa1debf04523:192.168.34.25:41155, 5170c5f3-8499-4b42-9321-85fc8a351f79:192.168.34.25:43074, 0b10a9fc-47eb-4a2b-b664-8273d9d17379:192.168.34.25:45248], old=null
2019-10-18 07:24:05,552 [12ad0800-05cb-443c-9fdd-fa1debf04523@group-BCB82A5C07F5-LeaderElection1167] INFO  impl.LeaderElection (LogUtils.java:infoOrTrace(149)) - 12ad0800-05cb-443c-9fdd-fa1debf04523@group-BCB82A5C07F5-LeaderElection1167 got exception when requesting votes: {}
java.util.concurrent.ExecutionException: org.apache.ratis.thirdparty.io.grpc.StatusRuntimeException: UNAVAILABLE: io exception
	at java.util.concurrent.FutureTask.report(FutureTask.java:122)
	at java.util.concurrent.FutureTask.get(FutureTask.java:192)
	at org.apache.ratis.server.impl.LeaderElection.waitForResults(LeaderElection.java:259)
	at org.apache.ratis.server.impl.LeaderElection.askForVotes(LeaderElection.java:197)
	at org.apache.ratis.server.impl.LeaderElection.run(LeaderElection.java:133)
	at java.lang.Thread.run(Thread.java:748)
Caused by: org.apache.ratis.thirdparty.io.grpc.StatusRuntimeException: UNAVAILABLE: io exception
	at org.apache.ratis.thirdparty.io.grpc.stub.ClientCalls.toStatusRuntimeException(ClientCalls.java:233)
	at org.apache.ratis.thirdparty.io.grpc.stub.ClientCalls.getUnchecked(ClientCalls.java:214)
	at org.apache.ratis.thirdparty.io.grpc.stub.ClientCalls.blockingUnaryCall(ClientCalls.java:139)
	at org.apache.ratis.proto.grpc.RaftServerProtocolServiceGrpc$RaftServerProtocolServiceBlockingStub.requestVote(RaftServerProtocolServiceGrpc.java:265)
	at org.apache.ratis.grpc.server.GrpcServerProtocolClient.requestVote(GrpcServerProtocolClient.java:99)
	at org.apache.ratis.grpc.server.GrpcService.requestVote(GrpcService.java:204)
	at org.apache.ratis.server.impl.LeaderElection.lambda$submitRequests$1(LeaderElection.java:234)
	at java.util.concurrent.FutureTask.run(FutureTask.java:266)
	at java.util.concurrent.Executors$RunnableAdapter.call(Executors.java:511)
	at java.util.concurrent.FutureTask.run(FutureTask.java:266)
	at java.util.concurrent.ThreadPoolExecutor.runWorker(ThreadPoolExecutor.java:1149)
	at java.util.concurrent.ThreadPoolExecutor$Worker.run(ThreadPoolExecutor.java:624)
	... 1 more
Caused by: org.apache.ratis.thirdparty.io.netty.channel.AbstractChannel$AnnotatedConnectException: Connection refused: /192.168.34.25:45248
	at sun.nio.ch.SocketChannelImpl.checkConnect(Native Method)
	at sun.nio.ch.SocketChannelImpl.finishConnect(SocketChannelImpl.java:717)
	at org.apache.ratis.thirdparty.io.netty.channel.socket.nio.NioSocketChannel.doFinishConnect(NioSocketChannel.java:327)
	at org.apache.ratis.thirdparty.io.netty.channel.nio.AbstractNioChannel$AbstractNioUnsafe.finishConnect(AbstractNioChannel.java:340)
	at org.apache.ratis.thirdparty.io.netty.channel.nio.NioEventLoop.processSelectedKey(NioEventLoop.java:632)
	at org.apache.ratis.thirdparty.io.netty.channel.nio.NioEventLoop.processSelectedKeysOptimized(NioEventLoop.java:579)
	at org.apache.ratis.thirdparty.io.netty.channel.nio.NioEventLoop.processSelectedKeys(NioEventLoop.java:496)
	at org.apache.ratis.thirdparty.io.netty.channel.nio.NioEventLoop.run(NioEventLoop.java:458)
	at org.apache.ratis.thirdparty.io.netty.util.concurrent.SingleThreadEventExecutor$5.run(SingleThreadEventExecutor.java:897)
	at org.apache.ratis.thirdparty.io.netty.util.concurrent.FastThreadLocalRunnable.run(FastThreadLocalRunnable.java:30)
	... 1 more
Caused by: java.net.ConnectException: Connection refused
	... 11 more
2019-10-18 07:24:05,553 [grpc-default-executor-11] INFO  impl.RaftServerImpl (RaftServerImpl.java:setRole(184)) - 5170c5f3-8499-4b42-9321-85fc8a351f79@group-BCB82A5C07F5: changes role from  FOLLOWER to FOLLOWER at term 134 for recognizeCandidate:12ad0800-05cb-443c-9fdd-fa1debf04523
2019-10-18 07:24:05,553 [grpc-default-executor-11] INFO  impl.RoleInfo (RoleInfo.java:shutdownFollowerState(121)) - 5170c5f3-8499-4b42-9321-85fc8a351f79: shutdown FollowerState
2019-10-18 07:24:05,553 [grpc-default-executor-11] INFO  impl.RoleInfo (RoleInfo.java:updateAndGet(143)) - 5170c5f3-8499-4b42-9321-85fc8a351f79: start FollowerState
2019-10-18 07:24:05,553 [Thread-10323] INFO  impl.FollowerState (FollowerState.java:run(117)) - 5170c5f3-8499-4b42-9321-85fc8a351f79@group-BCB82A5C07F5-FollowerState was interrupted: java.lang.InterruptedException: sleep interrupted
2019-10-18 07:24:05,577 [4dea926d-4bc6-487a-9b9b-9fd457d0fae4@group-0C9C3B2D0CC1-LeaderElection1168] INFO  impl.LeaderElection (LeaderElection.java:askForVotes(178)) - 4dea926d-4bc6-487a-9b9b-9fd457d0fae4@group-0C9C3B2D0CC1-LeaderElection1168: begin an election at term 120 for -1: [6633f50a-7046-4b08-9937-8e25f1b14b15:192.168.34.25:39338, 67270882-100a-4e75-928d-618d17e069c8:192.168.34.25:36648, 4dea926d-4bc6-487a-9b9b-9fd457d0fae4:192.168.34.25:41624], old=null
2019-10-18 07:24:05,578 [12ad0800-05cb-443c-9fdd-fa1debf04523@group-BCB82A5C07F5-LeaderElection1167] INFO  impl.LeaderElection (LeaderElection.java:logAndReturn(56)) - 12ad0800-05cb-443c-9fdd-fa1debf04523@group-BCB82A5C07F5-LeaderElection1167: Election REJECTED; received 1 response(s) [12ad0800-05cb-443c-9fdd-fa1debf04523<-5170c5f3-8499-4b42-9321-85fc8a351f79#0:FAIL-t134] and 1 exception(s); 12ad0800-05cb-443c-9fdd-fa1debf04523@group-BCB82A5C07F5:t134, leader=null, voted=12ad0800-05cb-443c-9fdd-fa1debf04523, raftlog=12ad0800-05cb-443c-9fdd-fa1debf04523@group-BCB82A5C07F5-SegmentedRaftLog:OPENED:c-1,f-1,i0, conf=-1: [12ad0800-05cb-443c-9fdd-fa1debf04523:192.168.34.25:41155, 5170c5f3-8499-4b42-9321-85fc8a351f79:192.168.34.25:43074, 0b10a9fc-47eb-4a2b-b664-8273d9d17379:192.168.34.25:45248], old=null
2019-10-18 07:24:05,578 [12ad0800-05cb-443c-9fdd-fa1debf04523@group-BCB82A5C07F5-LeaderElection1167] INFO  impl.LeaderElection (LogUtils.java:infoOrTrace(149)) -   Exception 0: {}
java.util.concurrent.ExecutionException: org.apache.ratis.thirdparty.io.grpc.StatusRuntimeException: UNAVAILABLE: io exception
	at java.util.concurrent.FutureTask.report(FutureTask.java:122)
	at java.util.concurrent.FutureTask.get(FutureTask.java:192)
	at org.apache.ratis.server.impl.LeaderElection.waitForResults(LeaderElection.java:259)
	at org.apache.ratis.server.impl.LeaderElection.askForVotes(LeaderElection.java:197)
	at org.apache.ratis.server.impl.LeaderElection.run(LeaderElection.java:133)
	at java.lang.Thread.run(Thread.java:748)
Caused by: org.apache.ratis.thirdparty.io.grpc.StatusRuntimeException: UNAVAILABLE: io exception
	at org.apache.ratis.thirdparty.io.grpc.stub.ClientCalls.toStatusRuntimeException(ClientCalls.java:233)
	at org.apache.ratis.thirdparty.io.grpc.stub.ClientCalls.getUnchecked(ClientCalls.java:214)
	at org.apache.ratis.thirdparty.io.grpc.stub.ClientCalls.blockingUnaryCall(ClientCalls.java:139)
	at org.apache.ratis.proto.grpc.RaftServerProtocolServiceGrpc$RaftServerProtocolServiceBlockingStub.requestVote(RaftServerProtocolServiceGrpc.java:265)
	at org.apache.ratis.grpc.server.GrpcServerProtocolClient.requestVote(GrpcServerProtocolClient.java:99)
	at org.apache.ratis.grpc.server.GrpcService.requestVote(GrpcService.java:204)
	at org.apache.ratis.server.impl.LeaderElection.lambda$submitRequests$1(LeaderElection.java:234)
	at java.util.concurrent.FutureTask.run(FutureTask.java:266)
	at java.util.concurrent.Executors$RunnableAdapter.call(Executors.java:511)
	at java.util.concurrent.FutureTask.run(FutureTask.java:266)
	at java.util.concurrent.ThreadPoolExecutor.runWorker(ThreadPoolExecutor.java:1149)
	at java.util.concurrent.ThreadPoolExecutor$Worker.run(ThreadPoolExecutor.java:624)
	... 1 more
Caused by: org.apache.ratis.thirdparty.io.netty.channel.AbstractChannel$AnnotatedConnectException: Connection refused: /192.168.34.25:45248
	at sun.nio.ch.SocketChannelImpl.checkConnect(Native Method)
	at sun.nio.ch.SocketChannelImpl.finishConnect(SocketChannelImpl.java:717)
	at org.apache.ratis.thirdparty.io.netty.channel.socket.nio.NioSocketChannel.doFinishConnect(NioSocketChannel.java:327)
	at org.apache.ratis.thirdparty.io.netty.channel.nio.AbstractNioChannel$AbstractNioUnsafe.finishConnect(AbstractNioChannel.java:340)
	at org.apache.ratis.thirdparty.io.netty.channel.nio.NioEventLoop.processSelectedKey(NioEventLoop.java:632)
	at org.apache.ratis.thirdparty.io.netty.channel.nio.NioEventLoop.processSelectedKeysOptimized(NioEventLoop.java:579)
	at org.apache.ratis.thirdparty.io.netty.channel.nio.NioEventLoop.processSelectedKeys(NioEventLoop.java:496)
	at org.apache.ratis.thirdparty.io.netty.channel.nio.NioEventLoop.run(NioEventLoop.java:458)
	at org.apache.ratis.thirdparty.io.netty.util.concurrent.SingleThreadEventExecutor$5.run(SingleThreadEventExecutor.java:897)
	at org.apache.ratis.thirdparty.io.netty.util.concurrent.FastThreadLocalRunnable.run(FastThreadLocalRunnable.java:30)
	... 1 more
Caused by: java.net.ConnectException: Connection refused
	... 11 more
2019-10-18 07:24:05,578 [12ad0800-05cb-443c-9fdd-fa1debf04523@group-BCB82A5C07F5-LeaderElection1167] INFO  impl.RaftServerImpl (RaftServerImpl.java:setRole(184)) - 12ad0800-05cb-443c-9fdd-fa1debf04523@group-BCB82A5C07F5: changes role from CANDIDATE to FOLLOWER at term 134 for DISCOVERED_A_NEW_TERM
2019-10-18 07:24:05,578 [12ad0800-05cb-443c-9fdd-fa1debf04523@group-BCB82A5C07F5-LeaderElection1167] INFO  impl.RoleInfo (RoleInfo.java:shutdownLeaderElection(134)) - 12ad0800-05cb-443c-9fdd-fa1debf04523: shutdown LeaderElection
2019-10-18 07:24:05,578 [12ad0800-05cb-443c-9fdd-fa1debf04523@group-BCB82A5C07F5-LeaderElection1167] INFO  impl.RoleInfo (RoleInfo.java:updateAndGet(143)) - 12ad0800-05cb-443c-9fdd-fa1debf04523: start FollowerState
2019-10-18 07:24:05,578 [grpc-default-executor-11] INFO  impl.RaftServerImpl (RaftServerImpl.java:setRole(184)) - 6633f50a-7046-4b08-9937-8e25f1b14b15@group-0C9C3B2D0CC1: changes role from  FOLLOWER to FOLLOWER at term 120 for recognizeCandidate:4dea926d-4bc6-487a-9b9b-9fd457d0fae4
2019-10-18 07:24:05,579 [grpc-default-executor-11] INFO  impl.RoleInfo (RoleInfo.java:shutdownFollowerState(121)) - 6633f50a-7046-4b08-9937-8e25f1b14b15: shutdown FollowerState
2019-10-18 07:24:05,579 [grpc-default-executor-11] INFO  impl.RoleInfo (RoleInfo.java:updateAndGet(143)) - 6633f50a-7046-4b08-9937-8e25f1b14b15: start FollowerState
2019-10-18 07:24:05,579 [Thread-10317] INFO  impl.FollowerState (FollowerState.java:run(117)) - 6633f50a-7046-4b08-9937-8e25f1b14b15@group-0C9C3B2D0CC1-FollowerState was interrupted: java.lang.InterruptedException: sleep interrupted
2019-10-18 07:24:05,579 [grpc-default-executor-14] INFO  impl.RaftServerImpl (RaftServerImpl.java:setRole(184)) - 67270882-100a-4e75-928d-618d17e069c8@group-0C9C3B2D0CC1: changes role from  FOLLOWER to FOLLOWER at term 120 for recognizeCandidate:4dea926d-4bc6-487a-9b9b-9fd457d0fae4
2019-10-18 07:24:05,579 [grpc-default-executor-14] INFO  impl.RoleInfo (RoleInfo.java:shutdownFollowerState(121)) - 67270882-100a-4e75-928d-618d17e069c8: shutdown FollowerState
2019-10-18 07:24:05,579 [grpc-default-executor-14] INFO  impl.RoleInfo (RoleInfo.java:updateAndGet(143)) - 67270882-100a-4e75-928d-618d17e069c8: start FollowerState
2019-10-18 07:24:05,579 [Thread-10318] INFO  impl.FollowerState (FollowerState.java:run(117)) - 67270882-100a-4e75-928d-618d17e069c8@group-0C9C3B2D0CC1-FollowerState was interrupted: java.lang.InterruptedException: sleep interrupted
2019-10-18 07:24:05,603 [4dea926d-4bc6-487a-9b9b-9fd457d0fae4@group-0C9C3B2D0CC1-LeaderElection1168] INFO  impl.LeaderElection (LeaderElection.java:logAndReturn(56)) - 4dea926d-4bc6-487a-9b9b-9fd457d0fae4@group-0C9C3B2D0CC1-LeaderElection1168: Election REJECTED; received 2 response(s) [4dea926d-4bc6-487a-9b9b-9fd457d0fae4<-6633f50a-7046-4b08-9937-8e25f1b14b15#0:FAIL-t120, 4dea926d-4bc6-487a-9b9b-9fd457d0fae4<-67270882-100a-4e75-928d-618d17e069c8#0:FAIL-t120] and 0 exception(s); 4dea926d-4bc6-487a-9b9b-9fd457d0fae4@group-0C9C3B2D0CC1:t120, leader=null, voted=4dea926d-4bc6-487a-9b9b-9fd457d0fae4, raftlog=4dea926d-4bc6-487a-9b9b-9fd457d0fae4@group-0C9C3B2D0CC1-SegmentedRaftLog:OPENED:c-1,f-1,i0, conf=-1: [6633f50a-7046-4b08-9937-8e25f1b14b15:192.168.34.25:39338, 67270882-100a-4e75-928d-618d17e069c8:192.168.34.25:36648, 4dea926d-4bc6-487a-9b9b-9fd457d0fae4:192.168.34.25:41624], old=null
2019-10-18 07:24:05,603 [4dea926d-4bc6-487a-9b9b-9fd457d0fae4@group-0C9C3B2D0CC1-LeaderElection1168] INFO  impl.RaftServerImpl (RaftServerImpl.java:setRole(184)) - 4dea926d-4bc6-487a-9b9b-9fd457d0fae4@group-0C9C3B2D0CC1: changes role from CANDIDATE to FOLLOWER at term 120 for DISCOVERED_A_NEW_TERM
2019-10-18 07:24:05,603 [4dea926d-4bc6-487a-9b9b-9fd457d0fae4@group-0C9C3B2D0CC1-LeaderElection1168] INFO  impl.RoleInfo (RoleInfo.java:shutdownLeaderElection(134)) - 4dea926d-4bc6-487a-9b9b-9fd457d0fae4: shutdown LeaderElection
2019-10-18 07:24:05,603 [4dea926d-4bc6-487a-9b9b-9fd457d0fae4@group-0C9C3B2D0CC1-LeaderElection1168] INFO  impl.RoleInfo (RoleInfo.java:updateAndGet(143)) - 4dea926d-4bc6-487a-9b9b-9fd457d0fae4: start FollowerState
2019-10-18 07:24:05,629 [Thread-10335] INFO  impl.FollowerState (FollowerState.java:run(108)) - 4dea926d-4bc6-487a-9b9b-9fd457d0fae4@group-0C9C3B2D0CC1-FollowerState: change to CANDIDATE, lastRpcTime:26ms, electionTimeout:26ms
2019-10-18 07:24:05,630 [Thread-10335] INFO  impl.RoleInfo (RoleInfo.java:shutdownFollowerState(121)) - 4dea926d-4bc6-487a-9b9b-9fd457d0fae4: shutdown FollowerState
2019-10-18 07:24:05,630 [Thread-10335] INFO  impl.RaftServerImpl (RaftServerImpl.java:setRole(184)) - 4dea926d-4bc6-487a-9b9b-9fd457d0fae4@group-0C9C3B2D0CC1: changes role from  FOLLOWER to CANDIDATE at term 120 for changeToCandidate
2019-10-18 07:24:05,630 [Thread-10335] INFO  impl.RoleInfo (RoleInfo.java:updateAndGet(143)) - 4dea926d-4bc6-487a-9b9b-9fd457d0fae4: start LeaderElection
2019-10-18 07:24:05,653 [4dea926d-4bc6-487a-9b9b-9fd457d0fae4@group-0C9C3B2D0CC1-LeaderElection1169] INFO  impl.LeaderElection (LeaderElection.java:askForVotes(178)) - 4dea926d-4bc6-487a-9b9b-9fd457d0fae4@group-0C9C3B2D0CC1-LeaderElection1169: begin an election at term 121 for -1: [6633f50a-7046-4b08-9937-8e25f1b14b15:192.168.34.25:39338, 67270882-100a-4e75-928d-618d17e069c8:192.168.34.25:36648, 4dea926d-4bc6-487a-9b9b-9fd457d0fae4:192.168.34.25:41624], old=null
2019-10-18 07:24:05,654 [grpc-default-executor-11] INFO  impl.RaftServerImpl (RaftServerImpl.java:setRole(184)) - 6633f50a-7046-4b08-9937-8e25f1b14b15@group-0C9C3B2D0CC1: changes role from  FOLLOWER to FOLLOWER at term 121 for recognizeCandidate:4dea926d-4bc6-487a-9b9b-9fd457d0fae4
2019-10-18 07:24:05,654 [grpc-default-executor-11] INFO  impl.RoleInfo (RoleInfo.java:shutdownFollowerState(121)) - 6633f50a-7046-4b08-9937-8e25f1b14b15: shutdown FollowerState
2019-10-18 07:24:05,654 [grpc-default-executor-14] INFO  impl.RaftServerImpl (RaftServerImpl.java:setRole(184)) - 67270882-100a-4e75-928d-618d17e069c8@group-0C9C3B2D0CC1: changes role from  FOLLOWER to FOLLOWER at term 121 for recognizeCandidate:4dea926d-4bc6-487a-9b9b-9fd457d0fae4
2019-10-18 07:24:05,654 [grpc-default-executor-14] INFO  impl.RoleInfo (RoleInfo.java:shutdownFollowerState(121)) - 67270882-100a-4e75-928d-618d17e069c8: shutdown FollowerState
2019-10-18 07:24:05,654 [Thread-10333] INFO  impl.FollowerState (FollowerState.java:run(117)) - 6633f50a-7046-4b08-9937-8e25f1b14b15@group-0C9C3B2D0CC1-FollowerState was interrupted: java.lang.InterruptedException: sleep interrupted
2019-10-18 07:24:05,654 [grpc-default-executor-11] INFO  impl.RoleInfo (RoleInfo.java:updateAndGet(143)) - 6633f50a-7046-4b08-9937-8e25f1b14b15: start FollowerState
2019-10-18 07:24:05,655 [Thread-10334] INFO  impl.FollowerState (FollowerState.java:run(117)) - 67270882-100a-4e75-928d-618d17e069c8@group-0C9C3B2D0CC1-FollowerState was interrupted: java.lang.InterruptedException: sleep interrupted
2019-10-18 07:24:05,655 [grpc-default-executor-14] INFO  impl.RoleInfo (RoleInfo.java:updateAndGet(143)) - 67270882-100a-4e75-928d-618d17e069c8: start FollowerState
2019-10-18 07:24:05,679 [4dea926d-4bc6-487a-9b9b-9fd457d0fae4@group-0C9C3B2D0CC1-LeaderElection1169] INFO  impl.LeaderElection (LeaderElection.java:logAndReturn(56)) - 4dea926d-4bc6-487a-9b9b-9fd457d0fae4@group-0C9C3B2D0CC1-LeaderElection1169: Election REJECTED; received 2 response(s) [4dea926d-4bc6-487a-9b9b-9fd457d0fae4<-6633f50a-7046-4b08-9937-8e25f1b14b15#0:FAIL-t121, 4dea926d-4bc6-487a-9b9b-9fd457d0fae4<-67270882-100a-4e75-928d-618d17e069c8#0:FAIL-t121] and 0 exception(s); 4dea926d-4bc6-487a-9b9b-9fd457d0fae4@group-0C9C3B2D0CC1:t121, leader=null, voted=4dea926d-4bc6-487a-9b9b-9fd457d0fae4, raftlog=4dea926d-4bc6-487a-9b9b-9fd457d0fae4@group-0C9C3B2D0CC1-SegmentedRaftLog:OPENED:c-1,f-1,i0, conf=-1: [6633f50a-7046-4b08-9937-8e25f1b14b15:192.168.34.25:39338, 67270882-100a-4e75-928d-618d17e069c8:192.168.34.25:36648, 4dea926d-4bc6-487a-9b9b-9fd457d0fae4:192.168.34.25:41624], old=null
2019-10-18 07:24:05,679 [4dea926d-4bc6-487a-9b9b-9fd457d0fae4@group-0C9C3B2D0CC1-LeaderElection1169] INFO  impl.RaftServerImpl (RaftServerImpl.java:setRole(184)) - 4dea926d-4bc6-487a-9b9b-9fd457d0fae4@group-0C9C3B2D0CC1: changes role from CANDIDATE to FOLLOWER at term 121 for DISCOVERED_A_NEW_TERM
2019-10-18 07:24:05,679 [4dea926d-4bc6-487a-9b9b-9fd457d0fae4@group-0C9C3B2D0CC1-LeaderElection1169] INFO  impl.RoleInfo (RoleInfo.java:shutdownLeaderElection(134)) - 4dea926d-4bc6-487a-9b9b-9fd457d0fae4: shutdown LeaderElection
2019-10-18 07:24:05,679 [4dea926d-4bc6-487a-9b9b-9fd457d0fae4@group-0C9C3B2D0CC1-LeaderElection1169] INFO  impl.RoleInfo (RoleInfo.java:updateAndGet(143)) - 4dea926d-4bc6-487a-9b9b-9fd457d0fae4: start FollowerState
2019-10-18 07:24:05,736 [Thread-10332] INFO  impl.FollowerState (FollowerState.java:run(108)) - 12ad0800-05cb-443c-9fdd-fa1debf04523@group-BCB82A5C07F5-FollowerState: change to CANDIDATE, lastRpcTime:157ms, electionTimeout:157ms
2019-10-18 07:24:05,736 [Thread-10332] INFO  impl.RoleInfo (RoleInfo.java:shutdownFollowerState(121)) - 12ad0800-05cb-443c-9fdd-fa1debf04523: shutdown FollowerState
2019-10-18 07:24:05,736 [Thread-10332] INFO  impl.RaftServerImpl (RaftServerImpl.java:setRole(184)) - 12ad0800-05cb-443c-9fdd-fa1debf04523@group-BCB82A5C07F5: changes role from  FOLLOWER to CANDIDATE at term 134 for changeToCandidate
2019-10-18 07:24:05,736 [Thread-10332] INFO  impl.RoleInfo (RoleInfo.java:updateAndGet(143)) - 12ad0800-05cb-443c-9fdd-fa1debf04523: start LeaderElection
2019-10-18 07:24:05,788 [12ad0800-05cb-443c-9fdd-fa1debf04523@group-BCB82A5C07F5-LeaderElection1170] INFO  impl.LeaderElection (LeaderElection.java:askForVotes(178)) - 12ad0800-05cb-443c-9fdd-fa1debf04523@group-BCB82A5C07F5-LeaderElection1170: begin an election at term 135 for -1: [12ad0800-05cb-443c-9fdd-fa1debf04523:192.168.34.25:41155, 5170c5f3-8499-4b42-9321-85fc8a351f79:192.168.34.25:43074, 0b10a9fc-47eb-4a2b-b664-8273d9d17379:192.168.34.25:45248], old=null
2019-10-18 07:24:05,789 [12ad0800-05cb-443c-9fdd-fa1debf04523@group-BCB82A5C07F5-LeaderElection1170] INFO  impl.LeaderElection (LogUtils.java:infoOrTrace(149)) - 12ad0800-05cb-443c-9fdd-fa1debf04523@group-BCB82A5C07F5-LeaderElection1170 got exception when requesting votes: {}
java.util.concurrent.ExecutionException: org.apache.ratis.thirdparty.io.grpc.StatusRuntimeException: UNAVAILABLE: io exception
	at java.util.concurrent.FutureTask.report(FutureTask.java:122)
	at java.util.concurrent.FutureTask.get(FutureTask.java:192)
	at org.apache.ratis.server.impl.LeaderElection.waitForResults(LeaderElection.java:259)
	at org.apache.ratis.server.impl.LeaderElection.askForVotes(LeaderElection.java:197)
	at org.apache.ratis.server.impl.LeaderElection.run(LeaderElection.java:133)
	at java.lang.Thread.run(Thread.java:748)
Caused by: org.apache.ratis.thirdparty.io.grpc.StatusRuntimeException: UNAVAILABLE: io exception
	at org.apache.ratis.thirdparty.io.grpc.stub.ClientCalls.toStatusRuntimeException(ClientCalls.java:233)
	at org.apache.ratis.thirdparty.io.grpc.stub.ClientCalls.getUnchecked(ClientCalls.java:214)
	at org.apache.ratis.thirdparty.io.grpc.stub.ClientCalls.blockingUnaryCall(ClientCalls.java:139)
	at org.apache.ratis.proto.grpc.RaftServerProtocolServiceGrpc$RaftServerProtocolServiceBlockingStub.requestVote(RaftServerProtocolServiceGrpc.java:265)
	at org.apache.ratis.grpc.server.GrpcServerProtocolClient.requestVote(GrpcServerProtocolClient.java:99)
	at org.apache.ratis.grpc.server.GrpcService.requestVote(GrpcService.java:204)
	at org.apache.ratis.server.impl.LeaderElection.lambda$submitRequests$1(LeaderElection.java:234)
	at java.util.concurrent.FutureTask.run(FutureTask.java:266)
	at java.util.concurrent.Executors$RunnableAdapter.call(Executors.java:511)
	at java.util.concurrent.FutureTask.run(FutureTask.java:266)
	at java.util.concurrent.ThreadPoolExecutor.runWorker(ThreadPoolExecutor.java:1149)
	at java.util.concurrent.ThreadPoolExecutor$Worker.run(ThreadPoolExecutor.java:624)
	... 1 more
Caused by: org.apache.ratis.thirdparty.io.netty.channel.AbstractChannel$AnnotatedConnectException: Connection refused: /192.168.34.25:45248
	at sun.nio.ch.SocketChannelImpl.checkConnect(Native Method)
	at sun.nio.ch.SocketChannelImpl.finishConnect(SocketChannelImpl.java:717)
	at org.apache.ratis.thirdparty.io.netty.channel.socket.nio.NioSocketChannel.doFinishConnect(NioSocketChannel.java:327)
	at org.apache.ratis.thirdparty.io.netty.channel.nio.AbstractNioChannel$AbstractNioUnsafe.finishConnect(AbstractNioChannel.java:340)
	at org.apache.ratis.thirdparty.io.netty.channel.nio.NioEventLoop.processSelectedKey(NioEventLoop.java:632)
	at org.apache.ratis.thirdparty.io.netty.channel.nio.NioEventLoop.processSelectedKeysOptimized(NioEventLoop.java:579)
	at org.apache.ratis.thirdparty.io.netty.channel.nio.NioEventLoop.processSelectedKeys(NioEventLoop.java:496)
	at org.apache.ratis.thirdparty.io.netty.channel.nio.NioEventLoop.run(NioEventLoop.java:458)
	at org.apache.ratis.thirdparty.io.netty.util.concurrent.SingleThreadEventExecutor$5.run(SingleThreadEventExecutor.java:897)
	at org.apache.ratis.thirdparty.io.netty.util.concurrent.FastThreadLocalRunnable.run(FastThreadLocalRunnable.java:30)
	... 1 more
Caused by: java.net.ConnectException: Connection refused
	... 11 more
2019-10-18 07:24:05,789 [grpc-default-executor-14] INFO  impl.RaftServerImpl (RaftServerImpl.java:setRole(184)) - 5170c5f3-8499-4b42-9321-85fc8a351f79@group-BCB82A5C07F5: changes role from  FOLLOWER to FOLLOWER at term 135 for recognizeCandidate:12ad0800-05cb-443c-9fdd-fa1debf04523
2019-10-18 07:24:05,789 [grpc-default-executor-14] INFO  impl.RoleInfo (RoleInfo.java:shutdownFollowerState(121)) - 5170c5f3-8499-4b42-9321-85fc8a351f79: shutdown FollowerState
2019-10-18 07:24:05,790 [grpc-default-executor-14] INFO  impl.RoleInfo (RoleInfo.java:updateAndGet(143)) - 5170c5f3-8499-4b42-9321-85fc8a351f79: start FollowerState
2019-10-18 07:24:05,790 [Thread-10329] INFO  impl.FollowerState (FollowerState.java:run(117)) - 5170c5f3-8499-4b42-9321-85fc8a351f79@group-BCB82A5C07F5-FollowerState was interrupted: java.lang.InterruptedException: sleep interrupted
2019-10-18 07:24:05,814 [12ad0800-05cb-443c-9fdd-fa1debf04523@group-BCB82A5C07F5-LeaderElection1170] INFO  impl.LeaderElection (LeaderElection.java:logAndReturn(56)) - 12ad0800-05cb-443c-9fdd-fa1debf04523@group-BCB82A5C07F5-LeaderElection1170: Election REJECTED; received 1 response(s) [12ad0800-05cb-443c-9fdd-fa1debf04523<-5170c5f3-8499-4b42-9321-85fc8a351f79#0:FAIL-t135] and 1 exception(s); 12ad0800-05cb-443c-9fdd-fa1debf04523@group-BCB82A5C07F5:t135, leader=null, voted=12ad0800-05cb-443c-9fdd-fa1debf04523, raftlog=12ad0800-05cb-443c-9fdd-fa1debf04523@group-BCB82A5C07F5-SegmentedRaftLog:OPENED:c-1,f-1,i0, conf=-1: [12ad0800-05cb-443c-9fdd-fa1debf04523:192.168.34.25:41155, 5170c5f3-8499-4b42-9321-85fc8a351f79:192.168.34.25:43074, 0b10a9fc-47eb-4a2b-b664-8273d9d17379:192.168.34.25:45248], old=null
2019-10-18 07:24:05,814 [12ad0800-05cb-443c-9fdd-fa1debf04523@group-BCB82A5C07F5-LeaderElection1170] INFO  impl.LeaderElection (LogUtils.java:infoOrTrace(149)) -   Exception 0: {}
java.util.concurrent.ExecutionException: org.apache.ratis.thirdparty.io.grpc.StatusRuntimeException: UNAVAILABLE: io exception
	at java.util.concurrent.FutureTask.report(FutureTask.java:122)
	at java.util.concurrent.FutureTask.get(FutureTask.java:192)
	at org.apache.ratis.server.impl.LeaderElection.waitForResults(LeaderElection.java:259)
	at org.apache.ratis.server.impl.LeaderElection.askForVotes(LeaderElection.java:197)
	at org.apache.ratis.server.impl.LeaderElection.run(LeaderElection.java:133)
	at java.lang.Thread.run(Thread.java:748)
Caused by: org.apache.ratis.thirdparty.io.grpc.StatusRuntimeException: UNAVAILABLE: io exception
	at org.apache.ratis.thirdparty.io.grpc.stub.ClientCalls.toStatusRuntimeException(ClientCalls.java:233)
	at org.apache.ratis.thirdparty.io.grpc.stub.ClientCalls.getUnchecked(ClientCalls.java:214)
	at org.apache.ratis.thirdparty.io.grpc.stub.ClientCalls.blockingUnaryCall(ClientCalls.java:139)
	at org.apache.ratis.proto.grpc.RaftServerProtocolServiceGrpc$RaftServerProtocolServiceBlockingStub.requestVote(RaftServerProtocolServiceGrpc.java:265)
	at org.apache.ratis.grpc.server.GrpcServerProtocolClient.requestVote(GrpcServerProtocolClient.java:99)
	at org.apache.ratis.grpc.server.GrpcService.requestVote(GrpcService.java:204)
	at org.apache.ratis.server.impl.LeaderElection.lambda$submitRequests$1(LeaderElection.java:234)
	at java.util.concurrent.FutureTask.run(FutureTask.java:266)
	at java.util.concurrent.Executors$RunnableAdapter.call(Executors.java:511)
	at java.util.concurrent.FutureTask.run(FutureTask.java:266)
	at java.util.concurrent.ThreadPoolExecutor.runWorker(ThreadPoolExecutor.java:1149)
	at java.util.concurrent.ThreadPoolExecutor$Worker.run(ThreadPoolExecutor.java:624)
	... 1 more
Caused by: org.apache.ratis.thirdparty.io.netty.channel.AbstractChannel$AnnotatedConnectException: Connection refused: /192.168.34.25:45248
	at sun.nio.ch.SocketChannelImpl.checkConnect(Native Method)
	at sun.nio.ch.SocketChannelImpl.finishConnect(SocketChannelImpl.java:717)
	at org.apache.ratis.thirdparty.io.netty.channel.socket.nio.NioSocketChannel.doFinishConnect(NioSocketChannel.java:327)
	at org.apache.ratis.thirdparty.io.netty.channel.nio.AbstractNioChannel$AbstractNioUnsafe.finishConnect(AbstractNioChannel.java:340)
	at org.apache.ratis.thirdparty.io.netty.channel.nio.NioEventLoop.processSelectedKey(NioEventLoop.java:632)
	at org.apache.ratis.thirdparty.io.netty.channel.nio.NioEventLoop.processSelectedKeysOptimized(NioEventLoop.java:579)
	at org.apache.ratis.thirdparty.io.netty.channel.nio.NioEventLoop.processSelectedKeys(NioEventLoop.java:496)
	at org.apache.ratis.thirdparty.io.netty.channel.nio.NioEventLoop.run(NioEventLoop.java:458)
	at org.apache.ratis.thirdparty.io.netty.util.concurrent.SingleThreadEventExecutor$5.run(SingleThreadEventExecutor.java:897)
	at org.apache.ratis.thirdparty.io.netty.util.concurrent.FastThreadLocalRunnable.run(FastThreadLocalRunnable.java:30)
	... 1 more
Caused by: java.net.ConnectException: Connection refused
	... 11 more
2019-10-18 07:24:05,814 [12ad0800-05cb-443c-9fdd-fa1debf04523@group-BCB82A5C07F5-LeaderElection1170] INFO  impl.RaftServerImpl (RaftServerImpl.java:setRole(184)) - 12ad0800-05cb-443c-9fdd-fa1debf04523@group-BCB82A5C07F5: changes role from CANDIDATE to FOLLOWER at term 135 for DISCOVERED_A_NEW_TERM
2019-10-18 07:24:05,814 [12ad0800-05cb-443c-9fdd-fa1debf04523@group-BCB82A5C07F5-LeaderElection1170] INFO  impl.RoleInfo (RoleInfo.java:shutdownLeaderElection(134)) - 12ad0800-05cb-443c-9fdd-fa1debf04523: shutdown LeaderElection
2019-10-18 07:24:05,815 [12ad0800-05cb-443c-9fdd-fa1debf04523@group-BCB82A5C07F5-LeaderElection1170] INFO  impl.RoleInfo (RoleInfo.java:updateAndGet(143)) - 12ad0800-05cb-443c-9fdd-fa1debf04523: start FollowerState
2019-10-18 07:24:05,834 [Thread-10348] INFO  impl.FollowerState (FollowerState.java:run(108)) - 12ad0800-05cb-443c-9fdd-fa1debf04523@group-BCB82A5C07F5-FollowerState: change to CANDIDATE, lastRpcTime:19ms, electionTimeout:19ms
2019-10-18 07:24:05,834 [Thread-10348] INFO  impl.RoleInfo (RoleInfo.java:shutdownFollowerState(121)) - 12ad0800-05cb-443c-9fdd-fa1debf04523: shutdown FollowerState
2019-10-18 07:24:05,834 [Thread-10348] INFO  impl.RaftServerImpl (RaftServerImpl.java:setRole(184)) - 12ad0800-05cb-443c-9fdd-fa1debf04523@group-BCB82A5C07F5: changes role from  FOLLOWER to CANDIDATE at term 135 for changeToCandidate
2019-10-18 07:24:05,834 [Thread-10348] INFO  impl.RoleInfo (RoleInfo.java:updateAndGet(143)) - 12ad0800-05cb-443c-9fdd-fa1debf04523: start LeaderElection
2019-10-18 07:24:05,851 [Thread-10341] INFO  impl.FollowerState (FollowerState.java:run(108)) - 4dea926d-4bc6-487a-9b9b-9fd457d0fae4@group-0C9C3B2D0CC1-FollowerState: change to CANDIDATE, lastRpcTime:172ms, electionTimeout:172ms
2019-10-18 07:24:05,852 [Thread-10341] INFO  impl.RoleInfo (RoleInfo.java:shutdownFollowerState(121)) - 4dea926d-4bc6-487a-9b9b-9fd457d0fae4: shutdown FollowerState
2019-10-18 07:24:05,852 [Thread-10341] INFO  impl.RaftServerImpl (RaftServerImpl.java:setRole(184)) - 4dea926d-4bc6-487a-9b9b-9fd457d0fae4@group-0C9C3B2D0CC1: changes role from  FOLLOWER to CANDIDATE at term 121 for changeToCandidate
2019-10-18 07:24:05,852 [Thread-10341] INFO  impl.RoleInfo (RoleInfo.java:updateAndGet(143)) - 4dea926d-4bc6-487a-9b9b-9fd457d0fae4: start LeaderElection
2019-10-18 07:24:05,864 [12ad0800-05cb-443c-9fdd-fa1debf04523@group-BCB82A5C07F5-LeaderElection1171] INFO  impl.LeaderElection (LeaderElection.java:askForVotes(178)) - 12ad0800-05cb-443c-9fdd-fa1debf04523@group-BCB82A5C07F5-LeaderElection1171: begin an election at term 136 for -1: [12ad0800-05cb-443c-9fdd-fa1debf04523:192.168.34.25:41155, 5170c5f3-8499-4b42-9321-85fc8a351f79:192.168.34.25:43074, 0b10a9fc-47eb-4a2b-b664-8273d9d17379:192.168.34.25:45248], old=null
2019-10-18 07:24:05,865 [12ad0800-05cb-443c-9fdd-fa1debf04523@group-BCB82A5C07F5-LeaderElection1171] INFO  impl.LeaderElection (LogUtils.java:infoOrTrace(149)) - 12ad0800-05cb-443c-9fdd-fa1debf04523@group-BCB82A5C07F5-LeaderElection1171 got exception when requesting votes: {}
java.util.concurrent.ExecutionException: org.apache.ratis.thirdparty.io.grpc.StatusRuntimeException: UNAVAILABLE: io exception
	at java.util.concurrent.FutureTask.report(FutureTask.java:122)
	at java.util.concurrent.FutureTask.get(FutureTask.java:192)
	at org.apache.ratis.server.impl.LeaderElection.waitForResults(LeaderElection.java:259)
	at org.apache.ratis.server.impl.LeaderElection.askForVotes(LeaderElection.java:197)
	at org.apache.ratis.server.impl.LeaderElection.run(LeaderElection.java:133)
	at java.lang.Thread.run(Thread.java:748)
Caused by: org.apache.ratis.thirdparty.io.grpc.StatusRuntimeException: UNAVAILABLE: io exception
	at org.apache.ratis.thirdparty.io.grpc.stub.ClientCalls.toStatusRuntimeException(ClientCalls.java:233)
	at org.apache.ratis.thirdparty.io.grpc.stub.ClientCalls.getUnchecked(ClientCalls.java:214)
	at org.apache.ratis.thirdparty.io.grpc.stub.ClientCalls.blockingUnaryCall(ClientCalls.java:139)
	at org.apache.ratis.proto.grpc.RaftServerProtocolServiceGrpc$RaftServerProtocolServiceBlockingStub.requestVote(RaftServerProtocolServiceGrpc.java:265)
	at org.apache.ratis.grpc.server.GrpcServerProtocolClient.requestVote(GrpcServerProtocolClient.java:99)
	at org.apache.ratis.grpc.server.GrpcService.requestVote(GrpcService.java:204)
	at org.apache.ratis.server.impl.LeaderElection.lambda$submitRequests$1(LeaderElection.java:234)
	at java.util.concurrent.FutureTask.run(FutureTask.java:266)
	at java.util.concurrent.Executors$RunnableAdapter.call(Executors.java:511)
	at java.util.concurrent.FutureTask.run(FutureTask.java:266)
	at java.util.concurrent.ThreadPoolExecutor.runWorker(ThreadPoolExecutor.java:1149)
	at java.util.concurrent.ThreadPoolExecutor$Worker.run(ThreadPoolExecutor.java:624)
	... 1 more
Caused by: org.apache.ratis.thirdparty.io.netty.channel.AbstractChannel$AnnotatedConnectException: Connection refused: /192.168.34.25:45248
	at sun.nio.ch.SocketChannelImpl.checkConnect(Native Method)
	at sun.nio.ch.SocketChannelImpl.finishConnect(SocketChannelImpl.java:717)
	at org.apache.ratis.thirdparty.io.netty.channel.socket.nio.NioSocketChannel.doFinishConnect(NioSocketChannel.java:327)
	at org.apache.ratis.thirdparty.io.netty.channel.nio.AbstractNioChannel$AbstractNioUnsafe.finishConnect(AbstractNioChannel.java:340)
	at org.apache.ratis.thirdparty.io.netty.channel.nio.NioEventLoop.processSelectedKey(NioEventLoop.java:632)
	at org.apache.ratis.thirdparty.io.netty.channel.nio.NioEventLoop.processSelectedKeysOptimized(NioEventLoop.java:579)
	at org.apache.ratis.thirdparty.io.netty.channel.nio.NioEventLoop.processSelectedKeys(NioEventLoop.java:496)
	at org.apache.ratis.thirdparty.io.netty.channel.nio.NioEventLoop.run(NioEventLoop.java:458)
	at org.apache.ratis.thirdparty.io.netty.util.concurrent.SingleThreadEventExecutor$5.run(SingleThreadEventExecutor.java:897)
	at org.apache.ratis.thirdparty.io.netty.util.concurrent.FastThreadLocalRunnable.run(FastThreadLocalRunnable.java:30)
	... 1 more
Caused by: java.net.ConnectException: Connection refused
	... 11 more
2019-10-18 07:24:05,865 [grpc-default-executor-14] INFO  impl.RaftServerImpl (RaftServerImpl.java:setRole(184)) - 5170c5f3-8499-4b42-9321-85fc8a351f79@group-BCB82A5C07F5: changes role from  FOLLOWER to FOLLOWER at term 136 for recognizeCandidate:12ad0800-05cb-443c-9fdd-fa1debf04523
2019-10-18 07:24:05,865 [grpc-default-executor-14] INFO  impl.RoleInfo (RoleInfo.java:shutdownFollowerState(121)) - 5170c5f3-8499-4b42-9321-85fc8a351f79: shutdown FollowerState
2019-10-18 07:24:05,865 [grpc-default-executor-14] INFO  impl.RoleInfo (RoleInfo.java:updateAndGet(143)) - 5170c5f3-8499-4b42-9321-85fc8a351f79: start FollowerState
2019-10-18 07:24:05,865 [Thread-10347] INFO  impl.FollowerState (FollowerState.java:run(117)) - 5170c5f3-8499-4b42-9321-85fc8a351f79@group-BCB82A5C07F5-FollowerState was interrupted: java.lang.InterruptedException: sleep interrupted
2019-10-18 07:24:05,881 [4dea926d-4bc6-487a-9b9b-9fd457d0fae4@group-0C9C3B2D0CC1-LeaderElection1172] INFO  impl.LeaderElection (LeaderElection.java:askForVotes(178)) - 4dea926d-4bc6-487a-9b9b-9fd457d0fae4@group-0C9C3B2D0CC1-LeaderElection1172: begin an election at term 122 for -1: [6633f50a-7046-4b08-9937-8e25f1b14b15:192.168.34.25:39338, 67270882-100a-4e75-928d-618d17e069c8:192.168.34.25:36648, 4dea926d-4bc6-487a-9b9b-9fd457d0fae4:192.168.34.25:41624], old=null
2019-10-18 07:24:05,881 [12ad0800-05cb-443c-9fdd-fa1debf04523@group-BCB82A5C07F5-LeaderElection1171] INFO  impl.LeaderElection (LeaderElection.java:logAndReturn(56)) - 12ad0800-05cb-443c-9fdd-fa1debf04523@group-BCB82A5C07F5-LeaderElection1171: Election REJECTED; received 1 response(s) [12ad0800-05cb-443c-9fdd-fa1debf04523<-5170c5f3-8499-4b42-9321-85fc8a351f79#0:FAIL-t136] and 1 exception(s); 12ad0800-05cb-443c-9fdd-fa1debf04523@group-BCB82A5C07F5:t136, leader=null, voted=12ad0800-05cb-443c-9fdd-fa1debf04523, raftlog=12ad0800-05cb-443c-9fdd-fa1debf04523@group-BCB82A5C07F5-SegmentedRaftLog:OPENED:c-1,f-1,i0, conf=-1: [12ad0800-05cb-443c-9fdd-fa1debf04523:192.168.34.25:41155, 5170c5f3-8499-4b42-9321-85fc8a351f79:192.168.34.25:43074, 0b10a9fc-47eb-4a2b-b664-8273d9d17379:192.168.34.25:45248], old=null
2019-10-18 07:24:05,882 [12ad0800-05cb-443c-9fdd-fa1debf04523@group-BCB82A5C07F5-LeaderElection1171] INFO  impl.LeaderElection (LogUtils.java:infoOrTrace(149)) -   Exception 0: {}
java.util.concurrent.ExecutionException: org.apache.ratis.thirdparty.io.grpc.StatusRuntimeException: UNAVAILABLE: io exception
	at java.util.concurrent.FutureTask.report(FutureTask.java:122)
	at java.util.concurrent.FutureTask.get(FutureTask.java:192)
	at org.apache.ratis.server.impl.LeaderElection.waitForResults(LeaderElection.java:259)
	at org.apache.ratis.server.impl.LeaderElection.askForVotes(LeaderElection.java:197)
	at org.apache.ratis.server.impl.LeaderElection.run(LeaderElection.java:133)
	at java.lang.Thread.run(Thread.java:748)
Caused by: org.apache.ratis.thirdparty.io.grpc.StatusRuntimeException: UNAVAILABLE: io exception
	at org.apache.ratis.thirdparty.io.grpc.stub.ClientCalls.toStatusRuntimeException(ClientCalls.java:233)
	at org.apache.ratis.thirdparty.io.grpc.stub.ClientCalls.getUnchecked(ClientCalls.java:214)
	at org.apache.ratis.thirdparty.io.grpc.stub.ClientCalls.blockingUnaryCall(ClientCalls.java:139)
	at org.apache.ratis.proto.grpc.RaftServerProtocolServiceGrpc$RaftServerProtocolServiceBlockingStub.requestVote(RaftServerProtocolServiceGrpc.java:265)
	at org.apache.ratis.grpc.server.GrpcServerProtocolClient.requestVote(GrpcServerProtocolClient.java:99)
	at org.apache.ratis.grpc.server.GrpcService.requestVote(GrpcService.java:204)
	at org.apache.ratis.server.impl.LeaderElection.lambda$submitRequests$1(LeaderElection.java:234)
	at java.util.concurrent.FutureTask.run(FutureTask.java:266)
	at java.util.concurrent.Executors$RunnableAdapter.call(Executors.java:511)
	at java.util.concurrent.FutureTask.run(FutureTask.java:266)
	at java.util.concurrent.ThreadPoolExecutor.runWorker(ThreadPoolExecutor.java:1149)
	at java.util.concurrent.ThreadPoolExecutor$Worker.run(ThreadPoolExecutor.java:624)
	... 1 more
Caused by: org.apache.ratis.thirdparty.io.netty.channel.AbstractChannel$AnnotatedConnectException: Connection refused: /192.168.34.25:45248
	at sun.nio.ch.SocketChannelImpl.checkConnect(Native Method)
	at sun.nio.ch.SocketChannelImpl.finishConnect(SocketChannelImpl.java:717)
	at org.apache.ratis.thirdparty.io.netty.channel.socket.nio.NioSocketChannel.doFinishConnect(NioSocketChannel.java:327)
	at org.apache.ratis.thirdparty.io.netty.channel.nio.AbstractNioChannel$AbstractNioUnsafe.finishConnect(AbstractNioChannel.java:340)
	at org.apache.ratis.thirdparty.io.netty.channel.nio.NioEventLoop.processSelectedKey(NioEventLoop.java:632)
	at org.apache.ratis.thirdparty.io.netty.channel.nio.NioEventLoop.processSelectedKeysOptimized(NioEventLoop.java:579)
	at org.apache.ratis.thirdparty.io.netty.channel.nio.NioEventLoop.processSelectedKeys(NioEventLoop.java:496)
	at org.apache.ratis.thirdparty.io.netty.channel.nio.NioEventLoop.run(NioEventLoop.java:458)
	at org.apache.ratis.thirdparty.io.netty.util.concurrent.SingleThreadEventExecutor$5.run(SingleThreadEventExecutor.java:897)
	at org.apache.ratis.thirdparty.io.netty.util.concurrent.FastThreadLocalRunnable.run(FastThreadLocalRunnable.java:30)
	... 1 more
Caused by: java.net.ConnectException: Connection refused
	... 11 more
2019-10-18 07:24:05,882 [12ad0800-05cb-443c-9fdd-fa1debf04523@group-BCB82A5C07F5-LeaderElection1171] INFO  impl.RaftServerImpl (RaftServerImpl.java:setRole(184)) - 12ad0800-05cb-443c-9fdd-fa1debf04523@group-BCB82A5C07F5: changes role from CANDIDATE to FOLLOWER at term 136 for DISCOVERED_A_NEW_TERM
2019-10-18 07:24:05,882 [12ad0800-05cb-443c-9fdd-fa1debf04523@group-BCB82A5C07F5-LeaderElection1171] INFO  impl.RoleInfo (RoleInfo.java:shutdownLeaderElection(134)) - 12ad0800-05cb-443c-9fdd-fa1debf04523: shutdown LeaderElection
2019-10-18 07:24:05,882 [grpc-default-executor-14] INFO  impl.RaftServerImpl (RaftServerImpl.java:setRole(184)) - 6633f50a-7046-4b08-9937-8e25f1b14b15@group-0C9C3B2D0CC1: changes role from  FOLLOWER to FOLLOWER at term 122 for recognizeCandidate:4dea926d-4bc6-487a-9b9b-9fd457d0fae4
2019-10-18 07:24:05,882 [grpc-default-executor-14] INFO  impl.RoleInfo (RoleInfo.java:shutdownFollowerState(121)) - 6633f50a-7046-4b08-9937-8e25f1b14b15: shutdown FollowerState
2019-10-18 07:24:05,882 [12ad0800-05cb-443c-9fdd-fa1debf04523@group-BCB82A5C07F5-LeaderElection1171] INFO  impl.RoleInfo (RoleInfo.java:updateAndGet(143)) - 12ad0800-05cb-443c-9fdd-fa1debf04523: start FollowerState
2019-10-18 07:24:05,882 [Thread-10339] INFO  impl.FollowerState (FollowerState.java:run(117)) - 6633f50a-7046-4b08-9937-8e25f1b14b15@group-0C9C3B2D0CC1-FollowerState was interrupted: java.lang.InterruptedException: sleep interrupted
2019-10-18 07:24:05,882 [grpc-default-executor-14] INFO  impl.RoleInfo (RoleInfo.java:updateAndGet(143)) - 6633f50a-7046-4b08-9937-8e25f1b14b15: start FollowerState
2019-10-18 07:24:05,882 [grpc-default-executor-11] INFO  impl.RaftServerImpl (RaftServerImpl.java:setRole(184)) - 67270882-100a-4e75-928d-618d17e069c8@group-0C9C3B2D0CC1: changes role from  FOLLOWER to FOLLOWER at term 122 for recognizeCandidate:4dea926d-4bc6-487a-9b9b-9fd457d0fae4
2019-10-18 07:24:05,883 [grpc-default-executor-11] INFO  impl.RoleInfo (RoleInfo.java:shutdownFollowerState(121)) - 67270882-100a-4e75-928d-618d17e069c8: shutdown FollowerState
2019-10-18 07:24:05,883 [grpc-default-executor-11] INFO  impl.RoleInfo (RoleInfo.java:updateAndGet(143)) - 67270882-100a-4e75-928d-618d17e069c8: start FollowerState
2019-10-18 07:24:05,883 [Thread-10340] INFO  impl.FollowerState (FollowerState.java:run(117)) - 67270882-100a-4e75-928d-618d17e069c8@group-0C9C3B2D0CC1-FollowerState was interrupted: java.lang.InterruptedException: sleep interrupted
2019-10-18 07:24:05,893 [4dea926d-4bc6-487a-9b9b-9fd457d0fae4@group-0C9C3B2D0CC1-LeaderElection1172] INFO  impl.LeaderElection (LeaderElection.java:logAndReturn(56)) - 4dea926d-4bc6-487a-9b9b-9fd457d0fae4@group-0C9C3B2D0CC1-LeaderElection1172: Election TIMEOUT; received 0 response(s) [] and 0 exception(s); 4dea926d-4bc6-487a-9b9b-9fd457d0fae4@group-0C9C3B2D0CC1:t122, leader=null, voted=4dea926d-4bc6-487a-9b9b-9fd457d0fae4, raftlog=4dea926d-4bc6-487a-9b9b-9fd457d0fae4@group-0C9C3B2D0CC1-SegmentedRaftLog:OPENED:c-1,f-1,i0, conf=-1: [6633f50a-7046-4b08-9937-8e25f1b14b15:192.168.34.25:39338, 67270882-100a-4e75-928d-618d17e069c8:192.168.34.25:36648, 4dea926d-4bc6-487a-9b9b-9fd457d0fae4:192.168.34.25:41624], old=null
2019-10-18 07:24:05,923 [4dea926d-4bc6-487a-9b9b-9fd457d0fae4@group-0C9C3B2D0CC1-LeaderElection1172] INFO  impl.LeaderElection (LeaderElection.java:askForVotes(178)) - 4dea926d-4bc6-487a-9b9b-9fd457d0fae4@group-0C9C3B2D0CC1-LeaderElection1172: begin an election at term 123 for -1: [6633f50a-7046-4b08-9937-8e25f1b14b15:192.168.34.25:39338, 67270882-100a-4e75-928d-618d17e069c8:192.168.34.25:36648, 4dea926d-4bc6-487a-9b9b-9fd457d0fae4:192.168.34.25:41624], old=null
2019-10-18 07:24:05,925 [grpc-default-executor-11] INFO  impl.RaftServerImpl (RaftServerImpl.java:setRole(184)) - 6633f50a-7046-4b08-9937-8e25f1b14b15@group-0C9C3B2D0CC1: changes role from  FOLLOWER to FOLLOWER at term 123 for recognizeCandidate:4dea926d-4bc6-487a-9b9b-9fd457d0fae4
2019-10-18 07:24:05,925 [grpc-default-executor-11] INFO  impl.RoleInfo (RoleInfo.java:shutdownFollowerState(121)) - 6633f50a-7046-4b08-9937-8e25f1b14b15: shutdown FollowerState
2019-10-18 07:24:05,925 [grpc-default-executor-11] INFO  impl.RoleInfo (RoleInfo.java:updateAndGet(143)) - 6633f50a-7046-4b08-9937-8e25f1b14b15: start FollowerState
2019-10-18 07:24:05,925 [Thread-10357] INFO  impl.FollowerState (FollowerState.java:run(117)) - 6633f50a-7046-4b08-9937-8e25f1b14b15@group-0C9C3B2D0CC1-FollowerState was interrupted: java.lang.InterruptedException: sleep interrupted
2019-10-18 07:24:05,925 [grpc-default-executor-14] INFO  impl.RaftServerImpl (RaftServerImpl.java:setRole(184)) - 67270882-100a-4e75-928d-618d17e069c8@group-0C9C3B2D0CC1: changes role from  FOLLOWER to FOLLOWER at term 123 for recognizeCandidate:4dea926d-4bc6-487a-9b9b-9fd457d0fae4
2019-10-18 07:24:05,925 [grpc-default-executor-14] INFO  impl.RoleInfo (RoleInfo.java:shutdownFollowerState(121)) - 67270882-100a-4e75-928d-618d17e069c8: shutdown FollowerState
2019-10-18 07:24:05,925 [grpc-default-executor-14] INFO  impl.RoleInfo (RoleInfo.java:updateAndGet(143)) - 67270882-100a-4e75-928d-618d17e069c8: start FollowerState
2019-10-18 07:24:05,925 [Thread-10358] INFO  impl.FollowerState (FollowerState.java:run(117)) - 67270882-100a-4e75-928d-618d17e069c8@group-0C9C3B2D0CC1-FollowerState was interrupted: java.lang.InterruptedException: sleep interrupted
2019-10-18 07:24:05,949 [4dea926d-4bc6-487a-9b9b-9fd457d0fae4@group-0C9C3B2D0CC1-LeaderElection1172] INFO  impl.LeaderElection (LeaderElection.java:logAndReturn(56)) - 4dea926d-4bc6-487a-9b9b-9fd457d0fae4@group-0C9C3B2D0CC1-LeaderElection1172: Election REJECTED; received 2 response(s) [4dea926d-4bc6-487a-9b9b-9fd457d0fae4<-6633f50a-7046-4b08-9937-8e25f1b14b15#0:FAIL-t123, 4dea926d-4bc6-487a-9b9b-9fd457d0fae4<-67270882-100a-4e75-928d-618d17e069c8#0:FAIL-t123] and 0 exception(s); 4dea926d-4bc6-487a-9b9b-9fd457d0fae4@group-0C9C3B2D0CC1:t123, leader=null, voted=4dea926d-4bc6-487a-9b9b-9fd457d0fae4, raftlog=4dea926d-4bc6-487a-9b9b-9fd457d0fae4@group-0C9C3B2D0CC1-SegmentedRaftLog:OPENED:c-1,f-1,i0, conf=-1: [6633f50a-7046-4b08-9937-8e25f1b14b15:192.168.34.25:39338, 67270882-100a-4e75-928d-618d17e069c8:192.168.34.25:36648, 4dea926d-4bc6-487a-9b9b-9fd457d0fae4:192.168.34.25:41624], old=null
2019-10-18 07:24:05,949 [4dea926d-4bc6-487a-9b9b-9fd457d0fae4@group-0C9C3B2D0CC1-LeaderElection1172] INFO  impl.RaftServerImpl (RaftServerImpl.java:setRole(184)) - 4dea926d-4bc6-487a-9b9b-9fd457d0fae4@group-0C9C3B2D0CC1: changes role from CANDIDATE to FOLLOWER at term 123 for DISCOVERED_A_NEW_TERM
2019-10-18 07:24:05,949 [4dea926d-4bc6-487a-9b9b-9fd457d0fae4@group-0C9C3B2D0CC1-LeaderElection1172] INFO  impl.RoleInfo (RoleInfo.java:shutdownLeaderElection(134)) - 4dea926d-4bc6-487a-9b9b-9fd457d0fae4: shutdown LeaderElection
2019-10-18 07:24:05,949 [4dea926d-4bc6-487a-9b9b-9fd457d0fae4@group-0C9C3B2D0CC1-LeaderElection1172] INFO  impl.RoleInfo (RoleInfo.java:updateAndGet(143)) - 4dea926d-4bc6-487a-9b9b-9fd457d0fae4: start FollowerState
2019-10-18 07:24:06,022 [Thread-10356] INFO  impl.FollowerState (FollowerState.java:run(108)) - 12ad0800-05cb-443c-9fdd-fa1debf04523@group-BCB82A5C07F5-FollowerState: change to CANDIDATE, lastRpcTime:139ms, electionTimeout:139ms
2019-10-18 07:24:06,022 [Thread-10356] INFO  impl.RoleInfo (RoleInfo.java:shutdownFollowerState(121)) - 12ad0800-05cb-443c-9fdd-fa1debf04523: shutdown FollowerState
2019-10-18 07:24:06,022 [Thread-10356] INFO  impl.RaftServerImpl (RaftServerImpl.java:setRole(184)) - 12ad0800-05cb-443c-9fdd-fa1debf04523@group-BCB82A5C07F5: changes role from  FOLLOWER to CANDIDATE at term 136 for changeToCandidate
2019-10-18 07:24:06,022 [Thread-10356] INFO  impl.RoleInfo (RoleInfo.java:updateAndGet(143)) - 12ad0800-05cb-443c-9fdd-fa1debf04523: start LeaderElection
2019-10-18 07:24:06,023 [Thread-10363] INFO  impl.FollowerState (FollowerState.java:run(108)) - 4dea926d-4bc6-487a-9b9b-9fd457d0fae4@group-0C9C3B2D0CC1-FollowerState: change to CANDIDATE, lastRpcTime:73ms, electionTimeout:73ms
2019-10-18 07:24:06,023 [Thread-10363] INFO  impl.RoleInfo (RoleInfo.java:shutdownFollowerState(121)) - 4dea926d-4bc6-487a-9b9b-9fd457d0fae4: shutdown FollowerState
2019-10-18 07:24:06,023 [Thread-10363] INFO  impl.RaftServerImpl (RaftServerImpl.java:setRole(184)) - 4dea926d-4bc6-487a-9b9b-9fd457d0fae4@group-0C9C3B2D0CC1: changes role from  FOLLOWER to CANDIDATE at term 123 for changeToCandidate
2019-10-18 07:24:06,023 [Thread-10363] INFO  impl.RoleInfo (RoleInfo.java:updateAndGet(143)) - 4dea926d-4bc6-487a-9b9b-9fd457d0fae4: start LeaderElection
2019-10-18 07:24:06,049 [12ad0800-05cb-443c-9fdd-fa1debf04523@group-BCB82A5C07F5-LeaderElection1173] INFO  impl.LeaderElection (LeaderElection.java:askForVotes(178)) - 12ad0800-05cb-443c-9fdd-fa1debf04523@group-BCB82A5C07F5-LeaderElection1173: begin an election at term 137 for -1: [12ad0800-05cb-443c-9fdd-fa1debf04523:192.168.34.25:41155, 5170c5f3-8499-4b42-9321-85fc8a351f79:192.168.34.25:43074, 0b10a9fc-47eb-4a2b-b664-8273d9d17379:192.168.34.25:45248], old=null
2019-10-18 07:24:06,049 [4dea926d-4bc6-487a-9b9b-9fd457d0fae4@group-0C9C3B2D0CC1-LeaderElection1174] INFO  impl.LeaderElection (LeaderElection.java:askForVotes(178)) - 4dea926d-4bc6-487a-9b9b-9fd457d0fae4@group-0C9C3B2D0CC1-LeaderElection1174: begin an election at term 124 for -1: [6633f50a-7046-4b08-9937-8e25f1b14b15:192.168.34.25:39338, 67270882-100a-4e75-928d-618d17e069c8:192.168.34.25:36648, 4dea926d-4bc6-487a-9b9b-9fd457d0fae4:192.168.34.25:41624], old=null
2019-10-18 07:24:06,050 [12ad0800-05cb-443c-9fdd-fa1debf04523@group-BCB82A5C07F5-LeaderElection1173] INFO  impl.LeaderElection (LogUtils.java:infoOrTrace(149)) - 12ad0800-05cb-443c-9fdd-fa1debf04523@group-BCB82A5C07F5-LeaderElection1173 got exception when requesting votes: {}
java.util.concurrent.ExecutionException: org.apache.ratis.thirdparty.io.grpc.StatusRuntimeException: UNAVAILABLE: io exception
	at java.util.concurrent.FutureTask.report(FutureTask.java:122)
	at java.util.concurrent.FutureTask.get(FutureTask.java:192)
	at org.apache.ratis.server.impl.LeaderElection.waitForResults(LeaderElection.java:259)
	at org.apache.ratis.server.impl.LeaderElection.askForVotes(LeaderElection.java:197)
	at org.apache.ratis.server.impl.LeaderElection.run(LeaderElection.java:133)
	at java.lang.Thread.run(Thread.java:748)
Caused by: org.apache.ratis.thirdparty.io.grpc.StatusRuntimeException: UNAVAILABLE: io exception
	at org.apache.ratis.thirdparty.io.grpc.stub.ClientCalls.toStatusRuntimeException(ClientCalls.java:233)
	at org.apache.ratis.thirdparty.io.grpc.stub.ClientCalls.getUnchecked(ClientCalls.java:214)
	at org.apache.ratis.thirdparty.io.grpc.stub.ClientCalls.blockingUnaryCall(ClientCalls.java:139)
	at org.apache.ratis.proto.grpc.RaftServerProtocolServiceGrpc$RaftServerProtocolServiceBlockingStub.requestVote(RaftServerProtocolServiceGrpc.java:265)
	at org.apache.ratis.grpc.server.GrpcServerProtocolClient.requestVote(GrpcServerProtocolClient.java:99)
	at org.apache.ratis.grpc.server.GrpcService.requestVote(GrpcService.java:204)
	at org.apache.ratis.server.impl.LeaderElection.lambda$submitRequests$1(LeaderElection.java:234)
	at java.util.concurrent.FutureTask.run(FutureTask.java:266)
	at java.util.concurrent.Executors$RunnableAdapter.call(Executors.java:511)
	at java.util.concurrent.FutureTask.run(FutureTask.java:266)
	at java.util.concurrent.ThreadPoolExecutor.runWorker(ThreadPoolExecutor.java:1149)
	at java.util.concurrent.ThreadPoolExecutor$Worker.run(ThreadPoolExecutor.java:624)
	... 1 more
Caused by: org.apache.ratis.thirdparty.io.netty.channel.AbstractChannel$AnnotatedConnectException: Connection refused: /192.168.34.25:45248
	at sun.nio.ch.SocketChannelImpl.checkConnect(Native Method)
	at sun.nio.ch.SocketChannelImpl.finishConnect(SocketChannelImpl.java:717)
	at org.apache.ratis.thirdparty.io.netty.channel.socket.nio.NioSocketChannel.doFinishConnect(NioSocketChannel.java:327)
	at org.apache.ratis.thirdparty.io.netty.channel.nio.AbstractNioChannel$AbstractNioUnsafe.finishConnect(AbstractNioChannel.java:340)
	at org.apache.ratis.thirdparty.io.netty.channel.nio.NioEventLoop.processSelectedKey(NioEventLoop.java:632)
	at org.apache.ratis.thirdparty.io.netty.channel.nio.NioEventLoop.processSelectedKeysOptimized(NioEventLoop.java:579)
	at org.apache.ratis.thirdparty.io.netty.channel.nio.NioEventLoop.processSelectedKeys(NioEventLoop.java:496)
	at org.apache.ratis.thirdparty.io.netty.channel.nio.NioEventLoop.run(NioEventLoop.java:458)
	at org.apache.ratis.thirdparty.io.netty.util.concurrent.SingleThreadEventExecutor$5.run(SingleThreadEventExecutor.java:897)
	at org.apache.ratis.thirdparty.io.netty.util.concurrent.FastThreadLocalRunnable.run(FastThreadLocalRunnable.java:30)
	... 1 more
Caused by: java.net.ConnectException: Connection refused
	... 11 more
2019-10-18 07:24:06,051 [grpc-default-executor-11] INFO  impl.RaftServerImpl (RaftServerImpl.java:setRole(184)) - 5170c5f3-8499-4b42-9321-85fc8a351f79@group-BCB82A5C07F5: changes role from  FOLLOWER to FOLLOWER at term 137 for recognizeCandidate:12ad0800-05cb-443c-9fdd-fa1debf04523
2019-10-18 07:24:06,051 [grpc-default-executor-14] INFO  impl.RaftServerImpl (RaftServerImpl.java:setRole(184)) - 67270882-100a-4e75-928d-618d17e069c8@group-0C9C3B2D0CC1: changes role from  FOLLOWER to FOLLOWER at term 124 for recognizeCandidate:4dea926d-4bc6-487a-9b9b-9fd457d0fae4
2019-10-18 07:24:06,051 [grpc-default-executor-11] INFO  impl.RoleInfo (RoleInfo.java:shutdownFollowerState(121)) - 5170c5f3-8499-4b42-9321-85fc8a351f79: shutdown FollowerState
2019-10-18 07:24:06,051 [grpc-default-executor-14] INFO  impl.RoleInfo (RoleInfo.java:shutdownFollowerState(121)) - 67270882-100a-4e75-928d-618d17e069c8: shutdown FollowerState
2019-10-18 07:24:06,051 [Thread-10353] INFO  impl.FollowerState (FollowerState.java:run(117)) - 5170c5f3-8499-4b42-9321-85fc8a351f79@group-BCB82A5C07F5-FollowerState was interrupted: java.lang.InterruptedException: sleep interrupted
2019-10-18 07:24:06,051 [grpc-default-executor-11] INFO  impl.RoleInfo (RoleInfo.java:updateAndGet(143)) - 5170c5f3-8499-4b42-9321-85fc8a351f79: start FollowerState
2019-10-18 07:24:06,051 [grpc-default-executor-12] INFO  impl.RaftServerImpl (RaftServerImpl.java:setRole(184)) - 6633f50a-7046-4b08-9937-8e25f1b14b15@group-0C9C3B2D0CC1: changes role from  FOLLOWER to FOLLOWER at term 124 for recognizeCandidate:4dea926d-4bc6-487a-9b9b-9fd457d0fae4
2019-10-18 07:24:06,051 [Thread-10362] INFO  impl.FollowerState (FollowerState.java:run(117)) - 67270882-100a-4e75-928d-618d17e069c8@group-0C9C3B2D0CC1-FollowerState was interrupted: java.lang.InterruptedException: sleep interrupted
2019-10-18 07:24:06,051 [grpc-default-executor-14] INFO  impl.RoleInfo (RoleInfo.java:updateAndGet(143)) - 67270882-100a-4e75-928d-618d17e069c8: start FollowerState
2019-10-18 07:24:06,052 [grpc-default-executor-12] INFO  impl.RoleInfo (RoleInfo.java:shutdownFollowerState(121)) - 6633f50a-7046-4b08-9937-8e25f1b14b15: shutdown FollowerState
2019-10-18 07:24:06,052 [grpc-default-executor-12] INFO  impl.RoleInfo (RoleInfo.java:updateAndGet(143)) - 6633f50a-7046-4b08-9937-8e25f1b14b15: start FollowerState
2019-10-18 07:24:06,052 [Thread-10361] INFO  impl.FollowerState (FollowerState.java:run(117)) - 6633f50a-7046-4b08-9937-8e25f1b14b15@group-0C9C3B2D0CC1-FollowerState was interrupted: java.lang.InterruptedException: sleep interrupted
2019-10-18 07:24:06,084 [12ad0800-05cb-443c-9fdd-fa1debf04523@group-BCB82A5C07F5-LeaderElection1173] INFO  impl.LeaderElection (LeaderElection.java:logAndReturn(56)) - 12ad0800-05cb-443c-9fdd-fa1debf04523@group-BCB82A5C07F5-LeaderElection1173: Election REJECTED; received 1 response(s) [12ad0800-05cb-443c-9fdd-fa1debf04523<-5170c5f3-8499-4b42-9321-85fc8a351f79#0:FAIL-t137] and 1 exception(s); 12ad0800-05cb-443c-9fdd-fa1debf04523@group-BCB82A5C07F5:t137, leader=null, voted=12ad0800-05cb-443c-9fdd-fa1debf04523, raftlog=12ad0800-05cb-443c-9fdd-fa1debf04523@group-BCB82A5C07F5-SegmentedRaftLog:OPENED:c-1,f-1,i0, conf=-1: [12ad0800-05cb-443c-9fdd-fa1debf04523:192.168.34.25:41155, 5170c5f3-8499-4b42-9321-85fc8a351f79:192.168.34.25:43074, 0b10a9fc-47eb-4a2b-b664-8273d9d17379:192.168.34.25:45248], old=null
2019-10-18 07:24:06,084 [4dea926d-4bc6-487a-9b9b-9fd457d0fae4@group-0C9C3B2D0CC1-LeaderElection1174] INFO  impl.LeaderElection (LeaderElection.java:logAndReturn(56)) - 4dea926d-4bc6-487a-9b9b-9fd457d0fae4@group-0C9C3B2D0CC1-LeaderElection1174: Election REJECTED; received 2 response(s) [4dea926d-4bc6-487a-9b9b-9fd457d0fae4<-6633f50a-7046-4b08-9937-8e25f1b14b15#0:FAIL-t124, 4dea926d-4bc6-487a-9b9b-9fd457d0fae4<-67270882-100a-4e75-928d-618d17e069c8#0:FAIL-t124] and 0 exception(s); 4dea926d-4bc6-487a-9b9b-9fd457d0fae4@group-0C9C3B2D0CC1:t124, leader=null, voted=4dea926d-4bc6-487a-9b9b-9fd457d0fae4, raftlog=4dea926d-4bc6-487a-9b9b-9fd457d0fae4@group-0C9C3B2D0CC1-SegmentedRaftLog:OPENED:c-1,f-1,i0, conf=-1: [6633f50a-7046-4b08-9937-8e25f1b14b15:192.168.34.25:39338, 67270882-100a-4e75-928d-618d17e069c8:192.168.34.25:36648, 4dea926d-4bc6-487a-9b9b-9fd457d0fae4:192.168.34.25:41624], old=null
2019-10-18 07:24:06,084 [12ad0800-05cb-443c-9fdd-fa1debf04523@group-BCB82A5C07F5-LeaderElection1173] INFO  impl.LeaderElection (LogUtils.java:infoOrTrace(149)) -   Exception 0: {}
java.util.concurrent.ExecutionException: org.apache.ratis.thirdparty.io.grpc.StatusRuntimeException: UNAVAILABLE: io exception
	at java.util.concurrent.FutureTask.report(FutureTask.java:122)
	at java.util.concurrent.FutureTask.get(FutureTask.java:192)
	at org.apache.ratis.server.impl.LeaderElection.waitForResults(LeaderElection.java:259)
	at org.apache.ratis.server.impl.LeaderElection.askForVotes(LeaderElection.java:197)
	at org.apache.ratis.server.impl.LeaderElection.run(LeaderElection.java:133)
	at java.lang.Thread.run(Thread.java:748)
Caused by: org.apache.ratis.thirdparty.io.grpc.StatusRuntimeException: UNAVAILABLE: io exception
	at org.apache.ratis.thirdparty.io.grpc.stub.ClientCalls.toStatusRuntimeException(ClientCalls.java:233)
	at org.apache.ratis.thirdparty.io.grpc.stub.ClientCalls.getUnchecked(ClientCalls.java:214)
	at org.apache.ratis.thirdparty.io.grpc.stub.ClientCalls.blockingUnaryCall(ClientCalls.java:139)
	at org.apache.ratis.proto.grpc.RaftServerProtocolServiceGrpc$RaftServerProtocolServiceBlockingStub.requestVote(RaftServerProtocolServiceGrpc.java:265)
	at org.apache.ratis.grpc.server.GrpcServerProtocolClient.requestVote(GrpcServerProtocolClient.java:99)
	at org.apache.ratis.grpc.server.GrpcService.requestVote(GrpcService.java:204)
	at org.apache.ratis.server.impl.LeaderElection.lambda$submitRequests$1(LeaderElection.java:234)
	at java.util.concurrent.FutureTask.run(FutureTask.java:266)
	at java.util.concurrent.Executors$RunnableAdapter.call(Executors.java:511)
	at java.util.concurrent.FutureTask.run(FutureTask.java:266)
	at java.util.concurrent.ThreadPoolExecutor.runWorker(ThreadPoolExecutor.java:1149)
	at java.util.concurrent.ThreadPoolExecutor$Worker.run(ThreadPoolExecutor.java:624)
	... 1 more
Caused by: org.apache.ratis.thirdparty.io.netty.channel.AbstractChannel$AnnotatedConnectException: Connection refused: /192.168.34.25:45248
	at sun.nio.ch.SocketChannelImpl.checkConnect(Native Method)
	at sun.nio.ch.SocketChannelImpl.finishConnect(SocketChannelImpl.java:717)
	at org.apache.ratis.thirdparty.io.netty.channel.socket.nio.NioSocketChannel.doFinishConnect(NioSocketChannel.java:327)
	at org.apache.ratis.thirdparty.io.netty.channel.nio.AbstractNioChannel$AbstractNioUnsafe.finishConnect(AbstractNioChannel.java:340)
	at org.apache.ratis.thirdparty.io.netty.channel.nio.NioEventLoop.processSelectedKey(NioEventLoop.java:632)
	at org.apache.ratis.thirdparty.io.netty.channel.nio.NioEventLoop.processSelectedKeysOptimized(NioEventLoop.java:579)
	at org.apache.ratis.thirdparty.io.netty.channel.nio.NioEventLoop.processSelectedKeys(NioEventLoop.java:496)
	at org.apache.ratis.thirdparty.io.netty.channel.nio.NioEventLoop.run(NioEventLoop.java:458)
	at org.apache.ratis.thirdparty.io.netty.util.concurrent.SingleThreadEventExecutor$5.run(SingleThreadEventExecutor.java:897)
	at org.apache.ratis.thirdparty.io.netty.util.concurrent.FastThreadLocalRunnable.run(FastThreadLocalRunnable.java:30)
	... 1 more
Caused by: java.net.ConnectException: Connection refused
	... 11 more
2019-10-18 07:24:06,084 [4dea926d-4bc6-487a-9b9b-9fd457d0fae4@group-0C9C3B2D0CC1-LeaderElection1174] INFO  impl.RaftServerImpl (RaftServerImpl.java:setRole(184)) - 4dea926d-4bc6-487a-9b9b-9fd457d0fae4@group-0C9C3B2D0CC1: changes role from CANDIDATE to FOLLOWER at term 124 for DISCOVERED_A_NEW_TERM
2019-10-18 07:24:06,084 [12ad0800-05cb-443c-9fdd-fa1debf04523@group-BCB82A5C07F5-LeaderElection1173] INFO  impl.RaftServerImpl (RaftServerImpl.java:setRole(184)) - 12ad0800-05cb-443c-9fdd-fa1debf04523@group-BCB82A5C07F5: changes role from CANDIDATE to FOLLOWER at term 137 for DISCOVERED_A_NEW_TERM
2019-10-18 07:24:06,084 [4dea926d-4bc6-487a-9b9b-9fd457d0fae4@group-0C9C3B2D0CC1-LeaderElection1174] INFO  impl.RoleInfo (RoleInfo.java:shutdownLeaderElection(134)) - 4dea926d-4bc6-487a-9b9b-9fd457d0fae4: shutdown LeaderElection
2019-10-18 07:24:06,084 [12ad0800-05cb-443c-9fdd-fa1debf04523@group-BCB82A5C07F5-LeaderElection1173] INFO  impl.RoleInfo (RoleInfo.java:shutdownLeaderElection(134)) - 12ad0800-05cb-443c-9fdd-fa1debf04523: shutdown LeaderElection
2019-10-18 07:24:06,085 [4dea926d-4bc6-487a-9b9b-9fd457d0fae4@group-0C9C3B2D0CC1-LeaderElection1174] INFO  impl.RoleInfo (RoleInfo.java:updateAndGet(143)) - 4dea926d-4bc6-487a-9b9b-9fd457d0fae4: start FollowerState
2019-10-18 07:24:06,085 [12ad0800-05cb-443c-9fdd-fa1debf04523@group-BCB82A5C07F5-LeaderElection1173] INFO  impl.RoleInfo (RoleInfo.java:updateAndGet(143)) - 12ad0800-05cb-443c-9fdd-fa1debf04523: start FollowerState
2019-10-18 07:24:06,241 [Thread-10374] INFO  impl.FollowerState (FollowerState.java:run(108)) - 12ad0800-05cb-443c-9fdd-fa1debf04523@group-BCB82A5C07F5-FollowerState: change to CANDIDATE, lastRpcTime:156ms, electionTimeout:156ms
2019-10-18 07:24:06,241 [Thread-10374] INFO  impl.RoleInfo (RoleInfo.java:shutdownFollowerState(121)) - 12ad0800-05cb-443c-9fdd-fa1debf04523: shutdown FollowerState
2019-10-18 07:24:06,242 [Thread-10374] INFO  impl.RaftServerImpl (RaftServerImpl.java:setRole(184)) - 12ad0800-05cb-443c-9fdd-fa1debf04523@group-BCB82A5C07F5: changes role from  FOLLOWER to CANDIDATE at term 137 for changeToCandidate
2019-10-18 07:24:06,242 [Thread-10374] INFO  impl.RoleInfo (RoleInfo.java:updateAndGet(143)) - 12ad0800-05cb-443c-9fdd-fa1debf04523: start LeaderElection
2019-10-18 07:24:06,248 [Thread-10373] INFO  impl.FollowerState (FollowerState.java:run(108)) - 4dea926d-4bc6-487a-9b9b-9fd457d0fae4@group-0C9C3B2D0CC1-FollowerState: change to CANDIDATE, lastRpcTime:163ms, electionTimeout:163ms
2019-10-18 07:24:06,248 [Thread-10373] INFO  impl.RoleInfo (RoleInfo.java:shutdownFollowerState(121)) - 4dea926d-4bc6-487a-9b9b-9fd457d0fae4: shutdown FollowerState
2019-10-18 07:24:06,248 [Thread-10373] INFO  impl.RaftServerImpl (RaftServerImpl.java:setRole(184)) - 4dea926d-4bc6-487a-9b9b-9fd457d0fae4@group-0C9C3B2D0CC1: changes role from  FOLLOWER to CANDIDATE at term 124 for changeToCandidate
2019-10-18 07:24:06,248 [Thread-10373] INFO  impl.RoleInfo (RoleInfo.java:updateAndGet(143)) - 4dea926d-4bc6-487a-9b9b-9fd457d0fae4: start LeaderElection
2019-10-18 07:24:06,267 [12ad0800-05cb-443c-9fdd-fa1debf04523@group-BCB82A5C07F5-LeaderElection1175] INFO  impl.LeaderElection (LeaderElection.java:askForVotes(178)) - 12ad0800-05cb-443c-9fdd-fa1debf04523@group-BCB82A5C07F5-LeaderElection1175: begin an election at term 138 for -1: [12ad0800-05cb-443c-9fdd-fa1debf04523:192.168.34.25:41155, 5170c5f3-8499-4b42-9321-85fc8a351f79:192.168.34.25:43074, 0b10a9fc-47eb-4a2b-b664-8273d9d17379:192.168.34.25:45248], old=null
2019-10-18 07:24:06,267 [4dea926d-4bc6-487a-9b9b-9fd457d0fae4@group-0C9C3B2D0CC1-LeaderElection1176] INFO  impl.LeaderElection (LeaderElection.java:askForVotes(178)) - 4dea926d-4bc6-487a-9b9b-9fd457d0fae4@group-0C9C3B2D0CC1-LeaderElection1176: begin an election at term 125 for -1: [6633f50a-7046-4b08-9937-8e25f1b14b15:192.168.34.25:39338, 67270882-100a-4e75-928d-618d17e069c8:192.168.34.25:36648, 4dea926d-4bc6-487a-9b9b-9fd457d0fae4:192.168.34.25:41624], old=null
2019-10-18 07:24:06,268 [12ad0800-05cb-443c-9fdd-fa1debf04523@group-BCB82A5C07F5-LeaderElection1175] INFO  impl.LeaderElection (LogUtils.java:infoOrTrace(149)) - 12ad0800-05cb-443c-9fdd-fa1debf04523@group-BCB82A5C07F5-LeaderElection1175 got exception when requesting votes: {}
java.util.concurrent.ExecutionException: org.apache.ratis.thirdparty.io.grpc.StatusRuntimeException: UNAVAILABLE: io exception
	at java.util.concurrent.FutureTask.report(FutureTask.java:122)
	at java.util.concurrent.FutureTask.get(FutureTask.java:192)
	at org.apache.ratis.server.impl.LeaderElection.waitForResults(LeaderElection.java:259)
	at org.apache.ratis.server.impl.LeaderElection.askForVotes(LeaderElection.java:197)
	at org.apache.ratis.server.impl.LeaderElection.run(LeaderElection.java:133)
	at java.lang.Thread.run(Thread.java:748)
Caused by: org.apache.ratis.thirdparty.io.grpc.StatusRuntimeException: UNAVAILABLE: io exception
	at org.apache.ratis.thirdparty.io.grpc.stub.ClientCalls.toStatusRuntimeException(ClientCalls.java:233)
	at org.apache.ratis.thirdparty.io.grpc.stub.ClientCalls.getUnchecked(ClientCalls.java:214)
	at org.apache.ratis.thirdparty.io.grpc.stub.ClientCalls.blockingUnaryCall(ClientCalls.java:139)
	at org.apache.ratis.proto.grpc.RaftServerProtocolServiceGrpc$RaftServerProtocolServiceBlockingStub.requestVote(RaftServerProtocolServiceGrpc.java:265)
	at org.apache.ratis.grpc.server.GrpcServerProtocolClient.requestVote(GrpcServerProtocolClient.java:99)
	at org.apache.ratis.grpc.server.GrpcService.requestVote(GrpcService.java:204)
	at org.apache.ratis.server.impl.LeaderElection.lambda$submitRequests$1(LeaderElection.java:234)
	at java.util.concurrent.FutureTask.run(FutureTask.java:266)
	at java.util.concurrent.Executors$RunnableAdapter.call(Executors.java:511)
	at java.util.concurrent.FutureTask.run(FutureTask.java:266)
	at java.util.concurrent.ThreadPoolExecutor.runWorker(ThreadPoolExecutor.java:1149)
	at java.util.concurrent.ThreadPoolExecutor$Worker.run(ThreadPoolExecutor.java:624)
	... 1 more
Caused by: org.apache.ratis.thirdparty.io.netty.channel.AbstractChannel$AnnotatedConnectException: Connection refused: /192.168.34.25:45248
	at sun.nio.ch.SocketChannelImpl.checkConnect(Native Method)
	at sun.nio.ch.SocketChannelImpl.finishConnect(SocketChannelImpl.java:717)
	at org.apache.ratis.thirdparty.io.netty.channel.socket.nio.NioSocketChannel.doFinishConnect(NioSocketChannel.java:327)
	at org.apache.ratis.thirdparty.io.netty.channel.nio.AbstractNioChannel$AbstractNioUnsafe.finishConnect(AbstractNioChannel.java:340)
	at org.apache.ratis.thirdparty.io.netty.channel.nio.NioEventLoop.processSelectedKey(NioEventLoop.java:632)
	at org.apache.ratis.thirdparty.io.netty.channel.nio.NioEventLoop.processSelectedKeysOptimized(NioEventLoop.java:579)
	at org.apache.ratis.thirdparty.io.netty.channel.nio.NioEventLoop.processSelectedKeys(NioEventLoop.java:496)
	at org.apache.ratis.thirdparty.io.netty.channel.nio.NioEventLoop.run(NioEventLoop.java:458)
	at org.apache.ratis.thirdparty.io.netty.util.concurrent.SingleThreadEventExecutor$5.run(SingleThreadEventExecutor.java:897)
	at org.apache.ratis.thirdparty.io.netty.util.concurrent.FastThreadLocalRunnable.run(FastThreadLocalRunnable.java:30)
	... 1 more
Caused by: java.net.ConnectException: Connection refused
	... 11 more
2019-10-18 07:24:06,269 [grpc-default-executor-14] INFO  impl.RaftServerImpl (RaftServerImpl.java:setRole(184)) - 67270882-100a-4e75-928d-618d17e069c8@group-0C9C3B2D0CC1: changes role from  FOLLOWER to FOLLOWER at term 125 for recognizeCandidate:4dea926d-4bc6-487a-9b9b-9fd457d0fae4
2019-10-18 07:24:06,269 [grpc-default-executor-14] INFO  impl.RoleInfo (RoleInfo.java:shutdownFollowerState(121)) - 67270882-100a-4e75-928d-618d17e069c8: shutdown FollowerState
2019-10-18 07:24:06,268 [grpc-default-executor-11] INFO  impl.RaftServerImpl (RaftServerImpl.java:setRole(184)) - 5170c5f3-8499-4b42-9321-85fc8a351f79@group-BCB82A5C07F5: changes role from  FOLLOWER to FOLLOWER at term 138 for recognizeCandidate:12ad0800-05cb-443c-9fdd-fa1debf04523
2019-10-18 07:24:06,269 [grpc-default-executor-11] INFO  impl.RoleInfo (RoleInfo.java:shutdownFollowerState(121)) - 5170c5f3-8499-4b42-9321-85fc8a351f79: shutdown FollowerState
2019-10-18 07:24:06,269 [Thread-10371] INFO  impl.FollowerState (FollowerState.java:run(117)) - 67270882-100a-4e75-928d-618d17e069c8@group-0C9C3B2D0CC1-FollowerState was interrupted: java.lang.InterruptedException: sleep interrupted
2019-10-18 07:24:06,269 [grpc-default-executor-14] INFO  impl.RoleInfo (RoleInfo.java:updateAndGet(143)) - 67270882-100a-4e75-928d-618d17e069c8: start FollowerState
2019-10-18 07:24:06,269 [grpc-default-executor-12] INFO  impl.RaftServerImpl (RaftServerImpl.java:setRole(184)) - 6633f50a-7046-4b08-9937-8e25f1b14b15@group-0C9C3B2D0CC1: changes role from  FOLLOWER to FOLLOWER at term 125 for recognizeCandidate:4dea926d-4bc6-487a-9b9b-9fd457d0fae4
2019-10-18 07:24:06,270 [grpc-default-executor-12] INFO  impl.RoleInfo (RoleInfo.java:shutdownFollowerState(121)) - 6633f50a-7046-4b08-9937-8e25f1b14b15: shutdown FollowerState
2019-10-18 07:24:06,269 [Thread-10370] INFO  impl.FollowerState (FollowerState.java:run(117)) - 5170c5f3-8499-4b42-9321-85fc8a351f79@group-BCB82A5C07F5-FollowerState was interrupted: java.lang.InterruptedException: sleep interrupted
2019-10-18 07:24:06,270 [Thread-10372] INFO  impl.FollowerState (FollowerState.java:run(117)) - 6633f50a-7046-4b08-9937-8e25f1b14b15@group-0C9C3B2D0CC1-FollowerState was interrupted: java.lang.InterruptedException: sleep interrupted
2019-10-18 07:24:06,269 [grpc-default-executor-11] INFO  impl.RoleInfo (RoleInfo.java:updateAndGet(143)) - 5170c5f3-8499-4b42-9321-85fc8a351f79: start FollowerState
2019-10-18 07:24:06,270 [grpc-default-executor-12] INFO  impl.RoleInfo (RoleInfo.java:updateAndGet(143)) - 6633f50a-7046-4b08-9937-8e25f1b14b15: start FollowerState
2019-10-18 07:24:06,293 [12ad0800-05cb-443c-9fdd-fa1debf04523@group-BCB82A5C07F5-LeaderElection1175] INFO  impl.LeaderElection (LeaderElection.java:logAndReturn(56)) - 12ad0800-05cb-443c-9fdd-fa1debf04523@group-BCB82A5C07F5-LeaderElection1175: Election REJECTED; received 1 response(s) [12ad0800-05cb-443c-9fdd-fa1debf04523<-5170c5f3-8499-4b42-9321-85fc8a351f79#0:FAIL-t138] and 1 exception(s); 12ad0800-05cb-443c-9fdd-fa1debf04523@group-BCB82A5C07F5:t138, leader=null, voted=12ad0800-05cb-443c-9fdd-fa1debf04523, raftlog=12ad0800-05cb-443c-9fdd-fa1debf04523@group-BCB82A5C07F5-SegmentedRaftLog:OPENED:c-1,f-1,i0, conf=-1: [12ad0800-05cb-443c-9fdd-fa1debf04523:192.168.34.25:41155, 5170c5f3-8499-4b42-9321-85fc8a351f79:192.168.34.25:43074, 0b10a9fc-47eb-4a2b-b664-8273d9d17379:192.168.34.25:45248], old=null
2019-10-18 07:24:06,293 [4dea926d-4bc6-487a-9b9b-9fd457d0fae4@group-0C9C3B2D0CC1-LeaderElection1176] INFO  impl.LeaderElection (LeaderElection.java:logAndReturn(56)) - 4dea926d-4bc6-487a-9b9b-9fd457d0fae4@group-0C9C3B2D0CC1-LeaderElection1176: Election REJECTED; received 2 response(s) [4dea926d-4bc6-487a-9b9b-9fd457d0fae4<-6633f50a-7046-4b08-9937-8e25f1b14b15#0:FAIL-t125, 4dea926d-4bc6-487a-9b9b-9fd457d0fae4<-67270882-100a-4e75-928d-618d17e069c8#0:FAIL-t125] and 0 exception(s); 4dea926d-4bc6-487a-9b9b-9fd457d0fae4@group-0C9C3B2D0CC1:t125, leader=null, voted=4dea926d-4bc6-487a-9b9b-9fd457d0fae4, raftlog=4dea926d-4bc6-487a-9b9b-9fd457d0fae4@group-0C9C3B2D0CC1-SegmentedRaftLog:OPENED:c-1,f-1,i0, conf=-1: [6633f50a-7046-4b08-9937-8e25f1b14b15:192.168.34.25:39338, 67270882-100a-4e75-928d-618d17e069c8:192.168.34.25:36648, 4dea926d-4bc6-487a-9b9b-9fd457d0fae4:192.168.34.25:41624], old=null
2019-10-18 07:24:06,293 [12ad0800-05cb-443c-9fdd-fa1debf04523@group-BCB82A5C07F5-LeaderElection1175] INFO  impl.LeaderElection (LogUtils.java:infoOrTrace(149)) -   Exception 0: {}
java.util.concurrent.ExecutionException: org.apache.ratis.thirdparty.io.grpc.StatusRuntimeException: UNAVAILABLE: io exception
	at java.util.concurrent.FutureTask.report(FutureTask.java:122)
	at java.util.concurrent.FutureTask.get(FutureTask.java:192)
	at org.apache.ratis.server.impl.LeaderElection.waitForResults(LeaderElection.java:259)
	at org.apache.ratis.server.impl.LeaderElection.askForVotes(LeaderElection.java:197)
	at org.apache.ratis.server.impl.LeaderElection.run(LeaderElection.java:133)
	at java.lang.Thread.run(Thread.java:748)
Caused by: org.apache.ratis.thirdparty.io.grpc.StatusRuntimeException: UNAVAILABLE: io exception
	at org.apache.ratis.thirdparty.io.grpc.stub.ClientCalls.toStatusRuntimeException(ClientCalls.java:233)
	at org.apache.ratis.thirdparty.io.grpc.stub.ClientCalls.getUnchecked(ClientCalls.java:214)
	at org.apache.ratis.thirdparty.io.grpc.stub.ClientCalls.blockingUnaryCall(ClientCalls.java:139)
	at org.apache.ratis.proto.grpc.RaftServerProtocolServiceGrpc$RaftServerProtocolServiceBlockingStub.requestVote(RaftServerProtocolServiceGrpc.java:265)
	at org.apache.ratis.grpc.server.GrpcServerProtocolClient.requestVote(GrpcServerProtocolClient.java:99)
	at org.apache.ratis.grpc.server.GrpcService.requestVote(GrpcService.java:204)
	at org.apache.ratis.server.impl.LeaderElection.lambda$submitRequests$1(LeaderElection.java:234)
	at java.util.concurrent.FutureTask.run(FutureTask.java:266)
	at java.util.concurrent.Executors$RunnableAdapter.call(Executors.java:511)
	at java.util.concurrent.FutureTask.run(FutureTask.java:266)
	at java.util.concurrent.ThreadPoolExecutor.runWorker(ThreadPoolExecutor.java:1149)
	at java.util.concurrent.ThreadPoolExecutor$Worker.run(ThreadPoolExecutor.java:624)
	... 1 more
Caused by: org.apache.ratis.thirdparty.io.netty.channel.AbstractChannel$AnnotatedConnectException: Connection refused: /192.168.34.25:45248
	at sun.nio.ch.SocketChannelImpl.checkConnect(Native Method)
	at sun.nio.ch.SocketChannelImpl.finishConnect(SocketChannelImpl.java:717)
	at org.apache.ratis.thirdparty.io.netty.channel.socket.nio.NioSocketChannel.doFinishConnect(NioSocketChannel.java:327)
	at org.apache.ratis.thirdparty.io.netty.channel.nio.AbstractNioChannel$AbstractNioUnsafe.finishConnect(AbstractNioChannel.java:340)
	at org.apache.ratis.thirdparty.io.netty.channel.nio.NioEventLoop.processSelectedKey(NioEventLoop.java:632)
	at org.apache.ratis.thirdparty.io.netty.channel.nio.NioEventLoop.processSelectedKeysOptimized(NioEventLoop.java:579)
	at org.apache.ratis.thirdparty.io.netty.channel.nio.NioEventLoop.processSelectedKeys(NioEventLoop.java:496)
	at org.apache.ratis.thirdparty.io.netty.channel.nio.NioEventLoop.run(NioEventLoop.java:458)
	at org.apache.ratis.thirdparty.io.netty.util.concurrent.SingleThreadEventExecutor$5.run(SingleThreadEventExecutor.java:897)
	at org.apache.ratis.thirdparty.io.netty.util.concurrent.FastThreadLocalRunnable.run(FastThreadLocalRunnable.java:30)
	... 1 more
Caused by: java.net.ConnectException: Connection refused
	... 11 more
2019-10-18 07:24:06,293 [4dea926d-4bc6-487a-9b9b-9fd457d0fae4@group-0C9C3B2D0CC1-LeaderElection1176] INFO  impl.RaftServerImpl (RaftServerImpl.java:setRole(184)) - 4dea926d-4bc6-487a-9b9b-9fd457d0fae4@group-0C9C3B2D0CC1: changes role from CANDIDATE to FOLLOWER at term 125 for DISCOVERED_A_NEW_TERM
2019-10-18 07:24:06,294 [4dea926d-4bc6-487a-9b9b-9fd457d0fae4@group-0C9C3B2D0CC1-LeaderElection1176] INFO  impl.RoleInfo (RoleInfo.java:shutdownLeaderElection(134)) - 4dea926d-4bc6-487a-9b9b-9fd457d0fae4: shutdown LeaderElection
2019-10-18 07:24:06,294 [12ad0800-05cb-443c-9fdd-fa1debf04523@group-BCB82A5C07F5-LeaderElection1175] INFO  impl.RaftServerImpl (RaftServerImpl.java:setRole(184)) - 12ad0800-05cb-443c-9fdd-fa1debf04523@group-BCB82A5C07F5: changes role from CANDIDATE to FOLLOWER at term 138 for DISCOVERED_A_NEW_TERM
2019-10-18 07:24:06,294 [4dea926d-4bc6-487a-9b9b-9fd457d0fae4@group-0C9C3B2D0CC1-LeaderElection1176] INFO  impl.RoleInfo (RoleInfo.java:updateAndGet(143)) - 4dea926d-4bc6-487a-9b9b-9fd457d0fae4: start FollowerState
2019-10-18 07:24:06,294 [12ad0800-05cb-443c-9fdd-fa1debf04523@group-BCB82A5C07F5-LeaderElection1175] INFO  impl.RoleInfo (RoleInfo.java:shutdownLeaderElection(134)) - 12ad0800-05cb-443c-9fdd-fa1debf04523: shutdown LeaderElection
2019-10-18 07:24:06,294 [12ad0800-05cb-443c-9fdd-fa1debf04523@group-BCB82A5C07F5-LeaderElection1175] INFO  impl.RoleInfo (RoleInfo.java:updateAndGet(143)) - 12ad0800-05cb-443c-9fdd-fa1debf04523: start FollowerState
2019-10-18 07:24:06,330 [Thread-10386] INFO  impl.FollowerState (FollowerState.java:run(108)) - 4dea926d-4bc6-487a-9b9b-9fd457d0fae4@group-0C9C3B2D0CC1-FollowerState: change to CANDIDATE, lastRpcTime:36ms, electionTimeout:36ms
2019-10-18 07:24:06,330 [Thread-10386] INFO  impl.RoleInfo (RoleInfo.java:shutdownFollowerState(121)) - 4dea926d-4bc6-487a-9b9b-9fd457d0fae4: shutdown FollowerState
2019-10-18 07:24:06,331 [Thread-10386] INFO  impl.RaftServerImpl (RaftServerImpl.java:setRole(184)) - 4dea926d-4bc6-487a-9b9b-9fd457d0fae4@group-0C9C3B2D0CC1: changes role from  FOLLOWER to CANDIDATE at term 125 for changeToCandidate
2019-10-18 07:24:06,331 [Thread-10386] INFO  impl.RoleInfo (RoleInfo.java:updateAndGet(143)) - 4dea926d-4bc6-487a-9b9b-9fd457d0fae4: start LeaderElection
2019-10-18 07:24:06,368 [4dea926d-4bc6-487a-9b9b-9fd457d0fae4@group-0C9C3B2D0CC1-LeaderElection1177] INFO  impl.LeaderElection (LeaderElection.java:askForVotes(178)) - 4dea926d-4bc6-487a-9b9b-9fd457d0fae4@group-0C9C3B2D0CC1-LeaderElection1177: begin an election at term 126 for -1: [6633f50a-7046-4b08-9937-8e25f1b14b15:192.168.34.25:39338, 67270882-100a-4e75-928d-618d17e069c8:192.168.34.25:36648, 4dea926d-4bc6-487a-9b9b-9fd457d0fae4:192.168.34.25:41624], old=null
2019-10-18 07:24:06,370 [grpc-default-executor-14] INFO  impl.RaftServerImpl (RaftServerImpl.java:setRole(184)) - 6633f50a-7046-4b08-9937-8e25f1b14b15@group-0C9C3B2D0CC1: changes role from  FOLLOWER to FOLLOWER at term 126 for recognizeCandidate:4dea926d-4bc6-487a-9b9b-9fd457d0fae4
2019-10-18 07:24:06,370 [grpc-default-executor-11] INFO  impl.RaftServerImpl (RaftServerImpl.java:setRole(184)) - 67270882-100a-4e75-928d-618d17e069c8@group-0C9C3B2D0CC1: changes role from  FOLLOWER to FOLLOWER at term 126 for recognizeCandidate:4dea926d-4bc6-487a-9b9b-9fd457d0fae4
2019-10-18 07:24:06,370 [grpc-default-executor-14] INFO  impl.RoleInfo (RoleInfo.java:shutdownFollowerState(121)) - 6633f50a-7046-4b08-9937-8e25f1b14b15: shutdown FollowerState
2019-10-18 07:24:06,370 [grpc-default-executor-11] INFO  impl.RoleInfo (RoleInfo.java:shutdownFollowerState(121)) - 67270882-100a-4e75-928d-618d17e069c8: shutdown FollowerState
2019-10-18 07:24:06,370 [grpc-default-executor-14] INFO  impl.RoleInfo (RoleInfo.java:updateAndGet(143)) - 6633f50a-7046-4b08-9937-8e25f1b14b15: start FollowerState
2019-10-18 07:24:06,370 [Thread-10385] INFO  impl.FollowerState (FollowerState.java:run(117)) - 6633f50a-7046-4b08-9937-8e25f1b14b15@group-0C9C3B2D0CC1-FollowerState was interrupted: java.lang.InterruptedException: sleep interrupted
2019-10-18 07:24:06,371 [Thread-10383] INFO  impl.FollowerState (FollowerState.java:run(117)) - 67270882-100a-4e75-928d-618d17e069c8@group-0C9C3B2D0CC1-FollowerState was interrupted: java.lang.InterruptedException: sleep interrupted
2019-10-18 07:24:06,370 [grpc-default-executor-11] INFO  impl.RoleInfo (RoleInfo.java:updateAndGet(143)) - 67270882-100a-4e75-928d-618d17e069c8: start FollowerState
2019-10-18 07:24:06,394 [4dea926d-4bc6-487a-9b9b-9fd457d0fae4@group-0C9C3B2D0CC1-LeaderElection1177] INFO  impl.LeaderElection (LeaderElection.java:logAndReturn(56)) - 4dea926d-4bc6-487a-9b9b-9fd457d0fae4@group-0C9C3B2D0CC1-LeaderElection1177: Election REJECTED; received 2 response(s) [4dea926d-4bc6-487a-9b9b-9fd457d0fae4<-6633f50a-7046-4b08-9937-8e25f1b14b15#0:FAIL-t126, 4dea926d-4bc6-487a-9b9b-9fd457d0fae4<-67270882-100a-4e75-928d-618d17e069c8#0:FAIL-t126] and 0 exception(s); 4dea926d-4bc6-487a-9b9b-9fd457d0fae4@group-0C9C3B2D0CC1:t126, leader=null, voted=4dea926d-4bc6-487a-9b9b-9fd457d0fae4, raftlog=4dea926d-4bc6-487a-9b9b-9fd457d0fae4@group-0C9C3B2D0CC1-SegmentedRaftLog:OPENED:c-1,f-1,i0, conf=-1: [6633f50a-7046-4b08-9937-8e25f1b14b15:192.168.34.25:39338, 67270882-100a-4e75-928d-618d17e069c8:192.168.34.25:36648, 4dea926d-4bc6-487a-9b9b-9fd457d0fae4:192.168.34.25:41624], old=null
2019-10-18 07:24:06,394 [4dea926d-4bc6-487a-9b9b-9fd457d0fae4@group-0C9C3B2D0CC1-LeaderElection1177] INFO  impl.RaftServerImpl (RaftServerImpl.java:setRole(184)) - 4dea926d-4bc6-487a-9b9b-9fd457d0fae4@group-0C9C3B2D0CC1: changes role from CANDIDATE to FOLLOWER at term 126 for DISCOVERED_A_NEW_TERM
2019-10-18 07:24:06,394 [4dea926d-4bc6-487a-9b9b-9fd457d0fae4@group-0C9C3B2D0CC1-LeaderElection1177] INFO  impl.RoleInfo (RoleInfo.java:shutdownLeaderElection(134)) - 4dea926d-4bc6-487a-9b9b-9fd457d0fae4: shutdown LeaderElection
2019-10-18 07:24:06,394 [4dea926d-4bc6-487a-9b9b-9fd457d0fae4@group-0C9C3B2D0CC1-LeaderElection1177] INFO  impl.RoleInfo (RoleInfo.java:updateAndGet(143)) - 4dea926d-4bc6-487a-9b9b-9fd457d0fae4: start FollowerState
2019-10-18 07:24:06,477 [Thread-10387] INFO  impl.FollowerState (FollowerState.java:run(108)) - 12ad0800-05cb-443c-9fdd-fa1debf04523@group-BCB82A5C07F5-FollowerState: change to CANDIDATE, lastRpcTime:183ms, electionTimeout:183ms
2019-10-18 07:24:06,478 [Thread-10387] INFO  impl.RoleInfo (RoleInfo.java:shutdownFollowerState(121)) - 12ad0800-05cb-443c-9fdd-fa1debf04523: shutdown FollowerState
2019-10-18 07:24:06,478 [Thread-10387] INFO  impl.RaftServerImpl (RaftServerImpl.java:setRole(184)) - 12ad0800-05cb-443c-9fdd-fa1debf04523@group-BCB82A5C07F5: changes role from  FOLLOWER to CANDIDATE at term 138 for changeToCandidate
2019-10-18 07:24:06,478 [Thread-10387] INFO  impl.RoleInfo (RoleInfo.java:updateAndGet(143)) - 12ad0800-05cb-443c-9fdd-fa1debf04523: start LeaderElection
2019-10-18 07:24:06,502 [12ad0800-05cb-443c-9fdd-fa1debf04523@group-BCB82A5C07F5-LeaderElection1178] INFO  impl.LeaderElection (LeaderElection.java:askForVotes(178)) - 12ad0800-05cb-443c-9fdd-fa1debf04523@group-BCB82A5C07F5-LeaderElection1178: begin an election at term 139 for -1: [12ad0800-05cb-443c-9fdd-fa1debf04523:192.168.34.25:41155, 5170c5f3-8499-4b42-9321-85fc8a351f79:192.168.34.25:43074, 0b10a9fc-47eb-4a2b-b664-8273d9d17379:192.168.34.25:45248], old=null
2019-10-18 07:24:06,503 [12ad0800-05cb-443c-9fdd-fa1debf04523@group-BCB82A5C07F5-LeaderElection1178] INFO  impl.LeaderElection (LogUtils.java:infoOrTrace(149)) - 12ad0800-05cb-443c-9fdd-fa1debf04523@group-BCB82A5C07F5-LeaderElection1178 got exception when requesting votes: {}
java.util.concurrent.ExecutionException: org.apache.ratis.thirdparty.io.grpc.StatusRuntimeException: UNAVAILABLE: io exception
	at java.util.concurrent.FutureTask.report(FutureTask.java:122)
	at java.util.concurrent.FutureTask.get(FutureTask.java:192)
	at org.apache.ratis.server.impl.LeaderElection.waitForResults(LeaderElection.java:259)
	at org.apache.ratis.server.impl.LeaderElection.askForVotes(LeaderElection.java:197)
	at org.apache.ratis.server.impl.LeaderElection.run(LeaderElection.java:133)
	at java.lang.Thread.run(Thread.java:748)
Caused by: org.apache.ratis.thirdparty.io.grpc.StatusRuntimeException: UNAVAILABLE: io exception
	at org.apache.ratis.thirdparty.io.grpc.stub.ClientCalls.toStatusRuntimeException(ClientCalls.java:233)
	at org.apache.ratis.thirdparty.io.grpc.stub.ClientCalls.getUnchecked(ClientCalls.java:214)
	at org.apache.ratis.thirdparty.io.grpc.stub.ClientCalls.blockingUnaryCall(ClientCalls.java:139)
	at org.apache.ratis.proto.grpc.RaftServerProtocolServiceGrpc$RaftServerProtocolServiceBlockingStub.requestVote(RaftServerProtocolServiceGrpc.java:265)
	at org.apache.ratis.grpc.server.GrpcServerProtocolClient.requestVote(GrpcServerProtocolClient.java:99)
	at org.apache.ratis.grpc.server.GrpcService.requestVote(GrpcService.java:204)
	at org.apache.ratis.server.impl.LeaderElection.lambda$submitRequests$1(LeaderElection.java:234)
	at java.util.concurrent.FutureTask.run(FutureTask.java:266)
	at java.util.concurrent.Executors$RunnableAdapter.call(Executors.java:511)
	at java.util.concurrent.FutureTask.run(FutureTask.java:266)
	at java.util.concurrent.ThreadPoolExecutor.runWorker(ThreadPoolExecutor.java:1149)
	at java.util.concurrent.ThreadPoolExecutor$Worker.run(ThreadPoolExecutor.java:624)
	... 1 more
Caused by: org.apache.ratis.thirdparty.io.netty.channel.AbstractChannel$AnnotatedConnectException: Connection refused: /192.168.34.25:45248
	at sun.nio.ch.SocketChannelImpl.checkConnect(Native Method)
	at sun.nio.ch.SocketChannelImpl.finishConnect(SocketChannelImpl.java:717)
	at org.apache.ratis.thirdparty.io.netty.channel.socket.nio.NioSocketChannel.doFinishConnect(NioSocketChannel.java:327)
	at org.apache.ratis.thirdparty.io.netty.channel.nio.AbstractNioChannel$AbstractNioUnsafe.finishConnect(AbstractNioChannel.java:340)
	at org.apache.ratis.thirdparty.io.netty.channel.nio.NioEventLoop.processSelectedKey(NioEventLoop.java:632)
	at org.apache.ratis.thirdparty.io.netty.channel.nio.NioEventLoop.processSelectedKeysOptimized(NioEventLoop.java:579)
	at org.apache.ratis.thirdparty.io.netty.channel.nio.NioEventLoop.processSelectedKeys(NioEventLoop.java:496)
	at org.apache.ratis.thirdparty.io.netty.channel.nio.NioEventLoop.run(NioEventLoop.java:458)
	at org.apache.ratis.thirdparty.io.netty.util.concurrent.SingleThreadEventExecutor$5.run(SingleThreadEventExecutor.java:897)
	at org.apache.ratis.thirdparty.io.netty.util.concurrent.FastThreadLocalRunnable.run(FastThreadLocalRunnable.java:30)
	... 1 more
Caused by: java.net.ConnectException: Connection refused
	... 11 more
2019-10-18 07:24:06,503 [grpc-default-executor-14] INFO  impl.RaftServerImpl (RaftServerImpl.java:setRole(184)) - 5170c5f3-8499-4b42-9321-85fc8a351f79@group-BCB82A5C07F5: changes role from  FOLLOWER to FOLLOWER at term 139 for recognizeCandidate:12ad0800-05cb-443c-9fdd-fa1debf04523
2019-10-18 07:24:06,503 [grpc-default-executor-14] INFO  impl.RoleInfo (RoleInfo.java:shutdownFollowerState(121)) - 5170c5f3-8499-4b42-9321-85fc8a351f79: shutdown FollowerState
2019-10-18 07:24:06,504 [grpc-default-executor-14] INFO  impl.RoleInfo (RoleInfo.java:updateAndGet(143)) - 5170c5f3-8499-4b42-9321-85fc8a351f79: start FollowerState
2019-10-18 07:24:06,504 [Thread-10384] INFO  impl.FollowerState (FollowerState.java:run(117)) - 5170c5f3-8499-4b42-9321-85fc8a351f79@group-BCB82A5C07F5-FollowerState was interrupted: java.lang.InterruptedException: sleep interrupted
2019-10-18 07:24:06,528 [12ad0800-05cb-443c-9fdd-fa1debf04523@group-BCB82A5C07F5-LeaderElection1178] INFO  impl.LeaderElection (LeaderElection.java:logAndReturn(56)) - 12ad0800-05cb-443c-9fdd-fa1debf04523@group-BCB82A5C07F5-LeaderElection1178: Election REJECTED; received 1 response(s) [12ad0800-05cb-443c-9fdd-fa1debf04523<-5170c5f3-8499-4b42-9321-85fc8a351f79#0:FAIL-t139] and 1 exception(s); 12ad0800-05cb-443c-9fdd-fa1debf04523@group-BCB82A5C07F5:t139, leader=null, voted=12ad0800-05cb-443c-9fdd-fa1debf04523, raftlog=12ad0800-05cb-443c-9fdd-fa1debf04523@group-BCB82A5C07F5-SegmentedRaftLog:OPENED:c-1,f-1,i0, conf=-1: [12ad0800-05cb-443c-9fdd-fa1debf04523:192.168.34.25:41155, 5170c5f3-8499-4b42-9321-85fc8a351f79:192.168.34.25:43074, 0b10a9fc-47eb-4a2b-b664-8273d9d17379:192.168.34.25:45248], old=null
2019-10-18 07:24:06,528 [12ad0800-05cb-443c-9fdd-fa1debf04523@group-BCB82A5C07F5-LeaderElection1178] INFO  impl.LeaderElection (LogUtils.java:infoOrTrace(149)) -   Exception 0: {}
java.util.concurrent.ExecutionException: org.apache.ratis.thirdparty.io.grpc.StatusRuntimeException: UNAVAILABLE: io exception
	at java.util.concurrent.FutureTask.report(FutureTask.java:122)
	at java.util.concurrent.FutureTask.get(FutureTask.java:192)
	at org.apache.ratis.server.impl.LeaderElection.waitForResults(LeaderElection.java:259)
	at org.apache.ratis.server.impl.LeaderElection.askForVotes(LeaderElection.java:197)
	at org.apache.ratis.server.impl.LeaderElection.run(LeaderElection.java:133)
	at java.lang.Thread.run(Thread.java:748)
Caused by: org.apache.ratis.thirdparty.io.grpc.StatusRuntimeException: UNAVAILABLE: io exception
	at org.apache.ratis.thirdparty.io.grpc.stub.ClientCalls.toStatusRuntimeException(ClientCalls.java:233)
	at org.apache.ratis.thirdparty.io.grpc.stub.ClientCalls.getUnchecked(ClientCalls.java:214)
	at org.apache.ratis.thirdparty.io.grpc.stub.ClientCalls.blockingUnaryCall(ClientCalls.java:139)
	at org.apache.ratis.proto.grpc.RaftServerProtocolServiceGrpc$RaftServerProtocolServiceBlockingStub.requestVote(RaftServerProtocolServiceGrpc.java:265)
	at org.apache.ratis.grpc.server.GrpcServerProtocolClient.requestVote(GrpcServerProtocolClient.java:99)
	at org.apache.ratis.grpc.server.GrpcService.requestVote(GrpcService.java:204)
	at org.apache.ratis.server.impl.LeaderElection.lambda$submitRequests$1(LeaderElection.java:234)
	at java.util.concurrent.FutureTask.run(FutureTask.java:266)
	at java.util.concurrent.Executors$RunnableAdapter.call(Executors.java:511)
	at java.util.concurrent.FutureTask.run(FutureTask.java:266)
	at java.util.concurrent.ThreadPoolExecutor.runWorker(ThreadPoolExecutor.java:1149)
	at java.util.concurrent.ThreadPoolExecutor$Worker.run(ThreadPoolExecutor.java:624)
	... 1 more
Caused by: org.apache.ratis.thirdparty.io.netty.channel.AbstractChannel$AnnotatedConnectException: Connection refused: /192.168.34.25:45248
	at sun.nio.ch.SocketChannelImpl.checkConnect(Native Method)
	at sun.nio.ch.SocketChannelImpl.finishConnect(SocketChannelImpl.java:717)
	at org.apache.ratis.thirdparty.io.netty.channel.socket.nio.NioSocketChannel.doFinishConnect(NioSocketChannel.java:327)
	at org.apache.ratis.thirdparty.io.netty.channel.nio.AbstractNioChannel$AbstractNioUnsafe.finishConnect(AbstractNioChannel.java:340)
	at org.apache.ratis.thirdparty.io.netty.channel.nio.NioEventLoop.processSelectedKey(NioEventLoop.java:632)
	at org.apache.ratis.thirdparty.io.netty.channel.nio.NioEventLoop.processSelectedKeysOptimized(NioEventLoop.java:579)
	at org.apache.ratis.thirdparty.io.netty.channel.nio.NioEventLoop.processSelectedKeys(NioEventLoop.java:496)
	at org.apache.ratis.thirdparty.io.netty.channel.nio.NioEventLoop.run(NioEventLoop.java:458)
	at org.apache.ratis.thirdparty.io.netty.util.concurrent.SingleThreadEventExecutor$5.run(SingleThreadEventExecutor.java:897)
	at org.apache.ratis.thirdparty.io.netty.util.concurrent.FastThreadLocalRunnable.run(FastThreadLocalRunnable.java:30)
	... 1 more
Caused by: java.net.ConnectException: Connection refused
	... 11 more
2019-10-18 07:24:06,528 [12ad0800-05cb-443c-9fdd-fa1debf04523@group-BCB82A5C07F5-LeaderElection1178] INFO  impl.RaftServerImpl (RaftServerImpl.java:setRole(184)) - 12ad0800-05cb-443c-9fdd-fa1debf04523@group-BCB82A5C07F5: changes role from CANDIDATE to FOLLOWER at term 139 for DISCOVERED_A_NEW_TERM
2019-10-18 07:24:06,528 [12ad0800-05cb-443c-9fdd-fa1debf04523@group-BCB82A5C07F5-LeaderElection1178] INFO  impl.RoleInfo (RoleInfo.java:shutdownLeaderElection(134)) - 12ad0800-05cb-443c-9fdd-fa1debf04523: shutdown LeaderElection
2019-10-18 07:24:06,528 [12ad0800-05cb-443c-9fdd-fa1debf04523@group-BCB82A5C07F5-LeaderElection1178] INFO  impl.RoleInfo (RoleInfo.java:updateAndGet(143)) - 12ad0800-05cb-443c-9fdd-fa1debf04523: start FollowerState
2019-10-18 07:24:06,548 [Thread-10393] INFO  impl.FollowerState (FollowerState.java:run(108)) - 4dea926d-4bc6-487a-9b9b-9fd457d0fae4@group-0C9C3B2D0CC1-FollowerState: change to CANDIDATE, lastRpcTime:154ms, electionTimeout:154ms
2019-10-18 07:24:06,548 [Thread-10393] INFO  impl.RoleInfo (RoleInfo.java:shutdownFollowerState(121)) - 4dea926d-4bc6-487a-9b9b-9fd457d0fae4: shutdown FollowerState
2019-10-18 07:24:06,549 [Thread-10393] INFO  impl.RaftServerImpl (RaftServerImpl.java:setRole(184)) - 4dea926d-4bc6-487a-9b9b-9fd457d0fae4@group-0C9C3B2D0CC1: changes role from  FOLLOWER to CANDIDATE at term 126 for changeToCandidate
2019-10-18 07:24:06,549 [Thread-10393] INFO  impl.RoleInfo (RoleInfo.java:updateAndGet(143)) - 4dea926d-4bc6-487a-9b9b-9fd457d0fae4: start LeaderElection
2019-10-18 07:24:06,572 [Thread-10398] INFO  impl.FollowerState (FollowerState.java:run(108)) - 12ad0800-05cb-443c-9fdd-fa1debf04523@group-BCB82A5C07F5-FollowerState: change to CANDIDATE, lastRpcTime:44ms, electionTimeout:44ms
2019-10-18 07:24:06,572 [Thread-10398] INFO  impl.RoleInfo (RoleInfo.java:shutdownFollowerState(121)) - 12ad0800-05cb-443c-9fdd-fa1debf04523: shutdown FollowerState
2019-10-18 07:24:06,573 [Thread-10398] INFO  impl.RaftServerImpl (RaftServerImpl.java:setRole(184)) - 12ad0800-05cb-443c-9fdd-fa1debf04523@group-BCB82A5C07F5: changes role from  FOLLOWER to CANDIDATE at term 139 for changeToCandidate
2019-10-18 07:24:06,573 [Thread-10398] INFO  impl.RoleInfo (RoleInfo.java:updateAndGet(143)) - 12ad0800-05cb-443c-9fdd-fa1debf04523: start LeaderElection
2019-10-18 07:24:06,578 [4dea926d-4bc6-487a-9b9b-9fd457d0fae4@group-0C9C3B2D0CC1-LeaderElection1179] INFO  impl.LeaderElection (LeaderElection.java:askForVotes(178)) - 4dea926d-4bc6-487a-9b9b-9fd457d0fae4@group-0C9C3B2D0CC1-LeaderElection1179: begin an election at term 127 for -1: [6633f50a-7046-4b08-9937-8e25f1b14b15:192.168.34.25:39338, 67270882-100a-4e75-928d-618d17e069c8:192.168.34.25:36648, 4dea926d-4bc6-487a-9b9b-9fd457d0fae4:192.168.34.25:41624], old=null
2019-10-18 07:24:06,579 [grpc-default-executor-14] INFO  impl.RaftServerImpl (RaftServerImpl.java:setRole(184)) - 6633f50a-7046-4b08-9937-8e25f1b14b15@group-0C9C3B2D0CC1: changes role from  FOLLOWER to FOLLOWER at term 127 for recognizeCandidate:4dea926d-4bc6-487a-9b9b-9fd457d0fae4
2019-10-18 07:24:06,579 [grpc-default-executor-14] INFO  impl.RoleInfo (RoleInfo.java:shutdownFollowerState(121)) - 6633f50a-7046-4b08-9937-8e25f1b14b15: shutdown FollowerState
2019-10-18 07:24:06,579 [grpc-default-executor-14] INFO  impl.RoleInfo (RoleInfo.java:updateAndGet(143)) - 6633f50a-7046-4b08-9937-8e25f1b14b15: start FollowerState
2019-10-18 07:24:06,579 [grpc-default-executor-11] INFO  impl.RaftServerImpl (RaftServerImpl.java:setRole(184)) - 67270882-100a-4e75-928d-618d17e069c8@group-0C9C3B2D0CC1: changes role from  FOLLOWER to FOLLOWER at term 127 for recognizeCandidate:4dea926d-4bc6-487a-9b9b-9fd457d0fae4
2019-10-18 07:24:06,579 [Thread-10391] INFO  impl.FollowerState (FollowerState.java:run(117)) - 6633f50a-7046-4b08-9937-8e25f1b14b15@group-0C9C3B2D0CC1-FollowerState was interrupted: java.lang.InterruptedException: sleep interrupted
2019-10-18 07:24:06,579 [grpc-default-executor-11] INFO  impl.RoleInfo (RoleInfo.java:shutdownFollowerState(121)) - 67270882-100a-4e75-928d-618d17e069c8: shutdown FollowerState
2019-10-18 07:24:06,580 [grpc-default-executor-11] INFO  impl.RoleInfo (RoleInfo.java:updateAndGet(143)) - 67270882-100a-4e75-928d-618d17e069c8: start FollowerState
2019-10-18 07:24:06,580 [Thread-10392] INFO  impl.FollowerState (FollowerState.java:run(117)) - 67270882-100a-4e75-928d-618d17e069c8@group-0C9C3B2D0CC1-FollowerState was interrupted: java.lang.InterruptedException: sleep interrupted
2019-10-18 07:24:06,612 [12ad0800-05cb-443c-9fdd-fa1debf04523@group-BCB82A5C07F5-LeaderElection1180] INFO  impl.LeaderElection (LeaderElection.java:askForVotes(178)) - 12ad0800-05cb-443c-9fdd-fa1debf04523@group-BCB82A5C07F5-LeaderElection1180: begin an election at term 140 for -1: [12ad0800-05cb-443c-9fdd-fa1debf04523:192.168.34.25:41155, 5170c5f3-8499-4b42-9321-85fc8a351f79:192.168.34.25:43074, 0b10a9fc-47eb-4a2b-b664-8273d9d17379:192.168.34.25:45248], old=null
2019-10-18 07:24:06,612 [4dea926d-4bc6-487a-9b9b-9fd457d0fae4@group-0C9C3B2D0CC1-LeaderElection1179] INFO  impl.LeaderElection (LeaderElection.java:logAndReturn(56)) - 4dea926d-4bc6-487a-9b9b-9fd457d0fae4@group-0C9C3B2D0CC1-LeaderElection1179: Election REJECTED; received 2 response(s) [4dea926d-4bc6-487a-9b9b-9fd457d0fae4<-6633f50a-7046-4b08-9937-8e25f1b14b15#0:FAIL-t127, 4dea926d-4bc6-487a-9b9b-9fd457d0fae4<-67270882-100a-4e75-928d-618d17e069c8#0:FAIL-t127] and 0 exception(s); 4dea926d-4bc6-487a-9b9b-9fd457d0fae4@group-0C9C3B2D0CC1:t127, leader=null, voted=4dea926d-4bc6-487a-9b9b-9fd457d0fae4, raftlog=4dea926d-4bc6-487a-9b9b-9fd457d0fae4@group-0C9C3B2D0CC1-SegmentedRaftLog:OPENED:c-1,f-1,i0, conf=-1: [6633f50a-7046-4b08-9937-8e25f1b14b15:192.168.34.25:39338, 67270882-100a-4e75-928d-618d17e069c8:192.168.34.25:36648, 4dea926d-4bc6-487a-9b9b-9fd457d0fae4:192.168.34.25:41624], old=null
2019-10-18 07:24:06,612 [4dea926d-4bc6-487a-9b9b-9fd457d0fae4@group-0C9C3B2D0CC1-LeaderElection1179] INFO  impl.RaftServerImpl (RaftServerImpl.java:setRole(184)) - 4dea926d-4bc6-487a-9b9b-9fd457d0fae4@group-0C9C3B2D0CC1: changes role from CANDIDATE to FOLLOWER at term 127 for DISCOVERED_A_NEW_TERM
2019-10-18 07:24:06,612 [4dea926d-4bc6-487a-9b9b-9fd457d0fae4@group-0C9C3B2D0CC1-LeaderElection1179] INFO  impl.RoleInfo (RoleInfo.java:shutdownLeaderElection(134)) - 4dea926d-4bc6-487a-9b9b-9fd457d0fae4: shutdown LeaderElection
2019-10-18 07:24:06,612 [4dea926d-4bc6-487a-9b9b-9fd457d0fae4@group-0C9C3B2D0CC1-LeaderElection1179] INFO  impl.RoleInfo (RoleInfo.java:updateAndGet(143)) - 4dea926d-4bc6-487a-9b9b-9fd457d0fae4: start FollowerState
2019-10-18 07:24:06,612 [12ad0800-05cb-443c-9fdd-fa1debf04523@group-BCB82A5C07F5-LeaderElection1180] INFO  impl.LeaderElection (LogUtils.java:infoOrTrace(149)) - 12ad0800-05cb-443c-9fdd-fa1debf04523@group-BCB82A5C07F5-LeaderElection1180 got exception when requesting votes: {}
java.util.concurrent.ExecutionException: org.apache.ratis.thirdparty.io.grpc.StatusRuntimeException: UNAVAILABLE: io exception
	at java.util.concurrent.FutureTask.report(FutureTask.java:122)
	at java.util.concurrent.FutureTask.get(FutureTask.java:192)
	at org.apache.ratis.server.impl.LeaderElection.waitForResults(LeaderElection.java:259)
	at org.apache.ratis.server.impl.LeaderElection.askForVotes(LeaderElection.java:197)
	at org.apache.ratis.server.impl.LeaderElection.run(LeaderElection.java:133)
	at java.lang.Thread.run(Thread.java:748)
Caused by: org.apache.ratis.thirdparty.io.grpc.StatusRuntimeException: UNAVAILABLE: io exception
	at org.apache.ratis.thirdparty.io.grpc.stub.ClientCalls.toStatusRuntimeException(ClientCalls.java:233)
	at org.apache.ratis.thirdparty.io.grpc.stub.ClientCalls.getUnchecked(ClientCalls.java:214)
	at org.apache.ratis.thirdparty.io.grpc.stub.ClientCalls.blockingUnaryCall(ClientCalls.java:139)
	at org.apache.ratis.proto.grpc.RaftServerProtocolServiceGrpc$RaftServerProtocolServiceBlockingStub.requestVote(RaftServerProtocolServiceGrpc.java:265)
	at org.apache.ratis.grpc.server.GrpcServerProtocolClient.requestVote(GrpcServerProtocolClient.java:99)
	at org.apache.ratis.grpc.server.GrpcService.requestVote(GrpcService.java:204)
	at org.apache.ratis.server.impl.LeaderElection.lambda$submitRequests$1(LeaderElection.java:234)
	at java.util.concurrent.FutureTask.run(FutureTask.java:266)
	at java.util.concurrent.Executors$RunnableAdapter.call(Executors.java:511)
	at java.util.concurrent.FutureTask.run(FutureTask.java:266)
	at java.util.concurrent.ThreadPoolExecutor.runWorker(ThreadPoolExecutor.java:1149)
	at java.util.concurrent.ThreadPoolExecutor$Worker.run(ThreadPoolExecutor.java:624)
	... 1 more
Caused by: org.apache.ratis.thirdparty.io.netty.channel.AbstractChannel$AnnotatedConnectException: Connection refused: /192.168.34.25:45248
	at sun.nio.ch.SocketChannelImpl.checkConnect(Native Method)
	at sun.nio.ch.SocketChannelImpl.finishConnect(SocketChannelImpl.java:717)
	at org.apache.ratis.thirdparty.io.netty.channel.socket.nio.NioSocketChannel.doFinishConnect(NioSocketChannel.java:327)
	at org.apache.ratis.thirdparty.io.netty.channel.nio.AbstractNioChannel$AbstractNioUnsafe.finishConnect(AbstractNioChannel.java:340)
	at org.apache.ratis.thirdparty.io.netty.channel.nio.NioEventLoop.processSelectedKey(NioEventLoop.java:632)
	at org.apache.ratis.thirdparty.io.netty.channel.nio.NioEventLoop.processSelectedKeysOptimized(NioEventLoop.java:579)
	at org.apache.ratis.thirdparty.io.netty.channel.nio.NioEventLoop.processSelectedKeys(NioEventLoop.java:496)
	at org.apache.ratis.thirdparty.io.netty.channel.nio.NioEventLoop.run(NioEventLoop.java:458)
	at org.apache.ratis.thirdparty.io.netty.util.concurrent.SingleThreadEventExecutor$5.run(SingleThreadEventExecutor.java:897)
	at org.apache.ratis.thirdparty.io.netty.util.concurrent.FastThreadLocalRunnable.run(FastThreadLocalRunnable.java:30)
	... 1 more
Caused by: java.net.ConnectException: Connection refused
	... 11 more
2019-10-18 07:24:06,613 [grpc-default-executor-11] INFO  impl.RaftServerImpl (RaftServerImpl.java:setRole(184)) - 5170c5f3-8499-4b42-9321-85fc8a351f79@group-BCB82A5C07F5: changes role from  FOLLOWER to FOLLOWER at term 140 for recognizeCandidate:12ad0800-05cb-443c-9fdd-fa1debf04523
2019-10-18 07:24:06,613 [grpc-default-executor-11] INFO  impl.RoleInfo (RoleInfo.java:shutdownFollowerState(121)) - 5170c5f3-8499-4b42-9321-85fc8a351f79: shutdown FollowerState
2019-10-18 07:24:06,613 [grpc-default-executor-11] INFO  impl.RoleInfo (RoleInfo.java:updateAndGet(143)) - 5170c5f3-8499-4b42-9321-85fc8a351f79: start FollowerState
2019-10-18 07:24:06,613 [Thread-10397] INFO  impl.FollowerState (FollowerState.java:run(117)) - 5170c5f3-8499-4b42-9321-85fc8a351f79@group-BCB82A5C07F5-FollowerState was interrupted: java.lang.InterruptedException: sleep interrupted
2019-10-18 07:24:06,646 [12ad0800-05cb-443c-9fdd-fa1debf04523@group-BCB82A5C07F5-LeaderElection1180] INFO  impl.LeaderElection (LeaderElection.java:logAndReturn(56)) - 12ad0800-05cb-443c-9fdd-fa1debf04523@group-BCB82A5C07F5-LeaderElection1180: Election REJECTED; received 1 response(s) [12ad0800-05cb-443c-9fdd-fa1debf04523<-5170c5f3-8499-4b42-9321-85fc8a351f79#0:FAIL-t140] and 1 exception(s); 12ad0800-05cb-443c-9fdd-fa1debf04523@group-BCB82A5C07F5:t140, leader=null, voted=12ad0800-05cb-443c-9fdd-fa1debf04523, raftlog=12ad0800-05cb-443c-9fdd-fa1debf04523@group-BCB82A5C07F5-SegmentedRaftLog:OPENED:c-1,f-1,i0, conf=-1: [12ad0800-05cb-443c-9fdd-fa1debf04523:192.168.34.25:41155, 5170c5f3-8499-4b42-9321-85fc8a351f79:192.168.34.25:43074, 0b10a9fc-47eb-4a2b-b664-8273d9d17379:192.168.34.25:45248], old=null
2019-10-18 07:24:06,646 [12ad0800-05cb-443c-9fdd-fa1debf04523@group-BCB82A5C07F5-LeaderElection1180] INFO  impl.LeaderElection (LogUtils.java:infoOrTrace(149)) -   Exception 0: {}
java.util.concurrent.ExecutionException: org.apache.ratis.thirdparty.io.grpc.StatusRuntimeException: UNAVAILABLE: io exception
	at java.util.concurrent.FutureTask.report(FutureTask.java:122)
	at java.util.concurrent.FutureTask.get(FutureTask.java:192)
	at org.apache.ratis.server.impl.LeaderElection.waitForResults(LeaderElection.java:259)
	at org.apache.ratis.server.impl.LeaderElection.askForVotes(LeaderElection.java:197)
	at org.apache.ratis.server.impl.LeaderElection.run(LeaderElection.java:133)
	at java.lang.Thread.run(Thread.java:748)
Caused by: org.apache.ratis.thirdparty.io.grpc.StatusRuntimeException: UNAVAILABLE: io exception
	at org.apache.ratis.thirdparty.io.grpc.stub.ClientCalls.toStatusRuntimeException(ClientCalls.java:233)
	at org.apache.ratis.thirdparty.io.grpc.stub.ClientCalls.getUnchecked(ClientCalls.java:214)
	at org.apache.ratis.thirdparty.io.grpc.stub.ClientCalls.blockingUnaryCall(ClientCalls.java:139)
	at org.apache.ratis.proto.grpc.RaftServerProtocolServiceGrpc$RaftServerProtocolServiceBlockingStub.requestVote(RaftServerProtocolServiceGrpc.java:265)
	at org.apache.ratis.grpc.server.GrpcServerProtocolClient.requestVote(GrpcServerProtocolClient.java:99)
	at org.apache.ratis.grpc.server.GrpcService.requestVote(GrpcService.java:204)
	at org.apache.ratis.server.impl.LeaderElection.lambda$submitRequests$1(LeaderElection.java:234)
	at java.util.concurrent.FutureTask.run(FutureTask.java:266)
	at java.util.concurrent.Executors$RunnableAdapter.call(Executors.java:511)
	at java.util.concurrent.FutureTask.run(FutureTask.java:266)
	at java.util.concurrent.ThreadPoolExecutor.runWorker(ThreadPoolExecutor.java:1149)
	at java.util.concurrent.ThreadPoolExecutor$Worker.run(ThreadPoolExecutor.java:624)
	... 1 more
Caused by: org.apache.ratis.thirdparty.io.netty.channel.AbstractChannel$AnnotatedConnectException: Connection refused: /192.168.34.25:45248
	at sun.nio.ch.SocketChannelImpl.checkConnect(Native Method)
	at sun.nio.ch.SocketChannelImpl.finishConnect(SocketChannelImpl.java:717)
	at org.apache.ratis.thirdparty.io.netty.channel.socket.nio.NioSocketChannel.doFinishConnect(NioSocketChannel.java:327)
	at org.apache.ratis.thirdparty.io.netty.channel.nio.AbstractNioChannel$AbstractNioUnsafe.finishConnect(AbstractNioChannel.java:340)
	at org.apache.ratis.thirdparty.io.netty.channel.nio.NioEventLoop.processSelectedKey(NioEventLoop.java:632)
	at org.apache.ratis.thirdparty.io.netty.channel.nio.NioEventLoop.processSelectedKeysOptimized(NioEventLoop.java:579)
	at org.apache.ratis.thirdparty.io.netty.channel.nio.NioEventLoop.processSelectedKeys(NioEventLoop.java:496)
	at org.apache.ratis.thirdparty.io.netty.channel.nio.NioEventLoop.run(NioEventLoop.java:458)
	at org.apache.ratis.thirdparty.io.netty.util.concurrent.SingleThreadEventExecutor$5.run(SingleThreadEventExecutor.java:897)
	at org.apache.ratis.thirdparty.io.netty.util.concurrent.FastThreadLocalRunnable.run(FastThreadLocalRunnable.java:30)
	... 1 more
Caused by: java.net.ConnectException: Connection refused
	... 11 more
2019-10-18 07:24:06,647 [12ad0800-05cb-443c-9fdd-fa1debf04523@group-BCB82A5C07F5-LeaderElection1180] INFO  impl.RaftServerImpl (RaftServerImpl.java:setRole(184)) - 12ad0800-05cb-443c-9fdd-fa1debf04523@group-BCB82A5C07F5: changes role from CANDIDATE to FOLLOWER at term 140 for DISCOVERED_A_NEW_TERM
2019-10-18 07:24:06,647 [12ad0800-05cb-443c-9fdd-fa1debf04523@group-BCB82A5C07F5-LeaderElection1180] INFO  impl.RoleInfo (RoleInfo.java:shutdownLeaderElection(134)) - 12ad0800-05cb-443c-9fdd-fa1debf04523: shutdown LeaderElection
2019-10-18 07:24:06,647 [12ad0800-05cb-443c-9fdd-fa1debf04523@group-BCB82A5C07F5-LeaderElection1180] INFO  impl.RoleInfo (RoleInfo.java:updateAndGet(143)) - 12ad0800-05cb-443c-9fdd-fa1debf04523: start FollowerState
2019-10-18 07:24:06,714 [Thread-10407] INFO  impl.FollowerState (FollowerState.java:run(108)) - 4dea926d-4bc6-487a-9b9b-9fd457d0fae4@group-0C9C3B2D0CC1-FollowerState: change to CANDIDATE, lastRpcTime:101ms, electionTimeout:101ms
2019-10-18 07:24:06,714 [Thread-10407] INFO  impl.RoleInfo (RoleInfo.java:shutdownFollowerState(121)) - 4dea926d-4bc6-487a-9b9b-9fd457d0fae4: shutdown FollowerState
2019-10-18 07:24:06,714 [Thread-10407] INFO  impl.RaftServerImpl (RaftServerImpl.java:setRole(184)) - 4dea926d-4bc6-487a-9b9b-9fd457d0fae4@group-0C9C3B2D0CC1: changes role from  FOLLOWER to CANDIDATE at term 127 for changeToCandidate
2019-10-18 07:24:06,714 [Thread-10407] INFO  impl.RoleInfo (RoleInfo.java:updateAndGet(143)) - 4dea926d-4bc6-487a-9b9b-9fd457d0fae4: start LeaderElection
2019-10-18 07:24:06,737 [4dea926d-4bc6-487a-9b9b-9fd457d0fae4@group-0C9C3B2D0CC1-LeaderElection1181] INFO  impl.LeaderElection (LeaderElection.java:askForVotes(178)) - 4dea926d-4bc6-487a-9b9b-9fd457d0fae4@group-0C9C3B2D0CC1-LeaderElection1181: begin an election at term 128 for -1: [6633f50a-7046-4b08-9937-8e25f1b14b15:192.168.34.25:39338, 67270882-100a-4e75-928d-618d17e069c8:192.168.34.25:36648, 4dea926d-4bc6-487a-9b9b-9fd457d0fae4:192.168.34.25:41624], old=null
2019-10-18 07:24:06,739 [grpc-default-executor-11] INFO  impl.RaftServerImpl (RaftServerImpl.java:setRole(184)) - 6633f50a-7046-4b08-9937-8e25f1b14b15@group-0C9C3B2D0CC1: changes role from  FOLLOWER to FOLLOWER at term 128 for recognizeCandidate:4dea926d-4bc6-487a-9b9b-9fd457d0fae4
2019-10-18 07:24:06,739 [grpc-default-executor-11] INFO  impl.RoleInfo (RoleInfo.java:shutdownFollowerState(121)) - 6633f50a-7046-4b08-9937-8e25f1b14b15: shutdown FollowerState
2019-10-18 07:24:06,739 [grpc-default-executor-14] INFO  impl.RaftServerImpl (RaftServerImpl.java:setRole(184)) - 67270882-100a-4e75-928d-618d17e069c8@group-0C9C3B2D0CC1: changes role from  FOLLOWER to FOLLOWER at term 128 for recognizeCandidate:4dea926d-4bc6-487a-9b9b-9fd457d0fae4
2019-10-18 07:24:06,739 [grpc-default-executor-14] INFO  impl.RoleInfo (RoleInfo.java:shutdownFollowerState(121)) - 67270882-100a-4e75-928d-618d17e069c8: shutdown FollowerState
2019-10-18 07:24:06,739 [Thread-10403] INFO  impl.FollowerState (FollowerState.java:run(117)) - 6633f50a-7046-4b08-9937-8e25f1b14b15@group-0C9C3B2D0CC1-FollowerState was interrupted: java.lang.InterruptedException: sleep interrupted
2019-10-18 07:24:06,740 [Thread-10404] INFO  impl.FollowerState (FollowerState.java:run(117)) - 67270882-100a-4e75-928d-618d17e069c8@group-0C9C3B2D0CC1-FollowerState was interrupted: java.lang.InterruptedException: sleep interrupted
2019-10-18 07:24:06,739 [grpc-default-executor-11] INFO  impl.RoleInfo (RoleInfo.java:updateAndGet(143)) - 6633f50a-7046-4b08-9937-8e25f1b14b15: start FollowerState
2019-10-18 07:24:06,739 [Thread-10409] INFO  impl.FollowerState (FollowerState.java:run(108)) - 12ad0800-05cb-443c-9fdd-fa1debf04523@group-BCB82A5C07F5-FollowerState: change to CANDIDATE, lastRpcTime:92ms, electionTimeout:92ms
2019-10-18 07:24:06,739 [grpc-default-executor-14] INFO  impl.RoleInfo (RoleInfo.java:updateAndGet(143)) - 67270882-100a-4e75-928d-618d17e069c8: start FollowerState
2019-10-18 07:24:06,740 [Thread-10409] INFO  impl.RoleInfo (RoleInfo.java:shutdownFollowerState(121)) - 12ad0800-05cb-443c-9fdd-fa1debf04523: shutdown FollowerState
2019-10-18 07:24:06,740 [Thread-10409] INFO  impl.RaftServerImpl (RaftServerImpl.java:setRole(184)) - 12ad0800-05cb-443c-9fdd-fa1debf04523@group-BCB82A5C07F5: changes role from  FOLLOWER to CANDIDATE at term 140 for changeToCandidate
2019-10-18 07:24:06,740 [Thread-10409] INFO  impl.RoleInfo (RoleInfo.java:updateAndGet(143)) - 12ad0800-05cb-443c-9fdd-fa1debf04523: start LeaderElection
2019-10-18 07:24:06,764 [12ad0800-05cb-443c-9fdd-fa1debf04523@group-BCB82A5C07F5-LeaderElection1182] INFO  impl.LeaderElection (LeaderElection.java:askForVotes(178)) - 12ad0800-05cb-443c-9fdd-fa1debf04523@group-BCB82A5C07F5-LeaderElection1182: begin an election at term 141 for -1: [12ad0800-05cb-443c-9fdd-fa1debf04523:192.168.34.25:41155, 5170c5f3-8499-4b42-9321-85fc8a351f79:192.168.34.25:43074, 0b10a9fc-47eb-4a2b-b664-8273d9d17379:192.168.34.25:45248], old=null
2019-10-18 07:24:06,764 [4dea926d-4bc6-487a-9b9b-9fd457d0fae4@group-0C9C3B2D0CC1-LeaderElection1181] INFO  impl.LeaderElection (LeaderElection.java:logAndReturn(56)) - 4dea926d-4bc6-487a-9b9b-9fd457d0fae4@group-0C9C3B2D0CC1-LeaderElection1181: Election REJECTED; received 2 response(s) [4dea926d-4bc6-487a-9b9b-9fd457d0fae4<-6633f50a-7046-4b08-9937-8e25f1b14b15#0:FAIL-t128, 4dea926d-4bc6-487a-9b9b-9fd457d0fae4<-67270882-100a-4e75-928d-618d17e069c8#0:FAIL-t128] and 0 exception(s); 4dea926d-4bc6-487a-9b9b-9fd457d0fae4@group-0C9C3B2D0CC1:t128, leader=null, voted=4dea926d-4bc6-487a-9b9b-9fd457d0fae4, raftlog=4dea926d-4bc6-487a-9b9b-9fd457d0fae4@group-0C9C3B2D0CC1-SegmentedRaftLog:OPENED:c-1,f-1,i0, conf=-1: [6633f50a-7046-4b08-9937-8e25f1b14b15:192.168.34.25:39338, 67270882-100a-4e75-928d-618d17e069c8:192.168.34.25:36648, 4dea926d-4bc6-487a-9b9b-9fd457d0fae4:192.168.34.25:41624], old=null
2019-10-18 07:24:06,765 [4dea926d-4bc6-487a-9b9b-9fd457d0fae4@group-0C9C3B2D0CC1-LeaderElection1181] INFO  impl.RaftServerImpl (RaftServerImpl.java:setRole(184)) - 4dea926d-4bc6-487a-9b9b-9fd457d0fae4@group-0C9C3B2D0CC1: changes role from CANDIDATE to FOLLOWER at term 128 for DISCOVERED_A_NEW_TERM
2019-10-18 07:24:06,765 [4dea926d-4bc6-487a-9b9b-9fd457d0fae4@group-0C9C3B2D0CC1-LeaderElection1181] INFO  impl.RoleInfo (RoleInfo.java:shutdownLeaderElection(134)) - 4dea926d-4bc6-487a-9b9b-9fd457d0fae4: shutdown LeaderElection
2019-10-18 07:24:06,765 [4dea926d-4bc6-487a-9b9b-9fd457d0fae4@group-0C9C3B2D0CC1-LeaderElection1181] INFO  impl.RoleInfo (RoleInfo.java:updateAndGet(143)) - 4dea926d-4bc6-487a-9b9b-9fd457d0fae4: start FollowerState
2019-10-18 07:24:06,765 [12ad0800-05cb-443c-9fdd-fa1debf04523@group-BCB82A5C07F5-LeaderElection1182] INFO  impl.LeaderElection (LogUtils.java:infoOrTrace(149)) - 12ad0800-05cb-443c-9fdd-fa1debf04523@group-BCB82A5C07F5-LeaderElection1182 got exception when requesting votes: {}
java.util.concurrent.ExecutionException: org.apache.ratis.thirdparty.io.grpc.StatusRuntimeException: UNAVAILABLE: io exception
	at java.util.concurrent.FutureTask.report(FutureTask.java:122)
	at java.util.concurrent.FutureTask.get(FutureTask.java:192)
	at org.apache.ratis.server.impl.LeaderElection.waitForResults(LeaderElection.java:259)
	at org.apache.ratis.server.impl.LeaderElection.askForVotes(LeaderElection.java:197)
	at org.apache.ratis.server.impl.LeaderElection.run(LeaderElection.java:133)
	at java.lang.Thread.run(Thread.java:748)
Caused by: org.apache.ratis.thirdparty.io.grpc.StatusRuntimeException: UNAVAILABLE: io exception
	at org.apache.ratis.thirdparty.io.grpc.stub.ClientCalls.toStatusRuntimeException(ClientCalls.java:233)
	at org.apache.ratis.thirdparty.io.grpc.stub.ClientCalls.getUnchecked(ClientCalls.java:214)
	at org.apache.ratis.thirdparty.io.grpc.stub.ClientCalls.blockingUnaryCall(ClientCalls.java:139)
	at org.apache.ratis.proto.grpc.RaftServerProtocolServiceGrpc$RaftServerProtocolServiceBlockingStub.requestVote(RaftServerProtocolServiceGrpc.java:265)
	at org.apache.ratis.grpc.server.GrpcServerProtocolClient.requestVote(GrpcServerProtocolClient.java:99)
	at org.apache.ratis.grpc.server.GrpcService.requestVote(GrpcService.java:204)
	at org.apache.ratis.server.impl.LeaderElection.lambda$submitRequests$1(LeaderElection.java:234)
	at java.util.concurrent.FutureTask.run(FutureTask.java:266)
	at java.util.concurrent.Executors$RunnableAdapter.call(Executors.java:511)
	at java.util.concurrent.FutureTask.run(FutureTask.java:266)
	at java.util.concurrent.ThreadPoolExecutor.runWorker(ThreadPoolExecutor.java:1149)
	at java.util.concurrent.ThreadPoolExecutor$Worker.run(ThreadPoolExecutor.java:624)
	... 1 more
Caused by: org.apache.ratis.thirdparty.io.netty.channel.AbstractChannel$AnnotatedConnectException: Connection refused: /192.168.34.25:45248
	at sun.nio.ch.SocketChannelImpl.checkConnect(Native Method)
	at sun.nio.ch.SocketChannelImpl.finishConnect(SocketChannelImpl.java:717)
	at org.apache.ratis.thirdparty.io.netty.channel.socket.nio.NioSocketChannel.doFinishConnect(NioSocketChannel.java:327)
	at org.apache.ratis.thirdparty.io.netty.channel.nio.AbstractNioChannel$AbstractNioUnsafe.finishConnect(AbstractNioChannel.java:340)
	at org.apache.ratis.thirdparty.io.netty.channel.nio.NioEventLoop.processSelectedKey(NioEventLoop.java:632)
	at org.apache.ratis.thirdparty.io.netty.channel.nio.NioEventLoop.processSelectedKeysOptimized(NioEventLoop.java:579)
	at org.apache.ratis.thirdparty.io.netty.channel.nio.NioEventLoop.processSelectedKeys(NioEventLoop.java:496)
	at org.apache.ratis.thirdparty.io.netty.channel.nio.NioEventLoop.run(NioEventLoop.java:458)
	at org.apache.ratis.thirdparty.io.netty.util.concurrent.SingleThreadEventExecutor$5.run(SingleThreadEventExecutor.java:897)
	at org.apache.ratis.thirdparty.io.netty.util.concurrent.FastThreadLocalRunnable.run(FastThreadLocalRunnable.java:30)
	... 1 more
Caused by: java.net.ConnectException: Connection refused
	... 11 more
2019-10-18 07:24:06,765 [grpc-default-executor-11] INFO  impl.RaftServerImpl (RaftServerImpl.java:setRole(184)) - 5170c5f3-8499-4b42-9321-85fc8a351f79@group-BCB82A5C07F5: changes role from  FOLLOWER to FOLLOWER at term 141 for recognizeCandidate:12ad0800-05cb-443c-9fdd-fa1debf04523
2019-10-18 07:24:06,766 [grpc-default-executor-11] INFO  impl.RoleInfo (RoleInfo.java:shutdownFollowerState(121)) - 5170c5f3-8499-4b42-9321-85fc8a351f79: shutdown FollowerState
2019-10-18 07:24:06,766 [grpc-default-executor-11] INFO  impl.RoleInfo (RoleInfo.java:updateAndGet(143)) - 5170c5f3-8499-4b42-9321-85fc8a351f79: start FollowerState
2019-10-18 07:24:06,766 [Thread-10408] INFO  impl.FollowerState (FollowerState.java:run(117)) - 5170c5f3-8499-4b42-9321-85fc8a351f79@group-BCB82A5C07F5-FollowerState was interrupted: java.lang.InterruptedException: sleep interrupted
2019-10-18 07:24:06,772 [Thread-10420] INFO  impl.FollowerState (FollowerState.java:run(108)) - 4dea926d-4bc6-487a-9b9b-9fd457d0fae4@group-0C9C3B2D0CC1-FollowerState: change to CANDIDATE, lastRpcTime:7ms, electionTimeout:7ms
2019-10-18 07:24:06,772 [Thread-10420] INFO  impl.RoleInfo (RoleInfo.java:shutdownFollowerState(121)) - 4dea926d-4bc6-487a-9b9b-9fd457d0fae4: shutdown FollowerState
2019-10-18 07:24:06,772 [Thread-10420] INFO  impl.RaftServerImpl (RaftServerImpl.java:setRole(184)) - 4dea926d-4bc6-487a-9b9b-9fd457d0fae4@group-0C9C3B2D0CC1: changes role from  FOLLOWER to CANDIDATE at term 128 for changeToCandidate
2019-10-18 07:24:06,772 [Thread-10420] INFO  impl.RoleInfo (RoleInfo.java:updateAndGet(143)) - 4dea926d-4bc6-487a-9b9b-9fd457d0fae4: start LeaderElection
2019-10-18 07:24:06,790 [12ad0800-05cb-443c-9fdd-fa1debf04523@group-BCB82A5C07F5-LeaderElection1182] INFO  impl.LeaderElection (LeaderElection.java:logAndReturn(56)) - 12ad0800-05cb-443c-9fdd-fa1debf04523@group-BCB82A5C07F5-LeaderElection1182: Election REJECTED; received 1 response(s) [12ad0800-05cb-443c-9fdd-fa1debf04523<-5170c5f3-8499-4b42-9321-85fc8a351f79#0:FAIL-t141] and 1 exception(s); 12ad0800-05cb-443c-9fdd-fa1debf04523@group-BCB82A5C07F5:t141, leader=null, voted=12ad0800-05cb-443c-9fdd-fa1debf04523, raftlog=12ad0800-05cb-443c-9fdd-fa1debf04523@group-BCB82A5C07F5-SegmentedRaftLog:OPENED:c-1,f-1,i0, conf=-1: [12ad0800-05cb-443c-9fdd-fa1debf04523:192.168.34.25:41155, 5170c5f3-8499-4b42-9321-85fc8a351f79:192.168.34.25:43074, 0b10a9fc-47eb-4a2b-b664-8273d9d17379:192.168.34.25:45248], old=null
2019-10-18 07:24:06,790 [12ad0800-05cb-443c-9fdd-fa1debf04523@group-BCB82A5C07F5-LeaderElection1182] INFO  impl.LeaderElection (LogUtils.java:infoOrTrace(149)) -   Exception 0: {}
java.util.concurrent.ExecutionException: org.apache.ratis.thirdparty.io.grpc.StatusRuntimeException: UNAVAILABLE: io exception
	at java.util.concurrent.FutureTask.report(FutureTask.java:122)
	at java.util.concurrent.FutureTask.get(FutureTask.java:192)
	at org.apache.ratis.server.impl.LeaderElection.waitForResults(LeaderElection.java:259)
	at org.apache.ratis.server.impl.LeaderElection.askForVotes(LeaderElection.java:197)
	at org.apache.ratis.server.impl.LeaderElection.run(LeaderElection.java:133)
	at java.lang.Thread.run(Thread.java:748)
Caused by: org.apache.ratis.thirdparty.io.grpc.StatusRuntimeException: UNAVAILABLE: io exception
	at org.apache.ratis.thirdparty.io.grpc.stub.ClientCalls.toStatusRuntimeException(ClientCalls.java:233)
	at org.apache.ratis.thirdparty.io.grpc.stub.ClientCalls.getUnchecked(ClientCalls.java:214)
	at org.apache.ratis.thirdparty.io.grpc.stub.ClientCalls.blockingUnaryCall(ClientCalls.java:139)
	at org.apache.ratis.proto.grpc.RaftServerProtocolServiceGrpc$RaftServerProtocolServiceBlockingStub.requestVote(RaftServerProtocolServiceGrpc.java:265)
	at org.apache.ratis.grpc.server.GrpcServerProtocolClient.requestVote(GrpcServerProtocolClient.java:99)
	at org.apache.ratis.grpc.server.GrpcService.requestVote(GrpcService.java:204)
	at org.apache.ratis.server.impl.LeaderElection.lambda$submitRequests$1(LeaderElection.java:234)
	at java.util.concurrent.FutureTask.run(FutureTask.java:266)
	at java.util.concurrent.Executors$RunnableAdapter.call(Executors.java:511)
	at java.util.concurrent.FutureTask.run(FutureTask.java:266)
	at java.util.concurrent.ThreadPoolExecutor.runWorker(ThreadPoolExecutor.java:1149)
	at java.util.concurrent.ThreadPoolExecutor$Worker.run(ThreadPoolExecutor.java:624)
	... 1 more
Caused by: org.apache.ratis.thirdparty.io.netty.channel.AbstractChannel$AnnotatedConnectException: Connection refused: /192.168.34.25:45248
	at sun.nio.ch.SocketChannelImpl.checkConnect(Native Method)
	at sun.nio.ch.SocketChannelImpl.finishConnect(SocketChannelImpl.java:717)
	at org.apache.ratis.thirdparty.io.netty.channel.socket.nio.NioSocketChannel.doFinishConnect(NioSocketChannel.java:327)
	at org.apache.ratis.thirdparty.io.netty.channel.nio.AbstractNioChannel$AbstractNioUnsafe.finishConnect(AbstractNioChannel.java:340)
	at org.apache.ratis.thirdparty.io.netty.channel.nio.NioEventLoop.processSelectedKey(NioEventLoop.java:632)
	at org.apache.ratis.thirdparty.io.netty.channel.nio.NioEventLoop.processSelectedKeysOptimized(NioEventLoop.java:579)
	at org.apache.ratis.thirdparty.io.netty.channel.nio.NioEventLoop.processSelectedKeys(NioEventLoop.java:496)
	at org.apache.ratis.thirdparty.io.netty.channel.nio.NioEventLoop.run(NioEventLoop.java:458)
	at org.apache.ratis.thirdparty.io.netty.util.concurrent.SingleThreadEventExecutor$5.run(SingleThreadEventExecutor.java:897)
	at org.apache.ratis.thirdparty.io.netty.util.concurrent.FastThreadLocalRunnable.run(FastThreadLocalRunnable.java:30)
	... 1 more
Caused by: java.net.ConnectException: Connection refused
	... 11 more
2019-10-18 07:24:06,791 [12ad0800-05cb-443c-9fdd-fa1debf04523@group-BCB82A5C07F5-LeaderElection1182] INFO  impl.RaftServerImpl (RaftServerImpl.java:setRole(184)) - 12ad0800-05cb-443c-9fdd-fa1debf04523@group-BCB82A5C07F5: changes role from CANDIDATE to FOLLOWER at term 141 for DISCOVERED_A_NEW_TERM
2019-10-18 07:24:06,791 [12ad0800-05cb-443c-9fdd-fa1debf04523@group-BCB82A5C07F5-LeaderElection1182] INFO  impl.RoleInfo (RoleInfo.java:shutdownLeaderElection(134)) - 12ad0800-05cb-443c-9fdd-fa1debf04523: shutdown LeaderElection
2019-10-18 07:24:06,791 [12ad0800-05cb-443c-9fdd-fa1debf04523@group-BCB82A5C07F5-LeaderElection1182] INFO  impl.RoleInfo (RoleInfo.java:updateAndGet(143)) - 12ad0800-05cb-443c-9fdd-fa1debf04523: start FollowerState
2019-10-18 07:24:06,798 [4dea926d-4bc6-487a-9b9b-9fd457d0fae4@group-0C9C3B2D0CC1-LeaderElection1183] INFO  impl.LeaderElection (LeaderElection.java:askForVotes(178)) - 4dea926d-4bc6-487a-9b9b-9fd457d0fae4@group-0C9C3B2D0CC1-LeaderElection1183: begin an election at term 129 for -1: [6633f50a-7046-4b08-9937-8e25f1b14b15:192.168.34.25:39338, 67270882-100a-4e75-928d-618d17e069c8:192.168.34.25:36648, 4dea926d-4bc6-487a-9b9b-9fd457d0fae4:192.168.34.25:41624], old=null
2019-10-18 07:24:06,799 [grpc-default-executor-11] INFO  impl.RaftServerImpl (RaftServerImpl.java:setRole(184)) - 6633f50a-7046-4b08-9937-8e25f1b14b15@group-0C9C3B2D0CC1: changes role from  FOLLOWER to FOLLOWER at term 129 for recognizeCandidate:4dea926d-4bc6-487a-9b9b-9fd457d0fae4
2019-10-18 07:24:06,799 [grpc-default-executor-11] INFO  impl.RoleInfo (RoleInfo.java:shutdownFollowerState(121)) - 6633f50a-7046-4b08-9937-8e25f1b14b15: shutdown FollowerState
2019-10-18 07:24:06,799 [grpc-default-executor-14] INFO  impl.RaftServerImpl (RaftServerImpl.java:setRole(184)) - 67270882-100a-4e75-928d-618d17e069c8@group-0C9C3B2D0CC1: changes role from  FOLLOWER to FOLLOWER at term 129 for recognizeCandidate:4dea926d-4bc6-487a-9b9b-9fd457d0fae4
2019-10-18 07:24:06,800 [grpc-default-executor-14] INFO  impl.RoleInfo (RoleInfo.java:shutdownFollowerState(121)) - 67270882-100a-4e75-928d-618d17e069c8: shutdown FollowerState
2019-10-18 07:24:06,800 [Thread-10413] INFO  impl.FollowerState (FollowerState.java:run(117)) - 6633f50a-7046-4b08-9937-8e25f1b14b15@group-0C9C3B2D0CC1-FollowerState was interrupted: java.lang.InterruptedException: sleep interrupted
2019-10-18 07:24:06,800 [Thread-10414] INFO  impl.FollowerState (FollowerState.java:run(117)) - 67270882-100a-4e75-928d-618d17e069c8@group-0C9C3B2D0CC1-FollowerState was interrupted: java.lang.InterruptedException: sleep interrupted
2019-10-18 07:24:06,799 [grpc-default-executor-11] INFO  impl.RoleInfo (RoleInfo.java:updateAndGet(143)) - 6633f50a-7046-4b08-9937-8e25f1b14b15: start FollowerState
2019-10-18 07:24:06,800 [grpc-default-executor-14] INFO  impl.RoleInfo (RoleInfo.java:updateAndGet(143)) - 67270882-100a-4e75-928d-618d17e069c8: start FollowerState
2019-10-18 07:24:06,824 [4dea926d-4bc6-487a-9b9b-9fd457d0fae4@group-0C9C3B2D0CC1-LeaderElection1183] INFO  impl.LeaderElection (LeaderElection.java:logAndReturn(56)) - 4dea926d-4bc6-487a-9b9b-9fd457d0fae4@group-0C9C3B2D0CC1-LeaderElection1183: Election REJECTED; received 2 response(s) [4dea926d-4bc6-487a-9b9b-9fd457d0fae4<-6633f50a-7046-4b08-9937-8e25f1b14b15#0:FAIL-t129, 4dea926d-4bc6-487a-9b9b-9fd457d0fae4<-67270882-100a-4e75-928d-618d17e069c8#0:FAIL-t129] and 0 exception(s); 4dea926d-4bc6-487a-9b9b-9fd457d0fae4@group-0C9C3B2D0CC1:t129, leader=null, voted=4dea926d-4bc6-487a-9b9b-9fd457d0fae4, raftlog=4dea926d-4bc6-487a-9b9b-9fd457d0fae4@group-0C9C3B2D0CC1-SegmentedRaftLog:OPENED:c-1,f-1,i0, conf=-1: [6633f50a-7046-4b08-9937-8e25f1b14b15:192.168.34.25:39338, 67270882-100a-4e75-928d-618d17e069c8:192.168.34.25:36648, 4dea926d-4bc6-487a-9b9b-9fd457d0fae4:192.168.34.25:41624], old=null
2019-10-18 07:24:06,824 [4dea926d-4bc6-487a-9b9b-9fd457d0fae4@group-0C9C3B2D0CC1-LeaderElection1183] INFO  impl.RaftServerImpl (RaftServerImpl.java:setRole(184)) - 4dea926d-4bc6-487a-9b9b-9fd457d0fae4@group-0C9C3B2D0CC1: changes role from CANDIDATE to FOLLOWER at term 129 for DISCOVERED_A_NEW_TERM
2019-10-18 07:24:06,824 [4dea926d-4bc6-487a-9b9b-9fd457d0fae4@group-0C9C3B2D0CC1-LeaderElection1183] INFO  impl.RoleInfo (RoleInfo.java:shutdownLeaderElection(134)) - 4dea926d-4bc6-487a-9b9b-9fd457d0fae4: shutdown LeaderElection
2019-10-18 07:24:06,824 [4dea926d-4bc6-487a-9b9b-9fd457d0fae4@group-0C9C3B2D0CC1-LeaderElection1183] INFO  impl.RoleInfo (RoleInfo.java:updateAndGet(143)) - 4dea926d-4bc6-487a-9b9b-9fd457d0fae4: start FollowerState
2019-10-18 07:24:06,897 [Thread-10423] INFO  impl.FollowerState (FollowerState.java:run(108)) - 12ad0800-05cb-443c-9fdd-fa1debf04523@group-BCB82A5C07F5-FollowerState: change to CANDIDATE, lastRpcTime:106ms, electionTimeout:106ms
2019-10-18 07:24:06,897 [Thread-10423] INFO  impl.RoleInfo (RoleInfo.java:shutdownFollowerState(121)) - 12ad0800-05cb-443c-9fdd-fa1debf04523: shutdown FollowerState
2019-10-18 07:24:06,898 [Thread-10423] INFO  impl.RaftServerImpl (RaftServerImpl.java:setRole(184)) - 12ad0800-05cb-443c-9fdd-fa1debf04523@group-BCB82A5C07F5: changes role from  FOLLOWER to CANDIDATE at term 141 for changeToCandidate
2019-10-18 07:24:06,898 [Thread-10423] INFO  impl.RoleInfo (RoleInfo.java:updateAndGet(143)) - 12ad0800-05cb-443c-9fdd-fa1debf04523: start LeaderElection
2019-10-18 07:24:06,932 [12ad0800-05cb-443c-9fdd-fa1debf04523@group-BCB82A5C07F5-LeaderElection1184] INFO  impl.LeaderElection (LeaderElection.java:askForVotes(178)) - 12ad0800-05cb-443c-9fdd-fa1debf04523@group-BCB82A5C07F5-LeaderElection1184: begin an election at term 142 for -1: [12ad0800-05cb-443c-9fdd-fa1debf04523:192.168.34.25:41155, 5170c5f3-8499-4b42-9321-85fc8a351f79:192.168.34.25:43074, 0b10a9fc-47eb-4a2b-b664-8273d9d17379:192.168.34.25:45248], old=null
2019-10-18 07:24:06,933 [12ad0800-05cb-443c-9fdd-fa1debf04523@group-BCB82A5C07F5-LeaderElection1184] INFO  impl.LeaderElection (LogUtils.java:infoOrTrace(149)) - 12ad0800-05cb-443c-9fdd-fa1debf04523@group-BCB82A5C07F5-LeaderElection1184 got exception when requesting votes: {}
java.util.concurrent.ExecutionException: org.apache.ratis.thirdparty.io.grpc.StatusRuntimeException: UNAVAILABLE: io exception
	at java.util.concurrent.FutureTask.report(FutureTask.java:122)
	at java.util.concurrent.FutureTask.get(FutureTask.java:192)
	at org.apache.ratis.server.impl.LeaderElection.waitForResults(LeaderElection.java:259)
	at org.apache.ratis.server.impl.LeaderElection.askForVotes(LeaderElection.java:197)
	at org.apache.ratis.server.impl.LeaderElection.run(LeaderElection.java:133)
	at java.lang.Thread.run(Thread.java:748)
Caused by: org.apache.ratis.thirdparty.io.grpc.StatusRuntimeException: UNAVAILABLE: io exception
	at org.apache.ratis.thirdparty.io.grpc.stub.ClientCalls.toStatusRuntimeException(ClientCalls.java:233)
	at org.apache.ratis.thirdparty.io.grpc.stub.ClientCalls.getUnchecked(ClientCalls.java:214)
	at org.apache.ratis.thirdparty.io.grpc.stub.ClientCalls.blockingUnaryCall(ClientCalls.java:139)
	at org.apache.ratis.proto.grpc.RaftServerProtocolServiceGrpc$RaftServerProtocolServiceBlockingStub.requestVote(RaftServerProtocolServiceGrpc.java:265)
	at org.apache.ratis.grpc.server.GrpcServerProtocolClient.requestVote(GrpcServerProtocolClient.java:99)
	at org.apache.ratis.grpc.server.GrpcService.requestVote(GrpcService.java:204)
	at org.apache.ratis.server.impl.LeaderElection.lambda$submitRequests$1(LeaderElection.java:234)
	at java.util.concurrent.FutureTask.run(FutureTask.java:266)
	at java.util.concurrent.Executors$RunnableAdapter.call(Executors.java:511)
	at java.util.concurrent.FutureTask.run(FutureTask.java:266)
	at java.util.concurrent.ThreadPoolExecutor.runWorker(ThreadPoolExecutor.java:1149)
	at java.util.concurrent.ThreadPoolExecutor$Worker.run(ThreadPoolExecutor.java:624)
	... 1 more
Caused by: org.apache.ratis.thirdparty.io.netty.channel.AbstractChannel$AnnotatedConnectException: Connection refused: /192.168.34.25:45248
	at sun.nio.ch.SocketChannelImpl.checkConnect(Native Method)
	at sun.nio.ch.SocketChannelImpl.finishConnect(SocketChannelImpl.java:717)
	at org.apache.ratis.thirdparty.io.netty.channel.socket.nio.NioSocketChannel.doFinishConnect(NioSocketChannel.java:327)
	at org.apache.ratis.thirdparty.io.netty.channel.nio.AbstractNioChannel$AbstractNioUnsafe.finishConnect(AbstractNioChannel.java:340)
	at org.apache.ratis.thirdparty.io.netty.channel.nio.NioEventLoop.processSelectedKey(NioEventLoop.java:632)
	at org.apache.ratis.thirdparty.io.netty.channel.nio.NioEventLoop.processSelectedKeysOptimized(NioEventLoop.java:579)
	at org.apache.ratis.thirdparty.io.netty.channel.nio.NioEventLoop.processSelectedKeys(NioEventLoop.java:496)
	at org.apache.ratis.thirdparty.io.netty.channel.nio.NioEventLoop.run(NioEventLoop.java:458)
	at org.apache.ratis.thirdparty.io.netty.util.concurrent.SingleThreadEventExecutor$5.run(SingleThreadEventExecutor.java:897)
	at org.apache.ratis.thirdparty.io.netty.util.concurrent.FastThreadLocalRunnable.run(FastThreadLocalRunnable.java:30)
	... 1 more
Caused by: java.net.ConnectException: Connection refused
	... 11 more
2019-10-18 07:24:06,934 [grpc-default-executor-14] INFO  impl.RaftServerImpl (RaftServerImpl.java:setRole(184)) - 5170c5f3-8499-4b42-9321-85fc8a351f79@group-BCB82A5C07F5: changes role from  FOLLOWER to FOLLOWER at term 142 for recognizeCandidate:12ad0800-05cb-443c-9fdd-fa1debf04523
2019-10-18 07:24:06,934 [grpc-default-executor-14] INFO  impl.RoleInfo (RoleInfo.java:shutdownFollowerState(121)) - 5170c5f3-8499-4b42-9321-85fc8a351f79: shutdown FollowerState
2019-10-18 07:24:06,935 [grpc-default-executor-14] INFO  impl.RoleInfo (RoleInfo.java:updateAndGet(143)) - 5170c5f3-8499-4b42-9321-85fc8a351f79: start FollowerState
2019-10-18 07:24:06,935 [Thread-10421] INFO  impl.FollowerState (FollowerState.java:run(117)) - 5170c5f3-8499-4b42-9321-85fc8a351f79@group-BCB82A5C07F5-FollowerState was interrupted: java.lang.InterruptedException: sleep interrupted
2019-10-18 07:24:06,954 [12ad0800-05cb-443c-9fdd-fa1debf04523@group-BCB82A5C07F5-LeaderElection1184] INFO  impl.LeaderElection (LeaderElection.java:logAndReturn(56)) - 12ad0800-05cb-443c-9fdd-fa1debf04523@group-BCB82A5C07F5-LeaderElection1184: Election TIMEOUT; received 0 response(s) [] and 1 exception(s); 12ad0800-05cb-443c-9fdd-fa1debf04523@group-BCB82A5C07F5:t142, leader=null, voted=12ad0800-05cb-443c-9fdd-fa1debf04523, raftlog=12ad0800-05cb-443c-9fdd-fa1debf04523@group-BCB82A5C07F5-SegmentedRaftLog:OPENED:c-1,f-1,i0, conf=-1: [12ad0800-05cb-443c-9fdd-fa1debf04523:192.168.34.25:41155, 5170c5f3-8499-4b42-9321-85fc8a351f79:192.168.34.25:43074, 0b10a9fc-47eb-4a2b-b664-8273d9d17379:192.168.34.25:45248], old=null
2019-10-18 07:24:06,954 [12ad0800-05cb-443c-9fdd-fa1debf04523@group-BCB82A5C07F5-LeaderElection1184] INFO  impl.LeaderElection (LogUtils.java:infoOrTrace(149)) -   Exception 0: {}
java.util.concurrent.ExecutionException: org.apache.ratis.thirdparty.io.grpc.StatusRuntimeException: UNAVAILABLE: io exception
	at java.util.concurrent.FutureTask.report(FutureTask.java:122)
	at java.util.concurrent.FutureTask.get(FutureTask.java:192)
	at org.apache.ratis.server.impl.LeaderElection.waitForResults(LeaderElection.java:259)
	at org.apache.ratis.server.impl.LeaderElection.askForVotes(LeaderElection.java:197)
	at org.apache.ratis.server.impl.LeaderElection.run(LeaderElection.java:133)
	at java.lang.Thread.run(Thread.java:748)
Caused by: org.apache.ratis.thirdparty.io.grpc.StatusRuntimeException: UNAVAILABLE: io exception
	at org.apache.ratis.thirdparty.io.grpc.stub.ClientCalls.toStatusRuntimeException(ClientCalls.java:233)
	at org.apache.ratis.thirdparty.io.grpc.stub.ClientCalls.getUnchecked(ClientCalls.java:214)
	at org.apache.ratis.thirdparty.io.grpc.stub.ClientCalls.blockingUnaryCall(ClientCalls.java:139)
	at org.apache.ratis.proto.grpc.RaftServerProtocolServiceGrpc$RaftServerProtocolServiceBlockingStub.requestVote(RaftServerProtocolServiceGrpc.java:265)
	at org.apache.ratis.grpc.server.GrpcServerProtocolClient.requestVote(GrpcServerProtocolClient.java:99)
	at org.apache.ratis.grpc.server.GrpcService.requestVote(GrpcService.java:204)
	at org.apache.ratis.server.impl.LeaderElection.lambda$submitRequests$1(LeaderElection.java:234)
	at java.util.concurrent.FutureTask.run(FutureTask.java:266)
	at java.util.concurrent.Executors$RunnableAdapter.call(Executors.java:511)
	at java.util.concurrent.FutureTask.run(FutureTask.java:266)
	at java.util.concurrent.ThreadPoolExecutor.runWorker(ThreadPoolExecutor.java:1149)
	at java.util.concurrent.ThreadPoolExecutor$Worker.run(ThreadPoolExecutor.java:624)
	... 1 more
Caused by: org.apache.ratis.thirdparty.io.netty.channel.AbstractChannel$AnnotatedConnectException: Connection refused: /192.168.34.25:45248
	at sun.nio.ch.SocketChannelImpl.checkConnect(Native Method)
	at sun.nio.ch.SocketChannelImpl.finishConnect(SocketChannelImpl.java:717)
	at org.apache.ratis.thirdparty.io.netty.channel.socket.nio.NioSocketChannel.doFinishConnect(NioSocketChannel.java:327)
	at org.apache.ratis.thirdparty.io.netty.channel.nio.AbstractNioChannel$AbstractNioUnsafe.finishConnect(AbstractNioChannel.java:340)
	at org.apache.ratis.thirdparty.io.netty.channel.nio.NioEventLoop.processSelectedKey(NioEventLoop.java:632)
	at org.apache.ratis.thirdparty.io.netty.channel.nio.NioEventLoop.processSelectedKeysOptimized(NioEventLoop.java:579)
	at org.apache.ratis.thirdparty.io.netty.channel.nio.NioEventLoop.processSelectedKeys(NioEventLoop.java:496)
	at org.apache.ratis.thirdparty.io.netty.channel.nio.NioEventLoop.run(NioEventLoop.java:458)
	at org.apache.ratis.thirdparty.io.netty.util.concurrent.SingleThreadEventExecutor$5.run(SingleThreadEventExecutor.java:897)
	at org.apache.ratis.thirdparty.io.netty.util.concurrent.FastThreadLocalRunnable.run(FastThreadLocalRunnable.java:30)
	... 1 more
Caused by: java.net.ConnectException: Connection refused
	... 11 more
2019-10-18 07:24:06,983 [12ad0800-05cb-443c-9fdd-fa1debf04523@group-BCB82A5C07F5-LeaderElection1184] INFO  impl.LeaderElection (LeaderElection.java:askForVotes(178)) - 12ad0800-05cb-443c-9fdd-fa1debf04523@group-BCB82A5C07F5-LeaderElection1184: begin an election at term 143 for -1: [12ad0800-05cb-443c-9fdd-fa1debf04523:192.168.34.25:41155, 5170c5f3-8499-4b42-9321-85fc8a351f79:192.168.34.25:43074, 0b10a9fc-47eb-4a2b-b664-8273d9d17379:192.168.34.25:45248], old=null
2019-10-18 07:24:06,984 [12ad0800-05cb-443c-9fdd-fa1debf04523@group-BCB82A5C07F5-LeaderElection1184] INFO  impl.LeaderElection (LogUtils.java:infoOrTrace(149)) - 12ad0800-05cb-443c-9fdd-fa1debf04523@group-BCB82A5C07F5-LeaderElection1184 got exception when requesting votes: {}
java.util.concurrent.ExecutionException: org.apache.ratis.thirdparty.io.grpc.StatusRuntimeException: UNAVAILABLE: io exception
	at java.util.concurrent.FutureTask.report(FutureTask.java:122)
	at java.util.concurrent.FutureTask.get(FutureTask.java:192)
	at org.apache.ratis.server.impl.LeaderElection.waitForResults(LeaderElection.java:259)
	at org.apache.ratis.server.impl.LeaderElection.askForVotes(LeaderElection.java:197)
	at org.apache.ratis.server.impl.LeaderElection.run(LeaderElection.java:133)
	at java.lang.Thread.run(Thread.java:748)
Caused by: org.apache.ratis.thirdparty.io.grpc.StatusRuntimeException: UNAVAILABLE: io exception
	at org.apache.ratis.thirdparty.io.grpc.stub.ClientCalls.toStatusRuntimeException(ClientCalls.java:233)
	at org.apache.ratis.thirdparty.io.grpc.stub.ClientCalls.getUnchecked(ClientCalls.java:214)
	at org.apache.ratis.thirdparty.io.grpc.stub.ClientCalls.blockingUnaryCall(ClientCalls.java:139)
	at org.apache.ratis.proto.grpc.RaftServerProtocolServiceGrpc$RaftServerProtocolServiceBlockingStub.requestVote(RaftServerProtocolServiceGrpc.java:265)
	at org.apache.ratis.grpc.server.GrpcServerProtocolClient.requestVote(GrpcServerProtocolClient.java:99)
	at org.apache.ratis.grpc.server.GrpcService.requestVote(GrpcService.java:204)
	at org.apache.ratis.server.impl.LeaderElection.lambda$submitRequests$1(LeaderElection.java:234)
	at java.util.concurrent.FutureTask.run(FutureTask.java:266)
	at java.util.concurrent.Executors$RunnableAdapter.call(Executors.java:511)
	at java.util.concurrent.FutureTask.run(FutureTask.java:266)
	at java.util.concurrent.ThreadPoolExecutor.runWorker(ThreadPoolExecutor.java:1149)
	at java.util.concurrent.ThreadPoolExecutor$Worker.run(ThreadPoolExecutor.java:624)
	... 1 more
Caused by: org.apache.ratis.thirdparty.io.netty.channel.AbstractChannel$AnnotatedConnectException: Connection refused: /192.168.34.25:45248
	at sun.nio.ch.SocketChannelImpl.checkConnect(Native Method)
	at sun.nio.ch.SocketChannelImpl.finishConnect(SocketChannelImpl.java:717)
	at org.apache.ratis.thirdparty.io.netty.channel.socket.nio.NioSocketChannel.doFinishConnect(NioSocketChannel.java:327)
	at org.apache.ratis.thirdparty.io.netty.channel.nio.AbstractNioChannel$AbstractNioUnsafe.finishConnect(AbstractNioChannel.java:340)
	at org.apache.ratis.thirdparty.io.netty.channel.nio.NioEventLoop.processSelectedKey(NioEventLoop.java:632)
	at org.apache.ratis.thirdparty.io.netty.channel.nio.NioEventLoop.processSelectedKeysOptimized(NioEventLoop.java:579)
	at org.apache.ratis.thirdparty.io.netty.channel.nio.NioEventLoop.processSelectedKeys(NioEventLoop.java:496)
	at org.apache.ratis.thirdparty.io.netty.channel.nio.NioEventLoop.run(NioEventLoop.java:458)
	at org.apache.ratis.thirdparty.io.netty.util.concurrent.SingleThreadEventExecutor$5.run(SingleThreadEventExecutor.java:897)
	at org.apache.ratis.thirdparty.io.netty.util.concurrent.FastThreadLocalRunnable.run(FastThreadLocalRunnable.java:30)
	... 1 more
Caused by: java.net.ConnectException: Connection refused
	... 11 more
2019-10-18 07:24:06,984 [grpc-default-executor-14] INFO  impl.RaftServerImpl (RaftServerImpl.java:setRole(184)) - 5170c5f3-8499-4b42-9321-85fc8a351f79@group-BCB82A5C07F5: changes role from  FOLLOWER to FOLLOWER at term 143 for recognizeCandidate:12ad0800-05cb-443c-9fdd-fa1debf04523
2019-10-18 07:24:06,985 [grpc-default-executor-14] INFO  impl.RoleInfo (RoleInfo.java:shutdownFollowerState(121)) - 5170c5f3-8499-4b42-9321-85fc8a351f79: shutdown FollowerState
2019-10-18 07:24:06,985 [grpc-default-executor-14] INFO  impl.RoleInfo (RoleInfo.java:updateAndGet(143)) - 5170c5f3-8499-4b42-9321-85fc8a351f79: start FollowerState
2019-10-18 07:24:06,985 [Thread-10432] INFO  impl.FollowerState (FollowerState.java:run(117)) - 5170c5f3-8499-4b42-9321-85fc8a351f79@group-BCB82A5C07F5-FollowerState was interrupted: java.lang.InterruptedException: sleep interrupted
2019-10-18 07:24:06,993 [Thread-10428] INFO  impl.FollowerState (FollowerState.java:run(108)) - 4dea926d-4bc6-487a-9b9b-9fd457d0fae4@group-0C9C3B2D0CC1-FollowerState: change to CANDIDATE, lastRpcTime:168ms, electionTimeout:168ms
2019-10-18 07:24:06,993 [Thread-10428] INFO  impl.RoleInfo (RoleInfo.java:shutdownFollowerState(121)) - 4dea926d-4bc6-487a-9b9b-9fd457d0fae4: shutdown FollowerState
2019-10-18 07:24:06,993 [Thread-10428] INFO  impl.RaftServerImpl (RaftServerImpl.java:setRole(184)) - 4dea926d-4bc6-487a-9b9b-9fd457d0fae4@group-0C9C3B2D0CC1: changes role from  FOLLOWER to CANDIDATE at term 129 for changeToCandidate
2019-10-18 07:24:06,993 [Thread-10428] INFO  impl.RoleInfo (RoleInfo.java:updateAndGet(143)) - 4dea926d-4bc6-487a-9b9b-9fd457d0fae4: start LeaderElection
2019-10-18 07:24:07,008 [4dea926d-4bc6-487a-9b9b-9fd457d0fae4@group-0C9C3B2D0CC1-LeaderElection1185] INFO  impl.LeaderElection (LeaderElection.java:askForVotes(178)) - 4dea926d-4bc6-487a-9b9b-9fd457d0fae4@group-0C9C3B2D0CC1-LeaderElection1185: begin an election at term 130 for -1: [6633f50a-7046-4b08-9937-8e25f1b14b15:192.168.34.25:39338, 67270882-100a-4e75-928d-618d17e069c8:192.168.34.25:36648, 4dea926d-4bc6-487a-9b9b-9fd457d0fae4:192.168.34.25:41624], old=null
2019-10-18 07:24:07,009 [12ad0800-05cb-443c-9fdd-fa1debf04523@group-BCB82A5C07F5-LeaderElection1184] INFO  impl.LeaderElection (LeaderElection.java:logAndReturn(56)) - 12ad0800-05cb-443c-9fdd-fa1debf04523@group-BCB82A5C07F5-LeaderElection1184: Election REJECTED; received 1 response(s) [12ad0800-05cb-443c-9fdd-fa1debf04523<-5170c5f3-8499-4b42-9321-85fc8a351f79#0:FAIL-t143] and 1 exception(s); 12ad0800-05cb-443c-9fdd-fa1debf04523@group-BCB82A5C07F5:t143, leader=null, voted=12ad0800-05cb-443c-9fdd-fa1debf04523, raftlog=12ad0800-05cb-443c-9fdd-fa1debf04523@group-BCB82A5C07F5-SegmentedRaftLog:OPENED:c-1,f-1,i0, conf=-1: [12ad0800-05cb-443c-9fdd-fa1debf04523:192.168.34.25:41155, 5170c5f3-8499-4b42-9321-85fc8a351f79:192.168.34.25:43074, 0b10a9fc-47eb-4a2b-b664-8273d9d17379:192.168.34.25:45248], old=null
2019-10-18 07:24:07,009 [12ad0800-05cb-443c-9fdd-fa1debf04523@group-BCB82A5C07F5-LeaderElection1184] INFO  impl.LeaderElection (LogUtils.java:infoOrTrace(149)) -   Exception 0: {}
java.util.concurrent.ExecutionException: org.apache.ratis.thirdparty.io.grpc.StatusRuntimeException: UNAVAILABLE: io exception
	at java.util.concurrent.FutureTask.report(FutureTask.java:122)
	at java.util.concurrent.FutureTask.get(FutureTask.java:192)
	at org.apache.ratis.server.impl.LeaderElection.waitForResults(LeaderElection.java:259)
	at org.apache.ratis.server.impl.LeaderElection.askForVotes(LeaderElection.java:197)
	at org.apache.ratis.server.impl.LeaderElection.run(LeaderElection.java:133)
	at java.lang.Thread.run(Thread.java:748)
Caused by: org.apache.ratis.thirdparty.io.grpc.StatusRuntimeException: UNAVAILABLE: io exception
	at org.apache.ratis.thirdparty.io.grpc.stub.ClientCalls.toStatusRuntimeException(ClientCalls.java:233)
	at org.apache.ratis.thirdparty.io.grpc.stub.ClientCalls.getUnchecked(ClientCalls.java:214)
	at org.apache.ratis.thirdparty.io.grpc.stub.ClientCalls.blockingUnaryCall(ClientCalls.java:139)
	at org.apache.ratis.proto.grpc.RaftServerProtocolServiceGrpc$RaftServerProtocolServiceBlockingStub.requestVote(RaftServerProtocolServiceGrpc.java:265)
	at org.apache.ratis.grpc.server.GrpcServerProtocolClient.requestVote(GrpcServerProtocolClient.java:99)
	at org.apache.ratis.grpc.server.GrpcService.requestVote(GrpcService.java:204)
	at org.apache.ratis.server.impl.LeaderElection.lambda$submitRequests$1(LeaderElection.java:234)
	at java.util.concurrent.FutureTask.run(FutureTask.java:266)
	at java.util.concurrent.Executors$RunnableAdapter.call(Executors.java:511)
	at java.util.concurrent.FutureTask.run(FutureTask.java:266)
	at java.util.concurrent.ThreadPoolExecutor.runWorker(ThreadPoolExecutor.java:1149)
	at java.util.concurrent.ThreadPoolExecutor$Worker.run(ThreadPoolExecutor.java:624)
	... 1 more
Caused by: org.apache.ratis.thirdparty.io.netty.channel.AbstractChannel$AnnotatedConnectException: Connection refused: /192.168.34.25:45248
	at sun.nio.ch.SocketChannelImpl.checkConnect(Native Method)
	at sun.nio.ch.SocketChannelImpl.finishConnect(SocketChannelImpl.java:717)
	at org.apache.ratis.thirdparty.io.netty.channel.socket.nio.NioSocketChannel.doFinishConnect(NioSocketChannel.java:327)
	at org.apache.ratis.thirdparty.io.netty.channel.nio.AbstractNioChannel$AbstractNioUnsafe.finishConnect(AbstractNioChannel.java:340)
	at org.apache.ratis.thirdparty.io.netty.channel.nio.NioEventLoop.processSelectedKey(NioEventLoop.java:632)
	at org.apache.ratis.thirdparty.io.netty.channel.nio.NioEventLoop.processSelectedKeysOptimized(NioEventLoop.java:579)
	at org.apache.ratis.thirdparty.io.netty.channel.nio.NioEventLoop.processSelectedKeys(NioEventLoop.java:496)
	at org.apache.ratis.thirdparty.io.netty.channel.nio.NioEventLoop.run(NioEventLoop.java:458)
	at org.apache.ratis.thirdparty.io.netty.util.concurrent.SingleThreadEventExecutor$5.run(SingleThreadEventExecutor.java:897)
	at org.apache.ratis.thirdparty.io.netty.util.concurrent.FastThreadLocalRunnable.run(FastThreadLocalRunnable.java:30)
	... 1 more
Caused by: java.net.ConnectException: Connection refused
	... 11 more
2019-10-18 07:24:07,009 [12ad0800-05cb-443c-9fdd-fa1debf04523@group-BCB82A5C07F5-LeaderElection1184] INFO  impl.RaftServerImpl (RaftServerImpl.java:setRole(184)) - 12ad0800-05cb-443c-9fdd-fa1debf04523@group-BCB82A5C07F5: changes role from CANDIDATE to FOLLOWER at term 143 for DISCOVERED_A_NEW_TERM
2019-10-18 07:24:07,010 [12ad0800-05cb-443c-9fdd-fa1debf04523@group-BCB82A5C07F5-LeaderElection1184] INFO  impl.RoleInfo (RoleInfo.java:shutdownLeaderElection(134)) - 12ad0800-05cb-443c-9fdd-fa1debf04523: shutdown LeaderElection
2019-10-18 07:24:07,010 [12ad0800-05cb-443c-9fdd-fa1debf04523@group-BCB82A5C07F5-LeaderElection1184] INFO  impl.RoleInfo (RoleInfo.java:updateAndGet(143)) - 12ad0800-05cb-443c-9fdd-fa1debf04523: start FollowerState
2019-10-18 07:24:07,010 [grpc-default-executor-14] INFO  impl.RaftServerImpl (RaftServerImpl.java:setRole(184)) - 6633f50a-7046-4b08-9937-8e25f1b14b15@group-0C9C3B2D0CC1: changes role from  FOLLOWER to FOLLOWER at term 130 for recognizeCandidate:4dea926d-4bc6-487a-9b9b-9fd457d0fae4
2019-10-18 07:24:07,010 [grpc-default-executor-14] INFO  impl.RoleInfo (RoleInfo.java:shutdownFollowerState(121)) - 6633f50a-7046-4b08-9937-8e25f1b14b15: shutdown FollowerState
2019-10-18 07:24:07,010 [grpc-default-executor-14] INFO  impl.RoleInfo (RoleInfo.java:updateAndGet(143)) - 6633f50a-7046-4b08-9937-8e25f1b14b15: start FollowerState
2019-10-18 07:24:07,010 [grpc-default-executor-11] INFO  impl.RaftServerImpl (RaftServerImpl.java:setRole(184)) - 67270882-100a-4e75-928d-618d17e069c8@group-0C9C3B2D0CC1: changes role from  FOLLOWER to FOLLOWER at term 130 for recognizeCandidate:4dea926d-4bc6-487a-9b9b-9fd457d0fae4
2019-10-18 07:24:07,010 [grpc-default-executor-11] INFO  impl.RoleInfo (RoleInfo.java:shutdownFollowerState(121)) - 67270882-100a-4e75-928d-618d17e069c8: shutdown FollowerState
2019-10-18 07:24:07,010 [Thread-10426] INFO  impl.FollowerState (FollowerState.java:run(117)) - 6633f50a-7046-4b08-9937-8e25f1b14b15@group-0C9C3B2D0CC1-FollowerState was interrupted: java.lang.InterruptedException: sleep interrupted
2019-10-18 07:24:07,010 [Thread-10427] INFO  impl.FollowerState (FollowerState.java:run(117)) - 67270882-100a-4e75-928d-618d17e069c8@group-0C9C3B2D0CC1-FollowerState was interrupted: java.lang.InterruptedException: sleep interrupted
2019-10-18 07:24:07,010 [grpc-default-executor-11] INFO  impl.RoleInfo (RoleInfo.java:updateAndGet(143)) - 67270882-100a-4e75-928d-618d17e069c8: start FollowerState
2019-10-18 07:24:07,026 [4dea926d-4bc6-487a-9b9b-9fd457d0fae4@group-0C9C3B2D0CC1-LeaderElection1185] INFO  impl.LeaderElection (LeaderElection.java:logAndReturn(56)) - 4dea926d-4bc6-487a-9b9b-9fd457d0fae4@group-0C9C3B2D0CC1-LeaderElection1185: Election REJECTED; received 2 response(s) [4dea926d-4bc6-487a-9b9b-9fd457d0fae4<-6633f50a-7046-4b08-9937-8e25f1b14b15#0:FAIL-t130, 4dea926d-4bc6-487a-9b9b-9fd457d0fae4<-67270882-100a-4e75-928d-618d17e069c8#0:FAIL-t130] and 0 exception(s); 4dea926d-4bc6-487a-9b9b-9fd457d0fae4@group-0C9C3B2D0CC1:t130, leader=null, voted=4dea926d-4bc6-487a-9b9b-9fd457d0fae4, raftlog=4dea926d-4bc6-487a-9b9b-9fd457d0fae4@group-0C9C3B2D0CC1-SegmentedRaftLog:OPENED:c-1,f-1,i0, conf=-1: [6633f50a-7046-4b08-9937-8e25f1b14b15:192.168.34.25:39338, 67270882-100a-4e75-928d-618d17e069c8:192.168.34.25:36648, 4dea926d-4bc6-487a-9b9b-9fd457d0fae4:192.168.34.25:41624], old=null
2019-10-18 07:24:07,026 [4dea926d-4bc6-487a-9b9b-9fd457d0fae4@group-0C9C3B2D0CC1-LeaderElection1185] INFO  impl.RaftServerImpl (RaftServerImpl.java:setRole(184)) - 4dea926d-4bc6-487a-9b9b-9fd457d0fae4@group-0C9C3B2D0CC1: changes role from CANDIDATE to FOLLOWER at term 130 for DISCOVERED_A_NEW_TERM
2019-10-18 07:24:07,026 [4dea926d-4bc6-487a-9b9b-9fd457d0fae4@group-0C9C3B2D0CC1-LeaderElection1185] INFO  impl.RoleInfo (RoleInfo.java:shutdownLeaderElection(134)) - 4dea926d-4bc6-487a-9b9b-9fd457d0fae4: shutdown LeaderElection
2019-10-18 07:24:07,026 [4dea926d-4bc6-487a-9b9b-9fd457d0fae4@group-0C9C3B2D0CC1-LeaderElection1185] INFO  impl.RoleInfo (RoleInfo.java:updateAndGet(143)) - 4dea926d-4bc6-487a-9b9b-9fd457d0fae4: start FollowerState
2019-10-18 07:24:07,036 [Thread-10442] INFO  impl.FollowerState (FollowerState.java:run(108)) - 4dea926d-4bc6-487a-9b9b-9fd457d0fae4@group-0C9C3B2D0CC1-FollowerState: change to CANDIDATE, lastRpcTime:9ms, electionTimeout:9ms
2019-10-18 07:24:07,036 [Thread-10442] INFO  impl.RoleInfo (RoleInfo.java:shutdownFollowerState(121)) - 4dea926d-4bc6-487a-9b9b-9fd457d0fae4: shutdown FollowerState
2019-10-18 07:24:07,036 [Thread-10442] INFO  impl.RaftServerImpl (RaftServerImpl.java:setRole(184)) - 4dea926d-4bc6-487a-9b9b-9fd457d0fae4@group-0C9C3B2D0CC1: changes role from  FOLLOWER to CANDIDATE at term 130 for changeToCandidate
2019-10-18 07:24:07,036 [Thread-10442] INFO  impl.RoleInfo (RoleInfo.java:updateAndGet(143)) - 4dea926d-4bc6-487a-9b9b-9fd457d0fae4: start LeaderElection
2019-10-18 07:24:07,059 [4dea926d-4bc6-487a-9b9b-9fd457d0fae4@group-0C9C3B2D0CC1-LeaderElection1186] INFO  impl.LeaderElection (LeaderElection.java:askForVotes(178)) - 4dea926d-4bc6-487a-9b9b-9fd457d0fae4@group-0C9C3B2D0CC1-LeaderElection1186: begin an election at term 131 for -1: [6633f50a-7046-4b08-9937-8e25f1b14b15:192.168.34.25:39338, 67270882-100a-4e75-928d-618d17e069c8:192.168.34.25:36648, 4dea926d-4bc6-487a-9b9b-9fd457d0fae4:192.168.34.25:41624], old=null
2019-10-18 07:24:07,060 [grpc-default-executor-14] INFO  impl.RaftServerImpl (RaftServerImpl.java:setRole(184)) - 6633f50a-7046-4b08-9937-8e25f1b14b15@group-0C9C3B2D0CC1: changes role from  FOLLOWER to FOLLOWER at term 131 for recognizeCandidate:4dea926d-4bc6-487a-9b9b-9fd457d0fae4
2019-10-18 07:24:07,061 [grpc-default-executor-11] INFO  impl.RaftServerImpl (RaftServerImpl.java:setRole(184)) - 67270882-100a-4e75-928d-618d17e069c8@group-0C9C3B2D0CC1: changes role from  FOLLOWER to FOLLOWER at term 131 for recognizeCandidate:4dea926d-4bc6-487a-9b9b-9fd457d0fae4
2019-10-18 07:24:07,061 [grpc-default-executor-11] INFO  impl.RoleInfo (RoleInfo.java:shutdownFollowerState(121)) - 67270882-100a-4e75-928d-618d17e069c8: shutdown FollowerState
2019-10-18 07:24:07,061 [grpc-default-executor-14] INFO  impl.RoleInfo (RoleInfo.java:shutdownFollowerState(121)) - 6633f50a-7046-4b08-9937-8e25f1b14b15: shutdown FollowerState
2019-10-18 07:24:07,061 [Thread-10441] INFO  impl.FollowerState (FollowerState.java:run(117)) - 67270882-100a-4e75-928d-618d17e069c8@group-0C9C3B2D0CC1-FollowerState was interrupted: java.lang.InterruptedException: sleep interrupted
2019-10-18 07:24:07,061 [grpc-default-executor-11] INFO  impl.RoleInfo (RoleInfo.java:updateAndGet(143)) - 67270882-100a-4e75-928d-618d17e069c8: start FollowerState
2019-10-18 07:24:07,061 [Thread-10440] INFO  impl.FollowerState (FollowerState.java:run(117)) - 6633f50a-7046-4b08-9937-8e25f1b14b15@group-0C9C3B2D0CC1-FollowerState was interrupted: java.lang.InterruptedException: sleep interrupted
2019-10-18 07:24:07,061 [grpc-default-executor-14] INFO  impl.RoleInfo (RoleInfo.java:updateAndGet(143)) - 6633f50a-7046-4b08-9937-8e25f1b14b15: start FollowerState
2019-10-18 07:24:07,085 [4dea926d-4bc6-487a-9b9b-9fd457d0fae4@group-0C9C3B2D0CC1-LeaderElection1186] INFO  impl.LeaderElection (LeaderElection.java:logAndReturn(56)) - 4dea926d-4bc6-487a-9b9b-9fd457d0fae4@group-0C9C3B2D0CC1-LeaderElection1186: Election REJECTED; received 2 response(s) [4dea926d-4bc6-487a-9b9b-9fd457d0fae4<-6633f50a-7046-4b08-9937-8e25f1b14b15#0:FAIL-t131, 4dea926d-4bc6-487a-9b9b-9fd457d0fae4<-67270882-100a-4e75-928d-618d17e069c8#0:FAIL-t131] and 0 exception(s); 4dea926d-4bc6-487a-9b9b-9fd457d0fae4@group-0C9C3B2D0CC1:t131, leader=null, voted=4dea926d-4bc6-487a-9b9b-9fd457d0fae4, raftlog=4dea926d-4bc6-487a-9b9b-9fd457d0fae4@group-0C9C3B2D0CC1-SegmentedRaftLog:OPENED:c-1,f-1,i0, conf=-1: [6633f50a-7046-4b08-9937-8e25f1b14b15:192.168.34.25:39338, 67270882-100a-4e75-928d-618d17e069c8:192.168.34.25:36648, 4dea926d-4bc6-487a-9b9b-9fd457d0fae4:192.168.34.25:41624], old=null
2019-10-18 07:24:07,085 [4dea926d-4bc6-487a-9b9b-9fd457d0fae4@group-0C9C3B2D0CC1-LeaderElection1186] INFO  impl.RaftServerImpl (RaftServerImpl.java:setRole(184)) - 4dea926d-4bc6-487a-9b9b-9fd457d0fae4@group-0C9C3B2D0CC1: changes role from CANDIDATE to FOLLOWER at term 131 for DISCOVERED_A_NEW_TERM
2019-10-18 07:24:07,085 [4dea926d-4bc6-487a-9b9b-9fd457d0fae4@group-0C9C3B2D0CC1-LeaderElection1186] INFO  impl.RoleInfo (RoleInfo.java:shutdownLeaderElection(134)) - 4dea926d-4bc6-487a-9b9b-9fd457d0fae4: shutdown LeaderElection
2019-10-18 07:24:07,085 [4dea926d-4bc6-487a-9b9b-9fd457d0fae4@group-0C9C3B2D0CC1-LeaderElection1186] INFO  impl.RoleInfo (RoleInfo.java:updateAndGet(143)) - 4dea926d-4bc6-487a-9b9b-9fd457d0fae4: start FollowerState
2019-10-18 07:24:07,086 [Thread-10448] INFO  impl.FollowerState (FollowerState.java:run(108)) - 4dea926d-4bc6-487a-9b9b-9fd457d0fae4@group-0C9C3B2D0CC1-FollowerState: change to CANDIDATE, lastRpcTime:0ms, electionTimeout:0ms
2019-10-18 07:24:07,086 [Thread-10448] INFO  impl.RoleInfo (RoleInfo.java:shutdownFollowerState(121)) - 4dea926d-4bc6-487a-9b9b-9fd457d0fae4: shutdown FollowerState
2019-10-18 07:24:07,086 [Thread-10448] INFO  impl.RaftServerImpl (RaftServerImpl.java:setRole(184)) - 4dea926d-4bc6-487a-9b9b-9fd457d0fae4@group-0C9C3B2D0CC1: changes role from  FOLLOWER to CANDIDATE at term 131 for changeToCandidate
2019-10-18 07:24:07,086 [Thread-10448] INFO  impl.RoleInfo (RoleInfo.java:updateAndGet(143)) - 4dea926d-4bc6-487a-9b9b-9fd457d0fae4: start LeaderElection
2019-10-18 07:24:07,118 [4dea926d-4bc6-487a-9b9b-9fd457d0fae4@group-0C9C3B2D0CC1-LeaderElection1187] INFO  impl.LeaderElection (LeaderElection.java:askForVotes(178)) - 4dea926d-4bc6-487a-9b9b-9fd457d0fae4@group-0C9C3B2D0CC1-LeaderElection1187: begin an election at term 132 for -1: [6633f50a-7046-4b08-9937-8e25f1b14b15:192.168.34.25:39338, 67270882-100a-4e75-928d-618d17e069c8:192.168.34.25:36648, 4dea926d-4bc6-487a-9b9b-9fd457d0fae4:192.168.34.25:41624], old=null
2019-10-18 07:24:07,120 [grpc-default-executor-14] INFO  impl.RaftServerImpl (RaftServerImpl.java:setRole(184)) - 6633f50a-7046-4b08-9937-8e25f1b14b15@group-0C9C3B2D0CC1: changes role from  FOLLOWER to FOLLOWER at term 132 for recognizeCandidate:4dea926d-4bc6-487a-9b9b-9fd457d0fae4
2019-10-18 07:24:07,120 [grpc-default-executor-14] INFO  impl.RoleInfo (RoleInfo.java:shutdownFollowerState(121)) - 6633f50a-7046-4b08-9937-8e25f1b14b15: shutdown FollowerState
2019-10-18 07:24:07,120 [grpc-default-executor-14] INFO  impl.RoleInfo (RoleInfo.java:updateAndGet(143)) - 6633f50a-7046-4b08-9937-8e25f1b14b15: start FollowerState
2019-10-18 07:24:07,120 [grpc-default-executor-11] INFO  impl.RaftServerImpl (RaftServerImpl.java:setRole(184)) - 67270882-100a-4e75-928d-618d17e069c8@group-0C9C3B2D0CC1: changes role from  FOLLOWER to FOLLOWER at term 132 for recognizeCandidate:4dea926d-4bc6-487a-9b9b-9fd457d0fae4
2019-10-18 07:24:07,120 [grpc-default-executor-11] INFO  impl.RoleInfo (RoleInfo.java:shutdownFollowerState(121)) - 67270882-100a-4e75-928d-618d17e069c8: shutdown FollowerState
2019-10-18 07:24:07,120 [Thread-10447] INFO  impl.FollowerState (FollowerState.java:run(117)) - 6633f50a-7046-4b08-9937-8e25f1b14b15@group-0C9C3B2D0CC1-FollowerState was interrupted: java.lang.InterruptedException: sleep interrupted
2019-10-18 07:24:07,120 [Thread-10446] INFO  impl.FollowerState (FollowerState.java:run(117)) - 67270882-100a-4e75-928d-618d17e069c8@group-0C9C3B2D0CC1-FollowerState was interrupted: java.lang.InterruptedException: sleep interrupted
2019-10-18 07:24:07,120 [grpc-default-executor-11] INFO  impl.RoleInfo (RoleInfo.java:updateAndGet(143)) - 67270882-100a-4e75-928d-618d17e069c8: start FollowerState
2019-10-18 07:24:07,126 [4dea926d-4bc6-487a-9b9b-9fd457d0fae4@group-0C9C3B2D0CC1-LeaderElection1187] INFO  impl.LeaderElection (LeaderElection.java:logAndReturn(56)) - 4dea926d-4bc6-487a-9b9b-9fd457d0fae4@group-0C9C3B2D0CC1-LeaderElection1187: Election TIMEOUT; received 0 response(s) [] and 0 exception(s); 4dea926d-4bc6-487a-9b9b-9fd457d0fae4@group-0C9C3B2D0CC1:t132, leader=null, voted=4dea926d-4bc6-487a-9b9b-9fd457d0fae4, raftlog=4dea926d-4bc6-487a-9b9b-9fd457d0fae4@group-0C9C3B2D0CC1-SegmentedRaftLog:OPENED:c-1,f-1,i0, conf=-1: [6633f50a-7046-4b08-9937-8e25f1b14b15:192.168.34.25:39338, 67270882-100a-4e75-928d-618d17e069c8:192.168.34.25:36648, 4dea926d-4bc6-487a-9b9b-9fd457d0fae4:192.168.34.25:41624], old=null
2019-10-18 07:24:07,142 [Thread-10439] INFO  impl.FollowerState (FollowerState.java:run(108)) - 12ad0800-05cb-443c-9fdd-fa1debf04523@group-BCB82A5C07F5-FollowerState: change to CANDIDATE, lastRpcTime:132ms, electionTimeout:132ms
2019-10-18 07:24:07,142 [Thread-10439] INFO  impl.RoleInfo (RoleInfo.java:shutdownFollowerState(121)) - 12ad0800-05cb-443c-9fdd-fa1debf04523: shutdown FollowerState
2019-10-18 07:24:07,142 [Thread-10439] INFO  impl.RaftServerImpl (RaftServerImpl.java:setRole(184)) - 12ad0800-05cb-443c-9fdd-fa1debf04523@group-BCB82A5C07F5: changes role from  FOLLOWER to CANDIDATE at term 143 for changeToCandidate
2019-10-18 07:24:07,142 [Thread-10439] INFO  impl.RoleInfo (RoleInfo.java:updateAndGet(143)) - 12ad0800-05cb-443c-9fdd-fa1debf04523: start LeaderElection
2019-10-18 07:24:07,152 [4dea926d-4bc6-487a-9b9b-9fd457d0fae4@group-0C9C3B2D0CC1-LeaderElection1187] INFO  impl.LeaderElection (LeaderElection.java:askForVotes(178)) - 4dea926d-4bc6-487a-9b9b-9fd457d0fae4@group-0C9C3B2D0CC1-LeaderElection1187: begin an election at term 133 for -1: [6633f50a-7046-4b08-9937-8e25f1b14b15:192.168.34.25:39338, 67270882-100a-4e75-928d-618d17e069c8:192.168.34.25:36648, 4dea926d-4bc6-487a-9b9b-9fd457d0fae4:192.168.34.25:41624], old=null
2019-10-18 07:24:07,153 [grpc-default-executor-14] INFO  impl.RaftServerImpl (RaftServerImpl.java:setRole(184)) - 6633f50a-7046-4b08-9937-8e25f1b14b15@group-0C9C3B2D0CC1: changes role from  FOLLOWER to FOLLOWER at term 133 for recognizeCandidate:4dea926d-4bc6-487a-9b9b-9fd457d0fae4
2019-10-18 07:24:07,154 [grpc-default-executor-14] INFO  impl.RoleInfo (RoleInfo.java:shutdownFollowerState(121)) - 6633f50a-7046-4b08-9937-8e25f1b14b15: shutdown FollowerState
2019-10-18 07:24:07,154 [grpc-default-executor-11] INFO  impl.RaftServerImpl (RaftServerImpl.java:setRole(184)) - 67270882-100a-4e75-928d-618d17e069c8@group-0C9C3B2D0CC1: changes role from  FOLLOWER to FOLLOWER at term 133 for recognizeCandidate:4dea926d-4bc6-487a-9b9b-9fd457d0fae4
2019-10-18 07:24:07,154 [Thread-10452] INFO  impl.FollowerState (FollowerState.java:run(117)) - 6633f50a-7046-4b08-9937-8e25f1b14b15@group-0C9C3B2D0CC1-FollowerState was interrupted: java.lang.InterruptedException: sleep interrupted
2019-10-18 07:24:07,154 [grpc-default-executor-14] INFO  impl.RoleInfo (RoleInfo.java:updateAndGet(143)) - 6633f50a-7046-4b08-9937-8e25f1b14b15: start FollowerState
2019-10-18 07:24:07,154 [grpc-default-executor-11] INFO  impl.RoleInfo (RoleInfo.java:shutdownFollowerState(121)) - 67270882-100a-4e75-928d-618d17e069c8: shutdown FollowerState
2019-10-18 07:24:07,154 [grpc-default-executor-11] INFO  impl.RoleInfo (RoleInfo.java:updateAndGet(143)) - 67270882-100a-4e75-928d-618d17e069c8: start FollowerState
2019-10-18 07:24:07,154 [Thread-10453] INFO  impl.FollowerState (FollowerState.java:run(117)) - 67270882-100a-4e75-928d-618d17e069c8@group-0C9C3B2D0CC1-FollowerState was interrupted: java.lang.InterruptedException: sleep interrupted
2019-10-18 07:24:07,155 [4dea926d-4bc6-487a-9b9b-9fd457d0fae4@group-0C9C3B2D0CC1-LeaderElection1187] INFO  impl.LeaderElection (LeaderElection.java:logAndReturn(56)) - 4dea926d-4bc6-487a-9b9b-9fd457d0fae4@group-0C9C3B2D0CC1-LeaderElection1187: Election TIMEOUT; received 0 response(s) [] and 0 exception(s); 4dea926d-4bc6-487a-9b9b-9fd457d0fae4@group-0C9C3B2D0CC1:t133, leader=null, voted=4dea926d-4bc6-487a-9b9b-9fd457d0fae4, raftlog=4dea926d-4bc6-487a-9b9b-9fd457d0fae4@group-0C9C3B2D0CC1-SegmentedRaftLog:OPENED:c-1,f-1,i0, conf=-1: [6633f50a-7046-4b08-9937-8e25f1b14b15:192.168.34.25:39338, 67270882-100a-4e75-928d-618d17e069c8:192.168.34.25:36648, 4dea926d-4bc6-487a-9b9b-9fd457d0fae4:192.168.34.25:41624], old=null
2019-10-18 07:24:07,169 [12ad0800-05cb-443c-9fdd-fa1debf04523@group-BCB82A5C07F5-LeaderElection1188] INFO  impl.LeaderElection (LeaderElection.java:askForVotes(178)) - 12ad0800-05cb-443c-9fdd-fa1debf04523@group-BCB82A5C07F5-LeaderElection1188: begin an election at term 144 for -1: [12ad0800-05cb-443c-9fdd-fa1debf04523:192.168.34.25:41155, 5170c5f3-8499-4b42-9321-85fc8a351f79:192.168.34.25:43074, 0b10a9fc-47eb-4a2b-b664-8273d9d17379:192.168.34.25:45248], old=null
2019-10-18 07:24:07,170 [12ad0800-05cb-443c-9fdd-fa1debf04523@group-BCB82A5C07F5-LeaderElection1188] INFO  impl.LeaderElection (LogUtils.java:infoOrTrace(149)) - 12ad0800-05cb-443c-9fdd-fa1debf04523@group-BCB82A5C07F5-LeaderElection1188 got exception when requesting votes: {}
java.util.concurrent.ExecutionException: org.apache.ratis.thirdparty.io.grpc.StatusRuntimeException: UNAVAILABLE: io exception
	at java.util.concurrent.FutureTask.report(FutureTask.java:122)
	at java.util.concurrent.FutureTask.get(FutureTask.java:192)
	at org.apache.ratis.server.impl.LeaderElection.waitForResults(LeaderElection.java:259)
	at org.apache.ratis.server.impl.LeaderElection.askForVotes(LeaderElection.java:197)
	at org.apache.ratis.server.impl.LeaderElection.run(LeaderElection.java:133)
	at java.lang.Thread.run(Thread.java:748)
Caused by: org.apache.ratis.thirdparty.io.grpc.StatusRuntimeException: UNAVAILABLE: io exception
	at org.apache.ratis.thirdparty.io.grpc.stub.ClientCalls.toStatusRuntimeException(ClientCalls.java:233)
	at org.apache.ratis.thirdparty.io.grpc.stub.ClientCalls.getUnchecked(ClientCalls.java:214)
	at org.apache.ratis.thirdparty.io.grpc.stub.ClientCalls.blockingUnaryCall(ClientCalls.java:139)
	at org.apache.ratis.proto.grpc.RaftServerProtocolServiceGrpc$RaftServerProtocolServiceBlockingStub.requestVote(RaftServerProtocolServiceGrpc.java:265)
	at org.apache.ratis.grpc.server.GrpcServerProtocolClient.requestVote(GrpcServerProtocolClient.java:99)
	at org.apache.ratis.grpc.server.GrpcService.requestVote(GrpcService.java:204)
	at org.apache.ratis.server.impl.LeaderElection.lambda$submitRequests$1(LeaderElection.java:234)
	at java.util.concurrent.FutureTask.run(FutureTask.java:266)
	at java.util.concurrent.Executors$RunnableAdapter.call(Executors.java:511)
	at java.util.concurrent.FutureTask.run(FutureTask.java:266)
	at java.util.concurrent.ThreadPoolExecutor.runWorker(ThreadPoolExecutor.java:1149)
	at java.util.concurrent.ThreadPoolExecutor$Worker.run(ThreadPoolExecutor.java:624)
	... 1 more
Caused by: org.apache.ratis.thirdparty.io.netty.channel.AbstractChannel$AnnotatedConnectException: Connection refused: /192.168.34.25:45248
	at sun.nio.ch.SocketChannelImpl.checkConnect(Native Method)
	at sun.nio.ch.SocketChannelImpl.finishConnect(SocketChannelImpl.java:717)
	at org.apache.ratis.thirdparty.io.netty.channel.socket.nio.NioSocketChannel.doFinishConnect(NioSocketChannel.java:327)
	at org.apache.ratis.thirdparty.io.netty.channel.nio.AbstractNioChannel$AbstractNioUnsafe.finishConnect(AbstractNioChannel.java:340)
	at org.apache.ratis.thirdparty.io.netty.channel.nio.NioEventLoop.processSelectedKey(NioEventLoop.java:632)
	at org.apache.ratis.thirdparty.io.netty.channel.nio.NioEventLoop.processSelectedKeysOptimized(NioEventLoop.java:579)
	at org.apache.ratis.thirdparty.io.netty.channel.nio.NioEventLoop.processSelectedKeys(NioEventLoop.java:496)
	at org.apache.ratis.thirdparty.io.netty.channel.nio.NioEventLoop.run(NioEventLoop.java:458)
	at org.apache.ratis.thirdparty.io.netty.util.concurrent.SingleThreadEventExecutor$5.run(SingleThreadEventExecutor.java:897)
	at org.apache.ratis.thirdparty.io.netty.util.concurrent.FastThreadLocalRunnable.run(FastThreadLocalRunnable.java:30)
	... 1 more
Caused by: java.net.ConnectException: Connection refused
	... 11 more
2019-10-18 07:24:07,170 [grpc-default-executor-14] INFO  impl.RaftServerImpl (RaftServerImpl.java:setRole(184)) - 5170c5f3-8499-4b42-9321-85fc8a351f79@group-BCB82A5C07F5: changes role from  FOLLOWER to FOLLOWER at term 144 for recognizeCandidate:12ad0800-05cb-443c-9fdd-fa1debf04523
2019-10-18 07:24:07,171 [grpc-default-executor-14] INFO  impl.RoleInfo (RoleInfo.java:shutdownFollowerState(121)) - 5170c5f3-8499-4b42-9321-85fc8a351f79: shutdown FollowerState
2019-10-18 07:24:07,171 [grpc-default-executor-14] INFO  impl.RoleInfo (RoleInfo.java:updateAndGet(143)) - 5170c5f3-8499-4b42-9321-85fc8a351f79: start FollowerState
2019-10-18 07:24:07,171 [Thread-10435] INFO  impl.FollowerState (FollowerState.java:run(117)) - 5170c5f3-8499-4b42-9321-85fc8a351f79@group-BCB82A5C07F5-FollowerState was interrupted: java.lang.InterruptedException: sleep interrupted
2019-10-18 07:24:07,187 [4dea926d-4bc6-487a-9b9b-9fd457d0fae4@group-0C9C3B2D0CC1-LeaderElection1187] INFO  impl.LeaderElection (LeaderElection.java:askForVotes(178)) - 4dea926d-4bc6-487a-9b9b-9fd457d0fae4@group-0C9C3B2D0CC1-LeaderElection1187: begin an election at term 134 for -1: [6633f50a-7046-4b08-9937-8e25f1b14b15:192.168.34.25:39338, 67270882-100a-4e75-928d-618d17e069c8:192.168.34.25:36648, 4dea926d-4bc6-487a-9b9b-9fd457d0fae4:192.168.34.25:41624], old=null
2019-10-18 07:24:07,187 [12ad0800-05cb-443c-9fdd-fa1debf04523@group-BCB82A5C07F5-LeaderElection1188] INFO  impl.LeaderElection (LeaderElection.java:logAndReturn(56)) - 12ad0800-05cb-443c-9fdd-fa1debf04523@group-BCB82A5C07F5-LeaderElection1188: Election REJECTED; received 1 response(s) [12ad0800-05cb-443c-9fdd-fa1debf04523<-5170c5f3-8499-4b42-9321-85fc8a351f79#0:FAIL-t144] and 1 exception(s); 12ad0800-05cb-443c-9fdd-fa1debf04523@group-BCB82A5C07F5:t144, leader=null, voted=12ad0800-05cb-443c-9fdd-fa1debf04523, raftlog=12ad0800-05cb-443c-9fdd-fa1debf04523@group-BCB82A5C07F5-SegmentedRaftLog:OPENED:c-1,f-1,i0, conf=-1: [12ad0800-05cb-443c-9fdd-fa1debf04523:192.168.34.25:41155, 5170c5f3-8499-4b42-9321-85fc8a351f79:192.168.34.25:43074, 0b10a9fc-47eb-4a2b-b664-8273d9d17379:192.168.34.25:45248], old=null
2019-10-18 07:24:07,187 [12ad0800-05cb-443c-9fdd-fa1debf04523@group-BCB82A5C07F5-LeaderElection1188] INFO  impl.LeaderElection (LogUtils.java:infoOrTrace(149)) -   Exception 0: {}
java.util.concurrent.ExecutionException: org.apache.ratis.thirdparty.io.grpc.StatusRuntimeException: UNAVAILABLE: io exception
	at java.util.concurrent.FutureTask.report(FutureTask.java:122)
	at java.util.concurrent.FutureTask.get(FutureTask.java:192)
	at org.apache.ratis.server.impl.LeaderElection.waitForResults(LeaderElection.java:259)
	at org.apache.ratis.server.impl.LeaderElection.askForVotes(LeaderElection.java:197)
	at org.apache.ratis.server.impl.LeaderElection.run(LeaderElection.java:133)
	at java.lang.Thread.run(Thread.java:748)
Caused by: org.apache.ratis.thirdparty.io.grpc.StatusRuntimeException: UNAVAILABLE: io exception
	at org.apache.ratis.thirdparty.io.grpc.stub.ClientCalls.toStatusRuntimeException(ClientCalls.java:233)
	at org.apache.ratis.thirdparty.io.grpc.stub.ClientCalls.getUnchecked(ClientCalls.java:214)
	at org.apache.ratis.thirdparty.io.grpc.stub.ClientCalls.blockingUnaryCall(ClientCalls.java:139)
	at org.apache.ratis.proto.grpc.RaftServerProtocolServiceGrpc$RaftServerProtocolServiceBlockingStub.requestVote(RaftServerProtocolServiceGrpc.java:265)
	at org.apache.ratis.grpc.server.GrpcServerProtocolClient.requestVote(GrpcServerProtocolClient.java:99)
	at org.apache.ratis.grpc.server.GrpcService.requestVote(GrpcService.java:204)
	at org.apache.ratis.server.impl.LeaderElection.lambda$submitRequests$1(LeaderElection.java:234)
	at java.util.concurrent.FutureTask.run(FutureTask.java:266)
	at java.util.concurrent.Executors$RunnableAdapter.call(Executors.java:511)
	at java.util.concurrent.FutureTask.run(FutureTask.java:266)
	at java.util.concurrent.ThreadPoolExecutor.runWorker(ThreadPoolExecutor.java:1149)
	at java.util.concurrent.ThreadPoolExecutor$Worker.run(ThreadPoolExecutor.java:624)
	... 1 more
Caused by: org.apache.ratis.thirdparty.io.netty.channel.AbstractChannel$AnnotatedConnectException: Connection refused: /192.168.34.25:45248
	at sun.nio.ch.SocketChannelImpl.checkConnect(Native Method)
	at sun.nio.ch.SocketChannelImpl.finishConnect(SocketChannelImpl.java:717)
	at org.apache.ratis.thirdparty.io.netty.channel.socket.nio.NioSocketChannel.doFinishConnect(NioSocketChannel.java:327)
	at org.apache.ratis.thirdparty.io.netty.channel.nio.AbstractNioChannel$AbstractNioUnsafe.finishConnect(AbstractNioChannel.java:340)
	at org.apache.ratis.thirdparty.io.netty.channel.nio.NioEventLoop.processSelectedKey(NioEventLoop.java:632)
	at org.apache.ratis.thirdparty.io.netty.channel.nio.NioEventLoop.processSelectedKeysOptimized(NioEventLoop.java:579)
	at org.apache.ratis.thirdparty.io.netty.channel.nio.NioEventLoop.processSelectedKeys(NioEventLoop.java:496)
	at org.apache.ratis.thirdparty.io.netty.channel.nio.NioEventLoop.run(NioEventLoop.java:458)
	at org.apache.ratis.thirdparty.io.netty.util.concurrent.SingleThreadEventExecutor$5.run(SingleThreadEventExecutor.java:897)
	at org.apache.ratis.thirdparty.io.netty.util.concurrent.FastThreadLocalRunnable.run(FastThreadLocalRunnable.java:30)
	... 1 more
Caused by: java.net.ConnectException: Connection refused
	... 11 more
2019-10-18 07:24:07,187 [12ad0800-05cb-443c-9fdd-fa1debf04523@group-BCB82A5C07F5-LeaderElection1188] INFO  impl.RaftServerImpl (RaftServerImpl.java:setRole(184)) - 12ad0800-05cb-443c-9fdd-fa1debf04523@group-BCB82A5C07F5: changes role from CANDIDATE to FOLLOWER at term 144 for DISCOVERED_A_NEW_TERM
2019-10-18 07:24:07,188 [12ad0800-05cb-443c-9fdd-fa1debf04523@group-BCB82A5C07F5-LeaderElection1188] INFO  impl.RoleInfo (RoleInfo.java:shutdownLeaderElection(134)) - 12ad0800-05cb-443c-9fdd-fa1debf04523: shutdown LeaderElection
2019-10-18 07:24:07,188 [grpc-default-executor-11] INFO  impl.RaftServerImpl (RaftServerImpl.java:setRole(184)) - 6633f50a-7046-4b08-9937-8e25f1b14b15@group-0C9C3B2D0CC1: changes role from  FOLLOWER to FOLLOWER at term 134 for recognizeCandidate:4dea926d-4bc6-487a-9b9b-9fd457d0fae4
2019-10-18 07:24:07,188 [12ad0800-05cb-443c-9fdd-fa1debf04523@group-BCB82A5C07F5-LeaderElection1188] INFO  impl.RoleInfo (RoleInfo.java:updateAndGet(143)) - 12ad0800-05cb-443c-9fdd-fa1debf04523: start FollowerState
2019-10-18 07:24:07,188 [grpc-default-executor-14] INFO  impl.RaftServerImpl (RaftServerImpl.java:setRole(184)) - 67270882-100a-4e75-928d-618d17e069c8@group-0C9C3B2D0CC1: changes role from  FOLLOWER to FOLLOWER at term 134 for recognizeCandidate:4dea926d-4bc6-487a-9b9b-9fd457d0fae4
2019-10-18 07:24:07,188 [grpc-default-executor-14] INFO  impl.RoleInfo (RoleInfo.java:shutdownFollowerState(121)) - 67270882-100a-4e75-928d-618d17e069c8: shutdown FollowerState
2019-10-18 07:24:07,188 [grpc-default-executor-11] INFO  impl.RoleInfo (RoleInfo.java:shutdownFollowerState(121)) - 6633f50a-7046-4b08-9937-8e25f1b14b15: shutdown FollowerState
2019-10-18 07:24:07,188 [Thread-10458] INFO  impl.FollowerState (FollowerState.java:run(117)) - 67270882-100a-4e75-928d-618d17e069c8@group-0C9C3B2D0CC1-FollowerState was interrupted: java.lang.InterruptedException: sleep interrupted
2019-10-18 07:24:07,188 [grpc-default-executor-14] INFO  impl.RoleInfo (RoleInfo.java:updateAndGet(143)) - 67270882-100a-4e75-928d-618d17e069c8: start FollowerState
2019-10-18 07:24:07,188 [grpc-default-executor-11] INFO  impl.RoleInfo (RoleInfo.java:updateAndGet(143)) - 6633f50a-7046-4b08-9937-8e25f1b14b15: start FollowerState
2019-10-18 07:24:07,188 [Thread-10457] INFO  impl.FollowerState (FollowerState.java:run(117)) - 6633f50a-7046-4b08-9937-8e25f1b14b15@group-0C9C3B2D0CC1-FollowerState was interrupted: java.lang.InterruptedException: sleep interrupted
2019-10-18 07:24:07,212 [4dea926d-4bc6-487a-9b9b-9fd457d0fae4@group-0C9C3B2D0CC1-LeaderElection1187] INFO  impl.LeaderElection (LeaderElection.java:logAndReturn(56)) - 4dea926d-4bc6-487a-9b9b-9fd457d0fae4@group-0C9C3B2D0CC1-LeaderElection1187: Election REJECTED; received 2 response(s) [4dea926d-4bc6-487a-9b9b-9fd457d0fae4<-6633f50a-7046-4b08-9937-8e25f1b14b15#0:FAIL-t134, 4dea926d-4bc6-487a-9b9b-9fd457d0fae4<-67270882-100a-4e75-928d-618d17e069c8#0:FAIL-t134] and 0 exception(s); 4dea926d-4bc6-487a-9b9b-9fd457d0fae4@group-0C9C3B2D0CC1:t134, leader=null, voted=4dea926d-4bc6-487a-9b9b-9fd457d0fae4, raftlog=4dea926d-4bc6-487a-9b9b-9fd457d0fae4@group-0C9C3B2D0CC1-SegmentedRaftLog:OPENED:c-1,f-1,i0, conf=-1: [6633f50a-7046-4b08-9937-8e25f1b14b15:192.168.34.25:39338, 67270882-100a-4e75-928d-618d17e069c8:192.168.34.25:36648, 4dea926d-4bc6-487a-9b9b-9fd457d0fae4:192.168.34.25:41624], old=null
2019-10-18 07:24:07,213 [4dea926d-4bc6-487a-9b9b-9fd457d0fae4@group-0C9C3B2D0CC1-LeaderElection1187] INFO  impl.RaftServerImpl (RaftServerImpl.java:setRole(184)) - 4dea926d-4bc6-487a-9b9b-9fd457d0fae4@group-0C9C3B2D0CC1: changes role from CANDIDATE to FOLLOWER at term 134 for DISCOVERED_A_NEW_TERM
2019-10-18 07:24:07,213 [4dea926d-4bc6-487a-9b9b-9fd457d0fae4@group-0C9C3B2D0CC1-LeaderElection1187] INFO  impl.RoleInfo (RoleInfo.java:shutdownLeaderElection(134)) - 4dea926d-4bc6-487a-9b9b-9fd457d0fae4: shutdown LeaderElection
2019-10-18 07:24:07,213 [4dea926d-4bc6-487a-9b9b-9fd457d0fae4@group-0C9C3B2D0CC1-LeaderElection1187] INFO  impl.RoleInfo (RoleInfo.java:updateAndGet(143)) - 4dea926d-4bc6-487a-9b9b-9fd457d0fae4: start FollowerState
2019-10-18 07:24:07,220 [Thread-10467] INFO  impl.FollowerState (FollowerState.java:run(108)) - 4dea926d-4bc6-487a-9b9b-9fd457d0fae4@group-0C9C3B2D0CC1-FollowerState: change to CANDIDATE, lastRpcTime:7ms, electionTimeout:7ms
2019-10-18 07:24:07,220 [Thread-10467] INFO  impl.RoleInfo (RoleInfo.java:shutdownFollowerState(121)) - 4dea926d-4bc6-487a-9b9b-9fd457d0fae4: shutdown FollowerState
2019-10-18 07:24:07,220 [Thread-10467] INFO  impl.RaftServerImpl (RaftServerImpl.java:setRole(184)) - 4dea926d-4bc6-487a-9b9b-9fd457d0fae4@group-0C9C3B2D0CC1: changes role from  FOLLOWER to CANDIDATE at term 134 for changeToCandidate
2019-10-18 07:24:07,220 [Thread-10467] INFO  impl.RoleInfo (RoleInfo.java:updateAndGet(143)) - 4dea926d-4bc6-487a-9b9b-9fd457d0fae4: start LeaderElection
2019-10-18 07:24:07,241 [Thread-10464] INFO  impl.FollowerState (FollowerState.java:run(108)) - 12ad0800-05cb-443c-9fdd-fa1debf04523@group-BCB82A5C07F5-FollowerState: change to CANDIDATE, lastRpcTime:53ms, electionTimeout:53ms
2019-10-18 07:24:07,241 [Thread-10464] INFO  impl.RoleInfo (RoleInfo.java:shutdownFollowerState(121)) - 12ad0800-05cb-443c-9fdd-fa1debf04523: shutdown FollowerState
2019-10-18 07:24:07,241 [Thread-10464] INFO  impl.RaftServerImpl (RaftServerImpl.java:setRole(184)) - 12ad0800-05cb-443c-9fdd-fa1debf04523@group-BCB82A5C07F5: changes role from  FOLLOWER to CANDIDATE at term 144 for changeToCandidate
2019-10-18 07:24:07,241 [Thread-10464] INFO  impl.RoleInfo (RoleInfo.java:updateAndGet(143)) - 12ad0800-05cb-443c-9fdd-fa1debf04523: start LeaderElection
2019-10-18 07:24:07,246 [4dea926d-4bc6-487a-9b9b-9fd457d0fae4@group-0C9C3B2D0CC1-LeaderElection1189] INFO  impl.LeaderElection (LeaderElection.java:askForVotes(178)) - 4dea926d-4bc6-487a-9b9b-9fd457d0fae4@group-0C9C3B2D0CC1-LeaderElection1189: begin an election at term 135 for -1: [6633f50a-7046-4b08-9937-8e25f1b14b15:192.168.34.25:39338, 67270882-100a-4e75-928d-618d17e069c8:192.168.34.25:36648, 4dea926d-4bc6-487a-9b9b-9fd457d0fae4:192.168.34.25:41624], old=null
2019-10-18 07:24:07,247 [grpc-default-executor-14] INFO  impl.RaftServerImpl (RaftServerImpl.java:setRole(184)) - 6633f50a-7046-4b08-9937-8e25f1b14b15@group-0C9C3B2D0CC1: changes role from  FOLLOWER to FOLLOWER at term 135 for recognizeCandidate:4dea926d-4bc6-487a-9b9b-9fd457d0fae4
2019-10-18 07:24:07,247 [grpc-default-executor-11] INFO  impl.RaftServerImpl (RaftServerImpl.java:setRole(184)) - 67270882-100a-4e75-928d-618d17e069c8@group-0C9C3B2D0CC1: changes role from  FOLLOWER to FOLLOWER at term 135 for recognizeCandidate:4dea926d-4bc6-487a-9b9b-9fd457d0fae4
2019-10-18 07:24:07,247 [grpc-default-executor-11] INFO  impl.RoleInfo (RoleInfo.java:shutdownFollowerState(121)) - 67270882-100a-4e75-928d-618d17e069c8: shutdown FollowerState
2019-10-18 07:24:07,247 [grpc-default-executor-14] INFO  impl.RoleInfo (RoleInfo.java:shutdownFollowerState(121)) - 6633f50a-7046-4b08-9937-8e25f1b14b15: shutdown FollowerState
2019-10-18 07:24:07,248 [Thread-10465] INFO  impl.FollowerState (FollowerState.java:run(117)) - 67270882-100a-4e75-928d-618d17e069c8@group-0C9C3B2D0CC1-FollowerState was interrupted: java.lang.InterruptedException: sleep interrupted
2019-10-18 07:24:07,247 [grpc-default-executor-11] INFO  impl.RoleInfo (RoleInfo.java:updateAndGet(143)) - 67270882-100a-4e75-928d-618d17e069c8: start FollowerState
2019-10-18 07:24:07,248 [Thread-10466] INFO  impl.FollowerState (FollowerState.java:run(117)) - 6633f50a-7046-4b08-9937-8e25f1b14b15@group-0C9C3B2D0CC1-FollowerState was interrupted: java.lang.InterruptedException: sleep interrupted
2019-10-18 07:24:07,248 [grpc-default-executor-14] INFO  impl.RoleInfo (RoleInfo.java:updateAndGet(143)) - 6633f50a-7046-4b08-9937-8e25f1b14b15: start FollowerState
2019-10-18 07:24:07,263 [12ad0800-05cb-443c-9fdd-fa1debf04523@group-BCB82A5C07F5-LeaderElection1190] INFO  impl.LeaderElection (LeaderElection.java:askForVotes(178)) - 12ad0800-05cb-443c-9fdd-fa1debf04523@group-BCB82A5C07F5-LeaderElection1190: begin an election at term 145 for -1: [12ad0800-05cb-443c-9fdd-fa1debf04523:192.168.34.25:41155, 5170c5f3-8499-4b42-9321-85fc8a351f79:192.168.34.25:43074, 0b10a9fc-47eb-4a2b-b664-8273d9d17379:192.168.34.25:45248], old=null
2019-10-18 07:24:07,263 [4dea926d-4bc6-487a-9b9b-9fd457d0fae4@group-0C9C3B2D0CC1-LeaderElection1189] INFO  impl.LeaderElection (LeaderElection.java:logAndReturn(56)) - 4dea926d-4bc6-487a-9b9b-9fd457d0fae4@group-0C9C3B2D0CC1-LeaderElection1189: Election REJECTED; received 2 response(s) [4dea926d-4bc6-487a-9b9b-9fd457d0fae4<-6633f50a-7046-4b08-9937-8e25f1b14b15#0:FAIL-t135, 4dea926d-4bc6-487a-9b9b-9fd457d0fae4<-67270882-100a-4e75-928d-618d17e069c8#0:FAIL-t135] and 0 exception(s); 4dea926d-4bc6-487a-9b9b-9fd457d0fae4@group-0C9C3B2D0CC1:t135, leader=null, voted=4dea926d-4bc6-487a-9b9b-9fd457d0fae4, raftlog=4dea926d-4bc6-487a-9b9b-9fd457d0fae4@group-0C9C3B2D0CC1-SegmentedRaftLog:OPENED:c-1,f-1,i0, conf=-1: [6633f50a-7046-4b08-9937-8e25f1b14b15:192.168.34.25:39338, 67270882-100a-4e75-928d-618d17e069c8:192.168.34.25:36648, 4dea926d-4bc6-487a-9b9b-9fd457d0fae4:192.168.34.25:41624], old=null
2019-10-18 07:24:07,264 [4dea926d-4bc6-487a-9b9b-9fd457d0fae4@group-0C9C3B2D0CC1-LeaderElection1189] INFO  impl.RaftServerImpl (RaftServerImpl.java:setRole(184)) - 4dea926d-4bc6-487a-9b9b-9fd457d0fae4@group-0C9C3B2D0CC1: changes role from CANDIDATE to FOLLOWER at term 135 for DISCOVERED_A_NEW_TERM
2019-10-18 07:24:07,264 [4dea926d-4bc6-487a-9b9b-9fd457d0fae4@group-0C9C3B2D0CC1-LeaderElection1189] INFO  impl.RoleInfo (RoleInfo.java:shutdownLeaderElection(134)) - 4dea926d-4bc6-487a-9b9b-9fd457d0fae4: shutdown LeaderElection
2019-10-18 07:24:07,264 [4dea926d-4bc6-487a-9b9b-9fd457d0fae4@group-0C9C3B2D0CC1-LeaderElection1189] INFO  impl.RoleInfo (RoleInfo.java:updateAndGet(143)) - 4dea926d-4bc6-487a-9b9b-9fd457d0fae4: start FollowerState
2019-10-18 07:24:07,264 [12ad0800-05cb-443c-9fdd-fa1debf04523@group-BCB82A5C07F5-LeaderElection1190] INFO  impl.LeaderElection (LogUtils.java:infoOrTrace(149)) - 12ad0800-05cb-443c-9fdd-fa1debf04523@group-BCB82A5C07F5-LeaderElection1190 got exception when requesting votes: {}
java.util.concurrent.ExecutionException: org.apache.ratis.thirdparty.io.grpc.StatusRuntimeException: UNAVAILABLE: io exception
	at java.util.concurrent.FutureTask.report(FutureTask.java:122)
	at java.util.concurrent.FutureTask.get(FutureTask.java:192)
	at org.apache.ratis.server.impl.LeaderElection.waitForResults(LeaderElection.java:259)
	at org.apache.ratis.server.impl.LeaderElection.askForVotes(LeaderElection.java:197)
	at org.apache.ratis.server.impl.LeaderElection.run(LeaderElection.java:133)
	at java.lang.Thread.run(Thread.java:748)
Caused by: org.apache.ratis.thirdparty.io.grpc.StatusRuntimeException: UNAVAILABLE: io exception
	at org.apache.ratis.thirdparty.io.grpc.stub.ClientCalls.toStatusRuntimeException(ClientCalls.java:233)
	at org.apache.ratis.thirdparty.io.grpc.stub.ClientCalls.getUnchecked(ClientCalls.java:214)
	at org.apache.ratis.thirdparty.io.grpc.stub.ClientCalls.blockingUnaryCall(ClientCalls.java:139)
	at org.apache.ratis.proto.grpc.RaftServerProtocolServiceGrpc$RaftServerProtocolServiceBlockingStub.requestVote(RaftServerProtocolServiceGrpc.java:265)
	at org.apache.ratis.grpc.server.GrpcServerProtocolClient.requestVote(GrpcServerProtocolClient.java:99)
	at org.apache.ratis.grpc.server.GrpcService.requestVote(GrpcService.java:204)
	at org.apache.ratis.server.impl.LeaderElection.lambda$submitRequests$1(LeaderElection.java:234)
	at java.util.concurrent.FutureTask.run(FutureTask.java:266)
	at java.util.concurrent.Executors$RunnableAdapter.call(Executors.java:511)
	at java.util.concurrent.FutureTask.run(FutureTask.java:266)
	at java.util.concurrent.ThreadPoolExecutor.runWorker(ThreadPoolExecutor.java:1149)
	at java.util.concurrent.ThreadPoolExecutor$Worker.run(ThreadPoolExecutor.java:624)
	... 1 more
Caused by: org.apache.ratis.thirdparty.io.netty.channel.AbstractChannel$AnnotatedConnectException: Connection refused: /192.168.34.25:45248
	at sun.nio.ch.SocketChannelImpl.checkConnect(Native Method)
	at sun.nio.ch.SocketChannelImpl.finishConnect(SocketChannelImpl.java:717)
	at org.apache.ratis.thirdparty.io.netty.channel.socket.nio.NioSocketChannel.doFinishConnect(NioSocketChannel.java:327)
	at org.apache.ratis.thirdparty.io.netty.channel.nio.AbstractNioChannel$AbstractNioUnsafe.finishConnect(AbstractNioChannel.java:340)
	at org.apache.ratis.thirdparty.io.netty.channel.nio.NioEventLoop.processSelectedKey(NioEventLoop.java:632)
	at org.apache.ratis.thirdparty.io.netty.channel.nio.NioEventLoop.processSelectedKeysOptimized(NioEventLoop.java:579)
	at org.apache.ratis.thirdparty.io.netty.channel.nio.NioEventLoop.processSelectedKeys(NioEventLoop.java:496)
	at org.apache.ratis.thirdparty.io.netty.channel.nio.NioEventLoop.run(NioEventLoop.java:458)
	at org.apache.ratis.thirdparty.io.netty.util.concurrent.SingleThreadEventExecutor$5.run(SingleThreadEventExecutor.java:897)
	at org.apache.ratis.thirdparty.io.netty.util.concurrent.FastThreadLocalRunnable.run(FastThreadLocalRunnable.java:30)
	... 1 more
Caused by: java.net.ConnectException: Connection refused
	... 11 more
2019-10-18 07:24:07,264 [grpc-default-executor-11] INFO  impl.RaftServerImpl (RaftServerImpl.java:setRole(184)) - 5170c5f3-8499-4b42-9321-85fc8a351f79@group-BCB82A5C07F5: changes role from  FOLLOWER to FOLLOWER at term 145 for recognizeCandidate:12ad0800-05cb-443c-9fdd-fa1debf04523
2019-10-18 07:24:07,264 [grpc-default-executor-11] INFO  impl.RoleInfo (RoleInfo.java:shutdownFollowerState(121)) - 5170c5f3-8499-4b42-9321-85fc8a351f79: shutdown FollowerState
2019-10-18 07:24:07,264 [grpc-default-executor-11] INFO  impl.RoleInfo (RoleInfo.java:updateAndGet(143)) - 5170c5f3-8499-4b42-9321-85fc8a351f79: start FollowerState
2019-10-18 07:24:07,265 [Thread-10461] INFO  impl.FollowerState (FollowerState.java:run(117)) - 5170c5f3-8499-4b42-9321-85fc8a351f79@group-BCB82A5C07F5-FollowerState was interrupted: java.lang.InterruptedException: sleep interrupted
2019-10-18 07:24:07,289 [12ad0800-05cb-443c-9fdd-fa1debf04523@group-BCB82A5C07F5-LeaderElection1190] INFO  impl.LeaderElection (LeaderElection.java:logAndReturn(56)) - 12ad0800-05cb-443c-9fdd-fa1debf04523@group-BCB82A5C07F5-LeaderElection1190: Election REJECTED; received 1 response(s) [12ad0800-05cb-443c-9fdd-fa1debf04523<-5170c5f3-8499-4b42-9321-85fc8a351f79#0:FAIL-t145] and 1 exception(s); 12ad0800-05cb-443c-9fdd-fa1debf04523@group-BCB82A5C07F5:t145, leader=null, voted=12ad0800-05cb-443c-9fdd-fa1debf04523, raftlog=12ad0800-05cb-443c-9fdd-fa1debf04523@group-BCB82A5C07F5-SegmentedRaftLog:OPENED:c-1,f-1,i0, conf=-1: [12ad0800-05cb-443c-9fdd-fa1debf04523:192.168.34.25:41155, 5170c5f3-8499-4b42-9321-85fc8a351f79:192.168.34.25:43074, 0b10a9fc-47eb-4a2b-b664-8273d9d17379:192.168.34.25:45248], old=null
2019-10-18 07:24:07,289 [12ad0800-05cb-443c-9fdd-fa1debf04523@group-BCB82A5C07F5-LeaderElection1190] INFO  impl.LeaderElection (LogUtils.java:infoOrTrace(149)) -   Exception 0: {}
java.util.concurrent.ExecutionException: org.apache.ratis.thirdparty.io.grpc.StatusRuntimeException: UNAVAILABLE: io exception
	at java.util.concurrent.FutureTask.report(FutureTask.java:122)
	at java.util.concurrent.FutureTask.get(FutureTask.java:192)
	at org.apache.ratis.server.impl.LeaderElection.waitForResults(LeaderElection.java:259)
	at org.apache.ratis.server.impl.LeaderElection.askForVotes(LeaderElection.java:197)
	at org.apache.ratis.server.impl.LeaderElection.run(LeaderElection.java:133)
	at java.lang.Thread.run(Thread.java:748)
Caused by: org.apache.ratis.thirdparty.io.grpc.StatusRuntimeException: UNAVAILABLE: io exception
	at org.apache.ratis.thirdparty.io.grpc.stub.ClientCalls.toStatusRuntimeException(ClientCalls.java:233)
	at org.apache.ratis.thirdparty.io.grpc.stub.ClientCalls.getUnchecked(ClientCalls.java:214)
	at org.apache.ratis.thirdparty.io.grpc.stub.ClientCalls.blockingUnaryCall(ClientCalls.java:139)
	at org.apache.ratis.proto.grpc.RaftServerProtocolServiceGrpc$RaftServerProtocolServiceBlockingStub.requestVote(RaftServerProtocolServiceGrpc.java:265)
	at org.apache.ratis.grpc.server.GrpcServerProtocolClient.requestVote(GrpcServerProtocolClient.java:99)
	at org.apache.ratis.grpc.server.GrpcService.requestVote(GrpcService.java:204)
	at org.apache.ratis.server.impl.LeaderElection.lambda$submitRequests$1(LeaderElection.java:234)
	at java.util.concurrent.FutureTask.run(FutureTask.java:266)
	at java.util.concurrent.Executors$RunnableAdapter.call(Executors.java:511)
	at java.util.concurrent.FutureTask.run(FutureTask.java:266)
	at java.util.concurrent.ThreadPoolExecutor.runWorker(ThreadPoolExecutor.java:1149)
	at java.util.concurrent.ThreadPoolExecutor$Worker.run(ThreadPoolExecutor.java:624)
	... 1 more
Caused by: org.apache.ratis.thirdparty.io.netty.channel.AbstractChannel$AnnotatedConnectException: Connection refused: /192.168.34.25:45248
	at sun.nio.ch.SocketChannelImpl.checkConnect(Native Method)
	at sun.nio.ch.SocketChannelImpl.finishConnect(SocketChannelImpl.java:717)
	at org.apache.ratis.thirdparty.io.netty.channel.socket.nio.NioSocketChannel.doFinishConnect(NioSocketChannel.java:327)
	at org.apache.ratis.thirdparty.io.netty.channel.nio.AbstractNioChannel$AbstractNioUnsafe.finishConnect(AbstractNioChannel.java:340)
	at org.apache.ratis.thirdparty.io.netty.channel.nio.NioEventLoop.processSelectedKey(NioEventLoop.java:632)
	at org.apache.ratis.thirdparty.io.netty.channel.nio.NioEventLoop.processSelectedKeysOptimized(NioEventLoop.java:579)
	at org.apache.ratis.thirdparty.io.netty.channel.nio.NioEventLoop.processSelectedKeys(NioEventLoop.java:496)
	at org.apache.ratis.thirdparty.io.netty.channel.nio.NioEventLoop.run(NioEventLoop.java:458)
	at org.apache.ratis.thirdparty.io.netty.util.concurrent.SingleThreadEventExecutor$5.run(SingleThreadEventExecutor.java:897)
	at org.apache.ratis.thirdparty.io.netty.util.concurrent.FastThreadLocalRunnable.run(FastThreadLocalRunnable.java:30)
	... 1 more
Caused by: java.net.ConnectException: Connection refused
	... 11 more
2019-10-18 07:24:07,289 [12ad0800-05cb-443c-9fdd-fa1debf04523@group-BCB82A5C07F5-LeaderElection1190] INFO  impl.RaftServerImpl (RaftServerImpl.java:setRole(184)) - 12ad0800-05cb-443c-9fdd-fa1debf04523@group-BCB82A5C07F5: changes role from CANDIDATE to FOLLOWER at term 145 for DISCOVERED_A_NEW_TERM
2019-10-18 07:24:07,289 [12ad0800-05cb-443c-9fdd-fa1debf04523@group-BCB82A5C07F5-LeaderElection1190] INFO  impl.RoleInfo (RoleInfo.java:shutdownLeaderElection(134)) - 12ad0800-05cb-443c-9fdd-fa1debf04523: shutdown LeaderElection
2019-10-18 07:24:07,289 [12ad0800-05cb-443c-9fdd-fa1debf04523@group-BCB82A5C07F5-LeaderElection1190] INFO  impl.RoleInfo (RoleInfo.java:updateAndGet(143)) - 12ad0800-05cb-443c-9fdd-fa1debf04523: start FollowerState
2019-10-18 07:24:07,374 [Thread-10480] INFO  impl.FollowerState (FollowerState.java:run(108)) - 12ad0800-05cb-443c-9fdd-fa1debf04523@group-BCB82A5C07F5-FollowerState: change to CANDIDATE, lastRpcTime:84ms, electionTimeout:84ms
2019-10-18 07:24:07,374 [Thread-10480] INFO  impl.RoleInfo (RoleInfo.java:shutdownFollowerState(121)) - 12ad0800-05cb-443c-9fdd-fa1debf04523: shutdown FollowerState
2019-10-18 07:24:07,374 [Thread-10480] INFO  impl.RaftServerImpl (RaftServerImpl.java:setRole(184)) - 12ad0800-05cb-443c-9fdd-fa1debf04523@group-BCB82A5C07F5: changes role from  FOLLOWER to CANDIDATE at term 145 for changeToCandidate
2019-10-18 07:24:07,374 [Thread-10480] INFO  impl.RoleInfo (RoleInfo.java:updateAndGet(143)) - 12ad0800-05cb-443c-9fdd-fa1debf04523: start LeaderElection
2019-10-18 07:24:07,377 [Thread-10478] INFO  impl.FollowerState (FollowerState.java:run(108)) - 4dea926d-4bc6-487a-9b9b-9fd457d0fae4@group-0C9C3B2D0CC1-FollowerState: change to CANDIDATE, lastRpcTime:113ms, electionTimeout:113ms
2019-10-18 07:24:07,377 [Thread-10478] INFO  impl.RoleInfo (RoleInfo.java:shutdownFollowerState(121)) - 4dea926d-4bc6-487a-9b9b-9fd457d0fae4: shutdown FollowerState
2019-10-18 07:24:07,377 [Thread-10478] INFO  impl.RaftServerImpl (RaftServerImpl.java:setRole(184)) - 4dea926d-4bc6-487a-9b9b-9fd457d0fae4@group-0C9C3B2D0CC1: changes role from  FOLLOWER to CANDIDATE at term 135 for changeToCandidate
2019-10-18 07:24:07,378 [Thread-10478] INFO  impl.RoleInfo (RoleInfo.java:updateAndGet(143)) - 4dea926d-4bc6-487a-9b9b-9fd457d0fae4: start LeaderElection
2019-10-18 07:24:07,407 [4dea926d-4bc6-487a-9b9b-9fd457d0fae4@group-0C9C3B2D0CC1-LeaderElection1192] INFO  impl.LeaderElection (LeaderElection.java:askForVotes(178)) - 4dea926d-4bc6-487a-9b9b-9fd457d0fae4@group-0C9C3B2D0CC1-LeaderElection1192: begin an election at term 136 for -1: [6633f50a-7046-4b08-9937-8e25f1b14b15:192.168.34.25:39338, 67270882-100a-4e75-928d-618d17e069c8:192.168.34.25:36648, 4dea926d-4bc6-487a-9b9b-9fd457d0fae4:192.168.34.25:41624], old=null
2019-10-18 07:24:07,407 [12ad0800-05cb-443c-9fdd-fa1debf04523@group-BCB82A5C07F5-LeaderElection1191] INFO  impl.LeaderElection (LeaderElection.java:askForVotes(178)) - 12ad0800-05cb-443c-9fdd-fa1debf04523@group-BCB82A5C07F5-LeaderElection1191: begin an election at term 146 for -1: [12ad0800-05cb-443c-9fdd-fa1debf04523:192.168.34.25:41155, 5170c5f3-8499-4b42-9321-85fc8a351f79:192.168.34.25:43074, 0b10a9fc-47eb-4a2b-b664-8273d9d17379:192.168.34.25:45248], old=null
2019-10-18 07:24:07,408 [12ad0800-05cb-443c-9fdd-fa1debf04523@group-BCB82A5C07F5-LeaderElection1191] INFO  impl.LeaderElection (LogUtils.java:infoOrTrace(149)) - 12ad0800-05cb-443c-9fdd-fa1debf04523@group-BCB82A5C07F5-LeaderElection1191 got exception when requesting votes: {}
java.util.concurrent.ExecutionException: org.apache.ratis.thirdparty.io.grpc.StatusRuntimeException: UNAVAILABLE: io exception
	at java.util.concurrent.FutureTask.report(FutureTask.java:122)
	at java.util.concurrent.FutureTask.get(FutureTask.java:192)
	at org.apache.ratis.server.impl.LeaderElection.waitForResults(LeaderElection.java:259)
	at org.apache.ratis.server.impl.LeaderElection.askForVotes(LeaderElection.java:197)
	at org.apache.ratis.server.impl.LeaderElection.run(LeaderElection.java:133)
	at java.lang.Thread.run(Thread.java:748)
Caused by: org.apache.ratis.thirdparty.io.grpc.StatusRuntimeException: UNAVAILABLE: io exception
	at org.apache.ratis.thirdparty.io.grpc.stub.ClientCalls.toStatusRuntimeException(ClientCalls.java:233)
	at org.apache.ratis.thirdparty.io.grpc.stub.ClientCalls.getUnchecked(ClientCalls.java:214)
	at org.apache.ratis.thirdparty.io.grpc.stub.ClientCalls.blockingUnaryCall(ClientCalls.java:139)
	at org.apache.ratis.proto.grpc.RaftServerProtocolServiceGrpc$RaftServerProtocolServiceBlockingStub.requestVote(RaftServerProtocolServiceGrpc.java:265)
	at org.apache.ratis.grpc.server.GrpcServerProtocolClient.requestVote(GrpcServerProtocolClient.java:99)
	at org.apache.ratis.grpc.server.GrpcService.requestVote(GrpcService.java:204)
	at org.apache.ratis.server.impl.LeaderElection.lambda$submitRequests$1(LeaderElection.java:234)
	at java.util.concurrent.FutureTask.run(FutureTask.java:266)
	at java.util.concurrent.Executors$RunnableAdapter.call(Executors.java:511)
	at java.util.concurrent.FutureTask.run(FutureTask.java:266)
	at java.util.concurrent.ThreadPoolExecutor.runWorker(ThreadPoolExecutor.java:1149)
	at java.util.concurrent.ThreadPoolExecutor$Worker.run(ThreadPoolExecutor.java:624)
	... 1 more
Caused by: org.apache.ratis.thirdparty.io.netty.channel.AbstractChannel$AnnotatedConnectException: Connection refused: /192.168.34.25:45248
	at sun.nio.ch.SocketChannelImpl.checkConnect(Native Method)
	at sun.nio.ch.SocketChannelImpl.finishConnect(SocketChannelImpl.java:717)
	at org.apache.ratis.thirdparty.io.netty.channel.socket.nio.NioSocketChannel.doFinishConnect(NioSocketChannel.java:327)
	at org.apache.ratis.thirdparty.io.netty.channel.nio.AbstractNioChannel$AbstractNioUnsafe.finishConnect(AbstractNioChannel.java:340)
	at org.apache.ratis.thirdparty.io.netty.channel.nio.NioEventLoop.processSelectedKey(NioEventLoop.java:632)
	at org.apache.ratis.thirdparty.io.netty.channel.nio.NioEventLoop.processSelectedKeysOptimized(NioEventLoop.java:579)
	at org.apache.ratis.thirdparty.io.netty.channel.nio.NioEventLoop.processSelectedKeys(NioEventLoop.java:496)
	at org.apache.ratis.thirdparty.io.netty.channel.nio.NioEventLoop.run(NioEventLoop.java:458)
	at org.apache.ratis.thirdparty.io.netty.util.concurrent.SingleThreadEventExecutor$5.run(SingleThreadEventExecutor.java:897)
	at org.apache.ratis.thirdparty.io.netty.util.concurrent.FastThreadLocalRunnable.run(FastThreadLocalRunnable.java:30)
	... 1 more
Caused by: java.net.ConnectException: Connection refused
	... 11 more
2019-10-18 07:24:07,408 [grpc-default-executor-11] INFO  impl.RaftServerImpl (RaftServerImpl.java:setRole(184)) - 6633f50a-7046-4b08-9937-8e25f1b14b15@group-0C9C3B2D0CC1: changes role from  FOLLOWER to FOLLOWER at term 136 for recognizeCandidate:4dea926d-4bc6-487a-9b9b-9fd457d0fae4
2019-10-18 07:24:07,408 [grpc-default-executor-14] INFO  impl.RaftServerImpl (RaftServerImpl.java:setRole(184)) - 67270882-100a-4e75-928d-618d17e069c8@group-0C9C3B2D0CC1: changes role from  FOLLOWER to FOLLOWER at term 136 for recognizeCandidate:4dea926d-4bc6-487a-9b9b-9fd457d0fae4
2019-10-18 07:24:07,409 [grpc-default-executor-14] INFO  impl.RoleInfo (RoleInfo.java:shutdownFollowerState(121)) - 67270882-100a-4e75-928d-618d17e069c8: shutdown FollowerState
2019-10-18 07:24:07,408 [grpc-default-executor-11] INFO  impl.RoleInfo (RoleInfo.java:shutdownFollowerState(121)) - 6633f50a-7046-4b08-9937-8e25f1b14b15: shutdown FollowerState
2019-10-18 07:24:07,409 [Thread-10472] INFO  impl.FollowerState (FollowerState.java:run(117)) - 67270882-100a-4e75-928d-618d17e069c8@group-0C9C3B2D0CC1-FollowerState was interrupted: java.lang.InterruptedException: sleep interrupted
2019-10-18 07:24:07,409 [Thread-10473] INFO  impl.FollowerState (FollowerState.java:run(117)) - 6633f50a-7046-4b08-9937-8e25f1b14b15@group-0C9C3B2D0CC1-FollowerState was interrupted: java.lang.InterruptedException: sleep interrupted
2019-10-18 07:24:07,409 [grpc-default-executor-14] INFO  impl.RoleInfo (RoleInfo.java:updateAndGet(143)) - 67270882-100a-4e75-928d-618d17e069c8: start FollowerState
2019-10-18 07:24:07,409 [grpc-default-executor-12] INFO  impl.RaftServerImpl (RaftServerImpl.java:setRole(184)) - 5170c5f3-8499-4b42-9321-85fc8a351f79@group-BCB82A5C07F5: changes role from  FOLLOWER to FOLLOWER at term 146 for recognizeCandidate:12ad0800-05cb-443c-9fdd-fa1debf04523
2019-10-18 07:24:07,409 [grpc-default-executor-12] INFO  impl.RoleInfo (RoleInfo.java:shutdownFollowerState(121)) - 5170c5f3-8499-4b42-9321-85fc8a351f79: shutdown FollowerState
2019-10-18 07:24:07,409 [grpc-default-executor-11] INFO  impl.RoleInfo (RoleInfo.java:updateAndGet(143)) - 6633f50a-7046-4b08-9937-8e25f1b14b15: start FollowerState
2019-10-18 07:24:07,410 [Thread-10479] INFO  impl.FollowerState (FollowerState.java:run(117)) - 5170c5f3-8499-4b42-9321-85fc8a351f79@group-BCB82A5C07F5-FollowerState was interrupted: java.lang.InterruptedException: sleep interrupted
2019-10-18 07:24:07,409 [grpc-default-executor-12] INFO  impl.RoleInfo (RoleInfo.java:updateAndGet(143)) - 5170c5f3-8499-4b42-9321-85fc8a351f79: start FollowerState
2019-10-18 07:24:07,417 [4dea926d-4bc6-487a-9b9b-9fd457d0fae4@group-0C9C3B2D0CC1-LeaderElection1192] INFO  impl.LeaderElection (LeaderElection.java:logAndReturn(56)) - 4dea926d-4bc6-487a-9b9b-9fd457d0fae4@group-0C9C3B2D0CC1-LeaderElection1192: Election TIMEOUT; received 0 response(s) [] and 0 exception(s); 4dea926d-4bc6-487a-9b9b-9fd457d0fae4@group-0C9C3B2D0CC1:t136, leader=null, voted=4dea926d-4bc6-487a-9b9b-9fd457d0fae4, raftlog=4dea926d-4bc6-487a-9b9b-9fd457d0fae4@group-0C9C3B2D0CC1-SegmentedRaftLog:OPENED:c-1,f-1,i0, conf=-1: [6633f50a-7046-4b08-9937-8e25f1b14b15:192.168.34.25:39338, 67270882-100a-4e75-928d-618d17e069c8:192.168.34.25:36648, 4dea926d-4bc6-487a-9b9b-9fd457d0fae4:192.168.34.25:41624], old=null
2019-10-18 07:24:07,433 [4dea926d-4bc6-487a-9b9b-9fd457d0fae4@group-0C9C3B2D0CC1-LeaderElection1192] INFO  impl.LeaderElection (LeaderElection.java:askForVotes(178)) - 4dea926d-4bc6-487a-9b9b-9fd457d0fae4@group-0C9C3B2D0CC1-LeaderElection1192: begin an election at term 137 for -1: [6633f50a-7046-4b08-9937-8e25f1b14b15:192.168.34.25:39338, 67270882-100a-4e75-928d-618d17e069c8:192.168.34.25:36648, 4dea926d-4bc6-487a-9b9b-9fd457d0fae4:192.168.34.25:41624], old=null
2019-10-18 07:24:07,433 [12ad0800-05cb-443c-9fdd-fa1debf04523@group-BCB82A5C07F5-LeaderElection1191] INFO  impl.LeaderElection (LeaderElection.java:logAndReturn(56)) - 12ad0800-05cb-443c-9fdd-fa1debf04523@group-BCB82A5C07F5-LeaderElection1191: Election REJECTED; received 1 response(s) [12ad0800-05cb-443c-9fdd-fa1debf04523<-5170c5f3-8499-4b42-9321-85fc8a351f79#0:FAIL-t146] and 1 exception(s); 12ad0800-05cb-443c-9fdd-fa1debf04523@group-BCB82A5C07F5:t146, leader=null, voted=12ad0800-05cb-443c-9fdd-fa1debf04523, raftlog=12ad0800-05cb-443c-9fdd-fa1debf04523@group-BCB82A5C07F5-SegmentedRaftLog:OPENED:c-1,f-1,i0, conf=-1: [12ad0800-05cb-443c-9fdd-fa1debf04523:192.168.34.25:41155, 5170c5f3-8499-4b42-9321-85fc8a351f79:192.168.34.25:43074, 0b10a9fc-47eb-4a2b-b664-8273d9d17379:192.168.34.25:45248], old=null
2019-10-18 07:24:07,433 [12ad0800-05cb-443c-9fdd-fa1debf04523@group-BCB82A5C07F5-LeaderElection1191] INFO  impl.LeaderElection (LogUtils.java:infoOrTrace(149)) -   Exception 0: {}
java.util.concurrent.ExecutionException: org.apache.ratis.thirdparty.io.grpc.StatusRuntimeException: UNAVAILABLE: io exception
	at java.util.concurrent.FutureTask.report(FutureTask.java:122)
	at java.util.concurrent.FutureTask.get(FutureTask.java:192)
	at org.apache.ratis.server.impl.LeaderElection.waitForResults(LeaderElection.java:259)
	at org.apache.ratis.server.impl.LeaderElection.askForVotes(LeaderElection.java:197)
	at org.apache.ratis.server.impl.LeaderElection.run(LeaderElection.java:133)
	at java.lang.Thread.run(Thread.java:748)
Caused by: org.apache.ratis.thirdparty.io.grpc.StatusRuntimeException: UNAVAILABLE: io exception
	at org.apache.ratis.thirdparty.io.grpc.stub.ClientCalls.toStatusRuntimeException(ClientCalls.java:233)
	at org.apache.ratis.thirdparty.io.grpc.stub.ClientCalls.getUnchecked(ClientCalls.java:214)
	at org.apache.ratis.thirdparty.io.grpc.stub.ClientCalls.blockingUnaryCall(ClientCalls.java:139)
	at org.apache.ratis.proto.grpc.RaftServerProtocolServiceGrpc$RaftServerProtocolServiceBlockingStub.requestVote(RaftServerProtocolServiceGrpc.java:265)
	at org.apache.ratis.grpc.server.GrpcServerProtocolClient.requestVote(GrpcServerProtocolClient.java:99)
	at org.apache.ratis.grpc.server.GrpcService.requestVote(GrpcService.java:204)
	at org.apache.ratis.server.impl.LeaderElection.lambda$submitRequests$1(LeaderElection.java:234)
	at java.util.concurrent.FutureTask.run(FutureTask.java:266)
	at java.util.concurrent.Executors$RunnableAdapter.call(Executors.java:511)
	at java.util.concurrent.FutureTask.run(FutureTask.java:266)
	at java.util.concurrent.ThreadPoolExecutor.runWorker(ThreadPoolExecutor.java:1149)
	at java.util.concurrent.ThreadPoolExecutor$Worker.run(ThreadPoolExecutor.java:624)
	... 1 more
Caused by: org.apache.ratis.thirdparty.io.netty.channel.AbstractChannel$AnnotatedConnectException: Connection refused: /192.168.34.25:45248
	at sun.nio.ch.SocketChannelImpl.checkConnect(Native Method)
	at sun.nio.ch.SocketChannelImpl.finishConnect(SocketChannelImpl.java:717)
	at org.apache.ratis.thirdparty.io.netty.channel.socket.nio.NioSocketChannel.doFinishConnect(NioSocketChannel.java:327)
	at org.apache.ratis.thirdparty.io.netty.channel.nio.AbstractNioChannel$AbstractNioUnsafe.finishConnect(AbstractNioChannel.java:340)
	at org.apache.ratis.thirdparty.io.netty.channel.nio.NioEventLoop.processSelectedKey(NioEventLoop.java:632)
	at org.apache.ratis.thirdparty.io.netty.channel.nio.NioEventLoop.processSelectedKeysOptimized(NioEventLoop.java:579)
	at org.apache.ratis.thirdparty.io.netty.channel.nio.NioEventLoop.processSelectedKeys(NioEventLoop.java:496)
	at org.apache.ratis.thirdparty.io.netty.channel.nio.NioEventLoop.run(NioEventLoop.java:458)
	at org.apache.ratis.thirdparty.io.netty.util.concurrent.SingleThreadEventExecutor$5.run(SingleThreadEventExecutor.java:897)
	at org.apache.ratis.thirdparty.io.netty.util.concurrent.FastThreadLocalRunnable.run(FastThreadLocalRunnable.java:30)
	... 1 more
Caused by: java.net.ConnectException: Connection refused
	... 11 more
2019-10-18 07:24:07,434 [12ad0800-05cb-443c-9fdd-fa1debf04523@group-BCB82A5C07F5-LeaderElection1191] INFO  impl.RaftServerImpl (RaftServerImpl.java:setRole(184)) - 12ad0800-05cb-443c-9fdd-fa1debf04523@group-BCB82A5C07F5: changes role from CANDIDATE to FOLLOWER at term 146 for DISCOVERED_A_NEW_TERM
2019-10-18 07:24:07,434 [12ad0800-05cb-443c-9fdd-fa1debf04523@group-BCB82A5C07F5-LeaderElection1191] INFO  impl.RoleInfo (RoleInfo.java:shutdownLeaderElection(134)) - 12ad0800-05cb-443c-9fdd-fa1debf04523: shutdown LeaderElection
2019-10-18 07:24:07,434 [12ad0800-05cb-443c-9fdd-fa1debf04523@group-BCB82A5C07F5-LeaderElection1191] INFO  impl.RoleInfo (RoleInfo.java:updateAndGet(143)) - 12ad0800-05cb-443c-9fdd-fa1debf04523: start FollowerState
2019-10-18 07:24:07,434 [grpc-default-executor-14] INFO  impl.RaftServerImpl (RaftServerImpl.java:setRole(184)) - 6633f50a-7046-4b08-9937-8e25f1b14b15@group-0C9C3B2D0CC1: changes role from  FOLLOWER to FOLLOWER at term 137 for recognizeCandidate:4dea926d-4bc6-487a-9b9b-9fd457d0fae4
2019-10-18 07:24:07,434 [grpc-default-executor-14] INFO  impl.RoleInfo (RoleInfo.java:shutdownFollowerState(121)) - 6633f50a-7046-4b08-9937-8e25f1b14b15: shutdown FollowerState
2019-10-18 07:24:07,434 [grpc-default-executor-11] INFO  impl.RaftServerImpl (RaftServerImpl.java:setRole(184)) - 67270882-100a-4e75-928d-618d17e069c8@group-0C9C3B2D0CC1: changes role from  FOLLOWER to FOLLOWER at term 137 for recognizeCandidate:4dea926d-4bc6-487a-9b9b-9fd457d0fae4
2019-10-18 07:24:07,434 [Thread-10488] INFO  impl.FollowerState (FollowerState.java:run(117)) - 6633f50a-7046-4b08-9937-8e25f1b14b15@group-0C9C3B2D0CC1-FollowerState was interrupted: java.lang.InterruptedException: sleep interrupted
2019-10-18 07:24:07,434 [grpc-default-executor-14] INFO  impl.RoleInfo (RoleInfo.java:updateAndGet(143)) - 6633f50a-7046-4b08-9937-8e25f1b14b15: start FollowerState
2019-10-18 07:24:07,435 [grpc-default-executor-11] INFO  impl.RoleInfo (RoleInfo.java:shutdownFollowerState(121)) - 67270882-100a-4e75-928d-618d17e069c8: shutdown FollowerState
2019-10-18 07:24:07,435 [grpc-default-executor-11] INFO  impl.RoleInfo (RoleInfo.java:updateAndGet(143)) - 67270882-100a-4e75-928d-618d17e069c8: start FollowerState
2019-10-18 07:24:07,435 [Thread-10487] INFO  impl.FollowerState (FollowerState.java:run(117)) - 67270882-100a-4e75-928d-618d17e069c8@group-0C9C3B2D0CC1-FollowerState was interrupted: java.lang.InterruptedException: sleep interrupted
2019-10-18 07:24:07,459 [4dea926d-4bc6-487a-9b9b-9fd457d0fae4@group-0C9C3B2D0CC1-LeaderElection1192] INFO  impl.LeaderElection (LeaderElection.java:logAndReturn(56)) - 4dea926d-4bc6-487a-9b9b-9fd457d0fae4@group-0C9C3B2D0CC1-LeaderElection1192: Election REJECTED; received 2 response(s) [4dea926d-4bc6-487a-9b9b-9fd457d0fae4<-6633f50a-7046-4b08-9937-8e25f1b14b15#0:FAIL-t137, 4dea926d-4bc6-487a-9b9b-9fd457d0fae4<-67270882-100a-4e75-928d-618d17e069c8#0:FAIL-t137] and 0 exception(s); 4dea926d-4bc6-487a-9b9b-9fd457d0fae4@group-0C9C3B2D0CC1:t137, leader=null, voted=4dea926d-4bc6-487a-9b9b-9fd457d0fae4, raftlog=4dea926d-4bc6-487a-9b9b-9fd457d0fae4@group-0C9C3B2D0CC1-SegmentedRaftLog:OPENED:c-1,f-1,i0, conf=-1: [6633f50a-7046-4b08-9937-8e25f1b14b15:192.168.34.25:39338, 67270882-100a-4e75-928d-618d17e069c8:192.168.34.25:36648, 4dea926d-4bc6-487a-9b9b-9fd457d0fae4:192.168.34.25:41624], old=null
2019-10-18 07:24:07,459 [4dea926d-4bc6-487a-9b9b-9fd457d0fae4@group-0C9C3B2D0CC1-LeaderElection1192] INFO  impl.RaftServerImpl (RaftServerImpl.java:setRole(184)) - 4dea926d-4bc6-487a-9b9b-9fd457d0fae4@group-0C9C3B2D0CC1: changes role from CANDIDATE to FOLLOWER at term 137 for DISCOVERED_A_NEW_TERM
2019-10-18 07:24:07,459 [4dea926d-4bc6-487a-9b9b-9fd457d0fae4@group-0C9C3B2D0CC1-LeaderElection1192] INFO  impl.RoleInfo (RoleInfo.java:shutdownLeaderElection(134)) - 4dea926d-4bc6-487a-9b9b-9fd457d0fae4: shutdown LeaderElection
2019-10-18 07:24:07,459 [4dea926d-4bc6-487a-9b9b-9fd457d0fae4@group-0C9C3B2D0CC1-LeaderElection1192] INFO  impl.RoleInfo (RoleInfo.java:updateAndGet(143)) - 4dea926d-4bc6-487a-9b9b-9fd457d0fae4: start FollowerState
2019-10-18 07:24:07,555 [Thread-10492] INFO  impl.FollowerState (FollowerState.java:run(108)) - 12ad0800-05cb-443c-9fdd-fa1debf04523@group-BCB82A5C07F5-FollowerState: change to CANDIDATE, lastRpcTime:121ms, electionTimeout:121ms
2019-10-18 07:24:07,555 [Thread-10492] INFO  impl.RoleInfo (RoleInfo.java:shutdownFollowerState(121)) - 12ad0800-05cb-443c-9fdd-fa1debf04523: shutdown FollowerState
2019-10-18 07:24:07,556 [Thread-10492] INFO  impl.RaftServerImpl (RaftServerImpl.java:setRole(184)) - 12ad0800-05cb-443c-9fdd-fa1debf04523@group-BCB82A5C07F5: changes role from  FOLLOWER to CANDIDATE at term 146 for changeToCandidate
2019-10-18 07:24:07,556 [Thread-10492] INFO  impl.RoleInfo (RoleInfo.java:updateAndGet(143)) - 12ad0800-05cb-443c-9fdd-fa1debf04523: start LeaderElection
2019-10-18 07:24:07,579 [12ad0800-05cb-443c-9fdd-fa1debf04523@group-BCB82A5C07F5-LeaderElection1193] INFO  impl.LeaderElection (LeaderElection.java:askForVotes(178)) - 12ad0800-05cb-443c-9fdd-fa1debf04523@group-BCB82A5C07F5-LeaderElection1193: begin an election at term 147 for -1: [12ad0800-05cb-443c-9fdd-fa1debf04523:192.168.34.25:41155, 5170c5f3-8499-4b42-9321-85fc8a351f79:192.168.34.25:43074, 0b10a9fc-47eb-4a2b-b664-8273d9d17379:192.168.34.25:45248], old=null
2019-10-18 07:24:07,580 [12ad0800-05cb-443c-9fdd-fa1debf04523@group-BCB82A5C07F5-LeaderElection1193] INFO  impl.LeaderElection (LogUtils.java:infoOrTrace(149)) - 12ad0800-05cb-443c-9fdd-fa1debf04523@group-BCB82A5C07F5-LeaderElection1193 got exception when requesting votes: {}
java.util.concurrent.ExecutionException: org.apache.ratis.thirdparty.io.grpc.StatusRuntimeException: UNAVAILABLE: io exception
	at java.util.concurrent.FutureTask.report(FutureTask.java:122)
	at java.util.concurrent.FutureTask.get(FutureTask.java:192)
	at org.apache.ratis.server.impl.LeaderElection.waitForResults(LeaderElection.java:259)
	at org.apache.ratis.server.impl.LeaderElection.askForVotes(LeaderElection.java:197)
	at org.apache.ratis.server.impl.LeaderElection.run(LeaderElection.java:133)
	at java.lang.Thread.run(Thread.java:748)
Caused by: org.apache.ratis.thirdparty.io.grpc.StatusRuntimeException: UNAVAILABLE: io exception
	at org.apache.ratis.thirdparty.io.grpc.stub.ClientCalls.toStatusRuntimeException(ClientCalls.java:233)
	at org.apache.ratis.thirdparty.io.grpc.stub.ClientCalls.getUnchecked(ClientCalls.java:214)
	at org.apache.ratis.thirdparty.io.grpc.stub.ClientCalls.blockingUnaryCall(ClientCalls.java:139)
	at org.apache.ratis.proto.grpc.RaftServerProtocolServiceGrpc$RaftServerProtocolServiceBlockingStub.requestVote(RaftServerProtocolServiceGrpc.java:265)
	at org.apache.ratis.grpc.server.GrpcServerProtocolClient.requestVote(GrpcServerProtocolClient.java:99)
	at org.apache.ratis.grpc.server.GrpcService.requestVote(GrpcService.java:204)
	at org.apache.ratis.server.impl.LeaderElection.lambda$submitRequests$1(LeaderElection.java:234)
	at java.util.concurrent.FutureTask.run(FutureTask.java:266)
	at java.util.concurrent.Executors$RunnableAdapter.call(Executors.java:511)
	at java.util.concurrent.FutureTask.run(FutureTask.java:266)
	at java.util.concurrent.ThreadPoolExecutor.runWorker(ThreadPoolExecutor.java:1149)
	at java.util.concurrent.ThreadPoolExecutor$Worker.run(ThreadPoolExecutor.java:624)
	... 1 more
Caused by: org.apache.ratis.thirdparty.io.netty.channel.AbstractChannel$AnnotatedConnectException: Connection refused: /192.168.34.25:45248
	at sun.nio.ch.SocketChannelImpl.checkConnect(Native Method)
	at sun.nio.ch.SocketChannelImpl.finishConnect(SocketChannelImpl.java:717)
	at org.apache.ratis.thirdparty.io.netty.channel.socket.nio.NioSocketChannel.doFinishConnect(NioSocketChannel.java:327)
	at org.apache.ratis.thirdparty.io.netty.channel.nio.AbstractNioChannel$AbstractNioUnsafe.finishConnect(AbstractNioChannel.java:340)
	at org.apache.ratis.thirdparty.io.netty.channel.nio.NioEventLoop.processSelectedKey(NioEventLoop.java:632)
	at org.apache.ratis.thirdparty.io.netty.channel.nio.NioEventLoop.processSelectedKeysOptimized(NioEventLoop.java:579)
	at org.apache.ratis.thirdparty.io.netty.channel.nio.NioEventLoop.processSelectedKeys(NioEventLoop.java:496)
	at org.apache.ratis.thirdparty.io.netty.channel.nio.NioEventLoop.run(NioEventLoop.java:458)
	at org.apache.ratis.thirdparty.io.netty.util.concurrent.SingleThreadEventExecutor$5.run(SingleThreadEventExecutor.java:897)
	at org.apache.ratis.thirdparty.io.netty.util.concurrent.FastThreadLocalRunnable.run(FastThreadLocalRunnable.java:30)
	... 1 more
Caused by: java.net.ConnectException: Connection refused
	... 11 more
2019-10-18 07:24:07,581 [grpc-default-executor-14] INFO  impl.RaftServerImpl (RaftServerImpl.java:setRole(184)) - 5170c5f3-8499-4b42-9321-85fc8a351f79@group-BCB82A5C07F5: changes role from  FOLLOWER to FOLLOWER at term 147 for recognizeCandidate:12ad0800-05cb-443c-9fdd-fa1debf04523
2019-10-18 07:24:07,581 [grpc-default-executor-14] INFO  impl.RoleInfo (RoleInfo.java:shutdownFollowerState(121)) - 5170c5f3-8499-4b42-9321-85fc8a351f79: shutdown FollowerState
2019-10-18 07:24:07,581 [grpc-default-executor-14] INFO  impl.RoleInfo (RoleInfo.java:updateAndGet(143)) - 5170c5f3-8499-4b42-9321-85fc8a351f79: start FollowerState
2019-10-18 07:24:07,581 [Thread-10489] INFO  impl.FollowerState (FollowerState.java:run(117)) - 5170c5f3-8499-4b42-9321-85fc8a351f79@group-BCB82A5C07F5-FollowerState was interrupted: java.lang.InterruptedException: sleep interrupted
2019-10-18 07:24:07,589 [Thread-10495] INFO  impl.FollowerState (FollowerState.java:run(108)) - 4dea926d-4bc6-487a-9b9b-9fd457d0fae4@group-0C9C3B2D0CC1-FollowerState: change to CANDIDATE, lastRpcTime:130ms, electionTimeout:130ms
2019-10-18 07:24:07,589 [Thread-10495] INFO  impl.RoleInfo (RoleInfo.java:shutdownFollowerState(121)) - 4dea926d-4bc6-487a-9b9b-9fd457d0fae4: shutdown FollowerState
2019-10-18 07:24:07,589 [Thread-10495] INFO  impl.RaftServerImpl (RaftServerImpl.java:setRole(184)) - 4dea926d-4bc6-487a-9b9b-9fd457d0fae4@group-0C9C3B2D0CC1: changes role from  FOLLOWER to CANDIDATE at term 137 for changeToCandidate
2019-10-18 07:24:07,590 [Thread-10495] INFO  impl.RoleInfo (RoleInfo.java:updateAndGet(143)) - 4dea926d-4bc6-487a-9b9b-9fd457d0fae4: start LeaderElection
2019-10-18 07:24:07,604 [4dea926d-4bc6-487a-9b9b-9fd457d0fae4@group-0C9C3B2D0CC1-LeaderElection1194] INFO  impl.LeaderElection (LeaderElection.java:askForVotes(178)) - 4dea926d-4bc6-487a-9b9b-9fd457d0fae4@group-0C9C3B2D0CC1-LeaderElection1194: begin an election at term 138 for -1: [6633f50a-7046-4b08-9937-8e25f1b14b15:192.168.34.25:39338, 67270882-100a-4e75-928d-618d17e069c8:192.168.34.25:36648, 4dea926d-4bc6-487a-9b9b-9fd457d0fae4:192.168.34.25:41624], old=null
2019-10-18 07:24:07,605 [12ad0800-05cb-443c-9fdd-fa1debf04523@group-BCB82A5C07F5-LeaderElection1193] INFO  impl.LeaderElection (LeaderElection.java:logAndReturn(56)) - 12ad0800-05cb-443c-9fdd-fa1debf04523@group-BCB82A5C07F5-LeaderElection1193: Election REJECTED; received 1 response(s) [12ad0800-05cb-443c-9fdd-fa1debf04523<-5170c5f3-8499-4b42-9321-85fc8a351f79#0:FAIL-t147] and 1 exception(s); 12ad0800-05cb-443c-9fdd-fa1debf04523@group-BCB82A5C07F5:t147, leader=null, voted=12ad0800-05cb-443c-9fdd-fa1debf04523, raftlog=12ad0800-05cb-443c-9fdd-fa1debf04523@group-BCB82A5C07F5-SegmentedRaftLog:OPENED:c-1,f-1,i0, conf=-1: [12ad0800-05cb-443c-9fdd-fa1debf04523:192.168.34.25:41155, 5170c5f3-8499-4b42-9321-85fc8a351f79:192.168.34.25:43074, 0b10a9fc-47eb-4a2b-b664-8273d9d17379:192.168.34.25:45248], old=null
2019-10-18 07:24:07,605 [12ad0800-05cb-443c-9fdd-fa1debf04523@group-BCB82A5C07F5-LeaderElection1193] INFO  impl.LeaderElection (LogUtils.java:infoOrTrace(149)) -   Exception 0: {}
java.util.concurrent.ExecutionException: org.apache.ratis.thirdparty.io.grpc.StatusRuntimeException: UNAVAILABLE: io exception
	at java.util.concurrent.FutureTask.report(FutureTask.java:122)
	at java.util.concurrent.FutureTask.get(FutureTask.java:192)
	at org.apache.ratis.server.impl.LeaderElection.waitForResults(LeaderElection.java:259)
	at org.apache.ratis.server.impl.LeaderElection.askForVotes(LeaderElection.java:197)
	at org.apache.ratis.server.impl.LeaderElection.run(LeaderElection.java:133)
	at java.lang.Thread.run(Thread.java:748)
Caused by: org.apache.ratis.thirdparty.io.grpc.StatusRuntimeException: UNAVAILABLE: io exception
	at org.apache.ratis.thirdparty.io.grpc.stub.ClientCalls.toStatusRuntimeException(ClientCalls.java:233)
	at org.apache.ratis.thirdparty.io.grpc.stub.ClientCalls.getUnchecked(ClientCalls.java:214)
	at org.apache.ratis.thirdparty.io.grpc.stub.ClientCalls.blockingUnaryCall(ClientCalls.java:139)
	at org.apache.ratis.proto.grpc.RaftServerProtocolServiceGrpc$RaftServerProtocolServiceBlockingStub.requestVote(RaftServerProtocolServiceGrpc.java:265)
	at org.apache.ratis.grpc.server.GrpcServerProtocolClient.requestVote(GrpcServerProtocolClient.java:99)
	at org.apache.ratis.grpc.server.GrpcService.requestVote(GrpcService.java:204)
	at org.apache.ratis.server.impl.LeaderElection.lambda$submitRequests$1(LeaderElection.java:234)
	at java.util.concurrent.FutureTask.run(FutureTask.java:266)
	at java.util.concurrent.Executors$RunnableAdapter.call(Executors.java:511)
	at java.util.concurrent.FutureTask.run(FutureTask.java:266)
	at java.util.concurrent.ThreadPoolExecutor.runWorker(ThreadPoolExecutor.java:1149)
	at java.util.concurrent.ThreadPoolExecutor$Worker.run(ThreadPoolExecutor.java:624)
	... 1 more
Caused by: org.apache.ratis.thirdparty.io.netty.channel.AbstractChannel$AnnotatedConnectException: Connection refused: /192.168.34.25:45248
	at sun.nio.ch.SocketChannelImpl.checkConnect(Native Method)
	at sun.nio.ch.SocketChannelImpl.finishConnect(SocketChannelImpl.java:717)
	at org.apache.ratis.thirdparty.io.netty.channel.socket.nio.NioSocketChannel.doFinishConnect(NioSocketChannel.java:327)
	at org.apache.ratis.thirdparty.io.netty.channel.nio.AbstractNioChannel$AbstractNioUnsafe.finishConnect(AbstractNioChannel.java:340)
	at org.apache.ratis.thirdparty.io.netty.channel.nio.NioEventLoop.processSelectedKey(NioEventLoop.java:632)
	at org.apache.ratis.thirdparty.io.netty.channel.nio.NioEventLoop.processSelectedKeysOptimized(NioEventLoop.java:579)
	at org.apache.ratis.thirdparty.io.netty.channel.nio.NioEventLoop.processSelectedKeys(NioEventLoop.java:496)
	at org.apache.ratis.thirdparty.io.netty.channel.nio.NioEventLoop.run(NioEventLoop.java:458)
	at org.apache.ratis.thirdparty.io.netty.util.concurrent.SingleThreadEventExecutor$5.run(SingleThreadEventExecutor.java:897)
	at org.apache.ratis.thirdparty.io.netty.util.concurrent.FastThreadLocalRunnable.run(FastThreadLocalRunnable.java:30)
	... 1 more
Caused by: java.net.ConnectException: Connection refused
	... 11 more
2019-10-18 07:24:07,605 [12ad0800-05cb-443c-9fdd-fa1debf04523@group-BCB82A5C07F5-LeaderElection1193] INFO  impl.RaftServerImpl (RaftServerImpl.java:setRole(184)) - 12ad0800-05cb-443c-9fdd-fa1debf04523@group-BCB82A5C07F5: changes role from CANDIDATE to FOLLOWER at term 147 for DISCOVERED_A_NEW_TERM
2019-10-18 07:24:07,605 [12ad0800-05cb-443c-9fdd-fa1debf04523@group-BCB82A5C07F5-LeaderElection1193] INFO  impl.RoleInfo (RoleInfo.java:shutdownLeaderElection(134)) - 12ad0800-05cb-443c-9fdd-fa1debf04523: shutdown LeaderElection
2019-10-18 07:24:07,605 [grpc-default-executor-14] INFO  impl.RaftServerImpl (RaftServerImpl.java:setRole(184)) - 6633f50a-7046-4b08-9937-8e25f1b14b15@group-0C9C3B2D0CC1: changes role from  FOLLOWER to FOLLOWER at term 138 for recognizeCandidate:4dea926d-4bc6-487a-9b9b-9fd457d0fae4
2019-10-18 07:24:07,606 [grpc-default-executor-14] INFO  impl.RoleInfo (RoleInfo.java:shutdownFollowerState(121)) - 6633f50a-7046-4b08-9937-8e25f1b14b15: shutdown FollowerState
2019-10-18 07:24:07,605 [12ad0800-05cb-443c-9fdd-fa1debf04523@group-BCB82A5C07F5-LeaderElection1193] INFO  impl.RoleInfo (RoleInfo.java:updateAndGet(143)) - 12ad0800-05cb-443c-9fdd-fa1debf04523: start FollowerState
2019-10-18 07:24:07,606 [grpc-default-executor-11] INFO  impl.RaftServerImpl (RaftServerImpl.java:setRole(184)) - 67270882-100a-4e75-928d-618d17e069c8@group-0C9C3B2D0CC1: changes role from  FOLLOWER to FOLLOWER at term 138 for recognizeCandidate:4dea926d-4bc6-487a-9b9b-9fd457d0fae4
2019-10-18 07:24:07,606 [grpc-default-executor-11] INFO  impl.RoleInfo (RoleInfo.java:shutdownFollowerState(121)) - 67270882-100a-4e75-928d-618d17e069c8: shutdown FollowerState
2019-10-18 07:24:07,606 [grpc-default-executor-14] INFO  impl.RoleInfo (RoleInfo.java:updateAndGet(143)) - 6633f50a-7046-4b08-9937-8e25f1b14b15: start FollowerState
2019-10-18 07:24:07,606 [Thread-10494] INFO  impl.FollowerState (FollowerState.java:run(117)) - 67270882-100a-4e75-928d-618d17e069c8@group-0C9C3B2D0CC1-FollowerState was interrupted: java.lang.InterruptedException: sleep interrupted
2019-10-18 07:24:07,606 [grpc-default-executor-11] INFO  impl.RoleInfo (RoleInfo.java:updateAndGet(143)) - 67270882-100a-4e75-928d-618d17e069c8: start FollowerState
2019-10-18 07:24:07,606 [Thread-10493] INFO  impl.FollowerState (FollowerState.java:run(117)) - 6633f50a-7046-4b08-9937-8e25f1b14b15@group-0C9C3B2D0CC1-FollowerState was interrupted: java.lang.InterruptedException: sleep interrupted
2019-10-18 07:24:07,637 [4dea926d-4bc6-487a-9b9b-9fd457d0fae4@group-0C9C3B2D0CC1-LeaderElection1194] INFO  impl.LeaderElection (LeaderElection.java:logAndReturn(56)) - 4dea926d-4bc6-487a-9b9b-9fd457d0fae4@group-0C9C3B2D0CC1-LeaderElection1194: Election REJECTED; received 2 response(s) [4dea926d-4bc6-487a-9b9b-9fd457d0fae4<-6633f50a-7046-4b08-9937-8e25f1b14b15#0:FAIL-t138, 4dea926d-4bc6-487a-9b9b-9fd457d0fae4<-67270882-100a-4e75-928d-618d17e069c8#0:FAIL-t138] and 0 exception(s); 4dea926d-4bc6-487a-9b9b-9fd457d0fae4@group-0C9C3B2D0CC1:t138, leader=null, voted=4dea926d-4bc6-487a-9b9b-9fd457d0fae4, raftlog=4dea926d-4bc6-487a-9b9b-9fd457d0fae4@group-0C9C3B2D0CC1-SegmentedRaftLog:OPENED:c-1,f-1,i0, conf=-1: [6633f50a-7046-4b08-9937-8e25f1b14b15:192.168.34.25:39338, 67270882-100a-4e75-928d-618d17e069c8:192.168.34.25:36648, 4dea926d-4bc6-487a-9b9b-9fd457d0fae4:192.168.34.25:41624], old=null
2019-10-18 07:24:07,637 [4dea926d-4bc6-487a-9b9b-9fd457d0fae4@group-0C9C3B2D0CC1-LeaderElection1194] INFO  impl.RaftServerImpl (RaftServerImpl.java:setRole(184)) - 4dea926d-4bc6-487a-9b9b-9fd457d0fae4@group-0C9C3B2D0CC1: changes role from CANDIDATE to FOLLOWER at term 138 for DISCOVERED_A_NEW_TERM
2019-10-18 07:24:07,637 [4dea926d-4bc6-487a-9b9b-9fd457d0fae4@group-0C9C3B2D0CC1-LeaderElection1194] INFO  impl.RoleInfo (RoleInfo.java:shutdownLeaderElection(134)) - 4dea926d-4bc6-487a-9b9b-9fd457d0fae4: shutdown LeaderElection
2019-10-18 07:24:07,637 [4dea926d-4bc6-487a-9b9b-9fd457d0fae4@group-0C9C3B2D0CC1-LeaderElection1194] INFO  impl.RoleInfo (RoleInfo.java:updateAndGet(143)) - 4dea926d-4bc6-487a-9b9b-9fd457d0fae4: start FollowerState
2019-10-18 07:24:07,663 [Thread-10503] INFO  impl.FollowerState (FollowerState.java:run(108)) - 12ad0800-05cb-443c-9fdd-fa1debf04523@group-BCB82A5C07F5-FollowerState: change to CANDIDATE, lastRpcTime:57ms, electionTimeout:57ms
2019-10-18 07:24:07,663 [Thread-10503] INFO  impl.RoleInfo (RoleInfo.java:shutdownFollowerState(121)) - 12ad0800-05cb-443c-9fdd-fa1debf04523: shutdown FollowerState
2019-10-18 07:24:07,663 [Thread-10503] INFO  impl.RaftServerImpl (RaftServerImpl.java:setRole(184)) - 12ad0800-05cb-443c-9fdd-fa1debf04523@group-BCB82A5C07F5: changes role from  FOLLOWER to CANDIDATE at term 147 for changeToCandidate
2019-10-18 07:24:07,664 [Thread-10503] INFO  impl.RoleInfo (RoleInfo.java:updateAndGet(143)) - 12ad0800-05cb-443c-9fdd-fa1debf04523: start LeaderElection
2019-10-18 07:24:07,686 [12ad0800-05cb-443c-9fdd-fa1debf04523@group-BCB82A5C07F5-LeaderElection1195] INFO  impl.LeaderElection (LeaderElection.java:askForVotes(178)) - 12ad0800-05cb-443c-9fdd-fa1debf04523@group-BCB82A5C07F5-LeaderElection1195: begin an election at term 148 for -1: [12ad0800-05cb-443c-9fdd-fa1debf04523:192.168.34.25:41155, 5170c5f3-8499-4b42-9321-85fc8a351f79:192.168.34.25:43074, 0b10a9fc-47eb-4a2b-b664-8273d9d17379:192.168.34.25:45248], old=null
2019-10-18 07:24:07,687 [12ad0800-05cb-443c-9fdd-fa1debf04523@group-BCB82A5C07F5-LeaderElection1195] INFO  impl.LeaderElection (LogUtils.java:infoOrTrace(149)) - 12ad0800-05cb-443c-9fdd-fa1debf04523@group-BCB82A5C07F5-LeaderElection1195 got exception when requesting votes: {}
java.util.concurrent.ExecutionException: org.apache.ratis.thirdparty.io.grpc.StatusRuntimeException: UNAVAILABLE: io exception
	at java.util.concurrent.FutureTask.report(FutureTask.java:122)
	at java.util.concurrent.FutureTask.get(FutureTask.java:192)
	at org.apache.ratis.server.impl.LeaderElection.waitForResults(LeaderElection.java:259)
	at org.apache.ratis.server.impl.LeaderElection.askForVotes(LeaderElection.java:197)
	at org.apache.ratis.server.impl.LeaderElection.run(LeaderElection.java:133)
	at java.lang.Thread.run(Thread.java:748)
Caused by: org.apache.ratis.thirdparty.io.grpc.StatusRuntimeException: UNAVAILABLE: io exception
	at org.apache.ratis.thirdparty.io.grpc.stub.ClientCalls.toStatusRuntimeException(ClientCalls.java:233)
	at org.apache.ratis.thirdparty.io.grpc.stub.ClientCalls.getUnchecked(ClientCalls.java:214)
	at org.apache.ratis.thirdparty.io.grpc.stub.ClientCalls.blockingUnaryCall(ClientCalls.java:139)
	at org.apache.ratis.proto.grpc.RaftServerProtocolServiceGrpc$RaftServerProtocolServiceBlockingStub.requestVote(RaftServerProtocolServiceGrpc.java:265)
	at org.apache.ratis.grpc.server.GrpcServerProtocolClient.requestVote(GrpcServerProtocolClient.java:99)
	at org.apache.ratis.grpc.server.GrpcService.requestVote(GrpcService.java:204)
	at org.apache.ratis.server.impl.LeaderElection.lambda$submitRequests$1(LeaderElection.java:234)
	at java.util.concurrent.FutureTask.run(FutureTask.java:266)
	at java.util.concurrent.Executors$RunnableAdapter.call(Executors.java:511)
	at java.util.concurrent.FutureTask.run(FutureTask.java:266)
	at java.util.concurrent.ThreadPoolExecutor.runWorker(ThreadPoolExecutor.java:1149)
	at java.util.concurrent.ThreadPoolExecutor$Worker.run(ThreadPoolExecutor.java:624)
	... 1 more
Caused by: org.apache.ratis.thirdparty.io.netty.channel.AbstractChannel$AnnotatedConnectException: Connection refused: /192.168.34.25:45248
	at sun.nio.ch.SocketChannelImpl.checkConnect(Native Method)
	at sun.nio.ch.SocketChannelImpl.finishConnect(SocketChannelImpl.java:717)
	at org.apache.ratis.thirdparty.io.netty.channel.socket.nio.NioSocketChannel.doFinishConnect(NioSocketChannel.java:327)
	at org.apache.ratis.thirdparty.io.netty.channel.nio.AbstractNioChannel$AbstractNioUnsafe.finishConnect(AbstractNioChannel.java:340)
	at org.apache.ratis.thirdparty.io.netty.channel.nio.NioEventLoop.processSelectedKey(NioEventLoop.java:632)
	at org.apache.ratis.thirdparty.io.netty.channel.nio.NioEventLoop.processSelectedKeysOptimized(NioEventLoop.java:579)
	at org.apache.ratis.thirdparty.io.netty.channel.nio.NioEventLoop.processSelectedKeys(NioEventLoop.java:496)
	at org.apache.ratis.thirdparty.io.netty.channel.nio.NioEventLoop.run(NioEventLoop.java:458)
	at org.apache.ratis.thirdparty.io.netty.util.concurrent.SingleThreadEventExecutor$5.run(SingleThreadEventExecutor.java:897)
	at org.apache.ratis.thirdparty.io.netty.util.concurrent.FastThreadLocalRunnable.run(FastThreadLocalRunnable.java:30)
	... 1 more
Caused by: java.net.ConnectException: Connection refused
	... 11 more
2019-10-18 07:24:07,688 [grpc-default-executor-14] INFO  impl.RaftServerImpl (RaftServerImpl.java:setRole(184)) - 5170c5f3-8499-4b42-9321-85fc8a351f79@group-BCB82A5C07F5: changes role from  FOLLOWER to FOLLOWER at term 148 for recognizeCandidate:12ad0800-05cb-443c-9fdd-fa1debf04523
2019-10-18 07:24:07,688 [grpc-default-executor-14] INFO  impl.RoleInfo (RoleInfo.java:shutdownFollowerState(121)) - 5170c5f3-8499-4b42-9321-85fc8a351f79: shutdown FollowerState
2019-10-18 07:24:07,688 [grpc-default-executor-14] INFO  impl.RoleInfo (RoleInfo.java:updateAndGet(143)) - 5170c5f3-8499-4b42-9321-85fc8a351f79: start FollowerState
2019-10-18 07:24:07,688 [Thread-10499] INFO  impl.FollowerState (FollowerState.java:run(117)) - 5170c5f3-8499-4b42-9321-85fc8a351f79@group-BCB82A5C07F5-FollowerState was interrupted: java.lang.InterruptedException: sleep interrupted
2019-10-18 07:24:07,712 [12ad0800-05cb-443c-9fdd-fa1debf04523@group-BCB82A5C07F5-LeaderElection1195] INFO  impl.LeaderElection (LeaderElection.java:logAndReturn(56)) - 12ad0800-05cb-443c-9fdd-fa1debf04523@group-BCB82A5C07F5-LeaderElection1195: Election REJECTED; received 1 response(s) [12ad0800-05cb-443c-9fdd-fa1debf04523<-5170c5f3-8499-4b42-9321-85fc8a351f79#0:FAIL-t148] and 1 exception(s); 12ad0800-05cb-443c-9fdd-fa1debf04523@group-BCB82A5C07F5:t148, leader=null, voted=12ad0800-05cb-443c-9fdd-fa1debf04523, raftlog=12ad0800-05cb-443c-9fdd-fa1debf04523@group-BCB82A5C07F5-SegmentedRaftLog:OPENED:c-1,f-1,i0, conf=-1: [12ad0800-05cb-443c-9fdd-fa1debf04523:192.168.34.25:41155, 5170c5f3-8499-4b42-9321-85fc8a351f79:192.168.34.25:43074, 0b10a9fc-47eb-4a2b-b664-8273d9d17379:192.168.34.25:45248], old=null
2019-10-18 07:24:07,712 [12ad0800-05cb-443c-9fdd-fa1debf04523@group-BCB82A5C07F5-LeaderElection1195] INFO  impl.LeaderElection (LogUtils.java:infoOrTrace(149)) -   Exception 0: {}
java.util.concurrent.ExecutionException: org.apache.ratis.thirdparty.io.grpc.StatusRuntimeException: UNAVAILABLE: io exception
	at java.util.concurrent.FutureTask.report(FutureTask.java:122)
	at java.util.concurrent.FutureTask.get(FutureTask.java:192)
	at org.apache.ratis.server.impl.LeaderElection.waitForResults(LeaderElection.java:259)
	at org.apache.ratis.server.impl.LeaderElection.askForVotes(LeaderElection.java:197)
	at org.apache.ratis.server.impl.LeaderElection.run(LeaderElection.java:133)
	at java.lang.Thread.run(Thread.java:748)
Caused by: org.apache.ratis.thirdparty.io.grpc.StatusRuntimeException: UNAVAILABLE: io exception
	at org.apache.ratis.thirdparty.io.grpc.stub.ClientCalls.toStatusRuntimeException(ClientCalls.java:233)
	at org.apache.ratis.thirdparty.io.grpc.stub.ClientCalls.getUnchecked(ClientCalls.java:214)
	at org.apache.ratis.thirdparty.io.grpc.stub.ClientCalls.blockingUnaryCall(ClientCalls.java:139)
	at org.apache.ratis.proto.grpc.RaftServerProtocolServiceGrpc$RaftServerProtocolServiceBlockingStub.requestVote(RaftServerProtocolServiceGrpc.java:265)
	at org.apache.ratis.grpc.server.GrpcServerProtocolClient.requestVote(GrpcServerProtocolClient.java:99)
	at org.apache.ratis.grpc.server.GrpcService.requestVote(GrpcService.java:204)
	at org.apache.ratis.server.impl.LeaderElection.lambda$submitRequests$1(LeaderElection.java:234)
	at java.util.concurrent.FutureTask.run(FutureTask.java:266)
	at java.util.concurrent.Executors$RunnableAdapter.call(Executors.java:511)
	at java.util.concurrent.FutureTask.run(FutureTask.java:266)
	at java.util.concurrent.ThreadPoolExecutor.runWorker(ThreadPoolExecutor.java:1149)
	at java.util.concurrent.ThreadPoolExecutor$Worker.run(ThreadPoolExecutor.java:624)
	... 1 more
Caused by: org.apache.ratis.thirdparty.io.netty.channel.AbstractChannel$AnnotatedConnectException: Connection refused: /192.168.34.25:45248
	at sun.nio.ch.SocketChannelImpl.checkConnect(Native Method)
	at sun.nio.ch.SocketChannelImpl.finishConnect(SocketChannelImpl.java:717)
	at org.apache.ratis.thirdparty.io.netty.channel.socket.nio.NioSocketChannel.doFinishConnect(NioSocketChannel.java:327)
	at org.apache.ratis.thirdparty.io.netty.channel.nio.AbstractNioChannel$AbstractNioUnsafe.finishConnect(AbstractNioChannel.java:340)
	at org.apache.ratis.thirdparty.io.netty.channel.nio.NioEventLoop.processSelectedKey(NioEventLoop.java:632)
	at org.apache.ratis.thirdparty.io.netty.channel.nio.NioEventLoop.processSelectedKeysOptimized(NioEventLoop.java:579)
	at org.apache.ratis.thirdparty.io.netty.channel.nio.NioEventLoop.processSelectedKeys(NioEventLoop.java:496)
	at org.apache.ratis.thirdparty.io.netty.channel.nio.NioEventLoop.run(NioEventLoop.java:458)
	at org.apache.ratis.thirdparty.io.netty.util.concurrent.SingleThreadEventExecutor$5.run(SingleThreadEventExecutor.java:897)
	at org.apache.ratis.thirdparty.io.netty.util.concurrent.FastThreadLocalRunnable.run(FastThreadLocalRunnable.java:30)
	... 1 more
Caused by: java.net.ConnectException: Connection refused
	... 11 more
2019-10-18 07:24:07,712 [12ad0800-05cb-443c-9fdd-fa1debf04523@group-BCB82A5C07F5-LeaderElection1195] INFO  impl.RaftServerImpl (RaftServerImpl.java:setRole(184)) - 12ad0800-05cb-443c-9fdd-fa1debf04523@group-BCB82A5C07F5: changes role from CANDIDATE to FOLLOWER at term 148 for DISCOVERED_A_NEW_TERM
2019-10-18 07:24:07,712 [12ad0800-05cb-443c-9fdd-fa1debf04523@group-BCB82A5C07F5-LeaderElection1195] INFO  impl.RoleInfo (RoleInfo.java:shutdownLeaderElection(134)) - 12ad0800-05cb-443c-9fdd-fa1debf04523: shutdown LeaderElection
2019-10-18 07:24:07,712 [12ad0800-05cb-443c-9fdd-fa1debf04523@group-BCB82A5C07F5-LeaderElection1195] INFO  impl.RoleInfo (RoleInfo.java:updateAndGet(143)) - 12ad0800-05cb-443c-9fdd-fa1debf04523: start FollowerState
2019-10-18 07:24:07,813 [Thread-10511] INFO  impl.FollowerState (FollowerState.java:run(108)) - 12ad0800-05cb-443c-9fdd-fa1debf04523@group-BCB82A5C07F5-FollowerState: change to CANDIDATE, lastRpcTime:100ms, electionTimeout:100ms
2019-10-18 07:24:07,813 [Thread-10511] INFO  impl.RoleInfo (RoleInfo.java:shutdownFollowerState(121)) - 12ad0800-05cb-443c-9fdd-fa1debf04523: shutdown FollowerState
2019-10-18 07:24:07,813 [Thread-10511] INFO  impl.RaftServerImpl (RaftServerImpl.java:setRole(184)) - 12ad0800-05cb-443c-9fdd-fa1debf04523@group-BCB82A5C07F5: changes role from  FOLLOWER to CANDIDATE at term 148 for changeToCandidate
2019-10-18 07:24:07,813 [Thread-10511] INFO  impl.RoleInfo (RoleInfo.java:updateAndGet(143)) - 12ad0800-05cb-443c-9fdd-fa1debf04523: start LeaderElection
2019-10-18 07:24:07,820 [Thread-10506] INFO  impl.FollowerState (FollowerState.java:run(108)) - 4dea926d-4bc6-487a-9b9b-9fd457d0fae4@group-0C9C3B2D0CC1-FollowerState: change to CANDIDATE, lastRpcTime:182ms, electionTimeout:182ms
2019-10-18 07:24:07,820 [Thread-10506] INFO  impl.RoleInfo (RoleInfo.java:shutdownFollowerState(121)) - 4dea926d-4bc6-487a-9b9b-9fd457d0fae4: shutdown FollowerState
2019-10-18 07:24:07,820 [Thread-10506] INFO  impl.RaftServerImpl (RaftServerImpl.java:setRole(184)) - 4dea926d-4bc6-487a-9b9b-9fd457d0fae4@group-0C9C3B2D0CC1: changes role from  FOLLOWER to CANDIDATE at term 138 for changeToCandidate
2019-10-18 07:24:07,820 [Thread-10506] INFO  impl.RoleInfo (RoleInfo.java:updateAndGet(143)) - 4dea926d-4bc6-487a-9b9b-9fd457d0fae4: start LeaderElection
2019-10-18 07:24:07,852 [12ad0800-05cb-443c-9fdd-fa1debf04523@group-BCB82A5C07F5-LeaderElection1196] INFO  impl.LeaderElection (LeaderElection.java:askForVotes(178)) - 12ad0800-05cb-443c-9fdd-fa1debf04523@group-BCB82A5C07F5-LeaderElection1196: begin an election at term 149 for -1: [12ad0800-05cb-443c-9fdd-fa1debf04523:192.168.34.25:41155, 5170c5f3-8499-4b42-9321-85fc8a351f79:192.168.34.25:43074, 0b10a9fc-47eb-4a2b-b664-8273d9d17379:192.168.34.25:45248], old=null
2019-10-18 07:24:07,852 [4dea926d-4bc6-487a-9b9b-9fd457d0fae4@group-0C9C3B2D0CC1-LeaderElection1197] INFO  impl.LeaderElection (LeaderElection.java:askForVotes(178)) - 4dea926d-4bc6-487a-9b9b-9fd457d0fae4@group-0C9C3B2D0CC1-LeaderElection1197: begin an election at term 139 for -1: [6633f50a-7046-4b08-9937-8e25f1b14b15:192.168.34.25:39338, 67270882-100a-4e75-928d-618d17e069c8:192.168.34.25:36648, 4dea926d-4bc6-487a-9b9b-9fd457d0fae4:192.168.34.25:41624], old=null
2019-10-18 07:24:07,853 [12ad0800-05cb-443c-9fdd-fa1debf04523@group-BCB82A5C07F5-LeaderElection1196] INFO  impl.LeaderElection (LogUtils.java:infoOrTrace(149)) - 12ad0800-05cb-443c-9fdd-fa1debf04523@group-BCB82A5C07F5-LeaderElection1196 got exception when requesting votes: {}
java.util.concurrent.ExecutionException: org.apache.ratis.thirdparty.io.grpc.StatusRuntimeException: UNAVAILABLE: io exception
	at java.util.concurrent.FutureTask.report(FutureTask.java:122)
	at java.util.concurrent.FutureTask.get(FutureTask.java:192)
	at org.apache.ratis.server.impl.LeaderElection.waitForResults(LeaderElection.java:259)
	at org.apache.ratis.server.impl.LeaderElection.askForVotes(LeaderElection.java:197)
	at org.apache.ratis.server.impl.LeaderElection.run(LeaderElection.java:133)
	at java.lang.Thread.run(Thread.java:748)
Caused by: org.apache.ratis.thirdparty.io.grpc.StatusRuntimeException: UNAVAILABLE: io exception
	at org.apache.ratis.thirdparty.io.grpc.stub.ClientCalls.toStatusRuntimeException(ClientCalls.java:233)
	at org.apache.ratis.thirdparty.io.grpc.stub.ClientCalls.getUnchecked(ClientCalls.java:214)
	at org.apache.ratis.thirdparty.io.grpc.stub.ClientCalls.blockingUnaryCall(ClientCalls.java:139)
	at org.apache.ratis.proto.grpc.RaftServerProtocolServiceGrpc$RaftServerProtocolServiceBlockingStub.requestVote(RaftServerProtocolServiceGrpc.java:265)
	at org.apache.ratis.grpc.server.GrpcServerProtocolClient.requestVote(GrpcServerProtocolClient.java:99)
	at org.apache.ratis.grpc.server.GrpcService.requestVote(GrpcService.java:204)
	at org.apache.ratis.server.impl.LeaderElection.lambda$submitRequests$1(LeaderElection.java:234)
	at java.util.concurrent.FutureTask.run(FutureTask.java:266)
	at java.util.concurrent.Executors$RunnableAdapter.call(Executors.java:511)
	at java.util.concurrent.FutureTask.run(FutureTask.java:266)
	at java.util.concurrent.ThreadPoolExecutor.runWorker(ThreadPoolExecutor.java:1149)
	at java.util.concurrent.ThreadPoolExecutor$Worker.run(ThreadPoolExecutor.java:624)
	... 1 more
Caused by: org.apache.ratis.thirdparty.io.netty.channel.AbstractChannel$AnnotatedConnectException: Connection refused: /192.168.34.25:45248
	at sun.nio.ch.SocketChannelImpl.checkConnect(Native Method)
	at sun.nio.ch.SocketChannelImpl.finishConnect(SocketChannelImpl.java:717)
	at org.apache.ratis.thirdparty.io.netty.channel.socket.nio.NioSocketChannel.doFinishConnect(NioSocketChannel.java:327)
	at org.apache.ratis.thirdparty.io.netty.channel.nio.AbstractNioChannel$AbstractNioUnsafe.finishConnect(AbstractNioChannel.java:340)
	at org.apache.ratis.thirdparty.io.netty.channel.nio.NioEventLoop.processSelectedKey(NioEventLoop.java:632)
	at org.apache.ratis.thirdparty.io.netty.channel.nio.NioEventLoop.processSelectedKeysOptimized(NioEventLoop.java:579)
	at org.apache.ratis.thirdparty.io.netty.channel.nio.NioEventLoop.processSelectedKeys(NioEventLoop.java:496)
	at org.apache.ratis.thirdparty.io.netty.channel.nio.NioEventLoop.run(NioEventLoop.java:458)
	at org.apache.ratis.thirdparty.io.netty.util.concurrent.SingleThreadEventExecutor$5.run(SingleThreadEventExecutor.java:897)
	at org.apache.ratis.thirdparty.io.netty.util.concurrent.FastThreadLocalRunnable.run(FastThreadLocalRunnable.java:30)
	... 1 more
Caused by: java.net.ConnectException: Connection refused
	... 11 more
2019-10-18 07:24:07,854 [grpc-default-executor-11] INFO  impl.RaftServerImpl (RaftServerImpl.java:setRole(184)) - 67270882-100a-4e75-928d-618d17e069c8@group-0C9C3B2D0CC1: changes role from  FOLLOWER to FOLLOWER at term 139 for recognizeCandidate:4dea926d-4bc6-487a-9b9b-9fd457d0fae4
2019-10-18 07:24:07,853 [grpc-default-executor-14] INFO  impl.RaftServerImpl (RaftServerImpl.java:setRole(184)) - 5170c5f3-8499-4b42-9321-85fc8a351f79@group-BCB82A5C07F5: changes role from  FOLLOWER to FOLLOWER at term 149 for recognizeCandidate:12ad0800-05cb-443c-9fdd-fa1debf04523
2019-10-18 07:24:07,854 [grpc-default-executor-14] INFO  impl.RoleInfo (RoleInfo.java:shutdownFollowerState(121)) - 5170c5f3-8499-4b42-9321-85fc8a351f79: shutdown FollowerState
2019-10-18 07:24:07,854 [grpc-default-executor-11] INFO  impl.RoleInfo (RoleInfo.java:shutdownFollowerState(121)) - 67270882-100a-4e75-928d-618d17e069c8: shutdown FollowerState
2019-10-18 07:24:07,854 [grpc-default-executor-14] INFO  impl.RoleInfo (RoleInfo.java:updateAndGet(143)) - 5170c5f3-8499-4b42-9321-85fc8a351f79: start FollowerState
2019-10-18 07:24:07,854 [Thread-10510] INFO  impl.FollowerState (FollowerState.java:run(117)) - 5170c5f3-8499-4b42-9321-85fc8a351f79@group-BCB82A5C07F5-FollowerState was interrupted: java.lang.InterruptedException: sleep interrupted
2019-10-18 07:24:07,854 [grpc-default-executor-12] INFO  impl.RaftServerImpl (RaftServerImpl.java:setRole(184)) - 6633f50a-7046-4b08-9937-8e25f1b14b15@group-0C9C3B2D0CC1: changes role from  FOLLOWER to FOLLOWER at term 139 for recognizeCandidate:4dea926d-4bc6-487a-9b9b-9fd457d0fae4
2019-10-18 07:24:07,855 [grpc-default-executor-12] INFO  impl.RoleInfo (RoleInfo.java:shutdownFollowerState(121)) - 6633f50a-7046-4b08-9937-8e25f1b14b15: shutdown FollowerState
2019-10-18 07:24:07,854 [Thread-10505] INFO  impl.FollowerState (FollowerState.java:run(117)) - 67270882-100a-4e75-928d-618d17e069c8@group-0C9C3B2D0CC1-FollowerState was interrupted: java.lang.InterruptedException: sleep interrupted
2019-10-18 07:24:07,855 [Thread-10504] INFO  impl.FollowerState (FollowerState.java:run(117)) - 6633f50a-7046-4b08-9937-8e25f1b14b15@group-0C9C3B2D0CC1-FollowerState was interrupted: java.lang.InterruptedException: sleep interrupted
2019-10-18 07:24:07,854 [grpc-default-executor-11] INFO  impl.RoleInfo (RoleInfo.java:updateAndGet(143)) - 67270882-100a-4e75-928d-618d17e069c8: start FollowerState
2019-10-18 07:24:07,855 [grpc-default-executor-12] INFO  impl.RoleInfo (RoleInfo.java:updateAndGet(143)) - 6633f50a-7046-4b08-9937-8e25f1b14b15: start FollowerState
2019-10-18 07:24:07,886 [4dea926d-4bc6-487a-9b9b-9fd457d0fae4@group-0C9C3B2D0CC1-LeaderElection1197] INFO  impl.LeaderElection (LeaderElection.java:logAndReturn(56)) - 4dea926d-4bc6-487a-9b9b-9fd457d0fae4@group-0C9C3B2D0CC1-LeaderElection1197: Election REJECTED; received 2 response(s) [4dea926d-4bc6-487a-9b9b-9fd457d0fae4<-6633f50a-7046-4b08-9937-8e25f1b14b15#0:FAIL-t139, 4dea926d-4bc6-487a-9b9b-9fd457d0fae4<-67270882-100a-4e75-928d-618d17e069c8#0:FAIL-t139] and 0 exception(s); 4dea926d-4bc6-487a-9b9b-9fd457d0fae4@group-0C9C3B2D0CC1:t139, leader=null, voted=4dea926d-4bc6-487a-9b9b-9fd457d0fae4, raftlog=4dea926d-4bc6-487a-9b9b-9fd457d0fae4@group-0C9C3B2D0CC1-SegmentedRaftLog:OPENED:c-1,f-1,i0, conf=-1: [6633f50a-7046-4b08-9937-8e25f1b14b15:192.168.34.25:39338, 67270882-100a-4e75-928d-618d17e069c8:192.168.34.25:36648, 4dea926d-4bc6-487a-9b9b-9fd457d0fae4:192.168.34.25:41624], old=null
2019-10-18 07:24:07,886 [12ad0800-05cb-443c-9fdd-fa1debf04523@group-BCB82A5C07F5-LeaderElection1196] INFO  impl.LeaderElection (LeaderElection.java:logAndReturn(56)) - 12ad0800-05cb-443c-9fdd-fa1debf04523@group-BCB82A5C07F5-LeaderElection1196: Election REJECTED; received 1 response(s) [12ad0800-05cb-443c-9fdd-fa1debf04523<-5170c5f3-8499-4b42-9321-85fc8a351f79#0:FAIL-t149] and 1 exception(s); 12ad0800-05cb-443c-9fdd-fa1debf04523@group-BCB82A5C07F5:t149, leader=null, voted=12ad0800-05cb-443c-9fdd-fa1debf04523, raftlog=12ad0800-05cb-443c-9fdd-fa1debf04523@group-BCB82A5C07F5-SegmentedRaftLog:OPENED:c-1,f-1,i0, conf=-1: [12ad0800-05cb-443c-9fdd-fa1debf04523:192.168.34.25:41155, 5170c5f3-8499-4b42-9321-85fc8a351f79:192.168.34.25:43074, 0b10a9fc-47eb-4a2b-b664-8273d9d17379:192.168.34.25:45248], old=null
2019-10-18 07:24:07,887 [12ad0800-05cb-443c-9fdd-fa1debf04523@group-BCB82A5C07F5-LeaderElection1196] INFO  impl.LeaderElection (LogUtils.java:infoOrTrace(149)) -   Exception 0: {}
java.util.concurrent.ExecutionException: org.apache.ratis.thirdparty.io.grpc.StatusRuntimeException: UNAVAILABLE: io exception
	at java.util.concurrent.FutureTask.report(FutureTask.java:122)
	at java.util.concurrent.FutureTask.get(FutureTask.java:192)
	at org.apache.ratis.server.impl.LeaderElection.waitForResults(LeaderElection.java:259)
	at org.apache.ratis.server.impl.LeaderElection.askForVotes(LeaderElection.java:197)
	at org.apache.ratis.server.impl.LeaderElection.run(LeaderElection.java:133)
	at java.lang.Thread.run(Thread.java:748)
Caused by: org.apache.ratis.thirdparty.io.grpc.StatusRuntimeException: UNAVAILABLE: io exception
	at org.apache.ratis.thirdparty.io.grpc.stub.ClientCalls.toStatusRuntimeException(ClientCalls.java:233)
	at org.apache.ratis.thirdparty.io.grpc.stub.ClientCalls.getUnchecked(ClientCalls.java:214)
	at org.apache.ratis.thirdparty.io.grpc.stub.ClientCalls.blockingUnaryCall(ClientCalls.java:139)
	at org.apache.ratis.proto.grpc.RaftServerProtocolServiceGrpc$RaftServerProtocolServiceBlockingStub.requestVote(RaftServerProtocolServiceGrpc.java:265)
	at org.apache.ratis.grpc.server.GrpcServerProtocolClient.requestVote(GrpcServerProtocolClient.java:99)
	at org.apache.ratis.grpc.server.GrpcService.requestVote(GrpcService.java:204)
	at org.apache.ratis.server.impl.LeaderElection.lambda$submitRequests$1(LeaderElection.java:234)
	at java.util.concurrent.FutureTask.run(FutureTask.java:266)
	at java.util.concurrent.Executors$RunnableAdapter.call(Executors.java:511)
	at java.util.concurrent.FutureTask.run(FutureTask.java:266)
	at java.util.concurrent.ThreadPoolExecutor.runWorker(ThreadPoolExecutor.java:1149)
	at java.util.concurrent.ThreadPoolExecutor$Worker.run(ThreadPoolExecutor.java:624)
	... 1 more
Caused by: org.apache.ratis.thirdparty.io.netty.channel.AbstractChannel$AnnotatedConnectException: Connection refused: /192.168.34.25:45248
	at sun.nio.ch.SocketChannelImpl.checkConnect(Native Method)
	at sun.nio.ch.SocketChannelImpl.finishConnect(SocketChannelImpl.java:717)
	at org.apache.ratis.thirdparty.io.netty.channel.socket.nio.NioSocketChannel.doFinishConnect(NioSocketChannel.java:327)
	at org.apache.ratis.thirdparty.io.netty.channel.nio.AbstractNioChannel$AbstractNioUnsafe.finishConnect(AbstractNioChannel.java:340)
	at org.apache.ratis.thirdparty.io.netty.channel.nio.NioEventLoop.processSelectedKey(NioEventLoop.java:632)
	at org.apache.ratis.thirdparty.io.netty.channel.nio.NioEventLoop.processSelectedKeysOptimized(NioEventLoop.java:579)
	at org.apache.ratis.thirdparty.io.netty.channel.nio.NioEventLoop.processSelectedKeys(NioEventLoop.java:496)
	at org.apache.ratis.thirdparty.io.netty.channel.nio.NioEventLoop.run(NioEventLoop.java:458)
	at org.apache.ratis.thirdparty.io.netty.util.concurrent.SingleThreadEventExecutor$5.run(SingleThreadEventExecutor.java:897)
	at org.apache.ratis.thirdparty.io.netty.util.concurrent.FastThreadLocalRunnable.run(FastThreadLocalRunnable.java:30)
	... 1 more
Caused by: java.net.ConnectException: Connection refused
	... 11 more
2019-10-18 07:24:07,886 [4dea926d-4bc6-487a-9b9b-9fd457d0fae4@group-0C9C3B2D0CC1-LeaderElection1197] INFO  impl.RaftServerImpl (RaftServerImpl.java:setRole(184)) - 4dea926d-4bc6-487a-9b9b-9fd457d0fae4@group-0C9C3B2D0CC1: changes role from CANDIDATE to FOLLOWER at term 139 for DISCOVERED_A_NEW_TERM
2019-10-18 07:24:07,887 [12ad0800-05cb-443c-9fdd-fa1debf04523@group-BCB82A5C07F5-LeaderElection1196] INFO  impl.RaftServerImpl (RaftServerImpl.java:setRole(184)) - 12ad0800-05cb-443c-9fdd-fa1debf04523@group-BCB82A5C07F5: changes role from CANDIDATE to FOLLOWER at term 149 for DISCOVERED_A_NEW_TERM
2019-10-18 07:24:07,887 [4dea926d-4bc6-487a-9b9b-9fd457d0fae4@group-0C9C3B2D0CC1-LeaderElection1197] INFO  impl.RoleInfo (RoleInfo.java:shutdownLeaderElection(134)) - 4dea926d-4bc6-487a-9b9b-9fd457d0fae4: shutdown LeaderElection
2019-10-18 07:24:07,887 [12ad0800-05cb-443c-9fdd-fa1debf04523@group-BCB82A5C07F5-LeaderElection1196] INFO  impl.RoleInfo (RoleInfo.java:shutdownLeaderElection(134)) - 12ad0800-05cb-443c-9fdd-fa1debf04523: shutdown LeaderElection
2019-10-18 07:24:07,887 [4dea926d-4bc6-487a-9b9b-9fd457d0fae4@group-0C9C3B2D0CC1-LeaderElection1197] INFO  impl.RoleInfo (RoleInfo.java:updateAndGet(143)) - 4dea926d-4bc6-487a-9b9b-9fd457d0fae4: start FollowerState
2019-10-18 07:24:07,887 [12ad0800-05cb-443c-9fdd-fa1debf04523@group-BCB82A5C07F5-LeaderElection1196] INFO  impl.RoleInfo (RoleInfo.java:updateAndGet(143)) - 12ad0800-05cb-443c-9fdd-fa1debf04523: start FollowerState
2019-10-18 07:24:07,966 [Thread-10524] INFO  impl.FollowerState (FollowerState.java:run(108)) - 12ad0800-05cb-443c-9fdd-fa1debf04523@group-BCB82A5C07F5-FollowerState: change to CANDIDATE, lastRpcTime:78ms, electionTimeout:78ms
2019-10-18 07:24:07,966 [Thread-10524] INFO  impl.RoleInfo (RoleInfo.java:shutdownFollowerState(121)) - 12ad0800-05cb-443c-9fdd-fa1debf04523: shutdown FollowerState
2019-10-18 07:24:07,966 [Thread-10524] INFO  impl.RaftServerImpl (RaftServerImpl.java:setRole(184)) - 12ad0800-05cb-443c-9fdd-fa1debf04523@group-BCB82A5C07F5: changes role from  FOLLOWER to CANDIDATE at term 149 for changeToCandidate
2019-10-18 07:24:07,966 [Thread-10524] INFO  impl.RoleInfo (RoleInfo.java:updateAndGet(143)) - 12ad0800-05cb-443c-9fdd-fa1debf04523: start LeaderElection
2019-10-18 07:24:07,995 [12ad0800-05cb-443c-9fdd-fa1debf04523@group-BCB82A5C07F5-LeaderElection1198] INFO  impl.LeaderElection (LeaderElection.java:askForVotes(178)) - 12ad0800-05cb-443c-9fdd-fa1debf04523@group-BCB82A5C07F5-LeaderElection1198: begin an election at term 150 for -1: [12ad0800-05cb-443c-9fdd-fa1debf04523:192.168.34.25:41155, 5170c5f3-8499-4b42-9321-85fc8a351f79:192.168.34.25:43074, 0b10a9fc-47eb-4a2b-b664-8273d9d17379:192.168.34.25:45248], old=null
2019-10-18 07:24:07,996 [12ad0800-05cb-443c-9fdd-fa1debf04523@group-BCB82A5C07F5-LeaderElection1198] INFO  impl.LeaderElection (LogUtils.java:infoOrTrace(149)) - 12ad0800-05cb-443c-9fdd-fa1debf04523@group-BCB82A5C07F5-LeaderElection1198 got exception when requesting votes: {}
java.util.concurrent.ExecutionException: org.apache.ratis.thirdparty.io.grpc.StatusRuntimeException: UNAVAILABLE: io exception
	at java.util.concurrent.FutureTask.report(FutureTask.java:122)
	at java.util.concurrent.FutureTask.get(FutureTask.java:192)
	at org.apache.ratis.server.impl.LeaderElection.waitForResults(LeaderElection.java:259)
	at org.apache.ratis.server.impl.LeaderElection.askForVotes(LeaderElection.java:197)
	at org.apache.ratis.server.impl.LeaderElection.run(LeaderElection.java:133)
	at java.lang.Thread.run(Thread.java:748)
Caused by: org.apache.ratis.thirdparty.io.grpc.StatusRuntimeException: UNAVAILABLE: io exception
	at org.apache.ratis.thirdparty.io.grpc.stub.ClientCalls.toStatusRuntimeException(ClientCalls.java:233)
	at org.apache.ratis.thirdparty.io.grpc.stub.ClientCalls.getUnchecked(ClientCalls.java:214)
	at org.apache.ratis.thirdparty.io.grpc.stub.ClientCalls.blockingUnaryCall(ClientCalls.java:139)
	at org.apache.ratis.proto.grpc.RaftServerProtocolServiceGrpc$RaftServerProtocolServiceBlockingStub.requestVote(RaftServerProtocolServiceGrpc.java:265)
	at org.apache.ratis.grpc.server.GrpcServerProtocolClient.requestVote(GrpcServerProtocolClient.java:99)
	at org.apache.ratis.grpc.server.GrpcService.requestVote(GrpcService.java:204)
	at org.apache.ratis.server.impl.LeaderElection.lambda$submitRequests$1(LeaderElection.java:234)
	at java.util.concurrent.FutureTask.run(FutureTask.java:266)
	at java.util.concurrent.Executors$RunnableAdapter.call(Executors.java:511)
	at java.util.concurrent.FutureTask.run(FutureTask.java:266)
	at java.util.concurrent.ThreadPoolExecutor.runWorker(ThreadPoolExecutor.java:1149)
	at java.util.concurrent.ThreadPoolExecutor$Worker.run(ThreadPoolExecutor.java:624)
	... 1 more
Caused by: org.apache.ratis.thirdparty.io.netty.channel.AbstractChannel$AnnotatedConnectException: Connection refused: /192.168.34.25:45248
	at sun.nio.ch.SocketChannelImpl.checkConnect(Native Method)
	at sun.nio.ch.SocketChannelImpl.finishConnect(SocketChannelImpl.java:717)
	at org.apache.ratis.thirdparty.io.netty.channel.socket.nio.NioSocketChannel.doFinishConnect(NioSocketChannel.java:327)
	at org.apache.ratis.thirdparty.io.netty.channel.nio.AbstractNioChannel$AbstractNioUnsafe.finishConnect(AbstractNioChannel.java:340)
	at org.apache.ratis.thirdparty.io.netty.channel.nio.NioEventLoop.processSelectedKey(NioEventLoop.java:632)
	at org.apache.ratis.thirdparty.io.netty.channel.nio.NioEventLoop.processSelectedKeysOptimized(NioEventLoop.java:579)
	at org.apache.ratis.thirdparty.io.netty.channel.nio.NioEventLoop.processSelectedKeys(NioEventLoop.java:496)
	at org.apache.ratis.thirdparty.io.netty.channel.nio.NioEventLoop.run(NioEventLoop.java:458)
	at org.apache.ratis.thirdparty.io.netty.util.concurrent.SingleThreadEventExecutor$5.run(SingleThreadEventExecutor.java:897)
	at org.apache.ratis.thirdparty.io.netty.util.concurrent.FastThreadLocalRunnable.run(FastThreadLocalRunnable.java:30)
	... 1 more
Caused by: java.net.ConnectException: Connection refused
	... 11 more
2019-10-18 07:24:07,996 [grpc-default-executor-11] INFO  impl.RaftServerImpl (RaftServerImpl.java:setRole(184)) - 5170c5f3-8499-4b42-9321-85fc8a351f79@group-BCB82A5C07F5: changes role from  FOLLOWER to FOLLOWER at term 150 for recognizeCandidate:12ad0800-05cb-443c-9fdd-fa1debf04523
2019-10-18 07:24:07,996 [grpc-default-executor-11] INFO  impl.RoleInfo (RoleInfo.java:shutdownFollowerState(121)) - 5170c5f3-8499-4b42-9321-85fc8a351f79: shutdown FollowerState
2019-10-18 07:24:07,996 [grpc-default-executor-11] INFO  impl.RoleInfo (RoleInfo.java:updateAndGet(143)) - 5170c5f3-8499-4b42-9321-85fc8a351f79: start FollowerState
2019-10-18 07:24:07,996 [Thread-10520] INFO  impl.FollowerState (FollowerState.java:run(117)) - 5170c5f3-8499-4b42-9321-85fc8a351f79@group-BCB82A5C07F5-FollowerState was interrupted: java.lang.InterruptedException: sleep interrupted
2019-10-18 07:24:08,020 [Thread-10523] INFO  impl.FollowerState (FollowerState.java:run(108)) - 4dea926d-4bc6-487a-9b9b-9fd457d0fae4@group-0C9C3B2D0CC1-FollowerState: change to CANDIDATE, lastRpcTime:132ms, electionTimeout:132ms
2019-10-18 07:24:08,020 [Thread-10523] INFO  impl.RoleInfo (RoleInfo.java:shutdownFollowerState(121)) - 4dea926d-4bc6-487a-9b9b-9fd457d0fae4: shutdown FollowerState
2019-10-18 07:24:08,020 [Thread-10523] INFO  impl.RaftServerImpl (RaftServerImpl.java:setRole(184)) - 4dea926d-4bc6-487a-9b9b-9fd457d0fae4@group-0C9C3B2D0CC1: changes role from  FOLLOWER to CANDIDATE at term 139 for changeToCandidate
2019-10-18 07:24:08,020 [Thread-10523] INFO  impl.RoleInfo (RoleInfo.java:updateAndGet(143)) - 4dea926d-4bc6-487a-9b9b-9fd457d0fae4: start LeaderElection
2019-10-18 07:24:08,020 [12ad0800-05cb-443c-9fdd-fa1debf04523@group-BCB82A5C07F5-LeaderElection1198] INFO  impl.LeaderElection (LeaderElection.java:logAndReturn(56)) - 12ad0800-05cb-443c-9fdd-fa1debf04523@group-BCB82A5C07F5-LeaderElection1198: Election REJECTED; received 1 response(s) [12ad0800-05cb-443c-9fdd-fa1debf04523<-5170c5f3-8499-4b42-9321-85fc8a351f79#0:FAIL-t150] and 1 exception(s); 12ad0800-05cb-443c-9fdd-fa1debf04523@group-BCB82A5C07F5:t150, leader=null, voted=12ad0800-05cb-443c-9fdd-fa1debf04523, raftlog=12ad0800-05cb-443c-9fdd-fa1debf04523@group-BCB82A5C07F5-SegmentedRaftLog:OPENED:c-1,f-1,i0, conf=-1: [12ad0800-05cb-443c-9fdd-fa1debf04523:192.168.34.25:41155, 5170c5f3-8499-4b42-9321-85fc8a351f79:192.168.34.25:43074, 0b10a9fc-47eb-4a2b-b664-8273d9d17379:192.168.34.25:45248], old=null
2019-10-18 07:24:08,020 [12ad0800-05cb-443c-9fdd-fa1debf04523@group-BCB82A5C07F5-LeaderElection1198] INFO  impl.LeaderElection (LogUtils.java:infoOrTrace(149)) -   Exception 0: {}
java.util.concurrent.ExecutionException: org.apache.ratis.thirdparty.io.grpc.StatusRuntimeException: UNAVAILABLE: io exception
	at java.util.concurrent.FutureTask.report(FutureTask.java:122)
	at java.util.concurrent.FutureTask.get(FutureTask.java:192)
	at org.apache.ratis.server.impl.LeaderElection.waitForResults(LeaderElection.java:259)
	at org.apache.ratis.server.impl.LeaderElection.askForVotes(LeaderElection.java:197)
	at org.apache.ratis.server.impl.LeaderElection.run(LeaderElection.java:133)
	at java.lang.Thread.run(Thread.java:748)
Caused by: org.apache.ratis.thirdparty.io.grpc.StatusRuntimeException: UNAVAILABLE: io exception
	at org.apache.ratis.thirdparty.io.grpc.stub.ClientCalls.toStatusRuntimeException(ClientCalls.java:233)
	at org.apache.ratis.thirdparty.io.grpc.stub.ClientCalls.getUnchecked(ClientCalls.java:214)
	at org.apache.ratis.thirdparty.io.grpc.stub.ClientCalls.blockingUnaryCall(ClientCalls.java:139)
	at org.apache.ratis.proto.grpc.RaftServerProtocolServiceGrpc$RaftServerProtocolServiceBlockingStub.requestVote(RaftServerProtocolServiceGrpc.java:265)
	at org.apache.ratis.grpc.server.GrpcServerProtocolClient.requestVote(GrpcServerProtocolClient.java:99)
	at org.apache.ratis.grpc.server.GrpcService.requestVote(GrpcService.java:204)
	at org.apache.ratis.server.impl.LeaderElection.lambda$submitRequests$1(LeaderElection.java:234)
	at java.util.concurrent.FutureTask.run(FutureTask.java:266)
	at java.util.concurrent.Executors$RunnableAdapter.call(Executors.java:511)
	at java.util.concurrent.FutureTask.run(FutureTask.java:266)
	at java.util.concurrent.ThreadPoolExecutor.runWorker(ThreadPoolExecutor.java:1149)
	at java.util.concurrent.ThreadPoolExecutor$Worker.run(ThreadPoolExecutor.java:624)
	... 1 more
Caused by: org.apache.ratis.thirdparty.io.netty.channel.AbstractChannel$AnnotatedConnectException: Connection refused: /192.168.34.25:45248
	at sun.nio.ch.SocketChannelImpl.checkConnect(Native Method)
	at sun.nio.ch.SocketChannelImpl.finishConnect(SocketChannelImpl.java:717)
	at org.apache.ratis.thirdparty.io.netty.channel.socket.nio.NioSocketChannel.doFinishConnect(NioSocketChannel.java:327)
	at org.apache.ratis.thirdparty.io.netty.channel.nio.AbstractNioChannel$AbstractNioUnsafe.finishConnect(AbstractNioChannel.java:340)
	at org.apache.ratis.thirdparty.io.netty.channel.nio.NioEventLoop.processSelectedKey(NioEventLoop.java:632)
	at org.apache.ratis.thirdparty.io.netty.channel.nio.NioEventLoop.processSelectedKeysOptimized(NioEventLoop.java:579)
	at org.apache.ratis.thirdparty.io.netty.channel.nio.NioEventLoop.processSelectedKeys(NioEventLoop.java:496)
	at org.apache.ratis.thirdparty.io.netty.channel.nio.NioEventLoop.run(NioEventLoop.java:458)
	at org.apache.ratis.thirdparty.io.netty.util.concurrent.SingleThreadEventExecutor$5.run(SingleThreadEventExecutor.java:897)
	at org.apache.ratis.thirdparty.io.netty.util.concurrent.FastThreadLocalRunnable.run(FastThreadLocalRunnable.java:30)
	... 1 more
Caused by: java.net.ConnectException: Connection refused
	... 11 more
2019-10-18 07:24:08,021 [12ad0800-05cb-443c-9fdd-fa1debf04523@group-BCB82A5C07F5-LeaderElection1198] INFO  impl.RaftServerImpl (RaftServerImpl.java:setRole(184)) - 12ad0800-05cb-443c-9fdd-fa1debf04523@group-BCB82A5C07F5: changes role from CANDIDATE to FOLLOWER at term 150 for DISCOVERED_A_NEW_TERM
2019-10-18 07:24:08,021 [12ad0800-05cb-443c-9fdd-fa1debf04523@group-BCB82A5C07F5-LeaderElection1198] INFO  impl.RoleInfo (RoleInfo.java:shutdownLeaderElection(134)) - 12ad0800-05cb-443c-9fdd-fa1debf04523: shutdown LeaderElection
2019-10-18 07:24:08,021 [12ad0800-05cb-443c-9fdd-fa1debf04523@group-BCB82A5C07F5-LeaderElection1198] INFO  impl.RoleInfo (RoleInfo.java:updateAndGet(143)) - 12ad0800-05cb-443c-9fdd-fa1debf04523: start FollowerState
2019-10-18 07:24:08,046 [4dea926d-4bc6-487a-9b9b-9fd457d0fae4@group-0C9C3B2D0CC1-LeaderElection1199] INFO  impl.LeaderElection (LeaderElection.java:askForVotes(178)) - 4dea926d-4bc6-487a-9b9b-9fd457d0fae4@group-0C9C3B2D0CC1-LeaderElection1199: begin an election at term 140 for -1: [6633f50a-7046-4b08-9937-8e25f1b14b15:192.168.34.25:39338, 67270882-100a-4e75-928d-618d17e069c8:192.168.34.25:36648, 4dea926d-4bc6-487a-9b9b-9fd457d0fae4:192.168.34.25:41624], old=null
2019-10-18 07:24:08,047 [grpc-default-executor-11] INFO  impl.RaftServerImpl (RaftServerImpl.java:setRole(184)) - 6633f50a-7046-4b08-9937-8e25f1b14b15@group-0C9C3B2D0CC1: changes role from  FOLLOWER to FOLLOWER at term 140 for recognizeCandidate:4dea926d-4bc6-487a-9b9b-9fd457d0fae4
2019-10-18 07:24:08,047 [grpc-default-executor-11] INFO  impl.RoleInfo (RoleInfo.java:shutdownFollowerState(121)) - 6633f50a-7046-4b08-9937-8e25f1b14b15: shutdown FollowerState
2019-10-18 07:24:08,047 [grpc-default-executor-11] INFO  impl.RoleInfo (RoleInfo.java:updateAndGet(143)) - 6633f50a-7046-4b08-9937-8e25f1b14b15: start FollowerState
2019-10-18 07:24:08,047 [Thread-10522] INFO  impl.FollowerState (FollowerState.java:run(117)) - 6633f50a-7046-4b08-9937-8e25f1b14b15@group-0C9C3B2D0CC1-FollowerState was interrupted: java.lang.InterruptedException: sleep interrupted
2019-10-18 07:24:08,047 [grpc-default-executor-12] INFO  impl.RaftServerImpl (RaftServerImpl.java:setRole(184)) - 67270882-100a-4e75-928d-618d17e069c8@group-0C9C3B2D0CC1: changes role from  FOLLOWER to FOLLOWER at term 140 for recognizeCandidate:4dea926d-4bc6-487a-9b9b-9fd457d0fae4
2019-10-18 07:24:08,047 [grpc-default-executor-12] INFO  impl.RoleInfo (RoleInfo.java:shutdownFollowerState(121)) - 67270882-100a-4e75-928d-618d17e069c8: shutdown FollowerState
2019-10-18 07:24:08,047 [grpc-default-executor-12] INFO  impl.RoleInfo (RoleInfo.java:updateAndGet(143)) - 67270882-100a-4e75-928d-618d17e069c8: start FollowerState
2019-10-18 07:24:08,047 [Thread-10521] INFO  impl.FollowerState (FollowerState.java:run(117)) - 67270882-100a-4e75-928d-618d17e069c8@group-0C9C3B2D0CC1-FollowerState was interrupted: java.lang.InterruptedException: sleep interrupted
2019-10-18 07:24:08,071 [4dea926d-4bc6-487a-9b9b-9fd457d0fae4@group-0C9C3B2D0CC1-LeaderElection1199] INFO  impl.LeaderElection (LeaderElection.java:logAndReturn(56)) - 4dea926d-4bc6-487a-9b9b-9fd457d0fae4@group-0C9C3B2D0CC1-LeaderElection1199: Election REJECTED; received 2 response(s) [4dea926d-4bc6-487a-9b9b-9fd457d0fae4<-6633f50a-7046-4b08-9937-8e25f1b14b15#0:FAIL-t140, 4dea926d-4bc6-487a-9b9b-9fd457d0fae4<-67270882-100a-4e75-928d-618d17e069c8#0:FAIL-t140] and 0 exception(s); 4dea926d-4bc6-487a-9b9b-9fd457d0fae4@group-0C9C3B2D0CC1:t140, leader=null, voted=4dea926d-4bc6-487a-9b9b-9fd457d0fae4, raftlog=4dea926d-4bc6-487a-9b9b-9fd457d0fae4@group-0C9C3B2D0CC1-SegmentedRaftLog:OPENED:c-1,f-1,i0, conf=-1: [6633f50a-7046-4b08-9937-8e25f1b14b15:192.168.34.25:39338, 67270882-100a-4e75-928d-618d17e069c8:192.168.34.25:36648, 4dea926d-4bc6-487a-9b9b-9fd457d0fae4:192.168.34.25:41624], old=null
2019-10-18 07:24:08,072 [4dea926d-4bc6-487a-9b9b-9fd457d0fae4@group-0C9C3B2D0CC1-LeaderElection1199] INFO  impl.RaftServerImpl (RaftServerImpl.java:setRole(184)) - 4dea926d-4bc6-487a-9b9b-9fd457d0fae4@group-0C9C3B2D0CC1: changes role from CANDIDATE to FOLLOWER at term 140 for DISCOVERED_A_NEW_TERM
2019-10-18 07:24:08,072 [4dea926d-4bc6-487a-9b9b-9fd457d0fae4@group-0C9C3B2D0CC1-LeaderElection1199] INFO  impl.RoleInfo (RoleInfo.java:shutdownLeaderElection(134)) - 4dea926d-4bc6-487a-9b9b-9fd457d0fae4: shutdown LeaderElection
2019-10-18 07:24:08,072 [4dea926d-4bc6-487a-9b9b-9fd457d0fae4@group-0C9C3B2D0CC1-LeaderElection1199] INFO  impl.RoleInfo (RoleInfo.java:updateAndGet(143)) - 4dea926d-4bc6-487a-9b9b-9fd457d0fae4: start FollowerState
2019-10-18 07:24:08,094 [Thread-10530] INFO  impl.FollowerState (FollowerState.java:run(108)) - 12ad0800-05cb-443c-9fdd-fa1debf04523@group-BCB82A5C07F5-FollowerState: change to CANDIDATE, lastRpcTime:73ms, electionTimeout:73ms
2019-10-18 07:24:08,094 [Thread-10530] INFO  impl.RoleInfo (RoleInfo.java:shutdownFollowerState(121)) - 12ad0800-05cb-443c-9fdd-fa1debf04523: shutdown FollowerState
2019-10-18 07:24:08,094 [Thread-10530] INFO  impl.RaftServerImpl (RaftServerImpl.java:setRole(184)) - 12ad0800-05cb-443c-9fdd-fa1debf04523@group-BCB82A5C07F5: changes role from  FOLLOWER to CANDIDATE at term 150 for changeToCandidate
2019-10-18 07:24:08,094 [Thread-10530] INFO  impl.RoleInfo (RoleInfo.java:updateAndGet(143)) - 12ad0800-05cb-443c-9fdd-fa1debf04523: start LeaderElection
2019-10-18 07:24:08,130 [12ad0800-05cb-443c-9fdd-fa1debf04523@group-BCB82A5C07F5-LeaderElection1200] INFO  impl.LeaderElection (LeaderElection.java:askForVotes(178)) - 12ad0800-05cb-443c-9fdd-fa1debf04523@group-BCB82A5C07F5-LeaderElection1200: begin an election at term 151 for -1: [12ad0800-05cb-443c-9fdd-fa1debf04523:192.168.34.25:41155, 5170c5f3-8499-4b42-9321-85fc8a351f79:192.168.34.25:43074, 0b10a9fc-47eb-4a2b-b664-8273d9d17379:192.168.34.25:45248], old=null
2019-10-18 07:24:08,131 [12ad0800-05cb-443c-9fdd-fa1debf04523@group-BCB82A5C07F5-LeaderElection1200] INFO  impl.LeaderElection (LogUtils.java:infoOrTrace(149)) - 12ad0800-05cb-443c-9fdd-fa1debf04523@group-BCB82A5C07F5-LeaderElection1200 got exception when requesting votes: {}
java.util.concurrent.ExecutionException: org.apache.ratis.thirdparty.io.grpc.StatusRuntimeException: UNAVAILABLE: io exception
	at java.util.concurrent.FutureTask.report(FutureTask.java:122)
	at java.util.concurrent.FutureTask.get(FutureTask.java:192)
	at org.apache.ratis.server.impl.LeaderElection.waitForResults(LeaderElection.java:259)
	at org.apache.ratis.server.impl.LeaderElection.askForVotes(LeaderElection.java:197)
	at org.apache.ratis.server.impl.LeaderElection.run(LeaderElection.java:133)
	at java.lang.Thread.run(Thread.java:748)
Caused by: org.apache.ratis.thirdparty.io.grpc.StatusRuntimeException: UNAVAILABLE: io exception
	at org.apache.ratis.thirdparty.io.grpc.stub.ClientCalls.toStatusRuntimeException(ClientCalls.java:233)
	at org.apache.ratis.thirdparty.io.grpc.stub.ClientCalls.getUnchecked(ClientCalls.java:214)
	at org.apache.ratis.thirdparty.io.grpc.stub.ClientCalls.blockingUnaryCall(ClientCalls.java:139)
	at org.apache.ratis.proto.grpc.RaftServerProtocolServiceGrpc$RaftServerProtocolServiceBlockingStub.requestVote(RaftServerProtocolServiceGrpc.java:265)
	at org.apache.ratis.grpc.server.GrpcServerProtocolClient.requestVote(GrpcServerProtocolClient.java:99)
	at org.apache.ratis.grpc.server.GrpcService.requestVote(GrpcService.java:204)
	at org.apache.ratis.server.impl.LeaderElection.lambda$submitRequests$1(LeaderElection.java:234)
	at java.util.concurrent.FutureTask.run(FutureTask.java:266)
	at java.util.concurrent.Executors$RunnableAdapter.call(Executors.java:511)
	at java.util.concurrent.FutureTask.run(FutureTask.java:266)
	at java.util.concurrent.ThreadPoolExecutor.runWorker(ThreadPoolExecutor.java:1149)
	at java.util.concurrent.ThreadPoolExecutor$Worker.run(ThreadPoolExecutor.java:624)
	... 1 more
Caused by: org.apache.ratis.thirdparty.io.netty.channel.AbstractChannel$AnnotatedConnectException: Connection refused: /192.168.34.25:45248
	at sun.nio.ch.SocketChannelImpl.checkConnect(Native Method)
	at sun.nio.ch.SocketChannelImpl.finishConnect(SocketChannelImpl.java:717)
	at org.apache.ratis.thirdparty.io.netty.channel.socket.nio.NioSocketChannel.doFinishConnect(NioSocketChannel.java:327)
	at org.apache.ratis.thirdparty.io.netty.channel.nio.AbstractNioChannel$AbstractNioUnsafe.finishConnect(AbstractNioChannel.java:340)
	at org.apache.ratis.thirdparty.io.netty.channel.nio.NioEventLoop.processSelectedKey(NioEventLoop.java:632)
	at org.apache.ratis.thirdparty.io.netty.channel.nio.NioEventLoop.processSelectedKeysOptimized(NioEventLoop.java:579)
	at org.apache.ratis.thirdparty.io.netty.channel.nio.NioEventLoop.processSelectedKeys(NioEventLoop.java:496)
	at org.apache.ratis.thirdparty.io.netty.channel.nio.NioEventLoop.run(NioEventLoop.java:458)
	at org.apache.ratis.thirdparty.io.netty.util.concurrent.SingleThreadEventExecutor$5.run(SingleThreadEventExecutor.java:897)
	at org.apache.ratis.thirdparty.io.netty.util.concurrent.FastThreadLocalRunnable.run(FastThreadLocalRunnable.java:30)
	... 1 more
Caused by: java.net.ConnectException: Connection refused
	... 11 more
2019-10-18 07:24:08,131 [grpc-default-executor-11] INFO  impl.RaftServerImpl (RaftServerImpl.java:setRole(184)) - 5170c5f3-8499-4b42-9321-85fc8a351f79@group-BCB82A5C07F5: changes role from  FOLLOWER to FOLLOWER at term 151 for recognizeCandidate:12ad0800-05cb-443c-9fdd-fa1debf04523
2019-10-18 07:24:08,131 [grpc-default-executor-11] INFO  impl.RoleInfo (RoleInfo.java:shutdownFollowerState(121)) - 5170c5f3-8499-4b42-9321-85fc8a351f79: shutdown FollowerState
2019-10-18 07:24:08,131 [grpc-default-executor-11] INFO  impl.RoleInfo (RoleInfo.java:updateAndGet(143)) - 5170c5f3-8499-4b42-9321-85fc8a351f79: start FollowerState
2019-10-18 07:24:08,131 [Thread-10528] INFO  impl.FollowerState (FollowerState.java:run(117)) - 5170c5f3-8499-4b42-9321-85fc8a351f79@group-BCB82A5C07F5-FollowerState was interrupted: java.lang.InterruptedException: sleep interrupted
2019-10-18 07:24:08,156 [12ad0800-05cb-443c-9fdd-fa1debf04523@group-BCB82A5C07F5-LeaderElection1200] INFO  impl.LeaderElection (LeaderElection.java:logAndReturn(56)) - 12ad0800-05cb-443c-9fdd-fa1debf04523@group-BCB82A5C07F5-LeaderElection1200: Election REJECTED; received 1 response(s) [12ad0800-05cb-443c-9fdd-fa1debf04523<-5170c5f3-8499-4b42-9321-85fc8a351f79#0:FAIL-t151] and 1 exception(s); 12ad0800-05cb-443c-9fdd-fa1debf04523@group-BCB82A5C07F5:t151, leader=null, voted=12ad0800-05cb-443c-9fdd-fa1debf04523, raftlog=12ad0800-05cb-443c-9fdd-fa1debf04523@group-BCB82A5C07F5-SegmentedRaftLog:OPENED:c-1,f-1,i0, conf=-1: [12ad0800-05cb-443c-9fdd-fa1debf04523:192.168.34.25:41155, 5170c5f3-8499-4b42-9321-85fc8a351f79:192.168.34.25:43074, 0b10a9fc-47eb-4a2b-b664-8273d9d17379:192.168.34.25:45248], old=null
2019-10-18 07:24:08,156 [12ad0800-05cb-443c-9fdd-fa1debf04523@group-BCB82A5C07F5-LeaderElection1200] INFO  impl.LeaderElection (LogUtils.java:infoOrTrace(149)) -   Exception 0: {}
java.util.concurrent.ExecutionException: org.apache.ratis.thirdparty.io.grpc.StatusRuntimeException: UNAVAILABLE: io exception
	at java.util.concurrent.FutureTask.report(FutureTask.java:122)
	at java.util.concurrent.FutureTask.get(FutureTask.java:192)
	at org.apache.ratis.server.impl.LeaderElection.waitForResults(LeaderElection.java:259)
	at org.apache.ratis.server.impl.LeaderElection.askForVotes(LeaderElection.java:197)
	at org.apache.ratis.server.impl.LeaderElection.run(LeaderElection.java:133)
	at java.lang.Thread.run(Thread.java:748)
Caused by: org.apache.ratis.thirdparty.io.grpc.StatusRuntimeException: UNAVAILABLE: io exception
	at org.apache.ratis.thirdparty.io.grpc.stub.ClientCalls.toStatusRuntimeException(ClientCalls.java:233)
	at org.apache.ratis.thirdparty.io.grpc.stub.ClientCalls.getUnchecked(ClientCalls.java:214)
	at org.apache.ratis.thirdparty.io.grpc.stub.ClientCalls.blockingUnaryCall(ClientCalls.java:139)
	at org.apache.ratis.proto.grpc.RaftServerProtocolServiceGrpc$RaftServerProtocolServiceBlockingStub.requestVote(RaftServerProtocolServiceGrpc.java:265)
	at org.apache.ratis.grpc.server.GrpcServerProtocolClient.requestVote(GrpcServerProtocolClient.java:99)
	at org.apache.ratis.grpc.server.GrpcService.requestVote(GrpcService.java:204)
	at org.apache.ratis.server.impl.LeaderElection.lambda$submitRequests$1(LeaderElection.java:234)
	at java.util.concurrent.FutureTask.run(FutureTask.java:266)
	at java.util.concurrent.Executors$RunnableAdapter.call(Executors.java:511)
	at java.util.concurrent.FutureTask.run(FutureTask.java:266)
	at java.util.concurrent.ThreadPoolExecutor.runWorker(ThreadPoolExecutor.java:1149)
	at java.util.concurrent.ThreadPoolExecutor$Worker.run(ThreadPoolExecutor.java:624)
	... 1 more
Caused by: org.apache.ratis.thirdparty.io.netty.channel.AbstractChannel$AnnotatedConnectException: Connection refused: /192.168.34.25:45248
	at sun.nio.ch.SocketChannelImpl.checkConnect(Native Method)
	at sun.nio.ch.SocketChannelImpl.finishConnect(SocketChannelImpl.java:717)
	at org.apache.ratis.thirdparty.io.netty.channel.socket.nio.NioSocketChannel.doFinishConnect(NioSocketChannel.java:327)
	at org.apache.ratis.thirdparty.io.netty.channel.nio.AbstractNioChannel$AbstractNioUnsafe.finishConnect(AbstractNioChannel.java:340)
	at org.apache.ratis.thirdparty.io.netty.channel.nio.NioEventLoop.processSelectedKey(NioEventLoop.java:632)
	at org.apache.ratis.thirdparty.io.netty.channel.nio.NioEventLoop.processSelectedKeysOptimized(NioEventLoop.java:579)
	at org.apache.ratis.thirdparty.io.netty.channel.nio.NioEventLoop.processSelectedKeys(NioEventLoop.java:496)
	at org.apache.ratis.thirdparty.io.netty.channel.nio.NioEventLoop.run(NioEventLoop.java:458)
	at org.apache.ratis.thirdparty.io.netty.util.concurrent.SingleThreadEventExecutor$5.run(SingleThreadEventExecutor.java:897)
	at org.apache.ratis.thirdparty.io.netty.util.concurrent.FastThreadLocalRunnable.run(FastThreadLocalRunnable.java:30)
	... 1 more
Caused by: java.net.ConnectException: Connection refused
	... 11 more
2019-10-18 07:24:08,156 [12ad0800-05cb-443c-9fdd-fa1debf04523@group-BCB82A5C07F5-LeaderElection1200] INFO  impl.RaftServerImpl (RaftServerImpl.java:setRole(184)) - 12ad0800-05cb-443c-9fdd-fa1debf04523@group-BCB82A5C07F5: changes role from CANDIDATE to FOLLOWER at term 151 for DISCOVERED_A_NEW_TERM
2019-10-18 07:24:08,156 [12ad0800-05cb-443c-9fdd-fa1debf04523@group-BCB82A5C07F5-LeaderElection1200] INFO  impl.RoleInfo (RoleInfo.java:shutdownLeaderElection(134)) - 12ad0800-05cb-443c-9fdd-fa1debf04523: shutdown LeaderElection
2019-10-18 07:24:08,156 [12ad0800-05cb-443c-9fdd-fa1debf04523@group-BCB82A5C07F5-LeaderElection1200] INFO  impl.RoleInfo (RoleInfo.java:updateAndGet(143)) - 12ad0800-05cb-443c-9fdd-fa1debf04523: start FollowerState
2019-10-18 07:24:08,162 [Thread-10540] INFO  impl.FollowerState (FollowerState.java:run(108)) - 12ad0800-05cb-443c-9fdd-fa1debf04523@group-BCB82A5C07F5-FollowerState: change to CANDIDATE, lastRpcTime:6ms, electionTimeout:6ms
2019-10-18 07:24:08,162 [Thread-10540] INFO  impl.RoleInfo (RoleInfo.java:shutdownFollowerState(121)) - 12ad0800-05cb-443c-9fdd-fa1debf04523: shutdown FollowerState
2019-10-18 07:24:08,163 [Thread-10540] INFO  impl.RaftServerImpl (RaftServerImpl.java:setRole(184)) - 12ad0800-05cb-443c-9fdd-fa1debf04523@group-BCB82A5C07F5: changes role from  FOLLOWER to CANDIDATE at term 151 for changeToCandidate
2019-10-18 07:24:08,163 [Thread-10540] INFO  impl.RoleInfo (RoleInfo.java:updateAndGet(143)) - 12ad0800-05cb-443c-9fdd-fa1debf04523: start LeaderElection
2019-10-18 07:24:08,189 [12ad0800-05cb-443c-9fdd-fa1debf04523@group-BCB82A5C07F5-LeaderElection1201] INFO  impl.LeaderElection (LeaderElection.java:askForVotes(178)) - 12ad0800-05cb-443c-9fdd-fa1debf04523@group-BCB82A5C07F5-LeaderElection1201: begin an election at term 152 for -1: [12ad0800-05cb-443c-9fdd-fa1debf04523:192.168.34.25:41155, 5170c5f3-8499-4b42-9321-85fc8a351f79:192.168.34.25:43074, 0b10a9fc-47eb-4a2b-b664-8273d9d17379:192.168.34.25:45248], old=null
2019-10-18 07:24:08,190 [12ad0800-05cb-443c-9fdd-fa1debf04523@group-BCB82A5C07F5-LeaderElection1201] INFO  impl.LeaderElection (LogUtils.java:infoOrTrace(149)) - 12ad0800-05cb-443c-9fdd-fa1debf04523@group-BCB82A5C07F5-LeaderElection1201 got exception when requesting votes: {}
java.util.concurrent.ExecutionException: org.apache.ratis.thirdparty.io.grpc.StatusRuntimeException: UNAVAILABLE: io exception
	at java.util.concurrent.FutureTask.report(FutureTask.java:122)
	at java.util.concurrent.FutureTask.get(FutureTask.java:192)
	at org.apache.ratis.server.impl.LeaderElection.waitForResults(LeaderElection.java:259)
	at org.apache.ratis.server.impl.LeaderElection.askForVotes(LeaderElection.java:197)
	at org.apache.ratis.server.impl.LeaderElection.run(LeaderElection.java:133)
	at java.lang.Thread.run(Thread.java:748)
Caused by: org.apache.ratis.thirdparty.io.grpc.StatusRuntimeException: UNAVAILABLE: io exception
	at org.apache.ratis.thirdparty.io.grpc.stub.ClientCalls.toStatusRuntimeException(ClientCalls.java:233)
	at org.apache.ratis.thirdparty.io.grpc.stub.ClientCalls.getUnchecked(ClientCalls.java:214)
	at org.apache.ratis.thirdparty.io.grpc.stub.ClientCalls.blockingUnaryCall(ClientCalls.java:139)
	at org.apache.ratis.proto.grpc.RaftServerProtocolServiceGrpc$RaftServerProtocolServiceBlockingStub.requestVote(RaftServerProtocolServiceGrpc.java:265)
	at org.apache.ratis.grpc.server.GrpcServerProtocolClient.requestVote(GrpcServerProtocolClient.java:99)
	at org.apache.ratis.grpc.server.GrpcService.requestVote(GrpcService.java:204)
	at org.apache.ratis.server.impl.LeaderElection.lambda$submitRequests$1(LeaderElection.java:234)
	at java.util.concurrent.FutureTask.run(FutureTask.java:266)
	at java.util.concurrent.Executors$RunnableAdapter.call(Executors.java:511)
	at java.util.concurrent.FutureTask.run(FutureTask.java:266)
	at java.util.concurrent.ThreadPoolExecutor.runWorker(ThreadPoolExecutor.java:1149)
	at java.util.concurrent.ThreadPoolExecutor$Worker.run(ThreadPoolExecutor.java:624)
	... 1 more
Caused by: org.apache.ratis.thirdparty.io.netty.channel.AbstractChannel$AnnotatedConnectException: Connection refused: /192.168.34.25:45248
	at sun.nio.ch.SocketChannelImpl.checkConnect(Native Method)
	at sun.nio.ch.SocketChannelImpl.finishConnect(SocketChannelImpl.java:717)
	at org.apache.ratis.thirdparty.io.netty.channel.socket.nio.NioSocketChannel.doFinishConnect(NioSocketChannel.java:327)
	at org.apache.ratis.thirdparty.io.netty.channel.nio.AbstractNioChannel$AbstractNioUnsafe.finishConnect(AbstractNioChannel.java:340)
	at org.apache.ratis.thirdparty.io.netty.channel.nio.NioEventLoop.processSelectedKey(NioEventLoop.java:632)
	at org.apache.ratis.thirdparty.io.netty.channel.nio.NioEventLoop.processSelectedKeysOptimized(NioEventLoop.java:579)
	at org.apache.ratis.thirdparty.io.netty.channel.nio.NioEventLoop.processSelectedKeys(NioEventLoop.java:496)
	at org.apache.ratis.thirdparty.io.netty.channel.nio.NioEventLoop.run(NioEventLoop.java:458)
	at org.apache.ratis.thirdparty.io.netty.util.concurrent.SingleThreadEventExecutor$5.run(SingleThreadEventExecutor.java:897)
	at org.apache.ratis.thirdparty.io.netty.util.concurrent.FastThreadLocalRunnable.run(FastThreadLocalRunnable.java:30)
	... 1 more
Caused by: java.net.ConnectException: Connection refused
	... 11 more
2019-10-18 07:24:08,190 [grpc-default-executor-11] INFO  impl.RaftServerImpl (RaftServerImpl.java:setRole(184)) - 5170c5f3-8499-4b42-9321-85fc8a351f79@group-BCB82A5C07F5: changes role from  FOLLOWER to FOLLOWER at term 152 for recognizeCandidate:12ad0800-05cb-443c-9fdd-fa1debf04523
2019-10-18 07:24:08,190 [grpc-default-executor-11] INFO  impl.RoleInfo (RoleInfo.java:shutdownFollowerState(121)) - 5170c5f3-8499-4b42-9321-85fc8a351f79: shutdown FollowerState
2019-10-18 07:24:08,190 [grpc-default-executor-11] INFO  impl.RoleInfo (RoleInfo.java:updateAndGet(143)) - 5170c5f3-8499-4b42-9321-85fc8a351f79: start FollowerState
2019-10-18 07:24:08,190 [Thread-10539] INFO  impl.FollowerState (FollowerState.java:run(117)) - 5170c5f3-8499-4b42-9321-85fc8a351f79@group-BCB82A5C07F5-FollowerState was interrupted: java.lang.InterruptedException: sleep interrupted
2019-10-18 07:24:08,215 [12ad0800-05cb-443c-9fdd-fa1debf04523@group-BCB82A5C07F5-LeaderElection1201] INFO  impl.LeaderElection (LeaderElection.java:logAndReturn(56)) - 12ad0800-05cb-443c-9fdd-fa1debf04523@group-BCB82A5C07F5-LeaderElection1201: Election REJECTED; received 1 response(s) [12ad0800-05cb-443c-9fdd-fa1debf04523<-5170c5f3-8499-4b42-9321-85fc8a351f79#0:FAIL-t152] and 1 exception(s); 12ad0800-05cb-443c-9fdd-fa1debf04523@group-BCB82A5C07F5:t152, leader=null, voted=12ad0800-05cb-443c-9fdd-fa1debf04523, raftlog=12ad0800-05cb-443c-9fdd-fa1debf04523@group-BCB82A5C07F5-SegmentedRaftLog:OPENED:c-1,f-1,i0, conf=-1: [12ad0800-05cb-443c-9fdd-fa1debf04523:192.168.34.25:41155, 5170c5f3-8499-4b42-9321-85fc8a351f79:192.168.34.25:43074, 0b10a9fc-47eb-4a2b-b664-8273d9d17379:192.168.34.25:45248], old=null
2019-10-18 07:24:08,215 [12ad0800-05cb-443c-9fdd-fa1debf04523@group-BCB82A5C07F5-LeaderElection1201] INFO  impl.LeaderElection (LogUtils.java:infoOrTrace(149)) -   Exception 0: {}
java.util.concurrent.ExecutionException: org.apache.ratis.thirdparty.io.grpc.StatusRuntimeException: UNAVAILABLE: io exception
	at java.util.concurrent.FutureTask.report(FutureTask.java:122)
	at java.util.concurrent.FutureTask.get(FutureTask.java:192)
	at org.apache.ratis.server.impl.LeaderElection.waitForResults(LeaderElection.java:259)
	at org.apache.ratis.server.impl.LeaderElection.askForVotes(LeaderElection.java:197)
	at org.apache.ratis.server.impl.LeaderElection.run(LeaderElection.java:133)
	at java.lang.Thread.run(Thread.java:748)
Caused by: org.apache.ratis.thirdparty.io.grpc.StatusRuntimeException: UNAVAILABLE: io exception
	at org.apache.ratis.thirdparty.io.grpc.stub.ClientCalls.toStatusRuntimeException(ClientCalls.java:233)
	at org.apache.ratis.thirdparty.io.grpc.stub.ClientCalls.getUnchecked(ClientCalls.java:214)
	at org.apache.ratis.thirdparty.io.grpc.stub.ClientCalls.blockingUnaryCall(ClientCalls.java:139)
	at org.apache.ratis.proto.grpc.RaftServerProtocolServiceGrpc$RaftServerProtocolServiceBlockingStub.requestVote(RaftServerProtocolServiceGrpc.java:265)
	at org.apache.ratis.grpc.server.GrpcServerProtocolClient.requestVote(GrpcServerProtocolClient.java:99)
	at org.apache.ratis.grpc.server.GrpcService.requestVote(GrpcService.java:204)
	at org.apache.ratis.server.impl.LeaderElection.lambda$submitRequests$1(LeaderElection.java:234)
	at java.util.concurrent.FutureTask.run(FutureTask.java:266)
	at java.util.concurrent.Executors$RunnableAdapter.call(Executors.java:511)
	at java.util.concurrent.FutureTask.run(FutureTask.java:266)
	at java.util.concurrent.ThreadPoolExecutor.runWorker(ThreadPoolExecutor.java:1149)
	at java.util.concurrent.ThreadPoolExecutor$Worker.run(ThreadPoolExecutor.java:624)
	... 1 more
Caused by: org.apache.ratis.thirdparty.io.netty.channel.AbstractChannel$AnnotatedConnectException: Connection refused: /192.168.34.25:45248
	at sun.nio.ch.SocketChannelImpl.checkConnect(Native Method)
	at sun.nio.ch.SocketChannelImpl.finishConnect(SocketChannelImpl.java:717)
	at org.apache.ratis.thirdparty.io.netty.channel.socket.nio.NioSocketChannel.doFinishConnect(NioSocketChannel.java:327)
	at org.apache.ratis.thirdparty.io.netty.channel.nio.AbstractNioChannel$AbstractNioUnsafe.finishConnect(AbstractNioChannel.java:340)
	at org.apache.ratis.thirdparty.io.netty.channel.nio.NioEventLoop.processSelectedKey(NioEventLoop.java:632)
	at org.apache.ratis.thirdparty.io.netty.channel.nio.NioEventLoop.processSelectedKeysOptimized(NioEventLoop.java:579)
	at org.apache.ratis.thirdparty.io.netty.channel.nio.NioEventLoop.processSelectedKeys(NioEventLoop.java:496)
	at org.apache.ratis.thirdparty.io.netty.channel.nio.NioEventLoop.run(NioEventLoop.java:458)
	at org.apache.ratis.thirdparty.io.netty.util.concurrent.SingleThreadEventExecutor$5.run(SingleThreadEventExecutor.java:897)
	at org.apache.ratis.thirdparty.io.netty.util.concurrent.FastThreadLocalRunnable.run(FastThreadLocalRunnable.java:30)
	... 1 more
Caused by: java.net.ConnectException: Connection refused
	... 11 more
2019-10-18 07:24:08,215 [12ad0800-05cb-443c-9fdd-fa1debf04523@group-BCB82A5C07F5-LeaderElection1201] INFO  impl.RaftServerImpl (RaftServerImpl.java:setRole(184)) - 12ad0800-05cb-443c-9fdd-fa1debf04523@group-BCB82A5C07F5: changes role from CANDIDATE to FOLLOWER at term 152 for DISCOVERED_A_NEW_TERM
2019-10-18 07:24:08,215 [12ad0800-05cb-443c-9fdd-fa1debf04523@group-BCB82A5C07F5-LeaderElection1201] INFO  impl.RoleInfo (RoleInfo.java:shutdownLeaderElection(134)) - 12ad0800-05cb-443c-9fdd-fa1debf04523: shutdown LeaderElection
2019-10-18 07:24:08,215 [12ad0800-05cb-443c-9fdd-fa1debf04523@group-BCB82A5C07F5-LeaderElection1201] INFO  impl.RoleInfo (RoleInfo.java:updateAndGet(143)) - 12ad0800-05cb-443c-9fdd-fa1debf04523: start FollowerState
2019-10-18 07:24:08,238 [Thread-10535] INFO  impl.FollowerState (FollowerState.java:run(108)) - 4dea926d-4bc6-487a-9b9b-9fd457d0fae4@group-0C9C3B2D0CC1-FollowerState: change to CANDIDATE, lastRpcTime:166ms, electionTimeout:166ms
2019-10-18 07:24:08,238 [Thread-10535] INFO  impl.RoleInfo (RoleInfo.java:shutdownFollowerState(121)) - 4dea926d-4bc6-487a-9b9b-9fd457d0fae4: shutdown FollowerState
2019-10-18 07:24:08,238 [Thread-10535] INFO  impl.RaftServerImpl (RaftServerImpl.java:setRole(184)) - 4dea926d-4bc6-487a-9b9b-9fd457d0fae4@group-0C9C3B2D0CC1: changes role from  FOLLOWER to CANDIDATE at term 140 for changeToCandidate
2019-10-18 07:24:08,238 [Thread-10535] INFO  impl.RoleInfo (RoleInfo.java:updateAndGet(143)) - 4dea926d-4bc6-487a-9b9b-9fd457d0fae4: start LeaderElection
2019-10-18 07:24:08,265 [4dea926d-4bc6-487a-9b9b-9fd457d0fae4@group-0C9C3B2D0CC1-LeaderElection1202] INFO  impl.LeaderElection (LeaderElection.java:askForVotes(178)) - 4dea926d-4bc6-487a-9b9b-9fd457d0fae4@group-0C9C3B2D0CC1-LeaderElection1202: begin an election at term 141 for -1: [6633f50a-7046-4b08-9937-8e25f1b14b15:192.168.34.25:39338, 67270882-100a-4e75-928d-618d17e069c8:192.168.34.25:36648, 4dea926d-4bc6-487a-9b9b-9fd457d0fae4:192.168.34.25:41624], old=null
2019-10-18 07:24:08,266 [grpc-default-executor-12] INFO  impl.RaftServerImpl (RaftServerImpl.java:setRole(184)) - 6633f50a-7046-4b08-9937-8e25f1b14b15@group-0C9C3B2D0CC1: changes role from  FOLLOWER to FOLLOWER at term 141 for recognizeCandidate:4dea926d-4bc6-487a-9b9b-9fd457d0fae4
2019-10-18 07:24:08,266 [grpc-default-executor-11] INFO  impl.RaftServerImpl (RaftServerImpl.java:setRole(184)) - 67270882-100a-4e75-928d-618d17e069c8@group-0C9C3B2D0CC1: changes role from  FOLLOWER to FOLLOWER at term 141 for recognizeCandidate:4dea926d-4bc6-487a-9b9b-9fd457d0fae4
2019-10-18 07:24:08,266 [grpc-default-executor-11] INFO  impl.RoleInfo (RoleInfo.java:shutdownFollowerState(121)) - 67270882-100a-4e75-928d-618d17e069c8: shutdown FollowerState
2019-10-18 07:24:08,266 [grpc-default-executor-12] INFO  impl.RoleInfo (RoleInfo.java:shutdownFollowerState(121)) - 6633f50a-7046-4b08-9937-8e25f1b14b15: shutdown FollowerState
2019-10-18 07:24:08,266 [Thread-10534] INFO  impl.FollowerState (FollowerState.java:run(117)) - 67270882-100a-4e75-928d-618d17e069c8@group-0C9C3B2D0CC1-FollowerState was interrupted: java.lang.InterruptedException: sleep interrupted
2019-10-18 07:24:08,266 [grpc-default-executor-11] INFO  impl.RoleInfo (RoleInfo.java:updateAndGet(143)) - 67270882-100a-4e75-928d-618d17e069c8: start FollowerState
2019-10-18 07:24:08,266 [Thread-10533] INFO  impl.FollowerState (FollowerState.java:run(117)) - 6633f50a-7046-4b08-9937-8e25f1b14b15@group-0C9C3B2D0CC1-FollowerState was interrupted: java.lang.InterruptedException: sleep interrupted
2019-10-18 07:24:08,266 [grpc-default-executor-12] INFO  impl.RoleInfo (RoleInfo.java:updateAndGet(143)) - 6633f50a-7046-4b08-9937-8e25f1b14b15: start FollowerState
2019-10-18 07:24:08,283 [4dea926d-4bc6-487a-9b9b-9fd457d0fae4@group-0C9C3B2D0CC1-LeaderElection1202] INFO  impl.LeaderElection (LeaderElection.java:logAndReturn(56)) - 4dea926d-4bc6-487a-9b9b-9fd457d0fae4@group-0C9C3B2D0CC1-LeaderElection1202: Election TIMEOUT; received 0 response(s) [] and 0 exception(s); 4dea926d-4bc6-487a-9b9b-9fd457d0fae4@group-0C9C3B2D0CC1:t141, leader=null, voted=4dea926d-4bc6-487a-9b9b-9fd457d0fae4, raftlog=4dea926d-4bc6-487a-9b9b-9fd457d0fae4@group-0C9C3B2D0CC1-SegmentedRaftLog:OPENED:c-1,f-1,i0, conf=-1: [6633f50a-7046-4b08-9937-8e25f1b14b15:192.168.34.25:39338, 67270882-100a-4e75-928d-618d17e069c8:192.168.34.25:36648, 4dea926d-4bc6-487a-9b9b-9fd457d0fae4:192.168.34.25:41624], old=null
2019-10-18 07:24:08,308 [4dea926d-4bc6-487a-9b9b-9fd457d0fae4@group-0C9C3B2D0CC1-LeaderElection1202] INFO  impl.LeaderElection (LeaderElection.java:askForVotes(178)) - 4dea926d-4bc6-487a-9b9b-9fd457d0fae4@group-0C9C3B2D0CC1-LeaderElection1202: begin an election at term 142 for -1: [6633f50a-7046-4b08-9937-8e25f1b14b15:192.168.34.25:39338, 67270882-100a-4e75-928d-618d17e069c8:192.168.34.25:36648, 4dea926d-4bc6-487a-9b9b-9fd457d0fae4:192.168.34.25:41624], old=null
2019-10-18 07:24:08,309 [grpc-default-executor-11] INFO  impl.RaftServerImpl (RaftServerImpl.java:setRole(184)) - 6633f50a-7046-4b08-9937-8e25f1b14b15@group-0C9C3B2D0CC1: changes role from  FOLLOWER to FOLLOWER at term 142 for recognizeCandidate:4dea926d-4bc6-487a-9b9b-9fd457d0fae4
2019-10-18 07:24:08,309 [grpc-default-executor-11] INFO  impl.RoleInfo (RoleInfo.java:shutdownFollowerState(121)) - 6633f50a-7046-4b08-9937-8e25f1b14b15: shutdown FollowerState
2019-10-18 07:24:08,309 [grpc-default-executor-11] INFO  impl.RoleInfo (RoleInfo.java:updateAndGet(143)) - 6633f50a-7046-4b08-9937-8e25f1b14b15: start FollowerState
2019-10-18 07:24:08,310 [grpc-default-executor-12] INFO  impl.RaftServerImpl (RaftServerImpl.java:setRole(184)) - 67270882-100a-4e75-928d-618d17e069c8@group-0C9C3B2D0CC1: changes role from  FOLLOWER to FOLLOWER at term 142 for recognizeCandidate:4dea926d-4bc6-487a-9b9b-9fd457d0fae4
2019-10-18 07:24:08,310 [grpc-default-executor-12] INFO  impl.RoleInfo (RoleInfo.java:shutdownFollowerState(121)) - 67270882-100a-4e75-928d-618d17e069c8: shutdown FollowerState
2019-10-18 07:24:08,310 [Thread-10552] INFO  impl.FollowerState (FollowerState.java:run(117)) - 6633f50a-7046-4b08-9937-8e25f1b14b15@group-0C9C3B2D0CC1-FollowerState was interrupted: java.lang.InterruptedException: sleep interrupted
2019-10-18 07:24:08,310 [Thread-10551] INFO  impl.FollowerState (FollowerState.java:run(117)) - 67270882-100a-4e75-928d-618d17e069c8@group-0C9C3B2D0CC1-FollowerState was interrupted: java.lang.InterruptedException: sleep interrupted
2019-10-18 07:24:08,310 [grpc-default-executor-12] INFO  impl.RoleInfo (RoleInfo.java:updateAndGet(143)) - 67270882-100a-4e75-928d-618d17e069c8: start FollowerState
2019-10-18 07:24:08,334 [4dea926d-4bc6-487a-9b9b-9fd457d0fae4@group-0C9C3B2D0CC1-LeaderElection1202] INFO  impl.LeaderElection (LeaderElection.java:logAndReturn(56)) - 4dea926d-4bc6-487a-9b9b-9fd457d0fae4@group-0C9C3B2D0CC1-LeaderElection1202: Election REJECTED; received 2 response(s) [4dea926d-4bc6-487a-9b9b-9fd457d0fae4<-6633f50a-7046-4b08-9937-8e25f1b14b15#0:FAIL-t142, 4dea926d-4bc6-487a-9b9b-9fd457d0fae4<-67270882-100a-4e75-928d-618d17e069c8#0:FAIL-t142] and 0 exception(s); 4dea926d-4bc6-487a-9b9b-9fd457d0fae4@group-0C9C3B2D0CC1:t142, leader=null, voted=4dea926d-4bc6-487a-9b9b-9fd457d0fae4, raftlog=4dea926d-4bc6-487a-9b9b-9fd457d0fae4@group-0C9C3B2D0CC1-SegmentedRaftLog:OPENED:c-1,f-1,i0, conf=-1: [6633f50a-7046-4b08-9937-8e25f1b14b15:192.168.34.25:39338, 67270882-100a-4e75-928d-618d17e069c8:192.168.34.25:36648, 4dea926d-4bc6-487a-9b9b-9fd457d0fae4:192.168.34.25:41624], old=null
2019-10-18 07:24:08,334 [4dea926d-4bc6-487a-9b9b-9fd457d0fae4@group-0C9C3B2D0CC1-LeaderElection1202] INFO  impl.RaftServerImpl (RaftServerImpl.java:setRole(184)) - 4dea926d-4bc6-487a-9b9b-9fd457d0fae4@group-0C9C3B2D0CC1: changes role from CANDIDATE to FOLLOWER at term 142 for DISCOVERED_A_NEW_TERM
2019-10-18 07:24:08,334 [4dea926d-4bc6-487a-9b9b-9fd457d0fae4@group-0C9C3B2D0CC1-LeaderElection1202] INFO  impl.RoleInfo (RoleInfo.java:shutdownLeaderElection(134)) - 4dea926d-4bc6-487a-9b9b-9fd457d0fae4: shutdown LeaderElection
2019-10-18 07:24:08,334 [4dea926d-4bc6-487a-9b9b-9fd457d0fae4@group-0C9C3B2D0CC1-LeaderElection1202] INFO  impl.RoleInfo (RoleInfo.java:updateAndGet(143)) - 4dea926d-4bc6-487a-9b9b-9fd457d0fae4: start FollowerState
2019-10-18 07:24:08,337 [Thread-10545] INFO  impl.FollowerState (FollowerState.java:run(108)) - 12ad0800-05cb-443c-9fdd-fa1debf04523@group-BCB82A5C07F5-FollowerState: change to CANDIDATE, lastRpcTime:121ms, electionTimeout:121ms
2019-10-18 07:24:08,337 [Thread-10545] INFO  impl.RoleInfo (RoleInfo.java:shutdownFollowerState(121)) - 12ad0800-05cb-443c-9fdd-fa1debf04523: shutdown FollowerState
2019-10-18 07:24:08,337 [Thread-10545] INFO  impl.RaftServerImpl (RaftServerImpl.java:setRole(184)) - 12ad0800-05cb-443c-9fdd-fa1debf04523@group-BCB82A5C07F5: changes role from  FOLLOWER to CANDIDATE at term 152 for changeToCandidate
2019-10-18 07:24:08,337 [Thread-10545] INFO  impl.RoleInfo (RoleInfo.java:updateAndGet(143)) - 12ad0800-05cb-443c-9fdd-fa1debf04523: start LeaderElection
2019-10-18 07:24:08,343 [Thread-10557] INFO  impl.FollowerState (FollowerState.java:run(108)) - 4dea926d-4bc6-487a-9b9b-9fd457d0fae4@group-0C9C3B2D0CC1-FollowerState: change to CANDIDATE, lastRpcTime:9ms, electionTimeout:9ms
2019-10-18 07:24:08,344 [Thread-10557] INFO  impl.RoleInfo (RoleInfo.java:shutdownFollowerState(121)) - 4dea926d-4bc6-487a-9b9b-9fd457d0fae4: shutdown FollowerState
2019-10-18 07:24:08,344 [Thread-10557] INFO  impl.RaftServerImpl (RaftServerImpl.java:setRole(184)) - 4dea926d-4bc6-487a-9b9b-9fd457d0fae4@group-0C9C3B2D0CC1: changes role from  FOLLOWER to CANDIDATE at term 142 for changeToCandidate
2019-10-18 07:24:08,344 [Thread-10557] INFO  impl.RoleInfo (RoleInfo.java:updateAndGet(143)) - 4dea926d-4bc6-487a-9b9b-9fd457d0fae4: start LeaderElection
2019-10-18 07:24:08,359 [4dea926d-4bc6-487a-9b9b-9fd457d0fae4@group-0C9C3B2D0CC1-LeaderElection1204] INFO  impl.LeaderElection (LeaderElection.java:askForVotes(178)) - 4dea926d-4bc6-487a-9b9b-9fd457d0fae4@group-0C9C3B2D0CC1-LeaderElection1204: begin an election at term 143 for -1: [6633f50a-7046-4b08-9937-8e25f1b14b15:192.168.34.25:39338, 67270882-100a-4e75-928d-618d17e069c8:192.168.34.25:36648, 4dea926d-4bc6-487a-9b9b-9fd457d0fae4:192.168.34.25:41624], old=null
2019-10-18 07:24:08,359 [12ad0800-05cb-443c-9fdd-fa1debf04523@group-BCB82A5C07F5-LeaderElection1203] INFO  impl.LeaderElection (LeaderElection.java:askForVotes(178)) - 12ad0800-05cb-443c-9fdd-fa1debf04523@group-BCB82A5C07F5-LeaderElection1203: begin an election at term 153 for -1: [12ad0800-05cb-443c-9fdd-fa1debf04523:192.168.34.25:41155, 5170c5f3-8499-4b42-9321-85fc8a351f79:192.168.34.25:43074, 0b10a9fc-47eb-4a2b-b664-8273d9d17379:192.168.34.25:45248], old=null
2019-10-18 07:24:08,361 [12ad0800-05cb-443c-9fdd-fa1debf04523@group-BCB82A5C07F5-LeaderElection1203] INFO  impl.LeaderElection (LogUtils.java:infoOrTrace(149)) - 12ad0800-05cb-443c-9fdd-fa1debf04523@group-BCB82A5C07F5-LeaderElection1203 got exception when requesting votes: {}
java.util.concurrent.ExecutionException: org.apache.ratis.thirdparty.io.grpc.StatusRuntimeException: UNAVAILABLE: io exception
	at java.util.concurrent.FutureTask.report(FutureTask.java:122)
	at java.util.concurrent.FutureTask.get(FutureTask.java:192)
	at org.apache.ratis.server.impl.LeaderElection.waitForResults(LeaderElection.java:259)
	at org.apache.ratis.server.impl.LeaderElection.askForVotes(LeaderElection.java:197)
	at org.apache.ratis.server.impl.LeaderElection.run(LeaderElection.java:133)
	at java.lang.Thread.run(Thread.java:748)
Caused by: org.apache.ratis.thirdparty.io.grpc.StatusRuntimeException: UNAVAILABLE: io exception
	at org.apache.ratis.thirdparty.io.grpc.stub.ClientCalls.toStatusRuntimeException(ClientCalls.java:233)
	at org.apache.ratis.thirdparty.io.grpc.stub.ClientCalls.getUnchecked(ClientCalls.java:214)
	at org.apache.ratis.thirdparty.io.grpc.stub.ClientCalls.blockingUnaryCall(ClientCalls.java:139)
	at org.apache.ratis.proto.grpc.RaftServerProtocolServiceGrpc$RaftServerProtocolServiceBlockingStub.requestVote(RaftServerProtocolServiceGrpc.java:265)
	at org.apache.ratis.grpc.server.GrpcServerProtocolClient.requestVote(GrpcServerProtocolClient.java:99)
	at org.apache.ratis.grpc.server.GrpcService.requestVote(GrpcService.java:204)
	at org.apache.ratis.server.impl.LeaderElection.lambda$submitRequests$1(LeaderElection.java:234)
	at java.util.concurrent.FutureTask.run(FutureTask.java:266)
	at java.util.concurrent.Executors$RunnableAdapter.call(Executors.java:511)
	at java.util.concurrent.FutureTask.run(FutureTask.java:266)
	at java.util.concurrent.ThreadPoolExecutor.runWorker(ThreadPoolExecutor.java:1149)
	at java.util.concurrent.ThreadPoolExecutor$Worker.run(ThreadPoolExecutor.java:624)
	... 1 more
Caused by: org.apache.ratis.thirdparty.io.netty.channel.AbstractChannel$AnnotatedConnectException: Connection refused: /192.168.34.25:45248
	at sun.nio.ch.SocketChannelImpl.checkConnect(Native Method)
	at sun.nio.ch.SocketChannelImpl.finishConnect(SocketChannelImpl.java:717)
	at org.apache.ratis.thirdparty.io.netty.channel.socket.nio.NioSocketChannel.doFinishConnect(NioSocketChannel.java:327)
	at org.apache.ratis.thirdparty.io.netty.channel.nio.AbstractNioChannel$AbstractNioUnsafe.finishConnect(AbstractNioChannel.java:340)
	at org.apache.ratis.thirdparty.io.netty.channel.nio.NioEventLoop.processSelectedKey(NioEventLoop.java:632)
	at org.apache.ratis.thirdparty.io.netty.channel.nio.NioEventLoop.processSelectedKeysOptimized(NioEventLoop.java:579)
	at org.apache.ratis.thirdparty.io.netty.channel.nio.NioEventLoop.processSelectedKeys(NioEventLoop.java:496)
	at org.apache.ratis.thirdparty.io.netty.channel.nio.NioEventLoop.run(NioEventLoop.java:458)
	at org.apache.ratis.thirdparty.io.netty.util.concurrent.SingleThreadEventExecutor$5.run(SingleThreadEventExecutor.java:897)
	at org.apache.ratis.thirdparty.io.netty.util.concurrent.FastThreadLocalRunnable.run(FastThreadLocalRunnable.java:30)
	... 1 more
Caused by: java.net.ConnectException: Connection refused
	... 11 more
2019-10-18 07:24:08,361 [grpc-default-executor-11] INFO  impl.RaftServerImpl (RaftServerImpl.java:setRole(184)) - 6633f50a-7046-4b08-9937-8e25f1b14b15@group-0C9C3B2D0CC1: changes role from  FOLLOWER to FOLLOWER at term 143 for recognizeCandidate:4dea926d-4bc6-487a-9b9b-9fd457d0fae4
2019-10-18 07:24:08,362 [grpc-default-executor-11] INFO  impl.RoleInfo (RoleInfo.java:shutdownFollowerState(121)) - 6633f50a-7046-4b08-9937-8e25f1b14b15: shutdown FollowerState
2019-10-18 07:24:08,362 [grpc-default-executor-14] INFO  impl.RaftServerImpl (RaftServerImpl.java:setRole(184)) - 5170c5f3-8499-4b42-9321-85fc8a351f79@group-BCB82A5C07F5: changes role from  FOLLOWER to FOLLOWER at term 153 for recognizeCandidate:12ad0800-05cb-443c-9fdd-fa1debf04523
2019-10-18 07:24:08,362 [grpc-default-executor-14] INFO  impl.RoleInfo (RoleInfo.java:shutdownFollowerState(121)) - 5170c5f3-8499-4b42-9321-85fc8a351f79: shutdown FollowerState
2019-10-18 07:24:08,362 [grpc-default-executor-12] INFO  impl.RaftServerImpl (RaftServerImpl.java:setRole(184)) - 67270882-100a-4e75-928d-618d17e069c8@group-0C9C3B2D0CC1: changes role from  FOLLOWER to FOLLOWER at term 143 for recognizeCandidate:4dea926d-4bc6-487a-9b9b-9fd457d0fae4
2019-10-18 07:24:08,362 [Thread-10544] INFO  impl.FollowerState (FollowerState.java:run(117)) - 5170c5f3-8499-4b42-9321-85fc8a351f79@group-BCB82A5C07F5-FollowerState was interrupted: java.lang.InterruptedException: sleep interrupted
2019-10-18 07:24:08,362 [grpc-default-executor-14] INFO  impl.RoleInfo (RoleInfo.java:updateAndGet(143)) - 5170c5f3-8499-4b42-9321-85fc8a351f79: start FollowerState
2019-10-18 07:24:08,362 [Thread-10555] INFO  impl.FollowerState (FollowerState.java:run(117)) - 6633f50a-7046-4b08-9937-8e25f1b14b15@group-0C9C3B2D0CC1-FollowerState was interrupted: java.lang.InterruptedException: sleep interrupted
2019-10-18 07:24:08,362 [grpc-default-executor-11] INFO  impl.RoleInfo (RoleInfo.java:updateAndGet(143)) - 6633f50a-7046-4b08-9937-8e25f1b14b15: start FollowerState
2019-10-18 07:24:08,362 [grpc-default-executor-12] INFO  impl.RoleInfo (RoleInfo.java:shutdownFollowerState(121)) - 67270882-100a-4e75-928d-618d17e069c8: shutdown FollowerState
2019-10-18 07:24:08,363 [grpc-default-executor-12] INFO  impl.RoleInfo (RoleInfo.java:updateAndGet(143)) - 67270882-100a-4e75-928d-618d17e069c8: start FollowerState
2019-10-18 07:24:08,363 [Thread-10556] INFO  impl.FollowerState (FollowerState.java:run(117)) - 67270882-100a-4e75-928d-618d17e069c8@group-0C9C3B2D0CC1-FollowerState was interrupted: java.lang.InterruptedException: sleep interrupted
2019-10-18 07:24:08,368 [12ad0800-05cb-443c-9fdd-fa1debf04523@group-BCB82A5C07F5-LeaderElection1203] INFO  impl.LeaderElection (LeaderElection.java:logAndReturn(56)) - 12ad0800-05cb-443c-9fdd-fa1debf04523@group-BCB82A5C07F5-LeaderElection1203: Election TIMEOUT; received 0 response(s) [] and 1 exception(s); 12ad0800-05cb-443c-9fdd-fa1debf04523@group-BCB82A5C07F5:t153, leader=null, voted=12ad0800-05cb-443c-9fdd-fa1debf04523, raftlog=12ad0800-05cb-443c-9fdd-fa1debf04523@group-BCB82A5C07F5-SegmentedRaftLog:OPENED:c-1,f-1,i0, conf=-1: [12ad0800-05cb-443c-9fdd-fa1debf04523:192.168.34.25:41155, 5170c5f3-8499-4b42-9321-85fc8a351f79:192.168.34.25:43074, 0b10a9fc-47eb-4a2b-b664-8273d9d17379:192.168.34.25:45248], old=null
2019-10-18 07:24:08,368 [12ad0800-05cb-443c-9fdd-fa1debf04523@group-BCB82A5C07F5-LeaderElection1203] INFO  impl.LeaderElection (LogUtils.java:infoOrTrace(149)) -   Exception 0: {}
java.util.concurrent.ExecutionException: org.apache.ratis.thirdparty.io.grpc.StatusRuntimeException: UNAVAILABLE: io exception
	at java.util.concurrent.FutureTask.report(FutureTask.java:122)
	at java.util.concurrent.FutureTask.get(FutureTask.java:192)
	at org.apache.ratis.server.impl.LeaderElection.waitForResults(LeaderElection.java:259)
	at org.apache.ratis.server.impl.LeaderElection.askForVotes(LeaderElection.java:197)
	at org.apache.ratis.server.impl.LeaderElection.run(LeaderElection.java:133)
	at java.lang.Thread.run(Thread.java:748)
Caused by: org.apache.ratis.thirdparty.io.grpc.StatusRuntimeException: UNAVAILABLE: io exception
	at org.apache.ratis.thirdparty.io.grpc.stub.ClientCalls.toStatusRuntimeException(ClientCalls.java:233)
	at org.apache.ratis.thirdparty.io.grpc.stub.ClientCalls.getUnchecked(ClientCalls.java:214)
	at org.apache.ratis.thirdparty.io.grpc.stub.ClientCalls.blockingUnaryCall(ClientCalls.java:139)
	at org.apache.ratis.proto.grpc.RaftServerProtocolServiceGrpc$RaftServerProtocolServiceBlockingStub.requestVote(RaftServerProtocolServiceGrpc.java:265)
	at org.apache.ratis.grpc.server.GrpcServerProtocolClient.requestVote(GrpcServerProtocolClient.java:99)
	at org.apache.ratis.grpc.server.GrpcService.requestVote(GrpcService.java:204)
	at org.apache.ratis.server.impl.LeaderElection.lambda$submitRequests$1(LeaderElection.java:234)
	at java.util.concurrent.FutureTask.run(FutureTask.java:266)
	at java.util.concurrent.Executors$RunnableAdapter.call(Executors.java:511)
	at java.util.concurrent.FutureTask.run(FutureTask.java:266)
	at java.util.concurrent.ThreadPoolExecutor.runWorker(ThreadPoolExecutor.java:1149)
	at java.util.concurrent.ThreadPoolExecutor$Worker.run(ThreadPoolExecutor.java:624)
	... 1 more
Caused by: org.apache.ratis.thirdparty.io.netty.channel.AbstractChannel$AnnotatedConnectException: Connection refused: /192.168.34.25:45248
	at sun.nio.ch.SocketChannelImpl.checkConnect(Native Method)
	at sun.nio.ch.SocketChannelImpl.finishConnect(SocketChannelImpl.java:717)
	at org.apache.ratis.thirdparty.io.netty.channel.socket.nio.NioSocketChannel.doFinishConnect(NioSocketChannel.java:327)
	at org.apache.ratis.thirdparty.io.netty.channel.nio.AbstractNioChannel$AbstractNioUnsafe.finishConnect(AbstractNioChannel.java:340)
	at org.apache.ratis.thirdparty.io.netty.channel.nio.NioEventLoop.processSelectedKey(NioEventLoop.java:632)
	at org.apache.ratis.thirdparty.io.netty.channel.nio.NioEventLoop.processSelectedKeysOptimized(NioEventLoop.java:579)
	at org.apache.ratis.thirdparty.io.netty.channel.nio.NioEventLoop.processSelectedKeys(NioEventLoop.java:496)
	at org.apache.ratis.thirdparty.io.netty.channel.nio.NioEventLoop.run(NioEventLoop.java:458)
	at org.apache.ratis.thirdparty.io.netty.util.concurrent.SingleThreadEventExecutor$5.run(SingleThreadEventExecutor.java:897)
	at org.apache.ratis.thirdparty.io.netty.util.concurrent.FastThreadLocalRunnable.run(FastThreadLocalRunnable.java:30)
	... 1 more
Caused by: java.net.ConnectException: Connection refused
	... 11 more
2019-10-18 07:24:08,385 [12ad0800-05cb-443c-9fdd-fa1debf04523@group-BCB82A5C07F5-LeaderElection1203] INFO  impl.LeaderElection (LeaderElection.java:askForVotes(178)) - 12ad0800-05cb-443c-9fdd-fa1debf04523@group-BCB82A5C07F5-LeaderElection1203: begin an election at term 154 for -1: [12ad0800-05cb-443c-9fdd-fa1debf04523:192.168.34.25:41155, 5170c5f3-8499-4b42-9321-85fc8a351f79:192.168.34.25:43074, 0b10a9fc-47eb-4a2b-b664-8273d9d17379:192.168.34.25:45248], old=null
2019-10-18 07:24:08,385 [4dea926d-4bc6-487a-9b9b-9fd457d0fae4@group-0C9C3B2D0CC1-LeaderElection1204] INFO  impl.LeaderElection (LeaderElection.java:logAndReturn(56)) - 4dea926d-4bc6-487a-9b9b-9fd457d0fae4@group-0C9C3B2D0CC1-LeaderElection1204: Election REJECTED; received 2 response(s) [4dea926d-4bc6-487a-9b9b-9fd457d0fae4<-6633f50a-7046-4b08-9937-8e25f1b14b15#0:FAIL-t143, 4dea926d-4bc6-487a-9b9b-9fd457d0fae4<-67270882-100a-4e75-928d-618d17e069c8#0:FAIL-t143] and 0 exception(s); 4dea926d-4bc6-487a-9b9b-9fd457d0fae4@group-0C9C3B2D0CC1:t143, leader=null, voted=4dea926d-4bc6-487a-9b9b-9fd457d0fae4, raftlog=4dea926d-4bc6-487a-9b9b-9fd457d0fae4@group-0C9C3B2D0CC1-SegmentedRaftLog:OPENED:c-1,f-1,i0, conf=-1: [6633f50a-7046-4b08-9937-8e25f1b14b15:192.168.34.25:39338, 67270882-100a-4e75-928d-618d17e069c8:192.168.34.25:36648, 4dea926d-4bc6-487a-9b9b-9fd457d0fae4:192.168.34.25:41624], old=null
2019-10-18 07:24:08,385 [4dea926d-4bc6-487a-9b9b-9fd457d0fae4@group-0C9C3B2D0CC1-LeaderElection1204] INFO  impl.RaftServerImpl (RaftServerImpl.java:setRole(184)) - 4dea926d-4bc6-487a-9b9b-9fd457d0fae4@group-0C9C3B2D0CC1: changes role from CANDIDATE to FOLLOWER at term 143 for DISCOVERED_A_NEW_TERM
2019-10-18 07:24:08,386 [4dea926d-4bc6-487a-9b9b-9fd457d0fae4@group-0C9C3B2D0CC1-LeaderElection1204] INFO  impl.RoleInfo (RoleInfo.java:shutdownLeaderElection(134)) - 4dea926d-4bc6-487a-9b9b-9fd457d0fae4: shutdown LeaderElection
2019-10-18 07:24:08,386 [12ad0800-05cb-443c-9fdd-fa1debf04523@group-BCB82A5C07F5-LeaderElection1203] INFO  impl.LeaderElection (LogUtils.java:infoOrTrace(149)) - 12ad0800-05cb-443c-9fdd-fa1debf04523@group-BCB82A5C07F5-LeaderElection1203 got exception when requesting votes: {}
java.util.concurrent.ExecutionException: org.apache.ratis.thirdparty.io.grpc.StatusRuntimeException: UNAVAILABLE: io exception
	at java.util.concurrent.FutureTask.report(FutureTask.java:122)
	at java.util.concurrent.FutureTask.get(FutureTask.java:192)
	at org.apache.ratis.server.impl.LeaderElection.waitForResults(LeaderElection.java:259)
	at org.apache.ratis.server.impl.LeaderElection.askForVotes(LeaderElection.java:197)
	at org.apache.ratis.server.impl.LeaderElection.run(LeaderElection.java:133)
	at java.lang.Thread.run(Thread.java:748)
Caused by: org.apache.ratis.thirdparty.io.grpc.StatusRuntimeException: UNAVAILABLE: io exception
	at org.apache.ratis.thirdparty.io.grpc.stub.ClientCalls.toStatusRuntimeException(ClientCalls.java:233)
	at org.apache.ratis.thirdparty.io.grpc.stub.ClientCalls.getUnchecked(ClientCalls.java:214)
	at org.apache.ratis.thirdparty.io.grpc.stub.ClientCalls.blockingUnaryCall(ClientCalls.java:139)
	at org.apache.ratis.proto.grpc.RaftServerProtocolServiceGrpc$RaftServerProtocolServiceBlockingStub.requestVote(RaftServerProtocolServiceGrpc.java:265)
	at org.apache.ratis.grpc.server.GrpcServerProtocolClient.requestVote(GrpcServerProtocolClient.java:99)
	at org.apache.ratis.grpc.server.GrpcService.requestVote(GrpcService.java:204)
	at org.apache.ratis.server.impl.LeaderElection.lambda$submitRequests$1(LeaderElection.java:234)
	at java.util.concurrent.FutureTask.run(FutureTask.java:266)
	at java.util.concurrent.Executors$RunnableAdapter.call(Executors.java:511)
	at java.util.concurrent.FutureTask.run(FutureTask.java:266)
	at java.util.concurrent.ThreadPoolExecutor.runWorker(ThreadPoolExecutor.java:1149)
	at java.util.concurrent.ThreadPoolExecutor$Worker.run(ThreadPoolExecutor.java:624)
	... 1 more
Caused by: org.apache.ratis.thirdparty.io.netty.channel.AbstractChannel$AnnotatedConnectException: Connection refused: /192.168.34.25:45248
	at sun.nio.ch.SocketChannelImpl.checkConnect(Native Method)
	at sun.nio.ch.SocketChannelImpl.finishConnect(SocketChannelImpl.java:717)
	at org.apache.ratis.thirdparty.io.netty.channel.socket.nio.NioSocketChannel.doFinishConnect(NioSocketChannel.java:327)
	at org.apache.ratis.thirdparty.io.netty.channel.nio.AbstractNioChannel$AbstractNioUnsafe.finishConnect(AbstractNioChannel.java:340)
	at org.apache.ratis.thirdparty.io.netty.channel.nio.NioEventLoop.processSelectedKey(NioEventLoop.java:632)
	at org.apache.ratis.thirdparty.io.netty.channel.nio.NioEventLoop.processSelectedKeysOptimized(NioEventLoop.java:579)
	at org.apache.ratis.thirdparty.io.netty.channel.nio.NioEventLoop.processSelectedKeys(NioEventLoop.java:496)
	at org.apache.ratis.thirdparty.io.netty.channel.nio.NioEventLoop.run(NioEventLoop.java:458)
	at org.apache.ratis.thirdparty.io.netty.util.concurrent.SingleThreadEventExecutor$5.run(SingleThreadEventExecutor.java:897)
	at org.apache.ratis.thirdparty.io.netty.util.concurrent.FastThreadLocalRunnable.run(FastThreadLocalRunnable.java:30)
	... 1 more
Caused by: java.net.ConnectException: Connection refused
	... 11 more
2019-10-18 07:24:08,386 [4dea926d-4bc6-487a-9b9b-9fd457d0fae4@group-0C9C3B2D0CC1-LeaderElection1204] INFO  impl.RoleInfo (RoleInfo.java:updateAndGet(143)) - 4dea926d-4bc6-487a-9b9b-9fd457d0fae4: start FollowerState
2019-10-18 07:24:08,386 [grpc-default-executor-11] INFO  impl.RaftServerImpl (RaftServerImpl.java:setRole(184)) - 5170c5f3-8499-4b42-9321-85fc8a351f79@group-BCB82A5C07F5: changes role from  FOLLOWER to FOLLOWER at term 154 for recognizeCandidate:12ad0800-05cb-443c-9fdd-fa1debf04523
2019-10-18 07:24:08,386 [grpc-default-executor-11] INFO  impl.RoleInfo (RoleInfo.java:shutdownFollowerState(121)) - 5170c5f3-8499-4b42-9321-85fc8a351f79: shutdown FollowerState
2019-10-18 07:24:08,387 [grpc-default-executor-11] INFO  impl.RoleInfo (RoleInfo.java:updateAndGet(143)) - 5170c5f3-8499-4b42-9321-85fc8a351f79: start FollowerState
2019-10-18 07:24:08,387 [Thread-10565] INFO  impl.FollowerState (FollowerState.java:run(117)) - 5170c5f3-8499-4b42-9321-85fc8a351f79@group-BCB82A5C07F5-FollowerState was interrupted: java.lang.InterruptedException: sleep interrupted
2019-10-18 07:24:08,410 [12ad0800-05cb-443c-9fdd-fa1debf04523@group-BCB82A5C07F5-LeaderElection1203] INFO  impl.LeaderElection (LeaderElection.java:logAndReturn(56)) - 12ad0800-05cb-443c-9fdd-fa1debf04523@group-BCB82A5C07F5-LeaderElection1203: Election REJECTED; received 1 response(s) [12ad0800-05cb-443c-9fdd-fa1debf04523<-5170c5f3-8499-4b42-9321-85fc8a351f79#0:FAIL-t154] and 1 exception(s); 12ad0800-05cb-443c-9fdd-fa1debf04523@group-BCB82A5C07F5:t154, leader=null, voted=12ad0800-05cb-443c-9fdd-fa1debf04523, raftlog=12ad0800-05cb-443c-9fdd-fa1debf04523@group-BCB82A5C07F5-SegmentedRaftLog:OPENED:c-1,f-1,i0, conf=-1: [12ad0800-05cb-443c-9fdd-fa1debf04523:192.168.34.25:41155, 5170c5f3-8499-4b42-9321-85fc8a351f79:192.168.34.25:43074, 0b10a9fc-47eb-4a2b-b664-8273d9d17379:192.168.34.25:45248], old=null
2019-10-18 07:24:08,411 [12ad0800-05cb-443c-9fdd-fa1debf04523@group-BCB82A5C07F5-LeaderElection1203] INFO  impl.LeaderElection (LogUtils.java:infoOrTrace(149)) -   Exception 0: {}
java.util.concurrent.ExecutionException: org.apache.ratis.thirdparty.io.grpc.StatusRuntimeException: UNAVAILABLE: io exception
	at java.util.concurrent.FutureTask.report(FutureTask.java:122)
	at java.util.concurrent.FutureTask.get(FutureTask.java:192)
	at org.apache.ratis.server.impl.LeaderElection.waitForResults(LeaderElection.java:259)
	at org.apache.ratis.server.impl.LeaderElection.askForVotes(LeaderElection.java:197)
	at org.apache.ratis.server.impl.LeaderElection.run(LeaderElection.java:133)
	at java.lang.Thread.run(Thread.java:748)
Caused by: org.apache.ratis.thirdparty.io.grpc.StatusRuntimeException: UNAVAILABLE: io exception
	at org.apache.ratis.thirdparty.io.grpc.stub.ClientCalls.toStatusRuntimeException(ClientCalls.java:233)
	at org.apache.ratis.thirdparty.io.grpc.stub.ClientCalls.getUnchecked(ClientCalls.java:214)
	at org.apache.ratis.thirdparty.io.grpc.stub.ClientCalls.blockingUnaryCall(ClientCalls.java:139)
	at org.apache.ratis.proto.grpc.RaftServerProtocolServiceGrpc$RaftServerProtocolServiceBlockingStub.requestVote(RaftServerProtocolServiceGrpc.java:265)
	at org.apache.ratis.grpc.server.GrpcServerProtocolClient.requestVote(GrpcServerProtocolClient.java:99)
	at org.apache.ratis.grpc.server.GrpcService.requestVote(GrpcService.java:204)
	at org.apache.ratis.server.impl.LeaderElection.lambda$submitRequests$1(LeaderElection.java:234)
	at java.util.concurrent.FutureTask.run(FutureTask.java:266)
	at java.util.concurrent.Executors$RunnableAdapter.call(Executors.java:511)
	at java.util.concurrent.FutureTask.run(FutureTask.java:266)
	at java.util.concurrent.ThreadPoolExecutor.runWorker(ThreadPoolExecutor.java:1149)
	at java.util.concurrent.ThreadPoolExecutor$Worker.run(ThreadPoolExecutor.java:624)
	... 1 more
Caused by: org.apache.ratis.thirdparty.io.netty.channel.AbstractChannel$AnnotatedConnectException: Connection refused: /192.168.34.25:45248
	at sun.nio.ch.SocketChannelImpl.checkConnect(Native Method)
	at sun.nio.ch.SocketChannelImpl.finishConnect(SocketChannelImpl.java:717)
	at org.apache.ratis.thirdparty.io.netty.channel.socket.nio.NioSocketChannel.doFinishConnect(NioSocketChannel.java:327)
	at org.apache.ratis.thirdparty.io.netty.channel.nio.AbstractNioChannel$AbstractNioUnsafe.finishConnect(AbstractNioChannel.java:340)
	at org.apache.ratis.thirdparty.io.netty.channel.nio.NioEventLoop.processSelectedKey(NioEventLoop.java:632)
	at org.apache.ratis.thirdparty.io.netty.channel.nio.NioEventLoop.processSelectedKeysOptimized(NioEventLoop.java:579)
	at org.apache.ratis.thirdparty.io.netty.channel.nio.NioEventLoop.processSelectedKeys(NioEventLoop.java:496)
	at org.apache.ratis.thirdparty.io.netty.channel.nio.NioEventLoop.run(NioEventLoop.java:458)
	at org.apache.ratis.thirdparty.io.netty.util.concurrent.SingleThreadEventExecutor$5.run(SingleThreadEventExecutor.java:897)
	at org.apache.ratis.thirdparty.io.netty.util.concurrent.FastThreadLocalRunnable.run(FastThreadLocalRunnable.java:30)
	... 1 more
Caused by: java.net.ConnectException: Connection refused
	... 11 more
2019-10-18 07:24:08,411 [12ad0800-05cb-443c-9fdd-fa1debf04523@group-BCB82A5C07F5-LeaderElection1203] INFO  impl.RaftServerImpl (RaftServerImpl.java:setRole(184)) - 12ad0800-05cb-443c-9fdd-fa1debf04523@group-BCB82A5C07F5: changes role from CANDIDATE to FOLLOWER at term 154 for DISCOVERED_A_NEW_TERM
2019-10-18 07:24:08,411 [12ad0800-05cb-443c-9fdd-fa1debf04523@group-BCB82A5C07F5-LeaderElection1203] INFO  impl.RoleInfo (RoleInfo.java:shutdownLeaderElection(134)) - 12ad0800-05cb-443c-9fdd-fa1debf04523: shutdown LeaderElection
2019-10-18 07:24:08,411 [12ad0800-05cb-443c-9fdd-fa1debf04523@group-BCB82A5C07F5-LeaderElection1203] INFO  impl.RoleInfo (RoleInfo.java:updateAndGet(143)) - 12ad0800-05cb-443c-9fdd-fa1debf04523: start FollowerState
2019-10-18 07:24:08,497 [Thread-10569] INFO  impl.FollowerState (FollowerState.java:run(108)) - 4dea926d-4bc6-487a-9b9b-9fd457d0fae4@group-0C9C3B2D0CC1-FollowerState: change to CANDIDATE, lastRpcTime:111ms, electionTimeout:111ms
2019-10-18 07:24:08,498 [Thread-10569] INFO  impl.RoleInfo (RoleInfo.java:shutdownFollowerState(121)) - 4dea926d-4bc6-487a-9b9b-9fd457d0fae4: shutdown FollowerState
2019-10-18 07:24:08,498 [Thread-10569] INFO  impl.RaftServerImpl (RaftServerImpl.java:setRole(184)) - 4dea926d-4bc6-487a-9b9b-9fd457d0fae4@group-0C9C3B2D0CC1: changes role from  FOLLOWER to CANDIDATE at term 143 for changeToCandidate
2019-10-18 07:24:08,498 [Thread-10569] INFO  impl.RoleInfo (RoleInfo.java:updateAndGet(143)) - 4dea926d-4bc6-487a-9b9b-9fd457d0fae4: start LeaderElection
2019-10-18 07:24:08,552 [4dea926d-4bc6-487a-9b9b-9fd457d0fae4@group-0C9C3B2D0CC1-LeaderElection1205] INFO  impl.LeaderElection (LeaderElection.java:askForVotes(178)) - 4dea926d-4bc6-487a-9b9b-9fd457d0fae4@group-0C9C3B2D0CC1-LeaderElection1205: begin an election at term 144 for -1: [6633f50a-7046-4b08-9937-8e25f1b14b15:192.168.34.25:39338, 67270882-100a-4e75-928d-618d17e069c8:192.168.34.25:36648, 4dea926d-4bc6-487a-9b9b-9fd457d0fae4:192.168.34.25:41624], old=null
2019-10-18 07:24:08,553 [grpc-default-executor-11] INFO  impl.RaftServerImpl (RaftServerImpl.java:setRole(184)) - 6633f50a-7046-4b08-9937-8e25f1b14b15@group-0C9C3B2D0CC1: changes role from  FOLLOWER to FOLLOWER at term 144 for recognizeCandidate:4dea926d-4bc6-487a-9b9b-9fd457d0fae4
2019-10-18 07:24:08,554 [grpc-default-executor-11] INFO  impl.RoleInfo (RoleInfo.java:shutdownFollowerState(121)) - 6633f50a-7046-4b08-9937-8e25f1b14b15: shutdown FollowerState
2019-10-18 07:24:08,554 [grpc-default-executor-12] INFO  impl.RaftServerImpl (RaftServerImpl.java:setRole(184)) - 67270882-100a-4e75-928d-618d17e069c8@group-0C9C3B2D0CC1: changes role from  FOLLOWER to FOLLOWER at term 144 for recognizeCandidate:4dea926d-4bc6-487a-9b9b-9fd457d0fae4
2019-10-18 07:24:08,554 [grpc-default-executor-12] INFO  impl.RoleInfo (RoleInfo.java:shutdownFollowerState(121)) - 67270882-100a-4e75-928d-618d17e069c8: shutdown FollowerState
2019-10-18 07:24:08,554 [Thread-10564] INFO  impl.FollowerState (FollowerState.java:run(117)) - 6633f50a-7046-4b08-9937-8e25f1b14b15@group-0C9C3B2D0CC1-FollowerState was interrupted: java.lang.InterruptedException: sleep interrupted
2019-10-18 07:24:08,554 [grpc-default-executor-11] INFO  impl.RoleInfo (RoleInfo.java:updateAndGet(143)) - 6633f50a-7046-4b08-9937-8e25f1b14b15: start FollowerState
2019-10-18 07:24:08,554 [Thread-10566] INFO  impl.FollowerState (FollowerState.java:run(117)) - 67270882-100a-4e75-928d-618d17e069c8@group-0C9C3B2D0CC1-FollowerState was interrupted: java.lang.InterruptedException: sleep interrupted
2019-10-18 07:24:08,554 [grpc-default-executor-12] INFO  impl.RoleInfo (RoleInfo.java:updateAndGet(143)) - 67270882-100a-4e75-928d-618d17e069c8: start FollowerState
2019-10-18 07:24:08,571 [Thread-10571] INFO  impl.FollowerState (FollowerState.java:run(108)) - 12ad0800-05cb-443c-9fdd-fa1debf04523@group-BCB82A5C07F5-FollowerState: change to CANDIDATE, lastRpcTime:159ms, electionTimeout:159ms
2019-10-18 07:24:08,571 [Thread-10571] INFO  impl.RoleInfo (RoleInfo.java:shutdownFollowerState(121)) - 12ad0800-05cb-443c-9fdd-fa1debf04523: shutdown FollowerState
2019-10-18 07:24:08,571 [Thread-10571] INFO  impl.RaftServerImpl (RaftServerImpl.java:setRole(184)) - 12ad0800-05cb-443c-9fdd-fa1debf04523@group-BCB82A5C07F5: changes role from  FOLLOWER to CANDIDATE at term 154 for changeToCandidate
2019-10-18 07:24:08,571 [Thread-10571] INFO  impl.RoleInfo (RoleInfo.java:updateAndGet(143)) - 12ad0800-05cb-443c-9fdd-fa1debf04523: start LeaderElection
2019-10-18 07:24:08,578 [4dea926d-4bc6-487a-9b9b-9fd457d0fae4@group-0C9C3B2D0CC1-LeaderElection1205] INFO  impl.LeaderElection (LeaderElection.java:logAndReturn(56)) - 4dea926d-4bc6-487a-9b9b-9fd457d0fae4@group-0C9C3B2D0CC1-LeaderElection1205: Election REJECTED; received 2 response(s) [4dea926d-4bc6-487a-9b9b-9fd457d0fae4<-6633f50a-7046-4b08-9937-8e25f1b14b15#0:FAIL-t144, 4dea926d-4bc6-487a-9b9b-9fd457d0fae4<-67270882-100a-4e75-928d-618d17e069c8#0:FAIL-t144] and 0 exception(s); 4dea926d-4bc6-487a-9b9b-9fd457d0fae4@group-0C9C3B2D0CC1:t144, leader=null, voted=4dea926d-4bc6-487a-9b9b-9fd457d0fae4, raftlog=4dea926d-4bc6-487a-9b9b-9fd457d0fae4@group-0C9C3B2D0CC1-SegmentedRaftLog:OPENED:c-1,f-1,i0, conf=-1: [6633f50a-7046-4b08-9937-8e25f1b14b15:192.168.34.25:39338, 67270882-100a-4e75-928d-618d17e069c8:192.168.34.25:36648, 4dea926d-4bc6-487a-9b9b-9fd457d0fae4:192.168.34.25:41624], old=null
2019-10-18 07:24:08,578 [4dea926d-4bc6-487a-9b9b-9fd457d0fae4@group-0C9C3B2D0CC1-LeaderElection1205] INFO  impl.RaftServerImpl (RaftServerImpl.java:setRole(184)) - 4dea926d-4bc6-487a-9b9b-9fd457d0fae4@group-0C9C3B2D0CC1: changes role from CANDIDATE to FOLLOWER at term 144 for DISCOVERED_A_NEW_TERM
2019-10-18 07:24:08,578 [4dea926d-4bc6-487a-9b9b-9fd457d0fae4@group-0C9C3B2D0CC1-LeaderElection1205] INFO  impl.RoleInfo (RoleInfo.java:shutdownLeaderElection(134)) - 4dea926d-4bc6-487a-9b9b-9fd457d0fae4: shutdown LeaderElection
2019-10-18 07:24:08,578 [4dea926d-4bc6-487a-9b9b-9fd457d0fae4@group-0C9C3B2D0CC1-LeaderElection1205] INFO  impl.RoleInfo (RoleInfo.java:updateAndGet(143)) - 4dea926d-4bc6-487a-9b9b-9fd457d0fae4: start FollowerState
2019-10-18 07:24:08,595 [12ad0800-05cb-443c-9fdd-fa1debf04523@group-BCB82A5C07F5-LeaderElection1206] INFO  impl.LeaderElection (LeaderElection.java:askForVotes(178)) - 12ad0800-05cb-443c-9fdd-fa1debf04523@group-BCB82A5C07F5-LeaderElection1206: begin an election at term 155 for -1: [12ad0800-05cb-443c-9fdd-fa1debf04523:192.168.34.25:41155, 5170c5f3-8499-4b42-9321-85fc8a351f79:192.168.34.25:43074, 0b10a9fc-47eb-4a2b-b664-8273d9d17379:192.168.34.25:45248], old=null
2019-10-18 07:24:08,595 [12ad0800-05cb-443c-9fdd-fa1debf04523@group-BCB82A5C07F5-LeaderElection1206] INFO  impl.LeaderElection (LogUtils.java:infoOrTrace(149)) - 12ad0800-05cb-443c-9fdd-fa1debf04523@group-BCB82A5C07F5-LeaderElection1206 got exception when requesting votes: {}
java.util.concurrent.ExecutionException: org.apache.ratis.thirdparty.io.grpc.StatusRuntimeException: UNAVAILABLE: io exception
	at java.util.concurrent.FutureTask.report(FutureTask.java:122)
	at java.util.concurrent.FutureTask.get(FutureTask.java:192)
	at org.apache.ratis.server.impl.LeaderElection.waitForResults(LeaderElection.java:259)
	at org.apache.ratis.server.impl.LeaderElection.askForVotes(LeaderElection.java:197)
	at org.apache.ratis.server.impl.LeaderElection.run(LeaderElection.java:133)
	at java.lang.Thread.run(Thread.java:748)
Caused by: org.apache.ratis.thirdparty.io.grpc.StatusRuntimeException: UNAVAILABLE: io exception
	at org.apache.ratis.thirdparty.io.grpc.stub.ClientCalls.toStatusRuntimeException(ClientCalls.java:233)
	at org.apache.ratis.thirdparty.io.grpc.stub.ClientCalls.getUnchecked(ClientCalls.java:214)
	at org.apache.ratis.thirdparty.io.grpc.stub.ClientCalls.blockingUnaryCall(ClientCalls.java:139)
	at org.apache.ratis.proto.grpc.RaftServerProtocolServiceGrpc$RaftServerProtocolServiceBlockingStub.requestVote(RaftServerProtocolServiceGrpc.java:265)
	at org.apache.ratis.grpc.server.GrpcServerProtocolClient.requestVote(GrpcServerProtocolClient.java:99)
	at org.apache.ratis.grpc.server.GrpcService.requestVote(GrpcService.java:204)
	at org.apache.ratis.server.impl.LeaderElection.lambda$submitRequests$1(LeaderElection.java:234)
	at java.util.concurrent.FutureTask.run(FutureTask.java:266)
	at java.util.concurrent.Executors$RunnableAdapter.call(Executors.java:511)
	at java.util.concurrent.FutureTask.run(FutureTask.java:266)
	at java.util.concurrent.ThreadPoolExecutor.runWorker(ThreadPoolExecutor.java:1149)
	at java.util.concurrent.ThreadPoolExecutor$Worker.run(ThreadPoolExecutor.java:624)
	... 1 more
Caused by: org.apache.ratis.thirdparty.io.netty.channel.AbstractChannel$AnnotatedConnectException: Connection refused: /192.168.34.25:45248
	at sun.nio.ch.SocketChannelImpl.checkConnect(Native Method)
	at sun.nio.ch.SocketChannelImpl.finishConnect(SocketChannelImpl.java:717)
	at org.apache.ratis.thirdparty.io.netty.channel.socket.nio.NioSocketChannel.doFinishConnect(NioSocketChannel.java:327)
	at org.apache.ratis.thirdparty.io.netty.channel.nio.AbstractNioChannel$AbstractNioUnsafe.finishConnect(AbstractNioChannel.java:340)
	at org.apache.ratis.thirdparty.io.netty.channel.nio.NioEventLoop.processSelectedKey(NioEventLoop.java:632)
	at org.apache.ratis.thirdparty.io.netty.channel.nio.NioEventLoop.processSelectedKeysOptimized(NioEventLoop.java:579)
	at org.apache.ratis.thirdparty.io.netty.channel.nio.NioEventLoop.processSelectedKeys(NioEventLoop.java:496)
	at org.apache.ratis.thirdparty.io.netty.channel.nio.NioEventLoop.run(NioEventLoop.java:458)
	at org.apache.ratis.thirdparty.io.netty.util.concurrent.SingleThreadEventExecutor$5.run(SingleThreadEventExecutor.java:897)
	at org.apache.ratis.thirdparty.io.netty.util.concurrent.FastThreadLocalRunnable.run(FastThreadLocalRunnable.java:30)
	... 1 more
Caused by: java.net.ConnectException: Connection refused
	... 11 more
2019-10-18 07:24:08,596 [grpc-default-executor-12] INFO  impl.RaftServerImpl (RaftServerImpl.java:setRole(184)) - 5170c5f3-8499-4b42-9321-85fc8a351f79@group-BCB82A5C07F5: changes role from  FOLLOWER to FOLLOWER at term 155 for recognizeCandidate:12ad0800-05cb-443c-9fdd-fa1debf04523
2019-10-18 07:24:08,596 [grpc-default-executor-12] INFO  impl.RoleInfo (RoleInfo.java:shutdownFollowerState(121)) - 5170c5f3-8499-4b42-9321-85fc8a351f79: shutdown FollowerState
2019-10-18 07:24:08,596 [grpc-default-executor-12] INFO  impl.RoleInfo (RoleInfo.java:updateAndGet(143)) - 5170c5f3-8499-4b42-9321-85fc8a351f79: start FollowerState
2019-10-18 07:24:08,596 [Thread-10570] INFO  impl.FollowerState (FollowerState.java:run(117)) - 5170c5f3-8499-4b42-9321-85fc8a351f79@group-BCB82A5C07F5-FollowerState was interrupted: java.lang.InterruptedException: sleep interrupted
2019-10-18 07:24:08,620 [12ad0800-05cb-443c-9fdd-fa1debf04523@group-BCB82A5C07F5-LeaderElection1206] INFO  impl.LeaderElection (LeaderElection.java:logAndReturn(56)) - 12ad0800-05cb-443c-9fdd-fa1debf04523@group-BCB82A5C07F5-LeaderElection1206: Election REJECTED; received 1 response(s) [12ad0800-05cb-443c-9fdd-fa1debf04523<-5170c5f3-8499-4b42-9321-85fc8a351f79#0:FAIL-t155] and 1 exception(s); 12ad0800-05cb-443c-9fdd-fa1debf04523@group-BCB82A5C07F5:t155, leader=null, voted=12ad0800-05cb-443c-9fdd-fa1debf04523, raftlog=12ad0800-05cb-443c-9fdd-fa1debf04523@group-BCB82A5C07F5-SegmentedRaftLog:OPENED:c-1,f-1,i0, conf=-1: [12ad0800-05cb-443c-9fdd-fa1debf04523:192.168.34.25:41155, 5170c5f3-8499-4b42-9321-85fc8a351f79:192.168.34.25:43074, 0b10a9fc-47eb-4a2b-b664-8273d9d17379:192.168.34.25:45248], old=null
2019-10-18 07:24:08,620 [12ad0800-05cb-443c-9fdd-fa1debf04523@group-BCB82A5C07F5-LeaderElection1206] INFO  impl.LeaderElection (LogUtils.java:infoOrTrace(149)) -   Exception 0: {}
java.util.concurrent.ExecutionException: org.apache.ratis.thirdparty.io.grpc.StatusRuntimeException: UNAVAILABLE: io exception
	at java.util.concurrent.FutureTask.report(FutureTask.java:122)
	at java.util.concurrent.FutureTask.get(FutureTask.java:192)
	at org.apache.ratis.server.impl.LeaderElection.waitForResults(LeaderElection.java:259)
	at org.apache.ratis.server.impl.LeaderElection.askForVotes(LeaderElection.java:197)
	at org.apache.ratis.server.impl.LeaderElection.run(LeaderElection.java:133)
	at java.lang.Thread.run(Thread.java:748)
Caused by: org.apache.ratis.thirdparty.io.grpc.StatusRuntimeException: UNAVAILABLE: io exception
	at org.apache.ratis.thirdparty.io.grpc.stub.ClientCalls.toStatusRuntimeException(ClientCalls.java:233)
	at org.apache.ratis.thirdparty.io.grpc.stub.ClientCalls.getUnchecked(ClientCalls.java:214)
	at org.apache.ratis.thirdparty.io.grpc.stub.ClientCalls.blockingUnaryCall(ClientCalls.java:139)
	at org.apache.ratis.proto.grpc.RaftServerProtocolServiceGrpc$RaftServerProtocolServiceBlockingStub.requestVote(RaftServerProtocolServiceGrpc.java:265)
	at org.apache.ratis.grpc.server.GrpcServerProtocolClient.requestVote(GrpcServerProtocolClient.java:99)
	at org.apache.ratis.grpc.server.GrpcService.requestVote(GrpcService.java:204)
	at org.apache.ratis.server.impl.LeaderElection.lambda$submitRequests$1(LeaderElection.java:234)
	at java.util.concurrent.FutureTask.run(FutureTask.java:266)
	at java.util.concurrent.Executors$RunnableAdapter.call(Executors.java:511)
	at java.util.concurrent.FutureTask.run(FutureTask.java:266)
	at java.util.concurrent.ThreadPoolExecutor.runWorker(ThreadPoolExecutor.java:1149)
	at java.util.concurrent.ThreadPoolExecutor$Worker.run(ThreadPoolExecutor.java:624)
	... 1 more
Caused by: org.apache.ratis.thirdparty.io.netty.channel.AbstractChannel$AnnotatedConnectException: Connection refused: /192.168.34.25:45248
	at sun.nio.ch.SocketChannelImpl.checkConnect(Native Method)
	at sun.nio.ch.SocketChannelImpl.finishConnect(SocketChannelImpl.java:717)
	at org.apache.ratis.thirdparty.io.netty.channel.socket.nio.NioSocketChannel.doFinishConnect(NioSocketChannel.java:327)
	at org.apache.ratis.thirdparty.io.netty.channel.nio.AbstractNioChannel$AbstractNioUnsafe.finishConnect(AbstractNioChannel.java:340)
	at org.apache.ratis.thirdparty.io.netty.channel.nio.NioEventLoop.processSelectedKey(NioEventLoop.java:632)
	at org.apache.ratis.thirdparty.io.netty.channel.nio.NioEventLoop.processSelectedKeysOptimized(NioEventLoop.java:579)
	at org.apache.ratis.thirdparty.io.netty.channel.nio.NioEventLoop.processSelectedKeys(NioEventLoop.java:496)
	at org.apache.ratis.thirdparty.io.netty.channel.nio.NioEventLoop.run(NioEventLoop.java:458)
	at org.apache.ratis.thirdparty.io.netty.util.concurrent.SingleThreadEventExecutor$5.run(SingleThreadEventExecutor.java:897)
	at org.apache.ratis.thirdparty.io.netty.util.concurrent.FastThreadLocalRunnable.run(FastThreadLocalRunnable.java:30)
	... 1 more
Caused by: java.net.ConnectException: Connection refused
	... 11 more
2019-10-18 07:24:08,621 [12ad0800-05cb-443c-9fdd-fa1debf04523@group-BCB82A5C07F5-LeaderElection1206] INFO  impl.RaftServerImpl (RaftServerImpl.java:setRole(184)) - 12ad0800-05cb-443c-9fdd-fa1debf04523@group-BCB82A5C07F5: changes role from CANDIDATE to FOLLOWER at term 155 for DISCOVERED_A_NEW_TERM
2019-10-18 07:24:08,621 [12ad0800-05cb-443c-9fdd-fa1debf04523@group-BCB82A5C07F5-LeaderElection1206] INFO  impl.RoleInfo (RoleInfo.java:shutdownLeaderElection(134)) - 12ad0800-05cb-443c-9fdd-fa1debf04523: shutdown LeaderElection
2019-10-18 07:24:08,621 [12ad0800-05cb-443c-9fdd-fa1debf04523@group-BCB82A5C07F5-LeaderElection1206] INFO  impl.RoleInfo (RoleInfo.java:updateAndGet(143)) - 12ad0800-05cb-443c-9fdd-fa1debf04523: start FollowerState
2019-10-18 07:24:08,640 [Thread-10578] INFO  impl.FollowerState (FollowerState.java:run(108)) - 4dea926d-4bc6-487a-9b9b-9fd457d0fae4@group-0C9C3B2D0CC1-FollowerState: change to CANDIDATE, lastRpcTime:61ms, electionTimeout:61ms
2019-10-18 07:24:08,640 [Thread-10578] INFO  impl.RoleInfo (RoleInfo.java:shutdownFollowerState(121)) - 4dea926d-4bc6-487a-9b9b-9fd457d0fae4: shutdown FollowerState
2019-10-18 07:24:08,641 [Thread-10578] INFO  impl.RaftServerImpl (RaftServerImpl.java:setRole(184)) - 4dea926d-4bc6-487a-9b9b-9fd457d0fae4@group-0C9C3B2D0CC1: changes role from  FOLLOWER to CANDIDATE at term 144 for changeToCandidate
2019-10-18 07:24:08,641 [Thread-10578] INFO  impl.RoleInfo (RoleInfo.java:updateAndGet(143)) - 4dea926d-4bc6-487a-9b9b-9fd457d0fae4: start LeaderElection
2019-10-18 07:24:08,670 [4dea926d-4bc6-487a-9b9b-9fd457d0fae4@group-0C9C3B2D0CC1-LeaderElection1207] INFO  impl.LeaderElection (LeaderElection.java:askForVotes(178)) - 4dea926d-4bc6-487a-9b9b-9fd457d0fae4@group-0C9C3B2D0CC1-LeaderElection1207: begin an election at term 145 for -1: [6633f50a-7046-4b08-9937-8e25f1b14b15:192.168.34.25:39338, 67270882-100a-4e75-928d-618d17e069c8:192.168.34.25:36648, 4dea926d-4bc6-487a-9b9b-9fd457d0fae4:192.168.34.25:41624], old=null
2019-10-18 07:24:08,674 [grpc-default-executor-11] INFO  impl.RaftServerImpl (RaftServerImpl.java:setRole(184)) - 67270882-100a-4e75-928d-618d17e069c8@group-0C9C3B2D0CC1: changes role from  FOLLOWER to FOLLOWER at term 145 for recognizeCandidate:4dea926d-4bc6-487a-9b9b-9fd457d0fae4
2019-10-18 07:24:08,674 [grpc-default-executor-11] INFO  impl.RoleInfo (RoleInfo.java:shutdownFollowerState(121)) - 67270882-100a-4e75-928d-618d17e069c8: shutdown FollowerState
2019-10-18 07:24:08,674 [grpc-default-executor-12] INFO  impl.RaftServerImpl (RaftServerImpl.java:setRole(184)) - 6633f50a-7046-4b08-9937-8e25f1b14b15@group-0C9C3B2D0CC1: changes role from  FOLLOWER to FOLLOWER at term 145 for recognizeCandidate:4dea926d-4bc6-487a-9b9b-9fd457d0fae4
2019-10-18 07:24:08,675 [grpc-default-executor-11] INFO  impl.RoleInfo (RoleInfo.java:updateAndGet(143)) - 67270882-100a-4e75-928d-618d17e069c8: start FollowerState
2019-10-18 07:24:08,675 [Thread-10576] INFO  impl.FollowerState (FollowerState.java:run(117)) - 67270882-100a-4e75-928d-618d17e069c8@group-0C9C3B2D0CC1-FollowerState was interrupted: java.lang.InterruptedException: sleep interrupted
2019-10-18 07:24:08,675 [grpc-default-executor-12] INFO  impl.RoleInfo (RoleInfo.java:shutdownFollowerState(121)) - 6633f50a-7046-4b08-9937-8e25f1b14b15: shutdown FollowerState
2019-10-18 07:24:08,675 [grpc-default-executor-12] INFO  impl.RoleInfo (RoleInfo.java:updateAndGet(143)) - 6633f50a-7046-4b08-9937-8e25f1b14b15: start FollowerState
2019-10-18 07:24:08,675 [Thread-10575] INFO  impl.FollowerState (FollowerState.java:run(117)) - 6633f50a-7046-4b08-9937-8e25f1b14b15@group-0C9C3B2D0CC1-FollowerState was interrupted: java.lang.InterruptedException: sleep interrupted
2019-10-18 07:24:08,705 [4dea926d-4bc6-487a-9b9b-9fd457d0fae4@group-0C9C3B2D0CC1-LeaderElection1207] INFO  impl.LeaderElection (LeaderElection.java:logAndReturn(56)) - 4dea926d-4bc6-487a-9b9b-9fd457d0fae4@group-0C9C3B2D0CC1-LeaderElection1207: Election REJECTED; received 2 response(s) [4dea926d-4bc6-487a-9b9b-9fd457d0fae4<-6633f50a-7046-4b08-9937-8e25f1b14b15#0:FAIL-t145, 4dea926d-4bc6-487a-9b9b-9fd457d0fae4<-67270882-100a-4e75-928d-618d17e069c8#0:FAIL-t145] and 0 exception(s); 4dea926d-4bc6-487a-9b9b-9fd457d0fae4@group-0C9C3B2D0CC1:t145, leader=null, voted=4dea926d-4bc6-487a-9b9b-9fd457d0fae4, raftlog=4dea926d-4bc6-487a-9b9b-9fd457d0fae4@group-0C9C3B2D0CC1-SegmentedRaftLog:OPENED:c-1,f-1,i0, conf=-1: [6633f50a-7046-4b08-9937-8e25f1b14b15:192.168.34.25:39338, 67270882-100a-4e75-928d-618d17e069c8:192.168.34.25:36648, 4dea926d-4bc6-487a-9b9b-9fd457d0fae4:192.168.34.25:41624], old=null
2019-10-18 07:24:08,705 [4dea926d-4bc6-487a-9b9b-9fd457d0fae4@group-0C9C3B2D0CC1-LeaderElection1207] INFO  impl.RaftServerImpl (RaftServerImpl.java:setRole(184)) - 4dea926d-4bc6-487a-9b9b-9fd457d0fae4@group-0C9C3B2D0CC1: changes role from CANDIDATE to FOLLOWER at term 145 for DISCOVERED_A_NEW_TERM
2019-10-18 07:24:08,706 [4dea926d-4bc6-487a-9b9b-9fd457d0fae4@group-0C9C3B2D0CC1-LeaderElection1207] INFO  impl.RoleInfo (RoleInfo.java:shutdownLeaderElection(134)) - 4dea926d-4bc6-487a-9b9b-9fd457d0fae4: shutdown LeaderElection
2019-10-18 07:24:08,706 [4dea926d-4bc6-487a-9b9b-9fd457d0fae4@group-0C9C3B2D0CC1-LeaderElection1207] INFO  impl.RoleInfo (RoleInfo.java:updateAndGet(143)) - 4dea926d-4bc6-487a-9b9b-9fd457d0fae4: start FollowerState
2019-10-18 07:24:08,724 [Thread-10588] INFO  impl.FollowerState (FollowerState.java:run(108)) - 4dea926d-4bc6-487a-9b9b-9fd457d0fae4@group-0C9C3B2D0CC1-FollowerState: change to CANDIDATE, lastRpcTime:18ms, electionTimeout:18ms
2019-10-18 07:24:08,724 [Thread-10588] INFO  impl.RoleInfo (RoleInfo.java:shutdownFollowerState(121)) - 4dea926d-4bc6-487a-9b9b-9fd457d0fae4: shutdown FollowerState
2019-10-18 07:24:08,724 [Thread-10588] INFO  impl.RaftServerImpl (RaftServerImpl.java:setRole(184)) - 4dea926d-4bc6-487a-9b9b-9fd457d0fae4@group-0C9C3B2D0CC1: changes role from  FOLLOWER to CANDIDATE at term 145 for changeToCandidate
2019-10-18 07:24:08,724 [Thread-10588] INFO  impl.RoleInfo (RoleInfo.java:updateAndGet(143)) - 4dea926d-4bc6-487a-9b9b-9fd457d0fae4: start LeaderElection
2019-10-18 07:24:08,746 [4dea926d-4bc6-487a-9b9b-9fd457d0fae4@group-0C9C3B2D0CC1-LeaderElection1208] INFO  impl.LeaderElection (LeaderElection.java:askForVotes(178)) - 4dea926d-4bc6-487a-9b9b-9fd457d0fae4@group-0C9C3B2D0CC1-LeaderElection1208: begin an election at term 146 for -1: [6633f50a-7046-4b08-9937-8e25f1b14b15:192.168.34.25:39338, 67270882-100a-4e75-928d-618d17e069c8:192.168.34.25:36648, 4dea926d-4bc6-487a-9b9b-9fd457d0fae4:192.168.34.25:41624], old=null
2019-10-18 07:24:08,747 [grpc-default-executor-11] INFO  impl.RaftServerImpl (RaftServerImpl.java:setRole(184)) - 6633f50a-7046-4b08-9937-8e25f1b14b15@group-0C9C3B2D0CC1: changes role from  FOLLOWER to FOLLOWER at term 146 for recognizeCandidate:4dea926d-4bc6-487a-9b9b-9fd457d0fae4
2019-10-18 07:24:08,748 [grpc-default-executor-11] INFO  impl.RoleInfo (RoleInfo.java:shutdownFollowerState(121)) - 6633f50a-7046-4b08-9937-8e25f1b14b15: shutdown FollowerState
2019-10-18 07:24:08,748 [grpc-default-executor-12] INFO  impl.RaftServerImpl (RaftServerImpl.java:setRole(184)) - 67270882-100a-4e75-928d-618d17e069c8@group-0C9C3B2D0CC1: changes role from  FOLLOWER to FOLLOWER at term 146 for recognizeCandidate:4dea926d-4bc6-487a-9b9b-9fd457d0fae4
2019-10-18 07:24:08,748 [grpc-default-executor-12] INFO  impl.RoleInfo (RoleInfo.java:shutdownFollowerState(121)) - 67270882-100a-4e75-928d-618d17e069c8: shutdown FollowerState
2019-10-18 07:24:08,748 [Thread-10587] INFO  impl.FollowerState (FollowerState.java:run(117)) - 6633f50a-7046-4b08-9937-8e25f1b14b15@group-0C9C3B2D0CC1-FollowerState was interrupted: java.lang.InterruptedException: sleep interrupted
2019-10-18 07:24:08,748 [grpc-default-executor-11] INFO  impl.RoleInfo (RoleInfo.java:updateAndGet(143)) - 6633f50a-7046-4b08-9937-8e25f1b14b15: start FollowerState
2019-10-18 07:24:08,748 [Thread-10586] INFO  impl.FollowerState (FollowerState.java:run(117)) - 67270882-100a-4e75-928d-618d17e069c8@group-0C9C3B2D0CC1-FollowerState was interrupted: java.lang.InterruptedException: sleep interrupted
2019-10-18 07:24:08,748 [grpc-default-executor-12] INFO  impl.RoleInfo (RoleInfo.java:updateAndGet(143)) - 67270882-100a-4e75-928d-618d17e069c8: start FollowerState
2019-10-18 07:24:08,752 [Thread-10582] INFO  impl.FollowerState (FollowerState.java:run(108)) - 12ad0800-05cb-443c-9fdd-fa1debf04523@group-BCB82A5C07F5-FollowerState: change to CANDIDATE, lastRpcTime:130ms, electionTimeout:129ms
2019-10-18 07:24:08,752 [Thread-10582] INFO  impl.RoleInfo (RoleInfo.java:shutdownFollowerState(121)) - 12ad0800-05cb-443c-9fdd-fa1debf04523: shutdown FollowerState
2019-10-18 07:24:08,752 [Thread-10582] INFO  impl.RaftServerImpl (RaftServerImpl.java:setRole(184)) - 12ad0800-05cb-443c-9fdd-fa1debf04523@group-BCB82A5C07F5: changes role from  FOLLOWER to CANDIDATE at term 155 for changeToCandidate
2019-10-18 07:24:08,752 [Thread-10582] INFO  impl.RoleInfo (RoleInfo.java:updateAndGet(143)) - 12ad0800-05cb-443c-9fdd-fa1debf04523: start LeaderElection
2019-10-18 07:24:08,772 [12ad0800-05cb-443c-9fdd-fa1debf04523@group-BCB82A5C07F5-LeaderElection1209] INFO  impl.LeaderElection (LeaderElection.java:askForVotes(178)) - 12ad0800-05cb-443c-9fdd-fa1debf04523@group-BCB82A5C07F5-LeaderElection1209: begin an election at term 156 for -1: [12ad0800-05cb-443c-9fdd-fa1debf04523:192.168.34.25:41155, 5170c5f3-8499-4b42-9321-85fc8a351f79:192.168.34.25:43074, 0b10a9fc-47eb-4a2b-b664-8273d9d17379:192.168.34.25:45248], old=null
2019-10-18 07:24:08,772 [4dea926d-4bc6-487a-9b9b-9fd457d0fae4@group-0C9C3B2D0CC1-LeaderElection1208] INFO  impl.LeaderElection (LeaderElection.java:logAndReturn(56)) - 4dea926d-4bc6-487a-9b9b-9fd457d0fae4@group-0C9C3B2D0CC1-LeaderElection1208: Election REJECTED; received 2 response(s) [4dea926d-4bc6-487a-9b9b-9fd457d0fae4<-6633f50a-7046-4b08-9937-8e25f1b14b15#0:FAIL-t146, 4dea926d-4bc6-487a-9b9b-9fd457d0fae4<-67270882-100a-4e75-928d-618d17e069c8#0:FAIL-t146] and 0 exception(s); 4dea926d-4bc6-487a-9b9b-9fd457d0fae4@group-0C9C3B2D0CC1:t146, leader=null, voted=4dea926d-4bc6-487a-9b9b-9fd457d0fae4, raftlog=4dea926d-4bc6-487a-9b9b-9fd457d0fae4@group-0C9C3B2D0CC1-SegmentedRaftLog:OPENED:c-1,f-1,i0, conf=-1: [6633f50a-7046-4b08-9937-8e25f1b14b15:192.168.34.25:39338, 67270882-100a-4e75-928d-618d17e069c8:192.168.34.25:36648, 4dea926d-4bc6-487a-9b9b-9fd457d0fae4:192.168.34.25:41624], old=null
2019-10-18 07:24:08,773 [4dea926d-4bc6-487a-9b9b-9fd457d0fae4@group-0C9C3B2D0CC1-LeaderElection1208] INFO  impl.RaftServerImpl (RaftServerImpl.java:setRole(184)) - 4dea926d-4bc6-487a-9b9b-9fd457d0fae4@group-0C9C3B2D0CC1: changes role from CANDIDATE to FOLLOWER at term 146 for DISCOVERED_A_NEW_TERM
2019-10-18 07:24:08,773 [4dea926d-4bc6-487a-9b9b-9fd457d0fae4@group-0C9C3B2D0CC1-LeaderElection1208] INFO  impl.RoleInfo (RoleInfo.java:shutdownLeaderElection(134)) - 4dea926d-4bc6-487a-9b9b-9fd457d0fae4: shutdown LeaderElection
2019-10-18 07:24:08,773 [4dea926d-4bc6-487a-9b9b-9fd457d0fae4@group-0C9C3B2D0CC1-LeaderElection1208] INFO  impl.RoleInfo (RoleInfo.java:updateAndGet(143)) - 4dea926d-4bc6-487a-9b9b-9fd457d0fae4: start FollowerState
2019-10-18 07:24:08,773 [12ad0800-05cb-443c-9fdd-fa1debf04523@group-BCB82A5C07F5-LeaderElection1209] INFO  impl.LeaderElection (LogUtils.java:infoOrTrace(149)) - 12ad0800-05cb-443c-9fdd-fa1debf04523@group-BCB82A5C07F5-LeaderElection1209 got exception when requesting votes: {}
java.util.concurrent.ExecutionException: org.apache.ratis.thirdparty.io.grpc.StatusRuntimeException: UNAVAILABLE: io exception
	at java.util.concurrent.FutureTask.report(FutureTask.java:122)
	at java.util.concurrent.FutureTask.get(FutureTask.java:192)
	at org.apache.ratis.server.impl.LeaderElection.waitForResults(LeaderElection.java:259)
	at org.apache.ratis.server.impl.LeaderElection.askForVotes(LeaderElection.java:197)
	at org.apache.ratis.server.impl.LeaderElection.run(LeaderElection.java:133)
	at java.lang.Thread.run(Thread.java:748)
Caused by: org.apache.ratis.thirdparty.io.grpc.StatusRuntimeException: UNAVAILABLE: io exception
	at org.apache.ratis.thirdparty.io.grpc.stub.ClientCalls.toStatusRuntimeException(ClientCalls.java:233)
	at org.apache.ratis.thirdparty.io.grpc.stub.ClientCalls.getUnchecked(ClientCalls.java:214)
	at org.apache.ratis.thirdparty.io.grpc.stub.ClientCalls.blockingUnaryCall(ClientCalls.java:139)
	at org.apache.ratis.proto.grpc.RaftServerProtocolServiceGrpc$RaftServerProtocolServiceBlockingStub.requestVote(RaftServerProtocolServiceGrpc.java:265)
	at org.apache.ratis.grpc.server.GrpcServerProtocolClient.requestVote(GrpcServerProtocolClient.java:99)
	at org.apache.ratis.grpc.server.GrpcService.requestVote(GrpcService.java:204)
	at org.apache.ratis.server.impl.LeaderElection.lambda$submitRequests$1(LeaderElection.java:234)
	at java.util.concurrent.FutureTask.run(FutureTask.java:266)
	at java.util.concurrent.Executors$RunnableAdapter.call(Executors.java:511)
	at java.util.concurrent.FutureTask.run(FutureTask.java:266)
	at java.util.concurrent.ThreadPoolExecutor.runWorker(ThreadPoolExecutor.java:1149)
	at java.util.concurrent.ThreadPoolExecutor$Worker.run(ThreadPoolExecutor.java:624)
	... 1 more
Caused by: org.apache.ratis.thirdparty.io.netty.channel.AbstractChannel$AnnotatedConnectException: Connection refused: /192.168.34.25:45248
	at sun.nio.ch.SocketChannelImpl.checkConnect(Native Method)
	at sun.nio.ch.SocketChannelImpl.finishConnect(SocketChannelImpl.java:717)
	at org.apache.ratis.thirdparty.io.netty.channel.socket.nio.NioSocketChannel.doFinishConnect(NioSocketChannel.java:327)
	at org.apache.ratis.thirdparty.io.netty.channel.nio.AbstractNioChannel$AbstractNioUnsafe.finishConnect(AbstractNioChannel.java:340)
	at org.apache.ratis.thirdparty.io.netty.channel.nio.NioEventLoop.processSelectedKey(NioEventLoop.java:632)
	at org.apache.ratis.thirdparty.io.netty.channel.nio.NioEventLoop.processSelectedKeysOptimized(NioEventLoop.java:579)
	at org.apache.ratis.thirdparty.io.netty.channel.nio.NioEventLoop.processSelectedKeys(NioEventLoop.java:496)
	at org.apache.ratis.thirdparty.io.netty.channel.nio.NioEventLoop.run(NioEventLoop.java:458)
	at org.apache.ratis.thirdparty.io.netty.util.concurrent.SingleThreadEventExecutor$5.run(SingleThreadEventExecutor.java:897)
	at org.apache.ratis.thirdparty.io.netty.util.concurrent.FastThreadLocalRunnable.run(FastThreadLocalRunnable.java:30)
	... 1 more
Caused by: java.net.ConnectException: Connection refused
	... 11 more
2019-10-18 07:24:08,773 [grpc-default-executor-11] INFO  impl.RaftServerImpl (RaftServerImpl.java:setRole(184)) - 5170c5f3-8499-4b42-9321-85fc8a351f79@group-BCB82A5C07F5: changes role from  FOLLOWER to FOLLOWER at term 156 for recognizeCandidate:12ad0800-05cb-443c-9fdd-fa1debf04523
2019-10-18 07:24:08,774 [grpc-default-executor-11] INFO  impl.RoleInfo (RoleInfo.java:shutdownFollowerState(121)) - 5170c5f3-8499-4b42-9321-85fc8a351f79: shutdown FollowerState
2019-10-18 07:24:08,774 [grpc-default-executor-11] INFO  impl.RoleInfo (RoleInfo.java:updateAndGet(143)) - 5170c5f3-8499-4b42-9321-85fc8a351f79: start FollowerState
2019-10-18 07:24:08,774 [Thread-10581] INFO  impl.FollowerState (FollowerState.java:run(117)) - 5170c5f3-8499-4b42-9321-85fc8a351f79@group-BCB82A5C07F5-FollowerState was interrupted: java.lang.InterruptedException: sleep interrupted
2019-10-18 07:24:08,798 [12ad0800-05cb-443c-9fdd-fa1debf04523@group-BCB82A5C07F5-LeaderElection1209] INFO  impl.LeaderElection (LeaderElection.java:logAndReturn(56)) - 12ad0800-05cb-443c-9fdd-fa1debf04523@group-BCB82A5C07F5-LeaderElection1209: Election REJECTED; received 1 response(s) [12ad0800-05cb-443c-9fdd-fa1debf04523<-5170c5f3-8499-4b42-9321-85fc8a351f79#0:FAIL-t156] and 1 exception(s); 12ad0800-05cb-443c-9fdd-fa1debf04523@group-BCB82A5C07F5:t156, leader=null, voted=12ad0800-05cb-443c-9fdd-fa1debf04523, raftlog=12ad0800-05cb-443c-9fdd-fa1debf04523@group-BCB82A5C07F5-SegmentedRaftLog:OPENED:c-1,f-1,i0, conf=-1: [12ad0800-05cb-443c-9fdd-fa1debf04523:192.168.34.25:41155, 5170c5f3-8499-4b42-9321-85fc8a351f79:192.168.34.25:43074, 0b10a9fc-47eb-4a2b-b664-8273d9d17379:192.168.34.25:45248], old=null
2019-10-18 07:24:08,798 [12ad0800-05cb-443c-9fdd-fa1debf04523@group-BCB82A5C07F5-LeaderElection1209] INFO  impl.LeaderElection (LogUtils.java:infoOrTrace(149)) -   Exception 0: {}
java.util.concurrent.ExecutionException: org.apache.ratis.thirdparty.io.grpc.StatusRuntimeException: UNAVAILABLE: io exception
	at java.util.concurrent.FutureTask.report(FutureTask.java:122)
	at java.util.concurrent.FutureTask.get(FutureTask.java:192)
	at org.apache.ratis.server.impl.LeaderElection.waitForResults(LeaderElection.java:259)
	at org.apache.ratis.server.impl.LeaderElection.askForVotes(LeaderElection.java:197)
	at org.apache.ratis.server.impl.LeaderElection.run(LeaderElection.java:133)
	at java.lang.Thread.run(Thread.java:748)
Caused by: org.apache.ratis.thirdparty.io.grpc.StatusRuntimeException: UNAVAILABLE: io exception
	at org.apache.ratis.thirdparty.io.grpc.stub.ClientCalls.toStatusRuntimeException(ClientCalls.java:233)
	at org.apache.ratis.thirdparty.io.grpc.stub.ClientCalls.getUnchecked(ClientCalls.java:214)
	at org.apache.ratis.thirdparty.io.grpc.stub.ClientCalls.blockingUnaryCall(ClientCalls.java:139)
	at org.apache.ratis.proto.grpc.RaftServerProtocolServiceGrpc$RaftServerProtocolServiceBlockingStub.requestVote(RaftServerProtocolServiceGrpc.java:265)
	at org.apache.ratis.grpc.server.GrpcServerProtocolClient.requestVote(GrpcServerProtocolClient.java:99)
	at org.apache.ratis.grpc.server.GrpcService.requestVote(GrpcService.java:204)
	at org.apache.ratis.server.impl.LeaderElection.lambda$submitRequests$1(LeaderElection.java:234)
	at java.util.concurrent.FutureTask.run(FutureTask.java:266)
	at java.util.concurrent.Executors$RunnableAdapter.call(Executors.java:511)
	at java.util.concurrent.FutureTask.run(FutureTask.java:266)
	at java.util.concurrent.ThreadPoolExecutor.runWorker(ThreadPoolExecutor.java:1149)
	at java.util.concurrent.ThreadPoolExecutor$Worker.run(ThreadPoolExecutor.java:624)
	... 1 more
Caused by: org.apache.ratis.thirdparty.io.netty.channel.AbstractChannel$AnnotatedConnectException: Connection refused: /192.168.34.25:45248
	at sun.nio.ch.SocketChannelImpl.checkConnect(Native Method)
	at sun.nio.ch.SocketChannelImpl.finishConnect(SocketChannelImpl.java:717)
	at org.apache.ratis.thirdparty.io.netty.channel.socket.nio.NioSocketChannel.doFinishConnect(NioSocketChannel.java:327)
	at org.apache.ratis.thirdparty.io.netty.channel.nio.AbstractNioChannel$AbstractNioUnsafe.finishConnect(AbstractNioChannel.java:340)
	at org.apache.ratis.thirdparty.io.netty.channel.nio.NioEventLoop.processSelectedKey(NioEventLoop.java:632)
	at org.apache.ratis.thirdparty.io.netty.channel.nio.NioEventLoop.processSelectedKeysOptimized(NioEventLoop.java:579)
	at org.apache.ratis.thirdparty.io.netty.channel.nio.NioEventLoop.processSelectedKeys(NioEventLoop.java:496)
	at org.apache.ratis.thirdparty.io.netty.channel.nio.NioEventLoop.run(NioEventLoop.java:458)
	at org.apache.ratis.thirdparty.io.netty.util.concurrent.SingleThreadEventExecutor$5.run(SingleThreadEventExecutor.java:897)
	at org.apache.ratis.thirdparty.io.netty.util.concurrent.FastThreadLocalRunnable.run(FastThreadLocalRunnable.java:30)
	... 1 more
Caused by: java.net.ConnectException: Connection refused
	... 11 more
2019-10-18 07:24:08,798 [12ad0800-05cb-443c-9fdd-fa1debf04523@group-BCB82A5C07F5-LeaderElection1209] INFO  impl.RaftServerImpl (RaftServerImpl.java:setRole(184)) - 12ad0800-05cb-443c-9fdd-fa1debf04523@group-BCB82A5C07F5: changes role from CANDIDATE to FOLLOWER at term 156 for DISCOVERED_A_NEW_TERM
2019-10-18 07:24:08,798 [12ad0800-05cb-443c-9fdd-fa1debf04523@group-BCB82A5C07F5-LeaderElection1209] INFO  impl.RoleInfo (RoleInfo.java:shutdownLeaderElection(134)) - 12ad0800-05cb-443c-9fdd-fa1debf04523: shutdown LeaderElection
2019-10-18 07:24:08,798 [12ad0800-05cb-443c-9fdd-fa1debf04523@group-BCB82A5C07F5-LeaderElection1209] INFO  impl.RoleInfo (RoleInfo.java:updateAndGet(143)) - 12ad0800-05cb-443c-9fdd-fa1debf04523: start FollowerState
2019-10-18 07:24:08,912 [Thread-10599] INFO  impl.FollowerState (FollowerState.java:run(108)) - 4dea926d-4bc6-487a-9b9b-9fd457d0fae4@group-0C9C3B2D0CC1-FollowerState: change to CANDIDATE, lastRpcTime:139ms, electionTimeout:139ms
2019-10-18 07:24:08,912 [Thread-10599] INFO  impl.RoleInfo (RoleInfo.java:shutdownFollowerState(121)) - 4dea926d-4bc6-487a-9b9b-9fd457d0fae4: shutdown FollowerState
2019-10-18 07:24:08,912 [Thread-10599] INFO  impl.RaftServerImpl (RaftServerImpl.java:setRole(184)) - 4dea926d-4bc6-487a-9b9b-9fd457d0fae4@group-0C9C3B2D0CC1: changes role from  FOLLOWER to CANDIDATE at term 146 for changeToCandidate
2019-10-18 07:24:08,913 [Thread-10599] INFO  impl.RoleInfo (RoleInfo.java:updateAndGet(143)) - 4dea926d-4bc6-487a-9b9b-9fd457d0fae4: start LeaderElection
2019-10-18 07:24:08,929 [4dea926d-4bc6-487a-9b9b-9fd457d0fae4@group-0C9C3B2D0CC1-LeaderElection1210] INFO  impl.LeaderElection (LeaderElection.java:askForVotes(178)) - 4dea926d-4bc6-487a-9b9b-9fd457d0fae4@group-0C9C3B2D0CC1-LeaderElection1210: begin an election at term 147 for -1: [6633f50a-7046-4b08-9937-8e25f1b14b15:192.168.34.25:39338, 67270882-100a-4e75-928d-618d17e069c8:192.168.34.25:36648, 4dea926d-4bc6-487a-9b9b-9fd457d0fae4:192.168.34.25:41624], old=null
2019-10-18 07:24:08,931 [grpc-default-executor-11] INFO  impl.RaftServerImpl (RaftServerImpl.java:setRole(184)) - 67270882-100a-4e75-928d-618d17e069c8@group-0C9C3B2D0CC1: changes role from  FOLLOWER to FOLLOWER at term 147 for recognizeCandidate:4dea926d-4bc6-487a-9b9b-9fd457d0fae4
2019-10-18 07:24:08,931 [grpc-default-executor-12] INFO  impl.RaftServerImpl (RaftServerImpl.java:setRole(184)) - 6633f50a-7046-4b08-9937-8e25f1b14b15@group-0C9C3B2D0CC1: changes role from  FOLLOWER to FOLLOWER at term 147 for recognizeCandidate:4dea926d-4bc6-487a-9b9b-9fd457d0fae4
2019-10-18 07:24:08,931 [grpc-default-executor-12] INFO  impl.RoleInfo (RoleInfo.java:shutdownFollowerState(121)) - 6633f50a-7046-4b08-9937-8e25f1b14b15: shutdown FollowerState
2019-10-18 07:24:08,931 [grpc-default-executor-11] INFO  impl.RoleInfo (RoleInfo.java:shutdownFollowerState(121)) - 67270882-100a-4e75-928d-618d17e069c8: shutdown FollowerState
2019-10-18 07:24:08,931 [Thread-10592] INFO  impl.FollowerState (FollowerState.java:run(117)) - 6633f50a-7046-4b08-9937-8e25f1b14b15@group-0C9C3B2D0CC1-FollowerState was interrupted: java.lang.InterruptedException: sleep interrupted
2019-10-18 07:24:08,931 [grpc-default-executor-12] INFO  impl.RoleInfo (RoleInfo.java:updateAndGet(143)) - 6633f50a-7046-4b08-9937-8e25f1b14b15: start FollowerState
2019-10-18 07:24:08,931 [Thread-10593] INFO  impl.FollowerState (FollowerState.java:run(117)) - 67270882-100a-4e75-928d-618d17e069c8@group-0C9C3B2D0CC1-FollowerState was interrupted: java.lang.InterruptedException: sleep interrupted
2019-10-18 07:24:08,931 [grpc-default-executor-11] INFO  impl.RoleInfo (RoleInfo.java:updateAndGet(143)) - 67270882-100a-4e75-928d-618d17e069c8: start FollowerState
2019-10-18 07:24:08,951 [Thread-10601] INFO  impl.FollowerState (FollowerState.java:run(108)) - 12ad0800-05cb-443c-9fdd-fa1debf04523@group-BCB82A5C07F5-FollowerState: change to CANDIDATE, lastRpcTime:152ms, electionTimeout:152ms
2019-10-18 07:24:08,951 [Thread-10601] INFO  impl.RoleInfo (RoleInfo.java:shutdownFollowerState(121)) - 12ad0800-05cb-443c-9fdd-fa1debf04523: shutdown FollowerState
2019-10-18 07:24:08,951 [Thread-10601] INFO  impl.RaftServerImpl (RaftServerImpl.java:setRole(184)) - 12ad0800-05cb-443c-9fdd-fa1debf04523@group-BCB82A5C07F5: changes role from  FOLLOWER to CANDIDATE at term 156 for changeToCandidate
2019-10-18 07:24:08,951 [Thread-10601] INFO  impl.RoleInfo (RoleInfo.java:updateAndGet(143)) - 12ad0800-05cb-443c-9fdd-fa1debf04523: start LeaderElection
2019-10-18 07:24:08,955 [4dea926d-4bc6-487a-9b9b-9fd457d0fae4@group-0C9C3B2D0CC1-LeaderElection1210] INFO  impl.LeaderElection (LeaderElection.java:logAndReturn(56)) - 4dea926d-4bc6-487a-9b9b-9fd457d0fae4@group-0C9C3B2D0CC1-LeaderElection1210: Election REJECTED; received 2 response(s) [4dea926d-4bc6-487a-9b9b-9fd457d0fae4<-6633f50a-7046-4b08-9937-8e25f1b14b15#0:FAIL-t147, 4dea926d-4bc6-487a-9b9b-9fd457d0fae4<-67270882-100a-4e75-928d-618d17e069c8#0:FAIL-t147] and 0 exception(s); 4dea926d-4bc6-487a-9b9b-9fd457d0fae4@group-0C9C3B2D0CC1:t147, leader=null, voted=4dea926d-4bc6-487a-9b9b-9fd457d0fae4, raftlog=4dea926d-4bc6-487a-9b9b-9fd457d0fae4@group-0C9C3B2D0CC1-SegmentedRaftLog:OPENED:c-1,f-1,i0, conf=-1: [6633f50a-7046-4b08-9937-8e25f1b14b15:192.168.34.25:39338, 67270882-100a-4e75-928d-618d17e069c8:192.168.34.25:36648, 4dea926d-4bc6-487a-9b9b-9fd457d0fae4:192.168.34.25:41624], old=null
2019-10-18 07:24:08,955 [4dea926d-4bc6-487a-9b9b-9fd457d0fae4@group-0C9C3B2D0CC1-LeaderElection1210] INFO  impl.RaftServerImpl (RaftServerImpl.java:setRole(184)) - 4dea926d-4bc6-487a-9b9b-9fd457d0fae4@group-0C9C3B2D0CC1: changes role from CANDIDATE to FOLLOWER at term 147 for DISCOVERED_A_NEW_TERM
2019-10-18 07:24:08,955 [4dea926d-4bc6-487a-9b9b-9fd457d0fae4@group-0C9C3B2D0CC1-LeaderElection1210] INFO  impl.RoleInfo (RoleInfo.java:shutdownLeaderElection(134)) - 4dea926d-4bc6-487a-9b9b-9fd457d0fae4: shutdown LeaderElection
2019-10-18 07:24:08,955 [4dea926d-4bc6-487a-9b9b-9fd457d0fae4@group-0C9C3B2D0CC1-LeaderElection1210] INFO  impl.RoleInfo (RoleInfo.java:updateAndGet(143)) - 4dea926d-4bc6-487a-9b9b-9fd457d0fae4: start FollowerState
2019-10-18 07:24:08,977 [12ad0800-05cb-443c-9fdd-fa1debf04523@group-BCB82A5C07F5-LeaderElection1211] INFO  impl.LeaderElection (LeaderElection.java:askForVotes(178)) - 12ad0800-05cb-443c-9fdd-fa1debf04523@group-BCB82A5C07F5-LeaderElection1211: begin an election at term 157 for -1: [12ad0800-05cb-443c-9fdd-fa1debf04523:192.168.34.25:41155, 5170c5f3-8499-4b42-9321-85fc8a351f79:192.168.34.25:43074, 0b10a9fc-47eb-4a2b-b664-8273d9d17379:192.168.34.25:45248], old=null
2019-10-18 07:24:08,978 [12ad0800-05cb-443c-9fdd-fa1debf04523@group-BCB82A5C07F5-LeaderElection1211] INFO  impl.LeaderElection (LogUtils.java:infoOrTrace(149)) - 12ad0800-05cb-443c-9fdd-fa1debf04523@group-BCB82A5C07F5-LeaderElection1211 got exception when requesting votes: {}
java.util.concurrent.ExecutionException: org.apache.ratis.thirdparty.io.grpc.StatusRuntimeException: UNAVAILABLE: io exception
	at java.util.concurrent.FutureTask.report(FutureTask.java:122)
	at java.util.concurrent.FutureTask.get(FutureTask.java:192)
	at org.apache.ratis.server.impl.LeaderElection.waitForResults(LeaderElection.java:259)
	at org.apache.ratis.server.impl.LeaderElection.askForVotes(LeaderElection.java:197)
	at org.apache.ratis.server.impl.LeaderElection.run(LeaderElection.java:133)
	at java.lang.Thread.run(Thread.java:748)
Caused by: org.apache.ratis.thirdparty.io.grpc.StatusRuntimeException: UNAVAILABLE: io exception
	at org.apache.ratis.thirdparty.io.grpc.stub.ClientCalls.toStatusRuntimeException(ClientCalls.java:233)
	at org.apache.ratis.thirdparty.io.grpc.stub.ClientCalls.getUnchecked(ClientCalls.java:214)
	at org.apache.ratis.thirdparty.io.grpc.stub.ClientCalls.blockingUnaryCall(ClientCalls.java:139)
	at org.apache.ratis.proto.grpc.RaftServerProtocolServiceGrpc$RaftServerProtocolServiceBlockingStub.requestVote(RaftServerProtocolServiceGrpc.java:265)
	at org.apache.ratis.grpc.server.GrpcServerProtocolClient.requestVote(GrpcServerProtocolClient.java:99)
	at org.apache.ratis.grpc.server.GrpcService.requestVote(GrpcService.java:204)
	at org.apache.ratis.server.impl.LeaderElection.lambda$submitRequests$1(LeaderElection.java:234)
	at java.util.concurrent.FutureTask.run(FutureTask.java:266)
	at java.util.concurrent.Executors$RunnableAdapter.call(Executors.java:511)
	at java.util.concurrent.FutureTask.run(FutureTask.java:266)
	at java.util.concurrent.ThreadPoolExecutor.runWorker(ThreadPoolExecutor.java:1149)
	at java.util.concurrent.ThreadPoolExecutor$Worker.run(ThreadPoolExecutor.java:624)
	... 1 more
Caused by: org.apache.ratis.thirdparty.io.netty.channel.AbstractChannel$AnnotatedConnectException: Connection refused: /192.168.34.25:45248
	at sun.nio.ch.SocketChannelImpl.checkConnect(Native Method)
	at sun.nio.ch.SocketChannelImpl.finishConnect(SocketChannelImpl.java:717)
	at org.apache.ratis.thirdparty.io.netty.channel.socket.nio.NioSocketChannel.doFinishConnect(NioSocketChannel.java:327)
	at org.apache.ratis.thirdparty.io.netty.channel.nio.AbstractNioChannel$AbstractNioUnsafe.finishConnect(AbstractNioChannel.java:340)
	at org.apache.ratis.thirdparty.io.netty.channel.nio.NioEventLoop.processSelectedKey(NioEventLoop.java:632)
	at org.apache.ratis.thirdparty.io.netty.channel.nio.NioEventLoop.processSelectedKeysOptimized(NioEventLoop.java:579)
	at org.apache.ratis.thirdparty.io.netty.channel.nio.NioEventLoop.processSelectedKeys(NioEventLoop.java:496)
	at org.apache.ratis.thirdparty.io.netty.channel.nio.NioEventLoop.run(NioEventLoop.java:458)
	at org.apache.ratis.thirdparty.io.netty.util.concurrent.SingleThreadEventExecutor$5.run(SingleThreadEventExecutor.java:897)
	at org.apache.ratis.thirdparty.io.netty.util.concurrent.FastThreadLocalRunnable.run(FastThreadLocalRunnable.java:30)
	... 1 more
Caused by: java.net.ConnectException: Connection refused
	... 11 more
2019-10-18 07:24:08,978 [grpc-default-executor-11] INFO  impl.RaftServerImpl (RaftServerImpl.java:setRole(184)) - 5170c5f3-8499-4b42-9321-85fc8a351f79@group-BCB82A5C07F5: changes role from  FOLLOWER to FOLLOWER at term 157 for recognizeCandidate:12ad0800-05cb-443c-9fdd-fa1debf04523
2019-10-18 07:24:08,979 [grpc-default-executor-11] INFO  impl.RoleInfo (RoleInfo.java:shutdownFollowerState(121)) - 5170c5f3-8499-4b42-9321-85fc8a351f79: shutdown FollowerState
2019-10-18 07:24:08,979 [grpc-default-executor-11] INFO  impl.RoleInfo (RoleInfo.java:updateAndGet(143)) - 5170c5f3-8499-4b42-9321-85fc8a351f79: start FollowerState
2019-10-18 07:24:08,979 [Thread-10600] INFO  impl.FollowerState (FollowerState.java:run(117)) - 5170c5f3-8499-4b42-9321-85fc8a351f79@group-BCB82A5C07F5-FollowerState was interrupted: java.lang.InterruptedException: sleep interrupted
2019-10-18 07:24:08,983 [12ad0800-05cb-443c-9fdd-fa1debf04523@group-BCB82A5C07F5-LeaderElection1211] INFO  impl.LeaderElection (LeaderElection.java:logAndReturn(56)) - 12ad0800-05cb-443c-9fdd-fa1debf04523@group-BCB82A5C07F5-LeaderElection1211: Election TIMEOUT; received 0 response(s) [] and 1 exception(s); 12ad0800-05cb-443c-9fdd-fa1debf04523@group-BCB82A5C07F5:t157, leader=null, voted=12ad0800-05cb-443c-9fdd-fa1debf04523, raftlog=12ad0800-05cb-443c-9fdd-fa1debf04523@group-BCB82A5C07F5-SegmentedRaftLog:OPENED:c-1,f-1,i0, conf=-1: [12ad0800-05cb-443c-9fdd-fa1debf04523:192.168.34.25:41155, 5170c5f3-8499-4b42-9321-85fc8a351f79:192.168.34.25:43074, 0b10a9fc-47eb-4a2b-b664-8273d9d17379:192.168.34.25:45248], old=null
2019-10-18 07:24:08,983 [12ad0800-05cb-443c-9fdd-fa1debf04523@group-BCB82A5C07F5-LeaderElection1211] INFO  impl.LeaderElection (LogUtils.java:infoOrTrace(149)) -   Exception 0: {}
java.util.concurrent.ExecutionException: org.apache.ratis.thirdparty.io.grpc.StatusRuntimeException: UNAVAILABLE: io exception
	at java.util.concurrent.FutureTask.report(FutureTask.java:122)
	at java.util.concurrent.FutureTask.get(FutureTask.java:192)
	at org.apache.ratis.server.impl.LeaderElection.waitForResults(LeaderElection.java:259)
	at org.apache.ratis.server.impl.LeaderElection.askForVotes(LeaderElection.java:197)
	at org.apache.ratis.server.impl.LeaderElection.run(LeaderElection.java:133)
	at java.lang.Thread.run(Thread.java:748)
Caused by: org.apache.ratis.thirdparty.io.grpc.StatusRuntimeException: UNAVAILABLE: io exception
	at org.apache.ratis.thirdparty.io.grpc.stub.ClientCalls.toStatusRuntimeException(ClientCalls.java:233)
	at org.apache.ratis.thirdparty.io.grpc.stub.ClientCalls.getUnchecked(ClientCalls.java:214)
	at org.apache.ratis.thirdparty.io.grpc.stub.ClientCalls.blockingUnaryCall(ClientCalls.java:139)
	at org.apache.ratis.proto.grpc.RaftServerProtocolServiceGrpc$RaftServerProtocolServiceBlockingStub.requestVote(RaftServerProtocolServiceGrpc.java:265)
	at org.apache.ratis.grpc.server.GrpcServerProtocolClient.requestVote(GrpcServerProtocolClient.java:99)
	at org.apache.ratis.grpc.server.GrpcService.requestVote(GrpcService.java:204)
	at org.apache.ratis.server.impl.LeaderElection.lambda$submitRequests$1(LeaderElection.java:234)
	at java.util.concurrent.FutureTask.run(FutureTask.java:266)
	at java.util.concurrent.Executors$RunnableAdapter.call(Executors.java:511)
	at java.util.concurrent.FutureTask.run(FutureTask.java:266)
	at java.util.concurrent.ThreadPoolExecutor.runWorker(ThreadPoolExecutor.java:1149)
	at java.util.concurrent.ThreadPoolExecutor$Worker.run(ThreadPoolExecutor.java:624)
	... 1 more
Caused by: org.apache.ratis.thirdparty.io.netty.channel.AbstractChannel$AnnotatedConnectException: Connection refused: /192.168.34.25:45248
	at sun.nio.ch.SocketChannelImpl.checkConnect(Native Method)
	at sun.nio.ch.SocketChannelImpl.finishConnect(SocketChannelImpl.java:717)
	at org.apache.ratis.thirdparty.io.netty.channel.socket.nio.NioSocketChannel.doFinishConnect(NioSocketChannel.java:327)
	at org.apache.ratis.thirdparty.io.netty.channel.nio.AbstractNioChannel$AbstractNioUnsafe.finishConnect(AbstractNioChannel.java:340)
	at org.apache.ratis.thirdparty.io.netty.channel.nio.NioEventLoop.processSelectedKey(NioEventLoop.java:632)
	at org.apache.ratis.thirdparty.io.netty.channel.nio.NioEventLoop.processSelectedKeysOptimized(NioEventLoop.java:579)
	at org.apache.ratis.thirdparty.io.netty.channel.nio.NioEventLoop.processSelectedKeys(NioEventLoop.java:496)
	at org.apache.ratis.thirdparty.io.netty.channel.nio.NioEventLoop.run(NioEventLoop.java:458)
	at org.apache.ratis.thirdparty.io.netty.util.concurrent.SingleThreadEventExecutor$5.run(SingleThreadEventExecutor.java:897)
	at org.apache.ratis.thirdparty.io.netty.util.concurrent.FastThreadLocalRunnable.run(FastThreadLocalRunnable.java:30)
	... 1 more
Caused by: java.net.ConnectException: Connection refused
	... 11 more
2019-10-18 07:24:09,002 [12ad0800-05cb-443c-9fdd-fa1debf04523@group-BCB82A5C07F5-LeaderElection1211] INFO  impl.LeaderElection (LeaderElection.java:askForVotes(178)) - 12ad0800-05cb-443c-9fdd-fa1debf04523@group-BCB82A5C07F5-LeaderElection1211: begin an election at term 158 for -1: [12ad0800-05cb-443c-9fdd-fa1debf04523:192.168.34.25:41155, 5170c5f3-8499-4b42-9321-85fc8a351f79:192.168.34.25:43074, 0b10a9fc-47eb-4a2b-b664-8273d9d17379:192.168.34.25:45248], old=null
2019-10-18 07:24:09,002 [12ad0800-05cb-443c-9fdd-fa1debf04523@group-BCB82A5C07F5-LeaderElection1211] INFO  impl.LeaderElection (LogUtils.java:infoOrTrace(149)) - 12ad0800-05cb-443c-9fdd-fa1debf04523@group-BCB82A5C07F5-LeaderElection1211 got exception when requesting votes: {}
java.util.concurrent.ExecutionException: org.apache.ratis.thirdparty.io.grpc.StatusRuntimeException: UNAVAILABLE: io exception
	at java.util.concurrent.FutureTask.report(FutureTask.java:122)
	at java.util.concurrent.FutureTask.get(FutureTask.java:192)
	at org.apache.ratis.server.impl.LeaderElection.waitForResults(LeaderElection.java:259)
	at org.apache.ratis.server.impl.LeaderElection.askForVotes(LeaderElection.java:197)
	at org.apache.ratis.server.impl.LeaderElection.run(LeaderElection.java:133)
	at java.lang.Thread.run(Thread.java:748)
Caused by: org.apache.ratis.thirdparty.io.grpc.StatusRuntimeException: UNAVAILABLE: io exception
	at org.apache.ratis.thirdparty.io.grpc.stub.ClientCalls.toStatusRuntimeException(ClientCalls.java:233)
	at org.apache.ratis.thirdparty.io.grpc.stub.ClientCalls.getUnchecked(ClientCalls.java:214)
	at org.apache.ratis.thirdparty.io.grpc.stub.ClientCalls.blockingUnaryCall(ClientCalls.java:139)
	at org.apache.ratis.proto.grpc.RaftServerProtocolServiceGrpc$RaftServerProtocolServiceBlockingStub.requestVote(RaftServerProtocolServiceGrpc.java:265)
	at org.apache.ratis.grpc.server.GrpcServerProtocolClient.requestVote(GrpcServerProtocolClient.java:99)
	at org.apache.ratis.grpc.server.GrpcService.requestVote(GrpcService.java:204)
	at org.apache.ratis.server.impl.LeaderElection.lambda$submitRequests$1(LeaderElection.java:234)
	at java.util.concurrent.FutureTask.run(FutureTask.java:266)
	at java.util.concurrent.Executors$RunnableAdapter.call(Executors.java:511)
	at java.util.concurrent.FutureTask.run(FutureTask.java:266)
	at java.util.concurrent.ThreadPoolExecutor.runWorker(ThreadPoolExecutor.java:1149)
	at java.util.concurrent.ThreadPoolExecutor$Worker.run(ThreadPoolExecutor.java:624)
	... 1 more
Caused by: org.apache.ratis.thirdparty.io.netty.channel.AbstractChannel$AnnotatedConnectException: Connection refused: /192.168.34.25:45248
	at sun.nio.ch.SocketChannelImpl.checkConnect(Native Method)
	at sun.nio.ch.SocketChannelImpl.finishConnect(SocketChannelImpl.java:717)
	at org.apache.ratis.thirdparty.io.netty.channel.socket.nio.NioSocketChannel.doFinishConnect(NioSocketChannel.java:327)
	at org.apache.ratis.thirdparty.io.netty.channel.nio.AbstractNioChannel$AbstractNioUnsafe.finishConnect(AbstractNioChannel.java:340)
	at org.apache.ratis.thirdparty.io.netty.channel.nio.NioEventLoop.processSelectedKey(NioEventLoop.java:632)
	at org.apache.ratis.thirdparty.io.netty.channel.nio.NioEventLoop.processSelectedKeysOptimized(NioEventLoop.java:579)
	at org.apache.ratis.thirdparty.io.netty.channel.nio.NioEventLoop.processSelectedKeys(NioEventLoop.java:496)
	at org.apache.ratis.thirdparty.io.netty.channel.nio.NioEventLoop.run(NioEventLoop.java:458)
	at org.apache.ratis.thirdparty.io.netty.util.concurrent.SingleThreadEventExecutor$5.run(SingleThreadEventExecutor.java:897)
	at org.apache.ratis.thirdparty.io.netty.util.concurrent.FastThreadLocalRunnable.run(FastThreadLocalRunnable.java:30)
	... 1 more
Caused by: java.net.ConnectException: Connection refused
	... 11 more
2019-10-18 07:24:09,003 [grpc-default-executor-11] INFO  impl.RaftServerImpl (RaftServerImpl.java:setRole(184)) - 5170c5f3-8499-4b42-9321-85fc8a351f79@group-BCB82A5C07F5: changes role from  FOLLOWER to FOLLOWER at term 158 for recognizeCandidate:12ad0800-05cb-443c-9fdd-fa1debf04523
2019-10-18 07:24:09,003 [grpc-default-executor-11] INFO  impl.RoleInfo (RoleInfo.java:shutdownFollowerState(121)) - 5170c5f3-8499-4b42-9321-85fc8a351f79: shutdown FollowerState
2019-10-18 07:24:09,003 [grpc-default-executor-11] INFO  impl.RoleInfo (RoleInfo.java:updateAndGet(143)) - 5170c5f3-8499-4b42-9321-85fc8a351f79: start FollowerState
2019-10-18 07:24:09,003 [Thread-10611] INFO  impl.FollowerState (FollowerState.java:run(117)) - 5170c5f3-8499-4b42-9321-85fc8a351f79@group-BCB82A5C07F5-FollowerState was interrupted: java.lang.InterruptedException: sleep interrupted
2019-10-18 07:24:09,027 [12ad0800-05cb-443c-9fdd-fa1debf04523@group-BCB82A5C07F5-LeaderElection1211] INFO  impl.LeaderElection (LeaderElection.java:logAndReturn(56)) - 12ad0800-05cb-443c-9fdd-fa1debf04523@group-BCB82A5C07F5-LeaderElection1211: Election REJECTED; received 1 response(s) [12ad0800-05cb-443c-9fdd-fa1debf04523<-5170c5f3-8499-4b42-9321-85fc8a351f79#0:FAIL-t158] and 1 exception(s); 12ad0800-05cb-443c-9fdd-fa1debf04523@group-BCB82A5C07F5:t158, leader=null, voted=12ad0800-05cb-443c-9fdd-fa1debf04523, raftlog=12ad0800-05cb-443c-9fdd-fa1debf04523@group-BCB82A5C07F5-SegmentedRaftLog:OPENED:c-1,f-1,i0, conf=-1: [12ad0800-05cb-443c-9fdd-fa1debf04523:192.168.34.25:41155, 5170c5f3-8499-4b42-9321-85fc8a351f79:192.168.34.25:43074, 0b10a9fc-47eb-4a2b-b664-8273d9d17379:192.168.34.25:45248], old=null
2019-10-18 07:24:09,027 [12ad0800-05cb-443c-9fdd-fa1debf04523@group-BCB82A5C07F5-LeaderElection1211] INFO  impl.LeaderElection (LogUtils.java:infoOrTrace(149)) -   Exception 0: {}
java.util.concurrent.ExecutionException: org.apache.ratis.thirdparty.io.grpc.StatusRuntimeException: UNAVAILABLE: io exception
	at java.util.concurrent.FutureTask.report(FutureTask.java:122)
	at java.util.concurrent.FutureTask.get(FutureTask.java:192)
	at org.apache.ratis.server.impl.LeaderElection.waitForResults(LeaderElection.java:259)
	at org.apache.ratis.server.impl.LeaderElection.askForVotes(LeaderElection.java:197)
	at org.apache.ratis.server.impl.LeaderElection.run(LeaderElection.java:133)
	at java.lang.Thread.run(Thread.java:748)
Caused by: org.apache.ratis.thirdparty.io.grpc.StatusRuntimeException: UNAVAILABLE: io exception
	at org.apache.ratis.thirdparty.io.grpc.stub.ClientCalls.toStatusRuntimeException(ClientCalls.java:233)
	at org.apache.ratis.thirdparty.io.grpc.stub.ClientCalls.getUnchecked(ClientCalls.java:214)
	at org.apache.ratis.thirdparty.io.grpc.stub.ClientCalls.blockingUnaryCall(ClientCalls.java:139)
	at org.apache.ratis.proto.grpc.RaftServerProtocolServiceGrpc$RaftServerProtocolServiceBlockingStub.requestVote(RaftServerProtocolServiceGrpc.java:265)
	at org.apache.ratis.grpc.server.GrpcServerProtocolClient.requestVote(GrpcServerProtocolClient.java:99)
	at org.apache.ratis.grpc.server.GrpcService.requestVote(GrpcService.java:204)
	at org.apache.ratis.server.impl.LeaderElection.lambda$submitRequests$1(LeaderElection.java:234)
	at java.util.concurrent.FutureTask.run(FutureTask.java:266)
	at java.util.concurrent.Executors$RunnableAdapter.call(Executors.java:511)
	at java.util.concurrent.FutureTask.run(FutureTask.java:266)
	at java.util.concurrent.ThreadPoolExecutor.runWorker(ThreadPoolExecutor.java:1149)
	at java.util.concurrent.ThreadPoolExecutor$Worker.run(ThreadPoolExecutor.java:624)
	... 1 more
Caused by: org.apache.ratis.thirdparty.io.netty.channel.AbstractChannel$AnnotatedConnectException: Connection refused: /192.168.34.25:45248
	at sun.nio.ch.SocketChannelImpl.checkConnect(Native Method)
	at sun.nio.ch.SocketChannelImpl.finishConnect(SocketChannelImpl.java:717)
	at org.apache.ratis.thirdparty.io.netty.channel.socket.nio.NioSocketChannel.doFinishConnect(NioSocketChannel.java:327)
	at org.apache.ratis.thirdparty.io.netty.channel.nio.AbstractNioChannel$AbstractNioUnsafe.finishConnect(AbstractNioChannel.java:340)
	at org.apache.ratis.thirdparty.io.netty.channel.nio.NioEventLoop.processSelectedKey(NioEventLoop.java:632)
	at org.apache.ratis.thirdparty.io.netty.channel.nio.NioEventLoop.processSelectedKeysOptimized(NioEventLoop.java:579)
	at org.apache.ratis.thirdparty.io.netty.channel.nio.NioEventLoop.processSelectedKeys(NioEventLoop.java:496)
	at org.apache.ratis.thirdparty.io.netty.channel.nio.NioEventLoop.run(NioEventLoop.java:458)
	at org.apache.ratis.thirdparty.io.netty.util.concurrent.SingleThreadEventExecutor$5.run(SingleThreadEventExecutor.java:897)
	at org.apache.ratis.thirdparty.io.netty.util.concurrent.FastThreadLocalRunnable.run(FastThreadLocalRunnable.java:30)
	... 1 more
Caused by: java.net.ConnectException: Connection refused
	... 11 more
2019-10-18 07:24:09,027 [12ad0800-05cb-443c-9fdd-fa1debf04523@group-BCB82A5C07F5-LeaderElection1211] INFO  impl.RaftServerImpl (RaftServerImpl.java:setRole(184)) - 12ad0800-05cb-443c-9fdd-fa1debf04523@group-BCB82A5C07F5: changes role from CANDIDATE to FOLLOWER at term 158 for DISCOVERED_A_NEW_TERM
2019-10-18 07:24:09,027 [12ad0800-05cb-443c-9fdd-fa1debf04523@group-BCB82A5C07F5-LeaderElection1211] INFO  impl.RoleInfo (RoleInfo.java:shutdownLeaderElection(134)) - 12ad0800-05cb-443c-9fdd-fa1debf04523: shutdown LeaderElection
2019-10-18 07:24:09,027 [12ad0800-05cb-443c-9fdd-fa1debf04523@group-BCB82A5C07F5-LeaderElection1211] INFO  impl.RoleInfo (RoleInfo.java:updateAndGet(143)) - 12ad0800-05cb-443c-9fdd-fa1debf04523: start FollowerState
2019-10-18 07:24:09,100 [Thread-10615] INFO  impl.FollowerState (FollowerState.java:run(108)) - 12ad0800-05cb-443c-9fdd-fa1debf04523@group-BCB82A5C07F5-FollowerState: change to CANDIDATE, lastRpcTime:72ms, electionTimeout:72ms
2019-10-18 07:24:09,100 [Thread-10615] INFO  impl.RoleInfo (RoleInfo.java:shutdownFollowerState(121)) - 12ad0800-05cb-443c-9fdd-fa1debf04523: shutdown FollowerState
2019-10-18 07:24:09,100 [Thread-10615] INFO  impl.RaftServerImpl (RaftServerImpl.java:setRole(184)) - 12ad0800-05cb-443c-9fdd-fa1debf04523@group-BCB82A5C07F5: changes role from  FOLLOWER to CANDIDATE at term 158 for changeToCandidate
2019-10-18 07:24:09,100 [Thread-10615] INFO  impl.RoleInfo (RoleInfo.java:updateAndGet(143)) - 12ad0800-05cb-443c-9fdd-fa1debf04523: start LeaderElection
2019-10-18 07:24:09,117 [12ad0800-05cb-443c-9fdd-fa1debf04523@group-BCB82A5C07F5-LeaderElection1212] INFO  impl.LeaderElection (LeaderElection.java:askForVotes(178)) - 12ad0800-05cb-443c-9fdd-fa1debf04523@group-BCB82A5C07F5-LeaderElection1212: begin an election at term 159 for -1: [12ad0800-05cb-443c-9fdd-fa1debf04523:192.168.34.25:41155, 5170c5f3-8499-4b42-9321-85fc8a351f79:192.168.34.25:43074, 0b10a9fc-47eb-4a2b-b664-8273d9d17379:192.168.34.25:45248], old=null
2019-10-18 07:24:09,118 [12ad0800-05cb-443c-9fdd-fa1debf04523@group-BCB82A5C07F5-LeaderElection1212] INFO  impl.LeaderElection (LogUtils.java:infoOrTrace(149)) - 12ad0800-05cb-443c-9fdd-fa1debf04523@group-BCB82A5C07F5-LeaderElection1212 got exception when requesting votes: {}
java.util.concurrent.ExecutionException: org.apache.ratis.thirdparty.io.grpc.StatusRuntimeException: UNAVAILABLE: io exception
	at java.util.concurrent.FutureTask.report(FutureTask.java:122)
	at java.util.concurrent.FutureTask.get(FutureTask.java:192)
	at org.apache.ratis.server.impl.LeaderElection.waitForResults(LeaderElection.java:259)
	at org.apache.ratis.server.impl.LeaderElection.askForVotes(LeaderElection.java:197)
	at org.apache.ratis.server.impl.LeaderElection.run(LeaderElection.java:133)
	at java.lang.Thread.run(Thread.java:748)
Caused by: org.apache.ratis.thirdparty.io.grpc.StatusRuntimeException: UNAVAILABLE: io exception
	at org.apache.ratis.thirdparty.io.grpc.stub.ClientCalls.toStatusRuntimeException(ClientCalls.java:233)
	at org.apache.ratis.thirdparty.io.grpc.stub.ClientCalls.getUnchecked(ClientCalls.java:214)
	at org.apache.ratis.thirdparty.io.grpc.stub.ClientCalls.blockingUnaryCall(ClientCalls.java:139)
	at org.apache.ratis.proto.grpc.RaftServerProtocolServiceGrpc$RaftServerProtocolServiceBlockingStub.requestVote(RaftServerProtocolServiceGrpc.java:265)
	at org.apache.ratis.grpc.server.GrpcServerProtocolClient.requestVote(GrpcServerProtocolClient.java:99)
	at org.apache.ratis.grpc.server.GrpcService.requestVote(GrpcService.java:204)
	at org.apache.ratis.server.impl.LeaderElection.lambda$submitRequests$1(LeaderElection.java:234)
	at java.util.concurrent.FutureTask.run(FutureTask.java:266)
	at java.util.concurrent.Executors$RunnableAdapter.call(Executors.java:511)
	at java.util.concurrent.FutureTask.run(FutureTask.java:266)
	at java.util.concurrent.ThreadPoolExecutor.runWorker(ThreadPoolExecutor.java:1149)
	at java.util.concurrent.ThreadPoolExecutor$Worker.run(ThreadPoolExecutor.java:624)
	... 1 more
Caused by: org.apache.ratis.thirdparty.io.netty.channel.AbstractChannel$AnnotatedConnectException: Connection refused: /192.168.34.25:45248
	at sun.nio.ch.SocketChannelImpl.checkConnect(Native Method)
	at sun.nio.ch.SocketChannelImpl.finishConnect(SocketChannelImpl.java:717)
	at org.apache.ratis.thirdparty.io.netty.channel.socket.nio.NioSocketChannel.doFinishConnect(NioSocketChannel.java:327)
	at org.apache.ratis.thirdparty.io.netty.channel.nio.AbstractNioChannel$AbstractNioUnsafe.finishConnect(AbstractNioChannel.java:340)
	at org.apache.ratis.thirdparty.io.netty.channel.nio.NioEventLoop.processSelectedKey(NioEventLoop.java:632)
	at org.apache.ratis.thirdparty.io.netty.channel.nio.NioEventLoop.processSelectedKeysOptimized(NioEventLoop.java:579)
	at org.apache.ratis.thirdparty.io.netty.channel.nio.NioEventLoop.processSelectedKeys(NioEventLoop.java:496)
	at org.apache.ratis.thirdparty.io.netty.channel.nio.NioEventLoop.run(NioEventLoop.java:458)
	at org.apache.ratis.thirdparty.io.netty.util.concurrent.SingleThreadEventExecutor$5.run(SingleThreadEventExecutor.java:897)
	at org.apache.ratis.thirdparty.io.netty.util.concurrent.FastThreadLocalRunnable.run(FastThreadLocalRunnable.java:30)
	... 1 more
Caused by: java.net.ConnectException: Connection refused
	... 11 more
2019-10-18 07:24:09,119 [grpc-default-executor-11] INFO  impl.RaftServerImpl (RaftServerImpl.java:setRole(184)) - 5170c5f3-8499-4b42-9321-85fc8a351f79@group-BCB82A5C07F5: changes role from  FOLLOWER to FOLLOWER at term 159 for recognizeCandidate:12ad0800-05cb-443c-9fdd-fa1debf04523
2019-10-18 07:24:09,119 [grpc-default-executor-11] INFO  impl.RoleInfo (RoleInfo.java:shutdownFollowerState(121)) - 5170c5f3-8499-4b42-9321-85fc8a351f79: shutdown FollowerState
2019-10-18 07:24:09,119 [grpc-default-executor-11] INFO  impl.RoleInfo (RoleInfo.java:updateAndGet(143)) - 5170c5f3-8499-4b42-9321-85fc8a351f79: start FollowerState
2019-10-18 07:24:09,119 [Thread-10614] INFO  impl.FollowerState (FollowerState.java:run(117)) - 5170c5f3-8499-4b42-9321-85fc8a351f79@group-BCB82A5C07F5-FollowerState was interrupted: java.lang.InterruptedException: sleep interrupted
2019-10-18 07:24:09,152 [Thread-10608] INFO  impl.FollowerState (FollowerState.java:run(108)) - 4dea926d-4bc6-487a-9b9b-9fd457d0fae4@group-0C9C3B2D0CC1-FollowerState: change to CANDIDATE, lastRpcTime:196ms, electionTimeout:196ms
2019-10-18 07:24:09,152 [Thread-10608] INFO  impl.RoleInfo (RoleInfo.java:shutdownFollowerState(121)) - 4dea926d-4bc6-487a-9b9b-9fd457d0fae4: shutdown FollowerState
2019-10-18 07:24:09,152 [Thread-10608] INFO  impl.RaftServerImpl (RaftServerImpl.java:setRole(184)) - 4dea926d-4bc6-487a-9b9b-9fd457d0fae4@group-0C9C3B2D0CC1: changes role from  FOLLOWER to CANDIDATE at term 147 for changeToCandidate
2019-10-18 07:24:09,152 [Thread-10608] INFO  impl.RoleInfo (RoleInfo.java:updateAndGet(143)) - 4dea926d-4bc6-487a-9b9b-9fd457d0fae4: start LeaderElection
2019-10-18 07:24:09,153 [12ad0800-05cb-443c-9fdd-fa1debf04523@group-BCB82A5C07F5-LeaderElection1212] INFO  impl.LeaderElection (LeaderElection.java:logAndReturn(56)) - 12ad0800-05cb-443c-9fdd-fa1debf04523@group-BCB82A5C07F5-LeaderElection1212: Election REJECTED; received 1 response(s) [12ad0800-05cb-443c-9fdd-fa1debf04523<-5170c5f3-8499-4b42-9321-85fc8a351f79#0:FAIL-t159] and 1 exception(s); 12ad0800-05cb-443c-9fdd-fa1debf04523@group-BCB82A5C07F5:t159, leader=null, voted=12ad0800-05cb-443c-9fdd-fa1debf04523, raftlog=12ad0800-05cb-443c-9fdd-fa1debf04523@group-BCB82A5C07F5-SegmentedRaftLog:OPENED:c-1,f-1,i0, conf=-1: [12ad0800-05cb-443c-9fdd-fa1debf04523:192.168.34.25:41155, 5170c5f3-8499-4b42-9321-85fc8a351f79:192.168.34.25:43074, 0b10a9fc-47eb-4a2b-b664-8273d9d17379:192.168.34.25:45248], old=null
2019-10-18 07:24:09,153 [12ad0800-05cb-443c-9fdd-fa1debf04523@group-BCB82A5C07F5-LeaderElection1212] INFO  impl.LeaderElection (LogUtils.java:infoOrTrace(149)) -   Exception 0: {}
java.util.concurrent.ExecutionException: org.apache.ratis.thirdparty.io.grpc.StatusRuntimeException: UNAVAILABLE: io exception
	at java.util.concurrent.FutureTask.report(FutureTask.java:122)
	at java.util.concurrent.FutureTask.get(FutureTask.java:192)
	at org.apache.ratis.server.impl.LeaderElection.waitForResults(LeaderElection.java:259)
	at org.apache.ratis.server.impl.LeaderElection.askForVotes(LeaderElection.java:197)
	at org.apache.ratis.server.impl.LeaderElection.run(LeaderElection.java:133)
	at java.lang.Thread.run(Thread.java:748)
Caused by: org.apache.ratis.thirdparty.io.grpc.StatusRuntimeException: UNAVAILABLE: io exception
	at org.apache.ratis.thirdparty.io.grpc.stub.ClientCalls.toStatusRuntimeException(ClientCalls.java:233)
	at org.apache.ratis.thirdparty.io.grpc.stub.ClientCalls.getUnchecked(ClientCalls.java:214)
	at org.apache.ratis.thirdparty.io.grpc.stub.ClientCalls.blockingUnaryCall(ClientCalls.java:139)
	at org.apache.ratis.proto.grpc.RaftServerProtocolServiceGrpc$RaftServerProtocolServiceBlockingStub.requestVote(RaftServerProtocolServiceGrpc.java:265)
	at org.apache.ratis.grpc.server.GrpcServerProtocolClient.requestVote(GrpcServerProtocolClient.java:99)
	at org.apache.ratis.grpc.server.GrpcService.requestVote(GrpcService.java:204)
	at org.apache.ratis.server.impl.LeaderElection.lambda$submitRequests$1(LeaderElection.java:234)
	at java.util.concurrent.FutureTask.run(FutureTask.java:266)
	at java.util.concurrent.Executors$RunnableAdapter.call(Executors.java:511)
	at java.util.concurrent.FutureTask.run(FutureTask.java:266)
	at java.util.concurrent.ThreadPoolExecutor.runWorker(ThreadPoolExecutor.java:1149)
	at java.util.concurrent.ThreadPoolExecutor$Worker.run(ThreadPoolExecutor.java:624)
	... 1 more
Caused by: org.apache.ratis.thirdparty.io.netty.channel.AbstractChannel$AnnotatedConnectException: Connection refused: /192.168.34.25:45248
	at sun.nio.ch.SocketChannelImpl.checkConnect(Native Method)
	at sun.nio.ch.SocketChannelImpl.finishConnect(SocketChannelImpl.java:717)
	at org.apache.ratis.thirdparty.io.netty.channel.socket.nio.NioSocketChannel.doFinishConnect(NioSocketChannel.java:327)
	at org.apache.ratis.thirdparty.io.netty.channel.nio.AbstractNioChannel$AbstractNioUnsafe.finishConnect(AbstractNioChannel.java:340)
	at org.apache.ratis.thirdparty.io.netty.channel.nio.NioEventLoop.processSelectedKey(NioEventLoop.java:632)
	at org.apache.ratis.thirdparty.io.netty.channel.nio.NioEventLoop.processSelectedKeysOptimized(NioEventLoop.java:579)
	at org.apache.ratis.thirdparty.io.netty.channel.nio.NioEventLoop.processSelectedKeys(NioEventLoop.java:496)
	at org.apache.ratis.thirdparty.io.netty.channel.nio.NioEventLoop.run(NioEventLoop.java:458)
	at org.apache.ratis.thirdparty.io.netty.util.concurrent.SingleThreadEventExecutor$5.run(SingleThreadEventExecutor.java:897)
	at org.apache.ratis.thirdparty.io.netty.util.concurrent.FastThreadLocalRunnable.run(FastThreadLocalRunnable.java:30)
	... 1 more
Caused by: java.net.ConnectException: Connection refused
	... 11 more
2019-10-18 07:24:09,153 [12ad0800-05cb-443c-9fdd-fa1debf04523@group-BCB82A5C07F5-LeaderElection1212] INFO  impl.RaftServerImpl (RaftServerImpl.java:setRole(184)) - 12ad0800-05cb-443c-9fdd-fa1debf04523@group-BCB82A5C07F5: changes role from CANDIDATE to FOLLOWER at term 159 for DISCOVERED_A_NEW_TERM
2019-10-18 07:24:09,153 [12ad0800-05cb-443c-9fdd-fa1debf04523@group-BCB82A5C07F5-LeaderElection1212] INFO  impl.RoleInfo (RoleInfo.java:shutdownLeaderElection(134)) - 12ad0800-05cb-443c-9fdd-fa1debf04523: shutdown LeaderElection
2019-10-18 07:24:09,153 [12ad0800-05cb-443c-9fdd-fa1debf04523@group-BCB82A5C07F5-LeaderElection1212] INFO  impl.RoleInfo (RoleInfo.java:updateAndGet(143)) - 12ad0800-05cb-443c-9fdd-fa1debf04523: start FollowerState
2019-10-18 07:24:09,178 [4dea926d-4bc6-487a-9b9b-9fd457d0fae4@group-0C9C3B2D0CC1-LeaderElection1213] INFO  impl.LeaderElection (LeaderElection.java:askForVotes(178)) - 4dea926d-4bc6-487a-9b9b-9fd457d0fae4@group-0C9C3B2D0CC1-LeaderElection1213: begin an election at term 148 for -1: [6633f50a-7046-4b08-9937-8e25f1b14b15:192.168.34.25:39338, 67270882-100a-4e75-928d-618d17e069c8:192.168.34.25:36648, 4dea926d-4bc6-487a-9b9b-9fd457d0fae4:192.168.34.25:41624], old=null
2019-10-18 07:24:09,179 [grpc-default-executor-11] INFO  impl.RaftServerImpl (RaftServerImpl.java:setRole(184)) - 6633f50a-7046-4b08-9937-8e25f1b14b15@group-0C9C3B2D0CC1: changes role from  FOLLOWER to FOLLOWER at term 148 for recognizeCandidate:4dea926d-4bc6-487a-9b9b-9fd457d0fae4
2019-10-18 07:24:09,179 [grpc-default-executor-11] INFO  impl.RoleInfo (RoleInfo.java:shutdownFollowerState(121)) - 6633f50a-7046-4b08-9937-8e25f1b14b15: shutdown FollowerState
2019-10-18 07:24:09,179 [grpc-default-executor-12] INFO  impl.RaftServerImpl (RaftServerImpl.java:setRole(184)) - 67270882-100a-4e75-928d-618d17e069c8@group-0C9C3B2D0CC1: changes role from  FOLLOWER to FOLLOWER at term 148 for recognizeCandidate:4dea926d-4bc6-487a-9b9b-9fd457d0fae4
2019-10-18 07:24:09,179 [grpc-default-executor-12] INFO  impl.RoleInfo (RoleInfo.java:shutdownFollowerState(121)) - 67270882-100a-4e75-928d-618d17e069c8: shutdown FollowerState
2019-10-18 07:24:09,179 [Thread-10605] INFO  impl.FollowerState (FollowerState.java:run(117)) - 6633f50a-7046-4b08-9937-8e25f1b14b15@group-0C9C3B2D0CC1-FollowerState was interrupted: java.lang.InterruptedException: sleep interrupted
2019-10-18 07:24:09,179 [Thread-10606] INFO  impl.FollowerState (FollowerState.java:run(117)) - 67270882-100a-4e75-928d-618d17e069c8@group-0C9C3B2D0CC1-FollowerState was interrupted: java.lang.InterruptedException: sleep interrupted
2019-10-18 07:24:09,179 [grpc-default-executor-11] INFO  impl.RoleInfo (RoleInfo.java:updateAndGet(143)) - 6633f50a-7046-4b08-9937-8e25f1b14b15: start FollowerState
2019-10-18 07:24:09,179 [grpc-default-executor-12] INFO  impl.RoleInfo (RoleInfo.java:updateAndGet(143)) - 67270882-100a-4e75-928d-618d17e069c8: start FollowerState
2019-10-18 07:24:09,203 [4dea926d-4bc6-487a-9b9b-9fd457d0fae4@group-0C9C3B2D0CC1-LeaderElection1213] INFO  impl.LeaderElection (LeaderElection.java:logAndReturn(56)) - 4dea926d-4bc6-487a-9b9b-9fd457d0fae4@group-0C9C3B2D0CC1-LeaderElection1213: Election REJECTED; received 2 response(s) [4dea926d-4bc6-487a-9b9b-9fd457d0fae4<-6633f50a-7046-4b08-9937-8e25f1b14b15#0:FAIL-t148, 4dea926d-4bc6-487a-9b9b-9fd457d0fae4<-67270882-100a-4e75-928d-618d17e069c8#0:FAIL-t148] and 0 exception(s); 4dea926d-4bc6-487a-9b9b-9fd457d0fae4@group-0C9C3B2D0CC1:t148, leader=null, voted=4dea926d-4bc6-487a-9b9b-9fd457d0fae4, raftlog=4dea926d-4bc6-487a-9b9b-9fd457d0fae4@group-0C9C3B2D0CC1-SegmentedRaftLog:OPENED:c-1,f-1,i0, conf=-1: [6633f50a-7046-4b08-9937-8e25f1b14b15:192.168.34.25:39338, 67270882-100a-4e75-928d-618d17e069c8:192.168.34.25:36648, 4dea926d-4bc6-487a-9b9b-9fd457d0fae4:192.168.34.25:41624], old=null
2019-10-18 07:24:09,204 [4dea926d-4bc6-487a-9b9b-9fd457d0fae4@group-0C9C3B2D0CC1-LeaderElection1213] INFO  impl.RaftServerImpl (RaftServerImpl.java:setRole(184)) - 4dea926d-4bc6-487a-9b9b-9fd457d0fae4@group-0C9C3B2D0CC1: changes role from CANDIDATE to FOLLOWER at term 148 for DISCOVERED_A_NEW_TERM
2019-10-18 07:24:09,204 [4dea926d-4bc6-487a-9b9b-9fd457d0fae4@group-0C9C3B2D0CC1-LeaderElection1213] INFO  impl.RoleInfo (RoleInfo.java:shutdownLeaderElection(134)) - 4dea926d-4bc6-487a-9b9b-9fd457d0fae4: shutdown LeaderElection
2019-10-18 07:24:09,204 [4dea926d-4bc6-487a-9b9b-9fd457d0fae4@group-0C9C3B2D0CC1-LeaderElection1213] INFO  impl.RoleInfo (RoleInfo.java:updateAndGet(143)) - 4dea926d-4bc6-487a-9b9b-9fd457d0fae4: start FollowerState
2019-10-18 07:24:09,233 [Thread-10621] INFO  impl.FollowerState (FollowerState.java:run(108)) - 12ad0800-05cb-443c-9fdd-fa1debf04523@group-BCB82A5C07F5-FollowerState: change to CANDIDATE, lastRpcTime:79ms, electionTimeout:79ms
2019-10-18 07:24:09,233 [Thread-10621] INFO  impl.RoleInfo (RoleInfo.java:shutdownFollowerState(121)) - 12ad0800-05cb-443c-9fdd-fa1debf04523: shutdown FollowerState
2019-10-18 07:24:09,233 [Thread-10621] INFO  impl.RaftServerImpl (RaftServerImpl.java:setRole(184)) - 12ad0800-05cb-443c-9fdd-fa1debf04523@group-BCB82A5C07F5: changes role from  FOLLOWER to CANDIDATE at term 159 for changeToCandidate
2019-10-18 07:24:09,233 [Thread-10621] INFO  impl.RoleInfo (RoleInfo.java:updateAndGet(143)) - 12ad0800-05cb-443c-9fdd-fa1debf04523: start LeaderElection
2019-10-18 07:24:09,262 [12ad0800-05cb-443c-9fdd-fa1debf04523@group-BCB82A5C07F5-LeaderElection1214] INFO  impl.LeaderElection (LeaderElection.java:askForVotes(178)) - 12ad0800-05cb-443c-9fdd-fa1debf04523@group-BCB82A5C07F5-LeaderElection1214: begin an election at term 160 for -1: [12ad0800-05cb-443c-9fdd-fa1debf04523:192.168.34.25:41155, 5170c5f3-8499-4b42-9321-85fc8a351f79:192.168.34.25:43074, 0b10a9fc-47eb-4a2b-b664-8273d9d17379:192.168.34.25:45248], old=null
2019-10-18 07:24:09,263 [12ad0800-05cb-443c-9fdd-fa1debf04523@group-BCB82A5C07F5-LeaderElection1214] INFO  impl.LeaderElection (LogUtils.java:infoOrTrace(149)) - 12ad0800-05cb-443c-9fdd-fa1debf04523@group-BCB82A5C07F5-LeaderElection1214 got exception when requesting votes: {}
java.util.concurrent.ExecutionException: org.apache.ratis.thirdparty.io.grpc.StatusRuntimeException: UNAVAILABLE: io exception
	at java.util.concurrent.FutureTask.report(FutureTask.java:122)
	at java.util.concurrent.FutureTask.get(FutureTask.java:192)
	at org.apache.ratis.server.impl.LeaderElection.waitForResults(LeaderElection.java:259)
	at org.apache.ratis.server.impl.LeaderElection.askForVotes(LeaderElection.java:197)
	at org.apache.ratis.server.impl.LeaderElection.run(LeaderElection.java:133)
	at java.lang.Thread.run(Thread.java:748)
Caused by: org.apache.ratis.thirdparty.io.grpc.StatusRuntimeException: UNAVAILABLE: io exception
	at org.apache.ratis.thirdparty.io.grpc.stub.ClientCalls.toStatusRuntimeException(ClientCalls.java:233)
	at org.apache.ratis.thirdparty.io.grpc.stub.ClientCalls.getUnchecked(ClientCalls.java:214)
	at org.apache.ratis.thirdparty.io.grpc.stub.ClientCalls.blockingUnaryCall(ClientCalls.java:139)
	at org.apache.ratis.proto.grpc.RaftServerProtocolServiceGrpc$RaftServerProtocolServiceBlockingStub.requestVote(RaftServerProtocolServiceGrpc.java:265)
	at org.apache.ratis.grpc.server.GrpcServerProtocolClient.requestVote(GrpcServerProtocolClient.java:99)
	at org.apache.ratis.grpc.server.GrpcService.requestVote(GrpcService.java:204)
	at org.apache.ratis.server.impl.LeaderElection.lambda$submitRequests$1(LeaderElection.java:234)
	at java.util.concurrent.FutureTask.run(FutureTask.java:266)
	at java.util.concurrent.Executors$RunnableAdapter.call(Executors.java:511)
	at java.util.concurrent.FutureTask.run(FutureTask.java:266)
	at java.util.concurrent.ThreadPoolExecutor.runWorker(ThreadPoolExecutor.java:1149)
	at java.util.concurrent.ThreadPoolExecutor$Worker.run(ThreadPoolExecutor.java:624)
	... 1 more
Caused by: org.apache.ratis.thirdparty.io.netty.channel.AbstractChannel$AnnotatedConnectException: Connection refused: /192.168.34.25:45248
	at sun.nio.ch.SocketChannelImpl.checkConnect(Native Method)
	at sun.nio.ch.SocketChannelImpl.finishConnect(SocketChannelImpl.java:717)
	at org.apache.ratis.thirdparty.io.netty.channel.socket.nio.NioSocketChannel.doFinishConnect(NioSocketChannel.java:327)
	at org.apache.ratis.thirdparty.io.netty.channel.nio.AbstractNioChannel$AbstractNioUnsafe.finishConnect(AbstractNioChannel.java:340)
	at org.apache.ratis.thirdparty.io.netty.channel.nio.NioEventLoop.processSelectedKey(NioEventLoop.java:632)
	at org.apache.ratis.thirdparty.io.netty.channel.nio.NioEventLoop.processSelectedKeysOptimized(NioEventLoop.java:579)
	at org.apache.ratis.thirdparty.io.netty.channel.nio.NioEventLoop.processSelectedKeys(NioEventLoop.java:496)
	at org.apache.ratis.thirdparty.io.netty.channel.nio.NioEventLoop.run(NioEventLoop.java:458)
	at org.apache.ratis.thirdparty.io.netty.util.concurrent.SingleThreadEventExecutor$5.run(SingleThreadEventExecutor.java:897)
	at org.apache.ratis.thirdparty.io.netty.util.concurrent.FastThreadLocalRunnable.run(FastThreadLocalRunnable.java:30)
	... 1 more
Caused by: java.net.ConnectException: Connection refused
	... 11 more
2019-10-18 07:24:09,263 [grpc-default-executor-11] INFO  impl.RaftServerImpl (RaftServerImpl.java:setRole(184)) - 5170c5f3-8499-4b42-9321-85fc8a351f79@group-BCB82A5C07F5: changes role from  FOLLOWER to FOLLOWER at term 160 for recognizeCandidate:12ad0800-05cb-443c-9fdd-fa1debf04523
2019-10-18 07:24:09,263 [grpc-default-executor-11] INFO  impl.RoleInfo (RoleInfo.java:shutdownFollowerState(121)) - 5170c5f3-8499-4b42-9321-85fc8a351f79: shutdown FollowerState
2019-10-18 07:24:09,264 [grpc-default-executor-11] INFO  impl.RoleInfo (RoleInfo.java:updateAndGet(143)) - 5170c5f3-8499-4b42-9321-85fc8a351f79: start FollowerState
2019-10-18 07:24:09,264 [Thread-10619] INFO  impl.FollowerState (FollowerState.java:run(117)) - 5170c5f3-8499-4b42-9321-85fc8a351f79@group-BCB82A5C07F5-FollowerState was interrupted: java.lang.InterruptedException: sleep interrupted
2019-10-18 07:24:09,288 [12ad0800-05cb-443c-9fdd-fa1debf04523@group-BCB82A5C07F5-LeaderElection1214] INFO  impl.LeaderElection (LeaderElection.java:logAndReturn(56)) - 12ad0800-05cb-443c-9fdd-fa1debf04523@group-BCB82A5C07F5-LeaderElection1214: Election REJECTED; received 1 response(s) [12ad0800-05cb-443c-9fdd-fa1debf04523<-5170c5f3-8499-4b42-9321-85fc8a351f79#0:FAIL-t160] and 1 exception(s); 12ad0800-05cb-443c-9fdd-fa1debf04523@group-BCB82A5C07F5:t160, leader=null, voted=12ad0800-05cb-443c-9fdd-fa1debf04523, raftlog=12ad0800-05cb-443c-9fdd-fa1debf04523@group-BCB82A5C07F5-SegmentedRaftLog:OPENED:c-1,f-1,i0, conf=-1: [12ad0800-05cb-443c-9fdd-fa1debf04523:192.168.34.25:41155, 5170c5f3-8499-4b42-9321-85fc8a351f79:192.168.34.25:43074, 0b10a9fc-47eb-4a2b-b664-8273d9d17379:192.168.34.25:45248], old=null
2019-10-18 07:24:09,288 [12ad0800-05cb-443c-9fdd-fa1debf04523@group-BCB82A5C07F5-LeaderElection1214] INFO  impl.LeaderElection (LogUtils.java:infoOrTrace(149)) -   Exception 0: {}
java.util.concurrent.ExecutionException: org.apache.ratis.thirdparty.io.grpc.StatusRuntimeException: UNAVAILABLE: io exception
	at java.util.concurrent.FutureTask.report(FutureTask.java:122)
	at java.util.concurrent.FutureTask.get(FutureTask.java:192)
	at org.apache.ratis.server.impl.LeaderElection.waitForResults(LeaderElection.java:259)
	at org.apache.ratis.server.impl.LeaderElection.askForVotes(LeaderElection.java:197)
	at org.apache.ratis.server.impl.LeaderElection.run(LeaderElection.java:133)
	at java.lang.Thread.run(Thread.java:748)
Caused by: org.apache.ratis.thirdparty.io.grpc.StatusRuntimeException: UNAVAILABLE: io exception
	at org.apache.ratis.thirdparty.io.grpc.stub.ClientCalls.toStatusRuntimeException(ClientCalls.java:233)
	at org.apache.ratis.thirdparty.io.grpc.stub.ClientCalls.getUnchecked(ClientCalls.java:214)
	at org.apache.ratis.thirdparty.io.grpc.stub.ClientCalls.blockingUnaryCall(ClientCalls.java:139)
	at org.apache.ratis.proto.grpc.RaftServerProtocolServiceGrpc$RaftServerProtocolServiceBlockingStub.requestVote(RaftServerProtocolServiceGrpc.java:265)
	at org.apache.ratis.grpc.server.GrpcServerProtocolClient.requestVote(GrpcServerProtocolClient.java:99)
	at org.apache.ratis.grpc.server.GrpcService.requestVote(GrpcService.java:204)
	at org.apache.ratis.server.impl.LeaderElection.lambda$submitRequests$1(LeaderElection.java:234)
	at java.util.concurrent.FutureTask.run(FutureTask.java:266)
	at java.util.concurrent.Executors$RunnableAdapter.call(Executors.java:511)
	at java.util.concurrent.FutureTask.run(FutureTask.java:266)
	at java.util.concurrent.ThreadPoolExecutor.runWorker(ThreadPoolExecutor.java:1149)
	at java.util.concurrent.ThreadPoolExecutor$Worker.run(ThreadPoolExecutor.java:624)
	... 1 more
Caused by: org.apache.ratis.thirdparty.io.netty.channel.AbstractChannel$AnnotatedConnectException: Connection refused: /192.168.34.25:45248
	at sun.nio.ch.SocketChannelImpl.checkConnect(Native Method)
	at sun.nio.ch.SocketChannelImpl.finishConnect(SocketChannelImpl.java:717)
	at org.apache.ratis.thirdparty.io.netty.channel.socket.nio.NioSocketChannel.doFinishConnect(NioSocketChannel.java:327)
	at org.apache.ratis.thirdparty.io.netty.channel.nio.AbstractNioChannel$AbstractNioUnsafe.finishConnect(AbstractNioChannel.java:340)
	at org.apache.ratis.thirdparty.io.netty.channel.nio.NioEventLoop.processSelectedKey(NioEventLoop.java:632)
	at org.apache.ratis.thirdparty.io.netty.channel.nio.NioEventLoop.processSelectedKeysOptimized(NioEventLoop.java:579)
	at org.apache.ratis.thirdparty.io.netty.channel.nio.NioEventLoop.processSelectedKeys(NioEventLoop.java:496)
	at org.apache.ratis.thirdparty.io.netty.channel.nio.NioEventLoop.run(NioEventLoop.java:458)
	at org.apache.ratis.thirdparty.io.netty.util.concurrent.SingleThreadEventExecutor$5.run(SingleThreadEventExecutor.java:897)
	at org.apache.ratis.thirdparty.io.netty.util.concurrent.FastThreadLocalRunnable.run(FastThreadLocalRunnable.java:30)
	... 1 more
Caused by: java.net.ConnectException: Connection refused
	... 11 more
2019-10-18 07:24:09,288 [12ad0800-05cb-443c-9fdd-fa1debf04523@group-BCB82A5C07F5-LeaderElection1214] INFO  impl.RaftServerImpl (RaftServerImpl.java:setRole(184)) - 12ad0800-05cb-443c-9fdd-fa1debf04523@group-BCB82A5C07F5: changes role from CANDIDATE to FOLLOWER at term 160 for DISCOVERED_A_NEW_TERM
2019-10-18 07:24:09,288 [12ad0800-05cb-443c-9fdd-fa1debf04523@group-BCB82A5C07F5-LeaderElection1214] INFO  impl.RoleInfo (RoleInfo.java:shutdownLeaderElection(134)) - 12ad0800-05cb-443c-9fdd-fa1debf04523: shutdown LeaderElection
2019-10-18 07:24:09,288 [12ad0800-05cb-443c-9fdd-fa1debf04523@group-BCB82A5C07F5-LeaderElection1214] INFO  impl.RoleInfo (RoleInfo.java:updateAndGet(143)) - 12ad0800-05cb-443c-9fdd-fa1debf04523: start FollowerState
2019-10-18 07:24:09,325 [ForkJoinPool.commonPool-worker-0] INFO  ozoneimpl.OzoneContainer (OzoneContainer.java:stop(227)) - Attempting to stop container services.
2019-10-18 07:24:09,325 [main] INFO  ozoneimpl.OzoneContainer (OzoneContainer.java:stop(227)) - Attempting to stop container services.
2019-10-18 07:24:09,325 [ForkJoinPool.commonPool-worker-0] INFO  impl.RaftServerProxy (RaftServerProxy.java:lambda$close$4(314)) - 4dea926d-4bc6-487a-9b9b-9fd457d0fae4: close
2019-10-18 07:24:09,326 [main] INFO  impl.RaftServerProxy (RaftServerProxy.java:lambda$close$4(314)) - 9712a796-5281-4f3e-ac85-61dedd90db73: close
2019-10-18 07:24:09,326 [ForkJoinPool.commonPool-worker-0] INFO  impl.RaftServerImpl (RaftServerImpl.java:lambda$shutdown$3(261)) - 4dea926d-4bc6-487a-9b9b-9fd457d0fae4@group-0C9C3B2D0CC1: shutdown
2019-10-18 07:24:09,326 [main] INFO  impl.RaftServerImpl (RaftServerImpl.java:lambda$shutdown$3(261)) - 9712a796-5281-4f3e-ac85-61dedd90db73@group-E193FE271C99: shutdown
2019-10-18 07:24:09,326 [ForkJoinPool.commonPool-worker-0] INFO  util.JmxRegister (JmxRegister.java:unregister(73)) - Successfully un-registered JMX Bean with object name Ratis:service=RaftServer,group=group-0C9C3B2D0CC1,id=4dea926d-4bc6-487a-9b9b-9fd457d0fae4
2019-10-18 07:24:09,327 [main] INFO  util.JmxRegister (JmxRegister.java:unregister(73)) - Successfully un-registered JMX Bean with object name Ratis:service=RaftServer,group=group-E193FE271C99,id=9712a796-5281-4f3e-ac85-61dedd90db73
2019-10-18 07:24:09,327 [ForkJoinPool.commonPool-worker-0] INFO  impl.RoleInfo (RoleInfo.java:shutdownFollowerState(121)) - 4dea926d-4bc6-487a-9b9b-9fd457d0fae4: shutdown FollowerState
2019-10-18 07:24:09,327 [main] INFO  impl.RoleInfo (RoleInfo.java:shutdownFollowerState(121)) - 9712a796-5281-4f3e-ac85-61dedd90db73: shutdown FollowerState
2019-10-18 07:24:09,327 [ForkJoinPool.commonPool-worker-0] INFO  impl.StateMachineUpdater (StateMachineUpdater.java:stopAndJoin(136)) - 4dea926d-4bc6-487a-9b9b-9fd457d0fae4@group-0C9C3B2D0CC1-StateMachineUpdater: set stopIndex = -1
2019-10-18 07:24:09,327 [Thread-10626] INFO  impl.FollowerState (FollowerState.java:run(117)) - 4dea926d-4bc6-487a-9b9b-9fd457d0fae4@group-0C9C3B2D0CC1-FollowerState was interrupted: java.lang.InterruptedException: sleep interrupted
2019-10-18 07:24:09,328 [ForkJoinPool.commonPool-worker-0] INFO  impl.RaftServerImpl (ServerState.java:close(388)) - 4dea926d-4bc6-487a-9b9b-9fd457d0fae4@group-0C9C3B2D0CC1: closes. applyIndex: -1
2019-10-18 07:24:09,328 [9712a796-5281-4f3e-ac85-61dedd90db73@group-E193FE271C99-StateMachineUpdater] INFO  ratis.ContainerStateMachine (ContainerStateMachine.java:takeSnapshot(294)) - group-E193FE271C99: Taking a snapshot at:(t:1, i:8) file /workdir/hadoop-ozone/integration-test/target/test-dir/MiniOzoneClusterImpl-f216ddbe-e8b4-4355-85c5-09cf054ba290/datanode-5/data/ratis/1a142e32-f3d3-4f21-8488-e193fe271c99/sm/snapshot.1_8
2019-10-18 07:24:09,328 [Thread-8740] INFO  impl.FollowerState (FollowerState.java:run(117)) - 9712a796-5281-4f3e-ac85-61dedd90db73@group-E193FE271C99-FollowerState was interrupted: java.lang.InterruptedException: sleep interrupted
2019-10-18 07:24:09,328 [main] INFO  impl.StateMachineUpdater (StateMachineUpdater.java:stopAndJoin(136)) - 9712a796-5281-4f3e-ac85-61dedd90db73@group-E193FE271C99-StateMachineUpdater: set stopIndex = 10
2019-10-18 07:24:09,328 [4dea926d-4bc6-487a-9b9b-9fd457d0fae4@group-0C9C3B2D0CC1-SegmentedRaftLogWorker] INFO  segmented.SegmentedRaftLogWorker (SegmentedRaftLogWorker.java:run(316)) - 4dea926d-4bc6-487a-9b9b-9fd457d0fae4@group-0C9C3B2D0CC1-SegmentedRaftLogWorker was interrupted, exiting. There are 0 tasks remaining in the queue.
2019-10-18 07:24:09,329 [ForkJoinPool.commonPool-worker-0] INFO  segmented.SegmentedRaftLogWorker (SegmentedRaftLogWorker.java:close(224)) - 4dea926d-4bc6-487a-9b9b-9fd457d0fae4@group-0C9C3B2D0CC1-SegmentedRaftLogWorker close()
2019-10-18 07:24:09,336 [ForkJoinPool.commonPool-worker-0] INFO  impl.RaftServerImpl (RaftServerImpl.java:lambda$shutdown$3(261)) - 4dea926d-4bc6-487a-9b9b-9fd457d0fae4@group-02F4CA199AFA: shutdown
2019-10-18 07:24:09,337 [ForkJoinPool.commonPool-worker-0] INFO  util.JmxRegister (JmxRegister.java:unregister(73)) - Successfully un-registered JMX Bean with object name Ratis:service=RaftServer,group=group-02F4CA199AFA,id=4dea926d-4bc6-487a-9b9b-9fd457d0fae4
2019-10-18 07:24:09,337 [ForkJoinPool.commonPool-worker-0] INFO  impl.RoleInfo (RoleInfo.java:shutdownLeaderState(104)) - 4dea926d-4bc6-487a-9b9b-9fd457d0fae4: shutdown LeaderState
2019-10-18 07:24:09,337 [ForkJoinPool.commonPool-worker-0] INFO  impl.PendingRequests (PendingRequests.java:sendNotLeaderResponses(202)) - 4dea926d-4bc6-487a-9b9b-9fd457d0fae4@group-02F4CA199AFA-PendingRequests: sendNotLeaderResponses
2019-10-18 07:24:09,337 [ForkJoinPool.commonPool-worker-0] INFO  impl.StateMachineUpdater (StateMachineUpdater.java:stopAndJoin(136)) - 4dea926d-4bc6-487a-9b9b-9fd457d0fae4@group-02F4CA199AFA-StateMachineUpdater: set stopIndex = 0
2019-10-18 07:24:09,338 [ForkJoinPool.commonPool-worker-0] INFO  impl.RaftServerImpl (ServerState.java:close(388)) - 4dea926d-4bc6-487a-9b9b-9fd457d0fae4@group-02F4CA199AFA: closes. applyIndex: 0
2019-10-18 07:24:09,338 [4dea926d-4bc6-487a-9b9b-9fd457d0fae4@group-02F4CA199AFA-SegmentedRaftLogWorker] INFO  segmented.SegmentedRaftLogWorker (SegmentedRaftLogWorker.java:run(316)) - 4dea926d-4bc6-487a-9b9b-9fd457d0fae4@group-02F4CA199AFA-SegmentedRaftLogWorker was interrupted, exiting. There are 0 tasks remaining in the queue.
2019-10-18 07:24:09,346 [ForkJoinPool.commonPool-worker-0] INFO  segmented.SegmentedRaftLogWorker (SegmentedRaftLogWorker.java:close(224)) - 4dea926d-4bc6-487a-9b9b-9fd457d0fae4@group-02F4CA199AFA-SegmentedRaftLogWorker close()
2019-10-18 07:24:09,350 [ForkJoinPool.commonPool-worker-0] INFO  server.GrpcService (GrpcService.java:closeImpl(164)) - 4dea926d-4bc6-487a-9b9b-9fd457d0fae4: shutdown server with port 41624 now
2019-10-18 07:24:09,351 [ForkJoinPool.commonPool-worker-0] INFO  server.GrpcService (GrpcService.java:closeImpl(172)) - 4dea926d-4bc6-487a-9b9b-9fd457d0fae4: shutdown server with port 41624 successfully
2019-10-18 07:24:09,353 [refreshUsed-/workdir/hadoop-ozone/integration-test/target/test-dir/MiniOzoneClusterImpl-f216ddbe-e8b4-4355-85c5-09cf054ba290/datanode-2/data/containers] WARN  fs.CachingGetSpaceUsed (CachingGetSpaceUsed.java:run(183)) - Thread Interrupted waiting to refresh disk information: sleep interrupted
2019-10-18 07:24:09,354 [9712a796-5281-4f3e-ac85-61dedd90db73@group-E193FE271C99-StateMachineUpdater] INFO  ratis.ContainerStateMachine (ContainerStateMachine.java:takeSnapshot(305)) - group-E193FE271C99: Finished taking a snapshot at:(t:1, i:8) file:/workdir/hadoop-ozone/integration-test/target/test-dir/MiniOzoneClusterImpl-f216ddbe-e8b4-4355-85c5-09cf054ba290/datanode-5/data/ratis/1a142e32-f3d3-4f21-8488-e193fe271c99/sm/snapshot.1_8 time:26
2019-10-18 07:24:09,355 [9712a796-5281-4f3e-ac85-61dedd90db73@group-E193FE271C99-StateMachineUpdater] INFO  impl.StateMachineUpdater (StateMachineUpdater.java:takeSnapshot(269)) - 9712a796-5281-4f3e-ac85-61dedd90db73@group-E193FE271C99-StateMachineUpdater: Took a snapshot at index 8
2019-10-18 07:24:09,355 [9712a796-5281-4f3e-ac85-61dedd90db73@group-E193FE271C99-StateMachineUpdater] INFO  impl.StateMachineUpdater (StateMachineUpdater.java:lambda$new$0(84)) - 9712a796-5281-4f3e-ac85-61dedd90db73@group-E193FE271C99-StateMachineUpdater: snapshotIndex: updateIncreasingly -1 -> 8
2019-10-18 07:24:09,356 [9712a796-5281-4f3e-ac85-61dedd90db73@group-E193FE271C99-StateMachineUpdater] INFO  ratis.ContainerStateMachine (ContainerStateMachine.java:takeSnapshot(294)) - group-E193FE271C99: Taking a snapshot at:(t:1, i:8) file /workdir/hadoop-ozone/integration-test/target/test-dir/MiniOzoneClusterImpl-f216ddbe-e8b4-4355-85c5-09cf054ba290/datanode-5/data/ratis/1a142e32-f3d3-4f21-8488-e193fe271c99/sm/snapshot.1_8
2019-10-18 07:24:09,371 [ForkJoinPool.commonPool-worker-0] INFO  utils.BackgroundService (BackgroundService.java:shutdown(151)) - Shutting down service BlockDeletingService
2019-10-18 07:24:09,378 [ForkJoinPool.commonPool-worker-0] INFO  statemachine.DatanodeStateMachine (DatanodeStateMachine.java:stopDaemon(395)) - Ozone container server stopped.
2019-10-18 07:24:09,380 [9712a796-5281-4f3e-ac85-61dedd90db73@group-E193FE271C99-StateMachineUpdater] INFO  ratis.ContainerStateMachine (ContainerStateMachine.java:takeSnapshot(305)) - group-E193FE271C99: Finished taking a snapshot at:(t:1, i:8) file:/workdir/hadoop-ozone/integration-test/target/test-dir/MiniOzoneClusterImpl-f216ddbe-e8b4-4355-85c5-09cf054ba290/datanode-5/data/ratis/1a142e32-f3d3-4f21-8488-e193fe271c99/sm/snapshot.1_8 time:23
2019-10-18 07:24:09,380 [9712a796-5281-4f3e-ac85-61dedd90db73@group-E193FE271C99-StateMachineUpdater] INFO  impl.StateMachineUpdater (StateMachineUpdater.java:takeSnapshot(269)) - 9712a796-5281-4f3e-ac85-61dedd90db73@group-E193FE271C99-StateMachineUpdater: Took a snapshot at index 8
2019-10-18 07:24:09,380 [9712a796-5281-4f3e-ac85-61dedd90db73@group-E193FE271C99-StateMachineUpdater] INFO  impl.StateMachineUpdater (StateMachineUpdater.java:lambda$new$0(84)) - 9712a796-5281-4f3e-ac85-61dedd90db73@group-E193FE271C99-StateMachineUpdater: snapshotIndex: updateIncreasingly 8 -> 8
2019-10-18 07:24:09,382 [main] INFO  impl.RaftServerImpl (ServerState.java:close(388)) - 9712a796-5281-4f3e-ac85-61dedd90db73@group-E193FE271C99: closes. applyIndex: 10
2019-10-18 07:24:09,382 [9712a796-5281-4f3e-ac85-61dedd90db73@group-E193FE271C99-SegmentedRaftLogWorker] INFO  segmented.SegmentedRaftLogWorker (SegmentedRaftLogWorker.java:run(316)) - 9712a796-5281-4f3e-ac85-61dedd90db73@group-E193FE271C99-SegmentedRaftLogWorker was interrupted, exiting. There are 0 tasks remaining in the queue.
2019-10-18 07:24:09,384 [main] INFO  segmented.SegmentedRaftLogWorker (SegmentedRaftLogWorker.java:close(224)) - 9712a796-5281-4f3e-ac85-61dedd90db73@group-E193FE271C99-SegmentedRaftLogWorker close()
2019-10-18 07:24:09,389 [main] INFO  impl.RaftServerImpl (RaftServerImpl.java:lambda$shutdown$3(261)) - 9712a796-5281-4f3e-ac85-61dedd90db73@group-4E3E76471D38: shutdown
2019-10-18 07:24:09,389 [ForkJoinPool.commonPool-worker-0] INFO  handler.ContextHandler (ContextHandler.java:doStop(910)) - Stopped o.e.j.w.WebAppContext@6f96dd64{/,null,UNAVAILABLE}{/hddsDatanode}
2019-10-18 07:24:09,389 [main] INFO  util.JmxRegister (JmxRegister.java:unregister(73)) - Successfully un-registered JMX Bean with object name Ratis:service=RaftServer,group=group-4E3E76471D38,id=9712a796-5281-4f3e-ac85-61dedd90db73
2019-10-18 07:24:09,390 [main] INFO  impl.RoleInfo (RoleInfo.java:shutdownLeaderState(104)) - 9712a796-5281-4f3e-ac85-61dedd90db73: shutdown LeaderState
2019-10-18 07:24:09,390 [ForkJoinPool.commonPool-worker-0] INFO  server.AbstractConnector (AbstractConnector.java:doStop(318)) - Stopped ServerConnector@4d7cac24{HTTP/1.1,[http/1.1]}{0.0.0.0:0}
2019-10-18 07:24:09,390 [main] INFO  impl.PendingRequests (PendingRequests.java:sendNotLeaderResponses(202)) - 9712a796-5281-4f3e-ac85-61dedd90db73@group-4E3E76471D38-PendingRequests: sendNotLeaderResponses
2019-10-18 07:24:09,392 [ForkJoinPool.commonPool-worker-0] INFO  handler.ContextHandler (ContextHandler.java:doStop(910)) - Stopped o.e.j.s.ServletContextHandler@44fd7ba4{/static,jar:file:/home/user/.m2/repository/org/apache/hadoop/hadoop-hdds-container-service/0.5.0-SNAPSHOT/hadoop-hdds-container-service-0.5.0-SNAPSHOT.jar!/webapps/static,UNAVAILABLE}
2019-10-18 07:24:09,392 [main] INFO  impl.StateMachineUpdater (StateMachineUpdater.java:stopAndJoin(136)) - 9712a796-5281-4f3e-ac85-61dedd90db73@group-4E3E76471D38-StateMachineUpdater: set stopIndex = 0
2019-10-18 07:24:09,394 [ForkJoinPool.commonPool-worker-0] INFO  handler.ContextHandler (ContextHandler.java:doStop(910)) - Stopped o.e.j.s.ServletContextHandler@5463f035{/logs,file:///workdir/hadoop-ozone/integration-test/target/log,UNAVAILABLE}
2019-10-18 07:24:09,394 [main] INFO  impl.RaftServerImpl (ServerState.java:close(388)) - 9712a796-5281-4f3e-ac85-61dedd90db73@group-4E3E76471D38: closes. applyIndex: 0
2019-10-18 07:24:09,395 [9712a796-5281-4f3e-ac85-61dedd90db73@group-4E3E76471D38-SegmentedRaftLogWorker] INFO  segmented.SegmentedRaftLogWorker (SegmentedRaftLogWorker.java:run(316)) - 9712a796-5281-4f3e-ac85-61dedd90db73@group-4E3E76471D38-SegmentedRaftLogWorker was interrupted, exiting. There are 0 tasks remaining in the queue.
2019-10-18 07:24:09,397 [main] INFO  segmented.SegmentedRaftLogWorker (SegmentedRaftLogWorker.java:close(224)) - 9712a796-5281-4f3e-ac85-61dedd90db73@group-4E3E76471D38-SegmentedRaftLogWorker close()
2019-10-18 07:24:09,399 [Thread-10633] INFO  impl.FollowerState (FollowerState.java:run(108)) - 12ad0800-05cb-443c-9fdd-fa1debf04523@group-BCB82A5C07F5-FollowerState: change to CANDIDATE, lastRpcTime:110ms, electionTimeout:109ms
2019-10-18 07:24:09,400 [main] INFO  server.GrpcService (GrpcService.java:closeImpl(164)) - 9712a796-5281-4f3e-ac85-61dedd90db73: shutdown server with port 45438 now
2019-10-18 07:24:09,400 [Thread-10633] INFO  impl.RoleInfo (RoleInfo.java:shutdownFollowerState(121)) - 12ad0800-05cb-443c-9fdd-fa1debf04523: shutdown FollowerState
2019-10-18 07:24:09,401 [Thread-10633] INFO  impl.RaftServerImpl (RaftServerImpl.java:setRole(184)) - 12ad0800-05cb-443c-9fdd-fa1debf04523@group-BCB82A5C07F5: changes role from  FOLLOWER to CANDIDATE at term 160 for changeToCandidate
2019-10-18 07:24:09,401 [Thread-10633] INFO  impl.RoleInfo (RoleInfo.java:updateAndGet(143)) - 12ad0800-05cb-443c-9fdd-fa1debf04523: start LeaderElection
2019-10-18 07:24:09,401 [main] INFO  server.GrpcService (GrpcService.java:closeImpl(172)) - 9712a796-5281-4f3e-ac85-61dedd90db73: shutdown server with port 45438 successfully
2019-10-18 07:24:09,401 [grpc-default-executor-4] WARN  server.GrpcLogAppender (LogUtils.java:warn(134)) - 030c2313-1c2c-4b42-81fb-cb58ee93f992@group-E193FE271C99->9712a796-5281-4f3e-ac85-61dedd90db73-AppendLogResponseHandler: Failed appendEntries: org.apache.ratis.thirdparty.io.grpc.StatusRuntimeException: CANCELLED: HTTP/2 error code: CANCEL
Received Rst Stream
2019-10-18 07:24:09,401 [grpc-default-executor-12] WARN  server.GrpcServerProtocolService (LogUtils.java:warn(134)) - 9712a796-5281-4f3e-ac85-61dedd90db73: installSnapshot onError, lastRequest: 030c2313-1c2c-4b42-81fb-cb58ee93f992->9712a796-5281-4f3e-ac85-61dedd90db73#51-t1, previous=(t:1, i:10), leaderCommit=10, initializing? false, entries: <empty>: org.apache.ratis.thirdparty.io.grpc.StatusRuntimeException: CANCELLED: cancelled before receiving half close
2019-10-18 07:24:09,403 [refreshUsed-/workdir/hadoop-ozone/integration-test/target/test-dir/MiniOzoneClusterImpl-f216ddbe-e8b4-4355-85c5-09cf054ba290/datanode-5/data/containers] WARN  fs.CachingGetSpaceUsed (CachingGetSpaceUsed.java:run(183)) - Thread Interrupted waiting to refresh disk information: sleep interrupted
2019-10-18 07:24:09,418 [main] INFO  utils.BackgroundService (BackgroundService.java:shutdown(151)) - Shutting down service BlockDeletingService
2019-10-18 07:24:09,423 [main] INFO  statemachine.DatanodeStateMachine (DatanodeStateMachine.java:stopDaemon(395)) - Ozone container server stopped.
2019-10-18 07:24:09,424 [main] INFO  handler.ContextHandler (ContextHandler.java:doStop(910)) - Stopped o.e.j.w.WebAppContext@4861cca9{/,null,UNAVAILABLE}{/hddsDatanode}
2019-10-18 07:24:09,424 [main] INFO  server.AbstractConnector (AbstractConnector.java:doStop(318)) - Stopped ServerConnector@6c8f4bc7{HTTP/1.1,[http/1.1]}{0.0.0.0:0}
2019-10-18 07:24:09,424 [main] INFO  handler.ContextHandler (ContextHandler.java:doStop(910)) - Stopped o.e.j.s.ServletContextHandler@1796b2d4{/static,jar:file:/home/user/.m2/repository/org/apache/hadoop/hadoop-hdds-container-service/0.5.0-SNAPSHOT/hadoop-hdds-container-service-0.5.0-SNAPSHOT.jar!/webapps/static,UNAVAILABLE}
2019-10-18 07:24:09,425 [main] INFO  handler.ContextHandler (ContextHandler.java:doStop(910)) - Stopped o.e.j.s.ServletContextHandler@2dd0a0d0{/logs,file:///workdir/hadoop-ozone/integration-test/target/log,UNAVAILABLE}
2019-10-18 07:24:09,430 [12ad0800-05cb-443c-9fdd-fa1debf04523@group-BCB82A5C07F5-LeaderElection1215] INFO  impl.LeaderElection (LeaderElection.java:askForVotes(178)) - 12ad0800-05cb-443c-9fdd-fa1debf04523@group-BCB82A5C07F5-LeaderElection1215: begin an election at term 161 for -1: [12ad0800-05cb-443c-9fdd-fa1debf04523:192.168.34.25:41155, 5170c5f3-8499-4b42-9321-85fc8a351f79:192.168.34.25:43074, 0b10a9fc-47eb-4a2b-b664-8273d9d17379:192.168.34.25:45248], old=null
2019-10-18 07:24:09,431 [12ad0800-05cb-443c-9fdd-fa1debf04523@group-BCB82A5C07F5-LeaderElection1215] INFO  impl.LeaderElection (LogUtils.java:infoOrTrace(149)) - 12ad0800-05cb-443c-9fdd-fa1debf04523@group-BCB82A5C07F5-LeaderElection1215 got exception when requesting votes: {}
java.util.concurrent.ExecutionException: org.apache.ratis.thirdparty.io.grpc.StatusRuntimeException: UNAVAILABLE: io exception
	at java.util.concurrent.FutureTask.report(FutureTask.java:122)
	at java.util.concurrent.FutureTask.get(FutureTask.java:192)
	at org.apache.ratis.server.impl.LeaderElection.waitForResults(LeaderElection.java:259)
	at org.apache.ratis.server.impl.LeaderElection.askForVotes(LeaderElection.java:197)
	at org.apache.ratis.server.impl.LeaderElection.run(LeaderElection.java:133)
	at java.lang.Thread.run(Thread.java:748)
Caused by: org.apache.ratis.thirdparty.io.grpc.StatusRuntimeException: UNAVAILABLE: io exception
	at org.apache.ratis.thirdparty.io.grpc.stub.ClientCalls.toStatusRuntimeException(ClientCalls.java:233)
	at org.apache.ratis.thirdparty.io.grpc.stub.ClientCalls.getUnchecked(ClientCalls.java:214)
	at org.apache.ratis.thirdparty.io.grpc.stub.ClientCalls.blockingUnaryCall(ClientCalls.java:139)
	at org.apache.ratis.proto.grpc.RaftServerProtocolServiceGrpc$RaftServerProtocolServiceBlockingStub.requestVote(RaftServerProtocolServiceGrpc.java:265)
	at org.apache.ratis.grpc.server.GrpcServerProtocolClient.requestVote(GrpcServerProtocolClient.java:99)
	at org.apache.ratis.grpc.server.GrpcService.requestVote(GrpcService.java:204)
	at org.apache.ratis.server.impl.LeaderElection.lambda$submitRequests$1(LeaderElection.java:234)
	at java.util.concurrent.FutureTask.run(FutureTask.java:266)
	at java.util.concurrent.Executors$RunnableAdapter.call(Executors.java:511)
	at java.util.concurrent.FutureTask.run(FutureTask.java:266)
	at java.util.concurrent.ThreadPoolExecutor.runWorker(ThreadPoolExecutor.java:1149)
	at java.util.concurrent.ThreadPoolExecutor$Worker.run(ThreadPoolExecutor.java:624)
	... 1 more
Caused by: org.apache.ratis.thirdparty.io.netty.channel.AbstractChannel$AnnotatedConnectException: Connection refused: /192.168.34.25:45248
	at sun.nio.ch.SocketChannelImpl.checkConnect(Native Method)
	at sun.nio.ch.SocketChannelImpl.finishConnect(SocketChannelImpl.java:717)
	at org.apache.ratis.thirdparty.io.netty.channel.socket.nio.NioSocketChannel.doFinishConnect(NioSocketChannel.java:327)
	at org.apache.ratis.thirdparty.io.netty.channel.nio.AbstractNioChannel$AbstractNioUnsafe.finishConnect(AbstractNioChannel.java:340)
	at org.apache.ratis.thirdparty.io.netty.channel.nio.NioEventLoop.processSelectedKey(NioEventLoop.java:632)
	at org.apache.ratis.thirdparty.io.netty.channel.nio.NioEventLoop.processSelectedKeysOptimized(NioEventLoop.java:579)
	at org.apache.ratis.thirdparty.io.netty.channel.nio.NioEventLoop.processSelectedKeys(NioEventLoop.java:496)
	at org.apache.ratis.thirdparty.io.netty.channel.nio.NioEventLoop.run(NioEventLoop.java:458)
	at org.apache.ratis.thirdparty.io.netty.util.concurrent.SingleThreadEventExecutor$5.run(SingleThreadEventExecutor.java:897)
	at org.apache.ratis.thirdparty.io.netty.util.concurrent.FastThreadLocalRunnable.run(FastThreadLocalRunnable.java:30)
	... 1 more
Caused by: java.net.ConnectException: Connection refused
	... 11 more
2019-10-18 07:24:09,431 [grpc-default-executor-4] INFO  impl.RaftServerImpl (RaftServerImpl.java:setRole(184)) - 5170c5f3-8499-4b42-9321-85fc8a351f79@group-BCB82A5C07F5: changes role from  FOLLOWER to FOLLOWER at term 161 for recognizeCandidate:12ad0800-05cb-443c-9fdd-fa1debf04523
2019-10-18 07:24:09,432 [grpc-default-executor-4] INFO  impl.RoleInfo (RoleInfo.java:shutdownFollowerState(121)) - 5170c5f3-8499-4b42-9321-85fc8a351f79: shutdown FollowerState
2019-10-18 07:24:09,432 [grpc-default-executor-4] INFO  impl.RoleInfo (RoleInfo.java:updateAndGet(143)) - 5170c5f3-8499-4b42-9321-85fc8a351f79: start FollowerState
2019-10-18 07:24:09,432 [Thread-10632] INFO  impl.FollowerState (FollowerState.java:run(117)) - 5170c5f3-8499-4b42-9321-85fc8a351f79@group-BCB82A5C07F5-FollowerState was interrupted: java.lang.InterruptedException: sleep interrupted
2019-10-18 07:24:09,448 [12ad0800-05cb-443c-9fdd-fa1debf04523@group-BCB82A5C07F5-LeaderElection1215] INFO  impl.LeaderElection (LeaderElection.java:logAndReturn(56)) - 12ad0800-05cb-443c-9fdd-fa1debf04523@group-BCB82A5C07F5-LeaderElection1215: Election REJECTED; received 1 response(s) [12ad0800-05cb-443c-9fdd-fa1debf04523<-5170c5f3-8499-4b42-9321-85fc8a351f79#0:FAIL-t161] and 1 exception(s); 12ad0800-05cb-443c-9fdd-fa1debf04523@group-BCB82A5C07F5:t161, leader=null, voted=12ad0800-05cb-443c-9fdd-fa1debf04523, raftlog=12ad0800-05cb-443c-9fdd-fa1debf04523@group-BCB82A5C07F5-SegmentedRaftLog:OPENED:c-1,f-1,i0, conf=-1: [12ad0800-05cb-443c-9fdd-fa1debf04523:192.168.34.25:41155, 5170c5f3-8499-4b42-9321-85fc8a351f79:192.168.34.25:43074, 0b10a9fc-47eb-4a2b-b664-8273d9d17379:192.168.34.25:45248], old=null
2019-10-18 07:24:09,448 [12ad0800-05cb-443c-9fdd-fa1debf04523@group-BCB82A5C07F5-LeaderElection1215] INFO  impl.LeaderElection (LogUtils.java:infoOrTrace(149)) -   Exception 0: {}
java.util.concurrent.ExecutionException: org.apache.ratis.thirdparty.io.grpc.StatusRuntimeException: UNAVAILABLE: io exception
	at java.util.concurrent.FutureTask.report(FutureTask.java:122)
	at java.util.concurrent.FutureTask.get(FutureTask.java:192)
	at org.apache.ratis.server.impl.LeaderElection.waitForResults(LeaderElection.java:259)
	at org.apache.ratis.server.impl.LeaderElection.askForVotes(LeaderElection.java:197)
	at org.apache.ratis.server.impl.LeaderElection.run(LeaderElection.java:133)
	at java.lang.Thread.run(Thread.java:748)
Caused by: org.apache.ratis.thirdparty.io.grpc.StatusRuntimeException: UNAVAILABLE: io exception
	at org.apache.ratis.thirdparty.io.grpc.stub.ClientCalls.toStatusRuntimeException(ClientCalls.java:233)
	at org.apache.ratis.thirdparty.io.grpc.stub.ClientCalls.getUnchecked(ClientCalls.java:214)
	at org.apache.ratis.thirdparty.io.grpc.stub.ClientCalls.blockingUnaryCall(ClientCalls.java:139)
	at org.apache.ratis.proto.grpc.RaftServerProtocolServiceGrpc$RaftServerProtocolServiceBlockingStub.requestVote(RaftServerProtocolServiceGrpc.java:265)
	at org.apache.ratis.grpc.server.GrpcServerProtocolClient.requestVote(GrpcServerProtocolClient.java:99)
	at org.apache.ratis.grpc.server.GrpcService.requestVote(GrpcService.java:204)
	at org.apache.ratis.server.impl.LeaderElection.lambda$submitRequests$1(LeaderElection.java:234)
	at java.util.concurrent.FutureTask.run(FutureTask.java:266)
	at java.util.concurrent.Executors$RunnableAdapter.call(Executors.java:511)
	at java.util.concurrent.FutureTask.run(FutureTask.java:266)
	at java.util.concurrent.ThreadPoolExecutor.runWorker(ThreadPoolExecutor.java:1149)
	at java.util.concurrent.ThreadPoolExecutor$Worker.run(ThreadPoolExecutor.java:624)
	... 1 more
Caused by: org.apache.ratis.thirdparty.io.netty.channel.AbstractChannel$AnnotatedConnectException: Connection refused: /192.168.34.25:45248
	at sun.nio.ch.SocketChannelImpl.checkConnect(Native Method)
	at sun.nio.ch.SocketChannelImpl.finishConnect(SocketChannelImpl.java:717)
	at org.apache.ratis.thirdparty.io.netty.channel.socket.nio.NioSocketChannel.doFinishConnect(NioSocketChannel.java:327)
	at org.apache.ratis.thirdparty.io.netty.channel.nio.AbstractNioChannel$AbstractNioUnsafe.finishConnect(AbstractNioChannel.java:340)
	at org.apache.ratis.thirdparty.io.netty.channel.nio.NioEventLoop.processSelectedKey(NioEventLoop.java:632)
	at org.apache.ratis.thirdparty.io.netty.channel.nio.NioEventLoop.processSelectedKeysOptimized(NioEventLoop.java:579)
	at org.apache.ratis.thirdparty.io.netty.channel.nio.NioEventLoop.processSelectedKeys(NioEventLoop.java:496)
	at org.apache.ratis.thirdparty.io.netty.channel.nio.NioEventLoop.run(NioEventLoop.java:458)
	at org.apache.ratis.thirdparty.io.netty.util.concurrent.SingleThreadEventExecutor$5.run(SingleThreadEventExecutor.java:897)
	at org.apache.ratis.thirdparty.io.netty.util.concurrent.FastThreadLocalRunnable.run(FastThreadLocalRunnable.java:30)
	... 1 more
Caused by: java.net.ConnectException: Connection refused
	... 11 more
2019-10-18 07:24:09,448 [12ad0800-05cb-443c-9fdd-fa1debf04523@group-BCB82A5C07F5-LeaderElection1215] INFO  impl.RaftServerImpl (RaftServerImpl.java:setRole(184)) - 12ad0800-05cb-443c-9fdd-fa1debf04523@group-BCB82A5C07F5: changes role from CANDIDATE to FOLLOWER at term 161 for DISCOVERED_A_NEW_TERM
2019-10-18 07:24:09,448 [12ad0800-05cb-443c-9fdd-fa1debf04523@group-BCB82A5C07F5-LeaderElection1215] INFO  impl.RoleInfo (RoleInfo.java:shutdownLeaderElection(134)) - 12ad0800-05cb-443c-9fdd-fa1debf04523: shutdown LeaderElection
2019-10-18 07:24:09,448 [12ad0800-05cb-443c-9fdd-fa1debf04523@group-BCB82A5C07F5-LeaderElection1215] INFO  impl.RoleInfo (RoleInfo.java:updateAndGet(143)) - 12ad0800-05cb-443c-9fdd-fa1debf04523: start FollowerState
2019-10-18 07:24:09,482 [Datanode State Machine Thread - 0] INFO  statemachine.DatanodeStateMachine (DatanodeStateMachine.java:lambda$startDaemon$0(350)) - Ozone container server started.
2019-10-18 07:24:09,493 [Thread-10638] INFO  impl.FollowerState (FollowerState.java:run(108)) - 12ad0800-05cb-443c-9fdd-fa1debf04523@group-BCB82A5C07F5-FollowerState: change to CANDIDATE, lastRpcTime:44ms, electionTimeout:44ms
2019-10-18 07:24:09,493 [Thread-10638] INFO  impl.RoleInfo (RoleInfo.java:shutdownFollowerState(121)) - 12ad0800-05cb-443c-9fdd-fa1debf04523: shutdown FollowerState
2019-10-18 07:24:09,493 [Thread-10638] INFO  impl.RaftServerImpl (RaftServerImpl.java:setRole(184)) - 12ad0800-05cb-443c-9fdd-fa1debf04523@group-BCB82A5C07F5: changes role from  FOLLOWER to CANDIDATE at term 161 for changeToCandidate
2019-10-18 07:24:09,493 [Thread-10638] INFO  impl.RoleInfo (RoleInfo.java:updateAndGet(143)) - 12ad0800-05cb-443c-9fdd-fa1debf04523: start LeaderElection
2019-10-18 07:24:09,523 [12ad0800-05cb-443c-9fdd-fa1debf04523@group-BCB82A5C07F5-LeaderElection1216] INFO  impl.LeaderElection (LeaderElection.java:askForVotes(178)) - 12ad0800-05cb-443c-9fdd-fa1debf04523@group-BCB82A5C07F5-LeaderElection1216: begin an election at term 162 for -1: [12ad0800-05cb-443c-9fdd-fa1debf04523:192.168.34.25:41155, 5170c5f3-8499-4b42-9321-85fc8a351f79:192.168.34.25:43074, 0b10a9fc-47eb-4a2b-b664-8273d9d17379:192.168.34.25:45248], old=null
2019-10-18 07:24:09,523 [12ad0800-05cb-443c-9fdd-fa1debf04523@group-BCB82A5C07F5-LeaderElection1216] INFO  impl.LeaderElection (LogUtils.java:infoOrTrace(149)) - 12ad0800-05cb-443c-9fdd-fa1debf04523@group-BCB82A5C07F5-LeaderElection1216 got exception when requesting votes: {}
java.util.concurrent.ExecutionException: org.apache.ratis.thirdparty.io.grpc.StatusRuntimeException: UNAVAILABLE: io exception
	at java.util.concurrent.FutureTask.report(FutureTask.java:122)
	at java.util.concurrent.FutureTask.get(FutureTask.java:192)
	at org.apache.ratis.server.impl.LeaderElection.waitForResults(LeaderElection.java:259)
	at org.apache.ratis.server.impl.LeaderElection.askForVotes(LeaderElection.java:197)
	at org.apache.ratis.server.impl.LeaderElection.run(LeaderElection.java:133)
	at java.lang.Thread.run(Thread.java:748)
Caused by: org.apache.ratis.thirdparty.io.grpc.StatusRuntimeException: UNAVAILABLE: io exception
	at org.apache.ratis.thirdparty.io.grpc.stub.ClientCalls.toStatusRuntimeException(ClientCalls.java:233)
	at org.apache.ratis.thirdparty.io.grpc.stub.ClientCalls.getUnchecked(ClientCalls.java:214)
	at org.apache.ratis.thirdparty.io.grpc.stub.ClientCalls.blockingUnaryCall(ClientCalls.java:139)
	at org.apache.ratis.proto.grpc.RaftServerProtocolServiceGrpc$RaftServerProtocolServiceBlockingStub.requestVote(RaftServerProtocolServiceGrpc.java:265)
	at org.apache.ratis.grpc.server.GrpcServerProtocolClient.requestVote(GrpcServerProtocolClient.java:99)
	at org.apache.ratis.grpc.server.GrpcService.requestVote(GrpcService.java:204)
	at org.apache.ratis.server.impl.LeaderElection.lambda$submitRequests$1(LeaderElection.java:234)
	at java.util.concurrent.FutureTask.run(FutureTask.java:266)
	at java.util.concurrent.Executors$RunnableAdapter.call(Executors.java:511)
	at java.util.concurrent.FutureTask.run(FutureTask.java:266)
	at java.util.concurrent.ThreadPoolExecutor.runWorker(ThreadPoolExecutor.java:1149)
	at java.util.concurrent.ThreadPoolExecutor$Worker.run(ThreadPoolExecutor.java:624)
	... 1 more
Caused by: org.apache.ratis.thirdparty.io.netty.channel.AbstractChannel$AnnotatedConnectException: Connection refused: /192.168.34.25:45248
	at sun.nio.ch.SocketChannelImpl.checkConnect(Native Method)
	at sun.nio.ch.SocketChannelImpl.finishConnect(SocketChannelImpl.java:717)
	at org.apache.ratis.thirdparty.io.netty.channel.socket.nio.NioSocketChannel.doFinishConnect(NioSocketChannel.java:327)
	at org.apache.ratis.thirdparty.io.netty.channel.nio.AbstractNioChannel$AbstractNioUnsafe.finishConnect(AbstractNioChannel.java:340)
	at org.apache.ratis.thirdparty.io.netty.channel.nio.NioEventLoop.processSelectedKey(NioEventLoop.java:632)
	at org.apache.ratis.thirdparty.io.netty.channel.nio.NioEventLoop.processSelectedKeysOptimized(NioEventLoop.java:579)
	at org.apache.ratis.thirdparty.io.netty.channel.nio.NioEventLoop.processSelectedKeys(NioEventLoop.java:496)
	at org.apache.ratis.thirdparty.io.netty.channel.nio.NioEventLoop.run(NioEventLoop.java:458)
	at org.apache.ratis.thirdparty.io.netty.util.concurrent.SingleThreadEventExecutor$5.run(SingleThreadEventExecutor.java:897)
	at org.apache.ratis.thirdparty.io.netty.util.concurrent.FastThreadLocalRunnable.run(FastThreadLocalRunnable.java:30)
	... 1 more
Caused by: java.net.ConnectException: Connection refused
	... 11 more
2019-10-18 07:24:09,524 [grpc-default-executor-4] INFO  impl.RaftServerImpl (RaftServerImpl.java:setRole(184)) - 5170c5f3-8499-4b42-9321-85fc8a351f79@group-BCB82A5C07F5: changes role from  FOLLOWER to FOLLOWER at term 162 for recognizeCandidate:12ad0800-05cb-443c-9fdd-fa1debf04523
2019-10-18 07:24:09,524 [grpc-default-executor-4] INFO  impl.RoleInfo (RoleInfo.java:shutdownFollowerState(121)) - 5170c5f3-8499-4b42-9321-85fc8a351f79: shutdown FollowerState
2019-10-18 07:24:09,524 [grpc-default-executor-4] INFO  impl.RoleInfo (RoleInfo.java:updateAndGet(143)) - 5170c5f3-8499-4b42-9321-85fc8a351f79: start FollowerState
2019-10-18 07:24:09,524 [Thread-10637] INFO  impl.FollowerState (FollowerState.java:run(117)) - 5170c5f3-8499-4b42-9321-85fc8a351f79@group-BCB82A5C07F5-FollowerState was interrupted: java.lang.InterruptedException: sleep interrupted
2019-10-18 07:24:09,549 [12ad0800-05cb-443c-9fdd-fa1debf04523@group-BCB82A5C07F5-LeaderElection1216] INFO  impl.LeaderElection (LeaderElection.java:logAndReturn(56)) - 12ad0800-05cb-443c-9fdd-fa1debf04523@group-BCB82A5C07F5-LeaderElection1216: Election REJECTED; received 1 response(s) [12ad0800-05cb-443c-9fdd-fa1debf04523<-5170c5f3-8499-4b42-9321-85fc8a351f79#0:FAIL-t162] and 1 exception(s); 12ad0800-05cb-443c-9fdd-fa1debf04523@group-BCB82A5C07F5:t162, leader=null, voted=12ad0800-05cb-443c-9fdd-fa1debf04523, raftlog=12ad0800-05cb-443c-9fdd-fa1debf04523@group-BCB82A5C07F5-SegmentedRaftLog:OPENED:c-1,f-1,i0, conf=-1: [12ad0800-05cb-443c-9fdd-fa1debf04523:192.168.34.25:41155, 5170c5f3-8499-4b42-9321-85fc8a351f79:192.168.34.25:43074, 0b10a9fc-47eb-4a2b-b664-8273d9d17379:192.168.34.25:45248], old=null
2019-10-18 07:24:09,549 [12ad0800-05cb-443c-9fdd-fa1debf04523@group-BCB82A5C07F5-LeaderElection1216] INFO  impl.LeaderElection (LogUtils.java:infoOrTrace(149)) -   Exception 0: {}
java.util.concurrent.ExecutionException: org.apache.ratis.thirdparty.io.grpc.StatusRuntimeException: UNAVAILABLE: io exception
	at java.util.concurrent.FutureTask.report(FutureTask.java:122)
	at java.util.concurrent.FutureTask.get(FutureTask.java:192)
	at org.apache.ratis.server.impl.LeaderElection.waitForResults(LeaderElection.java:259)
	at org.apache.ratis.server.impl.LeaderElection.askForVotes(LeaderElection.java:197)
	at org.apache.ratis.server.impl.LeaderElection.run(LeaderElection.java:133)
	at java.lang.Thread.run(Thread.java:748)
Caused by: org.apache.ratis.thirdparty.io.grpc.StatusRuntimeException: UNAVAILABLE: io exception
	at org.apache.ratis.thirdparty.io.grpc.stub.ClientCalls.toStatusRuntimeException(ClientCalls.java:233)
	at org.apache.ratis.thirdparty.io.grpc.stub.ClientCalls.getUnchecked(ClientCalls.java:214)
	at org.apache.ratis.thirdparty.io.grpc.stub.ClientCalls.blockingUnaryCall(ClientCalls.java:139)
	at org.apache.ratis.proto.grpc.RaftServerProtocolServiceGrpc$RaftServerProtocolServiceBlockingStub.requestVote(RaftServerProtocolServiceGrpc.java:265)
	at org.apache.ratis.grpc.server.GrpcServerProtocolClient.requestVote(GrpcServerProtocolClient.java:99)
	at org.apache.ratis.grpc.server.GrpcService.requestVote(GrpcService.java:204)
	at org.apache.ratis.server.impl.LeaderElection.lambda$submitRequests$1(LeaderElection.java:234)
	at java.util.concurrent.FutureTask.run(FutureTask.java:266)
	at java.util.concurrent.Executors$RunnableAdapter.call(Executors.java:511)
	at java.util.concurrent.FutureTask.run(FutureTask.java:266)
	at java.util.concurrent.ThreadPoolExecutor.runWorker(ThreadPoolExecutor.java:1149)
	at java.util.concurrent.ThreadPoolExecutor$Worker.run(ThreadPoolExecutor.java:624)
	... 1 more
Caused by: org.apache.ratis.thirdparty.io.netty.channel.AbstractChannel$AnnotatedConnectException: Connection refused: /192.168.34.25:45248
	at sun.nio.ch.SocketChannelImpl.checkConnect(Native Method)
	at sun.nio.ch.SocketChannelImpl.finishConnect(SocketChannelImpl.java:717)
	at org.apache.ratis.thirdparty.io.netty.channel.socket.nio.NioSocketChannel.doFinishConnect(NioSocketChannel.java:327)
	at org.apache.ratis.thirdparty.io.netty.channel.nio.AbstractNioChannel$AbstractNioUnsafe.finishConnect(AbstractNioChannel.java:340)
	at org.apache.ratis.thirdparty.io.netty.channel.nio.NioEventLoop.processSelectedKey(NioEventLoop.java:632)
	at org.apache.ratis.thirdparty.io.netty.channel.nio.NioEventLoop.processSelectedKeysOptimized(NioEventLoop.java:579)
	at org.apache.ratis.thirdparty.io.netty.channel.nio.NioEventLoop.processSelectedKeys(NioEventLoop.java:496)
	at org.apache.ratis.thirdparty.io.netty.channel.nio.NioEventLoop.run(NioEventLoop.java:458)
	at org.apache.ratis.thirdparty.io.netty.util.concurrent.SingleThreadEventExecutor$5.run(SingleThreadEventExecutor.java:897)
	at org.apache.ratis.thirdparty.io.netty.util.concurrent.FastThreadLocalRunnable.run(FastThreadLocalRunnable.java:30)
	... 1 more
Caused by: java.net.ConnectException: Connection refused
	... 11 more
2019-10-18 07:24:09,549 [12ad0800-05cb-443c-9fdd-fa1debf04523@group-BCB82A5C07F5-LeaderElection1216] INFO  impl.RaftServerImpl (RaftServerImpl.java:setRole(184)) - 12ad0800-05cb-443c-9fdd-fa1debf04523@group-BCB82A5C07F5: changes role from CANDIDATE to FOLLOWER at term 162 for DISCOVERED_A_NEW_TERM
2019-10-18 07:24:09,549 [12ad0800-05cb-443c-9fdd-fa1debf04523@group-BCB82A5C07F5-LeaderElection1216] INFO  impl.RoleInfo (RoleInfo.java:shutdownLeaderElection(134)) - 12ad0800-05cb-443c-9fdd-fa1debf04523: shutdown LeaderElection
2019-10-18 07:24:09,549 [12ad0800-05cb-443c-9fdd-fa1debf04523@group-BCB82A5C07F5-LeaderElection1216] INFO  impl.RoleInfo (RoleInfo.java:updateAndGet(143)) - 12ad0800-05cb-443c-9fdd-fa1debf04523: start FollowerState
2019-10-18 07:24:09,632 [Thread-10643] INFO  impl.FollowerState (FollowerState.java:run(108)) - 12ad0800-05cb-443c-9fdd-fa1debf04523@group-BCB82A5C07F5-FollowerState: change to CANDIDATE, lastRpcTime:83ms, electionTimeout:83ms
2019-10-18 07:24:09,633 [Thread-10643] INFO  impl.RoleInfo (RoleInfo.java:shutdownFollowerState(121)) - 12ad0800-05cb-443c-9fdd-fa1debf04523: shutdown FollowerState
2019-10-18 07:24:09,633 [Thread-10643] INFO  impl.RaftServerImpl (RaftServerImpl.java:setRole(184)) - 12ad0800-05cb-443c-9fdd-fa1debf04523@group-BCB82A5C07F5: changes role from  FOLLOWER to CANDIDATE at term 162 for changeToCandidate
2019-10-18 07:24:09,633 [Thread-10643] INFO  impl.RoleInfo (RoleInfo.java:updateAndGet(143)) - 12ad0800-05cb-443c-9fdd-fa1debf04523: start LeaderElection
2019-10-18 07:24:09,657 [12ad0800-05cb-443c-9fdd-fa1debf04523@group-BCB82A5C07F5-LeaderElection1217] INFO  impl.LeaderElection (LeaderElection.java:askForVotes(178)) - 12ad0800-05cb-443c-9fdd-fa1debf04523@group-BCB82A5C07F5-LeaderElection1217: begin an election at term 163 for -1: [12ad0800-05cb-443c-9fdd-fa1debf04523:192.168.34.25:41155, 5170c5f3-8499-4b42-9321-85fc8a351f79:192.168.34.25:43074, 0b10a9fc-47eb-4a2b-b664-8273d9d17379:192.168.34.25:45248], old=null
2019-10-18 07:24:09,658 [12ad0800-05cb-443c-9fdd-fa1debf04523@group-BCB82A5C07F5-LeaderElection1217] INFO  impl.LeaderElection (LogUtils.java:infoOrTrace(149)) - 12ad0800-05cb-443c-9fdd-fa1debf04523@group-BCB82A5C07F5-LeaderElection1217 got exception when requesting votes: {}
java.util.concurrent.ExecutionException: org.apache.ratis.thirdparty.io.grpc.StatusRuntimeException: UNAVAILABLE: io exception
	at java.util.concurrent.FutureTask.report(FutureTask.java:122)
	at java.util.concurrent.FutureTask.get(FutureTask.java:192)
	at org.apache.ratis.server.impl.LeaderElection.waitForResults(LeaderElection.java:259)
	at org.apache.ratis.server.impl.LeaderElection.askForVotes(LeaderElection.java:197)
	at org.apache.ratis.server.impl.LeaderElection.run(LeaderElection.java:133)
	at java.lang.Thread.run(Thread.java:748)
Caused by: org.apache.ratis.thirdparty.io.grpc.StatusRuntimeException: UNAVAILABLE: io exception
	at org.apache.ratis.thirdparty.io.grpc.stub.ClientCalls.toStatusRuntimeException(ClientCalls.java:233)
	at org.apache.ratis.thirdparty.io.grpc.stub.ClientCalls.getUnchecked(ClientCalls.java:214)
	at org.apache.ratis.thirdparty.io.grpc.stub.ClientCalls.blockingUnaryCall(ClientCalls.java:139)
	at org.apache.ratis.proto.grpc.RaftServerProtocolServiceGrpc$RaftServerProtocolServiceBlockingStub.requestVote(RaftServerProtocolServiceGrpc.java:265)
	at org.apache.ratis.grpc.server.GrpcServerProtocolClient.requestVote(GrpcServerProtocolClient.java:99)
	at org.apache.ratis.grpc.server.GrpcService.requestVote(GrpcService.java:204)
	at org.apache.ratis.server.impl.LeaderElection.lambda$submitRequests$1(LeaderElection.java:234)
	at java.util.concurrent.FutureTask.run(FutureTask.java:266)
	at java.util.concurrent.Executors$RunnableAdapter.call(Executors.java:511)
	at java.util.concurrent.FutureTask.run(FutureTask.java:266)
	at java.util.concurrent.ThreadPoolExecutor.runWorker(ThreadPoolExecutor.java:1149)
	at java.util.concurrent.ThreadPoolExecutor$Worker.run(ThreadPoolExecutor.java:624)
	... 1 more
Caused by: org.apache.ratis.thirdparty.io.netty.channel.AbstractChannel$AnnotatedConnectException: Connection refused: /192.168.34.25:45248
	at sun.nio.ch.SocketChannelImpl.checkConnect(Native Method)
	at sun.nio.ch.SocketChannelImpl.finishConnect(SocketChannelImpl.java:717)
	at org.apache.ratis.thirdparty.io.netty.channel.socket.nio.NioSocketChannel.doFinishConnect(NioSocketChannel.java:327)
	at org.apache.ratis.thirdparty.io.netty.channel.nio.AbstractNioChannel$AbstractNioUnsafe.finishConnect(AbstractNioChannel.java:340)
	at org.apache.ratis.thirdparty.io.netty.channel.nio.NioEventLoop.processSelectedKey(NioEventLoop.java:632)
	at org.apache.ratis.thirdparty.io.netty.channel.nio.NioEventLoop.processSelectedKeysOptimized(NioEventLoop.java:579)
	at org.apache.ratis.thirdparty.io.netty.channel.nio.NioEventLoop.processSelectedKeys(NioEventLoop.java:496)
	at org.apache.ratis.thirdparty.io.netty.channel.nio.NioEventLoop.run(NioEventLoop.java:458)
	at org.apache.ratis.thirdparty.io.netty.util.concurrent.SingleThreadEventExecutor$5.run(SingleThreadEventExecutor.java:897)
	at org.apache.ratis.thirdparty.io.netty.util.concurrent.FastThreadLocalRunnable.run(FastThreadLocalRunnable.java:30)
	... 1 more
Caused by: java.net.ConnectException: Connection refused
	... 11 more
2019-10-18 07:24:09,658 [grpc-default-executor-4] INFO  impl.RaftServerImpl (RaftServerImpl.java:setRole(184)) - 5170c5f3-8499-4b42-9321-85fc8a351f79@group-BCB82A5C07F5: changes role from  FOLLOWER to FOLLOWER at term 163 for recognizeCandidate:12ad0800-05cb-443c-9fdd-fa1debf04523
2019-10-18 07:24:09,659 [grpc-default-executor-4] INFO  impl.RoleInfo (RoleInfo.java:shutdownFollowerState(121)) - 5170c5f3-8499-4b42-9321-85fc8a351f79: shutdown FollowerState
2019-10-18 07:24:09,659 [grpc-default-executor-4] INFO  impl.RoleInfo (RoleInfo.java:updateAndGet(143)) - 5170c5f3-8499-4b42-9321-85fc8a351f79: start FollowerState
2019-10-18 07:24:09,659 [Thread-10642] INFO  impl.FollowerState (FollowerState.java:run(117)) - 5170c5f3-8499-4b42-9321-85fc8a351f79@group-BCB82A5C07F5-FollowerState was interrupted: java.lang.InterruptedException: sleep interrupted
2019-10-18 07:24:09,683 [12ad0800-05cb-443c-9fdd-fa1debf04523@group-BCB82A5C07F5-LeaderElection1217] INFO  impl.LeaderElection (LeaderElection.java:logAndReturn(56)) - 12ad0800-05cb-443c-9fdd-fa1debf04523@group-BCB82A5C07F5-LeaderElection1217: Election REJECTED; received 1 response(s) [12ad0800-05cb-443c-9fdd-fa1debf04523<-5170c5f3-8499-4b42-9321-85fc8a351f79#0:FAIL-t163] and 1 exception(s); 12ad0800-05cb-443c-9fdd-fa1debf04523@group-BCB82A5C07F5:t163, leader=null, voted=12ad0800-05cb-443c-9fdd-fa1debf04523, raftlog=12ad0800-05cb-443c-9fdd-fa1debf04523@group-BCB82A5C07F5-SegmentedRaftLog:OPENED:c-1,f-1,i0, conf=-1: [12ad0800-05cb-443c-9fdd-fa1debf04523:192.168.34.25:41155, 5170c5f3-8499-4b42-9321-85fc8a351f79:192.168.34.25:43074, 0b10a9fc-47eb-4a2b-b664-8273d9d17379:192.168.34.25:45248], old=null
2019-10-18 07:24:09,683 [12ad0800-05cb-443c-9fdd-fa1debf04523@group-BCB82A5C07F5-LeaderElection1217] INFO  impl.LeaderElection (LogUtils.java:infoOrTrace(149)) -   Exception 0: {}
java.util.concurrent.ExecutionException: org.apache.ratis.thirdparty.io.grpc.StatusRuntimeException: UNAVAILABLE: io exception
	at java.util.concurrent.FutureTask.report(FutureTask.java:122)
	at java.util.concurrent.FutureTask.get(FutureTask.java:192)
	at org.apache.ratis.server.impl.LeaderElection.waitForResults(LeaderElection.java:259)
	at org.apache.ratis.server.impl.LeaderElection.askForVotes(LeaderElection.java:197)
	at org.apache.ratis.server.impl.LeaderElection.run(LeaderElection.java:133)
	at java.lang.Thread.run(Thread.java:748)
Caused by: org.apache.ratis.thirdparty.io.grpc.StatusRuntimeException: UNAVAILABLE: io exception
	at org.apache.ratis.thirdparty.io.grpc.stub.ClientCalls.toStatusRuntimeException(ClientCalls.java:233)
	at org.apache.ratis.thirdparty.io.grpc.stub.ClientCalls.getUnchecked(ClientCalls.java:214)
	at org.apache.ratis.thirdparty.io.grpc.stub.ClientCalls.blockingUnaryCall(ClientCalls.java:139)
	at org.apache.ratis.proto.grpc.RaftServerProtocolServiceGrpc$RaftServerProtocolServiceBlockingStub.requestVote(RaftServerProtocolServiceGrpc.java:265)
	at org.apache.ratis.grpc.server.GrpcServerProtocolClient.requestVote(GrpcServerProtocolClient.java:99)
	at org.apache.ratis.grpc.server.GrpcService.requestVote(GrpcService.java:204)
	at org.apache.ratis.server.impl.LeaderElection.lambda$submitRequests$1(LeaderElection.java:234)
	at java.util.concurrent.FutureTask.run(FutureTask.java:266)
	at java.util.concurrent.Executors$RunnableAdapter.call(Executors.java:511)
	at java.util.concurrent.FutureTask.run(FutureTask.java:266)
	at java.util.concurrent.ThreadPoolExecutor.runWorker(ThreadPoolExecutor.java:1149)
	at java.util.concurrent.ThreadPoolExecutor$Worker.run(ThreadPoolExecutor.java:624)
	... 1 more
Caused by: org.apache.ratis.thirdparty.io.netty.channel.AbstractChannel$AnnotatedConnectException: Connection refused: /192.168.34.25:45248
	at sun.nio.ch.SocketChannelImpl.checkConnect(Native Method)
	at sun.nio.ch.SocketChannelImpl.finishConnect(SocketChannelImpl.java:717)
	at org.apache.ratis.thirdparty.io.netty.channel.socket.nio.NioSocketChannel.doFinishConnect(NioSocketChannel.java:327)
	at org.apache.ratis.thirdparty.io.netty.channel.nio.AbstractNioChannel$AbstractNioUnsafe.finishConnect(AbstractNioChannel.java:340)
	at org.apache.ratis.thirdparty.io.netty.channel.nio.NioEventLoop.processSelectedKey(NioEventLoop.java:632)
	at org.apache.ratis.thirdparty.io.netty.channel.nio.NioEventLoop.processSelectedKeysOptimized(NioEventLoop.java:579)
	at org.apache.ratis.thirdparty.io.netty.channel.nio.NioEventLoop.processSelectedKeys(NioEventLoop.java:496)
	at org.apache.ratis.thirdparty.io.netty.channel.nio.NioEventLoop.run(NioEventLoop.java:458)
	at org.apache.ratis.thirdparty.io.netty.util.concurrent.SingleThreadEventExecutor$5.run(SingleThreadEventExecutor.java:897)
	at org.apache.ratis.thirdparty.io.netty.util.concurrent.FastThreadLocalRunnable.run(FastThreadLocalRunnable.java:30)
	... 1 more
Caused by: java.net.ConnectException: Connection refused
	... 11 more
2019-10-18 07:24:09,683 [12ad0800-05cb-443c-9fdd-fa1debf04523@group-BCB82A5C07F5-LeaderElection1217] INFO  impl.RaftServerImpl (RaftServerImpl.java:setRole(184)) - 12ad0800-05cb-443c-9fdd-fa1debf04523@group-BCB82A5C07F5: changes role from CANDIDATE to FOLLOWER at term 163 for DISCOVERED_A_NEW_TERM
2019-10-18 07:24:09,683 [12ad0800-05cb-443c-9fdd-fa1debf04523@group-BCB82A5C07F5-LeaderElection1217] INFO  impl.RoleInfo (RoleInfo.java:shutdownLeaderElection(134)) - 12ad0800-05cb-443c-9fdd-fa1debf04523: shutdown LeaderElection
2019-10-18 07:24:09,683 [12ad0800-05cb-443c-9fdd-fa1debf04523@group-BCB82A5C07F5-LeaderElection1217] INFO  impl.RoleInfo (RoleInfo.java:updateAndGet(143)) - 12ad0800-05cb-443c-9fdd-fa1debf04523: start FollowerState
2019-10-18 07:24:09,737 [Datanode State Machine Thread - 0] INFO  statemachine.DatanodeStateMachine (DatanodeStateMachine.java:lambda$startDaemon$0(350)) - Ozone container server started.
2019-10-18 07:24:09,804 [Thread-10648] INFO  impl.FollowerState (FollowerState.java:run(108)) - 12ad0800-05cb-443c-9fdd-fa1debf04523@group-BCB82A5C07F5-FollowerState: change to CANDIDATE, lastRpcTime:120ms, electionTimeout:120ms
2019-10-18 07:24:09,804 [Thread-10648] INFO  impl.RoleInfo (RoleInfo.java:shutdownFollowerState(121)) - 12ad0800-05cb-443c-9fdd-fa1debf04523: shutdown FollowerState
2019-10-18 07:24:09,804 [Thread-10648] INFO  impl.RaftServerImpl (RaftServerImpl.java:setRole(184)) - 12ad0800-05cb-443c-9fdd-fa1debf04523@group-BCB82A5C07F5: changes role from  FOLLOWER to CANDIDATE at term 163 for changeToCandidate
2019-10-18 07:24:09,804 [Thread-10648] INFO  impl.RoleInfo (RoleInfo.java:updateAndGet(143)) - 12ad0800-05cb-443c-9fdd-fa1debf04523: start LeaderElection
2019-10-18 07:24:09,820 [12ad0800-05cb-443c-9fdd-fa1debf04523@group-BCB82A5C07F5-LeaderElection1218] INFO  impl.LeaderElection (LeaderElection.java:askForVotes(178)) - 12ad0800-05cb-443c-9fdd-fa1debf04523@group-BCB82A5C07F5-LeaderElection1218: begin an election at term 164 for -1: [12ad0800-05cb-443c-9fdd-fa1debf04523:192.168.34.25:41155, 5170c5f3-8499-4b42-9321-85fc8a351f79:192.168.34.25:43074, 0b10a9fc-47eb-4a2b-b664-8273d9d17379:192.168.34.25:45248], old=null
2019-10-18 07:24:09,821 [12ad0800-05cb-443c-9fdd-fa1debf04523@group-BCB82A5C07F5-LeaderElection1218] INFO  impl.LeaderElection (LogUtils.java:infoOrTrace(149)) - 12ad0800-05cb-443c-9fdd-fa1debf04523@group-BCB82A5C07F5-LeaderElection1218 got exception when requesting votes: {}
java.util.concurrent.ExecutionException: org.apache.ratis.thirdparty.io.grpc.StatusRuntimeException: UNAVAILABLE: io exception
	at java.util.concurrent.FutureTask.report(FutureTask.java:122)
	at java.util.concurrent.FutureTask.get(FutureTask.java:192)
	at org.apache.ratis.server.impl.LeaderElection.waitForResults(LeaderElection.java:259)
	at org.apache.ratis.server.impl.LeaderElection.askForVotes(LeaderElection.java:197)
	at org.apache.ratis.server.impl.LeaderElection.run(LeaderElection.java:133)
	at java.lang.Thread.run(Thread.java:748)
Caused by: org.apache.ratis.thirdparty.io.grpc.StatusRuntimeException: UNAVAILABLE: io exception
	at org.apache.ratis.thirdparty.io.grpc.stub.ClientCalls.toStatusRuntimeException(ClientCalls.java:233)
	at org.apache.ratis.thirdparty.io.grpc.stub.ClientCalls.getUnchecked(ClientCalls.java:214)
	at org.apache.ratis.thirdparty.io.grpc.stub.ClientCalls.blockingUnaryCall(ClientCalls.java:139)
	at org.apache.ratis.proto.grpc.RaftServerProtocolServiceGrpc$RaftServerProtocolServiceBlockingStub.requestVote(RaftServerProtocolServiceGrpc.java:265)
	at org.apache.ratis.grpc.server.GrpcServerProtocolClient.requestVote(GrpcServerProtocolClient.java:99)
	at org.apache.ratis.grpc.server.GrpcService.requestVote(GrpcService.java:204)
	at org.apache.ratis.server.impl.LeaderElection.lambda$submitRequests$1(LeaderElection.java:234)
	at java.util.concurrent.FutureTask.run(FutureTask.java:266)
	at java.util.concurrent.Executors$RunnableAdapter.call(Executors.java:511)
	at java.util.concurrent.FutureTask.run(FutureTask.java:266)
	at java.util.concurrent.ThreadPoolExecutor.runWorker(ThreadPoolExecutor.java:1149)
	at java.util.concurrent.ThreadPoolExecutor$Worker.run(ThreadPoolExecutor.java:624)
	... 1 more
Caused by: org.apache.ratis.thirdparty.io.netty.channel.AbstractChannel$AnnotatedConnectException: Connection refused: /192.168.34.25:45248
	at sun.nio.ch.SocketChannelImpl.checkConnect(Native Method)
	at sun.nio.ch.SocketChannelImpl.finishConnect(SocketChannelImpl.java:717)
	at org.apache.ratis.thirdparty.io.netty.channel.socket.nio.NioSocketChannel.doFinishConnect(NioSocketChannel.java:327)
	at org.apache.ratis.thirdparty.io.netty.channel.nio.AbstractNioChannel$AbstractNioUnsafe.finishConnect(AbstractNioChannel.java:340)
	at org.apache.ratis.thirdparty.io.netty.channel.nio.NioEventLoop.processSelectedKey(NioEventLoop.java:632)
	at org.apache.ratis.thirdparty.io.netty.channel.nio.NioEventLoop.processSelectedKeysOptimized(NioEventLoop.java:579)
	at org.apache.ratis.thirdparty.io.netty.channel.nio.NioEventLoop.processSelectedKeys(NioEventLoop.java:496)
	at org.apache.ratis.thirdparty.io.netty.channel.nio.NioEventLoop.run(NioEventLoop.java:458)
	at org.apache.ratis.thirdparty.io.netty.util.concurrent.SingleThreadEventExecutor$5.run(SingleThreadEventExecutor.java:897)
	at org.apache.ratis.thirdparty.io.netty.util.concurrent.FastThreadLocalRunnable.run(FastThreadLocalRunnable.java:30)
	... 1 more
Caused by: java.net.ConnectException: Connection refused
	... 11 more
2019-10-18 07:24:09,821 [grpc-default-executor-4] INFO  impl.RaftServerImpl (RaftServerImpl.java:setRole(184)) - 5170c5f3-8499-4b42-9321-85fc8a351f79@group-BCB82A5C07F5: changes role from  FOLLOWER to FOLLOWER at term 164 for recognizeCandidate:12ad0800-05cb-443c-9fdd-fa1debf04523
2019-10-18 07:24:09,822 [grpc-default-executor-4] INFO  impl.RoleInfo (RoleInfo.java:shutdownFollowerState(121)) - 5170c5f3-8499-4b42-9321-85fc8a351f79: shutdown FollowerState
2019-10-18 07:24:09,822 [grpc-default-executor-4] INFO  impl.RoleInfo (RoleInfo.java:updateAndGet(143)) - 5170c5f3-8499-4b42-9321-85fc8a351f79: start FollowerState
2019-10-18 07:24:09,822 [Thread-10647] INFO  impl.FollowerState (FollowerState.java:run(117)) - 5170c5f3-8499-4b42-9321-85fc8a351f79@group-BCB82A5C07F5-FollowerState was interrupted: java.lang.InterruptedException: sleep interrupted
2019-10-18 07:24:09,845 [12ad0800-05cb-443c-9fdd-fa1debf04523@group-BCB82A5C07F5-LeaderElection1218] INFO  impl.LeaderElection (LeaderElection.java:logAndReturn(56)) - 12ad0800-05cb-443c-9fdd-fa1debf04523@group-BCB82A5C07F5-LeaderElection1218: Election REJECTED; received 1 response(s) [12ad0800-05cb-443c-9fdd-fa1debf04523<-5170c5f3-8499-4b42-9321-85fc8a351f79#0:FAIL-t164] and 1 exception(s); 12ad0800-05cb-443c-9fdd-fa1debf04523@group-BCB82A5C07F5:t164, leader=null, voted=12ad0800-05cb-443c-9fdd-fa1debf04523, raftlog=12ad0800-05cb-443c-9fdd-fa1debf04523@group-BCB82A5C07F5-SegmentedRaftLog:OPENED:c-1,f-1,i0, conf=-1: [12ad0800-05cb-443c-9fdd-fa1debf04523:192.168.34.25:41155, 5170c5f3-8499-4b42-9321-85fc8a351f79:192.168.34.25:43074, 0b10a9fc-47eb-4a2b-b664-8273d9d17379:192.168.34.25:45248], old=null
2019-10-18 07:24:09,845 [12ad0800-05cb-443c-9fdd-fa1debf04523@group-BCB82A5C07F5-LeaderElection1218] INFO  impl.LeaderElection (LogUtils.java:infoOrTrace(149)) -   Exception 0: {}
java.util.concurrent.ExecutionException: org.apache.ratis.thirdparty.io.grpc.StatusRuntimeException: UNAVAILABLE: io exception
	at java.util.concurrent.FutureTask.report(FutureTask.java:122)
	at java.util.concurrent.FutureTask.get(FutureTask.java:192)
	at org.apache.ratis.server.impl.LeaderElection.waitForResults(LeaderElection.java:259)
	at org.apache.ratis.server.impl.LeaderElection.askForVotes(LeaderElection.java:197)
	at org.apache.ratis.server.impl.LeaderElection.run(LeaderElection.java:133)
	at java.lang.Thread.run(Thread.java:748)
Caused by: org.apache.ratis.thirdparty.io.grpc.StatusRuntimeException: UNAVAILABLE: io exception
	at org.apache.ratis.thirdparty.io.grpc.stub.ClientCalls.toStatusRuntimeException(ClientCalls.java:233)
	at org.apache.ratis.thirdparty.io.grpc.stub.ClientCalls.getUnchecked(ClientCalls.java:214)
	at org.apache.ratis.thirdparty.io.grpc.stub.ClientCalls.blockingUnaryCall(ClientCalls.java:139)
	at org.apache.ratis.proto.grpc.RaftServerProtocolServiceGrpc$RaftServerProtocolServiceBlockingStub.requestVote(RaftServerProtocolServiceGrpc.java:265)
	at org.apache.ratis.grpc.server.GrpcServerProtocolClient.requestVote(GrpcServerProtocolClient.java:99)
	at org.apache.ratis.grpc.server.GrpcService.requestVote(GrpcService.java:204)
	at org.apache.ratis.server.impl.LeaderElection.lambda$submitRequests$1(LeaderElection.java:234)
	at java.util.concurrent.FutureTask.run(FutureTask.java:266)
	at java.util.concurrent.Executors$RunnableAdapter.call(Executors.java:511)
	at java.util.concurrent.FutureTask.run(FutureTask.java:266)
	at java.util.concurrent.ThreadPoolExecutor.runWorker(ThreadPoolExecutor.java:1149)
	at java.util.concurrent.ThreadPoolExecutor$Worker.run(ThreadPoolExecutor.java:624)
	... 1 more
Caused by: org.apache.ratis.thirdparty.io.netty.channel.AbstractChannel$AnnotatedConnectException: Connection refused: /192.168.34.25:45248
	at sun.nio.ch.SocketChannelImpl.checkConnect(Native Method)
	at sun.nio.ch.SocketChannelImpl.finishConnect(SocketChannelImpl.java:717)
	at org.apache.ratis.thirdparty.io.netty.channel.socket.nio.NioSocketChannel.doFinishConnect(NioSocketChannel.java:327)
	at org.apache.ratis.thirdparty.io.netty.channel.nio.AbstractNioChannel$AbstractNioUnsafe.finishConnect(AbstractNioChannel.java:340)
	at org.apache.ratis.thirdparty.io.netty.channel.nio.NioEventLoop.processSelectedKey(NioEventLoop.java:632)
	at org.apache.ratis.thirdparty.io.netty.channel.nio.NioEventLoop.processSelectedKeysOptimized(NioEventLoop.java:579)
	at org.apache.ratis.thirdparty.io.netty.channel.nio.NioEventLoop.processSelectedKeys(NioEventLoop.java:496)
	at org.apache.ratis.thirdparty.io.netty.channel.nio.NioEventLoop.run(NioEventLoop.java:458)
	at org.apache.ratis.thirdparty.io.netty.util.concurrent.SingleThreadEventExecutor$5.run(SingleThreadEventExecutor.java:897)
	at org.apache.ratis.thirdparty.io.netty.util.concurrent.FastThreadLocalRunnable.run(FastThreadLocalRunnable.java:30)
	... 1 more
Caused by: java.net.ConnectException: Connection refused
	... 11 more
2019-10-18 07:24:09,845 [12ad0800-05cb-443c-9fdd-fa1debf04523@group-BCB82A5C07F5-LeaderElection1218] INFO  impl.RaftServerImpl (RaftServerImpl.java:setRole(184)) - 12ad0800-05cb-443c-9fdd-fa1debf04523@group-BCB82A5C07F5: changes role from CANDIDATE to FOLLOWER at term 164 for DISCOVERED_A_NEW_TERM
2019-10-18 07:24:09,845 [12ad0800-05cb-443c-9fdd-fa1debf04523@group-BCB82A5C07F5-LeaderElection1218] INFO  impl.RoleInfo (RoleInfo.java:shutdownLeaderElection(134)) - 12ad0800-05cb-443c-9fdd-fa1debf04523: shutdown LeaderElection
2019-10-18 07:24:09,846 [12ad0800-05cb-443c-9fdd-fa1debf04523@group-BCB82A5C07F5-LeaderElection1218] INFO  impl.RoleInfo (RoleInfo.java:updateAndGet(143)) - 12ad0800-05cb-443c-9fdd-fa1debf04523: start FollowerState
2019-10-18 07:24:09,942 [Thread-10654] INFO  impl.FollowerState (FollowerState.java:run(108)) - 12ad0800-05cb-443c-9fdd-fa1debf04523@group-BCB82A5C07F5-FollowerState: change to CANDIDATE, lastRpcTime:96ms, electionTimeout:96ms
2019-10-18 07:24:09,942 [Thread-10654] INFO  impl.RoleInfo (RoleInfo.java:shutdownFollowerState(121)) - 12ad0800-05cb-443c-9fdd-fa1debf04523: shutdown FollowerState
2019-10-18 07:24:09,942 [Thread-10654] INFO  impl.RaftServerImpl (RaftServerImpl.java:setRole(184)) - 12ad0800-05cb-443c-9fdd-fa1debf04523@group-BCB82A5C07F5: changes role from  FOLLOWER to CANDIDATE at term 164 for changeToCandidate
2019-10-18 07:24:09,942 [Thread-10654] INFO  impl.RoleInfo (RoleInfo.java:updateAndGet(143)) - 12ad0800-05cb-443c-9fdd-fa1debf04523: start LeaderElection
2019-10-18 07:24:10,016 [12ad0800-05cb-443c-9fdd-fa1debf04523@group-BCB82A5C07F5-LeaderElection1219] INFO  impl.LeaderElection (LeaderElection.java:askForVotes(178)) - 12ad0800-05cb-443c-9fdd-fa1debf04523@group-BCB82A5C07F5-LeaderElection1219: begin an election at term 165 for -1: [12ad0800-05cb-443c-9fdd-fa1debf04523:192.168.34.25:41155, 5170c5f3-8499-4b42-9321-85fc8a351f79:192.168.34.25:43074, 0b10a9fc-47eb-4a2b-b664-8273d9d17379:192.168.34.25:45248], old=null
2019-10-18 07:24:10,017 [12ad0800-05cb-443c-9fdd-fa1debf04523@group-BCB82A5C07F5-LeaderElection1219] INFO  impl.LeaderElection (LogUtils.java:infoOrTrace(149)) - 12ad0800-05cb-443c-9fdd-fa1debf04523@group-BCB82A5C07F5-LeaderElection1219 got exception when requesting votes: {}
java.util.concurrent.ExecutionException: org.apache.ratis.thirdparty.io.grpc.StatusRuntimeException: UNAVAILABLE: io exception
	at java.util.concurrent.FutureTask.report(FutureTask.java:122)
	at java.util.concurrent.FutureTask.get(FutureTask.java:192)
	at org.apache.ratis.server.impl.LeaderElection.waitForResults(LeaderElection.java:259)
	at org.apache.ratis.server.impl.LeaderElection.askForVotes(LeaderElection.java:197)
	at org.apache.ratis.server.impl.LeaderElection.run(LeaderElection.java:133)
	at java.lang.Thread.run(Thread.java:748)
Caused by: org.apache.ratis.thirdparty.io.grpc.StatusRuntimeException: UNAVAILABLE: io exception
	at org.apache.ratis.thirdparty.io.grpc.stub.ClientCalls.toStatusRuntimeException(ClientCalls.java:233)
	at org.apache.ratis.thirdparty.io.grpc.stub.ClientCalls.getUnchecked(ClientCalls.java:214)
	at org.apache.ratis.thirdparty.io.grpc.stub.ClientCalls.blockingUnaryCall(ClientCalls.java:139)
	at org.apache.ratis.proto.grpc.RaftServerProtocolServiceGrpc$RaftServerProtocolServiceBlockingStub.requestVote(RaftServerProtocolServiceGrpc.java:265)
	at org.apache.ratis.grpc.server.GrpcServerProtocolClient.requestVote(GrpcServerProtocolClient.java:99)
	at org.apache.ratis.grpc.server.GrpcService.requestVote(GrpcService.java:204)
	at org.apache.ratis.server.impl.LeaderElection.lambda$submitRequests$1(LeaderElection.java:234)
	at java.util.concurrent.FutureTask.run(FutureTask.java:266)
	at java.util.concurrent.Executors$RunnableAdapter.call(Executors.java:511)
	at java.util.concurrent.FutureTask.run(FutureTask.java:266)
	at java.util.concurrent.ThreadPoolExecutor.runWorker(ThreadPoolExecutor.java:1149)
	at java.util.concurrent.ThreadPoolExecutor$Worker.run(ThreadPoolExecutor.java:624)
	... 1 more
Caused by: org.apache.ratis.thirdparty.io.netty.channel.AbstractChannel$AnnotatedConnectException: Connection refused: /192.168.34.25:45248
	at sun.nio.ch.SocketChannelImpl.checkConnect(Native Method)
	at sun.nio.ch.SocketChannelImpl.finishConnect(SocketChannelImpl.java:717)
	at org.apache.ratis.thirdparty.io.netty.channel.socket.nio.NioSocketChannel.doFinishConnect(NioSocketChannel.java:327)
	at org.apache.ratis.thirdparty.io.netty.channel.nio.AbstractNioChannel$AbstractNioUnsafe.finishConnect(AbstractNioChannel.java:340)
	at org.apache.ratis.thirdparty.io.netty.channel.nio.NioEventLoop.processSelectedKey(NioEventLoop.java:632)
	at org.apache.ratis.thirdparty.io.netty.channel.nio.NioEventLoop.processSelectedKeysOptimized(NioEventLoop.java:579)
	at org.apache.ratis.thirdparty.io.netty.channel.nio.NioEventLoop.processSelectedKeys(NioEventLoop.java:496)
	at org.apache.ratis.thirdparty.io.netty.channel.nio.NioEventLoop.run(NioEventLoop.java:458)
	at org.apache.ratis.thirdparty.io.netty.util.concurrent.SingleThreadEventExecutor$5.run(SingleThreadEventExecutor.java:897)
	at org.apache.ratis.thirdparty.io.netty.util.concurrent.FastThreadLocalRunnable.run(FastThreadLocalRunnable.java:30)
	... 1 more
Caused by: java.net.ConnectException: Connection refused
	... 11 more
2019-10-18 07:24:10,017 [grpc-default-executor-4] INFO  impl.RaftServerImpl (RaftServerImpl.java:setRole(184)) - 5170c5f3-8499-4b42-9321-85fc8a351f79@group-BCB82A5C07F5: changes role from  FOLLOWER to FOLLOWER at term 165 for recognizeCandidate:12ad0800-05cb-443c-9fdd-fa1debf04523
2019-10-18 07:24:10,017 [grpc-default-executor-4] INFO  impl.RoleInfo (RoleInfo.java:shutdownFollowerState(121)) - 5170c5f3-8499-4b42-9321-85fc8a351f79: shutdown FollowerState
2019-10-18 07:24:10,018 [grpc-default-executor-4] INFO  impl.RoleInfo (RoleInfo.java:updateAndGet(143)) - 5170c5f3-8499-4b42-9321-85fc8a351f79: start FollowerState
2019-10-18 07:24:10,018 [Thread-10653] INFO  impl.FollowerState (FollowerState.java:run(117)) - 5170c5f3-8499-4b42-9321-85fc8a351f79@group-BCB82A5C07F5-FollowerState was interrupted: java.lang.InterruptedException: sleep interrupted
2019-10-18 07:24:10,041 [12ad0800-05cb-443c-9fdd-fa1debf04523@group-BCB82A5C07F5-LeaderElection1219] INFO  impl.LeaderElection (LeaderElection.java:logAndReturn(56)) - 12ad0800-05cb-443c-9fdd-fa1debf04523@group-BCB82A5C07F5-LeaderElection1219: Election REJECTED; received 1 response(s) [12ad0800-05cb-443c-9fdd-fa1debf04523<-5170c5f3-8499-4b42-9321-85fc8a351f79#0:FAIL-t165] and 1 exception(s); 12ad0800-05cb-443c-9fdd-fa1debf04523@group-BCB82A5C07F5:t165, leader=null, voted=12ad0800-05cb-443c-9fdd-fa1debf04523, raftlog=12ad0800-05cb-443c-9fdd-fa1debf04523@group-BCB82A5C07F5-SegmentedRaftLog:OPENED:c-1,f-1,i0, conf=-1: [12ad0800-05cb-443c-9fdd-fa1debf04523:192.168.34.25:41155, 5170c5f3-8499-4b42-9321-85fc8a351f79:192.168.34.25:43074, 0b10a9fc-47eb-4a2b-b664-8273d9d17379:192.168.34.25:45248], old=null
2019-10-18 07:24:10,041 [12ad0800-05cb-443c-9fdd-fa1debf04523@group-BCB82A5C07F5-LeaderElection1219] INFO  impl.LeaderElection (LogUtils.java:infoOrTrace(149)) -   Exception 0: {}
java.util.concurrent.ExecutionException: org.apache.ratis.thirdparty.io.grpc.StatusRuntimeException: UNAVAILABLE: io exception
	at java.util.concurrent.FutureTask.report(FutureTask.java:122)
	at java.util.concurrent.FutureTask.get(FutureTask.java:192)
	at org.apache.ratis.server.impl.LeaderElection.waitForResults(LeaderElection.java:259)
	at org.apache.ratis.server.impl.LeaderElection.askForVotes(LeaderElection.java:197)
	at org.apache.ratis.server.impl.LeaderElection.run(LeaderElection.java:133)
	at java.lang.Thread.run(Thread.java:748)
Caused by: org.apache.ratis.thirdparty.io.grpc.StatusRuntimeException: UNAVAILABLE: io exception
	at org.apache.ratis.thirdparty.io.grpc.stub.ClientCalls.toStatusRuntimeException(ClientCalls.java:233)
	at org.apache.ratis.thirdparty.io.grpc.stub.ClientCalls.getUnchecked(ClientCalls.java:214)
	at org.apache.ratis.thirdparty.io.grpc.stub.ClientCalls.blockingUnaryCall(ClientCalls.java:139)
	at org.apache.ratis.proto.grpc.RaftServerProtocolServiceGrpc$RaftServerProtocolServiceBlockingStub.requestVote(RaftServerProtocolServiceGrpc.java:265)
	at org.apache.ratis.grpc.server.GrpcServerProtocolClient.requestVote(GrpcServerProtocolClient.java:99)
	at org.apache.ratis.grpc.server.GrpcService.requestVote(GrpcService.java:204)
	at org.apache.ratis.server.impl.LeaderElection.lambda$submitRequests$1(LeaderElection.java:234)
	at java.util.concurrent.FutureTask.run(FutureTask.java:266)
	at java.util.concurrent.Executors$RunnableAdapter.call(Executors.java:511)
	at java.util.concurrent.FutureTask.run(FutureTask.java:266)
	at java.util.concurrent.ThreadPoolExecutor.runWorker(ThreadPoolExecutor.java:1149)
	at java.util.concurrent.ThreadPoolExecutor$Worker.run(ThreadPoolExecutor.java:624)
	... 1 more
Caused by: org.apache.ratis.thirdparty.io.netty.channel.AbstractChannel$AnnotatedConnectException: Connection refused: /192.168.34.25:45248
	at sun.nio.ch.SocketChannelImpl.checkConnect(Native Method)
	at sun.nio.ch.SocketChannelImpl.finishConnect(SocketChannelImpl.java:717)
	at org.apache.ratis.thirdparty.io.netty.channel.socket.nio.NioSocketChannel.doFinishConnect(NioSocketChannel.java:327)
	at org.apache.ratis.thirdparty.io.netty.channel.nio.AbstractNioChannel$AbstractNioUnsafe.finishConnect(AbstractNioChannel.java:340)
	at org.apache.ratis.thirdparty.io.netty.channel.nio.NioEventLoop.processSelectedKey(NioEventLoop.java:632)
	at org.apache.ratis.thirdparty.io.netty.channel.nio.NioEventLoop.processSelectedKeysOptimized(NioEventLoop.java:579)
	at org.apache.ratis.thirdparty.io.netty.channel.nio.NioEventLoop.processSelectedKeys(NioEventLoop.java:496)
	at org.apache.ratis.thirdparty.io.netty.channel.nio.NioEventLoop.run(NioEventLoop.java:458)
	at org.apache.ratis.thirdparty.io.netty.util.concurrent.SingleThreadEventExecutor$5.run(SingleThreadEventExecutor.java:897)
	at org.apache.ratis.thirdparty.io.netty.util.concurrent.FastThreadLocalRunnable.run(FastThreadLocalRunnable.java:30)
	... 1 more
Caused by: java.net.ConnectException: Connection refused
	... 11 more
2019-10-18 07:24:10,042 [12ad0800-05cb-443c-9fdd-fa1debf04523@group-BCB82A5C07F5-LeaderElection1219] INFO  impl.RaftServerImpl (RaftServerImpl.java:setRole(184)) - 12ad0800-05cb-443c-9fdd-fa1debf04523@group-BCB82A5C07F5: changes role from CANDIDATE to FOLLOWER at term 165 for DISCOVERED_A_NEW_TERM
2019-10-18 07:24:10,042 [12ad0800-05cb-443c-9fdd-fa1debf04523@group-BCB82A5C07F5-LeaderElection1219] INFO  impl.RoleInfo (RoleInfo.java:shutdownLeaderElection(134)) - 12ad0800-05cb-443c-9fdd-fa1debf04523: shutdown LeaderElection
2019-10-18 07:24:10,042 [12ad0800-05cb-443c-9fdd-fa1debf04523@group-BCB82A5C07F5-LeaderElection1219] INFO  impl.RoleInfo (RoleInfo.java:updateAndGet(143)) - 12ad0800-05cb-443c-9fdd-fa1debf04523: start FollowerState
2019-10-18 07:24:10,205 [Thread-10659] INFO  impl.FollowerState (FollowerState.java:run(108)) - 12ad0800-05cb-443c-9fdd-fa1debf04523@group-BCB82A5C07F5-FollowerState: change to CANDIDATE, lastRpcTime:163ms, electionTimeout:163ms
2019-10-18 07:24:10,206 [Thread-10659] INFO  impl.RoleInfo (RoleInfo.java:shutdownFollowerState(121)) - 12ad0800-05cb-443c-9fdd-fa1debf04523: shutdown FollowerState
2019-10-18 07:24:10,206 [Thread-10659] INFO  impl.RaftServerImpl (RaftServerImpl.java:setRole(184)) - 12ad0800-05cb-443c-9fdd-fa1debf04523@group-BCB82A5C07F5: changes role from  FOLLOWER to CANDIDATE at term 165 for changeToCandidate
2019-10-18 07:24:10,206 [Thread-10659] INFO  impl.RoleInfo (RoleInfo.java:updateAndGet(143)) - 12ad0800-05cb-443c-9fdd-fa1debf04523: start LeaderElection
2019-10-18 07:24:10,225 [Thread-10624] INFO  impl.FollowerState (FollowerState.java:run(108)) - 6633f50a-7046-4b08-9937-8e25f1b14b15@group-0C9C3B2D0CC1-FollowerState: change to CANDIDATE, lastRpcTime:1045ms, electionTimeout:1045ms
2019-10-18 07:24:10,225 [Thread-10624] INFO  impl.RoleInfo (RoleInfo.java:shutdownFollowerState(121)) - 6633f50a-7046-4b08-9937-8e25f1b14b15: shutdown FollowerState
2019-10-18 07:24:10,225 [Thread-10624] INFO  impl.RaftServerImpl (RaftServerImpl.java:setRole(184)) - 6633f50a-7046-4b08-9937-8e25f1b14b15@group-0C9C3B2D0CC1: changes role from  FOLLOWER to CANDIDATE at term 148 for changeToCandidate
2019-10-18 07:24:10,226 [Thread-10624] INFO  impl.RoleInfo (RoleInfo.java:updateAndGet(143)) - 6633f50a-7046-4b08-9937-8e25f1b14b15: start LeaderElection
2019-10-18 07:24:10,230 [12ad0800-05cb-443c-9fdd-fa1debf04523@group-BCB82A5C07F5-LeaderElection1220] INFO  impl.LeaderElection (LeaderElection.java:askForVotes(178)) - 12ad0800-05cb-443c-9fdd-fa1debf04523@group-BCB82A5C07F5-LeaderElection1220: begin an election at term 166 for -1: [12ad0800-05cb-443c-9fdd-fa1debf04523:192.168.34.25:41155, 5170c5f3-8499-4b42-9321-85fc8a351f79:192.168.34.25:43074, 0b10a9fc-47eb-4a2b-b664-8273d9d17379:192.168.34.25:45248], old=null
2019-10-18 07:24:10,231 [12ad0800-05cb-443c-9fdd-fa1debf04523@group-BCB82A5C07F5-LeaderElection1220] INFO  impl.LeaderElection (LogUtils.java:infoOrTrace(149)) - 12ad0800-05cb-443c-9fdd-fa1debf04523@group-BCB82A5C07F5-LeaderElection1220 got exception when requesting votes: {}
java.util.concurrent.ExecutionException: org.apache.ratis.thirdparty.io.grpc.StatusRuntimeException: UNAVAILABLE: io exception
	at java.util.concurrent.FutureTask.report(FutureTask.java:122)
	at java.util.concurrent.FutureTask.get(FutureTask.java:192)
	at org.apache.ratis.server.impl.LeaderElection.waitForResults(LeaderElection.java:259)
	at org.apache.ratis.server.impl.LeaderElection.askForVotes(LeaderElection.java:197)
	at org.apache.ratis.server.impl.LeaderElection.run(LeaderElection.java:133)
	at java.lang.Thread.run(Thread.java:748)
Caused by: org.apache.ratis.thirdparty.io.grpc.StatusRuntimeException: UNAVAILABLE: io exception
	at org.apache.ratis.thirdparty.io.grpc.stub.ClientCalls.toStatusRuntimeException(ClientCalls.java:233)
	at org.apache.ratis.thirdparty.io.grpc.stub.ClientCalls.getUnchecked(ClientCalls.java:214)
	at org.apache.ratis.thirdparty.io.grpc.stub.ClientCalls.blockingUnaryCall(ClientCalls.java:139)
	at org.apache.ratis.proto.grpc.RaftServerProtocolServiceGrpc$RaftServerProtocolServiceBlockingStub.requestVote(RaftServerProtocolServiceGrpc.java:265)
	at org.apache.ratis.grpc.server.GrpcServerProtocolClient.requestVote(GrpcServerProtocolClient.java:99)
	at org.apache.ratis.grpc.server.GrpcService.requestVote(GrpcService.java:204)
	at org.apache.ratis.server.impl.LeaderElection.lambda$submitRequests$1(LeaderElection.java:234)
	at java.util.concurrent.FutureTask.run(FutureTask.java:266)
	at java.util.concurrent.Executors$RunnableAdapter.call(Executors.java:511)
	at java.util.concurrent.FutureTask.run(FutureTask.java:266)
	at java.util.concurrent.ThreadPoolExecutor.runWorker(ThreadPoolExecutor.java:1149)
	at java.util.concurrent.ThreadPoolExecutor$Worker.run(ThreadPoolExecutor.java:624)
	... 1 more
Caused by: org.apache.ratis.thirdparty.io.netty.channel.AbstractChannel$AnnotatedConnectException: Connection refused: /192.168.34.25:45248
	at sun.nio.ch.SocketChannelImpl.checkConnect(Native Method)
	at sun.nio.ch.SocketChannelImpl.finishConnect(SocketChannelImpl.java:717)
	at org.apache.ratis.thirdparty.io.netty.channel.socket.nio.NioSocketChannel.doFinishConnect(NioSocketChannel.java:327)
	at org.apache.ratis.thirdparty.io.netty.channel.nio.AbstractNioChannel$AbstractNioUnsafe.finishConnect(AbstractNioChannel.java:340)
	at org.apache.ratis.thirdparty.io.netty.channel.nio.NioEventLoop.processSelectedKey(NioEventLoop.java:632)
	at org.apache.ratis.thirdparty.io.netty.channel.nio.NioEventLoop.processSelectedKeysOptimized(NioEventLoop.java:579)
	at org.apache.ratis.thirdparty.io.netty.channel.nio.NioEventLoop.processSelectedKeys(NioEventLoop.java:496)
	at org.apache.ratis.thirdparty.io.netty.channel.nio.NioEventLoop.run(NioEventLoop.java:458)
	at org.apache.ratis.thirdparty.io.netty.util.concurrent.SingleThreadEventExecutor$5.run(SingleThreadEventExecutor.java:897)
	at org.apache.ratis.thirdparty.io.netty.util.concurrent.FastThreadLocalRunnable.run(FastThreadLocalRunnable.java:30)
	... 1 more
Caused by: java.net.ConnectException: Connection refused
	... 11 more
2019-10-18 07:24:10,231 [Thread-10625] INFO  impl.FollowerState (FollowerState.java:run(108)) - 67270882-100a-4e75-928d-618d17e069c8@group-0C9C3B2D0CC1-FollowerState: change to CANDIDATE, lastRpcTime:1051ms, electionTimeout:1051ms
2019-10-18 07:24:10,231 [grpc-default-executor-4] INFO  impl.RaftServerImpl (RaftServerImpl.java:setRole(184)) - 5170c5f3-8499-4b42-9321-85fc8a351f79@group-BCB82A5C07F5: changes role from  FOLLOWER to FOLLOWER at term 166 for recognizeCandidate:12ad0800-05cb-443c-9fdd-fa1debf04523
2019-10-18 07:24:10,232 [grpc-default-executor-4] INFO  impl.RoleInfo (RoleInfo.java:shutdownFollowerState(121)) - 5170c5f3-8499-4b42-9321-85fc8a351f79: shutdown FollowerState
2019-10-18 07:24:10,231 [Thread-10625] INFO  impl.RoleInfo (RoleInfo.java:shutdownFollowerState(121)) - 67270882-100a-4e75-928d-618d17e069c8: shutdown FollowerState
2019-10-18 07:24:10,232 [Thread-10658] INFO  impl.FollowerState (FollowerState.java:run(117)) - 5170c5f3-8499-4b42-9321-85fc8a351f79@group-BCB82A5C07F5-FollowerState was interrupted: java.lang.InterruptedException: sleep interrupted
2019-10-18 07:24:10,232 [grpc-default-executor-4] INFO  impl.RoleInfo (RoleInfo.java:updateAndGet(143)) - 5170c5f3-8499-4b42-9321-85fc8a351f79: start FollowerState
2019-10-18 07:24:10,232 [Thread-10625] INFO  impl.RaftServerImpl (RaftServerImpl.java:setRole(184)) - 67270882-100a-4e75-928d-618d17e069c8@group-0C9C3B2D0CC1: changes role from  FOLLOWER to CANDIDATE at term 148 for changeToCandidate
2019-10-18 07:24:10,232 [Thread-10625] INFO  impl.RoleInfo (RoleInfo.java:updateAndGet(143)) - 67270882-100a-4e75-928d-618d17e069c8: start LeaderElection
2019-10-18 07:24:10,252 [6633f50a-7046-4b08-9937-8e25f1b14b15@group-0C9C3B2D0CC1-LeaderElection1221] INFO  impl.LeaderElection (LeaderElection.java:askForVotes(178)) - 6633f50a-7046-4b08-9937-8e25f1b14b15@group-0C9C3B2D0CC1-LeaderElection1221: begin an election at term 149 for 0: [6633f50a-7046-4b08-9937-8e25f1b14b15:192.168.34.25:39338, 67270882-100a-4e75-928d-618d17e069c8:192.168.34.25:36648, 4dea926d-4bc6-487a-9b9b-9fd457d0fae4:192.168.34.25:41624], old=null
2019-10-18 07:24:10,252 [67270882-100a-4e75-928d-618d17e069c8@group-0C9C3B2D0CC1-LeaderElection1222] INFO  impl.LeaderElection (LeaderElection.java:askForVotes(178)) - 67270882-100a-4e75-928d-618d17e069c8@group-0C9C3B2D0CC1-LeaderElection1222: begin an election at term 149 for 0: [6633f50a-7046-4b08-9937-8e25f1b14b15:192.168.34.25:39338, 67270882-100a-4e75-928d-618d17e069c8:192.168.34.25:36648, 4dea926d-4bc6-487a-9b9b-9fd457d0fae4:192.168.34.25:41624], old=null
2019-10-18 07:24:10,252 [12ad0800-05cb-443c-9fdd-fa1debf04523@group-BCB82A5C07F5-LeaderElection1220] INFO  impl.LeaderElection (LeaderElection.java:logAndReturn(56)) - 12ad0800-05cb-443c-9fdd-fa1debf04523@group-BCB82A5C07F5-LeaderElection1220: Election REJECTED; received 1 response(s) [12ad0800-05cb-443c-9fdd-fa1debf04523<-5170c5f3-8499-4b42-9321-85fc8a351f79#0:FAIL-t166] and 1 exception(s); 12ad0800-05cb-443c-9fdd-fa1debf04523@group-BCB82A5C07F5:t166, leader=null, voted=12ad0800-05cb-443c-9fdd-fa1debf04523, raftlog=12ad0800-05cb-443c-9fdd-fa1debf04523@group-BCB82A5C07F5-SegmentedRaftLog:OPENED:c-1,f-1,i0, conf=-1: [12ad0800-05cb-443c-9fdd-fa1debf04523:192.168.34.25:41155, 5170c5f3-8499-4b42-9321-85fc8a351f79:192.168.34.25:43074, 0b10a9fc-47eb-4a2b-b664-8273d9d17379:192.168.34.25:45248], old=null
2019-10-18 07:24:10,252 [12ad0800-05cb-443c-9fdd-fa1debf04523@group-BCB82A5C07F5-LeaderElection1220] INFO  impl.LeaderElection (LogUtils.java:infoOrTrace(149)) -   Exception 0: {}
java.util.concurrent.ExecutionException: org.apache.ratis.thirdparty.io.grpc.StatusRuntimeException: UNAVAILABLE: io exception
	at java.util.concurrent.FutureTask.report(FutureTask.java:122)
	at java.util.concurrent.FutureTask.get(FutureTask.java:192)
	at org.apache.ratis.server.impl.LeaderElection.waitForResults(LeaderElection.java:259)
	at org.apache.ratis.server.impl.LeaderElection.askForVotes(LeaderElection.java:197)
	at org.apache.ratis.server.impl.LeaderElection.run(LeaderElection.java:133)
	at java.lang.Thread.run(Thread.java:748)
Caused by: org.apache.ratis.thirdparty.io.grpc.StatusRuntimeException: UNAVAILABLE: io exception
	at org.apache.ratis.thirdparty.io.grpc.stub.ClientCalls.toStatusRuntimeException(ClientCalls.java:233)
	at org.apache.ratis.thirdparty.io.grpc.stub.ClientCalls.getUnchecked(ClientCalls.java:214)
	at org.apache.ratis.thirdparty.io.grpc.stub.ClientCalls.blockingUnaryCall(ClientCalls.java:139)
	at org.apache.ratis.proto.grpc.RaftServerProtocolServiceGrpc$RaftServerProtocolServiceBlockingStub.requestVote(RaftServerProtocolServiceGrpc.java:265)
	at org.apache.ratis.grpc.server.GrpcServerProtocolClient.requestVote(GrpcServerProtocolClient.java:99)
	at org.apache.ratis.grpc.server.GrpcService.requestVote(GrpcService.java:204)
	at org.apache.ratis.server.impl.LeaderElection.lambda$submitRequests$1(LeaderElection.java:234)
	at java.util.concurrent.FutureTask.run(FutureTask.java:266)
	at java.util.concurrent.Executors$RunnableAdapter.call(Executors.java:511)
	at java.util.concurrent.FutureTask.run(FutureTask.java:266)
	at java.util.concurrent.ThreadPoolExecutor.runWorker(ThreadPoolExecutor.java:1149)
	at java.util.concurrent.ThreadPoolExecutor$Worker.run(ThreadPoolExecutor.java:624)
	... 1 more
Caused by: org.apache.ratis.thirdparty.io.netty.channel.AbstractChannel$AnnotatedConnectException: Connection refused: /192.168.34.25:45248
	at sun.nio.ch.SocketChannelImpl.checkConnect(Native Method)
	at sun.nio.ch.SocketChannelImpl.finishConnect(SocketChannelImpl.java:717)
	at org.apache.ratis.thirdparty.io.netty.channel.socket.nio.NioSocketChannel.doFinishConnect(NioSocketChannel.java:327)
	at org.apache.ratis.thirdparty.io.netty.channel.nio.AbstractNioChannel$AbstractNioUnsafe.finishConnect(AbstractNioChannel.java:340)
	at org.apache.ratis.thirdparty.io.netty.channel.nio.NioEventLoop.processSelectedKey(NioEventLoop.java:632)
	at org.apache.ratis.thirdparty.io.netty.channel.nio.NioEventLoop.processSelectedKeysOptimized(NioEventLoop.java:579)
	at org.apache.ratis.thirdparty.io.netty.channel.nio.NioEventLoop.processSelectedKeys(NioEventLoop.java:496)
	at org.apache.ratis.thirdparty.io.netty.channel.nio.NioEventLoop.run(NioEventLoop.java:458)
	at org.apache.ratis.thirdparty.io.netty.util.concurrent.SingleThreadEventExecutor$5.run(SingleThreadEventExecutor.java:897)
	at org.apache.ratis.thirdparty.io.netty.util.concurrent.FastThreadLocalRunnable.run(FastThreadLocalRunnable.java:30)
	... 1 more
Caused by: java.net.ConnectException: Connection refused
	... 11 more
2019-10-18 07:24:10,253 [12ad0800-05cb-443c-9fdd-fa1debf04523@group-BCB82A5C07F5-LeaderElection1220] INFO  impl.RaftServerImpl (RaftServerImpl.java:setRole(184)) - 12ad0800-05cb-443c-9fdd-fa1debf04523@group-BCB82A5C07F5: changes role from CANDIDATE to FOLLOWER at term 166 for DISCOVERED_A_NEW_TERM
2019-10-18 07:24:10,253 [12ad0800-05cb-443c-9fdd-fa1debf04523@group-BCB82A5C07F5-LeaderElection1220] INFO  impl.RoleInfo (RoleInfo.java:shutdownLeaderElection(134)) - 12ad0800-05cb-443c-9fdd-fa1debf04523: shutdown LeaderElection
2019-10-18 07:24:10,253 [12ad0800-05cb-443c-9fdd-fa1debf04523@group-BCB82A5C07F5-LeaderElection1220] INFO  impl.RoleInfo (RoleInfo.java:updateAndGet(143)) - 12ad0800-05cb-443c-9fdd-fa1debf04523: start FollowerState
2019-10-18 07:24:10,256 [6633f50a-7046-4b08-9937-8e25f1b14b15@group-0C9C3B2D0CC1-LeaderElection1221] INFO  impl.LeaderElection (LogUtils.java:infoOrTrace(149)) - 6633f50a-7046-4b08-9937-8e25f1b14b15@group-0C9C3B2D0CC1-LeaderElection1221 got exception when requesting votes: {}
java.util.concurrent.ExecutionException: org.apache.ratis.thirdparty.io.grpc.StatusRuntimeException: UNAVAILABLE: io exception
	at java.util.concurrent.FutureTask.report(FutureTask.java:122)
	at java.util.concurrent.FutureTask.get(FutureTask.java:192)
	at org.apache.ratis.server.impl.LeaderElection.waitForResults(LeaderElection.java:259)
	at org.apache.ratis.server.impl.LeaderElection.askForVotes(LeaderElection.java:197)
	at org.apache.ratis.server.impl.LeaderElection.run(LeaderElection.java:133)
	at java.lang.Thread.run(Thread.java:748)
Caused by: org.apache.ratis.thirdparty.io.grpc.StatusRuntimeException: UNAVAILABLE: io exception
	at org.apache.ratis.thirdparty.io.grpc.stub.ClientCalls.toStatusRuntimeException(ClientCalls.java:233)
	at org.apache.ratis.thirdparty.io.grpc.stub.ClientCalls.getUnchecked(ClientCalls.java:214)
	at org.apache.ratis.thirdparty.io.grpc.stub.ClientCalls.blockingUnaryCall(ClientCalls.java:139)
	at org.apache.ratis.proto.grpc.RaftServerProtocolServiceGrpc$RaftServerProtocolServiceBlockingStub.requestVote(RaftServerProtocolServiceGrpc.java:265)
	at org.apache.ratis.grpc.server.GrpcServerProtocolClient.requestVote(GrpcServerProtocolClient.java:99)
	at org.apache.ratis.grpc.server.GrpcService.requestVote(GrpcService.java:204)
	at org.apache.ratis.server.impl.LeaderElection.lambda$submitRequests$1(LeaderElection.java:234)
	at java.util.concurrent.FutureTask.run(FutureTask.java:266)
	at java.util.concurrent.Executors$RunnableAdapter.call(Executors.java:511)
	at java.util.concurrent.FutureTask.run(FutureTask.java:266)
	at java.util.concurrent.ThreadPoolExecutor.runWorker(ThreadPoolExecutor.java:1149)
	at java.util.concurrent.ThreadPoolExecutor$Worker.run(ThreadPoolExecutor.java:624)
	... 1 more
Caused by: org.apache.ratis.thirdparty.io.netty.channel.AbstractChannel$AnnotatedConnectException: Connection refused: /192.168.34.25:41624
	at sun.nio.ch.SocketChannelImpl.checkConnect(Native Method)
	at sun.nio.ch.SocketChannelImpl.finishConnect(SocketChannelImpl.java:717)
	at org.apache.ratis.thirdparty.io.netty.channel.socket.nio.NioSocketChannel.doFinishConnect(NioSocketChannel.java:327)
	at org.apache.ratis.thirdparty.io.netty.channel.nio.AbstractNioChannel$AbstractNioUnsafe.finishConnect(AbstractNioChannel.java:340)
	at org.apache.ratis.thirdparty.io.netty.channel.nio.NioEventLoop.processSelectedKey(NioEventLoop.java:632)
	at org.apache.ratis.thirdparty.io.netty.channel.nio.NioEventLoop.processSelectedKeysOptimized(NioEventLoop.java:579)
	at org.apache.ratis.thirdparty.io.netty.channel.nio.NioEventLoop.processSelectedKeys(NioEventLoop.java:496)
	at org.apache.ratis.thirdparty.io.netty.channel.nio.NioEventLoop.run(NioEventLoop.java:458)
	at org.apache.ratis.thirdparty.io.netty.util.concurrent.SingleThreadEventExecutor$5.run(SingleThreadEventExecutor.java:897)
	at org.apache.ratis.thirdparty.io.netty.util.concurrent.FastThreadLocalRunnable.run(FastThreadLocalRunnable.java:30)
	... 1 more
Caused by: java.net.ConnectException: Connection refused
	... 11 more
2019-10-18 07:24:10,256 [67270882-100a-4e75-928d-618d17e069c8@group-0C9C3B2D0CC1-LeaderElection1222] INFO  impl.LeaderElection (LogUtils.java:infoOrTrace(149)) - 67270882-100a-4e75-928d-618d17e069c8@group-0C9C3B2D0CC1-LeaderElection1222 got exception when requesting votes: {}
java.util.concurrent.ExecutionException: org.apache.ratis.thirdparty.io.grpc.StatusRuntimeException: UNAVAILABLE: io exception
	at java.util.concurrent.FutureTask.report(FutureTask.java:122)
	at java.util.concurrent.FutureTask.get(FutureTask.java:192)
	at org.apache.ratis.server.impl.LeaderElection.waitForResults(LeaderElection.java:259)
	at org.apache.ratis.server.impl.LeaderElection.askForVotes(LeaderElection.java:197)
	at org.apache.ratis.server.impl.LeaderElection.run(LeaderElection.java:133)
	at java.lang.Thread.run(Thread.java:748)
Caused by: org.apache.ratis.thirdparty.io.grpc.StatusRuntimeException: UNAVAILABLE: io exception
	at org.apache.ratis.thirdparty.io.grpc.stub.ClientCalls.toStatusRuntimeException(ClientCalls.java:233)
	at org.apache.ratis.thirdparty.io.grpc.stub.ClientCalls.getUnchecked(ClientCalls.java:214)
	at org.apache.ratis.thirdparty.io.grpc.stub.ClientCalls.blockingUnaryCall(ClientCalls.java:139)
	at org.apache.ratis.proto.grpc.RaftServerProtocolServiceGrpc$RaftServerProtocolServiceBlockingStub.requestVote(RaftServerProtocolServiceGrpc.java:265)
	at org.apache.ratis.grpc.server.GrpcServerProtocolClient.requestVote(GrpcServerProtocolClient.java:99)
	at org.apache.ratis.grpc.server.GrpcService.requestVote(GrpcService.java:204)
	at org.apache.ratis.server.impl.LeaderElection.lambda$submitRequests$1(LeaderElection.java:234)
	at java.util.concurrent.FutureTask.run(FutureTask.java:266)
	at java.util.concurrent.Executors$RunnableAdapter.call(Executors.java:511)
	at java.util.concurrent.FutureTask.run(FutureTask.java:266)
	at java.util.concurrent.ThreadPoolExecutor.runWorker(ThreadPoolExecutor.java:1149)
	at java.util.concurrent.ThreadPoolExecutor$Worker.run(ThreadPoolExecutor.java:624)
	... 1 more
Caused by: org.apache.ratis.thirdparty.io.netty.channel.AbstractChannel$AnnotatedConnectException: Connection refused: /192.168.34.25:41624
	at sun.nio.ch.SocketChannelImpl.checkConnect(Native Method)
	at sun.nio.ch.SocketChannelImpl.finishConnect(SocketChannelImpl.java:717)
	at org.apache.ratis.thirdparty.io.netty.channel.socket.nio.NioSocketChannel.doFinishConnect(NioSocketChannel.java:327)
	at org.apache.ratis.thirdparty.io.netty.channel.nio.AbstractNioChannel$AbstractNioUnsafe.finishConnect(AbstractNioChannel.java:340)
	at org.apache.ratis.thirdparty.io.netty.channel.nio.NioEventLoop.processSelectedKey(NioEventLoop.java:632)
	at org.apache.ratis.thirdparty.io.netty.channel.nio.NioEventLoop.processSelectedKeysOptimized(NioEventLoop.java:579)
	at org.apache.ratis.thirdparty.io.netty.channel.nio.NioEventLoop.processSelectedKeys(NioEventLoop.java:496)
	at org.apache.ratis.thirdparty.io.netty.channel.nio.NioEventLoop.run(NioEventLoop.java:458)
	at org.apache.ratis.thirdparty.io.netty.util.concurrent.SingleThreadEventExecutor$5.run(SingleThreadEventExecutor.java:897)
	at org.apache.ratis.thirdparty.io.netty.util.concurrent.FastThreadLocalRunnable.run(FastThreadLocalRunnable.java:30)
	... 1 more
Caused by: java.net.ConnectException: Connection refused
	... 11 more
2019-10-18 07:24:10,257 [67270882-100a-4e75-928d-618d17e069c8@group-0C9C3B2D0CC1-LeaderElection1222] INFO  impl.LeaderElection (LeaderElection.java:logAndReturn(56)) - 67270882-100a-4e75-928d-618d17e069c8@group-0C9C3B2D0CC1-LeaderElection1222: Election REJECTED; received 1 response(s) [67270882-100a-4e75-928d-618d17e069c8<-6633f50a-7046-4b08-9937-8e25f1b14b15#0:FAIL-t149] and 1 exception(s); 67270882-100a-4e75-928d-618d17e069c8@group-0C9C3B2D0CC1:t149, leader=null, voted=67270882-100a-4e75-928d-618d17e069c8, raftlog=67270882-100a-4e75-928d-618d17e069c8@group-0C9C3B2D0CC1-SegmentedRaftLog:OPENED:c0,f0,i0, conf=0: [6633f50a-7046-4b08-9937-8e25f1b14b15:192.168.34.25:39338, 67270882-100a-4e75-928d-618d17e069c8:192.168.34.25:36648, 4dea926d-4bc6-487a-9b9b-9fd457d0fae4:192.168.34.25:41624], old=null
2019-10-18 07:24:10,257 [6633f50a-7046-4b08-9937-8e25f1b14b15@group-0C9C3B2D0CC1-LeaderElection1221] INFO  impl.LeaderElection (LeaderElection.java:logAndReturn(56)) - 6633f50a-7046-4b08-9937-8e25f1b14b15@group-0C9C3B2D0CC1-LeaderElection1221: Election REJECTED; received 1 response(s) [6633f50a-7046-4b08-9937-8e25f1b14b15<-67270882-100a-4e75-928d-618d17e069c8#0:FAIL-t149] and 1 exception(s); 6633f50a-7046-4b08-9937-8e25f1b14b15@group-0C9C3B2D0CC1:t149, leader=null, voted=6633f50a-7046-4b08-9937-8e25f1b14b15, raftlog=6633f50a-7046-4b08-9937-8e25f1b14b15@group-0C9C3B2D0CC1-SegmentedRaftLog:OPENED:c-1,f0,i0, conf=0: [6633f50a-7046-4b08-9937-8e25f1b14b15:192.168.34.25:39338, 67270882-100a-4e75-928d-618d17e069c8:192.168.34.25:36648, 4dea926d-4bc6-487a-9b9b-9fd457d0fae4:192.168.34.25:41624], old=null
2019-10-18 07:24:10,258 [6633f50a-7046-4b08-9937-8e25f1b14b15@group-0C9C3B2D0CC1-LeaderElection1221] INFO  impl.LeaderElection (LogUtils.java:infoOrTrace(149)) -   Exception 0: {}
java.util.concurrent.ExecutionException: org.apache.ratis.thirdparty.io.grpc.StatusRuntimeException: UNAVAILABLE: io exception
	at java.util.concurrent.FutureTask.report(FutureTask.java:122)
	at java.util.concurrent.FutureTask.get(FutureTask.java:192)
	at org.apache.ratis.server.impl.LeaderElection.waitForResults(LeaderElection.java:259)
	at org.apache.ratis.server.impl.LeaderElection.askForVotes(LeaderElection.java:197)
	at org.apache.ratis.server.impl.LeaderElection.run(LeaderElection.java:133)
	at java.lang.Thread.run(Thread.java:748)
Caused by: org.apache.ratis.thirdparty.io.grpc.StatusRuntimeException: UNAVAILABLE: io exception
	at org.apache.ratis.thirdparty.io.grpc.stub.ClientCalls.toStatusRuntimeException(ClientCalls.java:233)
	at org.apache.ratis.thirdparty.io.grpc.stub.ClientCalls.getUnchecked(ClientCalls.java:214)
	at org.apache.ratis.thirdparty.io.grpc.stub.ClientCalls.blockingUnaryCall(ClientCalls.java:139)
	at org.apache.ratis.proto.grpc.RaftServerProtocolServiceGrpc$RaftServerProtocolServiceBlockingStub.requestVote(RaftServerProtocolServiceGrpc.java:265)
	at org.apache.ratis.grpc.server.GrpcServerProtocolClient.requestVote(GrpcServerProtocolClient.java:99)
	at org.apache.ratis.grpc.server.GrpcService.requestVote(GrpcService.java:204)
	at org.apache.ratis.server.impl.LeaderElection.lambda$submitRequests$1(LeaderElection.java:234)
	at java.util.concurrent.FutureTask.run(FutureTask.java:266)
	at java.util.concurrent.Executors$RunnableAdapter.call(Executors.java:511)
	at java.util.concurrent.FutureTask.run(FutureTask.java:266)
	at java.util.concurrent.ThreadPoolExecutor.runWorker(ThreadPoolExecutor.java:1149)
	at java.util.concurrent.ThreadPoolExecutor$Worker.run(ThreadPoolExecutor.java:624)
	... 1 more
Caused by: org.apache.ratis.thirdparty.io.netty.channel.AbstractChannel$AnnotatedConnectException: Connection refused: /192.168.34.25:41624
	at sun.nio.ch.SocketChannelImpl.checkConnect(Native Method)
	at sun.nio.ch.SocketChannelImpl.finishConnect(SocketChannelImpl.java:717)
	at org.apache.ratis.thirdparty.io.netty.channel.socket.nio.NioSocketChannel.doFinishConnect(NioSocketChannel.java:327)
	at org.apache.ratis.thirdparty.io.netty.channel.nio.AbstractNioChannel$AbstractNioUnsafe.finishConnect(AbstractNioChannel.java:340)
	at org.apache.ratis.thirdparty.io.netty.channel.nio.NioEventLoop.processSelectedKey(NioEventLoop.java:632)
	at org.apache.ratis.thirdparty.io.netty.channel.nio.NioEventLoop.processSelectedKeysOptimized(NioEventLoop.java:579)
	at org.apache.ratis.thirdparty.io.netty.channel.nio.NioEventLoop.processSelectedKeys(NioEventLoop.java:496)
	at org.apache.ratis.thirdparty.io.netty.channel.nio.NioEventLoop.run(NioEventLoop.java:458)
	at org.apache.ratis.thirdparty.io.netty.util.concurrent.SingleThreadEventExecutor$5.run(SingleThreadEventExecutor.java:897)
	at org.apache.ratis.thirdparty.io.netty.util.concurrent.FastThreadLocalRunnable.run(FastThreadLocalRunnable.java:30)
	... 1 more
Caused by: java.net.ConnectException: Connection refused
	... 11 more
2019-10-18 07:24:10,257 [67270882-100a-4e75-928d-618d17e069c8@group-0C9C3B2D0CC1-LeaderElection1222] INFO  impl.LeaderElection (LogUtils.java:infoOrTrace(149)) -   Exception 0: {}
java.util.concurrent.ExecutionException: org.apache.ratis.thirdparty.io.grpc.StatusRuntimeException: UNAVAILABLE: io exception
	at java.util.concurrent.FutureTask.report(FutureTask.java:122)
	at java.util.concurrent.FutureTask.get(FutureTask.java:192)
	at org.apache.ratis.server.impl.LeaderElection.waitForResults(LeaderElection.java:259)
	at org.apache.ratis.server.impl.LeaderElection.askForVotes(LeaderElection.java:197)
	at org.apache.ratis.server.impl.LeaderElection.run(LeaderElection.java:133)
	at java.lang.Thread.run(Thread.java:748)
Caused by: org.apache.ratis.thirdparty.io.grpc.StatusRuntimeException: UNAVAILABLE: io exception
	at org.apache.ratis.thirdparty.io.grpc.stub.ClientCalls.toStatusRuntimeException(ClientCalls.java:233)
	at org.apache.ratis.thirdparty.io.grpc.stub.ClientCalls.getUnchecked(ClientCalls.java:214)
	at org.apache.ratis.thirdparty.io.grpc.stub.ClientCalls.blockingUnaryCall(ClientCalls.java:139)
	at org.apache.ratis.proto.grpc.RaftServerProtocolServiceGrpc$RaftServerProtocolServiceBlockingStub.requestVote(RaftServerProtocolServiceGrpc.java:265)
	at org.apache.ratis.grpc.server.GrpcServerProtocolClient.requestVote(GrpcServerProtocolClient.java:99)
	at org.apache.ratis.grpc.server.GrpcService.requestVote(GrpcService.java:204)
	at org.apache.ratis.server.impl.LeaderElection.lambda$submitRequests$1(LeaderElection.java:234)
	at java.util.concurrent.FutureTask.run(FutureTask.java:266)
	at java.util.concurrent.Executors$RunnableAdapter.call(Executors.java:511)
	at java.util.concurrent.FutureTask.run(FutureTask.java:266)
	at java.util.concurrent.ThreadPoolExecutor.runWorker(ThreadPoolExecutor.java:1149)
	at java.util.concurrent.ThreadPoolExecutor$Worker.run(ThreadPoolExecutor.java:624)
	... 1 more
Caused by: org.apache.ratis.thirdparty.io.netty.channel.AbstractChannel$AnnotatedConnectException: Connection refused: /192.168.34.25:41624
	at sun.nio.ch.SocketChannelImpl.checkConnect(Native Method)
	at sun.nio.ch.SocketChannelImpl.finishConnect(SocketChannelImpl.java:717)
	at org.apache.ratis.thirdparty.io.netty.channel.socket.nio.NioSocketChannel.doFinishConnect(NioSocketChannel.java:327)
	at org.apache.ratis.thirdparty.io.netty.channel.nio.AbstractNioChannel$AbstractNioUnsafe.finishConnect(AbstractNioChannel.java:340)
	at org.apache.ratis.thirdparty.io.netty.channel.nio.NioEventLoop.processSelectedKey(NioEventLoop.java:632)
	at org.apache.ratis.thirdparty.io.netty.channel.nio.NioEventLoop.processSelectedKeysOptimized(NioEventLoop.java:579)
	at org.apache.ratis.thirdparty.io.netty.channel.nio.NioEventLoop.processSelectedKeys(NioEventLoop.java:496)
	at org.apache.ratis.thirdparty.io.netty.channel.nio.NioEventLoop.run(NioEventLoop.java:458)
	at org.apache.ratis.thirdparty.io.netty.util.concurrent.SingleThreadEventExecutor$5.run(SingleThreadEventExecutor.java:897)
	at org.apache.ratis.thirdparty.io.netty.util.concurrent.FastThreadLocalRunnable.run(FastThreadLocalRunnable.java:30)
	... 1 more
Caused by: java.net.ConnectException: Connection refused
	... 11 more
2019-10-18 07:24:10,258 [6633f50a-7046-4b08-9937-8e25f1b14b15@group-0C9C3B2D0CC1-LeaderElection1221] INFO  impl.RaftServerImpl (RaftServerImpl.java:setRole(184)) - 6633f50a-7046-4b08-9937-8e25f1b14b15@group-0C9C3B2D0CC1: changes role from CANDIDATE to FOLLOWER at term 149 for DISCOVERED_A_NEW_TERM
2019-10-18 07:24:10,258 [6633f50a-7046-4b08-9937-8e25f1b14b15@group-0C9C3B2D0CC1-LeaderElection1221] INFO  impl.RoleInfo (RoleInfo.java:shutdownLeaderElection(134)) - 6633f50a-7046-4b08-9937-8e25f1b14b15: shutdown LeaderElection
2019-10-18 07:24:10,258 [67270882-100a-4e75-928d-618d17e069c8@group-0C9C3B2D0CC1-LeaderElection1222] INFO  impl.RaftServerImpl (RaftServerImpl.java:setRole(184)) - 67270882-100a-4e75-928d-618d17e069c8@group-0C9C3B2D0CC1: changes role from CANDIDATE to FOLLOWER at term 149 for DISCOVERED_A_NEW_TERM
2019-10-18 07:24:10,258 [6633f50a-7046-4b08-9937-8e25f1b14b15@group-0C9C3B2D0CC1-LeaderElection1221] INFO  impl.RoleInfo (RoleInfo.java:updateAndGet(143)) - 6633f50a-7046-4b08-9937-8e25f1b14b15: start FollowerState
2019-10-18 07:24:10,259 [67270882-100a-4e75-928d-618d17e069c8@group-0C9C3B2D0CC1-LeaderElection1222] INFO  impl.RoleInfo (RoleInfo.java:shutdownLeaderElection(134)) - 67270882-100a-4e75-928d-618d17e069c8: shutdown LeaderElection
2019-10-18 07:24:10,259 [67270882-100a-4e75-928d-618d17e069c8@group-0C9C3B2D0CC1-LeaderElection1222] INFO  impl.RoleInfo (RoleInfo.java:updateAndGet(143)) - 67270882-100a-4e75-928d-618d17e069c8: start FollowerState
2019-10-18 07:24:10,311 [Thread-10670] INFO  impl.FollowerState (FollowerState.java:run(108)) - 12ad0800-05cb-443c-9fdd-fa1debf04523@group-BCB82A5C07F5-FollowerState: change to CANDIDATE, lastRpcTime:57ms, electionTimeout:57ms
2019-10-18 07:24:10,311 [Thread-10670] INFO  impl.RoleInfo (RoleInfo.java:shutdownFollowerState(121)) - 12ad0800-05cb-443c-9fdd-fa1debf04523: shutdown FollowerState
2019-10-18 07:24:10,311 [Thread-10670] INFO  impl.RaftServerImpl (RaftServerImpl.java:setRole(184)) - 12ad0800-05cb-443c-9fdd-fa1debf04523@group-BCB82A5C07F5: changes role from  FOLLOWER to CANDIDATE at term 166 for changeToCandidate
2019-10-18 07:24:10,311 [Thread-10670] INFO  impl.RoleInfo (RoleInfo.java:updateAndGet(143)) - 12ad0800-05cb-443c-9fdd-fa1debf04523: start LeaderElection
2019-10-18 07:24:10,333 [12ad0800-05cb-443c-9fdd-fa1debf04523@group-BCB82A5C07F5-LeaderElection1223] INFO  impl.LeaderElection (LeaderElection.java:askForVotes(178)) - 12ad0800-05cb-443c-9fdd-fa1debf04523@group-BCB82A5C07F5-LeaderElection1223: begin an election at term 167 for -1: [12ad0800-05cb-443c-9fdd-fa1debf04523:192.168.34.25:41155, 5170c5f3-8499-4b42-9321-85fc8a351f79:192.168.34.25:43074, 0b10a9fc-47eb-4a2b-b664-8273d9d17379:192.168.34.25:45248], old=null
2019-10-18 07:24:10,334 [12ad0800-05cb-443c-9fdd-fa1debf04523@group-BCB82A5C07F5-LeaderElection1223] INFO  impl.LeaderElection (LogUtils.java:infoOrTrace(149)) - 12ad0800-05cb-443c-9fdd-fa1debf04523@group-BCB82A5C07F5-LeaderElection1223 got exception when requesting votes: {}
java.util.concurrent.ExecutionException: org.apache.ratis.thirdparty.io.grpc.StatusRuntimeException: UNAVAILABLE: io exception
	at java.util.concurrent.FutureTask.report(FutureTask.java:122)
	at java.util.concurrent.FutureTask.get(FutureTask.java:192)
	at org.apache.ratis.server.impl.LeaderElection.waitForResults(LeaderElection.java:259)
	at org.apache.ratis.server.impl.LeaderElection.askForVotes(LeaderElection.java:197)
	at org.apache.ratis.server.impl.LeaderElection.run(LeaderElection.java:133)
	at java.lang.Thread.run(Thread.java:748)
Caused by: org.apache.ratis.thirdparty.io.grpc.StatusRuntimeException: UNAVAILABLE: io exception
	at org.apache.ratis.thirdparty.io.grpc.stub.ClientCalls.toStatusRuntimeException(ClientCalls.java:233)
	at org.apache.ratis.thirdparty.io.grpc.stub.ClientCalls.getUnchecked(ClientCalls.java:214)
	at org.apache.ratis.thirdparty.io.grpc.stub.ClientCalls.blockingUnaryCall(ClientCalls.java:139)
	at org.apache.ratis.proto.grpc.RaftServerProtocolServiceGrpc$RaftServerProtocolServiceBlockingStub.requestVote(RaftServerProtocolServiceGrpc.java:265)
	at org.apache.ratis.grpc.server.GrpcServerProtocolClient.requestVote(GrpcServerProtocolClient.java:99)
	at org.apache.ratis.grpc.server.GrpcService.requestVote(GrpcService.java:204)
	at org.apache.ratis.server.impl.LeaderElection.lambda$submitRequests$1(LeaderElection.java:234)
	at java.util.concurrent.FutureTask.run(FutureTask.java:266)
	at java.util.concurrent.Executors$RunnableAdapter.call(Executors.java:511)
	at java.util.concurrent.FutureTask.run(FutureTask.java:266)
	at java.util.concurrent.ThreadPoolExecutor.runWorker(ThreadPoolExecutor.java:1149)
	at java.util.concurrent.ThreadPoolExecutor$Worker.run(ThreadPoolExecutor.java:624)
	... 1 more
Caused by: org.apache.ratis.thirdparty.io.netty.channel.AbstractChannel$AnnotatedConnectException: Connection refused: /192.168.34.25:45248
	at sun.nio.ch.SocketChannelImpl.checkConnect(Native Method)
	at sun.nio.ch.SocketChannelImpl.finishConnect(SocketChannelImpl.java:717)
	at org.apache.ratis.thirdparty.io.netty.channel.socket.nio.NioSocketChannel.doFinishConnect(NioSocketChannel.java:327)
	at org.apache.ratis.thirdparty.io.netty.channel.nio.AbstractNioChannel$AbstractNioUnsafe.finishConnect(AbstractNioChannel.java:340)
	at org.apache.ratis.thirdparty.io.netty.channel.nio.NioEventLoop.processSelectedKey(NioEventLoop.java:632)
	at org.apache.ratis.thirdparty.io.netty.channel.nio.NioEventLoop.processSelectedKeysOptimized(NioEventLoop.java:579)
	at org.apache.ratis.thirdparty.io.netty.channel.nio.NioEventLoop.processSelectedKeys(NioEventLoop.java:496)
	at org.apache.ratis.thirdparty.io.netty.channel.nio.NioEventLoop.run(NioEventLoop.java:458)
	at org.apache.ratis.thirdparty.io.netty.util.concurrent.SingleThreadEventExecutor$5.run(SingleThreadEventExecutor.java:897)
	at org.apache.ratis.thirdparty.io.netty.util.concurrent.FastThreadLocalRunnable.run(FastThreadLocalRunnable.java:30)
	... 1 more
Caused by: java.net.ConnectException: Connection refused
	... 11 more
2019-10-18 07:24:10,334 [grpc-default-executor-14] INFO  impl.RaftServerImpl (RaftServerImpl.java:setRole(184)) - 5170c5f3-8499-4b42-9321-85fc8a351f79@group-BCB82A5C07F5: changes role from  FOLLOWER to FOLLOWER at term 167 for recognizeCandidate:12ad0800-05cb-443c-9fdd-fa1debf04523
2019-10-18 07:24:10,335 [grpc-default-executor-14] INFO  impl.RoleInfo (RoleInfo.java:shutdownFollowerState(121)) - 5170c5f3-8499-4b42-9321-85fc8a351f79: shutdown FollowerState
2019-10-18 07:24:10,335 [grpc-default-executor-14] INFO  impl.RoleInfo (RoleInfo.java:updateAndGet(143)) - 5170c5f3-8499-4b42-9321-85fc8a351f79: start FollowerState
2019-10-18 07:24:10,335 [Thread-10664] INFO  impl.FollowerState (FollowerState.java:run(117)) - 5170c5f3-8499-4b42-9321-85fc8a351f79@group-BCB82A5C07F5-FollowerState was interrupted: java.lang.InterruptedException: sleep interrupted
2019-10-18 07:24:10,347 [12ad0800-05cb-443c-9fdd-fa1debf04523@group-BCB82A5C07F5-LeaderElection1223] INFO  impl.LeaderElection (LeaderElection.java:logAndReturn(56)) - 12ad0800-05cb-443c-9fdd-fa1debf04523@group-BCB82A5C07F5-LeaderElection1223: Election TIMEOUT; received 0 response(s) [] and 1 exception(s); 12ad0800-05cb-443c-9fdd-fa1debf04523@group-BCB82A5C07F5:t167, leader=null, voted=12ad0800-05cb-443c-9fdd-fa1debf04523, raftlog=12ad0800-05cb-443c-9fdd-fa1debf04523@group-BCB82A5C07F5-SegmentedRaftLog:OPENED:c-1,f-1,i0, conf=-1: [12ad0800-05cb-443c-9fdd-fa1debf04523:192.168.34.25:41155, 5170c5f3-8499-4b42-9321-85fc8a351f79:192.168.34.25:43074, 0b10a9fc-47eb-4a2b-b664-8273d9d17379:192.168.34.25:45248], old=null
2019-10-18 07:24:10,347 [12ad0800-05cb-443c-9fdd-fa1debf04523@group-BCB82A5C07F5-LeaderElection1223] INFO  impl.LeaderElection (LogUtils.java:infoOrTrace(149)) -   Exception 0: {}
java.util.concurrent.ExecutionException: org.apache.ratis.thirdparty.io.grpc.StatusRuntimeException: UNAVAILABLE: io exception
	at java.util.concurrent.FutureTask.report(FutureTask.java:122)
	at java.util.concurrent.FutureTask.get(FutureTask.java:192)
	at org.apache.ratis.server.impl.LeaderElection.waitForResults(LeaderElection.java:259)
	at org.apache.ratis.server.impl.LeaderElection.askForVotes(LeaderElection.java:197)
	at org.apache.ratis.server.impl.LeaderElection.run(LeaderElection.java:133)
	at java.lang.Thread.run(Thread.java:748)
Caused by: org.apache.ratis.thirdparty.io.grpc.StatusRuntimeException: UNAVAILABLE: io exception
	at org.apache.ratis.thirdparty.io.grpc.stub.ClientCalls.toStatusRuntimeException(ClientCalls.java:233)
	at org.apache.ratis.thirdparty.io.grpc.stub.ClientCalls.getUnchecked(ClientCalls.java:214)
	at org.apache.ratis.thirdparty.io.grpc.stub.ClientCalls.blockingUnaryCall(ClientCalls.java:139)
	at org.apache.ratis.proto.grpc.RaftServerProtocolServiceGrpc$RaftServerProtocolServiceBlockingStub.requestVote(RaftServerProtocolServiceGrpc.java:265)
	at org.apache.ratis.grpc.server.GrpcServerProtocolClient.requestVote(GrpcServerProtocolClient.java:99)
	at org.apache.ratis.grpc.server.GrpcService.requestVote(GrpcService.java:204)
	at org.apache.ratis.server.impl.LeaderElection.lambda$submitRequests$1(LeaderElection.java:234)
	at java.util.concurrent.FutureTask.run(FutureTask.java:266)
	at java.util.concurrent.Executors$RunnableAdapter.call(Executors.java:511)
	at java.util.concurrent.FutureTask.run(FutureTask.java:266)
	at java.util.concurrent.ThreadPoolExecutor.runWorker(ThreadPoolExecutor.java:1149)
	at java.util.concurrent.ThreadPoolExecutor$Worker.run(ThreadPoolExecutor.java:624)
	... 1 more
Caused by: org.apache.ratis.thirdparty.io.netty.channel.AbstractChannel$AnnotatedConnectException: Connection refused: /192.168.34.25:45248
	at sun.nio.ch.SocketChannelImpl.checkConnect(Native Method)
	at sun.nio.ch.SocketChannelImpl.finishConnect(SocketChannelImpl.java:717)
	at org.apache.ratis.thirdparty.io.netty.channel.socket.nio.NioSocketChannel.doFinishConnect(NioSocketChannel.java:327)
	at org.apache.ratis.thirdparty.io.netty.channel.nio.AbstractNioChannel$AbstractNioUnsafe.finishConnect(AbstractNioChannel.java:340)
	at org.apache.ratis.thirdparty.io.netty.channel.nio.NioEventLoop.processSelectedKey(NioEventLoop.java:632)
	at org.apache.ratis.thirdparty.io.netty.channel.nio.NioEventLoop.processSelectedKeysOptimized(NioEventLoop.java:579)
	at org.apache.ratis.thirdparty.io.netty.channel.nio.NioEventLoop.processSelectedKeys(NioEventLoop.java:496)
	at org.apache.ratis.thirdparty.io.netty.channel.nio.NioEventLoop.run(NioEventLoop.java:458)
	at org.apache.ratis.thirdparty.io.netty.util.concurrent.SingleThreadEventExecutor$5.run(SingleThreadEventExecutor.java:897)
	at org.apache.ratis.thirdparty.io.netty.util.concurrent.FastThreadLocalRunnable.run(FastThreadLocalRunnable.java:30)
	... 1 more
Caused by: java.net.ConnectException: Connection refused
	... 11 more
2019-10-18 07:24:10,372 [12ad0800-05cb-443c-9fdd-fa1debf04523@group-BCB82A5C07F5-LeaderElection1223] INFO  impl.LeaderElection (LeaderElection.java:askForVotes(178)) - 12ad0800-05cb-443c-9fdd-fa1debf04523@group-BCB82A5C07F5-LeaderElection1223: begin an election at term 168 for -1: [12ad0800-05cb-443c-9fdd-fa1debf04523:192.168.34.25:41155, 5170c5f3-8499-4b42-9321-85fc8a351f79:192.168.34.25:43074, 0b10a9fc-47eb-4a2b-b664-8273d9d17379:192.168.34.25:45248], old=null
2019-10-18 07:24:10,373 [12ad0800-05cb-443c-9fdd-fa1debf04523@group-BCB82A5C07F5-LeaderElection1223] INFO  impl.LeaderElection (LogUtils.java:infoOrTrace(149)) - 12ad0800-05cb-443c-9fdd-fa1debf04523@group-BCB82A5C07F5-LeaderElection1223 got exception when requesting votes: {}
java.util.concurrent.ExecutionException: org.apache.ratis.thirdparty.io.grpc.StatusRuntimeException: UNAVAILABLE: io exception
	at java.util.concurrent.FutureTask.report(FutureTask.java:122)
	at java.util.concurrent.FutureTask.get(FutureTask.java:192)
	at org.apache.ratis.server.impl.LeaderElection.waitForResults(LeaderElection.java:259)
	at org.apache.ratis.server.impl.LeaderElection.askForVotes(LeaderElection.java:197)
	at org.apache.ratis.server.impl.LeaderElection.run(LeaderElection.java:133)
	at java.lang.Thread.run(Thread.java:748)
Caused by: org.apache.ratis.thirdparty.io.grpc.StatusRuntimeException: UNAVAILABLE: io exception
	at org.apache.ratis.thirdparty.io.grpc.stub.ClientCalls.toStatusRuntimeException(ClientCalls.java:233)
	at org.apache.ratis.thirdparty.io.grpc.stub.ClientCalls.getUnchecked(ClientCalls.java:214)
	at org.apache.ratis.thirdparty.io.grpc.stub.ClientCalls.blockingUnaryCall(ClientCalls.java:139)
	at org.apache.ratis.proto.grpc.RaftServerProtocolServiceGrpc$RaftServerProtocolServiceBlockingStub.requestVote(RaftServerProtocolServiceGrpc.java:265)
	at org.apache.ratis.grpc.server.GrpcServerProtocolClient.requestVote(GrpcServerProtocolClient.java:99)
	at org.apache.ratis.grpc.server.GrpcService.requestVote(GrpcService.java:204)
	at org.apache.ratis.server.impl.LeaderElection.lambda$submitRequests$1(LeaderElection.java:234)
	at java.util.concurrent.FutureTask.run(FutureTask.java:266)
	at java.util.concurrent.Executors$RunnableAdapter.call(Executors.java:511)
	at java.util.concurrent.FutureTask.run(FutureTask.java:266)
	at java.util.concurrent.ThreadPoolExecutor.runWorker(ThreadPoolExecutor.java:1149)
	at java.util.concurrent.ThreadPoolExecutor$Worker.run(ThreadPoolExecutor.java:624)
	... 1 more
Caused by: org.apache.ratis.thirdparty.io.netty.channel.AbstractChannel$AnnotatedConnectException: Connection refused: /192.168.34.25:45248
	at sun.nio.ch.SocketChannelImpl.checkConnect(Native Method)
	at sun.nio.ch.SocketChannelImpl.finishConnect(SocketChannelImpl.java:717)
	at org.apache.ratis.thirdparty.io.netty.channel.socket.nio.NioSocketChannel.doFinishConnect(NioSocketChannel.java:327)
	at org.apache.ratis.thirdparty.io.netty.channel.nio.AbstractNioChannel$AbstractNioUnsafe.finishConnect(AbstractNioChannel.java:340)
	at org.apache.ratis.thirdparty.io.netty.channel.nio.NioEventLoop.processSelectedKey(NioEventLoop.java:632)
	at org.apache.ratis.thirdparty.io.netty.channel.nio.NioEventLoop.processSelectedKeysOptimized(NioEventLoop.java:579)
	at org.apache.ratis.thirdparty.io.netty.channel.nio.NioEventLoop.processSelectedKeys(NioEventLoop.java:496)
	at org.apache.ratis.thirdparty.io.netty.channel.nio.NioEventLoop.run(NioEventLoop.java:458)
	at org.apache.ratis.thirdparty.io.netty.util.concurrent.SingleThreadEventExecutor$5.run(SingleThreadEventExecutor.java:897)
	at org.apache.ratis.thirdparty.io.netty.util.concurrent.FastThreadLocalRunnable.run(FastThreadLocalRunnable.java:30)
	... 1 more
Caused by: java.net.ConnectException: Connection refused
	... 11 more
2019-10-18 07:24:10,373 [grpc-default-executor-14] INFO  impl.RaftServerImpl (RaftServerImpl.java:setRole(184)) - 5170c5f3-8499-4b42-9321-85fc8a351f79@group-BCB82A5C07F5: changes role from  FOLLOWER to FOLLOWER at term 168 for recognizeCandidate:12ad0800-05cb-443c-9fdd-fa1debf04523
2019-10-18 07:24:10,374 [grpc-default-executor-14] INFO  impl.RoleInfo (RoleInfo.java:shutdownFollowerState(121)) - 5170c5f3-8499-4b42-9321-85fc8a351f79: shutdown FollowerState
2019-10-18 07:24:10,374 [grpc-default-executor-14] INFO  impl.RoleInfo (RoleInfo.java:updateAndGet(143)) - 5170c5f3-8499-4b42-9321-85fc8a351f79: start FollowerState
2019-10-18 07:24:10,374 [Thread-10677] INFO  impl.FollowerState (FollowerState.java:run(117)) - 5170c5f3-8499-4b42-9321-85fc8a351f79@group-BCB82A5C07F5-FollowerState was interrupted: java.lang.InterruptedException: sleep interrupted
2019-10-18 07:24:10,395 [12ad0800-05cb-443c-9fdd-fa1debf04523@group-BCB82A5C07F5-LeaderElection1223] INFO  impl.LeaderElection (LeaderElection.java:logAndReturn(56)) - 12ad0800-05cb-443c-9fdd-fa1debf04523@group-BCB82A5C07F5-LeaderElection1223: Election REJECTED; received 1 response(s) [12ad0800-05cb-443c-9fdd-fa1debf04523<-5170c5f3-8499-4b42-9321-85fc8a351f79#0:FAIL-t168] and 1 exception(s); 12ad0800-05cb-443c-9fdd-fa1debf04523@group-BCB82A5C07F5:t168, leader=null, voted=12ad0800-05cb-443c-9fdd-fa1debf04523, raftlog=12ad0800-05cb-443c-9fdd-fa1debf04523@group-BCB82A5C07F5-SegmentedRaftLog:OPENED:c-1,f-1,i0, conf=-1: [12ad0800-05cb-443c-9fdd-fa1debf04523:192.168.34.25:41155, 5170c5f3-8499-4b42-9321-85fc8a351f79:192.168.34.25:43074, 0b10a9fc-47eb-4a2b-b664-8273d9d17379:192.168.34.25:45248], old=null
2019-10-18 07:24:10,395 [12ad0800-05cb-443c-9fdd-fa1debf04523@group-BCB82A5C07F5-LeaderElection1223] INFO  impl.LeaderElection (LogUtils.java:infoOrTrace(149)) -   Exception 0: {}
java.util.concurrent.ExecutionException: org.apache.ratis.thirdparty.io.grpc.StatusRuntimeException: UNAVAILABLE: io exception
	at java.util.concurrent.FutureTask.report(FutureTask.java:122)
	at java.util.concurrent.FutureTask.get(FutureTask.java:192)
	at org.apache.ratis.server.impl.LeaderElection.waitForResults(LeaderElection.java:259)
	at org.apache.ratis.server.impl.LeaderElection.askForVotes(LeaderElection.java:197)
	at org.apache.ratis.server.impl.LeaderElection.run(LeaderElection.java:133)
	at java.lang.Thread.run(Thread.java:748)
Caused by: org.apache.ratis.thirdparty.io.grpc.StatusRuntimeException: UNAVAILABLE: io exception
	at org.apache.ratis.thirdparty.io.grpc.stub.ClientCalls.toStatusRuntimeException(ClientCalls.java:233)
	at org.apache.ratis.thirdparty.io.grpc.stub.ClientCalls.getUnchecked(ClientCalls.java:214)
	at org.apache.ratis.thirdparty.io.grpc.stub.ClientCalls.blockingUnaryCall(ClientCalls.java:139)
	at org.apache.ratis.proto.grpc.RaftServerProtocolServiceGrpc$RaftServerProtocolServiceBlockingStub.requestVote(RaftServerProtocolServiceGrpc.java:265)
	at org.apache.ratis.grpc.server.GrpcServerProtocolClient.requestVote(GrpcServerProtocolClient.java:99)
	at org.apache.ratis.grpc.server.GrpcService.requestVote(GrpcService.java:204)
	at org.apache.ratis.server.impl.LeaderElection.lambda$submitRequests$1(LeaderElection.java:234)
	at java.util.concurrent.FutureTask.run(FutureTask.java:266)
	at java.util.concurrent.Executors$RunnableAdapter.call(Executors.java:511)
	at java.util.concurrent.FutureTask.run(FutureTask.java:266)
	at java.util.concurrent.ThreadPoolExecutor.runWorker(ThreadPoolExecutor.java:1149)
	at java.util.concurrent.ThreadPoolExecutor$Worker.run(ThreadPoolExecutor.java:624)
	... 1 more
Caused by: org.apache.ratis.thirdparty.io.netty.channel.AbstractChannel$AnnotatedConnectException: Connection refused: /192.168.34.25:45248
	at sun.nio.ch.SocketChannelImpl.checkConnect(Native Method)
	at sun.nio.ch.SocketChannelImpl.finishConnect(SocketChannelImpl.java:717)
	at org.apache.ratis.thirdparty.io.netty.channel.socket.nio.NioSocketChannel.doFinishConnect(NioSocketChannel.java:327)
	at org.apache.ratis.thirdparty.io.netty.channel.nio.AbstractNioChannel$AbstractNioUnsafe.finishConnect(AbstractNioChannel.java:340)
	at org.apache.ratis.thirdparty.io.netty.channel.nio.NioEventLoop.processSelectedKey(NioEventLoop.java:632)
	at org.apache.ratis.thirdparty.io.netty.channel.nio.NioEventLoop.processSelectedKeysOptimized(NioEventLoop.java:579)
	at org.apache.ratis.thirdparty.io.netty.channel.nio.NioEventLoop.processSelectedKeys(NioEventLoop.java:496)
	at org.apache.ratis.thirdparty.io.netty.channel.nio.NioEventLoop.run(NioEventLoop.java:458)
	at org.apache.ratis.thirdparty.io.netty.util.concurrent.SingleThreadEventExecutor$5.run(SingleThreadEventExecutor.java:897)
	at org.apache.ratis.thirdparty.io.netty.util.concurrent.FastThreadLocalRunnable.run(FastThreadLocalRunnable.java:30)
	... 1 more
Caused by: java.net.ConnectException: Connection refused
	... 11 more
2019-10-18 07:24:10,396 [12ad0800-05cb-443c-9fdd-fa1debf04523@group-BCB82A5C07F5-LeaderElection1223] INFO  impl.RaftServerImpl (RaftServerImpl.java:setRole(184)) - 12ad0800-05cb-443c-9fdd-fa1debf04523@group-BCB82A5C07F5: changes role from CANDIDATE to FOLLOWER at term 168 for DISCOVERED_A_NEW_TERM
2019-10-18 07:24:10,396 [12ad0800-05cb-443c-9fdd-fa1debf04523@group-BCB82A5C07F5-LeaderElection1223] INFO  impl.RoleInfo (RoleInfo.java:shutdownLeaderElection(134)) - 12ad0800-05cb-443c-9fdd-fa1debf04523: shutdown LeaderElection
2019-10-18 07:24:10,396 [12ad0800-05cb-443c-9fdd-fa1debf04523@group-BCB82A5C07F5-LeaderElection1223] INFO  impl.RoleInfo (RoleInfo.java:updateAndGet(143)) - 12ad0800-05cb-443c-9fdd-fa1debf04523: start FollowerState
2019-10-18 07:24:10,546 [Thread-10681] INFO  impl.FollowerState (FollowerState.java:run(108)) - 12ad0800-05cb-443c-9fdd-fa1debf04523@group-BCB82A5C07F5-FollowerState: change to CANDIDATE, lastRpcTime:150ms, electionTimeout:150ms
2019-10-18 07:24:10,547 [Thread-10681] INFO  impl.RoleInfo (RoleInfo.java:shutdownFollowerState(121)) - 12ad0800-05cb-443c-9fdd-fa1debf04523: shutdown FollowerState
2019-10-18 07:24:10,547 [Thread-10681] INFO  impl.RaftServerImpl (RaftServerImpl.java:setRole(184)) - 12ad0800-05cb-443c-9fdd-fa1debf04523@group-BCB82A5C07F5: changes role from  FOLLOWER to CANDIDATE at term 168 for changeToCandidate
2019-10-18 07:24:10,547 [Thread-10681] INFO  impl.RoleInfo (RoleInfo.java:updateAndGet(143)) - 12ad0800-05cb-443c-9fdd-fa1debf04523: start LeaderElection
2019-10-18 07:24:10,567 [12ad0800-05cb-443c-9fdd-fa1debf04523@group-BCB82A5C07F5-LeaderElection1224] INFO  impl.LeaderElection (LeaderElection.java:askForVotes(178)) - 12ad0800-05cb-443c-9fdd-fa1debf04523@group-BCB82A5C07F5-LeaderElection1224: begin an election at term 169 for -1: [12ad0800-05cb-443c-9fdd-fa1debf04523:192.168.34.25:41155, 5170c5f3-8499-4b42-9321-85fc8a351f79:192.168.34.25:43074, 0b10a9fc-47eb-4a2b-b664-8273d9d17379:192.168.34.25:45248], old=null
2019-10-18 07:24:10,568 [12ad0800-05cb-443c-9fdd-fa1debf04523@group-BCB82A5C07F5-LeaderElection1224] INFO  impl.LeaderElection (LogUtils.java:infoOrTrace(149)) - 12ad0800-05cb-443c-9fdd-fa1debf04523@group-BCB82A5C07F5-LeaderElection1224 got exception when requesting votes: {}
java.util.concurrent.ExecutionException: org.apache.ratis.thirdparty.io.grpc.StatusRuntimeException: UNAVAILABLE: io exception
	at java.util.concurrent.FutureTask.report(FutureTask.java:122)
	at java.util.concurrent.FutureTask.get(FutureTask.java:192)
	at org.apache.ratis.server.impl.LeaderElection.waitForResults(LeaderElection.java:259)
	at org.apache.ratis.server.impl.LeaderElection.askForVotes(LeaderElection.java:197)
	at org.apache.ratis.server.impl.LeaderElection.run(LeaderElection.java:133)
	at java.lang.Thread.run(Thread.java:748)
Caused by: org.apache.ratis.thirdparty.io.grpc.StatusRuntimeException: UNAVAILABLE: io exception
	at org.apache.ratis.thirdparty.io.grpc.stub.ClientCalls.toStatusRuntimeException(ClientCalls.java:233)
	at org.apache.ratis.thirdparty.io.grpc.stub.ClientCalls.getUnchecked(ClientCalls.java:214)
	at org.apache.ratis.thirdparty.io.grpc.stub.ClientCalls.blockingUnaryCall(ClientCalls.java:139)
	at org.apache.ratis.proto.grpc.RaftServerProtocolServiceGrpc$RaftServerProtocolServiceBlockingStub.requestVote(RaftServerProtocolServiceGrpc.java:265)
	at org.apache.ratis.grpc.server.GrpcServerProtocolClient.requestVote(GrpcServerProtocolClient.java:99)
	at org.apache.ratis.grpc.server.GrpcService.requestVote(GrpcService.java:204)
	at org.apache.ratis.server.impl.LeaderElection.lambda$submitRequests$1(LeaderElection.java:234)
	at java.util.concurrent.FutureTask.run(FutureTask.java:266)
	at java.util.concurrent.Executors$RunnableAdapter.call(Executors.java:511)
	at java.util.concurrent.FutureTask.run(FutureTask.java:266)
	at java.util.concurrent.ThreadPoolExecutor.runWorker(ThreadPoolExecutor.java:1149)
	at java.util.concurrent.ThreadPoolExecutor$Worker.run(ThreadPoolExecutor.java:624)
	... 1 more
Caused by: org.apache.ratis.thirdparty.io.netty.channel.AbstractChannel$AnnotatedConnectException: Connection refused: /192.168.34.25:45248
	at sun.nio.ch.SocketChannelImpl.checkConnect(Native Method)
	at sun.nio.ch.SocketChannelImpl.finishConnect(SocketChannelImpl.java:717)
	at org.apache.ratis.thirdparty.io.netty.channel.socket.nio.NioSocketChannel.doFinishConnect(NioSocketChannel.java:327)
	at org.apache.ratis.thirdparty.io.netty.channel.nio.AbstractNioChannel$AbstractNioUnsafe.finishConnect(AbstractNioChannel.java:340)
	at org.apache.ratis.thirdparty.io.netty.channel.nio.NioEventLoop.processSelectedKey(NioEventLoop.java:632)
	at org.apache.ratis.thirdparty.io.netty.channel.nio.NioEventLoop.processSelectedKeysOptimized(NioEventLoop.java:579)
	at org.apache.ratis.thirdparty.io.netty.channel.nio.NioEventLoop.processSelectedKeys(NioEventLoop.java:496)
	at org.apache.ratis.thirdparty.io.netty.channel.nio.NioEventLoop.run(NioEventLoop.java:458)
	at org.apache.ratis.thirdparty.io.netty.util.concurrent.SingleThreadEventExecutor$5.run(SingleThreadEventExecutor.java:897)
	at org.apache.ratis.thirdparty.io.netty.util.concurrent.FastThreadLocalRunnable.run(FastThreadLocalRunnable.java:30)
	... 1 more
Caused by: java.net.ConnectException: Connection refused
	... 11 more
2019-10-18 07:24:10,568 [grpc-default-executor-14] INFO  impl.RaftServerImpl (RaftServerImpl.java:setRole(184)) - 5170c5f3-8499-4b42-9321-85fc8a351f79@group-BCB82A5C07F5: changes role from  FOLLOWER to FOLLOWER at term 169 for recognizeCandidate:12ad0800-05cb-443c-9fdd-fa1debf04523
2019-10-18 07:24:10,569 [grpc-default-executor-14] INFO  impl.RoleInfo (RoleInfo.java:shutdownFollowerState(121)) - 5170c5f3-8499-4b42-9321-85fc8a351f79: shutdown FollowerState
2019-10-18 07:24:10,569 [grpc-default-executor-14] INFO  impl.RoleInfo (RoleInfo.java:updateAndGet(143)) - 5170c5f3-8499-4b42-9321-85fc8a351f79: start FollowerState
2019-10-18 07:24:10,569 [Thread-10680] INFO  impl.FollowerState (FollowerState.java:run(117)) - 5170c5f3-8499-4b42-9321-85fc8a351f79@group-BCB82A5C07F5-FollowerState was interrupted: java.lang.InterruptedException: sleep interrupted
2019-10-18 07:24:10,592 [12ad0800-05cb-443c-9fdd-fa1debf04523@group-BCB82A5C07F5-LeaderElection1224] INFO  impl.LeaderElection (LeaderElection.java:logAndReturn(56)) - 12ad0800-05cb-443c-9fdd-fa1debf04523@group-BCB82A5C07F5-LeaderElection1224: Election REJECTED; received 1 response(s) [12ad0800-05cb-443c-9fdd-fa1debf04523<-5170c5f3-8499-4b42-9321-85fc8a351f79#0:FAIL-t169] and 1 exception(s); 12ad0800-05cb-443c-9fdd-fa1debf04523@group-BCB82A5C07F5:t169, leader=null, voted=12ad0800-05cb-443c-9fdd-fa1debf04523, raftlog=12ad0800-05cb-443c-9fdd-fa1debf04523@group-BCB82A5C07F5-SegmentedRaftLog:OPENED:c-1,f-1,i0, conf=-1: [12ad0800-05cb-443c-9fdd-fa1debf04523:192.168.34.25:41155, 5170c5f3-8499-4b42-9321-85fc8a351f79:192.168.34.25:43074, 0b10a9fc-47eb-4a2b-b664-8273d9d17379:192.168.34.25:45248], old=null
2019-10-18 07:24:10,592 [12ad0800-05cb-443c-9fdd-fa1debf04523@group-BCB82A5C07F5-LeaderElection1224] INFO  impl.LeaderElection (LogUtils.java:infoOrTrace(149)) -   Exception 0: {}
java.util.concurrent.ExecutionException: org.apache.ratis.thirdparty.io.grpc.StatusRuntimeException: UNAVAILABLE: io exception
	at java.util.concurrent.FutureTask.report(FutureTask.java:122)
	at java.util.concurrent.FutureTask.get(FutureTask.java:192)
	at org.apache.ratis.server.impl.LeaderElection.waitForResults(LeaderElection.java:259)
	at org.apache.ratis.server.impl.LeaderElection.askForVotes(LeaderElection.java:197)
	at org.apache.ratis.server.impl.LeaderElection.run(LeaderElection.java:133)
	at java.lang.Thread.run(Thread.java:748)
Caused by: org.apache.ratis.thirdparty.io.grpc.StatusRuntimeException: UNAVAILABLE: io exception
	at org.apache.ratis.thirdparty.io.grpc.stub.ClientCalls.toStatusRuntimeException(ClientCalls.java:233)
	at org.apache.ratis.thirdparty.io.grpc.stub.ClientCalls.getUnchecked(ClientCalls.java:214)
	at org.apache.ratis.thirdparty.io.grpc.stub.ClientCalls.blockingUnaryCall(ClientCalls.java:139)
	at org.apache.ratis.proto.grpc.RaftServerProtocolServiceGrpc$RaftServerProtocolServiceBlockingStub.requestVote(RaftServerProtocolServiceGrpc.java:265)
	at org.apache.ratis.grpc.server.GrpcServerProtocolClient.requestVote(GrpcServerProtocolClient.java:99)
	at org.apache.ratis.grpc.server.GrpcService.requestVote(GrpcService.java:204)
	at org.apache.ratis.server.impl.LeaderElection.lambda$submitRequests$1(LeaderElection.java:234)
	at java.util.concurrent.FutureTask.run(FutureTask.java:266)
	at java.util.concurrent.Executors$RunnableAdapter.call(Executors.java:511)
	at java.util.concurrent.FutureTask.run(FutureTask.java:266)
	at java.util.concurrent.ThreadPoolExecutor.runWorker(ThreadPoolExecutor.java:1149)
	at java.util.concurrent.ThreadPoolExecutor$Worker.run(ThreadPoolExecutor.java:624)
	... 1 more
Caused by: org.apache.ratis.thirdparty.io.netty.channel.AbstractChannel$AnnotatedConnectException: Connection refused: /192.168.34.25:45248
	at sun.nio.ch.SocketChannelImpl.checkConnect(Native Method)
	at sun.nio.ch.SocketChannelImpl.finishConnect(SocketChannelImpl.java:717)
	at org.apache.ratis.thirdparty.io.netty.channel.socket.nio.NioSocketChannel.doFinishConnect(NioSocketChannel.java:327)
	at org.apache.ratis.thirdparty.io.netty.channel.nio.AbstractNioChannel$AbstractNioUnsafe.finishConnect(AbstractNioChannel.java:340)
	at org.apache.ratis.thirdparty.io.netty.channel.nio.NioEventLoop.processSelectedKey(NioEventLoop.java:632)
	at org.apache.ratis.thirdparty.io.netty.channel.nio.NioEventLoop.processSelectedKeysOptimized(NioEventLoop.java:579)
	at org.apache.ratis.thirdparty.io.netty.channel.nio.NioEventLoop.processSelectedKeys(NioEventLoop.java:496)
	at org.apache.ratis.thirdparty.io.netty.channel.nio.NioEventLoop.run(NioEventLoop.java:458)
	at org.apache.ratis.thirdparty.io.netty.util.concurrent.SingleThreadEventExecutor$5.run(SingleThreadEventExecutor.java:897)
	at org.apache.ratis.thirdparty.io.netty.util.concurrent.FastThreadLocalRunnable.run(FastThreadLocalRunnable.java:30)
	... 1 more
Caused by: java.net.ConnectException: Connection refused
	... 11 more
2019-10-18 07:24:10,592 [12ad0800-05cb-443c-9fdd-fa1debf04523@group-BCB82A5C07F5-LeaderElection1224] INFO  impl.RaftServerImpl (RaftServerImpl.java:setRole(184)) - 12ad0800-05cb-443c-9fdd-fa1debf04523@group-BCB82A5C07F5: changes role from CANDIDATE to FOLLOWER at term 169 for DISCOVERED_A_NEW_TERM
2019-10-18 07:24:10,593 [12ad0800-05cb-443c-9fdd-fa1debf04523@group-BCB82A5C07F5-LeaderElection1224] INFO  impl.RoleInfo (RoleInfo.java:shutdownLeaderElection(134)) - 12ad0800-05cb-443c-9fdd-fa1debf04523: shutdown LeaderElection
2019-10-18 07:24:10,593 [12ad0800-05cb-443c-9fdd-fa1debf04523@group-BCB82A5C07F5-LeaderElection1224] INFO  impl.RoleInfo (RoleInfo.java:updateAndGet(143)) - 12ad0800-05cb-443c-9fdd-fa1debf04523: start FollowerState
2019-10-18 07:24:10,711 [Thread-10686] INFO  impl.FollowerState (FollowerState.java:run(108)) - 12ad0800-05cb-443c-9fdd-fa1debf04523@group-BCB82A5C07F5-FollowerState: change to CANDIDATE, lastRpcTime:118ms, electionTimeout:118ms
2019-10-18 07:24:10,711 [Thread-10686] INFO  impl.RoleInfo (RoleInfo.java:shutdownFollowerState(121)) - 12ad0800-05cb-443c-9fdd-fa1debf04523: shutdown FollowerState
2019-10-18 07:24:10,711 [Thread-10686] INFO  impl.RaftServerImpl (RaftServerImpl.java:setRole(184)) - 12ad0800-05cb-443c-9fdd-fa1debf04523@group-BCB82A5C07F5: changes role from  FOLLOWER to CANDIDATE at term 169 for changeToCandidate
2019-10-18 07:24:10,711 [Thread-10686] INFO  impl.RoleInfo (RoleInfo.java:updateAndGet(143)) - 12ad0800-05cb-443c-9fdd-fa1debf04523: start LeaderElection
2019-10-18 07:24:10,735 [12ad0800-05cb-443c-9fdd-fa1debf04523@group-BCB82A5C07F5-LeaderElection1225] INFO  impl.LeaderElection (LeaderElection.java:askForVotes(178)) - 12ad0800-05cb-443c-9fdd-fa1debf04523@group-BCB82A5C07F5-LeaderElection1225: begin an election at term 170 for -1: [12ad0800-05cb-443c-9fdd-fa1debf04523:192.168.34.25:41155, 5170c5f3-8499-4b42-9321-85fc8a351f79:192.168.34.25:43074, 0b10a9fc-47eb-4a2b-b664-8273d9d17379:192.168.34.25:45248], old=null
2019-10-18 07:24:10,736 [12ad0800-05cb-443c-9fdd-fa1debf04523@group-BCB82A5C07F5-LeaderElection1225] INFO  impl.LeaderElection (LogUtils.java:infoOrTrace(149)) - 12ad0800-05cb-443c-9fdd-fa1debf04523@group-BCB82A5C07F5-LeaderElection1225 got exception when requesting votes: {}
java.util.concurrent.ExecutionException: org.apache.ratis.thirdparty.io.grpc.StatusRuntimeException: UNAVAILABLE: io exception
	at java.util.concurrent.FutureTask.report(FutureTask.java:122)
	at java.util.concurrent.FutureTask.get(FutureTask.java:192)
	at org.apache.ratis.server.impl.LeaderElection.waitForResults(LeaderElection.java:259)
	at org.apache.ratis.server.impl.LeaderElection.askForVotes(LeaderElection.java:197)
	at org.apache.ratis.server.impl.LeaderElection.run(LeaderElection.java:133)
	at java.lang.Thread.run(Thread.java:748)
Caused by: org.apache.ratis.thirdparty.io.grpc.StatusRuntimeException: UNAVAILABLE: io exception
	at org.apache.ratis.thirdparty.io.grpc.stub.ClientCalls.toStatusRuntimeException(ClientCalls.java:233)
	at org.apache.ratis.thirdparty.io.grpc.stub.ClientCalls.getUnchecked(ClientCalls.java:214)
	at org.apache.ratis.thirdparty.io.grpc.stub.ClientCalls.blockingUnaryCall(ClientCalls.java:139)
	at org.apache.ratis.proto.grpc.RaftServerProtocolServiceGrpc$RaftServerProtocolServiceBlockingStub.requestVote(RaftServerProtocolServiceGrpc.java:265)
	at org.apache.ratis.grpc.server.GrpcServerProtocolClient.requestVote(GrpcServerProtocolClient.java:99)
	at org.apache.ratis.grpc.server.GrpcService.requestVote(GrpcService.java:204)
	at org.apache.ratis.server.impl.LeaderElection.lambda$submitRequests$1(LeaderElection.java:234)
	at java.util.concurrent.FutureTask.run(FutureTask.java:266)
	at java.util.concurrent.Executors$RunnableAdapter.call(Executors.java:511)
	at java.util.concurrent.FutureTask.run(FutureTask.java:266)
	at java.util.concurrent.ThreadPoolExecutor.runWorker(ThreadPoolExecutor.java:1149)
	at java.util.concurrent.ThreadPoolExecutor$Worker.run(ThreadPoolExecutor.java:624)
	... 1 more
Caused by: org.apache.ratis.thirdparty.io.netty.channel.AbstractChannel$AnnotatedConnectException: Connection refused: /192.168.34.25:45248
	at sun.nio.ch.SocketChannelImpl.checkConnect(Native Method)
	at sun.nio.ch.SocketChannelImpl.finishConnect(SocketChannelImpl.java:717)
	at org.apache.ratis.thirdparty.io.netty.channel.socket.nio.NioSocketChannel.doFinishConnect(NioSocketChannel.java:327)
	at org.apache.ratis.thirdparty.io.netty.channel.nio.AbstractNioChannel$AbstractNioUnsafe.finishConnect(AbstractNioChannel.java:340)
	at org.apache.ratis.thirdparty.io.netty.channel.nio.NioEventLoop.processSelectedKey(NioEventLoop.java:632)
	at org.apache.ratis.thirdparty.io.netty.channel.nio.NioEventLoop.processSelectedKeysOptimized(NioEventLoop.java:579)
	at org.apache.ratis.thirdparty.io.netty.channel.nio.NioEventLoop.processSelectedKeys(NioEventLoop.java:496)
	at org.apache.ratis.thirdparty.io.netty.channel.nio.NioEventLoop.run(NioEventLoop.java:458)
	at org.apache.ratis.thirdparty.io.netty.util.concurrent.SingleThreadEventExecutor$5.run(SingleThreadEventExecutor.java:897)
	at org.apache.ratis.thirdparty.io.netty.util.concurrent.FastThreadLocalRunnable.run(FastThreadLocalRunnable.java:30)
	... 1 more
Caused by: java.net.ConnectException: Connection refused
	... 11 more
2019-10-18 07:24:10,737 [grpc-default-executor-14] INFO  impl.RaftServerImpl (RaftServerImpl.java:setRole(184)) - 5170c5f3-8499-4b42-9321-85fc8a351f79@group-BCB82A5C07F5: changes role from  FOLLOWER to FOLLOWER at term 170 for recognizeCandidate:12ad0800-05cb-443c-9fdd-fa1debf04523
2019-10-18 07:24:10,737 [grpc-default-executor-14] INFO  impl.RoleInfo (RoleInfo.java:shutdownFollowerState(121)) - 5170c5f3-8499-4b42-9321-85fc8a351f79: shutdown FollowerState
2019-10-18 07:24:10,737 [grpc-default-executor-14] INFO  impl.RoleInfo (RoleInfo.java:updateAndGet(143)) - 5170c5f3-8499-4b42-9321-85fc8a351f79: start FollowerState
2019-10-18 07:24:10,737 [Thread-10685] INFO  impl.FollowerState (FollowerState.java:run(117)) - 5170c5f3-8499-4b42-9321-85fc8a351f79@group-BCB82A5C07F5-FollowerState was interrupted: java.lang.InterruptedException: sleep interrupted
2019-10-18 07:24:10,770 [12ad0800-05cb-443c-9fdd-fa1debf04523@group-BCB82A5C07F5-LeaderElection1225] INFO  impl.LeaderElection (LeaderElection.java:logAndReturn(56)) - 12ad0800-05cb-443c-9fdd-fa1debf04523@group-BCB82A5C07F5-LeaderElection1225: Election REJECTED; received 1 response(s) [12ad0800-05cb-443c-9fdd-fa1debf04523<-5170c5f3-8499-4b42-9321-85fc8a351f79#0:FAIL-t170] and 1 exception(s); 12ad0800-05cb-443c-9fdd-fa1debf04523@group-BCB82A5C07F5:t170, leader=null, voted=12ad0800-05cb-443c-9fdd-fa1debf04523, raftlog=12ad0800-05cb-443c-9fdd-fa1debf04523@group-BCB82A5C07F5-SegmentedRaftLog:OPENED:c-1,f-1,i0, conf=-1: [12ad0800-05cb-443c-9fdd-fa1debf04523:192.168.34.25:41155, 5170c5f3-8499-4b42-9321-85fc8a351f79:192.168.34.25:43074, 0b10a9fc-47eb-4a2b-b664-8273d9d17379:192.168.34.25:45248], old=null
2019-10-18 07:24:10,770 [12ad0800-05cb-443c-9fdd-fa1debf04523@group-BCB82A5C07F5-LeaderElection1225] INFO  impl.LeaderElection (LogUtils.java:infoOrTrace(149)) -   Exception 0: {}
java.util.concurrent.ExecutionException: org.apache.ratis.thirdparty.io.grpc.StatusRuntimeException: UNAVAILABLE: io exception
	at java.util.concurrent.FutureTask.report(FutureTask.java:122)
	at java.util.concurrent.FutureTask.get(FutureTask.java:192)
	at org.apache.ratis.server.impl.LeaderElection.waitForResults(LeaderElection.java:259)
	at org.apache.ratis.server.impl.LeaderElection.askForVotes(LeaderElection.java:197)
	at org.apache.ratis.server.impl.LeaderElection.run(LeaderElection.java:133)
	at java.lang.Thread.run(Thread.java:748)
Caused by: org.apache.ratis.thirdparty.io.grpc.StatusRuntimeException: UNAVAILABLE: io exception
	at org.apache.ratis.thirdparty.io.grpc.stub.ClientCalls.toStatusRuntimeException(ClientCalls.java:233)
	at org.apache.ratis.thirdparty.io.grpc.stub.ClientCalls.getUnchecked(ClientCalls.java:214)
	at org.apache.ratis.thirdparty.io.grpc.stub.ClientCalls.blockingUnaryCall(ClientCalls.java:139)
	at org.apache.ratis.proto.grpc.RaftServerProtocolServiceGrpc$RaftServerProtocolServiceBlockingStub.requestVote(RaftServerProtocolServiceGrpc.java:265)
	at org.apache.ratis.grpc.server.GrpcServerProtocolClient.requestVote(GrpcServerProtocolClient.java:99)
	at org.apache.ratis.grpc.server.GrpcService.requestVote(GrpcService.java:204)
	at org.apache.ratis.server.impl.LeaderElection.lambda$submitRequests$1(LeaderElection.java:234)
	at java.util.concurrent.FutureTask.run(FutureTask.java:266)
	at java.util.concurrent.Executors$RunnableAdapter.call(Executors.java:511)
	at java.util.concurrent.FutureTask.run(FutureTask.java:266)
	at java.util.concurrent.ThreadPoolExecutor.runWorker(ThreadPoolExecutor.java:1149)
	at java.util.concurrent.ThreadPoolExecutor$Worker.run(ThreadPoolExecutor.java:624)
	... 1 more
Caused by: org.apache.ratis.thirdparty.io.netty.channel.AbstractChannel$AnnotatedConnectException: Connection refused: /192.168.34.25:45248
	at sun.nio.ch.SocketChannelImpl.checkConnect(Native Method)
	at sun.nio.ch.SocketChannelImpl.finishConnect(SocketChannelImpl.java:717)
	at org.apache.ratis.thirdparty.io.netty.channel.socket.nio.NioSocketChannel.doFinishConnect(NioSocketChannel.java:327)
	at org.apache.ratis.thirdparty.io.netty.channel.nio.AbstractNioChannel$AbstractNioUnsafe.finishConnect(AbstractNioChannel.java:340)
	at org.apache.ratis.thirdparty.io.netty.channel.nio.NioEventLoop.processSelectedKey(NioEventLoop.java:632)
	at org.apache.ratis.thirdparty.io.netty.channel.nio.NioEventLoop.processSelectedKeysOptimized(NioEventLoop.java:579)
	at org.apache.ratis.thirdparty.io.netty.channel.nio.NioEventLoop.processSelectedKeys(NioEventLoop.java:496)
	at org.apache.ratis.thirdparty.io.netty.channel.nio.NioEventLoop.run(NioEventLoop.java:458)
	at org.apache.ratis.thirdparty.io.netty.util.concurrent.SingleThreadEventExecutor$5.run(SingleThreadEventExecutor.java:897)
	at org.apache.ratis.thirdparty.io.netty.util.concurrent.FastThreadLocalRunnable.run(FastThreadLocalRunnable.java:30)
	... 1 more
Caused by: java.net.ConnectException: Connection refused
	... 11 more
2019-10-18 07:24:10,770 [12ad0800-05cb-443c-9fdd-fa1debf04523@group-BCB82A5C07F5-LeaderElection1225] INFO  impl.RaftServerImpl (RaftServerImpl.java:setRole(184)) - 12ad0800-05cb-443c-9fdd-fa1debf04523@group-BCB82A5C07F5: changes role from CANDIDATE to FOLLOWER at term 170 for DISCOVERED_A_NEW_TERM
2019-10-18 07:24:10,771 [12ad0800-05cb-443c-9fdd-fa1debf04523@group-BCB82A5C07F5-LeaderElection1225] INFO  impl.RoleInfo (RoleInfo.java:shutdownLeaderElection(134)) - 12ad0800-05cb-443c-9fdd-fa1debf04523: shutdown LeaderElection
2019-10-18 07:24:10,771 [12ad0800-05cb-443c-9fdd-fa1debf04523@group-BCB82A5C07F5-LeaderElection1225] INFO  impl.RoleInfo (RoleInfo.java:updateAndGet(143)) - 12ad0800-05cb-443c-9fdd-fa1debf04523: start FollowerState
2019-10-18 07:24:10,852 [Thread-10692] INFO  impl.FollowerState (FollowerState.java:run(108)) - 12ad0800-05cb-443c-9fdd-fa1debf04523@group-BCB82A5C07F5-FollowerState: change to CANDIDATE, lastRpcTime:81ms, electionTimeout:81ms
2019-10-18 07:24:10,852 [Thread-10692] INFO  impl.RoleInfo (RoleInfo.java:shutdownFollowerState(121)) - 12ad0800-05cb-443c-9fdd-fa1debf04523: shutdown FollowerState
2019-10-18 07:24:10,852 [Thread-10692] INFO  impl.RaftServerImpl (RaftServerImpl.java:setRole(184)) - 12ad0800-05cb-443c-9fdd-fa1debf04523@group-BCB82A5C07F5: changes role from  FOLLOWER to CANDIDATE at term 170 for changeToCandidate
2019-10-18 07:24:10,852 [Thread-10692] INFO  impl.RoleInfo (RoleInfo.java:updateAndGet(143)) - 12ad0800-05cb-443c-9fdd-fa1debf04523: start LeaderElection
2019-10-18 07:24:10,876 [12ad0800-05cb-443c-9fdd-fa1debf04523@group-BCB82A5C07F5-LeaderElection1226] INFO  impl.LeaderElection (LeaderElection.java:askForVotes(178)) - 12ad0800-05cb-443c-9fdd-fa1debf04523@group-BCB82A5C07F5-LeaderElection1226: begin an election at term 171 for -1: [12ad0800-05cb-443c-9fdd-fa1debf04523:192.168.34.25:41155, 5170c5f3-8499-4b42-9321-85fc8a351f79:192.168.34.25:43074, 0b10a9fc-47eb-4a2b-b664-8273d9d17379:192.168.34.25:45248], old=null
2019-10-18 07:24:10,877 [12ad0800-05cb-443c-9fdd-fa1debf04523@group-BCB82A5C07F5-LeaderElection1226] INFO  impl.LeaderElection (LogUtils.java:infoOrTrace(149)) - 12ad0800-05cb-443c-9fdd-fa1debf04523@group-BCB82A5C07F5-LeaderElection1226 got exception when requesting votes: {}
java.util.concurrent.ExecutionException: org.apache.ratis.thirdparty.io.grpc.StatusRuntimeException: UNAVAILABLE: io exception
	at java.util.concurrent.FutureTask.report(FutureTask.java:122)
	at java.util.concurrent.FutureTask.get(FutureTask.java:192)
	at org.apache.ratis.server.impl.LeaderElection.waitForResults(LeaderElection.java:259)
	at org.apache.ratis.server.impl.LeaderElection.askForVotes(LeaderElection.java:197)
	at org.apache.ratis.server.impl.LeaderElection.run(LeaderElection.java:133)
	at java.lang.Thread.run(Thread.java:748)
Caused by: org.apache.ratis.thirdparty.io.grpc.StatusRuntimeException: UNAVAILABLE: io exception
	at org.apache.ratis.thirdparty.io.grpc.stub.ClientCalls.toStatusRuntimeException(ClientCalls.java:233)
	at org.apache.ratis.thirdparty.io.grpc.stub.ClientCalls.getUnchecked(ClientCalls.java:214)
	at org.apache.ratis.thirdparty.io.grpc.stub.ClientCalls.blockingUnaryCall(ClientCalls.java:139)
	at org.apache.ratis.proto.grpc.RaftServerProtocolServiceGrpc$RaftServerProtocolServiceBlockingStub.requestVote(RaftServerProtocolServiceGrpc.java:265)
	at org.apache.ratis.grpc.server.GrpcServerProtocolClient.requestVote(GrpcServerProtocolClient.java:99)
	at org.apache.ratis.grpc.server.GrpcService.requestVote(GrpcService.java:204)
	at org.apache.ratis.server.impl.LeaderElection.lambda$submitRequests$1(LeaderElection.java:234)
	at java.util.concurrent.FutureTask.run(FutureTask.java:266)
	at java.util.concurrent.Executors$RunnableAdapter.call(Executors.java:511)
	at java.util.concurrent.FutureTask.run(FutureTask.java:266)
	at java.util.concurrent.ThreadPoolExecutor.runWorker(ThreadPoolExecutor.java:1149)
	at java.util.concurrent.ThreadPoolExecutor$Worker.run(ThreadPoolExecutor.java:624)
	... 1 more
Caused by: org.apache.ratis.thirdparty.io.netty.channel.AbstractChannel$AnnotatedConnectException: Connection refused: /192.168.34.25:45248
	at sun.nio.ch.SocketChannelImpl.checkConnect(Native Method)
	at sun.nio.ch.SocketChannelImpl.finishConnect(SocketChannelImpl.java:717)
	at org.apache.ratis.thirdparty.io.netty.channel.socket.nio.NioSocketChannel.doFinishConnect(NioSocketChannel.java:327)
	at org.apache.ratis.thirdparty.io.netty.channel.nio.AbstractNioChannel$AbstractNioUnsafe.finishConnect(AbstractNioChannel.java:340)
	at org.apache.ratis.thirdparty.io.netty.channel.nio.NioEventLoop.processSelectedKey(NioEventLoop.java:632)
	at org.apache.ratis.thirdparty.io.netty.channel.nio.NioEventLoop.processSelectedKeysOptimized(NioEventLoop.java:579)
	at org.apache.ratis.thirdparty.io.netty.channel.nio.NioEventLoop.processSelectedKeys(NioEventLoop.java:496)
	at org.apache.ratis.thirdparty.io.netty.channel.nio.NioEventLoop.run(NioEventLoop.java:458)
	at org.apache.ratis.thirdparty.io.netty.util.concurrent.SingleThreadEventExecutor$5.run(SingleThreadEventExecutor.java:897)
	at org.apache.ratis.thirdparty.io.netty.util.concurrent.FastThreadLocalRunnable.run(FastThreadLocalRunnable.java:30)
	... 1 more
Caused by: java.net.ConnectException: Connection refused
	... 11 more
2019-10-18 07:24:10,877 [grpc-default-executor-14] INFO  impl.RaftServerImpl (RaftServerImpl.java:setRole(184)) - 5170c5f3-8499-4b42-9321-85fc8a351f79@group-BCB82A5C07F5: changes role from  FOLLOWER to FOLLOWER at term 171 for recognizeCandidate:12ad0800-05cb-443c-9fdd-fa1debf04523
2019-10-18 07:24:10,877 [grpc-default-executor-14] INFO  impl.RoleInfo (RoleInfo.java:shutdownFollowerState(121)) - 5170c5f3-8499-4b42-9321-85fc8a351f79: shutdown FollowerState
2019-10-18 07:24:10,877 [grpc-default-executor-14] INFO  impl.RoleInfo (RoleInfo.java:updateAndGet(143)) - 5170c5f3-8499-4b42-9321-85fc8a351f79: start FollowerState
2019-10-18 07:24:10,877 [Thread-10690] INFO  impl.FollowerState (FollowerState.java:run(117)) - 5170c5f3-8499-4b42-9321-85fc8a351f79@group-BCB82A5C07F5-FollowerState was interrupted: java.lang.InterruptedException: sleep interrupted
2019-10-18 07:24:10,901 [12ad0800-05cb-443c-9fdd-fa1debf04523@group-BCB82A5C07F5-LeaderElection1226] INFO  impl.LeaderElection (LeaderElection.java:logAndReturn(56)) - 12ad0800-05cb-443c-9fdd-fa1debf04523@group-BCB82A5C07F5-LeaderElection1226: Election REJECTED; received 1 response(s) [12ad0800-05cb-443c-9fdd-fa1debf04523<-5170c5f3-8499-4b42-9321-85fc8a351f79#0:FAIL-t171] and 1 exception(s); 12ad0800-05cb-443c-9fdd-fa1debf04523@group-BCB82A5C07F5:t171, leader=null, voted=12ad0800-05cb-443c-9fdd-fa1debf04523, raftlog=12ad0800-05cb-443c-9fdd-fa1debf04523@group-BCB82A5C07F5-SegmentedRaftLog:OPENED:c-1,f-1,i0, conf=-1: [12ad0800-05cb-443c-9fdd-fa1debf04523:192.168.34.25:41155, 5170c5f3-8499-4b42-9321-85fc8a351f79:192.168.34.25:43074, 0b10a9fc-47eb-4a2b-b664-8273d9d17379:192.168.34.25:45248], old=null
2019-10-18 07:24:10,901 [12ad0800-05cb-443c-9fdd-fa1debf04523@group-BCB82A5C07F5-LeaderElection1226] INFO  impl.LeaderElection (LogUtils.java:infoOrTrace(149)) -   Exception 0: {}
java.util.concurrent.ExecutionException: org.apache.ratis.thirdparty.io.grpc.StatusRuntimeException: UNAVAILABLE: io exception
	at java.util.concurrent.FutureTask.report(FutureTask.java:122)
	at java.util.concurrent.FutureTask.get(FutureTask.java:192)
	at org.apache.ratis.server.impl.LeaderElection.waitForResults(LeaderElection.java:259)
	at org.apache.ratis.server.impl.LeaderElection.askForVotes(LeaderElection.java:197)
	at org.apache.ratis.server.impl.LeaderElection.run(LeaderElection.java:133)
	at java.lang.Thread.run(Thread.java:748)
Caused by: org.apache.ratis.thirdparty.io.grpc.StatusRuntimeException: UNAVAILABLE: io exception
	at org.apache.ratis.thirdparty.io.grpc.stub.ClientCalls.toStatusRuntimeException(ClientCalls.java:233)
	at org.apache.ratis.thirdparty.io.grpc.stub.ClientCalls.getUnchecked(ClientCalls.java:214)
	at org.apache.ratis.thirdparty.io.grpc.stub.ClientCalls.blockingUnaryCall(ClientCalls.java:139)
	at org.apache.ratis.proto.grpc.RaftServerProtocolServiceGrpc$RaftServerProtocolServiceBlockingStub.requestVote(RaftServerProtocolServiceGrpc.java:265)
	at org.apache.ratis.grpc.server.GrpcServerProtocolClient.requestVote(GrpcServerProtocolClient.java:99)
	at org.apache.ratis.grpc.server.GrpcService.requestVote(GrpcService.java:204)
	at org.apache.ratis.server.impl.LeaderElection.lambda$submitRequests$1(LeaderElection.java:234)
	at java.util.concurrent.FutureTask.run(FutureTask.java:266)
	at java.util.concurrent.Executors$RunnableAdapter.call(Executors.java:511)
	at java.util.concurrent.FutureTask.run(FutureTask.java:266)
	at java.util.concurrent.ThreadPoolExecutor.runWorker(ThreadPoolExecutor.java:1149)
	at java.util.concurrent.ThreadPoolExecutor$Worker.run(ThreadPoolExecutor.java:624)
	... 1 more
Caused by: org.apache.ratis.thirdparty.io.netty.channel.AbstractChannel$AnnotatedConnectException: Connection refused: /192.168.34.25:45248
	at sun.nio.ch.SocketChannelImpl.checkConnect(Native Method)
	at sun.nio.ch.SocketChannelImpl.finishConnect(SocketChannelImpl.java:717)
	at org.apache.ratis.thirdparty.io.netty.channel.socket.nio.NioSocketChannel.doFinishConnect(NioSocketChannel.java:327)
	at org.apache.ratis.thirdparty.io.netty.channel.nio.AbstractNioChannel$AbstractNioUnsafe.finishConnect(AbstractNioChannel.java:340)
	at org.apache.ratis.thirdparty.io.netty.channel.nio.NioEventLoop.processSelectedKey(NioEventLoop.java:632)
	at org.apache.ratis.thirdparty.io.netty.channel.nio.NioEventLoop.processSelectedKeysOptimized(NioEventLoop.java:579)
	at org.apache.ratis.thirdparty.io.netty.channel.nio.NioEventLoop.processSelectedKeys(NioEventLoop.java:496)
	at org.apache.ratis.thirdparty.io.netty.channel.nio.NioEventLoop.run(NioEventLoop.java:458)
	at org.apache.ratis.thirdparty.io.netty.util.concurrent.SingleThreadEventExecutor$5.run(SingleThreadEventExecutor.java:897)
	at org.apache.ratis.thirdparty.io.netty.util.concurrent.FastThreadLocalRunnable.run(FastThreadLocalRunnable.java:30)
	... 1 more
Caused by: java.net.ConnectException: Connection refused
	... 11 more
2019-10-18 07:24:10,902 [12ad0800-05cb-443c-9fdd-fa1debf04523@group-BCB82A5C07F5-LeaderElection1226] INFO  impl.RaftServerImpl (RaftServerImpl.java:setRole(184)) - 12ad0800-05cb-443c-9fdd-fa1debf04523@group-BCB82A5C07F5: changes role from CANDIDATE to FOLLOWER at term 171 for DISCOVERED_A_NEW_TERM
2019-10-18 07:24:10,902 [12ad0800-05cb-443c-9fdd-fa1debf04523@group-BCB82A5C07F5-LeaderElection1226] INFO  impl.RoleInfo (RoleInfo.java:shutdownLeaderElection(134)) - 12ad0800-05cb-443c-9fdd-fa1debf04523: shutdown LeaderElection
2019-10-18 07:24:10,902 [12ad0800-05cb-443c-9fdd-fa1debf04523@group-BCB82A5C07F5-LeaderElection1226] INFO  impl.RoleInfo (RoleInfo.java:updateAndGet(143)) - 12ad0800-05cb-443c-9fdd-fa1debf04523: start FollowerState
2019-10-18 07:24:11,085 [Thread-10697] INFO  impl.FollowerState (FollowerState.java:run(108)) - 12ad0800-05cb-443c-9fdd-fa1debf04523@group-BCB82A5C07F5-FollowerState: change to CANDIDATE, lastRpcTime:183ms, electionTimeout:183ms
2019-10-18 07:24:11,085 [Thread-10697] INFO  impl.RoleInfo (RoleInfo.java:shutdownFollowerState(121)) - 12ad0800-05cb-443c-9fdd-fa1debf04523: shutdown FollowerState
2019-10-18 07:24:11,085 [Thread-10697] INFO  impl.RaftServerImpl (RaftServerImpl.java:setRole(184)) - 12ad0800-05cb-443c-9fdd-fa1debf04523@group-BCB82A5C07F5: changes role from  FOLLOWER to CANDIDATE at term 171 for changeToCandidate
2019-10-18 07:24:11,086 [Thread-10697] INFO  impl.RoleInfo (RoleInfo.java:updateAndGet(143)) - 12ad0800-05cb-443c-9fdd-fa1debf04523: start LeaderElection
2019-10-18 07:24:11,109 [12ad0800-05cb-443c-9fdd-fa1debf04523@group-BCB82A5C07F5-LeaderElection1227] INFO  impl.LeaderElection (LeaderElection.java:askForVotes(178)) - 12ad0800-05cb-443c-9fdd-fa1debf04523@group-BCB82A5C07F5-LeaderElection1227: begin an election at term 172 for -1: [12ad0800-05cb-443c-9fdd-fa1debf04523:192.168.34.25:41155, 5170c5f3-8499-4b42-9321-85fc8a351f79:192.168.34.25:43074, 0b10a9fc-47eb-4a2b-b664-8273d9d17379:192.168.34.25:45248], old=null
2019-10-18 07:24:11,110 [12ad0800-05cb-443c-9fdd-fa1debf04523@group-BCB82A5C07F5-LeaderElection1227] INFO  impl.LeaderElection (LogUtils.java:infoOrTrace(149)) - 12ad0800-05cb-443c-9fdd-fa1debf04523@group-BCB82A5C07F5-LeaderElection1227 got exception when requesting votes: {}
java.util.concurrent.ExecutionException: org.apache.ratis.thirdparty.io.grpc.StatusRuntimeException: UNAVAILABLE: io exception
	at java.util.concurrent.FutureTask.report(FutureTask.java:122)
	at java.util.concurrent.FutureTask.get(FutureTask.java:192)
	at org.apache.ratis.server.impl.LeaderElection.waitForResults(LeaderElection.java:259)
	at org.apache.ratis.server.impl.LeaderElection.askForVotes(LeaderElection.java:197)
	at org.apache.ratis.server.impl.LeaderElection.run(LeaderElection.java:133)
	at java.lang.Thread.run(Thread.java:748)
Caused by: org.apache.ratis.thirdparty.io.grpc.StatusRuntimeException: UNAVAILABLE: io exception
	at org.apache.ratis.thirdparty.io.grpc.stub.ClientCalls.toStatusRuntimeException(ClientCalls.java:233)
	at org.apache.ratis.thirdparty.io.grpc.stub.ClientCalls.getUnchecked(ClientCalls.java:214)
	at org.apache.ratis.thirdparty.io.grpc.stub.ClientCalls.blockingUnaryCall(ClientCalls.java:139)
	at org.apache.ratis.proto.grpc.RaftServerProtocolServiceGrpc$RaftServerProtocolServiceBlockingStub.requestVote(RaftServerProtocolServiceGrpc.java:265)
	at org.apache.ratis.grpc.server.GrpcServerProtocolClient.requestVote(GrpcServerProtocolClient.java:99)
	at org.apache.ratis.grpc.server.GrpcService.requestVote(GrpcService.java:204)
	at org.apache.ratis.server.impl.LeaderElection.lambda$submitRequests$1(LeaderElection.java:234)
	at java.util.concurrent.FutureTask.run(FutureTask.java:266)
	at java.util.concurrent.Executors$RunnableAdapter.call(Executors.java:511)
	at java.util.concurrent.FutureTask.run(FutureTask.java:266)
	at java.util.concurrent.ThreadPoolExecutor.runWorker(ThreadPoolExecutor.java:1149)
	at java.util.concurrent.ThreadPoolExecutor$Worker.run(ThreadPoolExecutor.java:624)
	... 1 more
Caused by: org.apache.ratis.thirdparty.io.netty.channel.AbstractChannel$AnnotatedConnectException: Connection refused: /192.168.34.25:45248
	at sun.nio.ch.SocketChannelImpl.checkConnect(Native Method)
	at sun.nio.ch.SocketChannelImpl.finishConnect(SocketChannelImpl.java:717)
	at org.apache.ratis.thirdparty.io.netty.channel.socket.nio.NioSocketChannel.doFinishConnect(NioSocketChannel.java:327)
	at org.apache.ratis.thirdparty.io.netty.channel.nio.AbstractNioChannel$AbstractNioUnsafe.finishConnect(AbstractNioChannel.java:340)
	at org.apache.ratis.thirdparty.io.netty.channel.nio.NioEventLoop.processSelectedKey(NioEventLoop.java:632)
	at org.apache.ratis.thirdparty.io.netty.channel.nio.NioEventLoop.processSelectedKeysOptimized(NioEventLoop.java:579)
	at org.apache.ratis.thirdparty.io.netty.channel.nio.NioEventLoop.processSelectedKeys(NioEventLoop.java:496)
	at org.apache.ratis.thirdparty.io.netty.channel.nio.NioEventLoop.run(NioEventLoop.java:458)
	at org.apache.ratis.thirdparty.io.netty.util.concurrent.SingleThreadEventExecutor$5.run(SingleThreadEventExecutor.java:897)
	at org.apache.ratis.thirdparty.io.netty.util.concurrent.FastThreadLocalRunnable.run(FastThreadLocalRunnable.java:30)
	... 1 more
Caused by: java.net.ConnectException: Connection refused
	... 11 more
2019-10-18 07:24:11,110 [grpc-default-executor-14] INFO  impl.RaftServerImpl (RaftServerImpl.java:setRole(184)) - 5170c5f3-8499-4b42-9321-85fc8a351f79@group-BCB82A5C07F5: changes role from  FOLLOWER to FOLLOWER at term 172 for recognizeCandidate:12ad0800-05cb-443c-9fdd-fa1debf04523
2019-10-18 07:24:11,111 [grpc-default-executor-14] INFO  impl.RoleInfo (RoleInfo.java:shutdownFollowerState(121)) - 5170c5f3-8499-4b42-9321-85fc8a351f79: shutdown FollowerState
2019-10-18 07:24:11,111 [grpc-default-executor-14] INFO  impl.RoleInfo (RoleInfo.java:updateAndGet(143)) - 5170c5f3-8499-4b42-9321-85fc8a351f79: start FollowerState
2019-10-18 07:24:11,111 [Thread-10696] INFO  impl.FollowerState (FollowerState.java:run(117)) - 5170c5f3-8499-4b42-9321-85fc8a351f79@group-BCB82A5C07F5-FollowerState was interrupted: java.lang.InterruptedException: sleep interrupted
2019-10-18 07:24:11,127 [12ad0800-05cb-443c-9fdd-fa1debf04523@group-BCB82A5C07F5-LeaderElection1227] INFO  impl.LeaderElection (LeaderElection.java:logAndReturn(56)) - 12ad0800-05cb-443c-9fdd-fa1debf04523@group-BCB82A5C07F5-LeaderElection1227: Election REJECTED; received 1 response(s) [12ad0800-05cb-443c-9fdd-fa1debf04523<-5170c5f3-8499-4b42-9321-85fc8a351f79#0:FAIL-t172] and 1 exception(s); 12ad0800-05cb-443c-9fdd-fa1debf04523@group-BCB82A5C07F5:t172, leader=null, voted=12ad0800-05cb-443c-9fdd-fa1debf04523, raftlog=12ad0800-05cb-443c-9fdd-fa1debf04523@group-BCB82A5C07F5-SegmentedRaftLog:OPENED:c-1,f-1,i0, conf=-1: [12ad0800-05cb-443c-9fdd-fa1debf04523:192.168.34.25:41155, 5170c5f3-8499-4b42-9321-85fc8a351f79:192.168.34.25:43074, 0b10a9fc-47eb-4a2b-b664-8273d9d17379:192.168.34.25:45248], old=null
2019-10-18 07:24:11,127 [12ad0800-05cb-443c-9fdd-fa1debf04523@group-BCB82A5C07F5-LeaderElection1227] INFO  impl.LeaderElection (LogUtils.java:infoOrTrace(149)) -   Exception 0: {}
java.util.concurrent.ExecutionException: org.apache.ratis.thirdparty.io.grpc.StatusRuntimeException: UNAVAILABLE: io exception
	at java.util.concurrent.FutureTask.report(FutureTask.java:122)
	at java.util.concurrent.FutureTask.get(FutureTask.java:192)
	at org.apache.ratis.server.impl.LeaderElection.waitForResults(LeaderElection.java:259)
	at org.apache.ratis.server.impl.LeaderElection.askForVotes(LeaderElection.java:197)
	at org.apache.ratis.server.impl.LeaderElection.run(LeaderElection.java:133)
	at java.lang.Thread.run(Thread.java:748)
Caused by: org.apache.ratis.thirdparty.io.grpc.StatusRuntimeException: UNAVAILABLE: io exception
	at org.apache.ratis.thirdparty.io.grpc.stub.ClientCalls.toStatusRuntimeException(ClientCalls.java:233)
	at org.apache.ratis.thirdparty.io.grpc.stub.ClientCalls.getUnchecked(ClientCalls.java:214)
	at org.apache.ratis.thirdparty.io.grpc.stub.ClientCalls.blockingUnaryCall(ClientCalls.java:139)
	at org.apache.ratis.proto.grpc.RaftServerProtocolServiceGrpc$RaftServerProtocolServiceBlockingStub.requestVote(RaftServerProtocolServiceGrpc.java:265)
	at org.apache.ratis.grpc.server.GrpcServerProtocolClient.requestVote(GrpcServerProtocolClient.java:99)
	at org.apache.ratis.grpc.server.GrpcService.requestVote(GrpcService.java:204)
	at org.apache.ratis.server.impl.LeaderElection.lambda$submitRequests$1(LeaderElection.java:234)
	at java.util.concurrent.FutureTask.run(FutureTask.java:266)
	at java.util.concurrent.Executors$RunnableAdapter.call(Executors.java:511)
	at java.util.concurrent.FutureTask.run(FutureTask.java:266)
	at java.util.concurrent.ThreadPoolExecutor.runWorker(ThreadPoolExecutor.java:1149)
	at java.util.concurrent.ThreadPoolExecutor$Worker.run(ThreadPoolExecutor.java:624)
	... 1 more
Caused by: org.apache.ratis.thirdparty.io.netty.channel.AbstractChannel$AnnotatedConnectException: Connection refused: /192.168.34.25:45248
	at sun.nio.ch.SocketChannelImpl.checkConnect(Native Method)
	at sun.nio.ch.SocketChannelImpl.finishConnect(SocketChannelImpl.java:717)
	at org.apache.ratis.thirdparty.io.netty.channel.socket.nio.NioSocketChannel.doFinishConnect(NioSocketChannel.java:327)
	at org.apache.ratis.thirdparty.io.netty.channel.nio.AbstractNioChannel$AbstractNioUnsafe.finishConnect(AbstractNioChannel.java:340)
	at org.apache.ratis.thirdparty.io.netty.channel.nio.NioEventLoop.processSelectedKey(NioEventLoop.java:632)
	at org.apache.ratis.thirdparty.io.netty.channel.nio.NioEventLoop.processSelectedKeysOptimized(NioEventLoop.java:579)
	at org.apache.ratis.thirdparty.io.netty.channel.nio.NioEventLoop.processSelectedKeys(NioEventLoop.java:496)
	at org.apache.ratis.thirdparty.io.netty.channel.nio.NioEventLoop.run(NioEventLoop.java:458)
	at org.apache.ratis.thirdparty.io.netty.util.concurrent.SingleThreadEventExecutor$5.run(SingleThreadEventExecutor.java:897)
	at org.apache.ratis.thirdparty.io.netty.util.concurrent.FastThreadLocalRunnable.run(FastThreadLocalRunnable.java:30)
	... 1 more
Caused by: java.net.ConnectException: Connection refused
	... 11 more
2019-10-18 07:24:11,128 [12ad0800-05cb-443c-9fdd-fa1debf04523@group-BCB82A5C07F5-LeaderElection1227] INFO  impl.RaftServerImpl (RaftServerImpl.java:setRole(184)) - 12ad0800-05cb-443c-9fdd-fa1debf04523@group-BCB82A5C07F5: changes role from CANDIDATE to FOLLOWER at term 172 for DISCOVERED_A_NEW_TERM
2019-10-18 07:24:11,128 [12ad0800-05cb-443c-9fdd-fa1debf04523@group-BCB82A5C07F5-LeaderElection1227] INFO  impl.RoleInfo (RoleInfo.java:shutdownLeaderElection(134)) - 12ad0800-05cb-443c-9fdd-fa1debf04523: shutdown LeaderElection
2019-10-18 07:24:11,128 [12ad0800-05cb-443c-9fdd-fa1debf04523@group-BCB82A5C07F5-LeaderElection1227] INFO  impl.RoleInfo (RoleInfo.java:updateAndGet(143)) - 12ad0800-05cb-443c-9fdd-fa1debf04523: start FollowerState
2019-10-18 07:24:11,156 [Thread-10702] INFO  impl.FollowerState (FollowerState.java:run(108)) - 12ad0800-05cb-443c-9fdd-fa1debf04523@group-BCB82A5C07F5-FollowerState: change to CANDIDATE, lastRpcTime:28ms, electionTimeout:28ms
2019-10-18 07:24:11,156 [Thread-10702] INFO  impl.RoleInfo (RoleInfo.java:shutdownFollowerState(121)) - 12ad0800-05cb-443c-9fdd-fa1debf04523: shutdown FollowerState
2019-10-18 07:24:11,157 [Thread-10702] INFO  impl.RaftServerImpl (RaftServerImpl.java:setRole(184)) - 12ad0800-05cb-443c-9fdd-fa1debf04523@group-BCB82A5C07F5: changes role from  FOLLOWER to CANDIDATE at term 172 for changeToCandidate
2019-10-18 07:24:11,157 [Thread-10702] INFO  impl.RoleInfo (RoleInfo.java:updateAndGet(143)) - 12ad0800-05cb-443c-9fdd-fa1debf04523: start LeaderElection
2019-10-18 07:24:11,191 [12ad0800-05cb-443c-9fdd-fa1debf04523@group-BCB82A5C07F5-LeaderElection1228] INFO  impl.LeaderElection (LeaderElection.java:askForVotes(178)) - 12ad0800-05cb-443c-9fdd-fa1debf04523@group-BCB82A5C07F5-LeaderElection1228: begin an election at term 173 for -1: [12ad0800-05cb-443c-9fdd-fa1debf04523:192.168.34.25:41155, 5170c5f3-8499-4b42-9321-85fc8a351f79:192.168.34.25:43074, 0b10a9fc-47eb-4a2b-b664-8273d9d17379:192.168.34.25:45248], old=null
2019-10-18 07:24:11,192 [12ad0800-05cb-443c-9fdd-fa1debf04523@group-BCB82A5C07F5-LeaderElection1228] INFO  impl.LeaderElection (LogUtils.java:infoOrTrace(149)) - 12ad0800-05cb-443c-9fdd-fa1debf04523@group-BCB82A5C07F5-LeaderElection1228 got exception when requesting votes: {}
java.util.concurrent.ExecutionException: org.apache.ratis.thirdparty.io.grpc.StatusRuntimeException: UNAVAILABLE: io exception
	at java.util.concurrent.FutureTask.report(FutureTask.java:122)
	at java.util.concurrent.FutureTask.get(FutureTask.java:192)
	at org.apache.ratis.server.impl.LeaderElection.waitForResults(LeaderElection.java:259)
	at org.apache.ratis.server.impl.LeaderElection.askForVotes(LeaderElection.java:197)
	at org.apache.ratis.server.impl.LeaderElection.run(LeaderElection.java:133)
	at java.lang.Thread.run(Thread.java:748)
Caused by: org.apache.ratis.thirdparty.io.grpc.StatusRuntimeException: UNAVAILABLE: io exception
	at org.apache.ratis.thirdparty.io.grpc.stub.ClientCalls.toStatusRuntimeException(ClientCalls.java:233)
	at org.apache.ratis.thirdparty.io.grpc.stub.ClientCalls.getUnchecked(ClientCalls.java:214)
	at org.apache.ratis.thirdparty.io.grpc.stub.ClientCalls.blockingUnaryCall(ClientCalls.java:139)
	at org.apache.ratis.proto.grpc.RaftServerProtocolServiceGrpc$RaftServerProtocolServiceBlockingStub.requestVote(RaftServerProtocolServiceGrpc.java:265)
	at org.apache.ratis.grpc.server.GrpcServerProtocolClient.requestVote(GrpcServerProtocolClient.java:99)
	at org.apache.ratis.grpc.server.GrpcService.requestVote(GrpcService.java:204)
	at org.apache.ratis.server.impl.LeaderElection.lambda$submitRequests$1(LeaderElection.java:234)
	at java.util.concurrent.FutureTask.run(FutureTask.java:266)
	at java.util.concurrent.Executors$RunnableAdapter.call(Executors.java:511)
	at java.util.concurrent.FutureTask.run(FutureTask.java:266)
	at java.util.concurrent.ThreadPoolExecutor.runWorker(ThreadPoolExecutor.java:1149)
	at java.util.concurrent.ThreadPoolExecutor$Worker.run(ThreadPoolExecutor.java:624)
	... 1 more
Caused by: org.apache.ratis.thirdparty.io.netty.channel.AbstractChannel$AnnotatedConnectException: Connection refused: /192.168.34.25:45248
	at sun.nio.ch.SocketChannelImpl.checkConnect(Native Method)
	at sun.nio.ch.SocketChannelImpl.finishConnect(SocketChannelImpl.java:717)
	at org.apache.ratis.thirdparty.io.netty.channel.socket.nio.NioSocketChannel.doFinishConnect(NioSocketChannel.java:327)
	at org.apache.ratis.thirdparty.io.netty.channel.nio.AbstractNioChannel$AbstractNioUnsafe.finishConnect(AbstractNioChannel.java:340)
	at org.apache.ratis.thirdparty.io.netty.channel.nio.NioEventLoop.processSelectedKey(NioEventLoop.java:632)
	at org.apache.ratis.thirdparty.io.netty.channel.nio.NioEventLoop.processSelectedKeysOptimized(NioEventLoop.java:579)
	at org.apache.ratis.thirdparty.io.netty.channel.nio.NioEventLoop.processSelectedKeys(NioEventLoop.java:496)
	at org.apache.ratis.thirdparty.io.netty.channel.nio.NioEventLoop.run(NioEventLoop.java:458)
	at org.apache.ratis.thirdparty.io.netty.util.concurrent.SingleThreadEventExecutor$5.run(SingleThreadEventExecutor.java:897)
	at org.apache.ratis.thirdparty.io.netty.util.concurrent.FastThreadLocalRunnable.run(FastThreadLocalRunnable.java:30)
	... 1 more
Caused by: java.net.ConnectException: Connection refused
	... 11 more
2019-10-18 07:24:11,192 [grpc-default-executor-14] INFO  impl.RaftServerImpl (RaftServerImpl.java:setRole(184)) - 5170c5f3-8499-4b42-9321-85fc8a351f79@group-BCB82A5C07F5: changes role from  FOLLOWER to FOLLOWER at term 173 for recognizeCandidate:12ad0800-05cb-443c-9fdd-fa1debf04523
2019-10-18 07:24:11,192 [grpc-default-executor-14] INFO  impl.RoleInfo (RoleInfo.java:shutdownFollowerState(121)) - 5170c5f3-8499-4b42-9321-85fc8a351f79: shutdown FollowerState
2019-10-18 07:24:11,193 [grpc-default-executor-14] INFO  impl.RoleInfo (RoleInfo.java:updateAndGet(143)) - 5170c5f3-8499-4b42-9321-85fc8a351f79: start FollowerState
2019-10-18 07:24:11,193 [Thread-10701] INFO  impl.FollowerState (FollowerState.java:run(117)) - 5170c5f3-8499-4b42-9321-85fc8a351f79@group-BCB82A5C07F5-FollowerState was interrupted: java.lang.InterruptedException: sleep interrupted
2019-10-18 07:24:11,217 [12ad0800-05cb-443c-9fdd-fa1debf04523@group-BCB82A5C07F5-LeaderElection1228] INFO  impl.LeaderElection (LeaderElection.java:logAndReturn(56)) - 12ad0800-05cb-443c-9fdd-fa1debf04523@group-BCB82A5C07F5-LeaderElection1228: Election REJECTED; received 1 response(s) [12ad0800-05cb-443c-9fdd-fa1debf04523<-5170c5f3-8499-4b42-9321-85fc8a351f79#0:FAIL-t173] and 1 exception(s); 12ad0800-05cb-443c-9fdd-fa1debf04523@group-BCB82A5C07F5:t173, leader=null, voted=12ad0800-05cb-443c-9fdd-fa1debf04523, raftlog=12ad0800-05cb-443c-9fdd-fa1debf04523@group-BCB82A5C07F5-SegmentedRaftLog:OPENED:c-1,f-1,i0, conf=-1: [12ad0800-05cb-443c-9fdd-fa1debf04523:192.168.34.25:41155, 5170c5f3-8499-4b42-9321-85fc8a351f79:192.168.34.25:43074, 0b10a9fc-47eb-4a2b-b664-8273d9d17379:192.168.34.25:45248], old=null
2019-10-18 07:24:11,217 [12ad0800-05cb-443c-9fdd-fa1debf04523@group-BCB82A5C07F5-LeaderElection1228] INFO  impl.LeaderElection (LogUtils.java:infoOrTrace(149)) -   Exception 0: {}
java.util.concurrent.ExecutionException: org.apache.ratis.thirdparty.io.grpc.StatusRuntimeException: UNAVAILABLE: io exception
	at java.util.concurrent.FutureTask.report(FutureTask.java:122)
	at java.util.concurrent.FutureTask.get(FutureTask.java:192)
	at org.apache.ratis.server.impl.LeaderElection.waitForResults(LeaderElection.java:259)
	at org.apache.ratis.server.impl.LeaderElection.askForVotes(LeaderElection.java:197)
	at org.apache.ratis.server.impl.LeaderElection.run(LeaderElection.java:133)
	at java.lang.Thread.run(Thread.java:748)
Caused by: org.apache.ratis.thirdparty.io.grpc.StatusRuntimeException: UNAVAILABLE: io exception
	at org.apache.ratis.thirdparty.io.grpc.stub.ClientCalls.toStatusRuntimeException(ClientCalls.java:233)
	at org.apache.ratis.thirdparty.io.grpc.stub.ClientCalls.getUnchecked(ClientCalls.java:214)
	at org.apache.ratis.thirdparty.io.grpc.stub.ClientCalls.blockingUnaryCall(ClientCalls.java:139)
	at org.apache.ratis.proto.grpc.RaftServerProtocolServiceGrpc$RaftServerProtocolServiceBlockingStub.requestVote(RaftServerProtocolServiceGrpc.java:265)
	at org.apache.ratis.grpc.server.GrpcServerProtocolClient.requestVote(GrpcServerProtocolClient.java:99)
	at org.apache.ratis.grpc.server.GrpcService.requestVote(GrpcService.java:204)
	at org.apache.ratis.server.impl.LeaderElection.lambda$submitRequests$1(LeaderElection.java:234)
	at java.util.concurrent.FutureTask.run(FutureTask.java:266)
	at java.util.concurrent.Executors$RunnableAdapter.call(Executors.java:511)
	at java.util.concurrent.FutureTask.run(FutureTask.java:266)
	at java.util.concurrent.ThreadPoolExecutor.runWorker(ThreadPoolExecutor.java:1149)
	at java.util.concurrent.ThreadPoolExecutor$Worker.run(ThreadPoolExecutor.java:624)
	... 1 more
Caused by: org.apache.ratis.thirdparty.io.netty.channel.AbstractChannel$AnnotatedConnectException: Connection refused: /192.168.34.25:45248
	at sun.nio.ch.SocketChannelImpl.checkConnect(Native Method)
	at sun.nio.ch.SocketChannelImpl.finishConnect(SocketChannelImpl.java:717)
	at org.apache.ratis.thirdparty.io.netty.channel.socket.nio.NioSocketChannel.doFinishConnect(NioSocketChannel.java:327)
	at org.apache.ratis.thirdparty.io.netty.channel.nio.AbstractNioChannel$AbstractNioUnsafe.finishConnect(AbstractNioChannel.java:340)
	at org.apache.ratis.thirdparty.io.netty.channel.nio.NioEventLoop.processSelectedKey(NioEventLoop.java:632)
	at org.apache.ratis.thirdparty.io.netty.channel.nio.NioEventLoop.processSelectedKeysOptimized(NioEventLoop.java:579)
	at org.apache.ratis.thirdparty.io.netty.channel.nio.NioEventLoop.processSelectedKeys(NioEventLoop.java:496)
	at org.apache.ratis.thirdparty.io.netty.channel.nio.NioEventLoop.run(NioEventLoop.java:458)
	at org.apache.ratis.thirdparty.io.netty.util.concurrent.SingleThreadEventExecutor$5.run(SingleThreadEventExecutor.java:897)
	at org.apache.ratis.thirdparty.io.netty.util.concurrent.FastThreadLocalRunnable.run(FastThreadLocalRunnable.java:30)
	... 1 more
Caused by: java.net.ConnectException: Connection refused
	... 11 more
2019-10-18 07:24:11,217 [12ad0800-05cb-443c-9fdd-fa1debf04523@group-BCB82A5C07F5-LeaderElection1228] INFO  impl.RaftServerImpl (RaftServerImpl.java:setRole(184)) - 12ad0800-05cb-443c-9fdd-fa1debf04523@group-BCB82A5C07F5: changes role from CANDIDATE to FOLLOWER at term 173 for DISCOVERED_A_NEW_TERM
2019-10-18 07:24:11,217 [12ad0800-05cb-443c-9fdd-fa1debf04523@group-BCB82A5C07F5-LeaderElection1228] INFO  impl.RoleInfo (RoleInfo.java:shutdownLeaderElection(134)) - 12ad0800-05cb-443c-9fdd-fa1debf04523: shutdown LeaderElection
2019-10-18 07:24:11,218 [12ad0800-05cb-443c-9fdd-fa1debf04523@group-BCB82A5C07F5-LeaderElection1228] INFO  impl.RoleInfo (RoleInfo.java:updateAndGet(143)) - 12ad0800-05cb-443c-9fdd-fa1debf04523: start FollowerState
2019-10-18 07:24:11,264 [Thread-10707] INFO  impl.FollowerState (FollowerState.java:run(108)) - 12ad0800-05cb-443c-9fdd-fa1debf04523@group-BCB82A5C07F5-FollowerState: change to CANDIDATE, lastRpcTime:46ms, electionTimeout:46ms
2019-10-18 07:24:11,264 [Thread-10707] INFO  impl.RoleInfo (RoleInfo.java:shutdownFollowerState(121)) - 12ad0800-05cb-443c-9fdd-fa1debf04523: shutdown FollowerState
2019-10-18 07:24:11,264 [Thread-10707] INFO  impl.RaftServerImpl (RaftServerImpl.java:setRole(184)) - 12ad0800-05cb-443c-9fdd-fa1debf04523@group-BCB82A5C07F5: changes role from  FOLLOWER to CANDIDATE at term 173 for changeToCandidate
2019-10-18 07:24:11,264 [Thread-10707] INFO  impl.RoleInfo (RoleInfo.java:updateAndGet(143)) - 12ad0800-05cb-443c-9fdd-fa1debf04523: start LeaderElection
2019-10-18 07:24:11,292 [12ad0800-05cb-443c-9fdd-fa1debf04523@group-BCB82A5C07F5-LeaderElection1229] INFO  impl.LeaderElection (LeaderElection.java:askForVotes(178)) - 12ad0800-05cb-443c-9fdd-fa1debf04523@group-BCB82A5C07F5-LeaderElection1229: begin an election at term 174 for -1: [12ad0800-05cb-443c-9fdd-fa1debf04523:192.168.34.25:41155, 5170c5f3-8499-4b42-9321-85fc8a351f79:192.168.34.25:43074, 0b10a9fc-47eb-4a2b-b664-8273d9d17379:192.168.34.25:45248], old=null
2019-10-18 07:24:11,293 [12ad0800-05cb-443c-9fdd-fa1debf04523@group-BCB82A5C07F5-LeaderElection1229] INFO  impl.LeaderElection (LogUtils.java:infoOrTrace(149)) - 12ad0800-05cb-443c-9fdd-fa1debf04523@group-BCB82A5C07F5-LeaderElection1229 got exception when requesting votes: {}
java.util.concurrent.ExecutionException: org.apache.ratis.thirdparty.io.grpc.StatusRuntimeException: UNAVAILABLE: io exception
	at java.util.concurrent.FutureTask.report(FutureTask.java:122)
	at java.util.concurrent.FutureTask.get(FutureTask.java:192)
	at org.apache.ratis.server.impl.LeaderElection.waitForResults(LeaderElection.java:259)
	at org.apache.ratis.server.impl.LeaderElection.askForVotes(LeaderElection.java:197)
	at org.apache.ratis.server.impl.LeaderElection.run(LeaderElection.java:133)
	at java.lang.Thread.run(Thread.java:748)
Caused by: org.apache.ratis.thirdparty.io.grpc.StatusRuntimeException: UNAVAILABLE: io exception
	at org.apache.ratis.thirdparty.io.grpc.stub.ClientCalls.toStatusRuntimeException(ClientCalls.java:233)
	at org.apache.ratis.thirdparty.io.grpc.stub.ClientCalls.getUnchecked(ClientCalls.java:214)
	at org.apache.ratis.thirdparty.io.grpc.stub.ClientCalls.blockingUnaryCall(ClientCalls.java:139)
	at org.apache.ratis.proto.grpc.RaftServerProtocolServiceGrpc$RaftServerProtocolServiceBlockingStub.requestVote(RaftServerProtocolServiceGrpc.java:265)
	at org.apache.ratis.grpc.server.GrpcServerProtocolClient.requestVote(GrpcServerProtocolClient.java:99)
	at org.apache.ratis.grpc.server.GrpcService.requestVote(GrpcService.java:204)
	at org.apache.ratis.server.impl.LeaderElection.lambda$submitRequests$1(LeaderElection.java:234)
	at java.util.concurrent.FutureTask.run(FutureTask.java:266)
	at java.util.concurrent.Executors$RunnableAdapter.call(Executors.java:511)
	at java.util.concurrent.FutureTask.run(FutureTask.java:266)
	at java.util.concurrent.ThreadPoolExecutor.runWorker(ThreadPoolExecutor.java:1149)
	at java.util.concurrent.ThreadPoolExecutor$Worker.run(ThreadPoolExecutor.java:624)
	... 1 more
Caused by: org.apache.ratis.thirdparty.io.netty.channel.AbstractChannel$AnnotatedConnectException: Connection refused: /192.168.34.25:45248
	at sun.nio.ch.SocketChannelImpl.checkConnect(Native Method)
	at sun.nio.ch.SocketChannelImpl.finishConnect(SocketChannelImpl.java:717)
	at org.apache.ratis.thirdparty.io.netty.channel.socket.nio.NioSocketChannel.doFinishConnect(NioSocketChannel.java:327)
	at org.apache.ratis.thirdparty.io.netty.channel.nio.AbstractNioChannel$AbstractNioUnsafe.finishConnect(AbstractNioChannel.java:340)
	at org.apache.ratis.thirdparty.io.netty.channel.nio.NioEventLoop.processSelectedKey(NioEventLoop.java:632)
	at org.apache.ratis.thirdparty.io.netty.channel.nio.NioEventLoop.processSelectedKeysOptimized(NioEventLoop.java:579)
	at org.apache.ratis.thirdparty.io.netty.channel.nio.NioEventLoop.processSelectedKeys(NioEventLoop.java:496)
	at org.apache.ratis.thirdparty.io.netty.channel.nio.NioEventLoop.run(NioEventLoop.java:458)
	at org.apache.ratis.thirdparty.io.netty.util.concurrent.SingleThreadEventExecutor$5.run(SingleThreadEventExecutor.java:897)
	at org.apache.ratis.thirdparty.io.netty.util.concurrent.FastThreadLocalRunnable.run(FastThreadLocalRunnable.java:30)
	... 1 more
Caused by: java.net.ConnectException: Connection refused
	... 11 more
2019-10-18 07:24:11,293 [grpc-default-executor-14] INFO  impl.RaftServerImpl (RaftServerImpl.java:setRole(184)) - 5170c5f3-8499-4b42-9321-85fc8a351f79@group-BCB82A5C07F5: changes role from  FOLLOWER to FOLLOWER at term 174 for recognizeCandidate:12ad0800-05cb-443c-9fdd-fa1debf04523
2019-10-18 07:24:11,293 [grpc-default-executor-14] INFO  impl.RoleInfo (RoleInfo.java:shutdownFollowerState(121)) - 5170c5f3-8499-4b42-9321-85fc8a351f79: shutdown FollowerState
2019-10-18 07:24:11,293 [grpc-default-executor-14] INFO  impl.RoleInfo (RoleInfo.java:updateAndGet(143)) - 5170c5f3-8499-4b42-9321-85fc8a351f79: start FollowerState
2019-10-18 07:24:11,293 [Thread-10706] INFO  impl.FollowerState (FollowerState.java:run(117)) - 5170c5f3-8499-4b42-9321-85fc8a351f79@group-BCB82A5C07F5-FollowerState was interrupted: java.lang.InterruptedException: sleep interrupted
2019-10-18 07:24:11,326 [12ad0800-05cb-443c-9fdd-fa1debf04523@group-BCB82A5C07F5-LeaderElection1229] INFO  impl.LeaderElection (LeaderElection.java:logAndReturn(56)) - 12ad0800-05cb-443c-9fdd-fa1debf04523@group-BCB82A5C07F5-LeaderElection1229: Election REJECTED; received 1 response(s) [12ad0800-05cb-443c-9fdd-fa1debf04523<-5170c5f3-8499-4b42-9321-85fc8a351f79#0:FAIL-t174] and 1 exception(s); 12ad0800-05cb-443c-9fdd-fa1debf04523@group-BCB82A5C07F5:t174, leader=null, voted=12ad0800-05cb-443c-9fdd-fa1debf04523, raftlog=12ad0800-05cb-443c-9fdd-fa1debf04523@group-BCB82A5C07F5-SegmentedRaftLog:OPENED:c-1,f-1,i0, conf=-1: [12ad0800-05cb-443c-9fdd-fa1debf04523:192.168.34.25:41155, 5170c5f3-8499-4b42-9321-85fc8a351f79:192.168.34.25:43074, 0b10a9fc-47eb-4a2b-b664-8273d9d17379:192.168.34.25:45248], old=null
2019-10-18 07:24:11,326 [12ad0800-05cb-443c-9fdd-fa1debf04523@group-BCB82A5C07F5-LeaderElection1229] INFO  impl.LeaderElection (LogUtils.java:infoOrTrace(149)) -   Exception 0: {}
java.util.concurrent.ExecutionException: org.apache.ratis.thirdparty.io.grpc.StatusRuntimeException: UNAVAILABLE: io exception
	at java.util.concurrent.FutureTask.report(FutureTask.java:122)
	at java.util.concurrent.FutureTask.get(FutureTask.java:192)
	at org.apache.ratis.server.impl.LeaderElection.waitForResults(LeaderElection.java:259)
	at org.apache.ratis.server.impl.LeaderElection.askForVotes(LeaderElection.java:197)
	at org.apache.ratis.server.impl.LeaderElection.run(LeaderElection.java:133)
	at java.lang.Thread.run(Thread.java:748)
Caused by: org.apache.ratis.thirdparty.io.grpc.StatusRuntimeException: UNAVAILABLE: io exception
	at org.apache.ratis.thirdparty.io.grpc.stub.ClientCalls.toStatusRuntimeException(ClientCalls.java:233)
	at org.apache.ratis.thirdparty.io.grpc.stub.ClientCalls.getUnchecked(ClientCalls.java:214)
	at org.apache.ratis.thirdparty.io.grpc.stub.ClientCalls.blockingUnaryCall(ClientCalls.java:139)
	at org.apache.ratis.proto.grpc.RaftServerProtocolServiceGrpc$RaftServerProtocolServiceBlockingStub.requestVote(RaftServerProtocolServiceGrpc.java:265)
	at org.apache.ratis.grpc.server.GrpcServerProtocolClient.requestVote(GrpcServerProtocolClient.java:99)
	at org.apache.ratis.grpc.server.GrpcService.requestVote(GrpcService.java:204)
	at org.apache.ratis.server.impl.LeaderElection.lambda$submitRequests$1(LeaderElection.java:234)
	at java.util.concurrent.FutureTask.run(FutureTask.java:266)
	at java.util.concurrent.Executors$RunnableAdapter.call(Executors.java:511)
	at java.util.concurrent.FutureTask.run(FutureTask.java:266)
	at java.util.concurrent.ThreadPoolExecutor.runWorker(ThreadPoolExecutor.java:1149)
	at java.util.concurrent.ThreadPoolExecutor$Worker.run(ThreadPoolExecutor.java:624)
	... 1 more
Caused by: org.apache.ratis.thirdparty.io.netty.channel.AbstractChannel$AnnotatedConnectException: Connection refused: /192.168.34.25:45248
	at sun.nio.ch.SocketChannelImpl.checkConnect(Native Method)
	at sun.nio.ch.SocketChannelImpl.finishConnect(SocketChannelImpl.java:717)
	at org.apache.ratis.thirdparty.io.netty.channel.socket.nio.NioSocketChannel.doFinishConnect(NioSocketChannel.java:327)
	at org.apache.ratis.thirdparty.io.netty.channel.nio.AbstractNioChannel$AbstractNioUnsafe.finishConnect(AbstractNioChannel.java:340)
	at org.apache.ratis.thirdparty.io.netty.channel.nio.NioEventLoop.processSelectedKey(NioEventLoop.java:632)
	at org.apache.ratis.thirdparty.io.netty.channel.nio.NioEventLoop.processSelectedKeysOptimized(NioEventLoop.java:579)
	at org.apache.ratis.thirdparty.io.netty.channel.nio.NioEventLoop.processSelectedKeys(NioEventLoop.java:496)
	at org.apache.ratis.thirdparty.io.netty.channel.nio.NioEventLoop.run(NioEventLoop.java:458)
	at org.apache.ratis.thirdparty.io.netty.util.concurrent.SingleThreadEventExecutor$5.run(SingleThreadEventExecutor.java:897)
	at org.apache.ratis.thirdparty.io.netty.util.concurrent.FastThreadLocalRunnable.run(FastThreadLocalRunnable.java:30)
	... 1 more
Caused by: java.net.ConnectException: Connection refused
	... 11 more
2019-10-18 07:24:11,327 [12ad0800-05cb-443c-9fdd-fa1debf04523@group-BCB82A5C07F5-LeaderElection1229] INFO  impl.RaftServerImpl (RaftServerImpl.java:setRole(184)) - 12ad0800-05cb-443c-9fdd-fa1debf04523@group-BCB82A5C07F5: changes role from CANDIDATE to FOLLOWER at term 174 for DISCOVERED_A_NEW_TERM
2019-10-18 07:24:11,327 [12ad0800-05cb-443c-9fdd-fa1debf04523@group-BCB82A5C07F5-LeaderElection1229] INFO  impl.RoleInfo (RoleInfo.java:shutdownLeaderElection(134)) - 12ad0800-05cb-443c-9fdd-fa1debf04523: shutdown LeaderElection
2019-10-18 07:24:11,327 [12ad0800-05cb-443c-9fdd-fa1debf04523@group-BCB82A5C07F5-LeaderElection1229] INFO  impl.RoleInfo (RoleInfo.java:updateAndGet(143)) - 12ad0800-05cb-443c-9fdd-fa1debf04523: start FollowerState
2019-10-18 07:24:11,382 [Thread-10671] INFO  impl.FollowerState (FollowerState.java:run(108)) - 6633f50a-7046-4b08-9937-8e25f1b14b15@group-0C9C3B2D0CC1-FollowerState: change to CANDIDATE, lastRpcTime:1123ms, electionTimeout:1123ms
2019-10-18 07:24:11,382 [Thread-10671] INFO  impl.RoleInfo (RoleInfo.java:shutdownFollowerState(121)) - 6633f50a-7046-4b08-9937-8e25f1b14b15: shutdown FollowerState
2019-10-18 07:24:11,382 [Thread-10671] INFO  impl.RaftServerImpl (RaftServerImpl.java:setRole(184)) - 6633f50a-7046-4b08-9937-8e25f1b14b15@group-0C9C3B2D0CC1: changes role from  FOLLOWER to CANDIDATE at term 149 for changeToCandidate
2019-10-18 07:24:11,382 [Thread-10671] INFO  impl.RoleInfo (RoleInfo.java:updateAndGet(143)) - 6633f50a-7046-4b08-9937-8e25f1b14b15: start LeaderElection
2019-10-18 07:24:11,401 [Thread-10713] INFO  impl.FollowerState (FollowerState.java:run(108)) - 12ad0800-05cb-443c-9fdd-fa1debf04523@group-BCB82A5C07F5-FollowerState: change to CANDIDATE, lastRpcTime:74ms, electionTimeout:74ms
2019-10-18 07:24:11,401 [Thread-10713] INFO  impl.RoleInfo (RoleInfo.java:shutdownFollowerState(121)) - 12ad0800-05cb-443c-9fdd-fa1debf04523: shutdown FollowerState
2019-10-18 07:24:11,401 [Thread-10713] INFO  impl.RaftServerImpl (RaftServerImpl.java:setRole(184)) - 12ad0800-05cb-443c-9fdd-fa1debf04523@group-BCB82A5C07F5: changes role from  FOLLOWER to CANDIDATE at term 174 for changeToCandidate
2019-10-18 07:24:11,402 [Thread-10713] INFO  impl.RoleInfo (RoleInfo.java:updateAndGet(143)) - 12ad0800-05cb-443c-9fdd-fa1debf04523: start LeaderElection
2019-10-18 07:24:11,409 [6633f50a-7046-4b08-9937-8e25f1b14b15@group-0C9C3B2D0CC1-LeaderElection1230] INFO  impl.LeaderElection (LeaderElection.java:askForVotes(178)) - 6633f50a-7046-4b08-9937-8e25f1b14b15@group-0C9C3B2D0CC1-LeaderElection1230: begin an election at term 150 for 0: [6633f50a-7046-4b08-9937-8e25f1b14b15:192.168.34.25:39338, 67270882-100a-4e75-928d-618d17e069c8:192.168.34.25:36648, 4dea926d-4bc6-487a-9b9b-9fd457d0fae4:192.168.34.25:41624], old=null
2019-10-18 07:24:11,410 [6633f50a-7046-4b08-9937-8e25f1b14b15@group-0C9C3B2D0CC1-LeaderElection1230] INFO  impl.LeaderElection (LogUtils.java:infoOrTrace(149)) - 6633f50a-7046-4b08-9937-8e25f1b14b15@group-0C9C3B2D0CC1-LeaderElection1230 got exception when requesting votes: {}
java.util.concurrent.ExecutionException: org.apache.ratis.thirdparty.io.grpc.StatusRuntimeException: UNAVAILABLE: io exception
	at java.util.concurrent.FutureTask.report(FutureTask.java:122)
	at java.util.concurrent.FutureTask.get(FutureTask.java:192)
	at org.apache.ratis.server.impl.LeaderElection.waitForResults(LeaderElection.java:259)
	at org.apache.ratis.server.impl.LeaderElection.askForVotes(LeaderElection.java:197)
	at org.apache.ratis.server.impl.LeaderElection.run(LeaderElection.java:133)
	at java.lang.Thread.run(Thread.java:748)
Caused by: org.apache.ratis.thirdparty.io.grpc.StatusRuntimeException: UNAVAILABLE: io exception
	at org.apache.ratis.thirdparty.io.grpc.stub.ClientCalls.toStatusRuntimeException(ClientCalls.java:233)
	at org.apache.ratis.thirdparty.io.grpc.stub.ClientCalls.getUnchecked(ClientCalls.java:214)
	at org.apache.ratis.thirdparty.io.grpc.stub.ClientCalls.blockingUnaryCall(ClientCalls.java:139)
	at org.apache.ratis.proto.grpc.RaftServerProtocolServiceGrpc$RaftServerProtocolServiceBlockingStub.requestVote(RaftServerProtocolServiceGrpc.java:265)
	at org.apache.ratis.grpc.server.GrpcServerProtocolClient.requestVote(GrpcServerProtocolClient.java:99)
	at org.apache.ratis.grpc.server.GrpcService.requestVote(GrpcService.java:204)
	at org.apache.ratis.server.impl.LeaderElection.lambda$submitRequests$1(LeaderElection.java:234)
	at java.util.concurrent.FutureTask.run(FutureTask.java:266)
	at java.util.concurrent.Executors$RunnableAdapter.call(Executors.java:511)
	at java.util.concurrent.FutureTask.run(FutureTask.java:266)
	at java.util.concurrent.ThreadPoolExecutor.runWorker(ThreadPoolExecutor.java:1149)
	at java.util.concurrent.ThreadPoolExecutor$Worker.run(ThreadPoolExecutor.java:624)
	... 1 more
Caused by: org.apache.ratis.thirdparty.io.netty.channel.AbstractChannel$AnnotatedConnectException: Connection refused: /192.168.34.25:41624
	at sun.nio.ch.SocketChannelImpl.checkConnect(Native Method)
	at sun.nio.ch.SocketChannelImpl.finishConnect(SocketChannelImpl.java:717)
	at org.apache.ratis.thirdparty.io.netty.channel.socket.nio.NioSocketChannel.doFinishConnect(NioSocketChannel.java:327)
	at org.apache.ratis.thirdparty.io.netty.channel.nio.AbstractNioChannel$AbstractNioUnsafe.finishConnect(AbstractNioChannel.java:340)
	at org.apache.ratis.thirdparty.io.netty.channel.nio.NioEventLoop.processSelectedKey(NioEventLoop.java:632)
	at org.apache.ratis.thirdparty.io.netty.channel.nio.NioEventLoop.processSelectedKeysOptimized(NioEventLoop.java:579)
	at org.apache.ratis.thirdparty.io.netty.channel.nio.NioEventLoop.processSelectedKeys(NioEventLoop.java:496)
	at org.apache.ratis.thirdparty.io.netty.channel.nio.NioEventLoop.run(NioEventLoop.java:458)
	at org.apache.ratis.thirdparty.io.netty.util.concurrent.SingleThreadEventExecutor$5.run(SingleThreadEventExecutor.java:897)
	at org.apache.ratis.thirdparty.io.netty.util.concurrent.FastThreadLocalRunnable.run(FastThreadLocalRunnable.java:30)
	... 1 more
Caused by: java.net.ConnectException: Connection refused
	... 11 more
2019-10-18 07:24:11,411 [grpc-default-executor-14] INFO  impl.RaftServerImpl (RaftServerImpl.java:setRole(184)) - 67270882-100a-4e75-928d-618d17e069c8@group-0C9C3B2D0CC1: changes role from  FOLLOWER to FOLLOWER at term 150 for recognizeCandidate:6633f50a-7046-4b08-9937-8e25f1b14b15
2019-10-18 07:24:11,411 [grpc-default-executor-14] INFO  impl.RoleInfo (RoleInfo.java:shutdownFollowerState(121)) - 67270882-100a-4e75-928d-618d17e069c8: shutdown FollowerState
2019-10-18 07:24:11,411 [grpc-default-executor-14] INFO  impl.RoleInfo (RoleInfo.java:updateAndGet(143)) - 67270882-100a-4e75-928d-618d17e069c8: start FollowerState
2019-10-18 07:24:11,411 [Thread-10672] INFO  impl.FollowerState (FollowerState.java:run(117)) - 67270882-100a-4e75-928d-618d17e069c8@group-0C9C3B2D0CC1-FollowerState was interrupted: java.lang.InterruptedException: sleep interrupted
2019-10-18 07:24:11,426 [12ad0800-05cb-443c-9fdd-fa1debf04523@group-BCB82A5C07F5-LeaderElection1231] INFO  impl.LeaderElection (LeaderElection.java:askForVotes(178)) - 12ad0800-05cb-443c-9fdd-fa1debf04523@group-BCB82A5C07F5-LeaderElection1231: begin an election at term 175 for -1: [12ad0800-05cb-443c-9fdd-fa1debf04523:192.168.34.25:41155, 5170c5f3-8499-4b42-9321-85fc8a351f79:192.168.34.25:43074, 0b10a9fc-47eb-4a2b-b664-8273d9d17379:192.168.34.25:45248], old=null
2019-10-18 07:24:11,427 [6633f50a-7046-4b08-9937-8e25f1b14b15@group-0C9C3B2D0CC1-LeaderElection1230] INFO  impl.LeaderElection (LeaderElection.java:logAndReturn(56)) - 6633f50a-7046-4b08-9937-8e25f1b14b15@group-0C9C3B2D0CC1-LeaderElection1230: Election PASSED; received 1 response(s) [6633f50a-7046-4b08-9937-8e25f1b14b15<-67270882-100a-4e75-928d-618d17e069c8#0:OK-t150] and 1 exception(s); 6633f50a-7046-4b08-9937-8e25f1b14b15@group-0C9C3B2D0CC1:t150, leader=null, voted=6633f50a-7046-4b08-9937-8e25f1b14b15, raftlog=6633f50a-7046-4b08-9937-8e25f1b14b15@group-0C9C3B2D0CC1-SegmentedRaftLog:OPENED:c-1,f0,i0, conf=0: [6633f50a-7046-4b08-9937-8e25f1b14b15:192.168.34.25:39338, 67270882-100a-4e75-928d-618d17e069c8:192.168.34.25:36648, 4dea926d-4bc6-487a-9b9b-9fd457d0fae4:192.168.34.25:41624], old=null
2019-10-18 07:24:11,427 [6633f50a-7046-4b08-9937-8e25f1b14b15@group-0C9C3B2D0CC1-LeaderElection1230] INFO  impl.LeaderElection (LogUtils.java:infoOrTrace(149)) -   Exception 0: {}
java.util.concurrent.ExecutionException: org.apache.ratis.thirdparty.io.grpc.StatusRuntimeException: UNAVAILABLE: io exception
	at java.util.concurrent.FutureTask.report(FutureTask.java:122)
	at java.util.concurrent.FutureTask.get(FutureTask.java:192)
	at org.apache.ratis.server.impl.LeaderElection.waitForResults(LeaderElection.java:259)
	at org.apache.ratis.server.impl.LeaderElection.askForVotes(LeaderElection.java:197)
	at org.apache.ratis.server.impl.LeaderElection.run(LeaderElection.java:133)
	at java.lang.Thread.run(Thread.java:748)
Caused by: org.apache.ratis.thirdparty.io.grpc.StatusRuntimeException: UNAVAILABLE: io exception
	at org.apache.ratis.thirdparty.io.grpc.stub.ClientCalls.toStatusRuntimeException(ClientCalls.java:233)
	at org.apache.ratis.thirdparty.io.grpc.stub.ClientCalls.getUnchecked(ClientCalls.java:214)
	at org.apache.ratis.thirdparty.io.grpc.stub.ClientCalls.blockingUnaryCall(ClientCalls.java:139)
	at org.apache.ratis.proto.grpc.RaftServerProtocolServiceGrpc$RaftServerProtocolServiceBlockingStub.requestVote(RaftServerProtocolServiceGrpc.java:265)
	at org.apache.ratis.grpc.server.GrpcServerProtocolClient.requestVote(GrpcServerProtocolClient.java:99)
	at org.apache.ratis.grpc.server.GrpcService.requestVote(GrpcService.java:204)
	at org.apache.ratis.server.impl.LeaderElection.lambda$submitRequests$1(LeaderElection.java:234)
	at java.util.concurrent.FutureTask.run(FutureTask.java:266)
	at java.util.concurrent.Executors$RunnableAdapter.call(Executors.java:511)
	at java.util.concurrent.FutureTask.run(FutureTask.java:266)
	at java.util.concurrent.ThreadPoolExecutor.runWorker(ThreadPoolExecutor.java:1149)
	at java.util.concurrent.ThreadPoolExecutor$Worker.run(ThreadPoolExecutor.java:624)
	... 1 more
Caused by: org.apache.ratis.thirdparty.io.netty.channel.AbstractChannel$AnnotatedConnectException: Connection refused: /192.168.34.25:41624
	at sun.nio.ch.SocketChannelImpl.checkConnect(Native Method)
	at sun.nio.ch.SocketChannelImpl.finishConnect(SocketChannelImpl.java:717)
	at org.apache.ratis.thirdparty.io.netty.channel.socket.nio.NioSocketChannel.doFinishConnect(NioSocketChannel.java:327)
	at org.apache.ratis.thirdparty.io.netty.channel.nio.AbstractNioChannel$AbstractNioUnsafe.finishConnect(AbstractNioChannel.java:340)
	at org.apache.ratis.thirdparty.io.netty.channel.nio.NioEventLoop.processSelectedKey(NioEventLoop.java:632)
	at org.apache.ratis.thirdparty.io.netty.channel.nio.NioEventLoop.processSelectedKeysOptimized(NioEventLoop.java:579)
	at org.apache.ratis.thirdparty.io.netty.channel.nio.NioEventLoop.processSelectedKeys(NioEventLoop.java:496)
	at org.apache.ratis.thirdparty.io.netty.channel.nio.NioEventLoop.run(NioEventLoop.java:458)
	at org.apache.ratis.thirdparty.io.netty.util.concurrent.SingleThreadEventExecutor$5.run(SingleThreadEventExecutor.java:897)
	at org.apache.ratis.thirdparty.io.netty.util.concurrent.FastThreadLocalRunnable.run(FastThreadLocalRunnable.java:30)
	... 1 more
Caused by: java.net.ConnectException: Connection refused
	... 11 more
2019-10-18 07:24:11,427 [12ad0800-05cb-443c-9fdd-fa1debf04523@group-BCB82A5C07F5-LeaderElection1231] INFO  impl.LeaderElection (LogUtils.java:infoOrTrace(149)) - 12ad0800-05cb-443c-9fdd-fa1debf04523@group-BCB82A5C07F5-LeaderElection1231 got exception when requesting votes: {}
java.util.concurrent.ExecutionException: org.apache.ratis.thirdparty.io.grpc.StatusRuntimeException: UNAVAILABLE: io exception
	at java.util.concurrent.FutureTask.report(FutureTask.java:122)
	at java.util.concurrent.FutureTask.get(FutureTask.java:192)
	at org.apache.ratis.server.impl.LeaderElection.waitForResults(LeaderElection.java:259)
	at org.apache.ratis.server.impl.LeaderElection.askForVotes(LeaderElection.java:197)
	at org.apache.ratis.server.impl.LeaderElection.run(LeaderElection.java:133)
	at java.lang.Thread.run(Thread.java:748)
Caused by: org.apache.ratis.thirdparty.io.grpc.StatusRuntimeException: UNAVAILABLE: io exception
	at org.apache.ratis.thirdparty.io.grpc.stub.ClientCalls.toStatusRuntimeException(ClientCalls.java:233)
	at org.apache.ratis.thirdparty.io.grpc.stub.ClientCalls.getUnchecked(ClientCalls.java:214)
	at org.apache.ratis.thirdparty.io.grpc.stub.ClientCalls.blockingUnaryCall(ClientCalls.java:139)
	at org.apache.ratis.proto.grpc.RaftServerProtocolServiceGrpc$RaftServerProtocolServiceBlockingStub.requestVote(RaftServerProtocolServiceGrpc.java:265)
	at org.apache.ratis.grpc.server.GrpcServerProtocolClient.requestVote(GrpcServerProtocolClient.java:99)
	at org.apache.ratis.grpc.server.GrpcService.requestVote(GrpcService.java:204)
	at org.apache.ratis.server.impl.LeaderElection.lambda$submitRequests$1(LeaderElection.java:234)
	at java.util.concurrent.FutureTask.run(FutureTask.java:266)
	at java.util.concurrent.Executors$RunnableAdapter.call(Executors.java:511)
	at java.util.concurrent.FutureTask.run(FutureTask.java:266)
	at java.util.concurrent.ThreadPoolExecutor.runWorker(ThreadPoolExecutor.java:1149)
	at java.util.concurrent.ThreadPoolExecutor$Worker.run(ThreadPoolExecutor.java:624)
	... 1 more
Caused by: org.apache.ratis.thirdparty.io.netty.channel.AbstractChannel$AnnotatedConnectException: Connection refused: /192.168.34.25:45248
	at sun.nio.ch.SocketChannelImpl.checkConnect(Native Method)
	at sun.nio.ch.SocketChannelImpl.finishConnect(SocketChannelImpl.java:717)
	at org.apache.ratis.thirdparty.io.netty.channel.socket.nio.NioSocketChannel.doFinishConnect(NioSocketChannel.java:327)
	at org.apache.ratis.thirdparty.io.netty.channel.nio.AbstractNioChannel$AbstractNioUnsafe.finishConnect(AbstractNioChannel.java:340)
	at org.apache.ratis.thirdparty.io.netty.channel.nio.NioEventLoop.processSelectedKey(NioEventLoop.java:632)
	at org.apache.ratis.thirdparty.io.netty.channel.nio.NioEventLoop.processSelectedKeysOptimized(NioEventLoop.java:579)
	at org.apache.ratis.thirdparty.io.netty.channel.nio.NioEventLoop.processSelectedKeys(NioEventLoop.java:496)
	at org.apache.ratis.thirdparty.io.netty.channel.nio.NioEventLoop.run(NioEventLoop.java:458)
	at org.apache.ratis.thirdparty.io.netty.util.concurrent.SingleThreadEventExecutor$5.run(SingleThreadEventExecutor.java:897)
	at org.apache.ratis.thirdparty.io.netty.util.concurrent.FastThreadLocalRunnable.run(FastThreadLocalRunnable.java:30)
	... 1 more
Caused by: java.net.ConnectException: Connection refused
	... 11 more
2019-10-18 07:24:11,428 [grpc-default-executor-14] INFO  impl.RaftServerImpl (RaftServerImpl.java:setRole(184)) - 5170c5f3-8499-4b42-9321-85fc8a351f79@group-BCB82A5C07F5: changes role from  FOLLOWER to FOLLOWER at term 175 for recognizeCandidate:12ad0800-05cb-443c-9fdd-fa1debf04523
2019-10-18 07:24:11,428 [grpc-default-executor-14] INFO  impl.RoleInfo (RoleInfo.java:shutdownFollowerState(121)) - 5170c5f3-8499-4b42-9321-85fc8a351f79: shutdown FollowerState
2019-10-18 07:24:11,427 [6633f50a-7046-4b08-9937-8e25f1b14b15@group-0C9C3B2D0CC1-LeaderElection1230] INFO  impl.RoleInfo (RoleInfo.java:shutdownLeaderElection(134)) - 6633f50a-7046-4b08-9937-8e25f1b14b15: shutdown LeaderElection
2019-10-18 07:24:11,428 [Thread-10712] INFO  impl.FollowerState (FollowerState.java:run(117)) - 5170c5f3-8499-4b42-9321-85fc8a351f79@group-BCB82A5C07F5-FollowerState was interrupted: java.lang.InterruptedException: sleep interrupted
2019-10-18 07:24:11,428 [grpc-default-executor-14] INFO  impl.RoleInfo (RoleInfo.java:updateAndGet(143)) - 5170c5f3-8499-4b42-9321-85fc8a351f79: start FollowerState
2019-10-18 07:24:11,428 [6633f50a-7046-4b08-9937-8e25f1b14b15@group-0C9C3B2D0CC1-LeaderElection1230] INFO  impl.RaftServerImpl (RaftServerImpl.java:setRole(184)) - 6633f50a-7046-4b08-9937-8e25f1b14b15@group-0C9C3B2D0CC1: changes role from CANDIDATE to LEADER at term 150 for changeToLeader
2019-10-18 07:24:11,429 [6633f50a-7046-4b08-9937-8e25f1b14b15@group-0C9C3B2D0CC1-LeaderElection1230] INFO  impl.RaftServerImpl (ServerState.java:setLeader(256)) - 6633f50a-7046-4b08-9937-8e25f1b14b15@group-0C9C3B2D0CC1: change Leader from null to 6633f50a-7046-4b08-9937-8e25f1b14b15 at term 150 for becomeLeader, leader elected after 23208ms
2019-10-18 07:24:11,429 [6633f50a-7046-4b08-9937-8e25f1b14b15@group-0C9C3B2D0CC1-LeaderElection1230] INFO  server.RaftServerConfigKeys (ConfUtils.java:logGet(43)) - raft.server.staging.catchup.gap = 1000 (default)
2019-10-18 07:24:11,429 [6633f50a-7046-4b08-9937-8e25f1b14b15@group-0C9C3B2D0CC1-LeaderElection1230] INFO  server.RaftServerConfigKeys (ConfUtils.java:logGet(43)) - raft.server.rpc.sleep.time = 25ms (default)
2019-10-18 07:24:11,429 [6633f50a-7046-4b08-9937-8e25f1b14b15@group-0C9C3B2D0CC1-LeaderElection1230] INFO  server.RaftServerConfigKeys (ConfUtils.java:logGet(43)) - raft.server.write.element-limit = 4096 (default)
2019-10-18 07:24:11,429 [6633f50a-7046-4b08-9937-8e25f1b14b15@group-0C9C3B2D0CC1-LeaderElection1230] INFO  server.RaftServerConfigKeys (ConfUtils.java:logGet(43)) - raft.server.watch.timeout = 10s (default)
2019-10-18 07:24:11,429 [6633f50a-7046-4b08-9937-8e25f1b14b15@group-0C9C3B2D0CC1-LeaderElection1230] INFO  server.RaftServerConfigKeys (ConfUtils.java:logGet(43)) - raft.server.watch.timeout.denomination = 1s (default)
2019-10-18 07:24:11,430 [6633f50a-7046-4b08-9937-8e25f1b14b15@group-0C9C3B2D0CC1-LeaderElection1230] INFO  server.RaftServerConfigKeys (ConfUtils.java:logGet(43)) - raft.server.watch.element-limit = 65536 (default)
2019-10-18 07:24:11,432 [6633f50a-7046-4b08-9937-8e25f1b14b15@group-0C9C3B2D0CC1-LeaderElection1230] INFO  server.RaftServerConfigKeys (ConfUtils.java:logGet(43)) - raft.server.log.appender.snapshot.chunk.size.max = 16MB (=16777216) (default)
2019-10-18 07:24:11,432 [6633f50a-7046-4b08-9937-8e25f1b14b15@group-0C9C3B2D0CC1-LeaderElection1230] INFO  server.RaftServerConfigKeys (ConfUtils.java:logGet(43)) - raft.server.log.appender.buffer.byte-limit = 33554432 (custom)
2019-10-18 07:24:11,433 [6633f50a-7046-4b08-9937-8e25f1b14b15@group-0C9C3B2D0CC1-LeaderElection1230] INFO  server.RaftServerConfigKeys (ConfUtils.java:logGet(43)) - raft.server.log.appender.buffer.element-limit = 1 (custom)
2019-10-18 07:24:11,433 [6633f50a-7046-4b08-9937-8e25f1b14b15@group-0C9C3B2D0CC1-LeaderElection1230] INFO  grpc.GrpcConfigKeys$Server (ConfUtils.java:logGet(43)) - raft.grpc.server.leader.outstanding.appends.max = 128 (default)
2019-10-18 07:24:11,433 [6633f50a-7046-4b08-9937-8e25f1b14b15@group-0C9C3B2D0CC1-LeaderElection1230] INFO  server.RaftServerConfigKeys (ConfUtils.java:logGet(43)) - raft.server.rpc.request.timeout = 3000ms (default)
2019-10-18 07:24:11,433 [6633f50a-7046-4b08-9937-8e25f1b14b15@group-0C9C3B2D0CC1-LeaderElection1230] INFO  server.RaftServerConfigKeys (ConfUtils.java:logGet(43)) - raft.server.log.appender.install.snapshot.enabled = false (custom)
2019-10-18 07:24:11,435 [6633f50a-7046-4b08-9937-8e25f1b14b15@group-0C9C3B2D0CC1-LeaderElection1230] INFO  server.RaftServerConfigKeys (ConfUtils.java:logGet(43)) - raft.server.log.appender.snapshot.chunk.size.max = 16MB (=16777216) (default)
2019-10-18 07:24:11,435 [6633f50a-7046-4b08-9937-8e25f1b14b15@group-0C9C3B2D0CC1-LeaderElection1230] INFO  server.RaftServerConfigKeys (ConfUtils.java:logGet(43)) - raft.server.log.appender.buffer.byte-limit = 33554432 (custom)
2019-10-18 07:24:11,435 [6633f50a-7046-4b08-9937-8e25f1b14b15@group-0C9C3B2D0CC1-LeaderElection1230] INFO  server.RaftServerConfigKeys (ConfUtils.java:logGet(43)) - raft.server.log.appender.buffer.element-limit = 1 (custom)
2019-10-18 07:24:11,435 [6633f50a-7046-4b08-9937-8e25f1b14b15@group-0C9C3B2D0CC1-LeaderElection1230] INFO  grpc.GrpcConfigKeys$Server (ConfUtils.java:logGet(43)) - raft.grpc.server.leader.outstanding.appends.max = 128 (default)
2019-10-18 07:24:11,436 [6633f50a-7046-4b08-9937-8e25f1b14b15@group-0C9C3B2D0CC1-LeaderElection1230] INFO  server.RaftServerConfigKeys (ConfUtils.java:logGet(43)) - raft.server.rpc.request.timeout = 3000ms (default)
2019-10-18 07:24:11,436 [6633f50a-7046-4b08-9937-8e25f1b14b15@group-0C9C3B2D0CC1-LeaderElection1230] INFO  server.RaftServerConfigKeys (ConfUtils.java:logGet(43)) - raft.server.log.appender.install.snapshot.enabled = false (custom)
2019-10-18 07:24:11,439 [6633f50a-7046-4b08-9937-8e25f1b14b15@group-0C9C3B2D0CC1-LeaderElection1230] INFO  impl.RoleInfo (RoleInfo.java:updateAndGet(143)) - 6633f50a-7046-4b08-9937-8e25f1b14b15: start LeaderState
2019-10-18 07:24:11,439 [6633f50a-7046-4b08-9937-8e25f1b14b15@group-0C9C3B2D0CC1-LeaderElection1230] INFO  segmented.SegmentedRaftLogWorker (SegmentedRaftLogWorker.java:rollLogSegment(390)) - 6633f50a-7046-4b08-9937-8e25f1b14b15@group-0C9C3B2D0CC1-SegmentedRaftLogWorker: Rolling segment log-0_0 to index:0
2019-10-18 07:24:11,440 [6633f50a-7046-4b08-9937-8e25f1b14b15@group-0C9C3B2D0CC1-LeaderElection1230] INFO  impl.RaftServerImpl (ServerState.java:setRaftConf(357)) - 6633f50a-7046-4b08-9937-8e25f1b14b15@group-0C9C3B2D0CC1: set configuration 1: [6633f50a-7046-4b08-9937-8e25f1b14b15:192.168.34.25:39338, 67270882-100a-4e75-928d-618d17e069c8:192.168.34.25:36648, 4dea926d-4bc6-487a-9b9b-9fd457d0fae4:192.168.34.25:41624], old=null at 1
2019-10-18 07:24:11,441 [grpc-default-executor-4] WARN  server.GrpcLogAppender (LogUtils.java:warn(134)) - 6633f50a-7046-4b08-9937-8e25f1b14b15@group-0C9C3B2D0CC1->4dea926d-4bc6-487a-9b9b-9fd457d0fae4-AppendLogResponseHandler: Failed appendEntries: org.apache.ratis.thirdparty.io.grpc.StatusRuntimeException: UNAVAILABLE: io exception
2019-10-18 07:24:11,443 [grpc-default-executor-4] INFO  impl.RaftServerImpl (ServerState.java:setLeader(256)) - 67270882-100a-4e75-928d-618d17e069c8@group-0C9C3B2D0CC1: change Leader from null to 6633f50a-7046-4b08-9937-8e25f1b14b15 at term 150 for appendEntries, leader elected after 23249ms
2019-10-18 07:24:11,444 [6633f50a-7046-4b08-9937-8e25f1b14b15@group-0C9C3B2D0CC1-SegmentedRaftLogWorker] INFO  segmented.SegmentedRaftLogWorker (SegmentedRaftLogWorker.java:execute(533)) - 6633f50a-7046-4b08-9937-8e25f1b14b15@group-0C9C3B2D0CC1-SegmentedRaftLogWorker: Rolled log segment from /workdir/hadoop-ozone/integration-test/target/test-dir/MiniOzoneClusterImpl-f216ddbe-e8b4-4355-85c5-09cf054ba290/datanode-3/data/ratis/3ac69114-879c-47f6-b70e-0c9c3b2d0cc1/current/log_inprogress_0 to /workdir/hadoop-ozone/integration-test/target/test-dir/MiniOzoneClusterImpl-f216ddbe-e8b4-4355-85c5-09cf054ba290/datanode-3/data/ratis/3ac69114-879c-47f6-b70e-0c9c3b2d0cc1/current/log_0-0
2019-10-18 07:24:11,445 [grpc-default-executor-4] INFO  impl.RaftServerImpl (ServerState.java:setRaftConf(357)) - 67270882-100a-4e75-928d-618d17e069c8@group-0C9C3B2D0CC1: set configuration 1: [6633f50a-7046-4b08-9937-8e25f1b14b15:192.168.34.25:39338, 67270882-100a-4e75-928d-618d17e069c8:192.168.34.25:36648, 4dea926d-4bc6-487a-9b9b-9fd457d0fae4:192.168.34.25:41624], old=null at 1
2019-10-18 07:24:11,446 [grpc-default-executor-4] INFO  segmented.SegmentedRaftLogWorker (SegmentedRaftLogWorker.java:rollLogSegment(390)) - 67270882-100a-4e75-928d-618d17e069c8@group-0C9C3B2D0CC1-SegmentedRaftLogWorker: Rolling segment log-0_0 to index:0
2019-10-18 07:24:11,446 [67270882-100a-4e75-928d-618d17e069c8@group-0C9C3B2D0CC1-SegmentedRaftLogWorker] INFO  segmented.SegmentedRaftLogWorker (SegmentedRaftLogWorker.java:execute(533)) - 67270882-100a-4e75-928d-618d17e069c8@group-0C9C3B2D0CC1-SegmentedRaftLogWorker: Rolled log segment from /workdir/hadoop-ozone/integration-test/target/test-dir/MiniOzoneClusterImpl-f216ddbe-e8b4-4355-85c5-09cf054ba290/datanode-0/data/ratis/3ac69114-879c-47f6-b70e-0c9c3b2d0cc1/current/log_inprogress_0 to /workdir/hadoop-ozone/integration-test/target/test-dir/MiniOzoneClusterImpl-f216ddbe-e8b4-4355-85c5-09cf054ba290/datanode-0/data/ratis/3ac69114-879c-47f6-b70e-0c9c3b2d0cc1/current/log_0-0
2019-10-18 07:24:11,453 [12ad0800-05cb-443c-9fdd-fa1debf04523@group-BCB82A5C07F5-LeaderElection1231] INFO  impl.LeaderElection (LeaderElection.java:logAndReturn(56)) - 12ad0800-05cb-443c-9fdd-fa1debf04523@group-BCB82A5C07F5-LeaderElection1231: Election REJECTED; received 1 response(s) [12ad0800-05cb-443c-9fdd-fa1debf04523<-5170c5f3-8499-4b42-9321-85fc8a351f79#0:FAIL-t175] and 1 exception(s); 12ad0800-05cb-443c-9fdd-fa1debf04523@group-BCB82A5C07F5:t175, leader=null, voted=12ad0800-05cb-443c-9fdd-fa1debf04523, raftlog=12ad0800-05cb-443c-9fdd-fa1debf04523@group-BCB82A5C07F5-SegmentedRaftLog:OPENED:c-1,f-1,i0, conf=-1: [12ad0800-05cb-443c-9fdd-fa1debf04523:192.168.34.25:41155, 5170c5f3-8499-4b42-9321-85fc8a351f79:192.168.34.25:43074, 0b10a9fc-47eb-4a2b-b664-8273d9d17379:192.168.34.25:45248], old=null
2019-10-18 07:24:11,453 [12ad0800-05cb-443c-9fdd-fa1debf04523@group-BCB82A5C07F5-LeaderElection1231] INFO  impl.LeaderElection (LogUtils.java:infoOrTrace(149)) -   Exception 0: {}
java.util.concurrent.ExecutionException: org.apache.ratis.thirdparty.io.grpc.StatusRuntimeException: UNAVAILABLE: io exception
	at java.util.concurrent.FutureTask.report(FutureTask.java:122)
	at java.util.concurrent.FutureTask.get(FutureTask.java:192)
	at org.apache.ratis.server.impl.LeaderElection.waitForResults(LeaderElection.java:259)
	at org.apache.ratis.server.impl.LeaderElection.askForVotes(LeaderElection.java:197)
	at org.apache.ratis.server.impl.LeaderElection.run(LeaderElection.java:133)
	at java.lang.Thread.run(Thread.java:748)
Caused by: org.apache.ratis.thirdparty.io.grpc.StatusRuntimeException: UNAVAILABLE: io exception
	at org.apache.ratis.thirdparty.io.grpc.stub.ClientCalls.toStatusRuntimeException(ClientCalls.java:233)
	at org.apache.ratis.thirdparty.io.grpc.stub.ClientCalls.getUnchecked(ClientCalls.java:214)
	at org.apache.ratis.thirdparty.io.grpc.stub.ClientCalls.blockingUnaryCall(ClientCalls.java:139)
	at org.apache.ratis.proto.grpc.RaftServerProtocolServiceGrpc$RaftServerProtocolServiceBlockingStub.requestVote(RaftServerProtocolServiceGrpc.java:265)
	at org.apache.ratis.grpc.server.GrpcServerProtocolClient.requestVote(GrpcServerProtocolClient.java:99)
	at org.apache.ratis.grpc.server.GrpcService.requestVote(GrpcService.java:204)
	at org.apache.ratis.server.impl.LeaderElection.lambda$submitRequests$1(LeaderElection.java:234)
	at java.util.concurrent.FutureTask.run(FutureTask.java:266)
	at java.util.concurrent.Executors$RunnableAdapter.call(Executors.java:511)
	at java.util.concurrent.FutureTask.run(FutureTask.java:266)
	at java.util.concurrent.ThreadPoolExecutor.runWorker(ThreadPoolExecutor.java:1149)
	at java.util.concurrent.ThreadPoolExecutor$Worker.run(ThreadPoolExecutor.java:624)
	... 1 more
Caused by: org.apache.ratis.thirdparty.io.netty.channel.AbstractChannel$AnnotatedConnectException: Connection refused: /192.168.34.25:45248
	at sun.nio.ch.SocketChannelImpl.checkConnect(Native Method)
	at sun.nio.ch.SocketChannelImpl.finishConnect(SocketChannelImpl.java:717)
	at org.apache.ratis.thirdparty.io.netty.channel.socket.nio.NioSocketChannel.doFinishConnect(NioSocketChannel.java:327)
	at org.apache.ratis.thirdparty.io.netty.channel.nio.AbstractNioChannel$AbstractNioUnsafe.finishConnect(AbstractNioChannel.java:340)
	at org.apache.ratis.thirdparty.io.netty.channel.nio.NioEventLoop.processSelectedKey(NioEventLoop.java:632)
	at org.apache.ratis.thirdparty.io.netty.channel.nio.NioEventLoop.processSelectedKeysOptimized(NioEventLoop.java:579)
	at org.apache.ratis.thirdparty.io.netty.channel.nio.NioEventLoop.processSelectedKeys(NioEventLoop.java:496)
	at org.apache.ratis.thirdparty.io.netty.channel.nio.NioEventLoop.run(NioEventLoop.java:458)
	at org.apache.ratis.thirdparty.io.netty.util.concurrent.SingleThreadEventExecutor$5.run(SingleThreadEventExecutor.java:897)
	at org.apache.ratis.thirdparty.io.netty.util.concurrent.FastThreadLocalRunnable.run(FastThreadLocalRunnable.java:30)
	... 1 more
Caused by: java.net.ConnectException: Connection refused
	... 11 more
2019-10-18 07:24:11,454 [12ad0800-05cb-443c-9fdd-fa1debf04523@group-BCB82A5C07F5-LeaderElection1231] INFO  impl.RaftServerImpl (RaftServerImpl.java:setRole(184)) - 12ad0800-05cb-443c-9fdd-fa1debf04523@group-BCB82A5C07F5: changes role from CANDIDATE to FOLLOWER at term 175 for DISCOVERED_A_NEW_TERM
2019-10-18 07:24:11,454 [12ad0800-05cb-443c-9fdd-fa1debf04523@group-BCB82A5C07F5-LeaderElection1231] INFO  impl.RoleInfo (RoleInfo.java:shutdownLeaderElection(134)) - 12ad0800-05cb-443c-9fdd-fa1debf04523: shutdown LeaderElection
2019-10-18 07:24:11,454 [12ad0800-05cb-443c-9fdd-fa1debf04523@group-BCB82A5C07F5-LeaderElection1231] INFO  impl.RoleInfo (RoleInfo.java:updateAndGet(143)) - 12ad0800-05cb-443c-9fdd-fa1debf04523: start FollowerState
2019-10-18 07:24:11,512 [6633f50a-7046-4b08-9937-8e25f1b14b15@group-0C9C3B2D0CC1-SegmentedRaftLogWorker] INFO  segmented.SegmentedRaftLogWorker (SegmentedRaftLogWorker.java:execute(576)) - 6633f50a-7046-4b08-9937-8e25f1b14b15@group-0C9C3B2D0CC1-SegmentedRaftLogWorker: created new log segment /workdir/hadoop-ozone/integration-test/target/test-dir/MiniOzoneClusterImpl-f216ddbe-e8b4-4355-85c5-09cf054ba290/datanode-3/data/ratis/3ac69114-879c-47f6-b70e-0c9c3b2d0cc1/current/log_inprogress_1
2019-10-18 07:24:11,512 [67270882-100a-4e75-928d-618d17e069c8@group-0C9C3B2D0CC1-SegmentedRaftLogWorker] INFO  segmented.SegmentedRaftLogWorker (SegmentedRaftLogWorker.java:execute(576)) - 67270882-100a-4e75-928d-618d17e069c8@group-0C9C3B2D0CC1-SegmentedRaftLogWorker: created new log segment /workdir/hadoop-ozone/integration-test/target/test-dir/MiniOzoneClusterImpl-f216ddbe-e8b4-4355-85c5-09cf054ba290/datanode-0/data/ratis/3ac69114-879c-47f6-b70e-0c9c3b2d0cc1/current/log_inprogress_1
2019-10-18 07:24:11,520 [Thread-10728] INFO  impl.FollowerState (FollowerState.java:run(108)) - 12ad0800-05cb-443c-9fdd-fa1debf04523@group-BCB82A5C07F5-FollowerState: change to CANDIDATE, lastRpcTime:66ms, electionTimeout:66ms
2019-10-18 07:24:11,521 [Thread-10728] INFO  impl.RoleInfo (RoleInfo.java:shutdownFollowerState(121)) - 12ad0800-05cb-443c-9fdd-fa1debf04523: shutdown FollowerState
2019-10-18 07:24:11,521 [Thread-10728] INFO  impl.RaftServerImpl (RaftServerImpl.java:setRole(184)) - 12ad0800-05cb-443c-9fdd-fa1debf04523@group-BCB82A5C07F5: changes role from  FOLLOWER to CANDIDATE at term 175 for changeToCandidate
2019-10-18 07:24:11,521 [Thread-10728] INFO  impl.RoleInfo (RoleInfo.java:updateAndGet(143)) - 12ad0800-05cb-443c-9fdd-fa1debf04523: start LeaderElection
2019-10-18 07:24:11,537 [12ad0800-05cb-443c-9fdd-fa1debf04523@group-BCB82A5C07F5-LeaderElection1232] INFO  impl.LeaderElection (LeaderElection.java:askForVotes(178)) - 12ad0800-05cb-443c-9fdd-fa1debf04523@group-BCB82A5C07F5-LeaderElection1232: begin an election at term 176 for -1: [12ad0800-05cb-443c-9fdd-fa1debf04523:192.168.34.25:41155, 5170c5f3-8499-4b42-9321-85fc8a351f79:192.168.34.25:43074, 0b10a9fc-47eb-4a2b-b664-8273d9d17379:192.168.34.25:45248], old=null
2019-10-18 07:24:11,538 [12ad0800-05cb-443c-9fdd-fa1debf04523@group-BCB82A5C07F5-LeaderElection1232] INFO  impl.LeaderElection (LogUtils.java:infoOrTrace(149)) - 12ad0800-05cb-443c-9fdd-fa1debf04523@group-BCB82A5C07F5-LeaderElection1232 got exception when requesting votes: {}
java.util.concurrent.ExecutionException: org.apache.ratis.thirdparty.io.grpc.StatusRuntimeException: UNAVAILABLE: io exception
	at java.util.concurrent.FutureTask.report(FutureTask.java:122)
	at java.util.concurrent.FutureTask.get(FutureTask.java:192)
	at org.apache.ratis.server.impl.LeaderElection.waitForResults(LeaderElection.java:259)
	at org.apache.ratis.server.impl.LeaderElection.askForVotes(LeaderElection.java:197)
	at org.apache.ratis.server.impl.LeaderElection.run(LeaderElection.java:133)
	at java.lang.Thread.run(Thread.java:748)
Caused by: org.apache.ratis.thirdparty.io.grpc.StatusRuntimeException: UNAVAILABLE: io exception
	at org.apache.ratis.thirdparty.io.grpc.stub.ClientCalls.toStatusRuntimeException(ClientCalls.java:233)
	at org.apache.ratis.thirdparty.io.grpc.stub.ClientCalls.getUnchecked(ClientCalls.java:214)
	at org.apache.ratis.thirdparty.io.grpc.stub.ClientCalls.blockingUnaryCall(ClientCalls.java:139)
	at org.apache.ratis.proto.grpc.RaftServerProtocolServiceGrpc$RaftServerProtocolServiceBlockingStub.requestVote(RaftServerProtocolServiceGrpc.java:265)
	at org.apache.ratis.grpc.server.GrpcServerProtocolClient.requestVote(GrpcServerProtocolClient.java:99)
	at org.apache.ratis.grpc.server.GrpcService.requestVote(GrpcService.java:204)
	at org.apache.ratis.server.impl.LeaderElection.lambda$submitRequests$1(LeaderElection.java:234)
	at java.util.concurrent.FutureTask.run(FutureTask.java:266)
	at java.util.concurrent.Executors$RunnableAdapter.call(Executors.java:511)
	at java.util.concurrent.FutureTask.run(FutureTask.java:266)
	at java.util.concurrent.ThreadPoolExecutor.runWorker(ThreadPoolExecutor.java:1149)
	at java.util.concurrent.ThreadPoolExecutor$Worker.run(ThreadPoolExecutor.java:624)
	... 1 more
Caused by: org.apache.ratis.thirdparty.io.netty.channel.AbstractChannel$AnnotatedConnectException: Connection refused: /192.168.34.25:45248
	at sun.nio.ch.SocketChannelImpl.checkConnect(Native Method)
	at sun.nio.ch.SocketChannelImpl.finishConnect(SocketChannelImpl.java:717)
	at org.apache.ratis.thirdparty.io.netty.channel.socket.nio.NioSocketChannel.doFinishConnect(NioSocketChannel.java:327)
	at org.apache.ratis.thirdparty.io.netty.channel.nio.AbstractNioChannel$AbstractNioUnsafe.finishConnect(AbstractNioChannel.java:340)
	at org.apache.ratis.thirdparty.io.netty.channel.nio.NioEventLoop.processSelectedKey(NioEventLoop.java:632)
	at org.apache.ratis.thirdparty.io.netty.channel.nio.NioEventLoop.processSelectedKeysOptimized(NioEventLoop.java:579)
	at org.apache.ratis.thirdparty.io.netty.channel.nio.NioEventLoop.processSelectedKeys(NioEventLoop.java:496)
	at org.apache.ratis.thirdparty.io.netty.channel.nio.NioEventLoop.run(NioEventLoop.java:458)
	at org.apache.ratis.thirdparty.io.netty.util.concurrent.SingleThreadEventExecutor$5.run(SingleThreadEventExecutor.java:897)
	at org.apache.ratis.thirdparty.io.netty.util.concurrent.FastThreadLocalRunnable.run(FastThreadLocalRunnable.java:30)
	... 1 more
Caused by: java.net.ConnectException: Connection refused
	... 11 more
2019-10-18 07:24:11,539 [grpc-default-executor-14] INFO  impl.RaftServerImpl (RaftServerImpl.java:setRole(184)) - 5170c5f3-8499-4b42-9321-85fc8a351f79@group-BCB82A5C07F5: changes role from  FOLLOWER to FOLLOWER at term 176 for recognizeCandidate:12ad0800-05cb-443c-9fdd-fa1debf04523
2019-10-18 07:24:11,539 [grpc-default-executor-14] INFO  impl.RoleInfo (RoleInfo.java:shutdownFollowerState(121)) - 5170c5f3-8499-4b42-9321-85fc8a351f79: shutdown FollowerState
2019-10-18 07:24:11,539 [grpc-default-executor-14] INFO  impl.RoleInfo (RoleInfo.java:updateAndGet(143)) - 5170c5f3-8499-4b42-9321-85fc8a351f79: start FollowerState
2019-10-18 07:24:11,539 [Thread-10721] INFO  impl.FollowerState (FollowerState.java:run(117)) - 5170c5f3-8499-4b42-9321-85fc8a351f79@group-BCB82A5C07F5-FollowerState was interrupted: java.lang.InterruptedException: sleep interrupted
2019-10-18 07:24:11,571 [12ad0800-05cb-443c-9fdd-fa1debf04523@group-BCB82A5C07F5-LeaderElection1232] INFO  impl.LeaderElection (LeaderElection.java:logAndReturn(56)) - 12ad0800-05cb-443c-9fdd-fa1debf04523@group-BCB82A5C07F5-LeaderElection1232: Election REJECTED; received 1 response(s) [12ad0800-05cb-443c-9fdd-fa1debf04523<-5170c5f3-8499-4b42-9321-85fc8a351f79#0:FAIL-t176] and 1 exception(s); 12ad0800-05cb-443c-9fdd-fa1debf04523@group-BCB82A5C07F5:t176, leader=null, voted=12ad0800-05cb-443c-9fdd-fa1debf04523, raftlog=12ad0800-05cb-443c-9fdd-fa1debf04523@group-BCB82A5C07F5-SegmentedRaftLog:OPENED:c-1,f-1,i0, conf=-1: [12ad0800-05cb-443c-9fdd-fa1debf04523:192.168.34.25:41155, 5170c5f3-8499-4b42-9321-85fc8a351f79:192.168.34.25:43074, 0b10a9fc-47eb-4a2b-b664-8273d9d17379:192.168.34.25:45248], old=null
2019-10-18 07:24:11,571 [12ad0800-05cb-443c-9fdd-fa1debf04523@group-BCB82A5C07F5-LeaderElection1232] INFO  impl.LeaderElection (LogUtils.java:infoOrTrace(149)) -   Exception 0: {}
java.util.concurrent.ExecutionException: org.apache.ratis.thirdparty.io.grpc.StatusRuntimeException: UNAVAILABLE: io exception
	at java.util.concurrent.FutureTask.report(FutureTask.java:122)
	at java.util.concurrent.FutureTask.get(FutureTask.java:192)
	at org.apache.ratis.server.impl.LeaderElection.waitForResults(LeaderElection.java:259)
	at org.apache.ratis.server.impl.LeaderElection.askForVotes(LeaderElection.java:197)
	at org.apache.ratis.server.impl.LeaderElection.run(LeaderElection.java:133)
	at java.lang.Thread.run(Thread.java:748)
Caused by: org.apache.ratis.thirdparty.io.grpc.StatusRuntimeException: UNAVAILABLE: io exception
	at org.apache.ratis.thirdparty.io.grpc.stub.ClientCalls.toStatusRuntimeException(ClientCalls.java:233)
	at org.apache.ratis.thirdparty.io.grpc.stub.ClientCalls.getUnchecked(ClientCalls.java:214)
	at org.apache.ratis.thirdparty.io.grpc.stub.ClientCalls.blockingUnaryCall(ClientCalls.java:139)
	at org.apache.ratis.proto.grpc.RaftServerProtocolServiceGrpc$RaftServerProtocolServiceBlockingStub.requestVote(RaftServerProtocolServiceGrpc.java:265)
	at org.apache.ratis.grpc.server.GrpcServerProtocolClient.requestVote(GrpcServerProtocolClient.java:99)
	at org.apache.ratis.grpc.server.GrpcService.requestVote(GrpcService.java:204)
	at org.apache.ratis.server.impl.LeaderElection.lambda$submitRequests$1(LeaderElection.java:234)
	at java.util.concurrent.FutureTask.run(FutureTask.java:266)
	at java.util.concurrent.Executors$RunnableAdapter.call(Executors.java:511)
	at java.util.concurrent.FutureTask.run(FutureTask.java:266)
	at java.util.concurrent.ThreadPoolExecutor.runWorker(ThreadPoolExecutor.java:1149)
	at java.util.concurrent.ThreadPoolExecutor$Worker.run(ThreadPoolExecutor.java:624)
	... 1 more
Caused by: org.apache.ratis.thirdparty.io.netty.channel.AbstractChannel$AnnotatedConnectException: Connection refused: /192.168.34.25:45248
	at sun.nio.ch.SocketChannelImpl.checkConnect(Native Method)
	at sun.nio.ch.SocketChannelImpl.finishConnect(SocketChannelImpl.java:717)
	at org.apache.ratis.thirdparty.io.netty.channel.socket.nio.NioSocketChannel.doFinishConnect(NioSocketChannel.java:327)
	at org.apache.ratis.thirdparty.io.netty.channel.nio.AbstractNioChannel$AbstractNioUnsafe.finishConnect(AbstractNioChannel.java:340)
	at org.apache.ratis.thirdparty.io.netty.channel.nio.NioEventLoop.processSelectedKey(NioEventLoop.java:632)
	at org.apache.ratis.thirdparty.io.netty.channel.nio.NioEventLoop.processSelectedKeysOptimized(NioEventLoop.java:579)
	at org.apache.ratis.thirdparty.io.netty.channel.nio.NioEventLoop.processSelectedKeys(NioEventLoop.java:496)
	at org.apache.ratis.thirdparty.io.netty.channel.nio.NioEventLoop.run(NioEventLoop.java:458)
	at org.apache.ratis.thirdparty.io.netty.util.concurrent.SingleThreadEventExecutor$5.run(SingleThreadEventExecutor.java:897)
	at org.apache.ratis.thirdparty.io.netty.util.concurrent.FastThreadLocalRunnable.run(FastThreadLocalRunnable.java:30)
	... 1 more
Caused by: java.net.ConnectException: Connection refused
	... 11 more
2019-10-18 07:24:11,572 [12ad0800-05cb-443c-9fdd-fa1debf04523@group-BCB82A5C07F5-LeaderElection1232] INFO  impl.RaftServerImpl (RaftServerImpl.java:setRole(184)) - 12ad0800-05cb-443c-9fdd-fa1debf04523@group-BCB82A5C07F5: changes role from CANDIDATE to FOLLOWER at term 176 for DISCOVERED_A_NEW_TERM
2019-10-18 07:24:11,572 [12ad0800-05cb-443c-9fdd-fa1debf04523@group-BCB82A5C07F5-LeaderElection1232] INFO  impl.RoleInfo (RoleInfo.java:shutdownLeaderElection(134)) - 12ad0800-05cb-443c-9fdd-fa1debf04523: shutdown LeaderElection
2019-10-18 07:24:11,572 [12ad0800-05cb-443c-9fdd-fa1debf04523@group-BCB82A5C07F5-LeaderElection1232] INFO  impl.RoleInfo (RoleInfo.java:updateAndGet(143)) - 12ad0800-05cb-443c-9fdd-fa1debf04523: start FollowerState
2019-10-18 07:24:11,627 [Thread-10735] INFO  impl.FollowerState (FollowerState.java:run(108)) - 12ad0800-05cb-443c-9fdd-fa1debf04523@group-BCB82A5C07F5-FollowerState: change to CANDIDATE, lastRpcTime:55ms, electionTimeout:55ms
2019-10-18 07:24:11,627 [Thread-10735] INFO  impl.RoleInfo (RoleInfo.java:shutdownFollowerState(121)) - 12ad0800-05cb-443c-9fdd-fa1debf04523: shutdown FollowerState
2019-10-18 07:24:11,627 [Thread-10735] INFO  impl.RaftServerImpl (RaftServerImpl.java:setRole(184)) - 12ad0800-05cb-443c-9fdd-fa1debf04523@group-BCB82A5C07F5: changes role from  FOLLOWER to CANDIDATE at term 176 for changeToCandidate
2019-10-18 07:24:11,628 [Thread-10735] INFO  impl.RoleInfo (RoleInfo.java:updateAndGet(143)) - 12ad0800-05cb-443c-9fdd-fa1debf04523: start LeaderElection
2019-10-18 07:24:11,655 [12ad0800-05cb-443c-9fdd-fa1debf04523@group-BCB82A5C07F5-LeaderElection1233] INFO  impl.LeaderElection (LeaderElection.java:askForVotes(178)) - 12ad0800-05cb-443c-9fdd-fa1debf04523@group-BCB82A5C07F5-LeaderElection1233: begin an election at term 177 for -1: [12ad0800-05cb-443c-9fdd-fa1debf04523:192.168.34.25:41155, 5170c5f3-8499-4b42-9321-85fc8a351f79:192.168.34.25:43074, 0b10a9fc-47eb-4a2b-b664-8273d9d17379:192.168.34.25:45248], old=null
2019-10-18 07:24:11,655 [12ad0800-05cb-443c-9fdd-fa1debf04523@group-BCB82A5C07F5-LeaderElection1233] INFO  impl.LeaderElection (LogUtils.java:infoOrTrace(149)) - 12ad0800-05cb-443c-9fdd-fa1debf04523@group-BCB82A5C07F5-LeaderElection1233 got exception when requesting votes: {}
java.util.concurrent.ExecutionException: org.apache.ratis.thirdparty.io.grpc.StatusRuntimeException: UNAVAILABLE: io exception
	at java.util.concurrent.FutureTask.report(FutureTask.java:122)
	at java.util.concurrent.FutureTask.get(FutureTask.java:192)
	at org.apache.ratis.server.impl.LeaderElection.waitForResults(LeaderElection.java:259)
	at org.apache.ratis.server.impl.LeaderElection.askForVotes(LeaderElection.java:197)
	at org.apache.ratis.server.impl.LeaderElection.run(LeaderElection.java:133)
	at java.lang.Thread.run(Thread.java:748)
Caused by: org.apache.ratis.thirdparty.io.grpc.StatusRuntimeException: UNAVAILABLE: io exception
	at org.apache.ratis.thirdparty.io.grpc.stub.ClientCalls.toStatusRuntimeException(ClientCalls.java:233)
	at org.apache.ratis.thirdparty.io.grpc.stub.ClientCalls.getUnchecked(ClientCalls.java:214)
	at org.apache.ratis.thirdparty.io.grpc.stub.ClientCalls.blockingUnaryCall(ClientCalls.java:139)
	at org.apache.ratis.proto.grpc.RaftServerProtocolServiceGrpc$RaftServerProtocolServiceBlockingStub.requestVote(RaftServerProtocolServiceGrpc.java:265)
	at org.apache.ratis.grpc.server.GrpcServerProtocolClient.requestVote(GrpcServerProtocolClient.java:99)
	at org.apache.ratis.grpc.server.GrpcService.requestVote(GrpcService.java:204)
	at org.apache.ratis.server.impl.LeaderElection.lambda$submitRequests$1(LeaderElection.java:234)
	at java.util.concurrent.FutureTask.run(FutureTask.java:266)
	at java.util.concurrent.Executors$RunnableAdapter.call(Executors.java:511)
	at java.util.concurrent.FutureTask.run(FutureTask.java:266)
	at java.util.concurrent.ThreadPoolExecutor.runWorker(ThreadPoolExecutor.java:1149)
	at java.util.concurrent.ThreadPoolExecutor$Worker.run(ThreadPoolExecutor.java:624)
	... 1 more
Caused by: org.apache.ratis.thirdparty.io.netty.channel.AbstractChannel$AnnotatedConnectException: Connection refused: /192.168.34.25:45248
	at sun.nio.ch.SocketChannelImpl.checkConnect(Native Method)
	at sun.nio.ch.SocketChannelImpl.finishConnect(SocketChannelImpl.java:717)
	at org.apache.ratis.thirdparty.io.netty.channel.socket.nio.NioSocketChannel.doFinishConnect(NioSocketChannel.java:327)
	at org.apache.ratis.thirdparty.io.netty.channel.nio.AbstractNioChannel$AbstractNioUnsafe.finishConnect(AbstractNioChannel.java:340)
	at org.apache.ratis.thirdparty.io.netty.channel.nio.NioEventLoop.processSelectedKey(NioEventLoop.java:632)
	at org.apache.ratis.thirdparty.io.netty.channel.nio.NioEventLoop.processSelectedKeysOptimized(NioEventLoop.java:579)
	at org.apache.ratis.thirdparty.io.netty.channel.nio.NioEventLoop.processSelectedKeys(NioEventLoop.java:496)
	at org.apache.ratis.thirdparty.io.netty.channel.nio.NioEventLoop.run(NioEventLoop.java:458)
	at org.apache.ratis.thirdparty.io.netty.util.concurrent.SingleThreadEventExecutor$5.run(SingleThreadEventExecutor.java:897)
	at org.apache.ratis.thirdparty.io.netty.util.concurrent.FastThreadLocalRunnable.run(FastThreadLocalRunnable.java:30)
	... 1 more
Caused by: java.net.ConnectException: Connection refused
	... 11 more
2019-10-18 07:24:11,656 [grpc-default-executor-14] INFO  impl.RaftServerImpl (RaftServerImpl.java:setRole(184)) - 5170c5f3-8499-4b42-9321-85fc8a351f79@group-BCB82A5C07F5: changes role from  FOLLOWER to FOLLOWER at term 177 for recognizeCandidate:12ad0800-05cb-443c-9fdd-fa1debf04523
2019-10-18 07:24:11,657 [grpc-default-executor-14] INFO  impl.RoleInfo (RoleInfo.java:shutdownFollowerState(121)) - 5170c5f3-8499-4b42-9321-85fc8a351f79: shutdown FollowerState
2019-10-18 07:24:11,657 [grpc-default-executor-14] INFO  impl.RoleInfo (RoleInfo.java:updateAndGet(143)) - 5170c5f3-8499-4b42-9321-85fc8a351f79: start FollowerState
2019-10-18 07:24:11,657 [Thread-10733] INFO  impl.FollowerState (FollowerState.java:run(117)) - 5170c5f3-8499-4b42-9321-85fc8a351f79@group-BCB82A5C07F5-FollowerState was interrupted: java.lang.InterruptedException: sleep interrupted
2019-10-18 07:24:11,681 [12ad0800-05cb-443c-9fdd-fa1debf04523@group-BCB82A5C07F5-LeaderElection1233] INFO  impl.LeaderElection (LeaderElection.java:logAndReturn(56)) - 12ad0800-05cb-443c-9fdd-fa1debf04523@group-BCB82A5C07F5-LeaderElection1233: Election REJECTED; received 1 response(s) [12ad0800-05cb-443c-9fdd-fa1debf04523<-5170c5f3-8499-4b42-9321-85fc8a351f79#0:FAIL-t177] and 1 exception(s); 12ad0800-05cb-443c-9fdd-fa1debf04523@group-BCB82A5C07F5:t177, leader=null, voted=12ad0800-05cb-443c-9fdd-fa1debf04523, raftlog=12ad0800-05cb-443c-9fdd-fa1debf04523@group-BCB82A5C07F5-SegmentedRaftLog:OPENED:c-1,f-1,i0, conf=-1: [12ad0800-05cb-443c-9fdd-fa1debf04523:192.168.34.25:41155, 5170c5f3-8499-4b42-9321-85fc8a351f79:192.168.34.25:43074, 0b10a9fc-47eb-4a2b-b664-8273d9d17379:192.168.34.25:45248], old=null
2019-10-18 07:24:11,681 [12ad0800-05cb-443c-9fdd-fa1debf04523@group-BCB82A5C07F5-LeaderElection1233] INFO  impl.LeaderElection (LogUtils.java:infoOrTrace(149)) -   Exception 0: {}
java.util.concurrent.ExecutionException: org.apache.ratis.thirdparty.io.grpc.StatusRuntimeException: UNAVAILABLE: io exception
	at java.util.concurrent.FutureTask.report(FutureTask.java:122)
	at java.util.concurrent.FutureTask.get(FutureTask.java:192)
	at org.apache.ratis.server.impl.LeaderElection.waitForResults(LeaderElection.java:259)
	at org.apache.ratis.server.impl.LeaderElection.askForVotes(LeaderElection.java:197)
	at org.apache.ratis.server.impl.LeaderElection.run(LeaderElection.java:133)
	at java.lang.Thread.run(Thread.java:748)
Caused by: org.apache.ratis.thirdparty.io.grpc.StatusRuntimeException: UNAVAILABLE: io exception
	at org.apache.ratis.thirdparty.io.grpc.stub.ClientCalls.toStatusRuntimeException(ClientCalls.java:233)
	at org.apache.ratis.thirdparty.io.grpc.stub.ClientCalls.getUnchecked(ClientCalls.java:214)
	at org.apache.ratis.thirdparty.io.grpc.stub.ClientCalls.blockingUnaryCall(ClientCalls.java:139)
	at org.apache.ratis.proto.grpc.RaftServerProtocolServiceGrpc$RaftServerProtocolServiceBlockingStub.requestVote(RaftServerProtocolServiceGrpc.java:265)
	at org.apache.ratis.grpc.server.GrpcServerProtocolClient.requestVote(GrpcServerProtocolClient.java:99)
	at org.apache.ratis.grpc.server.GrpcService.requestVote(GrpcService.java:204)
	at org.apache.ratis.server.impl.LeaderElection.lambda$submitRequests$1(LeaderElection.java:234)
	at java.util.concurrent.FutureTask.run(FutureTask.java:266)
	at java.util.concurrent.Executors$RunnableAdapter.call(Executors.java:511)
	at java.util.concurrent.FutureTask.run(FutureTask.java:266)
	at java.util.concurrent.ThreadPoolExecutor.runWorker(ThreadPoolExecutor.java:1149)
	at java.util.concurrent.ThreadPoolExecutor$Worker.run(ThreadPoolExecutor.java:624)
	... 1 more
Caused by: org.apache.ratis.thirdparty.io.netty.channel.AbstractChannel$AnnotatedConnectException: Connection refused: /192.168.34.25:45248
	at sun.nio.ch.SocketChannelImpl.checkConnect(Native Method)
	at sun.nio.ch.SocketChannelImpl.finishConnect(SocketChannelImpl.java:717)
	at org.apache.ratis.thirdparty.io.netty.channel.socket.nio.NioSocketChannel.doFinishConnect(NioSocketChannel.java:327)
	at org.apache.ratis.thirdparty.io.netty.channel.nio.AbstractNioChannel$AbstractNioUnsafe.finishConnect(AbstractNioChannel.java:340)
	at org.apache.ratis.thirdparty.io.netty.channel.nio.NioEventLoop.processSelectedKey(NioEventLoop.java:632)
	at org.apache.ratis.thirdparty.io.netty.channel.nio.NioEventLoop.processSelectedKeysOptimized(NioEventLoop.java:579)
	at org.apache.ratis.thirdparty.io.netty.channel.nio.NioEventLoop.processSelectedKeys(NioEventLoop.java:496)
	at org.apache.ratis.thirdparty.io.netty.channel.nio.NioEventLoop.run(NioEventLoop.java:458)
	at org.apache.ratis.thirdparty.io.netty.util.concurrent.SingleThreadEventExecutor$5.run(SingleThreadEventExecutor.java:897)
	at org.apache.ratis.thirdparty.io.netty.util.concurrent.FastThreadLocalRunnable.run(FastThreadLocalRunnable.java:30)
	... 1 more
Caused by: java.net.ConnectException: Connection refused
	... 11 more
2019-10-18 07:24:11,681 [12ad0800-05cb-443c-9fdd-fa1debf04523@group-BCB82A5C07F5-LeaderElection1233] INFO  impl.RaftServerImpl (RaftServerImpl.java:setRole(184)) - 12ad0800-05cb-443c-9fdd-fa1debf04523@group-BCB82A5C07F5: changes role from CANDIDATE to FOLLOWER at term 177 for DISCOVERED_A_NEW_TERM
2019-10-18 07:24:11,681 [12ad0800-05cb-443c-9fdd-fa1debf04523@group-BCB82A5C07F5-LeaderElection1233] INFO  impl.RoleInfo (RoleInfo.java:shutdownLeaderElection(134)) - 12ad0800-05cb-443c-9fdd-fa1debf04523: shutdown LeaderElection
2019-10-18 07:24:11,681 [12ad0800-05cb-443c-9fdd-fa1debf04523@group-BCB82A5C07F5-LeaderElection1233] INFO  impl.RoleInfo (RoleInfo.java:updateAndGet(143)) - 12ad0800-05cb-443c-9fdd-fa1debf04523: start FollowerState
2019-10-18 07:24:11,871 [Thread-10740] INFO  impl.FollowerState (FollowerState.java:run(108)) - 12ad0800-05cb-443c-9fdd-fa1debf04523@group-BCB82A5C07F5-FollowerState: change to CANDIDATE, lastRpcTime:189ms, electionTimeout:189ms
2019-10-18 07:24:11,871 [Thread-10740] INFO  impl.RoleInfo (RoleInfo.java:shutdownFollowerState(121)) - 12ad0800-05cb-443c-9fdd-fa1debf04523: shutdown FollowerState
2019-10-18 07:24:11,871 [Thread-10740] INFO  impl.RaftServerImpl (RaftServerImpl.java:setRole(184)) - 12ad0800-05cb-443c-9fdd-fa1debf04523@group-BCB82A5C07F5: changes role from  FOLLOWER to CANDIDATE at term 177 for changeToCandidate
2019-10-18 07:24:11,871 [Thread-10740] INFO  impl.RoleInfo (RoleInfo.java:updateAndGet(143)) - 12ad0800-05cb-443c-9fdd-fa1debf04523: start LeaderElection
2019-10-18 07:24:11,897 [12ad0800-05cb-443c-9fdd-fa1debf04523@group-BCB82A5C07F5-LeaderElection1234] INFO  impl.LeaderElection (LeaderElection.java:askForVotes(178)) - 12ad0800-05cb-443c-9fdd-fa1debf04523@group-BCB82A5C07F5-LeaderElection1234: begin an election at term 178 for -1: [12ad0800-05cb-443c-9fdd-fa1debf04523:192.168.34.25:41155, 5170c5f3-8499-4b42-9321-85fc8a351f79:192.168.34.25:43074, 0b10a9fc-47eb-4a2b-b664-8273d9d17379:192.168.34.25:45248], old=null
2019-10-18 07:24:11,898 [12ad0800-05cb-443c-9fdd-fa1debf04523@group-BCB82A5C07F5-LeaderElection1234] INFO  impl.LeaderElection (LogUtils.java:infoOrTrace(149)) - 12ad0800-05cb-443c-9fdd-fa1debf04523@group-BCB82A5C07F5-LeaderElection1234 got exception when requesting votes: {}
java.util.concurrent.ExecutionException: org.apache.ratis.thirdparty.io.grpc.StatusRuntimeException: UNAVAILABLE: io exception
	at java.util.concurrent.FutureTask.report(FutureTask.java:122)
	at java.util.concurrent.FutureTask.get(FutureTask.java:192)
	at org.apache.ratis.server.impl.LeaderElection.waitForResults(LeaderElection.java:259)
	at org.apache.ratis.server.impl.LeaderElection.askForVotes(LeaderElection.java:197)
	at org.apache.ratis.server.impl.LeaderElection.run(LeaderElection.java:133)
	at java.lang.Thread.run(Thread.java:748)
Caused by: org.apache.ratis.thirdparty.io.grpc.StatusRuntimeException: UNAVAILABLE: io exception
	at org.apache.ratis.thirdparty.io.grpc.stub.ClientCalls.toStatusRuntimeException(ClientCalls.java:233)
	at org.apache.ratis.thirdparty.io.grpc.stub.ClientCalls.getUnchecked(ClientCalls.java:214)
	at org.apache.ratis.thirdparty.io.grpc.stub.ClientCalls.blockingUnaryCall(ClientCalls.java:139)
	at org.apache.ratis.proto.grpc.RaftServerProtocolServiceGrpc$RaftServerProtocolServiceBlockingStub.requestVote(RaftServerProtocolServiceGrpc.java:265)
	at org.apache.ratis.grpc.server.GrpcServerProtocolClient.requestVote(GrpcServerProtocolClient.java:99)
	at org.apache.ratis.grpc.server.GrpcService.requestVote(GrpcService.java:204)
	at org.apache.ratis.server.impl.LeaderElection.lambda$submitRequests$1(LeaderElection.java:234)
	at java.util.concurrent.FutureTask.run(FutureTask.java:266)
	at java.util.concurrent.Executors$RunnableAdapter.call(Executors.java:511)
	at java.util.concurrent.FutureTask.run(FutureTask.java:266)
	at java.util.concurrent.ThreadPoolExecutor.runWorker(ThreadPoolExecutor.java:1149)
	at java.util.concurrent.ThreadPoolExecutor$Worker.run(ThreadPoolExecutor.java:624)
	... 1 more
Caused by: org.apache.ratis.thirdparty.io.netty.channel.AbstractChannel$AnnotatedConnectException: Connection refused: /192.168.34.25:45248
	at sun.nio.ch.SocketChannelImpl.checkConnect(Native Method)
	at sun.nio.ch.SocketChannelImpl.finishConnect(SocketChannelImpl.java:717)
	at org.apache.ratis.thirdparty.io.netty.channel.socket.nio.NioSocketChannel.doFinishConnect(NioSocketChannel.java:327)
	at org.apache.ratis.thirdparty.io.netty.channel.nio.AbstractNioChannel$AbstractNioUnsafe.finishConnect(AbstractNioChannel.java:340)
	at org.apache.ratis.thirdparty.io.netty.channel.nio.NioEventLoop.processSelectedKey(NioEventLoop.java:632)
	at org.apache.ratis.thirdparty.io.netty.channel.nio.NioEventLoop.processSelectedKeysOptimized(NioEventLoop.java:579)
	at org.apache.ratis.thirdparty.io.netty.channel.nio.NioEventLoop.processSelectedKeys(NioEventLoop.java:496)
	at org.apache.ratis.thirdparty.io.netty.channel.nio.NioEventLoop.run(NioEventLoop.java:458)
	at org.apache.ratis.thirdparty.io.netty.util.concurrent.SingleThreadEventExecutor$5.run(SingleThreadEventExecutor.java:897)
	at org.apache.ratis.thirdparty.io.netty.util.concurrent.FastThreadLocalRunnable.run(FastThreadLocalRunnable.java:30)
	... 1 more
Caused by: java.net.ConnectException: Connection refused
	... 11 more
2019-10-18 07:24:11,898 [grpc-default-executor-14] INFO  impl.RaftServerImpl (RaftServerImpl.java:setRole(184)) - 5170c5f3-8499-4b42-9321-85fc8a351f79@group-BCB82A5C07F5: changes role from  FOLLOWER to FOLLOWER at term 178 for recognizeCandidate:12ad0800-05cb-443c-9fdd-fa1debf04523
2019-10-18 07:24:11,899 [grpc-default-executor-14] INFO  impl.RoleInfo (RoleInfo.java:shutdownFollowerState(121)) - 5170c5f3-8499-4b42-9321-85fc8a351f79: shutdown FollowerState
2019-10-18 07:24:11,899 [grpc-default-executor-14] INFO  impl.RoleInfo (RoleInfo.java:updateAndGet(143)) - 5170c5f3-8499-4b42-9321-85fc8a351f79: start FollowerState
2019-10-18 07:24:11,899 [Thread-10739] INFO  impl.FollowerState (FollowerState.java:run(117)) - 5170c5f3-8499-4b42-9321-85fc8a351f79@group-BCB82A5C07F5-FollowerState was interrupted: java.lang.InterruptedException: sleep interrupted
2019-10-18 07:24:11,923 [12ad0800-05cb-443c-9fdd-fa1debf04523@group-BCB82A5C07F5-LeaderElection1234] INFO  impl.LeaderElection (LeaderElection.java:logAndReturn(56)) - 12ad0800-05cb-443c-9fdd-fa1debf04523@group-BCB82A5C07F5-LeaderElection1234: Election REJECTED; received 1 response(s) [12ad0800-05cb-443c-9fdd-fa1debf04523<-5170c5f3-8499-4b42-9321-85fc8a351f79#0:FAIL-t178] and 1 exception(s); 12ad0800-05cb-443c-9fdd-fa1debf04523@group-BCB82A5C07F5:t178, leader=null, voted=12ad0800-05cb-443c-9fdd-fa1debf04523, raftlog=12ad0800-05cb-443c-9fdd-fa1debf04523@group-BCB82A5C07F5-SegmentedRaftLog:OPENED:c-1,f-1,i0, conf=-1: [12ad0800-05cb-443c-9fdd-fa1debf04523:192.168.34.25:41155, 5170c5f3-8499-4b42-9321-85fc8a351f79:192.168.34.25:43074, 0b10a9fc-47eb-4a2b-b664-8273d9d17379:192.168.34.25:45248], old=null
2019-10-18 07:24:11,923 [12ad0800-05cb-443c-9fdd-fa1debf04523@group-BCB82A5C07F5-LeaderElection1234] INFO  impl.LeaderElection (LogUtils.java:infoOrTrace(149)) -   Exception 0: {}
java.util.concurrent.ExecutionException: org.apache.ratis.thirdparty.io.grpc.StatusRuntimeException: UNAVAILABLE: io exception
	at java.util.concurrent.FutureTask.report(FutureTask.java:122)
	at java.util.concurrent.FutureTask.get(FutureTask.java:192)
	at org.apache.ratis.server.impl.LeaderElection.waitForResults(LeaderElection.java:259)
	at org.apache.ratis.server.impl.LeaderElection.askForVotes(LeaderElection.java:197)
	at org.apache.ratis.server.impl.LeaderElection.run(LeaderElection.java:133)
	at java.lang.Thread.run(Thread.java:748)
Caused by: org.apache.ratis.thirdparty.io.grpc.StatusRuntimeException: UNAVAILABLE: io exception
	at org.apache.ratis.thirdparty.io.grpc.stub.ClientCalls.toStatusRuntimeException(ClientCalls.java:233)
	at org.apache.ratis.thirdparty.io.grpc.stub.ClientCalls.getUnchecked(ClientCalls.java:214)
	at org.apache.ratis.thirdparty.io.grpc.stub.ClientCalls.blockingUnaryCall(ClientCalls.java:139)
	at org.apache.ratis.proto.grpc.RaftServerProtocolServiceGrpc$RaftServerProtocolServiceBlockingStub.requestVote(RaftServerProtocolServiceGrpc.java:265)
	at org.apache.ratis.grpc.server.GrpcServerProtocolClient.requestVote(GrpcServerProtocolClient.java:99)
	at org.apache.ratis.grpc.server.GrpcService.requestVote(GrpcService.java:204)
	at org.apache.ratis.server.impl.LeaderElection.lambda$submitRequests$1(LeaderElection.java:234)
	at java.util.concurrent.FutureTask.run(FutureTask.java:266)
	at java.util.concurrent.Executors$RunnableAdapter.call(Executors.java:511)
	at java.util.concurrent.FutureTask.run(FutureTask.java:266)
	at java.util.concurrent.ThreadPoolExecutor.runWorker(ThreadPoolExecutor.java:1149)
	at java.util.concurrent.ThreadPoolExecutor$Worker.run(ThreadPoolExecutor.java:624)
	... 1 more
Caused by: org.apache.ratis.thirdparty.io.netty.channel.AbstractChannel$AnnotatedConnectException: Connection refused: /192.168.34.25:45248
	at sun.nio.ch.SocketChannelImpl.checkConnect(Native Method)
	at sun.nio.ch.SocketChannelImpl.finishConnect(SocketChannelImpl.java:717)
	at org.apache.ratis.thirdparty.io.netty.channel.socket.nio.NioSocketChannel.doFinishConnect(NioSocketChannel.java:327)
	at org.apache.ratis.thirdparty.io.netty.channel.nio.AbstractNioChannel$AbstractNioUnsafe.finishConnect(AbstractNioChannel.java:340)
	at org.apache.ratis.thirdparty.io.netty.channel.nio.NioEventLoop.processSelectedKey(NioEventLoop.java:632)
	at org.apache.ratis.thirdparty.io.netty.channel.nio.NioEventLoop.processSelectedKeysOptimized(NioEventLoop.java:579)
	at org.apache.ratis.thirdparty.io.netty.channel.nio.NioEventLoop.processSelectedKeys(NioEventLoop.java:496)
	at org.apache.ratis.thirdparty.io.netty.channel.nio.NioEventLoop.run(NioEventLoop.java:458)
	at org.apache.ratis.thirdparty.io.netty.util.concurrent.SingleThreadEventExecutor$5.run(SingleThreadEventExecutor.java:897)
	at org.apache.ratis.thirdparty.io.netty.util.concurrent.FastThreadLocalRunnable.run(FastThreadLocalRunnable.java:30)
	... 1 more
Caused by: java.net.ConnectException: Connection refused
	... 11 more
2019-10-18 07:24:11,924 [12ad0800-05cb-443c-9fdd-fa1debf04523@group-BCB82A5C07F5-LeaderElection1234] INFO  impl.RaftServerImpl (RaftServerImpl.java:setRole(184)) - 12ad0800-05cb-443c-9fdd-fa1debf04523@group-BCB82A5C07F5: changes role from CANDIDATE to FOLLOWER at term 178 for DISCOVERED_A_NEW_TERM
2019-10-18 07:24:11,924 [12ad0800-05cb-443c-9fdd-fa1debf04523@group-BCB82A5C07F5-LeaderElection1234] INFO  impl.RoleInfo (RoleInfo.java:shutdownLeaderElection(134)) - 12ad0800-05cb-443c-9fdd-fa1debf04523: shutdown LeaderElection
2019-10-18 07:24:11,924 [12ad0800-05cb-443c-9fdd-fa1debf04523@group-BCB82A5C07F5-LeaderElection1234] INFO  impl.RoleInfo (RoleInfo.java:updateAndGet(143)) - 12ad0800-05cb-443c-9fdd-fa1debf04523: start FollowerState
2019-10-18 07:24:11,950 [Thread-10746] INFO  impl.FollowerState (FollowerState.java:run(108)) - 12ad0800-05cb-443c-9fdd-fa1debf04523@group-BCB82A5C07F5-FollowerState: change to CANDIDATE, lastRpcTime:25ms, electionTimeout:25ms
2019-10-18 07:24:11,950 [Thread-10746] INFO  impl.RoleInfo (RoleInfo.java:shutdownFollowerState(121)) - 12ad0800-05cb-443c-9fdd-fa1debf04523: shutdown FollowerState
2019-10-18 07:24:11,950 [Thread-10746] INFO  impl.RaftServerImpl (RaftServerImpl.java:setRole(184)) - 12ad0800-05cb-443c-9fdd-fa1debf04523@group-BCB82A5C07F5: changes role from  FOLLOWER to CANDIDATE at term 178 for changeToCandidate
2019-10-18 07:24:11,950 [Thread-10746] INFO  impl.RoleInfo (RoleInfo.java:updateAndGet(143)) - 12ad0800-05cb-443c-9fdd-fa1debf04523: start LeaderElection
2019-10-18 07:24:11,973 [12ad0800-05cb-443c-9fdd-fa1debf04523@group-BCB82A5C07F5-LeaderElection1235] INFO  impl.LeaderElection (LeaderElection.java:askForVotes(178)) - 12ad0800-05cb-443c-9fdd-fa1debf04523@group-BCB82A5C07F5-LeaderElection1235: begin an election at term 179 for -1: [12ad0800-05cb-443c-9fdd-fa1debf04523:192.168.34.25:41155, 5170c5f3-8499-4b42-9321-85fc8a351f79:192.168.34.25:43074, 0b10a9fc-47eb-4a2b-b664-8273d9d17379:192.168.34.25:45248], old=null
2019-10-18 07:24:11,974 [12ad0800-05cb-443c-9fdd-fa1debf04523@group-BCB82A5C07F5-LeaderElection1235] INFO  impl.LeaderElection (LogUtils.java:infoOrTrace(149)) - 12ad0800-05cb-443c-9fdd-fa1debf04523@group-BCB82A5C07F5-LeaderElection1235 got exception when requesting votes: {}
java.util.concurrent.ExecutionException: org.apache.ratis.thirdparty.io.grpc.StatusRuntimeException: UNAVAILABLE: io exception
	at java.util.concurrent.FutureTask.report(FutureTask.java:122)
	at java.util.concurrent.FutureTask.get(FutureTask.java:192)
	at org.apache.ratis.server.impl.LeaderElection.waitForResults(LeaderElection.java:259)
	at org.apache.ratis.server.impl.LeaderElection.askForVotes(LeaderElection.java:197)
	at org.apache.ratis.server.impl.LeaderElection.run(LeaderElection.java:133)
	at java.lang.Thread.run(Thread.java:748)
Caused by: org.apache.ratis.thirdparty.io.grpc.StatusRuntimeException: UNAVAILABLE: io exception
	at org.apache.ratis.thirdparty.io.grpc.stub.ClientCalls.toStatusRuntimeException(ClientCalls.java:233)
	at org.apache.ratis.thirdparty.io.grpc.stub.ClientCalls.getUnchecked(ClientCalls.java:214)
	at org.apache.ratis.thirdparty.io.grpc.stub.ClientCalls.blockingUnaryCall(ClientCalls.java:139)
	at org.apache.ratis.proto.grpc.RaftServerProtocolServiceGrpc$RaftServerProtocolServiceBlockingStub.requestVote(RaftServerProtocolServiceGrpc.java:265)
	at org.apache.ratis.grpc.server.GrpcServerProtocolClient.requestVote(GrpcServerProtocolClient.java:99)
	at org.apache.ratis.grpc.server.GrpcService.requestVote(GrpcService.java:204)
	at org.apache.ratis.server.impl.LeaderElection.lambda$submitRequests$1(LeaderElection.java:234)
	at java.util.concurrent.FutureTask.run(FutureTask.java:266)
	at java.util.concurrent.Executors$RunnableAdapter.call(Executors.java:511)
	at java.util.concurrent.FutureTask.run(FutureTask.java:266)
	at java.util.concurrent.ThreadPoolExecutor.runWorker(ThreadPoolExecutor.java:1149)
	at java.util.concurrent.ThreadPoolExecutor$Worker.run(ThreadPoolExecutor.java:624)
	... 1 more
Caused by: org.apache.ratis.thirdparty.io.netty.channel.AbstractChannel$AnnotatedConnectException: Connection refused: /192.168.34.25:45248
	at sun.nio.ch.SocketChannelImpl.checkConnect(Native Method)
	at sun.nio.ch.SocketChannelImpl.finishConnect(SocketChannelImpl.java:717)
	at org.apache.ratis.thirdparty.io.netty.channel.socket.nio.NioSocketChannel.doFinishConnect(NioSocketChannel.java:327)
	at org.apache.ratis.thirdparty.io.netty.channel.nio.AbstractNioChannel$AbstractNioUnsafe.finishConnect(AbstractNioChannel.java:340)
	at org.apache.ratis.thirdparty.io.netty.channel.nio.NioEventLoop.processSelectedKey(NioEventLoop.java:632)
	at org.apache.ratis.thirdparty.io.netty.channel.nio.NioEventLoop.processSelectedKeysOptimized(NioEventLoop.java:579)
	at org.apache.ratis.thirdparty.io.netty.channel.nio.NioEventLoop.processSelectedKeys(NioEventLoop.java:496)
	at org.apache.ratis.thirdparty.io.netty.channel.nio.NioEventLoop.run(NioEventLoop.java:458)
	at org.apache.ratis.thirdparty.io.netty.util.concurrent.SingleThreadEventExecutor$5.run(SingleThreadEventExecutor.java:897)
	at org.apache.ratis.thirdparty.io.netty.util.concurrent.FastThreadLocalRunnable.run(FastThreadLocalRunnable.java:30)
	... 1 more
Caused by: java.net.ConnectException: Connection refused
	... 11 more
2019-10-18 07:24:11,974 [grpc-default-executor-14] INFO  impl.RaftServerImpl (RaftServerImpl.java:setRole(184)) - 5170c5f3-8499-4b42-9321-85fc8a351f79@group-BCB82A5C07F5: changes role from  FOLLOWER to FOLLOWER at term 179 for recognizeCandidate:12ad0800-05cb-443c-9fdd-fa1debf04523
2019-10-18 07:24:11,974 [grpc-default-executor-14] INFO  impl.RoleInfo (RoleInfo.java:shutdownFollowerState(121)) - 5170c5f3-8499-4b42-9321-85fc8a351f79: shutdown FollowerState
2019-10-18 07:24:11,975 [grpc-default-executor-14] INFO  impl.RoleInfo (RoleInfo.java:updateAndGet(143)) - 5170c5f3-8499-4b42-9321-85fc8a351f79: start FollowerState
2019-10-18 07:24:11,975 [Thread-10745] INFO  impl.FollowerState (FollowerState.java:run(117)) - 5170c5f3-8499-4b42-9321-85fc8a351f79@group-BCB82A5C07F5-FollowerState was interrupted: java.lang.InterruptedException: sleep interrupted
2019-10-18 07:24:11,999 [12ad0800-05cb-443c-9fdd-fa1debf04523@group-BCB82A5C07F5-LeaderElection1235] INFO  impl.LeaderElection (LeaderElection.java:logAndReturn(56)) - 12ad0800-05cb-443c-9fdd-fa1debf04523@group-BCB82A5C07F5-LeaderElection1235: Election REJECTED; received 1 response(s) [12ad0800-05cb-443c-9fdd-fa1debf04523<-5170c5f3-8499-4b42-9321-85fc8a351f79#0:FAIL-t179] and 1 exception(s); 12ad0800-05cb-443c-9fdd-fa1debf04523@group-BCB82A5C07F5:t179, leader=null, voted=12ad0800-05cb-443c-9fdd-fa1debf04523, raftlog=12ad0800-05cb-443c-9fdd-fa1debf04523@group-BCB82A5C07F5-SegmentedRaftLog:OPENED:c-1,f-1,i0, conf=-1: [12ad0800-05cb-443c-9fdd-fa1debf04523:192.168.34.25:41155, 5170c5f3-8499-4b42-9321-85fc8a351f79:192.168.34.25:43074, 0b10a9fc-47eb-4a2b-b664-8273d9d17379:192.168.34.25:45248], old=null
2019-10-18 07:24:11,999 [12ad0800-05cb-443c-9fdd-fa1debf04523@group-BCB82A5C07F5-LeaderElection1235] INFO  impl.LeaderElection (LogUtils.java:infoOrTrace(149)) -   Exception 0: {}
java.util.concurrent.ExecutionException: org.apache.ratis.thirdparty.io.grpc.StatusRuntimeException: UNAVAILABLE: io exception
	at java.util.concurrent.FutureTask.report(FutureTask.java:122)
	at java.util.concurrent.FutureTask.get(FutureTask.java:192)
	at org.apache.ratis.server.impl.LeaderElection.waitForResults(LeaderElection.java:259)
	at org.apache.ratis.server.impl.LeaderElection.askForVotes(LeaderElection.java:197)
	at org.apache.ratis.server.impl.LeaderElection.run(LeaderElection.java:133)
	at java.lang.Thread.run(Thread.java:748)
Caused by: org.apache.ratis.thirdparty.io.grpc.StatusRuntimeException: UNAVAILABLE: io exception
	at org.apache.ratis.thirdparty.io.grpc.stub.ClientCalls.toStatusRuntimeException(ClientCalls.java:233)
	at org.apache.ratis.thirdparty.io.grpc.stub.ClientCalls.getUnchecked(ClientCalls.java:214)
	at org.apache.ratis.thirdparty.io.grpc.stub.ClientCalls.blockingUnaryCall(ClientCalls.java:139)
	at org.apache.ratis.proto.grpc.RaftServerProtocolServiceGrpc$RaftServerProtocolServiceBlockingStub.requestVote(RaftServerProtocolServiceGrpc.java:265)
	at org.apache.ratis.grpc.server.GrpcServerProtocolClient.requestVote(GrpcServerProtocolClient.java:99)
	at org.apache.ratis.grpc.server.GrpcService.requestVote(GrpcService.java:204)
	at org.apache.ratis.server.impl.LeaderElection.lambda$submitRequests$1(LeaderElection.java:234)
	at java.util.concurrent.FutureTask.run(FutureTask.java:266)
	at java.util.concurrent.Executors$RunnableAdapter.call(Executors.java:511)
	at java.util.concurrent.FutureTask.run(FutureTask.java:266)
	at java.util.concurrent.ThreadPoolExecutor.runWorker(ThreadPoolExecutor.java:1149)
	at java.util.concurrent.ThreadPoolExecutor$Worker.run(ThreadPoolExecutor.java:624)
	... 1 more
Caused by: org.apache.ratis.thirdparty.io.netty.channel.AbstractChannel$AnnotatedConnectException: Connection refused: /192.168.34.25:45248
	at sun.nio.ch.SocketChannelImpl.checkConnect(Native Method)
	at sun.nio.ch.SocketChannelImpl.finishConnect(SocketChannelImpl.java:717)
	at org.apache.ratis.thirdparty.io.netty.channel.socket.nio.NioSocketChannel.doFinishConnect(NioSocketChannel.java:327)
	at org.apache.ratis.thirdparty.io.netty.channel.nio.AbstractNioChannel$AbstractNioUnsafe.finishConnect(AbstractNioChannel.java:340)
	at org.apache.ratis.thirdparty.io.netty.channel.nio.NioEventLoop.processSelectedKey(NioEventLoop.java:632)
	at org.apache.ratis.thirdparty.io.netty.channel.nio.NioEventLoop.processSelectedKeysOptimized(NioEventLoop.java:579)
	at org.apache.ratis.thirdparty.io.netty.channel.nio.NioEventLoop.processSelectedKeys(NioEventLoop.java:496)
	at org.apache.ratis.thirdparty.io.netty.channel.nio.NioEventLoop.run(NioEventLoop.java:458)
	at org.apache.ratis.thirdparty.io.netty.util.concurrent.SingleThreadEventExecutor$5.run(SingleThreadEventExecutor.java:897)
	at org.apache.ratis.thirdparty.io.netty.util.concurrent.FastThreadLocalRunnable.run(FastThreadLocalRunnable.java:30)
	... 1 more
Caused by: java.net.ConnectException: Connection refused
	... 11 more
2019-10-18 07:24:11,999 [12ad0800-05cb-443c-9fdd-fa1debf04523@group-BCB82A5C07F5-LeaderElection1235] INFO  impl.RaftServerImpl (RaftServerImpl.java:setRole(184)) - 12ad0800-05cb-443c-9fdd-fa1debf04523@group-BCB82A5C07F5: changes role from CANDIDATE to FOLLOWER at term 179 for DISCOVERED_A_NEW_TERM
2019-10-18 07:24:11,999 [12ad0800-05cb-443c-9fdd-fa1debf04523@group-BCB82A5C07F5-LeaderElection1235] INFO  impl.RoleInfo (RoleInfo.java:shutdownLeaderElection(134)) - 12ad0800-05cb-443c-9fdd-fa1debf04523: shutdown LeaderElection
2019-10-18 07:24:11,999 [12ad0800-05cb-443c-9fdd-fa1debf04523@group-BCB82A5C07F5-LeaderElection1235] INFO  impl.RoleInfo (RoleInfo.java:updateAndGet(143)) - 12ad0800-05cb-443c-9fdd-fa1debf04523: start FollowerState
2019-10-18 07:24:12,060 [Thread-10751] INFO  impl.FollowerState (FollowerState.java:run(108)) - 12ad0800-05cb-443c-9fdd-fa1debf04523@group-BCB82A5C07F5-FollowerState: change to CANDIDATE, lastRpcTime:60ms, electionTimeout:60ms
2019-10-18 07:24:12,060 [Thread-10751] INFO  impl.RoleInfo (RoleInfo.java:shutdownFollowerState(121)) - 12ad0800-05cb-443c-9fdd-fa1debf04523: shutdown FollowerState
2019-10-18 07:24:12,060 [Thread-10751] INFO  impl.RaftServerImpl (RaftServerImpl.java:setRole(184)) - 12ad0800-05cb-443c-9fdd-fa1debf04523@group-BCB82A5C07F5: changes role from  FOLLOWER to CANDIDATE at term 179 for changeToCandidate
2019-10-18 07:24:12,060 [Thread-10751] INFO  impl.RoleInfo (RoleInfo.java:updateAndGet(143)) - 12ad0800-05cb-443c-9fdd-fa1debf04523: start LeaderElection
2019-10-18 07:24:12,090 [12ad0800-05cb-443c-9fdd-fa1debf04523@group-BCB82A5C07F5-LeaderElection1236] INFO  impl.LeaderElection (LeaderElection.java:askForVotes(178)) - 12ad0800-05cb-443c-9fdd-fa1debf04523@group-BCB82A5C07F5-LeaderElection1236: begin an election at term 180 for -1: [12ad0800-05cb-443c-9fdd-fa1debf04523:192.168.34.25:41155, 5170c5f3-8499-4b42-9321-85fc8a351f79:192.168.34.25:43074, 0b10a9fc-47eb-4a2b-b664-8273d9d17379:192.168.34.25:45248], old=null
2019-10-18 07:24:12,091 [12ad0800-05cb-443c-9fdd-fa1debf04523@group-BCB82A5C07F5-LeaderElection1236] INFO  impl.LeaderElection (LogUtils.java:infoOrTrace(149)) - 12ad0800-05cb-443c-9fdd-fa1debf04523@group-BCB82A5C07F5-LeaderElection1236 got exception when requesting votes: {}
java.util.concurrent.ExecutionException: org.apache.ratis.thirdparty.io.grpc.StatusRuntimeException: UNAVAILABLE: io exception
	at java.util.concurrent.FutureTask.report(FutureTask.java:122)
	at java.util.concurrent.FutureTask.get(FutureTask.java:192)
	at org.apache.ratis.server.impl.LeaderElection.waitForResults(LeaderElection.java:259)
	at org.apache.ratis.server.impl.LeaderElection.askForVotes(LeaderElection.java:197)
	at org.apache.ratis.server.impl.LeaderElection.run(LeaderElection.java:133)
	at java.lang.Thread.run(Thread.java:748)
Caused by: org.apache.ratis.thirdparty.io.grpc.StatusRuntimeException: UNAVAILABLE: io exception
	at org.apache.ratis.thirdparty.io.grpc.stub.ClientCalls.toStatusRuntimeException(ClientCalls.java:233)
	at org.apache.ratis.thirdparty.io.grpc.stub.ClientCalls.getUnchecked(ClientCalls.java:214)
	at org.apache.ratis.thirdparty.io.grpc.stub.ClientCalls.blockingUnaryCall(ClientCalls.java:139)
	at org.apache.ratis.proto.grpc.RaftServerProtocolServiceGrpc$RaftServerProtocolServiceBlockingStub.requestVote(RaftServerProtocolServiceGrpc.java:265)
	at org.apache.ratis.grpc.server.GrpcServerProtocolClient.requestVote(GrpcServerProtocolClient.java:99)
	at org.apache.ratis.grpc.server.GrpcService.requestVote(GrpcService.java:204)
	at org.apache.ratis.server.impl.LeaderElection.lambda$submitRequests$1(LeaderElection.java:234)
	at java.util.concurrent.FutureTask.run(FutureTask.java:266)
	at java.util.concurrent.Executors$RunnableAdapter.call(Executors.java:511)
	at java.util.concurrent.FutureTask.run(FutureTask.java:266)
	at java.util.concurrent.ThreadPoolExecutor.runWorker(ThreadPoolExecutor.java:1149)
	at java.util.concurrent.ThreadPoolExecutor$Worker.run(ThreadPoolExecutor.java:624)
	... 1 more
Caused by: org.apache.ratis.thirdparty.io.netty.channel.AbstractChannel$AnnotatedConnectException: Connection refused: /192.168.34.25:45248
	at sun.nio.ch.SocketChannelImpl.checkConnect(Native Method)
	at sun.nio.ch.SocketChannelImpl.finishConnect(SocketChannelImpl.java:717)
	at org.apache.ratis.thirdparty.io.netty.channel.socket.nio.NioSocketChannel.doFinishConnect(NioSocketChannel.java:327)
	at org.apache.ratis.thirdparty.io.netty.channel.nio.AbstractNioChannel$AbstractNioUnsafe.finishConnect(AbstractNioChannel.java:340)
	at org.apache.ratis.thirdparty.io.netty.channel.nio.NioEventLoop.processSelectedKey(NioEventLoop.java:632)
	at org.apache.ratis.thirdparty.io.netty.channel.nio.NioEventLoop.processSelectedKeysOptimized(NioEventLoop.java:579)
	at org.apache.ratis.thirdparty.io.netty.channel.nio.NioEventLoop.processSelectedKeys(NioEventLoop.java:496)
	at org.apache.ratis.thirdparty.io.netty.channel.nio.NioEventLoop.run(NioEventLoop.java:458)
	at org.apache.ratis.thirdparty.io.netty.util.concurrent.SingleThreadEventExecutor$5.run(SingleThreadEventExecutor.java:897)
	at org.apache.ratis.thirdparty.io.netty.util.concurrent.FastThreadLocalRunnable.run(FastThreadLocalRunnable.java:30)
	... 1 more
Caused by: java.net.ConnectException: Connection refused
	... 11 more
2019-10-18 07:24:12,091 [grpc-default-executor-14] INFO  impl.RaftServerImpl (RaftServerImpl.java:setRole(184)) - 5170c5f3-8499-4b42-9321-85fc8a351f79@group-BCB82A5C07F5: changes role from  FOLLOWER to FOLLOWER at term 180 for recognizeCandidate:12ad0800-05cb-443c-9fdd-fa1debf04523
2019-10-18 07:24:12,091 [grpc-default-executor-14] INFO  impl.RoleInfo (RoleInfo.java:shutdownFollowerState(121)) - 5170c5f3-8499-4b42-9321-85fc8a351f79: shutdown FollowerState
2019-10-18 07:24:12,091 [grpc-default-executor-14] INFO  impl.RoleInfo (RoleInfo.java:updateAndGet(143)) - 5170c5f3-8499-4b42-9321-85fc8a351f79: start FollowerState
2019-10-18 07:24:12,092 [Thread-10750] INFO  impl.FollowerState (FollowerState.java:run(117)) - 5170c5f3-8499-4b42-9321-85fc8a351f79@group-BCB82A5C07F5-FollowerState was interrupted: java.lang.InterruptedException: sleep interrupted
2019-10-18 07:24:12,104 [12ad0800-05cb-443c-9fdd-fa1debf04523@group-BCB82A5C07F5-LeaderElection1236] INFO  impl.LeaderElection (LeaderElection.java:logAndReturn(56)) - 12ad0800-05cb-443c-9fdd-fa1debf04523@group-BCB82A5C07F5-LeaderElection1236: Election TIMEOUT; received 0 response(s) [] and 1 exception(s); 12ad0800-05cb-443c-9fdd-fa1debf04523@group-BCB82A5C07F5:t180, leader=null, voted=12ad0800-05cb-443c-9fdd-fa1debf04523, raftlog=12ad0800-05cb-443c-9fdd-fa1debf04523@group-BCB82A5C07F5-SegmentedRaftLog:OPENED:c-1,f-1,i0, conf=-1: [12ad0800-05cb-443c-9fdd-fa1debf04523:192.168.34.25:41155, 5170c5f3-8499-4b42-9321-85fc8a351f79:192.168.34.25:43074, 0b10a9fc-47eb-4a2b-b664-8273d9d17379:192.168.34.25:45248], old=null
2019-10-18 07:24:12,104 [12ad0800-05cb-443c-9fdd-fa1debf04523@group-BCB82A5C07F5-LeaderElection1236] INFO  impl.LeaderElection (LogUtils.java:infoOrTrace(149)) -   Exception 0: {}
java.util.concurrent.ExecutionException: org.apache.ratis.thirdparty.io.grpc.StatusRuntimeException: UNAVAILABLE: io exception
	at java.util.concurrent.FutureTask.report(FutureTask.java:122)
	at java.util.concurrent.FutureTask.get(FutureTask.java:192)
	at org.apache.ratis.server.impl.LeaderElection.waitForResults(LeaderElection.java:259)
	at org.apache.ratis.server.impl.LeaderElection.askForVotes(LeaderElection.java:197)
	at org.apache.ratis.server.impl.LeaderElection.run(LeaderElection.java:133)
	at java.lang.Thread.run(Thread.java:748)
Caused by: org.apache.ratis.thirdparty.io.grpc.StatusRuntimeException: UNAVAILABLE: io exception
	at org.apache.ratis.thirdparty.io.grpc.stub.ClientCalls.toStatusRuntimeException(ClientCalls.java:233)
	at org.apache.ratis.thirdparty.io.grpc.stub.ClientCalls.getUnchecked(ClientCalls.java:214)
	at org.apache.ratis.thirdparty.io.grpc.stub.ClientCalls.blockingUnaryCall(ClientCalls.java:139)
	at org.apache.ratis.proto.grpc.RaftServerProtocolServiceGrpc$RaftServerProtocolServiceBlockingStub.requestVote(RaftServerProtocolServiceGrpc.java:265)
	at org.apache.ratis.grpc.server.GrpcServerProtocolClient.requestVote(GrpcServerProtocolClient.java:99)
	at org.apache.ratis.grpc.server.GrpcService.requestVote(GrpcService.java:204)
	at org.apache.ratis.server.impl.LeaderElection.lambda$submitRequests$1(LeaderElection.java:234)
	at java.util.concurrent.FutureTask.run(FutureTask.java:266)
	at java.util.concurrent.Executors$RunnableAdapter.call(Executors.java:511)
	at java.util.concurrent.FutureTask.run(FutureTask.java:266)
	at java.util.concurrent.ThreadPoolExecutor.runWorker(ThreadPoolExecutor.java:1149)
	at java.util.concurrent.ThreadPoolExecutor$Worker.run(ThreadPoolExecutor.java:624)
	... 1 more
Caused by: org.apache.ratis.thirdparty.io.netty.channel.AbstractChannel$AnnotatedConnectException: Connection refused: /192.168.34.25:45248
	at sun.nio.ch.SocketChannelImpl.checkConnect(Native Method)
	at sun.nio.ch.SocketChannelImpl.finishConnect(SocketChannelImpl.java:717)
	at org.apache.ratis.thirdparty.io.netty.channel.socket.nio.NioSocketChannel.doFinishConnect(NioSocketChannel.java:327)
	at org.apache.ratis.thirdparty.io.netty.channel.nio.AbstractNioChannel$AbstractNioUnsafe.finishConnect(AbstractNioChannel.java:340)
	at org.apache.ratis.thirdparty.io.netty.channel.nio.NioEventLoop.processSelectedKey(NioEventLoop.java:632)
	at org.apache.ratis.thirdparty.io.netty.channel.nio.NioEventLoop.processSelectedKeysOptimized(NioEventLoop.java:579)
	at org.apache.ratis.thirdparty.io.netty.channel.nio.NioEventLoop.processSelectedKeys(NioEventLoop.java:496)
	at org.apache.ratis.thirdparty.io.netty.channel.nio.NioEventLoop.run(NioEventLoop.java:458)
	at org.apache.ratis.thirdparty.io.netty.util.concurrent.SingleThreadEventExecutor$5.run(SingleThreadEventExecutor.java:897)
	at org.apache.ratis.thirdparty.io.netty.util.concurrent.FastThreadLocalRunnable.run(FastThreadLocalRunnable.java:30)
	... 1 more
Caused by: java.net.ConnectException: Connection refused
	... 11 more
2019-10-18 07:24:12,133 [12ad0800-05cb-443c-9fdd-fa1debf04523@group-BCB82A5C07F5-LeaderElection1236] INFO  impl.LeaderElection (LeaderElection.java:askForVotes(178)) - 12ad0800-05cb-443c-9fdd-fa1debf04523@group-BCB82A5C07F5-LeaderElection1236: begin an election at term 181 for -1: [12ad0800-05cb-443c-9fdd-fa1debf04523:192.168.34.25:41155, 5170c5f3-8499-4b42-9321-85fc8a351f79:192.168.34.25:43074, 0b10a9fc-47eb-4a2b-b664-8273d9d17379:192.168.34.25:45248], old=null
2019-10-18 07:24:12,133 [12ad0800-05cb-443c-9fdd-fa1debf04523@group-BCB82A5C07F5-LeaderElection1236] INFO  impl.LeaderElection (LogUtils.java:infoOrTrace(149)) - 12ad0800-05cb-443c-9fdd-fa1debf04523@group-BCB82A5C07F5-LeaderElection1236 got exception when requesting votes: {}
java.util.concurrent.ExecutionException: org.apache.ratis.thirdparty.io.grpc.StatusRuntimeException: UNAVAILABLE: io exception
	at java.util.concurrent.FutureTask.report(FutureTask.java:122)
	at java.util.concurrent.FutureTask.get(FutureTask.java:192)
	at org.apache.ratis.server.impl.LeaderElection.waitForResults(LeaderElection.java:259)
	at org.apache.ratis.server.impl.LeaderElection.askForVotes(LeaderElection.java:197)
	at org.apache.ratis.server.impl.LeaderElection.run(LeaderElection.java:133)
	at java.lang.Thread.run(Thread.java:748)
Caused by: org.apache.ratis.thirdparty.io.grpc.StatusRuntimeException: UNAVAILABLE: io exception
	at org.apache.ratis.thirdparty.io.grpc.stub.ClientCalls.toStatusRuntimeException(ClientCalls.java:233)
	at org.apache.ratis.thirdparty.io.grpc.stub.ClientCalls.getUnchecked(ClientCalls.java:214)
	at org.apache.ratis.thirdparty.io.grpc.stub.ClientCalls.blockingUnaryCall(ClientCalls.java:139)
	at org.apache.ratis.proto.grpc.RaftServerProtocolServiceGrpc$RaftServerProtocolServiceBlockingStub.requestVote(RaftServerProtocolServiceGrpc.java:265)
	at org.apache.ratis.grpc.server.GrpcServerProtocolClient.requestVote(GrpcServerProtocolClient.java:99)
	at org.apache.ratis.grpc.server.GrpcService.requestVote(GrpcService.java:204)
	at org.apache.ratis.server.impl.LeaderElection.lambda$submitRequests$1(LeaderElection.java:234)
	at java.util.concurrent.FutureTask.run(FutureTask.java:266)
	at java.util.concurrent.Executors$RunnableAdapter.call(Executors.java:511)
	at java.util.concurrent.FutureTask.run(FutureTask.java:266)
	at java.util.concurrent.ThreadPoolExecutor.runWorker(ThreadPoolExecutor.java:1149)
	at java.util.concurrent.ThreadPoolExecutor$Worker.run(ThreadPoolExecutor.java:624)
	... 1 more
Caused by: org.apache.ratis.thirdparty.io.netty.channel.AbstractChannel$AnnotatedConnectException: Connection refused: /192.168.34.25:45248
	at sun.nio.ch.SocketChannelImpl.checkConnect(Native Method)
	at sun.nio.ch.SocketChannelImpl.finishConnect(SocketChannelImpl.java:717)
	at org.apache.ratis.thirdparty.io.netty.channel.socket.nio.NioSocketChannel.doFinishConnect(NioSocketChannel.java:327)
	at org.apache.ratis.thirdparty.io.netty.channel.nio.AbstractNioChannel$AbstractNioUnsafe.finishConnect(AbstractNioChannel.java:340)
	at org.apache.ratis.thirdparty.io.netty.channel.nio.NioEventLoop.processSelectedKey(NioEventLoop.java:632)
	at org.apache.ratis.thirdparty.io.netty.channel.nio.NioEventLoop.processSelectedKeysOptimized(NioEventLoop.java:579)
	at org.apache.ratis.thirdparty.io.netty.channel.nio.NioEventLoop.processSelectedKeys(NioEventLoop.java:496)
	at org.apache.ratis.thirdparty.io.netty.channel.nio.NioEventLoop.run(NioEventLoop.java:458)
	at org.apache.ratis.thirdparty.io.netty.util.concurrent.SingleThreadEventExecutor$5.run(SingleThreadEventExecutor.java:897)
	at org.apache.ratis.thirdparty.io.netty.util.concurrent.FastThreadLocalRunnable.run(FastThreadLocalRunnable.java:30)
	... 1 more
Caused by: java.net.ConnectException: Connection refused
	... 11 more
2019-10-18 07:24:12,134 [grpc-default-executor-14] INFO  impl.RaftServerImpl (RaftServerImpl.java:setRole(184)) - 5170c5f3-8499-4b42-9321-85fc8a351f79@group-BCB82A5C07F5: changes role from  FOLLOWER to FOLLOWER at term 181 for recognizeCandidate:12ad0800-05cb-443c-9fdd-fa1debf04523
2019-10-18 07:24:12,134 [grpc-default-executor-14] INFO  impl.RoleInfo (RoleInfo.java:shutdownFollowerState(121)) - 5170c5f3-8499-4b42-9321-85fc8a351f79: shutdown FollowerState
2019-10-18 07:24:12,134 [grpc-default-executor-14] INFO  impl.RoleInfo (RoleInfo.java:updateAndGet(143)) - 5170c5f3-8499-4b42-9321-85fc8a351f79: start FollowerState
2019-10-18 07:24:12,134 [Thread-10756] INFO  impl.FollowerState (FollowerState.java:run(117)) - 5170c5f3-8499-4b42-9321-85fc8a351f79@group-BCB82A5C07F5-FollowerState was interrupted: java.lang.InterruptedException: sleep interrupted
2019-10-18 07:24:12,158 [12ad0800-05cb-443c-9fdd-fa1debf04523@group-BCB82A5C07F5-LeaderElection1236] INFO  impl.LeaderElection (LeaderElection.java:logAndReturn(56)) - 12ad0800-05cb-443c-9fdd-fa1debf04523@group-BCB82A5C07F5-LeaderElection1236: Election REJECTED; received 1 response(s) [12ad0800-05cb-443c-9fdd-fa1debf04523<-5170c5f3-8499-4b42-9321-85fc8a351f79#0:FAIL-t181] and 1 exception(s); 12ad0800-05cb-443c-9fdd-fa1debf04523@group-BCB82A5C07F5:t181, leader=null, voted=12ad0800-05cb-443c-9fdd-fa1debf04523, raftlog=12ad0800-05cb-443c-9fdd-fa1debf04523@group-BCB82A5C07F5-SegmentedRaftLog:OPENED:c-1,f-1,i0, conf=-1: [12ad0800-05cb-443c-9fdd-fa1debf04523:192.168.34.25:41155, 5170c5f3-8499-4b42-9321-85fc8a351f79:192.168.34.25:43074, 0b10a9fc-47eb-4a2b-b664-8273d9d17379:192.168.34.25:45248], old=null
2019-10-18 07:24:12,158 [12ad0800-05cb-443c-9fdd-fa1debf04523@group-BCB82A5C07F5-LeaderElection1236] INFO  impl.LeaderElection (LogUtils.java:infoOrTrace(149)) -   Exception 0: {}
java.util.concurrent.ExecutionException: org.apache.ratis.thirdparty.io.grpc.StatusRuntimeException: UNAVAILABLE: io exception
	at java.util.concurrent.FutureTask.report(FutureTask.java:122)
	at java.util.concurrent.FutureTask.get(FutureTask.java:192)
	at org.apache.ratis.server.impl.LeaderElection.waitForResults(LeaderElection.java:259)
	at org.apache.ratis.server.impl.LeaderElection.askForVotes(LeaderElection.java:197)
	at org.apache.ratis.server.impl.LeaderElection.run(LeaderElection.java:133)
	at java.lang.Thread.run(Thread.java:748)
Caused by: org.apache.ratis.thirdparty.io.grpc.StatusRuntimeException: UNAVAILABLE: io exception
	at org.apache.ratis.thirdparty.io.grpc.stub.ClientCalls.toStatusRuntimeException(ClientCalls.java:233)
	at org.apache.ratis.thirdparty.io.grpc.stub.ClientCalls.getUnchecked(ClientCalls.java:214)
	at org.apache.ratis.thirdparty.io.grpc.stub.ClientCalls.blockingUnaryCall(ClientCalls.java:139)
	at org.apache.ratis.proto.grpc.RaftServerProtocolServiceGrpc$RaftServerProtocolServiceBlockingStub.requestVote(RaftServerProtocolServiceGrpc.java:265)
	at org.apache.ratis.grpc.server.GrpcServerProtocolClient.requestVote(GrpcServerProtocolClient.java:99)
	at org.apache.ratis.grpc.server.GrpcService.requestVote(GrpcService.java:204)
	at org.apache.ratis.server.impl.LeaderElection.lambda$submitRequests$1(LeaderElection.java:234)
	at java.util.concurrent.FutureTask.run(FutureTask.java:266)
	at java.util.concurrent.Executors$RunnableAdapter.call(Executors.java:511)
	at java.util.concurrent.FutureTask.run(FutureTask.java:266)
	at java.util.concurrent.ThreadPoolExecutor.runWorker(ThreadPoolExecutor.java:1149)
	at java.util.concurrent.ThreadPoolExecutor$Worker.run(ThreadPoolExecutor.java:624)
	... 1 more
Caused by: org.apache.ratis.thirdparty.io.netty.channel.AbstractChannel$AnnotatedConnectException: Connection refused: /192.168.34.25:45248
	at sun.nio.ch.SocketChannelImpl.checkConnect(Native Method)
	at sun.nio.ch.SocketChannelImpl.finishConnect(SocketChannelImpl.java:717)
	at org.apache.ratis.thirdparty.io.netty.channel.socket.nio.NioSocketChannel.doFinishConnect(NioSocketChannel.java:327)
	at org.apache.ratis.thirdparty.io.netty.channel.nio.AbstractNioChannel$AbstractNioUnsafe.finishConnect(AbstractNioChannel.java:340)
	at org.apache.ratis.thirdparty.io.netty.channel.nio.NioEventLoop.processSelectedKey(NioEventLoop.java:632)
	at org.apache.ratis.thirdparty.io.netty.channel.nio.NioEventLoop.processSelectedKeysOptimized(NioEventLoop.java:579)
	at org.apache.ratis.thirdparty.io.netty.channel.nio.NioEventLoop.processSelectedKeys(NioEventLoop.java:496)
	at org.apache.ratis.thirdparty.io.netty.channel.nio.NioEventLoop.run(NioEventLoop.java:458)
	at org.apache.ratis.thirdparty.io.netty.util.concurrent.SingleThreadEventExecutor$5.run(SingleThreadEventExecutor.java:897)
	at org.apache.ratis.thirdparty.io.netty.util.concurrent.FastThreadLocalRunnable.run(FastThreadLocalRunnable.java:30)
	... 1 more
Caused by: java.net.ConnectException: Connection refused
	... 11 more
2019-10-18 07:24:12,159 [12ad0800-05cb-443c-9fdd-fa1debf04523@group-BCB82A5C07F5-LeaderElection1236] INFO  impl.RaftServerImpl (RaftServerImpl.java:setRole(184)) - 12ad0800-05cb-443c-9fdd-fa1debf04523@group-BCB82A5C07F5: changes role from CANDIDATE to FOLLOWER at term 181 for DISCOVERED_A_NEW_TERM
2019-10-18 07:24:12,159 [12ad0800-05cb-443c-9fdd-fa1debf04523@group-BCB82A5C07F5-LeaderElection1236] INFO  impl.RoleInfo (RoleInfo.java:shutdownLeaderElection(134)) - 12ad0800-05cb-443c-9fdd-fa1debf04523: shutdown LeaderElection
2019-10-18 07:24:12,159 [12ad0800-05cb-443c-9fdd-fa1debf04523@group-BCB82A5C07F5-LeaderElection1236] INFO  impl.RoleInfo (RoleInfo.java:updateAndGet(143)) - 12ad0800-05cb-443c-9fdd-fa1debf04523: start FollowerState
2019-10-18 07:24:12,346 [Thread-10760] INFO  impl.FollowerState (FollowerState.java:run(108)) - 12ad0800-05cb-443c-9fdd-fa1debf04523@group-BCB82A5C07F5-FollowerState: change to CANDIDATE, lastRpcTime:187ms, electionTimeout:187ms
2019-10-18 07:24:12,346 [Thread-10760] INFO  impl.RoleInfo (RoleInfo.java:shutdownFollowerState(121)) - 12ad0800-05cb-443c-9fdd-fa1debf04523: shutdown FollowerState
2019-10-18 07:24:12,346 [Thread-10760] INFO  impl.RaftServerImpl (RaftServerImpl.java:setRole(184)) - 12ad0800-05cb-443c-9fdd-fa1debf04523@group-BCB82A5C07F5: changes role from  FOLLOWER to CANDIDATE at term 181 for changeToCandidate
2019-10-18 07:24:12,347 [Thread-10760] INFO  impl.RoleInfo (RoleInfo.java:updateAndGet(143)) - 12ad0800-05cb-443c-9fdd-fa1debf04523: start LeaderElection
2019-10-18 07:24:12,375 [12ad0800-05cb-443c-9fdd-fa1debf04523@group-BCB82A5C07F5-LeaderElection1237] INFO  impl.LeaderElection (LeaderElection.java:askForVotes(178)) - 12ad0800-05cb-443c-9fdd-fa1debf04523@group-BCB82A5C07F5-LeaderElection1237: begin an election at term 182 for -1: [12ad0800-05cb-443c-9fdd-fa1debf04523:192.168.34.25:41155, 5170c5f3-8499-4b42-9321-85fc8a351f79:192.168.34.25:43074, 0b10a9fc-47eb-4a2b-b664-8273d9d17379:192.168.34.25:45248], old=null
2019-10-18 07:24:12,376 [12ad0800-05cb-443c-9fdd-fa1debf04523@group-BCB82A5C07F5-LeaderElection1237] INFO  impl.LeaderElection (LogUtils.java:infoOrTrace(149)) - 12ad0800-05cb-443c-9fdd-fa1debf04523@group-BCB82A5C07F5-LeaderElection1237 got exception when requesting votes: {}
java.util.concurrent.ExecutionException: org.apache.ratis.thirdparty.io.grpc.StatusRuntimeException: UNAVAILABLE: io exception
	at java.util.concurrent.FutureTask.report(FutureTask.java:122)
	at java.util.concurrent.FutureTask.get(FutureTask.java:192)
	at org.apache.ratis.server.impl.LeaderElection.waitForResults(LeaderElection.java:259)
	at org.apache.ratis.server.impl.LeaderElection.askForVotes(LeaderElection.java:197)
	at org.apache.ratis.server.impl.LeaderElection.run(LeaderElection.java:133)
	at java.lang.Thread.run(Thread.java:748)
Caused by: org.apache.ratis.thirdparty.io.grpc.StatusRuntimeException: UNAVAILABLE: io exception
	at org.apache.ratis.thirdparty.io.grpc.stub.ClientCalls.toStatusRuntimeException(ClientCalls.java:233)
	at org.apache.ratis.thirdparty.io.grpc.stub.ClientCalls.getUnchecked(ClientCalls.java:214)
	at org.apache.ratis.thirdparty.io.grpc.stub.ClientCalls.blockingUnaryCall(ClientCalls.java:139)
	at org.apache.ratis.proto.grpc.RaftServerProtocolServiceGrpc$RaftServerProtocolServiceBlockingStub.requestVote(RaftServerProtocolServiceGrpc.java:265)
	at org.apache.ratis.grpc.server.GrpcServerProtocolClient.requestVote(GrpcServerProtocolClient.java:99)
	at org.apache.ratis.grpc.server.GrpcService.requestVote(GrpcService.java:204)
	at org.apache.ratis.server.impl.LeaderElection.lambda$submitRequests$1(LeaderElection.java:234)
	at java.util.concurrent.FutureTask.run(FutureTask.java:266)
	at java.util.concurrent.Executors$RunnableAdapter.call(Executors.java:511)
	at java.util.concurrent.FutureTask.run(FutureTask.java:266)
	at java.util.concurrent.ThreadPoolExecutor.runWorker(ThreadPoolExecutor.java:1149)
	at java.util.concurrent.ThreadPoolExecutor$Worker.run(ThreadPoolExecutor.java:624)
	... 1 more
Caused by: org.apache.ratis.thirdparty.io.netty.channel.AbstractChannel$AnnotatedConnectException: Connection refused: /192.168.34.25:45248
	at sun.nio.ch.SocketChannelImpl.checkConnect(Native Method)
	at sun.nio.ch.SocketChannelImpl.finishConnect(SocketChannelImpl.java:717)
	at org.apache.ratis.thirdparty.io.netty.channel.socket.nio.NioSocketChannel.doFinishConnect(NioSocketChannel.java:327)
	at org.apache.ratis.thirdparty.io.netty.channel.nio.AbstractNioChannel$AbstractNioUnsafe.finishConnect(AbstractNioChannel.java:340)
	at org.apache.ratis.thirdparty.io.netty.channel.nio.NioEventLoop.processSelectedKey(NioEventLoop.java:632)
	at org.apache.ratis.thirdparty.io.netty.channel.nio.NioEventLoop.processSelectedKeysOptimized(NioEventLoop.java:579)
	at org.apache.ratis.thirdparty.io.netty.channel.nio.NioEventLoop.processSelectedKeys(NioEventLoop.java:496)
	at org.apache.ratis.thirdparty.io.netty.channel.nio.NioEventLoop.run(NioEventLoop.java:458)
	at org.apache.ratis.thirdparty.io.netty.util.concurrent.SingleThreadEventExecutor$5.run(SingleThreadEventExecutor.java:897)
	at org.apache.ratis.thirdparty.io.netty.util.concurrent.FastThreadLocalRunnable.run(FastThreadLocalRunnable.java:30)
	... 1 more
Caused by: java.net.ConnectException: Connection refused
	... 11 more
2019-10-18 07:24:12,377 [grpc-default-executor-14] INFO  impl.RaftServerImpl (RaftServerImpl.java:setRole(184)) - 5170c5f3-8499-4b42-9321-85fc8a351f79@group-BCB82A5C07F5: changes role from  FOLLOWER to FOLLOWER at term 182 for recognizeCandidate:12ad0800-05cb-443c-9fdd-fa1debf04523
2019-10-18 07:24:12,377 [grpc-default-executor-14] INFO  impl.RoleInfo (RoleInfo.java:shutdownFollowerState(121)) - 5170c5f3-8499-4b42-9321-85fc8a351f79: shutdown FollowerState
2019-10-18 07:24:12,377 [grpc-default-executor-14] INFO  impl.RoleInfo (RoleInfo.java:updateAndGet(143)) - 5170c5f3-8499-4b42-9321-85fc8a351f79: start FollowerState
2019-10-18 07:24:12,377 [Thread-10759] INFO  impl.FollowerState (FollowerState.java:run(117)) - 5170c5f3-8499-4b42-9321-85fc8a351f79@group-BCB82A5C07F5-FollowerState was interrupted: java.lang.InterruptedException: sleep interrupted
2019-10-18 07:24:12,397 [12ad0800-05cb-443c-9fdd-fa1debf04523@group-BCB82A5C07F5-LeaderElection1237] INFO  impl.LeaderElection (LeaderElection.java:logAndReturn(56)) - 12ad0800-05cb-443c-9fdd-fa1debf04523@group-BCB82A5C07F5-LeaderElection1237: Election TIMEOUT; received 0 response(s) [] and 1 exception(s); 12ad0800-05cb-443c-9fdd-fa1debf04523@group-BCB82A5C07F5:t182, leader=null, voted=12ad0800-05cb-443c-9fdd-fa1debf04523, raftlog=12ad0800-05cb-443c-9fdd-fa1debf04523@group-BCB82A5C07F5-SegmentedRaftLog:OPENED:c-1,f-1,i0, conf=-1: [12ad0800-05cb-443c-9fdd-fa1debf04523:192.168.34.25:41155, 5170c5f3-8499-4b42-9321-85fc8a351f79:192.168.34.25:43074, 0b10a9fc-47eb-4a2b-b664-8273d9d17379:192.168.34.25:45248], old=null
2019-10-18 07:24:12,397 [12ad0800-05cb-443c-9fdd-fa1debf04523@group-BCB82A5C07F5-LeaderElection1237] INFO  impl.LeaderElection (LogUtils.java:infoOrTrace(149)) -   Exception 0: {}
java.util.concurrent.ExecutionException: org.apache.ratis.thirdparty.io.grpc.StatusRuntimeException: UNAVAILABLE: io exception
	at java.util.concurrent.FutureTask.report(FutureTask.java:122)
	at java.util.concurrent.FutureTask.get(FutureTask.java:192)
	at org.apache.ratis.server.impl.LeaderElection.waitForResults(LeaderElection.java:259)
	at org.apache.ratis.server.impl.LeaderElection.askForVotes(LeaderElection.java:197)
	at org.apache.ratis.server.impl.LeaderElection.run(LeaderElection.java:133)
	at java.lang.Thread.run(Thread.java:748)
Caused by: org.apache.ratis.thirdparty.io.grpc.StatusRuntimeException: UNAVAILABLE: io exception
	at org.apache.ratis.thirdparty.io.grpc.stub.ClientCalls.toStatusRuntimeException(ClientCalls.java:233)
	at org.apache.ratis.thirdparty.io.grpc.stub.ClientCalls.getUnchecked(ClientCalls.java:214)
	at org.apache.ratis.thirdparty.io.grpc.stub.ClientCalls.blockingUnaryCall(ClientCalls.java:139)
	at org.apache.ratis.proto.grpc.RaftServerProtocolServiceGrpc$RaftServerProtocolServiceBlockingStub.requestVote(RaftServerProtocolServiceGrpc.java:265)
	at org.apache.ratis.grpc.server.GrpcServerProtocolClient.requestVote(GrpcServerProtocolClient.java:99)
	at org.apache.ratis.grpc.server.GrpcService.requestVote(GrpcService.java:204)
	at org.apache.ratis.server.impl.LeaderElection.lambda$submitRequests$1(LeaderElection.java:234)
	at java.util.concurrent.FutureTask.run(FutureTask.java:266)
	at java.util.concurrent.Executors$RunnableAdapter.call(Executors.java:511)
	at java.util.concurrent.FutureTask.run(FutureTask.java:266)
	at java.util.concurrent.ThreadPoolExecutor.runWorker(ThreadPoolExecutor.java:1149)
	at java.util.concurrent.ThreadPoolExecutor$Worker.run(ThreadPoolExecutor.java:624)
	... 1 more
Caused by: org.apache.ratis.thirdparty.io.netty.channel.AbstractChannel$AnnotatedConnectException: Connection refused: /192.168.34.25:45248
	at sun.nio.ch.SocketChannelImpl.checkConnect(Native Method)
	at sun.nio.ch.SocketChannelImpl.finishConnect(SocketChannelImpl.java:717)
	at org.apache.ratis.thirdparty.io.netty.channel.socket.nio.NioSocketChannel.doFinishConnect(NioSocketChannel.java:327)
	at org.apache.ratis.thirdparty.io.netty.channel.nio.AbstractNioChannel$AbstractNioUnsafe.finishConnect(AbstractNioChannel.java:340)
	at org.apache.ratis.thirdparty.io.netty.channel.nio.NioEventLoop.processSelectedKey(NioEventLoop.java:632)
	at org.apache.ratis.thirdparty.io.netty.channel.nio.NioEventLoop.processSelectedKeysOptimized(NioEventLoop.java:579)
	at org.apache.ratis.thirdparty.io.netty.channel.nio.NioEventLoop.processSelectedKeys(NioEventLoop.java:496)
	at org.apache.ratis.thirdparty.io.netty.channel.nio.NioEventLoop.run(NioEventLoop.java:458)
	at org.apache.ratis.thirdparty.io.netty.util.concurrent.SingleThreadEventExecutor$5.run(SingleThreadEventExecutor.java:897)
	at org.apache.ratis.thirdparty.io.netty.util.concurrent.FastThreadLocalRunnable.run(FastThreadLocalRunnable.java:30)
	... 1 more
Caused by: java.net.ConnectException: Connection refused
	... 11 more
2019-10-18 07:24:12,426 [12ad0800-05cb-443c-9fdd-fa1debf04523@group-BCB82A5C07F5-LeaderElection1237] INFO  impl.LeaderElection (LeaderElection.java:askForVotes(178)) - 12ad0800-05cb-443c-9fdd-fa1debf04523@group-BCB82A5C07F5-LeaderElection1237: begin an election at term 183 for -1: [12ad0800-05cb-443c-9fdd-fa1debf04523:192.168.34.25:41155, 5170c5f3-8499-4b42-9321-85fc8a351f79:192.168.34.25:43074, 0b10a9fc-47eb-4a2b-b664-8273d9d17379:192.168.34.25:45248], old=null
2019-10-18 07:24:12,427 [12ad0800-05cb-443c-9fdd-fa1debf04523@group-BCB82A5C07F5-LeaderElection1237] INFO  impl.LeaderElection (LogUtils.java:infoOrTrace(149)) - 12ad0800-05cb-443c-9fdd-fa1debf04523@group-BCB82A5C07F5-LeaderElection1237 got exception when requesting votes: {}
java.util.concurrent.ExecutionException: org.apache.ratis.thirdparty.io.grpc.StatusRuntimeException: UNAVAILABLE: io exception
	at java.util.concurrent.FutureTask.report(FutureTask.java:122)
	at java.util.concurrent.FutureTask.get(FutureTask.java:192)
	at org.apache.ratis.server.impl.LeaderElection.waitForResults(LeaderElection.java:259)
	at org.apache.ratis.server.impl.LeaderElection.askForVotes(LeaderElection.java:197)
	at org.apache.ratis.server.impl.LeaderElection.run(LeaderElection.java:133)
	at java.lang.Thread.run(Thread.java:748)
Caused by: org.apache.ratis.thirdparty.io.grpc.StatusRuntimeException: UNAVAILABLE: io exception
	at org.apache.ratis.thirdparty.io.grpc.stub.ClientCalls.toStatusRuntimeException(ClientCalls.java:233)
	at org.apache.ratis.thirdparty.io.grpc.stub.ClientCalls.getUnchecked(ClientCalls.java:214)
	at org.apache.ratis.thirdparty.io.grpc.stub.ClientCalls.blockingUnaryCall(ClientCalls.java:139)
	at org.apache.ratis.proto.grpc.RaftServerProtocolServiceGrpc$RaftServerProtocolServiceBlockingStub.requestVote(RaftServerProtocolServiceGrpc.java:265)
	at org.apache.ratis.grpc.server.GrpcServerProtocolClient.requestVote(GrpcServerProtocolClient.java:99)
	at org.apache.ratis.grpc.server.GrpcService.requestVote(GrpcService.java:204)
	at org.apache.ratis.server.impl.LeaderElection.lambda$submitRequests$1(LeaderElection.java:234)
	at java.util.concurrent.FutureTask.run(FutureTask.java:266)
	at java.util.concurrent.Executors$RunnableAdapter.call(Executors.java:511)
	at java.util.concurrent.FutureTask.run(FutureTask.java:266)
	at java.util.concurrent.ThreadPoolExecutor.runWorker(ThreadPoolExecutor.java:1149)
	at java.util.concurrent.ThreadPoolExecutor$Worker.run(ThreadPoolExecutor.java:624)
	... 1 more
Caused by: org.apache.ratis.thirdparty.io.netty.channel.AbstractChannel$AnnotatedConnectException: Connection refused: /192.168.34.25:45248
	at sun.nio.ch.SocketChannelImpl.checkConnect(Native Method)
	at sun.nio.ch.SocketChannelImpl.finishConnect(SocketChannelImpl.java:717)
	at org.apache.ratis.thirdparty.io.netty.channel.socket.nio.NioSocketChannel.doFinishConnect(NioSocketChannel.java:327)
	at org.apache.ratis.thirdparty.io.netty.channel.nio.AbstractNioChannel$AbstractNioUnsafe.finishConnect(AbstractNioChannel.java:340)
	at org.apache.ratis.thirdparty.io.netty.channel.nio.NioEventLoop.processSelectedKey(NioEventLoop.java:632)
	at org.apache.ratis.thirdparty.io.netty.channel.nio.NioEventLoop.processSelectedKeysOptimized(NioEventLoop.java:579)
	at org.apache.ratis.thirdparty.io.netty.channel.nio.NioEventLoop.processSelectedKeys(NioEventLoop.java:496)
	at org.apache.ratis.thirdparty.io.netty.channel.nio.NioEventLoop.run(NioEventLoop.java:458)
	at org.apache.ratis.thirdparty.io.netty.util.concurrent.SingleThreadEventExecutor$5.run(SingleThreadEventExecutor.java:897)
	at org.apache.ratis.thirdparty.io.netty.util.concurrent.FastThreadLocalRunnable.run(FastThreadLocalRunnable.java:30)
	... 1 more
Caused by: java.net.ConnectException: Connection refused
	... 11 more
2019-10-18 07:24:12,427 [grpc-default-executor-14] INFO  impl.RaftServerImpl (RaftServerImpl.java:setRole(184)) - 5170c5f3-8499-4b42-9321-85fc8a351f79@group-BCB82A5C07F5: changes role from  FOLLOWER to FOLLOWER at term 183 for recognizeCandidate:12ad0800-05cb-443c-9fdd-fa1debf04523
2019-10-18 07:24:12,427 [grpc-default-executor-14] INFO  impl.RoleInfo (RoleInfo.java:shutdownFollowerState(121)) - 5170c5f3-8499-4b42-9321-85fc8a351f79: shutdown FollowerState
2019-10-18 07:24:12,428 [grpc-default-executor-14] INFO  impl.RoleInfo (RoleInfo.java:updateAndGet(143)) - 5170c5f3-8499-4b42-9321-85fc8a351f79: start FollowerState
2019-10-18 07:24:12,428 [Thread-10765] INFO  impl.FollowerState (FollowerState.java:run(117)) - 5170c5f3-8499-4b42-9321-85fc8a351f79@group-BCB82A5C07F5-FollowerState was interrupted: java.lang.InterruptedException: sleep interrupted
2019-10-18 07:24:12,452 [12ad0800-05cb-443c-9fdd-fa1debf04523@group-BCB82A5C07F5-LeaderElection1237] INFO  impl.LeaderElection (LeaderElection.java:logAndReturn(56)) - 12ad0800-05cb-443c-9fdd-fa1debf04523@group-BCB82A5C07F5-LeaderElection1237: Election REJECTED; received 1 response(s) [12ad0800-05cb-443c-9fdd-fa1debf04523<-5170c5f3-8499-4b42-9321-85fc8a351f79#0:FAIL-t183] and 1 exception(s); 12ad0800-05cb-443c-9fdd-fa1debf04523@group-BCB82A5C07F5:t183, leader=null, voted=12ad0800-05cb-443c-9fdd-fa1debf04523, raftlog=12ad0800-05cb-443c-9fdd-fa1debf04523@group-BCB82A5C07F5-SegmentedRaftLog:OPENED:c-1,f-1,i0, conf=-1: [12ad0800-05cb-443c-9fdd-fa1debf04523:192.168.34.25:41155, 5170c5f3-8499-4b42-9321-85fc8a351f79:192.168.34.25:43074, 0b10a9fc-47eb-4a2b-b664-8273d9d17379:192.168.34.25:45248], old=null
2019-10-18 07:24:12,452 [12ad0800-05cb-443c-9fdd-fa1debf04523@group-BCB82A5C07F5-LeaderElection1237] INFO  impl.LeaderElection (LogUtils.java:infoOrTrace(149)) -   Exception 0: {}
java.util.concurrent.ExecutionException: org.apache.ratis.thirdparty.io.grpc.StatusRuntimeException: UNAVAILABLE: io exception
	at java.util.concurrent.FutureTask.report(FutureTask.java:122)
	at java.util.concurrent.FutureTask.get(FutureTask.java:192)
	at org.apache.ratis.server.impl.LeaderElection.waitForResults(LeaderElection.java:259)
	at org.apache.ratis.server.impl.LeaderElection.askForVotes(LeaderElection.java:197)
	at org.apache.ratis.server.impl.LeaderElection.run(LeaderElection.java:133)
	at java.lang.Thread.run(Thread.java:748)
Caused by: org.apache.ratis.thirdparty.io.grpc.StatusRuntimeException: UNAVAILABLE: io exception
	at org.apache.ratis.thirdparty.io.grpc.stub.ClientCalls.toStatusRuntimeException(ClientCalls.java:233)
	at org.apache.ratis.thirdparty.io.grpc.stub.ClientCalls.getUnchecked(ClientCalls.java:214)
	at org.apache.ratis.thirdparty.io.grpc.stub.ClientCalls.blockingUnaryCall(ClientCalls.java:139)
	at org.apache.ratis.proto.grpc.RaftServerProtocolServiceGrpc$RaftServerProtocolServiceBlockingStub.requestVote(RaftServerProtocolServiceGrpc.java:265)
	at org.apache.ratis.grpc.server.GrpcServerProtocolClient.requestVote(GrpcServerProtocolClient.java:99)
	at org.apache.ratis.grpc.server.GrpcService.requestVote(GrpcService.java:204)
	at org.apache.ratis.server.impl.LeaderElection.lambda$submitRequests$1(LeaderElection.java:234)
	at java.util.concurrent.FutureTask.run(FutureTask.java:266)
	at java.util.concurrent.Executors$RunnableAdapter.call(Executors.java:511)
	at java.util.concurrent.FutureTask.run(FutureTask.java:266)
	at java.util.concurrent.ThreadPoolExecutor.runWorker(ThreadPoolExecutor.java:1149)
	at java.util.concurrent.ThreadPoolExecutor$Worker.run(ThreadPoolExecutor.java:624)
	... 1 more
Caused by: org.apache.ratis.thirdparty.io.netty.channel.AbstractChannel$AnnotatedConnectException: Connection refused: /192.168.34.25:45248
	at sun.nio.ch.SocketChannelImpl.checkConnect(Native Method)
	at sun.nio.ch.SocketChannelImpl.finishConnect(SocketChannelImpl.java:717)
	at org.apache.ratis.thirdparty.io.netty.channel.socket.nio.NioSocketChannel.doFinishConnect(NioSocketChannel.java:327)
	at org.apache.ratis.thirdparty.io.netty.channel.nio.AbstractNioChannel$AbstractNioUnsafe.finishConnect(AbstractNioChannel.java:340)
	at org.apache.ratis.thirdparty.io.netty.channel.nio.NioEventLoop.processSelectedKey(NioEventLoop.java:632)
	at org.apache.ratis.thirdparty.io.netty.channel.nio.NioEventLoop.processSelectedKeysOptimized(NioEventLoop.java:579)
	at org.apache.ratis.thirdparty.io.netty.channel.nio.NioEventLoop.processSelectedKeys(NioEventLoop.java:496)
	at org.apache.ratis.thirdparty.io.netty.channel.nio.NioEventLoop.run(NioEventLoop.java:458)
	at org.apache.ratis.thirdparty.io.netty.util.concurrent.SingleThreadEventExecutor$5.run(SingleThreadEventExecutor.java:897)
	at org.apache.ratis.thirdparty.io.netty.util.concurrent.FastThreadLocalRunnable.run(FastThreadLocalRunnable.java:30)
	... 1 more
Caused by: java.net.ConnectException: Connection refused
	... 11 more
2019-10-18 07:24:12,453 [12ad0800-05cb-443c-9fdd-fa1debf04523@group-BCB82A5C07F5-LeaderElection1237] INFO  impl.RaftServerImpl (RaftServerImpl.java:setRole(184)) - 12ad0800-05cb-443c-9fdd-fa1debf04523@group-BCB82A5C07F5: changes role from CANDIDATE to FOLLOWER at term 183 for DISCOVERED_A_NEW_TERM
2019-10-18 07:24:12,453 [12ad0800-05cb-443c-9fdd-fa1debf04523@group-BCB82A5C07F5-LeaderElection1237] INFO  impl.RoleInfo (RoleInfo.java:shutdownLeaderElection(134)) - 12ad0800-05cb-443c-9fdd-fa1debf04523: shutdown LeaderElection
2019-10-18 07:24:12,453 [12ad0800-05cb-443c-9fdd-fa1debf04523@group-BCB82A5C07F5-LeaderElection1237] INFO  impl.RoleInfo (RoleInfo.java:updateAndGet(143)) - 12ad0800-05cb-443c-9fdd-fa1debf04523: start FollowerState
2019-10-18 07:24:12,492 [Thread-10769] INFO  impl.FollowerState (FollowerState.java:run(108)) - 12ad0800-05cb-443c-9fdd-fa1debf04523@group-BCB82A5C07F5-FollowerState: change to CANDIDATE, lastRpcTime:39ms, electionTimeout:39ms
2019-10-18 07:24:12,492 [Thread-10769] INFO  impl.RoleInfo (RoleInfo.java:shutdownFollowerState(121)) - 12ad0800-05cb-443c-9fdd-fa1debf04523: shutdown FollowerState
2019-10-18 07:24:12,492 [Thread-10769] INFO  impl.RaftServerImpl (RaftServerImpl.java:setRole(184)) - 12ad0800-05cb-443c-9fdd-fa1debf04523@group-BCB82A5C07F5: changes role from  FOLLOWER to CANDIDATE at term 183 for changeToCandidate
2019-10-18 07:24:12,492 [Thread-10769] INFO  impl.RoleInfo (RoleInfo.java:updateAndGet(143)) - 12ad0800-05cb-443c-9fdd-fa1debf04523: start LeaderElection
2019-10-18 07:24:12,519 [12ad0800-05cb-443c-9fdd-fa1debf04523@group-BCB82A5C07F5-LeaderElection1238] INFO  impl.LeaderElection (LeaderElection.java:askForVotes(178)) - 12ad0800-05cb-443c-9fdd-fa1debf04523@group-BCB82A5C07F5-LeaderElection1238: begin an election at term 184 for -1: [12ad0800-05cb-443c-9fdd-fa1debf04523:192.168.34.25:41155, 5170c5f3-8499-4b42-9321-85fc8a351f79:192.168.34.25:43074, 0b10a9fc-47eb-4a2b-b664-8273d9d17379:192.168.34.25:45248], old=null
2019-10-18 07:24:12,520 [12ad0800-05cb-443c-9fdd-fa1debf04523@group-BCB82A5C07F5-LeaderElection1238] INFO  impl.LeaderElection (LogUtils.java:infoOrTrace(149)) - 12ad0800-05cb-443c-9fdd-fa1debf04523@group-BCB82A5C07F5-LeaderElection1238 got exception when requesting votes: {}
java.util.concurrent.ExecutionException: org.apache.ratis.thirdparty.io.grpc.StatusRuntimeException: UNAVAILABLE: io exception
	at java.util.concurrent.FutureTask.report(FutureTask.java:122)
	at java.util.concurrent.FutureTask.get(FutureTask.java:192)
	at org.apache.ratis.server.impl.LeaderElection.waitForResults(LeaderElection.java:259)
	at org.apache.ratis.server.impl.LeaderElection.askForVotes(LeaderElection.java:197)
	at org.apache.ratis.server.impl.LeaderElection.run(LeaderElection.java:133)
	at java.lang.Thread.run(Thread.java:748)
Caused by: org.apache.ratis.thirdparty.io.grpc.StatusRuntimeException: UNAVAILABLE: io exception
	at org.apache.ratis.thirdparty.io.grpc.stub.ClientCalls.toStatusRuntimeException(ClientCalls.java:233)
	at org.apache.ratis.thirdparty.io.grpc.stub.ClientCalls.getUnchecked(ClientCalls.java:214)
	at org.apache.ratis.thirdparty.io.grpc.stub.ClientCalls.blockingUnaryCall(ClientCalls.java:139)
	at org.apache.ratis.proto.grpc.RaftServerProtocolServiceGrpc$RaftServerProtocolServiceBlockingStub.requestVote(RaftServerProtocolServiceGrpc.java:265)
	at org.apache.ratis.grpc.server.GrpcServerProtocolClient.requestVote(GrpcServerProtocolClient.java:99)
	at org.apache.ratis.grpc.server.GrpcService.requestVote(GrpcService.java:204)
	at org.apache.ratis.server.impl.LeaderElection.lambda$submitRequests$1(LeaderElection.java:234)
	at java.util.concurrent.FutureTask.run(FutureTask.java:266)
	at java.util.concurrent.Executors$RunnableAdapter.call(Executors.java:511)
	at java.util.concurrent.FutureTask.run(FutureTask.java:266)
	at java.util.concurrent.ThreadPoolExecutor.runWorker(ThreadPoolExecutor.java:1149)
	at java.util.concurrent.ThreadPoolExecutor$Worker.run(ThreadPoolExecutor.java:624)
	... 1 more
Caused by: org.apache.ratis.thirdparty.io.netty.channel.AbstractChannel$AnnotatedConnectException: Connection refused: /192.168.34.25:45248
	at sun.nio.ch.SocketChannelImpl.checkConnect(Native Method)
	at sun.nio.ch.SocketChannelImpl.finishConnect(SocketChannelImpl.java:717)
	at org.apache.ratis.thirdparty.io.netty.channel.socket.nio.NioSocketChannel.doFinishConnect(NioSocketChannel.java:327)
	at org.apache.ratis.thirdparty.io.netty.channel.nio.AbstractNioChannel$AbstractNioUnsafe.finishConnect(AbstractNioChannel.java:340)
	at org.apache.ratis.thirdparty.io.netty.channel.nio.NioEventLoop.processSelectedKey(NioEventLoop.java:632)
	at org.apache.ratis.thirdparty.io.netty.channel.nio.NioEventLoop.processSelectedKeysOptimized(NioEventLoop.java:579)
	at org.apache.ratis.thirdparty.io.netty.channel.nio.NioEventLoop.processSelectedKeys(NioEventLoop.java:496)
	at org.apache.ratis.thirdparty.io.netty.channel.nio.NioEventLoop.run(NioEventLoop.java:458)
	at org.apache.ratis.thirdparty.io.netty.util.concurrent.SingleThreadEventExecutor$5.run(SingleThreadEventExecutor.java:897)
	at org.apache.ratis.thirdparty.io.netty.util.concurrent.FastThreadLocalRunnable.run(FastThreadLocalRunnable.java:30)
	... 1 more
Caused by: java.net.ConnectException: Connection refused
	... 11 more
2019-10-18 07:24:12,520 [grpc-default-executor-14] INFO  impl.RaftServerImpl (RaftServerImpl.java:setRole(184)) - 5170c5f3-8499-4b42-9321-85fc8a351f79@group-BCB82A5C07F5: changes role from  FOLLOWER to FOLLOWER at term 184 for recognizeCandidate:12ad0800-05cb-443c-9fdd-fa1debf04523
2019-10-18 07:24:12,520 [grpc-default-executor-14] INFO  impl.RoleInfo (RoleInfo.java:shutdownFollowerState(121)) - 5170c5f3-8499-4b42-9321-85fc8a351f79: shutdown FollowerState
2019-10-18 07:24:12,520 [grpc-default-executor-14] INFO  impl.RoleInfo (RoleInfo.java:updateAndGet(143)) - 5170c5f3-8499-4b42-9321-85fc8a351f79: start FollowerState
2019-10-18 07:24:12,520 [Thread-10768] INFO  impl.FollowerState (FollowerState.java:run(117)) - 5170c5f3-8499-4b42-9321-85fc8a351f79@group-BCB82A5C07F5-FollowerState was interrupted: java.lang.InterruptedException: sleep interrupted
2019-10-18 07:24:12,545 [12ad0800-05cb-443c-9fdd-fa1debf04523@group-BCB82A5C07F5-LeaderElection1238] INFO  impl.LeaderElection (LeaderElection.java:logAndReturn(56)) - 12ad0800-05cb-443c-9fdd-fa1debf04523@group-BCB82A5C07F5-LeaderElection1238: Election REJECTED; received 1 response(s) [12ad0800-05cb-443c-9fdd-fa1debf04523<-5170c5f3-8499-4b42-9321-85fc8a351f79#0:FAIL-t184] and 1 exception(s); 12ad0800-05cb-443c-9fdd-fa1debf04523@group-BCB82A5C07F5:t184, leader=null, voted=12ad0800-05cb-443c-9fdd-fa1debf04523, raftlog=12ad0800-05cb-443c-9fdd-fa1debf04523@group-BCB82A5C07F5-SegmentedRaftLog:OPENED:c-1,f-1,i0, conf=-1: [12ad0800-05cb-443c-9fdd-fa1debf04523:192.168.34.25:41155, 5170c5f3-8499-4b42-9321-85fc8a351f79:192.168.34.25:43074, 0b10a9fc-47eb-4a2b-b664-8273d9d17379:192.168.34.25:45248], old=null
2019-10-18 07:24:12,545 [12ad0800-05cb-443c-9fdd-fa1debf04523@group-BCB82A5C07F5-LeaderElection1238] INFO  impl.LeaderElection (LogUtils.java:infoOrTrace(149)) -   Exception 0: {}
java.util.concurrent.ExecutionException: org.apache.ratis.thirdparty.io.grpc.StatusRuntimeException: UNAVAILABLE: io exception
	at java.util.concurrent.FutureTask.report(FutureTask.java:122)
	at java.util.concurrent.FutureTask.get(FutureTask.java:192)
	at org.apache.ratis.server.impl.LeaderElection.waitForResults(LeaderElection.java:259)
	at org.apache.ratis.server.impl.LeaderElection.askForVotes(LeaderElection.java:197)
	at org.apache.ratis.server.impl.LeaderElection.run(LeaderElection.java:133)
	at java.lang.Thread.run(Thread.java:748)
Caused by: org.apache.ratis.thirdparty.io.grpc.StatusRuntimeException: UNAVAILABLE: io exception
	at org.apache.ratis.thirdparty.io.grpc.stub.ClientCalls.toStatusRuntimeException(ClientCalls.java:233)
	at org.apache.ratis.thirdparty.io.grpc.stub.ClientCalls.getUnchecked(ClientCalls.java:214)
	at org.apache.ratis.thirdparty.io.grpc.stub.ClientCalls.blockingUnaryCall(ClientCalls.java:139)
	at org.apache.ratis.proto.grpc.RaftServerProtocolServiceGrpc$RaftServerProtocolServiceBlockingStub.requestVote(RaftServerProtocolServiceGrpc.java:265)
	at org.apache.ratis.grpc.server.GrpcServerProtocolClient.requestVote(GrpcServerProtocolClient.java:99)
	at org.apache.ratis.grpc.server.GrpcService.requestVote(GrpcService.java:204)
	at org.apache.ratis.server.impl.LeaderElection.lambda$submitRequests$1(LeaderElection.java:234)
	at java.util.concurrent.FutureTask.run(FutureTask.java:266)
	at java.util.concurrent.Executors$RunnableAdapter.call(Executors.java:511)
	at java.util.concurrent.FutureTask.run(FutureTask.java:266)
	at java.util.concurrent.ThreadPoolExecutor.runWorker(ThreadPoolExecutor.java:1149)
	at java.util.concurrent.ThreadPoolExecutor$Worker.run(ThreadPoolExecutor.java:624)
	... 1 more
Caused by: org.apache.ratis.thirdparty.io.netty.channel.AbstractChannel$AnnotatedConnectException: Connection refused: /192.168.34.25:45248
	at sun.nio.ch.SocketChannelImpl.checkConnect(Native Method)
	at sun.nio.ch.SocketChannelImpl.finishConnect(SocketChannelImpl.java:717)
	at org.apache.ratis.thirdparty.io.netty.channel.socket.nio.NioSocketChannel.doFinishConnect(NioSocketChannel.java:327)
	at org.apache.ratis.thirdparty.io.netty.channel.nio.AbstractNioChannel$AbstractNioUnsafe.finishConnect(AbstractNioChannel.java:340)
	at org.apache.ratis.thirdparty.io.netty.channel.nio.NioEventLoop.processSelectedKey(NioEventLoop.java:632)
	at org.apache.ratis.thirdparty.io.netty.channel.nio.NioEventLoop.processSelectedKeysOptimized(NioEventLoop.java:579)
	at org.apache.ratis.thirdparty.io.netty.channel.nio.NioEventLoop.processSelectedKeys(NioEventLoop.java:496)
	at org.apache.ratis.thirdparty.io.netty.channel.nio.NioEventLoop.run(NioEventLoop.java:458)
	at org.apache.ratis.thirdparty.io.netty.util.concurrent.SingleThreadEventExecutor$5.run(SingleThreadEventExecutor.java:897)
	at org.apache.ratis.thirdparty.io.netty.util.concurrent.FastThreadLocalRunnable.run(FastThreadLocalRunnable.java:30)
	... 1 more
Caused by: java.net.ConnectException: Connection refused
	... 11 more
2019-10-18 07:24:12,545 [12ad0800-05cb-443c-9fdd-fa1debf04523@group-BCB82A5C07F5-LeaderElection1238] INFO  impl.RaftServerImpl (RaftServerImpl.java:setRole(184)) - 12ad0800-05cb-443c-9fdd-fa1debf04523@group-BCB82A5C07F5: changes role from CANDIDATE to FOLLOWER at term 184 for DISCOVERED_A_NEW_TERM
2019-10-18 07:24:12,545 [12ad0800-05cb-443c-9fdd-fa1debf04523@group-BCB82A5C07F5-LeaderElection1238] INFO  impl.RoleInfo (RoleInfo.java:shutdownLeaderElection(134)) - 12ad0800-05cb-443c-9fdd-fa1debf04523: shutdown LeaderElection
2019-10-18 07:24:12,545 [12ad0800-05cb-443c-9fdd-fa1debf04523@group-BCB82A5C07F5-LeaderElection1238] INFO  impl.RoleInfo (RoleInfo.java:updateAndGet(143)) - 12ad0800-05cb-443c-9fdd-fa1debf04523: start FollowerState
2019-10-18 07:24:12,670 [Thread-10774] INFO  impl.FollowerState (FollowerState.java:run(108)) - 12ad0800-05cb-443c-9fdd-fa1debf04523@group-BCB82A5C07F5-FollowerState: change to CANDIDATE, lastRpcTime:124ms, electionTimeout:124ms
2019-10-18 07:24:12,670 [Thread-10774] INFO  impl.RoleInfo (RoleInfo.java:shutdownFollowerState(121)) - 12ad0800-05cb-443c-9fdd-fa1debf04523: shutdown FollowerState
2019-10-18 07:24:12,670 [Thread-10774] INFO  impl.RaftServerImpl (RaftServerImpl.java:setRole(184)) - 12ad0800-05cb-443c-9fdd-fa1debf04523@group-BCB82A5C07F5: changes role from  FOLLOWER to CANDIDATE at term 184 for changeToCandidate
2019-10-18 07:24:12,670 [Thread-10774] INFO  impl.RoleInfo (RoleInfo.java:updateAndGet(143)) - 12ad0800-05cb-443c-9fdd-fa1debf04523: start LeaderElection
2019-10-18 07:24:12,694 [12ad0800-05cb-443c-9fdd-fa1debf04523@group-BCB82A5C07F5-LeaderElection1239] INFO  impl.LeaderElection (LeaderElection.java:askForVotes(178)) - 12ad0800-05cb-443c-9fdd-fa1debf04523@group-BCB82A5C07F5-LeaderElection1239: begin an election at term 185 for -1: [12ad0800-05cb-443c-9fdd-fa1debf04523:192.168.34.25:41155, 5170c5f3-8499-4b42-9321-85fc8a351f79:192.168.34.25:43074, 0b10a9fc-47eb-4a2b-b664-8273d9d17379:192.168.34.25:45248], old=null
2019-10-18 07:24:12,695 [12ad0800-05cb-443c-9fdd-fa1debf04523@group-BCB82A5C07F5-LeaderElection1239] INFO  impl.LeaderElection (LogUtils.java:infoOrTrace(149)) - 12ad0800-05cb-443c-9fdd-fa1debf04523@group-BCB82A5C07F5-LeaderElection1239 got exception when requesting votes: {}
java.util.concurrent.ExecutionException: org.apache.ratis.thirdparty.io.grpc.StatusRuntimeException: UNAVAILABLE: io exception
	at java.util.concurrent.FutureTask.report(FutureTask.java:122)
	at java.util.concurrent.FutureTask.get(FutureTask.java:192)
	at org.apache.ratis.server.impl.LeaderElection.waitForResults(LeaderElection.java:259)
	at org.apache.ratis.server.impl.LeaderElection.askForVotes(LeaderElection.java:197)
	at org.apache.ratis.server.impl.LeaderElection.run(LeaderElection.java:133)
	at java.lang.Thread.run(Thread.java:748)
Caused by: org.apache.ratis.thirdparty.io.grpc.StatusRuntimeException: UNAVAILABLE: io exception
	at org.apache.ratis.thirdparty.io.grpc.stub.ClientCalls.toStatusRuntimeException(ClientCalls.java:233)
	at org.apache.ratis.thirdparty.io.grpc.stub.ClientCalls.getUnchecked(ClientCalls.java:214)
	at org.apache.ratis.thirdparty.io.grpc.stub.ClientCalls.blockingUnaryCall(ClientCalls.java:139)
	at org.apache.ratis.proto.grpc.RaftServerProtocolServiceGrpc$RaftServerProtocolServiceBlockingStub.requestVote(RaftServerProtocolServiceGrpc.java:265)
	at org.apache.ratis.grpc.server.GrpcServerProtocolClient.requestVote(GrpcServerProtocolClient.java:99)
	at org.apache.ratis.grpc.server.GrpcService.requestVote(GrpcService.java:204)
	at org.apache.ratis.server.impl.LeaderElection.lambda$submitRequests$1(LeaderElection.java:234)
	at java.util.concurrent.FutureTask.run(FutureTask.java:266)
	at java.util.concurrent.Executors$RunnableAdapter.call(Executors.java:511)
	at java.util.concurrent.FutureTask.run(FutureTask.java:266)
	at java.util.concurrent.ThreadPoolExecutor.runWorker(ThreadPoolExecutor.java:1149)
	at java.util.concurrent.ThreadPoolExecutor$Worker.run(ThreadPoolExecutor.java:624)
	... 1 more
Caused by: org.apache.ratis.thirdparty.io.netty.channel.AbstractChannel$AnnotatedConnectException: Connection refused: /192.168.34.25:45248
	at sun.nio.ch.SocketChannelImpl.checkConnect(Native Method)
	at sun.nio.ch.SocketChannelImpl.finishConnect(SocketChannelImpl.java:717)
	at org.apache.ratis.thirdparty.io.netty.channel.socket.nio.NioSocketChannel.doFinishConnect(NioSocketChannel.java:327)
	at org.apache.ratis.thirdparty.io.netty.channel.nio.AbstractNioChannel$AbstractNioUnsafe.finishConnect(AbstractNioChannel.java:340)
	at org.apache.ratis.thirdparty.io.netty.channel.nio.NioEventLoop.processSelectedKey(NioEventLoop.java:632)
	at org.apache.ratis.thirdparty.io.netty.channel.nio.NioEventLoop.processSelectedKeysOptimized(NioEventLoop.java:579)
	at org.apache.ratis.thirdparty.io.netty.channel.nio.NioEventLoop.processSelectedKeys(NioEventLoop.java:496)
	at org.apache.ratis.thirdparty.io.netty.channel.nio.NioEventLoop.run(NioEventLoop.java:458)
	at org.apache.ratis.thirdparty.io.netty.util.concurrent.SingleThreadEventExecutor$5.run(SingleThreadEventExecutor.java:897)
	at org.apache.ratis.thirdparty.io.netty.util.concurrent.FastThreadLocalRunnable.run(FastThreadLocalRunnable.java:30)
	... 1 more
Caused by: java.net.ConnectException: Connection refused
	... 11 more
2019-10-18 07:24:12,696 [grpc-default-executor-14] INFO  impl.RaftServerImpl (RaftServerImpl.java:setRole(184)) - 5170c5f3-8499-4b42-9321-85fc8a351f79@group-BCB82A5C07F5: changes role from  FOLLOWER to FOLLOWER at term 185 for recognizeCandidate:12ad0800-05cb-443c-9fdd-fa1debf04523
2019-10-18 07:24:12,696 [grpc-default-executor-14] INFO  impl.RoleInfo (RoleInfo.java:shutdownFollowerState(121)) - 5170c5f3-8499-4b42-9321-85fc8a351f79: shutdown FollowerState
2019-10-18 07:24:12,696 [grpc-default-executor-14] INFO  impl.RoleInfo (RoleInfo.java:updateAndGet(143)) - 5170c5f3-8499-4b42-9321-85fc8a351f79: start FollowerState
2019-10-18 07:24:12,696 [Thread-10773] INFO  impl.FollowerState (FollowerState.java:run(117)) - 5170c5f3-8499-4b42-9321-85fc8a351f79@group-BCB82A5C07F5-FollowerState was interrupted: java.lang.InterruptedException: sleep interrupted
2019-10-18 07:24:12,721 [12ad0800-05cb-443c-9fdd-fa1debf04523@group-BCB82A5C07F5-LeaderElection1239] INFO  impl.LeaderElection (LeaderElection.java:logAndReturn(56)) - 12ad0800-05cb-443c-9fdd-fa1debf04523@group-BCB82A5C07F5-LeaderElection1239: Election REJECTED; received 1 response(s) [12ad0800-05cb-443c-9fdd-fa1debf04523<-5170c5f3-8499-4b42-9321-85fc8a351f79#0:FAIL-t185] and 1 exception(s); 12ad0800-05cb-443c-9fdd-fa1debf04523@group-BCB82A5C07F5:t185, leader=null, voted=12ad0800-05cb-443c-9fdd-fa1debf04523, raftlog=12ad0800-05cb-443c-9fdd-fa1debf04523@group-BCB82A5C07F5-SegmentedRaftLog:OPENED:c-1,f-1,i0, conf=-1: [12ad0800-05cb-443c-9fdd-fa1debf04523:192.168.34.25:41155, 5170c5f3-8499-4b42-9321-85fc8a351f79:192.168.34.25:43074, 0b10a9fc-47eb-4a2b-b664-8273d9d17379:192.168.34.25:45248], old=null
2019-10-18 07:24:12,721 [12ad0800-05cb-443c-9fdd-fa1debf04523@group-BCB82A5C07F5-LeaderElection1239] INFO  impl.LeaderElection (LogUtils.java:infoOrTrace(149)) -   Exception 0: {}
java.util.concurrent.ExecutionException: org.apache.ratis.thirdparty.io.grpc.StatusRuntimeException: UNAVAILABLE: io exception
	at java.util.concurrent.FutureTask.report(FutureTask.java:122)
	at java.util.concurrent.FutureTask.get(FutureTask.java:192)
	at org.apache.ratis.server.impl.LeaderElection.waitForResults(LeaderElection.java:259)
	at org.apache.ratis.server.impl.LeaderElection.askForVotes(LeaderElection.java:197)
	at org.apache.ratis.server.impl.LeaderElection.run(LeaderElection.java:133)
	at java.lang.Thread.run(Thread.java:748)
Caused by: org.apache.ratis.thirdparty.io.grpc.StatusRuntimeException: UNAVAILABLE: io exception
	at org.apache.ratis.thirdparty.io.grpc.stub.ClientCalls.toStatusRuntimeException(ClientCalls.java:233)
	at org.apache.ratis.thirdparty.io.grpc.stub.ClientCalls.getUnchecked(ClientCalls.java:214)
	at org.apache.ratis.thirdparty.io.grpc.stub.ClientCalls.blockingUnaryCall(ClientCalls.java:139)
	at org.apache.ratis.proto.grpc.RaftServerProtocolServiceGrpc$RaftServerProtocolServiceBlockingStub.requestVote(RaftServerProtocolServiceGrpc.java:265)
	at org.apache.ratis.grpc.server.GrpcServerProtocolClient.requestVote(GrpcServerProtocolClient.java:99)
	at org.apache.ratis.grpc.server.GrpcService.requestVote(GrpcService.java:204)
	at org.apache.ratis.server.impl.LeaderElection.lambda$submitRequests$1(LeaderElection.java:234)
	at java.util.concurrent.FutureTask.run(FutureTask.java:266)
	at java.util.concurrent.Executors$RunnableAdapter.call(Executors.java:511)
	at java.util.concurrent.FutureTask.run(FutureTask.java:266)
	at java.util.concurrent.ThreadPoolExecutor.runWorker(ThreadPoolExecutor.java:1149)
	at java.util.concurrent.ThreadPoolExecutor$Worker.run(ThreadPoolExecutor.java:624)
	... 1 more
Caused by: org.apache.ratis.thirdparty.io.netty.channel.AbstractChannel$AnnotatedConnectException: Connection refused: /192.168.34.25:45248
	at sun.nio.ch.SocketChannelImpl.checkConnect(Native Method)
	at sun.nio.ch.SocketChannelImpl.finishConnect(SocketChannelImpl.java:717)
	at org.apache.ratis.thirdparty.io.netty.channel.socket.nio.NioSocketChannel.doFinishConnect(NioSocketChannel.java:327)
	at org.apache.ratis.thirdparty.io.netty.channel.nio.AbstractNioChannel$AbstractNioUnsafe.finishConnect(AbstractNioChannel.java:340)
	at org.apache.ratis.thirdparty.io.netty.channel.nio.NioEventLoop.processSelectedKey(NioEventLoop.java:632)
	at org.apache.ratis.thirdparty.io.netty.channel.nio.NioEventLoop.processSelectedKeysOptimized(NioEventLoop.java:579)
	at org.apache.ratis.thirdparty.io.netty.channel.nio.NioEventLoop.processSelectedKeys(NioEventLoop.java:496)
	at org.apache.ratis.thirdparty.io.netty.channel.nio.NioEventLoop.run(NioEventLoop.java:458)
	at org.apache.ratis.thirdparty.io.netty.util.concurrent.SingleThreadEventExecutor$5.run(SingleThreadEventExecutor.java:897)
	at org.apache.ratis.thirdparty.io.netty.util.concurrent.FastThreadLocalRunnable.run(FastThreadLocalRunnable.java:30)
	... 1 more
Caused by: java.net.ConnectException: Connection refused
	... 11 more
2019-10-18 07:24:12,722 [12ad0800-05cb-443c-9fdd-fa1debf04523@group-BCB82A5C07F5-LeaderElection1239] INFO  impl.RaftServerImpl (RaftServerImpl.java:setRole(184)) - 12ad0800-05cb-443c-9fdd-fa1debf04523@group-BCB82A5C07F5: changes role from CANDIDATE to FOLLOWER at term 185 for DISCOVERED_A_NEW_TERM
2019-10-18 07:24:12,722 [12ad0800-05cb-443c-9fdd-fa1debf04523@group-BCB82A5C07F5-LeaderElection1239] INFO  impl.RoleInfo (RoleInfo.java:shutdownLeaderElection(134)) - 12ad0800-05cb-443c-9fdd-fa1debf04523: shutdown LeaderElection
2019-10-18 07:24:12,722 [12ad0800-05cb-443c-9fdd-fa1debf04523@group-BCB82A5C07F5-LeaderElection1239] INFO  impl.RoleInfo (RoleInfo.java:updateAndGet(143)) - 12ad0800-05cb-443c-9fdd-fa1debf04523: start FollowerState
2019-10-18 07:24:12,759 [java.util.concurrent.ThreadPoolExecutor$Worker@1ddf09da[State = -1, empty queue]] WARN  server.GrpcLogAppender (GrpcLogAppender.java:timeoutAppendRequest(209)) - 030c2313-1c2c-4b42-81fb-cb58ee93f992@group-E193FE271C99->9712a796-5281-4f3e-ac85-61dedd90db73-GrpcLogAppender: appendEntries Timeout, request=030c2313-1c2c-4b42-81fb-cb58ee93f992->9712a796-5281-4f3e-ac85-61dedd90db73#52-t1, previous=(t:1, i:10), leaderCommit=10, initializing? false, entries: <empty>
2019-10-18 07:24:12,835 [Thread-10780] INFO  impl.FollowerState (FollowerState.java:run(108)) - 12ad0800-05cb-443c-9fdd-fa1debf04523@group-BCB82A5C07F5-FollowerState: change to CANDIDATE, lastRpcTime:113ms, electionTimeout:113ms
2019-10-18 07:24:12,835 [Thread-10780] INFO  impl.RoleInfo (RoleInfo.java:shutdownFollowerState(121)) - 12ad0800-05cb-443c-9fdd-fa1debf04523: shutdown FollowerState
2019-10-18 07:24:12,836 [Thread-10780] INFO  impl.RaftServerImpl (RaftServerImpl.java:setRole(184)) - 12ad0800-05cb-443c-9fdd-fa1debf04523@group-BCB82A5C07F5: changes role from  FOLLOWER to CANDIDATE at term 185 for changeToCandidate
2019-10-18 07:24:12,836 [Thread-10780] INFO  impl.RoleInfo (RoleInfo.java:updateAndGet(143)) - 12ad0800-05cb-443c-9fdd-fa1debf04523: start LeaderElection
2019-10-18 07:24:12,863 [12ad0800-05cb-443c-9fdd-fa1debf04523@group-BCB82A5C07F5-LeaderElection1240] INFO  impl.LeaderElection (LeaderElection.java:askForVotes(178)) - 12ad0800-05cb-443c-9fdd-fa1debf04523@group-BCB82A5C07F5-LeaderElection1240: begin an election at term 186 for -1: [12ad0800-05cb-443c-9fdd-fa1debf04523:192.168.34.25:41155, 5170c5f3-8499-4b42-9321-85fc8a351f79:192.168.34.25:43074, 0b10a9fc-47eb-4a2b-b664-8273d9d17379:192.168.34.25:45248], old=null
2019-10-18 07:24:12,864 [12ad0800-05cb-443c-9fdd-fa1debf04523@group-BCB82A5C07F5-LeaderElection1240] INFO  impl.LeaderElection (LogUtils.java:infoOrTrace(149)) - 12ad0800-05cb-443c-9fdd-fa1debf04523@group-BCB82A5C07F5-LeaderElection1240 got exception when requesting votes: {}
java.util.concurrent.ExecutionException: org.apache.ratis.thirdparty.io.grpc.StatusRuntimeException: UNAVAILABLE: io exception
	at java.util.concurrent.FutureTask.report(FutureTask.java:122)
	at java.util.concurrent.FutureTask.get(FutureTask.java:192)
	at org.apache.ratis.server.impl.LeaderElection.waitForResults(LeaderElection.java:259)
	at org.apache.ratis.server.impl.LeaderElection.askForVotes(LeaderElection.java:197)
	at org.apache.ratis.server.impl.LeaderElection.run(LeaderElection.java:133)
	at java.lang.Thread.run(Thread.java:748)
Caused by: org.apache.ratis.thirdparty.io.grpc.StatusRuntimeException: UNAVAILABLE: io exception
	at org.apache.ratis.thirdparty.io.grpc.stub.ClientCalls.toStatusRuntimeException(ClientCalls.java:233)
	at org.apache.ratis.thirdparty.io.grpc.stub.ClientCalls.getUnchecked(ClientCalls.java:214)
	at org.apache.ratis.thirdparty.io.grpc.stub.ClientCalls.blockingUnaryCall(ClientCalls.java:139)
	at org.apache.ratis.proto.grpc.RaftServerProtocolServiceGrpc$RaftServerProtocolServiceBlockingStub.requestVote(RaftServerProtocolServiceGrpc.java:265)
	at org.apache.ratis.grpc.server.GrpcServerProtocolClient.requestVote(GrpcServerProtocolClient.java:99)
	at org.apache.ratis.grpc.server.GrpcService.requestVote(GrpcService.java:204)
	at org.apache.ratis.server.impl.LeaderElection.lambda$submitRequests$1(LeaderElection.java:234)
	at java.util.concurrent.FutureTask.run(FutureTask.java:266)
	at java.util.concurrent.Executors$RunnableAdapter.call(Executors.java:511)
	at java.util.concurrent.FutureTask.run(FutureTask.java:266)
	at java.util.concurrent.ThreadPoolExecutor.runWorker(ThreadPoolExecutor.java:1149)
	at java.util.concurrent.ThreadPoolExecutor$Worker.run(ThreadPoolExecutor.java:624)
	... 1 more
Caused by: org.apache.ratis.thirdparty.io.netty.channel.AbstractChannel$AnnotatedConnectException: Connection refused: /192.168.34.25:45248
	at sun.nio.ch.SocketChannelImpl.checkConnect(Native Method)
	at sun.nio.ch.SocketChannelImpl.finishConnect(SocketChannelImpl.java:717)
	at org.apache.ratis.thirdparty.io.netty.channel.socket.nio.NioSocketChannel.doFinishConnect(NioSocketChannel.java:327)
	at org.apache.ratis.thirdparty.io.netty.channel.nio.AbstractNioChannel$AbstractNioUnsafe.finishConnect(AbstractNioChannel.java:340)
	at org.apache.ratis.thirdparty.io.netty.channel.nio.NioEventLoop.processSelectedKey(NioEventLoop.java:632)
	at org.apache.ratis.thirdparty.io.netty.channel.nio.NioEventLoop.processSelectedKeysOptimized(NioEventLoop.java:579)
	at org.apache.ratis.thirdparty.io.netty.channel.nio.NioEventLoop.processSelectedKeys(NioEventLoop.java:496)
	at org.apache.ratis.thirdparty.io.netty.channel.nio.NioEventLoop.run(NioEventLoop.java:458)
	at org.apache.ratis.thirdparty.io.netty.util.concurrent.SingleThreadEventExecutor$5.run(SingleThreadEventExecutor.java:897)
	at org.apache.ratis.thirdparty.io.netty.util.concurrent.FastThreadLocalRunnable.run(FastThreadLocalRunnable.java:30)
	... 1 more
Caused by: java.net.ConnectException: Connection refused
	... 11 more
2019-10-18 07:24:12,864 [grpc-default-executor-14] INFO  impl.RaftServerImpl (RaftServerImpl.java:setRole(184)) - 5170c5f3-8499-4b42-9321-85fc8a351f79@group-BCB82A5C07F5: changes role from  FOLLOWER to FOLLOWER at term 186 for recognizeCandidate:12ad0800-05cb-443c-9fdd-fa1debf04523
2019-10-18 07:24:12,865 [grpc-default-executor-14] INFO  impl.RoleInfo (RoleInfo.java:shutdownFollowerState(121)) - 5170c5f3-8499-4b42-9321-85fc8a351f79: shutdown FollowerState
2019-10-18 07:24:12,865 [grpc-default-executor-14] INFO  impl.RoleInfo (RoleInfo.java:updateAndGet(143)) - 5170c5f3-8499-4b42-9321-85fc8a351f79: start FollowerState
2019-10-18 07:24:12,865 [Thread-10779] INFO  impl.FollowerState (FollowerState.java:run(117)) - 5170c5f3-8499-4b42-9321-85fc8a351f79@group-BCB82A5C07F5-FollowerState was interrupted: java.lang.InterruptedException: sleep interrupted
2019-10-18 07:24:12,889 [12ad0800-05cb-443c-9fdd-fa1debf04523@group-BCB82A5C07F5-LeaderElection1240] INFO  impl.LeaderElection (LeaderElection.java:logAndReturn(56)) - 12ad0800-05cb-443c-9fdd-fa1debf04523@group-BCB82A5C07F5-LeaderElection1240: Election REJECTED; received 1 response(s) [12ad0800-05cb-443c-9fdd-fa1debf04523<-5170c5f3-8499-4b42-9321-85fc8a351f79#0:FAIL-t186] and 1 exception(s); 12ad0800-05cb-443c-9fdd-fa1debf04523@group-BCB82A5C07F5:t186, leader=null, voted=12ad0800-05cb-443c-9fdd-fa1debf04523, raftlog=12ad0800-05cb-443c-9fdd-fa1debf04523@group-BCB82A5C07F5-SegmentedRaftLog:OPENED:c-1,f-1,i0, conf=-1: [12ad0800-05cb-443c-9fdd-fa1debf04523:192.168.34.25:41155, 5170c5f3-8499-4b42-9321-85fc8a351f79:192.168.34.25:43074, 0b10a9fc-47eb-4a2b-b664-8273d9d17379:192.168.34.25:45248], old=null
2019-10-18 07:24:12,889 [12ad0800-05cb-443c-9fdd-fa1debf04523@group-BCB82A5C07F5-LeaderElection1240] INFO  impl.LeaderElection (LogUtils.java:infoOrTrace(149)) -   Exception 0: {}
java.util.concurrent.ExecutionException: org.apache.ratis.thirdparty.io.grpc.StatusRuntimeException: UNAVAILABLE: io exception
	at java.util.concurrent.FutureTask.report(FutureTask.java:122)
	at java.util.concurrent.FutureTask.get(FutureTask.java:192)
	at org.apache.ratis.server.impl.LeaderElection.waitForResults(LeaderElection.java:259)
	at org.apache.ratis.server.impl.LeaderElection.askForVotes(LeaderElection.java:197)
	at org.apache.ratis.server.impl.LeaderElection.run(LeaderElection.java:133)
	at java.lang.Thread.run(Thread.java:748)
Caused by: org.apache.ratis.thirdparty.io.grpc.StatusRuntimeException: UNAVAILABLE: io exception
	at org.apache.ratis.thirdparty.io.grpc.stub.ClientCalls.toStatusRuntimeException(ClientCalls.java:233)
	at org.apache.ratis.thirdparty.io.grpc.stub.ClientCalls.getUnchecked(ClientCalls.java:214)
	at org.apache.ratis.thirdparty.io.grpc.stub.ClientCalls.blockingUnaryCall(ClientCalls.java:139)
	at org.apache.ratis.proto.grpc.RaftServerProtocolServiceGrpc$RaftServerProtocolServiceBlockingStub.requestVote(RaftServerProtocolServiceGrpc.java:265)
	at org.apache.ratis.grpc.server.GrpcServerProtocolClient.requestVote(GrpcServerProtocolClient.java:99)
	at org.apache.ratis.grpc.server.GrpcService.requestVote(GrpcService.java:204)
	at org.apache.ratis.server.impl.LeaderElection.lambda$submitRequests$1(LeaderElection.java:234)
	at java.util.concurrent.FutureTask.run(FutureTask.java:266)
	at java.util.concurrent.Executors$RunnableAdapter.call(Executors.java:511)
	at java.util.concurrent.FutureTask.run(FutureTask.java:266)
	at java.util.concurrent.ThreadPoolExecutor.runWorker(ThreadPoolExecutor.java:1149)
	at java.util.concurrent.ThreadPoolExecutor$Worker.run(ThreadPoolExecutor.java:624)
	... 1 more
Caused by: org.apache.ratis.thirdparty.io.netty.channel.AbstractChannel$AnnotatedConnectException: Connection refused: /192.168.34.25:45248
	at sun.nio.ch.SocketChannelImpl.checkConnect(Native Method)
	at sun.nio.ch.SocketChannelImpl.finishConnect(SocketChannelImpl.java:717)
	at org.apache.ratis.thirdparty.io.netty.channel.socket.nio.NioSocketChannel.doFinishConnect(NioSocketChannel.java:327)
	at org.apache.ratis.thirdparty.io.netty.channel.nio.AbstractNioChannel$AbstractNioUnsafe.finishConnect(AbstractNioChannel.java:340)
	at org.apache.ratis.thirdparty.io.netty.channel.nio.NioEventLoop.processSelectedKey(NioEventLoop.java:632)
	at org.apache.ratis.thirdparty.io.netty.channel.nio.NioEventLoop.processSelectedKeysOptimized(NioEventLoop.java:579)
	at org.apache.ratis.thirdparty.io.netty.channel.nio.NioEventLoop.processSelectedKeys(NioEventLoop.java:496)
	at org.apache.ratis.thirdparty.io.netty.channel.nio.NioEventLoop.run(NioEventLoop.java:458)
	at org.apache.ratis.thirdparty.io.netty.util.concurrent.SingleThreadEventExecutor$5.run(SingleThreadEventExecutor.java:897)
	at org.apache.ratis.thirdparty.io.netty.util.concurrent.FastThreadLocalRunnable.run(FastThreadLocalRunnable.java:30)
	... 1 more
Caused by: java.net.ConnectException: Connection refused
	... 11 more
2019-10-18 07:24:12,889 [12ad0800-05cb-443c-9fdd-fa1debf04523@group-BCB82A5C07F5-LeaderElection1240] INFO  impl.RaftServerImpl (RaftServerImpl.java:setRole(184)) - 12ad0800-05cb-443c-9fdd-fa1debf04523@group-BCB82A5C07F5: changes role from CANDIDATE to FOLLOWER at term 186 for DISCOVERED_A_NEW_TERM
2019-10-18 07:24:12,889 [12ad0800-05cb-443c-9fdd-fa1debf04523@group-BCB82A5C07F5-LeaderElection1240] INFO  impl.RoleInfo (RoleInfo.java:shutdownLeaderElection(134)) - 12ad0800-05cb-443c-9fdd-fa1debf04523: shutdown LeaderElection
2019-10-18 07:24:12,889 [12ad0800-05cb-443c-9fdd-fa1debf04523@group-BCB82A5C07F5-LeaderElection1240] INFO  impl.RoleInfo (RoleInfo.java:updateAndGet(143)) - 12ad0800-05cb-443c-9fdd-fa1debf04523: start FollowerState
2019-10-18 07:24:13,056 [Thread-10786] INFO  impl.FollowerState (FollowerState.java:run(108)) - 12ad0800-05cb-443c-9fdd-fa1debf04523@group-BCB82A5C07F5-FollowerState: change to CANDIDATE, lastRpcTime:166ms, electionTimeout:166ms
2019-10-18 07:24:13,056 [Thread-10786] INFO  impl.RoleInfo (RoleInfo.java:shutdownFollowerState(121)) - 12ad0800-05cb-443c-9fdd-fa1debf04523: shutdown FollowerState
2019-10-18 07:24:13,056 [Thread-10786] INFO  impl.RaftServerImpl (RaftServerImpl.java:setRole(184)) - 12ad0800-05cb-443c-9fdd-fa1debf04523@group-BCB82A5C07F5: changes role from  FOLLOWER to CANDIDATE at term 186 for changeToCandidate
2019-10-18 07:24:13,056 [Thread-10786] INFO  impl.RoleInfo (RoleInfo.java:updateAndGet(143)) - 12ad0800-05cb-443c-9fdd-fa1debf04523: start LeaderElection
2019-10-18 07:24:13,080 [12ad0800-05cb-443c-9fdd-fa1debf04523@group-BCB82A5C07F5-LeaderElection1241] INFO  impl.LeaderElection (LeaderElection.java:askForVotes(178)) - 12ad0800-05cb-443c-9fdd-fa1debf04523@group-BCB82A5C07F5-LeaderElection1241: begin an election at term 187 for -1: [12ad0800-05cb-443c-9fdd-fa1debf04523:192.168.34.25:41155, 5170c5f3-8499-4b42-9321-85fc8a351f79:192.168.34.25:43074, 0b10a9fc-47eb-4a2b-b664-8273d9d17379:192.168.34.25:45248], old=null
2019-10-18 07:24:13,081 [12ad0800-05cb-443c-9fdd-fa1debf04523@group-BCB82A5C07F5-LeaderElection1241] INFO  impl.LeaderElection (LogUtils.java:infoOrTrace(149)) - 12ad0800-05cb-443c-9fdd-fa1debf04523@group-BCB82A5C07F5-LeaderElection1241 got exception when requesting votes: {}
java.util.concurrent.ExecutionException: org.apache.ratis.thirdparty.io.grpc.StatusRuntimeException: UNAVAILABLE: io exception
	at java.util.concurrent.FutureTask.report(FutureTask.java:122)
	at java.util.concurrent.FutureTask.get(FutureTask.java:192)
	at org.apache.ratis.server.impl.LeaderElection.waitForResults(LeaderElection.java:259)
	at org.apache.ratis.server.impl.LeaderElection.askForVotes(LeaderElection.java:197)
	at org.apache.ratis.server.impl.LeaderElection.run(LeaderElection.java:133)
	at java.lang.Thread.run(Thread.java:748)
Caused by: org.apache.ratis.thirdparty.io.grpc.StatusRuntimeException: UNAVAILABLE: io exception
	at org.apache.ratis.thirdparty.io.grpc.stub.ClientCalls.toStatusRuntimeException(ClientCalls.java:233)
	at org.apache.ratis.thirdparty.io.grpc.stub.ClientCalls.getUnchecked(ClientCalls.java:214)
	at org.apache.ratis.thirdparty.io.grpc.stub.ClientCalls.blockingUnaryCall(ClientCalls.java:139)
	at org.apache.ratis.proto.grpc.RaftServerProtocolServiceGrpc$RaftServerProtocolServiceBlockingStub.requestVote(RaftServerProtocolServiceGrpc.java:265)
	at org.apache.ratis.grpc.server.GrpcServerProtocolClient.requestVote(GrpcServerProtocolClient.java:99)
	at org.apache.ratis.grpc.server.GrpcService.requestVote(GrpcService.java:204)
	at org.apache.ratis.server.impl.LeaderElection.lambda$submitRequests$1(LeaderElection.java:234)
	at java.util.concurrent.FutureTask.run(FutureTask.java:266)
	at java.util.concurrent.Executors$RunnableAdapter.call(Executors.java:511)
	at java.util.concurrent.FutureTask.run(FutureTask.java:266)
	at java.util.concurrent.ThreadPoolExecutor.runWorker(ThreadPoolExecutor.java:1149)
	at java.util.concurrent.ThreadPoolExecutor$Worker.run(ThreadPoolExecutor.java:624)
	... 1 more
Caused by: org.apache.ratis.thirdparty.io.netty.channel.AbstractChannel$AnnotatedConnectException: Connection refused: /192.168.34.25:45248
	at sun.nio.ch.SocketChannelImpl.checkConnect(Native Method)
	at sun.nio.ch.SocketChannelImpl.finishConnect(SocketChannelImpl.java:717)
	at org.apache.ratis.thirdparty.io.netty.channel.socket.nio.NioSocketChannel.doFinishConnect(NioSocketChannel.java:327)
	at org.apache.ratis.thirdparty.io.netty.channel.nio.AbstractNioChannel$AbstractNioUnsafe.finishConnect(AbstractNioChannel.java:340)
	at org.apache.ratis.thirdparty.io.netty.channel.nio.NioEventLoop.processSelectedKey(NioEventLoop.java:632)
	at org.apache.ratis.thirdparty.io.netty.channel.nio.NioEventLoop.processSelectedKeysOptimized(NioEventLoop.java:579)
	at org.apache.ratis.thirdparty.io.netty.channel.nio.NioEventLoop.processSelectedKeys(NioEventLoop.java:496)
	at org.apache.ratis.thirdparty.io.netty.channel.nio.NioEventLoop.run(NioEventLoop.java:458)
	at org.apache.ratis.thirdparty.io.netty.util.concurrent.SingleThreadEventExecutor$5.run(SingleThreadEventExecutor.java:897)
	at org.apache.ratis.thirdparty.io.netty.util.concurrent.FastThreadLocalRunnable.run(FastThreadLocalRunnable.java:30)
	... 1 more
Caused by: java.net.ConnectException: Connection refused
	... 11 more
2019-10-18 07:24:13,082 [grpc-default-executor-14] INFO  impl.RaftServerImpl (RaftServerImpl.java:setRole(184)) - 5170c5f3-8499-4b42-9321-85fc8a351f79@group-BCB82A5C07F5: changes role from  FOLLOWER to FOLLOWER at term 187 for recognizeCandidate:12ad0800-05cb-443c-9fdd-fa1debf04523
2019-10-18 07:24:13,082 [grpc-default-executor-14] INFO  impl.RoleInfo (RoleInfo.java:shutdownFollowerState(121)) - 5170c5f3-8499-4b42-9321-85fc8a351f79: shutdown FollowerState
2019-10-18 07:24:13,082 [grpc-default-executor-14] INFO  impl.RoleInfo (RoleInfo.java:updateAndGet(143)) - 5170c5f3-8499-4b42-9321-85fc8a351f79: start FollowerState
2019-10-18 07:24:13,082 [Thread-10785] INFO  impl.FollowerState (FollowerState.java:run(117)) - 5170c5f3-8499-4b42-9321-85fc8a351f79@group-BCB82A5C07F5-FollowerState was interrupted: java.lang.InterruptedException: sleep interrupted
2019-10-18 07:24:13,098 [12ad0800-05cb-443c-9fdd-fa1debf04523@group-BCB82A5C07F5-LeaderElection1241] INFO  impl.LeaderElection (LeaderElection.java:logAndReturn(56)) - 12ad0800-05cb-443c-9fdd-fa1debf04523@group-BCB82A5C07F5-LeaderElection1241: Election REJECTED; received 1 response(s) [12ad0800-05cb-443c-9fdd-fa1debf04523<-5170c5f3-8499-4b42-9321-85fc8a351f79#0:FAIL-t187] and 1 exception(s); 12ad0800-05cb-443c-9fdd-fa1debf04523@group-BCB82A5C07F5:t187, leader=null, voted=12ad0800-05cb-443c-9fdd-fa1debf04523, raftlog=12ad0800-05cb-443c-9fdd-fa1debf04523@group-BCB82A5C07F5-SegmentedRaftLog:OPENED:c-1,f-1,i0, conf=-1: [12ad0800-05cb-443c-9fdd-fa1debf04523:192.168.34.25:41155, 5170c5f3-8499-4b42-9321-85fc8a351f79:192.168.34.25:43074, 0b10a9fc-47eb-4a2b-b664-8273d9d17379:192.168.34.25:45248], old=null
2019-10-18 07:24:13,098 [12ad0800-05cb-443c-9fdd-fa1debf04523@group-BCB82A5C07F5-LeaderElection1241] INFO  impl.LeaderElection (LogUtils.java:infoOrTrace(149)) -   Exception 0: {}
java.util.concurrent.ExecutionException: org.apache.ratis.thirdparty.io.grpc.StatusRuntimeException: UNAVAILABLE: io exception
	at java.util.concurrent.FutureTask.report(FutureTask.java:122)
	at java.util.concurrent.FutureTask.get(FutureTask.java:192)
	at org.apache.ratis.server.impl.LeaderElection.waitForResults(LeaderElection.java:259)
	at org.apache.ratis.server.impl.LeaderElection.askForVotes(LeaderElection.java:197)
	at org.apache.ratis.server.impl.LeaderElection.run(LeaderElection.java:133)
	at java.lang.Thread.run(Thread.java:748)
Caused by: org.apache.ratis.thirdparty.io.grpc.StatusRuntimeException: UNAVAILABLE: io exception
	at org.apache.ratis.thirdparty.io.grpc.stub.ClientCalls.toStatusRuntimeException(ClientCalls.java:233)
	at org.apache.ratis.thirdparty.io.grpc.stub.ClientCalls.getUnchecked(ClientCalls.java:214)
	at org.apache.ratis.thirdparty.io.grpc.stub.ClientCalls.blockingUnaryCall(ClientCalls.java:139)
	at org.apache.ratis.proto.grpc.RaftServerProtocolServiceGrpc$RaftServerProtocolServiceBlockingStub.requestVote(RaftServerProtocolServiceGrpc.java:265)
	at org.apache.ratis.grpc.server.GrpcServerProtocolClient.requestVote(GrpcServerProtocolClient.java:99)
	at org.apache.ratis.grpc.server.GrpcService.requestVote(GrpcService.java:204)
	at org.apache.ratis.server.impl.LeaderElection.lambda$submitRequests$1(LeaderElection.java:234)
	at java.util.concurrent.FutureTask.run(FutureTask.java:266)
	at java.util.concurrent.Executors$RunnableAdapter.call(Executors.java:511)
	at java.util.concurrent.FutureTask.run(FutureTask.java:266)
	at java.util.concurrent.ThreadPoolExecutor.runWorker(ThreadPoolExecutor.java:1149)
	at java.util.concurrent.ThreadPoolExecutor$Worker.run(ThreadPoolExecutor.java:624)
	... 1 more
Caused by: org.apache.ratis.thirdparty.io.netty.channel.AbstractChannel$AnnotatedConnectException: Connection refused: /192.168.34.25:45248
	at sun.nio.ch.SocketChannelImpl.checkConnect(Native Method)
	at sun.nio.ch.SocketChannelImpl.finishConnect(SocketChannelImpl.java:717)
	at org.apache.ratis.thirdparty.io.netty.channel.socket.nio.NioSocketChannel.doFinishConnect(NioSocketChannel.java:327)
	at org.apache.ratis.thirdparty.io.netty.channel.nio.AbstractNioChannel$AbstractNioUnsafe.finishConnect(AbstractNioChannel.java:340)
	at org.apache.ratis.thirdparty.io.netty.channel.nio.NioEventLoop.processSelectedKey(NioEventLoop.java:632)
	at org.apache.ratis.thirdparty.io.netty.channel.nio.NioEventLoop.processSelectedKeysOptimized(NioEventLoop.java:579)
	at org.apache.ratis.thirdparty.io.netty.channel.nio.NioEventLoop.processSelectedKeys(NioEventLoop.java:496)
	at org.apache.ratis.thirdparty.io.netty.channel.nio.NioEventLoop.run(NioEventLoop.java:458)
	at org.apache.ratis.thirdparty.io.netty.util.concurrent.SingleThreadEventExecutor$5.run(SingleThreadEventExecutor.java:897)
	at org.apache.ratis.thirdparty.io.netty.util.concurrent.FastThreadLocalRunnable.run(FastThreadLocalRunnable.java:30)
	... 1 more
Caused by: java.net.ConnectException: Connection refused
	... 11 more
2019-10-18 07:24:13,098 [12ad0800-05cb-443c-9fdd-fa1debf04523@group-BCB82A5C07F5-LeaderElection1241] INFO  impl.RaftServerImpl (RaftServerImpl.java:setRole(184)) - 12ad0800-05cb-443c-9fdd-fa1debf04523@group-BCB82A5C07F5: changes role from CANDIDATE to FOLLOWER at term 187 for DISCOVERED_A_NEW_TERM
2019-10-18 07:24:13,099 [12ad0800-05cb-443c-9fdd-fa1debf04523@group-BCB82A5C07F5-LeaderElection1241] INFO  impl.RoleInfo (RoleInfo.java:shutdownLeaderElection(134)) - 12ad0800-05cb-443c-9fdd-fa1debf04523: shutdown LeaderElection
2019-10-18 07:24:13,099 [12ad0800-05cb-443c-9fdd-fa1debf04523@group-BCB82A5C07F5-LeaderElection1241] INFO  impl.RoleInfo (RoleInfo.java:updateAndGet(143)) - 12ad0800-05cb-443c-9fdd-fa1debf04523: start FollowerState
2019-10-18 07:24:13,242 [Thread-10792] INFO  impl.FollowerState (FollowerState.java:run(108)) - 12ad0800-05cb-443c-9fdd-fa1debf04523@group-BCB82A5C07F5-FollowerState: change to CANDIDATE, lastRpcTime:143ms, electionTimeout:143ms
2019-10-18 07:24:13,242 [Thread-10792] INFO  impl.RoleInfo (RoleInfo.java:shutdownFollowerState(121)) - 12ad0800-05cb-443c-9fdd-fa1debf04523: shutdown FollowerState
2019-10-18 07:24:13,242 [Thread-10792] INFO  impl.RaftServerImpl (RaftServerImpl.java:setRole(184)) - 12ad0800-05cb-443c-9fdd-fa1debf04523@group-BCB82A5C07F5: changes role from  FOLLOWER to CANDIDATE at term 187 for changeToCandidate
2019-10-18 07:24:13,243 [Thread-10792] INFO  impl.RoleInfo (RoleInfo.java:updateAndGet(143)) - 12ad0800-05cb-443c-9fdd-fa1debf04523: start LeaderElection
2019-10-18 07:24:13,260 [java.util.concurrent.ThreadPoolExecutor$Worker@1ddf09da[State = -1, empty queue]] WARN  server.GrpcLogAppender (GrpcLogAppender.java:timeoutAppendRequest(209)) - 030c2313-1c2c-4b42-81fb-cb58ee93f992@group-E193FE271C99->9712a796-5281-4f3e-ac85-61dedd90db73-GrpcLogAppender: appendEntries Timeout, request=030c2313-1c2c-4b42-81fb-cb58ee93f992->9712a796-5281-4f3e-ac85-61dedd90db73#53-t1, previous=(t:1, i:10), leaderCommit=10, initializing? false, entries: <empty>
2019-10-18 07:24:13,262 [12ad0800-05cb-443c-9fdd-fa1debf04523@group-BCB82A5C07F5-LeaderElection1242] INFO  impl.LeaderElection (LeaderElection.java:askForVotes(178)) - 12ad0800-05cb-443c-9fdd-fa1debf04523@group-BCB82A5C07F5-LeaderElection1242: begin an election at term 188 for -1: [12ad0800-05cb-443c-9fdd-fa1debf04523:192.168.34.25:41155, 5170c5f3-8499-4b42-9321-85fc8a351f79:192.168.34.25:43074, 0b10a9fc-47eb-4a2b-b664-8273d9d17379:192.168.34.25:45248], old=null
2019-10-18 07:24:13,263 [12ad0800-05cb-443c-9fdd-fa1debf04523@group-BCB82A5C07F5-LeaderElection1242] INFO  impl.LeaderElection (LogUtils.java:infoOrTrace(149)) - 12ad0800-05cb-443c-9fdd-fa1debf04523@group-BCB82A5C07F5-LeaderElection1242 got exception when requesting votes: {}
java.util.concurrent.ExecutionException: org.apache.ratis.thirdparty.io.grpc.StatusRuntimeException: UNAVAILABLE: io exception
	at java.util.concurrent.FutureTask.report(FutureTask.java:122)
	at java.util.concurrent.FutureTask.get(FutureTask.java:192)
	at org.apache.ratis.server.impl.LeaderElection.waitForResults(LeaderElection.java:259)
	at org.apache.ratis.server.impl.LeaderElection.askForVotes(LeaderElection.java:197)
	at org.apache.ratis.server.impl.LeaderElection.run(LeaderElection.java:133)
	at java.lang.Thread.run(Thread.java:748)
Caused by: org.apache.ratis.thirdparty.io.grpc.StatusRuntimeException: UNAVAILABLE: io exception
	at org.apache.ratis.thirdparty.io.grpc.stub.ClientCalls.toStatusRuntimeException(ClientCalls.java:233)
	at org.apache.ratis.thirdparty.io.grpc.stub.ClientCalls.getUnchecked(ClientCalls.java:214)
	at org.apache.ratis.thirdparty.io.grpc.stub.ClientCalls.blockingUnaryCall(ClientCalls.java:139)
	at org.apache.ratis.proto.grpc.RaftServerProtocolServiceGrpc$RaftServerProtocolServiceBlockingStub.requestVote(RaftServerProtocolServiceGrpc.java:265)
	at org.apache.ratis.grpc.server.GrpcServerProtocolClient.requestVote(GrpcServerProtocolClient.java:99)
	at org.apache.ratis.grpc.server.GrpcService.requestVote(GrpcService.java:204)
	at org.apache.ratis.server.impl.LeaderElection.lambda$submitRequests$1(LeaderElection.java:234)
	at java.util.concurrent.FutureTask.run(FutureTask.java:266)
	at java.util.concurrent.Executors$RunnableAdapter.call(Executors.java:511)
	at java.util.concurrent.FutureTask.run(FutureTask.java:266)
	at java.util.concurrent.ThreadPoolExecutor.runWorker(ThreadPoolExecutor.java:1149)
	at java.util.concurrent.ThreadPoolExecutor$Worker.run(ThreadPoolExecutor.java:624)
	... 1 more
Caused by: org.apache.ratis.thirdparty.io.netty.channel.AbstractChannel$AnnotatedConnectException: Connection refused: /192.168.34.25:45248
	at sun.nio.ch.SocketChannelImpl.checkConnect(Native Method)
	at sun.nio.ch.SocketChannelImpl.finishConnect(SocketChannelImpl.java:717)
	at org.apache.ratis.thirdparty.io.netty.channel.socket.nio.NioSocketChannel.doFinishConnect(NioSocketChannel.java:327)
	at org.apache.ratis.thirdparty.io.netty.channel.nio.AbstractNioChannel$AbstractNioUnsafe.finishConnect(AbstractNioChannel.java:340)
	at org.apache.ratis.thirdparty.io.netty.channel.nio.NioEventLoop.processSelectedKey(NioEventLoop.java:632)
	at org.apache.ratis.thirdparty.io.netty.channel.nio.NioEventLoop.processSelectedKeysOptimized(NioEventLoop.java:579)
	at org.apache.ratis.thirdparty.io.netty.channel.nio.NioEventLoop.processSelectedKeys(NioEventLoop.java:496)
	at org.apache.ratis.thirdparty.io.netty.channel.nio.NioEventLoop.run(NioEventLoop.java:458)
	at org.apache.ratis.thirdparty.io.netty.util.concurrent.SingleThreadEventExecutor$5.run(SingleThreadEventExecutor.java:897)
	at org.apache.ratis.thirdparty.io.netty.util.concurrent.FastThreadLocalRunnable.run(FastThreadLocalRunnable.java:30)
	... 1 more
Caused by: java.net.ConnectException: Connection refused
	... 11 more
2019-10-18 07:24:13,264 [grpc-default-executor-14] INFO  impl.RaftServerImpl (RaftServerImpl.java:setRole(184)) - 5170c5f3-8499-4b42-9321-85fc8a351f79@group-BCB82A5C07F5: changes role from  FOLLOWER to FOLLOWER at term 188 for recognizeCandidate:12ad0800-05cb-443c-9fdd-fa1debf04523
2019-10-18 07:24:13,264 [grpc-default-executor-14] INFO  impl.RoleInfo (RoleInfo.java:shutdownFollowerState(121)) - 5170c5f3-8499-4b42-9321-85fc8a351f79: shutdown FollowerState
2019-10-18 07:24:13,264 [grpc-default-executor-14] INFO  impl.RoleInfo (RoleInfo.java:updateAndGet(143)) - 5170c5f3-8499-4b42-9321-85fc8a351f79: start FollowerState
2019-10-18 07:24:13,264 [Thread-10791] INFO  impl.FollowerState (FollowerState.java:run(117)) - 5170c5f3-8499-4b42-9321-85fc8a351f79@group-BCB82A5C07F5-FollowerState was interrupted: java.lang.InterruptedException: sleep interrupted
2019-10-18 07:24:13,288 [12ad0800-05cb-443c-9fdd-fa1debf04523@group-BCB82A5C07F5-LeaderElection1242] INFO  impl.LeaderElection (LeaderElection.java:logAndReturn(56)) - 12ad0800-05cb-443c-9fdd-fa1debf04523@group-BCB82A5C07F5-LeaderElection1242: Election REJECTED; received 1 response(s) [12ad0800-05cb-443c-9fdd-fa1debf04523<-5170c5f3-8499-4b42-9321-85fc8a351f79#0:FAIL-t188] and 1 exception(s); 12ad0800-05cb-443c-9fdd-fa1debf04523@group-BCB82A5C07F5:t188, leader=null, voted=12ad0800-05cb-443c-9fdd-fa1debf04523, raftlog=12ad0800-05cb-443c-9fdd-fa1debf04523@group-BCB82A5C07F5-SegmentedRaftLog:OPENED:c-1,f-1,i0, conf=-1: [12ad0800-05cb-443c-9fdd-fa1debf04523:192.168.34.25:41155, 5170c5f3-8499-4b42-9321-85fc8a351f79:192.168.34.25:43074, 0b10a9fc-47eb-4a2b-b664-8273d9d17379:192.168.34.25:45248], old=null
2019-10-18 07:24:13,288 [12ad0800-05cb-443c-9fdd-fa1debf04523@group-BCB82A5C07F5-LeaderElection1242] INFO  impl.LeaderElection (LogUtils.java:infoOrTrace(149)) -   Exception 0: {}
java.util.concurrent.ExecutionException: org.apache.ratis.thirdparty.io.grpc.StatusRuntimeException: UNAVAILABLE: io exception
	at java.util.concurrent.FutureTask.report(FutureTask.java:122)
	at java.util.concurrent.FutureTask.get(FutureTask.java:192)
	at org.apache.ratis.server.impl.LeaderElection.waitForResults(LeaderElection.java:259)
	at org.apache.ratis.server.impl.LeaderElection.askForVotes(LeaderElection.java:197)
	at org.apache.ratis.server.impl.LeaderElection.run(LeaderElection.java:133)
	at java.lang.Thread.run(Thread.java:748)
Caused by: org.apache.ratis.thirdparty.io.grpc.StatusRuntimeException: UNAVAILABLE: io exception
	at org.apache.ratis.thirdparty.io.grpc.stub.ClientCalls.toStatusRuntimeException(ClientCalls.java:233)
	at org.apache.ratis.thirdparty.io.grpc.stub.ClientCalls.getUnchecked(ClientCalls.java:214)
	at org.apache.ratis.thirdparty.io.grpc.stub.ClientCalls.blockingUnaryCall(ClientCalls.java:139)
	at org.apache.ratis.proto.grpc.RaftServerProtocolServiceGrpc$RaftServerProtocolServiceBlockingStub.requestVote(RaftServerProtocolServiceGrpc.java:265)
	at org.apache.ratis.grpc.server.GrpcServerProtocolClient.requestVote(GrpcServerProtocolClient.java:99)
	at org.apache.ratis.grpc.server.GrpcService.requestVote(GrpcService.java:204)
	at org.apache.ratis.server.impl.LeaderElection.lambda$submitRequests$1(LeaderElection.java:234)
	at java.util.concurrent.FutureTask.run(FutureTask.java:266)
	at java.util.concurrent.Executors$RunnableAdapter.call(Executors.java:511)
	at java.util.concurrent.FutureTask.run(FutureTask.java:266)
	at java.util.concurrent.ThreadPoolExecutor.runWorker(ThreadPoolExecutor.java:1149)
	at java.util.concurrent.ThreadPoolExecutor$Worker.run(ThreadPoolExecutor.java:624)
	... 1 more
Caused by: org.apache.ratis.thirdparty.io.netty.channel.AbstractChannel$AnnotatedConnectException: Connection refused: /192.168.34.25:45248
	at sun.nio.ch.SocketChannelImpl.checkConnect(Native Method)
	at sun.nio.ch.SocketChannelImpl.finishConnect(SocketChannelImpl.java:717)
	at org.apache.ratis.thirdparty.io.netty.channel.socket.nio.NioSocketChannel.doFinishConnect(NioSocketChannel.java:327)
	at org.apache.ratis.thirdparty.io.netty.channel.nio.AbstractNioChannel$AbstractNioUnsafe.finishConnect(AbstractNioChannel.java:340)
	at org.apache.ratis.thirdparty.io.netty.channel.nio.NioEventLoop.processSelectedKey(NioEventLoop.java:632)
	at org.apache.ratis.thirdparty.io.netty.channel.nio.NioEventLoop.processSelectedKeysOptimized(NioEventLoop.java:579)
	at org.apache.ratis.thirdparty.io.netty.channel.nio.NioEventLoop.processSelectedKeys(NioEventLoop.java:496)
	at org.apache.ratis.thirdparty.io.netty.channel.nio.NioEventLoop.run(NioEventLoop.java:458)
	at org.apache.ratis.thirdparty.io.netty.util.concurrent.SingleThreadEventExecutor$5.run(SingleThreadEventExecutor.java:897)
	at org.apache.ratis.thirdparty.io.netty.util.concurrent.FastThreadLocalRunnable.run(FastThreadLocalRunnable.java:30)
	... 1 more
Caused by: java.net.ConnectException: Connection refused
	... 11 more
2019-10-18 07:24:13,288 [12ad0800-05cb-443c-9fdd-fa1debf04523@group-BCB82A5C07F5-LeaderElection1242] INFO  impl.RaftServerImpl (RaftServerImpl.java:setRole(184)) - 12ad0800-05cb-443c-9fdd-fa1debf04523@group-BCB82A5C07F5: changes role from CANDIDATE to FOLLOWER at term 188 for DISCOVERED_A_NEW_TERM
2019-10-18 07:24:13,289 [12ad0800-05cb-443c-9fdd-fa1debf04523@group-BCB82A5C07F5-LeaderElection1242] INFO  impl.RoleInfo (RoleInfo.java:shutdownLeaderElection(134)) - 12ad0800-05cb-443c-9fdd-fa1debf04523: shutdown LeaderElection
2019-10-18 07:24:13,289 [12ad0800-05cb-443c-9fdd-fa1debf04523@group-BCB82A5C07F5-LeaderElection1242] INFO  impl.RoleInfo (RoleInfo.java:updateAndGet(143)) - 12ad0800-05cb-443c-9fdd-fa1debf04523: start FollowerState
2019-10-18 07:24:13,386 [Thread-10798] INFO  impl.FollowerState (FollowerState.java:run(108)) - 12ad0800-05cb-443c-9fdd-fa1debf04523@group-BCB82A5C07F5-FollowerState: change to CANDIDATE, lastRpcTime:97ms, electionTimeout:97ms
2019-10-18 07:24:13,386 [Thread-10798] INFO  impl.RoleInfo (RoleInfo.java:shutdownFollowerState(121)) - 12ad0800-05cb-443c-9fdd-fa1debf04523: shutdown FollowerState
2019-10-18 07:24:13,386 [Thread-10798] INFO  impl.RaftServerImpl (RaftServerImpl.java:setRole(184)) - 12ad0800-05cb-443c-9fdd-fa1debf04523@group-BCB82A5C07F5: changes role from  FOLLOWER to CANDIDATE at term 188 for changeToCandidate
2019-10-18 07:24:13,386 [Thread-10798] INFO  impl.RoleInfo (RoleInfo.java:updateAndGet(143)) - 12ad0800-05cb-443c-9fdd-fa1debf04523: start LeaderElection
2019-10-18 07:24:13,409 [12ad0800-05cb-443c-9fdd-fa1debf04523@group-BCB82A5C07F5-LeaderElection1243] INFO  impl.LeaderElection (LeaderElection.java:askForVotes(178)) - 12ad0800-05cb-443c-9fdd-fa1debf04523@group-BCB82A5C07F5-LeaderElection1243: begin an election at term 189 for -1: [12ad0800-05cb-443c-9fdd-fa1debf04523:192.168.34.25:41155, 5170c5f3-8499-4b42-9321-85fc8a351f79:192.168.34.25:43074, 0b10a9fc-47eb-4a2b-b664-8273d9d17379:192.168.34.25:45248], old=null
2019-10-18 07:24:13,410 [12ad0800-05cb-443c-9fdd-fa1debf04523@group-BCB82A5C07F5-LeaderElection1243] INFO  impl.LeaderElection (LogUtils.java:infoOrTrace(149)) - 12ad0800-05cb-443c-9fdd-fa1debf04523@group-BCB82A5C07F5-LeaderElection1243 got exception when requesting votes: {}
java.util.concurrent.ExecutionException: org.apache.ratis.thirdparty.io.grpc.StatusRuntimeException: UNAVAILABLE: io exception
	at java.util.concurrent.FutureTask.report(FutureTask.java:122)
	at java.util.concurrent.FutureTask.get(FutureTask.java:192)
	at org.apache.ratis.server.impl.LeaderElection.waitForResults(LeaderElection.java:259)
	at org.apache.ratis.server.impl.LeaderElection.askForVotes(LeaderElection.java:197)
	at org.apache.ratis.server.impl.LeaderElection.run(LeaderElection.java:133)
	at java.lang.Thread.run(Thread.java:748)
Caused by: org.apache.ratis.thirdparty.io.grpc.StatusRuntimeException: UNAVAILABLE: io exception
	at org.apache.ratis.thirdparty.io.grpc.stub.ClientCalls.toStatusRuntimeException(ClientCalls.java:233)
	at org.apache.ratis.thirdparty.io.grpc.stub.ClientCalls.getUnchecked(ClientCalls.java:214)
	at org.apache.ratis.thirdparty.io.grpc.stub.ClientCalls.blockingUnaryCall(ClientCalls.java:139)
	at org.apache.ratis.proto.grpc.RaftServerProtocolServiceGrpc$RaftServerProtocolServiceBlockingStub.requestVote(RaftServerProtocolServiceGrpc.java:265)
	at org.apache.ratis.grpc.server.GrpcServerProtocolClient.requestVote(GrpcServerProtocolClient.java:99)
	at org.apache.ratis.grpc.server.GrpcService.requestVote(GrpcService.java:204)
	at org.apache.ratis.server.impl.LeaderElection.lambda$submitRequests$1(LeaderElection.java:234)
	at java.util.concurrent.FutureTask.run(FutureTask.java:266)
	at java.util.concurrent.Executors$RunnableAdapter.call(Executors.java:511)
	at java.util.concurrent.FutureTask.run(FutureTask.java:266)
	at java.util.concurrent.ThreadPoolExecutor.runWorker(ThreadPoolExecutor.java:1149)
	at java.util.concurrent.ThreadPoolExecutor$Worker.run(ThreadPoolExecutor.java:624)
	... 1 more
Caused by: org.apache.ratis.thirdparty.io.netty.channel.AbstractChannel$AnnotatedConnectException: Connection refused: /192.168.34.25:45248
	at sun.nio.ch.SocketChannelImpl.checkConnect(Native Method)
	at sun.nio.ch.SocketChannelImpl.finishConnect(SocketChannelImpl.java:717)
	at org.apache.ratis.thirdparty.io.netty.channel.socket.nio.NioSocketChannel.doFinishConnect(NioSocketChannel.java:327)
	at org.apache.ratis.thirdparty.io.netty.channel.nio.AbstractNioChannel$AbstractNioUnsafe.finishConnect(AbstractNioChannel.java:340)
	at org.apache.ratis.thirdparty.io.netty.channel.nio.NioEventLoop.processSelectedKey(NioEventLoop.java:632)
	at org.apache.ratis.thirdparty.io.netty.channel.nio.NioEventLoop.processSelectedKeysOptimized(NioEventLoop.java:579)
	at org.apache.ratis.thirdparty.io.netty.channel.nio.NioEventLoop.processSelectedKeys(NioEventLoop.java:496)
	at org.apache.ratis.thirdparty.io.netty.channel.nio.NioEventLoop.run(NioEventLoop.java:458)
	at org.apache.ratis.thirdparty.io.netty.util.concurrent.SingleThreadEventExecutor$5.run(SingleThreadEventExecutor.java:897)
	at org.apache.ratis.thirdparty.io.netty.util.concurrent.FastThreadLocalRunnable.run(FastThreadLocalRunnable.java:30)
	... 1 more
Caused by: java.net.ConnectException: Connection refused
	... 11 more
2019-10-18 07:24:13,411 [grpc-default-executor-14] INFO  impl.RaftServerImpl (RaftServerImpl.java:setRole(184)) - 5170c5f3-8499-4b42-9321-85fc8a351f79@group-BCB82A5C07F5: changes role from  FOLLOWER to FOLLOWER at term 189 for recognizeCandidate:12ad0800-05cb-443c-9fdd-fa1debf04523
2019-10-18 07:24:13,411 [grpc-default-executor-14] INFO  impl.RoleInfo (RoleInfo.java:shutdownFollowerState(121)) - 5170c5f3-8499-4b42-9321-85fc8a351f79: shutdown FollowerState
2019-10-18 07:24:13,411 [grpc-default-executor-14] INFO  impl.RoleInfo (RoleInfo.java:updateAndGet(143)) - 5170c5f3-8499-4b42-9321-85fc8a351f79: start FollowerState
2019-10-18 07:24:13,411 [Thread-10796] INFO  impl.FollowerState (FollowerState.java:run(117)) - 5170c5f3-8499-4b42-9321-85fc8a351f79@group-BCB82A5C07F5-FollowerState was interrupted: java.lang.InterruptedException: sleep interrupted
2019-10-18 07:24:13,436 [12ad0800-05cb-443c-9fdd-fa1debf04523@group-BCB82A5C07F5-LeaderElection1243] INFO  impl.LeaderElection (LeaderElection.java:logAndReturn(56)) - 12ad0800-05cb-443c-9fdd-fa1debf04523@group-BCB82A5C07F5-LeaderElection1243: Election REJECTED; received 1 response(s) [12ad0800-05cb-443c-9fdd-fa1debf04523<-5170c5f3-8499-4b42-9321-85fc8a351f79#0:FAIL-t189] and 1 exception(s); 12ad0800-05cb-443c-9fdd-fa1debf04523@group-BCB82A5C07F5:t189, leader=null, voted=12ad0800-05cb-443c-9fdd-fa1debf04523, raftlog=12ad0800-05cb-443c-9fdd-fa1debf04523@group-BCB82A5C07F5-SegmentedRaftLog:OPENED:c-1,f-1,i0, conf=-1: [12ad0800-05cb-443c-9fdd-fa1debf04523:192.168.34.25:41155, 5170c5f3-8499-4b42-9321-85fc8a351f79:192.168.34.25:43074, 0b10a9fc-47eb-4a2b-b664-8273d9d17379:192.168.34.25:45248], old=null
2019-10-18 07:24:13,436 [12ad0800-05cb-443c-9fdd-fa1debf04523@group-BCB82A5C07F5-LeaderElection1243] INFO  impl.LeaderElection (LogUtils.java:infoOrTrace(149)) -   Exception 0: {}
java.util.concurrent.ExecutionException: org.apache.ratis.thirdparty.io.grpc.StatusRuntimeException: UNAVAILABLE: io exception
	at java.util.concurrent.FutureTask.report(FutureTask.java:122)
	at java.util.concurrent.FutureTask.get(FutureTask.java:192)
	at org.apache.ratis.server.impl.LeaderElection.waitForResults(LeaderElection.java:259)
	at org.apache.ratis.server.impl.LeaderElection.askForVotes(LeaderElection.java:197)
	at org.apache.ratis.server.impl.LeaderElection.run(LeaderElection.java:133)
	at java.lang.Thread.run(Thread.java:748)
Caused by: org.apache.ratis.thirdparty.io.grpc.StatusRuntimeException: UNAVAILABLE: io exception
	at org.apache.ratis.thirdparty.io.grpc.stub.ClientCalls.toStatusRuntimeException(ClientCalls.java:233)
	at org.apache.ratis.thirdparty.io.grpc.stub.ClientCalls.getUnchecked(ClientCalls.java:214)
	at org.apache.ratis.thirdparty.io.grpc.stub.ClientCalls.blockingUnaryCall(ClientCalls.java:139)
	at org.apache.ratis.proto.grpc.RaftServerProtocolServiceGrpc$RaftServerProtocolServiceBlockingStub.requestVote(RaftServerProtocolServiceGrpc.java:265)
	at org.apache.ratis.grpc.server.GrpcServerProtocolClient.requestVote(GrpcServerProtocolClient.java:99)
	at org.apache.ratis.grpc.server.GrpcService.requestVote(GrpcService.java:204)
	at org.apache.ratis.server.impl.LeaderElection.lambda$submitRequests$1(LeaderElection.java:234)
	at java.util.concurrent.FutureTask.run(FutureTask.java:266)
	at java.util.concurrent.Executors$RunnableAdapter.call(Executors.java:511)
	at java.util.concurrent.FutureTask.run(FutureTask.java:266)
	at java.util.concurrent.ThreadPoolExecutor.runWorker(ThreadPoolExecutor.java:1149)
	at java.util.concurrent.ThreadPoolExecutor$Worker.run(ThreadPoolExecutor.java:624)
	... 1 more
Caused by: org.apache.ratis.thirdparty.io.netty.channel.AbstractChannel$AnnotatedConnectException: Connection refused: /192.168.34.25:45248
	at sun.nio.ch.SocketChannelImpl.checkConnect(Native Method)
	at sun.nio.ch.SocketChannelImpl.finishConnect(SocketChannelImpl.java:717)
	at org.apache.ratis.thirdparty.io.netty.channel.socket.nio.NioSocketChannel.doFinishConnect(NioSocketChannel.java:327)
	at org.apache.ratis.thirdparty.io.netty.channel.nio.AbstractNioChannel$AbstractNioUnsafe.finishConnect(AbstractNioChannel.java:340)
	at org.apache.ratis.thirdparty.io.netty.channel.nio.NioEventLoop.processSelectedKey(NioEventLoop.java:632)
	at org.apache.ratis.thirdparty.io.netty.channel.nio.NioEventLoop.processSelectedKeysOptimized(NioEventLoop.java:579)
	at org.apache.ratis.thirdparty.io.netty.channel.nio.NioEventLoop.processSelectedKeys(NioEventLoop.java:496)
	at org.apache.ratis.thirdparty.io.netty.channel.nio.NioEventLoop.run(NioEventLoop.java:458)
	at org.apache.ratis.thirdparty.io.netty.util.concurrent.SingleThreadEventExecutor$5.run(SingleThreadEventExecutor.java:897)
	at org.apache.ratis.thirdparty.io.netty.util.concurrent.FastThreadLocalRunnable.run(FastThreadLocalRunnable.java:30)
	... 1 more
Caused by: java.net.ConnectException: Connection refused
	... 11 more
2019-10-18 07:24:13,437 [12ad0800-05cb-443c-9fdd-fa1debf04523@group-BCB82A5C07F5-LeaderElection1243] INFO  impl.RaftServerImpl (RaftServerImpl.java:setRole(184)) - 12ad0800-05cb-443c-9fdd-fa1debf04523@group-BCB82A5C07F5: changes role from CANDIDATE to FOLLOWER at term 189 for DISCOVERED_A_NEW_TERM
2019-10-18 07:24:13,437 [12ad0800-05cb-443c-9fdd-fa1debf04523@group-BCB82A5C07F5-LeaderElection1243] INFO  impl.RoleInfo (RoleInfo.java:shutdownLeaderElection(134)) - 12ad0800-05cb-443c-9fdd-fa1debf04523: shutdown LeaderElection
2019-10-18 07:24:13,437 [12ad0800-05cb-443c-9fdd-fa1debf04523@group-BCB82A5C07F5-LeaderElection1243] INFO  impl.RoleInfo (RoleInfo.java:updateAndGet(143)) - 12ad0800-05cb-443c-9fdd-fa1debf04523: start FollowerState
2019-10-18 07:24:13,544 [Thread-10803] INFO  impl.FollowerState (FollowerState.java:run(108)) - 12ad0800-05cb-443c-9fdd-fa1debf04523@group-BCB82A5C07F5-FollowerState: change to CANDIDATE, lastRpcTime:107ms, electionTimeout:107ms
2019-10-18 07:24:13,544 [Thread-10803] INFO  impl.RoleInfo (RoleInfo.java:shutdownFollowerState(121)) - 12ad0800-05cb-443c-9fdd-fa1debf04523: shutdown FollowerState
2019-10-18 07:24:13,545 [Thread-10803] INFO  impl.RaftServerImpl (RaftServerImpl.java:setRole(184)) - 12ad0800-05cb-443c-9fdd-fa1debf04523@group-BCB82A5C07F5: changes role from  FOLLOWER to CANDIDATE at term 189 for changeToCandidate
2019-10-18 07:24:13,545 [Thread-10803] INFO  impl.RoleInfo (RoleInfo.java:updateAndGet(143)) - 12ad0800-05cb-443c-9fdd-fa1debf04523: start LeaderElection
2019-10-18 07:24:13,568 [12ad0800-05cb-443c-9fdd-fa1debf04523@group-BCB82A5C07F5-LeaderElection1244] INFO  impl.LeaderElection (LeaderElection.java:askForVotes(178)) - 12ad0800-05cb-443c-9fdd-fa1debf04523@group-BCB82A5C07F5-LeaderElection1244: begin an election at term 190 for -1: [12ad0800-05cb-443c-9fdd-fa1debf04523:192.168.34.25:41155, 5170c5f3-8499-4b42-9321-85fc8a351f79:192.168.34.25:43074, 0b10a9fc-47eb-4a2b-b664-8273d9d17379:192.168.34.25:45248], old=null
2019-10-18 07:24:13,569 [12ad0800-05cb-443c-9fdd-fa1debf04523@group-BCB82A5C07F5-LeaderElection1244] INFO  impl.LeaderElection (LogUtils.java:infoOrTrace(149)) - 12ad0800-05cb-443c-9fdd-fa1debf04523@group-BCB82A5C07F5-LeaderElection1244 got exception when requesting votes: {}
java.util.concurrent.ExecutionException: org.apache.ratis.thirdparty.io.grpc.StatusRuntimeException: UNAVAILABLE: io exception
	at java.util.concurrent.FutureTask.report(FutureTask.java:122)
	at java.util.concurrent.FutureTask.get(FutureTask.java:192)
	at org.apache.ratis.server.impl.LeaderElection.waitForResults(LeaderElection.java:259)
	at org.apache.ratis.server.impl.LeaderElection.askForVotes(LeaderElection.java:197)
	at org.apache.ratis.server.impl.LeaderElection.run(LeaderElection.java:133)
	at java.lang.Thread.run(Thread.java:748)
Caused by: org.apache.ratis.thirdparty.io.grpc.StatusRuntimeException: UNAVAILABLE: io exception
	at org.apache.ratis.thirdparty.io.grpc.stub.ClientCalls.toStatusRuntimeException(ClientCalls.java:233)
	at org.apache.ratis.thirdparty.io.grpc.stub.ClientCalls.getUnchecked(ClientCalls.java:214)
	at org.apache.ratis.thirdparty.io.grpc.stub.ClientCalls.blockingUnaryCall(ClientCalls.java:139)
	at org.apache.ratis.proto.grpc.RaftServerProtocolServiceGrpc$RaftServerProtocolServiceBlockingStub.requestVote(RaftServerProtocolServiceGrpc.java:265)
	at org.apache.ratis.grpc.server.GrpcServerProtocolClient.requestVote(GrpcServerProtocolClient.java:99)
	at org.apache.ratis.grpc.server.GrpcService.requestVote(GrpcService.java:204)
	at org.apache.ratis.server.impl.LeaderElection.lambda$submitRequests$1(LeaderElection.java:234)
	at java.util.concurrent.FutureTask.run(FutureTask.java:266)
	at java.util.concurrent.Executors$RunnableAdapter.call(Executors.java:511)
	at java.util.concurrent.FutureTask.run(FutureTask.java:266)
	at java.util.concurrent.ThreadPoolExecutor.runWorker(ThreadPoolExecutor.java:1149)
	at java.util.concurrent.ThreadPoolExecutor$Worker.run(ThreadPoolExecutor.java:624)
	... 1 more
Caused by: org.apache.ratis.thirdparty.io.netty.channel.AbstractChannel$AnnotatedConnectException: Connection refused: /192.168.34.25:45248
	at sun.nio.ch.SocketChannelImpl.checkConnect(Native Method)
	at sun.nio.ch.SocketChannelImpl.finishConnect(SocketChannelImpl.java:717)
	at org.apache.ratis.thirdparty.io.netty.channel.socket.nio.NioSocketChannel.doFinishConnect(NioSocketChannel.java:327)
	at org.apache.ratis.thirdparty.io.netty.channel.nio.AbstractNioChannel$AbstractNioUnsafe.finishConnect(AbstractNioChannel.java:340)
	at org.apache.ratis.thirdparty.io.netty.channel.nio.NioEventLoop.processSelectedKey(NioEventLoop.java:632)
	at org.apache.ratis.thirdparty.io.netty.channel.nio.NioEventLoop.processSelectedKeysOptimized(NioEventLoop.java:579)
	at org.apache.ratis.thirdparty.io.netty.channel.nio.NioEventLoop.processSelectedKeys(NioEventLoop.java:496)
	at org.apache.ratis.thirdparty.io.netty.channel.nio.NioEventLoop.run(NioEventLoop.java:458)
	at org.apache.ratis.thirdparty.io.netty.util.concurrent.SingleThreadEventExecutor$5.run(SingleThreadEventExecutor.java:897)
	at org.apache.ratis.thirdparty.io.netty.util.concurrent.FastThreadLocalRunnable.run(FastThreadLocalRunnable.java:30)
	... 1 more
Caused by: java.net.ConnectException: Connection refused
	... 11 more
2019-10-18 07:24:13,569 [grpc-default-executor-14] INFO  impl.RaftServerImpl (RaftServerImpl.java:setRole(184)) - 5170c5f3-8499-4b42-9321-85fc8a351f79@group-BCB82A5C07F5: changes role from  FOLLOWER to FOLLOWER at term 190 for recognizeCandidate:12ad0800-05cb-443c-9fdd-fa1debf04523
2019-10-18 07:24:13,570 [grpc-default-executor-14] INFO  impl.RoleInfo (RoleInfo.java:shutdownFollowerState(121)) - 5170c5f3-8499-4b42-9321-85fc8a351f79: shutdown FollowerState
2019-10-18 07:24:13,570 [grpc-default-executor-14] INFO  impl.RoleInfo (RoleInfo.java:updateAndGet(143)) - 5170c5f3-8499-4b42-9321-85fc8a351f79: start FollowerState
2019-10-18 07:24:13,570 [Thread-10802] INFO  impl.FollowerState (FollowerState.java:run(117)) - 5170c5f3-8499-4b42-9321-85fc8a351f79@group-BCB82A5C07F5-FollowerState was interrupted: java.lang.InterruptedException: sleep interrupted
2019-10-18 07:24:13,585 [12ad0800-05cb-443c-9fdd-fa1debf04523@group-BCB82A5C07F5-LeaderElection1244] INFO  impl.LeaderElection (LeaderElection.java:logAndReturn(56)) - 12ad0800-05cb-443c-9fdd-fa1debf04523@group-BCB82A5C07F5-LeaderElection1244: Election REJECTED; received 1 response(s) [12ad0800-05cb-443c-9fdd-fa1debf04523<-5170c5f3-8499-4b42-9321-85fc8a351f79#0:FAIL-t190] and 1 exception(s); 12ad0800-05cb-443c-9fdd-fa1debf04523@group-BCB82A5C07F5:t190, leader=null, voted=12ad0800-05cb-443c-9fdd-fa1debf04523, raftlog=12ad0800-05cb-443c-9fdd-fa1debf04523@group-BCB82A5C07F5-SegmentedRaftLog:OPENED:c-1,f-1,i0, conf=-1: [12ad0800-05cb-443c-9fdd-fa1debf04523:192.168.34.25:41155, 5170c5f3-8499-4b42-9321-85fc8a351f79:192.168.34.25:43074, 0b10a9fc-47eb-4a2b-b664-8273d9d17379:192.168.34.25:45248], old=null
2019-10-18 07:24:13,585 [12ad0800-05cb-443c-9fdd-fa1debf04523@group-BCB82A5C07F5-LeaderElection1244] INFO  impl.LeaderElection (LogUtils.java:infoOrTrace(149)) -   Exception 0: {}
java.util.concurrent.ExecutionException: org.apache.ratis.thirdparty.io.grpc.StatusRuntimeException: UNAVAILABLE: io exception
	at java.util.concurrent.FutureTask.report(FutureTask.java:122)
	at java.util.concurrent.FutureTask.get(FutureTask.java:192)
	at org.apache.ratis.server.impl.LeaderElection.waitForResults(LeaderElection.java:259)
	at org.apache.ratis.server.impl.LeaderElection.askForVotes(LeaderElection.java:197)
	at org.apache.ratis.server.impl.LeaderElection.run(LeaderElection.java:133)
	at java.lang.Thread.run(Thread.java:748)
Caused by: org.apache.ratis.thirdparty.io.grpc.StatusRuntimeException: UNAVAILABLE: io exception
	at org.apache.ratis.thirdparty.io.grpc.stub.ClientCalls.toStatusRuntimeException(ClientCalls.java:233)
	at org.apache.ratis.thirdparty.io.grpc.stub.ClientCalls.getUnchecked(ClientCalls.java:214)
	at org.apache.ratis.thirdparty.io.grpc.stub.ClientCalls.blockingUnaryCall(ClientCalls.java:139)
	at org.apache.ratis.proto.grpc.RaftServerProtocolServiceGrpc$RaftServerProtocolServiceBlockingStub.requestVote(RaftServerProtocolServiceGrpc.java:265)
	at org.apache.ratis.grpc.server.GrpcServerProtocolClient.requestVote(GrpcServerProtocolClient.java:99)
	at org.apache.ratis.grpc.server.GrpcService.requestVote(GrpcService.java:204)
	at org.apache.ratis.server.impl.LeaderElection.lambda$submitRequests$1(LeaderElection.java:234)
	at java.util.concurrent.FutureTask.run(FutureTask.java:266)
	at java.util.concurrent.Executors$RunnableAdapter.call(Executors.java:511)
	at java.util.concurrent.FutureTask.run(FutureTask.java:266)
	at java.util.concurrent.ThreadPoolExecutor.runWorker(ThreadPoolExecutor.java:1149)
	at java.util.concurrent.ThreadPoolExecutor$Worker.run(ThreadPoolExecutor.java:624)
	... 1 more
Caused by: org.apache.ratis.thirdparty.io.netty.channel.AbstractChannel$AnnotatedConnectException: Connection refused: /192.168.34.25:45248
	at sun.nio.ch.SocketChannelImpl.checkConnect(Native Method)
	at sun.nio.ch.SocketChannelImpl.finishConnect(SocketChannelImpl.java:717)
	at org.apache.ratis.thirdparty.io.netty.channel.socket.nio.NioSocketChannel.doFinishConnect(NioSocketChannel.java:327)
	at org.apache.ratis.thirdparty.io.netty.channel.nio.AbstractNioChannel$AbstractNioUnsafe.finishConnect(AbstractNioChannel.java:340)
	at org.apache.ratis.thirdparty.io.netty.channel.nio.NioEventLoop.processSelectedKey(NioEventLoop.java:632)
	at org.apache.ratis.thirdparty.io.netty.channel.nio.NioEventLoop.processSelectedKeysOptimized(NioEventLoop.java:579)
	at org.apache.ratis.thirdparty.io.netty.channel.nio.NioEventLoop.processSelectedKeys(NioEventLoop.java:496)
	at org.apache.ratis.thirdparty.io.netty.channel.nio.NioEventLoop.run(NioEventLoop.java:458)
	at org.apache.ratis.thirdparty.io.netty.util.concurrent.SingleThreadEventExecutor$5.run(SingleThreadEventExecutor.java:897)
	at org.apache.ratis.thirdparty.io.netty.util.concurrent.FastThreadLocalRunnable.run(FastThreadLocalRunnable.java:30)
	... 1 more
Caused by: java.net.ConnectException: Connection refused
	... 11 more
2019-10-18 07:24:13,586 [12ad0800-05cb-443c-9fdd-fa1debf04523@group-BCB82A5C07F5-LeaderElection1244] INFO  impl.RaftServerImpl (RaftServerImpl.java:setRole(184)) - 12ad0800-05cb-443c-9fdd-fa1debf04523@group-BCB82A5C07F5: changes role from CANDIDATE to FOLLOWER at term 190 for DISCOVERED_A_NEW_TERM
2019-10-18 07:24:13,586 [12ad0800-05cb-443c-9fdd-fa1debf04523@group-BCB82A5C07F5-LeaderElection1244] INFO  impl.RoleInfo (RoleInfo.java:shutdownLeaderElection(134)) - 12ad0800-05cb-443c-9fdd-fa1debf04523: shutdown LeaderElection
2019-10-18 07:24:13,586 [12ad0800-05cb-443c-9fdd-fa1debf04523@group-BCB82A5C07F5-LeaderElection1244] INFO  impl.RoleInfo (RoleInfo.java:updateAndGet(143)) - 12ad0800-05cb-443c-9fdd-fa1debf04523: start FollowerState
2019-10-18 07:24:13,632 [Thread-10809] INFO  impl.FollowerState (FollowerState.java:run(108)) - 12ad0800-05cb-443c-9fdd-fa1debf04523@group-BCB82A5C07F5-FollowerState: change to CANDIDATE, lastRpcTime:46ms, electionTimeout:46ms
2019-10-18 07:24:13,633 [Thread-10809] INFO  impl.RoleInfo (RoleInfo.java:shutdownFollowerState(121)) - 12ad0800-05cb-443c-9fdd-fa1debf04523: shutdown FollowerState
2019-10-18 07:24:13,633 [Thread-10809] INFO  impl.RaftServerImpl (RaftServerImpl.java:setRole(184)) - 12ad0800-05cb-443c-9fdd-fa1debf04523@group-BCB82A5C07F5: changes role from  FOLLOWER to CANDIDATE at term 190 for changeToCandidate
2019-10-18 07:24:13,633 [Thread-10809] INFO  impl.RoleInfo (RoleInfo.java:updateAndGet(143)) - 12ad0800-05cb-443c-9fdd-fa1debf04523: start LeaderElection
2019-10-18 07:24:13,670 [12ad0800-05cb-443c-9fdd-fa1debf04523@group-BCB82A5C07F5-LeaderElection1245] INFO  impl.LeaderElection (LeaderElection.java:askForVotes(178)) - 12ad0800-05cb-443c-9fdd-fa1debf04523@group-BCB82A5C07F5-LeaderElection1245: begin an election at term 191 for -1: [12ad0800-05cb-443c-9fdd-fa1debf04523:192.168.34.25:41155, 5170c5f3-8499-4b42-9321-85fc8a351f79:192.168.34.25:43074, 0b10a9fc-47eb-4a2b-b664-8273d9d17379:192.168.34.25:45248], old=null
2019-10-18 07:24:13,671 [12ad0800-05cb-443c-9fdd-fa1debf04523@group-BCB82A5C07F5-LeaderElection1245] INFO  impl.LeaderElection (LogUtils.java:infoOrTrace(149)) - 12ad0800-05cb-443c-9fdd-fa1debf04523@group-BCB82A5C07F5-LeaderElection1245 got exception when requesting votes: {}
java.util.concurrent.ExecutionException: org.apache.ratis.thirdparty.io.grpc.StatusRuntimeException: UNAVAILABLE: io exception
	at java.util.concurrent.FutureTask.report(FutureTask.java:122)
	at java.util.concurrent.FutureTask.get(FutureTask.java:192)
	at org.apache.ratis.server.impl.LeaderElection.waitForResults(LeaderElection.java:259)
	at org.apache.ratis.server.impl.LeaderElection.askForVotes(LeaderElection.java:197)
	at org.apache.ratis.server.impl.LeaderElection.run(LeaderElection.java:133)
	at java.lang.Thread.run(Thread.java:748)
Caused by: org.apache.ratis.thirdparty.io.grpc.StatusRuntimeException: UNAVAILABLE: io exception
	at org.apache.ratis.thirdparty.io.grpc.stub.ClientCalls.toStatusRuntimeException(ClientCalls.java:233)
	at org.apache.ratis.thirdparty.io.grpc.stub.ClientCalls.getUnchecked(ClientCalls.java:214)
	at org.apache.ratis.thirdparty.io.grpc.stub.ClientCalls.blockingUnaryCall(ClientCalls.java:139)
	at org.apache.ratis.proto.grpc.RaftServerProtocolServiceGrpc$RaftServerProtocolServiceBlockingStub.requestVote(RaftServerProtocolServiceGrpc.java:265)
	at org.apache.ratis.grpc.server.GrpcServerProtocolClient.requestVote(GrpcServerProtocolClient.java:99)
	at org.apache.ratis.grpc.server.GrpcService.requestVote(GrpcService.java:204)
	at org.apache.ratis.server.impl.LeaderElection.lambda$submitRequests$1(LeaderElection.java:234)
	at java.util.concurrent.FutureTask.run(FutureTask.java:266)
	at java.util.concurrent.Executors$RunnableAdapter.call(Executors.java:511)
	at java.util.concurrent.FutureTask.run(FutureTask.java:266)
	at java.util.concurrent.ThreadPoolExecutor.runWorker(ThreadPoolExecutor.java:1149)
	at java.util.concurrent.ThreadPoolExecutor$Worker.run(ThreadPoolExecutor.java:624)
	... 1 more
Caused by: org.apache.ratis.thirdparty.io.netty.channel.AbstractChannel$AnnotatedConnectException: Connection refused: /192.168.34.25:45248
	at sun.nio.ch.SocketChannelImpl.checkConnect(Native Method)
	at sun.nio.ch.SocketChannelImpl.finishConnect(SocketChannelImpl.java:717)
	at org.apache.ratis.thirdparty.io.netty.channel.socket.nio.NioSocketChannel.doFinishConnect(NioSocketChannel.java:327)
	at org.apache.ratis.thirdparty.io.netty.channel.nio.AbstractNioChannel$AbstractNioUnsafe.finishConnect(AbstractNioChannel.java:340)
	at org.apache.ratis.thirdparty.io.netty.channel.nio.NioEventLoop.processSelectedKey(NioEventLoop.java:632)
	at org.apache.ratis.thirdparty.io.netty.channel.nio.NioEventLoop.processSelectedKeysOptimized(NioEventLoop.java:579)
	at org.apache.ratis.thirdparty.io.netty.channel.nio.NioEventLoop.processSelectedKeys(NioEventLoop.java:496)
	at org.apache.ratis.thirdparty.io.netty.channel.nio.NioEventLoop.run(NioEventLoop.java:458)
	at org.apache.ratis.thirdparty.io.netty.util.concurrent.SingleThreadEventExecutor$5.run(SingleThreadEventExecutor.java:897)
	at org.apache.ratis.thirdparty.io.netty.util.concurrent.FastThreadLocalRunnable.run(FastThreadLocalRunnable.java:30)
	... 1 more
Caused by: java.net.ConnectException: Connection refused
	... 11 more
2019-10-18 07:24:13,671 [grpc-default-executor-14] INFO  impl.RaftServerImpl (RaftServerImpl.java:setRole(184)) - 5170c5f3-8499-4b42-9321-85fc8a351f79@group-BCB82A5C07F5: changes role from  FOLLOWER to FOLLOWER at term 191 for recognizeCandidate:12ad0800-05cb-443c-9fdd-fa1debf04523
2019-10-18 07:24:13,671 [grpc-default-executor-14] INFO  impl.RoleInfo (RoleInfo.java:shutdownFollowerState(121)) - 5170c5f3-8499-4b42-9321-85fc8a351f79: shutdown FollowerState
2019-10-18 07:24:13,671 [grpc-default-executor-14] INFO  impl.RoleInfo (RoleInfo.java:updateAndGet(143)) - 5170c5f3-8499-4b42-9321-85fc8a351f79: start FollowerState
2019-10-18 07:24:13,671 [Thread-10808] INFO  impl.FollowerState (FollowerState.java:run(117)) - 5170c5f3-8499-4b42-9321-85fc8a351f79@group-BCB82A5C07F5-FollowerState was interrupted: java.lang.InterruptedException: sleep interrupted
2019-10-18 07:24:13,692 [12ad0800-05cb-443c-9fdd-fa1debf04523@group-BCB82A5C07F5-LeaderElection1245] INFO  impl.LeaderElection (LeaderElection.java:logAndReturn(56)) - 12ad0800-05cb-443c-9fdd-fa1debf04523@group-BCB82A5C07F5-LeaderElection1245: Election REJECTED; received 1 response(s) [12ad0800-05cb-443c-9fdd-fa1debf04523<-5170c5f3-8499-4b42-9321-85fc8a351f79#0:FAIL-t191] and 1 exception(s); 12ad0800-05cb-443c-9fdd-fa1debf04523@group-BCB82A5C07F5:t191, leader=null, voted=12ad0800-05cb-443c-9fdd-fa1debf04523, raftlog=12ad0800-05cb-443c-9fdd-fa1debf04523@group-BCB82A5C07F5-SegmentedRaftLog:OPENED:c-1,f-1,i0, conf=-1: [12ad0800-05cb-443c-9fdd-fa1debf04523:192.168.34.25:41155, 5170c5f3-8499-4b42-9321-85fc8a351f79:192.168.34.25:43074, 0b10a9fc-47eb-4a2b-b664-8273d9d17379:192.168.34.25:45248], old=null
2019-10-18 07:24:13,692 [12ad0800-05cb-443c-9fdd-fa1debf04523@group-BCB82A5C07F5-LeaderElection1245] INFO  impl.LeaderElection (LogUtils.java:infoOrTrace(149)) -   Exception 0: {}
java.util.concurrent.ExecutionException: org.apache.ratis.thirdparty.io.grpc.StatusRuntimeException: UNAVAILABLE: io exception
	at java.util.concurrent.FutureTask.report(FutureTask.java:122)
	at java.util.concurrent.FutureTask.get(FutureTask.java:192)
	at org.apache.ratis.server.impl.LeaderElection.waitForResults(LeaderElection.java:259)
	at org.apache.ratis.server.impl.LeaderElection.askForVotes(LeaderElection.java:197)
	at org.apache.ratis.server.impl.LeaderElection.run(LeaderElection.java:133)
	at java.lang.Thread.run(Thread.java:748)
Caused by: org.apache.ratis.thirdparty.io.grpc.StatusRuntimeException: UNAVAILABLE: io exception
	at org.apache.ratis.thirdparty.io.grpc.stub.ClientCalls.toStatusRuntimeException(ClientCalls.java:233)
	at org.apache.ratis.thirdparty.io.grpc.stub.ClientCalls.getUnchecked(ClientCalls.java:214)
	at org.apache.ratis.thirdparty.io.grpc.stub.ClientCalls.blockingUnaryCall(ClientCalls.java:139)
	at org.apache.ratis.proto.grpc.RaftServerProtocolServiceGrpc$RaftServerProtocolServiceBlockingStub.requestVote(RaftServerProtocolServiceGrpc.java:265)
	at org.apache.ratis.grpc.server.GrpcServerProtocolClient.requestVote(GrpcServerProtocolClient.java:99)
	at org.apache.ratis.grpc.server.GrpcService.requestVote(GrpcService.java:204)
	at org.apache.ratis.server.impl.LeaderElection.lambda$submitRequests$1(LeaderElection.java:234)
	at java.util.concurrent.FutureTask.run(FutureTask.java:266)
	at java.util.concurrent.Executors$RunnableAdapter.call(Executors.java:511)
	at java.util.concurrent.FutureTask.run(FutureTask.java:266)
	at java.util.concurrent.ThreadPoolExecutor.runWorker(ThreadPoolExecutor.java:1149)
	at java.util.concurrent.ThreadPoolExecutor$Worker.run(ThreadPoolExecutor.java:624)
	... 1 more
Caused by: org.apache.ratis.thirdparty.io.netty.channel.AbstractChannel$AnnotatedConnectException: Connection refused: /192.168.34.25:45248
	at sun.nio.ch.SocketChannelImpl.checkConnect(Native Method)
	at sun.nio.ch.SocketChannelImpl.finishConnect(SocketChannelImpl.java:717)
	at org.apache.ratis.thirdparty.io.netty.channel.socket.nio.NioSocketChannel.doFinishConnect(NioSocketChannel.java:327)
	at org.apache.ratis.thirdparty.io.netty.channel.nio.AbstractNioChannel$AbstractNioUnsafe.finishConnect(AbstractNioChannel.java:340)
	at org.apache.ratis.thirdparty.io.netty.channel.nio.NioEventLoop.processSelectedKey(NioEventLoop.java:632)
	at org.apache.ratis.thirdparty.io.netty.channel.nio.NioEventLoop.processSelectedKeysOptimized(NioEventLoop.java:579)
	at org.apache.ratis.thirdparty.io.netty.channel.nio.NioEventLoop.processSelectedKeys(NioEventLoop.java:496)
	at org.apache.ratis.thirdparty.io.netty.channel.nio.NioEventLoop.run(NioEventLoop.java:458)
	at org.apache.ratis.thirdparty.io.netty.util.concurrent.SingleThreadEventExecutor$5.run(SingleThreadEventExecutor.java:897)
	at org.apache.ratis.thirdparty.io.netty.util.concurrent.FastThreadLocalRunnable.run(FastThreadLocalRunnable.java:30)
	... 1 more
Caused by: java.net.ConnectException: Connection refused
	... 11 more
2019-10-18 07:24:13,692 [12ad0800-05cb-443c-9fdd-fa1debf04523@group-BCB82A5C07F5-LeaderElection1245] INFO  impl.RaftServerImpl (RaftServerImpl.java:setRole(184)) - 12ad0800-05cb-443c-9fdd-fa1debf04523@group-BCB82A5C07F5: changes role from CANDIDATE to FOLLOWER at term 191 for DISCOVERED_A_NEW_TERM
2019-10-18 07:24:13,692 [12ad0800-05cb-443c-9fdd-fa1debf04523@group-BCB82A5C07F5-LeaderElection1245] INFO  impl.RoleInfo (RoleInfo.java:shutdownLeaderElection(134)) - 12ad0800-05cb-443c-9fdd-fa1debf04523: shutdown LeaderElection
2019-10-18 07:24:13,692 [12ad0800-05cb-443c-9fdd-fa1debf04523@group-BCB82A5C07F5-LeaderElection1245] INFO  impl.RoleInfo (RoleInfo.java:updateAndGet(143)) - 12ad0800-05cb-443c-9fdd-fa1debf04523: start FollowerState
2019-10-18 07:24:13,760 [java.util.concurrent.ThreadPoolExecutor$Worker@1ddf09da[State = -1, empty queue]] WARN  server.GrpcLogAppender (GrpcLogAppender.java:timeoutAppendRequest(209)) - 030c2313-1c2c-4b42-81fb-cb58ee93f992@group-E193FE271C99->9712a796-5281-4f3e-ac85-61dedd90db73-GrpcLogAppender: appendEntries Timeout, request=030c2313-1c2c-4b42-81fb-cb58ee93f992->9712a796-5281-4f3e-ac85-61dedd90db73#54-t1, previous=(t:1, i:10), leaderCommit=10, initializing? false, entries: <empty>
2019-10-18 07:24:13,785 [Thread-10814] INFO  impl.FollowerState (FollowerState.java:run(108)) - 12ad0800-05cb-443c-9fdd-fa1debf04523@group-BCB82A5C07F5-FollowerState: change to CANDIDATE, lastRpcTime:92ms, electionTimeout:92ms
2019-10-18 07:24:13,785 [Thread-10814] INFO  impl.RoleInfo (RoleInfo.java:shutdownFollowerState(121)) - 12ad0800-05cb-443c-9fdd-fa1debf04523: shutdown FollowerState
2019-10-18 07:24:13,785 [Thread-10814] INFO  impl.RaftServerImpl (RaftServerImpl.java:setRole(184)) - 12ad0800-05cb-443c-9fdd-fa1debf04523@group-BCB82A5C07F5: changes role from  FOLLOWER to CANDIDATE at term 191 for changeToCandidate
2019-10-18 07:24:13,785 [Thread-10814] INFO  impl.RoleInfo (RoleInfo.java:updateAndGet(143)) - 12ad0800-05cb-443c-9fdd-fa1debf04523: start LeaderElection
2019-10-18 07:24:13,809 [12ad0800-05cb-443c-9fdd-fa1debf04523@group-BCB82A5C07F5-LeaderElection1246] INFO  impl.LeaderElection (LeaderElection.java:askForVotes(178)) - 12ad0800-05cb-443c-9fdd-fa1debf04523@group-BCB82A5C07F5-LeaderElection1246: begin an election at term 192 for -1: [12ad0800-05cb-443c-9fdd-fa1debf04523:192.168.34.25:41155, 5170c5f3-8499-4b42-9321-85fc8a351f79:192.168.34.25:43074, 0b10a9fc-47eb-4a2b-b664-8273d9d17379:192.168.34.25:45248], old=null
2019-10-18 07:24:13,810 [12ad0800-05cb-443c-9fdd-fa1debf04523@group-BCB82A5C07F5-LeaderElection1246] INFO  impl.LeaderElection (LogUtils.java:infoOrTrace(149)) - 12ad0800-05cb-443c-9fdd-fa1debf04523@group-BCB82A5C07F5-LeaderElection1246 got exception when requesting votes: {}
java.util.concurrent.ExecutionException: org.apache.ratis.thirdparty.io.grpc.StatusRuntimeException: UNAVAILABLE: io exception
	at java.util.concurrent.FutureTask.report(FutureTask.java:122)
	at java.util.concurrent.FutureTask.get(FutureTask.java:192)
	at org.apache.ratis.server.impl.LeaderElection.waitForResults(LeaderElection.java:259)
	at org.apache.ratis.server.impl.LeaderElection.askForVotes(LeaderElection.java:197)
	at org.apache.ratis.server.impl.LeaderElection.run(LeaderElection.java:133)
	at java.lang.Thread.run(Thread.java:748)
Caused by: org.apache.ratis.thirdparty.io.grpc.StatusRuntimeException: UNAVAILABLE: io exception
	at org.apache.ratis.thirdparty.io.grpc.stub.ClientCalls.toStatusRuntimeException(ClientCalls.java:233)
	at org.apache.ratis.thirdparty.io.grpc.stub.ClientCalls.getUnchecked(ClientCalls.java:214)
	at org.apache.ratis.thirdparty.io.grpc.stub.ClientCalls.blockingUnaryCall(ClientCalls.java:139)
	at org.apache.ratis.proto.grpc.RaftServerProtocolServiceGrpc$RaftServerProtocolServiceBlockingStub.requestVote(RaftServerProtocolServiceGrpc.java:265)
	at org.apache.ratis.grpc.server.GrpcServerProtocolClient.requestVote(GrpcServerProtocolClient.java:99)
	at org.apache.ratis.grpc.server.GrpcService.requestVote(GrpcService.java:204)
	at org.apache.ratis.server.impl.LeaderElection.lambda$submitRequests$1(LeaderElection.java:234)
	at java.util.concurrent.FutureTask.run(FutureTask.java:266)
	at java.util.concurrent.Executors$RunnableAdapter.call(Executors.java:511)
	at java.util.concurrent.FutureTask.run(FutureTask.java:266)
	at java.util.concurrent.ThreadPoolExecutor.runWorker(ThreadPoolExecutor.java:1149)
	at java.util.concurrent.ThreadPoolExecutor$Worker.run(ThreadPoolExecutor.java:624)
	... 1 more
Caused by: org.apache.ratis.thirdparty.io.netty.channel.AbstractChannel$AnnotatedConnectException: Connection refused: /192.168.34.25:45248
	at sun.nio.ch.SocketChannelImpl.checkConnect(Native Method)
	at sun.nio.ch.SocketChannelImpl.finishConnect(SocketChannelImpl.java:717)
	at org.apache.ratis.thirdparty.io.netty.channel.socket.nio.NioSocketChannel.doFinishConnect(NioSocketChannel.java:327)
	at org.apache.ratis.thirdparty.io.netty.channel.nio.AbstractNioChannel$AbstractNioUnsafe.finishConnect(AbstractNioChannel.java:340)
	at org.apache.ratis.thirdparty.io.netty.channel.nio.NioEventLoop.processSelectedKey(NioEventLoop.java:632)
	at org.apache.ratis.thirdparty.io.netty.channel.nio.NioEventLoop.processSelectedKeysOptimized(NioEventLoop.java:579)
	at org.apache.ratis.thirdparty.io.netty.channel.nio.NioEventLoop.processSelectedKeys(NioEventLoop.java:496)
	at org.apache.ratis.thirdparty.io.netty.channel.nio.NioEventLoop.run(NioEventLoop.java:458)
	at org.apache.ratis.thirdparty.io.netty.util.concurrent.SingleThreadEventExecutor$5.run(SingleThreadEventExecutor.java:897)
	at org.apache.ratis.thirdparty.io.netty.util.concurrent.FastThreadLocalRunnable.run(FastThreadLocalRunnable.java:30)
	... 1 more
Caused by: java.net.ConnectException: Connection refused
	... 11 more
2019-10-18 07:24:13,810 [grpc-default-executor-14] INFO  impl.RaftServerImpl (RaftServerImpl.java:setRole(184)) - 5170c5f3-8499-4b42-9321-85fc8a351f79@group-BCB82A5C07F5: changes role from  FOLLOWER to FOLLOWER at term 192 for recognizeCandidate:12ad0800-05cb-443c-9fdd-fa1debf04523
2019-10-18 07:24:13,810 [grpc-default-executor-14] INFO  impl.RoleInfo (RoleInfo.java:shutdownFollowerState(121)) - 5170c5f3-8499-4b42-9321-85fc8a351f79: shutdown FollowerState
2019-10-18 07:24:13,810 [grpc-default-executor-14] INFO  impl.RoleInfo (RoleInfo.java:updateAndGet(143)) - 5170c5f3-8499-4b42-9321-85fc8a351f79: start FollowerState
2019-10-18 07:24:13,810 [Thread-10813] INFO  impl.FollowerState (FollowerState.java:run(117)) - 5170c5f3-8499-4b42-9321-85fc8a351f79@group-BCB82A5C07F5-FollowerState was interrupted: java.lang.InterruptedException: sleep interrupted
2019-10-18 07:24:13,833 [12ad0800-05cb-443c-9fdd-fa1debf04523@group-BCB82A5C07F5-LeaderElection1246] INFO  impl.LeaderElection (LeaderElection.java:logAndReturn(56)) - 12ad0800-05cb-443c-9fdd-fa1debf04523@group-BCB82A5C07F5-LeaderElection1246: Election REJECTED; received 1 response(s) [12ad0800-05cb-443c-9fdd-fa1debf04523<-5170c5f3-8499-4b42-9321-85fc8a351f79#0:FAIL-t192] and 1 exception(s); 12ad0800-05cb-443c-9fdd-fa1debf04523@group-BCB82A5C07F5:t192, leader=null, voted=12ad0800-05cb-443c-9fdd-fa1debf04523, raftlog=12ad0800-05cb-443c-9fdd-fa1debf04523@group-BCB82A5C07F5-SegmentedRaftLog:OPENED:c-1,f-1,i0, conf=-1: [12ad0800-05cb-443c-9fdd-fa1debf04523:192.168.34.25:41155, 5170c5f3-8499-4b42-9321-85fc8a351f79:192.168.34.25:43074, 0b10a9fc-47eb-4a2b-b664-8273d9d17379:192.168.34.25:45248], old=null
2019-10-18 07:24:13,834 [12ad0800-05cb-443c-9fdd-fa1debf04523@group-BCB82A5C07F5-LeaderElection1246] INFO  impl.LeaderElection (LogUtils.java:infoOrTrace(149)) -   Exception 0: {}
java.util.concurrent.ExecutionException: org.apache.ratis.thirdparty.io.grpc.StatusRuntimeException: UNAVAILABLE: io exception
	at java.util.concurrent.FutureTask.report(FutureTask.java:122)
	at java.util.concurrent.FutureTask.get(FutureTask.java:192)
	at org.apache.ratis.server.impl.LeaderElection.waitForResults(LeaderElection.java:259)
	at org.apache.ratis.server.impl.LeaderElection.askForVotes(LeaderElection.java:197)
	at org.apache.ratis.server.impl.LeaderElection.run(LeaderElection.java:133)
	at java.lang.Thread.run(Thread.java:748)
Caused by: org.apache.ratis.thirdparty.io.grpc.StatusRuntimeException: UNAVAILABLE: io exception
	at org.apache.ratis.thirdparty.io.grpc.stub.ClientCalls.toStatusRuntimeException(ClientCalls.java:233)
	at org.apache.ratis.thirdparty.io.grpc.stub.ClientCalls.getUnchecked(ClientCalls.java:214)
	at org.apache.ratis.thirdparty.io.grpc.stub.ClientCalls.blockingUnaryCall(ClientCalls.java:139)
	at org.apache.ratis.proto.grpc.RaftServerProtocolServiceGrpc$RaftServerProtocolServiceBlockingStub.requestVote(RaftServerProtocolServiceGrpc.java:265)
	at org.apache.ratis.grpc.server.GrpcServerProtocolClient.requestVote(GrpcServerProtocolClient.java:99)
	at org.apache.ratis.grpc.server.GrpcService.requestVote(GrpcService.java:204)
	at org.apache.ratis.server.impl.LeaderElection.lambda$submitRequests$1(LeaderElection.java:234)
	at java.util.concurrent.FutureTask.run(FutureTask.java:266)
	at java.util.concurrent.Executors$RunnableAdapter.call(Executors.java:511)
	at java.util.concurrent.FutureTask.run(FutureTask.java:266)
	at java.util.concurrent.ThreadPoolExecutor.runWorker(ThreadPoolExecutor.java:1149)
	at java.util.concurrent.ThreadPoolExecutor$Worker.run(ThreadPoolExecutor.java:624)
	... 1 more
Caused by: org.apache.ratis.thirdparty.io.netty.channel.AbstractChannel$AnnotatedConnectException: Connection refused: /192.168.34.25:45248
	at sun.nio.ch.SocketChannelImpl.checkConnect(Native Method)
	at sun.nio.ch.SocketChannelImpl.finishConnect(SocketChannelImpl.java:717)
	at org.apache.ratis.thirdparty.io.netty.channel.socket.nio.NioSocketChannel.doFinishConnect(NioSocketChannel.java:327)
	at org.apache.ratis.thirdparty.io.netty.channel.nio.AbstractNioChannel$AbstractNioUnsafe.finishConnect(AbstractNioChannel.java:340)
	at org.apache.ratis.thirdparty.io.netty.channel.nio.NioEventLoop.processSelectedKey(NioEventLoop.java:632)
	at org.apache.ratis.thirdparty.io.netty.channel.nio.NioEventLoop.processSelectedKeysOptimized(NioEventLoop.java:579)
	at org.apache.ratis.thirdparty.io.netty.channel.nio.NioEventLoop.processSelectedKeys(NioEventLoop.java:496)
	at org.apache.ratis.thirdparty.io.netty.channel.nio.NioEventLoop.run(NioEventLoop.java:458)
	at org.apache.ratis.thirdparty.io.netty.util.concurrent.SingleThreadEventExecutor$5.run(SingleThreadEventExecutor.java:897)
	at org.apache.ratis.thirdparty.io.netty.util.concurrent.FastThreadLocalRunnable.run(FastThreadLocalRunnable.java:30)
	... 1 more
Caused by: java.net.ConnectException: Connection refused
	... 11 more
2019-10-18 07:24:13,834 [12ad0800-05cb-443c-9fdd-fa1debf04523@group-BCB82A5C07F5-LeaderElection1246] INFO  impl.RaftServerImpl (RaftServerImpl.java:setRole(184)) - 12ad0800-05cb-443c-9fdd-fa1debf04523@group-BCB82A5C07F5: changes role from CANDIDATE to FOLLOWER at term 192 for DISCOVERED_A_NEW_TERM
2019-10-18 07:24:13,834 [12ad0800-05cb-443c-9fdd-fa1debf04523@group-BCB82A5C07F5-LeaderElection1246] INFO  impl.RoleInfo (RoleInfo.java:shutdownLeaderElection(134)) - 12ad0800-05cb-443c-9fdd-fa1debf04523: shutdown LeaderElection
2019-10-18 07:24:13,834 [12ad0800-05cb-443c-9fdd-fa1debf04523@group-BCB82A5C07F5-LeaderElection1246] INFO  impl.RoleInfo (RoleInfo.java:updateAndGet(143)) - 12ad0800-05cb-443c-9fdd-fa1debf04523: start FollowerState
2019-10-18 07:24:13,953 [Thread-10820] INFO  impl.FollowerState (FollowerState.java:run(108)) - 12ad0800-05cb-443c-9fdd-fa1debf04523@group-BCB82A5C07F5-FollowerState: change to CANDIDATE, lastRpcTime:119ms, electionTimeout:119ms
2019-10-18 07:24:13,953 [Thread-10820] INFO  impl.RoleInfo (RoleInfo.java:shutdownFollowerState(121)) - 12ad0800-05cb-443c-9fdd-fa1debf04523: shutdown FollowerState
2019-10-18 07:24:13,953 [Thread-10820] INFO  impl.RaftServerImpl (RaftServerImpl.java:setRole(184)) - 12ad0800-05cb-443c-9fdd-fa1debf04523@group-BCB82A5C07F5: changes role from  FOLLOWER to CANDIDATE at term 192 for changeToCandidate
2019-10-18 07:24:13,954 [Thread-10820] INFO  impl.RoleInfo (RoleInfo.java:updateAndGet(143)) - 12ad0800-05cb-443c-9fdd-fa1debf04523: start LeaderElection
2019-10-18 07:24:13,977 [12ad0800-05cb-443c-9fdd-fa1debf04523@group-BCB82A5C07F5-LeaderElection1247] INFO  impl.LeaderElection (LeaderElection.java:askForVotes(178)) - 12ad0800-05cb-443c-9fdd-fa1debf04523@group-BCB82A5C07F5-LeaderElection1247: begin an election at term 193 for -1: [12ad0800-05cb-443c-9fdd-fa1debf04523:192.168.34.25:41155, 5170c5f3-8499-4b42-9321-85fc8a351f79:192.168.34.25:43074, 0b10a9fc-47eb-4a2b-b664-8273d9d17379:192.168.34.25:45248], old=null
2019-10-18 07:24:13,978 [12ad0800-05cb-443c-9fdd-fa1debf04523@group-BCB82A5C07F5-LeaderElection1247] INFO  impl.LeaderElection (LogUtils.java:infoOrTrace(149)) - 12ad0800-05cb-443c-9fdd-fa1debf04523@group-BCB82A5C07F5-LeaderElection1247 got exception when requesting votes: {}
java.util.concurrent.ExecutionException: org.apache.ratis.thirdparty.io.grpc.StatusRuntimeException: UNAVAILABLE: io exception
	at java.util.concurrent.FutureTask.report(FutureTask.java:122)
	at java.util.concurrent.FutureTask.get(FutureTask.java:192)
	at org.apache.ratis.server.impl.LeaderElection.waitForResults(LeaderElection.java:259)
	at org.apache.ratis.server.impl.LeaderElection.askForVotes(LeaderElection.java:197)
	at org.apache.ratis.server.impl.LeaderElection.run(LeaderElection.java:133)
	at java.lang.Thread.run(Thread.java:748)
Caused by: org.apache.ratis.thirdparty.io.grpc.StatusRuntimeException: UNAVAILABLE: io exception
	at org.apache.ratis.thirdparty.io.grpc.stub.ClientCalls.toStatusRuntimeException(ClientCalls.java:233)
	at org.apache.ratis.thirdparty.io.grpc.stub.ClientCalls.getUnchecked(ClientCalls.java:214)
	at org.apache.ratis.thirdparty.io.grpc.stub.ClientCalls.blockingUnaryCall(ClientCalls.java:139)
	at org.apache.ratis.proto.grpc.RaftServerProtocolServiceGrpc$RaftServerProtocolServiceBlockingStub.requestVote(RaftServerProtocolServiceGrpc.java:265)
	at org.apache.ratis.grpc.server.GrpcServerProtocolClient.requestVote(GrpcServerProtocolClient.java:99)
	at org.apache.ratis.grpc.server.GrpcService.requestVote(GrpcService.java:204)
	at org.apache.ratis.server.impl.LeaderElection.lambda$submitRequests$1(LeaderElection.java:234)
	at java.util.concurrent.FutureTask.run(FutureTask.java:266)
	at java.util.concurrent.Executors$RunnableAdapter.call(Executors.java:511)
	at java.util.concurrent.FutureTask.run(FutureTask.java:266)
	at java.util.concurrent.ThreadPoolExecutor.runWorker(ThreadPoolExecutor.java:1149)
	at java.util.concurrent.ThreadPoolExecutor$Worker.run(ThreadPoolExecutor.java:624)
	... 1 more
Caused by: org.apache.ratis.thirdparty.io.netty.channel.AbstractChannel$AnnotatedConnectException: Connection refused: /192.168.34.25:45248
	at sun.nio.ch.SocketChannelImpl.checkConnect(Native Method)
	at sun.nio.ch.SocketChannelImpl.finishConnect(SocketChannelImpl.java:717)
	at org.apache.ratis.thirdparty.io.netty.channel.socket.nio.NioSocketChannel.doFinishConnect(NioSocketChannel.java:327)
	at org.apache.ratis.thirdparty.io.netty.channel.nio.AbstractNioChannel$AbstractNioUnsafe.finishConnect(AbstractNioChannel.java:340)
	at org.apache.ratis.thirdparty.io.netty.channel.nio.NioEventLoop.processSelectedKey(NioEventLoop.java:632)
	at org.apache.ratis.thirdparty.io.netty.channel.nio.NioEventLoop.processSelectedKeysOptimized(NioEventLoop.java:579)
	at org.apache.ratis.thirdparty.io.netty.channel.nio.NioEventLoop.processSelectedKeys(NioEventLoop.java:496)
	at org.apache.ratis.thirdparty.io.netty.channel.nio.NioEventLoop.run(NioEventLoop.java:458)
	at org.apache.ratis.thirdparty.io.netty.util.concurrent.SingleThreadEventExecutor$5.run(SingleThreadEventExecutor.java:897)
	at org.apache.ratis.thirdparty.io.netty.util.concurrent.FastThreadLocalRunnable.run(FastThreadLocalRunnable.java:30)
	... 1 more
Caused by: java.net.ConnectException: Connection refused
	... 11 more
2019-10-18 07:24:13,978 [grpc-default-executor-14] INFO  impl.RaftServerImpl (RaftServerImpl.java:setRole(184)) - 5170c5f3-8499-4b42-9321-85fc8a351f79@group-BCB82A5C07F5: changes role from  FOLLOWER to FOLLOWER at term 193 for recognizeCandidate:12ad0800-05cb-443c-9fdd-fa1debf04523
2019-10-18 07:24:13,978 [grpc-default-executor-14] INFO  impl.RoleInfo (RoleInfo.java:shutdownFollowerState(121)) - 5170c5f3-8499-4b42-9321-85fc8a351f79: shutdown FollowerState
2019-10-18 07:24:13,979 [grpc-default-executor-14] INFO  impl.RoleInfo (RoleInfo.java:updateAndGet(143)) - 5170c5f3-8499-4b42-9321-85fc8a351f79: start FollowerState
2019-10-18 07:24:13,979 [Thread-10819] INFO  impl.FollowerState (FollowerState.java:run(117)) - 5170c5f3-8499-4b42-9321-85fc8a351f79@group-BCB82A5C07F5-FollowerState was interrupted: java.lang.InterruptedException: sleep interrupted
2019-10-18 07:24:14,003 [12ad0800-05cb-443c-9fdd-fa1debf04523@group-BCB82A5C07F5-LeaderElection1247] INFO  impl.LeaderElection (LeaderElection.java:logAndReturn(56)) - 12ad0800-05cb-443c-9fdd-fa1debf04523@group-BCB82A5C07F5-LeaderElection1247: Election REJECTED; received 1 response(s) [12ad0800-05cb-443c-9fdd-fa1debf04523<-5170c5f3-8499-4b42-9321-85fc8a351f79#0:FAIL-t193] and 1 exception(s); 12ad0800-05cb-443c-9fdd-fa1debf04523@group-BCB82A5C07F5:t193, leader=null, voted=12ad0800-05cb-443c-9fdd-fa1debf04523, raftlog=12ad0800-05cb-443c-9fdd-fa1debf04523@group-BCB82A5C07F5-SegmentedRaftLog:OPENED:c-1,f-1,i0, conf=-1: [12ad0800-05cb-443c-9fdd-fa1debf04523:192.168.34.25:41155, 5170c5f3-8499-4b42-9321-85fc8a351f79:192.168.34.25:43074, 0b10a9fc-47eb-4a2b-b664-8273d9d17379:192.168.34.25:45248], old=null
2019-10-18 07:24:14,003 [12ad0800-05cb-443c-9fdd-fa1debf04523@group-BCB82A5C07F5-LeaderElection1247] INFO  impl.LeaderElection (LogUtils.java:infoOrTrace(149)) -   Exception 0: {}
java.util.concurrent.ExecutionException: org.apache.ratis.thirdparty.io.grpc.StatusRuntimeException: UNAVAILABLE: io exception
	at java.util.concurrent.FutureTask.report(FutureTask.java:122)
	at java.util.concurrent.FutureTask.get(FutureTask.java:192)
	at org.apache.ratis.server.impl.LeaderElection.waitForResults(LeaderElection.java:259)
	at org.apache.ratis.server.impl.LeaderElection.askForVotes(LeaderElection.java:197)
	at org.apache.ratis.server.impl.LeaderElection.run(LeaderElection.java:133)
	at java.lang.Thread.run(Thread.java:748)
Caused by: org.apache.ratis.thirdparty.io.grpc.StatusRuntimeException: UNAVAILABLE: io exception
	at org.apache.ratis.thirdparty.io.grpc.stub.ClientCalls.toStatusRuntimeException(ClientCalls.java:233)
	at org.apache.ratis.thirdparty.io.grpc.stub.ClientCalls.getUnchecked(ClientCalls.java:214)
	at org.apache.ratis.thirdparty.io.grpc.stub.ClientCalls.blockingUnaryCall(ClientCalls.java:139)
	at org.apache.ratis.proto.grpc.RaftServerProtocolServiceGrpc$RaftServerProtocolServiceBlockingStub.requestVote(RaftServerProtocolServiceGrpc.java:265)
	at org.apache.ratis.grpc.server.GrpcServerProtocolClient.requestVote(GrpcServerProtocolClient.java:99)
	at org.apache.ratis.grpc.server.GrpcService.requestVote(GrpcService.java:204)
	at org.apache.ratis.server.impl.LeaderElection.lambda$submitRequests$1(LeaderElection.java:234)
	at java.util.concurrent.FutureTask.run(FutureTask.java:266)
	at java.util.concurrent.Executors$RunnableAdapter.call(Executors.java:511)
	at java.util.concurrent.FutureTask.run(FutureTask.java:266)
	at java.util.concurrent.ThreadPoolExecutor.runWorker(ThreadPoolExecutor.java:1149)
	at java.util.concurrent.ThreadPoolExecutor$Worker.run(ThreadPoolExecutor.java:624)
	... 1 more
Caused by: org.apache.ratis.thirdparty.io.netty.channel.AbstractChannel$AnnotatedConnectException: Connection refused: /192.168.34.25:45248
	at sun.nio.ch.SocketChannelImpl.checkConnect(Native Method)
	at sun.nio.ch.SocketChannelImpl.finishConnect(SocketChannelImpl.java:717)
	at org.apache.ratis.thirdparty.io.netty.channel.socket.nio.NioSocketChannel.doFinishConnect(NioSocketChannel.java:327)
	at org.apache.ratis.thirdparty.io.netty.channel.nio.AbstractNioChannel$AbstractNioUnsafe.finishConnect(AbstractNioChannel.java:340)
	at org.apache.ratis.thirdparty.io.netty.channel.nio.NioEventLoop.processSelectedKey(NioEventLoop.java:632)
	at org.apache.ratis.thirdparty.io.netty.channel.nio.NioEventLoop.processSelectedKeysOptimized(NioEventLoop.java:579)
	at org.apache.ratis.thirdparty.io.netty.channel.nio.NioEventLoop.processSelectedKeys(NioEventLoop.java:496)
	at org.apache.ratis.thirdparty.io.netty.channel.nio.NioEventLoop.run(NioEventLoop.java:458)
	at org.apache.ratis.thirdparty.io.netty.util.concurrent.SingleThreadEventExecutor$5.run(SingleThreadEventExecutor.java:897)
	at org.apache.ratis.thirdparty.io.netty.util.concurrent.FastThreadLocalRunnable.run(FastThreadLocalRunnable.java:30)
	... 1 more
Caused by: java.net.ConnectException: Connection refused
	... 11 more
2019-10-18 07:24:14,003 [12ad0800-05cb-443c-9fdd-fa1debf04523@group-BCB82A5C07F5-LeaderElection1247] INFO  impl.RaftServerImpl (RaftServerImpl.java:setRole(184)) - 12ad0800-05cb-443c-9fdd-fa1debf04523@group-BCB82A5C07F5: changes role from CANDIDATE to FOLLOWER at term 193 for DISCOVERED_A_NEW_TERM
2019-10-18 07:24:14,003 [12ad0800-05cb-443c-9fdd-fa1debf04523@group-BCB82A5C07F5-LeaderElection1247] INFO  impl.RoleInfo (RoleInfo.java:shutdownLeaderElection(134)) - 12ad0800-05cb-443c-9fdd-fa1debf04523: shutdown LeaderElection
2019-10-18 07:24:14,004 [12ad0800-05cb-443c-9fdd-fa1debf04523@group-BCB82A5C07F5-LeaderElection1247] INFO  impl.RoleInfo (RoleInfo.java:updateAndGet(143)) - 12ad0800-05cb-443c-9fdd-fa1debf04523: start FollowerState
2019-10-18 07:24:14,139 [Thread-10825] INFO  impl.FollowerState (FollowerState.java:run(108)) - 12ad0800-05cb-443c-9fdd-fa1debf04523@group-BCB82A5C07F5-FollowerState: change to CANDIDATE, lastRpcTime:135ms, electionTimeout:135ms
2019-10-18 07:24:14,139 [Thread-10825] INFO  impl.RoleInfo (RoleInfo.java:shutdownFollowerState(121)) - 12ad0800-05cb-443c-9fdd-fa1debf04523: shutdown FollowerState
2019-10-18 07:24:14,139 [Thread-10825] INFO  impl.RaftServerImpl (RaftServerImpl.java:setRole(184)) - 12ad0800-05cb-443c-9fdd-fa1debf04523@group-BCB82A5C07F5: changes role from  FOLLOWER to CANDIDATE at term 193 for changeToCandidate
2019-10-18 07:24:14,139 [Thread-10825] INFO  impl.RoleInfo (RoleInfo.java:updateAndGet(143)) - 12ad0800-05cb-443c-9fdd-fa1debf04523: start LeaderElection
2019-10-18 07:24:14,260 [java.util.concurrent.ThreadPoolExecutor$Worker@1ddf09da[State = -1, empty queue]] WARN  server.GrpcLogAppender (GrpcLogAppender.java:timeoutAppendRequest(209)) - 030c2313-1c2c-4b42-81fb-cb58ee93f992@group-E193FE271C99->9712a796-5281-4f3e-ac85-61dedd90db73-GrpcLogAppender: appendEntries Timeout, request=030c2313-1c2c-4b42-81fb-cb58ee93f992->9712a796-5281-4f3e-ac85-61dedd90db73#55-t1, previous=(t:1, i:10), leaderCommit=10, initializing? false, entries: <empty>
2019-10-18 07:24:14,264 [12ad0800-05cb-443c-9fdd-fa1debf04523@group-BCB82A5C07F5-LeaderElection1248] INFO  impl.LeaderElection (LeaderElection.java:askForVotes(178)) - 12ad0800-05cb-443c-9fdd-fa1debf04523@group-BCB82A5C07F5-LeaderElection1248: begin an election at term 194 for -1: [12ad0800-05cb-443c-9fdd-fa1debf04523:192.168.34.25:41155, 5170c5f3-8499-4b42-9321-85fc8a351f79:192.168.34.25:43074, 0b10a9fc-47eb-4a2b-b664-8273d9d17379:192.168.34.25:45248], old=null
2019-10-18 07:24:14,265 [12ad0800-05cb-443c-9fdd-fa1debf04523@group-BCB82A5C07F5-LeaderElection1248] INFO  impl.LeaderElection (LogUtils.java:infoOrTrace(149)) - 12ad0800-05cb-443c-9fdd-fa1debf04523@group-BCB82A5C07F5-LeaderElection1248 got exception when requesting votes: {}
java.util.concurrent.ExecutionException: org.apache.ratis.thirdparty.io.grpc.StatusRuntimeException: UNAVAILABLE: io exception
	at java.util.concurrent.FutureTask.report(FutureTask.java:122)
	at java.util.concurrent.FutureTask.get(FutureTask.java:192)
	at org.apache.ratis.server.impl.LeaderElection.waitForResults(LeaderElection.java:259)
	at org.apache.ratis.server.impl.LeaderElection.askForVotes(LeaderElection.java:197)
	at org.apache.ratis.server.impl.LeaderElection.run(LeaderElection.java:133)
	at java.lang.Thread.run(Thread.java:748)
Caused by: org.apache.ratis.thirdparty.io.grpc.StatusRuntimeException: UNAVAILABLE: io exception
	at org.apache.ratis.thirdparty.io.grpc.stub.ClientCalls.toStatusRuntimeException(ClientCalls.java:233)
	at org.apache.ratis.thirdparty.io.grpc.stub.ClientCalls.getUnchecked(ClientCalls.java:214)
	at org.apache.ratis.thirdparty.io.grpc.stub.ClientCalls.blockingUnaryCall(ClientCalls.java:139)
	at org.apache.ratis.proto.grpc.RaftServerProtocolServiceGrpc$RaftServerProtocolServiceBlockingStub.requestVote(RaftServerProtocolServiceGrpc.java:265)
	at org.apache.ratis.grpc.server.GrpcServerProtocolClient.requestVote(GrpcServerProtocolClient.java:99)
	at org.apache.ratis.grpc.server.GrpcService.requestVote(GrpcService.java:204)
	at org.apache.ratis.server.impl.LeaderElection.lambda$submitRequests$1(LeaderElection.java:234)
	at java.util.concurrent.FutureTask.run(FutureTask.java:266)
	at java.util.concurrent.Executors$RunnableAdapter.call(Executors.java:511)
	at java.util.concurrent.FutureTask.run(FutureTask.java:266)
	at java.util.concurrent.ThreadPoolExecutor.runWorker(ThreadPoolExecutor.java:1149)
	at java.util.concurrent.ThreadPoolExecutor$Worker.run(ThreadPoolExecutor.java:624)
	... 1 more
Caused by: org.apache.ratis.thirdparty.io.netty.channel.AbstractChannel$AnnotatedConnectException: Connection refused: /192.168.34.25:45248
	at sun.nio.ch.SocketChannelImpl.checkConnect(Native Method)
	at sun.nio.ch.SocketChannelImpl.finishConnect(SocketChannelImpl.java:717)
	at org.apache.ratis.thirdparty.io.netty.channel.socket.nio.NioSocketChannel.doFinishConnect(NioSocketChannel.java:327)
	at org.apache.ratis.thirdparty.io.netty.channel.nio.AbstractNioChannel$AbstractNioUnsafe.finishConnect(AbstractNioChannel.java:340)
	at org.apache.ratis.thirdparty.io.netty.channel.nio.NioEventLoop.processSelectedKey(NioEventLoop.java:632)
	at org.apache.ratis.thirdparty.io.netty.channel.nio.NioEventLoop.processSelectedKeysOptimized(NioEventLoop.java:579)
	at org.apache.ratis.thirdparty.io.netty.channel.nio.NioEventLoop.processSelectedKeys(NioEventLoop.java:496)
	at org.apache.ratis.thirdparty.io.netty.channel.nio.NioEventLoop.run(NioEventLoop.java:458)
	at org.apache.ratis.thirdparty.io.netty.util.concurrent.SingleThreadEventExecutor$5.run(SingleThreadEventExecutor.java:897)
	at org.apache.ratis.thirdparty.io.netty.util.concurrent.FastThreadLocalRunnable.run(FastThreadLocalRunnable.java:30)
	... 1 more
Caused by: java.net.ConnectException: Connection refused
	... 11 more
2019-10-18 07:24:14,265 [grpc-default-executor-14] INFO  impl.RaftServerImpl (RaftServerImpl.java:setRole(184)) - 5170c5f3-8499-4b42-9321-85fc8a351f79@group-BCB82A5C07F5: changes role from  FOLLOWER to FOLLOWER at term 194 for recognizeCandidate:12ad0800-05cb-443c-9fdd-fa1debf04523
2019-10-18 07:24:14,265 [grpc-default-executor-14] INFO  impl.RoleInfo (RoleInfo.java:shutdownFollowerState(121)) - 5170c5f3-8499-4b42-9321-85fc8a351f79: shutdown FollowerState
2019-10-18 07:24:14,265 [grpc-default-executor-14] INFO  impl.RoleInfo (RoleInfo.java:updateAndGet(143)) - 5170c5f3-8499-4b42-9321-85fc8a351f79: start FollowerState
2019-10-18 07:24:14,265 [Thread-10824] INFO  impl.FollowerState (FollowerState.java:run(117)) - 5170c5f3-8499-4b42-9321-85fc8a351f79@group-BCB82A5C07F5-FollowerState was interrupted: java.lang.InterruptedException: sleep interrupted
2019-10-18 07:24:14,283 [12ad0800-05cb-443c-9fdd-fa1debf04523@group-BCB82A5C07F5-LeaderElection1248] INFO  impl.LeaderElection (LeaderElection.java:logAndReturn(56)) - 12ad0800-05cb-443c-9fdd-fa1debf04523@group-BCB82A5C07F5-LeaderElection1248: Election REJECTED; received 1 response(s) [12ad0800-05cb-443c-9fdd-fa1debf04523<-5170c5f3-8499-4b42-9321-85fc8a351f79#0:FAIL-t194] and 1 exception(s); 12ad0800-05cb-443c-9fdd-fa1debf04523@group-BCB82A5C07F5:t194, leader=null, voted=12ad0800-05cb-443c-9fdd-fa1debf04523, raftlog=12ad0800-05cb-443c-9fdd-fa1debf04523@group-BCB82A5C07F5-SegmentedRaftLog:OPENED:c-1,f-1,i0, conf=-1: [12ad0800-05cb-443c-9fdd-fa1debf04523:192.168.34.25:41155, 5170c5f3-8499-4b42-9321-85fc8a351f79:192.168.34.25:43074, 0b10a9fc-47eb-4a2b-b664-8273d9d17379:192.168.34.25:45248], old=null
2019-10-18 07:24:14,283 [12ad0800-05cb-443c-9fdd-fa1debf04523@group-BCB82A5C07F5-LeaderElection1248] INFO  impl.LeaderElection (LogUtils.java:infoOrTrace(149)) -   Exception 0: {}
java.util.concurrent.ExecutionException: org.apache.ratis.thirdparty.io.grpc.StatusRuntimeException: UNAVAILABLE: io exception
	at java.util.concurrent.FutureTask.report(FutureTask.java:122)
	at java.util.concurrent.FutureTask.get(FutureTask.java:192)
	at org.apache.ratis.server.impl.LeaderElection.waitForResults(LeaderElection.java:259)
	at org.apache.ratis.server.impl.LeaderElection.askForVotes(LeaderElection.java:197)
	at org.apache.ratis.server.impl.LeaderElection.run(LeaderElection.java:133)
	at java.lang.Thread.run(Thread.java:748)
Caused by: org.apache.ratis.thirdparty.io.grpc.StatusRuntimeException: UNAVAILABLE: io exception
	at org.apache.ratis.thirdparty.io.grpc.stub.ClientCalls.toStatusRuntimeException(ClientCalls.java:233)
	at org.apache.ratis.thirdparty.io.grpc.stub.ClientCalls.getUnchecked(ClientCalls.java:214)
	at org.apache.ratis.thirdparty.io.grpc.stub.ClientCalls.blockingUnaryCall(ClientCalls.java:139)
	at org.apache.ratis.proto.grpc.RaftServerProtocolServiceGrpc$RaftServerProtocolServiceBlockingStub.requestVote(RaftServerProtocolServiceGrpc.java:265)
	at org.apache.ratis.grpc.server.GrpcServerProtocolClient.requestVote(GrpcServerProtocolClient.java:99)
	at org.apache.ratis.grpc.server.GrpcService.requestVote(GrpcService.java:204)
	at org.apache.ratis.server.impl.LeaderElection.lambda$submitRequests$1(LeaderElection.java:234)
	at java.util.concurrent.FutureTask.run(FutureTask.java:266)
	at java.util.concurrent.Executors$RunnableAdapter.call(Executors.java:511)
	at java.util.concurrent.FutureTask.run(FutureTask.java:266)
	at java.util.concurrent.ThreadPoolExecutor.runWorker(ThreadPoolExecutor.java:1149)
	at java.util.concurrent.ThreadPoolExecutor$Worker.run(ThreadPoolExecutor.java:624)
	... 1 more
Caused by: org.apache.ratis.thirdparty.io.netty.channel.AbstractChannel$AnnotatedConnectException: Connection refused: /192.168.34.25:45248
	at sun.nio.ch.SocketChannelImpl.checkConnect(Native Method)
	at sun.nio.ch.SocketChannelImpl.finishConnect(SocketChannelImpl.java:717)
	at org.apache.ratis.thirdparty.io.netty.channel.socket.nio.NioSocketChannel.doFinishConnect(NioSocketChannel.java:327)
	at org.apache.ratis.thirdparty.io.netty.channel.nio.AbstractNioChannel$AbstractNioUnsafe.finishConnect(AbstractNioChannel.java:340)
	at org.apache.ratis.thirdparty.io.netty.channel.nio.NioEventLoop.processSelectedKey(NioEventLoop.java:632)
	at org.apache.ratis.thirdparty.io.netty.channel.nio.NioEventLoop.processSelectedKeysOptimized(NioEventLoop.java:579)
	at org.apache.ratis.thirdparty.io.netty.channel.nio.NioEventLoop.processSelectedKeys(NioEventLoop.java:496)
	at org.apache.ratis.thirdparty.io.netty.channel.nio.NioEventLoop.run(NioEventLoop.java:458)
	at org.apache.ratis.thirdparty.io.netty.util.concurrent.SingleThreadEventExecutor$5.run(SingleThreadEventExecutor.java:897)
	at org.apache.ratis.thirdparty.io.netty.util.concurrent.FastThreadLocalRunnable.run(FastThreadLocalRunnable.java:30)
	... 1 more
Caused by: java.net.ConnectException: Connection refused
	... 11 more
2019-10-18 07:24:14,283 [12ad0800-05cb-443c-9fdd-fa1debf04523@group-BCB82A5C07F5-LeaderElection1248] INFO  impl.RaftServerImpl (RaftServerImpl.java:setRole(184)) - 12ad0800-05cb-443c-9fdd-fa1debf04523@group-BCB82A5C07F5: changes role from CANDIDATE to FOLLOWER at term 194 for DISCOVERED_A_NEW_TERM
2019-10-18 07:24:14,283 [12ad0800-05cb-443c-9fdd-fa1debf04523@group-BCB82A5C07F5-LeaderElection1248] INFO  impl.RoleInfo (RoleInfo.java:shutdownLeaderElection(134)) - 12ad0800-05cb-443c-9fdd-fa1debf04523: shutdown LeaderElection
2019-10-18 07:24:14,283 [12ad0800-05cb-443c-9fdd-fa1debf04523@group-BCB82A5C07F5-LeaderElection1248] INFO  impl.RoleInfo (RoleInfo.java:updateAndGet(143)) - 12ad0800-05cb-443c-9fdd-fa1debf04523: start FollowerState
2019-10-18 07:24:14,397 [ForkJoinPool.commonPool-worker-0] INFO  ozoneimpl.OzoneContainer (OzoneContainer.java:stop(227)) - Attempting to stop container services.
2019-10-18 07:24:14,398 [ForkJoinPool.commonPool-worker-0] INFO  impl.RaftServerProxy (RaftServerProxy.java:lambda$close$4(314)) - 6633f50a-7046-4b08-9937-8e25f1b14b15: close
2019-10-18 07:24:14,398 [ForkJoinPool.commonPool-worker-0] INFO  impl.RaftServerImpl (RaftServerImpl.java:lambda$shutdown$3(261)) - 6633f50a-7046-4b08-9937-8e25f1b14b15@group-B04784ACDAAF: shutdown
2019-10-18 07:24:14,398 [ForkJoinPool.commonPool-worker-0] INFO  util.JmxRegister (JmxRegister.java:unregister(73)) - Successfully un-registered JMX Bean with object name Ratis:service=RaftServer,group=group-B04784ACDAAF,id=6633f50a-7046-4b08-9937-8e25f1b14b15
2019-10-18 07:24:14,398 [ForkJoinPool.commonPool-worker-0] INFO  impl.RoleInfo (RoleInfo.java:shutdownLeaderState(104)) - 6633f50a-7046-4b08-9937-8e25f1b14b15: shutdown LeaderState
2019-10-18 07:24:14,399 [ForkJoinPool.commonPool-worker-0] INFO  impl.PendingRequests (PendingRequests.java:sendNotLeaderResponses(202)) - 6633f50a-7046-4b08-9937-8e25f1b14b15@group-B04784ACDAAF-PendingRequests: sendNotLeaderResponses
2019-10-18 07:24:14,399 [ForkJoinPool.commonPool-worker-0] INFO  impl.StateMachineUpdater (StateMachineUpdater.java:stopAndJoin(136)) - 6633f50a-7046-4b08-9937-8e25f1b14b15@group-B04784ACDAAF-StateMachineUpdater: set stopIndex = 0
2019-10-18 07:24:14,399 [ForkJoinPool.commonPool-worker-0] INFO  impl.RaftServerImpl (ServerState.java:close(388)) - 6633f50a-7046-4b08-9937-8e25f1b14b15@group-B04784ACDAAF: closes. applyIndex: 0
2019-10-18 07:24:14,400 [6633f50a-7046-4b08-9937-8e25f1b14b15@group-B04784ACDAAF-SegmentedRaftLogWorker] INFO  segmented.SegmentedRaftLogWorker (SegmentedRaftLogWorker.java:run(316)) - 6633f50a-7046-4b08-9937-8e25f1b14b15@group-B04784ACDAAF-SegmentedRaftLogWorker was interrupted, exiting. There are 0 tasks remaining in the queue.
2019-10-18 07:24:14,404 [ForkJoinPool.commonPool-worker-0] INFO  segmented.SegmentedRaftLogWorker (SegmentedRaftLogWorker.java:close(224)) - 6633f50a-7046-4b08-9937-8e25f1b14b15@group-B04784ACDAAF-SegmentedRaftLogWorker close()
2019-10-18 07:24:14,408 [ForkJoinPool.commonPool-worker-0] INFO  impl.RaftServerImpl (RaftServerImpl.java:lambda$shutdown$3(261)) - 6633f50a-7046-4b08-9937-8e25f1b14b15@group-0C9C3B2D0CC1: shutdown
2019-10-18 07:24:14,409 [ForkJoinPool.commonPool-worker-0] INFO  util.JmxRegister (JmxRegister.java:unregister(73)) - Successfully un-registered JMX Bean with object name Ratis:service=RaftServer,group=group-0C9C3B2D0CC1,id=6633f50a-7046-4b08-9937-8e25f1b14b15
2019-10-18 07:24:14,409 [ForkJoinPool.commonPool-worker-0] INFO  impl.RoleInfo (RoleInfo.java:shutdownLeaderState(104)) - 6633f50a-7046-4b08-9937-8e25f1b14b15: shutdown LeaderState
2019-10-18 07:24:14,413 [ForkJoinPool.commonPool-worker-0] INFO  impl.PendingRequests (PendingRequests.java:sendNotLeaderResponses(202)) - 6633f50a-7046-4b08-9937-8e25f1b14b15@group-0C9C3B2D0CC1-PendingRequests: sendNotLeaderResponses
2019-10-18 07:24:14,413 [org.apache.ratis.server.impl.LogAppender$AppenderDaemon$$Lambda$418/427451389@1a3c1745] WARN  server.GrpcLogAppender (GrpcLogAppender.java:mayWait(149)) - 6633f50a-7046-4b08-9937-8e25f1b14b15@group-0C9C3B2D0CC1->67270882-100a-4e75-928d-618d17e069c8-GrpcLogAppender: Wait interrupted by java.lang.InterruptedException
2019-10-18 07:24:14,413 [org.apache.ratis.server.impl.LogAppender$AppenderDaemon$$Lambda$418/427451389@4b72e155] WARN  server.GrpcLogAppender (GrpcLogAppender.java:mayWait(149)) - 6633f50a-7046-4b08-9937-8e25f1b14b15@group-0C9C3B2D0CC1->4dea926d-4bc6-487a-9b9b-9fd457d0fae4-GrpcLogAppender: Wait interrupted by java.lang.InterruptedException
2019-10-18 07:24:14,416 [ForkJoinPool.commonPool-worker-0] INFO  impl.StateMachineUpdater (StateMachineUpdater.java:stopAndJoin(136)) - 6633f50a-7046-4b08-9937-8e25f1b14b15@group-0C9C3B2D0CC1-StateMachineUpdater: set stopIndex = 2
2019-10-18 07:24:14,416 [ForkJoinPool.commonPool-worker-0] INFO  impl.RaftServerImpl (ServerState.java:close(388)) - 6633f50a-7046-4b08-9937-8e25f1b14b15@group-0C9C3B2D0CC1: closes. applyIndex: 2
2019-10-18 07:24:14,416 [grpc-default-executor-14] INFO  server.GrpcServerProtocolService (GrpcServerProtocolService.java:onCompleted(113)) - 67270882-100a-4e75-928d-618d17e069c8: Completed APPEND_ENTRIES, lastRequest: 6633f50a-7046-4b08-9937-8e25f1b14b15->67270882-100a-4e75-928d-618d17e069c8#7-t150, previous=(t:150, i:2), leaderCommit=2, initializing? false, entries: <empty>
2019-10-18 07:24:14,416 [6633f50a-7046-4b08-9937-8e25f1b14b15@group-0C9C3B2D0CC1-SegmentedRaftLogWorker] INFO  segmented.SegmentedRaftLogWorker (SegmentedRaftLogWorker.java:run(316)) - 6633f50a-7046-4b08-9937-8e25f1b14b15@group-0C9C3B2D0CC1-SegmentedRaftLogWorker was interrupted, exiting. There are 0 tasks remaining in the queue.
2019-10-18 07:24:14,419 [ForkJoinPool.commonPool-worker-0] INFO  segmented.SegmentedRaftLogWorker (SegmentedRaftLogWorker.java:close(224)) - 6633f50a-7046-4b08-9937-8e25f1b14b15@group-0C9C3B2D0CC1-SegmentedRaftLogWorker close()
2019-10-18 07:24:14,419 [grpc-default-executor-4] INFO  server.GrpcLogAppender (GrpcLogAppender.java:onCompleted(308)) - 6633f50a-7046-4b08-9937-8e25f1b14b15@group-0C9C3B2D0CC1->67270882-100a-4e75-928d-618d17e069c8-AppendLogResponseHandler: follower responses appendEntries COMPLETED
2019-10-18 07:24:14,422 [ForkJoinPool.commonPool-worker-0] INFO  server.GrpcService (GrpcService.java:closeImpl(164)) - 6633f50a-7046-4b08-9937-8e25f1b14b15: shutdown server with port 39338 now
2019-10-18 07:24:14,423 [grpc-default-executor-4] INFO  impl.FollowerInfo (FollowerInfo.java:lambda$new$0(51)) - 6633f50a-7046-4b08-9937-8e25f1b14b15@group-0C9C3B2D0CC1->67270882-100a-4e75-928d-618d17e069c8: nextIndex: updateUnconditionally 3 -> 2
2019-10-18 07:24:14,423 [ForkJoinPool.commonPool-worker-0] INFO  server.GrpcService (GrpcService.java:closeImpl(172)) - 6633f50a-7046-4b08-9937-8e25f1b14b15: shutdown server with port 39338 successfully
2019-10-18 07:24:14,426 [refreshUsed-/workdir/hadoop-ozone/integration-test/target/test-dir/MiniOzoneClusterImpl-f216ddbe-e8b4-4355-85c5-09cf054ba290/datanode-3/data/containers] WARN  fs.CachingGetSpaceUsed (CachingGetSpaceUsed.java:run(183)) - Thread Interrupted waiting to refresh disk information: sleep interrupted
2019-10-18 07:24:14,426 [main] INFO  ozoneimpl.OzoneContainer (OzoneContainer.java:stop(227)) - Attempting to stop container services.
2019-10-18 07:24:14,427 [main] INFO  impl.RaftServerProxy (RaftServerProxy.java:lambda$close$4(314)) - 2dff5807-dc58-47fd-8302-31bc14eca994: close
2019-10-18 07:24:14,427 [main] INFO  impl.RaftServerImpl (RaftServerImpl.java:lambda$shutdown$3(261)) - 2dff5807-dc58-47fd-8302-31bc14eca994@group-5461EF06EF96: shutdown
2019-10-18 07:24:14,428 [main] INFO  util.JmxRegister (JmxRegister.java:unregister(73)) - Successfully un-registered JMX Bean with object name Ratis:service=RaftServer,group=group-5461EF06EF96,id=2dff5807-dc58-47fd-8302-31bc14eca994
2019-10-18 07:24:14,429 [main] INFO  impl.RoleInfo (RoleInfo.java:shutdownLeaderState(104)) - 2dff5807-dc58-47fd-8302-31bc14eca994: shutdown LeaderState
2019-10-18 07:24:14,429 [main] INFO  impl.PendingRequests (PendingRequests.java:sendNotLeaderResponses(202)) - 2dff5807-dc58-47fd-8302-31bc14eca994@group-5461EF06EF96-PendingRequests: sendNotLeaderResponses
2019-10-18 07:24:14,430 [main] INFO  impl.StateMachineUpdater (StateMachineUpdater.java:stopAndJoin(136)) - 2dff5807-dc58-47fd-8302-31bc14eca994@group-5461EF06EF96-StateMachineUpdater: set stopIndex = 0
2019-10-18 07:24:14,431 [main] INFO  impl.RaftServerImpl (ServerState.java:close(388)) - 2dff5807-dc58-47fd-8302-31bc14eca994@group-5461EF06EF96: closes. applyIndex: 0
2019-10-18 07:24:14,431 [2dff5807-dc58-47fd-8302-31bc14eca994@group-5461EF06EF96-SegmentedRaftLogWorker] INFO  segmented.SegmentedRaftLogWorker (SegmentedRaftLogWorker.java:run(316)) - 2dff5807-dc58-47fd-8302-31bc14eca994@group-5461EF06EF96-SegmentedRaftLogWorker was interrupted, exiting. There are 0 tasks remaining in the queue.
2019-10-18 07:24:14,433 [main] INFO  segmented.SegmentedRaftLogWorker (SegmentedRaftLogWorker.java:close(224)) - 2dff5807-dc58-47fd-8302-31bc14eca994@group-5461EF06EF96-SegmentedRaftLogWorker close()
2019-10-18 07:24:14,436 [main] INFO  server.GrpcService (GrpcService.java:closeImpl(164)) - 2dff5807-dc58-47fd-8302-31bc14eca994: shutdown server with port 37938 now
2019-10-18 07:24:14,438 [main] INFO  server.GrpcService (GrpcService.java:closeImpl(172)) - 2dff5807-dc58-47fd-8302-31bc14eca994: shutdown server with port 37938 successfully
2019-10-18 07:24:14,441 [refreshUsed-/workdir/hadoop-ozone/integration-test/target/test-dir/MiniOzoneClusterImpl-f216ddbe-e8b4-4355-85c5-09cf054ba290/datanode-6/data/containers] WARN  fs.CachingGetSpaceUsed (CachingGetSpaceUsed.java:run(183)) - Thread Interrupted waiting to refresh disk information: sleep interrupted
2019-10-18 07:24:14,441 [java.util.concurrent.ThreadPoolExecutor$Worker@6675c11e[State = -1, empty queue]] WARN  server.GrpcLogAppender (GrpcLogAppender.java:timeoutAppendRequest(209)) - 6633f50a-7046-4b08-9937-8e25f1b14b15@group-0C9C3B2D0CC1->4dea926d-4bc6-487a-9b9b-9fd457d0fae4-GrpcLogAppender: appendEntries Timeout, request=6633f50a-7046-4b08-9937-8e25f1b14b15->4dea926d-4bc6-487a-9b9b-9fd457d0fae4#0-t150, previous=(t:1, i:0), leaderCommit=-1, initializing? false, entries: <empty>
2019-10-18 07:24:14,452 [ForkJoinPool.commonPool-worker-0] INFO  utils.BackgroundService (BackgroundService.java:shutdown(151)) - Shutting down service BlockDeletingService
2019-10-18 07:24:14,456 [ForkJoinPool.commonPool-worker-0] INFO  statemachine.DatanodeStateMachine (DatanodeStateMachine.java:stopDaemon(395)) - Ozone container server stopped.
2019-10-18 07:24:14,461 [ForkJoinPool.commonPool-worker-0] INFO  handler.ContextHandler (ContextHandler.java:doStop(910)) - Stopped o.e.j.w.WebAppContext@3a109ff7{/,null,UNAVAILABLE}{/hddsDatanode}
2019-10-18 07:24:14,461 [ForkJoinPool.commonPool-worker-0] INFO  server.AbstractConnector (AbstractConnector.java:doStop(318)) - Stopped ServerConnector@111a7973{HTTP/1.1,[http/1.1]}{0.0.0.0:0}
2019-10-18 07:24:14,463 [ForkJoinPool.commonPool-worker-0] INFO  handler.ContextHandler (ContextHandler.java:doStop(910)) - Stopped o.e.j.s.ServletContextHandler@1abcd059{/static,jar:file:/home/user/.m2/repository/org/apache/hadoop/hadoop-hdds-container-service/0.5.0-SNAPSHOT/hadoop-hdds-container-service-0.5.0-SNAPSHOT.jar!/webapps/static,UNAVAILABLE}
2019-10-18 07:24:14,464 [ForkJoinPool.commonPool-worker-0] INFO  handler.ContextHandler (ContextHandler.java:doStop(910)) - Stopped o.e.j.s.ServletContextHandler@10e9a5fe{/logs,file:///workdir/hadoop-ozone/integration-test/target/log,UNAVAILABLE}
2019-10-18 07:24:14,468 [main] INFO  utils.BackgroundService (BackgroundService.java:shutdown(151)) - Shutting down service BlockDeletingService
2019-10-18 07:24:14,472 [main] INFO  statemachine.DatanodeStateMachine (DatanodeStateMachine.java:stopDaemon(395)) - Ozone container server stopped.
2019-10-18 07:24:14,473 [main] INFO  handler.ContextHandler (ContextHandler.java:doStop(910)) - Stopped o.e.j.w.WebAppContext@3f866f50{/,null,UNAVAILABLE}{/hddsDatanode}
2019-10-18 07:24:14,474 [main] INFO  server.AbstractConnector (AbstractConnector.java:doStop(318)) - Stopped ServerConnector@5844a2d1{HTTP/1.1,[http/1.1]}{0.0.0.0:0}
2019-10-18 07:24:14,474 [main] INFO  handler.ContextHandler (ContextHandler.java:doStop(910)) - Stopped o.e.j.s.ServletContextHandler@eaf8427{/static,jar:file:/home/user/.m2/repository/org/apache/hadoop/hadoop-hdds-container-service/0.5.0-SNAPSHOT/hadoop-hdds-container-service-0.5.0-SNAPSHOT.jar!/webapps/static,UNAVAILABLE}
2019-10-18 07:24:14,474 [main] INFO  handler.ContextHandler (ContextHandler.java:doStop(910)) - Stopped o.e.j.s.ServletContextHandler@24a04257{/logs,file:///workdir/hadoop-ozone/integration-test/target/log,UNAVAILABLE}
2019-10-18 07:24:14,477 [Thread-10832] INFO  impl.FollowerState (FollowerState.java:run(108)) - 12ad0800-05cb-443c-9fdd-fa1debf04523@group-BCB82A5C07F5-FollowerState: change to CANDIDATE, lastRpcTime:193ms, electionTimeout:193ms
2019-10-18 07:24:14,477 [Thread-10832] INFO  impl.RoleInfo (RoleInfo.java:shutdownFollowerState(121)) - 12ad0800-05cb-443c-9fdd-fa1debf04523: shutdown FollowerState
2019-10-18 07:24:14,477 [Thread-10832] INFO  impl.RaftServerImpl (RaftServerImpl.java:setRole(184)) - 12ad0800-05cb-443c-9fdd-fa1debf04523@group-BCB82A5C07F5: changes role from  FOLLOWER to CANDIDATE at term 194 for changeToCandidate
2019-10-18 07:24:14,477 [Thread-10832] INFO  impl.RoleInfo (RoleInfo.java:updateAndGet(143)) - 12ad0800-05cb-443c-9fdd-fa1debf04523: start LeaderElection
2019-10-18 07:24:14,501 [12ad0800-05cb-443c-9fdd-fa1debf04523@group-BCB82A5C07F5-LeaderElection1249] INFO  impl.LeaderElection (LeaderElection.java:askForVotes(178)) - 12ad0800-05cb-443c-9fdd-fa1debf04523@group-BCB82A5C07F5-LeaderElection1249: begin an election at term 195 for -1: [12ad0800-05cb-443c-9fdd-fa1debf04523:192.168.34.25:41155, 5170c5f3-8499-4b42-9321-85fc8a351f79:192.168.34.25:43074, 0b10a9fc-47eb-4a2b-b664-8273d9d17379:192.168.34.25:45248], old=null
2019-10-18 07:24:14,502 [12ad0800-05cb-443c-9fdd-fa1debf04523@group-BCB82A5C07F5-LeaderElection1249] INFO  impl.LeaderElection (LogUtils.java:infoOrTrace(149)) - 12ad0800-05cb-443c-9fdd-fa1debf04523@group-BCB82A5C07F5-LeaderElection1249 got exception when requesting votes: {}
java.util.concurrent.ExecutionException: org.apache.ratis.thirdparty.io.grpc.StatusRuntimeException: UNAVAILABLE: io exception
	at java.util.concurrent.FutureTask.report(FutureTask.java:122)
	at java.util.concurrent.FutureTask.get(FutureTask.java:192)
	at org.apache.ratis.server.impl.LeaderElection.waitForResults(LeaderElection.java:259)
	at org.apache.ratis.server.impl.LeaderElection.askForVotes(LeaderElection.java:197)
	at org.apache.ratis.server.impl.LeaderElection.run(LeaderElection.java:133)
	at java.lang.Thread.run(Thread.java:748)
Caused by: org.apache.ratis.thirdparty.io.grpc.StatusRuntimeException: UNAVAILABLE: io exception
	at org.apache.ratis.thirdparty.io.grpc.stub.ClientCalls.toStatusRuntimeException(ClientCalls.java:233)
	at org.apache.ratis.thirdparty.io.grpc.stub.ClientCalls.getUnchecked(ClientCalls.java:214)
	at org.apache.ratis.thirdparty.io.grpc.stub.ClientCalls.blockingUnaryCall(ClientCalls.java:139)
	at org.apache.ratis.proto.grpc.RaftServerProtocolServiceGrpc$RaftServerProtocolServiceBlockingStub.requestVote(RaftServerProtocolServiceGrpc.java:265)
	at org.apache.ratis.grpc.server.GrpcServerProtocolClient.requestVote(GrpcServerProtocolClient.java:99)
	at org.apache.ratis.grpc.server.GrpcService.requestVote(GrpcService.java:204)
	at org.apache.ratis.server.impl.LeaderElection.lambda$submitRequests$1(LeaderElection.java:234)
	at java.util.concurrent.FutureTask.run(FutureTask.java:266)
	at java.util.concurrent.Executors$RunnableAdapter.call(Executors.java:511)
	at java.util.concurrent.FutureTask.run(FutureTask.java:266)
	at java.util.concurrent.ThreadPoolExecutor.runWorker(ThreadPoolExecutor.java:1149)
	at java.util.concurrent.ThreadPoolExecutor$Worker.run(ThreadPoolExecutor.java:624)
	... 1 more
Caused by: org.apache.ratis.thirdparty.io.netty.channel.AbstractChannel$AnnotatedConnectException: Connection refused: /192.168.34.25:45248
	at sun.nio.ch.SocketChannelImpl.checkConnect(Native Method)
	at sun.nio.ch.SocketChannelImpl.finishConnect(SocketChannelImpl.java:717)
	at org.apache.ratis.thirdparty.io.netty.channel.socket.nio.NioSocketChannel.doFinishConnect(NioSocketChannel.java:327)
	at org.apache.ratis.thirdparty.io.netty.channel.nio.AbstractNioChannel$AbstractNioUnsafe.finishConnect(AbstractNioChannel.java:340)
	at org.apache.ratis.thirdparty.io.netty.channel.nio.NioEventLoop.processSelectedKey(NioEventLoop.java:632)
	at org.apache.ratis.thirdparty.io.netty.channel.nio.NioEventLoop.processSelectedKeysOptimized(NioEventLoop.java:579)
	at org.apache.ratis.thirdparty.io.netty.channel.nio.NioEventLoop.processSelectedKeys(NioEventLoop.java:496)
	at org.apache.ratis.thirdparty.io.netty.channel.nio.NioEventLoop.run(NioEventLoop.java:458)
	at org.apache.ratis.thirdparty.io.netty.util.concurrent.SingleThreadEventExecutor$5.run(SingleThreadEventExecutor.java:897)
	at org.apache.ratis.thirdparty.io.netty.util.concurrent.FastThreadLocalRunnable.run(FastThreadLocalRunnable.java:30)
	... 1 more
Caused by: java.net.ConnectException: Connection refused
	... 11 more
2019-10-18 07:24:14,502 [grpc-default-executor-4] INFO  impl.RaftServerImpl (RaftServerImpl.java:setRole(184)) - 5170c5f3-8499-4b42-9321-85fc8a351f79@group-BCB82A5C07F5: changes role from  FOLLOWER to FOLLOWER at term 195 for recognizeCandidate:12ad0800-05cb-443c-9fdd-fa1debf04523
2019-10-18 07:24:14,502 [grpc-default-executor-4] INFO  impl.RoleInfo (RoleInfo.java:shutdownFollowerState(121)) - 5170c5f3-8499-4b42-9321-85fc8a351f79: shutdown FollowerState
2019-10-18 07:24:14,502 [grpc-default-executor-4] INFO  impl.RoleInfo (RoleInfo.java:updateAndGet(143)) - 5170c5f3-8499-4b42-9321-85fc8a351f79: start FollowerState
2019-10-18 07:24:14,502 [Thread-10830] INFO  impl.FollowerState (FollowerState.java:run(117)) - 5170c5f3-8499-4b42-9321-85fc8a351f79@group-BCB82A5C07F5-FollowerState was interrupted: java.lang.InterruptedException: sleep interrupted
2019-10-18 07:24:14,525 [12ad0800-05cb-443c-9fdd-fa1debf04523@group-BCB82A5C07F5-LeaderElection1249] INFO  impl.LeaderElection (LeaderElection.java:logAndReturn(56)) - 12ad0800-05cb-443c-9fdd-fa1debf04523@group-BCB82A5C07F5-LeaderElection1249: Election REJECTED; received 1 response(s) [12ad0800-05cb-443c-9fdd-fa1debf04523<-5170c5f3-8499-4b42-9321-85fc8a351f79#0:FAIL-t195] and 1 exception(s); 12ad0800-05cb-443c-9fdd-fa1debf04523@group-BCB82A5C07F5:t195, leader=null, voted=12ad0800-05cb-443c-9fdd-fa1debf04523, raftlog=12ad0800-05cb-443c-9fdd-fa1debf04523@group-BCB82A5C07F5-SegmentedRaftLog:OPENED:c-1,f-1,i0, conf=-1: [12ad0800-05cb-443c-9fdd-fa1debf04523:192.168.34.25:41155, 5170c5f3-8499-4b42-9321-85fc8a351f79:192.168.34.25:43074, 0b10a9fc-47eb-4a2b-b664-8273d9d17379:192.168.34.25:45248], old=null
2019-10-18 07:24:14,525 [12ad0800-05cb-443c-9fdd-fa1debf04523@group-BCB82A5C07F5-LeaderElection1249] INFO  impl.LeaderElection (LogUtils.java:infoOrTrace(149)) -   Exception 0: {}
java.util.concurrent.ExecutionException: org.apache.ratis.thirdparty.io.grpc.StatusRuntimeException: UNAVAILABLE: io exception
	at java.util.concurrent.FutureTask.report(FutureTask.java:122)
	at java.util.concurrent.FutureTask.get(FutureTask.java:192)
	at org.apache.ratis.server.impl.LeaderElection.waitForResults(LeaderElection.java:259)
	at org.apache.ratis.server.impl.LeaderElection.askForVotes(LeaderElection.java:197)
	at org.apache.ratis.server.impl.LeaderElection.run(LeaderElection.java:133)
	at java.lang.Thread.run(Thread.java:748)
Caused by: org.apache.ratis.thirdparty.io.grpc.StatusRuntimeException: UNAVAILABLE: io exception
	at org.apache.ratis.thirdparty.io.grpc.stub.ClientCalls.toStatusRuntimeException(ClientCalls.java:233)
	at org.apache.ratis.thirdparty.io.grpc.stub.ClientCalls.getUnchecked(ClientCalls.java:214)
	at org.apache.ratis.thirdparty.io.grpc.stub.ClientCalls.blockingUnaryCall(ClientCalls.java:139)
	at org.apache.ratis.proto.grpc.RaftServerProtocolServiceGrpc$RaftServerProtocolServiceBlockingStub.requestVote(RaftServerProtocolServiceGrpc.java:265)
	at org.apache.ratis.grpc.server.GrpcServerProtocolClient.requestVote(GrpcServerProtocolClient.java:99)
	at org.apache.ratis.grpc.server.GrpcService.requestVote(GrpcService.java:204)
	at org.apache.ratis.server.impl.LeaderElection.lambda$submitRequests$1(LeaderElection.java:234)
	at java.util.concurrent.FutureTask.run(FutureTask.java:266)
	at java.util.concurrent.Executors$RunnableAdapter.call(Executors.java:511)
	at java.util.concurrent.FutureTask.run(FutureTask.java:266)
	at java.util.concurrent.ThreadPoolExecutor.runWorker(ThreadPoolExecutor.java:1149)
	at java.util.concurrent.ThreadPoolExecutor$Worker.run(ThreadPoolExecutor.java:624)
	... 1 more
Caused by: org.apache.ratis.thirdparty.io.netty.channel.AbstractChannel$AnnotatedConnectException: Connection refused: /192.168.34.25:45248
	at sun.nio.ch.SocketChannelImpl.checkConnect(Native Method)
	at sun.nio.ch.SocketChannelImpl.finishConnect(SocketChannelImpl.java:717)
	at org.apache.ratis.thirdparty.io.netty.channel.socket.nio.NioSocketChannel.doFinishConnect(NioSocketChannel.java:327)
	at org.apache.ratis.thirdparty.io.netty.channel.nio.AbstractNioChannel$AbstractNioUnsafe.finishConnect(AbstractNioChannel.java:340)
	at org.apache.ratis.thirdparty.io.netty.channel.nio.NioEventLoop.processSelectedKey(NioEventLoop.java:632)
	at org.apache.ratis.thirdparty.io.netty.channel.nio.NioEventLoop.processSelectedKeysOptimized(NioEventLoop.java:579)
	at org.apache.ratis.thirdparty.io.netty.channel.nio.NioEventLoop.processSelectedKeys(NioEventLoop.java:496)
	at org.apache.ratis.thirdparty.io.netty.channel.nio.NioEventLoop.run(NioEventLoop.java:458)
	at org.apache.ratis.thirdparty.io.netty.util.concurrent.SingleThreadEventExecutor$5.run(SingleThreadEventExecutor.java:897)
	at org.apache.ratis.thirdparty.io.netty.util.concurrent.FastThreadLocalRunnable.run(FastThreadLocalRunnable.java:30)
	... 1 more
Caused by: java.net.ConnectException: Connection refused
	... 11 more
2019-10-18 07:24:14,526 [12ad0800-05cb-443c-9fdd-fa1debf04523@group-BCB82A5C07F5-LeaderElection1249] INFO  impl.RaftServerImpl (RaftServerImpl.java:setRole(184)) - 12ad0800-05cb-443c-9fdd-fa1debf04523@group-BCB82A5C07F5: changes role from CANDIDATE to FOLLOWER at term 195 for DISCOVERED_A_NEW_TERM
2019-10-18 07:24:14,526 [12ad0800-05cb-443c-9fdd-fa1debf04523@group-BCB82A5C07F5-LeaderElection1249] INFO  impl.RoleInfo (RoleInfo.java:shutdownLeaderElection(134)) - 12ad0800-05cb-443c-9fdd-fa1debf04523: shutdown LeaderElection
2019-10-18 07:24:14,526 [12ad0800-05cb-443c-9fdd-fa1debf04523@group-BCB82A5C07F5-LeaderElection1249] INFO  impl.RoleInfo (RoleInfo.java:updateAndGet(143)) - 12ad0800-05cb-443c-9fdd-fa1debf04523: start FollowerState
2019-10-18 07:24:14,552 [Thread-10837] INFO  impl.FollowerState (FollowerState.java:run(108)) - 12ad0800-05cb-443c-9fdd-fa1debf04523@group-BCB82A5C07F5-FollowerState: change to CANDIDATE, lastRpcTime:26ms, electionTimeout:26ms
2019-10-18 07:24:14,552 [Thread-10837] INFO  impl.RoleInfo (RoleInfo.java:shutdownFollowerState(121)) - 12ad0800-05cb-443c-9fdd-fa1debf04523: shutdown FollowerState
2019-10-18 07:24:14,552 [Thread-10837] INFO  impl.RaftServerImpl (RaftServerImpl.java:setRole(184)) - 12ad0800-05cb-443c-9fdd-fa1debf04523@group-BCB82A5C07F5: changes role from  FOLLOWER to CANDIDATE at term 195 for changeToCandidate
2019-10-18 07:24:14,552 [Thread-10837] INFO  impl.RoleInfo (RoleInfo.java:updateAndGet(143)) - 12ad0800-05cb-443c-9fdd-fa1debf04523: start LeaderElection
2019-10-18 07:24:14,565 [Datanode State Machine Thread - 0] INFO  statemachine.DatanodeStateMachine (DatanodeStateMachine.java:lambda$startDaemon$0(350)) - Ozone container server started.
2019-10-18 07:24:14,575 [12ad0800-05cb-443c-9fdd-fa1debf04523@group-BCB82A5C07F5-LeaderElection1250] INFO  impl.LeaderElection (LeaderElection.java:askForVotes(178)) - 12ad0800-05cb-443c-9fdd-fa1debf04523@group-BCB82A5C07F5-LeaderElection1250: begin an election at term 196 for -1: [12ad0800-05cb-443c-9fdd-fa1debf04523:192.168.34.25:41155, 5170c5f3-8499-4b42-9321-85fc8a351f79:192.168.34.25:43074, 0b10a9fc-47eb-4a2b-b664-8273d9d17379:192.168.34.25:45248], old=null
2019-10-18 07:24:14,576 [12ad0800-05cb-443c-9fdd-fa1debf04523@group-BCB82A5C07F5-LeaderElection1250] INFO  impl.LeaderElection (LogUtils.java:infoOrTrace(149)) - 12ad0800-05cb-443c-9fdd-fa1debf04523@group-BCB82A5C07F5-LeaderElection1250 got exception when requesting votes: {}
java.util.concurrent.ExecutionException: org.apache.ratis.thirdparty.io.grpc.StatusRuntimeException: UNAVAILABLE: io exception
	at java.util.concurrent.FutureTask.report(FutureTask.java:122)
	at java.util.concurrent.FutureTask.get(FutureTask.java:192)
	at org.apache.ratis.server.impl.LeaderElection.waitForResults(LeaderElection.java:259)
	at org.apache.ratis.server.impl.LeaderElection.askForVotes(LeaderElection.java:197)
	at org.apache.ratis.server.impl.LeaderElection.run(LeaderElection.java:133)
	at java.lang.Thread.run(Thread.java:748)
Caused by: org.apache.ratis.thirdparty.io.grpc.StatusRuntimeException: UNAVAILABLE: io exception
	at org.apache.ratis.thirdparty.io.grpc.stub.ClientCalls.toStatusRuntimeException(ClientCalls.java:233)
	at org.apache.ratis.thirdparty.io.grpc.stub.ClientCalls.getUnchecked(ClientCalls.java:214)
	at org.apache.ratis.thirdparty.io.grpc.stub.ClientCalls.blockingUnaryCall(ClientCalls.java:139)
	at org.apache.ratis.proto.grpc.RaftServerProtocolServiceGrpc$RaftServerProtocolServiceBlockingStub.requestVote(RaftServerProtocolServiceGrpc.java:265)
	at org.apache.ratis.grpc.server.GrpcServerProtocolClient.requestVote(GrpcServerProtocolClient.java:99)
	at org.apache.ratis.grpc.server.GrpcService.requestVote(GrpcService.java:204)
	at org.apache.ratis.server.impl.LeaderElection.lambda$submitRequests$1(LeaderElection.java:234)
	at java.util.concurrent.FutureTask.run(FutureTask.java:266)
	at java.util.concurrent.Executors$RunnableAdapter.call(Executors.java:511)
	at java.util.concurrent.FutureTask.run(FutureTask.java:266)
	at java.util.concurrent.ThreadPoolExecutor.runWorker(ThreadPoolExecutor.java:1149)
	at java.util.concurrent.ThreadPoolExecutor$Worker.run(ThreadPoolExecutor.java:624)
	... 1 more
Caused by: org.apache.ratis.thirdparty.io.netty.channel.AbstractChannel$AnnotatedConnectException: Connection refused: /192.168.34.25:45248
	at sun.nio.ch.SocketChannelImpl.checkConnect(Native Method)
	at sun.nio.ch.SocketChannelImpl.finishConnect(SocketChannelImpl.java:717)
	at org.apache.ratis.thirdparty.io.netty.channel.socket.nio.NioSocketChannel.doFinishConnect(NioSocketChannel.java:327)
	at org.apache.ratis.thirdparty.io.netty.channel.nio.AbstractNioChannel$AbstractNioUnsafe.finishConnect(AbstractNioChannel.java:340)
	at org.apache.ratis.thirdparty.io.netty.channel.nio.NioEventLoop.processSelectedKey(NioEventLoop.java:632)
	at org.apache.ratis.thirdparty.io.netty.channel.nio.NioEventLoop.processSelectedKeysOptimized(NioEventLoop.java:579)
	at org.apache.ratis.thirdparty.io.netty.channel.nio.NioEventLoop.processSelectedKeys(NioEventLoop.java:496)
	at org.apache.ratis.thirdparty.io.netty.channel.nio.NioEventLoop.run(NioEventLoop.java:458)
	at org.apache.ratis.thirdparty.io.netty.util.concurrent.SingleThreadEventExecutor$5.run(SingleThreadEventExecutor.java:897)
	at org.apache.ratis.thirdparty.io.netty.util.concurrent.FastThreadLocalRunnable.run(FastThreadLocalRunnable.java:30)
	... 1 more
Caused by: java.net.ConnectException: Connection refused
	... 11 more
2019-10-18 07:24:14,576 [grpc-default-executor-4] INFO  impl.RaftServerImpl (RaftServerImpl.java:setRole(184)) - 5170c5f3-8499-4b42-9321-85fc8a351f79@group-BCB82A5C07F5: changes role from  FOLLOWER to FOLLOWER at term 196 for recognizeCandidate:12ad0800-05cb-443c-9fdd-fa1debf04523
2019-10-18 07:24:14,577 [grpc-default-executor-4] INFO  impl.RoleInfo (RoleInfo.java:shutdownFollowerState(121)) - 5170c5f3-8499-4b42-9321-85fc8a351f79: shutdown FollowerState
2019-10-18 07:24:14,577 [grpc-default-executor-4] INFO  impl.RoleInfo (RoleInfo.java:updateAndGet(143)) - 5170c5f3-8499-4b42-9321-85fc8a351f79: start FollowerState
2019-10-18 07:24:14,577 [Thread-10836] INFO  impl.FollowerState (FollowerState.java:run(117)) - 5170c5f3-8499-4b42-9321-85fc8a351f79@group-BCB82A5C07F5-FollowerState was interrupted: java.lang.InterruptedException: sleep interrupted
2019-10-18 07:24:14,601 [12ad0800-05cb-443c-9fdd-fa1debf04523@group-BCB82A5C07F5-LeaderElection1250] INFO  impl.LeaderElection (LeaderElection.java:logAndReturn(56)) - 12ad0800-05cb-443c-9fdd-fa1debf04523@group-BCB82A5C07F5-LeaderElection1250: Election REJECTED; received 1 response(s) [12ad0800-05cb-443c-9fdd-fa1debf04523<-5170c5f3-8499-4b42-9321-85fc8a351f79#0:FAIL-t196] and 1 exception(s); 12ad0800-05cb-443c-9fdd-fa1debf04523@group-BCB82A5C07F5:t196, leader=null, voted=12ad0800-05cb-443c-9fdd-fa1debf04523, raftlog=12ad0800-05cb-443c-9fdd-fa1debf04523@group-BCB82A5C07F5-SegmentedRaftLog:OPENED:c-1,f-1,i0, conf=-1: [12ad0800-05cb-443c-9fdd-fa1debf04523:192.168.34.25:41155, 5170c5f3-8499-4b42-9321-85fc8a351f79:192.168.34.25:43074, 0b10a9fc-47eb-4a2b-b664-8273d9d17379:192.168.34.25:45248], old=null
2019-10-18 07:24:14,601 [12ad0800-05cb-443c-9fdd-fa1debf04523@group-BCB82A5C07F5-LeaderElection1250] INFO  impl.LeaderElection (LogUtils.java:infoOrTrace(149)) -   Exception 0: {}
java.util.concurrent.ExecutionException: org.apache.ratis.thirdparty.io.grpc.StatusRuntimeException: UNAVAILABLE: io exception
	at java.util.concurrent.FutureTask.report(FutureTask.java:122)
	at java.util.concurrent.FutureTask.get(FutureTask.java:192)
	at org.apache.ratis.server.impl.LeaderElection.waitForResults(LeaderElection.java:259)
	at org.apache.ratis.server.impl.LeaderElection.askForVotes(LeaderElection.java:197)
	at org.apache.ratis.server.impl.LeaderElection.run(LeaderElection.java:133)
	at java.lang.Thread.run(Thread.java:748)
Caused by: org.apache.ratis.thirdparty.io.grpc.StatusRuntimeException: UNAVAILABLE: io exception
	at org.apache.ratis.thirdparty.io.grpc.stub.ClientCalls.toStatusRuntimeException(ClientCalls.java:233)
	at org.apache.ratis.thirdparty.io.grpc.stub.ClientCalls.getUnchecked(ClientCalls.java:214)
	at org.apache.ratis.thirdparty.io.grpc.stub.ClientCalls.blockingUnaryCall(ClientCalls.java:139)
	at org.apache.ratis.proto.grpc.RaftServerProtocolServiceGrpc$RaftServerProtocolServiceBlockingStub.requestVote(RaftServerProtocolServiceGrpc.java:265)
	at org.apache.ratis.grpc.server.GrpcServerProtocolClient.requestVote(GrpcServerProtocolClient.java:99)
	at org.apache.ratis.grpc.server.GrpcService.requestVote(GrpcService.java:204)
	at org.apache.ratis.server.impl.LeaderElection.lambda$submitRequests$1(LeaderElection.java:234)
	at java.util.concurrent.FutureTask.run(FutureTask.java:266)
	at java.util.concurrent.Executors$RunnableAdapter.call(Executors.java:511)
	at java.util.concurrent.FutureTask.run(FutureTask.java:266)
	at java.util.concurrent.ThreadPoolExecutor.runWorker(ThreadPoolExecutor.java:1149)
	at java.util.concurrent.ThreadPoolExecutor$Worker.run(ThreadPoolExecutor.java:624)
	... 1 more
Caused by: org.apache.ratis.thirdparty.io.netty.channel.AbstractChannel$AnnotatedConnectException: Connection refused: /192.168.34.25:45248
	at sun.nio.ch.SocketChannelImpl.checkConnect(Native Method)
	at sun.nio.ch.SocketChannelImpl.finishConnect(SocketChannelImpl.java:717)
	at org.apache.ratis.thirdparty.io.netty.channel.socket.nio.NioSocketChannel.doFinishConnect(NioSocketChannel.java:327)
	at org.apache.ratis.thirdparty.io.netty.channel.nio.AbstractNioChannel$AbstractNioUnsafe.finishConnect(AbstractNioChannel.java:340)
	at org.apache.ratis.thirdparty.io.netty.channel.nio.NioEventLoop.processSelectedKey(NioEventLoop.java:632)
	at org.apache.ratis.thirdparty.io.netty.channel.nio.NioEventLoop.processSelectedKeysOptimized(NioEventLoop.java:579)
	at org.apache.ratis.thirdparty.io.netty.channel.nio.NioEventLoop.processSelectedKeys(NioEventLoop.java:496)
	at org.apache.ratis.thirdparty.io.netty.channel.nio.NioEventLoop.run(NioEventLoop.java:458)
	at org.apache.ratis.thirdparty.io.netty.util.concurrent.SingleThreadEventExecutor$5.run(SingleThreadEventExecutor.java:897)
	at org.apache.ratis.thirdparty.io.netty.util.concurrent.FastThreadLocalRunnable.run(FastThreadLocalRunnable.java:30)
	... 1 more
Caused by: java.net.ConnectException: Connection refused
	... 11 more
2019-10-18 07:24:14,601 [12ad0800-05cb-443c-9fdd-fa1debf04523@group-BCB82A5C07F5-LeaderElection1250] INFO  impl.RaftServerImpl (RaftServerImpl.java:setRole(184)) - 12ad0800-05cb-443c-9fdd-fa1debf04523@group-BCB82A5C07F5: changes role from CANDIDATE to FOLLOWER at term 196 for DISCOVERED_A_NEW_TERM
2019-10-18 07:24:14,601 [12ad0800-05cb-443c-9fdd-fa1debf04523@group-BCB82A5C07F5-LeaderElection1250] INFO  impl.RoleInfo (RoleInfo.java:shutdownLeaderElection(134)) - 12ad0800-05cb-443c-9fdd-fa1debf04523: shutdown LeaderElection
2019-10-18 07:24:14,601 [12ad0800-05cb-443c-9fdd-fa1debf04523@group-BCB82A5C07F5-LeaderElection1250] INFO  impl.RoleInfo (RoleInfo.java:updateAndGet(143)) - 12ad0800-05cb-443c-9fdd-fa1debf04523: start FollowerState
2019-10-18 07:24:14,750 [Thread-10842] INFO  impl.FollowerState (FollowerState.java:run(108)) - 12ad0800-05cb-443c-9fdd-fa1debf04523@group-BCB82A5C07F5-FollowerState: change to CANDIDATE, lastRpcTime:148ms, electionTimeout:148ms
2019-10-18 07:24:14,750 [Thread-10842] INFO  impl.RoleInfo (RoleInfo.java:shutdownFollowerState(121)) - 12ad0800-05cb-443c-9fdd-fa1debf04523: shutdown FollowerState
2019-10-18 07:24:14,750 [Thread-10842] INFO  impl.RaftServerImpl (RaftServerImpl.java:setRole(184)) - 12ad0800-05cb-443c-9fdd-fa1debf04523@group-BCB82A5C07F5: changes role from  FOLLOWER to CANDIDATE at term 196 for changeToCandidate
2019-10-18 07:24:14,750 [Thread-10842] INFO  impl.RoleInfo (RoleInfo.java:updateAndGet(143)) - 12ad0800-05cb-443c-9fdd-fa1debf04523: start LeaderElection
2019-10-18 07:24:14,760 [java.util.concurrent.ThreadPoolExecutor$Worker@1ddf09da[State = -1, empty queue]] WARN  server.GrpcLogAppender (GrpcLogAppender.java:timeoutAppendRequest(209)) - 030c2313-1c2c-4b42-81fb-cb58ee93f992@group-E193FE271C99->9712a796-5281-4f3e-ac85-61dedd90db73-GrpcLogAppender: appendEntries Timeout, request=030c2313-1c2c-4b42-81fb-cb58ee93f992->9712a796-5281-4f3e-ac85-61dedd90db73#56-t1, previous=(t:1, i:10), leaderCommit=10, initializing? false, entries: <empty>
2019-10-18 07:24:14,774 [12ad0800-05cb-443c-9fdd-fa1debf04523@group-BCB82A5C07F5-LeaderElection1251] INFO  impl.LeaderElection (LeaderElection.java:askForVotes(178)) - 12ad0800-05cb-443c-9fdd-fa1debf04523@group-BCB82A5C07F5-LeaderElection1251: begin an election at term 197 for -1: [12ad0800-05cb-443c-9fdd-fa1debf04523:192.168.34.25:41155, 5170c5f3-8499-4b42-9321-85fc8a351f79:192.168.34.25:43074, 0b10a9fc-47eb-4a2b-b664-8273d9d17379:192.168.34.25:45248], old=null
2019-10-18 07:24:14,774 [12ad0800-05cb-443c-9fdd-fa1debf04523@group-BCB82A5C07F5-LeaderElection1251] INFO  impl.LeaderElection (LogUtils.java:infoOrTrace(149)) - 12ad0800-05cb-443c-9fdd-fa1debf04523@group-BCB82A5C07F5-LeaderElection1251 got exception when requesting votes: {}
java.util.concurrent.ExecutionException: org.apache.ratis.thirdparty.io.grpc.StatusRuntimeException: UNAVAILABLE: io exception
	at java.util.concurrent.FutureTask.report(FutureTask.java:122)
	at java.util.concurrent.FutureTask.get(FutureTask.java:192)
	at org.apache.ratis.server.impl.LeaderElection.waitForResults(LeaderElection.java:259)
	at org.apache.ratis.server.impl.LeaderElection.askForVotes(LeaderElection.java:197)
	at org.apache.ratis.server.impl.LeaderElection.run(LeaderElection.java:133)
	at java.lang.Thread.run(Thread.java:748)
Caused by: org.apache.ratis.thirdparty.io.grpc.StatusRuntimeException: UNAVAILABLE: io exception
	at org.apache.ratis.thirdparty.io.grpc.stub.ClientCalls.toStatusRuntimeException(ClientCalls.java:233)
	at org.apache.ratis.thirdparty.io.grpc.stub.ClientCalls.getUnchecked(ClientCalls.java:214)
	at org.apache.ratis.thirdparty.io.grpc.stub.ClientCalls.blockingUnaryCall(ClientCalls.java:139)
	at org.apache.ratis.proto.grpc.RaftServerProtocolServiceGrpc$RaftServerProtocolServiceBlockingStub.requestVote(RaftServerProtocolServiceGrpc.java:265)
	at org.apache.ratis.grpc.server.GrpcServerProtocolClient.requestVote(GrpcServerProtocolClient.java:99)
	at org.apache.ratis.grpc.server.GrpcService.requestVote(GrpcService.java:204)
	at org.apache.ratis.server.impl.LeaderElection.lambda$submitRequests$1(LeaderElection.java:234)
	at java.util.concurrent.FutureTask.run(FutureTask.java:266)
	at java.util.concurrent.Executors$RunnableAdapter.call(Executors.java:511)
	at java.util.concurrent.FutureTask.run(FutureTask.java:266)
	at java.util.concurrent.ThreadPoolExecutor.runWorker(ThreadPoolExecutor.java:1149)
	at java.util.concurrent.ThreadPoolExecutor$Worker.run(ThreadPoolExecutor.java:624)
	... 1 more
Caused by: org.apache.ratis.thirdparty.io.netty.channel.AbstractChannel$AnnotatedConnectException: Connection refused: /192.168.34.25:45248
	at sun.nio.ch.SocketChannelImpl.checkConnect(Native Method)
	at sun.nio.ch.SocketChannelImpl.finishConnect(SocketChannelImpl.java:717)
	at org.apache.ratis.thirdparty.io.netty.channel.socket.nio.NioSocketChannel.doFinishConnect(NioSocketChannel.java:327)
	at org.apache.ratis.thirdparty.io.netty.channel.nio.AbstractNioChannel$AbstractNioUnsafe.finishConnect(AbstractNioChannel.java:340)
	at org.apache.ratis.thirdparty.io.netty.channel.nio.NioEventLoop.processSelectedKey(NioEventLoop.java:632)
	at org.apache.ratis.thirdparty.io.netty.channel.nio.NioEventLoop.processSelectedKeysOptimized(NioEventLoop.java:579)
	at org.apache.ratis.thirdparty.io.netty.channel.nio.NioEventLoop.processSelectedKeys(NioEventLoop.java:496)
	at org.apache.ratis.thirdparty.io.netty.channel.nio.NioEventLoop.run(NioEventLoop.java:458)
	at org.apache.ratis.thirdparty.io.netty.util.concurrent.SingleThreadEventExecutor$5.run(SingleThreadEventExecutor.java:897)
	at org.apache.ratis.thirdparty.io.netty.util.concurrent.FastThreadLocalRunnable.run(FastThreadLocalRunnable.java:30)
	... 1 more
Caused by: java.net.ConnectException: Connection refused
	... 11 more
2019-10-18 07:24:14,775 [grpc-default-executor-4] INFO  impl.RaftServerImpl (RaftServerImpl.java:setRole(184)) - 5170c5f3-8499-4b42-9321-85fc8a351f79@group-BCB82A5C07F5: changes role from  FOLLOWER to FOLLOWER at term 197 for recognizeCandidate:12ad0800-05cb-443c-9fdd-fa1debf04523
2019-10-18 07:24:14,775 [grpc-default-executor-4] INFO  impl.RoleInfo (RoleInfo.java:shutdownFollowerState(121)) - 5170c5f3-8499-4b42-9321-85fc8a351f79: shutdown FollowerState
2019-10-18 07:24:14,775 [grpc-default-executor-4] INFO  impl.RoleInfo (RoleInfo.java:updateAndGet(143)) - 5170c5f3-8499-4b42-9321-85fc8a351f79: start FollowerState
2019-10-18 07:24:14,775 [Thread-10841] INFO  impl.FollowerState (FollowerState.java:run(117)) - 5170c5f3-8499-4b42-9321-85fc8a351f79@group-BCB82A5C07F5-FollowerState was interrupted: java.lang.InterruptedException: sleep interrupted
2019-10-18 07:24:14,809 [12ad0800-05cb-443c-9fdd-fa1debf04523@group-BCB82A5C07F5-LeaderElection1251] INFO  impl.LeaderElection (LeaderElection.java:logAndReturn(56)) - 12ad0800-05cb-443c-9fdd-fa1debf04523@group-BCB82A5C07F5-LeaderElection1251: Election REJECTED; received 1 response(s) [12ad0800-05cb-443c-9fdd-fa1debf04523<-5170c5f3-8499-4b42-9321-85fc8a351f79#0:FAIL-t197] and 1 exception(s); 12ad0800-05cb-443c-9fdd-fa1debf04523@group-BCB82A5C07F5:t197, leader=null, voted=12ad0800-05cb-443c-9fdd-fa1debf04523, raftlog=12ad0800-05cb-443c-9fdd-fa1debf04523@group-BCB82A5C07F5-SegmentedRaftLog:OPENED:c-1,f-1,i0, conf=-1: [12ad0800-05cb-443c-9fdd-fa1debf04523:192.168.34.25:41155, 5170c5f3-8499-4b42-9321-85fc8a351f79:192.168.34.25:43074, 0b10a9fc-47eb-4a2b-b664-8273d9d17379:192.168.34.25:45248], old=null
2019-10-18 07:24:14,809 [12ad0800-05cb-443c-9fdd-fa1debf04523@group-BCB82A5C07F5-LeaderElection1251] INFO  impl.LeaderElection (LogUtils.java:infoOrTrace(149)) -   Exception 0: {}
java.util.concurrent.ExecutionException: org.apache.ratis.thirdparty.io.grpc.StatusRuntimeException: UNAVAILABLE: io exception
	at java.util.concurrent.FutureTask.report(FutureTask.java:122)
	at java.util.concurrent.FutureTask.get(FutureTask.java:192)
	at org.apache.ratis.server.impl.LeaderElection.waitForResults(LeaderElection.java:259)
	at org.apache.ratis.server.impl.LeaderElection.askForVotes(LeaderElection.java:197)
	at org.apache.ratis.server.impl.LeaderElection.run(LeaderElection.java:133)
	at java.lang.Thread.run(Thread.java:748)
Caused by: org.apache.ratis.thirdparty.io.grpc.StatusRuntimeException: UNAVAILABLE: io exception
	at org.apache.ratis.thirdparty.io.grpc.stub.ClientCalls.toStatusRuntimeException(ClientCalls.java:233)
	at org.apache.ratis.thirdparty.io.grpc.stub.ClientCalls.getUnchecked(ClientCalls.java:214)
	at org.apache.ratis.thirdparty.io.grpc.stub.ClientCalls.blockingUnaryCall(ClientCalls.java:139)
	at org.apache.ratis.proto.grpc.RaftServerProtocolServiceGrpc$RaftServerProtocolServiceBlockingStub.requestVote(RaftServerProtocolServiceGrpc.java:265)
	at org.apache.ratis.grpc.server.GrpcServerProtocolClient.requestVote(GrpcServerProtocolClient.java:99)
	at org.apache.ratis.grpc.server.GrpcService.requestVote(GrpcService.java:204)
	at org.apache.ratis.server.impl.LeaderElection.lambda$submitRequests$1(LeaderElection.java:234)
	at java.util.concurrent.FutureTask.run(FutureTask.java:266)
	at java.util.concurrent.Executors$RunnableAdapter.call(Executors.java:511)
	at java.util.concurrent.FutureTask.run(FutureTask.java:266)
	at java.util.concurrent.ThreadPoolExecutor.runWorker(ThreadPoolExecutor.java:1149)
	at java.util.concurrent.ThreadPoolExecutor$Worker.run(ThreadPoolExecutor.java:624)
	... 1 more
Caused by: org.apache.ratis.thirdparty.io.netty.channel.AbstractChannel$AnnotatedConnectException: Connection refused: /192.168.34.25:45248
	at sun.nio.ch.SocketChannelImpl.checkConnect(Native Method)
	at sun.nio.ch.SocketChannelImpl.finishConnect(SocketChannelImpl.java:717)
	at org.apache.ratis.thirdparty.io.netty.channel.socket.nio.NioSocketChannel.doFinishConnect(NioSocketChannel.java:327)
	at org.apache.ratis.thirdparty.io.netty.channel.nio.AbstractNioChannel$AbstractNioUnsafe.finishConnect(AbstractNioChannel.java:340)
	at org.apache.ratis.thirdparty.io.netty.channel.nio.NioEventLoop.processSelectedKey(NioEventLoop.java:632)
	at org.apache.ratis.thirdparty.io.netty.channel.nio.NioEventLoop.processSelectedKeysOptimized(NioEventLoop.java:579)
	at org.apache.ratis.thirdparty.io.netty.channel.nio.NioEventLoop.processSelectedKeys(NioEventLoop.java:496)
	at org.apache.ratis.thirdparty.io.netty.channel.nio.NioEventLoop.run(NioEventLoop.java:458)
	at org.apache.ratis.thirdparty.io.netty.util.concurrent.SingleThreadEventExecutor$5.run(SingleThreadEventExecutor.java:897)
	at org.apache.ratis.thirdparty.io.netty.util.concurrent.FastThreadLocalRunnable.run(FastThreadLocalRunnable.java:30)
	... 1 more
Caused by: java.net.ConnectException: Connection refused
	... 11 more
2019-10-18 07:24:14,810 [12ad0800-05cb-443c-9fdd-fa1debf04523@group-BCB82A5C07F5-LeaderElection1251] INFO  impl.RaftServerImpl (RaftServerImpl.java:setRole(184)) - 12ad0800-05cb-443c-9fdd-fa1debf04523@group-BCB82A5C07F5: changes role from CANDIDATE to FOLLOWER at term 197 for DISCOVERED_A_NEW_TERM
2019-10-18 07:24:14,810 [12ad0800-05cb-443c-9fdd-fa1debf04523@group-BCB82A5C07F5-LeaderElection1251] INFO  impl.RoleInfo (RoleInfo.java:shutdownLeaderElection(134)) - 12ad0800-05cb-443c-9fdd-fa1debf04523: shutdown LeaderElection
2019-10-18 07:24:14,810 [12ad0800-05cb-443c-9fdd-fa1debf04523@group-BCB82A5C07F5-LeaderElection1251] INFO  impl.RoleInfo (RoleInfo.java:updateAndGet(143)) - 12ad0800-05cb-443c-9fdd-fa1debf04523: start FollowerState
2019-10-18 07:24:14,953 [Thread-10848] INFO  impl.FollowerState (FollowerState.java:run(108)) - 12ad0800-05cb-443c-9fdd-fa1debf04523@group-BCB82A5C07F5-FollowerState: change to CANDIDATE, lastRpcTime:142ms, electionTimeout:142ms
2019-10-18 07:24:14,953 [Thread-10848] INFO  impl.RoleInfo (RoleInfo.java:shutdownFollowerState(121)) - 12ad0800-05cb-443c-9fdd-fa1debf04523: shutdown FollowerState
2019-10-18 07:24:14,953 [Thread-10848] INFO  impl.RaftServerImpl (RaftServerImpl.java:setRole(184)) - 12ad0800-05cb-443c-9fdd-fa1debf04523@group-BCB82A5C07F5: changes role from  FOLLOWER to CANDIDATE at term 197 for changeToCandidate
2019-10-18 07:24:14,953 [Thread-10848] INFO  impl.RoleInfo (RoleInfo.java:updateAndGet(143)) - 12ad0800-05cb-443c-9fdd-fa1debf04523: start LeaderElection
2019-10-18 07:24:14,955 [Datanode State Machine Thread - 0] INFO  statemachine.DatanodeStateMachine (DatanodeStateMachine.java:lambda$startDaemon$0(350)) - Ozone container server started.
2019-10-18 07:24:14,985 [12ad0800-05cb-443c-9fdd-fa1debf04523@group-BCB82A5C07F5-LeaderElection1252] INFO  impl.LeaderElection (LeaderElection.java:askForVotes(178)) - 12ad0800-05cb-443c-9fdd-fa1debf04523@group-BCB82A5C07F5-LeaderElection1252: begin an election at term 198 for -1: [12ad0800-05cb-443c-9fdd-fa1debf04523:192.168.34.25:41155, 5170c5f3-8499-4b42-9321-85fc8a351f79:192.168.34.25:43074, 0b10a9fc-47eb-4a2b-b664-8273d9d17379:192.168.34.25:45248], old=null
2019-10-18 07:24:14,985 [12ad0800-05cb-443c-9fdd-fa1debf04523@group-BCB82A5C07F5-LeaderElection1252] INFO  impl.LeaderElection (LogUtils.java:infoOrTrace(149)) - 12ad0800-05cb-443c-9fdd-fa1debf04523@group-BCB82A5C07F5-LeaderElection1252 got exception when requesting votes: {}
java.util.concurrent.ExecutionException: org.apache.ratis.thirdparty.io.grpc.StatusRuntimeException: UNAVAILABLE: io exception
	at java.util.concurrent.FutureTask.report(FutureTask.java:122)
	at java.util.concurrent.FutureTask.get(FutureTask.java:192)
	at org.apache.ratis.server.impl.LeaderElection.waitForResults(LeaderElection.java:259)
	at org.apache.ratis.server.impl.LeaderElection.askForVotes(LeaderElection.java:197)
	at org.apache.ratis.server.impl.LeaderElection.run(LeaderElection.java:133)
	at java.lang.Thread.run(Thread.java:748)
Caused by: org.apache.ratis.thirdparty.io.grpc.StatusRuntimeException: UNAVAILABLE: io exception
	at org.apache.ratis.thirdparty.io.grpc.stub.ClientCalls.toStatusRuntimeException(ClientCalls.java:233)
	at org.apache.ratis.thirdparty.io.grpc.stub.ClientCalls.getUnchecked(ClientCalls.java:214)
	at org.apache.ratis.thirdparty.io.grpc.stub.ClientCalls.blockingUnaryCall(ClientCalls.java:139)
	at org.apache.ratis.proto.grpc.RaftServerProtocolServiceGrpc$RaftServerProtocolServiceBlockingStub.requestVote(RaftServerProtocolServiceGrpc.java:265)
	at org.apache.ratis.grpc.server.GrpcServerProtocolClient.requestVote(GrpcServerProtocolClient.java:99)
	at org.apache.ratis.grpc.server.GrpcService.requestVote(GrpcService.java:204)
	at org.apache.ratis.server.impl.LeaderElection.lambda$submitRequests$1(LeaderElection.java:234)
	at java.util.concurrent.FutureTask.run(FutureTask.java:266)
	at java.util.concurrent.Executors$RunnableAdapter.call(Executors.java:511)
	at java.util.concurrent.FutureTask.run(FutureTask.java:266)
	at java.util.concurrent.ThreadPoolExecutor.runWorker(ThreadPoolExecutor.java:1149)
	at java.util.concurrent.ThreadPoolExecutor$Worker.run(ThreadPoolExecutor.java:624)
	... 1 more
Caused by: org.apache.ratis.thirdparty.io.netty.channel.AbstractChannel$AnnotatedConnectException: Connection refused: /192.168.34.25:45248
	at sun.nio.ch.SocketChannelImpl.checkConnect(Native Method)
	at sun.nio.ch.SocketChannelImpl.finishConnect(SocketChannelImpl.java:717)
	at org.apache.ratis.thirdparty.io.netty.channel.socket.nio.NioSocketChannel.doFinishConnect(NioSocketChannel.java:327)
	at org.apache.ratis.thirdparty.io.netty.channel.nio.AbstractNioChannel$AbstractNioUnsafe.finishConnect(AbstractNioChannel.java:340)
	at org.apache.ratis.thirdparty.io.netty.channel.nio.NioEventLoop.processSelectedKey(NioEventLoop.java:632)
	at org.apache.ratis.thirdparty.io.netty.channel.nio.NioEventLoop.processSelectedKeysOptimized(NioEventLoop.java:579)
	at org.apache.ratis.thirdparty.io.netty.channel.nio.NioEventLoop.processSelectedKeys(NioEventLoop.java:496)
	at org.apache.ratis.thirdparty.io.netty.channel.nio.NioEventLoop.run(NioEventLoop.java:458)
	at org.apache.ratis.thirdparty.io.netty.util.concurrent.SingleThreadEventExecutor$5.run(SingleThreadEventExecutor.java:897)
	at org.apache.ratis.thirdparty.io.netty.util.concurrent.FastThreadLocalRunnable.run(FastThreadLocalRunnable.java:30)
	... 1 more
Caused by: java.net.ConnectException: Connection refused
	... 11 more
2019-10-18 07:24:14,986 [grpc-default-executor-4] INFO  impl.RaftServerImpl (RaftServerImpl.java:setRole(184)) - 5170c5f3-8499-4b42-9321-85fc8a351f79@group-BCB82A5C07F5: changes role from  FOLLOWER to FOLLOWER at term 198 for recognizeCandidate:12ad0800-05cb-443c-9fdd-fa1debf04523
2019-10-18 07:24:14,986 [grpc-default-executor-4] INFO  impl.RoleInfo (RoleInfo.java:shutdownFollowerState(121)) - 5170c5f3-8499-4b42-9321-85fc8a351f79: shutdown FollowerState
2019-10-18 07:24:14,986 [grpc-default-executor-4] INFO  impl.RoleInfo (RoleInfo.java:updateAndGet(143)) - 5170c5f3-8499-4b42-9321-85fc8a351f79: start FollowerState
2019-10-18 07:24:14,986 [Thread-10847] INFO  impl.FollowerState (FollowerState.java:run(117)) - 5170c5f3-8499-4b42-9321-85fc8a351f79@group-BCB82A5C07F5-FollowerState was interrupted: java.lang.InterruptedException: sleep interrupted
2019-10-18 07:24:15,011 [12ad0800-05cb-443c-9fdd-fa1debf04523@group-BCB82A5C07F5-LeaderElection1252] INFO  impl.LeaderElection (LeaderElection.java:logAndReturn(56)) - 12ad0800-05cb-443c-9fdd-fa1debf04523@group-BCB82A5C07F5-LeaderElection1252: Election REJECTED; received 1 response(s) [12ad0800-05cb-443c-9fdd-fa1debf04523<-5170c5f3-8499-4b42-9321-85fc8a351f79#0:FAIL-t198] and 1 exception(s); 12ad0800-05cb-443c-9fdd-fa1debf04523@group-BCB82A5C07F5:t198, leader=null, voted=12ad0800-05cb-443c-9fdd-fa1debf04523, raftlog=12ad0800-05cb-443c-9fdd-fa1debf04523@group-BCB82A5C07F5-SegmentedRaftLog:OPENED:c-1,f-1,i0, conf=-1: [12ad0800-05cb-443c-9fdd-fa1debf04523:192.168.34.25:41155, 5170c5f3-8499-4b42-9321-85fc8a351f79:192.168.34.25:43074, 0b10a9fc-47eb-4a2b-b664-8273d9d17379:192.168.34.25:45248], old=null
2019-10-18 07:24:15,011 [12ad0800-05cb-443c-9fdd-fa1debf04523@group-BCB82A5C07F5-LeaderElection1252] INFO  impl.LeaderElection (LogUtils.java:infoOrTrace(149)) -   Exception 0: {}
java.util.concurrent.ExecutionException: org.apache.ratis.thirdparty.io.grpc.StatusRuntimeException: UNAVAILABLE: io exception
	at java.util.concurrent.FutureTask.report(FutureTask.java:122)
	at java.util.concurrent.FutureTask.get(FutureTask.java:192)
	at org.apache.ratis.server.impl.LeaderElection.waitForResults(LeaderElection.java:259)
	at org.apache.ratis.server.impl.LeaderElection.askForVotes(LeaderElection.java:197)
	at org.apache.ratis.server.impl.LeaderElection.run(LeaderElection.java:133)
	at java.lang.Thread.run(Thread.java:748)
Caused by: org.apache.ratis.thirdparty.io.grpc.StatusRuntimeException: UNAVAILABLE: io exception
	at org.apache.ratis.thirdparty.io.grpc.stub.ClientCalls.toStatusRuntimeException(ClientCalls.java:233)
	at org.apache.ratis.thirdparty.io.grpc.stub.ClientCalls.getUnchecked(ClientCalls.java:214)
	at org.apache.ratis.thirdparty.io.grpc.stub.ClientCalls.blockingUnaryCall(ClientCalls.java:139)
	at org.apache.ratis.proto.grpc.RaftServerProtocolServiceGrpc$RaftServerProtocolServiceBlockingStub.requestVote(RaftServerProtocolServiceGrpc.java:265)
	at org.apache.ratis.grpc.server.GrpcServerProtocolClient.requestVote(GrpcServerProtocolClient.java:99)
	at org.apache.ratis.grpc.server.GrpcService.requestVote(GrpcService.java:204)
	at org.apache.ratis.server.impl.LeaderElection.lambda$submitRequests$1(LeaderElection.java:234)
	at java.util.concurrent.FutureTask.run(FutureTask.java:266)
	at java.util.concurrent.Executors$RunnableAdapter.call(Executors.java:511)
	at java.util.concurrent.FutureTask.run(FutureTask.java:266)
	at java.util.concurrent.ThreadPoolExecutor.runWorker(ThreadPoolExecutor.java:1149)
	at java.util.concurrent.ThreadPoolExecutor$Worker.run(ThreadPoolExecutor.java:624)
	... 1 more
Caused by: org.apache.ratis.thirdparty.io.netty.channel.AbstractChannel$AnnotatedConnectException: Connection refused: /192.168.34.25:45248
	at sun.nio.ch.SocketChannelImpl.checkConnect(Native Method)
	at sun.nio.ch.SocketChannelImpl.finishConnect(SocketChannelImpl.java:717)
	at org.apache.ratis.thirdparty.io.netty.channel.socket.nio.NioSocketChannel.doFinishConnect(NioSocketChannel.java:327)
	at org.apache.ratis.thirdparty.io.netty.channel.nio.AbstractNioChannel$AbstractNioUnsafe.finishConnect(AbstractNioChannel.java:340)
	at org.apache.ratis.thirdparty.io.netty.channel.nio.NioEventLoop.processSelectedKey(NioEventLoop.java:632)
	at org.apache.ratis.thirdparty.io.netty.channel.nio.NioEventLoop.processSelectedKeysOptimized(NioEventLoop.java:579)
	at org.apache.ratis.thirdparty.io.netty.channel.nio.NioEventLoop.processSelectedKeys(NioEventLoop.java:496)
	at org.apache.ratis.thirdparty.io.netty.channel.nio.NioEventLoop.run(NioEventLoop.java:458)
	at org.apache.ratis.thirdparty.io.netty.util.concurrent.SingleThreadEventExecutor$5.run(SingleThreadEventExecutor.java:897)
	at org.apache.ratis.thirdparty.io.netty.util.concurrent.FastThreadLocalRunnable.run(FastThreadLocalRunnable.java:30)
	... 1 more
Caused by: java.net.ConnectException: Connection refused
	... 11 more
2019-10-18 07:24:15,011 [12ad0800-05cb-443c-9fdd-fa1debf04523@group-BCB82A5C07F5-LeaderElection1252] INFO  impl.RaftServerImpl (RaftServerImpl.java:setRole(184)) - 12ad0800-05cb-443c-9fdd-fa1debf04523@group-BCB82A5C07F5: changes role from CANDIDATE to FOLLOWER at term 198 for DISCOVERED_A_NEW_TERM
2019-10-18 07:24:15,011 [12ad0800-05cb-443c-9fdd-fa1debf04523@group-BCB82A5C07F5-LeaderElection1252] INFO  impl.RoleInfo (RoleInfo.java:shutdownLeaderElection(134)) - 12ad0800-05cb-443c-9fdd-fa1debf04523: shutdown LeaderElection
2019-10-18 07:24:15,011 [12ad0800-05cb-443c-9fdd-fa1debf04523@group-BCB82A5C07F5-LeaderElection1252] INFO  impl.RoleInfo (RoleInfo.java:updateAndGet(143)) - 12ad0800-05cb-443c-9fdd-fa1debf04523: start FollowerState
2019-10-18 07:24:15,097 [Thread-10853] INFO  impl.FollowerState (FollowerState.java:run(108)) - 12ad0800-05cb-443c-9fdd-fa1debf04523@group-BCB82A5C07F5-FollowerState: change to CANDIDATE, lastRpcTime:85ms, electionTimeout:85ms
2019-10-18 07:24:15,097 [Thread-10853] INFO  impl.RoleInfo (RoleInfo.java:shutdownFollowerState(121)) - 12ad0800-05cb-443c-9fdd-fa1debf04523: shutdown FollowerState
2019-10-18 07:24:15,097 [Thread-10853] INFO  impl.RaftServerImpl (RaftServerImpl.java:setRole(184)) - 12ad0800-05cb-443c-9fdd-fa1debf04523@group-BCB82A5C07F5: changes role from  FOLLOWER to CANDIDATE at term 198 for changeToCandidate
2019-10-18 07:24:15,097 [Thread-10853] INFO  impl.RoleInfo (RoleInfo.java:updateAndGet(143)) - 12ad0800-05cb-443c-9fdd-fa1debf04523: start LeaderElection
2019-10-18 07:24:15,127 [12ad0800-05cb-443c-9fdd-fa1debf04523@group-BCB82A5C07F5-LeaderElection1253] INFO  impl.LeaderElection (LeaderElection.java:askForVotes(178)) - 12ad0800-05cb-443c-9fdd-fa1debf04523@group-BCB82A5C07F5-LeaderElection1253: begin an election at term 199 for -1: [12ad0800-05cb-443c-9fdd-fa1debf04523:192.168.34.25:41155, 5170c5f3-8499-4b42-9321-85fc8a351f79:192.168.34.25:43074, 0b10a9fc-47eb-4a2b-b664-8273d9d17379:192.168.34.25:45248], old=null
2019-10-18 07:24:15,128 [12ad0800-05cb-443c-9fdd-fa1debf04523@group-BCB82A5C07F5-LeaderElection1253] INFO  impl.LeaderElection (LogUtils.java:infoOrTrace(149)) - 12ad0800-05cb-443c-9fdd-fa1debf04523@group-BCB82A5C07F5-LeaderElection1253 got exception when requesting votes: {}
java.util.concurrent.ExecutionException: org.apache.ratis.thirdparty.io.grpc.StatusRuntimeException: UNAVAILABLE: io exception
	at java.util.concurrent.FutureTask.report(FutureTask.java:122)
	at java.util.concurrent.FutureTask.get(FutureTask.java:192)
	at org.apache.ratis.server.impl.LeaderElection.waitForResults(LeaderElection.java:259)
	at org.apache.ratis.server.impl.LeaderElection.askForVotes(LeaderElection.java:197)
	at org.apache.ratis.server.impl.LeaderElection.run(LeaderElection.java:133)
	at java.lang.Thread.run(Thread.java:748)
Caused by: org.apache.ratis.thirdparty.io.grpc.StatusRuntimeException: UNAVAILABLE: io exception
	at org.apache.ratis.thirdparty.io.grpc.stub.ClientCalls.toStatusRuntimeException(ClientCalls.java:233)
	at org.apache.ratis.thirdparty.io.grpc.stub.ClientCalls.getUnchecked(ClientCalls.java:214)
	at org.apache.ratis.thirdparty.io.grpc.stub.ClientCalls.blockingUnaryCall(ClientCalls.java:139)
	at org.apache.ratis.proto.grpc.RaftServerProtocolServiceGrpc$RaftServerProtocolServiceBlockingStub.requestVote(RaftServerProtocolServiceGrpc.java:265)
	at org.apache.ratis.grpc.server.GrpcServerProtocolClient.requestVote(GrpcServerProtocolClient.java:99)
	at org.apache.ratis.grpc.server.GrpcService.requestVote(GrpcService.java:204)
	at org.apache.ratis.server.impl.LeaderElection.lambda$submitRequests$1(LeaderElection.java:234)
	at java.util.concurrent.FutureTask.run(FutureTask.java:266)
	at java.util.concurrent.Executors$RunnableAdapter.call(Executors.java:511)
	at java.util.concurrent.FutureTask.run(FutureTask.java:266)
	at java.util.concurrent.ThreadPoolExecutor.runWorker(ThreadPoolExecutor.java:1149)
	at java.util.concurrent.ThreadPoolExecutor$Worker.run(ThreadPoolExecutor.java:624)
	... 1 more
Caused by: org.apache.ratis.thirdparty.io.netty.channel.AbstractChannel$AnnotatedConnectException: Connection refused: /192.168.34.25:45248
	at sun.nio.ch.SocketChannelImpl.checkConnect(Native Method)
	at sun.nio.ch.SocketChannelImpl.finishConnect(SocketChannelImpl.java:717)
	at org.apache.ratis.thirdparty.io.netty.channel.socket.nio.NioSocketChannel.doFinishConnect(NioSocketChannel.java:327)
	at org.apache.ratis.thirdparty.io.netty.channel.nio.AbstractNioChannel$AbstractNioUnsafe.finishConnect(AbstractNioChannel.java:340)
	at org.apache.ratis.thirdparty.io.netty.channel.nio.NioEventLoop.processSelectedKey(NioEventLoop.java:632)
	at org.apache.ratis.thirdparty.io.netty.channel.nio.NioEventLoop.processSelectedKeysOptimized(NioEventLoop.java:579)
	at org.apache.ratis.thirdparty.io.netty.channel.nio.NioEventLoop.processSelectedKeys(NioEventLoop.java:496)
	at org.apache.ratis.thirdparty.io.netty.channel.nio.NioEventLoop.run(NioEventLoop.java:458)
	at org.apache.ratis.thirdparty.io.netty.util.concurrent.SingleThreadEventExecutor$5.run(SingleThreadEventExecutor.java:897)
	at org.apache.ratis.thirdparty.io.netty.util.concurrent.FastThreadLocalRunnable.run(FastThreadLocalRunnable.java:30)
	... 1 more
Caused by: java.net.ConnectException: Connection refused
	... 11 more
2019-10-18 07:24:15,129 [grpc-default-executor-4] INFO  impl.RaftServerImpl (RaftServerImpl.java:setRole(184)) - 5170c5f3-8499-4b42-9321-85fc8a351f79@group-BCB82A5C07F5: changes role from  FOLLOWER to FOLLOWER at term 199 for recognizeCandidate:12ad0800-05cb-443c-9fdd-fa1debf04523
2019-10-18 07:24:15,129 [grpc-default-executor-4] INFO  impl.RoleInfo (RoleInfo.java:shutdownFollowerState(121)) - 5170c5f3-8499-4b42-9321-85fc8a351f79: shutdown FollowerState
2019-10-18 07:24:15,129 [grpc-default-executor-4] INFO  impl.RoleInfo (RoleInfo.java:updateAndGet(143)) - 5170c5f3-8499-4b42-9321-85fc8a351f79: start FollowerState
2019-10-18 07:24:15,129 [Thread-10852] INFO  impl.FollowerState (FollowerState.java:run(117)) - 5170c5f3-8499-4b42-9321-85fc8a351f79@group-BCB82A5C07F5-FollowerState was interrupted: java.lang.InterruptedException: sleep interrupted
2019-10-18 07:24:15,153 [12ad0800-05cb-443c-9fdd-fa1debf04523@group-BCB82A5C07F5-LeaderElection1253] INFO  impl.LeaderElection (LeaderElection.java:logAndReturn(56)) - 12ad0800-05cb-443c-9fdd-fa1debf04523@group-BCB82A5C07F5-LeaderElection1253: Election REJECTED; received 1 response(s) [12ad0800-05cb-443c-9fdd-fa1debf04523<-5170c5f3-8499-4b42-9321-85fc8a351f79#0:FAIL-t199] and 1 exception(s); 12ad0800-05cb-443c-9fdd-fa1debf04523@group-BCB82A5C07F5:t199, leader=null, voted=12ad0800-05cb-443c-9fdd-fa1debf04523, raftlog=12ad0800-05cb-443c-9fdd-fa1debf04523@group-BCB82A5C07F5-SegmentedRaftLog:OPENED:c-1,f-1,i0, conf=-1: [12ad0800-05cb-443c-9fdd-fa1debf04523:192.168.34.25:41155, 5170c5f3-8499-4b42-9321-85fc8a351f79:192.168.34.25:43074, 0b10a9fc-47eb-4a2b-b664-8273d9d17379:192.168.34.25:45248], old=null
2019-10-18 07:24:15,153 [12ad0800-05cb-443c-9fdd-fa1debf04523@group-BCB82A5C07F5-LeaderElection1253] INFO  impl.LeaderElection (LogUtils.java:infoOrTrace(149)) -   Exception 0: {}
java.util.concurrent.ExecutionException: org.apache.ratis.thirdparty.io.grpc.StatusRuntimeException: UNAVAILABLE: io exception
	at java.util.concurrent.FutureTask.report(FutureTask.java:122)
	at java.util.concurrent.FutureTask.get(FutureTask.java:192)
	at org.apache.ratis.server.impl.LeaderElection.waitForResults(LeaderElection.java:259)
	at org.apache.ratis.server.impl.LeaderElection.askForVotes(LeaderElection.java:197)
	at org.apache.ratis.server.impl.LeaderElection.run(LeaderElection.java:133)
	at java.lang.Thread.run(Thread.java:748)
Caused by: org.apache.ratis.thirdparty.io.grpc.StatusRuntimeException: UNAVAILABLE: io exception
	at org.apache.ratis.thirdparty.io.grpc.stub.ClientCalls.toStatusRuntimeException(ClientCalls.java:233)
	at org.apache.ratis.thirdparty.io.grpc.stub.ClientCalls.getUnchecked(ClientCalls.java:214)
	at org.apache.ratis.thirdparty.io.grpc.stub.ClientCalls.blockingUnaryCall(ClientCalls.java:139)
	at org.apache.ratis.proto.grpc.RaftServerProtocolServiceGrpc$RaftServerProtocolServiceBlockingStub.requestVote(RaftServerProtocolServiceGrpc.java:265)
	at org.apache.ratis.grpc.server.GrpcServerProtocolClient.requestVote(GrpcServerProtocolClient.java:99)
	at org.apache.ratis.grpc.server.GrpcService.requestVote(GrpcService.java:204)
	at org.apache.ratis.server.impl.LeaderElection.lambda$submitRequests$1(LeaderElection.java:234)
	at java.util.concurrent.FutureTask.run(FutureTask.java:266)
	at java.util.concurrent.Executors$RunnableAdapter.call(Executors.java:511)
	at java.util.concurrent.FutureTask.run(FutureTask.java:266)
	at java.util.concurrent.ThreadPoolExecutor.runWorker(ThreadPoolExecutor.java:1149)
	at java.util.concurrent.ThreadPoolExecutor$Worker.run(ThreadPoolExecutor.java:624)
	... 1 more
Caused by: org.apache.ratis.thirdparty.io.netty.channel.AbstractChannel$AnnotatedConnectException: Connection refused: /192.168.34.25:45248
	at sun.nio.ch.SocketChannelImpl.checkConnect(Native Method)
	at sun.nio.ch.SocketChannelImpl.finishConnect(SocketChannelImpl.java:717)
	at org.apache.ratis.thirdparty.io.netty.channel.socket.nio.NioSocketChannel.doFinishConnect(NioSocketChannel.java:327)
	at org.apache.ratis.thirdparty.io.netty.channel.nio.AbstractNioChannel$AbstractNioUnsafe.finishConnect(AbstractNioChannel.java:340)
	at org.apache.ratis.thirdparty.io.netty.channel.nio.NioEventLoop.processSelectedKey(NioEventLoop.java:632)
	at org.apache.ratis.thirdparty.io.netty.channel.nio.NioEventLoop.processSelectedKeysOptimized(NioEventLoop.java:579)
	at org.apache.ratis.thirdparty.io.netty.channel.nio.NioEventLoop.processSelectedKeys(NioEventLoop.java:496)
	at org.apache.ratis.thirdparty.io.netty.channel.nio.NioEventLoop.run(NioEventLoop.java:458)
	at org.apache.ratis.thirdparty.io.netty.util.concurrent.SingleThreadEventExecutor$5.run(SingleThreadEventExecutor.java:897)
	at org.apache.ratis.thirdparty.io.netty.util.concurrent.FastThreadLocalRunnable.run(FastThreadLocalRunnable.java:30)
	... 1 more
Caused by: java.net.ConnectException: Connection refused
	... 11 more
2019-10-18 07:24:15,154 [12ad0800-05cb-443c-9fdd-fa1debf04523@group-BCB82A5C07F5-LeaderElection1253] INFO  impl.RaftServerImpl (RaftServerImpl.java:setRole(184)) - 12ad0800-05cb-443c-9fdd-fa1debf04523@group-BCB82A5C07F5: changes role from CANDIDATE to FOLLOWER at term 199 for DISCOVERED_A_NEW_TERM
2019-10-18 07:24:15,154 [12ad0800-05cb-443c-9fdd-fa1debf04523@group-BCB82A5C07F5-LeaderElection1253] INFO  impl.RoleInfo (RoleInfo.java:shutdownLeaderElection(134)) - 12ad0800-05cb-443c-9fdd-fa1debf04523: shutdown LeaderElection
2019-10-18 07:24:15,154 [12ad0800-05cb-443c-9fdd-fa1debf04523@group-BCB82A5C07F5-LeaderElection1253] INFO  impl.RoleInfo (RoleInfo.java:updateAndGet(143)) - 12ad0800-05cb-443c-9fdd-fa1debf04523: start FollowerState
2019-10-18 07:24:15,261 [java.util.concurrent.ThreadPoolExecutor$Worker@1ddf09da[State = -1, empty queue]] WARN  server.GrpcLogAppender (GrpcLogAppender.java:timeoutAppendRequest(209)) - 030c2313-1c2c-4b42-81fb-cb58ee93f992@group-E193FE271C99->9712a796-5281-4f3e-ac85-61dedd90db73-GrpcLogAppender: appendEntries Timeout, request=030c2313-1c2c-4b42-81fb-cb58ee93f992->9712a796-5281-4f3e-ac85-61dedd90db73#57-t1, previous=(t:1, i:10), leaderCommit=10, initializing? false, entries: <empty>
2019-10-18 07:24:15,350 [Thread-10858] INFO  impl.FollowerState (FollowerState.java:run(108)) - 12ad0800-05cb-443c-9fdd-fa1debf04523@group-BCB82A5C07F5-FollowerState: change to CANDIDATE, lastRpcTime:196ms, electionTimeout:196ms
2019-10-18 07:24:15,350 [Thread-10858] INFO  impl.RoleInfo (RoleInfo.java:shutdownFollowerState(121)) - 12ad0800-05cb-443c-9fdd-fa1debf04523: shutdown FollowerState
2019-10-18 07:24:15,351 [Thread-10858] INFO  impl.RaftServerImpl (RaftServerImpl.java:setRole(184)) - 12ad0800-05cb-443c-9fdd-fa1debf04523@group-BCB82A5C07F5: changes role from  FOLLOWER to CANDIDATE at term 199 for changeToCandidate
2019-10-18 07:24:15,351 [Thread-10858] INFO  impl.RoleInfo (RoleInfo.java:updateAndGet(143)) - 12ad0800-05cb-443c-9fdd-fa1debf04523: start LeaderElection
2019-10-18 07:24:15,386 [12ad0800-05cb-443c-9fdd-fa1debf04523@group-BCB82A5C07F5-LeaderElection1254] INFO  impl.LeaderElection (LeaderElection.java:askForVotes(178)) - 12ad0800-05cb-443c-9fdd-fa1debf04523@group-BCB82A5C07F5-LeaderElection1254: begin an election at term 200 for -1: [12ad0800-05cb-443c-9fdd-fa1debf04523:192.168.34.25:41155, 5170c5f3-8499-4b42-9321-85fc8a351f79:192.168.34.25:43074, 0b10a9fc-47eb-4a2b-b664-8273d9d17379:192.168.34.25:45248], old=null
2019-10-18 07:24:15,387 [12ad0800-05cb-443c-9fdd-fa1debf04523@group-BCB82A5C07F5-LeaderElection1254] INFO  impl.LeaderElection (LogUtils.java:infoOrTrace(149)) - 12ad0800-05cb-443c-9fdd-fa1debf04523@group-BCB82A5C07F5-LeaderElection1254 got exception when requesting votes: {}
java.util.concurrent.ExecutionException: org.apache.ratis.thirdparty.io.grpc.StatusRuntimeException: UNAVAILABLE: io exception
	at java.util.concurrent.FutureTask.report(FutureTask.java:122)
	at java.util.concurrent.FutureTask.get(FutureTask.java:192)
	at org.apache.ratis.server.impl.LeaderElection.waitForResults(LeaderElection.java:259)
	at org.apache.ratis.server.impl.LeaderElection.askForVotes(LeaderElection.java:197)
	at org.apache.ratis.server.impl.LeaderElection.run(LeaderElection.java:133)
	at java.lang.Thread.run(Thread.java:748)
Caused by: org.apache.ratis.thirdparty.io.grpc.StatusRuntimeException: UNAVAILABLE: io exception
	at org.apache.ratis.thirdparty.io.grpc.stub.ClientCalls.toStatusRuntimeException(ClientCalls.java:233)
	at org.apache.ratis.thirdparty.io.grpc.stub.ClientCalls.getUnchecked(ClientCalls.java:214)
	at org.apache.ratis.thirdparty.io.grpc.stub.ClientCalls.blockingUnaryCall(ClientCalls.java:139)
	at org.apache.ratis.proto.grpc.RaftServerProtocolServiceGrpc$RaftServerProtocolServiceBlockingStub.requestVote(RaftServerProtocolServiceGrpc.java:265)
	at org.apache.ratis.grpc.server.GrpcServerProtocolClient.requestVote(GrpcServerProtocolClient.java:99)
	at org.apache.ratis.grpc.server.GrpcService.requestVote(GrpcService.java:204)
	at org.apache.ratis.server.impl.LeaderElection.lambda$submitRequests$1(LeaderElection.java:234)
	at java.util.concurrent.FutureTask.run(FutureTask.java:266)
	at java.util.concurrent.Executors$RunnableAdapter.call(Executors.java:511)
	at java.util.concurrent.FutureTask.run(FutureTask.java:266)
	at java.util.concurrent.ThreadPoolExecutor.runWorker(ThreadPoolExecutor.java:1149)
	at java.util.concurrent.ThreadPoolExecutor$Worker.run(ThreadPoolExecutor.java:624)
	... 1 more
Caused by: org.apache.ratis.thirdparty.io.netty.channel.AbstractChannel$AnnotatedConnectException: Connection refused: /192.168.34.25:45248
	at sun.nio.ch.SocketChannelImpl.checkConnect(Native Method)
	at sun.nio.ch.SocketChannelImpl.finishConnect(SocketChannelImpl.java:717)
	at org.apache.ratis.thirdparty.io.netty.channel.socket.nio.NioSocketChannel.doFinishConnect(NioSocketChannel.java:327)
	at org.apache.ratis.thirdparty.io.netty.channel.nio.AbstractNioChannel$AbstractNioUnsafe.finishConnect(AbstractNioChannel.java:340)
	at org.apache.ratis.thirdparty.io.netty.channel.nio.NioEventLoop.processSelectedKey(NioEventLoop.java:632)
	at org.apache.ratis.thirdparty.io.netty.channel.nio.NioEventLoop.processSelectedKeysOptimized(NioEventLoop.java:579)
	at org.apache.ratis.thirdparty.io.netty.channel.nio.NioEventLoop.processSelectedKeys(NioEventLoop.java:496)
	at org.apache.ratis.thirdparty.io.netty.channel.nio.NioEventLoop.run(NioEventLoop.java:458)
	at org.apache.ratis.thirdparty.io.netty.util.concurrent.SingleThreadEventExecutor$5.run(SingleThreadEventExecutor.java:897)
	at org.apache.ratis.thirdparty.io.netty.util.concurrent.FastThreadLocalRunnable.run(FastThreadLocalRunnable.java:30)
	... 1 more
Caused by: java.net.ConnectException: Connection refused
	... 11 more
2019-10-18 07:24:15,388 [grpc-default-executor-4] INFO  impl.RaftServerImpl (RaftServerImpl.java:setRole(184)) - 5170c5f3-8499-4b42-9321-85fc8a351f79@group-BCB82A5C07F5: changes role from  FOLLOWER to FOLLOWER at term 200 for recognizeCandidate:12ad0800-05cb-443c-9fdd-fa1debf04523
2019-10-18 07:24:15,388 [grpc-default-executor-4] INFO  impl.RoleInfo (RoleInfo.java:shutdownFollowerState(121)) - 5170c5f3-8499-4b42-9321-85fc8a351f79: shutdown FollowerState
2019-10-18 07:24:15,389 [grpc-default-executor-4] INFO  impl.RoleInfo (RoleInfo.java:updateAndGet(143)) - 5170c5f3-8499-4b42-9321-85fc8a351f79: start FollowerState
2019-10-18 07:24:15,389 [Thread-10857] INFO  impl.FollowerState (FollowerState.java:run(117)) - 5170c5f3-8499-4b42-9321-85fc8a351f79@group-BCB82A5C07F5-FollowerState was interrupted: java.lang.InterruptedException: sleep interrupted
2019-10-18 07:24:15,412 [12ad0800-05cb-443c-9fdd-fa1debf04523@group-BCB82A5C07F5-LeaderElection1254] INFO  impl.LeaderElection (LeaderElection.java:logAndReturn(56)) - 12ad0800-05cb-443c-9fdd-fa1debf04523@group-BCB82A5C07F5-LeaderElection1254: Election REJECTED; received 1 response(s) [12ad0800-05cb-443c-9fdd-fa1debf04523<-5170c5f3-8499-4b42-9321-85fc8a351f79#0:FAIL-t200] and 1 exception(s); 12ad0800-05cb-443c-9fdd-fa1debf04523@group-BCB82A5C07F5:t200, leader=null, voted=12ad0800-05cb-443c-9fdd-fa1debf04523, raftlog=12ad0800-05cb-443c-9fdd-fa1debf04523@group-BCB82A5C07F5-SegmentedRaftLog:OPENED:c-1,f-1,i0, conf=-1: [12ad0800-05cb-443c-9fdd-fa1debf04523:192.168.34.25:41155, 5170c5f3-8499-4b42-9321-85fc8a351f79:192.168.34.25:43074, 0b10a9fc-47eb-4a2b-b664-8273d9d17379:192.168.34.25:45248], old=null
2019-10-18 07:24:15,413 [12ad0800-05cb-443c-9fdd-fa1debf04523@group-BCB82A5C07F5-LeaderElection1254] INFO  impl.LeaderElection (LogUtils.java:infoOrTrace(149)) -   Exception 0: {}
java.util.concurrent.ExecutionException: org.apache.ratis.thirdparty.io.grpc.StatusRuntimeException: UNAVAILABLE: io exception
	at java.util.concurrent.FutureTask.report(FutureTask.java:122)
	at java.util.concurrent.FutureTask.get(FutureTask.java:192)
	at org.apache.ratis.server.impl.LeaderElection.waitForResults(LeaderElection.java:259)
	at org.apache.ratis.server.impl.LeaderElection.askForVotes(LeaderElection.java:197)
	at org.apache.ratis.server.impl.LeaderElection.run(LeaderElection.java:133)
	at java.lang.Thread.run(Thread.java:748)
Caused by: org.apache.ratis.thirdparty.io.grpc.StatusRuntimeException: UNAVAILABLE: io exception
	at org.apache.ratis.thirdparty.io.grpc.stub.ClientCalls.toStatusRuntimeException(ClientCalls.java:233)
	at org.apache.ratis.thirdparty.io.grpc.stub.ClientCalls.getUnchecked(ClientCalls.java:214)
	at org.apache.ratis.thirdparty.io.grpc.stub.ClientCalls.blockingUnaryCall(ClientCalls.java:139)
	at org.apache.ratis.proto.grpc.RaftServerProtocolServiceGrpc$RaftServerProtocolServiceBlockingStub.requestVote(RaftServerProtocolServiceGrpc.java:265)
	at org.apache.ratis.grpc.server.GrpcServerProtocolClient.requestVote(GrpcServerProtocolClient.java:99)
	at org.apache.ratis.grpc.server.GrpcService.requestVote(GrpcService.java:204)
	at org.apache.ratis.server.impl.LeaderElection.lambda$submitRequests$1(LeaderElection.java:234)
	at java.util.concurrent.FutureTask.run(FutureTask.java:266)
	at java.util.concurrent.Executors$RunnableAdapter.call(Executors.java:511)
	at java.util.concurrent.FutureTask.run(FutureTask.java:266)
	at java.util.concurrent.ThreadPoolExecutor.runWorker(ThreadPoolExecutor.java:1149)
	at java.util.concurrent.ThreadPoolExecutor$Worker.run(ThreadPoolExecutor.java:624)
	... 1 more
Caused by: org.apache.ratis.thirdparty.io.netty.channel.AbstractChannel$AnnotatedConnectException: Connection refused: /192.168.34.25:45248
	at sun.nio.ch.SocketChannelImpl.checkConnect(Native Method)
	at sun.nio.ch.SocketChannelImpl.finishConnect(SocketChannelImpl.java:717)
	at org.apache.ratis.thirdparty.io.netty.channel.socket.nio.NioSocketChannel.doFinishConnect(NioSocketChannel.java:327)
	at org.apache.ratis.thirdparty.io.netty.channel.nio.AbstractNioChannel$AbstractNioUnsafe.finishConnect(AbstractNioChannel.java:340)
	at org.apache.ratis.thirdparty.io.netty.channel.nio.NioEventLoop.processSelectedKey(NioEventLoop.java:632)
	at org.apache.ratis.thirdparty.io.netty.channel.nio.NioEventLoop.processSelectedKeysOptimized(NioEventLoop.java:579)
	at org.apache.ratis.thirdparty.io.netty.channel.nio.NioEventLoop.processSelectedKeys(NioEventLoop.java:496)
	at org.apache.ratis.thirdparty.io.netty.channel.nio.NioEventLoop.run(NioEventLoop.java:458)
	at org.apache.ratis.thirdparty.io.netty.util.concurrent.SingleThreadEventExecutor$5.run(SingleThreadEventExecutor.java:897)
	at org.apache.ratis.thirdparty.io.netty.util.concurrent.FastThreadLocalRunnable.run(FastThreadLocalRunnable.java:30)
	... 1 more
Caused by: java.net.ConnectException: Connection refused
	... 11 more
2019-10-18 07:24:15,413 [12ad0800-05cb-443c-9fdd-fa1debf04523@group-BCB82A5C07F5-LeaderElection1254] INFO  impl.RaftServerImpl (RaftServerImpl.java:setRole(184)) - 12ad0800-05cb-443c-9fdd-fa1debf04523@group-BCB82A5C07F5: changes role from CANDIDATE to FOLLOWER at term 200 for DISCOVERED_A_NEW_TERM
2019-10-18 07:24:15,413 [12ad0800-05cb-443c-9fdd-fa1debf04523@group-BCB82A5C07F5-LeaderElection1254] INFO  impl.RoleInfo (RoleInfo.java:shutdownLeaderElection(134)) - 12ad0800-05cb-443c-9fdd-fa1debf04523: shutdown LeaderElection
2019-10-18 07:24:15,413 [12ad0800-05cb-443c-9fdd-fa1debf04523@group-BCB82A5C07F5-LeaderElection1254] INFO  impl.RoleInfo (RoleInfo.java:updateAndGet(143)) - 12ad0800-05cb-443c-9fdd-fa1debf04523: start FollowerState
2019-10-18 07:24:15,606 [Thread-10864] INFO  impl.FollowerState (FollowerState.java:run(108)) - 12ad0800-05cb-443c-9fdd-fa1debf04523@group-BCB82A5C07F5-FollowerState: change to CANDIDATE, lastRpcTime:192ms, electionTimeout:192ms
2019-10-18 07:24:15,606 [Thread-10864] INFO  impl.RoleInfo (RoleInfo.java:shutdownFollowerState(121)) - 12ad0800-05cb-443c-9fdd-fa1debf04523: shutdown FollowerState
2019-10-18 07:24:15,606 [Thread-10864] INFO  impl.RaftServerImpl (RaftServerImpl.java:setRole(184)) - 12ad0800-05cb-443c-9fdd-fa1debf04523@group-BCB82A5C07F5: changes role from  FOLLOWER to CANDIDATE at term 200 for changeToCandidate
2019-10-18 07:24:15,606 [Thread-10864] INFO  impl.RoleInfo (RoleInfo.java:updateAndGet(143)) - 12ad0800-05cb-443c-9fdd-fa1debf04523: start LeaderElection
2019-10-18 07:24:15,637 [12ad0800-05cb-443c-9fdd-fa1debf04523@group-BCB82A5C07F5-LeaderElection1255] INFO  impl.LeaderElection (LeaderElection.java:askForVotes(178)) - 12ad0800-05cb-443c-9fdd-fa1debf04523@group-BCB82A5C07F5-LeaderElection1255: begin an election at term 201 for -1: [12ad0800-05cb-443c-9fdd-fa1debf04523:192.168.34.25:41155, 5170c5f3-8499-4b42-9321-85fc8a351f79:192.168.34.25:43074, 0b10a9fc-47eb-4a2b-b664-8273d9d17379:192.168.34.25:45248], old=null
2019-10-18 07:24:15,638 [12ad0800-05cb-443c-9fdd-fa1debf04523@group-BCB82A5C07F5-LeaderElection1255] INFO  impl.LeaderElection (LogUtils.java:infoOrTrace(149)) - 12ad0800-05cb-443c-9fdd-fa1debf04523@group-BCB82A5C07F5-LeaderElection1255 got exception when requesting votes: {}
java.util.concurrent.ExecutionException: org.apache.ratis.thirdparty.io.grpc.StatusRuntimeException: UNAVAILABLE: io exception
	at java.util.concurrent.FutureTask.report(FutureTask.java:122)
	at java.util.concurrent.FutureTask.get(FutureTask.java:192)
	at org.apache.ratis.server.impl.LeaderElection.waitForResults(LeaderElection.java:259)
	at org.apache.ratis.server.impl.LeaderElection.askForVotes(LeaderElection.java:197)
	at org.apache.ratis.server.impl.LeaderElection.run(LeaderElection.java:133)
	at java.lang.Thread.run(Thread.java:748)
Caused by: org.apache.ratis.thirdparty.io.grpc.StatusRuntimeException: UNAVAILABLE: io exception
	at org.apache.ratis.thirdparty.io.grpc.stub.ClientCalls.toStatusRuntimeException(ClientCalls.java:233)
	at org.apache.ratis.thirdparty.io.grpc.stub.ClientCalls.getUnchecked(ClientCalls.java:214)
	at org.apache.ratis.thirdparty.io.grpc.stub.ClientCalls.blockingUnaryCall(ClientCalls.java:139)
	at org.apache.ratis.proto.grpc.RaftServerProtocolServiceGrpc$RaftServerProtocolServiceBlockingStub.requestVote(RaftServerProtocolServiceGrpc.java:265)
	at org.apache.ratis.grpc.server.GrpcServerProtocolClient.requestVote(GrpcServerProtocolClient.java:99)
	at org.apache.ratis.grpc.server.GrpcService.requestVote(GrpcService.java:204)
	at org.apache.ratis.server.impl.LeaderElection.lambda$submitRequests$1(LeaderElection.java:234)
	at java.util.concurrent.FutureTask.run(FutureTask.java:266)
	at java.util.concurrent.Executors$RunnableAdapter.call(Executors.java:511)
	at java.util.concurrent.FutureTask.run(FutureTask.java:266)
	at java.util.concurrent.ThreadPoolExecutor.runWorker(ThreadPoolExecutor.java:1149)
	at java.util.concurrent.ThreadPoolExecutor$Worker.run(ThreadPoolExecutor.java:624)
	... 1 more
Caused by: org.apache.ratis.thirdparty.io.netty.channel.AbstractChannel$AnnotatedConnectException: Connection refused: /192.168.34.25:45248
	at sun.nio.ch.SocketChannelImpl.checkConnect(Native Method)
	at sun.nio.ch.SocketChannelImpl.finishConnect(SocketChannelImpl.java:717)
	at org.apache.ratis.thirdparty.io.netty.channel.socket.nio.NioSocketChannel.doFinishConnect(NioSocketChannel.java:327)
	at org.apache.ratis.thirdparty.io.netty.channel.nio.AbstractNioChannel$AbstractNioUnsafe.finishConnect(AbstractNioChannel.java:340)
	at org.apache.ratis.thirdparty.io.netty.channel.nio.NioEventLoop.processSelectedKey(NioEventLoop.java:632)
	at org.apache.ratis.thirdparty.io.netty.channel.nio.NioEventLoop.processSelectedKeysOptimized(NioEventLoop.java:579)
	at org.apache.ratis.thirdparty.io.netty.channel.nio.NioEventLoop.processSelectedKeys(NioEventLoop.java:496)
	at org.apache.ratis.thirdparty.io.netty.channel.nio.NioEventLoop.run(NioEventLoop.java:458)
	at org.apache.ratis.thirdparty.io.netty.util.concurrent.SingleThreadEventExecutor$5.run(SingleThreadEventExecutor.java:897)
	at org.apache.ratis.thirdparty.io.netty.util.concurrent.FastThreadLocalRunnable.run(FastThreadLocalRunnable.java:30)
	... 1 more
Caused by: java.net.ConnectException: Connection refused
	... 11 more
2019-10-18 07:24:15,639 [grpc-default-executor-4] INFO  impl.RaftServerImpl (RaftServerImpl.java:setRole(184)) - 5170c5f3-8499-4b42-9321-85fc8a351f79@group-BCB82A5C07F5: changes role from  FOLLOWER to FOLLOWER at term 201 for recognizeCandidate:12ad0800-05cb-443c-9fdd-fa1debf04523
2019-10-18 07:24:15,639 [grpc-default-executor-4] INFO  impl.RoleInfo (RoleInfo.java:shutdownFollowerState(121)) - 5170c5f3-8499-4b42-9321-85fc8a351f79: shutdown FollowerState
2019-10-18 07:24:15,639 [grpc-default-executor-4] INFO  impl.RoleInfo (RoleInfo.java:updateAndGet(143)) - 5170c5f3-8499-4b42-9321-85fc8a351f79: start FollowerState
2019-10-18 07:24:15,639 [Thread-10863] INFO  impl.FollowerState (FollowerState.java:run(117)) - 5170c5f3-8499-4b42-9321-85fc8a351f79@group-BCB82A5C07F5-FollowerState was interrupted: java.lang.InterruptedException: sleep interrupted
2019-10-18 07:24:15,656 [12ad0800-05cb-443c-9fdd-fa1debf04523@group-BCB82A5C07F5-LeaderElection1255] INFO  impl.LeaderElection (LeaderElection.java:logAndReturn(56)) - 12ad0800-05cb-443c-9fdd-fa1debf04523@group-BCB82A5C07F5-LeaderElection1255: Election TIMEOUT; received 0 response(s) [] and 1 exception(s); 12ad0800-05cb-443c-9fdd-fa1debf04523@group-BCB82A5C07F5:t201, leader=null, voted=12ad0800-05cb-443c-9fdd-fa1debf04523, raftlog=12ad0800-05cb-443c-9fdd-fa1debf04523@group-BCB82A5C07F5-SegmentedRaftLog:OPENED:c-1,f-1,i0, conf=-1: [12ad0800-05cb-443c-9fdd-fa1debf04523:192.168.34.25:41155, 5170c5f3-8499-4b42-9321-85fc8a351f79:192.168.34.25:43074, 0b10a9fc-47eb-4a2b-b664-8273d9d17379:192.168.34.25:45248], old=null
2019-10-18 07:24:15,656 [12ad0800-05cb-443c-9fdd-fa1debf04523@group-BCB82A5C07F5-LeaderElection1255] INFO  impl.LeaderElection (LogUtils.java:infoOrTrace(149)) -   Exception 0: {}
java.util.concurrent.ExecutionException: org.apache.ratis.thirdparty.io.grpc.StatusRuntimeException: UNAVAILABLE: io exception
	at java.util.concurrent.FutureTask.report(FutureTask.java:122)
	at java.util.concurrent.FutureTask.get(FutureTask.java:192)
	at org.apache.ratis.server.impl.LeaderElection.waitForResults(LeaderElection.java:259)
	at org.apache.ratis.server.impl.LeaderElection.askForVotes(LeaderElection.java:197)
	at org.apache.ratis.server.impl.LeaderElection.run(LeaderElection.java:133)
	at java.lang.Thread.run(Thread.java:748)
Caused by: org.apache.ratis.thirdparty.io.grpc.StatusRuntimeException: UNAVAILABLE: io exception
	at org.apache.ratis.thirdparty.io.grpc.stub.ClientCalls.toStatusRuntimeException(ClientCalls.java:233)
	at org.apache.ratis.thirdparty.io.grpc.stub.ClientCalls.getUnchecked(ClientCalls.java:214)
	at org.apache.ratis.thirdparty.io.grpc.stub.ClientCalls.blockingUnaryCall(ClientCalls.java:139)
	at org.apache.ratis.proto.grpc.RaftServerProtocolServiceGrpc$RaftServerProtocolServiceBlockingStub.requestVote(RaftServerProtocolServiceGrpc.java:265)
	at org.apache.ratis.grpc.server.GrpcServerProtocolClient.requestVote(GrpcServerProtocolClient.java:99)
	at org.apache.ratis.grpc.server.GrpcService.requestVote(GrpcService.java:204)
	at org.apache.ratis.server.impl.LeaderElection.lambda$submitRequests$1(LeaderElection.java:234)
	at java.util.concurrent.FutureTask.run(FutureTask.java:266)
	at java.util.concurrent.Executors$RunnableAdapter.call(Executors.java:511)
	at java.util.concurrent.FutureTask.run(FutureTask.java:266)
	at java.util.concurrent.ThreadPoolExecutor.runWorker(ThreadPoolExecutor.java:1149)
	at java.util.concurrent.ThreadPoolExecutor$Worker.run(ThreadPoolExecutor.java:624)
	... 1 more
Caused by: org.apache.ratis.thirdparty.io.netty.channel.AbstractChannel$AnnotatedConnectException: Connection refused: /192.168.34.25:45248
	at sun.nio.ch.SocketChannelImpl.checkConnect(Native Method)
	at sun.nio.ch.SocketChannelImpl.finishConnect(SocketChannelImpl.java:717)
	at org.apache.ratis.thirdparty.io.netty.channel.socket.nio.NioSocketChannel.doFinishConnect(NioSocketChannel.java:327)
	at org.apache.ratis.thirdparty.io.netty.channel.nio.AbstractNioChannel$AbstractNioUnsafe.finishConnect(AbstractNioChannel.java:340)
	at org.apache.ratis.thirdparty.io.netty.channel.nio.NioEventLoop.processSelectedKey(NioEventLoop.java:632)
	at org.apache.ratis.thirdparty.io.netty.channel.nio.NioEventLoop.processSelectedKeysOptimized(NioEventLoop.java:579)
	at org.apache.ratis.thirdparty.io.netty.channel.nio.NioEventLoop.processSelectedKeys(NioEventLoop.java:496)
	at org.apache.ratis.thirdparty.io.netty.channel.nio.NioEventLoop.run(NioEventLoop.java:458)
	at org.apache.ratis.thirdparty.io.netty.util.concurrent.SingleThreadEventExecutor$5.run(SingleThreadEventExecutor.java:897)
	at org.apache.ratis.thirdparty.io.netty.util.concurrent.FastThreadLocalRunnable.run(FastThreadLocalRunnable.java:30)
	... 1 more
Caused by: java.net.ConnectException: Connection refused
	... 11 more
2019-10-18 07:24:15,696 [Thread-10718] INFO  impl.FollowerState (FollowerState.java:run(108)) - 67270882-100a-4e75-928d-618d17e069c8@group-0C9C3B2D0CC1-FollowerState: change to CANDIDATE, lastRpcTime:1638ms, electionTimeout:1085ms
2019-10-18 07:24:15,696 [Thread-10718] INFO  impl.RoleInfo (RoleInfo.java:shutdownFollowerState(121)) - 67270882-100a-4e75-928d-618d17e069c8: shutdown FollowerState
2019-10-18 07:24:15,696 [Thread-10718] INFO  impl.RaftServerImpl (RaftServerImpl.java:setRole(184)) - 67270882-100a-4e75-928d-618d17e069c8@group-0C9C3B2D0CC1: changes role from  FOLLOWER to CANDIDATE at term 150 for changeToCandidate
2019-10-18 07:24:15,696 [Thread-10718] INFO  impl.RoleInfo (RoleInfo.java:updateAndGet(143)) - 67270882-100a-4e75-928d-618d17e069c8: start LeaderElection
2019-10-18 07:24:15,696 [67270882-100a-4e75-928d-618d17e069c8@group-0C9C3B2D0CC1-LeaderElection1256] INFO  impl.RaftServerImpl (ServerState.java:setLeader(256)) - 67270882-100a-4e75-928d-618d17e069c8@group-0C9C3B2D0CC1: change Leader from 6633f50a-7046-4b08-9937-8e25f1b14b15 to null at term 150 for initElection
2019-10-18 07:24:15,696 [12ad0800-05cb-443c-9fdd-fa1debf04523@group-BCB82A5C07F5-LeaderElection1255] INFO  impl.LeaderElection (LeaderElection.java:askForVotes(178)) - 12ad0800-05cb-443c-9fdd-fa1debf04523@group-BCB82A5C07F5-LeaderElection1255: begin an election at term 202 for -1: [12ad0800-05cb-443c-9fdd-fa1debf04523:192.168.34.25:41155, 5170c5f3-8499-4b42-9321-85fc8a351f79:192.168.34.25:43074, 0b10a9fc-47eb-4a2b-b664-8273d9d17379:192.168.34.25:45248], old=null
2019-10-18 07:24:15,697 [12ad0800-05cb-443c-9fdd-fa1debf04523@group-BCB82A5C07F5-LeaderElection1255] INFO  impl.LeaderElection (LogUtils.java:infoOrTrace(149)) - 12ad0800-05cb-443c-9fdd-fa1debf04523@group-BCB82A5C07F5-LeaderElection1255 got exception when requesting votes: {}
java.util.concurrent.ExecutionException: org.apache.ratis.thirdparty.io.grpc.StatusRuntimeException: UNAVAILABLE: io exception
	at java.util.concurrent.FutureTask.report(FutureTask.java:122)
	at java.util.concurrent.FutureTask.get(FutureTask.java:192)
	at org.apache.ratis.server.impl.LeaderElection.waitForResults(LeaderElection.java:259)
	at org.apache.ratis.server.impl.LeaderElection.askForVotes(LeaderElection.java:197)
	at org.apache.ratis.server.impl.LeaderElection.run(LeaderElection.java:133)
	at java.lang.Thread.run(Thread.java:748)
Caused by: org.apache.ratis.thirdparty.io.grpc.StatusRuntimeException: UNAVAILABLE: io exception
	at org.apache.ratis.thirdparty.io.grpc.stub.ClientCalls.toStatusRuntimeException(ClientCalls.java:233)
	at org.apache.ratis.thirdparty.io.grpc.stub.ClientCalls.getUnchecked(ClientCalls.java:214)
	at org.apache.ratis.thirdparty.io.grpc.stub.ClientCalls.blockingUnaryCall(ClientCalls.java:139)
	at org.apache.ratis.proto.grpc.RaftServerProtocolServiceGrpc$RaftServerProtocolServiceBlockingStub.requestVote(RaftServerProtocolServiceGrpc.java:265)
	at org.apache.ratis.grpc.server.GrpcServerProtocolClient.requestVote(GrpcServerProtocolClient.java:99)
	at org.apache.ratis.grpc.server.GrpcService.requestVote(GrpcService.java:204)
	at org.apache.ratis.server.impl.LeaderElection.lambda$submitRequests$1(LeaderElection.java:234)
	at java.util.concurrent.FutureTask.run(FutureTask.java:266)
	at java.util.concurrent.Executors$RunnableAdapter.call(Executors.java:511)
	at java.util.concurrent.FutureTask.run(FutureTask.java:266)
	at java.util.concurrent.ThreadPoolExecutor.runWorker(ThreadPoolExecutor.java:1149)
	at java.util.concurrent.ThreadPoolExecutor$Worker.run(ThreadPoolExecutor.java:624)
	... 1 more
Caused by: org.apache.ratis.thirdparty.io.netty.channel.AbstractChannel$AnnotatedConnectException: Connection refused: /192.168.34.25:45248
	at sun.nio.ch.SocketChannelImpl.checkConnect(Native Method)
	at sun.nio.ch.SocketChannelImpl.finishConnect(SocketChannelImpl.java:717)
	at org.apache.ratis.thirdparty.io.netty.channel.socket.nio.NioSocketChannel.doFinishConnect(NioSocketChannel.java:327)
	at org.apache.ratis.thirdparty.io.netty.channel.nio.AbstractNioChannel$AbstractNioUnsafe.finishConnect(AbstractNioChannel.java:340)
	at org.apache.ratis.thirdparty.io.netty.channel.nio.NioEventLoop.processSelectedKey(NioEventLoop.java:632)
	at org.apache.ratis.thirdparty.io.netty.channel.nio.NioEventLoop.processSelectedKeysOptimized(NioEventLoop.java:579)
	at org.apache.ratis.thirdparty.io.netty.channel.nio.NioEventLoop.processSelectedKeys(NioEventLoop.java:496)
	at org.apache.ratis.thirdparty.io.netty.channel.nio.NioEventLoop.run(NioEventLoop.java:458)
	at org.apache.ratis.thirdparty.io.netty.util.concurrent.SingleThreadEventExecutor$5.run(SingleThreadEventExecutor.java:897)
	at org.apache.ratis.thirdparty.io.netty.util.concurrent.FastThreadLocalRunnable.run(FastThreadLocalRunnable.java:30)
	... 1 more
Caused by: java.net.ConnectException: Connection refused
	... 11 more
2019-10-18 07:24:15,698 [grpc-default-executor-4] INFO  impl.RaftServerImpl (RaftServerImpl.java:setRole(184)) - 5170c5f3-8499-4b42-9321-85fc8a351f79@group-BCB82A5C07F5: changes role from  FOLLOWER to FOLLOWER at term 202 for recognizeCandidate:12ad0800-05cb-443c-9fdd-fa1debf04523
2019-10-18 07:24:15,698 [grpc-default-executor-4] INFO  impl.RoleInfo (RoleInfo.java:shutdownFollowerState(121)) - 5170c5f3-8499-4b42-9321-85fc8a351f79: shutdown FollowerState
2019-10-18 07:24:15,698 [grpc-default-executor-4] INFO  impl.RoleInfo (RoleInfo.java:updateAndGet(143)) - 5170c5f3-8499-4b42-9321-85fc8a351f79: start FollowerState
2019-10-18 07:24:15,698 [Thread-10868] INFO  impl.FollowerState (FollowerState.java:run(117)) - 5170c5f3-8499-4b42-9321-85fc8a351f79@group-BCB82A5C07F5-FollowerState was interrupted: java.lang.InterruptedException: sleep interrupted
2019-10-18 07:24:15,717 [12ad0800-05cb-443c-9fdd-fa1debf04523@group-BCB82A5C07F5-LeaderElection1255] INFO  impl.LeaderElection (LeaderElection.java:logAndReturn(56)) - 12ad0800-05cb-443c-9fdd-fa1debf04523@group-BCB82A5C07F5-LeaderElection1255: Election TIMEOUT; received 0 response(s) [] and 1 exception(s); 12ad0800-05cb-443c-9fdd-fa1debf04523@group-BCB82A5C07F5:t202, leader=null, voted=12ad0800-05cb-443c-9fdd-fa1debf04523, raftlog=12ad0800-05cb-443c-9fdd-fa1debf04523@group-BCB82A5C07F5-SegmentedRaftLog:OPENED:c-1,f-1,i0, conf=-1: [12ad0800-05cb-443c-9fdd-fa1debf04523:192.168.34.25:41155, 5170c5f3-8499-4b42-9321-85fc8a351f79:192.168.34.25:43074, 0b10a9fc-47eb-4a2b-b664-8273d9d17379:192.168.34.25:45248], old=null
2019-10-18 07:24:15,717 [12ad0800-05cb-443c-9fdd-fa1debf04523@group-BCB82A5C07F5-LeaderElection1255] INFO  impl.LeaderElection (LogUtils.java:infoOrTrace(149)) -   Exception 0: {}
java.util.concurrent.ExecutionException: org.apache.ratis.thirdparty.io.grpc.StatusRuntimeException: UNAVAILABLE: io exception
	at java.util.concurrent.FutureTask.report(FutureTask.java:122)
	at java.util.concurrent.FutureTask.get(FutureTask.java:192)
	at org.apache.ratis.server.impl.LeaderElection.waitForResults(LeaderElection.java:259)
	at org.apache.ratis.server.impl.LeaderElection.askForVotes(LeaderElection.java:197)
	at org.apache.ratis.server.impl.LeaderElection.run(LeaderElection.java:133)
	at java.lang.Thread.run(Thread.java:748)
Caused by: org.apache.ratis.thirdparty.io.grpc.StatusRuntimeException: UNAVAILABLE: io exception
	at org.apache.ratis.thirdparty.io.grpc.stub.ClientCalls.toStatusRuntimeException(ClientCalls.java:233)
	at org.apache.ratis.thirdparty.io.grpc.stub.ClientCalls.getUnchecked(ClientCalls.java:214)
	at org.apache.ratis.thirdparty.io.grpc.stub.ClientCalls.blockingUnaryCall(ClientCalls.java:139)
	at org.apache.ratis.proto.grpc.RaftServerProtocolServiceGrpc$RaftServerProtocolServiceBlockingStub.requestVote(RaftServerProtocolServiceGrpc.java:265)
	at org.apache.ratis.grpc.server.GrpcServerProtocolClient.requestVote(GrpcServerProtocolClient.java:99)
	at org.apache.ratis.grpc.server.GrpcService.requestVote(GrpcService.java:204)
	at org.apache.ratis.server.impl.LeaderElection.lambda$submitRequests$1(LeaderElection.java:234)
	at java.util.concurrent.FutureTask.run(FutureTask.java:266)
	at java.util.concurrent.Executors$RunnableAdapter.call(Executors.java:511)
	at java.util.concurrent.FutureTask.run(FutureTask.java:266)
	at java.util.concurrent.ThreadPoolExecutor.runWorker(ThreadPoolExecutor.java:1149)
	at java.util.concurrent.ThreadPoolExecutor$Worker.run(ThreadPoolExecutor.java:624)
	... 1 more
Caused by: org.apache.ratis.thirdparty.io.netty.channel.AbstractChannel$AnnotatedConnectException: Connection refused: /192.168.34.25:45248
	at sun.nio.ch.SocketChannelImpl.checkConnect(Native Method)
	at sun.nio.ch.SocketChannelImpl.finishConnect(SocketChannelImpl.java:717)
	at org.apache.ratis.thirdparty.io.netty.channel.socket.nio.NioSocketChannel.doFinishConnect(NioSocketChannel.java:327)
	at org.apache.ratis.thirdparty.io.netty.channel.nio.AbstractNioChannel$AbstractNioUnsafe.finishConnect(AbstractNioChannel.java:340)
	at org.apache.ratis.thirdparty.io.netty.channel.nio.NioEventLoop.processSelectedKey(NioEventLoop.java:632)
	at org.apache.ratis.thirdparty.io.netty.channel.nio.NioEventLoop.processSelectedKeysOptimized(NioEventLoop.java:579)
	at org.apache.ratis.thirdparty.io.netty.channel.nio.NioEventLoop.processSelectedKeys(NioEventLoop.java:496)
	at org.apache.ratis.thirdparty.io.netty.channel.nio.NioEventLoop.run(NioEventLoop.java:458)
	at org.apache.ratis.thirdparty.io.netty.util.concurrent.SingleThreadEventExecutor$5.run(SingleThreadEventExecutor.java:897)
	at org.apache.ratis.thirdparty.io.netty.util.concurrent.FastThreadLocalRunnable.run(FastThreadLocalRunnable.java:30)
	... 1 more
Caused by: java.net.ConnectException: Connection refused
	... 11 more
2019-10-18 07:24:15,722 [67270882-100a-4e75-928d-618d17e069c8@group-0C9C3B2D0CC1-LeaderElection1256] INFO  impl.LeaderElection (LeaderElection.java:askForVotes(178)) - 67270882-100a-4e75-928d-618d17e069c8@group-0C9C3B2D0CC1-LeaderElection1256: begin an election at term 151 for 1: [6633f50a-7046-4b08-9937-8e25f1b14b15:192.168.34.25:39338, 67270882-100a-4e75-928d-618d17e069c8:192.168.34.25:36648, 4dea926d-4bc6-487a-9b9b-9fd457d0fae4:192.168.34.25:41624], old=null
2019-10-18 07:24:15,723 [67270882-100a-4e75-928d-618d17e069c8@group-0C9C3B2D0CC1-LeaderElection1256] INFO  impl.LeaderElection (LogUtils.java:infoOrTrace(149)) - 67270882-100a-4e75-928d-618d17e069c8@group-0C9C3B2D0CC1-LeaderElection1256 got exception when requesting votes: {}
java.util.concurrent.ExecutionException: org.apache.ratis.thirdparty.io.grpc.StatusRuntimeException: UNAVAILABLE: io exception
	at java.util.concurrent.FutureTask.report(FutureTask.java:122)
	at java.util.concurrent.FutureTask.get(FutureTask.java:192)
	at org.apache.ratis.server.impl.LeaderElection.waitForResults(LeaderElection.java:259)
	at org.apache.ratis.server.impl.LeaderElection.askForVotes(LeaderElection.java:197)
	at org.apache.ratis.server.impl.LeaderElection.run(LeaderElection.java:133)
	at java.lang.Thread.run(Thread.java:748)
Caused by: org.apache.ratis.thirdparty.io.grpc.StatusRuntimeException: UNAVAILABLE: io exception
	at org.apache.ratis.thirdparty.io.grpc.stub.ClientCalls.toStatusRuntimeException(ClientCalls.java:233)
	at org.apache.ratis.thirdparty.io.grpc.stub.ClientCalls.getUnchecked(ClientCalls.java:214)
	at org.apache.ratis.thirdparty.io.grpc.stub.ClientCalls.blockingUnaryCall(ClientCalls.java:139)
	at org.apache.ratis.proto.grpc.RaftServerProtocolServiceGrpc$RaftServerProtocolServiceBlockingStub.requestVote(RaftServerProtocolServiceGrpc.java:265)
	at org.apache.ratis.grpc.server.GrpcServerProtocolClient.requestVote(GrpcServerProtocolClient.java:99)
	at org.apache.ratis.grpc.server.GrpcService.requestVote(GrpcService.java:204)
	at org.apache.ratis.server.impl.LeaderElection.lambda$submitRequests$1(LeaderElection.java:234)
	at java.util.concurrent.FutureTask.run(FutureTask.java:266)
	at java.util.concurrent.Executors$RunnableAdapter.call(Executors.java:511)
	at java.util.concurrent.FutureTask.run(FutureTask.java:266)
	at java.util.concurrent.ThreadPoolExecutor.runWorker(ThreadPoolExecutor.java:1149)
	at java.util.concurrent.ThreadPoolExecutor$Worker.run(ThreadPoolExecutor.java:624)
	... 1 more
Caused by: org.apache.ratis.thirdparty.io.netty.channel.AbstractChannel$AnnotatedConnectException: Connection refused: /192.168.34.25:41624
	at sun.nio.ch.SocketChannelImpl.checkConnect(Native Method)
	at sun.nio.ch.SocketChannelImpl.finishConnect(SocketChannelImpl.java:717)
	at org.apache.ratis.thirdparty.io.netty.channel.socket.nio.NioSocketChannel.doFinishConnect(NioSocketChannel.java:327)
	at org.apache.ratis.thirdparty.io.netty.channel.nio.AbstractNioChannel$AbstractNioUnsafe.finishConnect(AbstractNioChannel.java:340)
	at org.apache.ratis.thirdparty.io.netty.channel.nio.NioEventLoop.processSelectedKey(NioEventLoop.java:632)
	at org.apache.ratis.thirdparty.io.netty.channel.nio.NioEventLoop.processSelectedKeysOptimized(NioEventLoop.java:579)
	at org.apache.ratis.thirdparty.io.netty.channel.nio.NioEventLoop.processSelectedKeys(NioEventLoop.java:496)
	at org.apache.ratis.thirdparty.io.netty.channel.nio.NioEventLoop.run(NioEventLoop.java:458)
	at org.apache.ratis.thirdparty.io.netty.util.concurrent.SingleThreadEventExecutor$5.run(SingleThreadEventExecutor.java:897)
	at org.apache.ratis.thirdparty.io.netty.util.concurrent.FastThreadLocalRunnable.run(FastThreadLocalRunnable.java:30)
	... 1 more
Caused by: java.net.ConnectException: Connection refused
	... 11 more
2019-10-18 07:24:15,724 [67270882-100a-4e75-928d-618d17e069c8@group-0C9C3B2D0CC1-LeaderElection1256] INFO  impl.LeaderElection (LogUtils.java:infoOrTrace(149)) - 67270882-100a-4e75-928d-618d17e069c8@group-0C9C3B2D0CC1-LeaderElection1256 got exception when requesting votes: {}
java.util.concurrent.ExecutionException: org.apache.ratis.thirdparty.io.grpc.StatusRuntimeException: UNAVAILABLE: io exception
	at java.util.concurrent.FutureTask.report(FutureTask.java:122)
	at java.util.concurrent.FutureTask.get(FutureTask.java:192)
	at org.apache.ratis.server.impl.LeaderElection.waitForResults(LeaderElection.java:259)
	at org.apache.ratis.server.impl.LeaderElection.askForVotes(LeaderElection.java:197)
	at org.apache.ratis.server.impl.LeaderElection.run(LeaderElection.java:133)
	at java.lang.Thread.run(Thread.java:748)
Caused by: org.apache.ratis.thirdparty.io.grpc.StatusRuntimeException: UNAVAILABLE: io exception
	at org.apache.ratis.thirdparty.io.grpc.stub.ClientCalls.toStatusRuntimeException(ClientCalls.java:233)
	at org.apache.ratis.thirdparty.io.grpc.stub.ClientCalls.getUnchecked(ClientCalls.java:214)
	at org.apache.ratis.thirdparty.io.grpc.stub.ClientCalls.blockingUnaryCall(ClientCalls.java:139)
	at org.apache.ratis.proto.grpc.RaftServerProtocolServiceGrpc$RaftServerProtocolServiceBlockingStub.requestVote(RaftServerProtocolServiceGrpc.java:265)
	at org.apache.ratis.grpc.server.GrpcServerProtocolClient.requestVote(GrpcServerProtocolClient.java:99)
	at org.apache.ratis.grpc.server.GrpcService.requestVote(GrpcService.java:204)
	at org.apache.ratis.server.impl.LeaderElection.lambda$submitRequests$1(LeaderElection.java:234)
	at java.util.concurrent.FutureTask.run(FutureTask.java:266)
	at java.util.concurrent.Executors$RunnableAdapter.call(Executors.java:511)
	at java.util.concurrent.FutureTask.run(FutureTask.java:266)
	at java.util.concurrent.ThreadPoolExecutor.runWorker(ThreadPoolExecutor.java:1149)
	at java.util.concurrent.ThreadPoolExecutor$Worker.run(ThreadPoolExecutor.java:624)
	... 1 more
Caused by: org.apache.ratis.thirdparty.io.netty.channel.AbstractChannel$AnnotatedConnectException: Connection refused: /192.168.34.25:39338
	at sun.nio.ch.SocketChannelImpl.checkConnect(Native Method)
	at sun.nio.ch.SocketChannelImpl.finishConnect(SocketChannelImpl.java:717)
	at org.apache.ratis.thirdparty.io.netty.channel.socket.nio.NioSocketChannel.doFinishConnect(NioSocketChannel.java:327)
	at org.apache.ratis.thirdparty.io.netty.channel.nio.AbstractNioChannel$AbstractNioUnsafe.finishConnect(AbstractNioChannel.java:340)
	at org.apache.ratis.thirdparty.io.netty.channel.nio.NioEventLoop.processSelectedKey(NioEventLoop.java:632)
	at org.apache.ratis.thirdparty.io.netty.channel.nio.NioEventLoop.processSelectedKeysOptimized(NioEventLoop.java:579)
	at org.apache.ratis.thirdparty.io.netty.channel.nio.NioEventLoop.processSelectedKeys(NioEventLoop.java:496)
	at org.apache.ratis.thirdparty.io.netty.channel.nio.NioEventLoop.run(NioEventLoop.java:458)
	at org.apache.ratis.thirdparty.io.netty.util.concurrent.SingleThreadEventExecutor$5.run(SingleThreadEventExecutor.java:897)
	at org.apache.ratis.thirdparty.io.netty.util.concurrent.FastThreadLocalRunnable.run(FastThreadLocalRunnable.java:30)
	... 1 more
Caused by: java.net.ConnectException: Connection refused
	... 11 more
2019-10-18 07:24:15,725 [67270882-100a-4e75-928d-618d17e069c8@group-0C9C3B2D0CC1-LeaderElection1256] INFO  impl.LeaderElection (LeaderElection.java:logAndReturn(56)) - 67270882-100a-4e75-928d-618d17e069c8@group-0C9C3B2D0CC1-LeaderElection1256: Election REJECTED; received 0 response(s) [] and 2 exception(s); 67270882-100a-4e75-928d-618d17e069c8@group-0C9C3B2D0CC1:t151, leader=null, voted=67270882-100a-4e75-928d-618d17e069c8, raftlog=67270882-100a-4e75-928d-618d17e069c8@group-0C9C3B2D0CC1-SegmentedRaftLog:OPENED:c2,f2,i2, conf=1: [6633f50a-7046-4b08-9937-8e25f1b14b15:192.168.34.25:39338, 67270882-100a-4e75-928d-618d17e069c8:192.168.34.25:36648, 4dea926d-4bc6-487a-9b9b-9fd457d0fae4:192.168.34.25:41624], old=null
2019-10-18 07:24:15,725 [67270882-100a-4e75-928d-618d17e069c8@group-0C9C3B2D0CC1-LeaderElection1256] INFO  impl.LeaderElection (LogUtils.java:infoOrTrace(149)) -   Exception 0: {}
java.util.concurrent.ExecutionException: org.apache.ratis.thirdparty.io.grpc.StatusRuntimeException: UNAVAILABLE: io exception
	at java.util.concurrent.FutureTask.report(FutureTask.java:122)
	at java.util.concurrent.FutureTask.get(FutureTask.java:192)
	at org.apache.ratis.server.impl.LeaderElection.waitForResults(LeaderElection.java:259)
	at org.apache.ratis.server.impl.LeaderElection.askForVotes(LeaderElection.java:197)
	at org.apache.ratis.server.impl.LeaderElection.run(LeaderElection.java:133)
	at java.lang.Thread.run(Thread.java:748)
Caused by: org.apache.ratis.thirdparty.io.grpc.StatusRuntimeException: UNAVAILABLE: io exception
	at org.apache.ratis.thirdparty.io.grpc.stub.ClientCalls.toStatusRuntimeException(ClientCalls.java:233)
	at org.apache.ratis.thirdparty.io.grpc.stub.ClientCalls.getUnchecked(ClientCalls.java:214)
	at org.apache.ratis.thirdparty.io.grpc.stub.ClientCalls.blockingUnaryCall(ClientCalls.java:139)
	at org.apache.ratis.proto.grpc.RaftServerProtocolServiceGrpc$RaftServerProtocolServiceBlockingStub.requestVote(RaftServerProtocolServiceGrpc.java:265)
	at org.apache.ratis.grpc.server.GrpcServerProtocolClient.requestVote(GrpcServerProtocolClient.java:99)
	at org.apache.ratis.grpc.server.GrpcService.requestVote(GrpcService.java:204)
	at org.apache.ratis.server.impl.LeaderElection.lambda$submitRequests$1(LeaderElection.java:234)
	at java.util.concurrent.FutureTask.run(FutureTask.java:266)
	at java.util.concurrent.Executors$RunnableAdapter.call(Executors.java:511)
	at java.util.concurrent.FutureTask.run(FutureTask.java:266)
	at java.util.concurrent.ThreadPoolExecutor.runWorker(ThreadPoolExecutor.java:1149)
	at java.util.concurrent.ThreadPoolExecutor$Worker.run(ThreadPoolExecutor.java:624)
	... 1 more
Caused by: org.apache.ratis.thirdparty.io.netty.channel.AbstractChannel$AnnotatedConnectException: Connection refused: /192.168.34.25:41624
	at sun.nio.ch.SocketChannelImpl.checkConnect(Native Method)
	at sun.nio.ch.SocketChannelImpl.finishConnect(SocketChannelImpl.java:717)
	at org.apache.ratis.thirdparty.io.netty.channel.socket.nio.NioSocketChannel.doFinishConnect(NioSocketChannel.java:327)
	at org.apache.ratis.thirdparty.io.netty.channel.nio.AbstractNioChannel$AbstractNioUnsafe.finishConnect(AbstractNioChannel.java:340)
	at org.apache.ratis.thirdparty.io.netty.channel.nio.NioEventLoop.processSelectedKey(NioEventLoop.java:632)
	at org.apache.ratis.thirdparty.io.netty.channel.nio.NioEventLoop.processSelectedKeysOptimized(NioEventLoop.java:579)
	at org.apache.ratis.thirdparty.io.netty.channel.nio.NioEventLoop.processSelectedKeys(NioEventLoop.java:496)
	at org.apache.ratis.thirdparty.io.netty.channel.nio.NioEventLoop.run(NioEventLoop.java:458)
	at org.apache.ratis.thirdparty.io.netty.util.concurrent.SingleThreadEventExecutor$5.run(SingleThreadEventExecutor.java:897)
	at org.apache.ratis.thirdparty.io.netty.util.concurrent.FastThreadLocalRunnable.run(FastThreadLocalRunnable.java:30)
	... 1 more
Caused by: java.net.ConnectException: Connection refused
	... 11 more
2019-10-18 07:24:15,725 [67270882-100a-4e75-928d-618d17e069c8@group-0C9C3B2D0CC1-LeaderElection1256] INFO  impl.LeaderElection (LogUtils.java:infoOrTrace(149)) -   Exception 1: {}
java.util.concurrent.ExecutionException: org.apache.ratis.thirdparty.io.grpc.StatusRuntimeException: UNAVAILABLE: io exception
	at java.util.concurrent.FutureTask.report(FutureTask.java:122)
	at java.util.concurrent.FutureTask.get(FutureTask.java:192)
	at org.apache.ratis.server.impl.LeaderElection.waitForResults(LeaderElection.java:259)
	at org.apache.ratis.server.impl.LeaderElection.askForVotes(LeaderElection.java:197)
	at org.apache.ratis.server.impl.LeaderElection.run(LeaderElection.java:133)
	at java.lang.Thread.run(Thread.java:748)
Caused by: org.apache.ratis.thirdparty.io.grpc.StatusRuntimeException: UNAVAILABLE: io exception
	at org.apache.ratis.thirdparty.io.grpc.stub.ClientCalls.toStatusRuntimeException(ClientCalls.java:233)
	at org.apache.ratis.thirdparty.io.grpc.stub.ClientCalls.getUnchecked(ClientCalls.java:214)
	at org.apache.ratis.thirdparty.io.grpc.stub.ClientCalls.blockingUnaryCall(ClientCalls.java:139)
	at org.apache.ratis.proto.grpc.RaftServerProtocolServiceGrpc$RaftServerProtocolServiceBlockingStub.requestVote(RaftServerProtocolServiceGrpc.java:265)
	at org.apache.ratis.grpc.server.GrpcServerProtocolClient.requestVote(GrpcServerProtocolClient.java:99)
	at org.apache.ratis.grpc.server.GrpcService.requestVote(GrpcService.java:204)
	at org.apache.ratis.server.impl.LeaderElection.lambda$submitRequests$1(LeaderElection.java:234)
	at java.util.concurrent.FutureTask.run(FutureTask.java:266)
	at java.util.concurrent.Executors$RunnableAdapter.call(Executors.java:511)
	at java.util.concurrent.FutureTask.run(FutureTask.java:266)
	at java.util.concurrent.ThreadPoolExecutor.runWorker(ThreadPoolExecutor.java:1149)
	at java.util.concurrent.ThreadPoolExecutor$Worker.run(ThreadPoolExecutor.java:624)
	... 1 more
Caused by: org.apache.ratis.thirdparty.io.netty.channel.AbstractChannel$AnnotatedConnectException: Connection refused: /192.168.34.25:39338
	at sun.nio.ch.SocketChannelImpl.checkConnect(Native Method)
	at sun.nio.ch.SocketChannelImpl.finishConnect(SocketChannelImpl.java:717)
	at org.apache.ratis.thirdparty.io.netty.channel.socket.nio.NioSocketChannel.doFinishConnect(NioSocketChannel.java:327)
	at org.apache.ratis.thirdparty.io.netty.channel.nio.AbstractNioChannel$AbstractNioUnsafe.finishConnect(AbstractNioChannel.java:340)
	at org.apache.ratis.thirdparty.io.netty.channel.nio.NioEventLoop.processSelectedKey(NioEventLoop.java:632)
	at org.apache.ratis.thirdparty.io.netty.channel.nio.NioEventLoop.processSelectedKeysOptimized(NioEventLoop.java:579)
	at org.apache.ratis.thirdparty.io.netty.channel.nio.NioEventLoop.processSelectedKeys(NioEventLoop.java:496)
	at org.apache.ratis.thirdparty.io.netty.channel.nio.NioEventLoop.run(NioEventLoop.java:458)
	at org.apache.ratis.thirdparty.io.netty.util.concurrent.SingleThreadEventExecutor$5.run(SingleThreadEventExecutor.java:897)
	at org.apache.ratis.thirdparty.io.netty.util.concurrent.FastThreadLocalRunnable.run(FastThreadLocalRunnable.java:30)
	... 1 more
Caused by: java.net.ConnectException: Connection refused
	... 11 more
2019-10-18 07:24:15,726 [67270882-100a-4e75-928d-618d17e069c8@group-0C9C3B2D0CC1-LeaderElection1256] INFO  impl.RaftServerImpl (RaftServerImpl.java:setRole(184)) - 67270882-100a-4e75-928d-618d17e069c8@group-0C9C3B2D0CC1: changes role from CANDIDATE to FOLLOWER at term 151 for DISCOVERED_A_NEW_TERM
2019-10-18 07:24:15,726 [67270882-100a-4e75-928d-618d17e069c8@group-0C9C3B2D0CC1-LeaderElection1256] INFO  impl.RoleInfo (RoleInfo.java:shutdownLeaderElection(134)) - 67270882-100a-4e75-928d-618d17e069c8: shutdown LeaderElection
2019-10-18 07:24:15,726 [67270882-100a-4e75-928d-618d17e069c8@group-0C9C3B2D0CC1-LeaderElection1256] INFO  impl.RoleInfo (RoleInfo.java:updateAndGet(143)) - 67270882-100a-4e75-928d-618d17e069c8: start FollowerState
2019-10-18 07:24:15,739 [12ad0800-05cb-443c-9fdd-fa1debf04523@group-BCB82A5C07F5-LeaderElection1255] INFO  impl.LeaderElection (LeaderElection.java:askForVotes(178)) - 12ad0800-05cb-443c-9fdd-fa1debf04523@group-BCB82A5C07F5-LeaderElection1255: begin an election at term 203 for -1: [12ad0800-05cb-443c-9fdd-fa1debf04523:192.168.34.25:41155, 5170c5f3-8499-4b42-9321-85fc8a351f79:192.168.34.25:43074, 0b10a9fc-47eb-4a2b-b664-8273d9d17379:192.168.34.25:45248], old=null
2019-10-18 07:24:15,740 [12ad0800-05cb-443c-9fdd-fa1debf04523@group-BCB82A5C07F5-LeaderElection1255] INFO  impl.LeaderElection (LogUtils.java:infoOrTrace(149)) - 12ad0800-05cb-443c-9fdd-fa1debf04523@group-BCB82A5C07F5-LeaderElection1255 got exception when requesting votes: {}
java.util.concurrent.ExecutionException: org.apache.ratis.thirdparty.io.grpc.StatusRuntimeException: UNAVAILABLE: io exception
	at java.util.concurrent.FutureTask.report(FutureTask.java:122)
	at java.util.concurrent.FutureTask.get(FutureTask.java:192)
	at org.apache.ratis.server.impl.LeaderElection.waitForResults(LeaderElection.java:259)
	at org.apache.ratis.server.impl.LeaderElection.askForVotes(LeaderElection.java:197)
	at org.apache.ratis.server.impl.LeaderElection.run(LeaderElection.java:133)
	at java.lang.Thread.run(Thread.java:748)
Caused by: org.apache.ratis.thirdparty.io.grpc.StatusRuntimeException: UNAVAILABLE: io exception
	at org.apache.ratis.thirdparty.io.grpc.stub.ClientCalls.toStatusRuntimeException(ClientCalls.java:233)
	at org.apache.ratis.thirdparty.io.grpc.stub.ClientCalls.getUnchecked(ClientCalls.java:214)
	at org.apache.ratis.thirdparty.io.grpc.stub.ClientCalls.blockingUnaryCall(ClientCalls.java:139)
	at org.apache.ratis.proto.grpc.RaftServerProtocolServiceGrpc$RaftServerProtocolServiceBlockingStub.requestVote(RaftServerProtocolServiceGrpc.java:265)
	at org.apache.ratis.grpc.server.GrpcServerProtocolClient.requestVote(GrpcServerProtocolClient.java:99)
	at org.apache.ratis.grpc.server.GrpcService.requestVote(GrpcService.java:204)
	at org.apache.ratis.server.impl.LeaderElection.lambda$submitRequests$1(LeaderElection.java:234)
	at java.util.concurrent.FutureTask.run(FutureTask.java:266)
	at java.util.concurrent.Executors$RunnableAdapter.call(Executors.java:511)
	at java.util.concurrent.FutureTask.run(FutureTask.java:266)
	at java.util.concurrent.ThreadPoolExecutor.runWorker(ThreadPoolExecutor.java:1149)
	at java.util.concurrent.ThreadPoolExecutor$Worker.run(ThreadPoolExecutor.java:624)
	... 1 more
Caused by: org.apache.ratis.thirdparty.io.netty.channel.AbstractChannel$AnnotatedConnectException: Connection refused: /192.168.34.25:45248
	at sun.nio.ch.SocketChannelImpl.checkConnect(Native Method)
	at sun.nio.ch.SocketChannelImpl.finishConnect(SocketChannelImpl.java:717)
	at org.apache.ratis.thirdparty.io.netty.channel.socket.nio.NioSocketChannel.doFinishConnect(NioSocketChannel.java:327)
	at org.apache.ratis.thirdparty.io.netty.channel.nio.AbstractNioChannel$AbstractNioUnsafe.finishConnect(AbstractNioChannel.java:340)
	at org.apache.ratis.thirdparty.io.netty.channel.nio.NioEventLoop.processSelectedKey(NioEventLoop.java:632)
	at org.apache.ratis.thirdparty.io.netty.channel.nio.NioEventLoop.processSelectedKeysOptimized(NioEventLoop.java:579)
	at org.apache.ratis.thirdparty.io.netty.channel.nio.NioEventLoop.processSelectedKeys(NioEventLoop.java:496)
	at org.apache.ratis.thirdparty.io.netty.channel.nio.NioEventLoop.run(NioEventLoop.java:458)
	at org.apache.ratis.thirdparty.io.netty.util.concurrent.SingleThreadEventExecutor$5.run(SingleThreadEventExecutor.java:897)
	at org.apache.ratis.thirdparty.io.netty.util.concurrent.FastThreadLocalRunnable.run(FastThreadLocalRunnable.java:30)
	... 1 more
Caused by: java.net.ConnectException: Connection refused
	... 11 more
2019-10-18 07:24:15,740 [grpc-default-executor-4] INFO  impl.RaftServerImpl (RaftServerImpl.java:setRole(184)) - 5170c5f3-8499-4b42-9321-85fc8a351f79@group-BCB82A5C07F5: changes role from  FOLLOWER to FOLLOWER at term 203 for recognizeCandidate:12ad0800-05cb-443c-9fdd-fa1debf04523
2019-10-18 07:24:15,740 [grpc-default-executor-4] INFO  impl.RoleInfo (RoleInfo.java:shutdownFollowerState(121)) - 5170c5f3-8499-4b42-9321-85fc8a351f79: shutdown FollowerState
2019-10-18 07:24:15,740 [grpc-default-executor-4] INFO  impl.RoleInfo (RoleInfo.java:updateAndGet(143)) - 5170c5f3-8499-4b42-9321-85fc8a351f79: start FollowerState
2019-10-18 07:24:15,740 [Thread-10872] INFO  impl.FollowerState (FollowerState.java:run(117)) - 5170c5f3-8499-4b42-9321-85fc8a351f79@group-BCB82A5C07F5-FollowerState was interrupted: java.lang.InterruptedException: sleep interrupted
2019-10-18 07:24:15,761 [java.util.concurrent.ThreadPoolExecutor$Worker@1ddf09da[State = -1, empty queue]] WARN  server.GrpcLogAppender (GrpcLogAppender.java:timeoutAppendRequest(209)) - 030c2313-1c2c-4b42-81fb-cb58ee93f992@group-E193FE271C99->9712a796-5281-4f3e-ac85-61dedd90db73-GrpcLogAppender: appendEntries Timeout, request=030c2313-1c2c-4b42-81fb-cb58ee93f992->9712a796-5281-4f3e-ac85-61dedd90db73#58-t1, previous=(t:1, i:10), leaderCommit=10, initializing? false, entries: <empty>
2019-10-18 07:24:15,766 [12ad0800-05cb-443c-9fdd-fa1debf04523@group-BCB82A5C07F5-LeaderElection1255] INFO  impl.LeaderElection (LeaderElection.java:logAndReturn(56)) - 12ad0800-05cb-443c-9fdd-fa1debf04523@group-BCB82A5C07F5-LeaderElection1255: Election REJECTED; received 1 response(s) [12ad0800-05cb-443c-9fdd-fa1debf04523<-5170c5f3-8499-4b42-9321-85fc8a351f79#0:FAIL-t203] and 1 exception(s); 12ad0800-05cb-443c-9fdd-fa1debf04523@group-BCB82A5C07F5:t203, leader=null, voted=12ad0800-05cb-443c-9fdd-fa1debf04523, raftlog=12ad0800-05cb-443c-9fdd-fa1debf04523@group-BCB82A5C07F5-SegmentedRaftLog:OPENED:c-1,f-1,i0, conf=-1: [12ad0800-05cb-443c-9fdd-fa1debf04523:192.168.34.25:41155, 5170c5f3-8499-4b42-9321-85fc8a351f79:192.168.34.25:43074, 0b10a9fc-47eb-4a2b-b664-8273d9d17379:192.168.34.25:45248], old=null
2019-10-18 07:24:15,766 [12ad0800-05cb-443c-9fdd-fa1debf04523@group-BCB82A5C07F5-LeaderElection1255] INFO  impl.LeaderElection (LogUtils.java:infoOrTrace(149)) -   Exception 0: {}
java.util.concurrent.ExecutionException: org.apache.ratis.thirdparty.io.grpc.StatusRuntimeException: UNAVAILABLE: io exception
	at java.util.concurrent.FutureTask.report(FutureTask.java:122)
	at java.util.concurrent.FutureTask.get(FutureTask.java:192)
	at org.apache.ratis.server.impl.LeaderElection.waitForResults(LeaderElection.java:259)
	at org.apache.ratis.server.impl.LeaderElection.askForVotes(LeaderElection.java:197)
	at org.apache.ratis.server.impl.LeaderElection.run(LeaderElection.java:133)
	at java.lang.Thread.run(Thread.java:748)
Caused by: org.apache.ratis.thirdparty.io.grpc.StatusRuntimeException: UNAVAILABLE: io exception
	at org.apache.ratis.thirdparty.io.grpc.stub.ClientCalls.toStatusRuntimeException(ClientCalls.java:233)
	at org.apache.ratis.thirdparty.io.grpc.stub.ClientCalls.getUnchecked(ClientCalls.java:214)
	at org.apache.ratis.thirdparty.io.grpc.stub.ClientCalls.blockingUnaryCall(ClientCalls.java:139)
	at org.apache.ratis.proto.grpc.RaftServerProtocolServiceGrpc$RaftServerProtocolServiceBlockingStub.requestVote(RaftServerProtocolServiceGrpc.java:265)
	at org.apache.ratis.grpc.server.GrpcServerProtocolClient.requestVote(GrpcServerProtocolClient.java:99)
	at org.apache.ratis.grpc.server.GrpcService.requestVote(GrpcService.java:204)
	at org.apache.ratis.server.impl.LeaderElection.lambda$submitRequests$1(LeaderElection.java:234)
	at java.util.concurrent.FutureTask.run(FutureTask.java:266)
	at java.util.concurrent.Executors$RunnableAdapter.call(Executors.java:511)
	at java.util.concurrent.FutureTask.run(FutureTask.java:266)
	at java.util.concurrent.ThreadPoolExecutor.runWorker(ThreadPoolExecutor.java:1149)
	at java.util.concurrent.ThreadPoolExecutor$Worker.run(ThreadPoolExecutor.java:624)
	... 1 more
Caused by: org.apache.ratis.thirdparty.io.netty.channel.AbstractChannel$AnnotatedConnectException: Connection refused: /192.168.34.25:45248
	at sun.nio.ch.SocketChannelImpl.checkConnect(Native Method)
	at sun.nio.ch.SocketChannelImpl.finishConnect(SocketChannelImpl.java:717)
	at org.apache.ratis.thirdparty.io.netty.channel.socket.nio.NioSocketChannel.doFinishConnect(NioSocketChannel.java:327)
	at org.apache.ratis.thirdparty.io.netty.channel.nio.AbstractNioChannel$AbstractNioUnsafe.finishConnect(AbstractNioChannel.java:340)
	at org.apache.ratis.thirdparty.io.netty.channel.nio.NioEventLoop.processSelectedKey(NioEventLoop.java:632)
	at org.apache.ratis.thirdparty.io.netty.channel.nio.NioEventLoop.processSelectedKeysOptimized(NioEventLoop.java:579)
	at org.apache.ratis.thirdparty.io.netty.channel.nio.NioEventLoop.processSelectedKeys(NioEventLoop.java:496)
	at org.apache.ratis.thirdparty.io.netty.channel.nio.NioEventLoop.run(NioEventLoop.java:458)
	at org.apache.ratis.thirdparty.io.netty.util.concurrent.SingleThreadEventExecutor$5.run(SingleThreadEventExecutor.java:897)
	at org.apache.ratis.thirdparty.io.netty.util.concurrent.FastThreadLocalRunnable.run(FastThreadLocalRunnable.java:30)
	... 1 more
Caused by: java.net.ConnectException: Connection refused
	... 11 more
2019-10-18 07:24:15,766 [12ad0800-05cb-443c-9fdd-fa1debf04523@group-BCB82A5C07F5-LeaderElection1255] INFO  impl.RaftServerImpl (RaftServerImpl.java:setRole(184)) - 12ad0800-05cb-443c-9fdd-fa1debf04523@group-BCB82A5C07F5: changes role from CANDIDATE to FOLLOWER at term 203 for DISCOVERED_A_NEW_TERM
2019-10-18 07:24:15,766 [12ad0800-05cb-443c-9fdd-fa1debf04523@group-BCB82A5C07F5-LeaderElection1255] INFO  impl.RoleInfo (RoleInfo.java:shutdownLeaderElection(134)) - 12ad0800-05cb-443c-9fdd-fa1debf04523: shutdown LeaderElection
2019-10-18 07:24:15,766 [12ad0800-05cb-443c-9fdd-fa1debf04523@group-BCB82A5C07F5-LeaderElection1255] INFO  impl.RoleInfo (RoleInfo.java:updateAndGet(143)) - 12ad0800-05cb-443c-9fdd-fa1debf04523: start FollowerState
2019-10-18 07:24:15,963 [Thread-10879] INFO  impl.FollowerState (FollowerState.java:run(108)) - 12ad0800-05cb-443c-9fdd-fa1debf04523@group-BCB82A5C07F5-FollowerState: change to CANDIDATE, lastRpcTime:196ms, electionTimeout:196ms
2019-10-18 07:24:15,963 [Thread-10879] INFO  impl.RoleInfo (RoleInfo.java:shutdownFollowerState(121)) - 12ad0800-05cb-443c-9fdd-fa1debf04523: shutdown FollowerState
2019-10-18 07:24:15,963 [Thread-10879] INFO  impl.RaftServerImpl (RaftServerImpl.java:setRole(184)) - 12ad0800-05cb-443c-9fdd-fa1debf04523@group-BCB82A5C07F5: changes role from  FOLLOWER to CANDIDATE at term 203 for changeToCandidate
2019-10-18 07:24:15,963 [Thread-10879] INFO  impl.RoleInfo (RoleInfo.java:updateAndGet(143)) - 12ad0800-05cb-443c-9fdd-fa1debf04523: start LeaderElection
2019-10-18 07:24:15,999 [12ad0800-05cb-443c-9fdd-fa1debf04523@group-BCB82A5C07F5-LeaderElection1257] INFO  impl.LeaderElection (LeaderElection.java:askForVotes(178)) - 12ad0800-05cb-443c-9fdd-fa1debf04523@group-BCB82A5C07F5-LeaderElection1257: begin an election at term 204 for -1: [12ad0800-05cb-443c-9fdd-fa1debf04523:192.168.34.25:41155, 5170c5f3-8499-4b42-9321-85fc8a351f79:192.168.34.25:43074, 0b10a9fc-47eb-4a2b-b664-8273d9d17379:192.168.34.25:45248], old=null
2019-10-18 07:24:16,000 [12ad0800-05cb-443c-9fdd-fa1debf04523@group-BCB82A5C07F5-LeaderElection1257] INFO  impl.LeaderElection (LogUtils.java:infoOrTrace(149)) - 12ad0800-05cb-443c-9fdd-fa1debf04523@group-BCB82A5C07F5-LeaderElection1257 got exception when requesting votes: {}
java.util.concurrent.ExecutionException: org.apache.ratis.thirdparty.io.grpc.StatusRuntimeException: UNAVAILABLE: io exception
	at java.util.concurrent.FutureTask.report(FutureTask.java:122)
	at java.util.concurrent.FutureTask.get(FutureTask.java:192)
	at org.apache.ratis.server.impl.LeaderElection.waitForResults(LeaderElection.java:259)
	at org.apache.ratis.server.impl.LeaderElection.askForVotes(LeaderElection.java:197)
	at org.apache.ratis.server.impl.LeaderElection.run(LeaderElection.java:133)
	at java.lang.Thread.run(Thread.java:748)
Caused by: org.apache.ratis.thirdparty.io.grpc.StatusRuntimeException: UNAVAILABLE: io exception
	at org.apache.ratis.thirdparty.io.grpc.stub.ClientCalls.toStatusRuntimeException(ClientCalls.java:233)
	at org.apache.ratis.thirdparty.io.grpc.stub.ClientCalls.getUnchecked(ClientCalls.java:214)
	at org.apache.ratis.thirdparty.io.grpc.stub.ClientCalls.blockingUnaryCall(ClientCalls.java:139)
	at org.apache.ratis.proto.grpc.RaftServerProtocolServiceGrpc$RaftServerProtocolServiceBlockingStub.requestVote(RaftServerProtocolServiceGrpc.java:265)
	at org.apache.ratis.grpc.server.GrpcServerProtocolClient.requestVote(GrpcServerProtocolClient.java:99)
	at org.apache.ratis.grpc.server.GrpcService.requestVote(GrpcService.java:204)
	at org.apache.ratis.server.impl.LeaderElection.lambda$submitRequests$1(LeaderElection.java:234)
	at java.util.concurrent.FutureTask.run(FutureTask.java:266)
	at java.util.concurrent.Executors$RunnableAdapter.call(Executors.java:511)
	at java.util.concurrent.FutureTask.run(FutureTask.java:266)
	at java.util.concurrent.ThreadPoolExecutor.runWorker(ThreadPoolExecutor.java:1149)
	at java.util.concurrent.ThreadPoolExecutor$Worker.run(ThreadPoolExecutor.java:624)
	... 1 more
Caused by: org.apache.ratis.thirdparty.io.netty.channel.AbstractChannel$AnnotatedConnectException: Connection refused: /192.168.34.25:45248
	at sun.nio.ch.SocketChannelImpl.checkConnect(Native Method)
	at sun.nio.ch.SocketChannelImpl.finishConnect(SocketChannelImpl.java:717)
	at org.apache.ratis.thirdparty.io.netty.channel.socket.nio.NioSocketChannel.doFinishConnect(NioSocketChannel.java:327)
	at org.apache.ratis.thirdparty.io.netty.channel.nio.AbstractNioChannel$AbstractNioUnsafe.finishConnect(AbstractNioChannel.java:340)
	at org.apache.ratis.thirdparty.io.netty.channel.nio.NioEventLoop.processSelectedKey(NioEventLoop.java:632)
	at org.apache.ratis.thirdparty.io.netty.channel.nio.NioEventLoop.processSelectedKeysOptimized(NioEventLoop.java:579)
	at org.apache.ratis.thirdparty.io.netty.channel.nio.NioEventLoop.processSelectedKeys(NioEventLoop.java:496)
	at org.apache.ratis.thirdparty.io.netty.channel.nio.NioEventLoop.run(NioEventLoop.java:458)
	at org.apache.ratis.thirdparty.io.netty.util.concurrent.SingleThreadEventExecutor$5.run(SingleThreadEventExecutor.java:897)
	at org.apache.ratis.thirdparty.io.netty.util.concurrent.FastThreadLocalRunnable.run(FastThreadLocalRunnable.java:30)
	... 1 more
Caused by: java.net.ConnectException: Connection refused
	... 11 more
2019-10-18 07:24:16,001 [grpc-default-executor-4] INFO  impl.RaftServerImpl (RaftServerImpl.java:setRole(184)) - 5170c5f3-8499-4b42-9321-85fc8a351f79@group-BCB82A5C07F5: changes role from  FOLLOWER to FOLLOWER at term 204 for recognizeCandidate:12ad0800-05cb-443c-9fdd-fa1debf04523
2019-10-18 07:24:16,001 [grpc-default-executor-4] INFO  impl.RoleInfo (RoleInfo.java:shutdownFollowerState(121)) - 5170c5f3-8499-4b42-9321-85fc8a351f79: shutdown FollowerState
2019-10-18 07:24:16,001 [grpc-default-executor-4] INFO  impl.RoleInfo (RoleInfo.java:updateAndGet(143)) - 5170c5f3-8499-4b42-9321-85fc8a351f79: start FollowerState
2019-10-18 07:24:16,001 [Thread-10878] INFO  impl.FollowerState (FollowerState.java:run(117)) - 5170c5f3-8499-4b42-9321-85fc8a351f79@group-BCB82A5C07F5-FollowerState was interrupted: java.lang.InterruptedException: sleep interrupted
2019-10-18 07:24:16,025 [12ad0800-05cb-443c-9fdd-fa1debf04523@group-BCB82A5C07F5-LeaderElection1257] INFO  impl.LeaderElection (LeaderElection.java:logAndReturn(56)) - 12ad0800-05cb-443c-9fdd-fa1debf04523@group-BCB82A5C07F5-LeaderElection1257: Election REJECTED; received 1 response(s) [12ad0800-05cb-443c-9fdd-fa1debf04523<-5170c5f3-8499-4b42-9321-85fc8a351f79#0:FAIL-t204] and 1 exception(s); 12ad0800-05cb-443c-9fdd-fa1debf04523@group-BCB82A5C07F5:t204, leader=null, voted=12ad0800-05cb-443c-9fdd-fa1debf04523, raftlog=12ad0800-05cb-443c-9fdd-fa1debf04523@group-BCB82A5C07F5-SegmentedRaftLog:OPENED:c-1,f-1,i0, conf=-1: [12ad0800-05cb-443c-9fdd-fa1debf04523:192.168.34.25:41155, 5170c5f3-8499-4b42-9321-85fc8a351f79:192.168.34.25:43074, 0b10a9fc-47eb-4a2b-b664-8273d9d17379:192.168.34.25:45248], old=null
2019-10-18 07:24:16,025 [12ad0800-05cb-443c-9fdd-fa1debf04523@group-BCB82A5C07F5-LeaderElection1257] INFO  impl.LeaderElection (LogUtils.java:infoOrTrace(149)) -   Exception 0: {}
java.util.concurrent.ExecutionException: org.apache.ratis.thirdparty.io.grpc.StatusRuntimeException: UNAVAILABLE: io exception
	at java.util.concurrent.FutureTask.report(FutureTask.java:122)
	at java.util.concurrent.FutureTask.get(FutureTask.java:192)
	at org.apache.ratis.server.impl.LeaderElection.waitForResults(LeaderElection.java:259)
	at org.apache.ratis.server.impl.LeaderElection.askForVotes(LeaderElection.java:197)
	at org.apache.ratis.server.impl.LeaderElection.run(LeaderElection.java:133)
	at java.lang.Thread.run(Thread.java:748)
Caused by: org.apache.ratis.thirdparty.io.grpc.StatusRuntimeException: UNAVAILABLE: io exception
	at org.apache.ratis.thirdparty.io.grpc.stub.ClientCalls.toStatusRuntimeException(ClientCalls.java:233)
	at org.apache.ratis.thirdparty.io.grpc.stub.ClientCalls.getUnchecked(ClientCalls.java:214)
	at org.apache.ratis.thirdparty.io.grpc.stub.ClientCalls.blockingUnaryCall(ClientCalls.java:139)
	at org.apache.ratis.proto.grpc.RaftServerProtocolServiceGrpc$RaftServerProtocolServiceBlockingStub.requestVote(RaftServerProtocolServiceGrpc.java:265)
	at org.apache.ratis.grpc.server.GrpcServerProtocolClient.requestVote(GrpcServerProtocolClient.java:99)
	at org.apache.ratis.grpc.server.GrpcService.requestVote(GrpcService.java:204)
	at org.apache.ratis.server.impl.LeaderElection.lambda$submitRequests$1(LeaderElection.java:234)
	at java.util.concurrent.FutureTask.run(FutureTask.java:266)
	at java.util.concurrent.Executors$RunnableAdapter.call(Executors.java:511)
	at java.util.concurrent.FutureTask.run(FutureTask.java:266)
	at java.util.concurrent.ThreadPoolExecutor.runWorker(ThreadPoolExecutor.java:1149)
	at java.util.concurrent.ThreadPoolExecutor$Worker.run(ThreadPoolExecutor.java:624)
	... 1 more
Caused by: org.apache.ratis.thirdparty.io.netty.channel.AbstractChannel$AnnotatedConnectException: Connection refused: /192.168.34.25:45248
	at sun.nio.ch.SocketChannelImpl.checkConnect(Native Method)
	at sun.nio.ch.SocketChannelImpl.finishConnect(SocketChannelImpl.java:717)
	at org.apache.ratis.thirdparty.io.netty.channel.socket.nio.NioSocketChannel.doFinishConnect(NioSocketChannel.java:327)
	at org.apache.ratis.thirdparty.io.netty.channel.nio.AbstractNioChannel$AbstractNioUnsafe.finishConnect(AbstractNioChannel.java:340)
	at org.apache.ratis.thirdparty.io.netty.channel.nio.NioEventLoop.processSelectedKey(NioEventLoop.java:632)
	at org.apache.ratis.thirdparty.io.netty.channel.nio.NioEventLoop.processSelectedKeysOptimized(NioEventLoop.java:579)
	at org.apache.ratis.thirdparty.io.netty.channel.nio.NioEventLoop.processSelectedKeys(NioEventLoop.java:496)
	at org.apache.ratis.thirdparty.io.netty.channel.nio.NioEventLoop.run(NioEventLoop.java:458)
	at org.apache.ratis.thirdparty.io.netty.util.concurrent.SingleThreadEventExecutor$5.run(SingleThreadEventExecutor.java:897)
	at org.apache.ratis.thirdparty.io.netty.util.concurrent.FastThreadLocalRunnable.run(FastThreadLocalRunnable.java:30)
	... 1 more
Caused by: java.net.ConnectException: Connection refused
	... 11 more
2019-10-18 07:24:16,026 [12ad0800-05cb-443c-9fdd-fa1debf04523@group-BCB82A5C07F5-LeaderElection1257] INFO  impl.RaftServerImpl (RaftServerImpl.java:setRole(184)) - 12ad0800-05cb-443c-9fdd-fa1debf04523@group-BCB82A5C07F5: changes role from CANDIDATE to FOLLOWER at term 204 for DISCOVERED_A_NEW_TERM
2019-10-18 07:24:16,026 [12ad0800-05cb-443c-9fdd-fa1debf04523@group-BCB82A5C07F5-LeaderElection1257] INFO  impl.RoleInfo (RoleInfo.java:shutdownLeaderElection(134)) - 12ad0800-05cb-443c-9fdd-fa1debf04523: shutdown LeaderElection
2019-10-18 07:24:16,026 [12ad0800-05cb-443c-9fdd-fa1debf04523@group-BCB82A5C07F5-LeaderElection1257] INFO  impl.RoleInfo (RoleInfo.java:updateAndGet(143)) - 12ad0800-05cb-443c-9fdd-fa1debf04523: start FollowerState
2019-10-18 07:24:16,036 [Thread-10885] INFO  impl.FollowerState (FollowerState.java:run(108)) - 12ad0800-05cb-443c-9fdd-fa1debf04523@group-BCB82A5C07F5-FollowerState: change to CANDIDATE, lastRpcTime:10ms, electionTimeout:10ms
2019-10-18 07:24:16,036 [Thread-10885] INFO  impl.RoleInfo (RoleInfo.java:shutdownFollowerState(121)) - 12ad0800-05cb-443c-9fdd-fa1debf04523: shutdown FollowerState
2019-10-18 07:24:16,036 [Thread-10885] INFO  impl.RaftServerImpl (RaftServerImpl.java:setRole(184)) - 12ad0800-05cb-443c-9fdd-fa1debf04523@group-BCB82A5C07F5: changes role from  FOLLOWER to CANDIDATE at term 204 for changeToCandidate
2019-10-18 07:24:16,036 [Thread-10885] INFO  impl.RoleInfo (RoleInfo.java:updateAndGet(143)) - 12ad0800-05cb-443c-9fdd-fa1debf04523: start LeaderElection
2019-10-18 07:24:16,058 [12ad0800-05cb-443c-9fdd-fa1debf04523@group-BCB82A5C07F5-LeaderElection1258] INFO  impl.LeaderElection (LeaderElection.java:askForVotes(178)) - 12ad0800-05cb-443c-9fdd-fa1debf04523@group-BCB82A5C07F5-LeaderElection1258: begin an election at term 205 for -1: [12ad0800-05cb-443c-9fdd-fa1debf04523:192.168.34.25:41155, 5170c5f3-8499-4b42-9321-85fc8a351f79:192.168.34.25:43074, 0b10a9fc-47eb-4a2b-b664-8273d9d17379:192.168.34.25:45248], old=null
2019-10-18 07:24:16,059 [12ad0800-05cb-443c-9fdd-fa1debf04523@group-BCB82A5C07F5-LeaderElection1258] INFO  impl.LeaderElection (LogUtils.java:infoOrTrace(149)) - 12ad0800-05cb-443c-9fdd-fa1debf04523@group-BCB82A5C07F5-LeaderElection1258 got exception when requesting votes: {}
java.util.concurrent.ExecutionException: org.apache.ratis.thirdparty.io.grpc.StatusRuntimeException: UNAVAILABLE: io exception
	at java.util.concurrent.FutureTask.report(FutureTask.java:122)
	at java.util.concurrent.FutureTask.get(FutureTask.java:192)
	at org.apache.ratis.server.impl.LeaderElection.waitForResults(LeaderElection.java:259)
	at org.apache.ratis.server.impl.LeaderElection.askForVotes(LeaderElection.java:197)
	at org.apache.ratis.server.impl.LeaderElection.run(LeaderElection.java:133)
	at java.lang.Thread.run(Thread.java:748)
Caused by: org.apache.ratis.thirdparty.io.grpc.StatusRuntimeException: UNAVAILABLE: io exception
	at org.apache.ratis.thirdparty.io.grpc.stub.ClientCalls.toStatusRuntimeException(ClientCalls.java:233)
	at org.apache.ratis.thirdparty.io.grpc.stub.ClientCalls.getUnchecked(ClientCalls.java:214)
	at org.apache.ratis.thirdparty.io.grpc.stub.ClientCalls.blockingUnaryCall(ClientCalls.java:139)
	at org.apache.ratis.proto.grpc.RaftServerProtocolServiceGrpc$RaftServerProtocolServiceBlockingStub.requestVote(RaftServerProtocolServiceGrpc.java:265)
	at org.apache.ratis.grpc.server.GrpcServerProtocolClient.requestVote(GrpcServerProtocolClient.java:99)
	at org.apache.ratis.grpc.server.GrpcService.requestVote(GrpcService.java:204)
	at org.apache.ratis.server.impl.LeaderElection.lambda$submitRequests$1(LeaderElection.java:234)
	at java.util.concurrent.FutureTask.run(FutureTask.java:266)
	at java.util.concurrent.Executors$RunnableAdapter.call(Executors.java:511)
	at java.util.concurrent.FutureTask.run(FutureTask.java:266)
	at java.util.concurrent.ThreadPoolExecutor.runWorker(ThreadPoolExecutor.java:1149)
	at java.util.concurrent.ThreadPoolExecutor$Worker.run(ThreadPoolExecutor.java:624)
	... 1 more
Caused by: org.apache.ratis.thirdparty.io.netty.channel.AbstractChannel$AnnotatedConnectException: Connection refused: /192.168.34.25:45248
	at sun.nio.ch.SocketChannelImpl.checkConnect(Native Method)
	at sun.nio.ch.SocketChannelImpl.finishConnect(SocketChannelImpl.java:717)
	at org.apache.ratis.thirdparty.io.netty.channel.socket.nio.NioSocketChannel.doFinishConnect(NioSocketChannel.java:327)
	at org.apache.ratis.thirdparty.io.netty.channel.nio.AbstractNioChannel$AbstractNioUnsafe.finishConnect(AbstractNioChannel.java:340)
	at org.apache.ratis.thirdparty.io.netty.channel.nio.NioEventLoop.processSelectedKey(NioEventLoop.java:632)
	at org.apache.ratis.thirdparty.io.netty.channel.nio.NioEventLoop.processSelectedKeysOptimized(NioEventLoop.java:579)
	at org.apache.ratis.thirdparty.io.netty.channel.nio.NioEventLoop.processSelectedKeys(NioEventLoop.java:496)
	at org.apache.ratis.thirdparty.io.netty.channel.nio.NioEventLoop.run(NioEventLoop.java:458)
	at org.apache.ratis.thirdparty.io.netty.util.concurrent.SingleThreadEventExecutor$5.run(SingleThreadEventExecutor.java:897)
	at org.apache.ratis.thirdparty.io.netty.util.concurrent.FastThreadLocalRunnable.run(FastThreadLocalRunnable.java:30)
	... 1 more
Caused by: java.net.ConnectException: Connection refused
	... 11 more
2019-10-18 07:24:16,059 [grpc-default-executor-4] INFO  impl.RaftServerImpl (RaftServerImpl.java:setRole(184)) - 5170c5f3-8499-4b42-9321-85fc8a351f79@group-BCB82A5C07F5: changes role from  FOLLOWER to FOLLOWER at term 205 for recognizeCandidate:12ad0800-05cb-443c-9fdd-fa1debf04523
2019-10-18 07:24:16,060 [grpc-default-executor-4] INFO  impl.RoleInfo (RoleInfo.java:shutdownFollowerState(121)) - 5170c5f3-8499-4b42-9321-85fc8a351f79: shutdown FollowerState
2019-10-18 07:24:16,060 [grpc-default-executor-4] INFO  impl.RoleInfo (RoleInfo.java:updateAndGet(143)) - 5170c5f3-8499-4b42-9321-85fc8a351f79: start FollowerState
2019-10-18 07:24:16,060 [Thread-10884] INFO  impl.FollowerState (FollowerState.java:run(117)) - 5170c5f3-8499-4b42-9321-85fc8a351f79@group-BCB82A5C07F5-FollowerState was interrupted: java.lang.InterruptedException: sleep interrupted
2019-10-18 07:24:16,084 [12ad0800-05cb-443c-9fdd-fa1debf04523@group-BCB82A5C07F5-LeaderElection1258] INFO  impl.LeaderElection (LeaderElection.java:logAndReturn(56)) - 12ad0800-05cb-443c-9fdd-fa1debf04523@group-BCB82A5C07F5-LeaderElection1258: Election REJECTED; received 1 response(s) [12ad0800-05cb-443c-9fdd-fa1debf04523<-5170c5f3-8499-4b42-9321-85fc8a351f79#0:FAIL-t205] and 1 exception(s); 12ad0800-05cb-443c-9fdd-fa1debf04523@group-BCB82A5C07F5:t205, leader=null, voted=12ad0800-05cb-443c-9fdd-fa1debf04523, raftlog=12ad0800-05cb-443c-9fdd-fa1debf04523@group-BCB82A5C07F5-SegmentedRaftLog:OPENED:c-1,f-1,i0, conf=-1: [12ad0800-05cb-443c-9fdd-fa1debf04523:192.168.34.25:41155, 5170c5f3-8499-4b42-9321-85fc8a351f79:192.168.34.25:43074, 0b10a9fc-47eb-4a2b-b664-8273d9d17379:192.168.34.25:45248], old=null
2019-10-18 07:24:16,084 [12ad0800-05cb-443c-9fdd-fa1debf04523@group-BCB82A5C07F5-LeaderElection1258] INFO  impl.LeaderElection (LogUtils.java:infoOrTrace(149)) -   Exception 0: {}
java.util.concurrent.ExecutionException: org.apache.ratis.thirdparty.io.grpc.StatusRuntimeException: UNAVAILABLE: io exception
	at java.util.concurrent.FutureTask.report(FutureTask.java:122)
	at java.util.concurrent.FutureTask.get(FutureTask.java:192)
	at org.apache.ratis.server.impl.LeaderElection.waitForResults(LeaderElection.java:259)
	at org.apache.ratis.server.impl.LeaderElection.askForVotes(LeaderElection.java:197)
	at org.apache.ratis.server.impl.LeaderElection.run(LeaderElection.java:133)
	at java.lang.Thread.run(Thread.java:748)
Caused by: org.apache.ratis.thirdparty.io.grpc.StatusRuntimeException: UNAVAILABLE: io exception
	at org.apache.ratis.thirdparty.io.grpc.stub.ClientCalls.toStatusRuntimeException(ClientCalls.java:233)
	at org.apache.ratis.thirdparty.io.grpc.stub.ClientCalls.getUnchecked(ClientCalls.java:214)
	at org.apache.ratis.thirdparty.io.grpc.stub.ClientCalls.blockingUnaryCall(ClientCalls.java:139)
	at org.apache.ratis.proto.grpc.RaftServerProtocolServiceGrpc$RaftServerProtocolServiceBlockingStub.requestVote(RaftServerProtocolServiceGrpc.java:265)
	at org.apache.ratis.grpc.server.GrpcServerProtocolClient.requestVote(GrpcServerProtocolClient.java:99)
	at org.apache.ratis.grpc.server.GrpcService.requestVote(GrpcService.java:204)
	at org.apache.ratis.server.impl.LeaderElection.lambda$submitRequests$1(LeaderElection.java:234)
	at java.util.concurrent.FutureTask.run(FutureTask.java:266)
	at java.util.concurrent.Executors$RunnableAdapter.call(Executors.java:511)
	at java.util.concurrent.FutureTask.run(FutureTask.java:266)
	at java.util.concurrent.ThreadPoolExecutor.runWorker(ThreadPoolExecutor.java:1149)
	at java.util.concurrent.ThreadPoolExecutor$Worker.run(ThreadPoolExecutor.java:624)
	... 1 more
Caused by: org.apache.ratis.thirdparty.io.netty.channel.AbstractChannel$AnnotatedConnectException: Connection refused: /192.168.34.25:45248
	at sun.nio.ch.SocketChannelImpl.checkConnect(Native Method)
	at sun.nio.ch.SocketChannelImpl.finishConnect(SocketChannelImpl.java:717)
	at org.apache.ratis.thirdparty.io.netty.channel.socket.nio.NioSocketChannel.doFinishConnect(NioSocketChannel.java:327)
	at org.apache.ratis.thirdparty.io.netty.channel.nio.AbstractNioChannel$AbstractNioUnsafe.finishConnect(AbstractNioChannel.java:340)
	at org.apache.ratis.thirdparty.io.netty.channel.nio.NioEventLoop.processSelectedKey(NioEventLoop.java:632)
	at org.apache.ratis.thirdparty.io.netty.channel.nio.NioEventLoop.processSelectedKeysOptimized(NioEventLoop.java:579)
	at org.apache.ratis.thirdparty.io.netty.channel.nio.NioEventLoop.processSelectedKeys(NioEventLoop.java:496)
	at org.apache.ratis.thirdparty.io.netty.channel.nio.NioEventLoop.run(NioEventLoop.java:458)
	at org.apache.ratis.thirdparty.io.netty.util.concurrent.SingleThreadEventExecutor$5.run(SingleThreadEventExecutor.java:897)
	at org.apache.ratis.thirdparty.io.netty.util.concurrent.FastThreadLocalRunnable.run(FastThreadLocalRunnable.java:30)
	... 1 more
Caused by: java.net.ConnectException: Connection refused
	... 11 more
2019-10-18 07:24:16,084 [12ad0800-05cb-443c-9fdd-fa1debf04523@group-BCB82A5C07F5-LeaderElection1258] INFO  impl.RaftServerImpl (RaftServerImpl.java:setRole(184)) - 12ad0800-05cb-443c-9fdd-fa1debf04523@group-BCB82A5C07F5: changes role from CANDIDATE to FOLLOWER at term 205 for DISCOVERED_A_NEW_TERM
2019-10-18 07:24:16,085 [12ad0800-05cb-443c-9fdd-fa1debf04523@group-BCB82A5C07F5-LeaderElection1258] INFO  impl.RoleInfo (RoleInfo.java:shutdownLeaderElection(134)) - 12ad0800-05cb-443c-9fdd-fa1debf04523: shutdown LeaderElection
2019-10-18 07:24:16,085 [12ad0800-05cb-443c-9fdd-fa1debf04523@group-BCB82A5C07F5-LeaderElection1258] INFO  impl.RoleInfo (RoleInfo.java:updateAndGet(143)) - 12ad0800-05cb-443c-9fdd-fa1debf04523: start FollowerState
2019-10-18 07:24:16,114 [Thread-10890] INFO  impl.FollowerState (FollowerState.java:run(108)) - 12ad0800-05cb-443c-9fdd-fa1debf04523@group-BCB82A5C07F5-FollowerState: change to CANDIDATE, lastRpcTime:29ms, electionTimeout:29ms
2019-10-18 07:24:16,114 [Thread-10890] INFO  impl.RoleInfo (RoleInfo.java:shutdownFollowerState(121)) - 12ad0800-05cb-443c-9fdd-fa1debf04523: shutdown FollowerState
2019-10-18 07:24:16,114 [Thread-10890] INFO  impl.RaftServerImpl (RaftServerImpl.java:setRole(184)) - 12ad0800-05cb-443c-9fdd-fa1debf04523@group-BCB82A5C07F5: changes role from  FOLLOWER to CANDIDATE at term 205 for changeToCandidate
2019-10-18 07:24:16,114 [Thread-10890] INFO  impl.RoleInfo (RoleInfo.java:updateAndGet(143)) - 12ad0800-05cb-443c-9fdd-fa1debf04523: start LeaderElection
2019-10-18 07:24:16,143 [12ad0800-05cb-443c-9fdd-fa1debf04523@group-BCB82A5C07F5-LeaderElection1259] INFO  impl.LeaderElection (LeaderElection.java:askForVotes(178)) - 12ad0800-05cb-443c-9fdd-fa1debf04523@group-BCB82A5C07F5-LeaderElection1259: begin an election at term 206 for -1: [12ad0800-05cb-443c-9fdd-fa1debf04523:192.168.34.25:41155, 5170c5f3-8499-4b42-9321-85fc8a351f79:192.168.34.25:43074, 0b10a9fc-47eb-4a2b-b664-8273d9d17379:192.168.34.25:45248], old=null
2019-10-18 07:24:16,143 [12ad0800-05cb-443c-9fdd-fa1debf04523@group-BCB82A5C07F5-LeaderElection1259] INFO  impl.LeaderElection (LogUtils.java:infoOrTrace(149)) - 12ad0800-05cb-443c-9fdd-fa1debf04523@group-BCB82A5C07F5-LeaderElection1259 got exception when requesting votes: {}
java.util.concurrent.ExecutionException: org.apache.ratis.thirdparty.io.grpc.StatusRuntimeException: UNAVAILABLE: io exception
	at java.util.concurrent.FutureTask.report(FutureTask.java:122)
	at java.util.concurrent.FutureTask.get(FutureTask.java:192)
	at org.apache.ratis.server.impl.LeaderElection.waitForResults(LeaderElection.java:259)
	at org.apache.ratis.server.impl.LeaderElection.askForVotes(LeaderElection.java:197)
	at org.apache.ratis.server.impl.LeaderElection.run(LeaderElection.java:133)
	at java.lang.Thread.run(Thread.java:748)
Caused by: org.apache.ratis.thirdparty.io.grpc.StatusRuntimeException: UNAVAILABLE: io exception
	at org.apache.ratis.thirdparty.io.grpc.stub.ClientCalls.toStatusRuntimeException(ClientCalls.java:233)
	at org.apache.ratis.thirdparty.io.grpc.stub.ClientCalls.getUnchecked(ClientCalls.java:214)
	at org.apache.ratis.thirdparty.io.grpc.stub.ClientCalls.blockingUnaryCall(ClientCalls.java:139)
	at org.apache.ratis.proto.grpc.RaftServerProtocolServiceGrpc$RaftServerProtocolServiceBlockingStub.requestVote(RaftServerProtocolServiceGrpc.java:265)
	at org.apache.ratis.grpc.server.GrpcServerProtocolClient.requestVote(GrpcServerProtocolClient.java:99)
	at org.apache.ratis.grpc.server.GrpcService.requestVote(GrpcService.java:204)
	at org.apache.ratis.server.impl.LeaderElection.lambda$submitRequests$1(LeaderElection.java:234)
	at java.util.concurrent.FutureTask.run(FutureTask.java:266)
	at java.util.concurrent.Executors$RunnableAdapter.call(Executors.java:511)
	at java.util.concurrent.FutureTask.run(FutureTask.java:266)
	at java.util.concurrent.ThreadPoolExecutor.runWorker(ThreadPoolExecutor.java:1149)
	at java.util.concurrent.ThreadPoolExecutor$Worker.run(ThreadPoolExecutor.java:624)
	... 1 more
Caused by: org.apache.ratis.thirdparty.io.netty.channel.AbstractChannel$AnnotatedConnectException: Connection refused: /192.168.34.25:45248
	at sun.nio.ch.SocketChannelImpl.checkConnect(Native Method)
	at sun.nio.ch.SocketChannelImpl.finishConnect(SocketChannelImpl.java:717)
	at org.apache.ratis.thirdparty.io.netty.channel.socket.nio.NioSocketChannel.doFinishConnect(NioSocketChannel.java:327)
	at org.apache.ratis.thirdparty.io.netty.channel.nio.AbstractNioChannel$AbstractNioUnsafe.finishConnect(AbstractNioChannel.java:340)
	at org.apache.ratis.thirdparty.io.netty.channel.nio.NioEventLoop.processSelectedKey(NioEventLoop.java:632)
	at org.apache.ratis.thirdparty.io.netty.channel.nio.NioEventLoop.processSelectedKeysOptimized(NioEventLoop.java:579)
	at org.apache.ratis.thirdparty.io.netty.channel.nio.NioEventLoop.processSelectedKeys(NioEventLoop.java:496)
	at org.apache.ratis.thirdparty.io.netty.channel.nio.NioEventLoop.run(NioEventLoop.java:458)
	at org.apache.ratis.thirdparty.io.netty.util.concurrent.SingleThreadEventExecutor$5.run(SingleThreadEventExecutor.java:897)
	at org.apache.ratis.thirdparty.io.netty.util.concurrent.FastThreadLocalRunnable.run(FastThreadLocalRunnable.java:30)
	... 1 more
Caused by: java.net.ConnectException: Connection refused
	... 11 more
2019-10-18 07:24:16,144 [grpc-default-executor-4] INFO  impl.RaftServerImpl (RaftServerImpl.java:setRole(184)) - 5170c5f3-8499-4b42-9321-85fc8a351f79@group-BCB82A5C07F5: changes role from  FOLLOWER to FOLLOWER at term 206 for recognizeCandidate:12ad0800-05cb-443c-9fdd-fa1debf04523
2019-10-18 07:24:16,144 [grpc-default-executor-4] INFO  impl.RoleInfo (RoleInfo.java:shutdownFollowerState(121)) - 5170c5f3-8499-4b42-9321-85fc8a351f79: shutdown FollowerState
2019-10-18 07:24:16,144 [grpc-default-executor-4] INFO  impl.RoleInfo (RoleInfo.java:updateAndGet(143)) - 5170c5f3-8499-4b42-9321-85fc8a351f79: start FollowerState
2019-10-18 07:24:16,144 [Thread-10889] INFO  impl.FollowerState (FollowerState.java:run(117)) - 5170c5f3-8499-4b42-9321-85fc8a351f79@group-BCB82A5C07F5-FollowerState was interrupted: java.lang.InterruptedException: sleep interrupted
2019-10-18 07:24:16,185 [12ad0800-05cb-443c-9fdd-fa1debf04523@group-BCB82A5C07F5-LeaderElection1259] INFO  impl.LeaderElection (LeaderElection.java:logAndReturn(56)) - 12ad0800-05cb-443c-9fdd-fa1debf04523@group-BCB82A5C07F5-LeaderElection1259: Election REJECTED; received 1 response(s) [12ad0800-05cb-443c-9fdd-fa1debf04523<-5170c5f3-8499-4b42-9321-85fc8a351f79#0:FAIL-t206] and 1 exception(s); 12ad0800-05cb-443c-9fdd-fa1debf04523@group-BCB82A5C07F5:t206, leader=null, voted=12ad0800-05cb-443c-9fdd-fa1debf04523, raftlog=12ad0800-05cb-443c-9fdd-fa1debf04523@group-BCB82A5C07F5-SegmentedRaftLog:OPENED:c-1,f-1,i0, conf=-1: [12ad0800-05cb-443c-9fdd-fa1debf04523:192.168.34.25:41155, 5170c5f3-8499-4b42-9321-85fc8a351f79:192.168.34.25:43074, 0b10a9fc-47eb-4a2b-b664-8273d9d17379:192.168.34.25:45248], old=null
2019-10-18 07:24:16,185 [12ad0800-05cb-443c-9fdd-fa1debf04523@group-BCB82A5C07F5-LeaderElection1259] INFO  impl.LeaderElection (LogUtils.java:infoOrTrace(149)) -   Exception 0: {}
java.util.concurrent.ExecutionException: org.apache.ratis.thirdparty.io.grpc.StatusRuntimeException: UNAVAILABLE: io exception
	at java.util.concurrent.FutureTask.report(FutureTask.java:122)
	at java.util.concurrent.FutureTask.get(FutureTask.java:192)
	at org.apache.ratis.server.impl.LeaderElection.waitForResults(LeaderElection.java:259)
	at org.apache.ratis.server.impl.LeaderElection.askForVotes(LeaderElection.java:197)
	at org.apache.ratis.server.impl.LeaderElection.run(LeaderElection.java:133)
	at java.lang.Thread.run(Thread.java:748)
Caused by: org.apache.ratis.thirdparty.io.grpc.StatusRuntimeException: UNAVAILABLE: io exception
	at org.apache.ratis.thirdparty.io.grpc.stub.ClientCalls.toStatusRuntimeException(ClientCalls.java:233)
	at org.apache.ratis.thirdparty.io.grpc.stub.ClientCalls.getUnchecked(ClientCalls.java:214)
	at org.apache.ratis.thirdparty.io.grpc.stub.ClientCalls.blockingUnaryCall(ClientCalls.java:139)
	at org.apache.ratis.proto.grpc.RaftServerProtocolServiceGrpc$RaftServerProtocolServiceBlockingStub.requestVote(RaftServerProtocolServiceGrpc.java:265)
	at org.apache.ratis.grpc.server.GrpcServerProtocolClient.requestVote(GrpcServerProtocolClient.java:99)
	at org.apache.ratis.grpc.server.GrpcService.requestVote(GrpcService.java:204)
	at org.apache.ratis.server.impl.LeaderElection.lambda$submitRequests$1(LeaderElection.java:234)
	at java.util.concurrent.FutureTask.run(FutureTask.java:266)
	at java.util.concurrent.Executors$RunnableAdapter.call(Executors.java:511)
	at java.util.concurrent.FutureTask.run(FutureTask.java:266)
	at java.util.concurrent.ThreadPoolExecutor.runWorker(ThreadPoolExecutor.java:1149)
	at java.util.concurrent.ThreadPoolExecutor$Worker.run(ThreadPoolExecutor.java:624)
	... 1 more
Caused by: org.apache.ratis.thirdparty.io.netty.channel.AbstractChannel$AnnotatedConnectException: Connection refused: /192.168.34.25:45248
	at sun.nio.ch.SocketChannelImpl.checkConnect(Native Method)
	at sun.nio.ch.SocketChannelImpl.finishConnect(SocketChannelImpl.java:717)
	at org.apache.ratis.thirdparty.io.netty.channel.socket.nio.NioSocketChannel.doFinishConnect(NioSocketChannel.java:327)
	at org.apache.ratis.thirdparty.io.netty.channel.nio.AbstractNioChannel$AbstractNioUnsafe.finishConnect(AbstractNioChannel.java:340)
	at org.apache.ratis.thirdparty.io.netty.channel.nio.NioEventLoop.processSelectedKey(NioEventLoop.java:632)
	at org.apache.ratis.thirdparty.io.netty.channel.nio.NioEventLoop.processSelectedKeysOptimized(NioEventLoop.java:579)
	at org.apache.ratis.thirdparty.io.netty.channel.nio.NioEventLoop.processSelectedKeys(NioEventLoop.java:496)
	at org.apache.ratis.thirdparty.io.netty.channel.nio.NioEventLoop.run(NioEventLoop.java:458)
	at org.apache.ratis.thirdparty.io.netty.util.concurrent.SingleThreadEventExecutor$5.run(SingleThreadEventExecutor.java:897)
	at org.apache.ratis.thirdparty.io.netty.util.concurrent.FastThreadLocalRunnable.run(FastThreadLocalRunnable.java:30)
	... 1 more
Caused by: java.net.ConnectException: Connection refused
	... 11 more
2019-10-18 07:24:16,185 [12ad0800-05cb-443c-9fdd-fa1debf04523@group-BCB82A5C07F5-LeaderElection1259] INFO  impl.RaftServerImpl (RaftServerImpl.java:setRole(184)) - 12ad0800-05cb-443c-9fdd-fa1debf04523@group-BCB82A5C07F5: changes role from CANDIDATE to FOLLOWER at term 206 for DISCOVERED_A_NEW_TERM
2019-10-18 07:24:16,185 [12ad0800-05cb-443c-9fdd-fa1debf04523@group-BCB82A5C07F5-LeaderElection1259] INFO  impl.RoleInfo (RoleInfo.java:shutdownLeaderElection(134)) - 12ad0800-05cb-443c-9fdd-fa1debf04523: shutdown LeaderElection
2019-10-18 07:24:16,186 [12ad0800-05cb-443c-9fdd-fa1debf04523@group-BCB82A5C07F5-LeaderElection1259] INFO  impl.RoleInfo (RoleInfo.java:updateAndGet(143)) - 12ad0800-05cb-443c-9fdd-fa1debf04523: start FollowerState
2019-10-18 07:24:16,261 [java.util.concurrent.ThreadPoolExecutor$Worker@1ddf09da[State = -1, empty queue]] WARN  server.GrpcLogAppender (GrpcLogAppender.java:timeoutAppendRequest(209)) - 030c2313-1c2c-4b42-81fb-cb58ee93f992@group-E193FE271C99->9712a796-5281-4f3e-ac85-61dedd90db73-GrpcLogAppender: appendEntries Timeout, request=030c2313-1c2c-4b42-81fb-cb58ee93f992->9712a796-5281-4f3e-ac85-61dedd90db73#59-t1, previous=(t:1, i:10), leaderCommit=10, initializing? false, entries: <empty>
2019-10-18 07:24:16,371 [Thread-10895] INFO  impl.FollowerState (FollowerState.java:run(108)) - 12ad0800-05cb-443c-9fdd-fa1debf04523@group-BCB82A5C07F5-FollowerState: change to CANDIDATE, lastRpcTime:185ms, electionTimeout:185ms
2019-10-18 07:24:16,371 [Thread-10895] INFO  impl.RoleInfo (RoleInfo.java:shutdownFollowerState(121)) - 12ad0800-05cb-443c-9fdd-fa1debf04523: shutdown FollowerState
2019-10-18 07:24:16,371 [Thread-10895] INFO  impl.RaftServerImpl (RaftServerImpl.java:setRole(184)) - 12ad0800-05cb-443c-9fdd-fa1debf04523@group-BCB82A5C07F5: changes role from  FOLLOWER to CANDIDATE at term 206 for changeToCandidate
2019-10-18 07:24:16,371 [Thread-10895] INFO  impl.RoleInfo (RoleInfo.java:updateAndGet(143)) - 12ad0800-05cb-443c-9fdd-fa1debf04523: start LeaderElection
2019-10-18 07:24:16,402 [12ad0800-05cb-443c-9fdd-fa1debf04523@group-BCB82A5C07F5-LeaderElection1260] INFO  impl.LeaderElection (LeaderElection.java:askForVotes(178)) - 12ad0800-05cb-443c-9fdd-fa1debf04523@group-BCB82A5C07F5-LeaderElection1260: begin an election at term 207 for -1: [12ad0800-05cb-443c-9fdd-fa1debf04523:192.168.34.25:41155, 5170c5f3-8499-4b42-9321-85fc8a351f79:192.168.34.25:43074, 0b10a9fc-47eb-4a2b-b664-8273d9d17379:192.168.34.25:45248], old=null
2019-10-18 07:24:16,403 [12ad0800-05cb-443c-9fdd-fa1debf04523@group-BCB82A5C07F5-LeaderElection1260] INFO  impl.LeaderElection (LogUtils.java:infoOrTrace(149)) - 12ad0800-05cb-443c-9fdd-fa1debf04523@group-BCB82A5C07F5-LeaderElection1260 got exception when requesting votes: {}
java.util.concurrent.ExecutionException: org.apache.ratis.thirdparty.io.grpc.StatusRuntimeException: UNAVAILABLE: io exception
	at java.util.concurrent.FutureTask.report(FutureTask.java:122)
	at java.util.concurrent.FutureTask.get(FutureTask.java:192)
	at org.apache.ratis.server.impl.LeaderElection.waitForResults(LeaderElection.java:259)
	at org.apache.ratis.server.impl.LeaderElection.askForVotes(LeaderElection.java:197)
	at org.apache.ratis.server.impl.LeaderElection.run(LeaderElection.java:133)
	at java.lang.Thread.run(Thread.java:748)
Caused by: org.apache.ratis.thirdparty.io.grpc.StatusRuntimeException: UNAVAILABLE: io exception
	at org.apache.ratis.thirdparty.io.grpc.stub.ClientCalls.toStatusRuntimeException(ClientCalls.java:233)
	at org.apache.ratis.thirdparty.io.grpc.stub.ClientCalls.getUnchecked(ClientCalls.java:214)
	at org.apache.ratis.thirdparty.io.grpc.stub.ClientCalls.blockingUnaryCall(ClientCalls.java:139)
	at org.apache.ratis.proto.grpc.RaftServerProtocolServiceGrpc$RaftServerProtocolServiceBlockingStub.requestVote(RaftServerProtocolServiceGrpc.java:265)
	at org.apache.ratis.grpc.server.GrpcServerProtocolClient.requestVote(GrpcServerProtocolClient.java:99)
	at org.apache.ratis.grpc.server.GrpcService.requestVote(GrpcService.java:204)
	at org.apache.ratis.server.impl.LeaderElection.lambda$submitRequests$1(LeaderElection.java:234)
	at java.util.concurrent.FutureTask.run(FutureTask.java:266)
	at java.util.concurrent.Executors$RunnableAdapter.call(Executors.java:511)
	at java.util.concurrent.FutureTask.run(FutureTask.java:266)
	at java.util.concurrent.ThreadPoolExecutor.runWorker(ThreadPoolExecutor.java:1149)
	at java.util.concurrent.ThreadPoolExecutor$Worker.run(ThreadPoolExecutor.java:624)
	... 1 more
Caused by: org.apache.ratis.thirdparty.io.netty.channel.AbstractChannel$AnnotatedConnectException: Connection refused: /192.168.34.25:45248
	at sun.nio.ch.SocketChannelImpl.checkConnect(Native Method)
	at sun.nio.ch.SocketChannelImpl.finishConnect(SocketChannelImpl.java:717)
	at org.apache.ratis.thirdparty.io.netty.channel.socket.nio.NioSocketChannel.doFinishConnect(NioSocketChannel.java:327)
	at org.apache.ratis.thirdparty.io.netty.channel.nio.AbstractNioChannel$AbstractNioUnsafe.finishConnect(AbstractNioChannel.java:340)
	at org.apache.ratis.thirdparty.io.netty.channel.nio.NioEventLoop.processSelectedKey(NioEventLoop.java:632)
	at org.apache.ratis.thirdparty.io.netty.channel.nio.NioEventLoop.processSelectedKeysOptimized(NioEventLoop.java:579)
	at org.apache.ratis.thirdparty.io.netty.channel.nio.NioEventLoop.processSelectedKeys(NioEventLoop.java:496)
	at org.apache.ratis.thirdparty.io.netty.channel.nio.NioEventLoop.run(NioEventLoop.java:458)
	at org.apache.ratis.thirdparty.io.netty.util.concurrent.SingleThreadEventExecutor$5.run(SingleThreadEventExecutor.java:897)
	at org.apache.ratis.thirdparty.io.netty.util.concurrent.FastThreadLocalRunnable.run(FastThreadLocalRunnable.java:30)
	... 1 more
Caused by: java.net.ConnectException: Connection refused
	... 11 more
2019-10-18 07:24:16,403 [grpc-default-executor-4] INFO  impl.RaftServerImpl (RaftServerImpl.java:setRole(184)) - 5170c5f3-8499-4b42-9321-85fc8a351f79@group-BCB82A5C07F5: changes role from  FOLLOWER to FOLLOWER at term 207 for recognizeCandidate:12ad0800-05cb-443c-9fdd-fa1debf04523
2019-10-18 07:24:16,403 [grpc-default-executor-4] INFO  impl.RoleInfo (RoleInfo.java:shutdownFollowerState(121)) - 5170c5f3-8499-4b42-9321-85fc8a351f79: shutdown FollowerState
2019-10-18 07:24:16,404 [grpc-default-executor-4] INFO  impl.RoleInfo (RoleInfo.java:updateAndGet(143)) - 5170c5f3-8499-4b42-9321-85fc8a351f79: start FollowerState
2019-10-18 07:24:16,404 [Thread-10894] INFO  impl.FollowerState (FollowerState.java:run(117)) - 5170c5f3-8499-4b42-9321-85fc8a351f79@group-BCB82A5C07F5-FollowerState was interrupted: java.lang.InterruptedException: sleep interrupted
2019-10-18 07:24:16,436 [12ad0800-05cb-443c-9fdd-fa1debf04523@group-BCB82A5C07F5-LeaderElection1260] INFO  impl.LeaderElection (LeaderElection.java:logAndReturn(56)) - 12ad0800-05cb-443c-9fdd-fa1debf04523@group-BCB82A5C07F5-LeaderElection1260: Election REJECTED; received 1 response(s) [12ad0800-05cb-443c-9fdd-fa1debf04523<-5170c5f3-8499-4b42-9321-85fc8a351f79#0:FAIL-t207] and 1 exception(s); 12ad0800-05cb-443c-9fdd-fa1debf04523@group-BCB82A5C07F5:t207, leader=null, voted=12ad0800-05cb-443c-9fdd-fa1debf04523, raftlog=12ad0800-05cb-443c-9fdd-fa1debf04523@group-BCB82A5C07F5-SegmentedRaftLog:OPENED:c-1,f-1,i0, conf=-1: [12ad0800-05cb-443c-9fdd-fa1debf04523:192.168.34.25:41155, 5170c5f3-8499-4b42-9321-85fc8a351f79:192.168.34.25:43074, 0b10a9fc-47eb-4a2b-b664-8273d9d17379:192.168.34.25:45248], old=null
2019-10-18 07:24:16,436 [12ad0800-05cb-443c-9fdd-fa1debf04523@group-BCB82A5C07F5-LeaderElection1260] INFO  impl.LeaderElection (LogUtils.java:infoOrTrace(149)) -   Exception 0: {}
java.util.concurrent.ExecutionException: org.apache.ratis.thirdparty.io.grpc.StatusRuntimeException: UNAVAILABLE: io exception
	at java.util.concurrent.FutureTask.report(FutureTask.java:122)
	at java.util.concurrent.FutureTask.get(FutureTask.java:192)
	at org.apache.ratis.server.impl.LeaderElection.waitForResults(LeaderElection.java:259)
	at org.apache.ratis.server.impl.LeaderElection.askForVotes(LeaderElection.java:197)
	at org.apache.ratis.server.impl.LeaderElection.run(LeaderElection.java:133)
	at java.lang.Thread.run(Thread.java:748)
Caused by: org.apache.ratis.thirdparty.io.grpc.StatusRuntimeException: UNAVAILABLE: io exception
	at org.apache.ratis.thirdparty.io.grpc.stub.ClientCalls.toStatusRuntimeException(ClientCalls.java:233)
	at org.apache.ratis.thirdparty.io.grpc.stub.ClientCalls.getUnchecked(ClientCalls.java:214)
	at org.apache.ratis.thirdparty.io.grpc.stub.ClientCalls.blockingUnaryCall(ClientCalls.java:139)
	at org.apache.ratis.proto.grpc.RaftServerProtocolServiceGrpc$RaftServerProtocolServiceBlockingStub.requestVote(RaftServerProtocolServiceGrpc.java:265)
	at org.apache.ratis.grpc.server.GrpcServerProtocolClient.requestVote(GrpcServerProtocolClient.java:99)
	at org.apache.ratis.grpc.server.GrpcService.requestVote(GrpcService.java:204)
	at org.apache.ratis.server.impl.LeaderElection.lambda$submitRequests$1(LeaderElection.java:234)
	at java.util.concurrent.FutureTask.run(FutureTask.java:266)
	at java.util.concurrent.Executors$RunnableAdapter.call(Executors.java:511)
	at java.util.concurrent.FutureTask.run(FutureTask.java:266)
	at java.util.concurrent.ThreadPoolExecutor.runWorker(ThreadPoolExecutor.java:1149)
	at java.util.concurrent.ThreadPoolExecutor$Worker.run(ThreadPoolExecutor.java:624)
	... 1 more
Caused by: org.apache.ratis.thirdparty.io.netty.channel.AbstractChannel$AnnotatedConnectException: Connection refused: /192.168.34.25:45248
	at sun.nio.ch.SocketChannelImpl.checkConnect(Native Method)
	at sun.nio.ch.SocketChannelImpl.finishConnect(SocketChannelImpl.java:717)
	at org.apache.ratis.thirdparty.io.netty.channel.socket.nio.NioSocketChannel.doFinishConnect(NioSocketChannel.java:327)
	at org.apache.ratis.thirdparty.io.netty.channel.nio.AbstractNioChannel$AbstractNioUnsafe.finishConnect(AbstractNioChannel.java:340)
	at org.apache.ratis.thirdparty.io.netty.channel.nio.NioEventLoop.processSelectedKey(NioEventLoop.java:632)
	at org.apache.ratis.thirdparty.io.netty.channel.nio.NioEventLoop.processSelectedKeysOptimized(NioEventLoop.java:579)
	at org.apache.ratis.thirdparty.io.netty.channel.nio.NioEventLoop.processSelectedKeys(NioEventLoop.java:496)
	at org.apache.ratis.thirdparty.io.netty.channel.nio.NioEventLoop.run(NioEventLoop.java:458)
	at org.apache.ratis.thirdparty.io.netty.util.concurrent.SingleThreadEventExecutor$5.run(SingleThreadEventExecutor.java:897)
	at org.apache.ratis.thirdparty.io.netty.util.concurrent.FastThreadLocalRunnable.run(FastThreadLocalRunnable.java:30)
	... 1 more
Caused by: java.net.ConnectException: Connection refused
	... 11 more
2019-10-18 07:24:16,436 [12ad0800-05cb-443c-9fdd-fa1debf04523@group-BCB82A5C07F5-LeaderElection1260] INFO  impl.RaftServerImpl (RaftServerImpl.java:setRole(184)) - 12ad0800-05cb-443c-9fdd-fa1debf04523@group-BCB82A5C07F5: changes role from CANDIDATE to FOLLOWER at term 207 for DISCOVERED_A_NEW_TERM
2019-10-18 07:24:16,436 [12ad0800-05cb-443c-9fdd-fa1debf04523@group-BCB82A5C07F5-LeaderElection1260] INFO  impl.RoleInfo (RoleInfo.java:shutdownLeaderElection(134)) - 12ad0800-05cb-443c-9fdd-fa1debf04523: shutdown LeaderElection
2019-10-18 07:24:16,437 [12ad0800-05cb-443c-9fdd-fa1debf04523@group-BCB82A5C07F5-LeaderElection1260] INFO  impl.RoleInfo (RoleInfo.java:updateAndGet(143)) - 12ad0800-05cb-443c-9fdd-fa1debf04523: start FollowerState
2019-10-18 07:24:16,496 [Thread-10901] INFO  impl.FollowerState (FollowerState.java:run(108)) - 12ad0800-05cb-443c-9fdd-fa1debf04523@group-BCB82A5C07F5-FollowerState: change to CANDIDATE, lastRpcTime:59ms, electionTimeout:59ms
2019-10-18 07:24:16,496 [Thread-10901] INFO  impl.RoleInfo (RoleInfo.java:shutdownFollowerState(121)) - 12ad0800-05cb-443c-9fdd-fa1debf04523: shutdown FollowerState
2019-10-18 07:24:16,496 [Thread-10901] INFO  impl.RaftServerImpl (RaftServerImpl.java:setRole(184)) - 12ad0800-05cb-443c-9fdd-fa1debf04523@group-BCB82A5C07F5: changes role from  FOLLOWER to CANDIDATE at term 207 for changeToCandidate
2019-10-18 07:24:16,496 [Thread-10901] INFO  impl.RoleInfo (RoleInfo.java:updateAndGet(143)) - 12ad0800-05cb-443c-9fdd-fa1debf04523: start LeaderElection
2019-10-18 07:24:16,528 [12ad0800-05cb-443c-9fdd-fa1debf04523@group-BCB82A5C07F5-LeaderElection1261] INFO  impl.LeaderElection (LeaderElection.java:askForVotes(178)) - 12ad0800-05cb-443c-9fdd-fa1debf04523@group-BCB82A5C07F5-LeaderElection1261: begin an election at term 208 for -1: [12ad0800-05cb-443c-9fdd-fa1debf04523:192.168.34.25:41155, 5170c5f3-8499-4b42-9321-85fc8a351f79:192.168.34.25:43074, 0b10a9fc-47eb-4a2b-b664-8273d9d17379:192.168.34.25:45248], old=null
2019-10-18 07:24:16,528 [12ad0800-05cb-443c-9fdd-fa1debf04523@group-BCB82A5C07F5-LeaderElection1261] INFO  impl.LeaderElection (LogUtils.java:infoOrTrace(149)) - 12ad0800-05cb-443c-9fdd-fa1debf04523@group-BCB82A5C07F5-LeaderElection1261 got exception when requesting votes: {}
java.util.concurrent.ExecutionException: org.apache.ratis.thirdparty.io.grpc.StatusRuntimeException: UNAVAILABLE: io exception
	at java.util.concurrent.FutureTask.report(FutureTask.java:122)
	at java.util.concurrent.FutureTask.get(FutureTask.java:192)
	at org.apache.ratis.server.impl.LeaderElection.waitForResults(LeaderElection.java:259)
	at org.apache.ratis.server.impl.LeaderElection.askForVotes(LeaderElection.java:197)
	at org.apache.ratis.server.impl.LeaderElection.run(LeaderElection.java:133)
	at java.lang.Thread.run(Thread.java:748)
Caused by: org.apache.ratis.thirdparty.io.grpc.StatusRuntimeException: UNAVAILABLE: io exception
	at org.apache.ratis.thirdparty.io.grpc.stub.ClientCalls.toStatusRuntimeException(ClientCalls.java:233)
	at org.apache.ratis.thirdparty.io.grpc.stub.ClientCalls.getUnchecked(ClientCalls.java:214)
	at org.apache.ratis.thirdparty.io.grpc.stub.ClientCalls.blockingUnaryCall(ClientCalls.java:139)
	at org.apache.ratis.proto.grpc.RaftServerProtocolServiceGrpc$RaftServerProtocolServiceBlockingStub.requestVote(RaftServerProtocolServiceGrpc.java:265)
	at org.apache.ratis.grpc.server.GrpcServerProtocolClient.requestVote(GrpcServerProtocolClient.java:99)
	at org.apache.ratis.grpc.server.GrpcService.requestVote(GrpcService.java:204)
	at org.apache.ratis.server.impl.LeaderElection.lambda$submitRequests$1(LeaderElection.java:234)
	at java.util.concurrent.FutureTask.run(FutureTask.java:266)
	at java.util.concurrent.Executors$RunnableAdapter.call(Executors.java:511)
	at java.util.concurrent.FutureTask.run(FutureTask.java:266)
	at java.util.concurrent.ThreadPoolExecutor.runWorker(ThreadPoolExecutor.java:1149)
	at java.util.concurrent.ThreadPoolExecutor$Worker.run(ThreadPoolExecutor.java:624)
	... 1 more
Caused by: org.apache.ratis.thirdparty.io.netty.channel.AbstractChannel$AnnotatedConnectException: Connection refused: /192.168.34.25:45248
	at sun.nio.ch.SocketChannelImpl.checkConnect(Native Method)
	at sun.nio.ch.SocketChannelImpl.finishConnect(SocketChannelImpl.java:717)
	at org.apache.ratis.thirdparty.io.netty.channel.socket.nio.NioSocketChannel.doFinishConnect(NioSocketChannel.java:327)
	at org.apache.ratis.thirdparty.io.netty.channel.nio.AbstractNioChannel$AbstractNioUnsafe.finishConnect(AbstractNioChannel.java:340)
	at org.apache.ratis.thirdparty.io.netty.channel.nio.NioEventLoop.processSelectedKey(NioEventLoop.java:632)
	at org.apache.ratis.thirdparty.io.netty.channel.nio.NioEventLoop.processSelectedKeysOptimized(NioEventLoop.java:579)
	at org.apache.ratis.thirdparty.io.netty.channel.nio.NioEventLoop.processSelectedKeys(NioEventLoop.java:496)
	at org.apache.ratis.thirdparty.io.netty.channel.nio.NioEventLoop.run(NioEventLoop.java:458)
	at org.apache.ratis.thirdparty.io.netty.util.concurrent.SingleThreadEventExecutor$5.run(SingleThreadEventExecutor.java:897)
	at org.apache.ratis.thirdparty.io.netty.util.concurrent.FastThreadLocalRunnable.run(FastThreadLocalRunnable.java:30)
	... 1 more
Caused by: java.net.ConnectException: Connection refused
	... 11 more
2019-10-18 07:24:16,529 [grpc-default-executor-4] INFO  impl.RaftServerImpl (RaftServerImpl.java:setRole(184)) - 5170c5f3-8499-4b42-9321-85fc8a351f79@group-BCB82A5C07F5: changes role from  FOLLOWER to FOLLOWER at term 208 for recognizeCandidate:12ad0800-05cb-443c-9fdd-fa1debf04523
2019-10-18 07:24:16,529 [grpc-default-executor-4] INFO  impl.RoleInfo (RoleInfo.java:shutdownFollowerState(121)) - 5170c5f3-8499-4b42-9321-85fc8a351f79: shutdown FollowerState
2019-10-18 07:24:16,529 [grpc-default-executor-4] INFO  impl.RoleInfo (RoleInfo.java:updateAndGet(143)) - 5170c5f3-8499-4b42-9321-85fc8a351f79: start FollowerState
2019-10-18 07:24:16,529 [Thread-10900] INFO  impl.FollowerState (FollowerState.java:run(117)) - 5170c5f3-8499-4b42-9321-85fc8a351f79@group-BCB82A5C07F5-FollowerState was interrupted: java.lang.InterruptedException: sleep interrupted
2019-10-18 07:24:16,553 [12ad0800-05cb-443c-9fdd-fa1debf04523@group-BCB82A5C07F5-LeaderElection1261] INFO  impl.LeaderElection (LeaderElection.java:logAndReturn(56)) - 12ad0800-05cb-443c-9fdd-fa1debf04523@group-BCB82A5C07F5-LeaderElection1261: Election REJECTED; received 1 response(s) [12ad0800-05cb-443c-9fdd-fa1debf04523<-5170c5f3-8499-4b42-9321-85fc8a351f79#0:FAIL-t208] and 1 exception(s); 12ad0800-05cb-443c-9fdd-fa1debf04523@group-BCB82A5C07F5:t208, leader=null, voted=12ad0800-05cb-443c-9fdd-fa1debf04523, raftlog=12ad0800-05cb-443c-9fdd-fa1debf04523@group-BCB82A5C07F5-SegmentedRaftLog:OPENED:c-1,f-1,i0, conf=-1: [12ad0800-05cb-443c-9fdd-fa1debf04523:192.168.34.25:41155, 5170c5f3-8499-4b42-9321-85fc8a351f79:192.168.34.25:43074, 0b10a9fc-47eb-4a2b-b664-8273d9d17379:192.168.34.25:45248], old=null
2019-10-18 07:24:16,553 [12ad0800-05cb-443c-9fdd-fa1debf04523@group-BCB82A5C07F5-LeaderElection1261] INFO  impl.LeaderElection (LogUtils.java:infoOrTrace(149)) -   Exception 0: {}
java.util.concurrent.ExecutionException: org.apache.ratis.thirdparty.io.grpc.StatusRuntimeException: UNAVAILABLE: io exception
	at java.util.concurrent.FutureTask.report(FutureTask.java:122)
	at java.util.concurrent.FutureTask.get(FutureTask.java:192)
	at org.apache.ratis.server.impl.LeaderElection.waitForResults(LeaderElection.java:259)
	at org.apache.ratis.server.impl.LeaderElection.askForVotes(LeaderElection.java:197)
	at org.apache.ratis.server.impl.LeaderElection.run(LeaderElection.java:133)
	at java.lang.Thread.run(Thread.java:748)
Caused by: org.apache.ratis.thirdparty.io.grpc.StatusRuntimeException: UNAVAILABLE: io exception
	at org.apache.ratis.thirdparty.io.grpc.stub.ClientCalls.toStatusRuntimeException(ClientCalls.java:233)
	at org.apache.ratis.thirdparty.io.grpc.stub.ClientCalls.getUnchecked(ClientCalls.java:214)
	at org.apache.ratis.thirdparty.io.grpc.stub.ClientCalls.blockingUnaryCall(ClientCalls.java:139)
	at org.apache.ratis.proto.grpc.RaftServerProtocolServiceGrpc$RaftServerProtocolServiceBlockingStub.requestVote(RaftServerProtocolServiceGrpc.java:265)
	at org.apache.ratis.grpc.server.GrpcServerProtocolClient.requestVote(GrpcServerProtocolClient.java:99)
	at org.apache.ratis.grpc.server.GrpcService.requestVote(GrpcService.java:204)
	at org.apache.ratis.server.impl.LeaderElection.lambda$submitRequests$1(LeaderElection.java:234)
	at java.util.concurrent.FutureTask.run(FutureTask.java:266)
	at java.util.concurrent.Executors$RunnableAdapter.call(Executors.java:511)
	at java.util.concurrent.FutureTask.run(FutureTask.java:266)
	at java.util.concurrent.ThreadPoolExecutor.runWorker(ThreadPoolExecutor.java:1149)
	at java.util.concurrent.ThreadPoolExecutor$Worker.run(ThreadPoolExecutor.java:624)
	... 1 more
Caused by: org.apache.ratis.thirdparty.io.netty.channel.AbstractChannel$AnnotatedConnectException: Connection refused: /192.168.34.25:45248
	at sun.nio.ch.SocketChannelImpl.checkConnect(Native Method)
	at sun.nio.ch.SocketChannelImpl.finishConnect(SocketChannelImpl.java:717)
	at org.apache.ratis.thirdparty.io.netty.channel.socket.nio.NioSocketChannel.doFinishConnect(NioSocketChannel.java:327)
	at org.apache.ratis.thirdparty.io.netty.channel.nio.AbstractNioChannel$AbstractNioUnsafe.finishConnect(AbstractNioChannel.java:340)
	at org.apache.ratis.thirdparty.io.netty.channel.nio.NioEventLoop.processSelectedKey(NioEventLoop.java:632)
	at org.apache.ratis.thirdparty.io.netty.channel.nio.NioEventLoop.processSelectedKeysOptimized(NioEventLoop.java:579)
	at org.apache.ratis.thirdparty.io.netty.channel.nio.NioEventLoop.processSelectedKeys(NioEventLoop.java:496)
	at org.apache.ratis.thirdparty.io.netty.channel.nio.NioEventLoop.run(NioEventLoop.java:458)
	at org.apache.ratis.thirdparty.io.netty.util.concurrent.SingleThreadEventExecutor$5.run(SingleThreadEventExecutor.java:897)
	at org.apache.ratis.thirdparty.io.netty.util.concurrent.FastThreadLocalRunnable.run(FastThreadLocalRunnable.java:30)
	... 1 more
Caused by: java.net.ConnectException: Connection refused
	... 11 more
2019-10-18 07:24:16,554 [12ad0800-05cb-443c-9fdd-fa1debf04523@group-BCB82A5C07F5-LeaderElection1261] INFO  impl.RaftServerImpl (RaftServerImpl.java:setRole(184)) - 12ad0800-05cb-443c-9fdd-fa1debf04523@group-BCB82A5C07F5: changes role from CANDIDATE to FOLLOWER at term 208 for DISCOVERED_A_NEW_TERM
2019-10-18 07:24:16,554 [12ad0800-05cb-443c-9fdd-fa1debf04523@group-BCB82A5C07F5-LeaderElection1261] INFO  impl.RoleInfo (RoleInfo.java:shutdownLeaderElection(134)) - 12ad0800-05cb-443c-9fdd-fa1debf04523: shutdown LeaderElection
2019-10-18 07:24:16,554 [12ad0800-05cb-443c-9fdd-fa1debf04523@group-BCB82A5C07F5-LeaderElection1261] INFO  impl.RoleInfo (RoleInfo.java:updateAndGet(143)) - 12ad0800-05cb-443c-9fdd-fa1debf04523: start FollowerState
2019-10-18 07:24:16,594 [Thread-10906] INFO  impl.FollowerState (FollowerState.java:run(108)) - 12ad0800-05cb-443c-9fdd-fa1debf04523@group-BCB82A5C07F5-FollowerState: change to CANDIDATE, lastRpcTime:40ms, electionTimeout:40ms
2019-10-18 07:24:16,594 [Thread-10906] INFO  impl.RoleInfo (RoleInfo.java:shutdownFollowerState(121)) - 12ad0800-05cb-443c-9fdd-fa1debf04523: shutdown FollowerState
2019-10-18 07:24:16,594 [Thread-10906] INFO  impl.RaftServerImpl (RaftServerImpl.java:setRole(184)) - 12ad0800-05cb-443c-9fdd-fa1debf04523@group-BCB82A5C07F5: changes role from  FOLLOWER to CANDIDATE at term 208 for changeToCandidate
2019-10-18 07:24:16,595 [Thread-10906] INFO  impl.RoleInfo (RoleInfo.java:updateAndGet(143)) - 12ad0800-05cb-443c-9fdd-fa1debf04523: start LeaderElection
2019-10-18 07:24:16,620 [12ad0800-05cb-443c-9fdd-fa1debf04523@group-BCB82A5C07F5-LeaderElection1262] INFO  impl.LeaderElection (LeaderElection.java:askForVotes(178)) - 12ad0800-05cb-443c-9fdd-fa1debf04523@group-BCB82A5C07F5-LeaderElection1262: begin an election at term 209 for -1: [12ad0800-05cb-443c-9fdd-fa1debf04523:192.168.34.25:41155, 5170c5f3-8499-4b42-9321-85fc8a351f79:192.168.34.25:43074, 0b10a9fc-47eb-4a2b-b664-8273d9d17379:192.168.34.25:45248], old=null
2019-10-18 07:24:16,621 [12ad0800-05cb-443c-9fdd-fa1debf04523@group-BCB82A5C07F5-LeaderElection1262] INFO  impl.LeaderElection (LogUtils.java:infoOrTrace(149)) - 12ad0800-05cb-443c-9fdd-fa1debf04523@group-BCB82A5C07F5-LeaderElection1262 got exception when requesting votes: {}
java.util.concurrent.ExecutionException: org.apache.ratis.thirdparty.io.grpc.StatusRuntimeException: UNAVAILABLE: io exception
	at java.util.concurrent.FutureTask.report(FutureTask.java:122)
	at java.util.concurrent.FutureTask.get(FutureTask.java:192)
	at org.apache.ratis.server.impl.LeaderElection.waitForResults(LeaderElection.java:259)
	at org.apache.ratis.server.impl.LeaderElection.askForVotes(LeaderElection.java:197)
	at org.apache.ratis.server.impl.LeaderElection.run(LeaderElection.java:133)
	at java.lang.Thread.run(Thread.java:748)
Caused by: org.apache.ratis.thirdparty.io.grpc.StatusRuntimeException: UNAVAILABLE: io exception
	at org.apache.ratis.thirdparty.io.grpc.stub.ClientCalls.toStatusRuntimeException(ClientCalls.java:233)
	at org.apache.ratis.thirdparty.io.grpc.stub.ClientCalls.getUnchecked(ClientCalls.java:214)
	at org.apache.ratis.thirdparty.io.grpc.stub.ClientCalls.blockingUnaryCall(ClientCalls.java:139)
	at org.apache.ratis.proto.grpc.RaftServerProtocolServiceGrpc$RaftServerProtocolServiceBlockingStub.requestVote(RaftServerProtocolServiceGrpc.java:265)
	at org.apache.ratis.grpc.server.GrpcServerProtocolClient.requestVote(GrpcServerProtocolClient.java:99)
	at org.apache.ratis.grpc.server.GrpcService.requestVote(GrpcService.java:204)
	at org.apache.ratis.server.impl.LeaderElection.lambda$submitRequests$1(LeaderElection.java:234)
	at java.util.concurrent.FutureTask.run(FutureTask.java:266)
	at java.util.concurrent.Executors$RunnableAdapter.call(Executors.java:511)
	at java.util.concurrent.FutureTask.run(FutureTask.java:266)
	at java.util.concurrent.ThreadPoolExecutor.runWorker(ThreadPoolExecutor.java:1149)
	at java.util.concurrent.ThreadPoolExecutor$Worker.run(ThreadPoolExecutor.java:624)
	... 1 more
Caused by: org.apache.ratis.thirdparty.io.netty.channel.AbstractChannel$AnnotatedConnectException: Connection refused: /192.168.34.25:45248
	at sun.nio.ch.SocketChannelImpl.checkConnect(Native Method)
	at sun.nio.ch.SocketChannelImpl.finishConnect(SocketChannelImpl.java:717)
	at org.apache.ratis.thirdparty.io.netty.channel.socket.nio.NioSocketChannel.doFinishConnect(NioSocketChannel.java:327)
	at org.apache.ratis.thirdparty.io.netty.channel.nio.AbstractNioChannel$AbstractNioUnsafe.finishConnect(AbstractNioChannel.java:340)
	at org.apache.ratis.thirdparty.io.netty.channel.nio.NioEventLoop.processSelectedKey(NioEventLoop.java:632)
	at org.apache.ratis.thirdparty.io.netty.channel.nio.NioEventLoop.processSelectedKeysOptimized(NioEventLoop.java:579)
	at org.apache.ratis.thirdparty.io.netty.channel.nio.NioEventLoop.processSelectedKeys(NioEventLoop.java:496)
	at org.apache.ratis.thirdparty.io.netty.channel.nio.NioEventLoop.run(NioEventLoop.java:458)
	at org.apache.ratis.thirdparty.io.netty.util.concurrent.SingleThreadEventExecutor$5.run(SingleThreadEventExecutor.java:897)
	at org.apache.ratis.thirdparty.io.netty.util.concurrent.FastThreadLocalRunnable.run(FastThreadLocalRunnable.java:30)
	... 1 more
Caused by: java.net.ConnectException: Connection refused
	... 11 more
2019-10-18 07:24:16,621 [grpc-default-executor-4] INFO  impl.RaftServerImpl (RaftServerImpl.java:setRole(184)) - 5170c5f3-8499-4b42-9321-85fc8a351f79@group-BCB82A5C07F5: changes role from  FOLLOWER to FOLLOWER at term 209 for recognizeCandidate:12ad0800-05cb-443c-9fdd-fa1debf04523
2019-10-18 07:24:16,621 [grpc-default-executor-4] INFO  impl.RoleInfo (RoleInfo.java:shutdownFollowerState(121)) - 5170c5f3-8499-4b42-9321-85fc8a351f79: shutdown FollowerState
2019-10-18 07:24:16,622 [grpc-default-executor-4] INFO  impl.RoleInfo (RoleInfo.java:updateAndGet(143)) - 5170c5f3-8499-4b42-9321-85fc8a351f79: start FollowerState
2019-10-18 07:24:16,622 [Thread-10905] INFO  impl.FollowerState (FollowerState.java:run(117)) - 5170c5f3-8499-4b42-9321-85fc8a351f79@group-BCB82A5C07F5-FollowerState was interrupted: java.lang.InterruptedException: sleep interrupted
2019-10-18 07:24:16,646 [12ad0800-05cb-443c-9fdd-fa1debf04523@group-BCB82A5C07F5-LeaderElection1262] INFO  impl.LeaderElection (LeaderElection.java:logAndReturn(56)) - 12ad0800-05cb-443c-9fdd-fa1debf04523@group-BCB82A5C07F5-LeaderElection1262: Election REJECTED; received 1 response(s) [12ad0800-05cb-443c-9fdd-fa1debf04523<-5170c5f3-8499-4b42-9321-85fc8a351f79#0:FAIL-t209] and 1 exception(s); 12ad0800-05cb-443c-9fdd-fa1debf04523@group-BCB82A5C07F5:t209, leader=null, voted=12ad0800-05cb-443c-9fdd-fa1debf04523, raftlog=12ad0800-05cb-443c-9fdd-fa1debf04523@group-BCB82A5C07F5-SegmentedRaftLog:OPENED:c-1,f-1,i0, conf=-1: [12ad0800-05cb-443c-9fdd-fa1debf04523:192.168.34.25:41155, 5170c5f3-8499-4b42-9321-85fc8a351f79:192.168.34.25:43074, 0b10a9fc-47eb-4a2b-b664-8273d9d17379:192.168.34.25:45248], old=null
2019-10-18 07:24:16,646 [12ad0800-05cb-443c-9fdd-fa1debf04523@group-BCB82A5C07F5-LeaderElection1262] INFO  impl.LeaderElection (LogUtils.java:infoOrTrace(149)) -   Exception 0: {}
java.util.concurrent.ExecutionException: org.apache.ratis.thirdparty.io.grpc.StatusRuntimeException: UNAVAILABLE: io exception
	at java.util.concurrent.FutureTask.report(FutureTask.java:122)
	at java.util.concurrent.FutureTask.get(FutureTask.java:192)
	at org.apache.ratis.server.impl.LeaderElection.waitForResults(LeaderElection.java:259)
	at org.apache.ratis.server.impl.LeaderElection.askForVotes(LeaderElection.java:197)
	at org.apache.ratis.server.impl.LeaderElection.run(LeaderElection.java:133)
	at java.lang.Thread.run(Thread.java:748)
Caused by: org.apache.ratis.thirdparty.io.grpc.StatusRuntimeException: UNAVAILABLE: io exception
	at org.apache.ratis.thirdparty.io.grpc.stub.ClientCalls.toStatusRuntimeException(ClientCalls.java:233)
	at org.apache.ratis.thirdparty.io.grpc.stub.ClientCalls.getUnchecked(ClientCalls.java:214)
	at org.apache.ratis.thirdparty.io.grpc.stub.ClientCalls.blockingUnaryCall(ClientCalls.java:139)
	at org.apache.ratis.proto.grpc.RaftServerProtocolServiceGrpc$RaftServerProtocolServiceBlockingStub.requestVote(RaftServerProtocolServiceGrpc.java:265)
	at org.apache.ratis.grpc.server.GrpcServerProtocolClient.requestVote(GrpcServerProtocolClient.java:99)
	at org.apache.ratis.grpc.server.GrpcService.requestVote(GrpcService.java:204)
	at org.apache.ratis.server.impl.LeaderElection.lambda$submitRequests$1(LeaderElection.java:234)
	at java.util.concurrent.FutureTask.run(FutureTask.java:266)
	at java.util.concurrent.Executors$RunnableAdapter.call(Executors.java:511)
	at java.util.concurrent.FutureTask.run(FutureTask.java:266)
	at java.util.concurrent.ThreadPoolExecutor.runWorker(ThreadPoolExecutor.java:1149)
	at java.util.concurrent.ThreadPoolExecutor$Worker.run(ThreadPoolExecutor.java:624)
	... 1 more
Caused by: org.apache.ratis.thirdparty.io.netty.channel.AbstractChannel$AnnotatedConnectException: Connection refused: /192.168.34.25:45248
	at sun.nio.ch.SocketChannelImpl.checkConnect(Native Method)
	at sun.nio.ch.SocketChannelImpl.finishConnect(SocketChannelImpl.java:717)
	at org.apache.ratis.thirdparty.io.netty.channel.socket.nio.NioSocketChannel.doFinishConnect(NioSocketChannel.java:327)
	at org.apache.ratis.thirdparty.io.netty.channel.nio.AbstractNioChannel$AbstractNioUnsafe.finishConnect(AbstractNioChannel.java:340)
	at org.apache.ratis.thirdparty.io.netty.channel.nio.NioEventLoop.processSelectedKey(NioEventLoop.java:632)
	at org.apache.ratis.thirdparty.io.netty.channel.nio.NioEventLoop.processSelectedKeysOptimized(NioEventLoop.java:579)
	at org.apache.ratis.thirdparty.io.netty.channel.nio.NioEventLoop.processSelectedKeys(NioEventLoop.java:496)
	at org.apache.ratis.thirdparty.io.netty.channel.nio.NioEventLoop.run(NioEventLoop.java:458)
	at org.apache.ratis.thirdparty.io.netty.util.concurrent.SingleThreadEventExecutor$5.run(SingleThreadEventExecutor.java:897)
	at org.apache.ratis.thirdparty.io.netty.util.concurrent.FastThreadLocalRunnable.run(FastThreadLocalRunnable.java:30)
	... 1 more
Caused by: java.net.ConnectException: Connection refused
	... 11 more
2019-10-18 07:24:16,647 [12ad0800-05cb-443c-9fdd-fa1debf04523@group-BCB82A5C07F5-LeaderElection1262] INFO  impl.RaftServerImpl (RaftServerImpl.java:setRole(184)) - 12ad0800-05cb-443c-9fdd-fa1debf04523@group-BCB82A5C07F5: changes role from CANDIDATE to FOLLOWER at term 209 for DISCOVERED_A_NEW_TERM
2019-10-18 07:24:16,647 [12ad0800-05cb-443c-9fdd-fa1debf04523@group-BCB82A5C07F5-LeaderElection1262] INFO  impl.RoleInfo (RoleInfo.java:shutdownLeaderElection(134)) - 12ad0800-05cb-443c-9fdd-fa1debf04523: shutdown LeaderElection
2019-10-18 07:24:16,647 [12ad0800-05cb-443c-9fdd-fa1debf04523@group-BCB82A5C07F5-LeaderElection1262] INFO  impl.RoleInfo (RoleInfo.java:updateAndGet(143)) - 12ad0800-05cb-443c-9fdd-fa1debf04523: start FollowerState
2019-10-18 07:24:16,703 [Thread-10911] INFO  impl.FollowerState (FollowerState.java:run(108)) - 12ad0800-05cb-443c-9fdd-fa1debf04523@group-BCB82A5C07F5-FollowerState: change to CANDIDATE, lastRpcTime:55ms, electionTimeout:55ms
2019-10-18 07:24:16,703 [Thread-10911] INFO  impl.RoleInfo (RoleInfo.java:shutdownFollowerState(121)) - 12ad0800-05cb-443c-9fdd-fa1debf04523: shutdown FollowerState
2019-10-18 07:24:16,703 [Thread-10911] INFO  impl.RaftServerImpl (RaftServerImpl.java:setRole(184)) - 12ad0800-05cb-443c-9fdd-fa1debf04523@group-BCB82A5C07F5: changes role from  FOLLOWER to CANDIDATE at term 209 for changeToCandidate
2019-10-18 07:24:16,703 [Thread-10911] INFO  impl.RoleInfo (RoleInfo.java:updateAndGet(143)) - 12ad0800-05cb-443c-9fdd-fa1debf04523: start LeaderElection
2019-10-18 07:24:16,737 [12ad0800-05cb-443c-9fdd-fa1debf04523@group-BCB82A5C07F5-LeaderElection1263] INFO  impl.LeaderElection (LeaderElection.java:askForVotes(178)) - 12ad0800-05cb-443c-9fdd-fa1debf04523@group-BCB82A5C07F5-LeaderElection1263: begin an election at term 210 for -1: [12ad0800-05cb-443c-9fdd-fa1debf04523:192.168.34.25:41155, 5170c5f3-8499-4b42-9321-85fc8a351f79:192.168.34.25:43074, 0b10a9fc-47eb-4a2b-b664-8273d9d17379:192.168.34.25:45248], old=null
2019-10-18 07:24:16,738 [12ad0800-05cb-443c-9fdd-fa1debf04523@group-BCB82A5C07F5-LeaderElection1263] INFO  impl.LeaderElection (LogUtils.java:infoOrTrace(149)) - 12ad0800-05cb-443c-9fdd-fa1debf04523@group-BCB82A5C07F5-LeaderElection1263 got exception when requesting votes: {}
java.util.concurrent.ExecutionException: org.apache.ratis.thirdparty.io.grpc.StatusRuntimeException: UNAVAILABLE: io exception
	at java.util.concurrent.FutureTask.report(FutureTask.java:122)
	at java.util.concurrent.FutureTask.get(FutureTask.java:192)
	at org.apache.ratis.server.impl.LeaderElection.waitForResults(LeaderElection.java:259)
	at org.apache.ratis.server.impl.LeaderElection.askForVotes(LeaderElection.java:197)
	at org.apache.ratis.server.impl.LeaderElection.run(LeaderElection.java:133)
	at java.lang.Thread.run(Thread.java:748)
Caused by: org.apache.ratis.thirdparty.io.grpc.StatusRuntimeException: UNAVAILABLE: io exception
	at org.apache.ratis.thirdparty.io.grpc.stub.ClientCalls.toStatusRuntimeException(ClientCalls.java:233)
	at org.apache.ratis.thirdparty.io.grpc.stub.ClientCalls.getUnchecked(ClientCalls.java:214)
	at org.apache.ratis.thirdparty.io.grpc.stub.ClientCalls.blockingUnaryCall(ClientCalls.java:139)
	at org.apache.ratis.proto.grpc.RaftServerProtocolServiceGrpc$RaftServerProtocolServiceBlockingStub.requestVote(RaftServerProtocolServiceGrpc.java:265)
	at org.apache.ratis.grpc.server.GrpcServerProtocolClient.requestVote(GrpcServerProtocolClient.java:99)
	at org.apache.ratis.grpc.server.GrpcService.requestVote(GrpcService.java:204)
	at org.apache.ratis.server.impl.LeaderElection.lambda$submitRequests$1(LeaderElection.java:234)
	at java.util.concurrent.FutureTask.run(FutureTask.java:266)
	at java.util.concurrent.Executors$RunnableAdapter.call(Executors.java:511)
	at java.util.concurrent.FutureTask.run(FutureTask.java:266)
	at java.util.concurrent.ThreadPoolExecutor.runWorker(ThreadPoolExecutor.java:1149)
	at java.util.concurrent.ThreadPoolExecutor$Worker.run(ThreadPoolExecutor.java:624)
	... 1 more
Caused by: org.apache.ratis.thirdparty.io.netty.channel.AbstractChannel$AnnotatedConnectException: Connection refused: /192.168.34.25:45248
	at sun.nio.ch.SocketChannelImpl.checkConnect(Native Method)
	at sun.nio.ch.SocketChannelImpl.finishConnect(SocketChannelImpl.java:717)
	at org.apache.ratis.thirdparty.io.netty.channel.socket.nio.NioSocketChannel.doFinishConnect(NioSocketChannel.java:327)
	at org.apache.ratis.thirdparty.io.netty.channel.nio.AbstractNioChannel$AbstractNioUnsafe.finishConnect(AbstractNioChannel.java:340)
	at org.apache.ratis.thirdparty.io.netty.channel.nio.NioEventLoop.processSelectedKey(NioEventLoop.java:632)
	at org.apache.ratis.thirdparty.io.netty.channel.nio.NioEventLoop.processSelectedKeysOptimized(NioEventLoop.java:579)
	at org.apache.ratis.thirdparty.io.netty.channel.nio.NioEventLoop.processSelectedKeys(NioEventLoop.java:496)
	at org.apache.ratis.thirdparty.io.netty.channel.nio.NioEventLoop.run(NioEventLoop.java:458)
	at org.apache.ratis.thirdparty.io.netty.util.concurrent.SingleThreadEventExecutor$5.run(SingleThreadEventExecutor.java:897)
	at org.apache.ratis.thirdparty.io.netty.util.concurrent.FastThreadLocalRunnable.run(FastThreadLocalRunnable.java:30)
	... 1 more
Caused by: java.net.ConnectException: Connection refused
	... 11 more
2019-10-18 07:24:16,739 [grpc-default-executor-4] INFO  impl.RaftServerImpl (RaftServerImpl.java:setRole(184)) - 5170c5f3-8499-4b42-9321-85fc8a351f79@group-BCB82A5C07F5: changes role from  FOLLOWER to FOLLOWER at term 210 for recognizeCandidate:12ad0800-05cb-443c-9fdd-fa1debf04523
2019-10-18 07:24:16,739 [grpc-default-executor-4] INFO  impl.RoleInfo (RoleInfo.java:shutdownFollowerState(121)) - 5170c5f3-8499-4b42-9321-85fc8a351f79: shutdown FollowerState
2019-10-18 07:24:16,740 [grpc-default-executor-4] INFO  impl.RoleInfo (RoleInfo.java:updateAndGet(143)) - 5170c5f3-8499-4b42-9321-85fc8a351f79: start FollowerState
2019-10-18 07:24:16,740 [Thread-10910] INFO  impl.FollowerState (FollowerState.java:run(117)) - 5170c5f3-8499-4b42-9321-85fc8a351f79@group-BCB82A5C07F5-FollowerState was interrupted: java.lang.InterruptedException: sleep interrupted
2019-10-18 07:24:16,761 [java.util.concurrent.ThreadPoolExecutor$Worker@1ddf09da[State = -1, empty queue]] WARN  server.GrpcLogAppender (GrpcLogAppender.java:timeoutAppendRequest(209)) - 030c2313-1c2c-4b42-81fb-cb58ee93f992@group-E193FE271C99->9712a796-5281-4f3e-ac85-61dedd90db73-GrpcLogAppender: appendEntries Timeout, request=030c2313-1c2c-4b42-81fb-cb58ee93f992->9712a796-5281-4f3e-ac85-61dedd90db73#60-t1, previous=(t:1, i:10), leaderCommit=10, initializing? false, entries: <empty>
2019-10-18 07:24:16,763 [12ad0800-05cb-443c-9fdd-fa1debf04523@group-BCB82A5C07F5-LeaderElection1263] INFO  impl.LeaderElection (LeaderElection.java:logAndReturn(56)) - 12ad0800-05cb-443c-9fdd-fa1debf04523@group-BCB82A5C07F5-LeaderElection1263: Election REJECTED; received 1 response(s) [12ad0800-05cb-443c-9fdd-fa1debf04523<-5170c5f3-8499-4b42-9321-85fc8a351f79#0:FAIL-t210] and 1 exception(s); 12ad0800-05cb-443c-9fdd-fa1debf04523@group-BCB82A5C07F5:t210, leader=null, voted=12ad0800-05cb-443c-9fdd-fa1debf04523, raftlog=12ad0800-05cb-443c-9fdd-fa1debf04523@group-BCB82A5C07F5-SegmentedRaftLog:OPENED:c-1,f-1,i0, conf=-1: [12ad0800-05cb-443c-9fdd-fa1debf04523:192.168.34.25:41155, 5170c5f3-8499-4b42-9321-85fc8a351f79:192.168.34.25:43074, 0b10a9fc-47eb-4a2b-b664-8273d9d17379:192.168.34.25:45248], old=null
2019-10-18 07:24:16,763 [12ad0800-05cb-443c-9fdd-fa1debf04523@group-BCB82A5C07F5-LeaderElection1263] INFO  impl.LeaderElection (LogUtils.java:infoOrTrace(149)) -   Exception 0: {}
java.util.concurrent.ExecutionException: org.apache.ratis.thirdparty.io.grpc.StatusRuntimeException: UNAVAILABLE: io exception
	at java.util.concurrent.FutureTask.report(FutureTask.java:122)
	at java.util.concurrent.FutureTask.get(FutureTask.java:192)
	at org.apache.ratis.server.impl.LeaderElection.waitForResults(LeaderElection.java:259)
	at org.apache.ratis.server.impl.LeaderElection.askForVotes(LeaderElection.java:197)
	at org.apache.ratis.server.impl.LeaderElection.run(LeaderElection.java:133)
	at java.lang.Thread.run(Thread.java:748)
Caused by: org.apache.ratis.thirdparty.io.grpc.StatusRuntimeException: UNAVAILABLE: io exception
	at org.apache.ratis.thirdparty.io.grpc.stub.ClientCalls.toStatusRuntimeException(ClientCalls.java:233)
	at org.apache.ratis.thirdparty.io.grpc.stub.ClientCalls.getUnchecked(ClientCalls.java:214)
	at org.apache.ratis.thirdparty.io.grpc.stub.ClientCalls.blockingUnaryCall(ClientCalls.java:139)
	at org.apache.ratis.proto.grpc.RaftServerProtocolServiceGrpc$RaftServerProtocolServiceBlockingStub.requestVote(RaftServerProtocolServiceGrpc.java:265)
	at org.apache.ratis.grpc.server.GrpcServerProtocolClient.requestVote(GrpcServerProtocolClient.java:99)
	at org.apache.ratis.grpc.server.GrpcService.requestVote(GrpcService.java:204)
	at org.apache.ratis.server.impl.LeaderElection.lambda$submitRequests$1(LeaderElection.java:234)
	at java.util.concurrent.FutureTask.run(FutureTask.java:266)
	at java.util.concurrent.Executors$RunnableAdapter.call(Executors.java:511)
	at java.util.concurrent.FutureTask.run(FutureTask.java:266)
	at java.util.concurrent.ThreadPoolExecutor.runWorker(ThreadPoolExecutor.java:1149)
	at java.util.concurrent.ThreadPoolExecutor$Worker.run(ThreadPoolExecutor.java:624)
	... 1 more
Caused by: org.apache.ratis.thirdparty.io.netty.channel.AbstractChannel$AnnotatedConnectException: Connection refused: /192.168.34.25:45248
	at sun.nio.ch.SocketChannelImpl.checkConnect(Native Method)
	at sun.nio.ch.SocketChannelImpl.finishConnect(SocketChannelImpl.java:717)
	at org.apache.ratis.thirdparty.io.netty.channel.socket.nio.NioSocketChannel.doFinishConnect(NioSocketChannel.java:327)
	at org.apache.ratis.thirdparty.io.netty.channel.nio.AbstractNioChannel$AbstractNioUnsafe.finishConnect(AbstractNioChannel.java:340)
	at org.apache.ratis.thirdparty.io.netty.channel.nio.NioEventLoop.processSelectedKey(NioEventLoop.java:632)
	at org.apache.ratis.thirdparty.io.netty.channel.nio.NioEventLoop.processSelectedKeysOptimized(NioEventLoop.java:579)
	at org.apache.ratis.thirdparty.io.netty.channel.nio.NioEventLoop.processSelectedKeys(NioEventLoop.java:496)
	at org.apache.ratis.thirdparty.io.netty.channel.nio.NioEventLoop.run(NioEventLoop.java:458)
	at org.apache.ratis.thirdparty.io.netty.util.concurrent.SingleThreadEventExecutor$5.run(SingleThreadEventExecutor.java:897)
	at org.apache.ratis.thirdparty.io.netty.util.concurrent.FastThreadLocalRunnable.run(FastThreadLocalRunnable.java:30)
	... 1 more
Caused by: java.net.ConnectException: Connection refused
	... 11 more
2019-10-18 07:24:16,764 [12ad0800-05cb-443c-9fdd-fa1debf04523@group-BCB82A5C07F5-LeaderElection1263] INFO  impl.RaftServerImpl (RaftServerImpl.java:setRole(184)) - 12ad0800-05cb-443c-9fdd-fa1debf04523@group-BCB82A5C07F5: changes role from CANDIDATE to FOLLOWER at term 210 for DISCOVERED_A_NEW_TERM
2019-10-18 07:24:16,764 [12ad0800-05cb-443c-9fdd-fa1debf04523@group-BCB82A5C07F5-LeaderElection1263] INFO  impl.RoleInfo (RoleInfo.java:shutdownLeaderElection(134)) - 12ad0800-05cb-443c-9fdd-fa1debf04523: shutdown LeaderElection
2019-10-18 07:24:16,764 [12ad0800-05cb-443c-9fdd-fa1debf04523@group-BCB82A5C07F5-LeaderElection1263] INFO  impl.RoleInfo (RoleInfo.java:updateAndGet(143)) - 12ad0800-05cb-443c-9fdd-fa1debf04523: start FollowerState
2019-10-18 07:24:16,816 [Thread-10916] INFO  impl.FollowerState (FollowerState.java:run(108)) - 12ad0800-05cb-443c-9fdd-fa1debf04523@group-BCB82A5C07F5-FollowerState: change to CANDIDATE, lastRpcTime:52ms, electionTimeout:52ms
2019-10-18 07:24:16,817 [Thread-10916] INFO  impl.RoleInfo (RoleInfo.java:shutdownFollowerState(121)) - 12ad0800-05cb-443c-9fdd-fa1debf04523: shutdown FollowerState
2019-10-18 07:24:16,817 [Thread-10916] INFO  impl.RaftServerImpl (RaftServerImpl.java:setRole(184)) - 12ad0800-05cb-443c-9fdd-fa1debf04523@group-BCB82A5C07F5: changes role from  FOLLOWER to CANDIDATE at term 210 for changeToCandidate
2019-10-18 07:24:16,817 [Thread-10916] INFO  impl.RoleInfo (RoleInfo.java:updateAndGet(143)) - 12ad0800-05cb-443c-9fdd-fa1debf04523: start LeaderElection
2019-10-18 07:24:16,839 [12ad0800-05cb-443c-9fdd-fa1debf04523@group-BCB82A5C07F5-LeaderElection1264] INFO  impl.LeaderElection (LeaderElection.java:askForVotes(178)) - 12ad0800-05cb-443c-9fdd-fa1debf04523@group-BCB82A5C07F5-LeaderElection1264: begin an election at term 211 for -1: [12ad0800-05cb-443c-9fdd-fa1debf04523:192.168.34.25:41155, 5170c5f3-8499-4b42-9321-85fc8a351f79:192.168.34.25:43074, 0b10a9fc-47eb-4a2b-b664-8273d9d17379:192.168.34.25:45248], old=null
2019-10-18 07:24:16,840 [12ad0800-05cb-443c-9fdd-fa1debf04523@group-BCB82A5C07F5-LeaderElection1264] INFO  impl.LeaderElection (LogUtils.java:infoOrTrace(149)) - 12ad0800-05cb-443c-9fdd-fa1debf04523@group-BCB82A5C07F5-LeaderElection1264 got exception when requesting votes: {}
java.util.concurrent.ExecutionException: org.apache.ratis.thirdparty.io.grpc.StatusRuntimeException: UNAVAILABLE: io exception
	at java.util.concurrent.FutureTask.report(FutureTask.java:122)
	at java.util.concurrent.FutureTask.get(FutureTask.java:192)
	at org.apache.ratis.server.impl.LeaderElection.waitForResults(LeaderElection.java:259)
	at org.apache.ratis.server.impl.LeaderElection.askForVotes(LeaderElection.java:197)
	at org.apache.ratis.server.impl.LeaderElection.run(LeaderElection.java:133)
	at java.lang.Thread.run(Thread.java:748)
Caused by: org.apache.ratis.thirdparty.io.grpc.StatusRuntimeException: UNAVAILABLE: io exception
	at org.apache.ratis.thirdparty.io.grpc.stub.ClientCalls.toStatusRuntimeException(ClientCalls.java:233)
	at org.apache.ratis.thirdparty.io.grpc.stub.ClientCalls.getUnchecked(ClientCalls.java:214)
	at org.apache.ratis.thirdparty.io.grpc.stub.ClientCalls.blockingUnaryCall(ClientCalls.java:139)
	at org.apache.ratis.proto.grpc.RaftServerProtocolServiceGrpc$RaftServerProtocolServiceBlockingStub.requestVote(RaftServerProtocolServiceGrpc.java:265)
	at org.apache.ratis.grpc.server.GrpcServerProtocolClient.requestVote(GrpcServerProtocolClient.java:99)
	at org.apache.ratis.grpc.server.GrpcService.requestVote(GrpcService.java:204)
	at org.apache.ratis.server.impl.LeaderElection.lambda$submitRequests$1(LeaderElection.java:234)
	at java.util.concurrent.FutureTask.run(FutureTask.java:266)
	at java.util.concurrent.Executors$RunnableAdapter.call(Executors.java:511)
	at java.util.concurrent.FutureTask.run(FutureTask.java:266)
	at java.util.concurrent.ThreadPoolExecutor.runWorker(ThreadPoolExecutor.java:1149)
	at java.util.concurrent.ThreadPoolExecutor$Worker.run(ThreadPoolExecutor.java:624)
	... 1 more
Caused by: org.apache.ratis.thirdparty.io.netty.channel.AbstractChannel$AnnotatedConnectException: Connection refused: /192.168.34.25:45248
	at sun.nio.ch.SocketChannelImpl.checkConnect(Native Method)
	at sun.nio.ch.SocketChannelImpl.finishConnect(SocketChannelImpl.java:717)
	at org.apache.ratis.thirdparty.io.netty.channel.socket.nio.NioSocketChannel.doFinishConnect(NioSocketChannel.java:327)
	at org.apache.ratis.thirdparty.io.netty.channel.nio.AbstractNioChannel$AbstractNioUnsafe.finishConnect(AbstractNioChannel.java:340)
	at org.apache.ratis.thirdparty.io.netty.channel.nio.NioEventLoop.processSelectedKey(NioEventLoop.java:632)
	at org.apache.ratis.thirdparty.io.netty.channel.nio.NioEventLoop.processSelectedKeysOptimized(NioEventLoop.java:579)
	at org.apache.ratis.thirdparty.io.netty.channel.nio.NioEventLoop.processSelectedKeys(NioEventLoop.java:496)
	at org.apache.ratis.thirdparty.io.netty.channel.nio.NioEventLoop.run(NioEventLoop.java:458)
	at org.apache.ratis.thirdparty.io.netty.util.concurrent.SingleThreadEventExecutor$5.run(SingleThreadEventExecutor.java:897)
	at org.apache.ratis.thirdparty.io.netty.util.concurrent.FastThreadLocalRunnable.run(FastThreadLocalRunnable.java:30)
	... 1 more
Caused by: java.net.ConnectException: Connection refused
	... 11 more
2019-10-18 07:24:16,840 [grpc-default-executor-4] INFO  impl.RaftServerImpl (RaftServerImpl.java:setRole(184)) - 5170c5f3-8499-4b42-9321-85fc8a351f79@group-BCB82A5C07F5: changes role from  FOLLOWER to FOLLOWER at term 211 for recognizeCandidate:12ad0800-05cb-443c-9fdd-fa1debf04523
2019-10-18 07:24:16,840 [grpc-default-executor-4] INFO  impl.RoleInfo (RoleInfo.java:shutdownFollowerState(121)) - 5170c5f3-8499-4b42-9321-85fc8a351f79: shutdown FollowerState
2019-10-18 07:24:16,840 [grpc-default-executor-4] INFO  impl.RoleInfo (RoleInfo.java:updateAndGet(143)) - 5170c5f3-8499-4b42-9321-85fc8a351f79: start FollowerState
2019-10-18 07:24:16,840 [Thread-10915] INFO  impl.FollowerState (FollowerState.java:run(117)) - 5170c5f3-8499-4b42-9321-85fc8a351f79@group-BCB82A5C07F5-FollowerState was interrupted: java.lang.InterruptedException: sleep interrupted
2019-10-18 07:24:16,865 [12ad0800-05cb-443c-9fdd-fa1debf04523@group-BCB82A5C07F5-LeaderElection1264] INFO  impl.LeaderElection (LeaderElection.java:logAndReturn(56)) - 12ad0800-05cb-443c-9fdd-fa1debf04523@group-BCB82A5C07F5-LeaderElection1264: Election REJECTED; received 1 response(s) [12ad0800-05cb-443c-9fdd-fa1debf04523<-5170c5f3-8499-4b42-9321-85fc8a351f79#0:FAIL-t211] and 1 exception(s); 12ad0800-05cb-443c-9fdd-fa1debf04523@group-BCB82A5C07F5:t211, leader=null, voted=12ad0800-05cb-443c-9fdd-fa1debf04523, raftlog=12ad0800-05cb-443c-9fdd-fa1debf04523@group-BCB82A5C07F5-SegmentedRaftLog:OPENED:c-1,f-1,i0, conf=-1: [12ad0800-05cb-443c-9fdd-fa1debf04523:192.168.34.25:41155, 5170c5f3-8499-4b42-9321-85fc8a351f79:192.168.34.25:43074, 0b10a9fc-47eb-4a2b-b664-8273d9d17379:192.168.34.25:45248], old=null
2019-10-18 07:24:16,865 [12ad0800-05cb-443c-9fdd-fa1debf04523@group-BCB82A5C07F5-LeaderElection1264] INFO  impl.LeaderElection (LogUtils.java:infoOrTrace(149)) -   Exception 0: {}
java.util.concurrent.ExecutionException: org.apache.ratis.thirdparty.io.grpc.StatusRuntimeException: UNAVAILABLE: io exception
	at java.util.concurrent.FutureTask.report(FutureTask.java:122)
	at java.util.concurrent.FutureTask.get(FutureTask.java:192)
	at org.apache.ratis.server.impl.LeaderElection.waitForResults(LeaderElection.java:259)
	at org.apache.ratis.server.impl.LeaderElection.askForVotes(LeaderElection.java:197)
	at org.apache.ratis.server.impl.LeaderElection.run(LeaderElection.java:133)
	at java.lang.Thread.run(Thread.java:748)
Caused by: org.apache.ratis.thirdparty.io.grpc.StatusRuntimeException: UNAVAILABLE: io exception
	at org.apache.ratis.thirdparty.io.grpc.stub.ClientCalls.toStatusRuntimeException(ClientCalls.java:233)
	at org.apache.ratis.thirdparty.io.grpc.stub.ClientCalls.getUnchecked(ClientCalls.java:214)
	at org.apache.ratis.thirdparty.io.grpc.stub.ClientCalls.blockingUnaryCall(ClientCalls.java:139)
	at org.apache.ratis.proto.grpc.RaftServerProtocolServiceGrpc$RaftServerProtocolServiceBlockingStub.requestVote(RaftServerProtocolServiceGrpc.java:265)
	at org.apache.ratis.grpc.server.GrpcServerProtocolClient.requestVote(GrpcServerProtocolClient.java:99)
	at org.apache.ratis.grpc.server.GrpcService.requestVote(GrpcService.java:204)
	at org.apache.ratis.server.impl.LeaderElection.lambda$submitRequests$1(LeaderElection.java:234)
	at java.util.concurrent.FutureTask.run(FutureTask.java:266)
	at java.util.concurrent.Executors$RunnableAdapter.call(Executors.java:511)
	at java.util.concurrent.FutureTask.run(FutureTask.java:266)
	at java.util.concurrent.ThreadPoolExecutor.runWorker(ThreadPoolExecutor.java:1149)
	at java.util.concurrent.ThreadPoolExecutor$Worker.run(ThreadPoolExecutor.java:624)
	... 1 more
Caused by: org.apache.ratis.thirdparty.io.netty.channel.AbstractChannel$AnnotatedConnectException: Connection refused: /192.168.34.25:45248
	at sun.nio.ch.SocketChannelImpl.checkConnect(Native Method)
	at sun.nio.ch.SocketChannelImpl.finishConnect(SocketChannelImpl.java:717)
	at org.apache.ratis.thirdparty.io.netty.channel.socket.nio.NioSocketChannel.doFinishConnect(NioSocketChannel.java:327)
	at org.apache.ratis.thirdparty.io.netty.channel.nio.AbstractNioChannel$AbstractNioUnsafe.finishConnect(AbstractNioChannel.java:340)
	at org.apache.ratis.thirdparty.io.netty.channel.nio.NioEventLoop.processSelectedKey(NioEventLoop.java:632)
	at org.apache.ratis.thirdparty.io.netty.channel.nio.NioEventLoop.processSelectedKeysOptimized(NioEventLoop.java:579)
	at org.apache.ratis.thirdparty.io.netty.channel.nio.NioEventLoop.processSelectedKeys(NioEventLoop.java:496)
	at org.apache.ratis.thirdparty.io.netty.channel.nio.NioEventLoop.run(NioEventLoop.java:458)
	at org.apache.ratis.thirdparty.io.netty.util.concurrent.SingleThreadEventExecutor$5.run(SingleThreadEventExecutor.java:897)
	at org.apache.ratis.thirdparty.io.netty.util.concurrent.FastThreadLocalRunnable.run(FastThreadLocalRunnable.java:30)
	... 1 more
Caused by: java.net.ConnectException: Connection refused
	... 11 more
2019-10-18 07:24:16,865 [12ad0800-05cb-443c-9fdd-fa1debf04523@group-BCB82A5C07F5-LeaderElection1264] INFO  impl.RaftServerImpl (RaftServerImpl.java:setRole(184)) - 12ad0800-05cb-443c-9fdd-fa1debf04523@group-BCB82A5C07F5: changes role from CANDIDATE to FOLLOWER at term 211 for DISCOVERED_A_NEW_TERM
2019-10-18 07:24:16,865 [12ad0800-05cb-443c-9fdd-fa1debf04523@group-BCB82A5C07F5-LeaderElection1264] INFO  impl.RoleInfo (RoleInfo.java:shutdownLeaderElection(134)) - 12ad0800-05cb-443c-9fdd-fa1debf04523: shutdown LeaderElection
2019-10-18 07:24:16,865 [12ad0800-05cb-443c-9fdd-fa1debf04523@group-BCB82A5C07F5-LeaderElection1264] INFO  impl.RoleInfo (RoleInfo.java:updateAndGet(143)) - 12ad0800-05cb-443c-9fdd-fa1debf04523: start FollowerState
2019-10-18 07:24:16,890 [Thread-10875] INFO  impl.FollowerState (FollowerState.java:run(108)) - 67270882-100a-4e75-928d-618d17e069c8@group-0C9C3B2D0CC1-FollowerState: change to CANDIDATE, lastRpcTime:1164ms, electionTimeout:1164ms
2019-10-18 07:24:16,890 [Thread-10875] INFO  impl.RoleInfo (RoleInfo.java:shutdownFollowerState(121)) - 67270882-100a-4e75-928d-618d17e069c8: shutdown FollowerState
2019-10-18 07:24:16,890 [Thread-10875] INFO  impl.RaftServerImpl (RaftServerImpl.java:setRole(184)) - 67270882-100a-4e75-928d-618d17e069c8@group-0C9C3B2D0CC1: changes role from  FOLLOWER to CANDIDATE at term 151 for changeToCandidate
2019-10-18 07:24:16,891 [Thread-10875] INFO  impl.RoleInfo (RoleInfo.java:updateAndGet(143)) - 67270882-100a-4e75-928d-618d17e069c8: start LeaderElection
2019-10-18 07:24:16,906 [67270882-100a-4e75-928d-618d17e069c8@group-0C9C3B2D0CC1-LeaderElection1265] INFO  impl.LeaderElection (LeaderElection.java:askForVotes(178)) - 67270882-100a-4e75-928d-618d17e069c8@group-0C9C3B2D0CC1-LeaderElection1265: begin an election at term 152 for 1: [6633f50a-7046-4b08-9937-8e25f1b14b15:192.168.34.25:39338, 67270882-100a-4e75-928d-618d17e069c8:192.168.34.25:36648, 4dea926d-4bc6-487a-9b9b-9fd457d0fae4:192.168.34.25:41624], old=null
2019-10-18 07:24:16,907 [67270882-100a-4e75-928d-618d17e069c8@group-0C9C3B2D0CC1-LeaderElection1265] INFO  impl.LeaderElection (LogUtils.java:infoOrTrace(149)) - 67270882-100a-4e75-928d-618d17e069c8@group-0C9C3B2D0CC1-LeaderElection1265 got exception when requesting votes: {}
java.util.concurrent.ExecutionException: org.apache.ratis.thirdparty.io.grpc.StatusRuntimeException: UNAVAILABLE: io exception
	at java.util.concurrent.FutureTask.report(FutureTask.java:122)
	at java.util.concurrent.FutureTask.get(FutureTask.java:192)
	at org.apache.ratis.server.impl.LeaderElection.waitForResults(LeaderElection.java:259)
	at org.apache.ratis.server.impl.LeaderElection.askForVotes(LeaderElection.java:197)
	at org.apache.ratis.server.impl.LeaderElection.run(LeaderElection.java:133)
	at java.lang.Thread.run(Thread.java:748)
Caused by: org.apache.ratis.thirdparty.io.grpc.StatusRuntimeException: UNAVAILABLE: io exception
	at org.apache.ratis.thirdparty.io.grpc.stub.ClientCalls.toStatusRuntimeException(ClientCalls.java:233)
	at org.apache.ratis.thirdparty.io.grpc.stub.ClientCalls.getUnchecked(ClientCalls.java:214)
	at org.apache.ratis.thirdparty.io.grpc.stub.ClientCalls.blockingUnaryCall(ClientCalls.java:139)
	at org.apache.ratis.proto.grpc.RaftServerProtocolServiceGrpc$RaftServerProtocolServiceBlockingStub.requestVote(RaftServerProtocolServiceGrpc.java:265)
	at org.apache.ratis.grpc.server.GrpcServerProtocolClient.requestVote(GrpcServerProtocolClient.java:99)
	at org.apache.ratis.grpc.server.GrpcService.requestVote(GrpcService.java:204)
	at org.apache.ratis.server.impl.LeaderElection.lambda$submitRequests$1(LeaderElection.java:234)
	at java.util.concurrent.FutureTask.run(FutureTask.java:266)
	at java.util.concurrent.Executors$RunnableAdapter.call(Executors.java:511)
	at java.util.concurrent.FutureTask.run(FutureTask.java:266)
	at java.util.concurrent.ThreadPoolExecutor.runWorker(ThreadPoolExecutor.java:1149)
	at java.util.concurrent.ThreadPoolExecutor$Worker.run(ThreadPoolExecutor.java:624)
	... 1 more
Caused by: org.apache.ratis.thirdparty.io.netty.channel.AbstractChannel$AnnotatedConnectException: Connection refused: /192.168.34.25:39338
	at sun.nio.ch.SocketChannelImpl.checkConnect(Native Method)
	at sun.nio.ch.SocketChannelImpl.finishConnect(SocketChannelImpl.java:717)
	at org.apache.ratis.thirdparty.io.netty.channel.socket.nio.NioSocketChannel.doFinishConnect(NioSocketChannel.java:327)
	at org.apache.ratis.thirdparty.io.netty.channel.nio.AbstractNioChannel$AbstractNioUnsafe.finishConnect(AbstractNioChannel.java:340)
	at org.apache.ratis.thirdparty.io.netty.channel.nio.NioEventLoop.processSelectedKey(NioEventLoop.java:632)
	at org.apache.ratis.thirdparty.io.netty.channel.nio.NioEventLoop.processSelectedKeysOptimized(NioEventLoop.java:579)
	at org.apache.ratis.thirdparty.io.netty.channel.nio.NioEventLoop.processSelectedKeys(NioEventLoop.java:496)
	at org.apache.ratis.thirdparty.io.netty.channel.nio.NioEventLoop.run(NioEventLoop.java:458)
	at org.apache.ratis.thirdparty.io.netty.util.concurrent.SingleThreadEventExecutor$5.run(SingleThreadEventExecutor.java:897)
	at org.apache.ratis.thirdparty.io.netty.util.concurrent.FastThreadLocalRunnable.run(FastThreadLocalRunnable.java:30)
	... 1 more
Caused by: java.net.ConnectException: Connection refused
	... 11 more
2019-10-18 07:24:16,907 [67270882-100a-4e75-928d-618d17e069c8@group-0C9C3B2D0CC1-LeaderElection1265] INFO  impl.LeaderElection (LogUtils.java:infoOrTrace(149)) - 67270882-100a-4e75-928d-618d17e069c8@group-0C9C3B2D0CC1-LeaderElection1265 got exception when requesting votes: {}
java.util.concurrent.ExecutionException: org.apache.ratis.thirdparty.io.grpc.StatusRuntimeException: UNAVAILABLE: io exception
	at java.util.concurrent.FutureTask.report(FutureTask.java:122)
	at java.util.concurrent.FutureTask.get(FutureTask.java:192)
	at org.apache.ratis.server.impl.LeaderElection.waitForResults(LeaderElection.java:259)
	at org.apache.ratis.server.impl.LeaderElection.askForVotes(LeaderElection.java:197)
	at org.apache.ratis.server.impl.LeaderElection.run(LeaderElection.java:133)
	at java.lang.Thread.run(Thread.java:748)
Caused by: org.apache.ratis.thirdparty.io.grpc.StatusRuntimeException: UNAVAILABLE: io exception
	at org.apache.ratis.thirdparty.io.grpc.stub.ClientCalls.toStatusRuntimeException(ClientCalls.java:233)
	at org.apache.ratis.thirdparty.io.grpc.stub.ClientCalls.getUnchecked(ClientCalls.java:214)
	at org.apache.ratis.thirdparty.io.grpc.stub.ClientCalls.blockingUnaryCall(ClientCalls.java:139)
	at org.apache.ratis.proto.grpc.RaftServerProtocolServiceGrpc$RaftServerProtocolServiceBlockingStub.requestVote(RaftServerProtocolServiceGrpc.java:265)
	at org.apache.ratis.grpc.server.GrpcServerProtocolClient.requestVote(GrpcServerProtocolClient.java:99)
	at org.apache.ratis.grpc.server.GrpcService.requestVote(GrpcService.java:204)
	at org.apache.ratis.server.impl.LeaderElection.lambda$submitRequests$1(LeaderElection.java:234)
	at java.util.concurrent.FutureTask.run(FutureTask.java:266)
	at java.util.concurrent.Executors$RunnableAdapter.call(Executors.java:511)
	at java.util.concurrent.FutureTask.run(FutureTask.java:266)
	at java.util.concurrent.ThreadPoolExecutor.runWorker(ThreadPoolExecutor.java:1149)
	at java.util.concurrent.ThreadPoolExecutor$Worker.run(ThreadPoolExecutor.java:624)
	... 1 more
Caused by: org.apache.ratis.thirdparty.io.netty.channel.AbstractChannel$AnnotatedConnectException: Connection refused: /192.168.34.25:41624
	at sun.nio.ch.SocketChannelImpl.checkConnect(Native Method)
	at sun.nio.ch.SocketChannelImpl.finishConnect(SocketChannelImpl.java:717)
	at org.apache.ratis.thirdparty.io.netty.channel.socket.nio.NioSocketChannel.doFinishConnect(NioSocketChannel.java:327)
	at org.apache.ratis.thirdparty.io.netty.channel.nio.AbstractNioChannel$AbstractNioUnsafe.finishConnect(AbstractNioChannel.java:340)
	at org.apache.ratis.thirdparty.io.netty.channel.nio.NioEventLoop.processSelectedKey(NioEventLoop.java:632)
	at org.apache.ratis.thirdparty.io.netty.channel.nio.NioEventLoop.processSelectedKeysOptimized(NioEventLoop.java:579)
	at org.apache.ratis.thirdparty.io.netty.channel.nio.NioEventLoop.processSelectedKeys(NioEventLoop.java:496)
	at org.apache.ratis.thirdparty.io.netty.channel.nio.NioEventLoop.run(NioEventLoop.java:458)
	at org.apache.ratis.thirdparty.io.netty.util.concurrent.SingleThreadEventExecutor$5.run(SingleThreadEventExecutor.java:897)
	at org.apache.ratis.thirdparty.io.netty.util.concurrent.FastThreadLocalRunnable.run(FastThreadLocalRunnable.java:30)
	... 1 more
Caused by: java.net.ConnectException: Connection refused
	... 11 more
2019-10-18 07:24:16,908 [67270882-100a-4e75-928d-618d17e069c8@group-0C9C3B2D0CC1-LeaderElection1265] INFO  impl.LeaderElection (LeaderElection.java:logAndReturn(56)) - 67270882-100a-4e75-928d-618d17e069c8@group-0C9C3B2D0CC1-LeaderElection1265: Election REJECTED; received 0 response(s) [] and 2 exception(s); 67270882-100a-4e75-928d-618d17e069c8@group-0C9C3B2D0CC1:t152, leader=null, voted=67270882-100a-4e75-928d-618d17e069c8, raftlog=67270882-100a-4e75-928d-618d17e069c8@group-0C9C3B2D0CC1-SegmentedRaftLog:OPENED:c2,f2,i2, conf=1: [6633f50a-7046-4b08-9937-8e25f1b14b15:192.168.34.25:39338, 67270882-100a-4e75-928d-618d17e069c8:192.168.34.25:36648, 4dea926d-4bc6-487a-9b9b-9fd457d0fae4:192.168.34.25:41624], old=null
2019-10-18 07:24:16,908 [67270882-100a-4e75-928d-618d17e069c8@group-0C9C3B2D0CC1-LeaderElection1265] INFO  impl.LeaderElection (LogUtils.java:infoOrTrace(149)) -   Exception 0: {}
java.util.concurrent.ExecutionException: org.apache.ratis.thirdparty.io.grpc.StatusRuntimeException: UNAVAILABLE: io exception
	at java.util.concurrent.FutureTask.report(FutureTask.java:122)
	at java.util.concurrent.FutureTask.get(FutureTask.java:192)
	at org.apache.ratis.server.impl.LeaderElection.waitForResults(LeaderElection.java:259)
	at org.apache.ratis.server.impl.LeaderElection.askForVotes(LeaderElection.java:197)
	at org.apache.ratis.server.impl.LeaderElection.run(LeaderElection.java:133)
	at java.lang.Thread.run(Thread.java:748)
Caused by: org.apache.ratis.thirdparty.io.grpc.StatusRuntimeException: UNAVAILABLE: io exception
	at org.apache.ratis.thirdparty.io.grpc.stub.ClientCalls.toStatusRuntimeException(ClientCalls.java:233)
	at org.apache.ratis.thirdparty.io.grpc.stub.ClientCalls.getUnchecked(ClientCalls.java:214)
	at org.apache.ratis.thirdparty.io.grpc.stub.ClientCalls.blockingUnaryCall(ClientCalls.java:139)
	at org.apache.ratis.proto.grpc.RaftServerProtocolServiceGrpc$RaftServerProtocolServiceBlockingStub.requestVote(RaftServerProtocolServiceGrpc.java:265)
	at org.apache.ratis.grpc.server.GrpcServerProtocolClient.requestVote(GrpcServerProtocolClient.java:99)
	at org.apache.ratis.grpc.server.GrpcService.requestVote(GrpcService.java:204)
	at org.apache.ratis.server.impl.LeaderElection.lambda$submitRequests$1(LeaderElection.java:234)
	at java.util.concurrent.FutureTask.run(FutureTask.java:266)
	at java.util.concurrent.Executors$RunnableAdapter.call(Executors.java:511)
	at java.util.concurrent.FutureTask.run(FutureTask.java:266)
	at java.util.concurrent.ThreadPoolExecutor.runWorker(ThreadPoolExecutor.java:1149)
	at java.util.concurrent.ThreadPoolExecutor$Worker.run(ThreadPoolExecutor.java:624)
	... 1 more
Caused by: org.apache.ratis.thirdparty.io.netty.channel.AbstractChannel$AnnotatedConnectException: Connection refused: /192.168.34.25:39338
	at sun.nio.ch.SocketChannelImpl.checkConnect(Native Method)
	at sun.nio.ch.SocketChannelImpl.finishConnect(SocketChannelImpl.java:717)
	at org.apache.ratis.thirdparty.io.netty.channel.socket.nio.NioSocketChannel.doFinishConnect(NioSocketChannel.java:327)
	at org.apache.ratis.thirdparty.io.netty.channel.nio.AbstractNioChannel$AbstractNioUnsafe.finishConnect(AbstractNioChannel.java:340)
	at org.apache.ratis.thirdparty.io.netty.channel.nio.NioEventLoop.processSelectedKey(NioEventLoop.java:632)
	at org.apache.ratis.thirdparty.io.netty.channel.nio.NioEventLoop.processSelectedKeysOptimized(NioEventLoop.java:579)
	at org.apache.ratis.thirdparty.io.netty.channel.nio.NioEventLoop.processSelectedKeys(NioEventLoop.java:496)
	at org.apache.ratis.thirdparty.io.netty.channel.nio.NioEventLoop.run(NioEventLoop.java:458)
	at org.apache.ratis.thirdparty.io.netty.util.concurrent.SingleThreadEventExecutor$5.run(SingleThreadEventExecutor.java:897)
	at org.apache.ratis.thirdparty.io.netty.util.concurrent.FastThreadLocalRunnable.run(FastThreadLocalRunnable.java:30)
	... 1 more
Caused by: java.net.ConnectException: Connection refused
	... 11 more
2019-10-18 07:24:16,908 [67270882-100a-4e75-928d-618d17e069c8@group-0C9C3B2D0CC1-LeaderElection1265] INFO  impl.LeaderElection (LogUtils.java:infoOrTrace(149)) -   Exception 1: {}
java.util.concurrent.ExecutionException: org.apache.ratis.thirdparty.io.grpc.StatusRuntimeException: UNAVAILABLE: io exception
	at java.util.concurrent.FutureTask.report(FutureTask.java:122)
	at java.util.concurrent.FutureTask.get(FutureTask.java:192)
	at org.apache.ratis.server.impl.LeaderElection.waitForResults(LeaderElection.java:259)
	at org.apache.ratis.server.impl.LeaderElection.askForVotes(LeaderElection.java:197)
	at org.apache.ratis.server.impl.LeaderElection.run(LeaderElection.java:133)
	at java.lang.Thread.run(Thread.java:748)
Caused by: org.apache.ratis.thirdparty.io.grpc.StatusRuntimeException: UNAVAILABLE: io exception
	at org.apache.ratis.thirdparty.io.grpc.stub.ClientCalls.toStatusRuntimeException(ClientCalls.java:233)
	at org.apache.ratis.thirdparty.io.grpc.stub.ClientCalls.getUnchecked(ClientCalls.java:214)
	at org.apache.ratis.thirdparty.io.grpc.stub.ClientCalls.blockingUnaryCall(ClientCalls.java:139)
	at org.apache.ratis.proto.grpc.RaftServerProtocolServiceGrpc$RaftServerProtocolServiceBlockingStub.requestVote(RaftServerProtocolServiceGrpc.java:265)
	at org.apache.ratis.grpc.server.GrpcServerProtocolClient.requestVote(GrpcServerProtocolClient.java:99)
	at org.apache.ratis.grpc.server.GrpcService.requestVote(GrpcService.java:204)
	at org.apache.ratis.server.impl.LeaderElection.lambda$submitRequests$1(LeaderElection.java:234)
	at java.util.concurrent.FutureTask.run(FutureTask.java:266)
	at java.util.concurrent.Executors$RunnableAdapter.call(Executors.java:511)
	at java.util.concurrent.FutureTask.run(FutureTask.java:266)
	at java.util.concurrent.ThreadPoolExecutor.runWorker(ThreadPoolExecutor.java:1149)
	at java.util.concurrent.ThreadPoolExecutor$Worker.run(ThreadPoolExecutor.java:624)
	... 1 more
Caused by: org.apache.ratis.thirdparty.io.netty.channel.AbstractChannel$AnnotatedConnectException: Connection refused: /192.168.34.25:41624
	at sun.nio.ch.SocketChannelImpl.checkConnect(Native Method)
	at sun.nio.ch.SocketChannelImpl.finishConnect(SocketChannelImpl.java:717)
	at org.apache.ratis.thirdparty.io.netty.channel.socket.nio.NioSocketChannel.doFinishConnect(NioSocketChannel.java:327)
	at org.apache.ratis.thirdparty.io.netty.channel.nio.AbstractNioChannel$AbstractNioUnsafe.finishConnect(AbstractNioChannel.java:340)
	at org.apache.ratis.thirdparty.io.netty.channel.nio.NioEventLoop.processSelectedKey(NioEventLoop.java:632)
	at org.apache.ratis.thirdparty.io.netty.channel.nio.NioEventLoop.processSelectedKeysOptimized(NioEventLoop.java:579)
	at org.apache.ratis.thirdparty.io.netty.channel.nio.NioEventLoop.processSelectedKeys(NioEventLoop.java:496)
	at org.apache.ratis.thirdparty.io.netty.channel.nio.NioEventLoop.run(NioEventLoop.java:458)
	at org.apache.ratis.thirdparty.io.netty.util.concurrent.SingleThreadEventExecutor$5.run(SingleThreadEventExecutor.java:897)
	at org.apache.ratis.thirdparty.io.netty.util.concurrent.FastThreadLocalRunnable.run(FastThreadLocalRunnable.java:30)
	... 1 more
Caused by: java.net.ConnectException: Connection refused
	... 11 more
2019-10-18 07:24:16,908 [67270882-100a-4e75-928d-618d17e069c8@group-0C9C3B2D0CC1-LeaderElection1265] INFO  impl.RaftServerImpl (RaftServerImpl.java:setRole(184)) - 67270882-100a-4e75-928d-618d17e069c8@group-0C9C3B2D0CC1: changes role from CANDIDATE to FOLLOWER at term 152 for DISCOVERED_A_NEW_TERM
2019-10-18 07:24:16,908 [67270882-100a-4e75-928d-618d17e069c8@group-0C9C3B2D0CC1-LeaderElection1265] INFO  impl.RoleInfo (RoleInfo.java:shutdownLeaderElection(134)) - 67270882-100a-4e75-928d-618d17e069c8: shutdown LeaderElection
2019-10-18 07:24:16,908 [67270882-100a-4e75-928d-618d17e069c8@group-0C9C3B2D0CC1-LeaderElection1265] INFO  impl.RoleInfo (RoleInfo.java:updateAndGet(143)) - 67270882-100a-4e75-928d-618d17e069c8: start FollowerState
2019-10-18 07:24:17,003 [Thread-10922] INFO  impl.FollowerState (FollowerState.java:run(108)) - 12ad0800-05cb-443c-9fdd-fa1debf04523@group-BCB82A5C07F5-FollowerState: change to CANDIDATE, lastRpcTime:137ms, electionTimeout:137ms
2019-10-18 07:24:17,003 [Thread-10922] INFO  impl.RoleInfo (RoleInfo.java:shutdownFollowerState(121)) - 12ad0800-05cb-443c-9fdd-fa1debf04523: shutdown FollowerState
2019-10-18 07:24:17,003 [Thread-10922] INFO  impl.RaftServerImpl (RaftServerImpl.java:setRole(184)) - 12ad0800-05cb-443c-9fdd-fa1debf04523@group-BCB82A5C07F5: changes role from  FOLLOWER to CANDIDATE at term 211 for changeToCandidate
2019-10-18 07:24:17,003 [Thread-10922] INFO  impl.RoleInfo (RoleInfo.java:updateAndGet(143)) - 12ad0800-05cb-443c-9fdd-fa1debf04523: start LeaderElection
2019-10-18 07:24:17,025 [12ad0800-05cb-443c-9fdd-fa1debf04523@group-BCB82A5C07F5-LeaderElection1266] INFO  impl.LeaderElection (LeaderElection.java:askForVotes(178)) - 12ad0800-05cb-443c-9fdd-fa1debf04523@group-BCB82A5C07F5-LeaderElection1266: begin an election at term 212 for -1: [12ad0800-05cb-443c-9fdd-fa1debf04523:192.168.34.25:41155, 5170c5f3-8499-4b42-9321-85fc8a351f79:192.168.34.25:43074, 0b10a9fc-47eb-4a2b-b664-8273d9d17379:192.168.34.25:45248], old=null
2019-10-18 07:24:17,026 [12ad0800-05cb-443c-9fdd-fa1debf04523@group-BCB82A5C07F5-LeaderElection1266] INFO  impl.LeaderElection (LogUtils.java:infoOrTrace(149)) - 12ad0800-05cb-443c-9fdd-fa1debf04523@group-BCB82A5C07F5-LeaderElection1266 got exception when requesting votes: {}
java.util.concurrent.ExecutionException: org.apache.ratis.thirdparty.io.grpc.StatusRuntimeException: UNAVAILABLE: io exception
	at java.util.concurrent.FutureTask.report(FutureTask.java:122)
	at java.util.concurrent.FutureTask.get(FutureTask.java:192)
	at org.apache.ratis.server.impl.LeaderElection.waitForResults(LeaderElection.java:259)
	at org.apache.ratis.server.impl.LeaderElection.askForVotes(LeaderElection.java:197)
	at org.apache.ratis.server.impl.LeaderElection.run(LeaderElection.java:133)
	at java.lang.Thread.run(Thread.java:748)
Caused by: org.apache.ratis.thirdparty.io.grpc.StatusRuntimeException: UNAVAILABLE: io exception
	at org.apache.ratis.thirdparty.io.grpc.stub.ClientCalls.toStatusRuntimeException(ClientCalls.java:233)
	at org.apache.ratis.thirdparty.io.grpc.stub.ClientCalls.getUnchecked(ClientCalls.java:214)
	at org.apache.ratis.thirdparty.io.grpc.stub.ClientCalls.blockingUnaryCall(ClientCalls.java:139)
	at org.apache.ratis.proto.grpc.RaftServerProtocolServiceGrpc$RaftServerProtocolServiceBlockingStub.requestVote(RaftServerProtocolServiceGrpc.java:265)
	at org.apache.ratis.grpc.server.GrpcServerProtocolClient.requestVote(GrpcServerProtocolClient.java:99)
	at org.apache.ratis.grpc.server.GrpcService.requestVote(GrpcService.java:204)
	at org.apache.ratis.server.impl.LeaderElection.lambda$submitRequests$1(LeaderElection.java:234)
	at java.util.concurrent.FutureTask.run(FutureTask.java:266)
	at java.util.concurrent.Executors$RunnableAdapter.call(Executors.java:511)
	at java.util.concurrent.FutureTask.run(FutureTask.java:266)
	at java.util.concurrent.ThreadPoolExecutor.runWorker(ThreadPoolExecutor.java:1149)
	at java.util.concurrent.ThreadPoolExecutor$Worker.run(ThreadPoolExecutor.java:624)
	... 1 more
Caused by: org.apache.ratis.thirdparty.io.netty.channel.AbstractChannel$AnnotatedConnectException: Connection refused: /192.168.34.25:45248
	at sun.nio.ch.SocketChannelImpl.checkConnect(Native Method)
	at sun.nio.ch.SocketChannelImpl.finishConnect(SocketChannelImpl.java:717)
	at org.apache.ratis.thirdparty.io.netty.channel.socket.nio.NioSocketChannel.doFinishConnect(NioSocketChannel.java:327)
	at org.apache.ratis.thirdparty.io.netty.channel.nio.AbstractNioChannel$AbstractNioUnsafe.finishConnect(AbstractNioChannel.java:340)
	at org.apache.ratis.thirdparty.io.netty.channel.nio.NioEventLoop.processSelectedKey(NioEventLoop.java:632)
	at org.apache.ratis.thirdparty.io.netty.channel.nio.NioEventLoop.processSelectedKeysOptimized(NioEventLoop.java:579)
	at org.apache.ratis.thirdparty.io.netty.channel.nio.NioEventLoop.processSelectedKeys(NioEventLoop.java:496)
	at org.apache.ratis.thirdparty.io.netty.channel.nio.NioEventLoop.run(NioEventLoop.java:458)
	at org.apache.ratis.thirdparty.io.netty.util.concurrent.SingleThreadEventExecutor$5.run(SingleThreadEventExecutor.java:897)
	at org.apache.ratis.thirdparty.io.netty.util.concurrent.FastThreadLocalRunnable.run(FastThreadLocalRunnable.java:30)
	... 1 more
Caused by: java.net.ConnectException: Connection refused
	... 11 more
2019-10-18 07:24:17,027 [grpc-default-executor-4] INFO  impl.RaftServerImpl (RaftServerImpl.java:setRole(184)) - 5170c5f3-8499-4b42-9321-85fc8a351f79@group-BCB82A5C07F5: changes role from  FOLLOWER to FOLLOWER at term 212 for recognizeCandidate:12ad0800-05cb-443c-9fdd-fa1debf04523
2019-10-18 07:24:17,027 [grpc-default-executor-4] INFO  impl.RoleInfo (RoleInfo.java:shutdownFollowerState(121)) - 5170c5f3-8499-4b42-9321-85fc8a351f79: shutdown FollowerState
2019-10-18 07:24:17,027 [grpc-default-executor-4] INFO  impl.RoleInfo (RoleInfo.java:updateAndGet(143)) - 5170c5f3-8499-4b42-9321-85fc8a351f79: start FollowerState
2019-10-18 07:24:17,027 [Thread-10921] INFO  impl.FollowerState (FollowerState.java:run(117)) - 5170c5f3-8499-4b42-9321-85fc8a351f79@group-BCB82A5C07F5-FollowerState was interrupted: java.lang.InterruptedException: sleep interrupted
2019-10-18 07:24:17,051 [12ad0800-05cb-443c-9fdd-fa1debf04523@group-BCB82A5C07F5-LeaderElection1266] INFO  impl.LeaderElection (LeaderElection.java:logAndReturn(56)) - 12ad0800-05cb-443c-9fdd-fa1debf04523@group-BCB82A5C07F5-LeaderElection1266: Election REJECTED; received 1 response(s) [12ad0800-05cb-443c-9fdd-fa1debf04523<-5170c5f3-8499-4b42-9321-85fc8a351f79#0:FAIL-t212] and 1 exception(s); 12ad0800-05cb-443c-9fdd-fa1debf04523@group-BCB82A5C07F5:t212, leader=null, voted=12ad0800-05cb-443c-9fdd-fa1debf04523, raftlog=12ad0800-05cb-443c-9fdd-fa1debf04523@group-BCB82A5C07F5-SegmentedRaftLog:OPENED:c-1,f-1,i0, conf=-1: [12ad0800-05cb-443c-9fdd-fa1debf04523:192.168.34.25:41155, 5170c5f3-8499-4b42-9321-85fc8a351f79:192.168.34.25:43074, 0b10a9fc-47eb-4a2b-b664-8273d9d17379:192.168.34.25:45248], old=null
2019-10-18 07:24:17,051 [12ad0800-05cb-443c-9fdd-fa1debf04523@group-BCB82A5C07F5-LeaderElection1266] INFO  impl.LeaderElection (LogUtils.java:infoOrTrace(149)) -   Exception 0: {}
java.util.concurrent.ExecutionException: org.apache.ratis.thirdparty.io.grpc.StatusRuntimeException: UNAVAILABLE: io exception
	at java.util.concurrent.FutureTask.report(FutureTask.java:122)
	at java.util.concurrent.FutureTask.get(FutureTask.java:192)
	at org.apache.ratis.server.impl.LeaderElection.waitForResults(LeaderElection.java:259)
	at org.apache.ratis.server.impl.LeaderElection.askForVotes(LeaderElection.java:197)
	at org.apache.ratis.server.impl.LeaderElection.run(LeaderElection.java:133)
	at java.lang.Thread.run(Thread.java:748)
Caused by: org.apache.ratis.thirdparty.io.grpc.StatusRuntimeException: UNAVAILABLE: io exception
	at org.apache.ratis.thirdparty.io.grpc.stub.ClientCalls.toStatusRuntimeException(ClientCalls.java:233)
	at org.apache.ratis.thirdparty.io.grpc.stub.ClientCalls.getUnchecked(ClientCalls.java:214)
	at org.apache.ratis.thirdparty.io.grpc.stub.ClientCalls.blockingUnaryCall(ClientCalls.java:139)
	at org.apache.ratis.proto.grpc.RaftServerProtocolServiceGrpc$RaftServerProtocolServiceBlockingStub.requestVote(RaftServerProtocolServiceGrpc.java:265)
	at org.apache.ratis.grpc.server.GrpcServerProtocolClient.requestVote(GrpcServerProtocolClient.java:99)
	at org.apache.ratis.grpc.server.GrpcService.requestVote(GrpcService.java:204)
	at org.apache.ratis.server.impl.LeaderElection.lambda$submitRequests$1(LeaderElection.java:234)
	at java.util.concurrent.FutureTask.run(FutureTask.java:266)
	at java.util.concurrent.Executors$RunnableAdapter.call(Executors.java:511)
	at java.util.concurrent.FutureTask.run(FutureTask.java:266)
	at java.util.concurrent.ThreadPoolExecutor.runWorker(ThreadPoolExecutor.java:1149)
	at java.util.concurrent.ThreadPoolExecutor$Worker.run(ThreadPoolExecutor.java:624)
	... 1 more
Caused by: org.apache.ratis.thirdparty.io.netty.channel.AbstractChannel$AnnotatedConnectException: Connection refused: /192.168.34.25:45248
	at sun.nio.ch.SocketChannelImpl.checkConnect(Native Method)
	at sun.nio.ch.SocketChannelImpl.finishConnect(SocketChannelImpl.java:717)
	at org.apache.ratis.thirdparty.io.netty.channel.socket.nio.NioSocketChannel.doFinishConnect(NioSocketChannel.java:327)
	at org.apache.ratis.thirdparty.io.netty.channel.nio.AbstractNioChannel$AbstractNioUnsafe.finishConnect(AbstractNioChannel.java:340)
	at org.apache.ratis.thirdparty.io.netty.channel.nio.NioEventLoop.processSelectedKey(NioEventLoop.java:632)
	at org.apache.ratis.thirdparty.io.netty.channel.nio.NioEventLoop.processSelectedKeysOptimized(NioEventLoop.java:579)
	at org.apache.ratis.thirdparty.io.netty.channel.nio.NioEventLoop.processSelectedKeys(NioEventLoop.java:496)
	at org.apache.ratis.thirdparty.io.netty.channel.nio.NioEventLoop.run(NioEventLoop.java:458)
	at org.apache.ratis.thirdparty.io.netty.util.concurrent.SingleThreadEventExecutor$5.run(SingleThreadEventExecutor.java:897)
	at org.apache.ratis.thirdparty.io.netty.util.concurrent.FastThreadLocalRunnable.run(FastThreadLocalRunnable.java:30)
	... 1 more
Caused by: java.net.ConnectException: Connection refused
	... 11 more
2019-10-18 07:24:17,051 [12ad0800-05cb-443c-9fdd-fa1debf04523@group-BCB82A5C07F5-LeaderElection1266] INFO  impl.RaftServerImpl (RaftServerImpl.java:setRole(184)) - 12ad0800-05cb-443c-9fdd-fa1debf04523@group-BCB82A5C07F5: changes role from CANDIDATE to FOLLOWER at term 212 for DISCOVERED_A_NEW_TERM
2019-10-18 07:24:17,051 [12ad0800-05cb-443c-9fdd-fa1debf04523@group-BCB82A5C07F5-LeaderElection1266] INFO  impl.RoleInfo (RoleInfo.java:shutdownLeaderElection(134)) - 12ad0800-05cb-443c-9fdd-fa1debf04523: shutdown LeaderElection
2019-10-18 07:24:17,051 [12ad0800-05cb-443c-9fdd-fa1debf04523@group-BCB82A5C07F5-LeaderElection1266] INFO  impl.RoleInfo (RoleInfo.java:updateAndGet(143)) - 12ad0800-05cb-443c-9fdd-fa1debf04523: start FollowerState
2019-10-18 07:24:17,245 [Thread-10931] INFO  impl.FollowerState (FollowerState.java:run(108)) - 12ad0800-05cb-443c-9fdd-fa1debf04523@group-BCB82A5C07F5-FollowerState: change to CANDIDATE, lastRpcTime:193ms, electionTimeout:193ms
2019-10-18 07:24:17,245 [Thread-10931] INFO  impl.RoleInfo (RoleInfo.java:shutdownFollowerState(121)) - 12ad0800-05cb-443c-9fdd-fa1debf04523: shutdown FollowerState
2019-10-18 07:24:17,246 [Thread-10931] INFO  impl.RaftServerImpl (RaftServerImpl.java:setRole(184)) - 12ad0800-05cb-443c-9fdd-fa1debf04523@group-BCB82A5C07F5: changes role from  FOLLOWER to CANDIDATE at term 212 for changeToCandidate
2019-10-18 07:24:17,246 [Thread-10931] INFO  impl.RoleInfo (RoleInfo.java:updateAndGet(143)) - 12ad0800-05cb-443c-9fdd-fa1debf04523: start LeaderElection
2019-10-18 07:24:17,262 [java.util.concurrent.ThreadPoolExecutor$Worker@1ddf09da[State = -1, empty queue]] WARN  server.GrpcLogAppender (GrpcLogAppender.java:timeoutAppendRequest(209)) - 030c2313-1c2c-4b42-81fb-cb58ee93f992@group-E193FE271C99->9712a796-5281-4f3e-ac85-61dedd90db73-GrpcLogAppender: appendEntries Timeout, request=030c2313-1c2c-4b42-81fb-cb58ee93f992->9712a796-5281-4f3e-ac85-61dedd90db73#61-t1, previous=(t:1, i:10), leaderCommit=10, initializing? false, entries: <empty>
2019-10-18 07:24:17,276 [12ad0800-05cb-443c-9fdd-fa1debf04523@group-BCB82A5C07F5-LeaderElection1267] INFO  impl.LeaderElection (LeaderElection.java:askForVotes(178)) - 12ad0800-05cb-443c-9fdd-fa1debf04523@group-BCB82A5C07F5-LeaderElection1267: begin an election at term 213 for -1: [12ad0800-05cb-443c-9fdd-fa1debf04523:192.168.34.25:41155, 5170c5f3-8499-4b42-9321-85fc8a351f79:192.168.34.25:43074, 0b10a9fc-47eb-4a2b-b664-8273d9d17379:192.168.34.25:45248], old=null
2019-10-18 07:24:17,278 [12ad0800-05cb-443c-9fdd-fa1debf04523@group-BCB82A5C07F5-LeaderElection1267] INFO  impl.LeaderElection (LogUtils.java:infoOrTrace(149)) - 12ad0800-05cb-443c-9fdd-fa1debf04523@group-BCB82A5C07F5-LeaderElection1267 got exception when requesting votes: {}
java.util.concurrent.ExecutionException: org.apache.ratis.thirdparty.io.grpc.StatusRuntimeException: UNAVAILABLE: io exception
	at java.util.concurrent.FutureTask.report(FutureTask.java:122)
	at java.util.concurrent.FutureTask.get(FutureTask.java:192)
	at org.apache.ratis.server.impl.LeaderElection.waitForResults(LeaderElection.java:259)
	at org.apache.ratis.server.impl.LeaderElection.askForVotes(LeaderElection.java:197)
	at org.apache.ratis.server.impl.LeaderElection.run(LeaderElection.java:133)
	at java.lang.Thread.run(Thread.java:748)
Caused by: org.apache.ratis.thirdparty.io.grpc.StatusRuntimeException: UNAVAILABLE: io exception
	at org.apache.ratis.thirdparty.io.grpc.stub.ClientCalls.toStatusRuntimeException(ClientCalls.java:233)
	at org.apache.ratis.thirdparty.io.grpc.stub.ClientCalls.getUnchecked(ClientCalls.java:214)
	at org.apache.ratis.thirdparty.io.grpc.stub.ClientCalls.blockingUnaryCall(ClientCalls.java:139)
	at org.apache.ratis.proto.grpc.RaftServerProtocolServiceGrpc$RaftServerProtocolServiceBlockingStub.requestVote(RaftServerProtocolServiceGrpc.java:265)
	at org.apache.ratis.grpc.server.GrpcServerProtocolClient.requestVote(GrpcServerProtocolClient.java:99)
	at org.apache.ratis.grpc.server.GrpcService.requestVote(GrpcService.java:204)
	at org.apache.ratis.server.impl.LeaderElection.lambda$submitRequests$1(LeaderElection.java:234)
	at java.util.concurrent.FutureTask.run(FutureTask.java:266)
	at java.util.concurrent.Executors$RunnableAdapter.call(Executors.java:511)
	at java.util.concurrent.FutureTask.run(FutureTask.java:266)
	at java.util.concurrent.ThreadPoolExecutor.runWorker(ThreadPoolExecutor.java:1149)
	at java.util.concurrent.ThreadPoolExecutor$Worker.run(ThreadPoolExecutor.java:624)
	... 1 more
Caused by: org.apache.ratis.thirdparty.io.netty.channel.AbstractChannel$AnnotatedConnectException: Connection refused: /192.168.34.25:45248
	at sun.nio.ch.SocketChannelImpl.checkConnect(Native Method)
	at sun.nio.ch.SocketChannelImpl.finishConnect(SocketChannelImpl.java:717)
	at org.apache.ratis.thirdparty.io.netty.channel.socket.nio.NioSocketChannel.doFinishConnect(NioSocketChannel.java:327)
	at org.apache.ratis.thirdparty.io.netty.channel.nio.AbstractNioChannel$AbstractNioUnsafe.finishConnect(AbstractNioChannel.java:340)
	at org.apache.ratis.thirdparty.io.netty.channel.nio.NioEventLoop.processSelectedKey(NioEventLoop.java:632)
	at org.apache.ratis.thirdparty.io.netty.channel.nio.NioEventLoop.processSelectedKeysOptimized(NioEventLoop.java:579)
	at org.apache.ratis.thirdparty.io.netty.channel.nio.NioEventLoop.processSelectedKeys(NioEventLoop.java:496)
	at org.apache.ratis.thirdparty.io.netty.channel.nio.NioEventLoop.run(NioEventLoop.java:458)
	at org.apache.ratis.thirdparty.io.netty.util.concurrent.SingleThreadEventExecutor$5.run(SingleThreadEventExecutor.java:897)
	at org.apache.ratis.thirdparty.io.netty.util.concurrent.FastThreadLocalRunnable.run(FastThreadLocalRunnable.java:30)
	... 1 more
Caused by: java.net.ConnectException: Connection refused
	... 11 more
2019-10-18 07:24:17,279 [grpc-default-executor-4] INFO  impl.RaftServerImpl (RaftServerImpl.java:setRole(184)) - 5170c5f3-8499-4b42-9321-85fc8a351f79@group-BCB82A5C07F5: changes role from  FOLLOWER to FOLLOWER at term 213 for recognizeCandidate:12ad0800-05cb-443c-9fdd-fa1debf04523
2019-10-18 07:24:17,280 [grpc-default-executor-4] INFO  impl.RoleInfo (RoleInfo.java:shutdownFollowerState(121)) - 5170c5f3-8499-4b42-9321-85fc8a351f79: shutdown FollowerState
2019-10-18 07:24:17,280 [grpc-default-executor-4] INFO  impl.RoleInfo (RoleInfo.java:updateAndGet(143)) - 5170c5f3-8499-4b42-9321-85fc8a351f79: start FollowerState
2019-10-18 07:24:17,280 [Thread-10930] INFO  impl.FollowerState (FollowerState.java:run(117)) - 5170c5f3-8499-4b42-9321-85fc8a351f79@group-BCB82A5C07F5-FollowerState was interrupted: java.lang.InterruptedException: sleep interrupted
2019-10-18 07:24:17,303 [12ad0800-05cb-443c-9fdd-fa1debf04523@group-BCB82A5C07F5-LeaderElection1267] INFO  impl.LeaderElection (LeaderElection.java:logAndReturn(56)) - 12ad0800-05cb-443c-9fdd-fa1debf04523@group-BCB82A5C07F5-LeaderElection1267: Election REJECTED; received 1 response(s) [12ad0800-05cb-443c-9fdd-fa1debf04523<-5170c5f3-8499-4b42-9321-85fc8a351f79#0:FAIL-t213] and 1 exception(s); 12ad0800-05cb-443c-9fdd-fa1debf04523@group-BCB82A5C07F5:t213, leader=null, voted=12ad0800-05cb-443c-9fdd-fa1debf04523, raftlog=12ad0800-05cb-443c-9fdd-fa1debf04523@group-BCB82A5C07F5-SegmentedRaftLog:OPENED:c-1,f-1,i0, conf=-1: [12ad0800-05cb-443c-9fdd-fa1debf04523:192.168.34.25:41155, 5170c5f3-8499-4b42-9321-85fc8a351f79:192.168.34.25:43074, 0b10a9fc-47eb-4a2b-b664-8273d9d17379:192.168.34.25:45248], old=null
2019-10-18 07:24:17,303 [12ad0800-05cb-443c-9fdd-fa1debf04523@group-BCB82A5C07F5-LeaderElection1267] INFO  impl.LeaderElection (LogUtils.java:infoOrTrace(149)) -   Exception 0: {}
java.util.concurrent.ExecutionException: org.apache.ratis.thirdparty.io.grpc.StatusRuntimeException: UNAVAILABLE: io exception
	at java.util.concurrent.FutureTask.report(FutureTask.java:122)
	at java.util.concurrent.FutureTask.get(FutureTask.java:192)
	at org.apache.ratis.server.impl.LeaderElection.waitForResults(LeaderElection.java:259)
	at org.apache.ratis.server.impl.LeaderElection.askForVotes(LeaderElection.java:197)
	at org.apache.ratis.server.impl.LeaderElection.run(LeaderElection.java:133)
	at java.lang.Thread.run(Thread.java:748)
Caused by: org.apache.ratis.thirdparty.io.grpc.StatusRuntimeException: UNAVAILABLE: io exception
	at org.apache.ratis.thirdparty.io.grpc.stub.ClientCalls.toStatusRuntimeException(ClientCalls.java:233)
	at org.apache.ratis.thirdparty.io.grpc.stub.ClientCalls.getUnchecked(ClientCalls.java:214)
	at org.apache.ratis.thirdparty.io.grpc.stub.ClientCalls.blockingUnaryCall(ClientCalls.java:139)
	at org.apache.ratis.proto.grpc.RaftServerProtocolServiceGrpc$RaftServerProtocolServiceBlockingStub.requestVote(RaftServerProtocolServiceGrpc.java:265)
	at org.apache.ratis.grpc.server.GrpcServerProtocolClient.requestVote(GrpcServerProtocolClient.java:99)
	at org.apache.ratis.grpc.server.GrpcService.requestVote(GrpcService.java:204)
	at org.apache.ratis.server.impl.LeaderElection.lambda$submitRequests$1(LeaderElection.java:234)
	at java.util.concurrent.FutureTask.run(FutureTask.java:266)
	at java.util.concurrent.Executors$RunnableAdapter.call(Executors.java:511)
	at java.util.concurrent.FutureTask.run(FutureTask.java:266)
	at java.util.concurrent.ThreadPoolExecutor.runWorker(ThreadPoolExecutor.java:1149)
	at java.util.concurrent.ThreadPoolExecutor$Worker.run(ThreadPoolExecutor.java:624)
	... 1 more
Caused by: org.apache.ratis.thirdparty.io.netty.channel.AbstractChannel$AnnotatedConnectException: Connection refused: /192.168.34.25:45248
	at sun.nio.ch.SocketChannelImpl.checkConnect(Native Method)
	at sun.nio.ch.SocketChannelImpl.finishConnect(SocketChannelImpl.java:717)
	at org.apache.ratis.thirdparty.io.netty.channel.socket.nio.NioSocketChannel.doFinishConnect(NioSocketChannel.java:327)
	at org.apache.ratis.thirdparty.io.netty.channel.nio.AbstractNioChannel$AbstractNioUnsafe.finishConnect(AbstractNioChannel.java:340)
	at org.apache.ratis.thirdparty.io.netty.channel.nio.NioEventLoop.processSelectedKey(NioEventLoop.java:632)
	at org.apache.ratis.thirdparty.io.netty.channel.nio.NioEventLoop.processSelectedKeysOptimized(NioEventLoop.java:579)
	at org.apache.ratis.thirdparty.io.netty.channel.nio.NioEventLoop.processSelectedKeys(NioEventLoop.java:496)
	at org.apache.ratis.thirdparty.io.netty.channel.nio.NioEventLoop.run(NioEventLoop.java:458)
	at org.apache.ratis.thirdparty.io.netty.util.concurrent.SingleThreadEventExecutor$5.run(SingleThreadEventExecutor.java:897)
	at org.apache.ratis.thirdparty.io.netty.util.concurrent.FastThreadLocalRunnable.run(FastThreadLocalRunnable.java:30)
	... 1 more
Caused by: java.net.ConnectException: Connection refused
	... 11 more
2019-10-18 07:24:17,303 [12ad0800-05cb-443c-9fdd-fa1debf04523@group-BCB82A5C07F5-LeaderElection1267] INFO  impl.RaftServerImpl (RaftServerImpl.java:setRole(184)) - 12ad0800-05cb-443c-9fdd-fa1debf04523@group-BCB82A5C07F5: changes role from CANDIDATE to FOLLOWER at term 213 for DISCOVERED_A_NEW_TERM
2019-10-18 07:24:17,303 [12ad0800-05cb-443c-9fdd-fa1debf04523@group-BCB82A5C07F5-LeaderElection1267] INFO  impl.RoleInfo (RoleInfo.java:shutdownLeaderElection(134)) - 12ad0800-05cb-443c-9fdd-fa1debf04523: shutdown LeaderElection
2019-10-18 07:24:17,304 [12ad0800-05cb-443c-9fdd-fa1debf04523@group-BCB82A5C07F5-LeaderElection1267] INFO  impl.RoleInfo (RoleInfo.java:updateAndGet(143)) - 12ad0800-05cb-443c-9fdd-fa1debf04523: start FollowerState
2019-10-18 07:24:17,458 [Thread-10937] INFO  impl.FollowerState (FollowerState.java:run(108)) - 12ad0800-05cb-443c-9fdd-fa1debf04523@group-BCB82A5C07F5-FollowerState: change to CANDIDATE, lastRpcTime:154ms, electionTimeout:154ms
2019-10-18 07:24:17,458 [Thread-10937] INFO  impl.RoleInfo (RoleInfo.java:shutdownFollowerState(121)) - 12ad0800-05cb-443c-9fdd-fa1debf04523: shutdown FollowerState
2019-10-18 07:24:17,458 [Thread-10937] INFO  impl.RaftServerImpl (RaftServerImpl.java:setRole(184)) - 12ad0800-05cb-443c-9fdd-fa1debf04523@group-BCB82A5C07F5: changes role from  FOLLOWER to CANDIDATE at term 213 for changeToCandidate
2019-10-18 07:24:17,458 [Thread-10937] INFO  impl.RoleInfo (RoleInfo.java:updateAndGet(143)) - 12ad0800-05cb-443c-9fdd-fa1debf04523: start LeaderElection
2019-10-18 07:24:17,470 [12ad0800-05cb-443c-9fdd-fa1debf04523@group-BCB82A5C07F5-LeaderElection1268] INFO  impl.LeaderElection (LeaderElection.java:askForVotes(178)) - 12ad0800-05cb-443c-9fdd-fa1debf04523@group-BCB82A5C07F5-LeaderElection1268: begin an election at term 214 for -1: [12ad0800-05cb-443c-9fdd-fa1debf04523:192.168.34.25:41155, 5170c5f3-8499-4b42-9321-85fc8a351f79:192.168.34.25:43074, 0b10a9fc-47eb-4a2b-b664-8273d9d17379:192.168.34.25:45248], old=null
2019-10-18 07:24:17,472 [12ad0800-05cb-443c-9fdd-fa1debf04523@group-BCB82A5C07F5-LeaderElection1268] INFO  impl.LeaderElection (LogUtils.java:infoOrTrace(149)) - 12ad0800-05cb-443c-9fdd-fa1debf04523@group-BCB82A5C07F5-LeaderElection1268 got exception when requesting votes: {}
java.util.concurrent.ExecutionException: org.apache.ratis.thirdparty.io.grpc.StatusRuntimeException: UNAVAILABLE: io exception
	at java.util.concurrent.FutureTask.report(FutureTask.java:122)
	at java.util.concurrent.FutureTask.get(FutureTask.java:192)
	at org.apache.ratis.server.impl.LeaderElection.waitForResults(LeaderElection.java:259)
	at org.apache.ratis.server.impl.LeaderElection.askForVotes(LeaderElection.java:197)
	at org.apache.ratis.server.impl.LeaderElection.run(LeaderElection.java:133)
	at java.lang.Thread.run(Thread.java:748)
Caused by: org.apache.ratis.thirdparty.io.grpc.StatusRuntimeException: UNAVAILABLE: io exception
	at org.apache.ratis.thirdparty.io.grpc.stub.ClientCalls.toStatusRuntimeException(ClientCalls.java:233)
	at org.apache.ratis.thirdparty.io.grpc.stub.ClientCalls.getUnchecked(ClientCalls.java:214)
	at org.apache.ratis.thirdparty.io.grpc.stub.ClientCalls.blockingUnaryCall(ClientCalls.java:139)
	at org.apache.ratis.proto.grpc.RaftServerProtocolServiceGrpc$RaftServerProtocolServiceBlockingStub.requestVote(RaftServerProtocolServiceGrpc.java:265)
	at org.apache.ratis.grpc.server.GrpcServerProtocolClient.requestVote(GrpcServerProtocolClient.java:99)
	at org.apache.ratis.grpc.server.GrpcService.requestVote(GrpcService.java:204)
	at org.apache.ratis.server.impl.LeaderElection.lambda$submitRequests$1(LeaderElection.java:234)
	at java.util.concurrent.FutureTask.run(FutureTask.java:266)
	at java.util.concurrent.Executors$RunnableAdapter.call(Executors.java:511)
	at java.util.concurrent.FutureTask.run(FutureTask.java:266)
	at java.util.concurrent.ThreadPoolExecutor.runWorker(ThreadPoolExecutor.java:1149)
	at java.util.concurrent.ThreadPoolExecutor$Worker.run(ThreadPoolExecutor.java:624)
	... 1 more
Caused by: org.apache.ratis.thirdparty.io.netty.channel.AbstractChannel$AnnotatedConnectException: Connection refused: /192.168.34.25:45248
	at sun.nio.ch.SocketChannelImpl.checkConnect(Native Method)
	at sun.nio.ch.SocketChannelImpl.finishConnect(SocketChannelImpl.java:717)
	at org.apache.ratis.thirdparty.io.netty.channel.socket.nio.NioSocketChannel.doFinishConnect(NioSocketChannel.java:327)
	at org.apache.ratis.thirdparty.io.netty.channel.nio.AbstractNioChannel$AbstractNioUnsafe.finishConnect(AbstractNioChannel.java:340)
	at org.apache.ratis.thirdparty.io.netty.channel.nio.NioEventLoop.processSelectedKey(NioEventLoop.java:632)
	at org.apache.ratis.thirdparty.io.netty.channel.nio.NioEventLoop.processSelectedKeysOptimized(NioEventLoop.java:579)
	at org.apache.ratis.thirdparty.io.netty.channel.nio.NioEventLoop.processSelectedKeys(NioEventLoop.java:496)
	at org.apache.ratis.thirdparty.io.netty.channel.nio.NioEventLoop.run(NioEventLoop.java:458)
	at org.apache.ratis.thirdparty.io.netty.util.concurrent.SingleThreadEventExecutor$5.run(SingleThreadEventExecutor.java:897)
	at org.apache.ratis.thirdparty.io.netty.util.concurrent.FastThreadLocalRunnable.run(FastThreadLocalRunnable.java:30)
	... 1 more
Caused by: java.net.ConnectException: Connection refused
	... 11 more
2019-10-18 07:24:17,472 [grpc-default-executor-4] INFO  impl.RaftServerImpl (RaftServerImpl.java:setRole(184)) - 5170c5f3-8499-4b42-9321-85fc8a351f79@group-BCB82A5C07F5: changes role from  FOLLOWER to FOLLOWER at term 214 for recognizeCandidate:12ad0800-05cb-443c-9fdd-fa1debf04523
2019-10-18 07:24:17,472 [grpc-default-executor-4] INFO  impl.RoleInfo (RoleInfo.java:shutdownFollowerState(121)) - 5170c5f3-8499-4b42-9321-85fc8a351f79: shutdown FollowerState
2019-10-18 07:24:17,472 [grpc-default-executor-4] INFO  impl.RoleInfo (RoleInfo.java:updateAndGet(143)) - 5170c5f3-8499-4b42-9321-85fc8a351f79: start FollowerState
2019-10-18 07:24:17,472 [Thread-10935] INFO  impl.FollowerState (FollowerState.java:run(117)) - 5170c5f3-8499-4b42-9321-85fc8a351f79@group-BCB82A5C07F5-FollowerState was interrupted: java.lang.InterruptedException: sleep interrupted
2019-10-18 07:24:17,496 [12ad0800-05cb-443c-9fdd-fa1debf04523@group-BCB82A5C07F5-LeaderElection1268] INFO  impl.LeaderElection (LeaderElection.java:logAndReturn(56)) - 12ad0800-05cb-443c-9fdd-fa1debf04523@group-BCB82A5C07F5-LeaderElection1268: Election REJECTED; received 1 response(s) [12ad0800-05cb-443c-9fdd-fa1debf04523<-5170c5f3-8499-4b42-9321-85fc8a351f79#0:FAIL-t214] and 1 exception(s); 12ad0800-05cb-443c-9fdd-fa1debf04523@group-BCB82A5C07F5:t214, leader=null, voted=12ad0800-05cb-443c-9fdd-fa1debf04523, raftlog=12ad0800-05cb-443c-9fdd-fa1debf04523@group-BCB82A5C07F5-SegmentedRaftLog:OPENED:c-1,f-1,i0, conf=-1: [12ad0800-05cb-443c-9fdd-fa1debf04523:192.168.34.25:41155, 5170c5f3-8499-4b42-9321-85fc8a351f79:192.168.34.25:43074, 0b10a9fc-47eb-4a2b-b664-8273d9d17379:192.168.34.25:45248], old=null
2019-10-18 07:24:17,496 [12ad0800-05cb-443c-9fdd-fa1debf04523@group-BCB82A5C07F5-LeaderElection1268] INFO  impl.LeaderElection (LogUtils.java:infoOrTrace(149)) -   Exception 0: {}
java.util.concurrent.ExecutionException: org.apache.ratis.thirdparty.io.grpc.StatusRuntimeException: UNAVAILABLE: io exception
	at java.util.concurrent.FutureTask.report(FutureTask.java:122)
	at java.util.concurrent.FutureTask.get(FutureTask.java:192)
	at org.apache.ratis.server.impl.LeaderElection.waitForResults(LeaderElection.java:259)
	at org.apache.ratis.server.impl.LeaderElection.askForVotes(LeaderElection.java:197)
	at org.apache.ratis.server.impl.LeaderElection.run(LeaderElection.java:133)
	at java.lang.Thread.run(Thread.java:748)
Caused by: org.apache.ratis.thirdparty.io.grpc.StatusRuntimeException: UNAVAILABLE: io exception
	at org.apache.ratis.thirdparty.io.grpc.stub.ClientCalls.toStatusRuntimeException(ClientCalls.java:233)
	at org.apache.ratis.thirdparty.io.grpc.stub.ClientCalls.getUnchecked(ClientCalls.java:214)
	at org.apache.ratis.thirdparty.io.grpc.stub.ClientCalls.blockingUnaryCall(ClientCalls.java:139)
	at org.apache.ratis.proto.grpc.RaftServerProtocolServiceGrpc$RaftServerProtocolServiceBlockingStub.requestVote(RaftServerProtocolServiceGrpc.java:265)
	at org.apache.ratis.grpc.server.GrpcServerProtocolClient.requestVote(GrpcServerProtocolClient.java:99)
	at org.apache.ratis.grpc.server.GrpcService.requestVote(GrpcService.java:204)
	at org.apache.ratis.server.impl.LeaderElection.lambda$submitRequests$1(LeaderElection.java:234)
	at java.util.concurrent.FutureTask.run(FutureTask.java:266)
	at java.util.concurrent.Executors$RunnableAdapter.call(Executors.java:511)
	at java.util.concurrent.FutureTask.run(FutureTask.java:266)
	at java.util.concurrent.ThreadPoolExecutor.runWorker(ThreadPoolExecutor.java:1149)
	at java.util.concurrent.ThreadPoolExecutor$Worker.run(ThreadPoolExecutor.java:624)
	... 1 more
Caused by: org.apache.ratis.thirdparty.io.netty.channel.AbstractChannel$AnnotatedConnectException: Connection refused: /192.168.34.25:45248
	at sun.nio.ch.SocketChannelImpl.checkConnect(Native Method)
	at sun.nio.ch.SocketChannelImpl.finishConnect(SocketChannelImpl.java:717)
	at org.apache.ratis.thirdparty.io.netty.channel.socket.nio.NioSocketChannel.doFinishConnect(NioSocketChannel.java:327)
	at org.apache.ratis.thirdparty.io.netty.channel.nio.AbstractNioChannel$AbstractNioUnsafe.finishConnect(AbstractNioChannel.java:340)
	at org.apache.ratis.thirdparty.io.netty.channel.nio.NioEventLoop.processSelectedKey(NioEventLoop.java:632)
	at org.apache.ratis.thirdparty.io.netty.channel.nio.NioEventLoop.processSelectedKeysOptimized(NioEventLoop.java:579)
	at org.apache.ratis.thirdparty.io.netty.channel.nio.NioEventLoop.processSelectedKeys(NioEventLoop.java:496)
	at org.apache.ratis.thirdparty.io.netty.channel.nio.NioEventLoop.run(NioEventLoop.java:458)
	at org.apache.ratis.thirdparty.io.netty.util.concurrent.SingleThreadEventExecutor$5.run(SingleThreadEventExecutor.java:897)
	at org.apache.ratis.thirdparty.io.netty.util.concurrent.FastThreadLocalRunnable.run(FastThreadLocalRunnable.java:30)
	... 1 more
Caused by: java.net.ConnectException: Connection refused
	... 11 more
2019-10-18 07:24:17,497 [12ad0800-05cb-443c-9fdd-fa1debf04523@group-BCB82A5C07F5-LeaderElection1268] INFO  impl.RaftServerImpl (RaftServerImpl.java:setRole(184)) - 12ad0800-05cb-443c-9fdd-fa1debf04523@group-BCB82A5C07F5: changes role from CANDIDATE to FOLLOWER at term 214 for DISCOVERED_A_NEW_TERM
2019-10-18 07:24:17,497 [12ad0800-05cb-443c-9fdd-fa1debf04523@group-BCB82A5C07F5-LeaderElection1268] INFO  impl.RoleInfo (RoleInfo.java:shutdownLeaderElection(134)) - 12ad0800-05cb-443c-9fdd-fa1debf04523: shutdown LeaderElection
2019-10-18 07:24:17,497 [12ad0800-05cb-443c-9fdd-fa1debf04523@group-BCB82A5C07F5-LeaderElection1268] INFO  impl.RoleInfo (RoleInfo.java:updateAndGet(143)) - 12ad0800-05cb-443c-9fdd-fa1debf04523: start FollowerState
2019-10-18 07:24:17,633 [Thread-10942] INFO  impl.FollowerState (FollowerState.java:run(108)) - 12ad0800-05cb-443c-9fdd-fa1debf04523@group-BCB82A5C07F5-FollowerState: change to CANDIDATE, lastRpcTime:135ms, electionTimeout:135ms
2019-10-18 07:24:17,633 [Thread-10942] INFO  impl.RoleInfo (RoleInfo.java:shutdownFollowerState(121)) - 12ad0800-05cb-443c-9fdd-fa1debf04523: shutdown FollowerState
2019-10-18 07:24:17,633 [Thread-10942] INFO  impl.RaftServerImpl (RaftServerImpl.java:setRole(184)) - 12ad0800-05cb-443c-9fdd-fa1debf04523@group-BCB82A5C07F5: changes role from  FOLLOWER to CANDIDATE at term 214 for changeToCandidate
2019-10-18 07:24:17,633 [Thread-10942] INFO  impl.RoleInfo (RoleInfo.java:updateAndGet(143)) - 12ad0800-05cb-443c-9fdd-fa1debf04523: start LeaderElection
2019-10-18 07:24:17,656 [12ad0800-05cb-443c-9fdd-fa1debf04523@group-BCB82A5C07F5-LeaderElection1269] INFO  impl.LeaderElection (LeaderElection.java:askForVotes(178)) - 12ad0800-05cb-443c-9fdd-fa1debf04523@group-BCB82A5C07F5-LeaderElection1269: begin an election at term 215 for -1: [12ad0800-05cb-443c-9fdd-fa1debf04523:192.168.34.25:41155, 5170c5f3-8499-4b42-9321-85fc8a351f79:192.168.34.25:43074, 0b10a9fc-47eb-4a2b-b664-8273d9d17379:192.168.34.25:45248], old=null
2019-10-18 07:24:17,657 [12ad0800-05cb-443c-9fdd-fa1debf04523@group-BCB82A5C07F5-LeaderElection1269] INFO  impl.LeaderElection (LogUtils.java:infoOrTrace(149)) - 12ad0800-05cb-443c-9fdd-fa1debf04523@group-BCB82A5C07F5-LeaderElection1269 got exception when requesting votes: {}
java.util.concurrent.ExecutionException: org.apache.ratis.thirdparty.io.grpc.StatusRuntimeException: UNAVAILABLE: io exception
	at java.util.concurrent.FutureTask.report(FutureTask.java:122)
	at java.util.concurrent.FutureTask.get(FutureTask.java:192)
	at org.apache.ratis.server.impl.LeaderElection.waitForResults(LeaderElection.java:259)
	at org.apache.ratis.server.impl.LeaderElection.askForVotes(LeaderElection.java:197)
	at org.apache.ratis.server.impl.LeaderElection.run(LeaderElection.java:133)
	at java.lang.Thread.run(Thread.java:748)
Caused by: org.apache.ratis.thirdparty.io.grpc.StatusRuntimeException: UNAVAILABLE: io exception
	at org.apache.ratis.thirdparty.io.grpc.stub.ClientCalls.toStatusRuntimeException(ClientCalls.java:233)
	at org.apache.ratis.thirdparty.io.grpc.stub.ClientCalls.getUnchecked(ClientCalls.java:214)
	at org.apache.ratis.thirdparty.io.grpc.stub.ClientCalls.blockingUnaryCall(ClientCalls.java:139)
	at org.apache.ratis.proto.grpc.RaftServerProtocolServiceGrpc$RaftServerProtocolServiceBlockingStub.requestVote(RaftServerProtocolServiceGrpc.java:265)
	at org.apache.ratis.grpc.server.GrpcServerProtocolClient.requestVote(GrpcServerProtocolClient.java:99)
	at org.apache.ratis.grpc.server.GrpcService.requestVote(GrpcService.java:204)
	at org.apache.ratis.server.impl.LeaderElection.lambda$submitRequests$1(LeaderElection.java:234)
	at java.util.concurrent.FutureTask.run(FutureTask.java:266)
	at java.util.concurrent.Executors$RunnableAdapter.call(Executors.java:511)
	at java.util.concurrent.FutureTask.run(FutureTask.java:266)
	at java.util.concurrent.ThreadPoolExecutor.runWorker(ThreadPoolExecutor.java:1149)
	at java.util.concurrent.ThreadPoolExecutor$Worker.run(ThreadPoolExecutor.java:624)
	... 1 more
Caused by: org.apache.ratis.thirdparty.io.netty.channel.AbstractChannel$AnnotatedConnectException: Connection refused: /192.168.34.25:45248
	at sun.nio.ch.SocketChannelImpl.checkConnect(Native Method)
	at sun.nio.ch.SocketChannelImpl.finishConnect(SocketChannelImpl.java:717)
	at org.apache.ratis.thirdparty.io.netty.channel.socket.nio.NioSocketChannel.doFinishConnect(NioSocketChannel.java:327)
	at org.apache.ratis.thirdparty.io.netty.channel.nio.AbstractNioChannel$AbstractNioUnsafe.finishConnect(AbstractNioChannel.java:340)
	at org.apache.ratis.thirdparty.io.netty.channel.nio.NioEventLoop.processSelectedKey(NioEventLoop.java:632)
	at org.apache.ratis.thirdparty.io.netty.channel.nio.NioEventLoop.processSelectedKeysOptimized(NioEventLoop.java:579)
	at org.apache.ratis.thirdparty.io.netty.channel.nio.NioEventLoop.processSelectedKeys(NioEventLoop.java:496)
	at org.apache.ratis.thirdparty.io.netty.channel.nio.NioEventLoop.run(NioEventLoop.java:458)
	at org.apache.ratis.thirdparty.io.netty.util.concurrent.SingleThreadEventExecutor$5.run(SingleThreadEventExecutor.java:897)
	at org.apache.ratis.thirdparty.io.netty.util.concurrent.FastThreadLocalRunnable.run(FastThreadLocalRunnable.java:30)
	... 1 more
Caused by: java.net.ConnectException: Connection refused
	... 11 more
2019-10-18 07:24:17,658 [grpc-default-executor-4] INFO  impl.RaftServerImpl (RaftServerImpl.java:setRole(184)) - 5170c5f3-8499-4b42-9321-85fc8a351f79@group-BCB82A5C07F5: changes role from  FOLLOWER to FOLLOWER at term 215 for recognizeCandidate:12ad0800-05cb-443c-9fdd-fa1debf04523
2019-10-18 07:24:17,658 [grpc-default-executor-4] INFO  impl.RoleInfo (RoleInfo.java:shutdownFollowerState(121)) - 5170c5f3-8499-4b42-9321-85fc8a351f79: shutdown FollowerState
2019-10-18 07:24:17,658 [grpc-default-executor-4] INFO  impl.RoleInfo (RoleInfo.java:updateAndGet(143)) - 5170c5f3-8499-4b42-9321-85fc8a351f79: start FollowerState
2019-10-18 07:24:17,658 [Thread-10941] INFO  impl.FollowerState (FollowerState.java:run(117)) - 5170c5f3-8499-4b42-9321-85fc8a351f79@group-BCB82A5C07F5-FollowerState was interrupted: java.lang.InterruptedException: sleep interrupted
2019-10-18 07:24:17,682 [12ad0800-05cb-443c-9fdd-fa1debf04523@group-BCB82A5C07F5-LeaderElection1269] INFO  impl.LeaderElection (LeaderElection.java:logAndReturn(56)) - 12ad0800-05cb-443c-9fdd-fa1debf04523@group-BCB82A5C07F5-LeaderElection1269: Election REJECTED; received 1 response(s) [12ad0800-05cb-443c-9fdd-fa1debf04523<-5170c5f3-8499-4b42-9321-85fc8a351f79#0:FAIL-t215] and 1 exception(s); 12ad0800-05cb-443c-9fdd-fa1debf04523@group-BCB82A5C07F5:t215, leader=null, voted=12ad0800-05cb-443c-9fdd-fa1debf04523, raftlog=12ad0800-05cb-443c-9fdd-fa1debf04523@group-BCB82A5C07F5-SegmentedRaftLog:OPENED:c-1,f-1,i0, conf=-1: [12ad0800-05cb-443c-9fdd-fa1debf04523:192.168.34.25:41155, 5170c5f3-8499-4b42-9321-85fc8a351f79:192.168.34.25:43074, 0b10a9fc-47eb-4a2b-b664-8273d9d17379:192.168.34.25:45248], old=null
2019-10-18 07:24:17,682 [12ad0800-05cb-443c-9fdd-fa1debf04523@group-BCB82A5C07F5-LeaderElection1269] INFO  impl.LeaderElection (LogUtils.java:infoOrTrace(149)) -   Exception 0: {}
java.util.concurrent.ExecutionException: org.apache.ratis.thirdparty.io.grpc.StatusRuntimeException: UNAVAILABLE: io exception
	at java.util.concurrent.FutureTask.report(FutureTask.java:122)
	at java.util.concurrent.FutureTask.get(FutureTask.java:192)
	at org.apache.ratis.server.impl.LeaderElection.waitForResults(LeaderElection.java:259)
	at org.apache.ratis.server.impl.LeaderElection.askForVotes(LeaderElection.java:197)
	at org.apache.ratis.server.impl.LeaderElection.run(LeaderElection.java:133)
	at java.lang.Thread.run(Thread.java:748)
Caused by: org.apache.ratis.thirdparty.io.grpc.StatusRuntimeException: UNAVAILABLE: io exception
	at org.apache.ratis.thirdparty.io.grpc.stub.ClientCalls.toStatusRuntimeException(ClientCalls.java:233)
	at org.apache.ratis.thirdparty.io.grpc.stub.ClientCalls.getUnchecked(ClientCalls.java:214)
	at org.apache.ratis.thirdparty.io.grpc.stub.ClientCalls.blockingUnaryCall(ClientCalls.java:139)
	at org.apache.ratis.proto.grpc.RaftServerProtocolServiceGrpc$RaftServerProtocolServiceBlockingStub.requestVote(RaftServerProtocolServiceGrpc.java:265)
	at org.apache.ratis.grpc.server.GrpcServerProtocolClient.requestVote(GrpcServerProtocolClient.java:99)
	at org.apache.ratis.grpc.server.GrpcService.requestVote(GrpcService.java:204)
	at org.apache.ratis.server.impl.LeaderElection.lambda$submitRequests$1(LeaderElection.java:234)
	at java.util.concurrent.FutureTask.run(FutureTask.java:266)
	at java.util.concurrent.Executors$RunnableAdapter.call(Executors.java:511)
	at java.util.concurrent.FutureTask.run(FutureTask.java:266)
	at java.util.concurrent.ThreadPoolExecutor.runWorker(ThreadPoolExecutor.java:1149)
	at java.util.concurrent.ThreadPoolExecutor$Worker.run(ThreadPoolExecutor.java:624)
	... 1 more
Caused by: org.apache.ratis.thirdparty.io.netty.channel.AbstractChannel$AnnotatedConnectException: Connection refused: /192.168.34.25:45248
	at sun.nio.ch.SocketChannelImpl.checkConnect(Native Method)
	at sun.nio.ch.SocketChannelImpl.finishConnect(SocketChannelImpl.java:717)
	at org.apache.ratis.thirdparty.io.netty.channel.socket.nio.NioSocketChannel.doFinishConnect(NioSocketChannel.java:327)
	at org.apache.ratis.thirdparty.io.netty.channel.nio.AbstractNioChannel$AbstractNioUnsafe.finishConnect(AbstractNioChannel.java:340)
	at org.apache.ratis.thirdparty.io.netty.channel.nio.NioEventLoop.processSelectedKey(NioEventLoop.java:632)
	at org.apache.ratis.thirdparty.io.netty.channel.nio.NioEventLoop.processSelectedKeysOptimized(NioEventLoop.java:579)
	at org.apache.ratis.thirdparty.io.netty.channel.nio.NioEventLoop.processSelectedKeys(NioEventLoop.java:496)
	at org.apache.ratis.thirdparty.io.netty.channel.nio.NioEventLoop.run(NioEventLoop.java:458)
	at org.apache.ratis.thirdparty.io.netty.util.concurrent.SingleThreadEventExecutor$5.run(SingleThreadEventExecutor.java:897)
	at org.apache.ratis.thirdparty.io.netty.util.concurrent.FastThreadLocalRunnable.run(FastThreadLocalRunnable.java:30)
	... 1 more
Caused by: java.net.ConnectException: Connection refused
	... 11 more
2019-10-18 07:24:17,683 [12ad0800-05cb-443c-9fdd-fa1debf04523@group-BCB82A5C07F5-LeaderElection1269] INFO  impl.RaftServerImpl (RaftServerImpl.java:setRole(184)) - 12ad0800-05cb-443c-9fdd-fa1debf04523@group-BCB82A5C07F5: changes role from CANDIDATE to FOLLOWER at term 215 for DISCOVERED_A_NEW_TERM
2019-10-18 07:24:17,683 [12ad0800-05cb-443c-9fdd-fa1debf04523@group-BCB82A5C07F5-LeaderElection1269] INFO  impl.RoleInfo (RoleInfo.java:shutdownLeaderElection(134)) - 12ad0800-05cb-443c-9fdd-fa1debf04523: shutdown LeaderElection
2019-10-18 07:24:17,683 [12ad0800-05cb-443c-9fdd-fa1debf04523@group-BCB82A5C07F5-LeaderElection1269] INFO  impl.RoleInfo (RoleInfo.java:updateAndGet(143)) - 12ad0800-05cb-443c-9fdd-fa1debf04523: start FollowerState
2019-10-18 07:24:17,762 [java.util.concurrent.ThreadPoolExecutor$Worker@1ddf09da[State = -1, empty queue]] WARN  server.GrpcLogAppender (GrpcLogAppender.java:timeoutAppendRequest(209)) - 030c2313-1c2c-4b42-81fb-cb58ee93f992@group-E193FE271C99->9712a796-5281-4f3e-ac85-61dedd90db73-GrpcLogAppender: appendEntries Timeout, request=030c2313-1c2c-4b42-81fb-cb58ee93f992->9712a796-5281-4f3e-ac85-61dedd90db73#62-t1, previous=(t:1, i:10), leaderCommit=10, initializing? false, entries: <empty>
2019-10-18 07:24:17,837 [Thread-10947] INFO  impl.FollowerState (FollowerState.java:run(108)) - 12ad0800-05cb-443c-9fdd-fa1debf04523@group-BCB82A5C07F5-FollowerState: change to CANDIDATE, lastRpcTime:154ms, electionTimeout:154ms
2019-10-18 07:24:17,838 [Thread-10947] INFO  impl.RoleInfo (RoleInfo.java:shutdownFollowerState(121)) - 12ad0800-05cb-443c-9fdd-fa1debf04523: shutdown FollowerState
2019-10-18 07:24:17,838 [Thread-10947] INFO  impl.RaftServerImpl (RaftServerImpl.java:setRole(184)) - 12ad0800-05cb-443c-9fdd-fa1debf04523@group-BCB82A5C07F5: changes role from  FOLLOWER to CANDIDATE at term 215 for changeToCandidate
2019-10-18 07:24:17,838 [Thread-10947] INFO  impl.RoleInfo (RoleInfo.java:updateAndGet(143)) - 12ad0800-05cb-443c-9fdd-fa1debf04523: start LeaderElection
2019-10-18 07:24:17,861 [12ad0800-05cb-443c-9fdd-fa1debf04523@group-BCB82A5C07F5-LeaderElection1270] INFO  impl.LeaderElection (LeaderElection.java:askForVotes(178)) - 12ad0800-05cb-443c-9fdd-fa1debf04523@group-BCB82A5C07F5-LeaderElection1270: begin an election at term 216 for -1: [12ad0800-05cb-443c-9fdd-fa1debf04523:192.168.34.25:41155, 5170c5f3-8499-4b42-9321-85fc8a351f79:192.168.34.25:43074, 0b10a9fc-47eb-4a2b-b664-8273d9d17379:192.168.34.25:45248], old=null
2019-10-18 07:24:17,862 [12ad0800-05cb-443c-9fdd-fa1debf04523@group-BCB82A5C07F5-LeaderElection1270] INFO  impl.LeaderElection (LogUtils.java:infoOrTrace(149)) - 12ad0800-05cb-443c-9fdd-fa1debf04523@group-BCB82A5C07F5-LeaderElection1270 got exception when requesting votes: {}
java.util.concurrent.ExecutionException: org.apache.ratis.thirdparty.io.grpc.StatusRuntimeException: UNAVAILABLE: io exception
	at java.util.concurrent.FutureTask.report(FutureTask.java:122)
	at java.util.concurrent.FutureTask.get(FutureTask.java:192)
	at org.apache.ratis.server.impl.LeaderElection.waitForResults(LeaderElection.java:259)
	at org.apache.ratis.server.impl.LeaderElection.askForVotes(LeaderElection.java:197)
	at org.apache.ratis.server.impl.LeaderElection.run(LeaderElection.java:133)
	at java.lang.Thread.run(Thread.java:748)
Caused by: org.apache.ratis.thirdparty.io.grpc.StatusRuntimeException: UNAVAILABLE: io exception
	at org.apache.ratis.thirdparty.io.grpc.stub.ClientCalls.toStatusRuntimeException(ClientCalls.java:233)
	at org.apache.ratis.thirdparty.io.grpc.stub.ClientCalls.getUnchecked(ClientCalls.java:214)
	at org.apache.ratis.thirdparty.io.grpc.stub.ClientCalls.blockingUnaryCall(ClientCalls.java:139)
	at org.apache.ratis.proto.grpc.RaftServerProtocolServiceGrpc$RaftServerProtocolServiceBlockingStub.requestVote(RaftServerProtocolServiceGrpc.java:265)
	at org.apache.ratis.grpc.server.GrpcServerProtocolClient.requestVote(GrpcServerProtocolClient.java:99)
	at org.apache.ratis.grpc.server.GrpcService.requestVote(GrpcService.java:204)
	at org.apache.ratis.server.impl.LeaderElection.lambda$submitRequests$1(LeaderElection.java:234)
	at java.util.concurrent.FutureTask.run(FutureTask.java:266)
	at java.util.concurrent.Executors$RunnableAdapter.call(Executors.java:511)
	at java.util.concurrent.FutureTask.run(FutureTask.java:266)
	at java.util.concurrent.ThreadPoolExecutor.runWorker(ThreadPoolExecutor.java:1149)
	at java.util.concurrent.ThreadPoolExecutor$Worker.run(ThreadPoolExecutor.java:624)
	... 1 more
Caused by: org.apache.ratis.thirdparty.io.netty.channel.AbstractChannel$AnnotatedConnectException: Connection refused: /192.168.34.25:45248
	at sun.nio.ch.SocketChannelImpl.checkConnect(Native Method)
	at sun.nio.ch.SocketChannelImpl.finishConnect(SocketChannelImpl.java:717)
	at org.apache.ratis.thirdparty.io.netty.channel.socket.nio.NioSocketChannel.doFinishConnect(NioSocketChannel.java:327)
	at org.apache.ratis.thirdparty.io.netty.channel.nio.AbstractNioChannel$AbstractNioUnsafe.finishConnect(AbstractNioChannel.java:340)
	at org.apache.ratis.thirdparty.io.netty.channel.nio.NioEventLoop.processSelectedKey(NioEventLoop.java:632)
	at org.apache.ratis.thirdparty.io.netty.channel.nio.NioEventLoop.processSelectedKeysOptimized(NioEventLoop.java:579)
	at org.apache.ratis.thirdparty.io.netty.channel.nio.NioEventLoop.processSelectedKeys(NioEventLoop.java:496)
	at org.apache.ratis.thirdparty.io.netty.channel.nio.NioEventLoop.run(NioEventLoop.java:458)
	at org.apache.ratis.thirdparty.io.netty.util.concurrent.SingleThreadEventExecutor$5.run(SingleThreadEventExecutor.java:897)
	at org.apache.ratis.thirdparty.io.netty.util.concurrent.FastThreadLocalRunnable.run(FastThreadLocalRunnable.java:30)
	... 1 more
Caused by: java.net.ConnectException: Connection refused
	... 11 more
2019-10-18 07:24:17,863 [grpc-default-executor-4] INFO  impl.RaftServerImpl (RaftServerImpl.java:setRole(184)) - 5170c5f3-8499-4b42-9321-85fc8a351f79@group-BCB82A5C07F5: changes role from  FOLLOWER to FOLLOWER at term 216 for recognizeCandidate:12ad0800-05cb-443c-9fdd-fa1debf04523
2019-10-18 07:24:17,863 [grpc-default-executor-4] INFO  impl.RoleInfo (RoleInfo.java:shutdownFollowerState(121)) - 5170c5f3-8499-4b42-9321-85fc8a351f79: shutdown FollowerState
2019-10-18 07:24:17,863 [grpc-default-executor-4] INFO  impl.RoleInfo (RoleInfo.java:updateAndGet(143)) - 5170c5f3-8499-4b42-9321-85fc8a351f79: start FollowerState
2019-10-18 07:24:17,863 [Thread-10946] INFO  impl.FollowerState (FollowerState.java:run(117)) - 5170c5f3-8499-4b42-9321-85fc8a351f79@group-BCB82A5C07F5-FollowerState was interrupted: java.lang.InterruptedException: sleep interrupted
2019-10-18 07:24:17,887 [12ad0800-05cb-443c-9fdd-fa1debf04523@group-BCB82A5C07F5-LeaderElection1270] INFO  impl.LeaderElection (LeaderElection.java:logAndReturn(56)) - 12ad0800-05cb-443c-9fdd-fa1debf04523@group-BCB82A5C07F5-LeaderElection1270: Election REJECTED; received 1 response(s) [12ad0800-05cb-443c-9fdd-fa1debf04523<-5170c5f3-8499-4b42-9321-85fc8a351f79#0:FAIL-t216] and 1 exception(s); 12ad0800-05cb-443c-9fdd-fa1debf04523@group-BCB82A5C07F5:t216, leader=null, voted=12ad0800-05cb-443c-9fdd-fa1debf04523, raftlog=12ad0800-05cb-443c-9fdd-fa1debf04523@group-BCB82A5C07F5-SegmentedRaftLog:OPENED:c-1,f-1,i0, conf=-1: [12ad0800-05cb-443c-9fdd-fa1debf04523:192.168.34.25:41155, 5170c5f3-8499-4b42-9321-85fc8a351f79:192.168.34.25:43074, 0b10a9fc-47eb-4a2b-b664-8273d9d17379:192.168.34.25:45248], old=null
2019-10-18 07:24:17,888 [12ad0800-05cb-443c-9fdd-fa1debf04523@group-BCB82A5C07F5-LeaderElection1270] INFO  impl.LeaderElection (LogUtils.java:infoOrTrace(149)) -   Exception 0: {}
java.util.concurrent.ExecutionException: org.apache.ratis.thirdparty.io.grpc.StatusRuntimeException: UNAVAILABLE: io exception
	at java.util.concurrent.FutureTask.report(FutureTask.java:122)
	at java.util.concurrent.FutureTask.get(FutureTask.java:192)
	at org.apache.ratis.server.impl.LeaderElection.waitForResults(LeaderElection.java:259)
	at org.apache.ratis.server.impl.LeaderElection.askForVotes(LeaderElection.java:197)
	at org.apache.ratis.server.impl.LeaderElection.run(LeaderElection.java:133)
	at java.lang.Thread.run(Thread.java:748)
Caused by: org.apache.ratis.thirdparty.io.grpc.StatusRuntimeException: UNAVAILABLE: io exception
	at org.apache.ratis.thirdparty.io.grpc.stub.ClientCalls.toStatusRuntimeException(ClientCalls.java:233)
	at org.apache.ratis.thirdparty.io.grpc.stub.ClientCalls.getUnchecked(ClientCalls.java:214)
	at org.apache.ratis.thirdparty.io.grpc.stub.ClientCalls.blockingUnaryCall(ClientCalls.java:139)
	at org.apache.ratis.proto.grpc.RaftServerProtocolServiceGrpc$RaftServerProtocolServiceBlockingStub.requestVote(RaftServerProtocolServiceGrpc.java:265)
	at org.apache.ratis.grpc.server.GrpcServerProtocolClient.requestVote(GrpcServerProtocolClient.java:99)
	at org.apache.ratis.grpc.server.GrpcService.requestVote(GrpcService.java:204)
	at org.apache.ratis.server.impl.LeaderElection.lambda$submitRequests$1(LeaderElection.java:234)
	at java.util.concurrent.FutureTask.run(FutureTask.java:266)
	at java.util.concurrent.Executors$RunnableAdapter.call(Executors.java:511)
	at java.util.concurrent.FutureTask.run(FutureTask.java:266)
	at java.util.concurrent.ThreadPoolExecutor.runWorker(ThreadPoolExecutor.java:1149)
	at java.util.concurrent.ThreadPoolExecutor$Worker.run(ThreadPoolExecutor.java:624)
	... 1 more
Caused by: org.apache.ratis.thirdparty.io.netty.channel.AbstractChannel$AnnotatedConnectException: Connection refused: /192.168.34.25:45248
	at sun.nio.ch.SocketChannelImpl.checkConnect(Native Method)
	at sun.nio.ch.SocketChannelImpl.finishConnect(SocketChannelImpl.java:717)
	at org.apache.ratis.thirdparty.io.netty.channel.socket.nio.NioSocketChannel.doFinishConnect(NioSocketChannel.java:327)
	at org.apache.ratis.thirdparty.io.netty.channel.nio.AbstractNioChannel$AbstractNioUnsafe.finishConnect(AbstractNioChannel.java:340)
	at org.apache.ratis.thirdparty.io.netty.channel.nio.NioEventLoop.processSelectedKey(NioEventLoop.java:632)
	at org.apache.ratis.thirdparty.io.netty.channel.nio.NioEventLoop.processSelectedKeysOptimized(NioEventLoop.java:579)
	at org.apache.ratis.thirdparty.io.netty.channel.nio.NioEventLoop.processSelectedKeys(NioEventLoop.java:496)
	at org.apache.ratis.thirdparty.io.netty.channel.nio.NioEventLoop.run(NioEventLoop.java:458)
	at org.apache.ratis.thirdparty.io.netty.util.concurrent.SingleThreadEventExecutor$5.run(SingleThreadEventExecutor.java:897)
	at org.apache.ratis.thirdparty.io.netty.util.concurrent.FastThreadLocalRunnable.run(FastThreadLocalRunnable.java:30)
	... 1 more
Caused by: java.net.ConnectException: Connection refused
	... 11 more
2019-10-18 07:24:17,888 [12ad0800-05cb-443c-9fdd-fa1debf04523@group-BCB82A5C07F5-LeaderElection1270] INFO  impl.RaftServerImpl (RaftServerImpl.java:setRole(184)) - 12ad0800-05cb-443c-9fdd-fa1debf04523@group-BCB82A5C07F5: changes role from CANDIDATE to FOLLOWER at term 216 for DISCOVERED_A_NEW_TERM
2019-10-18 07:24:17,888 [12ad0800-05cb-443c-9fdd-fa1debf04523@group-BCB82A5C07F5-LeaderElection1270] INFO  impl.RoleInfo (RoleInfo.java:shutdownLeaderElection(134)) - 12ad0800-05cb-443c-9fdd-fa1debf04523: shutdown LeaderElection
2019-10-18 07:24:17,888 [12ad0800-05cb-443c-9fdd-fa1debf04523@group-BCB82A5C07F5-LeaderElection1270] INFO  impl.RoleInfo (RoleInfo.java:updateAndGet(143)) - 12ad0800-05cb-443c-9fdd-fa1debf04523: start FollowerState
2019-10-18 07:24:17,977 [Thread-10953] INFO  impl.FollowerState (FollowerState.java:run(108)) - 12ad0800-05cb-443c-9fdd-fa1debf04523@group-BCB82A5C07F5-FollowerState: change to CANDIDATE, lastRpcTime:88ms, electionTimeout:88ms
2019-10-18 07:24:17,977 [Thread-10953] INFO  impl.RoleInfo (RoleInfo.java:shutdownFollowerState(121)) - 12ad0800-05cb-443c-9fdd-fa1debf04523: shutdown FollowerState
2019-10-18 07:24:17,977 [Thread-10953] INFO  impl.RaftServerImpl (RaftServerImpl.java:setRole(184)) - 12ad0800-05cb-443c-9fdd-fa1debf04523@group-BCB82A5C07F5: changes role from  FOLLOWER to CANDIDATE at term 216 for changeToCandidate
2019-10-18 07:24:17,977 [Thread-10953] INFO  impl.RoleInfo (RoleInfo.java:updateAndGet(143)) - 12ad0800-05cb-443c-9fdd-fa1debf04523: start LeaderElection
2019-10-18 07:24:17,991 [Thread-10926] INFO  impl.FollowerState (FollowerState.java:run(108)) - 67270882-100a-4e75-928d-618d17e069c8@group-0C9C3B2D0CC1-FollowerState: change to CANDIDATE, lastRpcTime:1082ms, electionTimeout:1082ms
2019-10-18 07:24:17,991 [Thread-10926] INFO  impl.RoleInfo (RoleInfo.java:shutdownFollowerState(121)) - 67270882-100a-4e75-928d-618d17e069c8: shutdown FollowerState
2019-10-18 07:24:17,991 [Thread-10926] INFO  impl.RaftServerImpl (RaftServerImpl.java:setRole(184)) - 67270882-100a-4e75-928d-618d17e069c8@group-0C9C3B2D0CC1: changes role from  FOLLOWER to CANDIDATE at term 152 for changeToCandidate
2019-10-18 07:24:17,991 [Thread-10926] INFO  impl.RoleInfo (RoleInfo.java:updateAndGet(143)) - 67270882-100a-4e75-928d-618d17e069c8: start LeaderElection
2019-10-18 07:24:18,001 [12ad0800-05cb-443c-9fdd-fa1debf04523@group-BCB82A5C07F5-LeaderElection1271] INFO  impl.LeaderElection (LeaderElection.java:askForVotes(178)) - 12ad0800-05cb-443c-9fdd-fa1debf04523@group-BCB82A5C07F5-LeaderElection1271: begin an election at term 217 for -1: [12ad0800-05cb-443c-9fdd-fa1debf04523:192.168.34.25:41155, 5170c5f3-8499-4b42-9321-85fc8a351f79:192.168.34.25:43074, 0b10a9fc-47eb-4a2b-b664-8273d9d17379:192.168.34.25:45248], old=null
2019-10-18 07:24:18,002 [12ad0800-05cb-443c-9fdd-fa1debf04523@group-BCB82A5C07F5-LeaderElection1271] INFO  impl.LeaderElection (LogUtils.java:infoOrTrace(149)) - 12ad0800-05cb-443c-9fdd-fa1debf04523@group-BCB82A5C07F5-LeaderElection1271 got exception when requesting votes: {}
java.util.concurrent.ExecutionException: org.apache.ratis.thirdparty.io.grpc.StatusRuntimeException: UNAVAILABLE: io exception
	at java.util.concurrent.FutureTask.report(FutureTask.java:122)
	at java.util.concurrent.FutureTask.get(FutureTask.java:192)
	at org.apache.ratis.server.impl.LeaderElection.waitForResults(LeaderElection.java:259)
	at org.apache.ratis.server.impl.LeaderElection.askForVotes(LeaderElection.java:197)
	at org.apache.ratis.server.impl.LeaderElection.run(LeaderElection.java:133)
	at java.lang.Thread.run(Thread.java:748)
Caused by: org.apache.ratis.thirdparty.io.grpc.StatusRuntimeException: UNAVAILABLE: io exception
	at org.apache.ratis.thirdparty.io.grpc.stub.ClientCalls.toStatusRuntimeException(ClientCalls.java:233)
	at org.apache.ratis.thirdparty.io.grpc.stub.ClientCalls.getUnchecked(ClientCalls.java:214)
	at org.apache.ratis.thirdparty.io.grpc.stub.ClientCalls.blockingUnaryCall(ClientCalls.java:139)
	at org.apache.ratis.proto.grpc.RaftServerProtocolServiceGrpc$RaftServerProtocolServiceBlockingStub.requestVote(RaftServerProtocolServiceGrpc.java:265)
	at org.apache.ratis.grpc.server.GrpcServerProtocolClient.requestVote(GrpcServerProtocolClient.java:99)
	at org.apache.ratis.grpc.server.GrpcService.requestVote(GrpcService.java:204)
	at org.apache.ratis.server.impl.LeaderElection.lambda$submitRequests$1(LeaderElection.java:234)
	at java.util.concurrent.FutureTask.run(FutureTask.java:266)
	at java.util.concurrent.Executors$RunnableAdapter.call(Executors.java:511)
	at java.util.concurrent.FutureTask.run(FutureTask.java:266)
	at java.util.concurrent.ThreadPoolExecutor.runWorker(ThreadPoolExecutor.java:1149)
	at java.util.concurrent.ThreadPoolExecutor$Worker.run(ThreadPoolExecutor.java:624)
	... 1 more
Caused by: org.apache.ratis.thirdparty.io.netty.channel.AbstractChannel$AnnotatedConnectException: Connection refused: /192.168.34.25:45248
	at sun.nio.ch.SocketChannelImpl.checkConnect(Native Method)
	at sun.nio.ch.SocketChannelImpl.finishConnect(SocketChannelImpl.java:717)
	at org.apache.ratis.thirdparty.io.netty.channel.socket.nio.NioSocketChannel.doFinishConnect(NioSocketChannel.java:327)
	at org.apache.ratis.thirdparty.io.netty.channel.nio.AbstractNioChannel$AbstractNioUnsafe.finishConnect(AbstractNioChannel.java:340)
	at org.apache.ratis.thirdparty.io.netty.channel.nio.NioEventLoop.processSelectedKey(NioEventLoop.java:632)
	at org.apache.ratis.thirdparty.io.netty.channel.nio.NioEventLoop.processSelectedKeysOptimized(NioEventLoop.java:579)
	at org.apache.ratis.thirdparty.io.netty.channel.nio.NioEventLoop.processSelectedKeys(NioEventLoop.java:496)
	at org.apache.ratis.thirdparty.io.netty.channel.nio.NioEventLoop.run(NioEventLoop.java:458)
	at org.apache.ratis.thirdparty.io.netty.util.concurrent.SingleThreadEventExecutor$5.run(SingleThreadEventExecutor.java:897)
	at org.apache.ratis.thirdparty.io.netty.util.concurrent.FastThreadLocalRunnable.run(FastThreadLocalRunnable.java:30)
	... 1 more
Caused by: java.net.ConnectException: Connection refused
	... 11 more
2019-10-18 07:24:18,003 [grpc-default-executor-4] INFO  impl.RaftServerImpl (RaftServerImpl.java:setRole(184)) - 5170c5f3-8499-4b42-9321-85fc8a351f79@group-BCB82A5C07F5: changes role from  FOLLOWER to FOLLOWER at term 217 for recognizeCandidate:12ad0800-05cb-443c-9fdd-fa1debf04523
2019-10-18 07:24:18,003 [grpc-default-executor-4] INFO  impl.RoleInfo (RoleInfo.java:shutdownFollowerState(121)) - 5170c5f3-8499-4b42-9321-85fc8a351f79: shutdown FollowerState
2019-10-18 07:24:18,004 [grpc-default-executor-4] INFO  impl.RoleInfo (RoleInfo.java:updateAndGet(143)) - 5170c5f3-8499-4b42-9321-85fc8a351f79: start FollowerState
2019-10-18 07:24:18,004 [Thread-10952] INFO  impl.FollowerState (FollowerState.java:run(117)) - 5170c5f3-8499-4b42-9321-85fc8a351f79@group-BCB82A5C07F5-FollowerState was interrupted: java.lang.InterruptedException: sleep interrupted
2019-10-18 07:24:18,027 [12ad0800-05cb-443c-9fdd-fa1debf04523@group-BCB82A5C07F5-LeaderElection1271] INFO  impl.LeaderElection (LeaderElection.java:logAndReturn(56)) - 12ad0800-05cb-443c-9fdd-fa1debf04523@group-BCB82A5C07F5-LeaderElection1271: Election TIMEOUT; received 0 response(s) [] and 1 exception(s); 12ad0800-05cb-443c-9fdd-fa1debf04523@group-BCB82A5C07F5:t217, leader=null, voted=12ad0800-05cb-443c-9fdd-fa1debf04523, raftlog=12ad0800-05cb-443c-9fdd-fa1debf04523@group-BCB82A5C07F5-SegmentedRaftLog:OPENED:c-1,f-1,i0, conf=-1: [12ad0800-05cb-443c-9fdd-fa1debf04523:192.168.34.25:41155, 5170c5f3-8499-4b42-9321-85fc8a351f79:192.168.34.25:43074, 0b10a9fc-47eb-4a2b-b664-8273d9d17379:192.168.34.25:45248], old=null
2019-10-18 07:24:18,027 [12ad0800-05cb-443c-9fdd-fa1debf04523@group-BCB82A5C07F5-LeaderElection1271] INFO  impl.LeaderElection (LogUtils.java:infoOrTrace(149)) -   Exception 0: {}
java.util.concurrent.ExecutionException: org.apache.ratis.thirdparty.io.grpc.StatusRuntimeException: UNAVAILABLE: io exception
	at java.util.concurrent.FutureTask.report(FutureTask.java:122)
	at java.util.concurrent.FutureTask.get(FutureTask.java:192)
	at org.apache.ratis.server.impl.LeaderElection.waitForResults(LeaderElection.java:259)
	at org.apache.ratis.server.impl.LeaderElection.askForVotes(LeaderElection.java:197)
	at org.apache.ratis.server.impl.LeaderElection.run(LeaderElection.java:133)
	at java.lang.Thread.run(Thread.java:748)
Caused by: org.apache.ratis.thirdparty.io.grpc.StatusRuntimeException: UNAVAILABLE: io exception
	at org.apache.ratis.thirdparty.io.grpc.stub.ClientCalls.toStatusRuntimeException(ClientCalls.java:233)
	at org.apache.ratis.thirdparty.io.grpc.stub.ClientCalls.getUnchecked(ClientCalls.java:214)
	at org.apache.ratis.thirdparty.io.grpc.stub.ClientCalls.blockingUnaryCall(ClientCalls.java:139)
	at org.apache.ratis.proto.grpc.RaftServerProtocolServiceGrpc$RaftServerProtocolServiceBlockingStub.requestVote(RaftServerProtocolServiceGrpc.java:265)
	at org.apache.ratis.grpc.server.GrpcServerProtocolClient.requestVote(GrpcServerProtocolClient.java:99)
	at org.apache.ratis.grpc.server.GrpcService.requestVote(GrpcService.java:204)
	at org.apache.ratis.server.impl.LeaderElection.lambda$submitRequests$1(LeaderElection.java:234)
	at java.util.concurrent.FutureTask.run(FutureTask.java:266)
	at java.util.concurrent.Executors$RunnableAdapter.call(Executors.java:511)
	at java.util.concurrent.FutureTask.run(FutureTask.java:266)
	at java.util.concurrent.ThreadPoolExecutor.runWorker(ThreadPoolExecutor.java:1149)
	at java.util.concurrent.ThreadPoolExecutor$Worker.run(ThreadPoolExecutor.java:624)
	... 1 more
Caused by: org.apache.ratis.thirdparty.io.netty.channel.AbstractChannel$AnnotatedConnectException: Connection refused: /192.168.34.25:45248
	at sun.nio.ch.SocketChannelImpl.checkConnect(Native Method)
	at sun.nio.ch.SocketChannelImpl.finishConnect(SocketChannelImpl.java:717)
	at org.apache.ratis.thirdparty.io.netty.channel.socket.nio.NioSocketChannel.doFinishConnect(NioSocketChannel.java:327)
	at org.apache.ratis.thirdparty.io.netty.channel.nio.AbstractNioChannel$AbstractNioUnsafe.finishConnect(AbstractNioChannel.java:340)
	at org.apache.ratis.thirdparty.io.netty.channel.nio.NioEventLoop.processSelectedKey(NioEventLoop.java:632)
	at org.apache.ratis.thirdparty.io.netty.channel.nio.NioEventLoop.processSelectedKeysOptimized(NioEventLoop.java:579)
	at org.apache.ratis.thirdparty.io.netty.channel.nio.NioEventLoop.processSelectedKeys(NioEventLoop.java:496)
	at org.apache.ratis.thirdparty.io.netty.channel.nio.NioEventLoop.run(NioEventLoop.java:458)
	at org.apache.ratis.thirdparty.io.netty.util.concurrent.SingleThreadEventExecutor$5.run(SingleThreadEventExecutor.java:897)
	at org.apache.ratis.thirdparty.io.netty.util.concurrent.FastThreadLocalRunnable.run(FastThreadLocalRunnable.java:30)
	... 1 more
Caused by: java.net.ConnectException: Connection refused
	... 11 more
2019-10-18 07:24:18,030 [67270882-100a-4e75-928d-618d17e069c8@group-0C9C3B2D0CC1-LeaderElection1272] INFO  impl.LeaderElection (LeaderElection.java:askForVotes(178)) - 67270882-100a-4e75-928d-618d17e069c8@group-0C9C3B2D0CC1-LeaderElection1272: begin an election at term 153 for 1: [6633f50a-7046-4b08-9937-8e25f1b14b15:192.168.34.25:39338, 67270882-100a-4e75-928d-618d17e069c8:192.168.34.25:36648, 4dea926d-4bc6-487a-9b9b-9fd457d0fae4:192.168.34.25:41624], old=null
2019-10-18 07:24:18,031 [67270882-100a-4e75-928d-618d17e069c8@group-0C9C3B2D0CC1-LeaderElection1272] INFO  impl.LeaderElection (LogUtils.java:infoOrTrace(149)) - 67270882-100a-4e75-928d-618d17e069c8@group-0C9C3B2D0CC1-LeaderElection1272 got exception when requesting votes: {}
java.util.concurrent.ExecutionException: org.apache.ratis.thirdparty.io.grpc.StatusRuntimeException: UNAVAILABLE: io exception
	at java.util.concurrent.FutureTask.report(FutureTask.java:122)
	at java.util.concurrent.FutureTask.get(FutureTask.java:192)
	at org.apache.ratis.server.impl.LeaderElection.waitForResults(LeaderElection.java:259)
	at org.apache.ratis.server.impl.LeaderElection.askForVotes(LeaderElection.java:197)
	at org.apache.ratis.server.impl.LeaderElection.run(LeaderElection.java:133)
	at java.lang.Thread.run(Thread.java:748)
Caused by: org.apache.ratis.thirdparty.io.grpc.StatusRuntimeException: UNAVAILABLE: io exception
	at org.apache.ratis.thirdparty.io.grpc.stub.ClientCalls.toStatusRuntimeException(ClientCalls.java:233)
	at org.apache.ratis.thirdparty.io.grpc.stub.ClientCalls.getUnchecked(ClientCalls.java:214)
	at org.apache.ratis.thirdparty.io.grpc.stub.ClientCalls.blockingUnaryCall(ClientCalls.java:139)
	at org.apache.ratis.proto.grpc.RaftServerProtocolServiceGrpc$RaftServerProtocolServiceBlockingStub.requestVote(RaftServerProtocolServiceGrpc.java:265)
	at org.apache.ratis.grpc.server.GrpcServerProtocolClient.requestVote(GrpcServerProtocolClient.java:99)
	at org.apache.ratis.grpc.server.GrpcService.requestVote(GrpcService.java:204)
	at org.apache.ratis.server.impl.LeaderElection.lambda$submitRequests$1(LeaderElection.java:234)
	at java.util.concurrent.FutureTask.run(FutureTask.java:266)
	at java.util.concurrent.Executors$RunnableAdapter.call(Executors.java:511)
	at java.util.concurrent.FutureTask.run(FutureTask.java:266)
	at java.util.concurrent.ThreadPoolExecutor.runWorker(ThreadPoolExecutor.java:1149)
	at java.util.concurrent.ThreadPoolExecutor$Worker.run(ThreadPoolExecutor.java:624)
	... 1 more
Caused by: org.apache.ratis.thirdparty.io.netty.channel.AbstractChannel$AnnotatedConnectException: Connection refused: /192.168.34.25:39338
	at sun.nio.ch.SocketChannelImpl.checkConnect(Native Method)
	at sun.nio.ch.SocketChannelImpl.finishConnect(SocketChannelImpl.java:717)
	at org.apache.ratis.thirdparty.io.netty.channel.socket.nio.NioSocketChannel.doFinishConnect(NioSocketChannel.java:327)
	at org.apache.ratis.thirdparty.io.netty.channel.nio.AbstractNioChannel$AbstractNioUnsafe.finishConnect(AbstractNioChannel.java:340)
	at org.apache.ratis.thirdparty.io.netty.channel.nio.NioEventLoop.processSelectedKey(NioEventLoop.java:632)
	at org.apache.ratis.thirdparty.io.netty.channel.nio.NioEventLoop.processSelectedKeysOptimized(NioEventLoop.java:579)
	at org.apache.ratis.thirdparty.io.netty.channel.nio.NioEventLoop.processSelectedKeys(NioEventLoop.java:496)
	at org.apache.ratis.thirdparty.io.netty.channel.nio.NioEventLoop.run(NioEventLoop.java:458)
	at org.apache.ratis.thirdparty.io.netty.util.concurrent.SingleThreadEventExecutor$5.run(SingleThreadEventExecutor.java:897)
	at org.apache.ratis.thirdparty.io.netty.util.concurrent.FastThreadLocalRunnable.run(FastThreadLocalRunnable.java:30)
	... 1 more
Caused by: java.net.ConnectException: Connection refused
	... 11 more
2019-10-18 07:24:18,031 [67270882-100a-4e75-928d-618d17e069c8@group-0C9C3B2D0CC1-LeaderElection1272] INFO  impl.LeaderElection (LogUtils.java:infoOrTrace(149)) - 67270882-100a-4e75-928d-618d17e069c8@group-0C9C3B2D0CC1-LeaderElection1272 got exception when requesting votes: {}
java.util.concurrent.ExecutionException: org.apache.ratis.thirdparty.io.grpc.StatusRuntimeException: UNAVAILABLE: io exception
	at java.util.concurrent.FutureTask.report(FutureTask.java:122)
	at java.util.concurrent.FutureTask.get(FutureTask.java:192)
	at org.apache.ratis.server.impl.LeaderElection.waitForResults(LeaderElection.java:259)
	at org.apache.ratis.server.impl.LeaderElection.askForVotes(LeaderElection.java:197)
	at org.apache.ratis.server.impl.LeaderElection.run(LeaderElection.java:133)
	at java.lang.Thread.run(Thread.java:748)
Caused by: org.apache.ratis.thirdparty.io.grpc.StatusRuntimeException: UNAVAILABLE: io exception
	at org.apache.ratis.thirdparty.io.grpc.stub.ClientCalls.toStatusRuntimeException(ClientCalls.java:233)
	at org.apache.ratis.thirdparty.io.grpc.stub.ClientCalls.getUnchecked(ClientCalls.java:214)
	at org.apache.ratis.thirdparty.io.grpc.stub.ClientCalls.blockingUnaryCall(ClientCalls.java:139)
	at org.apache.ratis.proto.grpc.RaftServerProtocolServiceGrpc$RaftServerProtocolServiceBlockingStub.requestVote(RaftServerProtocolServiceGrpc.java:265)
	at org.apache.ratis.grpc.server.GrpcServerProtocolClient.requestVote(GrpcServerProtocolClient.java:99)
	at org.apache.ratis.grpc.server.GrpcService.requestVote(GrpcService.java:204)
	at org.apache.ratis.server.impl.LeaderElection.lambda$submitRequests$1(LeaderElection.java:234)
	at java.util.concurrent.FutureTask.run(FutureTask.java:266)
	at java.util.concurrent.Executors$RunnableAdapter.call(Executors.java:511)
	at java.util.concurrent.FutureTask.run(FutureTask.java:266)
	at java.util.concurrent.ThreadPoolExecutor.runWorker(ThreadPoolExecutor.java:1149)
	at java.util.concurrent.ThreadPoolExecutor$Worker.run(ThreadPoolExecutor.java:624)
	... 1 more
Caused by: org.apache.ratis.thirdparty.io.netty.channel.AbstractChannel$AnnotatedConnectException: Connection refused: /192.168.34.25:41624
	at sun.nio.ch.SocketChannelImpl.checkConnect(Native Method)
	at sun.nio.ch.SocketChannelImpl.finishConnect(SocketChannelImpl.java:717)
	at org.apache.ratis.thirdparty.io.netty.channel.socket.nio.NioSocketChannel.doFinishConnect(NioSocketChannel.java:327)
	at org.apache.ratis.thirdparty.io.netty.channel.nio.AbstractNioChannel$AbstractNioUnsafe.finishConnect(AbstractNioChannel.java:340)
	at org.apache.ratis.thirdparty.io.netty.channel.nio.NioEventLoop.processSelectedKey(NioEventLoop.java:632)
	at org.apache.ratis.thirdparty.io.netty.channel.nio.NioEventLoop.processSelectedKeysOptimized(NioEventLoop.java:579)
	at org.apache.ratis.thirdparty.io.netty.channel.nio.NioEventLoop.processSelectedKeys(NioEventLoop.java:496)
	at org.apache.ratis.thirdparty.io.netty.channel.nio.NioEventLoop.run(NioEventLoop.java:458)
	at org.apache.ratis.thirdparty.io.netty.util.concurrent.SingleThreadEventExecutor$5.run(SingleThreadEventExecutor.java:897)
	at org.apache.ratis.thirdparty.io.netty.util.concurrent.FastThreadLocalRunnable.run(FastThreadLocalRunnable.java:30)
	... 1 more
Caused by: java.net.ConnectException: Connection refused
	... 11 more
2019-10-18 07:24:18,032 [67270882-100a-4e75-928d-618d17e069c8@group-0C9C3B2D0CC1-LeaderElection1272] INFO  impl.LeaderElection (LeaderElection.java:logAndReturn(56)) - 67270882-100a-4e75-928d-618d17e069c8@group-0C9C3B2D0CC1-LeaderElection1272: Election REJECTED; received 0 response(s) [] and 2 exception(s); 67270882-100a-4e75-928d-618d17e069c8@group-0C9C3B2D0CC1:t153, leader=null, voted=67270882-100a-4e75-928d-618d17e069c8, raftlog=67270882-100a-4e75-928d-618d17e069c8@group-0C9C3B2D0CC1-SegmentedRaftLog:OPENED:c2,f2,i2, conf=1: [6633f50a-7046-4b08-9937-8e25f1b14b15:192.168.34.25:39338, 67270882-100a-4e75-928d-618d17e069c8:192.168.34.25:36648, 4dea926d-4bc6-487a-9b9b-9fd457d0fae4:192.168.34.25:41624], old=null
2019-10-18 07:24:18,032 [67270882-100a-4e75-928d-618d17e069c8@group-0C9C3B2D0CC1-LeaderElection1272] INFO  impl.LeaderElection (LogUtils.java:infoOrTrace(149)) -   Exception 0: {}
java.util.concurrent.ExecutionException: org.apache.ratis.thirdparty.io.grpc.StatusRuntimeException: UNAVAILABLE: io exception
	at java.util.concurrent.FutureTask.report(FutureTask.java:122)
	at java.util.concurrent.FutureTask.get(FutureTask.java:192)
	at org.apache.ratis.server.impl.LeaderElection.waitForResults(LeaderElection.java:259)
	at org.apache.ratis.server.impl.LeaderElection.askForVotes(LeaderElection.java:197)
	at org.apache.ratis.server.impl.LeaderElection.run(LeaderElection.java:133)
	at java.lang.Thread.run(Thread.java:748)
Caused by: org.apache.ratis.thirdparty.io.grpc.StatusRuntimeException: UNAVAILABLE: io exception
	at org.apache.ratis.thirdparty.io.grpc.stub.ClientCalls.toStatusRuntimeException(ClientCalls.java:233)
	at org.apache.ratis.thirdparty.io.grpc.stub.ClientCalls.getUnchecked(ClientCalls.java:214)
	at org.apache.ratis.thirdparty.io.grpc.stub.ClientCalls.blockingUnaryCall(ClientCalls.java:139)
	at org.apache.ratis.proto.grpc.RaftServerProtocolServiceGrpc$RaftServerProtocolServiceBlockingStub.requestVote(RaftServerProtocolServiceGrpc.java:265)
	at org.apache.ratis.grpc.server.GrpcServerProtocolClient.requestVote(GrpcServerProtocolClient.java:99)
	at org.apache.ratis.grpc.server.GrpcService.requestVote(GrpcService.java:204)
	at org.apache.ratis.server.impl.LeaderElection.lambda$submitRequests$1(LeaderElection.java:234)
	at java.util.concurrent.FutureTask.run(FutureTask.java:266)
	at java.util.concurrent.Executors$RunnableAdapter.call(Executors.java:511)
	at java.util.concurrent.FutureTask.run(FutureTask.java:266)
	at java.util.concurrent.ThreadPoolExecutor.runWorker(ThreadPoolExecutor.java:1149)
	at java.util.concurrent.ThreadPoolExecutor$Worker.run(ThreadPoolExecutor.java:624)
	... 1 more
Caused by: org.apache.ratis.thirdparty.io.netty.channel.AbstractChannel$AnnotatedConnectException: Connection refused: /192.168.34.25:39338
	at sun.nio.ch.SocketChannelImpl.checkConnect(Native Method)
	at sun.nio.ch.SocketChannelImpl.finishConnect(SocketChannelImpl.java:717)
	at org.apache.ratis.thirdparty.io.netty.channel.socket.nio.NioSocketChannel.doFinishConnect(NioSocketChannel.java:327)
	at org.apache.ratis.thirdparty.io.netty.channel.nio.AbstractNioChannel$AbstractNioUnsafe.finishConnect(AbstractNioChannel.java:340)
	at org.apache.ratis.thirdparty.io.netty.channel.nio.NioEventLoop.processSelectedKey(NioEventLoop.java:632)
	at org.apache.ratis.thirdparty.io.netty.channel.nio.NioEventLoop.processSelectedKeysOptimized(NioEventLoop.java:579)
	at org.apache.ratis.thirdparty.io.netty.channel.nio.NioEventLoop.processSelectedKeys(NioEventLoop.java:496)
	at org.apache.ratis.thirdparty.io.netty.channel.nio.NioEventLoop.run(NioEventLoop.java:458)
	at org.apache.ratis.thirdparty.io.netty.util.concurrent.SingleThreadEventExecutor$5.run(SingleThreadEventExecutor.java:897)
	at org.apache.ratis.thirdparty.io.netty.util.concurrent.FastThreadLocalRunnable.run(FastThreadLocalRunnable.java:30)
	... 1 more
Caused by: java.net.ConnectException: Connection refused
	... 11 more
2019-10-18 07:24:18,033 [67270882-100a-4e75-928d-618d17e069c8@group-0C9C3B2D0CC1-LeaderElection1272] INFO  impl.LeaderElection (LogUtils.java:infoOrTrace(149)) -   Exception 1: {}
java.util.concurrent.ExecutionException: org.apache.ratis.thirdparty.io.grpc.StatusRuntimeException: UNAVAILABLE: io exception
	at java.util.concurrent.FutureTask.report(FutureTask.java:122)
	at java.util.concurrent.FutureTask.get(FutureTask.java:192)
	at org.apache.ratis.server.impl.LeaderElection.waitForResults(LeaderElection.java:259)
	at org.apache.ratis.server.impl.LeaderElection.askForVotes(LeaderElection.java:197)
	at org.apache.ratis.server.impl.LeaderElection.run(LeaderElection.java:133)
	at java.lang.Thread.run(Thread.java:748)
Caused by: org.apache.ratis.thirdparty.io.grpc.StatusRuntimeException: UNAVAILABLE: io exception
	at org.apache.ratis.thirdparty.io.grpc.stub.ClientCalls.toStatusRuntimeException(ClientCalls.java:233)
	at org.apache.ratis.thirdparty.io.grpc.stub.ClientCalls.getUnchecked(ClientCalls.java:214)
	at org.apache.ratis.thirdparty.io.grpc.stub.ClientCalls.blockingUnaryCall(ClientCalls.java:139)
	at org.apache.ratis.proto.grpc.RaftServerProtocolServiceGrpc$RaftServerProtocolServiceBlockingStub.requestVote(RaftServerProtocolServiceGrpc.java:265)
	at org.apache.ratis.grpc.server.GrpcServerProtocolClient.requestVote(GrpcServerProtocolClient.java:99)
	at org.apache.ratis.grpc.server.GrpcService.requestVote(GrpcService.java:204)
	at org.apache.ratis.server.impl.LeaderElection.lambda$submitRequests$1(LeaderElection.java:234)
	at java.util.concurrent.FutureTask.run(FutureTask.java:266)
	at java.util.concurrent.Executors$RunnableAdapter.call(Executors.java:511)
	at java.util.concurrent.FutureTask.run(FutureTask.java:266)
	at java.util.concurrent.ThreadPoolExecutor.runWorker(ThreadPoolExecutor.java:1149)
	at java.util.concurrent.ThreadPoolExecutor$Worker.run(ThreadPoolExecutor.java:624)
	... 1 more
Caused by: org.apache.ratis.thirdparty.io.netty.channel.AbstractChannel$AnnotatedConnectException: Connection refused: /192.168.34.25:41624
	at sun.nio.ch.SocketChannelImpl.checkConnect(Native Method)
	at sun.nio.ch.SocketChannelImpl.finishConnect(SocketChannelImpl.java:717)
	at org.apache.ratis.thirdparty.io.netty.channel.socket.nio.NioSocketChannel.doFinishConnect(NioSocketChannel.java:327)
	at org.apache.ratis.thirdparty.io.netty.channel.nio.AbstractNioChannel$AbstractNioUnsafe.finishConnect(AbstractNioChannel.java:340)
	at org.apache.ratis.thirdparty.io.netty.channel.nio.NioEventLoop.processSelectedKey(NioEventLoop.java:632)
	at org.apache.ratis.thirdparty.io.netty.channel.nio.NioEventLoop.processSelectedKeysOptimized(NioEventLoop.java:579)
	at org.apache.ratis.thirdparty.io.netty.channel.nio.NioEventLoop.processSelectedKeys(NioEventLoop.java:496)
	at org.apache.ratis.thirdparty.io.netty.channel.nio.NioEventLoop.run(NioEventLoop.java:458)
	at org.apache.ratis.thirdparty.io.netty.util.concurrent.SingleThreadEventExecutor$5.run(SingleThreadEventExecutor.java:897)
	at org.apache.ratis.thirdparty.io.netty.util.concurrent.FastThreadLocalRunnable.run(FastThreadLocalRunnable.java:30)
	... 1 more
Caused by: java.net.ConnectException: Connection refused
	... 11 more
2019-10-18 07:24:18,033 [67270882-100a-4e75-928d-618d17e069c8@group-0C9C3B2D0CC1-LeaderElection1272] INFO  impl.RaftServerImpl (RaftServerImpl.java:setRole(184)) - 67270882-100a-4e75-928d-618d17e069c8@group-0C9C3B2D0CC1: changes role from CANDIDATE to FOLLOWER at term 153 for DISCOVERED_A_NEW_TERM
2019-10-18 07:24:18,033 [67270882-100a-4e75-928d-618d17e069c8@group-0C9C3B2D0CC1-LeaderElection1272] INFO  impl.RoleInfo (RoleInfo.java:shutdownLeaderElection(134)) - 67270882-100a-4e75-928d-618d17e069c8: shutdown LeaderElection
2019-10-18 07:24:18,033 [67270882-100a-4e75-928d-618d17e069c8@group-0C9C3B2D0CC1-LeaderElection1272] INFO  impl.RoleInfo (RoleInfo.java:updateAndGet(143)) - 67270882-100a-4e75-928d-618d17e069c8: start FollowerState
2019-10-18 07:24:18,056 [12ad0800-05cb-443c-9fdd-fa1debf04523@group-BCB82A5C07F5-LeaderElection1271] INFO  impl.LeaderElection (LeaderElection.java:askForVotes(178)) - 12ad0800-05cb-443c-9fdd-fa1debf04523@group-BCB82A5C07F5-LeaderElection1271: begin an election at term 218 for -1: [12ad0800-05cb-443c-9fdd-fa1debf04523:192.168.34.25:41155, 5170c5f3-8499-4b42-9321-85fc8a351f79:192.168.34.25:43074, 0b10a9fc-47eb-4a2b-b664-8273d9d17379:192.168.34.25:45248], old=null
2019-10-18 07:24:18,056 [12ad0800-05cb-443c-9fdd-fa1debf04523@group-BCB82A5C07F5-LeaderElection1271] INFO  impl.LeaderElection (LogUtils.java:infoOrTrace(149)) - 12ad0800-05cb-443c-9fdd-fa1debf04523@group-BCB82A5C07F5-LeaderElection1271 got exception when requesting votes: {}
java.util.concurrent.ExecutionException: org.apache.ratis.thirdparty.io.grpc.StatusRuntimeException: UNAVAILABLE: io exception
	at java.util.concurrent.FutureTask.report(FutureTask.java:122)
	at java.util.concurrent.FutureTask.get(FutureTask.java:192)
	at org.apache.ratis.server.impl.LeaderElection.waitForResults(LeaderElection.java:259)
	at org.apache.ratis.server.impl.LeaderElection.askForVotes(LeaderElection.java:197)
	at org.apache.ratis.server.impl.LeaderElection.run(LeaderElection.java:133)
	at java.lang.Thread.run(Thread.java:748)
Caused by: org.apache.ratis.thirdparty.io.grpc.StatusRuntimeException: UNAVAILABLE: io exception
	at org.apache.ratis.thirdparty.io.grpc.stub.ClientCalls.toStatusRuntimeException(ClientCalls.java:233)
	at org.apache.ratis.thirdparty.io.grpc.stub.ClientCalls.getUnchecked(ClientCalls.java:214)
	at org.apache.ratis.thirdparty.io.grpc.stub.ClientCalls.blockingUnaryCall(ClientCalls.java:139)
	at org.apache.ratis.proto.grpc.RaftServerProtocolServiceGrpc$RaftServerProtocolServiceBlockingStub.requestVote(RaftServerProtocolServiceGrpc.java:265)
	at org.apache.ratis.grpc.server.GrpcServerProtocolClient.requestVote(GrpcServerProtocolClient.java:99)
	at org.apache.ratis.grpc.server.GrpcService.requestVote(GrpcService.java:204)
	at org.apache.ratis.server.impl.LeaderElection.lambda$submitRequests$1(LeaderElection.java:234)
	at java.util.concurrent.FutureTask.run(FutureTask.java:266)
	at java.util.concurrent.Executors$RunnableAdapter.call(Executors.java:511)
	at java.util.concurrent.FutureTask.run(FutureTask.java:266)
	at java.util.concurrent.ThreadPoolExecutor.runWorker(ThreadPoolExecutor.java:1149)
	at java.util.concurrent.ThreadPoolExecutor$Worker.run(ThreadPoolExecutor.java:624)
	... 1 more
Caused by: org.apache.ratis.thirdparty.io.netty.channel.AbstractChannel$AnnotatedConnectException: Connection refused: /192.168.34.25:45248
	at sun.nio.ch.SocketChannelImpl.checkConnect(Native Method)
	at sun.nio.ch.SocketChannelImpl.finishConnect(SocketChannelImpl.java:717)
	at org.apache.ratis.thirdparty.io.netty.channel.socket.nio.NioSocketChannel.doFinishConnect(NioSocketChannel.java:327)
	at org.apache.ratis.thirdparty.io.netty.channel.nio.AbstractNioChannel$AbstractNioUnsafe.finishConnect(AbstractNioChannel.java:340)
	at org.apache.ratis.thirdparty.io.netty.channel.nio.NioEventLoop.processSelectedKey(NioEventLoop.java:632)
	at org.apache.ratis.thirdparty.io.netty.channel.nio.NioEventLoop.processSelectedKeysOptimized(NioEventLoop.java:579)
	at org.apache.ratis.thirdparty.io.netty.channel.nio.NioEventLoop.processSelectedKeys(NioEventLoop.java:496)
	at org.apache.ratis.thirdparty.io.netty.channel.nio.NioEventLoop.run(NioEventLoop.java:458)
	at org.apache.ratis.thirdparty.io.netty.util.concurrent.SingleThreadEventExecutor$5.run(SingleThreadEventExecutor.java:897)
	at org.apache.ratis.thirdparty.io.netty.util.concurrent.FastThreadLocalRunnable.run(FastThreadLocalRunnable.java:30)
	... 1 more
Caused by: java.net.ConnectException: Connection refused
	... 11 more
2019-10-18 07:24:18,057 [grpc-default-executor-4] INFO  impl.RaftServerImpl (RaftServerImpl.java:setRole(184)) - 5170c5f3-8499-4b42-9321-85fc8a351f79@group-BCB82A5C07F5: changes role from  FOLLOWER to FOLLOWER at term 218 for recognizeCandidate:12ad0800-05cb-443c-9fdd-fa1debf04523
2019-10-18 07:24:18,057 [grpc-default-executor-4] INFO  impl.RoleInfo (RoleInfo.java:shutdownFollowerState(121)) - 5170c5f3-8499-4b42-9321-85fc8a351f79: shutdown FollowerState
2019-10-18 07:24:18,057 [grpc-default-executor-4] INFO  impl.RoleInfo (RoleInfo.java:updateAndGet(143)) - 5170c5f3-8499-4b42-9321-85fc8a351f79: start FollowerState
2019-10-18 07:24:18,057 [Thread-10958] INFO  impl.FollowerState (FollowerState.java:run(117)) - 5170c5f3-8499-4b42-9321-85fc8a351f79@group-BCB82A5C07F5-FollowerState was interrupted: java.lang.InterruptedException: sleep interrupted
2019-10-18 07:24:18,082 [12ad0800-05cb-443c-9fdd-fa1debf04523@group-BCB82A5C07F5-LeaderElection1271] INFO  impl.LeaderElection (LeaderElection.java:logAndReturn(56)) - 12ad0800-05cb-443c-9fdd-fa1debf04523@group-BCB82A5C07F5-LeaderElection1271: Election REJECTED; received 1 response(s) [12ad0800-05cb-443c-9fdd-fa1debf04523<-5170c5f3-8499-4b42-9321-85fc8a351f79#0:FAIL-t218] and 1 exception(s); 12ad0800-05cb-443c-9fdd-fa1debf04523@group-BCB82A5C07F5:t218, leader=null, voted=12ad0800-05cb-443c-9fdd-fa1debf04523, raftlog=12ad0800-05cb-443c-9fdd-fa1debf04523@group-BCB82A5C07F5-SegmentedRaftLog:OPENED:c-1,f-1,i0, conf=-1: [12ad0800-05cb-443c-9fdd-fa1debf04523:192.168.34.25:41155, 5170c5f3-8499-4b42-9321-85fc8a351f79:192.168.34.25:43074, 0b10a9fc-47eb-4a2b-b664-8273d9d17379:192.168.34.25:45248], old=null
2019-10-18 07:24:18,082 [12ad0800-05cb-443c-9fdd-fa1debf04523@group-BCB82A5C07F5-LeaderElection1271] INFO  impl.LeaderElection (LogUtils.java:infoOrTrace(149)) -   Exception 0: {}
java.util.concurrent.ExecutionException: org.apache.ratis.thirdparty.io.grpc.StatusRuntimeException: UNAVAILABLE: io exception
	at java.util.concurrent.FutureTask.report(FutureTask.java:122)
	at java.util.concurrent.FutureTask.get(FutureTask.java:192)
	at org.apache.ratis.server.impl.LeaderElection.waitForResults(LeaderElection.java:259)
	at org.apache.ratis.server.impl.LeaderElection.askForVotes(LeaderElection.java:197)
	at org.apache.ratis.server.impl.LeaderElection.run(LeaderElection.java:133)
	at java.lang.Thread.run(Thread.java:748)
Caused by: org.apache.ratis.thirdparty.io.grpc.StatusRuntimeException: UNAVAILABLE: io exception
	at org.apache.ratis.thirdparty.io.grpc.stub.ClientCalls.toStatusRuntimeException(ClientCalls.java:233)
	at org.apache.ratis.thirdparty.io.grpc.stub.ClientCalls.getUnchecked(ClientCalls.java:214)
	at org.apache.ratis.thirdparty.io.grpc.stub.ClientCalls.blockingUnaryCall(ClientCalls.java:139)
	at org.apache.ratis.proto.grpc.RaftServerProtocolServiceGrpc$RaftServerProtocolServiceBlockingStub.requestVote(RaftServerProtocolServiceGrpc.java:265)
	at org.apache.ratis.grpc.server.GrpcServerProtocolClient.requestVote(GrpcServerProtocolClient.java:99)
	at org.apache.ratis.grpc.server.GrpcService.requestVote(GrpcService.java:204)
	at org.apache.ratis.server.impl.LeaderElection.lambda$submitRequests$1(LeaderElection.java:234)
	at java.util.concurrent.FutureTask.run(FutureTask.java:266)
	at java.util.concurrent.Executors$RunnableAdapter.call(Executors.java:511)
	at java.util.concurrent.FutureTask.run(FutureTask.java:266)
	at java.util.concurrent.ThreadPoolExecutor.runWorker(ThreadPoolExecutor.java:1149)
	at java.util.concurrent.ThreadPoolExecutor$Worker.run(ThreadPoolExecutor.java:624)
	... 1 more
Caused by: org.apache.ratis.thirdparty.io.netty.channel.AbstractChannel$AnnotatedConnectException: Connection refused: /192.168.34.25:45248
	at sun.nio.ch.SocketChannelImpl.checkConnect(Native Method)
	at sun.nio.ch.SocketChannelImpl.finishConnect(SocketChannelImpl.java:717)
	at org.apache.ratis.thirdparty.io.netty.channel.socket.nio.NioSocketChannel.doFinishConnect(NioSocketChannel.java:327)
	at org.apache.ratis.thirdparty.io.netty.channel.nio.AbstractNioChannel$AbstractNioUnsafe.finishConnect(AbstractNioChannel.java:340)
	at org.apache.ratis.thirdparty.io.netty.channel.nio.NioEventLoop.processSelectedKey(NioEventLoop.java:632)
	at org.apache.ratis.thirdparty.io.netty.channel.nio.NioEventLoop.processSelectedKeysOptimized(NioEventLoop.java:579)
	at org.apache.ratis.thirdparty.io.netty.channel.nio.NioEventLoop.processSelectedKeys(NioEventLoop.java:496)
	at org.apache.ratis.thirdparty.io.netty.channel.nio.NioEventLoop.run(NioEventLoop.java:458)
	at org.apache.ratis.thirdparty.io.netty.util.concurrent.SingleThreadEventExecutor$5.run(SingleThreadEventExecutor.java:897)
	at org.apache.ratis.thirdparty.io.netty.util.concurrent.FastThreadLocalRunnable.run(FastThreadLocalRunnable.java:30)
	... 1 more
Caused by: java.net.ConnectException: Connection refused
	... 11 more
2019-10-18 07:24:18,082 [12ad0800-05cb-443c-9fdd-fa1debf04523@group-BCB82A5C07F5-LeaderElection1271] INFO  impl.RaftServerImpl (RaftServerImpl.java:setRole(184)) - 12ad0800-05cb-443c-9fdd-fa1debf04523@group-BCB82A5C07F5: changes role from CANDIDATE to FOLLOWER at term 218 for DISCOVERED_A_NEW_TERM
2019-10-18 07:24:18,082 [12ad0800-05cb-443c-9fdd-fa1debf04523@group-BCB82A5C07F5-LeaderElection1271] INFO  impl.RoleInfo (RoleInfo.java:shutdownLeaderElection(134)) - 12ad0800-05cb-443c-9fdd-fa1debf04523: shutdown LeaderElection
2019-10-18 07:24:18,082 [12ad0800-05cb-443c-9fdd-fa1debf04523@group-BCB82A5C07F5-LeaderElection1271] INFO  impl.RoleInfo (RoleInfo.java:updateAndGet(143)) - 12ad0800-05cb-443c-9fdd-fa1debf04523: start FollowerState
2019-10-18 07:24:18,111 [Thread-10965] INFO  impl.FollowerState (FollowerState.java:run(108)) - 12ad0800-05cb-443c-9fdd-fa1debf04523@group-BCB82A5C07F5-FollowerState: change to CANDIDATE, lastRpcTime:28ms, electionTimeout:28ms
2019-10-18 07:24:18,111 [Thread-10965] INFO  impl.RoleInfo (RoleInfo.java:shutdownFollowerState(121)) - 12ad0800-05cb-443c-9fdd-fa1debf04523: shutdown FollowerState
2019-10-18 07:24:18,111 [Thread-10965] INFO  impl.RaftServerImpl (RaftServerImpl.java:setRole(184)) - 12ad0800-05cb-443c-9fdd-fa1debf04523@group-BCB82A5C07F5: changes role from  FOLLOWER to CANDIDATE at term 218 for changeToCandidate
2019-10-18 07:24:18,111 [Thread-10965] INFO  impl.RoleInfo (RoleInfo.java:updateAndGet(143)) - 12ad0800-05cb-443c-9fdd-fa1debf04523: start LeaderElection
2019-10-18 07:24:18,140 [12ad0800-05cb-443c-9fdd-fa1debf04523@group-BCB82A5C07F5-LeaderElection1273] INFO  impl.LeaderElection (LeaderElection.java:askForVotes(178)) - 12ad0800-05cb-443c-9fdd-fa1debf04523@group-BCB82A5C07F5-LeaderElection1273: begin an election at term 219 for -1: [12ad0800-05cb-443c-9fdd-fa1debf04523:192.168.34.25:41155, 5170c5f3-8499-4b42-9321-85fc8a351f79:192.168.34.25:43074, 0b10a9fc-47eb-4a2b-b664-8273d9d17379:192.168.34.25:45248], old=null
2019-10-18 07:24:18,141 [12ad0800-05cb-443c-9fdd-fa1debf04523@group-BCB82A5C07F5-LeaderElection1273] INFO  impl.LeaderElection (LogUtils.java:infoOrTrace(149)) - 12ad0800-05cb-443c-9fdd-fa1debf04523@group-BCB82A5C07F5-LeaderElection1273 got exception when requesting votes: {}
java.util.concurrent.ExecutionException: org.apache.ratis.thirdparty.io.grpc.StatusRuntimeException: UNAVAILABLE: io exception
	at java.util.concurrent.FutureTask.report(FutureTask.java:122)
	at java.util.concurrent.FutureTask.get(FutureTask.java:192)
	at org.apache.ratis.server.impl.LeaderElection.waitForResults(LeaderElection.java:259)
	at org.apache.ratis.server.impl.LeaderElection.askForVotes(LeaderElection.java:197)
	at org.apache.ratis.server.impl.LeaderElection.run(LeaderElection.java:133)
	at java.lang.Thread.run(Thread.java:748)
Caused by: org.apache.ratis.thirdparty.io.grpc.StatusRuntimeException: UNAVAILABLE: io exception
	at org.apache.ratis.thirdparty.io.grpc.stub.ClientCalls.toStatusRuntimeException(ClientCalls.java:233)
	at org.apache.ratis.thirdparty.io.grpc.stub.ClientCalls.getUnchecked(ClientCalls.java:214)
	at org.apache.ratis.thirdparty.io.grpc.stub.ClientCalls.blockingUnaryCall(ClientCalls.java:139)
	at org.apache.ratis.proto.grpc.RaftServerProtocolServiceGrpc$RaftServerProtocolServiceBlockingStub.requestVote(RaftServerProtocolServiceGrpc.java:265)
	at org.apache.ratis.grpc.server.GrpcServerProtocolClient.requestVote(GrpcServerProtocolClient.java:99)
	at org.apache.ratis.grpc.server.GrpcService.requestVote(GrpcService.java:204)
	at org.apache.ratis.server.impl.LeaderElection.lambda$submitRequests$1(LeaderElection.java:234)
	at java.util.concurrent.FutureTask.run(FutureTask.java:266)
	at java.util.concurrent.Executors$RunnableAdapter.call(Executors.java:511)
	at java.util.concurrent.FutureTask.run(FutureTask.java:266)
	at java.util.concurrent.ThreadPoolExecutor.runWorker(ThreadPoolExecutor.java:1149)
	at java.util.concurrent.ThreadPoolExecutor$Worker.run(ThreadPoolExecutor.java:624)
	... 1 more
Caused by: org.apache.ratis.thirdparty.io.netty.channel.AbstractChannel$AnnotatedConnectException: Connection refused: /192.168.34.25:45248
	at sun.nio.ch.SocketChannelImpl.checkConnect(Native Method)
	at sun.nio.ch.SocketChannelImpl.finishConnect(SocketChannelImpl.java:717)
	at org.apache.ratis.thirdparty.io.netty.channel.socket.nio.NioSocketChannel.doFinishConnect(NioSocketChannel.java:327)
	at org.apache.ratis.thirdparty.io.netty.channel.nio.AbstractNioChannel$AbstractNioUnsafe.finishConnect(AbstractNioChannel.java:340)
	at org.apache.ratis.thirdparty.io.netty.channel.nio.NioEventLoop.processSelectedKey(NioEventLoop.java:632)
	at org.apache.ratis.thirdparty.io.netty.channel.nio.NioEventLoop.processSelectedKeysOptimized(NioEventLoop.java:579)
	at org.apache.ratis.thirdparty.io.netty.channel.nio.NioEventLoop.processSelectedKeys(NioEventLoop.java:496)
	at org.apache.ratis.thirdparty.io.netty.channel.nio.NioEventLoop.run(NioEventLoop.java:458)
	at org.apache.ratis.thirdparty.io.netty.util.concurrent.SingleThreadEventExecutor$5.run(SingleThreadEventExecutor.java:897)
	at org.apache.ratis.thirdparty.io.netty.util.concurrent.FastThreadLocalRunnable.run(FastThreadLocalRunnable.java:30)
	... 1 more
Caused by: java.net.ConnectException: Connection refused
	... 11 more
2019-10-18 07:24:18,141 [grpc-default-executor-4] INFO  impl.RaftServerImpl (RaftServerImpl.java:setRole(184)) - 5170c5f3-8499-4b42-9321-85fc8a351f79@group-BCB82A5C07F5: changes role from  FOLLOWER to FOLLOWER at term 219 for recognizeCandidate:12ad0800-05cb-443c-9fdd-fa1debf04523
2019-10-18 07:24:18,142 [grpc-default-executor-4] INFO  impl.RoleInfo (RoleInfo.java:shutdownFollowerState(121)) - 5170c5f3-8499-4b42-9321-85fc8a351f79: shutdown FollowerState
2019-10-18 07:24:18,142 [grpc-default-executor-4] INFO  impl.RoleInfo (RoleInfo.java:updateAndGet(143)) - 5170c5f3-8499-4b42-9321-85fc8a351f79: start FollowerState
2019-10-18 07:24:18,142 [Thread-10964] INFO  impl.FollowerState (FollowerState.java:run(117)) - 5170c5f3-8499-4b42-9321-85fc8a351f79@group-BCB82A5C07F5-FollowerState was interrupted: java.lang.InterruptedException: sleep interrupted
2019-10-18 07:24:18,166 [12ad0800-05cb-443c-9fdd-fa1debf04523@group-BCB82A5C07F5-LeaderElection1273] INFO  impl.LeaderElection (LeaderElection.java:logAndReturn(56)) - 12ad0800-05cb-443c-9fdd-fa1debf04523@group-BCB82A5C07F5-LeaderElection1273: Election REJECTED; received 1 response(s) [12ad0800-05cb-443c-9fdd-fa1debf04523<-5170c5f3-8499-4b42-9321-85fc8a351f79#0:FAIL-t219] and 1 exception(s); 12ad0800-05cb-443c-9fdd-fa1debf04523@group-BCB82A5C07F5:t219, leader=null, voted=12ad0800-05cb-443c-9fdd-fa1debf04523, raftlog=12ad0800-05cb-443c-9fdd-fa1debf04523@group-BCB82A5C07F5-SegmentedRaftLog:OPENED:c-1,f-1,i0, conf=-1: [12ad0800-05cb-443c-9fdd-fa1debf04523:192.168.34.25:41155, 5170c5f3-8499-4b42-9321-85fc8a351f79:192.168.34.25:43074, 0b10a9fc-47eb-4a2b-b664-8273d9d17379:192.168.34.25:45248], old=null
2019-10-18 07:24:18,166 [12ad0800-05cb-443c-9fdd-fa1debf04523@group-BCB82A5C07F5-LeaderElection1273] INFO  impl.LeaderElection (LogUtils.java:infoOrTrace(149)) -   Exception 0: {}
java.util.concurrent.ExecutionException: org.apache.ratis.thirdparty.io.grpc.StatusRuntimeException: UNAVAILABLE: io exception
	at java.util.concurrent.FutureTask.report(FutureTask.java:122)
	at java.util.concurrent.FutureTask.get(FutureTask.java:192)
	at org.apache.ratis.server.impl.LeaderElection.waitForResults(LeaderElection.java:259)
	at org.apache.ratis.server.impl.LeaderElection.askForVotes(LeaderElection.java:197)
	at org.apache.ratis.server.impl.LeaderElection.run(LeaderElection.java:133)
	at java.lang.Thread.run(Thread.java:748)
Caused by: org.apache.ratis.thirdparty.io.grpc.StatusRuntimeException: UNAVAILABLE: io exception
	at org.apache.ratis.thirdparty.io.grpc.stub.ClientCalls.toStatusRuntimeException(ClientCalls.java:233)
	at org.apache.ratis.thirdparty.io.grpc.stub.ClientCalls.getUnchecked(ClientCalls.java:214)
	at org.apache.ratis.thirdparty.io.grpc.stub.ClientCalls.blockingUnaryCall(ClientCalls.java:139)
	at org.apache.ratis.proto.grpc.RaftServerProtocolServiceGrpc$RaftServerProtocolServiceBlockingStub.requestVote(RaftServerProtocolServiceGrpc.java:265)
	at org.apache.ratis.grpc.server.GrpcServerProtocolClient.requestVote(GrpcServerProtocolClient.java:99)
	at org.apache.ratis.grpc.server.GrpcService.requestVote(GrpcService.java:204)
	at org.apache.ratis.server.impl.LeaderElection.lambda$submitRequests$1(LeaderElection.java:234)
	at java.util.concurrent.FutureTask.run(FutureTask.java:266)
	at java.util.concurrent.Executors$RunnableAdapter.call(Executors.java:511)
	at java.util.concurrent.FutureTask.run(FutureTask.java:266)
	at java.util.concurrent.ThreadPoolExecutor.runWorker(ThreadPoolExecutor.java:1149)
	at java.util.concurrent.ThreadPoolExecutor$Worker.run(ThreadPoolExecutor.java:624)
	... 1 more
Caused by: org.apache.ratis.thirdparty.io.netty.channel.AbstractChannel$AnnotatedConnectException: Connection refused: /192.168.34.25:45248
	at sun.nio.ch.SocketChannelImpl.checkConnect(Native Method)
	at sun.nio.ch.SocketChannelImpl.finishConnect(SocketChannelImpl.java:717)
	at org.apache.ratis.thirdparty.io.netty.channel.socket.nio.NioSocketChannel.doFinishConnect(NioSocketChannel.java:327)
	at org.apache.ratis.thirdparty.io.netty.channel.nio.AbstractNioChannel$AbstractNioUnsafe.finishConnect(AbstractNioChannel.java:340)
	at org.apache.ratis.thirdparty.io.netty.channel.nio.NioEventLoop.processSelectedKey(NioEventLoop.java:632)
	at org.apache.ratis.thirdparty.io.netty.channel.nio.NioEventLoop.processSelectedKeysOptimized(NioEventLoop.java:579)
	at org.apache.ratis.thirdparty.io.netty.channel.nio.NioEventLoop.processSelectedKeys(NioEventLoop.java:496)
	at org.apache.ratis.thirdparty.io.netty.channel.nio.NioEventLoop.run(NioEventLoop.java:458)
	at org.apache.ratis.thirdparty.io.netty.util.concurrent.SingleThreadEventExecutor$5.run(SingleThreadEventExecutor.java:897)
	at org.apache.ratis.thirdparty.io.netty.util.concurrent.FastThreadLocalRunnable.run(FastThreadLocalRunnable.java:30)
	... 1 more
Caused by: java.net.ConnectException: Connection refused
	... 11 more
2019-10-18 07:24:18,166 [12ad0800-05cb-443c-9fdd-fa1debf04523@group-BCB82A5C07F5-LeaderElection1273] INFO  impl.RaftServerImpl (RaftServerImpl.java:setRole(184)) - 12ad0800-05cb-443c-9fdd-fa1debf04523@group-BCB82A5C07F5: changes role from CANDIDATE to FOLLOWER at term 219 for DISCOVERED_A_NEW_TERM
2019-10-18 07:24:18,166 [12ad0800-05cb-443c-9fdd-fa1debf04523@group-BCB82A5C07F5-LeaderElection1273] INFO  impl.RoleInfo (RoleInfo.java:shutdownLeaderElection(134)) - 12ad0800-05cb-443c-9fdd-fa1debf04523: shutdown LeaderElection
2019-10-18 07:24:18,167 [12ad0800-05cb-443c-9fdd-fa1debf04523@group-BCB82A5C07F5-LeaderElection1273] INFO  impl.RoleInfo (RoleInfo.java:updateAndGet(143)) - 12ad0800-05cb-443c-9fdd-fa1debf04523: start FollowerState
2019-10-18 07:24:18,190 [Thread-10970] INFO  impl.FollowerState (FollowerState.java:run(108)) - 12ad0800-05cb-443c-9fdd-fa1debf04523@group-BCB82A5C07F5-FollowerState: change to CANDIDATE, lastRpcTime:23ms, electionTimeout:23ms
2019-10-18 07:24:18,190 [Thread-10970] INFO  impl.RoleInfo (RoleInfo.java:shutdownFollowerState(121)) - 12ad0800-05cb-443c-9fdd-fa1debf04523: shutdown FollowerState
2019-10-18 07:24:18,190 [Thread-10970] INFO  impl.RaftServerImpl (RaftServerImpl.java:setRole(184)) - 12ad0800-05cb-443c-9fdd-fa1debf04523@group-BCB82A5C07F5: changes role from  FOLLOWER to CANDIDATE at term 219 for changeToCandidate
2019-10-18 07:24:18,190 [Thread-10970] INFO  impl.RoleInfo (RoleInfo.java:updateAndGet(143)) - 12ad0800-05cb-443c-9fdd-fa1debf04523: start LeaderElection
2019-10-18 07:24:18,216 [12ad0800-05cb-443c-9fdd-fa1debf04523@group-BCB82A5C07F5-LeaderElection1274] INFO  impl.LeaderElection (LeaderElection.java:askForVotes(178)) - 12ad0800-05cb-443c-9fdd-fa1debf04523@group-BCB82A5C07F5-LeaderElection1274: begin an election at term 220 for -1: [12ad0800-05cb-443c-9fdd-fa1debf04523:192.168.34.25:41155, 5170c5f3-8499-4b42-9321-85fc8a351f79:192.168.34.25:43074, 0b10a9fc-47eb-4a2b-b664-8273d9d17379:192.168.34.25:45248], old=null
2019-10-18 07:24:18,217 [12ad0800-05cb-443c-9fdd-fa1debf04523@group-BCB82A5C07F5-LeaderElection1274] INFO  impl.LeaderElection (LogUtils.java:infoOrTrace(149)) - 12ad0800-05cb-443c-9fdd-fa1debf04523@group-BCB82A5C07F5-LeaderElection1274 got exception when requesting votes: {}
java.util.concurrent.ExecutionException: org.apache.ratis.thirdparty.io.grpc.StatusRuntimeException: UNAVAILABLE: io exception
	at java.util.concurrent.FutureTask.report(FutureTask.java:122)
	at java.util.concurrent.FutureTask.get(FutureTask.java:192)
	at org.apache.ratis.server.impl.LeaderElection.waitForResults(LeaderElection.java:259)
	at org.apache.ratis.server.impl.LeaderElection.askForVotes(LeaderElection.java:197)
	at org.apache.ratis.server.impl.LeaderElection.run(LeaderElection.java:133)
	at java.lang.Thread.run(Thread.java:748)
Caused by: org.apache.ratis.thirdparty.io.grpc.StatusRuntimeException: UNAVAILABLE: io exception
	at org.apache.ratis.thirdparty.io.grpc.stub.ClientCalls.toStatusRuntimeException(ClientCalls.java:233)
	at org.apache.ratis.thirdparty.io.grpc.stub.ClientCalls.getUnchecked(ClientCalls.java:214)
	at org.apache.ratis.thirdparty.io.grpc.stub.ClientCalls.blockingUnaryCall(ClientCalls.java:139)
	at org.apache.ratis.proto.grpc.RaftServerProtocolServiceGrpc$RaftServerProtocolServiceBlockingStub.requestVote(RaftServerProtocolServiceGrpc.java:265)
	at org.apache.ratis.grpc.server.GrpcServerProtocolClient.requestVote(GrpcServerProtocolClient.java:99)
	at org.apache.ratis.grpc.server.GrpcService.requestVote(GrpcService.java:204)
	at org.apache.ratis.server.impl.LeaderElection.lambda$submitRequests$1(LeaderElection.java:234)
	at java.util.concurrent.FutureTask.run(FutureTask.java:266)
	at java.util.concurrent.Executors$RunnableAdapter.call(Executors.java:511)
	at java.util.concurrent.FutureTask.run(FutureTask.java:266)
	at java.util.concurrent.ThreadPoolExecutor.runWorker(ThreadPoolExecutor.java:1149)
	at java.util.concurrent.ThreadPoolExecutor$Worker.run(ThreadPoolExecutor.java:624)
	... 1 more
Caused by: org.apache.ratis.thirdparty.io.netty.channel.AbstractChannel$AnnotatedConnectException: Connection refused: /192.168.34.25:45248
	at sun.nio.ch.SocketChannelImpl.checkConnect(Native Method)
	at sun.nio.ch.SocketChannelImpl.finishConnect(SocketChannelImpl.java:717)
	at org.apache.ratis.thirdparty.io.netty.channel.socket.nio.NioSocketChannel.doFinishConnect(NioSocketChannel.java:327)
	at org.apache.ratis.thirdparty.io.netty.channel.nio.AbstractNioChannel$AbstractNioUnsafe.finishConnect(AbstractNioChannel.java:340)
	at org.apache.ratis.thirdparty.io.netty.channel.nio.NioEventLoop.processSelectedKey(NioEventLoop.java:632)
	at org.apache.ratis.thirdparty.io.netty.channel.nio.NioEventLoop.processSelectedKeysOptimized(NioEventLoop.java:579)
	at org.apache.ratis.thirdparty.io.netty.channel.nio.NioEventLoop.processSelectedKeys(NioEventLoop.java:496)
	at org.apache.ratis.thirdparty.io.netty.channel.nio.NioEventLoop.run(NioEventLoop.java:458)
	at org.apache.ratis.thirdparty.io.netty.util.concurrent.SingleThreadEventExecutor$5.run(SingleThreadEventExecutor.java:897)
	at org.apache.ratis.thirdparty.io.netty.util.concurrent.FastThreadLocalRunnable.run(FastThreadLocalRunnable.java:30)
	... 1 more
Caused by: java.net.ConnectException: Connection refused
	... 11 more
2019-10-18 07:24:18,217 [grpc-default-executor-4] INFO  impl.RaftServerImpl (RaftServerImpl.java:setRole(184)) - 5170c5f3-8499-4b42-9321-85fc8a351f79@group-BCB82A5C07F5: changes role from  FOLLOWER to FOLLOWER at term 220 for recognizeCandidate:12ad0800-05cb-443c-9fdd-fa1debf04523
2019-10-18 07:24:18,217 [grpc-default-executor-4] INFO  impl.RoleInfo (RoleInfo.java:shutdownFollowerState(121)) - 5170c5f3-8499-4b42-9321-85fc8a351f79: shutdown FollowerState
2019-10-18 07:24:18,217 [grpc-default-executor-4] INFO  impl.RoleInfo (RoleInfo.java:updateAndGet(143)) - 5170c5f3-8499-4b42-9321-85fc8a351f79: start FollowerState
2019-10-18 07:24:18,218 [Thread-10969] INFO  impl.FollowerState (FollowerState.java:run(117)) - 5170c5f3-8499-4b42-9321-85fc8a351f79@group-BCB82A5C07F5-FollowerState was interrupted: java.lang.InterruptedException: sleep interrupted
2019-10-18 07:24:18,242 [12ad0800-05cb-443c-9fdd-fa1debf04523@group-BCB82A5C07F5-LeaderElection1274] INFO  impl.LeaderElection (LeaderElection.java:logAndReturn(56)) - 12ad0800-05cb-443c-9fdd-fa1debf04523@group-BCB82A5C07F5-LeaderElection1274: Election REJECTED; received 1 response(s) [12ad0800-05cb-443c-9fdd-fa1debf04523<-5170c5f3-8499-4b42-9321-85fc8a351f79#0:FAIL-t220] and 1 exception(s); 12ad0800-05cb-443c-9fdd-fa1debf04523@group-BCB82A5C07F5:t220, leader=null, voted=12ad0800-05cb-443c-9fdd-fa1debf04523, raftlog=12ad0800-05cb-443c-9fdd-fa1debf04523@group-BCB82A5C07F5-SegmentedRaftLog:OPENED:c-1,f-1,i0, conf=-1: [12ad0800-05cb-443c-9fdd-fa1debf04523:192.168.34.25:41155, 5170c5f3-8499-4b42-9321-85fc8a351f79:192.168.34.25:43074, 0b10a9fc-47eb-4a2b-b664-8273d9d17379:192.168.34.25:45248], old=null
2019-10-18 07:24:18,242 [12ad0800-05cb-443c-9fdd-fa1debf04523@group-BCB82A5C07F5-LeaderElection1274] INFO  impl.LeaderElection (LogUtils.java:infoOrTrace(149)) -   Exception 0: {}
java.util.concurrent.ExecutionException: org.apache.ratis.thirdparty.io.grpc.StatusRuntimeException: UNAVAILABLE: io exception
	at java.util.concurrent.FutureTask.report(FutureTask.java:122)
	at java.util.concurrent.FutureTask.get(FutureTask.java:192)
	at org.apache.ratis.server.impl.LeaderElection.waitForResults(LeaderElection.java:259)
	at org.apache.ratis.server.impl.LeaderElection.askForVotes(LeaderElection.java:197)
	at org.apache.ratis.server.impl.LeaderElection.run(LeaderElection.java:133)
	at java.lang.Thread.run(Thread.java:748)
Caused by: org.apache.ratis.thirdparty.io.grpc.StatusRuntimeException: UNAVAILABLE: io exception
	at org.apache.ratis.thirdparty.io.grpc.stub.ClientCalls.toStatusRuntimeException(ClientCalls.java:233)
	at org.apache.ratis.thirdparty.io.grpc.stub.ClientCalls.getUnchecked(ClientCalls.java:214)
	at org.apache.ratis.thirdparty.io.grpc.stub.ClientCalls.blockingUnaryCall(ClientCalls.java:139)
	at org.apache.ratis.proto.grpc.RaftServerProtocolServiceGrpc$RaftServerProtocolServiceBlockingStub.requestVote(RaftServerProtocolServiceGrpc.java:265)
	at org.apache.ratis.grpc.server.GrpcServerProtocolClient.requestVote(GrpcServerProtocolClient.java:99)
	at org.apache.ratis.grpc.server.GrpcService.requestVote(GrpcService.java:204)
	at org.apache.ratis.server.impl.LeaderElection.lambda$submitRequests$1(LeaderElection.java:234)
	at java.util.concurrent.FutureTask.run(FutureTask.java:266)
	at java.util.concurrent.Executors$RunnableAdapter.call(Executors.java:511)
	at java.util.concurrent.FutureTask.run(FutureTask.java:266)
	at java.util.concurrent.ThreadPoolExecutor.runWorker(ThreadPoolExecutor.java:1149)
	at java.util.concurrent.ThreadPoolExecutor$Worker.run(ThreadPoolExecutor.java:624)
	... 1 more
Caused by: org.apache.ratis.thirdparty.io.netty.channel.AbstractChannel$AnnotatedConnectException: Connection refused: /192.168.34.25:45248
	at sun.nio.ch.SocketChannelImpl.checkConnect(Native Method)
	at sun.nio.ch.SocketChannelImpl.finishConnect(SocketChannelImpl.java:717)
	at org.apache.ratis.thirdparty.io.netty.channel.socket.nio.NioSocketChannel.doFinishConnect(NioSocketChannel.java:327)
	at org.apache.ratis.thirdparty.io.netty.channel.nio.AbstractNioChannel$AbstractNioUnsafe.finishConnect(AbstractNioChannel.java:340)
	at org.apache.ratis.thirdparty.io.netty.channel.nio.NioEventLoop.processSelectedKey(NioEventLoop.java:632)
	at org.apache.ratis.thirdparty.io.netty.channel.nio.NioEventLoop.processSelectedKeysOptimized(NioEventLoop.java:579)
	at org.apache.ratis.thirdparty.io.netty.channel.nio.NioEventLoop.processSelectedKeys(NioEventLoop.java:496)
	at org.apache.ratis.thirdparty.io.netty.channel.nio.NioEventLoop.run(NioEventLoop.java:458)
	at org.apache.ratis.thirdparty.io.netty.util.concurrent.SingleThreadEventExecutor$5.run(SingleThreadEventExecutor.java:897)
	at org.apache.ratis.thirdparty.io.netty.util.concurrent.FastThreadLocalRunnable.run(FastThreadLocalRunnable.java:30)
	... 1 more
Caused by: java.net.ConnectException: Connection refused
	... 11 more
2019-10-18 07:24:18,242 [12ad0800-05cb-443c-9fdd-fa1debf04523@group-BCB82A5C07F5-LeaderElection1274] INFO  impl.RaftServerImpl (RaftServerImpl.java:setRole(184)) - 12ad0800-05cb-443c-9fdd-fa1debf04523@group-BCB82A5C07F5: changes role from CANDIDATE to FOLLOWER at term 220 for DISCOVERED_A_NEW_TERM
2019-10-18 07:24:18,242 [12ad0800-05cb-443c-9fdd-fa1debf04523@group-BCB82A5C07F5-LeaderElection1274] INFO  impl.RoleInfo (RoleInfo.java:shutdownLeaderElection(134)) - 12ad0800-05cb-443c-9fdd-fa1debf04523: shutdown LeaderElection
2019-10-18 07:24:18,242 [12ad0800-05cb-443c-9fdd-fa1debf04523@group-BCB82A5C07F5-LeaderElection1274] INFO  impl.RoleInfo (RoleInfo.java:updateAndGet(143)) - 12ad0800-05cb-443c-9fdd-fa1debf04523: start FollowerState
2019-10-18 07:24:18,262 [java.util.concurrent.ThreadPoolExecutor$Worker@1ddf09da[State = -1, empty queue]] WARN  server.GrpcLogAppender (GrpcLogAppender.java:timeoutAppendRequest(209)) - 030c2313-1c2c-4b42-81fb-cb58ee93f992@group-E193FE271C99->9712a796-5281-4f3e-ac85-61dedd90db73-GrpcLogAppender: appendEntries Timeout, request=030c2313-1c2c-4b42-81fb-cb58ee93f992->9712a796-5281-4f3e-ac85-61dedd90db73#63-t1, previous=(t:1, i:10), leaderCommit=10, initializing? false, entries: <empty>
2019-10-18 07:24:18,423 [Thread-10975] INFO  impl.FollowerState (FollowerState.java:run(108)) - 12ad0800-05cb-443c-9fdd-fa1debf04523@group-BCB82A5C07F5-FollowerState: change to CANDIDATE, lastRpcTime:180ms, electionTimeout:180ms
2019-10-18 07:24:18,423 [Thread-10975] INFO  impl.RoleInfo (RoleInfo.java:shutdownFollowerState(121)) - 12ad0800-05cb-443c-9fdd-fa1debf04523: shutdown FollowerState
2019-10-18 07:24:18,423 [Thread-10975] INFO  impl.RaftServerImpl (RaftServerImpl.java:setRole(184)) - 12ad0800-05cb-443c-9fdd-fa1debf04523@group-BCB82A5C07F5: changes role from  FOLLOWER to CANDIDATE at term 220 for changeToCandidate
2019-10-18 07:24:18,423 [Thread-10975] INFO  impl.RoleInfo (RoleInfo.java:updateAndGet(143)) - 12ad0800-05cb-443c-9fdd-fa1debf04523: start LeaderElection
2019-10-18 07:24:18,451 [12ad0800-05cb-443c-9fdd-fa1debf04523@group-BCB82A5C07F5-LeaderElection1275] INFO  impl.LeaderElection (LeaderElection.java:askForVotes(178)) - 12ad0800-05cb-443c-9fdd-fa1debf04523@group-BCB82A5C07F5-LeaderElection1275: begin an election at term 221 for -1: [12ad0800-05cb-443c-9fdd-fa1debf04523:192.168.34.25:41155, 5170c5f3-8499-4b42-9321-85fc8a351f79:192.168.34.25:43074, 0b10a9fc-47eb-4a2b-b664-8273d9d17379:192.168.34.25:45248], old=null
2019-10-18 07:24:18,452 [12ad0800-05cb-443c-9fdd-fa1debf04523@group-BCB82A5C07F5-LeaderElection1275] INFO  impl.LeaderElection (LeaderElection.java:logAndReturn(56)) - 12ad0800-05cb-443c-9fdd-fa1debf04523@group-BCB82A5C07F5-LeaderElection1275: Election TIMEOUT; received 0 response(s) [] and 0 exception(s); 12ad0800-05cb-443c-9fdd-fa1debf04523@group-BCB82A5C07F5:t221, leader=null, voted=12ad0800-05cb-443c-9fdd-fa1debf04523, raftlog=12ad0800-05cb-443c-9fdd-fa1debf04523@group-BCB82A5C07F5-SegmentedRaftLog:OPENED:c-1,f-1,i0, conf=-1: [12ad0800-05cb-443c-9fdd-fa1debf04523:192.168.34.25:41155, 5170c5f3-8499-4b42-9321-85fc8a351f79:192.168.34.25:43074, 0b10a9fc-47eb-4a2b-b664-8273d9d17379:192.168.34.25:45248], old=null
2019-10-18 07:24:18,453 [grpc-default-executor-4] INFO  impl.RaftServerImpl (RaftServerImpl.java:setRole(184)) - 5170c5f3-8499-4b42-9321-85fc8a351f79@group-BCB82A5C07F5: changes role from  FOLLOWER to FOLLOWER at term 221 for recognizeCandidate:12ad0800-05cb-443c-9fdd-fa1debf04523
2019-10-18 07:24:18,453 [grpc-default-executor-4] INFO  impl.RoleInfo (RoleInfo.java:shutdownFollowerState(121)) - 5170c5f3-8499-4b42-9321-85fc8a351f79: shutdown FollowerState
2019-10-18 07:24:18,453 [grpc-default-executor-4] INFO  impl.RoleInfo (RoleInfo.java:updateAndGet(143)) - 5170c5f3-8499-4b42-9321-85fc8a351f79: start FollowerState
2019-10-18 07:24:18,453 [Thread-10974] INFO  impl.FollowerState (FollowerState.java:run(117)) - 5170c5f3-8499-4b42-9321-85fc8a351f79@group-BCB82A5C07F5-FollowerState was interrupted: java.lang.InterruptedException: sleep interrupted
2019-10-18 07:24:18,476 [12ad0800-05cb-443c-9fdd-fa1debf04523@group-BCB82A5C07F5-LeaderElection1275] INFO  impl.LeaderElection (LeaderElection.java:askForVotes(178)) - 12ad0800-05cb-443c-9fdd-fa1debf04523@group-BCB82A5C07F5-LeaderElection1275: begin an election at term 222 for -1: [12ad0800-05cb-443c-9fdd-fa1debf04523:192.168.34.25:41155, 5170c5f3-8499-4b42-9321-85fc8a351f79:192.168.34.25:43074, 0b10a9fc-47eb-4a2b-b664-8273d9d17379:192.168.34.25:45248], old=null
2019-10-18 07:24:18,477 [12ad0800-05cb-443c-9fdd-fa1debf04523@group-BCB82A5C07F5-LeaderElection1275] INFO  impl.LeaderElection (LogUtils.java:infoOrTrace(149)) - 12ad0800-05cb-443c-9fdd-fa1debf04523@group-BCB82A5C07F5-LeaderElection1275 got exception when requesting votes: {}
java.util.concurrent.ExecutionException: org.apache.ratis.thirdparty.io.grpc.StatusRuntimeException: UNAVAILABLE: io exception
	at java.util.concurrent.FutureTask.report(FutureTask.java:122)
	at java.util.concurrent.FutureTask.get(FutureTask.java:192)
	at org.apache.ratis.server.impl.LeaderElection.waitForResults(LeaderElection.java:259)
	at org.apache.ratis.server.impl.LeaderElection.askForVotes(LeaderElection.java:197)
	at org.apache.ratis.server.impl.LeaderElection.run(LeaderElection.java:133)
	at java.lang.Thread.run(Thread.java:748)
Caused by: org.apache.ratis.thirdparty.io.grpc.StatusRuntimeException: UNAVAILABLE: io exception
	at org.apache.ratis.thirdparty.io.grpc.stub.ClientCalls.toStatusRuntimeException(ClientCalls.java:233)
	at org.apache.ratis.thirdparty.io.grpc.stub.ClientCalls.getUnchecked(ClientCalls.java:214)
	at org.apache.ratis.thirdparty.io.grpc.stub.ClientCalls.blockingUnaryCall(ClientCalls.java:139)
	at org.apache.ratis.proto.grpc.RaftServerProtocolServiceGrpc$RaftServerProtocolServiceBlockingStub.requestVote(RaftServerProtocolServiceGrpc.java:265)
	at org.apache.ratis.grpc.server.GrpcServerProtocolClient.requestVote(GrpcServerProtocolClient.java:99)
	at org.apache.ratis.grpc.server.GrpcService.requestVote(GrpcService.java:204)
	at org.apache.ratis.server.impl.LeaderElection.lambda$submitRequests$1(LeaderElection.java:234)
	at java.util.concurrent.FutureTask.run(FutureTask.java:266)
	at java.util.concurrent.Executors$RunnableAdapter.call(Executors.java:511)
	at java.util.concurrent.FutureTask.run(FutureTask.java:266)
	at java.util.concurrent.ThreadPoolExecutor.runWorker(ThreadPoolExecutor.java:1149)
	at java.util.concurrent.ThreadPoolExecutor$Worker.run(ThreadPoolExecutor.java:624)
	... 1 more
Caused by: org.apache.ratis.thirdparty.io.netty.channel.AbstractChannel$AnnotatedConnectException: Connection refused: /192.168.34.25:45248
	at sun.nio.ch.SocketChannelImpl.checkConnect(Native Method)
	at sun.nio.ch.SocketChannelImpl.finishConnect(SocketChannelImpl.java:717)
	at org.apache.ratis.thirdparty.io.netty.channel.socket.nio.NioSocketChannel.doFinishConnect(NioSocketChannel.java:327)
	at org.apache.ratis.thirdparty.io.netty.channel.nio.AbstractNioChannel$AbstractNioUnsafe.finishConnect(AbstractNioChannel.java:340)
	at org.apache.ratis.thirdparty.io.netty.channel.nio.NioEventLoop.processSelectedKey(NioEventLoop.java:632)
	at org.apache.ratis.thirdparty.io.netty.channel.nio.NioEventLoop.processSelectedKeysOptimized(NioEventLoop.java:579)
	at org.apache.ratis.thirdparty.io.netty.channel.nio.NioEventLoop.processSelectedKeys(NioEventLoop.java:496)
	at org.apache.ratis.thirdparty.io.netty.channel.nio.NioEventLoop.run(NioEventLoop.java:458)
	at org.apache.ratis.thirdparty.io.netty.util.concurrent.SingleThreadEventExecutor$5.run(SingleThreadEventExecutor.java:897)
	at org.apache.ratis.thirdparty.io.netty.util.concurrent.FastThreadLocalRunnable.run(FastThreadLocalRunnable.java:30)
	... 1 more
Caused by: java.net.ConnectException: Connection refused
	... 11 more
2019-10-18 07:24:18,478 [grpc-default-executor-4] INFO  impl.RaftServerImpl (RaftServerImpl.java:setRole(184)) - 5170c5f3-8499-4b42-9321-85fc8a351f79@group-BCB82A5C07F5: changes role from  FOLLOWER to FOLLOWER at term 222 for recognizeCandidate:12ad0800-05cb-443c-9fdd-fa1debf04523
2019-10-18 07:24:18,478 [grpc-default-executor-4] INFO  impl.RoleInfo (RoleInfo.java:shutdownFollowerState(121)) - 5170c5f3-8499-4b42-9321-85fc8a351f79: shutdown FollowerState
2019-10-18 07:24:18,479 [grpc-default-executor-4] INFO  impl.RoleInfo (RoleInfo.java:updateAndGet(143)) - 5170c5f3-8499-4b42-9321-85fc8a351f79: start FollowerState
2019-10-18 07:24:18,479 [Thread-10980] INFO  impl.FollowerState (FollowerState.java:run(117)) - 5170c5f3-8499-4b42-9321-85fc8a351f79@group-BCB82A5C07F5-FollowerState was interrupted: java.lang.InterruptedException: sleep interrupted
2019-10-18 07:24:18,502 [12ad0800-05cb-443c-9fdd-fa1debf04523@group-BCB82A5C07F5-LeaderElection1275] INFO  impl.LeaderElection (LeaderElection.java:logAndReturn(56)) - 12ad0800-05cb-443c-9fdd-fa1debf04523@group-BCB82A5C07F5-LeaderElection1275: Election REJECTED; received 1 response(s) [12ad0800-05cb-443c-9fdd-fa1debf04523<-5170c5f3-8499-4b42-9321-85fc8a351f79#0:FAIL-t222] and 1 exception(s); 12ad0800-05cb-443c-9fdd-fa1debf04523@group-BCB82A5C07F5:t222, leader=null, voted=12ad0800-05cb-443c-9fdd-fa1debf04523, raftlog=12ad0800-05cb-443c-9fdd-fa1debf04523@group-BCB82A5C07F5-SegmentedRaftLog:OPENED:c-1,f-1,i0, conf=-1: [12ad0800-05cb-443c-9fdd-fa1debf04523:192.168.34.25:41155, 5170c5f3-8499-4b42-9321-85fc8a351f79:192.168.34.25:43074, 0b10a9fc-47eb-4a2b-b664-8273d9d17379:192.168.34.25:45248], old=null
2019-10-18 07:24:18,502 [12ad0800-05cb-443c-9fdd-fa1debf04523@group-BCB82A5C07F5-LeaderElection1275] INFO  impl.LeaderElection (LogUtils.java:infoOrTrace(149)) -   Exception 0: {}
java.util.concurrent.ExecutionException: org.apache.ratis.thirdparty.io.grpc.StatusRuntimeException: UNAVAILABLE: io exception
	at java.util.concurrent.FutureTask.report(FutureTask.java:122)
	at java.util.concurrent.FutureTask.get(FutureTask.java:192)
	at org.apache.ratis.server.impl.LeaderElection.waitForResults(LeaderElection.java:259)
	at org.apache.ratis.server.impl.LeaderElection.askForVotes(LeaderElection.java:197)
	at org.apache.ratis.server.impl.LeaderElection.run(LeaderElection.java:133)
	at java.lang.Thread.run(Thread.java:748)
Caused by: org.apache.ratis.thirdparty.io.grpc.StatusRuntimeException: UNAVAILABLE: io exception
	at org.apache.ratis.thirdparty.io.grpc.stub.ClientCalls.toStatusRuntimeException(ClientCalls.java:233)
	at org.apache.ratis.thirdparty.io.grpc.stub.ClientCalls.getUnchecked(ClientCalls.java:214)
	at org.apache.ratis.thirdparty.io.grpc.stub.ClientCalls.blockingUnaryCall(ClientCalls.java:139)
	at org.apache.ratis.proto.grpc.RaftServerProtocolServiceGrpc$RaftServerProtocolServiceBlockingStub.requestVote(RaftServerProtocolServiceGrpc.java:265)
	at org.apache.ratis.grpc.server.GrpcServerProtocolClient.requestVote(GrpcServerProtocolClient.java:99)
	at org.apache.ratis.grpc.server.GrpcService.requestVote(GrpcService.java:204)
	at org.apache.ratis.server.impl.LeaderElection.lambda$submitRequests$1(LeaderElection.java:234)
	at java.util.concurrent.FutureTask.run(FutureTask.java:266)
	at java.util.concurrent.Executors$RunnableAdapter.call(Executors.java:511)
	at java.util.concurrent.FutureTask.run(FutureTask.java:266)
	at java.util.concurrent.ThreadPoolExecutor.runWorker(ThreadPoolExecutor.java:1149)
	at java.util.concurrent.ThreadPoolExecutor$Worker.run(ThreadPoolExecutor.java:624)
	... 1 more
Caused by: org.apache.ratis.thirdparty.io.netty.channel.AbstractChannel$AnnotatedConnectException: Connection refused: /192.168.34.25:45248
	at sun.nio.ch.SocketChannelImpl.checkConnect(Native Method)
	at sun.nio.ch.SocketChannelImpl.finishConnect(SocketChannelImpl.java:717)
	at org.apache.ratis.thirdparty.io.netty.channel.socket.nio.NioSocketChannel.doFinishConnect(NioSocketChannel.java:327)
	at org.apache.ratis.thirdparty.io.netty.channel.nio.AbstractNioChannel$AbstractNioUnsafe.finishConnect(AbstractNioChannel.java:340)
	at org.apache.ratis.thirdparty.io.netty.channel.nio.NioEventLoop.processSelectedKey(NioEventLoop.java:632)
	at org.apache.ratis.thirdparty.io.netty.channel.nio.NioEventLoop.processSelectedKeysOptimized(NioEventLoop.java:579)
	at org.apache.ratis.thirdparty.io.netty.channel.nio.NioEventLoop.processSelectedKeys(NioEventLoop.java:496)
	at org.apache.ratis.thirdparty.io.netty.channel.nio.NioEventLoop.run(NioEventLoop.java:458)
	at org.apache.ratis.thirdparty.io.netty.util.concurrent.SingleThreadEventExecutor$5.run(SingleThreadEventExecutor.java:897)
	at org.apache.ratis.thirdparty.io.netty.util.concurrent.FastThreadLocalRunnable.run(FastThreadLocalRunnable.java:30)
	... 1 more
Caused by: java.net.ConnectException: Connection refused
	... 11 more
2019-10-18 07:24:18,503 [12ad0800-05cb-443c-9fdd-fa1debf04523@group-BCB82A5C07F5-LeaderElection1275] INFO  impl.RaftServerImpl (RaftServerImpl.java:setRole(184)) - 12ad0800-05cb-443c-9fdd-fa1debf04523@group-BCB82A5C07F5: changes role from CANDIDATE to FOLLOWER at term 222 for DISCOVERED_A_NEW_TERM
2019-10-18 07:24:18,503 [12ad0800-05cb-443c-9fdd-fa1debf04523@group-BCB82A5C07F5-LeaderElection1275] INFO  impl.RoleInfo (RoleInfo.java:shutdownLeaderElection(134)) - 12ad0800-05cb-443c-9fdd-fa1debf04523: shutdown LeaderElection
2019-10-18 07:24:18,503 [12ad0800-05cb-443c-9fdd-fa1debf04523@group-BCB82A5C07F5-LeaderElection1275] INFO  impl.RoleInfo (RoleInfo.java:updateAndGet(143)) - 12ad0800-05cb-443c-9fdd-fa1debf04523: start FollowerState
2019-10-18 07:24:18,521 [Thread-10984] INFO  impl.FollowerState (FollowerState.java:run(108)) - 12ad0800-05cb-443c-9fdd-fa1debf04523@group-BCB82A5C07F5-FollowerState: change to CANDIDATE, lastRpcTime:18ms, electionTimeout:18ms
2019-10-18 07:24:18,521 [Thread-10984] INFO  impl.RoleInfo (RoleInfo.java:shutdownFollowerState(121)) - 12ad0800-05cb-443c-9fdd-fa1debf04523: shutdown FollowerState
2019-10-18 07:24:18,521 [Thread-10984] INFO  impl.RaftServerImpl (RaftServerImpl.java:setRole(184)) - 12ad0800-05cb-443c-9fdd-fa1debf04523@group-BCB82A5C07F5: changes role from  FOLLOWER to CANDIDATE at term 222 for changeToCandidate
2019-10-18 07:24:18,522 [Thread-10984] INFO  impl.RoleInfo (RoleInfo.java:updateAndGet(143)) - 12ad0800-05cb-443c-9fdd-fa1debf04523: start LeaderElection
2019-10-18 07:24:18,544 [12ad0800-05cb-443c-9fdd-fa1debf04523@group-BCB82A5C07F5-LeaderElection1276] INFO  impl.LeaderElection (LeaderElection.java:askForVotes(178)) - 12ad0800-05cb-443c-9fdd-fa1debf04523@group-BCB82A5C07F5-LeaderElection1276: begin an election at term 223 for -1: [12ad0800-05cb-443c-9fdd-fa1debf04523:192.168.34.25:41155, 5170c5f3-8499-4b42-9321-85fc8a351f79:192.168.34.25:43074, 0b10a9fc-47eb-4a2b-b664-8273d9d17379:192.168.34.25:45248], old=null
2019-10-18 07:24:18,545 [12ad0800-05cb-443c-9fdd-fa1debf04523@group-BCB82A5C07F5-LeaderElection1276] INFO  impl.LeaderElection (LogUtils.java:infoOrTrace(149)) - 12ad0800-05cb-443c-9fdd-fa1debf04523@group-BCB82A5C07F5-LeaderElection1276 got exception when requesting votes: {}
java.util.concurrent.ExecutionException: org.apache.ratis.thirdparty.io.grpc.StatusRuntimeException: UNAVAILABLE: io exception
	at java.util.concurrent.FutureTask.report(FutureTask.java:122)
	at java.util.concurrent.FutureTask.get(FutureTask.java:192)
	at org.apache.ratis.server.impl.LeaderElection.waitForResults(LeaderElection.java:259)
	at org.apache.ratis.server.impl.LeaderElection.askForVotes(LeaderElection.java:197)
	at org.apache.ratis.server.impl.LeaderElection.run(LeaderElection.java:133)
	at java.lang.Thread.run(Thread.java:748)
Caused by: org.apache.ratis.thirdparty.io.grpc.StatusRuntimeException: UNAVAILABLE: io exception
	at org.apache.ratis.thirdparty.io.grpc.stub.ClientCalls.toStatusRuntimeException(ClientCalls.java:233)
	at org.apache.ratis.thirdparty.io.grpc.stub.ClientCalls.getUnchecked(ClientCalls.java:214)
	at org.apache.ratis.thirdparty.io.grpc.stub.ClientCalls.blockingUnaryCall(ClientCalls.java:139)
	at org.apache.ratis.proto.grpc.RaftServerProtocolServiceGrpc$RaftServerProtocolServiceBlockingStub.requestVote(RaftServerProtocolServiceGrpc.java:265)
	at org.apache.ratis.grpc.server.GrpcServerProtocolClient.requestVote(GrpcServerProtocolClient.java:99)
	at org.apache.ratis.grpc.server.GrpcService.requestVote(GrpcService.java:204)
	at org.apache.ratis.server.impl.LeaderElection.lambda$submitRequests$1(LeaderElection.java:234)
	at java.util.concurrent.FutureTask.run(FutureTask.java:266)
	at java.util.concurrent.Executors$RunnableAdapter.call(Executors.java:511)
	at java.util.concurrent.FutureTask.run(FutureTask.java:266)
	at java.util.concurrent.ThreadPoolExecutor.runWorker(ThreadPoolExecutor.java:1149)
	at java.util.concurrent.ThreadPoolExecutor$Worker.run(ThreadPoolExecutor.java:624)
	... 1 more
Caused by: org.apache.ratis.thirdparty.io.netty.channel.AbstractChannel$AnnotatedConnectException: Connection refused: /192.168.34.25:45248
	at sun.nio.ch.SocketChannelImpl.checkConnect(Native Method)
	at sun.nio.ch.SocketChannelImpl.finishConnect(SocketChannelImpl.java:717)
	at org.apache.ratis.thirdparty.io.netty.channel.socket.nio.NioSocketChannel.doFinishConnect(NioSocketChannel.java:327)
	at org.apache.ratis.thirdparty.io.netty.channel.nio.AbstractNioChannel$AbstractNioUnsafe.finishConnect(AbstractNioChannel.java:340)
	at org.apache.ratis.thirdparty.io.netty.channel.nio.NioEventLoop.processSelectedKey(NioEventLoop.java:632)
	at org.apache.ratis.thirdparty.io.netty.channel.nio.NioEventLoop.processSelectedKeysOptimized(NioEventLoop.java:579)
	at org.apache.ratis.thirdparty.io.netty.channel.nio.NioEventLoop.processSelectedKeys(NioEventLoop.java:496)
	at org.apache.ratis.thirdparty.io.netty.channel.nio.NioEventLoop.run(NioEventLoop.java:458)
	at org.apache.ratis.thirdparty.io.netty.util.concurrent.SingleThreadEventExecutor$5.run(SingleThreadEventExecutor.java:897)
	at org.apache.ratis.thirdparty.io.netty.util.concurrent.FastThreadLocalRunnable.run(FastThreadLocalRunnable.java:30)
	... 1 more
Caused by: java.net.ConnectException: Connection refused
	... 11 more
2019-10-18 07:24:18,546 [grpc-default-executor-4] INFO  impl.RaftServerImpl (RaftServerImpl.java:setRole(184)) - 5170c5f3-8499-4b42-9321-85fc8a351f79@group-BCB82A5C07F5: changes role from  FOLLOWER to FOLLOWER at term 223 for recognizeCandidate:12ad0800-05cb-443c-9fdd-fa1debf04523
2019-10-18 07:24:18,546 [grpc-default-executor-4] INFO  impl.RoleInfo (RoleInfo.java:shutdownFollowerState(121)) - 5170c5f3-8499-4b42-9321-85fc8a351f79: shutdown FollowerState
2019-10-18 07:24:18,546 [grpc-default-executor-4] INFO  impl.RoleInfo (RoleInfo.java:updateAndGet(143)) - 5170c5f3-8499-4b42-9321-85fc8a351f79: start FollowerState
2019-10-18 07:24:18,546 [Thread-10983] INFO  impl.FollowerState (FollowerState.java:run(117)) - 5170c5f3-8499-4b42-9321-85fc8a351f79@group-BCB82A5C07F5-FollowerState was interrupted: java.lang.InterruptedException: sleep interrupted
2019-10-18 07:24:18,565 [12ad0800-05cb-443c-9fdd-fa1debf04523@group-BCB82A5C07F5-LeaderElection1276] INFO  impl.LeaderElection (LeaderElection.java:logAndReturn(56)) - 12ad0800-05cb-443c-9fdd-fa1debf04523@group-BCB82A5C07F5-LeaderElection1276: Election TIMEOUT; received 0 response(s) [] and 1 exception(s); 12ad0800-05cb-443c-9fdd-fa1debf04523@group-BCB82A5C07F5:t223, leader=null, voted=12ad0800-05cb-443c-9fdd-fa1debf04523, raftlog=12ad0800-05cb-443c-9fdd-fa1debf04523@group-BCB82A5C07F5-SegmentedRaftLog:OPENED:c-1,f-1,i0, conf=-1: [12ad0800-05cb-443c-9fdd-fa1debf04523:192.168.34.25:41155, 5170c5f3-8499-4b42-9321-85fc8a351f79:192.168.34.25:43074, 0b10a9fc-47eb-4a2b-b664-8273d9d17379:192.168.34.25:45248], old=null
2019-10-18 07:24:18,566 [12ad0800-05cb-443c-9fdd-fa1debf04523@group-BCB82A5C07F5-LeaderElection1276] INFO  impl.LeaderElection (LogUtils.java:infoOrTrace(149)) -   Exception 0: {}
java.util.concurrent.ExecutionException: org.apache.ratis.thirdparty.io.grpc.StatusRuntimeException: UNAVAILABLE: io exception
	at java.util.concurrent.FutureTask.report(FutureTask.java:122)
	at java.util.concurrent.FutureTask.get(FutureTask.java:192)
	at org.apache.ratis.server.impl.LeaderElection.waitForResults(LeaderElection.java:259)
	at org.apache.ratis.server.impl.LeaderElection.askForVotes(LeaderElection.java:197)
	at org.apache.ratis.server.impl.LeaderElection.run(LeaderElection.java:133)
	at java.lang.Thread.run(Thread.java:748)
Caused by: org.apache.ratis.thirdparty.io.grpc.StatusRuntimeException: UNAVAILABLE: io exception
	at org.apache.ratis.thirdparty.io.grpc.stub.ClientCalls.toStatusRuntimeException(ClientCalls.java:233)
	at org.apache.ratis.thirdparty.io.grpc.stub.ClientCalls.getUnchecked(ClientCalls.java:214)
	at org.apache.ratis.thirdparty.io.grpc.stub.ClientCalls.blockingUnaryCall(ClientCalls.java:139)
	at org.apache.ratis.proto.grpc.RaftServerProtocolServiceGrpc$RaftServerProtocolServiceBlockingStub.requestVote(RaftServerProtocolServiceGrpc.java:265)
	at org.apache.ratis.grpc.server.GrpcServerProtocolClient.requestVote(GrpcServerProtocolClient.java:99)
	at org.apache.ratis.grpc.server.GrpcService.requestVote(GrpcService.java:204)
	at org.apache.ratis.server.impl.LeaderElection.lambda$submitRequests$1(LeaderElection.java:234)
	at java.util.concurrent.FutureTask.run(FutureTask.java:266)
	at java.util.concurrent.Executors$RunnableAdapter.call(Executors.java:511)
	at java.util.concurrent.FutureTask.run(FutureTask.java:266)
	at java.util.concurrent.ThreadPoolExecutor.runWorker(ThreadPoolExecutor.java:1149)
	at java.util.concurrent.ThreadPoolExecutor$Worker.run(ThreadPoolExecutor.java:624)
	... 1 more
Caused by: org.apache.ratis.thirdparty.io.netty.channel.AbstractChannel$AnnotatedConnectException: Connection refused: /192.168.34.25:45248
	at sun.nio.ch.SocketChannelImpl.checkConnect(Native Method)
	at sun.nio.ch.SocketChannelImpl.finishConnect(SocketChannelImpl.java:717)
	at org.apache.ratis.thirdparty.io.netty.channel.socket.nio.NioSocketChannel.doFinishConnect(NioSocketChannel.java:327)
	at org.apache.ratis.thirdparty.io.netty.channel.nio.AbstractNioChannel$AbstractNioUnsafe.finishConnect(AbstractNioChannel.java:340)
	at org.apache.ratis.thirdparty.io.netty.channel.nio.NioEventLoop.processSelectedKey(NioEventLoop.java:632)
	at org.apache.ratis.thirdparty.io.netty.channel.nio.NioEventLoop.processSelectedKeysOptimized(NioEventLoop.java:579)
	at org.apache.ratis.thirdparty.io.netty.channel.nio.NioEventLoop.processSelectedKeys(NioEventLoop.java:496)
	at org.apache.ratis.thirdparty.io.netty.channel.nio.NioEventLoop.run(NioEventLoop.java:458)
	at org.apache.ratis.thirdparty.io.netty.util.concurrent.SingleThreadEventExecutor$5.run(SingleThreadEventExecutor.java:897)
	at org.apache.ratis.thirdparty.io.netty.util.concurrent.FastThreadLocalRunnable.run(FastThreadLocalRunnable.java:30)
	... 1 more
Caused by: java.net.ConnectException: Connection refused
	... 11 more
2019-10-18 07:24:18,586 [12ad0800-05cb-443c-9fdd-fa1debf04523@group-BCB82A5C07F5-LeaderElection1276] INFO  impl.LeaderElection (LeaderElection.java:askForVotes(178)) - 12ad0800-05cb-443c-9fdd-fa1debf04523@group-BCB82A5C07F5-LeaderElection1276: begin an election at term 224 for -1: [12ad0800-05cb-443c-9fdd-fa1debf04523:192.168.34.25:41155, 5170c5f3-8499-4b42-9321-85fc8a351f79:192.168.34.25:43074, 0b10a9fc-47eb-4a2b-b664-8273d9d17379:192.168.34.25:45248], old=null
2019-10-18 07:24:18,587 [12ad0800-05cb-443c-9fdd-fa1debf04523@group-BCB82A5C07F5-LeaderElection1276] INFO  impl.LeaderElection (LogUtils.java:infoOrTrace(149)) - 12ad0800-05cb-443c-9fdd-fa1debf04523@group-BCB82A5C07F5-LeaderElection1276 got exception when requesting votes: {}
java.util.concurrent.ExecutionException: org.apache.ratis.thirdparty.io.grpc.StatusRuntimeException: UNAVAILABLE: io exception
	at java.util.concurrent.FutureTask.report(FutureTask.java:122)
	at java.util.concurrent.FutureTask.get(FutureTask.java:192)
	at org.apache.ratis.server.impl.LeaderElection.waitForResults(LeaderElection.java:259)
	at org.apache.ratis.server.impl.LeaderElection.askForVotes(LeaderElection.java:197)
	at org.apache.ratis.server.impl.LeaderElection.run(LeaderElection.java:133)
	at java.lang.Thread.run(Thread.java:748)
Caused by: org.apache.ratis.thirdparty.io.grpc.StatusRuntimeException: UNAVAILABLE: io exception
	at org.apache.ratis.thirdparty.io.grpc.stub.ClientCalls.toStatusRuntimeException(ClientCalls.java:233)
	at org.apache.ratis.thirdparty.io.grpc.stub.ClientCalls.getUnchecked(ClientCalls.java:214)
	at org.apache.ratis.thirdparty.io.grpc.stub.ClientCalls.blockingUnaryCall(ClientCalls.java:139)
	at org.apache.ratis.proto.grpc.RaftServerProtocolServiceGrpc$RaftServerProtocolServiceBlockingStub.requestVote(RaftServerProtocolServiceGrpc.java:265)
	at org.apache.ratis.grpc.server.GrpcServerProtocolClient.requestVote(GrpcServerProtocolClient.java:99)
	at org.apache.ratis.grpc.server.GrpcService.requestVote(GrpcService.java:204)
	at org.apache.ratis.server.impl.LeaderElection.lambda$submitRequests$1(LeaderElection.java:234)
	at java.util.concurrent.FutureTask.run(FutureTask.java:266)
	at java.util.concurrent.Executors$RunnableAdapter.call(Executors.java:511)
	at java.util.concurrent.FutureTask.run(FutureTask.java:266)
	at java.util.concurrent.ThreadPoolExecutor.runWorker(ThreadPoolExecutor.java:1149)
	at java.util.concurrent.ThreadPoolExecutor$Worker.run(ThreadPoolExecutor.java:624)
	... 1 more
Caused by: org.apache.ratis.thirdparty.io.netty.channel.AbstractChannel$AnnotatedConnectException: Connection refused: /192.168.34.25:45248
	at sun.nio.ch.SocketChannelImpl.checkConnect(Native Method)
	at sun.nio.ch.SocketChannelImpl.finishConnect(SocketChannelImpl.java:717)
	at org.apache.ratis.thirdparty.io.netty.channel.socket.nio.NioSocketChannel.doFinishConnect(NioSocketChannel.java:327)
	at org.apache.ratis.thirdparty.io.netty.channel.nio.AbstractNioChannel$AbstractNioUnsafe.finishConnect(AbstractNioChannel.java:340)
	at org.apache.ratis.thirdparty.io.netty.channel.nio.NioEventLoop.processSelectedKey(NioEventLoop.java:632)
	at org.apache.ratis.thirdparty.io.netty.channel.nio.NioEventLoop.processSelectedKeysOptimized(NioEventLoop.java:579)
	at org.apache.ratis.thirdparty.io.netty.channel.nio.NioEventLoop.processSelectedKeys(NioEventLoop.java:496)
	at org.apache.ratis.thirdparty.io.netty.channel.nio.NioEventLoop.run(NioEventLoop.java:458)
	at org.apache.ratis.thirdparty.io.netty.util.concurrent.SingleThreadEventExecutor$5.run(SingleThreadEventExecutor.java:897)
	at org.apache.ratis.thirdparty.io.netty.util.concurrent.FastThreadLocalRunnable.run(FastThreadLocalRunnable.java:30)
	... 1 more
Caused by: java.net.ConnectException: Connection refused
	... 11 more
2019-10-18 07:24:18,588 [grpc-default-executor-4] INFO  impl.RaftServerImpl (RaftServerImpl.java:setRole(184)) - 5170c5f3-8499-4b42-9321-85fc8a351f79@group-BCB82A5C07F5: changes role from  FOLLOWER to FOLLOWER at term 224 for recognizeCandidate:12ad0800-05cb-443c-9fdd-fa1debf04523
2019-10-18 07:24:18,588 [grpc-default-executor-4] INFO  impl.RoleInfo (RoleInfo.java:shutdownFollowerState(121)) - 5170c5f3-8499-4b42-9321-85fc8a351f79: shutdown FollowerState
2019-10-18 07:24:18,588 [grpc-default-executor-4] INFO  impl.RoleInfo (RoleInfo.java:updateAndGet(143)) - 5170c5f3-8499-4b42-9321-85fc8a351f79: start FollowerState
2019-10-18 07:24:18,588 [Thread-10988] INFO  impl.FollowerState (FollowerState.java:run(117)) - 5170c5f3-8499-4b42-9321-85fc8a351f79@group-BCB82A5C07F5-FollowerState was interrupted: java.lang.InterruptedException: sleep interrupted
2019-10-18 07:24:18,614 [12ad0800-05cb-443c-9fdd-fa1debf04523@group-BCB82A5C07F5-LeaderElection1276] INFO  impl.LeaderElection (LeaderElection.java:logAndReturn(56)) - 12ad0800-05cb-443c-9fdd-fa1debf04523@group-BCB82A5C07F5-LeaderElection1276: Election REJECTED; received 1 response(s) [12ad0800-05cb-443c-9fdd-fa1debf04523<-5170c5f3-8499-4b42-9321-85fc8a351f79#0:FAIL-t224] and 1 exception(s); 12ad0800-05cb-443c-9fdd-fa1debf04523@group-BCB82A5C07F5:t224, leader=null, voted=12ad0800-05cb-443c-9fdd-fa1debf04523, raftlog=12ad0800-05cb-443c-9fdd-fa1debf04523@group-BCB82A5C07F5-SegmentedRaftLog:OPENED:c-1,f-1,i0, conf=-1: [12ad0800-05cb-443c-9fdd-fa1debf04523:192.168.34.25:41155, 5170c5f3-8499-4b42-9321-85fc8a351f79:192.168.34.25:43074, 0b10a9fc-47eb-4a2b-b664-8273d9d17379:192.168.34.25:45248], old=null
2019-10-18 07:24:18,614 [12ad0800-05cb-443c-9fdd-fa1debf04523@group-BCB82A5C07F5-LeaderElection1276] INFO  impl.LeaderElection (LogUtils.java:infoOrTrace(149)) -   Exception 0: {}
java.util.concurrent.ExecutionException: org.apache.ratis.thirdparty.io.grpc.StatusRuntimeException: UNAVAILABLE: io exception
	at java.util.concurrent.FutureTask.report(FutureTask.java:122)
	at java.util.concurrent.FutureTask.get(FutureTask.java:192)
	at org.apache.ratis.server.impl.LeaderElection.waitForResults(LeaderElection.java:259)
	at org.apache.ratis.server.impl.LeaderElection.askForVotes(LeaderElection.java:197)
	at org.apache.ratis.server.impl.LeaderElection.run(LeaderElection.java:133)
	at java.lang.Thread.run(Thread.java:748)
Caused by: org.apache.ratis.thirdparty.io.grpc.StatusRuntimeException: UNAVAILABLE: io exception
	at org.apache.ratis.thirdparty.io.grpc.stub.ClientCalls.toStatusRuntimeException(ClientCalls.java:233)
	at org.apache.ratis.thirdparty.io.grpc.stub.ClientCalls.getUnchecked(ClientCalls.java:214)
	at org.apache.ratis.thirdparty.io.grpc.stub.ClientCalls.blockingUnaryCall(ClientCalls.java:139)
	at org.apache.ratis.proto.grpc.RaftServerProtocolServiceGrpc$RaftServerProtocolServiceBlockingStub.requestVote(RaftServerProtocolServiceGrpc.java:265)
	at org.apache.ratis.grpc.server.GrpcServerProtocolClient.requestVote(GrpcServerProtocolClient.java:99)
	at org.apache.ratis.grpc.server.GrpcService.requestVote(GrpcService.java:204)
	at org.apache.ratis.server.impl.LeaderElection.lambda$submitRequests$1(LeaderElection.java:234)
	at java.util.concurrent.FutureTask.run(FutureTask.java:266)
	at java.util.concurrent.Executors$RunnableAdapter.call(Executors.java:511)
	at java.util.concurrent.FutureTask.run(FutureTask.java:266)
	at java.util.concurrent.ThreadPoolExecutor.runWorker(ThreadPoolExecutor.java:1149)
	at java.util.concurrent.ThreadPoolExecutor$Worker.run(ThreadPoolExecutor.java:624)
	... 1 more
Caused by: org.apache.ratis.thirdparty.io.netty.channel.AbstractChannel$AnnotatedConnectException: Connection refused: /192.168.34.25:45248
	at sun.nio.ch.SocketChannelImpl.checkConnect(Native Method)
	at sun.nio.ch.SocketChannelImpl.finishConnect(SocketChannelImpl.java:717)
	at org.apache.ratis.thirdparty.io.netty.channel.socket.nio.NioSocketChannel.doFinishConnect(NioSocketChannel.java:327)
	at org.apache.ratis.thirdparty.io.netty.channel.nio.AbstractNioChannel$AbstractNioUnsafe.finishConnect(AbstractNioChannel.java:340)
	at org.apache.ratis.thirdparty.io.netty.channel.nio.NioEventLoop.processSelectedKey(NioEventLoop.java:632)
	at org.apache.ratis.thirdparty.io.netty.channel.nio.NioEventLoop.processSelectedKeysOptimized(NioEventLoop.java:579)
	at org.apache.ratis.thirdparty.io.netty.channel.nio.NioEventLoop.processSelectedKeys(NioEventLoop.java:496)
	at org.apache.ratis.thirdparty.io.netty.channel.nio.NioEventLoop.run(NioEventLoop.java:458)
	at org.apache.ratis.thirdparty.io.netty.util.concurrent.SingleThreadEventExecutor$5.run(SingleThreadEventExecutor.java:897)
	at org.apache.ratis.thirdparty.io.netty.util.concurrent.FastThreadLocalRunnable.run(FastThreadLocalRunnable.java:30)
	... 1 more
Caused by: java.net.ConnectException: Connection refused
	... 11 more
2019-10-18 07:24:18,615 [12ad0800-05cb-443c-9fdd-fa1debf04523@group-BCB82A5C07F5-LeaderElection1276] INFO  impl.RaftServerImpl (RaftServerImpl.java:setRole(184)) - 12ad0800-05cb-443c-9fdd-fa1debf04523@group-BCB82A5C07F5: changes role from CANDIDATE to FOLLOWER at term 224 for DISCOVERED_A_NEW_TERM
2019-10-18 07:24:18,615 [12ad0800-05cb-443c-9fdd-fa1debf04523@group-BCB82A5C07F5-LeaderElection1276] INFO  impl.RoleInfo (RoleInfo.java:shutdownLeaderElection(134)) - 12ad0800-05cb-443c-9fdd-fa1debf04523: shutdown LeaderElection
2019-10-18 07:24:18,615 [12ad0800-05cb-443c-9fdd-fa1debf04523@group-BCB82A5C07F5-LeaderElection1276] INFO  impl.RoleInfo (RoleInfo.java:updateAndGet(143)) - 12ad0800-05cb-443c-9fdd-fa1debf04523: start FollowerState
2019-10-18 07:24:18,627 [Thread-10992] INFO  impl.FollowerState (FollowerState.java:run(108)) - 12ad0800-05cb-443c-9fdd-fa1debf04523@group-BCB82A5C07F5-FollowerState: change to CANDIDATE, lastRpcTime:12ms, electionTimeout:12ms
2019-10-18 07:24:18,627 [Thread-10992] INFO  impl.RoleInfo (RoleInfo.java:shutdownFollowerState(121)) - 12ad0800-05cb-443c-9fdd-fa1debf04523: shutdown FollowerState
2019-10-18 07:24:18,627 [Thread-10992] INFO  impl.RaftServerImpl (RaftServerImpl.java:setRole(184)) - 12ad0800-05cb-443c-9fdd-fa1debf04523@group-BCB82A5C07F5: changes role from  FOLLOWER to CANDIDATE at term 224 for changeToCandidate
2019-10-18 07:24:18,627 [Thread-10992] INFO  impl.RoleInfo (RoleInfo.java:updateAndGet(143)) - 12ad0800-05cb-443c-9fdd-fa1debf04523: start LeaderElection
2019-10-18 07:24:18,654 [12ad0800-05cb-443c-9fdd-fa1debf04523@group-BCB82A5C07F5-LeaderElection1277] INFO  impl.LeaderElection (LeaderElection.java:askForVotes(178)) - 12ad0800-05cb-443c-9fdd-fa1debf04523@group-BCB82A5C07F5-LeaderElection1277: begin an election at term 225 for -1: [12ad0800-05cb-443c-9fdd-fa1debf04523:192.168.34.25:41155, 5170c5f3-8499-4b42-9321-85fc8a351f79:192.168.34.25:43074, 0b10a9fc-47eb-4a2b-b664-8273d9d17379:192.168.34.25:45248], old=null
2019-10-18 07:24:18,655 [12ad0800-05cb-443c-9fdd-fa1debf04523@group-BCB82A5C07F5-LeaderElection1277] INFO  impl.LeaderElection (LogUtils.java:infoOrTrace(149)) - 12ad0800-05cb-443c-9fdd-fa1debf04523@group-BCB82A5C07F5-LeaderElection1277 got exception when requesting votes: {}
java.util.concurrent.ExecutionException: org.apache.ratis.thirdparty.io.grpc.StatusRuntimeException: UNAVAILABLE: io exception
	at java.util.concurrent.FutureTask.report(FutureTask.java:122)
	at java.util.concurrent.FutureTask.get(FutureTask.java:192)
	at org.apache.ratis.server.impl.LeaderElection.waitForResults(LeaderElection.java:259)
	at org.apache.ratis.server.impl.LeaderElection.askForVotes(LeaderElection.java:197)
	at org.apache.ratis.server.impl.LeaderElection.run(LeaderElection.java:133)
	at java.lang.Thread.run(Thread.java:748)
Caused by: org.apache.ratis.thirdparty.io.grpc.StatusRuntimeException: UNAVAILABLE: io exception
	at org.apache.ratis.thirdparty.io.grpc.stub.ClientCalls.toStatusRuntimeException(ClientCalls.java:233)
	at org.apache.ratis.thirdparty.io.grpc.stub.ClientCalls.getUnchecked(ClientCalls.java:214)
	at org.apache.ratis.thirdparty.io.grpc.stub.ClientCalls.blockingUnaryCall(ClientCalls.java:139)
	at org.apache.ratis.proto.grpc.RaftServerProtocolServiceGrpc$RaftServerProtocolServiceBlockingStub.requestVote(RaftServerProtocolServiceGrpc.java:265)
	at org.apache.ratis.grpc.server.GrpcServerProtocolClient.requestVote(GrpcServerProtocolClient.java:99)
	at org.apache.ratis.grpc.server.GrpcService.requestVote(GrpcService.java:204)
	at org.apache.ratis.server.impl.LeaderElection.lambda$submitRequests$1(LeaderElection.java:234)
	at java.util.concurrent.FutureTask.run(FutureTask.java:266)
	at java.util.concurrent.Executors$RunnableAdapter.call(Executors.java:511)
	at java.util.concurrent.FutureTask.run(FutureTask.java:266)
	at java.util.concurrent.ThreadPoolExecutor.runWorker(ThreadPoolExecutor.java:1149)
	at java.util.concurrent.ThreadPoolExecutor$Worker.run(ThreadPoolExecutor.java:624)
	... 1 more
Caused by: org.apache.ratis.thirdparty.io.netty.channel.AbstractChannel$AnnotatedConnectException: Connection refused: /192.168.34.25:45248
	at sun.nio.ch.SocketChannelImpl.checkConnect(Native Method)
	at sun.nio.ch.SocketChannelImpl.finishConnect(SocketChannelImpl.java:717)
	at org.apache.ratis.thirdparty.io.netty.channel.socket.nio.NioSocketChannel.doFinishConnect(NioSocketChannel.java:327)
	at org.apache.ratis.thirdparty.io.netty.channel.nio.AbstractNioChannel$AbstractNioUnsafe.finishConnect(AbstractNioChannel.java:340)
	at org.apache.ratis.thirdparty.io.netty.channel.nio.NioEventLoop.processSelectedKey(NioEventLoop.java:632)
	at org.apache.ratis.thirdparty.io.netty.channel.nio.NioEventLoop.processSelectedKeysOptimized(NioEventLoop.java:579)
	at org.apache.ratis.thirdparty.io.netty.channel.nio.NioEventLoop.processSelectedKeys(NioEventLoop.java:496)
	at org.apache.ratis.thirdparty.io.netty.channel.nio.NioEventLoop.run(NioEventLoop.java:458)
	at org.apache.ratis.thirdparty.io.netty.util.concurrent.SingleThreadEventExecutor$5.run(SingleThreadEventExecutor.java:897)
	at org.apache.ratis.thirdparty.io.netty.util.concurrent.FastThreadLocalRunnable.run(FastThreadLocalRunnable.java:30)
	... 1 more
Caused by: java.net.ConnectException: Connection refused
	... 11 more
2019-10-18 07:24:18,655 [grpc-default-executor-4] INFO  impl.RaftServerImpl (RaftServerImpl.java:setRole(184)) - 5170c5f3-8499-4b42-9321-85fc8a351f79@group-BCB82A5C07F5: changes role from  FOLLOWER to FOLLOWER at term 225 for recognizeCandidate:12ad0800-05cb-443c-9fdd-fa1debf04523
2019-10-18 07:24:18,655 [grpc-default-executor-4] INFO  impl.RoleInfo (RoleInfo.java:shutdownFollowerState(121)) - 5170c5f3-8499-4b42-9321-85fc8a351f79: shutdown FollowerState
2019-10-18 07:24:18,655 [grpc-default-executor-4] INFO  impl.RoleInfo (RoleInfo.java:updateAndGet(143)) - 5170c5f3-8499-4b42-9321-85fc8a351f79: start FollowerState
2019-10-18 07:24:18,655 [Thread-10991] INFO  impl.FollowerState (FollowerState.java:run(117)) - 5170c5f3-8499-4b42-9321-85fc8a351f79@group-BCB82A5C07F5-FollowerState was interrupted: java.lang.InterruptedException: sleep interrupted
2019-10-18 07:24:18,679 [12ad0800-05cb-443c-9fdd-fa1debf04523@group-BCB82A5C07F5-LeaderElection1277] INFO  impl.LeaderElection (LeaderElection.java:logAndReturn(56)) - 12ad0800-05cb-443c-9fdd-fa1debf04523@group-BCB82A5C07F5-LeaderElection1277: Election REJECTED; received 1 response(s) [12ad0800-05cb-443c-9fdd-fa1debf04523<-5170c5f3-8499-4b42-9321-85fc8a351f79#0:FAIL-t225] and 1 exception(s); 12ad0800-05cb-443c-9fdd-fa1debf04523@group-BCB82A5C07F5:t225, leader=null, voted=12ad0800-05cb-443c-9fdd-fa1debf04523, raftlog=12ad0800-05cb-443c-9fdd-fa1debf04523@group-BCB82A5C07F5-SegmentedRaftLog:OPENED:c-1,f-1,i0, conf=-1: [12ad0800-05cb-443c-9fdd-fa1debf04523:192.168.34.25:41155, 5170c5f3-8499-4b42-9321-85fc8a351f79:192.168.34.25:43074, 0b10a9fc-47eb-4a2b-b664-8273d9d17379:192.168.34.25:45248], old=null
2019-10-18 07:24:18,679 [12ad0800-05cb-443c-9fdd-fa1debf04523@group-BCB82A5C07F5-LeaderElection1277] INFO  impl.LeaderElection (LogUtils.java:infoOrTrace(149)) -   Exception 0: {}
java.util.concurrent.ExecutionException: org.apache.ratis.thirdparty.io.grpc.StatusRuntimeException: UNAVAILABLE: io exception
	at java.util.concurrent.FutureTask.report(FutureTask.java:122)
	at java.util.concurrent.FutureTask.get(FutureTask.java:192)
	at org.apache.ratis.server.impl.LeaderElection.waitForResults(LeaderElection.java:259)
	at org.apache.ratis.server.impl.LeaderElection.askForVotes(LeaderElection.java:197)
	at org.apache.ratis.server.impl.LeaderElection.run(LeaderElection.java:133)
	at java.lang.Thread.run(Thread.java:748)
Caused by: org.apache.ratis.thirdparty.io.grpc.StatusRuntimeException: UNAVAILABLE: io exception
	at org.apache.ratis.thirdparty.io.grpc.stub.ClientCalls.toStatusRuntimeException(ClientCalls.java:233)
	at org.apache.ratis.thirdparty.io.grpc.stub.ClientCalls.getUnchecked(ClientCalls.java:214)
	at org.apache.ratis.thirdparty.io.grpc.stub.ClientCalls.blockingUnaryCall(ClientCalls.java:139)
	at org.apache.ratis.proto.grpc.RaftServerProtocolServiceGrpc$RaftServerProtocolServiceBlockingStub.requestVote(RaftServerProtocolServiceGrpc.java:265)
	at org.apache.ratis.grpc.server.GrpcServerProtocolClient.requestVote(GrpcServerProtocolClient.java:99)
	at org.apache.ratis.grpc.server.GrpcService.requestVote(GrpcService.java:204)
	at org.apache.ratis.server.impl.LeaderElection.lambda$submitRequests$1(LeaderElection.java:234)
	at java.util.concurrent.FutureTask.run(FutureTask.java:266)
	at java.util.concurrent.Executors$RunnableAdapter.call(Executors.java:511)
	at java.util.concurrent.FutureTask.run(FutureTask.java:266)
	at java.util.concurrent.ThreadPoolExecutor.runWorker(ThreadPoolExecutor.java:1149)
	at java.util.concurrent.ThreadPoolExecutor$Worker.run(ThreadPoolExecutor.java:624)
	... 1 more
Caused by: org.apache.ratis.thirdparty.io.netty.channel.AbstractChannel$AnnotatedConnectException: Connection refused: /192.168.34.25:45248
	at sun.nio.ch.SocketChannelImpl.checkConnect(Native Method)
	at sun.nio.ch.SocketChannelImpl.finishConnect(SocketChannelImpl.java:717)
	at org.apache.ratis.thirdparty.io.netty.channel.socket.nio.NioSocketChannel.doFinishConnect(NioSocketChannel.java:327)
	at org.apache.ratis.thirdparty.io.netty.channel.nio.AbstractNioChannel$AbstractNioUnsafe.finishConnect(AbstractNioChannel.java:340)
	at org.apache.ratis.thirdparty.io.netty.channel.nio.NioEventLoop.processSelectedKey(NioEventLoop.java:632)
	at org.apache.ratis.thirdparty.io.netty.channel.nio.NioEventLoop.processSelectedKeysOptimized(NioEventLoop.java:579)
	at org.apache.ratis.thirdparty.io.netty.channel.nio.NioEventLoop.processSelectedKeys(NioEventLoop.java:496)
	at org.apache.ratis.thirdparty.io.netty.channel.nio.NioEventLoop.run(NioEventLoop.java:458)
	at org.apache.ratis.thirdparty.io.netty.util.concurrent.SingleThreadEventExecutor$5.run(SingleThreadEventExecutor.java:897)
	at org.apache.ratis.thirdparty.io.netty.util.concurrent.FastThreadLocalRunnable.run(FastThreadLocalRunnable.java:30)
	... 1 more
Caused by: java.net.ConnectException: Connection refused
	... 11 more
2019-10-18 07:24:18,680 [12ad0800-05cb-443c-9fdd-fa1debf04523@group-BCB82A5C07F5-LeaderElection1277] INFO  impl.RaftServerImpl (RaftServerImpl.java:setRole(184)) - 12ad0800-05cb-443c-9fdd-fa1debf04523@group-BCB82A5C07F5: changes role from CANDIDATE to FOLLOWER at term 225 for DISCOVERED_A_NEW_TERM
2019-10-18 07:24:18,680 [12ad0800-05cb-443c-9fdd-fa1debf04523@group-BCB82A5C07F5-LeaderElection1277] INFO  impl.RoleInfo (RoleInfo.java:shutdownLeaderElection(134)) - 12ad0800-05cb-443c-9fdd-fa1debf04523: shutdown LeaderElection
2019-10-18 07:24:18,680 [12ad0800-05cb-443c-9fdd-fa1debf04523@group-BCB82A5C07F5-LeaderElection1277] INFO  impl.RoleInfo (RoleInfo.java:updateAndGet(143)) - 12ad0800-05cb-443c-9fdd-fa1debf04523: start FollowerState
2019-10-18 07:24:18,725 [Thread-10997] INFO  impl.FollowerState (FollowerState.java:run(108)) - 12ad0800-05cb-443c-9fdd-fa1debf04523@group-BCB82A5C07F5-FollowerState: change to CANDIDATE, lastRpcTime:45ms, electionTimeout:45ms
2019-10-18 07:24:18,725 [Thread-10997] INFO  impl.RoleInfo (RoleInfo.java:shutdownFollowerState(121)) - 12ad0800-05cb-443c-9fdd-fa1debf04523: shutdown FollowerState
2019-10-18 07:24:18,726 [Thread-10997] INFO  impl.RaftServerImpl (RaftServerImpl.java:setRole(184)) - 12ad0800-05cb-443c-9fdd-fa1debf04523@group-BCB82A5C07F5: changes role from  FOLLOWER to CANDIDATE at term 225 for changeToCandidate
2019-10-18 07:24:18,726 [Thread-10997] INFO  impl.RoleInfo (RoleInfo.java:updateAndGet(143)) - 12ad0800-05cb-443c-9fdd-fa1debf04523: start LeaderElection
2019-10-18 07:24:18,762 [java.util.concurrent.ThreadPoolExecutor$Worker@1ddf09da[State = -1, empty queue]] WARN  server.GrpcLogAppender (GrpcLogAppender.java:timeoutAppendRequest(209)) - 030c2313-1c2c-4b42-81fb-cb58ee93f992@group-E193FE271C99->9712a796-5281-4f3e-ac85-61dedd90db73-GrpcLogAppender: appendEntries Timeout, request=030c2313-1c2c-4b42-81fb-cb58ee93f992->9712a796-5281-4f3e-ac85-61dedd90db73#64-t1, previous=(t:1, i:10), leaderCommit=10, initializing? false, entries: <empty>
2019-10-18 07:24:18,805 [12ad0800-05cb-443c-9fdd-fa1debf04523@group-BCB82A5C07F5-LeaderElection1278] INFO  impl.LeaderElection (LeaderElection.java:askForVotes(178)) - 12ad0800-05cb-443c-9fdd-fa1debf04523@group-BCB82A5C07F5-LeaderElection1278: begin an election at term 226 for -1: [12ad0800-05cb-443c-9fdd-fa1debf04523:192.168.34.25:41155, 5170c5f3-8499-4b42-9321-85fc8a351f79:192.168.34.25:43074, 0b10a9fc-47eb-4a2b-b664-8273d9d17379:192.168.34.25:45248], old=null
2019-10-18 07:24:18,806 [12ad0800-05cb-443c-9fdd-fa1debf04523@group-BCB82A5C07F5-LeaderElection1278] INFO  impl.LeaderElection (LogUtils.java:infoOrTrace(149)) - 12ad0800-05cb-443c-9fdd-fa1debf04523@group-BCB82A5C07F5-LeaderElection1278 got exception when requesting votes: {}
java.util.concurrent.ExecutionException: org.apache.ratis.thirdparty.io.grpc.StatusRuntimeException: UNAVAILABLE: io exception
	at java.util.concurrent.FutureTask.report(FutureTask.java:122)
	at java.util.concurrent.FutureTask.get(FutureTask.java:192)
	at org.apache.ratis.server.impl.LeaderElection.waitForResults(LeaderElection.java:259)
	at org.apache.ratis.server.impl.LeaderElection.askForVotes(LeaderElection.java:197)
	at org.apache.ratis.server.impl.LeaderElection.run(LeaderElection.java:133)
	at java.lang.Thread.run(Thread.java:748)
Caused by: org.apache.ratis.thirdparty.io.grpc.StatusRuntimeException: UNAVAILABLE: io exception
	at org.apache.ratis.thirdparty.io.grpc.stub.ClientCalls.toStatusRuntimeException(ClientCalls.java:233)
	at org.apache.ratis.thirdparty.io.grpc.stub.ClientCalls.getUnchecked(ClientCalls.java:214)
	at org.apache.ratis.thirdparty.io.grpc.stub.ClientCalls.blockingUnaryCall(ClientCalls.java:139)
	at org.apache.ratis.proto.grpc.RaftServerProtocolServiceGrpc$RaftServerProtocolServiceBlockingStub.requestVote(RaftServerProtocolServiceGrpc.java:265)
	at org.apache.ratis.grpc.server.GrpcServerProtocolClient.requestVote(GrpcServerProtocolClient.java:99)
	at org.apache.ratis.grpc.server.GrpcService.requestVote(GrpcService.java:204)
	at org.apache.ratis.server.impl.LeaderElection.lambda$submitRequests$1(LeaderElection.java:234)
	at java.util.concurrent.FutureTask.run(FutureTask.java:266)
	at java.util.concurrent.Executors$RunnableAdapter.call(Executors.java:511)
	at java.util.concurrent.FutureTask.run(FutureTask.java:266)
	at java.util.concurrent.ThreadPoolExecutor.runWorker(ThreadPoolExecutor.java:1149)
	at java.util.concurrent.ThreadPoolExecutor$Worker.run(ThreadPoolExecutor.java:624)
	... 1 more
Caused by: org.apache.ratis.thirdparty.io.netty.channel.AbstractChannel$AnnotatedConnectException: Connection refused: /192.168.34.25:45248
	at sun.nio.ch.SocketChannelImpl.checkConnect(Native Method)
	at sun.nio.ch.SocketChannelImpl.finishConnect(SocketChannelImpl.java:717)
	at org.apache.ratis.thirdparty.io.netty.channel.socket.nio.NioSocketChannel.doFinishConnect(NioSocketChannel.java:327)
	at org.apache.ratis.thirdparty.io.netty.channel.nio.AbstractNioChannel$AbstractNioUnsafe.finishConnect(AbstractNioChannel.java:340)
	at org.apache.ratis.thirdparty.io.netty.channel.nio.NioEventLoop.processSelectedKey(NioEventLoop.java:632)
	at org.apache.ratis.thirdparty.io.netty.channel.nio.NioEventLoop.processSelectedKeysOptimized(NioEventLoop.java:579)
	at org.apache.ratis.thirdparty.io.netty.channel.nio.NioEventLoop.processSelectedKeys(NioEventLoop.java:496)
	at org.apache.ratis.thirdparty.io.netty.channel.nio.NioEventLoop.run(NioEventLoop.java:458)
	at org.apache.ratis.thirdparty.io.netty.util.concurrent.SingleThreadEventExecutor$5.run(SingleThreadEventExecutor.java:897)
	at org.apache.ratis.thirdparty.io.netty.util.concurrent.FastThreadLocalRunnable.run(FastThreadLocalRunnable.java:30)
	... 1 more
Caused by: java.net.ConnectException: Connection refused
	... 11 more
2019-10-18 07:24:18,806 [grpc-default-executor-4] INFO  impl.RaftServerImpl (RaftServerImpl.java:setRole(184)) - 5170c5f3-8499-4b42-9321-85fc8a351f79@group-BCB82A5C07F5: changes role from  FOLLOWER to FOLLOWER at term 226 for recognizeCandidate:12ad0800-05cb-443c-9fdd-fa1debf04523
2019-10-18 07:24:18,806 [grpc-default-executor-4] INFO  impl.RoleInfo (RoleInfo.java:shutdownFollowerState(121)) - 5170c5f3-8499-4b42-9321-85fc8a351f79: shutdown FollowerState
2019-10-18 07:24:18,806 [grpc-default-executor-4] INFO  impl.RoleInfo (RoleInfo.java:updateAndGet(143)) - 5170c5f3-8499-4b42-9321-85fc8a351f79: start FollowerState
2019-10-18 07:24:18,806 [Thread-10996] INFO  impl.FollowerState (FollowerState.java:run(117)) - 5170c5f3-8499-4b42-9321-85fc8a351f79@group-BCB82A5C07F5-FollowerState was interrupted: java.lang.InterruptedException: sleep interrupted
2019-10-18 07:24:18,815 [12ad0800-05cb-443c-9fdd-fa1debf04523@group-BCB82A5C07F5-LeaderElection1278] INFO  impl.LeaderElection (LeaderElection.java:logAndReturn(56)) - 12ad0800-05cb-443c-9fdd-fa1debf04523@group-BCB82A5C07F5-LeaderElection1278: Election TIMEOUT; received 0 response(s) [] and 1 exception(s); 12ad0800-05cb-443c-9fdd-fa1debf04523@group-BCB82A5C07F5:t226, leader=null, voted=12ad0800-05cb-443c-9fdd-fa1debf04523, raftlog=12ad0800-05cb-443c-9fdd-fa1debf04523@group-BCB82A5C07F5-SegmentedRaftLog:OPENED:c-1,f-1,i0, conf=-1: [12ad0800-05cb-443c-9fdd-fa1debf04523:192.168.34.25:41155, 5170c5f3-8499-4b42-9321-85fc8a351f79:192.168.34.25:43074, 0b10a9fc-47eb-4a2b-b664-8273d9d17379:192.168.34.25:45248], old=null
2019-10-18 07:24:18,815 [12ad0800-05cb-443c-9fdd-fa1debf04523@group-BCB82A5C07F5-LeaderElection1278] INFO  impl.LeaderElection (LogUtils.java:infoOrTrace(149)) -   Exception 0: {}
java.util.concurrent.ExecutionException: org.apache.ratis.thirdparty.io.grpc.StatusRuntimeException: UNAVAILABLE: io exception
	at java.util.concurrent.FutureTask.report(FutureTask.java:122)
	at java.util.concurrent.FutureTask.get(FutureTask.java:192)
	at org.apache.ratis.server.impl.LeaderElection.waitForResults(LeaderElection.java:259)
	at org.apache.ratis.server.impl.LeaderElection.askForVotes(LeaderElection.java:197)
	at org.apache.ratis.server.impl.LeaderElection.run(LeaderElection.java:133)
	at java.lang.Thread.run(Thread.java:748)
Caused by: org.apache.ratis.thirdparty.io.grpc.StatusRuntimeException: UNAVAILABLE: io exception
	at org.apache.ratis.thirdparty.io.grpc.stub.ClientCalls.toStatusRuntimeException(ClientCalls.java:233)
	at org.apache.ratis.thirdparty.io.grpc.stub.ClientCalls.getUnchecked(ClientCalls.java:214)
	at org.apache.ratis.thirdparty.io.grpc.stub.ClientCalls.blockingUnaryCall(ClientCalls.java:139)
	at org.apache.ratis.proto.grpc.RaftServerProtocolServiceGrpc$RaftServerProtocolServiceBlockingStub.requestVote(RaftServerProtocolServiceGrpc.java:265)
	at org.apache.ratis.grpc.server.GrpcServerProtocolClient.requestVote(GrpcServerProtocolClient.java:99)
	at org.apache.ratis.grpc.server.GrpcService.requestVote(GrpcService.java:204)
	at org.apache.ratis.server.impl.LeaderElection.lambda$submitRequests$1(LeaderElection.java:234)
	at java.util.concurrent.FutureTask.run(FutureTask.java:266)
	at java.util.concurrent.Executors$RunnableAdapter.call(Executors.java:511)
	at java.util.concurrent.FutureTask.run(FutureTask.java:266)
	at java.util.concurrent.ThreadPoolExecutor.runWorker(ThreadPoolExecutor.java:1149)
	at java.util.concurrent.ThreadPoolExecutor$Worker.run(ThreadPoolExecutor.java:624)
	... 1 more
Caused by: org.apache.ratis.thirdparty.io.netty.channel.AbstractChannel$AnnotatedConnectException: Connection refused: /192.168.34.25:45248
	at sun.nio.ch.SocketChannelImpl.checkConnect(Native Method)
	at sun.nio.ch.SocketChannelImpl.finishConnect(SocketChannelImpl.java:717)
	at org.apache.ratis.thirdparty.io.netty.channel.socket.nio.NioSocketChannel.doFinishConnect(NioSocketChannel.java:327)
	at org.apache.ratis.thirdparty.io.netty.channel.nio.AbstractNioChannel$AbstractNioUnsafe.finishConnect(AbstractNioChannel.java:340)
	at org.apache.ratis.thirdparty.io.netty.channel.nio.NioEventLoop.processSelectedKey(NioEventLoop.java:632)
	at org.apache.ratis.thirdparty.io.netty.channel.nio.NioEventLoop.processSelectedKeysOptimized(NioEventLoop.java:579)
	at org.apache.ratis.thirdparty.io.netty.channel.nio.NioEventLoop.processSelectedKeys(NioEventLoop.java:496)
	at org.apache.ratis.thirdparty.io.netty.channel.nio.NioEventLoop.run(NioEventLoop.java:458)
	at org.apache.ratis.thirdparty.io.netty.util.concurrent.SingleThreadEventExecutor$5.run(SingleThreadEventExecutor.java:897)
	at org.apache.ratis.thirdparty.io.netty.util.concurrent.FastThreadLocalRunnable.run(FastThreadLocalRunnable.java:30)
	... 1 more
Caused by: java.net.ConnectException: Connection refused
	... 11 more
2019-10-18 07:24:18,830 [12ad0800-05cb-443c-9fdd-fa1debf04523@group-BCB82A5C07F5-LeaderElection1278] INFO  impl.LeaderElection (LeaderElection.java:askForVotes(178)) - 12ad0800-05cb-443c-9fdd-fa1debf04523@group-BCB82A5C07F5-LeaderElection1278: begin an election at term 227 for -1: [12ad0800-05cb-443c-9fdd-fa1debf04523:192.168.34.25:41155, 5170c5f3-8499-4b42-9321-85fc8a351f79:192.168.34.25:43074, 0b10a9fc-47eb-4a2b-b664-8273d9d17379:192.168.34.25:45248], old=null
2019-10-18 07:24:18,831 [12ad0800-05cb-443c-9fdd-fa1debf04523@group-BCB82A5C07F5-LeaderElection1278] INFO  impl.LeaderElection (LogUtils.java:infoOrTrace(149)) - 12ad0800-05cb-443c-9fdd-fa1debf04523@group-BCB82A5C07F5-LeaderElection1278 got exception when requesting votes: {}
java.util.concurrent.ExecutionException: org.apache.ratis.thirdparty.io.grpc.StatusRuntimeException: UNAVAILABLE: io exception
	at java.util.concurrent.FutureTask.report(FutureTask.java:122)
	at java.util.concurrent.FutureTask.get(FutureTask.java:192)
	at org.apache.ratis.server.impl.LeaderElection.waitForResults(LeaderElection.java:259)
	at org.apache.ratis.server.impl.LeaderElection.askForVotes(LeaderElection.java:197)
	at org.apache.ratis.server.impl.LeaderElection.run(LeaderElection.java:133)
	at java.lang.Thread.run(Thread.java:748)
Caused by: org.apache.ratis.thirdparty.io.grpc.StatusRuntimeException: UNAVAILABLE: io exception
	at org.apache.ratis.thirdparty.io.grpc.stub.ClientCalls.toStatusRuntimeException(ClientCalls.java:233)
	at org.apache.ratis.thirdparty.io.grpc.stub.ClientCalls.getUnchecked(ClientCalls.java:214)
	at org.apache.ratis.thirdparty.io.grpc.stub.ClientCalls.blockingUnaryCall(ClientCalls.java:139)
	at org.apache.ratis.proto.grpc.RaftServerProtocolServiceGrpc$RaftServerProtocolServiceBlockingStub.requestVote(RaftServerProtocolServiceGrpc.java:265)
	at org.apache.ratis.grpc.server.GrpcServerProtocolClient.requestVote(GrpcServerProtocolClient.java:99)
	at org.apache.ratis.grpc.server.GrpcService.requestVote(GrpcService.java:204)
	at org.apache.ratis.server.impl.LeaderElection.lambda$submitRequests$1(LeaderElection.java:234)
	at java.util.concurrent.FutureTask.run(FutureTask.java:266)
	at java.util.concurrent.Executors$RunnableAdapter.call(Executors.java:511)
	at java.util.concurrent.FutureTask.run(FutureTask.java:266)
	at java.util.concurrent.ThreadPoolExecutor.runWorker(ThreadPoolExecutor.java:1149)
	at java.util.concurrent.ThreadPoolExecutor$Worker.run(ThreadPoolExecutor.java:624)
	... 1 more
Caused by: org.apache.ratis.thirdparty.io.netty.channel.AbstractChannel$AnnotatedConnectException: Connection refused: /192.168.34.25:45248
	at sun.nio.ch.SocketChannelImpl.checkConnect(Native Method)
	at sun.nio.ch.SocketChannelImpl.finishConnect(SocketChannelImpl.java:717)
	at org.apache.ratis.thirdparty.io.netty.channel.socket.nio.NioSocketChannel.doFinishConnect(NioSocketChannel.java:327)
	at org.apache.ratis.thirdparty.io.netty.channel.nio.AbstractNioChannel$AbstractNioUnsafe.finishConnect(AbstractNioChannel.java:340)
	at org.apache.ratis.thirdparty.io.netty.channel.nio.NioEventLoop.processSelectedKey(NioEventLoop.java:632)
	at org.apache.ratis.thirdparty.io.netty.channel.nio.NioEventLoop.processSelectedKeysOptimized(NioEventLoop.java:579)
	at org.apache.ratis.thirdparty.io.netty.channel.nio.NioEventLoop.processSelectedKeys(NioEventLoop.java:496)
	at org.apache.ratis.thirdparty.io.netty.channel.nio.NioEventLoop.run(NioEventLoop.java:458)
	at org.apache.ratis.thirdparty.io.netty.util.concurrent.SingleThreadEventExecutor$5.run(SingleThreadEventExecutor.java:897)
	at org.apache.ratis.thirdparty.io.netty.util.concurrent.FastThreadLocalRunnable.run(FastThreadLocalRunnable.java:30)
	... 1 more
Caused by: java.net.ConnectException: Connection refused
	... 11 more
2019-10-18 07:24:18,831 [grpc-default-executor-4] INFO  impl.RaftServerImpl (RaftServerImpl.java:setRole(184)) - 5170c5f3-8499-4b42-9321-85fc8a351f79@group-BCB82A5C07F5: changes role from  FOLLOWER to FOLLOWER at term 227 for recognizeCandidate:12ad0800-05cb-443c-9fdd-fa1debf04523
2019-10-18 07:24:18,831 [grpc-default-executor-4] INFO  impl.RoleInfo (RoleInfo.java:shutdownFollowerState(121)) - 5170c5f3-8499-4b42-9321-85fc8a351f79: shutdown FollowerState
2019-10-18 07:24:18,831 [grpc-default-executor-4] INFO  impl.RoleInfo (RoleInfo.java:updateAndGet(143)) - 5170c5f3-8499-4b42-9321-85fc8a351f79: start FollowerState
2019-10-18 07:24:18,831 [Thread-11002] INFO  impl.FollowerState (FollowerState.java:run(117)) - 5170c5f3-8499-4b42-9321-85fc8a351f79@group-BCB82A5C07F5-FollowerState was interrupted: java.lang.InterruptedException: sleep interrupted
2019-10-18 07:24:18,856 [12ad0800-05cb-443c-9fdd-fa1debf04523@group-BCB82A5C07F5-LeaderElection1278] INFO  impl.LeaderElection (LeaderElection.java:logAndReturn(56)) - 12ad0800-05cb-443c-9fdd-fa1debf04523@group-BCB82A5C07F5-LeaderElection1278: Election REJECTED; received 1 response(s) [12ad0800-05cb-443c-9fdd-fa1debf04523<-5170c5f3-8499-4b42-9321-85fc8a351f79#0:FAIL-t227] and 1 exception(s); 12ad0800-05cb-443c-9fdd-fa1debf04523@group-BCB82A5C07F5:t227, leader=null, voted=12ad0800-05cb-443c-9fdd-fa1debf04523, raftlog=12ad0800-05cb-443c-9fdd-fa1debf04523@group-BCB82A5C07F5-SegmentedRaftLog:OPENED:c-1,f-1,i0, conf=-1: [12ad0800-05cb-443c-9fdd-fa1debf04523:192.168.34.25:41155, 5170c5f3-8499-4b42-9321-85fc8a351f79:192.168.34.25:43074, 0b10a9fc-47eb-4a2b-b664-8273d9d17379:192.168.34.25:45248], old=null
2019-10-18 07:24:18,856 [12ad0800-05cb-443c-9fdd-fa1debf04523@group-BCB82A5C07F5-LeaderElection1278] INFO  impl.LeaderElection (LogUtils.java:infoOrTrace(149)) -   Exception 0: {}
java.util.concurrent.ExecutionException: org.apache.ratis.thirdparty.io.grpc.StatusRuntimeException: UNAVAILABLE: io exception
	at java.util.concurrent.FutureTask.report(FutureTask.java:122)
	at java.util.concurrent.FutureTask.get(FutureTask.java:192)
	at org.apache.ratis.server.impl.LeaderElection.waitForResults(LeaderElection.java:259)
	at org.apache.ratis.server.impl.LeaderElection.askForVotes(LeaderElection.java:197)
	at org.apache.ratis.server.impl.LeaderElection.run(LeaderElection.java:133)
	at java.lang.Thread.run(Thread.java:748)
Caused by: org.apache.ratis.thirdparty.io.grpc.StatusRuntimeException: UNAVAILABLE: io exception
	at org.apache.ratis.thirdparty.io.grpc.stub.ClientCalls.toStatusRuntimeException(ClientCalls.java:233)
	at org.apache.ratis.thirdparty.io.grpc.stub.ClientCalls.getUnchecked(ClientCalls.java:214)
	at org.apache.ratis.thirdparty.io.grpc.stub.ClientCalls.blockingUnaryCall(ClientCalls.java:139)
	at org.apache.ratis.proto.grpc.RaftServerProtocolServiceGrpc$RaftServerProtocolServiceBlockingStub.requestVote(RaftServerProtocolServiceGrpc.java:265)
	at org.apache.ratis.grpc.server.GrpcServerProtocolClient.requestVote(GrpcServerProtocolClient.java:99)
	at org.apache.ratis.grpc.server.GrpcService.requestVote(GrpcService.java:204)
	at org.apache.ratis.server.impl.LeaderElection.lambda$submitRequests$1(LeaderElection.java:234)
	at java.util.concurrent.FutureTask.run(FutureTask.java:266)
	at java.util.concurrent.Executors$RunnableAdapter.call(Executors.java:511)
	at java.util.concurrent.FutureTask.run(FutureTask.java:266)
	at java.util.concurrent.ThreadPoolExecutor.runWorker(ThreadPoolExecutor.java:1149)
	at java.util.concurrent.ThreadPoolExecutor$Worker.run(ThreadPoolExecutor.java:624)
	... 1 more
Caused by: org.apache.ratis.thirdparty.io.netty.channel.AbstractChannel$AnnotatedConnectException: Connection refused: /192.168.34.25:45248
	at sun.nio.ch.SocketChannelImpl.checkConnect(Native Method)
	at sun.nio.ch.SocketChannelImpl.finishConnect(SocketChannelImpl.java:717)
	at org.apache.ratis.thirdparty.io.netty.channel.socket.nio.NioSocketChannel.doFinishConnect(NioSocketChannel.java:327)
	at org.apache.ratis.thirdparty.io.netty.channel.nio.AbstractNioChannel$AbstractNioUnsafe.finishConnect(AbstractNioChannel.java:340)
	at org.apache.ratis.thirdparty.io.netty.channel.nio.NioEventLoop.processSelectedKey(NioEventLoop.java:632)
	at org.apache.ratis.thirdparty.io.netty.channel.nio.NioEventLoop.processSelectedKeysOptimized(NioEventLoop.java:579)
	at org.apache.ratis.thirdparty.io.netty.channel.nio.NioEventLoop.processSelectedKeys(NioEventLoop.java:496)
	at org.apache.ratis.thirdparty.io.netty.channel.nio.NioEventLoop.run(NioEventLoop.java:458)
	at org.apache.ratis.thirdparty.io.netty.util.concurrent.SingleThreadEventExecutor$5.run(SingleThreadEventExecutor.java:897)
	at org.apache.ratis.thirdparty.io.netty.util.concurrent.FastThreadLocalRunnable.run(FastThreadLocalRunnable.java:30)
	... 1 more
Caused by: java.net.ConnectException: Connection refused
	... 11 more
2019-10-18 07:24:18,856 [12ad0800-05cb-443c-9fdd-fa1debf04523@group-BCB82A5C07F5-LeaderElection1278] INFO  impl.RaftServerImpl (RaftServerImpl.java:setRole(184)) - 12ad0800-05cb-443c-9fdd-fa1debf04523@group-BCB82A5C07F5: changes role from CANDIDATE to FOLLOWER at term 227 for DISCOVERED_A_NEW_TERM
2019-10-18 07:24:18,856 [12ad0800-05cb-443c-9fdd-fa1debf04523@group-BCB82A5C07F5-LeaderElection1278] INFO  impl.RoleInfo (RoleInfo.java:shutdownLeaderElection(134)) - 12ad0800-05cb-443c-9fdd-fa1debf04523: shutdown LeaderElection
2019-10-18 07:24:18,856 [12ad0800-05cb-443c-9fdd-fa1debf04523@group-BCB82A5C07F5-LeaderElection1278] INFO  impl.RoleInfo (RoleInfo.java:updateAndGet(143)) - 12ad0800-05cb-443c-9fdd-fa1debf04523: start FollowerState
2019-10-18 07:24:18,973 [Thread-11006] INFO  impl.FollowerState (FollowerState.java:run(108)) - 12ad0800-05cb-443c-9fdd-fa1debf04523@group-BCB82A5C07F5-FollowerState: change to CANDIDATE, lastRpcTime:116ms, electionTimeout:116ms
2019-10-18 07:24:18,973 [Thread-11006] INFO  impl.RoleInfo (RoleInfo.java:shutdownFollowerState(121)) - 12ad0800-05cb-443c-9fdd-fa1debf04523: shutdown FollowerState
2019-10-18 07:24:18,973 [Thread-11006] INFO  impl.RaftServerImpl (RaftServerImpl.java:setRole(184)) - 12ad0800-05cb-443c-9fdd-fa1debf04523@group-BCB82A5C07F5: changes role from  FOLLOWER to CANDIDATE at term 227 for changeToCandidate
2019-10-18 07:24:18,973 [Thread-11006] INFO  impl.RoleInfo (RoleInfo.java:updateAndGet(143)) - 12ad0800-05cb-443c-9fdd-fa1debf04523: start LeaderElection
2019-10-18 07:24:18,998 [12ad0800-05cb-443c-9fdd-fa1debf04523@group-BCB82A5C07F5-LeaderElection1279] INFO  impl.LeaderElection (LeaderElection.java:askForVotes(178)) - 12ad0800-05cb-443c-9fdd-fa1debf04523@group-BCB82A5C07F5-LeaderElection1279: begin an election at term 228 for -1: [12ad0800-05cb-443c-9fdd-fa1debf04523:192.168.34.25:41155, 5170c5f3-8499-4b42-9321-85fc8a351f79:192.168.34.25:43074, 0b10a9fc-47eb-4a2b-b664-8273d9d17379:192.168.34.25:45248], old=null
2019-10-18 07:24:18,998 [12ad0800-05cb-443c-9fdd-fa1debf04523@group-BCB82A5C07F5-LeaderElection1279] INFO  impl.LeaderElection (LogUtils.java:infoOrTrace(149)) - 12ad0800-05cb-443c-9fdd-fa1debf04523@group-BCB82A5C07F5-LeaderElection1279 got exception when requesting votes: {}
java.util.concurrent.ExecutionException: org.apache.ratis.thirdparty.io.grpc.StatusRuntimeException: UNAVAILABLE: io exception
	at java.util.concurrent.FutureTask.report(FutureTask.java:122)
	at java.util.concurrent.FutureTask.get(FutureTask.java:192)
	at org.apache.ratis.server.impl.LeaderElection.waitForResults(LeaderElection.java:259)
	at org.apache.ratis.server.impl.LeaderElection.askForVotes(LeaderElection.java:197)
	at org.apache.ratis.server.impl.LeaderElection.run(LeaderElection.java:133)
	at java.lang.Thread.run(Thread.java:748)
Caused by: org.apache.ratis.thirdparty.io.grpc.StatusRuntimeException: UNAVAILABLE: io exception
	at org.apache.ratis.thirdparty.io.grpc.stub.ClientCalls.toStatusRuntimeException(ClientCalls.java:233)
	at org.apache.ratis.thirdparty.io.grpc.stub.ClientCalls.getUnchecked(ClientCalls.java:214)
	at org.apache.ratis.thirdparty.io.grpc.stub.ClientCalls.blockingUnaryCall(ClientCalls.java:139)
	at org.apache.ratis.proto.grpc.RaftServerProtocolServiceGrpc$RaftServerProtocolServiceBlockingStub.requestVote(RaftServerProtocolServiceGrpc.java:265)
	at org.apache.ratis.grpc.server.GrpcServerProtocolClient.requestVote(GrpcServerProtocolClient.java:99)
	at org.apache.ratis.grpc.server.GrpcService.requestVote(GrpcService.java:204)
	at org.apache.ratis.server.impl.LeaderElection.lambda$submitRequests$1(LeaderElection.java:234)
	at java.util.concurrent.FutureTask.run(FutureTask.java:266)
	at java.util.concurrent.Executors$RunnableAdapter.call(Executors.java:511)
	at java.util.concurrent.FutureTask.run(FutureTask.java:266)
	at java.util.concurrent.ThreadPoolExecutor.runWorker(ThreadPoolExecutor.java:1149)
	at java.util.concurrent.ThreadPoolExecutor$Worker.run(ThreadPoolExecutor.java:624)
	... 1 more
Caused by: org.apache.ratis.thirdparty.io.netty.channel.AbstractChannel$AnnotatedConnectException: Connection refused: /192.168.34.25:45248
	at sun.nio.ch.SocketChannelImpl.checkConnect(Native Method)
	at sun.nio.ch.SocketChannelImpl.finishConnect(SocketChannelImpl.java:717)
	at org.apache.ratis.thirdparty.io.netty.channel.socket.nio.NioSocketChannel.doFinishConnect(NioSocketChannel.java:327)
	at org.apache.ratis.thirdparty.io.netty.channel.nio.AbstractNioChannel$AbstractNioUnsafe.finishConnect(AbstractNioChannel.java:340)
	at org.apache.ratis.thirdparty.io.netty.channel.nio.NioEventLoop.processSelectedKey(NioEventLoop.java:632)
	at org.apache.ratis.thirdparty.io.netty.channel.nio.NioEventLoop.processSelectedKeysOptimized(NioEventLoop.java:579)
	at org.apache.ratis.thirdparty.io.netty.channel.nio.NioEventLoop.processSelectedKeys(NioEventLoop.java:496)
	at org.apache.ratis.thirdparty.io.netty.channel.nio.NioEventLoop.run(NioEventLoop.java:458)
	at org.apache.ratis.thirdparty.io.netty.util.concurrent.SingleThreadEventExecutor$5.run(SingleThreadEventExecutor.java:897)
	at org.apache.ratis.thirdparty.io.netty.util.concurrent.FastThreadLocalRunnable.run(FastThreadLocalRunnable.java:30)
	... 1 more
Caused by: java.net.ConnectException: Connection refused
	... 11 more
2019-10-18 07:24:18,999 [grpc-default-executor-4] INFO  impl.RaftServerImpl (RaftServerImpl.java:setRole(184)) - 5170c5f3-8499-4b42-9321-85fc8a351f79@group-BCB82A5C07F5: changes role from  FOLLOWER to FOLLOWER at term 228 for recognizeCandidate:12ad0800-05cb-443c-9fdd-fa1debf04523
2019-10-18 07:24:18,999 [grpc-default-executor-4] INFO  impl.RoleInfo (RoleInfo.java:shutdownFollowerState(121)) - 5170c5f3-8499-4b42-9321-85fc8a351f79: shutdown FollowerState
2019-10-18 07:24:18,999 [grpc-default-executor-4] INFO  impl.RoleInfo (RoleInfo.java:updateAndGet(143)) - 5170c5f3-8499-4b42-9321-85fc8a351f79: start FollowerState
2019-10-18 07:24:18,999 [Thread-11005] INFO  impl.FollowerState (FollowerState.java:run(117)) - 5170c5f3-8499-4b42-9321-85fc8a351f79@group-BCB82A5C07F5-FollowerState was interrupted: java.lang.InterruptedException: sleep interrupted
2019-10-18 07:24:19,023 [12ad0800-05cb-443c-9fdd-fa1debf04523@group-BCB82A5C07F5-LeaderElection1279] INFO  impl.LeaderElection (LeaderElection.java:logAndReturn(56)) - 12ad0800-05cb-443c-9fdd-fa1debf04523@group-BCB82A5C07F5-LeaderElection1279: Election REJECTED; received 1 response(s) [12ad0800-05cb-443c-9fdd-fa1debf04523<-5170c5f3-8499-4b42-9321-85fc8a351f79#0:FAIL-t228] and 1 exception(s); 12ad0800-05cb-443c-9fdd-fa1debf04523@group-BCB82A5C07F5:t228, leader=null, voted=12ad0800-05cb-443c-9fdd-fa1debf04523, raftlog=12ad0800-05cb-443c-9fdd-fa1debf04523@group-BCB82A5C07F5-SegmentedRaftLog:OPENED:c-1,f-1,i0, conf=-1: [12ad0800-05cb-443c-9fdd-fa1debf04523:192.168.34.25:41155, 5170c5f3-8499-4b42-9321-85fc8a351f79:192.168.34.25:43074, 0b10a9fc-47eb-4a2b-b664-8273d9d17379:192.168.34.25:45248], old=null
2019-10-18 07:24:19,024 [12ad0800-05cb-443c-9fdd-fa1debf04523@group-BCB82A5C07F5-LeaderElection1279] INFO  impl.LeaderElection (LogUtils.java:infoOrTrace(149)) -   Exception 0: {}
java.util.concurrent.ExecutionException: org.apache.ratis.thirdparty.io.grpc.StatusRuntimeException: UNAVAILABLE: io exception
	at java.util.concurrent.FutureTask.report(FutureTask.java:122)
	at java.util.concurrent.FutureTask.get(FutureTask.java:192)
	at org.apache.ratis.server.impl.LeaderElection.waitForResults(LeaderElection.java:259)
	at org.apache.ratis.server.impl.LeaderElection.askForVotes(LeaderElection.java:197)
	at org.apache.ratis.server.impl.LeaderElection.run(LeaderElection.java:133)
	at java.lang.Thread.run(Thread.java:748)
Caused by: org.apache.ratis.thirdparty.io.grpc.StatusRuntimeException: UNAVAILABLE: io exception
	at org.apache.ratis.thirdparty.io.grpc.stub.ClientCalls.toStatusRuntimeException(ClientCalls.java:233)
	at org.apache.ratis.thirdparty.io.grpc.stub.ClientCalls.getUnchecked(ClientCalls.java:214)
	at org.apache.ratis.thirdparty.io.grpc.stub.ClientCalls.blockingUnaryCall(ClientCalls.java:139)
	at org.apache.ratis.proto.grpc.RaftServerProtocolServiceGrpc$RaftServerProtocolServiceBlockingStub.requestVote(RaftServerProtocolServiceGrpc.java:265)
	at org.apache.ratis.grpc.server.GrpcServerProtocolClient.requestVote(GrpcServerProtocolClient.java:99)
	at org.apache.ratis.grpc.server.GrpcService.requestVote(GrpcService.java:204)
	at org.apache.ratis.server.impl.LeaderElection.lambda$submitRequests$1(LeaderElection.java:234)
	at java.util.concurrent.FutureTask.run(FutureTask.java:266)
	at java.util.concurrent.Executors$RunnableAdapter.call(Executors.java:511)
	at java.util.concurrent.FutureTask.run(FutureTask.java:266)
	at java.util.concurrent.ThreadPoolExecutor.runWorker(ThreadPoolExecutor.java:1149)
	at java.util.concurrent.ThreadPoolExecutor$Worker.run(ThreadPoolExecutor.java:624)
	... 1 more
Caused by: org.apache.ratis.thirdparty.io.netty.channel.AbstractChannel$AnnotatedConnectException: Connection refused: /192.168.34.25:45248
	at sun.nio.ch.SocketChannelImpl.checkConnect(Native Method)
	at sun.nio.ch.SocketChannelImpl.finishConnect(SocketChannelImpl.java:717)
	at org.apache.ratis.thirdparty.io.netty.channel.socket.nio.NioSocketChannel.doFinishConnect(NioSocketChannel.java:327)
	at org.apache.ratis.thirdparty.io.netty.channel.nio.AbstractNioChannel$AbstractNioUnsafe.finishConnect(AbstractNioChannel.java:340)
	at org.apache.ratis.thirdparty.io.netty.channel.nio.NioEventLoop.processSelectedKey(NioEventLoop.java:632)
	at org.apache.ratis.thirdparty.io.netty.channel.nio.NioEventLoop.processSelectedKeysOptimized(NioEventLoop.java:579)
	at org.apache.ratis.thirdparty.io.netty.channel.nio.NioEventLoop.processSelectedKeys(NioEventLoop.java:496)
	at org.apache.ratis.thirdparty.io.netty.channel.nio.NioEventLoop.run(NioEventLoop.java:458)
	at org.apache.ratis.thirdparty.io.netty.util.concurrent.SingleThreadEventExecutor$5.run(SingleThreadEventExecutor.java:897)
	at org.apache.ratis.thirdparty.io.netty.util.concurrent.FastThreadLocalRunnable.run(FastThreadLocalRunnable.java:30)
	... 1 more
Caused by: java.net.ConnectException: Connection refused
	... 11 more
2019-10-18 07:24:19,024 [12ad0800-05cb-443c-9fdd-fa1debf04523@group-BCB82A5C07F5-LeaderElection1279] INFO  impl.RaftServerImpl (RaftServerImpl.java:setRole(184)) - 12ad0800-05cb-443c-9fdd-fa1debf04523@group-BCB82A5C07F5: changes role from CANDIDATE to FOLLOWER at term 228 for DISCOVERED_A_NEW_TERM
2019-10-18 07:24:19,024 [12ad0800-05cb-443c-9fdd-fa1debf04523@group-BCB82A5C07F5-LeaderElection1279] INFO  impl.RoleInfo (RoleInfo.java:shutdownLeaderElection(134)) - 12ad0800-05cb-443c-9fdd-fa1debf04523: shutdown LeaderElection
2019-10-18 07:24:19,024 [12ad0800-05cb-443c-9fdd-fa1debf04523@group-BCB82A5C07F5-LeaderElection1279] INFO  impl.RoleInfo (RoleInfo.java:updateAndGet(143)) - 12ad0800-05cb-443c-9fdd-fa1debf04523: start FollowerState
2019-10-18 07:24:19,090 [Thread-10961] INFO  impl.FollowerState (FollowerState.java:run(108)) - 67270882-100a-4e75-928d-618d17e069c8@group-0C9C3B2D0CC1-FollowerState: change to CANDIDATE, lastRpcTime:1056ms, electionTimeout:1056ms
2019-10-18 07:24:19,090 [Thread-10961] INFO  impl.RoleInfo (RoleInfo.java:shutdownFollowerState(121)) - 67270882-100a-4e75-928d-618d17e069c8: shutdown FollowerState
2019-10-18 07:24:19,090 [Thread-10961] INFO  impl.RaftServerImpl (RaftServerImpl.java:setRole(184)) - 67270882-100a-4e75-928d-618d17e069c8@group-0C9C3B2D0CC1: changes role from  FOLLOWER to CANDIDATE at term 153 for changeToCandidate
2019-10-18 07:24:19,090 [Thread-10961] INFO  impl.RoleInfo (RoleInfo.java:updateAndGet(143)) - 67270882-100a-4e75-928d-618d17e069c8: start LeaderElection
2019-10-18 07:24:19,115 [67270882-100a-4e75-928d-618d17e069c8@group-0C9C3B2D0CC1-LeaderElection1280] INFO  impl.LeaderElection (LeaderElection.java:askForVotes(178)) - 67270882-100a-4e75-928d-618d17e069c8@group-0C9C3B2D0CC1-LeaderElection1280: begin an election at term 154 for 1: [6633f50a-7046-4b08-9937-8e25f1b14b15:192.168.34.25:39338, 67270882-100a-4e75-928d-618d17e069c8:192.168.34.25:36648, 4dea926d-4bc6-487a-9b9b-9fd457d0fae4:192.168.34.25:41624], old=null
2019-10-18 07:24:19,116 [67270882-100a-4e75-928d-618d17e069c8@group-0C9C3B2D0CC1-LeaderElection1280] INFO  impl.LeaderElection (LogUtils.java:infoOrTrace(149)) - 67270882-100a-4e75-928d-618d17e069c8@group-0C9C3B2D0CC1-LeaderElection1280 got exception when requesting votes: {}
java.util.concurrent.ExecutionException: org.apache.ratis.thirdparty.io.grpc.StatusRuntimeException: UNAVAILABLE: io exception
	at java.util.concurrent.FutureTask.report(FutureTask.java:122)
	at java.util.concurrent.FutureTask.get(FutureTask.java:192)
	at org.apache.ratis.server.impl.LeaderElection.waitForResults(LeaderElection.java:259)
	at org.apache.ratis.server.impl.LeaderElection.askForVotes(LeaderElection.java:197)
	at org.apache.ratis.server.impl.LeaderElection.run(LeaderElection.java:133)
	at java.lang.Thread.run(Thread.java:748)
Caused by: org.apache.ratis.thirdparty.io.grpc.StatusRuntimeException: UNAVAILABLE: io exception
	at org.apache.ratis.thirdparty.io.grpc.stub.ClientCalls.toStatusRuntimeException(ClientCalls.java:233)
	at org.apache.ratis.thirdparty.io.grpc.stub.ClientCalls.getUnchecked(ClientCalls.java:214)
	at org.apache.ratis.thirdparty.io.grpc.stub.ClientCalls.blockingUnaryCall(ClientCalls.java:139)
	at org.apache.ratis.proto.grpc.RaftServerProtocolServiceGrpc$RaftServerProtocolServiceBlockingStub.requestVote(RaftServerProtocolServiceGrpc.java:265)
	at org.apache.ratis.grpc.server.GrpcServerProtocolClient.requestVote(GrpcServerProtocolClient.java:99)
	at org.apache.ratis.grpc.server.GrpcService.requestVote(GrpcService.java:204)
	at org.apache.ratis.server.impl.LeaderElection.lambda$submitRequests$1(LeaderElection.java:234)
	at java.util.concurrent.FutureTask.run(FutureTask.java:266)
	at java.util.concurrent.Executors$RunnableAdapter.call(Executors.java:511)
	at java.util.concurrent.FutureTask.run(FutureTask.java:266)
	at java.util.concurrent.ThreadPoolExecutor.runWorker(ThreadPoolExecutor.java:1149)
	at java.util.concurrent.ThreadPoolExecutor$Worker.run(ThreadPoolExecutor.java:624)
	... 1 more
Caused by: org.apache.ratis.thirdparty.io.netty.channel.AbstractChannel$AnnotatedConnectException: Connection refused: /192.168.34.25:39338
	at sun.nio.ch.SocketChannelImpl.checkConnect(Native Method)
	at sun.nio.ch.SocketChannelImpl.finishConnect(SocketChannelImpl.java:717)
	at org.apache.ratis.thirdparty.io.netty.channel.socket.nio.NioSocketChannel.doFinishConnect(NioSocketChannel.java:327)
	at org.apache.ratis.thirdparty.io.netty.channel.nio.AbstractNioChannel$AbstractNioUnsafe.finishConnect(AbstractNioChannel.java:340)
	at org.apache.ratis.thirdparty.io.netty.channel.nio.NioEventLoop.processSelectedKey(NioEventLoop.java:632)
	at org.apache.ratis.thirdparty.io.netty.channel.nio.NioEventLoop.processSelectedKeysOptimized(NioEventLoop.java:579)
	at org.apache.ratis.thirdparty.io.netty.channel.nio.NioEventLoop.processSelectedKeys(NioEventLoop.java:496)
	at org.apache.ratis.thirdparty.io.netty.channel.nio.NioEventLoop.run(NioEventLoop.java:458)
	at org.apache.ratis.thirdparty.io.netty.util.concurrent.SingleThreadEventExecutor$5.run(SingleThreadEventExecutor.java:897)
	at org.apache.ratis.thirdparty.io.netty.util.concurrent.FastThreadLocalRunnable.run(FastThreadLocalRunnable.java:30)
	... 1 more
Caused by: java.net.ConnectException: Connection refused
	... 11 more
2019-10-18 07:24:19,117 [67270882-100a-4e75-928d-618d17e069c8@group-0C9C3B2D0CC1-LeaderElection1280] INFO  impl.LeaderElection (LogUtils.java:infoOrTrace(149)) - 67270882-100a-4e75-928d-618d17e069c8@group-0C9C3B2D0CC1-LeaderElection1280 got exception when requesting votes: {}
java.util.concurrent.ExecutionException: org.apache.ratis.thirdparty.io.grpc.StatusRuntimeException: UNAVAILABLE: io exception
	at java.util.concurrent.FutureTask.report(FutureTask.java:122)
	at java.util.concurrent.FutureTask.get(FutureTask.java:192)
	at org.apache.ratis.server.impl.LeaderElection.waitForResults(LeaderElection.java:259)
	at org.apache.ratis.server.impl.LeaderElection.askForVotes(LeaderElection.java:197)
	at org.apache.ratis.server.impl.LeaderElection.run(LeaderElection.java:133)
	at java.lang.Thread.run(Thread.java:748)
Caused by: org.apache.ratis.thirdparty.io.grpc.StatusRuntimeException: UNAVAILABLE: io exception
	at org.apache.ratis.thirdparty.io.grpc.stub.ClientCalls.toStatusRuntimeException(ClientCalls.java:233)
	at org.apache.ratis.thirdparty.io.grpc.stub.ClientCalls.getUnchecked(ClientCalls.java:214)
	at org.apache.ratis.thirdparty.io.grpc.stub.ClientCalls.blockingUnaryCall(ClientCalls.java:139)
	at org.apache.ratis.proto.grpc.RaftServerProtocolServiceGrpc$RaftServerProtocolServiceBlockingStub.requestVote(RaftServerProtocolServiceGrpc.java:265)
	at org.apache.ratis.grpc.server.GrpcServerProtocolClient.requestVote(GrpcServerProtocolClient.java:99)
	at org.apache.ratis.grpc.server.GrpcService.requestVote(GrpcService.java:204)
	at org.apache.ratis.server.impl.LeaderElection.lambda$submitRequests$1(LeaderElection.java:234)
	at java.util.concurrent.FutureTask.run(FutureTask.java:266)
	at java.util.concurrent.Executors$RunnableAdapter.call(Executors.java:511)
	at java.util.concurrent.FutureTask.run(FutureTask.java:266)
	at java.util.concurrent.ThreadPoolExecutor.runWorker(ThreadPoolExecutor.java:1149)
	at java.util.concurrent.ThreadPoolExecutor$Worker.run(ThreadPoolExecutor.java:624)
	... 1 more
Caused by: org.apache.ratis.thirdparty.io.netty.channel.AbstractChannel$AnnotatedConnectException: Connection refused: /192.168.34.25:41624
	at sun.nio.ch.SocketChannelImpl.checkConnect(Native Method)
	at sun.nio.ch.SocketChannelImpl.finishConnect(SocketChannelImpl.java:717)
	at org.apache.ratis.thirdparty.io.netty.channel.socket.nio.NioSocketChannel.doFinishConnect(NioSocketChannel.java:327)
	at org.apache.ratis.thirdparty.io.netty.channel.nio.AbstractNioChannel$AbstractNioUnsafe.finishConnect(AbstractNioChannel.java:340)
	at org.apache.ratis.thirdparty.io.netty.channel.nio.NioEventLoop.processSelectedKey(NioEventLoop.java:632)
	at org.apache.ratis.thirdparty.io.netty.channel.nio.NioEventLoop.processSelectedKeysOptimized(NioEventLoop.java:579)
	at org.apache.ratis.thirdparty.io.netty.channel.nio.NioEventLoop.processSelectedKeys(NioEventLoop.java:496)
	at org.apache.ratis.thirdparty.io.netty.channel.nio.NioEventLoop.run(NioEventLoop.java:458)
	at org.apache.ratis.thirdparty.io.netty.util.concurrent.SingleThreadEventExecutor$5.run(SingleThreadEventExecutor.java:897)
	at org.apache.ratis.thirdparty.io.netty.util.concurrent.FastThreadLocalRunnable.run(FastThreadLocalRunnable.java:30)
	... 1 more
Caused by: java.net.ConnectException: Connection refused
	... 11 more
2019-10-18 07:24:19,117 [67270882-100a-4e75-928d-618d17e069c8@group-0C9C3B2D0CC1-LeaderElection1280] INFO  impl.LeaderElection (LeaderElection.java:logAndReturn(56)) - 67270882-100a-4e75-928d-618d17e069c8@group-0C9C3B2D0CC1-LeaderElection1280: Election REJECTED; received 0 response(s) [] and 2 exception(s); 67270882-100a-4e75-928d-618d17e069c8@group-0C9C3B2D0CC1:t154, leader=null, voted=67270882-100a-4e75-928d-618d17e069c8, raftlog=67270882-100a-4e75-928d-618d17e069c8@group-0C9C3B2D0CC1-SegmentedRaftLog:OPENED:c2,f2,i2, conf=1: [6633f50a-7046-4b08-9937-8e25f1b14b15:192.168.34.25:39338, 67270882-100a-4e75-928d-618d17e069c8:192.168.34.25:36648, 4dea926d-4bc6-487a-9b9b-9fd457d0fae4:192.168.34.25:41624], old=null
2019-10-18 07:24:19,117 [67270882-100a-4e75-928d-618d17e069c8@group-0C9C3B2D0CC1-LeaderElection1280] INFO  impl.LeaderElection (LogUtils.java:infoOrTrace(149)) -   Exception 0: {}
java.util.concurrent.ExecutionException: org.apache.ratis.thirdparty.io.grpc.StatusRuntimeException: UNAVAILABLE: io exception
	at java.util.concurrent.FutureTask.report(FutureTask.java:122)
	at java.util.concurrent.FutureTask.get(FutureTask.java:192)
	at org.apache.ratis.server.impl.LeaderElection.waitForResults(LeaderElection.java:259)
	at org.apache.ratis.server.impl.LeaderElection.askForVotes(LeaderElection.java:197)
	at org.apache.ratis.server.impl.LeaderElection.run(LeaderElection.java:133)
	at java.lang.Thread.run(Thread.java:748)
Caused by: org.apache.ratis.thirdparty.io.grpc.StatusRuntimeException: UNAVAILABLE: io exception
	at org.apache.ratis.thirdparty.io.grpc.stub.ClientCalls.toStatusRuntimeException(ClientCalls.java:233)
	at org.apache.ratis.thirdparty.io.grpc.stub.ClientCalls.getUnchecked(ClientCalls.java:214)
	at org.apache.ratis.thirdparty.io.grpc.stub.ClientCalls.blockingUnaryCall(ClientCalls.java:139)
	at org.apache.ratis.proto.grpc.RaftServerProtocolServiceGrpc$RaftServerProtocolServiceBlockingStub.requestVote(RaftServerProtocolServiceGrpc.java:265)
	at org.apache.ratis.grpc.server.GrpcServerProtocolClient.requestVote(GrpcServerProtocolClient.java:99)
	at org.apache.ratis.grpc.server.GrpcService.requestVote(GrpcService.java:204)
	at org.apache.ratis.server.impl.LeaderElection.lambda$submitRequests$1(LeaderElection.java:234)
	at java.util.concurrent.FutureTask.run(FutureTask.java:266)
	at java.util.concurrent.Executors$RunnableAdapter.call(Executors.java:511)
	at java.util.concurrent.FutureTask.run(FutureTask.java:266)
	at java.util.concurrent.ThreadPoolExecutor.runWorker(ThreadPoolExecutor.java:1149)
	at java.util.concurrent.ThreadPoolExecutor$Worker.run(ThreadPoolExecutor.java:624)
	... 1 more
Caused by: org.apache.ratis.thirdparty.io.netty.channel.AbstractChannel$AnnotatedConnectException: Connection refused: /192.168.34.25:39338
	at sun.nio.ch.SocketChannelImpl.checkConnect(Native Method)
	at sun.nio.ch.SocketChannelImpl.finishConnect(SocketChannelImpl.java:717)
	at org.apache.ratis.thirdparty.io.netty.channel.socket.nio.NioSocketChannel.doFinishConnect(NioSocketChannel.java:327)
	at org.apache.ratis.thirdparty.io.netty.channel.nio.AbstractNioChannel$AbstractNioUnsafe.finishConnect(AbstractNioChannel.java:340)
	at org.apache.ratis.thirdparty.io.netty.channel.nio.NioEventLoop.processSelectedKey(NioEventLoop.java:632)
	at org.apache.ratis.thirdparty.io.netty.channel.nio.NioEventLoop.processSelectedKeysOptimized(NioEventLoop.java:579)
	at org.apache.ratis.thirdparty.io.netty.channel.nio.NioEventLoop.processSelectedKeys(NioEventLoop.java:496)
	at org.apache.ratis.thirdparty.io.netty.channel.nio.NioEventLoop.run(NioEventLoop.java:458)
	at org.apache.ratis.thirdparty.io.netty.util.concurrent.SingleThreadEventExecutor$5.run(SingleThreadEventExecutor.java:897)
	at org.apache.ratis.thirdparty.io.netty.util.concurrent.FastThreadLocalRunnable.run(FastThreadLocalRunnable.java:30)
	... 1 more
Caused by: java.net.ConnectException: Connection refused
	... 11 more
2019-10-18 07:24:19,117 [67270882-100a-4e75-928d-618d17e069c8@group-0C9C3B2D0CC1-LeaderElection1280] INFO  impl.LeaderElection (LogUtils.java:infoOrTrace(149)) -   Exception 1: {}
java.util.concurrent.ExecutionException: org.apache.ratis.thirdparty.io.grpc.StatusRuntimeException: UNAVAILABLE: io exception
	at java.util.concurrent.FutureTask.report(FutureTask.java:122)
	at java.util.concurrent.FutureTask.get(FutureTask.java:192)
	at org.apache.ratis.server.impl.LeaderElection.waitForResults(LeaderElection.java:259)
	at org.apache.ratis.server.impl.LeaderElection.askForVotes(LeaderElection.java:197)
	at org.apache.ratis.server.impl.LeaderElection.run(LeaderElection.java:133)
	at java.lang.Thread.run(Thread.java:748)
Caused by: org.apache.ratis.thirdparty.io.grpc.StatusRuntimeException: UNAVAILABLE: io exception
	at org.apache.ratis.thirdparty.io.grpc.stub.ClientCalls.toStatusRuntimeException(ClientCalls.java:233)
	at org.apache.ratis.thirdparty.io.grpc.stub.ClientCalls.getUnchecked(ClientCalls.java:214)
	at org.apache.ratis.thirdparty.io.grpc.stub.ClientCalls.blockingUnaryCall(ClientCalls.java:139)
	at org.apache.ratis.proto.grpc.RaftServerProtocolServiceGrpc$RaftServerProtocolServiceBlockingStub.requestVote(RaftServerProtocolServiceGrpc.java:265)
	at org.apache.ratis.grpc.server.GrpcServerProtocolClient.requestVote(GrpcServerProtocolClient.java:99)
	at org.apache.ratis.grpc.server.GrpcService.requestVote(GrpcService.java:204)
	at org.apache.ratis.server.impl.LeaderElection.lambda$submitRequests$1(LeaderElection.java:234)
	at java.util.concurrent.FutureTask.run(FutureTask.java:266)
	at java.util.concurrent.Executors$RunnableAdapter.call(Executors.java:511)
	at java.util.concurrent.FutureTask.run(FutureTask.java:266)
	at java.util.concurrent.ThreadPoolExecutor.runWorker(ThreadPoolExecutor.java:1149)
	at java.util.concurrent.ThreadPoolExecutor$Worker.run(ThreadPoolExecutor.java:624)
	... 1 more
Caused by: org.apache.ratis.thirdparty.io.netty.channel.AbstractChannel$AnnotatedConnectException: Connection refused: /192.168.34.25:41624
	at sun.nio.ch.SocketChannelImpl.checkConnect(Native Method)
	at sun.nio.ch.SocketChannelImpl.finishConnect(SocketChannelImpl.java:717)
	at org.apache.ratis.thirdparty.io.netty.channel.socket.nio.NioSocketChannel.doFinishConnect(NioSocketChannel.java:327)
	at org.apache.ratis.thirdparty.io.netty.channel.nio.AbstractNioChannel$AbstractNioUnsafe.finishConnect(AbstractNioChannel.java:340)
	at org.apache.ratis.thirdparty.io.netty.channel.nio.NioEventLoop.processSelectedKey(NioEventLoop.java:632)
	at org.apache.ratis.thirdparty.io.netty.channel.nio.NioEventLoop.processSelectedKeysOptimized(NioEventLoop.java:579)
	at org.apache.ratis.thirdparty.io.netty.channel.nio.NioEventLoop.processSelectedKeys(NioEventLoop.java:496)
	at org.apache.ratis.thirdparty.io.netty.channel.nio.NioEventLoop.run(NioEventLoop.java:458)
	at org.apache.ratis.thirdparty.io.netty.util.concurrent.SingleThreadEventExecutor$5.run(SingleThreadEventExecutor.java:897)
	at org.apache.ratis.thirdparty.io.netty.util.concurrent.FastThreadLocalRunnable.run(FastThreadLocalRunnable.java:30)
	... 1 more
Caused by: java.net.ConnectException: Connection refused
	... 11 more
2019-10-18 07:24:19,118 [67270882-100a-4e75-928d-618d17e069c8@group-0C9C3B2D0CC1-LeaderElection1280] INFO  impl.RaftServerImpl (RaftServerImpl.java:setRole(184)) - 67270882-100a-4e75-928d-618d17e069c8@group-0C9C3B2D0CC1: changes role from CANDIDATE to FOLLOWER at term 154 for DISCOVERED_A_NEW_TERM
2019-10-18 07:24:19,118 [67270882-100a-4e75-928d-618d17e069c8@group-0C9C3B2D0CC1-LeaderElection1280] INFO  impl.RoleInfo (RoleInfo.java:shutdownLeaderElection(134)) - 67270882-100a-4e75-928d-618d17e069c8: shutdown LeaderElection
2019-10-18 07:24:19,118 [67270882-100a-4e75-928d-618d17e069c8@group-0C9C3B2D0CC1-LeaderElection1280] INFO  impl.RoleInfo (RoleInfo.java:updateAndGet(143)) - 67270882-100a-4e75-928d-618d17e069c8: start FollowerState
2019-10-18 07:24:19,206 [Thread-11011] INFO  impl.FollowerState (FollowerState.java:run(108)) - 12ad0800-05cb-443c-9fdd-fa1debf04523@group-BCB82A5C07F5-FollowerState: change to CANDIDATE, lastRpcTime:181ms, electionTimeout:181ms
2019-10-18 07:24:19,206 [Thread-11011] INFO  impl.RoleInfo (RoleInfo.java:shutdownFollowerState(121)) - 12ad0800-05cb-443c-9fdd-fa1debf04523: shutdown FollowerState
2019-10-18 07:24:19,206 [Thread-11011] INFO  impl.RaftServerImpl (RaftServerImpl.java:setRole(184)) - 12ad0800-05cb-443c-9fdd-fa1debf04523@group-BCB82A5C07F5: changes role from  FOLLOWER to CANDIDATE at term 228 for changeToCandidate
2019-10-18 07:24:19,206 [Thread-11011] INFO  impl.RoleInfo (RoleInfo.java:updateAndGet(143)) - 12ad0800-05cb-443c-9fdd-fa1debf04523: start LeaderElection
2019-10-18 07:24:19,232 [12ad0800-05cb-443c-9fdd-fa1debf04523@group-BCB82A5C07F5-LeaderElection1281] INFO  impl.LeaderElection (LeaderElection.java:askForVotes(178)) - 12ad0800-05cb-443c-9fdd-fa1debf04523@group-BCB82A5C07F5-LeaderElection1281: begin an election at term 229 for -1: [12ad0800-05cb-443c-9fdd-fa1debf04523:192.168.34.25:41155, 5170c5f3-8499-4b42-9321-85fc8a351f79:192.168.34.25:43074, 0b10a9fc-47eb-4a2b-b664-8273d9d17379:192.168.34.25:45248], old=null
2019-10-18 07:24:19,233 [12ad0800-05cb-443c-9fdd-fa1debf04523@group-BCB82A5C07F5-LeaderElection1281] INFO  impl.LeaderElection (LogUtils.java:infoOrTrace(149)) - 12ad0800-05cb-443c-9fdd-fa1debf04523@group-BCB82A5C07F5-LeaderElection1281 got exception when requesting votes: {}
java.util.concurrent.ExecutionException: org.apache.ratis.thirdparty.io.grpc.StatusRuntimeException: UNAVAILABLE: io exception
	at java.util.concurrent.FutureTask.report(FutureTask.java:122)
	at java.util.concurrent.FutureTask.get(FutureTask.java:192)
	at org.apache.ratis.server.impl.LeaderElection.waitForResults(LeaderElection.java:259)
	at org.apache.ratis.server.impl.LeaderElection.askForVotes(LeaderElection.java:197)
	at org.apache.ratis.server.impl.LeaderElection.run(LeaderElection.java:133)
	at java.lang.Thread.run(Thread.java:748)
Caused by: org.apache.ratis.thirdparty.io.grpc.StatusRuntimeException: UNAVAILABLE: io exception
	at org.apache.ratis.thirdparty.io.grpc.stub.ClientCalls.toStatusRuntimeException(ClientCalls.java:233)
	at org.apache.ratis.thirdparty.io.grpc.stub.ClientCalls.getUnchecked(ClientCalls.java:214)
	at org.apache.ratis.thirdparty.io.grpc.stub.ClientCalls.blockingUnaryCall(ClientCalls.java:139)
	at org.apache.ratis.proto.grpc.RaftServerProtocolServiceGrpc$RaftServerProtocolServiceBlockingStub.requestVote(RaftServerProtocolServiceGrpc.java:265)
	at org.apache.ratis.grpc.server.GrpcServerProtocolClient.requestVote(GrpcServerProtocolClient.java:99)
	at org.apache.ratis.grpc.server.GrpcService.requestVote(GrpcService.java:204)
	at org.apache.ratis.server.impl.LeaderElection.lambda$submitRequests$1(LeaderElection.java:234)
	at java.util.concurrent.FutureTask.run(FutureTask.java:266)
	at java.util.concurrent.Executors$RunnableAdapter.call(Executors.java:511)
	at java.util.concurrent.FutureTask.run(FutureTask.java:266)
	at java.util.concurrent.ThreadPoolExecutor.runWorker(ThreadPoolExecutor.java:1149)
	at java.util.concurrent.ThreadPoolExecutor$Worker.run(ThreadPoolExecutor.java:624)
	... 1 more
Caused by: org.apache.ratis.thirdparty.io.netty.channel.AbstractChannel$AnnotatedConnectException: Connection refused: /192.168.34.25:45248
	at sun.nio.ch.SocketChannelImpl.checkConnect(Native Method)
	at sun.nio.ch.SocketChannelImpl.finishConnect(SocketChannelImpl.java:717)
	at org.apache.ratis.thirdparty.io.netty.channel.socket.nio.NioSocketChannel.doFinishConnect(NioSocketChannel.java:327)
	at org.apache.ratis.thirdparty.io.netty.channel.nio.AbstractNioChannel$AbstractNioUnsafe.finishConnect(AbstractNioChannel.java:340)
	at org.apache.ratis.thirdparty.io.netty.channel.nio.NioEventLoop.processSelectedKey(NioEventLoop.java:632)
	at org.apache.ratis.thirdparty.io.netty.channel.nio.NioEventLoop.processSelectedKeysOptimized(NioEventLoop.java:579)
	at org.apache.ratis.thirdparty.io.netty.channel.nio.NioEventLoop.processSelectedKeys(NioEventLoop.java:496)
	at org.apache.ratis.thirdparty.io.netty.channel.nio.NioEventLoop.run(NioEventLoop.java:458)
	at org.apache.ratis.thirdparty.io.netty.util.concurrent.SingleThreadEventExecutor$5.run(SingleThreadEventExecutor.java:897)
	at org.apache.ratis.thirdparty.io.netty.util.concurrent.FastThreadLocalRunnable.run(FastThreadLocalRunnable.java:30)
	... 1 more
Caused by: java.net.ConnectException: Connection refused
	... 11 more
2019-10-18 07:24:19,234 [grpc-default-executor-4] INFO  impl.RaftServerImpl (RaftServerImpl.java:setRole(184)) - 5170c5f3-8499-4b42-9321-85fc8a351f79@group-BCB82A5C07F5: changes role from  FOLLOWER to FOLLOWER at term 229 for recognizeCandidate:12ad0800-05cb-443c-9fdd-fa1debf04523
2019-10-18 07:24:19,234 [grpc-default-executor-4] INFO  impl.RoleInfo (RoleInfo.java:shutdownFollowerState(121)) - 5170c5f3-8499-4b42-9321-85fc8a351f79: shutdown FollowerState
2019-10-18 07:24:19,234 [grpc-default-executor-4] INFO  impl.RoleInfo (RoleInfo.java:updateAndGet(143)) - 5170c5f3-8499-4b42-9321-85fc8a351f79: start FollowerState
2019-10-18 07:24:19,234 [Thread-11010] INFO  impl.FollowerState (FollowerState.java:run(117)) - 5170c5f3-8499-4b42-9321-85fc8a351f79@group-BCB82A5C07F5-FollowerState was interrupted: java.lang.InterruptedException: sleep interrupted
2019-10-18 07:24:19,258 [12ad0800-05cb-443c-9fdd-fa1debf04523@group-BCB82A5C07F5-LeaderElection1281] INFO  impl.LeaderElection (LeaderElection.java:logAndReturn(56)) - 12ad0800-05cb-443c-9fdd-fa1debf04523@group-BCB82A5C07F5-LeaderElection1281: Election REJECTED; received 1 response(s) [12ad0800-05cb-443c-9fdd-fa1debf04523<-5170c5f3-8499-4b42-9321-85fc8a351f79#0:FAIL-t229] and 1 exception(s); 12ad0800-05cb-443c-9fdd-fa1debf04523@group-BCB82A5C07F5:t229, leader=null, voted=12ad0800-05cb-443c-9fdd-fa1debf04523, raftlog=12ad0800-05cb-443c-9fdd-fa1debf04523@group-BCB82A5C07F5-SegmentedRaftLog:OPENED:c-1,f-1,i0, conf=-1: [12ad0800-05cb-443c-9fdd-fa1debf04523:192.168.34.25:41155, 5170c5f3-8499-4b42-9321-85fc8a351f79:192.168.34.25:43074, 0b10a9fc-47eb-4a2b-b664-8273d9d17379:192.168.34.25:45248], old=null
2019-10-18 07:24:19,258 [12ad0800-05cb-443c-9fdd-fa1debf04523@group-BCB82A5C07F5-LeaderElection1281] INFO  impl.LeaderElection (LogUtils.java:infoOrTrace(149)) -   Exception 0: {}
java.util.concurrent.ExecutionException: org.apache.ratis.thirdparty.io.grpc.StatusRuntimeException: UNAVAILABLE: io exception
	at java.util.concurrent.FutureTask.report(FutureTask.java:122)
	at java.util.concurrent.FutureTask.get(FutureTask.java:192)
	at org.apache.ratis.server.impl.LeaderElection.waitForResults(LeaderElection.java:259)
	at org.apache.ratis.server.impl.LeaderElection.askForVotes(LeaderElection.java:197)
	at org.apache.ratis.server.impl.LeaderElection.run(LeaderElection.java:133)
	at java.lang.Thread.run(Thread.java:748)
Caused by: org.apache.ratis.thirdparty.io.grpc.StatusRuntimeException: UNAVAILABLE: io exception
	at org.apache.ratis.thirdparty.io.grpc.stub.ClientCalls.toStatusRuntimeException(ClientCalls.java:233)
	at org.apache.ratis.thirdparty.io.grpc.stub.ClientCalls.getUnchecked(ClientCalls.java:214)
	at org.apache.ratis.thirdparty.io.grpc.stub.ClientCalls.blockingUnaryCall(ClientCalls.java:139)
	at org.apache.ratis.proto.grpc.RaftServerProtocolServiceGrpc$RaftServerProtocolServiceBlockingStub.requestVote(RaftServerProtocolServiceGrpc.java:265)
	at org.apache.ratis.grpc.server.GrpcServerProtocolClient.requestVote(GrpcServerProtocolClient.java:99)
	at org.apache.ratis.grpc.server.GrpcService.requestVote(GrpcService.java:204)
	at org.apache.ratis.server.impl.LeaderElection.lambda$submitRequests$1(LeaderElection.java:234)
	at java.util.concurrent.FutureTask.run(FutureTask.java:266)
	at java.util.concurrent.Executors$RunnableAdapter.call(Executors.java:511)
	at java.util.concurrent.FutureTask.run(FutureTask.java:266)
	at java.util.concurrent.ThreadPoolExecutor.runWorker(ThreadPoolExecutor.java:1149)
	at java.util.concurrent.ThreadPoolExecutor$Worker.run(ThreadPoolExecutor.java:624)
	... 1 more
Caused by: org.apache.ratis.thirdparty.io.netty.channel.AbstractChannel$AnnotatedConnectException: Connection refused: /192.168.34.25:45248
	at sun.nio.ch.SocketChannelImpl.checkConnect(Native Method)
	at sun.nio.ch.SocketChannelImpl.finishConnect(SocketChannelImpl.java:717)
	at org.apache.ratis.thirdparty.io.netty.channel.socket.nio.NioSocketChannel.doFinishConnect(NioSocketChannel.java:327)
	at org.apache.ratis.thirdparty.io.netty.channel.nio.AbstractNioChannel$AbstractNioUnsafe.finishConnect(AbstractNioChannel.java:340)
	at org.apache.ratis.thirdparty.io.netty.channel.nio.NioEventLoop.processSelectedKey(NioEventLoop.java:632)
	at org.apache.ratis.thirdparty.io.netty.channel.nio.NioEventLoop.processSelectedKeysOptimized(NioEventLoop.java:579)
	at org.apache.ratis.thirdparty.io.netty.channel.nio.NioEventLoop.processSelectedKeys(NioEventLoop.java:496)
	at org.apache.ratis.thirdparty.io.netty.channel.nio.NioEventLoop.run(NioEventLoop.java:458)
	at org.apache.ratis.thirdparty.io.netty.util.concurrent.SingleThreadEventExecutor$5.run(SingleThreadEventExecutor.java:897)
	at org.apache.ratis.thirdparty.io.netty.util.concurrent.FastThreadLocalRunnable.run(FastThreadLocalRunnable.java:30)
	... 1 more
Caused by: java.net.ConnectException: Connection refused
	... 11 more
2019-10-18 07:24:19,259 [12ad0800-05cb-443c-9fdd-fa1debf04523@group-BCB82A5C07F5-LeaderElection1281] INFO  impl.RaftServerImpl (RaftServerImpl.java:setRole(184)) - 12ad0800-05cb-443c-9fdd-fa1debf04523@group-BCB82A5C07F5: changes role from CANDIDATE to FOLLOWER at term 229 for DISCOVERED_A_NEW_TERM
2019-10-18 07:24:19,259 [12ad0800-05cb-443c-9fdd-fa1debf04523@group-BCB82A5C07F5-LeaderElection1281] INFO  impl.RoleInfo (RoleInfo.java:shutdownLeaderElection(134)) - 12ad0800-05cb-443c-9fdd-fa1debf04523: shutdown LeaderElection
2019-10-18 07:24:19,259 [12ad0800-05cb-443c-9fdd-fa1debf04523@group-BCB82A5C07F5-LeaderElection1281] INFO  impl.RoleInfo (RoleInfo.java:updateAndGet(143)) - 12ad0800-05cb-443c-9fdd-fa1debf04523: start FollowerState
2019-10-18 07:24:19,263 [java.util.concurrent.ThreadPoolExecutor$Worker@1ddf09da[State = -1, empty queue]] WARN  server.GrpcLogAppender (GrpcLogAppender.java:timeoutAppendRequest(209)) - 030c2313-1c2c-4b42-81fb-cb58ee93f992@group-E193FE271C99->9712a796-5281-4f3e-ac85-61dedd90db73-GrpcLogAppender: appendEntries Timeout, request=030c2313-1c2c-4b42-81fb-cb58ee93f992->9712a796-5281-4f3e-ac85-61dedd90db73#65-t1, previous=(t:1, i:10), leaderCommit=10, initializing? false, entries: <empty>
2019-10-18 07:24:19,388 [Thread-11020] INFO  impl.FollowerState (FollowerState.java:run(108)) - 12ad0800-05cb-443c-9fdd-fa1debf04523@group-BCB82A5C07F5-FollowerState: change to CANDIDATE, lastRpcTime:129ms, electionTimeout:129ms
2019-10-18 07:24:19,388 [Thread-11020] INFO  impl.RoleInfo (RoleInfo.java:shutdownFollowerState(121)) - 12ad0800-05cb-443c-9fdd-fa1debf04523: shutdown FollowerState
2019-10-18 07:24:19,389 [Thread-11020] INFO  impl.RaftServerImpl (RaftServerImpl.java:setRole(184)) - 12ad0800-05cb-443c-9fdd-fa1debf04523@group-BCB82A5C07F5: changes role from  FOLLOWER to CANDIDATE at term 229 for changeToCandidate
2019-10-18 07:24:19,389 [Thread-11020] INFO  impl.RoleInfo (RoleInfo.java:updateAndGet(143)) - 12ad0800-05cb-443c-9fdd-fa1debf04523: start LeaderElection
2019-10-18 07:24:19,417 [12ad0800-05cb-443c-9fdd-fa1debf04523@group-BCB82A5C07F5-LeaderElection1282] INFO  impl.LeaderElection (LeaderElection.java:askForVotes(178)) - 12ad0800-05cb-443c-9fdd-fa1debf04523@group-BCB82A5C07F5-LeaderElection1282: begin an election at term 230 for -1: [12ad0800-05cb-443c-9fdd-fa1debf04523:192.168.34.25:41155, 5170c5f3-8499-4b42-9321-85fc8a351f79:192.168.34.25:43074, 0b10a9fc-47eb-4a2b-b664-8273d9d17379:192.168.34.25:45248], old=null
2019-10-18 07:24:19,418 [12ad0800-05cb-443c-9fdd-fa1debf04523@group-BCB82A5C07F5-LeaderElection1282] INFO  impl.LeaderElection (LogUtils.java:infoOrTrace(149)) - 12ad0800-05cb-443c-9fdd-fa1debf04523@group-BCB82A5C07F5-LeaderElection1282 got exception when requesting votes: {}
java.util.concurrent.ExecutionException: org.apache.ratis.thirdparty.io.grpc.StatusRuntimeException: UNAVAILABLE: io exception
	at java.util.concurrent.FutureTask.report(FutureTask.java:122)
	at java.util.concurrent.FutureTask.get(FutureTask.java:192)
	at org.apache.ratis.server.impl.LeaderElection.waitForResults(LeaderElection.java:259)
	at org.apache.ratis.server.impl.LeaderElection.askForVotes(LeaderElection.java:197)
	at org.apache.ratis.server.impl.LeaderElection.run(LeaderElection.java:133)
	at java.lang.Thread.run(Thread.java:748)
Caused by: org.apache.ratis.thirdparty.io.grpc.StatusRuntimeException: UNAVAILABLE: io exception
	at org.apache.ratis.thirdparty.io.grpc.stub.ClientCalls.toStatusRuntimeException(ClientCalls.java:233)
	at org.apache.ratis.thirdparty.io.grpc.stub.ClientCalls.getUnchecked(ClientCalls.java:214)
	at org.apache.ratis.thirdparty.io.grpc.stub.ClientCalls.blockingUnaryCall(ClientCalls.java:139)
	at org.apache.ratis.proto.grpc.RaftServerProtocolServiceGrpc$RaftServerProtocolServiceBlockingStub.requestVote(RaftServerProtocolServiceGrpc.java:265)
	at org.apache.ratis.grpc.server.GrpcServerProtocolClient.requestVote(GrpcServerProtocolClient.java:99)
	at org.apache.ratis.grpc.server.GrpcService.requestVote(GrpcService.java:204)
	at org.apache.ratis.server.impl.LeaderElection.lambda$submitRequests$1(LeaderElection.java:234)
	at java.util.concurrent.FutureTask.run(FutureTask.java:266)
	at java.util.concurrent.Executors$RunnableAdapter.call(Executors.java:511)
	at java.util.concurrent.FutureTask.run(FutureTask.java:266)
	at java.util.concurrent.ThreadPoolExecutor.runWorker(ThreadPoolExecutor.java:1149)
	at java.util.concurrent.ThreadPoolExecutor$Worker.run(ThreadPoolExecutor.java:624)
	... 1 more
Caused by: org.apache.ratis.thirdparty.io.netty.channel.AbstractChannel$AnnotatedConnectException: Connection refused: /192.168.34.25:45248
	at sun.nio.ch.SocketChannelImpl.checkConnect(Native Method)
	at sun.nio.ch.SocketChannelImpl.finishConnect(SocketChannelImpl.java:717)
	at org.apache.ratis.thirdparty.io.netty.channel.socket.nio.NioSocketChannel.doFinishConnect(NioSocketChannel.java:327)
	at org.apache.ratis.thirdparty.io.netty.channel.nio.AbstractNioChannel$AbstractNioUnsafe.finishConnect(AbstractNioChannel.java:340)
	at org.apache.ratis.thirdparty.io.netty.channel.nio.NioEventLoop.processSelectedKey(NioEventLoop.java:632)
	at org.apache.ratis.thirdparty.io.netty.channel.nio.NioEventLoop.processSelectedKeysOptimized(NioEventLoop.java:579)
	at org.apache.ratis.thirdparty.io.netty.channel.nio.NioEventLoop.processSelectedKeys(NioEventLoop.java:496)
	at org.apache.ratis.thirdparty.io.netty.channel.nio.NioEventLoop.run(NioEventLoop.java:458)
	at org.apache.ratis.thirdparty.io.netty.util.concurrent.SingleThreadEventExecutor$5.run(SingleThreadEventExecutor.java:897)
	at org.apache.ratis.thirdparty.io.netty.util.concurrent.FastThreadLocalRunnable.run(FastThreadLocalRunnable.java:30)
	... 1 more
Caused by: java.net.ConnectException: Connection refused
	... 11 more
2019-10-18 07:24:19,419 [grpc-default-executor-4] INFO  impl.RaftServerImpl (RaftServerImpl.java:setRole(184)) - 5170c5f3-8499-4b42-9321-85fc8a351f79@group-BCB82A5C07F5: changes role from  FOLLOWER to FOLLOWER at term 230 for recognizeCandidate:12ad0800-05cb-443c-9fdd-fa1debf04523
2019-10-18 07:24:19,419 [grpc-default-executor-4] INFO  impl.RoleInfo (RoleInfo.java:shutdownFollowerState(121)) - 5170c5f3-8499-4b42-9321-85fc8a351f79: shutdown FollowerState
2019-10-18 07:24:19,419 [grpc-default-executor-4] INFO  impl.RoleInfo (RoleInfo.java:updateAndGet(143)) - 5170c5f3-8499-4b42-9321-85fc8a351f79: start FollowerState
2019-10-18 07:24:19,419 [Thread-11019] INFO  impl.FollowerState (FollowerState.java:run(117)) - 5170c5f3-8499-4b42-9321-85fc8a351f79@group-BCB82A5C07F5-FollowerState was interrupted: java.lang.InterruptedException: sleep interrupted
2019-10-18 07:24:19,444 [12ad0800-05cb-443c-9fdd-fa1debf04523@group-BCB82A5C07F5-LeaderElection1282] INFO  impl.LeaderElection (LeaderElection.java:logAndReturn(56)) - 12ad0800-05cb-443c-9fdd-fa1debf04523@group-BCB82A5C07F5-LeaderElection1282: Election REJECTED; received 1 response(s) [12ad0800-05cb-443c-9fdd-fa1debf04523<-5170c5f3-8499-4b42-9321-85fc8a351f79#0:FAIL-t230] and 1 exception(s); 12ad0800-05cb-443c-9fdd-fa1debf04523@group-BCB82A5C07F5:t230, leader=null, voted=12ad0800-05cb-443c-9fdd-fa1debf04523, raftlog=12ad0800-05cb-443c-9fdd-fa1debf04523@group-BCB82A5C07F5-SegmentedRaftLog:OPENED:c-1,f-1,i0, conf=-1: [12ad0800-05cb-443c-9fdd-fa1debf04523:192.168.34.25:41155, 5170c5f3-8499-4b42-9321-85fc8a351f79:192.168.34.25:43074, 0b10a9fc-47eb-4a2b-b664-8273d9d17379:192.168.34.25:45248], old=null
2019-10-18 07:24:19,444 [12ad0800-05cb-443c-9fdd-fa1debf04523@group-BCB82A5C07F5-LeaderElection1282] INFO  impl.LeaderElection (LogUtils.java:infoOrTrace(149)) -   Exception 0: {}
java.util.concurrent.ExecutionException: org.apache.ratis.thirdparty.io.grpc.StatusRuntimeException: UNAVAILABLE: io exception
	at java.util.concurrent.FutureTask.report(FutureTask.java:122)
	at java.util.concurrent.FutureTask.get(FutureTask.java:192)
	at org.apache.ratis.server.impl.LeaderElection.waitForResults(LeaderElection.java:259)
	at org.apache.ratis.server.impl.LeaderElection.askForVotes(LeaderElection.java:197)
	at org.apache.ratis.server.impl.LeaderElection.run(LeaderElection.java:133)
	at java.lang.Thread.run(Thread.java:748)
Caused by: org.apache.ratis.thirdparty.io.grpc.StatusRuntimeException: UNAVAILABLE: io exception
	at org.apache.ratis.thirdparty.io.grpc.stub.ClientCalls.toStatusRuntimeException(ClientCalls.java:233)
	at org.apache.ratis.thirdparty.io.grpc.stub.ClientCalls.getUnchecked(ClientCalls.java:214)
	at org.apache.ratis.thirdparty.io.grpc.stub.ClientCalls.blockingUnaryCall(ClientCalls.java:139)
	at org.apache.ratis.proto.grpc.RaftServerProtocolServiceGrpc$RaftServerProtocolServiceBlockingStub.requestVote(RaftServerProtocolServiceGrpc.java:265)
	at org.apache.ratis.grpc.server.GrpcServerProtocolClient.requestVote(GrpcServerProtocolClient.java:99)
	at org.apache.ratis.grpc.server.GrpcService.requestVote(GrpcService.java:204)
	at org.apache.ratis.server.impl.LeaderElection.lambda$submitRequests$1(LeaderElection.java:234)
	at java.util.concurrent.FutureTask.run(FutureTask.java:266)
	at java.util.concurrent.Executors$RunnableAdapter.call(Executors.java:511)
	at java.util.concurrent.FutureTask.run(FutureTask.java:266)
	at java.util.concurrent.ThreadPoolExecutor.runWorker(ThreadPoolExecutor.java:1149)
	at java.util.concurrent.ThreadPoolExecutor$Worker.run(ThreadPoolExecutor.java:624)
	... 1 more
Caused by: org.apache.ratis.thirdparty.io.netty.channel.AbstractChannel$AnnotatedConnectException: Connection refused: /192.168.34.25:45248
	at sun.nio.ch.SocketChannelImpl.checkConnect(Native Method)
	at sun.nio.ch.SocketChannelImpl.finishConnect(SocketChannelImpl.java:717)
	at org.apache.ratis.thirdparty.io.netty.channel.socket.nio.NioSocketChannel.doFinishConnect(NioSocketChannel.java:327)
	at org.apache.ratis.thirdparty.io.netty.channel.nio.AbstractNioChannel$AbstractNioUnsafe.finishConnect(AbstractNioChannel.java:340)
	at org.apache.ratis.thirdparty.io.netty.channel.nio.NioEventLoop.processSelectedKey(NioEventLoop.java:632)
	at org.apache.ratis.thirdparty.io.netty.channel.nio.NioEventLoop.processSelectedKeysOptimized(NioEventLoop.java:579)
	at org.apache.ratis.thirdparty.io.netty.channel.nio.NioEventLoop.processSelectedKeys(NioEventLoop.java:496)
	at org.apache.ratis.thirdparty.io.netty.channel.nio.NioEventLoop.run(NioEventLoop.java:458)
	at org.apache.ratis.thirdparty.io.netty.util.concurrent.SingleThreadEventExecutor$5.run(SingleThreadEventExecutor.java:897)
	at org.apache.ratis.thirdparty.io.netty.util.concurrent.FastThreadLocalRunnable.run(FastThreadLocalRunnable.java:30)
	... 1 more
Caused by: java.net.ConnectException: Connection refused
	... 11 more
2019-10-18 07:24:19,445 [12ad0800-05cb-443c-9fdd-fa1debf04523@group-BCB82A5C07F5-LeaderElection1282] INFO  impl.RaftServerImpl (RaftServerImpl.java:setRole(184)) - 12ad0800-05cb-443c-9fdd-fa1debf04523@group-BCB82A5C07F5: changes role from CANDIDATE to FOLLOWER at term 230 for DISCOVERED_A_NEW_TERM
2019-10-18 07:24:19,445 [12ad0800-05cb-443c-9fdd-fa1debf04523@group-BCB82A5C07F5-LeaderElection1282] INFO  impl.RoleInfo (RoleInfo.java:shutdownLeaderElection(134)) - 12ad0800-05cb-443c-9fdd-fa1debf04523: shutdown LeaderElection
2019-10-18 07:24:19,445 [12ad0800-05cb-443c-9fdd-fa1debf04523@group-BCB82A5C07F5-LeaderElection1282] INFO  impl.RoleInfo (RoleInfo.java:updateAndGet(143)) - 12ad0800-05cb-443c-9fdd-fa1debf04523: start FollowerState
2019-10-18 07:24:19,466 [ForkJoinPool.commonPool-worker-0] INFO  ozoneimpl.OzoneContainer (OzoneContainer.java:stop(227)) - Attempting to stop container services.
2019-10-18 07:24:19,466 [ForkJoinPool.commonPool-worker-0] INFO  impl.RaftServerProxy (RaftServerProxy.java:lambda$close$4(314)) - 5170c5f3-8499-4b42-9321-85fc8a351f79: close
2019-10-18 07:24:19,466 [ForkJoinPool.commonPool-worker-0] INFO  impl.RaftServerImpl (RaftServerImpl.java:lambda$shutdown$3(261)) - 5170c5f3-8499-4b42-9321-85fc8a351f79@group-BCB82A5C07F5: shutdown
2019-10-18 07:24:19,467 [ForkJoinPool.commonPool-worker-0] INFO  util.JmxRegister (JmxRegister.java:unregister(73)) - Successfully un-registered JMX Bean with object name Ratis:service=RaftServer,group=group-BCB82A5C07F5,id=5170c5f3-8499-4b42-9321-85fc8a351f79
2019-10-18 07:24:19,467 [ForkJoinPool.commonPool-worker-0] INFO  impl.RoleInfo (RoleInfo.java:shutdownFollowerState(121)) - 5170c5f3-8499-4b42-9321-85fc8a351f79: shutdown FollowerState
2019-10-18 07:24:19,467 [ForkJoinPool.commonPool-worker-0] INFO  impl.StateMachineUpdater (StateMachineUpdater.java:stopAndJoin(136)) - 5170c5f3-8499-4b42-9321-85fc8a351f79@group-BCB82A5C07F5-StateMachineUpdater: set stopIndex = -1
2019-10-18 07:24:19,467 [Thread-11025] INFO  impl.FollowerState (FollowerState.java:run(117)) - 5170c5f3-8499-4b42-9321-85fc8a351f79@group-BCB82A5C07F5-FollowerState was interrupted: java.lang.InterruptedException: sleep interrupted
2019-10-18 07:24:19,467 [ForkJoinPool.commonPool-worker-0] INFO  impl.RaftServerImpl (ServerState.java:close(388)) - 5170c5f3-8499-4b42-9321-85fc8a351f79@group-BCB82A5C07F5: closes. applyIndex: -1
2019-10-18 07:24:19,467 [5170c5f3-8499-4b42-9321-85fc8a351f79@group-BCB82A5C07F5-SegmentedRaftLogWorker] INFO  segmented.SegmentedRaftLogWorker (SegmentedRaftLogWorker.java:run(316)) - 5170c5f3-8499-4b42-9321-85fc8a351f79@group-BCB82A5C07F5-SegmentedRaftLogWorker was interrupted, exiting. There are 0 tasks remaining in the queue.
2019-10-18 07:24:19,471 [ForkJoinPool.commonPool-worker-0] INFO  segmented.SegmentedRaftLogWorker (SegmentedRaftLogWorker.java:close(224)) - 5170c5f3-8499-4b42-9321-85fc8a351f79@group-BCB82A5C07F5-SegmentedRaftLogWorker close()
2019-10-18 07:24:19,474 [ForkJoinPool.commonPool-worker-0] INFO  impl.RaftServerImpl (RaftServerImpl.java:lambda$shutdown$3(261)) - 5170c5f3-8499-4b42-9321-85fc8a351f79@group-63EEB8EEAC52: shutdown
2019-10-18 07:24:19,474 [ForkJoinPool.commonPool-worker-0] INFO  util.JmxRegister (JmxRegister.java:unregister(73)) - Successfully un-registered JMX Bean with object name Ratis:service=RaftServer,group=group-63EEB8EEAC52,id=5170c5f3-8499-4b42-9321-85fc8a351f79
2019-10-18 07:24:19,474 [ForkJoinPool.commonPool-worker-0] INFO  impl.RoleInfo (RoleInfo.java:shutdownLeaderState(104)) - 5170c5f3-8499-4b42-9321-85fc8a351f79: shutdown LeaderState
2019-10-18 07:24:19,475 [ForkJoinPool.commonPool-worker-0] INFO  impl.PendingRequests (PendingRequests.java:sendNotLeaderResponses(202)) - 5170c5f3-8499-4b42-9321-85fc8a351f79@group-63EEB8EEAC52-PendingRequests: sendNotLeaderResponses
2019-10-18 07:24:19,475 [ForkJoinPool.commonPool-worker-0] INFO  impl.StateMachineUpdater (StateMachineUpdater.java:stopAndJoin(136)) - 5170c5f3-8499-4b42-9321-85fc8a351f79@group-63EEB8EEAC52-StateMachineUpdater: set stopIndex = 0
2019-10-18 07:24:19,475 [ForkJoinPool.commonPool-worker-0] INFO  impl.RaftServerImpl (ServerState.java:close(388)) - 5170c5f3-8499-4b42-9321-85fc8a351f79@group-63EEB8EEAC52: closes. applyIndex: 0
2019-10-18 07:24:19,475 [5170c5f3-8499-4b42-9321-85fc8a351f79@group-63EEB8EEAC52-SegmentedRaftLogWorker] INFO  segmented.SegmentedRaftLogWorker (SegmentedRaftLogWorker.java:run(316)) - 5170c5f3-8499-4b42-9321-85fc8a351f79@group-63EEB8EEAC52-SegmentedRaftLogWorker was interrupted, exiting. There are 0 tasks remaining in the queue.
2019-10-18 07:24:19,483 [ForkJoinPool.commonPool-worker-0] INFO  segmented.SegmentedRaftLogWorker (SegmentedRaftLogWorker.java:close(224)) - 5170c5f3-8499-4b42-9321-85fc8a351f79@group-63EEB8EEAC52-SegmentedRaftLogWorker close()
2019-10-18 07:24:19,485 [ForkJoinPool.commonPool-worker-0] INFO  server.GrpcService (GrpcService.java:closeImpl(164)) - 5170c5f3-8499-4b42-9321-85fc8a351f79: shutdown server with port 43074 now
2019-10-18 07:24:19,485 [main] INFO  ozoneimpl.OzoneContainer (OzoneContainer.java:stop(227)) - Attempting to stop container services.
2019-10-18 07:24:19,486 [main] INFO  impl.RaftServerProxy (RaftServerProxy.java:lambda$close$4(314)) - 716dc1a1-4b82-41d5-9ffe-93d5e40efbd9: close
2019-10-18 07:24:19,486 [ForkJoinPool.commonPool-worker-0] INFO  server.GrpcService (GrpcService.java:closeImpl(172)) - 5170c5f3-8499-4b42-9321-85fc8a351f79: shutdown server with port 43074 successfully
2019-10-18 07:24:19,487 [main] INFO  impl.RaftServerImpl (RaftServerImpl.java:lambda$shutdown$3(261)) - 716dc1a1-4b82-41d5-9ffe-93d5e40efbd9@group-E193FE271C99: shutdown
2019-10-18 07:24:19,487 [main] INFO  util.JmxRegister (JmxRegister.java:unregister(73)) - Successfully un-registered JMX Bean with object name Ratis:service=RaftServer,group=group-E193FE271C99,id=716dc1a1-4b82-41d5-9ffe-93d5e40efbd9
2019-10-18 07:24:19,487 [main] INFO  impl.RoleInfo (RoleInfo.java:shutdownFollowerState(121)) - 716dc1a1-4b82-41d5-9ffe-93d5e40efbd9: shutdown FollowerState
2019-10-18 07:24:19,488 [main] INFO  impl.StateMachineUpdater (StateMachineUpdater.java:stopAndJoin(136)) - 716dc1a1-4b82-41d5-9ffe-93d5e40efbd9@group-E193FE271C99-StateMachineUpdater: set stopIndex = 10
2019-10-18 07:24:19,488 [716dc1a1-4b82-41d5-9ffe-93d5e40efbd9@group-E193FE271C99-StateMachineUpdater] INFO  ratis.ContainerStateMachine (ContainerStateMachine.java:takeSnapshot(294)) - group-E193FE271C99: Taking a snapshot at:(t:1, i:8) file /workdir/hadoop-ozone/integration-test/target/test-dir/MiniOzoneClusterImpl-f216ddbe-e8b4-4355-85c5-09cf054ba290/datanode-8/data/ratis/1a142e32-f3d3-4f21-8488-e193fe271c99/sm/snapshot.1_8
2019-10-18 07:24:19,488 [Thread-8751] INFO  impl.FollowerState (FollowerState.java:run(117)) - 716dc1a1-4b82-41d5-9ffe-93d5e40efbd9@group-E193FE271C99-FollowerState was interrupted: java.lang.InterruptedException: sleep interrupted
2019-10-18 07:24:19,489 [refreshUsed-/workdir/hadoop-ozone/integration-test/target/test-dir/MiniOzoneClusterImpl-f216ddbe-e8b4-4355-85c5-09cf054ba290/datanode-4/data/containers] WARN  fs.CachingGetSpaceUsed (CachingGetSpaceUsed.java:run(183)) - Thread Interrupted waiting to refresh disk information: sleep interrupted
2019-10-18 07:24:19,505 [ForkJoinPool.commonPool-worker-0] INFO  utils.BackgroundService (BackgroundService.java:shutdown(151)) - Shutting down service BlockDeletingService
2019-10-18 07:24:19,509 [ForkJoinPool.commonPool-worker-0] INFO  statemachine.DatanodeStateMachine (DatanodeStateMachine.java:stopDaemon(395)) - Ozone container server stopped.
2019-10-18 07:24:19,516 [716dc1a1-4b82-41d5-9ffe-93d5e40efbd9@group-E193FE271C99-StateMachineUpdater] INFO  ratis.ContainerStateMachine (ContainerStateMachine.java:takeSnapshot(305)) - group-E193FE271C99: Finished taking a snapshot at:(t:1, i:8) file:/workdir/hadoop-ozone/integration-test/target/test-dir/MiniOzoneClusterImpl-f216ddbe-e8b4-4355-85c5-09cf054ba290/datanode-8/data/ratis/1a142e32-f3d3-4f21-8488-e193fe271c99/sm/snapshot.1_8 time:28
2019-10-18 07:24:19,518 [716dc1a1-4b82-41d5-9ffe-93d5e40efbd9@group-E193FE271C99-StateMachineUpdater] INFO  impl.StateMachineUpdater (StateMachineUpdater.java:takeSnapshot(269)) - 716dc1a1-4b82-41d5-9ffe-93d5e40efbd9@group-E193FE271C99-StateMachineUpdater: Took a snapshot at index 8
2019-10-18 07:24:19,518 [716dc1a1-4b82-41d5-9ffe-93d5e40efbd9@group-E193FE271C99-StateMachineUpdater] INFO  impl.StateMachineUpdater (StateMachineUpdater.java:lambda$new$0(84)) - 716dc1a1-4b82-41d5-9ffe-93d5e40efbd9@group-E193FE271C99-StateMachineUpdater: snapshotIndex: updateIncreasingly -1 -> 8
2019-10-18 07:24:19,524 [ForkJoinPool.commonPool-worker-0] INFO  handler.ContextHandler (ContextHandler.java:doStop(910)) - Stopped o.e.j.w.WebAppContext@2a04ab05{/,null,UNAVAILABLE}{/hddsDatanode}
2019-10-18 07:24:19,524 [716dc1a1-4b82-41d5-9ffe-93d5e40efbd9@group-E193FE271C99-StateMachineUpdater] INFO  ratis.ContainerStateMachine (ContainerStateMachine.java:takeSnapshot(294)) - group-E193FE271C99: Taking a snapshot at:(t:1, i:8) file /workdir/hadoop-ozone/integration-test/target/test-dir/MiniOzoneClusterImpl-f216ddbe-e8b4-4355-85c5-09cf054ba290/datanode-8/data/ratis/1a142e32-f3d3-4f21-8488-e193fe271c99/sm/snapshot.1_8
2019-10-18 07:24:19,525 [ForkJoinPool.commonPool-worker-0] INFO  server.AbstractConnector (AbstractConnector.java:doStop(318)) - Stopped ServerConnector@5ebbde60{HTTP/1.1,[http/1.1]}{0.0.0.0:0}
2019-10-18 07:24:19,527 [ForkJoinPool.commonPool-worker-0] INFO  handler.ContextHandler (ContextHandler.java:doStop(910)) - Stopped o.e.j.s.ServletContextHandler@1144a02b{/static,jar:file:/home/user/.m2/repository/org/apache/hadoop/hadoop-hdds-container-service/0.5.0-SNAPSHOT/hadoop-hdds-container-service-0.5.0-SNAPSHOT.jar!/webapps/static,UNAVAILABLE}
2019-10-18 07:24:19,528 [ForkJoinPool.commonPool-worker-0] INFO  handler.ContextHandler (ContextHandler.java:doStop(910)) - Stopped o.e.j.s.ServletContextHandler@1a88c4f5{/logs,file:///workdir/hadoop-ozone/integration-test/target/log,UNAVAILABLE}
2019-10-18 07:24:19,538 [Thread-11026] INFO  impl.FollowerState (FollowerState.java:run(108)) - 12ad0800-05cb-443c-9fdd-fa1debf04523@group-BCB82A5C07F5-FollowerState: change to CANDIDATE, lastRpcTime:93ms, electionTimeout:93ms
2019-10-18 07:24:19,538 [Thread-11026] INFO  impl.RoleInfo (RoleInfo.java:shutdownFollowerState(121)) - 12ad0800-05cb-443c-9fdd-fa1debf04523: shutdown FollowerState
2019-10-18 07:24:19,538 [Thread-11026] INFO  impl.RaftServerImpl (RaftServerImpl.java:setRole(184)) - 12ad0800-05cb-443c-9fdd-fa1debf04523@group-BCB82A5C07F5: changes role from  FOLLOWER to CANDIDATE at term 230 for changeToCandidate
2019-10-18 07:24:19,538 [Thread-11026] INFO  impl.RoleInfo (RoleInfo.java:updateAndGet(143)) - 12ad0800-05cb-443c-9fdd-fa1debf04523: start LeaderElection
2019-10-18 07:24:19,545 [716dc1a1-4b82-41d5-9ffe-93d5e40efbd9@group-E193FE271C99-StateMachineUpdater] INFO  ratis.ContainerStateMachine (ContainerStateMachine.java:takeSnapshot(305)) - group-E193FE271C99: Finished taking a snapshot at:(t:1, i:8) file:/workdir/hadoop-ozone/integration-test/target/test-dir/MiniOzoneClusterImpl-f216ddbe-e8b4-4355-85c5-09cf054ba290/datanode-8/data/ratis/1a142e32-f3d3-4f21-8488-e193fe271c99/sm/snapshot.1_8 time:21
2019-10-18 07:24:19,545 [716dc1a1-4b82-41d5-9ffe-93d5e40efbd9@group-E193FE271C99-StateMachineUpdater] INFO  impl.StateMachineUpdater (StateMachineUpdater.java:takeSnapshot(269)) - 716dc1a1-4b82-41d5-9ffe-93d5e40efbd9@group-E193FE271C99-StateMachineUpdater: Took a snapshot at index 8
2019-10-18 07:24:19,545 [716dc1a1-4b82-41d5-9ffe-93d5e40efbd9@group-E193FE271C99-StateMachineUpdater] INFO  impl.StateMachineUpdater (StateMachineUpdater.java:lambda$new$0(84)) - 716dc1a1-4b82-41d5-9ffe-93d5e40efbd9@group-E193FE271C99-StateMachineUpdater: snapshotIndex: updateIncreasingly 8 -> 8
2019-10-18 07:24:19,545 [main] INFO  impl.RaftServerImpl (ServerState.java:close(388)) - 716dc1a1-4b82-41d5-9ffe-93d5e40efbd9@group-E193FE271C99: closes. applyIndex: 10
2019-10-18 07:24:19,546 [716dc1a1-4b82-41d5-9ffe-93d5e40efbd9@group-E193FE271C99-SegmentedRaftLogWorker] INFO  segmented.SegmentedRaftLogWorker (SegmentedRaftLogWorker.java:run(316)) - 716dc1a1-4b82-41d5-9ffe-93d5e40efbd9@group-E193FE271C99-SegmentedRaftLogWorker was interrupted, exiting. There are 0 tasks remaining in the queue.
2019-10-18 07:24:19,546 [main] INFO  segmented.SegmentedRaftLogWorker (SegmentedRaftLogWorker.java:close(224)) - 716dc1a1-4b82-41d5-9ffe-93d5e40efbd9@group-E193FE271C99-SegmentedRaftLogWorker close()
2019-10-18 07:24:19,548 [main] INFO  impl.RaftServerImpl (RaftServerImpl.java:lambda$shutdown$3(261)) - 716dc1a1-4b82-41d5-9ffe-93d5e40efbd9@group-5ACBDA0E7FE7: shutdown
2019-10-18 07:24:19,548 [main] INFO  util.JmxRegister (JmxRegister.java:unregister(73)) - Successfully un-registered JMX Bean with object name Ratis:service=RaftServer,group=group-5ACBDA0E7FE7,id=716dc1a1-4b82-41d5-9ffe-93d5e40efbd9
2019-10-18 07:24:19,548 [main] INFO  impl.RoleInfo (RoleInfo.java:shutdownLeaderState(104)) - 716dc1a1-4b82-41d5-9ffe-93d5e40efbd9: shutdown LeaderState
2019-10-18 07:24:19,549 [main] INFO  impl.PendingRequests (PendingRequests.java:sendNotLeaderResponses(202)) - 716dc1a1-4b82-41d5-9ffe-93d5e40efbd9@group-5ACBDA0E7FE7-PendingRequests: sendNotLeaderResponses
2019-10-18 07:24:19,549 [main] INFO  impl.StateMachineUpdater (StateMachineUpdater.java:stopAndJoin(136)) - 716dc1a1-4b82-41d5-9ffe-93d5e40efbd9@group-5ACBDA0E7FE7-StateMachineUpdater: set stopIndex = 0
2019-10-18 07:24:19,549 [main] INFO  impl.RaftServerImpl (ServerState.java:close(388)) - 716dc1a1-4b82-41d5-9ffe-93d5e40efbd9@group-5ACBDA0E7FE7: closes. applyIndex: 0
2019-10-18 07:24:19,550 [716dc1a1-4b82-41d5-9ffe-93d5e40efbd9@group-5ACBDA0E7FE7-SegmentedRaftLogWorker] INFO  segmented.SegmentedRaftLogWorker (SegmentedRaftLogWorker.java:run(316)) - 716dc1a1-4b82-41d5-9ffe-93d5e40efbd9@group-5ACBDA0E7FE7-SegmentedRaftLogWorker was interrupted, exiting. There are 0 tasks remaining in the queue.
2019-10-18 07:24:19,553 [main] INFO  segmented.SegmentedRaftLogWorker (SegmentedRaftLogWorker.java:close(224)) - 716dc1a1-4b82-41d5-9ffe-93d5e40efbd9@group-5ACBDA0E7FE7-SegmentedRaftLogWorker close()
2019-10-18 07:24:19,555 [main] INFO  server.GrpcService (GrpcService.java:closeImpl(164)) - 716dc1a1-4b82-41d5-9ffe-93d5e40efbd9: shutdown server with port 46068 now
2019-10-18 07:24:19,558 [grpc-default-executor-14] WARN  server.GrpcServerProtocolService (LogUtils.java:warn(134)) - 716dc1a1-4b82-41d5-9ffe-93d5e40efbd9: installSnapshot onError, lastRequest: 030c2313-1c2c-4b42-81fb-cb58ee93f992->716dc1a1-4b82-41d5-9ffe-93d5e40efbd9#71-t1, previous=(t:1, i:10), leaderCommit=10, initializing? false, entries: <empty>: org.apache.ratis.thirdparty.io.grpc.StatusRuntimeException: CANCELLED: cancelled before receiving half close
2019-10-18 07:24:19,558 [main] INFO  server.GrpcService (GrpcService.java:closeImpl(172)) - 716dc1a1-4b82-41d5-9ffe-93d5e40efbd9: shutdown server with port 46068 successfully
2019-10-18 07:24:19,558 [grpc-default-executor-12] WARN  server.GrpcLogAppender (LogUtils.java:warn(134)) - 030c2313-1c2c-4b42-81fb-cb58ee93f992@group-E193FE271C99->716dc1a1-4b82-41d5-9ffe-93d5e40efbd9-AppendLogResponseHandler: Failed appendEntries: org.apache.ratis.thirdparty.io.grpc.StatusRuntimeException: CANCELLED: HTTP/2 error code: CANCEL
Received Rst Stream
2019-10-18 07:24:19,561 [refreshUsed-/workdir/hadoop-ozone/integration-test/target/test-dir/MiniOzoneClusterImpl-f216ddbe-e8b4-4355-85c5-09cf054ba290/datanode-8/data/containers] WARN  fs.CachingGetSpaceUsed (CachingGetSpaceUsed.java:run(183)) - Thread Interrupted waiting to refresh disk information: sleep interrupted
2019-10-18 07:24:19,562 [12ad0800-05cb-443c-9fdd-fa1debf04523@group-BCB82A5C07F5-LeaderElection1283] INFO  impl.LeaderElection (LeaderElection.java:askForVotes(178)) - 12ad0800-05cb-443c-9fdd-fa1debf04523@group-BCB82A5C07F5-LeaderElection1283: begin an election at term 231 for -1: [12ad0800-05cb-443c-9fdd-fa1debf04523:192.168.34.25:41155, 5170c5f3-8499-4b42-9321-85fc8a351f79:192.168.34.25:43074, 0b10a9fc-47eb-4a2b-b664-8273d9d17379:192.168.34.25:45248], old=null
2019-10-18 07:24:19,563 [12ad0800-05cb-443c-9fdd-fa1debf04523@group-BCB82A5C07F5-LeaderElection1283] INFO  impl.LeaderElection (LogUtils.java:infoOrTrace(149)) - 12ad0800-05cb-443c-9fdd-fa1debf04523@group-BCB82A5C07F5-LeaderElection1283 got exception when requesting votes: {}
java.util.concurrent.ExecutionException: org.apache.ratis.thirdparty.io.grpc.StatusRuntimeException: UNAVAILABLE: io exception
	at java.util.concurrent.FutureTask.report(FutureTask.java:122)
	at java.util.concurrent.FutureTask.get(FutureTask.java:192)
	at org.apache.ratis.server.impl.LeaderElection.waitForResults(LeaderElection.java:259)
	at org.apache.ratis.server.impl.LeaderElection.askForVotes(LeaderElection.java:197)
	at org.apache.ratis.server.impl.LeaderElection.run(LeaderElection.java:133)
	at java.lang.Thread.run(Thread.java:748)
Caused by: org.apache.ratis.thirdparty.io.grpc.StatusRuntimeException: UNAVAILABLE: io exception
	at org.apache.ratis.thirdparty.io.grpc.stub.ClientCalls.toStatusRuntimeException(ClientCalls.java:233)
	at org.apache.ratis.thirdparty.io.grpc.stub.ClientCalls.getUnchecked(ClientCalls.java:214)
	at org.apache.ratis.thirdparty.io.grpc.stub.ClientCalls.blockingUnaryCall(ClientCalls.java:139)
	at org.apache.ratis.proto.grpc.RaftServerProtocolServiceGrpc$RaftServerProtocolServiceBlockingStub.requestVote(RaftServerProtocolServiceGrpc.java:265)
	at org.apache.ratis.grpc.server.GrpcServerProtocolClient.requestVote(GrpcServerProtocolClient.java:99)
	at org.apache.ratis.grpc.server.GrpcService.requestVote(GrpcService.java:204)
	at org.apache.ratis.server.impl.LeaderElection.lambda$submitRequests$1(LeaderElection.java:234)
	at java.util.concurrent.FutureTask.run(FutureTask.java:266)
	at java.util.concurrent.Executors$RunnableAdapter.call(Executors.java:511)
	at java.util.concurrent.FutureTask.run(FutureTask.java:266)
	at java.util.concurrent.ThreadPoolExecutor.runWorker(ThreadPoolExecutor.java:1149)
	at java.util.concurrent.ThreadPoolExecutor$Worker.run(ThreadPoolExecutor.java:624)
	... 1 more
Caused by: org.apache.ratis.thirdparty.io.netty.channel.AbstractChannel$AnnotatedConnectException: Connection refused: /192.168.34.25:45248
	at sun.nio.ch.SocketChannelImpl.checkConnect(Native Method)
	at sun.nio.ch.SocketChannelImpl.finishConnect(SocketChannelImpl.java:717)
	at org.apache.ratis.thirdparty.io.netty.channel.socket.nio.NioSocketChannel.doFinishConnect(NioSocketChannel.java:327)
	at org.apache.ratis.thirdparty.io.netty.channel.nio.AbstractNioChannel$AbstractNioUnsafe.finishConnect(AbstractNioChannel.java:340)
	at org.apache.ratis.thirdparty.io.netty.channel.nio.NioEventLoop.processSelectedKey(NioEventLoop.java:632)
	at org.apache.ratis.thirdparty.io.netty.channel.nio.NioEventLoop.processSelectedKeysOptimized(NioEventLoop.java:579)
	at org.apache.ratis.thirdparty.io.netty.channel.nio.NioEventLoop.processSelectedKeys(NioEventLoop.java:496)
	at org.apache.ratis.thirdparty.io.netty.channel.nio.NioEventLoop.run(NioEventLoop.java:458)
	at org.apache.ratis.thirdparty.io.netty.util.concurrent.SingleThreadEventExecutor$5.run(SingleThreadEventExecutor.java:897)
	at org.apache.ratis.thirdparty.io.netty.util.concurrent.FastThreadLocalRunnable.run(FastThreadLocalRunnable.java:30)
	... 1 more
Caused by: java.net.ConnectException: Connection refused
	... 11 more
2019-10-18 07:24:19,577 [12ad0800-05cb-443c-9fdd-fa1debf04523@group-BCB82A5C07F5-LeaderElection1283] INFO  impl.LeaderElection (LogUtils.java:infoOrTrace(149)) - 12ad0800-05cb-443c-9fdd-fa1debf04523@group-BCB82A5C07F5-LeaderElection1283 got exception when requesting votes: {}
java.util.concurrent.ExecutionException: org.apache.ratis.thirdparty.io.grpc.StatusRuntimeException: UNAVAILABLE: io exception
	at java.util.concurrent.FutureTask.report(FutureTask.java:122)
	at java.util.concurrent.FutureTask.get(FutureTask.java:192)
	at org.apache.ratis.server.impl.LeaderElection.waitForResults(LeaderElection.java:259)
	at org.apache.ratis.server.impl.LeaderElection.askForVotes(LeaderElection.java:197)
	at org.apache.ratis.server.impl.LeaderElection.run(LeaderElection.java:133)
	at java.lang.Thread.run(Thread.java:748)
Caused by: org.apache.ratis.thirdparty.io.grpc.StatusRuntimeException: UNAVAILABLE: io exception
	at org.apache.ratis.thirdparty.io.grpc.stub.ClientCalls.toStatusRuntimeException(ClientCalls.java:233)
	at org.apache.ratis.thirdparty.io.grpc.stub.ClientCalls.getUnchecked(ClientCalls.java:214)
	at org.apache.ratis.thirdparty.io.grpc.stub.ClientCalls.blockingUnaryCall(ClientCalls.java:139)
	at org.apache.ratis.proto.grpc.RaftServerProtocolServiceGrpc$RaftServerProtocolServiceBlockingStub.requestVote(RaftServerProtocolServiceGrpc.java:265)
	at org.apache.ratis.grpc.server.GrpcServerProtocolClient.requestVote(GrpcServerProtocolClient.java:99)
	at org.apache.ratis.grpc.server.GrpcService.requestVote(GrpcService.java:204)
	at org.apache.ratis.server.impl.LeaderElection.lambda$submitRequests$1(LeaderElection.java:234)
	at java.util.concurrent.FutureTask.run(FutureTask.java:266)
	at java.util.concurrent.Executors$RunnableAdapter.call(Executors.java:511)
	at java.util.concurrent.FutureTask.run(FutureTask.java:266)
	at java.util.concurrent.ThreadPoolExecutor.runWorker(ThreadPoolExecutor.java:1149)
	at java.util.concurrent.ThreadPoolExecutor$Worker.run(ThreadPoolExecutor.java:624)
	... 1 more
Caused by: org.apache.ratis.thirdparty.io.netty.channel.AbstractChannel$AnnotatedConnectException: Connection refused: /192.168.34.25:43074
	at sun.nio.ch.SocketChannelImpl.checkConnect(Native Method)
	at sun.nio.ch.SocketChannelImpl.finishConnect(SocketChannelImpl.java:717)
	at org.apache.ratis.thirdparty.io.netty.channel.socket.nio.NioSocketChannel.doFinishConnect(NioSocketChannel.java:327)
	at org.apache.ratis.thirdparty.io.netty.channel.nio.AbstractNioChannel$AbstractNioUnsafe.finishConnect(AbstractNioChannel.java:340)
	at org.apache.ratis.thirdparty.io.netty.channel.nio.NioEventLoop.processSelectedKey(NioEventLoop.java:632)
	at org.apache.ratis.thirdparty.io.netty.channel.nio.NioEventLoop.processSelectedKeysOptimized(NioEventLoop.java:579)
	at org.apache.ratis.thirdparty.io.netty.channel.nio.NioEventLoop.processSelectedKeys(NioEventLoop.java:496)
	at org.apache.ratis.thirdparty.io.netty.channel.nio.NioEventLoop.run(NioEventLoop.java:458)
	at org.apache.ratis.thirdparty.io.netty.util.concurrent.SingleThreadEventExecutor$5.run(SingleThreadEventExecutor.java:897)
	at org.apache.ratis.thirdparty.io.netty.util.concurrent.FastThreadLocalRunnable.run(FastThreadLocalRunnable.java:30)
	... 1 more
Caused by: java.net.ConnectException: Connection refused
	... 11 more
2019-10-18 07:24:19,578 [12ad0800-05cb-443c-9fdd-fa1debf04523@group-BCB82A5C07F5-LeaderElection1283] INFO  impl.LeaderElection (LeaderElection.java:logAndReturn(56)) - 12ad0800-05cb-443c-9fdd-fa1debf04523@group-BCB82A5C07F5-LeaderElection1283: Election REJECTED; received 0 response(s) [] and 2 exception(s); 12ad0800-05cb-443c-9fdd-fa1debf04523@group-BCB82A5C07F5:t231, leader=null, voted=12ad0800-05cb-443c-9fdd-fa1debf04523, raftlog=12ad0800-05cb-443c-9fdd-fa1debf04523@group-BCB82A5C07F5-SegmentedRaftLog:OPENED:c-1,f-1,i0, conf=-1: [12ad0800-05cb-443c-9fdd-fa1debf04523:192.168.34.25:41155, 5170c5f3-8499-4b42-9321-85fc8a351f79:192.168.34.25:43074, 0b10a9fc-47eb-4a2b-b664-8273d9d17379:192.168.34.25:45248], old=null
2019-10-18 07:24:19,578 [12ad0800-05cb-443c-9fdd-fa1debf04523@group-BCB82A5C07F5-LeaderElection1283] INFO  impl.LeaderElection (LogUtils.java:infoOrTrace(149)) -   Exception 0: {}
java.util.concurrent.ExecutionException: org.apache.ratis.thirdparty.io.grpc.StatusRuntimeException: UNAVAILABLE: io exception
	at java.util.concurrent.FutureTask.report(FutureTask.java:122)
	at java.util.concurrent.FutureTask.get(FutureTask.java:192)
	at org.apache.ratis.server.impl.LeaderElection.waitForResults(LeaderElection.java:259)
	at org.apache.ratis.server.impl.LeaderElection.askForVotes(LeaderElection.java:197)
	at org.apache.ratis.server.impl.LeaderElection.run(LeaderElection.java:133)
	at java.lang.Thread.run(Thread.java:748)
Caused by: org.apache.ratis.thirdparty.io.grpc.StatusRuntimeException: UNAVAILABLE: io exception
	at org.apache.ratis.thirdparty.io.grpc.stub.ClientCalls.toStatusRuntimeException(ClientCalls.java:233)
	at org.apache.ratis.thirdparty.io.grpc.stub.ClientCalls.getUnchecked(ClientCalls.java:214)
	at org.apache.ratis.thirdparty.io.grpc.stub.ClientCalls.blockingUnaryCall(ClientCalls.java:139)
	at org.apache.ratis.proto.grpc.RaftServerProtocolServiceGrpc$RaftServerProtocolServiceBlockingStub.requestVote(RaftServerProtocolServiceGrpc.java:265)
	at org.apache.ratis.grpc.server.GrpcServerProtocolClient.requestVote(GrpcServerProtocolClient.java:99)
	at org.apache.ratis.grpc.server.GrpcService.requestVote(GrpcService.java:204)
	at org.apache.ratis.server.impl.LeaderElection.lambda$submitRequests$1(LeaderElection.java:234)
	at java.util.concurrent.FutureTask.run(FutureTask.java:266)
	at java.util.concurrent.Executors$RunnableAdapter.call(Executors.java:511)
	at java.util.concurrent.FutureTask.run(FutureTask.java:266)
	at java.util.concurrent.ThreadPoolExecutor.runWorker(ThreadPoolExecutor.java:1149)
	at java.util.concurrent.ThreadPoolExecutor$Worker.run(ThreadPoolExecutor.java:624)
	... 1 more
Caused by: org.apache.ratis.thirdparty.io.netty.channel.AbstractChannel$AnnotatedConnectException: Connection refused: /192.168.34.25:45248
	at sun.nio.ch.SocketChannelImpl.checkConnect(Native Method)
	at sun.nio.ch.SocketChannelImpl.finishConnect(SocketChannelImpl.java:717)
	at org.apache.ratis.thirdparty.io.netty.channel.socket.nio.NioSocketChannel.doFinishConnect(NioSocketChannel.java:327)
	at org.apache.ratis.thirdparty.io.netty.channel.nio.AbstractNioChannel$AbstractNioUnsafe.finishConnect(AbstractNioChannel.java:340)
	at org.apache.ratis.thirdparty.io.netty.channel.nio.NioEventLoop.processSelectedKey(NioEventLoop.java:632)
	at org.apache.ratis.thirdparty.io.netty.channel.nio.NioEventLoop.processSelectedKeysOptimized(NioEventLoop.java:579)
	at org.apache.ratis.thirdparty.io.netty.channel.nio.NioEventLoop.processSelectedKeys(NioEventLoop.java:496)
	at org.apache.ratis.thirdparty.io.netty.channel.nio.NioEventLoop.run(NioEventLoop.java:458)
	at org.apache.ratis.thirdparty.io.netty.util.concurrent.SingleThreadEventExecutor$5.run(SingleThreadEventExecutor.java:897)
	at org.apache.ratis.thirdparty.io.netty.util.concurrent.FastThreadLocalRunnable.run(FastThreadLocalRunnable.java:30)
	... 1 more
Caused by: java.net.ConnectException: Connection refused
	... 11 more
2019-10-18 07:24:19,578 [12ad0800-05cb-443c-9fdd-fa1debf04523@group-BCB82A5C07F5-LeaderElection1283] INFO  impl.LeaderElection (LogUtils.java:infoOrTrace(149)) -   Exception 1: {}
java.util.concurrent.ExecutionException: org.apache.ratis.thirdparty.io.grpc.StatusRuntimeException: UNAVAILABLE: io exception
	at java.util.concurrent.FutureTask.report(FutureTask.java:122)
	at java.util.concurrent.FutureTask.get(FutureTask.java:192)
	at org.apache.ratis.server.impl.LeaderElection.waitForResults(LeaderElection.java:259)
	at org.apache.ratis.server.impl.LeaderElection.askForVotes(LeaderElection.java:197)
	at org.apache.ratis.server.impl.LeaderElection.run(LeaderElection.java:133)
	at java.lang.Thread.run(Thread.java:748)
Caused by: org.apache.ratis.thirdparty.io.grpc.StatusRuntimeException: UNAVAILABLE: io exception
	at org.apache.ratis.thirdparty.io.grpc.stub.ClientCalls.toStatusRuntimeException(ClientCalls.java:233)
	at org.apache.ratis.thirdparty.io.grpc.stub.ClientCalls.getUnchecked(ClientCalls.java:214)
	at org.apache.ratis.thirdparty.io.grpc.stub.ClientCalls.blockingUnaryCall(ClientCalls.java:139)
	at org.apache.ratis.proto.grpc.RaftServerProtocolServiceGrpc$RaftServerProtocolServiceBlockingStub.requestVote(RaftServerProtocolServiceGrpc.java:265)
	at org.apache.ratis.grpc.server.GrpcServerProtocolClient.requestVote(GrpcServerProtocolClient.java:99)
	at org.apache.ratis.grpc.server.GrpcService.requestVote(GrpcService.java:204)
	at org.apache.ratis.server.impl.LeaderElection.lambda$submitRequests$1(LeaderElection.java:234)
	at java.util.concurrent.FutureTask.run(FutureTask.java:266)
	at java.util.concurrent.Executors$RunnableAdapter.call(Executors.java:511)
	at java.util.concurrent.FutureTask.run(FutureTask.java:266)
	at java.util.concurrent.ThreadPoolExecutor.runWorker(ThreadPoolExecutor.java:1149)
	at java.util.concurrent.ThreadPoolExecutor$Worker.run(ThreadPoolExecutor.java:624)
	... 1 more
Caused by: org.apache.ratis.thirdparty.io.netty.channel.AbstractChannel$AnnotatedConnectException: Connection refused: /192.168.34.25:43074
	at sun.nio.ch.SocketChannelImpl.checkConnect(Native Method)
	at sun.nio.ch.SocketChannelImpl.finishConnect(SocketChannelImpl.java:717)
	at org.apache.ratis.thirdparty.io.netty.channel.socket.nio.NioSocketChannel.doFinishConnect(NioSocketChannel.java:327)
	at org.apache.ratis.thirdparty.io.netty.channel.nio.AbstractNioChannel$AbstractNioUnsafe.finishConnect(AbstractNioChannel.java:340)
	at org.apache.ratis.thirdparty.io.netty.channel.nio.NioEventLoop.processSelectedKey(NioEventLoop.java:632)
	at org.apache.ratis.thirdparty.io.netty.channel.nio.NioEventLoop.processSelectedKeysOptimized(NioEventLoop.java:579)
	at org.apache.ratis.thirdparty.io.netty.channel.nio.NioEventLoop.processSelectedKeys(NioEventLoop.java:496)
	at org.apache.ratis.thirdparty.io.netty.channel.nio.NioEventLoop.run(NioEventLoop.java:458)
	at org.apache.ratis.thirdparty.io.netty.util.concurrent.SingleThreadEventExecutor$5.run(SingleThreadEventExecutor.java:897)
	at org.apache.ratis.thirdparty.io.netty.util.concurrent.FastThreadLocalRunnable.run(FastThreadLocalRunnable.java:30)
	... 1 more
Caused by: java.net.ConnectException: Connection refused
	... 11 more
2019-10-18 07:24:19,578 [12ad0800-05cb-443c-9fdd-fa1debf04523@group-BCB82A5C07F5-LeaderElection1283] INFO  impl.RaftServerImpl (RaftServerImpl.java:setRole(184)) - 12ad0800-05cb-443c-9fdd-fa1debf04523@group-BCB82A5C07F5: changes role from CANDIDATE to FOLLOWER at term 231 for DISCOVERED_A_NEW_TERM
2019-10-18 07:24:19,579 [12ad0800-05cb-443c-9fdd-fa1debf04523@group-BCB82A5C07F5-LeaderElection1283] INFO  impl.RoleInfo (RoleInfo.java:shutdownLeaderElection(134)) - 12ad0800-05cb-443c-9fdd-fa1debf04523: shutdown LeaderElection
2019-10-18 07:24:19,579 [12ad0800-05cb-443c-9fdd-fa1debf04523@group-BCB82A5C07F5-LeaderElection1283] INFO  impl.RoleInfo (RoleInfo.java:updateAndGet(143)) - 12ad0800-05cb-443c-9fdd-fa1debf04523: start FollowerState
2019-10-18 07:24:19,587 [main] INFO  utils.BackgroundService (BackgroundService.java:shutdown(151)) - Shutting down service BlockDeletingService
2019-10-18 07:24:19,592 [main] INFO  statemachine.DatanodeStateMachine (DatanodeStateMachine.java:stopDaemon(395)) - Ozone container server stopped.
2019-10-18 07:24:19,593 [main] INFO  handler.ContextHandler (ContextHandler.java:doStop(910)) - Stopped o.e.j.w.WebAppContext@2bdab835{/,null,UNAVAILABLE}{/hddsDatanode}
2019-10-18 07:24:19,594 [main] INFO  server.AbstractConnector (AbstractConnector.java:doStop(318)) - Stopped ServerConnector@7b8aebd0{HTTP/1.1,[http/1.1]}{0.0.0.0:0}
2019-10-18 07:24:19,594 [main] INFO  handler.ContextHandler (ContextHandler.java:doStop(910)) - Stopped o.e.j.s.ServletContextHandler@221ca495{/static,jar:file:/home/user/.m2/repository/org/apache/hadoop/hadoop-hdds-container-service/0.5.0-SNAPSHOT/hadoop-hdds-container-service-0.5.0-SNAPSHOT.jar!/webapps/static,UNAVAILABLE}
2019-10-18 07:24:19,594 [main] INFO  handler.ContextHandler (ContextHandler.java:doStop(910)) - Stopped o.e.j.s.ServletContextHandler@3ccb12d{/logs,file:///workdir/hadoop-ozone/integration-test/target/log,UNAVAILABLE}
2019-10-18 07:24:19,601 [Thread-11030] INFO  impl.FollowerState (FollowerState.java:run(108)) - 12ad0800-05cb-443c-9fdd-fa1debf04523@group-BCB82A5C07F5-FollowerState: change to CANDIDATE, lastRpcTime:22ms, electionTimeout:22ms
2019-10-18 07:24:19,601 [Thread-11030] INFO  impl.RoleInfo (RoleInfo.java:shutdownFollowerState(121)) - 12ad0800-05cb-443c-9fdd-fa1debf04523: shutdown FollowerState
2019-10-18 07:24:19,601 [Thread-11030] INFO  impl.RaftServerImpl (RaftServerImpl.java:setRole(184)) - 12ad0800-05cb-443c-9fdd-fa1debf04523@group-BCB82A5C07F5: changes role from  FOLLOWER to CANDIDATE at term 231 for changeToCandidate
2019-10-18 07:24:19,601 [Thread-11030] INFO  impl.RoleInfo (RoleInfo.java:updateAndGet(143)) - 12ad0800-05cb-443c-9fdd-fa1debf04523: start LeaderElection
2019-10-18 07:24:19,630 [12ad0800-05cb-443c-9fdd-fa1debf04523@group-BCB82A5C07F5-LeaderElection1284] INFO  impl.LeaderElection (LeaderElection.java:askForVotes(178)) - 12ad0800-05cb-443c-9fdd-fa1debf04523@group-BCB82A5C07F5-LeaderElection1284: begin an election at term 232 for -1: [12ad0800-05cb-443c-9fdd-fa1debf04523:192.168.34.25:41155, 5170c5f3-8499-4b42-9321-85fc8a351f79:192.168.34.25:43074, 0b10a9fc-47eb-4a2b-b664-8273d9d17379:192.168.34.25:45248], old=null
2019-10-18 07:24:19,630 [12ad0800-05cb-443c-9fdd-fa1debf04523@group-BCB82A5C07F5-LeaderElection1284] INFO  impl.LeaderElection (LogUtils.java:infoOrTrace(149)) - 12ad0800-05cb-443c-9fdd-fa1debf04523@group-BCB82A5C07F5-LeaderElection1284 got exception when requesting votes: {}
java.util.concurrent.ExecutionException: org.apache.ratis.thirdparty.io.grpc.StatusRuntimeException: UNAVAILABLE: io exception
	at java.util.concurrent.FutureTask.report(FutureTask.java:122)
	at java.util.concurrent.FutureTask.get(FutureTask.java:192)
	at org.apache.ratis.server.impl.LeaderElection.waitForResults(LeaderElection.java:259)
	at org.apache.ratis.server.impl.LeaderElection.askForVotes(LeaderElection.java:197)
	at org.apache.ratis.server.impl.LeaderElection.run(LeaderElection.java:133)
	at java.lang.Thread.run(Thread.java:748)
Caused by: org.apache.ratis.thirdparty.io.grpc.StatusRuntimeException: UNAVAILABLE: io exception
	at org.apache.ratis.thirdparty.io.grpc.stub.ClientCalls.toStatusRuntimeException(ClientCalls.java:233)
	at org.apache.ratis.thirdparty.io.grpc.stub.ClientCalls.getUnchecked(ClientCalls.java:214)
	at org.apache.ratis.thirdparty.io.grpc.stub.ClientCalls.blockingUnaryCall(ClientCalls.java:139)
	at org.apache.ratis.proto.grpc.RaftServerProtocolServiceGrpc$RaftServerProtocolServiceBlockingStub.requestVote(RaftServerProtocolServiceGrpc.java:265)
	at org.apache.ratis.grpc.server.GrpcServerProtocolClient.requestVote(GrpcServerProtocolClient.java:99)
	at org.apache.ratis.grpc.server.GrpcService.requestVote(GrpcService.java:204)
	at org.apache.ratis.server.impl.LeaderElection.lambda$submitRequests$1(LeaderElection.java:234)
	at java.util.concurrent.FutureTask.run(FutureTask.java:266)
	at java.util.concurrent.Executors$RunnableAdapter.call(Executors.java:511)
	at java.util.concurrent.FutureTask.run(FutureTask.java:266)
	at java.util.concurrent.ThreadPoolExecutor.runWorker(ThreadPoolExecutor.java:1149)
	at java.util.concurrent.ThreadPoolExecutor$Worker.run(ThreadPoolExecutor.java:624)
	... 1 more
Caused by: org.apache.ratis.thirdparty.io.netty.channel.AbstractChannel$AnnotatedConnectException: Connection refused: /192.168.34.25:43074
	at sun.nio.ch.SocketChannelImpl.checkConnect(Native Method)
	at sun.nio.ch.SocketChannelImpl.finishConnect(SocketChannelImpl.java:717)
	at org.apache.ratis.thirdparty.io.netty.channel.socket.nio.NioSocketChannel.doFinishConnect(NioSocketChannel.java:327)
	at org.apache.ratis.thirdparty.io.netty.channel.nio.AbstractNioChannel$AbstractNioUnsafe.finishConnect(AbstractNioChannel.java:340)
	at org.apache.ratis.thirdparty.io.netty.channel.nio.NioEventLoop.processSelectedKey(NioEventLoop.java:632)
	at org.apache.ratis.thirdparty.io.netty.channel.nio.NioEventLoop.processSelectedKeysOptimized(NioEventLoop.java:579)
	at org.apache.ratis.thirdparty.io.netty.channel.nio.NioEventLoop.processSelectedKeys(NioEventLoop.java:496)
	at org.apache.ratis.thirdparty.io.netty.channel.nio.NioEventLoop.run(NioEventLoop.java:458)
	at org.apache.ratis.thirdparty.io.netty.util.concurrent.SingleThreadEventExecutor$5.run(SingleThreadEventExecutor.java:897)
	at org.apache.ratis.thirdparty.io.netty.util.concurrent.FastThreadLocalRunnable.run(FastThreadLocalRunnable.java:30)
	... 1 more
Caused by: java.net.ConnectException: Connection refused
	... 11 more
2019-10-18 07:24:19,631 [12ad0800-05cb-443c-9fdd-fa1debf04523@group-BCB82A5C07F5-LeaderElection1284] INFO  impl.LeaderElection (LogUtils.java:infoOrTrace(149)) - 12ad0800-05cb-443c-9fdd-fa1debf04523@group-BCB82A5C07F5-LeaderElection1284 got exception when requesting votes: {}
java.util.concurrent.ExecutionException: org.apache.ratis.thirdparty.io.grpc.StatusRuntimeException: UNAVAILABLE: io exception
	at java.util.concurrent.FutureTask.report(FutureTask.java:122)
	at java.util.concurrent.FutureTask.get(FutureTask.java:192)
	at org.apache.ratis.server.impl.LeaderElection.waitForResults(LeaderElection.java:259)
	at org.apache.ratis.server.impl.LeaderElection.askForVotes(LeaderElection.java:197)
	at org.apache.ratis.server.impl.LeaderElection.run(LeaderElection.java:133)
	at java.lang.Thread.run(Thread.java:748)
Caused by: org.apache.ratis.thirdparty.io.grpc.StatusRuntimeException: UNAVAILABLE: io exception
	at org.apache.ratis.thirdparty.io.grpc.stub.ClientCalls.toStatusRuntimeException(ClientCalls.java:233)
	at org.apache.ratis.thirdparty.io.grpc.stub.ClientCalls.getUnchecked(ClientCalls.java:214)
	at org.apache.ratis.thirdparty.io.grpc.stub.ClientCalls.blockingUnaryCall(ClientCalls.java:139)
	at org.apache.ratis.proto.grpc.RaftServerProtocolServiceGrpc$RaftServerProtocolServiceBlockingStub.requestVote(RaftServerProtocolServiceGrpc.java:265)
	at org.apache.ratis.grpc.server.GrpcServerProtocolClient.requestVote(GrpcServerProtocolClient.java:99)
	at org.apache.ratis.grpc.server.GrpcService.requestVote(GrpcService.java:204)
	at org.apache.ratis.server.impl.LeaderElection.lambda$submitRequests$1(LeaderElection.java:234)
	at java.util.concurrent.FutureTask.run(FutureTask.java:266)
	at java.util.concurrent.Executors$RunnableAdapter.call(Executors.java:511)
	at java.util.concurrent.FutureTask.run(FutureTask.java:266)
	at java.util.concurrent.ThreadPoolExecutor.runWorker(ThreadPoolExecutor.java:1149)
	at java.util.concurrent.ThreadPoolExecutor$Worker.run(ThreadPoolExecutor.java:624)
	... 1 more
Caused by: org.apache.ratis.thirdparty.io.netty.channel.AbstractChannel$AnnotatedConnectException: Connection refused: /192.168.34.25:45248
	at sun.nio.ch.SocketChannelImpl.checkConnect(Native Method)
	at sun.nio.ch.SocketChannelImpl.finishConnect(SocketChannelImpl.java:717)
	at org.apache.ratis.thirdparty.io.netty.channel.socket.nio.NioSocketChannel.doFinishConnect(NioSocketChannel.java:327)
	at org.apache.ratis.thirdparty.io.netty.channel.nio.AbstractNioChannel$AbstractNioUnsafe.finishConnect(AbstractNioChannel.java:340)
	at org.apache.ratis.thirdparty.io.netty.channel.nio.NioEventLoop.processSelectedKey(NioEventLoop.java:632)
	at org.apache.ratis.thirdparty.io.netty.channel.nio.NioEventLoop.processSelectedKeysOptimized(NioEventLoop.java:579)
	at org.apache.ratis.thirdparty.io.netty.channel.nio.NioEventLoop.processSelectedKeys(NioEventLoop.java:496)
	at org.apache.ratis.thirdparty.io.netty.channel.nio.NioEventLoop.run(NioEventLoop.java:458)
	at org.apache.ratis.thirdparty.io.netty.util.concurrent.SingleThreadEventExecutor$5.run(SingleThreadEventExecutor.java:897)
	at org.apache.ratis.thirdparty.io.netty.util.concurrent.FastThreadLocalRunnable.run(FastThreadLocalRunnable.java:30)
	... 1 more
Caused by: java.net.ConnectException: Connection refused
	... 11 more
2019-10-18 07:24:19,631 [12ad0800-05cb-443c-9fdd-fa1debf04523@group-BCB82A5C07F5-LeaderElection1284] INFO  impl.LeaderElection (LeaderElection.java:logAndReturn(56)) - 12ad0800-05cb-443c-9fdd-fa1debf04523@group-BCB82A5C07F5-LeaderElection1284: Election REJECTED; received 0 response(s) [] and 2 exception(s); 12ad0800-05cb-443c-9fdd-fa1debf04523@group-BCB82A5C07F5:t232, leader=null, voted=12ad0800-05cb-443c-9fdd-fa1debf04523, raftlog=12ad0800-05cb-443c-9fdd-fa1debf04523@group-BCB82A5C07F5-SegmentedRaftLog:OPENED:c-1,f-1,i0, conf=-1: [12ad0800-05cb-443c-9fdd-fa1debf04523:192.168.34.25:41155, 5170c5f3-8499-4b42-9321-85fc8a351f79:192.168.34.25:43074, 0b10a9fc-47eb-4a2b-b664-8273d9d17379:192.168.34.25:45248], old=null
2019-10-18 07:24:19,631 [12ad0800-05cb-443c-9fdd-fa1debf04523@group-BCB82A5C07F5-LeaderElection1284] INFO  impl.LeaderElection (LogUtils.java:infoOrTrace(149)) -   Exception 0: {}
java.util.concurrent.ExecutionException: org.apache.ratis.thirdparty.io.grpc.StatusRuntimeException: UNAVAILABLE: io exception
	at java.util.concurrent.FutureTask.report(FutureTask.java:122)
	at java.util.concurrent.FutureTask.get(FutureTask.java:192)
	at org.apache.ratis.server.impl.LeaderElection.waitForResults(LeaderElection.java:259)
	at org.apache.ratis.server.impl.LeaderElection.askForVotes(LeaderElection.java:197)
	at org.apache.ratis.server.impl.LeaderElection.run(LeaderElection.java:133)
	at java.lang.Thread.run(Thread.java:748)
Caused by: org.apache.ratis.thirdparty.io.grpc.StatusRuntimeException: UNAVAILABLE: io exception
	at org.apache.ratis.thirdparty.io.grpc.stub.ClientCalls.toStatusRuntimeException(ClientCalls.java:233)
	at org.apache.ratis.thirdparty.io.grpc.stub.ClientCalls.getUnchecked(ClientCalls.java:214)
	at org.apache.ratis.thirdparty.io.grpc.stub.ClientCalls.blockingUnaryCall(ClientCalls.java:139)
	at org.apache.ratis.proto.grpc.RaftServerProtocolServiceGrpc$RaftServerProtocolServiceBlockingStub.requestVote(RaftServerProtocolServiceGrpc.java:265)
	at org.apache.ratis.grpc.server.GrpcServerProtocolClient.requestVote(GrpcServerProtocolClient.java:99)
	at org.apache.ratis.grpc.server.GrpcService.requestVote(GrpcService.java:204)
	at org.apache.ratis.server.impl.LeaderElection.lambda$submitRequests$1(LeaderElection.java:234)
	at java.util.concurrent.FutureTask.run(FutureTask.java:266)
	at java.util.concurrent.Executors$RunnableAdapter.call(Executors.java:511)
	at java.util.concurrent.FutureTask.run(FutureTask.java:266)
	at java.util.concurrent.ThreadPoolExecutor.runWorker(ThreadPoolExecutor.java:1149)
	at java.util.concurrent.ThreadPoolExecutor$Worker.run(ThreadPoolExecutor.java:624)
	... 1 more
Caused by: org.apache.ratis.thirdparty.io.netty.channel.AbstractChannel$AnnotatedConnectException: Connection refused: /192.168.34.25:43074
	at sun.nio.ch.SocketChannelImpl.checkConnect(Native Method)
	at sun.nio.ch.SocketChannelImpl.finishConnect(SocketChannelImpl.java:717)
	at org.apache.ratis.thirdparty.io.netty.channel.socket.nio.NioSocketChannel.doFinishConnect(NioSocketChannel.java:327)
	at org.apache.ratis.thirdparty.io.netty.channel.nio.AbstractNioChannel$AbstractNioUnsafe.finishConnect(AbstractNioChannel.java:340)
	at org.apache.ratis.thirdparty.io.netty.channel.nio.NioEventLoop.processSelectedKey(NioEventLoop.java:632)
	at org.apache.ratis.thirdparty.io.netty.channel.nio.NioEventLoop.processSelectedKeysOptimized(NioEventLoop.java:579)
	at org.apache.ratis.thirdparty.io.netty.channel.nio.NioEventLoop.processSelectedKeys(NioEventLoop.java:496)
	at org.apache.ratis.thirdparty.io.netty.channel.nio.NioEventLoop.run(NioEventLoop.java:458)
	at org.apache.ratis.thirdparty.io.netty.util.concurrent.SingleThreadEventExecutor$5.run(SingleThreadEventExecutor.java:897)
	at org.apache.ratis.thirdparty.io.netty.util.concurrent.FastThreadLocalRunnable.run(FastThreadLocalRunnable.java:30)
	... 1 more
Caused by: java.net.ConnectException: Connection refused
	... 11 more
2019-10-18 07:24:19,631 [12ad0800-05cb-443c-9fdd-fa1debf04523@group-BCB82A5C07F5-LeaderElection1284] INFO  impl.LeaderElection (LogUtils.java:infoOrTrace(149)) -   Exception 1: {}
java.util.concurrent.ExecutionException: org.apache.ratis.thirdparty.io.grpc.StatusRuntimeException: UNAVAILABLE: io exception
	at java.util.concurrent.FutureTask.report(FutureTask.java:122)
	at java.util.concurrent.FutureTask.get(FutureTask.java:192)
	at org.apache.ratis.server.impl.LeaderElection.waitForResults(LeaderElection.java:259)
	at org.apache.ratis.server.impl.LeaderElection.askForVotes(LeaderElection.java:197)
	at org.apache.ratis.server.impl.LeaderElection.run(LeaderElection.java:133)
	at java.lang.Thread.run(Thread.java:748)
Caused by: org.apache.ratis.thirdparty.io.grpc.StatusRuntimeException: UNAVAILABLE: io exception
	at org.apache.ratis.thirdparty.io.grpc.stub.ClientCalls.toStatusRuntimeException(ClientCalls.java:233)
	at org.apache.ratis.thirdparty.io.grpc.stub.ClientCalls.getUnchecked(ClientCalls.java:214)
	at org.apache.ratis.thirdparty.io.grpc.stub.ClientCalls.blockingUnaryCall(ClientCalls.java:139)
	at org.apache.ratis.proto.grpc.RaftServerProtocolServiceGrpc$RaftServerProtocolServiceBlockingStub.requestVote(RaftServerProtocolServiceGrpc.java:265)
	at org.apache.ratis.grpc.server.GrpcServerProtocolClient.requestVote(GrpcServerProtocolClient.java:99)
	at org.apache.ratis.grpc.server.GrpcService.requestVote(GrpcService.java:204)
	at org.apache.ratis.server.impl.LeaderElection.lambda$submitRequests$1(LeaderElection.java:234)
	at java.util.concurrent.FutureTask.run(FutureTask.java:266)
	at java.util.concurrent.Executors$RunnableAdapter.call(Executors.java:511)
	at java.util.concurrent.FutureTask.run(FutureTask.java:266)
	at java.util.concurrent.ThreadPoolExecutor.runWorker(ThreadPoolExecutor.java:1149)
	at java.util.concurrent.ThreadPoolExecutor$Worker.run(ThreadPoolExecutor.java:624)
	... 1 more
Caused by: org.apache.ratis.thirdparty.io.netty.channel.AbstractChannel$AnnotatedConnectException: Connection refused: /192.168.34.25:45248
	at sun.nio.ch.SocketChannelImpl.checkConnect(Native Method)
	at sun.nio.ch.SocketChannelImpl.finishConnect(SocketChannelImpl.java:717)
	at org.apache.ratis.thirdparty.io.netty.channel.socket.nio.NioSocketChannel.doFinishConnect(NioSocketChannel.java:327)
	at org.apache.ratis.thirdparty.io.netty.channel.nio.AbstractNioChannel$AbstractNioUnsafe.finishConnect(AbstractNioChannel.java:340)
	at org.apache.ratis.thirdparty.io.netty.channel.nio.NioEventLoop.processSelectedKey(NioEventLoop.java:632)
	at org.apache.ratis.thirdparty.io.netty.channel.nio.NioEventLoop.processSelectedKeysOptimized(NioEventLoop.java:579)
	at org.apache.ratis.thirdparty.io.netty.channel.nio.NioEventLoop.processSelectedKeys(NioEventLoop.java:496)
	at org.apache.ratis.thirdparty.io.netty.channel.nio.NioEventLoop.run(NioEventLoop.java:458)
	at org.apache.ratis.thirdparty.io.netty.util.concurrent.SingleThreadEventExecutor$5.run(SingleThreadEventExecutor.java:897)
	at org.apache.ratis.thirdparty.io.netty.util.concurrent.FastThreadLocalRunnable.run(FastThreadLocalRunnable.java:30)
	... 1 more
Caused by: java.net.ConnectException: Connection refused
	... 11 more
2019-10-18 07:24:19,632 [12ad0800-05cb-443c-9fdd-fa1debf04523@group-BCB82A5C07F5-LeaderElection1284] INFO  impl.RaftServerImpl (RaftServerImpl.java:setRole(184)) - 12ad0800-05cb-443c-9fdd-fa1debf04523@group-BCB82A5C07F5: changes role from CANDIDATE to FOLLOWER at term 232 for DISCOVERED_A_NEW_TERM
2019-10-18 07:24:19,632 [12ad0800-05cb-443c-9fdd-fa1debf04523@group-BCB82A5C07F5-LeaderElection1284] INFO  impl.RoleInfo (RoleInfo.java:shutdownLeaderElection(134)) - 12ad0800-05cb-443c-9fdd-fa1debf04523: shutdown LeaderElection
2019-10-18 07:24:19,632 [12ad0800-05cb-443c-9fdd-fa1debf04523@group-BCB82A5C07F5-LeaderElection1284] INFO  impl.RoleInfo (RoleInfo.java:updateAndGet(143)) - 12ad0800-05cb-443c-9fdd-fa1debf04523: start FollowerState
2019-10-18 07:24:19,722 [Thread-11034] INFO  impl.FollowerState (FollowerState.java:run(108)) - 12ad0800-05cb-443c-9fdd-fa1debf04523@group-BCB82A5C07F5-FollowerState: change to CANDIDATE, lastRpcTime:90ms, electionTimeout:90ms
2019-10-18 07:24:19,722 [Thread-11034] INFO  impl.RoleInfo (RoleInfo.java:shutdownFollowerState(121)) - 12ad0800-05cb-443c-9fdd-fa1debf04523: shutdown FollowerState
2019-10-18 07:24:19,723 [Thread-11034] INFO  impl.RaftServerImpl (RaftServerImpl.java:setRole(184)) - 12ad0800-05cb-443c-9fdd-fa1debf04523@group-BCB82A5C07F5: changes role from  FOLLOWER to CANDIDATE at term 232 for changeToCandidate
2019-10-18 07:24:19,723 [Thread-11034] INFO  impl.RoleInfo (RoleInfo.java:updateAndGet(143)) - 12ad0800-05cb-443c-9fdd-fa1debf04523: start LeaderElection
2019-10-18 07:24:19,739 [12ad0800-05cb-443c-9fdd-fa1debf04523@group-BCB82A5C07F5-LeaderElection1285] INFO  impl.LeaderElection (LeaderElection.java:askForVotes(178)) - 12ad0800-05cb-443c-9fdd-fa1debf04523@group-BCB82A5C07F5-LeaderElection1285: begin an election at term 233 for -1: [12ad0800-05cb-443c-9fdd-fa1debf04523:192.168.34.25:41155, 5170c5f3-8499-4b42-9321-85fc8a351f79:192.168.34.25:43074, 0b10a9fc-47eb-4a2b-b664-8273d9d17379:192.168.34.25:45248], old=null
2019-10-18 07:24:19,740 [12ad0800-05cb-443c-9fdd-fa1debf04523@group-BCB82A5C07F5-LeaderElection1285] INFO  impl.LeaderElection (LogUtils.java:infoOrTrace(149)) - 12ad0800-05cb-443c-9fdd-fa1debf04523@group-BCB82A5C07F5-LeaderElection1285 got exception when requesting votes: {}
java.util.concurrent.ExecutionException: org.apache.ratis.thirdparty.io.grpc.StatusRuntimeException: UNAVAILABLE: io exception
	at java.util.concurrent.FutureTask.report(FutureTask.java:122)
	at java.util.concurrent.FutureTask.get(FutureTask.java:192)
	at org.apache.ratis.server.impl.LeaderElection.waitForResults(LeaderElection.java:259)
	at org.apache.ratis.server.impl.LeaderElection.askForVotes(LeaderElection.java:197)
	at org.apache.ratis.server.impl.LeaderElection.run(LeaderElection.java:133)
	at java.lang.Thread.run(Thread.java:748)
Caused by: org.apache.ratis.thirdparty.io.grpc.StatusRuntimeException: UNAVAILABLE: io exception
	at org.apache.ratis.thirdparty.io.grpc.stub.ClientCalls.toStatusRuntimeException(ClientCalls.java:233)
	at org.apache.ratis.thirdparty.io.grpc.stub.ClientCalls.getUnchecked(ClientCalls.java:214)
	at org.apache.ratis.thirdparty.io.grpc.stub.ClientCalls.blockingUnaryCall(ClientCalls.java:139)
	at org.apache.ratis.proto.grpc.RaftServerProtocolServiceGrpc$RaftServerProtocolServiceBlockingStub.requestVote(RaftServerProtocolServiceGrpc.java:265)
	at org.apache.ratis.grpc.server.GrpcServerProtocolClient.requestVote(GrpcServerProtocolClient.java:99)
	at org.apache.ratis.grpc.server.GrpcService.requestVote(GrpcService.java:204)
	at org.apache.ratis.server.impl.LeaderElection.lambda$submitRequests$1(LeaderElection.java:234)
	at java.util.concurrent.FutureTask.run(FutureTask.java:266)
	at java.util.concurrent.Executors$RunnableAdapter.call(Executors.java:511)
	at java.util.concurrent.FutureTask.run(FutureTask.java:266)
	at java.util.concurrent.ThreadPoolExecutor.runWorker(ThreadPoolExecutor.java:1149)
	at java.util.concurrent.ThreadPoolExecutor$Worker.run(ThreadPoolExecutor.java:624)
	... 1 more
Caused by: org.apache.ratis.thirdparty.io.netty.channel.AbstractChannel$AnnotatedConnectException: Connection refused: /192.168.34.25:45248
	at sun.nio.ch.SocketChannelImpl.checkConnect(Native Method)
	at sun.nio.ch.SocketChannelImpl.finishConnect(SocketChannelImpl.java:717)
	at org.apache.ratis.thirdparty.io.netty.channel.socket.nio.NioSocketChannel.doFinishConnect(NioSocketChannel.java:327)
	at org.apache.ratis.thirdparty.io.netty.channel.nio.AbstractNioChannel$AbstractNioUnsafe.finishConnect(AbstractNioChannel.java:340)
	at org.apache.ratis.thirdparty.io.netty.channel.nio.NioEventLoop.processSelectedKey(NioEventLoop.java:632)
	at org.apache.ratis.thirdparty.io.netty.channel.nio.NioEventLoop.processSelectedKeysOptimized(NioEventLoop.java:579)
	at org.apache.ratis.thirdparty.io.netty.channel.nio.NioEventLoop.processSelectedKeys(NioEventLoop.java:496)
	at org.apache.ratis.thirdparty.io.netty.channel.nio.NioEventLoop.run(NioEventLoop.java:458)
	at org.apache.ratis.thirdparty.io.netty.util.concurrent.SingleThreadEventExecutor$5.run(SingleThreadEventExecutor.java:897)
	at org.apache.ratis.thirdparty.io.netty.util.concurrent.FastThreadLocalRunnable.run(FastThreadLocalRunnable.java:30)
	... 1 more
Caused by: java.net.ConnectException: Connection refused
	... 11 more
2019-10-18 07:24:19,740 [12ad0800-05cb-443c-9fdd-fa1debf04523@group-BCB82A5C07F5-LeaderElection1285] INFO  impl.LeaderElection (LogUtils.java:infoOrTrace(149)) - 12ad0800-05cb-443c-9fdd-fa1debf04523@group-BCB82A5C07F5-LeaderElection1285 got exception when requesting votes: {}
java.util.concurrent.ExecutionException: org.apache.ratis.thirdparty.io.grpc.StatusRuntimeException: UNAVAILABLE: io exception
	at java.util.concurrent.FutureTask.report(FutureTask.java:122)
	at java.util.concurrent.FutureTask.get(FutureTask.java:192)
	at org.apache.ratis.server.impl.LeaderElection.waitForResults(LeaderElection.java:259)
	at org.apache.ratis.server.impl.LeaderElection.askForVotes(LeaderElection.java:197)
	at org.apache.ratis.server.impl.LeaderElection.run(LeaderElection.java:133)
	at java.lang.Thread.run(Thread.java:748)
Caused by: org.apache.ratis.thirdparty.io.grpc.StatusRuntimeException: UNAVAILABLE: io exception
	at org.apache.ratis.thirdparty.io.grpc.stub.ClientCalls.toStatusRuntimeException(ClientCalls.java:233)
	at org.apache.ratis.thirdparty.io.grpc.stub.ClientCalls.getUnchecked(ClientCalls.java:214)
	at org.apache.ratis.thirdparty.io.grpc.stub.ClientCalls.blockingUnaryCall(ClientCalls.java:139)
	at org.apache.ratis.proto.grpc.RaftServerProtocolServiceGrpc$RaftServerProtocolServiceBlockingStub.requestVote(RaftServerProtocolServiceGrpc.java:265)
	at org.apache.ratis.grpc.server.GrpcServerProtocolClient.requestVote(GrpcServerProtocolClient.java:99)
	at org.apache.ratis.grpc.server.GrpcService.requestVote(GrpcService.java:204)
	at org.apache.ratis.server.impl.LeaderElection.lambda$submitRequests$1(LeaderElection.java:234)
	at java.util.concurrent.FutureTask.run(FutureTask.java:266)
	at java.util.concurrent.Executors$RunnableAdapter.call(Executors.java:511)
	at java.util.concurrent.FutureTask.run(FutureTask.java:266)
	at java.util.concurrent.ThreadPoolExecutor.runWorker(ThreadPoolExecutor.java:1149)
	at java.util.concurrent.ThreadPoolExecutor$Worker.run(ThreadPoolExecutor.java:624)
	... 1 more
Caused by: org.apache.ratis.thirdparty.io.netty.channel.AbstractChannel$AnnotatedConnectException: Connection refused: /192.168.34.25:43074
	at sun.nio.ch.SocketChannelImpl.checkConnect(Native Method)
	at sun.nio.ch.SocketChannelImpl.finishConnect(SocketChannelImpl.java:717)
	at org.apache.ratis.thirdparty.io.netty.channel.socket.nio.NioSocketChannel.doFinishConnect(NioSocketChannel.java:327)
	at org.apache.ratis.thirdparty.io.netty.channel.nio.AbstractNioChannel$AbstractNioUnsafe.finishConnect(AbstractNioChannel.java:340)
	at org.apache.ratis.thirdparty.io.netty.channel.nio.NioEventLoop.processSelectedKey(NioEventLoop.java:632)
	at org.apache.ratis.thirdparty.io.netty.channel.nio.NioEventLoop.processSelectedKeysOptimized(NioEventLoop.java:579)
	at org.apache.ratis.thirdparty.io.netty.channel.nio.NioEventLoop.processSelectedKeys(NioEventLoop.java:496)
	at org.apache.ratis.thirdparty.io.netty.channel.nio.NioEventLoop.run(NioEventLoop.java:458)
	at org.apache.ratis.thirdparty.io.netty.util.concurrent.SingleThreadEventExecutor$5.run(SingleThreadEventExecutor.java:897)
	at org.apache.ratis.thirdparty.io.netty.util.concurrent.FastThreadLocalRunnable.run(FastThreadLocalRunnable.java:30)
	... 1 more
Caused by: java.net.ConnectException: Connection refused
	... 11 more
2019-10-18 07:24:19,741 [12ad0800-05cb-443c-9fdd-fa1debf04523@group-BCB82A5C07F5-LeaderElection1285] INFO  impl.LeaderElection (LeaderElection.java:logAndReturn(56)) - 12ad0800-05cb-443c-9fdd-fa1debf04523@group-BCB82A5C07F5-LeaderElection1285: Election REJECTED; received 0 response(s) [] and 2 exception(s); 12ad0800-05cb-443c-9fdd-fa1debf04523@group-BCB82A5C07F5:t233, leader=null, voted=12ad0800-05cb-443c-9fdd-fa1debf04523, raftlog=12ad0800-05cb-443c-9fdd-fa1debf04523@group-BCB82A5C07F5-SegmentedRaftLog:OPENED:c-1,f-1,i0, conf=-1: [12ad0800-05cb-443c-9fdd-fa1debf04523:192.168.34.25:41155, 5170c5f3-8499-4b42-9321-85fc8a351f79:192.168.34.25:43074, 0b10a9fc-47eb-4a2b-b664-8273d9d17379:192.168.34.25:45248], old=null
2019-10-18 07:24:19,741 [12ad0800-05cb-443c-9fdd-fa1debf04523@group-BCB82A5C07F5-LeaderElection1285] INFO  impl.LeaderElection (LogUtils.java:infoOrTrace(149)) -   Exception 0: {}
java.util.concurrent.ExecutionException: org.apache.ratis.thirdparty.io.grpc.StatusRuntimeException: UNAVAILABLE: io exception
	at java.util.concurrent.FutureTask.report(FutureTask.java:122)
	at java.util.concurrent.FutureTask.get(FutureTask.java:192)
	at org.apache.ratis.server.impl.LeaderElection.waitForResults(LeaderElection.java:259)
	at org.apache.ratis.server.impl.LeaderElection.askForVotes(LeaderElection.java:197)
	at org.apache.ratis.server.impl.LeaderElection.run(LeaderElection.java:133)
	at java.lang.Thread.run(Thread.java:748)
Caused by: org.apache.ratis.thirdparty.io.grpc.StatusRuntimeException: UNAVAILABLE: io exception
	at org.apache.ratis.thirdparty.io.grpc.stub.ClientCalls.toStatusRuntimeException(ClientCalls.java:233)
	at org.apache.ratis.thirdparty.io.grpc.stub.ClientCalls.getUnchecked(ClientCalls.java:214)
	at org.apache.ratis.thirdparty.io.grpc.stub.ClientCalls.blockingUnaryCall(ClientCalls.java:139)
	at org.apache.ratis.proto.grpc.RaftServerProtocolServiceGrpc$RaftServerProtocolServiceBlockingStub.requestVote(RaftServerProtocolServiceGrpc.java:265)
	at org.apache.ratis.grpc.server.GrpcServerProtocolClient.requestVote(GrpcServerProtocolClient.java:99)
	at org.apache.ratis.grpc.server.GrpcService.requestVote(GrpcService.java:204)
	at org.apache.ratis.server.impl.LeaderElection.lambda$submitRequests$1(LeaderElection.java:234)
	at java.util.concurrent.FutureTask.run(FutureTask.java:266)
	at java.util.concurrent.Executors$RunnableAdapter.call(Executors.java:511)
	at java.util.concurrent.FutureTask.run(FutureTask.java:266)
	at java.util.concurrent.ThreadPoolExecutor.runWorker(ThreadPoolExecutor.java:1149)
	at java.util.concurrent.ThreadPoolExecutor$Worker.run(ThreadPoolExecutor.java:624)
	... 1 more
Caused by: org.apache.ratis.thirdparty.io.netty.channel.AbstractChannel$AnnotatedConnectException: Connection refused: /192.168.34.25:45248
	at sun.nio.ch.SocketChannelImpl.checkConnect(Native Method)
	at sun.nio.ch.SocketChannelImpl.finishConnect(SocketChannelImpl.java:717)
	at org.apache.ratis.thirdparty.io.netty.channel.socket.nio.NioSocketChannel.doFinishConnect(NioSocketChannel.java:327)
	at org.apache.ratis.thirdparty.io.netty.channel.nio.AbstractNioChannel$AbstractNioUnsafe.finishConnect(AbstractNioChannel.java:340)
	at org.apache.ratis.thirdparty.io.netty.channel.nio.NioEventLoop.processSelectedKey(NioEventLoop.java:632)
	at org.apache.ratis.thirdparty.io.netty.channel.nio.NioEventLoop.processSelectedKeysOptimized(NioEventLoop.java:579)
	at org.apache.ratis.thirdparty.io.netty.channel.nio.NioEventLoop.processSelectedKeys(NioEventLoop.java:496)
	at org.apache.ratis.thirdparty.io.netty.channel.nio.NioEventLoop.run(NioEventLoop.java:458)
	at org.apache.ratis.thirdparty.io.netty.util.concurrent.SingleThreadEventExecutor$5.run(SingleThreadEventExecutor.java:897)
	at org.apache.ratis.thirdparty.io.netty.util.concurrent.FastThreadLocalRunnable.run(FastThreadLocalRunnable.java:30)
	... 1 more
Caused by: java.net.ConnectException: Connection refused
	... 11 more
2019-10-18 07:24:19,741 [12ad0800-05cb-443c-9fdd-fa1debf04523@group-BCB82A5C07F5-LeaderElection1285] INFO  impl.LeaderElection (LogUtils.java:infoOrTrace(149)) -   Exception 1: {}
java.util.concurrent.ExecutionException: org.apache.ratis.thirdparty.io.grpc.StatusRuntimeException: UNAVAILABLE: io exception
	at java.util.concurrent.FutureTask.report(FutureTask.java:122)
	at java.util.concurrent.FutureTask.get(FutureTask.java:192)
	at org.apache.ratis.server.impl.LeaderElection.waitForResults(LeaderElection.java:259)
	at org.apache.ratis.server.impl.LeaderElection.askForVotes(LeaderElection.java:197)
	at org.apache.ratis.server.impl.LeaderElection.run(LeaderElection.java:133)
	at java.lang.Thread.run(Thread.java:748)
Caused by: org.apache.ratis.thirdparty.io.grpc.StatusRuntimeException: UNAVAILABLE: io exception
	at org.apache.ratis.thirdparty.io.grpc.stub.ClientCalls.toStatusRuntimeException(ClientCalls.java:233)
	at org.apache.ratis.thirdparty.io.grpc.stub.ClientCalls.getUnchecked(ClientCalls.java:214)
	at org.apache.ratis.thirdparty.io.grpc.stub.ClientCalls.blockingUnaryCall(ClientCalls.java:139)
	at org.apache.ratis.proto.grpc.RaftServerProtocolServiceGrpc$RaftServerProtocolServiceBlockingStub.requestVote(RaftServerProtocolServiceGrpc.java:265)
	at org.apache.ratis.grpc.server.GrpcServerProtocolClient.requestVote(GrpcServerProtocolClient.java:99)
	at org.apache.ratis.grpc.server.GrpcService.requestVote(GrpcService.java:204)
	at org.apache.ratis.server.impl.LeaderElection.lambda$submitRequests$1(LeaderElection.java:234)
	at java.util.concurrent.FutureTask.run(FutureTask.java:266)
	at java.util.concurrent.Executors$RunnableAdapter.call(Executors.java:511)
	at java.util.concurrent.FutureTask.run(FutureTask.java:266)
	at java.util.concurrent.ThreadPoolExecutor.runWorker(ThreadPoolExecutor.java:1149)
	at java.util.concurrent.ThreadPoolExecutor$Worker.run(ThreadPoolExecutor.java:624)
	... 1 more
Caused by: org.apache.ratis.thirdparty.io.netty.channel.AbstractChannel$AnnotatedConnectException: Connection refused: /192.168.34.25:43074
	at sun.nio.ch.SocketChannelImpl.checkConnect(Native Method)
	at sun.nio.ch.SocketChannelImpl.finishConnect(SocketChannelImpl.java:717)
	at org.apache.ratis.thirdparty.io.netty.channel.socket.nio.NioSocketChannel.doFinishConnect(NioSocketChannel.java:327)
	at org.apache.ratis.thirdparty.io.netty.channel.nio.AbstractNioChannel$AbstractNioUnsafe.finishConnect(AbstractNioChannel.java:340)
	at org.apache.ratis.thirdparty.io.netty.channel.nio.NioEventLoop.processSelectedKey(NioEventLoop.java:632)
	at org.apache.ratis.thirdparty.io.netty.channel.nio.NioEventLoop.processSelectedKeysOptimized(NioEventLoop.java:579)
	at org.apache.ratis.thirdparty.io.netty.channel.nio.NioEventLoop.processSelectedKeys(NioEventLoop.java:496)
	at org.apache.ratis.thirdparty.io.netty.channel.nio.NioEventLoop.run(NioEventLoop.java:458)
	at org.apache.ratis.thirdparty.io.netty.util.concurrent.SingleThreadEventExecutor$5.run(SingleThreadEventExecutor.java:897)
	at org.apache.ratis.thirdparty.io.netty.util.concurrent.FastThreadLocalRunnable.run(FastThreadLocalRunnable.java:30)
	... 1 more
Caused by: java.net.ConnectException: Connection refused
	... 11 more
2019-10-18 07:24:19,741 [12ad0800-05cb-443c-9fdd-fa1debf04523@group-BCB82A5C07F5-LeaderElection1285] INFO  impl.RaftServerImpl (RaftServerImpl.java:setRole(184)) - 12ad0800-05cb-443c-9fdd-fa1debf04523@group-BCB82A5C07F5: changes role from CANDIDATE to FOLLOWER at term 233 for DISCOVERED_A_NEW_TERM
2019-10-18 07:24:19,741 [12ad0800-05cb-443c-9fdd-fa1debf04523@group-BCB82A5C07F5-LeaderElection1285] INFO  impl.RoleInfo (RoleInfo.java:shutdownLeaderElection(134)) - 12ad0800-05cb-443c-9fdd-fa1debf04523: shutdown LeaderElection
2019-10-18 07:24:19,742 [12ad0800-05cb-443c-9fdd-fa1debf04523@group-BCB82A5C07F5-LeaderElection1285] INFO  impl.RoleInfo (RoleInfo.java:updateAndGet(143)) - 12ad0800-05cb-443c-9fdd-fa1debf04523: start FollowerState
2019-10-18 07:24:19,756 [Thread-11038] INFO  impl.FollowerState (FollowerState.java:run(108)) - 12ad0800-05cb-443c-9fdd-fa1debf04523@group-BCB82A5C07F5-FollowerState: change to CANDIDATE, lastRpcTime:14ms, electionTimeout:14ms
2019-10-18 07:24:19,756 [Thread-11038] INFO  impl.RoleInfo (RoleInfo.java:shutdownFollowerState(121)) - 12ad0800-05cb-443c-9fdd-fa1debf04523: shutdown FollowerState
2019-10-18 07:24:19,756 [Thread-11038] INFO  impl.RaftServerImpl (RaftServerImpl.java:setRole(184)) - 12ad0800-05cb-443c-9fdd-fa1debf04523@group-BCB82A5C07F5: changes role from  FOLLOWER to CANDIDATE at term 233 for changeToCandidate
2019-10-18 07:24:19,756 [Thread-11038] INFO  impl.RoleInfo (RoleInfo.java:updateAndGet(143)) - 12ad0800-05cb-443c-9fdd-fa1debf04523: start LeaderElection
2019-10-18 07:24:19,763 [java.util.concurrent.ThreadPoolExecutor$Worker@1ddf09da[State = -1, empty queue]] WARN  server.GrpcLogAppender (GrpcLogAppender.java:timeoutAppendRequest(209)) - 030c2313-1c2c-4b42-81fb-cb58ee93f992@group-E193FE271C99->9712a796-5281-4f3e-ac85-61dedd90db73-GrpcLogAppender: appendEntries Timeout, request=030c2313-1c2c-4b42-81fb-cb58ee93f992->9712a796-5281-4f3e-ac85-61dedd90db73#66-t1, previous=(t:1, i:10), leaderCommit=10, initializing? false, entries: <empty>
2019-10-18 07:24:19,781 [12ad0800-05cb-443c-9fdd-fa1debf04523@group-BCB82A5C07F5-LeaderElection1286] INFO  impl.LeaderElection (LeaderElection.java:askForVotes(178)) - 12ad0800-05cb-443c-9fdd-fa1debf04523@group-BCB82A5C07F5-LeaderElection1286: begin an election at term 234 for -1: [12ad0800-05cb-443c-9fdd-fa1debf04523:192.168.34.25:41155, 5170c5f3-8499-4b42-9321-85fc8a351f79:192.168.34.25:43074, 0b10a9fc-47eb-4a2b-b664-8273d9d17379:192.168.34.25:45248], old=null
2019-10-18 07:24:19,782 [12ad0800-05cb-443c-9fdd-fa1debf04523@group-BCB82A5C07F5-LeaderElection1286] INFO  impl.LeaderElection (LogUtils.java:infoOrTrace(149)) - 12ad0800-05cb-443c-9fdd-fa1debf04523@group-BCB82A5C07F5-LeaderElection1286 got exception when requesting votes: {}
java.util.concurrent.ExecutionException: org.apache.ratis.thirdparty.io.grpc.StatusRuntimeException: UNAVAILABLE: io exception
	at java.util.concurrent.FutureTask.report(FutureTask.java:122)
	at java.util.concurrent.FutureTask.get(FutureTask.java:192)
	at org.apache.ratis.server.impl.LeaderElection.waitForResults(LeaderElection.java:259)
	at org.apache.ratis.server.impl.LeaderElection.askForVotes(LeaderElection.java:197)
	at org.apache.ratis.server.impl.LeaderElection.run(LeaderElection.java:133)
	at java.lang.Thread.run(Thread.java:748)
Caused by: org.apache.ratis.thirdparty.io.grpc.StatusRuntimeException: UNAVAILABLE: io exception
	at org.apache.ratis.thirdparty.io.grpc.stub.ClientCalls.toStatusRuntimeException(ClientCalls.java:233)
	at org.apache.ratis.thirdparty.io.grpc.stub.ClientCalls.getUnchecked(ClientCalls.java:214)
	at org.apache.ratis.thirdparty.io.grpc.stub.ClientCalls.blockingUnaryCall(ClientCalls.java:139)
	at org.apache.ratis.proto.grpc.RaftServerProtocolServiceGrpc$RaftServerProtocolServiceBlockingStub.requestVote(RaftServerProtocolServiceGrpc.java:265)
	at org.apache.ratis.grpc.server.GrpcServerProtocolClient.requestVote(GrpcServerProtocolClient.java:99)
	at org.apache.ratis.grpc.server.GrpcService.requestVote(GrpcService.java:204)
	at org.apache.ratis.server.impl.LeaderElection.lambda$submitRequests$1(LeaderElection.java:234)
	at java.util.concurrent.FutureTask.run(FutureTask.java:266)
	at java.util.concurrent.Executors$RunnableAdapter.call(Executors.java:511)
	at java.util.concurrent.FutureTask.run(FutureTask.java:266)
	at java.util.concurrent.ThreadPoolExecutor.runWorker(ThreadPoolExecutor.java:1149)
	at java.util.concurrent.ThreadPoolExecutor$Worker.run(ThreadPoolExecutor.java:624)
	... 1 more
Caused by: org.apache.ratis.thirdparty.io.netty.channel.AbstractChannel$AnnotatedConnectException: Connection refused: /192.168.34.25:43074
	at sun.nio.ch.SocketChannelImpl.checkConnect(Native Method)
	at sun.nio.ch.SocketChannelImpl.finishConnect(SocketChannelImpl.java:717)
	at org.apache.ratis.thirdparty.io.netty.channel.socket.nio.NioSocketChannel.doFinishConnect(NioSocketChannel.java:327)
	at org.apache.ratis.thirdparty.io.netty.channel.nio.AbstractNioChannel$AbstractNioUnsafe.finishConnect(AbstractNioChannel.java:340)
	at org.apache.ratis.thirdparty.io.netty.channel.nio.NioEventLoop.processSelectedKey(NioEventLoop.java:632)
	at org.apache.ratis.thirdparty.io.netty.channel.nio.NioEventLoop.processSelectedKeysOptimized(NioEventLoop.java:579)
	at org.apache.ratis.thirdparty.io.netty.channel.nio.NioEventLoop.processSelectedKeys(NioEventLoop.java:496)
	at org.apache.ratis.thirdparty.io.netty.channel.nio.NioEventLoop.run(NioEventLoop.java:458)
	at org.apache.ratis.thirdparty.io.netty.util.concurrent.SingleThreadEventExecutor$5.run(SingleThreadEventExecutor.java:897)
	at org.apache.ratis.thirdparty.io.netty.util.concurrent.FastThreadLocalRunnable.run(FastThreadLocalRunnable.java:30)
	... 1 more
Caused by: java.net.ConnectException: Connection refused
	... 11 more
2019-10-18 07:24:19,782 [12ad0800-05cb-443c-9fdd-fa1debf04523@group-BCB82A5C07F5-LeaderElection1286] INFO  impl.LeaderElection (LogUtils.java:infoOrTrace(149)) - 12ad0800-05cb-443c-9fdd-fa1debf04523@group-BCB82A5C07F5-LeaderElection1286 got exception when requesting votes: {}
java.util.concurrent.ExecutionException: org.apache.ratis.thirdparty.io.grpc.StatusRuntimeException: UNAVAILABLE: io exception
	at java.util.concurrent.FutureTask.report(FutureTask.java:122)
	at java.util.concurrent.FutureTask.get(FutureTask.java:192)
	at org.apache.ratis.server.impl.LeaderElection.waitForResults(LeaderElection.java:259)
	at org.apache.ratis.server.impl.LeaderElection.askForVotes(LeaderElection.java:197)
	at org.apache.ratis.server.impl.LeaderElection.run(LeaderElection.java:133)
	at java.lang.Thread.run(Thread.java:748)
Caused by: org.apache.ratis.thirdparty.io.grpc.StatusRuntimeException: UNAVAILABLE: io exception
	at org.apache.ratis.thirdparty.io.grpc.stub.ClientCalls.toStatusRuntimeException(ClientCalls.java:233)
	at org.apache.ratis.thirdparty.io.grpc.stub.ClientCalls.getUnchecked(ClientCalls.java:214)
	at org.apache.ratis.thirdparty.io.grpc.stub.ClientCalls.blockingUnaryCall(ClientCalls.java:139)
	at org.apache.ratis.proto.grpc.RaftServerProtocolServiceGrpc$RaftServerProtocolServiceBlockingStub.requestVote(RaftServerProtocolServiceGrpc.java:265)
	at org.apache.ratis.grpc.server.GrpcServerProtocolClient.requestVote(GrpcServerProtocolClient.java:99)
	at org.apache.ratis.grpc.server.GrpcService.requestVote(GrpcService.java:204)
	at org.apache.ratis.server.impl.LeaderElection.lambda$submitRequests$1(LeaderElection.java:234)
	at java.util.concurrent.FutureTask.run(FutureTask.java:266)
	at java.util.concurrent.Executors$RunnableAdapter.call(Executors.java:511)
	at java.util.concurrent.FutureTask.run(FutureTask.java:266)
	at java.util.concurrent.ThreadPoolExecutor.runWorker(ThreadPoolExecutor.java:1149)
	at java.util.concurrent.ThreadPoolExecutor$Worker.run(ThreadPoolExecutor.java:624)
	... 1 more
Caused by: org.apache.ratis.thirdparty.io.netty.channel.AbstractChannel$AnnotatedConnectException: Connection refused: /192.168.34.25:45248
	at sun.nio.ch.SocketChannelImpl.checkConnect(Native Method)
	at sun.nio.ch.SocketChannelImpl.finishConnect(SocketChannelImpl.java:717)
	at org.apache.ratis.thirdparty.io.netty.channel.socket.nio.NioSocketChannel.doFinishConnect(NioSocketChannel.java:327)
	at org.apache.ratis.thirdparty.io.netty.channel.nio.AbstractNioChannel$AbstractNioUnsafe.finishConnect(AbstractNioChannel.java:340)
	at org.apache.ratis.thirdparty.io.netty.channel.nio.NioEventLoop.processSelectedKey(NioEventLoop.java:632)
	at org.apache.ratis.thirdparty.io.netty.channel.nio.NioEventLoop.processSelectedKeysOptimized(NioEventLoop.java:579)
	at org.apache.ratis.thirdparty.io.netty.channel.nio.NioEventLoop.processSelectedKeys(NioEventLoop.java:496)
	at org.apache.ratis.thirdparty.io.netty.channel.nio.NioEventLoop.run(NioEventLoop.java:458)
	at org.apache.ratis.thirdparty.io.netty.util.concurrent.SingleThreadEventExecutor$5.run(SingleThreadEventExecutor.java:897)
	at org.apache.ratis.thirdparty.io.netty.util.concurrent.FastThreadLocalRunnable.run(FastThreadLocalRunnable.java:30)
	... 1 more
Caused by: java.net.ConnectException: Connection refused
	... 11 more
2019-10-18 07:24:19,783 [12ad0800-05cb-443c-9fdd-fa1debf04523@group-BCB82A5C07F5-LeaderElection1286] INFO  impl.LeaderElection (LeaderElection.java:logAndReturn(56)) - 12ad0800-05cb-443c-9fdd-fa1debf04523@group-BCB82A5C07F5-LeaderElection1286: Election REJECTED; received 0 response(s) [] and 2 exception(s); 12ad0800-05cb-443c-9fdd-fa1debf04523@group-BCB82A5C07F5:t234, leader=null, voted=12ad0800-05cb-443c-9fdd-fa1debf04523, raftlog=12ad0800-05cb-443c-9fdd-fa1debf04523@group-BCB82A5C07F5-SegmentedRaftLog:OPENED:c-1,f-1,i0, conf=-1: [12ad0800-05cb-443c-9fdd-fa1debf04523:192.168.34.25:41155, 5170c5f3-8499-4b42-9321-85fc8a351f79:192.168.34.25:43074, 0b10a9fc-47eb-4a2b-b664-8273d9d17379:192.168.34.25:45248], old=null
2019-10-18 07:24:19,783 [12ad0800-05cb-443c-9fdd-fa1debf04523@group-BCB82A5C07F5-LeaderElection1286] INFO  impl.LeaderElection (LogUtils.java:infoOrTrace(149)) -   Exception 0: {}
java.util.concurrent.ExecutionException: org.apache.ratis.thirdparty.io.grpc.StatusRuntimeException: UNAVAILABLE: io exception
	at java.util.concurrent.FutureTask.report(FutureTask.java:122)
	at java.util.concurrent.FutureTask.get(FutureTask.java:192)
	at org.apache.ratis.server.impl.LeaderElection.waitForResults(LeaderElection.java:259)
	at org.apache.ratis.server.impl.LeaderElection.askForVotes(LeaderElection.java:197)
	at org.apache.ratis.server.impl.LeaderElection.run(LeaderElection.java:133)
	at java.lang.Thread.run(Thread.java:748)
Caused by: org.apache.ratis.thirdparty.io.grpc.StatusRuntimeException: UNAVAILABLE: io exception
	at org.apache.ratis.thirdparty.io.grpc.stub.ClientCalls.toStatusRuntimeException(ClientCalls.java:233)
	at org.apache.ratis.thirdparty.io.grpc.stub.ClientCalls.getUnchecked(ClientCalls.java:214)
	at org.apache.ratis.thirdparty.io.grpc.stub.ClientCalls.blockingUnaryCall(ClientCalls.java:139)
	at org.apache.ratis.proto.grpc.RaftServerProtocolServiceGrpc$RaftServerProtocolServiceBlockingStub.requestVote(RaftServerProtocolServiceGrpc.java:265)
	at org.apache.ratis.grpc.server.GrpcServerProtocolClient.requestVote(GrpcServerProtocolClient.java:99)
	at org.apache.ratis.grpc.server.GrpcService.requestVote(GrpcService.java:204)
	at org.apache.ratis.server.impl.LeaderElection.lambda$submitRequests$1(LeaderElection.java:234)
	at java.util.concurrent.FutureTask.run(FutureTask.java:266)
	at java.util.concurrent.Executors$RunnableAdapter.call(Executors.java:511)
	at java.util.concurrent.FutureTask.run(FutureTask.java:266)
	at java.util.concurrent.ThreadPoolExecutor.runWorker(ThreadPoolExecutor.java:1149)
	at java.util.concurrent.ThreadPoolExecutor$Worker.run(ThreadPoolExecutor.java:624)
	... 1 more
Caused by: org.apache.ratis.thirdparty.io.netty.channel.AbstractChannel$AnnotatedConnectException: Connection refused: /192.168.34.25:43074
	at sun.nio.ch.SocketChannelImpl.checkConnect(Native Method)
	at sun.nio.ch.SocketChannelImpl.finishConnect(SocketChannelImpl.java:717)
	at org.apache.ratis.thirdparty.io.netty.channel.socket.nio.NioSocketChannel.doFinishConnect(NioSocketChannel.java:327)
	at org.apache.ratis.thirdparty.io.netty.channel.nio.AbstractNioChannel$AbstractNioUnsafe.finishConnect(AbstractNioChannel.java:340)
	at org.apache.ratis.thirdparty.io.netty.channel.nio.NioEventLoop.processSelectedKey(NioEventLoop.java:632)
	at org.apache.ratis.thirdparty.io.netty.channel.nio.NioEventLoop.processSelectedKeysOptimized(NioEventLoop.java:579)
	at org.apache.ratis.thirdparty.io.netty.channel.nio.NioEventLoop.processSelectedKeys(NioEventLoop.java:496)
	at org.apache.ratis.thirdparty.io.netty.channel.nio.NioEventLoop.run(NioEventLoop.java:458)
	at org.apache.ratis.thirdparty.io.netty.util.concurrent.SingleThreadEventExecutor$5.run(SingleThreadEventExecutor.java:897)
	at org.apache.ratis.thirdparty.io.netty.util.concurrent.FastThreadLocalRunnable.run(FastThreadLocalRunnable.java:30)
	... 1 more
Caused by: java.net.ConnectException: Connection refused
	... 11 more
2019-10-18 07:24:19,783 [12ad0800-05cb-443c-9fdd-fa1debf04523@group-BCB82A5C07F5-LeaderElection1286] INFO  impl.LeaderElection (LogUtils.java:infoOrTrace(149)) -   Exception 1: {}
java.util.concurrent.ExecutionException: org.apache.ratis.thirdparty.io.grpc.StatusRuntimeException: UNAVAILABLE: io exception
	at java.util.concurrent.FutureTask.report(FutureTask.java:122)
	at java.util.concurrent.FutureTask.get(FutureTask.java:192)
	at org.apache.ratis.server.impl.LeaderElection.waitForResults(LeaderElection.java:259)
	at org.apache.ratis.server.impl.LeaderElection.askForVotes(LeaderElection.java:197)
	at org.apache.ratis.server.impl.LeaderElection.run(LeaderElection.java:133)
	at java.lang.Thread.run(Thread.java:748)
Caused by: org.apache.ratis.thirdparty.io.grpc.StatusRuntimeException: UNAVAILABLE: io exception
	at org.apache.ratis.thirdparty.io.grpc.stub.ClientCalls.toStatusRuntimeException(ClientCalls.java:233)
	at org.apache.ratis.thirdparty.io.grpc.stub.ClientCalls.getUnchecked(ClientCalls.java:214)
	at org.apache.ratis.thirdparty.io.grpc.stub.ClientCalls.blockingUnaryCall(ClientCalls.java:139)
	at org.apache.ratis.proto.grpc.RaftServerProtocolServiceGrpc$RaftServerProtocolServiceBlockingStub.requestVote(RaftServerProtocolServiceGrpc.java:265)
	at org.apache.ratis.grpc.server.GrpcServerProtocolClient.requestVote(GrpcServerProtocolClient.java:99)
	at org.apache.ratis.grpc.server.GrpcService.requestVote(GrpcService.java:204)
	at org.apache.ratis.server.impl.LeaderElection.lambda$submitRequests$1(LeaderElection.java:234)
	at java.util.concurrent.FutureTask.run(FutureTask.java:266)
	at java.util.concurrent.Executors$RunnableAdapter.call(Executors.java:511)
	at java.util.concurrent.FutureTask.run(FutureTask.java:266)
	at java.util.concurrent.ThreadPoolExecutor.runWorker(ThreadPoolExecutor.java:1149)
	at java.util.concurrent.ThreadPoolExecutor$Worker.run(ThreadPoolExecutor.java:624)
	... 1 more
Caused by: org.apache.ratis.thirdparty.io.netty.channel.AbstractChannel$AnnotatedConnectException: Connection refused: /192.168.34.25:45248
	at sun.nio.ch.SocketChannelImpl.checkConnect(Native Method)
	at sun.nio.ch.SocketChannelImpl.finishConnect(SocketChannelImpl.java:717)
	at org.apache.ratis.thirdparty.io.netty.channel.socket.nio.NioSocketChannel.doFinishConnect(NioSocketChannel.java:327)
	at org.apache.ratis.thirdparty.io.netty.channel.nio.AbstractNioChannel$AbstractNioUnsafe.finishConnect(AbstractNioChannel.java:340)
	at org.apache.ratis.thirdparty.io.netty.channel.nio.NioEventLoop.processSelectedKey(NioEventLoop.java:632)
	at org.apache.ratis.thirdparty.io.netty.channel.nio.NioEventLoop.processSelectedKeysOptimized(NioEventLoop.java:579)
	at org.apache.ratis.thirdparty.io.netty.channel.nio.NioEventLoop.processSelectedKeys(NioEventLoop.java:496)
	at org.apache.ratis.thirdparty.io.netty.channel.nio.NioEventLoop.run(NioEventLoop.java:458)
	at org.apache.ratis.thirdparty.io.netty.util.concurrent.SingleThreadEventExecutor$5.run(SingleThreadEventExecutor.java:897)
	at org.apache.ratis.thirdparty.io.netty.util.concurrent.FastThreadLocalRunnable.run(FastThreadLocalRunnable.java:30)
	... 1 more
Caused by: java.net.ConnectException: Connection refused
	... 11 more
2019-10-18 07:24:19,783 [12ad0800-05cb-443c-9fdd-fa1debf04523@group-BCB82A5C07F5-LeaderElection1286] INFO  impl.RaftServerImpl (RaftServerImpl.java:setRole(184)) - 12ad0800-05cb-443c-9fdd-fa1debf04523@group-BCB82A5C07F5: changes role from CANDIDATE to FOLLOWER at term 234 for DISCOVERED_A_NEW_TERM
2019-10-18 07:24:19,783 [12ad0800-05cb-443c-9fdd-fa1debf04523@group-BCB82A5C07F5-LeaderElection1286] INFO  impl.RoleInfo (RoleInfo.java:shutdownLeaderElection(134)) - 12ad0800-05cb-443c-9fdd-fa1debf04523: shutdown LeaderElection
2019-10-18 07:24:19,784 [12ad0800-05cb-443c-9fdd-fa1debf04523@group-BCB82A5C07F5-LeaderElection1286] INFO  impl.RoleInfo (RoleInfo.java:updateAndGet(143)) - 12ad0800-05cb-443c-9fdd-fa1debf04523: start FollowerState
2019-10-18 07:24:19,816 [Thread-11042] INFO  impl.FollowerState (FollowerState.java:run(108)) - 12ad0800-05cb-443c-9fdd-fa1debf04523@group-BCB82A5C07F5-FollowerState: change to CANDIDATE, lastRpcTime:32ms, electionTimeout:32ms
2019-10-18 07:24:19,816 [Thread-11042] INFO  impl.RoleInfo (RoleInfo.java:shutdownFollowerState(121)) - 12ad0800-05cb-443c-9fdd-fa1debf04523: shutdown FollowerState
2019-10-18 07:24:19,816 [Thread-11042] INFO  impl.RaftServerImpl (RaftServerImpl.java:setRole(184)) - 12ad0800-05cb-443c-9fdd-fa1debf04523@group-BCB82A5C07F5: changes role from  FOLLOWER to CANDIDATE at term 234 for changeToCandidate
2019-10-18 07:24:19,816 [Thread-11042] INFO  impl.RoleInfo (RoleInfo.java:updateAndGet(143)) - 12ad0800-05cb-443c-9fdd-fa1debf04523: start LeaderElection
2019-10-18 07:24:19,841 [12ad0800-05cb-443c-9fdd-fa1debf04523@group-BCB82A5C07F5-LeaderElection1287] INFO  impl.LeaderElection (LeaderElection.java:askForVotes(178)) - 12ad0800-05cb-443c-9fdd-fa1debf04523@group-BCB82A5C07F5-LeaderElection1287: begin an election at term 235 for -1: [12ad0800-05cb-443c-9fdd-fa1debf04523:192.168.34.25:41155, 5170c5f3-8499-4b42-9321-85fc8a351f79:192.168.34.25:43074, 0b10a9fc-47eb-4a2b-b664-8273d9d17379:192.168.34.25:45248], old=null
2019-10-18 07:24:19,842 [12ad0800-05cb-443c-9fdd-fa1debf04523@group-BCB82A5C07F5-LeaderElection1287] INFO  impl.LeaderElection (LogUtils.java:infoOrTrace(149)) - 12ad0800-05cb-443c-9fdd-fa1debf04523@group-BCB82A5C07F5-LeaderElection1287 got exception when requesting votes: {}
java.util.concurrent.ExecutionException: org.apache.ratis.thirdparty.io.grpc.StatusRuntimeException: UNAVAILABLE: io exception
	at java.util.concurrent.FutureTask.report(FutureTask.java:122)
	at java.util.concurrent.FutureTask.get(FutureTask.java:192)
	at org.apache.ratis.server.impl.LeaderElection.waitForResults(LeaderElection.java:259)
	at org.apache.ratis.server.impl.LeaderElection.askForVotes(LeaderElection.java:197)
	at org.apache.ratis.server.impl.LeaderElection.run(LeaderElection.java:133)
	at java.lang.Thread.run(Thread.java:748)
Caused by: org.apache.ratis.thirdparty.io.grpc.StatusRuntimeException: UNAVAILABLE: io exception
	at org.apache.ratis.thirdparty.io.grpc.stub.ClientCalls.toStatusRuntimeException(ClientCalls.java:233)
	at org.apache.ratis.thirdparty.io.grpc.stub.ClientCalls.getUnchecked(ClientCalls.java:214)
	at org.apache.ratis.thirdparty.io.grpc.stub.ClientCalls.blockingUnaryCall(ClientCalls.java:139)
	at org.apache.ratis.proto.grpc.RaftServerProtocolServiceGrpc$RaftServerProtocolServiceBlockingStub.requestVote(RaftServerProtocolServiceGrpc.java:265)
	at org.apache.ratis.grpc.server.GrpcServerProtocolClient.requestVote(GrpcServerProtocolClient.java:99)
	at org.apache.ratis.grpc.server.GrpcService.requestVote(GrpcService.java:204)
	at org.apache.ratis.server.impl.LeaderElection.lambda$submitRequests$1(LeaderElection.java:234)
	at java.util.concurrent.FutureTask.run(FutureTask.java:266)
	at java.util.concurrent.Executors$RunnableAdapter.call(Executors.java:511)
	at java.util.concurrent.FutureTask.run(FutureTask.java:266)
	at java.util.concurrent.ThreadPoolExecutor.runWorker(ThreadPoolExecutor.java:1149)
	at java.util.concurrent.ThreadPoolExecutor$Worker.run(ThreadPoolExecutor.java:624)
	... 1 more
Caused by: org.apache.ratis.thirdparty.io.netty.channel.AbstractChannel$AnnotatedConnectException: Connection refused: /192.168.34.25:43074
	at sun.nio.ch.SocketChannelImpl.checkConnect(Native Method)
	at sun.nio.ch.SocketChannelImpl.finishConnect(SocketChannelImpl.java:717)
	at org.apache.ratis.thirdparty.io.netty.channel.socket.nio.NioSocketChannel.doFinishConnect(NioSocketChannel.java:327)
	at org.apache.ratis.thirdparty.io.netty.channel.nio.AbstractNioChannel$AbstractNioUnsafe.finishConnect(AbstractNioChannel.java:340)
	at org.apache.ratis.thirdparty.io.netty.channel.nio.NioEventLoop.processSelectedKey(NioEventLoop.java:632)
	at org.apache.ratis.thirdparty.io.netty.channel.nio.NioEventLoop.processSelectedKeysOptimized(NioEventLoop.java:579)
	at org.apache.ratis.thirdparty.io.netty.channel.nio.NioEventLoop.processSelectedKeys(NioEventLoop.java:496)
	at org.apache.ratis.thirdparty.io.netty.channel.nio.NioEventLoop.run(NioEventLoop.java:458)
	at org.apache.ratis.thirdparty.io.netty.util.concurrent.SingleThreadEventExecutor$5.run(SingleThreadEventExecutor.java:897)
	at org.apache.ratis.thirdparty.io.netty.util.concurrent.FastThreadLocalRunnable.run(FastThreadLocalRunnable.java:30)
	... 1 more
Caused by: java.net.ConnectException: Connection refused
	... 11 more
2019-10-18 07:24:19,842 [12ad0800-05cb-443c-9fdd-fa1debf04523@group-BCB82A5C07F5-LeaderElection1287] INFO  impl.LeaderElection (LogUtils.java:infoOrTrace(149)) - 12ad0800-05cb-443c-9fdd-fa1debf04523@group-BCB82A5C07F5-LeaderElection1287 got exception when requesting votes: {}
java.util.concurrent.ExecutionException: org.apache.ratis.thirdparty.io.grpc.StatusRuntimeException: UNAVAILABLE: io exception
	at java.util.concurrent.FutureTask.report(FutureTask.java:122)
	at java.util.concurrent.FutureTask.get(FutureTask.java:192)
	at org.apache.ratis.server.impl.LeaderElection.waitForResults(LeaderElection.java:259)
	at org.apache.ratis.server.impl.LeaderElection.askForVotes(LeaderElection.java:197)
	at org.apache.ratis.server.impl.LeaderElection.run(LeaderElection.java:133)
	at java.lang.Thread.run(Thread.java:748)
Caused by: org.apache.ratis.thirdparty.io.grpc.StatusRuntimeException: UNAVAILABLE: io exception
	at org.apache.ratis.thirdparty.io.grpc.stub.ClientCalls.toStatusRuntimeException(ClientCalls.java:233)
	at org.apache.ratis.thirdparty.io.grpc.stub.ClientCalls.getUnchecked(ClientCalls.java:214)
	at org.apache.ratis.thirdparty.io.grpc.stub.ClientCalls.blockingUnaryCall(ClientCalls.java:139)
	at org.apache.ratis.proto.grpc.RaftServerProtocolServiceGrpc$RaftServerProtocolServiceBlockingStub.requestVote(RaftServerProtocolServiceGrpc.java:265)
	at org.apache.ratis.grpc.server.GrpcServerProtocolClient.requestVote(GrpcServerProtocolClient.java:99)
	at org.apache.ratis.grpc.server.GrpcService.requestVote(GrpcService.java:204)
	at org.apache.ratis.server.impl.LeaderElection.lambda$submitRequests$1(LeaderElection.java:234)
	at java.util.concurrent.FutureTask.run(FutureTask.java:266)
	at java.util.concurrent.Executors$RunnableAdapter.call(Executors.java:511)
	at java.util.concurrent.FutureTask.run(FutureTask.java:266)
	at java.util.concurrent.ThreadPoolExecutor.runWorker(ThreadPoolExecutor.java:1149)
	at java.util.concurrent.ThreadPoolExecutor$Worker.run(ThreadPoolExecutor.java:624)
	... 1 more
Caused by: org.apache.ratis.thirdparty.io.netty.channel.AbstractChannel$AnnotatedConnectException: Connection refused: /192.168.34.25:45248
	at sun.nio.ch.SocketChannelImpl.checkConnect(Native Method)
	at sun.nio.ch.SocketChannelImpl.finishConnect(SocketChannelImpl.java:717)
	at org.apache.ratis.thirdparty.io.netty.channel.socket.nio.NioSocketChannel.doFinishConnect(NioSocketChannel.java:327)
	at org.apache.ratis.thirdparty.io.netty.channel.nio.AbstractNioChannel$AbstractNioUnsafe.finishConnect(AbstractNioChannel.java:340)
	at org.apache.ratis.thirdparty.io.netty.channel.nio.NioEventLoop.processSelectedKey(NioEventLoop.java:632)
	at org.apache.ratis.thirdparty.io.netty.channel.nio.NioEventLoop.processSelectedKeysOptimized(NioEventLoop.java:579)
	at org.apache.ratis.thirdparty.io.netty.channel.nio.NioEventLoop.processSelectedKeys(NioEventLoop.java:496)
	at org.apache.ratis.thirdparty.io.netty.channel.nio.NioEventLoop.run(NioEventLoop.java:458)
	at org.apache.ratis.thirdparty.io.netty.util.concurrent.SingleThreadEventExecutor$5.run(SingleThreadEventExecutor.java:897)
	at org.apache.ratis.thirdparty.io.netty.util.concurrent.FastThreadLocalRunnable.run(FastThreadLocalRunnable.java:30)
	... 1 more
Caused by: java.net.ConnectException: Connection refused
	... 11 more
2019-10-18 07:24:19,842 [12ad0800-05cb-443c-9fdd-fa1debf04523@group-BCB82A5C07F5-LeaderElection1287] INFO  impl.LeaderElection (LeaderElection.java:logAndReturn(56)) - 12ad0800-05cb-443c-9fdd-fa1debf04523@group-BCB82A5C07F5-LeaderElection1287: Election REJECTED; received 0 response(s) [] and 2 exception(s); 12ad0800-05cb-443c-9fdd-fa1debf04523@group-BCB82A5C07F5:t235, leader=null, voted=12ad0800-05cb-443c-9fdd-fa1debf04523, raftlog=12ad0800-05cb-443c-9fdd-fa1debf04523@group-BCB82A5C07F5-SegmentedRaftLog:OPENED:c-1,f-1,i0, conf=-1: [12ad0800-05cb-443c-9fdd-fa1debf04523:192.168.34.25:41155, 5170c5f3-8499-4b42-9321-85fc8a351f79:192.168.34.25:43074, 0b10a9fc-47eb-4a2b-b664-8273d9d17379:192.168.34.25:45248], old=null
2019-10-18 07:24:19,842 [12ad0800-05cb-443c-9fdd-fa1debf04523@group-BCB82A5C07F5-LeaderElection1287] INFO  impl.LeaderElection (LogUtils.java:infoOrTrace(149)) -   Exception 0: {}
java.util.concurrent.ExecutionException: org.apache.ratis.thirdparty.io.grpc.StatusRuntimeException: UNAVAILABLE: io exception
	at java.util.concurrent.FutureTask.report(FutureTask.java:122)
	at java.util.concurrent.FutureTask.get(FutureTask.java:192)
	at org.apache.ratis.server.impl.LeaderElection.waitForResults(LeaderElection.java:259)
	at org.apache.ratis.server.impl.LeaderElection.askForVotes(LeaderElection.java:197)
	at org.apache.ratis.server.impl.LeaderElection.run(LeaderElection.java:133)
	at java.lang.Thread.run(Thread.java:748)
Caused by: org.apache.ratis.thirdparty.io.grpc.StatusRuntimeException: UNAVAILABLE: io exception
	at org.apache.ratis.thirdparty.io.grpc.stub.ClientCalls.toStatusRuntimeException(ClientCalls.java:233)
	at org.apache.ratis.thirdparty.io.grpc.stub.ClientCalls.getUnchecked(ClientCalls.java:214)
	at org.apache.ratis.thirdparty.io.grpc.stub.ClientCalls.blockingUnaryCall(ClientCalls.java:139)
	at org.apache.ratis.proto.grpc.RaftServerProtocolServiceGrpc$RaftServerProtocolServiceBlockingStub.requestVote(RaftServerProtocolServiceGrpc.java:265)
	at org.apache.ratis.grpc.server.GrpcServerProtocolClient.requestVote(GrpcServerProtocolClient.java:99)
	at org.apache.ratis.grpc.server.GrpcService.requestVote(GrpcService.java:204)
	at org.apache.ratis.server.impl.LeaderElection.lambda$submitRequests$1(LeaderElection.java:234)
	at java.util.concurrent.FutureTask.run(FutureTask.java:266)
	at java.util.concurrent.Executors$RunnableAdapter.call(Executors.java:511)
	at java.util.concurrent.FutureTask.run(FutureTask.java:266)
	at java.util.concurrent.ThreadPoolExecutor.runWorker(ThreadPoolExecutor.java:1149)
	at java.util.concurrent.ThreadPoolExecutor$Worker.run(ThreadPoolExecutor.java:624)
	... 1 more
Caused by: org.apache.ratis.thirdparty.io.netty.channel.AbstractChannel$AnnotatedConnectException: Connection refused: /192.168.34.25:43074
	at sun.nio.ch.SocketChannelImpl.checkConnect(Native Method)
	at sun.nio.ch.SocketChannelImpl.finishConnect(SocketChannelImpl.java:717)
	at org.apache.ratis.thirdparty.io.netty.channel.socket.nio.NioSocketChannel.doFinishConnect(NioSocketChannel.java:327)
	at org.apache.ratis.thirdparty.io.netty.channel.nio.AbstractNioChannel$AbstractNioUnsafe.finishConnect(AbstractNioChannel.java:340)
	at org.apache.ratis.thirdparty.io.netty.channel.nio.NioEventLoop.processSelectedKey(NioEventLoop.java:632)
	at org.apache.ratis.thirdparty.io.netty.channel.nio.NioEventLoop.processSelectedKeysOptimized(NioEventLoop.java:579)
	at org.apache.ratis.thirdparty.io.netty.channel.nio.NioEventLoop.processSelectedKeys(NioEventLoop.java:496)
	at org.apache.ratis.thirdparty.io.netty.channel.nio.NioEventLoop.run(NioEventLoop.java:458)
	at org.apache.ratis.thirdparty.io.netty.util.concurrent.SingleThreadEventExecutor$5.run(SingleThreadEventExecutor.java:897)
	at org.apache.ratis.thirdparty.io.netty.util.concurrent.FastThreadLocalRunnable.run(FastThreadLocalRunnable.java:30)
	... 1 more
Caused by: java.net.ConnectException: Connection refused
	... 11 more
2019-10-18 07:24:19,843 [12ad0800-05cb-443c-9fdd-fa1debf04523@group-BCB82A5C07F5-LeaderElection1287] INFO  impl.LeaderElection (LogUtils.java:infoOrTrace(149)) -   Exception 1: {}
java.util.concurrent.ExecutionException: org.apache.ratis.thirdparty.io.grpc.StatusRuntimeException: UNAVAILABLE: io exception
	at java.util.concurrent.FutureTask.report(FutureTask.java:122)
	at java.util.concurrent.FutureTask.get(FutureTask.java:192)
	at org.apache.ratis.server.impl.LeaderElection.waitForResults(LeaderElection.java:259)
	at org.apache.ratis.server.impl.LeaderElection.askForVotes(LeaderElection.java:197)
	at org.apache.ratis.server.impl.LeaderElection.run(LeaderElection.java:133)
	at java.lang.Thread.run(Thread.java:748)
Caused by: org.apache.ratis.thirdparty.io.grpc.StatusRuntimeException: UNAVAILABLE: io exception
	at org.apache.ratis.thirdparty.io.grpc.stub.ClientCalls.toStatusRuntimeException(ClientCalls.java:233)
	at org.apache.ratis.thirdparty.io.grpc.stub.ClientCalls.getUnchecked(ClientCalls.java:214)
	at org.apache.ratis.thirdparty.io.grpc.stub.ClientCalls.blockingUnaryCall(ClientCalls.java:139)
	at org.apache.ratis.proto.grpc.RaftServerProtocolServiceGrpc$RaftServerProtocolServiceBlockingStub.requestVote(RaftServerProtocolServiceGrpc.java:265)
	at org.apache.ratis.grpc.server.GrpcServerProtocolClient.requestVote(GrpcServerProtocolClient.java:99)
	at org.apache.ratis.grpc.server.GrpcService.requestVote(GrpcService.java:204)
	at org.apache.ratis.server.impl.LeaderElection.lambda$submitRequests$1(LeaderElection.java:234)
	at java.util.concurrent.FutureTask.run(FutureTask.java:266)
	at java.util.concurrent.Executors$RunnableAdapter.call(Executors.java:511)
	at java.util.concurrent.FutureTask.run(FutureTask.java:266)
	at java.util.concurrent.ThreadPoolExecutor.runWorker(ThreadPoolExecutor.java:1149)
	at java.util.concurrent.ThreadPoolExecutor$Worker.run(ThreadPoolExecutor.java:624)
	... 1 more
Caused by: org.apache.ratis.thirdparty.io.netty.channel.AbstractChannel$AnnotatedConnectException: Connection refused: /192.168.34.25:45248
	at sun.nio.ch.SocketChannelImpl.checkConnect(Native Method)
	at sun.nio.ch.SocketChannelImpl.finishConnect(SocketChannelImpl.java:717)
	at org.apache.ratis.thirdparty.io.netty.channel.socket.nio.NioSocketChannel.doFinishConnect(NioSocketChannel.java:327)
	at org.apache.ratis.thirdparty.io.netty.channel.nio.AbstractNioChannel$AbstractNioUnsafe.finishConnect(AbstractNioChannel.java:340)
	at org.apache.ratis.thirdparty.io.netty.channel.nio.NioEventLoop.processSelectedKey(NioEventLoop.java:632)
	at org.apache.ratis.thirdparty.io.netty.channel.nio.NioEventLoop.processSelectedKeysOptimized(NioEventLoop.java:579)
	at org.apache.ratis.thirdparty.io.netty.channel.nio.NioEventLoop.processSelectedKeys(NioEventLoop.java:496)
	at org.apache.ratis.thirdparty.io.netty.channel.nio.NioEventLoop.run(NioEventLoop.java:458)
	at org.apache.ratis.thirdparty.io.netty.util.concurrent.SingleThreadEventExecutor$5.run(SingleThreadEventExecutor.java:897)
	at org.apache.ratis.thirdparty.io.netty.util.concurrent.FastThreadLocalRunnable.run(FastThreadLocalRunnable.java:30)
	... 1 more
Caused by: java.net.ConnectException: Connection refused
	... 11 more
2019-10-18 07:24:19,843 [12ad0800-05cb-443c-9fdd-fa1debf04523@group-BCB82A5C07F5-LeaderElection1287] INFO  impl.RaftServerImpl (RaftServerImpl.java:setRole(184)) - 12ad0800-05cb-443c-9fdd-fa1debf04523@group-BCB82A5C07F5: changes role from CANDIDATE to FOLLOWER at term 235 for DISCOVERED_A_NEW_TERM
2019-10-18 07:24:19,843 [12ad0800-05cb-443c-9fdd-fa1debf04523@group-BCB82A5C07F5-LeaderElection1287] INFO  impl.RoleInfo (RoleInfo.java:shutdownLeaderElection(134)) - 12ad0800-05cb-443c-9fdd-fa1debf04523: shutdown LeaderElection
2019-10-18 07:24:19,843 [12ad0800-05cb-443c-9fdd-fa1debf04523@group-BCB82A5C07F5-LeaderElection1287] INFO  impl.RoleInfo (RoleInfo.java:updateAndGet(143)) - 12ad0800-05cb-443c-9fdd-fa1debf04523: start FollowerState
2019-10-18 07:24:19,955 [Datanode State Machine Thread - 0] INFO  statemachine.DatanodeStateMachine (DatanodeStateMachine.java:lambda$startDaemon$0(350)) - Ozone container server started.
2019-10-18 07:24:19,959 [Thread-11046] INFO  impl.FollowerState (FollowerState.java:run(108)) - 12ad0800-05cb-443c-9fdd-fa1debf04523@group-BCB82A5C07F5-FollowerState: change to CANDIDATE, lastRpcTime:116ms, electionTimeout:116ms
2019-10-18 07:24:19,959 [Thread-11046] INFO  impl.RoleInfo (RoleInfo.java:shutdownFollowerState(121)) - 12ad0800-05cb-443c-9fdd-fa1debf04523: shutdown FollowerState
2019-10-18 07:24:19,960 [Thread-11046] INFO  impl.RaftServerImpl (RaftServerImpl.java:setRole(184)) - 12ad0800-05cb-443c-9fdd-fa1debf04523@group-BCB82A5C07F5: changes role from  FOLLOWER to CANDIDATE at term 235 for changeToCandidate
2019-10-18 07:24:19,960 [Thread-11046] INFO  impl.RoleInfo (RoleInfo.java:updateAndGet(143)) - 12ad0800-05cb-443c-9fdd-fa1debf04523: start LeaderElection
2019-10-18 07:24:19,985 [12ad0800-05cb-443c-9fdd-fa1debf04523@group-BCB82A5C07F5-LeaderElection1288] INFO  impl.LeaderElection (LeaderElection.java:askForVotes(178)) - 12ad0800-05cb-443c-9fdd-fa1debf04523@group-BCB82A5C07F5-LeaderElection1288: begin an election at term 236 for -1: [12ad0800-05cb-443c-9fdd-fa1debf04523:192.168.34.25:41155, 5170c5f3-8499-4b42-9321-85fc8a351f79:192.168.34.25:43074, 0b10a9fc-47eb-4a2b-b664-8273d9d17379:192.168.34.25:45248], old=null
2019-10-18 07:24:19,985 [12ad0800-05cb-443c-9fdd-fa1debf04523@group-BCB82A5C07F5-LeaderElection1288] INFO  impl.LeaderElection (LogUtils.java:infoOrTrace(149)) - 12ad0800-05cb-443c-9fdd-fa1debf04523@group-BCB82A5C07F5-LeaderElection1288 got exception when requesting votes: {}
java.util.concurrent.ExecutionException: org.apache.ratis.thirdparty.io.grpc.StatusRuntimeException: UNAVAILABLE: io exception
	at java.util.concurrent.FutureTask.report(FutureTask.java:122)
	at java.util.concurrent.FutureTask.get(FutureTask.java:192)
	at org.apache.ratis.server.impl.LeaderElection.waitForResults(LeaderElection.java:259)
	at org.apache.ratis.server.impl.LeaderElection.askForVotes(LeaderElection.java:197)
	at org.apache.ratis.server.impl.LeaderElection.run(LeaderElection.java:133)
	at java.lang.Thread.run(Thread.java:748)
Caused by: org.apache.ratis.thirdparty.io.grpc.StatusRuntimeException: UNAVAILABLE: io exception
	at org.apache.ratis.thirdparty.io.grpc.stub.ClientCalls.toStatusRuntimeException(ClientCalls.java:233)
	at org.apache.ratis.thirdparty.io.grpc.stub.ClientCalls.getUnchecked(ClientCalls.java:214)
	at org.apache.ratis.thirdparty.io.grpc.stub.ClientCalls.blockingUnaryCall(ClientCalls.java:139)
	at org.apache.ratis.proto.grpc.RaftServerProtocolServiceGrpc$RaftServerProtocolServiceBlockingStub.requestVote(RaftServerProtocolServiceGrpc.java:265)
	at org.apache.ratis.grpc.server.GrpcServerProtocolClient.requestVote(GrpcServerProtocolClient.java:99)
	at org.apache.ratis.grpc.server.GrpcService.requestVote(GrpcService.java:204)
	at org.apache.ratis.server.impl.LeaderElection.lambda$submitRequests$1(LeaderElection.java:234)
	at java.util.concurrent.FutureTask.run(FutureTask.java:266)
	at java.util.concurrent.Executors$RunnableAdapter.call(Executors.java:511)
	at java.util.concurrent.FutureTask.run(FutureTask.java:266)
	at java.util.concurrent.ThreadPoolExecutor.runWorker(ThreadPoolExecutor.java:1149)
	at java.util.concurrent.ThreadPoolExecutor$Worker.run(ThreadPoolExecutor.java:624)
	... 1 more
Caused by: org.apache.ratis.thirdparty.io.netty.channel.AbstractChannel$AnnotatedConnectException: Connection refused: /192.168.34.25:43074
	at sun.nio.ch.SocketChannelImpl.checkConnect(Native Method)
	at sun.nio.ch.SocketChannelImpl.finishConnect(SocketChannelImpl.java:717)
	at org.apache.ratis.thirdparty.io.netty.channel.socket.nio.NioSocketChannel.doFinishConnect(NioSocketChannel.java:327)
	at org.apache.ratis.thirdparty.io.netty.channel.nio.AbstractNioChannel$AbstractNioUnsafe.finishConnect(AbstractNioChannel.java:340)
	at org.apache.ratis.thirdparty.io.netty.channel.nio.NioEventLoop.processSelectedKey(NioEventLoop.java:632)
	at org.apache.ratis.thirdparty.io.netty.channel.nio.NioEventLoop.processSelectedKeysOptimized(NioEventLoop.java:579)
	at org.apache.ratis.thirdparty.io.netty.channel.nio.NioEventLoop.processSelectedKeys(NioEventLoop.java:496)
	at org.apache.ratis.thirdparty.io.netty.channel.nio.NioEventLoop.run(NioEventLoop.java:458)
	at org.apache.ratis.thirdparty.io.netty.util.concurrent.SingleThreadEventExecutor$5.run(SingleThreadEventExecutor.java:897)
	at org.apache.ratis.thirdparty.io.netty.util.concurrent.FastThreadLocalRunnable.run(FastThreadLocalRunnable.java:30)
	... 1 more
Caused by: java.net.ConnectException: Connection refused
	... 11 more
2019-10-18 07:24:19,986 [12ad0800-05cb-443c-9fdd-fa1debf04523@group-BCB82A5C07F5-LeaderElection1288] INFO  impl.LeaderElection (LogUtils.java:infoOrTrace(149)) - 12ad0800-05cb-443c-9fdd-fa1debf04523@group-BCB82A5C07F5-LeaderElection1288 got exception when requesting votes: {}
java.util.concurrent.ExecutionException: org.apache.ratis.thirdparty.io.grpc.StatusRuntimeException: UNAVAILABLE: io exception
	at java.util.concurrent.FutureTask.report(FutureTask.java:122)
	at java.util.concurrent.FutureTask.get(FutureTask.java:192)
	at org.apache.ratis.server.impl.LeaderElection.waitForResults(LeaderElection.java:259)
	at org.apache.ratis.server.impl.LeaderElection.askForVotes(LeaderElection.java:197)
	at org.apache.ratis.server.impl.LeaderElection.run(LeaderElection.java:133)
	at java.lang.Thread.run(Thread.java:748)
Caused by: org.apache.ratis.thirdparty.io.grpc.StatusRuntimeException: UNAVAILABLE: io exception
	at org.apache.ratis.thirdparty.io.grpc.stub.ClientCalls.toStatusRuntimeException(ClientCalls.java:233)
	at org.apache.ratis.thirdparty.io.grpc.stub.ClientCalls.getUnchecked(ClientCalls.java:214)
	at org.apache.ratis.thirdparty.io.grpc.stub.ClientCalls.blockingUnaryCall(ClientCalls.java:139)
	at org.apache.ratis.proto.grpc.RaftServerProtocolServiceGrpc$RaftServerProtocolServiceBlockingStub.requestVote(RaftServerProtocolServiceGrpc.java:265)
	at org.apache.ratis.grpc.server.GrpcServerProtocolClient.requestVote(GrpcServerProtocolClient.java:99)
	at org.apache.ratis.grpc.server.GrpcService.requestVote(GrpcService.java:204)
	at org.apache.ratis.server.impl.LeaderElection.lambda$submitRequests$1(LeaderElection.java:234)
	at java.util.concurrent.FutureTask.run(FutureTask.java:266)
	at java.util.concurrent.Executors$RunnableAdapter.call(Executors.java:511)
	at java.util.concurrent.FutureTask.run(FutureTask.java:266)
	at java.util.concurrent.ThreadPoolExecutor.runWorker(ThreadPoolExecutor.java:1149)
	at java.util.concurrent.ThreadPoolExecutor$Worker.run(ThreadPoolExecutor.java:624)
	... 1 more
Caused by: org.apache.ratis.thirdparty.io.netty.channel.AbstractChannel$AnnotatedConnectException: Connection refused: /192.168.34.25:45248
	at sun.nio.ch.SocketChannelImpl.checkConnect(Native Method)
	at sun.nio.ch.SocketChannelImpl.finishConnect(SocketChannelImpl.java:717)
	at org.apache.ratis.thirdparty.io.netty.channel.socket.nio.NioSocketChannel.doFinishConnect(NioSocketChannel.java:327)
	at org.apache.ratis.thirdparty.io.netty.channel.nio.AbstractNioChannel$AbstractNioUnsafe.finishConnect(AbstractNioChannel.java:340)
	at org.apache.ratis.thirdparty.io.netty.channel.nio.NioEventLoop.processSelectedKey(NioEventLoop.java:632)
	at org.apache.ratis.thirdparty.io.netty.channel.nio.NioEventLoop.processSelectedKeysOptimized(NioEventLoop.java:579)
	at org.apache.ratis.thirdparty.io.netty.channel.nio.NioEventLoop.processSelectedKeys(NioEventLoop.java:496)
	at org.apache.ratis.thirdparty.io.netty.channel.nio.NioEventLoop.run(NioEventLoop.java:458)
	at org.apache.ratis.thirdparty.io.netty.util.concurrent.SingleThreadEventExecutor$5.run(SingleThreadEventExecutor.java:897)
	at org.apache.ratis.thirdparty.io.netty.util.concurrent.FastThreadLocalRunnable.run(FastThreadLocalRunnable.java:30)
	... 1 more
Caused by: java.net.ConnectException: Connection refused
	... 11 more
2019-10-18 07:24:19,987 [12ad0800-05cb-443c-9fdd-fa1debf04523@group-BCB82A5C07F5-LeaderElection1288] INFO  impl.LeaderElection (LeaderElection.java:logAndReturn(56)) - 12ad0800-05cb-443c-9fdd-fa1debf04523@group-BCB82A5C07F5-LeaderElection1288: Election REJECTED; received 0 response(s) [] and 2 exception(s); 12ad0800-05cb-443c-9fdd-fa1debf04523@group-BCB82A5C07F5:t236, leader=null, voted=12ad0800-05cb-443c-9fdd-fa1debf04523, raftlog=12ad0800-05cb-443c-9fdd-fa1debf04523@group-BCB82A5C07F5-SegmentedRaftLog:OPENED:c-1,f-1,i0, conf=-1: [12ad0800-05cb-443c-9fdd-fa1debf04523:192.168.34.25:41155, 5170c5f3-8499-4b42-9321-85fc8a351f79:192.168.34.25:43074, 0b10a9fc-47eb-4a2b-b664-8273d9d17379:192.168.34.25:45248], old=null
2019-10-18 07:24:19,987 [12ad0800-05cb-443c-9fdd-fa1debf04523@group-BCB82A5C07F5-LeaderElection1288] INFO  impl.LeaderElection (LogUtils.java:infoOrTrace(149)) -   Exception 0: {}
java.util.concurrent.ExecutionException: org.apache.ratis.thirdparty.io.grpc.StatusRuntimeException: UNAVAILABLE: io exception
	at java.util.concurrent.FutureTask.report(FutureTask.java:122)
	at java.util.concurrent.FutureTask.get(FutureTask.java:192)
	at org.apache.ratis.server.impl.LeaderElection.waitForResults(LeaderElection.java:259)
	at org.apache.ratis.server.impl.LeaderElection.askForVotes(LeaderElection.java:197)
	at org.apache.ratis.server.impl.LeaderElection.run(LeaderElection.java:133)
	at java.lang.Thread.run(Thread.java:748)
Caused by: org.apache.ratis.thirdparty.io.grpc.StatusRuntimeException: UNAVAILABLE: io exception
	at org.apache.ratis.thirdparty.io.grpc.stub.ClientCalls.toStatusRuntimeException(ClientCalls.java:233)
	at org.apache.ratis.thirdparty.io.grpc.stub.ClientCalls.getUnchecked(ClientCalls.java:214)
	at org.apache.ratis.thirdparty.io.grpc.stub.ClientCalls.blockingUnaryCall(ClientCalls.java:139)
	at org.apache.ratis.proto.grpc.RaftServerProtocolServiceGrpc$RaftServerProtocolServiceBlockingStub.requestVote(RaftServerProtocolServiceGrpc.java:265)
	at org.apache.ratis.grpc.server.GrpcServerProtocolClient.requestVote(GrpcServerProtocolClient.java:99)
	at org.apache.ratis.grpc.server.GrpcService.requestVote(GrpcService.java:204)
	at org.apache.ratis.server.impl.LeaderElection.lambda$submitRequests$1(LeaderElection.java:234)
	at java.util.concurrent.FutureTask.run(FutureTask.java:266)
	at java.util.concurrent.Executors$RunnableAdapter.call(Executors.java:511)
	at java.util.concurrent.FutureTask.run(FutureTask.java:266)
	at java.util.concurrent.ThreadPoolExecutor.runWorker(ThreadPoolExecutor.java:1149)
	at java.util.concurrent.ThreadPoolExecutor$Worker.run(ThreadPoolExecutor.java:624)
	... 1 more
Caused by: org.apache.ratis.thirdparty.io.netty.channel.AbstractChannel$AnnotatedConnectException: Connection refused: /192.168.34.25:43074
	at sun.nio.ch.SocketChannelImpl.checkConnect(Native Method)
	at sun.nio.ch.SocketChannelImpl.finishConnect(SocketChannelImpl.java:717)
	at org.apache.ratis.thirdparty.io.netty.channel.socket.nio.NioSocketChannel.doFinishConnect(NioSocketChannel.java:327)
	at org.apache.ratis.thirdparty.io.netty.channel.nio.AbstractNioChannel$AbstractNioUnsafe.finishConnect(AbstractNioChannel.java:340)
	at org.apache.ratis.thirdparty.io.netty.channel.nio.NioEventLoop.processSelectedKey(NioEventLoop.java:632)
	at org.apache.ratis.thirdparty.io.netty.channel.nio.NioEventLoop.processSelectedKeysOptimized(NioEventLoop.java:579)
	at org.apache.ratis.thirdparty.io.netty.channel.nio.NioEventLoop.processSelectedKeys(NioEventLoop.java:496)
	at org.apache.ratis.thirdparty.io.netty.channel.nio.NioEventLoop.run(NioEventLoop.java:458)
	at org.apache.ratis.thirdparty.io.netty.util.concurrent.SingleThreadEventExecutor$5.run(SingleThreadEventExecutor.java:897)
	at org.apache.ratis.thirdparty.io.netty.util.concurrent.FastThreadLocalRunnable.run(FastThreadLocalRunnable.java:30)
	... 1 more
Caused by: java.net.ConnectException: Connection refused
	... 11 more
2019-10-18 07:24:19,987 [12ad0800-05cb-443c-9fdd-fa1debf04523@group-BCB82A5C07F5-LeaderElection1288] INFO  impl.LeaderElection (LogUtils.java:infoOrTrace(149)) -   Exception 1: {}
java.util.concurrent.ExecutionException: org.apache.ratis.thirdparty.io.grpc.StatusRuntimeException: UNAVAILABLE: io exception
	at java.util.concurrent.FutureTask.report(FutureTask.java:122)
	at java.util.concurrent.FutureTask.get(FutureTask.java:192)
	at org.apache.ratis.server.impl.LeaderElection.waitForResults(LeaderElection.java:259)
	at org.apache.ratis.server.impl.LeaderElection.askForVotes(LeaderElection.java:197)
	at org.apache.ratis.server.impl.LeaderElection.run(LeaderElection.java:133)
	at java.lang.Thread.run(Thread.java:748)
Caused by: org.apache.ratis.thirdparty.io.grpc.StatusRuntimeException: UNAVAILABLE: io exception
	at org.apache.ratis.thirdparty.io.grpc.stub.ClientCalls.toStatusRuntimeException(ClientCalls.java:233)
	at org.apache.ratis.thirdparty.io.grpc.stub.ClientCalls.getUnchecked(ClientCalls.java:214)
	at org.apache.ratis.thirdparty.io.grpc.stub.ClientCalls.blockingUnaryCall(ClientCalls.java:139)
	at org.apache.ratis.proto.grpc.RaftServerProtocolServiceGrpc$RaftServerProtocolServiceBlockingStub.requestVote(RaftServerProtocolServiceGrpc.java:265)
	at org.apache.ratis.grpc.server.GrpcServerProtocolClient.requestVote(GrpcServerProtocolClient.java:99)
	at org.apache.ratis.grpc.server.GrpcService.requestVote(GrpcService.java:204)
	at org.apache.ratis.server.impl.LeaderElection.lambda$submitRequests$1(LeaderElection.java:234)
	at java.util.concurrent.FutureTask.run(FutureTask.java:266)
	at java.util.concurrent.Executors$RunnableAdapter.call(Executors.java:511)
	at java.util.concurrent.FutureTask.run(FutureTask.java:266)
	at java.util.concurrent.ThreadPoolExecutor.runWorker(ThreadPoolExecutor.java:1149)
	at java.util.concurrent.ThreadPoolExecutor$Worker.run(ThreadPoolExecutor.java:624)
	... 1 more
Caused by: org.apache.ratis.thirdparty.io.netty.channel.AbstractChannel$AnnotatedConnectException: Connection refused: /192.168.34.25:45248
	at sun.nio.ch.SocketChannelImpl.checkConnect(Native Method)
	at sun.nio.ch.SocketChannelImpl.finishConnect(SocketChannelImpl.java:717)
	at org.apache.ratis.thirdparty.io.netty.channel.socket.nio.NioSocketChannel.doFinishConnect(NioSocketChannel.java:327)
	at org.apache.ratis.thirdparty.io.netty.channel.nio.AbstractNioChannel$AbstractNioUnsafe.finishConnect(AbstractNioChannel.java:340)
	at org.apache.ratis.thirdparty.io.netty.channel.nio.NioEventLoop.processSelectedKey(NioEventLoop.java:632)
	at org.apache.ratis.thirdparty.io.netty.channel.nio.NioEventLoop.processSelectedKeysOptimized(NioEventLoop.java:579)
	at org.apache.ratis.thirdparty.io.netty.channel.nio.NioEventLoop.processSelectedKeys(NioEventLoop.java:496)
	at org.apache.ratis.thirdparty.io.netty.channel.nio.NioEventLoop.run(NioEventLoop.java:458)
	at org.apache.ratis.thirdparty.io.netty.util.concurrent.SingleThreadEventExecutor$5.run(SingleThreadEventExecutor.java:897)
	at org.apache.ratis.thirdparty.io.netty.util.concurrent.FastThreadLocalRunnable.run(FastThreadLocalRunnable.java:30)
	... 1 more
Caused by: java.net.ConnectException: Connection refused
	... 11 more
2019-10-18 07:24:19,988 [12ad0800-05cb-443c-9fdd-fa1debf04523@group-BCB82A5C07F5-LeaderElection1288] INFO  impl.RaftServerImpl (RaftServerImpl.java:setRole(184)) - 12ad0800-05cb-443c-9fdd-fa1debf04523@group-BCB82A5C07F5: changes role from CANDIDATE to FOLLOWER at term 236 for DISCOVERED_A_NEW_TERM
2019-10-18 07:24:19,988 [12ad0800-05cb-443c-9fdd-fa1debf04523@group-BCB82A5C07F5-LeaderElection1288] INFO  impl.RoleInfo (RoleInfo.java:shutdownLeaderElection(134)) - 12ad0800-05cb-443c-9fdd-fa1debf04523: shutdown LeaderElection
2019-10-18 07:24:19,988 [12ad0800-05cb-443c-9fdd-fa1debf04523@group-BCB82A5C07F5-LeaderElection1288] INFO  impl.RoleInfo (RoleInfo.java:updateAndGet(143)) - 12ad0800-05cb-443c-9fdd-fa1debf04523: start FollowerState
2019-10-18 07:24:20,157 [Thread-11050] INFO  impl.FollowerState (FollowerState.java:run(108)) - 12ad0800-05cb-443c-9fdd-fa1debf04523@group-BCB82A5C07F5-FollowerState: change to CANDIDATE, lastRpcTime:169ms, electionTimeout:169ms
2019-10-18 07:24:20,157 [Thread-11050] INFO  impl.RoleInfo (RoleInfo.java:shutdownFollowerState(121)) - 12ad0800-05cb-443c-9fdd-fa1debf04523: shutdown FollowerState
2019-10-18 07:24:20,158 [Thread-11050] INFO  impl.RaftServerImpl (RaftServerImpl.java:setRole(184)) - 12ad0800-05cb-443c-9fdd-fa1debf04523@group-BCB82A5C07F5: changes role from  FOLLOWER to CANDIDATE at term 236 for changeToCandidate
2019-10-18 07:24:20,158 [Thread-11050] INFO  impl.RoleInfo (RoleInfo.java:updateAndGet(143)) - 12ad0800-05cb-443c-9fdd-fa1debf04523: start LeaderElection
2019-10-18 07:24:20,180 [12ad0800-05cb-443c-9fdd-fa1debf04523@group-BCB82A5C07F5-LeaderElection1289] INFO  impl.LeaderElection (LeaderElection.java:askForVotes(178)) - 12ad0800-05cb-443c-9fdd-fa1debf04523@group-BCB82A5C07F5-LeaderElection1289: begin an election at term 237 for -1: [12ad0800-05cb-443c-9fdd-fa1debf04523:192.168.34.25:41155, 5170c5f3-8499-4b42-9321-85fc8a351f79:192.168.34.25:43074, 0b10a9fc-47eb-4a2b-b664-8273d9d17379:192.168.34.25:45248], old=null
2019-10-18 07:24:20,181 [12ad0800-05cb-443c-9fdd-fa1debf04523@group-BCB82A5C07F5-LeaderElection1289] INFO  impl.LeaderElection (LogUtils.java:infoOrTrace(149)) - 12ad0800-05cb-443c-9fdd-fa1debf04523@group-BCB82A5C07F5-LeaderElection1289 got exception when requesting votes: {}
java.util.concurrent.ExecutionException: org.apache.ratis.thirdparty.io.grpc.StatusRuntimeException: UNAVAILABLE: io exception
	at java.util.concurrent.FutureTask.report(FutureTask.java:122)
	at java.util.concurrent.FutureTask.get(FutureTask.java:192)
	at org.apache.ratis.server.impl.LeaderElection.waitForResults(LeaderElection.java:259)
	at org.apache.ratis.server.impl.LeaderElection.askForVotes(LeaderElection.java:197)
	at org.apache.ratis.server.impl.LeaderElection.run(LeaderElection.java:133)
	at java.lang.Thread.run(Thread.java:748)
Caused by: org.apache.ratis.thirdparty.io.grpc.StatusRuntimeException: UNAVAILABLE: io exception
	at org.apache.ratis.thirdparty.io.grpc.stub.ClientCalls.toStatusRuntimeException(ClientCalls.java:233)
	at org.apache.ratis.thirdparty.io.grpc.stub.ClientCalls.getUnchecked(ClientCalls.java:214)
	at org.apache.ratis.thirdparty.io.grpc.stub.ClientCalls.blockingUnaryCall(ClientCalls.java:139)
	at org.apache.ratis.proto.grpc.RaftServerProtocolServiceGrpc$RaftServerProtocolServiceBlockingStub.requestVote(RaftServerProtocolServiceGrpc.java:265)
	at org.apache.ratis.grpc.server.GrpcServerProtocolClient.requestVote(GrpcServerProtocolClient.java:99)
	at org.apache.ratis.grpc.server.GrpcService.requestVote(GrpcService.java:204)
	at org.apache.ratis.server.impl.LeaderElection.lambda$submitRequests$1(LeaderElection.java:234)
	at java.util.concurrent.FutureTask.run(FutureTask.java:266)
	at java.util.concurrent.Executors$RunnableAdapter.call(Executors.java:511)
	at java.util.concurrent.FutureTask.run(FutureTask.java:266)
	at java.util.concurrent.ThreadPoolExecutor.runWorker(ThreadPoolExecutor.java:1149)
	at java.util.concurrent.ThreadPoolExecutor$Worker.run(ThreadPoolExecutor.java:624)
	... 1 more
Caused by: org.apache.ratis.thirdparty.io.netty.channel.AbstractChannel$AnnotatedConnectException: Connection refused: /192.168.34.25:43074
	at sun.nio.ch.SocketChannelImpl.checkConnect(Native Method)
	at sun.nio.ch.SocketChannelImpl.finishConnect(SocketChannelImpl.java:717)
	at org.apache.ratis.thirdparty.io.netty.channel.socket.nio.NioSocketChannel.doFinishConnect(NioSocketChannel.java:327)
	at org.apache.ratis.thirdparty.io.netty.channel.nio.AbstractNioChannel$AbstractNioUnsafe.finishConnect(AbstractNioChannel.java:340)
	at org.apache.ratis.thirdparty.io.netty.channel.nio.NioEventLoop.processSelectedKey(NioEventLoop.java:632)
	at org.apache.ratis.thirdparty.io.netty.channel.nio.NioEventLoop.processSelectedKeysOptimized(NioEventLoop.java:579)
	at org.apache.ratis.thirdparty.io.netty.channel.nio.NioEventLoop.processSelectedKeys(NioEventLoop.java:496)
	at org.apache.ratis.thirdparty.io.netty.channel.nio.NioEventLoop.run(NioEventLoop.java:458)
	at org.apache.ratis.thirdparty.io.netty.util.concurrent.SingleThreadEventExecutor$5.run(SingleThreadEventExecutor.java:897)
	at org.apache.ratis.thirdparty.io.netty.util.concurrent.FastThreadLocalRunnable.run(FastThreadLocalRunnable.java:30)
	... 1 more
Caused by: java.net.ConnectException: Connection refused
	... 11 more
2019-10-18 07:24:20,181 [12ad0800-05cb-443c-9fdd-fa1debf04523@group-BCB82A5C07F5-LeaderElection1289] INFO  impl.LeaderElection (LogUtils.java:infoOrTrace(149)) - 12ad0800-05cb-443c-9fdd-fa1debf04523@group-BCB82A5C07F5-LeaderElection1289 got exception when requesting votes: {}
java.util.concurrent.ExecutionException: org.apache.ratis.thirdparty.io.grpc.StatusRuntimeException: UNAVAILABLE: io exception
	at java.util.concurrent.FutureTask.report(FutureTask.java:122)
	at java.util.concurrent.FutureTask.get(FutureTask.java:192)
	at org.apache.ratis.server.impl.LeaderElection.waitForResults(LeaderElection.java:259)
	at org.apache.ratis.server.impl.LeaderElection.askForVotes(LeaderElection.java:197)
	at org.apache.ratis.server.impl.LeaderElection.run(LeaderElection.java:133)
	at java.lang.Thread.run(Thread.java:748)
Caused by: org.apache.ratis.thirdparty.io.grpc.StatusRuntimeException: UNAVAILABLE: io exception
	at org.apache.ratis.thirdparty.io.grpc.stub.ClientCalls.toStatusRuntimeException(ClientCalls.java:233)
	at org.apache.ratis.thirdparty.io.grpc.stub.ClientCalls.getUnchecked(ClientCalls.java:214)
	at org.apache.ratis.thirdparty.io.grpc.stub.ClientCalls.blockingUnaryCall(ClientCalls.java:139)
	at org.apache.ratis.proto.grpc.RaftServerProtocolServiceGrpc$RaftServerProtocolServiceBlockingStub.requestVote(RaftServerProtocolServiceGrpc.java:265)
	at org.apache.ratis.grpc.server.GrpcServerProtocolClient.requestVote(GrpcServerProtocolClient.java:99)
	at org.apache.ratis.grpc.server.GrpcService.requestVote(GrpcService.java:204)
	at org.apache.ratis.server.impl.LeaderElection.lambda$submitRequests$1(LeaderElection.java:234)
	at java.util.concurrent.FutureTask.run(FutureTask.java:266)
	at java.util.concurrent.Executors$RunnableAdapter.call(Executors.java:511)
	at java.util.concurrent.FutureTask.run(FutureTask.java:266)
	at java.util.concurrent.ThreadPoolExecutor.runWorker(ThreadPoolExecutor.java:1149)
	at java.util.concurrent.ThreadPoolExecutor$Worker.run(ThreadPoolExecutor.java:624)
	... 1 more
Caused by: org.apache.ratis.thirdparty.io.netty.channel.AbstractChannel$AnnotatedConnectException: Connection refused: /192.168.34.25:45248
	at sun.nio.ch.SocketChannelImpl.checkConnect(Native Method)
	at sun.nio.ch.SocketChannelImpl.finishConnect(SocketChannelImpl.java:717)
	at org.apache.ratis.thirdparty.io.netty.channel.socket.nio.NioSocketChannel.doFinishConnect(NioSocketChannel.java:327)
	at org.apache.ratis.thirdparty.io.netty.channel.nio.AbstractNioChannel$AbstractNioUnsafe.finishConnect(AbstractNioChannel.java:340)
	at org.apache.ratis.thirdparty.io.netty.channel.nio.NioEventLoop.processSelectedKey(NioEventLoop.java:632)
	at org.apache.ratis.thirdparty.io.netty.channel.nio.NioEventLoop.processSelectedKeysOptimized(NioEventLoop.java:579)
	at org.apache.ratis.thirdparty.io.netty.channel.nio.NioEventLoop.processSelectedKeys(NioEventLoop.java:496)
	at org.apache.ratis.thirdparty.io.netty.channel.nio.NioEventLoop.run(NioEventLoop.java:458)
	at org.apache.ratis.thirdparty.io.netty.util.concurrent.SingleThreadEventExecutor$5.run(SingleThreadEventExecutor.java:897)
	at org.apache.ratis.thirdparty.io.netty.util.concurrent.FastThreadLocalRunnable.run(FastThreadLocalRunnable.java:30)
	... 1 more
Caused by: java.net.ConnectException: Connection refused
	... 11 more
2019-10-18 07:24:20,182 [12ad0800-05cb-443c-9fdd-fa1debf04523@group-BCB82A5C07F5-LeaderElection1289] INFO  impl.LeaderElection (LeaderElection.java:logAndReturn(56)) - 12ad0800-05cb-443c-9fdd-fa1debf04523@group-BCB82A5C07F5-LeaderElection1289: Election REJECTED; received 0 response(s) [] and 2 exception(s); 12ad0800-05cb-443c-9fdd-fa1debf04523@group-BCB82A5C07F5:t237, leader=null, voted=12ad0800-05cb-443c-9fdd-fa1debf04523, raftlog=12ad0800-05cb-443c-9fdd-fa1debf04523@group-BCB82A5C07F5-SegmentedRaftLog:OPENED:c-1,f-1,i0, conf=-1: [12ad0800-05cb-443c-9fdd-fa1debf04523:192.168.34.25:41155, 5170c5f3-8499-4b42-9321-85fc8a351f79:192.168.34.25:43074, 0b10a9fc-47eb-4a2b-b664-8273d9d17379:192.168.34.25:45248], old=null
2019-10-18 07:24:20,182 [12ad0800-05cb-443c-9fdd-fa1debf04523@group-BCB82A5C07F5-LeaderElection1289] INFO  impl.LeaderElection (LogUtils.java:infoOrTrace(149)) -   Exception 0: {}
java.util.concurrent.ExecutionException: org.apache.ratis.thirdparty.io.grpc.StatusRuntimeException: UNAVAILABLE: io exception
	at java.util.concurrent.FutureTask.report(FutureTask.java:122)
	at java.util.concurrent.FutureTask.get(FutureTask.java:192)
	at org.apache.ratis.server.impl.LeaderElection.waitForResults(LeaderElection.java:259)
	at org.apache.ratis.server.impl.LeaderElection.askForVotes(LeaderElection.java:197)
	at org.apache.ratis.server.impl.LeaderElection.run(LeaderElection.java:133)
	at java.lang.Thread.run(Thread.java:748)
Caused by: org.apache.ratis.thirdparty.io.grpc.StatusRuntimeException: UNAVAILABLE: io exception
	at org.apache.ratis.thirdparty.io.grpc.stub.ClientCalls.toStatusRuntimeException(ClientCalls.java:233)
	at org.apache.ratis.thirdparty.io.grpc.stub.ClientCalls.getUnchecked(ClientCalls.java:214)
	at org.apache.ratis.thirdparty.io.grpc.stub.ClientCalls.blockingUnaryCall(ClientCalls.java:139)
	at org.apache.ratis.proto.grpc.RaftServerProtocolServiceGrpc$RaftServerProtocolServiceBlockingStub.requestVote(RaftServerProtocolServiceGrpc.java:265)
	at org.apache.ratis.grpc.server.GrpcServerProtocolClient.requestVote(GrpcServerProtocolClient.java:99)
	at org.apache.ratis.grpc.server.GrpcService.requestVote(GrpcService.java:204)
	at org.apache.ratis.server.impl.LeaderElection.lambda$submitRequests$1(LeaderElection.java:234)
	at java.util.concurrent.FutureTask.run(FutureTask.java:266)
	at java.util.concurrent.Executors$RunnableAdapter.call(Executors.java:511)
	at java.util.concurrent.FutureTask.run(FutureTask.java:266)
	at java.util.concurrent.ThreadPoolExecutor.runWorker(ThreadPoolExecutor.java:1149)
	at java.util.concurrent.ThreadPoolExecutor$Worker.run(ThreadPoolExecutor.java:624)
	... 1 more
Caused by: org.apache.ratis.thirdparty.io.netty.channel.AbstractChannel$AnnotatedConnectException: Connection refused: /192.168.34.25:43074
	at sun.nio.ch.SocketChannelImpl.checkConnect(Native Method)
	at sun.nio.ch.SocketChannelImpl.finishConnect(SocketChannelImpl.java:717)
	at org.apache.ratis.thirdparty.io.netty.channel.socket.nio.NioSocketChannel.doFinishConnect(NioSocketChannel.java:327)
	at org.apache.ratis.thirdparty.io.netty.channel.nio.AbstractNioChannel$AbstractNioUnsafe.finishConnect(AbstractNioChannel.java:340)
	at org.apache.ratis.thirdparty.io.netty.channel.nio.NioEventLoop.processSelectedKey(NioEventLoop.java:632)
	at org.apache.ratis.thirdparty.io.netty.channel.nio.NioEventLoop.processSelectedKeysOptimized(NioEventLoop.java:579)
	at org.apache.ratis.thirdparty.io.netty.channel.nio.NioEventLoop.processSelectedKeys(NioEventLoop.java:496)
	at org.apache.ratis.thirdparty.io.netty.channel.nio.NioEventLoop.run(NioEventLoop.java:458)
	at org.apache.ratis.thirdparty.io.netty.util.concurrent.SingleThreadEventExecutor$5.run(SingleThreadEventExecutor.java:897)
	at org.apache.ratis.thirdparty.io.netty.util.concurrent.FastThreadLocalRunnable.run(FastThreadLocalRunnable.java:30)
	... 1 more
Caused by: java.net.ConnectException: Connection refused
	... 11 more
2019-10-18 07:24:20,182 [12ad0800-05cb-443c-9fdd-fa1debf04523@group-BCB82A5C07F5-LeaderElection1289] INFO  impl.LeaderElection (LogUtils.java:infoOrTrace(149)) -   Exception 1: {}
java.util.concurrent.ExecutionException: org.apache.ratis.thirdparty.io.grpc.StatusRuntimeException: UNAVAILABLE: io exception
	at java.util.concurrent.FutureTask.report(FutureTask.java:122)
	at java.util.concurrent.FutureTask.get(FutureTask.java:192)
	at org.apache.ratis.server.impl.LeaderElection.waitForResults(LeaderElection.java:259)
	at org.apache.ratis.server.impl.LeaderElection.askForVotes(LeaderElection.java:197)
	at org.apache.ratis.server.impl.LeaderElection.run(LeaderElection.java:133)
	at java.lang.Thread.run(Thread.java:748)
Caused by: org.apache.ratis.thirdparty.io.grpc.StatusRuntimeException: UNAVAILABLE: io exception
	at org.apache.ratis.thirdparty.io.grpc.stub.ClientCalls.toStatusRuntimeException(ClientCalls.java:233)
	at org.apache.ratis.thirdparty.io.grpc.stub.ClientCalls.getUnchecked(ClientCalls.java:214)
	at org.apache.ratis.thirdparty.io.grpc.stub.ClientCalls.blockingUnaryCall(ClientCalls.java:139)
	at org.apache.ratis.proto.grpc.RaftServerProtocolServiceGrpc$RaftServerProtocolServiceBlockingStub.requestVote(RaftServerProtocolServiceGrpc.java:265)
	at org.apache.ratis.grpc.server.GrpcServerProtocolClient.requestVote(GrpcServerProtocolClient.java:99)
	at org.apache.ratis.grpc.server.GrpcService.requestVote(GrpcService.java:204)
	at org.apache.ratis.server.impl.LeaderElection.lambda$submitRequests$1(LeaderElection.java:234)
	at java.util.concurrent.FutureTask.run(FutureTask.java:266)
	at java.util.concurrent.Executors$RunnableAdapter.call(Executors.java:511)
	at java.util.concurrent.FutureTask.run(FutureTask.java:266)
	at java.util.concurrent.ThreadPoolExecutor.runWorker(ThreadPoolExecutor.java:1149)
	at java.util.concurrent.ThreadPoolExecutor$Worker.run(ThreadPoolExecutor.java:624)
	... 1 more
Caused by: org.apache.ratis.thirdparty.io.netty.channel.AbstractChannel$AnnotatedConnectException: Connection refused: /192.168.34.25:45248
	at sun.nio.ch.SocketChannelImpl.checkConnect(Native Method)
	at sun.nio.ch.SocketChannelImpl.finishConnect(SocketChannelImpl.java:717)
	at org.apache.ratis.thirdparty.io.netty.channel.socket.nio.NioSocketChannel.doFinishConnect(NioSocketChannel.java:327)
	at org.apache.ratis.thirdparty.io.netty.channel.nio.AbstractNioChannel$AbstractNioUnsafe.finishConnect(AbstractNioChannel.java:340)
	at org.apache.ratis.thirdparty.io.netty.channel.nio.NioEventLoop.processSelectedKey(NioEventLoop.java:632)
	at org.apache.ratis.thirdparty.io.netty.channel.nio.NioEventLoop.processSelectedKeysOptimized(NioEventLoop.java:579)
	at org.apache.ratis.thirdparty.io.netty.channel.nio.NioEventLoop.processSelectedKeys(NioEventLoop.java:496)
	at org.apache.ratis.thirdparty.io.netty.channel.nio.NioEventLoop.run(NioEventLoop.java:458)
	at org.apache.ratis.thirdparty.io.netty.util.concurrent.SingleThreadEventExecutor$5.run(SingleThreadEventExecutor.java:897)
	at org.apache.ratis.thirdparty.io.netty.util.concurrent.FastThreadLocalRunnable.run(FastThreadLocalRunnable.java:30)
	... 1 more
Caused by: java.net.ConnectException: Connection refused
	... 11 more
2019-10-18 07:24:20,182 [12ad0800-05cb-443c-9fdd-fa1debf04523@group-BCB82A5C07F5-LeaderElection1289] INFO  impl.RaftServerImpl (RaftServerImpl.java:setRole(184)) - 12ad0800-05cb-443c-9fdd-fa1debf04523@group-BCB82A5C07F5: changes role from CANDIDATE to FOLLOWER at term 237 for DISCOVERED_A_NEW_TERM
2019-10-18 07:24:20,182 [12ad0800-05cb-443c-9fdd-fa1debf04523@group-BCB82A5C07F5-LeaderElection1289] INFO  impl.RoleInfo (RoleInfo.java:shutdownLeaderElection(134)) - 12ad0800-05cb-443c-9fdd-fa1debf04523: shutdown LeaderElection
2019-10-18 07:24:20,182 [12ad0800-05cb-443c-9fdd-fa1debf04523@group-BCB82A5C07F5-LeaderElection1289] INFO  impl.RoleInfo (RoleInfo.java:updateAndGet(143)) - 12ad0800-05cb-443c-9fdd-fa1debf04523: start FollowerState
2019-10-18 07:24:20,246 [Thread-11015] INFO  impl.FollowerState (FollowerState.java:run(108)) - 67270882-100a-4e75-928d-618d17e069c8@group-0C9C3B2D0CC1-FollowerState: change to CANDIDATE, lastRpcTime:1128ms, electionTimeout:1128ms
2019-10-18 07:24:20,247 [Thread-11015] INFO  impl.RoleInfo (RoleInfo.java:shutdownFollowerState(121)) - 67270882-100a-4e75-928d-618d17e069c8: shutdown FollowerState
2019-10-18 07:24:20,247 [Datanode State Machine Thread - 0] INFO  statemachine.DatanodeStateMachine (DatanodeStateMachine.java:lambda$startDaemon$0(350)) - Ozone container server started.
2019-10-18 07:24:20,247 [Thread-11015] INFO  impl.RaftServerImpl (RaftServerImpl.java:setRole(184)) - 67270882-100a-4e75-928d-618d17e069c8@group-0C9C3B2D0CC1: changes role from  FOLLOWER to CANDIDATE at term 154 for changeToCandidate
2019-10-18 07:24:20,247 [Thread-11015] INFO  impl.RoleInfo (RoleInfo.java:updateAndGet(143)) - 67270882-100a-4e75-928d-618d17e069c8: start LeaderElection
2019-10-18 07:24:20,264 [java.util.concurrent.ThreadPoolExecutor$Worker@1ddf09da[State = -1, empty queue]] WARN  server.GrpcLogAppender (GrpcLogAppender.java:timeoutAppendRequest(209)) - 030c2313-1c2c-4b42-81fb-cb58ee93f992@group-E193FE271C99->9712a796-5281-4f3e-ac85-61dedd90db73-GrpcLogAppender: appendEntries Timeout, request=030c2313-1c2c-4b42-81fb-cb58ee93f992->9712a796-5281-4f3e-ac85-61dedd90db73#67-t1, previous=(t:1, i:10), leaderCommit=10, initializing? false, entries: <empty>
2019-10-18 07:24:20,265 [67270882-100a-4e75-928d-618d17e069c8@group-0C9C3B2D0CC1-LeaderElection1290] INFO  impl.LeaderElection (LeaderElection.java:askForVotes(178)) - 67270882-100a-4e75-928d-618d17e069c8@group-0C9C3B2D0CC1-LeaderElection1290: begin an election at term 155 for 1: [6633f50a-7046-4b08-9937-8e25f1b14b15:192.168.34.25:39338, 67270882-100a-4e75-928d-618d17e069c8:192.168.34.25:36648, 4dea926d-4bc6-487a-9b9b-9fd457d0fae4:192.168.34.25:41624], old=null
2019-10-18 07:24:20,266 [67270882-100a-4e75-928d-618d17e069c8@group-0C9C3B2D0CC1-LeaderElection1290] INFO  impl.LeaderElection (LogUtils.java:infoOrTrace(149)) - 67270882-100a-4e75-928d-618d17e069c8@group-0C9C3B2D0CC1-LeaderElection1290 got exception when requesting votes: {}
java.util.concurrent.ExecutionException: org.apache.ratis.thirdparty.io.grpc.StatusRuntimeException: UNAVAILABLE: io exception
	at java.util.concurrent.FutureTask.report(FutureTask.java:122)
	at java.util.concurrent.FutureTask.get(FutureTask.java:192)
	at org.apache.ratis.server.impl.LeaderElection.waitForResults(LeaderElection.java:259)
	at org.apache.ratis.server.impl.LeaderElection.askForVotes(LeaderElection.java:197)
	at org.apache.ratis.server.impl.LeaderElection.run(LeaderElection.java:133)
	at java.lang.Thread.run(Thread.java:748)
Caused by: org.apache.ratis.thirdparty.io.grpc.StatusRuntimeException: UNAVAILABLE: io exception
	at org.apache.ratis.thirdparty.io.grpc.stub.ClientCalls.toStatusRuntimeException(ClientCalls.java:233)
	at org.apache.ratis.thirdparty.io.grpc.stub.ClientCalls.getUnchecked(ClientCalls.java:214)
	at org.apache.ratis.thirdparty.io.grpc.stub.ClientCalls.blockingUnaryCall(ClientCalls.java:139)
	at org.apache.ratis.proto.grpc.RaftServerProtocolServiceGrpc$RaftServerProtocolServiceBlockingStub.requestVote(RaftServerProtocolServiceGrpc.java:265)
	at org.apache.ratis.grpc.server.GrpcServerProtocolClient.requestVote(GrpcServerProtocolClient.java:99)
	at org.apache.ratis.grpc.server.GrpcService.requestVote(GrpcService.java:204)
	at org.apache.ratis.server.impl.LeaderElection.lambda$submitRequests$1(LeaderElection.java:234)
	at java.util.concurrent.FutureTask.run(FutureTask.java:266)
	at java.util.concurrent.Executors$RunnableAdapter.call(Executors.java:511)
	at java.util.concurrent.FutureTask.run(FutureTask.java:266)
	at java.util.concurrent.ThreadPoolExecutor.runWorker(ThreadPoolExecutor.java:1149)
	at java.util.concurrent.ThreadPoolExecutor$Worker.run(ThreadPoolExecutor.java:624)
	... 1 more
Caused by: org.apache.ratis.thirdparty.io.netty.channel.AbstractChannel$AnnotatedConnectException: Connection refused: /192.168.34.25:39338
	at sun.nio.ch.SocketChannelImpl.checkConnect(Native Method)
	at sun.nio.ch.SocketChannelImpl.finishConnect(SocketChannelImpl.java:717)
	at org.apache.ratis.thirdparty.io.netty.channel.socket.nio.NioSocketChannel.doFinishConnect(NioSocketChannel.java:327)
	at org.apache.ratis.thirdparty.io.netty.channel.nio.AbstractNioChannel$AbstractNioUnsafe.finishConnect(AbstractNioChannel.java:340)
	at org.apache.ratis.thirdparty.io.netty.channel.nio.NioEventLoop.processSelectedKey(NioEventLoop.java:632)
	at org.apache.ratis.thirdparty.io.netty.channel.nio.NioEventLoop.processSelectedKeysOptimized(NioEventLoop.java:579)
	at org.apache.ratis.thirdparty.io.netty.channel.nio.NioEventLoop.processSelectedKeys(NioEventLoop.java:496)
	at org.apache.ratis.thirdparty.io.netty.channel.nio.NioEventLoop.run(NioEventLoop.java:458)
	at org.apache.ratis.thirdparty.io.netty.util.concurrent.SingleThreadEventExecutor$5.run(SingleThreadEventExecutor.java:897)
	at org.apache.ratis.thirdparty.io.netty.util.concurrent.FastThreadLocalRunnable.run(FastThreadLocalRunnable.java:30)
	... 1 more
Caused by: java.net.ConnectException: Connection refused
	... 11 more
2019-10-18 07:24:20,266 [67270882-100a-4e75-928d-618d17e069c8@group-0C9C3B2D0CC1-LeaderElection1290] INFO  impl.LeaderElection (LogUtils.java:infoOrTrace(149)) - 67270882-100a-4e75-928d-618d17e069c8@group-0C9C3B2D0CC1-LeaderElection1290 got exception when requesting votes: {}
java.util.concurrent.ExecutionException: org.apache.ratis.thirdparty.io.grpc.StatusRuntimeException: UNAVAILABLE: io exception
	at java.util.concurrent.FutureTask.report(FutureTask.java:122)
	at java.util.concurrent.FutureTask.get(FutureTask.java:192)
	at org.apache.ratis.server.impl.LeaderElection.waitForResults(LeaderElection.java:259)
	at org.apache.ratis.server.impl.LeaderElection.askForVotes(LeaderElection.java:197)
	at org.apache.ratis.server.impl.LeaderElection.run(LeaderElection.java:133)
	at java.lang.Thread.run(Thread.java:748)
Caused by: org.apache.ratis.thirdparty.io.grpc.StatusRuntimeException: UNAVAILABLE: io exception
	at org.apache.ratis.thirdparty.io.grpc.stub.ClientCalls.toStatusRuntimeException(ClientCalls.java:233)
	at org.apache.ratis.thirdparty.io.grpc.stub.ClientCalls.getUnchecked(ClientCalls.java:214)
	at org.apache.ratis.thirdparty.io.grpc.stub.ClientCalls.blockingUnaryCall(ClientCalls.java:139)
	at org.apache.ratis.proto.grpc.RaftServerProtocolServiceGrpc$RaftServerProtocolServiceBlockingStub.requestVote(RaftServerProtocolServiceGrpc.java:265)
	at org.apache.ratis.grpc.server.GrpcServerProtocolClient.requestVote(GrpcServerProtocolClient.java:99)
	at org.apache.ratis.grpc.server.GrpcService.requestVote(GrpcService.java:204)
	at org.apache.ratis.server.impl.LeaderElection.lambda$submitRequests$1(LeaderElection.java:234)
	at java.util.concurrent.FutureTask.run(FutureTask.java:266)
	at java.util.concurrent.Executors$RunnableAdapter.call(Executors.java:511)
	at java.util.concurrent.FutureTask.run(FutureTask.java:266)
	at java.util.concurrent.ThreadPoolExecutor.runWorker(ThreadPoolExecutor.java:1149)
	at java.util.concurrent.ThreadPoolExecutor$Worker.run(ThreadPoolExecutor.java:624)
	... 1 more
Caused by: org.apache.ratis.thirdparty.io.netty.channel.AbstractChannel$AnnotatedConnectException: Connection refused: /192.168.34.25:41624
	at sun.nio.ch.SocketChannelImpl.checkConnect(Native Method)
	at sun.nio.ch.SocketChannelImpl.finishConnect(SocketChannelImpl.java:717)
	at org.apache.ratis.thirdparty.io.netty.channel.socket.nio.NioSocketChannel.doFinishConnect(NioSocketChannel.java:327)
	at org.apache.ratis.thirdparty.io.netty.channel.nio.AbstractNioChannel$AbstractNioUnsafe.finishConnect(AbstractNioChannel.java:340)
	at org.apache.ratis.thirdparty.io.netty.channel.nio.NioEventLoop.processSelectedKey(NioEventLoop.java:632)
	at org.apache.ratis.thirdparty.io.netty.channel.nio.NioEventLoop.processSelectedKeysOptimized(NioEventLoop.java:579)
	at org.apache.ratis.thirdparty.io.netty.channel.nio.NioEventLoop.processSelectedKeys(NioEventLoop.java:496)
	at org.apache.ratis.thirdparty.io.netty.channel.nio.NioEventLoop.run(NioEventLoop.java:458)
	at org.apache.ratis.thirdparty.io.netty.util.concurrent.SingleThreadEventExecutor$5.run(SingleThreadEventExecutor.java:897)
	at org.apache.ratis.thirdparty.io.netty.util.concurrent.FastThreadLocalRunnable.run(FastThreadLocalRunnable.java:30)
	... 1 more
Caused by: java.net.ConnectException: Connection refused
	... 11 more
2019-10-18 07:24:20,267 [67270882-100a-4e75-928d-618d17e069c8@group-0C9C3B2D0CC1-LeaderElection1290] INFO  impl.LeaderElection (LeaderElection.java:logAndReturn(56)) - 67270882-100a-4e75-928d-618d17e069c8@group-0C9C3B2D0CC1-LeaderElection1290: Election REJECTED; received 0 response(s) [] and 2 exception(s); 67270882-100a-4e75-928d-618d17e069c8@group-0C9C3B2D0CC1:t155, leader=null, voted=67270882-100a-4e75-928d-618d17e069c8, raftlog=67270882-100a-4e75-928d-618d17e069c8@group-0C9C3B2D0CC1-SegmentedRaftLog:OPENED:c2,f2,i2, conf=1: [6633f50a-7046-4b08-9937-8e25f1b14b15:192.168.34.25:39338, 67270882-100a-4e75-928d-618d17e069c8:192.168.34.25:36648, 4dea926d-4bc6-487a-9b9b-9fd457d0fae4:192.168.34.25:41624], old=null
2019-10-18 07:24:20,267 [67270882-100a-4e75-928d-618d17e069c8@group-0C9C3B2D0CC1-LeaderElection1290] INFO  impl.LeaderElection (LogUtils.java:infoOrTrace(149)) -   Exception 0: {}
java.util.concurrent.ExecutionException: org.apache.ratis.thirdparty.io.grpc.StatusRuntimeException: UNAVAILABLE: io exception
	at java.util.concurrent.FutureTask.report(FutureTask.java:122)
	at java.util.concurrent.FutureTask.get(FutureTask.java:192)
	at org.apache.ratis.server.impl.LeaderElection.waitForResults(LeaderElection.java:259)
	at org.apache.ratis.server.impl.LeaderElection.askForVotes(LeaderElection.java:197)
	at org.apache.ratis.server.impl.LeaderElection.run(LeaderElection.java:133)
	at java.lang.Thread.run(Thread.java:748)
Caused by: org.apache.ratis.thirdparty.io.grpc.StatusRuntimeException: UNAVAILABLE: io exception
	at org.apache.ratis.thirdparty.io.grpc.stub.ClientCalls.toStatusRuntimeException(ClientCalls.java:233)
	at org.apache.ratis.thirdparty.io.grpc.stub.ClientCalls.getUnchecked(ClientCalls.java:214)
	at org.apache.ratis.thirdparty.io.grpc.stub.ClientCalls.blockingUnaryCall(ClientCalls.java:139)
	at org.apache.ratis.proto.grpc.RaftServerProtocolServiceGrpc$RaftServerProtocolServiceBlockingStub.requestVote(RaftServerProtocolServiceGrpc.java:265)
	at org.apache.ratis.grpc.server.GrpcServerProtocolClient.requestVote(GrpcServerProtocolClient.java:99)
	at org.apache.ratis.grpc.server.GrpcService.requestVote(GrpcService.java:204)
	at org.apache.ratis.server.impl.LeaderElection.lambda$submitRequests$1(LeaderElection.java:234)
	at java.util.concurrent.FutureTask.run(FutureTask.java:266)
	at java.util.concurrent.Executors$RunnableAdapter.call(Executors.java:511)
	at java.util.concurrent.FutureTask.run(FutureTask.java:266)
	at java.util.concurrent.ThreadPoolExecutor.runWorker(ThreadPoolExecutor.java:1149)
	at java.util.concurrent.ThreadPoolExecutor$Worker.run(ThreadPoolExecutor.java:624)
	... 1 more
Caused by: org.apache.ratis.thirdparty.io.netty.channel.AbstractChannel$AnnotatedConnectException: Connection refused: /192.168.34.25:39338
	at sun.nio.ch.SocketChannelImpl.checkConnect(Native Method)
	at sun.nio.ch.SocketChannelImpl.finishConnect(SocketChannelImpl.java:717)
	at org.apache.ratis.thirdparty.io.netty.channel.socket.nio.NioSocketChannel.doFinishConnect(NioSocketChannel.java:327)
	at org.apache.ratis.thirdparty.io.netty.channel.nio.AbstractNioChannel$AbstractNioUnsafe.finishConnect(AbstractNioChannel.java:340)
	at org.apache.ratis.thirdparty.io.netty.channel.nio.NioEventLoop.processSelectedKey(NioEventLoop.java:632)
	at org.apache.ratis.thirdparty.io.netty.channel.nio.NioEventLoop.processSelectedKeysOptimized(NioEventLoop.java:579)
	at org.apache.ratis.thirdparty.io.netty.channel.nio.NioEventLoop.processSelectedKeys(NioEventLoop.java:496)
	at org.apache.ratis.thirdparty.io.netty.channel.nio.NioEventLoop.run(NioEventLoop.java:458)
	at org.apache.ratis.thirdparty.io.netty.util.concurrent.SingleThreadEventExecutor$5.run(SingleThreadEventExecutor.java:897)
	at org.apache.ratis.thirdparty.io.netty.util.concurrent.FastThreadLocalRunnable.run(FastThreadLocalRunnable.java:30)
	... 1 more
Caused by: java.net.ConnectException: Connection refused
	... 11 more
2019-10-18 07:24:20,268 [67270882-100a-4e75-928d-618d17e069c8@group-0C9C3B2D0CC1-LeaderElection1290] INFO  impl.LeaderElection (LogUtils.java:infoOrTrace(149)) -   Exception 1: {}
java.util.concurrent.ExecutionException: org.apache.ratis.thirdparty.io.grpc.StatusRuntimeException: UNAVAILABLE: io exception
	at java.util.concurrent.FutureTask.report(FutureTask.java:122)
	at java.util.concurrent.FutureTask.get(FutureTask.java:192)
	at org.apache.ratis.server.impl.LeaderElection.waitForResults(LeaderElection.java:259)
	at org.apache.ratis.server.impl.LeaderElection.askForVotes(LeaderElection.java:197)
	at org.apache.ratis.server.impl.LeaderElection.run(LeaderElection.java:133)
	at java.lang.Thread.run(Thread.java:748)
Caused by: org.apache.ratis.thirdparty.io.grpc.StatusRuntimeException: UNAVAILABLE: io exception
	at org.apache.ratis.thirdparty.io.grpc.stub.ClientCalls.toStatusRuntimeException(ClientCalls.java:233)
	at org.apache.ratis.thirdparty.io.grpc.stub.ClientCalls.getUnchecked(ClientCalls.java:214)
	at org.apache.ratis.thirdparty.io.grpc.stub.ClientCalls.blockingUnaryCall(ClientCalls.java:139)
	at org.apache.ratis.proto.grpc.RaftServerProtocolServiceGrpc$RaftServerProtocolServiceBlockingStub.requestVote(RaftServerProtocolServiceGrpc.java:265)
	at org.apache.ratis.grpc.server.GrpcServerProtocolClient.requestVote(GrpcServerProtocolClient.java:99)
	at org.apache.ratis.grpc.server.GrpcService.requestVote(GrpcService.java:204)
	at org.apache.ratis.server.impl.LeaderElection.lambda$submitRequests$1(LeaderElection.java:234)
	at java.util.concurrent.FutureTask.run(FutureTask.java:266)
	at java.util.concurrent.Executors$RunnableAdapter.call(Executors.java:511)
	at java.util.concurrent.FutureTask.run(FutureTask.java:266)
	at java.util.concurrent.ThreadPoolExecutor.runWorker(ThreadPoolExecutor.java:1149)
	at java.util.concurrent.ThreadPoolExecutor$Worker.run(ThreadPoolExecutor.java:624)
	... 1 more
Caused by: org.apache.ratis.thirdparty.io.netty.channel.AbstractChannel$AnnotatedConnectException: Connection refused: /192.168.34.25:41624
	at sun.nio.ch.SocketChannelImpl.checkConnect(Native Method)
	at sun.nio.ch.SocketChannelImpl.finishConnect(SocketChannelImpl.java:717)
	at org.apache.ratis.thirdparty.io.netty.channel.socket.nio.NioSocketChannel.doFinishConnect(NioSocketChannel.java:327)
	at org.apache.ratis.thirdparty.io.netty.channel.nio.AbstractNioChannel$AbstractNioUnsafe.finishConnect(AbstractNioChannel.java:340)
	at org.apache.ratis.thirdparty.io.netty.channel.nio.NioEventLoop.processSelectedKey(NioEventLoop.java:632)
	at org.apache.ratis.thirdparty.io.netty.channel.nio.NioEventLoop.processSelectedKeysOptimized(NioEventLoop.java:579)
	at org.apache.ratis.thirdparty.io.netty.channel.nio.NioEventLoop.processSelectedKeys(NioEventLoop.java:496)
	at org.apache.ratis.thirdparty.io.netty.channel.nio.NioEventLoop.run(NioEventLoop.java:458)
	at org.apache.ratis.thirdparty.io.netty.util.concurrent.SingleThreadEventExecutor$5.run(SingleThreadEventExecutor.java:897)
	at org.apache.ratis.thirdparty.io.netty.util.concurrent.FastThreadLocalRunnable.run(FastThreadLocalRunnable.java:30)
	... 1 more
Caused by: java.net.ConnectException: Connection refused
	... 11 more
2019-10-18 07:24:20,268 [67270882-100a-4e75-928d-618d17e069c8@group-0C9C3B2D0CC1-LeaderElection1290] INFO  impl.RaftServerImpl (RaftServerImpl.java:setRole(184)) - 67270882-100a-4e75-928d-618d17e069c8@group-0C9C3B2D0CC1: changes role from CANDIDATE to FOLLOWER at term 155 for DISCOVERED_A_NEW_TERM
2019-10-18 07:24:20,268 [67270882-100a-4e75-928d-618d17e069c8@group-0C9C3B2D0CC1-LeaderElection1290] INFO  impl.RoleInfo (RoleInfo.java:shutdownLeaderElection(134)) - 67270882-100a-4e75-928d-618d17e069c8: shutdown LeaderElection
2019-10-18 07:24:20,268 [67270882-100a-4e75-928d-618d17e069c8@group-0C9C3B2D0CC1-LeaderElection1290] INFO  impl.RoleInfo (RoleInfo.java:updateAndGet(143)) - 67270882-100a-4e75-928d-618d17e069c8: start FollowerState
2019-10-18 07:24:20,315 [Thread-11054] INFO  impl.FollowerState (FollowerState.java:run(108)) - 12ad0800-05cb-443c-9fdd-fa1debf04523@group-BCB82A5C07F5-FollowerState: change to CANDIDATE, lastRpcTime:132ms, electionTimeout:132ms
2019-10-18 07:24:20,315 [Thread-11054] INFO  impl.RoleInfo (RoleInfo.java:shutdownFollowerState(121)) - 12ad0800-05cb-443c-9fdd-fa1debf04523: shutdown FollowerState
2019-10-18 07:24:20,315 [Thread-11054] INFO  impl.RaftServerImpl (RaftServerImpl.java:setRole(184)) - 12ad0800-05cb-443c-9fdd-fa1debf04523@group-BCB82A5C07F5: changes role from  FOLLOWER to CANDIDATE at term 237 for changeToCandidate
2019-10-18 07:24:20,315 [Thread-11054] INFO  impl.RoleInfo (RoleInfo.java:updateAndGet(143)) - 12ad0800-05cb-443c-9fdd-fa1debf04523: start LeaderElection
2019-10-18 07:24:20,342 [12ad0800-05cb-443c-9fdd-fa1debf04523@group-BCB82A5C07F5-LeaderElection1291] INFO  impl.LeaderElection (LeaderElection.java:askForVotes(178)) - 12ad0800-05cb-443c-9fdd-fa1debf04523@group-BCB82A5C07F5-LeaderElection1291: begin an election at term 238 for -1: [12ad0800-05cb-443c-9fdd-fa1debf04523:192.168.34.25:41155, 5170c5f3-8499-4b42-9321-85fc8a351f79:192.168.34.25:43074, 0b10a9fc-47eb-4a2b-b664-8273d9d17379:192.168.34.25:45248], old=null
2019-10-18 07:24:20,342 [12ad0800-05cb-443c-9fdd-fa1debf04523@group-BCB82A5C07F5-LeaderElection1291] INFO  impl.LeaderElection (LogUtils.java:infoOrTrace(149)) - 12ad0800-05cb-443c-9fdd-fa1debf04523@group-BCB82A5C07F5-LeaderElection1291 got exception when requesting votes: {}
java.util.concurrent.ExecutionException: org.apache.ratis.thirdparty.io.grpc.StatusRuntimeException: UNAVAILABLE: io exception
	at java.util.concurrent.FutureTask.report(FutureTask.java:122)
	at java.util.concurrent.FutureTask.get(FutureTask.java:192)
	at org.apache.ratis.server.impl.LeaderElection.waitForResults(LeaderElection.java:259)
	at org.apache.ratis.server.impl.LeaderElection.askForVotes(LeaderElection.java:197)
	at org.apache.ratis.server.impl.LeaderElection.run(LeaderElection.java:133)
	at java.lang.Thread.run(Thread.java:748)
Caused by: org.apache.ratis.thirdparty.io.grpc.StatusRuntimeException: UNAVAILABLE: io exception
	at org.apache.ratis.thirdparty.io.grpc.stub.ClientCalls.toStatusRuntimeException(ClientCalls.java:233)
	at org.apache.ratis.thirdparty.io.grpc.stub.ClientCalls.getUnchecked(ClientCalls.java:214)
	at org.apache.ratis.thirdparty.io.grpc.stub.ClientCalls.blockingUnaryCall(ClientCalls.java:139)
	at org.apache.ratis.proto.grpc.RaftServerProtocolServiceGrpc$RaftServerProtocolServiceBlockingStub.requestVote(RaftServerProtocolServiceGrpc.java:265)
	at org.apache.ratis.grpc.server.GrpcServerProtocolClient.requestVote(GrpcServerProtocolClient.java:99)
	at org.apache.ratis.grpc.server.GrpcService.requestVote(GrpcService.java:204)
	at org.apache.ratis.server.impl.LeaderElection.lambda$submitRequests$1(LeaderElection.java:234)
	at java.util.concurrent.FutureTask.run(FutureTask.java:266)
	at java.util.concurrent.Executors$RunnableAdapter.call(Executors.java:511)
	at java.util.concurrent.FutureTask.run(FutureTask.java:266)
	at java.util.concurrent.ThreadPoolExecutor.runWorker(ThreadPoolExecutor.java:1149)
	at java.util.concurrent.ThreadPoolExecutor$Worker.run(ThreadPoolExecutor.java:624)
	... 1 more
Caused by: org.apache.ratis.thirdparty.io.netty.channel.AbstractChannel$AnnotatedConnectException: Connection refused: /192.168.34.25:43074
	at sun.nio.ch.SocketChannelImpl.checkConnect(Native Method)
	at sun.nio.ch.SocketChannelImpl.finishConnect(SocketChannelImpl.java:717)
	at org.apache.ratis.thirdparty.io.netty.channel.socket.nio.NioSocketChannel.doFinishConnect(NioSocketChannel.java:327)
	at org.apache.ratis.thirdparty.io.netty.channel.nio.AbstractNioChannel$AbstractNioUnsafe.finishConnect(AbstractNioChannel.java:340)
	at org.apache.ratis.thirdparty.io.netty.channel.nio.NioEventLoop.processSelectedKey(NioEventLoop.java:632)
	at org.apache.ratis.thirdparty.io.netty.channel.nio.NioEventLoop.processSelectedKeysOptimized(NioEventLoop.java:579)
	at org.apache.ratis.thirdparty.io.netty.channel.nio.NioEventLoop.processSelectedKeys(NioEventLoop.java:496)
	at org.apache.ratis.thirdparty.io.netty.channel.nio.NioEventLoop.run(NioEventLoop.java:458)
	at org.apache.ratis.thirdparty.io.netty.util.concurrent.SingleThreadEventExecutor$5.run(SingleThreadEventExecutor.java:897)
	at org.apache.ratis.thirdparty.io.netty.util.concurrent.FastThreadLocalRunnable.run(FastThreadLocalRunnable.java:30)
	... 1 more
Caused by: java.net.ConnectException: Connection refused
	... 11 more
2019-10-18 07:24:20,343 [12ad0800-05cb-443c-9fdd-fa1debf04523@group-BCB82A5C07F5-LeaderElection1291] INFO  impl.LeaderElection (LogUtils.java:infoOrTrace(149)) - 12ad0800-05cb-443c-9fdd-fa1debf04523@group-BCB82A5C07F5-LeaderElection1291 got exception when requesting votes: {}
java.util.concurrent.ExecutionException: org.apache.ratis.thirdparty.io.grpc.StatusRuntimeException: UNAVAILABLE: io exception
	at java.util.concurrent.FutureTask.report(FutureTask.java:122)
	at java.util.concurrent.FutureTask.get(FutureTask.java:192)
	at org.apache.ratis.server.impl.LeaderElection.waitForResults(LeaderElection.java:259)
	at org.apache.ratis.server.impl.LeaderElection.askForVotes(LeaderElection.java:197)
	at org.apache.ratis.server.impl.LeaderElection.run(LeaderElection.java:133)
	at java.lang.Thread.run(Thread.java:748)
Caused by: org.apache.ratis.thirdparty.io.grpc.StatusRuntimeException: UNAVAILABLE: io exception
	at org.apache.ratis.thirdparty.io.grpc.stub.ClientCalls.toStatusRuntimeException(ClientCalls.java:233)
	at org.apache.ratis.thirdparty.io.grpc.stub.ClientCalls.getUnchecked(ClientCalls.java:214)
	at org.apache.ratis.thirdparty.io.grpc.stub.ClientCalls.blockingUnaryCall(ClientCalls.java:139)
	at org.apache.ratis.proto.grpc.RaftServerProtocolServiceGrpc$RaftServerProtocolServiceBlockingStub.requestVote(RaftServerProtocolServiceGrpc.java:265)
	at org.apache.ratis.grpc.server.GrpcServerProtocolClient.requestVote(GrpcServerProtocolClient.java:99)
	at org.apache.ratis.grpc.server.GrpcService.requestVote(GrpcService.java:204)
	at org.apache.ratis.server.impl.LeaderElection.lambda$submitRequests$1(LeaderElection.java:234)
	at java.util.concurrent.FutureTask.run(FutureTask.java:266)
	at java.util.concurrent.Executors$RunnableAdapter.call(Executors.java:511)
	at java.util.concurrent.FutureTask.run(FutureTask.java:266)
	at java.util.concurrent.ThreadPoolExecutor.runWorker(ThreadPoolExecutor.java:1149)
	at java.util.concurrent.ThreadPoolExecutor$Worker.run(ThreadPoolExecutor.java:624)
	... 1 more
Caused by: org.apache.ratis.thirdparty.io.netty.channel.AbstractChannel$AnnotatedConnectException: Connection refused: /192.168.34.25:45248
	at sun.nio.ch.SocketChannelImpl.checkConnect(Native Method)
	at sun.nio.ch.SocketChannelImpl.finishConnect(SocketChannelImpl.java:717)
	at org.apache.ratis.thirdparty.io.netty.channel.socket.nio.NioSocketChannel.doFinishConnect(NioSocketChannel.java:327)
	at org.apache.ratis.thirdparty.io.netty.channel.nio.AbstractNioChannel$AbstractNioUnsafe.finishConnect(AbstractNioChannel.java:340)
	at org.apache.ratis.thirdparty.io.netty.channel.nio.NioEventLoop.processSelectedKey(NioEventLoop.java:632)
	at org.apache.ratis.thirdparty.io.netty.channel.nio.NioEventLoop.processSelectedKeysOptimized(NioEventLoop.java:579)
	at org.apache.ratis.thirdparty.io.netty.channel.nio.NioEventLoop.processSelectedKeys(NioEventLoop.java:496)
	at org.apache.ratis.thirdparty.io.netty.channel.nio.NioEventLoop.run(NioEventLoop.java:458)
	at org.apache.ratis.thirdparty.io.netty.util.concurrent.SingleThreadEventExecutor$5.run(SingleThreadEventExecutor.java:897)
	at org.apache.ratis.thirdparty.io.netty.util.concurrent.FastThreadLocalRunnable.run(FastThreadLocalRunnable.java:30)
	... 1 more
Caused by: java.net.ConnectException: Connection refused
	... 11 more
2019-10-18 07:24:20,343 [12ad0800-05cb-443c-9fdd-fa1debf04523@group-BCB82A5C07F5-LeaderElection1291] INFO  impl.LeaderElection (LeaderElection.java:logAndReturn(56)) - 12ad0800-05cb-443c-9fdd-fa1debf04523@group-BCB82A5C07F5-LeaderElection1291: Election REJECTED; received 0 response(s) [] and 2 exception(s); 12ad0800-05cb-443c-9fdd-fa1debf04523@group-BCB82A5C07F5:t238, leader=null, voted=12ad0800-05cb-443c-9fdd-fa1debf04523, raftlog=12ad0800-05cb-443c-9fdd-fa1debf04523@group-BCB82A5C07F5-SegmentedRaftLog:OPENED:c-1,f-1,i0, conf=-1: [12ad0800-05cb-443c-9fdd-fa1debf04523:192.168.34.25:41155, 5170c5f3-8499-4b42-9321-85fc8a351f79:192.168.34.25:43074, 0b10a9fc-47eb-4a2b-b664-8273d9d17379:192.168.34.25:45248], old=null
2019-10-18 07:24:20,343 [12ad0800-05cb-443c-9fdd-fa1debf04523@group-BCB82A5C07F5-LeaderElection1291] INFO  impl.LeaderElection (LogUtils.java:infoOrTrace(149)) -   Exception 0: {}
java.util.concurrent.ExecutionException: org.apache.ratis.thirdparty.io.grpc.StatusRuntimeException: UNAVAILABLE: io exception
	at java.util.concurrent.FutureTask.report(FutureTask.java:122)
	at java.util.concurrent.FutureTask.get(FutureTask.java:192)
	at org.apache.ratis.server.impl.LeaderElection.waitForResults(LeaderElection.java:259)
	at org.apache.ratis.server.impl.LeaderElection.askForVotes(LeaderElection.java:197)
	at org.apache.ratis.server.impl.LeaderElection.run(LeaderElection.java:133)
	at java.lang.Thread.run(Thread.java:748)
Caused by: org.apache.ratis.thirdparty.io.grpc.StatusRuntimeException: UNAVAILABLE: io exception
	at org.apache.ratis.thirdparty.io.grpc.stub.ClientCalls.toStatusRuntimeException(ClientCalls.java:233)
	at org.apache.ratis.thirdparty.io.grpc.stub.ClientCalls.getUnchecked(ClientCalls.java:214)
	at org.apache.ratis.thirdparty.io.grpc.stub.ClientCalls.blockingUnaryCall(ClientCalls.java:139)
	at org.apache.ratis.proto.grpc.RaftServerProtocolServiceGrpc$RaftServerProtocolServiceBlockingStub.requestVote(RaftServerProtocolServiceGrpc.java:265)
	at org.apache.ratis.grpc.server.GrpcServerProtocolClient.requestVote(GrpcServerProtocolClient.java:99)
	at org.apache.ratis.grpc.server.GrpcService.requestVote(GrpcService.java:204)
	at org.apache.ratis.server.impl.LeaderElection.lambda$submitRequests$1(LeaderElection.java:234)
	at java.util.concurrent.FutureTask.run(FutureTask.java:266)
	at java.util.concurrent.Executors$RunnableAdapter.call(Executors.java:511)
	at java.util.concurrent.FutureTask.run(FutureTask.java:266)
	at java.util.concurrent.ThreadPoolExecutor.runWorker(ThreadPoolExecutor.java:1149)
	at java.util.concurrent.ThreadPoolExecutor$Worker.run(ThreadPoolExecutor.java:624)
	... 1 more
Caused by: org.apache.ratis.thirdparty.io.netty.channel.AbstractChannel$AnnotatedConnectException: Connection refused: /192.168.34.25:43074
	at sun.nio.ch.SocketChannelImpl.checkConnect(Native Method)
	at sun.nio.ch.SocketChannelImpl.finishConnect(SocketChannelImpl.java:717)
	at org.apache.ratis.thirdparty.io.netty.channel.socket.nio.NioSocketChannel.doFinishConnect(NioSocketChannel.java:327)
	at org.apache.ratis.thirdparty.io.netty.channel.nio.AbstractNioChannel$AbstractNioUnsafe.finishConnect(AbstractNioChannel.java:340)
	at org.apache.ratis.thirdparty.io.netty.channel.nio.NioEventLoop.processSelectedKey(NioEventLoop.java:632)
	at org.apache.ratis.thirdparty.io.netty.channel.nio.NioEventLoop.processSelectedKeysOptimized(NioEventLoop.java:579)
	at org.apache.ratis.thirdparty.io.netty.channel.nio.NioEventLoop.processSelectedKeys(NioEventLoop.java:496)
	at org.apache.ratis.thirdparty.io.netty.channel.nio.NioEventLoop.run(NioEventLoop.java:458)
	at org.apache.ratis.thirdparty.io.netty.util.concurrent.SingleThreadEventExecutor$5.run(SingleThreadEventExecutor.java:897)
	at org.apache.ratis.thirdparty.io.netty.util.concurrent.FastThreadLocalRunnable.run(FastThreadLocalRunnable.java:30)
	... 1 more
Caused by: java.net.ConnectException: Connection refused
	... 11 more
2019-10-18 07:24:20,344 [12ad0800-05cb-443c-9fdd-fa1debf04523@group-BCB82A5C07F5-LeaderElection1291] INFO  impl.LeaderElection (LogUtils.java:infoOrTrace(149)) -   Exception 1: {}
java.util.concurrent.ExecutionException: org.apache.ratis.thirdparty.io.grpc.StatusRuntimeException: UNAVAILABLE: io exception
	at java.util.concurrent.FutureTask.report(FutureTask.java:122)
	at java.util.concurrent.FutureTask.get(FutureTask.java:192)
	at org.apache.ratis.server.impl.LeaderElection.waitForResults(LeaderElection.java:259)
	at org.apache.ratis.server.impl.LeaderElection.askForVotes(LeaderElection.java:197)
	at org.apache.ratis.server.impl.LeaderElection.run(LeaderElection.java:133)
	at java.lang.Thread.run(Thread.java:748)
Caused by: org.apache.ratis.thirdparty.io.grpc.StatusRuntimeException: UNAVAILABLE: io exception
	at org.apache.ratis.thirdparty.io.grpc.stub.ClientCalls.toStatusRuntimeException(ClientCalls.java:233)
	at org.apache.ratis.thirdparty.io.grpc.stub.ClientCalls.getUnchecked(ClientCalls.java:214)
	at org.apache.ratis.thirdparty.io.grpc.stub.ClientCalls.blockingUnaryCall(ClientCalls.java:139)
	at org.apache.ratis.proto.grpc.RaftServerProtocolServiceGrpc$RaftServerProtocolServiceBlockingStub.requestVote(RaftServerProtocolServiceGrpc.java:265)
	at org.apache.ratis.grpc.server.GrpcServerProtocolClient.requestVote(GrpcServerProtocolClient.java:99)
	at org.apache.ratis.grpc.server.GrpcService.requestVote(GrpcService.java:204)
	at org.apache.ratis.server.impl.LeaderElection.lambda$submitRequests$1(LeaderElection.java:234)
	at java.util.concurrent.FutureTask.run(FutureTask.java:266)
	at java.util.concurrent.Executors$RunnableAdapter.call(Executors.java:511)
	at java.util.concurrent.FutureTask.run(FutureTask.java:266)
	at java.util.concurrent.ThreadPoolExecutor.runWorker(ThreadPoolExecutor.java:1149)
	at java.util.concurrent.ThreadPoolExecutor$Worker.run(ThreadPoolExecutor.java:624)
	... 1 more
Caused by: org.apache.ratis.thirdparty.io.netty.channel.AbstractChannel$AnnotatedConnectException: Connection refused: /192.168.34.25:45248
	at sun.nio.ch.SocketChannelImpl.checkConnect(Native Method)
	at sun.nio.ch.SocketChannelImpl.finishConnect(SocketChannelImpl.java:717)
	at org.apache.ratis.thirdparty.io.netty.channel.socket.nio.NioSocketChannel.doFinishConnect(NioSocketChannel.java:327)
	at org.apache.ratis.thirdparty.io.netty.channel.nio.AbstractNioChannel$AbstractNioUnsafe.finishConnect(AbstractNioChannel.java:340)
	at org.apache.ratis.thirdparty.io.netty.channel.nio.NioEventLoop.processSelectedKey(NioEventLoop.java:632)
	at org.apache.ratis.thirdparty.io.netty.channel.nio.NioEventLoop.processSelectedKeysOptimized(NioEventLoop.java:579)
	at org.apache.ratis.thirdparty.io.netty.channel.nio.NioEventLoop.processSelectedKeys(NioEventLoop.java:496)
	at org.apache.ratis.thirdparty.io.netty.channel.nio.NioEventLoop.run(NioEventLoop.java:458)
	at org.apache.ratis.thirdparty.io.netty.util.concurrent.SingleThreadEventExecutor$5.run(SingleThreadEventExecutor.java:897)
	at org.apache.ratis.thirdparty.io.netty.util.concurrent.FastThreadLocalRunnable.run(FastThreadLocalRunnable.java:30)
	... 1 more
Caused by: java.net.ConnectException: Connection refused
	... 11 more
2019-10-18 07:24:20,344 [12ad0800-05cb-443c-9fdd-fa1debf04523@group-BCB82A5C07F5-LeaderElection1291] INFO  impl.RaftServerImpl (RaftServerImpl.java:setRole(184)) - 12ad0800-05cb-443c-9fdd-fa1debf04523@group-BCB82A5C07F5: changes role from CANDIDATE to FOLLOWER at term 238 for DISCOVERED_A_NEW_TERM
2019-10-18 07:24:20,344 [12ad0800-05cb-443c-9fdd-fa1debf04523@group-BCB82A5C07F5-LeaderElection1291] INFO  impl.RoleInfo (RoleInfo.java:shutdownLeaderElection(134)) - 12ad0800-05cb-443c-9fdd-fa1debf04523: shutdown LeaderElection
2019-10-18 07:24:20,344 [12ad0800-05cb-443c-9fdd-fa1debf04523@group-BCB82A5C07F5-LeaderElection1291] INFO  impl.RoleInfo (RoleInfo.java:updateAndGet(143)) - 12ad0800-05cb-443c-9fdd-fa1debf04523: start FollowerState
2019-10-18 07:24:20,355 [Thread-11062] INFO  impl.FollowerState (FollowerState.java:run(108)) - 12ad0800-05cb-443c-9fdd-fa1debf04523@group-BCB82A5C07F5-FollowerState: change to CANDIDATE, lastRpcTime:10ms, electionTimeout:10ms
2019-10-18 07:24:20,355 [Thread-11062] INFO  impl.RoleInfo (RoleInfo.java:shutdownFollowerState(121)) - 12ad0800-05cb-443c-9fdd-fa1debf04523: shutdown FollowerState
2019-10-18 07:24:20,355 [Thread-11062] INFO  impl.RaftServerImpl (RaftServerImpl.java:setRole(184)) - 12ad0800-05cb-443c-9fdd-fa1debf04523@group-BCB82A5C07F5: changes role from  FOLLOWER to CANDIDATE at term 238 for changeToCandidate
2019-10-18 07:24:20,355 [Thread-11062] INFO  impl.RoleInfo (RoleInfo.java:updateAndGet(143)) - 12ad0800-05cb-443c-9fdd-fa1debf04523: start LeaderElection
2019-10-18 07:24:20,376 [12ad0800-05cb-443c-9fdd-fa1debf04523@group-BCB82A5C07F5-LeaderElection1292] INFO  impl.LeaderElection (LeaderElection.java:askForVotes(178)) - 12ad0800-05cb-443c-9fdd-fa1debf04523@group-BCB82A5C07F5-LeaderElection1292: begin an election at term 239 for -1: [12ad0800-05cb-443c-9fdd-fa1debf04523:192.168.34.25:41155, 5170c5f3-8499-4b42-9321-85fc8a351f79:192.168.34.25:43074, 0b10a9fc-47eb-4a2b-b664-8273d9d17379:192.168.34.25:45248], old=null
2019-10-18 07:24:20,377 [12ad0800-05cb-443c-9fdd-fa1debf04523@group-BCB82A5C07F5-LeaderElection1292] INFO  impl.LeaderElection (LogUtils.java:infoOrTrace(149)) - 12ad0800-05cb-443c-9fdd-fa1debf04523@group-BCB82A5C07F5-LeaderElection1292 got exception when requesting votes: {}
java.util.concurrent.ExecutionException: org.apache.ratis.thirdparty.io.grpc.StatusRuntimeException: UNAVAILABLE: io exception
	at java.util.concurrent.FutureTask.report(FutureTask.java:122)
	at java.util.concurrent.FutureTask.get(FutureTask.java:192)
	at org.apache.ratis.server.impl.LeaderElection.waitForResults(LeaderElection.java:259)
	at org.apache.ratis.server.impl.LeaderElection.askForVotes(LeaderElection.java:197)
	at org.apache.ratis.server.impl.LeaderElection.run(LeaderElection.java:133)
	at java.lang.Thread.run(Thread.java:748)
Caused by: org.apache.ratis.thirdparty.io.grpc.StatusRuntimeException: UNAVAILABLE: io exception
	at org.apache.ratis.thirdparty.io.grpc.stub.ClientCalls.toStatusRuntimeException(ClientCalls.java:233)
	at org.apache.ratis.thirdparty.io.grpc.stub.ClientCalls.getUnchecked(ClientCalls.java:214)
	at org.apache.ratis.thirdparty.io.grpc.stub.ClientCalls.blockingUnaryCall(ClientCalls.java:139)
	at org.apache.ratis.proto.grpc.RaftServerProtocolServiceGrpc$RaftServerProtocolServiceBlockingStub.requestVote(RaftServerProtocolServiceGrpc.java:265)
	at org.apache.ratis.grpc.server.GrpcServerProtocolClient.requestVote(GrpcServerProtocolClient.java:99)
	at org.apache.ratis.grpc.server.GrpcService.requestVote(GrpcService.java:204)
	at org.apache.ratis.server.impl.LeaderElection.lambda$submitRequests$1(LeaderElection.java:234)
	at java.util.concurrent.FutureTask.run(FutureTask.java:266)
	at java.util.concurrent.Executors$RunnableAdapter.call(Executors.java:511)
	at java.util.concurrent.FutureTask.run(FutureTask.java:266)
	at java.util.concurrent.ThreadPoolExecutor.runWorker(ThreadPoolExecutor.java:1149)
	at java.util.concurrent.ThreadPoolExecutor$Worker.run(ThreadPoolExecutor.java:624)
	... 1 more
Caused by: org.apache.ratis.thirdparty.io.netty.channel.AbstractChannel$AnnotatedConnectException: Connection refused: /192.168.34.25:43074
	at sun.nio.ch.SocketChannelImpl.checkConnect(Native Method)
	at sun.nio.ch.SocketChannelImpl.finishConnect(SocketChannelImpl.java:717)
	at org.apache.ratis.thirdparty.io.netty.channel.socket.nio.NioSocketChannel.doFinishConnect(NioSocketChannel.java:327)
	at org.apache.ratis.thirdparty.io.netty.channel.nio.AbstractNioChannel$AbstractNioUnsafe.finishConnect(AbstractNioChannel.java:340)
	at org.apache.ratis.thirdparty.io.netty.channel.nio.NioEventLoop.processSelectedKey(NioEventLoop.java:632)
	at org.apache.ratis.thirdparty.io.netty.channel.nio.NioEventLoop.processSelectedKeysOptimized(NioEventLoop.java:579)
	at org.apache.ratis.thirdparty.io.netty.channel.nio.NioEventLoop.processSelectedKeys(NioEventLoop.java:496)
	at org.apache.ratis.thirdparty.io.netty.channel.nio.NioEventLoop.run(NioEventLoop.java:458)
	at org.apache.ratis.thirdparty.io.netty.util.concurrent.SingleThreadEventExecutor$5.run(SingleThreadEventExecutor.java:897)
	at org.apache.ratis.thirdparty.io.netty.util.concurrent.FastThreadLocalRunnable.run(FastThreadLocalRunnable.java:30)
	... 1 more
Caused by: java.net.ConnectException: Connection refused
	... 11 more
2019-10-18 07:24:20,377 [12ad0800-05cb-443c-9fdd-fa1debf04523@group-BCB82A5C07F5-LeaderElection1292] INFO  impl.LeaderElection (LogUtils.java:infoOrTrace(149)) - 12ad0800-05cb-443c-9fdd-fa1debf04523@group-BCB82A5C07F5-LeaderElection1292 got exception when requesting votes: {}
java.util.concurrent.ExecutionException: org.apache.ratis.thirdparty.io.grpc.StatusRuntimeException: UNAVAILABLE: io exception
	at java.util.concurrent.FutureTask.report(FutureTask.java:122)
	at java.util.concurrent.FutureTask.get(FutureTask.java:192)
	at org.apache.ratis.server.impl.LeaderElection.waitForResults(LeaderElection.java:259)
	at org.apache.ratis.server.impl.LeaderElection.askForVotes(LeaderElection.java:197)
	at org.apache.ratis.server.impl.LeaderElection.run(LeaderElection.java:133)
	at java.lang.Thread.run(Thread.java:748)
Caused by: org.apache.ratis.thirdparty.io.grpc.StatusRuntimeException: UNAVAILABLE: io exception
	at org.apache.ratis.thirdparty.io.grpc.stub.ClientCalls.toStatusRuntimeException(ClientCalls.java:233)
	at org.apache.ratis.thirdparty.io.grpc.stub.ClientCalls.getUnchecked(ClientCalls.java:214)
	at org.apache.ratis.thirdparty.io.grpc.stub.ClientCalls.blockingUnaryCall(ClientCalls.java:139)
	at org.apache.ratis.proto.grpc.RaftServerProtocolServiceGrpc$RaftServerProtocolServiceBlockingStub.requestVote(RaftServerProtocolServiceGrpc.java:265)
	at org.apache.ratis.grpc.server.GrpcServerProtocolClient.requestVote(GrpcServerProtocolClient.java:99)
	at org.apache.ratis.grpc.server.GrpcService.requestVote(GrpcService.java:204)
	at org.apache.ratis.server.impl.LeaderElection.lambda$submitRequests$1(LeaderElection.java:234)
	at java.util.concurrent.FutureTask.run(FutureTask.java:266)
	at java.util.concurrent.Executors$RunnableAdapter.call(Executors.java:511)
	at java.util.concurrent.FutureTask.run(FutureTask.java:266)
	at java.util.concurrent.ThreadPoolExecutor.runWorker(ThreadPoolExecutor.java:1149)
	at java.util.concurrent.ThreadPoolExecutor$Worker.run(ThreadPoolExecutor.java:624)
	... 1 more
Caused by: org.apache.ratis.thirdparty.io.netty.channel.AbstractChannel$AnnotatedConnectException: Connection refused: /192.168.34.25:45248
	at sun.nio.ch.SocketChannelImpl.checkConnect(Native Method)
	at sun.nio.ch.SocketChannelImpl.finishConnect(SocketChannelImpl.java:717)
	at org.apache.ratis.thirdparty.io.netty.channel.socket.nio.NioSocketChannel.doFinishConnect(NioSocketChannel.java:327)
	at org.apache.ratis.thirdparty.io.netty.channel.nio.AbstractNioChannel$AbstractNioUnsafe.finishConnect(AbstractNioChannel.java:340)
	at org.apache.ratis.thirdparty.io.netty.channel.nio.NioEventLoop.processSelectedKey(NioEventLoop.java:632)
	at org.apache.ratis.thirdparty.io.netty.channel.nio.NioEventLoop.processSelectedKeysOptimized(NioEventLoop.java:579)
	at org.apache.ratis.thirdparty.io.netty.channel.nio.NioEventLoop.processSelectedKeys(NioEventLoop.java:496)
	at org.apache.ratis.thirdparty.io.netty.channel.nio.NioEventLoop.run(NioEventLoop.java:458)
	at org.apache.ratis.thirdparty.io.netty.util.concurrent.SingleThreadEventExecutor$5.run(SingleThreadEventExecutor.java:897)
	at org.apache.ratis.thirdparty.io.netty.util.concurrent.FastThreadLocalRunnable.run(FastThreadLocalRunnable.java:30)
	... 1 more
Caused by: java.net.ConnectException: Connection refused
	... 11 more
2019-10-18 07:24:20,377 [12ad0800-05cb-443c-9fdd-fa1debf04523@group-BCB82A5C07F5-LeaderElection1292] INFO  impl.LeaderElection (LeaderElection.java:logAndReturn(56)) - 12ad0800-05cb-443c-9fdd-fa1debf04523@group-BCB82A5C07F5-LeaderElection1292: Election REJECTED; received 0 response(s) [] and 2 exception(s); 12ad0800-05cb-443c-9fdd-fa1debf04523@group-BCB82A5C07F5:t239, leader=null, voted=12ad0800-05cb-443c-9fdd-fa1debf04523, raftlog=12ad0800-05cb-443c-9fdd-fa1debf04523@group-BCB82A5C07F5-SegmentedRaftLog:OPENED:c-1,f-1,i0, conf=-1: [12ad0800-05cb-443c-9fdd-fa1debf04523:192.168.34.25:41155, 5170c5f3-8499-4b42-9321-85fc8a351f79:192.168.34.25:43074, 0b10a9fc-47eb-4a2b-b664-8273d9d17379:192.168.34.25:45248], old=null
2019-10-18 07:24:20,377 [12ad0800-05cb-443c-9fdd-fa1debf04523@group-BCB82A5C07F5-LeaderElection1292] INFO  impl.LeaderElection (LogUtils.java:infoOrTrace(149)) -   Exception 0: {}
java.util.concurrent.ExecutionException: org.apache.ratis.thirdparty.io.grpc.StatusRuntimeException: UNAVAILABLE: io exception
	at java.util.concurrent.FutureTask.report(FutureTask.java:122)
	at java.util.concurrent.FutureTask.get(FutureTask.java:192)
	at org.apache.ratis.server.impl.LeaderElection.waitForResults(LeaderElection.java:259)
	at org.apache.ratis.server.impl.LeaderElection.askForVotes(LeaderElection.java:197)
	at org.apache.ratis.server.impl.LeaderElection.run(LeaderElection.java:133)
	at java.lang.Thread.run(Thread.java:748)
Caused by: org.apache.ratis.thirdparty.io.grpc.StatusRuntimeException: UNAVAILABLE: io exception
	at org.apache.ratis.thirdparty.io.grpc.stub.ClientCalls.toStatusRuntimeException(ClientCalls.java:233)
	at org.apache.ratis.thirdparty.io.grpc.stub.ClientCalls.getUnchecked(ClientCalls.java:214)
	at org.apache.ratis.thirdparty.io.grpc.stub.ClientCalls.blockingUnaryCall(ClientCalls.java:139)
	at org.apache.ratis.proto.grpc.RaftServerProtocolServiceGrpc$RaftServerProtocolServiceBlockingStub.requestVote(RaftServerProtocolServiceGrpc.java:265)
	at org.apache.ratis.grpc.server.GrpcServerProtocolClient.requestVote(GrpcServerProtocolClient.java:99)
	at org.apache.ratis.grpc.server.GrpcService.requestVote(GrpcService.java:204)
	at org.apache.ratis.server.impl.LeaderElection.lambda$submitRequests$1(LeaderElection.java:234)
	at java.util.concurrent.FutureTask.run(FutureTask.java:266)
	at java.util.concurrent.Executors$RunnableAdapter.call(Executors.java:511)
	at java.util.concurrent.FutureTask.run(FutureTask.java:266)
	at java.util.concurrent.ThreadPoolExecutor.runWorker(ThreadPoolExecutor.java:1149)
	at java.util.concurrent.ThreadPoolExecutor$Worker.run(ThreadPoolExecutor.java:624)
	... 1 more
Caused by: org.apache.ratis.thirdparty.io.netty.channel.AbstractChannel$AnnotatedConnectException: Connection refused: /192.168.34.25:43074
	at sun.nio.ch.SocketChannelImpl.checkConnect(Native Method)
	at sun.nio.ch.SocketChannelImpl.finishConnect(SocketChannelImpl.java:717)
	at org.apache.ratis.thirdparty.io.netty.channel.socket.nio.NioSocketChannel.doFinishConnect(NioSocketChannel.java:327)
	at org.apache.ratis.thirdparty.io.netty.channel.nio.AbstractNioChannel$AbstractNioUnsafe.finishConnect(AbstractNioChannel.java:340)
	at org.apache.ratis.thirdparty.io.netty.channel.nio.NioEventLoop.processSelectedKey(NioEventLoop.java:632)
	at org.apache.ratis.thirdparty.io.netty.channel.nio.NioEventLoop.processSelectedKeysOptimized(NioEventLoop.java:579)
	at org.apache.ratis.thirdparty.io.netty.channel.nio.NioEventLoop.processSelectedKeys(NioEventLoop.java:496)
	at org.apache.ratis.thirdparty.io.netty.channel.nio.NioEventLoop.run(NioEventLoop.java:458)
	at org.apache.ratis.thirdparty.io.netty.util.concurrent.SingleThreadEventExecutor$5.run(SingleThreadEventExecutor.java:897)
	at org.apache.ratis.thirdparty.io.netty.util.concurrent.FastThreadLocalRunnable.run(FastThreadLocalRunnable.java:30)
	... 1 more
Caused by: java.net.ConnectException: Connection refused
	... 11 more
2019-10-18 07:24:20,378 [12ad0800-05cb-443c-9fdd-fa1debf04523@group-BCB82A5C07F5-LeaderElection1292] INFO  impl.LeaderElection (LogUtils.java:infoOrTrace(149)) -   Exception 1: {}
java.util.concurrent.ExecutionException: org.apache.ratis.thirdparty.io.grpc.StatusRuntimeException: UNAVAILABLE: io exception
	at java.util.concurrent.FutureTask.report(FutureTask.java:122)
	at java.util.concurrent.FutureTask.get(FutureTask.java:192)
	at org.apache.ratis.server.impl.LeaderElection.waitForResults(LeaderElection.java:259)
	at org.apache.ratis.server.impl.LeaderElection.askForVotes(LeaderElection.java:197)
	at org.apache.ratis.server.impl.LeaderElection.run(LeaderElection.java:133)
	at java.lang.Thread.run(Thread.java:748)
Caused by: org.apache.ratis.thirdparty.io.grpc.StatusRuntimeException: UNAVAILABLE: io exception
	at org.apache.ratis.thirdparty.io.grpc.stub.ClientCalls.toStatusRuntimeException(ClientCalls.java:233)
	at org.apache.ratis.thirdparty.io.grpc.stub.ClientCalls.getUnchecked(ClientCalls.java:214)
	at org.apache.ratis.thirdparty.io.grpc.stub.ClientCalls.blockingUnaryCall(ClientCalls.java:139)
	at org.apache.ratis.proto.grpc.RaftServerProtocolServiceGrpc$RaftServerProtocolServiceBlockingStub.requestVote(RaftServerProtocolServiceGrpc.java:265)
	at org.apache.ratis.grpc.server.GrpcServerProtocolClient.requestVote(GrpcServerProtocolClient.java:99)
	at org.apache.ratis.grpc.server.GrpcService.requestVote(GrpcService.java:204)
	at org.apache.ratis.server.impl.LeaderElection.lambda$submitRequests$1(LeaderElection.java:234)
	at java.util.concurrent.FutureTask.run(FutureTask.java:266)
	at java.util.concurrent.Executors$RunnableAdapter.call(Executors.java:511)
	at java.util.concurrent.FutureTask.run(FutureTask.java:266)
	at java.util.concurrent.ThreadPoolExecutor.runWorker(ThreadPoolExecutor.java:1149)
	at java.util.concurrent.ThreadPoolExecutor$Worker.run(ThreadPoolExecutor.java:624)
	... 1 more
Caused by: org.apache.ratis.thirdparty.io.netty.channel.AbstractChannel$AnnotatedConnectException: Connection refused: /192.168.34.25:45248
	at sun.nio.ch.SocketChannelImpl.checkConnect(Native Method)
	at sun.nio.ch.SocketChannelImpl.finishConnect(SocketChannelImpl.java:717)
	at org.apache.ratis.thirdparty.io.netty.channel.socket.nio.NioSocketChannel.doFinishConnect(NioSocketChannel.java:327)
	at org.apache.ratis.thirdparty.io.netty.channel.nio.AbstractNioChannel$AbstractNioUnsafe.finishConnect(AbstractNioChannel.java:340)
	at org.apache.ratis.thirdparty.io.netty.channel.nio.NioEventLoop.processSelectedKey(NioEventLoop.java:632)
	at org.apache.ratis.thirdparty.io.netty.channel.nio.NioEventLoop.processSelectedKeysOptimized(NioEventLoop.java:579)
	at org.apache.ratis.thirdparty.io.netty.channel.nio.NioEventLoop.processSelectedKeys(NioEventLoop.java:496)
	at org.apache.ratis.thirdparty.io.netty.channel.nio.NioEventLoop.run(NioEventLoop.java:458)
	at org.apache.ratis.thirdparty.io.netty.util.concurrent.SingleThreadEventExecutor$5.run(SingleThreadEventExecutor.java:897)
	at org.apache.ratis.thirdparty.io.netty.util.concurrent.FastThreadLocalRunnable.run(FastThreadLocalRunnable.java:30)
	... 1 more
Caused by: java.net.ConnectException: Connection refused
	... 11 more
2019-10-18 07:24:20,378 [12ad0800-05cb-443c-9fdd-fa1debf04523@group-BCB82A5C07F5-LeaderElection1292] INFO  impl.RaftServerImpl (RaftServerImpl.java:setRole(184)) - 12ad0800-05cb-443c-9fdd-fa1debf04523@group-BCB82A5C07F5: changes role from CANDIDATE to FOLLOWER at term 239 for DISCOVERED_A_NEW_TERM
2019-10-18 07:24:20,378 [12ad0800-05cb-443c-9fdd-fa1debf04523@group-BCB82A5C07F5-LeaderElection1292] INFO  impl.RoleInfo (RoleInfo.java:shutdownLeaderElection(134)) - 12ad0800-05cb-443c-9fdd-fa1debf04523: shutdown LeaderElection
2019-10-18 07:24:20,378 [12ad0800-05cb-443c-9fdd-fa1debf04523@group-BCB82A5C07F5-LeaderElection1292] INFO  impl.RoleInfo (RoleInfo.java:updateAndGet(143)) - 12ad0800-05cb-443c-9fdd-fa1debf04523: start FollowerState
2019-10-18 07:24:20,519 [Thread-11066] INFO  impl.FollowerState (FollowerState.java:run(108)) - 12ad0800-05cb-443c-9fdd-fa1debf04523@group-BCB82A5C07F5-FollowerState: change to CANDIDATE, lastRpcTime:140ms, electionTimeout:140ms
2019-10-18 07:24:20,519 [Thread-11066] INFO  impl.RoleInfo (RoleInfo.java:shutdownFollowerState(121)) - 12ad0800-05cb-443c-9fdd-fa1debf04523: shutdown FollowerState
2019-10-18 07:24:20,519 [Thread-11066] INFO  impl.RaftServerImpl (RaftServerImpl.java:setRole(184)) - 12ad0800-05cb-443c-9fdd-fa1debf04523@group-BCB82A5C07F5: changes role from  FOLLOWER to CANDIDATE at term 239 for changeToCandidate
2019-10-18 07:24:20,519 [Thread-11066] INFO  impl.RoleInfo (RoleInfo.java:updateAndGet(143)) - 12ad0800-05cb-443c-9fdd-fa1debf04523: start LeaderElection
2019-10-18 07:24:20,546 [12ad0800-05cb-443c-9fdd-fa1debf04523@group-BCB82A5C07F5-LeaderElection1293] INFO  impl.LeaderElection (LeaderElection.java:askForVotes(178)) - 12ad0800-05cb-443c-9fdd-fa1debf04523@group-BCB82A5C07F5-LeaderElection1293: begin an election at term 240 for -1: [12ad0800-05cb-443c-9fdd-fa1debf04523:192.168.34.25:41155, 5170c5f3-8499-4b42-9321-85fc8a351f79:192.168.34.25:43074, 0b10a9fc-47eb-4a2b-b664-8273d9d17379:192.168.34.25:45248], old=null
2019-10-18 07:24:20,547 [12ad0800-05cb-443c-9fdd-fa1debf04523@group-BCB82A5C07F5-LeaderElection1293] INFO  impl.LeaderElection (LogUtils.java:infoOrTrace(149)) - 12ad0800-05cb-443c-9fdd-fa1debf04523@group-BCB82A5C07F5-LeaderElection1293 got exception when requesting votes: {}
java.util.concurrent.ExecutionException: org.apache.ratis.thirdparty.io.grpc.StatusRuntimeException: UNAVAILABLE: io exception
	at java.util.concurrent.FutureTask.report(FutureTask.java:122)
	at java.util.concurrent.FutureTask.get(FutureTask.java:192)
	at org.apache.ratis.server.impl.LeaderElection.waitForResults(LeaderElection.java:259)
	at org.apache.ratis.server.impl.LeaderElection.askForVotes(LeaderElection.java:197)
	at org.apache.ratis.server.impl.LeaderElection.run(LeaderElection.java:133)
	at java.lang.Thread.run(Thread.java:748)
Caused by: org.apache.ratis.thirdparty.io.grpc.StatusRuntimeException: UNAVAILABLE: io exception
	at org.apache.ratis.thirdparty.io.grpc.stub.ClientCalls.toStatusRuntimeException(ClientCalls.java:233)
	at org.apache.ratis.thirdparty.io.grpc.stub.ClientCalls.getUnchecked(ClientCalls.java:214)
	at org.apache.ratis.thirdparty.io.grpc.stub.ClientCalls.blockingUnaryCall(ClientCalls.java:139)
	at org.apache.ratis.proto.grpc.RaftServerProtocolServiceGrpc$RaftServerProtocolServiceBlockingStub.requestVote(RaftServerProtocolServiceGrpc.java:265)
	at org.apache.ratis.grpc.server.GrpcServerProtocolClient.requestVote(GrpcServerProtocolClient.java:99)
	at org.apache.ratis.grpc.server.GrpcService.requestVote(GrpcService.java:204)
	at org.apache.ratis.server.impl.LeaderElection.lambda$submitRequests$1(LeaderElection.java:234)
	at java.util.concurrent.FutureTask.run(FutureTask.java:266)
	at java.util.concurrent.Executors$RunnableAdapter.call(Executors.java:511)
	at java.util.concurrent.FutureTask.run(FutureTask.java:266)
	at java.util.concurrent.ThreadPoolExecutor.runWorker(ThreadPoolExecutor.java:1149)
	at java.util.concurrent.ThreadPoolExecutor$Worker.run(ThreadPoolExecutor.java:624)
	... 1 more
Caused by: org.apache.ratis.thirdparty.io.netty.channel.AbstractChannel$AnnotatedConnectException: Connection refused: /192.168.34.25:43074
	at sun.nio.ch.SocketChannelImpl.checkConnect(Native Method)
	at sun.nio.ch.SocketChannelImpl.finishConnect(SocketChannelImpl.java:717)
	at org.apache.ratis.thirdparty.io.netty.channel.socket.nio.NioSocketChannel.doFinishConnect(NioSocketChannel.java:327)
	at org.apache.ratis.thirdparty.io.netty.channel.nio.AbstractNioChannel$AbstractNioUnsafe.finishConnect(AbstractNioChannel.java:340)
	at org.apache.ratis.thirdparty.io.netty.channel.nio.NioEventLoop.processSelectedKey(NioEventLoop.java:632)
	at org.apache.ratis.thirdparty.io.netty.channel.nio.NioEventLoop.processSelectedKeysOptimized(NioEventLoop.java:579)
	at org.apache.ratis.thirdparty.io.netty.channel.nio.NioEventLoop.processSelectedKeys(NioEventLoop.java:496)
	at org.apache.ratis.thirdparty.io.netty.channel.nio.NioEventLoop.run(NioEventLoop.java:458)
	at org.apache.ratis.thirdparty.io.netty.util.concurrent.SingleThreadEventExecutor$5.run(SingleThreadEventExecutor.java:897)
	at org.apache.ratis.thirdparty.io.netty.util.concurrent.FastThreadLocalRunnable.run(FastThreadLocalRunnable.java:30)
	... 1 more
Caused by: java.net.ConnectException: Connection refused
	... 11 more
2019-10-18 07:24:20,547 [12ad0800-05cb-443c-9fdd-fa1debf04523@group-BCB82A5C07F5-LeaderElection1293] INFO  impl.LeaderElection (LogUtils.java:infoOrTrace(149)) - 12ad0800-05cb-443c-9fdd-fa1debf04523@group-BCB82A5C07F5-LeaderElection1293 got exception when requesting votes: {}
java.util.concurrent.ExecutionException: org.apache.ratis.thirdparty.io.grpc.StatusRuntimeException: UNAVAILABLE: io exception
	at java.util.concurrent.FutureTask.report(FutureTask.java:122)
	at java.util.concurrent.FutureTask.get(FutureTask.java:192)
	at org.apache.ratis.server.impl.LeaderElection.waitForResults(LeaderElection.java:259)
	at org.apache.ratis.server.impl.LeaderElection.askForVotes(LeaderElection.java:197)
	at org.apache.ratis.server.impl.LeaderElection.run(LeaderElection.java:133)
	at java.lang.Thread.run(Thread.java:748)
Caused by: org.apache.ratis.thirdparty.io.grpc.StatusRuntimeException: UNAVAILABLE: io exception
	at org.apache.ratis.thirdparty.io.grpc.stub.ClientCalls.toStatusRuntimeException(ClientCalls.java:233)
	at org.apache.ratis.thirdparty.io.grpc.stub.ClientCalls.getUnchecked(ClientCalls.java:214)
	at org.apache.ratis.thirdparty.io.grpc.stub.ClientCalls.blockingUnaryCall(ClientCalls.java:139)
	at org.apache.ratis.proto.grpc.RaftServerProtocolServiceGrpc$RaftServerProtocolServiceBlockingStub.requestVote(RaftServerProtocolServiceGrpc.java:265)
	at org.apache.ratis.grpc.server.GrpcServerProtocolClient.requestVote(GrpcServerProtocolClient.java:99)
	at org.apache.ratis.grpc.server.GrpcService.requestVote(GrpcService.java:204)
	at org.apache.ratis.server.impl.LeaderElection.lambda$submitRequests$1(LeaderElection.java:234)
	at java.util.concurrent.FutureTask.run(FutureTask.java:266)
	at java.util.concurrent.Executors$RunnableAdapter.call(Executors.java:511)
	at java.util.concurrent.FutureTask.run(FutureTask.java:266)
	at java.util.concurrent.ThreadPoolExecutor.runWorker(ThreadPoolExecutor.java:1149)
	at java.util.concurrent.ThreadPoolExecutor$Worker.run(ThreadPoolExecutor.java:624)
	... 1 more
Caused by: org.apache.ratis.thirdparty.io.netty.channel.AbstractChannel$AnnotatedConnectException: Connection refused: /192.168.34.25:45248
	at sun.nio.ch.SocketChannelImpl.checkConnect(Native Method)
	at sun.nio.ch.SocketChannelImpl.finishConnect(SocketChannelImpl.java:717)
	at org.apache.ratis.thirdparty.io.netty.channel.socket.nio.NioSocketChannel.doFinishConnect(NioSocketChannel.java:327)
	at org.apache.ratis.thirdparty.io.netty.channel.nio.AbstractNioChannel$AbstractNioUnsafe.finishConnect(AbstractNioChannel.java:340)
	at org.apache.ratis.thirdparty.io.netty.channel.nio.NioEventLoop.processSelectedKey(NioEventLoop.java:632)
	at org.apache.ratis.thirdparty.io.netty.channel.nio.NioEventLoop.processSelectedKeysOptimized(NioEventLoop.java:579)
	at org.apache.ratis.thirdparty.io.netty.channel.nio.NioEventLoop.processSelectedKeys(NioEventLoop.java:496)
	at org.apache.ratis.thirdparty.io.netty.channel.nio.NioEventLoop.run(NioEventLoop.java:458)
	at org.apache.ratis.thirdparty.io.netty.util.concurrent.SingleThreadEventExecutor$5.run(SingleThreadEventExecutor.java:897)
	at org.apache.ratis.thirdparty.io.netty.util.concurrent.FastThreadLocalRunnable.run(FastThreadLocalRunnable.java:30)
	... 1 more
Caused by: java.net.ConnectException: Connection refused
	... 11 more
2019-10-18 07:24:20,548 [12ad0800-05cb-443c-9fdd-fa1debf04523@group-BCB82A5C07F5-LeaderElection1293] INFO  impl.LeaderElection (LeaderElection.java:logAndReturn(56)) - 12ad0800-05cb-443c-9fdd-fa1debf04523@group-BCB82A5C07F5-LeaderElection1293: Election REJECTED; received 0 response(s) [] and 2 exception(s); 12ad0800-05cb-443c-9fdd-fa1debf04523@group-BCB82A5C07F5:t240, leader=null, voted=12ad0800-05cb-443c-9fdd-fa1debf04523, raftlog=12ad0800-05cb-443c-9fdd-fa1debf04523@group-BCB82A5C07F5-SegmentedRaftLog:OPENED:c-1,f-1,i0, conf=-1: [12ad0800-05cb-443c-9fdd-fa1debf04523:192.168.34.25:41155, 5170c5f3-8499-4b42-9321-85fc8a351f79:192.168.34.25:43074, 0b10a9fc-47eb-4a2b-b664-8273d9d17379:192.168.34.25:45248], old=null
2019-10-18 07:24:20,548 [12ad0800-05cb-443c-9fdd-fa1debf04523@group-BCB82A5C07F5-LeaderElection1293] INFO  impl.LeaderElection (LogUtils.java:infoOrTrace(149)) -   Exception 0: {}
java.util.concurrent.ExecutionException: org.apache.ratis.thirdparty.io.grpc.StatusRuntimeException: UNAVAILABLE: io exception
	at java.util.concurrent.FutureTask.report(FutureTask.java:122)
	at java.util.concurrent.FutureTask.get(FutureTask.java:192)
	at org.apache.ratis.server.impl.LeaderElection.waitForResults(LeaderElection.java:259)
	at org.apache.ratis.server.impl.LeaderElection.askForVotes(LeaderElection.java:197)
	at org.apache.ratis.server.impl.LeaderElection.run(LeaderElection.java:133)
	at java.lang.Thread.run(Thread.java:748)
Caused by: org.apache.ratis.thirdparty.io.grpc.StatusRuntimeException: UNAVAILABLE: io exception
	at org.apache.ratis.thirdparty.io.grpc.stub.ClientCalls.toStatusRuntimeException(ClientCalls.java:233)
	at org.apache.ratis.thirdparty.io.grpc.stub.ClientCalls.getUnchecked(ClientCalls.java:214)
	at org.apache.ratis.thirdparty.io.grpc.stub.ClientCalls.blockingUnaryCall(ClientCalls.java:139)
	at org.apache.ratis.proto.grpc.RaftServerProtocolServiceGrpc$RaftServerProtocolServiceBlockingStub.requestVote(RaftServerProtocolServiceGrpc.java:265)
	at org.apache.ratis.grpc.server.GrpcServerProtocolClient.requestVote(GrpcServerProtocolClient.java:99)
	at org.apache.ratis.grpc.server.GrpcService.requestVote(GrpcService.java:204)
	at org.apache.ratis.server.impl.LeaderElection.lambda$submitRequests$1(LeaderElection.java:234)
	at java.util.concurrent.FutureTask.run(FutureTask.java:266)
	at java.util.concurrent.Executors$RunnableAdapter.call(Executors.java:511)
	at java.util.concurrent.FutureTask.run(FutureTask.java:266)
	at java.util.concurrent.ThreadPoolExecutor.runWorker(ThreadPoolExecutor.java:1149)
	at java.util.concurrent.ThreadPoolExecutor$Worker.run(ThreadPoolExecutor.java:624)
	... 1 more
Caused by: org.apache.ratis.thirdparty.io.netty.channel.AbstractChannel$AnnotatedConnectException: Connection refused: /192.168.34.25:43074
	at sun.nio.ch.SocketChannelImpl.checkConnect(Native Method)
	at sun.nio.ch.SocketChannelImpl.finishConnect(SocketChannelImpl.java:717)
	at org.apache.ratis.thirdparty.io.netty.channel.socket.nio.NioSocketChannel.doFinishConnect(NioSocketChannel.java:327)
	at org.apache.ratis.thirdparty.io.netty.channel.nio.AbstractNioChannel$AbstractNioUnsafe.finishConnect(AbstractNioChannel.java:340)
	at org.apache.ratis.thirdparty.io.netty.channel.nio.NioEventLoop.processSelectedKey(NioEventLoop.java:632)
	at org.apache.ratis.thirdparty.io.netty.channel.nio.NioEventLoop.processSelectedKeysOptimized(NioEventLoop.java:579)
	at org.apache.ratis.thirdparty.io.netty.channel.nio.NioEventLoop.processSelectedKeys(NioEventLoop.java:496)
	at org.apache.ratis.thirdparty.io.netty.channel.nio.NioEventLoop.run(NioEventLoop.java:458)
	at org.apache.ratis.thirdparty.io.netty.util.concurrent.SingleThreadEventExecutor$5.run(SingleThreadEventExecutor.java:897)
	at org.apache.ratis.thirdparty.io.netty.util.concurrent.FastThreadLocalRunnable.run(FastThreadLocalRunnable.java:30)
	... 1 more
Caused by: java.net.ConnectException: Connection refused
	... 11 more
2019-10-18 07:24:20,548 [12ad0800-05cb-443c-9fdd-fa1debf04523@group-BCB82A5C07F5-LeaderElection1293] INFO  impl.LeaderElection (LogUtils.java:infoOrTrace(149)) -   Exception 1: {}
java.util.concurrent.ExecutionException: org.apache.ratis.thirdparty.io.grpc.StatusRuntimeException: UNAVAILABLE: io exception
	at java.util.concurrent.FutureTask.report(FutureTask.java:122)
	at java.util.concurrent.FutureTask.get(FutureTask.java:192)
	at org.apache.ratis.server.impl.LeaderElection.waitForResults(LeaderElection.java:259)
	at org.apache.ratis.server.impl.LeaderElection.askForVotes(LeaderElection.java:197)
	at org.apache.ratis.server.impl.LeaderElection.run(LeaderElection.java:133)
	at java.lang.Thread.run(Thread.java:748)
Caused by: org.apache.ratis.thirdparty.io.grpc.StatusRuntimeException: UNAVAILABLE: io exception
	at org.apache.ratis.thirdparty.io.grpc.stub.ClientCalls.toStatusRuntimeException(ClientCalls.java:233)
	at org.apache.ratis.thirdparty.io.grpc.stub.ClientCalls.getUnchecked(ClientCalls.java:214)
	at org.apache.ratis.thirdparty.io.grpc.stub.ClientCalls.blockingUnaryCall(ClientCalls.java:139)
	at org.apache.ratis.proto.grpc.RaftServerProtocolServiceGrpc$RaftServerProtocolServiceBlockingStub.requestVote(RaftServerProtocolServiceGrpc.java:265)
	at org.apache.ratis.grpc.server.GrpcServerProtocolClient.requestVote(GrpcServerProtocolClient.java:99)
	at org.apache.ratis.grpc.server.GrpcService.requestVote(GrpcService.java:204)
	at org.apache.ratis.server.impl.LeaderElection.lambda$submitRequests$1(LeaderElection.java:234)
	at java.util.concurrent.FutureTask.run(FutureTask.java:266)
	at java.util.concurrent.Executors$RunnableAdapter.call(Executors.java:511)
	at java.util.concurrent.FutureTask.run(FutureTask.java:266)
	at java.util.concurrent.ThreadPoolExecutor.runWorker(ThreadPoolExecutor.java:1149)
	at java.util.concurrent.ThreadPoolExecutor$Worker.run(ThreadPoolExecutor.java:624)
	... 1 more
Caused by: org.apache.ratis.thirdparty.io.netty.channel.AbstractChannel$AnnotatedConnectException: Connection refused: /192.168.34.25:45248
	at sun.nio.ch.SocketChannelImpl.checkConnect(Native Method)
	at sun.nio.ch.SocketChannelImpl.finishConnect(SocketChannelImpl.java:717)
	at org.apache.ratis.thirdparty.io.netty.channel.socket.nio.NioSocketChannel.doFinishConnect(NioSocketChannel.java:327)
	at org.apache.ratis.thirdparty.io.netty.channel.nio.AbstractNioChannel$AbstractNioUnsafe.finishConnect(AbstractNioChannel.java:340)
	at org.apache.ratis.thirdparty.io.netty.channel.nio.NioEventLoop.processSelectedKey(NioEventLoop.java:632)
	at org.apache.ratis.thirdparty.io.netty.channel.nio.NioEventLoop.processSelectedKeysOptimized(NioEventLoop.java:579)
	at org.apache.ratis.thirdparty.io.netty.channel.nio.NioEventLoop.processSelectedKeys(NioEventLoop.java:496)
	at org.apache.ratis.thirdparty.io.netty.channel.nio.NioEventLoop.run(NioEventLoop.java:458)
	at org.apache.ratis.thirdparty.io.netty.util.concurrent.SingleThreadEventExecutor$5.run(SingleThreadEventExecutor.java:897)
	at org.apache.ratis.thirdparty.io.netty.util.concurrent.FastThreadLocalRunnable.run(FastThreadLocalRunnable.java:30)
	... 1 more
Caused by: java.net.ConnectException: Connection refused
	... 11 more
2019-10-18 07:24:20,549 [12ad0800-05cb-443c-9fdd-fa1debf04523@group-BCB82A5C07F5-LeaderElection1293] INFO  impl.RaftServerImpl (RaftServerImpl.java:setRole(184)) - 12ad0800-05cb-443c-9fdd-fa1debf04523@group-BCB82A5C07F5: changes role from CANDIDATE to FOLLOWER at term 240 for DISCOVERED_A_NEW_TERM
2019-10-18 07:24:20,549 [12ad0800-05cb-443c-9fdd-fa1debf04523@group-BCB82A5C07F5-LeaderElection1293] INFO  impl.RoleInfo (RoleInfo.java:shutdownLeaderElection(134)) - 12ad0800-05cb-443c-9fdd-fa1debf04523: shutdown LeaderElection
2019-10-18 07:24:20,549 [12ad0800-05cb-443c-9fdd-fa1debf04523@group-BCB82A5C07F5-LeaderElection1293] INFO  impl.RoleInfo (RoleInfo.java:updateAndGet(143)) - 12ad0800-05cb-443c-9fdd-fa1debf04523: start FollowerState
2019-10-18 07:24:20,579 [Thread-11070] INFO  impl.FollowerState (FollowerState.java:run(108)) - 12ad0800-05cb-443c-9fdd-fa1debf04523@group-BCB82A5C07F5-FollowerState: change to CANDIDATE, lastRpcTime:30ms, electionTimeout:30ms
2019-10-18 07:24:20,580 [Thread-11070] INFO  impl.RoleInfo (RoleInfo.java:shutdownFollowerState(121)) - 12ad0800-05cb-443c-9fdd-fa1debf04523: shutdown FollowerState
2019-10-18 07:24:20,580 [Thread-11070] INFO  impl.RaftServerImpl (RaftServerImpl.java:setRole(184)) - 12ad0800-05cb-443c-9fdd-fa1debf04523@group-BCB82A5C07F5: changes role from  FOLLOWER to CANDIDATE at term 240 for changeToCandidate
2019-10-18 07:24:20,580 [Thread-11070] INFO  impl.RoleInfo (RoleInfo.java:updateAndGet(143)) - 12ad0800-05cb-443c-9fdd-fa1debf04523: start LeaderElection
2019-10-18 07:24:20,605 [12ad0800-05cb-443c-9fdd-fa1debf04523@group-BCB82A5C07F5-LeaderElection1294] INFO  impl.LeaderElection (LeaderElection.java:askForVotes(178)) - 12ad0800-05cb-443c-9fdd-fa1debf04523@group-BCB82A5C07F5-LeaderElection1294: begin an election at term 241 for -1: [12ad0800-05cb-443c-9fdd-fa1debf04523:192.168.34.25:41155, 5170c5f3-8499-4b42-9321-85fc8a351f79:192.168.34.25:43074, 0b10a9fc-47eb-4a2b-b664-8273d9d17379:192.168.34.25:45248], old=null
2019-10-18 07:24:20,606 [12ad0800-05cb-443c-9fdd-fa1debf04523@group-BCB82A5C07F5-LeaderElection1294] INFO  impl.LeaderElection (LogUtils.java:infoOrTrace(149)) - 12ad0800-05cb-443c-9fdd-fa1debf04523@group-BCB82A5C07F5-LeaderElection1294 got exception when requesting votes: {}
java.util.concurrent.ExecutionException: org.apache.ratis.thirdparty.io.grpc.StatusRuntimeException: UNAVAILABLE: io exception
	at java.util.concurrent.FutureTask.report(FutureTask.java:122)
	at java.util.concurrent.FutureTask.get(FutureTask.java:192)
	at org.apache.ratis.server.impl.LeaderElection.waitForResults(LeaderElection.java:259)
	at org.apache.ratis.server.impl.LeaderElection.askForVotes(LeaderElection.java:197)
	at org.apache.ratis.server.impl.LeaderElection.run(LeaderElection.java:133)
	at java.lang.Thread.run(Thread.java:748)
Caused by: org.apache.ratis.thirdparty.io.grpc.StatusRuntimeException: UNAVAILABLE: io exception
	at org.apache.ratis.thirdparty.io.grpc.stub.ClientCalls.toStatusRuntimeException(ClientCalls.java:233)
	at org.apache.ratis.thirdparty.io.grpc.stub.ClientCalls.getUnchecked(ClientCalls.java:214)
	at org.apache.ratis.thirdparty.io.grpc.stub.ClientCalls.blockingUnaryCall(ClientCalls.java:139)
	at org.apache.ratis.proto.grpc.RaftServerProtocolServiceGrpc$RaftServerProtocolServiceBlockingStub.requestVote(RaftServerProtocolServiceGrpc.java:265)
	at org.apache.ratis.grpc.server.GrpcServerProtocolClient.requestVote(GrpcServerProtocolClient.java:99)
	at org.apache.ratis.grpc.server.GrpcService.requestVote(GrpcService.java:204)
	at org.apache.ratis.server.impl.LeaderElection.lambda$submitRequests$1(LeaderElection.java:234)
	at java.util.concurrent.FutureTask.run(FutureTask.java:266)
	at java.util.concurrent.Executors$RunnableAdapter.call(Executors.java:511)
	at java.util.concurrent.FutureTask.run(FutureTask.java:266)
	at java.util.concurrent.ThreadPoolExecutor.runWorker(ThreadPoolExecutor.java:1149)
	at java.util.concurrent.ThreadPoolExecutor$Worker.run(ThreadPoolExecutor.java:624)
	... 1 more
Caused by: org.apache.ratis.thirdparty.io.netty.channel.AbstractChannel$AnnotatedConnectException: Connection refused: /192.168.34.25:45248
	at sun.nio.ch.SocketChannelImpl.checkConnect(Native Method)
	at sun.nio.ch.SocketChannelImpl.finishConnect(SocketChannelImpl.java:717)
	at org.apache.ratis.thirdparty.io.netty.channel.socket.nio.NioSocketChannel.doFinishConnect(NioSocketChannel.java:327)
	at org.apache.ratis.thirdparty.io.netty.channel.nio.AbstractNioChannel$AbstractNioUnsafe.finishConnect(AbstractNioChannel.java:340)
	at org.apache.ratis.thirdparty.io.netty.channel.nio.NioEventLoop.processSelectedKey(NioEventLoop.java:632)
	at org.apache.ratis.thirdparty.io.netty.channel.nio.NioEventLoop.processSelectedKeysOptimized(NioEventLoop.java:579)
	at org.apache.ratis.thirdparty.io.netty.channel.nio.NioEventLoop.processSelectedKeys(NioEventLoop.java:496)
	at org.apache.ratis.thirdparty.io.netty.channel.nio.NioEventLoop.run(NioEventLoop.java:458)
	at org.apache.ratis.thirdparty.io.netty.util.concurrent.SingleThreadEventExecutor$5.run(SingleThreadEventExecutor.java:897)
	at org.apache.ratis.thirdparty.io.netty.util.concurrent.FastThreadLocalRunnable.run(FastThreadLocalRunnable.java:30)
	... 1 more
Caused by: java.net.ConnectException: Connection refused
	... 11 more
2019-10-18 07:24:20,606 [12ad0800-05cb-443c-9fdd-fa1debf04523@group-BCB82A5C07F5-LeaderElection1294] INFO  impl.LeaderElection (LogUtils.java:infoOrTrace(149)) - 12ad0800-05cb-443c-9fdd-fa1debf04523@group-BCB82A5C07F5-LeaderElection1294 got exception when requesting votes: {}
java.util.concurrent.ExecutionException: org.apache.ratis.thirdparty.io.grpc.StatusRuntimeException: UNAVAILABLE: io exception
	at java.util.concurrent.FutureTask.report(FutureTask.java:122)
	at java.util.concurrent.FutureTask.get(FutureTask.java:192)
	at org.apache.ratis.server.impl.LeaderElection.waitForResults(LeaderElection.java:259)
	at org.apache.ratis.server.impl.LeaderElection.askForVotes(LeaderElection.java:197)
	at org.apache.ratis.server.impl.LeaderElection.run(LeaderElection.java:133)
	at java.lang.Thread.run(Thread.java:748)
Caused by: org.apache.ratis.thirdparty.io.grpc.StatusRuntimeException: UNAVAILABLE: io exception
	at org.apache.ratis.thirdparty.io.grpc.stub.ClientCalls.toStatusRuntimeException(ClientCalls.java:233)
	at org.apache.ratis.thirdparty.io.grpc.stub.ClientCalls.getUnchecked(ClientCalls.java:214)
	at org.apache.ratis.thirdparty.io.grpc.stub.ClientCalls.blockingUnaryCall(ClientCalls.java:139)
	at org.apache.ratis.proto.grpc.RaftServerProtocolServiceGrpc$RaftServerProtocolServiceBlockingStub.requestVote(RaftServerProtocolServiceGrpc.java:265)
	at org.apache.ratis.grpc.server.GrpcServerProtocolClient.requestVote(GrpcServerProtocolClient.java:99)
	at org.apache.ratis.grpc.server.GrpcService.requestVote(GrpcService.java:204)
	at org.apache.ratis.server.impl.LeaderElection.lambda$submitRequests$1(LeaderElection.java:234)
	at java.util.concurrent.FutureTask.run(FutureTask.java:266)
	at java.util.concurrent.Executors$RunnableAdapter.call(Executors.java:511)
	at java.util.concurrent.FutureTask.run(FutureTask.java:266)
	at java.util.concurrent.ThreadPoolExecutor.runWorker(ThreadPoolExecutor.java:1149)
	at java.util.concurrent.ThreadPoolExecutor$Worker.run(ThreadPoolExecutor.java:624)
	... 1 more
Caused by: org.apache.ratis.thirdparty.io.netty.channel.AbstractChannel$AnnotatedConnectException: Connection refused: /192.168.34.25:43074
	at sun.nio.ch.SocketChannelImpl.checkConnect(Native Method)
	at sun.nio.ch.SocketChannelImpl.finishConnect(SocketChannelImpl.java:717)
	at org.apache.ratis.thirdparty.io.netty.channel.socket.nio.NioSocketChannel.doFinishConnect(NioSocketChannel.java:327)
	at org.apache.ratis.thirdparty.io.netty.channel.nio.AbstractNioChannel$AbstractNioUnsafe.finishConnect(AbstractNioChannel.java:340)
	at org.apache.ratis.thirdparty.io.netty.channel.nio.NioEventLoop.processSelectedKey(NioEventLoop.java:632)
	at org.apache.ratis.thirdparty.io.netty.channel.nio.NioEventLoop.processSelectedKeysOptimized(NioEventLoop.java:579)
	at org.apache.ratis.thirdparty.io.netty.channel.nio.NioEventLoop.processSelectedKeys(NioEventLoop.java:496)
	at org.apache.ratis.thirdparty.io.netty.channel.nio.NioEventLoop.run(NioEventLoop.java:458)
	at org.apache.ratis.thirdparty.io.netty.util.concurrent.SingleThreadEventExecutor$5.run(SingleThreadEventExecutor.java:897)
	at org.apache.ratis.thirdparty.io.netty.util.concurrent.FastThreadLocalRunnable.run(FastThreadLocalRunnable.java:30)
	... 1 more
Caused by: java.net.ConnectException: Connection refused
	... 11 more
2019-10-18 07:24:20,606 [12ad0800-05cb-443c-9fdd-fa1debf04523@group-BCB82A5C07F5-LeaderElection1294] INFO  impl.LeaderElection (LeaderElection.java:logAndReturn(56)) - 12ad0800-05cb-443c-9fdd-fa1debf04523@group-BCB82A5C07F5-LeaderElection1294: Election REJECTED; received 0 response(s) [] and 2 exception(s); 12ad0800-05cb-443c-9fdd-fa1debf04523@group-BCB82A5C07F5:t241, leader=null, voted=12ad0800-05cb-443c-9fdd-fa1debf04523, raftlog=12ad0800-05cb-443c-9fdd-fa1debf04523@group-BCB82A5C07F5-SegmentedRaftLog:OPENED:c-1,f-1,i0, conf=-1: [12ad0800-05cb-443c-9fdd-fa1debf04523:192.168.34.25:41155, 5170c5f3-8499-4b42-9321-85fc8a351f79:192.168.34.25:43074, 0b10a9fc-47eb-4a2b-b664-8273d9d17379:192.168.34.25:45248], old=null
2019-10-18 07:24:20,607 [12ad0800-05cb-443c-9fdd-fa1debf04523@group-BCB82A5C07F5-LeaderElection1294] INFO  impl.LeaderElection (LogUtils.java:infoOrTrace(149)) -   Exception 0: {}
java.util.concurrent.ExecutionException: org.apache.ratis.thirdparty.io.grpc.StatusRuntimeException: UNAVAILABLE: io exception
	at java.util.concurrent.FutureTask.report(FutureTask.java:122)
	at java.util.concurrent.FutureTask.get(FutureTask.java:192)
	at org.apache.ratis.server.impl.LeaderElection.waitForResults(LeaderElection.java:259)
	at org.apache.ratis.server.impl.LeaderElection.askForVotes(LeaderElection.java:197)
	at org.apache.ratis.server.impl.LeaderElection.run(LeaderElection.java:133)
	at java.lang.Thread.run(Thread.java:748)
Caused by: org.apache.ratis.thirdparty.io.grpc.StatusRuntimeException: UNAVAILABLE: io exception
	at org.apache.ratis.thirdparty.io.grpc.stub.ClientCalls.toStatusRuntimeException(ClientCalls.java:233)
	at org.apache.ratis.thirdparty.io.grpc.stub.ClientCalls.getUnchecked(ClientCalls.java:214)
	at org.apache.ratis.thirdparty.io.grpc.stub.ClientCalls.blockingUnaryCall(ClientCalls.java:139)
	at org.apache.ratis.proto.grpc.RaftServerProtocolServiceGrpc$RaftServerProtocolServiceBlockingStub.requestVote(RaftServerProtocolServiceGrpc.java:265)
	at org.apache.ratis.grpc.server.GrpcServerProtocolClient.requestVote(GrpcServerProtocolClient.java:99)
	at org.apache.ratis.grpc.server.GrpcService.requestVote(GrpcService.java:204)
	at org.apache.ratis.server.impl.LeaderElection.lambda$submitRequests$1(LeaderElection.java:234)
	at java.util.concurrent.FutureTask.run(FutureTask.java:266)
	at java.util.concurrent.Executors$RunnableAdapter.call(Executors.java:511)
	at java.util.concurrent.FutureTask.run(FutureTask.java:266)
	at java.util.concurrent.ThreadPoolExecutor.runWorker(ThreadPoolExecutor.java:1149)
	at java.util.concurrent.ThreadPoolExecutor$Worker.run(ThreadPoolExecutor.java:624)
	... 1 more
Caused by: org.apache.ratis.thirdparty.io.netty.channel.AbstractChannel$AnnotatedConnectException: Connection refused: /192.168.34.25:45248
	at sun.nio.ch.SocketChannelImpl.checkConnect(Native Method)
	at sun.nio.ch.SocketChannelImpl.finishConnect(SocketChannelImpl.java:717)
	at org.apache.ratis.thirdparty.io.netty.channel.socket.nio.NioSocketChannel.doFinishConnect(NioSocketChannel.java:327)
	at org.apache.ratis.thirdparty.io.netty.channel.nio.AbstractNioChannel$AbstractNioUnsafe.finishConnect(AbstractNioChannel.java:340)
	at org.apache.ratis.thirdparty.io.netty.channel.nio.NioEventLoop.processSelectedKey(NioEventLoop.java:632)
	at org.apache.ratis.thirdparty.io.netty.channel.nio.NioEventLoop.processSelectedKeysOptimized(NioEventLoop.java:579)
	at org.apache.ratis.thirdparty.io.netty.channel.nio.NioEventLoop.processSelectedKeys(NioEventLoop.java:496)
	at org.apache.ratis.thirdparty.io.netty.channel.nio.NioEventLoop.run(NioEventLoop.java:458)
	at org.apache.ratis.thirdparty.io.netty.util.concurrent.SingleThreadEventExecutor$5.run(SingleThreadEventExecutor.java:897)
	at org.apache.ratis.thirdparty.io.netty.util.concurrent.FastThreadLocalRunnable.run(FastThreadLocalRunnable.java:30)
	... 1 more
Caused by: java.net.ConnectException: Connection refused
	... 11 more
2019-10-18 07:24:20,607 [12ad0800-05cb-443c-9fdd-fa1debf04523@group-BCB82A5C07F5-LeaderElection1294] INFO  impl.LeaderElection (LogUtils.java:infoOrTrace(149)) -   Exception 1: {}
java.util.concurrent.ExecutionException: org.apache.ratis.thirdparty.io.grpc.StatusRuntimeException: UNAVAILABLE: io exception
	at java.util.concurrent.FutureTask.report(FutureTask.java:122)
	at java.util.concurrent.FutureTask.get(FutureTask.java:192)
	at org.apache.ratis.server.impl.LeaderElection.waitForResults(LeaderElection.java:259)
	at org.apache.ratis.server.impl.LeaderElection.askForVotes(LeaderElection.java:197)
	at org.apache.ratis.server.impl.LeaderElection.run(LeaderElection.java:133)
	at java.lang.Thread.run(Thread.java:748)
Caused by: org.apache.ratis.thirdparty.io.grpc.StatusRuntimeException: UNAVAILABLE: io exception
	at org.apache.ratis.thirdparty.io.grpc.stub.ClientCalls.toStatusRuntimeException(ClientCalls.java:233)
	at org.apache.ratis.thirdparty.io.grpc.stub.ClientCalls.getUnchecked(ClientCalls.java:214)
	at org.apache.ratis.thirdparty.io.grpc.stub.ClientCalls.blockingUnaryCall(ClientCalls.java:139)
	at org.apache.ratis.proto.grpc.RaftServerProtocolServiceGrpc$RaftServerProtocolServiceBlockingStub.requestVote(RaftServerProtocolServiceGrpc.java:265)
	at org.apache.ratis.grpc.server.GrpcServerProtocolClient.requestVote(GrpcServerProtocolClient.java:99)
	at org.apache.ratis.grpc.server.GrpcService.requestVote(GrpcService.java:204)
	at org.apache.ratis.server.impl.LeaderElection.lambda$submitRequests$1(LeaderElection.java:234)
	at java.util.concurrent.FutureTask.run(FutureTask.java:266)
	at java.util.concurrent.Executors$RunnableAdapter.call(Executors.java:511)
	at java.util.concurrent.FutureTask.run(FutureTask.java:266)
	at java.util.concurrent.ThreadPoolExecutor.runWorker(ThreadPoolExecutor.java:1149)
	at java.util.concurrent.ThreadPoolExecutor$Worker.run(ThreadPoolExecutor.java:624)
	... 1 more
Caused by: org.apache.ratis.thirdparty.io.netty.channel.AbstractChannel$AnnotatedConnectException: Connection refused: /192.168.34.25:43074
	at sun.nio.ch.SocketChannelImpl.checkConnect(Native Method)
	at sun.nio.ch.SocketChannelImpl.finishConnect(SocketChannelImpl.java:717)
	at org.apache.ratis.thirdparty.io.netty.channel.socket.nio.NioSocketChannel.doFinishConnect(NioSocketChannel.java:327)
	at org.apache.ratis.thirdparty.io.netty.channel.nio.AbstractNioChannel$AbstractNioUnsafe.finishConnect(AbstractNioChannel.java:340)
	at org.apache.ratis.thirdparty.io.netty.channel.nio.NioEventLoop.processSelectedKey(NioEventLoop.java:632)
	at org.apache.ratis.thirdparty.io.netty.channel.nio.NioEventLoop.processSelectedKeysOptimized(NioEventLoop.java:579)
	at org.apache.ratis.thirdparty.io.netty.channel.nio.NioEventLoop.processSelectedKeys(NioEventLoop.java:496)
	at org.apache.ratis.thirdparty.io.netty.channel.nio.NioEventLoop.run(NioEventLoop.java:458)
	at org.apache.ratis.thirdparty.io.netty.util.concurrent.SingleThreadEventExecutor$5.run(SingleThreadEventExecutor.java:897)
	at org.apache.ratis.thirdparty.io.netty.util.concurrent.FastThreadLocalRunnable.run(FastThreadLocalRunnable.java:30)
	... 1 more
Caused by: java.net.ConnectException: Connection refused
	... 11 more
2019-10-18 07:24:20,607 [12ad0800-05cb-443c-9fdd-fa1debf04523@group-BCB82A5C07F5-LeaderElection1294] INFO  impl.RaftServerImpl (RaftServerImpl.java:setRole(184)) - 12ad0800-05cb-443c-9fdd-fa1debf04523@group-BCB82A5C07F5: changes role from CANDIDATE to FOLLOWER at term 241 for DISCOVERED_A_NEW_TERM
2019-10-18 07:24:20,607 [12ad0800-05cb-443c-9fdd-fa1debf04523@group-BCB82A5C07F5-LeaderElection1294] INFO  impl.RoleInfo (RoleInfo.java:shutdownLeaderElection(134)) - 12ad0800-05cb-443c-9fdd-fa1debf04523: shutdown LeaderElection
2019-10-18 07:24:20,607 [12ad0800-05cb-443c-9fdd-fa1debf04523@group-BCB82A5C07F5-LeaderElection1294] INFO  impl.RoleInfo (RoleInfo.java:updateAndGet(143)) - 12ad0800-05cb-443c-9fdd-fa1debf04523: start FollowerState
2019-10-18 07:24:20,764 [java.util.concurrent.ThreadPoolExecutor$Worker@1ddf09da[State = -1, empty queue]] WARN  server.GrpcLogAppender (GrpcLogAppender.java:timeoutAppendRequest(209)) - 030c2313-1c2c-4b42-81fb-cb58ee93f992@group-E193FE271C99->9712a796-5281-4f3e-ac85-61dedd90db73-GrpcLogAppender: appendEntries Timeout, request=030c2313-1c2c-4b42-81fb-cb58ee93f992->9712a796-5281-4f3e-ac85-61dedd90db73#68-t1, previous=(t:1, i:10), leaderCommit=10, initializing? false, entries: <empty>
2019-10-18 07:24:20,792 [Thread-11074] INFO  impl.FollowerState (FollowerState.java:run(108)) - 12ad0800-05cb-443c-9fdd-fa1debf04523@group-BCB82A5C07F5-FollowerState: change to CANDIDATE, lastRpcTime:185ms, electionTimeout:185ms
2019-10-18 07:24:20,792 [Thread-11074] INFO  impl.RoleInfo (RoleInfo.java:shutdownFollowerState(121)) - 12ad0800-05cb-443c-9fdd-fa1debf04523: shutdown FollowerState
2019-10-18 07:24:20,793 [Thread-11074] INFO  impl.RaftServerImpl (RaftServerImpl.java:setRole(184)) - 12ad0800-05cb-443c-9fdd-fa1debf04523@group-BCB82A5C07F5: changes role from  FOLLOWER to CANDIDATE at term 241 for changeToCandidate
2019-10-18 07:24:20,793 [Thread-11074] INFO  impl.RoleInfo (RoleInfo.java:updateAndGet(143)) - 12ad0800-05cb-443c-9fdd-fa1debf04523: start LeaderElection
2019-10-18 07:24:20,831 [12ad0800-05cb-443c-9fdd-fa1debf04523@group-BCB82A5C07F5-LeaderElection1295] INFO  impl.LeaderElection (LeaderElection.java:askForVotes(178)) - 12ad0800-05cb-443c-9fdd-fa1debf04523@group-BCB82A5C07F5-LeaderElection1295: begin an election at term 242 for -1: [12ad0800-05cb-443c-9fdd-fa1debf04523:192.168.34.25:41155, 5170c5f3-8499-4b42-9321-85fc8a351f79:192.168.34.25:43074, 0b10a9fc-47eb-4a2b-b664-8273d9d17379:192.168.34.25:45248], old=null
2019-10-18 07:24:20,832 [12ad0800-05cb-443c-9fdd-fa1debf04523@group-BCB82A5C07F5-LeaderElection1295] INFO  impl.LeaderElection (LogUtils.java:infoOrTrace(149)) - 12ad0800-05cb-443c-9fdd-fa1debf04523@group-BCB82A5C07F5-LeaderElection1295 got exception when requesting votes: {}
java.util.concurrent.ExecutionException: org.apache.ratis.thirdparty.io.grpc.StatusRuntimeException: UNAVAILABLE: io exception
	at java.util.concurrent.FutureTask.report(FutureTask.java:122)
	at java.util.concurrent.FutureTask.get(FutureTask.java:192)
	at org.apache.ratis.server.impl.LeaderElection.waitForResults(LeaderElection.java:259)
	at org.apache.ratis.server.impl.LeaderElection.askForVotes(LeaderElection.java:197)
	at org.apache.ratis.server.impl.LeaderElection.run(LeaderElection.java:133)
	at java.lang.Thread.run(Thread.java:748)
Caused by: org.apache.ratis.thirdparty.io.grpc.StatusRuntimeException: UNAVAILABLE: io exception
	at org.apache.ratis.thirdparty.io.grpc.stub.ClientCalls.toStatusRuntimeException(ClientCalls.java:233)
	at org.apache.ratis.thirdparty.io.grpc.stub.ClientCalls.getUnchecked(ClientCalls.java:214)
	at org.apache.ratis.thirdparty.io.grpc.stub.ClientCalls.blockingUnaryCall(ClientCalls.java:139)
	at org.apache.ratis.proto.grpc.RaftServerProtocolServiceGrpc$RaftServerProtocolServiceBlockingStub.requestVote(RaftServerProtocolServiceGrpc.java:265)
	at org.apache.ratis.grpc.server.GrpcServerProtocolClient.requestVote(GrpcServerProtocolClient.java:99)
	at org.apache.ratis.grpc.server.GrpcService.requestVote(GrpcService.java:204)
	at org.apache.ratis.server.impl.LeaderElection.lambda$submitRequests$1(LeaderElection.java:234)
	at java.util.concurrent.FutureTask.run(FutureTask.java:266)
	at java.util.concurrent.Executors$RunnableAdapter.call(Executors.java:511)
	at java.util.concurrent.FutureTask.run(FutureTask.java:266)
	at java.util.concurrent.ThreadPoolExecutor.runWorker(ThreadPoolExecutor.java:1149)
	at java.util.concurrent.ThreadPoolExecutor$Worker.run(ThreadPoolExecutor.java:624)
	... 1 more
Caused by: org.apache.ratis.thirdparty.io.netty.channel.AbstractChannel$AnnotatedConnectException: Connection refused: /192.168.34.25:45248
	at sun.nio.ch.SocketChannelImpl.checkConnect(Native Method)
	at sun.nio.ch.SocketChannelImpl.finishConnect(SocketChannelImpl.java:717)
	at org.apache.ratis.thirdparty.io.netty.channel.socket.nio.NioSocketChannel.doFinishConnect(NioSocketChannel.java:327)
	at org.apache.ratis.thirdparty.io.netty.channel.nio.AbstractNioChannel$AbstractNioUnsafe.finishConnect(AbstractNioChannel.java:340)
	at org.apache.ratis.thirdparty.io.netty.channel.nio.NioEventLoop.processSelectedKey(NioEventLoop.java:632)
	at org.apache.ratis.thirdparty.io.netty.channel.nio.NioEventLoop.processSelectedKeysOptimized(NioEventLoop.java:579)
	at org.apache.ratis.thirdparty.io.netty.channel.nio.NioEventLoop.processSelectedKeys(NioEventLoop.java:496)
	at org.apache.ratis.thirdparty.io.netty.channel.nio.NioEventLoop.run(NioEventLoop.java:458)
	at org.apache.ratis.thirdparty.io.netty.util.concurrent.SingleThreadEventExecutor$5.run(SingleThreadEventExecutor.java:897)
	at org.apache.ratis.thirdparty.io.netty.util.concurrent.FastThreadLocalRunnable.run(FastThreadLocalRunnable.java:30)
	... 1 more
Caused by: java.net.ConnectException: Connection refused
	... 11 more
2019-10-18 07:24:20,832 [12ad0800-05cb-443c-9fdd-fa1debf04523@group-BCB82A5C07F5-LeaderElection1295] INFO  impl.LeaderElection (LogUtils.java:infoOrTrace(149)) - 12ad0800-05cb-443c-9fdd-fa1debf04523@group-BCB82A5C07F5-LeaderElection1295 got exception when requesting votes: {}
java.util.concurrent.ExecutionException: org.apache.ratis.thirdparty.io.grpc.StatusRuntimeException: UNAVAILABLE: io exception
	at java.util.concurrent.FutureTask.report(FutureTask.java:122)
	at java.util.concurrent.FutureTask.get(FutureTask.java:192)
	at org.apache.ratis.server.impl.LeaderElection.waitForResults(LeaderElection.java:259)
	at org.apache.ratis.server.impl.LeaderElection.askForVotes(LeaderElection.java:197)
	at org.apache.ratis.server.impl.LeaderElection.run(LeaderElection.java:133)
	at java.lang.Thread.run(Thread.java:748)
Caused by: org.apache.ratis.thirdparty.io.grpc.StatusRuntimeException: UNAVAILABLE: io exception
	at org.apache.ratis.thirdparty.io.grpc.stub.ClientCalls.toStatusRuntimeException(ClientCalls.java:233)
	at org.apache.ratis.thirdparty.io.grpc.stub.ClientCalls.getUnchecked(ClientCalls.java:214)
	at org.apache.ratis.thirdparty.io.grpc.stub.ClientCalls.blockingUnaryCall(ClientCalls.java:139)
	at org.apache.ratis.proto.grpc.RaftServerProtocolServiceGrpc$RaftServerProtocolServiceBlockingStub.requestVote(RaftServerProtocolServiceGrpc.java:265)
	at org.apache.ratis.grpc.server.GrpcServerProtocolClient.requestVote(GrpcServerProtocolClient.java:99)
	at org.apache.ratis.grpc.server.GrpcService.requestVote(GrpcService.java:204)
	at org.apache.ratis.server.impl.LeaderElection.lambda$submitRequests$1(LeaderElection.java:234)
	at java.util.concurrent.FutureTask.run(FutureTask.java:266)
	at java.util.concurrent.Executors$RunnableAdapter.call(Executors.java:511)
	at java.util.concurrent.FutureTask.run(FutureTask.java:266)
	at java.util.concurrent.ThreadPoolExecutor.runWorker(ThreadPoolExecutor.java:1149)
	at java.util.concurrent.ThreadPoolExecutor$Worker.run(ThreadPoolExecutor.java:624)
	... 1 more
Caused by: org.apache.ratis.thirdparty.io.netty.channel.AbstractChannel$AnnotatedConnectException: Connection refused: /192.168.34.25:43074
	at sun.nio.ch.SocketChannelImpl.checkConnect(Native Method)
	at sun.nio.ch.SocketChannelImpl.finishConnect(SocketChannelImpl.java:717)
	at org.apache.ratis.thirdparty.io.netty.channel.socket.nio.NioSocketChannel.doFinishConnect(NioSocketChannel.java:327)
	at org.apache.ratis.thirdparty.io.netty.channel.nio.AbstractNioChannel$AbstractNioUnsafe.finishConnect(AbstractNioChannel.java:340)
	at org.apache.ratis.thirdparty.io.netty.channel.nio.NioEventLoop.processSelectedKey(NioEventLoop.java:632)
	at org.apache.ratis.thirdparty.io.netty.channel.nio.NioEventLoop.processSelectedKeysOptimized(NioEventLoop.java:579)
	at org.apache.ratis.thirdparty.io.netty.channel.nio.NioEventLoop.processSelectedKeys(NioEventLoop.java:496)
	at org.apache.ratis.thirdparty.io.netty.channel.nio.NioEventLoop.run(NioEventLoop.java:458)
	at org.apache.ratis.thirdparty.io.netty.util.concurrent.SingleThreadEventExecutor$5.run(SingleThreadEventExecutor.java:897)
	at org.apache.ratis.thirdparty.io.netty.util.concurrent.FastThreadLocalRunnable.run(FastThreadLocalRunnable.java:30)
	... 1 more
Caused by: java.net.ConnectException: Connection refused
	... 11 more
2019-10-18 07:24:20,832 [12ad0800-05cb-443c-9fdd-fa1debf04523@group-BCB82A5C07F5-LeaderElection1295] INFO  impl.LeaderElection (LeaderElection.java:logAndReturn(56)) - 12ad0800-05cb-443c-9fdd-fa1debf04523@group-BCB82A5C07F5-LeaderElection1295: Election REJECTED; received 0 response(s) [] and 2 exception(s); 12ad0800-05cb-443c-9fdd-fa1debf04523@group-BCB82A5C07F5:t242, leader=null, voted=12ad0800-05cb-443c-9fdd-fa1debf04523, raftlog=12ad0800-05cb-443c-9fdd-fa1debf04523@group-BCB82A5C07F5-SegmentedRaftLog:OPENED:c-1,f-1,i0, conf=-1: [12ad0800-05cb-443c-9fdd-fa1debf04523:192.168.34.25:41155, 5170c5f3-8499-4b42-9321-85fc8a351f79:192.168.34.25:43074, 0b10a9fc-47eb-4a2b-b664-8273d9d17379:192.168.34.25:45248], old=null
2019-10-18 07:24:20,833 [12ad0800-05cb-443c-9fdd-fa1debf04523@group-BCB82A5C07F5-LeaderElection1295] INFO  impl.LeaderElection (LogUtils.java:infoOrTrace(149)) -   Exception 0: {}
java.util.concurrent.ExecutionException: org.apache.ratis.thirdparty.io.grpc.StatusRuntimeException: UNAVAILABLE: io exception
	at java.util.concurrent.FutureTask.report(FutureTask.java:122)
	at java.util.concurrent.FutureTask.get(FutureTask.java:192)
	at org.apache.ratis.server.impl.LeaderElection.waitForResults(LeaderElection.java:259)
	at org.apache.ratis.server.impl.LeaderElection.askForVotes(LeaderElection.java:197)
	at org.apache.ratis.server.impl.LeaderElection.run(LeaderElection.java:133)
	at java.lang.Thread.run(Thread.java:748)
Caused by: org.apache.ratis.thirdparty.io.grpc.StatusRuntimeException: UNAVAILABLE: io exception
	at org.apache.ratis.thirdparty.io.grpc.stub.ClientCalls.toStatusRuntimeException(ClientCalls.java:233)
	at org.apache.ratis.thirdparty.io.grpc.stub.ClientCalls.getUnchecked(ClientCalls.java:214)
	at org.apache.ratis.thirdparty.io.grpc.stub.ClientCalls.blockingUnaryCall(ClientCalls.java:139)
	at org.apache.ratis.proto.grpc.RaftServerProtocolServiceGrpc$RaftServerProtocolServiceBlockingStub.requestVote(RaftServerProtocolServiceGrpc.java:265)
	at org.apache.ratis.grpc.server.GrpcServerProtocolClient.requestVote(GrpcServerProtocolClient.java:99)
	at org.apache.ratis.grpc.server.GrpcService.requestVote(GrpcService.java:204)
	at org.apache.ratis.server.impl.LeaderElection.lambda$submitRequests$1(LeaderElection.java:234)
	at java.util.concurrent.FutureTask.run(FutureTask.java:266)
	at java.util.concurrent.Executors$RunnableAdapter.call(Executors.java:511)
	at java.util.concurrent.FutureTask.run(FutureTask.java:266)
	at java.util.concurrent.ThreadPoolExecutor.runWorker(ThreadPoolExecutor.java:1149)
	at java.util.concurrent.ThreadPoolExecutor$Worker.run(ThreadPoolExecutor.java:624)
	... 1 more
Caused by: org.apache.ratis.thirdparty.io.netty.channel.AbstractChannel$AnnotatedConnectException: Connection refused: /192.168.34.25:45248
	at sun.nio.ch.SocketChannelImpl.checkConnect(Native Method)
	at sun.nio.ch.SocketChannelImpl.finishConnect(SocketChannelImpl.java:717)
	at org.apache.ratis.thirdparty.io.netty.channel.socket.nio.NioSocketChannel.doFinishConnect(NioSocketChannel.java:327)
	at org.apache.ratis.thirdparty.io.netty.channel.nio.AbstractNioChannel$AbstractNioUnsafe.finishConnect(AbstractNioChannel.java:340)
	at org.apache.ratis.thirdparty.io.netty.channel.nio.NioEventLoop.processSelectedKey(NioEventLoop.java:632)
	at org.apache.ratis.thirdparty.io.netty.channel.nio.NioEventLoop.processSelectedKeysOptimized(NioEventLoop.java:579)
	at org.apache.ratis.thirdparty.io.netty.channel.nio.NioEventLoop.processSelectedKeys(NioEventLoop.java:496)
	at org.apache.ratis.thirdparty.io.netty.channel.nio.NioEventLoop.run(NioEventLoop.java:458)
	at org.apache.ratis.thirdparty.io.netty.util.concurrent.SingleThreadEventExecutor$5.run(SingleThreadEventExecutor.java:897)
	at org.apache.ratis.thirdparty.io.netty.util.concurrent.FastThreadLocalRunnable.run(FastThreadLocalRunnable.java:30)
	... 1 more
Caused by: java.net.ConnectException: Connection refused
	... 11 more
2019-10-18 07:24:20,833 [12ad0800-05cb-443c-9fdd-fa1debf04523@group-BCB82A5C07F5-LeaderElection1295] INFO  impl.LeaderElection (LogUtils.java:infoOrTrace(149)) -   Exception 1: {}
java.util.concurrent.ExecutionException: org.apache.ratis.thirdparty.io.grpc.StatusRuntimeException: UNAVAILABLE: io exception
	at java.util.concurrent.FutureTask.report(FutureTask.java:122)
	at java.util.concurrent.FutureTask.get(FutureTask.java:192)
	at org.apache.ratis.server.impl.LeaderElection.waitForResults(LeaderElection.java:259)
	at org.apache.ratis.server.impl.LeaderElection.askForVotes(LeaderElection.java:197)
	at org.apache.ratis.server.impl.LeaderElection.run(LeaderElection.java:133)
	at java.lang.Thread.run(Thread.java:748)
Caused by: org.apache.ratis.thirdparty.io.grpc.StatusRuntimeException: UNAVAILABLE: io exception
	at org.apache.ratis.thirdparty.io.grpc.stub.ClientCalls.toStatusRuntimeException(ClientCalls.java:233)
	at org.apache.ratis.thirdparty.io.grpc.stub.ClientCalls.getUnchecked(ClientCalls.java:214)
	at org.apache.ratis.thirdparty.io.grpc.stub.ClientCalls.blockingUnaryCall(ClientCalls.java:139)
	at org.apache.ratis.proto.grpc.RaftServerProtocolServiceGrpc$RaftServerProtocolServiceBlockingStub.requestVote(RaftServerProtocolServiceGrpc.java:265)
	at org.apache.ratis.grpc.server.GrpcServerProtocolClient.requestVote(GrpcServerProtocolClient.java:99)
	at org.apache.ratis.grpc.server.GrpcService.requestVote(GrpcService.java:204)
	at org.apache.ratis.server.impl.LeaderElection.lambda$submitRequests$1(LeaderElection.java:234)
	at java.util.concurrent.FutureTask.run(FutureTask.java:266)
	at java.util.concurrent.Executors$RunnableAdapter.call(Executors.java:511)
	at java.util.concurrent.FutureTask.run(FutureTask.java:266)
	at java.util.concurrent.ThreadPoolExecutor.runWorker(ThreadPoolExecutor.java:1149)
	at java.util.concurrent.ThreadPoolExecutor$Worker.run(ThreadPoolExecutor.java:624)
	... 1 more
Caused by: org.apache.ratis.thirdparty.io.netty.channel.AbstractChannel$AnnotatedConnectException: Connection refused: /192.168.34.25:43074
	at sun.nio.ch.SocketChannelImpl.checkConnect(Native Method)
	at sun.nio.ch.SocketChannelImpl.finishConnect(SocketChannelImpl.java:717)
	at org.apache.ratis.thirdparty.io.netty.channel.socket.nio.NioSocketChannel.doFinishConnect(NioSocketChannel.java:327)
	at org.apache.ratis.thirdparty.io.netty.channel.nio.AbstractNioChannel$AbstractNioUnsafe.finishConnect(AbstractNioChannel.java:340)
	at org.apache.ratis.thirdparty.io.netty.channel.nio.NioEventLoop.processSelectedKey(NioEventLoop.java:632)
	at org.apache.ratis.thirdparty.io.netty.channel.nio.NioEventLoop.processSelectedKeysOptimized(NioEventLoop.java:579)
	at org.apache.ratis.thirdparty.io.netty.channel.nio.NioEventLoop.processSelectedKeys(NioEventLoop.java:496)
	at org.apache.ratis.thirdparty.io.netty.channel.nio.NioEventLoop.run(NioEventLoop.java:458)
	at org.apache.ratis.thirdparty.io.netty.util.concurrent.SingleThreadEventExecutor$5.run(SingleThreadEventExecutor.java:897)
	at org.apache.ratis.thirdparty.io.netty.util.concurrent.FastThreadLocalRunnable.run(FastThreadLocalRunnable.java:30)
	... 1 more
Caused by: java.net.ConnectException: Connection refused
	... 11 more
2019-10-18 07:24:20,833 [12ad0800-05cb-443c-9fdd-fa1debf04523@group-BCB82A5C07F5-LeaderElection1295] INFO  impl.RaftServerImpl (RaftServerImpl.java:setRole(184)) - 12ad0800-05cb-443c-9fdd-fa1debf04523@group-BCB82A5C07F5: changes role from CANDIDATE to FOLLOWER at term 242 for DISCOVERED_A_NEW_TERM
2019-10-18 07:24:20,833 [12ad0800-05cb-443c-9fdd-fa1debf04523@group-BCB82A5C07F5-LeaderElection1295] INFO  impl.RoleInfo (RoleInfo.java:shutdownLeaderElection(134)) - 12ad0800-05cb-443c-9fdd-fa1debf04523: shutdown LeaderElection
2019-10-18 07:24:20,833 [12ad0800-05cb-443c-9fdd-fa1debf04523@group-BCB82A5C07F5-LeaderElection1295] INFO  impl.RoleInfo (RoleInfo.java:updateAndGet(143)) - 12ad0800-05cb-443c-9fdd-fa1debf04523: start FollowerState
2019-10-18 07:24:20,893 [Thread-11078] INFO  impl.FollowerState (FollowerState.java:run(108)) - 12ad0800-05cb-443c-9fdd-fa1debf04523@group-BCB82A5C07F5-FollowerState: change to CANDIDATE, lastRpcTime:59ms, electionTimeout:59ms
2019-10-18 07:24:20,893 [Thread-11078] INFO  impl.RoleInfo (RoleInfo.java:shutdownFollowerState(121)) - 12ad0800-05cb-443c-9fdd-fa1debf04523: shutdown FollowerState
2019-10-18 07:24:20,893 [Thread-11078] INFO  impl.RaftServerImpl (RaftServerImpl.java:setRole(184)) - 12ad0800-05cb-443c-9fdd-fa1debf04523@group-BCB82A5C07F5: changes role from  FOLLOWER to CANDIDATE at term 242 for changeToCandidate
2019-10-18 07:24:20,893 [Thread-11078] INFO  impl.RoleInfo (RoleInfo.java:updateAndGet(143)) - 12ad0800-05cb-443c-9fdd-fa1debf04523: start LeaderElection
2019-10-18 07:24:20,931 [12ad0800-05cb-443c-9fdd-fa1debf04523@group-BCB82A5C07F5-LeaderElection1296] INFO  impl.LeaderElection (LeaderElection.java:askForVotes(178)) - 12ad0800-05cb-443c-9fdd-fa1debf04523@group-BCB82A5C07F5-LeaderElection1296: begin an election at term 243 for -1: [12ad0800-05cb-443c-9fdd-fa1debf04523:192.168.34.25:41155, 5170c5f3-8499-4b42-9321-85fc8a351f79:192.168.34.25:43074, 0b10a9fc-47eb-4a2b-b664-8273d9d17379:192.168.34.25:45248], old=null
2019-10-18 07:24:20,932 [12ad0800-05cb-443c-9fdd-fa1debf04523@group-BCB82A5C07F5-LeaderElection1296] INFO  impl.LeaderElection (LogUtils.java:infoOrTrace(149)) - 12ad0800-05cb-443c-9fdd-fa1debf04523@group-BCB82A5C07F5-LeaderElection1296 got exception when requesting votes: {}
java.util.concurrent.ExecutionException: org.apache.ratis.thirdparty.io.grpc.StatusRuntimeException: UNAVAILABLE: io exception
	at java.util.concurrent.FutureTask.report(FutureTask.java:122)
	at java.util.concurrent.FutureTask.get(FutureTask.java:192)
	at org.apache.ratis.server.impl.LeaderElection.waitForResults(LeaderElection.java:259)
	at org.apache.ratis.server.impl.LeaderElection.askForVotes(LeaderElection.java:197)
	at org.apache.ratis.server.impl.LeaderElection.run(LeaderElection.java:133)
	at java.lang.Thread.run(Thread.java:748)
Caused by: org.apache.ratis.thirdparty.io.grpc.StatusRuntimeException: UNAVAILABLE: io exception
	at org.apache.ratis.thirdparty.io.grpc.stub.ClientCalls.toStatusRuntimeException(ClientCalls.java:233)
	at org.apache.ratis.thirdparty.io.grpc.stub.ClientCalls.getUnchecked(ClientCalls.java:214)
	at org.apache.ratis.thirdparty.io.grpc.stub.ClientCalls.blockingUnaryCall(ClientCalls.java:139)
	at org.apache.ratis.proto.grpc.RaftServerProtocolServiceGrpc$RaftServerProtocolServiceBlockingStub.requestVote(RaftServerProtocolServiceGrpc.java:265)
	at org.apache.ratis.grpc.server.GrpcServerProtocolClient.requestVote(GrpcServerProtocolClient.java:99)
	at org.apache.ratis.grpc.server.GrpcService.requestVote(GrpcService.java:204)
	at org.apache.ratis.server.impl.LeaderElection.lambda$submitRequests$1(LeaderElection.java:234)
	at java.util.concurrent.FutureTask.run(FutureTask.java:266)
	at java.util.concurrent.Executors$RunnableAdapter.call(Executors.java:511)
	at java.util.concurrent.FutureTask.run(FutureTask.java:266)
	at java.util.concurrent.ThreadPoolExecutor.runWorker(ThreadPoolExecutor.java:1149)
	at java.util.concurrent.ThreadPoolExecutor$Worker.run(ThreadPoolExecutor.java:624)
	... 1 more
Caused by: org.apache.ratis.thirdparty.io.netty.channel.AbstractChannel$AnnotatedConnectException: Connection refused: /192.168.34.25:43074
	at sun.nio.ch.SocketChannelImpl.checkConnect(Native Method)
	at sun.nio.ch.SocketChannelImpl.finishConnect(SocketChannelImpl.java:717)
	at org.apache.ratis.thirdparty.io.netty.channel.socket.nio.NioSocketChannel.doFinishConnect(NioSocketChannel.java:327)
	at org.apache.ratis.thirdparty.io.netty.channel.nio.AbstractNioChannel$AbstractNioUnsafe.finishConnect(AbstractNioChannel.java:340)
	at org.apache.ratis.thirdparty.io.netty.channel.nio.NioEventLoop.processSelectedKey(NioEventLoop.java:632)
	at org.apache.ratis.thirdparty.io.netty.channel.nio.NioEventLoop.processSelectedKeysOptimized(NioEventLoop.java:579)
	at org.apache.ratis.thirdparty.io.netty.channel.nio.NioEventLoop.processSelectedKeys(NioEventLoop.java:496)
	at org.apache.ratis.thirdparty.io.netty.channel.nio.NioEventLoop.run(NioEventLoop.java:458)
	at org.apache.ratis.thirdparty.io.netty.util.concurrent.SingleThreadEventExecutor$5.run(SingleThreadEventExecutor.java:897)
	at org.apache.ratis.thirdparty.io.netty.util.concurrent.FastThreadLocalRunnable.run(FastThreadLocalRunnable.java:30)
	... 1 more
Caused by: java.net.ConnectException: Connection refused
	... 11 more
2019-10-18 07:24:20,933 [12ad0800-05cb-443c-9fdd-fa1debf04523@group-BCB82A5C07F5-LeaderElection1296] INFO  impl.LeaderElection (LogUtils.java:infoOrTrace(149)) - 12ad0800-05cb-443c-9fdd-fa1debf04523@group-BCB82A5C07F5-LeaderElection1296 got exception when requesting votes: {}
java.util.concurrent.ExecutionException: org.apache.ratis.thirdparty.io.grpc.StatusRuntimeException: UNAVAILABLE: io exception
	at java.util.concurrent.FutureTask.report(FutureTask.java:122)
	at java.util.concurrent.FutureTask.get(FutureTask.java:192)
	at org.apache.ratis.server.impl.LeaderElection.waitForResults(LeaderElection.java:259)
	at org.apache.ratis.server.impl.LeaderElection.askForVotes(LeaderElection.java:197)
	at org.apache.ratis.server.impl.LeaderElection.run(LeaderElection.java:133)
	at java.lang.Thread.run(Thread.java:748)
Caused by: org.apache.ratis.thirdparty.io.grpc.StatusRuntimeException: UNAVAILABLE: io exception
	at org.apache.ratis.thirdparty.io.grpc.stub.ClientCalls.toStatusRuntimeException(ClientCalls.java:233)
	at org.apache.ratis.thirdparty.io.grpc.stub.ClientCalls.getUnchecked(ClientCalls.java:214)
	at org.apache.ratis.thirdparty.io.grpc.stub.ClientCalls.blockingUnaryCall(ClientCalls.java:139)
	at org.apache.ratis.proto.grpc.RaftServerProtocolServiceGrpc$RaftServerProtocolServiceBlockingStub.requestVote(RaftServerProtocolServiceGrpc.java:265)
	at org.apache.ratis.grpc.server.GrpcServerProtocolClient.requestVote(GrpcServerProtocolClient.java:99)
	at org.apache.ratis.grpc.server.GrpcService.requestVote(GrpcService.java:204)
	at org.apache.ratis.server.impl.LeaderElection.lambda$submitRequests$1(LeaderElection.java:234)
	at java.util.concurrent.FutureTask.run(FutureTask.java:266)
	at java.util.concurrent.Executors$RunnableAdapter.call(Executors.java:511)
	at java.util.concurrent.FutureTask.run(FutureTask.java:266)
	at java.util.concurrent.ThreadPoolExecutor.runWorker(ThreadPoolExecutor.java:1149)
	at java.util.concurrent.ThreadPoolExecutor$Worker.run(ThreadPoolExecutor.java:624)
	... 1 more
Caused by: org.apache.ratis.thirdparty.io.netty.channel.AbstractChannel$AnnotatedConnectException: Connection refused: /192.168.34.25:45248
	at sun.nio.ch.SocketChannelImpl.checkConnect(Native Method)
	at sun.nio.ch.SocketChannelImpl.finishConnect(SocketChannelImpl.java:717)
	at org.apache.ratis.thirdparty.io.netty.channel.socket.nio.NioSocketChannel.doFinishConnect(NioSocketChannel.java:327)
	at org.apache.ratis.thirdparty.io.netty.channel.nio.AbstractNioChannel$AbstractNioUnsafe.finishConnect(AbstractNioChannel.java:340)
	at org.apache.ratis.thirdparty.io.netty.channel.nio.NioEventLoop.processSelectedKey(NioEventLoop.java:632)
	at org.apache.ratis.thirdparty.io.netty.channel.nio.NioEventLoop.processSelectedKeysOptimized(NioEventLoop.java:579)
	at org.apache.ratis.thirdparty.io.netty.channel.nio.NioEventLoop.processSelectedKeys(NioEventLoop.java:496)
	at org.apache.ratis.thirdparty.io.netty.channel.nio.NioEventLoop.run(NioEventLoop.java:458)
	at org.apache.ratis.thirdparty.io.netty.util.concurrent.SingleThreadEventExecutor$5.run(SingleThreadEventExecutor.java:897)
	at org.apache.ratis.thirdparty.io.netty.util.concurrent.FastThreadLocalRunnable.run(FastThreadLocalRunnable.java:30)
	... 1 more
Caused by: java.net.ConnectException: Connection refused
	... 11 more
2019-10-18 07:24:20,933 [12ad0800-05cb-443c-9fdd-fa1debf04523@group-BCB82A5C07F5-LeaderElection1296] INFO  impl.LeaderElection (LeaderElection.java:logAndReturn(56)) - 12ad0800-05cb-443c-9fdd-fa1debf04523@group-BCB82A5C07F5-LeaderElection1296: Election REJECTED; received 0 response(s) [] and 2 exception(s); 12ad0800-05cb-443c-9fdd-fa1debf04523@group-BCB82A5C07F5:t243, leader=null, voted=12ad0800-05cb-443c-9fdd-fa1debf04523, raftlog=12ad0800-05cb-443c-9fdd-fa1debf04523@group-BCB82A5C07F5-SegmentedRaftLog:OPENED:c-1,f-1,i0, conf=-1: [12ad0800-05cb-443c-9fdd-fa1debf04523:192.168.34.25:41155, 5170c5f3-8499-4b42-9321-85fc8a351f79:192.168.34.25:43074, 0b10a9fc-47eb-4a2b-b664-8273d9d17379:192.168.34.25:45248], old=null
2019-10-18 07:24:20,933 [12ad0800-05cb-443c-9fdd-fa1debf04523@group-BCB82A5C07F5-LeaderElection1296] INFO  impl.LeaderElection (LogUtils.java:infoOrTrace(149)) -   Exception 0: {}
java.util.concurrent.ExecutionException: org.apache.ratis.thirdparty.io.grpc.StatusRuntimeException: UNAVAILABLE: io exception
	at java.util.concurrent.FutureTask.report(FutureTask.java:122)
	at java.util.concurrent.FutureTask.get(FutureTask.java:192)
	at org.apache.ratis.server.impl.LeaderElection.waitForResults(LeaderElection.java:259)
	at org.apache.ratis.server.impl.LeaderElection.askForVotes(LeaderElection.java:197)
	at org.apache.ratis.server.impl.LeaderElection.run(LeaderElection.java:133)
	at java.lang.Thread.run(Thread.java:748)
Caused by: org.apache.ratis.thirdparty.io.grpc.StatusRuntimeException: UNAVAILABLE: io exception
	at org.apache.ratis.thirdparty.io.grpc.stub.ClientCalls.toStatusRuntimeException(ClientCalls.java:233)
	at org.apache.ratis.thirdparty.io.grpc.stub.ClientCalls.getUnchecked(ClientCalls.java:214)
	at org.apache.ratis.thirdparty.io.grpc.stub.ClientCalls.blockingUnaryCall(ClientCalls.java:139)
	at org.apache.ratis.proto.grpc.RaftServerProtocolServiceGrpc$RaftServerProtocolServiceBlockingStub.requestVote(RaftServerProtocolServiceGrpc.java:265)
	at org.apache.ratis.grpc.server.GrpcServerProtocolClient.requestVote(GrpcServerProtocolClient.java:99)
	at org.apache.ratis.grpc.server.GrpcService.requestVote(GrpcService.java:204)
	at org.apache.ratis.server.impl.LeaderElection.lambda$submitRequests$1(LeaderElection.java:234)
	at java.util.concurrent.FutureTask.run(FutureTask.java:266)
	at java.util.concurrent.Executors$RunnableAdapter.call(Executors.java:511)
	at java.util.concurrent.FutureTask.run(FutureTask.java:266)
	at java.util.concurrent.ThreadPoolExecutor.runWorker(ThreadPoolExecutor.java:1149)
	at java.util.concurrent.ThreadPoolExecutor$Worker.run(ThreadPoolExecutor.java:624)
	... 1 more
Caused by: org.apache.ratis.thirdparty.io.netty.channel.AbstractChannel$AnnotatedConnectException: Connection refused: /192.168.34.25:43074
	at sun.nio.ch.SocketChannelImpl.checkConnect(Native Method)
	at sun.nio.ch.SocketChannelImpl.finishConnect(SocketChannelImpl.java:717)
	at org.apache.ratis.thirdparty.io.netty.channel.socket.nio.NioSocketChannel.doFinishConnect(NioSocketChannel.java:327)
	at org.apache.ratis.thirdparty.io.netty.channel.nio.AbstractNioChannel$AbstractNioUnsafe.finishConnect(AbstractNioChannel.java:340)
	at org.apache.ratis.thirdparty.io.netty.channel.nio.NioEventLoop.processSelectedKey(NioEventLoop.java:632)
	at org.apache.ratis.thirdparty.io.netty.channel.nio.NioEventLoop.processSelectedKeysOptimized(NioEventLoop.java:579)
	at org.apache.ratis.thirdparty.io.netty.channel.nio.NioEventLoop.processSelectedKeys(NioEventLoop.java:496)
	at org.apache.ratis.thirdparty.io.netty.channel.nio.NioEventLoop.run(NioEventLoop.java:458)
	at org.apache.ratis.thirdparty.io.netty.util.concurrent.SingleThreadEventExecutor$5.run(SingleThreadEventExecutor.java:897)
	at org.apache.ratis.thirdparty.io.netty.util.concurrent.FastThreadLocalRunnable.run(FastThreadLocalRunnable.java:30)
	... 1 more
Caused by: java.net.ConnectException: Connection refused
	... 11 more
2019-10-18 07:24:21,164 [12ad0800-05cb-443c-9fdd-fa1debf04523@group-BCB82A5C07F5-LeaderElection1296] INFO  impl.LeaderElection (LogUtils.java:infoOrTrace(149)) -   Exception 1: {}
java.util.concurrent.ExecutionException: org.apache.ratis.thirdparty.io.grpc.StatusRuntimeException: UNAVAILABLE: io exception
	at java.util.concurrent.FutureTask.report(FutureTask.java:122)
	at java.util.concurrent.FutureTask.get(FutureTask.java:192)
	at org.apache.ratis.server.impl.LeaderElection.waitForResults(LeaderElection.java:259)
	at org.apache.ratis.server.impl.LeaderElection.askForVotes(LeaderElection.java:197)
	at org.apache.ratis.server.impl.LeaderElection.run(LeaderElection.java:133)
	at java.lang.Thread.run(Thread.java:748)
Caused by: org.apache.ratis.thirdparty.io.grpc.StatusRuntimeException: UNAVAILABLE: io exception
	at org.apache.ratis.thirdparty.io.grpc.stub.ClientCalls.toStatusRuntimeException(ClientCalls.java:233)
	at org.apache.ratis.thirdparty.io.grpc.stub.ClientCalls.getUnchecked(ClientCalls.java:214)
	at org.apache.ratis.thirdparty.io.grpc.stub.ClientCalls.blockingUnaryCall(ClientCalls.java:139)
	at org.apache.ratis.proto.grpc.RaftServerProtocolServiceGrpc$RaftServerProtocolServiceBlockingStub.requestVote(RaftServerProtocolServiceGrpc.java:265)
	at org.apache.ratis.grpc.server.GrpcServerProtocolClient.requestVote(GrpcServerProtocolClient.java:99)
	at org.apache.ratis.grpc.server.GrpcService.requestVote(GrpcService.java:204)
	at org.apache.ratis.server.impl.LeaderElection.lambda$submitRequests$1(LeaderElection.java:234)
	at java.util.concurrent.FutureTask.run(FutureTask.java:266)
	at java.util.concurrent.Executors$RunnableAdapter.call(Executors.java:511)
	at java.util.concurrent.FutureTask.run(FutureTask.java:266)
	at java.util.concurrent.ThreadPoolExecutor.runWorker(ThreadPoolExecutor.java:1149)
	at java.util.concurrent.ThreadPoolExecutor$Worker.run(ThreadPoolExecutor.java:624)
	... 1 more
Caused by: org.apache.ratis.thirdparty.io.netty.channel.AbstractChannel$AnnotatedConnectException: Connection refused: /192.168.34.25:45248
	at sun.nio.ch.SocketChannelImpl.checkConnect(Native Method)
	at sun.nio.ch.SocketChannelImpl.finishConnect(SocketChannelImpl.java:717)
	at org.apache.ratis.thirdparty.io.netty.channel.socket.nio.NioSocketChannel.doFinishConnect(NioSocketChannel.java:327)
	at org.apache.ratis.thirdparty.io.netty.channel.nio.AbstractNioChannel$AbstractNioUnsafe.finishConnect(AbstractNioChannel.java:340)
	at org.apache.ratis.thirdparty.io.netty.channel.nio.NioEventLoop.processSelectedKey(NioEventLoop.java:632)
	at org.apache.ratis.thirdparty.io.netty.channel.nio.NioEventLoop.processSelectedKeysOptimized(NioEventLoop.java:579)
	at org.apache.ratis.thirdparty.io.netty.channel.nio.NioEventLoop.processSelectedKeys(NioEventLoop.java:496)
	at org.apache.ratis.thirdparty.io.netty.channel.nio.NioEventLoop.run(NioEventLoop.java:458)
	at org.apache.ratis.thirdparty.io.netty.util.concurrent.SingleThreadEventExecutor$5.run(SingleThreadEventExecutor.java:897)
	at org.apache.ratis.thirdparty.io.netty.util.concurrent.FastThreadLocalRunnable.run(FastThreadLocalRunnable.java:30)
	... 1 more
Caused by: java.net.ConnectException: Connection refused
	... 11 more
2019-10-18 07:24:21,172 [12ad0800-05cb-443c-9fdd-fa1debf04523@group-BCB82A5C07F5-LeaderElection1296] INFO  impl.RaftServerImpl (RaftServerImpl.java:setRole(184)) - 12ad0800-05cb-443c-9fdd-fa1debf04523@group-BCB82A5C07F5: changes role from CANDIDATE to FOLLOWER at term 243 for DISCOVERED_A_NEW_TERM
2019-10-18 07:24:21,172 [12ad0800-05cb-443c-9fdd-fa1debf04523@group-BCB82A5C07F5-LeaderElection1296] INFO  impl.RoleInfo (RoleInfo.java:shutdownLeaderElection(134)) - 12ad0800-05cb-443c-9fdd-fa1debf04523: shutdown LeaderElection
2019-10-18 07:24:21,172 [12ad0800-05cb-443c-9fdd-fa1debf04523@group-BCB82A5C07F5-LeaderElection1296] INFO  impl.RoleInfo (RoleInfo.java:updateAndGet(143)) - 12ad0800-05cb-443c-9fdd-fa1debf04523: start FollowerState
2019-10-18 07:24:21,205 [Thread-11082] INFO  impl.FollowerState (FollowerState.java:run(108)) - 12ad0800-05cb-443c-9fdd-fa1debf04523@group-BCB82A5C07F5-FollowerState: change to CANDIDATE, lastRpcTime:33ms, electionTimeout:19ms
2019-10-18 07:24:21,206 [Thread-11082] INFO  impl.RoleInfo (RoleInfo.java:shutdownFollowerState(121)) - 12ad0800-05cb-443c-9fdd-fa1debf04523: shutdown FollowerState
2019-10-18 07:24:21,210 [Thread-11082] INFO  impl.RaftServerImpl (RaftServerImpl.java:setRole(184)) - 12ad0800-05cb-443c-9fdd-fa1debf04523@group-BCB82A5C07F5: changes role from  FOLLOWER to CANDIDATE at term 243 for changeToCandidate
2019-10-18 07:24:21,221 [Thread-11082] INFO  impl.RoleInfo (RoleInfo.java:updateAndGet(143)) - 12ad0800-05cb-443c-9fdd-fa1debf04523: start LeaderElection
2019-10-18 07:24:21,264 [java.util.concurrent.ThreadPoolExecutor$Worker@1ddf09da[State = -1, empty queue]] WARN  server.GrpcLogAppender (GrpcLogAppender.java:timeoutAppendRequest(209)) - 030c2313-1c2c-4b42-81fb-cb58ee93f992@group-E193FE271C99->9712a796-5281-4f3e-ac85-61dedd90db73-GrpcLogAppender: appendEntries Timeout, request=030c2313-1c2c-4b42-81fb-cb58ee93f992->9712a796-5281-4f3e-ac85-61dedd90db73#69-t1, previous=(t:1, i:10), leaderCommit=10, initializing? false, entries: <empty>
2019-10-18 07:24:21,270 [12ad0800-05cb-443c-9fdd-fa1debf04523@group-BCB82A5C07F5-LeaderElection1297] INFO  impl.LeaderElection (LeaderElection.java:askForVotes(178)) - 12ad0800-05cb-443c-9fdd-fa1debf04523@group-BCB82A5C07F5-LeaderElection1297: begin an election at term 244 for -1: [12ad0800-05cb-443c-9fdd-fa1debf04523:192.168.34.25:41155, 5170c5f3-8499-4b42-9321-85fc8a351f79:192.168.34.25:43074, 0b10a9fc-47eb-4a2b-b664-8273d9d17379:192.168.34.25:45248], old=null
2019-10-18 07:24:21,271 [12ad0800-05cb-443c-9fdd-fa1debf04523@group-BCB82A5C07F5-LeaderElection1297] INFO  impl.LeaderElection (LogUtils.java:infoOrTrace(149)) - 12ad0800-05cb-443c-9fdd-fa1debf04523@group-BCB82A5C07F5-LeaderElection1297 got exception when requesting votes: {}
java.util.concurrent.ExecutionException: org.apache.ratis.thirdparty.io.grpc.StatusRuntimeException: UNAVAILABLE: io exception
	at java.util.concurrent.FutureTask.report(FutureTask.java:122)
	at java.util.concurrent.FutureTask.get(FutureTask.java:192)
	at org.apache.ratis.server.impl.LeaderElection.waitForResults(LeaderElection.java:259)
	at org.apache.ratis.server.impl.LeaderElection.askForVotes(LeaderElection.java:197)
	at org.apache.ratis.server.impl.LeaderElection.run(LeaderElection.java:133)
	at java.lang.Thread.run(Thread.java:748)
Caused by: org.apache.ratis.thirdparty.io.grpc.StatusRuntimeException: UNAVAILABLE: io exception
	at org.apache.ratis.thirdparty.io.grpc.stub.ClientCalls.toStatusRuntimeException(ClientCalls.java:233)
	at org.apache.ratis.thirdparty.io.grpc.stub.ClientCalls.getUnchecked(ClientCalls.java:214)
	at org.apache.ratis.thirdparty.io.grpc.stub.ClientCalls.blockingUnaryCall(ClientCalls.java:139)
	at org.apache.ratis.proto.grpc.RaftServerProtocolServiceGrpc$RaftServerProtocolServiceBlockingStub.requestVote(RaftServerProtocolServiceGrpc.java:265)
	at org.apache.ratis.grpc.server.GrpcServerProtocolClient.requestVote(GrpcServerProtocolClient.java:99)
	at org.apache.ratis.grpc.server.GrpcService.requestVote(GrpcService.java:204)
	at org.apache.ratis.server.impl.LeaderElection.lambda$submitRequests$1(LeaderElection.java:234)
	at java.util.concurrent.FutureTask.run(FutureTask.java:266)
	at java.util.concurrent.Executors$RunnableAdapter.call(Executors.java:511)
	at java.util.concurrent.FutureTask.run(FutureTask.java:266)
	at java.util.concurrent.ThreadPoolExecutor.runWorker(ThreadPoolExecutor.java:1149)
	at java.util.concurrent.ThreadPoolExecutor$Worker.run(ThreadPoolExecutor.java:624)
	... 1 more
Caused by: org.apache.ratis.thirdparty.io.netty.channel.AbstractChannel$AnnotatedConnectException: Connection refused: /192.168.34.25:43074
	at sun.nio.ch.SocketChannelImpl.checkConnect(Native Method)
	at sun.nio.ch.SocketChannelImpl.finishConnect(SocketChannelImpl.java:717)
	at org.apache.ratis.thirdparty.io.netty.channel.socket.nio.NioSocketChannel.doFinishConnect(NioSocketChannel.java:327)
	at org.apache.ratis.thirdparty.io.netty.channel.nio.AbstractNioChannel$AbstractNioUnsafe.finishConnect(AbstractNioChannel.java:340)
	at org.apache.ratis.thirdparty.io.netty.channel.nio.NioEventLoop.processSelectedKey(NioEventLoop.java:632)
	at org.apache.ratis.thirdparty.io.netty.channel.nio.NioEventLoop.processSelectedKeysOptimized(NioEventLoop.java:579)
	at org.apache.ratis.thirdparty.io.netty.channel.nio.NioEventLoop.processSelectedKeys(NioEventLoop.java:496)
	at org.apache.ratis.thirdparty.io.netty.channel.nio.NioEventLoop.run(NioEventLoop.java:458)
	at org.apache.ratis.thirdparty.io.netty.util.concurrent.SingleThreadEventExecutor$5.run(SingleThreadEventExecutor.java:897)
	at org.apache.ratis.thirdparty.io.netty.util.concurrent.FastThreadLocalRunnable.run(FastThreadLocalRunnable.java:30)
	... 1 more
Caused by: java.net.ConnectException: Connection refused
	... 11 more
2019-10-18 07:24:21,271 [12ad0800-05cb-443c-9fdd-fa1debf04523@group-BCB82A5C07F5-LeaderElection1297] INFO  impl.LeaderElection (LogUtils.java:infoOrTrace(149)) - 12ad0800-05cb-443c-9fdd-fa1debf04523@group-BCB82A5C07F5-LeaderElection1297 got exception when requesting votes: {}
java.util.concurrent.ExecutionException: org.apache.ratis.thirdparty.io.grpc.StatusRuntimeException: UNAVAILABLE: io exception
	at java.util.concurrent.FutureTask.report(FutureTask.java:122)
	at java.util.concurrent.FutureTask.get(FutureTask.java:192)
	at org.apache.ratis.server.impl.LeaderElection.waitForResults(LeaderElection.java:259)
	at org.apache.ratis.server.impl.LeaderElection.askForVotes(LeaderElection.java:197)
	at org.apache.ratis.server.impl.LeaderElection.run(LeaderElection.java:133)
	at java.lang.Thread.run(Thread.java:748)
Caused by: org.apache.ratis.thirdparty.io.grpc.StatusRuntimeException: UNAVAILABLE: io exception
	at org.apache.ratis.thirdparty.io.grpc.stub.ClientCalls.toStatusRuntimeException(ClientCalls.java:233)
	at org.apache.ratis.thirdparty.io.grpc.stub.ClientCalls.getUnchecked(ClientCalls.java:214)
	at org.apache.ratis.thirdparty.io.grpc.stub.ClientCalls.blockingUnaryCall(ClientCalls.java:139)
	at org.apache.ratis.proto.grpc.RaftServerProtocolServiceGrpc$RaftServerProtocolServiceBlockingStub.requestVote(RaftServerProtocolServiceGrpc.java:265)
	at org.apache.ratis.grpc.server.GrpcServerProtocolClient.requestVote(GrpcServerProtocolClient.java:99)
	at org.apache.ratis.grpc.server.GrpcService.requestVote(GrpcService.java:204)
	at org.apache.ratis.server.impl.LeaderElection.lambda$submitRequests$1(LeaderElection.java:234)
	at java.util.concurrent.FutureTask.run(FutureTask.java:266)
	at java.util.concurrent.Executors$RunnableAdapter.call(Executors.java:511)
	at java.util.concurrent.FutureTask.run(FutureTask.java:266)
	at java.util.concurrent.ThreadPoolExecutor.runWorker(ThreadPoolExecutor.java:1149)
	at java.util.concurrent.ThreadPoolExecutor$Worker.run(ThreadPoolExecutor.java:624)
	... 1 more
Caused by: org.apache.ratis.thirdparty.io.netty.channel.AbstractChannel$AnnotatedConnectException: Connection refused: /192.168.34.25:45248
	at sun.nio.ch.SocketChannelImpl.checkConnect(Native Method)
	at sun.nio.ch.SocketChannelImpl.finishConnect(SocketChannelImpl.java:717)
	at org.apache.ratis.thirdparty.io.netty.channel.socket.nio.NioSocketChannel.doFinishConnect(NioSocketChannel.java:327)
	at org.apache.ratis.thirdparty.io.netty.channel.nio.AbstractNioChannel$AbstractNioUnsafe.finishConnect(AbstractNioChannel.java:340)
	at org.apache.ratis.thirdparty.io.netty.channel.nio.NioEventLoop.processSelectedKey(NioEventLoop.java:632)
	at org.apache.ratis.thirdparty.io.netty.channel.nio.NioEventLoop.processSelectedKeysOptimized(NioEventLoop.java:579)
	at org.apache.ratis.thirdparty.io.netty.channel.nio.NioEventLoop.processSelectedKeys(NioEventLoop.java:496)
	at org.apache.ratis.thirdparty.io.netty.channel.nio.NioEventLoop.run(NioEventLoop.java:458)
	at org.apache.ratis.thirdparty.io.netty.util.concurrent.SingleThreadEventExecutor$5.run(SingleThreadEventExecutor.java:897)
	at org.apache.ratis.thirdparty.io.netty.util.concurrent.FastThreadLocalRunnable.run(FastThreadLocalRunnable.java:30)
	... 1 more
Caused by: java.net.ConnectException: Connection refused
	... 11 more
2019-10-18 07:24:21,271 [12ad0800-05cb-443c-9fdd-fa1debf04523@group-BCB82A5C07F5-LeaderElection1297] INFO  impl.LeaderElection (LeaderElection.java:logAndReturn(56)) - 12ad0800-05cb-443c-9fdd-fa1debf04523@group-BCB82A5C07F5-LeaderElection1297: Election REJECTED; received 0 response(s) [] and 2 exception(s); 12ad0800-05cb-443c-9fdd-fa1debf04523@group-BCB82A5C07F5:t244, leader=null, voted=12ad0800-05cb-443c-9fdd-fa1debf04523, raftlog=12ad0800-05cb-443c-9fdd-fa1debf04523@group-BCB82A5C07F5-SegmentedRaftLog:OPENED:c-1,f-1,i0, conf=-1: [12ad0800-05cb-443c-9fdd-fa1debf04523:192.168.34.25:41155, 5170c5f3-8499-4b42-9321-85fc8a351f79:192.168.34.25:43074, 0b10a9fc-47eb-4a2b-b664-8273d9d17379:192.168.34.25:45248], old=null
2019-10-18 07:24:21,272 [12ad0800-05cb-443c-9fdd-fa1debf04523@group-BCB82A5C07F5-LeaderElection1297] INFO  impl.LeaderElection (LogUtils.java:infoOrTrace(149)) -   Exception 0: {}
java.util.concurrent.ExecutionException: org.apache.ratis.thirdparty.io.grpc.StatusRuntimeException: UNAVAILABLE: io exception
	at java.util.concurrent.FutureTask.report(FutureTask.java:122)
	at java.util.concurrent.FutureTask.get(FutureTask.java:192)
	at org.apache.ratis.server.impl.LeaderElection.waitForResults(LeaderElection.java:259)
	at org.apache.ratis.server.impl.LeaderElection.askForVotes(LeaderElection.java:197)
	at org.apache.ratis.server.impl.LeaderElection.run(LeaderElection.java:133)
	at java.lang.Thread.run(Thread.java:748)
Caused by: org.apache.ratis.thirdparty.io.grpc.StatusRuntimeException: UNAVAILABLE: io exception
	at org.apache.ratis.thirdparty.io.grpc.stub.ClientCalls.toStatusRuntimeException(ClientCalls.java:233)
	at org.apache.ratis.thirdparty.io.grpc.stub.ClientCalls.getUnchecked(ClientCalls.java:214)
	at org.apache.ratis.thirdparty.io.grpc.stub.ClientCalls.blockingUnaryCall(ClientCalls.java:139)
	at org.apache.ratis.proto.grpc.RaftServerProtocolServiceGrpc$RaftServerProtocolServiceBlockingStub.requestVote(RaftServerProtocolServiceGrpc.java:265)
	at org.apache.ratis.grpc.server.GrpcServerProtocolClient.requestVote(GrpcServerProtocolClient.java:99)
	at org.apache.ratis.grpc.server.GrpcService.requestVote(GrpcService.java:204)
	at org.apache.ratis.server.impl.LeaderElection.lambda$submitRequests$1(LeaderElection.java:234)
	at java.util.concurrent.FutureTask.run(FutureTask.java:266)
	at java.util.concurrent.Executors$RunnableAdapter.call(Executors.java:511)
	at java.util.concurrent.FutureTask.run(FutureTask.java:266)
	at java.util.concurrent.ThreadPoolExecutor.runWorker(ThreadPoolExecutor.java:1149)
	at java.util.concurrent.ThreadPoolExecutor$Worker.run(ThreadPoolExecutor.java:624)
	... 1 more
Caused by: org.apache.ratis.thirdparty.io.netty.channel.AbstractChannel$AnnotatedConnectException: Connection refused: /192.168.34.25:43074
	at sun.nio.ch.SocketChannelImpl.checkConnect(Native Method)
	at sun.nio.ch.SocketChannelImpl.finishConnect(SocketChannelImpl.java:717)
	at org.apache.ratis.thirdparty.io.netty.channel.socket.nio.NioSocketChannel.doFinishConnect(NioSocketChannel.java:327)
	at org.apache.ratis.thirdparty.io.netty.channel.nio.AbstractNioChannel$AbstractNioUnsafe.finishConnect(AbstractNioChannel.java:340)
	at org.apache.ratis.thirdparty.io.netty.channel.nio.NioEventLoop.processSelectedKey(NioEventLoop.java:632)
	at org.apache.ratis.thirdparty.io.netty.channel.nio.NioEventLoop.processSelectedKeysOptimized(NioEventLoop.java:579)
	at org.apache.ratis.thirdparty.io.netty.channel.nio.NioEventLoop.processSelectedKeys(NioEventLoop.java:496)
	at org.apache.ratis.thirdparty.io.netty.channel.nio.NioEventLoop.run(NioEventLoop.java:458)
	at org.apache.ratis.thirdparty.io.netty.util.concurrent.SingleThreadEventExecutor$5.run(SingleThreadEventExecutor.java:897)
	at org.apache.ratis.thirdparty.io.netty.util.concurrent.FastThreadLocalRunnable.run(FastThreadLocalRunnable.java:30)
	... 1 more
Caused by: java.net.ConnectException: Connection refused
	... 11 more
2019-10-18 07:24:21,272 [12ad0800-05cb-443c-9fdd-fa1debf04523@group-BCB82A5C07F5-LeaderElection1297] INFO  impl.LeaderElection (LogUtils.java:infoOrTrace(149)) -   Exception 1: {}
java.util.concurrent.ExecutionException: org.apache.ratis.thirdparty.io.grpc.StatusRuntimeException: UNAVAILABLE: io exception
	at java.util.concurrent.FutureTask.report(FutureTask.java:122)
	at java.util.concurrent.FutureTask.get(FutureTask.java:192)
	at org.apache.ratis.server.impl.LeaderElection.waitForResults(LeaderElection.java:259)
	at org.apache.ratis.server.impl.LeaderElection.askForVotes(LeaderElection.java:197)
	at org.apache.ratis.server.impl.LeaderElection.run(LeaderElection.java:133)
	at java.lang.Thread.run(Thread.java:748)
Caused by: org.apache.ratis.thirdparty.io.grpc.StatusRuntimeException: UNAVAILABLE: io exception
	at org.apache.ratis.thirdparty.io.grpc.stub.ClientCalls.toStatusRuntimeException(ClientCalls.java:233)
	at org.apache.ratis.thirdparty.io.grpc.stub.ClientCalls.getUnchecked(ClientCalls.java:214)
	at org.apache.ratis.thirdparty.io.grpc.stub.ClientCalls.blockingUnaryCall(ClientCalls.java:139)
	at org.apache.ratis.proto.grpc.RaftServerProtocolServiceGrpc$RaftServerProtocolServiceBlockingStub.requestVote(RaftServerProtocolServiceGrpc.java:265)
	at org.apache.ratis.grpc.server.GrpcServerProtocolClient.requestVote(GrpcServerProtocolClient.java:99)
	at org.apache.ratis.grpc.server.GrpcService.requestVote(GrpcService.java:204)
	at org.apache.ratis.server.impl.LeaderElection.lambda$submitRequests$1(LeaderElection.java:234)
	at java.util.concurrent.FutureTask.run(FutureTask.java:266)
	at java.util.concurrent.Executors$RunnableAdapter.call(Executors.java:511)
	at java.util.concurrent.FutureTask.run(FutureTask.java:266)
	at java.util.concurrent.ThreadPoolExecutor.runWorker(ThreadPoolExecutor.java:1149)
	at java.util.concurrent.ThreadPoolExecutor$Worker.run(ThreadPoolExecutor.java:624)
	... 1 more
Caused by: org.apache.ratis.thirdparty.io.netty.channel.AbstractChannel$AnnotatedConnectException: Connection refused: /192.168.34.25:45248
	at sun.nio.ch.SocketChannelImpl.checkConnect(Native Method)
	at sun.nio.ch.SocketChannelImpl.finishConnect(SocketChannelImpl.java:717)
	at org.apache.ratis.thirdparty.io.netty.channel.socket.nio.NioSocketChannel.doFinishConnect(NioSocketChannel.java:327)
	at org.apache.ratis.thirdparty.io.netty.channel.nio.AbstractNioChannel$AbstractNioUnsafe.finishConnect(AbstractNioChannel.java:340)
	at org.apache.ratis.thirdparty.io.netty.channel.nio.NioEventLoop.processSelectedKey(NioEventLoop.java:632)
	at org.apache.ratis.thirdparty.io.netty.channel.nio.NioEventLoop.processSelectedKeysOptimized(NioEventLoop.java:579)
	at org.apache.ratis.thirdparty.io.netty.channel.nio.NioEventLoop.processSelectedKeys(NioEventLoop.java:496)
	at org.apache.ratis.thirdparty.io.netty.channel.nio.NioEventLoop.run(NioEventLoop.java:458)
	at org.apache.ratis.thirdparty.io.netty.util.concurrent.SingleThreadEventExecutor$5.run(SingleThreadEventExecutor.java:897)
	at org.apache.ratis.thirdparty.io.netty.util.concurrent.FastThreadLocalRunnable.run(FastThreadLocalRunnable.java:30)
	... 1 more
Caused by: java.net.ConnectException: Connection refused
	... 11 more
2019-10-18 07:24:21,272 [12ad0800-05cb-443c-9fdd-fa1debf04523@group-BCB82A5C07F5-LeaderElection1297] INFO  impl.RaftServerImpl (RaftServerImpl.java:setRole(184)) - 12ad0800-05cb-443c-9fdd-fa1debf04523@group-BCB82A5C07F5: changes role from CANDIDATE to FOLLOWER at term 244 for DISCOVERED_A_NEW_TERM
2019-10-18 07:24:21,272 [12ad0800-05cb-443c-9fdd-fa1debf04523@group-BCB82A5C07F5-LeaderElection1297] INFO  impl.RoleInfo (RoleInfo.java:shutdownLeaderElection(134)) - 12ad0800-05cb-443c-9fdd-fa1debf04523: shutdown LeaderElection
2019-10-18 07:24:21,272 [12ad0800-05cb-443c-9fdd-fa1debf04523@group-BCB82A5C07F5-LeaderElection1297] INFO  impl.RoleInfo (RoleInfo.java:updateAndGet(143)) - 12ad0800-05cb-443c-9fdd-fa1debf04523: start FollowerState
2019-10-18 07:24:21,443 [Thread-11058] INFO  impl.FollowerState (FollowerState.java:run(108)) - 67270882-100a-4e75-928d-618d17e069c8@group-0C9C3B2D0CC1-FollowerState: change to CANDIDATE, lastRpcTime:1174ms, electionTimeout:1174ms
2019-10-18 07:24:21,443 [Thread-11058] INFO  impl.RoleInfo (RoleInfo.java:shutdownFollowerState(121)) - 67270882-100a-4e75-928d-618d17e069c8: shutdown FollowerState
2019-10-18 07:24:21,443 [Thread-11058] INFO  impl.RaftServerImpl (RaftServerImpl.java:setRole(184)) - 67270882-100a-4e75-928d-618d17e069c8@group-0C9C3B2D0CC1: changes role from  FOLLOWER to CANDIDATE at term 155 for changeToCandidate
2019-10-18 07:24:21,443 [Thread-11058] INFO  impl.RoleInfo (RoleInfo.java:updateAndGet(143)) - 67270882-100a-4e75-928d-618d17e069c8: start LeaderElection
2019-10-18 07:24:21,444 [Thread-11086] INFO  impl.FollowerState (FollowerState.java:run(108)) - 12ad0800-05cb-443c-9fdd-fa1debf04523@group-BCB82A5C07F5-FollowerState: change to CANDIDATE, lastRpcTime:172ms, electionTimeout:172ms
2019-10-18 07:24:21,444 [Thread-11086] INFO  impl.RoleInfo (RoleInfo.java:shutdownFollowerState(121)) - 12ad0800-05cb-443c-9fdd-fa1debf04523: shutdown FollowerState
2019-10-18 07:24:21,445 [Thread-11086] INFO  impl.RaftServerImpl (RaftServerImpl.java:setRole(184)) - 12ad0800-05cb-443c-9fdd-fa1debf04523@group-BCB82A5C07F5: changes role from  FOLLOWER to CANDIDATE at term 244 for changeToCandidate
2019-10-18 07:24:21,445 [Thread-11086] INFO  impl.RoleInfo (RoleInfo.java:updateAndGet(143)) - 12ad0800-05cb-443c-9fdd-fa1debf04523: start LeaderElection
2019-10-18 07:24:21,471 [67270882-100a-4e75-928d-618d17e069c8@group-0C9C3B2D0CC1-LeaderElection1298] INFO  impl.LeaderElection (LeaderElection.java:askForVotes(178)) - 67270882-100a-4e75-928d-618d17e069c8@group-0C9C3B2D0CC1-LeaderElection1298: begin an election at term 156 for 1: [6633f50a-7046-4b08-9937-8e25f1b14b15:192.168.34.25:39338, 67270882-100a-4e75-928d-618d17e069c8:192.168.34.25:36648, 4dea926d-4bc6-487a-9b9b-9fd457d0fae4:192.168.34.25:41624], old=null
2019-10-18 07:24:21,471 [12ad0800-05cb-443c-9fdd-fa1debf04523@group-BCB82A5C07F5-LeaderElection1299] INFO  impl.LeaderElection (LeaderElection.java:askForVotes(178)) - 12ad0800-05cb-443c-9fdd-fa1debf04523@group-BCB82A5C07F5-LeaderElection1299: begin an election at term 245 for -1: [12ad0800-05cb-443c-9fdd-fa1debf04523:192.168.34.25:41155, 5170c5f3-8499-4b42-9321-85fc8a351f79:192.168.34.25:43074, 0b10a9fc-47eb-4a2b-b664-8273d9d17379:192.168.34.25:45248], old=null
2019-10-18 07:24:21,472 [67270882-100a-4e75-928d-618d17e069c8@group-0C9C3B2D0CC1-LeaderElection1298] INFO  impl.LeaderElection (LogUtils.java:infoOrTrace(149)) - 67270882-100a-4e75-928d-618d17e069c8@group-0C9C3B2D0CC1-LeaderElection1298 got exception when requesting votes: {}
java.util.concurrent.ExecutionException: org.apache.ratis.thirdparty.io.grpc.StatusRuntimeException: UNAVAILABLE: io exception
	at java.util.concurrent.FutureTask.report(FutureTask.java:122)
	at java.util.concurrent.FutureTask.get(FutureTask.java:192)
	at org.apache.ratis.server.impl.LeaderElection.waitForResults(LeaderElection.java:259)
	at org.apache.ratis.server.impl.LeaderElection.askForVotes(LeaderElection.java:197)
	at org.apache.ratis.server.impl.LeaderElection.run(LeaderElection.java:133)
	at java.lang.Thread.run(Thread.java:748)
Caused by: org.apache.ratis.thirdparty.io.grpc.StatusRuntimeException: UNAVAILABLE: io exception
	at org.apache.ratis.thirdparty.io.grpc.stub.ClientCalls.toStatusRuntimeException(ClientCalls.java:233)
	at org.apache.ratis.thirdparty.io.grpc.stub.ClientCalls.getUnchecked(ClientCalls.java:214)
	at org.apache.ratis.thirdparty.io.grpc.stub.ClientCalls.blockingUnaryCall(ClientCalls.java:139)
	at org.apache.ratis.proto.grpc.RaftServerProtocolServiceGrpc$RaftServerProtocolServiceBlockingStub.requestVote(RaftServerProtocolServiceGrpc.java:265)
	at org.apache.ratis.grpc.server.GrpcServerProtocolClient.requestVote(GrpcServerProtocolClient.java:99)
	at org.apache.ratis.grpc.server.GrpcService.requestVote(GrpcService.java:204)
	at org.apache.ratis.server.impl.LeaderElection.lambda$submitRequests$1(LeaderElection.java:234)
	at java.util.concurrent.FutureTask.run(FutureTask.java:266)
	at java.util.concurrent.Executors$RunnableAdapter.call(Executors.java:511)
	at java.util.concurrent.FutureTask.run(FutureTask.java:266)
	at java.util.concurrent.ThreadPoolExecutor.runWorker(ThreadPoolExecutor.java:1149)
	at java.util.concurrent.ThreadPoolExecutor$Worker.run(ThreadPoolExecutor.java:624)
	... 1 more
Caused by: org.apache.ratis.thirdparty.io.netty.channel.AbstractChannel$AnnotatedConnectException: Connection refused: /192.168.34.25:39338
	at sun.nio.ch.SocketChannelImpl.checkConnect(Native Method)
	at sun.nio.ch.SocketChannelImpl.finishConnect(SocketChannelImpl.java:717)
	at org.apache.ratis.thirdparty.io.netty.channel.socket.nio.NioSocketChannel.doFinishConnect(NioSocketChannel.java:327)
	at org.apache.ratis.thirdparty.io.netty.channel.nio.AbstractNioChannel$AbstractNioUnsafe.finishConnect(AbstractNioChannel.java:340)
	at org.apache.ratis.thirdparty.io.netty.channel.nio.NioEventLoop.processSelectedKey(NioEventLoop.java:632)
	at org.apache.ratis.thirdparty.io.netty.channel.nio.NioEventLoop.processSelectedKeysOptimized(NioEventLoop.java:579)
	at org.apache.ratis.thirdparty.io.netty.channel.nio.NioEventLoop.processSelectedKeys(NioEventLoop.java:496)
	at org.apache.ratis.thirdparty.io.netty.channel.nio.NioEventLoop.run(NioEventLoop.java:458)
	at org.apache.ratis.thirdparty.io.netty.util.concurrent.SingleThreadEventExecutor$5.run(SingleThreadEventExecutor.java:897)
	at org.apache.ratis.thirdparty.io.netty.util.concurrent.FastThreadLocalRunnable.run(FastThreadLocalRunnable.java:30)
	... 1 more
Caused by: java.net.ConnectException: Connection refused
	... 11 more
2019-10-18 07:24:21,472 [12ad0800-05cb-443c-9fdd-fa1debf04523@group-BCB82A5C07F5-LeaderElection1299] INFO  impl.LeaderElection (LogUtils.java:infoOrTrace(149)) - 12ad0800-05cb-443c-9fdd-fa1debf04523@group-BCB82A5C07F5-LeaderElection1299 got exception when requesting votes: {}
java.util.concurrent.ExecutionException: org.apache.ratis.thirdparty.io.grpc.StatusRuntimeException: UNAVAILABLE: io exception
	at java.util.concurrent.FutureTask.report(FutureTask.java:122)
	at java.util.concurrent.FutureTask.get(FutureTask.java:192)
	at org.apache.ratis.server.impl.LeaderElection.waitForResults(LeaderElection.java:259)
	at org.apache.ratis.server.impl.LeaderElection.askForVotes(LeaderElection.java:197)
	at org.apache.ratis.server.impl.LeaderElection.run(LeaderElection.java:133)
	at java.lang.Thread.run(Thread.java:748)
Caused by: org.apache.ratis.thirdparty.io.grpc.StatusRuntimeException: UNAVAILABLE: io exception
	at org.apache.ratis.thirdparty.io.grpc.stub.ClientCalls.toStatusRuntimeException(ClientCalls.java:233)
	at org.apache.ratis.thirdparty.io.grpc.stub.ClientCalls.getUnchecked(ClientCalls.java:214)
	at org.apache.ratis.thirdparty.io.grpc.stub.ClientCalls.blockingUnaryCall(ClientCalls.java:139)
	at org.apache.ratis.proto.grpc.RaftServerProtocolServiceGrpc$RaftServerProtocolServiceBlockingStub.requestVote(RaftServerProtocolServiceGrpc.java:265)
	at org.apache.ratis.grpc.server.GrpcServerProtocolClient.requestVote(GrpcServerProtocolClient.java:99)
	at org.apache.ratis.grpc.server.GrpcService.requestVote(GrpcService.java:204)
	at org.apache.ratis.server.impl.LeaderElection.lambda$submitRequests$1(LeaderElection.java:234)
	at java.util.concurrent.FutureTask.run(FutureTask.java:266)
	at java.util.concurrent.Executors$RunnableAdapter.call(Executors.java:511)
	at java.util.concurrent.FutureTask.run(FutureTask.java:266)
	at java.util.concurrent.ThreadPoolExecutor.runWorker(ThreadPoolExecutor.java:1149)
	at java.util.concurrent.ThreadPoolExecutor$Worker.run(ThreadPoolExecutor.java:624)
	... 1 more
Caused by: org.apache.ratis.thirdparty.io.netty.channel.AbstractChannel$AnnotatedConnectException: Connection refused: /192.168.34.25:43074
	at sun.nio.ch.SocketChannelImpl.checkConnect(Native Method)
	at sun.nio.ch.SocketChannelImpl.finishConnect(SocketChannelImpl.java:717)
	at org.apache.ratis.thirdparty.io.netty.channel.socket.nio.NioSocketChannel.doFinishConnect(NioSocketChannel.java:327)
	at org.apache.ratis.thirdparty.io.netty.channel.nio.AbstractNioChannel$AbstractNioUnsafe.finishConnect(AbstractNioChannel.java:340)
	at org.apache.ratis.thirdparty.io.netty.channel.nio.NioEventLoop.processSelectedKey(NioEventLoop.java:632)
	at org.apache.ratis.thirdparty.io.netty.channel.nio.NioEventLoop.processSelectedKeysOptimized(NioEventLoop.java:579)
	at org.apache.ratis.thirdparty.io.netty.channel.nio.NioEventLoop.processSelectedKeys(NioEventLoop.java:496)
	at org.apache.ratis.thirdparty.io.netty.channel.nio.NioEventLoop.run(NioEventLoop.java:458)
	at org.apache.ratis.thirdparty.io.netty.util.concurrent.SingleThreadEventExecutor$5.run(SingleThreadEventExecutor.java:897)
	at org.apache.ratis.thirdparty.io.netty.util.concurrent.FastThreadLocalRunnable.run(FastThreadLocalRunnable.java:30)
	... 1 more
Caused by: java.net.ConnectException: Connection refused
	... 11 more
2019-10-18 07:24:21,473 [67270882-100a-4e75-928d-618d17e069c8@group-0C9C3B2D0CC1-LeaderElection1298] INFO  impl.LeaderElection (LogUtils.java:infoOrTrace(149)) - 67270882-100a-4e75-928d-618d17e069c8@group-0C9C3B2D0CC1-LeaderElection1298 got exception when requesting votes: {}
java.util.concurrent.ExecutionException: org.apache.ratis.thirdparty.io.grpc.StatusRuntimeException: UNAVAILABLE: io exception
	at java.util.concurrent.FutureTask.report(FutureTask.java:122)
	at java.util.concurrent.FutureTask.get(FutureTask.java:192)
	at org.apache.ratis.server.impl.LeaderElection.waitForResults(LeaderElection.java:259)
	at org.apache.ratis.server.impl.LeaderElection.askForVotes(LeaderElection.java:197)
	at org.apache.ratis.server.impl.LeaderElection.run(LeaderElection.java:133)
	at java.lang.Thread.run(Thread.java:748)
Caused by: org.apache.ratis.thirdparty.io.grpc.StatusRuntimeException: UNAVAILABLE: io exception
	at org.apache.ratis.thirdparty.io.grpc.stub.ClientCalls.toStatusRuntimeException(ClientCalls.java:233)
	at org.apache.ratis.thirdparty.io.grpc.stub.ClientCalls.getUnchecked(ClientCalls.java:214)
	at org.apache.ratis.thirdparty.io.grpc.stub.ClientCalls.blockingUnaryCall(ClientCalls.java:139)
	at org.apache.ratis.proto.grpc.RaftServerProtocolServiceGrpc$RaftServerProtocolServiceBlockingStub.requestVote(RaftServerProtocolServiceGrpc.java:265)
	at org.apache.ratis.grpc.server.GrpcServerProtocolClient.requestVote(GrpcServerProtocolClient.java:99)
	at org.apache.ratis.grpc.server.GrpcService.requestVote(GrpcService.java:204)
	at org.apache.ratis.server.impl.LeaderElection.lambda$submitRequests$1(LeaderElection.java:234)
	at java.util.concurrent.FutureTask.run(FutureTask.java:266)
	at java.util.concurrent.Executors$RunnableAdapter.call(Executors.java:511)
	at java.util.concurrent.FutureTask.run(FutureTask.java:266)
	at java.util.concurrent.ThreadPoolExecutor.runWorker(ThreadPoolExecutor.java:1149)
	at java.util.concurrent.ThreadPoolExecutor$Worker.run(ThreadPoolExecutor.java:624)
	... 1 more
Caused by: org.apache.ratis.thirdparty.io.netty.channel.AbstractChannel$AnnotatedConnectException: Connection refused: /192.168.34.25:41624
	at sun.nio.ch.SocketChannelImpl.checkConnect(Native Method)
	at sun.nio.ch.SocketChannelImpl.finishConnect(SocketChannelImpl.java:717)
	at org.apache.ratis.thirdparty.io.netty.channel.socket.nio.NioSocketChannel.doFinishConnect(NioSocketChannel.java:327)
	at org.apache.ratis.thirdparty.io.netty.channel.nio.AbstractNioChannel$AbstractNioUnsafe.finishConnect(AbstractNioChannel.java:340)
	at org.apache.ratis.thirdparty.io.netty.channel.nio.NioEventLoop.processSelectedKey(NioEventLoop.java:632)
	at org.apache.ratis.thirdparty.io.netty.channel.nio.NioEventLoop.processSelectedKeysOptimized(NioEventLoop.java:579)
	at org.apache.ratis.thirdparty.io.netty.channel.nio.NioEventLoop.processSelectedKeys(NioEventLoop.java:496)
	at org.apache.ratis.thirdparty.io.netty.channel.nio.NioEventLoop.run(NioEventLoop.java:458)
	at org.apache.ratis.thirdparty.io.netty.util.concurrent.SingleThreadEventExecutor$5.run(SingleThreadEventExecutor.java:897)
	at org.apache.ratis.thirdparty.io.netty.util.concurrent.FastThreadLocalRunnable.run(FastThreadLocalRunnable.java:30)
	... 1 more
Caused by: java.net.ConnectException: Connection refused
	... 11 more
2019-10-18 07:24:21,473 [12ad0800-05cb-443c-9fdd-fa1debf04523@group-BCB82A5C07F5-LeaderElection1299] INFO  impl.LeaderElection (LogUtils.java:infoOrTrace(149)) - 12ad0800-05cb-443c-9fdd-fa1debf04523@group-BCB82A5C07F5-LeaderElection1299 got exception when requesting votes: {}
java.util.concurrent.ExecutionException: org.apache.ratis.thirdparty.io.grpc.StatusRuntimeException: UNAVAILABLE: io exception
	at java.util.concurrent.FutureTask.report(FutureTask.java:122)
	at java.util.concurrent.FutureTask.get(FutureTask.java:192)
	at org.apache.ratis.server.impl.LeaderElection.waitForResults(LeaderElection.java:259)
	at org.apache.ratis.server.impl.LeaderElection.askForVotes(LeaderElection.java:197)
	at org.apache.ratis.server.impl.LeaderElection.run(LeaderElection.java:133)
	at java.lang.Thread.run(Thread.java:748)
Caused by: org.apache.ratis.thirdparty.io.grpc.StatusRuntimeException: UNAVAILABLE: io exception
	at org.apache.ratis.thirdparty.io.grpc.stub.ClientCalls.toStatusRuntimeException(ClientCalls.java:233)
	at org.apache.ratis.thirdparty.io.grpc.stub.ClientCalls.getUnchecked(ClientCalls.java:214)
	at org.apache.ratis.thirdparty.io.grpc.stub.ClientCalls.blockingUnaryCall(ClientCalls.java:139)
	at org.apache.ratis.proto.grpc.RaftServerProtocolServiceGrpc$RaftServerProtocolServiceBlockingStub.requestVote(RaftServerProtocolServiceGrpc.java:265)
	at org.apache.ratis.grpc.server.GrpcServerProtocolClient.requestVote(GrpcServerProtocolClient.java:99)
	at org.apache.ratis.grpc.server.GrpcService.requestVote(GrpcService.java:204)
	at org.apache.ratis.server.impl.LeaderElection.lambda$submitRequests$1(LeaderElection.java:234)
	at java.util.concurrent.FutureTask.run(FutureTask.java:266)
	at java.util.concurrent.Executors$RunnableAdapter.call(Executors.java:511)
	at java.util.concurrent.FutureTask.run(FutureTask.java:266)
	at java.util.concurrent.ThreadPoolExecutor.runWorker(ThreadPoolExecutor.java:1149)
	at java.util.concurrent.ThreadPoolExecutor$Worker.run(ThreadPoolExecutor.java:624)
	... 1 more
Caused by: org.apache.ratis.thirdparty.io.netty.channel.AbstractChannel$AnnotatedConnectException: Connection refused: /192.168.34.25:45248
	at sun.nio.ch.SocketChannelImpl.checkConnect(Native Method)
	at sun.nio.ch.SocketChannelImpl.finishConnect(SocketChannelImpl.java:717)
	at org.apache.ratis.thirdparty.io.netty.channel.socket.nio.NioSocketChannel.doFinishConnect(NioSocketChannel.java:327)
	at org.apache.ratis.thirdparty.io.netty.channel.nio.AbstractNioChannel$AbstractNioUnsafe.finishConnect(AbstractNioChannel.java:340)
	at org.apache.ratis.thirdparty.io.netty.channel.nio.NioEventLoop.processSelectedKey(NioEventLoop.java:632)
	at org.apache.ratis.thirdparty.io.netty.channel.nio.NioEventLoop.processSelectedKeysOptimized(NioEventLoop.java:579)
	at org.apache.ratis.thirdparty.io.netty.channel.nio.NioEventLoop.processSelectedKeys(NioEventLoop.java:496)
	at org.apache.ratis.thirdparty.io.netty.channel.nio.NioEventLoop.run(NioEventLoop.java:458)
	at org.apache.ratis.thirdparty.io.netty.util.concurrent.SingleThreadEventExecutor$5.run(SingleThreadEventExecutor.java:897)
	at org.apache.ratis.thirdparty.io.netty.util.concurrent.FastThreadLocalRunnable.run(FastThreadLocalRunnable.java:30)
	... 1 more
Caused by: java.net.ConnectException: Connection refused
	... 11 more
2019-10-18 07:24:21,473 [67270882-100a-4e75-928d-618d17e069c8@group-0C9C3B2D0CC1-LeaderElection1298] INFO  impl.LeaderElection (LeaderElection.java:logAndReturn(56)) - 67270882-100a-4e75-928d-618d17e069c8@group-0C9C3B2D0CC1-LeaderElection1298: Election REJECTED; received 0 response(s) [] and 2 exception(s); 67270882-100a-4e75-928d-618d17e069c8@group-0C9C3B2D0CC1:t156, leader=null, voted=67270882-100a-4e75-928d-618d17e069c8, raftlog=67270882-100a-4e75-928d-618d17e069c8@group-0C9C3B2D0CC1-SegmentedRaftLog:OPENED:c2,f2,i2, conf=1: [6633f50a-7046-4b08-9937-8e25f1b14b15:192.168.34.25:39338, 67270882-100a-4e75-928d-618d17e069c8:192.168.34.25:36648, 4dea926d-4bc6-487a-9b9b-9fd457d0fae4:192.168.34.25:41624], old=null
2019-10-18 07:24:21,474 [67270882-100a-4e75-928d-618d17e069c8@group-0C9C3B2D0CC1-LeaderElection1298] INFO  impl.LeaderElection (LogUtils.java:infoOrTrace(149)) -   Exception 0: {}
java.util.concurrent.ExecutionException: org.apache.ratis.thirdparty.io.grpc.StatusRuntimeException: UNAVAILABLE: io exception
	at java.util.concurrent.FutureTask.report(FutureTask.java:122)
	at java.util.concurrent.FutureTask.get(FutureTask.java:192)
	at org.apache.ratis.server.impl.LeaderElection.waitForResults(LeaderElection.java:259)
	at org.apache.ratis.server.impl.LeaderElection.askForVotes(LeaderElection.java:197)
	at org.apache.ratis.server.impl.LeaderElection.run(LeaderElection.java:133)
	at java.lang.Thread.run(Thread.java:748)
Caused by: org.apache.ratis.thirdparty.io.grpc.StatusRuntimeException: UNAVAILABLE: io exception
	at org.apache.ratis.thirdparty.io.grpc.stub.ClientCalls.toStatusRuntimeException(ClientCalls.java:233)
	at org.apache.ratis.thirdparty.io.grpc.stub.ClientCalls.getUnchecked(ClientCalls.java:214)
	at org.apache.ratis.thirdparty.io.grpc.stub.ClientCalls.blockingUnaryCall(ClientCalls.java:139)
	at org.apache.ratis.proto.grpc.RaftServerProtocolServiceGrpc$RaftServerProtocolServiceBlockingStub.requestVote(RaftServerProtocolServiceGrpc.java:265)
	at org.apache.ratis.grpc.server.GrpcServerProtocolClient.requestVote(GrpcServerProtocolClient.java:99)
	at org.apache.ratis.grpc.server.GrpcService.requestVote(GrpcService.java:204)
	at org.apache.ratis.server.impl.LeaderElection.lambda$submitRequests$1(LeaderElection.java:234)
	at java.util.concurrent.FutureTask.run(FutureTask.java:266)
	at java.util.concurrent.Executors$RunnableAdapter.call(Executors.java:511)
	at java.util.concurrent.FutureTask.run(FutureTask.java:266)
	at java.util.concurrent.ThreadPoolExecutor.runWorker(ThreadPoolExecutor.java:1149)
	at java.util.concurrent.ThreadPoolExecutor$Worker.run(ThreadPoolExecutor.java:624)
	... 1 more
Caused by: org.apache.ratis.thirdparty.io.netty.channel.AbstractChannel$AnnotatedConnectException: Connection refused: /192.168.34.25:39338
	at sun.nio.ch.SocketChannelImpl.checkConnect(Native Method)
	at sun.nio.ch.SocketChannelImpl.finishConnect(SocketChannelImpl.java:717)
	at org.apache.ratis.thirdparty.io.netty.channel.socket.nio.NioSocketChannel.doFinishConnect(NioSocketChannel.java:327)
	at org.apache.ratis.thirdparty.io.netty.channel.nio.AbstractNioChannel$AbstractNioUnsafe.finishConnect(AbstractNioChannel.java:340)
	at org.apache.ratis.thirdparty.io.netty.channel.nio.NioEventLoop.processSelectedKey(NioEventLoop.java:632)
	at org.apache.ratis.thirdparty.io.netty.channel.nio.NioEventLoop.processSelectedKeysOptimized(NioEventLoop.java:579)
	at org.apache.ratis.thirdparty.io.netty.channel.nio.NioEventLoop.processSelectedKeys(NioEventLoop.java:496)
	at org.apache.ratis.thirdparty.io.netty.channel.nio.NioEventLoop.run(NioEventLoop.java:458)
	at org.apache.ratis.thirdparty.io.netty.util.concurrent.SingleThreadEventExecutor$5.run(SingleThreadEventExecutor.java:897)
	at org.apache.ratis.thirdparty.io.netty.util.concurrent.FastThreadLocalRunnable.run(FastThreadLocalRunnable.java:30)
	... 1 more
Caused by: java.net.ConnectException: Connection refused
	... 11 more
2019-10-18 07:24:21,474 [67270882-100a-4e75-928d-618d17e069c8@group-0C9C3B2D0CC1-LeaderElection1298] INFO  impl.LeaderElection (LogUtils.java:infoOrTrace(149)) -   Exception 1: {}
java.util.concurrent.ExecutionException: org.apache.ratis.thirdparty.io.grpc.StatusRuntimeException: UNAVAILABLE: io exception
	at java.util.concurrent.FutureTask.report(FutureTask.java:122)
	at java.util.concurrent.FutureTask.get(FutureTask.java:192)
	at org.apache.ratis.server.impl.LeaderElection.waitForResults(LeaderElection.java:259)
	at org.apache.ratis.server.impl.LeaderElection.askForVotes(LeaderElection.java:197)
	at org.apache.ratis.server.impl.LeaderElection.run(LeaderElection.java:133)
	at java.lang.Thread.run(Thread.java:748)
Caused by: org.apache.ratis.thirdparty.io.grpc.StatusRuntimeException: UNAVAILABLE: io exception
	at org.apache.ratis.thirdparty.io.grpc.stub.ClientCalls.toStatusRuntimeException(ClientCalls.java:233)
	at org.apache.ratis.thirdparty.io.grpc.stub.ClientCalls.getUnchecked(ClientCalls.java:214)
	at org.apache.ratis.thirdparty.io.grpc.stub.ClientCalls.blockingUnaryCall(ClientCalls.java:139)
	at org.apache.ratis.proto.grpc.RaftServerProtocolServiceGrpc$RaftServerProtocolServiceBlockingStub.requestVote(RaftServerProtocolServiceGrpc.java:265)
	at org.apache.ratis.grpc.server.GrpcServerProtocolClient.requestVote(GrpcServerProtocolClient.java:99)
	at org.apache.ratis.grpc.server.GrpcService.requestVote(GrpcService.java:204)
	at org.apache.ratis.server.impl.LeaderElection.lambda$submitRequests$1(LeaderElection.java:234)
	at java.util.concurrent.FutureTask.run(FutureTask.java:266)
	at java.util.concurrent.Executors$RunnableAdapter.call(Executors.java:511)
	at java.util.concurrent.FutureTask.run(FutureTask.java:266)
	at java.util.concurrent.ThreadPoolExecutor.runWorker(ThreadPoolExecutor.java:1149)
	at java.util.concurrent.ThreadPoolExecutor$Worker.run(ThreadPoolExecutor.java:624)
	... 1 more
Caused by: org.apache.ratis.thirdparty.io.netty.channel.AbstractChannel$AnnotatedConnectException: Connection refused: /192.168.34.25:41624
	at sun.nio.ch.SocketChannelImpl.checkConnect(Native Method)
	at sun.nio.ch.SocketChannelImpl.finishConnect(SocketChannelImpl.java:717)
	at org.apache.ratis.thirdparty.io.netty.channel.socket.nio.NioSocketChannel.doFinishConnect(NioSocketChannel.java:327)
	at org.apache.ratis.thirdparty.io.netty.channel.nio.AbstractNioChannel$AbstractNioUnsafe.finishConnect(AbstractNioChannel.java:340)
	at org.apache.ratis.thirdparty.io.netty.channel.nio.NioEventLoop.processSelectedKey(NioEventLoop.java:632)
	at org.apache.ratis.thirdparty.io.netty.channel.nio.NioEventLoop.processSelectedKeysOptimized(NioEventLoop.java:579)
	at org.apache.ratis.thirdparty.io.netty.channel.nio.NioEventLoop.processSelectedKeys(NioEventLoop.java:496)
	at org.apache.ratis.thirdparty.io.netty.channel.nio.NioEventLoop.run(NioEventLoop.java:458)
	at org.apache.ratis.thirdparty.io.netty.util.concurrent.SingleThreadEventExecutor$5.run(SingleThreadEventExecutor.java:897)
	at org.apache.ratis.thirdparty.io.netty.util.concurrent.FastThreadLocalRunnable.run(FastThreadLocalRunnable.java:30)
	... 1 more
Caused by: java.net.ConnectException: Connection refused
	... 11 more
2019-10-18 07:24:21,474 [12ad0800-05cb-443c-9fdd-fa1debf04523@group-BCB82A5C07F5-LeaderElection1299] INFO  impl.LeaderElection (LeaderElection.java:logAndReturn(56)) - 12ad0800-05cb-443c-9fdd-fa1debf04523@group-BCB82A5C07F5-LeaderElection1299: Election REJECTED; received 0 response(s) [] and 2 exception(s); 12ad0800-05cb-443c-9fdd-fa1debf04523@group-BCB82A5C07F5:t245, leader=null, voted=12ad0800-05cb-443c-9fdd-fa1debf04523, raftlog=12ad0800-05cb-443c-9fdd-fa1debf04523@group-BCB82A5C07F5-SegmentedRaftLog:OPENED:c-1,f-1,i0, conf=-1: [12ad0800-05cb-443c-9fdd-fa1debf04523:192.168.34.25:41155, 5170c5f3-8499-4b42-9321-85fc8a351f79:192.168.34.25:43074, 0b10a9fc-47eb-4a2b-b664-8273d9d17379:192.168.34.25:45248], old=null
2019-10-18 07:24:21,474 [67270882-100a-4e75-928d-618d17e069c8@group-0C9C3B2D0CC1-LeaderElection1298] INFO  impl.RaftServerImpl (RaftServerImpl.java:setRole(184)) - 67270882-100a-4e75-928d-618d17e069c8@group-0C9C3B2D0CC1: changes role from CANDIDATE to FOLLOWER at term 156 for DISCOVERED_A_NEW_TERM
2019-10-18 07:24:21,475 [67270882-100a-4e75-928d-618d17e069c8@group-0C9C3B2D0CC1-LeaderElection1298] INFO  impl.RoleInfo (RoleInfo.java:shutdownLeaderElection(134)) - 67270882-100a-4e75-928d-618d17e069c8: shutdown LeaderElection
2019-10-18 07:24:21,474 [12ad0800-05cb-443c-9fdd-fa1debf04523@group-BCB82A5C07F5-LeaderElection1299] INFO  impl.LeaderElection (LogUtils.java:infoOrTrace(149)) -   Exception 0: {}
java.util.concurrent.ExecutionException: org.apache.ratis.thirdparty.io.grpc.StatusRuntimeException: UNAVAILABLE: io exception
	at java.util.concurrent.FutureTask.report(FutureTask.java:122)
	at java.util.concurrent.FutureTask.get(FutureTask.java:192)
	at org.apache.ratis.server.impl.LeaderElection.waitForResults(LeaderElection.java:259)
	at org.apache.ratis.server.impl.LeaderElection.askForVotes(LeaderElection.java:197)
	at org.apache.ratis.server.impl.LeaderElection.run(LeaderElection.java:133)
	at java.lang.Thread.run(Thread.java:748)
Caused by: org.apache.ratis.thirdparty.io.grpc.StatusRuntimeException: UNAVAILABLE: io exception
	at org.apache.ratis.thirdparty.io.grpc.stub.ClientCalls.toStatusRuntimeException(ClientCalls.java:233)
	at org.apache.ratis.thirdparty.io.grpc.stub.ClientCalls.getUnchecked(ClientCalls.java:214)
	at org.apache.ratis.thirdparty.io.grpc.stub.ClientCalls.blockingUnaryCall(ClientCalls.java:139)
	at org.apache.ratis.proto.grpc.RaftServerProtocolServiceGrpc$RaftServerProtocolServiceBlockingStub.requestVote(RaftServerProtocolServiceGrpc.java:265)
	at org.apache.ratis.grpc.server.GrpcServerProtocolClient.requestVote(GrpcServerProtocolClient.java:99)
	at org.apache.ratis.grpc.server.GrpcService.requestVote(GrpcService.java:204)
	at org.apache.ratis.server.impl.LeaderElection.lambda$submitRequests$1(LeaderElection.java:234)
	at java.util.concurrent.FutureTask.run(FutureTask.java:266)
	at java.util.concurrent.Executors$RunnableAdapter.call(Executors.java:511)
	at java.util.concurrent.FutureTask.run(FutureTask.java:266)
	at java.util.concurrent.ThreadPoolExecutor.runWorker(ThreadPoolExecutor.java:1149)
	at java.util.concurrent.ThreadPoolExecutor$Worker.run(ThreadPoolExecutor.java:624)
	... 1 more
Caused by: org.apache.ratis.thirdparty.io.netty.channel.AbstractChannel$AnnotatedConnectException: Connection refused: /192.168.34.25:43074
	at sun.nio.ch.SocketChannelImpl.checkConnect(Native Method)
	at sun.nio.ch.SocketChannelImpl.finishConnect(SocketChannelImpl.java:717)
	at org.apache.ratis.thirdparty.io.netty.channel.socket.nio.NioSocketChannel.doFinishConnect(NioSocketChannel.java:327)
	at org.apache.ratis.thirdparty.io.netty.channel.nio.AbstractNioChannel$AbstractNioUnsafe.finishConnect(AbstractNioChannel.java:340)
	at org.apache.ratis.thirdparty.io.netty.channel.nio.NioEventLoop.processSelectedKey(NioEventLoop.java:632)
	at org.apache.ratis.thirdparty.io.netty.channel.nio.NioEventLoop.processSelectedKeysOptimized(NioEventLoop.java:579)
	at org.apache.ratis.thirdparty.io.netty.channel.nio.NioEventLoop.processSelectedKeys(NioEventLoop.java:496)
	at org.apache.ratis.thirdparty.io.netty.channel.nio.NioEventLoop.run(NioEventLoop.java:458)
	at org.apache.ratis.thirdparty.io.netty.util.concurrent.SingleThreadEventExecutor$5.run(SingleThreadEventExecutor.java:897)
	at org.apache.ratis.thirdparty.io.netty.util.concurrent.FastThreadLocalRunnable.run(FastThreadLocalRunnable.java:30)
	... 1 more
Caused by: java.net.ConnectException: Connection refused
	... 11 more
2019-10-18 07:24:21,475 [12ad0800-05cb-443c-9fdd-fa1debf04523@group-BCB82A5C07F5-LeaderElection1299] INFO  impl.LeaderElection (LogUtils.java:infoOrTrace(149)) -   Exception 1: {}
java.util.concurrent.ExecutionException: org.apache.ratis.thirdparty.io.grpc.StatusRuntimeException: UNAVAILABLE: io exception
	at java.util.concurrent.FutureTask.report(FutureTask.java:122)
	at java.util.concurrent.FutureTask.get(FutureTask.java:192)
	at org.apache.ratis.server.impl.LeaderElection.waitForResults(LeaderElection.java:259)
	at org.apache.ratis.server.impl.LeaderElection.askForVotes(LeaderElection.java:197)
	at org.apache.ratis.server.impl.LeaderElection.run(LeaderElection.java:133)
	at java.lang.Thread.run(Thread.java:748)
Caused by: org.apache.ratis.thirdparty.io.grpc.StatusRuntimeException: UNAVAILABLE: io exception
	at org.apache.ratis.thirdparty.io.grpc.stub.ClientCalls.toStatusRuntimeException(ClientCalls.java:233)
	at org.apache.ratis.thirdparty.io.grpc.stub.ClientCalls.getUnchecked(ClientCalls.java:214)
	at org.apache.ratis.thirdparty.io.grpc.stub.ClientCalls.blockingUnaryCall(ClientCalls.java:139)
	at org.apache.ratis.proto.grpc.RaftServerProtocolServiceGrpc$RaftServerProtocolServiceBlockingStub.requestVote(RaftServerProtocolServiceGrpc.java:265)
	at org.apache.ratis.grpc.server.GrpcServerProtocolClient.requestVote(GrpcServerProtocolClient.java:99)
	at org.apache.ratis.grpc.server.GrpcService.requestVote(GrpcService.java:204)
	at org.apache.ratis.server.impl.LeaderElection.lambda$submitRequests$1(LeaderElection.java:234)
	at java.util.concurrent.FutureTask.run(FutureTask.java:266)
	at java.util.concurrent.Executors$RunnableAdapter.call(Executors.java:511)
	at java.util.concurrent.FutureTask.run(FutureTask.java:266)
	at java.util.concurrent.ThreadPoolExecutor.runWorker(ThreadPoolExecutor.java:1149)
	at java.util.concurrent.ThreadPoolExecutor$Worker.run(ThreadPoolExecutor.java:624)
	... 1 more
Caused by: org.apache.ratis.thirdparty.io.netty.channel.AbstractChannel$AnnotatedConnectException: Connection refused: /192.168.34.25:45248
	at sun.nio.ch.SocketChannelImpl.checkConnect(Native Method)
	at sun.nio.ch.SocketChannelImpl.finishConnect(SocketChannelImpl.java:717)
	at org.apache.ratis.thirdparty.io.netty.channel.socket.nio.NioSocketChannel.doFinishConnect(NioSocketChannel.java:327)
	at org.apache.ratis.thirdparty.io.netty.channel.nio.AbstractNioChannel$AbstractNioUnsafe.finishConnect(AbstractNioChannel.java:340)
	at org.apache.ratis.thirdparty.io.netty.channel.nio.NioEventLoop.processSelectedKey(NioEventLoop.java:632)
	at org.apache.ratis.thirdparty.io.netty.channel.nio.NioEventLoop.processSelectedKeysOptimized(NioEventLoop.java:579)
	at org.apache.ratis.thirdparty.io.netty.channel.nio.NioEventLoop.processSelectedKeys(NioEventLoop.java:496)
	at org.apache.ratis.thirdparty.io.netty.channel.nio.NioEventLoop.run(NioEventLoop.java:458)
	at org.apache.ratis.thirdparty.io.netty.util.concurrent.SingleThreadEventExecutor$5.run(SingleThreadEventExecutor.java:897)
	at org.apache.ratis.thirdparty.io.netty.util.concurrent.FastThreadLocalRunnable.run(FastThreadLocalRunnable.java:30)
	... 1 more
Caused by: java.net.ConnectException: Connection refused
	... 11 more
2019-10-18 07:24:21,475 [67270882-100a-4e75-928d-618d17e069c8@group-0C9C3B2D0CC1-LeaderElection1298] INFO  impl.RoleInfo (RoleInfo.java:updateAndGet(143)) - 67270882-100a-4e75-928d-618d17e069c8: start FollowerState
2019-10-18 07:24:21,475 [12ad0800-05cb-443c-9fdd-fa1debf04523@group-BCB82A5C07F5-LeaderElection1299] INFO  impl.RaftServerImpl (RaftServerImpl.java:setRole(184)) - 12ad0800-05cb-443c-9fdd-fa1debf04523@group-BCB82A5C07F5: changes role from CANDIDATE to FOLLOWER at term 245 for DISCOVERED_A_NEW_TERM
2019-10-18 07:24:21,475 [12ad0800-05cb-443c-9fdd-fa1debf04523@group-BCB82A5C07F5-LeaderElection1299] INFO  impl.RoleInfo (RoleInfo.java:shutdownLeaderElection(134)) - 12ad0800-05cb-443c-9fdd-fa1debf04523: shutdown LeaderElection
2019-10-18 07:24:21,476 [12ad0800-05cb-443c-9fdd-fa1debf04523@group-BCB82A5C07F5-LeaderElection1299] INFO  impl.RoleInfo (RoleInfo.java:updateAndGet(143)) - 12ad0800-05cb-443c-9fdd-fa1debf04523: start FollowerState
2019-10-18 07:24:21,519 [Thread-11094] INFO  impl.FollowerState (FollowerState.java:run(108)) - 12ad0800-05cb-443c-9fdd-fa1debf04523@group-BCB82A5C07F5-FollowerState: change to CANDIDATE, lastRpcTime:43ms, electionTimeout:43ms
2019-10-18 07:24:21,519 [Thread-11094] INFO  impl.RoleInfo (RoleInfo.java:shutdownFollowerState(121)) - 12ad0800-05cb-443c-9fdd-fa1debf04523: shutdown FollowerState
2019-10-18 07:24:21,519 [Thread-11094] INFO  impl.RaftServerImpl (RaftServerImpl.java:setRole(184)) - 12ad0800-05cb-443c-9fdd-fa1debf04523@group-BCB82A5C07F5: changes role from  FOLLOWER to CANDIDATE at term 245 for changeToCandidate
2019-10-18 07:24:21,519 [Thread-11094] INFO  impl.RoleInfo (RoleInfo.java:updateAndGet(143)) - 12ad0800-05cb-443c-9fdd-fa1debf04523: start LeaderElection
2019-10-18 07:24:21,543 [12ad0800-05cb-443c-9fdd-fa1debf04523@group-BCB82A5C07F5-LeaderElection1300] INFO  impl.LeaderElection (LeaderElection.java:askForVotes(178)) - 12ad0800-05cb-443c-9fdd-fa1debf04523@group-BCB82A5C07F5-LeaderElection1300: begin an election at term 246 for -1: [12ad0800-05cb-443c-9fdd-fa1debf04523:192.168.34.25:41155, 5170c5f3-8499-4b42-9321-85fc8a351f79:192.168.34.25:43074, 0b10a9fc-47eb-4a2b-b664-8273d9d17379:192.168.34.25:45248], old=null
2019-10-18 07:24:21,543 [12ad0800-05cb-443c-9fdd-fa1debf04523@group-BCB82A5C07F5-LeaderElection1300] INFO  impl.LeaderElection (LogUtils.java:infoOrTrace(149)) - 12ad0800-05cb-443c-9fdd-fa1debf04523@group-BCB82A5C07F5-LeaderElection1300 got exception when requesting votes: {}
java.util.concurrent.ExecutionException: org.apache.ratis.thirdparty.io.grpc.StatusRuntimeException: UNAVAILABLE: io exception
	at java.util.concurrent.FutureTask.report(FutureTask.java:122)
	at java.util.concurrent.FutureTask.get(FutureTask.java:192)
	at org.apache.ratis.server.impl.LeaderElection.waitForResults(LeaderElection.java:259)
	at org.apache.ratis.server.impl.LeaderElection.askForVotes(LeaderElection.java:197)
	at org.apache.ratis.server.impl.LeaderElection.run(LeaderElection.java:133)
	at java.lang.Thread.run(Thread.java:748)
Caused by: org.apache.ratis.thirdparty.io.grpc.StatusRuntimeException: UNAVAILABLE: io exception
	at org.apache.ratis.thirdparty.io.grpc.stub.ClientCalls.toStatusRuntimeException(ClientCalls.java:233)
	at org.apache.ratis.thirdparty.io.grpc.stub.ClientCalls.getUnchecked(ClientCalls.java:214)
	at org.apache.ratis.thirdparty.io.grpc.stub.ClientCalls.blockingUnaryCall(ClientCalls.java:139)
	at org.apache.ratis.proto.grpc.RaftServerProtocolServiceGrpc$RaftServerProtocolServiceBlockingStub.requestVote(RaftServerProtocolServiceGrpc.java:265)
	at org.apache.ratis.grpc.server.GrpcServerProtocolClient.requestVote(GrpcServerProtocolClient.java:99)
	at org.apache.ratis.grpc.server.GrpcService.requestVote(GrpcService.java:204)
	at org.apache.ratis.server.impl.LeaderElection.lambda$submitRequests$1(LeaderElection.java:234)
	at java.util.concurrent.FutureTask.run(FutureTask.java:266)
	at java.util.concurrent.Executors$RunnableAdapter.call(Executors.java:511)
	at java.util.concurrent.FutureTask.run(FutureTask.java:266)
	at java.util.concurrent.ThreadPoolExecutor.runWorker(ThreadPoolExecutor.java:1149)
	at java.util.concurrent.ThreadPoolExecutor$Worker.run(ThreadPoolExecutor.java:624)
	... 1 more
Caused by: org.apache.ratis.thirdparty.io.netty.channel.AbstractChannel$AnnotatedConnectException: Connection refused: /192.168.34.25:43074
	at sun.nio.ch.SocketChannelImpl.checkConnect(Native Method)
	at sun.nio.ch.SocketChannelImpl.finishConnect(SocketChannelImpl.java:717)
	at org.apache.ratis.thirdparty.io.netty.channel.socket.nio.NioSocketChannel.doFinishConnect(NioSocketChannel.java:327)
	at org.apache.ratis.thirdparty.io.netty.channel.nio.AbstractNioChannel$AbstractNioUnsafe.finishConnect(AbstractNioChannel.java:340)
	at org.apache.ratis.thirdparty.io.netty.channel.nio.NioEventLoop.processSelectedKey(NioEventLoop.java:632)
	at org.apache.ratis.thirdparty.io.netty.channel.nio.NioEventLoop.processSelectedKeysOptimized(NioEventLoop.java:579)
	at org.apache.ratis.thirdparty.io.netty.channel.nio.NioEventLoop.processSelectedKeys(NioEventLoop.java:496)
	at org.apache.ratis.thirdparty.io.netty.channel.nio.NioEventLoop.run(NioEventLoop.java:458)
	at org.apache.ratis.thirdparty.io.netty.util.concurrent.SingleThreadEventExecutor$5.run(SingleThreadEventExecutor.java:897)
	at org.apache.ratis.thirdparty.io.netty.util.concurrent.FastThreadLocalRunnable.run(FastThreadLocalRunnable.java:30)
	... 1 more
Caused by: java.net.ConnectException: Connection refused
	... 11 more
2019-10-18 07:24:21,544 [12ad0800-05cb-443c-9fdd-fa1debf04523@group-BCB82A5C07F5-LeaderElection1300] INFO  impl.LeaderElection (LogUtils.java:infoOrTrace(149)) - 12ad0800-05cb-443c-9fdd-fa1debf04523@group-BCB82A5C07F5-LeaderElection1300 got exception when requesting votes: {}
java.util.concurrent.ExecutionException: org.apache.ratis.thirdparty.io.grpc.StatusRuntimeException: UNAVAILABLE: io exception
	at java.util.concurrent.FutureTask.report(FutureTask.java:122)
	at java.util.concurrent.FutureTask.get(FutureTask.java:192)
	at org.apache.ratis.server.impl.LeaderElection.waitForResults(LeaderElection.java:259)
	at org.apache.ratis.server.impl.LeaderElection.askForVotes(LeaderElection.java:197)
	at org.apache.ratis.server.impl.LeaderElection.run(LeaderElection.java:133)
	at java.lang.Thread.run(Thread.java:748)
Caused by: org.apache.ratis.thirdparty.io.grpc.StatusRuntimeException: UNAVAILABLE: io exception
	at org.apache.ratis.thirdparty.io.grpc.stub.ClientCalls.toStatusRuntimeException(ClientCalls.java:233)
	at org.apache.ratis.thirdparty.io.grpc.stub.ClientCalls.getUnchecked(ClientCalls.java:214)
	at org.apache.ratis.thirdparty.io.grpc.stub.ClientCalls.blockingUnaryCall(ClientCalls.java:139)
	at org.apache.ratis.proto.grpc.RaftServerProtocolServiceGrpc$RaftServerProtocolServiceBlockingStub.requestVote(RaftServerProtocolServiceGrpc.java:265)
	at org.apache.ratis.grpc.server.GrpcServerProtocolClient.requestVote(GrpcServerProtocolClient.java:99)
	at org.apache.ratis.grpc.server.GrpcService.requestVote(GrpcService.java:204)
	at org.apache.ratis.server.impl.LeaderElection.lambda$submitRequests$1(LeaderElection.java:234)
	at java.util.concurrent.FutureTask.run(FutureTask.java:266)
	at java.util.concurrent.Executors$RunnableAdapter.call(Executors.java:511)
	at java.util.concurrent.FutureTask.run(FutureTask.java:266)
	at java.util.concurrent.ThreadPoolExecutor.runWorker(ThreadPoolExecutor.java:1149)
	at java.util.concurrent.ThreadPoolExecutor$Worker.run(ThreadPoolExecutor.java:624)
	... 1 more
Caused by: org.apache.ratis.thirdparty.io.netty.channel.AbstractChannel$AnnotatedConnectException: Connection refused: /192.168.34.25:45248
	at sun.nio.ch.SocketChannelImpl.checkConnect(Native Method)
	at sun.nio.ch.SocketChannelImpl.finishConnect(SocketChannelImpl.java:717)
	at org.apache.ratis.thirdparty.io.netty.channel.socket.nio.NioSocketChannel.doFinishConnect(NioSocketChannel.java:327)
	at org.apache.ratis.thirdparty.io.netty.channel.nio.AbstractNioChannel$AbstractNioUnsafe.finishConnect(AbstractNioChannel.java:340)
	at org.apache.ratis.thirdparty.io.netty.channel.nio.NioEventLoop.processSelectedKey(NioEventLoop.java:632)
	at org.apache.ratis.thirdparty.io.netty.channel.nio.NioEventLoop.processSelectedKeysOptimized(NioEventLoop.java:579)
	at org.apache.ratis.thirdparty.io.netty.channel.nio.NioEventLoop.processSelectedKeys(NioEventLoop.java:496)
	at org.apache.ratis.thirdparty.io.netty.channel.nio.NioEventLoop.run(NioEventLoop.java:458)
	at org.apache.ratis.thirdparty.io.netty.util.concurrent.SingleThreadEventExecutor$5.run(SingleThreadEventExecutor.java:897)
	at org.apache.ratis.thirdparty.io.netty.util.concurrent.FastThreadLocalRunnable.run(FastThreadLocalRunnable.java:30)
	... 1 more
Caused by: java.net.ConnectException: Connection refused
	... 11 more
2019-10-18 07:24:21,544 [12ad0800-05cb-443c-9fdd-fa1debf04523@group-BCB82A5C07F5-LeaderElection1300] INFO  impl.LeaderElection (LeaderElection.java:logAndReturn(56)) - 12ad0800-05cb-443c-9fdd-fa1debf04523@group-BCB82A5C07F5-LeaderElection1300: Election REJECTED; received 0 response(s) [] and 2 exception(s); 12ad0800-05cb-443c-9fdd-fa1debf04523@group-BCB82A5C07F5:t246, leader=null, voted=12ad0800-05cb-443c-9fdd-fa1debf04523, raftlog=12ad0800-05cb-443c-9fdd-fa1debf04523@group-BCB82A5C07F5-SegmentedRaftLog:OPENED:c-1,f-1,i0, conf=-1: [12ad0800-05cb-443c-9fdd-fa1debf04523:192.168.34.25:41155, 5170c5f3-8499-4b42-9321-85fc8a351f79:192.168.34.25:43074, 0b10a9fc-47eb-4a2b-b664-8273d9d17379:192.168.34.25:45248], old=null
2019-10-18 07:24:21,544 [12ad0800-05cb-443c-9fdd-fa1debf04523@group-BCB82A5C07F5-LeaderElection1300] INFO  impl.LeaderElection (LogUtils.java:infoOrTrace(149)) -   Exception 0: {}
java.util.concurrent.ExecutionException: org.apache.ratis.thirdparty.io.grpc.StatusRuntimeException: UNAVAILABLE: io exception
	at java.util.concurrent.FutureTask.report(FutureTask.java:122)
	at java.util.concurrent.FutureTask.get(FutureTask.java:192)
	at org.apache.ratis.server.impl.LeaderElection.waitForResults(LeaderElection.java:259)
	at org.apache.ratis.server.impl.LeaderElection.askForVotes(LeaderElection.java:197)
	at org.apache.ratis.server.impl.LeaderElection.run(LeaderElection.java:133)
	at java.lang.Thread.run(Thread.java:748)
Caused by: org.apache.ratis.thirdparty.io.grpc.StatusRuntimeException: UNAVAILABLE: io exception
	at org.apache.ratis.thirdparty.io.grpc.stub.ClientCalls.toStatusRuntimeException(ClientCalls.java:233)
	at org.apache.ratis.thirdparty.io.grpc.stub.ClientCalls.getUnchecked(ClientCalls.java:214)
	at org.apache.ratis.thirdparty.io.grpc.stub.ClientCalls.blockingUnaryCall(ClientCalls.java:139)
	at org.apache.ratis.proto.grpc.RaftServerProtocolServiceGrpc$RaftServerProtocolServiceBlockingStub.requestVote(RaftServerProtocolServiceGrpc.java:265)
	at org.apache.ratis.grpc.server.GrpcServerProtocolClient.requestVote(GrpcServerProtocolClient.java:99)
	at org.apache.ratis.grpc.server.GrpcService.requestVote(GrpcService.java:204)
	at org.apache.ratis.server.impl.LeaderElection.lambda$submitRequests$1(LeaderElection.java:234)
	at java.util.concurrent.FutureTask.run(FutureTask.java:266)
	at java.util.concurrent.Executors$RunnableAdapter.call(Executors.java:511)
	at java.util.concurrent.FutureTask.run(FutureTask.java:266)
	at java.util.concurrent.ThreadPoolExecutor.runWorker(ThreadPoolExecutor.java:1149)
	at java.util.concurrent.ThreadPoolExecutor$Worker.run(ThreadPoolExecutor.java:624)
	... 1 more
Caused by: org.apache.ratis.thirdparty.io.netty.channel.AbstractChannel$AnnotatedConnectException: Connection refused: /192.168.34.25:43074
	at sun.nio.ch.SocketChannelImpl.checkConnect(Native Method)
	at sun.nio.ch.SocketChannelImpl.finishConnect(SocketChannelImpl.java:717)
	at org.apache.ratis.thirdparty.io.netty.channel.socket.nio.NioSocketChannel.doFinishConnect(NioSocketChannel.java:327)
	at org.apache.ratis.thirdparty.io.netty.channel.nio.AbstractNioChannel$AbstractNioUnsafe.finishConnect(AbstractNioChannel.java:340)
	at org.apache.ratis.thirdparty.io.netty.channel.nio.NioEventLoop.processSelectedKey(NioEventLoop.java:632)
	at org.apache.ratis.thirdparty.io.netty.channel.nio.NioEventLoop.processSelectedKeysOptimized(NioEventLoop.java:579)
	at org.apache.ratis.thirdparty.io.netty.channel.nio.NioEventLoop.processSelectedKeys(NioEventLoop.java:496)
	at org.apache.ratis.thirdparty.io.netty.channel.nio.NioEventLoop.run(NioEventLoop.java:458)
	at org.apache.ratis.thirdparty.io.netty.util.concurrent.SingleThreadEventExecutor$5.run(SingleThreadEventExecutor.java:897)
	at org.apache.ratis.thirdparty.io.netty.util.concurrent.FastThreadLocalRunnable.run(FastThreadLocalRunnable.java:30)
	... 1 more
Caused by: java.net.ConnectException: Connection refused
	... 11 more
2019-10-18 07:24:21,544 [12ad0800-05cb-443c-9fdd-fa1debf04523@group-BCB82A5C07F5-LeaderElection1300] INFO  impl.LeaderElection (LogUtils.java:infoOrTrace(149)) -   Exception 1: {}
java.util.concurrent.ExecutionException: org.apache.ratis.thirdparty.io.grpc.StatusRuntimeException: UNAVAILABLE: io exception
	at java.util.concurrent.FutureTask.report(FutureTask.java:122)
	at java.util.concurrent.FutureTask.get(FutureTask.java:192)
	at org.apache.ratis.server.impl.LeaderElection.waitForResults(LeaderElection.java:259)
	at org.apache.ratis.server.impl.LeaderElection.askForVotes(LeaderElection.java:197)
	at org.apache.ratis.server.impl.LeaderElection.run(LeaderElection.java:133)
	at java.lang.Thread.run(Thread.java:748)
Caused by: org.apache.ratis.thirdparty.io.grpc.StatusRuntimeException: UNAVAILABLE: io exception
	at org.apache.ratis.thirdparty.io.grpc.stub.ClientCalls.toStatusRuntimeException(ClientCalls.java:233)
	at org.apache.ratis.thirdparty.io.grpc.stub.ClientCalls.getUnchecked(ClientCalls.java:214)
	at org.apache.ratis.thirdparty.io.grpc.stub.ClientCalls.blockingUnaryCall(ClientCalls.java:139)
	at org.apache.ratis.proto.grpc.RaftServerProtocolServiceGrpc$RaftServerProtocolServiceBlockingStub.requestVote(RaftServerProtocolServiceGrpc.java:265)
	at org.apache.ratis.grpc.server.GrpcServerProtocolClient.requestVote(GrpcServerProtocolClient.java:99)
	at org.apache.ratis.grpc.server.GrpcService.requestVote(GrpcService.java:204)
	at org.apache.ratis.server.impl.LeaderElection.lambda$submitRequests$1(LeaderElection.java:234)
	at java.util.concurrent.FutureTask.run(FutureTask.java:266)
	at java.util.concurrent.Executors$RunnableAdapter.call(Executors.java:511)
	at java.util.concurrent.FutureTask.run(FutureTask.java:266)
	at java.util.concurrent.ThreadPoolExecutor.runWorker(ThreadPoolExecutor.java:1149)
	at java.util.concurrent.ThreadPoolExecutor$Worker.run(ThreadPoolExecutor.java:624)
	... 1 more
Caused by: org.apache.ratis.thirdparty.io.netty.channel.AbstractChannel$AnnotatedConnectException: Connection refused: /192.168.34.25:45248
	at sun.nio.ch.SocketChannelImpl.checkConnect(Native Method)
	at sun.nio.ch.SocketChannelImpl.finishConnect(SocketChannelImpl.java:717)
	at org.apache.ratis.thirdparty.io.netty.channel.socket.nio.NioSocketChannel.doFinishConnect(NioSocketChannel.java:327)
	at org.apache.ratis.thirdparty.io.netty.channel.nio.AbstractNioChannel$AbstractNioUnsafe.finishConnect(AbstractNioChannel.java:340)
	at org.apache.ratis.thirdparty.io.netty.channel.nio.NioEventLoop.processSelectedKey(NioEventLoop.java:632)
	at org.apache.ratis.thirdparty.io.netty.channel.nio.NioEventLoop.processSelectedKeysOptimized(NioEventLoop.java:579)
	at org.apache.ratis.thirdparty.io.netty.channel.nio.NioEventLoop.processSelectedKeys(NioEventLoop.java:496)
	at org.apache.ratis.thirdparty.io.netty.channel.nio.NioEventLoop.run(NioEventLoop.java:458)
	at org.apache.ratis.thirdparty.io.netty.util.concurrent.SingleThreadEventExecutor$5.run(SingleThreadEventExecutor.java:897)
	at org.apache.ratis.thirdparty.io.netty.util.concurrent.FastThreadLocalRunnable.run(FastThreadLocalRunnable.java:30)
	... 1 more
Caused by: java.net.ConnectException: Connection refused
	... 11 more
2019-10-18 07:24:21,545 [12ad0800-05cb-443c-9fdd-fa1debf04523@group-BCB82A5C07F5-LeaderElection1300] INFO  impl.RaftServerImpl (RaftServerImpl.java:setRole(184)) - 12ad0800-05cb-443c-9fdd-fa1debf04523@group-BCB82A5C07F5: changes role from CANDIDATE to FOLLOWER at term 246 for DISCOVERED_A_NEW_TERM
2019-10-18 07:24:21,545 [12ad0800-05cb-443c-9fdd-fa1debf04523@group-BCB82A5C07F5-LeaderElection1300] INFO  impl.RoleInfo (RoleInfo.java:shutdownLeaderElection(134)) - 12ad0800-05cb-443c-9fdd-fa1debf04523: shutdown LeaderElection
2019-10-18 07:24:21,545 [12ad0800-05cb-443c-9fdd-fa1debf04523@group-BCB82A5C07F5-LeaderElection1300] INFO  impl.RoleInfo (RoleInfo.java:updateAndGet(143)) - 12ad0800-05cb-443c-9fdd-fa1debf04523: start FollowerState
2019-10-18 07:24:21,691 [Thread-11098] INFO  impl.FollowerState (FollowerState.java:run(108)) - 12ad0800-05cb-443c-9fdd-fa1debf04523@group-BCB82A5C07F5-FollowerState: change to CANDIDATE, lastRpcTime:146ms, electionTimeout:146ms
2019-10-18 07:24:21,691 [Thread-11098] INFO  impl.RoleInfo (RoleInfo.java:shutdownFollowerState(121)) - 12ad0800-05cb-443c-9fdd-fa1debf04523: shutdown FollowerState
2019-10-18 07:24:21,692 [Thread-11098] INFO  impl.RaftServerImpl (RaftServerImpl.java:setRole(184)) - 12ad0800-05cb-443c-9fdd-fa1debf04523@group-BCB82A5C07F5: changes role from  FOLLOWER to CANDIDATE at term 246 for changeToCandidate
2019-10-18 07:24:21,692 [Thread-11098] INFO  impl.RoleInfo (RoleInfo.java:updateAndGet(143)) - 12ad0800-05cb-443c-9fdd-fa1debf04523: start LeaderElection
2019-10-18 07:24:21,720 [12ad0800-05cb-443c-9fdd-fa1debf04523@group-BCB82A5C07F5-LeaderElection1301] INFO  impl.LeaderElection (LeaderElection.java:askForVotes(178)) - 12ad0800-05cb-443c-9fdd-fa1debf04523@group-BCB82A5C07F5-LeaderElection1301: begin an election at term 247 for -1: [12ad0800-05cb-443c-9fdd-fa1debf04523:192.168.34.25:41155, 5170c5f3-8499-4b42-9321-85fc8a351f79:192.168.34.25:43074, 0b10a9fc-47eb-4a2b-b664-8273d9d17379:192.168.34.25:45248], old=null
2019-10-18 07:24:21,721 [12ad0800-05cb-443c-9fdd-fa1debf04523@group-BCB82A5C07F5-LeaderElection1301] INFO  impl.LeaderElection (LogUtils.java:infoOrTrace(149)) - 12ad0800-05cb-443c-9fdd-fa1debf04523@group-BCB82A5C07F5-LeaderElection1301 got exception when requesting votes: {}
java.util.concurrent.ExecutionException: org.apache.ratis.thirdparty.io.grpc.StatusRuntimeException: UNAVAILABLE: io exception
	at java.util.concurrent.FutureTask.report(FutureTask.java:122)
	at java.util.concurrent.FutureTask.get(FutureTask.java:192)
	at org.apache.ratis.server.impl.LeaderElection.waitForResults(LeaderElection.java:259)
	at org.apache.ratis.server.impl.LeaderElection.askForVotes(LeaderElection.java:197)
	at org.apache.ratis.server.impl.LeaderElection.run(LeaderElection.java:133)
	at java.lang.Thread.run(Thread.java:748)
Caused by: org.apache.ratis.thirdparty.io.grpc.StatusRuntimeException: UNAVAILABLE: io exception
	at org.apache.ratis.thirdparty.io.grpc.stub.ClientCalls.toStatusRuntimeException(ClientCalls.java:233)
	at org.apache.ratis.thirdparty.io.grpc.stub.ClientCalls.getUnchecked(ClientCalls.java:214)
	at org.apache.ratis.thirdparty.io.grpc.stub.ClientCalls.blockingUnaryCall(ClientCalls.java:139)
	at org.apache.ratis.proto.grpc.RaftServerProtocolServiceGrpc$RaftServerProtocolServiceBlockingStub.requestVote(RaftServerProtocolServiceGrpc.java:265)
	at org.apache.ratis.grpc.server.GrpcServerProtocolClient.requestVote(GrpcServerProtocolClient.java:99)
	at org.apache.ratis.grpc.server.GrpcService.requestVote(GrpcService.java:204)
	at org.apache.ratis.server.impl.LeaderElection.lambda$submitRequests$1(LeaderElection.java:234)
	at java.util.concurrent.FutureTask.run(FutureTask.java:266)
	at java.util.concurrent.Executors$RunnableAdapter.call(Executors.java:511)
	at java.util.concurrent.FutureTask.run(FutureTask.java:266)
	at java.util.concurrent.ThreadPoolExecutor.runWorker(ThreadPoolExecutor.java:1149)
	at java.util.concurrent.ThreadPoolExecutor$Worker.run(ThreadPoolExecutor.java:624)
	... 1 more
Caused by: org.apache.ratis.thirdparty.io.netty.channel.AbstractChannel$AnnotatedConnectException: Connection refused: /192.168.34.25:45248
	at sun.nio.ch.SocketChannelImpl.checkConnect(Native Method)
	at sun.nio.ch.SocketChannelImpl.finishConnect(SocketChannelImpl.java:717)
	at org.apache.ratis.thirdparty.io.netty.channel.socket.nio.NioSocketChannel.doFinishConnect(NioSocketChannel.java:327)
	at org.apache.ratis.thirdparty.io.netty.channel.nio.AbstractNioChannel$AbstractNioUnsafe.finishConnect(AbstractNioChannel.java:340)
	at org.apache.ratis.thirdparty.io.netty.channel.nio.NioEventLoop.processSelectedKey(NioEventLoop.java:632)
	at org.apache.ratis.thirdparty.io.netty.channel.nio.NioEventLoop.processSelectedKeysOptimized(NioEventLoop.java:579)
	at org.apache.ratis.thirdparty.io.netty.channel.nio.NioEventLoop.processSelectedKeys(NioEventLoop.java:496)
	at org.apache.ratis.thirdparty.io.netty.channel.nio.NioEventLoop.run(NioEventLoop.java:458)
	at org.apache.ratis.thirdparty.io.netty.util.concurrent.SingleThreadEventExecutor$5.run(SingleThreadEventExecutor.java:897)
	at org.apache.ratis.thirdparty.io.netty.util.concurrent.FastThreadLocalRunnable.run(FastThreadLocalRunnable.java:30)
	... 1 more
Caused by: java.net.ConnectException: Connection refused
	... 11 more
2019-10-18 07:24:21,721 [12ad0800-05cb-443c-9fdd-fa1debf04523@group-BCB82A5C07F5-LeaderElection1301] INFO  impl.LeaderElection (LogUtils.java:infoOrTrace(149)) - 12ad0800-05cb-443c-9fdd-fa1debf04523@group-BCB82A5C07F5-LeaderElection1301 got exception when requesting votes: {}
java.util.concurrent.ExecutionException: org.apache.ratis.thirdparty.io.grpc.StatusRuntimeException: UNAVAILABLE: io exception
	at java.util.concurrent.FutureTask.report(FutureTask.java:122)
	at java.util.concurrent.FutureTask.get(FutureTask.java:192)
	at org.apache.ratis.server.impl.LeaderElection.waitForResults(LeaderElection.java:259)
	at org.apache.ratis.server.impl.LeaderElection.askForVotes(LeaderElection.java:197)
	at org.apache.ratis.server.impl.LeaderElection.run(LeaderElection.java:133)
	at java.lang.Thread.run(Thread.java:748)
Caused by: org.apache.ratis.thirdparty.io.grpc.StatusRuntimeException: UNAVAILABLE: io exception
	at org.apache.ratis.thirdparty.io.grpc.stub.ClientCalls.toStatusRuntimeException(ClientCalls.java:233)
	at org.apache.ratis.thirdparty.io.grpc.stub.ClientCalls.getUnchecked(ClientCalls.java:214)
	at org.apache.ratis.thirdparty.io.grpc.stub.ClientCalls.blockingUnaryCall(ClientCalls.java:139)
	at org.apache.ratis.proto.grpc.RaftServerProtocolServiceGrpc$RaftServerProtocolServiceBlockingStub.requestVote(RaftServerProtocolServiceGrpc.java:265)
	at org.apache.ratis.grpc.server.GrpcServerProtocolClient.requestVote(GrpcServerProtocolClient.java:99)
	at org.apache.ratis.grpc.server.GrpcService.requestVote(GrpcService.java:204)
	at org.apache.ratis.server.impl.LeaderElection.lambda$submitRequests$1(LeaderElection.java:234)
	at java.util.concurrent.FutureTask.run(FutureTask.java:266)
	at java.util.concurrent.Executors$RunnableAdapter.call(Executors.java:511)
	at java.util.concurrent.FutureTask.run(FutureTask.java:266)
	at java.util.concurrent.ThreadPoolExecutor.runWorker(ThreadPoolExecutor.java:1149)
	at java.util.concurrent.ThreadPoolExecutor$Worker.run(ThreadPoolExecutor.java:624)
	... 1 more
Caused by: org.apache.ratis.thirdparty.io.netty.channel.AbstractChannel$AnnotatedConnectException: Connection refused: /192.168.34.25:43074
	at sun.nio.ch.SocketChannelImpl.checkConnect(Native Method)
	at sun.nio.ch.SocketChannelImpl.finishConnect(SocketChannelImpl.java:717)
	at org.apache.ratis.thirdparty.io.netty.channel.socket.nio.NioSocketChannel.doFinishConnect(NioSocketChannel.java:327)
	at org.apache.ratis.thirdparty.io.netty.channel.nio.AbstractNioChannel$AbstractNioUnsafe.finishConnect(AbstractNioChannel.java:340)
	at org.apache.ratis.thirdparty.io.netty.channel.nio.NioEventLoop.processSelectedKey(NioEventLoop.java:632)
	at org.apache.ratis.thirdparty.io.netty.channel.nio.NioEventLoop.processSelectedKeysOptimized(NioEventLoop.java:579)
	at org.apache.ratis.thirdparty.io.netty.channel.nio.NioEventLoop.processSelectedKeys(NioEventLoop.java:496)
	at org.apache.ratis.thirdparty.io.netty.channel.nio.NioEventLoop.run(NioEventLoop.java:458)
	at org.apache.ratis.thirdparty.io.netty.util.concurrent.SingleThreadEventExecutor$5.run(SingleThreadEventExecutor.java:897)
	at org.apache.ratis.thirdparty.io.netty.util.concurrent.FastThreadLocalRunnable.run(FastThreadLocalRunnable.java:30)
	... 1 more
Caused by: java.net.ConnectException: Connection refused
	... 11 more
2019-10-18 07:24:21,722 [12ad0800-05cb-443c-9fdd-fa1debf04523@group-BCB82A5C07F5-LeaderElection1301] INFO  impl.LeaderElection (LeaderElection.java:logAndReturn(56)) - 12ad0800-05cb-443c-9fdd-fa1debf04523@group-BCB82A5C07F5-LeaderElection1301: Election REJECTED; received 0 response(s) [] and 2 exception(s); 12ad0800-05cb-443c-9fdd-fa1debf04523@group-BCB82A5C07F5:t247, leader=null, voted=12ad0800-05cb-443c-9fdd-fa1debf04523, raftlog=12ad0800-05cb-443c-9fdd-fa1debf04523@group-BCB82A5C07F5-SegmentedRaftLog:OPENED:c-1,f-1,i0, conf=-1: [12ad0800-05cb-443c-9fdd-fa1debf04523:192.168.34.25:41155, 5170c5f3-8499-4b42-9321-85fc8a351f79:192.168.34.25:43074, 0b10a9fc-47eb-4a2b-b664-8273d9d17379:192.168.34.25:45248], old=null
2019-10-18 07:24:21,722 [12ad0800-05cb-443c-9fdd-fa1debf04523@group-BCB82A5C07F5-LeaderElection1301] INFO  impl.LeaderElection (LogUtils.java:infoOrTrace(149)) -   Exception 0: {}
java.util.concurrent.ExecutionException: org.apache.ratis.thirdparty.io.grpc.StatusRuntimeException: UNAVAILABLE: io exception
	at java.util.concurrent.FutureTask.report(FutureTask.java:122)
	at java.util.concurrent.FutureTask.get(FutureTask.java:192)
	at org.apache.ratis.server.impl.LeaderElection.waitForResults(LeaderElection.java:259)
	at org.apache.ratis.server.impl.LeaderElection.askForVotes(LeaderElection.java:197)
	at org.apache.ratis.server.impl.LeaderElection.run(LeaderElection.java:133)
	at java.lang.Thread.run(Thread.java:748)
Caused by: org.apache.ratis.thirdparty.io.grpc.StatusRuntimeException: UNAVAILABLE: io exception
	at org.apache.ratis.thirdparty.io.grpc.stub.ClientCalls.toStatusRuntimeException(ClientCalls.java:233)
	at org.apache.ratis.thirdparty.io.grpc.stub.ClientCalls.getUnchecked(ClientCalls.java:214)
	at org.apache.ratis.thirdparty.io.grpc.stub.ClientCalls.blockingUnaryCall(ClientCalls.java:139)
	at org.apache.ratis.proto.grpc.RaftServerProtocolServiceGrpc$RaftServerProtocolServiceBlockingStub.requestVote(RaftServerProtocolServiceGrpc.java:265)
	at org.apache.ratis.grpc.server.GrpcServerProtocolClient.requestVote(GrpcServerProtocolClient.java:99)
	at org.apache.ratis.grpc.server.GrpcService.requestVote(GrpcService.java:204)
	at org.apache.ratis.server.impl.LeaderElection.lambda$submitRequests$1(LeaderElection.java:234)
	at java.util.concurrent.FutureTask.run(FutureTask.java:266)
	at java.util.concurrent.Executors$RunnableAdapter.call(Executors.java:511)
	at java.util.concurrent.FutureTask.run(FutureTask.java:266)
	at java.util.concurrent.ThreadPoolExecutor.runWorker(ThreadPoolExecutor.java:1149)
	at java.util.concurrent.ThreadPoolExecutor$Worker.run(ThreadPoolExecutor.java:624)
	... 1 more
Caused by: org.apache.ratis.thirdparty.io.netty.channel.AbstractChannel$AnnotatedConnectException: Connection refused: /192.168.34.25:45248
	at sun.nio.ch.SocketChannelImpl.checkConnect(Native Method)
	at sun.nio.ch.SocketChannelImpl.finishConnect(SocketChannelImpl.java:717)
	at org.apache.ratis.thirdparty.io.netty.channel.socket.nio.NioSocketChannel.doFinishConnect(NioSocketChannel.java:327)
	at org.apache.ratis.thirdparty.io.netty.channel.nio.AbstractNioChannel$AbstractNioUnsafe.finishConnect(AbstractNioChannel.java:340)
	at org.apache.ratis.thirdparty.io.netty.channel.nio.NioEventLoop.processSelectedKey(NioEventLoop.java:632)
	at org.apache.ratis.thirdparty.io.netty.channel.nio.NioEventLoop.processSelectedKeysOptimized(NioEventLoop.java:579)
	at org.apache.ratis.thirdparty.io.netty.channel.nio.NioEventLoop.processSelectedKeys(NioEventLoop.java:496)
	at org.apache.ratis.thirdparty.io.netty.channel.nio.NioEventLoop.run(NioEventLoop.java:458)
	at org.apache.ratis.thirdparty.io.netty.util.concurrent.SingleThreadEventExecutor$5.run(SingleThreadEventExecutor.java:897)
	at org.apache.ratis.thirdparty.io.netty.util.concurrent.FastThreadLocalRunnable.run(FastThreadLocalRunnable.java:30)
	... 1 more
Caused by: java.net.ConnectException: Connection refused
	... 11 more
2019-10-18 07:24:21,722 [12ad0800-05cb-443c-9fdd-fa1debf04523@group-BCB82A5C07F5-LeaderElection1301] INFO  impl.LeaderElection (LogUtils.java:infoOrTrace(149)) -   Exception 1: {}
java.util.concurrent.ExecutionException: org.apache.ratis.thirdparty.io.grpc.StatusRuntimeException: UNAVAILABLE: io exception
	at java.util.concurrent.FutureTask.report(FutureTask.java:122)
	at java.util.concurrent.FutureTask.get(FutureTask.java:192)
	at org.apache.ratis.server.impl.LeaderElection.waitForResults(LeaderElection.java:259)
	at org.apache.ratis.server.impl.LeaderElection.askForVotes(LeaderElection.java:197)
	at org.apache.ratis.server.impl.LeaderElection.run(LeaderElection.java:133)
	at java.lang.Thread.run(Thread.java:748)
Caused by: org.apache.ratis.thirdparty.io.grpc.StatusRuntimeException: UNAVAILABLE: io exception
	at org.apache.ratis.thirdparty.io.grpc.stub.ClientCalls.toStatusRuntimeException(ClientCalls.java:233)
	at org.apache.ratis.thirdparty.io.grpc.stub.ClientCalls.getUnchecked(ClientCalls.java:214)
	at org.apache.ratis.thirdparty.io.grpc.stub.ClientCalls.blockingUnaryCall(ClientCalls.java:139)
	at org.apache.ratis.proto.grpc.RaftServerProtocolServiceGrpc$RaftServerProtocolServiceBlockingStub.requestVote(RaftServerProtocolServiceGrpc.java:265)
	at org.apache.ratis.grpc.server.GrpcServerProtocolClient.requestVote(GrpcServerProtocolClient.java:99)
	at org.apache.ratis.grpc.server.GrpcService.requestVote(GrpcService.java:204)
	at org.apache.ratis.server.impl.LeaderElection.lambda$submitRequests$1(LeaderElection.java:234)
	at java.util.concurrent.FutureTask.run(FutureTask.java:266)
	at java.util.concurrent.Executors$RunnableAdapter.call(Executors.java:511)
	at java.util.concurrent.FutureTask.run(FutureTask.java:266)
	at java.util.concurrent.ThreadPoolExecutor.runWorker(ThreadPoolExecutor.java:1149)
	at java.util.concurrent.ThreadPoolExecutor$Worker.run(ThreadPoolExecutor.java:624)
	... 1 more
Caused by: org.apache.ratis.thirdparty.io.netty.channel.AbstractChannel$AnnotatedConnectException: Connection refused: /192.168.34.25:43074
	at sun.nio.ch.SocketChannelImpl.checkConnect(Native Method)
	at sun.nio.ch.SocketChannelImpl.finishConnect(SocketChannelImpl.java:717)
	at org.apache.ratis.thirdparty.io.netty.channel.socket.nio.NioSocketChannel.doFinishConnect(NioSocketChannel.java:327)
	at org.apache.ratis.thirdparty.io.netty.channel.nio.AbstractNioChannel$AbstractNioUnsafe.finishConnect(AbstractNioChannel.java:340)
	at org.apache.ratis.thirdparty.io.netty.channel.nio.NioEventLoop.processSelectedKey(NioEventLoop.java:632)
	at org.apache.ratis.thirdparty.io.netty.channel.nio.NioEventLoop.processSelectedKeysOptimized(NioEventLoop.java:579)
	at org.apache.ratis.thirdparty.io.netty.channel.nio.NioEventLoop.processSelectedKeys(NioEventLoop.java:496)
	at org.apache.ratis.thirdparty.io.netty.channel.nio.NioEventLoop.run(NioEventLoop.java:458)
	at org.apache.ratis.thirdparty.io.netty.util.concurrent.SingleThreadEventExecutor$5.run(SingleThreadEventExecutor.java:897)
	at org.apache.ratis.thirdparty.io.netty.util.concurrent.FastThreadLocalRunnable.run(FastThreadLocalRunnable.java:30)
	... 1 more
Caused by: java.net.ConnectException: Connection refused
	... 11 more
2019-10-18 07:24:21,723 [12ad0800-05cb-443c-9fdd-fa1debf04523@group-BCB82A5C07F5-LeaderElection1301] INFO  impl.RaftServerImpl (RaftServerImpl.java:setRole(184)) - 12ad0800-05cb-443c-9fdd-fa1debf04523@group-BCB82A5C07F5: changes role from CANDIDATE to FOLLOWER at term 247 for DISCOVERED_A_NEW_TERM
2019-10-18 07:24:21,723 [12ad0800-05cb-443c-9fdd-fa1debf04523@group-BCB82A5C07F5-LeaderElection1301] INFO  impl.RoleInfo (RoleInfo.java:shutdownLeaderElection(134)) - 12ad0800-05cb-443c-9fdd-fa1debf04523: shutdown LeaderElection
2019-10-18 07:24:21,723 [12ad0800-05cb-443c-9fdd-fa1debf04523@group-BCB82A5C07F5-LeaderElection1301] INFO  impl.RoleInfo (RoleInfo.java:updateAndGet(143)) - 12ad0800-05cb-443c-9fdd-fa1debf04523: start FollowerState
2019-10-18 07:24:21,764 [java.util.concurrent.ThreadPoolExecutor$Worker@1ddf09da[State = -1, empty queue]] WARN  server.GrpcLogAppender (GrpcLogAppender.java:timeoutAppendRequest(209)) - 030c2313-1c2c-4b42-81fb-cb58ee93f992@group-E193FE271C99->9712a796-5281-4f3e-ac85-61dedd90db73-GrpcLogAppender: appendEntries Timeout, request=030c2313-1c2c-4b42-81fb-cb58ee93f992->9712a796-5281-4f3e-ac85-61dedd90db73#70-t1, previous=(t:1, i:10), leaderCommit=10, initializing? false, entries: <empty>
2019-10-18 07:24:21,803 [Thread-11102] INFO  impl.FollowerState (FollowerState.java:run(108)) - 12ad0800-05cb-443c-9fdd-fa1debf04523@group-BCB82A5C07F5-FollowerState: change to CANDIDATE, lastRpcTime:80ms, electionTimeout:80ms
2019-10-18 07:24:21,803 [Thread-11102] INFO  impl.RoleInfo (RoleInfo.java:shutdownFollowerState(121)) - 12ad0800-05cb-443c-9fdd-fa1debf04523: shutdown FollowerState
2019-10-18 07:24:21,803 [Thread-11102] INFO  impl.RaftServerImpl (RaftServerImpl.java:setRole(184)) - 12ad0800-05cb-443c-9fdd-fa1debf04523@group-BCB82A5C07F5: changes role from  FOLLOWER to CANDIDATE at term 247 for changeToCandidate
2019-10-18 07:24:21,803 [Thread-11102] INFO  impl.RoleInfo (RoleInfo.java:updateAndGet(143)) - 12ad0800-05cb-443c-9fdd-fa1debf04523: start LeaderElection
2019-10-18 07:24:21,830 [12ad0800-05cb-443c-9fdd-fa1debf04523@group-BCB82A5C07F5-LeaderElection1302] INFO  impl.LeaderElection (LeaderElection.java:askForVotes(178)) - 12ad0800-05cb-443c-9fdd-fa1debf04523@group-BCB82A5C07F5-LeaderElection1302: begin an election at term 248 for -1: [12ad0800-05cb-443c-9fdd-fa1debf04523:192.168.34.25:41155, 5170c5f3-8499-4b42-9321-85fc8a351f79:192.168.34.25:43074, 0b10a9fc-47eb-4a2b-b664-8273d9d17379:192.168.34.25:45248], old=null
2019-10-18 07:24:21,831 [12ad0800-05cb-443c-9fdd-fa1debf04523@group-BCB82A5C07F5-LeaderElection1302] INFO  impl.LeaderElection (LogUtils.java:infoOrTrace(149)) - 12ad0800-05cb-443c-9fdd-fa1debf04523@group-BCB82A5C07F5-LeaderElection1302 got exception when requesting votes: {}
java.util.concurrent.ExecutionException: org.apache.ratis.thirdparty.io.grpc.StatusRuntimeException: UNAVAILABLE: io exception
	at java.util.concurrent.FutureTask.report(FutureTask.java:122)
	at java.util.concurrent.FutureTask.get(FutureTask.java:192)
	at org.apache.ratis.server.impl.LeaderElection.waitForResults(LeaderElection.java:259)
	at org.apache.ratis.server.impl.LeaderElection.askForVotes(LeaderElection.java:197)
	at org.apache.ratis.server.impl.LeaderElection.run(LeaderElection.java:133)
	at java.lang.Thread.run(Thread.java:748)
Caused by: org.apache.ratis.thirdparty.io.grpc.StatusRuntimeException: UNAVAILABLE: io exception
	at org.apache.ratis.thirdparty.io.grpc.stub.ClientCalls.toStatusRuntimeException(ClientCalls.java:233)
	at org.apache.ratis.thirdparty.io.grpc.stub.ClientCalls.getUnchecked(ClientCalls.java:214)
	at org.apache.ratis.thirdparty.io.grpc.stub.ClientCalls.blockingUnaryCall(ClientCalls.java:139)
	at org.apache.ratis.proto.grpc.RaftServerProtocolServiceGrpc$RaftServerProtocolServiceBlockingStub.requestVote(RaftServerProtocolServiceGrpc.java:265)
	at org.apache.ratis.grpc.server.GrpcServerProtocolClient.requestVote(GrpcServerProtocolClient.java:99)
	at org.apache.ratis.grpc.server.GrpcService.requestVote(GrpcService.java:204)
	at org.apache.ratis.server.impl.LeaderElection.lambda$submitRequests$1(LeaderElection.java:234)
	at java.util.concurrent.FutureTask.run(FutureTask.java:266)
	at java.util.concurrent.Executors$RunnableAdapter.call(Executors.java:511)
	at java.util.concurrent.FutureTask.run(FutureTask.java:266)
	at java.util.concurrent.ThreadPoolExecutor.runWorker(ThreadPoolExecutor.java:1149)
	at java.util.concurrent.ThreadPoolExecutor$Worker.run(ThreadPoolExecutor.java:624)
	... 1 more
Caused by: org.apache.ratis.thirdparty.io.netty.channel.AbstractChannel$AnnotatedConnectException: Connection refused: /192.168.34.25:43074
	at sun.nio.ch.SocketChannelImpl.checkConnect(Native Method)
	at sun.nio.ch.SocketChannelImpl.finishConnect(SocketChannelImpl.java:717)
	at org.apache.ratis.thirdparty.io.netty.channel.socket.nio.NioSocketChannel.doFinishConnect(NioSocketChannel.java:327)
	at org.apache.ratis.thirdparty.io.netty.channel.nio.AbstractNioChannel$AbstractNioUnsafe.finishConnect(AbstractNioChannel.java:340)
	at org.apache.ratis.thirdparty.io.netty.channel.nio.NioEventLoop.processSelectedKey(NioEventLoop.java:632)
	at org.apache.ratis.thirdparty.io.netty.channel.nio.NioEventLoop.processSelectedKeysOptimized(NioEventLoop.java:579)
	at org.apache.ratis.thirdparty.io.netty.channel.nio.NioEventLoop.processSelectedKeys(NioEventLoop.java:496)
	at org.apache.ratis.thirdparty.io.netty.channel.nio.NioEventLoop.run(NioEventLoop.java:458)
	at org.apache.ratis.thirdparty.io.netty.util.concurrent.SingleThreadEventExecutor$5.run(SingleThreadEventExecutor.java:897)
	at org.apache.ratis.thirdparty.io.netty.util.concurrent.FastThreadLocalRunnable.run(FastThreadLocalRunnable.java:30)
	... 1 more
Caused by: java.net.ConnectException: Connection refused
	... 11 more
2019-10-18 07:24:21,831 [12ad0800-05cb-443c-9fdd-fa1debf04523@group-BCB82A5C07F5-LeaderElection1302] INFO  impl.LeaderElection (LogUtils.java:infoOrTrace(149)) - 12ad0800-05cb-443c-9fdd-fa1debf04523@group-BCB82A5C07F5-LeaderElection1302 got exception when requesting votes: {}
java.util.concurrent.ExecutionException: org.apache.ratis.thirdparty.io.grpc.StatusRuntimeException: UNAVAILABLE: io exception
	at java.util.concurrent.FutureTask.report(FutureTask.java:122)
	at java.util.concurrent.FutureTask.get(FutureTask.java:192)
	at org.apache.ratis.server.impl.LeaderElection.waitForResults(LeaderElection.java:259)
	at org.apache.ratis.server.impl.LeaderElection.askForVotes(LeaderElection.java:197)
	at org.apache.ratis.server.impl.LeaderElection.run(LeaderElection.java:133)
	at java.lang.Thread.run(Thread.java:748)
Caused by: org.apache.ratis.thirdparty.io.grpc.StatusRuntimeException: UNAVAILABLE: io exception
	at org.apache.ratis.thirdparty.io.grpc.stub.ClientCalls.toStatusRuntimeException(ClientCalls.java:233)
	at org.apache.ratis.thirdparty.io.grpc.stub.ClientCalls.getUnchecked(ClientCalls.java:214)
	at org.apache.ratis.thirdparty.io.grpc.stub.ClientCalls.blockingUnaryCall(ClientCalls.java:139)
	at org.apache.ratis.proto.grpc.RaftServerProtocolServiceGrpc$RaftServerProtocolServiceBlockingStub.requestVote(RaftServerProtocolServiceGrpc.java:265)
	at org.apache.ratis.grpc.server.GrpcServerProtocolClient.requestVote(GrpcServerProtocolClient.java:99)
	at org.apache.ratis.grpc.server.GrpcService.requestVote(GrpcService.java:204)
	at org.apache.ratis.server.impl.LeaderElection.lambda$submitRequests$1(LeaderElection.java:234)
	at java.util.concurrent.FutureTask.run(FutureTask.java:266)
	at java.util.concurrent.Executors$RunnableAdapter.call(Executors.java:511)
	at java.util.concurrent.FutureTask.run(FutureTask.java:266)
	at java.util.concurrent.ThreadPoolExecutor.runWorker(ThreadPoolExecutor.java:1149)
	at java.util.concurrent.ThreadPoolExecutor$Worker.run(ThreadPoolExecutor.java:624)
	... 1 more
Caused by: org.apache.ratis.thirdparty.io.netty.channel.AbstractChannel$AnnotatedConnectException: Connection refused: /192.168.34.25:45248
	at sun.nio.ch.SocketChannelImpl.checkConnect(Native Method)
	at sun.nio.ch.SocketChannelImpl.finishConnect(SocketChannelImpl.java:717)
	at org.apache.ratis.thirdparty.io.netty.channel.socket.nio.NioSocketChannel.doFinishConnect(NioSocketChannel.java:327)
	at org.apache.ratis.thirdparty.io.netty.channel.nio.AbstractNioChannel$AbstractNioUnsafe.finishConnect(AbstractNioChannel.java:340)
	at org.apache.ratis.thirdparty.io.netty.channel.nio.NioEventLoop.processSelectedKey(NioEventLoop.java:632)
	at org.apache.ratis.thirdparty.io.netty.channel.nio.NioEventLoop.processSelectedKeysOptimized(NioEventLoop.java:579)
	at org.apache.ratis.thirdparty.io.netty.channel.nio.NioEventLoop.processSelectedKeys(NioEventLoop.java:496)
	at org.apache.ratis.thirdparty.io.netty.channel.nio.NioEventLoop.run(NioEventLoop.java:458)
	at org.apache.ratis.thirdparty.io.netty.util.concurrent.SingleThreadEventExecutor$5.run(SingleThreadEventExecutor.java:897)
	at org.apache.ratis.thirdparty.io.netty.util.concurrent.FastThreadLocalRunnable.run(FastThreadLocalRunnable.java:30)
	... 1 more
Caused by: java.net.ConnectException: Connection refused
	... 11 more
2019-10-18 07:24:21,832 [12ad0800-05cb-443c-9fdd-fa1debf04523@group-BCB82A5C07F5-LeaderElection1302] INFO  impl.LeaderElection (LeaderElection.java:logAndReturn(56)) - 12ad0800-05cb-443c-9fdd-fa1debf04523@group-BCB82A5C07F5-LeaderElection1302: Election REJECTED; received 0 response(s) [] and 2 exception(s); 12ad0800-05cb-443c-9fdd-fa1debf04523@group-BCB82A5C07F5:t248, leader=null, voted=12ad0800-05cb-443c-9fdd-fa1debf04523, raftlog=12ad0800-05cb-443c-9fdd-fa1debf04523@group-BCB82A5C07F5-SegmentedRaftLog:OPENED:c-1,f-1,i0, conf=-1: [12ad0800-05cb-443c-9fdd-fa1debf04523:192.168.34.25:41155, 5170c5f3-8499-4b42-9321-85fc8a351f79:192.168.34.25:43074, 0b10a9fc-47eb-4a2b-b664-8273d9d17379:192.168.34.25:45248], old=null
2019-10-18 07:24:21,832 [12ad0800-05cb-443c-9fdd-fa1debf04523@group-BCB82A5C07F5-LeaderElection1302] INFO  impl.LeaderElection (LogUtils.java:infoOrTrace(149)) -   Exception 0: {}
java.util.concurrent.ExecutionException: org.apache.ratis.thirdparty.io.grpc.StatusRuntimeException: UNAVAILABLE: io exception
	at java.util.concurrent.FutureTask.report(FutureTask.java:122)
	at java.util.concurrent.FutureTask.get(FutureTask.java:192)
	at org.apache.ratis.server.impl.LeaderElection.waitForResults(LeaderElection.java:259)
	at org.apache.ratis.server.impl.LeaderElection.askForVotes(LeaderElection.java:197)
	at org.apache.ratis.server.impl.LeaderElection.run(LeaderElection.java:133)
	at java.lang.Thread.run(Thread.java:748)
Caused by: org.apache.ratis.thirdparty.io.grpc.StatusRuntimeException: UNAVAILABLE: io exception
	at org.apache.ratis.thirdparty.io.grpc.stub.ClientCalls.toStatusRuntimeException(ClientCalls.java:233)
	at org.apache.ratis.thirdparty.io.grpc.stub.ClientCalls.getUnchecked(ClientCalls.java:214)
	at org.apache.ratis.thirdparty.io.grpc.stub.ClientCalls.blockingUnaryCall(ClientCalls.java:139)
	at org.apache.ratis.proto.grpc.RaftServerProtocolServiceGrpc$RaftServerProtocolServiceBlockingStub.requestVote(RaftServerProtocolServiceGrpc.java:265)
	at org.apache.ratis.grpc.server.GrpcServerProtocolClient.requestVote(GrpcServerProtocolClient.java:99)
	at org.apache.ratis.grpc.server.GrpcService.requestVote(GrpcService.java:204)
	at org.apache.ratis.server.impl.LeaderElection.lambda$submitRequests$1(LeaderElection.java:234)
	at java.util.concurrent.FutureTask.run(FutureTask.java:266)
	at java.util.concurrent.Executors$RunnableAdapter.call(Executors.java:511)
	at java.util.concurrent.FutureTask.run(FutureTask.java:266)
	at java.util.concurrent.ThreadPoolExecutor.runWorker(ThreadPoolExecutor.java:1149)
	at java.util.concurrent.ThreadPoolExecutor$Worker.run(ThreadPoolExecutor.java:624)
	... 1 more
Caused by: org.apache.ratis.thirdparty.io.netty.channel.AbstractChannel$AnnotatedConnectException: Connection refused: /192.168.34.25:43074
	at sun.nio.ch.SocketChannelImpl.checkConnect(Native Method)
	at sun.nio.ch.SocketChannelImpl.finishConnect(SocketChannelImpl.java:717)
	at org.apache.ratis.thirdparty.io.netty.channel.socket.nio.NioSocketChannel.doFinishConnect(NioSocketChannel.java:327)
	at org.apache.ratis.thirdparty.io.netty.channel.nio.AbstractNioChannel$AbstractNioUnsafe.finishConnect(AbstractNioChannel.java:340)
	at org.apache.ratis.thirdparty.io.netty.channel.nio.NioEventLoop.processSelectedKey(NioEventLoop.java:632)
	at org.apache.ratis.thirdparty.io.netty.channel.nio.NioEventLoop.processSelectedKeysOptimized(NioEventLoop.java:579)
	at org.apache.ratis.thirdparty.io.netty.channel.nio.NioEventLoop.processSelectedKeys(NioEventLoop.java:496)
	at org.apache.ratis.thirdparty.io.netty.channel.nio.NioEventLoop.run(NioEventLoop.java:458)
	at org.apache.ratis.thirdparty.io.netty.util.concurrent.SingleThreadEventExecutor$5.run(SingleThreadEventExecutor.java:897)
	at org.apache.ratis.thirdparty.io.netty.util.concurrent.FastThreadLocalRunnable.run(FastThreadLocalRunnable.java:30)
	... 1 more
Caused by: java.net.ConnectException: Connection refused
	... 11 more
2019-10-18 07:24:21,832 [12ad0800-05cb-443c-9fdd-fa1debf04523@group-BCB82A5C07F5-LeaderElection1302] INFO  impl.LeaderElection (LogUtils.java:infoOrTrace(149)) -   Exception 1: {}
java.util.concurrent.ExecutionException: org.apache.ratis.thirdparty.io.grpc.StatusRuntimeException: UNAVAILABLE: io exception
	at java.util.concurrent.FutureTask.report(FutureTask.java:122)
	at java.util.concurrent.FutureTask.get(FutureTask.java:192)
	at org.apache.ratis.server.impl.LeaderElection.waitForResults(LeaderElection.java:259)
	at org.apache.ratis.server.impl.LeaderElection.askForVotes(LeaderElection.java:197)
	at org.apache.ratis.server.impl.LeaderElection.run(LeaderElection.java:133)
	at java.lang.Thread.run(Thread.java:748)
Caused by: org.apache.ratis.thirdparty.io.grpc.StatusRuntimeException: UNAVAILABLE: io exception
	at org.apache.ratis.thirdparty.io.grpc.stub.ClientCalls.toStatusRuntimeException(ClientCalls.java:233)
	at org.apache.ratis.thirdparty.io.grpc.stub.ClientCalls.getUnchecked(ClientCalls.java:214)
	at org.apache.ratis.thirdparty.io.grpc.stub.ClientCalls.blockingUnaryCall(ClientCalls.java:139)
	at org.apache.ratis.proto.grpc.RaftServerProtocolServiceGrpc$RaftServerProtocolServiceBlockingStub.requestVote(RaftServerProtocolServiceGrpc.java:265)
	at org.apache.ratis.grpc.server.GrpcServerProtocolClient.requestVote(GrpcServerProtocolClient.java:99)
	at org.apache.ratis.grpc.server.GrpcService.requestVote(GrpcService.java:204)
	at org.apache.ratis.server.impl.LeaderElection.lambda$submitRequests$1(LeaderElection.java:234)
	at java.util.concurrent.FutureTask.run(FutureTask.java:266)
	at java.util.concurrent.Executors$RunnableAdapter.call(Executors.java:511)
	at java.util.concurrent.FutureTask.run(FutureTask.java:266)
	at java.util.concurrent.ThreadPoolExecutor.runWorker(ThreadPoolExecutor.java:1149)
	at java.util.concurrent.ThreadPoolExecutor$Worker.run(ThreadPoolExecutor.java:624)
	... 1 more
Caused by: org.apache.ratis.thirdparty.io.netty.channel.AbstractChannel$AnnotatedConnectException: Connection refused: /192.168.34.25:45248
	at sun.nio.ch.SocketChannelImpl.checkConnect(Native Method)
	at sun.nio.ch.SocketChannelImpl.finishConnect(SocketChannelImpl.java:717)
	at org.apache.ratis.thirdparty.io.netty.channel.socket.nio.NioSocketChannel.doFinishConnect(NioSocketChannel.java:327)
	at org.apache.ratis.thirdparty.io.netty.channel.nio.AbstractNioChannel$AbstractNioUnsafe.finishConnect(AbstractNioChannel.java:340)
	at org.apache.ratis.thirdparty.io.netty.channel.nio.NioEventLoop.processSelectedKey(NioEventLoop.java:632)
	at org.apache.ratis.thirdparty.io.netty.channel.nio.NioEventLoop.processSelectedKeysOptimized(NioEventLoop.java:579)
	at org.apache.ratis.thirdparty.io.netty.channel.nio.NioEventLoop.processSelectedKeys(NioEventLoop.java:496)
	at org.apache.ratis.thirdparty.io.netty.channel.nio.NioEventLoop.run(NioEventLoop.java:458)
	at org.apache.ratis.thirdparty.io.netty.util.concurrent.SingleThreadEventExecutor$5.run(SingleThreadEventExecutor.java:897)
	at org.apache.ratis.thirdparty.io.netty.util.concurrent.FastThreadLocalRunnable.run(FastThreadLocalRunnable.java:30)
	... 1 more
Caused by: java.net.ConnectException: Connection refused
	... 11 more
2019-10-18 07:24:21,832 [12ad0800-05cb-443c-9fdd-fa1debf04523@group-BCB82A5C07F5-LeaderElection1302] INFO  impl.RaftServerImpl (RaftServerImpl.java:setRole(184)) - 12ad0800-05cb-443c-9fdd-fa1debf04523@group-BCB82A5C07F5: changes role from CANDIDATE to FOLLOWER at term 248 for DISCOVERED_A_NEW_TERM
2019-10-18 07:24:21,832 [12ad0800-05cb-443c-9fdd-fa1debf04523@group-BCB82A5C07F5-LeaderElection1302] INFO  impl.RoleInfo (RoleInfo.java:shutdownLeaderElection(134)) - 12ad0800-05cb-443c-9fdd-fa1debf04523: shutdown LeaderElection
2019-10-18 07:24:21,832 [12ad0800-05cb-443c-9fdd-fa1debf04523@group-BCB82A5C07F5-LeaderElection1302] INFO  impl.RoleInfo (RoleInfo.java:updateAndGet(143)) - 12ad0800-05cb-443c-9fdd-fa1debf04523: start FollowerState
2019-10-18 07:24:21,967 [Thread-11106] INFO  impl.FollowerState (FollowerState.java:run(108)) - 12ad0800-05cb-443c-9fdd-fa1debf04523@group-BCB82A5C07F5-FollowerState: change to CANDIDATE, lastRpcTime:134ms, electionTimeout:134ms
2019-10-18 07:24:21,967 [Thread-11106] INFO  impl.RoleInfo (RoleInfo.java:shutdownFollowerState(121)) - 12ad0800-05cb-443c-9fdd-fa1debf04523: shutdown FollowerState
2019-10-18 07:24:21,967 [Thread-11106] INFO  impl.RaftServerImpl (RaftServerImpl.java:setRole(184)) - 12ad0800-05cb-443c-9fdd-fa1debf04523@group-BCB82A5C07F5: changes role from  FOLLOWER to CANDIDATE at term 248 for changeToCandidate
2019-10-18 07:24:21,967 [Thread-11106] INFO  impl.RoleInfo (RoleInfo.java:updateAndGet(143)) - 12ad0800-05cb-443c-9fdd-fa1debf04523: start LeaderElection
2019-10-18 07:24:21,990 [12ad0800-05cb-443c-9fdd-fa1debf04523@group-BCB82A5C07F5-LeaderElection1303] INFO  impl.LeaderElection (LeaderElection.java:askForVotes(178)) - 12ad0800-05cb-443c-9fdd-fa1debf04523@group-BCB82A5C07F5-LeaderElection1303: begin an election at term 249 for -1: [12ad0800-05cb-443c-9fdd-fa1debf04523:192.168.34.25:41155, 5170c5f3-8499-4b42-9321-85fc8a351f79:192.168.34.25:43074, 0b10a9fc-47eb-4a2b-b664-8273d9d17379:192.168.34.25:45248], old=null
2019-10-18 07:24:21,991 [12ad0800-05cb-443c-9fdd-fa1debf04523@group-BCB82A5C07F5-LeaderElection1303] INFO  impl.LeaderElection (LogUtils.java:infoOrTrace(149)) - 12ad0800-05cb-443c-9fdd-fa1debf04523@group-BCB82A5C07F5-LeaderElection1303 got exception when requesting votes: {}
java.util.concurrent.ExecutionException: org.apache.ratis.thirdparty.io.grpc.StatusRuntimeException: UNAVAILABLE: io exception
	at java.util.concurrent.FutureTask.report(FutureTask.java:122)
	at java.util.concurrent.FutureTask.get(FutureTask.java:192)
	at org.apache.ratis.server.impl.LeaderElection.waitForResults(LeaderElection.java:259)
	at org.apache.ratis.server.impl.LeaderElection.askForVotes(LeaderElection.java:197)
	at org.apache.ratis.server.impl.LeaderElection.run(LeaderElection.java:133)
	at java.lang.Thread.run(Thread.java:748)
Caused by: org.apache.ratis.thirdparty.io.grpc.StatusRuntimeException: UNAVAILABLE: io exception
	at org.apache.ratis.thirdparty.io.grpc.stub.ClientCalls.toStatusRuntimeException(ClientCalls.java:233)
	at org.apache.ratis.thirdparty.io.grpc.stub.ClientCalls.getUnchecked(ClientCalls.java:214)
	at org.apache.ratis.thirdparty.io.grpc.stub.ClientCalls.blockingUnaryCall(ClientCalls.java:139)
	at org.apache.ratis.proto.grpc.RaftServerProtocolServiceGrpc$RaftServerProtocolServiceBlockingStub.requestVote(RaftServerProtocolServiceGrpc.java:265)
	at org.apache.ratis.grpc.server.GrpcServerProtocolClient.requestVote(GrpcServerProtocolClient.java:99)
	at org.apache.ratis.grpc.server.GrpcService.requestVote(GrpcService.java:204)
	at org.apache.ratis.server.impl.LeaderElection.lambda$submitRequests$1(LeaderElection.java:234)
	at java.util.concurrent.FutureTask.run(FutureTask.java:266)
	at java.util.concurrent.Executors$RunnableAdapter.call(Executors.java:511)
	at java.util.concurrent.FutureTask.run(FutureTask.java:266)
	at java.util.concurrent.ThreadPoolExecutor.runWorker(ThreadPoolExecutor.java:1149)
	at java.util.concurrent.ThreadPoolExecutor$Worker.run(ThreadPoolExecutor.java:624)
	... 1 more
Caused by: org.apache.ratis.thirdparty.io.netty.channel.AbstractChannel$AnnotatedConnectException: Connection refused: /192.168.34.25:43074
	at sun.nio.ch.SocketChannelImpl.checkConnect(Native Method)
	at sun.nio.ch.SocketChannelImpl.finishConnect(SocketChannelImpl.java:717)
	at org.apache.ratis.thirdparty.io.netty.channel.socket.nio.NioSocketChannel.doFinishConnect(NioSocketChannel.java:327)
	at org.apache.ratis.thirdparty.io.netty.channel.nio.AbstractNioChannel$AbstractNioUnsafe.finishConnect(AbstractNioChannel.java:340)
	at org.apache.ratis.thirdparty.io.netty.channel.nio.NioEventLoop.processSelectedKey(NioEventLoop.java:632)
	at org.apache.ratis.thirdparty.io.netty.channel.nio.NioEventLoop.processSelectedKeysOptimized(NioEventLoop.java:579)
	at org.apache.ratis.thirdparty.io.netty.channel.nio.NioEventLoop.processSelectedKeys(NioEventLoop.java:496)
	at org.apache.ratis.thirdparty.io.netty.channel.nio.NioEventLoop.run(NioEventLoop.java:458)
	at org.apache.ratis.thirdparty.io.netty.util.concurrent.SingleThreadEventExecutor$5.run(SingleThreadEventExecutor.java:897)
	at org.apache.ratis.thirdparty.io.netty.util.concurrent.FastThreadLocalRunnable.run(FastThreadLocalRunnable.java:30)
	... 1 more
Caused by: java.net.ConnectException: Connection refused
	... 11 more
2019-10-18 07:24:21,991 [12ad0800-05cb-443c-9fdd-fa1debf04523@group-BCB82A5C07F5-LeaderElection1303] INFO  impl.LeaderElection (LogUtils.java:infoOrTrace(149)) - 12ad0800-05cb-443c-9fdd-fa1debf04523@group-BCB82A5C07F5-LeaderElection1303 got exception when requesting votes: {}
java.util.concurrent.ExecutionException: org.apache.ratis.thirdparty.io.grpc.StatusRuntimeException: UNAVAILABLE: io exception
	at java.util.concurrent.FutureTask.report(FutureTask.java:122)
	at java.util.concurrent.FutureTask.get(FutureTask.java:192)
	at org.apache.ratis.server.impl.LeaderElection.waitForResults(LeaderElection.java:259)
	at org.apache.ratis.server.impl.LeaderElection.askForVotes(LeaderElection.java:197)
	at org.apache.ratis.server.impl.LeaderElection.run(LeaderElection.java:133)
	at java.lang.Thread.run(Thread.java:748)
Caused by: org.apache.ratis.thirdparty.io.grpc.StatusRuntimeException: UNAVAILABLE: io exception
	at org.apache.ratis.thirdparty.io.grpc.stub.ClientCalls.toStatusRuntimeException(ClientCalls.java:233)
	at org.apache.ratis.thirdparty.io.grpc.stub.ClientCalls.getUnchecked(ClientCalls.java:214)
	at org.apache.ratis.thirdparty.io.grpc.stub.ClientCalls.blockingUnaryCall(ClientCalls.java:139)
	at org.apache.ratis.proto.grpc.RaftServerProtocolServiceGrpc$RaftServerProtocolServiceBlockingStub.requestVote(RaftServerProtocolServiceGrpc.java:265)
	at org.apache.ratis.grpc.server.GrpcServerProtocolClient.requestVote(GrpcServerProtocolClient.java:99)
	at org.apache.ratis.grpc.server.GrpcService.requestVote(GrpcService.java:204)
	at org.apache.ratis.server.impl.LeaderElection.lambda$submitRequests$1(LeaderElection.java:234)
	at java.util.concurrent.FutureTask.run(FutureTask.java:266)
	at java.util.concurrent.Executors$RunnableAdapter.call(Executors.java:511)
	at java.util.concurrent.FutureTask.run(FutureTask.java:266)
	at java.util.concurrent.ThreadPoolExecutor.runWorker(ThreadPoolExecutor.java:1149)
	at java.util.concurrent.ThreadPoolExecutor$Worker.run(ThreadPoolExecutor.java:624)
	... 1 more
Caused by: org.apache.ratis.thirdparty.io.netty.channel.AbstractChannel$AnnotatedConnectException: Connection refused: /192.168.34.25:45248
	at sun.nio.ch.SocketChannelImpl.checkConnect(Native Method)
	at sun.nio.ch.SocketChannelImpl.finishConnect(SocketChannelImpl.java:717)
	at org.apache.ratis.thirdparty.io.netty.channel.socket.nio.NioSocketChannel.doFinishConnect(NioSocketChannel.java:327)
	at org.apache.ratis.thirdparty.io.netty.channel.nio.AbstractNioChannel$AbstractNioUnsafe.finishConnect(AbstractNioChannel.java:340)
	at org.apache.ratis.thirdparty.io.netty.channel.nio.NioEventLoop.processSelectedKey(NioEventLoop.java:632)
	at org.apache.ratis.thirdparty.io.netty.channel.nio.NioEventLoop.processSelectedKeysOptimized(NioEventLoop.java:579)
	at org.apache.ratis.thirdparty.io.netty.channel.nio.NioEventLoop.processSelectedKeys(NioEventLoop.java:496)
	at org.apache.ratis.thirdparty.io.netty.channel.nio.NioEventLoop.run(NioEventLoop.java:458)
	at org.apache.ratis.thirdparty.io.netty.util.concurrent.SingleThreadEventExecutor$5.run(SingleThreadEventExecutor.java:897)
	at org.apache.ratis.thirdparty.io.netty.util.concurrent.FastThreadLocalRunnable.run(FastThreadLocalRunnable.java:30)
	... 1 more
Caused by: java.net.ConnectException: Connection refused
	... 11 more
2019-10-18 07:24:21,992 [12ad0800-05cb-443c-9fdd-fa1debf04523@group-BCB82A5C07F5-LeaderElection1303] INFO  impl.LeaderElection (LeaderElection.java:logAndReturn(56)) - 12ad0800-05cb-443c-9fdd-fa1debf04523@group-BCB82A5C07F5-LeaderElection1303: Election REJECTED; received 0 response(s) [] and 2 exception(s); 12ad0800-05cb-443c-9fdd-fa1debf04523@group-BCB82A5C07F5:t249, leader=null, voted=12ad0800-05cb-443c-9fdd-fa1debf04523, raftlog=12ad0800-05cb-443c-9fdd-fa1debf04523@group-BCB82A5C07F5-SegmentedRaftLog:OPENED:c-1,f-1,i0, conf=-1: [12ad0800-05cb-443c-9fdd-fa1debf04523:192.168.34.25:41155, 5170c5f3-8499-4b42-9321-85fc8a351f79:192.168.34.25:43074, 0b10a9fc-47eb-4a2b-b664-8273d9d17379:192.168.34.25:45248], old=null
2019-10-18 07:24:21,992 [12ad0800-05cb-443c-9fdd-fa1debf04523@group-BCB82A5C07F5-LeaderElection1303] INFO  impl.LeaderElection (LogUtils.java:infoOrTrace(149)) -   Exception 0: {}
java.util.concurrent.ExecutionException: org.apache.ratis.thirdparty.io.grpc.StatusRuntimeException: UNAVAILABLE: io exception
	at java.util.concurrent.FutureTask.report(FutureTask.java:122)
	at java.util.concurrent.FutureTask.get(FutureTask.java:192)
	at org.apache.ratis.server.impl.LeaderElection.waitForResults(LeaderElection.java:259)
	at org.apache.ratis.server.impl.LeaderElection.askForVotes(LeaderElection.java:197)
	at org.apache.ratis.server.impl.LeaderElection.run(LeaderElection.java:133)
	at java.lang.Thread.run(Thread.java:748)
Caused by: org.apache.ratis.thirdparty.io.grpc.StatusRuntimeException: UNAVAILABLE: io exception
	at org.apache.ratis.thirdparty.io.grpc.stub.ClientCalls.toStatusRuntimeException(ClientCalls.java:233)
	at org.apache.ratis.thirdparty.io.grpc.stub.ClientCalls.getUnchecked(ClientCalls.java:214)
	at org.apache.ratis.thirdparty.io.grpc.stub.ClientCalls.blockingUnaryCall(ClientCalls.java:139)
	at org.apache.ratis.proto.grpc.RaftServerProtocolServiceGrpc$RaftServerProtocolServiceBlockingStub.requestVote(RaftServerProtocolServiceGrpc.java:265)
	at org.apache.ratis.grpc.server.GrpcServerProtocolClient.requestVote(GrpcServerProtocolClient.java:99)
	at org.apache.ratis.grpc.server.GrpcService.requestVote(GrpcService.java:204)
	at org.apache.ratis.server.impl.LeaderElection.lambda$submitRequests$1(LeaderElection.java:234)
	at java.util.concurrent.FutureTask.run(FutureTask.java:266)
	at java.util.concurrent.Executors$RunnableAdapter.call(Executors.java:511)
	at java.util.concurrent.FutureTask.run(FutureTask.java:266)
	at java.util.concurrent.ThreadPoolExecutor.runWorker(ThreadPoolExecutor.java:1149)
	at java.util.concurrent.ThreadPoolExecutor$Worker.run(ThreadPoolExecutor.java:624)
	... 1 more
Caused by: org.apache.ratis.thirdparty.io.netty.channel.AbstractChannel$AnnotatedConnectException: Connection refused: /192.168.34.25:43074
	at sun.nio.ch.SocketChannelImpl.checkConnect(Native Method)
	at sun.nio.ch.SocketChannelImpl.finishConnect(SocketChannelImpl.java:717)
	at org.apache.ratis.thirdparty.io.netty.channel.socket.nio.NioSocketChannel.doFinishConnect(NioSocketChannel.java:327)
	at org.apache.ratis.thirdparty.io.netty.channel.nio.AbstractNioChannel$AbstractNioUnsafe.finishConnect(AbstractNioChannel.java:340)
	at org.apache.ratis.thirdparty.io.netty.channel.nio.NioEventLoop.processSelectedKey(NioEventLoop.java:632)
	at org.apache.ratis.thirdparty.io.netty.channel.nio.NioEventLoop.processSelectedKeysOptimized(NioEventLoop.java:579)
	at org.apache.ratis.thirdparty.io.netty.channel.nio.NioEventLoop.processSelectedKeys(NioEventLoop.java:496)
	at org.apache.ratis.thirdparty.io.netty.channel.nio.NioEventLoop.run(NioEventLoop.java:458)
	at org.apache.ratis.thirdparty.io.netty.util.concurrent.SingleThreadEventExecutor$5.run(SingleThreadEventExecutor.java:897)
	at org.apache.ratis.thirdparty.io.netty.util.concurrent.FastThreadLocalRunnable.run(FastThreadLocalRunnable.java:30)
	... 1 more
Caused by: java.net.ConnectException: Connection refused
	... 11 more
2019-10-18 07:24:21,992 [12ad0800-05cb-443c-9fdd-fa1debf04523@group-BCB82A5C07F5-LeaderElection1303] INFO  impl.LeaderElection (LogUtils.java:infoOrTrace(149)) -   Exception 1: {}
java.util.concurrent.ExecutionException: org.apache.ratis.thirdparty.io.grpc.StatusRuntimeException: UNAVAILABLE: io exception
	at java.util.concurrent.FutureTask.report(FutureTask.java:122)
	at java.util.concurrent.FutureTask.get(FutureTask.java:192)
	at org.apache.ratis.server.impl.LeaderElection.waitForResults(LeaderElection.java:259)
	at org.apache.ratis.server.impl.LeaderElection.askForVotes(LeaderElection.java:197)
	at org.apache.ratis.server.impl.LeaderElection.run(LeaderElection.java:133)
	at java.lang.Thread.run(Thread.java:748)
Caused by: org.apache.ratis.thirdparty.io.grpc.StatusRuntimeException: UNAVAILABLE: io exception
	at org.apache.ratis.thirdparty.io.grpc.stub.ClientCalls.toStatusRuntimeException(ClientCalls.java:233)
	at org.apache.ratis.thirdparty.io.grpc.stub.ClientCalls.getUnchecked(ClientCalls.java:214)
	at org.apache.ratis.thirdparty.io.grpc.stub.ClientCalls.blockingUnaryCall(ClientCalls.java:139)
	at org.apache.ratis.proto.grpc.RaftServerProtocolServiceGrpc$RaftServerProtocolServiceBlockingStub.requestVote(RaftServerProtocolServiceGrpc.java:265)
	at org.apache.ratis.grpc.server.GrpcServerProtocolClient.requestVote(GrpcServerProtocolClient.java:99)
	at org.apache.ratis.grpc.server.GrpcService.requestVote(GrpcService.java:204)
	at org.apache.ratis.server.impl.LeaderElection.lambda$submitRequests$1(LeaderElection.java:234)
	at java.util.concurrent.FutureTask.run(FutureTask.java:266)
	at java.util.concurrent.Executors$RunnableAdapter.call(Executors.java:511)
	at java.util.concurrent.FutureTask.run(FutureTask.java:266)
	at java.util.concurrent.ThreadPoolExecutor.runWorker(ThreadPoolExecutor.java:1149)
	at java.util.concurrent.ThreadPoolExecutor$Worker.run(ThreadPoolExecutor.java:624)
	... 1 more
Caused by: org.apache.ratis.thirdparty.io.netty.channel.AbstractChannel$AnnotatedConnectException: Connection refused: /192.168.34.25:45248
	at sun.nio.ch.SocketChannelImpl.checkConnect(Native Method)
	at sun.nio.ch.SocketChannelImpl.finishConnect(SocketChannelImpl.java:717)
	at org.apache.ratis.thirdparty.io.netty.channel.socket.nio.NioSocketChannel.doFinishConnect(NioSocketChannel.java:327)
	at org.apache.ratis.thirdparty.io.netty.channel.nio.AbstractNioChannel$AbstractNioUnsafe.finishConnect(AbstractNioChannel.java:340)
	at org.apache.ratis.thirdparty.io.netty.channel.nio.NioEventLoop.processSelectedKey(NioEventLoop.java:632)
	at org.apache.ratis.thirdparty.io.netty.channel.nio.NioEventLoop.processSelectedKeysOptimized(NioEventLoop.java:579)
	at org.apache.ratis.thirdparty.io.netty.channel.nio.NioEventLoop.processSelectedKeys(NioEventLoop.java:496)
	at org.apache.ratis.thirdparty.io.netty.channel.nio.NioEventLoop.run(NioEventLoop.java:458)
	at org.apache.ratis.thirdparty.io.netty.util.concurrent.SingleThreadEventExecutor$5.run(SingleThreadEventExecutor.java:897)
	at org.apache.ratis.thirdparty.io.netty.util.concurrent.FastThreadLocalRunnable.run(FastThreadLocalRunnable.java:30)
	... 1 more
Caused by: java.net.ConnectException: Connection refused
	... 11 more
2019-10-18 07:24:21,992 [12ad0800-05cb-443c-9fdd-fa1debf04523@group-BCB82A5C07F5-LeaderElection1303] INFO  impl.RaftServerImpl (RaftServerImpl.java:setRole(184)) - 12ad0800-05cb-443c-9fdd-fa1debf04523@group-BCB82A5C07F5: changes role from CANDIDATE to FOLLOWER at term 249 for DISCOVERED_A_NEW_TERM
2019-10-18 07:24:21,993 [12ad0800-05cb-443c-9fdd-fa1debf04523@group-BCB82A5C07F5-LeaderElection1303] INFO  impl.RoleInfo (RoleInfo.java:shutdownLeaderElection(134)) - 12ad0800-05cb-443c-9fdd-fa1debf04523: shutdown LeaderElection
2019-10-18 07:24:21,993 [12ad0800-05cb-443c-9fdd-fa1debf04523@group-BCB82A5C07F5-LeaderElection1303] INFO  impl.RoleInfo (RoleInfo.java:updateAndGet(143)) - 12ad0800-05cb-443c-9fdd-fa1debf04523: start FollowerState
2019-10-18 07:24:22,157 [Thread-11110] INFO  impl.FollowerState (FollowerState.java:run(108)) - 12ad0800-05cb-443c-9fdd-fa1debf04523@group-BCB82A5C07F5-FollowerState: change to CANDIDATE, lastRpcTime:164ms, electionTimeout:164ms
2019-10-18 07:24:22,157 [Thread-11110] INFO  impl.RoleInfo (RoleInfo.java:shutdownFollowerState(121)) - 12ad0800-05cb-443c-9fdd-fa1debf04523: shutdown FollowerState
2019-10-18 07:24:22,157 [Thread-11110] INFO  impl.RaftServerImpl (RaftServerImpl.java:setRole(184)) - 12ad0800-05cb-443c-9fdd-fa1debf04523@group-BCB82A5C07F5: changes role from  FOLLOWER to CANDIDATE at term 249 for changeToCandidate
2019-10-18 07:24:22,158 [Thread-11110] INFO  impl.RoleInfo (RoleInfo.java:updateAndGet(143)) - 12ad0800-05cb-443c-9fdd-fa1debf04523: start LeaderElection
2019-10-18 07:24:22,183 [12ad0800-05cb-443c-9fdd-fa1debf04523@group-BCB82A5C07F5-LeaderElection1304] INFO  impl.LeaderElection (LeaderElection.java:askForVotes(178)) - 12ad0800-05cb-443c-9fdd-fa1debf04523@group-BCB82A5C07F5-LeaderElection1304: begin an election at term 250 for -1: [12ad0800-05cb-443c-9fdd-fa1debf04523:192.168.34.25:41155, 5170c5f3-8499-4b42-9321-85fc8a351f79:192.168.34.25:43074, 0b10a9fc-47eb-4a2b-b664-8273d9d17379:192.168.34.25:45248], old=null
2019-10-18 07:24:22,184 [12ad0800-05cb-443c-9fdd-fa1debf04523@group-BCB82A5C07F5-LeaderElection1304] INFO  impl.LeaderElection (LogUtils.java:infoOrTrace(149)) - 12ad0800-05cb-443c-9fdd-fa1debf04523@group-BCB82A5C07F5-LeaderElection1304 got exception when requesting votes: {}
java.util.concurrent.ExecutionException: org.apache.ratis.thirdparty.io.grpc.StatusRuntimeException: UNAVAILABLE: io exception
	at java.util.concurrent.FutureTask.report(FutureTask.java:122)
	at java.util.concurrent.FutureTask.get(FutureTask.java:192)
	at org.apache.ratis.server.impl.LeaderElection.waitForResults(LeaderElection.java:259)
	at org.apache.ratis.server.impl.LeaderElection.askForVotes(LeaderElection.java:197)
	at org.apache.ratis.server.impl.LeaderElection.run(LeaderElection.java:133)
	at java.lang.Thread.run(Thread.java:748)
Caused by: org.apache.ratis.thirdparty.io.grpc.StatusRuntimeException: UNAVAILABLE: io exception
	at org.apache.ratis.thirdparty.io.grpc.stub.ClientCalls.toStatusRuntimeException(ClientCalls.java:233)
	at org.apache.ratis.thirdparty.io.grpc.stub.ClientCalls.getUnchecked(ClientCalls.java:214)
	at org.apache.ratis.thirdparty.io.grpc.stub.ClientCalls.blockingUnaryCall(ClientCalls.java:139)
	at org.apache.ratis.proto.grpc.RaftServerProtocolServiceGrpc$RaftServerProtocolServiceBlockingStub.requestVote(RaftServerProtocolServiceGrpc.java:265)
	at org.apache.ratis.grpc.server.GrpcServerProtocolClient.requestVote(GrpcServerProtocolClient.java:99)
	at org.apache.ratis.grpc.server.GrpcService.requestVote(GrpcService.java:204)
	at org.apache.ratis.server.impl.LeaderElection.lambda$submitRequests$1(LeaderElection.java:234)
	at java.util.concurrent.FutureTask.run(FutureTask.java:266)
	at java.util.concurrent.Executors$RunnableAdapter.call(Executors.java:511)
	at java.util.concurrent.FutureTask.run(FutureTask.java:266)
	at java.util.concurrent.ThreadPoolExecutor.runWorker(ThreadPoolExecutor.java:1149)
	at java.util.concurrent.ThreadPoolExecutor$Worker.run(ThreadPoolExecutor.java:624)
	... 1 more
Caused by: org.apache.ratis.thirdparty.io.netty.channel.AbstractChannel$AnnotatedConnectException: Connection refused: /192.168.34.25:43074
	at sun.nio.ch.SocketChannelImpl.checkConnect(Native Method)
	at sun.nio.ch.SocketChannelImpl.finishConnect(SocketChannelImpl.java:717)
	at org.apache.ratis.thirdparty.io.netty.channel.socket.nio.NioSocketChannel.doFinishConnect(NioSocketChannel.java:327)
	at org.apache.ratis.thirdparty.io.netty.channel.nio.AbstractNioChannel$AbstractNioUnsafe.finishConnect(AbstractNioChannel.java:340)
	at org.apache.ratis.thirdparty.io.netty.channel.nio.NioEventLoop.processSelectedKey(NioEventLoop.java:632)
	at org.apache.ratis.thirdparty.io.netty.channel.nio.NioEventLoop.processSelectedKeysOptimized(NioEventLoop.java:579)
	at org.apache.ratis.thirdparty.io.netty.channel.nio.NioEventLoop.processSelectedKeys(NioEventLoop.java:496)
	at org.apache.ratis.thirdparty.io.netty.channel.nio.NioEventLoop.run(NioEventLoop.java:458)
	at org.apache.ratis.thirdparty.io.netty.util.concurrent.SingleThreadEventExecutor$5.run(SingleThreadEventExecutor.java:897)
	at org.apache.ratis.thirdparty.io.netty.util.concurrent.FastThreadLocalRunnable.run(FastThreadLocalRunnable.java:30)
	... 1 more
Caused by: java.net.ConnectException: Connection refused
	... 11 more
2019-10-18 07:24:22,184 [12ad0800-05cb-443c-9fdd-fa1debf04523@group-BCB82A5C07F5-LeaderElection1304] INFO  impl.LeaderElection (LogUtils.java:infoOrTrace(149)) - 12ad0800-05cb-443c-9fdd-fa1debf04523@group-BCB82A5C07F5-LeaderElection1304 got exception when requesting votes: {}
java.util.concurrent.ExecutionException: org.apache.ratis.thirdparty.io.grpc.StatusRuntimeException: UNAVAILABLE: io exception
	at java.util.concurrent.FutureTask.report(FutureTask.java:122)
	at java.util.concurrent.FutureTask.get(FutureTask.java:192)
	at org.apache.ratis.server.impl.LeaderElection.waitForResults(LeaderElection.java:259)
	at org.apache.ratis.server.impl.LeaderElection.askForVotes(LeaderElection.java:197)
	at org.apache.ratis.server.impl.LeaderElection.run(LeaderElection.java:133)
	at java.lang.Thread.run(Thread.java:748)
Caused by: org.apache.ratis.thirdparty.io.grpc.StatusRuntimeException: UNAVAILABLE: io exception
	at org.apache.ratis.thirdparty.io.grpc.stub.ClientCalls.toStatusRuntimeException(ClientCalls.java:233)
	at org.apache.ratis.thirdparty.io.grpc.stub.ClientCalls.getUnchecked(ClientCalls.java:214)
	at org.apache.ratis.thirdparty.io.grpc.stub.ClientCalls.blockingUnaryCall(ClientCalls.java:139)
	at org.apache.ratis.proto.grpc.RaftServerProtocolServiceGrpc$RaftServerProtocolServiceBlockingStub.requestVote(RaftServerProtocolServiceGrpc.java:265)
	at org.apache.ratis.grpc.server.GrpcServerProtocolClient.requestVote(GrpcServerProtocolClient.java:99)
	at org.apache.ratis.grpc.server.GrpcService.requestVote(GrpcService.java:204)
	at org.apache.ratis.server.impl.LeaderElection.lambda$submitRequests$1(LeaderElection.java:234)
	at java.util.concurrent.FutureTask.run(FutureTask.java:266)
	at java.util.concurrent.Executors$RunnableAdapter.call(Executors.java:511)
	at java.util.concurrent.FutureTask.run(FutureTask.java:266)
	at java.util.concurrent.ThreadPoolExecutor.runWorker(ThreadPoolExecutor.java:1149)
	at java.util.concurrent.ThreadPoolExecutor$Worker.run(ThreadPoolExecutor.java:624)
	... 1 more
Caused by: org.apache.ratis.thirdparty.io.netty.channel.AbstractChannel$AnnotatedConnectException: Connection refused: /192.168.34.25:45248
	at sun.nio.ch.SocketChannelImpl.checkConnect(Native Method)
	at sun.nio.ch.SocketChannelImpl.finishConnect(SocketChannelImpl.java:717)
	at org.apache.ratis.thirdparty.io.netty.channel.socket.nio.NioSocketChannel.doFinishConnect(NioSocketChannel.java:327)
	at org.apache.ratis.thirdparty.io.netty.channel.nio.AbstractNioChannel$AbstractNioUnsafe.finishConnect(AbstractNioChannel.java:340)
	at org.apache.ratis.thirdparty.io.netty.channel.nio.NioEventLoop.processSelectedKey(NioEventLoop.java:632)
	at org.apache.ratis.thirdparty.io.netty.channel.nio.NioEventLoop.processSelectedKeysOptimized(NioEventLoop.java:579)
	at org.apache.ratis.thirdparty.io.netty.channel.nio.NioEventLoop.processSelectedKeys(NioEventLoop.java:496)
	at org.apache.ratis.thirdparty.io.netty.channel.nio.NioEventLoop.run(NioEventLoop.java:458)
	at org.apache.ratis.thirdparty.io.netty.util.concurrent.SingleThreadEventExecutor$5.run(SingleThreadEventExecutor.java:897)
	at org.apache.ratis.thirdparty.io.netty.util.concurrent.FastThreadLocalRunnable.run(FastThreadLocalRunnable.java:30)
	... 1 more
Caused by: java.net.ConnectException: Connection refused
	... 11 more
2019-10-18 07:24:22,184 [12ad0800-05cb-443c-9fdd-fa1debf04523@group-BCB82A5C07F5-LeaderElection1304] INFO  impl.LeaderElection (LeaderElection.java:logAndReturn(56)) - 12ad0800-05cb-443c-9fdd-fa1debf04523@group-BCB82A5C07F5-LeaderElection1304: Election REJECTED; received 0 response(s) [] and 2 exception(s); 12ad0800-05cb-443c-9fdd-fa1debf04523@group-BCB82A5C07F5:t250, leader=null, voted=12ad0800-05cb-443c-9fdd-fa1debf04523, raftlog=12ad0800-05cb-443c-9fdd-fa1debf04523@group-BCB82A5C07F5-SegmentedRaftLog:OPENED:c-1,f-1,i0, conf=-1: [12ad0800-05cb-443c-9fdd-fa1debf04523:192.168.34.25:41155, 5170c5f3-8499-4b42-9321-85fc8a351f79:192.168.34.25:43074, 0b10a9fc-47eb-4a2b-b664-8273d9d17379:192.168.34.25:45248], old=null
2019-10-18 07:24:22,185 [12ad0800-05cb-443c-9fdd-fa1debf04523@group-BCB82A5C07F5-LeaderElection1304] INFO  impl.LeaderElection (LogUtils.java:infoOrTrace(149)) -   Exception 0: {}
java.util.concurrent.ExecutionException: org.apache.ratis.thirdparty.io.grpc.StatusRuntimeException: UNAVAILABLE: io exception
	at java.util.concurrent.FutureTask.report(FutureTask.java:122)
	at java.util.concurrent.FutureTask.get(FutureTask.java:192)
	at org.apache.ratis.server.impl.LeaderElection.waitForResults(LeaderElection.java:259)
	at org.apache.ratis.server.impl.LeaderElection.askForVotes(LeaderElection.java:197)
	at org.apache.ratis.server.impl.LeaderElection.run(LeaderElection.java:133)
	at java.lang.Thread.run(Thread.java:748)
Caused by: org.apache.ratis.thirdparty.io.grpc.StatusRuntimeException: UNAVAILABLE: io exception
	at org.apache.ratis.thirdparty.io.grpc.stub.ClientCalls.toStatusRuntimeException(ClientCalls.java:233)
	at org.apache.ratis.thirdparty.io.grpc.stub.ClientCalls.getUnchecked(ClientCalls.java:214)
	at org.apache.ratis.thirdparty.io.grpc.stub.ClientCalls.blockingUnaryCall(ClientCalls.java:139)
	at org.apache.ratis.proto.grpc.RaftServerProtocolServiceGrpc$RaftServerProtocolServiceBlockingStub.requestVote(RaftServerProtocolServiceGrpc.java:265)
	at org.apache.ratis.grpc.server.GrpcServerProtocolClient.requestVote(GrpcServerProtocolClient.java:99)
	at org.apache.ratis.grpc.server.GrpcService.requestVote(GrpcService.java:204)
	at org.apache.ratis.server.impl.LeaderElection.lambda$submitRequests$1(LeaderElection.java:234)
	at java.util.concurrent.FutureTask.run(FutureTask.java:266)
	at java.util.concurrent.Executors$RunnableAdapter.call(Executors.java:511)
	at java.util.concurrent.FutureTask.run(FutureTask.java:266)
	at java.util.concurrent.ThreadPoolExecutor.runWorker(ThreadPoolExecutor.java:1149)
	at java.util.concurrent.ThreadPoolExecutor$Worker.run(ThreadPoolExecutor.java:624)
	... 1 more
Caused by: org.apache.ratis.thirdparty.io.netty.channel.AbstractChannel$AnnotatedConnectException: Connection refused: /192.168.34.25:43074
	at sun.nio.ch.SocketChannelImpl.checkConnect(Native Method)
	at sun.nio.ch.SocketChannelImpl.finishConnect(SocketChannelImpl.java:717)
	at org.apache.ratis.thirdparty.io.netty.channel.socket.nio.NioSocketChannel.doFinishConnect(NioSocketChannel.java:327)
	at org.apache.ratis.thirdparty.io.netty.channel.nio.AbstractNioChannel$AbstractNioUnsafe.finishConnect(AbstractNioChannel.java:340)
	at org.apache.ratis.thirdparty.io.netty.channel.nio.NioEventLoop.processSelectedKey(NioEventLoop.java:632)
	at org.apache.ratis.thirdparty.io.netty.channel.nio.NioEventLoop.processSelectedKeysOptimized(NioEventLoop.java:579)
	at org.apache.ratis.thirdparty.io.netty.channel.nio.NioEventLoop.processSelectedKeys(NioEventLoop.java:496)
	at org.apache.ratis.thirdparty.io.netty.channel.nio.NioEventLoop.run(NioEventLoop.java:458)
	at org.apache.ratis.thirdparty.io.netty.util.concurrent.SingleThreadEventExecutor$5.run(SingleThreadEventExecutor.java:897)
	at org.apache.ratis.thirdparty.io.netty.util.concurrent.FastThreadLocalRunnable.run(FastThreadLocalRunnable.java:30)
	... 1 more
Caused by: java.net.ConnectException: Connection refused
	... 11 more
2019-10-18 07:24:22,185 [12ad0800-05cb-443c-9fdd-fa1debf04523@group-BCB82A5C07F5-LeaderElection1304] INFO  impl.LeaderElection (LogUtils.java:infoOrTrace(149)) -   Exception 1: {}
java.util.concurrent.ExecutionException: org.apache.ratis.thirdparty.io.grpc.StatusRuntimeException: UNAVAILABLE: io exception
	at java.util.concurrent.FutureTask.report(FutureTask.java:122)
	at java.util.concurrent.FutureTask.get(FutureTask.java:192)
	at org.apache.ratis.server.impl.LeaderElection.waitForResults(LeaderElection.java:259)
	at org.apache.ratis.server.impl.LeaderElection.askForVotes(LeaderElection.java:197)
	at org.apache.ratis.server.impl.LeaderElection.run(LeaderElection.java:133)
	at java.lang.Thread.run(Thread.java:748)
Caused by: org.apache.ratis.thirdparty.io.grpc.StatusRuntimeException: UNAVAILABLE: io exception
	at org.apache.ratis.thirdparty.io.grpc.stub.ClientCalls.toStatusRuntimeException(ClientCalls.java:233)
	at org.apache.ratis.thirdparty.io.grpc.stub.ClientCalls.getUnchecked(ClientCalls.java:214)
	at org.apache.ratis.thirdparty.io.grpc.stub.ClientCalls.blockingUnaryCall(ClientCalls.java:139)
	at org.apache.ratis.proto.grpc.RaftServerProtocolServiceGrpc$RaftServerProtocolServiceBlockingStub.requestVote(RaftServerProtocolServiceGrpc.java:265)
	at org.apache.ratis.grpc.server.GrpcServerProtocolClient.requestVote(GrpcServerProtocolClient.java:99)
	at org.apache.ratis.grpc.server.GrpcService.requestVote(GrpcService.java:204)
	at org.apache.ratis.server.impl.LeaderElection.lambda$submitRequests$1(LeaderElection.java:234)
	at java.util.concurrent.FutureTask.run(FutureTask.java:266)
	at java.util.concurrent.Executors$RunnableAdapter.call(Executors.java:511)
	at java.util.concurrent.FutureTask.run(FutureTask.java:266)
	at java.util.concurrent.ThreadPoolExecutor.runWorker(ThreadPoolExecutor.java:1149)
	at java.util.concurrent.ThreadPoolExecutor$Worker.run(ThreadPoolExecutor.java:624)
	... 1 more
Caused by: org.apache.ratis.thirdparty.io.netty.channel.AbstractChannel$AnnotatedConnectException: Connection refused: /192.168.34.25:45248
	at sun.nio.ch.SocketChannelImpl.checkConnect(Native Method)
	at sun.nio.ch.SocketChannelImpl.finishConnect(SocketChannelImpl.java:717)
	at org.apache.ratis.thirdparty.io.netty.channel.socket.nio.NioSocketChannel.doFinishConnect(NioSocketChannel.java:327)
	at org.apache.ratis.thirdparty.io.netty.channel.nio.AbstractNioChannel$AbstractNioUnsafe.finishConnect(AbstractNioChannel.java:340)
	at org.apache.ratis.thirdparty.io.netty.channel.nio.NioEventLoop.processSelectedKey(NioEventLoop.java:632)
	at org.apache.ratis.thirdparty.io.netty.channel.nio.NioEventLoop.processSelectedKeysOptimized(NioEventLoop.java:579)
	at org.apache.ratis.thirdparty.io.netty.channel.nio.NioEventLoop.processSelectedKeys(NioEventLoop.java:496)
	at org.apache.ratis.thirdparty.io.netty.channel.nio.NioEventLoop.run(NioEventLoop.java:458)
	at org.apache.ratis.thirdparty.io.netty.util.concurrent.SingleThreadEventExecutor$5.run(SingleThreadEventExecutor.java:897)
	at org.apache.ratis.thirdparty.io.netty.util.concurrent.FastThreadLocalRunnable.run(FastThreadLocalRunnable.java:30)
	... 1 more
Caused by: java.net.ConnectException: Connection refused
	... 11 more
2019-10-18 07:24:22,185 [12ad0800-05cb-443c-9fdd-fa1debf04523@group-BCB82A5C07F5-LeaderElection1304] INFO  impl.RaftServerImpl (RaftServerImpl.java:setRole(184)) - 12ad0800-05cb-443c-9fdd-fa1debf04523@group-BCB82A5C07F5: changes role from CANDIDATE to FOLLOWER at term 250 for DISCOVERED_A_NEW_TERM
2019-10-18 07:24:22,185 [12ad0800-05cb-443c-9fdd-fa1debf04523@group-BCB82A5C07F5-LeaderElection1304] INFO  impl.RoleInfo (RoleInfo.java:shutdownLeaderElection(134)) - 12ad0800-05cb-443c-9fdd-fa1debf04523: shutdown LeaderElection
2019-10-18 07:24:22,185 [12ad0800-05cb-443c-9fdd-fa1debf04523@group-BCB82A5C07F5-LeaderElection1304] INFO  impl.RoleInfo (RoleInfo.java:updateAndGet(143)) - 12ad0800-05cb-443c-9fdd-fa1debf04523: start FollowerState
2019-10-18 07:24:22,211 [Thread-11114] INFO  impl.FollowerState (FollowerState.java:run(108)) - 12ad0800-05cb-443c-9fdd-fa1debf04523@group-BCB82A5C07F5-FollowerState: change to CANDIDATE, lastRpcTime:25ms, electionTimeout:25ms
2019-10-18 07:24:22,211 [Thread-11114] INFO  impl.RoleInfo (RoleInfo.java:shutdownFollowerState(121)) - 12ad0800-05cb-443c-9fdd-fa1debf04523: shutdown FollowerState
2019-10-18 07:24:22,211 [Thread-11114] INFO  impl.RaftServerImpl (RaftServerImpl.java:setRole(184)) - 12ad0800-05cb-443c-9fdd-fa1debf04523@group-BCB82A5C07F5: changes role from  FOLLOWER to CANDIDATE at term 250 for changeToCandidate
2019-10-18 07:24:22,211 [Thread-11114] INFO  impl.RoleInfo (RoleInfo.java:updateAndGet(143)) - 12ad0800-05cb-443c-9fdd-fa1debf04523: start LeaderElection
2019-10-18 07:24:22,233 [12ad0800-05cb-443c-9fdd-fa1debf04523@group-BCB82A5C07F5-LeaderElection1305] INFO  impl.LeaderElection (LeaderElection.java:askForVotes(178)) - 12ad0800-05cb-443c-9fdd-fa1debf04523@group-BCB82A5C07F5-LeaderElection1305: begin an election at term 251 for -1: [12ad0800-05cb-443c-9fdd-fa1debf04523:192.168.34.25:41155, 5170c5f3-8499-4b42-9321-85fc8a351f79:192.168.34.25:43074, 0b10a9fc-47eb-4a2b-b664-8273d9d17379:192.168.34.25:45248], old=null
2019-10-18 07:24:22,234 [12ad0800-05cb-443c-9fdd-fa1debf04523@group-BCB82A5C07F5-LeaderElection1305] INFO  impl.LeaderElection (LogUtils.java:infoOrTrace(149)) - 12ad0800-05cb-443c-9fdd-fa1debf04523@group-BCB82A5C07F5-LeaderElection1305 got exception when requesting votes: {}
java.util.concurrent.ExecutionException: org.apache.ratis.thirdparty.io.grpc.StatusRuntimeException: UNAVAILABLE: io exception
	at java.util.concurrent.FutureTask.report(FutureTask.java:122)
	at java.util.concurrent.FutureTask.get(FutureTask.java:192)
	at org.apache.ratis.server.impl.LeaderElection.waitForResults(LeaderElection.java:259)
	at org.apache.ratis.server.impl.LeaderElection.askForVotes(LeaderElection.java:197)
	at org.apache.ratis.server.impl.LeaderElection.run(LeaderElection.java:133)
	at java.lang.Thread.run(Thread.java:748)
Caused by: org.apache.ratis.thirdparty.io.grpc.StatusRuntimeException: UNAVAILABLE: io exception
	at org.apache.ratis.thirdparty.io.grpc.stub.ClientCalls.toStatusRuntimeException(ClientCalls.java:233)
	at org.apache.ratis.thirdparty.io.grpc.stub.ClientCalls.getUnchecked(ClientCalls.java:214)
	at org.apache.ratis.thirdparty.io.grpc.stub.ClientCalls.blockingUnaryCall(ClientCalls.java:139)
	at org.apache.ratis.proto.grpc.RaftServerProtocolServiceGrpc$RaftServerProtocolServiceBlockingStub.requestVote(RaftServerProtocolServiceGrpc.java:265)
	at org.apache.ratis.grpc.server.GrpcServerProtocolClient.requestVote(GrpcServerProtocolClient.java:99)
	at org.apache.ratis.grpc.server.GrpcService.requestVote(GrpcService.java:204)
	at org.apache.ratis.server.impl.LeaderElection.lambda$submitRequests$1(LeaderElection.java:234)
	at java.util.concurrent.FutureTask.run(FutureTask.java:266)
	at java.util.concurrent.Executors$RunnableAdapter.call(Executors.java:511)
	at java.util.concurrent.FutureTask.run(FutureTask.java:266)
	at java.util.concurrent.ThreadPoolExecutor.runWorker(ThreadPoolExecutor.java:1149)
	at java.util.concurrent.ThreadPoolExecutor$Worker.run(ThreadPoolExecutor.java:624)
	... 1 more
Caused by: org.apache.ratis.thirdparty.io.netty.channel.AbstractChannel$AnnotatedConnectException: Connection refused: /192.168.34.25:43074
	at sun.nio.ch.SocketChannelImpl.checkConnect(Native Method)
	at sun.nio.ch.SocketChannelImpl.finishConnect(SocketChannelImpl.java:717)
	at org.apache.ratis.thirdparty.io.netty.channel.socket.nio.NioSocketChannel.doFinishConnect(NioSocketChannel.java:327)
	at org.apache.ratis.thirdparty.io.netty.channel.nio.AbstractNioChannel$AbstractNioUnsafe.finishConnect(AbstractNioChannel.java:340)
	at org.apache.ratis.thirdparty.io.netty.channel.nio.NioEventLoop.processSelectedKey(NioEventLoop.java:632)
	at org.apache.ratis.thirdparty.io.netty.channel.nio.NioEventLoop.processSelectedKeysOptimized(NioEventLoop.java:579)
	at org.apache.ratis.thirdparty.io.netty.channel.nio.NioEventLoop.processSelectedKeys(NioEventLoop.java:496)
	at org.apache.ratis.thirdparty.io.netty.channel.nio.NioEventLoop.run(NioEventLoop.java:458)
	at org.apache.ratis.thirdparty.io.netty.util.concurrent.SingleThreadEventExecutor$5.run(SingleThreadEventExecutor.java:897)
	at org.apache.ratis.thirdparty.io.netty.util.concurrent.FastThreadLocalRunnable.run(FastThreadLocalRunnable.java:30)
	... 1 more
Caused by: java.net.ConnectException: Connection refused
	... 11 more
2019-10-18 07:24:22,234 [12ad0800-05cb-443c-9fdd-fa1debf04523@group-BCB82A5C07F5-LeaderElection1305] INFO  impl.LeaderElection (LogUtils.java:infoOrTrace(149)) - 12ad0800-05cb-443c-9fdd-fa1debf04523@group-BCB82A5C07F5-LeaderElection1305 got exception when requesting votes: {}
java.util.concurrent.ExecutionException: org.apache.ratis.thirdparty.io.grpc.StatusRuntimeException: UNAVAILABLE: io exception
	at java.util.concurrent.FutureTask.report(FutureTask.java:122)
	at java.util.concurrent.FutureTask.get(FutureTask.java:192)
	at org.apache.ratis.server.impl.LeaderElection.waitForResults(LeaderElection.java:259)
	at org.apache.ratis.server.impl.LeaderElection.askForVotes(LeaderElection.java:197)
	at org.apache.ratis.server.impl.LeaderElection.run(LeaderElection.java:133)
	at java.lang.Thread.run(Thread.java:748)
Caused by: org.apache.ratis.thirdparty.io.grpc.StatusRuntimeException: UNAVAILABLE: io exception
	at org.apache.ratis.thirdparty.io.grpc.stub.ClientCalls.toStatusRuntimeException(ClientCalls.java:233)
	at org.apache.ratis.thirdparty.io.grpc.stub.ClientCalls.getUnchecked(ClientCalls.java:214)
	at org.apache.ratis.thirdparty.io.grpc.stub.ClientCalls.blockingUnaryCall(ClientCalls.java:139)
	at org.apache.ratis.proto.grpc.RaftServerProtocolServiceGrpc$RaftServerProtocolServiceBlockingStub.requestVote(RaftServerProtocolServiceGrpc.java:265)
	at org.apache.ratis.grpc.server.GrpcServerProtocolClient.requestVote(GrpcServerProtocolClient.java:99)
	at org.apache.ratis.grpc.server.GrpcService.requestVote(GrpcService.java:204)
	at org.apache.ratis.server.impl.LeaderElection.lambda$submitRequests$1(LeaderElection.java:234)
	at java.util.concurrent.FutureTask.run(FutureTask.java:266)
	at java.util.concurrent.Executors$RunnableAdapter.call(Executors.java:511)
	at java.util.concurrent.FutureTask.run(FutureTask.java:266)
	at java.util.concurrent.ThreadPoolExecutor.runWorker(ThreadPoolExecutor.java:1149)
	at java.util.concurrent.ThreadPoolExecutor$Worker.run(ThreadPoolExecutor.java:624)
	... 1 more
Caused by: org.apache.ratis.thirdparty.io.netty.channel.AbstractChannel$AnnotatedConnectException: Connection refused: /192.168.34.25:45248
	at sun.nio.ch.SocketChannelImpl.checkConnect(Native Method)
	at sun.nio.ch.SocketChannelImpl.finishConnect(SocketChannelImpl.java:717)
	at org.apache.ratis.thirdparty.io.netty.channel.socket.nio.NioSocketChannel.doFinishConnect(NioSocketChannel.java:327)
	at org.apache.ratis.thirdparty.io.netty.channel.nio.AbstractNioChannel$AbstractNioUnsafe.finishConnect(AbstractNioChannel.java:340)
	at org.apache.ratis.thirdparty.io.netty.channel.nio.NioEventLoop.processSelectedKey(NioEventLoop.java:632)
	at org.apache.ratis.thirdparty.io.netty.channel.nio.NioEventLoop.processSelectedKeysOptimized(NioEventLoop.java:579)
	at org.apache.ratis.thirdparty.io.netty.channel.nio.NioEventLoop.processSelectedKeys(NioEventLoop.java:496)
	at org.apache.ratis.thirdparty.io.netty.channel.nio.NioEventLoop.run(NioEventLoop.java:458)
	at org.apache.ratis.thirdparty.io.netty.util.concurrent.SingleThreadEventExecutor$5.run(SingleThreadEventExecutor.java:897)
	at org.apache.ratis.thirdparty.io.netty.util.concurrent.FastThreadLocalRunnable.run(FastThreadLocalRunnable.java:30)
	... 1 more
Caused by: java.net.ConnectException: Connection refused
	... 11 more
2019-10-18 07:24:22,235 [12ad0800-05cb-443c-9fdd-fa1debf04523@group-BCB82A5C07F5-LeaderElection1305] INFO  impl.LeaderElection (LeaderElection.java:logAndReturn(56)) - 12ad0800-05cb-443c-9fdd-fa1debf04523@group-BCB82A5C07F5-LeaderElection1305: Election REJECTED; received 0 response(s) [] and 2 exception(s); 12ad0800-05cb-443c-9fdd-fa1debf04523@group-BCB82A5C07F5:t251, leader=null, voted=12ad0800-05cb-443c-9fdd-fa1debf04523, raftlog=12ad0800-05cb-443c-9fdd-fa1debf04523@group-BCB82A5C07F5-SegmentedRaftLog:OPENED:c-1,f-1,i0, conf=-1: [12ad0800-05cb-443c-9fdd-fa1debf04523:192.168.34.25:41155, 5170c5f3-8499-4b42-9321-85fc8a351f79:192.168.34.25:43074, 0b10a9fc-47eb-4a2b-b664-8273d9d17379:192.168.34.25:45248], old=null
2019-10-18 07:24:22,235 [12ad0800-05cb-443c-9fdd-fa1debf04523@group-BCB82A5C07F5-LeaderElection1305] INFO  impl.LeaderElection (LogUtils.java:infoOrTrace(149)) -   Exception 0: {}
java.util.concurrent.ExecutionException: org.apache.ratis.thirdparty.io.grpc.StatusRuntimeException: UNAVAILABLE: io exception
	at java.util.concurrent.FutureTask.report(FutureTask.java:122)
	at java.util.concurrent.FutureTask.get(FutureTask.java:192)
	at org.apache.ratis.server.impl.LeaderElection.waitForResults(LeaderElection.java:259)
	at org.apache.ratis.server.impl.LeaderElection.askForVotes(LeaderElection.java:197)
	at org.apache.ratis.server.impl.LeaderElection.run(LeaderElection.java:133)
	at java.lang.Thread.run(Thread.java:748)
Caused by: org.apache.ratis.thirdparty.io.grpc.StatusRuntimeException: UNAVAILABLE: io exception
	at org.apache.ratis.thirdparty.io.grpc.stub.ClientCalls.toStatusRuntimeException(ClientCalls.java:233)
	at org.apache.ratis.thirdparty.io.grpc.stub.ClientCalls.getUnchecked(ClientCalls.java:214)
	at org.apache.ratis.thirdparty.io.grpc.stub.ClientCalls.blockingUnaryCall(ClientCalls.java:139)
	at org.apache.ratis.proto.grpc.RaftServerProtocolServiceGrpc$RaftServerProtocolServiceBlockingStub.requestVote(RaftServerProtocolServiceGrpc.java:265)
	at org.apache.ratis.grpc.server.GrpcServerProtocolClient.requestVote(GrpcServerProtocolClient.java:99)
	at org.apache.ratis.grpc.server.GrpcService.requestVote(GrpcService.java:204)
	at org.apache.ratis.server.impl.LeaderElection.lambda$submitRequests$1(LeaderElection.java:234)
	at java.util.concurrent.FutureTask.run(FutureTask.java:266)
	at java.util.concurrent.Executors$RunnableAdapter.call(Executors.java:511)
	at java.util.concurrent.FutureTask.run(FutureTask.java:266)
	at java.util.concurrent.ThreadPoolExecutor.runWorker(ThreadPoolExecutor.java:1149)
	at java.util.concurrent.ThreadPoolExecutor$Worker.run(ThreadPoolExecutor.java:624)
	... 1 more
Caused by: org.apache.ratis.thirdparty.io.netty.channel.AbstractChannel$AnnotatedConnectException: Connection refused: /192.168.34.25:43074
	at sun.nio.ch.SocketChannelImpl.checkConnect(Native Method)
	at sun.nio.ch.SocketChannelImpl.finishConnect(SocketChannelImpl.java:717)
	at org.apache.ratis.thirdparty.io.netty.channel.socket.nio.NioSocketChannel.doFinishConnect(NioSocketChannel.java:327)
	at org.apache.ratis.thirdparty.io.netty.channel.nio.AbstractNioChannel$AbstractNioUnsafe.finishConnect(AbstractNioChannel.java:340)
	at org.apache.ratis.thirdparty.io.netty.channel.nio.NioEventLoop.processSelectedKey(NioEventLoop.java:632)
	at org.apache.ratis.thirdparty.io.netty.channel.nio.NioEventLoop.processSelectedKeysOptimized(NioEventLoop.java:579)
	at org.apache.ratis.thirdparty.io.netty.channel.nio.NioEventLoop.processSelectedKeys(NioEventLoop.java:496)
	at org.apache.ratis.thirdparty.io.netty.channel.nio.NioEventLoop.run(NioEventLoop.java:458)
	at org.apache.ratis.thirdparty.io.netty.util.concurrent.SingleThreadEventExecutor$5.run(SingleThreadEventExecutor.java:897)
	at org.apache.ratis.thirdparty.io.netty.util.concurrent.FastThreadLocalRunnable.run(FastThreadLocalRunnable.java:30)
	... 1 more
Caused by: java.net.ConnectException: Connection refused
	... 11 more
2019-10-18 07:24:22,235 [12ad0800-05cb-443c-9fdd-fa1debf04523@group-BCB82A5C07F5-LeaderElection1305] INFO  impl.LeaderElection (LogUtils.java:infoOrTrace(149)) -   Exception 1: {}
java.util.concurrent.ExecutionException: org.apache.ratis.thirdparty.io.grpc.StatusRuntimeException: UNAVAILABLE: io exception
	at java.util.concurrent.FutureTask.report(FutureTask.java:122)
	at java.util.concurrent.FutureTask.get(FutureTask.java:192)
	at org.apache.ratis.server.impl.LeaderElection.waitForResults(LeaderElection.java:259)
	at org.apache.ratis.server.impl.LeaderElection.askForVotes(LeaderElection.java:197)
	at org.apache.ratis.server.impl.LeaderElection.run(LeaderElection.java:133)
	at java.lang.Thread.run(Thread.java:748)
Caused by: org.apache.ratis.thirdparty.io.grpc.StatusRuntimeException: UNAVAILABLE: io exception
	at org.apache.ratis.thirdparty.io.grpc.stub.ClientCalls.toStatusRuntimeException(ClientCalls.java:233)
	at org.apache.ratis.thirdparty.io.grpc.stub.ClientCalls.getUnchecked(ClientCalls.java:214)
	at org.apache.ratis.thirdparty.io.grpc.stub.ClientCalls.blockingUnaryCall(ClientCalls.java:139)
	at org.apache.ratis.proto.grpc.RaftServerProtocolServiceGrpc$RaftServerProtocolServiceBlockingStub.requestVote(RaftServerProtocolServiceGrpc.java:265)
	at org.apache.ratis.grpc.server.GrpcServerProtocolClient.requestVote(GrpcServerProtocolClient.java:99)
	at org.apache.ratis.grpc.server.GrpcService.requestVote(GrpcService.java:204)
	at org.apache.ratis.server.impl.LeaderElection.lambda$submitRequests$1(LeaderElection.java:234)
	at java.util.concurrent.FutureTask.run(FutureTask.java:266)
	at java.util.concurrent.Executors$RunnableAdapter.call(Executors.java:511)
	at java.util.concurrent.FutureTask.run(FutureTask.java:266)
	at java.util.concurrent.ThreadPoolExecutor.runWorker(ThreadPoolExecutor.java:1149)
	at java.util.concurrent.ThreadPoolExecutor$Worker.run(ThreadPoolExecutor.java:624)
	... 1 more
Caused by: org.apache.ratis.thirdparty.io.netty.channel.AbstractChannel$AnnotatedConnectException: Connection refused: /192.168.34.25:45248
	at sun.nio.ch.SocketChannelImpl.checkConnect(Native Method)
	at sun.nio.ch.SocketChannelImpl.finishConnect(SocketChannelImpl.java:717)
	at org.apache.ratis.thirdparty.io.netty.channel.socket.nio.NioSocketChannel.doFinishConnect(NioSocketChannel.java:327)
	at org.apache.ratis.thirdparty.io.netty.channel.nio.AbstractNioChannel$AbstractNioUnsafe.finishConnect(AbstractNioChannel.java:340)
	at org.apache.ratis.thirdparty.io.netty.channel.nio.NioEventLoop.processSelectedKey(NioEventLoop.java:632)
	at org.apache.ratis.thirdparty.io.netty.channel.nio.NioEventLoop.processSelectedKeysOptimized(NioEventLoop.java:579)
	at org.apache.ratis.thirdparty.io.netty.channel.nio.NioEventLoop.processSelectedKeys(NioEventLoop.java:496)
	at org.apache.ratis.thirdparty.io.netty.channel.nio.NioEventLoop.run(NioEventLoop.java:458)
	at org.apache.ratis.thirdparty.io.netty.util.concurrent.SingleThreadEventExecutor$5.run(SingleThreadEventExecutor.java:897)
	at org.apache.ratis.thirdparty.io.netty.util.concurrent.FastThreadLocalRunnable.run(FastThreadLocalRunnable.java:30)
	... 1 more
Caused by: java.net.ConnectException: Connection refused
	... 11 more
2019-10-18 07:24:22,235 [12ad0800-05cb-443c-9fdd-fa1debf04523@group-BCB82A5C07F5-LeaderElection1305] INFO  impl.RaftServerImpl (RaftServerImpl.java:setRole(184)) - 12ad0800-05cb-443c-9fdd-fa1debf04523@group-BCB82A5C07F5: changes role from CANDIDATE to FOLLOWER at term 251 for DISCOVERED_A_NEW_TERM
2019-10-18 07:24:22,235 [12ad0800-05cb-443c-9fdd-fa1debf04523@group-BCB82A5C07F5-LeaderElection1305] INFO  impl.RoleInfo (RoleInfo.java:shutdownLeaderElection(134)) - 12ad0800-05cb-443c-9fdd-fa1debf04523: shutdown LeaderElection
2019-10-18 07:24:22,236 [12ad0800-05cb-443c-9fdd-fa1debf04523@group-BCB82A5C07F5-LeaderElection1305] INFO  impl.RoleInfo (RoleInfo.java:updateAndGet(143)) - 12ad0800-05cb-443c-9fdd-fa1debf04523: start FollowerState
2019-10-18 07:24:22,261 [Thread-11118] INFO  impl.FollowerState (FollowerState.java:run(108)) - 12ad0800-05cb-443c-9fdd-fa1debf04523@group-BCB82A5C07F5-FollowerState: change to CANDIDATE, lastRpcTime:25ms, electionTimeout:25ms
2019-10-18 07:24:22,261 [Thread-11118] INFO  impl.RoleInfo (RoleInfo.java:shutdownFollowerState(121)) - 12ad0800-05cb-443c-9fdd-fa1debf04523: shutdown FollowerState
2019-10-18 07:24:22,261 [Thread-11118] INFO  impl.RaftServerImpl (RaftServerImpl.java:setRole(184)) - 12ad0800-05cb-443c-9fdd-fa1debf04523@group-BCB82A5C07F5: changes role from  FOLLOWER to CANDIDATE at term 251 for changeToCandidate
2019-10-18 07:24:22,261 [Thread-11118] INFO  impl.RoleInfo (RoleInfo.java:updateAndGet(143)) - 12ad0800-05cb-443c-9fdd-fa1debf04523: start LeaderElection
2019-10-18 07:24:22,264 [java.util.concurrent.ThreadPoolExecutor$Worker@1ddf09da[State = -1, empty queue]] WARN  server.GrpcLogAppender (GrpcLogAppender.java:timeoutAppendRequest(209)) - 030c2313-1c2c-4b42-81fb-cb58ee93f992@group-E193FE271C99->9712a796-5281-4f3e-ac85-61dedd90db73-GrpcLogAppender: appendEntries Timeout, request=030c2313-1c2c-4b42-81fb-cb58ee93f992->9712a796-5281-4f3e-ac85-61dedd90db73#71-t1, previous=(t:1, i:10), leaderCommit=10, initializing? false, entries: <empty>
2019-10-18 07:24:22,284 [12ad0800-05cb-443c-9fdd-fa1debf04523@group-BCB82A5C07F5-LeaderElection1306] INFO  impl.LeaderElection (LeaderElection.java:askForVotes(178)) - 12ad0800-05cb-443c-9fdd-fa1debf04523@group-BCB82A5C07F5-LeaderElection1306: begin an election at term 252 for -1: [12ad0800-05cb-443c-9fdd-fa1debf04523:192.168.34.25:41155, 5170c5f3-8499-4b42-9321-85fc8a351f79:192.168.34.25:43074, 0b10a9fc-47eb-4a2b-b664-8273d9d17379:192.168.34.25:45248], old=null
2019-10-18 07:24:22,284 [12ad0800-05cb-443c-9fdd-fa1debf04523@group-BCB82A5C07F5-LeaderElection1306] INFO  impl.LeaderElection (LogUtils.java:infoOrTrace(149)) - 12ad0800-05cb-443c-9fdd-fa1debf04523@group-BCB82A5C07F5-LeaderElection1306 got exception when requesting votes: {}
java.util.concurrent.ExecutionException: org.apache.ratis.thirdparty.io.grpc.StatusRuntimeException: UNAVAILABLE: io exception
	at java.util.concurrent.FutureTask.report(FutureTask.java:122)
	at java.util.concurrent.FutureTask.get(FutureTask.java:192)
	at org.apache.ratis.server.impl.LeaderElection.waitForResults(LeaderElection.java:259)
	at org.apache.ratis.server.impl.LeaderElection.askForVotes(LeaderElection.java:197)
	at org.apache.ratis.server.impl.LeaderElection.run(LeaderElection.java:133)
	at java.lang.Thread.run(Thread.java:748)
Caused by: org.apache.ratis.thirdparty.io.grpc.StatusRuntimeException: UNAVAILABLE: io exception
	at org.apache.ratis.thirdparty.io.grpc.stub.ClientCalls.toStatusRuntimeException(ClientCalls.java:233)
	at org.apache.ratis.thirdparty.io.grpc.stub.ClientCalls.getUnchecked(ClientCalls.java:214)
	at org.apache.ratis.thirdparty.io.grpc.stub.ClientCalls.blockingUnaryCall(ClientCalls.java:139)
	at org.apache.ratis.proto.grpc.RaftServerProtocolServiceGrpc$RaftServerProtocolServiceBlockingStub.requestVote(RaftServerProtocolServiceGrpc.java:265)
	at org.apache.ratis.grpc.server.GrpcServerProtocolClient.requestVote(GrpcServerProtocolClient.java:99)
	at org.apache.ratis.grpc.server.GrpcService.requestVote(GrpcService.java:204)
	at org.apache.ratis.server.impl.LeaderElection.lambda$submitRequests$1(LeaderElection.java:234)
	at java.util.concurrent.FutureTask.run(FutureTask.java:266)
	at java.util.concurrent.Executors$RunnableAdapter.call(Executors.java:511)
	at java.util.concurrent.FutureTask.run(FutureTask.java:266)
	at java.util.concurrent.ThreadPoolExecutor.runWorker(ThreadPoolExecutor.java:1149)
	at java.util.concurrent.ThreadPoolExecutor$Worker.run(ThreadPoolExecutor.java:624)
	... 1 more
Caused by: org.apache.ratis.thirdparty.io.netty.channel.AbstractChannel$AnnotatedConnectException: Connection refused: /192.168.34.25:43074
	at sun.nio.ch.SocketChannelImpl.checkConnect(Native Method)
	at sun.nio.ch.SocketChannelImpl.finishConnect(SocketChannelImpl.java:717)
	at org.apache.ratis.thirdparty.io.netty.channel.socket.nio.NioSocketChannel.doFinishConnect(NioSocketChannel.java:327)
	at org.apache.ratis.thirdparty.io.netty.channel.nio.AbstractNioChannel$AbstractNioUnsafe.finishConnect(AbstractNioChannel.java:340)
	at org.apache.ratis.thirdparty.io.netty.channel.nio.NioEventLoop.processSelectedKey(NioEventLoop.java:632)
	at org.apache.ratis.thirdparty.io.netty.channel.nio.NioEventLoop.processSelectedKeysOptimized(NioEventLoop.java:579)
	at org.apache.ratis.thirdparty.io.netty.channel.nio.NioEventLoop.processSelectedKeys(NioEventLoop.java:496)
	at org.apache.ratis.thirdparty.io.netty.channel.nio.NioEventLoop.run(NioEventLoop.java:458)
	at org.apache.ratis.thirdparty.io.netty.util.concurrent.SingleThreadEventExecutor$5.run(SingleThreadEventExecutor.java:897)
	at org.apache.ratis.thirdparty.io.netty.util.concurrent.FastThreadLocalRunnable.run(FastThreadLocalRunnable.java:30)
	... 1 more
Caused by: java.net.ConnectException: Connection refused
	... 11 more
2019-10-18 07:24:22,285 [12ad0800-05cb-443c-9fdd-fa1debf04523@group-BCB82A5C07F5-LeaderElection1306] INFO  impl.LeaderElection (LogUtils.java:infoOrTrace(149)) - 12ad0800-05cb-443c-9fdd-fa1debf04523@group-BCB82A5C07F5-LeaderElection1306 got exception when requesting votes: {}
java.util.concurrent.ExecutionException: org.apache.ratis.thirdparty.io.grpc.StatusRuntimeException: UNAVAILABLE: io exception
	at java.util.concurrent.FutureTask.report(FutureTask.java:122)
	at java.util.concurrent.FutureTask.get(FutureTask.java:192)
	at org.apache.ratis.server.impl.LeaderElection.waitForResults(LeaderElection.java:259)
	at org.apache.ratis.server.impl.LeaderElection.askForVotes(LeaderElection.java:197)
	at org.apache.ratis.server.impl.LeaderElection.run(LeaderElection.java:133)
	at java.lang.Thread.run(Thread.java:748)
Caused by: org.apache.ratis.thirdparty.io.grpc.StatusRuntimeException: UNAVAILABLE: io exception
	at org.apache.ratis.thirdparty.io.grpc.stub.ClientCalls.toStatusRuntimeException(ClientCalls.java:233)
	at org.apache.ratis.thirdparty.io.grpc.stub.ClientCalls.getUnchecked(ClientCalls.java:214)
	at org.apache.ratis.thirdparty.io.grpc.stub.ClientCalls.blockingUnaryCall(ClientCalls.java:139)
	at org.apache.ratis.proto.grpc.RaftServerProtocolServiceGrpc$RaftServerProtocolServiceBlockingStub.requestVote(RaftServerProtocolServiceGrpc.java:265)
	at org.apache.ratis.grpc.server.GrpcServerProtocolClient.requestVote(GrpcServerProtocolClient.java:99)
	at org.apache.ratis.grpc.server.GrpcService.requestVote(GrpcService.java:204)
	at org.apache.ratis.server.impl.LeaderElection.lambda$submitRequests$1(LeaderElection.java:234)
	at java.util.concurrent.FutureTask.run(FutureTask.java:266)
	at java.util.concurrent.Executors$RunnableAdapter.call(Executors.java:511)
	at java.util.concurrent.FutureTask.run(FutureTask.java:266)
	at java.util.concurrent.ThreadPoolExecutor.runWorker(ThreadPoolExecutor.java:1149)
	at java.util.concurrent.ThreadPoolExecutor$Worker.run(ThreadPoolExecutor.java:624)
	... 1 more
Caused by: org.apache.ratis.thirdparty.io.netty.channel.AbstractChannel$AnnotatedConnectException: Connection refused: /192.168.34.25:45248
	at sun.nio.ch.SocketChannelImpl.checkConnect(Native Method)
	at sun.nio.ch.SocketChannelImpl.finishConnect(SocketChannelImpl.java:717)
	at org.apache.ratis.thirdparty.io.netty.channel.socket.nio.NioSocketChannel.doFinishConnect(NioSocketChannel.java:327)
	at org.apache.ratis.thirdparty.io.netty.channel.nio.AbstractNioChannel$AbstractNioUnsafe.finishConnect(AbstractNioChannel.java:340)
	at org.apache.ratis.thirdparty.io.netty.channel.nio.NioEventLoop.processSelectedKey(NioEventLoop.java:632)
	at org.apache.ratis.thirdparty.io.netty.channel.nio.NioEventLoop.processSelectedKeysOptimized(NioEventLoop.java:579)
	at org.apache.ratis.thirdparty.io.netty.channel.nio.NioEventLoop.processSelectedKeys(NioEventLoop.java:496)
	at org.apache.ratis.thirdparty.io.netty.channel.nio.NioEventLoop.run(NioEventLoop.java:458)
	at org.apache.ratis.thirdparty.io.netty.util.concurrent.SingleThreadEventExecutor$5.run(SingleThreadEventExecutor.java:897)
	at org.apache.ratis.thirdparty.io.netty.util.concurrent.FastThreadLocalRunnable.run(FastThreadLocalRunnable.java:30)
	... 1 more
Caused by: java.net.ConnectException: Connection refused
	... 11 more
2019-10-18 07:24:22,285 [12ad0800-05cb-443c-9fdd-fa1debf04523@group-BCB82A5C07F5-LeaderElection1306] INFO  impl.LeaderElection (LeaderElection.java:logAndReturn(56)) - 12ad0800-05cb-443c-9fdd-fa1debf04523@group-BCB82A5C07F5-LeaderElection1306: Election REJECTED; received 0 response(s) [] and 2 exception(s); 12ad0800-05cb-443c-9fdd-fa1debf04523@group-BCB82A5C07F5:t252, leader=null, voted=12ad0800-05cb-443c-9fdd-fa1debf04523, raftlog=12ad0800-05cb-443c-9fdd-fa1debf04523@group-BCB82A5C07F5-SegmentedRaftLog:OPENED:c-1,f-1,i0, conf=-1: [12ad0800-05cb-443c-9fdd-fa1debf04523:192.168.34.25:41155, 5170c5f3-8499-4b42-9321-85fc8a351f79:192.168.34.25:43074, 0b10a9fc-47eb-4a2b-b664-8273d9d17379:192.168.34.25:45248], old=null
2019-10-18 07:24:22,285 [12ad0800-05cb-443c-9fdd-fa1debf04523@group-BCB82A5C07F5-LeaderElection1306] INFO  impl.LeaderElection (LogUtils.java:infoOrTrace(149)) -   Exception 0: {}
java.util.concurrent.ExecutionException: org.apache.ratis.thirdparty.io.grpc.StatusRuntimeException: UNAVAILABLE: io exception
	at java.util.concurrent.FutureTask.report(FutureTask.java:122)
	at java.util.concurrent.FutureTask.get(FutureTask.java:192)
	at org.apache.ratis.server.impl.LeaderElection.waitForResults(LeaderElection.java:259)
	at org.apache.ratis.server.impl.LeaderElection.askForVotes(LeaderElection.java:197)
	at org.apache.ratis.server.impl.LeaderElection.run(LeaderElection.java:133)
	at java.lang.Thread.run(Thread.java:748)
Caused by: org.apache.ratis.thirdparty.io.grpc.StatusRuntimeException: UNAVAILABLE: io exception
	at org.apache.ratis.thirdparty.io.grpc.stub.ClientCalls.toStatusRuntimeException(ClientCalls.java:233)
	at org.apache.ratis.thirdparty.io.grpc.stub.ClientCalls.getUnchecked(ClientCalls.java:214)
	at org.apache.ratis.thirdparty.io.grpc.stub.ClientCalls.blockingUnaryCall(ClientCalls.java:139)
	at org.apache.ratis.proto.grpc.RaftServerProtocolServiceGrpc$RaftServerProtocolServiceBlockingStub.requestVote(RaftServerProtocolServiceGrpc.java:265)
	at org.apache.ratis.grpc.server.GrpcServerProtocolClient.requestVote(GrpcServerProtocolClient.java:99)
	at org.apache.ratis.grpc.server.GrpcService.requestVote(GrpcService.java:204)
	at org.apache.ratis.server.impl.LeaderElection.lambda$submitRequests$1(LeaderElection.java:234)
	at java.util.concurrent.FutureTask.run(FutureTask.java:266)
	at java.util.concurrent.Executors$RunnableAdapter.call(Executors.java:511)
	at java.util.concurrent.FutureTask.run(FutureTask.java:266)
	at java.util.concurrent.ThreadPoolExecutor.runWorker(ThreadPoolExecutor.java:1149)
	at java.util.concurrent.ThreadPoolExecutor$Worker.run(ThreadPoolExecutor.java:624)
	... 1 more
Caused by: org.apache.ratis.thirdparty.io.netty.channel.AbstractChannel$AnnotatedConnectException: Connection refused: /192.168.34.25:43074
	at sun.nio.ch.SocketChannelImpl.checkConnect(Native Method)
	at sun.nio.ch.SocketChannelImpl.finishConnect(SocketChannelImpl.java:717)
	at org.apache.ratis.thirdparty.io.netty.channel.socket.nio.NioSocketChannel.doFinishConnect(NioSocketChannel.java:327)
	at org.apache.ratis.thirdparty.io.netty.channel.nio.AbstractNioChannel$AbstractNioUnsafe.finishConnect(AbstractNioChannel.java:340)
	at org.apache.ratis.thirdparty.io.netty.channel.nio.NioEventLoop.processSelectedKey(NioEventLoop.java:632)
	at org.apache.ratis.thirdparty.io.netty.channel.nio.NioEventLoop.processSelectedKeysOptimized(NioEventLoop.java:579)
	at org.apache.ratis.thirdparty.io.netty.channel.nio.NioEventLoop.processSelectedKeys(NioEventLoop.java:496)
	at org.apache.ratis.thirdparty.io.netty.channel.nio.NioEventLoop.run(NioEventLoop.java:458)
	at org.apache.ratis.thirdparty.io.netty.util.concurrent.SingleThreadEventExecutor$5.run(SingleThreadEventExecutor.java:897)
	at org.apache.ratis.thirdparty.io.netty.util.concurrent.FastThreadLocalRunnable.run(FastThreadLocalRunnable.java:30)
	... 1 more
Caused by: java.net.ConnectException: Connection refused
	... 11 more
2019-10-18 07:24:22,285 [12ad0800-05cb-443c-9fdd-fa1debf04523@group-BCB82A5C07F5-LeaderElection1306] INFO  impl.LeaderElection (LogUtils.java:infoOrTrace(149)) -   Exception 1: {}
java.util.concurrent.ExecutionException: org.apache.ratis.thirdparty.io.grpc.StatusRuntimeException: UNAVAILABLE: io exception
	at java.util.concurrent.FutureTask.report(FutureTask.java:122)
	at java.util.concurrent.FutureTask.get(FutureTask.java:192)
	at org.apache.ratis.server.impl.LeaderElection.waitForResults(LeaderElection.java:259)
	at org.apache.ratis.server.impl.LeaderElection.askForVotes(LeaderElection.java:197)
	at org.apache.ratis.server.impl.LeaderElection.run(LeaderElection.java:133)
	at java.lang.Thread.run(Thread.java:748)
Caused by: org.apache.ratis.thirdparty.io.grpc.StatusRuntimeException: UNAVAILABLE: io exception
	at org.apache.ratis.thirdparty.io.grpc.stub.ClientCalls.toStatusRuntimeException(ClientCalls.java:233)
	at org.apache.ratis.thirdparty.io.grpc.stub.ClientCalls.getUnchecked(ClientCalls.java:214)
	at org.apache.ratis.thirdparty.io.grpc.stub.ClientCalls.blockingUnaryCall(ClientCalls.java:139)
	at org.apache.ratis.proto.grpc.RaftServerProtocolServiceGrpc$RaftServerProtocolServiceBlockingStub.requestVote(RaftServerProtocolServiceGrpc.java:265)
	at org.apache.ratis.grpc.server.GrpcServerProtocolClient.requestVote(GrpcServerProtocolClient.java:99)
	at org.apache.ratis.grpc.server.GrpcService.requestVote(GrpcService.java:204)
	at org.apache.ratis.server.impl.LeaderElection.lambda$submitRequests$1(LeaderElection.java:234)
	at java.util.concurrent.FutureTask.run(FutureTask.java:266)
	at java.util.concurrent.Executors$RunnableAdapter.call(Executors.java:511)
	at java.util.concurrent.FutureTask.run(FutureTask.java:266)
	at java.util.concurrent.ThreadPoolExecutor.runWorker(ThreadPoolExecutor.java:1149)
	at java.util.concurrent.ThreadPoolExecutor$Worker.run(ThreadPoolExecutor.java:624)
	... 1 more
Caused by: org.apache.ratis.thirdparty.io.netty.channel.AbstractChannel$AnnotatedConnectException: Connection refused: /192.168.34.25:45248
	at sun.nio.ch.SocketChannelImpl.checkConnect(Native Method)
	at sun.nio.ch.SocketChannelImpl.finishConnect(SocketChannelImpl.java:717)
	at org.apache.ratis.thirdparty.io.netty.channel.socket.nio.NioSocketChannel.doFinishConnect(NioSocketChannel.java:327)
	at org.apache.ratis.thirdparty.io.netty.channel.nio.AbstractNioChannel$AbstractNioUnsafe.finishConnect(AbstractNioChannel.java:340)
	at org.apache.ratis.thirdparty.io.netty.channel.nio.NioEventLoop.processSelectedKey(NioEventLoop.java:632)
	at org.apache.ratis.thirdparty.io.netty.channel.nio.NioEventLoop.processSelectedKeysOptimized(NioEventLoop.java:579)
	at org.apache.ratis.thirdparty.io.netty.channel.nio.NioEventLoop.processSelectedKeys(NioEventLoop.java:496)
	at org.apache.ratis.thirdparty.io.netty.channel.nio.NioEventLoop.run(NioEventLoop.java:458)
	at org.apache.ratis.thirdparty.io.netty.util.concurrent.SingleThreadEventExecutor$5.run(SingleThreadEventExecutor.java:897)
	at org.apache.ratis.thirdparty.io.netty.util.concurrent.FastThreadLocalRunnable.run(FastThreadLocalRunnable.java:30)
	... 1 more
Caused by: java.net.ConnectException: Connection refused
	... 11 more
2019-10-18 07:24:22,286 [12ad0800-05cb-443c-9fdd-fa1debf04523@group-BCB82A5C07F5-LeaderElection1306] INFO  impl.RaftServerImpl (RaftServerImpl.java:setRole(184)) - 12ad0800-05cb-443c-9fdd-fa1debf04523@group-BCB82A5C07F5: changes role from CANDIDATE to FOLLOWER at term 252 for DISCOVERED_A_NEW_TERM
2019-10-18 07:24:22,286 [12ad0800-05cb-443c-9fdd-fa1debf04523@group-BCB82A5C07F5-LeaderElection1306] INFO  impl.RoleInfo (RoleInfo.java:shutdownLeaderElection(134)) - 12ad0800-05cb-443c-9fdd-fa1debf04523: shutdown LeaderElection
2019-10-18 07:24:22,286 [12ad0800-05cb-443c-9fdd-fa1debf04523@group-BCB82A5C07F5-LeaderElection1306] INFO  impl.RoleInfo (RoleInfo.java:updateAndGet(143)) - 12ad0800-05cb-443c-9fdd-fa1debf04523: start FollowerState
2019-10-18 07:24:22,314 [Thread-11122] INFO  impl.FollowerState (FollowerState.java:run(108)) - 12ad0800-05cb-443c-9fdd-fa1debf04523@group-BCB82A5C07F5-FollowerState: change to CANDIDATE, lastRpcTime:28ms, electionTimeout:28ms
2019-10-18 07:24:22,314 [Thread-11122] INFO  impl.RoleInfo (RoleInfo.java:shutdownFollowerState(121)) - 12ad0800-05cb-443c-9fdd-fa1debf04523: shutdown FollowerState
2019-10-18 07:24:22,314 [Thread-11122] INFO  impl.RaftServerImpl (RaftServerImpl.java:setRole(184)) - 12ad0800-05cb-443c-9fdd-fa1debf04523@group-BCB82A5C07F5: changes role from  FOLLOWER to CANDIDATE at term 252 for changeToCandidate
2019-10-18 07:24:22,315 [Thread-11122] INFO  impl.RoleInfo (RoleInfo.java:updateAndGet(143)) - 12ad0800-05cb-443c-9fdd-fa1debf04523: start LeaderElection
2019-10-18 07:24:22,343 [12ad0800-05cb-443c-9fdd-fa1debf04523@group-BCB82A5C07F5-LeaderElection1307] INFO  impl.LeaderElection (LeaderElection.java:askForVotes(178)) - 12ad0800-05cb-443c-9fdd-fa1debf04523@group-BCB82A5C07F5-LeaderElection1307: begin an election at term 253 for -1: [12ad0800-05cb-443c-9fdd-fa1debf04523:192.168.34.25:41155, 5170c5f3-8499-4b42-9321-85fc8a351f79:192.168.34.25:43074, 0b10a9fc-47eb-4a2b-b664-8273d9d17379:192.168.34.25:45248], old=null
2019-10-18 07:24:22,344 [12ad0800-05cb-443c-9fdd-fa1debf04523@group-BCB82A5C07F5-LeaderElection1307] INFO  impl.LeaderElection (LogUtils.java:infoOrTrace(149)) - 12ad0800-05cb-443c-9fdd-fa1debf04523@group-BCB82A5C07F5-LeaderElection1307 got exception when requesting votes: {}
java.util.concurrent.ExecutionException: org.apache.ratis.thirdparty.io.grpc.StatusRuntimeException: UNAVAILABLE: io exception
	at java.util.concurrent.FutureTask.report(FutureTask.java:122)
	at java.util.concurrent.FutureTask.get(FutureTask.java:192)
	at org.apache.ratis.server.impl.LeaderElection.waitForResults(LeaderElection.java:259)
	at org.apache.ratis.server.impl.LeaderElection.askForVotes(LeaderElection.java:197)
	at org.apache.ratis.server.impl.LeaderElection.run(LeaderElection.java:133)
	at java.lang.Thread.run(Thread.java:748)
Caused by: org.apache.ratis.thirdparty.io.grpc.StatusRuntimeException: UNAVAILABLE: io exception
	at org.apache.ratis.thirdparty.io.grpc.stub.ClientCalls.toStatusRuntimeException(ClientCalls.java:233)
	at org.apache.ratis.thirdparty.io.grpc.stub.ClientCalls.getUnchecked(ClientCalls.java:214)
	at org.apache.ratis.thirdparty.io.grpc.stub.ClientCalls.blockingUnaryCall(ClientCalls.java:139)
	at org.apache.ratis.proto.grpc.RaftServerProtocolServiceGrpc$RaftServerProtocolServiceBlockingStub.requestVote(RaftServerProtocolServiceGrpc.java:265)
	at org.apache.ratis.grpc.server.GrpcServerProtocolClient.requestVote(GrpcServerProtocolClient.java:99)
	at org.apache.ratis.grpc.server.GrpcService.requestVote(GrpcService.java:204)
	at org.apache.ratis.server.impl.LeaderElection.lambda$submitRequests$1(LeaderElection.java:234)
	at java.util.concurrent.FutureTask.run(FutureTask.java:266)
	at java.util.concurrent.Executors$RunnableAdapter.call(Executors.java:511)
	at java.util.concurrent.FutureTask.run(FutureTask.java:266)
	at java.util.concurrent.ThreadPoolExecutor.runWorker(ThreadPoolExecutor.java:1149)
	at java.util.concurrent.ThreadPoolExecutor$Worker.run(ThreadPoolExecutor.java:624)
	... 1 more
Caused by: org.apache.ratis.thirdparty.io.netty.channel.AbstractChannel$AnnotatedConnectException: Connection refused: /192.168.34.25:43074
	at sun.nio.ch.SocketChannelImpl.checkConnect(Native Method)
	at sun.nio.ch.SocketChannelImpl.finishConnect(SocketChannelImpl.java:717)
	at org.apache.ratis.thirdparty.io.netty.channel.socket.nio.NioSocketChannel.doFinishConnect(NioSocketChannel.java:327)
	at org.apache.ratis.thirdparty.io.netty.channel.nio.AbstractNioChannel$AbstractNioUnsafe.finishConnect(AbstractNioChannel.java:340)
	at org.apache.ratis.thirdparty.io.netty.channel.nio.NioEventLoop.processSelectedKey(NioEventLoop.java:632)
	at org.apache.ratis.thirdparty.io.netty.channel.nio.NioEventLoop.processSelectedKeysOptimized(NioEventLoop.java:579)
	at org.apache.ratis.thirdparty.io.netty.channel.nio.NioEventLoop.processSelectedKeys(NioEventLoop.java:496)
	at org.apache.ratis.thirdparty.io.netty.channel.nio.NioEventLoop.run(NioEventLoop.java:458)
	at org.apache.ratis.thirdparty.io.netty.util.concurrent.SingleThreadEventExecutor$5.run(SingleThreadEventExecutor.java:897)
	at org.apache.ratis.thirdparty.io.netty.util.concurrent.FastThreadLocalRunnable.run(FastThreadLocalRunnable.java:30)
	... 1 more
Caused by: java.net.ConnectException: Connection refused
	... 11 more
2019-10-18 07:24:22,344 [12ad0800-05cb-443c-9fdd-fa1debf04523@group-BCB82A5C07F5-LeaderElection1307] INFO  impl.LeaderElection (LogUtils.java:infoOrTrace(149)) - 12ad0800-05cb-443c-9fdd-fa1debf04523@group-BCB82A5C07F5-LeaderElection1307 got exception when requesting votes: {}
java.util.concurrent.ExecutionException: org.apache.ratis.thirdparty.io.grpc.StatusRuntimeException: UNAVAILABLE: io exception
	at java.util.concurrent.FutureTask.report(FutureTask.java:122)
	at java.util.concurrent.FutureTask.get(FutureTask.java:192)
	at org.apache.ratis.server.impl.LeaderElection.waitForResults(LeaderElection.java:259)
	at org.apache.ratis.server.impl.LeaderElection.askForVotes(LeaderElection.java:197)
	at org.apache.ratis.server.impl.LeaderElection.run(LeaderElection.java:133)
	at java.lang.Thread.run(Thread.java:748)
Caused by: org.apache.ratis.thirdparty.io.grpc.StatusRuntimeException: UNAVAILABLE: io exception
	at org.apache.ratis.thirdparty.io.grpc.stub.ClientCalls.toStatusRuntimeException(ClientCalls.java:233)
	at org.apache.ratis.thirdparty.io.grpc.stub.ClientCalls.getUnchecked(ClientCalls.java:214)
	at org.apache.ratis.thirdparty.io.grpc.stub.ClientCalls.blockingUnaryCall(ClientCalls.java:139)
	at org.apache.ratis.proto.grpc.RaftServerProtocolServiceGrpc$RaftServerProtocolServiceBlockingStub.requestVote(RaftServerProtocolServiceGrpc.java:265)
	at org.apache.ratis.grpc.server.GrpcServerProtocolClient.requestVote(GrpcServerProtocolClient.java:99)
	at org.apache.ratis.grpc.server.GrpcService.requestVote(GrpcService.java:204)
	at org.apache.ratis.server.impl.LeaderElection.lambda$submitRequests$1(LeaderElection.java:234)
	at java.util.concurrent.FutureTask.run(FutureTask.java:266)
	at java.util.concurrent.Executors$RunnableAdapter.call(Executors.java:511)
	at java.util.concurrent.FutureTask.run(FutureTask.java:266)
	at java.util.concurrent.ThreadPoolExecutor.runWorker(ThreadPoolExecutor.java:1149)
	at java.util.concurrent.ThreadPoolExecutor$Worker.run(ThreadPoolExecutor.java:624)
	... 1 more
Caused by: org.apache.ratis.thirdparty.io.netty.channel.AbstractChannel$AnnotatedConnectException: Connection refused: /192.168.34.25:45248
	at sun.nio.ch.SocketChannelImpl.checkConnect(Native Method)
	at sun.nio.ch.SocketChannelImpl.finishConnect(SocketChannelImpl.java:717)
	at org.apache.ratis.thirdparty.io.netty.channel.socket.nio.NioSocketChannel.doFinishConnect(NioSocketChannel.java:327)
	at org.apache.ratis.thirdparty.io.netty.channel.nio.AbstractNioChannel$AbstractNioUnsafe.finishConnect(AbstractNioChannel.java:340)
	at org.apache.ratis.thirdparty.io.netty.channel.nio.NioEventLoop.processSelectedKey(NioEventLoop.java:632)
	at org.apache.ratis.thirdparty.io.netty.channel.nio.NioEventLoop.processSelectedKeysOptimized(NioEventLoop.java:579)
	at org.apache.ratis.thirdparty.io.netty.channel.nio.NioEventLoop.processSelectedKeys(NioEventLoop.java:496)
	at org.apache.ratis.thirdparty.io.netty.channel.nio.NioEventLoop.run(NioEventLoop.java:458)
	at org.apache.ratis.thirdparty.io.netty.util.concurrent.SingleThreadEventExecutor$5.run(SingleThreadEventExecutor.java:897)
	at org.apache.ratis.thirdparty.io.netty.util.concurrent.FastThreadLocalRunnable.run(FastThreadLocalRunnable.java:30)
	... 1 more
Caused by: java.net.ConnectException: Connection refused
	... 11 more
2019-10-18 07:24:22,345 [12ad0800-05cb-443c-9fdd-fa1debf04523@group-BCB82A5C07F5-LeaderElection1307] INFO  impl.LeaderElection (LeaderElection.java:logAndReturn(56)) - 12ad0800-05cb-443c-9fdd-fa1debf04523@group-BCB82A5C07F5-LeaderElection1307: Election REJECTED; received 0 response(s) [] and 2 exception(s); 12ad0800-05cb-443c-9fdd-fa1debf04523@group-BCB82A5C07F5:t253, leader=null, voted=12ad0800-05cb-443c-9fdd-fa1debf04523, raftlog=12ad0800-05cb-443c-9fdd-fa1debf04523@group-BCB82A5C07F5-SegmentedRaftLog:OPENED:c-1,f-1,i0, conf=-1: [12ad0800-05cb-443c-9fdd-fa1debf04523:192.168.34.25:41155, 5170c5f3-8499-4b42-9321-85fc8a351f79:192.168.34.25:43074, 0b10a9fc-47eb-4a2b-b664-8273d9d17379:192.168.34.25:45248], old=null
2019-10-18 07:24:22,345 [12ad0800-05cb-443c-9fdd-fa1debf04523@group-BCB82A5C07F5-LeaderElection1307] INFO  impl.LeaderElection (LogUtils.java:infoOrTrace(149)) -   Exception 0: {}
java.util.concurrent.ExecutionException: org.apache.ratis.thirdparty.io.grpc.StatusRuntimeException: UNAVAILABLE: io exception
	at java.util.concurrent.FutureTask.report(FutureTask.java:122)
	at java.util.concurrent.FutureTask.get(FutureTask.java:192)
	at org.apache.ratis.server.impl.LeaderElection.waitForResults(LeaderElection.java:259)
	at org.apache.ratis.server.impl.LeaderElection.askForVotes(LeaderElection.java:197)
	at org.apache.ratis.server.impl.LeaderElection.run(LeaderElection.java:133)
	at java.lang.Thread.run(Thread.java:748)
Caused by: org.apache.ratis.thirdparty.io.grpc.StatusRuntimeException: UNAVAILABLE: io exception
	at org.apache.ratis.thirdparty.io.grpc.stub.ClientCalls.toStatusRuntimeException(ClientCalls.java:233)
	at org.apache.ratis.thirdparty.io.grpc.stub.ClientCalls.getUnchecked(ClientCalls.java:214)
	at org.apache.ratis.thirdparty.io.grpc.stub.ClientCalls.blockingUnaryCall(ClientCalls.java:139)
	at org.apache.ratis.proto.grpc.RaftServerProtocolServiceGrpc$RaftServerProtocolServiceBlockingStub.requestVote(RaftServerProtocolServiceGrpc.java:265)
	at org.apache.ratis.grpc.server.GrpcServerProtocolClient.requestVote(GrpcServerProtocolClient.java:99)
	at org.apache.ratis.grpc.server.GrpcService.requestVote(GrpcService.java:204)
	at org.apache.ratis.server.impl.LeaderElection.lambda$submitRequests$1(LeaderElection.java:234)
	at java.util.concurrent.FutureTask.run(FutureTask.java:266)
	at java.util.concurrent.Executors$RunnableAdapter.call(Executors.java:511)
	at java.util.concurrent.FutureTask.run(FutureTask.java:266)
	at java.util.concurrent.ThreadPoolExecutor.runWorker(ThreadPoolExecutor.java:1149)
	at java.util.concurrent.ThreadPoolExecutor$Worker.run(ThreadPoolExecutor.java:624)
	... 1 more
Caused by: org.apache.ratis.thirdparty.io.netty.channel.AbstractChannel$AnnotatedConnectException: Connection refused: /192.168.34.25:43074
	at sun.nio.ch.SocketChannelImpl.checkConnect(Native Method)
	at sun.nio.ch.SocketChannelImpl.finishConnect(SocketChannelImpl.java:717)
	at org.apache.ratis.thirdparty.io.netty.channel.socket.nio.NioSocketChannel.doFinishConnect(NioSocketChannel.java:327)
	at org.apache.ratis.thirdparty.io.netty.channel.nio.AbstractNioChannel$AbstractNioUnsafe.finishConnect(AbstractNioChannel.java:340)
	at org.apache.ratis.thirdparty.io.netty.channel.nio.NioEventLoop.processSelectedKey(NioEventLoop.java:632)
	at org.apache.ratis.thirdparty.io.netty.channel.nio.NioEventLoop.processSelectedKeysOptimized(NioEventLoop.java:579)
	at org.apache.ratis.thirdparty.io.netty.channel.nio.NioEventLoop.processSelectedKeys(NioEventLoop.java:496)
	at org.apache.ratis.thirdparty.io.netty.channel.nio.NioEventLoop.run(NioEventLoop.java:458)
	at org.apache.ratis.thirdparty.io.netty.util.concurrent.SingleThreadEventExecutor$5.run(SingleThreadEventExecutor.java:897)
	at org.apache.ratis.thirdparty.io.netty.util.concurrent.FastThreadLocalRunnable.run(FastThreadLocalRunnable.java:30)
	... 1 more
Caused by: java.net.ConnectException: Connection refused
	... 11 more
2019-10-18 07:24:22,345 [12ad0800-05cb-443c-9fdd-fa1debf04523@group-BCB82A5C07F5-LeaderElection1307] INFO  impl.LeaderElection (LogUtils.java:infoOrTrace(149)) -   Exception 1: {}
java.util.concurrent.ExecutionException: org.apache.ratis.thirdparty.io.grpc.StatusRuntimeException: UNAVAILABLE: io exception
	at java.util.concurrent.FutureTask.report(FutureTask.java:122)
	at java.util.concurrent.FutureTask.get(FutureTask.java:192)
	at org.apache.ratis.server.impl.LeaderElection.waitForResults(LeaderElection.java:259)
	at org.apache.ratis.server.impl.LeaderElection.askForVotes(LeaderElection.java:197)
	at org.apache.ratis.server.impl.LeaderElection.run(LeaderElection.java:133)
	at java.lang.Thread.run(Thread.java:748)
Caused by: org.apache.ratis.thirdparty.io.grpc.StatusRuntimeException: UNAVAILABLE: io exception
	at org.apache.ratis.thirdparty.io.grpc.stub.ClientCalls.toStatusRuntimeException(ClientCalls.java:233)
	at org.apache.ratis.thirdparty.io.grpc.stub.ClientCalls.getUnchecked(ClientCalls.java:214)
	at org.apache.ratis.thirdparty.io.grpc.stub.ClientCalls.blockingUnaryCall(ClientCalls.java:139)
	at org.apache.ratis.proto.grpc.RaftServerProtocolServiceGrpc$RaftServerProtocolServiceBlockingStub.requestVote(RaftServerProtocolServiceGrpc.java:265)
	at org.apache.ratis.grpc.server.GrpcServerProtocolClient.requestVote(GrpcServerProtocolClient.java:99)
	at org.apache.ratis.grpc.server.GrpcService.requestVote(GrpcService.java:204)
	at org.apache.ratis.server.impl.LeaderElection.lambda$submitRequests$1(LeaderElection.java:234)
	at java.util.concurrent.FutureTask.run(FutureTask.java:266)
	at java.util.concurrent.Executors$RunnableAdapter.call(Executors.java:511)
	at java.util.concurrent.FutureTask.run(FutureTask.java:266)
	at java.util.concurrent.ThreadPoolExecutor.runWorker(ThreadPoolExecutor.java:1149)
	at java.util.concurrent.ThreadPoolExecutor$Worker.run(ThreadPoolExecutor.java:624)
	... 1 more
Caused by: org.apache.ratis.thirdparty.io.netty.channel.AbstractChannel$AnnotatedConnectException: Connection refused: /192.168.34.25:45248
	at sun.nio.ch.SocketChannelImpl.checkConnect(Native Method)
	at sun.nio.ch.SocketChannelImpl.finishConnect(SocketChannelImpl.java:717)
	at org.apache.ratis.thirdparty.io.netty.channel.socket.nio.NioSocketChannel.doFinishConnect(NioSocketChannel.java:327)
	at org.apache.ratis.thirdparty.io.netty.channel.nio.AbstractNioChannel$AbstractNioUnsafe.finishConnect(AbstractNioChannel.java:340)
	at org.apache.ratis.thirdparty.io.netty.channel.nio.NioEventLoop.processSelectedKey(NioEventLoop.java:632)
	at org.apache.ratis.thirdparty.io.netty.channel.nio.NioEventLoop.processSelectedKeysOptimized(NioEventLoop.java:579)
	at org.apache.ratis.thirdparty.io.netty.channel.nio.NioEventLoop.processSelectedKeys(NioEventLoop.java:496)
	at org.apache.ratis.thirdparty.io.netty.channel.nio.NioEventLoop.run(NioEventLoop.java:458)
	at org.apache.ratis.thirdparty.io.netty.util.concurrent.SingleThreadEventExecutor$5.run(SingleThreadEventExecutor.java:897)
	at org.apache.ratis.thirdparty.io.netty.util.concurrent.FastThreadLocalRunnable.run(FastThreadLocalRunnable.java:30)
	... 1 more
Caused by: java.net.ConnectException: Connection refused
	... 11 more
2019-10-18 07:24:22,345 [12ad0800-05cb-443c-9fdd-fa1debf04523@group-BCB82A5C07F5-LeaderElection1307] INFO  impl.RaftServerImpl (RaftServerImpl.java:setRole(184)) - 12ad0800-05cb-443c-9fdd-fa1debf04523@group-BCB82A5C07F5: changes role from CANDIDATE to FOLLOWER at term 253 for DISCOVERED_A_NEW_TERM
2019-10-18 07:24:22,345 [12ad0800-05cb-443c-9fdd-fa1debf04523@group-BCB82A5C07F5-LeaderElection1307] INFO  impl.RoleInfo (RoleInfo.java:shutdownLeaderElection(134)) - 12ad0800-05cb-443c-9fdd-fa1debf04523: shutdown LeaderElection
2019-10-18 07:24:22,346 [12ad0800-05cb-443c-9fdd-fa1debf04523@group-BCB82A5C07F5-LeaderElection1307] INFO  impl.RoleInfo (RoleInfo.java:updateAndGet(143)) - 12ad0800-05cb-443c-9fdd-fa1debf04523: start FollowerState
2019-10-18 07:24:22,533 [Thread-11126] INFO  impl.FollowerState (FollowerState.java:run(108)) - 12ad0800-05cb-443c-9fdd-fa1debf04523@group-BCB82A5C07F5-FollowerState: change to CANDIDATE, lastRpcTime:187ms, electionTimeout:187ms
2019-10-18 07:24:22,533 [Thread-11126] INFO  impl.RoleInfo (RoleInfo.java:shutdownFollowerState(121)) - 12ad0800-05cb-443c-9fdd-fa1debf04523: shutdown FollowerState
2019-10-18 07:24:22,533 [Thread-11126] INFO  impl.RaftServerImpl (RaftServerImpl.java:setRole(184)) - 12ad0800-05cb-443c-9fdd-fa1debf04523@group-BCB82A5C07F5: changes role from  FOLLOWER to CANDIDATE at term 253 for changeToCandidate
2019-10-18 07:24:22,533 [Thread-11126] INFO  impl.RoleInfo (RoleInfo.java:updateAndGet(143)) - 12ad0800-05cb-443c-9fdd-fa1debf04523: start LeaderElection
2019-10-18 07:24:22,561 [12ad0800-05cb-443c-9fdd-fa1debf04523@group-BCB82A5C07F5-LeaderElection1308] INFO  impl.LeaderElection (LeaderElection.java:askForVotes(178)) - 12ad0800-05cb-443c-9fdd-fa1debf04523@group-BCB82A5C07F5-LeaderElection1308: begin an election at term 254 for -1: [12ad0800-05cb-443c-9fdd-fa1debf04523:192.168.34.25:41155, 5170c5f3-8499-4b42-9321-85fc8a351f79:192.168.34.25:43074, 0b10a9fc-47eb-4a2b-b664-8273d9d17379:192.168.34.25:45248], old=null
2019-10-18 07:24:22,562 [12ad0800-05cb-443c-9fdd-fa1debf04523@group-BCB82A5C07F5-LeaderElection1308] INFO  impl.LeaderElection (LogUtils.java:infoOrTrace(149)) - 12ad0800-05cb-443c-9fdd-fa1debf04523@group-BCB82A5C07F5-LeaderElection1308 got exception when requesting votes: {}
java.util.concurrent.ExecutionException: org.apache.ratis.thirdparty.io.grpc.StatusRuntimeException: UNAVAILABLE: io exception
	at java.util.concurrent.FutureTask.report(FutureTask.java:122)
	at java.util.concurrent.FutureTask.get(FutureTask.java:192)
	at org.apache.ratis.server.impl.LeaderElection.waitForResults(LeaderElection.java:259)
	at org.apache.ratis.server.impl.LeaderElection.askForVotes(LeaderElection.java:197)
	at org.apache.ratis.server.impl.LeaderElection.run(LeaderElection.java:133)
	at java.lang.Thread.run(Thread.java:748)
Caused by: org.apache.ratis.thirdparty.io.grpc.StatusRuntimeException: UNAVAILABLE: io exception
	at org.apache.ratis.thirdparty.io.grpc.stub.ClientCalls.toStatusRuntimeException(ClientCalls.java:233)
	at org.apache.ratis.thirdparty.io.grpc.stub.ClientCalls.getUnchecked(ClientCalls.java:214)
	at org.apache.ratis.thirdparty.io.grpc.stub.ClientCalls.blockingUnaryCall(ClientCalls.java:139)
	at org.apache.ratis.proto.grpc.RaftServerProtocolServiceGrpc$RaftServerProtocolServiceBlockingStub.requestVote(RaftServerProtocolServiceGrpc.java:265)
	at org.apache.ratis.grpc.server.GrpcServerProtocolClient.requestVote(GrpcServerProtocolClient.java:99)
	at org.apache.ratis.grpc.server.GrpcService.requestVote(GrpcService.java:204)
	at org.apache.ratis.server.impl.LeaderElection.lambda$submitRequests$1(LeaderElection.java:234)
	at java.util.concurrent.FutureTask.run(FutureTask.java:266)
	at java.util.concurrent.Executors$RunnableAdapter.call(Executors.java:511)
	at java.util.concurrent.FutureTask.run(FutureTask.java:266)
	at java.util.concurrent.ThreadPoolExecutor.runWorker(ThreadPoolExecutor.java:1149)
	at java.util.concurrent.ThreadPoolExecutor$Worker.run(ThreadPoolExecutor.java:624)
	... 1 more
Caused by: org.apache.ratis.thirdparty.io.netty.channel.AbstractChannel$AnnotatedConnectException: Connection refused: /192.168.34.25:43074
	at sun.nio.ch.SocketChannelImpl.checkConnect(Native Method)
	at sun.nio.ch.SocketChannelImpl.finishConnect(SocketChannelImpl.java:717)
	at org.apache.ratis.thirdparty.io.netty.channel.socket.nio.NioSocketChannel.doFinishConnect(NioSocketChannel.java:327)
	at org.apache.ratis.thirdparty.io.netty.channel.nio.AbstractNioChannel$AbstractNioUnsafe.finishConnect(AbstractNioChannel.java:340)
	at org.apache.ratis.thirdparty.io.netty.channel.nio.NioEventLoop.processSelectedKey(NioEventLoop.java:632)
	at org.apache.ratis.thirdparty.io.netty.channel.nio.NioEventLoop.processSelectedKeysOptimized(NioEventLoop.java:579)
	at org.apache.ratis.thirdparty.io.netty.channel.nio.NioEventLoop.processSelectedKeys(NioEventLoop.java:496)
	at org.apache.ratis.thirdparty.io.netty.channel.nio.NioEventLoop.run(NioEventLoop.java:458)
	at org.apache.ratis.thirdparty.io.netty.util.concurrent.SingleThreadEventExecutor$5.run(SingleThreadEventExecutor.java:897)
	at org.apache.ratis.thirdparty.io.netty.util.concurrent.FastThreadLocalRunnable.run(FastThreadLocalRunnable.java:30)
	... 1 more
Caused by: java.net.ConnectException: Connection refused
	... 11 more
2019-10-18 07:24:22,562 [12ad0800-05cb-443c-9fdd-fa1debf04523@group-BCB82A5C07F5-LeaderElection1308] INFO  impl.LeaderElection (LogUtils.java:infoOrTrace(149)) - 12ad0800-05cb-443c-9fdd-fa1debf04523@group-BCB82A5C07F5-LeaderElection1308 got exception when requesting votes: {}
java.util.concurrent.ExecutionException: org.apache.ratis.thirdparty.io.grpc.StatusRuntimeException: UNAVAILABLE: io exception
	at java.util.concurrent.FutureTask.report(FutureTask.java:122)
	at java.util.concurrent.FutureTask.get(FutureTask.java:192)
	at org.apache.ratis.server.impl.LeaderElection.waitForResults(LeaderElection.java:259)
	at org.apache.ratis.server.impl.LeaderElection.askForVotes(LeaderElection.java:197)
	at org.apache.ratis.server.impl.LeaderElection.run(LeaderElection.java:133)
	at java.lang.Thread.run(Thread.java:748)
Caused by: org.apache.ratis.thirdparty.io.grpc.StatusRuntimeException: UNAVAILABLE: io exception
	at org.apache.ratis.thirdparty.io.grpc.stub.ClientCalls.toStatusRuntimeException(ClientCalls.java:233)
	at org.apache.ratis.thirdparty.io.grpc.stub.ClientCalls.getUnchecked(ClientCalls.java:214)
	at org.apache.ratis.thirdparty.io.grpc.stub.ClientCalls.blockingUnaryCall(ClientCalls.java:139)
	at org.apache.ratis.proto.grpc.RaftServerProtocolServiceGrpc$RaftServerProtocolServiceBlockingStub.requestVote(RaftServerProtocolServiceGrpc.java:265)
	at org.apache.ratis.grpc.server.GrpcServerProtocolClient.requestVote(GrpcServerProtocolClient.java:99)
	at org.apache.ratis.grpc.server.GrpcService.requestVote(GrpcService.java:204)
	at org.apache.ratis.server.impl.LeaderElection.lambda$submitRequests$1(LeaderElection.java:234)
	at java.util.concurrent.FutureTask.run(FutureTask.java:266)
	at java.util.concurrent.Executors$RunnableAdapter.call(Executors.java:511)
	at java.util.concurrent.FutureTask.run(FutureTask.java:266)
	at java.util.concurrent.ThreadPoolExecutor.runWorker(ThreadPoolExecutor.java:1149)
	at java.util.concurrent.ThreadPoolExecutor$Worker.run(ThreadPoolExecutor.java:624)
	... 1 more
Caused by: org.apache.ratis.thirdparty.io.netty.channel.AbstractChannel$AnnotatedConnectException: Connection refused: /192.168.34.25:45248
	at sun.nio.ch.SocketChannelImpl.checkConnect(Native Method)
	at sun.nio.ch.SocketChannelImpl.finishConnect(SocketChannelImpl.java:717)
	at org.apache.ratis.thirdparty.io.netty.channel.socket.nio.NioSocketChannel.doFinishConnect(NioSocketChannel.java:327)
	at org.apache.ratis.thirdparty.io.netty.channel.nio.AbstractNioChannel$AbstractNioUnsafe.finishConnect(AbstractNioChannel.java:340)
	at org.apache.ratis.thirdparty.io.netty.channel.nio.NioEventLoop.processSelectedKey(NioEventLoop.java:632)
	at org.apache.ratis.thirdparty.io.netty.channel.nio.NioEventLoop.processSelectedKeysOptimized(NioEventLoop.java:579)
	at org.apache.ratis.thirdparty.io.netty.channel.nio.NioEventLoop.processSelectedKeys(NioEventLoop.java:496)
	at org.apache.ratis.thirdparty.io.netty.channel.nio.NioEventLoop.run(NioEventLoop.java:458)
	at org.apache.ratis.thirdparty.io.netty.util.concurrent.SingleThreadEventExecutor$5.run(SingleThreadEventExecutor.java:897)
	at org.apache.ratis.thirdparty.io.netty.util.concurrent.FastThreadLocalRunnable.run(FastThreadLocalRunnable.java:30)
	... 1 more
Caused by: java.net.ConnectException: Connection refused
	... 11 more
2019-10-18 07:24:22,562 [12ad0800-05cb-443c-9fdd-fa1debf04523@group-BCB82A5C07F5-LeaderElection1308] INFO  impl.LeaderElection (LeaderElection.java:logAndReturn(56)) - 12ad0800-05cb-443c-9fdd-fa1debf04523@group-BCB82A5C07F5-LeaderElection1308: Election REJECTED; received 0 response(s) [] and 2 exception(s); 12ad0800-05cb-443c-9fdd-fa1debf04523@group-BCB82A5C07F5:t254, leader=null, voted=12ad0800-05cb-443c-9fdd-fa1debf04523, raftlog=12ad0800-05cb-443c-9fdd-fa1debf04523@group-BCB82A5C07F5-SegmentedRaftLog:OPENED:c-1,f-1,i0, conf=-1: [12ad0800-05cb-443c-9fdd-fa1debf04523:192.168.34.25:41155, 5170c5f3-8499-4b42-9321-85fc8a351f79:192.168.34.25:43074, 0b10a9fc-47eb-4a2b-b664-8273d9d17379:192.168.34.25:45248], old=null
2019-10-18 07:24:22,562 [12ad0800-05cb-443c-9fdd-fa1debf04523@group-BCB82A5C07F5-LeaderElection1308] INFO  impl.LeaderElection (LogUtils.java:infoOrTrace(149)) -   Exception 0: {}
java.util.concurrent.ExecutionException: org.apache.ratis.thirdparty.io.grpc.StatusRuntimeException: UNAVAILABLE: io exception
	at java.util.concurrent.FutureTask.report(FutureTask.java:122)
	at java.util.concurrent.FutureTask.get(FutureTask.java:192)
	at org.apache.ratis.server.impl.LeaderElection.waitForResults(LeaderElection.java:259)
	at org.apache.ratis.server.impl.LeaderElection.askForVotes(LeaderElection.java:197)
	at org.apache.ratis.server.impl.LeaderElection.run(LeaderElection.java:133)
	at java.lang.Thread.run(Thread.java:748)
Caused by: org.apache.ratis.thirdparty.io.grpc.StatusRuntimeException: UNAVAILABLE: io exception
	at org.apache.ratis.thirdparty.io.grpc.stub.ClientCalls.toStatusRuntimeException(ClientCalls.java:233)
	at org.apache.ratis.thirdparty.io.grpc.stub.ClientCalls.getUnchecked(ClientCalls.java:214)
	at org.apache.ratis.thirdparty.io.grpc.stub.ClientCalls.blockingUnaryCall(ClientCalls.java:139)
	at org.apache.ratis.proto.grpc.RaftServerProtocolServiceGrpc$RaftServerProtocolServiceBlockingStub.requestVote(RaftServerProtocolServiceGrpc.java:265)
	at org.apache.ratis.grpc.server.GrpcServerProtocolClient.requestVote(GrpcServerProtocolClient.java:99)
	at org.apache.ratis.grpc.server.GrpcService.requestVote(GrpcService.java:204)
	at org.apache.ratis.server.impl.LeaderElection.lambda$submitRequests$1(LeaderElection.java:234)
	at java.util.concurrent.FutureTask.run(FutureTask.java:266)
	at java.util.concurrent.Executors$RunnableAdapter.call(Executors.java:511)
	at java.util.concurrent.FutureTask.run(FutureTask.java:266)
	at java.util.concurrent.ThreadPoolExecutor.runWorker(ThreadPoolExecutor.java:1149)
	at java.util.concurrent.ThreadPoolExecutor$Worker.run(ThreadPoolExecutor.java:624)
	... 1 more
Caused by: org.apache.ratis.thirdparty.io.netty.channel.AbstractChannel$AnnotatedConnectException: Connection refused: /192.168.34.25:43074
	at sun.nio.ch.SocketChannelImpl.checkConnect(Native Method)
	at sun.nio.ch.SocketChannelImpl.finishConnect(SocketChannelImpl.java:717)
	at org.apache.ratis.thirdparty.io.netty.channel.socket.nio.NioSocketChannel.doFinishConnect(NioSocketChannel.java:327)
	at org.apache.ratis.thirdparty.io.netty.channel.nio.AbstractNioChannel$AbstractNioUnsafe.finishConnect(AbstractNioChannel.java:340)
	at org.apache.ratis.thirdparty.io.netty.channel.nio.NioEventLoop.processSelectedKey(NioEventLoop.java:632)
	at org.apache.ratis.thirdparty.io.netty.channel.nio.NioEventLoop.processSelectedKeysOptimized(NioEventLoop.java:579)
	at org.apache.ratis.thirdparty.io.netty.channel.nio.NioEventLoop.processSelectedKeys(NioEventLoop.java:496)
	at org.apache.ratis.thirdparty.io.netty.channel.nio.NioEventLoop.run(NioEventLoop.java:458)
	at org.apache.ratis.thirdparty.io.netty.util.concurrent.SingleThreadEventExecutor$5.run(SingleThreadEventExecutor.java:897)
	at org.apache.ratis.thirdparty.io.netty.util.concurrent.FastThreadLocalRunnable.run(FastThreadLocalRunnable.java:30)
	... 1 more
Caused by: java.net.ConnectException: Connection refused
	... 11 more
2019-10-18 07:24:22,563 [12ad0800-05cb-443c-9fdd-fa1debf04523@group-BCB82A5C07F5-LeaderElection1308] INFO  impl.LeaderElection (LogUtils.java:infoOrTrace(149)) -   Exception 1: {}
java.util.concurrent.ExecutionException: org.apache.ratis.thirdparty.io.grpc.StatusRuntimeException: UNAVAILABLE: io exception
	at java.util.concurrent.FutureTask.report(FutureTask.java:122)
	at java.util.concurrent.FutureTask.get(FutureTask.java:192)
	at org.apache.ratis.server.impl.LeaderElection.waitForResults(LeaderElection.java:259)
	at org.apache.ratis.server.impl.LeaderElection.askForVotes(LeaderElection.java:197)
	at org.apache.ratis.server.impl.LeaderElection.run(LeaderElection.java:133)
	at java.lang.Thread.run(Thread.java:748)
Caused by: org.apache.ratis.thirdparty.io.grpc.StatusRuntimeException: UNAVAILABLE: io exception
	at org.apache.ratis.thirdparty.io.grpc.stub.ClientCalls.toStatusRuntimeException(ClientCalls.java:233)
	at org.apache.ratis.thirdparty.io.grpc.stub.ClientCalls.getUnchecked(ClientCalls.java:214)
	at org.apache.ratis.thirdparty.io.grpc.stub.ClientCalls.blockingUnaryCall(ClientCalls.java:139)
	at org.apache.ratis.proto.grpc.RaftServerProtocolServiceGrpc$RaftServerProtocolServiceBlockingStub.requestVote(RaftServerProtocolServiceGrpc.java:265)
	at org.apache.ratis.grpc.server.GrpcServerProtocolClient.requestVote(GrpcServerProtocolClient.java:99)
	at org.apache.ratis.grpc.server.GrpcService.requestVote(GrpcService.java:204)
	at org.apache.ratis.server.impl.LeaderElection.lambda$submitRequests$1(LeaderElection.java:234)
	at java.util.concurrent.FutureTask.run(FutureTask.java:266)
	at java.util.concurrent.Executors$RunnableAdapter.call(Executors.java:511)
	at java.util.concurrent.FutureTask.run(FutureTask.java:266)
	at java.util.concurrent.ThreadPoolExecutor.runWorker(ThreadPoolExecutor.java:1149)
	at java.util.concurrent.ThreadPoolExecutor$Worker.run(ThreadPoolExecutor.java:624)
	... 1 more
Caused by: org.apache.ratis.thirdparty.io.netty.channel.AbstractChannel$AnnotatedConnectException: Connection refused: /192.168.34.25:45248
	at sun.nio.ch.SocketChannelImpl.checkConnect(Native Method)
	at sun.nio.ch.SocketChannelImpl.finishConnect(SocketChannelImpl.java:717)
	at org.apache.ratis.thirdparty.io.netty.channel.socket.nio.NioSocketChannel.doFinishConnect(NioSocketChannel.java:327)
	at org.apache.ratis.thirdparty.io.netty.channel.nio.AbstractNioChannel$AbstractNioUnsafe.finishConnect(AbstractNioChannel.java:340)
	at org.apache.ratis.thirdparty.io.netty.channel.nio.NioEventLoop.processSelectedKey(NioEventLoop.java:632)
	at org.apache.ratis.thirdparty.io.netty.channel.nio.NioEventLoop.processSelectedKeysOptimized(NioEventLoop.java:579)
	at org.apache.ratis.thirdparty.io.netty.channel.nio.NioEventLoop.processSelectedKeys(NioEventLoop.java:496)
	at org.apache.ratis.thirdparty.io.netty.channel.nio.NioEventLoop.run(NioEventLoop.java:458)
	at org.apache.ratis.thirdparty.io.netty.util.concurrent.SingleThreadEventExecutor$5.run(SingleThreadEventExecutor.java:897)
	at org.apache.ratis.thirdparty.io.netty.util.concurrent.FastThreadLocalRunnable.run(FastThreadLocalRunnable.java:30)
	... 1 more
Caused by: java.net.ConnectException: Connection refused
	... 11 more
2019-10-18 07:24:22,563 [12ad0800-05cb-443c-9fdd-fa1debf04523@group-BCB82A5C07F5-LeaderElection1308] INFO  impl.RaftServerImpl (RaftServerImpl.java:setRole(184)) - 12ad0800-05cb-443c-9fdd-fa1debf04523@group-BCB82A5C07F5: changes role from CANDIDATE to FOLLOWER at term 254 for DISCOVERED_A_NEW_TERM
2019-10-18 07:24:22,563 [12ad0800-05cb-443c-9fdd-fa1debf04523@group-BCB82A5C07F5-LeaderElection1308] INFO  impl.RoleInfo (RoleInfo.java:shutdownLeaderElection(134)) - 12ad0800-05cb-443c-9fdd-fa1debf04523: shutdown LeaderElection
2019-10-18 07:24:22,563 [12ad0800-05cb-443c-9fdd-fa1debf04523@group-BCB82A5C07F5-LeaderElection1308] INFO  impl.RoleInfo (RoleInfo.java:updateAndGet(143)) - 12ad0800-05cb-443c-9fdd-fa1debf04523: start FollowerState
2019-10-18 07:24:22,599 [Thread-11093] INFO  impl.FollowerState (FollowerState.java:run(108)) - 67270882-100a-4e75-928d-618d17e069c8@group-0C9C3B2D0CC1-FollowerState: change to CANDIDATE, lastRpcTime:1123ms, electionTimeout:1123ms
2019-10-18 07:24:22,599 [Thread-11093] INFO  impl.RoleInfo (RoleInfo.java:shutdownFollowerState(121)) - 67270882-100a-4e75-928d-618d17e069c8: shutdown FollowerState
2019-10-18 07:24:22,599 [Thread-11093] INFO  impl.RaftServerImpl (RaftServerImpl.java:setRole(184)) - 67270882-100a-4e75-928d-618d17e069c8@group-0C9C3B2D0CC1: changes role from  FOLLOWER to CANDIDATE at term 156 for changeToCandidate
2019-10-18 07:24:22,599 [Thread-11093] INFO  impl.RoleInfo (RoleInfo.java:updateAndGet(143)) - 67270882-100a-4e75-928d-618d17e069c8: start LeaderElection
2019-10-18 07:24:22,620 [67270882-100a-4e75-928d-618d17e069c8@group-0C9C3B2D0CC1-LeaderElection1309] INFO  impl.LeaderElection (LeaderElection.java:askForVotes(178)) - 67270882-100a-4e75-928d-618d17e069c8@group-0C9C3B2D0CC1-LeaderElection1309: begin an election at term 157 for 1: [6633f50a-7046-4b08-9937-8e25f1b14b15:192.168.34.25:39338, 67270882-100a-4e75-928d-618d17e069c8:192.168.34.25:36648, 4dea926d-4bc6-487a-9b9b-9fd457d0fae4:192.168.34.25:41624], old=null
2019-10-18 07:24:22,621 [67270882-100a-4e75-928d-618d17e069c8@group-0C9C3B2D0CC1-LeaderElection1309] INFO  impl.LeaderElection (LogUtils.java:infoOrTrace(149)) - 67270882-100a-4e75-928d-618d17e069c8@group-0C9C3B2D0CC1-LeaderElection1309 got exception when requesting votes: {}
java.util.concurrent.ExecutionException: org.apache.ratis.thirdparty.io.grpc.StatusRuntimeException: UNAVAILABLE: io exception
	at java.util.concurrent.FutureTask.report(FutureTask.java:122)
	at java.util.concurrent.FutureTask.get(FutureTask.java:192)
	at org.apache.ratis.server.impl.LeaderElection.waitForResults(LeaderElection.java:259)
	at org.apache.ratis.server.impl.LeaderElection.askForVotes(LeaderElection.java:197)
	at org.apache.ratis.server.impl.LeaderElection.run(LeaderElection.java:133)
	at java.lang.Thread.run(Thread.java:748)
Caused by: org.apache.ratis.thirdparty.io.grpc.StatusRuntimeException: UNAVAILABLE: io exception
	at org.apache.ratis.thirdparty.io.grpc.stub.ClientCalls.toStatusRuntimeException(ClientCalls.java:233)
	at org.apache.ratis.thirdparty.io.grpc.stub.ClientCalls.getUnchecked(ClientCalls.java:214)
	at org.apache.ratis.thirdparty.io.grpc.stub.ClientCalls.blockingUnaryCall(ClientCalls.java:139)
	at org.apache.ratis.proto.grpc.RaftServerProtocolServiceGrpc$RaftServerProtocolServiceBlockingStub.requestVote(RaftServerProtocolServiceGrpc.java:265)
	at org.apache.ratis.grpc.server.GrpcServerProtocolClient.requestVote(GrpcServerProtocolClient.java:99)
	at org.apache.ratis.grpc.server.GrpcService.requestVote(GrpcService.java:204)
	at org.apache.ratis.server.impl.LeaderElection.lambda$submitRequests$1(LeaderElection.java:234)
	at java.util.concurrent.FutureTask.run(FutureTask.java:266)
	at java.util.concurrent.Executors$RunnableAdapter.call(Executors.java:511)
	at java.util.concurrent.FutureTask.run(FutureTask.java:266)
	at java.util.concurrent.ThreadPoolExecutor.runWorker(ThreadPoolExecutor.java:1149)
	at java.util.concurrent.ThreadPoolExecutor$Worker.run(ThreadPoolExecutor.java:624)
	... 1 more
Caused by: org.apache.ratis.thirdparty.io.netty.channel.AbstractChannel$AnnotatedConnectException: Connection refused: /192.168.34.25:39338
	at sun.nio.ch.SocketChannelImpl.checkConnect(Native Method)
	at sun.nio.ch.SocketChannelImpl.finishConnect(SocketChannelImpl.java:717)
	at org.apache.ratis.thirdparty.io.netty.channel.socket.nio.NioSocketChannel.doFinishConnect(NioSocketChannel.java:327)
	at org.apache.ratis.thirdparty.io.netty.channel.nio.AbstractNioChannel$AbstractNioUnsafe.finishConnect(AbstractNioChannel.java:340)
	at org.apache.ratis.thirdparty.io.netty.channel.nio.NioEventLoop.processSelectedKey(NioEventLoop.java:632)
	at org.apache.ratis.thirdparty.io.netty.channel.nio.NioEventLoop.processSelectedKeysOptimized(NioEventLoop.java:579)
	at org.apache.ratis.thirdparty.io.netty.channel.nio.NioEventLoop.processSelectedKeys(NioEventLoop.java:496)
	at org.apache.ratis.thirdparty.io.netty.channel.nio.NioEventLoop.run(NioEventLoop.java:458)
	at org.apache.ratis.thirdparty.io.netty.util.concurrent.SingleThreadEventExecutor$5.run(SingleThreadEventExecutor.java:897)
	at org.apache.ratis.thirdparty.io.netty.util.concurrent.FastThreadLocalRunnable.run(FastThreadLocalRunnable.java:30)
	... 1 more
Caused by: java.net.ConnectException: Connection refused
	... 11 more
2019-10-18 07:24:22,621 [67270882-100a-4e75-928d-618d17e069c8@group-0C9C3B2D0CC1-LeaderElection1309] INFO  impl.LeaderElection (LogUtils.java:infoOrTrace(149)) - 67270882-100a-4e75-928d-618d17e069c8@group-0C9C3B2D0CC1-LeaderElection1309 got exception when requesting votes: {}
java.util.concurrent.ExecutionException: org.apache.ratis.thirdparty.io.grpc.StatusRuntimeException: UNAVAILABLE: io exception
	at java.util.concurrent.FutureTask.report(FutureTask.java:122)
	at java.util.concurrent.FutureTask.get(FutureTask.java:192)
	at org.apache.ratis.server.impl.LeaderElection.waitForResults(LeaderElection.java:259)
	at org.apache.ratis.server.impl.LeaderElection.askForVotes(LeaderElection.java:197)
	at org.apache.ratis.server.impl.LeaderElection.run(LeaderElection.java:133)
	at java.lang.Thread.run(Thread.java:748)
Caused by: org.apache.ratis.thirdparty.io.grpc.StatusRuntimeException: UNAVAILABLE: io exception
	at org.apache.ratis.thirdparty.io.grpc.stub.ClientCalls.toStatusRuntimeException(ClientCalls.java:233)
	at org.apache.ratis.thirdparty.io.grpc.stub.ClientCalls.getUnchecked(ClientCalls.java:214)
	at org.apache.ratis.thirdparty.io.grpc.stub.ClientCalls.blockingUnaryCall(ClientCalls.java:139)
	at org.apache.ratis.proto.grpc.RaftServerProtocolServiceGrpc$RaftServerProtocolServiceBlockingStub.requestVote(RaftServerProtocolServiceGrpc.java:265)
	at org.apache.ratis.grpc.server.GrpcServerProtocolClient.requestVote(GrpcServerProtocolClient.java:99)
	at org.apache.ratis.grpc.server.GrpcService.requestVote(GrpcService.java:204)
	at org.apache.ratis.server.impl.LeaderElection.lambda$submitRequests$1(LeaderElection.java:234)
	at java.util.concurrent.FutureTask.run(FutureTask.java:266)
	at java.util.concurrent.Executors$RunnableAdapter.call(Executors.java:511)
	at java.util.concurrent.FutureTask.run(FutureTask.java:266)
	at java.util.concurrent.ThreadPoolExecutor.runWorker(ThreadPoolExecutor.java:1149)
	at java.util.concurrent.ThreadPoolExecutor$Worker.run(ThreadPoolExecutor.java:624)
	... 1 more
Caused by: org.apache.ratis.thirdparty.io.netty.channel.AbstractChannel$AnnotatedConnectException: Connection refused: /192.168.34.25:41624
	at sun.nio.ch.SocketChannelImpl.checkConnect(Native Method)
	at sun.nio.ch.SocketChannelImpl.finishConnect(SocketChannelImpl.java:717)
	at org.apache.ratis.thirdparty.io.netty.channel.socket.nio.NioSocketChannel.doFinishConnect(NioSocketChannel.java:327)
	at org.apache.ratis.thirdparty.io.netty.channel.nio.AbstractNioChannel$AbstractNioUnsafe.finishConnect(AbstractNioChannel.java:340)
	at org.apache.ratis.thirdparty.io.netty.channel.nio.NioEventLoop.processSelectedKey(NioEventLoop.java:632)
	at org.apache.ratis.thirdparty.io.netty.channel.nio.NioEventLoop.processSelectedKeysOptimized(NioEventLoop.java:579)
	at org.apache.ratis.thirdparty.io.netty.channel.nio.NioEventLoop.processSelectedKeys(NioEventLoop.java:496)
	at org.apache.ratis.thirdparty.io.netty.channel.nio.NioEventLoop.run(NioEventLoop.java:458)
	at org.apache.ratis.thirdparty.io.netty.util.concurrent.SingleThreadEventExecutor$5.run(SingleThreadEventExecutor.java:897)
	at org.apache.ratis.thirdparty.io.netty.util.concurrent.FastThreadLocalRunnable.run(FastThreadLocalRunnable.java:30)
	... 1 more
Caused by: java.net.ConnectException: Connection refused
	... 11 more
2019-10-18 07:24:22,621 [67270882-100a-4e75-928d-618d17e069c8@group-0C9C3B2D0CC1-LeaderElection1309] INFO  impl.LeaderElection (LeaderElection.java:logAndReturn(56)) - 67270882-100a-4e75-928d-618d17e069c8@group-0C9C3B2D0CC1-LeaderElection1309: Election REJECTED; received 0 response(s) [] and 2 exception(s); 67270882-100a-4e75-928d-618d17e069c8@group-0C9C3B2D0CC1:t157, leader=null, voted=67270882-100a-4e75-928d-618d17e069c8, raftlog=67270882-100a-4e75-928d-618d17e069c8@group-0C9C3B2D0CC1-SegmentedRaftLog:OPENED:c2,f2,i2, conf=1: [6633f50a-7046-4b08-9937-8e25f1b14b15:192.168.34.25:39338, 67270882-100a-4e75-928d-618d17e069c8:192.168.34.25:36648, 4dea926d-4bc6-487a-9b9b-9fd457d0fae4:192.168.34.25:41624], old=null
2019-10-18 07:24:22,622 [67270882-100a-4e75-928d-618d17e069c8@group-0C9C3B2D0CC1-LeaderElection1309] INFO  impl.LeaderElection (LogUtils.java:infoOrTrace(149)) -   Exception 0: {}
java.util.concurrent.ExecutionException: org.apache.ratis.thirdparty.io.grpc.StatusRuntimeException: UNAVAILABLE: io exception
	at java.util.concurrent.FutureTask.report(FutureTask.java:122)
	at java.util.concurrent.FutureTask.get(FutureTask.java:192)
	at org.apache.ratis.server.impl.LeaderElection.waitForResults(LeaderElection.java:259)
	at org.apache.ratis.server.impl.LeaderElection.askForVotes(LeaderElection.java:197)
	at org.apache.ratis.server.impl.LeaderElection.run(LeaderElection.java:133)
	at java.lang.Thread.run(Thread.java:748)
Caused by: org.apache.ratis.thirdparty.io.grpc.StatusRuntimeException: UNAVAILABLE: io exception
	at org.apache.ratis.thirdparty.io.grpc.stub.ClientCalls.toStatusRuntimeException(ClientCalls.java:233)
	at org.apache.ratis.thirdparty.io.grpc.stub.ClientCalls.getUnchecked(ClientCalls.java:214)
	at org.apache.ratis.thirdparty.io.grpc.stub.ClientCalls.blockingUnaryCall(ClientCalls.java:139)
	at org.apache.ratis.proto.grpc.RaftServerProtocolServiceGrpc$RaftServerProtocolServiceBlockingStub.requestVote(RaftServerProtocolServiceGrpc.java:265)
	at org.apache.ratis.grpc.server.GrpcServerProtocolClient.requestVote(GrpcServerProtocolClient.java:99)
	at org.apache.ratis.grpc.server.GrpcService.requestVote(GrpcService.java:204)
	at org.apache.ratis.server.impl.LeaderElection.lambda$submitRequests$1(LeaderElection.java:234)
	at java.util.concurrent.FutureTask.run(FutureTask.java:266)
	at java.util.concurrent.Executors$RunnableAdapter.call(Executors.java:511)
	at java.util.concurrent.FutureTask.run(FutureTask.java:266)
	at java.util.concurrent.ThreadPoolExecutor.runWorker(ThreadPoolExecutor.java:1149)
	at java.util.concurrent.ThreadPoolExecutor$Worker.run(ThreadPoolExecutor.java:624)
	... 1 more
Caused by: org.apache.ratis.thirdparty.io.netty.channel.AbstractChannel$AnnotatedConnectException: Connection refused: /192.168.34.25:39338
	at sun.nio.ch.SocketChannelImpl.checkConnect(Native Method)
	at sun.nio.ch.SocketChannelImpl.finishConnect(SocketChannelImpl.java:717)
	at org.apache.ratis.thirdparty.io.netty.channel.socket.nio.NioSocketChannel.doFinishConnect(NioSocketChannel.java:327)
	at org.apache.ratis.thirdparty.io.netty.channel.nio.AbstractNioChannel$AbstractNioUnsafe.finishConnect(AbstractNioChannel.java:340)
	at org.apache.ratis.thirdparty.io.netty.channel.nio.NioEventLoop.processSelectedKey(NioEventLoop.java:632)
	at org.apache.ratis.thirdparty.io.netty.channel.nio.NioEventLoop.processSelectedKeysOptimized(NioEventLoop.java:579)
	at org.apache.ratis.thirdparty.io.netty.channel.nio.NioEventLoop.processSelectedKeys(NioEventLoop.java:496)
	at org.apache.ratis.thirdparty.io.netty.channel.nio.NioEventLoop.run(NioEventLoop.java:458)
	at org.apache.ratis.thirdparty.io.netty.util.concurrent.SingleThreadEventExecutor$5.run(SingleThreadEventExecutor.java:897)
	at org.apache.ratis.thirdparty.io.netty.util.concurrent.FastThreadLocalRunnable.run(FastThreadLocalRunnable.java:30)
	... 1 more
Caused by: java.net.ConnectException: Connection refused
	... 11 more
2019-10-18 07:24:22,622 [67270882-100a-4e75-928d-618d17e069c8@group-0C9C3B2D0CC1-LeaderElection1309] INFO  impl.LeaderElection (LogUtils.java:infoOrTrace(149)) -   Exception 1: {}
java.util.concurrent.ExecutionException: org.apache.ratis.thirdparty.io.grpc.StatusRuntimeException: UNAVAILABLE: io exception
	at java.util.concurrent.FutureTask.report(FutureTask.java:122)
	at java.util.concurrent.FutureTask.get(FutureTask.java:192)
	at org.apache.ratis.server.impl.LeaderElection.waitForResults(LeaderElection.java:259)
	at org.apache.ratis.server.impl.LeaderElection.askForVotes(LeaderElection.java:197)
	at org.apache.ratis.server.impl.LeaderElection.run(LeaderElection.java:133)
	at java.lang.Thread.run(Thread.java:748)
Caused by: org.apache.ratis.thirdparty.io.grpc.StatusRuntimeException: UNAVAILABLE: io exception
	at org.apache.ratis.thirdparty.io.grpc.stub.ClientCalls.toStatusRuntimeException(ClientCalls.java:233)
	at org.apache.ratis.thirdparty.io.grpc.stub.ClientCalls.getUnchecked(ClientCalls.java:214)
	at org.apache.ratis.thirdparty.io.grpc.stub.ClientCalls.blockingUnaryCall(ClientCalls.java:139)
	at org.apache.ratis.proto.grpc.RaftServerProtocolServiceGrpc$RaftServerProtocolServiceBlockingStub.requestVote(RaftServerProtocolServiceGrpc.java:265)
	at org.apache.ratis.grpc.server.GrpcServerProtocolClient.requestVote(GrpcServerProtocolClient.java:99)
	at org.apache.ratis.grpc.server.GrpcService.requestVote(GrpcService.java:204)
	at org.apache.ratis.server.impl.LeaderElection.lambda$submitRequests$1(LeaderElection.java:234)
	at java.util.concurrent.FutureTask.run(FutureTask.java:266)
	at java.util.concurrent.Executors$RunnableAdapter.call(Executors.java:511)
	at java.util.concurrent.FutureTask.run(FutureTask.java:266)
	at java.util.concurrent.ThreadPoolExecutor.runWorker(ThreadPoolExecutor.java:1149)
	at java.util.concurrent.ThreadPoolExecutor$Worker.run(ThreadPoolExecutor.java:624)
	... 1 more
Caused by: org.apache.ratis.thirdparty.io.netty.channel.AbstractChannel$AnnotatedConnectException: Connection refused: /192.168.34.25:41624
	at sun.nio.ch.SocketChannelImpl.checkConnect(Native Method)
	at sun.nio.ch.SocketChannelImpl.finishConnect(SocketChannelImpl.java:717)
	at org.apache.ratis.thirdparty.io.netty.channel.socket.nio.NioSocketChannel.doFinishConnect(NioSocketChannel.java:327)
	at org.apache.ratis.thirdparty.io.netty.channel.nio.AbstractNioChannel$AbstractNioUnsafe.finishConnect(AbstractNioChannel.java:340)
	at org.apache.ratis.thirdparty.io.netty.channel.nio.NioEventLoop.processSelectedKey(NioEventLoop.java:632)
	at org.apache.ratis.thirdparty.io.netty.channel.nio.NioEventLoop.processSelectedKeysOptimized(NioEventLoop.java:579)
	at org.apache.ratis.thirdparty.io.netty.channel.nio.NioEventLoop.processSelectedKeys(NioEventLoop.java:496)
	at org.apache.ratis.thirdparty.io.netty.channel.nio.NioEventLoop.run(NioEventLoop.java:458)
	at org.apache.ratis.thirdparty.io.netty.util.concurrent.SingleThreadEventExecutor$5.run(SingleThreadEventExecutor.java:897)
	at org.apache.ratis.thirdparty.io.netty.util.concurrent.FastThreadLocalRunnable.run(FastThreadLocalRunnable.java:30)
	... 1 more
Caused by: java.net.ConnectException: Connection refused
	... 11 more
2019-10-18 07:24:22,622 [67270882-100a-4e75-928d-618d17e069c8@group-0C9C3B2D0CC1-LeaderElection1309] INFO  impl.RaftServerImpl (RaftServerImpl.java:setRole(184)) - 67270882-100a-4e75-928d-618d17e069c8@group-0C9C3B2D0CC1: changes role from CANDIDATE to FOLLOWER at term 157 for DISCOVERED_A_NEW_TERM
2019-10-18 07:24:22,622 [67270882-100a-4e75-928d-618d17e069c8@group-0C9C3B2D0CC1-LeaderElection1309] INFO  impl.RoleInfo (RoleInfo.java:shutdownLeaderElection(134)) - 67270882-100a-4e75-928d-618d17e069c8: shutdown LeaderElection
2019-10-18 07:24:22,622 [67270882-100a-4e75-928d-618d17e069c8@group-0C9C3B2D0CC1-LeaderElection1309] INFO  impl.RoleInfo (RoleInfo.java:updateAndGet(143)) - 67270882-100a-4e75-928d-618d17e069c8: start FollowerState
2019-10-18 07:24:22,697 [Thread-11130] INFO  impl.FollowerState (FollowerState.java:run(108)) - 12ad0800-05cb-443c-9fdd-fa1debf04523@group-BCB82A5C07F5-FollowerState: change to CANDIDATE, lastRpcTime:134ms, electionTimeout:134ms
2019-10-18 07:24:22,697 [Thread-11130] INFO  impl.RoleInfo (RoleInfo.java:shutdownFollowerState(121)) - 12ad0800-05cb-443c-9fdd-fa1debf04523: shutdown FollowerState
2019-10-18 07:24:22,698 [Thread-11130] INFO  impl.RaftServerImpl (RaftServerImpl.java:setRole(184)) - 12ad0800-05cb-443c-9fdd-fa1debf04523@group-BCB82A5C07F5: changes role from  FOLLOWER to CANDIDATE at term 254 for changeToCandidate
2019-10-18 07:24:22,698 [Thread-11130] INFO  impl.RoleInfo (RoleInfo.java:updateAndGet(143)) - 12ad0800-05cb-443c-9fdd-fa1debf04523: start LeaderElection
2019-10-18 07:24:22,722 [12ad0800-05cb-443c-9fdd-fa1debf04523@group-BCB82A5C07F5-LeaderElection1310] INFO  impl.LeaderElection (LeaderElection.java:askForVotes(178)) - 12ad0800-05cb-443c-9fdd-fa1debf04523@group-BCB82A5C07F5-LeaderElection1310: begin an election at term 255 for -1: [12ad0800-05cb-443c-9fdd-fa1debf04523:192.168.34.25:41155, 5170c5f3-8499-4b42-9321-85fc8a351f79:192.168.34.25:43074, 0b10a9fc-47eb-4a2b-b664-8273d9d17379:192.168.34.25:45248], old=null
2019-10-18 07:24:22,723 [12ad0800-05cb-443c-9fdd-fa1debf04523@group-BCB82A5C07F5-LeaderElection1310] INFO  impl.LeaderElection (LogUtils.java:infoOrTrace(149)) - 12ad0800-05cb-443c-9fdd-fa1debf04523@group-BCB82A5C07F5-LeaderElection1310 got exception when requesting votes: {}
java.util.concurrent.ExecutionException: org.apache.ratis.thirdparty.io.grpc.StatusRuntimeException: UNAVAILABLE: io exception
	at java.util.concurrent.FutureTask.report(FutureTask.java:122)
	at java.util.concurrent.FutureTask.get(FutureTask.java:192)
	at org.apache.ratis.server.impl.LeaderElection.waitForResults(LeaderElection.java:259)
	at org.apache.ratis.server.impl.LeaderElection.askForVotes(LeaderElection.java:197)
	at org.apache.ratis.server.impl.LeaderElection.run(LeaderElection.java:133)
	at java.lang.Thread.run(Thread.java:748)
Caused by: org.apache.ratis.thirdparty.io.grpc.StatusRuntimeException: UNAVAILABLE: io exception
	at org.apache.ratis.thirdparty.io.grpc.stub.ClientCalls.toStatusRuntimeException(ClientCalls.java:233)
	at org.apache.ratis.thirdparty.io.grpc.stub.ClientCalls.getUnchecked(ClientCalls.java:214)
	at org.apache.ratis.thirdparty.io.grpc.stub.ClientCalls.blockingUnaryCall(ClientCalls.java:139)
	at org.apache.ratis.proto.grpc.RaftServerProtocolServiceGrpc$RaftServerProtocolServiceBlockingStub.requestVote(RaftServerProtocolServiceGrpc.java:265)
	at org.apache.ratis.grpc.server.GrpcServerProtocolClient.requestVote(GrpcServerProtocolClient.java:99)
	at org.apache.ratis.grpc.server.GrpcService.requestVote(GrpcService.java:204)
	at org.apache.ratis.server.impl.LeaderElection.lambda$submitRequests$1(LeaderElection.java:234)
	at java.util.concurrent.FutureTask.run(FutureTask.java:266)
	at java.util.concurrent.Executors$RunnableAdapter.call(Executors.java:511)
	at java.util.concurrent.FutureTask.run(FutureTask.java:266)
	at java.util.concurrent.ThreadPoolExecutor.runWorker(ThreadPoolExecutor.java:1149)
	at java.util.concurrent.ThreadPoolExecutor$Worker.run(ThreadPoolExecutor.java:624)
	... 1 more
Caused by: org.apache.ratis.thirdparty.io.netty.channel.AbstractChannel$AnnotatedConnectException: Connection refused: /192.168.34.25:43074
	at sun.nio.ch.SocketChannelImpl.checkConnect(Native Method)
	at sun.nio.ch.SocketChannelImpl.finishConnect(SocketChannelImpl.java:717)
	at org.apache.ratis.thirdparty.io.netty.channel.socket.nio.NioSocketChannel.doFinishConnect(NioSocketChannel.java:327)
	at org.apache.ratis.thirdparty.io.netty.channel.nio.AbstractNioChannel$AbstractNioUnsafe.finishConnect(AbstractNioChannel.java:340)
	at org.apache.ratis.thirdparty.io.netty.channel.nio.NioEventLoop.processSelectedKey(NioEventLoop.java:632)
	at org.apache.ratis.thirdparty.io.netty.channel.nio.NioEventLoop.processSelectedKeysOptimized(NioEventLoop.java:579)
	at org.apache.ratis.thirdparty.io.netty.channel.nio.NioEventLoop.processSelectedKeys(NioEventLoop.java:496)
	at org.apache.ratis.thirdparty.io.netty.channel.nio.NioEventLoop.run(NioEventLoop.java:458)
	at org.apache.ratis.thirdparty.io.netty.util.concurrent.SingleThreadEventExecutor$5.run(SingleThreadEventExecutor.java:897)
	at org.apache.ratis.thirdparty.io.netty.util.concurrent.FastThreadLocalRunnable.run(FastThreadLocalRunnable.java:30)
	... 1 more
Caused by: java.net.ConnectException: Connection refused
	... 11 more
2019-10-18 07:24:22,723 [12ad0800-05cb-443c-9fdd-fa1debf04523@group-BCB82A5C07F5-LeaderElection1310] INFO  impl.LeaderElection (LogUtils.java:infoOrTrace(149)) - 12ad0800-05cb-443c-9fdd-fa1debf04523@group-BCB82A5C07F5-LeaderElection1310 got exception when requesting votes: {}
java.util.concurrent.ExecutionException: org.apache.ratis.thirdparty.io.grpc.StatusRuntimeException: UNAVAILABLE: io exception
	at java.util.concurrent.FutureTask.report(FutureTask.java:122)
	at java.util.concurrent.FutureTask.get(FutureTask.java:192)
	at org.apache.ratis.server.impl.LeaderElection.waitForResults(LeaderElection.java:259)
	at org.apache.ratis.server.impl.LeaderElection.askForVotes(LeaderElection.java:197)
	at org.apache.ratis.server.impl.LeaderElection.run(LeaderElection.java:133)
	at java.lang.Thread.run(Thread.java:748)
Caused by: org.apache.ratis.thirdparty.io.grpc.StatusRuntimeException: UNAVAILABLE: io exception
	at org.apache.ratis.thirdparty.io.grpc.stub.ClientCalls.toStatusRuntimeException(ClientCalls.java:233)
	at org.apache.ratis.thirdparty.io.grpc.stub.ClientCalls.getUnchecked(ClientCalls.java:214)
	at org.apache.ratis.thirdparty.io.grpc.stub.ClientCalls.blockingUnaryCall(ClientCalls.java:139)
	at org.apache.ratis.proto.grpc.RaftServerProtocolServiceGrpc$RaftServerProtocolServiceBlockingStub.requestVote(RaftServerProtocolServiceGrpc.java:265)
	at org.apache.ratis.grpc.server.GrpcServerProtocolClient.requestVote(GrpcServerProtocolClient.java:99)
	at org.apache.ratis.grpc.server.GrpcService.requestVote(GrpcService.java:204)
	at org.apache.ratis.server.impl.LeaderElection.lambda$submitRequests$1(LeaderElection.java:234)
	at java.util.concurrent.FutureTask.run(FutureTask.java:266)
	at java.util.concurrent.Executors$RunnableAdapter.call(Executors.java:511)
	at java.util.concurrent.FutureTask.run(FutureTask.java:266)
	at java.util.concurrent.ThreadPoolExecutor.runWorker(ThreadPoolExecutor.java:1149)
	at java.util.concurrent.ThreadPoolExecutor$Worker.run(ThreadPoolExecutor.java:624)
	... 1 more
Caused by: org.apache.ratis.thirdparty.io.netty.channel.AbstractChannel$AnnotatedConnectException: Connection refused: /192.168.34.25:45248
	at sun.nio.ch.SocketChannelImpl.checkConnect(Native Method)
	at sun.nio.ch.SocketChannelImpl.finishConnect(SocketChannelImpl.java:717)
	at org.apache.ratis.thirdparty.io.netty.channel.socket.nio.NioSocketChannel.doFinishConnect(NioSocketChannel.java:327)
	at org.apache.ratis.thirdparty.io.netty.channel.nio.AbstractNioChannel$AbstractNioUnsafe.finishConnect(AbstractNioChannel.java:340)
	at org.apache.ratis.thirdparty.io.netty.channel.nio.NioEventLoop.processSelectedKey(NioEventLoop.java:632)
	at org.apache.ratis.thirdparty.io.netty.channel.nio.NioEventLoop.processSelectedKeysOptimized(NioEventLoop.java:579)
	at org.apache.ratis.thirdparty.io.netty.channel.nio.NioEventLoop.processSelectedKeys(NioEventLoop.java:496)
	at org.apache.ratis.thirdparty.io.netty.channel.nio.NioEventLoop.run(NioEventLoop.java:458)
	at org.apache.ratis.thirdparty.io.netty.util.concurrent.SingleThreadEventExecutor$5.run(SingleThreadEventExecutor.java:897)
	at org.apache.ratis.thirdparty.io.netty.util.concurrent.FastThreadLocalRunnable.run(FastThreadLocalRunnable.java:30)
	... 1 more
Caused by: java.net.ConnectException: Connection refused
	... 11 more
2019-10-18 07:24:22,723 [12ad0800-05cb-443c-9fdd-fa1debf04523@group-BCB82A5C07F5-LeaderElection1310] INFO  impl.LeaderElection (LeaderElection.java:logAndReturn(56)) - 12ad0800-05cb-443c-9fdd-fa1debf04523@group-BCB82A5C07F5-LeaderElection1310: Election REJECTED; received 0 response(s) [] and 2 exception(s); 12ad0800-05cb-443c-9fdd-fa1debf04523@group-BCB82A5C07F5:t255, leader=null, voted=12ad0800-05cb-443c-9fdd-fa1debf04523, raftlog=12ad0800-05cb-443c-9fdd-fa1debf04523@group-BCB82A5C07F5-SegmentedRaftLog:OPENED:c-1,f-1,i0, conf=-1: [12ad0800-05cb-443c-9fdd-fa1debf04523:192.168.34.25:41155, 5170c5f3-8499-4b42-9321-85fc8a351f79:192.168.34.25:43074, 0b10a9fc-47eb-4a2b-b664-8273d9d17379:192.168.34.25:45248], old=null
2019-10-18 07:24:22,723 [12ad0800-05cb-443c-9fdd-fa1debf04523@group-BCB82A5C07F5-LeaderElection1310] INFO  impl.LeaderElection (LogUtils.java:infoOrTrace(149)) -   Exception 0: {}
java.util.concurrent.ExecutionException: org.apache.ratis.thirdparty.io.grpc.StatusRuntimeException: UNAVAILABLE: io exception
	at java.util.concurrent.FutureTask.report(FutureTask.java:122)
	at java.util.concurrent.FutureTask.get(FutureTask.java:192)
	at org.apache.ratis.server.impl.LeaderElection.waitForResults(LeaderElection.java:259)
	at org.apache.ratis.server.impl.LeaderElection.askForVotes(LeaderElection.java:197)
	at org.apache.ratis.server.impl.LeaderElection.run(LeaderElection.java:133)
	at java.lang.Thread.run(Thread.java:748)
Caused by: org.apache.ratis.thirdparty.io.grpc.StatusRuntimeException: UNAVAILABLE: io exception
	at org.apache.ratis.thirdparty.io.grpc.stub.ClientCalls.toStatusRuntimeException(ClientCalls.java:233)
	at org.apache.ratis.thirdparty.io.grpc.stub.ClientCalls.getUnchecked(ClientCalls.java:214)
	at org.apache.ratis.thirdparty.io.grpc.stub.ClientCalls.blockingUnaryCall(ClientCalls.java:139)
	at org.apache.ratis.proto.grpc.RaftServerProtocolServiceGrpc$RaftServerProtocolServiceBlockingStub.requestVote(RaftServerProtocolServiceGrpc.java:265)
	at org.apache.ratis.grpc.server.GrpcServerProtocolClient.requestVote(GrpcServerProtocolClient.java:99)
	at org.apache.ratis.grpc.server.GrpcService.requestVote(GrpcService.java:204)
	at org.apache.ratis.server.impl.LeaderElection.lambda$submitRequests$1(LeaderElection.java:234)
	at java.util.concurrent.FutureTask.run(FutureTask.java:266)
	at java.util.concurrent.Executors$RunnableAdapter.call(Executors.java:511)
	at java.util.concurrent.FutureTask.run(FutureTask.java:266)
	at java.util.concurrent.ThreadPoolExecutor.runWorker(ThreadPoolExecutor.java:1149)
	at java.util.concurrent.ThreadPoolExecutor$Worker.run(ThreadPoolExecutor.java:624)
	... 1 more
Caused by: org.apache.ratis.thirdparty.io.netty.channel.AbstractChannel$AnnotatedConnectException: Connection refused: /192.168.34.25:43074
	at sun.nio.ch.SocketChannelImpl.checkConnect(Native Method)
	at sun.nio.ch.SocketChannelImpl.finishConnect(SocketChannelImpl.java:717)
	at org.apache.ratis.thirdparty.io.netty.channel.socket.nio.NioSocketChannel.doFinishConnect(NioSocketChannel.java:327)
	at org.apache.ratis.thirdparty.io.netty.channel.nio.AbstractNioChannel$AbstractNioUnsafe.finishConnect(AbstractNioChannel.java:340)
	at org.apache.ratis.thirdparty.io.netty.channel.nio.NioEventLoop.processSelectedKey(NioEventLoop.java:632)
	at org.apache.ratis.thirdparty.io.netty.channel.nio.NioEventLoop.processSelectedKeysOptimized(NioEventLoop.java:579)
	at org.apache.ratis.thirdparty.io.netty.channel.nio.NioEventLoop.processSelectedKeys(NioEventLoop.java:496)
	at org.apache.ratis.thirdparty.io.netty.channel.nio.NioEventLoop.run(NioEventLoop.java:458)
	at org.apache.ratis.thirdparty.io.netty.util.concurrent.SingleThreadEventExecutor$5.run(SingleThreadEventExecutor.java:897)
	at org.apache.ratis.thirdparty.io.netty.util.concurrent.FastThreadLocalRunnable.run(FastThreadLocalRunnable.java:30)
	... 1 more
Caused by: java.net.ConnectException: Connection refused
	... 11 more
2019-10-18 07:24:22,724 [12ad0800-05cb-443c-9fdd-fa1debf04523@group-BCB82A5C07F5-LeaderElection1310] INFO  impl.LeaderElection (LogUtils.java:infoOrTrace(149)) -   Exception 1: {}
java.util.concurrent.ExecutionException: org.apache.ratis.thirdparty.io.grpc.StatusRuntimeException: UNAVAILABLE: io exception
	at java.util.concurrent.FutureTask.report(FutureTask.java:122)
	at java.util.concurrent.FutureTask.get(FutureTask.java:192)
	at org.apache.ratis.server.impl.LeaderElection.waitForResults(LeaderElection.java:259)
	at org.apache.ratis.server.impl.LeaderElection.askForVotes(LeaderElection.java:197)
	at org.apache.ratis.server.impl.LeaderElection.run(LeaderElection.java:133)
	at java.lang.Thread.run(Thread.java:748)
Caused by: org.apache.ratis.thirdparty.io.grpc.StatusRuntimeException: UNAVAILABLE: io exception
	at org.apache.ratis.thirdparty.io.grpc.stub.ClientCalls.toStatusRuntimeException(ClientCalls.java:233)
	at org.apache.ratis.thirdparty.io.grpc.stub.ClientCalls.getUnchecked(ClientCalls.java:214)
	at org.apache.ratis.thirdparty.io.grpc.stub.ClientCalls.blockingUnaryCall(ClientCalls.java:139)
	at org.apache.ratis.proto.grpc.RaftServerProtocolServiceGrpc$RaftServerProtocolServiceBlockingStub.requestVote(RaftServerProtocolServiceGrpc.java:265)
	at org.apache.ratis.grpc.server.GrpcServerProtocolClient.requestVote(GrpcServerProtocolClient.java:99)
	at org.apache.ratis.grpc.server.GrpcService.requestVote(GrpcService.java:204)
	at org.apache.ratis.server.impl.LeaderElection.lambda$submitRequests$1(LeaderElection.java:234)
	at java.util.concurrent.FutureTask.run(FutureTask.java:266)
	at java.util.concurrent.Executors$RunnableAdapter.call(Executors.java:511)
	at java.util.concurrent.FutureTask.run(FutureTask.java:266)
	at java.util.concurrent.ThreadPoolExecutor.runWorker(ThreadPoolExecutor.java:1149)
	at java.util.concurrent.ThreadPoolExecutor$Worker.run(ThreadPoolExecutor.java:624)
	... 1 more
Caused by: org.apache.ratis.thirdparty.io.netty.channel.AbstractChannel$AnnotatedConnectException: Connection refused: /192.168.34.25:45248
	at sun.nio.ch.SocketChannelImpl.checkConnect(Native Method)
	at sun.nio.ch.SocketChannelImpl.finishConnect(SocketChannelImpl.java:717)
	at org.apache.ratis.thirdparty.io.netty.channel.socket.nio.NioSocketChannel.doFinishConnect(NioSocketChannel.java:327)
	at org.apache.ratis.thirdparty.io.netty.channel.nio.AbstractNioChannel$AbstractNioUnsafe.finishConnect(AbstractNioChannel.java:340)
	at org.apache.ratis.thirdparty.io.netty.channel.nio.NioEventLoop.processSelectedKey(NioEventLoop.java:632)
	at org.apache.ratis.thirdparty.io.netty.channel.nio.NioEventLoop.processSelectedKeysOptimized(NioEventLoop.java:579)
	at org.apache.ratis.thirdparty.io.netty.channel.nio.NioEventLoop.processSelectedKeys(NioEventLoop.java:496)
	at org.apache.ratis.thirdparty.io.netty.channel.nio.NioEventLoop.run(NioEventLoop.java:458)
	at org.apache.ratis.thirdparty.io.netty.util.concurrent.SingleThreadEventExecutor$5.run(SingleThreadEventExecutor.java:897)
	at org.apache.ratis.thirdparty.io.netty.util.concurrent.FastThreadLocalRunnable.run(FastThreadLocalRunnable.java:30)
	... 1 more
Caused by: java.net.ConnectException: Connection refused
	... 11 more
2019-10-18 07:24:22,724 [12ad0800-05cb-443c-9fdd-fa1debf04523@group-BCB82A5C07F5-LeaderElection1310] INFO  impl.RaftServerImpl (RaftServerImpl.java:setRole(184)) - 12ad0800-05cb-443c-9fdd-fa1debf04523@group-BCB82A5C07F5: changes role from CANDIDATE to FOLLOWER at term 255 for DISCOVERED_A_NEW_TERM
2019-10-18 07:24:22,724 [12ad0800-05cb-443c-9fdd-fa1debf04523@group-BCB82A5C07F5-LeaderElection1310] INFO  impl.RoleInfo (RoleInfo.java:shutdownLeaderElection(134)) - 12ad0800-05cb-443c-9fdd-fa1debf04523: shutdown LeaderElection
2019-10-18 07:24:22,724 [12ad0800-05cb-443c-9fdd-fa1debf04523@group-BCB82A5C07F5-LeaderElection1310] INFO  impl.RoleInfo (RoleInfo.java:updateAndGet(143)) - 12ad0800-05cb-443c-9fdd-fa1debf04523: start FollowerState
2019-10-18 07:24:22,756 [Thread-11138] INFO  impl.FollowerState (FollowerState.java:run(108)) - 12ad0800-05cb-443c-9fdd-fa1debf04523@group-BCB82A5C07F5-FollowerState: change to CANDIDATE, lastRpcTime:32ms, electionTimeout:32ms
2019-10-18 07:24:22,756 [Thread-11138] INFO  impl.RoleInfo (RoleInfo.java:shutdownFollowerState(121)) - 12ad0800-05cb-443c-9fdd-fa1debf04523: shutdown FollowerState
2019-10-18 07:24:22,757 [Thread-11138] INFO  impl.RaftServerImpl (RaftServerImpl.java:setRole(184)) - 12ad0800-05cb-443c-9fdd-fa1debf04523@group-BCB82A5C07F5: changes role from  FOLLOWER to CANDIDATE at term 255 for changeToCandidate
2019-10-18 07:24:22,757 [Thread-11138] INFO  impl.RoleInfo (RoleInfo.java:updateAndGet(143)) - 12ad0800-05cb-443c-9fdd-fa1debf04523: start LeaderElection
2019-10-18 07:24:22,765 [java.util.concurrent.ThreadPoolExecutor$Worker@1ddf09da[State = -1, empty queue]] WARN  server.GrpcLogAppender (GrpcLogAppender.java:timeoutAppendRequest(209)) - 030c2313-1c2c-4b42-81fb-cb58ee93f992@group-E193FE271C99->9712a796-5281-4f3e-ac85-61dedd90db73-GrpcLogAppender: appendEntries Timeout, request=030c2313-1c2c-4b42-81fb-cb58ee93f992->9712a796-5281-4f3e-ac85-61dedd90db73#72-t1, previous=(t:1, i:10), leaderCommit=10, initializing? false, entries: <empty>
2019-10-18 07:24:22,782 [12ad0800-05cb-443c-9fdd-fa1debf04523@group-BCB82A5C07F5-LeaderElection1311] INFO  impl.LeaderElection (LeaderElection.java:askForVotes(178)) - 12ad0800-05cb-443c-9fdd-fa1debf04523@group-BCB82A5C07F5-LeaderElection1311: begin an election at term 256 for -1: [12ad0800-05cb-443c-9fdd-fa1debf04523:192.168.34.25:41155, 5170c5f3-8499-4b42-9321-85fc8a351f79:192.168.34.25:43074, 0b10a9fc-47eb-4a2b-b664-8273d9d17379:192.168.34.25:45248], old=null
2019-10-18 07:24:22,782 [12ad0800-05cb-443c-9fdd-fa1debf04523@group-BCB82A5C07F5-LeaderElection1311] INFO  impl.LeaderElection (LogUtils.java:infoOrTrace(149)) - 12ad0800-05cb-443c-9fdd-fa1debf04523@group-BCB82A5C07F5-LeaderElection1311 got exception when requesting votes: {}
java.util.concurrent.ExecutionException: org.apache.ratis.thirdparty.io.grpc.StatusRuntimeException: UNAVAILABLE: io exception
	at java.util.concurrent.FutureTask.report(FutureTask.java:122)
	at java.util.concurrent.FutureTask.get(FutureTask.java:192)
	at org.apache.ratis.server.impl.LeaderElection.waitForResults(LeaderElection.java:259)
	at org.apache.ratis.server.impl.LeaderElection.askForVotes(LeaderElection.java:197)
	at org.apache.ratis.server.impl.LeaderElection.run(LeaderElection.java:133)
	at java.lang.Thread.run(Thread.java:748)
Caused by: org.apache.ratis.thirdparty.io.grpc.StatusRuntimeException: UNAVAILABLE: io exception
	at org.apache.ratis.thirdparty.io.grpc.stub.ClientCalls.toStatusRuntimeException(ClientCalls.java:233)
	at org.apache.ratis.thirdparty.io.grpc.stub.ClientCalls.getUnchecked(ClientCalls.java:214)
	at org.apache.ratis.thirdparty.io.grpc.stub.ClientCalls.blockingUnaryCall(ClientCalls.java:139)
	at org.apache.ratis.proto.grpc.RaftServerProtocolServiceGrpc$RaftServerProtocolServiceBlockingStub.requestVote(RaftServerProtocolServiceGrpc.java:265)
	at org.apache.ratis.grpc.server.GrpcServerProtocolClient.requestVote(GrpcServerProtocolClient.java:99)
	at org.apache.ratis.grpc.server.GrpcService.requestVote(GrpcService.java:204)
	at org.apache.ratis.server.impl.LeaderElection.lambda$submitRequests$1(LeaderElection.java:234)
	at java.util.concurrent.FutureTask.run(FutureTask.java:266)
	at java.util.concurrent.Executors$RunnableAdapter.call(Executors.java:511)
	at java.util.concurrent.FutureTask.run(FutureTask.java:266)
	at java.util.concurrent.ThreadPoolExecutor.runWorker(ThreadPoolExecutor.java:1149)
	at java.util.concurrent.ThreadPoolExecutor$Worker.run(ThreadPoolExecutor.java:624)
	... 1 more
Caused by: org.apache.ratis.thirdparty.io.netty.channel.AbstractChannel$AnnotatedConnectException: Connection refused: /192.168.34.25:43074
	at sun.nio.ch.SocketChannelImpl.checkConnect(Native Method)
	at sun.nio.ch.SocketChannelImpl.finishConnect(SocketChannelImpl.java:717)
	at org.apache.ratis.thirdparty.io.netty.channel.socket.nio.NioSocketChannel.doFinishConnect(NioSocketChannel.java:327)
	at org.apache.ratis.thirdparty.io.netty.channel.nio.AbstractNioChannel$AbstractNioUnsafe.finishConnect(AbstractNioChannel.java:340)
	at org.apache.ratis.thirdparty.io.netty.channel.nio.NioEventLoop.processSelectedKey(NioEventLoop.java:632)
	at org.apache.ratis.thirdparty.io.netty.channel.nio.NioEventLoop.processSelectedKeysOptimized(NioEventLoop.java:579)
	at org.apache.ratis.thirdparty.io.netty.channel.nio.NioEventLoop.processSelectedKeys(NioEventLoop.java:496)
	at org.apache.ratis.thirdparty.io.netty.channel.nio.NioEventLoop.run(NioEventLoop.java:458)
	at org.apache.ratis.thirdparty.io.netty.util.concurrent.SingleThreadEventExecutor$5.run(SingleThreadEventExecutor.java:897)
	at org.apache.ratis.thirdparty.io.netty.util.concurrent.FastThreadLocalRunnable.run(FastThreadLocalRunnable.java:30)
	... 1 more
Caused by: java.net.ConnectException: Connection refused
	... 11 more
2019-10-18 07:24:22,783 [12ad0800-05cb-443c-9fdd-fa1debf04523@group-BCB82A5C07F5-LeaderElection1311] INFO  impl.LeaderElection (LogUtils.java:infoOrTrace(149)) - 12ad0800-05cb-443c-9fdd-fa1debf04523@group-BCB82A5C07F5-LeaderElection1311 got exception when requesting votes: {}
java.util.concurrent.ExecutionException: org.apache.ratis.thirdparty.io.grpc.StatusRuntimeException: UNAVAILABLE: io exception
	at java.util.concurrent.FutureTask.report(FutureTask.java:122)
	at java.util.concurrent.FutureTask.get(FutureTask.java:192)
	at org.apache.ratis.server.impl.LeaderElection.waitForResults(LeaderElection.java:259)
	at org.apache.ratis.server.impl.LeaderElection.askForVotes(LeaderElection.java:197)
	at org.apache.ratis.server.impl.LeaderElection.run(LeaderElection.java:133)
	at java.lang.Thread.run(Thread.java:748)
Caused by: org.apache.ratis.thirdparty.io.grpc.StatusRuntimeException: UNAVAILABLE: io exception
	at org.apache.ratis.thirdparty.io.grpc.stub.ClientCalls.toStatusRuntimeException(ClientCalls.java:233)
	at org.apache.ratis.thirdparty.io.grpc.stub.ClientCalls.getUnchecked(ClientCalls.java:214)
	at org.apache.ratis.thirdparty.io.grpc.stub.ClientCalls.blockingUnaryCall(ClientCalls.java:139)
	at org.apache.ratis.proto.grpc.RaftServerProtocolServiceGrpc$RaftServerProtocolServiceBlockingStub.requestVote(RaftServerProtocolServiceGrpc.java:265)
	at org.apache.ratis.grpc.server.GrpcServerProtocolClient.requestVote(GrpcServerProtocolClient.java:99)
	at org.apache.ratis.grpc.server.GrpcService.requestVote(GrpcService.java:204)
	at org.apache.ratis.server.impl.LeaderElection.lambda$submitRequests$1(LeaderElection.java:234)
	at java.util.concurrent.FutureTask.run(FutureTask.java:266)
	at java.util.concurrent.Executors$RunnableAdapter.call(Executors.java:511)
	at java.util.concurrent.FutureTask.run(FutureTask.java:266)
	at java.util.concurrent.ThreadPoolExecutor.runWorker(ThreadPoolExecutor.java:1149)
	at java.util.concurrent.ThreadPoolExecutor$Worker.run(ThreadPoolExecutor.java:624)
	... 1 more
Caused by: org.apache.ratis.thirdparty.io.netty.channel.AbstractChannel$AnnotatedConnectException: Connection refused: /192.168.34.25:45248
	at sun.nio.ch.SocketChannelImpl.checkConnect(Native Method)
	at sun.nio.ch.SocketChannelImpl.finishConnect(SocketChannelImpl.java:717)
	at org.apache.ratis.thirdparty.io.netty.channel.socket.nio.NioSocketChannel.doFinishConnect(NioSocketChannel.java:327)
	at org.apache.ratis.thirdparty.io.netty.channel.nio.AbstractNioChannel$AbstractNioUnsafe.finishConnect(AbstractNioChannel.java:340)
	at org.apache.ratis.thirdparty.io.netty.channel.nio.NioEventLoop.processSelectedKey(NioEventLoop.java:632)
	at org.apache.ratis.thirdparty.io.netty.channel.nio.NioEventLoop.processSelectedKeysOptimized(NioEventLoop.java:579)
	at org.apache.ratis.thirdparty.io.netty.channel.nio.NioEventLoop.processSelectedKeys(NioEventLoop.java:496)
	at org.apache.ratis.thirdparty.io.netty.channel.nio.NioEventLoop.run(NioEventLoop.java:458)
	at org.apache.ratis.thirdparty.io.netty.util.concurrent.SingleThreadEventExecutor$5.run(SingleThreadEventExecutor.java:897)
	at org.apache.ratis.thirdparty.io.netty.util.concurrent.FastThreadLocalRunnable.run(FastThreadLocalRunnable.java:30)
	... 1 more
Caused by: java.net.ConnectException: Connection refused
	... 11 more
2019-10-18 07:24:22,783 [12ad0800-05cb-443c-9fdd-fa1debf04523@group-BCB82A5C07F5-LeaderElection1311] INFO  impl.LeaderElection (LeaderElection.java:logAndReturn(56)) - 12ad0800-05cb-443c-9fdd-fa1debf04523@group-BCB82A5C07F5-LeaderElection1311: Election REJECTED; received 0 response(s) [] and 2 exception(s); 12ad0800-05cb-443c-9fdd-fa1debf04523@group-BCB82A5C07F5:t256, leader=null, voted=12ad0800-05cb-443c-9fdd-fa1debf04523, raftlog=12ad0800-05cb-443c-9fdd-fa1debf04523@group-BCB82A5C07F5-SegmentedRaftLog:OPENED:c-1,f-1,i0, conf=-1: [12ad0800-05cb-443c-9fdd-fa1debf04523:192.168.34.25:41155, 5170c5f3-8499-4b42-9321-85fc8a351f79:192.168.34.25:43074, 0b10a9fc-47eb-4a2b-b664-8273d9d17379:192.168.34.25:45248], old=null
2019-10-18 07:24:22,783 [12ad0800-05cb-443c-9fdd-fa1debf04523@group-BCB82A5C07F5-LeaderElection1311] INFO  impl.LeaderElection (LogUtils.java:infoOrTrace(149)) -   Exception 0: {}
java.util.concurrent.ExecutionException: org.apache.ratis.thirdparty.io.grpc.StatusRuntimeException: UNAVAILABLE: io exception
	at java.util.concurrent.FutureTask.report(FutureTask.java:122)
	at java.util.concurrent.FutureTask.get(FutureTask.java:192)
	at org.apache.ratis.server.impl.LeaderElection.waitForResults(LeaderElection.java:259)
	at org.apache.ratis.server.impl.LeaderElection.askForVotes(LeaderElection.java:197)
	at org.apache.ratis.server.impl.LeaderElection.run(LeaderElection.java:133)
	at java.lang.Thread.run(Thread.java:748)
Caused by: org.apache.ratis.thirdparty.io.grpc.StatusRuntimeException: UNAVAILABLE: io exception
	at org.apache.ratis.thirdparty.io.grpc.stub.ClientCalls.toStatusRuntimeException(ClientCalls.java:233)
	at org.apache.ratis.thirdparty.io.grpc.stub.ClientCalls.getUnchecked(ClientCalls.java:214)
	at org.apache.ratis.thirdparty.io.grpc.stub.ClientCalls.blockingUnaryCall(ClientCalls.java:139)
	at org.apache.ratis.proto.grpc.RaftServerProtocolServiceGrpc$RaftServerProtocolServiceBlockingStub.requestVote(RaftServerProtocolServiceGrpc.java:265)
	at org.apache.ratis.grpc.server.GrpcServerProtocolClient.requestVote(GrpcServerProtocolClient.java:99)
	at org.apache.ratis.grpc.server.GrpcService.requestVote(GrpcService.java:204)
	at org.apache.ratis.server.impl.LeaderElection.lambda$submitRequests$1(LeaderElection.java:234)
	at java.util.concurrent.FutureTask.run(FutureTask.java:266)
	at java.util.concurrent.Executors$RunnableAdapter.call(Executors.java:511)
	at java.util.concurrent.FutureTask.run(FutureTask.java:266)
	at java.util.concurrent.ThreadPoolExecutor.runWorker(ThreadPoolExecutor.java:1149)
	at java.util.concurrent.ThreadPoolExecutor$Worker.run(ThreadPoolExecutor.java:624)
	... 1 more
Caused by: org.apache.ratis.thirdparty.io.netty.channel.AbstractChannel$AnnotatedConnectException: Connection refused: /192.168.34.25:43074
	at sun.nio.ch.SocketChannelImpl.checkConnect(Native Method)
	at sun.nio.ch.SocketChannelImpl.finishConnect(SocketChannelImpl.java:717)
	at org.apache.ratis.thirdparty.io.netty.channel.socket.nio.NioSocketChannel.doFinishConnect(NioSocketChannel.java:327)
	at org.apache.ratis.thirdparty.io.netty.channel.nio.AbstractNioChannel$AbstractNioUnsafe.finishConnect(AbstractNioChannel.java:340)
	at org.apache.ratis.thirdparty.io.netty.channel.nio.NioEventLoop.processSelectedKey(NioEventLoop.java:632)
	at org.apache.ratis.thirdparty.io.netty.channel.nio.NioEventLoop.processSelectedKeysOptimized(NioEventLoop.java:579)
	at org.apache.ratis.thirdparty.io.netty.channel.nio.NioEventLoop.processSelectedKeys(NioEventLoop.java:496)
	at org.apache.ratis.thirdparty.io.netty.channel.nio.NioEventLoop.run(NioEventLoop.java:458)
	at org.apache.ratis.thirdparty.io.netty.util.concurrent.SingleThreadEventExecutor$5.run(SingleThreadEventExecutor.java:897)
	at org.apache.ratis.thirdparty.io.netty.util.concurrent.FastThreadLocalRunnable.run(FastThreadLocalRunnable.java:30)
	... 1 more
Caused by: java.net.ConnectException: Connection refused
	... 11 more
2019-10-18 07:24:22,783 [12ad0800-05cb-443c-9fdd-fa1debf04523@group-BCB82A5C07F5-LeaderElection1311] INFO  impl.LeaderElection (LogUtils.java:infoOrTrace(149)) -   Exception 1: {}
java.util.concurrent.ExecutionException: org.apache.ratis.thirdparty.io.grpc.StatusRuntimeException: UNAVAILABLE: io exception
	at java.util.concurrent.FutureTask.report(FutureTask.java:122)
	at java.util.concurrent.FutureTask.get(FutureTask.java:192)
	at org.apache.ratis.server.impl.LeaderElection.waitForResults(LeaderElection.java:259)
	at org.apache.ratis.server.impl.LeaderElection.askForVotes(LeaderElection.java:197)
	at org.apache.ratis.server.impl.LeaderElection.run(LeaderElection.java:133)
	at java.lang.Thread.run(Thread.java:748)
Caused by: org.apache.ratis.thirdparty.io.grpc.StatusRuntimeException: UNAVAILABLE: io exception
	at org.apache.ratis.thirdparty.io.grpc.stub.ClientCalls.toStatusRuntimeException(ClientCalls.java:233)
	at org.apache.ratis.thirdparty.io.grpc.stub.ClientCalls.getUnchecked(ClientCalls.java:214)
	at org.apache.ratis.thirdparty.io.grpc.stub.ClientCalls.blockingUnaryCall(ClientCalls.java:139)
	at org.apache.ratis.proto.grpc.RaftServerProtocolServiceGrpc$RaftServerProtocolServiceBlockingStub.requestVote(RaftServerProtocolServiceGrpc.java:265)
	at org.apache.ratis.grpc.server.GrpcServerProtocolClient.requestVote(GrpcServerProtocolClient.java:99)
	at org.apache.ratis.grpc.server.GrpcService.requestVote(GrpcService.java:204)
	at org.apache.ratis.server.impl.LeaderElection.lambda$submitRequests$1(LeaderElection.java:234)
	at java.util.concurrent.FutureTask.run(FutureTask.java:266)
	at java.util.concurrent.Executors$RunnableAdapter.call(Executors.java:511)
	at java.util.concurrent.FutureTask.run(FutureTask.java:266)
	at java.util.concurrent.ThreadPoolExecutor.runWorker(ThreadPoolExecutor.java:1149)
	at java.util.concurrent.ThreadPoolExecutor$Worker.run(ThreadPoolExecutor.java:624)
	... 1 more
Caused by: org.apache.ratis.thirdparty.io.netty.channel.AbstractChannel$AnnotatedConnectException: Connection refused: /192.168.34.25:45248
	at sun.nio.ch.SocketChannelImpl.checkConnect(Native Method)
	at sun.nio.ch.SocketChannelImpl.finishConnect(SocketChannelImpl.java:717)
	at org.apache.ratis.thirdparty.io.netty.channel.socket.nio.NioSocketChannel.doFinishConnect(NioSocketChannel.java:327)
	at org.apache.ratis.thirdparty.io.netty.channel.nio.AbstractNioChannel$AbstractNioUnsafe.finishConnect(AbstractNioChannel.java:340)
	at org.apache.ratis.thirdparty.io.netty.channel.nio.NioEventLoop.processSelectedKey(NioEventLoop.java:632)
	at org.apache.ratis.thirdparty.io.netty.channel.nio.NioEventLoop.processSelectedKeysOptimized(NioEventLoop.java:579)
	at org.apache.ratis.thirdparty.io.netty.channel.nio.NioEventLoop.processSelectedKeys(NioEventLoop.java:496)
	at org.apache.ratis.thirdparty.io.netty.channel.nio.NioEventLoop.run(NioEventLoop.java:458)
	at org.apache.ratis.thirdparty.io.netty.util.concurrent.SingleThreadEventExecutor$5.run(SingleThreadEventExecutor.java:897)
	at org.apache.ratis.thirdparty.io.netty.util.concurrent.FastThreadLocalRunnable.run(FastThreadLocalRunnable.java:30)
	... 1 more
Caused by: java.net.ConnectException: Connection refused
	... 11 more
2019-10-18 07:24:22,783 [12ad0800-05cb-443c-9fdd-fa1debf04523@group-BCB82A5C07F5-LeaderElection1311] INFO  impl.RaftServerImpl (RaftServerImpl.java:setRole(184)) - 12ad0800-05cb-443c-9fdd-fa1debf04523@group-BCB82A5C07F5: changes role from CANDIDATE to FOLLOWER at term 256 for DISCOVERED_A_NEW_TERM
2019-10-18 07:24:22,784 [12ad0800-05cb-443c-9fdd-fa1debf04523@group-BCB82A5C07F5-LeaderElection1311] INFO  impl.RoleInfo (RoleInfo.java:shutdownLeaderElection(134)) - 12ad0800-05cb-443c-9fdd-fa1debf04523: shutdown LeaderElection
2019-10-18 07:24:22,784 [12ad0800-05cb-443c-9fdd-fa1debf04523@group-BCB82A5C07F5-LeaderElection1311] INFO  impl.RoleInfo (RoleInfo.java:updateAndGet(143)) - 12ad0800-05cb-443c-9fdd-fa1debf04523: start FollowerState
2019-10-18 07:24:22,791 [java.util.concurrent.ThreadPoolExecutor$Worker@79ed443[State = -1, empty queue]] WARN  server.GrpcLogAppender (GrpcLogAppender.java:timeoutAppendRequest(209)) - 030c2313-1c2c-4b42-81fb-cb58ee93f992@group-E193FE271C99->716dc1a1-4b82-41d5-9ffe-93d5e40efbd9-GrpcLogAppender: appendEntries Timeout, request=030c2313-1c2c-4b42-81fb-cb58ee93f992->716dc1a1-4b82-41d5-9ffe-93d5e40efbd9#72-t1, previous=(t:1, i:10), leaderCommit=10, initializing? false, entries: <empty>
2019-10-18 07:24:22,896 [Thread-11142] INFO  impl.FollowerState (FollowerState.java:run(108)) - 12ad0800-05cb-443c-9fdd-fa1debf04523@group-BCB82A5C07F5-FollowerState: change to CANDIDATE, lastRpcTime:112ms, electionTimeout:112ms
2019-10-18 07:24:22,896 [Thread-11142] INFO  impl.RoleInfo (RoleInfo.java:shutdownFollowerState(121)) - 12ad0800-05cb-443c-9fdd-fa1debf04523: shutdown FollowerState
2019-10-18 07:24:22,896 [Thread-11142] INFO  impl.RaftServerImpl (RaftServerImpl.java:setRole(184)) - 12ad0800-05cb-443c-9fdd-fa1debf04523@group-BCB82A5C07F5: changes role from  FOLLOWER to CANDIDATE at term 256 for changeToCandidate
2019-10-18 07:24:22,897 [Thread-11142] INFO  impl.RoleInfo (RoleInfo.java:updateAndGet(143)) - 12ad0800-05cb-443c-9fdd-fa1debf04523: start LeaderElection
2019-10-18 07:24:22,932 [12ad0800-05cb-443c-9fdd-fa1debf04523@group-BCB82A5C07F5-LeaderElection1312] INFO  impl.LeaderElection (LeaderElection.java:askForVotes(178)) - 12ad0800-05cb-443c-9fdd-fa1debf04523@group-BCB82A5C07F5-LeaderElection1312: begin an election at term 257 for -1: [12ad0800-05cb-443c-9fdd-fa1debf04523:192.168.34.25:41155, 5170c5f3-8499-4b42-9321-85fc8a351f79:192.168.34.25:43074, 0b10a9fc-47eb-4a2b-b664-8273d9d17379:192.168.34.25:45248], old=null
2019-10-18 07:24:22,934 [12ad0800-05cb-443c-9fdd-fa1debf04523@group-BCB82A5C07F5-LeaderElection1312] INFO  impl.LeaderElection (LogUtils.java:infoOrTrace(149)) - 12ad0800-05cb-443c-9fdd-fa1debf04523@group-BCB82A5C07F5-LeaderElection1312 got exception when requesting votes: {}
java.util.concurrent.ExecutionException: org.apache.ratis.thirdparty.io.grpc.StatusRuntimeException: UNAVAILABLE: io exception
	at java.util.concurrent.FutureTask.report(FutureTask.java:122)
	at java.util.concurrent.FutureTask.get(FutureTask.java:192)
	at org.apache.ratis.server.impl.LeaderElection.waitForResults(LeaderElection.java:259)
	at org.apache.ratis.server.impl.LeaderElection.askForVotes(LeaderElection.java:197)
	at org.apache.ratis.server.impl.LeaderElection.run(LeaderElection.java:133)
	at java.lang.Thread.run(Thread.java:748)
Caused by: org.apache.ratis.thirdparty.io.grpc.StatusRuntimeException: UNAVAILABLE: io exception
	at org.apache.ratis.thirdparty.io.grpc.stub.ClientCalls.toStatusRuntimeException(ClientCalls.java:233)
	at org.apache.ratis.thirdparty.io.grpc.stub.ClientCalls.getUnchecked(ClientCalls.java:214)
	at org.apache.ratis.thirdparty.io.grpc.stub.ClientCalls.blockingUnaryCall(ClientCalls.java:139)
	at org.apache.ratis.proto.grpc.RaftServerProtocolServiceGrpc$RaftServerProtocolServiceBlockingStub.requestVote(RaftServerProtocolServiceGrpc.java:265)
	at org.apache.ratis.grpc.server.GrpcServerProtocolClient.requestVote(GrpcServerProtocolClient.java:99)
	at org.apache.ratis.grpc.server.GrpcService.requestVote(GrpcService.java:204)
	at org.apache.ratis.server.impl.LeaderElection.lambda$submitRequests$1(LeaderElection.java:234)
	at java.util.concurrent.FutureTask.run(FutureTask.java:266)
	at java.util.concurrent.Executors$RunnableAdapter.call(Executors.java:511)
	at java.util.concurrent.FutureTask.run(FutureTask.java:266)
	at java.util.concurrent.ThreadPoolExecutor.runWorker(ThreadPoolExecutor.java:1149)
	at java.util.concurrent.ThreadPoolExecutor$Worker.run(ThreadPoolExecutor.java:624)
	... 1 more
Caused by: org.apache.ratis.thirdparty.io.netty.channel.AbstractChannel$AnnotatedConnectException: Connection refused: /192.168.34.25:45248
	at sun.nio.ch.SocketChannelImpl.checkConnect(Native Method)
	at sun.nio.ch.SocketChannelImpl.finishConnect(SocketChannelImpl.java:717)
	at org.apache.ratis.thirdparty.io.netty.channel.socket.nio.NioSocketChannel.doFinishConnect(NioSocketChannel.java:327)
	at org.apache.ratis.thirdparty.io.netty.channel.nio.AbstractNioChannel$AbstractNioUnsafe.finishConnect(AbstractNioChannel.java:340)
	at org.apache.ratis.thirdparty.io.netty.channel.nio.NioEventLoop.processSelectedKey(NioEventLoop.java:632)
	at org.apache.ratis.thirdparty.io.netty.channel.nio.NioEventLoop.processSelectedKeysOptimized(NioEventLoop.java:579)
	at org.apache.ratis.thirdparty.io.netty.channel.nio.NioEventLoop.processSelectedKeys(NioEventLoop.java:496)
	at org.apache.ratis.thirdparty.io.netty.channel.nio.NioEventLoop.run(NioEventLoop.java:458)
	at org.apache.ratis.thirdparty.io.netty.util.concurrent.SingleThreadEventExecutor$5.run(SingleThreadEventExecutor.java:897)
	at org.apache.ratis.thirdparty.io.netty.util.concurrent.FastThreadLocalRunnable.run(FastThreadLocalRunnable.java:30)
	... 1 more
Caused by: java.net.ConnectException: Connection refused
	... 11 more
2019-10-18 07:24:22,935 [12ad0800-05cb-443c-9fdd-fa1debf04523@group-BCB82A5C07F5-LeaderElection1312] INFO  impl.LeaderElection (LogUtils.java:infoOrTrace(149)) - 12ad0800-05cb-443c-9fdd-fa1debf04523@group-BCB82A5C07F5-LeaderElection1312 got exception when requesting votes: {}
java.util.concurrent.ExecutionException: org.apache.ratis.thirdparty.io.grpc.StatusRuntimeException: UNAVAILABLE: io exception
	at java.util.concurrent.FutureTask.report(FutureTask.java:122)
	at java.util.concurrent.FutureTask.get(FutureTask.java:192)
	at org.apache.ratis.server.impl.LeaderElection.waitForResults(LeaderElection.java:259)
	at org.apache.ratis.server.impl.LeaderElection.askForVotes(LeaderElection.java:197)
	at org.apache.ratis.server.impl.LeaderElection.run(LeaderElection.java:133)
	at java.lang.Thread.run(Thread.java:748)
Caused by: org.apache.ratis.thirdparty.io.grpc.StatusRuntimeException: UNAVAILABLE: io exception
	at org.apache.ratis.thirdparty.io.grpc.stub.ClientCalls.toStatusRuntimeException(ClientCalls.java:233)
	at org.apache.ratis.thirdparty.io.grpc.stub.ClientCalls.getUnchecked(ClientCalls.java:214)
	at org.apache.ratis.thirdparty.io.grpc.stub.ClientCalls.blockingUnaryCall(ClientCalls.java:139)
	at org.apache.ratis.proto.grpc.RaftServerProtocolServiceGrpc$RaftServerProtocolServiceBlockingStub.requestVote(RaftServerProtocolServiceGrpc.java:265)
	at org.apache.ratis.grpc.server.GrpcServerProtocolClient.requestVote(GrpcServerProtocolClient.java:99)
	at org.apache.ratis.grpc.server.GrpcService.requestVote(GrpcService.java:204)
	at org.apache.ratis.server.impl.LeaderElection.lambda$submitRequests$1(LeaderElection.java:234)
	at java.util.concurrent.FutureTask.run(FutureTask.java:266)
	at java.util.concurrent.Executors$RunnableAdapter.call(Executors.java:511)
	at java.util.concurrent.FutureTask.run(FutureTask.java:266)
	at java.util.concurrent.ThreadPoolExecutor.runWorker(ThreadPoolExecutor.java:1149)
	at java.util.concurrent.ThreadPoolExecutor$Worker.run(ThreadPoolExecutor.java:624)
	... 1 more
Caused by: org.apache.ratis.thirdparty.io.netty.channel.AbstractChannel$AnnotatedConnectException: Connection refused: /192.168.34.25:43074
	at sun.nio.ch.SocketChannelImpl.checkConnect(Native Method)
	at sun.nio.ch.SocketChannelImpl.finishConnect(SocketChannelImpl.java:717)
	at org.apache.ratis.thirdparty.io.netty.channel.socket.nio.NioSocketChannel.doFinishConnect(NioSocketChannel.java:327)
	at org.apache.ratis.thirdparty.io.netty.channel.nio.AbstractNioChannel$AbstractNioUnsafe.finishConnect(AbstractNioChannel.java:340)
	at org.apache.ratis.thirdparty.io.netty.channel.nio.NioEventLoop.processSelectedKey(NioEventLoop.java:632)
	at org.apache.ratis.thirdparty.io.netty.channel.nio.NioEventLoop.processSelectedKeysOptimized(NioEventLoop.java:579)
	at org.apache.ratis.thirdparty.io.netty.channel.nio.NioEventLoop.processSelectedKeys(NioEventLoop.java:496)
	at org.apache.ratis.thirdparty.io.netty.channel.nio.NioEventLoop.run(NioEventLoop.java:458)
	at org.apache.ratis.thirdparty.io.netty.util.concurrent.SingleThreadEventExecutor$5.run(SingleThreadEventExecutor.java:897)
	at org.apache.ratis.thirdparty.io.netty.util.concurrent.FastThreadLocalRunnable.run(FastThreadLocalRunnable.java:30)
	... 1 more
Caused by: java.net.ConnectException: Connection refused
	... 11 more
2019-10-18 07:24:22,936 [12ad0800-05cb-443c-9fdd-fa1debf04523@group-BCB82A5C07F5-LeaderElection1312] INFO  impl.LeaderElection (LeaderElection.java:logAndReturn(56)) - 12ad0800-05cb-443c-9fdd-fa1debf04523@group-BCB82A5C07F5-LeaderElection1312: Election REJECTED; received 0 response(s) [] and 2 exception(s); 12ad0800-05cb-443c-9fdd-fa1debf04523@group-BCB82A5C07F5:t257, leader=null, voted=12ad0800-05cb-443c-9fdd-fa1debf04523, raftlog=12ad0800-05cb-443c-9fdd-fa1debf04523@group-BCB82A5C07F5-SegmentedRaftLog:OPENED:c-1,f-1,i0, conf=-1: [12ad0800-05cb-443c-9fdd-fa1debf04523:192.168.34.25:41155, 5170c5f3-8499-4b42-9321-85fc8a351f79:192.168.34.25:43074, 0b10a9fc-47eb-4a2b-b664-8273d9d17379:192.168.34.25:45248], old=null
2019-10-18 07:24:22,936 [12ad0800-05cb-443c-9fdd-fa1debf04523@group-BCB82A5C07F5-LeaderElection1312] INFO  impl.LeaderElection (LogUtils.java:infoOrTrace(149)) -   Exception 0: {}
java.util.concurrent.ExecutionException: org.apache.ratis.thirdparty.io.grpc.StatusRuntimeException: UNAVAILABLE: io exception
	at java.util.concurrent.FutureTask.report(FutureTask.java:122)
	at java.util.concurrent.FutureTask.get(FutureTask.java:192)
	at org.apache.ratis.server.impl.LeaderElection.waitForResults(LeaderElection.java:259)
	at org.apache.ratis.server.impl.LeaderElection.askForVotes(LeaderElection.java:197)
	at org.apache.ratis.server.impl.LeaderElection.run(LeaderElection.java:133)
	at java.lang.Thread.run(Thread.java:748)
Caused by: org.apache.ratis.thirdparty.io.grpc.StatusRuntimeException: UNAVAILABLE: io exception
	at org.apache.ratis.thirdparty.io.grpc.stub.ClientCalls.toStatusRuntimeException(ClientCalls.java:233)
	at org.apache.ratis.thirdparty.io.grpc.stub.ClientCalls.getUnchecked(ClientCalls.java:214)
	at org.apache.ratis.thirdparty.io.grpc.stub.ClientCalls.blockingUnaryCall(ClientCalls.java:139)
	at org.apache.ratis.proto.grpc.RaftServerProtocolServiceGrpc$RaftServerProtocolServiceBlockingStub.requestVote(RaftServerProtocolServiceGrpc.java:265)
	at org.apache.ratis.grpc.server.GrpcServerProtocolClient.requestVote(GrpcServerProtocolClient.java:99)
	at org.apache.ratis.grpc.server.GrpcService.requestVote(GrpcService.java:204)
	at org.apache.ratis.server.impl.LeaderElection.lambda$submitRequests$1(LeaderElection.java:234)
	at java.util.concurrent.FutureTask.run(FutureTask.java:266)
	at java.util.concurrent.Executors$RunnableAdapter.call(Executors.java:511)
	at java.util.concurrent.FutureTask.run(FutureTask.java:266)
	at java.util.concurrent.ThreadPoolExecutor.runWorker(ThreadPoolExecutor.java:1149)
	at java.util.concurrent.ThreadPoolExecutor$Worker.run(ThreadPoolExecutor.java:624)
	... 1 more
Caused by: org.apache.ratis.thirdparty.io.netty.channel.AbstractChannel$AnnotatedConnectException: Connection refused: /192.168.34.25:45248
	at sun.nio.ch.SocketChannelImpl.checkConnect(Native Method)
	at sun.nio.ch.SocketChannelImpl.finishConnect(SocketChannelImpl.java:717)
	at org.apache.ratis.thirdparty.io.netty.channel.socket.nio.NioSocketChannel.doFinishConnect(NioSocketChannel.java:327)
	at org.apache.ratis.thirdparty.io.netty.channel.nio.AbstractNioChannel$AbstractNioUnsafe.finishConnect(AbstractNioChannel.java:340)
	at org.apache.ratis.thirdparty.io.netty.channel.nio.NioEventLoop.processSelectedKey(NioEventLoop.java:632)
	at org.apache.ratis.thirdparty.io.netty.channel.nio.NioEventLoop.processSelectedKeysOptimized(NioEventLoop.java:579)
	at org.apache.ratis.thirdparty.io.netty.channel.nio.NioEventLoop.processSelectedKeys(NioEventLoop.java:496)
	at org.apache.ratis.thirdparty.io.netty.channel.nio.NioEventLoop.run(NioEventLoop.java:458)
	at org.apache.ratis.thirdparty.io.netty.util.concurrent.SingleThreadEventExecutor$5.run(SingleThreadEventExecutor.java:897)
	at org.apache.ratis.thirdparty.io.netty.util.concurrent.FastThreadLocalRunnable.run(FastThreadLocalRunnable.java:30)
	... 1 more
Caused by: java.net.ConnectException: Connection refused
	... 11 more
2019-10-18 07:24:22,936 [12ad0800-05cb-443c-9fdd-fa1debf04523@group-BCB82A5C07F5-LeaderElection1312] INFO  impl.LeaderElection (LogUtils.java:infoOrTrace(149)) -   Exception 1: {}
java.util.concurrent.ExecutionException: org.apache.ratis.thirdparty.io.grpc.StatusRuntimeException: UNAVAILABLE: io exception
	at java.util.concurrent.FutureTask.report(FutureTask.java:122)
	at java.util.concurrent.FutureTask.get(FutureTask.java:192)
	at org.apache.ratis.server.impl.LeaderElection.waitForResults(LeaderElection.java:259)
	at org.apache.ratis.server.impl.LeaderElection.askForVotes(LeaderElection.java:197)
	at org.apache.ratis.server.impl.LeaderElection.run(LeaderElection.java:133)
	at java.lang.Thread.run(Thread.java:748)
Caused by: org.apache.ratis.thirdparty.io.grpc.StatusRuntimeException: UNAVAILABLE: io exception
	at org.apache.ratis.thirdparty.io.grpc.stub.ClientCalls.toStatusRuntimeException(ClientCalls.java:233)
	at org.apache.ratis.thirdparty.io.grpc.stub.ClientCalls.getUnchecked(ClientCalls.java:214)
	at org.apache.ratis.thirdparty.io.grpc.stub.ClientCalls.blockingUnaryCall(ClientCalls.java:139)
	at org.apache.ratis.proto.grpc.RaftServerProtocolServiceGrpc$RaftServerProtocolServiceBlockingStub.requestVote(RaftServerProtocolServiceGrpc.java:265)
	at org.apache.ratis.grpc.server.GrpcServerProtocolClient.requestVote(GrpcServerProtocolClient.java:99)
	at org.apache.ratis.grpc.server.GrpcService.requestVote(GrpcService.java:204)
	at org.apache.ratis.server.impl.LeaderElection.lambda$submitRequests$1(LeaderElection.java:234)
	at java.util.concurrent.FutureTask.run(FutureTask.java:266)
	at java.util.concurrent.Executors$RunnableAdapter.call(Executors.java:511)
	at java.util.concurrent.FutureTask.run(FutureTask.java:266)
	at java.util.concurrent.ThreadPoolExecutor.runWorker(ThreadPoolExecutor.java:1149)
	at java.util.concurrent.ThreadPoolExecutor$Worker.run(ThreadPoolExecutor.java:624)
	... 1 more
Caused by: org.apache.ratis.thirdparty.io.netty.channel.AbstractChannel$AnnotatedConnectException: Connection refused: /192.168.34.25:43074
	at sun.nio.ch.SocketChannelImpl.checkConnect(Native Method)
	at sun.nio.ch.SocketChannelImpl.finishConnect(SocketChannelImpl.java:717)
	at org.apache.ratis.thirdparty.io.netty.channel.socket.nio.NioSocketChannel.doFinishConnect(NioSocketChannel.java:327)
	at org.apache.ratis.thirdparty.io.netty.channel.nio.AbstractNioChannel$AbstractNioUnsafe.finishConnect(AbstractNioChannel.java:340)
	at org.apache.ratis.thirdparty.io.netty.channel.nio.NioEventLoop.processSelectedKey(NioEventLoop.java:632)
	at org.apache.ratis.thirdparty.io.netty.channel.nio.NioEventLoop.processSelectedKeysOptimized(NioEventLoop.java:579)
	at org.apache.ratis.thirdparty.io.netty.channel.nio.NioEventLoop.processSelectedKeys(NioEventLoop.java:496)
	at org.apache.ratis.thirdparty.io.netty.channel.nio.NioEventLoop.run(NioEventLoop.java:458)
	at org.apache.ratis.thirdparty.io.netty.util.concurrent.SingleThreadEventExecutor$5.run(SingleThreadEventExecutor.java:897)
	at org.apache.ratis.thirdparty.io.netty.util.concurrent.FastThreadLocalRunnable.run(FastThreadLocalRunnable.java:30)
	... 1 more
Caused by: java.net.ConnectException: Connection refused
	... 11 more
2019-10-18 07:24:22,937 [12ad0800-05cb-443c-9fdd-fa1debf04523@group-BCB82A5C07F5-LeaderElection1312] INFO  impl.RaftServerImpl (RaftServerImpl.java:setRole(184)) - 12ad0800-05cb-443c-9fdd-fa1debf04523@group-BCB82A5C07F5: changes role from CANDIDATE to FOLLOWER at term 257 for DISCOVERED_A_NEW_TERM
2019-10-18 07:24:22,937 [12ad0800-05cb-443c-9fdd-fa1debf04523@group-BCB82A5C07F5-LeaderElection1312] INFO  impl.RoleInfo (RoleInfo.java:shutdownLeaderElection(134)) - 12ad0800-05cb-443c-9fdd-fa1debf04523: shutdown LeaderElection
2019-10-18 07:24:22,937 [12ad0800-05cb-443c-9fdd-fa1debf04523@group-BCB82A5C07F5-LeaderElection1312] INFO  impl.RoleInfo (RoleInfo.java:updateAndGet(143)) - 12ad0800-05cb-443c-9fdd-fa1debf04523: start FollowerState
2019-10-18 07:24:22,972 [Thread-11146] INFO  impl.FollowerState (FollowerState.java:run(108)) - 12ad0800-05cb-443c-9fdd-fa1debf04523@group-BCB82A5C07F5-FollowerState: change to CANDIDATE, lastRpcTime:34ms, electionTimeout:34ms
2019-10-18 07:24:22,972 [Thread-11146] INFO  impl.RoleInfo (RoleInfo.java:shutdownFollowerState(121)) - 12ad0800-05cb-443c-9fdd-fa1debf04523: shutdown FollowerState
2019-10-18 07:24:22,972 [Thread-11146] INFO  impl.RaftServerImpl (RaftServerImpl.java:setRole(184)) - 12ad0800-05cb-443c-9fdd-fa1debf04523@group-BCB82A5C07F5: changes role from  FOLLOWER to CANDIDATE at term 257 for changeToCandidate
2019-10-18 07:24:22,972 [Thread-11146] INFO  impl.RoleInfo (RoleInfo.java:updateAndGet(143)) - 12ad0800-05cb-443c-9fdd-fa1debf04523: start LeaderElection
2019-10-18 07:24:22,999 [12ad0800-05cb-443c-9fdd-fa1debf04523@group-BCB82A5C07F5-LeaderElection1313] INFO  impl.LeaderElection (LeaderElection.java:askForVotes(178)) - 12ad0800-05cb-443c-9fdd-fa1debf04523@group-BCB82A5C07F5-LeaderElection1313: begin an election at term 258 for -1: [12ad0800-05cb-443c-9fdd-fa1debf04523:192.168.34.25:41155, 5170c5f3-8499-4b42-9321-85fc8a351f79:192.168.34.25:43074, 0b10a9fc-47eb-4a2b-b664-8273d9d17379:192.168.34.25:45248], old=null
2019-10-18 07:24:23,000 [12ad0800-05cb-443c-9fdd-fa1debf04523@group-BCB82A5C07F5-LeaderElection1313] INFO  impl.LeaderElection (LogUtils.java:infoOrTrace(149)) - 12ad0800-05cb-443c-9fdd-fa1debf04523@group-BCB82A5C07F5-LeaderElection1313 got exception when requesting votes: {}
java.util.concurrent.ExecutionException: org.apache.ratis.thirdparty.io.grpc.StatusRuntimeException: UNAVAILABLE: io exception
	at java.util.concurrent.FutureTask.report(FutureTask.java:122)
	at java.util.concurrent.FutureTask.get(FutureTask.java:192)
	at org.apache.ratis.server.impl.LeaderElection.waitForResults(LeaderElection.java:259)
	at org.apache.ratis.server.impl.LeaderElection.askForVotes(LeaderElection.java:197)
	at org.apache.ratis.server.impl.LeaderElection.run(LeaderElection.java:133)
	at java.lang.Thread.run(Thread.java:748)
Caused by: org.apache.ratis.thirdparty.io.grpc.StatusRuntimeException: UNAVAILABLE: io exception
	at org.apache.ratis.thirdparty.io.grpc.stub.ClientCalls.toStatusRuntimeException(ClientCalls.java:233)
	at org.apache.ratis.thirdparty.io.grpc.stub.ClientCalls.getUnchecked(ClientCalls.java:214)
	at org.apache.ratis.thirdparty.io.grpc.stub.ClientCalls.blockingUnaryCall(ClientCalls.java:139)
	at org.apache.ratis.proto.grpc.RaftServerProtocolServiceGrpc$RaftServerProtocolServiceBlockingStub.requestVote(RaftServerProtocolServiceGrpc.java:265)
	at org.apache.ratis.grpc.server.GrpcServerProtocolClient.requestVote(GrpcServerProtocolClient.java:99)
	at org.apache.ratis.grpc.server.GrpcService.requestVote(GrpcService.java:204)
	at org.apache.ratis.server.impl.LeaderElection.lambda$submitRequests$1(LeaderElection.java:234)
	at java.util.concurrent.FutureTask.run(FutureTask.java:266)
	at java.util.concurrent.Executors$RunnableAdapter.call(Executors.java:511)
	at java.util.concurrent.FutureTask.run(FutureTask.java:266)
	at java.util.concurrent.ThreadPoolExecutor.runWorker(ThreadPoolExecutor.java:1149)
	at java.util.concurrent.ThreadPoolExecutor$Worker.run(ThreadPoolExecutor.java:624)
	... 1 more
Caused by: org.apache.ratis.thirdparty.io.netty.channel.AbstractChannel$AnnotatedConnectException: Connection refused: /192.168.34.25:45248
	at sun.nio.ch.SocketChannelImpl.checkConnect(Native Method)
	at sun.nio.ch.SocketChannelImpl.finishConnect(SocketChannelImpl.java:717)
	at org.apache.ratis.thirdparty.io.netty.channel.socket.nio.NioSocketChannel.doFinishConnect(NioSocketChannel.java:327)
	at org.apache.ratis.thirdparty.io.netty.channel.nio.AbstractNioChannel$AbstractNioUnsafe.finishConnect(AbstractNioChannel.java:340)
	at org.apache.ratis.thirdparty.io.netty.channel.nio.NioEventLoop.processSelectedKey(NioEventLoop.java:632)
	at org.apache.ratis.thirdparty.io.netty.channel.nio.NioEventLoop.processSelectedKeysOptimized(NioEventLoop.java:579)
	at org.apache.ratis.thirdparty.io.netty.channel.nio.NioEventLoop.processSelectedKeys(NioEventLoop.java:496)
	at org.apache.ratis.thirdparty.io.netty.channel.nio.NioEventLoop.run(NioEventLoop.java:458)
	at org.apache.ratis.thirdparty.io.netty.util.concurrent.SingleThreadEventExecutor$5.run(SingleThreadEventExecutor.java:897)
	at org.apache.ratis.thirdparty.io.netty.util.concurrent.FastThreadLocalRunnable.run(FastThreadLocalRunnable.java:30)
	... 1 more
Caused by: java.net.ConnectException: Connection refused
	... 11 more
2019-10-18 07:24:23,001 [12ad0800-05cb-443c-9fdd-fa1debf04523@group-BCB82A5C07F5-LeaderElection1313] INFO  impl.LeaderElection (LogUtils.java:infoOrTrace(149)) - 12ad0800-05cb-443c-9fdd-fa1debf04523@group-BCB82A5C07F5-LeaderElection1313 got exception when requesting votes: {}
java.util.concurrent.ExecutionException: org.apache.ratis.thirdparty.io.grpc.StatusRuntimeException: UNAVAILABLE: io exception
	at java.util.concurrent.FutureTask.report(FutureTask.java:122)
	at java.util.concurrent.FutureTask.get(FutureTask.java:192)
	at org.apache.ratis.server.impl.LeaderElection.waitForResults(LeaderElection.java:259)
	at org.apache.ratis.server.impl.LeaderElection.askForVotes(LeaderElection.java:197)
	at org.apache.ratis.server.impl.LeaderElection.run(LeaderElection.java:133)
	at java.lang.Thread.run(Thread.java:748)
Caused by: org.apache.ratis.thirdparty.io.grpc.StatusRuntimeException: UNAVAILABLE: io exception
	at org.apache.ratis.thirdparty.io.grpc.stub.ClientCalls.toStatusRuntimeException(ClientCalls.java:233)
	at org.apache.ratis.thirdparty.io.grpc.stub.ClientCalls.getUnchecked(ClientCalls.java:214)
	at org.apache.ratis.thirdparty.io.grpc.stub.ClientCalls.blockingUnaryCall(ClientCalls.java:139)
	at org.apache.ratis.proto.grpc.RaftServerProtocolServiceGrpc$RaftServerProtocolServiceBlockingStub.requestVote(RaftServerProtocolServiceGrpc.java:265)
	at org.apache.ratis.grpc.server.GrpcServerProtocolClient.requestVote(GrpcServerProtocolClient.java:99)
	at org.apache.ratis.grpc.server.GrpcService.requestVote(GrpcService.java:204)
	at org.apache.ratis.server.impl.LeaderElection.lambda$submitRequests$1(LeaderElection.java:234)
	at java.util.concurrent.FutureTask.run(FutureTask.java:266)
	at java.util.concurrent.Executors$RunnableAdapter.call(Executors.java:511)
	at java.util.concurrent.FutureTask.run(FutureTask.java:266)
	at java.util.concurrent.ThreadPoolExecutor.runWorker(ThreadPoolExecutor.java:1149)
	at java.util.concurrent.ThreadPoolExecutor$Worker.run(ThreadPoolExecutor.java:624)
	... 1 more
Caused by: org.apache.ratis.thirdparty.io.netty.channel.AbstractChannel$AnnotatedConnectException: Connection refused: /192.168.34.25:43074
	at sun.nio.ch.SocketChannelImpl.checkConnect(Native Method)
	at sun.nio.ch.SocketChannelImpl.finishConnect(SocketChannelImpl.java:717)
	at org.apache.ratis.thirdparty.io.netty.channel.socket.nio.NioSocketChannel.doFinishConnect(NioSocketChannel.java:327)
	at org.apache.ratis.thirdparty.io.netty.channel.nio.AbstractNioChannel$AbstractNioUnsafe.finishConnect(AbstractNioChannel.java:340)
	at org.apache.ratis.thirdparty.io.netty.channel.nio.NioEventLoop.processSelectedKey(NioEventLoop.java:632)
	at org.apache.ratis.thirdparty.io.netty.channel.nio.NioEventLoop.processSelectedKeysOptimized(NioEventLoop.java:579)
	at org.apache.ratis.thirdparty.io.netty.channel.nio.NioEventLoop.processSelectedKeys(NioEventLoop.java:496)
	at org.apache.ratis.thirdparty.io.netty.channel.nio.NioEventLoop.run(NioEventLoop.java:458)
	at org.apache.ratis.thirdparty.io.netty.util.concurrent.SingleThreadEventExecutor$5.run(SingleThreadEventExecutor.java:897)
	at org.apache.ratis.thirdparty.io.netty.util.concurrent.FastThreadLocalRunnable.run(FastThreadLocalRunnable.java:30)
	... 1 more
Caused by: java.net.ConnectException: Connection refused
	... 11 more
2019-10-18 07:24:23,001 [12ad0800-05cb-443c-9fdd-fa1debf04523@group-BCB82A5C07F5-LeaderElection1313] INFO  impl.LeaderElection (LeaderElection.java:logAndReturn(56)) - 12ad0800-05cb-443c-9fdd-fa1debf04523@group-BCB82A5C07F5-LeaderElection1313: Election REJECTED; received 0 response(s) [] and 2 exception(s); 12ad0800-05cb-443c-9fdd-fa1debf04523@group-BCB82A5C07F5:t258, leader=null, voted=12ad0800-05cb-443c-9fdd-fa1debf04523, raftlog=12ad0800-05cb-443c-9fdd-fa1debf04523@group-BCB82A5C07F5-SegmentedRaftLog:OPENED:c-1,f-1,i0, conf=-1: [12ad0800-05cb-443c-9fdd-fa1debf04523:192.168.34.25:41155, 5170c5f3-8499-4b42-9321-85fc8a351f79:192.168.34.25:43074, 0b10a9fc-47eb-4a2b-b664-8273d9d17379:192.168.34.25:45248], old=null
2019-10-18 07:24:23,001 [12ad0800-05cb-443c-9fdd-fa1debf04523@group-BCB82A5C07F5-LeaderElection1313] INFO  impl.LeaderElection (LogUtils.java:infoOrTrace(149)) -   Exception 0: {}
java.util.concurrent.ExecutionException: org.apache.ratis.thirdparty.io.grpc.StatusRuntimeException: UNAVAILABLE: io exception
	at java.util.concurrent.FutureTask.report(FutureTask.java:122)
	at java.util.concurrent.FutureTask.get(FutureTask.java:192)
	at org.apache.ratis.server.impl.LeaderElection.waitForResults(LeaderElection.java:259)
	at org.apache.ratis.server.impl.LeaderElection.askForVotes(LeaderElection.java:197)
	at org.apache.ratis.server.impl.LeaderElection.run(LeaderElection.java:133)
	at java.lang.Thread.run(Thread.java:748)
Caused by: org.apache.ratis.thirdparty.io.grpc.StatusRuntimeException: UNAVAILABLE: io exception
	at org.apache.ratis.thirdparty.io.grpc.stub.ClientCalls.toStatusRuntimeException(ClientCalls.java:233)
	at org.apache.ratis.thirdparty.io.grpc.stub.ClientCalls.getUnchecked(ClientCalls.java:214)
	at org.apache.ratis.thirdparty.io.grpc.stub.ClientCalls.blockingUnaryCall(ClientCalls.java:139)
	at org.apache.ratis.proto.grpc.RaftServerProtocolServiceGrpc$RaftServerProtocolServiceBlockingStub.requestVote(RaftServerProtocolServiceGrpc.java:265)
	at org.apache.ratis.grpc.server.GrpcServerProtocolClient.requestVote(GrpcServerProtocolClient.java:99)
	at org.apache.ratis.grpc.server.GrpcService.requestVote(GrpcService.java:204)
	at org.apache.ratis.server.impl.LeaderElection.lambda$submitRequests$1(LeaderElection.java:234)
	at java.util.concurrent.FutureTask.run(FutureTask.java:266)
	at java.util.concurrent.Executors$RunnableAdapter.call(Executors.java:511)
	at java.util.concurrent.FutureTask.run(FutureTask.java:266)
	at java.util.concurrent.ThreadPoolExecutor.runWorker(ThreadPoolExecutor.java:1149)
	at java.util.concurrent.ThreadPoolExecutor$Worker.run(ThreadPoolExecutor.java:624)
	... 1 more
Caused by: org.apache.ratis.thirdparty.io.netty.channel.AbstractChannel$AnnotatedConnectException: Connection refused: /192.168.34.25:45248
	at sun.nio.ch.SocketChannelImpl.checkConnect(Native Method)
	at sun.nio.ch.SocketChannelImpl.finishConnect(SocketChannelImpl.java:717)
	at org.apache.ratis.thirdparty.io.netty.channel.socket.nio.NioSocketChannel.doFinishConnect(NioSocketChannel.java:327)
	at org.apache.ratis.thirdparty.io.netty.channel.nio.AbstractNioChannel$AbstractNioUnsafe.finishConnect(AbstractNioChannel.java:340)
	at org.apache.ratis.thirdparty.io.netty.channel.nio.NioEventLoop.processSelectedKey(NioEventLoop.java:632)
	at org.apache.ratis.thirdparty.io.netty.channel.nio.NioEventLoop.processSelectedKeysOptimized(NioEventLoop.java:579)
	at org.apache.ratis.thirdparty.io.netty.channel.nio.NioEventLoop.processSelectedKeys(NioEventLoop.java:496)
	at org.apache.ratis.thirdparty.io.netty.channel.nio.NioEventLoop.run(NioEventLoop.java:458)
	at org.apache.ratis.thirdparty.io.netty.util.concurrent.SingleThreadEventExecutor$5.run(SingleThreadEventExecutor.java:897)
	at org.apache.ratis.thirdparty.io.netty.util.concurrent.FastThreadLocalRunnable.run(FastThreadLocalRunnable.java:30)
	... 1 more
Caused by: java.net.ConnectException: Connection refused
	... 11 more
2019-10-18 07:24:23,002 [12ad0800-05cb-443c-9fdd-fa1debf04523@group-BCB82A5C07F5-LeaderElection1313] INFO  impl.LeaderElection (LogUtils.java:infoOrTrace(149)) -   Exception 1: {}
java.util.concurrent.ExecutionException: org.apache.ratis.thirdparty.io.grpc.StatusRuntimeException: UNAVAILABLE: io exception
	at java.util.concurrent.FutureTask.report(FutureTask.java:122)
	at java.util.concurrent.FutureTask.get(FutureTask.java:192)
	at org.apache.ratis.server.impl.LeaderElection.waitForResults(LeaderElection.java:259)
	at org.apache.ratis.server.impl.LeaderElection.askForVotes(LeaderElection.java:197)
	at org.apache.ratis.server.impl.LeaderElection.run(LeaderElection.java:133)
	at java.lang.Thread.run(Thread.java:748)
Caused by: org.apache.ratis.thirdparty.io.grpc.StatusRuntimeException: UNAVAILABLE: io exception
	at org.apache.ratis.thirdparty.io.grpc.stub.ClientCalls.toStatusRuntimeException(ClientCalls.java:233)
	at org.apache.ratis.thirdparty.io.grpc.stub.ClientCalls.getUnchecked(ClientCalls.java:214)
	at org.apache.ratis.thirdparty.io.grpc.stub.ClientCalls.blockingUnaryCall(ClientCalls.java:139)
	at org.apache.ratis.proto.grpc.RaftServerProtocolServiceGrpc$RaftServerProtocolServiceBlockingStub.requestVote(RaftServerProtocolServiceGrpc.java:265)
	at org.apache.ratis.grpc.server.GrpcServerProtocolClient.requestVote(GrpcServerProtocolClient.java:99)
	at org.apache.ratis.grpc.server.GrpcService.requestVote(GrpcService.java:204)
	at org.apache.ratis.server.impl.LeaderElection.lambda$submitRequests$1(LeaderElection.java:234)
	at java.util.concurrent.FutureTask.run(FutureTask.java:266)
	at java.util.concurrent.Executors$RunnableAdapter.call(Executors.java:511)
	at java.util.concurrent.FutureTask.run(FutureTask.java:266)
	at java.util.concurrent.ThreadPoolExecutor.runWorker(ThreadPoolExecutor.java:1149)
	at java.util.concurrent.ThreadPoolExecutor$Worker.run(ThreadPoolExecutor.java:624)
	... 1 more
Caused by: org.apache.ratis.thirdparty.io.netty.channel.AbstractChannel$AnnotatedConnectException: Connection refused: /192.168.34.25:43074
	at sun.nio.ch.SocketChannelImpl.checkConnect(Native Method)
	at sun.nio.ch.SocketChannelImpl.finishConnect(SocketChannelImpl.java:717)
	at org.apache.ratis.thirdparty.io.netty.channel.socket.nio.NioSocketChannel.doFinishConnect(NioSocketChannel.java:327)
	at org.apache.ratis.thirdparty.io.netty.channel.nio.AbstractNioChannel$AbstractNioUnsafe.finishConnect(AbstractNioChannel.java:340)
	at org.apache.ratis.thirdparty.io.netty.channel.nio.NioEventLoop.processSelectedKey(NioEventLoop.java:632)
	at org.apache.ratis.thirdparty.io.netty.channel.nio.NioEventLoop.processSelectedKeysOptimized(NioEventLoop.java:579)
	at org.apache.ratis.thirdparty.io.netty.channel.nio.NioEventLoop.processSelectedKeys(NioEventLoop.java:496)
	at org.apache.ratis.thirdparty.io.netty.channel.nio.NioEventLoop.run(NioEventLoop.java:458)
	at org.apache.ratis.thirdparty.io.netty.util.concurrent.SingleThreadEventExecutor$5.run(SingleThreadEventExecutor.java:897)
	at org.apache.ratis.thirdparty.io.netty.util.concurrent.FastThreadLocalRunnable.run(FastThreadLocalRunnable.java:30)
	... 1 more
Caused by: java.net.ConnectException: Connection refused
	... 11 more
2019-10-18 07:24:23,002 [12ad0800-05cb-443c-9fdd-fa1debf04523@group-BCB82A5C07F5-LeaderElection1313] INFO  impl.RaftServerImpl (RaftServerImpl.java:setRole(184)) - 12ad0800-05cb-443c-9fdd-fa1debf04523@group-BCB82A5C07F5: changes role from CANDIDATE to FOLLOWER at term 258 for DISCOVERED_A_NEW_TERM
2019-10-18 07:24:23,002 [12ad0800-05cb-443c-9fdd-fa1debf04523@group-BCB82A5C07F5-LeaderElection1313] INFO  impl.RoleInfo (RoleInfo.java:shutdownLeaderElection(134)) - 12ad0800-05cb-443c-9fdd-fa1debf04523: shutdown LeaderElection
2019-10-18 07:24:23,002 [12ad0800-05cb-443c-9fdd-fa1debf04523@group-BCB82A5C07F5-LeaderElection1313] INFO  impl.RoleInfo (RoleInfo.java:updateAndGet(143)) - 12ad0800-05cb-443c-9fdd-fa1debf04523: start FollowerState
2019-10-18 07:24:23,085 [Thread-11150] INFO  impl.FollowerState (FollowerState.java:run(108)) - 12ad0800-05cb-443c-9fdd-fa1debf04523@group-BCB82A5C07F5-FollowerState: change to CANDIDATE, lastRpcTime:82ms, electionTimeout:82ms
2019-10-18 07:24:23,085 [Thread-11150] INFO  impl.RoleInfo (RoleInfo.java:shutdownFollowerState(121)) - 12ad0800-05cb-443c-9fdd-fa1debf04523: shutdown FollowerState
2019-10-18 07:24:23,086 [Thread-11150] INFO  impl.RaftServerImpl (RaftServerImpl.java:setRole(184)) - 12ad0800-05cb-443c-9fdd-fa1debf04523@group-BCB82A5C07F5: changes role from  FOLLOWER to CANDIDATE at term 258 for changeToCandidate
2019-10-18 07:24:23,086 [Thread-11150] INFO  impl.RoleInfo (RoleInfo.java:updateAndGet(143)) - 12ad0800-05cb-443c-9fdd-fa1debf04523: start LeaderElection
2019-10-18 07:24:23,109 [12ad0800-05cb-443c-9fdd-fa1debf04523@group-BCB82A5C07F5-LeaderElection1314] INFO  impl.LeaderElection (LeaderElection.java:askForVotes(178)) - 12ad0800-05cb-443c-9fdd-fa1debf04523@group-BCB82A5C07F5-LeaderElection1314: begin an election at term 259 for -1: [12ad0800-05cb-443c-9fdd-fa1debf04523:192.168.34.25:41155, 5170c5f3-8499-4b42-9321-85fc8a351f79:192.168.34.25:43074, 0b10a9fc-47eb-4a2b-b664-8273d9d17379:192.168.34.25:45248], old=null
2019-10-18 07:24:23,110 [12ad0800-05cb-443c-9fdd-fa1debf04523@group-BCB82A5C07F5-LeaderElection1314] INFO  impl.LeaderElection (LogUtils.java:infoOrTrace(149)) - 12ad0800-05cb-443c-9fdd-fa1debf04523@group-BCB82A5C07F5-LeaderElection1314 got exception when requesting votes: {}
java.util.concurrent.ExecutionException: org.apache.ratis.thirdparty.io.grpc.StatusRuntimeException: UNAVAILABLE: io exception
	at java.util.concurrent.FutureTask.report(FutureTask.java:122)
	at java.util.concurrent.FutureTask.get(FutureTask.java:192)
	at org.apache.ratis.server.impl.LeaderElection.waitForResults(LeaderElection.java:259)
	at org.apache.ratis.server.impl.LeaderElection.askForVotes(LeaderElection.java:197)
	at org.apache.ratis.server.impl.LeaderElection.run(LeaderElection.java:133)
	at java.lang.Thread.run(Thread.java:748)
Caused by: org.apache.ratis.thirdparty.io.grpc.StatusRuntimeException: UNAVAILABLE: io exception
	at org.apache.ratis.thirdparty.io.grpc.stub.ClientCalls.toStatusRuntimeException(ClientCalls.java:233)
	at org.apache.ratis.thirdparty.io.grpc.stub.ClientCalls.getUnchecked(ClientCalls.java:214)
	at org.apache.ratis.thirdparty.io.grpc.stub.ClientCalls.blockingUnaryCall(ClientCalls.java:139)
	at org.apache.ratis.proto.grpc.RaftServerProtocolServiceGrpc$RaftServerProtocolServiceBlockingStub.requestVote(RaftServerProtocolServiceGrpc.java:265)
	at org.apache.ratis.grpc.server.GrpcServerProtocolClient.requestVote(GrpcServerProtocolClient.java:99)
	at org.apache.ratis.grpc.server.GrpcService.requestVote(GrpcService.java:204)
	at org.apache.ratis.server.impl.LeaderElection.lambda$submitRequests$1(LeaderElection.java:234)
	at java.util.concurrent.FutureTask.run(FutureTask.java:266)
	at java.util.concurrent.Executors$RunnableAdapter.call(Executors.java:511)
	at java.util.concurrent.FutureTask.run(FutureTask.java:266)
	at java.util.concurrent.ThreadPoolExecutor.runWorker(ThreadPoolExecutor.java:1149)
	at java.util.concurrent.ThreadPoolExecutor$Worker.run(ThreadPoolExecutor.java:624)
	... 1 more
Caused by: org.apache.ratis.thirdparty.io.netty.channel.AbstractChannel$AnnotatedConnectException: Connection refused: /192.168.34.25:43074
	at sun.nio.ch.SocketChannelImpl.checkConnect(Native Method)
	at sun.nio.ch.SocketChannelImpl.finishConnect(SocketChannelImpl.java:717)
	at org.apache.ratis.thirdparty.io.netty.channel.socket.nio.NioSocketChannel.doFinishConnect(NioSocketChannel.java:327)
	at org.apache.ratis.thirdparty.io.netty.channel.nio.AbstractNioChannel$AbstractNioUnsafe.finishConnect(AbstractNioChannel.java:340)
	at org.apache.ratis.thirdparty.io.netty.channel.nio.NioEventLoop.processSelectedKey(NioEventLoop.java:632)
	at org.apache.ratis.thirdparty.io.netty.channel.nio.NioEventLoop.processSelectedKeysOptimized(NioEventLoop.java:579)
	at org.apache.ratis.thirdparty.io.netty.channel.nio.NioEventLoop.processSelectedKeys(NioEventLoop.java:496)
	at org.apache.ratis.thirdparty.io.netty.channel.nio.NioEventLoop.run(NioEventLoop.java:458)
	at org.apache.ratis.thirdparty.io.netty.util.concurrent.SingleThreadEventExecutor$5.run(SingleThreadEventExecutor.java:897)
	at org.apache.ratis.thirdparty.io.netty.util.concurrent.FastThreadLocalRunnable.run(FastThreadLocalRunnable.java:30)
	... 1 more
Caused by: java.net.ConnectException: Connection refused
	... 11 more
2019-10-18 07:24:23,111 [12ad0800-05cb-443c-9fdd-fa1debf04523@group-BCB82A5C07F5-LeaderElection1314] INFO  impl.LeaderElection (LogUtils.java:infoOrTrace(149)) - 12ad0800-05cb-443c-9fdd-fa1debf04523@group-BCB82A5C07F5-LeaderElection1314 got exception when requesting votes: {}
java.util.concurrent.ExecutionException: org.apache.ratis.thirdparty.io.grpc.StatusRuntimeException: UNAVAILABLE: io exception
	at java.util.concurrent.FutureTask.report(FutureTask.java:122)
	at java.util.concurrent.FutureTask.get(FutureTask.java:192)
	at org.apache.ratis.server.impl.LeaderElection.waitForResults(LeaderElection.java:259)
	at org.apache.ratis.server.impl.LeaderElection.askForVotes(LeaderElection.java:197)
	at org.apache.ratis.server.impl.LeaderElection.run(LeaderElection.java:133)
	at java.lang.Thread.run(Thread.java:748)
Caused by: org.apache.ratis.thirdparty.io.grpc.StatusRuntimeException: UNAVAILABLE: io exception
	at org.apache.ratis.thirdparty.io.grpc.stub.ClientCalls.toStatusRuntimeException(ClientCalls.java:233)
	at org.apache.ratis.thirdparty.io.grpc.stub.ClientCalls.getUnchecked(ClientCalls.java:214)
	at org.apache.ratis.thirdparty.io.grpc.stub.ClientCalls.blockingUnaryCall(ClientCalls.java:139)
	at org.apache.ratis.proto.grpc.RaftServerProtocolServiceGrpc$RaftServerProtocolServiceBlockingStub.requestVote(RaftServerProtocolServiceGrpc.java:265)
	at org.apache.ratis.grpc.server.GrpcServerProtocolClient.requestVote(GrpcServerProtocolClient.java:99)
	at org.apache.ratis.grpc.server.GrpcService.requestVote(GrpcService.java:204)
	at org.apache.ratis.server.impl.LeaderElection.lambda$submitRequests$1(LeaderElection.java:234)
	at java.util.concurrent.FutureTask.run(FutureTask.java:266)
	at java.util.concurrent.Executors$RunnableAdapter.call(Executors.java:511)
	at java.util.concurrent.FutureTask.run(FutureTask.java:266)
	at java.util.concurrent.ThreadPoolExecutor.runWorker(ThreadPoolExecutor.java:1149)
	at java.util.concurrent.ThreadPoolExecutor$Worker.run(ThreadPoolExecutor.java:624)
	... 1 more
Caused by: org.apache.ratis.thirdparty.io.netty.channel.AbstractChannel$AnnotatedConnectException: Connection refused: /192.168.34.25:45248
	at sun.nio.ch.SocketChannelImpl.checkConnect(Native Method)
	at sun.nio.ch.SocketChannelImpl.finishConnect(SocketChannelImpl.java:717)
	at org.apache.ratis.thirdparty.io.netty.channel.socket.nio.NioSocketChannel.doFinishConnect(NioSocketChannel.java:327)
	at org.apache.ratis.thirdparty.io.netty.channel.nio.AbstractNioChannel$AbstractNioUnsafe.finishConnect(AbstractNioChannel.java:340)
	at org.apache.ratis.thirdparty.io.netty.channel.nio.NioEventLoop.processSelectedKey(NioEventLoop.java:632)
	at org.apache.ratis.thirdparty.io.netty.channel.nio.NioEventLoop.processSelectedKeysOptimized(NioEventLoop.java:579)
	at org.apache.ratis.thirdparty.io.netty.channel.nio.NioEventLoop.processSelectedKeys(NioEventLoop.java:496)
	at org.apache.ratis.thirdparty.io.netty.channel.nio.NioEventLoop.run(NioEventLoop.java:458)
	at org.apache.ratis.thirdparty.io.netty.util.concurrent.SingleThreadEventExecutor$5.run(SingleThreadEventExecutor.java:897)
	at org.apache.ratis.thirdparty.io.netty.util.concurrent.FastThreadLocalRunnable.run(FastThreadLocalRunnable.java:30)
	... 1 more
Caused by: java.net.ConnectException: Connection refused
	... 11 more
2019-10-18 07:24:23,112 [12ad0800-05cb-443c-9fdd-fa1debf04523@group-BCB82A5C07F5-LeaderElection1314] INFO  impl.LeaderElection (LeaderElection.java:logAndReturn(56)) - 12ad0800-05cb-443c-9fdd-fa1debf04523@group-BCB82A5C07F5-LeaderElection1314: Election REJECTED; received 0 response(s) [] and 2 exception(s); 12ad0800-05cb-443c-9fdd-fa1debf04523@group-BCB82A5C07F5:t259, leader=null, voted=12ad0800-05cb-443c-9fdd-fa1debf04523, raftlog=12ad0800-05cb-443c-9fdd-fa1debf04523@group-BCB82A5C07F5-SegmentedRaftLog:OPENED:c-1,f-1,i0, conf=-1: [12ad0800-05cb-443c-9fdd-fa1debf04523:192.168.34.25:41155, 5170c5f3-8499-4b42-9321-85fc8a351f79:192.168.34.25:43074, 0b10a9fc-47eb-4a2b-b664-8273d9d17379:192.168.34.25:45248], old=null
2019-10-18 07:24:23,112 [12ad0800-05cb-443c-9fdd-fa1debf04523@group-BCB82A5C07F5-LeaderElection1314] INFO  impl.LeaderElection (LogUtils.java:infoOrTrace(149)) -   Exception 0: {}
java.util.concurrent.ExecutionException: org.apache.ratis.thirdparty.io.grpc.StatusRuntimeException: UNAVAILABLE: io exception
	at java.util.concurrent.FutureTask.report(FutureTask.java:122)
	at java.util.concurrent.FutureTask.get(FutureTask.java:192)
	at org.apache.ratis.server.impl.LeaderElection.waitForResults(LeaderElection.java:259)
	at org.apache.ratis.server.impl.LeaderElection.askForVotes(LeaderElection.java:197)
	at org.apache.ratis.server.impl.LeaderElection.run(LeaderElection.java:133)
	at java.lang.Thread.run(Thread.java:748)
Caused by: org.apache.ratis.thirdparty.io.grpc.StatusRuntimeException: UNAVAILABLE: io exception
	at org.apache.ratis.thirdparty.io.grpc.stub.ClientCalls.toStatusRuntimeException(ClientCalls.java:233)
	at org.apache.ratis.thirdparty.io.grpc.stub.ClientCalls.getUnchecked(ClientCalls.java:214)
	at org.apache.ratis.thirdparty.io.grpc.stub.ClientCalls.blockingUnaryCall(ClientCalls.java:139)
	at org.apache.ratis.proto.grpc.RaftServerProtocolServiceGrpc$RaftServerProtocolServiceBlockingStub.requestVote(RaftServerProtocolServiceGrpc.java:265)
	at org.apache.ratis.grpc.server.GrpcServerProtocolClient.requestVote(GrpcServerProtocolClient.java:99)
	at org.apache.ratis.grpc.server.GrpcService.requestVote(GrpcService.java:204)
	at org.apache.ratis.server.impl.LeaderElection.lambda$submitRequests$1(LeaderElection.java:234)
	at java.util.concurrent.FutureTask.run(FutureTask.java:266)
	at java.util.concurrent.Executors$RunnableAdapter.call(Executors.java:511)
	at java.util.concurrent.FutureTask.run(FutureTask.java:266)
	at java.util.concurrent.ThreadPoolExecutor.runWorker(ThreadPoolExecutor.java:1149)
	at java.util.concurrent.ThreadPoolExecutor$Worker.run(ThreadPoolExecutor.java:624)
	... 1 more
Caused by: org.apache.ratis.thirdparty.io.netty.channel.AbstractChannel$AnnotatedConnectException: Connection refused: /192.168.34.25:43074
	at sun.nio.ch.SocketChannelImpl.checkConnect(Native Method)
	at sun.nio.ch.SocketChannelImpl.finishConnect(SocketChannelImpl.java:717)
	at org.apache.ratis.thirdparty.io.netty.channel.socket.nio.NioSocketChannel.doFinishConnect(NioSocketChannel.java:327)
	at org.apache.ratis.thirdparty.io.netty.channel.nio.AbstractNioChannel$AbstractNioUnsafe.finishConnect(AbstractNioChannel.java:340)
	at org.apache.ratis.thirdparty.io.netty.channel.nio.NioEventLoop.processSelectedKey(NioEventLoop.java:632)
	at org.apache.ratis.thirdparty.io.netty.channel.nio.NioEventLoop.processSelectedKeysOptimized(NioEventLoop.java:579)
	at org.apache.ratis.thirdparty.io.netty.channel.nio.NioEventLoop.processSelectedKeys(NioEventLoop.java:496)
	at org.apache.ratis.thirdparty.io.netty.channel.nio.NioEventLoop.run(NioEventLoop.java:458)
	at org.apache.ratis.thirdparty.io.netty.util.concurrent.SingleThreadEventExecutor$5.run(SingleThreadEventExecutor.java:897)
	at org.apache.ratis.thirdparty.io.netty.util.concurrent.FastThreadLocalRunnable.run(FastThreadLocalRunnable.java:30)
	... 1 more
Caused by: java.net.ConnectException: Connection refused
	... 11 more
2019-10-18 07:24:23,112 [12ad0800-05cb-443c-9fdd-fa1debf04523@group-BCB82A5C07F5-LeaderElection1314] INFO  impl.LeaderElection (LogUtils.java:infoOrTrace(149)) -   Exception 1: {}
java.util.concurrent.ExecutionException: org.apache.ratis.thirdparty.io.grpc.StatusRuntimeException: UNAVAILABLE: io exception
	at java.util.concurrent.FutureTask.report(FutureTask.java:122)
	at java.util.concurrent.FutureTask.get(FutureTask.java:192)
	at org.apache.ratis.server.impl.LeaderElection.waitForResults(LeaderElection.java:259)
	at org.apache.ratis.server.impl.LeaderElection.askForVotes(LeaderElection.java:197)
	at org.apache.ratis.server.impl.LeaderElection.run(LeaderElection.java:133)
	at java.lang.Thread.run(Thread.java:748)
Caused by: org.apache.ratis.thirdparty.io.grpc.StatusRuntimeException: UNAVAILABLE: io exception
	at org.apache.ratis.thirdparty.io.grpc.stub.ClientCalls.toStatusRuntimeException(ClientCalls.java:233)
	at org.apache.ratis.thirdparty.io.grpc.stub.ClientCalls.getUnchecked(ClientCalls.java:214)
	at org.apache.ratis.thirdparty.io.grpc.stub.ClientCalls.blockingUnaryCall(ClientCalls.java:139)
	at org.apache.ratis.proto.grpc.RaftServerProtocolServiceGrpc$RaftServerProtocolServiceBlockingStub.requestVote(RaftServerProtocolServiceGrpc.java:265)
	at org.apache.ratis.grpc.server.GrpcServerProtocolClient.requestVote(GrpcServerProtocolClient.java:99)
	at org.apache.ratis.grpc.server.GrpcService.requestVote(GrpcService.java:204)
	at org.apache.ratis.server.impl.LeaderElection.lambda$submitRequests$1(LeaderElection.java:234)
	at java.util.concurrent.FutureTask.run(FutureTask.java:266)
	at java.util.concurrent.Executors$RunnableAdapter.call(Executors.java:511)
	at java.util.concurrent.FutureTask.run(FutureTask.java:266)
	at java.util.concurrent.ThreadPoolExecutor.runWorker(ThreadPoolExecutor.java:1149)
	at java.util.concurrent.ThreadPoolExecutor$Worker.run(ThreadPoolExecutor.java:624)
	... 1 more
Caused by: org.apache.ratis.thirdparty.io.netty.channel.AbstractChannel$AnnotatedConnectException: Connection refused: /192.168.34.25:45248
	at sun.nio.ch.SocketChannelImpl.checkConnect(Native Method)
	at sun.nio.ch.SocketChannelImpl.finishConnect(SocketChannelImpl.java:717)
	at org.apache.ratis.thirdparty.io.netty.channel.socket.nio.NioSocketChannel.doFinishConnect(NioSocketChannel.java:327)
	at org.apache.ratis.thirdparty.io.netty.channel.nio.AbstractNioChannel$AbstractNioUnsafe.finishConnect(AbstractNioChannel.java:340)
	at org.apache.ratis.thirdparty.io.netty.channel.nio.NioEventLoop.processSelectedKey(NioEventLoop.java:632)
	at org.apache.ratis.thirdparty.io.netty.channel.nio.NioEventLoop.processSelectedKeysOptimized(NioEventLoop.java:579)
	at org.apache.ratis.thirdparty.io.netty.channel.nio.NioEventLoop.processSelectedKeys(NioEventLoop.java:496)
	at org.apache.ratis.thirdparty.io.netty.channel.nio.NioEventLoop.run(NioEventLoop.java:458)
	at org.apache.ratis.thirdparty.io.netty.util.concurrent.SingleThreadEventExecutor$5.run(SingleThreadEventExecutor.java:897)
	at org.apache.ratis.thirdparty.io.netty.util.concurrent.FastThreadLocalRunnable.run(FastThreadLocalRunnable.java:30)
	... 1 more
Caused by: java.net.ConnectException: Connection refused
	... 11 more
2019-10-18 07:24:23,112 [12ad0800-05cb-443c-9fdd-fa1debf04523@group-BCB82A5C07F5-LeaderElection1314] INFO  impl.RaftServerImpl (RaftServerImpl.java:setRole(184)) - 12ad0800-05cb-443c-9fdd-fa1debf04523@group-BCB82A5C07F5: changes role from CANDIDATE to FOLLOWER at term 259 for DISCOVERED_A_NEW_TERM
2019-10-18 07:24:23,112 [12ad0800-05cb-443c-9fdd-fa1debf04523@group-BCB82A5C07F5-LeaderElection1314] INFO  impl.RoleInfo (RoleInfo.java:shutdownLeaderElection(134)) - 12ad0800-05cb-443c-9fdd-fa1debf04523: shutdown LeaderElection
2019-10-18 07:24:23,113 [12ad0800-05cb-443c-9fdd-fa1debf04523@group-BCB82A5C07F5-LeaderElection1314] INFO  impl.RoleInfo (RoleInfo.java:updateAndGet(143)) - 12ad0800-05cb-443c-9fdd-fa1debf04523: start FollowerState
2019-10-18 07:24:23,114 [Thread-11154] INFO  impl.FollowerState (FollowerState.java:run(108)) - 12ad0800-05cb-443c-9fdd-fa1debf04523@group-BCB82A5C07F5-FollowerState: change to CANDIDATE, lastRpcTime:1ms, electionTimeout:1ms
2019-10-18 07:24:23,114 [Thread-11154] INFO  impl.RoleInfo (RoleInfo.java:shutdownFollowerState(121)) - 12ad0800-05cb-443c-9fdd-fa1debf04523: shutdown FollowerState
2019-10-18 07:24:23,114 [Thread-11154] INFO  impl.RaftServerImpl (RaftServerImpl.java:setRole(184)) - 12ad0800-05cb-443c-9fdd-fa1debf04523@group-BCB82A5C07F5: changes role from  FOLLOWER to CANDIDATE at term 259 for changeToCandidate
2019-10-18 07:24:23,114 [Thread-11154] INFO  impl.RoleInfo (RoleInfo.java:updateAndGet(143)) - 12ad0800-05cb-443c-9fdd-fa1debf04523: start LeaderElection
2019-10-18 07:24:23,143 [12ad0800-05cb-443c-9fdd-fa1debf04523@group-BCB82A5C07F5-LeaderElection1315] INFO  impl.LeaderElection (LeaderElection.java:askForVotes(178)) - 12ad0800-05cb-443c-9fdd-fa1debf04523@group-BCB82A5C07F5-LeaderElection1315: begin an election at term 260 for -1: [12ad0800-05cb-443c-9fdd-fa1debf04523:192.168.34.25:41155, 5170c5f3-8499-4b42-9321-85fc8a351f79:192.168.34.25:43074, 0b10a9fc-47eb-4a2b-b664-8273d9d17379:192.168.34.25:45248], old=null
2019-10-18 07:24:23,144 [12ad0800-05cb-443c-9fdd-fa1debf04523@group-BCB82A5C07F5-LeaderElection1315] INFO  impl.LeaderElection (LogUtils.java:infoOrTrace(149)) - 12ad0800-05cb-443c-9fdd-fa1debf04523@group-BCB82A5C07F5-LeaderElection1315 got exception when requesting votes: {}
java.util.concurrent.ExecutionException: org.apache.ratis.thirdparty.io.grpc.StatusRuntimeException: UNAVAILABLE: io exception
	at java.util.concurrent.FutureTask.report(FutureTask.java:122)
	at java.util.concurrent.FutureTask.get(FutureTask.java:192)
	at org.apache.ratis.server.impl.LeaderElection.waitForResults(LeaderElection.java:259)
	at org.apache.ratis.server.impl.LeaderElection.askForVotes(LeaderElection.java:197)
	at org.apache.ratis.server.impl.LeaderElection.run(LeaderElection.java:133)
	at java.lang.Thread.run(Thread.java:748)
Caused by: org.apache.ratis.thirdparty.io.grpc.StatusRuntimeException: UNAVAILABLE: io exception
	at org.apache.ratis.thirdparty.io.grpc.stub.ClientCalls.toStatusRuntimeException(ClientCalls.java:233)
	at org.apache.ratis.thirdparty.io.grpc.stub.ClientCalls.getUnchecked(ClientCalls.java:214)
	at org.apache.ratis.thirdparty.io.grpc.stub.ClientCalls.blockingUnaryCall(ClientCalls.java:139)
	at org.apache.ratis.proto.grpc.RaftServerProtocolServiceGrpc$RaftServerProtocolServiceBlockingStub.requestVote(RaftServerProtocolServiceGrpc.java:265)
	at org.apache.ratis.grpc.server.GrpcServerProtocolClient.requestVote(GrpcServerProtocolClient.java:99)
	at org.apache.ratis.grpc.server.GrpcService.requestVote(GrpcService.java:204)
	at org.apache.ratis.server.impl.LeaderElection.lambda$submitRequests$1(LeaderElection.java:234)
	at java.util.concurrent.FutureTask.run(FutureTask.java:266)
	at java.util.concurrent.Executors$RunnableAdapter.call(Executors.java:511)
	at java.util.concurrent.FutureTask.run(FutureTask.java:266)
	at java.util.concurrent.ThreadPoolExecutor.runWorker(ThreadPoolExecutor.java:1149)
	at java.util.concurrent.ThreadPoolExecutor$Worker.run(ThreadPoolExecutor.java:624)
	... 1 more
Caused by: org.apache.ratis.thirdparty.io.netty.channel.AbstractChannel$AnnotatedConnectException: Connection refused: /192.168.34.25:43074
	at sun.nio.ch.SocketChannelImpl.checkConnect(Native Method)
	at sun.nio.ch.SocketChannelImpl.finishConnect(SocketChannelImpl.java:717)
	at org.apache.ratis.thirdparty.io.netty.channel.socket.nio.NioSocketChannel.doFinishConnect(NioSocketChannel.java:327)
	at org.apache.ratis.thirdparty.io.netty.channel.nio.AbstractNioChannel$AbstractNioUnsafe.finishConnect(AbstractNioChannel.java:340)
	at org.apache.ratis.thirdparty.io.netty.channel.nio.NioEventLoop.processSelectedKey(NioEventLoop.java:632)
	at org.apache.ratis.thirdparty.io.netty.channel.nio.NioEventLoop.processSelectedKeysOptimized(NioEventLoop.java:579)
	at org.apache.ratis.thirdparty.io.netty.channel.nio.NioEventLoop.processSelectedKeys(NioEventLoop.java:496)
	at org.apache.ratis.thirdparty.io.netty.channel.nio.NioEventLoop.run(NioEventLoop.java:458)
	at org.apache.ratis.thirdparty.io.netty.util.concurrent.SingleThreadEventExecutor$5.run(SingleThreadEventExecutor.java:897)
	at org.apache.ratis.thirdparty.io.netty.util.concurrent.FastThreadLocalRunnable.run(FastThreadLocalRunnable.java:30)
	... 1 more
Caused by: java.net.ConnectException: Connection refused
	... 11 more
2019-10-18 07:24:23,144 [12ad0800-05cb-443c-9fdd-fa1debf04523@group-BCB82A5C07F5-LeaderElection1315] INFO  impl.LeaderElection (LogUtils.java:infoOrTrace(149)) - 12ad0800-05cb-443c-9fdd-fa1debf04523@group-BCB82A5C07F5-LeaderElection1315 got exception when requesting votes: {}
java.util.concurrent.ExecutionException: org.apache.ratis.thirdparty.io.grpc.StatusRuntimeException: UNAVAILABLE: io exception
	at java.util.concurrent.FutureTask.report(FutureTask.java:122)
	at java.util.concurrent.FutureTask.get(FutureTask.java:192)
	at org.apache.ratis.server.impl.LeaderElection.waitForResults(LeaderElection.java:259)
	at org.apache.ratis.server.impl.LeaderElection.askForVotes(LeaderElection.java:197)
	at org.apache.ratis.server.impl.LeaderElection.run(LeaderElection.java:133)
	at java.lang.Thread.run(Thread.java:748)
Caused by: org.apache.ratis.thirdparty.io.grpc.StatusRuntimeException: UNAVAILABLE: io exception
	at org.apache.ratis.thirdparty.io.grpc.stub.ClientCalls.toStatusRuntimeException(ClientCalls.java:233)
	at org.apache.ratis.thirdparty.io.grpc.stub.ClientCalls.getUnchecked(ClientCalls.java:214)
	at org.apache.ratis.thirdparty.io.grpc.stub.ClientCalls.blockingUnaryCall(ClientCalls.java:139)
	at org.apache.ratis.proto.grpc.RaftServerProtocolServiceGrpc$RaftServerProtocolServiceBlockingStub.requestVote(RaftServerProtocolServiceGrpc.java:265)
	at org.apache.ratis.grpc.server.GrpcServerProtocolClient.requestVote(GrpcServerProtocolClient.java:99)
	at org.apache.ratis.grpc.server.GrpcService.requestVote(GrpcService.java:204)
	at org.apache.ratis.server.impl.LeaderElection.lambda$submitRequests$1(LeaderElection.java:234)
	at java.util.concurrent.FutureTask.run(FutureTask.java:266)
	at java.util.concurrent.Executors$RunnableAdapter.call(Executors.java:511)
	at java.util.concurrent.FutureTask.run(FutureTask.java:266)
	at java.util.concurrent.ThreadPoolExecutor.runWorker(ThreadPoolExecutor.java:1149)
	at java.util.concurrent.ThreadPoolExecutor$Worker.run(ThreadPoolExecutor.java:624)
	... 1 more
Caused by: org.apache.ratis.thirdparty.io.netty.channel.AbstractChannel$AnnotatedConnectException: Connection refused: /192.168.34.25:45248
	at sun.nio.ch.SocketChannelImpl.checkConnect(Native Method)
	at sun.nio.ch.SocketChannelImpl.finishConnect(SocketChannelImpl.java:717)
	at org.apache.ratis.thirdparty.io.netty.channel.socket.nio.NioSocketChannel.doFinishConnect(NioSocketChannel.java:327)
	at org.apache.ratis.thirdparty.io.netty.channel.nio.AbstractNioChannel$AbstractNioUnsafe.finishConnect(AbstractNioChannel.java:340)
	at org.apache.ratis.thirdparty.io.netty.channel.nio.NioEventLoop.processSelectedKey(NioEventLoop.java:632)
	at org.apache.ratis.thirdparty.io.netty.channel.nio.NioEventLoop.processSelectedKeysOptimized(NioEventLoop.java:579)
	at org.apache.ratis.thirdparty.io.netty.channel.nio.NioEventLoop.processSelectedKeys(NioEventLoop.java:496)
	at org.apache.ratis.thirdparty.io.netty.channel.nio.NioEventLoop.run(NioEventLoop.java:458)
	at org.apache.ratis.thirdparty.io.netty.util.concurrent.SingleThreadEventExecutor$5.run(SingleThreadEventExecutor.java:897)
	at org.apache.ratis.thirdparty.io.netty.util.concurrent.FastThreadLocalRunnable.run(FastThreadLocalRunnable.java:30)
	... 1 more
Caused by: java.net.ConnectException: Connection refused
	... 11 more
2019-10-18 07:24:23,144 [12ad0800-05cb-443c-9fdd-fa1debf04523@group-BCB82A5C07F5-LeaderElection1315] INFO  impl.LeaderElection (LeaderElection.java:logAndReturn(56)) - 12ad0800-05cb-443c-9fdd-fa1debf04523@group-BCB82A5C07F5-LeaderElection1315: Election REJECTED; received 0 response(s) [] and 2 exception(s); 12ad0800-05cb-443c-9fdd-fa1debf04523@group-BCB82A5C07F5:t260, leader=null, voted=12ad0800-05cb-443c-9fdd-fa1debf04523, raftlog=12ad0800-05cb-443c-9fdd-fa1debf04523@group-BCB82A5C07F5-SegmentedRaftLog:OPENED:c-1,f-1,i0, conf=-1: [12ad0800-05cb-443c-9fdd-fa1debf04523:192.168.34.25:41155, 5170c5f3-8499-4b42-9321-85fc8a351f79:192.168.34.25:43074, 0b10a9fc-47eb-4a2b-b664-8273d9d17379:192.168.34.25:45248], old=null
2019-10-18 07:24:23,144 [12ad0800-05cb-443c-9fdd-fa1debf04523@group-BCB82A5C07F5-LeaderElection1315] INFO  impl.LeaderElection (LogUtils.java:infoOrTrace(149)) -   Exception 0: {}
java.util.concurrent.ExecutionException: org.apache.ratis.thirdparty.io.grpc.StatusRuntimeException: UNAVAILABLE: io exception
	at java.util.concurrent.FutureTask.report(FutureTask.java:122)
	at java.util.concurrent.FutureTask.get(FutureTask.java:192)
	at org.apache.ratis.server.impl.LeaderElection.waitForResults(LeaderElection.java:259)
	at org.apache.ratis.server.impl.LeaderElection.askForVotes(LeaderElection.java:197)
	at org.apache.ratis.server.impl.LeaderElection.run(LeaderElection.java:133)
	at java.lang.Thread.run(Thread.java:748)
Caused by: org.apache.ratis.thirdparty.io.grpc.StatusRuntimeException: UNAVAILABLE: io exception
	at org.apache.ratis.thirdparty.io.grpc.stub.ClientCalls.toStatusRuntimeException(ClientCalls.java:233)
	at org.apache.ratis.thirdparty.io.grpc.stub.ClientCalls.getUnchecked(ClientCalls.java:214)
	at org.apache.ratis.thirdparty.io.grpc.stub.ClientCalls.blockingUnaryCall(ClientCalls.java:139)
	at org.apache.ratis.proto.grpc.RaftServerProtocolServiceGrpc$RaftServerProtocolServiceBlockingStub.requestVote(RaftServerProtocolServiceGrpc.java:265)
	at org.apache.ratis.grpc.server.GrpcServerProtocolClient.requestVote(GrpcServerProtocolClient.java:99)
	at org.apache.ratis.grpc.server.GrpcService.requestVote(GrpcService.java:204)
	at org.apache.ratis.server.impl.LeaderElection.lambda$submitRequests$1(LeaderElection.java:234)
	at java.util.concurrent.FutureTask.run(FutureTask.java:266)
	at java.util.concurrent.Executors$RunnableAdapter.call(Executors.java:511)
	at java.util.concurrent.FutureTask.run(FutureTask.java:266)
	at java.util.concurrent.ThreadPoolExecutor.runWorker(ThreadPoolExecutor.java:1149)
	at java.util.concurrent.ThreadPoolExecutor$Worker.run(ThreadPoolExecutor.java:624)
	... 1 more
Caused by: org.apache.ratis.thirdparty.io.netty.channel.AbstractChannel$AnnotatedConnectException: Connection refused: /192.168.34.25:43074
	at sun.nio.ch.SocketChannelImpl.checkConnect(Native Method)
	at sun.nio.ch.SocketChannelImpl.finishConnect(SocketChannelImpl.java:717)
	at org.apache.ratis.thirdparty.io.netty.channel.socket.nio.NioSocketChannel.doFinishConnect(NioSocketChannel.java:327)
	at org.apache.ratis.thirdparty.io.netty.channel.nio.AbstractNioChannel$AbstractNioUnsafe.finishConnect(AbstractNioChannel.java:340)
	at org.apache.ratis.thirdparty.io.netty.channel.nio.NioEventLoop.processSelectedKey(NioEventLoop.java:632)
	at org.apache.ratis.thirdparty.io.netty.channel.nio.NioEventLoop.processSelectedKeysOptimized(NioEventLoop.java:579)
	at org.apache.ratis.thirdparty.io.netty.channel.nio.NioEventLoop.processSelectedKeys(NioEventLoop.java:496)
	at org.apache.ratis.thirdparty.io.netty.channel.nio.NioEventLoop.run(NioEventLoop.java:458)
	at org.apache.ratis.thirdparty.io.netty.util.concurrent.SingleThreadEventExecutor$5.run(SingleThreadEventExecutor.java:897)
	at org.apache.ratis.thirdparty.io.netty.util.concurrent.FastThreadLocalRunnable.run(FastThreadLocalRunnable.java:30)
	... 1 more
Caused by: java.net.ConnectException: Connection refused
	... 11 more
2019-10-18 07:24:23,145 [12ad0800-05cb-443c-9fdd-fa1debf04523@group-BCB82A5C07F5-LeaderElection1315] INFO  impl.LeaderElection (LogUtils.java:infoOrTrace(149)) -   Exception 1: {}
java.util.concurrent.ExecutionException: org.apache.ratis.thirdparty.io.grpc.StatusRuntimeException: UNAVAILABLE: io exception
	at java.util.concurrent.FutureTask.report(FutureTask.java:122)
	at java.util.concurrent.FutureTask.get(FutureTask.java:192)
	at org.apache.ratis.server.impl.LeaderElection.waitForResults(LeaderElection.java:259)
	at org.apache.ratis.server.impl.LeaderElection.askForVotes(LeaderElection.java:197)
	at org.apache.ratis.server.impl.LeaderElection.run(LeaderElection.java:133)
	at java.lang.Thread.run(Thread.java:748)
Caused by: org.apache.ratis.thirdparty.io.grpc.StatusRuntimeException: UNAVAILABLE: io exception
	at org.apache.ratis.thirdparty.io.grpc.stub.ClientCalls.toStatusRuntimeException(ClientCalls.java:233)
	at org.apache.ratis.thirdparty.io.grpc.stub.ClientCalls.getUnchecked(ClientCalls.java:214)
	at org.apache.ratis.thirdparty.io.grpc.stub.ClientCalls.blockingUnaryCall(ClientCalls.java:139)
	at org.apache.ratis.proto.grpc.RaftServerProtocolServiceGrpc$RaftServerProtocolServiceBlockingStub.requestVote(RaftServerProtocolServiceGrpc.java:265)
	at org.apache.ratis.grpc.server.GrpcServerProtocolClient.requestVote(GrpcServerProtocolClient.java:99)
	at org.apache.ratis.grpc.server.GrpcService.requestVote(GrpcService.java:204)
	at org.apache.ratis.server.impl.LeaderElection.lambda$submitRequests$1(LeaderElection.java:234)
	at java.util.concurrent.FutureTask.run(FutureTask.java:266)
	at java.util.concurrent.Executors$RunnableAdapter.call(Executors.java:511)
	at java.util.concurrent.FutureTask.run(FutureTask.java:266)
	at java.util.concurrent.ThreadPoolExecutor.runWorker(ThreadPoolExecutor.java:1149)
	at java.util.concurrent.ThreadPoolExecutor$Worker.run(ThreadPoolExecutor.java:624)
	... 1 more
Caused by: org.apache.ratis.thirdparty.io.netty.channel.AbstractChannel$AnnotatedConnectException: Connection refused: /192.168.34.25:45248
	at sun.nio.ch.SocketChannelImpl.checkConnect(Native Method)
	at sun.nio.ch.SocketChannelImpl.finishConnect(SocketChannelImpl.java:717)
	at org.apache.ratis.thirdparty.io.netty.channel.socket.nio.NioSocketChannel.doFinishConnect(NioSocketChannel.java:327)
	at org.apache.ratis.thirdparty.io.netty.channel.nio.AbstractNioChannel$AbstractNioUnsafe.finishConnect(AbstractNioChannel.java:340)
	at org.apache.ratis.thirdparty.io.netty.channel.nio.NioEventLoop.processSelectedKey(NioEventLoop.java:632)
	at org.apache.ratis.thirdparty.io.netty.channel.nio.NioEventLoop.processSelectedKeysOptimized(NioEventLoop.java:579)
	at org.apache.ratis.thirdparty.io.netty.channel.nio.NioEventLoop.processSelectedKeys(NioEventLoop.java:496)
	at org.apache.ratis.thirdparty.io.netty.channel.nio.NioEventLoop.run(NioEventLoop.java:458)
	at org.apache.ratis.thirdparty.io.netty.util.concurrent.SingleThreadEventExecutor$5.run(SingleThreadEventExecutor.java:897)
	at org.apache.ratis.thirdparty.io.netty.util.concurrent.FastThreadLocalRunnable.run(FastThreadLocalRunnable.java:30)
	... 1 more
Caused by: java.net.ConnectException: Connection refused
	... 11 more
2019-10-18 07:24:23,145 [12ad0800-05cb-443c-9fdd-fa1debf04523@group-BCB82A5C07F5-LeaderElection1315] INFO  impl.RaftServerImpl (RaftServerImpl.java:setRole(184)) - 12ad0800-05cb-443c-9fdd-fa1debf04523@group-BCB82A5C07F5: changes role from CANDIDATE to FOLLOWER at term 260 for DISCOVERED_A_NEW_TERM
2019-10-18 07:24:23,145 [12ad0800-05cb-443c-9fdd-fa1debf04523@group-BCB82A5C07F5-LeaderElection1315] INFO  impl.RoleInfo (RoleInfo.java:shutdownLeaderElection(134)) - 12ad0800-05cb-443c-9fdd-fa1debf04523: shutdown LeaderElection
2019-10-18 07:24:23,145 [12ad0800-05cb-443c-9fdd-fa1debf04523@group-BCB82A5C07F5-LeaderElection1315] INFO  impl.RoleInfo (RoleInfo.java:updateAndGet(143)) - 12ad0800-05cb-443c-9fdd-fa1debf04523: start FollowerState
2019-10-18 07:24:23,265 [java.util.concurrent.ThreadPoolExecutor$Worker@1ddf09da[State = -1, empty queue]] WARN  server.GrpcLogAppender (GrpcLogAppender.java:timeoutAppendRequest(209)) - 030c2313-1c2c-4b42-81fb-cb58ee93f992@group-E193FE271C99->9712a796-5281-4f3e-ac85-61dedd90db73-GrpcLogAppender: appendEntries Timeout, request=030c2313-1c2c-4b42-81fb-cb58ee93f992->9712a796-5281-4f3e-ac85-61dedd90db73#73-t1, previous=(t:1, i:10), leaderCommit=10, initializing? false, entries: <empty>
2019-10-18 07:24:23,291 [java.util.concurrent.ThreadPoolExecutor$Worker@79ed443[State = -1, empty queue]] WARN  server.GrpcLogAppender (GrpcLogAppender.java:timeoutAppendRequest(209)) - 030c2313-1c2c-4b42-81fb-cb58ee93f992@group-E193FE271C99->716dc1a1-4b82-41d5-9ffe-93d5e40efbd9-GrpcLogAppender: appendEntries Timeout, request=030c2313-1c2c-4b42-81fb-cb58ee93f992->716dc1a1-4b82-41d5-9ffe-93d5e40efbd9#73-t1, previous=(t:1, i:10), leaderCommit=10, initializing? false, entries: <empty>
2019-10-18 07:24:23,326 [Thread-11158] INFO  impl.FollowerState (FollowerState.java:run(108)) - 12ad0800-05cb-443c-9fdd-fa1debf04523@group-BCB82A5C07F5-FollowerState: change to CANDIDATE, lastRpcTime:181ms, electionTimeout:181ms
2019-10-18 07:24:23,326 [Thread-11158] INFO  impl.RoleInfo (RoleInfo.java:shutdownFollowerState(121)) - 12ad0800-05cb-443c-9fdd-fa1debf04523: shutdown FollowerState
2019-10-18 07:24:23,326 [Thread-11158] INFO  impl.RaftServerImpl (RaftServerImpl.java:setRole(184)) - 12ad0800-05cb-443c-9fdd-fa1debf04523@group-BCB82A5C07F5: changes role from  FOLLOWER to CANDIDATE at term 260 for changeToCandidate
2019-10-18 07:24:23,327 [Thread-11158] INFO  impl.RoleInfo (RoleInfo.java:updateAndGet(143)) - 12ad0800-05cb-443c-9fdd-fa1debf04523: start LeaderElection
2019-10-18 07:24:23,345 [12ad0800-05cb-443c-9fdd-fa1debf04523@group-BCB82A5C07F5-LeaderElection1316] INFO  impl.LeaderElection (LeaderElection.java:askForVotes(178)) - 12ad0800-05cb-443c-9fdd-fa1debf04523@group-BCB82A5C07F5-LeaderElection1316: begin an election at term 261 for -1: [12ad0800-05cb-443c-9fdd-fa1debf04523:192.168.34.25:41155, 5170c5f3-8499-4b42-9321-85fc8a351f79:192.168.34.25:43074, 0b10a9fc-47eb-4a2b-b664-8273d9d17379:192.168.34.25:45248], old=null
2019-10-18 07:24:23,346 [12ad0800-05cb-443c-9fdd-fa1debf04523@group-BCB82A5C07F5-LeaderElection1316] INFO  impl.LeaderElection (LogUtils.java:infoOrTrace(149)) - 12ad0800-05cb-443c-9fdd-fa1debf04523@group-BCB82A5C07F5-LeaderElection1316 got exception when requesting votes: {}
java.util.concurrent.ExecutionException: org.apache.ratis.thirdparty.io.grpc.StatusRuntimeException: UNAVAILABLE: io exception
	at java.util.concurrent.FutureTask.report(FutureTask.java:122)
	at java.util.concurrent.FutureTask.get(FutureTask.java:192)
	at org.apache.ratis.server.impl.LeaderElection.waitForResults(LeaderElection.java:259)
	at org.apache.ratis.server.impl.LeaderElection.askForVotes(LeaderElection.java:197)
	at org.apache.ratis.server.impl.LeaderElection.run(LeaderElection.java:133)
	at java.lang.Thread.run(Thread.java:748)
Caused by: org.apache.ratis.thirdparty.io.grpc.StatusRuntimeException: UNAVAILABLE: io exception
	at org.apache.ratis.thirdparty.io.grpc.stub.ClientCalls.toStatusRuntimeException(ClientCalls.java:233)
	at org.apache.ratis.thirdparty.io.grpc.stub.ClientCalls.getUnchecked(ClientCalls.java:214)
	at org.apache.ratis.thirdparty.io.grpc.stub.ClientCalls.blockingUnaryCall(ClientCalls.java:139)
	at org.apache.ratis.proto.grpc.RaftServerProtocolServiceGrpc$RaftServerProtocolServiceBlockingStub.requestVote(RaftServerProtocolServiceGrpc.java:265)
	at org.apache.ratis.grpc.server.GrpcServerProtocolClient.requestVote(GrpcServerProtocolClient.java:99)
	at org.apache.ratis.grpc.server.GrpcService.requestVote(GrpcService.java:204)
	at org.apache.ratis.server.impl.LeaderElection.lambda$submitRequests$1(LeaderElection.java:234)
	at java.util.concurrent.FutureTask.run(FutureTask.java:266)
	at java.util.concurrent.Executors$RunnableAdapter.call(Executors.java:511)
	at java.util.concurrent.FutureTask.run(FutureTask.java:266)
	at java.util.concurrent.ThreadPoolExecutor.runWorker(ThreadPoolExecutor.java:1149)
	at java.util.concurrent.ThreadPoolExecutor$Worker.run(ThreadPoolExecutor.java:624)
	... 1 more
Caused by: org.apache.ratis.thirdparty.io.netty.channel.AbstractChannel$AnnotatedConnectException: Connection refused: /192.168.34.25:45248
	at sun.nio.ch.SocketChannelImpl.checkConnect(Native Method)
	at sun.nio.ch.SocketChannelImpl.finishConnect(SocketChannelImpl.java:717)
	at org.apache.ratis.thirdparty.io.netty.channel.socket.nio.NioSocketChannel.doFinishConnect(NioSocketChannel.java:327)
	at org.apache.ratis.thirdparty.io.netty.channel.nio.AbstractNioChannel$AbstractNioUnsafe.finishConnect(AbstractNioChannel.java:340)
	at org.apache.ratis.thirdparty.io.netty.channel.nio.NioEventLoop.processSelectedKey(NioEventLoop.java:632)
	at org.apache.ratis.thirdparty.io.netty.channel.nio.NioEventLoop.processSelectedKeysOptimized(NioEventLoop.java:579)
	at org.apache.ratis.thirdparty.io.netty.channel.nio.NioEventLoop.processSelectedKeys(NioEventLoop.java:496)
	at org.apache.ratis.thirdparty.io.netty.channel.nio.NioEventLoop.run(NioEventLoop.java:458)
	at org.apache.ratis.thirdparty.io.netty.util.concurrent.SingleThreadEventExecutor$5.run(SingleThreadEventExecutor.java:897)
	at org.apache.ratis.thirdparty.io.netty.util.concurrent.FastThreadLocalRunnable.run(FastThreadLocalRunnable.java:30)
	... 1 more
Caused by: java.net.ConnectException: Connection refused
	... 11 more
2019-10-18 07:24:23,346 [12ad0800-05cb-443c-9fdd-fa1debf04523@group-BCB82A5C07F5-LeaderElection1316] INFO  impl.LeaderElection (LogUtils.java:infoOrTrace(149)) - 12ad0800-05cb-443c-9fdd-fa1debf04523@group-BCB82A5C07F5-LeaderElection1316 got exception when requesting votes: {}
java.util.concurrent.ExecutionException: org.apache.ratis.thirdparty.io.grpc.StatusRuntimeException: UNAVAILABLE: io exception
	at java.util.concurrent.FutureTask.report(FutureTask.java:122)
	at java.util.concurrent.FutureTask.get(FutureTask.java:192)
	at org.apache.ratis.server.impl.LeaderElection.waitForResults(LeaderElection.java:259)
	at org.apache.ratis.server.impl.LeaderElection.askForVotes(LeaderElection.java:197)
	at org.apache.ratis.server.impl.LeaderElection.run(LeaderElection.java:133)
	at java.lang.Thread.run(Thread.java:748)
Caused by: org.apache.ratis.thirdparty.io.grpc.StatusRuntimeException: UNAVAILABLE: io exception
	at org.apache.ratis.thirdparty.io.grpc.stub.ClientCalls.toStatusRuntimeException(ClientCalls.java:233)
	at org.apache.ratis.thirdparty.io.grpc.stub.ClientCalls.getUnchecked(ClientCalls.java:214)
	at org.apache.ratis.thirdparty.io.grpc.stub.ClientCalls.blockingUnaryCall(ClientCalls.java:139)
	at org.apache.ratis.proto.grpc.RaftServerProtocolServiceGrpc$RaftServerProtocolServiceBlockingStub.requestVote(RaftServerProtocolServiceGrpc.java:265)
	at org.apache.ratis.grpc.server.GrpcServerProtocolClient.requestVote(GrpcServerProtocolClient.java:99)
	at org.apache.ratis.grpc.server.GrpcService.requestVote(GrpcService.java:204)
	at org.apache.ratis.server.impl.LeaderElection.lambda$submitRequests$1(LeaderElection.java:234)
	at java.util.concurrent.FutureTask.run(FutureTask.java:266)
	at java.util.concurrent.Executors$RunnableAdapter.call(Executors.java:511)
	at java.util.concurrent.FutureTask.run(FutureTask.java:266)
	at java.util.concurrent.ThreadPoolExecutor.runWorker(ThreadPoolExecutor.java:1149)
	at java.util.concurrent.ThreadPoolExecutor$Worker.run(ThreadPoolExecutor.java:624)
	... 1 more
Caused by: org.apache.ratis.thirdparty.io.netty.channel.AbstractChannel$AnnotatedConnectException: Connection refused: /192.168.34.25:43074
	at sun.nio.ch.SocketChannelImpl.checkConnect(Native Method)
	at sun.nio.ch.SocketChannelImpl.finishConnect(SocketChannelImpl.java:717)
	at org.apache.ratis.thirdparty.io.netty.channel.socket.nio.NioSocketChannel.doFinishConnect(NioSocketChannel.java:327)
	at org.apache.ratis.thirdparty.io.netty.channel.nio.AbstractNioChannel$AbstractNioUnsafe.finishConnect(AbstractNioChannel.java:340)
	at org.apache.ratis.thirdparty.io.netty.channel.nio.NioEventLoop.processSelectedKey(NioEventLoop.java:632)
	at org.apache.ratis.thirdparty.io.netty.channel.nio.NioEventLoop.processSelectedKeysOptimized(NioEventLoop.java:579)
	at org.apache.ratis.thirdparty.io.netty.channel.nio.NioEventLoop.processSelectedKeys(NioEventLoop.java:496)
	at org.apache.ratis.thirdparty.io.netty.channel.nio.NioEventLoop.run(NioEventLoop.java:458)
	at org.apache.ratis.thirdparty.io.netty.util.concurrent.SingleThreadEventExecutor$5.run(SingleThreadEventExecutor.java:897)
	at org.apache.ratis.thirdparty.io.netty.util.concurrent.FastThreadLocalRunnable.run(FastThreadLocalRunnable.java:30)
	... 1 more
Caused by: java.net.ConnectException: Connection refused
	... 11 more
2019-10-18 07:24:23,347 [12ad0800-05cb-443c-9fdd-fa1debf04523@group-BCB82A5C07F5-LeaderElection1316] INFO  impl.LeaderElection (LeaderElection.java:logAndReturn(56)) - 12ad0800-05cb-443c-9fdd-fa1debf04523@group-BCB82A5C07F5-LeaderElection1316: Election REJECTED; received 0 response(s) [] and 2 exception(s); 12ad0800-05cb-443c-9fdd-fa1debf04523@group-BCB82A5C07F5:t261, leader=null, voted=12ad0800-05cb-443c-9fdd-fa1debf04523, raftlog=12ad0800-05cb-443c-9fdd-fa1debf04523@group-BCB82A5C07F5-SegmentedRaftLog:OPENED:c-1,f-1,i0, conf=-1: [12ad0800-05cb-443c-9fdd-fa1debf04523:192.168.34.25:41155, 5170c5f3-8499-4b42-9321-85fc8a351f79:192.168.34.25:43074, 0b10a9fc-47eb-4a2b-b664-8273d9d17379:192.168.34.25:45248], old=null
2019-10-18 07:24:23,347 [12ad0800-05cb-443c-9fdd-fa1debf04523@group-BCB82A5C07F5-LeaderElection1316] INFO  impl.LeaderElection (LogUtils.java:infoOrTrace(149)) -   Exception 0: {}
java.util.concurrent.ExecutionException: org.apache.ratis.thirdparty.io.grpc.StatusRuntimeException: UNAVAILABLE: io exception
	at java.util.concurrent.FutureTask.report(FutureTask.java:122)
	at java.util.concurrent.FutureTask.get(FutureTask.java:192)
	at org.apache.ratis.server.impl.LeaderElection.waitForResults(LeaderElection.java:259)
	at org.apache.ratis.server.impl.LeaderElection.askForVotes(LeaderElection.java:197)
	at org.apache.ratis.server.impl.LeaderElection.run(LeaderElection.java:133)
	at java.lang.Thread.run(Thread.java:748)
Caused by: org.apache.ratis.thirdparty.io.grpc.StatusRuntimeException: UNAVAILABLE: io exception
	at org.apache.ratis.thirdparty.io.grpc.stub.ClientCalls.toStatusRuntimeException(ClientCalls.java:233)
	at org.apache.ratis.thirdparty.io.grpc.stub.ClientCalls.getUnchecked(ClientCalls.java:214)
	at org.apache.ratis.thirdparty.io.grpc.stub.ClientCalls.blockingUnaryCall(ClientCalls.java:139)
	at org.apache.ratis.proto.grpc.RaftServerProtocolServiceGrpc$RaftServerProtocolServiceBlockingStub.requestVote(RaftServerProtocolServiceGrpc.java:265)
	at org.apache.ratis.grpc.server.GrpcServerProtocolClient.requestVote(GrpcServerProtocolClient.java:99)
	at org.apache.ratis.grpc.server.GrpcService.requestVote(GrpcService.java:204)
	at org.apache.ratis.server.impl.LeaderElection.lambda$submitRequests$1(LeaderElection.java:234)
	at java.util.concurrent.FutureTask.run(FutureTask.java:266)
	at java.util.concurrent.Executors$RunnableAdapter.call(Executors.java:511)
	at java.util.concurrent.FutureTask.run(FutureTask.java:266)
	at java.util.concurrent.ThreadPoolExecutor.runWorker(ThreadPoolExecutor.java:1149)
	at java.util.concurrent.ThreadPoolExecutor$Worker.run(ThreadPoolExecutor.java:624)
	... 1 more
Caused by: org.apache.ratis.thirdparty.io.netty.channel.AbstractChannel$AnnotatedConnectException: Connection refused: /192.168.34.25:45248
	at sun.nio.ch.SocketChannelImpl.checkConnect(Native Method)
	at sun.nio.ch.SocketChannelImpl.finishConnect(SocketChannelImpl.java:717)
	at org.apache.ratis.thirdparty.io.netty.channel.socket.nio.NioSocketChannel.doFinishConnect(NioSocketChannel.java:327)
	at org.apache.ratis.thirdparty.io.netty.channel.nio.AbstractNioChannel$AbstractNioUnsafe.finishConnect(AbstractNioChannel.java:340)
	at org.apache.ratis.thirdparty.io.netty.channel.nio.NioEventLoop.processSelectedKey(NioEventLoop.java:632)
	at org.apache.ratis.thirdparty.io.netty.channel.nio.NioEventLoop.processSelectedKeysOptimized(NioEventLoop.java:579)
	at org.apache.ratis.thirdparty.io.netty.channel.nio.NioEventLoop.processSelectedKeys(NioEventLoop.java:496)
	at org.apache.ratis.thirdparty.io.netty.channel.nio.NioEventLoop.run(NioEventLoop.java:458)
	at org.apache.ratis.thirdparty.io.netty.util.concurrent.SingleThreadEventExecutor$5.run(SingleThreadEventExecutor.java:897)
	at org.apache.ratis.thirdparty.io.netty.util.concurrent.FastThreadLocalRunnable.run(FastThreadLocalRunnable.java:30)
	... 1 more
Caused by: java.net.ConnectException: Connection refused
	... 11 more
2019-10-18 07:24:23,347 [12ad0800-05cb-443c-9fdd-fa1debf04523@group-BCB82A5C07F5-LeaderElection1316] INFO  impl.LeaderElection (LogUtils.java:infoOrTrace(149)) -   Exception 1: {}
java.util.concurrent.ExecutionException: org.apache.ratis.thirdparty.io.grpc.StatusRuntimeException: UNAVAILABLE: io exception
	at java.util.concurrent.FutureTask.report(FutureTask.java:122)
	at java.util.concurrent.FutureTask.get(FutureTask.java:192)
	at org.apache.ratis.server.impl.LeaderElection.waitForResults(LeaderElection.java:259)
	at org.apache.ratis.server.impl.LeaderElection.askForVotes(LeaderElection.java:197)
	at org.apache.ratis.server.impl.LeaderElection.run(LeaderElection.java:133)
	at java.lang.Thread.run(Thread.java:748)
Caused by: org.apache.ratis.thirdparty.io.grpc.StatusRuntimeException: UNAVAILABLE: io exception
	at org.apache.ratis.thirdparty.io.grpc.stub.ClientCalls.toStatusRuntimeException(ClientCalls.java:233)
	at org.apache.ratis.thirdparty.io.grpc.stub.ClientCalls.getUnchecked(ClientCalls.java:214)
	at org.apache.ratis.thirdparty.io.grpc.stub.ClientCalls.blockingUnaryCall(ClientCalls.java:139)
	at org.apache.ratis.proto.grpc.RaftServerProtocolServiceGrpc$RaftServerProtocolServiceBlockingStub.requestVote(RaftServerProtocolServiceGrpc.java:265)
	at org.apache.ratis.grpc.server.GrpcServerProtocolClient.requestVote(GrpcServerProtocolClient.java:99)
	at org.apache.ratis.grpc.server.GrpcService.requestVote(GrpcService.java:204)
	at org.apache.ratis.server.impl.LeaderElection.lambda$submitRequests$1(LeaderElection.java:234)
	at java.util.concurrent.FutureTask.run(FutureTask.java:266)
	at java.util.concurrent.Executors$RunnableAdapter.call(Executors.java:511)
	at java.util.concurrent.FutureTask.run(FutureTask.java:266)
	at java.util.concurrent.ThreadPoolExecutor.runWorker(ThreadPoolExecutor.java:1149)
	at java.util.concurrent.ThreadPoolExecutor$Worker.run(ThreadPoolExecutor.java:624)
	... 1 more
Caused by: org.apache.ratis.thirdparty.io.netty.channel.AbstractChannel$AnnotatedConnectException: Connection refused: /192.168.34.25:43074
	at sun.nio.ch.SocketChannelImpl.checkConnect(Native Method)
	at sun.nio.ch.SocketChannelImpl.finishConnect(SocketChannelImpl.java:717)
	at org.apache.ratis.thirdparty.io.netty.channel.socket.nio.NioSocketChannel.doFinishConnect(NioSocketChannel.java:327)
	at org.apache.ratis.thirdparty.io.netty.channel.nio.AbstractNioChannel$AbstractNioUnsafe.finishConnect(AbstractNioChannel.java:340)
	at org.apache.ratis.thirdparty.io.netty.channel.nio.NioEventLoop.processSelectedKey(NioEventLoop.java:632)
	at org.apache.ratis.thirdparty.io.netty.channel.nio.NioEventLoop.processSelectedKeysOptimized(NioEventLoop.java:579)
	at org.apache.ratis.thirdparty.io.netty.channel.nio.NioEventLoop.processSelectedKeys(NioEventLoop.java:496)
	at org.apache.ratis.thirdparty.io.netty.channel.nio.NioEventLoop.run(NioEventLoop.java:458)
	at org.apache.ratis.thirdparty.io.netty.util.concurrent.SingleThreadEventExecutor$5.run(SingleThreadEventExecutor.java:897)
	at org.apache.ratis.thirdparty.io.netty.util.concurrent.FastThreadLocalRunnable.run(FastThreadLocalRunnable.java:30)
	... 1 more
Caused by: java.net.ConnectException: Connection refused
	... 11 more
2019-10-18 07:24:23,347 [12ad0800-05cb-443c-9fdd-fa1debf04523@group-BCB82A5C07F5-LeaderElection1316] INFO  impl.RaftServerImpl (RaftServerImpl.java:setRole(184)) - 12ad0800-05cb-443c-9fdd-fa1debf04523@group-BCB82A5C07F5: changes role from CANDIDATE to FOLLOWER at term 261 for DISCOVERED_A_NEW_TERM
2019-10-18 07:24:23,347 [12ad0800-05cb-443c-9fdd-fa1debf04523@group-BCB82A5C07F5-LeaderElection1316] INFO  impl.RoleInfo (RoleInfo.java:shutdownLeaderElection(134)) - 12ad0800-05cb-443c-9fdd-fa1debf04523: shutdown LeaderElection
2019-10-18 07:24:23,347 [12ad0800-05cb-443c-9fdd-fa1debf04523@group-BCB82A5C07F5-LeaderElection1316] INFO  impl.RoleInfo (RoleInfo.java:updateAndGet(143)) - 12ad0800-05cb-443c-9fdd-fa1debf04523: start FollowerState
2019-10-18 07:24:23,358 [Thread-11162] INFO  impl.FollowerState (FollowerState.java:run(108)) - 12ad0800-05cb-443c-9fdd-fa1debf04523@group-BCB82A5C07F5-FollowerState: change to CANDIDATE, lastRpcTime:11ms, electionTimeout:11ms
2019-10-18 07:24:23,359 [Thread-11162] INFO  impl.RoleInfo (RoleInfo.java:shutdownFollowerState(121)) - 12ad0800-05cb-443c-9fdd-fa1debf04523: shutdown FollowerState
2019-10-18 07:24:23,359 [Thread-11162] INFO  impl.RaftServerImpl (RaftServerImpl.java:setRole(184)) - 12ad0800-05cb-443c-9fdd-fa1debf04523@group-BCB82A5C07F5: changes role from  FOLLOWER to CANDIDATE at term 261 for changeToCandidate
2019-10-18 07:24:23,359 [Thread-11162] INFO  impl.RoleInfo (RoleInfo.java:updateAndGet(143)) - 12ad0800-05cb-443c-9fdd-fa1debf04523: start LeaderElection
2019-10-18 07:24:23,379 [12ad0800-05cb-443c-9fdd-fa1debf04523@group-BCB82A5C07F5-LeaderElection1317] INFO  impl.LeaderElection (LeaderElection.java:askForVotes(178)) - 12ad0800-05cb-443c-9fdd-fa1debf04523@group-BCB82A5C07F5-LeaderElection1317: begin an election at term 262 for -1: [12ad0800-05cb-443c-9fdd-fa1debf04523:192.168.34.25:41155, 5170c5f3-8499-4b42-9321-85fc8a351f79:192.168.34.25:43074, 0b10a9fc-47eb-4a2b-b664-8273d9d17379:192.168.34.25:45248], old=null
2019-10-18 07:24:23,380 [12ad0800-05cb-443c-9fdd-fa1debf04523@group-BCB82A5C07F5-LeaderElection1317] INFO  impl.LeaderElection (LogUtils.java:infoOrTrace(149)) - 12ad0800-05cb-443c-9fdd-fa1debf04523@group-BCB82A5C07F5-LeaderElection1317 got exception when requesting votes: {}
java.util.concurrent.ExecutionException: org.apache.ratis.thirdparty.io.grpc.StatusRuntimeException: UNAVAILABLE: io exception
	at java.util.concurrent.FutureTask.report(FutureTask.java:122)
	at java.util.concurrent.FutureTask.get(FutureTask.java:192)
	at org.apache.ratis.server.impl.LeaderElection.waitForResults(LeaderElection.java:259)
	at org.apache.ratis.server.impl.LeaderElection.askForVotes(LeaderElection.java:197)
	at org.apache.ratis.server.impl.LeaderElection.run(LeaderElection.java:133)
	at java.lang.Thread.run(Thread.java:748)
Caused by: org.apache.ratis.thirdparty.io.grpc.StatusRuntimeException: UNAVAILABLE: io exception
	at org.apache.ratis.thirdparty.io.grpc.stub.ClientCalls.toStatusRuntimeException(ClientCalls.java:233)
	at org.apache.ratis.thirdparty.io.grpc.stub.ClientCalls.getUnchecked(ClientCalls.java:214)
	at org.apache.ratis.thirdparty.io.grpc.stub.ClientCalls.blockingUnaryCall(ClientCalls.java:139)
	at org.apache.ratis.proto.grpc.RaftServerProtocolServiceGrpc$RaftServerProtocolServiceBlockingStub.requestVote(RaftServerProtocolServiceGrpc.java:265)
	at org.apache.ratis.grpc.server.GrpcServerProtocolClient.requestVote(GrpcServerProtocolClient.java:99)
	at org.apache.ratis.grpc.server.GrpcService.requestVote(GrpcService.java:204)
	at org.apache.ratis.server.impl.LeaderElection.lambda$submitRequests$1(LeaderElection.java:234)
	at java.util.concurrent.FutureTask.run(FutureTask.java:266)
	at java.util.concurrent.Executors$RunnableAdapter.call(Executors.java:511)
	at java.util.concurrent.FutureTask.run(FutureTask.java:266)
	at java.util.concurrent.ThreadPoolExecutor.runWorker(ThreadPoolExecutor.java:1149)
	at java.util.concurrent.ThreadPoolExecutor$Worker.run(ThreadPoolExecutor.java:624)
	... 1 more
Caused by: org.apache.ratis.thirdparty.io.netty.channel.AbstractChannel$AnnotatedConnectException: Connection refused: /192.168.34.25:43074
	at sun.nio.ch.SocketChannelImpl.checkConnect(Native Method)
	at sun.nio.ch.SocketChannelImpl.finishConnect(SocketChannelImpl.java:717)
	at org.apache.ratis.thirdparty.io.netty.channel.socket.nio.NioSocketChannel.doFinishConnect(NioSocketChannel.java:327)
	at org.apache.ratis.thirdparty.io.netty.channel.nio.AbstractNioChannel$AbstractNioUnsafe.finishConnect(AbstractNioChannel.java:340)
	at org.apache.ratis.thirdparty.io.netty.channel.nio.NioEventLoop.processSelectedKey(NioEventLoop.java:632)
	at org.apache.ratis.thirdparty.io.netty.channel.nio.NioEventLoop.processSelectedKeysOptimized(NioEventLoop.java:579)
	at org.apache.ratis.thirdparty.io.netty.channel.nio.NioEventLoop.processSelectedKeys(NioEventLoop.java:496)
	at org.apache.ratis.thirdparty.io.netty.channel.nio.NioEventLoop.run(NioEventLoop.java:458)
	at org.apache.ratis.thirdparty.io.netty.util.concurrent.SingleThreadEventExecutor$5.run(SingleThreadEventExecutor.java:897)
	at org.apache.ratis.thirdparty.io.netty.util.concurrent.FastThreadLocalRunnable.run(FastThreadLocalRunnable.java:30)
	... 1 more
Caused by: java.net.ConnectException: Connection refused
	... 11 more
2019-10-18 07:24:23,380 [12ad0800-05cb-443c-9fdd-fa1debf04523@group-BCB82A5C07F5-LeaderElection1317] INFO  impl.LeaderElection (LogUtils.java:infoOrTrace(149)) - 12ad0800-05cb-443c-9fdd-fa1debf04523@group-BCB82A5C07F5-LeaderElection1317 got exception when requesting votes: {}
java.util.concurrent.ExecutionException: org.apache.ratis.thirdparty.io.grpc.StatusRuntimeException: UNAVAILABLE: io exception
	at java.util.concurrent.FutureTask.report(FutureTask.java:122)
	at java.util.concurrent.FutureTask.get(FutureTask.java:192)
	at org.apache.ratis.server.impl.LeaderElection.waitForResults(LeaderElection.java:259)
	at org.apache.ratis.server.impl.LeaderElection.askForVotes(LeaderElection.java:197)
	at org.apache.ratis.server.impl.LeaderElection.run(LeaderElection.java:133)
	at java.lang.Thread.run(Thread.java:748)
Caused by: org.apache.ratis.thirdparty.io.grpc.StatusRuntimeException: UNAVAILABLE: io exception
	at org.apache.ratis.thirdparty.io.grpc.stub.ClientCalls.toStatusRuntimeException(ClientCalls.java:233)
	at org.apache.ratis.thirdparty.io.grpc.stub.ClientCalls.getUnchecked(ClientCalls.java:214)
	at org.apache.ratis.thirdparty.io.grpc.stub.ClientCalls.blockingUnaryCall(ClientCalls.java:139)
	at org.apache.ratis.proto.grpc.RaftServerProtocolServiceGrpc$RaftServerProtocolServiceBlockingStub.requestVote(RaftServerProtocolServiceGrpc.java:265)
	at org.apache.ratis.grpc.server.GrpcServerProtocolClient.requestVote(GrpcServerProtocolClient.java:99)
	at org.apache.ratis.grpc.server.GrpcService.requestVote(GrpcService.java:204)
	at org.apache.ratis.server.impl.LeaderElection.lambda$submitRequests$1(LeaderElection.java:234)
	at java.util.concurrent.FutureTask.run(FutureTask.java:266)
	at java.util.concurrent.Executors$RunnableAdapter.call(Executors.java:511)
	at java.util.concurrent.FutureTask.run(FutureTask.java:266)
	at java.util.concurrent.ThreadPoolExecutor.runWorker(ThreadPoolExecutor.java:1149)
	at java.util.concurrent.ThreadPoolExecutor$Worker.run(ThreadPoolExecutor.java:624)
	... 1 more
Caused by: org.apache.ratis.thirdparty.io.netty.channel.AbstractChannel$AnnotatedConnectException: Connection refused: /192.168.34.25:45248
	at sun.nio.ch.SocketChannelImpl.checkConnect(Native Method)
	at sun.nio.ch.SocketChannelImpl.finishConnect(SocketChannelImpl.java:717)
	at org.apache.ratis.thirdparty.io.netty.channel.socket.nio.NioSocketChannel.doFinishConnect(NioSocketChannel.java:327)
	at org.apache.ratis.thirdparty.io.netty.channel.nio.AbstractNioChannel$AbstractNioUnsafe.finishConnect(AbstractNioChannel.java:340)
	at org.apache.ratis.thirdparty.io.netty.channel.nio.NioEventLoop.processSelectedKey(NioEventLoop.java:632)
	at org.apache.ratis.thirdparty.io.netty.channel.nio.NioEventLoop.processSelectedKeysOptimized(NioEventLoop.java:579)
	at org.apache.ratis.thirdparty.io.netty.channel.nio.NioEventLoop.processSelectedKeys(NioEventLoop.java:496)
	at org.apache.ratis.thirdparty.io.netty.channel.nio.NioEventLoop.run(NioEventLoop.java:458)
	at org.apache.ratis.thirdparty.io.netty.util.concurrent.SingleThreadEventExecutor$5.run(SingleThreadEventExecutor.java:897)
	at org.apache.ratis.thirdparty.io.netty.util.concurrent.FastThreadLocalRunnable.run(FastThreadLocalRunnable.java:30)
	... 1 more
Caused by: java.net.ConnectException: Connection refused
	... 11 more
2019-10-18 07:24:23,381 [12ad0800-05cb-443c-9fdd-fa1debf04523@group-BCB82A5C07F5-LeaderElection1317] INFO  impl.LeaderElection (LeaderElection.java:logAndReturn(56)) - 12ad0800-05cb-443c-9fdd-fa1debf04523@group-BCB82A5C07F5-LeaderElection1317: Election REJECTED; received 0 response(s) [] and 2 exception(s); 12ad0800-05cb-443c-9fdd-fa1debf04523@group-BCB82A5C07F5:t262, leader=null, voted=12ad0800-05cb-443c-9fdd-fa1debf04523, raftlog=12ad0800-05cb-443c-9fdd-fa1debf04523@group-BCB82A5C07F5-SegmentedRaftLog:OPENED:c-1,f-1,i0, conf=-1: [12ad0800-05cb-443c-9fdd-fa1debf04523:192.168.34.25:41155, 5170c5f3-8499-4b42-9321-85fc8a351f79:192.168.34.25:43074, 0b10a9fc-47eb-4a2b-b664-8273d9d17379:192.168.34.25:45248], old=null
2019-10-18 07:24:23,381 [12ad0800-05cb-443c-9fdd-fa1debf04523@group-BCB82A5C07F5-LeaderElection1317] INFO  impl.LeaderElection (LogUtils.java:infoOrTrace(149)) -   Exception 0: {}
java.util.concurrent.ExecutionException: org.apache.ratis.thirdparty.io.grpc.StatusRuntimeException: UNAVAILABLE: io exception
	at java.util.concurrent.FutureTask.report(FutureTask.java:122)
	at java.util.concurrent.FutureTask.get(FutureTask.java:192)
	at org.apache.ratis.server.impl.LeaderElection.waitForResults(LeaderElection.java:259)
	at org.apache.ratis.server.impl.LeaderElection.askForVotes(LeaderElection.java:197)
	at org.apache.ratis.server.impl.LeaderElection.run(LeaderElection.java:133)
	at java.lang.Thread.run(Thread.java:748)
Caused by: org.apache.ratis.thirdparty.io.grpc.StatusRuntimeException: UNAVAILABLE: io exception
	at org.apache.ratis.thirdparty.io.grpc.stub.ClientCalls.toStatusRuntimeException(ClientCalls.java:233)
	at org.apache.ratis.thirdparty.io.grpc.stub.ClientCalls.getUnchecked(ClientCalls.java:214)
	at org.apache.ratis.thirdparty.io.grpc.stub.ClientCalls.blockingUnaryCall(ClientCalls.java:139)
	at org.apache.ratis.proto.grpc.RaftServerProtocolServiceGrpc$RaftServerProtocolServiceBlockingStub.requestVote(RaftServerProtocolServiceGrpc.java:265)
	at org.apache.ratis.grpc.server.GrpcServerProtocolClient.requestVote(GrpcServerProtocolClient.java:99)
	at org.apache.ratis.grpc.server.GrpcService.requestVote(GrpcService.java:204)
	at org.apache.ratis.server.impl.LeaderElection.lambda$submitRequests$1(LeaderElection.java:234)
	at java.util.concurrent.FutureTask.run(FutureTask.java:266)
	at java.util.concurrent.Executors$RunnableAdapter.call(Executors.java:511)
	at java.util.concurrent.FutureTask.run(FutureTask.java:266)
	at java.util.concurrent.ThreadPoolExecutor.runWorker(ThreadPoolExecutor.java:1149)
	at java.util.concurrent.ThreadPoolExecutor$Worker.run(ThreadPoolExecutor.java:624)
	... 1 more
Caused by: org.apache.ratis.thirdparty.io.netty.channel.AbstractChannel$AnnotatedConnectException: Connection refused: /192.168.34.25:43074
	at sun.nio.ch.SocketChannelImpl.checkConnect(Native Method)
	at sun.nio.ch.SocketChannelImpl.finishConnect(SocketChannelImpl.java:717)
	at org.apache.ratis.thirdparty.io.netty.channel.socket.nio.NioSocketChannel.doFinishConnect(NioSocketChannel.java:327)
	at org.apache.ratis.thirdparty.io.netty.channel.nio.AbstractNioChannel$AbstractNioUnsafe.finishConnect(AbstractNioChannel.java:340)
	at org.apache.ratis.thirdparty.io.netty.channel.nio.NioEventLoop.processSelectedKey(NioEventLoop.java:632)
	at org.apache.ratis.thirdparty.io.netty.channel.nio.NioEventLoop.processSelectedKeysOptimized(NioEventLoop.java:579)
	at org.apache.ratis.thirdparty.io.netty.channel.nio.NioEventLoop.processSelectedKeys(NioEventLoop.java:496)
	at org.apache.ratis.thirdparty.io.netty.channel.nio.NioEventLoop.run(NioEventLoop.java:458)
	at org.apache.ratis.thirdparty.io.netty.util.concurrent.SingleThreadEventExecutor$5.run(SingleThreadEventExecutor.java:897)
	at org.apache.ratis.thirdparty.io.netty.util.concurrent.FastThreadLocalRunnable.run(FastThreadLocalRunnable.java:30)
	... 1 more
Caused by: java.net.ConnectException: Connection refused
	... 11 more
2019-10-18 07:24:23,381 [12ad0800-05cb-443c-9fdd-fa1debf04523@group-BCB82A5C07F5-LeaderElection1317] INFO  impl.LeaderElection (LogUtils.java:infoOrTrace(149)) -   Exception 1: {}
java.util.concurrent.ExecutionException: org.apache.ratis.thirdparty.io.grpc.StatusRuntimeException: UNAVAILABLE: io exception
	at java.util.concurrent.FutureTask.report(FutureTask.java:122)
	at java.util.concurrent.FutureTask.get(FutureTask.java:192)
	at org.apache.ratis.server.impl.LeaderElection.waitForResults(LeaderElection.java:259)
	at org.apache.ratis.server.impl.LeaderElection.askForVotes(LeaderElection.java:197)
	at org.apache.ratis.server.impl.LeaderElection.run(LeaderElection.java:133)
	at java.lang.Thread.run(Thread.java:748)
Caused by: org.apache.ratis.thirdparty.io.grpc.StatusRuntimeException: UNAVAILABLE: io exception
	at org.apache.ratis.thirdparty.io.grpc.stub.ClientCalls.toStatusRuntimeException(ClientCalls.java:233)
	at org.apache.ratis.thirdparty.io.grpc.stub.ClientCalls.getUnchecked(ClientCalls.java:214)
	at org.apache.ratis.thirdparty.io.grpc.stub.ClientCalls.blockingUnaryCall(ClientCalls.java:139)
	at org.apache.ratis.proto.grpc.RaftServerProtocolServiceGrpc$RaftServerProtocolServiceBlockingStub.requestVote(RaftServerProtocolServiceGrpc.java:265)
	at org.apache.ratis.grpc.server.GrpcServerProtocolClient.requestVote(GrpcServerProtocolClient.java:99)
	at org.apache.ratis.grpc.server.GrpcService.requestVote(GrpcService.java:204)
	at org.apache.ratis.server.impl.LeaderElection.lambda$submitRequests$1(LeaderElection.java:234)
	at java.util.concurrent.FutureTask.run(FutureTask.java:266)
	at java.util.concurrent.Executors$RunnableAdapter.call(Executors.java:511)
	at java.util.concurrent.FutureTask.run(FutureTask.java:266)
	at java.util.concurrent.ThreadPoolExecutor.runWorker(ThreadPoolExecutor.java:1149)
	at java.util.concurrent.ThreadPoolExecutor$Worker.run(ThreadPoolExecutor.java:624)
	... 1 more
Caused by: org.apache.ratis.thirdparty.io.netty.channel.AbstractChannel$AnnotatedConnectException: Connection refused: /192.168.34.25:45248
	at sun.nio.ch.SocketChannelImpl.checkConnect(Native Method)
	at sun.nio.ch.SocketChannelImpl.finishConnect(SocketChannelImpl.java:717)
	at org.apache.ratis.thirdparty.io.netty.channel.socket.nio.NioSocketChannel.doFinishConnect(NioSocketChannel.java:327)
	at org.apache.ratis.thirdparty.io.netty.channel.nio.AbstractNioChannel$AbstractNioUnsafe.finishConnect(AbstractNioChannel.java:340)
	at org.apache.ratis.thirdparty.io.netty.channel.nio.NioEventLoop.processSelectedKey(NioEventLoop.java:632)
	at org.apache.ratis.thirdparty.io.netty.channel.nio.NioEventLoop.processSelectedKeysOptimized(NioEventLoop.java:579)
	at org.apache.ratis.thirdparty.io.netty.channel.nio.NioEventLoop.processSelectedKeys(NioEventLoop.java:496)
	at org.apache.ratis.thirdparty.io.netty.channel.nio.NioEventLoop.run(NioEventLoop.java:458)
	at org.apache.ratis.thirdparty.io.netty.util.concurrent.SingleThreadEventExecutor$5.run(SingleThreadEventExecutor.java:897)
	at org.apache.ratis.thirdparty.io.netty.util.concurrent.FastThreadLocalRunnable.run(FastThreadLocalRunnable.java:30)
	... 1 more
Caused by: java.net.ConnectException: Connection refused
	... 11 more
2019-10-18 07:24:23,381 [12ad0800-05cb-443c-9fdd-fa1debf04523@group-BCB82A5C07F5-LeaderElection1317] INFO  impl.RaftServerImpl (RaftServerImpl.java:setRole(184)) - 12ad0800-05cb-443c-9fdd-fa1debf04523@group-BCB82A5C07F5: changes role from CANDIDATE to FOLLOWER at term 262 for DISCOVERED_A_NEW_TERM
2019-10-18 07:24:23,382 [12ad0800-05cb-443c-9fdd-fa1debf04523@group-BCB82A5C07F5-LeaderElection1317] INFO  impl.RoleInfo (RoleInfo.java:shutdownLeaderElection(134)) - 12ad0800-05cb-443c-9fdd-fa1debf04523: shutdown LeaderElection
2019-10-18 07:24:23,382 [12ad0800-05cb-443c-9fdd-fa1debf04523@group-BCB82A5C07F5-LeaderElection1317] INFO  impl.RoleInfo (RoleInfo.java:updateAndGet(143)) - 12ad0800-05cb-443c-9fdd-fa1debf04523: start FollowerState
2019-10-18 07:24:23,559 [Thread-11166] INFO  impl.FollowerState (FollowerState.java:run(108)) - 12ad0800-05cb-443c-9fdd-fa1debf04523@group-BCB82A5C07F5-FollowerState: change to CANDIDATE, lastRpcTime:177ms, electionTimeout:177ms
2019-10-18 07:24:23,559 [Thread-11166] INFO  impl.RoleInfo (RoleInfo.java:shutdownFollowerState(121)) - 12ad0800-05cb-443c-9fdd-fa1debf04523: shutdown FollowerState
2019-10-18 07:24:23,560 [Thread-11166] INFO  impl.RaftServerImpl (RaftServerImpl.java:setRole(184)) - 12ad0800-05cb-443c-9fdd-fa1debf04523@group-BCB82A5C07F5: changes role from  FOLLOWER to CANDIDATE at term 262 for changeToCandidate
2019-10-18 07:24:23,560 [Thread-11166] INFO  impl.RoleInfo (RoleInfo.java:updateAndGet(143)) - 12ad0800-05cb-443c-9fdd-fa1debf04523: start LeaderElection
2019-10-18 07:24:23,590 [12ad0800-05cb-443c-9fdd-fa1debf04523@group-BCB82A5C07F5-LeaderElection1318] INFO  impl.LeaderElection (LeaderElection.java:askForVotes(178)) - 12ad0800-05cb-443c-9fdd-fa1debf04523@group-BCB82A5C07F5-LeaderElection1318: begin an election at term 263 for -1: [12ad0800-05cb-443c-9fdd-fa1debf04523:192.168.34.25:41155, 5170c5f3-8499-4b42-9321-85fc8a351f79:192.168.34.25:43074, 0b10a9fc-47eb-4a2b-b664-8273d9d17379:192.168.34.25:45248], old=null
2019-10-18 07:24:23,591 [12ad0800-05cb-443c-9fdd-fa1debf04523@group-BCB82A5C07F5-LeaderElection1318] INFO  impl.LeaderElection (LogUtils.java:infoOrTrace(149)) - 12ad0800-05cb-443c-9fdd-fa1debf04523@group-BCB82A5C07F5-LeaderElection1318 got exception when requesting votes: {}
java.util.concurrent.ExecutionException: org.apache.ratis.thirdparty.io.grpc.StatusRuntimeException: UNAVAILABLE: io exception
	at java.util.concurrent.FutureTask.report(FutureTask.java:122)
	at java.util.concurrent.FutureTask.get(FutureTask.java:192)
	at org.apache.ratis.server.impl.LeaderElection.waitForResults(LeaderElection.java:259)
	at org.apache.ratis.server.impl.LeaderElection.askForVotes(LeaderElection.java:197)
	at org.apache.ratis.server.impl.LeaderElection.run(LeaderElection.java:133)
	at java.lang.Thread.run(Thread.java:748)
Caused by: org.apache.ratis.thirdparty.io.grpc.StatusRuntimeException: UNAVAILABLE: io exception
	at org.apache.ratis.thirdparty.io.grpc.stub.ClientCalls.toStatusRuntimeException(ClientCalls.java:233)
	at org.apache.ratis.thirdparty.io.grpc.stub.ClientCalls.getUnchecked(ClientCalls.java:214)
	at org.apache.ratis.thirdparty.io.grpc.stub.ClientCalls.blockingUnaryCall(ClientCalls.java:139)
	at org.apache.ratis.proto.grpc.RaftServerProtocolServiceGrpc$RaftServerProtocolServiceBlockingStub.requestVote(RaftServerProtocolServiceGrpc.java:265)
	at org.apache.ratis.grpc.server.GrpcServerProtocolClient.requestVote(GrpcServerProtocolClient.java:99)
	at org.apache.ratis.grpc.server.GrpcService.requestVote(GrpcService.java:204)
	at org.apache.ratis.server.impl.LeaderElection.lambda$submitRequests$1(LeaderElection.java:234)
	at java.util.concurrent.FutureTask.run(FutureTask.java:266)
	at java.util.concurrent.Executors$RunnableAdapter.call(Executors.java:511)
	at java.util.concurrent.FutureTask.run(FutureTask.java:266)
	at java.util.concurrent.ThreadPoolExecutor.runWorker(ThreadPoolExecutor.java:1149)
	at java.util.concurrent.ThreadPoolExecutor$Worker.run(ThreadPoolExecutor.java:624)
	... 1 more
Caused by: org.apache.ratis.thirdparty.io.netty.channel.AbstractChannel$AnnotatedConnectException: Connection refused: /192.168.34.25:43074
	at sun.nio.ch.SocketChannelImpl.checkConnect(Native Method)
	at sun.nio.ch.SocketChannelImpl.finishConnect(SocketChannelImpl.java:717)
	at org.apache.ratis.thirdparty.io.netty.channel.socket.nio.NioSocketChannel.doFinishConnect(NioSocketChannel.java:327)
	at org.apache.ratis.thirdparty.io.netty.channel.nio.AbstractNioChannel$AbstractNioUnsafe.finishConnect(AbstractNioChannel.java:340)
	at org.apache.ratis.thirdparty.io.netty.channel.nio.NioEventLoop.processSelectedKey(NioEventLoop.java:632)
	at org.apache.ratis.thirdparty.io.netty.channel.nio.NioEventLoop.processSelectedKeysOptimized(NioEventLoop.java:579)
	at org.apache.ratis.thirdparty.io.netty.channel.nio.NioEventLoop.processSelectedKeys(NioEventLoop.java:496)
	at org.apache.ratis.thirdparty.io.netty.channel.nio.NioEventLoop.run(NioEventLoop.java:458)
	at org.apache.ratis.thirdparty.io.netty.util.concurrent.SingleThreadEventExecutor$5.run(SingleThreadEventExecutor.java:897)
	at org.apache.ratis.thirdparty.io.netty.util.concurrent.FastThreadLocalRunnable.run(FastThreadLocalRunnable.java:30)
	... 1 more
Caused by: java.net.ConnectException: Connection refused
	... 11 more
2019-10-18 07:24:23,591 [12ad0800-05cb-443c-9fdd-fa1debf04523@group-BCB82A5C07F5-LeaderElection1318] INFO  impl.LeaderElection (LogUtils.java:infoOrTrace(149)) - 12ad0800-05cb-443c-9fdd-fa1debf04523@group-BCB82A5C07F5-LeaderElection1318 got exception when requesting votes: {}
java.util.concurrent.ExecutionException: org.apache.ratis.thirdparty.io.grpc.StatusRuntimeException: UNAVAILABLE: io exception
	at java.util.concurrent.FutureTask.report(FutureTask.java:122)
	at java.util.concurrent.FutureTask.get(FutureTask.java:192)
	at org.apache.ratis.server.impl.LeaderElection.waitForResults(LeaderElection.java:259)
	at org.apache.ratis.server.impl.LeaderElection.askForVotes(LeaderElection.java:197)
	at org.apache.ratis.server.impl.LeaderElection.run(LeaderElection.java:133)
	at java.lang.Thread.run(Thread.java:748)
Caused by: org.apache.ratis.thirdparty.io.grpc.StatusRuntimeException: UNAVAILABLE: io exception
	at org.apache.ratis.thirdparty.io.grpc.stub.ClientCalls.toStatusRuntimeException(ClientCalls.java:233)
	at org.apache.ratis.thirdparty.io.grpc.stub.ClientCalls.getUnchecked(ClientCalls.java:214)
	at org.apache.ratis.thirdparty.io.grpc.stub.ClientCalls.blockingUnaryCall(ClientCalls.java:139)
	at org.apache.ratis.proto.grpc.RaftServerProtocolServiceGrpc$RaftServerProtocolServiceBlockingStub.requestVote(RaftServerProtocolServiceGrpc.java:265)
	at org.apache.ratis.grpc.server.GrpcServerProtocolClient.requestVote(GrpcServerProtocolClient.java:99)
	at org.apache.ratis.grpc.server.GrpcService.requestVote(GrpcService.java:204)
	at org.apache.ratis.server.impl.LeaderElection.lambda$submitRequests$1(LeaderElection.java:234)
	at java.util.concurrent.FutureTask.run(FutureTask.java:266)
	at java.util.concurrent.Executors$RunnableAdapter.call(Executors.java:511)
	at java.util.concurrent.FutureTask.run(FutureTask.java:266)
	at java.util.concurrent.ThreadPoolExecutor.runWorker(ThreadPoolExecutor.java:1149)
	at java.util.concurrent.ThreadPoolExecutor$Worker.run(ThreadPoolExecutor.java:624)
	... 1 more
Caused by: org.apache.ratis.thirdparty.io.netty.channel.AbstractChannel$AnnotatedConnectException: Connection refused: /192.168.34.25:45248
	at sun.nio.ch.SocketChannelImpl.checkConnect(Native Method)
	at sun.nio.ch.SocketChannelImpl.finishConnect(SocketChannelImpl.java:717)
	at org.apache.ratis.thirdparty.io.netty.channel.socket.nio.NioSocketChannel.doFinishConnect(NioSocketChannel.java:327)
	at org.apache.ratis.thirdparty.io.netty.channel.nio.AbstractNioChannel$AbstractNioUnsafe.finishConnect(AbstractNioChannel.java:340)
	at org.apache.ratis.thirdparty.io.netty.channel.nio.NioEventLoop.processSelectedKey(NioEventLoop.java:632)
	at org.apache.ratis.thirdparty.io.netty.channel.nio.NioEventLoop.processSelectedKeysOptimized(NioEventLoop.java:579)
	at org.apache.ratis.thirdparty.io.netty.channel.nio.NioEventLoop.processSelectedKeys(NioEventLoop.java:496)
	at org.apache.ratis.thirdparty.io.netty.channel.nio.NioEventLoop.run(NioEventLoop.java:458)
	at org.apache.ratis.thirdparty.io.netty.util.concurrent.SingleThreadEventExecutor$5.run(SingleThreadEventExecutor.java:897)
	at org.apache.ratis.thirdparty.io.netty.util.concurrent.FastThreadLocalRunnable.run(FastThreadLocalRunnable.java:30)
	... 1 more
Caused by: java.net.ConnectException: Connection refused
	... 11 more
2019-10-18 07:24:23,592 [12ad0800-05cb-443c-9fdd-fa1debf04523@group-BCB82A5C07F5-LeaderElection1318] INFO  impl.LeaderElection (LeaderElection.java:logAndReturn(56)) - 12ad0800-05cb-443c-9fdd-fa1debf04523@group-BCB82A5C07F5-LeaderElection1318: Election REJECTED; received 0 response(s) [] and 2 exception(s); 12ad0800-05cb-443c-9fdd-fa1debf04523@group-BCB82A5C07F5:t263, leader=null, voted=12ad0800-05cb-443c-9fdd-fa1debf04523, raftlog=12ad0800-05cb-443c-9fdd-fa1debf04523@group-BCB82A5C07F5-SegmentedRaftLog:OPENED:c-1,f-1,i0, conf=-1: [12ad0800-05cb-443c-9fdd-fa1debf04523:192.168.34.25:41155, 5170c5f3-8499-4b42-9321-85fc8a351f79:192.168.34.25:43074, 0b10a9fc-47eb-4a2b-b664-8273d9d17379:192.168.34.25:45248], old=null
2019-10-18 07:24:23,592 [12ad0800-05cb-443c-9fdd-fa1debf04523@group-BCB82A5C07F5-LeaderElection1318] INFO  impl.LeaderElection (LogUtils.java:infoOrTrace(149)) -   Exception 0: {}
java.util.concurrent.ExecutionException: org.apache.ratis.thirdparty.io.grpc.StatusRuntimeException: UNAVAILABLE: io exception
	at java.util.concurrent.FutureTask.report(FutureTask.java:122)
	at java.util.concurrent.FutureTask.get(FutureTask.java:192)
	at org.apache.ratis.server.impl.LeaderElection.waitForResults(LeaderElection.java:259)
	at org.apache.ratis.server.impl.LeaderElection.askForVotes(LeaderElection.java:197)
	at org.apache.ratis.server.impl.LeaderElection.run(LeaderElection.java:133)
	at java.lang.Thread.run(Thread.java:748)
Caused by: org.apache.ratis.thirdparty.io.grpc.StatusRuntimeException: UNAVAILABLE: io exception
	at org.apache.ratis.thirdparty.io.grpc.stub.ClientCalls.toStatusRuntimeException(ClientCalls.java:233)
	at org.apache.ratis.thirdparty.io.grpc.stub.ClientCalls.getUnchecked(ClientCalls.java:214)
	at org.apache.ratis.thirdparty.io.grpc.stub.ClientCalls.blockingUnaryCall(ClientCalls.java:139)
	at org.apache.ratis.proto.grpc.RaftServerProtocolServiceGrpc$RaftServerProtocolServiceBlockingStub.requestVote(RaftServerProtocolServiceGrpc.java:265)
	at org.apache.ratis.grpc.server.GrpcServerProtocolClient.requestVote(GrpcServerProtocolClient.java:99)
	at org.apache.ratis.grpc.server.GrpcService.requestVote(GrpcService.java:204)
	at org.apache.ratis.server.impl.LeaderElection.lambda$submitRequests$1(LeaderElection.java:234)
	at java.util.concurrent.FutureTask.run(FutureTask.java:266)
	at java.util.concurrent.Executors$RunnableAdapter.call(Executors.java:511)
	at java.util.concurrent.FutureTask.run(FutureTask.java:266)
	at java.util.concurrent.ThreadPoolExecutor.runWorker(ThreadPoolExecutor.java:1149)
	at java.util.concurrent.ThreadPoolExecutor$Worker.run(ThreadPoolExecutor.java:624)
	... 1 more
Caused by: org.apache.ratis.thirdparty.io.netty.channel.AbstractChannel$AnnotatedConnectException: Connection refused: /192.168.34.25:43074
	at sun.nio.ch.SocketChannelImpl.checkConnect(Native Method)
	at sun.nio.ch.SocketChannelImpl.finishConnect(SocketChannelImpl.java:717)
	at org.apache.ratis.thirdparty.io.netty.channel.socket.nio.NioSocketChannel.doFinishConnect(NioSocketChannel.java:327)
	at org.apache.ratis.thirdparty.io.netty.channel.nio.AbstractNioChannel$AbstractNioUnsafe.finishConnect(AbstractNioChannel.java:340)
	at org.apache.ratis.thirdparty.io.netty.channel.nio.NioEventLoop.processSelectedKey(NioEventLoop.java:632)
	at org.apache.ratis.thirdparty.io.netty.channel.nio.NioEventLoop.processSelectedKeysOptimized(NioEventLoop.java:579)
	at org.apache.ratis.thirdparty.io.netty.channel.nio.NioEventLoop.processSelectedKeys(NioEventLoop.java:496)
	at org.apache.ratis.thirdparty.io.netty.channel.nio.NioEventLoop.run(NioEventLoop.java:458)
	at org.apache.ratis.thirdparty.io.netty.util.concurrent.SingleThreadEventExecutor$5.run(SingleThreadEventExecutor.java:897)
	at org.apache.ratis.thirdparty.io.netty.util.concurrent.FastThreadLocalRunnable.run(FastThreadLocalRunnable.java:30)
	... 1 more
Caused by: java.net.ConnectException: Connection refused
	... 11 more
2019-10-18 07:24:23,592 [12ad0800-05cb-443c-9fdd-fa1debf04523@group-BCB82A5C07F5-LeaderElection1318] INFO  impl.LeaderElection (LogUtils.java:infoOrTrace(149)) -   Exception 1: {}
java.util.concurrent.ExecutionException: org.apache.ratis.thirdparty.io.grpc.StatusRuntimeException: UNAVAILABLE: io exception
	at java.util.concurrent.FutureTask.report(FutureTask.java:122)
	at java.util.concurrent.FutureTask.get(FutureTask.java:192)
	at org.apache.ratis.server.impl.LeaderElection.waitForResults(LeaderElection.java:259)
	at org.apache.ratis.server.impl.LeaderElection.askForVotes(LeaderElection.java:197)
	at org.apache.ratis.server.impl.LeaderElection.run(LeaderElection.java:133)
	at java.lang.Thread.run(Thread.java:748)
Caused by: org.apache.ratis.thirdparty.io.grpc.StatusRuntimeException: UNAVAILABLE: io exception
	at org.apache.ratis.thirdparty.io.grpc.stub.ClientCalls.toStatusRuntimeException(ClientCalls.java:233)
	at org.apache.ratis.thirdparty.io.grpc.stub.ClientCalls.getUnchecked(ClientCalls.java:214)
	at org.apache.ratis.thirdparty.io.grpc.stub.ClientCalls.blockingUnaryCall(ClientCalls.java:139)
	at org.apache.ratis.proto.grpc.RaftServerProtocolServiceGrpc$RaftServerProtocolServiceBlockingStub.requestVote(RaftServerProtocolServiceGrpc.java:265)
	at org.apache.ratis.grpc.server.GrpcServerProtocolClient.requestVote(GrpcServerProtocolClient.java:99)
	at org.apache.ratis.grpc.server.GrpcService.requestVote(GrpcService.java:204)
	at org.apache.ratis.server.impl.LeaderElection.lambda$submitRequests$1(LeaderElection.java:234)
	at java.util.concurrent.FutureTask.run(FutureTask.java:266)
	at java.util.concurrent.Executors$RunnableAdapter.call(Executors.java:511)
	at java.util.concurrent.FutureTask.run(FutureTask.java:266)
	at java.util.concurrent.ThreadPoolExecutor.runWorker(ThreadPoolExecutor.java:1149)
	at java.util.concurrent.ThreadPoolExecutor$Worker.run(ThreadPoolExecutor.java:624)
	... 1 more
Caused by: org.apache.ratis.thirdparty.io.netty.channel.AbstractChannel$AnnotatedConnectException: Connection refused: /192.168.34.25:45248
	at sun.nio.ch.SocketChannelImpl.checkConnect(Native Method)
	at sun.nio.ch.SocketChannelImpl.finishConnect(SocketChannelImpl.java:717)
	at org.apache.ratis.thirdparty.io.netty.channel.socket.nio.NioSocketChannel.doFinishConnect(NioSocketChannel.java:327)
	at org.apache.ratis.thirdparty.io.netty.channel.nio.AbstractNioChannel$AbstractNioUnsafe.finishConnect(AbstractNioChannel.java:340)
	at org.apache.ratis.thirdparty.io.netty.channel.nio.NioEventLoop.processSelectedKey(NioEventLoop.java:632)
	at org.apache.ratis.thirdparty.io.netty.channel.nio.NioEventLoop.processSelectedKeysOptimized(NioEventLoop.java:579)
	at org.apache.ratis.thirdparty.io.netty.channel.nio.NioEventLoop.processSelectedKeys(NioEventLoop.java:496)
	at org.apache.ratis.thirdparty.io.netty.channel.nio.NioEventLoop.run(NioEventLoop.java:458)
	at org.apache.ratis.thirdparty.io.netty.util.concurrent.SingleThreadEventExecutor$5.run(SingleThreadEventExecutor.java:897)
	at org.apache.ratis.thirdparty.io.netty.util.concurrent.FastThreadLocalRunnable.run(FastThreadLocalRunnable.java:30)
	... 1 more
Caused by: java.net.ConnectException: Connection refused
	... 11 more
2019-10-18 07:24:23,592 [12ad0800-05cb-443c-9fdd-fa1debf04523@group-BCB82A5C07F5-LeaderElection1318] INFO  impl.RaftServerImpl (RaftServerImpl.java:setRole(184)) - 12ad0800-05cb-443c-9fdd-fa1debf04523@group-BCB82A5C07F5: changes role from CANDIDATE to FOLLOWER at term 263 for DISCOVERED_A_NEW_TERM
2019-10-18 07:24:23,592 [12ad0800-05cb-443c-9fdd-fa1debf04523@group-BCB82A5C07F5-LeaderElection1318] INFO  impl.RoleInfo (RoleInfo.java:shutdownLeaderElection(134)) - 12ad0800-05cb-443c-9fdd-fa1debf04523: shutdown LeaderElection
2019-10-18 07:24:23,593 [12ad0800-05cb-443c-9fdd-fa1debf04523@group-BCB82A5C07F5-LeaderElection1318] INFO  impl.RoleInfo (RoleInfo.java:updateAndGet(143)) - 12ad0800-05cb-443c-9fdd-fa1debf04523: start FollowerState
2019-10-18 07:24:23,637 [Thread-11170] INFO  impl.FollowerState (FollowerState.java:run(108)) - 12ad0800-05cb-443c-9fdd-fa1debf04523@group-BCB82A5C07F5-FollowerState: change to CANDIDATE, lastRpcTime:44ms, electionTimeout:44ms
2019-10-18 07:24:23,637 [Thread-11170] INFO  impl.RoleInfo (RoleInfo.java:shutdownFollowerState(121)) - 12ad0800-05cb-443c-9fdd-fa1debf04523: shutdown FollowerState
2019-10-18 07:24:23,637 [Thread-11170] INFO  impl.RaftServerImpl (RaftServerImpl.java:setRole(184)) - 12ad0800-05cb-443c-9fdd-fa1debf04523@group-BCB82A5C07F5: changes role from  FOLLOWER to CANDIDATE at term 263 for changeToCandidate
2019-10-18 07:24:23,637 [Thread-11170] INFO  impl.RoleInfo (RoleInfo.java:updateAndGet(143)) - 12ad0800-05cb-443c-9fdd-fa1debf04523: start LeaderElection
2019-10-18 07:24:23,666 [12ad0800-05cb-443c-9fdd-fa1debf04523@group-BCB82A5C07F5-LeaderElection1319] INFO  impl.LeaderElection (LeaderElection.java:askForVotes(178)) - 12ad0800-05cb-443c-9fdd-fa1debf04523@group-BCB82A5C07F5-LeaderElection1319: begin an election at term 264 for -1: [12ad0800-05cb-443c-9fdd-fa1debf04523:192.168.34.25:41155, 5170c5f3-8499-4b42-9321-85fc8a351f79:192.168.34.25:43074, 0b10a9fc-47eb-4a2b-b664-8273d9d17379:192.168.34.25:45248], old=null
2019-10-18 07:24:23,666 [12ad0800-05cb-443c-9fdd-fa1debf04523@group-BCB82A5C07F5-LeaderElection1319] INFO  impl.LeaderElection (LogUtils.java:infoOrTrace(149)) - 12ad0800-05cb-443c-9fdd-fa1debf04523@group-BCB82A5C07F5-LeaderElection1319 got exception when requesting votes: {}
java.util.concurrent.ExecutionException: org.apache.ratis.thirdparty.io.grpc.StatusRuntimeException: UNAVAILABLE: io exception
	at java.util.concurrent.FutureTask.report(FutureTask.java:122)
	at java.util.concurrent.FutureTask.get(FutureTask.java:192)
	at org.apache.ratis.server.impl.LeaderElection.waitForResults(LeaderElection.java:259)
	at org.apache.ratis.server.impl.LeaderElection.askForVotes(LeaderElection.java:197)
	at org.apache.ratis.server.impl.LeaderElection.run(LeaderElection.java:133)
	at java.lang.Thread.run(Thread.java:748)
Caused by: org.apache.ratis.thirdparty.io.grpc.StatusRuntimeException: UNAVAILABLE: io exception
	at org.apache.ratis.thirdparty.io.grpc.stub.ClientCalls.toStatusRuntimeException(ClientCalls.java:233)
	at org.apache.ratis.thirdparty.io.grpc.stub.ClientCalls.getUnchecked(ClientCalls.java:214)
	at org.apache.ratis.thirdparty.io.grpc.stub.ClientCalls.blockingUnaryCall(ClientCalls.java:139)
	at org.apache.ratis.proto.grpc.RaftServerProtocolServiceGrpc$RaftServerProtocolServiceBlockingStub.requestVote(RaftServerProtocolServiceGrpc.java:265)
	at org.apache.ratis.grpc.server.GrpcServerProtocolClient.requestVote(GrpcServerProtocolClient.java:99)
	at org.apache.ratis.grpc.server.GrpcService.requestVote(GrpcService.java:204)
	at org.apache.ratis.server.impl.LeaderElection.lambda$submitRequests$1(LeaderElection.java:234)
	at java.util.concurrent.FutureTask.run(FutureTask.java:266)
	at java.util.concurrent.Executors$RunnableAdapter.call(Executors.java:511)
	at java.util.concurrent.FutureTask.run(FutureTask.java:266)
	at java.util.concurrent.ThreadPoolExecutor.runWorker(ThreadPoolExecutor.java:1149)
	at java.util.concurrent.ThreadPoolExecutor$Worker.run(ThreadPoolExecutor.java:624)
	... 1 more
Caused by: org.apache.ratis.thirdparty.io.netty.channel.AbstractChannel$AnnotatedConnectException: Connection refused: /192.168.34.25:43074
	at sun.nio.ch.SocketChannelImpl.checkConnect(Native Method)
	at sun.nio.ch.SocketChannelImpl.finishConnect(SocketChannelImpl.java:717)
	at org.apache.ratis.thirdparty.io.netty.channel.socket.nio.NioSocketChannel.doFinishConnect(NioSocketChannel.java:327)
	at org.apache.ratis.thirdparty.io.netty.channel.nio.AbstractNioChannel$AbstractNioUnsafe.finishConnect(AbstractNioChannel.java:340)
	at org.apache.ratis.thirdparty.io.netty.channel.nio.NioEventLoop.processSelectedKey(NioEventLoop.java:632)
	at org.apache.ratis.thirdparty.io.netty.channel.nio.NioEventLoop.processSelectedKeysOptimized(NioEventLoop.java:579)
	at org.apache.ratis.thirdparty.io.netty.channel.nio.NioEventLoop.processSelectedKeys(NioEventLoop.java:496)
	at org.apache.ratis.thirdparty.io.netty.channel.nio.NioEventLoop.run(NioEventLoop.java:458)
	at org.apache.ratis.thirdparty.io.netty.util.concurrent.SingleThreadEventExecutor$5.run(SingleThreadEventExecutor.java:897)
	at org.apache.ratis.thirdparty.io.netty.util.concurrent.FastThreadLocalRunnable.run(FastThreadLocalRunnable.java:30)
	... 1 more
Caused by: java.net.ConnectException: Connection refused
	... 11 more
2019-10-18 07:24:23,667 [12ad0800-05cb-443c-9fdd-fa1debf04523@group-BCB82A5C07F5-LeaderElection1319] INFO  impl.LeaderElection (LogUtils.java:infoOrTrace(149)) - 12ad0800-05cb-443c-9fdd-fa1debf04523@group-BCB82A5C07F5-LeaderElection1319 got exception when requesting votes: {}
java.util.concurrent.ExecutionException: org.apache.ratis.thirdparty.io.grpc.StatusRuntimeException: UNAVAILABLE: io exception
	at java.util.concurrent.FutureTask.report(FutureTask.java:122)
	at java.util.concurrent.FutureTask.get(FutureTask.java:192)
	at org.apache.ratis.server.impl.LeaderElection.waitForResults(LeaderElection.java:259)
	at org.apache.ratis.server.impl.LeaderElection.askForVotes(LeaderElection.java:197)
	at org.apache.ratis.server.impl.LeaderElection.run(LeaderElection.java:133)
	at java.lang.Thread.run(Thread.java:748)
Caused by: org.apache.ratis.thirdparty.io.grpc.StatusRuntimeException: UNAVAILABLE: io exception
	at org.apache.ratis.thirdparty.io.grpc.stub.ClientCalls.toStatusRuntimeException(ClientCalls.java:233)
	at org.apache.ratis.thirdparty.io.grpc.stub.ClientCalls.getUnchecked(ClientCalls.java:214)
	at org.apache.ratis.thirdparty.io.grpc.stub.ClientCalls.blockingUnaryCall(ClientCalls.java:139)
	at org.apache.ratis.proto.grpc.RaftServerProtocolServiceGrpc$RaftServerProtocolServiceBlockingStub.requestVote(RaftServerProtocolServiceGrpc.java:265)
	at org.apache.ratis.grpc.server.GrpcServerProtocolClient.requestVote(GrpcServerProtocolClient.java:99)
	at org.apache.ratis.grpc.server.GrpcService.requestVote(GrpcService.java:204)
	at org.apache.ratis.server.impl.LeaderElection.lambda$submitRequests$1(LeaderElection.java:234)
	at java.util.concurrent.FutureTask.run(FutureTask.java:266)
	at java.util.concurrent.Executors$RunnableAdapter.call(Executors.java:511)
	at java.util.concurrent.FutureTask.run(FutureTask.java:266)
	at java.util.concurrent.ThreadPoolExecutor.runWorker(ThreadPoolExecutor.java:1149)
	at java.util.concurrent.ThreadPoolExecutor$Worker.run(ThreadPoolExecutor.java:624)
	... 1 more
Caused by: org.apache.ratis.thirdparty.io.netty.channel.AbstractChannel$AnnotatedConnectException: Connection refused: /192.168.34.25:45248
	at sun.nio.ch.SocketChannelImpl.checkConnect(Native Method)
	at sun.nio.ch.SocketChannelImpl.finishConnect(SocketChannelImpl.java:717)
	at org.apache.ratis.thirdparty.io.netty.channel.socket.nio.NioSocketChannel.doFinishConnect(NioSocketChannel.java:327)
	at org.apache.ratis.thirdparty.io.netty.channel.nio.AbstractNioChannel$AbstractNioUnsafe.finishConnect(AbstractNioChannel.java:340)
	at org.apache.ratis.thirdparty.io.netty.channel.nio.NioEventLoop.processSelectedKey(NioEventLoop.java:632)
	at org.apache.ratis.thirdparty.io.netty.channel.nio.NioEventLoop.processSelectedKeysOptimized(NioEventLoop.java:579)
	at org.apache.ratis.thirdparty.io.netty.channel.nio.NioEventLoop.processSelectedKeys(NioEventLoop.java:496)
	at org.apache.ratis.thirdparty.io.netty.channel.nio.NioEventLoop.run(NioEventLoop.java:458)
	at org.apache.ratis.thirdparty.io.netty.util.concurrent.SingleThreadEventExecutor$5.run(SingleThreadEventExecutor.java:897)
	at org.apache.ratis.thirdparty.io.netty.util.concurrent.FastThreadLocalRunnable.run(FastThreadLocalRunnable.java:30)
	... 1 more
Caused by: java.net.ConnectException: Connection refused
	... 11 more
2019-10-18 07:24:23,667 [12ad0800-05cb-443c-9fdd-fa1debf04523@group-BCB82A5C07F5-LeaderElection1319] INFO  impl.LeaderElection (LeaderElection.java:logAndReturn(56)) - 12ad0800-05cb-443c-9fdd-fa1debf04523@group-BCB82A5C07F5-LeaderElection1319: Election REJECTED; received 0 response(s) [] and 2 exception(s); 12ad0800-05cb-443c-9fdd-fa1debf04523@group-BCB82A5C07F5:t264, leader=null, voted=12ad0800-05cb-443c-9fdd-fa1debf04523, raftlog=12ad0800-05cb-443c-9fdd-fa1debf04523@group-BCB82A5C07F5-SegmentedRaftLog:OPENED:c-1,f-1,i0, conf=-1: [12ad0800-05cb-443c-9fdd-fa1debf04523:192.168.34.25:41155, 5170c5f3-8499-4b42-9321-85fc8a351f79:192.168.34.25:43074, 0b10a9fc-47eb-4a2b-b664-8273d9d17379:192.168.34.25:45248], old=null
2019-10-18 07:24:23,667 [12ad0800-05cb-443c-9fdd-fa1debf04523@group-BCB82A5C07F5-LeaderElection1319] INFO  impl.LeaderElection (LogUtils.java:infoOrTrace(149)) -   Exception 0: {}
java.util.concurrent.ExecutionException: org.apache.ratis.thirdparty.io.grpc.StatusRuntimeException: UNAVAILABLE: io exception
	at java.util.concurrent.FutureTask.report(FutureTask.java:122)
	at java.util.concurrent.FutureTask.get(FutureTask.java:192)
	at org.apache.ratis.server.impl.LeaderElection.waitForResults(LeaderElection.java:259)
	at org.apache.ratis.server.impl.LeaderElection.askForVotes(LeaderElection.java:197)
	at org.apache.ratis.server.impl.LeaderElection.run(LeaderElection.java:133)
	at java.lang.Thread.run(Thread.java:748)
Caused by: org.apache.ratis.thirdparty.io.grpc.StatusRuntimeException: UNAVAILABLE: io exception
	at org.apache.ratis.thirdparty.io.grpc.stub.ClientCalls.toStatusRuntimeException(ClientCalls.java:233)
	at org.apache.ratis.thirdparty.io.grpc.stub.ClientCalls.getUnchecked(ClientCalls.java:214)
	at org.apache.ratis.thirdparty.io.grpc.stub.ClientCalls.blockingUnaryCall(ClientCalls.java:139)
	at org.apache.ratis.proto.grpc.RaftServerProtocolServiceGrpc$RaftServerProtocolServiceBlockingStub.requestVote(RaftServerProtocolServiceGrpc.java:265)
	at org.apache.ratis.grpc.server.GrpcServerProtocolClient.requestVote(GrpcServerProtocolClient.java:99)
	at org.apache.ratis.grpc.server.GrpcService.requestVote(GrpcService.java:204)
	at org.apache.ratis.server.impl.LeaderElection.lambda$submitRequests$1(LeaderElection.java:234)
	at java.util.concurrent.FutureTask.run(FutureTask.java:266)
	at java.util.concurrent.Executors$RunnableAdapter.call(Executors.java:511)
	at java.util.concurrent.FutureTask.run(FutureTask.java:266)
	at java.util.concurrent.ThreadPoolExecutor.runWorker(ThreadPoolExecutor.java:1149)
	at java.util.concurrent.ThreadPoolExecutor$Worker.run(ThreadPoolExecutor.java:624)
	... 1 more
Caused by: org.apache.ratis.thirdparty.io.netty.channel.AbstractChannel$AnnotatedConnectException: Connection refused: /192.168.34.25:43074
	at sun.nio.ch.SocketChannelImpl.checkConnect(Native Method)
	at sun.nio.ch.SocketChannelImpl.finishConnect(SocketChannelImpl.java:717)
	at org.apache.ratis.thirdparty.io.netty.channel.socket.nio.NioSocketChannel.doFinishConnect(NioSocketChannel.java:327)
	at org.apache.ratis.thirdparty.io.netty.channel.nio.AbstractNioChannel$AbstractNioUnsafe.finishConnect(AbstractNioChannel.java:340)
	at org.apache.ratis.thirdparty.io.netty.channel.nio.NioEventLoop.processSelectedKey(NioEventLoop.java:632)
	at org.apache.ratis.thirdparty.io.netty.channel.nio.NioEventLoop.processSelectedKeysOptimized(NioEventLoop.java:579)
	at org.apache.ratis.thirdparty.io.netty.channel.nio.NioEventLoop.processSelectedKeys(NioEventLoop.java:496)
	at org.apache.ratis.thirdparty.io.netty.channel.nio.NioEventLoop.run(NioEventLoop.java:458)
	at org.apache.ratis.thirdparty.io.netty.util.concurrent.SingleThreadEventExecutor$5.run(SingleThreadEventExecutor.java:897)
	at org.apache.ratis.thirdparty.io.netty.util.concurrent.FastThreadLocalRunnable.run(FastThreadLocalRunnable.java:30)
	... 1 more
Caused by: java.net.ConnectException: Connection refused
	... 11 more
2019-10-18 07:24:23,668 [12ad0800-05cb-443c-9fdd-fa1debf04523@group-BCB82A5C07F5-LeaderElection1319] INFO  impl.LeaderElection (LogUtils.java:infoOrTrace(149)) -   Exception 1: {}
java.util.concurrent.ExecutionException: org.apache.ratis.thirdparty.io.grpc.StatusRuntimeException: UNAVAILABLE: io exception
	at java.util.concurrent.FutureTask.report(FutureTask.java:122)
	at java.util.concurrent.FutureTask.get(FutureTask.java:192)
	at org.apache.ratis.server.impl.LeaderElection.waitForResults(LeaderElection.java:259)
	at org.apache.ratis.server.impl.LeaderElection.askForVotes(LeaderElection.java:197)
	at org.apache.ratis.server.impl.LeaderElection.run(LeaderElection.java:133)
	at java.lang.Thread.run(Thread.java:748)
Caused by: org.apache.ratis.thirdparty.io.grpc.StatusRuntimeException: UNAVAILABLE: io exception
	at org.apache.ratis.thirdparty.io.grpc.stub.ClientCalls.toStatusRuntimeException(ClientCalls.java:233)
	at org.apache.ratis.thirdparty.io.grpc.stub.ClientCalls.getUnchecked(ClientCalls.java:214)
	at org.apache.ratis.thirdparty.io.grpc.stub.ClientCalls.blockingUnaryCall(ClientCalls.java:139)
	at org.apache.ratis.proto.grpc.RaftServerProtocolServiceGrpc$RaftServerProtocolServiceBlockingStub.requestVote(RaftServerProtocolServiceGrpc.java:265)
	at org.apache.ratis.grpc.server.GrpcServerProtocolClient.requestVote(GrpcServerProtocolClient.java:99)
	at org.apache.ratis.grpc.server.GrpcService.requestVote(GrpcService.java:204)
	at org.apache.ratis.server.impl.LeaderElection.lambda$submitRequests$1(LeaderElection.java:234)
	at java.util.concurrent.FutureTask.run(FutureTask.java:266)
	at java.util.concurrent.Executors$RunnableAdapter.call(Executors.java:511)
	at java.util.concurrent.FutureTask.run(FutureTask.java:266)
	at java.util.concurrent.ThreadPoolExecutor.runWorker(ThreadPoolExecutor.java:1149)
	at java.util.concurrent.ThreadPoolExecutor$Worker.run(ThreadPoolExecutor.java:624)
	... 1 more
Caused by: org.apache.ratis.thirdparty.io.netty.channel.AbstractChannel$AnnotatedConnectException: Connection refused: /192.168.34.25:45248
	at sun.nio.ch.SocketChannelImpl.checkConnect(Native Method)
	at sun.nio.ch.SocketChannelImpl.finishConnect(SocketChannelImpl.java:717)
	at org.apache.ratis.thirdparty.io.netty.channel.socket.nio.NioSocketChannel.doFinishConnect(NioSocketChannel.java:327)
	at org.apache.ratis.thirdparty.io.netty.channel.nio.AbstractNioChannel$AbstractNioUnsafe.finishConnect(AbstractNioChannel.java:340)
	at org.apache.ratis.thirdparty.io.netty.channel.nio.NioEventLoop.processSelectedKey(NioEventLoop.java:632)
	at org.apache.ratis.thirdparty.io.netty.channel.nio.NioEventLoop.processSelectedKeysOptimized(NioEventLoop.java:579)
	at org.apache.ratis.thirdparty.io.netty.channel.nio.NioEventLoop.processSelectedKeys(NioEventLoop.java:496)
	at org.apache.ratis.thirdparty.io.netty.channel.nio.NioEventLoop.run(NioEventLoop.java:458)
	at org.apache.ratis.thirdparty.io.netty.util.concurrent.SingleThreadEventExecutor$5.run(SingleThreadEventExecutor.java:897)
	at org.apache.ratis.thirdparty.io.netty.util.concurrent.FastThreadLocalRunnable.run(FastThreadLocalRunnable.java:30)
	... 1 more
Caused by: java.net.ConnectException: Connection refused
	... 11 more
2019-10-18 07:24:23,668 [12ad0800-05cb-443c-9fdd-fa1debf04523@group-BCB82A5C07F5-LeaderElection1319] INFO  impl.RaftServerImpl (RaftServerImpl.java:setRole(184)) - 12ad0800-05cb-443c-9fdd-fa1debf04523@group-BCB82A5C07F5: changes role from CANDIDATE to FOLLOWER at term 264 for DISCOVERED_A_NEW_TERM
2019-10-18 07:24:23,668 [12ad0800-05cb-443c-9fdd-fa1debf04523@group-BCB82A5C07F5-LeaderElection1319] INFO  impl.RoleInfo (RoleInfo.java:shutdownLeaderElection(134)) - 12ad0800-05cb-443c-9fdd-fa1debf04523: shutdown LeaderElection
2019-10-18 07:24:23,668 [12ad0800-05cb-443c-9fdd-fa1debf04523@group-BCB82A5C07F5-LeaderElection1319] INFO  impl.RoleInfo (RoleInfo.java:updateAndGet(143)) - 12ad0800-05cb-443c-9fdd-fa1debf04523: start FollowerState
2019-10-18 07:24:23,671 [Thread-11134] INFO  impl.FollowerState (FollowerState.java:run(108)) - 67270882-100a-4e75-928d-618d17e069c8@group-0C9C3B2D0CC1-FollowerState: change to CANDIDATE, lastRpcTime:1048ms, electionTimeout:1048ms
2019-10-18 07:24:23,671 [Thread-11134] INFO  impl.RoleInfo (RoleInfo.java:shutdownFollowerState(121)) - 67270882-100a-4e75-928d-618d17e069c8: shutdown FollowerState
2019-10-18 07:24:23,671 [Thread-11134] INFO  impl.RaftServerImpl (RaftServerImpl.java:setRole(184)) - 67270882-100a-4e75-928d-618d17e069c8@group-0C9C3B2D0CC1: changes role from  FOLLOWER to CANDIDATE at term 157 for changeToCandidate
2019-10-18 07:24:23,671 [Thread-11134] INFO  impl.RoleInfo (RoleInfo.java:updateAndGet(143)) - 67270882-100a-4e75-928d-618d17e069c8: start LeaderElection
2019-10-18 07:24:23,699 [67270882-100a-4e75-928d-618d17e069c8@group-0C9C3B2D0CC1-LeaderElection1320] INFO  impl.LeaderElection (LeaderElection.java:askForVotes(178)) - 67270882-100a-4e75-928d-618d17e069c8@group-0C9C3B2D0CC1-LeaderElection1320: begin an election at term 158 for 1: [6633f50a-7046-4b08-9937-8e25f1b14b15:192.168.34.25:39338, 67270882-100a-4e75-928d-618d17e069c8:192.168.34.25:36648, 4dea926d-4bc6-487a-9b9b-9fd457d0fae4:192.168.34.25:41624], old=null
2019-10-18 07:24:23,700 [67270882-100a-4e75-928d-618d17e069c8@group-0C9C3B2D0CC1-LeaderElection1320] INFO  impl.LeaderElection (LogUtils.java:infoOrTrace(149)) - 67270882-100a-4e75-928d-618d17e069c8@group-0C9C3B2D0CC1-LeaderElection1320 got exception when requesting votes: {}
java.util.concurrent.ExecutionException: org.apache.ratis.thirdparty.io.grpc.StatusRuntimeException: UNAVAILABLE: io exception
	at java.util.concurrent.FutureTask.report(FutureTask.java:122)
	at java.util.concurrent.FutureTask.get(FutureTask.java:192)
	at org.apache.ratis.server.impl.LeaderElection.waitForResults(LeaderElection.java:259)
	at org.apache.ratis.server.impl.LeaderElection.askForVotes(LeaderElection.java:197)
	at org.apache.ratis.server.impl.LeaderElection.run(LeaderElection.java:133)
	at java.lang.Thread.run(Thread.java:748)
Caused by: org.apache.ratis.thirdparty.io.grpc.StatusRuntimeException: UNAVAILABLE: io exception
	at org.apache.ratis.thirdparty.io.grpc.stub.ClientCalls.toStatusRuntimeException(ClientCalls.java:233)
	at org.apache.ratis.thirdparty.io.grpc.stub.ClientCalls.getUnchecked(ClientCalls.java:214)
	at org.apache.ratis.thirdparty.io.grpc.stub.ClientCalls.blockingUnaryCall(ClientCalls.java:139)
	at org.apache.ratis.proto.grpc.RaftServerProtocolServiceGrpc$RaftServerProtocolServiceBlockingStub.requestVote(RaftServerProtocolServiceGrpc.java:265)
	at org.apache.ratis.grpc.server.GrpcServerProtocolClient.requestVote(GrpcServerProtocolClient.java:99)
	at org.apache.ratis.grpc.server.GrpcService.requestVote(GrpcService.java:204)
	at org.apache.ratis.server.impl.LeaderElection.lambda$submitRequests$1(LeaderElection.java:234)
	at java.util.concurrent.FutureTask.run(FutureTask.java:266)
	at java.util.concurrent.Executors$RunnableAdapter.call(Executors.java:511)
	at java.util.concurrent.FutureTask.run(FutureTask.java:266)
	at java.util.concurrent.ThreadPoolExecutor.runWorker(ThreadPoolExecutor.java:1149)
	at java.util.concurrent.ThreadPoolExecutor$Worker.run(ThreadPoolExecutor.java:624)
	... 1 more
Caused by: org.apache.ratis.thirdparty.io.netty.channel.AbstractChannel$AnnotatedConnectException: Connection refused: /192.168.34.25:41624
	at sun.nio.ch.SocketChannelImpl.checkConnect(Native Method)
	at sun.nio.ch.SocketChannelImpl.finishConnect(SocketChannelImpl.java:717)
	at org.apache.ratis.thirdparty.io.netty.channel.socket.nio.NioSocketChannel.doFinishConnect(NioSocketChannel.java:327)
	at org.apache.ratis.thirdparty.io.netty.channel.nio.AbstractNioChannel$AbstractNioUnsafe.finishConnect(AbstractNioChannel.java:340)
	at org.apache.ratis.thirdparty.io.netty.channel.nio.NioEventLoop.processSelectedKey(NioEventLoop.java:632)
	at org.apache.ratis.thirdparty.io.netty.channel.nio.NioEventLoop.processSelectedKeysOptimized(NioEventLoop.java:579)
	at org.apache.ratis.thirdparty.io.netty.channel.nio.NioEventLoop.processSelectedKeys(NioEventLoop.java:496)
	at org.apache.ratis.thirdparty.io.netty.channel.nio.NioEventLoop.run(NioEventLoop.java:458)
	at org.apache.ratis.thirdparty.io.netty.util.concurrent.SingleThreadEventExecutor$5.run(SingleThreadEventExecutor.java:897)
	at org.apache.ratis.thirdparty.io.netty.util.concurrent.FastThreadLocalRunnable.run(FastThreadLocalRunnable.java:30)
	... 1 more
Caused by: java.net.ConnectException: Connection refused
	... 11 more
2019-10-18 07:24:23,701 [67270882-100a-4e75-928d-618d17e069c8@group-0C9C3B2D0CC1-LeaderElection1320] INFO  impl.LeaderElection (LogUtils.java:infoOrTrace(149)) - 67270882-100a-4e75-928d-618d17e069c8@group-0C9C3B2D0CC1-LeaderElection1320 got exception when requesting votes: {}
java.util.concurrent.ExecutionException: org.apache.ratis.thirdparty.io.grpc.StatusRuntimeException: UNAVAILABLE: io exception
	at java.util.concurrent.FutureTask.report(FutureTask.java:122)
	at java.util.concurrent.FutureTask.get(FutureTask.java:192)
	at org.apache.ratis.server.impl.LeaderElection.waitForResults(LeaderElection.java:259)
	at org.apache.ratis.server.impl.LeaderElection.askForVotes(LeaderElection.java:197)
	at org.apache.ratis.server.impl.LeaderElection.run(LeaderElection.java:133)
	at java.lang.Thread.run(Thread.java:748)
Caused by: org.apache.ratis.thirdparty.io.grpc.StatusRuntimeException: UNAVAILABLE: io exception
	at org.apache.ratis.thirdparty.io.grpc.stub.ClientCalls.toStatusRuntimeException(ClientCalls.java:233)
	at org.apache.ratis.thirdparty.io.grpc.stub.ClientCalls.getUnchecked(ClientCalls.java:214)
	at org.apache.ratis.thirdparty.io.grpc.stub.ClientCalls.blockingUnaryCall(ClientCalls.java:139)
	at org.apache.ratis.proto.grpc.RaftServerProtocolServiceGrpc$RaftServerProtocolServiceBlockingStub.requestVote(RaftServerProtocolServiceGrpc.java:265)
	at org.apache.ratis.grpc.server.GrpcServerProtocolClient.requestVote(GrpcServerProtocolClient.java:99)
	at org.apache.ratis.grpc.server.GrpcService.requestVote(GrpcService.java:204)
	at org.apache.ratis.server.impl.LeaderElection.lambda$submitRequests$1(LeaderElection.java:234)
	at java.util.concurrent.FutureTask.run(FutureTask.java:266)
	at java.util.concurrent.Executors$RunnableAdapter.call(Executors.java:511)
	at java.util.concurrent.FutureTask.run(FutureTask.java:266)
	at java.util.concurrent.ThreadPoolExecutor.runWorker(ThreadPoolExecutor.java:1149)
	at java.util.concurrent.ThreadPoolExecutor$Worker.run(ThreadPoolExecutor.java:624)
	... 1 more
Caused by: org.apache.ratis.thirdparty.io.netty.channel.AbstractChannel$AnnotatedConnectException: Connection refused: /192.168.34.25:39338
	at sun.nio.ch.SocketChannelImpl.checkConnect(Native Method)
	at sun.nio.ch.SocketChannelImpl.finishConnect(SocketChannelImpl.java:717)
	at org.apache.ratis.thirdparty.io.netty.channel.socket.nio.NioSocketChannel.doFinishConnect(NioSocketChannel.java:327)
	at org.apache.ratis.thirdparty.io.netty.channel.nio.AbstractNioChannel$AbstractNioUnsafe.finishConnect(AbstractNioChannel.java:340)
	at org.apache.ratis.thirdparty.io.netty.channel.nio.NioEventLoop.processSelectedKey(NioEventLoop.java:632)
	at org.apache.ratis.thirdparty.io.netty.channel.nio.NioEventLoop.processSelectedKeysOptimized(NioEventLoop.java:579)
	at org.apache.ratis.thirdparty.io.netty.channel.nio.NioEventLoop.processSelectedKeys(NioEventLoop.java:496)
	at org.apache.ratis.thirdparty.io.netty.channel.nio.NioEventLoop.run(NioEventLoop.java:458)
	at org.apache.ratis.thirdparty.io.netty.util.concurrent.SingleThreadEventExecutor$5.run(SingleThreadEventExecutor.java:897)
	at org.apache.ratis.thirdparty.io.netty.util.concurrent.FastThreadLocalRunnable.run(FastThreadLocalRunnable.java:30)
	... 1 more
Caused by: java.net.ConnectException: Connection refused
	... 11 more
2019-10-18 07:24:23,701 [67270882-100a-4e75-928d-618d17e069c8@group-0C9C3B2D0CC1-LeaderElection1320] INFO  impl.LeaderElection (LeaderElection.java:logAndReturn(56)) - 67270882-100a-4e75-928d-618d17e069c8@group-0C9C3B2D0CC1-LeaderElection1320: Election REJECTED; received 0 response(s) [] and 2 exception(s); 67270882-100a-4e75-928d-618d17e069c8@group-0C9C3B2D0CC1:t158, leader=null, voted=67270882-100a-4e75-928d-618d17e069c8, raftlog=67270882-100a-4e75-928d-618d17e069c8@group-0C9C3B2D0CC1-SegmentedRaftLog:OPENED:c2,f2,i2, conf=1: [6633f50a-7046-4b08-9937-8e25f1b14b15:192.168.34.25:39338, 67270882-100a-4e75-928d-618d17e069c8:192.168.34.25:36648, 4dea926d-4bc6-487a-9b9b-9fd457d0fae4:192.168.34.25:41624], old=null
2019-10-18 07:24:23,701 [67270882-100a-4e75-928d-618d17e069c8@group-0C9C3B2D0CC1-LeaderElection1320] INFO  impl.LeaderElection (LogUtils.java:infoOrTrace(149)) -   Exception 0: {}
java.util.concurrent.ExecutionException: org.apache.ratis.thirdparty.io.grpc.StatusRuntimeException: UNAVAILABLE: io exception
	at java.util.concurrent.FutureTask.report(FutureTask.java:122)
	at java.util.concurrent.FutureTask.get(FutureTask.java:192)
	at org.apache.ratis.server.impl.LeaderElection.waitForResults(LeaderElection.java:259)
	at org.apache.ratis.server.impl.LeaderElection.askForVotes(LeaderElection.java:197)
	at org.apache.ratis.server.impl.LeaderElection.run(LeaderElection.java:133)
	at java.lang.Thread.run(Thread.java:748)
Caused by: org.apache.ratis.thirdparty.io.grpc.StatusRuntimeException: UNAVAILABLE: io exception
	at org.apache.ratis.thirdparty.io.grpc.stub.ClientCalls.toStatusRuntimeException(ClientCalls.java:233)
	at org.apache.ratis.thirdparty.io.grpc.stub.ClientCalls.getUnchecked(ClientCalls.java:214)
	at org.apache.ratis.thirdparty.io.grpc.stub.ClientCalls.blockingUnaryCall(ClientCalls.java:139)
	at org.apache.ratis.proto.grpc.RaftServerProtocolServiceGrpc$RaftServerProtocolServiceBlockingStub.requestVote(RaftServerProtocolServiceGrpc.java:265)
	at org.apache.ratis.grpc.server.GrpcServerProtocolClient.requestVote(GrpcServerProtocolClient.java:99)
	at org.apache.ratis.grpc.server.GrpcService.requestVote(GrpcService.java:204)
	at org.apache.ratis.server.impl.LeaderElection.lambda$submitRequests$1(LeaderElection.java:234)
	at java.util.concurrent.FutureTask.run(FutureTask.java:266)
	at java.util.concurrent.Executors$RunnableAdapter.call(Executors.java:511)
	at java.util.concurrent.FutureTask.run(FutureTask.java:266)
	at java.util.concurrent.ThreadPoolExecutor.runWorker(ThreadPoolExecutor.java:1149)
	at java.util.concurrent.ThreadPoolExecutor$Worker.run(ThreadPoolExecutor.java:624)
	... 1 more
Caused by: org.apache.ratis.thirdparty.io.netty.channel.AbstractChannel$AnnotatedConnectException: Connection refused: /192.168.34.25:41624
	at sun.nio.ch.SocketChannelImpl.checkConnect(Native Method)
	at sun.nio.ch.SocketChannelImpl.finishConnect(SocketChannelImpl.java:717)
	at org.apache.ratis.thirdparty.io.netty.channel.socket.nio.NioSocketChannel.doFinishConnect(NioSocketChannel.java:327)
	at org.apache.ratis.thirdparty.io.netty.channel.nio.AbstractNioChannel$AbstractNioUnsafe.finishConnect(AbstractNioChannel.java:340)
	at org.apache.ratis.thirdparty.io.netty.channel.nio.NioEventLoop.processSelectedKey(NioEventLoop.java:632)
	at org.apache.ratis.thirdparty.io.netty.channel.nio.NioEventLoop.processSelectedKeysOptimized(NioEventLoop.java:579)
	at org.apache.ratis.thirdparty.io.netty.channel.nio.NioEventLoop.processSelectedKeys(NioEventLoop.java:496)
	at org.apache.ratis.thirdparty.io.netty.channel.nio.NioEventLoop.run(NioEventLoop.java:458)
	at org.apache.ratis.thirdparty.io.netty.util.concurrent.SingleThreadEventExecutor$5.run(SingleThreadEventExecutor.java:897)
	at org.apache.ratis.thirdparty.io.netty.util.concurrent.FastThreadLocalRunnable.run(FastThreadLocalRunnable.java:30)
	... 1 more
Caused by: java.net.ConnectException: Connection refused
	... 11 more
2019-10-18 07:24:23,702 [67270882-100a-4e75-928d-618d17e069c8@group-0C9C3B2D0CC1-LeaderElection1320] INFO  impl.LeaderElection (LogUtils.java:infoOrTrace(149)) -   Exception 1: {}
java.util.concurrent.ExecutionException: org.apache.ratis.thirdparty.io.grpc.StatusRuntimeException: UNAVAILABLE: io exception
	at java.util.concurrent.FutureTask.report(FutureTask.java:122)
	at java.util.concurrent.FutureTask.get(FutureTask.java:192)
	at org.apache.ratis.server.impl.LeaderElection.waitForResults(LeaderElection.java:259)
	at org.apache.ratis.server.impl.LeaderElection.askForVotes(LeaderElection.java:197)
	at org.apache.ratis.server.impl.LeaderElection.run(LeaderElection.java:133)
	at java.lang.Thread.run(Thread.java:748)
Caused by: org.apache.ratis.thirdparty.io.grpc.StatusRuntimeException: UNAVAILABLE: io exception
	at org.apache.ratis.thirdparty.io.grpc.stub.ClientCalls.toStatusRuntimeException(ClientCalls.java:233)
	at org.apache.ratis.thirdparty.io.grpc.stub.ClientCalls.getUnchecked(ClientCalls.java:214)
	at org.apache.ratis.thirdparty.io.grpc.stub.ClientCalls.blockingUnaryCall(ClientCalls.java:139)
	at org.apache.ratis.proto.grpc.RaftServerProtocolServiceGrpc$RaftServerProtocolServiceBlockingStub.requestVote(RaftServerProtocolServiceGrpc.java:265)
	at org.apache.ratis.grpc.server.GrpcServerProtocolClient.requestVote(GrpcServerProtocolClient.java:99)
	at org.apache.ratis.grpc.server.GrpcService.requestVote(GrpcService.java:204)
	at org.apache.ratis.server.impl.LeaderElection.lambda$submitRequests$1(LeaderElection.java:234)
	at java.util.concurrent.FutureTask.run(FutureTask.java:266)
	at java.util.concurrent.Executors$RunnableAdapter.call(Executors.java:511)
	at java.util.concurrent.FutureTask.run(FutureTask.java:266)
	at java.util.concurrent.ThreadPoolExecutor.runWorker(ThreadPoolExecutor.java:1149)
	at java.util.concurrent.ThreadPoolExecutor$Worker.run(ThreadPoolExecutor.java:624)
	... 1 more
Caused by: org.apache.ratis.thirdparty.io.netty.channel.AbstractChannel$AnnotatedConnectException: Connection refused: /192.168.34.25:39338
	at sun.nio.ch.SocketChannelImpl.checkConnect(Native Method)
	at sun.nio.ch.SocketChannelImpl.finishConnect(SocketChannelImpl.java:717)
	at org.apache.ratis.thirdparty.io.netty.channel.socket.nio.NioSocketChannel.doFinishConnect(NioSocketChannel.java:327)
	at org.apache.ratis.thirdparty.io.netty.channel.nio.AbstractNioChannel$AbstractNioUnsafe.finishConnect(AbstractNioChannel.java:340)
	at org.apache.ratis.thirdparty.io.netty.channel.nio.NioEventLoop.processSelectedKey(NioEventLoop.java:632)
	at org.apache.ratis.thirdparty.io.netty.channel.nio.NioEventLoop.processSelectedKeysOptimized(NioEventLoop.java:579)
	at org.apache.ratis.thirdparty.io.netty.channel.nio.NioEventLoop.processSelectedKeys(NioEventLoop.java:496)
	at org.apache.ratis.thirdparty.io.netty.channel.nio.NioEventLoop.run(NioEventLoop.java:458)
	at org.apache.ratis.thirdparty.io.netty.util.concurrent.SingleThreadEventExecutor$5.run(SingleThreadEventExecutor.java:897)
	at org.apache.ratis.thirdparty.io.netty.util.concurrent.FastThreadLocalRunnable.run(FastThreadLocalRunnable.java:30)
	... 1 more
Caused by: java.net.ConnectException: Connection refused
	... 11 more
2019-10-18 07:24:23,702 [67270882-100a-4e75-928d-618d17e069c8@group-0C9C3B2D0CC1-LeaderElection1320] INFO  impl.RaftServerImpl (RaftServerImpl.java:setRole(184)) - 67270882-100a-4e75-928d-618d17e069c8@group-0C9C3B2D0CC1: changes role from CANDIDATE to FOLLOWER at term 158 for DISCOVERED_A_NEW_TERM
2019-10-18 07:24:23,702 [67270882-100a-4e75-928d-618d17e069c8@group-0C9C3B2D0CC1-LeaderElection1320] INFO  impl.RoleInfo (RoleInfo.java:shutdownLeaderElection(134)) - 67270882-100a-4e75-928d-618d17e069c8: shutdown LeaderElection
2019-10-18 07:24:23,702 [67270882-100a-4e75-928d-618d17e069c8@group-0C9C3B2D0CC1-LeaderElection1320] INFO  impl.RoleInfo (RoleInfo.java:updateAndGet(143)) - 67270882-100a-4e75-928d-618d17e069c8: start FollowerState
2019-10-18 07:24:23,739 [Thread-11174] INFO  impl.FollowerState (FollowerState.java:run(108)) - 12ad0800-05cb-443c-9fdd-fa1debf04523@group-BCB82A5C07F5-FollowerState: change to CANDIDATE, lastRpcTime:71ms, electionTimeout:71ms
2019-10-18 07:24:23,739 [Thread-11174] INFO  impl.RoleInfo (RoleInfo.java:shutdownFollowerState(121)) - 12ad0800-05cb-443c-9fdd-fa1debf04523: shutdown FollowerState
2019-10-18 07:24:23,740 [Thread-11174] INFO  impl.RaftServerImpl (RaftServerImpl.java:setRole(184)) - 12ad0800-05cb-443c-9fdd-fa1debf04523@group-BCB82A5C07F5: changes role from  FOLLOWER to CANDIDATE at term 264 for changeToCandidate
2019-10-18 07:24:23,740 [Thread-11174] INFO  impl.RoleInfo (RoleInfo.java:updateAndGet(143)) - 12ad0800-05cb-443c-9fdd-fa1debf04523: start LeaderElection
2019-10-18 07:24:23,765 [java.util.concurrent.ThreadPoolExecutor$Worker@1ddf09da[State = -1, empty queue]] WARN  server.GrpcLogAppender (GrpcLogAppender.java:timeoutAppendRequest(209)) - 030c2313-1c2c-4b42-81fb-cb58ee93f992@group-E193FE271C99->9712a796-5281-4f3e-ac85-61dedd90db73-GrpcLogAppender: appendEntries Timeout, request=030c2313-1c2c-4b42-81fb-cb58ee93f992->9712a796-5281-4f3e-ac85-61dedd90db73#74-t1, previous=(t:1, i:10), leaderCommit=10, initializing? false, entries: <empty>
2019-10-18 07:24:23,767 [12ad0800-05cb-443c-9fdd-fa1debf04523@group-BCB82A5C07F5-LeaderElection1321] INFO  impl.LeaderElection (LeaderElection.java:askForVotes(178)) - 12ad0800-05cb-443c-9fdd-fa1debf04523@group-BCB82A5C07F5-LeaderElection1321: begin an election at term 265 for -1: [12ad0800-05cb-443c-9fdd-fa1debf04523:192.168.34.25:41155, 5170c5f3-8499-4b42-9321-85fc8a351f79:192.168.34.25:43074, 0b10a9fc-47eb-4a2b-b664-8273d9d17379:192.168.34.25:45248], old=null
2019-10-18 07:24:23,768 [12ad0800-05cb-443c-9fdd-fa1debf04523@group-BCB82A5C07F5-LeaderElection1321] INFO  impl.LeaderElection (LogUtils.java:infoOrTrace(149)) - 12ad0800-05cb-443c-9fdd-fa1debf04523@group-BCB82A5C07F5-LeaderElection1321 got exception when requesting votes: {}
java.util.concurrent.ExecutionException: org.apache.ratis.thirdparty.io.grpc.StatusRuntimeException: UNAVAILABLE: io exception
	at java.util.concurrent.FutureTask.report(FutureTask.java:122)
	at java.util.concurrent.FutureTask.get(FutureTask.java:192)
	at org.apache.ratis.server.impl.LeaderElection.waitForResults(LeaderElection.java:259)
	at org.apache.ratis.server.impl.LeaderElection.askForVotes(LeaderElection.java:197)
	at org.apache.ratis.server.impl.LeaderElection.run(LeaderElection.java:133)
	at java.lang.Thread.run(Thread.java:748)
Caused by: org.apache.ratis.thirdparty.io.grpc.StatusRuntimeException: UNAVAILABLE: io exception
	at org.apache.ratis.thirdparty.io.grpc.stub.ClientCalls.toStatusRuntimeException(ClientCalls.java:233)
	at org.apache.ratis.thirdparty.io.grpc.stub.ClientCalls.getUnchecked(ClientCalls.java:214)
	at org.apache.ratis.thirdparty.io.grpc.stub.ClientCalls.blockingUnaryCall(ClientCalls.java:139)
	at org.apache.ratis.proto.grpc.RaftServerProtocolServiceGrpc$RaftServerProtocolServiceBlockingStub.requestVote(RaftServerProtocolServiceGrpc.java:265)
	at org.apache.ratis.grpc.server.GrpcServerProtocolClient.requestVote(GrpcServerProtocolClient.java:99)
	at org.apache.ratis.grpc.server.GrpcService.requestVote(GrpcService.java:204)
	at org.apache.ratis.server.impl.LeaderElection.lambda$submitRequests$1(LeaderElection.java:234)
	at java.util.concurrent.FutureTask.run(FutureTask.java:266)
	at java.util.concurrent.Executors$RunnableAdapter.call(Executors.java:511)
	at java.util.concurrent.FutureTask.run(FutureTask.java:266)
	at java.util.concurrent.ThreadPoolExecutor.runWorker(ThreadPoolExecutor.java:1149)
	at java.util.concurrent.ThreadPoolExecutor$Worker.run(ThreadPoolExecutor.java:624)
	... 1 more
Caused by: org.apache.ratis.thirdparty.io.netty.channel.AbstractChannel$AnnotatedConnectException: Connection refused: /192.168.34.25:43074
	at sun.nio.ch.SocketChannelImpl.checkConnect(Native Method)
	at sun.nio.ch.SocketChannelImpl.finishConnect(SocketChannelImpl.java:717)
	at org.apache.ratis.thirdparty.io.netty.channel.socket.nio.NioSocketChannel.doFinishConnect(NioSocketChannel.java:327)
	at org.apache.ratis.thirdparty.io.netty.channel.nio.AbstractNioChannel$AbstractNioUnsafe.finishConnect(AbstractNioChannel.java:340)
	at org.apache.ratis.thirdparty.io.netty.channel.nio.NioEventLoop.processSelectedKey(NioEventLoop.java:632)
	at org.apache.ratis.thirdparty.io.netty.channel.nio.NioEventLoop.processSelectedKeysOptimized(NioEventLoop.java:579)
	at org.apache.ratis.thirdparty.io.netty.channel.nio.NioEventLoop.processSelectedKeys(NioEventLoop.java:496)
	at org.apache.ratis.thirdparty.io.netty.channel.nio.NioEventLoop.run(NioEventLoop.java:458)
	at org.apache.ratis.thirdparty.io.netty.util.concurrent.SingleThreadEventExecutor$5.run(SingleThreadEventExecutor.java:897)
	at org.apache.ratis.thirdparty.io.netty.util.concurrent.FastThreadLocalRunnable.run(FastThreadLocalRunnable.java:30)
	... 1 more
Caused by: java.net.ConnectException: Connection refused
	... 11 more
2019-10-18 07:24:23,768 [12ad0800-05cb-443c-9fdd-fa1debf04523@group-BCB82A5C07F5-LeaderElection1321] INFO  impl.LeaderElection (LogUtils.java:infoOrTrace(149)) - 12ad0800-05cb-443c-9fdd-fa1debf04523@group-BCB82A5C07F5-LeaderElection1321 got exception when requesting votes: {}
java.util.concurrent.ExecutionException: org.apache.ratis.thirdparty.io.grpc.StatusRuntimeException: UNAVAILABLE: io exception
	at java.util.concurrent.FutureTask.report(FutureTask.java:122)
	at java.util.concurrent.FutureTask.get(FutureTask.java:192)
	at org.apache.ratis.server.impl.LeaderElection.waitForResults(LeaderElection.java:259)
	at org.apache.ratis.server.impl.LeaderElection.askForVotes(LeaderElection.java:197)
	at org.apache.ratis.server.impl.LeaderElection.run(LeaderElection.java:133)
	at java.lang.Thread.run(Thread.java:748)
Caused by: org.apache.ratis.thirdparty.io.grpc.StatusRuntimeException: UNAVAILABLE: io exception
	at org.apache.ratis.thirdparty.io.grpc.stub.ClientCalls.toStatusRuntimeException(ClientCalls.java:233)
	at org.apache.ratis.thirdparty.io.grpc.stub.ClientCalls.getUnchecked(ClientCalls.java:214)
	at org.apache.ratis.thirdparty.io.grpc.stub.ClientCalls.blockingUnaryCall(ClientCalls.java:139)
	at org.apache.ratis.proto.grpc.RaftServerProtocolServiceGrpc$RaftServerProtocolServiceBlockingStub.requestVote(RaftServerProtocolServiceGrpc.java:265)
	at org.apache.ratis.grpc.server.GrpcServerProtocolClient.requestVote(GrpcServerProtocolClient.java:99)
	at org.apache.ratis.grpc.server.GrpcService.requestVote(GrpcService.java:204)
	at org.apache.ratis.server.impl.LeaderElection.lambda$submitRequests$1(LeaderElection.java:234)
	at java.util.concurrent.FutureTask.run(FutureTask.java:266)
	at java.util.concurrent.Executors$RunnableAdapter.call(Executors.java:511)
	at java.util.concurrent.FutureTask.run(FutureTask.java:266)
	at java.util.concurrent.ThreadPoolExecutor.runWorker(ThreadPoolExecutor.java:1149)
	at java.util.concurrent.ThreadPoolExecutor$Worker.run(ThreadPoolExecutor.java:624)
	... 1 more
Caused by: org.apache.ratis.thirdparty.io.netty.channel.AbstractChannel$AnnotatedConnectException: Connection refused: /192.168.34.25:45248
	at sun.nio.ch.SocketChannelImpl.checkConnect(Native Method)
	at sun.nio.ch.SocketChannelImpl.finishConnect(SocketChannelImpl.java:717)
	at org.apache.ratis.thirdparty.io.netty.channel.socket.nio.NioSocketChannel.doFinishConnect(NioSocketChannel.java:327)
	at org.apache.ratis.thirdparty.io.netty.channel.nio.AbstractNioChannel$AbstractNioUnsafe.finishConnect(AbstractNioChannel.java:340)
	at org.apache.ratis.thirdparty.io.netty.channel.nio.NioEventLoop.processSelectedKey(NioEventLoop.java:632)
	at org.apache.ratis.thirdparty.io.netty.channel.nio.NioEventLoop.processSelectedKeysOptimized(NioEventLoop.java:579)
	at org.apache.ratis.thirdparty.io.netty.channel.nio.NioEventLoop.processSelectedKeys(NioEventLoop.java:496)
	at org.apache.ratis.thirdparty.io.netty.channel.nio.NioEventLoop.run(NioEventLoop.java:458)
	at org.apache.ratis.thirdparty.io.netty.util.concurrent.SingleThreadEventExecutor$5.run(SingleThreadEventExecutor.java:897)
	at org.apache.ratis.thirdparty.io.netty.util.concurrent.FastThreadLocalRunnable.run(FastThreadLocalRunnable.java:30)
	... 1 more
Caused by: java.net.ConnectException: Connection refused
	... 11 more
2019-10-18 07:24:23,769 [12ad0800-05cb-443c-9fdd-fa1debf04523@group-BCB82A5C07F5-LeaderElection1321] INFO  impl.LeaderElection (LeaderElection.java:logAndReturn(56)) - 12ad0800-05cb-443c-9fdd-fa1debf04523@group-BCB82A5C07F5-LeaderElection1321: Election REJECTED; received 0 response(s) [] and 2 exception(s); 12ad0800-05cb-443c-9fdd-fa1debf04523@group-BCB82A5C07F5:t265, leader=null, voted=12ad0800-05cb-443c-9fdd-fa1debf04523, raftlog=12ad0800-05cb-443c-9fdd-fa1debf04523@group-BCB82A5C07F5-SegmentedRaftLog:OPENED:c-1,f-1,i0, conf=-1: [12ad0800-05cb-443c-9fdd-fa1debf04523:192.168.34.25:41155, 5170c5f3-8499-4b42-9321-85fc8a351f79:192.168.34.25:43074, 0b10a9fc-47eb-4a2b-b664-8273d9d17379:192.168.34.25:45248], old=null
2019-10-18 07:24:23,769 [12ad0800-05cb-443c-9fdd-fa1debf04523@group-BCB82A5C07F5-LeaderElection1321] INFO  impl.LeaderElection (LogUtils.java:infoOrTrace(149)) -   Exception 0: {}
java.util.concurrent.ExecutionException: org.apache.ratis.thirdparty.io.grpc.StatusRuntimeException: UNAVAILABLE: io exception
	at java.util.concurrent.FutureTask.report(FutureTask.java:122)
	at java.util.concurrent.FutureTask.get(FutureTask.java:192)
	at org.apache.ratis.server.impl.LeaderElection.waitForResults(LeaderElection.java:259)
	at org.apache.ratis.server.impl.LeaderElection.askForVotes(LeaderElection.java:197)
	at org.apache.ratis.server.impl.LeaderElection.run(LeaderElection.java:133)
	at java.lang.Thread.run(Thread.java:748)
Caused by: org.apache.ratis.thirdparty.io.grpc.StatusRuntimeException: UNAVAILABLE: io exception
	at org.apache.ratis.thirdparty.io.grpc.stub.ClientCalls.toStatusRuntimeException(ClientCalls.java:233)
	at org.apache.ratis.thirdparty.io.grpc.stub.ClientCalls.getUnchecked(ClientCalls.java:214)
	at org.apache.ratis.thirdparty.io.grpc.stub.ClientCalls.blockingUnaryCall(ClientCalls.java:139)
	at org.apache.ratis.proto.grpc.RaftServerProtocolServiceGrpc$RaftServerProtocolServiceBlockingStub.requestVote(RaftServerProtocolServiceGrpc.java:265)
	at org.apache.ratis.grpc.server.GrpcServerProtocolClient.requestVote(GrpcServerProtocolClient.java:99)
	at org.apache.ratis.grpc.server.GrpcService.requestVote(GrpcService.java:204)
	at org.apache.ratis.server.impl.LeaderElection.lambda$submitRequests$1(LeaderElection.java:234)
	at java.util.concurrent.FutureTask.run(FutureTask.java:266)
	at java.util.concurrent.Executors$RunnableAdapter.call(Executors.java:511)
	at java.util.concurrent.FutureTask.run(FutureTask.java:266)
	at java.util.concurrent.ThreadPoolExecutor.runWorker(ThreadPoolExecutor.java:1149)
	at java.util.concurrent.ThreadPoolExecutor$Worker.run(ThreadPoolExecutor.java:624)
	... 1 more
Caused by: org.apache.ratis.thirdparty.io.netty.channel.AbstractChannel$AnnotatedConnectException: Connection refused: /192.168.34.25:43074
	at sun.nio.ch.SocketChannelImpl.checkConnect(Native Method)
	at sun.nio.ch.SocketChannelImpl.finishConnect(SocketChannelImpl.java:717)
	at org.apache.ratis.thirdparty.io.netty.channel.socket.nio.NioSocketChannel.doFinishConnect(NioSocketChannel.java:327)
	at org.apache.ratis.thirdparty.io.netty.channel.nio.AbstractNioChannel$AbstractNioUnsafe.finishConnect(AbstractNioChannel.java:340)
	at org.apache.ratis.thirdparty.io.netty.channel.nio.NioEventLoop.processSelectedKey(NioEventLoop.java:632)
	at org.apache.ratis.thirdparty.io.netty.channel.nio.NioEventLoop.processSelectedKeysOptimized(NioEventLoop.java:579)
	at org.apache.ratis.thirdparty.io.netty.channel.nio.NioEventLoop.processSelectedKeys(NioEventLoop.java:496)
	at org.apache.ratis.thirdparty.io.netty.channel.nio.NioEventLoop.run(NioEventLoop.java:458)
	at org.apache.ratis.thirdparty.io.netty.util.concurrent.SingleThreadEventExecutor$5.run(SingleThreadEventExecutor.java:897)
	at org.apache.ratis.thirdparty.io.netty.util.concurrent.FastThreadLocalRunnable.run(FastThreadLocalRunnable.java:30)
	... 1 more
Caused by: java.net.ConnectException: Connection refused
	... 11 more
2019-10-18 07:24:23,769 [12ad0800-05cb-443c-9fdd-fa1debf04523@group-BCB82A5C07F5-LeaderElection1321] INFO  impl.LeaderElection (LogUtils.java:infoOrTrace(149)) -   Exception 1: {}
java.util.concurrent.ExecutionException: org.apache.ratis.thirdparty.io.grpc.StatusRuntimeException: UNAVAILABLE: io exception
	at java.util.concurrent.FutureTask.report(FutureTask.java:122)
	at java.util.concurrent.FutureTask.get(FutureTask.java:192)
	at org.apache.ratis.server.impl.LeaderElection.waitForResults(LeaderElection.java:259)
	at org.apache.ratis.server.impl.LeaderElection.askForVotes(LeaderElection.java:197)
	at org.apache.ratis.server.impl.LeaderElection.run(LeaderElection.java:133)
	at java.lang.Thread.run(Thread.java:748)
Caused by: org.apache.ratis.thirdparty.io.grpc.StatusRuntimeException: UNAVAILABLE: io exception
	at org.apache.ratis.thirdparty.io.grpc.stub.ClientCalls.toStatusRuntimeException(ClientCalls.java:233)
	at org.apache.ratis.thirdparty.io.grpc.stub.ClientCalls.getUnchecked(ClientCalls.java:214)
	at org.apache.ratis.thirdparty.io.grpc.stub.ClientCalls.blockingUnaryCall(ClientCalls.java:139)
	at org.apache.ratis.proto.grpc.RaftServerProtocolServiceGrpc$RaftServerProtocolServiceBlockingStub.requestVote(RaftServerProtocolServiceGrpc.java:265)
	at org.apache.ratis.grpc.server.GrpcServerProtocolClient.requestVote(GrpcServerProtocolClient.java:99)
	at org.apache.ratis.grpc.server.GrpcService.requestVote(GrpcService.java:204)
	at org.apache.ratis.server.impl.LeaderElection.lambda$submitRequests$1(LeaderElection.java:234)
	at java.util.concurrent.FutureTask.run(FutureTask.java:266)
	at java.util.concurrent.Executors$RunnableAdapter.call(Executors.java:511)
	at java.util.concurrent.FutureTask.run(FutureTask.java:266)
	at java.util.concurrent.ThreadPoolExecutor.runWorker(ThreadPoolExecutor.java:1149)
	at java.util.concurrent.ThreadPoolExecutor$Worker.run(ThreadPoolExecutor.java:624)
	... 1 more
Caused by: org.apache.ratis.thirdparty.io.netty.channel.AbstractChannel$AnnotatedConnectException: Connection refused: /192.168.34.25:45248
	at sun.nio.ch.SocketChannelImpl.checkConnect(Native Method)
	at sun.nio.ch.SocketChannelImpl.finishConnect(SocketChannelImpl.java:717)
	at org.apache.ratis.thirdparty.io.netty.channel.socket.nio.NioSocketChannel.doFinishConnect(NioSocketChannel.java:327)
	at org.apache.ratis.thirdparty.io.netty.channel.nio.AbstractNioChannel$AbstractNioUnsafe.finishConnect(AbstractNioChannel.java:340)
	at org.apache.ratis.thirdparty.io.netty.channel.nio.NioEventLoop.processSelectedKey(NioEventLoop.java:632)
	at org.apache.ratis.thirdparty.io.netty.channel.nio.NioEventLoop.processSelectedKeysOptimized(NioEventLoop.java:579)
	at org.apache.ratis.thirdparty.io.netty.channel.nio.NioEventLoop.processSelectedKeys(NioEventLoop.java:496)
	at org.apache.ratis.thirdparty.io.netty.channel.nio.NioEventLoop.run(NioEventLoop.java:458)
	at org.apache.ratis.thirdparty.io.netty.util.concurrent.SingleThreadEventExecutor$5.run(SingleThreadEventExecutor.java:897)
	at org.apache.ratis.thirdparty.io.netty.util.concurrent.FastThreadLocalRunnable.run(FastThreadLocalRunnable.java:30)
	... 1 more
Caused by: java.net.ConnectException: Connection refused
	... 11 more
2019-10-18 07:24:23,769 [12ad0800-05cb-443c-9fdd-fa1debf04523@group-BCB82A5C07F5-LeaderElection1321] INFO  impl.RaftServerImpl (RaftServerImpl.java:setRole(184)) - 12ad0800-05cb-443c-9fdd-fa1debf04523@group-BCB82A5C07F5: changes role from CANDIDATE to FOLLOWER at term 265 for DISCOVERED_A_NEW_TERM
2019-10-18 07:24:23,770 [12ad0800-05cb-443c-9fdd-fa1debf04523@group-BCB82A5C07F5-LeaderElection1321] INFO  impl.RoleInfo (RoleInfo.java:shutdownLeaderElection(134)) - 12ad0800-05cb-443c-9fdd-fa1debf04523: shutdown LeaderElection
2019-10-18 07:24:23,770 [12ad0800-05cb-443c-9fdd-fa1debf04523@group-BCB82A5C07F5-LeaderElection1321] INFO  impl.RoleInfo (RoleInfo.java:updateAndGet(143)) - 12ad0800-05cb-443c-9fdd-fa1debf04523: start FollowerState
2019-10-18 07:24:23,791 [java.util.concurrent.ThreadPoolExecutor$Worker@79ed443[State = -1, empty queue]] WARN  server.GrpcLogAppender (GrpcLogAppender.java:timeoutAppendRequest(209)) - 030c2313-1c2c-4b42-81fb-cb58ee93f992@group-E193FE271C99->716dc1a1-4b82-41d5-9ffe-93d5e40efbd9-GrpcLogAppender: appendEntries Timeout, request=030c2313-1c2c-4b42-81fb-cb58ee93f992->716dc1a1-4b82-41d5-9ffe-93d5e40efbd9#74-t1, previous=(t:1, i:10), leaderCommit=10, initializing? false, entries: <empty>
2019-10-18 07:24:23,913 [Thread-11182] INFO  impl.FollowerState (FollowerState.java:run(108)) - 12ad0800-05cb-443c-9fdd-fa1debf04523@group-BCB82A5C07F5-FollowerState: change to CANDIDATE, lastRpcTime:143ms, electionTimeout:143ms
2019-10-18 07:24:23,913 [Thread-11182] INFO  impl.RoleInfo (RoleInfo.java:shutdownFollowerState(121)) - 12ad0800-05cb-443c-9fdd-fa1debf04523: shutdown FollowerState
2019-10-18 07:24:23,913 [Thread-11182] INFO  impl.RaftServerImpl (RaftServerImpl.java:setRole(184)) - 12ad0800-05cb-443c-9fdd-fa1debf04523@group-BCB82A5C07F5: changes role from  FOLLOWER to CANDIDATE at term 265 for changeToCandidate
2019-10-18 07:24:23,913 [Thread-11182] INFO  impl.RoleInfo (RoleInfo.java:updateAndGet(143)) - 12ad0800-05cb-443c-9fdd-fa1debf04523: start LeaderElection
2019-10-18 07:24:23,943 [12ad0800-05cb-443c-9fdd-fa1debf04523@group-BCB82A5C07F5-LeaderElection1322] INFO  impl.LeaderElection (LeaderElection.java:askForVotes(178)) - 12ad0800-05cb-443c-9fdd-fa1debf04523@group-BCB82A5C07F5-LeaderElection1322: begin an election at term 266 for -1: [12ad0800-05cb-443c-9fdd-fa1debf04523:192.168.34.25:41155, 5170c5f3-8499-4b42-9321-85fc8a351f79:192.168.34.25:43074, 0b10a9fc-47eb-4a2b-b664-8273d9d17379:192.168.34.25:45248], old=null
2019-10-18 07:24:23,943 [12ad0800-05cb-443c-9fdd-fa1debf04523@group-BCB82A5C07F5-LeaderElection1322] INFO  impl.LeaderElection (LogUtils.java:infoOrTrace(149)) - 12ad0800-05cb-443c-9fdd-fa1debf04523@group-BCB82A5C07F5-LeaderElection1322 got exception when requesting votes: {}
java.util.concurrent.ExecutionException: org.apache.ratis.thirdparty.io.grpc.StatusRuntimeException: UNAVAILABLE: io exception
	at java.util.concurrent.FutureTask.report(FutureTask.java:122)
	at java.util.concurrent.FutureTask.get(FutureTask.java:192)
	at org.apache.ratis.server.impl.LeaderElection.waitForResults(LeaderElection.java:259)
	at org.apache.ratis.server.impl.LeaderElection.askForVotes(LeaderElection.java:197)
	at org.apache.ratis.server.impl.LeaderElection.run(LeaderElection.java:133)
	at java.lang.Thread.run(Thread.java:748)
Caused by: org.apache.ratis.thirdparty.io.grpc.StatusRuntimeException: UNAVAILABLE: io exception
	at org.apache.ratis.thirdparty.io.grpc.stub.ClientCalls.toStatusRuntimeException(ClientCalls.java:233)
	at org.apache.ratis.thirdparty.io.grpc.stub.ClientCalls.getUnchecked(ClientCalls.java:214)
	at org.apache.ratis.thirdparty.io.grpc.stub.ClientCalls.blockingUnaryCall(ClientCalls.java:139)
	at org.apache.ratis.proto.grpc.RaftServerProtocolServiceGrpc$RaftServerProtocolServiceBlockingStub.requestVote(RaftServerProtocolServiceGrpc.java:265)
	at org.apache.ratis.grpc.server.GrpcServerProtocolClient.requestVote(GrpcServerProtocolClient.java:99)
	at org.apache.ratis.grpc.server.GrpcService.requestVote(GrpcService.java:204)
	at org.apache.ratis.server.impl.LeaderElection.lambda$submitRequests$1(LeaderElection.java:234)
	at java.util.concurrent.FutureTask.run(FutureTask.java:266)
	at java.util.concurrent.Executors$RunnableAdapter.call(Executors.java:511)
	at java.util.concurrent.FutureTask.run(FutureTask.java:266)
	at java.util.concurrent.ThreadPoolExecutor.runWorker(ThreadPoolExecutor.java:1149)
	at java.util.concurrent.ThreadPoolExecutor$Worker.run(ThreadPoolExecutor.java:624)
	... 1 more
Caused by: org.apache.ratis.thirdparty.io.netty.channel.AbstractChannel$AnnotatedConnectException: Connection refused: /192.168.34.25:45248
	at sun.nio.ch.SocketChannelImpl.checkConnect(Native Method)
	at sun.nio.ch.SocketChannelImpl.finishConnect(SocketChannelImpl.java:717)
	at org.apache.ratis.thirdparty.io.netty.channel.socket.nio.NioSocketChannel.doFinishConnect(NioSocketChannel.java:327)
	at org.apache.ratis.thirdparty.io.netty.channel.nio.AbstractNioChannel$AbstractNioUnsafe.finishConnect(AbstractNioChannel.java:340)
	at org.apache.ratis.thirdparty.io.netty.channel.nio.NioEventLoop.processSelectedKey(NioEventLoop.java:632)
	at org.apache.ratis.thirdparty.io.netty.channel.nio.NioEventLoop.processSelectedKeysOptimized(NioEventLoop.java:579)
	at org.apache.ratis.thirdparty.io.netty.channel.nio.NioEventLoop.processSelectedKeys(NioEventLoop.java:496)
	at org.apache.ratis.thirdparty.io.netty.channel.nio.NioEventLoop.run(NioEventLoop.java:458)
	at org.apache.ratis.thirdparty.io.netty.util.concurrent.SingleThreadEventExecutor$5.run(SingleThreadEventExecutor.java:897)
	at org.apache.ratis.thirdparty.io.netty.util.concurrent.FastThreadLocalRunnable.run(FastThreadLocalRunnable.java:30)
	... 1 more
Caused by: java.net.ConnectException: Connection refused
	... 11 more
2019-10-18 07:24:23,944 [12ad0800-05cb-443c-9fdd-fa1debf04523@group-BCB82A5C07F5-LeaderElection1322] INFO  impl.LeaderElection (LogUtils.java:infoOrTrace(149)) - 12ad0800-05cb-443c-9fdd-fa1debf04523@group-BCB82A5C07F5-LeaderElection1322 got exception when requesting votes: {}
java.util.concurrent.ExecutionException: org.apache.ratis.thirdparty.io.grpc.StatusRuntimeException: UNAVAILABLE: io exception
	at java.util.concurrent.FutureTask.report(FutureTask.java:122)
	at java.util.concurrent.FutureTask.get(FutureTask.java:192)
	at org.apache.ratis.server.impl.LeaderElection.waitForResults(LeaderElection.java:259)
	at org.apache.ratis.server.impl.LeaderElection.askForVotes(LeaderElection.java:197)
	at org.apache.ratis.server.impl.LeaderElection.run(LeaderElection.java:133)
	at java.lang.Thread.run(Thread.java:748)
Caused by: org.apache.ratis.thirdparty.io.grpc.StatusRuntimeException: UNAVAILABLE: io exception
	at org.apache.ratis.thirdparty.io.grpc.stub.ClientCalls.toStatusRuntimeException(ClientCalls.java:233)
	at org.apache.ratis.thirdparty.io.grpc.stub.ClientCalls.getUnchecked(ClientCalls.java:214)
	at org.apache.ratis.thirdparty.io.grpc.stub.ClientCalls.blockingUnaryCall(ClientCalls.java:139)
	at org.apache.ratis.proto.grpc.RaftServerProtocolServiceGrpc$RaftServerProtocolServiceBlockingStub.requestVote(RaftServerProtocolServiceGrpc.java:265)
	at org.apache.ratis.grpc.server.GrpcServerProtocolClient.requestVote(GrpcServerProtocolClient.java:99)
	at org.apache.ratis.grpc.server.GrpcService.requestVote(GrpcService.java:204)
	at org.apache.ratis.server.impl.LeaderElection.lambda$submitRequests$1(LeaderElection.java:234)
	at java.util.concurrent.FutureTask.run(FutureTask.java:266)
	at java.util.concurrent.Executors$RunnableAdapter.call(Executors.java:511)
	at java.util.concurrent.FutureTask.run(FutureTask.java:266)
	at java.util.concurrent.ThreadPoolExecutor.runWorker(ThreadPoolExecutor.java:1149)
	at java.util.concurrent.ThreadPoolExecutor$Worker.run(ThreadPoolExecutor.java:624)
	... 1 more
Caused by: org.apache.ratis.thirdparty.io.netty.channel.AbstractChannel$AnnotatedConnectException: Connection refused: /192.168.34.25:43074
	at sun.nio.ch.SocketChannelImpl.checkConnect(Native Method)
	at sun.nio.ch.SocketChannelImpl.finishConnect(SocketChannelImpl.java:717)
	at org.apache.ratis.thirdparty.io.netty.channel.socket.nio.NioSocketChannel.doFinishConnect(NioSocketChannel.java:327)
	at org.apache.ratis.thirdparty.io.netty.channel.nio.AbstractNioChannel$AbstractNioUnsafe.finishConnect(AbstractNioChannel.java:340)
	at org.apache.ratis.thirdparty.io.netty.channel.nio.NioEventLoop.processSelectedKey(NioEventLoop.java:632)
	at org.apache.ratis.thirdparty.io.netty.channel.nio.NioEventLoop.processSelectedKeysOptimized(NioEventLoop.java:579)
	at org.apache.ratis.thirdparty.io.netty.channel.nio.NioEventLoop.processSelectedKeys(NioEventLoop.java:496)
	at org.apache.ratis.thirdparty.io.netty.channel.nio.NioEventLoop.run(NioEventLoop.java:458)
	at org.apache.ratis.thirdparty.io.netty.util.concurrent.SingleThreadEventExecutor$5.run(SingleThreadEventExecutor.java:897)
	at org.apache.ratis.thirdparty.io.netty.util.concurrent.FastThreadLocalRunnable.run(FastThreadLocalRunnable.java:30)
	... 1 more
Caused by: java.net.ConnectException: Connection refused
	... 11 more
2019-10-18 07:24:23,944 [12ad0800-05cb-443c-9fdd-fa1debf04523@group-BCB82A5C07F5-LeaderElection1322] INFO  impl.LeaderElection (LeaderElection.java:logAndReturn(56)) - 12ad0800-05cb-443c-9fdd-fa1debf04523@group-BCB82A5C07F5-LeaderElection1322: Election REJECTED; received 0 response(s) [] and 2 exception(s); 12ad0800-05cb-443c-9fdd-fa1debf04523@group-BCB82A5C07F5:t266, leader=null, voted=12ad0800-05cb-443c-9fdd-fa1debf04523, raftlog=12ad0800-05cb-443c-9fdd-fa1debf04523@group-BCB82A5C07F5-SegmentedRaftLog:OPENED:c-1,f-1,i0, conf=-1: [12ad0800-05cb-443c-9fdd-fa1debf04523:192.168.34.25:41155, 5170c5f3-8499-4b42-9321-85fc8a351f79:192.168.34.25:43074, 0b10a9fc-47eb-4a2b-b664-8273d9d17379:192.168.34.25:45248], old=null
2019-10-18 07:24:23,945 [12ad0800-05cb-443c-9fdd-fa1debf04523@group-BCB82A5C07F5-LeaderElection1322] INFO  impl.LeaderElection (LogUtils.java:infoOrTrace(149)) -   Exception 0: {}
java.util.concurrent.ExecutionException: org.apache.ratis.thirdparty.io.grpc.StatusRuntimeException: UNAVAILABLE: io exception
	at java.util.concurrent.FutureTask.report(FutureTask.java:122)
	at java.util.concurrent.FutureTask.get(FutureTask.java:192)
	at org.apache.ratis.server.impl.LeaderElection.waitForResults(LeaderElection.java:259)
	at org.apache.ratis.server.impl.LeaderElection.askForVotes(LeaderElection.java:197)
	at org.apache.ratis.server.impl.LeaderElection.run(LeaderElection.java:133)
	at java.lang.Thread.run(Thread.java:748)
Caused by: org.apache.ratis.thirdparty.io.grpc.StatusRuntimeException: UNAVAILABLE: io exception
	at org.apache.ratis.thirdparty.io.grpc.stub.ClientCalls.toStatusRuntimeException(ClientCalls.java:233)
	at org.apache.ratis.thirdparty.io.grpc.stub.ClientCalls.getUnchecked(ClientCalls.java:214)
	at org.apache.ratis.thirdparty.io.grpc.stub.ClientCalls.blockingUnaryCall(ClientCalls.java:139)
	at org.apache.ratis.proto.grpc.RaftServerProtocolServiceGrpc$RaftServerProtocolServiceBlockingStub.requestVote(RaftServerProtocolServiceGrpc.java:265)
	at org.apache.ratis.grpc.server.GrpcServerProtocolClient.requestVote(GrpcServerProtocolClient.java:99)
	at org.apache.ratis.grpc.server.GrpcService.requestVote(GrpcService.java:204)
	at org.apache.ratis.server.impl.LeaderElection.lambda$submitRequests$1(LeaderElection.java:234)
	at java.util.concurrent.FutureTask.run(FutureTask.java:266)
	at java.util.concurrent.Executors$RunnableAdapter.call(Executors.java:511)
	at java.util.concurrent.FutureTask.run(FutureTask.java:266)
	at java.util.concurrent.ThreadPoolExecutor.runWorker(ThreadPoolExecutor.java:1149)
	at java.util.concurrent.ThreadPoolExecutor$Worker.run(ThreadPoolExecutor.java:624)
	... 1 more
Caused by: org.apache.ratis.thirdparty.io.netty.channel.AbstractChannel$AnnotatedConnectException: Connection refused: /192.168.34.25:45248
	at sun.nio.ch.SocketChannelImpl.checkConnect(Native Method)
	at sun.nio.ch.SocketChannelImpl.finishConnect(SocketChannelImpl.java:717)
	at org.apache.ratis.thirdparty.io.netty.channel.socket.nio.NioSocketChannel.doFinishConnect(NioSocketChannel.java:327)
	at org.apache.ratis.thirdparty.io.netty.channel.nio.AbstractNioChannel$AbstractNioUnsafe.finishConnect(AbstractNioChannel.java:340)
	at org.apache.ratis.thirdparty.io.netty.channel.nio.NioEventLoop.processSelectedKey(NioEventLoop.java:632)
	at org.apache.ratis.thirdparty.io.netty.channel.nio.NioEventLoop.processSelectedKeysOptimized(NioEventLoop.java:579)
	at org.apache.ratis.thirdparty.io.netty.channel.nio.NioEventLoop.processSelectedKeys(NioEventLoop.java:496)
	at org.apache.ratis.thirdparty.io.netty.channel.nio.NioEventLoop.run(NioEventLoop.java:458)
	at org.apache.ratis.thirdparty.io.netty.util.concurrent.SingleThreadEventExecutor$5.run(SingleThreadEventExecutor.java:897)
	at org.apache.ratis.thirdparty.io.netty.util.concurrent.FastThreadLocalRunnable.run(FastThreadLocalRunnable.java:30)
	... 1 more
Caused by: java.net.ConnectException: Connection refused
	... 11 more
2019-10-18 07:24:23,945 [12ad0800-05cb-443c-9fdd-fa1debf04523@group-BCB82A5C07F5-LeaderElection1322] INFO  impl.LeaderElection (LogUtils.java:infoOrTrace(149)) -   Exception 1: {}
java.util.concurrent.ExecutionException: org.apache.ratis.thirdparty.io.grpc.StatusRuntimeException: UNAVAILABLE: io exception
	at java.util.concurrent.FutureTask.report(FutureTask.java:122)
	at java.util.concurrent.FutureTask.get(FutureTask.java:192)
	at org.apache.ratis.server.impl.LeaderElection.waitForResults(LeaderElection.java:259)
	at org.apache.ratis.server.impl.LeaderElection.askForVotes(LeaderElection.java:197)
	at org.apache.ratis.server.impl.LeaderElection.run(LeaderElection.java:133)
	at java.lang.Thread.run(Thread.java:748)
Caused by: org.apache.ratis.thirdparty.io.grpc.StatusRuntimeException: UNAVAILABLE: io exception
	at org.apache.ratis.thirdparty.io.grpc.stub.ClientCalls.toStatusRuntimeException(ClientCalls.java:233)
	at org.apache.ratis.thirdparty.io.grpc.stub.ClientCalls.getUnchecked(ClientCalls.java:214)
	at org.apache.ratis.thirdparty.io.grpc.stub.ClientCalls.blockingUnaryCall(ClientCalls.java:139)
	at org.apache.ratis.proto.grpc.RaftServerProtocolServiceGrpc$RaftServerProtocolServiceBlockingStub.requestVote(RaftServerProtocolServiceGrpc.java:265)
	at org.apache.ratis.grpc.server.GrpcServerProtocolClient.requestVote(GrpcServerProtocolClient.java:99)
	at org.apache.ratis.grpc.server.GrpcService.requestVote(GrpcService.java:204)
	at org.apache.ratis.server.impl.LeaderElection.lambda$submitRequests$1(LeaderElection.java:234)
	at java.util.concurrent.FutureTask.run(FutureTask.java:266)
	at java.util.concurrent.Executors$RunnableAdapter.call(Executors.java:511)
	at java.util.concurrent.FutureTask.run(FutureTask.java:266)
	at java.util.concurrent.ThreadPoolExecutor.runWorker(ThreadPoolExecutor.java:1149)
	at java.util.concurrent.ThreadPoolExecutor$Worker.run(ThreadPoolExecutor.java:624)
	... 1 more
Caused by: org.apache.ratis.thirdparty.io.netty.channel.AbstractChannel$AnnotatedConnectException: Connection refused: /192.168.34.25:43074
	at sun.nio.ch.SocketChannelImpl.checkConnect(Native Method)
	at sun.nio.ch.SocketChannelImpl.finishConnect(SocketChannelImpl.java:717)
	at org.apache.ratis.thirdparty.io.netty.channel.socket.nio.NioSocketChannel.doFinishConnect(NioSocketChannel.java:327)
	at org.apache.ratis.thirdparty.io.netty.channel.nio.AbstractNioChannel$AbstractNioUnsafe.finishConnect(AbstractNioChannel.java:340)
	at org.apache.ratis.thirdparty.io.netty.channel.nio.NioEventLoop.processSelectedKey(NioEventLoop.java:632)
	at org.apache.ratis.thirdparty.io.netty.channel.nio.NioEventLoop.processSelectedKeysOptimized(NioEventLoop.java:579)
	at org.apache.ratis.thirdparty.io.netty.channel.nio.NioEventLoop.processSelectedKeys(NioEventLoop.java:496)
	at org.apache.ratis.thirdparty.io.netty.channel.nio.NioEventLoop.run(NioEventLoop.java:458)
	at org.apache.ratis.thirdparty.io.netty.util.concurrent.SingleThreadEventExecutor$5.run(SingleThreadEventExecutor.java:897)
	at org.apache.ratis.thirdparty.io.netty.util.concurrent.FastThreadLocalRunnable.run(FastThreadLocalRunnable.java:30)
	... 1 more
Caused by: java.net.ConnectException: Connection refused
	... 11 more
2019-10-18 07:24:23,945 [12ad0800-05cb-443c-9fdd-fa1debf04523@group-BCB82A5C07F5-LeaderElection1322] INFO  impl.RaftServerImpl (RaftServerImpl.java:setRole(184)) - 12ad0800-05cb-443c-9fdd-fa1debf04523@group-BCB82A5C07F5: changes role from CANDIDATE to FOLLOWER at term 266 for DISCOVERED_A_NEW_TERM
2019-10-18 07:24:23,945 [12ad0800-05cb-443c-9fdd-fa1debf04523@group-BCB82A5C07F5-LeaderElection1322] INFO  impl.RoleInfo (RoleInfo.java:shutdownLeaderElection(134)) - 12ad0800-05cb-443c-9fdd-fa1debf04523: shutdown LeaderElection
2019-10-18 07:24:23,945 [12ad0800-05cb-443c-9fdd-fa1debf04523@group-BCB82A5C07F5-LeaderElection1322] INFO  impl.RoleInfo (RoleInfo.java:updateAndGet(143)) - 12ad0800-05cb-443c-9fdd-fa1debf04523: start FollowerState
2019-10-18 07:24:24,135 [Thread-11186] INFO  impl.FollowerState (FollowerState.java:run(108)) - 12ad0800-05cb-443c-9fdd-fa1debf04523@group-BCB82A5C07F5-FollowerState: change to CANDIDATE, lastRpcTime:189ms, electionTimeout:189ms
2019-10-18 07:24:24,135 [Thread-11186] INFO  impl.RoleInfo (RoleInfo.java:shutdownFollowerState(121)) - 12ad0800-05cb-443c-9fdd-fa1debf04523: shutdown FollowerState
2019-10-18 07:24:24,135 [Thread-11186] INFO  impl.RaftServerImpl (RaftServerImpl.java:setRole(184)) - 12ad0800-05cb-443c-9fdd-fa1debf04523@group-BCB82A5C07F5: changes role from  FOLLOWER to CANDIDATE at term 266 for changeToCandidate
2019-10-18 07:24:24,135 [Thread-11186] INFO  impl.RoleInfo (RoleInfo.java:updateAndGet(143)) - 12ad0800-05cb-443c-9fdd-fa1debf04523: start LeaderElection
2019-10-18 07:24:24,162 [12ad0800-05cb-443c-9fdd-fa1debf04523@group-BCB82A5C07F5-LeaderElection1323] INFO  impl.LeaderElection (LeaderElection.java:askForVotes(178)) - 12ad0800-05cb-443c-9fdd-fa1debf04523@group-BCB82A5C07F5-LeaderElection1323: begin an election at term 267 for -1: [12ad0800-05cb-443c-9fdd-fa1debf04523:192.168.34.25:41155, 5170c5f3-8499-4b42-9321-85fc8a351f79:192.168.34.25:43074, 0b10a9fc-47eb-4a2b-b664-8273d9d17379:192.168.34.25:45248], old=null
2019-10-18 07:24:24,163 [12ad0800-05cb-443c-9fdd-fa1debf04523@group-BCB82A5C07F5-LeaderElection1323] INFO  impl.LeaderElection (LogUtils.java:infoOrTrace(149)) - 12ad0800-05cb-443c-9fdd-fa1debf04523@group-BCB82A5C07F5-LeaderElection1323 got exception when requesting votes: {}
java.util.concurrent.ExecutionException: org.apache.ratis.thirdparty.io.grpc.StatusRuntimeException: UNAVAILABLE: io exception
	at java.util.concurrent.FutureTask.report(FutureTask.java:122)
	at java.util.concurrent.FutureTask.get(FutureTask.java:192)
	at org.apache.ratis.server.impl.LeaderElection.waitForResults(LeaderElection.java:259)
	at org.apache.ratis.server.impl.LeaderElection.askForVotes(LeaderElection.java:197)
	at org.apache.ratis.server.impl.LeaderElection.run(LeaderElection.java:133)
	at java.lang.Thread.run(Thread.java:748)
Caused by: org.apache.ratis.thirdparty.io.grpc.StatusRuntimeException: UNAVAILABLE: io exception
	at org.apache.ratis.thirdparty.io.grpc.stub.ClientCalls.toStatusRuntimeException(ClientCalls.java:233)
	at org.apache.ratis.thirdparty.io.grpc.stub.ClientCalls.getUnchecked(ClientCalls.java:214)
	at org.apache.ratis.thirdparty.io.grpc.stub.ClientCalls.blockingUnaryCall(ClientCalls.java:139)
	at org.apache.ratis.proto.grpc.RaftServerProtocolServiceGrpc$RaftServerProtocolServiceBlockingStub.requestVote(RaftServerProtocolServiceGrpc.java:265)
	at org.apache.ratis.grpc.server.GrpcServerProtocolClient.requestVote(GrpcServerProtocolClient.java:99)
	at org.apache.ratis.grpc.server.GrpcService.requestVote(GrpcService.java:204)
	at org.apache.ratis.server.impl.LeaderElection.lambda$submitRequests$1(LeaderElection.java:234)
	at java.util.concurrent.FutureTask.run(FutureTask.java:266)
	at java.util.concurrent.Executors$RunnableAdapter.call(Executors.java:511)
	at java.util.concurrent.FutureTask.run(FutureTask.java:266)
	at java.util.concurrent.ThreadPoolExecutor.runWorker(ThreadPoolExecutor.java:1149)
	at java.util.concurrent.ThreadPoolExecutor$Worker.run(ThreadPoolExecutor.java:624)
	... 1 more
Caused by: org.apache.ratis.thirdparty.io.netty.channel.AbstractChannel$AnnotatedConnectException: Connection refused: /192.168.34.25:45248
	at sun.nio.ch.SocketChannelImpl.checkConnect(Native Method)
	at sun.nio.ch.SocketChannelImpl.finishConnect(SocketChannelImpl.java:717)
	at org.apache.ratis.thirdparty.io.netty.channel.socket.nio.NioSocketChannel.doFinishConnect(NioSocketChannel.java:327)
	at org.apache.ratis.thirdparty.io.netty.channel.nio.AbstractNioChannel$AbstractNioUnsafe.finishConnect(AbstractNioChannel.java:340)
	at org.apache.ratis.thirdparty.io.netty.channel.nio.NioEventLoop.processSelectedKey(NioEventLoop.java:632)
	at org.apache.ratis.thirdparty.io.netty.channel.nio.NioEventLoop.processSelectedKeysOptimized(NioEventLoop.java:579)
	at org.apache.ratis.thirdparty.io.netty.channel.nio.NioEventLoop.processSelectedKeys(NioEventLoop.java:496)
	at org.apache.ratis.thirdparty.io.netty.channel.nio.NioEventLoop.run(NioEventLoop.java:458)
	at org.apache.ratis.thirdparty.io.netty.util.concurrent.SingleThreadEventExecutor$5.run(SingleThreadEventExecutor.java:897)
	at org.apache.ratis.thirdparty.io.netty.util.concurrent.FastThreadLocalRunnable.run(FastThreadLocalRunnable.java:30)
	... 1 more
Caused by: java.net.ConnectException: Connection refused
	... 11 more
2019-10-18 07:24:24,163 [12ad0800-05cb-443c-9fdd-fa1debf04523@group-BCB82A5C07F5-LeaderElection1323] INFO  impl.LeaderElection (LogUtils.java:infoOrTrace(149)) - 12ad0800-05cb-443c-9fdd-fa1debf04523@group-BCB82A5C07F5-LeaderElection1323 got exception when requesting votes: {}
java.util.concurrent.ExecutionException: org.apache.ratis.thirdparty.io.grpc.StatusRuntimeException: UNAVAILABLE: io exception
	at java.util.concurrent.FutureTask.report(FutureTask.java:122)
	at java.util.concurrent.FutureTask.get(FutureTask.java:192)
	at org.apache.ratis.server.impl.LeaderElection.waitForResults(LeaderElection.java:259)
	at org.apache.ratis.server.impl.LeaderElection.askForVotes(LeaderElection.java:197)
	at org.apache.ratis.server.impl.LeaderElection.run(LeaderElection.java:133)
	at java.lang.Thread.run(Thread.java:748)
Caused by: org.apache.ratis.thirdparty.io.grpc.StatusRuntimeException: UNAVAILABLE: io exception
	at org.apache.ratis.thirdparty.io.grpc.stub.ClientCalls.toStatusRuntimeException(ClientCalls.java:233)
	at org.apache.ratis.thirdparty.io.grpc.stub.ClientCalls.getUnchecked(ClientCalls.java:214)
	at org.apache.ratis.thirdparty.io.grpc.stub.ClientCalls.blockingUnaryCall(ClientCalls.java:139)
	at org.apache.ratis.proto.grpc.RaftServerProtocolServiceGrpc$RaftServerProtocolServiceBlockingStub.requestVote(RaftServerProtocolServiceGrpc.java:265)
	at org.apache.ratis.grpc.server.GrpcServerProtocolClient.requestVote(GrpcServerProtocolClient.java:99)
	at org.apache.ratis.grpc.server.GrpcService.requestVote(GrpcService.java:204)
	at org.apache.ratis.server.impl.LeaderElection.lambda$submitRequests$1(LeaderElection.java:234)
	at java.util.concurrent.FutureTask.run(FutureTask.java:266)
	at java.util.concurrent.Executors$RunnableAdapter.call(Executors.java:511)
	at java.util.concurrent.FutureTask.run(FutureTask.java:266)
	at java.util.concurrent.ThreadPoolExecutor.runWorker(ThreadPoolExecutor.java:1149)
	at java.util.concurrent.ThreadPoolExecutor$Worker.run(ThreadPoolExecutor.java:624)
	... 1 more
Caused by: org.apache.ratis.thirdparty.io.netty.channel.AbstractChannel$AnnotatedConnectException: Connection refused: /192.168.34.25:43074
	at sun.nio.ch.SocketChannelImpl.checkConnect(Native Method)
	at sun.nio.ch.SocketChannelImpl.finishConnect(SocketChannelImpl.java:717)
	at org.apache.ratis.thirdparty.io.netty.channel.socket.nio.NioSocketChannel.doFinishConnect(NioSocketChannel.java:327)
	at org.apache.ratis.thirdparty.io.netty.channel.nio.AbstractNioChannel$AbstractNioUnsafe.finishConnect(AbstractNioChannel.java:340)
	at org.apache.ratis.thirdparty.io.netty.channel.nio.NioEventLoop.processSelectedKey(NioEventLoop.java:632)
	at org.apache.ratis.thirdparty.io.netty.channel.nio.NioEventLoop.processSelectedKeysOptimized(NioEventLoop.java:579)
	at org.apache.ratis.thirdparty.io.netty.channel.nio.NioEventLoop.processSelectedKeys(NioEventLoop.java:496)
	at org.apache.ratis.thirdparty.io.netty.channel.nio.NioEventLoop.run(NioEventLoop.java:458)
	at org.apache.ratis.thirdparty.io.netty.util.concurrent.SingleThreadEventExecutor$5.run(SingleThreadEventExecutor.java:897)
	at org.apache.ratis.thirdparty.io.netty.util.concurrent.FastThreadLocalRunnable.run(FastThreadLocalRunnable.java:30)
	... 1 more
Caused by: java.net.ConnectException: Connection refused
	... 11 more
2019-10-18 07:24:24,163 [12ad0800-05cb-443c-9fdd-fa1debf04523@group-BCB82A5C07F5-LeaderElection1323] INFO  impl.LeaderElection (LeaderElection.java:logAndReturn(56)) - 12ad0800-05cb-443c-9fdd-fa1debf04523@group-BCB82A5C07F5-LeaderElection1323: Election REJECTED; received 0 response(s) [] and 2 exception(s); 12ad0800-05cb-443c-9fdd-fa1debf04523@group-BCB82A5C07F5:t267, leader=null, voted=12ad0800-05cb-443c-9fdd-fa1debf04523, raftlog=12ad0800-05cb-443c-9fdd-fa1debf04523@group-BCB82A5C07F5-SegmentedRaftLog:OPENED:c-1,f-1,i0, conf=-1: [12ad0800-05cb-443c-9fdd-fa1debf04523:192.168.34.25:41155, 5170c5f3-8499-4b42-9321-85fc8a351f79:192.168.34.25:43074, 0b10a9fc-47eb-4a2b-b664-8273d9d17379:192.168.34.25:45248], old=null
2019-10-18 07:24:24,164 [12ad0800-05cb-443c-9fdd-fa1debf04523@group-BCB82A5C07F5-LeaderElection1323] INFO  impl.LeaderElection (LogUtils.java:infoOrTrace(149)) -   Exception 0: {}
java.util.concurrent.ExecutionException: org.apache.ratis.thirdparty.io.grpc.StatusRuntimeException: UNAVAILABLE: io exception
	at java.util.concurrent.FutureTask.report(FutureTask.java:122)
	at java.util.concurrent.FutureTask.get(FutureTask.java:192)
	at org.apache.ratis.server.impl.LeaderElection.waitForResults(LeaderElection.java:259)
	at org.apache.ratis.server.impl.LeaderElection.askForVotes(LeaderElection.java:197)
	at org.apache.ratis.server.impl.LeaderElection.run(LeaderElection.java:133)
	at java.lang.Thread.run(Thread.java:748)
Caused by: org.apache.ratis.thirdparty.io.grpc.StatusRuntimeException: UNAVAILABLE: io exception
	at org.apache.ratis.thirdparty.io.grpc.stub.ClientCalls.toStatusRuntimeException(ClientCalls.java:233)
	at org.apache.ratis.thirdparty.io.grpc.stub.ClientCalls.getUnchecked(ClientCalls.java:214)
	at org.apache.ratis.thirdparty.io.grpc.stub.ClientCalls.blockingUnaryCall(ClientCalls.java:139)
	at org.apache.ratis.proto.grpc.RaftServerProtocolServiceGrpc$RaftServerProtocolServiceBlockingStub.requestVote(RaftServerProtocolServiceGrpc.java:265)
	at org.apache.ratis.grpc.server.GrpcServerProtocolClient.requestVote(GrpcServerProtocolClient.java:99)
	at org.apache.ratis.grpc.server.GrpcService.requestVote(GrpcService.java:204)
	at org.apache.ratis.server.impl.LeaderElection.lambda$submitRequests$1(LeaderElection.java:234)
	at java.util.concurrent.FutureTask.run(FutureTask.java:266)
	at java.util.concurrent.Executors$RunnableAdapter.call(Executors.java:511)
	at java.util.concurrent.FutureTask.run(FutureTask.java:266)
	at java.util.concurrent.ThreadPoolExecutor.runWorker(ThreadPoolExecutor.java:1149)
	at java.util.concurrent.ThreadPoolExecutor$Worker.run(ThreadPoolExecutor.java:624)
	... 1 more
Caused by: org.apache.ratis.thirdparty.io.netty.channel.AbstractChannel$AnnotatedConnectException: Connection refused: /192.168.34.25:45248
	at sun.nio.ch.SocketChannelImpl.checkConnect(Native Method)
	at sun.nio.ch.SocketChannelImpl.finishConnect(SocketChannelImpl.java:717)
	at org.apache.ratis.thirdparty.io.netty.channel.socket.nio.NioSocketChannel.doFinishConnect(NioSocketChannel.java:327)
	at org.apache.ratis.thirdparty.io.netty.channel.nio.AbstractNioChannel$AbstractNioUnsafe.finishConnect(AbstractNioChannel.java:340)
	at org.apache.ratis.thirdparty.io.netty.channel.nio.NioEventLoop.processSelectedKey(NioEventLoop.java:632)
	at org.apache.ratis.thirdparty.io.netty.channel.nio.NioEventLoop.processSelectedKeysOptimized(NioEventLoop.java:579)
	at org.apache.ratis.thirdparty.io.netty.channel.nio.NioEventLoop.processSelectedKeys(NioEventLoop.java:496)
	at org.apache.ratis.thirdparty.io.netty.channel.nio.NioEventLoop.run(NioEventLoop.java:458)
	at org.apache.ratis.thirdparty.io.netty.util.concurrent.SingleThreadEventExecutor$5.run(SingleThreadEventExecutor.java:897)
	at org.apache.ratis.thirdparty.io.netty.util.concurrent.FastThreadLocalRunnable.run(FastThreadLocalRunnable.java:30)
	... 1 more
Caused by: java.net.ConnectException: Connection refused
	... 11 more
2019-10-18 07:24:24,164 [12ad0800-05cb-443c-9fdd-fa1debf04523@group-BCB82A5C07F5-LeaderElection1323] INFO  impl.LeaderElection (LogUtils.java:infoOrTrace(149)) -   Exception 1: {}
java.util.concurrent.ExecutionException: org.apache.ratis.thirdparty.io.grpc.StatusRuntimeException: UNAVAILABLE: io exception
	at java.util.concurrent.FutureTask.report(FutureTask.java:122)
	at java.util.concurrent.FutureTask.get(FutureTask.java:192)
	at org.apache.ratis.server.impl.LeaderElection.waitForResults(LeaderElection.java:259)
	at org.apache.ratis.server.impl.LeaderElection.askForVotes(LeaderElection.java:197)
	at org.apache.ratis.server.impl.LeaderElection.run(LeaderElection.java:133)
	at java.lang.Thread.run(Thread.java:748)
Caused by: org.apache.ratis.thirdparty.io.grpc.StatusRuntimeException: UNAVAILABLE: io exception
	at org.apache.ratis.thirdparty.io.grpc.stub.ClientCalls.toStatusRuntimeException(ClientCalls.java:233)
	at org.apache.ratis.thirdparty.io.grpc.stub.ClientCalls.getUnchecked(ClientCalls.java:214)
	at org.apache.ratis.thirdparty.io.grpc.stub.ClientCalls.blockingUnaryCall(ClientCalls.java:139)
	at org.apache.ratis.proto.grpc.RaftServerProtocolServiceGrpc$RaftServerProtocolServiceBlockingStub.requestVote(RaftServerProtocolServiceGrpc.java:265)
	at org.apache.ratis.grpc.server.GrpcServerProtocolClient.requestVote(GrpcServerProtocolClient.java:99)
	at org.apache.ratis.grpc.server.GrpcService.requestVote(GrpcService.java:204)
	at org.apache.ratis.server.impl.LeaderElection.lambda$submitRequests$1(LeaderElection.java:234)
	at java.util.concurrent.FutureTask.run(FutureTask.java:266)
	at java.util.concurrent.Executors$RunnableAdapter.call(Executors.java:511)
	at java.util.concurrent.FutureTask.run(FutureTask.java:266)
	at java.util.concurrent.ThreadPoolExecutor.runWorker(ThreadPoolExecutor.java:1149)
	at java.util.concurrent.ThreadPoolExecutor$Worker.run(ThreadPoolExecutor.java:624)
	... 1 more
Caused by: org.apache.ratis.thirdparty.io.netty.channel.AbstractChannel$AnnotatedConnectException: Connection refused: /192.168.34.25:43074
	at sun.nio.ch.SocketChannelImpl.checkConnect(Native Method)
	at sun.nio.ch.SocketChannelImpl.finishConnect(SocketChannelImpl.java:717)
	at org.apache.ratis.thirdparty.io.netty.channel.socket.nio.NioSocketChannel.doFinishConnect(NioSocketChannel.java:327)
	at org.apache.ratis.thirdparty.io.netty.channel.nio.AbstractNioChannel$AbstractNioUnsafe.finishConnect(AbstractNioChannel.java:340)
	at org.apache.ratis.thirdparty.io.netty.channel.nio.NioEventLoop.processSelectedKey(NioEventLoop.java:632)
	at org.apache.ratis.thirdparty.io.netty.channel.nio.NioEventLoop.processSelectedKeysOptimized(NioEventLoop.java:579)
	at org.apache.ratis.thirdparty.io.netty.channel.nio.NioEventLoop.processSelectedKeys(NioEventLoop.java:496)
	at org.apache.ratis.thirdparty.io.netty.channel.nio.NioEventLoop.run(NioEventLoop.java:458)
	at org.apache.ratis.thirdparty.io.netty.util.concurrent.SingleThreadEventExecutor$5.run(SingleThreadEventExecutor.java:897)
	at org.apache.ratis.thirdparty.io.netty.util.concurrent.FastThreadLocalRunnable.run(FastThreadLocalRunnable.java:30)
	... 1 more
Caused by: java.net.ConnectException: Connection refused
	... 11 more
2019-10-18 07:24:24,164 [12ad0800-05cb-443c-9fdd-fa1debf04523@group-BCB82A5C07F5-LeaderElection1323] INFO  impl.RaftServerImpl (RaftServerImpl.java:setRole(184)) - 12ad0800-05cb-443c-9fdd-fa1debf04523@group-BCB82A5C07F5: changes role from CANDIDATE to FOLLOWER at term 267 for DISCOVERED_A_NEW_TERM
2019-10-18 07:24:24,164 [12ad0800-05cb-443c-9fdd-fa1debf04523@group-BCB82A5C07F5-LeaderElection1323] INFO  impl.RoleInfo (RoleInfo.java:shutdownLeaderElection(134)) - 12ad0800-05cb-443c-9fdd-fa1debf04523: shutdown LeaderElection
2019-10-18 07:24:24,164 [12ad0800-05cb-443c-9fdd-fa1debf04523@group-BCB82A5C07F5-LeaderElection1323] INFO  impl.RoleInfo (RoleInfo.java:updateAndGet(143)) - 12ad0800-05cb-443c-9fdd-fa1debf04523: start FollowerState
2019-10-18 07:24:24,266 [java.util.concurrent.ThreadPoolExecutor$Worker@1ddf09da[State = -1, empty queue]] WARN  server.GrpcLogAppender (GrpcLogAppender.java:timeoutAppendRequest(209)) - 030c2313-1c2c-4b42-81fb-cb58ee93f992@group-E193FE271C99->9712a796-5281-4f3e-ac85-61dedd90db73-GrpcLogAppender: appendEntries Timeout, request=030c2313-1c2c-4b42-81fb-cb58ee93f992->9712a796-5281-4f3e-ac85-61dedd90db73#75-t1, previous=(t:1, i:10), leaderCommit=10, initializing? false, entries: <empty>
2019-10-18 07:24:24,291 [java.util.concurrent.ThreadPoolExecutor$Worker@79ed443[State = -1, empty queue]] WARN  server.GrpcLogAppender (GrpcLogAppender.java:timeoutAppendRequest(209)) - 030c2313-1c2c-4b42-81fb-cb58ee93f992@group-E193FE271C99->716dc1a1-4b82-41d5-9ffe-93d5e40efbd9-GrpcLogAppender: appendEntries Timeout, request=030c2313-1c2c-4b42-81fb-cb58ee93f992->716dc1a1-4b82-41d5-9ffe-93d5e40efbd9#75-t1, previous=(t:1, i:10), leaderCommit=10, initializing? false, entries: <empty>
2019-10-18 07:24:24,332 [Thread-11190] INFO  impl.FollowerState (FollowerState.java:run(108)) - 12ad0800-05cb-443c-9fdd-fa1debf04523@group-BCB82A5C07F5-FollowerState: change to CANDIDATE, lastRpcTime:167ms, electionTimeout:167ms
2019-10-18 07:24:24,332 [Thread-11190] INFO  impl.RoleInfo (RoleInfo.java:shutdownFollowerState(121)) - 12ad0800-05cb-443c-9fdd-fa1debf04523: shutdown FollowerState
2019-10-18 07:24:24,332 [Thread-11190] INFO  impl.RaftServerImpl (RaftServerImpl.java:setRole(184)) - 12ad0800-05cb-443c-9fdd-fa1debf04523@group-BCB82A5C07F5: changes role from  FOLLOWER to CANDIDATE at term 267 for changeToCandidate
2019-10-18 07:24:24,332 [Thread-11190] INFO  impl.RoleInfo (RoleInfo.java:updateAndGet(143)) - 12ad0800-05cb-443c-9fdd-fa1debf04523: start LeaderElection
2019-10-18 07:24:24,353 [12ad0800-05cb-443c-9fdd-fa1debf04523@group-BCB82A5C07F5-LeaderElection1324] INFO  impl.LeaderElection (LeaderElection.java:askForVotes(178)) - 12ad0800-05cb-443c-9fdd-fa1debf04523@group-BCB82A5C07F5-LeaderElection1324: begin an election at term 268 for -1: [12ad0800-05cb-443c-9fdd-fa1debf04523:192.168.34.25:41155, 5170c5f3-8499-4b42-9321-85fc8a351f79:192.168.34.25:43074, 0b10a9fc-47eb-4a2b-b664-8273d9d17379:192.168.34.25:45248], old=null
2019-10-18 07:24:24,354 [12ad0800-05cb-443c-9fdd-fa1debf04523@group-BCB82A5C07F5-LeaderElection1324] INFO  impl.LeaderElection (LogUtils.java:infoOrTrace(149)) - 12ad0800-05cb-443c-9fdd-fa1debf04523@group-BCB82A5C07F5-LeaderElection1324 got exception when requesting votes: {}
java.util.concurrent.ExecutionException: org.apache.ratis.thirdparty.io.grpc.StatusRuntimeException: UNAVAILABLE: io exception
	at java.util.concurrent.FutureTask.report(FutureTask.java:122)
	at java.util.concurrent.FutureTask.get(FutureTask.java:192)
	at org.apache.ratis.server.impl.LeaderElection.waitForResults(LeaderElection.java:259)
	at org.apache.ratis.server.impl.LeaderElection.askForVotes(LeaderElection.java:197)
	at org.apache.ratis.server.impl.LeaderElection.run(LeaderElection.java:133)
	at java.lang.Thread.run(Thread.java:748)
Caused by: org.apache.ratis.thirdparty.io.grpc.StatusRuntimeException: UNAVAILABLE: io exception
	at org.apache.ratis.thirdparty.io.grpc.stub.ClientCalls.toStatusRuntimeException(ClientCalls.java:233)
	at org.apache.ratis.thirdparty.io.grpc.stub.ClientCalls.getUnchecked(ClientCalls.java:214)
	at org.apache.ratis.thirdparty.io.grpc.stub.ClientCalls.blockingUnaryCall(ClientCalls.java:139)
	at org.apache.ratis.proto.grpc.RaftServerProtocolServiceGrpc$RaftServerProtocolServiceBlockingStub.requestVote(RaftServerProtocolServiceGrpc.java:265)
	at org.apache.ratis.grpc.server.GrpcServerProtocolClient.requestVote(GrpcServerProtocolClient.java:99)
	at org.apache.ratis.grpc.server.GrpcService.requestVote(GrpcService.java:204)
	at org.apache.ratis.server.impl.LeaderElection.lambda$submitRequests$1(LeaderElection.java:234)
	at java.util.concurrent.FutureTask.run(FutureTask.java:266)
	at java.util.concurrent.Executors$RunnableAdapter.call(Executors.java:511)
	at java.util.concurrent.FutureTask.run(FutureTask.java:266)
	at java.util.concurrent.ThreadPoolExecutor.runWorker(ThreadPoolExecutor.java:1149)
	at java.util.concurrent.ThreadPoolExecutor$Worker.run(ThreadPoolExecutor.java:624)
	... 1 more
Caused by: org.apache.ratis.thirdparty.io.netty.channel.AbstractChannel$AnnotatedConnectException: Connection refused: /192.168.34.25:43074
	at sun.nio.ch.SocketChannelImpl.checkConnect(Native Method)
	at sun.nio.ch.SocketChannelImpl.finishConnect(SocketChannelImpl.java:717)
	at org.apache.ratis.thirdparty.io.netty.channel.socket.nio.NioSocketChannel.doFinishConnect(NioSocketChannel.java:327)
	at org.apache.ratis.thirdparty.io.netty.channel.nio.AbstractNioChannel$AbstractNioUnsafe.finishConnect(AbstractNioChannel.java:340)
	at org.apache.ratis.thirdparty.io.netty.channel.nio.NioEventLoop.processSelectedKey(NioEventLoop.java:632)
	at org.apache.ratis.thirdparty.io.netty.channel.nio.NioEventLoop.processSelectedKeysOptimized(NioEventLoop.java:579)
	at org.apache.ratis.thirdparty.io.netty.channel.nio.NioEventLoop.processSelectedKeys(NioEventLoop.java:496)
	at org.apache.ratis.thirdparty.io.netty.channel.nio.NioEventLoop.run(NioEventLoop.java:458)
	at org.apache.ratis.thirdparty.io.netty.util.concurrent.SingleThreadEventExecutor$5.run(SingleThreadEventExecutor.java:897)
	at org.apache.ratis.thirdparty.io.netty.util.concurrent.FastThreadLocalRunnable.run(FastThreadLocalRunnable.java:30)
	... 1 more
Caused by: java.net.ConnectException: Connection refused
	... 11 more
2019-10-18 07:24:24,354 [12ad0800-05cb-443c-9fdd-fa1debf04523@group-BCB82A5C07F5-LeaderElection1324] INFO  impl.LeaderElection (LogUtils.java:infoOrTrace(149)) - 12ad0800-05cb-443c-9fdd-fa1debf04523@group-BCB82A5C07F5-LeaderElection1324 got exception when requesting votes: {}
java.util.concurrent.ExecutionException: org.apache.ratis.thirdparty.io.grpc.StatusRuntimeException: UNAVAILABLE: io exception
	at java.util.concurrent.FutureTask.report(FutureTask.java:122)
	at java.util.concurrent.FutureTask.get(FutureTask.java:192)
	at org.apache.ratis.server.impl.LeaderElection.waitForResults(LeaderElection.java:259)
	at org.apache.ratis.server.impl.LeaderElection.askForVotes(LeaderElection.java:197)
	at org.apache.ratis.server.impl.LeaderElection.run(LeaderElection.java:133)
	at java.lang.Thread.run(Thread.java:748)
Caused by: org.apache.ratis.thirdparty.io.grpc.StatusRuntimeException: UNAVAILABLE: io exception
	at org.apache.ratis.thirdparty.io.grpc.stub.ClientCalls.toStatusRuntimeException(ClientCalls.java:233)
	at org.apache.ratis.thirdparty.io.grpc.stub.ClientCalls.getUnchecked(ClientCalls.java:214)
	at org.apache.ratis.thirdparty.io.grpc.stub.ClientCalls.blockingUnaryCall(ClientCalls.java:139)
	at org.apache.ratis.proto.grpc.RaftServerProtocolServiceGrpc$RaftServerProtocolServiceBlockingStub.requestVote(RaftServerProtocolServiceGrpc.java:265)
	at org.apache.ratis.grpc.server.GrpcServerProtocolClient.requestVote(GrpcServerProtocolClient.java:99)
	at org.apache.ratis.grpc.server.GrpcService.requestVote(GrpcService.java:204)
	at org.apache.ratis.server.impl.LeaderElection.lambda$submitRequests$1(LeaderElection.java:234)
	at java.util.concurrent.FutureTask.run(FutureTask.java:266)
	at java.util.concurrent.Executors$RunnableAdapter.call(Executors.java:511)
	at java.util.concurrent.FutureTask.run(FutureTask.java:266)
	at java.util.concurrent.ThreadPoolExecutor.runWorker(ThreadPoolExecutor.java:1149)
	at java.util.concurrent.ThreadPoolExecutor$Worker.run(ThreadPoolExecutor.java:624)
	... 1 more
Caused by: org.apache.ratis.thirdparty.io.netty.channel.AbstractChannel$AnnotatedConnectException: Connection refused: /192.168.34.25:45248
	at sun.nio.ch.SocketChannelImpl.checkConnect(Native Method)
	at sun.nio.ch.SocketChannelImpl.finishConnect(SocketChannelImpl.java:717)
	at org.apache.ratis.thirdparty.io.netty.channel.socket.nio.NioSocketChannel.doFinishConnect(NioSocketChannel.java:327)
	at org.apache.ratis.thirdparty.io.netty.channel.nio.AbstractNioChannel$AbstractNioUnsafe.finishConnect(AbstractNioChannel.java:340)
	at org.apache.ratis.thirdparty.io.netty.channel.nio.NioEventLoop.processSelectedKey(NioEventLoop.java:632)
	at org.apache.ratis.thirdparty.io.netty.channel.nio.NioEventLoop.processSelectedKeysOptimized(NioEventLoop.java:579)
	at org.apache.ratis.thirdparty.io.netty.channel.nio.NioEventLoop.processSelectedKeys(NioEventLoop.java:496)
	at org.apache.ratis.thirdparty.io.netty.channel.nio.NioEventLoop.run(NioEventLoop.java:458)
	at org.apache.ratis.thirdparty.io.netty.util.concurrent.SingleThreadEventExecutor$5.run(SingleThreadEventExecutor.java:897)
	at org.apache.ratis.thirdparty.io.netty.util.concurrent.FastThreadLocalRunnable.run(FastThreadLocalRunnable.java:30)
	... 1 more
Caused by: java.net.ConnectException: Connection refused
	... 11 more
2019-10-18 07:24:24,354 [12ad0800-05cb-443c-9fdd-fa1debf04523@group-BCB82A5C07F5-LeaderElection1324] INFO  impl.LeaderElection (LeaderElection.java:logAndReturn(56)) - 12ad0800-05cb-443c-9fdd-fa1debf04523@group-BCB82A5C07F5-LeaderElection1324: Election REJECTED; received 0 response(s) [] and 2 exception(s); 12ad0800-05cb-443c-9fdd-fa1debf04523@group-BCB82A5C07F5:t268, leader=null, voted=12ad0800-05cb-443c-9fdd-fa1debf04523, raftlog=12ad0800-05cb-443c-9fdd-fa1debf04523@group-BCB82A5C07F5-SegmentedRaftLog:OPENED:c-1,f-1,i0, conf=-1: [12ad0800-05cb-443c-9fdd-fa1debf04523:192.168.34.25:41155, 5170c5f3-8499-4b42-9321-85fc8a351f79:192.168.34.25:43074, 0b10a9fc-47eb-4a2b-b664-8273d9d17379:192.168.34.25:45248], old=null
2019-10-18 07:24:24,354 [12ad0800-05cb-443c-9fdd-fa1debf04523@group-BCB82A5C07F5-LeaderElection1324] INFO  impl.LeaderElection (LogUtils.java:infoOrTrace(149)) -   Exception 0: {}
java.util.concurrent.ExecutionException: org.apache.ratis.thirdparty.io.grpc.StatusRuntimeException: UNAVAILABLE: io exception
	at java.util.concurrent.FutureTask.report(FutureTask.java:122)
	at java.util.concurrent.FutureTask.get(FutureTask.java:192)
	at org.apache.ratis.server.impl.LeaderElection.waitForResults(LeaderElection.java:259)
	at org.apache.ratis.server.impl.LeaderElection.askForVotes(LeaderElection.java:197)
	at org.apache.ratis.server.impl.LeaderElection.run(LeaderElection.java:133)
	at java.lang.Thread.run(Thread.java:748)
Caused by: org.apache.ratis.thirdparty.io.grpc.StatusRuntimeException: UNAVAILABLE: io exception
	at org.apache.ratis.thirdparty.io.grpc.stub.ClientCalls.toStatusRuntimeException(ClientCalls.java:233)
	at org.apache.ratis.thirdparty.io.grpc.stub.ClientCalls.getUnchecked(ClientCalls.java:214)
	at org.apache.ratis.thirdparty.io.grpc.stub.ClientCalls.blockingUnaryCall(ClientCalls.java:139)
	at org.apache.ratis.proto.grpc.RaftServerProtocolServiceGrpc$RaftServerProtocolServiceBlockingStub.requestVote(RaftServerProtocolServiceGrpc.java:265)
	at org.apache.ratis.grpc.server.GrpcServerProtocolClient.requestVote(GrpcServerProtocolClient.java:99)
	at org.apache.ratis.grpc.server.GrpcService.requestVote(GrpcService.java:204)
	at org.apache.ratis.server.impl.LeaderElection.lambda$submitRequests$1(LeaderElection.java:234)
	at java.util.concurrent.FutureTask.run(FutureTask.java:266)
	at java.util.concurrent.Executors$RunnableAdapter.call(Executors.java:511)
	at java.util.concurrent.FutureTask.run(FutureTask.java:266)
	at java.util.concurrent.ThreadPoolExecutor.runWorker(ThreadPoolExecutor.java:1149)
	at java.util.concurrent.ThreadPoolExecutor$Worker.run(ThreadPoolExecutor.java:624)
	... 1 more
Caused by: org.apache.ratis.thirdparty.io.netty.channel.AbstractChannel$AnnotatedConnectException: Connection refused: /192.168.34.25:43074
	at sun.nio.ch.SocketChannelImpl.checkConnect(Native Method)
	at sun.nio.ch.SocketChannelImpl.finishConnect(SocketChannelImpl.java:717)
	at org.apache.ratis.thirdparty.io.netty.channel.socket.nio.NioSocketChannel.doFinishConnect(NioSocketChannel.java:327)
	at org.apache.ratis.thirdparty.io.netty.channel.nio.AbstractNioChannel$AbstractNioUnsafe.finishConnect(AbstractNioChannel.java:340)
	at org.apache.ratis.thirdparty.io.netty.channel.nio.NioEventLoop.processSelectedKey(NioEventLoop.java:632)
	at org.apache.ratis.thirdparty.io.netty.channel.nio.NioEventLoop.processSelectedKeysOptimized(NioEventLoop.java:579)
	at org.apache.ratis.thirdparty.io.netty.channel.nio.NioEventLoop.processSelectedKeys(NioEventLoop.java:496)
	at org.apache.ratis.thirdparty.io.netty.channel.nio.NioEventLoop.run(NioEventLoop.java:458)
	at org.apache.ratis.thirdparty.io.netty.util.concurrent.SingleThreadEventExecutor$5.run(SingleThreadEventExecutor.java:897)
	at org.apache.ratis.thirdparty.io.netty.util.concurrent.FastThreadLocalRunnable.run(FastThreadLocalRunnable.java:30)
	... 1 more
Caused by: java.net.ConnectException: Connection refused
	... 11 more
2019-10-18 07:24:24,355 [12ad0800-05cb-443c-9fdd-fa1debf04523@group-BCB82A5C07F5-LeaderElection1324] INFO  impl.LeaderElection (LogUtils.java:infoOrTrace(149)) -   Exception 1: {}
java.util.concurrent.ExecutionException: org.apache.ratis.thirdparty.io.grpc.StatusRuntimeException: UNAVAILABLE: io exception
	at java.util.concurrent.FutureTask.report(FutureTask.java:122)
	at java.util.concurrent.FutureTask.get(FutureTask.java:192)
	at org.apache.ratis.server.impl.LeaderElection.waitForResults(LeaderElection.java:259)
	at org.apache.ratis.server.impl.LeaderElection.askForVotes(LeaderElection.java:197)
	at org.apache.ratis.server.impl.LeaderElection.run(LeaderElection.java:133)
	at java.lang.Thread.run(Thread.java:748)
Caused by: org.apache.ratis.thirdparty.io.grpc.StatusRuntimeException: UNAVAILABLE: io exception
	at org.apache.ratis.thirdparty.io.grpc.stub.ClientCalls.toStatusRuntimeException(ClientCalls.java:233)
	at org.apache.ratis.thirdparty.io.grpc.stub.ClientCalls.getUnchecked(ClientCalls.java:214)
	at org.apache.ratis.thirdparty.io.grpc.stub.ClientCalls.blockingUnaryCall(ClientCalls.java:139)
	at org.apache.ratis.proto.grpc.RaftServerProtocolServiceGrpc$RaftServerProtocolServiceBlockingStub.requestVote(RaftServerProtocolServiceGrpc.java:265)
	at org.apache.ratis.grpc.server.GrpcServerProtocolClient.requestVote(GrpcServerProtocolClient.java:99)
	at org.apache.ratis.grpc.server.GrpcService.requestVote(GrpcService.java:204)
	at org.apache.ratis.server.impl.LeaderElection.lambda$submitRequests$1(LeaderElection.java:234)
	at java.util.concurrent.FutureTask.run(FutureTask.java:266)
	at java.util.concurrent.Executors$RunnableAdapter.call(Executors.java:511)
	at java.util.concurrent.FutureTask.run(FutureTask.java:266)
	at java.util.concurrent.ThreadPoolExecutor.runWorker(ThreadPoolExecutor.java:1149)
	at java.util.concurrent.ThreadPoolExecutor$Worker.run(ThreadPoolExecutor.java:624)
	... 1 more
Caused by: org.apache.ratis.thirdparty.io.netty.channel.AbstractChannel$AnnotatedConnectException: Connection refused: /192.168.34.25:45248
	at sun.nio.ch.SocketChannelImpl.checkConnect(Native Method)
	at sun.nio.ch.SocketChannelImpl.finishConnect(SocketChannelImpl.java:717)
	at org.apache.ratis.thirdparty.io.netty.channel.socket.nio.NioSocketChannel.doFinishConnect(NioSocketChannel.java:327)
	at org.apache.ratis.thirdparty.io.netty.channel.nio.AbstractNioChannel$AbstractNioUnsafe.finishConnect(AbstractNioChannel.java:340)
	at org.apache.ratis.thirdparty.io.netty.channel.nio.NioEventLoop.processSelectedKey(NioEventLoop.java:632)
	at org.apache.ratis.thirdparty.io.netty.channel.nio.NioEventLoop.processSelectedKeysOptimized(NioEventLoop.java:579)
	at org.apache.ratis.thirdparty.io.netty.channel.nio.NioEventLoop.processSelectedKeys(NioEventLoop.java:496)
	at org.apache.ratis.thirdparty.io.netty.channel.nio.NioEventLoop.run(NioEventLoop.java:458)
	at org.apache.ratis.thirdparty.io.netty.util.concurrent.SingleThreadEventExecutor$5.run(SingleThreadEventExecutor.java:897)
	at org.apache.ratis.thirdparty.io.netty.util.concurrent.FastThreadLocalRunnable.run(FastThreadLocalRunnable.java:30)
	... 1 more
Caused by: java.net.ConnectException: Connection refused
	... 11 more
2019-10-18 07:24:24,355 [12ad0800-05cb-443c-9fdd-fa1debf04523@group-BCB82A5C07F5-LeaderElection1324] INFO  impl.RaftServerImpl (RaftServerImpl.java:setRole(184)) - 12ad0800-05cb-443c-9fdd-fa1debf04523@group-BCB82A5C07F5: changes role from CANDIDATE to FOLLOWER at term 268 for DISCOVERED_A_NEW_TERM
2019-10-18 07:24:24,355 [12ad0800-05cb-443c-9fdd-fa1debf04523@group-BCB82A5C07F5-LeaderElection1324] INFO  impl.RoleInfo (RoleInfo.java:shutdownLeaderElection(134)) - 12ad0800-05cb-443c-9fdd-fa1debf04523: shutdown LeaderElection
2019-10-18 07:24:24,355 [12ad0800-05cb-443c-9fdd-fa1debf04523@group-BCB82A5C07F5-LeaderElection1324] INFO  impl.RoleInfo (RoleInfo.java:updateAndGet(143)) - 12ad0800-05cb-443c-9fdd-fa1debf04523: start FollowerState
2019-10-18 07:24:24,530 [ForkJoinPool.commonPool-worker-0] INFO  ozoneimpl.OzoneContainer (OzoneContainer.java:stop(227)) - Attempting to stop container services.
2019-10-18 07:24:24,531 [ForkJoinPool.commonPool-worker-0] INFO  impl.RaftServerProxy (RaftServerProxy.java:lambda$close$4(314)) - 67270882-100a-4e75-928d-618d17e069c8: close
2019-10-18 07:24:24,531 [ForkJoinPool.commonPool-worker-0] INFO  impl.RaftServerImpl (RaftServerImpl.java:lambda$shutdown$3(261)) - 67270882-100a-4e75-928d-618d17e069c8@group-03BD9A491996: shutdown
2019-10-18 07:24:24,531 [ForkJoinPool.commonPool-worker-0] INFO  util.JmxRegister (JmxRegister.java:unregister(73)) - Successfully un-registered JMX Bean with object name Ratis:service=RaftServer,group=group-03BD9A491996,id=67270882-100a-4e75-928d-618d17e069c8
2019-10-18 07:24:24,532 [ForkJoinPool.commonPool-worker-0] INFO  impl.RoleInfo (RoleInfo.java:shutdownLeaderState(104)) - 67270882-100a-4e75-928d-618d17e069c8: shutdown LeaderState
2019-10-18 07:24:24,532 [ForkJoinPool.commonPool-worker-0] INFO  impl.PendingRequests (PendingRequests.java:sendNotLeaderResponses(202)) - 67270882-100a-4e75-928d-618d17e069c8@group-03BD9A491996-PendingRequests: sendNotLeaderResponses
2019-10-18 07:24:24,532 [ForkJoinPool.commonPool-worker-0] INFO  impl.StateMachineUpdater (StateMachineUpdater.java:stopAndJoin(136)) - 67270882-100a-4e75-928d-618d17e069c8@group-03BD9A491996-StateMachineUpdater: set stopIndex = 0
2019-10-18 07:24:24,532 [Thread-11194] INFO  impl.FollowerState (FollowerState.java:run(108)) - 12ad0800-05cb-443c-9fdd-fa1debf04523@group-BCB82A5C07F5-FollowerState: change to CANDIDATE, lastRpcTime:177ms, electionTimeout:177ms
2019-10-18 07:24:24,533 [Thread-11194] INFO  impl.RoleInfo (RoleInfo.java:shutdownFollowerState(121)) - 12ad0800-05cb-443c-9fdd-fa1debf04523: shutdown FollowerState
2019-10-18 07:24:24,533 [Thread-11194] INFO  impl.RaftServerImpl (RaftServerImpl.java:setRole(184)) - 12ad0800-05cb-443c-9fdd-fa1debf04523@group-BCB82A5C07F5: changes role from  FOLLOWER to CANDIDATE at term 268 for changeToCandidate
2019-10-18 07:24:24,533 [Thread-11194] INFO  impl.RoleInfo (RoleInfo.java:updateAndGet(143)) - 12ad0800-05cb-443c-9fdd-fa1debf04523: start LeaderElection
2019-10-18 07:24:24,533 [ForkJoinPool.commonPool-worker-0] INFO  impl.RaftServerImpl (ServerState.java:close(388)) - 67270882-100a-4e75-928d-618d17e069c8@group-03BD9A491996: closes. applyIndex: 0
2019-10-18 07:24:24,533 [67270882-100a-4e75-928d-618d17e069c8@group-03BD9A491996-SegmentedRaftLogWorker] INFO  segmented.SegmentedRaftLogWorker (SegmentedRaftLogWorker.java:run(316)) - 67270882-100a-4e75-928d-618d17e069c8@group-03BD9A491996-SegmentedRaftLogWorker was interrupted, exiting. There are 0 tasks remaining in the queue.
2019-10-18 07:24:24,534 [ForkJoinPool.commonPool-worker-0] INFO  segmented.SegmentedRaftLogWorker (SegmentedRaftLogWorker.java:close(224)) - 67270882-100a-4e75-928d-618d17e069c8@group-03BD9A491996-SegmentedRaftLogWorker close()
2019-10-18 07:24:24,539 [ForkJoinPool.commonPool-worker-0] INFO  impl.RaftServerImpl (RaftServerImpl.java:lambda$shutdown$3(261)) - 67270882-100a-4e75-928d-618d17e069c8@group-0C9C3B2D0CC1: shutdown
2019-10-18 07:24:24,539 [ForkJoinPool.commonPool-worker-0] INFO  util.JmxRegister (JmxRegister.java:unregister(73)) - Successfully un-registered JMX Bean with object name Ratis:service=RaftServer,group=group-0C9C3B2D0CC1,id=67270882-100a-4e75-928d-618d17e069c8
2019-10-18 07:24:24,539 [ForkJoinPool.commonPool-worker-0] INFO  impl.RoleInfo (RoleInfo.java:shutdownFollowerState(121)) - 67270882-100a-4e75-928d-618d17e069c8: shutdown FollowerState
2019-10-18 07:24:24,540 [ForkJoinPool.commonPool-worker-0] INFO  impl.StateMachineUpdater (StateMachineUpdater.java:stopAndJoin(136)) - 67270882-100a-4e75-928d-618d17e069c8@group-0C9C3B2D0CC1-StateMachineUpdater: set stopIndex = 2
2019-10-18 07:24:24,540 [Thread-11178] INFO  impl.FollowerState (FollowerState.java:run(117)) - 67270882-100a-4e75-928d-618d17e069c8@group-0C9C3B2D0CC1-FollowerState was interrupted: java.lang.InterruptedException: sleep interrupted
2019-10-18 07:24:24,540 [ForkJoinPool.commonPool-worker-0] INFO  impl.RaftServerImpl (ServerState.java:close(388)) - 67270882-100a-4e75-928d-618d17e069c8@group-0C9C3B2D0CC1: closes. applyIndex: 2
2019-10-18 07:24:24,540 [67270882-100a-4e75-928d-618d17e069c8@group-0C9C3B2D0CC1-SegmentedRaftLogWorker] INFO  segmented.SegmentedRaftLogWorker (SegmentedRaftLogWorker.java:run(316)) - 67270882-100a-4e75-928d-618d17e069c8@group-0C9C3B2D0CC1-SegmentedRaftLogWorker was interrupted, exiting. There are 0 tasks remaining in the queue.
2019-10-18 07:24:24,540 [ForkJoinPool.commonPool-worker-0] INFO  segmented.SegmentedRaftLogWorker (SegmentedRaftLogWorker.java:close(224)) - 67270882-100a-4e75-928d-618d17e069c8@group-0C9C3B2D0CC1-SegmentedRaftLogWorker close()
2019-10-18 07:24:24,542 [ForkJoinPool.commonPool-worker-0] INFO  server.GrpcService (GrpcService.java:closeImpl(164)) - 67270882-100a-4e75-928d-618d17e069c8: shutdown server with port 36648 now
2019-10-18 07:24:24,543 [ForkJoinPool.commonPool-worker-0] INFO  server.GrpcService (GrpcService.java:closeImpl(172)) - 67270882-100a-4e75-928d-618d17e069c8: shutdown server with port 36648 successfully
2019-10-18 07:24:24,567 [refreshUsed-/workdir/hadoop-ozone/integration-test/target/test-dir/MiniOzoneClusterImpl-f216ddbe-e8b4-4355-85c5-09cf054ba290/datanode-0/data/containers] WARN  fs.CachingGetSpaceUsed (CachingGetSpaceUsed.java:run(183)) - Thread Interrupted waiting to refresh disk information: sleep interrupted
2019-10-18 07:24:24,568 [12ad0800-05cb-443c-9fdd-fa1debf04523@group-BCB82A5C07F5-LeaderElection1325] INFO  impl.LeaderElection (LeaderElection.java:askForVotes(178)) - 12ad0800-05cb-443c-9fdd-fa1debf04523@group-BCB82A5C07F5-LeaderElection1325: begin an election at term 269 for -1: [12ad0800-05cb-443c-9fdd-fa1debf04523:192.168.34.25:41155, 5170c5f3-8499-4b42-9321-85fc8a351f79:192.168.34.25:43074, 0b10a9fc-47eb-4a2b-b664-8273d9d17379:192.168.34.25:45248], old=null
2019-10-18 07:24:24,568 [12ad0800-05cb-443c-9fdd-fa1debf04523@group-BCB82A5C07F5-LeaderElection1325] INFO  impl.LeaderElection (LogUtils.java:infoOrTrace(149)) - 12ad0800-05cb-443c-9fdd-fa1debf04523@group-BCB82A5C07F5-LeaderElection1325 got exception when requesting votes: {}
java.util.concurrent.ExecutionException: org.apache.ratis.thirdparty.io.grpc.StatusRuntimeException: UNAVAILABLE: io exception
	at java.util.concurrent.FutureTask.report(FutureTask.java:122)
	at java.util.concurrent.FutureTask.get(FutureTask.java:192)
	at org.apache.ratis.server.impl.LeaderElection.waitForResults(LeaderElection.java:259)
	at org.apache.ratis.server.impl.LeaderElection.askForVotes(LeaderElection.java:197)
	at org.apache.ratis.server.impl.LeaderElection.run(LeaderElection.java:133)
	at java.lang.Thread.run(Thread.java:748)
Caused by: org.apache.ratis.thirdparty.io.grpc.StatusRuntimeException: UNAVAILABLE: io exception
	at org.apache.ratis.thirdparty.io.grpc.stub.ClientCalls.toStatusRuntimeException(ClientCalls.java:233)
	at org.apache.ratis.thirdparty.io.grpc.stub.ClientCalls.getUnchecked(ClientCalls.java:214)
	at org.apache.ratis.thirdparty.io.grpc.stub.ClientCalls.blockingUnaryCall(ClientCalls.java:139)
	at org.apache.ratis.proto.grpc.RaftServerProtocolServiceGrpc$RaftServerProtocolServiceBlockingStub.requestVote(RaftServerProtocolServiceGrpc.java:265)
	at org.apache.ratis.grpc.server.GrpcServerProtocolClient.requestVote(GrpcServerProtocolClient.java:99)
	at org.apache.ratis.grpc.server.GrpcService.requestVote(GrpcService.java:204)
	at org.apache.ratis.server.impl.LeaderElection.lambda$submitRequests$1(LeaderElection.java:234)
	at java.util.concurrent.FutureTask.run(FutureTask.java:266)
	at java.util.concurrent.Executors$RunnableAdapter.call(Executors.java:511)
	at java.util.concurrent.FutureTask.run(FutureTask.java:266)
	at java.util.concurrent.ThreadPoolExecutor.runWorker(ThreadPoolExecutor.java:1149)
	at java.util.concurrent.ThreadPoolExecutor$Worker.run(ThreadPoolExecutor.java:624)
	... 1 more
Caused by: org.apache.ratis.thirdparty.io.netty.channel.AbstractChannel$AnnotatedConnectException: Connection refused: /192.168.34.25:45248
	at sun.nio.ch.SocketChannelImpl.checkConnect(Native Method)
	at sun.nio.ch.SocketChannelImpl.finishConnect(SocketChannelImpl.java:717)
	at org.apache.ratis.thirdparty.io.netty.channel.socket.nio.NioSocketChannel.doFinishConnect(NioSocketChannel.java:327)
	at org.apache.ratis.thirdparty.io.netty.channel.nio.AbstractNioChannel$AbstractNioUnsafe.finishConnect(AbstractNioChannel.java:340)
	at org.apache.ratis.thirdparty.io.netty.channel.nio.NioEventLoop.processSelectedKey(NioEventLoop.java:632)
	at org.apache.ratis.thirdparty.io.netty.channel.nio.NioEventLoop.processSelectedKeysOptimized(NioEventLoop.java:579)
	at org.apache.ratis.thirdparty.io.netty.channel.nio.NioEventLoop.processSelectedKeys(NioEventLoop.java:496)
	at org.apache.ratis.thirdparty.io.netty.channel.nio.NioEventLoop.run(NioEventLoop.java:458)
	at org.apache.ratis.thirdparty.io.netty.util.concurrent.SingleThreadEventExecutor$5.run(SingleThreadEventExecutor.java:897)
	at org.apache.ratis.thirdparty.io.netty.util.concurrent.FastThreadLocalRunnable.run(FastThreadLocalRunnable.java:30)
	... 1 more
Caused by: java.net.ConnectException: Connection refused
	... 11 more
2019-10-18 07:24:24,568 [12ad0800-05cb-443c-9fdd-fa1debf04523@group-BCB82A5C07F5-LeaderElection1325] INFO  impl.LeaderElection (LogUtils.java:infoOrTrace(149)) - 12ad0800-05cb-443c-9fdd-fa1debf04523@group-BCB82A5C07F5-LeaderElection1325 got exception when requesting votes: {}
java.util.concurrent.ExecutionException: org.apache.ratis.thirdparty.io.grpc.StatusRuntimeException: UNAVAILABLE: io exception
	at java.util.concurrent.FutureTask.report(FutureTask.java:122)
	at java.util.concurrent.FutureTask.get(FutureTask.java:192)
	at org.apache.ratis.server.impl.LeaderElection.waitForResults(LeaderElection.java:259)
	at org.apache.ratis.server.impl.LeaderElection.askForVotes(LeaderElection.java:197)
	at org.apache.ratis.server.impl.LeaderElection.run(LeaderElection.java:133)
	at java.lang.Thread.run(Thread.java:748)
Caused by: org.apache.ratis.thirdparty.io.grpc.StatusRuntimeException: UNAVAILABLE: io exception
	at org.apache.ratis.thirdparty.io.grpc.stub.ClientCalls.toStatusRuntimeException(ClientCalls.java:233)
	at org.apache.ratis.thirdparty.io.grpc.stub.ClientCalls.getUnchecked(ClientCalls.java:214)
	at org.apache.ratis.thirdparty.io.grpc.stub.ClientCalls.blockingUnaryCall(ClientCalls.java:139)
	at org.apache.ratis.proto.grpc.RaftServerProtocolServiceGrpc$RaftServerProtocolServiceBlockingStub.requestVote(RaftServerProtocolServiceGrpc.java:265)
	at org.apache.ratis.grpc.server.GrpcServerProtocolClient.requestVote(GrpcServerProtocolClient.java:99)
	at org.apache.ratis.grpc.server.GrpcService.requestVote(GrpcService.java:204)
	at org.apache.ratis.server.impl.LeaderElection.lambda$submitRequests$1(LeaderElection.java:234)
	at java.util.concurrent.FutureTask.run(FutureTask.java:266)
	at java.util.concurrent.Executors$RunnableAdapter.call(Executors.java:511)
	at java.util.concurrent.FutureTask.run(FutureTask.java:266)
	at java.util.concurrent.ThreadPoolExecutor.runWorker(ThreadPoolExecutor.java:1149)
	at java.util.concurrent.ThreadPoolExecutor$Worker.run(ThreadPoolExecutor.java:624)
	... 1 more
Caused by: org.apache.ratis.thirdparty.io.netty.channel.AbstractChannel$AnnotatedConnectException: Connection refused: /192.168.34.25:43074
	at sun.nio.ch.SocketChannelImpl.checkConnect(Native Method)
	at sun.nio.ch.SocketChannelImpl.finishConnect(SocketChannelImpl.java:717)
	at org.apache.ratis.thirdparty.io.netty.channel.socket.nio.NioSocketChannel.doFinishConnect(NioSocketChannel.java:327)
	at org.apache.ratis.thirdparty.io.netty.channel.nio.AbstractNioChannel$AbstractNioUnsafe.finishConnect(AbstractNioChannel.java:340)
	at org.apache.ratis.thirdparty.io.netty.channel.nio.NioEventLoop.processSelectedKey(NioEventLoop.java:632)
	at org.apache.ratis.thirdparty.io.netty.channel.nio.NioEventLoop.processSelectedKeysOptimized(NioEventLoop.java:579)
	at org.apache.ratis.thirdparty.io.netty.channel.nio.NioEventLoop.processSelectedKeys(NioEventLoop.java:496)
	at org.apache.ratis.thirdparty.io.netty.channel.nio.NioEventLoop.run(NioEventLoop.java:458)
	at org.apache.ratis.thirdparty.io.netty.util.concurrent.SingleThreadEventExecutor$5.run(SingleThreadEventExecutor.java:897)
	at org.apache.ratis.thirdparty.io.netty.util.concurrent.FastThreadLocalRunnable.run(FastThreadLocalRunnable.java:30)
	... 1 more
Caused by: java.net.ConnectException: Connection refused
	... 11 more
2019-10-18 07:24:24,569 [12ad0800-05cb-443c-9fdd-fa1debf04523@group-BCB82A5C07F5-LeaderElection1325] INFO  impl.LeaderElection (LeaderElection.java:logAndReturn(56)) - 12ad0800-05cb-443c-9fdd-fa1debf04523@group-BCB82A5C07F5-LeaderElection1325: Election REJECTED; received 0 response(s) [] and 2 exception(s); 12ad0800-05cb-443c-9fdd-fa1debf04523@group-BCB82A5C07F5:t269, leader=null, voted=12ad0800-05cb-443c-9fdd-fa1debf04523, raftlog=12ad0800-05cb-443c-9fdd-fa1debf04523@group-BCB82A5C07F5-SegmentedRaftLog:OPENED:c-1,f-1,i0, conf=-1: [12ad0800-05cb-443c-9fdd-fa1debf04523:192.168.34.25:41155, 5170c5f3-8499-4b42-9321-85fc8a351f79:192.168.34.25:43074, 0b10a9fc-47eb-4a2b-b664-8273d9d17379:192.168.34.25:45248], old=null
2019-10-18 07:24:24,569 [12ad0800-05cb-443c-9fdd-fa1debf04523@group-BCB82A5C07F5-LeaderElection1325] INFO  impl.LeaderElection (LogUtils.java:infoOrTrace(149)) -   Exception 0: {}
java.util.concurrent.ExecutionException: org.apache.ratis.thirdparty.io.grpc.StatusRuntimeException: UNAVAILABLE: io exception
	at java.util.concurrent.FutureTask.report(FutureTask.java:122)
	at java.util.concurrent.FutureTask.get(FutureTask.java:192)
	at org.apache.ratis.server.impl.LeaderElection.waitForResults(LeaderElection.java:259)
	at org.apache.ratis.server.impl.LeaderElection.askForVotes(LeaderElection.java:197)
	at org.apache.ratis.server.impl.LeaderElection.run(LeaderElection.java:133)
	at java.lang.Thread.run(Thread.java:748)
Caused by: org.apache.ratis.thirdparty.io.grpc.StatusRuntimeException: UNAVAILABLE: io exception
	at org.apache.ratis.thirdparty.io.grpc.stub.ClientCalls.toStatusRuntimeException(ClientCalls.java:233)
	at org.apache.ratis.thirdparty.io.grpc.stub.ClientCalls.getUnchecked(ClientCalls.java:214)
	at org.apache.ratis.thirdparty.io.grpc.stub.ClientCalls.blockingUnaryCall(ClientCalls.java:139)
	at org.apache.ratis.proto.grpc.RaftServerProtocolServiceGrpc$RaftServerProtocolServiceBlockingStub.requestVote(RaftServerProtocolServiceGrpc.java:265)
	at org.apache.ratis.grpc.server.GrpcServerProtocolClient.requestVote(GrpcServerProtocolClient.java:99)
	at org.apache.ratis.grpc.server.GrpcService.requestVote(GrpcService.java:204)
	at org.apache.ratis.server.impl.LeaderElection.lambda$submitRequests$1(LeaderElection.java:234)
	at java.util.concurrent.FutureTask.run(FutureTask.java:266)
	at java.util.concurrent.Executors$RunnableAdapter.call(Executors.java:511)
	at java.util.concurrent.FutureTask.run(FutureTask.java:266)
	at java.util.concurrent.ThreadPoolExecutor.runWorker(ThreadPoolExecutor.java:1149)
	at java.util.concurrent.ThreadPoolExecutor$Worker.run(ThreadPoolExecutor.java:624)
	... 1 more
Caused by: org.apache.ratis.thirdparty.io.netty.channel.AbstractChannel$AnnotatedConnectException: Connection refused: /192.168.34.25:45248
	at sun.nio.ch.SocketChannelImpl.checkConnect(Native Method)
	at sun.nio.ch.SocketChannelImpl.finishConnect(SocketChannelImpl.java:717)
	at org.apache.ratis.thirdparty.io.netty.channel.socket.nio.NioSocketChannel.doFinishConnect(NioSocketChannel.java:327)
	at org.apache.ratis.thirdparty.io.netty.channel.nio.AbstractNioChannel$AbstractNioUnsafe.finishConnect(AbstractNioChannel.java:340)
	at org.apache.ratis.thirdparty.io.netty.channel.nio.NioEventLoop.processSelectedKey(NioEventLoop.java:632)
	at org.apache.ratis.thirdparty.io.netty.channel.nio.NioEventLoop.processSelectedKeysOptimized(NioEventLoop.java:579)
	at org.apache.ratis.thirdparty.io.netty.channel.nio.NioEventLoop.processSelectedKeys(NioEventLoop.java:496)
	at org.apache.ratis.thirdparty.io.netty.channel.nio.NioEventLoop.run(NioEventLoop.java:458)
	at org.apache.ratis.thirdparty.io.netty.util.concurrent.SingleThreadEventExecutor$5.run(SingleThreadEventExecutor.java:897)
	at org.apache.ratis.thirdparty.io.netty.util.concurrent.FastThreadLocalRunnable.run(FastThreadLocalRunnable.java:30)
	... 1 more
Caused by: java.net.ConnectException: Connection refused
	... 11 more
2019-10-18 07:24:24,569 [12ad0800-05cb-443c-9fdd-fa1debf04523@group-BCB82A5C07F5-LeaderElection1325] INFO  impl.LeaderElection (LogUtils.java:infoOrTrace(149)) -   Exception 1: {}
java.util.concurrent.ExecutionException: org.apache.ratis.thirdparty.io.grpc.StatusRuntimeException: UNAVAILABLE: io exception
	at java.util.concurrent.FutureTask.report(FutureTask.java:122)
	at java.util.concurrent.FutureTask.get(FutureTask.java:192)
	at org.apache.ratis.server.impl.LeaderElection.waitForResults(LeaderElection.java:259)
	at org.apache.ratis.server.impl.LeaderElection.askForVotes(LeaderElection.java:197)
	at org.apache.ratis.server.impl.LeaderElection.run(LeaderElection.java:133)
	at java.lang.Thread.run(Thread.java:748)
Caused by: org.apache.ratis.thirdparty.io.grpc.StatusRuntimeException: UNAVAILABLE: io exception
	at org.apache.ratis.thirdparty.io.grpc.stub.ClientCalls.toStatusRuntimeException(ClientCalls.java:233)
	at org.apache.ratis.thirdparty.io.grpc.stub.ClientCalls.getUnchecked(ClientCalls.java:214)
	at org.apache.ratis.thirdparty.io.grpc.stub.ClientCalls.blockingUnaryCall(ClientCalls.java:139)
	at org.apache.ratis.proto.grpc.RaftServerProtocolServiceGrpc$RaftServerProtocolServiceBlockingStub.requestVote(RaftServerProtocolServiceGrpc.java:265)
	at org.apache.ratis.grpc.server.GrpcServerProtocolClient.requestVote(GrpcServerProtocolClient.java:99)
	at org.apache.ratis.grpc.server.GrpcService.requestVote(GrpcService.java:204)
	at org.apache.ratis.server.impl.LeaderElection.lambda$submitRequests$1(LeaderElection.java:234)
	at java.util.concurrent.FutureTask.run(FutureTask.java:266)
	at java.util.concurrent.Executors$RunnableAdapter.call(Executors.java:511)
	at java.util.concurrent.FutureTask.run(FutureTask.java:266)
	at java.util.concurrent.ThreadPoolExecutor.runWorker(ThreadPoolExecutor.java:1149)
	at java.util.concurrent.ThreadPoolExecutor$Worker.run(ThreadPoolExecutor.java:624)
	... 1 more
Caused by: org.apache.ratis.thirdparty.io.netty.channel.AbstractChannel$AnnotatedConnectException: Connection refused: /192.168.34.25:43074
	at sun.nio.ch.SocketChannelImpl.checkConnect(Native Method)
	at sun.nio.ch.SocketChannelImpl.finishConnect(SocketChannelImpl.java:717)
	at org.apache.ratis.thirdparty.io.netty.channel.socket.nio.NioSocketChannel.doFinishConnect(NioSocketChannel.java:327)
	at org.apache.ratis.thirdparty.io.netty.channel.nio.AbstractNioChannel$AbstractNioUnsafe.finishConnect(AbstractNioChannel.java:340)
	at org.apache.ratis.thirdparty.io.netty.channel.nio.NioEventLoop.processSelectedKey(NioEventLoop.java:632)
	at org.apache.ratis.thirdparty.io.netty.channel.nio.NioEventLoop.processSelectedKeysOptimized(NioEventLoop.java:579)
	at org.apache.ratis.thirdparty.io.netty.channel.nio.NioEventLoop.processSelectedKeys(NioEventLoop.java:496)
	at org.apache.ratis.thirdparty.io.netty.channel.nio.NioEventLoop.run(NioEventLoop.java:458)
	at org.apache.ratis.thirdparty.io.netty.util.concurrent.SingleThreadEventExecutor$5.run(SingleThreadEventExecutor.java:897)
	at org.apache.ratis.thirdparty.io.netty.util.concurrent.FastThreadLocalRunnable.run(FastThreadLocalRunnable.java:30)
	... 1 more
Caused by: java.net.ConnectException: Connection refused
	... 11 more
2019-10-18 07:24:24,569 [12ad0800-05cb-443c-9fdd-fa1debf04523@group-BCB82A5C07F5-LeaderElection1325] INFO  impl.RaftServerImpl (RaftServerImpl.java:setRole(184)) - 12ad0800-05cb-443c-9fdd-fa1debf04523@group-BCB82A5C07F5: changes role from CANDIDATE to FOLLOWER at term 269 for DISCOVERED_A_NEW_TERM
2019-10-18 07:24:24,569 [12ad0800-05cb-443c-9fdd-fa1debf04523@group-BCB82A5C07F5-LeaderElection1325] INFO  impl.RoleInfo (RoleInfo.java:shutdownLeaderElection(134)) - 12ad0800-05cb-443c-9fdd-fa1debf04523: shutdown LeaderElection
2019-10-18 07:24:24,569 [12ad0800-05cb-443c-9fdd-fa1debf04523@group-BCB82A5C07F5-LeaderElection1325] INFO  impl.RoleInfo (RoleInfo.java:updateAndGet(143)) - 12ad0800-05cb-443c-9fdd-fa1debf04523: start FollowerState
2019-10-18 07:24:24,586 [ForkJoinPool.commonPool-worker-0] INFO  utils.BackgroundService (BackgroundService.java:shutdown(151)) - Shutting down service BlockDeletingService
2019-10-18 07:24:24,591 [ForkJoinPool.commonPool-worker-0] INFO  statemachine.DatanodeStateMachine (DatanodeStateMachine.java:stopDaemon(395)) - Ozone container server stopped.
2019-10-18 07:24:24,594 [ForkJoinPool.commonPool-worker-0] INFO  handler.ContextHandler (ContextHandler.java:doStop(910)) - Stopped o.e.j.w.WebAppContext@1304e0d7{/,null,UNAVAILABLE}{/hddsDatanode}
2019-10-18 07:24:24,594 [ForkJoinPool.commonPool-worker-0] INFO  server.AbstractConnector (AbstractConnector.java:doStop(318)) - Stopped ServerConnector@6ddc67d0{HTTP/1.1,[http/1.1]}{0.0.0.0:0}
2019-10-18 07:24:24,596 [ForkJoinPool.commonPool-worker-0] INFO  handler.ContextHandler (ContextHandler.java:doStop(910)) - Stopped o.e.j.s.ServletContextHandler@65bd19bf{/static,jar:file:/home/user/.m2/repository/org/apache/hadoop/hadoop-hdds-container-service/0.5.0-SNAPSHOT/hadoop-hdds-container-service-0.5.0-SNAPSHOT.jar!/webapps/static,UNAVAILABLE}
2019-10-18 07:24:24,598 [main] INFO  ozoneimpl.OzoneContainer (OzoneContainer.java:stop(227)) - Attempting to stop container services.
2019-10-18 07:24:24,598 [ForkJoinPool.commonPool-worker-0] INFO  handler.ContextHandler (ContextHandler.java:doStop(910)) - Stopped o.e.j.s.ServletContextHandler@5d2a86c0{/logs,file:///workdir/hadoop-ozone/integration-test/target/log,UNAVAILABLE}
2019-10-18 07:24:24,599 [main] INFO  impl.RaftServerProxy (RaftServerProxy.java:lambda$close$4(314)) - 030c2313-1c2c-4b42-81fb-cb58ee93f992: close
2019-10-18 07:24:24,599 [main] INFO  impl.RaftServerImpl (RaftServerImpl.java:lambda$shutdown$3(261)) - 030c2313-1c2c-4b42-81fb-cb58ee93f992@group-7BE3AFF1E8AA: shutdown
2019-10-18 07:24:24,600 [main] INFO  util.JmxRegister (JmxRegister.java:unregister(73)) - Successfully un-registered JMX Bean with object name Ratis:service=RaftServer,group=group-7BE3AFF1E8AA,id=030c2313-1c2c-4b42-81fb-cb58ee93f992
2019-10-18 07:24:24,600 [main] INFO  impl.RoleInfo (RoleInfo.java:shutdownLeaderState(104)) - 030c2313-1c2c-4b42-81fb-cb58ee93f992: shutdown LeaderState
2019-10-18 07:24:24,600 [main] INFO  impl.PendingRequests (PendingRequests.java:sendNotLeaderResponses(202)) - 030c2313-1c2c-4b42-81fb-cb58ee93f992@group-7BE3AFF1E8AA-PendingRequests: sendNotLeaderResponses
2019-10-18 07:24:24,601 [main] INFO  impl.StateMachineUpdater (StateMachineUpdater.java:stopAndJoin(136)) - 030c2313-1c2c-4b42-81fb-cb58ee93f992@group-7BE3AFF1E8AA-StateMachineUpdater: set stopIndex = 0
2019-10-18 07:24:24,601 [main] INFO  impl.RaftServerImpl (ServerState.java:close(388)) - 030c2313-1c2c-4b42-81fb-cb58ee93f992@group-7BE3AFF1E8AA: closes. applyIndex: 0
2019-10-18 07:24:24,601 [030c2313-1c2c-4b42-81fb-cb58ee93f992@group-7BE3AFF1E8AA-SegmentedRaftLogWorker] INFO  segmented.SegmentedRaftLogWorker (SegmentedRaftLogWorker.java:run(316)) - 030c2313-1c2c-4b42-81fb-cb58ee93f992@group-7BE3AFF1E8AA-SegmentedRaftLogWorker was interrupted, exiting. There are 0 tasks remaining in the queue.
2019-10-18 07:24:24,602 [main] INFO  segmented.SegmentedRaftLogWorker (SegmentedRaftLogWorker.java:close(224)) - 030c2313-1c2c-4b42-81fb-cb58ee93f992@group-7BE3AFF1E8AA-SegmentedRaftLogWorker close()
2019-10-18 07:24:24,603 [main] INFO  impl.RaftServerImpl (RaftServerImpl.java:lambda$shutdown$3(261)) - 030c2313-1c2c-4b42-81fb-cb58ee93f992@group-E193FE271C99: shutdown
2019-10-18 07:24:24,604 [main] INFO  util.JmxRegister (JmxRegister.java:unregister(73)) - Successfully un-registered JMX Bean with object name Ratis:service=RaftServer,group=group-E193FE271C99,id=030c2313-1c2c-4b42-81fb-cb58ee93f992
2019-10-18 07:24:24,604 [main] INFO  impl.RoleInfo (RoleInfo.java:shutdownLeaderState(104)) - 030c2313-1c2c-4b42-81fb-cb58ee93f992: shutdown LeaderState
2019-10-18 07:24:24,607 [main] INFO  impl.PendingRequests (PendingRequests.java:sendNotLeaderResponses(202)) - 030c2313-1c2c-4b42-81fb-cb58ee93f992@group-E193FE271C99-PendingRequests: sendNotLeaderResponses
2019-10-18 07:24:24,607 [org.apache.ratis.server.impl.LogAppender$AppenderDaemon$$Lambda$418/427451389@58ea3757] WARN  server.GrpcLogAppender (GrpcLogAppender.java:mayWait(149)) - 030c2313-1c2c-4b42-81fb-cb58ee93f992@group-E193FE271C99->9712a796-5281-4f3e-ac85-61dedd90db73-GrpcLogAppender: Wait interrupted by java.lang.InterruptedException
2019-10-18 07:24:24,607 [org.apache.ratis.server.impl.LogAppender$AppenderDaemon$$Lambda$418/427451389@69786a98] WARN  server.GrpcLogAppender (GrpcLogAppender.java:mayWait(149)) - 030c2313-1c2c-4b42-81fb-cb58ee93f992@group-E193FE271C99->716dc1a1-4b82-41d5-9ffe-93d5e40efbd9-GrpcLogAppender: Wait interrupted by java.lang.InterruptedException
2019-10-18 07:24:24,610 [main] INFO  impl.StateMachineUpdater (StateMachineUpdater.java:stopAndJoin(136)) - 030c2313-1c2c-4b42-81fb-cb58ee93f992@group-E193FE271C99-StateMachineUpdater: set stopIndex = 10
2019-10-18 07:24:24,610 [030c2313-1c2c-4b42-81fb-cb58ee93f992@group-E193FE271C99-StateMachineUpdater] INFO  ratis.ContainerStateMachine (ContainerStateMachine.java:takeSnapshot(294)) - group-E193FE271C99: Taking a snapshot at:(t:1, i:9) file /workdir/hadoop-ozone/integration-test/target/test-dir/MiniOzoneClusterImpl-f216ddbe-e8b4-4355-85c5-09cf054ba290/datanode-7/data/ratis/1a142e32-f3d3-4f21-8488-e193fe271c99/sm/snapshot.1_9
2019-10-18 07:24:24,629 [030c2313-1c2c-4b42-81fb-cb58ee93f992@group-E193FE271C99-StateMachineUpdater] INFO  ratis.ContainerStateMachine (ContainerStateMachine.java:takeSnapshot(305)) - group-E193FE271C99: Finished taking a snapshot at:(t:1, i:9) file:/workdir/hadoop-ozone/integration-test/target/test-dir/MiniOzoneClusterImpl-f216ddbe-e8b4-4355-85c5-09cf054ba290/datanode-7/data/ratis/1a142e32-f3d3-4f21-8488-e193fe271c99/sm/snapshot.1_9 time:19
2019-10-18 07:24:24,630 [030c2313-1c2c-4b42-81fb-cb58ee93f992@group-E193FE271C99-StateMachineUpdater] INFO  impl.StateMachineUpdater (StateMachineUpdater.java:takeSnapshot(269)) - 030c2313-1c2c-4b42-81fb-cb58ee93f992@group-E193FE271C99-StateMachineUpdater: Took a snapshot at index 9
2019-10-18 07:24:24,630 [030c2313-1c2c-4b42-81fb-cb58ee93f992@group-E193FE271C99-StateMachineUpdater] INFO  impl.StateMachineUpdater (StateMachineUpdater.java:lambda$new$0(84)) - 030c2313-1c2c-4b42-81fb-cb58ee93f992@group-E193FE271C99-StateMachineUpdater: snapshotIndex: updateIncreasingly -1 -> 9
2019-10-18 07:24:24,630 [030c2313-1c2c-4b42-81fb-cb58ee93f992@group-E193FE271C99-StateMachineUpdater] INFO  ratis.ContainerStateMachine (ContainerStateMachine.java:takeSnapshot(294)) - group-E193FE271C99: Taking a snapshot at:(t:1, i:9) file /workdir/hadoop-ozone/integration-test/target/test-dir/MiniOzoneClusterImpl-f216ddbe-e8b4-4355-85c5-09cf054ba290/datanode-7/data/ratis/1a142e32-f3d3-4f21-8488-e193fe271c99/sm/snapshot.1_9
2019-10-18 07:24:24,667 [030c2313-1c2c-4b42-81fb-cb58ee93f992@group-E193FE271C99-StateMachineUpdater] INFO  ratis.ContainerStateMachine (ContainerStateMachine.java:takeSnapshot(305)) - group-E193FE271C99: Finished taking a snapshot at:(t:1, i:9) file:/workdir/hadoop-ozone/integration-test/target/test-dir/MiniOzoneClusterImpl-f216ddbe-e8b4-4355-85c5-09cf054ba290/datanode-7/data/ratis/1a142e32-f3d3-4f21-8488-e193fe271c99/sm/snapshot.1_9 time:36
2019-10-18 07:24:24,667 [030c2313-1c2c-4b42-81fb-cb58ee93f992@group-E193FE271C99-StateMachineUpdater] INFO  impl.StateMachineUpdater (StateMachineUpdater.java:takeSnapshot(269)) - 030c2313-1c2c-4b42-81fb-cb58ee93f992@group-E193FE271C99-StateMachineUpdater: Took a snapshot at index 9
2019-10-18 07:24:24,667 [030c2313-1c2c-4b42-81fb-cb58ee93f992@group-E193FE271C99-StateMachineUpdater] INFO  impl.StateMachineUpdater (StateMachineUpdater.java:lambda$new$0(84)) - 030c2313-1c2c-4b42-81fb-cb58ee93f992@group-E193FE271C99-StateMachineUpdater: snapshotIndex: updateIncreasingly 9 -> 9
2019-10-18 07:24:24,667 [main] INFO  impl.RaftServerImpl (ServerState.java:close(388)) - 030c2313-1c2c-4b42-81fb-cb58ee93f992@group-E193FE271C99: closes. applyIndex: 10
2019-10-18 07:24:24,668 [030c2313-1c2c-4b42-81fb-cb58ee93f992@group-E193FE271C99-SegmentedRaftLogWorker] INFO  segmented.SegmentedRaftLogWorker (SegmentedRaftLogWorker.java:run(316)) - 030c2313-1c2c-4b42-81fb-cb58ee93f992@group-E193FE271C99-SegmentedRaftLogWorker was interrupted, exiting. There are 0 tasks remaining in the queue.
2019-10-18 07:24:24,675 [main] INFO  segmented.SegmentedRaftLogWorker (SegmentedRaftLogWorker.java:close(224)) - 030c2313-1c2c-4b42-81fb-cb58ee93f992@group-E193FE271C99-SegmentedRaftLogWorker close()
2019-10-18 07:24:24,678 [main] INFO  server.GrpcService (GrpcService.java:closeImpl(164)) - 030c2313-1c2c-4b42-81fb-cb58ee93f992: shutdown server with port 33896 now
2019-10-18 07:24:24,679 [main] INFO  server.GrpcService (GrpcService.java:closeImpl(172)) - 030c2313-1c2c-4b42-81fb-cb58ee93f992: shutdown server with port 33896 successfully
2019-10-18 07:24:24,683 [refreshUsed-/workdir/hadoop-ozone/integration-test/target/test-dir/MiniOzoneClusterImpl-f216ddbe-e8b4-4355-85c5-09cf054ba290/datanode-7/data/containers] WARN  fs.CachingGetSpaceUsed (CachingGetSpaceUsed.java:run(183)) - Thread Interrupted waiting to refresh disk information: sleep interrupted
2019-10-18 07:24:24,684 [grpc-default-executor-14] WARN  client.GrpcClientProtocolService (LogUtils.java:warn(134)) - 1-UnorderedRequestStreamObserver1: onError: org.apache.ratis.thirdparty.io.grpc.StatusRuntimeException: CANCELLED: cancelled before receiving half close
2019-10-18 07:24:24,696 [main] INFO  utils.BackgroundService (BackgroundService.java:shutdown(151)) - Shutting down service BlockDeletingService
2019-10-18 07:24:24,701 [main] INFO  statemachine.DatanodeStateMachine (DatanodeStateMachine.java:stopDaemon(395)) - Ozone container server stopped.
2019-10-18 07:24:24,702 [main] INFO  handler.ContextHandler (ContextHandler.java:doStop(910)) - Stopped o.e.j.w.WebAppContext@35ac9ebd{/,null,UNAVAILABLE}{/hddsDatanode}
2019-10-18 07:24:24,703 [main] INFO  server.AbstractConnector (AbstractConnector.java:doStop(318)) - Stopped ServerConnector@56c0a61e{HTTP/1.1,[http/1.1]}{0.0.0.0:0}
2019-10-18 07:24:24,703 [main] INFO  handler.ContextHandler (ContextHandler.java:doStop(910)) - Stopped o.e.j.s.ServletContextHandler@b01cb8d{/static,jar:file:/home/user/.m2/repository/org/apache/hadoop/hadoop-hdds-container-service/0.5.0-SNAPSHOT/hadoop-hdds-container-service-0.5.0-SNAPSHOT.jar!/webapps/static,UNAVAILABLE}
2019-10-18 07:24:24,703 [main] INFO  handler.ContextHandler (ContextHandler.java:doStop(910)) - Stopped o.e.j.s.ServletContextHandler@bd93bc3{/logs,file:///workdir/hadoop-ozone/integration-test/target/log,UNAVAILABLE}
2019-10-18 07:24:24,761 [Thread-11198] INFO  impl.FollowerState (FollowerState.java:run(108)) - 12ad0800-05cb-443c-9fdd-fa1debf04523@group-BCB82A5C07F5-FollowerState: change to CANDIDATE, lastRpcTime:191ms, electionTimeout:191ms
2019-10-18 07:24:24,761 [Thread-11198] INFO  impl.RoleInfo (RoleInfo.java:shutdownFollowerState(121)) - 12ad0800-05cb-443c-9fdd-fa1debf04523: shutdown FollowerState
2019-10-18 07:24:24,761 [Thread-11198] INFO  impl.RaftServerImpl (RaftServerImpl.java:setRole(184)) - 12ad0800-05cb-443c-9fdd-fa1debf04523@group-BCB82A5C07F5: changes role from  FOLLOWER to CANDIDATE at term 269 for changeToCandidate
2019-10-18 07:24:24,761 [Thread-11198] INFO  impl.RoleInfo (RoleInfo.java:updateAndGet(143)) - 12ad0800-05cb-443c-9fdd-fa1debf04523: start LeaderElection
2019-10-18 07:24:24,766 [java.util.concurrent.ThreadPoolExecutor$Worker@1ddf09da[State = -1, empty queue]] WARN  server.GrpcLogAppender (GrpcLogAppender.java:timeoutAppendRequest(209)) - 030c2313-1c2c-4b42-81fb-cb58ee93f992@group-E193FE271C99->9712a796-5281-4f3e-ac85-61dedd90db73-GrpcLogAppender: appendEntries Timeout, request=030c2313-1c2c-4b42-81fb-cb58ee93f992->9712a796-5281-4f3e-ac85-61dedd90db73#76-t1, previous=(t:1, i:10), leaderCommit=10, initializing? false, entries: <empty>
2019-10-18 07:24:24,785 [12ad0800-05cb-443c-9fdd-fa1debf04523@group-BCB82A5C07F5-LeaderElection1326] INFO  impl.LeaderElection (LeaderElection.java:askForVotes(178)) - 12ad0800-05cb-443c-9fdd-fa1debf04523@group-BCB82A5C07F5-LeaderElection1326: begin an election at term 270 for -1: [12ad0800-05cb-443c-9fdd-fa1debf04523:192.168.34.25:41155, 5170c5f3-8499-4b42-9321-85fc8a351f79:192.168.34.25:43074, 0b10a9fc-47eb-4a2b-b664-8273d9d17379:192.168.34.25:45248], old=null
2019-10-18 07:24:24,786 [12ad0800-05cb-443c-9fdd-fa1debf04523@group-BCB82A5C07F5-LeaderElection1326] INFO  impl.LeaderElection (LogUtils.java:infoOrTrace(149)) - 12ad0800-05cb-443c-9fdd-fa1debf04523@group-BCB82A5C07F5-LeaderElection1326 got exception when requesting votes: {}
java.util.concurrent.ExecutionException: org.apache.ratis.thirdparty.io.grpc.StatusRuntimeException: UNAVAILABLE: io exception
	at java.util.concurrent.FutureTask.report(FutureTask.java:122)
	at java.util.concurrent.FutureTask.get(FutureTask.java:192)
	at org.apache.ratis.server.impl.LeaderElection.waitForResults(LeaderElection.java:259)
	at org.apache.ratis.server.impl.LeaderElection.askForVotes(LeaderElection.java:197)
	at org.apache.ratis.server.impl.LeaderElection.run(LeaderElection.java:133)
	at java.lang.Thread.run(Thread.java:748)
Caused by: org.apache.ratis.thirdparty.io.grpc.StatusRuntimeException: UNAVAILABLE: io exception
	at org.apache.ratis.thirdparty.io.grpc.stub.ClientCalls.toStatusRuntimeException(ClientCalls.java:233)
	at org.apache.ratis.thirdparty.io.grpc.stub.ClientCalls.getUnchecked(ClientCalls.java:214)
	at org.apache.ratis.thirdparty.io.grpc.stub.ClientCalls.blockingUnaryCall(ClientCalls.java:139)
	at org.apache.ratis.proto.grpc.RaftServerProtocolServiceGrpc$RaftServerProtocolServiceBlockingStub.requestVote(RaftServerProtocolServiceGrpc.java:265)
	at org.apache.ratis.grpc.server.GrpcServerProtocolClient.requestVote(GrpcServerProtocolClient.java:99)
	at org.apache.ratis.grpc.server.GrpcService.requestVote(GrpcService.java:204)
	at org.apache.ratis.server.impl.LeaderElection.lambda$submitRequests$1(LeaderElection.java:234)
	at java.util.concurrent.FutureTask.run(FutureTask.java:266)
	at java.util.concurrent.Executors$RunnableAdapter.call(Executors.java:511)
	at java.util.concurrent.FutureTask.run(FutureTask.java:266)
	at java.util.concurrent.ThreadPoolExecutor.runWorker(ThreadPoolExecutor.java:1149)
	at java.util.concurrent.ThreadPoolExecutor$Worker.run(ThreadPoolExecutor.java:624)
	... 1 more
Caused by: org.apache.ratis.thirdparty.io.netty.channel.AbstractChannel$AnnotatedConnectException: Connection refused: /192.168.34.25:43074
	at sun.nio.ch.SocketChannelImpl.checkConnect(Native Method)
	at sun.nio.ch.SocketChannelImpl.finishConnect(SocketChannelImpl.java:717)
	at org.apache.ratis.thirdparty.io.netty.channel.socket.nio.NioSocketChannel.doFinishConnect(NioSocketChannel.java:327)
	at org.apache.ratis.thirdparty.io.netty.channel.nio.AbstractNioChannel$AbstractNioUnsafe.finishConnect(AbstractNioChannel.java:340)
	at org.apache.ratis.thirdparty.io.netty.channel.nio.NioEventLoop.processSelectedKey(NioEventLoop.java:632)
	at org.apache.ratis.thirdparty.io.netty.channel.nio.NioEventLoop.processSelectedKeysOptimized(NioEventLoop.java:579)
	at org.apache.ratis.thirdparty.io.netty.channel.nio.NioEventLoop.processSelectedKeys(NioEventLoop.java:496)
	at org.apache.ratis.thirdparty.io.netty.channel.nio.NioEventLoop.run(NioEventLoop.java:458)
	at org.apache.ratis.thirdparty.io.netty.util.concurrent.SingleThreadEventExecutor$5.run(SingleThreadEventExecutor.java:897)
	at org.apache.ratis.thirdparty.io.netty.util.concurrent.FastThreadLocalRunnable.run(FastThreadLocalRunnable.java:30)
	... 1 more
Caused by: java.net.ConnectException: Connection refused
	... 11 more
2019-10-18 07:24:24,786 [12ad0800-05cb-443c-9fdd-fa1debf04523@group-BCB82A5C07F5-LeaderElection1326] INFO  impl.LeaderElection (LogUtils.java:infoOrTrace(149)) - 12ad0800-05cb-443c-9fdd-fa1debf04523@group-BCB82A5C07F5-LeaderElection1326 got exception when requesting votes: {}
java.util.concurrent.ExecutionException: org.apache.ratis.thirdparty.io.grpc.StatusRuntimeException: UNAVAILABLE: io exception
	at java.util.concurrent.FutureTask.report(FutureTask.java:122)
	at java.util.concurrent.FutureTask.get(FutureTask.java:192)
	at org.apache.ratis.server.impl.LeaderElection.waitForResults(LeaderElection.java:259)
	at org.apache.ratis.server.impl.LeaderElection.askForVotes(LeaderElection.java:197)
	at org.apache.ratis.server.impl.LeaderElection.run(LeaderElection.java:133)
	at java.lang.Thread.run(Thread.java:748)
Caused by: org.apache.ratis.thirdparty.io.grpc.StatusRuntimeException: UNAVAILABLE: io exception
	at org.apache.ratis.thirdparty.io.grpc.stub.ClientCalls.toStatusRuntimeException(ClientCalls.java:233)
	at org.apache.ratis.thirdparty.io.grpc.stub.ClientCalls.getUnchecked(ClientCalls.java:214)
	at org.apache.ratis.thirdparty.io.grpc.stub.ClientCalls.blockingUnaryCall(ClientCalls.java:139)
	at org.apache.ratis.proto.grpc.RaftServerProtocolServiceGrpc$RaftServerProtocolServiceBlockingStub.requestVote(RaftServerProtocolServiceGrpc.java:265)
	at org.apache.ratis.grpc.server.GrpcServerProtocolClient.requestVote(GrpcServerProtocolClient.java:99)
	at org.apache.ratis.grpc.server.GrpcService.requestVote(GrpcService.java:204)
	at org.apache.ratis.server.impl.LeaderElection.lambda$submitRequests$1(LeaderElection.java:234)
	at java.util.concurrent.FutureTask.run(FutureTask.java:266)
	at java.util.concurrent.Executors$RunnableAdapter.call(Executors.java:511)
	at java.util.concurrent.FutureTask.run(FutureTask.java:266)
	at java.util.concurrent.ThreadPoolExecutor.runWorker(ThreadPoolExecutor.java:1149)
	at java.util.concurrent.ThreadPoolExecutor$Worker.run(ThreadPoolExecutor.java:624)
	... 1 more
Caused by: org.apache.ratis.thirdparty.io.netty.channel.AbstractChannel$AnnotatedConnectException: Connection refused: /192.168.34.25:45248
	at sun.nio.ch.SocketChannelImpl.checkConnect(Native Method)
	at sun.nio.ch.SocketChannelImpl.finishConnect(SocketChannelImpl.java:717)
	at org.apache.ratis.thirdparty.io.netty.channel.socket.nio.NioSocketChannel.doFinishConnect(NioSocketChannel.java:327)
	at org.apache.ratis.thirdparty.io.netty.channel.nio.AbstractNioChannel$AbstractNioUnsafe.finishConnect(AbstractNioChannel.java:340)
	at org.apache.ratis.thirdparty.io.netty.channel.nio.NioEventLoop.processSelectedKey(NioEventLoop.java:632)
	at org.apache.ratis.thirdparty.io.netty.channel.nio.NioEventLoop.processSelectedKeysOptimized(NioEventLoop.java:579)
	at org.apache.ratis.thirdparty.io.netty.channel.nio.NioEventLoop.processSelectedKeys(NioEventLoop.java:496)
	at org.apache.ratis.thirdparty.io.netty.channel.nio.NioEventLoop.run(NioEventLoop.java:458)
	at org.apache.ratis.thirdparty.io.netty.util.concurrent.SingleThreadEventExecutor$5.run(SingleThreadEventExecutor.java:897)
	at org.apache.ratis.thirdparty.io.netty.util.concurrent.FastThreadLocalRunnable.run(FastThreadLocalRunnable.java:30)
	... 1 more
Caused by: java.net.ConnectException: Connection refused
	... 11 more
2019-10-18 07:24:24,786 [12ad0800-05cb-443c-9fdd-fa1debf04523@group-BCB82A5C07F5-LeaderElection1326] INFO  impl.LeaderElection (LeaderElection.java:logAndReturn(56)) - 12ad0800-05cb-443c-9fdd-fa1debf04523@group-BCB82A5C07F5-LeaderElection1326: Election REJECTED; received 0 response(s) [] and 2 exception(s); 12ad0800-05cb-443c-9fdd-fa1debf04523@group-BCB82A5C07F5:t270, leader=null, voted=12ad0800-05cb-443c-9fdd-fa1debf04523, raftlog=12ad0800-05cb-443c-9fdd-fa1debf04523@group-BCB82A5C07F5-SegmentedRaftLog:OPENED:c-1,f-1,i0, conf=-1: [12ad0800-05cb-443c-9fdd-fa1debf04523:192.168.34.25:41155, 5170c5f3-8499-4b42-9321-85fc8a351f79:192.168.34.25:43074, 0b10a9fc-47eb-4a2b-b664-8273d9d17379:192.168.34.25:45248], old=null
2019-10-18 07:24:24,787 [12ad0800-05cb-443c-9fdd-fa1debf04523@group-BCB82A5C07F5-LeaderElection1326] INFO  impl.LeaderElection (LogUtils.java:infoOrTrace(149)) -   Exception 0: {}
java.util.concurrent.ExecutionException: org.apache.ratis.thirdparty.io.grpc.StatusRuntimeException: UNAVAILABLE: io exception
	at java.util.concurrent.FutureTask.report(FutureTask.java:122)
	at java.util.concurrent.FutureTask.get(FutureTask.java:192)
	at org.apache.ratis.server.impl.LeaderElection.waitForResults(LeaderElection.java:259)
	at org.apache.ratis.server.impl.LeaderElection.askForVotes(LeaderElection.java:197)
	at org.apache.ratis.server.impl.LeaderElection.run(LeaderElection.java:133)
	at java.lang.Thread.run(Thread.java:748)
Caused by: org.apache.ratis.thirdparty.io.grpc.StatusRuntimeException: UNAVAILABLE: io exception
	at org.apache.ratis.thirdparty.io.grpc.stub.ClientCalls.toStatusRuntimeException(ClientCalls.java:233)
	at org.apache.ratis.thirdparty.io.grpc.stub.ClientCalls.getUnchecked(ClientCalls.java:214)
	at org.apache.ratis.thirdparty.io.grpc.stub.ClientCalls.blockingUnaryCall(ClientCalls.java:139)
	at org.apache.ratis.proto.grpc.RaftServerProtocolServiceGrpc$RaftServerProtocolServiceBlockingStub.requestVote(RaftServerProtocolServiceGrpc.java:265)
	at org.apache.ratis.grpc.server.GrpcServerProtocolClient.requestVote(GrpcServerProtocolClient.java:99)
	at org.apache.ratis.grpc.server.GrpcService.requestVote(GrpcService.java:204)
	at org.apache.ratis.server.impl.LeaderElection.lambda$submitRequests$1(LeaderElection.java:234)
	at java.util.concurrent.FutureTask.run(FutureTask.java:266)
	at java.util.concurrent.Executors$RunnableAdapter.call(Executors.java:511)
	at java.util.concurrent.FutureTask.run(FutureTask.java:266)
	at java.util.concurrent.ThreadPoolExecutor.runWorker(ThreadPoolExecutor.java:1149)
	at java.util.concurrent.ThreadPoolExecutor$Worker.run(ThreadPoolExecutor.java:624)
	... 1 more
Caused by: org.apache.ratis.thirdparty.io.netty.channel.AbstractChannel$AnnotatedConnectException: Connection refused: /192.168.34.25:43074
	at sun.nio.ch.SocketChannelImpl.checkConnect(Native Method)
	at sun.nio.ch.SocketChannelImpl.finishConnect(SocketChannelImpl.java:717)
	at org.apache.ratis.thirdparty.io.netty.channel.socket.nio.NioSocketChannel.doFinishConnect(NioSocketChannel.java:327)
	at org.apache.ratis.thirdparty.io.netty.channel.nio.AbstractNioChannel$AbstractNioUnsafe.finishConnect(AbstractNioChannel.java:340)
	at org.apache.ratis.thirdparty.io.netty.channel.nio.NioEventLoop.processSelectedKey(NioEventLoop.java:632)
	at org.apache.ratis.thirdparty.io.netty.channel.nio.NioEventLoop.processSelectedKeysOptimized(NioEventLoop.java:579)
	at org.apache.ratis.thirdparty.io.netty.channel.nio.NioEventLoop.processSelectedKeys(NioEventLoop.java:496)
	at org.apache.ratis.thirdparty.io.netty.channel.nio.NioEventLoop.run(NioEventLoop.java:458)
	at org.apache.ratis.thirdparty.io.netty.util.concurrent.SingleThreadEventExecutor$5.run(SingleThreadEventExecutor.java:897)
	at org.apache.ratis.thirdparty.io.netty.util.concurrent.FastThreadLocalRunnable.run(FastThreadLocalRunnable.java:30)
	... 1 more
Caused by: java.net.ConnectException: Connection refused
	... 11 more
2019-10-18 07:24:24,787 [12ad0800-05cb-443c-9fdd-fa1debf04523@group-BCB82A5C07F5-LeaderElection1326] INFO  impl.LeaderElection (LogUtils.java:infoOrTrace(149)) -   Exception 1: {}
java.util.concurrent.ExecutionException: org.apache.ratis.thirdparty.io.grpc.StatusRuntimeException: UNAVAILABLE: io exception
	at java.util.concurrent.FutureTask.report(FutureTask.java:122)
	at java.util.concurrent.FutureTask.get(FutureTask.java:192)
	at org.apache.ratis.server.impl.LeaderElection.waitForResults(LeaderElection.java:259)
	at org.apache.ratis.server.impl.LeaderElection.askForVotes(LeaderElection.java:197)
	at org.apache.ratis.server.impl.LeaderElection.run(LeaderElection.java:133)
	at java.lang.Thread.run(Thread.java:748)
Caused by: org.apache.ratis.thirdparty.io.grpc.StatusRuntimeException: UNAVAILABLE: io exception
	at org.apache.ratis.thirdparty.io.grpc.stub.ClientCalls.toStatusRuntimeException(ClientCalls.java:233)
	at org.apache.ratis.thirdparty.io.grpc.stub.ClientCalls.getUnchecked(ClientCalls.java:214)
	at org.apache.ratis.thirdparty.io.grpc.stub.ClientCalls.blockingUnaryCall(ClientCalls.java:139)
	at org.apache.ratis.proto.grpc.RaftServerProtocolServiceGrpc$RaftServerProtocolServiceBlockingStub.requestVote(RaftServerProtocolServiceGrpc.java:265)
	at org.apache.ratis.grpc.server.GrpcServerProtocolClient.requestVote(GrpcServerProtocolClient.java:99)
	at org.apache.ratis.grpc.server.GrpcService.requestVote(GrpcService.java:204)
	at org.apache.ratis.server.impl.LeaderElection.lambda$submitRequests$1(LeaderElection.java:234)
	at java.util.concurrent.FutureTask.run(FutureTask.java:266)
	at java.util.concurrent.Executors$RunnableAdapter.call(Executors.java:511)
	at java.util.concurrent.FutureTask.run(FutureTask.java:266)
	at java.util.concurrent.ThreadPoolExecutor.runWorker(ThreadPoolExecutor.java:1149)
	at java.util.concurrent.ThreadPoolExecutor$Worker.run(ThreadPoolExecutor.java:624)
	... 1 more
Caused by: org.apache.ratis.thirdparty.io.netty.channel.AbstractChannel$AnnotatedConnectException: Connection refused: /192.168.34.25:45248
	at sun.nio.ch.SocketChannelImpl.checkConnect(Native Method)
	at sun.nio.ch.SocketChannelImpl.finishConnect(SocketChannelImpl.java:717)
	at org.apache.ratis.thirdparty.io.netty.channel.socket.nio.NioSocketChannel.doFinishConnect(NioSocketChannel.java:327)
	at org.apache.ratis.thirdparty.io.netty.channel.nio.AbstractNioChannel$AbstractNioUnsafe.finishConnect(AbstractNioChannel.java:340)
	at org.apache.ratis.thirdparty.io.netty.channel.nio.NioEventLoop.processSelectedKey(NioEventLoop.java:632)
	at org.apache.ratis.thirdparty.io.netty.channel.nio.NioEventLoop.processSelectedKeysOptimized(NioEventLoop.java:579)
	at org.apache.ratis.thirdparty.io.netty.channel.nio.NioEventLoop.processSelectedKeys(NioEventLoop.java:496)
	at org.apache.ratis.thirdparty.io.netty.channel.nio.NioEventLoop.run(NioEventLoop.java:458)
	at org.apache.ratis.thirdparty.io.netty.util.concurrent.SingleThreadEventExecutor$5.run(SingleThreadEventExecutor.java:897)
	at org.apache.ratis.thirdparty.io.netty.util.concurrent.FastThreadLocalRunnable.run(FastThreadLocalRunnable.java:30)
	... 1 more
Caused by: java.net.ConnectException: Connection refused
	... 11 more
2019-10-18 07:24:24,787 [12ad0800-05cb-443c-9fdd-fa1debf04523@group-BCB82A5C07F5-LeaderElection1326] INFO  impl.RaftServerImpl (RaftServerImpl.java:setRole(184)) - 12ad0800-05cb-443c-9fdd-fa1debf04523@group-BCB82A5C07F5: changes role from CANDIDATE to FOLLOWER at term 270 for DISCOVERED_A_NEW_TERM
2019-10-18 07:24:24,787 [12ad0800-05cb-443c-9fdd-fa1debf04523@group-BCB82A5C07F5-LeaderElection1326] INFO  impl.RoleInfo (RoleInfo.java:shutdownLeaderElection(134)) - 12ad0800-05cb-443c-9fdd-fa1debf04523: shutdown LeaderElection
2019-10-18 07:24:24,787 [12ad0800-05cb-443c-9fdd-fa1debf04523@group-BCB82A5C07F5-LeaderElection1326] INFO  impl.RoleInfo (RoleInfo.java:updateAndGet(143)) - 12ad0800-05cb-443c-9fdd-fa1debf04523: start FollowerState
2019-10-18 07:24:24,792 [java.util.concurrent.ThreadPoolExecutor$Worker@79ed443[State = -1, empty queue]] WARN  server.GrpcLogAppender (GrpcLogAppender.java:timeoutAppendRequest(209)) - 030c2313-1c2c-4b42-81fb-cb58ee93f992@group-E193FE271C99->716dc1a1-4b82-41d5-9ffe-93d5e40efbd9-GrpcLogAppender: appendEntries Timeout, request=030c2313-1c2c-4b42-81fb-cb58ee93f992->716dc1a1-4b82-41d5-9ffe-93d5e40efbd9#76-t1, previous=(t:1, i:10), leaderCommit=10, initializing? false, entries: <empty>
2019-10-18 07:24:24,926 [Thread-11202] INFO  impl.FollowerState (FollowerState.java:run(108)) - 12ad0800-05cb-443c-9fdd-fa1debf04523@group-BCB82A5C07F5-FollowerState: change to CANDIDATE, lastRpcTime:138ms, electionTimeout:138ms
2019-10-18 07:24:24,926 [Thread-11202] INFO  impl.RoleInfo (RoleInfo.java:shutdownFollowerState(121)) - 12ad0800-05cb-443c-9fdd-fa1debf04523: shutdown FollowerState
2019-10-18 07:24:24,926 [Thread-11202] INFO  impl.RaftServerImpl (RaftServerImpl.java:setRole(184)) - 12ad0800-05cb-443c-9fdd-fa1debf04523@group-BCB82A5C07F5: changes role from  FOLLOWER to CANDIDATE at term 270 for changeToCandidate
2019-10-18 07:24:24,926 [Thread-11202] INFO  impl.RoleInfo (RoleInfo.java:updateAndGet(143)) - 12ad0800-05cb-443c-9fdd-fa1debf04523: start LeaderElection
2019-10-18 07:24:24,939 [12ad0800-05cb-443c-9fdd-fa1debf04523@group-BCB82A5C07F5-LeaderElection1327] INFO  impl.LeaderElection (LeaderElection.java:askForVotes(178)) - 12ad0800-05cb-443c-9fdd-fa1debf04523@group-BCB82A5C07F5-LeaderElection1327: begin an election at term 271 for -1: [12ad0800-05cb-443c-9fdd-fa1debf04523:192.168.34.25:41155, 5170c5f3-8499-4b42-9321-85fc8a351f79:192.168.34.25:43074, 0b10a9fc-47eb-4a2b-b664-8273d9d17379:192.168.34.25:45248], old=null
2019-10-18 07:24:24,940 [12ad0800-05cb-443c-9fdd-fa1debf04523@group-BCB82A5C07F5-LeaderElection1327] INFO  impl.LeaderElection (LogUtils.java:infoOrTrace(149)) - 12ad0800-05cb-443c-9fdd-fa1debf04523@group-BCB82A5C07F5-LeaderElection1327 got exception when requesting votes: {}
java.util.concurrent.ExecutionException: org.apache.ratis.thirdparty.io.grpc.StatusRuntimeException: UNAVAILABLE: io exception
	at java.util.concurrent.FutureTask.report(FutureTask.java:122)
	at java.util.concurrent.FutureTask.get(FutureTask.java:192)
	at org.apache.ratis.server.impl.LeaderElection.waitForResults(LeaderElection.java:259)
	at org.apache.ratis.server.impl.LeaderElection.askForVotes(LeaderElection.java:197)
	at org.apache.ratis.server.impl.LeaderElection.run(LeaderElection.java:133)
	at java.lang.Thread.run(Thread.java:748)
Caused by: org.apache.ratis.thirdparty.io.grpc.StatusRuntimeException: UNAVAILABLE: io exception
	at org.apache.ratis.thirdparty.io.grpc.stub.ClientCalls.toStatusRuntimeException(ClientCalls.java:233)
	at org.apache.ratis.thirdparty.io.grpc.stub.ClientCalls.getUnchecked(ClientCalls.java:214)
	at org.apache.ratis.thirdparty.io.grpc.stub.ClientCalls.blockingUnaryCall(ClientCalls.java:139)
	at org.apache.ratis.proto.grpc.RaftServerProtocolServiceGrpc$RaftServerProtocolServiceBlockingStub.requestVote(RaftServerProtocolServiceGrpc.java:265)
	at org.apache.ratis.grpc.server.GrpcServerProtocolClient.requestVote(GrpcServerProtocolClient.java:99)
	at org.apache.ratis.grpc.server.GrpcService.requestVote(GrpcService.java:204)
	at org.apache.ratis.server.impl.LeaderElection.lambda$submitRequests$1(LeaderElection.java:234)
	at java.util.concurrent.FutureTask.run(FutureTask.java:266)
	at java.util.concurrent.Executors$RunnableAdapter.call(Executors.java:511)
	at java.util.concurrent.FutureTask.run(FutureTask.java:266)
	at java.util.concurrent.ThreadPoolExecutor.runWorker(ThreadPoolExecutor.java:1149)
	at java.util.concurrent.ThreadPoolExecutor$Worker.run(ThreadPoolExecutor.java:624)
	... 1 more
Caused by: org.apache.ratis.thirdparty.io.netty.channel.AbstractChannel$AnnotatedConnectException: Connection refused: /192.168.34.25:43074
	at sun.nio.ch.SocketChannelImpl.checkConnect(Native Method)
	at sun.nio.ch.SocketChannelImpl.finishConnect(SocketChannelImpl.java:717)
	at org.apache.ratis.thirdparty.io.netty.channel.socket.nio.NioSocketChannel.doFinishConnect(NioSocketChannel.java:327)
	at org.apache.ratis.thirdparty.io.netty.channel.nio.AbstractNioChannel$AbstractNioUnsafe.finishConnect(AbstractNioChannel.java:340)
	at org.apache.ratis.thirdparty.io.netty.channel.nio.NioEventLoop.processSelectedKey(NioEventLoop.java:632)
	at org.apache.ratis.thirdparty.io.netty.channel.nio.NioEventLoop.processSelectedKeysOptimized(NioEventLoop.java:579)
	at org.apache.ratis.thirdparty.io.netty.channel.nio.NioEventLoop.processSelectedKeys(NioEventLoop.java:496)
	at org.apache.ratis.thirdparty.io.netty.channel.nio.NioEventLoop.run(NioEventLoop.java:458)
	at org.apache.ratis.thirdparty.io.netty.util.concurrent.SingleThreadEventExecutor$5.run(SingleThreadEventExecutor.java:897)
	at org.apache.ratis.thirdparty.io.netty.util.concurrent.FastThreadLocalRunnable.run(FastThreadLocalRunnable.java:30)
	... 1 more
Caused by: java.net.ConnectException: Connection refused
	... 11 more
2019-10-18 07:24:24,940 [12ad0800-05cb-443c-9fdd-fa1debf04523@group-BCB82A5C07F5-LeaderElection1327] INFO  impl.LeaderElection (LogUtils.java:infoOrTrace(149)) - 12ad0800-05cb-443c-9fdd-fa1debf04523@group-BCB82A5C07F5-LeaderElection1327 got exception when requesting votes: {}
java.util.concurrent.ExecutionException: org.apache.ratis.thirdparty.io.grpc.StatusRuntimeException: UNAVAILABLE: io exception
	at java.util.concurrent.FutureTask.report(FutureTask.java:122)
	at java.util.concurrent.FutureTask.get(FutureTask.java:192)
	at org.apache.ratis.server.impl.LeaderElection.waitForResults(LeaderElection.java:259)
	at org.apache.ratis.server.impl.LeaderElection.askForVotes(LeaderElection.java:197)
	at org.apache.ratis.server.impl.LeaderElection.run(LeaderElection.java:133)
	at java.lang.Thread.run(Thread.java:748)
Caused by: org.apache.ratis.thirdparty.io.grpc.StatusRuntimeException: UNAVAILABLE: io exception
	at org.apache.ratis.thirdparty.io.grpc.stub.ClientCalls.toStatusRuntimeException(ClientCalls.java:233)
	at org.apache.ratis.thirdparty.io.grpc.stub.ClientCalls.getUnchecked(ClientCalls.java:214)
	at org.apache.ratis.thirdparty.io.grpc.stub.ClientCalls.blockingUnaryCall(ClientCalls.java:139)
	at org.apache.ratis.proto.grpc.RaftServerProtocolServiceGrpc$RaftServerProtocolServiceBlockingStub.requestVote(RaftServerProtocolServiceGrpc.java:265)
	at org.apache.ratis.grpc.server.GrpcServerProtocolClient.requestVote(GrpcServerProtocolClient.java:99)
	at org.apache.ratis.grpc.server.GrpcService.requestVote(GrpcService.java:204)
	at org.apache.ratis.server.impl.LeaderElection.lambda$submitRequests$1(LeaderElection.java:234)
	at java.util.concurrent.FutureTask.run(FutureTask.java:266)
	at java.util.concurrent.Executors$RunnableAdapter.call(Executors.java:511)
	at java.util.concurrent.FutureTask.run(FutureTask.java:266)
	at java.util.concurrent.ThreadPoolExecutor.runWorker(ThreadPoolExecutor.java:1149)
	at java.util.concurrent.ThreadPoolExecutor$Worker.run(ThreadPoolExecutor.java:624)
	... 1 more
Caused by: org.apache.ratis.thirdparty.io.netty.channel.AbstractChannel$AnnotatedConnectException: Connection refused: /192.168.34.25:45248
	at sun.nio.ch.SocketChannelImpl.checkConnect(Native Method)
	at sun.nio.ch.SocketChannelImpl.finishConnect(SocketChannelImpl.java:717)
	at org.apache.ratis.thirdparty.io.netty.channel.socket.nio.NioSocketChannel.doFinishConnect(NioSocketChannel.java:327)
	at org.apache.ratis.thirdparty.io.netty.channel.nio.AbstractNioChannel$AbstractNioUnsafe.finishConnect(AbstractNioChannel.java:340)
	at org.apache.ratis.thirdparty.io.netty.channel.nio.NioEventLoop.processSelectedKey(NioEventLoop.java:632)
	at org.apache.ratis.thirdparty.io.netty.channel.nio.NioEventLoop.processSelectedKeysOptimized(NioEventLoop.java:579)
	at org.apache.ratis.thirdparty.io.netty.channel.nio.NioEventLoop.processSelectedKeys(NioEventLoop.java:496)
	at org.apache.ratis.thirdparty.io.netty.channel.nio.NioEventLoop.run(NioEventLoop.java:458)
	at org.apache.ratis.thirdparty.io.netty.util.concurrent.SingleThreadEventExecutor$5.run(SingleThreadEventExecutor.java:897)
	at org.apache.ratis.thirdparty.io.netty.util.concurrent.FastThreadLocalRunnable.run(FastThreadLocalRunnable.java:30)
	... 1 more
Caused by: java.net.ConnectException: Connection refused
	... 11 more
2019-10-18 07:24:24,940 [12ad0800-05cb-443c-9fdd-fa1debf04523@group-BCB82A5C07F5-LeaderElection1327] INFO  impl.LeaderElection (LeaderElection.java:logAndReturn(56)) - 12ad0800-05cb-443c-9fdd-fa1debf04523@group-BCB82A5C07F5-LeaderElection1327: Election REJECTED; received 0 response(s) [] and 2 exception(s); 12ad0800-05cb-443c-9fdd-fa1debf04523@group-BCB82A5C07F5:t271, leader=null, voted=12ad0800-05cb-443c-9fdd-fa1debf04523, raftlog=12ad0800-05cb-443c-9fdd-fa1debf04523@group-BCB82A5C07F5-SegmentedRaftLog:OPENED:c-1,f-1,i0, conf=-1: [12ad0800-05cb-443c-9fdd-fa1debf04523:192.168.34.25:41155, 5170c5f3-8499-4b42-9321-85fc8a351f79:192.168.34.25:43074, 0b10a9fc-47eb-4a2b-b664-8273d9d17379:192.168.34.25:45248], old=null
2019-10-18 07:24:24,940 [12ad0800-05cb-443c-9fdd-fa1debf04523@group-BCB82A5C07F5-LeaderElection1327] INFO  impl.LeaderElection (LogUtils.java:infoOrTrace(149)) -   Exception 0: {}
java.util.concurrent.ExecutionException: org.apache.ratis.thirdparty.io.grpc.StatusRuntimeException: UNAVAILABLE: io exception
	at java.util.concurrent.FutureTask.report(FutureTask.java:122)
	at java.util.concurrent.FutureTask.get(FutureTask.java:192)
	at org.apache.ratis.server.impl.LeaderElection.waitForResults(LeaderElection.java:259)
	at org.apache.ratis.server.impl.LeaderElection.askForVotes(LeaderElection.java:197)
	at org.apache.ratis.server.impl.LeaderElection.run(LeaderElection.java:133)
	at java.lang.Thread.run(Thread.java:748)
Caused by: org.apache.ratis.thirdparty.io.grpc.StatusRuntimeException: UNAVAILABLE: io exception
	at org.apache.ratis.thirdparty.io.grpc.stub.ClientCalls.toStatusRuntimeException(ClientCalls.java:233)
	at org.apache.ratis.thirdparty.io.grpc.stub.ClientCalls.getUnchecked(ClientCalls.java:214)
	at org.apache.ratis.thirdparty.io.grpc.stub.ClientCalls.blockingUnaryCall(ClientCalls.java:139)
	at org.apache.ratis.proto.grpc.RaftServerProtocolServiceGrpc$RaftServerProtocolServiceBlockingStub.requestVote(RaftServerProtocolServiceGrpc.java:265)
	at org.apache.ratis.grpc.server.GrpcServerProtocolClient.requestVote(GrpcServerProtocolClient.java:99)
	at org.apache.ratis.grpc.server.GrpcService.requestVote(GrpcService.java:204)
	at org.apache.ratis.server.impl.LeaderElection.lambda$submitRequests$1(LeaderElection.java:234)
	at java.util.concurrent.FutureTask.run(FutureTask.java:266)
	at java.util.concurrent.Executors$RunnableAdapter.call(Executors.java:511)
	at java.util.concurrent.FutureTask.run(FutureTask.java:266)
	at java.util.concurrent.ThreadPoolExecutor.runWorker(ThreadPoolExecutor.java:1149)
	at java.util.concurrent.ThreadPoolExecutor$Worker.run(ThreadPoolExecutor.java:624)
	... 1 more
Caused by: org.apache.ratis.thirdparty.io.netty.channel.AbstractChannel$AnnotatedConnectException: Connection refused: /192.168.34.25:43074
	at sun.nio.ch.SocketChannelImpl.checkConnect(Native Method)
	at sun.nio.ch.SocketChannelImpl.finishConnect(SocketChannelImpl.java:717)
	at org.apache.ratis.thirdparty.io.netty.channel.socket.nio.NioSocketChannel.doFinishConnect(NioSocketChannel.java:327)
	at org.apache.ratis.thirdparty.io.netty.channel.nio.AbstractNioChannel$AbstractNioUnsafe.finishConnect(AbstractNioChannel.java:340)
	at org.apache.ratis.thirdparty.io.netty.channel.nio.NioEventLoop.processSelectedKey(NioEventLoop.java:632)
	at org.apache.ratis.thirdparty.io.netty.channel.nio.NioEventLoop.processSelectedKeysOptimized(NioEventLoop.java:579)
	at org.apache.ratis.thirdparty.io.netty.channel.nio.NioEventLoop.processSelectedKeys(NioEventLoop.java:496)
	at org.apache.ratis.thirdparty.io.netty.channel.nio.NioEventLoop.run(NioEventLoop.java:458)
	at org.apache.ratis.thirdparty.io.netty.util.concurrent.SingleThreadEventExecutor$5.run(SingleThreadEventExecutor.java:897)
	at org.apache.ratis.thirdparty.io.netty.util.concurrent.FastThreadLocalRunnable.run(FastThreadLocalRunnable.java:30)
	... 1 more
Caused by: java.net.ConnectException: Connection refused
	... 11 more
2019-10-18 07:24:24,941 [12ad0800-05cb-443c-9fdd-fa1debf04523@group-BCB82A5C07F5-LeaderElection1327] INFO  impl.LeaderElection (LogUtils.java:infoOrTrace(149)) -   Exception 1: {}
java.util.concurrent.ExecutionException: org.apache.ratis.thirdparty.io.grpc.StatusRuntimeException: UNAVAILABLE: io exception
	at java.util.concurrent.FutureTask.report(FutureTask.java:122)
	at java.util.concurrent.FutureTask.get(FutureTask.java:192)
	at org.apache.ratis.server.impl.LeaderElection.waitForResults(LeaderElection.java:259)
	at org.apache.ratis.server.impl.LeaderElection.askForVotes(LeaderElection.java:197)
	at org.apache.ratis.server.impl.LeaderElection.run(LeaderElection.java:133)
	at java.lang.Thread.run(Thread.java:748)
Caused by: org.apache.ratis.thirdparty.io.grpc.StatusRuntimeException: UNAVAILABLE: io exception
	at org.apache.ratis.thirdparty.io.grpc.stub.ClientCalls.toStatusRuntimeException(ClientCalls.java:233)
	at org.apache.ratis.thirdparty.io.grpc.stub.ClientCalls.getUnchecked(ClientCalls.java:214)
	at org.apache.ratis.thirdparty.io.grpc.stub.ClientCalls.blockingUnaryCall(ClientCalls.java:139)
	at org.apache.ratis.proto.grpc.RaftServerProtocolServiceGrpc$RaftServerProtocolServiceBlockingStub.requestVote(RaftServerProtocolServiceGrpc.java:265)
	at org.apache.ratis.grpc.server.GrpcServerProtocolClient.requestVote(GrpcServerProtocolClient.java:99)
	at org.apache.ratis.grpc.server.GrpcService.requestVote(GrpcService.java:204)
	at org.apache.ratis.server.impl.LeaderElection.lambda$submitRequests$1(LeaderElection.java:234)
	at java.util.concurrent.FutureTask.run(FutureTask.java:266)
	at java.util.concurrent.Executors$RunnableAdapter.call(Executors.java:511)
	at java.util.concurrent.FutureTask.run(FutureTask.java:266)
	at java.util.concurrent.ThreadPoolExecutor.runWorker(ThreadPoolExecutor.java:1149)
	at java.util.concurrent.ThreadPoolExecutor$Worker.run(ThreadPoolExecutor.java:624)
	... 1 more
Caused by: org.apache.ratis.thirdparty.io.netty.channel.AbstractChannel$AnnotatedConnectException: Connection refused: /192.168.34.25:45248
	at sun.nio.ch.SocketChannelImpl.checkConnect(Native Method)
	at sun.nio.ch.SocketChannelImpl.finishConnect(SocketChannelImpl.java:717)
	at org.apache.ratis.thirdparty.io.netty.channel.socket.nio.NioSocketChannel.doFinishConnect(NioSocketChannel.java:327)
	at org.apache.ratis.thirdparty.io.netty.channel.nio.AbstractNioChannel$AbstractNioUnsafe.finishConnect(AbstractNioChannel.java:340)
	at org.apache.ratis.thirdparty.io.netty.channel.nio.NioEventLoop.processSelectedKey(NioEventLoop.java:632)
	at org.apache.ratis.thirdparty.io.netty.channel.nio.NioEventLoop.processSelectedKeysOptimized(NioEventLoop.java:579)
	at org.apache.ratis.thirdparty.io.netty.channel.nio.NioEventLoop.processSelectedKeys(NioEventLoop.java:496)
	at org.apache.ratis.thirdparty.io.netty.channel.nio.NioEventLoop.run(NioEventLoop.java:458)
	at org.apache.ratis.thirdparty.io.netty.util.concurrent.SingleThreadEventExecutor$5.run(SingleThreadEventExecutor.java:897)
	at org.apache.ratis.thirdparty.io.netty.util.concurrent.FastThreadLocalRunnable.run(FastThreadLocalRunnable.java:30)
	... 1 more
Caused by: java.net.ConnectException: Connection refused
	... 11 more
2019-10-18 07:24:24,941 [12ad0800-05cb-443c-9fdd-fa1debf04523@group-BCB82A5C07F5-LeaderElection1327] INFO  impl.RaftServerImpl (RaftServerImpl.java:setRole(184)) - 12ad0800-05cb-443c-9fdd-fa1debf04523@group-BCB82A5C07F5: changes role from CANDIDATE to FOLLOWER at term 271 for DISCOVERED_A_NEW_TERM
2019-10-18 07:24:24,941 [12ad0800-05cb-443c-9fdd-fa1debf04523@group-BCB82A5C07F5-LeaderElection1327] INFO  impl.RoleInfo (RoleInfo.java:shutdownLeaderElection(134)) - 12ad0800-05cb-443c-9fdd-fa1debf04523: shutdown LeaderElection
2019-10-18 07:24:24,941 [12ad0800-05cb-443c-9fdd-fa1debf04523@group-BCB82A5C07F5-LeaderElection1327] INFO  impl.RoleInfo (RoleInfo.java:updateAndGet(143)) - 12ad0800-05cb-443c-9fdd-fa1debf04523: start FollowerState
2019-10-18 07:24:25,130 [Thread-11206] INFO  impl.FollowerState (FollowerState.java:run(108)) - 12ad0800-05cb-443c-9fdd-fa1debf04523@group-BCB82A5C07F5-FollowerState: change to CANDIDATE, lastRpcTime:188ms, electionTimeout:188ms
2019-10-18 07:24:25,130 [Thread-11206] INFO  impl.RoleInfo (RoleInfo.java:shutdownFollowerState(121)) - 12ad0800-05cb-443c-9fdd-fa1debf04523: shutdown FollowerState
2019-10-18 07:24:25,130 [Thread-11206] INFO  impl.RaftServerImpl (RaftServerImpl.java:setRole(184)) - 12ad0800-05cb-443c-9fdd-fa1debf04523@group-BCB82A5C07F5: changes role from  FOLLOWER to CANDIDATE at term 271 for changeToCandidate
2019-10-18 07:24:25,130 [Thread-11206] INFO  impl.RoleInfo (RoleInfo.java:updateAndGet(143)) - 12ad0800-05cb-443c-9fdd-fa1debf04523: start LeaderElection
2019-10-18 07:24:25,153 [12ad0800-05cb-443c-9fdd-fa1debf04523@group-BCB82A5C07F5-LeaderElection1328] INFO  impl.LeaderElection (LeaderElection.java:askForVotes(178)) - 12ad0800-05cb-443c-9fdd-fa1debf04523@group-BCB82A5C07F5-LeaderElection1328: begin an election at term 272 for -1: [12ad0800-05cb-443c-9fdd-fa1debf04523:192.168.34.25:41155, 5170c5f3-8499-4b42-9321-85fc8a351f79:192.168.34.25:43074, 0b10a9fc-47eb-4a2b-b664-8273d9d17379:192.168.34.25:45248], old=null
2019-10-18 07:24:25,154 [12ad0800-05cb-443c-9fdd-fa1debf04523@group-BCB82A5C07F5-LeaderElection1328] INFO  impl.LeaderElection (LogUtils.java:infoOrTrace(149)) - 12ad0800-05cb-443c-9fdd-fa1debf04523@group-BCB82A5C07F5-LeaderElection1328 got exception when requesting votes: {}
java.util.concurrent.ExecutionException: org.apache.ratis.thirdparty.io.grpc.StatusRuntimeException: UNAVAILABLE: io exception
	at java.util.concurrent.FutureTask.report(FutureTask.java:122)
	at java.util.concurrent.FutureTask.get(FutureTask.java:192)
	at org.apache.ratis.server.impl.LeaderElection.waitForResults(LeaderElection.java:259)
	at org.apache.ratis.server.impl.LeaderElection.askForVotes(LeaderElection.java:197)
	at org.apache.ratis.server.impl.LeaderElection.run(LeaderElection.java:133)
	at java.lang.Thread.run(Thread.java:748)
Caused by: org.apache.ratis.thirdparty.io.grpc.StatusRuntimeException: UNAVAILABLE: io exception
	at org.apache.ratis.thirdparty.io.grpc.stub.ClientCalls.toStatusRuntimeException(ClientCalls.java:233)
	at org.apache.ratis.thirdparty.io.grpc.stub.ClientCalls.getUnchecked(ClientCalls.java:214)
	at org.apache.ratis.thirdparty.io.grpc.stub.ClientCalls.blockingUnaryCall(ClientCalls.java:139)
	at org.apache.ratis.proto.grpc.RaftServerProtocolServiceGrpc$RaftServerProtocolServiceBlockingStub.requestVote(RaftServerProtocolServiceGrpc.java:265)
	at org.apache.ratis.grpc.server.GrpcServerProtocolClient.requestVote(GrpcServerProtocolClient.java:99)
	at org.apache.ratis.grpc.server.GrpcService.requestVote(GrpcService.java:204)
	at org.apache.ratis.server.impl.LeaderElection.lambda$submitRequests$1(LeaderElection.java:234)
	at java.util.concurrent.FutureTask.run(FutureTask.java:266)
	at java.util.concurrent.Executors$RunnableAdapter.call(Executors.java:511)
	at java.util.concurrent.FutureTask.run(FutureTask.java:266)
	at java.util.concurrent.ThreadPoolExecutor.runWorker(ThreadPoolExecutor.java:1149)
	at java.util.concurrent.ThreadPoolExecutor$Worker.run(ThreadPoolExecutor.java:624)
	... 1 more
Caused by: org.apache.ratis.thirdparty.io.netty.channel.AbstractChannel$AnnotatedConnectException: Connection refused: /192.168.34.25:43074
	at sun.nio.ch.SocketChannelImpl.checkConnect(Native Method)
	at sun.nio.ch.SocketChannelImpl.finishConnect(SocketChannelImpl.java:717)
	at org.apache.ratis.thirdparty.io.netty.channel.socket.nio.NioSocketChannel.doFinishConnect(NioSocketChannel.java:327)
	at org.apache.ratis.thirdparty.io.netty.channel.nio.AbstractNioChannel$AbstractNioUnsafe.finishConnect(AbstractNioChannel.java:340)
	at org.apache.ratis.thirdparty.io.netty.channel.nio.NioEventLoop.processSelectedKey(NioEventLoop.java:632)
	at org.apache.ratis.thirdparty.io.netty.channel.nio.NioEventLoop.processSelectedKeysOptimized(NioEventLoop.java:579)
	at org.apache.ratis.thirdparty.io.netty.channel.nio.NioEventLoop.processSelectedKeys(NioEventLoop.java:496)
	at org.apache.ratis.thirdparty.io.netty.channel.nio.NioEventLoop.run(NioEventLoop.java:458)
	at org.apache.ratis.thirdparty.io.netty.util.concurrent.SingleThreadEventExecutor$5.run(SingleThreadEventExecutor.java:897)
	at org.apache.ratis.thirdparty.io.netty.util.concurrent.FastThreadLocalRunnable.run(FastThreadLocalRunnable.java:30)
	... 1 more
Caused by: java.net.ConnectException: Connection refused
	... 11 more
2019-10-18 07:24:25,155 [12ad0800-05cb-443c-9fdd-fa1debf04523@group-BCB82A5C07F5-LeaderElection1328] INFO  impl.LeaderElection (LogUtils.java:infoOrTrace(149)) - 12ad0800-05cb-443c-9fdd-fa1debf04523@group-BCB82A5C07F5-LeaderElection1328 got exception when requesting votes: {}
java.util.concurrent.ExecutionException: org.apache.ratis.thirdparty.io.grpc.StatusRuntimeException: UNAVAILABLE: io exception
	at java.util.concurrent.FutureTask.report(FutureTask.java:122)
	at java.util.concurrent.FutureTask.get(FutureTask.java:192)
	at org.apache.ratis.server.impl.LeaderElection.waitForResults(LeaderElection.java:259)
	at org.apache.ratis.server.impl.LeaderElection.askForVotes(LeaderElection.java:197)
	at org.apache.ratis.server.impl.LeaderElection.run(LeaderElection.java:133)
	at java.lang.Thread.run(Thread.java:748)
Caused by: org.apache.ratis.thirdparty.io.grpc.StatusRuntimeException: UNAVAILABLE: io exception
	at org.apache.ratis.thirdparty.io.grpc.stub.ClientCalls.toStatusRuntimeException(ClientCalls.java:233)
	at org.apache.ratis.thirdparty.io.grpc.stub.ClientCalls.getUnchecked(ClientCalls.java:214)
	at org.apache.ratis.thirdparty.io.grpc.stub.ClientCalls.blockingUnaryCall(ClientCalls.java:139)
	at org.apache.ratis.proto.grpc.RaftServerProtocolServiceGrpc$RaftServerProtocolServiceBlockingStub.requestVote(RaftServerProtocolServiceGrpc.java:265)
	at org.apache.ratis.grpc.server.GrpcServerProtocolClient.requestVote(GrpcServerProtocolClient.java:99)
	at org.apache.ratis.grpc.server.GrpcService.requestVote(GrpcService.java:204)
	at org.apache.ratis.server.impl.LeaderElection.lambda$submitRequests$1(LeaderElection.java:234)
	at java.util.concurrent.FutureTask.run(FutureTask.java:266)
	at java.util.concurrent.Executors$RunnableAdapter.call(Executors.java:511)
	at java.util.concurrent.FutureTask.run(FutureTask.java:266)
	at java.util.concurrent.ThreadPoolExecutor.runWorker(ThreadPoolExecutor.java:1149)
	at java.util.concurrent.ThreadPoolExecutor$Worker.run(ThreadPoolExecutor.java:624)
	... 1 more
Caused by: org.apache.ratis.thirdparty.io.netty.channel.AbstractChannel$AnnotatedConnectException: Connection refused: /192.168.34.25:45248
	at sun.nio.ch.SocketChannelImpl.checkConnect(Native Method)
	at sun.nio.ch.SocketChannelImpl.finishConnect(SocketChannelImpl.java:717)
	at org.apache.ratis.thirdparty.io.netty.channel.socket.nio.NioSocketChannel.doFinishConnect(NioSocketChannel.java:327)
	at org.apache.ratis.thirdparty.io.netty.channel.nio.AbstractNioChannel$AbstractNioUnsafe.finishConnect(AbstractNioChannel.java:340)
	at org.apache.ratis.thirdparty.io.netty.channel.nio.NioEventLoop.processSelectedKey(NioEventLoop.java:632)
	at org.apache.ratis.thirdparty.io.netty.channel.nio.NioEventLoop.processSelectedKeysOptimized(NioEventLoop.java:579)
	at org.apache.ratis.thirdparty.io.netty.channel.nio.NioEventLoop.processSelectedKeys(NioEventLoop.java:496)
	at org.apache.ratis.thirdparty.io.netty.channel.nio.NioEventLoop.run(NioEventLoop.java:458)
	at org.apache.ratis.thirdparty.io.netty.util.concurrent.SingleThreadEventExecutor$5.run(SingleThreadEventExecutor.java:897)
	at org.apache.ratis.thirdparty.io.netty.util.concurrent.FastThreadLocalRunnable.run(FastThreadLocalRunnable.java:30)
	... 1 more
Caused by: java.net.ConnectException: Connection refused
	... 11 more
2019-10-18 07:24:25,155 [12ad0800-05cb-443c-9fdd-fa1debf04523@group-BCB82A5C07F5-LeaderElection1328] INFO  impl.LeaderElection (LeaderElection.java:logAndReturn(56)) - 12ad0800-05cb-443c-9fdd-fa1debf04523@group-BCB82A5C07F5-LeaderElection1328: Election REJECTED; received 0 response(s) [] and 2 exception(s); 12ad0800-05cb-443c-9fdd-fa1debf04523@group-BCB82A5C07F5:t272, leader=null, voted=12ad0800-05cb-443c-9fdd-fa1debf04523, raftlog=12ad0800-05cb-443c-9fdd-fa1debf04523@group-BCB82A5C07F5-SegmentedRaftLog:OPENED:c-1,f-1,i0, conf=-1: [12ad0800-05cb-443c-9fdd-fa1debf04523:192.168.34.25:41155, 5170c5f3-8499-4b42-9321-85fc8a351f79:192.168.34.25:43074, 0b10a9fc-47eb-4a2b-b664-8273d9d17379:192.168.34.25:45248], old=null
2019-10-18 07:24:25,155 [12ad0800-05cb-443c-9fdd-fa1debf04523@group-BCB82A5C07F5-LeaderElection1328] INFO  impl.LeaderElection (LogUtils.java:infoOrTrace(149)) -   Exception 0: {}
java.util.concurrent.ExecutionException: org.apache.ratis.thirdparty.io.grpc.StatusRuntimeException: UNAVAILABLE: io exception
	at java.util.concurrent.FutureTask.report(FutureTask.java:122)
	at java.util.concurrent.FutureTask.get(FutureTask.java:192)
	at org.apache.ratis.server.impl.LeaderElection.waitForResults(LeaderElection.java:259)
	at org.apache.ratis.server.impl.LeaderElection.askForVotes(LeaderElection.java:197)
	at org.apache.ratis.server.impl.LeaderElection.run(LeaderElection.java:133)
	at java.lang.Thread.run(Thread.java:748)
Caused by: org.apache.ratis.thirdparty.io.grpc.StatusRuntimeException: UNAVAILABLE: io exception
	at org.apache.ratis.thirdparty.io.grpc.stub.ClientCalls.toStatusRuntimeException(ClientCalls.java:233)
	at org.apache.ratis.thirdparty.io.grpc.stub.ClientCalls.getUnchecked(ClientCalls.java:214)
	at org.apache.ratis.thirdparty.io.grpc.stub.ClientCalls.blockingUnaryCall(ClientCalls.java:139)
	at org.apache.ratis.proto.grpc.RaftServerProtocolServiceGrpc$RaftServerProtocolServiceBlockingStub.requestVote(RaftServerProtocolServiceGrpc.java:265)
	at org.apache.ratis.grpc.server.GrpcServerProtocolClient.requestVote(GrpcServerProtocolClient.java:99)
	at org.apache.ratis.grpc.server.GrpcService.requestVote(GrpcService.java:204)
	at org.apache.ratis.server.impl.LeaderElection.lambda$submitRequests$1(LeaderElection.java:234)
	at java.util.concurrent.FutureTask.run(FutureTask.java:266)
	at java.util.concurrent.Executors$RunnableAdapter.call(Executors.java:511)
	at java.util.concurrent.FutureTask.run(FutureTask.java:266)
	at java.util.concurrent.ThreadPoolExecutor.runWorker(ThreadPoolExecutor.java:1149)
	at java.util.concurrent.ThreadPoolExecutor$Worker.run(ThreadPoolExecutor.java:624)
	... 1 more
Caused by: org.apache.ratis.thirdparty.io.netty.channel.AbstractChannel$AnnotatedConnectException: Connection refused: /192.168.34.25:43074
	at sun.nio.ch.SocketChannelImpl.checkConnect(Native Method)
	at sun.nio.ch.SocketChannelImpl.finishConnect(SocketChannelImpl.java:717)
	at org.apache.ratis.thirdparty.io.netty.channel.socket.nio.NioSocketChannel.doFinishConnect(NioSocketChannel.java:327)
	at org.apache.ratis.thirdparty.io.netty.channel.nio.AbstractNioChannel$AbstractNioUnsafe.finishConnect(AbstractNioChannel.java:340)
	at org.apache.ratis.thirdparty.io.netty.channel.nio.NioEventLoop.processSelectedKey(NioEventLoop.java:632)
	at org.apache.ratis.thirdparty.io.netty.channel.nio.NioEventLoop.processSelectedKeysOptimized(NioEventLoop.java:579)
	at org.apache.ratis.thirdparty.io.netty.channel.nio.NioEventLoop.processSelectedKeys(NioEventLoop.java:496)
	at org.apache.ratis.thirdparty.io.netty.channel.nio.NioEventLoop.run(NioEventLoop.java:458)
	at org.apache.ratis.thirdparty.io.netty.util.concurrent.SingleThreadEventExecutor$5.run(SingleThreadEventExecutor.java:897)
	at org.apache.ratis.thirdparty.io.netty.util.concurrent.FastThreadLocalRunnable.run(FastThreadLocalRunnable.java:30)
	... 1 more
Caused by: java.net.ConnectException: Connection refused
	... 11 more
2019-10-18 07:24:25,155 [12ad0800-05cb-443c-9fdd-fa1debf04523@group-BCB82A5C07F5-LeaderElection1328] INFO  impl.LeaderElection (LogUtils.java:infoOrTrace(149)) -   Exception 1: {}
java.util.concurrent.ExecutionException: org.apache.ratis.thirdparty.io.grpc.StatusRuntimeException: UNAVAILABLE: io exception
	at java.util.concurrent.FutureTask.report(FutureTask.java:122)
	at java.util.concurrent.FutureTask.get(FutureTask.java:192)
	at org.apache.ratis.server.impl.LeaderElection.waitForResults(LeaderElection.java:259)
	at org.apache.ratis.server.impl.LeaderElection.askForVotes(LeaderElection.java:197)
	at org.apache.ratis.server.impl.LeaderElection.run(LeaderElection.java:133)
	at java.lang.Thread.run(Thread.java:748)
Caused by: org.apache.ratis.thirdparty.io.grpc.StatusRuntimeException: UNAVAILABLE: io exception
	at org.apache.ratis.thirdparty.io.grpc.stub.ClientCalls.toStatusRuntimeException(ClientCalls.java:233)
	at org.apache.ratis.thirdparty.io.grpc.stub.ClientCalls.getUnchecked(ClientCalls.java:214)
	at org.apache.ratis.thirdparty.io.grpc.stub.ClientCalls.blockingUnaryCall(ClientCalls.java:139)
	at org.apache.ratis.proto.grpc.RaftServerProtocolServiceGrpc$RaftServerProtocolServiceBlockingStub.requestVote(RaftServerProtocolServiceGrpc.java:265)
	at org.apache.ratis.grpc.server.GrpcServerProtocolClient.requestVote(GrpcServerProtocolClient.java:99)
	at org.apache.ratis.grpc.server.GrpcService.requestVote(GrpcService.java:204)
	at org.apache.ratis.server.impl.LeaderElection.lambda$submitRequests$1(LeaderElection.java:234)
	at java.util.concurrent.FutureTask.run(FutureTask.java:266)
	at java.util.concurrent.Executors$RunnableAdapter.call(Executors.java:511)
	at java.util.concurrent.FutureTask.run(FutureTask.java:266)
	at java.util.concurrent.ThreadPoolExecutor.runWorker(ThreadPoolExecutor.java:1149)
	at java.util.concurrent.ThreadPoolExecutor$Worker.run(ThreadPoolExecutor.java:624)
	... 1 more
Caused by: org.apache.ratis.thirdparty.io.netty.channel.AbstractChannel$AnnotatedConnectException: Connection refused: /192.168.34.25:45248
	at sun.nio.ch.SocketChannelImpl.checkConnect(Native Method)
	at sun.nio.ch.SocketChannelImpl.finishConnect(SocketChannelImpl.java:717)
	at org.apache.ratis.thirdparty.io.netty.channel.socket.nio.NioSocketChannel.doFinishConnect(NioSocketChannel.java:327)
	at org.apache.ratis.thirdparty.io.netty.channel.nio.AbstractNioChannel$AbstractNioUnsafe.finishConnect(AbstractNioChannel.java:340)
	at org.apache.ratis.thirdparty.io.netty.channel.nio.NioEventLoop.processSelectedKey(NioEventLoop.java:632)
	at org.apache.ratis.thirdparty.io.netty.channel.nio.NioEventLoop.processSelectedKeysOptimized(NioEventLoop.java:579)
	at org.apache.ratis.thirdparty.io.netty.channel.nio.NioEventLoop.processSelectedKeys(NioEventLoop.java:496)
	at org.apache.ratis.thirdparty.io.netty.channel.nio.NioEventLoop.run(NioEventLoop.java:458)
	at org.apache.ratis.thirdparty.io.netty.util.concurrent.SingleThreadEventExecutor$5.run(SingleThreadEventExecutor.java:897)
	at org.apache.ratis.thirdparty.io.netty.util.concurrent.FastThreadLocalRunnable.run(FastThreadLocalRunnable.java:30)
	... 1 more
Caused by: java.net.ConnectException: Connection refused
	... 11 more
2019-10-18 07:24:25,155 [12ad0800-05cb-443c-9fdd-fa1debf04523@group-BCB82A5C07F5-LeaderElection1328] INFO  impl.RaftServerImpl (RaftServerImpl.java:setRole(184)) - 12ad0800-05cb-443c-9fdd-fa1debf04523@group-BCB82A5C07F5: changes role from CANDIDATE to FOLLOWER at term 272 for DISCOVERED_A_NEW_TERM
2019-10-18 07:24:25,156 [12ad0800-05cb-443c-9fdd-fa1debf04523@group-BCB82A5C07F5-LeaderElection1328] INFO  impl.RoleInfo (RoleInfo.java:shutdownLeaderElection(134)) - 12ad0800-05cb-443c-9fdd-fa1debf04523: shutdown LeaderElection
2019-10-18 07:24:25,156 [12ad0800-05cb-443c-9fdd-fa1debf04523@group-BCB82A5C07F5-LeaderElection1328] INFO  impl.RoleInfo (RoleInfo.java:updateAndGet(143)) - 12ad0800-05cb-443c-9fdd-fa1debf04523: start FollowerState
2019-10-18 07:24:25,266 [java.util.concurrent.ThreadPoolExecutor$Worker@1ddf09da[State = -1, empty queue]] WARN  server.GrpcLogAppender (GrpcLogAppender.java:timeoutAppendRequest(209)) - 030c2313-1c2c-4b42-81fb-cb58ee93f992@group-E193FE271C99->9712a796-5281-4f3e-ac85-61dedd90db73-GrpcLogAppender: appendEntries Timeout, request=030c2313-1c2c-4b42-81fb-cb58ee93f992->9712a796-5281-4f3e-ac85-61dedd90db73#77-t1, previous=(t:1, i:10), leaderCommit=10, initializing? false, entries: <empty>
2019-10-18 07:24:25,267 [Thread-11210] INFO  impl.FollowerState (FollowerState.java:run(108)) - 12ad0800-05cb-443c-9fdd-fa1debf04523@group-BCB82A5C07F5-FollowerState: change to CANDIDATE, lastRpcTime:111ms, electionTimeout:111ms
2019-10-18 07:24:25,267 [Thread-11210] INFO  impl.RoleInfo (RoleInfo.java:shutdownFollowerState(121)) - 12ad0800-05cb-443c-9fdd-fa1debf04523: shutdown FollowerState
2019-10-18 07:24:25,267 [Thread-11210] INFO  impl.RaftServerImpl (RaftServerImpl.java:setRole(184)) - 12ad0800-05cb-443c-9fdd-fa1debf04523@group-BCB82A5C07F5: changes role from  FOLLOWER to CANDIDATE at term 272 for changeToCandidate
2019-10-18 07:24:25,267 [Thread-11210] INFO  impl.RoleInfo (RoleInfo.java:updateAndGet(143)) - 12ad0800-05cb-443c-9fdd-fa1debf04523: start LeaderElection
2019-10-18 07:24:25,284 [12ad0800-05cb-443c-9fdd-fa1debf04523@group-BCB82A5C07F5-LeaderElection1329] INFO  impl.LeaderElection (LeaderElection.java:askForVotes(178)) - 12ad0800-05cb-443c-9fdd-fa1debf04523@group-BCB82A5C07F5-LeaderElection1329: begin an election at term 273 for -1: [12ad0800-05cb-443c-9fdd-fa1debf04523:192.168.34.25:41155, 5170c5f3-8499-4b42-9321-85fc8a351f79:192.168.34.25:43074, 0b10a9fc-47eb-4a2b-b664-8273d9d17379:192.168.34.25:45248], old=null
2019-10-18 07:24:25,284 [12ad0800-05cb-443c-9fdd-fa1debf04523@group-BCB82A5C07F5-LeaderElection1329] INFO  impl.LeaderElection (LogUtils.java:infoOrTrace(149)) - 12ad0800-05cb-443c-9fdd-fa1debf04523@group-BCB82A5C07F5-LeaderElection1329 got exception when requesting votes: {}
java.util.concurrent.ExecutionException: org.apache.ratis.thirdparty.io.grpc.StatusRuntimeException: UNAVAILABLE: io exception
	at java.util.concurrent.FutureTask.report(FutureTask.java:122)
	at java.util.concurrent.FutureTask.get(FutureTask.java:192)
	at org.apache.ratis.server.impl.LeaderElection.waitForResults(LeaderElection.java:259)
	at org.apache.ratis.server.impl.LeaderElection.askForVotes(LeaderElection.java:197)
	at org.apache.ratis.server.impl.LeaderElection.run(LeaderElection.java:133)
	at java.lang.Thread.run(Thread.java:748)
Caused by: org.apache.ratis.thirdparty.io.grpc.StatusRuntimeException: UNAVAILABLE: io exception
	at org.apache.ratis.thirdparty.io.grpc.stub.ClientCalls.toStatusRuntimeException(ClientCalls.java:233)
	at org.apache.ratis.thirdparty.io.grpc.stub.ClientCalls.getUnchecked(ClientCalls.java:214)
	at org.apache.ratis.thirdparty.io.grpc.stub.ClientCalls.blockingUnaryCall(ClientCalls.java:139)
	at org.apache.ratis.proto.grpc.RaftServerProtocolServiceGrpc$RaftServerProtocolServiceBlockingStub.requestVote(RaftServerProtocolServiceGrpc.java:265)
	at org.apache.ratis.grpc.server.GrpcServerProtocolClient.requestVote(GrpcServerProtocolClient.java:99)
	at org.apache.ratis.grpc.server.GrpcService.requestVote(GrpcService.java:204)
	at org.apache.ratis.server.impl.LeaderElection.lambda$submitRequests$1(LeaderElection.java:234)
	at java.util.concurrent.FutureTask.run(FutureTask.java:266)
	at java.util.concurrent.Executors$RunnableAdapter.call(Executors.java:511)
	at java.util.concurrent.FutureTask.run(FutureTask.java:266)
	at java.util.concurrent.ThreadPoolExecutor.runWorker(ThreadPoolExecutor.java:1149)
	at java.util.concurrent.ThreadPoolExecutor$Worker.run(ThreadPoolExecutor.java:624)
	... 1 more
Caused by: org.apache.ratis.thirdparty.io.netty.channel.AbstractChannel$AnnotatedConnectException: Connection refused: /192.168.34.25:43074
	at sun.nio.ch.SocketChannelImpl.checkConnect(Native Method)
	at sun.nio.ch.SocketChannelImpl.finishConnect(SocketChannelImpl.java:717)
	at org.apache.ratis.thirdparty.io.netty.channel.socket.nio.NioSocketChannel.doFinishConnect(NioSocketChannel.java:327)
	at org.apache.ratis.thirdparty.io.netty.channel.nio.AbstractNioChannel$AbstractNioUnsafe.finishConnect(AbstractNioChannel.java:340)
	at org.apache.ratis.thirdparty.io.netty.channel.nio.NioEventLoop.processSelectedKey(NioEventLoop.java:632)
	at org.apache.ratis.thirdparty.io.netty.channel.nio.NioEventLoop.processSelectedKeysOptimized(NioEventLoop.java:579)
	at org.apache.ratis.thirdparty.io.netty.channel.nio.NioEventLoop.processSelectedKeys(NioEventLoop.java:496)
	at org.apache.ratis.thirdparty.io.netty.channel.nio.NioEventLoop.run(NioEventLoop.java:458)
	at org.apache.ratis.thirdparty.io.netty.util.concurrent.SingleThreadEventExecutor$5.run(SingleThreadEventExecutor.java:897)
	at org.apache.ratis.thirdparty.io.netty.util.concurrent.FastThreadLocalRunnable.run(FastThreadLocalRunnable.java:30)
	... 1 more
Caused by: java.net.ConnectException: Connection refused
	... 11 more
2019-10-18 07:24:25,285 [12ad0800-05cb-443c-9fdd-fa1debf04523@group-BCB82A5C07F5-LeaderElection1329] INFO  impl.LeaderElection (LogUtils.java:infoOrTrace(149)) - 12ad0800-05cb-443c-9fdd-fa1debf04523@group-BCB82A5C07F5-LeaderElection1329 got exception when requesting votes: {}
java.util.concurrent.ExecutionException: org.apache.ratis.thirdparty.io.grpc.StatusRuntimeException: UNAVAILABLE: io exception
	at java.util.concurrent.FutureTask.report(FutureTask.java:122)
	at java.util.concurrent.FutureTask.get(FutureTask.java:192)
	at org.apache.ratis.server.impl.LeaderElection.waitForResults(LeaderElection.java:259)
	at org.apache.ratis.server.impl.LeaderElection.askForVotes(LeaderElection.java:197)
	at org.apache.ratis.server.impl.LeaderElection.run(LeaderElection.java:133)
	at java.lang.Thread.run(Thread.java:748)
Caused by: org.apache.ratis.thirdparty.io.grpc.StatusRuntimeException: UNAVAILABLE: io exception
	at org.apache.ratis.thirdparty.io.grpc.stub.ClientCalls.toStatusRuntimeException(ClientCalls.java:233)
	at org.apache.ratis.thirdparty.io.grpc.stub.ClientCalls.getUnchecked(ClientCalls.java:214)
	at org.apache.ratis.thirdparty.io.grpc.stub.ClientCalls.blockingUnaryCall(ClientCalls.java:139)
	at org.apache.ratis.proto.grpc.RaftServerProtocolServiceGrpc$RaftServerProtocolServiceBlockingStub.requestVote(RaftServerProtocolServiceGrpc.java:265)
	at org.apache.ratis.grpc.server.GrpcServerProtocolClient.requestVote(GrpcServerProtocolClient.java:99)
	at org.apache.ratis.grpc.server.GrpcService.requestVote(GrpcService.java:204)
	at org.apache.ratis.server.impl.LeaderElection.lambda$submitRequests$1(LeaderElection.java:234)
	at java.util.concurrent.FutureTask.run(FutureTask.java:266)
	at java.util.concurrent.Executors$RunnableAdapter.call(Executors.java:511)
	at java.util.concurrent.FutureTask.run(FutureTask.java:266)
	at java.util.concurrent.ThreadPoolExecutor.runWorker(ThreadPoolExecutor.java:1149)
	at java.util.concurrent.ThreadPoolExecutor$Worker.run(ThreadPoolExecutor.java:624)
	... 1 more
Caused by: org.apache.ratis.thirdparty.io.netty.channel.AbstractChannel$AnnotatedConnectException: Connection refused: /192.168.34.25:45248
	at sun.nio.ch.SocketChannelImpl.checkConnect(Native Method)
	at sun.nio.ch.SocketChannelImpl.finishConnect(SocketChannelImpl.java:717)
	at org.apache.ratis.thirdparty.io.netty.channel.socket.nio.NioSocketChannel.doFinishConnect(NioSocketChannel.java:327)
	at org.apache.ratis.thirdparty.io.netty.channel.nio.AbstractNioChannel$AbstractNioUnsafe.finishConnect(AbstractNioChannel.java:340)
	at org.apache.ratis.thirdparty.io.netty.channel.nio.NioEventLoop.processSelectedKey(NioEventLoop.java:632)
	at org.apache.ratis.thirdparty.io.netty.channel.nio.NioEventLoop.processSelectedKeysOptimized(NioEventLoop.java:579)
	at org.apache.ratis.thirdparty.io.netty.channel.nio.NioEventLoop.processSelectedKeys(NioEventLoop.java:496)
	at org.apache.ratis.thirdparty.io.netty.channel.nio.NioEventLoop.run(NioEventLoop.java:458)
	at org.apache.ratis.thirdparty.io.netty.util.concurrent.SingleThreadEventExecutor$5.run(SingleThreadEventExecutor.java:897)
	at org.apache.ratis.thirdparty.io.netty.util.concurrent.FastThreadLocalRunnable.run(FastThreadLocalRunnable.java:30)
	... 1 more
Caused by: java.net.ConnectException: Connection refused
	... 11 more
2019-10-18 07:24:25,285 [12ad0800-05cb-443c-9fdd-fa1debf04523@group-BCB82A5C07F5-LeaderElection1329] INFO  impl.LeaderElection (LeaderElection.java:logAndReturn(56)) - 12ad0800-05cb-443c-9fdd-fa1debf04523@group-BCB82A5C07F5-LeaderElection1329: Election REJECTED; received 0 response(s) [] and 2 exception(s); 12ad0800-05cb-443c-9fdd-fa1debf04523@group-BCB82A5C07F5:t273, leader=null, voted=12ad0800-05cb-443c-9fdd-fa1debf04523, raftlog=12ad0800-05cb-443c-9fdd-fa1debf04523@group-BCB82A5C07F5-SegmentedRaftLog:OPENED:c-1,f-1,i0, conf=-1: [12ad0800-05cb-443c-9fdd-fa1debf04523:192.168.34.25:41155, 5170c5f3-8499-4b42-9321-85fc8a351f79:192.168.34.25:43074, 0b10a9fc-47eb-4a2b-b664-8273d9d17379:192.168.34.25:45248], old=null
2019-10-18 07:24:25,286 [12ad0800-05cb-443c-9fdd-fa1debf04523@group-BCB82A5C07F5-LeaderElection1329] INFO  impl.LeaderElection (LogUtils.java:infoOrTrace(149)) -   Exception 0: {}
java.util.concurrent.ExecutionException: org.apache.ratis.thirdparty.io.grpc.StatusRuntimeException: UNAVAILABLE: io exception
	at java.util.concurrent.FutureTask.report(FutureTask.java:122)
	at java.util.concurrent.FutureTask.get(FutureTask.java:192)
	at org.apache.ratis.server.impl.LeaderElection.waitForResults(LeaderElection.java:259)
	at org.apache.ratis.server.impl.LeaderElection.askForVotes(LeaderElection.java:197)
	at org.apache.ratis.server.impl.LeaderElection.run(LeaderElection.java:133)
	at java.lang.Thread.run(Thread.java:748)
Caused by: org.apache.ratis.thirdparty.io.grpc.StatusRuntimeException: UNAVAILABLE: io exception
	at org.apache.ratis.thirdparty.io.grpc.stub.ClientCalls.toStatusRuntimeException(ClientCalls.java:233)
	at org.apache.ratis.thirdparty.io.grpc.stub.ClientCalls.getUnchecked(ClientCalls.java:214)
	at org.apache.ratis.thirdparty.io.grpc.stub.ClientCalls.blockingUnaryCall(ClientCalls.java:139)
	at org.apache.ratis.proto.grpc.RaftServerProtocolServiceGrpc$RaftServerProtocolServiceBlockingStub.requestVote(RaftServerProtocolServiceGrpc.java:265)
	at org.apache.ratis.grpc.server.GrpcServerProtocolClient.requestVote(GrpcServerProtocolClient.java:99)
	at org.apache.ratis.grpc.server.GrpcService.requestVote(GrpcService.java:204)
	at org.apache.ratis.server.impl.LeaderElection.lambda$submitRequests$1(LeaderElection.java:234)
	at java.util.concurrent.FutureTask.run(FutureTask.java:266)
	at java.util.concurrent.Executors$RunnableAdapter.call(Executors.java:511)
	at java.util.concurrent.FutureTask.run(FutureTask.java:266)
	at java.util.concurrent.ThreadPoolExecutor.runWorker(ThreadPoolExecutor.java:1149)
	at java.util.concurrent.ThreadPoolExecutor$Worker.run(ThreadPoolExecutor.java:624)
	... 1 more
Caused by: org.apache.ratis.thirdparty.io.netty.channel.AbstractChannel$AnnotatedConnectException: Connection refused: /192.168.34.25:43074
	at sun.nio.ch.SocketChannelImpl.checkConnect(Native Method)
	at sun.nio.ch.SocketChannelImpl.finishConnect(SocketChannelImpl.java:717)
	at org.apache.ratis.thirdparty.io.netty.channel.socket.nio.NioSocketChannel.doFinishConnect(NioSocketChannel.java:327)
	at org.apache.ratis.thirdparty.io.netty.channel.nio.AbstractNioChannel$AbstractNioUnsafe.finishConnect(AbstractNioChannel.java:340)
	at org.apache.ratis.thirdparty.io.netty.channel.nio.NioEventLoop.processSelectedKey(NioEventLoop.java:632)
	at org.apache.ratis.thirdparty.io.netty.channel.nio.NioEventLoop.processSelectedKeysOptimized(NioEventLoop.java:579)
	at org.apache.ratis.thirdparty.io.netty.channel.nio.NioEventLoop.processSelectedKeys(NioEventLoop.java:496)
	at org.apache.ratis.thirdparty.io.netty.channel.nio.NioEventLoop.run(NioEventLoop.java:458)
	at org.apache.ratis.thirdparty.io.netty.util.concurrent.SingleThreadEventExecutor$5.run(SingleThreadEventExecutor.java:897)
	at org.apache.ratis.thirdparty.io.netty.util.concurrent.FastThreadLocalRunnable.run(FastThreadLocalRunnable.java:30)
	... 1 more
Caused by: java.net.ConnectException: Connection refused
	... 11 more
2019-10-18 07:24:25,286 [12ad0800-05cb-443c-9fdd-fa1debf04523@group-BCB82A5C07F5-LeaderElection1329] INFO  impl.LeaderElection (LogUtils.java:infoOrTrace(149)) -   Exception 1: {}
java.util.concurrent.ExecutionException: org.apache.ratis.thirdparty.io.grpc.StatusRuntimeException: UNAVAILABLE: io exception
	at java.util.concurrent.FutureTask.report(FutureTask.java:122)
	at java.util.concurrent.FutureTask.get(FutureTask.java:192)
	at org.apache.ratis.server.impl.LeaderElection.waitForResults(LeaderElection.java:259)
	at org.apache.ratis.server.impl.LeaderElection.askForVotes(LeaderElection.java:197)
	at org.apache.ratis.server.impl.LeaderElection.run(LeaderElection.java:133)
	at java.lang.Thread.run(Thread.java:748)
Caused by: org.apache.ratis.thirdparty.io.grpc.StatusRuntimeException: UNAVAILABLE: io exception
	at org.apache.ratis.thirdparty.io.grpc.stub.ClientCalls.toStatusRuntimeException(ClientCalls.java:233)
	at org.apache.ratis.thirdparty.io.grpc.stub.ClientCalls.getUnchecked(ClientCalls.java:214)
	at org.apache.ratis.thirdparty.io.grpc.stub.ClientCalls.blockingUnaryCall(ClientCalls.java:139)
	at org.apache.ratis.proto.grpc.RaftServerProtocolServiceGrpc$RaftServerProtocolServiceBlockingStub.requestVote(RaftServerProtocolServiceGrpc.java:265)
	at org.apache.ratis.grpc.server.GrpcServerProtocolClient.requestVote(GrpcServerProtocolClient.java:99)
	at org.apache.ratis.grpc.server.GrpcService.requestVote(GrpcService.java:204)
	at org.apache.ratis.server.impl.LeaderElection.lambda$submitRequests$1(LeaderElection.java:234)
	at java.util.concurrent.FutureTask.run(FutureTask.java:266)
	at java.util.concurrent.Executors$RunnableAdapter.call(Executors.java:511)
	at java.util.concurrent.FutureTask.run(FutureTask.java:266)
	at java.util.concurrent.ThreadPoolExecutor.runWorker(ThreadPoolExecutor.java:1149)
	at java.util.concurrent.ThreadPoolExecutor$Worker.run(ThreadPoolExecutor.java:624)
	... 1 more
Caused by: org.apache.ratis.thirdparty.io.netty.channel.AbstractChannel$AnnotatedConnectException: Connection refused: /192.168.34.25:45248
	at sun.nio.ch.SocketChannelImpl.checkConnect(Native Method)
	at sun.nio.ch.SocketChannelImpl.finishConnect(SocketChannelImpl.java:717)
	at org.apache.ratis.thirdparty.io.netty.channel.socket.nio.NioSocketChannel.doFinishConnect(NioSocketChannel.java:327)
	at org.apache.ratis.thirdparty.io.netty.channel.nio.AbstractNioChannel$AbstractNioUnsafe.finishConnect(AbstractNioChannel.java:340)
	at org.apache.ratis.thirdparty.io.netty.channel.nio.NioEventLoop.processSelectedKey(NioEventLoop.java:632)
	at org.apache.ratis.thirdparty.io.netty.channel.nio.NioEventLoop.processSelectedKeysOptimized(NioEventLoop.java:579)
	at org.apache.ratis.thirdparty.io.netty.channel.nio.NioEventLoop.processSelectedKeys(NioEventLoop.java:496)
	at org.apache.ratis.thirdparty.io.netty.channel.nio.NioEventLoop.run(NioEventLoop.java:458)
	at org.apache.ratis.thirdparty.io.netty.util.concurrent.SingleThreadEventExecutor$5.run(SingleThreadEventExecutor.java:897)
	at org.apache.ratis.thirdparty.io.netty.util.concurrent.FastThreadLocalRunnable.run(FastThreadLocalRunnable.java:30)
	... 1 more
Caused by: java.net.ConnectException: Connection refused
	... 11 more
2019-10-18 07:24:25,286 [12ad0800-05cb-443c-9fdd-fa1debf04523@group-BCB82A5C07F5-LeaderElection1329] INFO  impl.RaftServerImpl (RaftServerImpl.java:setRole(184)) - 12ad0800-05cb-443c-9fdd-fa1debf04523@group-BCB82A5C07F5: changes role from CANDIDATE to FOLLOWER at term 273 for DISCOVERED_A_NEW_TERM
2019-10-18 07:24:25,286 [12ad0800-05cb-443c-9fdd-fa1debf04523@group-BCB82A5C07F5-LeaderElection1329] INFO  impl.RoleInfo (RoleInfo.java:shutdownLeaderElection(134)) - 12ad0800-05cb-443c-9fdd-fa1debf04523: shutdown LeaderElection
2019-10-18 07:24:25,286 [12ad0800-05cb-443c-9fdd-fa1debf04523@group-BCB82A5C07F5-LeaderElection1329] INFO  impl.RoleInfo (RoleInfo.java:updateAndGet(143)) - 12ad0800-05cb-443c-9fdd-fa1debf04523: start FollowerState
2019-10-18 07:24:25,292 [java.util.concurrent.ThreadPoolExecutor$Worker@79ed443[State = -1, empty queue]] WARN  server.GrpcLogAppender (GrpcLogAppender.java:timeoutAppendRequest(209)) - 030c2313-1c2c-4b42-81fb-cb58ee93f992@group-E193FE271C99->716dc1a1-4b82-41d5-9ffe-93d5e40efbd9-GrpcLogAppender: appendEntries Timeout, request=030c2313-1c2c-4b42-81fb-cb58ee93f992->716dc1a1-4b82-41d5-9ffe-93d5e40efbd9#77-t1, previous=(t:1, i:10), leaderCommit=10, initializing? false, entries: <empty>
2019-10-18 07:24:25,320 [Thread-11214] INFO  impl.FollowerState (FollowerState.java:run(108)) - 12ad0800-05cb-443c-9fdd-fa1debf04523@group-BCB82A5C07F5-FollowerState: change to CANDIDATE, lastRpcTime:33ms, electionTimeout:33ms
2019-10-18 07:24:25,320 [Thread-11214] INFO  impl.RoleInfo (RoleInfo.java:shutdownFollowerState(121)) - 12ad0800-05cb-443c-9fdd-fa1debf04523: shutdown FollowerState
2019-10-18 07:24:25,320 [Thread-11214] INFO  impl.RaftServerImpl (RaftServerImpl.java:setRole(184)) - 12ad0800-05cb-443c-9fdd-fa1debf04523@group-BCB82A5C07F5: changes role from  FOLLOWER to CANDIDATE at term 273 for changeToCandidate
2019-10-18 07:24:25,320 [Thread-11214] INFO  impl.RoleInfo (RoleInfo.java:updateAndGet(143)) - 12ad0800-05cb-443c-9fdd-fa1debf04523: start LeaderElection
2019-10-18 07:24:25,338 [Datanode State Machine Thread - 0] INFO  statemachine.DatanodeStateMachine (DatanodeStateMachine.java:lambda$startDaemon$0(350)) - Ozone container server started.
2019-10-18 07:24:25,357 [12ad0800-05cb-443c-9fdd-fa1debf04523@group-BCB82A5C07F5-LeaderElection1330] INFO  impl.LeaderElection (LeaderElection.java:askForVotes(178)) - 12ad0800-05cb-443c-9fdd-fa1debf04523@group-BCB82A5C07F5-LeaderElection1330: begin an election at term 274 for -1: [12ad0800-05cb-443c-9fdd-fa1debf04523:192.168.34.25:41155, 5170c5f3-8499-4b42-9321-85fc8a351f79:192.168.34.25:43074, 0b10a9fc-47eb-4a2b-b664-8273d9d17379:192.168.34.25:45248], old=null
2019-10-18 07:24:25,358 [12ad0800-05cb-443c-9fdd-fa1debf04523@group-BCB82A5C07F5-LeaderElection1330] INFO  impl.LeaderElection (LogUtils.java:infoOrTrace(149)) - 12ad0800-05cb-443c-9fdd-fa1debf04523@group-BCB82A5C07F5-LeaderElection1330 got exception when requesting votes: {}
java.util.concurrent.ExecutionException: org.apache.ratis.thirdparty.io.grpc.StatusRuntimeException: UNAVAILABLE: io exception
	at java.util.concurrent.FutureTask.report(FutureTask.java:122)
	at java.util.concurrent.FutureTask.get(FutureTask.java:192)
	at org.apache.ratis.server.impl.LeaderElection.waitForResults(LeaderElection.java:259)
	at org.apache.ratis.server.impl.LeaderElection.askForVotes(LeaderElection.java:197)
	at org.apache.ratis.server.impl.LeaderElection.run(LeaderElection.java:133)
	at java.lang.Thread.run(Thread.java:748)
Caused by: org.apache.ratis.thirdparty.io.grpc.StatusRuntimeException: UNAVAILABLE: io exception
	at org.apache.ratis.thirdparty.io.grpc.stub.ClientCalls.toStatusRuntimeException(ClientCalls.java:233)
	at org.apache.ratis.thirdparty.io.grpc.stub.ClientCalls.getUnchecked(ClientCalls.java:214)
	at org.apache.ratis.thirdparty.io.grpc.stub.ClientCalls.blockingUnaryCall(ClientCalls.java:139)
	at org.apache.ratis.proto.grpc.RaftServerProtocolServiceGrpc$RaftServerProtocolServiceBlockingStub.requestVote(RaftServerProtocolServiceGrpc.java:265)
	at org.apache.ratis.grpc.server.GrpcServerProtocolClient.requestVote(GrpcServerProtocolClient.java:99)
	at org.apache.ratis.grpc.server.GrpcService.requestVote(GrpcService.java:204)
	at org.apache.ratis.server.impl.LeaderElection.lambda$submitRequests$1(LeaderElection.java:234)
	at java.util.concurrent.FutureTask.run(FutureTask.java:266)
	at java.util.concurrent.Executors$RunnableAdapter.call(Executors.java:511)
	at java.util.concurrent.FutureTask.run(FutureTask.java:266)
	at java.util.concurrent.ThreadPoolExecutor.runWorker(ThreadPoolExecutor.java:1149)
	at java.util.concurrent.ThreadPoolExecutor$Worker.run(ThreadPoolExecutor.java:624)
	... 1 more
Caused by: org.apache.ratis.thirdparty.io.netty.channel.AbstractChannel$AnnotatedConnectException: Connection refused: /192.168.34.25:43074
	at sun.nio.ch.SocketChannelImpl.checkConnect(Native Method)
	at sun.nio.ch.SocketChannelImpl.finishConnect(SocketChannelImpl.java:717)
	at org.apache.ratis.thirdparty.io.netty.channel.socket.nio.NioSocketChannel.doFinishConnect(NioSocketChannel.java:327)
	at org.apache.ratis.thirdparty.io.netty.channel.nio.AbstractNioChannel$AbstractNioUnsafe.finishConnect(AbstractNioChannel.java:340)
	at org.apache.ratis.thirdparty.io.netty.channel.nio.NioEventLoop.processSelectedKey(NioEventLoop.java:632)
	at org.apache.ratis.thirdparty.io.netty.channel.nio.NioEventLoop.processSelectedKeysOptimized(NioEventLoop.java:579)
	at org.apache.ratis.thirdparty.io.netty.channel.nio.NioEventLoop.processSelectedKeys(NioEventLoop.java:496)
	at org.apache.ratis.thirdparty.io.netty.channel.nio.NioEventLoop.run(NioEventLoop.java:458)
	at org.apache.ratis.thirdparty.io.netty.util.concurrent.SingleThreadEventExecutor$5.run(SingleThreadEventExecutor.java:897)
	at org.apache.ratis.thirdparty.io.netty.util.concurrent.FastThreadLocalRunnable.run(FastThreadLocalRunnable.java:30)
	... 1 more
Caused by: java.net.ConnectException: Connection refused
	... 11 more
2019-10-18 07:24:25,358 [12ad0800-05cb-443c-9fdd-fa1debf04523@group-BCB82A5C07F5-LeaderElection1330] INFO  impl.LeaderElection (LogUtils.java:infoOrTrace(149)) - 12ad0800-05cb-443c-9fdd-fa1debf04523@group-BCB82A5C07F5-LeaderElection1330 got exception when requesting votes: {}
java.util.concurrent.ExecutionException: org.apache.ratis.thirdparty.io.grpc.StatusRuntimeException: UNAVAILABLE: io exception
	at java.util.concurrent.FutureTask.report(FutureTask.java:122)
	at java.util.concurrent.FutureTask.get(FutureTask.java:192)
	at org.apache.ratis.server.impl.LeaderElection.waitForResults(LeaderElection.java:259)
	at org.apache.ratis.server.impl.LeaderElection.askForVotes(LeaderElection.java:197)
	at org.apache.ratis.server.impl.LeaderElection.run(LeaderElection.java:133)
	at java.lang.Thread.run(Thread.java:748)
Caused by: org.apache.ratis.thirdparty.io.grpc.StatusRuntimeException: UNAVAILABLE: io exception
	at org.apache.ratis.thirdparty.io.grpc.stub.ClientCalls.toStatusRuntimeException(ClientCalls.java:233)
	at org.apache.ratis.thirdparty.io.grpc.stub.ClientCalls.getUnchecked(ClientCalls.java:214)
	at org.apache.ratis.thirdparty.io.grpc.stub.ClientCalls.blockingUnaryCall(ClientCalls.java:139)
	at org.apache.ratis.proto.grpc.RaftServerProtocolServiceGrpc$RaftServerProtocolServiceBlockingStub.requestVote(RaftServerProtocolServiceGrpc.java:265)
	at org.apache.ratis.grpc.server.GrpcServerProtocolClient.requestVote(GrpcServerProtocolClient.java:99)
	at org.apache.ratis.grpc.server.GrpcService.requestVote(GrpcService.java:204)
	at org.apache.ratis.server.impl.LeaderElection.lambda$submitRequests$1(LeaderElection.java:234)
	at java.util.concurrent.FutureTask.run(FutureTask.java:266)
	at java.util.concurrent.Executors$RunnableAdapter.call(Executors.java:511)
	at java.util.concurrent.FutureTask.run(FutureTask.java:266)
	at java.util.concurrent.ThreadPoolExecutor.runWorker(ThreadPoolExecutor.java:1149)
	at java.util.concurrent.ThreadPoolExecutor$Worker.run(ThreadPoolExecutor.java:624)
	... 1 more
Caused by: org.apache.ratis.thirdparty.io.netty.channel.AbstractChannel$AnnotatedConnectException: Connection refused: /192.168.34.25:45248
	at sun.nio.ch.SocketChannelImpl.checkConnect(Native Method)
	at sun.nio.ch.SocketChannelImpl.finishConnect(SocketChannelImpl.java:717)
	at org.apache.ratis.thirdparty.io.netty.channel.socket.nio.NioSocketChannel.doFinishConnect(NioSocketChannel.java:327)
	at org.apache.ratis.thirdparty.io.netty.channel.nio.AbstractNioChannel$AbstractNioUnsafe.finishConnect(AbstractNioChannel.java:340)
	at org.apache.ratis.thirdparty.io.netty.channel.nio.NioEventLoop.processSelectedKey(NioEventLoop.java:632)
	at org.apache.ratis.thirdparty.io.netty.channel.nio.NioEventLoop.processSelectedKeysOptimized(NioEventLoop.java:579)
	at org.apache.ratis.thirdparty.io.netty.channel.nio.NioEventLoop.processSelectedKeys(NioEventLoop.java:496)
	at org.apache.ratis.thirdparty.io.netty.channel.nio.NioEventLoop.run(NioEventLoop.java:458)
	at org.apache.ratis.thirdparty.io.netty.util.concurrent.SingleThreadEventExecutor$5.run(SingleThreadEventExecutor.java:897)
	at org.apache.ratis.thirdparty.io.netty.util.concurrent.FastThreadLocalRunnable.run(FastThreadLocalRunnable.java:30)
	... 1 more
Caused by: java.net.ConnectException: Connection refused
	... 11 more
2019-10-18 07:24:25,359 [12ad0800-05cb-443c-9fdd-fa1debf04523@group-BCB82A5C07F5-LeaderElection1330] INFO  impl.LeaderElection (LeaderElection.java:logAndReturn(56)) - 12ad0800-05cb-443c-9fdd-fa1debf04523@group-BCB82A5C07F5-LeaderElection1330: Election REJECTED; received 0 response(s) [] and 2 exception(s); 12ad0800-05cb-443c-9fdd-fa1debf04523@group-BCB82A5C07F5:t274, leader=null, voted=12ad0800-05cb-443c-9fdd-fa1debf04523, raftlog=12ad0800-05cb-443c-9fdd-fa1debf04523@group-BCB82A5C07F5-SegmentedRaftLog:OPENED:c-1,f-1,i0, conf=-1: [12ad0800-05cb-443c-9fdd-fa1debf04523:192.168.34.25:41155, 5170c5f3-8499-4b42-9321-85fc8a351f79:192.168.34.25:43074, 0b10a9fc-47eb-4a2b-b664-8273d9d17379:192.168.34.25:45248], old=null
2019-10-18 07:24:25,359 [12ad0800-05cb-443c-9fdd-fa1debf04523@group-BCB82A5C07F5-LeaderElection1330] INFO  impl.LeaderElection (LogUtils.java:infoOrTrace(149)) -   Exception 0: {}
java.util.concurrent.ExecutionException: org.apache.ratis.thirdparty.io.grpc.StatusRuntimeException: UNAVAILABLE: io exception
	at java.util.concurrent.FutureTask.report(FutureTask.java:122)
	at java.util.concurrent.FutureTask.get(FutureTask.java:192)
	at org.apache.ratis.server.impl.LeaderElection.waitForResults(LeaderElection.java:259)
	at org.apache.ratis.server.impl.LeaderElection.askForVotes(LeaderElection.java:197)
	at org.apache.ratis.server.impl.LeaderElection.run(LeaderElection.java:133)
	at java.lang.Thread.run(Thread.java:748)
Caused by: org.apache.ratis.thirdparty.io.grpc.StatusRuntimeException: UNAVAILABLE: io exception
	at org.apache.ratis.thirdparty.io.grpc.stub.ClientCalls.toStatusRuntimeException(ClientCalls.java:233)
	at org.apache.ratis.thirdparty.io.grpc.stub.ClientCalls.getUnchecked(ClientCalls.java:214)
	at org.apache.ratis.thirdparty.io.grpc.stub.ClientCalls.blockingUnaryCall(ClientCalls.java:139)
	at org.apache.ratis.proto.grpc.RaftServerProtocolServiceGrpc$RaftServerProtocolServiceBlockingStub.requestVote(RaftServerProtocolServiceGrpc.java:265)
	at org.apache.ratis.grpc.server.GrpcServerProtocolClient.requestVote(GrpcServerProtocolClient.java:99)
	at org.apache.ratis.grpc.server.GrpcService.requestVote(GrpcService.java:204)
	at org.apache.ratis.server.impl.LeaderElection.lambda$submitRequests$1(LeaderElection.java:234)
	at java.util.concurrent.FutureTask.run(FutureTask.java:266)
	at java.util.concurrent.Executors$RunnableAdapter.call(Executors.java:511)
	at java.util.concurrent.FutureTask.run(FutureTask.java:266)
	at java.util.concurrent.ThreadPoolExecutor.runWorker(ThreadPoolExecutor.java:1149)
	at java.util.concurrent.ThreadPoolExecutor$Worker.run(ThreadPoolExecutor.java:624)
	... 1 more
Caused by: org.apache.ratis.thirdparty.io.netty.channel.AbstractChannel$AnnotatedConnectException: Connection refused: /192.168.34.25:43074
	at sun.nio.ch.SocketChannelImpl.checkConnect(Native Method)
	at sun.nio.ch.SocketChannelImpl.finishConnect(SocketChannelImpl.java:717)
	at org.apache.ratis.thirdparty.io.netty.channel.socket.nio.NioSocketChannel.doFinishConnect(NioSocketChannel.java:327)
	at org.apache.ratis.thirdparty.io.netty.channel.nio.AbstractNioChannel$AbstractNioUnsafe.finishConnect(AbstractNioChannel.java:340)
	at org.apache.ratis.thirdparty.io.netty.channel.nio.NioEventLoop.processSelectedKey(NioEventLoop.java:632)
	at org.apache.ratis.thirdparty.io.netty.channel.nio.NioEventLoop.processSelectedKeysOptimized(NioEventLoop.java:579)
	at org.apache.ratis.thirdparty.io.netty.channel.nio.NioEventLoop.processSelectedKeys(NioEventLoop.java:496)
	at org.apache.ratis.thirdparty.io.netty.channel.nio.NioEventLoop.run(NioEventLoop.java:458)
	at org.apache.ratis.thirdparty.io.netty.util.concurrent.SingleThreadEventExecutor$5.run(SingleThreadEventExecutor.java:897)
	at org.apache.ratis.thirdparty.io.netty.util.concurrent.FastThreadLocalRunnable.run(FastThreadLocalRunnable.java:30)
	... 1 more
Caused by: java.net.ConnectException: Connection refused
	... 11 more
2019-10-18 07:24:25,359 [12ad0800-05cb-443c-9fdd-fa1debf04523@group-BCB82A5C07F5-LeaderElection1330] INFO  impl.LeaderElection (LogUtils.java:infoOrTrace(149)) -   Exception 1: {}
java.util.concurrent.ExecutionException: org.apache.ratis.thirdparty.io.grpc.StatusRuntimeException: UNAVAILABLE: io exception
	at java.util.concurrent.FutureTask.report(FutureTask.java:122)
	at java.util.concurrent.FutureTask.get(FutureTask.java:192)
	at org.apache.ratis.server.impl.LeaderElection.waitForResults(LeaderElection.java:259)
	at org.apache.ratis.server.impl.LeaderElection.askForVotes(LeaderElection.java:197)
	at org.apache.ratis.server.impl.LeaderElection.run(LeaderElection.java:133)
	at java.lang.Thread.run(Thread.java:748)
Caused by: org.apache.ratis.thirdparty.io.grpc.StatusRuntimeException: UNAVAILABLE: io exception
	at org.apache.ratis.thirdparty.io.grpc.stub.ClientCalls.toStatusRuntimeException(ClientCalls.java:233)
	at org.apache.ratis.thirdparty.io.grpc.stub.ClientCalls.getUnchecked(ClientCalls.java:214)
	at org.apache.ratis.thirdparty.io.grpc.stub.ClientCalls.blockingUnaryCall(ClientCalls.java:139)
	at org.apache.ratis.proto.grpc.RaftServerProtocolServiceGrpc$RaftServerProtocolServiceBlockingStub.requestVote(RaftServerProtocolServiceGrpc.java:265)
	at org.apache.ratis.grpc.server.GrpcServerProtocolClient.requestVote(GrpcServerProtocolClient.java:99)
	at org.apache.ratis.grpc.server.GrpcService.requestVote(GrpcService.java:204)
	at org.apache.ratis.server.impl.LeaderElection.lambda$submitRequests$1(LeaderElection.java:234)
	at java.util.concurrent.FutureTask.run(FutureTask.java:266)
	at java.util.concurrent.Executors$RunnableAdapter.call(Executors.java:511)
	at java.util.concurrent.FutureTask.run(FutureTask.java:266)
	at java.util.concurrent.ThreadPoolExecutor.runWorker(ThreadPoolExecutor.java:1149)
	at java.util.concurrent.ThreadPoolExecutor$Worker.run(ThreadPoolExecutor.java:624)
	... 1 more
Caused by: org.apache.ratis.thirdparty.io.netty.channel.AbstractChannel$AnnotatedConnectException: Connection refused: /192.168.34.25:45248
	at sun.nio.ch.SocketChannelImpl.checkConnect(Native Method)
	at sun.nio.ch.SocketChannelImpl.finishConnect(SocketChannelImpl.java:717)
	at org.apache.ratis.thirdparty.io.netty.channel.socket.nio.NioSocketChannel.doFinishConnect(NioSocketChannel.java:327)
	at org.apache.ratis.thirdparty.io.netty.channel.nio.AbstractNioChannel$AbstractNioUnsafe.finishConnect(AbstractNioChannel.java:340)
	at org.apache.ratis.thirdparty.io.netty.channel.nio.NioEventLoop.processSelectedKey(NioEventLoop.java:632)
	at org.apache.ratis.thirdparty.io.netty.channel.nio.NioEventLoop.processSelectedKeysOptimized(NioEventLoop.java:579)
	at org.apache.ratis.thirdparty.io.netty.channel.nio.NioEventLoop.processSelectedKeys(NioEventLoop.java:496)
	at org.apache.ratis.thirdparty.io.netty.channel.nio.NioEventLoop.run(NioEventLoop.java:458)
	at org.apache.ratis.thirdparty.io.netty.util.concurrent.SingleThreadEventExecutor$5.run(SingleThreadEventExecutor.java:897)
	at org.apache.ratis.thirdparty.io.netty.util.concurrent.FastThreadLocalRunnable.run(FastThreadLocalRunnable.java:30)
	... 1 more
Caused by: java.net.ConnectException: Connection refused
	... 11 more
2019-10-18 07:24:25,360 [12ad0800-05cb-443c-9fdd-fa1debf04523@group-BCB82A5C07F5-LeaderElection1330] INFO  impl.RaftServerImpl (RaftServerImpl.java:setRole(184)) - 12ad0800-05cb-443c-9fdd-fa1debf04523@group-BCB82A5C07F5: changes role from CANDIDATE to FOLLOWER at term 274 for DISCOVERED_A_NEW_TERM
2019-10-18 07:24:25,360 [12ad0800-05cb-443c-9fdd-fa1debf04523@group-BCB82A5C07F5-LeaderElection1330] INFO  impl.RoleInfo (RoleInfo.java:shutdownLeaderElection(134)) - 12ad0800-05cb-443c-9fdd-fa1debf04523: shutdown LeaderElection
2019-10-18 07:24:25,360 [12ad0800-05cb-443c-9fdd-fa1debf04523@group-BCB82A5C07F5-LeaderElection1330] INFO  impl.RoleInfo (RoleInfo.java:updateAndGet(143)) - 12ad0800-05cb-443c-9fdd-fa1debf04523: start FollowerState
2019-10-18 07:24:25,441 [Thread-11218] INFO  impl.FollowerState (FollowerState.java:run(108)) - 12ad0800-05cb-443c-9fdd-fa1debf04523@group-BCB82A5C07F5-FollowerState: change to CANDIDATE, lastRpcTime:81ms, electionTimeout:81ms
2019-10-18 07:24:25,441 [Thread-11218] INFO  impl.RoleInfo (RoleInfo.java:shutdownFollowerState(121)) - 12ad0800-05cb-443c-9fdd-fa1debf04523: shutdown FollowerState
2019-10-18 07:24:25,441 [Thread-11218] INFO  impl.RaftServerImpl (RaftServerImpl.java:setRole(184)) - 12ad0800-05cb-443c-9fdd-fa1debf04523@group-BCB82A5C07F5: changes role from  FOLLOWER to CANDIDATE at term 274 for changeToCandidate
2019-10-18 07:24:25,441 [Thread-11218] INFO  impl.RoleInfo (RoleInfo.java:updateAndGet(143)) - 12ad0800-05cb-443c-9fdd-fa1debf04523: start LeaderElection
2019-10-18 07:24:25,467 [12ad0800-05cb-443c-9fdd-fa1debf04523@group-BCB82A5C07F5-LeaderElection1331] INFO  impl.LeaderElection (LeaderElection.java:askForVotes(178)) - 12ad0800-05cb-443c-9fdd-fa1debf04523@group-BCB82A5C07F5-LeaderElection1331: begin an election at term 275 for -1: [12ad0800-05cb-443c-9fdd-fa1debf04523:192.168.34.25:41155, 5170c5f3-8499-4b42-9321-85fc8a351f79:192.168.34.25:43074, 0b10a9fc-47eb-4a2b-b664-8273d9d17379:192.168.34.25:45248], old=null
2019-10-18 07:24:25,467 [12ad0800-05cb-443c-9fdd-fa1debf04523@group-BCB82A5C07F5-LeaderElection1331] INFO  impl.LeaderElection (LogUtils.java:infoOrTrace(149)) - 12ad0800-05cb-443c-9fdd-fa1debf04523@group-BCB82A5C07F5-LeaderElection1331 got exception when requesting votes: {}
java.util.concurrent.ExecutionException: org.apache.ratis.thirdparty.io.grpc.StatusRuntimeException: UNAVAILABLE: io exception
	at java.util.concurrent.FutureTask.report(FutureTask.java:122)
	at java.util.concurrent.FutureTask.get(FutureTask.java:192)
	at org.apache.ratis.server.impl.LeaderElection.waitForResults(LeaderElection.java:259)
	at org.apache.ratis.server.impl.LeaderElection.askForVotes(LeaderElection.java:197)
	at org.apache.ratis.server.impl.LeaderElection.run(LeaderElection.java:133)
	at java.lang.Thread.run(Thread.java:748)
Caused by: org.apache.ratis.thirdparty.io.grpc.StatusRuntimeException: UNAVAILABLE: io exception
	at org.apache.ratis.thirdparty.io.grpc.stub.ClientCalls.toStatusRuntimeException(ClientCalls.java:233)
	at org.apache.ratis.thirdparty.io.grpc.stub.ClientCalls.getUnchecked(ClientCalls.java:214)
	at org.apache.ratis.thirdparty.io.grpc.stub.ClientCalls.blockingUnaryCall(ClientCalls.java:139)
	at org.apache.ratis.proto.grpc.RaftServerProtocolServiceGrpc$RaftServerProtocolServiceBlockingStub.requestVote(RaftServerProtocolServiceGrpc.java:265)
	at org.apache.ratis.grpc.server.GrpcServerProtocolClient.requestVote(GrpcServerProtocolClient.java:99)
	at org.apache.ratis.grpc.server.GrpcService.requestVote(GrpcService.java:204)
	at org.apache.ratis.server.impl.LeaderElection.lambda$submitRequests$1(LeaderElection.java:234)
	at java.util.concurrent.FutureTask.run(FutureTask.java:266)
	at java.util.concurrent.Executors$RunnableAdapter.call(Executors.java:511)
	at java.util.concurrent.FutureTask.run(FutureTask.java:266)
	at java.util.concurrent.ThreadPoolExecutor.runWorker(ThreadPoolExecutor.java:1149)
	at java.util.concurrent.ThreadPoolExecutor$Worker.run(ThreadPoolExecutor.java:624)
	... 1 more
Caused by: org.apache.ratis.thirdparty.io.netty.channel.AbstractChannel$AnnotatedConnectException: Connection refused: /192.168.34.25:43074
	at sun.nio.ch.SocketChannelImpl.checkConnect(Native Method)
	at sun.nio.ch.SocketChannelImpl.finishConnect(SocketChannelImpl.java:717)
	at org.apache.ratis.thirdparty.io.netty.channel.socket.nio.NioSocketChannel.doFinishConnect(NioSocketChannel.java:327)
	at org.apache.ratis.thirdparty.io.netty.channel.nio.AbstractNioChannel$AbstractNioUnsafe.finishConnect(AbstractNioChannel.java:340)
	at org.apache.ratis.thirdparty.io.netty.channel.nio.NioEventLoop.processSelectedKey(NioEventLoop.java:632)
	at org.apache.ratis.thirdparty.io.netty.channel.nio.NioEventLoop.processSelectedKeysOptimized(NioEventLoop.java:579)
	at org.apache.ratis.thirdparty.io.netty.channel.nio.NioEventLoop.processSelectedKeys(NioEventLoop.java:496)
	at org.apache.ratis.thirdparty.io.netty.channel.nio.NioEventLoop.run(NioEventLoop.java:458)
	at org.apache.ratis.thirdparty.io.netty.util.concurrent.SingleThreadEventExecutor$5.run(SingleThreadEventExecutor.java:897)
	at org.apache.ratis.thirdparty.io.netty.util.concurrent.FastThreadLocalRunnable.run(FastThreadLocalRunnable.java:30)
	... 1 more
Caused by: java.net.ConnectException: Connection refused
	... 11 more
2019-10-18 07:24:25,468 [12ad0800-05cb-443c-9fdd-fa1debf04523@group-BCB82A5C07F5-LeaderElection1331] INFO  impl.LeaderElection (LogUtils.java:infoOrTrace(149)) - 12ad0800-05cb-443c-9fdd-fa1debf04523@group-BCB82A5C07F5-LeaderElection1331 got exception when requesting votes: {}
java.util.concurrent.ExecutionException: org.apache.ratis.thirdparty.io.grpc.StatusRuntimeException: UNAVAILABLE: io exception
	at java.util.concurrent.FutureTask.report(FutureTask.java:122)
	at java.util.concurrent.FutureTask.get(FutureTask.java:192)
	at org.apache.ratis.server.impl.LeaderElection.waitForResults(LeaderElection.java:259)
	at org.apache.ratis.server.impl.LeaderElection.askForVotes(LeaderElection.java:197)
	at org.apache.ratis.server.impl.LeaderElection.run(LeaderElection.java:133)
	at java.lang.Thread.run(Thread.java:748)
Caused by: org.apache.ratis.thirdparty.io.grpc.StatusRuntimeException: UNAVAILABLE: io exception
	at org.apache.ratis.thirdparty.io.grpc.stub.ClientCalls.toStatusRuntimeException(ClientCalls.java:233)
	at org.apache.ratis.thirdparty.io.grpc.stub.ClientCalls.getUnchecked(ClientCalls.java:214)
	at org.apache.ratis.thirdparty.io.grpc.stub.ClientCalls.blockingUnaryCall(ClientCalls.java:139)
	at org.apache.ratis.proto.grpc.RaftServerProtocolServiceGrpc$RaftServerProtocolServiceBlockingStub.requestVote(RaftServerProtocolServiceGrpc.java:265)
	at org.apache.ratis.grpc.server.GrpcServerProtocolClient.requestVote(GrpcServerProtocolClient.java:99)
	at org.apache.ratis.grpc.server.GrpcService.requestVote(GrpcService.java:204)
	at org.apache.ratis.server.impl.LeaderElection.lambda$submitRequests$1(LeaderElection.java:234)
	at java.util.concurrent.FutureTask.run(FutureTask.java:266)
	at java.util.concurrent.Executors$RunnableAdapter.call(Executors.java:511)
	at java.util.concurrent.FutureTask.run(FutureTask.java:266)
	at java.util.concurrent.ThreadPoolExecutor.runWorker(ThreadPoolExecutor.java:1149)
	at java.util.concurrent.ThreadPoolExecutor$Worker.run(ThreadPoolExecutor.java:624)
	... 1 more
Caused by: org.apache.ratis.thirdparty.io.netty.channel.AbstractChannel$AnnotatedConnectException: Connection refused: /192.168.34.25:45248
	at sun.nio.ch.SocketChannelImpl.checkConnect(Native Method)
	at sun.nio.ch.SocketChannelImpl.finishConnect(SocketChannelImpl.java:717)
	at org.apache.ratis.thirdparty.io.netty.channel.socket.nio.NioSocketChannel.doFinishConnect(NioSocketChannel.java:327)
	at org.apache.ratis.thirdparty.io.netty.channel.nio.AbstractNioChannel$AbstractNioUnsafe.finishConnect(AbstractNioChannel.java:340)
	at org.apache.ratis.thirdparty.io.netty.channel.nio.NioEventLoop.processSelectedKey(NioEventLoop.java:632)
	at org.apache.ratis.thirdparty.io.netty.channel.nio.NioEventLoop.processSelectedKeysOptimized(NioEventLoop.java:579)
	at org.apache.ratis.thirdparty.io.netty.channel.nio.NioEventLoop.processSelectedKeys(NioEventLoop.java:496)
	at org.apache.ratis.thirdparty.io.netty.channel.nio.NioEventLoop.run(NioEventLoop.java:458)
	at org.apache.ratis.thirdparty.io.netty.util.concurrent.SingleThreadEventExecutor$5.run(SingleThreadEventExecutor.java:897)
	at org.apache.ratis.thirdparty.io.netty.util.concurrent.FastThreadLocalRunnable.run(FastThreadLocalRunnable.java:30)
	... 1 more
Caused by: java.net.ConnectException: Connection refused
	... 11 more
2019-10-18 07:24:25,468 [12ad0800-05cb-443c-9fdd-fa1debf04523@group-BCB82A5C07F5-LeaderElection1331] INFO  impl.LeaderElection (LeaderElection.java:logAndReturn(56)) - 12ad0800-05cb-443c-9fdd-fa1debf04523@group-BCB82A5C07F5-LeaderElection1331: Election REJECTED; received 0 response(s) [] and 2 exception(s); 12ad0800-05cb-443c-9fdd-fa1debf04523@group-BCB82A5C07F5:t275, leader=null, voted=12ad0800-05cb-443c-9fdd-fa1debf04523, raftlog=12ad0800-05cb-443c-9fdd-fa1debf04523@group-BCB82A5C07F5-SegmentedRaftLog:OPENED:c-1,f-1,i0, conf=-1: [12ad0800-05cb-443c-9fdd-fa1debf04523:192.168.34.25:41155, 5170c5f3-8499-4b42-9321-85fc8a351f79:192.168.34.25:43074, 0b10a9fc-47eb-4a2b-b664-8273d9d17379:192.168.34.25:45248], old=null
2019-10-18 07:24:25,468 [12ad0800-05cb-443c-9fdd-fa1debf04523@group-BCB82A5C07F5-LeaderElection1331] INFO  impl.LeaderElection (LogUtils.java:infoOrTrace(149)) -   Exception 0: {}
java.util.concurrent.ExecutionException: org.apache.ratis.thirdparty.io.grpc.StatusRuntimeException: UNAVAILABLE: io exception
	at java.util.concurrent.FutureTask.report(FutureTask.java:122)
	at java.util.concurrent.FutureTask.get(FutureTask.java:192)
	at org.apache.ratis.server.impl.LeaderElection.waitForResults(LeaderElection.java:259)
	at org.apache.ratis.server.impl.LeaderElection.askForVotes(LeaderElection.java:197)
	at org.apache.ratis.server.impl.LeaderElection.run(LeaderElection.java:133)
	at java.lang.Thread.run(Thread.java:748)
Caused by: org.apache.ratis.thirdparty.io.grpc.StatusRuntimeException: UNAVAILABLE: io exception
	at org.apache.ratis.thirdparty.io.grpc.stub.ClientCalls.toStatusRuntimeException(ClientCalls.java:233)
	at org.apache.ratis.thirdparty.io.grpc.stub.ClientCalls.getUnchecked(ClientCalls.java:214)
	at org.apache.ratis.thirdparty.io.grpc.stub.ClientCalls.blockingUnaryCall(ClientCalls.java:139)
	at org.apache.ratis.proto.grpc.RaftServerProtocolServiceGrpc$RaftServerProtocolServiceBlockingStub.requestVote(RaftServerProtocolServiceGrpc.java:265)
	at org.apache.ratis.grpc.server.GrpcServerProtocolClient.requestVote(GrpcServerProtocolClient.java:99)
	at org.apache.ratis.grpc.server.GrpcService.requestVote(GrpcService.java:204)
	at org.apache.ratis.server.impl.LeaderElection.lambda$submitRequests$1(LeaderElection.java:234)
	at java.util.concurrent.FutureTask.run(FutureTask.java:266)
	at java.util.concurrent.Executors$RunnableAdapter.call(Executors.java:511)
	at java.util.concurrent.FutureTask.run(FutureTask.java:266)
	at java.util.concurrent.ThreadPoolExecutor.runWorker(ThreadPoolExecutor.java:1149)
	at java.util.concurrent.ThreadPoolExecutor$Worker.run(ThreadPoolExecutor.java:624)
	... 1 more
Caused by: org.apache.ratis.thirdparty.io.netty.channel.AbstractChannel$AnnotatedConnectException: Connection refused: /192.168.34.25:43074
	at sun.nio.ch.SocketChannelImpl.checkConnect(Native Method)
	at sun.nio.ch.SocketChannelImpl.finishConnect(SocketChannelImpl.java:717)
	at org.apache.ratis.thirdparty.io.netty.channel.socket.nio.NioSocketChannel.doFinishConnect(NioSocketChannel.java:327)
	at org.apache.ratis.thirdparty.io.netty.channel.nio.AbstractNioChannel$AbstractNioUnsafe.finishConnect(AbstractNioChannel.java:340)
	at org.apache.ratis.thirdparty.io.netty.channel.nio.NioEventLoop.processSelectedKey(NioEventLoop.java:632)
	at org.apache.ratis.thirdparty.io.netty.channel.nio.NioEventLoop.processSelectedKeysOptimized(NioEventLoop.java:579)
	at org.apache.ratis.thirdparty.io.netty.channel.nio.NioEventLoop.processSelectedKeys(NioEventLoop.java:496)
	at org.apache.ratis.thirdparty.io.netty.channel.nio.NioEventLoop.run(NioEventLoop.java:458)
	at org.apache.ratis.thirdparty.io.netty.util.concurrent.SingleThreadEventExecutor$5.run(SingleThreadEventExecutor.java:897)
	at org.apache.ratis.thirdparty.io.netty.util.concurrent.FastThreadLocalRunnable.run(FastThreadLocalRunnable.java:30)
	... 1 more
Caused by: java.net.ConnectException: Connection refused
	... 11 more
2019-10-18 07:24:25,469 [12ad0800-05cb-443c-9fdd-fa1debf04523@group-BCB82A5C07F5-LeaderElection1331] INFO  impl.LeaderElection (LogUtils.java:infoOrTrace(149)) -   Exception 1: {}
java.util.concurrent.ExecutionException: org.apache.ratis.thirdparty.io.grpc.StatusRuntimeException: UNAVAILABLE: io exception
	at java.util.concurrent.FutureTask.report(FutureTask.java:122)
	at java.util.concurrent.FutureTask.get(FutureTask.java:192)
	at org.apache.ratis.server.impl.LeaderElection.waitForResults(LeaderElection.java:259)
	at org.apache.ratis.server.impl.LeaderElection.askForVotes(LeaderElection.java:197)
	at org.apache.ratis.server.impl.LeaderElection.run(LeaderElection.java:133)
	at java.lang.Thread.run(Thread.java:748)
Caused by: org.apache.ratis.thirdparty.io.grpc.StatusRuntimeException: UNAVAILABLE: io exception
	at org.apache.ratis.thirdparty.io.grpc.stub.ClientCalls.toStatusRuntimeException(ClientCalls.java:233)
	at org.apache.ratis.thirdparty.io.grpc.stub.ClientCalls.getUnchecked(ClientCalls.java:214)
	at org.apache.ratis.thirdparty.io.grpc.stub.ClientCalls.blockingUnaryCall(ClientCalls.java:139)
	at org.apache.ratis.proto.grpc.RaftServerProtocolServiceGrpc$RaftServerProtocolServiceBlockingStub.requestVote(RaftServerProtocolServiceGrpc.java:265)
	at org.apache.ratis.grpc.server.GrpcServerProtocolClient.requestVote(GrpcServerProtocolClient.java:99)
	at org.apache.ratis.grpc.server.GrpcService.requestVote(GrpcService.java:204)
	at org.apache.ratis.server.impl.LeaderElection.lambda$submitRequests$1(LeaderElection.java:234)
	at java.util.concurrent.FutureTask.run(FutureTask.java:266)
	at java.util.concurrent.Executors$RunnableAdapter.call(Executors.java:511)
	at java.util.concurrent.FutureTask.run(FutureTask.java:266)
	at java.util.concurrent.ThreadPoolExecutor.runWorker(ThreadPoolExecutor.java:1149)
	at java.util.concurrent.ThreadPoolExecutor$Worker.run(ThreadPoolExecutor.java:624)
	... 1 more
Caused by: org.apache.ratis.thirdparty.io.netty.channel.AbstractChannel$AnnotatedConnectException: Connection refused: /192.168.34.25:45248
	at sun.nio.ch.SocketChannelImpl.checkConnect(Native Method)
	at sun.nio.ch.SocketChannelImpl.finishConnect(SocketChannelImpl.java:717)
	at org.apache.ratis.thirdparty.io.netty.channel.socket.nio.NioSocketChannel.doFinishConnect(NioSocketChannel.java:327)
	at org.apache.ratis.thirdparty.io.netty.channel.nio.AbstractNioChannel$AbstractNioUnsafe.finishConnect(AbstractNioChannel.java:340)
	at org.apache.ratis.thirdparty.io.netty.channel.nio.NioEventLoop.processSelectedKey(NioEventLoop.java:632)
	at org.apache.ratis.thirdparty.io.netty.channel.nio.NioEventLoop.processSelectedKeysOptimized(NioEventLoop.java:579)
	at org.apache.ratis.thirdparty.io.netty.channel.nio.NioEventLoop.processSelectedKeys(NioEventLoop.java:496)
	at org.apache.ratis.thirdparty.io.netty.channel.nio.NioEventLoop.run(NioEventLoop.java:458)
	at org.apache.ratis.thirdparty.io.netty.util.concurrent.SingleThreadEventExecutor$5.run(SingleThreadEventExecutor.java:897)
	at org.apache.ratis.thirdparty.io.netty.util.concurrent.FastThreadLocalRunnable.run(FastThreadLocalRunnable.java:30)
	... 1 more
Caused by: java.net.ConnectException: Connection refused
	... 11 more
2019-10-18 07:24:25,469 [12ad0800-05cb-443c-9fdd-fa1debf04523@group-BCB82A5C07F5-LeaderElection1331] INFO  impl.RaftServerImpl (RaftServerImpl.java:setRole(184)) - 12ad0800-05cb-443c-9fdd-fa1debf04523@group-BCB82A5C07F5: changes role from CANDIDATE to FOLLOWER at term 275 for DISCOVERED_A_NEW_TERM
2019-10-18 07:24:25,469 [12ad0800-05cb-443c-9fdd-fa1debf04523@group-BCB82A5C07F5-LeaderElection1331] INFO  impl.RoleInfo (RoleInfo.java:shutdownLeaderElection(134)) - 12ad0800-05cb-443c-9fdd-fa1debf04523: shutdown LeaderElection
2019-10-18 07:24:25,469 [12ad0800-05cb-443c-9fdd-fa1debf04523@group-BCB82A5C07F5-LeaderElection1331] INFO  impl.RoleInfo (RoleInfo.java:updateAndGet(143)) - 12ad0800-05cb-443c-9fdd-fa1debf04523: start FollowerState
2019-10-18 07:24:25,473 [Thread-11222] INFO  impl.FollowerState (FollowerState.java:run(108)) - 12ad0800-05cb-443c-9fdd-fa1debf04523@group-BCB82A5C07F5-FollowerState: change to CANDIDATE, lastRpcTime:4ms, electionTimeout:4ms
2019-10-18 07:24:25,474 [Thread-11222] INFO  impl.RoleInfo (RoleInfo.java:shutdownFollowerState(121)) - 12ad0800-05cb-443c-9fdd-fa1debf04523: shutdown FollowerState
2019-10-18 07:24:25,474 [Thread-11222] INFO  impl.RaftServerImpl (RaftServerImpl.java:setRole(184)) - 12ad0800-05cb-443c-9fdd-fa1debf04523@group-BCB82A5C07F5: changes role from  FOLLOWER to CANDIDATE at term 275 for changeToCandidate
2019-10-18 07:24:25,474 [Thread-11222] INFO  impl.RoleInfo (RoleInfo.java:updateAndGet(143)) - 12ad0800-05cb-443c-9fdd-fa1debf04523: start LeaderElection
2019-10-18 07:24:25,518 [12ad0800-05cb-443c-9fdd-fa1debf04523@group-BCB82A5C07F5-LeaderElection1332] INFO  impl.LeaderElection (LeaderElection.java:askForVotes(178)) - 12ad0800-05cb-443c-9fdd-fa1debf04523@group-BCB82A5C07F5-LeaderElection1332: begin an election at term 276 for -1: [12ad0800-05cb-443c-9fdd-fa1debf04523:192.168.34.25:41155, 5170c5f3-8499-4b42-9321-85fc8a351f79:192.168.34.25:43074, 0b10a9fc-47eb-4a2b-b664-8273d9d17379:192.168.34.25:45248], old=null
2019-10-18 07:24:25,518 [12ad0800-05cb-443c-9fdd-fa1debf04523@group-BCB82A5C07F5-LeaderElection1332] INFO  impl.LeaderElection (LogUtils.java:infoOrTrace(149)) - 12ad0800-05cb-443c-9fdd-fa1debf04523@group-BCB82A5C07F5-LeaderElection1332 got exception when requesting votes: {}
java.util.concurrent.ExecutionException: org.apache.ratis.thirdparty.io.grpc.StatusRuntimeException: UNAVAILABLE: io exception
	at java.util.concurrent.FutureTask.report(FutureTask.java:122)
	at java.util.concurrent.FutureTask.get(FutureTask.java:192)
	at org.apache.ratis.server.impl.LeaderElection.waitForResults(LeaderElection.java:259)
	at org.apache.ratis.server.impl.LeaderElection.askForVotes(LeaderElection.java:197)
	at org.apache.ratis.server.impl.LeaderElection.run(LeaderElection.java:133)
	at java.lang.Thread.run(Thread.java:748)
Caused by: org.apache.ratis.thirdparty.io.grpc.StatusRuntimeException: UNAVAILABLE: io exception
	at org.apache.ratis.thirdparty.io.grpc.stub.ClientCalls.toStatusRuntimeException(ClientCalls.java:233)
	at org.apache.ratis.thirdparty.io.grpc.stub.ClientCalls.getUnchecked(ClientCalls.java:214)
	at org.apache.ratis.thirdparty.io.grpc.stub.ClientCalls.blockingUnaryCall(ClientCalls.java:139)
	at org.apache.ratis.proto.grpc.RaftServerProtocolServiceGrpc$RaftServerProtocolServiceBlockingStub.requestVote(RaftServerProtocolServiceGrpc.java:265)
	at org.apache.ratis.grpc.server.GrpcServerProtocolClient.requestVote(GrpcServerProtocolClient.java:99)
	at org.apache.ratis.grpc.server.GrpcService.requestVote(GrpcService.java:204)
	at org.apache.ratis.server.impl.LeaderElection.lambda$submitRequests$1(LeaderElection.java:234)
	at java.util.concurrent.FutureTask.run(FutureTask.java:266)
	at java.util.concurrent.Executors$RunnableAdapter.call(Executors.java:511)
	at java.util.concurrent.FutureTask.run(FutureTask.java:266)
	at java.util.concurrent.ThreadPoolExecutor.runWorker(ThreadPoolExecutor.java:1149)
	at java.util.concurrent.ThreadPoolExecutor$Worker.run(ThreadPoolExecutor.java:624)
	... 1 more
Caused by: org.apache.ratis.thirdparty.io.netty.channel.AbstractChannel$AnnotatedConnectException: Connection refused: /192.168.34.25:43074
	at sun.nio.ch.SocketChannelImpl.checkConnect(Native Method)
	at sun.nio.ch.SocketChannelImpl.finishConnect(SocketChannelImpl.java:717)
	at org.apache.ratis.thirdparty.io.netty.channel.socket.nio.NioSocketChannel.doFinishConnect(NioSocketChannel.java:327)
	at org.apache.ratis.thirdparty.io.netty.channel.nio.AbstractNioChannel$AbstractNioUnsafe.finishConnect(AbstractNioChannel.java:340)
	at org.apache.ratis.thirdparty.io.netty.channel.nio.NioEventLoop.processSelectedKey(NioEventLoop.java:632)
	at org.apache.ratis.thirdparty.io.netty.channel.nio.NioEventLoop.processSelectedKeysOptimized(NioEventLoop.java:579)
	at org.apache.ratis.thirdparty.io.netty.channel.nio.NioEventLoop.processSelectedKeys(NioEventLoop.java:496)
	at org.apache.ratis.thirdparty.io.netty.channel.nio.NioEventLoop.run(NioEventLoop.java:458)
	at org.apache.ratis.thirdparty.io.netty.util.concurrent.SingleThreadEventExecutor$5.run(SingleThreadEventExecutor.java:897)
	at org.apache.ratis.thirdparty.io.netty.util.concurrent.FastThreadLocalRunnable.run(FastThreadLocalRunnable.java:30)
	... 1 more
Caused by: java.net.ConnectException: Connection refused
	... 11 more
2019-10-18 07:24:25,519 [12ad0800-05cb-443c-9fdd-fa1debf04523@group-BCB82A5C07F5-LeaderElection1332] INFO  impl.LeaderElection (LogUtils.java:infoOrTrace(149)) - 12ad0800-05cb-443c-9fdd-fa1debf04523@group-BCB82A5C07F5-LeaderElection1332 got exception when requesting votes: {}
java.util.concurrent.ExecutionException: org.apache.ratis.thirdparty.io.grpc.StatusRuntimeException: UNAVAILABLE: io exception
	at java.util.concurrent.FutureTask.report(FutureTask.java:122)
	at java.util.concurrent.FutureTask.get(FutureTask.java:192)
	at org.apache.ratis.server.impl.LeaderElection.waitForResults(LeaderElection.java:259)
	at org.apache.ratis.server.impl.LeaderElection.askForVotes(LeaderElection.java:197)
	at org.apache.ratis.server.impl.LeaderElection.run(LeaderElection.java:133)
	at java.lang.Thread.run(Thread.java:748)
Caused by: org.apache.ratis.thirdparty.io.grpc.StatusRuntimeException: UNAVAILABLE: io exception
	at org.apache.ratis.thirdparty.io.grpc.stub.ClientCalls.toStatusRuntimeException(ClientCalls.java:233)
	at org.apache.ratis.thirdparty.io.grpc.stub.ClientCalls.getUnchecked(ClientCalls.java:214)
	at org.apache.ratis.thirdparty.io.grpc.stub.ClientCalls.blockingUnaryCall(ClientCalls.java:139)
	at org.apache.ratis.proto.grpc.RaftServerProtocolServiceGrpc$RaftServerProtocolServiceBlockingStub.requestVote(RaftServerProtocolServiceGrpc.java:265)
	at org.apache.ratis.grpc.server.GrpcServerProtocolClient.requestVote(GrpcServerProtocolClient.java:99)
	at org.apache.ratis.grpc.server.GrpcService.requestVote(GrpcService.java:204)
	at org.apache.ratis.server.impl.LeaderElection.lambda$submitRequests$1(LeaderElection.java:234)
	at java.util.concurrent.FutureTask.run(FutureTask.java:266)
	at java.util.concurrent.Executors$RunnableAdapter.call(Executors.java:511)
	at java.util.concurrent.FutureTask.run(FutureTask.java:266)
	at java.util.concurrent.ThreadPoolExecutor.runWorker(ThreadPoolExecutor.java:1149)
	at java.util.concurrent.ThreadPoolExecutor$Worker.run(ThreadPoolExecutor.java:624)
	... 1 more
Caused by: org.apache.ratis.thirdparty.io.netty.channel.AbstractChannel$AnnotatedConnectException: Connection refused: /192.168.34.25:45248
	at sun.nio.ch.SocketChannelImpl.checkConnect(Native Method)
	at sun.nio.ch.SocketChannelImpl.finishConnect(SocketChannelImpl.java:717)
	at org.apache.ratis.thirdparty.io.netty.channel.socket.nio.NioSocketChannel.doFinishConnect(NioSocketChannel.java:327)
	at org.apache.ratis.thirdparty.io.netty.channel.nio.AbstractNioChannel$AbstractNioUnsafe.finishConnect(AbstractNioChannel.java:340)
	at org.apache.ratis.thirdparty.io.netty.channel.nio.NioEventLoop.processSelectedKey(NioEventLoop.java:632)
	at org.apache.ratis.thirdparty.io.netty.channel.nio.NioEventLoop.processSelectedKeysOptimized(NioEventLoop.java:579)
	at org.apache.ratis.thirdparty.io.netty.channel.nio.NioEventLoop.processSelectedKeys(NioEventLoop.java:496)
	at org.apache.ratis.thirdparty.io.netty.channel.nio.NioEventLoop.run(NioEventLoop.java:458)
	at org.apache.ratis.thirdparty.io.netty.util.concurrent.SingleThreadEventExecutor$5.run(SingleThreadEventExecutor.java:897)
	at org.apache.ratis.thirdparty.io.netty.util.concurrent.FastThreadLocalRunnable.run(FastThreadLocalRunnable.java:30)
	... 1 more
Caused by: java.net.ConnectException: Connection refused
	... 11 more
2019-10-18 07:24:25,519 [12ad0800-05cb-443c-9fdd-fa1debf04523@group-BCB82A5C07F5-LeaderElection1332] INFO  impl.LeaderElection (LeaderElection.java:logAndReturn(56)) - 12ad0800-05cb-443c-9fdd-fa1debf04523@group-BCB82A5C07F5-LeaderElection1332: Election REJECTED; received 0 response(s) [] and 2 exception(s); 12ad0800-05cb-443c-9fdd-fa1debf04523@group-BCB82A5C07F5:t276, leader=null, voted=12ad0800-05cb-443c-9fdd-fa1debf04523, raftlog=12ad0800-05cb-443c-9fdd-fa1debf04523@group-BCB82A5C07F5-SegmentedRaftLog:OPENED:c-1,f-1,i0, conf=-1: [12ad0800-05cb-443c-9fdd-fa1debf04523:192.168.34.25:41155, 5170c5f3-8499-4b42-9321-85fc8a351f79:192.168.34.25:43074, 0b10a9fc-47eb-4a2b-b664-8273d9d17379:192.168.34.25:45248], old=null
2019-10-18 07:24:25,519 [12ad0800-05cb-443c-9fdd-fa1debf04523@group-BCB82A5C07F5-LeaderElection1332] INFO  impl.LeaderElection (LogUtils.java:infoOrTrace(149)) -   Exception 0: {}
java.util.concurrent.ExecutionException: org.apache.ratis.thirdparty.io.grpc.StatusRuntimeException: UNAVAILABLE: io exception
	at java.util.concurrent.FutureTask.report(FutureTask.java:122)
	at java.util.concurrent.FutureTask.get(FutureTask.java:192)
	at org.apache.ratis.server.impl.LeaderElection.waitForResults(LeaderElection.java:259)
	at org.apache.ratis.server.impl.LeaderElection.askForVotes(LeaderElection.java:197)
	at org.apache.ratis.server.impl.LeaderElection.run(LeaderElection.java:133)
	at java.lang.Thread.run(Thread.java:748)
Caused by: org.apache.ratis.thirdparty.io.grpc.StatusRuntimeException: UNAVAILABLE: io exception
	at org.apache.ratis.thirdparty.io.grpc.stub.ClientCalls.toStatusRuntimeException(ClientCalls.java:233)
	at org.apache.ratis.thirdparty.io.grpc.stub.ClientCalls.getUnchecked(ClientCalls.java:214)
	at org.apache.ratis.thirdparty.io.grpc.stub.ClientCalls.blockingUnaryCall(ClientCalls.java:139)
	at org.apache.ratis.proto.grpc.RaftServerProtocolServiceGrpc$RaftServerProtocolServiceBlockingStub.requestVote(RaftServerProtocolServiceGrpc.java:265)
	at org.apache.ratis.grpc.server.GrpcServerProtocolClient.requestVote(GrpcServerProtocolClient.java:99)
	at org.apache.ratis.grpc.server.GrpcService.requestVote(GrpcService.java:204)
	at org.apache.ratis.server.impl.LeaderElection.lambda$submitRequests$1(LeaderElection.java:234)
	at java.util.concurrent.FutureTask.run(FutureTask.java:266)
	at java.util.concurrent.Executors$RunnableAdapter.call(Executors.java:511)
	at java.util.concurrent.FutureTask.run(FutureTask.java:266)
	at java.util.concurrent.ThreadPoolExecutor.runWorker(ThreadPoolExecutor.java:1149)
	at java.util.concurrent.ThreadPoolExecutor$Worker.run(ThreadPoolExecutor.java:624)
	... 1 more
Caused by: org.apache.ratis.thirdparty.io.netty.channel.AbstractChannel$AnnotatedConnectException: Connection refused: /192.168.34.25:43074
	at sun.nio.ch.SocketChannelImpl.checkConnect(Native Method)
	at sun.nio.ch.SocketChannelImpl.finishConnect(SocketChannelImpl.java:717)
	at org.apache.ratis.thirdparty.io.netty.channel.socket.nio.NioSocketChannel.doFinishConnect(NioSocketChannel.java:327)
	at org.apache.ratis.thirdparty.io.netty.channel.nio.AbstractNioChannel$AbstractNioUnsafe.finishConnect(AbstractNioChannel.java:340)
	at org.apache.ratis.thirdparty.io.netty.channel.nio.NioEventLoop.processSelectedKey(NioEventLoop.java:632)
	at org.apache.ratis.thirdparty.io.netty.channel.nio.NioEventLoop.processSelectedKeysOptimized(NioEventLoop.java:579)
	at org.apache.ratis.thirdparty.io.netty.channel.nio.NioEventLoop.processSelectedKeys(NioEventLoop.java:496)
	at org.apache.ratis.thirdparty.io.netty.channel.nio.NioEventLoop.run(NioEventLoop.java:458)
	at org.apache.ratis.thirdparty.io.netty.util.concurrent.SingleThreadEventExecutor$5.run(SingleThreadEventExecutor.java:897)
	at org.apache.ratis.thirdparty.io.netty.util.concurrent.FastThreadLocalRunnable.run(FastThreadLocalRunnable.java:30)
	... 1 more
Caused by: java.net.ConnectException: Connection refused
	... 11 more
2019-10-18 07:24:25,519 [12ad0800-05cb-443c-9fdd-fa1debf04523@group-BCB82A5C07F5-LeaderElection1332] INFO  impl.LeaderElection (LogUtils.java:infoOrTrace(149)) -   Exception 1: {}
java.util.concurrent.ExecutionException: org.apache.ratis.thirdparty.io.grpc.StatusRuntimeException: UNAVAILABLE: io exception
	at java.util.concurrent.FutureTask.report(FutureTask.java:122)
	at java.util.concurrent.FutureTask.get(FutureTask.java:192)
	at org.apache.ratis.server.impl.LeaderElection.waitForResults(LeaderElection.java:259)
	at org.apache.ratis.server.impl.LeaderElection.askForVotes(LeaderElection.java:197)
	at org.apache.ratis.server.impl.LeaderElection.run(LeaderElection.java:133)
	at java.lang.Thread.run(Thread.java:748)
Caused by: org.apache.ratis.thirdparty.io.grpc.StatusRuntimeException: UNAVAILABLE: io exception
	at org.apache.ratis.thirdparty.io.grpc.stub.ClientCalls.toStatusRuntimeException(ClientCalls.java:233)
	at org.apache.ratis.thirdparty.io.grpc.stub.ClientCalls.getUnchecked(ClientCalls.java:214)
	at org.apache.ratis.thirdparty.io.grpc.stub.ClientCalls.blockingUnaryCall(ClientCalls.java:139)
	at org.apache.ratis.proto.grpc.RaftServerProtocolServiceGrpc$RaftServerProtocolServiceBlockingStub.requestVote(RaftServerProtocolServiceGrpc.java:265)
	at org.apache.ratis.grpc.server.GrpcServerProtocolClient.requestVote(GrpcServerProtocolClient.java:99)
	at org.apache.ratis.grpc.server.GrpcService.requestVote(GrpcService.java:204)
	at org.apache.ratis.server.impl.LeaderElection.lambda$submitRequests$1(LeaderElection.java:234)
	at java.util.concurrent.FutureTask.run(FutureTask.java:266)
	at java.util.concurrent.Executors$RunnableAdapter.call(Executors.java:511)
	at java.util.concurrent.FutureTask.run(FutureTask.java:266)
	at java.util.concurrent.ThreadPoolExecutor.runWorker(ThreadPoolExecutor.java:1149)
	at java.util.concurrent.ThreadPoolExecutor$Worker.run(ThreadPoolExecutor.java:624)
	... 1 more
Caused by: org.apache.ratis.thirdparty.io.netty.channel.AbstractChannel$AnnotatedConnectException: Connection refused: /192.168.34.25:45248
	at sun.nio.ch.SocketChannelImpl.checkConnect(Native Method)
	at sun.nio.ch.SocketChannelImpl.finishConnect(SocketChannelImpl.java:717)
	at org.apache.ratis.thirdparty.io.netty.channel.socket.nio.NioSocketChannel.doFinishConnect(NioSocketChannel.java:327)
	at org.apache.ratis.thirdparty.io.netty.channel.nio.AbstractNioChannel$AbstractNioUnsafe.finishConnect(AbstractNioChannel.java:340)
	at org.apache.ratis.thirdparty.io.netty.channel.nio.NioEventLoop.processSelectedKey(NioEventLoop.java:632)
	at org.apache.ratis.thirdparty.io.netty.channel.nio.NioEventLoop.processSelectedKeysOptimized(NioEventLoop.java:579)
	at org.apache.ratis.thirdparty.io.netty.channel.nio.NioEventLoop.processSelectedKeys(NioEventLoop.java:496)
	at org.apache.ratis.thirdparty.io.netty.channel.nio.NioEventLoop.run(NioEventLoop.java:458)
	at org.apache.ratis.thirdparty.io.netty.util.concurrent.SingleThreadEventExecutor$5.run(SingleThreadEventExecutor.java:897)
	at org.apache.ratis.thirdparty.io.netty.util.concurrent.FastThreadLocalRunnable.run(FastThreadLocalRunnable.java:30)
	... 1 more
Caused by: java.net.ConnectException: Connection refused
	... 11 more
2019-10-18 07:24:25,520 [12ad0800-05cb-443c-9fdd-fa1debf04523@group-BCB82A5C07F5-LeaderElection1332] INFO  impl.RaftServerImpl (RaftServerImpl.java:setRole(184)) - 12ad0800-05cb-443c-9fdd-fa1debf04523@group-BCB82A5C07F5: changes role from CANDIDATE to FOLLOWER at term 276 for DISCOVERED_A_NEW_TERM
2019-10-18 07:24:25,520 [12ad0800-05cb-443c-9fdd-fa1debf04523@group-BCB82A5C07F5-LeaderElection1332] INFO  impl.RoleInfo (RoleInfo.java:shutdownLeaderElection(134)) - 12ad0800-05cb-443c-9fdd-fa1debf04523: shutdown LeaderElection
2019-10-18 07:24:25,520 [12ad0800-05cb-443c-9fdd-fa1debf04523@group-BCB82A5C07F5-LeaderElection1332] INFO  impl.RoleInfo (RoleInfo.java:updateAndGet(143)) - 12ad0800-05cb-443c-9fdd-fa1debf04523: start FollowerState
2019-10-18 07:24:25,650 [Thread-11226] INFO  impl.FollowerState (FollowerState.java:run(108)) - 12ad0800-05cb-443c-9fdd-fa1debf04523@group-BCB82A5C07F5-FollowerState: change to CANDIDATE, lastRpcTime:130ms, electionTimeout:130ms
2019-10-18 07:24:25,650 [Thread-11226] INFO  impl.RoleInfo (RoleInfo.java:shutdownFollowerState(121)) - 12ad0800-05cb-443c-9fdd-fa1debf04523: shutdown FollowerState
2019-10-18 07:24:25,650 [Thread-11226] INFO  impl.RaftServerImpl (RaftServerImpl.java:setRole(184)) - 12ad0800-05cb-443c-9fdd-fa1debf04523@group-BCB82A5C07F5: changes role from  FOLLOWER to CANDIDATE at term 276 for changeToCandidate
2019-10-18 07:24:25,650 [Thread-11226] INFO  impl.RoleInfo (RoleInfo.java:updateAndGet(143)) - 12ad0800-05cb-443c-9fdd-fa1debf04523: start LeaderElection
2019-10-18 07:24:25,678 [12ad0800-05cb-443c-9fdd-fa1debf04523@group-BCB82A5C07F5-LeaderElection1333] INFO  impl.LeaderElection (LeaderElection.java:askForVotes(178)) - 12ad0800-05cb-443c-9fdd-fa1debf04523@group-BCB82A5C07F5-LeaderElection1333: begin an election at term 277 for -1: [12ad0800-05cb-443c-9fdd-fa1debf04523:192.168.34.25:41155, 5170c5f3-8499-4b42-9321-85fc8a351f79:192.168.34.25:43074, 0b10a9fc-47eb-4a2b-b664-8273d9d17379:192.168.34.25:45248], old=null
2019-10-18 07:24:25,679 [12ad0800-05cb-443c-9fdd-fa1debf04523@group-BCB82A5C07F5-LeaderElection1333] INFO  impl.LeaderElection (LogUtils.java:infoOrTrace(149)) - 12ad0800-05cb-443c-9fdd-fa1debf04523@group-BCB82A5C07F5-LeaderElection1333 got exception when requesting votes: {}
java.util.concurrent.ExecutionException: org.apache.ratis.thirdparty.io.grpc.StatusRuntimeException: UNAVAILABLE: io exception
	at java.util.concurrent.FutureTask.report(FutureTask.java:122)
	at java.util.concurrent.FutureTask.get(FutureTask.java:192)
	at org.apache.ratis.server.impl.LeaderElection.waitForResults(LeaderElection.java:259)
	at org.apache.ratis.server.impl.LeaderElection.askForVotes(LeaderElection.java:197)
	at org.apache.ratis.server.impl.LeaderElection.run(LeaderElection.java:133)
	at java.lang.Thread.run(Thread.java:748)
Caused by: org.apache.ratis.thirdparty.io.grpc.StatusRuntimeException: UNAVAILABLE: io exception
	at org.apache.ratis.thirdparty.io.grpc.stub.ClientCalls.toStatusRuntimeException(ClientCalls.java:233)
	at org.apache.ratis.thirdparty.io.grpc.stub.ClientCalls.getUnchecked(ClientCalls.java:214)
	at org.apache.ratis.thirdparty.io.grpc.stub.ClientCalls.blockingUnaryCall(ClientCalls.java:139)
	at org.apache.ratis.proto.grpc.RaftServerProtocolServiceGrpc$RaftServerProtocolServiceBlockingStub.requestVote(RaftServerProtocolServiceGrpc.java:265)
	at org.apache.ratis.grpc.server.GrpcServerProtocolClient.requestVote(GrpcServerProtocolClient.java:99)
	at org.apache.ratis.grpc.server.GrpcService.requestVote(GrpcService.java:204)
	at org.apache.ratis.server.impl.LeaderElection.lambda$submitRequests$1(LeaderElection.java:234)
	at java.util.concurrent.FutureTask.run(FutureTask.java:266)
	at java.util.concurrent.Executors$RunnableAdapter.call(Executors.java:511)
	at java.util.concurrent.FutureTask.run(FutureTask.java:266)
	at java.util.concurrent.ThreadPoolExecutor.runWorker(ThreadPoolExecutor.java:1149)
	at java.util.concurrent.ThreadPoolExecutor$Worker.run(ThreadPoolExecutor.java:624)
	... 1 more
Caused by: org.apache.ratis.thirdparty.io.netty.channel.AbstractChannel$AnnotatedConnectException: Connection refused: /192.168.34.25:43074
	at sun.nio.ch.SocketChannelImpl.checkConnect(Native Method)
	at sun.nio.ch.SocketChannelImpl.finishConnect(SocketChannelImpl.java:717)
	at org.apache.ratis.thirdparty.io.netty.channel.socket.nio.NioSocketChannel.doFinishConnect(NioSocketChannel.java:327)
	at org.apache.ratis.thirdparty.io.netty.channel.nio.AbstractNioChannel$AbstractNioUnsafe.finishConnect(AbstractNioChannel.java:340)
	at org.apache.ratis.thirdparty.io.netty.channel.nio.NioEventLoop.processSelectedKey(NioEventLoop.java:632)
	at org.apache.ratis.thirdparty.io.netty.channel.nio.NioEventLoop.processSelectedKeysOptimized(NioEventLoop.java:579)
	at org.apache.ratis.thirdparty.io.netty.channel.nio.NioEventLoop.processSelectedKeys(NioEventLoop.java:496)
	at org.apache.ratis.thirdparty.io.netty.channel.nio.NioEventLoop.run(NioEventLoop.java:458)
	at org.apache.ratis.thirdparty.io.netty.util.concurrent.SingleThreadEventExecutor$5.run(SingleThreadEventExecutor.java:897)
	at org.apache.ratis.thirdparty.io.netty.util.concurrent.FastThreadLocalRunnable.run(FastThreadLocalRunnable.java:30)
	... 1 more
Caused by: java.net.ConnectException: Connection refused
	... 11 more
2019-10-18 07:24:25,679 [12ad0800-05cb-443c-9fdd-fa1debf04523@group-BCB82A5C07F5-LeaderElection1333] INFO  impl.LeaderElection (LogUtils.java:infoOrTrace(149)) - 12ad0800-05cb-443c-9fdd-fa1debf04523@group-BCB82A5C07F5-LeaderElection1333 got exception when requesting votes: {}
java.util.concurrent.ExecutionException: org.apache.ratis.thirdparty.io.grpc.StatusRuntimeException: UNAVAILABLE: io exception
	at java.util.concurrent.FutureTask.report(FutureTask.java:122)
	at java.util.concurrent.FutureTask.get(FutureTask.java:192)
	at org.apache.ratis.server.impl.LeaderElection.waitForResults(LeaderElection.java:259)
	at org.apache.ratis.server.impl.LeaderElection.askForVotes(LeaderElection.java:197)
	at org.apache.ratis.server.impl.LeaderElection.run(LeaderElection.java:133)
	at java.lang.Thread.run(Thread.java:748)
Caused by: org.apache.ratis.thirdparty.io.grpc.StatusRuntimeException: UNAVAILABLE: io exception
	at org.apache.ratis.thirdparty.io.grpc.stub.ClientCalls.toStatusRuntimeException(ClientCalls.java:233)
	at org.apache.ratis.thirdparty.io.grpc.stub.ClientCalls.getUnchecked(ClientCalls.java:214)
	at org.apache.ratis.thirdparty.io.grpc.stub.ClientCalls.blockingUnaryCall(ClientCalls.java:139)
	at org.apache.ratis.proto.grpc.RaftServerProtocolServiceGrpc$RaftServerProtocolServiceBlockingStub.requestVote(RaftServerProtocolServiceGrpc.java:265)
	at org.apache.ratis.grpc.server.GrpcServerProtocolClient.requestVote(GrpcServerProtocolClient.java:99)
	at org.apache.ratis.grpc.server.GrpcService.requestVote(GrpcService.java:204)
	at org.apache.ratis.server.impl.LeaderElection.lambda$submitRequests$1(LeaderElection.java:234)
	at java.util.concurrent.FutureTask.run(FutureTask.java:266)
	at java.util.concurrent.Executors$RunnableAdapter.call(Executors.java:511)
	at java.util.concurrent.FutureTask.run(FutureTask.java:266)
	at java.util.concurrent.ThreadPoolExecutor.runWorker(ThreadPoolExecutor.java:1149)
	at java.util.concurrent.ThreadPoolExecutor$Worker.run(ThreadPoolExecutor.java:624)
	... 1 more
Caused by: org.apache.ratis.thirdparty.io.netty.channel.AbstractChannel$AnnotatedConnectException: Connection refused: /192.168.34.25:45248
	at sun.nio.ch.SocketChannelImpl.checkConnect(Native Method)
	at sun.nio.ch.SocketChannelImpl.finishConnect(SocketChannelImpl.java:717)
	at org.apache.ratis.thirdparty.io.netty.channel.socket.nio.NioSocketChannel.doFinishConnect(NioSocketChannel.java:327)
	at org.apache.ratis.thirdparty.io.netty.channel.nio.AbstractNioChannel$AbstractNioUnsafe.finishConnect(AbstractNioChannel.java:340)
	at org.apache.ratis.thirdparty.io.netty.channel.nio.NioEventLoop.processSelectedKey(NioEventLoop.java:632)
	at org.apache.ratis.thirdparty.io.netty.channel.nio.NioEventLoop.processSelectedKeysOptimized(NioEventLoop.java:579)
	at org.apache.ratis.thirdparty.io.netty.channel.nio.NioEventLoop.processSelectedKeys(NioEventLoop.java:496)
	at org.apache.ratis.thirdparty.io.netty.channel.nio.NioEventLoop.run(NioEventLoop.java:458)
	at org.apache.ratis.thirdparty.io.netty.util.concurrent.SingleThreadEventExecutor$5.run(SingleThreadEventExecutor.java:897)
	at org.apache.ratis.thirdparty.io.netty.util.concurrent.FastThreadLocalRunnable.run(FastThreadLocalRunnable.java:30)
	... 1 more
Caused by: java.net.ConnectException: Connection refused
	... 11 more
2019-10-18 07:24:25,679 [12ad0800-05cb-443c-9fdd-fa1debf04523@group-BCB82A5C07F5-LeaderElection1333] INFO  impl.LeaderElection (LeaderElection.java:logAndReturn(56)) - 12ad0800-05cb-443c-9fdd-fa1debf04523@group-BCB82A5C07F5-LeaderElection1333: Election REJECTED; received 0 response(s) [] and 2 exception(s); 12ad0800-05cb-443c-9fdd-fa1debf04523@group-BCB82A5C07F5:t277, leader=null, voted=12ad0800-05cb-443c-9fdd-fa1debf04523, raftlog=12ad0800-05cb-443c-9fdd-fa1debf04523@group-BCB82A5C07F5-SegmentedRaftLog:OPENED:c-1,f-1,i0, conf=-1: [12ad0800-05cb-443c-9fdd-fa1debf04523:192.168.34.25:41155, 5170c5f3-8499-4b42-9321-85fc8a351f79:192.168.34.25:43074, 0b10a9fc-47eb-4a2b-b664-8273d9d17379:192.168.34.25:45248], old=null
2019-10-18 07:24:25,679 [12ad0800-05cb-443c-9fdd-fa1debf04523@group-BCB82A5C07F5-LeaderElection1333] INFO  impl.LeaderElection (LogUtils.java:infoOrTrace(149)) -   Exception 0: {}
java.util.concurrent.ExecutionException: org.apache.ratis.thirdparty.io.grpc.StatusRuntimeException: UNAVAILABLE: io exception
	at java.util.concurrent.FutureTask.report(FutureTask.java:122)
	at java.util.concurrent.FutureTask.get(FutureTask.java:192)
	at org.apache.ratis.server.impl.LeaderElection.waitForResults(LeaderElection.java:259)
	at org.apache.ratis.server.impl.LeaderElection.askForVotes(LeaderElection.java:197)
	at org.apache.ratis.server.impl.LeaderElection.run(LeaderElection.java:133)
	at java.lang.Thread.run(Thread.java:748)
Caused by: org.apache.ratis.thirdparty.io.grpc.StatusRuntimeException: UNAVAILABLE: io exception
	at org.apache.ratis.thirdparty.io.grpc.stub.ClientCalls.toStatusRuntimeException(ClientCalls.java:233)
	at org.apache.ratis.thirdparty.io.grpc.stub.ClientCalls.getUnchecked(ClientCalls.java:214)
	at org.apache.ratis.thirdparty.io.grpc.stub.ClientCalls.blockingUnaryCall(ClientCalls.java:139)
	at org.apache.ratis.proto.grpc.RaftServerProtocolServiceGrpc$RaftServerProtocolServiceBlockingStub.requestVote(RaftServerProtocolServiceGrpc.java:265)
	at org.apache.ratis.grpc.server.GrpcServerProtocolClient.requestVote(GrpcServerProtocolClient.java:99)
	at org.apache.ratis.grpc.server.GrpcService.requestVote(GrpcService.java:204)
	at org.apache.ratis.server.impl.LeaderElection.lambda$submitRequests$1(LeaderElection.java:234)
	at java.util.concurrent.FutureTask.run(FutureTask.java:266)
	at java.util.concurrent.Executors$RunnableAdapter.call(Executors.java:511)
	at java.util.concurrent.FutureTask.run(FutureTask.java:266)
	at java.util.concurrent.ThreadPoolExecutor.runWorker(ThreadPoolExecutor.java:1149)
	at java.util.concurrent.ThreadPoolExecutor$Worker.run(ThreadPoolExecutor.java:624)
	... 1 more
Caused by: org.apache.ratis.thirdparty.io.netty.channel.AbstractChannel$AnnotatedConnectException: Connection refused: /192.168.34.25:43074
	at sun.nio.ch.SocketChannelImpl.checkConnect(Native Method)
	at sun.nio.ch.SocketChannelImpl.finishConnect(SocketChannelImpl.java:717)
	at org.apache.ratis.thirdparty.io.netty.channel.socket.nio.NioSocketChannel.doFinishConnect(NioSocketChannel.java:327)
	at org.apache.ratis.thirdparty.io.netty.channel.nio.AbstractNioChannel$AbstractNioUnsafe.finishConnect(AbstractNioChannel.java:340)
	at org.apache.ratis.thirdparty.io.netty.channel.nio.NioEventLoop.processSelectedKey(NioEventLoop.java:632)
	at org.apache.ratis.thirdparty.io.netty.channel.nio.NioEventLoop.processSelectedKeysOptimized(NioEventLoop.java:579)
	at org.apache.ratis.thirdparty.io.netty.channel.nio.NioEventLoop.processSelectedKeys(NioEventLoop.java:496)
	at org.apache.ratis.thirdparty.io.netty.channel.nio.NioEventLoop.run(NioEventLoop.java:458)
	at org.apache.ratis.thirdparty.io.netty.util.concurrent.SingleThreadEventExecutor$5.run(SingleThreadEventExecutor.java:897)
	at org.apache.ratis.thirdparty.io.netty.util.concurrent.FastThreadLocalRunnable.run(FastThreadLocalRunnable.java:30)
	... 1 more
Caused by: java.net.ConnectException: Connection refused
	... 11 more
2019-10-18 07:24:25,680 [12ad0800-05cb-443c-9fdd-fa1debf04523@group-BCB82A5C07F5-LeaderElection1333] INFO  impl.LeaderElection (LogUtils.java:infoOrTrace(149)) -   Exception 1: {}
java.util.concurrent.ExecutionException: org.apache.ratis.thirdparty.io.grpc.StatusRuntimeException: UNAVAILABLE: io exception
	at java.util.concurrent.FutureTask.report(FutureTask.java:122)
	at java.util.concurrent.FutureTask.get(FutureTask.java:192)
	at org.apache.ratis.server.impl.LeaderElection.waitForResults(LeaderElection.java:259)
	at org.apache.ratis.server.impl.LeaderElection.askForVotes(LeaderElection.java:197)
	at org.apache.ratis.server.impl.LeaderElection.run(LeaderElection.java:133)
	at java.lang.Thread.run(Thread.java:748)
Caused by: org.apache.ratis.thirdparty.io.grpc.StatusRuntimeException: UNAVAILABLE: io exception
	at org.apache.ratis.thirdparty.io.grpc.stub.ClientCalls.toStatusRuntimeException(ClientCalls.java:233)
	at org.apache.ratis.thirdparty.io.grpc.stub.ClientCalls.getUnchecked(ClientCalls.java:214)
	at org.apache.ratis.thirdparty.io.grpc.stub.ClientCalls.blockingUnaryCall(ClientCalls.java:139)
	at org.apache.ratis.proto.grpc.RaftServerProtocolServiceGrpc$RaftServerProtocolServiceBlockingStub.requestVote(RaftServerProtocolServiceGrpc.java:265)
	at org.apache.ratis.grpc.server.GrpcServerProtocolClient.requestVote(GrpcServerProtocolClient.java:99)
	at org.apache.ratis.grpc.server.GrpcService.requestVote(GrpcService.java:204)
	at org.apache.ratis.server.impl.LeaderElection.lambda$submitRequests$1(LeaderElection.java:234)
	at java.util.concurrent.FutureTask.run(FutureTask.java:266)
	at java.util.concurrent.Executors$RunnableAdapter.call(Executors.java:511)
	at java.util.concurrent.FutureTask.run(FutureTask.java:266)
	at java.util.concurrent.ThreadPoolExecutor.runWorker(ThreadPoolExecutor.java:1149)
	at java.util.concurrent.ThreadPoolExecutor$Worker.run(ThreadPoolExecutor.java:624)
	... 1 more
Caused by: org.apache.ratis.thirdparty.io.netty.channel.AbstractChannel$AnnotatedConnectException: Connection refused: /192.168.34.25:45248
	at sun.nio.ch.SocketChannelImpl.checkConnect(Native Method)
	at sun.nio.ch.SocketChannelImpl.finishConnect(SocketChannelImpl.java:717)
	at org.apache.ratis.thirdparty.io.netty.channel.socket.nio.NioSocketChannel.doFinishConnect(NioSocketChannel.java:327)
	at org.apache.ratis.thirdparty.io.netty.channel.nio.AbstractNioChannel$AbstractNioUnsafe.finishConnect(AbstractNioChannel.java:340)
	at org.apache.ratis.thirdparty.io.netty.channel.nio.NioEventLoop.processSelectedKey(NioEventLoop.java:632)
	at org.apache.ratis.thirdparty.io.netty.channel.nio.NioEventLoop.processSelectedKeysOptimized(NioEventLoop.java:579)
	at org.apache.ratis.thirdparty.io.netty.channel.nio.NioEventLoop.processSelectedKeys(NioEventLoop.java:496)
	at org.apache.ratis.thirdparty.io.netty.channel.nio.NioEventLoop.run(NioEventLoop.java:458)
	at org.apache.ratis.thirdparty.io.netty.util.concurrent.SingleThreadEventExecutor$5.run(SingleThreadEventExecutor.java:897)
	at org.apache.ratis.thirdparty.io.netty.util.concurrent.FastThreadLocalRunnable.run(FastThreadLocalRunnable.java:30)
	... 1 more
Caused by: java.net.ConnectException: Connection refused
	... 11 more
2019-10-18 07:24:25,680 [12ad0800-05cb-443c-9fdd-fa1debf04523@group-BCB82A5C07F5-LeaderElection1333] INFO  impl.RaftServerImpl (RaftServerImpl.java:setRole(184)) - 12ad0800-05cb-443c-9fdd-fa1debf04523@group-BCB82A5C07F5: changes role from CANDIDATE to FOLLOWER at term 277 for DISCOVERED_A_NEW_TERM
2019-10-18 07:24:25,680 [12ad0800-05cb-443c-9fdd-fa1debf04523@group-BCB82A5C07F5-LeaderElection1333] INFO  impl.RoleInfo (RoleInfo.java:shutdownLeaderElection(134)) - 12ad0800-05cb-443c-9fdd-fa1debf04523: shutdown LeaderElection
2019-10-18 07:24:25,680 [12ad0800-05cb-443c-9fdd-fa1debf04523@group-BCB82A5C07F5-LeaderElection1333] INFO  impl.RoleInfo (RoleInfo.java:updateAndGet(143)) - 12ad0800-05cb-443c-9fdd-fa1debf04523: start FollowerState
2019-10-18 07:24:25,767 [java.util.concurrent.ThreadPoolExecutor$Worker@1ddf09da[State = -1, empty queue]] WARN  server.GrpcLogAppender (GrpcLogAppender.java:timeoutAppendRequest(209)) - 030c2313-1c2c-4b42-81fb-cb58ee93f992@group-E193FE271C99->9712a796-5281-4f3e-ac85-61dedd90db73-GrpcLogAppender: appendEntries Timeout, request=030c2313-1c2c-4b42-81fb-cb58ee93f992->9712a796-5281-4f3e-ac85-61dedd90db73#78-t1, previous=(t:1, i:10), leaderCommit=10, initializing? false, entries: <empty>
2019-10-18 07:24:25,770 [Thread-11230] INFO  impl.FollowerState (FollowerState.java:run(108)) - 12ad0800-05cb-443c-9fdd-fa1debf04523@group-BCB82A5C07F5-FollowerState: change to CANDIDATE, lastRpcTime:90ms, electionTimeout:90ms
2019-10-18 07:24:25,771 [Thread-11230] INFO  impl.RoleInfo (RoleInfo.java:shutdownFollowerState(121)) - 12ad0800-05cb-443c-9fdd-fa1debf04523: shutdown FollowerState
2019-10-18 07:24:25,771 [Thread-11230] INFO  impl.RaftServerImpl (RaftServerImpl.java:setRole(184)) - 12ad0800-05cb-443c-9fdd-fa1debf04523@group-BCB82A5C07F5: changes role from  FOLLOWER to CANDIDATE at term 277 for changeToCandidate
2019-10-18 07:24:25,771 [Thread-11230] INFO  impl.RoleInfo (RoleInfo.java:updateAndGet(143)) - 12ad0800-05cb-443c-9fdd-fa1debf04523: start LeaderElection
2019-10-18 07:24:25,792 [java.util.concurrent.ThreadPoolExecutor$Worker@79ed443[State = -1, empty queue]] WARN  server.GrpcLogAppender (GrpcLogAppender.java:timeoutAppendRequest(209)) - 030c2313-1c2c-4b42-81fb-cb58ee93f992@group-E193FE271C99->716dc1a1-4b82-41d5-9ffe-93d5e40efbd9-GrpcLogAppender: appendEntries Timeout, request=030c2313-1c2c-4b42-81fb-cb58ee93f992->716dc1a1-4b82-41d5-9ffe-93d5e40efbd9#78-t1, previous=(t:1, i:10), leaderCommit=10, initializing? false, entries: <empty>
2019-10-18 07:24:25,803 [12ad0800-05cb-443c-9fdd-fa1debf04523@group-BCB82A5C07F5-LeaderElection1334] INFO  impl.LeaderElection (LeaderElection.java:askForVotes(178)) - 12ad0800-05cb-443c-9fdd-fa1debf04523@group-BCB82A5C07F5-LeaderElection1334: begin an election at term 278 for -1: [12ad0800-05cb-443c-9fdd-fa1debf04523:192.168.34.25:41155, 5170c5f3-8499-4b42-9321-85fc8a351f79:192.168.34.25:43074, 0b10a9fc-47eb-4a2b-b664-8273d9d17379:192.168.34.25:45248], old=null
2019-10-18 07:24:25,804 [12ad0800-05cb-443c-9fdd-fa1debf04523@group-BCB82A5C07F5-LeaderElection1334] INFO  impl.LeaderElection (LogUtils.java:infoOrTrace(149)) - 12ad0800-05cb-443c-9fdd-fa1debf04523@group-BCB82A5C07F5-LeaderElection1334 got exception when requesting votes: {}
java.util.concurrent.ExecutionException: org.apache.ratis.thirdparty.io.grpc.StatusRuntimeException: UNAVAILABLE: io exception
	at java.util.concurrent.FutureTask.report(FutureTask.java:122)
	at java.util.concurrent.FutureTask.get(FutureTask.java:192)
	at org.apache.ratis.server.impl.LeaderElection.waitForResults(LeaderElection.java:259)
	at org.apache.ratis.server.impl.LeaderElection.askForVotes(LeaderElection.java:197)
	at org.apache.ratis.server.impl.LeaderElection.run(LeaderElection.java:133)
	at java.lang.Thread.run(Thread.java:748)
Caused by: org.apache.ratis.thirdparty.io.grpc.StatusRuntimeException: UNAVAILABLE: io exception
	at org.apache.ratis.thirdparty.io.grpc.stub.ClientCalls.toStatusRuntimeException(ClientCalls.java:233)
	at org.apache.ratis.thirdparty.io.grpc.stub.ClientCalls.getUnchecked(ClientCalls.java:214)
	at org.apache.ratis.thirdparty.io.grpc.stub.ClientCalls.blockingUnaryCall(ClientCalls.java:139)
	at org.apache.ratis.proto.grpc.RaftServerProtocolServiceGrpc$RaftServerProtocolServiceBlockingStub.requestVote(RaftServerProtocolServiceGrpc.java:265)
	at org.apache.ratis.grpc.server.GrpcServerProtocolClient.requestVote(GrpcServerProtocolClient.java:99)
	at org.apache.ratis.grpc.server.GrpcService.requestVote(GrpcService.java:204)
	at org.apache.ratis.server.impl.LeaderElection.lambda$submitRequests$1(LeaderElection.java:234)
	at java.util.concurrent.FutureTask.run(FutureTask.java:266)
	at java.util.concurrent.Executors$RunnableAdapter.call(Executors.java:511)
	at java.util.concurrent.FutureTask.run(FutureTask.java:266)
	at java.util.concurrent.ThreadPoolExecutor.runWorker(ThreadPoolExecutor.java:1149)
	at java.util.concurrent.ThreadPoolExecutor$Worker.run(ThreadPoolExecutor.java:624)
	... 1 more
Caused by: org.apache.ratis.thirdparty.io.netty.channel.AbstractChannel$AnnotatedConnectException: Connection refused: /192.168.34.25:45248
	at sun.nio.ch.SocketChannelImpl.checkConnect(Native Method)
	at sun.nio.ch.SocketChannelImpl.finishConnect(SocketChannelImpl.java:717)
	at org.apache.ratis.thirdparty.io.netty.channel.socket.nio.NioSocketChannel.doFinishConnect(NioSocketChannel.java:327)
	at org.apache.ratis.thirdparty.io.netty.channel.nio.AbstractNioChannel$AbstractNioUnsafe.finishConnect(AbstractNioChannel.java:340)
	at org.apache.ratis.thirdparty.io.netty.channel.nio.NioEventLoop.processSelectedKey(NioEventLoop.java:632)
	at org.apache.ratis.thirdparty.io.netty.channel.nio.NioEventLoop.processSelectedKeysOptimized(NioEventLoop.java:579)
	at org.apache.ratis.thirdparty.io.netty.channel.nio.NioEventLoop.processSelectedKeys(NioEventLoop.java:496)
	at org.apache.ratis.thirdparty.io.netty.channel.nio.NioEventLoop.run(NioEventLoop.java:458)
	at org.apache.ratis.thirdparty.io.netty.util.concurrent.SingleThreadEventExecutor$5.run(SingleThreadEventExecutor.java:897)
	at org.apache.ratis.thirdparty.io.netty.util.concurrent.FastThreadLocalRunnable.run(FastThreadLocalRunnable.java:30)
	... 1 more
Caused by: java.net.ConnectException: Connection refused
	... 11 more
2019-10-18 07:24:25,804 [12ad0800-05cb-443c-9fdd-fa1debf04523@group-BCB82A5C07F5-LeaderElection1334] INFO  impl.LeaderElection (LogUtils.java:infoOrTrace(149)) - 12ad0800-05cb-443c-9fdd-fa1debf04523@group-BCB82A5C07F5-LeaderElection1334 got exception when requesting votes: {}
java.util.concurrent.ExecutionException: org.apache.ratis.thirdparty.io.grpc.StatusRuntimeException: UNAVAILABLE: io exception
	at java.util.concurrent.FutureTask.report(FutureTask.java:122)
	at java.util.concurrent.FutureTask.get(FutureTask.java:192)
	at org.apache.ratis.server.impl.LeaderElection.waitForResults(LeaderElection.java:259)
	at org.apache.ratis.server.impl.LeaderElection.askForVotes(LeaderElection.java:197)
	at org.apache.ratis.server.impl.LeaderElection.run(LeaderElection.java:133)
	at java.lang.Thread.run(Thread.java:748)
Caused by: org.apache.ratis.thirdparty.io.grpc.StatusRuntimeException: UNAVAILABLE: io exception
	at org.apache.ratis.thirdparty.io.grpc.stub.ClientCalls.toStatusRuntimeException(ClientCalls.java:233)
	at org.apache.ratis.thirdparty.io.grpc.stub.ClientCalls.getUnchecked(ClientCalls.java:214)
	at org.apache.ratis.thirdparty.io.grpc.stub.ClientCalls.blockingUnaryCall(ClientCalls.java:139)
	at org.apache.ratis.proto.grpc.RaftServerProtocolServiceGrpc$RaftServerProtocolServiceBlockingStub.requestVote(RaftServerProtocolServiceGrpc.java:265)
	at org.apache.ratis.grpc.server.GrpcServerProtocolClient.requestVote(GrpcServerProtocolClient.java:99)
	at org.apache.ratis.grpc.server.GrpcService.requestVote(GrpcService.java:204)
	at org.apache.ratis.server.impl.LeaderElection.lambda$submitRequests$1(LeaderElection.java:234)
	at java.util.concurrent.FutureTask.run(FutureTask.java:266)
	at java.util.concurrent.Executors$RunnableAdapter.call(Executors.java:511)
	at java.util.concurrent.FutureTask.run(FutureTask.java:266)
	at java.util.concurrent.ThreadPoolExecutor.runWorker(ThreadPoolExecutor.java:1149)
	at java.util.concurrent.ThreadPoolExecutor$Worker.run(ThreadPoolExecutor.java:624)
	... 1 more
Caused by: org.apache.ratis.thirdparty.io.netty.channel.AbstractChannel$AnnotatedConnectException: Connection refused: /192.168.34.25:43074
	at sun.nio.ch.SocketChannelImpl.checkConnect(Native Method)
	at sun.nio.ch.SocketChannelImpl.finishConnect(SocketChannelImpl.java:717)
	at org.apache.ratis.thirdparty.io.netty.channel.socket.nio.NioSocketChannel.doFinishConnect(NioSocketChannel.java:327)
	at org.apache.ratis.thirdparty.io.netty.channel.nio.AbstractNioChannel$AbstractNioUnsafe.finishConnect(AbstractNioChannel.java:340)
	at org.apache.ratis.thirdparty.io.netty.channel.nio.NioEventLoop.processSelectedKey(NioEventLoop.java:632)
	at org.apache.ratis.thirdparty.io.netty.channel.nio.NioEventLoop.processSelectedKeysOptimized(NioEventLoop.java:579)
	at org.apache.ratis.thirdparty.io.netty.channel.nio.NioEventLoop.processSelectedKeys(NioEventLoop.java:496)
	at org.apache.ratis.thirdparty.io.netty.channel.nio.NioEventLoop.run(NioEventLoop.java:458)
	at org.apache.ratis.thirdparty.io.netty.util.concurrent.SingleThreadEventExecutor$5.run(SingleThreadEventExecutor.java:897)
	at org.apache.ratis.thirdparty.io.netty.util.concurrent.FastThreadLocalRunnable.run(FastThreadLocalRunnable.java:30)
	... 1 more
Caused by: java.net.ConnectException: Connection refused
	... 11 more
2019-10-18 07:24:25,805 [12ad0800-05cb-443c-9fdd-fa1debf04523@group-BCB82A5C07F5-LeaderElection1334] INFO  impl.LeaderElection (LeaderElection.java:logAndReturn(56)) - 12ad0800-05cb-443c-9fdd-fa1debf04523@group-BCB82A5C07F5-LeaderElection1334: Election REJECTED; received 0 response(s) [] and 2 exception(s); 12ad0800-05cb-443c-9fdd-fa1debf04523@group-BCB82A5C07F5:t278, leader=null, voted=12ad0800-05cb-443c-9fdd-fa1debf04523, raftlog=12ad0800-05cb-443c-9fdd-fa1debf04523@group-BCB82A5C07F5-SegmentedRaftLog:OPENED:c-1,f-1,i0, conf=-1: [12ad0800-05cb-443c-9fdd-fa1debf04523:192.168.34.25:41155, 5170c5f3-8499-4b42-9321-85fc8a351f79:192.168.34.25:43074, 0b10a9fc-47eb-4a2b-b664-8273d9d17379:192.168.34.25:45248], old=null
2019-10-18 07:24:25,805 [12ad0800-05cb-443c-9fdd-fa1debf04523@group-BCB82A5C07F5-LeaderElection1334] INFO  impl.LeaderElection (LogUtils.java:infoOrTrace(149)) -   Exception 0: {}
java.util.concurrent.ExecutionException: org.apache.ratis.thirdparty.io.grpc.StatusRuntimeException: UNAVAILABLE: io exception
	at java.util.concurrent.FutureTask.report(FutureTask.java:122)
	at java.util.concurrent.FutureTask.get(FutureTask.java:192)
	at org.apache.ratis.server.impl.LeaderElection.waitForResults(LeaderElection.java:259)
	at org.apache.ratis.server.impl.LeaderElection.askForVotes(LeaderElection.java:197)
	at org.apache.ratis.server.impl.LeaderElection.run(LeaderElection.java:133)
	at java.lang.Thread.run(Thread.java:748)
Caused by: org.apache.ratis.thirdparty.io.grpc.StatusRuntimeException: UNAVAILABLE: io exception
	at org.apache.ratis.thirdparty.io.grpc.stub.ClientCalls.toStatusRuntimeException(ClientCalls.java:233)
	at org.apache.ratis.thirdparty.io.grpc.stub.ClientCalls.getUnchecked(ClientCalls.java:214)
	at org.apache.ratis.thirdparty.io.grpc.stub.ClientCalls.blockingUnaryCall(ClientCalls.java:139)
	at org.apache.ratis.proto.grpc.RaftServerProtocolServiceGrpc$RaftServerProtocolServiceBlockingStub.requestVote(RaftServerProtocolServiceGrpc.java:265)
	at org.apache.ratis.grpc.server.GrpcServerProtocolClient.requestVote(GrpcServerProtocolClient.java:99)
	at org.apache.ratis.grpc.server.GrpcService.requestVote(GrpcService.java:204)
	at org.apache.ratis.server.impl.LeaderElection.lambda$submitRequests$1(LeaderElection.java:234)
	at java.util.concurrent.FutureTask.run(FutureTask.java:266)
	at java.util.concurrent.Executors$RunnableAdapter.call(Executors.java:511)
	at java.util.concurrent.FutureTask.run(FutureTask.java:266)
	at java.util.concurrent.ThreadPoolExecutor.runWorker(ThreadPoolExecutor.java:1149)
	at java.util.concurrent.ThreadPoolExecutor$Worker.run(ThreadPoolExecutor.java:624)
	... 1 more
Caused by: org.apache.ratis.thirdparty.io.netty.channel.AbstractChannel$AnnotatedConnectException: Connection refused: /192.168.34.25:45248
	at sun.nio.ch.SocketChannelImpl.checkConnect(Native Method)
	at sun.nio.ch.SocketChannelImpl.finishConnect(SocketChannelImpl.java:717)
	at org.apache.ratis.thirdparty.io.netty.channel.socket.nio.NioSocketChannel.doFinishConnect(NioSocketChannel.java:327)
	at org.apache.ratis.thirdparty.io.netty.channel.nio.AbstractNioChannel$AbstractNioUnsafe.finishConnect(AbstractNioChannel.java:340)
	at org.apache.ratis.thirdparty.io.netty.channel.nio.NioEventLoop.processSelectedKey(NioEventLoop.java:632)
	at org.apache.ratis.thirdparty.io.netty.channel.nio.NioEventLoop.processSelectedKeysOptimized(NioEventLoop.java:579)
	at org.apache.ratis.thirdparty.io.netty.channel.nio.NioEventLoop.processSelectedKeys(NioEventLoop.java:496)
	at org.apache.ratis.thirdparty.io.netty.channel.nio.NioEventLoop.run(NioEventLoop.java:458)
	at org.apache.ratis.thirdparty.io.netty.util.concurrent.SingleThreadEventExecutor$5.run(SingleThreadEventExecutor.java:897)
	at org.apache.ratis.thirdparty.io.netty.util.concurrent.FastThreadLocalRunnable.run(FastThreadLocalRunnable.java:30)
	... 1 more
Caused by: java.net.ConnectException: Connection refused
	... 11 more
2019-10-18 07:24:25,805 [12ad0800-05cb-443c-9fdd-fa1debf04523@group-BCB82A5C07F5-LeaderElection1334] INFO  impl.LeaderElection (LogUtils.java:infoOrTrace(149)) -   Exception 1: {}
java.util.concurrent.ExecutionException: org.apache.ratis.thirdparty.io.grpc.StatusRuntimeException: UNAVAILABLE: io exception
	at java.util.concurrent.FutureTask.report(FutureTask.java:122)
	at java.util.concurrent.FutureTask.get(FutureTask.java:192)
	at org.apache.ratis.server.impl.LeaderElection.waitForResults(LeaderElection.java:259)
	at org.apache.ratis.server.impl.LeaderElection.askForVotes(LeaderElection.java:197)
	at org.apache.ratis.server.impl.LeaderElection.run(LeaderElection.java:133)
	at java.lang.Thread.run(Thread.java:748)
Caused by: org.apache.ratis.thirdparty.io.grpc.StatusRuntimeException: UNAVAILABLE: io exception
	at org.apache.ratis.thirdparty.io.grpc.stub.ClientCalls.toStatusRuntimeException(ClientCalls.java:233)
	at org.apache.ratis.thirdparty.io.grpc.stub.ClientCalls.getUnchecked(ClientCalls.java:214)
	at org.apache.ratis.thirdparty.io.grpc.stub.ClientCalls.blockingUnaryCall(ClientCalls.java:139)
	at org.apache.ratis.proto.grpc.RaftServerProtocolServiceGrpc$RaftServerProtocolServiceBlockingStub.requestVote(RaftServerProtocolServiceGrpc.java:265)
	at org.apache.ratis.grpc.server.GrpcServerProtocolClient.requestVote(GrpcServerProtocolClient.java:99)
	at org.apache.ratis.grpc.server.GrpcService.requestVote(GrpcService.java:204)
	at org.apache.ratis.server.impl.LeaderElection.lambda$submitRequests$1(LeaderElection.java:234)
	at java.util.concurrent.FutureTask.run(FutureTask.java:266)
	at java.util.concurrent.Executors$RunnableAdapter.call(Executors.java:511)
	at java.util.concurrent.FutureTask.run(FutureTask.java:266)
	at java.util.concurrent.ThreadPoolExecutor.runWorker(ThreadPoolExecutor.java:1149)
	at java.util.concurrent.ThreadPoolExecutor$Worker.run(ThreadPoolExecutor.java:624)
	... 1 more
Caused by: org.apache.ratis.thirdparty.io.netty.channel.AbstractChannel$AnnotatedConnectException: Connection refused: /192.168.34.25:43074
	at sun.nio.ch.SocketChannelImpl.checkConnect(Native Method)
	at sun.nio.ch.SocketChannelImpl.finishConnect(SocketChannelImpl.java:717)
	at org.apache.ratis.thirdparty.io.netty.channel.socket.nio.NioSocketChannel.doFinishConnect(NioSocketChannel.java:327)
	at org.apache.ratis.thirdparty.io.netty.channel.nio.AbstractNioChannel$AbstractNioUnsafe.finishConnect(AbstractNioChannel.java:340)
	at org.apache.ratis.thirdparty.io.netty.channel.nio.NioEventLoop.processSelectedKey(NioEventLoop.java:632)
	at org.apache.ratis.thirdparty.io.netty.channel.nio.NioEventLoop.processSelectedKeysOptimized(NioEventLoop.java:579)
	at org.apache.ratis.thirdparty.io.netty.channel.nio.NioEventLoop.processSelectedKeys(NioEventLoop.java:496)
	at org.apache.ratis.thirdparty.io.netty.channel.nio.NioEventLoop.run(NioEventLoop.java:458)
	at org.apache.ratis.thirdparty.io.netty.util.concurrent.SingleThreadEventExecutor$5.run(SingleThreadEventExecutor.java:897)
	at org.apache.ratis.thirdparty.io.netty.util.concurrent.FastThreadLocalRunnable.run(FastThreadLocalRunnable.java:30)
	... 1 more
Caused by: java.net.ConnectException: Connection refused
	... 11 more
2019-10-18 07:24:25,805 [12ad0800-05cb-443c-9fdd-fa1debf04523@group-BCB82A5C07F5-LeaderElection1334] INFO  impl.RaftServerImpl (RaftServerImpl.java:setRole(184)) - 12ad0800-05cb-443c-9fdd-fa1debf04523@group-BCB82A5C07F5: changes role from CANDIDATE to FOLLOWER at term 278 for DISCOVERED_A_NEW_TERM
2019-10-18 07:24:25,805 [12ad0800-05cb-443c-9fdd-fa1debf04523@group-BCB82A5C07F5-LeaderElection1334] INFO  impl.RoleInfo (RoleInfo.java:shutdownLeaderElection(134)) - 12ad0800-05cb-443c-9fdd-fa1debf04523: shutdown LeaderElection
2019-10-18 07:24:25,805 [12ad0800-05cb-443c-9fdd-fa1debf04523@group-BCB82A5C07F5-LeaderElection1334] INFO  impl.RoleInfo (RoleInfo.java:updateAndGet(143)) - 12ad0800-05cb-443c-9fdd-fa1debf04523: start FollowerState
2019-10-18 07:24:25,980 [Thread-11234] INFO  impl.FollowerState (FollowerState.java:run(108)) - 12ad0800-05cb-443c-9fdd-fa1debf04523@group-BCB82A5C07F5-FollowerState: change to CANDIDATE, lastRpcTime:174ms, electionTimeout:174ms
2019-10-18 07:24:25,980 [Thread-11234] INFO  impl.RoleInfo (RoleInfo.java:shutdownFollowerState(121)) - 12ad0800-05cb-443c-9fdd-fa1debf04523: shutdown FollowerState
2019-10-18 07:24:25,980 [Thread-11234] INFO  impl.RaftServerImpl (RaftServerImpl.java:setRole(184)) - 12ad0800-05cb-443c-9fdd-fa1debf04523@group-BCB82A5C07F5: changes role from  FOLLOWER to CANDIDATE at term 278 for changeToCandidate
2019-10-18 07:24:25,980 [Thread-11234] INFO  impl.RoleInfo (RoleInfo.java:updateAndGet(143)) - 12ad0800-05cb-443c-9fdd-fa1debf04523: start LeaderElection
2019-10-18 07:24:26,006 [12ad0800-05cb-443c-9fdd-fa1debf04523@group-BCB82A5C07F5-LeaderElection1335] INFO  impl.LeaderElection (LeaderElection.java:askForVotes(178)) - 12ad0800-05cb-443c-9fdd-fa1debf04523@group-BCB82A5C07F5-LeaderElection1335: begin an election at term 279 for -1: [12ad0800-05cb-443c-9fdd-fa1debf04523:192.168.34.25:41155, 5170c5f3-8499-4b42-9321-85fc8a351f79:192.168.34.25:43074, 0b10a9fc-47eb-4a2b-b664-8273d9d17379:192.168.34.25:45248], old=null
2019-10-18 07:24:26,006 [12ad0800-05cb-443c-9fdd-fa1debf04523@group-BCB82A5C07F5-LeaderElection1335] INFO  impl.LeaderElection (LogUtils.java:infoOrTrace(149)) - 12ad0800-05cb-443c-9fdd-fa1debf04523@group-BCB82A5C07F5-LeaderElection1335 got exception when requesting votes: {}
java.util.concurrent.ExecutionException: org.apache.ratis.thirdparty.io.grpc.StatusRuntimeException: UNAVAILABLE: io exception
	at java.util.concurrent.FutureTask.report(FutureTask.java:122)
	at java.util.concurrent.FutureTask.get(FutureTask.java:192)
	at org.apache.ratis.server.impl.LeaderElection.waitForResults(LeaderElection.java:259)
	at org.apache.ratis.server.impl.LeaderElection.askForVotes(LeaderElection.java:197)
	at org.apache.ratis.server.impl.LeaderElection.run(LeaderElection.java:133)
	at java.lang.Thread.run(Thread.java:748)
Caused by: org.apache.ratis.thirdparty.io.grpc.StatusRuntimeException: UNAVAILABLE: io exception
	at org.apache.ratis.thirdparty.io.grpc.stub.ClientCalls.toStatusRuntimeException(ClientCalls.java:233)
	at org.apache.ratis.thirdparty.io.grpc.stub.ClientCalls.getUnchecked(ClientCalls.java:214)
	at org.apache.ratis.thirdparty.io.grpc.stub.ClientCalls.blockingUnaryCall(ClientCalls.java:139)
	at org.apache.ratis.proto.grpc.RaftServerProtocolServiceGrpc$RaftServerProtocolServiceBlockingStub.requestVote(RaftServerProtocolServiceGrpc.java:265)
	at org.apache.ratis.grpc.server.GrpcServerProtocolClient.requestVote(GrpcServerProtocolClient.java:99)
	at org.apache.ratis.grpc.server.GrpcService.requestVote(GrpcService.java:204)
	at org.apache.ratis.server.impl.LeaderElection.lambda$submitRequests$1(LeaderElection.java:234)
	at java.util.concurrent.FutureTask.run(FutureTask.java:266)
	at java.util.concurrent.Executors$RunnableAdapter.call(Executors.java:511)
	at java.util.concurrent.FutureTask.run(FutureTask.java:266)
	at java.util.concurrent.ThreadPoolExecutor.runWorker(ThreadPoolExecutor.java:1149)
	at java.util.concurrent.ThreadPoolExecutor$Worker.run(ThreadPoolExecutor.java:624)
	... 1 more
Caused by: org.apache.ratis.thirdparty.io.netty.channel.AbstractChannel$AnnotatedConnectException: Connection refused: /192.168.34.25:43074
	at sun.nio.ch.SocketChannelImpl.checkConnect(Native Method)
	at sun.nio.ch.SocketChannelImpl.finishConnect(SocketChannelImpl.java:717)
	at org.apache.ratis.thirdparty.io.netty.channel.socket.nio.NioSocketChannel.doFinishConnect(NioSocketChannel.java:327)
	at org.apache.ratis.thirdparty.io.netty.channel.nio.AbstractNioChannel$AbstractNioUnsafe.finishConnect(AbstractNioChannel.java:340)
	at org.apache.ratis.thirdparty.io.netty.channel.nio.NioEventLoop.processSelectedKey(NioEventLoop.java:632)
	at org.apache.ratis.thirdparty.io.netty.channel.nio.NioEventLoop.processSelectedKeysOptimized(NioEventLoop.java:579)
	at org.apache.ratis.thirdparty.io.netty.channel.nio.NioEventLoop.processSelectedKeys(NioEventLoop.java:496)
	at org.apache.ratis.thirdparty.io.netty.channel.nio.NioEventLoop.run(NioEventLoop.java:458)
	at org.apache.ratis.thirdparty.io.netty.util.concurrent.SingleThreadEventExecutor$5.run(SingleThreadEventExecutor.java:897)
	at org.apache.ratis.thirdparty.io.netty.util.concurrent.FastThreadLocalRunnable.run(FastThreadLocalRunnable.java:30)
	... 1 more
Caused by: java.net.ConnectException: Connection refused
	... 11 more
2019-10-18 07:24:26,007 [12ad0800-05cb-443c-9fdd-fa1debf04523@group-BCB82A5C07F5-LeaderElection1335] INFO  impl.LeaderElection (LogUtils.java:infoOrTrace(149)) - 12ad0800-05cb-443c-9fdd-fa1debf04523@group-BCB82A5C07F5-LeaderElection1335 got exception when requesting votes: {}
java.util.concurrent.ExecutionException: org.apache.ratis.thirdparty.io.grpc.StatusRuntimeException: UNAVAILABLE: io exception
	at java.util.concurrent.FutureTask.report(FutureTask.java:122)
	at java.util.concurrent.FutureTask.get(FutureTask.java:192)
	at org.apache.ratis.server.impl.LeaderElection.waitForResults(LeaderElection.java:259)
	at org.apache.ratis.server.impl.LeaderElection.askForVotes(LeaderElection.java:197)
	at org.apache.ratis.server.impl.LeaderElection.run(LeaderElection.java:133)
	at java.lang.Thread.run(Thread.java:748)
Caused by: org.apache.ratis.thirdparty.io.grpc.StatusRuntimeException: UNAVAILABLE: io exception
	at org.apache.ratis.thirdparty.io.grpc.stub.ClientCalls.toStatusRuntimeException(ClientCalls.java:233)
	at org.apache.ratis.thirdparty.io.grpc.stub.ClientCalls.getUnchecked(ClientCalls.java:214)
	at org.apache.ratis.thirdparty.io.grpc.stub.ClientCalls.blockingUnaryCall(ClientCalls.java:139)
	at org.apache.ratis.proto.grpc.RaftServerProtocolServiceGrpc$RaftServerProtocolServiceBlockingStub.requestVote(RaftServerProtocolServiceGrpc.java:265)
	at org.apache.ratis.grpc.server.GrpcServerProtocolClient.requestVote(GrpcServerProtocolClient.java:99)
	at org.apache.ratis.grpc.server.GrpcService.requestVote(GrpcService.java:204)
	at org.apache.ratis.server.impl.LeaderElection.lambda$submitRequests$1(LeaderElection.java:234)
	at java.util.concurrent.FutureTask.run(FutureTask.java:266)
	at java.util.concurrent.Executors$RunnableAdapter.call(Executors.java:511)
	at java.util.concurrent.FutureTask.run(FutureTask.java:266)
	at java.util.concurrent.ThreadPoolExecutor.runWorker(ThreadPoolExecutor.java:1149)
	at java.util.concurrent.ThreadPoolExecutor$Worker.run(ThreadPoolExecutor.java:624)
	... 1 more
Caused by: org.apache.ratis.thirdparty.io.netty.channel.AbstractChannel$AnnotatedConnectException: Connection refused: /192.168.34.25:45248
	at sun.nio.ch.SocketChannelImpl.checkConnect(Native Method)
	at sun.nio.ch.SocketChannelImpl.finishConnect(SocketChannelImpl.java:717)
	at org.apache.ratis.thirdparty.io.netty.channel.socket.nio.NioSocketChannel.doFinishConnect(NioSocketChannel.java:327)
	at org.apache.ratis.thirdparty.io.netty.channel.nio.AbstractNioChannel$AbstractNioUnsafe.finishConnect(AbstractNioChannel.java:340)
	at org.apache.ratis.thirdparty.io.netty.channel.nio.NioEventLoop.processSelectedKey(NioEventLoop.java:632)
	at org.apache.ratis.thirdparty.io.netty.channel.nio.NioEventLoop.processSelectedKeysOptimized(NioEventLoop.java:579)
	at org.apache.ratis.thirdparty.io.netty.channel.nio.NioEventLoop.processSelectedKeys(NioEventLoop.java:496)
	at org.apache.ratis.thirdparty.io.netty.channel.nio.NioEventLoop.run(NioEventLoop.java:458)
	at org.apache.ratis.thirdparty.io.netty.util.concurrent.SingleThreadEventExecutor$5.run(SingleThreadEventExecutor.java:897)
	at org.apache.ratis.thirdparty.io.netty.util.concurrent.FastThreadLocalRunnable.run(FastThreadLocalRunnable.java:30)
	... 1 more
Caused by: java.net.ConnectException: Connection refused
	... 11 more
2019-10-18 07:24:26,007 [12ad0800-05cb-443c-9fdd-fa1debf04523@group-BCB82A5C07F5-LeaderElection1335] INFO  impl.LeaderElection (LeaderElection.java:logAndReturn(56)) - 12ad0800-05cb-443c-9fdd-fa1debf04523@group-BCB82A5C07F5-LeaderElection1335: Election REJECTED; received 0 response(s) [] and 2 exception(s); 12ad0800-05cb-443c-9fdd-fa1debf04523@group-BCB82A5C07F5:t279, leader=null, voted=12ad0800-05cb-443c-9fdd-fa1debf04523, raftlog=12ad0800-05cb-443c-9fdd-fa1debf04523@group-BCB82A5C07F5-SegmentedRaftLog:OPENED:c-1,f-1,i0, conf=-1: [12ad0800-05cb-443c-9fdd-fa1debf04523:192.168.34.25:41155, 5170c5f3-8499-4b42-9321-85fc8a351f79:192.168.34.25:43074, 0b10a9fc-47eb-4a2b-b664-8273d9d17379:192.168.34.25:45248], old=null
2019-10-18 07:24:26,007 [12ad0800-05cb-443c-9fdd-fa1debf04523@group-BCB82A5C07F5-LeaderElection1335] INFO  impl.LeaderElection (LogUtils.java:infoOrTrace(149)) -   Exception 0: {}
java.util.concurrent.ExecutionException: org.apache.ratis.thirdparty.io.grpc.StatusRuntimeException: UNAVAILABLE: io exception
	at java.util.concurrent.FutureTask.report(FutureTask.java:122)
	at java.util.concurrent.FutureTask.get(FutureTask.java:192)
	at org.apache.ratis.server.impl.LeaderElection.waitForResults(LeaderElection.java:259)
	at org.apache.ratis.server.impl.LeaderElection.askForVotes(LeaderElection.java:197)
	at org.apache.ratis.server.impl.LeaderElection.run(LeaderElection.java:133)
	at java.lang.Thread.run(Thread.java:748)
Caused by: org.apache.ratis.thirdparty.io.grpc.StatusRuntimeException: UNAVAILABLE: io exception
	at org.apache.ratis.thirdparty.io.grpc.stub.ClientCalls.toStatusRuntimeException(ClientCalls.java:233)
	at org.apache.ratis.thirdparty.io.grpc.stub.ClientCalls.getUnchecked(ClientCalls.java:214)
	at org.apache.ratis.thirdparty.io.grpc.stub.ClientCalls.blockingUnaryCall(ClientCalls.java:139)
	at org.apache.ratis.proto.grpc.RaftServerProtocolServiceGrpc$RaftServerProtocolServiceBlockingStub.requestVote(RaftServerProtocolServiceGrpc.java:265)
	at org.apache.ratis.grpc.server.GrpcServerProtocolClient.requestVote(GrpcServerProtocolClient.java:99)
	at org.apache.ratis.grpc.server.GrpcService.requestVote(GrpcService.java:204)
	at org.apache.ratis.server.impl.LeaderElection.lambda$submitRequests$1(LeaderElection.java:234)
	at java.util.concurrent.FutureTask.run(FutureTask.java:266)
	at java.util.concurrent.Executors$RunnableAdapter.call(Executors.java:511)
	at java.util.concurrent.FutureTask.run(FutureTask.java:266)
	at java.util.concurrent.ThreadPoolExecutor.runWorker(ThreadPoolExecutor.java:1149)
	at java.util.concurrent.ThreadPoolExecutor$Worker.run(ThreadPoolExecutor.java:624)
	... 1 more
Caused by: org.apache.ratis.thirdparty.io.netty.channel.AbstractChannel$AnnotatedConnectException: Connection refused: /192.168.34.25:43074
	at sun.nio.ch.SocketChannelImpl.checkConnect(Native Method)
	at sun.nio.ch.SocketChannelImpl.finishConnect(SocketChannelImpl.java:717)
	at org.apache.ratis.thirdparty.io.netty.channel.socket.nio.NioSocketChannel.doFinishConnect(NioSocketChannel.java:327)
	at org.apache.ratis.thirdparty.io.netty.channel.nio.AbstractNioChannel$AbstractNioUnsafe.finishConnect(AbstractNioChannel.java:340)
	at org.apache.ratis.thirdparty.io.netty.channel.nio.NioEventLoop.processSelectedKey(NioEventLoop.java:632)
	at org.apache.ratis.thirdparty.io.netty.channel.nio.NioEventLoop.processSelectedKeysOptimized(NioEventLoop.java:579)
	at org.apache.ratis.thirdparty.io.netty.channel.nio.NioEventLoop.processSelectedKeys(NioEventLoop.java:496)
	at org.apache.ratis.thirdparty.io.netty.channel.nio.NioEventLoop.run(NioEventLoop.java:458)
	at org.apache.ratis.thirdparty.io.netty.util.concurrent.SingleThreadEventExecutor$5.run(SingleThreadEventExecutor.java:897)
	at org.apache.ratis.thirdparty.io.netty.util.concurrent.FastThreadLocalRunnable.run(FastThreadLocalRunnable.java:30)
	... 1 more
Caused by: java.net.ConnectException: Connection refused
	... 11 more
2019-10-18 07:24:26,007 [12ad0800-05cb-443c-9fdd-fa1debf04523@group-BCB82A5C07F5-LeaderElection1335] INFO  impl.LeaderElection (LogUtils.java:infoOrTrace(149)) -   Exception 1: {}
java.util.concurrent.ExecutionException: org.apache.ratis.thirdparty.io.grpc.StatusRuntimeException: UNAVAILABLE: io exception
	at java.util.concurrent.FutureTask.report(FutureTask.java:122)
	at java.util.concurrent.FutureTask.get(FutureTask.java:192)
	at org.apache.ratis.server.impl.LeaderElection.waitForResults(LeaderElection.java:259)
	at org.apache.ratis.server.impl.LeaderElection.askForVotes(LeaderElection.java:197)
	at org.apache.ratis.server.impl.LeaderElection.run(LeaderElection.java:133)
	at java.lang.Thread.run(Thread.java:748)
Caused by: org.apache.ratis.thirdparty.io.grpc.StatusRuntimeException: UNAVAILABLE: io exception
	at org.apache.ratis.thirdparty.io.grpc.stub.ClientCalls.toStatusRuntimeException(ClientCalls.java:233)
	at org.apache.ratis.thirdparty.io.grpc.stub.ClientCalls.getUnchecked(ClientCalls.java:214)
	at org.apache.ratis.thirdparty.io.grpc.stub.ClientCalls.blockingUnaryCall(ClientCalls.java:139)
	at org.apache.ratis.proto.grpc.RaftServerProtocolServiceGrpc$RaftServerProtocolServiceBlockingStub.requestVote(RaftServerProtocolServiceGrpc.java:265)
	at org.apache.ratis.grpc.server.GrpcServerProtocolClient.requestVote(GrpcServerProtocolClient.java:99)
	at org.apache.ratis.grpc.server.GrpcService.requestVote(GrpcService.java:204)
	at org.apache.ratis.server.impl.LeaderElection.lambda$submitRequests$1(LeaderElection.java:234)
	at java.util.concurrent.FutureTask.run(FutureTask.java:266)
	at java.util.concurrent.Executors$RunnableAdapter.call(Executors.java:511)
	at java.util.concurrent.FutureTask.run(FutureTask.java:266)
	at java.util.concurrent.ThreadPoolExecutor.runWorker(ThreadPoolExecutor.java:1149)
	at java.util.concurrent.ThreadPoolExecutor$Worker.run(ThreadPoolExecutor.java:624)
	... 1 more
Caused by: org.apache.ratis.thirdparty.io.netty.channel.AbstractChannel$AnnotatedConnectException: Connection refused: /192.168.34.25:45248
	at sun.nio.ch.SocketChannelImpl.checkConnect(Native Method)
	at sun.nio.ch.SocketChannelImpl.finishConnect(SocketChannelImpl.java:717)
	at org.apache.ratis.thirdparty.io.netty.channel.socket.nio.NioSocketChannel.doFinishConnect(NioSocketChannel.java:327)
	at org.apache.ratis.thirdparty.io.netty.channel.nio.AbstractNioChannel$AbstractNioUnsafe.finishConnect(AbstractNioChannel.java:340)
	at org.apache.ratis.thirdparty.io.netty.channel.nio.NioEventLoop.processSelectedKey(NioEventLoop.java:632)
	at org.apache.ratis.thirdparty.io.netty.channel.nio.NioEventLoop.processSelectedKeysOptimized(NioEventLoop.java:579)
	at org.apache.ratis.thirdparty.io.netty.channel.nio.NioEventLoop.processSelectedKeys(NioEventLoop.java:496)
	at org.apache.ratis.thirdparty.io.netty.channel.nio.NioEventLoop.run(NioEventLoop.java:458)
	at org.apache.ratis.thirdparty.io.netty.util.concurrent.SingleThreadEventExecutor$5.run(SingleThreadEventExecutor.java:897)
	at org.apache.ratis.thirdparty.io.netty.util.concurrent.FastThreadLocalRunnable.run(FastThreadLocalRunnable.java:30)
	... 1 more
Caused by: java.net.ConnectException: Connection refused
	... 11 more
2019-10-18 07:24:26,007 [12ad0800-05cb-443c-9fdd-fa1debf04523@group-BCB82A5C07F5-LeaderElection1335] INFO  impl.RaftServerImpl (RaftServerImpl.java:setRole(184)) - 12ad0800-05cb-443c-9fdd-fa1debf04523@group-BCB82A5C07F5: changes role from CANDIDATE to FOLLOWER at term 279 for DISCOVERED_A_NEW_TERM
2019-10-18 07:24:26,008 [12ad0800-05cb-443c-9fdd-fa1debf04523@group-BCB82A5C07F5-LeaderElection1335] INFO  impl.RoleInfo (RoleInfo.java:shutdownLeaderElection(134)) - 12ad0800-05cb-443c-9fdd-fa1debf04523: shutdown LeaderElection
2019-10-18 07:24:26,008 [12ad0800-05cb-443c-9fdd-fa1debf04523@group-BCB82A5C07F5-LeaderElection1335] INFO  impl.RoleInfo (RoleInfo.java:updateAndGet(143)) - 12ad0800-05cb-443c-9fdd-fa1debf04523: start FollowerState
2019-10-18 07:24:26,055 [Thread-11238] INFO  impl.FollowerState (FollowerState.java:run(108)) - 12ad0800-05cb-443c-9fdd-fa1debf04523@group-BCB82A5C07F5-FollowerState: change to CANDIDATE, lastRpcTime:47ms, electionTimeout:47ms
2019-10-18 07:24:26,055 [Thread-11238] INFO  impl.RoleInfo (RoleInfo.java:shutdownFollowerState(121)) - 12ad0800-05cb-443c-9fdd-fa1debf04523: shutdown FollowerState
2019-10-18 07:24:26,055 [Thread-11238] INFO  impl.RaftServerImpl (RaftServerImpl.java:setRole(184)) - 12ad0800-05cb-443c-9fdd-fa1debf04523@group-BCB82A5C07F5: changes role from  FOLLOWER to CANDIDATE at term 279 for changeToCandidate
2019-10-18 07:24:26,055 [Thread-11238] INFO  impl.RoleInfo (RoleInfo.java:updateAndGet(143)) - 12ad0800-05cb-443c-9fdd-fa1debf04523: start LeaderElection
2019-10-18 07:24:26,081 [12ad0800-05cb-443c-9fdd-fa1debf04523@group-BCB82A5C07F5-LeaderElection1336] INFO  impl.LeaderElection (LeaderElection.java:askForVotes(178)) - 12ad0800-05cb-443c-9fdd-fa1debf04523@group-BCB82A5C07F5-LeaderElection1336: begin an election at term 280 for -1: [12ad0800-05cb-443c-9fdd-fa1debf04523:192.168.34.25:41155, 5170c5f3-8499-4b42-9321-85fc8a351f79:192.168.34.25:43074, 0b10a9fc-47eb-4a2b-b664-8273d9d17379:192.168.34.25:45248], old=null
2019-10-18 07:24:26,081 [12ad0800-05cb-443c-9fdd-fa1debf04523@group-BCB82A5C07F5-LeaderElection1336] INFO  impl.LeaderElection (LogUtils.java:infoOrTrace(149)) - 12ad0800-05cb-443c-9fdd-fa1debf04523@group-BCB82A5C07F5-LeaderElection1336 got exception when requesting votes: {}
java.util.concurrent.ExecutionException: org.apache.ratis.thirdparty.io.grpc.StatusRuntimeException: UNAVAILABLE: io exception
	at java.util.concurrent.FutureTask.report(FutureTask.java:122)
	at java.util.concurrent.FutureTask.get(FutureTask.java:192)
	at org.apache.ratis.server.impl.LeaderElection.waitForResults(LeaderElection.java:259)
	at org.apache.ratis.server.impl.LeaderElection.askForVotes(LeaderElection.java:197)
	at org.apache.ratis.server.impl.LeaderElection.run(LeaderElection.java:133)
	at java.lang.Thread.run(Thread.java:748)
Caused by: org.apache.ratis.thirdparty.io.grpc.StatusRuntimeException: UNAVAILABLE: io exception
	at org.apache.ratis.thirdparty.io.grpc.stub.ClientCalls.toStatusRuntimeException(ClientCalls.java:233)
	at org.apache.ratis.thirdparty.io.grpc.stub.ClientCalls.getUnchecked(ClientCalls.java:214)
	at org.apache.ratis.thirdparty.io.grpc.stub.ClientCalls.blockingUnaryCall(ClientCalls.java:139)
	at org.apache.ratis.proto.grpc.RaftServerProtocolServiceGrpc$RaftServerProtocolServiceBlockingStub.requestVote(RaftServerProtocolServiceGrpc.java:265)
	at org.apache.ratis.grpc.server.GrpcServerProtocolClient.requestVote(GrpcServerProtocolClient.java:99)
	at org.apache.ratis.grpc.server.GrpcService.requestVote(GrpcService.java:204)
	at org.apache.ratis.server.impl.LeaderElection.lambda$submitRequests$1(LeaderElection.java:234)
	at java.util.concurrent.FutureTask.run(FutureTask.java:266)
	at java.util.concurrent.Executors$RunnableAdapter.call(Executors.java:511)
	at java.util.concurrent.FutureTask.run(FutureTask.java:266)
	at java.util.concurrent.ThreadPoolExecutor.runWorker(ThreadPoolExecutor.java:1149)
	at java.util.concurrent.ThreadPoolExecutor$Worker.run(ThreadPoolExecutor.java:624)
	... 1 more
Caused by: org.apache.ratis.thirdparty.io.netty.channel.AbstractChannel$AnnotatedConnectException: Connection refused: /192.168.34.25:43074
	at sun.nio.ch.SocketChannelImpl.checkConnect(Native Method)
	at sun.nio.ch.SocketChannelImpl.finishConnect(SocketChannelImpl.java:717)
	at org.apache.ratis.thirdparty.io.netty.channel.socket.nio.NioSocketChannel.doFinishConnect(NioSocketChannel.java:327)
	at org.apache.ratis.thirdparty.io.netty.channel.nio.AbstractNioChannel$AbstractNioUnsafe.finishConnect(AbstractNioChannel.java:340)
	at org.apache.ratis.thirdparty.io.netty.channel.nio.NioEventLoop.processSelectedKey(NioEventLoop.java:632)
	at org.apache.ratis.thirdparty.io.netty.channel.nio.NioEventLoop.processSelectedKeysOptimized(NioEventLoop.java:579)
	at org.apache.ratis.thirdparty.io.netty.channel.nio.NioEventLoop.processSelectedKeys(NioEventLoop.java:496)
	at org.apache.ratis.thirdparty.io.netty.channel.nio.NioEventLoop.run(NioEventLoop.java:458)
	at org.apache.ratis.thirdparty.io.netty.util.concurrent.SingleThreadEventExecutor$5.run(SingleThreadEventExecutor.java:897)
	at org.apache.ratis.thirdparty.io.netty.util.concurrent.FastThreadLocalRunnable.run(FastThreadLocalRunnable.java:30)
	... 1 more
Caused by: java.net.ConnectException: Connection refused
	... 11 more
2019-10-18 07:24:26,082 [12ad0800-05cb-443c-9fdd-fa1debf04523@group-BCB82A5C07F5-LeaderElection1336] INFO  impl.LeaderElection (LogUtils.java:infoOrTrace(149)) - 12ad0800-05cb-443c-9fdd-fa1debf04523@group-BCB82A5C07F5-LeaderElection1336 got exception when requesting votes: {}
java.util.concurrent.ExecutionException: org.apache.ratis.thirdparty.io.grpc.StatusRuntimeException: UNAVAILABLE: io exception
	at java.util.concurrent.FutureTask.report(FutureTask.java:122)
	at java.util.concurrent.FutureTask.get(FutureTask.java:192)
	at org.apache.ratis.server.impl.LeaderElection.waitForResults(LeaderElection.java:259)
	at org.apache.ratis.server.impl.LeaderElection.askForVotes(LeaderElection.java:197)
	at org.apache.ratis.server.impl.LeaderElection.run(LeaderElection.java:133)
	at java.lang.Thread.run(Thread.java:748)
Caused by: org.apache.ratis.thirdparty.io.grpc.StatusRuntimeException: UNAVAILABLE: io exception
	at org.apache.ratis.thirdparty.io.grpc.stub.ClientCalls.toStatusRuntimeException(ClientCalls.java:233)
	at org.apache.ratis.thirdparty.io.grpc.stub.ClientCalls.getUnchecked(ClientCalls.java:214)
	at org.apache.ratis.thirdparty.io.grpc.stub.ClientCalls.blockingUnaryCall(ClientCalls.java:139)
	at org.apache.ratis.proto.grpc.RaftServerProtocolServiceGrpc$RaftServerProtocolServiceBlockingStub.requestVote(RaftServerProtocolServiceGrpc.java:265)
	at org.apache.ratis.grpc.server.GrpcServerProtocolClient.requestVote(GrpcServerProtocolClient.java:99)
	at org.apache.ratis.grpc.server.GrpcService.requestVote(GrpcService.java:204)
	at org.apache.ratis.server.impl.LeaderElection.lambda$submitRequests$1(LeaderElection.java:234)
	at java.util.concurrent.FutureTask.run(FutureTask.java:266)
	at java.util.concurrent.Executors$RunnableAdapter.call(Executors.java:511)
	at java.util.concurrent.FutureTask.run(FutureTask.java:266)
	at java.util.concurrent.ThreadPoolExecutor.runWorker(ThreadPoolExecutor.java:1149)
	at java.util.concurrent.ThreadPoolExecutor$Worker.run(ThreadPoolExecutor.java:624)
	... 1 more
Caused by: org.apache.ratis.thirdparty.io.netty.channel.AbstractChannel$AnnotatedConnectException: Connection refused: /192.168.34.25:45248
	at sun.nio.ch.SocketChannelImpl.checkConnect(Native Method)
	at sun.nio.ch.SocketChannelImpl.finishConnect(SocketChannelImpl.java:717)
	at org.apache.ratis.thirdparty.io.netty.channel.socket.nio.NioSocketChannel.doFinishConnect(NioSocketChannel.java:327)
	at org.apache.ratis.thirdparty.io.netty.channel.nio.AbstractNioChannel$AbstractNioUnsafe.finishConnect(AbstractNioChannel.java:340)
	at org.apache.ratis.thirdparty.io.netty.channel.nio.NioEventLoop.processSelectedKey(NioEventLoop.java:632)
	at org.apache.ratis.thirdparty.io.netty.channel.nio.NioEventLoop.processSelectedKeysOptimized(NioEventLoop.java:579)
	at org.apache.ratis.thirdparty.io.netty.channel.nio.NioEventLoop.processSelectedKeys(NioEventLoop.java:496)
	at org.apache.ratis.thirdparty.io.netty.channel.nio.NioEventLoop.run(NioEventLoop.java:458)
	at org.apache.ratis.thirdparty.io.netty.util.concurrent.SingleThreadEventExecutor$5.run(SingleThreadEventExecutor.java:897)
	at org.apache.ratis.thirdparty.io.netty.util.concurrent.FastThreadLocalRunnable.run(FastThreadLocalRunnable.java:30)
	... 1 more
Caused by: java.net.ConnectException: Connection refused
	... 11 more
2019-10-18 07:24:26,082 [12ad0800-05cb-443c-9fdd-fa1debf04523@group-BCB82A5C07F5-LeaderElection1336] INFO  impl.LeaderElection (LeaderElection.java:logAndReturn(56)) - 12ad0800-05cb-443c-9fdd-fa1debf04523@group-BCB82A5C07F5-LeaderElection1336: Election REJECTED; received 0 response(s) [] and 2 exception(s); 12ad0800-05cb-443c-9fdd-fa1debf04523@group-BCB82A5C07F5:t280, leader=null, voted=12ad0800-05cb-443c-9fdd-fa1debf04523, raftlog=12ad0800-05cb-443c-9fdd-fa1debf04523@group-BCB82A5C07F5-SegmentedRaftLog:OPENED:c-1,f-1,i0, conf=-1: [12ad0800-05cb-443c-9fdd-fa1debf04523:192.168.34.25:41155, 5170c5f3-8499-4b42-9321-85fc8a351f79:192.168.34.25:43074, 0b10a9fc-47eb-4a2b-b664-8273d9d17379:192.168.34.25:45248], old=null
2019-10-18 07:24:26,082 [12ad0800-05cb-443c-9fdd-fa1debf04523@group-BCB82A5C07F5-LeaderElection1336] INFO  impl.LeaderElection (LogUtils.java:infoOrTrace(149)) -   Exception 0: {}
java.util.concurrent.ExecutionException: org.apache.ratis.thirdparty.io.grpc.StatusRuntimeException: UNAVAILABLE: io exception
	at java.util.concurrent.FutureTask.report(FutureTask.java:122)
	at java.util.concurrent.FutureTask.get(FutureTask.java:192)
	at org.apache.ratis.server.impl.LeaderElection.waitForResults(LeaderElection.java:259)
	at org.apache.ratis.server.impl.LeaderElection.askForVotes(LeaderElection.java:197)
	at org.apache.ratis.server.impl.LeaderElection.run(LeaderElection.java:133)
	at java.lang.Thread.run(Thread.java:748)
Caused by: org.apache.ratis.thirdparty.io.grpc.StatusRuntimeException: UNAVAILABLE: io exception
	at org.apache.ratis.thirdparty.io.grpc.stub.ClientCalls.toStatusRuntimeException(ClientCalls.java:233)
	at org.apache.ratis.thirdparty.io.grpc.stub.ClientCalls.getUnchecked(ClientCalls.java:214)
	at org.apache.ratis.thirdparty.io.grpc.stub.ClientCalls.blockingUnaryCall(ClientCalls.java:139)
	at org.apache.ratis.proto.grpc.RaftServerProtocolServiceGrpc$RaftServerProtocolServiceBlockingStub.requestVote(RaftServerProtocolServiceGrpc.java:265)
	at org.apache.ratis.grpc.server.GrpcServerProtocolClient.requestVote(GrpcServerProtocolClient.java:99)
	at org.apache.ratis.grpc.server.GrpcService.requestVote(GrpcService.java:204)
	at org.apache.ratis.server.impl.LeaderElection.lambda$submitRequests$1(LeaderElection.java:234)
	at java.util.concurrent.FutureTask.run(FutureTask.java:266)
	at java.util.concurrent.Executors$RunnableAdapter.call(Executors.java:511)
	at java.util.concurrent.FutureTask.run(FutureTask.java:266)
	at java.util.concurrent.ThreadPoolExecutor.runWorker(ThreadPoolExecutor.java:1149)
	at java.util.concurrent.ThreadPoolExecutor$Worker.run(ThreadPoolExecutor.java:624)
	... 1 more
Caused by: org.apache.ratis.thirdparty.io.netty.channel.AbstractChannel$AnnotatedConnectException: Connection refused: /192.168.34.25:43074
	at sun.nio.ch.SocketChannelImpl.checkConnect(Native Method)
	at sun.nio.ch.SocketChannelImpl.finishConnect(SocketChannelImpl.java:717)
	at org.apache.ratis.thirdparty.io.netty.channel.socket.nio.NioSocketChannel.doFinishConnect(NioSocketChannel.java:327)
	at org.apache.ratis.thirdparty.io.netty.channel.nio.AbstractNioChannel$AbstractNioUnsafe.finishConnect(AbstractNioChannel.java:340)
	at org.apache.ratis.thirdparty.io.netty.channel.nio.NioEventLoop.processSelectedKey(NioEventLoop.java:632)
	at org.apache.ratis.thirdparty.io.netty.channel.nio.NioEventLoop.processSelectedKeysOptimized(NioEventLoop.java:579)
	at org.apache.ratis.thirdparty.io.netty.channel.nio.NioEventLoop.processSelectedKeys(NioEventLoop.java:496)
	at org.apache.ratis.thirdparty.io.netty.channel.nio.NioEventLoop.run(NioEventLoop.java:458)
	at org.apache.ratis.thirdparty.io.netty.util.concurrent.SingleThreadEventExecutor$5.run(SingleThreadEventExecutor.java:897)
	at org.apache.ratis.thirdparty.io.netty.util.concurrent.FastThreadLocalRunnable.run(FastThreadLocalRunnable.java:30)
	... 1 more
Caused by: java.net.ConnectException: Connection refused
	... 11 more
2019-10-18 07:24:26,083 [12ad0800-05cb-443c-9fdd-fa1debf04523@group-BCB82A5C07F5-LeaderElection1336] INFO  impl.LeaderElection (LogUtils.java:infoOrTrace(149)) -   Exception 1: {}
java.util.concurrent.ExecutionException: org.apache.ratis.thirdparty.io.grpc.StatusRuntimeException: UNAVAILABLE: io exception
	at java.util.concurrent.FutureTask.report(FutureTask.java:122)
	at java.util.concurrent.FutureTask.get(FutureTask.java:192)
	at org.apache.ratis.server.impl.LeaderElection.waitForResults(LeaderElection.java:259)
	at org.apache.ratis.server.impl.LeaderElection.askForVotes(LeaderElection.java:197)
	at org.apache.ratis.server.impl.LeaderElection.run(LeaderElection.java:133)
	at java.lang.Thread.run(Thread.java:748)
Caused by: org.apache.ratis.thirdparty.io.grpc.StatusRuntimeException: UNAVAILABLE: io exception
	at org.apache.ratis.thirdparty.io.grpc.stub.ClientCalls.toStatusRuntimeException(ClientCalls.java:233)
	at org.apache.ratis.thirdparty.io.grpc.stub.ClientCalls.getUnchecked(ClientCalls.java:214)
	at org.apache.ratis.thirdparty.io.grpc.stub.ClientCalls.blockingUnaryCall(ClientCalls.java:139)
	at org.apache.ratis.proto.grpc.RaftServerProtocolServiceGrpc$RaftServerProtocolServiceBlockingStub.requestVote(RaftServerProtocolServiceGrpc.java:265)
	at org.apache.ratis.grpc.server.GrpcServerProtocolClient.requestVote(GrpcServerProtocolClient.java:99)
	at org.apache.ratis.grpc.server.GrpcService.requestVote(GrpcService.java:204)
	at org.apache.ratis.server.impl.LeaderElection.lambda$submitRequests$1(LeaderElection.java:234)
	at java.util.concurrent.FutureTask.run(FutureTask.java:266)
	at java.util.concurrent.Executors$RunnableAdapter.call(Executors.java:511)
	at java.util.concurrent.FutureTask.run(FutureTask.java:266)
	at java.util.concurrent.ThreadPoolExecutor.runWorker(ThreadPoolExecutor.java:1149)
	at java.util.concurrent.ThreadPoolExecutor$Worker.run(ThreadPoolExecutor.java:624)
	... 1 more
Caused by: org.apache.ratis.thirdparty.io.netty.channel.AbstractChannel$AnnotatedConnectException: Connection refused: /192.168.34.25:45248
	at sun.nio.ch.SocketChannelImpl.checkConnect(Native Method)
	at sun.nio.ch.SocketChannelImpl.finishConnect(SocketChannelImpl.java:717)
	at org.apache.ratis.thirdparty.io.netty.channel.socket.nio.NioSocketChannel.doFinishConnect(NioSocketChannel.java:327)
	at org.apache.ratis.thirdparty.io.netty.channel.nio.AbstractNioChannel$AbstractNioUnsafe.finishConnect(AbstractNioChannel.java:340)
	at org.apache.ratis.thirdparty.io.netty.channel.nio.NioEventLoop.processSelectedKey(NioEventLoop.java:632)
	at org.apache.ratis.thirdparty.io.netty.channel.nio.NioEventLoop.processSelectedKeysOptimized(NioEventLoop.java:579)
	at org.apache.ratis.thirdparty.io.netty.channel.nio.NioEventLoop.processSelectedKeys(NioEventLoop.java:496)
	at org.apache.ratis.thirdparty.io.netty.channel.nio.NioEventLoop.run(NioEventLoop.java:458)
	at org.apache.ratis.thirdparty.io.netty.util.concurrent.SingleThreadEventExecutor$5.run(SingleThreadEventExecutor.java:897)
	at org.apache.ratis.thirdparty.io.netty.util.concurrent.FastThreadLocalRunnable.run(FastThreadLocalRunnable.java:30)
	... 1 more
Caused by: java.net.ConnectException: Connection refused
	... 11 more
2019-10-18 07:24:26,083 [12ad0800-05cb-443c-9fdd-fa1debf04523@group-BCB82A5C07F5-LeaderElection1336] INFO  impl.RaftServerImpl (RaftServerImpl.java:setRole(184)) - 12ad0800-05cb-443c-9fdd-fa1debf04523@group-BCB82A5C07F5: changes role from CANDIDATE to FOLLOWER at term 280 for DISCOVERED_A_NEW_TERM
2019-10-18 07:24:26,083 [12ad0800-05cb-443c-9fdd-fa1debf04523@group-BCB82A5C07F5-LeaderElection1336] INFO  impl.RoleInfo (RoleInfo.java:shutdownLeaderElection(134)) - 12ad0800-05cb-443c-9fdd-fa1debf04523: shutdown LeaderElection
2019-10-18 07:24:26,083 [12ad0800-05cb-443c-9fdd-fa1debf04523@group-BCB82A5C07F5-LeaderElection1336] INFO  impl.RoleInfo (RoleInfo.java:updateAndGet(143)) - 12ad0800-05cb-443c-9fdd-fa1debf04523: start FollowerState
2019-10-18 07:24:26,244 [Thread-11242] INFO  impl.FollowerState (FollowerState.java:run(108)) - 12ad0800-05cb-443c-9fdd-fa1debf04523@group-BCB82A5C07F5-FollowerState: change to CANDIDATE, lastRpcTime:160ms, electionTimeout:160ms
2019-10-18 07:24:26,244 [Thread-11242] INFO  impl.RoleInfo (RoleInfo.java:shutdownFollowerState(121)) - 12ad0800-05cb-443c-9fdd-fa1debf04523: shutdown FollowerState
2019-10-18 07:24:26,244 [Thread-11242] INFO  impl.RaftServerImpl (RaftServerImpl.java:setRole(184)) - 12ad0800-05cb-443c-9fdd-fa1debf04523@group-BCB82A5C07F5: changes role from  FOLLOWER to CANDIDATE at term 280 for changeToCandidate
2019-10-18 07:24:26,244 [Thread-11242] INFO  impl.RoleInfo (RoleInfo.java:updateAndGet(143)) - 12ad0800-05cb-443c-9fdd-fa1debf04523: start LeaderElection
2019-10-18 07:24:26,268 [java.util.concurrent.ThreadPoolExecutor$Worker@1ddf09da[State = -1, empty queue]] WARN  server.GrpcLogAppender (GrpcLogAppender.java:timeoutAppendRequest(209)) - 030c2313-1c2c-4b42-81fb-cb58ee93f992@group-E193FE271C99->9712a796-5281-4f3e-ac85-61dedd90db73-GrpcLogAppender: appendEntries Timeout, request=030c2313-1c2c-4b42-81fb-cb58ee93f992->9712a796-5281-4f3e-ac85-61dedd90db73#79-t1, previous=(t:1, i:10), leaderCommit=10, initializing? false, entries: <empty>
2019-10-18 07:24:26,274 [12ad0800-05cb-443c-9fdd-fa1debf04523@group-BCB82A5C07F5-LeaderElection1337] INFO  impl.LeaderElection (LeaderElection.java:askForVotes(178)) - 12ad0800-05cb-443c-9fdd-fa1debf04523@group-BCB82A5C07F5-LeaderElection1337: begin an election at term 281 for -1: [12ad0800-05cb-443c-9fdd-fa1debf04523:192.168.34.25:41155, 5170c5f3-8499-4b42-9321-85fc8a351f79:192.168.34.25:43074, 0b10a9fc-47eb-4a2b-b664-8273d9d17379:192.168.34.25:45248], old=null
2019-10-18 07:24:26,275 [12ad0800-05cb-443c-9fdd-fa1debf04523@group-BCB82A5C07F5-LeaderElection1337] INFO  impl.LeaderElection (LogUtils.java:infoOrTrace(149)) - 12ad0800-05cb-443c-9fdd-fa1debf04523@group-BCB82A5C07F5-LeaderElection1337 got exception when requesting votes: {}
java.util.concurrent.ExecutionException: org.apache.ratis.thirdparty.io.grpc.StatusRuntimeException: UNAVAILABLE: io exception
	at java.util.concurrent.FutureTask.report(FutureTask.java:122)
	at java.util.concurrent.FutureTask.get(FutureTask.java:192)
	at org.apache.ratis.server.impl.LeaderElection.waitForResults(LeaderElection.java:259)
	at org.apache.ratis.server.impl.LeaderElection.askForVotes(LeaderElection.java:197)
	at org.apache.ratis.server.impl.LeaderElection.run(LeaderElection.java:133)
	at java.lang.Thread.run(Thread.java:748)
Caused by: org.apache.ratis.thirdparty.io.grpc.StatusRuntimeException: UNAVAILABLE: io exception
	at org.apache.ratis.thirdparty.io.grpc.stub.ClientCalls.toStatusRuntimeException(ClientCalls.java:233)
	at org.apache.ratis.thirdparty.io.grpc.stub.ClientCalls.getUnchecked(ClientCalls.java:214)
	at org.apache.ratis.thirdparty.io.grpc.stub.ClientCalls.blockingUnaryCall(ClientCalls.java:139)
	at org.apache.ratis.proto.grpc.RaftServerProtocolServiceGrpc$RaftServerProtocolServiceBlockingStub.requestVote(RaftServerProtocolServiceGrpc.java:265)
	at org.apache.ratis.grpc.server.GrpcServerProtocolClient.requestVote(GrpcServerProtocolClient.java:99)
	at org.apache.ratis.grpc.server.GrpcService.requestVote(GrpcService.java:204)
	at org.apache.ratis.server.impl.LeaderElection.lambda$submitRequests$1(LeaderElection.java:234)
	at java.util.concurrent.FutureTask.run(FutureTask.java:266)
	at java.util.concurrent.Executors$RunnableAdapter.call(Executors.java:511)
	at java.util.concurrent.FutureTask.run(FutureTask.java:266)
	at java.util.concurrent.ThreadPoolExecutor.runWorker(ThreadPoolExecutor.java:1149)
	at java.util.concurrent.ThreadPoolExecutor$Worker.run(ThreadPoolExecutor.java:624)
	... 1 more
Caused by: org.apache.ratis.thirdparty.io.netty.channel.AbstractChannel$AnnotatedConnectException: Connection refused: /192.168.34.25:43074
	at sun.nio.ch.SocketChannelImpl.checkConnect(Native Method)
	at sun.nio.ch.SocketChannelImpl.finishConnect(SocketChannelImpl.java:717)
	at org.apache.ratis.thirdparty.io.netty.channel.socket.nio.NioSocketChannel.doFinishConnect(NioSocketChannel.java:327)
	at org.apache.ratis.thirdparty.io.netty.channel.nio.AbstractNioChannel$AbstractNioUnsafe.finishConnect(AbstractNioChannel.java:340)
	at org.apache.ratis.thirdparty.io.netty.channel.nio.NioEventLoop.processSelectedKey(NioEventLoop.java:632)
	at org.apache.ratis.thirdparty.io.netty.channel.nio.NioEventLoop.processSelectedKeysOptimized(NioEventLoop.java:579)
	at org.apache.ratis.thirdparty.io.netty.channel.nio.NioEventLoop.processSelectedKeys(NioEventLoop.java:496)
	at org.apache.ratis.thirdparty.io.netty.channel.nio.NioEventLoop.run(NioEventLoop.java:458)
	at org.apache.ratis.thirdparty.io.netty.util.concurrent.SingleThreadEventExecutor$5.run(SingleThreadEventExecutor.java:897)
	at org.apache.ratis.thirdparty.io.netty.util.concurrent.FastThreadLocalRunnable.run(FastThreadLocalRunnable.java:30)
	... 1 more
Caused by: java.net.ConnectException: Connection refused
	... 11 more
2019-10-18 07:24:26,275 [12ad0800-05cb-443c-9fdd-fa1debf04523@group-BCB82A5C07F5-LeaderElection1337] INFO  impl.LeaderElection (LogUtils.java:infoOrTrace(149)) - 12ad0800-05cb-443c-9fdd-fa1debf04523@group-BCB82A5C07F5-LeaderElection1337 got exception when requesting votes: {}
java.util.concurrent.ExecutionException: org.apache.ratis.thirdparty.io.grpc.StatusRuntimeException: UNAVAILABLE: io exception
	at java.util.concurrent.FutureTask.report(FutureTask.java:122)
	at java.util.concurrent.FutureTask.get(FutureTask.java:192)
	at org.apache.ratis.server.impl.LeaderElection.waitForResults(LeaderElection.java:259)
	at org.apache.ratis.server.impl.LeaderElection.askForVotes(LeaderElection.java:197)
	at org.apache.ratis.server.impl.LeaderElection.run(LeaderElection.java:133)
	at java.lang.Thread.run(Thread.java:748)
Caused by: org.apache.ratis.thirdparty.io.grpc.StatusRuntimeException: UNAVAILABLE: io exception
	at org.apache.ratis.thirdparty.io.grpc.stub.ClientCalls.toStatusRuntimeException(ClientCalls.java:233)
	at org.apache.ratis.thirdparty.io.grpc.stub.ClientCalls.getUnchecked(ClientCalls.java:214)
	at org.apache.ratis.thirdparty.io.grpc.stub.ClientCalls.blockingUnaryCall(ClientCalls.java:139)
	at org.apache.ratis.proto.grpc.RaftServerProtocolServiceGrpc$RaftServerProtocolServiceBlockingStub.requestVote(RaftServerProtocolServiceGrpc.java:265)
	at org.apache.ratis.grpc.server.GrpcServerProtocolClient.requestVote(GrpcServerProtocolClient.java:99)
	at org.apache.ratis.grpc.server.GrpcService.requestVote(GrpcService.java:204)
	at org.apache.ratis.server.impl.LeaderElection.lambda$submitRequests$1(LeaderElection.java:234)
	at java.util.concurrent.FutureTask.run(FutureTask.java:266)
	at java.util.concurrent.Executors$RunnableAdapter.call(Executors.java:511)
	at java.util.concurrent.FutureTask.run(FutureTask.java:266)
	at java.util.concurrent.ThreadPoolExecutor.runWorker(ThreadPoolExecutor.java:1149)
	at java.util.concurrent.ThreadPoolExecutor$Worker.run(ThreadPoolExecutor.java:624)
	... 1 more
Caused by: org.apache.ratis.thirdparty.io.netty.channel.AbstractChannel$AnnotatedConnectException: Connection refused: /192.168.34.25:45248
	at sun.nio.ch.SocketChannelImpl.checkConnect(Native Method)
	at sun.nio.ch.SocketChannelImpl.finishConnect(SocketChannelImpl.java:717)
	at org.apache.ratis.thirdparty.io.netty.channel.socket.nio.NioSocketChannel.doFinishConnect(NioSocketChannel.java:327)
	at org.apache.ratis.thirdparty.io.netty.channel.nio.AbstractNioChannel$AbstractNioUnsafe.finishConnect(AbstractNioChannel.java:340)
	at org.apache.ratis.thirdparty.io.netty.channel.nio.NioEventLoop.processSelectedKey(NioEventLoop.java:632)
	at org.apache.ratis.thirdparty.io.netty.channel.nio.NioEventLoop.processSelectedKeysOptimized(NioEventLoop.java:579)
	at org.apache.ratis.thirdparty.io.netty.channel.nio.NioEventLoop.processSelectedKeys(NioEventLoop.java:496)
	at org.apache.ratis.thirdparty.io.netty.channel.nio.NioEventLoop.run(NioEventLoop.java:458)
	at org.apache.ratis.thirdparty.io.netty.util.concurrent.SingleThreadEventExecutor$5.run(SingleThreadEventExecutor.java:897)
	at org.apache.ratis.thirdparty.io.netty.util.concurrent.FastThreadLocalRunnable.run(FastThreadLocalRunnable.java:30)
	... 1 more
Caused by: java.net.ConnectException: Connection refused
	... 11 more
2019-10-18 07:24:26,275 [12ad0800-05cb-443c-9fdd-fa1debf04523@group-BCB82A5C07F5-LeaderElection1337] INFO  impl.LeaderElection (LeaderElection.java:logAndReturn(56)) - 12ad0800-05cb-443c-9fdd-fa1debf04523@group-BCB82A5C07F5-LeaderElection1337: Election REJECTED; received 0 response(s) [] and 2 exception(s); 12ad0800-05cb-443c-9fdd-fa1debf04523@group-BCB82A5C07F5:t281, leader=null, voted=12ad0800-05cb-443c-9fdd-fa1debf04523, raftlog=12ad0800-05cb-443c-9fdd-fa1debf04523@group-BCB82A5C07F5-SegmentedRaftLog:OPENED:c-1,f-1,i0, conf=-1: [12ad0800-05cb-443c-9fdd-fa1debf04523:192.168.34.25:41155, 5170c5f3-8499-4b42-9321-85fc8a351f79:192.168.34.25:43074, 0b10a9fc-47eb-4a2b-b664-8273d9d17379:192.168.34.25:45248], old=null
2019-10-18 07:24:26,276 [12ad0800-05cb-443c-9fdd-fa1debf04523@group-BCB82A5C07F5-LeaderElection1337] INFO  impl.LeaderElection (LogUtils.java:infoOrTrace(149)) -   Exception 0: {}
java.util.concurrent.ExecutionException: org.apache.ratis.thirdparty.io.grpc.StatusRuntimeException: UNAVAILABLE: io exception
	at java.util.concurrent.FutureTask.report(FutureTask.java:122)
	at java.util.concurrent.FutureTask.get(FutureTask.java:192)
	at org.apache.ratis.server.impl.LeaderElection.waitForResults(LeaderElection.java:259)
	at org.apache.ratis.server.impl.LeaderElection.askForVotes(LeaderElection.java:197)
	at org.apache.ratis.server.impl.LeaderElection.run(LeaderElection.java:133)
	at java.lang.Thread.run(Thread.java:748)
Caused by: org.apache.ratis.thirdparty.io.grpc.StatusRuntimeException: UNAVAILABLE: io exception
	at org.apache.ratis.thirdparty.io.grpc.stub.ClientCalls.toStatusRuntimeException(ClientCalls.java:233)
	at org.apache.ratis.thirdparty.io.grpc.stub.ClientCalls.getUnchecked(ClientCalls.java:214)
	at org.apache.ratis.thirdparty.io.grpc.stub.ClientCalls.blockingUnaryCall(ClientCalls.java:139)
	at org.apache.ratis.proto.grpc.RaftServerProtocolServiceGrpc$RaftServerProtocolServiceBlockingStub.requestVote(RaftServerProtocolServiceGrpc.java:265)
	at org.apache.ratis.grpc.server.GrpcServerProtocolClient.requestVote(GrpcServerProtocolClient.java:99)
	at org.apache.ratis.grpc.server.GrpcService.requestVote(GrpcService.java:204)
	at org.apache.ratis.server.impl.LeaderElection.lambda$submitRequests$1(LeaderElection.java:234)
	at java.util.concurrent.FutureTask.run(FutureTask.java:266)
	at java.util.concurrent.Executors$RunnableAdapter.call(Executors.java:511)
	at java.util.concurrent.FutureTask.run(FutureTask.java:266)
	at java.util.concurrent.ThreadPoolExecutor.runWorker(ThreadPoolExecutor.java:1149)
	at java.util.concurrent.ThreadPoolExecutor$Worker.run(ThreadPoolExecutor.java:624)
	... 1 more
Caused by: org.apache.ratis.thirdparty.io.netty.channel.AbstractChannel$AnnotatedConnectException: Connection refused: /192.168.34.25:43074
	at sun.nio.ch.SocketChannelImpl.checkConnect(Native Method)
	at sun.nio.ch.SocketChannelImpl.finishConnect(SocketChannelImpl.java:717)
	at org.apache.ratis.thirdparty.io.netty.channel.socket.nio.NioSocketChannel.doFinishConnect(NioSocketChannel.java:327)
	at org.apache.ratis.thirdparty.io.netty.channel.nio.AbstractNioChannel$AbstractNioUnsafe.finishConnect(AbstractNioChannel.java:340)
	at org.apache.ratis.thirdparty.io.netty.channel.nio.NioEventLoop.processSelectedKey(NioEventLoop.java:632)
	at org.apache.ratis.thirdparty.io.netty.channel.nio.NioEventLoop.processSelectedKeysOptimized(NioEventLoop.java:579)
	at org.apache.ratis.thirdparty.io.netty.channel.nio.NioEventLoop.processSelectedKeys(NioEventLoop.java:496)
	at org.apache.ratis.thirdparty.io.netty.channel.nio.NioEventLoop.run(NioEventLoop.java:458)
	at org.apache.ratis.thirdparty.io.netty.util.concurrent.SingleThreadEventExecutor$5.run(SingleThreadEventExecutor.java:897)
	at org.apache.ratis.thirdparty.io.netty.util.concurrent.FastThreadLocalRunnable.run(FastThreadLocalRunnable.java:30)
	... 1 more
Caused by: java.net.ConnectException: Connection refused
	... 11 more
2019-10-18 07:24:26,276 [12ad0800-05cb-443c-9fdd-fa1debf04523@group-BCB82A5C07F5-LeaderElection1337] INFO  impl.LeaderElection (LogUtils.java:infoOrTrace(149)) -   Exception 1: {}
java.util.concurrent.ExecutionException: org.apache.ratis.thirdparty.io.grpc.StatusRuntimeException: UNAVAILABLE: io exception
	at java.util.concurrent.FutureTask.report(FutureTask.java:122)
	at java.util.concurrent.FutureTask.get(FutureTask.java:192)
	at org.apache.ratis.server.impl.LeaderElection.waitForResults(LeaderElection.java:259)
	at org.apache.ratis.server.impl.LeaderElection.askForVotes(LeaderElection.java:197)
	at org.apache.ratis.server.impl.LeaderElection.run(LeaderElection.java:133)
	at java.lang.Thread.run(Thread.java:748)
Caused by: org.apache.ratis.thirdparty.io.grpc.StatusRuntimeException: UNAVAILABLE: io exception
	at org.apache.ratis.thirdparty.io.grpc.stub.ClientCalls.toStatusRuntimeException(ClientCalls.java:233)
	at org.apache.ratis.thirdparty.io.grpc.stub.ClientCalls.getUnchecked(ClientCalls.java:214)
	at org.apache.ratis.thirdparty.io.grpc.stub.ClientCalls.blockingUnaryCall(ClientCalls.java:139)
	at org.apache.ratis.proto.grpc.RaftServerProtocolServiceGrpc$RaftServerProtocolServiceBlockingStub.requestVote(RaftServerProtocolServiceGrpc.java:265)
	at org.apache.ratis.grpc.server.GrpcServerProtocolClient.requestVote(GrpcServerProtocolClient.java:99)
	at org.apache.ratis.grpc.server.GrpcService.requestVote(GrpcService.java:204)
	at org.apache.ratis.server.impl.LeaderElection.lambda$submitRequests$1(LeaderElection.java:234)
	at java.util.concurrent.FutureTask.run(FutureTask.java:266)
	at java.util.concurrent.Executors$RunnableAdapter.call(Executors.java:511)
	at java.util.concurrent.FutureTask.run(FutureTask.java:266)
	at java.util.concurrent.ThreadPoolExecutor.runWorker(ThreadPoolExecutor.java:1149)
	at java.util.concurrent.ThreadPoolExecutor$Worker.run(ThreadPoolExecutor.java:624)
	... 1 more
Caused by: org.apache.ratis.thirdparty.io.netty.channel.AbstractChannel$AnnotatedConnectException: Connection refused: /192.168.34.25:45248
	at sun.nio.ch.SocketChannelImpl.checkConnect(Native Method)
	at sun.nio.ch.SocketChannelImpl.finishConnect(SocketChannelImpl.java:717)
	at org.apache.ratis.thirdparty.io.netty.channel.socket.nio.NioSocketChannel.doFinishConnect(NioSocketChannel.java:327)
	at org.apache.ratis.thirdparty.io.netty.channel.nio.AbstractNioChannel$AbstractNioUnsafe.finishConnect(AbstractNioChannel.java:340)
	at org.apache.ratis.thirdparty.io.netty.channel.nio.NioEventLoop.processSelectedKey(NioEventLoop.java:632)
	at org.apache.ratis.thirdparty.io.netty.channel.nio.NioEventLoop.processSelectedKeysOptimized(NioEventLoop.java:579)
	at org.apache.ratis.thirdparty.io.netty.channel.nio.NioEventLoop.processSelectedKeys(NioEventLoop.java:496)
	at org.apache.ratis.thirdparty.io.netty.channel.nio.NioEventLoop.run(NioEventLoop.java:458)
	at org.apache.ratis.thirdparty.io.netty.util.concurrent.SingleThreadEventExecutor$5.run(SingleThreadEventExecutor.java:897)
	at org.apache.ratis.thirdparty.io.netty.util.concurrent.FastThreadLocalRunnable.run(FastThreadLocalRunnable.java:30)
	... 1 more
Caused by: java.net.ConnectException: Connection refused
	... 11 more
2019-10-18 07:24:26,276 [12ad0800-05cb-443c-9fdd-fa1debf04523@group-BCB82A5C07F5-LeaderElection1337] INFO  impl.RaftServerImpl (RaftServerImpl.java:setRole(184)) - 12ad0800-05cb-443c-9fdd-fa1debf04523@group-BCB82A5C07F5: changes role from CANDIDATE to FOLLOWER at term 281 for DISCOVERED_A_NEW_TERM
2019-10-18 07:24:26,276 [12ad0800-05cb-443c-9fdd-fa1debf04523@group-BCB82A5C07F5-LeaderElection1337] INFO  impl.RoleInfo (RoleInfo.java:shutdownLeaderElection(134)) - 12ad0800-05cb-443c-9fdd-fa1debf04523: shutdown LeaderElection
2019-10-18 07:24:26,276 [12ad0800-05cb-443c-9fdd-fa1debf04523@group-BCB82A5C07F5-LeaderElection1337] INFO  impl.RoleInfo (RoleInfo.java:updateAndGet(143)) - 12ad0800-05cb-443c-9fdd-fa1debf04523: start FollowerState
2019-10-18 07:24:26,292 [java.util.concurrent.ThreadPoolExecutor$Worker@79ed443[State = -1, empty queue]] WARN  server.GrpcLogAppender (GrpcLogAppender.java:timeoutAppendRequest(209)) - 030c2313-1c2c-4b42-81fb-cb58ee93f992@group-E193FE271C99->716dc1a1-4b82-41d5-9ffe-93d5e40efbd9-GrpcLogAppender: appendEntries Timeout, request=030c2313-1c2c-4b42-81fb-cb58ee93f992->716dc1a1-4b82-41d5-9ffe-93d5e40efbd9#79-t1, previous=(t:1, i:10), leaderCommit=10, initializing? false, entries: <empty>
2019-10-18 07:24:26,362 [Thread-11246] INFO  impl.FollowerState (FollowerState.java:run(108)) - 12ad0800-05cb-443c-9fdd-fa1debf04523@group-BCB82A5C07F5-FollowerState: change to CANDIDATE, lastRpcTime:85ms, electionTimeout:85ms
2019-10-18 07:24:26,362 [Thread-11246] INFO  impl.RoleInfo (RoleInfo.java:shutdownFollowerState(121)) - 12ad0800-05cb-443c-9fdd-fa1debf04523: shutdown FollowerState
2019-10-18 07:24:26,362 [Thread-11246] INFO  impl.RaftServerImpl (RaftServerImpl.java:setRole(184)) - 12ad0800-05cb-443c-9fdd-fa1debf04523@group-BCB82A5C07F5: changes role from  FOLLOWER to CANDIDATE at term 281 for changeToCandidate
2019-10-18 07:24:26,362 [Thread-11246] INFO  impl.RoleInfo (RoleInfo.java:updateAndGet(143)) - 12ad0800-05cb-443c-9fdd-fa1debf04523: start LeaderElection
2019-10-18 07:24:26,385 [12ad0800-05cb-443c-9fdd-fa1debf04523@group-BCB82A5C07F5-LeaderElection1338] INFO  impl.LeaderElection (LeaderElection.java:askForVotes(178)) - 12ad0800-05cb-443c-9fdd-fa1debf04523@group-BCB82A5C07F5-LeaderElection1338: begin an election at term 282 for -1: [12ad0800-05cb-443c-9fdd-fa1debf04523:192.168.34.25:41155, 5170c5f3-8499-4b42-9321-85fc8a351f79:192.168.34.25:43074, 0b10a9fc-47eb-4a2b-b664-8273d9d17379:192.168.34.25:45248], old=null
2019-10-18 07:24:26,385 [12ad0800-05cb-443c-9fdd-fa1debf04523@group-BCB82A5C07F5-LeaderElection1338] INFO  impl.LeaderElection (LogUtils.java:infoOrTrace(149)) - 12ad0800-05cb-443c-9fdd-fa1debf04523@group-BCB82A5C07F5-LeaderElection1338 got exception when requesting votes: {}
java.util.concurrent.ExecutionException: org.apache.ratis.thirdparty.io.grpc.StatusRuntimeException: UNAVAILABLE: io exception
	at java.util.concurrent.FutureTask.report(FutureTask.java:122)
	at java.util.concurrent.FutureTask.get(FutureTask.java:192)
	at org.apache.ratis.server.impl.LeaderElection.waitForResults(LeaderElection.java:259)
	at org.apache.ratis.server.impl.LeaderElection.askForVotes(LeaderElection.java:197)
	at org.apache.ratis.server.impl.LeaderElection.run(LeaderElection.java:133)
	at java.lang.Thread.run(Thread.java:748)
Caused by: org.apache.ratis.thirdparty.io.grpc.StatusRuntimeException: UNAVAILABLE: io exception
	at org.apache.ratis.thirdparty.io.grpc.stub.ClientCalls.toStatusRuntimeException(ClientCalls.java:233)
	at org.apache.ratis.thirdparty.io.grpc.stub.ClientCalls.getUnchecked(ClientCalls.java:214)
	at org.apache.ratis.thirdparty.io.grpc.stub.ClientCalls.blockingUnaryCall(ClientCalls.java:139)
	at org.apache.ratis.proto.grpc.RaftServerProtocolServiceGrpc$RaftServerProtocolServiceBlockingStub.requestVote(RaftServerProtocolServiceGrpc.java:265)
	at org.apache.ratis.grpc.server.GrpcServerProtocolClient.requestVote(GrpcServerProtocolClient.java:99)
	at org.apache.ratis.grpc.server.GrpcService.requestVote(GrpcService.java:204)
	at org.apache.ratis.server.impl.LeaderElection.lambda$submitRequests$1(LeaderElection.java:234)
	at java.util.concurrent.FutureTask.run(FutureTask.java:266)
	at java.util.concurrent.Executors$RunnableAdapter.call(Executors.java:511)
	at java.util.concurrent.FutureTask.run(FutureTask.java:266)
	at java.util.concurrent.ThreadPoolExecutor.runWorker(ThreadPoolExecutor.java:1149)
	at java.util.concurrent.ThreadPoolExecutor$Worker.run(ThreadPoolExecutor.java:624)
	... 1 more
Caused by: org.apache.ratis.thirdparty.io.netty.channel.AbstractChannel$AnnotatedConnectException: Connection refused: /192.168.34.25:43074
	at sun.nio.ch.SocketChannelImpl.checkConnect(Native Method)
	at sun.nio.ch.SocketChannelImpl.finishConnect(SocketChannelImpl.java:717)
	at org.apache.ratis.thirdparty.io.netty.channel.socket.nio.NioSocketChannel.doFinishConnect(NioSocketChannel.java:327)
	at org.apache.ratis.thirdparty.io.netty.channel.nio.AbstractNioChannel$AbstractNioUnsafe.finishConnect(AbstractNioChannel.java:340)
	at org.apache.ratis.thirdparty.io.netty.channel.nio.NioEventLoop.processSelectedKey(NioEventLoop.java:632)
	at org.apache.ratis.thirdparty.io.netty.channel.nio.NioEventLoop.processSelectedKeysOptimized(NioEventLoop.java:579)
	at org.apache.ratis.thirdparty.io.netty.channel.nio.NioEventLoop.processSelectedKeys(NioEventLoop.java:496)
	at org.apache.ratis.thirdparty.io.netty.channel.nio.NioEventLoop.run(NioEventLoop.java:458)
	at org.apache.ratis.thirdparty.io.netty.util.concurrent.SingleThreadEventExecutor$5.run(SingleThreadEventExecutor.java:897)
	at org.apache.ratis.thirdparty.io.netty.util.concurrent.FastThreadLocalRunnable.run(FastThreadLocalRunnable.java:30)
	... 1 more
Caused by: java.net.ConnectException: Connection refused
	... 11 more
2019-10-18 07:24:26,386 [12ad0800-05cb-443c-9fdd-fa1debf04523@group-BCB82A5C07F5-LeaderElection1338] INFO  impl.LeaderElection (LogUtils.java:infoOrTrace(149)) - 12ad0800-05cb-443c-9fdd-fa1debf04523@group-BCB82A5C07F5-LeaderElection1338 got exception when requesting votes: {}
java.util.concurrent.ExecutionException: org.apache.ratis.thirdparty.io.grpc.StatusRuntimeException: UNAVAILABLE: io exception
	at java.util.concurrent.FutureTask.report(FutureTask.java:122)
	at java.util.concurrent.FutureTask.get(FutureTask.java:192)
	at org.apache.ratis.server.impl.LeaderElection.waitForResults(LeaderElection.java:259)
	at org.apache.ratis.server.impl.LeaderElection.askForVotes(LeaderElection.java:197)
	at org.apache.ratis.server.impl.LeaderElection.run(LeaderElection.java:133)
	at java.lang.Thread.run(Thread.java:748)
Caused by: org.apache.ratis.thirdparty.io.grpc.StatusRuntimeException: UNAVAILABLE: io exception
	at org.apache.ratis.thirdparty.io.grpc.stub.ClientCalls.toStatusRuntimeException(ClientCalls.java:233)
	at org.apache.ratis.thirdparty.io.grpc.stub.ClientCalls.getUnchecked(ClientCalls.java:214)
	at org.apache.ratis.thirdparty.io.grpc.stub.ClientCalls.blockingUnaryCall(ClientCalls.java:139)
	at org.apache.ratis.proto.grpc.RaftServerProtocolServiceGrpc$RaftServerProtocolServiceBlockingStub.requestVote(RaftServerProtocolServiceGrpc.java:265)
	at org.apache.ratis.grpc.server.GrpcServerProtocolClient.requestVote(GrpcServerProtocolClient.java:99)
	at org.apache.ratis.grpc.server.GrpcService.requestVote(GrpcService.java:204)
	at org.apache.ratis.server.impl.LeaderElection.lambda$submitRequests$1(LeaderElection.java:234)
	at java.util.concurrent.FutureTask.run(FutureTask.java:266)
	at java.util.concurrent.Executors$RunnableAdapter.call(Executors.java:511)
	at java.util.concurrent.FutureTask.run(FutureTask.java:266)
	at java.util.concurrent.ThreadPoolExecutor.runWorker(ThreadPoolExecutor.java:1149)
	at java.util.concurrent.ThreadPoolExecutor$Worker.run(ThreadPoolExecutor.java:624)
	... 1 more
Caused by: org.apache.ratis.thirdparty.io.netty.channel.AbstractChannel$AnnotatedConnectException: Connection refused: /192.168.34.25:45248
	at sun.nio.ch.SocketChannelImpl.checkConnect(Native Method)
	at sun.nio.ch.SocketChannelImpl.finishConnect(SocketChannelImpl.java:717)
	at org.apache.ratis.thirdparty.io.netty.channel.socket.nio.NioSocketChannel.doFinishConnect(NioSocketChannel.java:327)
	at org.apache.ratis.thirdparty.io.netty.channel.nio.AbstractNioChannel$AbstractNioUnsafe.finishConnect(AbstractNioChannel.java:340)
	at org.apache.ratis.thirdparty.io.netty.channel.nio.NioEventLoop.processSelectedKey(NioEventLoop.java:632)
	at org.apache.ratis.thirdparty.io.netty.channel.nio.NioEventLoop.processSelectedKeysOptimized(NioEventLoop.java:579)
	at org.apache.ratis.thirdparty.io.netty.channel.nio.NioEventLoop.processSelectedKeys(NioEventLoop.java:496)
	at org.apache.ratis.thirdparty.io.netty.channel.nio.NioEventLoop.run(NioEventLoop.java:458)
	at org.apache.ratis.thirdparty.io.netty.util.concurrent.SingleThreadEventExecutor$5.run(SingleThreadEventExecutor.java:897)
	at org.apache.ratis.thirdparty.io.netty.util.concurrent.FastThreadLocalRunnable.run(FastThreadLocalRunnable.java:30)
	... 1 more
Caused by: java.net.ConnectException: Connection refused
	... 11 more
2019-10-18 07:24:26,386 [12ad0800-05cb-443c-9fdd-fa1debf04523@group-BCB82A5C07F5-LeaderElection1338] INFO  impl.LeaderElection (LeaderElection.java:logAndReturn(56)) - 12ad0800-05cb-443c-9fdd-fa1debf04523@group-BCB82A5C07F5-LeaderElection1338: Election REJECTED; received 0 response(s) [] and 2 exception(s); 12ad0800-05cb-443c-9fdd-fa1debf04523@group-BCB82A5C07F5:t282, leader=null, voted=12ad0800-05cb-443c-9fdd-fa1debf04523, raftlog=12ad0800-05cb-443c-9fdd-fa1debf04523@group-BCB82A5C07F5-SegmentedRaftLog:OPENED:c-1,f-1,i0, conf=-1: [12ad0800-05cb-443c-9fdd-fa1debf04523:192.168.34.25:41155, 5170c5f3-8499-4b42-9321-85fc8a351f79:192.168.34.25:43074, 0b10a9fc-47eb-4a2b-b664-8273d9d17379:192.168.34.25:45248], old=null
2019-10-18 07:24:26,386 [12ad0800-05cb-443c-9fdd-fa1debf04523@group-BCB82A5C07F5-LeaderElection1338] INFO  impl.LeaderElection (LogUtils.java:infoOrTrace(149)) -   Exception 0: {}
java.util.concurrent.ExecutionException: org.apache.ratis.thirdparty.io.grpc.StatusRuntimeException: UNAVAILABLE: io exception
	at java.util.concurrent.FutureTask.report(FutureTask.java:122)
	at java.util.concurrent.FutureTask.get(FutureTask.java:192)
	at org.apache.ratis.server.impl.LeaderElection.waitForResults(LeaderElection.java:259)
	at org.apache.ratis.server.impl.LeaderElection.askForVotes(LeaderElection.java:197)
	at org.apache.ratis.server.impl.LeaderElection.run(LeaderElection.java:133)
	at java.lang.Thread.run(Thread.java:748)
Caused by: org.apache.ratis.thirdparty.io.grpc.StatusRuntimeException: UNAVAILABLE: io exception
	at org.apache.ratis.thirdparty.io.grpc.stub.ClientCalls.toStatusRuntimeException(ClientCalls.java:233)
	at org.apache.ratis.thirdparty.io.grpc.stub.ClientCalls.getUnchecked(ClientCalls.java:214)
	at org.apache.ratis.thirdparty.io.grpc.stub.ClientCalls.blockingUnaryCall(ClientCalls.java:139)
	at org.apache.ratis.proto.grpc.RaftServerProtocolServiceGrpc$RaftServerProtocolServiceBlockingStub.requestVote(RaftServerProtocolServiceGrpc.java:265)
	at org.apache.ratis.grpc.server.GrpcServerProtocolClient.requestVote(GrpcServerProtocolClient.java:99)
	at org.apache.ratis.grpc.server.GrpcService.requestVote(GrpcService.java:204)
	at org.apache.ratis.server.impl.LeaderElection.lambda$submitRequests$1(LeaderElection.java:234)
	at java.util.concurrent.FutureTask.run(FutureTask.java:266)
	at java.util.concurrent.Executors$RunnableAdapter.call(Executors.java:511)
	at java.util.concurrent.FutureTask.run(FutureTask.java:266)
	at java.util.concurrent.ThreadPoolExecutor.runWorker(ThreadPoolExecutor.java:1149)
	at java.util.concurrent.ThreadPoolExecutor$Worker.run(ThreadPoolExecutor.java:624)
	... 1 more
Caused by: org.apache.ratis.thirdparty.io.netty.channel.AbstractChannel$AnnotatedConnectException: Connection refused: /192.168.34.25:43074
	at sun.nio.ch.SocketChannelImpl.checkConnect(Native Method)
	at sun.nio.ch.SocketChannelImpl.finishConnect(SocketChannelImpl.java:717)
	at org.apache.ratis.thirdparty.io.netty.channel.socket.nio.NioSocketChannel.doFinishConnect(NioSocketChannel.java:327)
	at org.apache.ratis.thirdparty.io.netty.channel.nio.AbstractNioChannel$AbstractNioUnsafe.finishConnect(AbstractNioChannel.java:340)
	at org.apache.ratis.thirdparty.io.netty.channel.nio.NioEventLoop.processSelectedKey(NioEventLoop.java:632)
	at org.apache.ratis.thirdparty.io.netty.channel.nio.NioEventLoop.processSelectedKeysOptimized(NioEventLoop.java:579)
	at org.apache.ratis.thirdparty.io.netty.channel.nio.NioEventLoop.processSelectedKeys(NioEventLoop.java:496)
	at org.apache.ratis.thirdparty.io.netty.channel.nio.NioEventLoop.run(NioEventLoop.java:458)
	at org.apache.ratis.thirdparty.io.netty.util.concurrent.SingleThreadEventExecutor$5.run(SingleThreadEventExecutor.java:897)
	at org.apache.ratis.thirdparty.io.netty.util.concurrent.FastThreadLocalRunnable.run(FastThreadLocalRunnable.java:30)
	... 1 more
Caused by: java.net.ConnectException: Connection refused
	... 11 more
2019-10-18 07:24:26,386 [12ad0800-05cb-443c-9fdd-fa1debf04523@group-BCB82A5C07F5-LeaderElection1338] INFO  impl.LeaderElection (LogUtils.java:infoOrTrace(149)) -   Exception 1: {}
java.util.concurrent.ExecutionException: org.apache.ratis.thirdparty.io.grpc.StatusRuntimeException: UNAVAILABLE: io exception
	at java.util.concurrent.FutureTask.report(FutureTask.java:122)
	at java.util.concurrent.FutureTask.get(FutureTask.java:192)
	at org.apache.ratis.server.impl.LeaderElection.waitForResults(LeaderElection.java:259)
	at org.apache.ratis.server.impl.LeaderElection.askForVotes(LeaderElection.java:197)
	at org.apache.ratis.server.impl.LeaderElection.run(LeaderElection.java:133)
	at java.lang.Thread.run(Thread.java:748)
Caused by: org.apache.ratis.thirdparty.io.grpc.StatusRuntimeException: UNAVAILABLE: io exception
	at org.apache.ratis.thirdparty.io.grpc.stub.ClientCalls.toStatusRuntimeException(ClientCalls.java:233)
	at org.apache.ratis.thirdparty.io.grpc.stub.ClientCalls.getUnchecked(ClientCalls.java:214)
	at org.apache.ratis.thirdparty.io.grpc.stub.ClientCalls.blockingUnaryCall(ClientCalls.java:139)
	at org.apache.ratis.proto.grpc.RaftServerProtocolServiceGrpc$RaftServerProtocolServiceBlockingStub.requestVote(RaftServerProtocolServiceGrpc.java:265)
	at org.apache.ratis.grpc.server.GrpcServerProtocolClient.requestVote(GrpcServerProtocolClient.java:99)
	at org.apache.ratis.grpc.server.GrpcService.requestVote(GrpcService.java:204)
	at org.apache.ratis.server.impl.LeaderElection.lambda$submitRequests$1(LeaderElection.java:234)
	at java.util.concurrent.FutureTask.run(FutureTask.java:266)
	at java.util.concurrent.Executors$RunnableAdapter.call(Executors.java:511)
	at java.util.concurrent.FutureTask.run(FutureTask.java:266)
	at java.util.concurrent.ThreadPoolExecutor.runWorker(ThreadPoolExecutor.java:1149)
	at java.util.concurrent.ThreadPoolExecutor$Worker.run(ThreadPoolExecutor.java:624)
	... 1 more
Caused by: org.apache.ratis.thirdparty.io.netty.channel.AbstractChannel$AnnotatedConnectException: Connection refused: /192.168.34.25:45248
	at sun.nio.ch.SocketChannelImpl.checkConnect(Native Method)
	at sun.nio.ch.SocketChannelImpl.finishConnect(SocketChannelImpl.java:717)
	at org.apache.ratis.thirdparty.io.netty.channel.socket.nio.NioSocketChannel.doFinishConnect(NioSocketChannel.java:327)
	at org.apache.ratis.thirdparty.io.netty.channel.nio.AbstractNioChannel$AbstractNioUnsafe.finishConnect(AbstractNioChannel.java:340)
	at org.apache.ratis.thirdparty.io.netty.channel.nio.NioEventLoop.processSelectedKey(NioEventLoop.java:632)
	at org.apache.ratis.thirdparty.io.netty.channel.nio.NioEventLoop.processSelectedKeysOptimized(NioEventLoop.java:579)
	at org.apache.ratis.thirdparty.io.netty.channel.nio.NioEventLoop.processSelectedKeys(NioEventLoop.java:496)
	at org.apache.ratis.thirdparty.io.netty.channel.nio.NioEventLoop.run(NioEventLoop.java:458)
	at org.apache.ratis.thirdparty.io.netty.util.concurrent.SingleThreadEventExecutor$5.run(SingleThreadEventExecutor.java:897)
	at org.apache.ratis.thirdparty.io.netty.util.concurrent.FastThreadLocalRunnable.run(FastThreadLocalRunnable.java:30)
	... 1 more
Caused by: java.net.ConnectException: Connection refused
	... 11 more
2019-10-18 07:24:26,387 [12ad0800-05cb-443c-9fdd-fa1debf04523@group-BCB82A5C07F5-LeaderElection1338] INFO  impl.RaftServerImpl (RaftServerImpl.java:setRole(184)) - 12ad0800-05cb-443c-9fdd-fa1debf04523@group-BCB82A5C07F5: changes role from CANDIDATE to FOLLOWER at term 282 for DISCOVERED_A_NEW_TERM
2019-10-18 07:24:26,387 [12ad0800-05cb-443c-9fdd-fa1debf04523@group-BCB82A5C07F5-LeaderElection1338] INFO  impl.RoleInfo (RoleInfo.java:shutdownLeaderElection(134)) - 12ad0800-05cb-443c-9fdd-fa1debf04523: shutdown LeaderElection
2019-10-18 07:24:26,387 [12ad0800-05cb-443c-9fdd-fa1debf04523@group-BCB82A5C07F5-LeaderElection1338] INFO  impl.RoleInfo (RoleInfo.java:updateAndGet(143)) - 12ad0800-05cb-443c-9fdd-fa1debf04523: start FollowerState
2019-10-18 07:24:26,459 [Thread-11250] INFO  impl.FollowerState (FollowerState.java:run(108)) - 12ad0800-05cb-443c-9fdd-fa1debf04523@group-BCB82A5C07F5-FollowerState: change to CANDIDATE, lastRpcTime:72ms, electionTimeout:72ms
2019-10-18 07:24:26,459 [Thread-11250] INFO  impl.RoleInfo (RoleInfo.java:shutdownFollowerState(121)) - 12ad0800-05cb-443c-9fdd-fa1debf04523: shutdown FollowerState
2019-10-18 07:24:26,459 [Thread-11250] INFO  impl.RaftServerImpl (RaftServerImpl.java:setRole(184)) - 12ad0800-05cb-443c-9fdd-fa1debf04523@group-BCB82A5C07F5: changes role from  FOLLOWER to CANDIDATE at term 282 for changeToCandidate
2019-10-18 07:24:26,459 [Thread-11250] INFO  impl.RoleInfo (RoleInfo.java:updateAndGet(143)) - 12ad0800-05cb-443c-9fdd-fa1debf04523: start LeaderElection
2019-10-18 07:24:26,485 [12ad0800-05cb-443c-9fdd-fa1debf04523@group-BCB82A5C07F5-LeaderElection1339] INFO  impl.LeaderElection (LeaderElection.java:askForVotes(178)) - 12ad0800-05cb-443c-9fdd-fa1debf04523@group-BCB82A5C07F5-LeaderElection1339: begin an election at term 283 for -1: [12ad0800-05cb-443c-9fdd-fa1debf04523:192.168.34.25:41155, 5170c5f3-8499-4b42-9321-85fc8a351f79:192.168.34.25:43074, 0b10a9fc-47eb-4a2b-b664-8273d9d17379:192.168.34.25:45248], old=null
2019-10-18 07:24:26,485 [12ad0800-05cb-443c-9fdd-fa1debf04523@group-BCB82A5C07F5-LeaderElection1339] INFO  impl.LeaderElection (LogUtils.java:infoOrTrace(149)) - 12ad0800-05cb-443c-9fdd-fa1debf04523@group-BCB82A5C07F5-LeaderElection1339 got exception when requesting votes: {}
java.util.concurrent.ExecutionException: org.apache.ratis.thirdparty.io.grpc.StatusRuntimeException: UNAVAILABLE: io exception
	at java.util.concurrent.FutureTask.report(FutureTask.java:122)
	at java.util.concurrent.FutureTask.get(FutureTask.java:192)
	at org.apache.ratis.server.impl.LeaderElection.waitForResults(LeaderElection.java:259)
	at org.apache.ratis.server.impl.LeaderElection.askForVotes(LeaderElection.java:197)
	at org.apache.ratis.server.impl.LeaderElection.run(LeaderElection.java:133)
	at java.lang.Thread.run(Thread.java:748)
Caused by: org.apache.ratis.thirdparty.io.grpc.StatusRuntimeException: UNAVAILABLE: io exception
	at org.apache.ratis.thirdparty.io.grpc.stub.ClientCalls.toStatusRuntimeException(ClientCalls.java:233)
	at org.apache.ratis.thirdparty.io.grpc.stub.ClientCalls.getUnchecked(ClientCalls.java:214)
	at org.apache.ratis.thirdparty.io.grpc.stub.ClientCalls.blockingUnaryCall(ClientCalls.java:139)
	at org.apache.ratis.proto.grpc.RaftServerProtocolServiceGrpc$RaftServerProtocolServiceBlockingStub.requestVote(RaftServerProtocolServiceGrpc.java:265)
	at org.apache.ratis.grpc.server.GrpcServerProtocolClient.requestVote(GrpcServerProtocolClient.java:99)
	at org.apache.ratis.grpc.server.GrpcService.requestVote(GrpcService.java:204)
	at org.apache.ratis.server.impl.LeaderElection.lambda$submitRequests$1(LeaderElection.java:234)
	at java.util.concurrent.FutureTask.run(FutureTask.java:266)
	at java.util.concurrent.Executors$RunnableAdapter.call(Executors.java:511)
	at java.util.concurrent.FutureTask.run(FutureTask.java:266)
	at java.util.concurrent.ThreadPoolExecutor.runWorker(ThreadPoolExecutor.java:1149)
	at java.util.concurrent.ThreadPoolExecutor$Worker.run(ThreadPoolExecutor.java:624)
	... 1 more
Caused by: org.apache.ratis.thirdparty.io.netty.channel.AbstractChannel$AnnotatedConnectException: Connection refused: /192.168.34.25:43074
	at sun.nio.ch.SocketChannelImpl.checkConnect(Native Method)
	at sun.nio.ch.SocketChannelImpl.finishConnect(SocketChannelImpl.java:717)
	at org.apache.ratis.thirdparty.io.netty.channel.socket.nio.NioSocketChannel.doFinishConnect(NioSocketChannel.java:327)
	at org.apache.ratis.thirdparty.io.netty.channel.nio.AbstractNioChannel$AbstractNioUnsafe.finishConnect(AbstractNioChannel.java:340)
	at org.apache.ratis.thirdparty.io.netty.channel.nio.NioEventLoop.processSelectedKey(NioEventLoop.java:632)
	at org.apache.ratis.thirdparty.io.netty.channel.nio.NioEventLoop.processSelectedKeysOptimized(NioEventLoop.java:579)
	at org.apache.ratis.thirdparty.io.netty.channel.nio.NioEventLoop.processSelectedKeys(NioEventLoop.java:496)
	at org.apache.ratis.thirdparty.io.netty.channel.nio.NioEventLoop.run(NioEventLoop.java:458)
	at org.apache.ratis.thirdparty.io.netty.util.concurrent.SingleThreadEventExecutor$5.run(SingleThreadEventExecutor.java:897)
	at org.apache.ratis.thirdparty.io.netty.util.concurrent.FastThreadLocalRunnable.run(FastThreadLocalRunnable.java:30)
	... 1 more
Caused by: java.net.ConnectException: Connection refused
	... 11 more
2019-10-18 07:24:26,486 [12ad0800-05cb-443c-9fdd-fa1debf04523@group-BCB82A5C07F5-LeaderElection1339] INFO  impl.LeaderElection (LogUtils.java:infoOrTrace(149)) - 12ad0800-05cb-443c-9fdd-fa1debf04523@group-BCB82A5C07F5-LeaderElection1339 got exception when requesting votes: {}
java.util.concurrent.ExecutionException: org.apache.ratis.thirdparty.io.grpc.StatusRuntimeException: UNAVAILABLE: io exception
	at java.util.concurrent.FutureTask.report(FutureTask.java:122)
	at java.util.concurrent.FutureTask.get(FutureTask.java:192)
	at org.apache.ratis.server.impl.LeaderElection.waitForResults(LeaderElection.java:259)
	at org.apache.ratis.server.impl.LeaderElection.askForVotes(LeaderElection.java:197)
	at org.apache.ratis.server.impl.LeaderElection.run(LeaderElection.java:133)
	at java.lang.Thread.run(Thread.java:748)
Caused by: org.apache.ratis.thirdparty.io.grpc.StatusRuntimeException: UNAVAILABLE: io exception
	at org.apache.ratis.thirdparty.io.grpc.stub.ClientCalls.toStatusRuntimeException(ClientCalls.java:233)
	at org.apache.ratis.thirdparty.io.grpc.stub.ClientCalls.getUnchecked(ClientCalls.java:214)
	at org.apache.ratis.thirdparty.io.grpc.stub.ClientCalls.blockingUnaryCall(ClientCalls.java:139)
	at org.apache.ratis.proto.grpc.RaftServerProtocolServiceGrpc$RaftServerProtocolServiceBlockingStub.requestVote(RaftServerProtocolServiceGrpc.java:265)
	at org.apache.ratis.grpc.server.GrpcServerProtocolClient.requestVote(GrpcServerProtocolClient.java:99)
	at org.apache.ratis.grpc.server.GrpcService.requestVote(GrpcService.java:204)
	at org.apache.ratis.server.impl.LeaderElection.lambda$submitRequests$1(LeaderElection.java:234)
	at java.util.concurrent.FutureTask.run(FutureTask.java:266)
	at java.util.concurrent.Executors$RunnableAdapter.call(Executors.java:511)
	at java.util.concurrent.FutureTask.run(FutureTask.java:266)
	at java.util.concurrent.ThreadPoolExecutor.runWorker(ThreadPoolExecutor.java:1149)
	at java.util.concurrent.ThreadPoolExecutor$Worker.run(ThreadPoolExecutor.java:624)
	... 1 more
Caused by: org.apache.ratis.thirdparty.io.netty.channel.AbstractChannel$AnnotatedConnectException: Connection refused: /192.168.34.25:45248
	at sun.nio.ch.SocketChannelImpl.checkConnect(Native Method)
	at sun.nio.ch.SocketChannelImpl.finishConnect(SocketChannelImpl.java:717)
	at org.apache.ratis.thirdparty.io.netty.channel.socket.nio.NioSocketChannel.doFinishConnect(NioSocketChannel.java:327)
	at org.apache.ratis.thirdparty.io.netty.channel.nio.AbstractNioChannel$AbstractNioUnsafe.finishConnect(AbstractNioChannel.java:340)
	at org.apache.ratis.thirdparty.io.netty.channel.nio.NioEventLoop.processSelectedKey(NioEventLoop.java:632)
	at org.apache.ratis.thirdparty.io.netty.channel.nio.NioEventLoop.processSelectedKeysOptimized(NioEventLoop.java:579)
	at org.apache.ratis.thirdparty.io.netty.channel.nio.NioEventLoop.processSelectedKeys(NioEventLoop.java:496)
	at org.apache.ratis.thirdparty.io.netty.channel.nio.NioEventLoop.run(NioEventLoop.java:458)
	at org.apache.ratis.thirdparty.io.netty.util.concurrent.SingleThreadEventExecutor$5.run(SingleThreadEventExecutor.java:897)
	at org.apache.ratis.thirdparty.io.netty.util.concurrent.FastThreadLocalRunnable.run(FastThreadLocalRunnable.java:30)
	... 1 more
Caused by: java.net.ConnectException: Connection refused
	... 11 more
2019-10-18 07:24:26,486 [12ad0800-05cb-443c-9fdd-fa1debf04523@group-BCB82A5C07F5-LeaderElection1339] INFO  impl.LeaderElection (LeaderElection.java:logAndReturn(56)) - 12ad0800-05cb-443c-9fdd-fa1debf04523@group-BCB82A5C07F5-LeaderElection1339: Election REJECTED; received 0 response(s) [] and 2 exception(s); 12ad0800-05cb-443c-9fdd-fa1debf04523@group-BCB82A5C07F5:t283, leader=null, voted=12ad0800-05cb-443c-9fdd-fa1debf04523, raftlog=12ad0800-05cb-443c-9fdd-fa1debf04523@group-BCB82A5C07F5-SegmentedRaftLog:OPENED:c-1,f-1,i0, conf=-1: [12ad0800-05cb-443c-9fdd-fa1debf04523:192.168.34.25:41155, 5170c5f3-8499-4b42-9321-85fc8a351f79:192.168.34.25:43074, 0b10a9fc-47eb-4a2b-b664-8273d9d17379:192.168.34.25:45248], old=null
2019-10-18 07:24:26,486 [12ad0800-05cb-443c-9fdd-fa1debf04523@group-BCB82A5C07F5-LeaderElection1339] INFO  impl.LeaderElection (LogUtils.java:infoOrTrace(149)) -   Exception 0: {}
java.util.concurrent.ExecutionException: org.apache.ratis.thirdparty.io.grpc.StatusRuntimeException: UNAVAILABLE: io exception
	at java.util.concurrent.FutureTask.report(FutureTask.java:122)
	at java.util.concurrent.FutureTask.get(FutureTask.java:192)
	at org.apache.ratis.server.impl.LeaderElection.waitForResults(LeaderElection.java:259)
	at org.apache.ratis.server.impl.LeaderElection.askForVotes(LeaderElection.java:197)
	at org.apache.ratis.server.impl.LeaderElection.run(LeaderElection.java:133)
	at java.lang.Thread.run(Thread.java:748)
Caused by: org.apache.ratis.thirdparty.io.grpc.StatusRuntimeException: UNAVAILABLE: io exception
	at org.apache.ratis.thirdparty.io.grpc.stub.ClientCalls.toStatusRuntimeException(ClientCalls.java:233)
	at org.apache.ratis.thirdparty.io.grpc.stub.ClientCalls.getUnchecked(ClientCalls.java:214)
	at org.apache.ratis.thirdparty.io.grpc.stub.ClientCalls.blockingUnaryCall(ClientCalls.java:139)
	at org.apache.ratis.proto.grpc.RaftServerProtocolServiceGrpc$RaftServerProtocolServiceBlockingStub.requestVote(RaftServerProtocolServiceGrpc.java:265)
	at org.apache.ratis.grpc.server.GrpcServerProtocolClient.requestVote(GrpcServerProtocolClient.java:99)
	at org.apache.ratis.grpc.server.GrpcService.requestVote(GrpcService.java:204)
	at org.apache.ratis.server.impl.LeaderElection.lambda$submitRequests$1(LeaderElection.java:234)
	at java.util.concurrent.FutureTask.run(FutureTask.java:266)
	at java.util.concurrent.Executors$RunnableAdapter.call(Executors.java:511)
	at java.util.concurrent.FutureTask.run(FutureTask.java:266)
	at java.util.concurrent.ThreadPoolExecutor.runWorker(ThreadPoolExecutor.java:1149)
	at java.util.concurrent.ThreadPoolExecutor$Worker.run(ThreadPoolExecutor.java:624)
	... 1 more
Caused by: org.apache.ratis.thirdparty.io.netty.channel.AbstractChannel$AnnotatedConnectException: Connection refused: /192.168.34.25:43074
	at sun.nio.ch.SocketChannelImpl.checkConnect(Native Method)
	at sun.nio.ch.SocketChannelImpl.finishConnect(SocketChannelImpl.java:717)
	at org.apache.ratis.thirdparty.io.netty.channel.socket.nio.NioSocketChannel.doFinishConnect(NioSocketChannel.java:327)
	at org.apache.ratis.thirdparty.io.netty.channel.nio.AbstractNioChannel$AbstractNioUnsafe.finishConnect(AbstractNioChannel.java:340)
	at org.apache.ratis.thirdparty.io.netty.channel.nio.NioEventLoop.processSelectedKey(NioEventLoop.java:632)
	at org.apache.ratis.thirdparty.io.netty.channel.nio.NioEventLoop.processSelectedKeysOptimized(NioEventLoop.java:579)
	at org.apache.ratis.thirdparty.io.netty.channel.nio.NioEventLoop.processSelectedKeys(NioEventLoop.java:496)
	at org.apache.ratis.thirdparty.io.netty.channel.nio.NioEventLoop.run(NioEventLoop.java:458)
	at org.apache.ratis.thirdparty.io.netty.util.concurrent.SingleThreadEventExecutor$5.run(SingleThreadEventExecutor.java:897)
	at org.apache.ratis.thirdparty.io.netty.util.concurrent.FastThreadLocalRunnable.run(FastThreadLocalRunnable.java:30)
	... 1 more
Caused by: java.net.ConnectException: Connection refused
	... 11 more
2019-10-18 07:24:26,486 [12ad0800-05cb-443c-9fdd-fa1debf04523@group-BCB82A5C07F5-LeaderElection1339] INFO  impl.LeaderElection (LogUtils.java:infoOrTrace(149)) -   Exception 1: {}
java.util.concurrent.ExecutionException: org.apache.ratis.thirdparty.io.grpc.StatusRuntimeException: UNAVAILABLE: io exception
	at java.util.concurrent.FutureTask.report(FutureTask.java:122)
	at java.util.concurrent.FutureTask.get(FutureTask.java:192)
	at org.apache.ratis.server.impl.LeaderElection.waitForResults(LeaderElection.java:259)
	at org.apache.ratis.server.impl.LeaderElection.askForVotes(LeaderElection.java:197)
	at org.apache.ratis.server.impl.LeaderElection.run(LeaderElection.java:133)
	at java.lang.Thread.run(Thread.java:748)
Caused by: org.apache.ratis.thirdparty.io.grpc.StatusRuntimeException: UNAVAILABLE: io exception
	at org.apache.ratis.thirdparty.io.grpc.stub.ClientCalls.toStatusRuntimeException(ClientCalls.java:233)
	at org.apache.ratis.thirdparty.io.grpc.stub.ClientCalls.getUnchecked(ClientCalls.java:214)
	at org.apache.ratis.thirdparty.io.grpc.stub.ClientCalls.blockingUnaryCall(ClientCalls.java:139)
	at org.apache.ratis.proto.grpc.RaftServerProtocolServiceGrpc$RaftServerProtocolServiceBlockingStub.requestVote(RaftServerProtocolServiceGrpc.java:265)
	at org.apache.ratis.grpc.server.GrpcServerProtocolClient.requestVote(GrpcServerProtocolClient.java:99)
	at org.apache.ratis.grpc.server.GrpcService.requestVote(GrpcService.java:204)
	at org.apache.ratis.server.impl.LeaderElection.lambda$submitRequests$1(LeaderElection.java:234)
	at java.util.concurrent.FutureTask.run(FutureTask.java:266)
	at java.util.concurrent.Executors$RunnableAdapter.call(Executors.java:511)
	at java.util.concurrent.FutureTask.run(FutureTask.java:266)
	at java.util.concurrent.ThreadPoolExecutor.runWorker(ThreadPoolExecutor.java:1149)
	at java.util.concurrent.ThreadPoolExecutor$Worker.run(ThreadPoolExecutor.java:624)
	... 1 more
Caused by: org.apache.ratis.thirdparty.io.netty.channel.AbstractChannel$AnnotatedConnectException: Connection refused: /192.168.34.25:45248
	at sun.nio.ch.SocketChannelImpl.checkConnect(Native Method)
	at sun.nio.ch.SocketChannelImpl.finishConnect(SocketChannelImpl.java:717)
	at org.apache.ratis.thirdparty.io.netty.channel.socket.nio.NioSocketChannel.doFinishConnect(NioSocketChannel.java:327)
	at org.apache.ratis.thirdparty.io.netty.channel.nio.AbstractNioChannel$AbstractNioUnsafe.finishConnect(AbstractNioChannel.java:340)
	at org.apache.ratis.thirdparty.io.netty.channel.nio.NioEventLoop.processSelectedKey(NioEventLoop.java:632)
	at org.apache.ratis.thirdparty.io.netty.channel.nio.NioEventLoop.processSelectedKeysOptimized(NioEventLoop.java:579)
	at org.apache.ratis.thirdparty.io.netty.channel.nio.NioEventLoop.processSelectedKeys(NioEventLoop.java:496)
	at org.apache.ratis.thirdparty.io.netty.channel.nio.NioEventLoop.run(NioEventLoop.java:458)
	at org.apache.ratis.thirdparty.io.netty.util.concurrent.SingleThreadEventExecutor$5.run(SingleThreadEventExecutor.java:897)
	at org.apache.ratis.thirdparty.io.netty.util.concurrent.FastThreadLocalRunnable.run(FastThreadLocalRunnable.java:30)
	... 1 more
Caused by: java.net.ConnectException: Connection refused
	... 11 more
2019-10-18 07:24:26,487 [12ad0800-05cb-443c-9fdd-fa1debf04523@group-BCB82A5C07F5-LeaderElection1339] INFO  impl.RaftServerImpl (RaftServerImpl.java:setRole(184)) - 12ad0800-05cb-443c-9fdd-fa1debf04523@group-BCB82A5C07F5: changes role from CANDIDATE to FOLLOWER at term 283 for DISCOVERED_A_NEW_TERM
2019-10-18 07:24:26,487 [12ad0800-05cb-443c-9fdd-fa1debf04523@group-BCB82A5C07F5-LeaderElection1339] INFO  impl.RoleInfo (RoleInfo.java:shutdownLeaderElection(134)) - 12ad0800-05cb-443c-9fdd-fa1debf04523: shutdown LeaderElection
2019-10-18 07:24:26,487 [12ad0800-05cb-443c-9fdd-fa1debf04523@group-BCB82A5C07F5-LeaderElection1339] INFO  impl.RoleInfo (RoleInfo.java:updateAndGet(143)) - 12ad0800-05cb-443c-9fdd-fa1debf04523: start FollowerState
2019-10-18 07:24:26,583 [Thread-11254] INFO  impl.FollowerState (FollowerState.java:run(108)) - 12ad0800-05cb-443c-9fdd-fa1debf04523@group-BCB82A5C07F5-FollowerState: change to CANDIDATE, lastRpcTime:96ms, electionTimeout:96ms
2019-10-18 07:24:26,583 [Thread-11254] INFO  impl.RoleInfo (RoleInfo.java:shutdownFollowerState(121)) - 12ad0800-05cb-443c-9fdd-fa1debf04523: shutdown FollowerState
2019-10-18 07:24:26,583 [Thread-11254] INFO  impl.RaftServerImpl (RaftServerImpl.java:setRole(184)) - 12ad0800-05cb-443c-9fdd-fa1debf04523@group-BCB82A5C07F5: changes role from  FOLLOWER to CANDIDATE at term 283 for changeToCandidate
2019-10-18 07:24:26,583 [Thread-11254] INFO  impl.RoleInfo (RoleInfo.java:updateAndGet(143)) - 12ad0800-05cb-443c-9fdd-fa1debf04523: start LeaderElection
2019-10-18 07:24:26,612 [12ad0800-05cb-443c-9fdd-fa1debf04523@group-BCB82A5C07F5-LeaderElection1340] INFO  impl.LeaderElection (LeaderElection.java:askForVotes(178)) - 12ad0800-05cb-443c-9fdd-fa1debf04523@group-BCB82A5C07F5-LeaderElection1340: begin an election at term 284 for -1: [12ad0800-05cb-443c-9fdd-fa1debf04523:192.168.34.25:41155, 5170c5f3-8499-4b42-9321-85fc8a351f79:192.168.34.25:43074, 0b10a9fc-47eb-4a2b-b664-8273d9d17379:192.168.34.25:45248], old=null
2019-10-18 07:24:26,613 [12ad0800-05cb-443c-9fdd-fa1debf04523@group-BCB82A5C07F5-LeaderElection1340] INFO  impl.LeaderElection (LogUtils.java:infoOrTrace(149)) - 12ad0800-05cb-443c-9fdd-fa1debf04523@group-BCB82A5C07F5-LeaderElection1340 got exception when requesting votes: {}
java.util.concurrent.ExecutionException: org.apache.ratis.thirdparty.io.grpc.StatusRuntimeException: UNAVAILABLE: io exception
	at java.util.concurrent.FutureTask.report(FutureTask.java:122)
	at java.util.concurrent.FutureTask.get(FutureTask.java:192)
	at org.apache.ratis.server.impl.LeaderElection.waitForResults(LeaderElection.java:259)
	at org.apache.ratis.server.impl.LeaderElection.askForVotes(LeaderElection.java:197)
	at org.apache.ratis.server.impl.LeaderElection.run(LeaderElection.java:133)
	at java.lang.Thread.run(Thread.java:748)
Caused by: org.apache.ratis.thirdparty.io.grpc.StatusRuntimeException: UNAVAILABLE: io exception
	at org.apache.ratis.thirdparty.io.grpc.stub.ClientCalls.toStatusRuntimeException(ClientCalls.java:233)
	at org.apache.ratis.thirdparty.io.grpc.stub.ClientCalls.getUnchecked(ClientCalls.java:214)
	at org.apache.ratis.thirdparty.io.grpc.stub.ClientCalls.blockingUnaryCall(ClientCalls.java:139)
	at org.apache.ratis.proto.grpc.RaftServerProtocolServiceGrpc$RaftServerProtocolServiceBlockingStub.requestVote(RaftServerProtocolServiceGrpc.java:265)
	at org.apache.ratis.grpc.server.GrpcServerProtocolClient.requestVote(GrpcServerProtocolClient.java:99)
	at org.apache.ratis.grpc.server.GrpcService.requestVote(GrpcService.java:204)
	at org.apache.ratis.server.impl.LeaderElection.lambda$submitRequests$1(LeaderElection.java:234)
	at java.util.concurrent.FutureTask.run(FutureTask.java:266)
	at java.util.concurrent.Executors$RunnableAdapter.call(Executors.java:511)
	at java.util.concurrent.FutureTask.run(FutureTask.java:266)
	at java.util.concurrent.ThreadPoolExecutor.runWorker(ThreadPoolExecutor.java:1149)
	at java.util.concurrent.ThreadPoolExecutor$Worker.run(ThreadPoolExecutor.java:624)
	... 1 more
Caused by: org.apache.ratis.thirdparty.io.netty.channel.AbstractChannel$AnnotatedConnectException: Connection refused: /192.168.34.25:43074
	at sun.nio.ch.SocketChannelImpl.checkConnect(Native Method)
	at sun.nio.ch.SocketChannelImpl.finishConnect(SocketChannelImpl.java:717)
	at org.apache.ratis.thirdparty.io.netty.channel.socket.nio.NioSocketChannel.doFinishConnect(NioSocketChannel.java:327)
	at org.apache.ratis.thirdparty.io.netty.channel.nio.AbstractNioChannel$AbstractNioUnsafe.finishConnect(AbstractNioChannel.java:340)
	at org.apache.ratis.thirdparty.io.netty.channel.nio.NioEventLoop.processSelectedKey(NioEventLoop.java:632)
	at org.apache.ratis.thirdparty.io.netty.channel.nio.NioEventLoop.processSelectedKeysOptimized(NioEventLoop.java:579)
	at org.apache.ratis.thirdparty.io.netty.channel.nio.NioEventLoop.processSelectedKeys(NioEventLoop.java:496)
	at org.apache.ratis.thirdparty.io.netty.channel.nio.NioEventLoop.run(NioEventLoop.java:458)
	at org.apache.ratis.thirdparty.io.netty.util.concurrent.SingleThreadEventExecutor$5.run(SingleThreadEventExecutor.java:897)
	at org.apache.ratis.thirdparty.io.netty.util.concurrent.FastThreadLocalRunnable.run(FastThreadLocalRunnable.java:30)
	... 1 more
Caused by: java.net.ConnectException: Connection refused
	... 11 more
2019-10-18 07:24:26,613 [12ad0800-05cb-443c-9fdd-fa1debf04523@group-BCB82A5C07F5-LeaderElection1340] INFO  impl.LeaderElection (LogUtils.java:infoOrTrace(149)) - 12ad0800-05cb-443c-9fdd-fa1debf04523@group-BCB82A5C07F5-LeaderElection1340 got exception when requesting votes: {}
java.util.concurrent.ExecutionException: org.apache.ratis.thirdparty.io.grpc.StatusRuntimeException: UNAVAILABLE: io exception
	at java.util.concurrent.FutureTask.report(FutureTask.java:122)
	at java.util.concurrent.FutureTask.get(FutureTask.java:192)
	at org.apache.ratis.server.impl.LeaderElection.waitForResults(LeaderElection.java:259)
	at org.apache.ratis.server.impl.LeaderElection.askForVotes(LeaderElection.java:197)
	at org.apache.ratis.server.impl.LeaderElection.run(LeaderElection.java:133)
	at java.lang.Thread.run(Thread.java:748)
Caused by: org.apache.ratis.thirdparty.io.grpc.StatusRuntimeException: UNAVAILABLE: io exception
	at org.apache.ratis.thirdparty.io.grpc.stub.ClientCalls.toStatusRuntimeException(ClientCalls.java:233)
	at org.apache.ratis.thirdparty.io.grpc.stub.ClientCalls.getUnchecked(ClientCalls.java:214)
	at org.apache.ratis.thirdparty.io.grpc.stub.ClientCalls.blockingUnaryCall(ClientCalls.java:139)
	at org.apache.ratis.proto.grpc.RaftServerProtocolServiceGrpc$RaftServerProtocolServiceBlockingStub.requestVote(RaftServerProtocolServiceGrpc.java:265)
	at org.apache.ratis.grpc.server.GrpcServerProtocolClient.requestVote(GrpcServerProtocolClient.java:99)
	at org.apache.ratis.grpc.server.GrpcService.requestVote(GrpcService.java:204)
	at org.apache.ratis.server.impl.LeaderElection.lambda$submitRequests$1(LeaderElection.java:234)
	at java.util.concurrent.FutureTask.run(FutureTask.java:266)
	at java.util.concurrent.Executors$RunnableAdapter.call(Executors.java:511)
	at java.util.concurrent.FutureTask.run(FutureTask.java:266)
	at java.util.concurrent.ThreadPoolExecutor.runWorker(ThreadPoolExecutor.java:1149)
	at java.util.concurrent.ThreadPoolExecutor$Worker.run(ThreadPoolExecutor.java:624)
	... 1 more
Caused by: org.apache.ratis.thirdparty.io.netty.channel.AbstractChannel$AnnotatedConnectException: Connection refused: /192.168.34.25:45248
	at sun.nio.ch.SocketChannelImpl.checkConnect(Native Method)
	at sun.nio.ch.SocketChannelImpl.finishConnect(SocketChannelImpl.java:717)
	at org.apache.ratis.thirdparty.io.netty.channel.socket.nio.NioSocketChannel.doFinishConnect(NioSocketChannel.java:327)
	at org.apache.ratis.thirdparty.io.netty.channel.nio.AbstractNioChannel$AbstractNioUnsafe.finishConnect(AbstractNioChannel.java:340)
	at org.apache.ratis.thirdparty.io.netty.channel.nio.NioEventLoop.processSelectedKey(NioEventLoop.java:632)
	at org.apache.ratis.thirdparty.io.netty.channel.nio.NioEventLoop.processSelectedKeysOptimized(NioEventLoop.java:579)
	at org.apache.ratis.thirdparty.io.netty.channel.nio.NioEventLoop.processSelectedKeys(NioEventLoop.java:496)
	at org.apache.ratis.thirdparty.io.netty.channel.nio.NioEventLoop.run(NioEventLoop.java:458)
	at org.apache.ratis.thirdparty.io.netty.util.concurrent.SingleThreadEventExecutor$5.run(SingleThreadEventExecutor.java:897)
	at org.apache.ratis.thirdparty.io.netty.util.concurrent.FastThreadLocalRunnable.run(FastThreadLocalRunnable.java:30)
	... 1 more
Caused by: java.net.ConnectException: Connection refused
	... 11 more
2019-10-18 07:24:26,614 [12ad0800-05cb-443c-9fdd-fa1debf04523@group-BCB82A5C07F5-LeaderElection1340] INFO  impl.LeaderElection (LeaderElection.java:logAndReturn(56)) - 12ad0800-05cb-443c-9fdd-fa1debf04523@group-BCB82A5C07F5-LeaderElection1340: Election REJECTED; received 0 response(s) [] and 2 exception(s); 12ad0800-05cb-443c-9fdd-fa1debf04523@group-BCB82A5C07F5:t284, leader=null, voted=12ad0800-05cb-443c-9fdd-fa1debf04523, raftlog=12ad0800-05cb-443c-9fdd-fa1debf04523@group-BCB82A5C07F5-SegmentedRaftLog:OPENED:c-1,f-1,i0, conf=-1: [12ad0800-05cb-443c-9fdd-fa1debf04523:192.168.34.25:41155, 5170c5f3-8499-4b42-9321-85fc8a351f79:192.168.34.25:43074, 0b10a9fc-47eb-4a2b-b664-8273d9d17379:192.168.34.25:45248], old=null
2019-10-18 07:24:26,614 [12ad0800-05cb-443c-9fdd-fa1debf04523@group-BCB82A5C07F5-LeaderElection1340] INFO  impl.LeaderElection (LogUtils.java:infoOrTrace(149)) -   Exception 0: {}
java.util.concurrent.ExecutionException: org.apache.ratis.thirdparty.io.grpc.StatusRuntimeException: UNAVAILABLE: io exception
	at java.util.concurrent.FutureTask.report(FutureTask.java:122)
	at java.util.concurrent.FutureTask.get(FutureTask.java:192)
	at org.apache.ratis.server.impl.LeaderElection.waitForResults(LeaderElection.java:259)
	at org.apache.ratis.server.impl.LeaderElection.askForVotes(LeaderElection.java:197)
	at org.apache.ratis.server.impl.LeaderElection.run(LeaderElection.java:133)
	at java.lang.Thread.run(Thread.java:748)
Caused by: org.apache.ratis.thirdparty.io.grpc.StatusRuntimeException: UNAVAILABLE: io exception
	at org.apache.ratis.thirdparty.io.grpc.stub.ClientCalls.toStatusRuntimeException(ClientCalls.java:233)
	at org.apache.ratis.thirdparty.io.grpc.stub.ClientCalls.getUnchecked(ClientCalls.java:214)
	at org.apache.ratis.thirdparty.io.grpc.stub.ClientCalls.blockingUnaryCall(ClientCalls.java:139)
	at org.apache.ratis.proto.grpc.RaftServerProtocolServiceGrpc$RaftServerProtocolServiceBlockingStub.requestVote(RaftServerProtocolServiceGrpc.java:265)
	at org.apache.ratis.grpc.server.GrpcServerProtocolClient.requestVote(GrpcServerProtocolClient.java:99)
	at org.apache.ratis.grpc.server.GrpcService.requestVote(GrpcService.java:204)
	at org.apache.ratis.server.impl.LeaderElection.lambda$submitRequests$1(LeaderElection.java:234)
	at java.util.concurrent.FutureTask.run(FutureTask.java:266)
	at java.util.concurrent.Executors$RunnableAdapter.call(Executors.java:511)
	at java.util.concurrent.FutureTask.run(FutureTask.java:266)
	at java.util.concurrent.ThreadPoolExecutor.runWorker(ThreadPoolExecutor.java:1149)
	at java.util.concurrent.ThreadPoolExecutor$Worker.run(ThreadPoolExecutor.java:624)
	... 1 more
Caused by: org.apache.ratis.thirdparty.io.netty.channel.AbstractChannel$AnnotatedConnectException: Connection refused: /192.168.34.25:43074
	at sun.nio.ch.SocketChannelImpl.checkConnect(Native Method)
	at sun.nio.ch.SocketChannelImpl.finishConnect(SocketChannelImpl.java:717)
	at org.apache.ratis.thirdparty.io.netty.channel.socket.nio.NioSocketChannel.doFinishConnect(NioSocketChannel.java:327)
	at org.apache.ratis.thirdparty.io.netty.channel.nio.AbstractNioChannel$AbstractNioUnsafe.finishConnect(AbstractNioChannel.java:340)
	at org.apache.ratis.thirdparty.io.netty.channel.nio.NioEventLoop.processSelectedKey(NioEventLoop.java:632)
	at org.apache.ratis.thirdparty.io.netty.channel.nio.NioEventLoop.processSelectedKeysOptimized(NioEventLoop.java:579)
	at org.apache.ratis.thirdparty.io.netty.channel.nio.NioEventLoop.processSelectedKeys(NioEventLoop.java:496)
	at org.apache.ratis.thirdparty.io.netty.channel.nio.NioEventLoop.run(NioEventLoop.java:458)
	at org.apache.ratis.thirdparty.io.netty.util.concurrent.SingleThreadEventExecutor$5.run(SingleThreadEventExecutor.java:897)
	at org.apache.ratis.thirdparty.io.netty.util.concurrent.FastThreadLocalRunnable.run(FastThreadLocalRunnable.java:30)
	... 1 more
Caused by: java.net.ConnectException: Connection refused
	... 11 more
2019-10-18 07:24:26,614 [12ad0800-05cb-443c-9fdd-fa1debf04523@group-BCB82A5C07F5-LeaderElection1340] INFO  impl.LeaderElection (LogUtils.java:infoOrTrace(149)) -   Exception 1: {}
java.util.concurrent.ExecutionException: org.apache.ratis.thirdparty.io.grpc.StatusRuntimeException: UNAVAILABLE: io exception
	at java.util.concurrent.FutureTask.report(FutureTask.java:122)
	at java.util.concurrent.FutureTask.get(FutureTask.java:192)
	at org.apache.ratis.server.impl.LeaderElection.waitForResults(LeaderElection.java:259)
	at org.apache.ratis.server.impl.LeaderElection.askForVotes(LeaderElection.java:197)
	at org.apache.ratis.server.impl.LeaderElection.run(LeaderElection.java:133)
	at java.lang.Thread.run(Thread.java:748)
Caused by: org.apache.ratis.thirdparty.io.grpc.StatusRuntimeException: UNAVAILABLE: io exception
	at org.apache.ratis.thirdparty.io.grpc.stub.ClientCalls.toStatusRuntimeException(ClientCalls.java:233)
	at org.apache.ratis.thirdparty.io.grpc.stub.ClientCalls.getUnchecked(ClientCalls.java:214)
	at org.apache.ratis.thirdparty.io.grpc.stub.ClientCalls.blockingUnaryCall(ClientCalls.java:139)
	at org.apache.ratis.proto.grpc.RaftServerProtocolServiceGrpc$RaftServerProtocolServiceBlockingStub.requestVote(RaftServerProtocolServiceGrpc.java:265)
	at org.apache.ratis.grpc.server.GrpcServerProtocolClient.requestVote(GrpcServerProtocolClient.java:99)
	at org.apache.ratis.grpc.server.GrpcService.requestVote(GrpcService.java:204)
	at org.apache.ratis.server.impl.LeaderElection.lambda$submitRequests$1(LeaderElection.java:234)
	at java.util.concurrent.FutureTask.run(FutureTask.java:266)
	at java.util.concurrent.Executors$RunnableAdapter.call(Executors.java:511)
	at java.util.concurrent.FutureTask.run(FutureTask.java:266)
	at java.util.concurrent.ThreadPoolExecutor.runWorker(ThreadPoolExecutor.java:1149)
	at java.util.concurrent.ThreadPoolExecutor$Worker.run(ThreadPoolExecutor.java:624)
	... 1 more
Caused by: org.apache.ratis.thirdparty.io.netty.channel.AbstractChannel$AnnotatedConnectException: Connection refused: /192.168.34.25:45248
	at sun.nio.ch.SocketChannelImpl.checkConnect(Native Method)
	at sun.nio.ch.SocketChannelImpl.finishConnect(SocketChannelImpl.java:717)
	at org.apache.ratis.thirdparty.io.netty.channel.socket.nio.NioSocketChannel.doFinishConnect(NioSocketChannel.java:327)
	at org.apache.ratis.thirdparty.io.netty.channel.nio.AbstractNioChannel$AbstractNioUnsafe.finishConnect(AbstractNioChannel.java:340)
	at org.apache.ratis.thirdparty.io.netty.channel.nio.NioEventLoop.processSelectedKey(NioEventLoop.java:632)
	at org.apache.ratis.thirdparty.io.netty.channel.nio.NioEventLoop.processSelectedKeysOptimized(NioEventLoop.java:579)
	at org.apache.ratis.thirdparty.io.netty.channel.nio.NioEventLoop.processSelectedKeys(NioEventLoop.java:496)
	at org.apache.ratis.thirdparty.io.netty.channel.nio.NioEventLoop.run(NioEventLoop.java:458)
	at org.apache.ratis.thirdparty.io.netty.util.concurrent.SingleThreadEventExecutor$5.run(SingleThreadEventExecutor.java:897)
	at org.apache.ratis.thirdparty.io.netty.util.concurrent.FastThreadLocalRunnable.run(FastThreadLocalRunnable.java:30)
	... 1 more
Caused by: java.net.ConnectException: Connection refused
	... 11 more
2019-10-18 07:24:26,614 [12ad0800-05cb-443c-9fdd-fa1debf04523@group-BCB82A5C07F5-LeaderElection1340] INFO  impl.RaftServerImpl (RaftServerImpl.java:setRole(184)) - 12ad0800-05cb-443c-9fdd-fa1debf04523@group-BCB82A5C07F5: changes role from CANDIDATE to FOLLOWER at term 284 for DISCOVERED_A_NEW_TERM
2019-10-18 07:24:26,615 [12ad0800-05cb-443c-9fdd-fa1debf04523@group-BCB82A5C07F5-LeaderElection1340] INFO  impl.RoleInfo (RoleInfo.java:shutdownLeaderElection(134)) - 12ad0800-05cb-443c-9fdd-fa1debf04523: shutdown LeaderElection
2019-10-18 07:24:26,615 [12ad0800-05cb-443c-9fdd-fa1debf04523@group-BCB82A5C07F5-LeaderElection1340] INFO  impl.RoleInfo (RoleInfo.java:updateAndGet(143)) - 12ad0800-05cb-443c-9fdd-fa1debf04523: start FollowerState
2019-10-18 07:24:26,705 [Thread-11258] INFO  impl.FollowerState (FollowerState.java:run(108)) - 12ad0800-05cb-443c-9fdd-fa1debf04523@group-BCB82A5C07F5-FollowerState: change to CANDIDATE, lastRpcTime:90ms, electionTimeout:90ms
2019-10-18 07:24:26,705 [Thread-11258] INFO  impl.RoleInfo (RoleInfo.java:shutdownFollowerState(121)) - 12ad0800-05cb-443c-9fdd-fa1debf04523: shutdown FollowerState
2019-10-18 07:24:26,705 [Thread-11258] INFO  impl.RaftServerImpl (RaftServerImpl.java:setRole(184)) - 12ad0800-05cb-443c-9fdd-fa1debf04523@group-BCB82A5C07F5: changes role from  FOLLOWER to CANDIDATE at term 284 for changeToCandidate
2019-10-18 07:24:26,705 [Thread-11258] INFO  impl.RoleInfo (RoleInfo.java:updateAndGet(143)) - 12ad0800-05cb-443c-9fdd-fa1debf04523: start LeaderElection
2019-10-18 07:24:26,730 [12ad0800-05cb-443c-9fdd-fa1debf04523@group-BCB82A5C07F5-LeaderElection1341] INFO  impl.LeaderElection (LeaderElection.java:askForVotes(178)) - 12ad0800-05cb-443c-9fdd-fa1debf04523@group-BCB82A5C07F5-LeaderElection1341: begin an election at term 285 for -1: [12ad0800-05cb-443c-9fdd-fa1debf04523:192.168.34.25:41155, 5170c5f3-8499-4b42-9321-85fc8a351f79:192.168.34.25:43074, 0b10a9fc-47eb-4a2b-b664-8273d9d17379:192.168.34.25:45248], old=null
2019-10-18 07:24:26,731 [12ad0800-05cb-443c-9fdd-fa1debf04523@group-BCB82A5C07F5-LeaderElection1341] INFO  impl.LeaderElection (LogUtils.java:infoOrTrace(149)) - 12ad0800-05cb-443c-9fdd-fa1debf04523@group-BCB82A5C07F5-LeaderElection1341 got exception when requesting votes: {}
java.util.concurrent.ExecutionException: org.apache.ratis.thirdparty.io.grpc.StatusRuntimeException: UNAVAILABLE: io exception
	at java.util.concurrent.FutureTask.report(FutureTask.java:122)
	at java.util.concurrent.FutureTask.get(FutureTask.java:192)
	at org.apache.ratis.server.impl.LeaderElection.waitForResults(LeaderElection.java:259)
	at org.apache.ratis.server.impl.LeaderElection.askForVotes(LeaderElection.java:197)
	at org.apache.ratis.server.impl.LeaderElection.run(LeaderElection.java:133)
	at java.lang.Thread.run(Thread.java:748)
Caused by: org.apache.ratis.thirdparty.io.grpc.StatusRuntimeException: UNAVAILABLE: io exception
	at org.apache.ratis.thirdparty.io.grpc.stub.ClientCalls.toStatusRuntimeException(ClientCalls.java:233)
	at org.apache.ratis.thirdparty.io.grpc.stub.ClientCalls.getUnchecked(ClientCalls.java:214)
	at org.apache.ratis.thirdparty.io.grpc.stub.ClientCalls.blockingUnaryCall(ClientCalls.java:139)
	at org.apache.ratis.proto.grpc.RaftServerProtocolServiceGrpc$RaftServerProtocolServiceBlockingStub.requestVote(RaftServerProtocolServiceGrpc.java:265)
	at org.apache.ratis.grpc.server.GrpcServerProtocolClient.requestVote(GrpcServerProtocolClient.java:99)
	at org.apache.ratis.grpc.server.GrpcService.requestVote(GrpcService.java:204)
	at org.apache.ratis.server.impl.LeaderElection.lambda$submitRequests$1(LeaderElection.java:234)
	at java.util.concurrent.FutureTask.run(FutureTask.java:266)
	at java.util.concurrent.Executors$RunnableAdapter.call(Executors.java:511)
	at java.util.concurrent.FutureTask.run(FutureTask.java:266)
	at java.util.concurrent.ThreadPoolExecutor.runWorker(ThreadPoolExecutor.java:1149)
	at java.util.concurrent.ThreadPoolExecutor$Worker.run(ThreadPoolExecutor.java:624)
	... 1 more
Caused by: org.apache.ratis.thirdparty.io.netty.channel.AbstractChannel$AnnotatedConnectException: Connection refused: /192.168.34.25:43074
	at sun.nio.ch.SocketChannelImpl.checkConnect(Native Method)
	at sun.nio.ch.SocketChannelImpl.finishConnect(SocketChannelImpl.java:717)
	at org.apache.ratis.thirdparty.io.netty.channel.socket.nio.NioSocketChannel.doFinishConnect(NioSocketChannel.java:327)
	at org.apache.ratis.thirdparty.io.netty.channel.nio.AbstractNioChannel$AbstractNioUnsafe.finishConnect(AbstractNioChannel.java:340)
	at org.apache.ratis.thirdparty.io.netty.channel.nio.NioEventLoop.processSelectedKey(NioEventLoop.java:632)
	at org.apache.ratis.thirdparty.io.netty.channel.nio.NioEventLoop.processSelectedKeysOptimized(NioEventLoop.java:579)
	at org.apache.ratis.thirdparty.io.netty.channel.nio.NioEventLoop.processSelectedKeys(NioEventLoop.java:496)
	at org.apache.ratis.thirdparty.io.netty.channel.nio.NioEventLoop.run(NioEventLoop.java:458)
	at org.apache.ratis.thirdparty.io.netty.util.concurrent.SingleThreadEventExecutor$5.run(SingleThreadEventExecutor.java:897)
	at org.apache.ratis.thirdparty.io.netty.util.concurrent.FastThreadLocalRunnable.run(FastThreadLocalRunnable.java:30)
	... 1 more
Caused by: java.net.ConnectException: Connection refused
	... 11 more
2019-10-18 07:24:26,732 [12ad0800-05cb-443c-9fdd-fa1debf04523@group-BCB82A5C07F5-LeaderElection1341] INFO  impl.LeaderElection (LogUtils.java:infoOrTrace(149)) - 12ad0800-05cb-443c-9fdd-fa1debf04523@group-BCB82A5C07F5-LeaderElection1341 got exception when requesting votes: {}
java.util.concurrent.ExecutionException: org.apache.ratis.thirdparty.io.grpc.StatusRuntimeException: UNAVAILABLE: io exception
	at java.util.concurrent.FutureTask.report(FutureTask.java:122)
	at java.util.concurrent.FutureTask.get(FutureTask.java:192)
	at org.apache.ratis.server.impl.LeaderElection.waitForResults(LeaderElection.java:259)
	at org.apache.ratis.server.impl.LeaderElection.askForVotes(LeaderElection.java:197)
	at org.apache.ratis.server.impl.LeaderElection.run(LeaderElection.java:133)
	at java.lang.Thread.run(Thread.java:748)
Caused by: org.apache.ratis.thirdparty.io.grpc.StatusRuntimeException: UNAVAILABLE: io exception
	at org.apache.ratis.thirdparty.io.grpc.stub.ClientCalls.toStatusRuntimeException(ClientCalls.java:233)
	at org.apache.ratis.thirdparty.io.grpc.stub.ClientCalls.getUnchecked(ClientCalls.java:214)
	at org.apache.ratis.thirdparty.io.grpc.stub.ClientCalls.blockingUnaryCall(ClientCalls.java:139)
	at org.apache.ratis.proto.grpc.RaftServerProtocolServiceGrpc$RaftServerProtocolServiceBlockingStub.requestVote(RaftServerProtocolServiceGrpc.java:265)
	at org.apache.ratis.grpc.server.GrpcServerProtocolClient.requestVote(GrpcServerProtocolClient.java:99)
	at org.apache.ratis.grpc.server.GrpcService.requestVote(GrpcService.java:204)
	at org.apache.ratis.server.impl.LeaderElection.lambda$submitRequests$1(LeaderElection.java:234)
	at java.util.concurrent.FutureTask.run(FutureTask.java:266)
	at java.util.concurrent.Executors$RunnableAdapter.call(Executors.java:511)
	at java.util.concurrent.FutureTask.run(FutureTask.java:266)
	at java.util.concurrent.ThreadPoolExecutor.runWorker(ThreadPoolExecutor.java:1149)
	at java.util.concurrent.ThreadPoolExecutor$Worker.run(ThreadPoolExecutor.java:624)
	... 1 more
Caused by: org.apache.ratis.thirdparty.io.netty.channel.AbstractChannel$AnnotatedConnectException: Connection refused: /192.168.34.25:45248
	at sun.nio.ch.SocketChannelImpl.checkConnect(Native Method)
	at sun.nio.ch.SocketChannelImpl.finishConnect(SocketChannelImpl.java:717)
	at org.apache.ratis.thirdparty.io.netty.channel.socket.nio.NioSocketChannel.doFinishConnect(NioSocketChannel.java:327)
	at org.apache.ratis.thirdparty.io.netty.channel.nio.AbstractNioChannel$AbstractNioUnsafe.finishConnect(AbstractNioChannel.java:340)
	at org.apache.ratis.thirdparty.io.netty.channel.nio.NioEventLoop.processSelectedKey(NioEventLoop.java:632)
	at org.apache.ratis.thirdparty.io.netty.channel.nio.NioEventLoop.processSelectedKeysOptimized(NioEventLoop.java:579)
	at org.apache.ratis.thirdparty.io.netty.channel.nio.NioEventLoop.processSelectedKeys(NioEventLoop.java:496)
	at org.apache.ratis.thirdparty.io.netty.channel.nio.NioEventLoop.run(NioEventLoop.java:458)
	at org.apache.ratis.thirdparty.io.netty.util.concurrent.SingleThreadEventExecutor$5.run(SingleThreadEventExecutor.java:897)
	at org.apache.ratis.thirdparty.io.netty.util.concurrent.FastThreadLocalRunnable.run(FastThreadLocalRunnable.java:30)
	... 1 more
Caused by: java.net.ConnectException: Connection refused
	... 11 more
2019-10-18 07:24:26,732 [12ad0800-05cb-443c-9fdd-fa1debf04523@group-BCB82A5C07F5-LeaderElection1341] INFO  impl.LeaderElection (LeaderElection.java:logAndReturn(56)) - 12ad0800-05cb-443c-9fdd-fa1debf04523@group-BCB82A5C07F5-LeaderElection1341: Election REJECTED; received 0 response(s) [] and 2 exception(s); 12ad0800-05cb-443c-9fdd-fa1debf04523@group-BCB82A5C07F5:t285, leader=null, voted=12ad0800-05cb-443c-9fdd-fa1debf04523, raftlog=12ad0800-05cb-443c-9fdd-fa1debf04523@group-BCB82A5C07F5-SegmentedRaftLog:OPENED:c-1,f-1,i0, conf=-1: [12ad0800-05cb-443c-9fdd-fa1debf04523:192.168.34.25:41155, 5170c5f3-8499-4b42-9321-85fc8a351f79:192.168.34.25:43074, 0b10a9fc-47eb-4a2b-b664-8273d9d17379:192.168.34.25:45248], old=null
2019-10-18 07:24:26,732 [12ad0800-05cb-443c-9fdd-fa1debf04523@group-BCB82A5C07F5-LeaderElection1341] INFO  impl.LeaderElection (LogUtils.java:infoOrTrace(149)) -   Exception 0: {}
java.util.concurrent.ExecutionException: org.apache.ratis.thirdparty.io.grpc.StatusRuntimeException: UNAVAILABLE: io exception
	at java.util.concurrent.FutureTask.report(FutureTask.java:122)
	at java.util.concurrent.FutureTask.get(FutureTask.java:192)
	at org.apache.ratis.server.impl.LeaderElection.waitForResults(LeaderElection.java:259)
	at org.apache.ratis.server.impl.LeaderElection.askForVotes(LeaderElection.java:197)
	at org.apache.ratis.server.impl.LeaderElection.run(LeaderElection.java:133)
	at java.lang.Thread.run(Thread.java:748)
Caused by: org.apache.ratis.thirdparty.io.grpc.StatusRuntimeException: UNAVAILABLE: io exception
	at org.apache.ratis.thirdparty.io.grpc.stub.ClientCalls.toStatusRuntimeException(ClientCalls.java:233)
	at org.apache.ratis.thirdparty.io.grpc.stub.ClientCalls.getUnchecked(ClientCalls.java:214)
	at org.apache.ratis.thirdparty.io.grpc.stub.ClientCalls.blockingUnaryCall(ClientCalls.java:139)
	at org.apache.ratis.proto.grpc.RaftServerProtocolServiceGrpc$RaftServerProtocolServiceBlockingStub.requestVote(RaftServerProtocolServiceGrpc.java:265)
	at org.apache.ratis.grpc.server.GrpcServerProtocolClient.requestVote(GrpcServerProtocolClient.java:99)
	at org.apache.ratis.grpc.server.GrpcService.requestVote(GrpcService.java:204)
	at org.apache.ratis.server.impl.LeaderElection.lambda$submitRequests$1(LeaderElection.java:234)
	at java.util.concurrent.FutureTask.run(FutureTask.java:266)
	at java.util.concurrent.Executors$RunnableAdapter.call(Executors.java:511)
	at java.util.concurrent.FutureTask.run(FutureTask.java:266)
	at java.util.concurrent.ThreadPoolExecutor.runWorker(ThreadPoolExecutor.java:1149)
	at java.util.concurrent.ThreadPoolExecutor$Worker.run(ThreadPoolExecutor.java:624)
	... 1 more
Caused by: org.apache.ratis.thirdparty.io.netty.channel.AbstractChannel$AnnotatedConnectException: Connection refused: /192.168.34.25:43074
	at sun.nio.ch.SocketChannelImpl.checkConnect(Native Method)
	at sun.nio.ch.SocketChannelImpl.finishConnect(SocketChannelImpl.java:717)
	at org.apache.ratis.thirdparty.io.netty.channel.socket.nio.NioSocketChannel.doFinishConnect(NioSocketChannel.java:327)
	at org.apache.ratis.thirdparty.io.netty.channel.nio.AbstractNioChannel$AbstractNioUnsafe.finishConnect(AbstractNioChannel.java:340)
	at org.apache.ratis.thirdparty.io.netty.channel.nio.NioEventLoop.processSelectedKey(NioEventLoop.java:632)
	at org.apache.ratis.thirdparty.io.netty.channel.nio.NioEventLoop.processSelectedKeysOptimized(NioEventLoop.java:579)
	at org.apache.ratis.thirdparty.io.netty.channel.nio.NioEventLoop.processSelectedKeys(NioEventLoop.java:496)
	at org.apache.ratis.thirdparty.io.netty.channel.nio.NioEventLoop.run(NioEventLoop.java:458)
	at org.apache.ratis.thirdparty.io.netty.util.concurrent.SingleThreadEventExecutor$5.run(SingleThreadEventExecutor.java:897)
	at org.apache.ratis.thirdparty.io.netty.util.concurrent.FastThreadLocalRunnable.run(FastThreadLocalRunnable.java:30)
	... 1 more
Caused by: java.net.ConnectException: Connection refused
	... 11 more
2019-10-18 07:24:26,733 [12ad0800-05cb-443c-9fdd-fa1debf04523@group-BCB82A5C07F5-LeaderElection1341] INFO  impl.LeaderElection (LogUtils.java:infoOrTrace(149)) -   Exception 1: {}
java.util.concurrent.ExecutionException: org.apache.ratis.thirdparty.io.grpc.StatusRuntimeException: UNAVAILABLE: io exception
	at java.util.concurrent.FutureTask.report(FutureTask.java:122)
	at java.util.concurrent.FutureTask.get(FutureTask.java:192)
	at org.apache.ratis.server.impl.LeaderElection.waitForResults(LeaderElection.java:259)
	at org.apache.ratis.server.impl.LeaderElection.askForVotes(LeaderElection.java:197)
	at org.apache.ratis.server.impl.LeaderElection.run(LeaderElection.java:133)
	at java.lang.Thread.run(Thread.java:748)
Caused by: org.apache.ratis.thirdparty.io.grpc.StatusRuntimeException: UNAVAILABLE: io exception
	at org.apache.ratis.thirdparty.io.grpc.stub.ClientCalls.toStatusRuntimeException(ClientCalls.java:233)
	at org.apache.ratis.thirdparty.io.grpc.stub.ClientCalls.getUnchecked(ClientCalls.java:214)
	at org.apache.ratis.thirdparty.io.grpc.stub.ClientCalls.blockingUnaryCall(ClientCalls.java:139)
	at org.apache.ratis.proto.grpc.RaftServerProtocolServiceGrpc$RaftServerProtocolServiceBlockingStub.requestVote(RaftServerProtocolServiceGrpc.java:265)
	at org.apache.ratis.grpc.server.GrpcServerProtocolClient.requestVote(GrpcServerProtocolClient.java:99)
	at org.apache.ratis.grpc.server.GrpcService.requestVote(GrpcService.java:204)
	at org.apache.ratis.server.impl.LeaderElection.lambda$submitRequests$1(LeaderElection.java:234)
	at java.util.concurrent.FutureTask.run(FutureTask.java:266)
	at java.util.concurrent.Executors$RunnableAdapter.call(Executors.java:511)
	at java.util.concurrent.FutureTask.run(FutureTask.java:266)
	at java.util.concurrent.ThreadPoolExecutor.runWorker(ThreadPoolExecutor.java:1149)
	at java.util.concurrent.ThreadPoolExecutor$Worker.run(ThreadPoolExecutor.java:624)
	... 1 more
Caused by: org.apache.ratis.thirdparty.io.netty.channel.AbstractChannel$AnnotatedConnectException: Connection refused: /192.168.34.25:45248
	at sun.nio.ch.SocketChannelImpl.checkConnect(Native Method)
	at sun.nio.ch.SocketChannelImpl.finishConnect(SocketChannelImpl.java:717)
	at org.apache.ratis.thirdparty.io.netty.channel.socket.nio.NioSocketChannel.doFinishConnect(NioSocketChannel.java:327)
	at org.apache.ratis.thirdparty.io.netty.channel.nio.AbstractNioChannel$AbstractNioUnsafe.finishConnect(AbstractNioChannel.java:340)
	at org.apache.ratis.thirdparty.io.netty.channel.nio.NioEventLoop.processSelectedKey(NioEventLoop.java:632)
	at org.apache.ratis.thirdparty.io.netty.channel.nio.NioEventLoop.processSelectedKeysOptimized(NioEventLoop.java:579)
	at org.apache.ratis.thirdparty.io.netty.channel.nio.NioEventLoop.processSelectedKeys(NioEventLoop.java:496)
	at org.apache.ratis.thirdparty.io.netty.channel.nio.NioEventLoop.run(NioEventLoop.java:458)
	at org.apache.ratis.thirdparty.io.netty.util.concurrent.SingleThreadEventExecutor$5.run(SingleThreadEventExecutor.java:897)
	at org.apache.ratis.thirdparty.io.netty.util.concurrent.FastThreadLocalRunnable.run(FastThreadLocalRunnable.java:30)
	... 1 more
Caused by: java.net.ConnectException: Connection refused
	... 11 more
2019-10-18 07:24:26,733 [12ad0800-05cb-443c-9fdd-fa1debf04523@group-BCB82A5C07F5-LeaderElection1341] INFO  impl.RaftServerImpl (RaftServerImpl.java:setRole(184)) - 12ad0800-05cb-443c-9fdd-fa1debf04523@group-BCB82A5C07F5: changes role from CANDIDATE to FOLLOWER at term 285 for DISCOVERED_A_NEW_TERM
2019-10-18 07:24:26,733 [12ad0800-05cb-443c-9fdd-fa1debf04523@group-BCB82A5C07F5-LeaderElection1341] INFO  impl.RoleInfo (RoleInfo.java:shutdownLeaderElection(134)) - 12ad0800-05cb-443c-9fdd-fa1debf04523: shutdown LeaderElection
2019-10-18 07:24:26,734 [12ad0800-05cb-443c-9fdd-fa1debf04523@group-BCB82A5C07F5-LeaderElection1341] INFO  impl.RoleInfo (RoleInfo.java:updateAndGet(143)) - 12ad0800-05cb-443c-9fdd-fa1debf04523: start FollowerState
2019-10-18 07:24:26,768 [java.util.concurrent.ThreadPoolExecutor$Worker@1ddf09da[State = -1, empty queue]] WARN  server.GrpcLogAppender (GrpcLogAppender.java:timeoutAppendRequest(209)) - 030c2313-1c2c-4b42-81fb-cb58ee93f992@group-E193FE271C99->9712a796-5281-4f3e-ac85-61dedd90db73-GrpcLogAppender: appendEntries Timeout, request=030c2313-1c2c-4b42-81fb-cb58ee93f992->9712a796-5281-4f3e-ac85-61dedd90db73#80-t1, previous=(t:1, i:10), leaderCommit=10, initializing? false, entries: <empty>
2019-10-18 07:24:26,774 [Thread-11262] INFO  impl.FollowerState (FollowerState.java:run(108)) - 12ad0800-05cb-443c-9fdd-fa1debf04523@group-BCB82A5C07F5-FollowerState: change to CANDIDATE, lastRpcTime:40ms, electionTimeout:40ms
2019-10-18 07:24:26,774 [Thread-11262] INFO  impl.RoleInfo (RoleInfo.java:shutdownFollowerState(121)) - 12ad0800-05cb-443c-9fdd-fa1debf04523: shutdown FollowerState
2019-10-18 07:24:26,774 [Thread-11262] INFO  impl.RaftServerImpl (RaftServerImpl.java:setRole(184)) - 12ad0800-05cb-443c-9fdd-fa1debf04523@group-BCB82A5C07F5: changes role from  FOLLOWER to CANDIDATE at term 285 for changeToCandidate
2019-10-18 07:24:26,774 [Thread-11262] INFO  impl.RoleInfo (RoleInfo.java:updateAndGet(143)) - 12ad0800-05cb-443c-9fdd-fa1debf04523: start LeaderElection
2019-10-18 07:24:26,793 [java.util.concurrent.ThreadPoolExecutor$Worker@79ed443[State = -1, empty queue]] WARN  server.GrpcLogAppender (GrpcLogAppender.java:timeoutAppendRequest(209)) - 030c2313-1c2c-4b42-81fb-cb58ee93f992@group-E193FE271C99->716dc1a1-4b82-41d5-9ffe-93d5e40efbd9-GrpcLogAppender: appendEntries Timeout, request=030c2313-1c2c-4b42-81fb-cb58ee93f992->716dc1a1-4b82-41d5-9ffe-93d5e40efbd9#80-t1, previous=(t:1, i:10), leaderCommit=10, initializing? false, entries: <empty>
2019-10-18 07:24:26,798 [12ad0800-05cb-443c-9fdd-fa1debf04523@group-BCB82A5C07F5-LeaderElection1342] INFO  impl.LeaderElection (LeaderElection.java:askForVotes(178)) - 12ad0800-05cb-443c-9fdd-fa1debf04523@group-BCB82A5C07F5-LeaderElection1342: begin an election at term 286 for -1: [12ad0800-05cb-443c-9fdd-fa1debf04523:192.168.34.25:41155, 5170c5f3-8499-4b42-9321-85fc8a351f79:192.168.34.25:43074, 0b10a9fc-47eb-4a2b-b664-8273d9d17379:192.168.34.25:45248], old=null
2019-10-18 07:24:26,798 [12ad0800-05cb-443c-9fdd-fa1debf04523@group-BCB82A5C07F5-LeaderElection1342] INFO  impl.LeaderElection (LogUtils.java:infoOrTrace(149)) - 12ad0800-05cb-443c-9fdd-fa1debf04523@group-BCB82A5C07F5-LeaderElection1342 got exception when requesting votes: {}
java.util.concurrent.ExecutionException: org.apache.ratis.thirdparty.io.grpc.StatusRuntimeException: UNAVAILABLE: io exception
	at java.util.concurrent.FutureTask.report(FutureTask.java:122)
	at java.util.concurrent.FutureTask.get(FutureTask.java:192)
	at org.apache.ratis.server.impl.LeaderElection.waitForResults(LeaderElection.java:259)
	at org.apache.ratis.server.impl.LeaderElection.askForVotes(LeaderElection.java:197)
	at org.apache.ratis.server.impl.LeaderElection.run(LeaderElection.java:133)
	at java.lang.Thread.run(Thread.java:748)
Caused by: org.apache.ratis.thirdparty.io.grpc.StatusRuntimeException: UNAVAILABLE: io exception
	at org.apache.ratis.thirdparty.io.grpc.stub.ClientCalls.toStatusRuntimeException(ClientCalls.java:233)
	at org.apache.ratis.thirdparty.io.grpc.stub.ClientCalls.getUnchecked(ClientCalls.java:214)
	at org.apache.ratis.thirdparty.io.grpc.stub.ClientCalls.blockingUnaryCall(ClientCalls.java:139)
	at org.apache.ratis.proto.grpc.RaftServerProtocolServiceGrpc$RaftServerProtocolServiceBlockingStub.requestVote(RaftServerProtocolServiceGrpc.java:265)
	at org.apache.ratis.grpc.server.GrpcServerProtocolClient.requestVote(GrpcServerProtocolClient.java:99)
	at org.apache.ratis.grpc.server.GrpcService.requestVote(GrpcService.java:204)
	at org.apache.ratis.server.impl.LeaderElection.lambda$submitRequests$1(LeaderElection.java:234)
	at java.util.concurrent.FutureTask.run(FutureTask.java:266)
	at java.util.concurrent.Executors$RunnableAdapter.call(Executors.java:511)
	at java.util.concurrent.FutureTask.run(FutureTask.java:266)
	at java.util.concurrent.ThreadPoolExecutor.runWorker(ThreadPoolExecutor.java:1149)
	at java.util.concurrent.ThreadPoolExecutor$Worker.run(ThreadPoolExecutor.java:624)
	... 1 more
Caused by: org.apache.ratis.thirdparty.io.netty.channel.AbstractChannel$AnnotatedConnectException: Connection refused: /192.168.34.25:43074
	at sun.nio.ch.SocketChannelImpl.checkConnect(Native Method)
	at sun.nio.ch.SocketChannelImpl.finishConnect(SocketChannelImpl.java:717)
	at org.apache.ratis.thirdparty.io.netty.channel.socket.nio.NioSocketChannel.doFinishConnect(NioSocketChannel.java:327)
	at org.apache.ratis.thirdparty.io.netty.channel.nio.AbstractNioChannel$AbstractNioUnsafe.finishConnect(AbstractNioChannel.java:340)
	at org.apache.ratis.thirdparty.io.netty.channel.nio.NioEventLoop.processSelectedKey(NioEventLoop.java:632)
	at org.apache.ratis.thirdparty.io.netty.channel.nio.NioEventLoop.processSelectedKeysOptimized(NioEventLoop.java:579)
	at org.apache.ratis.thirdparty.io.netty.channel.nio.NioEventLoop.processSelectedKeys(NioEventLoop.java:496)
	at org.apache.ratis.thirdparty.io.netty.channel.nio.NioEventLoop.run(NioEventLoop.java:458)
	at org.apache.ratis.thirdparty.io.netty.util.concurrent.SingleThreadEventExecutor$5.run(SingleThreadEventExecutor.java:897)
	at org.apache.ratis.thirdparty.io.netty.util.concurrent.FastThreadLocalRunnable.run(FastThreadLocalRunnable.java:30)
	... 1 more
Caused by: java.net.ConnectException: Connection refused
	... 11 more
2019-10-18 07:24:26,799 [12ad0800-05cb-443c-9fdd-fa1debf04523@group-BCB82A5C07F5-LeaderElection1342] INFO  impl.LeaderElection (LogUtils.java:infoOrTrace(149)) - 12ad0800-05cb-443c-9fdd-fa1debf04523@group-BCB82A5C07F5-LeaderElection1342 got exception when requesting votes: {}
java.util.concurrent.ExecutionException: org.apache.ratis.thirdparty.io.grpc.StatusRuntimeException: UNAVAILABLE: io exception
	at java.util.concurrent.FutureTask.report(FutureTask.java:122)
	at java.util.concurrent.FutureTask.get(FutureTask.java:192)
	at org.apache.ratis.server.impl.LeaderElection.waitForResults(LeaderElection.java:259)
	at org.apache.ratis.server.impl.LeaderElection.askForVotes(LeaderElection.java:197)
	at org.apache.ratis.server.impl.LeaderElection.run(LeaderElection.java:133)
	at java.lang.Thread.run(Thread.java:748)
Caused by: org.apache.ratis.thirdparty.io.grpc.StatusRuntimeException: UNAVAILABLE: io exception
	at org.apache.ratis.thirdparty.io.grpc.stub.ClientCalls.toStatusRuntimeException(ClientCalls.java:233)
	at org.apache.ratis.thirdparty.io.grpc.stub.ClientCalls.getUnchecked(ClientCalls.java:214)
	at org.apache.ratis.thirdparty.io.grpc.stub.ClientCalls.blockingUnaryCall(ClientCalls.java:139)
	at org.apache.ratis.proto.grpc.RaftServerProtocolServiceGrpc$RaftServerProtocolServiceBlockingStub.requestVote(RaftServerProtocolServiceGrpc.java:265)
	at org.apache.ratis.grpc.server.GrpcServerProtocolClient.requestVote(GrpcServerProtocolClient.java:99)
	at org.apache.ratis.grpc.server.GrpcService.requestVote(GrpcService.java:204)
	at org.apache.ratis.server.impl.LeaderElection.lambda$submitRequests$1(LeaderElection.java:234)
	at java.util.concurrent.FutureTask.run(FutureTask.java:266)
	at java.util.concurrent.Executors$RunnableAdapter.call(Executors.java:511)
	at java.util.concurrent.FutureTask.run(FutureTask.java:266)
	at java.util.concurrent.ThreadPoolExecutor.runWorker(ThreadPoolExecutor.java:1149)
	at java.util.concurrent.ThreadPoolExecutor$Worker.run(ThreadPoolExecutor.java:624)
	... 1 more
Caused by: org.apache.ratis.thirdparty.io.netty.channel.AbstractChannel$AnnotatedConnectException: Connection refused: /192.168.34.25:45248
	at sun.nio.ch.SocketChannelImpl.checkConnect(Native Method)
	at sun.nio.ch.SocketChannelImpl.finishConnect(SocketChannelImpl.java:717)
	at org.apache.ratis.thirdparty.io.netty.channel.socket.nio.NioSocketChannel.doFinishConnect(NioSocketChannel.java:327)
	at org.apache.ratis.thirdparty.io.netty.channel.nio.AbstractNioChannel$AbstractNioUnsafe.finishConnect(AbstractNioChannel.java:340)
	at org.apache.ratis.thirdparty.io.netty.channel.nio.NioEventLoop.processSelectedKey(NioEventLoop.java:632)
	at org.apache.ratis.thirdparty.io.netty.channel.nio.NioEventLoop.processSelectedKeysOptimized(NioEventLoop.java:579)
	at org.apache.ratis.thirdparty.io.netty.channel.nio.NioEventLoop.processSelectedKeys(NioEventLoop.java:496)
	at org.apache.ratis.thirdparty.io.netty.channel.nio.NioEventLoop.run(NioEventLoop.java:458)
	at org.apache.ratis.thirdparty.io.netty.util.concurrent.SingleThreadEventExecutor$5.run(SingleThreadEventExecutor.java:897)
	at org.apache.ratis.thirdparty.io.netty.util.concurrent.FastThreadLocalRunnable.run(FastThreadLocalRunnable.java:30)
	... 1 more
Caused by: java.net.ConnectException: Connection refused
	... 11 more
2019-10-18 07:24:26,799 [12ad0800-05cb-443c-9fdd-fa1debf04523@group-BCB82A5C07F5-LeaderElection1342] INFO  impl.LeaderElection (LeaderElection.java:logAndReturn(56)) - 12ad0800-05cb-443c-9fdd-fa1debf04523@group-BCB82A5C07F5-LeaderElection1342: Election REJECTED; received 0 response(s) [] and 2 exception(s); 12ad0800-05cb-443c-9fdd-fa1debf04523@group-BCB82A5C07F5:t286, leader=null, voted=12ad0800-05cb-443c-9fdd-fa1debf04523, raftlog=12ad0800-05cb-443c-9fdd-fa1debf04523@group-BCB82A5C07F5-SegmentedRaftLog:OPENED:c-1,f-1,i0, conf=-1: [12ad0800-05cb-443c-9fdd-fa1debf04523:192.168.34.25:41155, 5170c5f3-8499-4b42-9321-85fc8a351f79:192.168.34.25:43074, 0b10a9fc-47eb-4a2b-b664-8273d9d17379:192.168.34.25:45248], old=null
2019-10-18 07:24:26,799 [12ad0800-05cb-443c-9fdd-fa1debf04523@group-BCB82A5C07F5-LeaderElection1342] INFO  impl.LeaderElection (LogUtils.java:infoOrTrace(149)) -   Exception 0: {}
java.util.concurrent.ExecutionException: org.apache.ratis.thirdparty.io.grpc.StatusRuntimeException: UNAVAILABLE: io exception
	at java.util.concurrent.FutureTask.report(FutureTask.java:122)
	at java.util.concurrent.FutureTask.get(FutureTask.java:192)
	at org.apache.ratis.server.impl.LeaderElection.waitForResults(LeaderElection.java:259)
	at org.apache.ratis.server.impl.LeaderElection.askForVotes(LeaderElection.java:197)
	at org.apache.ratis.server.impl.LeaderElection.run(LeaderElection.java:133)
	at java.lang.Thread.run(Thread.java:748)
Caused by: org.apache.ratis.thirdparty.io.grpc.StatusRuntimeException: UNAVAILABLE: io exception
	at org.apache.ratis.thirdparty.io.grpc.stub.ClientCalls.toStatusRuntimeException(ClientCalls.java:233)
	at org.apache.ratis.thirdparty.io.grpc.stub.ClientCalls.getUnchecked(ClientCalls.java:214)
	at org.apache.ratis.thirdparty.io.grpc.stub.ClientCalls.blockingUnaryCall(ClientCalls.java:139)
	at org.apache.ratis.proto.grpc.RaftServerProtocolServiceGrpc$RaftServerProtocolServiceBlockingStub.requestVote(RaftServerProtocolServiceGrpc.java:265)
	at org.apache.ratis.grpc.server.GrpcServerProtocolClient.requestVote(GrpcServerProtocolClient.java:99)
	at org.apache.ratis.grpc.server.GrpcService.requestVote(GrpcService.java:204)
	at org.apache.ratis.server.impl.LeaderElection.lambda$submitRequests$1(LeaderElection.java:234)
	at java.util.concurrent.FutureTask.run(FutureTask.java:266)
	at java.util.concurrent.Executors$RunnableAdapter.call(Executors.java:511)
	at java.util.concurrent.FutureTask.run(FutureTask.java:266)
	at java.util.concurrent.ThreadPoolExecutor.runWorker(ThreadPoolExecutor.java:1149)
	at java.util.concurrent.ThreadPoolExecutor$Worker.run(ThreadPoolExecutor.java:624)
	... 1 more
Caused by: org.apache.ratis.thirdparty.io.netty.channel.AbstractChannel$AnnotatedConnectException: Connection refused: /192.168.34.25:43074
	at sun.nio.ch.SocketChannelImpl.checkConnect(Native Method)
	at sun.nio.ch.SocketChannelImpl.finishConnect(SocketChannelImpl.java:717)
	at org.apache.ratis.thirdparty.io.netty.channel.socket.nio.NioSocketChannel.doFinishConnect(NioSocketChannel.java:327)
	at org.apache.ratis.thirdparty.io.netty.channel.nio.AbstractNioChannel$AbstractNioUnsafe.finishConnect(AbstractNioChannel.java:340)
	at org.apache.ratis.thirdparty.io.netty.channel.nio.NioEventLoop.processSelectedKey(NioEventLoop.java:632)
	at org.apache.ratis.thirdparty.io.netty.channel.nio.NioEventLoop.processSelectedKeysOptimized(NioEventLoop.java:579)
	at org.apache.ratis.thirdparty.io.netty.channel.nio.NioEventLoop.processSelectedKeys(NioEventLoop.java:496)
	at org.apache.ratis.thirdparty.io.netty.channel.nio.NioEventLoop.run(NioEventLoop.java:458)
	at org.apache.ratis.thirdparty.io.netty.util.concurrent.SingleThreadEventExecutor$5.run(SingleThreadEventExecutor.java:897)
	at org.apache.ratis.thirdparty.io.netty.util.concurrent.FastThreadLocalRunnable.run(FastThreadLocalRunnable.java:30)
	... 1 more
Caused by: java.net.ConnectException: Connection refused
	... 11 more
2019-10-18 07:24:26,800 [12ad0800-05cb-443c-9fdd-fa1debf04523@group-BCB82A5C07F5-LeaderElection1342] INFO  impl.LeaderElection (LogUtils.java:infoOrTrace(149)) -   Exception 1: {}
java.util.concurrent.ExecutionException: org.apache.ratis.thirdparty.io.grpc.StatusRuntimeException: UNAVAILABLE: io exception
	at java.util.concurrent.FutureTask.report(FutureTask.java:122)
	at java.util.concurrent.FutureTask.get(FutureTask.java:192)
	at org.apache.ratis.server.impl.LeaderElection.waitForResults(LeaderElection.java:259)
	at org.apache.ratis.server.impl.LeaderElection.askForVotes(LeaderElection.java:197)
	at org.apache.ratis.server.impl.LeaderElection.run(LeaderElection.java:133)
	at java.lang.Thread.run(Thread.java:748)
Caused by: org.apache.ratis.thirdparty.io.grpc.StatusRuntimeException: UNAVAILABLE: io exception
	at org.apache.ratis.thirdparty.io.grpc.stub.ClientCalls.toStatusRuntimeException(ClientCalls.java:233)
	at org.apache.ratis.thirdparty.io.grpc.stub.ClientCalls.getUnchecked(ClientCalls.java:214)
	at org.apache.ratis.thirdparty.io.grpc.stub.ClientCalls.blockingUnaryCall(ClientCalls.java:139)
	at org.apache.ratis.proto.grpc.RaftServerProtocolServiceGrpc$RaftServerProtocolServiceBlockingStub.requestVote(RaftServerProtocolServiceGrpc.java:265)
	at org.apache.ratis.grpc.server.GrpcServerProtocolClient.requestVote(GrpcServerProtocolClient.java:99)
	at org.apache.ratis.grpc.server.GrpcService.requestVote(GrpcService.java:204)
	at org.apache.ratis.server.impl.LeaderElection.lambda$submitRequests$1(LeaderElection.java:234)
	at java.util.concurrent.FutureTask.run(FutureTask.java:266)
	at java.util.concurrent.Executors$RunnableAdapter.call(Executors.java:511)
	at java.util.concurrent.FutureTask.run(FutureTask.java:266)
	at java.util.concurrent.ThreadPoolExecutor.runWorker(ThreadPoolExecutor.java:1149)
	at java.util.concurrent.ThreadPoolExecutor$Worker.run(ThreadPoolExecutor.java:624)
	... 1 more
Caused by: org.apache.ratis.thirdparty.io.netty.channel.AbstractChannel$AnnotatedConnectException: Connection refused: /192.168.34.25:45248
	at sun.nio.ch.SocketChannelImpl.checkConnect(Native Method)
	at sun.nio.ch.SocketChannelImpl.finishConnect(SocketChannelImpl.java:717)
	at org.apache.ratis.thirdparty.io.netty.channel.socket.nio.NioSocketChannel.doFinishConnect(NioSocketChannel.java:327)
	at org.apache.ratis.thirdparty.io.netty.channel.nio.AbstractNioChannel$AbstractNioUnsafe.finishConnect(AbstractNioChannel.java:340)
	at org.apache.ratis.thirdparty.io.netty.channel.nio.NioEventLoop.processSelectedKey(NioEventLoop.java:632)
	at org.apache.ratis.thirdparty.io.netty.channel.nio.NioEventLoop.processSelectedKeysOptimized(NioEventLoop.java:579)
	at org.apache.ratis.thirdparty.io.netty.channel.nio.NioEventLoop.processSelectedKeys(NioEventLoop.java:496)
	at org.apache.ratis.thirdparty.io.netty.channel.nio.NioEventLoop.run(NioEventLoop.java:458)
	at org.apache.ratis.thirdparty.io.netty.util.concurrent.SingleThreadEventExecutor$5.run(SingleThreadEventExecutor.java:897)
	at org.apache.ratis.thirdparty.io.netty.util.concurrent.FastThreadLocalRunnable.run(FastThreadLocalRunnable.java:30)
	... 1 more
Caused by: java.net.ConnectException: Connection refused
	... 11 more
2019-10-18 07:24:26,800 [12ad0800-05cb-443c-9fdd-fa1debf04523@group-BCB82A5C07F5-LeaderElection1342] INFO  impl.RaftServerImpl (RaftServerImpl.java:setRole(184)) - 12ad0800-05cb-443c-9fdd-fa1debf04523@group-BCB82A5C07F5: changes role from CANDIDATE to FOLLOWER at term 286 for DISCOVERED_A_NEW_TERM
2019-10-18 07:24:26,800 [12ad0800-05cb-443c-9fdd-fa1debf04523@group-BCB82A5C07F5-LeaderElection1342] INFO  impl.RoleInfo (RoleInfo.java:shutdownLeaderElection(134)) - 12ad0800-05cb-443c-9fdd-fa1debf04523: shutdown LeaderElection
2019-10-18 07:24:26,800 [12ad0800-05cb-443c-9fdd-fa1debf04523@group-BCB82A5C07F5-LeaderElection1342] INFO  impl.RoleInfo (RoleInfo.java:updateAndGet(143)) - 12ad0800-05cb-443c-9fdd-fa1debf04523: start FollowerState
2019-10-18 07:24:26,818 [Thread-11266] INFO  impl.FollowerState (FollowerState.java:run(108)) - 12ad0800-05cb-443c-9fdd-fa1debf04523@group-BCB82A5C07F5-FollowerState: change to CANDIDATE, lastRpcTime:17ms, electionTimeout:17ms
2019-10-18 07:24:26,818 [Thread-11266] INFO  impl.RoleInfo (RoleInfo.java:shutdownFollowerState(121)) - 12ad0800-05cb-443c-9fdd-fa1debf04523: shutdown FollowerState
2019-10-18 07:24:26,818 [Thread-11266] INFO  impl.RaftServerImpl (RaftServerImpl.java:setRole(184)) - 12ad0800-05cb-443c-9fdd-fa1debf04523@group-BCB82A5C07F5: changes role from  FOLLOWER to CANDIDATE at term 286 for changeToCandidate
2019-10-18 07:24:26,818 [Thread-11266] INFO  impl.RoleInfo (RoleInfo.java:updateAndGet(143)) - 12ad0800-05cb-443c-9fdd-fa1debf04523: start LeaderElection
2019-10-18 07:24:26,848 [12ad0800-05cb-443c-9fdd-fa1debf04523@group-BCB82A5C07F5-LeaderElection1343] INFO  impl.LeaderElection (LeaderElection.java:askForVotes(178)) - 12ad0800-05cb-443c-9fdd-fa1debf04523@group-BCB82A5C07F5-LeaderElection1343: begin an election at term 287 for -1: [12ad0800-05cb-443c-9fdd-fa1debf04523:192.168.34.25:41155, 5170c5f3-8499-4b42-9321-85fc8a351f79:192.168.34.25:43074, 0b10a9fc-47eb-4a2b-b664-8273d9d17379:192.168.34.25:45248], old=null
2019-10-18 07:24:26,849 [12ad0800-05cb-443c-9fdd-fa1debf04523@group-BCB82A5C07F5-LeaderElection1343] INFO  impl.LeaderElection (LogUtils.java:infoOrTrace(149)) - 12ad0800-05cb-443c-9fdd-fa1debf04523@group-BCB82A5C07F5-LeaderElection1343 got exception when requesting votes: {}
java.util.concurrent.ExecutionException: org.apache.ratis.thirdparty.io.grpc.StatusRuntimeException: UNAVAILABLE: io exception
	at java.util.concurrent.FutureTask.report(FutureTask.java:122)
	at java.util.concurrent.FutureTask.get(FutureTask.java:192)
	at org.apache.ratis.server.impl.LeaderElection.waitForResults(LeaderElection.java:259)
	at org.apache.ratis.server.impl.LeaderElection.askForVotes(LeaderElection.java:197)
	at org.apache.ratis.server.impl.LeaderElection.run(LeaderElection.java:133)
	at java.lang.Thread.run(Thread.java:748)
Caused by: org.apache.ratis.thirdparty.io.grpc.StatusRuntimeException: UNAVAILABLE: io exception
	at org.apache.ratis.thirdparty.io.grpc.stub.ClientCalls.toStatusRuntimeException(ClientCalls.java:233)
	at org.apache.ratis.thirdparty.io.grpc.stub.ClientCalls.getUnchecked(ClientCalls.java:214)
	at org.apache.ratis.thirdparty.io.grpc.stub.ClientCalls.blockingUnaryCall(ClientCalls.java:139)
	at org.apache.ratis.proto.grpc.RaftServerProtocolServiceGrpc$RaftServerProtocolServiceBlockingStub.requestVote(RaftServerProtocolServiceGrpc.java:265)
	at org.apache.ratis.grpc.server.GrpcServerProtocolClient.requestVote(GrpcServerProtocolClient.java:99)
	at org.apache.ratis.grpc.server.GrpcService.requestVote(GrpcService.java:204)
	at org.apache.ratis.server.impl.LeaderElection.lambda$submitRequests$1(LeaderElection.java:234)
	at java.util.concurrent.FutureTask.run(FutureTask.java:266)
	at java.util.concurrent.Executors$RunnableAdapter.call(Executors.java:511)
	at java.util.concurrent.FutureTask.run(FutureTask.java:266)
	at java.util.concurrent.ThreadPoolExecutor.runWorker(ThreadPoolExecutor.java:1149)
	at java.util.concurrent.ThreadPoolExecutor$Worker.run(ThreadPoolExecutor.java:624)
	... 1 more
Caused by: org.apache.ratis.thirdparty.io.netty.channel.AbstractChannel$AnnotatedConnectException: Connection refused: /192.168.34.25:43074
	at sun.nio.ch.SocketChannelImpl.checkConnect(Native Method)
	at sun.nio.ch.SocketChannelImpl.finishConnect(SocketChannelImpl.java:717)
	at org.apache.ratis.thirdparty.io.netty.channel.socket.nio.NioSocketChannel.doFinishConnect(NioSocketChannel.java:327)
	at org.apache.ratis.thirdparty.io.netty.channel.nio.AbstractNioChannel$AbstractNioUnsafe.finishConnect(AbstractNioChannel.java:340)
	at org.apache.ratis.thirdparty.io.netty.channel.nio.NioEventLoop.processSelectedKey(NioEventLoop.java:632)
	at org.apache.ratis.thirdparty.io.netty.channel.nio.NioEventLoop.processSelectedKeysOptimized(NioEventLoop.java:579)
	at org.apache.ratis.thirdparty.io.netty.channel.nio.NioEventLoop.processSelectedKeys(NioEventLoop.java:496)
	at org.apache.ratis.thirdparty.io.netty.channel.nio.NioEventLoop.run(NioEventLoop.java:458)
	at org.apache.ratis.thirdparty.io.netty.util.concurrent.SingleThreadEventExecutor$5.run(SingleThreadEventExecutor.java:897)
	at org.apache.ratis.thirdparty.io.netty.util.concurrent.FastThreadLocalRunnable.run(FastThreadLocalRunnable.java:30)
	... 1 more
Caused by: java.net.ConnectException: Connection refused
	... 11 more
2019-10-18 07:24:26,849 [12ad0800-05cb-443c-9fdd-fa1debf04523@group-BCB82A5C07F5-LeaderElection1343] INFO  impl.LeaderElection (LogUtils.java:infoOrTrace(149)) - 12ad0800-05cb-443c-9fdd-fa1debf04523@group-BCB82A5C07F5-LeaderElection1343 got exception when requesting votes: {}
java.util.concurrent.ExecutionException: org.apache.ratis.thirdparty.io.grpc.StatusRuntimeException: UNAVAILABLE: io exception
	at java.util.concurrent.FutureTask.report(FutureTask.java:122)
	at java.util.concurrent.FutureTask.get(FutureTask.java:192)
	at org.apache.ratis.server.impl.LeaderElection.waitForResults(LeaderElection.java:259)
	at org.apache.ratis.server.impl.LeaderElection.askForVotes(LeaderElection.java:197)
	at org.apache.ratis.server.impl.LeaderElection.run(LeaderElection.java:133)
	at java.lang.Thread.run(Thread.java:748)
Caused by: org.apache.ratis.thirdparty.io.grpc.StatusRuntimeException: UNAVAILABLE: io exception
	at org.apache.ratis.thirdparty.io.grpc.stub.ClientCalls.toStatusRuntimeException(ClientCalls.java:233)
	at org.apache.ratis.thirdparty.io.grpc.stub.ClientCalls.getUnchecked(ClientCalls.java:214)
	at org.apache.ratis.thirdparty.io.grpc.stub.ClientCalls.blockingUnaryCall(ClientCalls.java:139)
	at org.apache.ratis.proto.grpc.RaftServerProtocolServiceGrpc$RaftServerProtocolServiceBlockingStub.requestVote(RaftServerProtocolServiceGrpc.java:265)
	at org.apache.ratis.grpc.server.GrpcServerProtocolClient.requestVote(GrpcServerProtocolClient.java:99)
	at org.apache.ratis.grpc.server.GrpcService.requestVote(GrpcService.java:204)
	at org.apache.ratis.server.impl.LeaderElection.lambda$submitRequests$1(LeaderElection.java:234)
	at java.util.concurrent.FutureTask.run(FutureTask.java:266)
	at java.util.concurrent.Executors$RunnableAdapter.call(Executors.java:511)
	at java.util.concurrent.FutureTask.run(FutureTask.java:266)
	at java.util.concurrent.ThreadPoolExecutor.runWorker(ThreadPoolExecutor.java:1149)
	at java.util.concurrent.ThreadPoolExecutor$Worker.run(ThreadPoolExecutor.java:624)
	... 1 more
Caused by: org.apache.ratis.thirdparty.io.netty.channel.AbstractChannel$AnnotatedConnectException: Connection refused: /192.168.34.25:45248
	at sun.nio.ch.SocketChannelImpl.checkConnect(Native Method)
	at sun.nio.ch.SocketChannelImpl.finishConnect(SocketChannelImpl.java:717)
	at org.apache.ratis.thirdparty.io.netty.channel.socket.nio.NioSocketChannel.doFinishConnect(NioSocketChannel.java:327)
	at org.apache.ratis.thirdparty.io.netty.channel.nio.AbstractNioChannel$AbstractNioUnsafe.finishConnect(AbstractNioChannel.java:340)
	at org.apache.ratis.thirdparty.io.netty.channel.nio.NioEventLoop.processSelectedKey(NioEventLoop.java:632)
	at org.apache.ratis.thirdparty.io.netty.channel.nio.NioEventLoop.processSelectedKeysOptimized(NioEventLoop.java:579)
	at org.apache.ratis.thirdparty.io.netty.channel.nio.NioEventLoop.processSelectedKeys(NioEventLoop.java:496)
	at org.apache.ratis.thirdparty.io.netty.channel.nio.NioEventLoop.run(NioEventLoop.java:458)
	at org.apache.ratis.thirdparty.io.netty.util.concurrent.SingleThreadEventExecutor$5.run(SingleThreadEventExecutor.java:897)
	at org.apache.ratis.thirdparty.io.netty.util.concurrent.FastThreadLocalRunnable.run(FastThreadLocalRunnable.java:30)
	... 1 more
Caused by: java.net.ConnectException: Connection refused
	... 11 more
2019-10-18 07:24:26,849 [12ad0800-05cb-443c-9fdd-fa1debf04523@group-BCB82A5C07F5-LeaderElection1343] INFO  impl.LeaderElection (LeaderElection.java:logAndReturn(56)) - 12ad0800-05cb-443c-9fdd-fa1debf04523@group-BCB82A5C07F5-LeaderElection1343: Election REJECTED; received 0 response(s) [] and 2 exception(s); 12ad0800-05cb-443c-9fdd-fa1debf04523@group-BCB82A5C07F5:t287, leader=null, voted=12ad0800-05cb-443c-9fdd-fa1debf04523, raftlog=12ad0800-05cb-443c-9fdd-fa1debf04523@group-BCB82A5C07F5-SegmentedRaftLog:OPENED:c-1,f-1,i0, conf=-1: [12ad0800-05cb-443c-9fdd-fa1debf04523:192.168.34.25:41155, 5170c5f3-8499-4b42-9321-85fc8a351f79:192.168.34.25:43074, 0b10a9fc-47eb-4a2b-b664-8273d9d17379:192.168.34.25:45248], old=null
2019-10-18 07:24:26,849 [12ad0800-05cb-443c-9fdd-fa1debf04523@group-BCB82A5C07F5-LeaderElection1343] INFO  impl.LeaderElection (LogUtils.java:infoOrTrace(149)) -   Exception 0: {}
java.util.concurrent.ExecutionException: org.apache.ratis.thirdparty.io.grpc.StatusRuntimeException: UNAVAILABLE: io exception
	at java.util.concurrent.FutureTask.report(FutureTask.java:122)
	at java.util.concurrent.FutureTask.get(FutureTask.java:192)
	at org.apache.ratis.server.impl.LeaderElection.waitForResults(LeaderElection.java:259)
	at org.apache.ratis.server.impl.LeaderElection.askForVotes(LeaderElection.java:197)
	at org.apache.ratis.server.impl.LeaderElection.run(LeaderElection.java:133)
	at java.lang.Thread.run(Thread.java:748)
Caused by: org.apache.ratis.thirdparty.io.grpc.StatusRuntimeException: UNAVAILABLE: io exception
	at org.apache.ratis.thirdparty.io.grpc.stub.ClientCalls.toStatusRuntimeException(ClientCalls.java:233)
	at org.apache.ratis.thirdparty.io.grpc.stub.ClientCalls.getUnchecked(ClientCalls.java:214)
	at org.apache.ratis.thirdparty.io.grpc.stub.ClientCalls.blockingUnaryCall(ClientCalls.java:139)
	at org.apache.ratis.proto.grpc.RaftServerProtocolServiceGrpc$RaftServerProtocolServiceBlockingStub.requestVote(RaftServerProtocolServiceGrpc.java:265)
	at org.apache.ratis.grpc.server.GrpcServerProtocolClient.requestVote(GrpcServerProtocolClient.java:99)
	at org.apache.ratis.grpc.server.GrpcService.requestVote(GrpcService.java:204)
	at org.apache.ratis.server.impl.LeaderElection.lambda$submitRequests$1(LeaderElection.java:234)
	at java.util.concurrent.FutureTask.run(FutureTask.java:266)
	at java.util.concurrent.Executors$RunnableAdapter.call(Executors.java:511)
	at java.util.concurrent.FutureTask.run(FutureTask.java:266)
	at java.util.concurrent.ThreadPoolExecutor.runWorker(ThreadPoolExecutor.java:1149)
	at java.util.concurrent.ThreadPoolExecutor$Worker.run(ThreadPoolExecutor.java:624)
	... 1 more
Caused by: org.apache.ratis.thirdparty.io.netty.channel.AbstractChannel$AnnotatedConnectException: Connection refused: /192.168.34.25:43074
	at sun.nio.ch.SocketChannelImpl.checkConnect(Native Method)
	at sun.nio.ch.SocketChannelImpl.finishConnect(SocketChannelImpl.java:717)
	at org.apache.ratis.thirdparty.io.netty.channel.socket.nio.NioSocketChannel.doFinishConnect(NioSocketChannel.java:327)
	at org.apache.ratis.thirdparty.io.netty.channel.nio.AbstractNioChannel$AbstractNioUnsafe.finishConnect(AbstractNioChannel.java:340)
	at org.apache.ratis.thirdparty.io.netty.channel.nio.NioEventLoop.processSelectedKey(NioEventLoop.java:632)
	at org.apache.ratis.thirdparty.io.netty.channel.nio.NioEventLoop.processSelectedKeysOptimized(NioEventLoop.java:579)
	at org.apache.ratis.thirdparty.io.netty.channel.nio.NioEventLoop.processSelectedKeys(NioEventLoop.java:496)
	at org.apache.ratis.thirdparty.io.netty.channel.nio.NioEventLoop.run(NioEventLoop.java:458)
	at org.apache.ratis.thirdparty.io.netty.util.concurrent.SingleThreadEventExecutor$5.run(SingleThreadEventExecutor.java:897)
	at org.apache.ratis.thirdparty.io.netty.util.concurrent.FastThreadLocalRunnable.run(FastThreadLocalRunnable.java:30)
	... 1 more
Caused by: java.net.ConnectException: Connection refused
	... 11 more
2019-10-18 07:24:26,850 [12ad0800-05cb-443c-9fdd-fa1debf04523@group-BCB82A5C07F5-LeaderElection1343] INFO  impl.LeaderElection (LogUtils.java:infoOrTrace(149)) -   Exception 1: {}
java.util.concurrent.ExecutionException: org.apache.ratis.thirdparty.io.grpc.StatusRuntimeException: UNAVAILABLE: io exception
	at java.util.concurrent.FutureTask.report(FutureTask.java:122)
	at java.util.concurrent.FutureTask.get(FutureTask.java:192)
	at org.apache.ratis.server.impl.LeaderElection.waitForResults(LeaderElection.java:259)
	at org.apache.ratis.server.impl.LeaderElection.askForVotes(LeaderElection.java:197)
	at org.apache.ratis.server.impl.LeaderElection.run(LeaderElection.java:133)
	at java.lang.Thread.run(Thread.java:748)
Caused by: org.apache.ratis.thirdparty.io.grpc.StatusRuntimeException: UNAVAILABLE: io exception
	at org.apache.ratis.thirdparty.io.grpc.stub.ClientCalls.toStatusRuntimeException(ClientCalls.java:233)
	at org.apache.ratis.thirdparty.io.grpc.stub.ClientCalls.getUnchecked(ClientCalls.java:214)
	at org.apache.ratis.thirdparty.io.grpc.stub.ClientCalls.blockingUnaryCall(ClientCalls.java:139)
	at org.apache.ratis.proto.grpc.RaftServerProtocolServiceGrpc$RaftServerProtocolServiceBlockingStub.requestVote(RaftServerProtocolServiceGrpc.java:265)
	at org.apache.ratis.grpc.server.GrpcServerProtocolClient.requestVote(GrpcServerProtocolClient.java:99)
	at org.apache.ratis.grpc.server.GrpcService.requestVote(GrpcService.java:204)
	at org.apache.ratis.server.impl.LeaderElection.lambda$submitRequests$1(LeaderElection.java:234)
	at java.util.concurrent.FutureTask.run(FutureTask.java:266)
	at java.util.concurrent.Executors$RunnableAdapter.call(Executors.java:511)
	at java.util.concurrent.FutureTask.run(FutureTask.java:266)
	at java.util.concurrent.ThreadPoolExecutor.runWorker(ThreadPoolExecutor.java:1149)
	at java.util.concurrent.ThreadPoolExecutor$Worker.run(ThreadPoolExecutor.java:624)
	... 1 more
Caused by: org.apache.ratis.thirdparty.io.netty.channel.AbstractChannel$AnnotatedConnectException: Connection refused: /192.168.34.25:45248
	at sun.nio.ch.SocketChannelImpl.checkConnect(Native Method)
	at sun.nio.ch.SocketChannelImpl.finishConnect(SocketChannelImpl.java:717)
	at org.apache.ratis.thirdparty.io.netty.channel.socket.nio.NioSocketChannel.doFinishConnect(NioSocketChannel.java:327)
	at org.apache.ratis.thirdparty.io.netty.channel.nio.AbstractNioChannel$AbstractNioUnsafe.finishConnect(AbstractNioChannel.java:340)
	at org.apache.ratis.thirdparty.io.netty.channel.nio.NioEventLoop.processSelectedKey(NioEventLoop.java:632)
	at org.apache.ratis.thirdparty.io.netty.channel.nio.NioEventLoop.processSelectedKeysOptimized(NioEventLoop.java:579)
	at org.apache.ratis.thirdparty.io.netty.channel.nio.NioEventLoop.processSelectedKeys(NioEventLoop.java:496)
	at org.apache.ratis.thirdparty.io.netty.channel.nio.NioEventLoop.run(NioEventLoop.java:458)
	at org.apache.ratis.thirdparty.io.netty.util.concurrent.SingleThreadEventExecutor$5.run(SingleThreadEventExecutor.java:897)
	at org.apache.ratis.thirdparty.io.netty.util.concurrent.FastThreadLocalRunnable.run(FastThreadLocalRunnable.java:30)
	... 1 more
Caused by: java.net.ConnectException: Connection refused
	... 11 more
2019-10-18 07:24:26,850 [12ad0800-05cb-443c-9fdd-fa1debf04523@group-BCB82A5C07F5-LeaderElection1343] INFO  impl.RaftServerImpl (RaftServerImpl.java:setRole(184)) - 12ad0800-05cb-443c-9fdd-fa1debf04523@group-BCB82A5C07F5: changes role from CANDIDATE to FOLLOWER at term 287 for DISCOVERED_A_NEW_TERM
2019-10-18 07:24:26,850 [12ad0800-05cb-443c-9fdd-fa1debf04523@group-BCB82A5C07F5-LeaderElection1343] INFO  impl.RoleInfo (RoleInfo.java:shutdownLeaderElection(134)) - 12ad0800-05cb-443c-9fdd-fa1debf04523: shutdown LeaderElection
2019-10-18 07:24:26,850 [12ad0800-05cb-443c-9fdd-fa1debf04523@group-BCB82A5C07F5-LeaderElection1343] INFO  impl.RoleInfo (RoleInfo.java:updateAndGet(143)) - 12ad0800-05cb-443c-9fdd-fa1debf04523: start FollowerState
2019-10-18 07:24:26,857 [Thread-11270] INFO  impl.FollowerState (FollowerState.java:run(108)) - 12ad0800-05cb-443c-9fdd-fa1debf04523@group-BCB82A5C07F5-FollowerState: change to CANDIDATE, lastRpcTime:7ms, electionTimeout:7ms
2019-10-18 07:24:26,858 [Thread-11270] INFO  impl.RoleInfo (RoleInfo.java:shutdownFollowerState(121)) - 12ad0800-05cb-443c-9fdd-fa1debf04523: shutdown FollowerState
2019-10-18 07:24:26,858 [Thread-11270] INFO  impl.RaftServerImpl (RaftServerImpl.java:setRole(184)) - 12ad0800-05cb-443c-9fdd-fa1debf04523@group-BCB82A5C07F5: changes role from  FOLLOWER to CANDIDATE at term 287 for changeToCandidate
2019-10-18 07:24:26,858 [Thread-11270] INFO  impl.RoleInfo (RoleInfo.java:updateAndGet(143)) - 12ad0800-05cb-443c-9fdd-fa1debf04523: start LeaderElection
2019-10-18 07:24:26,874 [12ad0800-05cb-443c-9fdd-fa1debf04523@group-BCB82A5C07F5-LeaderElection1344] INFO  impl.LeaderElection (LeaderElection.java:askForVotes(178)) - 12ad0800-05cb-443c-9fdd-fa1debf04523@group-BCB82A5C07F5-LeaderElection1344: begin an election at term 288 for -1: [12ad0800-05cb-443c-9fdd-fa1debf04523:192.168.34.25:41155, 5170c5f3-8499-4b42-9321-85fc8a351f79:192.168.34.25:43074, 0b10a9fc-47eb-4a2b-b664-8273d9d17379:192.168.34.25:45248], old=null
2019-10-18 07:24:26,874 [12ad0800-05cb-443c-9fdd-fa1debf04523@group-BCB82A5C07F5-LeaderElection1344] INFO  impl.LeaderElection (LogUtils.java:infoOrTrace(149)) - 12ad0800-05cb-443c-9fdd-fa1debf04523@group-BCB82A5C07F5-LeaderElection1344 got exception when requesting votes: {}
java.util.concurrent.ExecutionException: org.apache.ratis.thirdparty.io.grpc.StatusRuntimeException: UNAVAILABLE: io exception
	at java.util.concurrent.FutureTask.report(FutureTask.java:122)
	at java.util.concurrent.FutureTask.get(FutureTask.java:192)
	at org.apache.ratis.server.impl.LeaderElection.waitForResults(LeaderElection.java:259)
	at org.apache.ratis.server.impl.LeaderElection.askForVotes(LeaderElection.java:197)
	at org.apache.ratis.server.impl.LeaderElection.run(LeaderElection.java:133)
	at java.lang.Thread.run(Thread.java:748)
Caused by: org.apache.ratis.thirdparty.io.grpc.StatusRuntimeException: UNAVAILABLE: io exception
	at org.apache.ratis.thirdparty.io.grpc.stub.ClientCalls.toStatusRuntimeException(ClientCalls.java:233)
	at org.apache.ratis.thirdparty.io.grpc.stub.ClientCalls.getUnchecked(ClientCalls.java:214)
	at org.apache.ratis.thirdparty.io.grpc.stub.ClientCalls.blockingUnaryCall(ClientCalls.java:139)
	at org.apache.ratis.proto.grpc.RaftServerProtocolServiceGrpc$RaftServerProtocolServiceBlockingStub.requestVote(RaftServerProtocolServiceGrpc.java:265)
	at org.apache.ratis.grpc.server.GrpcServerProtocolClient.requestVote(GrpcServerProtocolClient.java:99)
	at org.apache.ratis.grpc.server.GrpcService.requestVote(GrpcService.java:204)
	at org.apache.ratis.server.impl.LeaderElection.lambda$submitRequests$1(LeaderElection.java:234)
	at java.util.concurrent.FutureTask.run(FutureTask.java:266)
	at java.util.concurrent.Executors$RunnableAdapter.call(Executors.java:511)
	at java.util.concurrent.FutureTask.run(FutureTask.java:266)
	at java.util.concurrent.ThreadPoolExecutor.runWorker(ThreadPoolExecutor.java:1149)
	at java.util.concurrent.ThreadPoolExecutor$Worker.run(ThreadPoolExecutor.java:624)
	... 1 more
Caused by: org.apache.ratis.thirdparty.io.netty.channel.AbstractChannel$AnnotatedConnectException: Connection refused: /192.168.34.25:43074
	at sun.nio.ch.SocketChannelImpl.checkConnect(Native Method)
	at sun.nio.ch.SocketChannelImpl.finishConnect(SocketChannelImpl.java:717)
	at org.apache.ratis.thirdparty.io.netty.channel.socket.nio.NioSocketChannel.doFinishConnect(NioSocketChannel.java:327)
	at org.apache.ratis.thirdparty.io.netty.channel.nio.AbstractNioChannel$AbstractNioUnsafe.finishConnect(AbstractNioChannel.java:340)
	at org.apache.ratis.thirdparty.io.netty.channel.nio.NioEventLoop.processSelectedKey(NioEventLoop.java:632)
	at org.apache.ratis.thirdparty.io.netty.channel.nio.NioEventLoop.processSelectedKeysOptimized(NioEventLoop.java:579)
	at org.apache.ratis.thirdparty.io.netty.channel.nio.NioEventLoop.processSelectedKeys(NioEventLoop.java:496)
	at org.apache.ratis.thirdparty.io.netty.channel.nio.NioEventLoop.run(NioEventLoop.java:458)
	at org.apache.ratis.thirdparty.io.netty.util.concurrent.SingleThreadEventExecutor$5.run(SingleThreadEventExecutor.java:897)
	at org.apache.ratis.thirdparty.io.netty.util.concurrent.FastThreadLocalRunnable.run(FastThreadLocalRunnable.java:30)
	... 1 more
Caused by: java.net.ConnectException: Connection refused
	... 11 more
2019-10-18 07:24:26,875 [12ad0800-05cb-443c-9fdd-fa1debf04523@group-BCB82A5C07F5-LeaderElection1344] INFO  impl.LeaderElection (LogUtils.java:infoOrTrace(149)) - 12ad0800-05cb-443c-9fdd-fa1debf04523@group-BCB82A5C07F5-LeaderElection1344 got exception when requesting votes: {}
java.util.concurrent.ExecutionException: org.apache.ratis.thirdparty.io.grpc.StatusRuntimeException: UNAVAILABLE: io exception
	at java.util.concurrent.FutureTask.report(FutureTask.java:122)
	at java.util.concurrent.FutureTask.get(FutureTask.java:192)
	at org.apache.ratis.server.impl.LeaderElection.waitForResults(LeaderElection.java:259)
	at org.apache.ratis.server.impl.LeaderElection.askForVotes(LeaderElection.java:197)
	at org.apache.ratis.server.impl.LeaderElection.run(LeaderElection.java:133)
	at java.lang.Thread.run(Thread.java:748)
Caused by: org.apache.ratis.thirdparty.io.grpc.StatusRuntimeException: UNAVAILABLE: io exception
	at org.apache.ratis.thirdparty.io.grpc.stub.ClientCalls.toStatusRuntimeException(ClientCalls.java:233)
	at org.apache.ratis.thirdparty.io.grpc.stub.ClientCalls.getUnchecked(ClientCalls.java:214)
	at org.apache.ratis.thirdparty.io.grpc.stub.ClientCalls.blockingUnaryCall(ClientCalls.java:139)
	at org.apache.ratis.proto.grpc.RaftServerProtocolServiceGrpc$RaftServerProtocolServiceBlockingStub.requestVote(RaftServerProtocolServiceGrpc.java:265)
	at org.apache.ratis.grpc.server.GrpcServerProtocolClient.requestVote(GrpcServerProtocolClient.java:99)
	at org.apache.ratis.grpc.server.GrpcService.requestVote(GrpcService.java:204)
	at org.apache.ratis.server.impl.LeaderElection.lambda$submitRequests$1(LeaderElection.java:234)
	at java.util.concurrent.FutureTask.run(FutureTask.java:266)
	at java.util.concurrent.Executors$RunnableAdapter.call(Executors.java:511)
	at java.util.concurrent.FutureTask.run(FutureTask.java:266)
	at java.util.concurrent.ThreadPoolExecutor.runWorker(ThreadPoolExecutor.java:1149)
	at java.util.concurrent.ThreadPoolExecutor$Worker.run(ThreadPoolExecutor.java:624)
	... 1 more
Caused by: org.apache.ratis.thirdparty.io.netty.channel.AbstractChannel$AnnotatedConnectException: Connection refused: /192.168.34.25:45248
	at sun.nio.ch.SocketChannelImpl.checkConnect(Native Method)
	at sun.nio.ch.SocketChannelImpl.finishConnect(SocketChannelImpl.java:717)
	at org.apache.ratis.thirdparty.io.netty.channel.socket.nio.NioSocketChannel.doFinishConnect(NioSocketChannel.java:327)
	at org.apache.ratis.thirdparty.io.netty.channel.nio.AbstractNioChannel$AbstractNioUnsafe.finishConnect(AbstractNioChannel.java:340)
	at org.apache.ratis.thirdparty.io.netty.channel.nio.NioEventLoop.processSelectedKey(NioEventLoop.java:632)
	at org.apache.ratis.thirdparty.io.netty.channel.nio.NioEventLoop.processSelectedKeysOptimized(NioEventLoop.java:579)
	at org.apache.ratis.thirdparty.io.netty.channel.nio.NioEventLoop.processSelectedKeys(NioEventLoop.java:496)
	at org.apache.ratis.thirdparty.io.netty.channel.nio.NioEventLoop.run(NioEventLoop.java:458)
	at org.apache.ratis.thirdparty.io.netty.util.concurrent.SingleThreadEventExecutor$5.run(SingleThreadEventExecutor.java:897)
	at org.apache.ratis.thirdparty.io.netty.util.concurrent.FastThreadLocalRunnable.run(FastThreadLocalRunnable.java:30)
	... 1 more
Caused by: java.net.ConnectException: Connection refused
	... 11 more
2019-10-18 07:24:26,875 [12ad0800-05cb-443c-9fdd-fa1debf04523@group-BCB82A5C07F5-LeaderElection1344] INFO  impl.LeaderElection (LeaderElection.java:logAndReturn(56)) - 12ad0800-05cb-443c-9fdd-fa1debf04523@group-BCB82A5C07F5-LeaderElection1344: Election REJECTED; received 0 response(s) [] and 2 exception(s); 12ad0800-05cb-443c-9fdd-fa1debf04523@group-BCB82A5C07F5:t288, leader=null, voted=12ad0800-05cb-443c-9fdd-fa1debf04523, raftlog=12ad0800-05cb-443c-9fdd-fa1debf04523@group-BCB82A5C07F5-SegmentedRaftLog:OPENED:c-1,f-1,i0, conf=-1: [12ad0800-05cb-443c-9fdd-fa1debf04523:192.168.34.25:41155, 5170c5f3-8499-4b42-9321-85fc8a351f79:192.168.34.25:43074, 0b10a9fc-47eb-4a2b-b664-8273d9d17379:192.168.34.25:45248], old=null
2019-10-18 07:24:26,875 [12ad0800-05cb-443c-9fdd-fa1debf04523@group-BCB82A5C07F5-LeaderElection1344] INFO  impl.LeaderElection (LogUtils.java:infoOrTrace(149)) -   Exception 0: {}
java.util.concurrent.ExecutionException: org.apache.ratis.thirdparty.io.grpc.StatusRuntimeException: UNAVAILABLE: io exception
	at java.util.concurrent.FutureTask.report(FutureTask.java:122)
	at java.util.concurrent.FutureTask.get(FutureTask.java:192)
	at org.apache.ratis.server.impl.LeaderElection.waitForResults(LeaderElection.java:259)
	at org.apache.ratis.server.impl.LeaderElection.askForVotes(LeaderElection.java:197)
	at org.apache.ratis.server.impl.LeaderElection.run(LeaderElection.java:133)
	at java.lang.Thread.run(Thread.java:748)
Caused by: org.apache.ratis.thirdparty.io.grpc.StatusRuntimeException: UNAVAILABLE: io exception
	at org.apache.ratis.thirdparty.io.grpc.stub.ClientCalls.toStatusRuntimeException(ClientCalls.java:233)
	at org.apache.ratis.thirdparty.io.grpc.stub.ClientCalls.getUnchecked(ClientCalls.java:214)
	at org.apache.ratis.thirdparty.io.grpc.stub.ClientCalls.blockingUnaryCall(ClientCalls.java:139)
	at org.apache.ratis.proto.grpc.RaftServerProtocolServiceGrpc$RaftServerProtocolServiceBlockingStub.requestVote(RaftServerProtocolServiceGrpc.java:265)
	at org.apache.ratis.grpc.server.GrpcServerProtocolClient.requestVote(GrpcServerProtocolClient.java:99)
	at org.apache.ratis.grpc.server.GrpcService.requestVote(GrpcService.java:204)
	at org.apache.ratis.server.impl.LeaderElection.lambda$submitRequests$1(LeaderElection.java:234)
	at java.util.concurrent.FutureTask.run(FutureTask.java:266)
	at java.util.concurrent.Executors$RunnableAdapter.call(Executors.java:511)
	at java.util.concurrent.FutureTask.run(FutureTask.java:266)
	at java.util.concurrent.ThreadPoolExecutor.runWorker(ThreadPoolExecutor.java:1149)
	at java.util.concurrent.ThreadPoolExecutor$Worker.run(ThreadPoolExecutor.java:624)
	... 1 more
Caused by: org.apache.ratis.thirdparty.io.netty.channel.AbstractChannel$AnnotatedConnectException: Connection refused: /192.168.34.25:43074
	at sun.nio.ch.SocketChannelImpl.checkConnect(Native Method)
	at sun.nio.ch.SocketChannelImpl.finishConnect(SocketChannelImpl.java:717)
	at org.apache.ratis.thirdparty.io.netty.channel.socket.nio.NioSocketChannel.doFinishConnect(NioSocketChannel.java:327)
	at org.apache.ratis.thirdparty.io.netty.channel.nio.AbstractNioChannel$AbstractNioUnsafe.finishConnect(AbstractNioChannel.java:340)
	at org.apache.ratis.thirdparty.io.netty.channel.nio.NioEventLoop.processSelectedKey(NioEventLoop.java:632)
	at org.apache.ratis.thirdparty.io.netty.channel.nio.NioEventLoop.processSelectedKeysOptimized(NioEventLoop.java:579)
	at org.apache.ratis.thirdparty.io.netty.channel.nio.NioEventLoop.processSelectedKeys(NioEventLoop.java:496)
	at org.apache.ratis.thirdparty.io.netty.channel.nio.NioEventLoop.run(NioEventLoop.java:458)
	at org.apache.ratis.thirdparty.io.netty.util.concurrent.SingleThreadEventExecutor$5.run(SingleThreadEventExecutor.java:897)
	at org.apache.ratis.thirdparty.io.netty.util.concurrent.FastThreadLocalRunnable.run(FastThreadLocalRunnable.java:30)
	... 1 more
Caused by: java.net.ConnectException: Connection refused
	... 11 more
2019-10-18 07:24:26,875 [12ad0800-05cb-443c-9fdd-fa1debf04523@group-BCB82A5C07F5-LeaderElection1344] INFO  impl.LeaderElection (LogUtils.java:infoOrTrace(149)) -   Exception 1: {}
java.util.concurrent.ExecutionException: org.apache.ratis.thirdparty.io.grpc.StatusRuntimeException: UNAVAILABLE: io exception
	at java.util.concurrent.FutureTask.report(FutureTask.java:122)
	at java.util.concurrent.FutureTask.get(FutureTask.java:192)
	at org.apache.ratis.server.impl.LeaderElection.waitForResults(LeaderElection.java:259)
	at org.apache.ratis.server.impl.LeaderElection.askForVotes(LeaderElection.java:197)
	at org.apache.ratis.server.impl.LeaderElection.run(LeaderElection.java:133)
	at java.lang.Thread.run(Thread.java:748)
Caused by: org.apache.ratis.thirdparty.io.grpc.StatusRuntimeException: UNAVAILABLE: io exception
	at org.apache.ratis.thirdparty.io.grpc.stub.ClientCalls.toStatusRuntimeException(ClientCalls.java:233)
	at org.apache.ratis.thirdparty.io.grpc.stub.ClientCalls.getUnchecked(ClientCalls.java:214)
	at org.apache.ratis.thirdparty.io.grpc.stub.ClientCalls.blockingUnaryCall(ClientCalls.java:139)
	at org.apache.ratis.proto.grpc.RaftServerProtocolServiceGrpc$RaftServerProtocolServiceBlockingStub.requestVote(RaftServerProtocolServiceGrpc.java:265)
	at org.apache.ratis.grpc.server.GrpcServerProtocolClient.requestVote(GrpcServerProtocolClient.java:99)
	at org.apache.ratis.grpc.server.GrpcService.requestVote(GrpcService.java:204)
	at org.apache.ratis.server.impl.LeaderElection.lambda$submitRequests$1(LeaderElection.java:234)
	at java.util.concurrent.FutureTask.run(FutureTask.java:266)
	at java.util.concurrent.Executors$RunnableAdapter.call(Executors.java:511)
	at java.util.concurrent.FutureTask.run(FutureTask.java:266)
	at java.util.concurrent.ThreadPoolExecutor.runWorker(ThreadPoolExecutor.java:1149)
	at java.util.concurrent.ThreadPoolExecutor$Worker.run(ThreadPoolExecutor.java:624)
	... 1 more
Caused by: org.apache.ratis.thirdparty.io.netty.channel.AbstractChannel$AnnotatedConnectException: Connection refused: /192.168.34.25:45248
	at sun.nio.ch.SocketChannelImpl.checkConnect(Native Method)
	at sun.nio.ch.SocketChannelImpl.finishConnect(SocketChannelImpl.java:717)
	at org.apache.ratis.thirdparty.io.netty.channel.socket.nio.NioSocketChannel.doFinishConnect(NioSocketChannel.java:327)
	at org.apache.ratis.thirdparty.io.netty.channel.nio.AbstractNioChannel$AbstractNioUnsafe.finishConnect(AbstractNioChannel.java:340)
	at org.apache.ratis.thirdparty.io.netty.channel.nio.NioEventLoop.processSelectedKey(NioEventLoop.java:632)
	at org.apache.ratis.thirdparty.io.netty.channel.nio.NioEventLoop.processSelectedKeysOptimized(NioEventLoop.java:579)
	at org.apache.ratis.thirdparty.io.netty.channel.nio.NioEventLoop.processSelectedKeys(NioEventLoop.java:496)
	at org.apache.ratis.thirdparty.io.netty.channel.nio.NioEventLoop.run(NioEventLoop.java:458)
	at org.apache.ratis.thirdparty.io.netty.util.concurrent.SingleThreadEventExecutor$5.run(SingleThreadEventExecutor.java:897)
	at org.apache.ratis.thirdparty.io.netty.util.concurrent.FastThreadLocalRunnable.run(FastThreadLocalRunnable.java:30)
	... 1 more
Caused by: java.net.ConnectException: Connection refused
	... 11 more
2019-10-18 07:24:26,875 [12ad0800-05cb-443c-9fdd-fa1debf04523@group-BCB82A5C07F5-LeaderElection1344] INFO  impl.RaftServerImpl (RaftServerImpl.java:setRole(184)) - 12ad0800-05cb-443c-9fdd-fa1debf04523@group-BCB82A5C07F5: changes role from CANDIDATE to FOLLOWER at term 288 for DISCOVERED_A_NEW_TERM
2019-10-18 07:24:26,875 [12ad0800-05cb-443c-9fdd-fa1debf04523@group-BCB82A5C07F5-LeaderElection1344] INFO  impl.RoleInfo (RoleInfo.java:shutdownLeaderElection(134)) - 12ad0800-05cb-443c-9fdd-fa1debf04523: shutdown LeaderElection
2019-10-18 07:24:26,875 [12ad0800-05cb-443c-9fdd-fa1debf04523@group-BCB82A5C07F5-LeaderElection1344] INFO  impl.RoleInfo (RoleInfo.java:updateAndGet(143)) - 12ad0800-05cb-443c-9fdd-fa1debf04523: start FollowerState
2019-10-18 07:24:27,051 [Thread-11274] INFO  impl.FollowerState (FollowerState.java:run(108)) - 12ad0800-05cb-443c-9fdd-fa1debf04523@group-BCB82A5C07F5-FollowerState: change to CANDIDATE, lastRpcTime:175ms, electionTimeout:175ms
2019-10-18 07:24:27,051 [Thread-11274] INFO  impl.RoleInfo (RoleInfo.java:shutdownFollowerState(121)) - 12ad0800-05cb-443c-9fdd-fa1debf04523: shutdown FollowerState
2019-10-18 07:24:27,051 [Thread-11274] INFO  impl.RaftServerImpl (RaftServerImpl.java:setRole(184)) - 12ad0800-05cb-443c-9fdd-fa1debf04523@group-BCB82A5C07F5: changes role from  FOLLOWER to CANDIDATE at term 288 for changeToCandidate
2019-10-18 07:24:27,051 [Thread-11274] INFO  impl.RoleInfo (RoleInfo.java:updateAndGet(143)) - 12ad0800-05cb-443c-9fdd-fa1debf04523: start LeaderElection
2019-10-18 07:24:27,085 [12ad0800-05cb-443c-9fdd-fa1debf04523@group-BCB82A5C07F5-LeaderElection1345] INFO  impl.LeaderElection (LeaderElection.java:askForVotes(178)) - 12ad0800-05cb-443c-9fdd-fa1debf04523@group-BCB82A5C07F5-LeaderElection1345: begin an election at term 289 for -1: [12ad0800-05cb-443c-9fdd-fa1debf04523:192.168.34.25:41155, 5170c5f3-8499-4b42-9321-85fc8a351f79:192.168.34.25:43074, 0b10a9fc-47eb-4a2b-b664-8273d9d17379:192.168.34.25:45248], old=null
2019-10-18 07:24:27,086 [12ad0800-05cb-443c-9fdd-fa1debf04523@group-BCB82A5C07F5-LeaderElection1345] INFO  impl.LeaderElection (LogUtils.java:infoOrTrace(149)) - 12ad0800-05cb-443c-9fdd-fa1debf04523@group-BCB82A5C07F5-LeaderElection1345 got exception when requesting votes: {}
java.util.concurrent.ExecutionException: org.apache.ratis.thirdparty.io.grpc.StatusRuntimeException: UNAVAILABLE: io exception
	at java.util.concurrent.FutureTask.report(FutureTask.java:122)
	at java.util.concurrent.FutureTask.get(FutureTask.java:192)
	at org.apache.ratis.server.impl.LeaderElection.waitForResults(LeaderElection.java:259)
	at org.apache.ratis.server.impl.LeaderElection.askForVotes(LeaderElection.java:197)
	at org.apache.ratis.server.impl.LeaderElection.run(LeaderElection.java:133)
	at java.lang.Thread.run(Thread.java:748)
Caused by: org.apache.ratis.thirdparty.io.grpc.StatusRuntimeException: UNAVAILABLE: io exception
	at org.apache.ratis.thirdparty.io.grpc.stub.ClientCalls.toStatusRuntimeException(ClientCalls.java:233)
	at org.apache.ratis.thirdparty.io.grpc.stub.ClientCalls.getUnchecked(ClientCalls.java:214)
	at org.apache.ratis.thirdparty.io.grpc.stub.ClientCalls.blockingUnaryCall(ClientCalls.java:139)
	at org.apache.ratis.proto.grpc.RaftServerProtocolServiceGrpc$RaftServerProtocolServiceBlockingStub.requestVote(RaftServerProtocolServiceGrpc.java:265)
	at org.apache.ratis.grpc.server.GrpcServerProtocolClient.requestVote(GrpcServerProtocolClient.java:99)
	at org.apache.ratis.grpc.server.GrpcService.requestVote(GrpcService.java:204)
	at org.apache.ratis.server.impl.LeaderElection.lambda$submitRequests$1(LeaderElection.java:234)
	at java.util.concurrent.FutureTask.run(FutureTask.java:266)
	at java.util.concurrent.Executors$RunnableAdapter.call(Executors.java:511)
	at java.util.concurrent.FutureTask.run(FutureTask.java:266)
	at java.util.concurrent.ThreadPoolExecutor.runWorker(ThreadPoolExecutor.java:1149)
	at java.util.concurrent.ThreadPoolExecutor$Worker.run(ThreadPoolExecutor.java:624)
	... 1 more
Caused by: org.apache.ratis.thirdparty.io.netty.channel.AbstractChannel$AnnotatedConnectException: Connection refused: /192.168.34.25:43074
	at sun.nio.ch.SocketChannelImpl.checkConnect(Native Method)
	at sun.nio.ch.SocketChannelImpl.finishConnect(SocketChannelImpl.java:717)
	at org.apache.ratis.thirdparty.io.netty.channel.socket.nio.NioSocketChannel.doFinishConnect(NioSocketChannel.java:327)
	at org.apache.ratis.thirdparty.io.netty.channel.nio.AbstractNioChannel$AbstractNioUnsafe.finishConnect(AbstractNioChannel.java:340)
	at org.apache.ratis.thirdparty.io.netty.channel.nio.NioEventLoop.processSelectedKey(NioEventLoop.java:632)
	at org.apache.ratis.thirdparty.io.netty.channel.nio.NioEventLoop.processSelectedKeysOptimized(NioEventLoop.java:579)
	at org.apache.ratis.thirdparty.io.netty.channel.nio.NioEventLoop.processSelectedKeys(NioEventLoop.java:496)
	at org.apache.ratis.thirdparty.io.netty.channel.nio.NioEventLoop.run(NioEventLoop.java:458)
	at org.apache.ratis.thirdparty.io.netty.util.concurrent.SingleThreadEventExecutor$5.run(SingleThreadEventExecutor.java:897)
	at org.apache.ratis.thirdparty.io.netty.util.concurrent.FastThreadLocalRunnable.run(FastThreadLocalRunnable.java:30)
	... 1 more
Caused by: java.net.ConnectException: Connection refused
	... 11 more
2019-10-18 07:24:27,086 [12ad0800-05cb-443c-9fdd-fa1debf04523@group-BCB82A5C07F5-LeaderElection1345] INFO  impl.LeaderElection (LogUtils.java:infoOrTrace(149)) - 12ad0800-05cb-443c-9fdd-fa1debf04523@group-BCB82A5C07F5-LeaderElection1345 got exception when requesting votes: {}
java.util.concurrent.ExecutionException: org.apache.ratis.thirdparty.io.grpc.StatusRuntimeException: UNAVAILABLE: io exception
	at java.util.concurrent.FutureTask.report(FutureTask.java:122)
	at java.util.concurrent.FutureTask.get(FutureTask.java:192)
	at org.apache.ratis.server.impl.LeaderElection.waitForResults(LeaderElection.java:259)
	at org.apache.ratis.server.impl.LeaderElection.askForVotes(LeaderElection.java:197)
	at org.apache.ratis.server.impl.LeaderElection.run(LeaderElection.java:133)
	at java.lang.Thread.run(Thread.java:748)
Caused by: org.apache.ratis.thirdparty.io.grpc.StatusRuntimeException: UNAVAILABLE: io exception
	at org.apache.ratis.thirdparty.io.grpc.stub.ClientCalls.toStatusRuntimeException(ClientCalls.java:233)
	at org.apache.ratis.thirdparty.io.grpc.stub.ClientCalls.getUnchecked(ClientCalls.java:214)
	at org.apache.ratis.thirdparty.io.grpc.stub.ClientCalls.blockingUnaryCall(ClientCalls.java:139)
	at org.apache.ratis.proto.grpc.RaftServerProtocolServiceGrpc$RaftServerProtocolServiceBlockingStub.requestVote(RaftServerProtocolServiceGrpc.java:265)
	at org.apache.ratis.grpc.server.GrpcServerProtocolClient.requestVote(GrpcServerProtocolClient.java:99)
	at org.apache.ratis.grpc.server.GrpcService.requestVote(GrpcService.java:204)
	at org.apache.ratis.server.impl.LeaderElection.lambda$submitRequests$1(LeaderElection.java:234)
	at java.util.concurrent.FutureTask.run(FutureTask.java:266)
	at java.util.concurrent.Executors$RunnableAdapter.call(Executors.java:511)
	at java.util.concurrent.FutureTask.run(FutureTask.java:266)
	at java.util.concurrent.ThreadPoolExecutor.runWorker(ThreadPoolExecutor.java:1149)
	at java.util.concurrent.ThreadPoolExecutor$Worker.run(ThreadPoolExecutor.java:624)
	... 1 more
Caused by: org.apache.ratis.thirdparty.io.netty.channel.AbstractChannel$AnnotatedConnectException: Connection refused: /192.168.34.25:45248
	at sun.nio.ch.SocketChannelImpl.checkConnect(Native Method)
	at sun.nio.ch.SocketChannelImpl.finishConnect(SocketChannelImpl.java:717)
	at org.apache.ratis.thirdparty.io.netty.channel.socket.nio.NioSocketChannel.doFinishConnect(NioSocketChannel.java:327)
	at org.apache.ratis.thirdparty.io.netty.channel.nio.AbstractNioChannel$AbstractNioUnsafe.finishConnect(AbstractNioChannel.java:340)
	at org.apache.ratis.thirdparty.io.netty.channel.nio.NioEventLoop.processSelectedKey(NioEventLoop.java:632)
	at org.apache.ratis.thirdparty.io.netty.channel.nio.NioEventLoop.processSelectedKeysOptimized(NioEventLoop.java:579)
	at org.apache.ratis.thirdparty.io.netty.channel.nio.NioEventLoop.processSelectedKeys(NioEventLoop.java:496)
	at org.apache.ratis.thirdparty.io.netty.channel.nio.NioEventLoop.run(NioEventLoop.java:458)
	at org.apache.ratis.thirdparty.io.netty.util.concurrent.SingleThreadEventExecutor$5.run(SingleThreadEventExecutor.java:897)
	at org.apache.ratis.thirdparty.io.netty.util.concurrent.FastThreadLocalRunnable.run(FastThreadLocalRunnable.java:30)
	... 1 more
Caused by: java.net.ConnectException: Connection refused
	... 11 more
2019-10-18 07:24:27,087 [12ad0800-05cb-443c-9fdd-fa1debf04523@group-BCB82A5C07F5-LeaderElection1345] INFO  impl.LeaderElection (LeaderElection.java:logAndReturn(56)) - 12ad0800-05cb-443c-9fdd-fa1debf04523@group-BCB82A5C07F5-LeaderElection1345: Election REJECTED; received 0 response(s) [] and 2 exception(s); 12ad0800-05cb-443c-9fdd-fa1debf04523@group-BCB82A5C07F5:t289, leader=null, voted=12ad0800-05cb-443c-9fdd-fa1debf04523, raftlog=12ad0800-05cb-443c-9fdd-fa1debf04523@group-BCB82A5C07F5-SegmentedRaftLog:OPENED:c-1,f-1,i0, conf=-1: [12ad0800-05cb-443c-9fdd-fa1debf04523:192.168.34.25:41155, 5170c5f3-8499-4b42-9321-85fc8a351f79:192.168.34.25:43074, 0b10a9fc-47eb-4a2b-b664-8273d9d17379:192.168.34.25:45248], old=null
2019-10-18 07:24:27,087 [12ad0800-05cb-443c-9fdd-fa1debf04523@group-BCB82A5C07F5-LeaderElection1345] INFO  impl.LeaderElection (LogUtils.java:infoOrTrace(149)) -   Exception 0: {}
java.util.concurrent.ExecutionException: org.apache.ratis.thirdparty.io.grpc.StatusRuntimeException: UNAVAILABLE: io exception
	at java.util.concurrent.FutureTask.report(FutureTask.java:122)
	at java.util.concurrent.FutureTask.get(FutureTask.java:192)
	at org.apache.ratis.server.impl.LeaderElection.waitForResults(LeaderElection.java:259)
	at org.apache.ratis.server.impl.LeaderElection.askForVotes(LeaderElection.java:197)
	at org.apache.ratis.server.impl.LeaderElection.run(LeaderElection.java:133)
	at java.lang.Thread.run(Thread.java:748)
Caused by: org.apache.ratis.thirdparty.io.grpc.StatusRuntimeException: UNAVAILABLE: io exception
	at org.apache.ratis.thirdparty.io.grpc.stub.ClientCalls.toStatusRuntimeException(ClientCalls.java:233)
	at org.apache.ratis.thirdparty.io.grpc.stub.ClientCalls.getUnchecked(ClientCalls.java:214)
	at org.apache.ratis.thirdparty.io.grpc.stub.ClientCalls.blockingUnaryCall(ClientCalls.java:139)
	at org.apache.ratis.proto.grpc.RaftServerProtocolServiceGrpc$RaftServerProtocolServiceBlockingStub.requestVote(RaftServerProtocolServiceGrpc.java:265)
	at org.apache.ratis.grpc.server.GrpcServerProtocolClient.requestVote(GrpcServerProtocolClient.java:99)
	at org.apache.ratis.grpc.server.GrpcService.requestVote(GrpcService.java:204)
	at org.apache.ratis.server.impl.LeaderElection.lambda$submitRequests$1(LeaderElection.java:234)
	at java.util.concurrent.FutureTask.run(FutureTask.java:266)
	at java.util.concurrent.Executors$RunnableAdapter.call(Executors.java:511)
	at java.util.concurrent.FutureTask.run(FutureTask.java:266)
	at java.util.concurrent.ThreadPoolExecutor.runWorker(ThreadPoolExecutor.java:1149)
	at java.util.concurrent.ThreadPoolExecutor$Worker.run(ThreadPoolExecutor.java:624)
	... 1 more
Caused by: org.apache.ratis.thirdparty.io.netty.channel.AbstractChannel$AnnotatedConnectException: Connection refused: /192.168.34.25:43074
	at sun.nio.ch.SocketChannelImpl.checkConnect(Native Method)
	at sun.nio.ch.SocketChannelImpl.finishConnect(SocketChannelImpl.java:717)
	at org.apache.ratis.thirdparty.io.netty.channel.socket.nio.NioSocketChannel.doFinishConnect(NioSocketChannel.java:327)
	at org.apache.ratis.thirdparty.io.netty.channel.nio.AbstractNioChannel$AbstractNioUnsafe.finishConnect(AbstractNioChannel.java:340)
	at org.apache.ratis.thirdparty.io.netty.channel.nio.NioEventLoop.processSelectedKey(NioEventLoop.java:632)
	at org.apache.ratis.thirdparty.io.netty.channel.nio.NioEventLoop.processSelectedKeysOptimized(NioEventLoop.java:579)
	at org.apache.ratis.thirdparty.io.netty.channel.nio.NioEventLoop.processSelectedKeys(NioEventLoop.java:496)
	at org.apache.ratis.thirdparty.io.netty.channel.nio.NioEventLoop.run(NioEventLoop.java:458)
	at org.apache.ratis.thirdparty.io.netty.util.concurrent.SingleThreadEventExecutor$5.run(SingleThreadEventExecutor.java:897)
	at org.apache.ratis.thirdparty.io.netty.util.concurrent.FastThreadLocalRunnable.run(FastThreadLocalRunnable.java:30)
	... 1 more
Caused by: java.net.ConnectException: Connection refused
	... 11 more
2019-10-18 07:24:27,087 [12ad0800-05cb-443c-9fdd-fa1debf04523@group-BCB82A5C07F5-LeaderElection1345] INFO  impl.LeaderElection (LogUtils.java:infoOrTrace(149)) -   Exception 1: {}
java.util.concurrent.ExecutionException: org.apache.ratis.thirdparty.io.grpc.StatusRuntimeException: UNAVAILABLE: io exception
	at java.util.concurrent.FutureTask.report(FutureTask.java:122)
	at java.util.concurrent.FutureTask.get(FutureTask.java:192)
	at org.apache.ratis.server.impl.LeaderElection.waitForResults(LeaderElection.java:259)
	at org.apache.ratis.server.impl.LeaderElection.askForVotes(LeaderElection.java:197)
	at org.apache.ratis.server.impl.LeaderElection.run(LeaderElection.java:133)
	at java.lang.Thread.run(Thread.java:748)
Caused by: org.apache.ratis.thirdparty.io.grpc.StatusRuntimeException: UNAVAILABLE: io exception
	at org.apache.ratis.thirdparty.io.grpc.stub.ClientCalls.toStatusRuntimeException(ClientCalls.java:233)
	at org.apache.ratis.thirdparty.io.grpc.stub.ClientCalls.getUnchecked(ClientCalls.java:214)
	at org.apache.ratis.thirdparty.io.grpc.stub.ClientCalls.blockingUnaryCall(ClientCalls.java:139)
	at org.apache.ratis.proto.grpc.RaftServerProtocolServiceGrpc$RaftServerProtocolServiceBlockingStub.requestVote(RaftServerProtocolServiceGrpc.java:265)
	at org.apache.ratis.grpc.server.GrpcServerProtocolClient.requestVote(GrpcServerProtocolClient.java:99)
	at org.apache.ratis.grpc.server.GrpcService.requestVote(GrpcService.java:204)
	at org.apache.ratis.server.impl.LeaderElection.lambda$submitRequests$1(LeaderElection.java:234)
	at java.util.concurrent.FutureTask.run(FutureTask.java:266)
	at java.util.concurrent.Executors$RunnableAdapter.call(Executors.java:511)
	at java.util.concurrent.FutureTask.run(FutureTask.java:266)
	at java.util.concurrent.ThreadPoolExecutor.runWorker(ThreadPoolExecutor.java:1149)
	at java.util.concurrent.ThreadPoolExecutor$Worker.run(ThreadPoolExecutor.java:624)
	... 1 more
Caused by: org.apache.ratis.thirdparty.io.netty.channel.AbstractChannel$AnnotatedConnectException: Connection refused: /192.168.34.25:45248
	at sun.nio.ch.SocketChannelImpl.checkConnect(Native Method)
	at sun.nio.ch.SocketChannelImpl.finishConnect(SocketChannelImpl.java:717)
	at org.apache.ratis.thirdparty.io.netty.channel.socket.nio.NioSocketChannel.doFinishConnect(NioSocketChannel.java:327)
	at org.apache.ratis.thirdparty.io.netty.channel.nio.AbstractNioChannel$AbstractNioUnsafe.finishConnect(AbstractNioChannel.java:340)
	at org.apache.ratis.thirdparty.io.netty.channel.nio.NioEventLoop.processSelectedKey(NioEventLoop.java:632)
	at org.apache.ratis.thirdparty.io.netty.channel.nio.NioEventLoop.processSelectedKeysOptimized(NioEventLoop.java:579)
	at org.apache.ratis.thirdparty.io.netty.channel.nio.NioEventLoop.processSelectedKeys(NioEventLoop.java:496)
	at org.apache.ratis.thirdparty.io.netty.channel.nio.NioEventLoop.run(NioEventLoop.java:458)
	at org.apache.ratis.thirdparty.io.netty.util.concurrent.SingleThreadEventExecutor$5.run(SingleThreadEventExecutor.java:897)
	at org.apache.ratis.thirdparty.io.netty.util.concurrent.FastThreadLocalRunnable.run(FastThreadLocalRunnable.java:30)
	... 1 more
Caused by: java.net.ConnectException: Connection refused
	... 11 more
2019-10-18 07:24:27,087 [12ad0800-05cb-443c-9fdd-fa1debf04523@group-BCB82A5C07F5-LeaderElection1345] INFO  impl.RaftServerImpl (RaftServerImpl.java:setRole(184)) - 12ad0800-05cb-443c-9fdd-fa1debf04523@group-BCB82A5C07F5: changes role from CANDIDATE to FOLLOWER at term 289 for DISCOVERED_A_NEW_TERM
2019-10-18 07:24:27,087 [12ad0800-05cb-443c-9fdd-fa1debf04523@group-BCB82A5C07F5-LeaderElection1345] INFO  impl.RoleInfo (RoleInfo.java:shutdownLeaderElection(134)) - 12ad0800-05cb-443c-9fdd-fa1debf04523: shutdown LeaderElection
2019-10-18 07:24:27,087 [12ad0800-05cb-443c-9fdd-fa1debf04523@group-BCB82A5C07F5-LeaderElection1345] INFO  impl.RoleInfo (RoleInfo.java:updateAndGet(143)) - 12ad0800-05cb-443c-9fdd-fa1debf04523: start FollowerState
2019-10-18 07:24:27,123 [Thread-11278] INFO  impl.FollowerState (FollowerState.java:run(108)) - 12ad0800-05cb-443c-9fdd-fa1debf04523@group-BCB82A5C07F5-FollowerState: change to CANDIDATE, lastRpcTime:36ms, electionTimeout:36ms
2019-10-18 07:24:27,124 [Thread-11278] INFO  impl.RoleInfo (RoleInfo.java:shutdownFollowerState(121)) - 12ad0800-05cb-443c-9fdd-fa1debf04523: shutdown FollowerState
2019-10-18 07:24:27,124 [Thread-11278] INFO  impl.RaftServerImpl (RaftServerImpl.java:setRole(184)) - 12ad0800-05cb-443c-9fdd-fa1debf04523@group-BCB82A5C07F5: changes role from  FOLLOWER to CANDIDATE at term 289 for changeToCandidate
2019-10-18 07:24:27,124 [Thread-11278] INFO  impl.RoleInfo (RoleInfo.java:updateAndGet(143)) - 12ad0800-05cb-443c-9fdd-fa1debf04523: start LeaderElection
2019-10-18 07:24:27,154 [12ad0800-05cb-443c-9fdd-fa1debf04523@group-BCB82A5C07F5-LeaderElection1346] INFO  impl.LeaderElection (LeaderElection.java:askForVotes(178)) - 12ad0800-05cb-443c-9fdd-fa1debf04523@group-BCB82A5C07F5-LeaderElection1346: begin an election at term 290 for -1: [12ad0800-05cb-443c-9fdd-fa1debf04523:192.168.34.25:41155, 5170c5f3-8499-4b42-9321-85fc8a351f79:192.168.34.25:43074, 0b10a9fc-47eb-4a2b-b664-8273d9d17379:192.168.34.25:45248], old=null
2019-10-18 07:24:27,154 [12ad0800-05cb-443c-9fdd-fa1debf04523@group-BCB82A5C07F5-LeaderElection1346] INFO  impl.LeaderElection (LogUtils.java:infoOrTrace(149)) - 12ad0800-05cb-443c-9fdd-fa1debf04523@group-BCB82A5C07F5-LeaderElection1346 got exception when requesting votes: {}
java.util.concurrent.ExecutionException: org.apache.ratis.thirdparty.io.grpc.StatusRuntimeException: UNAVAILABLE: io exception
	at java.util.concurrent.FutureTask.report(FutureTask.java:122)
	at java.util.concurrent.FutureTask.get(FutureTask.java:192)
	at org.apache.ratis.server.impl.LeaderElection.waitForResults(LeaderElection.java:259)
	at org.apache.ratis.server.impl.LeaderElection.askForVotes(LeaderElection.java:197)
	at org.apache.ratis.server.impl.LeaderElection.run(LeaderElection.java:133)
	at java.lang.Thread.run(Thread.java:748)
Caused by: org.apache.ratis.thirdparty.io.grpc.StatusRuntimeException: UNAVAILABLE: io exception
	at org.apache.ratis.thirdparty.io.grpc.stub.ClientCalls.toStatusRuntimeException(ClientCalls.java:233)
	at org.apache.ratis.thirdparty.io.grpc.stub.ClientCalls.getUnchecked(ClientCalls.java:214)
	at org.apache.ratis.thirdparty.io.grpc.stub.ClientCalls.blockingUnaryCall(ClientCalls.java:139)
	at org.apache.ratis.proto.grpc.RaftServerProtocolServiceGrpc$RaftServerProtocolServiceBlockingStub.requestVote(RaftServerProtocolServiceGrpc.java:265)
	at org.apache.ratis.grpc.server.GrpcServerProtocolClient.requestVote(GrpcServerProtocolClient.java:99)
	at org.apache.ratis.grpc.server.GrpcService.requestVote(GrpcService.java:204)
	at org.apache.ratis.server.impl.LeaderElection.lambda$submitRequests$1(LeaderElection.java:234)
	at java.util.concurrent.FutureTask.run(FutureTask.java:266)
	at java.util.concurrent.Executors$RunnableAdapter.call(Executors.java:511)
	at java.util.concurrent.FutureTask.run(FutureTask.java:266)
	at java.util.concurrent.ThreadPoolExecutor.runWorker(ThreadPoolExecutor.java:1149)
	at java.util.concurrent.ThreadPoolExecutor$Worker.run(ThreadPoolExecutor.java:624)
	... 1 more
Caused by: org.apache.ratis.thirdparty.io.netty.channel.AbstractChannel$AnnotatedConnectException: Connection refused: /192.168.34.25:43074
	at sun.nio.ch.SocketChannelImpl.checkConnect(Native Method)
	at sun.nio.ch.SocketChannelImpl.finishConnect(SocketChannelImpl.java:717)
	at org.apache.ratis.thirdparty.io.netty.channel.socket.nio.NioSocketChannel.doFinishConnect(NioSocketChannel.java:327)
	at org.apache.ratis.thirdparty.io.netty.channel.nio.AbstractNioChannel$AbstractNioUnsafe.finishConnect(AbstractNioChannel.java:340)
	at org.apache.ratis.thirdparty.io.netty.channel.nio.NioEventLoop.processSelectedKey(NioEventLoop.java:632)
	at org.apache.ratis.thirdparty.io.netty.channel.nio.NioEventLoop.processSelectedKeysOptimized(NioEventLoop.java:579)
	at org.apache.ratis.thirdparty.io.netty.channel.nio.NioEventLoop.processSelectedKeys(NioEventLoop.java:496)
	at org.apache.ratis.thirdparty.io.netty.channel.nio.NioEventLoop.run(NioEventLoop.java:458)
	at org.apache.ratis.thirdparty.io.netty.util.concurrent.SingleThreadEventExecutor$5.run(SingleThreadEventExecutor.java:897)
	at org.apache.ratis.thirdparty.io.netty.util.concurrent.FastThreadLocalRunnable.run(FastThreadLocalRunnable.java:30)
	... 1 more
Caused by: java.net.ConnectException: Connection refused
	... 11 more
2019-10-18 07:24:27,155 [12ad0800-05cb-443c-9fdd-fa1debf04523@group-BCB82A5C07F5-LeaderElection1346] INFO  impl.LeaderElection (LogUtils.java:infoOrTrace(149)) - 12ad0800-05cb-443c-9fdd-fa1debf04523@group-BCB82A5C07F5-LeaderElection1346 got exception when requesting votes: {}
java.util.concurrent.ExecutionException: org.apache.ratis.thirdparty.io.grpc.StatusRuntimeException: UNAVAILABLE: io exception
	at java.util.concurrent.FutureTask.report(FutureTask.java:122)
	at java.util.concurrent.FutureTask.get(FutureTask.java:192)
	at org.apache.ratis.server.impl.LeaderElection.waitForResults(LeaderElection.java:259)
	at org.apache.ratis.server.impl.LeaderElection.askForVotes(LeaderElection.java:197)
	at org.apache.ratis.server.impl.LeaderElection.run(LeaderElection.java:133)
	at java.lang.Thread.run(Thread.java:748)
Caused by: org.apache.ratis.thirdparty.io.grpc.StatusRuntimeException: UNAVAILABLE: io exception
	at org.apache.ratis.thirdparty.io.grpc.stub.ClientCalls.toStatusRuntimeException(ClientCalls.java:233)
	at org.apache.ratis.thirdparty.io.grpc.stub.ClientCalls.getUnchecked(ClientCalls.java:214)
	at org.apache.ratis.thirdparty.io.grpc.stub.ClientCalls.blockingUnaryCall(ClientCalls.java:139)
	at org.apache.ratis.proto.grpc.RaftServerProtocolServiceGrpc$RaftServerProtocolServiceBlockingStub.requestVote(RaftServerProtocolServiceGrpc.java:265)
	at org.apache.ratis.grpc.server.GrpcServerProtocolClient.requestVote(GrpcServerProtocolClient.java:99)
	at org.apache.ratis.grpc.server.GrpcService.requestVote(GrpcService.java:204)
	at org.apache.ratis.server.impl.LeaderElection.lambda$submitRequests$1(LeaderElection.java:234)
	at java.util.concurrent.FutureTask.run(FutureTask.java:266)
	at java.util.concurrent.Executors$RunnableAdapter.call(Executors.java:511)
	at java.util.concurrent.FutureTask.run(FutureTask.java:266)
	at java.util.concurrent.ThreadPoolExecutor.runWorker(ThreadPoolExecutor.java:1149)
	at java.util.concurrent.ThreadPoolExecutor$Worker.run(ThreadPoolExecutor.java:624)
	... 1 more
Caused by: org.apache.ratis.thirdparty.io.netty.channel.AbstractChannel$AnnotatedConnectException: Connection refused: /192.168.34.25:45248
	at sun.nio.ch.SocketChannelImpl.checkConnect(Native Method)
	at sun.nio.ch.SocketChannelImpl.finishConnect(SocketChannelImpl.java:717)
	at org.apache.ratis.thirdparty.io.netty.channel.socket.nio.NioSocketChannel.doFinishConnect(NioSocketChannel.java:327)
	at org.apache.ratis.thirdparty.io.netty.channel.nio.AbstractNioChannel$AbstractNioUnsafe.finishConnect(AbstractNioChannel.java:340)
	at org.apache.ratis.thirdparty.io.netty.channel.nio.NioEventLoop.processSelectedKey(NioEventLoop.java:632)
	at org.apache.ratis.thirdparty.io.netty.channel.nio.NioEventLoop.processSelectedKeysOptimized(NioEventLoop.java:579)
	at org.apache.ratis.thirdparty.io.netty.channel.nio.NioEventLoop.processSelectedKeys(NioEventLoop.java:496)
	at org.apache.ratis.thirdparty.io.netty.channel.nio.NioEventLoop.run(NioEventLoop.java:458)
	at org.apache.ratis.thirdparty.io.netty.util.concurrent.SingleThreadEventExecutor$5.run(SingleThreadEventExecutor.java:897)
	at org.apache.ratis.thirdparty.io.netty.util.concurrent.FastThreadLocalRunnable.run(FastThreadLocalRunnable.java:30)
	... 1 more
Caused by: java.net.ConnectException: Connection refused
	... 11 more
2019-10-18 07:24:27,155 [12ad0800-05cb-443c-9fdd-fa1debf04523@group-BCB82A5C07F5-LeaderElection1346] INFO  impl.LeaderElection (LeaderElection.java:logAndReturn(56)) - 12ad0800-05cb-443c-9fdd-fa1debf04523@group-BCB82A5C07F5-LeaderElection1346: Election REJECTED; received 0 response(s) [] and 2 exception(s); 12ad0800-05cb-443c-9fdd-fa1debf04523@group-BCB82A5C07F5:t290, leader=null, voted=12ad0800-05cb-443c-9fdd-fa1debf04523, raftlog=12ad0800-05cb-443c-9fdd-fa1debf04523@group-BCB82A5C07F5-SegmentedRaftLog:OPENED:c-1,f-1,i0, conf=-1: [12ad0800-05cb-443c-9fdd-fa1debf04523:192.168.34.25:41155, 5170c5f3-8499-4b42-9321-85fc8a351f79:192.168.34.25:43074, 0b10a9fc-47eb-4a2b-b664-8273d9d17379:192.168.34.25:45248], old=null
2019-10-18 07:24:27,155 [12ad0800-05cb-443c-9fdd-fa1debf04523@group-BCB82A5C07F5-LeaderElection1346] INFO  impl.LeaderElection (LogUtils.java:infoOrTrace(149)) -   Exception 0: {}
java.util.concurrent.ExecutionException: org.apache.ratis.thirdparty.io.grpc.StatusRuntimeException: UNAVAILABLE: io exception
	at java.util.concurrent.FutureTask.report(FutureTask.java:122)
	at java.util.concurrent.FutureTask.get(FutureTask.java:192)
	at org.apache.ratis.server.impl.LeaderElection.waitForResults(LeaderElection.java:259)
	at org.apache.ratis.server.impl.LeaderElection.askForVotes(LeaderElection.java:197)
	at org.apache.ratis.server.impl.LeaderElection.run(LeaderElection.java:133)
	at java.lang.Thread.run(Thread.java:748)
Caused by: org.apache.ratis.thirdparty.io.grpc.StatusRuntimeException: UNAVAILABLE: io exception
	at org.apache.ratis.thirdparty.io.grpc.stub.ClientCalls.toStatusRuntimeException(ClientCalls.java:233)
	at org.apache.ratis.thirdparty.io.grpc.stub.ClientCalls.getUnchecked(ClientCalls.java:214)
	at org.apache.ratis.thirdparty.io.grpc.stub.ClientCalls.blockingUnaryCall(ClientCalls.java:139)
	at org.apache.ratis.proto.grpc.RaftServerProtocolServiceGrpc$RaftServerProtocolServiceBlockingStub.requestVote(RaftServerProtocolServiceGrpc.java:265)
	at org.apache.ratis.grpc.server.GrpcServerProtocolClient.requestVote(GrpcServerProtocolClient.java:99)
	at org.apache.ratis.grpc.server.GrpcService.requestVote(GrpcService.java:204)
	at org.apache.ratis.server.impl.LeaderElection.lambda$submitRequests$1(LeaderElection.java:234)
	at java.util.concurrent.FutureTask.run(FutureTask.java:266)
	at java.util.concurrent.Executors$RunnableAdapter.call(Executors.java:511)
	at java.util.concurrent.FutureTask.run(FutureTask.java:266)
	at java.util.concurrent.ThreadPoolExecutor.runWorker(ThreadPoolExecutor.java:1149)
	at java.util.concurrent.ThreadPoolExecutor$Worker.run(ThreadPoolExecutor.java:624)
	... 1 more
Caused by: org.apache.ratis.thirdparty.io.netty.channel.AbstractChannel$AnnotatedConnectException: Connection refused: /192.168.34.25:43074
	at sun.nio.ch.SocketChannelImpl.checkConnect(Native Method)
	at sun.nio.ch.SocketChannelImpl.finishConnect(SocketChannelImpl.java:717)
	at org.apache.ratis.thirdparty.io.netty.channel.socket.nio.NioSocketChannel.doFinishConnect(NioSocketChannel.java:327)
	at org.apache.ratis.thirdparty.io.netty.channel.nio.AbstractNioChannel$AbstractNioUnsafe.finishConnect(AbstractNioChannel.java:340)
	at org.apache.ratis.thirdparty.io.netty.channel.nio.NioEventLoop.processSelectedKey(NioEventLoop.java:632)
	at org.apache.ratis.thirdparty.io.netty.channel.nio.NioEventLoop.processSelectedKeysOptimized(NioEventLoop.java:579)
	at org.apache.ratis.thirdparty.io.netty.channel.nio.NioEventLoop.processSelectedKeys(NioEventLoop.java:496)
	at org.apache.ratis.thirdparty.io.netty.channel.nio.NioEventLoop.run(NioEventLoop.java:458)
	at org.apache.ratis.thirdparty.io.netty.util.concurrent.SingleThreadEventExecutor$5.run(SingleThreadEventExecutor.java:897)
	at org.apache.ratis.thirdparty.io.netty.util.concurrent.FastThreadLocalRunnable.run(FastThreadLocalRunnable.java:30)
	... 1 more
Caused by: java.net.ConnectException: Connection refused
	... 11 more
2019-10-18 07:24:27,156 [12ad0800-05cb-443c-9fdd-fa1debf04523@group-BCB82A5C07F5-LeaderElection1346] INFO  impl.LeaderElection (LogUtils.java:infoOrTrace(149)) -   Exception 1: {}
java.util.concurrent.ExecutionException: org.apache.ratis.thirdparty.io.grpc.StatusRuntimeException: UNAVAILABLE: io exception
	at java.util.concurrent.FutureTask.report(FutureTask.java:122)
	at java.util.concurrent.FutureTask.get(FutureTask.java:192)
	at org.apache.ratis.server.impl.LeaderElection.waitForResults(LeaderElection.java:259)
	at org.apache.ratis.server.impl.LeaderElection.askForVotes(LeaderElection.java:197)
	at org.apache.ratis.server.impl.LeaderElection.run(LeaderElection.java:133)
	at java.lang.Thread.run(Thread.java:748)
Caused by: org.apache.ratis.thirdparty.io.grpc.StatusRuntimeException: UNAVAILABLE: io exception
	at org.apache.ratis.thirdparty.io.grpc.stub.ClientCalls.toStatusRuntimeException(ClientCalls.java:233)
	at org.apache.ratis.thirdparty.io.grpc.stub.ClientCalls.getUnchecked(ClientCalls.java:214)
	at org.apache.ratis.thirdparty.io.grpc.stub.ClientCalls.blockingUnaryCall(ClientCalls.java:139)
	at org.apache.ratis.proto.grpc.RaftServerProtocolServiceGrpc$RaftServerProtocolServiceBlockingStub.requestVote(RaftServerProtocolServiceGrpc.java:265)
	at org.apache.ratis.grpc.server.GrpcServerProtocolClient.requestVote(GrpcServerProtocolClient.java:99)
	at org.apache.ratis.grpc.server.GrpcService.requestVote(GrpcService.java:204)
	at org.apache.ratis.server.impl.LeaderElection.lambda$submitRequests$1(LeaderElection.java:234)
	at java.util.concurrent.FutureTask.run(FutureTask.java:266)
	at java.util.concurrent.Executors$RunnableAdapter.call(Executors.java:511)
	at java.util.concurrent.FutureTask.run(FutureTask.java:266)
	at java.util.concurrent.ThreadPoolExecutor.runWorker(ThreadPoolExecutor.java:1149)
	at java.util.concurrent.ThreadPoolExecutor$Worker.run(ThreadPoolExecutor.java:624)
	... 1 more
Caused by: org.apache.ratis.thirdparty.io.netty.channel.AbstractChannel$AnnotatedConnectException: Connection refused: /192.168.34.25:45248
	at sun.nio.ch.SocketChannelImpl.checkConnect(Native Method)
	at sun.nio.ch.SocketChannelImpl.finishConnect(SocketChannelImpl.java:717)
	at org.apache.ratis.thirdparty.io.netty.channel.socket.nio.NioSocketChannel.doFinishConnect(NioSocketChannel.java:327)
	at org.apache.ratis.thirdparty.io.netty.channel.nio.AbstractNioChannel$AbstractNioUnsafe.finishConnect(AbstractNioChannel.java:340)
	at org.apache.ratis.thirdparty.io.netty.channel.nio.NioEventLoop.processSelectedKey(NioEventLoop.java:632)
	at org.apache.ratis.thirdparty.io.netty.channel.nio.NioEventLoop.processSelectedKeysOptimized(NioEventLoop.java:579)
	at org.apache.ratis.thirdparty.io.netty.channel.nio.NioEventLoop.processSelectedKeys(NioEventLoop.java:496)
	at org.apache.ratis.thirdparty.io.netty.channel.nio.NioEventLoop.run(NioEventLoop.java:458)
	at org.apache.ratis.thirdparty.io.netty.util.concurrent.SingleThreadEventExecutor$5.run(SingleThreadEventExecutor.java:897)
	at org.apache.ratis.thirdparty.io.netty.util.concurrent.FastThreadLocalRunnable.run(FastThreadLocalRunnable.java:30)
	... 1 more
Caused by: java.net.ConnectException: Connection refused
	... 11 more
2019-10-18 07:24:27,156 [12ad0800-05cb-443c-9fdd-fa1debf04523@group-BCB82A5C07F5-LeaderElection1346] INFO  impl.RaftServerImpl (RaftServerImpl.java:setRole(184)) - 12ad0800-05cb-443c-9fdd-fa1debf04523@group-BCB82A5C07F5: changes role from CANDIDATE to FOLLOWER at term 290 for DISCOVERED_A_NEW_TERM
2019-10-18 07:24:27,156 [12ad0800-05cb-443c-9fdd-fa1debf04523@group-BCB82A5C07F5-LeaderElection1346] INFO  impl.RoleInfo (RoleInfo.java:shutdownLeaderElection(134)) - 12ad0800-05cb-443c-9fdd-fa1debf04523: shutdown LeaderElection
2019-10-18 07:24:27,156 [12ad0800-05cb-443c-9fdd-fa1debf04523@group-BCB82A5C07F5-LeaderElection1346] INFO  impl.RoleInfo (RoleInfo.java:updateAndGet(143)) - 12ad0800-05cb-443c-9fdd-fa1debf04523: start FollowerState
2019-10-18 07:24:27,220 [Thread-11282] INFO  impl.FollowerState (FollowerState.java:run(108)) - 12ad0800-05cb-443c-9fdd-fa1debf04523@group-BCB82A5C07F5-FollowerState: change to CANDIDATE, lastRpcTime:64ms, electionTimeout:64ms
2019-10-18 07:24:27,221 [Thread-11282] INFO  impl.RoleInfo (RoleInfo.java:shutdownFollowerState(121)) - 12ad0800-05cb-443c-9fdd-fa1debf04523: shutdown FollowerState
2019-10-18 07:24:27,221 [Thread-11282] INFO  impl.RaftServerImpl (RaftServerImpl.java:setRole(184)) - 12ad0800-05cb-443c-9fdd-fa1debf04523@group-BCB82A5C07F5: changes role from  FOLLOWER to CANDIDATE at term 290 for changeToCandidate
2019-10-18 07:24:27,221 [Thread-11282] INFO  impl.RoleInfo (RoleInfo.java:updateAndGet(143)) - 12ad0800-05cb-443c-9fdd-fa1debf04523: start LeaderElection
2019-10-18 07:24:27,246 [12ad0800-05cb-443c-9fdd-fa1debf04523@group-BCB82A5C07F5-LeaderElection1347] INFO  impl.LeaderElection (LeaderElection.java:askForVotes(178)) - 12ad0800-05cb-443c-9fdd-fa1debf04523@group-BCB82A5C07F5-LeaderElection1347: begin an election at term 291 for -1: [12ad0800-05cb-443c-9fdd-fa1debf04523:192.168.34.25:41155, 5170c5f3-8499-4b42-9321-85fc8a351f79:192.168.34.25:43074, 0b10a9fc-47eb-4a2b-b664-8273d9d17379:192.168.34.25:45248], old=null
2019-10-18 07:24:27,246 [12ad0800-05cb-443c-9fdd-fa1debf04523@group-BCB82A5C07F5-LeaderElection1347] INFO  impl.LeaderElection (LogUtils.java:infoOrTrace(149)) - 12ad0800-05cb-443c-9fdd-fa1debf04523@group-BCB82A5C07F5-LeaderElection1347 got exception when requesting votes: {}
java.util.concurrent.ExecutionException: org.apache.ratis.thirdparty.io.grpc.StatusRuntimeException: UNAVAILABLE: io exception
	at java.util.concurrent.FutureTask.report(FutureTask.java:122)
	at java.util.concurrent.FutureTask.get(FutureTask.java:192)
	at org.apache.ratis.server.impl.LeaderElection.waitForResults(LeaderElection.java:259)
	at org.apache.ratis.server.impl.LeaderElection.askForVotes(LeaderElection.java:197)
	at org.apache.ratis.server.impl.LeaderElection.run(LeaderElection.java:133)
	at java.lang.Thread.run(Thread.java:748)
Caused by: org.apache.ratis.thirdparty.io.grpc.StatusRuntimeException: UNAVAILABLE: io exception
	at org.apache.ratis.thirdparty.io.grpc.stub.ClientCalls.toStatusRuntimeException(ClientCalls.java:233)
	at org.apache.ratis.thirdparty.io.grpc.stub.ClientCalls.getUnchecked(ClientCalls.java:214)
	at org.apache.ratis.thirdparty.io.grpc.stub.ClientCalls.blockingUnaryCall(ClientCalls.java:139)
	at org.apache.ratis.proto.grpc.RaftServerProtocolServiceGrpc$RaftServerProtocolServiceBlockingStub.requestVote(RaftServerProtocolServiceGrpc.java:265)
	at org.apache.ratis.grpc.server.GrpcServerProtocolClient.requestVote(GrpcServerProtocolClient.java:99)
	at org.apache.ratis.grpc.server.GrpcService.requestVote(GrpcService.java:204)
	at org.apache.ratis.server.impl.LeaderElection.lambda$submitRequests$1(LeaderElection.java:234)
	at java.util.concurrent.FutureTask.run(FutureTask.java:266)
	at java.util.concurrent.Executors$RunnableAdapter.call(Executors.java:511)
	at java.util.concurrent.FutureTask.run(FutureTask.java:266)
	at java.util.concurrent.ThreadPoolExecutor.runWorker(ThreadPoolExecutor.java:1149)
	at java.util.concurrent.ThreadPoolExecutor$Worker.run(ThreadPoolExecutor.java:624)
	... 1 more
Caused by: org.apache.ratis.thirdparty.io.netty.channel.AbstractChannel$AnnotatedConnectException: Connection refused: /192.168.34.25:43074
	at sun.nio.ch.SocketChannelImpl.checkConnect(Native Method)
	at sun.nio.ch.SocketChannelImpl.finishConnect(SocketChannelImpl.java:717)
	at org.apache.ratis.thirdparty.io.netty.channel.socket.nio.NioSocketChannel.doFinishConnect(NioSocketChannel.java:327)
	at org.apache.ratis.thirdparty.io.netty.channel.nio.AbstractNioChannel$AbstractNioUnsafe.finishConnect(AbstractNioChannel.java:340)
	at org.apache.ratis.thirdparty.io.netty.channel.nio.NioEventLoop.processSelectedKey(NioEventLoop.java:632)
	at org.apache.ratis.thirdparty.io.netty.channel.nio.NioEventLoop.processSelectedKeysOptimized(NioEventLoop.java:579)
	at org.apache.ratis.thirdparty.io.netty.channel.nio.NioEventLoop.processSelectedKeys(NioEventLoop.java:496)
	at org.apache.ratis.thirdparty.io.netty.channel.nio.NioEventLoop.run(NioEventLoop.java:458)
	at org.apache.ratis.thirdparty.io.netty.util.concurrent.SingleThreadEventExecutor$5.run(SingleThreadEventExecutor.java:897)
	at org.apache.ratis.thirdparty.io.netty.util.concurrent.FastThreadLocalRunnable.run(FastThreadLocalRunnable.java:30)
	... 1 more
Caused by: java.net.ConnectException: Connection refused
	... 11 more
2019-10-18 07:24:27,247 [12ad0800-05cb-443c-9fdd-fa1debf04523@group-BCB82A5C07F5-LeaderElection1347] INFO  impl.LeaderElection (LogUtils.java:infoOrTrace(149)) - 12ad0800-05cb-443c-9fdd-fa1debf04523@group-BCB82A5C07F5-LeaderElection1347 got exception when requesting votes: {}
java.util.concurrent.ExecutionException: org.apache.ratis.thirdparty.io.grpc.StatusRuntimeException: UNAVAILABLE: io exception
	at java.util.concurrent.FutureTask.report(FutureTask.java:122)
	at java.util.concurrent.FutureTask.get(FutureTask.java:192)
	at org.apache.ratis.server.impl.LeaderElection.waitForResults(LeaderElection.java:259)
	at org.apache.ratis.server.impl.LeaderElection.askForVotes(LeaderElection.java:197)
	at org.apache.ratis.server.impl.LeaderElection.run(LeaderElection.java:133)
	at java.lang.Thread.run(Thread.java:748)
Caused by: org.apache.ratis.thirdparty.io.grpc.StatusRuntimeException: UNAVAILABLE: io exception
	at org.apache.ratis.thirdparty.io.grpc.stub.ClientCalls.toStatusRuntimeException(ClientCalls.java:233)
	at org.apache.ratis.thirdparty.io.grpc.stub.ClientCalls.getUnchecked(ClientCalls.java:214)
	at org.apache.ratis.thirdparty.io.grpc.stub.ClientCalls.blockingUnaryCall(ClientCalls.java:139)
	at org.apache.ratis.proto.grpc.RaftServerProtocolServiceGrpc$RaftServerProtocolServiceBlockingStub.requestVote(RaftServerProtocolServiceGrpc.java:265)
	at org.apache.ratis.grpc.server.GrpcServerProtocolClient.requestVote(GrpcServerProtocolClient.java:99)
	at org.apache.ratis.grpc.server.GrpcService.requestVote(GrpcService.java:204)
	at org.apache.ratis.server.impl.LeaderElection.lambda$submitRequests$1(LeaderElection.java:234)
	at java.util.concurrent.FutureTask.run(FutureTask.java:266)
	at java.util.concurrent.Executors$RunnableAdapter.call(Executors.java:511)
	at java.util.concurrent.FutureTask.run(FutureTask.java:266)
	at java.util.concurrent.ThreadPoolExecutor.runWorker(ThreadPoolExecutor.java:1149)
	at java.util.concurrent.ThreadPoolExecutor$Worker.run(ThreadPoolExecutor.java:624)
	... 1 more
Caused by: org.apache.ratis.thirdparty.io.netty.channel.AbstractChannel$AnnotatedConnectException: Connection refused: /192.168.34.25:45248
	at sun.nio.ch.SocketChannelImpl.checkConnect(Native Method)
	at sun.nio.ch.SocketChannelImpl.finishConnect(SocketChannelImpl.java:717)
	at org.apache.ratis.thirdparty.io.netty.channel.socket.nio.NioSocketChannel.doFinishConnect(NioSocketChannel.java:327)
	at org.apache.ratis.thirdparty.io.netty.channel.nio.AbstractNioChannel$AbstractNioUnsafe.finishConnect(AbstractNioChannel.java:340)
	at org.apache.ratis.thirdparty.io.netty.channel.nio.NioEventLoop.processSelectedKey(NioEventLoop.java:632)
	at org.apache.ratis.thirdparty.io.netty.channel.nio.NioEventLoop.processSelectedKeysOptimized(NioEventLoop.java:579)
	at org.apache.ratis.thirdparty.io.netty.channel.nio.NioEventLoop.processSelectedKeys(NioEventLoop.java:496)
	at org.apache.ratis.thirdparty.io.netty.channel.nio.NioEventLoop.run(NioEventLoop.java:458)
	at org.apache.ratis.thirdparty.io.netty.util.concurrent.SingleThreadEventExecutor$5.run(SingleThreadEventExecutor.java:897)
	at org.apache.ratis.thirdparty.io.netty.util.concurrent.FastThreadLocalRunnable.run(FastThreadLocalRunnable.java:30)
	... 1 more
Caused by: java.net.ConnectException: Connection refused
	... 11 more
2019-10-18 07:24:27,247 [12ad0800-05cb-443c-9fdd-fa1debf04523@group-BCB82A5C07F5-LeaderElection1347] INFO  impl.LeaderElection (LeaderElection.java:logAndReturn(56)) - 12ad0800-05cb-443c-9fdd-fa1debf04523@group-BCB82A5C07F5-LeaderElection1347: Election REJECTED; received 0 response(s) [] and 2 exception(s); 12ad0800-05cb-443c-9fdd-fa1debf04523@group-BCB82A5C07F5:t291, leader=null, voted=12ad0800-05cb-443c-9fdd-fa1debf04523, raftlog=12ad0800-05cb-443c-9fdd-fa1debf04523@group-BCB82A5C07F5-SegmentedRaftLog:OPENED:c-1,f-1,i0, conf=-1: [12ad0800-05cb-443c-9fdd-fa1debf04523:192.168.34.25:41155, 5170c5f3-8499-4b42-9321-85fc8a351f79:192.168.34.25:43074, 0b10a9fc-47eb-4a2b-b664-8273d9d17379:192.168.34.25:45248], old=null
2019-10-18 07:24:27,247 [12ad0800-05cb-443c-9fdd-fa1debf04523@group-BCB82A5C07F5-LeaderElection1347] INFO  impl.LeaderElection (LogUtils.java:infoOrTrace(149)) -   Exception 0: {}
java.util.concurrent.ExecutionException: org.apache.ratis.thirdparty.io.grpc.StatusRuntimeException: UNAVAILABLE: io exception
	at java.util.concurrent.FutureTask.report(FutureTask.java:122)
	at java.util.concurrent.FutureTask.get(FutureTask.java:192)
	at org.apache.ratis.server.impl.LeaderElection.waitForResults(LeaderElection.java:259)
	at org.apache.ratis.server.impl.LeaderElection.askForVotes(LeaderElection.java:197)
	at org.apache.ratis.server.impl.LeaderElection.run(LeaderElection.java:133)
	at java.lang.Thread.run(Thread.java:748)
Caused by: org.apache.ratis.thirdparty.io.grpc.StatusRuntimeException: UNAVAILABLE: io exception
	at org.apache.ratis.thirdparty.io.grpc.stub.ClientCalls.toStatusRuntimeException(ClientCalls.java:233)
	at org.apache.ratis.thirdparty.io.grpc.stub.ClientCalls.getUnchecked(ClientCalls.java:214)
	at org.apache.ratis.thirdparty.io.grpc.stub.ClientCalls.blockingUnaryCall(ClientCalls.java:139)
	at org.apache.ratis.proto.grpc.RaftServerProtocolServiceGrpc$RaftServerProtocolServiceBlockingStub.requestVote(RaftServerProtocolServiceGrpc.java:265)
	at org.apache.ratis.grpc.server.GrpcServerProtocolClient.requestVote(GrpcServerProtocolClient.java:99)
	at org.apache.ratis.grpc.server.GrpcService.requestVote(GrpcService.java:204)
	at org.apache.ratis.server.impl.LeaderElection.lambda$submitRequests$1(LeaderElection.java:234)
	at java.util.concurrent.FutureTask.run(FutureTask.java:266)
	at java.util.concurrent.Executors$RunnableAdapter.call(Executors.java:511)
	at java.util.concurrent.FutureTask.run(FutureTask.java:266)
	at java.util.concurrent.ThreadPoolExecutor.runWorker(ThreadPoolExecutor.java:1149)
	at java.util.concurrent.ThreadPoolExecutor$Worker.run(ThreadPoolExecutor.java:624)
	... 1 more
Caused by: org.apache.ratis.thirdparty.io.netty.channel.AbstractChannel$AnnotatedConnectException: Connection refused: /192.168.34.25:43074
	at sun.nio.ch.SocketChannelImpl.checkConnect(Native Method)
	at sun.nio.ch.SocketChannelImpl.finishConnect(SocketChannelImpl.java:717)
	at org.apache.ratis.thirdparty.io.netty.channel.socket.nio.NioSocketChannel.doFinishConnect(NioSocketChannel.java:327)
	at org.apache.ratis.thirdparty.io.netty.channel.nio.AbstractNioChannel$AbstractNioUnsafe.finishConnect(AbstractNioChannel.java:340)
	at org.apache.ratis.thirdparty.io.netty.channel.nio.NioEventLoop.processSelectedKey(NioEventLoop.java:632)
	at org.apache.ratis.thirdparty.io.netty.channel.nio.NioEventLoop.processSelectedKeysOptimized(NioEventLoop.java:579)
	at org.apache.ratis.thirdparty.io.netty.channel.nio.NioEventLoop.processSelectedKeys(NioEventLoop.java:496)
	at org.apache.ratis.thirdparty.io.netty.channel.nio.NioEventLoop.run(NioEventLoop.java:458)
	at org.apache.ratis.thirdparty.io.netty.util.concurrent.SingleThreadEventExecutor$5.run(SingleThreadEventExecutor.java:897)
	at org.apache.ratis.thirdparty.io.netty.util.concurrent.FastThreadLocalRunnable.run(FastThreadLocalRunnable.java:30)
	... 1 more
Caused by: java.net.ConnectException: Connection refused
	... 11 more
2019-10-18 07:24:27,248 [12ad0800-05cb-443c-9fdd-fa1debf04523@group-BCB82A5C07F5-LeaderElection1347] INFO  impl.LeaderElection (LogUtils.java:infoOrTrace(149)) -   Exception 1: {}
java.util.concurrent.ExecutionException: org.apache.ratis.thirdparty.io.grpc.StatusRuntimeException: UNAVAILABLE: io exception
	at java.util.concurrent.FutureTask.report(FutureTask.java:122)
	at java.util.concurrent.FutureTask.get(FutureTask.java:192)
	at org.apache.ratis.server.impl.LeaderElection.waitForResults(LeaderElection.java:259)
	at org.apache.ratis.server.impl.LeaderElection.askForVotes(LeaderElection.java:197)
	at org.apache.ratis.server.impl.LeaderElection.run(LeaderElection.java:133)
	at java.lang.Thread.run(Thread.java:748)
Caused by: org.apache.ratis.thirdparty.io.grpc.StatusRuntimeException: UNAVAILABLE: io exception
	at org.apache.ratis.thirdparty.io.grpc.stub.ClientCalls.toStatusRuntimeException(ClientCalls.java:233)
	at org.apache.ratis.thirdparty.io.grpc.stub.ClientCalls.getUnchecked(ClientCalls.java:214)
	at org.apache.ratis.thirdparty.io.grpc.stub.ClientCalls.blockingUnaryCall(ClientCalls.java:139)
	at org.apache.ratis.proto.grpc.RaftServerProtocolServiceGrpc$RaftServerProtocolServiceBlockingStub.requestVote(RaftServerProtocolServiceGrpc.java:265)
	at org.apache.ratis.grpc.server.GrpcServerProtocolClient.requestVote(GrpcServerProtocolClient.java:99)
	at org.apache.ratis.grpc.server.GrpcService.requestVote(GrpcService.java:204)
	at org.apache.ratis.server.impl.LeaderElection.lambda$submitRequests$1(LeaderElection.java:234)
	at java.util.concurrent.FutureTask.run(FutureTask.java:266)
	at java.util.concurrent.Executors$RunnableAdapter.call(Executors.java:511)
	at java.util.concurrent.FutureTask.run(FutureTask.java:266)
	at java.util.concurrent.ThreadPoolExecutor.runWorker(ThreadPoolExecutor.java:1149)
	at java.util.concurrent.ThreadPoolExecutor$Worker.run(ThreadPoolExecutor.java:624)
	... 1 more
Caused by: org.apache.ratis.thirdparty.io.netty.channel.AbstractChannel$AnnotatedConnectException: Connection refused: /192.168.34.25:45248
	at sun.nio.ch.SocketChannelImpl.checkConnect(Native Method)
	at sun.nio.ch.SocketChannelImpl.finishConnect(SocketChannelImpl.java:717)
	at org.apache.ratis.thirdparty.io.netty.channel.socket.nio.NioSocketChannel.doFinishConnect(NioSocketChannel.java:327)
	at org.apache.ratis.thirdparty.io.netty.channel.nio.AbstractNioChannel$AbstractNioUnsafe.finishConnect(AbstractNioChannel.java:340)
	at org.apache.ratis.thirdparty.io.netty.channel.nio.NioEventLoop.processSelectedKey(NioEventLoop.java:632)
	at org.apache.ratis.thirdparty.io.netty.channel.nio.NioEventLoop.processSelectedKeysOptimized(NioEventLoop.java:579)
	at org.apache.ratis.thirdparty.io.netty.channel.nio.NioEventLoop.processSelectedKeys(NioEventLoop.java:496)
	at org.apache.ratis.thirdparty.io.netty.channel.nio.NioEventLoop.run(NioEventLoop.java:458)
	at org.apache.ratis.thirdparty.io.netty.util.concurrent.SingleThreadEventExecutor$5.run(SingleThreadEventExecutor.java:897)
	at org.apache.ratis.thirdparty.io.netty.util.concurrent.FastThreadLocalRunnable.run(FastThreadLocalRunnable.java:30)
	... 1 more
Caused by: java.net.ConnectException: Connection refused
	... 11 more
2019-10-18 07:24:27,248 [12ad0800-05cb-443c-9fdd-fa1debf04523@group-BCB82A5C07F5-LeaderElection1347] INFO  impl.RaftServerImpl (RaftServerImpl.java:setRole(184)) - 12ad0800-05cb-443c-9fdd-fa1debf04523@group-BCB82A5C07F5: changes role from CANDIDATE to FOLLOWER at term 291 for DISCOVERED_A_NEW_TERM
2019-10-18 07:24:27,248 [12ad0800-05cb-443c-9fdd-fa1debf04523@group-BCB82A5C07F5-LeaderElection1347] INFO  impl.RoleInfo (RoleInfo.java:shutdownLeaderElection(134)) - 12ad0800-05cb-443c-9fdd-fa1debf04523: shutdown LeaderElection
2019-10-18 07:24:27,248 [12ad0800-05cb-443c-9fdd-fa1debf04523@group-BCB82A5C07F5-LeaderElection1347] INFO  impl.RoleInfo (RoleInfo.java:updateAndGet(143)) - 12ad0800-05cb-443c-9fdd-fa1debf04523: start FollowerState
2019-10-18 07:24:27,268 [java.util.concurrent.ThreadPoolExecutor$Worker@1ddf09da[State = -1, empty queue]] WARN  server.GrpcLogAppender (GrpcLogAppender.java:timeoutAppendRequest(209)) - 030c2313-1c2c-4b42-81fb-cb58ee93f992@group-E193FE271C99->9712a796-5281-4f3e-ac85-61dedd90db73-GrpcLogAppender: appendEntries Timeout, request=030c2313-1c2c-4b42-81fb-cb58ee93f992->9712a796-5281-4f3e-ac85-61dedd90db73#81-t1, previous=(t:1, i:10), leaderCommit=10, initializing? false, entries: <empty>
2019-10-18 07:24:27,293 [java.util.concurrent.ThreadPoolExecutor$Worker@79ed443[State = -1, empty queue]] WARN  server.GrpcLogAppender (GrpcLogAppender.java:timeoutAppendRequest(209)) - 030c2313-1c2c-4b42-81fb-cb58ee93f992@group-E193FE271C99->716dc1a1-4b82-41d5-9ffe-93d5e40efbd9-GrpcLogAppender: appendEntries Timeout, request=030c2313-1c2c-4b42-81fb-cb58ee93f992->716dc1a1-4b82-41d5-9ffe-93d5e40efbd9#81-t1, previous=(t:1, i:10), leaderCommit=10, initializing? false, entries: <empty>
2019-10-18 07:24:27,370 [Thread-11286] INFO  impl.FollowerState (FollowerState.java:run(108)) - 12ad0800-05cb-443c-9fdd-fa1debf04523@group-BCB82A5C07F5-FollowerState: change to CANDIDATE, lastRpcTime:121ms, electionTimeout:121ms
2019-10-18 07:24:27,370 [Thread-11286] INFO  impl.RoleInfo (RoleInfo.java:shutdownFollowerState(121)) - 12ad0800-05cb-443c-9fdd-fa1debf04523: shutdown FollowerState
2019-10-18 07:24:27,370 [Thread-11286] INFO  impl.RaftServerImpl (RaftServerImpl.java:setRole(184)) - 12ad0800-05cb-443c-9fdd-fa1debf04523@group-BCB82A5C07F5: changes role from  FOLLOWER to CANDIDATE at term 291 for changeToCandidate
2019-10-18 07:24:27,370 [Thread-11286] INFO  impl.RoleInfo (RoleInfo.java:updateAndGet(143)) - 12ad0800-05cb-443c-9fdd-fa1debf04523: start LeaderElection
2019-10-18 07:24:27,397 [12ad0800-05cb-443c-9fdd-fa1debf04523@group-BCB82A5C07F5-LeaderElection1348] INFO  impl.LeaderElection (LeaderElection.java:askForVotes(178)) - 12ad0800-05cb-443c-9fdd-fa1debf04523@group-BCB82A5C07F5-LeaderElection1348: begin an election at term 292 for -1: [12ad0800-05cb-443c-9fdd-fa1debf04523:192.168.34.25:41155, 5170c5f3-8499-4b42-9321-85fc8a351f79:192.168.34.25:43074, 0b10a9fc-47eb-4a2b-b664-8273d9d17379:192.168.34.25:45248], old=null
2019-10-18 07:24:27,398 [12ad0800-05cb-443c-9fdd-fa1debf04523@group-BCB82A5C07F5-LeaderElection1348] INFO  impl.LeaderElection (LogUtils.java:infoOrTrace(149)) - 12ad0800-05cb-443c-9fdd-fa1debf04523@group-BCB82A5C07F5-LeaderElection1348 got exception when requesting votes: {}
java.util.concurrent.ExecutionException: org.apache.ratis.thirdparty.io.grpc.StatusRuntimeException: UNAVAILABLE: io exception
	at java.util.concurrent.FutureTask.report(FutureTask.java:122)
	at java.util.concurrent.FutureTask.get(FutureTask.java:192)
	at org.apache.ratis.server.impl.LeaderElection.waitForResults(LeaderElection.java:259)
	at org.apache.ratis.server.impl.LeaderElection.askForVotes(LeaderElection.java:197)
	at org.apache.ratis.server.impl.LeaderElection.run(LeaderElection.java:133)
	at java.lang.Thread.run(Thread.java:748)
Caused by: org.apache.ratis.thirdparty.io.grpc.StatusRuntimeException: UNAVAILABLE: io exception
	at org.apache.ratis.thirdparty.io.grpc.stub.ClientCalls.toStatusRuntimeException(ClientCalls.java:233)
	at org.apache.ratis.thirdparty.io.grpc.stub.ClientCalls.getUnchecked(ClientCalls.java:214)
	at org.apache.ratis.thirdparty.io.grpc.stub.ClientCalls.blockingUnaryCall(ClientCalls.java:139)
	at org.apache.ratis.proto.grpc.RaftServerProtocolServiceGrpc$RaftServerProtocolServiceBlockingStub.requestVote(RaftServerProtocolServiceGrpc.java:265)
	at org.apache.ratis.grpc.server.GrpcServerProtocolClient.requestVote(GrpcServerProtocolClient.java:99)
	at org.apache.ratis.grpc.server.GrpcService.requestVote(GrpcService.java:204)
	at org.apache.ratis.server.impl.LeaderElection.lambda$submitRequests$1(LeaderElection.java:234)
	at java.util.concurrent.FutureTask.run(FutureTask.java:266)
	at java.util.concurrent.Executors$RunnableAdapter.call(Executors.java:511)
	at java.util.concurrent.FutureTask.run(FutureTask.java:266)
	at java.util.concurrent.ThreadPoolExecutor.runWorker(ThreadPoolExecutor.java:1149)
	at java.util.concurrent.ThreadPoolExecutor$Worker.run(ThreadPoolExecutor.java:624)
	... 1 more
Caused by: org.apache.ratis.thirdparty.io.netty.channel.AbstractChannel$AnnotatedConnectException: Connection refused: /192.168.34.25:45248
	at sun.nio.ch.SocketChannelImpl.checkConnect(Native Method)
	at sun.nio.ch.SocketChannelImpl.finishConnect(SocketChannelImpl.java:717)
	at org.apache.ratis.thirdparty.io.netty.channel.socket.nio.NioSocketChannel.doFinishConnect(NioSocketChannel.java:327)
	at org.apache.ratis.thirdparty.io.netty.channel.nio.AbstractNioChannel$AbstractNioUnsafe.finishConnect(AbstractNioChannel.java:340)
	at org.apache.ratis.thirdparty.io.netty.channel.nio.NioEventLoop.processSelectedKey(NioEventLoop.java:632)
	at org.apache.ratis.thirdparty.io.netty.channel.nio.NioEventLoop.processSelectedKeysOptimized(NioEventLoop.java:579)
	at org.apache.ratis.thirdparty.io.netty.channel.nio.NioEventLoop.processSelectedKeys(NioEventLoop.java:496)
	at org.apache.ratis.thirdparty.io.netty.channel.nio.NioEventLoop.run(NioEventLoop.java:458)
	at org.apache.ratis.thirdparty.io.netty.util.concurrent.SingleThreadEventExecutor$5.run(SingleThreadEventExecutor.java:897)
	at org.apache.ratis.thirdparty.io.netty.util.concurrent.FastThreadLocalRunnable.run(FastThreadLocalRunnable.java:30)
	... 1 more
Caused by: java.net.ConnectException: Connection refused
	... 11 more
2019-10-18 07:24:27,398 [12ad0800-05cb-443c-9fdd-fa1debf04523@group-BCB82A5C07F5-LeaderElection1348] INFO  impl.LeaderElection (LogUtils.java:infoOrTrace(149)) - 12ad0800-05cb-443c-9fdd-fa1debf04523@group-BCB82A5C07F5-LeaderElection1348 got exception when requesting votes: {}
java.util.concurrent.ExecutionException: org.apache.ratis.thirdparty.io.grpc.StatusRuntimeException: UNAVAILABLE: io exception
	at java.util.concurrent.FutureTask.report(FutureTask.java:122)
	at java.util.concurrent.FutureTask.get(FutureTask.java:192)
	at org.apache.ratis.server.impl.LeaderElection.waitForResults(LeaderElection.java:259)
	at org.apache.ratis.server.impl.LeaderElection.askForVotes(LeaderElection.java:197)
	at org.apache.ratis.server.impl.LeaderElection.run(LeaderElection.java:133)
	at java.lang.Thread.run(Thread.java:748)
Caused by: org.apache.ratis.thirdparty.io.grpc.StatusRuntimeException: UNAVAILABLE: io exception
	at org.apache.ratis.thirdparty.io.grpc.stub.ClientCalls.toStatusRuntimeException(ClientCalls.java:233)
	at org.apache.ratis.thirdparty.io.grpc.stub.ClientCalls.getUnchecked(ClientCalls.java:214)
	at org.apache.ratis.thirdparty.io.grpc.stub.ClientCalls.blockingUnaryCall(ClientCalls.java:139)
	at org.apache.ratis.proto.grpc.RaftServerProtocolServiceGrpc$RaftServerProtocolServiceBlockingStub.requestVote(RaftServerProtocolServiceGrpc.java:265)
	at org.apache.ratis.grpc.server.GrpcServerProtocolClient.requestVote(GrpcServerProtocolClient.java:99)
	at org.apache.ratis.grpc.server.GrpcService.requestVote(GrpcService.java:204)
	at org.apache.ratis.server.impl.LeaderElection.lambda$submitRequests$1(LeaderElection.java:234)
	at java.util.concurrent.FutureTask.run(FutureTask.java:266)
	at java.util.concurrent.Executors$RunnableAdapter.call(Executors.java:511)
	at java.util.concurrent.FutureTask.run(FutureTask.java:266)
	at java.util.concurrent.ThreadPoolExecutor.runWorker(ThreadPoolExecutor.java:1149)
	at java.util.concurrent.ThreadPoolExecutor$Worker.run(ThreadPoolExecutor.java:624)
	... 1 more
Caused by: org.apache.ratis.thirdparty.io.netty.channel.AbstractChannel$AnnotatedConnectException: Connection refused: /192.168.34.25:43074
	at sun.nio.ch.SocketChannelImpl.checkConnect(Native Method)
	at sun.nio.ch.SocketChannelImpl.finishConnect(SocketChannelImpl.java:717)
	at org.apache.ratis.thirdparty.io.netty.channel.socket.nio.NioSocketChannel.doFinishConnect(NioSocketChannel.java:327)
	at org.apache.ratis.thirdparty.io.netty.channel.nio.AbstractNioChannel$AbstractNioUnsafe.finishConnect(AbstractNioChannel.java:340)
	at org.apache.ratis.thirdparty.io.netty.channel.nio.NioEventLoop.processSelectedKey(NioEventLoop.java:632)
	at org.apache.ratis.thirdparty.io.netty.channel.nio.NioEventLoop.processSelectedKeysOptimized(NioEventLoop.java:579)
	at org.apache.ratis.thirdparty.io.netty.channel.nio.NioEventLoop.processSelectedKeys(NioEventLoop.java:496)
	at org.apache.ratis.thirdparty.io.netty.channel.nio.NioEventLoop.run(NioEventLoop.java:458)
	at org.apache.ratis.thirdparty.io.netty.util.concurrent.SingleThreadEventExecutor$5.run(SingleThreadEventExecutor.java:897)
	at org.apache.ratis.thirdparty.io.netty.util.concurrent.FastThreadLocalRunnable.run(FastThreadLocalRunnable.java:30)
	... 1 more
Caused by: java.net.ConnectException: Connection refused
	... 11 more
2019-10-18 07:24:27,398 [12ad0800-05cb-443c-9fdd-fa1debf04523@group-BCB82A5C07F5-LeaderElection1348] INFO  impl.LeaderElection (LeaderElection.java:logAndReturn(56)) - 12ad0800-05cb-443c-9fdd-fa1debf04523@group-BCB82A5C07F5-LeaderElection1348: Election REJECTED; received 0 response(s) [] and 2 exception(s); 12ad0800-05cb-443c-9fdd-fa1debf04523@group-BCB82A5C07F5:t292, leader=null, voted=12ad0800-05cb-443c-9fdd-fa1debf04523, raftlog=12ad0800-05cb-443c-9fdd-fa1debf04523@group-BCB82A5C07F5-SegmentedRaftLog:OPENED:c-1,f-1,i0, conf=-1: [12ad0800-05cb-443c-9fdd-fa1debf04523:192.168.34.25:41155, 5170c5f3-8499-4b42-9321-85fc8a351f79:192.168.34.25:43074, 0b10a9fc-47eb-4a2b-b664-8273d9d17379:192.168.34.25:45248], old=null
2019-10-18 07:24:27,398 [12ad0800-05cb-443c-9fdd-fa1debf04523@group-BCB82A5C07F5-LeaderElection1348] INFO  impl.LeaderElection (LogUtils.java:infoOrTrace(149)) -   Exception 0: {}
java.util.concurrent.ExecutionException: org.apache.ratis.thirdparty.io.grpc.StatusRuntimeException: UNAVAILABLE: io exception
	at java.util.concurrent.FutureTask.report(FutureTask.java:122)
	at java.util.concurrent.FutureTask.get(FutureTask.java:192)
	at org.apache.ratis.server.impl.LeaderElection.waitForResults(LeaderElection.java:259)
	at org.apache.ratis.server.impl.LeaderElection.askForVotes(LeaderElection.java:197)
	at org.apache.ratis.server.impl.LeaderElection.run(LeaderElection.java:133)
	at java.lang.Thread.run(Thread.java:748)
Caused by: org.apache.ratis.thirdparty.io.grpc.StatusRuntimeException: UNAVAILABLE: io exception
	at org.apache.ratis.thirdparty.io.grpc.stub.ClientCalls.toStatusRuntimeException(ClientCalls.java:233)
	at org.apache.ratis.thirdparty.io.grpc.stub.ClientCalls.getUnchecked(ClientCalls.java:214)
	at org.apache.ratis.thirdparty.io.grpc.stub.ClientCalls.blockingUnaryCall(ClientCalls.java:139)
	at org.apache.ratis.proto.grpc.RaftServerProtocolServiceGrpc$RaftServerProtocolServiceBlockingStub.requestVote(RaftServerProtocolServiceGrpc.java:265)
	at org.apache.ratis.grpc.server.GrpcServerProtocolClient.requestVote(GrpcServerProtocolClient.java:99)
	at org.apache.ratis.grpc.server.GrpcService.requestVote(GrpcService.java:204)
	at org.apache.ratis.server.impl.LeaderElection.lambda$submitRequests$1(LeaderElection.java:234)
	at java.util.concurrent.FutureTask.run(FutureTask.java:266)
	at java.util.concurrent.Executors$RunnableAdapter.call(Executors.java:511)
	at java.util.concurrent.FutureTask.run(FutureTask.java:266)
	at java.util.concurrent.ThreadPoolExecutor.runWorker(ThreadPoolExecutor.java:1149)
	at java.util.concurrent.ThreadPoolExecutor$Worker.run(ThreadPoolExecutor.java:624)
	... 1 more
Caused by: org.apache.ratis.thirdparty.io.netty.channel.AbstractChannel$AnnotatedConnectException: Connection refused: /192.168.34.25:45248
	at sun.nio.ch.SocketChannelImpl.checkConnect(Native Method)
	at sun.nio.ch.SocketChannelImpl.finishConnect(SocketChannelImpl.java:717)
	at org.apache.ratis.thirdparty.io.netty.channel.socket.nio.NioSocketChannel.doFinishConnect(NioSocketChannel.java:327)
	at org.apache.ratis.thirdparty.io.netty.channel.nio.AbstractNioChannel$AbstractNioUnsafe.finishConnect(AbstractNioChannel.java:340)
	at org.apache.ratis.thirdparty.io.netty.channel.nio.NioEventLoop.processSelectedKey(NioEventLoop.java:632)
	at org.apache.ratis.thirdparty.io.netty.channel.nio.NioEventLoop.processSelectedKeysOptimized(NioEventLoop.java:579)
	at org.apache.ratis.thirdparty.io.netty.channel.nio.NioEventLoop.processSelectedKeys(NioEventLoop.java:496)
	at org.apache.ratis.thirdparty.io.netty.channel.nio.NioEventLoop.run(NioEventLoop.java:458)
	at org.apache.ratis.thirdparty.io.netty.util.concurrent.SingleThreadEventExecutor$5.run(SingleThreadEventExecutor.java:897)
	at org.apache.ratis.thirdparty.io.netty.util.concurrent.FastThreadLocalRunnable.run(FastThreadLocalRunnable.java:30)
	... 1 more
Caused by: java.net.ConnectException: Connection refused
	... 11 more
2019-10-18 07:24:27,399 [12ad0800-05cb-443c-9fdd-fa1debf04523@group-BCB82A5C07F5-LeaderElection1348] INFO  impl.LeaderElection (LogUtils.java:infoOrTrace(149)) -   Exception 1: {}
java.util.concurrent.ExecutionException: org.apache.ratis.thirdparty.io.grpc.StatusRuntimeException: UNAVAILABLE: io exception
	at java.util.concurrent.FutureTask.report(FutureTask.java:122)
	at java.util.concurrent.FutureTask.get(FutureTask.java:192)
	at org.apache.ratis.server.impl.LeaderElection.waitForResults(LeaderElection.java:259)
	at org.apache.ratis.server.impl.LeaderElection.askForVotes(LeaderElection.java:197)
	at org.apache.ratis.server.impl.LeaderElection.run(LeaderElection.java:133)
	at java.lang.Thread.run(Thread.java:748)
Caused by: org.apache.ratis.thirdparty.io.grpc.StatusRuntimeException: UNAVAILABLE: io exception
	at org.apache.ratis.thirdparty.io.grpc.stub.ClientCalls.toStatusRuntimeException(ClientCalls.java:233)
	at org.apache.ratis.thirdparty.io.grpc.stub.ClientCalls.getUnchecked(ClientCalls.java:214)
	at org.apache.ratis.thirdparty.io.grpc.stub.ClientCalls.blockingUnaryCall(ClientCalls.java:139)
	at org.apache.ratis.proto.grpc.RaftServerProtocolServiceGrpc$RaftServerProtocolServiceBlockingStub.requestVote(RaftServerProtocolServiceGrpc.java:265)
	at org.apache.ratis.grpc.server.GrpcServerProtocolClient.requestVote(GrpcServerProtocolClient.java:99)
	at org.apache.ratis.grpc.server.GrpcService.requestVote(GrpcService.java:204)
	at org.apache.ratis.server.impl.LeaderElection.lambda$submitRequests$1(LeaderElection.java:234)
	at java.util.concurrent.FutureTask.run(FutureTask.java:266)
	at java.util.concurrent.Executors$RunnableAdapter.call(Executors.java:511)
	at java.util.concurrent.FutureTask.run(FutureTask.java:266)
	at java.util.concurrent.ThreadPoolExecutor.runWorker(ThreadPoolExecutor.java:1149)
	at java.util.concurrent.ThreadPoolExecutor$Worker.run(ThreadPoolExecutor.java:624)
	... 1 more
Caused by: org.apache.ratis.thirdparty.io.netty.channel.AbstractChannel$AnnotatedConnectException: Connection refused: /192.168.34.25:43074
	at sun.nio.ch.SocketChannelImpl.checkConnect(Native Method)
	at sun.nio.ch.SocketChannelImpl.finishConnect(SocketChannelImpl.java:717)
	at org.apache.ratis.thirdparty.io.netty.channel.socket.nio.NioSocketChannel.doFinishConnect(NioSocketChannel.java:327)
	at org.apache.ratis.thirdparty.io.netty.channel.nio.AbstractNioChannel$AbstractNioUnsafe.finishConnect(AbstractNioChannel.java:340)
	at org.apache.ratis.thirdparty.io.netty.channel.nio.NioEventLoop.processSelectedKey(NioEventLoop.java:632)
	at org.apache.ratis.thirdparty.io.netty.channel.nio.NioEventLoop.processSelectedKeysOptimized(NioEventLoop.java:579)
	at org.apache.ratis.thirdparty.io.netty.channel.nio.NioEventLoop.processSelectedKeys(NioEventLoop.java:496)
	at org.apache.ratis.thirdparty.io.netty.channel.nio.NioEventLoop.run(NioEventLoop.java:458)
	at org.apache.ratis.thirdparty.io.netty.util.concurrent.SingleThreadEventExecutor$5.run(SingleThreadEventExecutor.java:897)
	at org.apache.ratis.thirdparty.io.netty.util.concurrent.FastThreadLocalRunnable.run(FastThreadLocalRunnable.java:30)
	... 1 more
Caused by: java.net.ConnectException: Connection refused
	... 11 more
2019-10-18 07:24:27,399 [12ad0800-05cb-443c-9fdd-fa1debf04523@group-BCB82A5C07F5-LeaderElection1348] INFO  impl.RaftServerImpl (RaftServerImpl.java:setRole(184)) - 12ad0800-05cb-443c-9fdd-fa1debf04523@group-BCB82A5C07F5: changes role from CANDIDATE to FOLLOWER at term 292 for DISCOVERED_A_NEW_TERM
2019-10-18 07:24:27,399 [12ad0800-05cb-443c-9fdd-fa1debf04523@group-BCB82A5C07F5-LeaderElection1348] INFO  impl.RoleInfo (RoleInfo.java:shutdownLeaderElection(134)) - 12ad0800-05cb-443c-9fdd-fa1debf04523: shutdown LeaderElection
2019-10-18 07:24:27,399 [12ad0800-05cb-443c-9fdd-fa1debf04523@group-BCB82A5C07F5-LeaderElection1348] INFO  impl.RoleInfo (RoleInfo.java:updateAndGet(143)) - 12ad0800-05cb-443c-9fdd-fa1debf04523: start FollowerState
2019-10-18 07:24:27,527 [Thread-11290] INFO  impl.FollowerState (FollowerState.java:run(108)) - 12ad0800-05cb-443c-9fdd-fa1debf04523@group-BCB82A5C07F5-FollowerState: change to CANDIDATE, lastRpcTime:127ms, electionTimeout:127ms
2019-10-18 07:24:27,527 [Thread-11290] INFO  impl.RoleInfo (RoleInfo.java:shutdownFollowerState(121)) - 12ad0800-05cb-443c-9fdd-fa1debf04523: shutdown FollowerState
2019-10-18 07:24:27,527 [Thread-11290] INFO  impl.RaftServerImpl (RaftServerImpl.java:setRole(184)) - 12ad0800-05cb-443c-9fdd-fa1debf04523@group-BCB82A5C07F5: changes role from  FOLLOWER to CANDIDATE at term 292 for changeToCandidate
2019-10-18 07:24:27,527 [Thread-11290] INFO  impl.RoleInfo (RoleInfo.java:updateAndGet(143)) - 12ad0800-05cb-443c-9fdd-fa1debf04523: start LeaderElection
2019-10-18 07:24:27,557 [12ad0800-05cb-443c-9fdd-fa1debf04523@group-BCB82A5C07F5-LeaderElection1349] INFO  impl.LeaderElection (LeaderElection.java:askForVotes(178)) - 12ad0800-05cb-443c-9fdd-fa1debf04523@group-BCB82A5C07F5-LeaderElection1349: begin an election at term 293 for -1: [12ad0800-05cb-443c-9fdd-fa1debf04523:192.168.34.25:41155, 5170c5f3-8499-4b42-9321-85fc8a351f79:192.168.34.25:43074, 0b10a9fc-47eb-4a2b-b664-8273d9d17379:192.168.34.25:45248], old=null
2019-10-18 07:24:27,557 [12ad0800-05cb-443c-9fdd-fa1debf04523@group-BCB82A5C07F5-LeaderElection1349] INFO  impl.LeaderElection (LogUtils.java:infoOrTrace(149)) - 12ad0800-05cb-443c-9fdd-fa1debf04523@group-BCB82A5C07F5-LeaderElection1349 got exception when requesting votes: {}
java.util.concurrent.ExecutionException: org.apache.ratis.thirdparty.io.grpc.StatusRuntimeException: UNAVAILABLE: io exception
	at java.util.concurrent.FutureTask.report(FutureTask.java:122)
	at java.util.concurrent.FutureTask.get(FutureTask.java:192)
	at org.apache.ratis.server.impl.LeaderElection.waitForResults(LeaderElection.java:259)
	at org.apache.ratis.server.impl.LeaderElection.askForVotes(LeaderElection.java:197)
	at org.apache.ratis.server.impl.LeaderElection.run(LeaderElection.java:133)
	at java.lang.Thread.run(Thread.java:748)
Caused by: org.apache.ratis.thirdparty.io.grpc.StatusRuntimeException: UNAVAILABLE: io exception
	at org.apache.ratis.thirdparty.io.grpc.stub.ClientCalls.toStatusRuntimeException(ClientCalls.java:233)
	at org.apache.ratis.thirdparty.io.grpc.stub.ClientCalls.getUnchecked(ClientCalls.java:214)
	at org.apache.ratis.thirdparty.io.grpc.stub.ClientCalls.blockingUnaryCall(ClientCalls.java:139)
	at org.apache.ratis.proto.grpc.RaftServerProtocolServiceGrpc$RaftServerProtocolServiceBlockingStub.requestVote(RaftServerProtocolServiceGrpc.java:265)
	at org.apache.ratis.grpc.server.GrpcServerProtocolClient.requestVote(GrpcServerProtocolClient.java:99)
	at org.apache.ratis.grpc.server.GrpcService.requestVote(GrpcService.java:204)
	at org.apache.ratis.server.impl.LeaderElection.lambda$submitRequests$1(LeaderElection.java:234)
	at java.util.concurrent.FutureTask.run(FutureTask.java:266)
	at java.util.concurrent.Executors$RunnableAdapter.call(Executors.java:511)
	at java.util.concurrent.FutureTask.run(FutureTask.java:266)
	at java.util.concurrent.ThreadPoolExecutor.runWorker(ThreadPoolExecutor.java:1149)
	at java.util.concurrent.ThreadPoolExecutor$Worker.run(ThreadPoolExecutor.java:624)
	... 1 more
Caused by: org.apache.ratis.thirdparty.io.netty.channel.AbstractChannel$AnnotatedConnectException: Connection refused: /192.168.34.25:43074
	at sun.nio.ch.SocketChannelImpl.checkConnect(Native Method)
	at sun.nio.ch.SocketChannelImpl.finishConnect(SocketChannelImpl.java:717)
	at org.apache.ratis.thirdparty.io.netty.channel.socket.nio.NioSocketChannel.doFinishConnect(NioSocketChannel.java:327)
	at org.apache.ratis.thirdparty.io.netty.channel.nio.AbstractNioChannel$AbstractNioUnsafe.finishConnect(AbstractNioChannel.java:340)
	at org.apache.ratis.thirdparty.io.netty.channel.nio.NioEventLoop.processSelectedKey(NioEventLoop.java:632)
	at org.apache.ratis.thirdparty.io.netty.channel.nio.NioEventLoop.processSelectedKeysOptimized(NioEventLoop.java:579)
	at org.apache.ratis.thirdparty.io.netty.channel.nio.NioEventLoop.processSelectedKeys(NioEventLoop.java:496)
	at org.apache.ratis.thirdparty.io.netty.channel.nio.NioEventLoop.run(NioEventLoop.java:458)
	at org.apache.ratis.thirdparty.io.netty.util.concurrent.SingleThreadEventExecutor$5.run(SingleThreadEventExecutor.java:897)
	at org.apache.ratis.thirdparty.io.netty.util.concurrent.FastThreadLocalRunnable.run(FastThreadLocalRunnable.java:30)
	... 1 more
Caused by: java.net.ConnectException: Connection refused
	... 11 more
2019-10-18 07:24:27,558 [12ad0800-05cb-443c-9fdd-fa1debf04523@group-BCB82A5C07F5-LeaderElection1349] INFO  impl.LeaderElection (LogUtils.java:infoOrTrace(149)) - 12ad0800-05cb-443c-9fdd-fa1debf04523@group-BCB82A5C07F5-LeaderElection1349 got exception when requesting votes: {}
java.util.concurrent.ExecutionException: org.apache.ratis.thirdparty.io.grpc.StatusRuntimeException: UNAVAILABLE: io exception
	at java.util.concurrent.FutureTask.report(FutureTask.java:122)
	at java.util.concurrent.FutureTask.get(FutureTask.java:192)
	at org.apache.ratis.server.impl.LeaderElection.waitForResults(LeaderElection.java:259)
	at org.apache.ratis.server.impl.LeaderElection.askForVotes(LeaderElection.java:197)
	at org.apache.ratis.server.impl.LeaderElection.run(LeaderElection.java:133)
	at java.lang.Thread.run(Thread.java:748)
Caused by: org.apache.ratis.thirdparty.io.grpc.StatusRuntimeException: UNAVAILABLE: io exception
	at org.apache.ratis.thirdparty.io.grpc.stub.ClientCalls.toStatusRuntimeException(ClientCalls.java:233)
	at org.apache.ratis.thirdparty.io.grpc.stub.ClientCalls.getUnchecked(ClientCalls.java:214)
	at org.apache.ratis.thirdparty.io.grpc.stub.ClientCalls.blockingUnaryCall(ClientCalls.java:139)
	at org.apache.ratis.proto.grpc.RaftServerProtocolServiceGrpc$RaftServerProtocolServiceBlockingStub.requestVote(RaftServerProtocolServiceGrpc.java:265)
	at org.apache.ratis.grpc.server.GrpcServerProtocolClient.requestVote(GrpcServerProtocolClient.java:99)
	at org.apache.ratis.grpc.server.GrpcService.requestVote(GrpcService.java:204)
	at org.apache.ratis.server.impl.LeaderElection.lambda$submitRequests$1(LeaderElection.java:234)
	at java.util.concurrent.FutureTask.run(FutureTask.java:266)
	at java.util.concurrent.Executors$RunnableAdapter.call(Executors.java:511)
	at java.util.concurrent.FutureTask.run(FutureTask.java:266)
	at java.util.concurrent.ThreadPoolExecutor.runWorker(ThreadPoolExecutor.java:1149)
	at java.util.concurrent.ThreadPoolExecutor$Worker.run(ThreadPoolExecutor.java:624)
	... 1 more
Caused by: org.apache.ratis.thirdparty.io.netty.channel.AbstractChannel$AnnotatedConnectException: Connection refused: /192.168.34.25:45248
	at sun.nio.ch.SocketChannelImpl.checkConnect(Native Method)
	at sun.nio.ch.SocketChannelImpl.finishConnect(SocketChannelImpl.java:717)
	at org.apache.ratis.thirdparty.io.netty.channel.socket.nio.NioSocketChannel.doFinishConnect(NioSocketChannel.java:327)
	at org.apache.ratis.thirdparty.io.netty.channel.nio.AbstractNioChannel$AbstractNioUnsafe.finishConnect(AbstractNioChannel.java:340)
	at org.apache.ratis.thirdparty.io.netty.channel.nio.NioEventLoop.processSelectedKey(NioEventLoop.java:632)
	at org.apache.ratis.thirdparty.io.netty.channel.nio.NioEventLoop.processSelectedKeysOptimized(NioEventLoop.java:579)
	at org.apache.ratis.thirdparty.io.netty.channel.nio.NioEventLoop.processSelectedKeys(NioEventLoop.java:496)
	at org.apache.ratis.thirdparty.io.netty.channel.nio.NioEventLoop.run(NioEventLoop.java:458)
	at org.apache.ratis.thirdparty.io.netty.util.concurrent.SingleThreadEventExecutor$5.run(SingleThreadEventExecutor.java:897)
	at org.apache.ratis.thirdparty.io.netty.util.concurrent.FastThreadLocalRunnable.run(FastThreadLocalRunnable.java:30)
	... 1 more
Caused by: java.net.ConnectException: Connection refused
	... 11 more
2019-10-18 07:24:27,558 [12ad0800-05cb-443c-9fdd-fa1debf04523@group-BCB82A5C07F5-LeaderElection1349] INFO  impl.LeaderElection (LeaderElection.java:logAndReturn(56)) - 12ad0800-05cb-443c-9fdd-fa1debf04523@group-BCB82A5C07F5-LeaderElection1349: Election REJECTED; received 0 response(s) [] and 2 exception(s); 12ad0800-05cb-443c-9fdd-fa1debf04523@group-BCB82A5C07F5:t293, leader=null, voted=12ad0800-05cb-443c-9fdd-fa1debf04523, raftlog=12ad0800-05cb-443c-9fdd-fa1debf04523@group-BCB82A5C07F5-SegmentedRaftLog:OPENED:c-1,f-1,i0, conf=-1: [12ad0800-05cb-443c-9fdd-fa1debf04523:192.168.34.25:41155, 5170c5f3-8499-4b42-9321-85fc8a351f79:192.168.34.25:43074, 0b10a9fc-47eb-4a2b-b664-8273d9d17379:192.168.34.25:45248], old=null
2019-10-18 07:24:27,558 [12ad0800-05cb-443c-9fdd-fa1debf04523@group-BCB82A5C07F5-LeaderElection1349] INFO  impl.LeaderElection (LogUtils.java:infoOrTrace(149)) -   Exception 0: {}
java.util.concurrent.ExecutionException: org.apache.ratis.thirdparty.io.grpc.StatusRuntimeException: UNAVAILABLE: io exception
	at java.util.concurrent.FutureTask.report(FutureTask.java:122)
	at java.util.concurrent.FutureTask.get(FutureTask.java:192)
	at org.apache.ratis.server.impl.LeaderElection.waitForResults(LeaderElection.java:259)
	at org.apache.ratis.server.impl.LeaderElection.askForVotes(LeaderElection.java:197)
	at org.apache.ratis.server.impl.LeaderElection.run(LeaderElection.java:133)
	at java.lang.Thread.run(Thread.java:748)
Caused by: org.apache.ratis.thirdparty.io.grpc.StatusRuntimeException: UNAVAILABLE: io exception
	at org.apache.ratis.thirdparty.io.grpc.stub.ClientCalls.toStatusRuntimeException(ClientCalls.java:233)
	at org.apache.ratis.thirdparty.io.grpc.stub.ClientCalls.getUnchecked(ClientCalls.java:214)
	at org.apache.ratis.thirdparty.io.grpc.stub.ClientCalls.blockingUnaryCall(ClientCalls.java:139)
	at org.apache.ratis.proto.grpc.RaftServerProtocolServiceGrpc$RaftServerProtocolServiceBlockingStub.requestVote(RaftServerProtocolServiceGrpc.java:265)
	at org.apache.ratis.grpc.server.GrpcServerProtocolClient.requestVote(GrpcServerProtocolClient.java:99)
	at org.apache.ratis.grpc.server.GrpcService.requestVote(GrpcService.java:204)
	at org.apache.ratis.server.impl.LeaderElection.lambda$submitRequests$1(LeaderElection.java:234)
	at java.util.concurrent.FutureTask.run(FutureTask.java:266)
	at java.util.concurrent.Executors$RunnableAdapter.call(Executors.java:511)
	at java.util.concurrent.FutureTask.run(FutureTask.java:266)
	at java.util.concurrent.ThreadPoolExecutor.runWorker(ThreadPoolExecutor.java:1149)
	at java.util.concurrent.ThreadPoolExecutor$Worker.run(ThreadPoolExecutor.java:624)
	... 1 more
Caused by: org.apache.ratis.thirdparty.io.netty.channel.AbstractChannel$AnnotatedConnectException: Connection refused: /192.168.34.25:43074
	at sun.nio.ch.SocketChannelImpl.checkConnect(Native Method)
	at sun.nio.ch.SocketChannelImpl.finishConnect(SocketChannelImpl.java:717)
	at org.apache.ratis.thirdparty.io.netty.channel.socket.nio.NioSocketChannel.doFinishConnect(NioSocketChannel.java:327)
	at org.apache.ratis.thirdparty.io.netty.channel.nio.AbstractNioChannel$AbstractNioUnsafe.finishConnect(AbstractNioChannel.java:340)
	at org.apache.ratis.thirdparty.io.netty.channel.nio.NioEventLoop.processSelectedKey(NioEventLoop.java:632)
	at org.apache.ratis.thirdparty.io.netty.channel.nio.NioEventLoop.processSelectedKeysOptimized(NioEventLoop.java:579)
	at org.apache.ratis.thirdparty.io.netty.channel.nio.NioEventLoop.processSelectedKeys(NioEventLoop.java:496)
	at org.apache.ratis.thirdparty.io.netty.channel.nio.NioEventLoop.run(NioEventLoop.java:458)
	at org.apache.ratis.thirdparty.io.netty.util.concurrent.SingleThreadEventExecutor$5.run(SingleThreadEventExecutor.java:897)
	at org.apache.ratis.thirdparty.io.netty.util.concurrent.FastThreadLocalRunnable.run(FastThreadLocalRunnable.java:30)
	... 1 more
Caused by: java.net.ConnectException: Connection refused
	... 11 more
2019-10-18 07:24:27,558 [12ad0800-05cb-443c-9fdd-fa1debf04523@group-BCB82A5C07F5-LeaderElection1349] INFO  impl.LeaderElection (LogUtils.java:infoOrTrace(149)) -   Exception 1: {}
java.util.concurrent.ExecutionException: org.apache.ratis.thirdparty.io.grpc.StatusRuntimeException: UNAVAILABLE: io exception
	at java.util.concurrent.FutureTask.report(FutureTask.java:122)
	at java.util.concurrent.FutureTask.get(FutureTask.java:192)
	at org.apache.ratis.server.impl.LeaderElection.waitForResults(LeaderElection.java:259)
	at org.apache.ratis.server.impl.LeaderElection.askForVotes(LeaderElection.java:197)
	at org.apache.ratis.server.impl.LeaderElection.run(LeaderElection.java:133)
	at java.lang.Thread.run(Thread.java:748)
Caused by: org.apache.ratis.thirdparty.io.grpc.StatusRuntimeException: UNAVAILABLE: io exception
	at org.apache.ratis.thirdparty.io.grpc.stub.ClientCalls.toStatusRuntimeException(ClientCalls.java:233)
	at org.apache.ratis.thirdparty.io.grpc.stub.ClientCalls.getUnchecked(ClientCalls.java:214)
	at org.apache.ratis.thirdparty.io.grpc.stub.ClientCalls.blockingUnaryCall(ClientCalls.java:139)
	at org.apache.ratis.proto.grpc.RaftServerProtocolServiceGrpc$RaftServerProtocolServiceBlockingStub.requestVote(RaftServerProtocolServiceGrpc.java:265)
	at org.apache.ratis.grpc.server.GrpcServerProtocolClient.requestVote(GrpcServerProtocolClient.java:99)
	at org.apache.ratis.grpc.server.GrpcService.requestVote(GrpcService.java:204)
	at org.apache.ratis.server.impl.LeaderElection.lambda$submitRequests$1(LeaderElection.java:234)
	at java.util.concurrent.FutureTask.run(FutureTask.java:266)
	at java.util.concurrent.Executors$RunnableAdapter.call(Executors.java:511)
	at java.util.concurrent.FutureTask.run(FutureTask.java:266)
	at java.util.concurrent.ThreadPoolExecutor.runWorker(ThreadPoolExecutor.java:1149)
	at java.util.concurrent.ThreadPoolExecutor$Worker.run(ThreadPoolExecutor.java:624)
	... 1 more
Caused by: org.apache.ratis.thirdparty.io.netty.channel.AbstractChannel$AnnotatedConnectException: Connection refused: /192.168.34.25:45248
	at sun.nio.ch.SocketChannelImpl.checkConnect(Native Method)
	at sun.nio.ch.SocketChannelImpl.finishConnect(SocketChannelImpl.java:717)
	at org.apache.ratis.thirdparty.io.netty.channel.socket.nio.NioSocketChannel.doFinishConnect(NioSocketChannel.java:327)
	at org.apache.ratis.thirdparty.io.netty.channel.nio.AbstractNioChannel$AbstractNioUnsafe.finishConnect(AbstractNioChannel.java:340)
	at org.apache.ratis.thirdparty.io.netty.channel.nio.NioEventLoop.processSelectedKey(NioEventLoop.java:632)
	at org.apache.ratis.thirdparty.io.netty.channel.nio.NioEventLoop.processSelectedKeysOptimized(NioEventLoop.java:579)
	at org.apache.ratis.thirdparty.io.netty.channel.nio.NioEventLoop.processSelectedKeys(NioEventLoop.java:496)
	at org.apache.ratis.thirdparty.io.netty.channel.nio.NioEventLoop.run(NioEventLoop.java:458)
	at org.apache.ratis.thirdparty.io.netty.util.concurrent.SingleThreadEventExecutor$5.run(SingleThreadEventExecutor.java:897)
	at org.apache.ratis.thirdparty.io.netty.util.concurrent.FastThreadLocalRunnable.run(FastThreadLocalRunnable.java:30)
	... 1 more
Caused by: java.net.ConnectException: Connection refused
	... 11 more
2019-10-18 07:24:27,559 [12ad0800-05cb-443c-9fdd-fa1debf04523@group-BCB82A5C07F5-LeaderElection1349] INFO  impl.RaftServerImpl (RaftServerImpl.java:setRole(184)) - 12ad0800-05cb-443c-9fdd-fa1debf04523@group-BCB82A5C07F5: changes role from CANDIDATE to FOLLOWER at term 293 for DISCOVERED_A_NEW_TERM
2019-10-18 07:24:27,559 [12ad0800-05cb-443c-9fdd-fa1debf04523@group-BCB82A5C07F5-LeaderElection1349] INFO  impl.RoleInfo (RoleInfo.java:shutdownLeaderElection(134)) - 12ad0800-05cb-443c-9fdd-fa1debf04523: shutdown LeaderElection
2019-10-18 07:24:27,559 [12ad0800-05cb-443c-9fdd-fa1debf04523@group-BCB82A5C07F5-LeaderElection1349] INFO  impl.RoleInfo (RoleInfo.java:updateAndGet(143)) - 12ad0800-05cb-443c-9fdd-fa1debf04523: start FollowerState
2019-10-18 07:24:27,688 [Thread-11294] INFO  impl.FollowerState (FollowerState.java:run(108)) - 12ad0800-05cb-443c-9fdd-fa1debf04523@group-BCB82A5C07F5-FollowerState: change to CANDIDATE, lastRpcTime:129ms, electionTimeout:129ms
2019-10-18 07:24:27,689 [Thread-11294] INFO  impl.RoleInfo (RoleInfo.java:shutdownFollowerState(121)) - 12ad0800-05cb-443c-9fdd-fa1debf04523: shutdown FollowerState
2019-10-18 07:24:27,689 [Thread-11294] INFO  impl.RaftServerImpl (RaftServerImpl.java:setRole(184)) - 12ad0800-05cb-443c-9fdd-fa1debf04523@group-BCB82A5C07F5: changes role from  FOLLOWER to CANDIDATE at term 293 for changeToCandidate
2019-10-18 07:24:27,689 [Thread-11294] INFO  impl.RoleInfo (RoleInfo.java:updateAndGet(143)) - 12ad0800-05cb-443c-9fdd-fa1debf04523: start LeaderElection
2019-10-18 07:24:27,713 [12ad0800-05cb-443c-9fdd-fa1debf04523@group-BCB82A5C07F5-LeaderElection1350] INFO  impl.LeaderElection (LeaderElection.java:askForVotes(178)) - 12ad0800-05cb-443c-9fdd-fa1debf04523@group-BCB82A5C07F5-LeaderElection1350: begin an election at term 294 for -1: [12ad0800-05cb-443c-9fdd-fa1debf04523:192.168.34.25:41155, 5170c5f3-8499-4b42-9321-85fc8a351f79:192.168.34.25:43074, 0b10a9fc-47eb-4a2b-b664-8273d9d17379:192.168.34.25:45248], old=null
2019-10-18 07:24:27,714 [12ad0800-05cb-443c-9fdd-fa1debf04523@group-BCB82A5C07F5-LeaderElection1350] INFO  impl.LeaderElection (LogUtils.java:infoOrTrace(149)) - 12ad0800-05cb-443c-9fdd-fa1debf04523@group-BCB82A5C07F5-LeaderElection1350 got exception when requesting votes: {}
java.util.concurrent.ExecutionException: org.apache.ratis.thirdparty.io.grpc.StatusRuntimeException: UNAVAILABLE: io exception
	at java.util.concurrent.FutureTask.report(FutureTask.java:122)
	at java.util.concurrent.FutureTask.get(FutureTask.java:192)
	at org.apache.ratis.server.impl.LeaderElection.waitForResults(LeaderElection.java:259)
	at org.apache.ratis.server.impl.LeaderElection.askForVotes(LeaderElection.java:197)
	at org.apache.ratis.server.impl.LeaderElection.run(LeaderElection.java:133)
	at java.lang.Thread.run(Thread.java:748)
Caused by: org.apache.ratis.thirdparty.io.grpc.StatusRuntimeException: UNAVAILABLE: io exception
	at org.apache.ratis.thirdparty.io.grpc.stub.ClientCalls.toStatusRuntimeException(ClientCalls.java:233)
	at org.apache.ratis.thirdparty.io.grpc.stub.ClientCalls.getUnchecked(ClientCalls.java:214)
	at org.apache.ratis.thirdparty.io.grpc.stub.ClientCalls.blockingUnaryCall(ClientCalls.java:139)
	at org.apache.ratis.proto.grpc.RaftServerProtocolServiceGrpc$RaftServerProtocolServiceBlockingStub.requestVote(RaftServerProtocolServiceGrpc.java:265)
	at org.apache.ratis.grpc.server.GrpcServerProtocolClient.requestVote(GrpcServerProtocolClient.java:99)
	at org.apache.ratis.grpc.server.GrpcService.requestVote(GrpcService.java:204)
	at org.apache.ratis.server.impl.LeaderElection.lambda$submitRequests$1(LeaderElection.java:234)
	at java.util.concurrent.FutureTask.run(FutureTask.java:266)
	at java.util.concurrent.Executors$RunnableAdapter.call(Executors.java:511)
	at java.util.concurrent.FutureTask.run(FutureTask.java:266)
	at java.util.concurrent.ThreadPoolExecutor.runWorker(ThreadPoolExecutor.java:1149)
	at java.util.concurrent.ThreadPoolExecutor$Worker.run(ThreadPoolExecutor.java:624)
	... 1 more
Caused by: org.apache.ratis.thirdparty.io.netty.channel.AbstractChannel$AnnotatedConnectException: Connection refused: /192.168.34.25:43074
	at sun.nio.ch.SocketChannelImpl.checkConnect(Native Method)
	at sun.nio.ch.SocketChannelImpl.finishConnect(SocketChannelImpl.java:717)
	at org.apache.ratis.thirdparty.io.netty.channel.socket.nio.NioSocketChannel.doFinishConnect(NioSocketChannel.java:327)
	at org.apache.ratis.thirdparty.io.netty.channel.nio.AbstractNioChannel$AbstractNioUnsafe.finishConnect(AbstractNioChannel.java:340)
	at org.apache.ratis.thirdparty.io.netty.channel.nio.NioEventLoop.processSelectedKey(NioEventLoop.java:632)
	at org.apache.ratis.thirdparty.io.netty.channel.nio.NioEventLoop.processSelectedKeysOptimized(NioEventLoop.java:579)
	at org.apache.ratis.thirdparty.io.netty.channel.nio.NioEventLoop.processSelectedKeys(NioEventLoop.java:496)
	at org.apache.ratis.thirdparty.io.netty.channel.nio.NioEventLoop.run(NioEventLoop.java:458)
	at org.apache.ratis.thirdparty.io.netty.util.concurrent.SingleThreadEventExecutor$5.run(SingleThreadEventExecutor.java:897)
	at org.apache.ratis.thirdparty.io.netty.util.concurrent.FastThreadLocalRunnable.run(FastThreadLocalRunnable.java:30)
	... 1 more
Caused by: java.net.ConnectException: Connection refused
	... 11 more
2019-10-18 07:24:27,714 [12ad0800-05cb-443c-9fdd-fa1debf04523@group-BCB82A5C07F5-LeaderElection1350] INFO  impl.LeaderElection (LogUtils.java:infoOrTrace(149)) - 12ad0800-05cb-443c-9fdd-fa1debf04523@group-BCB82A5C07F5-LeaderElection1350 got exception when requesting votes: {}
java.util.concurrent.ExecutionException: org.apache.ratis.thirdparty.io.grpc.StatusRuntimeException: UNAVAILABLE: io exception
	at java.util.concurrent.FutureTask.report(FutureTask.java:122)
	at java.util.concurrent.FutureTask.get(FutureTask.java:192)
	at org.apache.ratis.server.impl.LeaderElection.waitForResults(LeaderElection.java:259)
	at org.apache.ratis.server.impl.LeaderElection.askForVotes(LeaderElection.java:197)
	at org.apache.ratis.server.impl.LeaderElection.run(LeaderElection.java:133)
	at java.lang.Thread.run(Thread.java:748)
Caused by: org.apache.ratis.thirdparty.io.grpc.StatusRuntimeException: UNAVAILABLE: io exception
	at org.apache.ratis.thirdparty.io.grpc.stub.ClientCalls.toStatusRuntimeException(ClientCalls.java:233)
	at org.apache.ratis.thirdparty.io.grpc.stub.ClientCalls.getUnchecked(ClientCalls.java:214)
	at org.apache.ratis.thirdparty.io.grpc.stub.ClientCalls.blockingUnaryCall(ClientCalls.java:139)
	at org.apache.ratis.proto.grpc.RaftServerProtocolServiceGrpc$RaftServerProtocolServiceBlockingStub.requestVote(RaftServerProtocolServiceGrpc.java:265)
	at org.apache.ratis.grpc.server.GrpcServerProtocolClient.requestVote(GrpcServerProtocolClient.java:99)
	at org.apache.ratis.grpc.server.GrpcService.requestVote(GrpcService.java:204)
	at org.apache.ratis.server.impl.LeaderElection.lambda$submitRequests$1(LeaderElection.java:234)
	at java.util.concurrent.FutureTask.run(FutureTask.java:266)
	at java.util.concurrent.Executors$RunnableAdapter.call(Executors.java:511)
	at java.util.concurrent.FutureTask.run(FutureTask.java:266)
	at java.util.concurrent.ThreadPoolExecutor.runWorker(ThreadPoolExecutor.java:1149)
	at java.util.concurrent.ThreadPoolExecutor$Worker.run(ThreadPoolExecutor.java:624)
	... 1 more
Caused by: org.apache.ratis.thirdparty.io.netty.channel.AbstractChannel$AnnotatedConnectException: Connection refused: /192.168.34.25:45248
	at sun.nio.ch.SocketChannelImpl.checkConnect(Native Method)
	at sun.nio.ch.SocketChannelImpl.finishConnect(SocketChannelImpl.java:717)
	at org.apache.ratis.thirdparty.io.netty.channel.socket.nio.NioSocketChannel.doFinishConnect(NioSocketChannel.java:327)
	at org.apache.ratis.thirdparty.io.netty.channel.nio.AbstractNioChannel$AbstractNioUnsafe.finishConnect(AbstractNioChannel.java:340)
	at org.apache.ratis.thirdparty.io.netty.channel.nio.NioEventLoop.processSelectedKey(NioEventLoop.java:632)
	at org.apache.ratis.thirdparty.io.netty.channel.nio.NioEventLoop.processSelectedKeysOptimized(NioEventLoop.java:579)
	at org.apache.ratis.thirdparty.io.netty.channel.nio.NioEventLoop.processSelectedKeys(NioEventLoop.java:496)
	at org.apache.ratis.thirdparty.io.netty.channel.nio.NioEventLoop.run(NioEventLoop.java:458)
	at org.apache.ratis.thirdparty.io.netty.util.concurrent.SingleThreadEventExecutor$5.run(SingleThreadEventExecutor.java:897)
	at org.apache.ratis.thirdparty.io.netty.util.concurrent.FastThreadLocalRunnable.run(FastThreadLocalRunnable.java:30)
	... 1 more
Caused by: java.net.ConnectException: Connection refused
	... 11 more
2019-10-18 07:24:27,715 [12ad0800-05cb-443c-9fdd-fa1debf04523@group-BCB82A5C07F5-LeaderElection1350] INFO  impl.LeaderElection (LeaderElection.java:logAndReturn(56)) - 12ad0800-05cb-443c-9fdd-fa1debf04523@group-BCB82A5C07F5-LeaderElection1350: Election REJECTED; received 0 response(s) [] and 2 exception(s); 12ad0800-05cb-443c-9fdd-fa1debf04523@group-BCB82A5C07F5:t294, leader=null, voted=12ad0800-05cb-443c-9fdd-fa1debf04523, raftlog=12ad0800-05cb-443c-9fdd-fa1debf04523@group-BCB82A5C07F5-SegmentedRaftLog:OPENED:c-1,f-1,i0, conf=-1: [12ad0800-05cb-443c-9fdd-fa1debf04523:192.168.34.25:41155, 5170c5f3-8499-4b42-9321-85fc8a351f79:192.168.34.25:43074, 0b10a9fc-47eb-4a2b-b664-8273d9d17379:192.168.34.25:45248], old=null
2019-10-18 07:24:27,715 [12ad0800-05cb-443c-9fdd-fa1debf04523@group-BCB82A5C07F5-LeaderElection1350] INFO  impl.LeaderElection (LogUtils.java:infoOrTrace(149)) -   Exception 0: {}
java.util.concurrent.ExecutionException: org.apache.ratis.thirdparty.io.grpc.StatusRuntimeException: UNAVAILABLE: io exception
	at java.util.concurrent.FutureTask.report(FutureTask.java:122)
	at java.util.concurrent.FutureTask.get(FutureTask.java:192)
	at org.apache.ratis.server.impl.LeaderElection.waitForResults(LeaderElection.java:259)
	at org.apache.ratis.server.impl.LeaderElection.askForVotes(LeaderElection.java:197)
	at org.apache.ratis.server.impl.LeaderElection.run(LeaderElection.java:133)
	at java.lang.Thread.run(Thread.java:748)
Caused by: org.apache.ratis.thirdparty.io.grpc.StatusRuntimeException: UNAVAILABLE: io exception
	at org.apache.ratis.thirdparty.io.grpc.stub.ClientCalls.toStatusRuntimeException(ClientCalls.java:233)
	at org.apache.ratis.thirdparty.io.grpc.stub.ClientCalls.getUnchecked(ClientCalls.java:214)
	at org.apache.ratis.thirdparty.io.grpc.stub.ClientCalls.blockingUnaryCall(ClientCalls.java:139)
	at org.apache.ratis.proto.grpc.RaftServerProtocolServiceGrpc$RaftServerProtocolServiceBlockingStub.requestVote(RaftServerProtocolServiceGrpc.java:265)
	at org.apache.ratis.grpc.server.GrpcServerProtocolClient.requestVote(GrpcServerProtocolClient.java:99)
	at org.apache.ratis.grpc.server.GrpcService.requestVote(GrpcService.java:204)
	at org.apache.ratis.server.impl.LeaderElection.lambda$submitRequests$1(LeaderElection.java:234)
	at java.util.concurrent.FutureTask.run(FutureTask.java:266)
	at java.util.concurrent.Executors$RunnableAdapter.call(Executors.java:511)
	at java.util.concurrent.FutureTask.run(FutureTask.java:266)
	at java.util.concurrent.ThreadPoolExecutor.runWorker(ThreadPoolExecutor.java:1149)
	at java.util.concurrent.ThreadPoolExecutor$Worker.run(ThreadPoolExecutor.java:624)
	... 1 more
Caused by: org.apache.ratis.thirdparty.io.netty.channel.AbstractChannel$AnnotatedConnectException: Connection refused: /192.168.34.25:43074
	at sun.nio.ch.SocketChannelImpl.checkConnect(Native Method)
	at sun.nio.ch.SocketChannelImpl.finishConnect(SocketChannelImpl.java:717)
	at org.apache.ratis.thirdparty.io.netty.channel.socket.nio.NioSocketChannel.doFinishConnect(NioSocketChannel.java:327)
	at org.apache.ratis.thirdparty.io.netty.channel.nio.AbstractNioChannel$AbstractNioUnsafe.finishConnect(AbstractNioChannel.java:340)
	at org.apache.ratis.thirdparty.io.netty.channel.nio.NioEventLoop.processSelectedKey(NioEventLoop.java:632)
	at org.apache.ratis.thirdparty.io.netty.channel.nio.NioEventLoop.processSelectedKeysOptimized(NioEventLoop.java:579)
	at org.apache.ratis.thirdparty.io.netty.channel.nio.NioEventLoop.processSelectedKeys(NioEventLoop.java:496)
	at org.apache.ratis.thirdparty.io.netty.channel.nio.NioEventLoop.run(NioEventLoop.java:458)
	at org.apache.ratis.thirdparty.io.netty.util.concurrent.SingleThreadEventExecutor$5.run(SingleThreadEventExecutor.java:897)
	at org.apache.ratis.thirdparty.io.netty.util.concurrent.FastThreadLocalRunnable.run(FastThreadLocalRunnable.java:30)
	... 1 more
Caused by: java.net.ConnectException: Connection refused
	... 11 more
2019-10-18 07:24:27,715 [12ad0800-05cb-443c-9fdd-fa1debf04523@group-BCB82A5C07F5-LeaderElection1350] INFO  impl.LeaderElection (LogUtils.java:infoOrTrace(149)) -   Exception 1: {}
java.util.concurrent.ExecutionException: org.apache.ratis.thirdparty.io.grpc.StatusRuntimeException: UNAVAILABLE: io exception
	at java.util.concurrent.FutureTask.report(FutureTask.java:122)
	at java.util.concurrent.FutureTask.get(FutureTask.java:192)
	at org.apache.ratis.server.impl.LeaderElection.waitForResults(LeaderElection.java:259)
	at org.apache.ratis.server.impl.LeaderElection.askForVotes(LeaderElection.java:197)
	at org.apache.ratis.server.impl.LeaderElection.run(LeaderElection.java:133)
	at java.lang.Thread.run(Thread.java:748)
Caused by: org.apache.ratis.thirdparty.io.grpc.StatusRuntimeException: UNAVAILABLE: io exception
	at org.apache.ratis.thirdparty.io.grpc.stub.ClientCalls.toStatusRuntimeException(ClientCalls.java:233)
	at org.apache.ratis.thirdparty.io.grpc.stub.ClientCalls.getUnchecked(ClientCalls.java:214)
	at org.apache.ratis.thirdparty.io.grpc.stub.ClientCalls.blockingUnaryCall(ClientCalls.java:139)
	at org.apache.ratis.proto.grpc.RaftServerProtocolServiceGrpc$RaftServerProtocolServiceBlockingStub.requestVote(RaftServerProtocolServiceGrpc.java:265)
	at org.apache.ratis.grpc.server.GrpcServerProtocolClient.requestVote(GrpcServerProtocolClient.java:99)
	at org.apache.ratis.grpc.server.GrpcService.requestVote(GrpcService.java:204)
	at org.apache.ratis.server.impl.LeaderElection.lambda$submitRequests$1(LeaderElection.java:234)
	at java.util.concurrent.FutureTask.run(FutureTask.java:266)
	at java.util.concurrent.Executors$RunnableAdapter.call(Executors.java:511)
	at java.util.concurrent.FutureTask.run(FutureTask.java:266)
	at java.util.concurrent.ThreadPoolExecutor.runWorker(ThreadPoolExecutor.java:1149)
	at java.util.concurrent.ThreadPoolExecutor$Worker.run(ThreadPoolExecutor.java:624)
	... 1 more
Caused by: org.apache.ratis.thirdparty.io.netty.channel.AbstractChannel$AnnotatedConnectException: Connection refused: /192.168.34.25:45248
	at sun.nio.ch.SocketChannelImpl.checkConnect(Native Method)
	at sun.nio.ch.SocketChannelImpl.finishConnect(SocketChannelImpl.java:717)
	at org.apache.ratis.thirdparty.io.netty.channel.socket.nio.NioSocketChannel.doFinishConnect(NioSocketChannel.java:327)
	at org.apache.ratis.thirdparty.io.netty.channel.nio.AbstractNioChannel$AbstractNioUnsafe.finishConnect(AbstractNioChannel.java:340)
	at org.apache.ratis.thirdparty.io.netty.channel.nio.NioEventLoop.processSelectedKey(NioEventLoop.java:632)
	at org.apache.ratis.thirdparty.io.netty.channel.nio.NioEventLoop.processSelectedKeysOptimized(NioEventLoop.java:579)
	at org.apache.ratis.thirdparty.io.netty.channel.nio.NioEventLoop.processSelectedKeys(NioEventLoop.java:496)
	at org.apache.ratis.thirdparty.io.netty.channel.nio.NioEventLoop.run(NioEventLoop.java:458)
	at org.apache.ratis.thirdparty.io.netty.util.concurrent.SingleThreadEventExecutor$5.run(SingleThreadEventExecutor.java:897)
	at org.apache.ratis.thirdparty.io.netty.util.concurrent.FastThreadLocalRunnable.run(FastThreadLocalRunnable.java:30)
	... 1 more
Caused by: java.net.ConnectException: Connection refused
	... 11 more
2019-10-18 07:24:27,715 [12ad0800-05cb-443c-9fdd-fa1debf04523@group-BCB82A5C07F5-LeaderElection1350] INFO  impl.RaftServerImpl (RaftServerImpl.java:setRole(184)) - 12ad0800-05cb-443c-9fdd-fa1debf04523@group-BCB82A5C07F5: changes role from CANDIDATE to FOLLOWER at term 294 for DISCOVERED_A_NEW_TERM
2019-10-18 07:24:27,715 [12ad0800-05cb-443c-9fdd-fa1debf04523@group-BCB82A5C07F5-LeaderElection1350] INFO  impl.RoleInfo (RoleInfo.java:shutdownLeaderElection(134)) - 12ad0800-05cb-443c-9fdd-fa1debf04523: shutdown LeaderElection
2019-10-18 07:24:27,716 [12ad0800-05cb-443c-9fdd-fa1debf04523@group-BCB82A5C07F5-LeaderElection1350] INFO  impl.RoleInfo (RoleInfo.java:updateAndGet(143)) - 12ad0800-05cb-443c-9fdd-fa1debf04523: start FollowerState
2019-10-18 07:24:27,909 [Thread-11298] INFO  impl.FollowerState (FollowerState.java:run(108)) - 12ad0800-05cb-443c-9fdd-fa1debf04523@group-BCB82A5C07F5-FollowerState: change to CANDIDATE, lastRpcTime:193ms, electionTimeout:193ms
2019-10-18 07:24:27,909 [Thread-11298] INFO  impl.RoleInfo (RoleInfo.java:shutdownFollowerState(121)) - 12ad0800-05cb-443c-9fdd-fa1debf04523: shutdown FollowerState
2019-10-18 07:24:27,910 [Thread-11298] INFO  impl.RaftServerImpl (RaftServerImpl.java:setRole(184)) - 12ad0800-05cb-443c-9fdd-fa1debf04523@group-BCB82A5C07F5: changes role from  FOLLOWER to CANDIDATE at term 294 for changeToCandidate
2019-10-18 07:24:27,910 [Thread-11298] INFO  impl.RoleInfo (RoleInfo.java:updateAndGet(143)) - 12ad0800-05cb-443c-9fdd-fa1debf04523: start LeaderElection
2019-10-18 07:24:27,930 [12ad0800-05cb-443c-9fdd-fa1debf04523@group-BCB82A5C07F5-LeaderElection1351] INFO  impl.LeaderElection (LeaderElection.java:askForVotes(178)) - 12ad0800-05cb-443c-9fdd-fa1debf04523@group-BCB82A5C07F5-LeaderElection1351: begin an election at term 295 for -1: [12ad0800-05cb-443c-9fdd-fa1debf04523:192.168.34.25:41155, 5170c5f3-8499-4b42-9321-85fc8a351f79:192.168.34.25:43074, 0b10a9fc-47eb-4a2b-b664-8273d9d17379:192.168.34.25:45248], old=null
2019-10-18 07:24:27,933 [12ad0800-05cb-443c-9fdd-fa1debf04523@group-BCB82A5C07F5-LeaderElection1351] INFO  impl.LeaderElection (LogUtils.java:infoOrTrace(149)) - 12ad0800-05cb-443c-9fdd-fa1debf04523@group-BCB82A5C07F5-LeaderElection1351 got exception when requesting votes: {}
java.util.concurrent.ExecutionException: org.apache.ratis.thirdparty.io.grpc.StatusRuntimeException: UNAVAILABLE: io exception
	at java.util.concurrent.FutureTask.report(FutureTask.java:122)
	at java.util.concurrent.FutureTask.get(FutureTask.java:192)
	at org.apache.ratis.server.impl.LeaderElection.waitForResults(LeaderElection.java:259)
	at org.apache.ratis.server.impl.LeaderElection.askForVotes(LeaderElection.java:197)
	at org.apache.ratis.server.impl.LeaderElection.run(LeaderElection.java:133)
	at java.lang.Thread.run(Thread.java:748)
Caused by: org.apache.ratis.thirdparty.io.grpc.StatusRuntimeException: UNAVAILABLE: io exception
	at org.apache.ratis.thirdparty.io.grpc.stub.ClientCalls.toStatusRuntimeException(ClientCalls.java:233)
	at org.apache.ratis.thirdparty.io.grpc.stub.ClientCalls.getUnchecked(ClientCalls.java:214)
	at org.apache.ratis.thirdparty.io.grpc.stub.ClientCalls.blockingUnaryCall(ClientCalls.java:139)
	at org.apache.ratis.proto.grpc.RaftServerProtocolServiceGrpc$RaftServerProtocolServiceBlockingStub.requestVote(RaftServerProtocolServiceGrpc.java:265)
	at org.apache.ratis.grpc.server.GrpcServerProtocolClient.requestVote(GrpcServerProtocolClient.java:99)
	at org.apache.ratis.grpc.server.GrpcService.requestVote(GrpcService.java:204)
	at org.apache.ratis.server.impl.LeaderElection.lambda$submitRequests$1(LeaderElection.java:234)
	at java.util.concurrent.FutureTask.run(FutureTask.java:266)
	at java.util.concurrent.Executors$RunnableAdapter.call(Executors.java:511)
	at java.util.concurrent.FutureTask.run(FutureTask.java:266)
	at java.util.concurrent.ThreadPoolExecutor.runWorker(ThreadPoolExecutor.java:1149)
	at java.util.concurrent.ThreadPoolExecutor$Worker.run(ThreadPoolExecutor.java:624)
	... 1 more
Caused by: org.apache.ratis.thirdparty.io.netty.channel.AbstractChannel$AnnotatedConnectException: Connection refused: /192.168.34.25:45248
	at sun.nio.ch.SocketChannelImpl.checkConnect(Native Method)
	at sun.nio.ch.SocketChannelImpl.finishConnect(SocketChannelImpl.java:717)
	at org.apache.ratis.thirdparty.io.netty.channel.socket.nio.NioSocketChannel.doFinishConnect(NioSocketChannel.java:327)
	at org.apache.ratis.thirdparty.io.netty.channel.nio.AbstractNioChannel$AbstractNioUnsafe.finishConnect(AbstractNioChannel.java:340)
	at org.apache.ratis.thirdparty.io.netty.channel.nio.NioEventLoop.processSelectedKey(NioEventLoop.java:632)
	at org.apache.ratis.thirdparty.io.netty.channel.nio.NioEventLoop.processSelectedKeysOptimized(NioEventLoop.java:579)
	at org.apache.ratis.thirdparty.io.netty.channel.nio.NioEventLoop.processSelectedKeys(NioEventLoop.java:496)
	at org.apache.ratis.thirdparty.io.netty.channel.nio.NioEventLoop.run(NioEventLoop.java:458)
	at org.apache.ratis.thirdparty.io.netty.util.concurrent.SingleThreadEventExecutor$5.run(SingleThreadEventExecutor.java:897)
	at org.apache.ratis.thirdparty.io.netty.util.concurrent.FastThreadLocalRunnable.run(FastThreadLocalRunnable.java:30)
	... 1 more
Caused by: java.net.ConnectException: Connection refused
	... 11 more
2019-10-18 07:24:27,933 [12ad0800-05cb-443c-9fdd-fa1debf04523@group-BCB82A5C07F5-LeaderElection1351] INFO  impl.LeaderElection (LogUtils.java:infoOrTrace(149)) - 12ad0800-05cb-443c-9fdd-fa1debf04523@group-BCB82A5C07F5-LeaderElection1351 got exception when requesting votes: {}
java.util.concurrent.ExecutionException: org.apache.ratis.thirdparty.io.grpc.StatusRuntimeException: UNAVAILABLE: io exception
	at java.util.concurrent.FutureTask.report(FutureTask.java:122)
	at java.util.concurrent.FutureTask.get(FutureTask.java:192)
	at org.apache.ratis.server.impl.LeaderElection.waitForResults(LeaderElection.java:259)
	at org.apache.ratis.server.impl.LeaderElection.askForVotes(LeaderElection.java:197)
	at org.apache.ratis.server.impl.LeaderElection.run(LeaderElection.java:133)
	at java.lang.Thread.run(Thread.java:748)
Caused by: org.apache.ratis.thirdparty.io.grpc.StatusRuntimeException: UNAVAILABLE: io exception
	at org.apache.ratis.thirdparty.io.grpc.stub.ClientCalls.toStatusRuntimeException(ClientCalls.java:233)
	at org.apache.ratis.thirdparty.io.grpc.stub.ClientCalls.getUnchecked(ClientCalls.java:214)
	at org.apache.ratis.thirdparty.io.grpc.stub.ClientCalls.blockingUnaryCall(ClientCalls.java:139)
	at org.apache.ratis.proto.grpc.RaftServerProtocolServiceGrpc$RaftServerProtocolServiceBlockingStub.requestVote(RaftServerProtocolServiceGrpc.java:265)
	at org.apache.ratis.grpc.server.GrpcServerProtocolClient.requestVote(GrpcServerProtocolClient.java:99)
	at org.apache.ratis.grpc.server.GrpcService.requestVote(GrpcService.java:204)
	at org.apache.ratis.server.impl.LeaderElection.lambda$submitRequests$1(LeaderElection.java:234)
	at java.util.concurrent.FutureTask.run(FutureTask.java:266)
	at java.util.concurrent.Executors$RunnableAdapter.call(Executors.java:511)
	at java.util.concurrent.FutureTask.run(FutureTask.java:266)
	at java.util.concurrent.ThreadPoolExecutor.runWorker(ThreadPoolExecutor.java:1149)
	at java.util.concurrent.ThreadPoolExecutor$Worker.run(ThreadPoolExecutor.java:624)
	... 1 more
Caused by: org.apache.ratis.thirdparty.io.netty.channel.AbstractChannel$AnnotatedConnectException: Connection refused: /192.168.34.25:43074
	at sun.nio.ch.SocketChannelImpl.checkConnect(Native Method)
	at sun.nio.ch.SocketChannelImpl.finishConnect(SocketChannelImpl.java:717)
	at org.apache.ratis.thirdparty.io.netty.channel.socket.nio.NioSocketChannel.doFinishConnect(NioSocketChannel.java:327)
	at org.apache.ratis.thirdparty.io.netty.channel.nio.AbstractNioChannel$AbstractNioUnsafe.finishConnect(AbstractNioChannel.java:340)
	at org.apache.ratis.thirdparty.io.netty.channel.nio.NioEventLoop.processSelectedKey(NioEventLoop.java:632)
	at org.apache.ratis.thirdparty.io.netty.channel.nio.NioEventLoop.processSelectedKeysOptimized(NioEventLoop.java:579)
	at org.apache.ratis.thirdparty.io.netty.channel.nio.NioEventLoop.processSelectedKeys(NioEventLoop.java:496)
	at org.apache.ratis.thirdparty.io.netty.channel.nio.NioEventLoop.run(NioEventLoop.java:458)
	at org.apache.ratis.thirdparty.io.netty.util.concurrent.SingleThreadEventExecutor$5.run(SingleThreadEventExecutor.java:897)
	at org.apache.ratis.thirdparty.io.netty.util.concurrent.FastThreadLocalRunnable.run(FastThreadLocalRunnable.java:30)
	... 1 more
Caused by: java.net.ConnectException: Connection refused
	... 11 more
2019-10-18 07:24:27,934 [12ad0800-05cb-443c-9fdd-fa1debf04523@group-BCB82A5C07F5-LeaderElection1351] INFO  impl.LeaderElection (LeaderElection.java:logAndReturn(56)) - 12ad0800-05cb-443c-9fdd-fa1debf04523@group-BCB82A5C07F5-LeaderElection1351: Election REJECTED; received 0 response(s) [] and 2 exception(s); 12ad0800-05cb-443c-9fdd-fa1debf04523@group-BCB82A5C07F5:t295, leader=null, voted=12ad0800-05cb-443c-9fdd-fa1debf04523, raftlog=12ad0800-05cb-443c-9fdd-fa1debf04523@group-BCB82A5C07F5-SegmentedRaftLog:OPENED:c-1,f-1,i0, conf=-1: [12ad0800-05cb-443c-9fdd-fa1debf04523:192.168.34.25:41155, 5170c5f3-8499-4b42-9321-85fc8a351f79:192.168.34.25:43074, 0b10a9fc-47eb-4a2b-b664-8273d9d17379:192.168.34.25:45248], old=null
2019-10-18 07:24:27,934 [12ad0800-05cb-443c-9fdd-fa1debf04523@group-BCB82A5C07F5-LeaderElection1351] INFO  impl.LeaderElection (LogUtils.java:infoOrTrace(149)) -   Exception 0: {}
java.util.concurrent.ExecutionException: org.apache.ratis.thirdparty.io.grpc.StatusRuntimeException: UNAVAILABLE: io exception
	at java.util.concurrent.FutureTask.report(FutureTask.java:122)
	at java.util.concurrent.FutureTask.get(FutureTask.java:192)
	at org.apache.ratis.server.impl.LeaderElection.waitForResults(LeaderElection.java:259)
	at org.apache.ratis.server.impl.LeaderElection.askForVotes(LeaderElection.java:197)
	at org.apache.ratis.server.impl.LeaderElection.run(LeaderElection.java:133)
	at java.lang.Thread.run(Thread.java:748)
Caused by: org.apache.ratis.thirdparty.io.grpc.StatusRuntimeException: UNAVAILABLE: io exception
	at org.apache.ratis.thirdparty.io.grpc.stub.ClientCalls.toStatusRuntimeException(ClientCalls.java:233)
	at org.apache.ratis.thirdparty.io.grpc.stub.ClientCalls.getUnchecked(ClientCalls.java:214)
	at org.apache.ratis.thirdparty.io.grpc.stub.ClientCalls.blockingUnaryCall(ClientCalls.java:139)
	at org.apache.ratis.proto.grpc.RaftServerProtocolServiceGrpc$RaftServerProtocolServiceBlockingStub.requestVote(RaftServerProtocolServiceGrpc.java:265)
	at org.apache.ratis.grpc.server.GrpcServerProtocolClient.requestVote(GrpcServerProtocolClient.java:99)
	at org.apache.ratis.grpc.server.GrpcService.requestVote(GrpcService.java:204)
	at org.apache.ratis.server.impl.LeaderElection.lambda$submitRequests$1(LeaderElection.java:234)
	at java.util.concurrent.FutureTask.run(FutureTask.java:266)
	at java.util.concurrent.Executors$RunnableAdapter.call(Executors.java:511)
	at java.util.concurrent.FutureTask.run(FutureTask.java:266)
	at java.util.concurrent.ThreadPoolExecutor.runWorker(ThreadPoolExecutor.java:1149)
	at java.util.concurrent.ThreadPoolExecutor$Worker.run(ThreadPoolExecutor.java:624)
	... 1 more
Caused by: org.apache.ratis.thirdparty.io.netty.channel.AbstractChannel$AnnotatedConnectException: Connection refused: /192.168.34.25:45248
	at sun.nio.ch.SocketChannelImpl.checkConnect(Native Method)
	at sun.nio.ch.SocketChannelImpl.finishConnect(SocketChannelImpl.java:717)
	at org.apache.ratis.thirdparty.io.netty.channel.socket.nio.NioSocketChannel.doFinishConnect(NioSocketChannel.java:327)
	at org.apache.ratis.thirdparty.io.netty.channel.nio.AbstractNioChannel$AbstractNioUnsafe.finishConnect(AbstractNioChannel.java:340)
	at org.apache.ratis.thirdparty.io.netty.channel.nio.NioEventLoop.processSelectedKey(NioEventLoop.java:632)
	at org.apache.ratis.thirdparty.io.netty.channel.nio.NioEventLoop.processSelectedKeysOptimized(NioEventLoop.java:579)
	at org.apache.ratis.thirdparty.io.netty.channel.nio.NioEventLoop.processSelectedKeys(NioEventLoop.java:496)
	at org.apache.ratis.thirdparty.io.netty.channel.nio.NioEventLoop.run(NioEventLoop.java:458)
	at org.apache.ratis.thirdparty.io.netty.util.concurrent.SingleThreadEventExecutor$5.run(SingleThreadEventExecutor.java:897)
	at org.apache.ratis.thirdparty.io.netty.util.concurrent.FastThreadLocalRunnable.run(FastThreadLocalRunnable.java:30)
	... 1 more
Caused by: java.net.ConnectException: Connection refused
	... 11 more
2019-10-18 07:24:27,935 [12ad0800-05cb-443c-9fdd-fa1debf04523@group-BCB82A5C07F5-LeaderElection1351] INFO  impl.LeaderElection (LogUtils.java:infoOrTrace(149)) -   Exception 1: {}
java.util.concurrent.ExecutionException: org.apache.ratis.thirdparty.io.grpc.StatusRuntimeException: UNAVAILABLE: io exception
	at java.util.concurrent.FutureTask.report(FutureTask.java:122)
	at java.util.concurrent.FutureTask.get(FutureTask.java:192)
	at org.apache.ratis.server.impl.LeaderElection.waitForResults(LeaderElection.java:259)
	at org.apache.ratis.server.impl.LeaderElection.askForVotes(LeaderElection.java:197)
	at org.apache.ratis.server.impl.LeaderElection.run(LeaderElection.java:133)
	at java.lang.Thread.run(Thread.java:748)
Caused by: org.apache.ratis.thirdparty.io.grpc.StatusRuntimeException: UNAVAILABLE: io exception
	at org.apache.ratis.thirdparty.io.grpc.stub.ClientCalls.toStatusRuntimeException(ClientCalls.java:233)
	at org.apache.ratis.thirdparty.io.grpc.stub.ClientCalls.getUnchecked(ClientCalls.java:214)
	at org.apache.ratis.thirdparty.io.grpc.stub.ClientCalls.blockingUnaryCall(ClientCalls.java:139)
	at org.apache.ratis.proto.grpc.RaftServerProtocolServiceGrpc$RaftServerProtocolServiceBlockingStub.requestVote(RaftServerProtocolServiceGrpc.java:265)
	at org.apache.ratis.grpc.server.GrpcServerProtocolClient.requestVote(GrpcServerProtocolClient.java:99)
	at org.apache.ratis.grpc.server.GrpcService.requestVote(GrpcService.java:204)
	at org.apache.ratis.server.impl.LeaderElection.lambda$submitRequests$1(LeaderElection.java:234)
	at java.util.concurrent.FutureTask.run(FutureTask.java:266)
	at java.util.concurrent.Executors$RunnableAdapter.call(Executors.java:511)
	at java.util.concurrent.FutureTask.run(FutureTask.java:266)
	at java.util.concurrent.ThreadPoolExecutor.runWorker(ThreadPoolExecutor.java:1149)
	at java.util.concurrent.ThreadPoolExecutor$Worker.run(ThreadPoolExecutor.java:624)
	... 1 more
Caused by: org.apache.ratis.thirdparty.io.netty.channel.AbstractChannel$AnnotatedConnectException: Connection refused: /192.168.34.25:43074
	at sun.nio.ch.SocketChannelImpl.checkConnect(Native Method)
	at sun.nio.ch.SocketChannelImpl.finishConnect(SocketChannelImpl.java:717)
	at org.apache.ratis.thirdparty.io.netty.channel.socket.nio.NioSocketChannel.doFinishConnect(NioSocketChannel.java:327)
	at org.apache.ratis.thirdparty.io.netty.channel.nio.AbstractNioChannel$AbstractNioUnsafe.finishConnect(AbstractNioChannel.java:340)
	at org.apache.ratis.thirdparty.io.netty.channel.nio.NioEventLoop.processSelectedKey(NioEventLoop.java:632)
	at org.apache.ratis.thirdparty.io.netty.channel.nio.NioEventLoop.processSelectedKeysOptimized(NioEventLoop.java:579)
	at org.apache.ratis.thirdparty.io.netty.channel.nio.NioEventLoop.processSelectedKeys(NioEventLoop.java:496)
	at org.apache.ratis.thirdparty.io.netty.channel.nio.NioEventLoop.run(NioEventLoop.java:458)
	at org.apache.ratis.thirdparty.io.netty.util.concurrent.SingleThreadEventExecutor$5.run(SingleThreadEventExecutor.java:897)
	at org.apache.ratis.thirdparty.io.netty.util.concurrent.FastThreadLocalRunnable.run(FastThreadLocalRunnable.java:30)
	... 1 more
Caused by: java.net.ConnectException: Connection refused
	... 11 more
2019-10-18 07:24:27,935 [12ad0800-05cb-443c-9fdd-fa1debf04523@group-BCB82A5C07F5-LeaderElection1351] INFO  impl.RaftServerImpl (RaftServerImpl.java:setRole(184)) - 12ad0800-05cb-443c-9fdd-fa1debf04523@group-BCB82A5C07F5: changes role from CANDIDATE to FOLLOWER at term 295 for DISCOVERED_A_NEW_TERM
2019-10-18 07:24:27,935 [12ad0800-05cb-443c-9fdd-fa1debf04523@group-BCB82A5C07F5-LeaderElection1351] INFO  impl.RoleInfo (RoleInfo.java:shutdownLeaderElection(134)) - 12ad0800-05cb-443c-9fdd-fa1debf04523: shutdown LeaderElection
2019-10-18 07:24:27,935 [12ad0800-05cb-443c-9fdd-fa1debf04523@group-BCB82A5C07F5-LeaderElection1351] INFO  impl.RoleInfo (RoleInfo.java:updateAndGet(143)) - 12ad0800-05cb-443c-9fdd-fa1debf04523: start FollowerState
2019-10-18 07:24:27,944 [Thread-11302] INFO  impl.FollowerState (FollowerState.java:run(108)) - 12ad0800-05cb-443c-9fdd-fa1debf04523@group-BCB82A5C07F5-FollowerState: change to CANDIDATE, lastRpcTime:8ms, electionTimeout:8ms
2019-10-18 07:24:27,944 [Thread-11302] INFO  impl.RoleInfo (RoleInfo.java:shutdownFollowerState(121)) - 12ad0800-05cb-443c-9fdd-fa1debf04523: shutdown FollowerState
2019-10-18 07:24:27,944 [Thread-11302] INFO  impl.RaftServerImpl (RaftServerImpl.java:setRole(184)) - 12ad0800-05cb-443c-9fdd-fa1debf04523@group-BCB82A5C07F5: changes role from  FOLLOWER to CANDIDATE at term 295 for changeToCandidate
2019-10-18 07:24:27,944 [Thread-11302] INFO  impl.RoleInfo (RoleInfo.java:updateAndGet(143)) - 12ad0800-05cb-443c-9fdd-fa1debf04523: start LeaderElection
2019-10-18 07:24:27,952 [12ad0800-05cb-443c-9fdd-fa1debf04523@group-BCB82A5C07F5-LeaderElection1352] INFO  impl.LeaderElection (LeaderElection.java:askForVotes(178)) - 12ad0800-05cb-443c-9fdd-fa1debf04523@group-BCB82A5C07F5-LeaderElection1352: begin an election at term 296 for -1: [12ad0800-05cb-443c-9fdd-fa1debf04523:192.168.34.25:41155, 5170c5f3-8499-4b42-9321-85fc8a351f79:192.168.34.25:43074, 0b10a9fc-47eb-4a2b-b664-8273d9d17379:192.168.34.25:45248], old=null
2019-10-18 07:24:27,953 [12ad0800-05cb-443c-9fdd-fa1debf04523@group-BCB82A5C07F5-LeaderElection1352] INFO  impl.LeaderElection (LogUtils.java:infoOrTrace(149)) - 12ad0800-05cb-443c-9fdd-fa1debf04523@group-BCB82A5C07F5-LeaderElection1352 got exception when requesting votes: {}
java.util.concurrent.ExecutionException: org.apache.ratis.thirdparty.io.grpc.StatusRuntimeException: UNAVAILABLE: io exception
	at java.util.concurrent.FutureTask.report(FutureTask.java:122)
	at java.util.concurrent.FutureTask.get(FutureTask.java:192)
	at org.apache.ratis.server.impl.LeaderElection.waitForResults(LeaderElection.java:259)
	at org.apache.ratis.server.impl.LeaderElection.askForVotes(LeaderElection.java:197)
	at org.apache.ratis.server.impl.LeaderElection.run(LeaderElection.java:133)
	at java.lang.Thread.run(Thread.java:748)
Caused by: org.apache.ratis.thirdparty.io.grpc.StatusRuntimeException: UNAVAILABLE: io exception
	at org.apache.ratis.thirdparty.io.grpc.stub.ClientCalls.toStatusRuntimeException(ClientCalls.java:233)
	at org.apache.ratis.thirdparty.io.grpc.stub.ClientCalls.getUnchecked(ClientCalls.java:214)
	at org.apache.ratis.thirdparty.io.grpc.stub.ClientCalls.blockingUnaryCall(ClientCalls.java:139)
	at org.apache.ratis.proto.grpc.RaftServerProtocolServiceGrpc$RaftServerProtocolServiceBlockingStub.requestVote(RaftServerProtocolServiceGrpc.java:265)
	at org.apache.ratis.grpc.server.GrpcServerProtocolClient.requestVote(GrpcServerProtocolClient.java:99)
	at org.apache.ratis.grpc.server.GrpcService.requestVote(GrpcService.java:204)
	at org.apache.ratis.server.impl.LeaderElection.lambda$submitRequests$1(LeaderElection.java:234)
	at java.util.concurrent.FutureTask.run(FutureTask.java:266)
	at java.util.concurrent.Executors$RunnableAdapter.call(Executors.java:511)
	at java.util.concurrent.FutureTask.run(FutureTask.java:266)
	at java.util.concurrent.ThreadPoolExecutor.runWorker(ThreadPoolExecutor.java:1149)
	at java.util.concurrent.ThreadPoolExecutor$Worker.run(ThreadPoolExecutor.java:624)
	... 1 more
Caused by: org.apache.ratis.thirdparty.io.netty.channel.AbstractChannel$AnnotatedConnectException: Connection refused: /192.168.34.25:43074
	at sun.nio.ch.SocketChannelImpl.checkConnect(Native Method)
	at sun.nio.ch.SocketChannelImpl.finishConnect(SocketChannelImpl.java:717)
	at org.apache.ratis.thirdparty.io.netty.channel.socket.nio.NioSocketChannel.doFinishConnect(NioSocketChannel.java:327)
	at org.apache.ratis.thirdparty.io.netty.channel.nio.AbstractNioChannel$AbstractNioUnsafe.finishConnect(AbstractNioChannel.java:340)
	at org.apache.ratis.thirdparty.io.netty.channel.nio.NioEventLoop.processSelectedKey(NioEventLoop.java:632)
	at org.apache.ratis.thirdparty.io.netty.channel.nio.NioEventLoop.processSelectedKeysOptimized(NioEventLoop.java:579)
	at org.apache.ratis.thirdparty.io.netty.channel.nio.NioEventLoop.processSelectedKeys(NioEventLoop.java:496)
	at org.apache.ratis.thirdparty.io.netty.channel.nio.NioEventLoop.run(NioEventLoop.java:458)
	at org.apache.ratis.thirdparty.io.netty.util.concurrent.SingleThreadEventExecutor$5.run(SingleThreadEventExecutor.java:897)
	at org.apache.ratis.thirdparty.io.netty.util.concurrent.FastThreadLocalRunnable.run(FastThreadLocalRunnable.java:30)
	... 1 more
Caused by: java.net.ConnectException: Connection refused
	... 11 more
2019-10-18 07:24:27,953 [12ad0800-05cb-443c-9fdd-fa1debf04523@group-BCB82A5C07F5-LeaderElection1352] INFO  impl.LeaderElection (LogUtils.java:infoOrTrace(149)) - 12ad0800-05cb-443c-9fdd-fa1debf04523@group-BCB82A5C07F5-LeaderElection1352 got exception when requesting votes: {}
java.util.concurrent.ExecutionException: org.apache.ratis.thirdparty.io.grpc.StatusRuntimeException: UNAVAILABLE: io exception
	at java.util.concurrent.FutureTask.report(FutureTask.java:122)
	at java.util.concurrent.FutureTask.get(FutureTask.java:192)
	at org.apache.ratis.server.impl.LeaderElection.waitForResults(LeaderElection.java:259)
	at org.apache.ratis.server.impl.LeaderElection.askForVotes(LeaderElection.java:197)
	at org.apache.ratis.server.impl.LeaderElection.run(LeaderElection.java:133)
	at java.lang.Thread.run(Thread.java:748)
Caused by: org.apache.ratis.thirdparty.io.grpc.StatusRuntimeException: UNAVAILABLE: io exception
	at org.apache.ratis.thirdparty.io.grpc.stub.ClientCalls.toStatusRuntimeException(ClientCalls.java:233)
	at org.apache.ratis.thirdparty.io.grpc.stub.ClientCalls.getUnchecked(ClientCalls.java:214)
	at org.apache.ratis.thirdparty.io.grpc.stub.ClientCalls.blockingUnaryCall(ClientCalls.java:139)
	at org.apache.ratis.proto.grpc.RaftServerProtocolServiceGrpc$RaftServerProtocolServiceBlockingStub.requestVote(RaftServerProtocolServiceGrpc.java:265)
	at org.apache.ratis.grpc.server.GrpcServerProtocolClient.requestVote(GrpcServerProtocolClient.java:99)
	at org.apache.ratis.grpc.server.GrpcService.requestVote(GrpcService.java:204)
	at org.apache.ratis.server.impl.LeaderElection.lambda$submitRequests$1(LeaderElection.java:234)
	at java.util.concurrent.FutureTask.run(FutureTask.java:266)
	at java.util.concurrent.Executors$RunnableAdapter.call(Executors.java:511)
	at java.util.concurrent.FutureTask.run(FutureTask.java:266)
	at java.util.concurrent.ThreadPoolExecutor.runWorker(ThreadPoolExecutor.java:1149)
	at java.util.concurrent.ThreadPoolExecutor$Worker.run(ThreadPoolExecutor.java:624)
	... 1 more
Caused by: org.apache.ratis.thirdparty.io.netty.channel.AbstractChannel$AnnotatedConnectException: Connection refused: /192.168.34.25:45248
	at sun.nio.ch.SocketChannelImpl.checkConnect(Native Method)
	at sun.nio.ch.SocketChannelImpl.finishConnect(SocketChannelImpl.java:717)
	at org.apache.ratis.thirdparty.io.netty.channel.socket.nio.NioSocketChannel.doFinishConnect(NioSocketChannel.java:327)
	at org.apache.ratis.thirdparty.io.netty.channel.nio.AbstractNioChannel$AbstractNioUnsafe.finishConnect(AbstractNioChannel.java:340)
	at org.apache.ratis.thirdparty.io.netty.channel.nio.NioEventLoop.processSelectedKey(NioEventLoop.java:632)
	at org.apache.ratis.thirdparty.io.netty.channel.nio.NioEventLoop.processSelectedKeysOptimized(NioEventLoop.java:579)
	at org.apache.ratis.thirdparty.io.netty.channel.nio.NioEventLoop.processSelectedKeys(NioEventLoop.java:496)
	at org.apache.ratis.thirdparty.io.netty.channel.nio.NioEventLoop.run(NioEventLoop.java:458)
	at org.apache.ratis.thirdparty.io.netty.util.concurrent.SingleThreadEventExecutor$5.run(SingleThreadEventExecutor.java:897)
	at org.apache.ratis.thirdparty.io.netty.util.concurrent.FastThreadLocalRunnable.run(FastThreadLocalRunnable.java:30)
	... 1 more
Caused by: java.net.ConnectException: Connection refused
	... 11 more
2019-10-18 07:24:27,954 [12ad0800-05cb-443c-9fdd-fa1debf04523@group-BCB82A5C07F5-LeaderElection1352] INFO  impl.LeaderElection (LeaderElection.java:logAndReturn(56)) - 12ad0800-05cb-443c-9fdd-fa1debf04523@group-BCB82A5C07F5-LeaderElection1352: Election REJECTED; received 0 response(s) [] and 2 exception(s); 12ad0800-05cb-443c-9fdd-fa1debf04523@group-BCB82A5C07F5:t296, leader=null, voted=12ad0800-05cb-443c-9fdd-fa1debf04523, raftlog=12ad0800-05cb-443c-9fdd-fa1debf04523@group-BCB82A5C07F5-SegmentedRaftLog:OPENED:c-1,f-1,i0, conf=-1: [12ad0800-05cb-443c-9fdd-fa1debf04523:192.168.34.25:41155, 5170c5f3-8499-4b42-9321-85fc8a351f79:192.168.34.25:43074, 0b10a9fc-47eb-4a2b-b664-8273d9d17379:192.168.34.25:45248], old=null
2019-10-18 07:24:27,954 [12ad0800-05cb-443c-9fdd-fa1debf04523@group-BCB82A5C07F5-LeaderElection1352] INFO  impl.LeaderElection (LogUtils.java:infoOrTrace(149)) -   Exception 0: {}
java.util.concurrent.ExecutionException: org.apache.ratis.thirdparty.io.grpc.StatusRuntimeException: UNAVAILABLE: io exception
	at java.util.concurrent.FutureTask.report(FutureTask.java:122)
	at java.util.concurrent.FutureTask.get(FutureTask.java:192)
	at org.apache.ratis.server.impl.LeaderElection.waitForResults(LeaderElection.java:259)
	at org.apache.ratis.server.impl.LeaderElection.askForVotes(LeaderElection.java:197)
	at org.apache.ratis.server.impl.LeaderElection.run(LeaderElection.java:133)
	at java.lang.Thread.run(Thread.java:748)
Caused by: org.apache.ratis.thirdparty.io.grpc.StatusRuntimeException: UNAVAILABLE: io exception
	at org.apache.ratis.thirdparty.io.grpc.stub.ClientCalls.toStatusRuntimeException(ClientCalls.java:233)
	at org.apache.ratis.thirdparty.io.grpc.stub.ClientCalls.getUnchecked(ClientCalls.java:214)
	at org.apache.ratis.thirdparty.io.grpc.stub.ClientCalls.blockingUnaryCall(ClientCalls.java:139)
	at org.apache.ratis.proto.grpc.RaftServerProtocolServiceGrpc$RaftServerProtocolServiceBlockingStub.requestVote(RaftServerProtocolServiceGrpc.java:265)
	at org.apache.ratis.grpc.server.GrpcServerProtocolClient.requestVote(GrpcServerProtocolClient.java:99)
	at org.apache.ratis.grpc.server.GrpcService.requestVote(GrpcService.java:204)
	at org.apache.ratis.server.impl.LeaderElection.lambda$submitRequests$1(LeaderElection.java:234)
	at java.util.concurrent.FutureTask.run(FutureTask.java:266)
	at java.util.concurrent.Executors$RunnableAdapter.call(Executors.java:511)
	at java.util.concurrent.FutureTask.run(FutureTask.java:266)
	at java.util.concurrent.ThreadPoolExecutor.runWorker(ThreadPoolExecutor.java:1149)
	at java.util.concurrent.ThreadPoolExecutor$Worker.run(ThreadPoolExecutor.java:624)
	... 1 more
Caused by: org.apache.ratis.thirdparty.io.netty.channel.AbstractChannel$AnnotatedConnectException: Connection refused: /192.168.34.25:43074
	at sun.nio.ch.SocketChannelImpl.checkConnect(Native Method)
	at sun.nio.ch.SocketChannelImpl.finishConnect(SocketChannelImpl.java:717)
	at org.apache.ratis.thirdparty.io.netty.channel.socket.nio.NioSocketChannel.doFinishConnect(NioSocketChannel.java:327)
	at org.apache.ratis.thirdparty.io.netty.channel.nio.AbstractNioChannel$AbstractNioUnsafe.finishConnect(AbstractNioChannel.java:340)
	at org.apache.ratis.thirdparty.io.netty.channel.nio.NioEventLoop.processSelectedKey(NioEventLoop.java:632)
	at org.apache.ratis.thirdparty.io.netty.channel.nio.NioEventLoop.processSelectedKeysOptimized(NioEventLoop.java:579)
	at org.apache.ratis.thirdparty.io.netty.channel.nio.NioEventLoop.processSelectedKeys(NioEventLoop.java:496)
	at org.apache.ratis.thirdparty.io.netty.channel.nio.NioEventLoop.run(NioEventLoop.java:458)
	at org.apache.ratis.thirdparty.io.netty.util.concurrent.SingleThreadEventExecutor$5.run(SingleThreadEventExecutor.java:897)
	at org.apache.ratis.thirdparty.io.netty.util.concurrent.FastThreadLocalRunnable.run(FastThreadLocalRunnable.java:30)
	... 1 more
Caused by: java.net.ConnectException: Connection refused
	... 11 more
2019-10-18 07:24:27,954 [12ad0800-05cb-443c-9fdd-fa1debf04523@group-BCB82A5C07F5-LeaderElection1352] INFO  impl.LeaderElection (LogUtils.java:infoOrTrace(149)) -   Exception 1: {}
java.util.concurrent.ExecutionException: org.apache.ratis.thirdparty.io.grpc.StatusRuntimeException: UNAVAILABLE: io exception
	at java.util.concurrent.FutureTask.report(FutureTask.java:122)
	at java.util.concurrent.FutureTask.get(FutureTask.java:192)
	at org.apache.ratis.server.impl.LeaderElection.waitForResults(LeaderElection.java:259)
	at org.apache.ratis.server.impl.LeaderElection.askForVotes(LeaderElection.java:197)
	at org.apache.ratis.server.impl.LeaderElection.run(LeaderElection.java:133)
	at java.lang.Thread.run(Thread.java:748)
Caused by: org.apache.ratis.thirdparty.io.grpc.StatusRuntimeException: UNAVAILABLE: io exception
	at org.apache.ratis.thirdparty.io.grpc.stub.ClientCalls.toStatusRuntimeException(ClientCalls.java:233)
	at org.apache.ratis.thirdparty.io.grpc.stub.ClientCalls.getUnchecked(ClientCalls.java:214)
	at org.apache.ratis.thirdparty.io.grpc.stub.ClientCalls.blockingUnaryCall(ClientCalls.java:139)
	at org.apache.ratis.proto.grpc.RaftServerProtocolServiceGrpc$RaftServerProtocolServiceBlockingStub.requestVote(RaftServerProtocolServiceGrpc.java:265)
	at org.apache.ratis.grpc.server.GrpcServerProtocolClient.requestVote(GrpcServerProtocolClient.java:99)
	at org.apache.ratis.grpc.server.GrpcService.requestVote(GrpcService.java:204)
	at org.apache.ratis.server.impl.LeaderElection.lambda$submitRequests$1(LeaderElection.java:234)
	at java.util.concurrent.FutureTask.run(FutureTask.java:266)
	at java.util.concurrent.Executors$RunnableAdapter.call(Executors.java:511)
	at java.util.concurrent.FutureTask.run(FutureTask.java:266)
	at java.util.concurrent.ThreadPoolExecutor.runWorker(ThreadPoolExecutor.java:1149)
	at java.util.concurrent.ThreadPoolExecutor$Worker.run(ThreadPoolExecutor.java:624)
	... 1 more
Caused by: org.apache.ratis.thirdparty.io.netty.channel.AbstractChannel$AnnotatedConnectException: Connection refused: /192.168.34.25:45248
	at sun.nio.ch.SocketChannelImpl.checkConnect(Native Method)
	at sun.nio.ch.SocketChannelImpl.finishConnect(SocketChannelImpl.java:717)
	at org.apache.ratis.thirdparty.io.netty.channel.socket.nio.NioSocketChannel.doFinishConnect(NioSocketChannel.java:327)
	at org.apache.ratis.thirdparty.io.netty.channel.nio.AbstractNioChannel$AbstractNioUnsafe.finishConnect(AbstractNioChannel.java:340)
	at org.apache.ratis.thirdparty.io.netty.channel.nio.NioEventLoop.processSelectedKey(NioEventLoop.java:632)
	at org.apache.ratis.thirdparty.io.netty.channel.nio.NioEventLoop.processSelectedKeysOptimized(NioEventLoop.java:579)
	at org.apache.ratis.thirdparty.io.netty.channel.nio.NioEventLoop.processSelectedKeys(NioEventLoop.java:496)
	at org.apache.ratis.thirdparty.io.netty.channel.nio.NioEventLoop.run(NioEventLoop.java:458)
	at org.apache.ratis.thirdparty.io.netty.util.concurrent.SingleThreadEventExecutor$5.run(SingleThreadEventExecutor.java:897)
	at org.apache.ratis.thirdparty.io.netty.util.concurrent.FastThreadLocalRunnable.run(FastThreadLocalRunnable.java:30)
	... 1 more
Caused by: java.net.ConnectException: Connection refused
	... 11 more
2019-10-18 07:24:27,954 [12ad0800-05cb-443c-9fdd-fa1debf04523@group-BCB82A5C07F5-LeaderElection1352] INFO  impl.RaftServerImpl (RaftServerImpl.java:setRole(184)) - 12ad0800-05cb-443c-9fdd-fa1debf04523@group-BCB82A5C07F5: changes role from CANDIDATE to FOLLOWER at term 296 for DISCOVERED_A_NEW_TERM
2019-10-18 07:24:27,954 [12ad0800-05cb-443c-9fdd-fa1debf04523@group-BCB82A5C07F5-LeaderElection1352] INFO  impl.RoleInfo (RoleInfo.java:shutdownLeaderElection(134)) - 12ad0800-05cb-443c-9fdd-fa1debf04523: shutdown LeaderElection
2019-10-18 07:24:27,955 [12ad0800-05cb-443c-9fdd-fa1debf04523@group-BCB82A5C07F5-LeaderElection1352] INFO  impl.RoleInfo (RoleInfo.java:updateAndGet(143)) - 12ad0800-05cb-443c-9fdd-fa1debf04523: start FollowerState
2019-10-18 07:24:28,088 [Thread-11306] INFO  impl.FollowerState (FollowerState.java:run(108)) - 12ad0800-05cb-443c-9fdd-fa1debf04523@group-BCB82A5C07F5-FollowerState: change to CANDIDATE, lastRpcTime:133ms, electionTimeout:133ms
2019-10-18 07:24:28,088 [Thread-11306] INFO  impl.RoleInfo (RoleInfo.java:shutdownFollowerState(121)) - 12ad0800-05cb-443c-9fdd-fa1debf04523: shutdown FollowerState
2019-10-18 07:24:28,088 [Thread-11306] INFO  impl.RaftServerImpl (RaftServerImpl.java:setRole(184)) - 12ad0800-05cb-443c-9fdd-fa1debf04523@group-BCB82A5C07F5: changes role from  FOLLOWER to CANDIDATE at term 296 for changeToCandidate
2019-10-18 07:24:28,089 [Thread-11306] INFO  impl.RoleInfo (RoleInfo.java:updateAndGet(143)) - 12ad0800-05cb-443c-9fdd-fa1debf04523: start LeaderElection
2019-10-18 07:24:28,104 [12ad0800-05cb-443c-9fdd-fa1debf04523@group-BCB82A5C07F5-LeaderElection1353] INFO  impl.LeaderElection (LeaderElection.java:askForVotes(178)) - 12ad0800-05cb-443c-9fdd-fa1debf04523@group-BCB82A5C07F5-LeaderElection1353: begin an election at term 297 for -1: [12ad0800-05cb-443c-9fdd-fa1debf04523:192.168.34.25:41155, 5170c5f3-8499-4b42-9321-85fc8a351f79:192.168.34.25:43074, 0b10a9fc-47eb-4a2b-b664-8273d9d17379:192.168.34.25:45248], old=null
2019-10-18 07:24:28,105 [12ad0800-05cb-443c-9fdd-fa1debf04523@group-BCB82A5C07F5-LeaderElection1353] INFO  impl.LeaderElection (LogUtils.java:infoOrTrace(149)) - 12ad0800-05cb-443c-9fdd-fa1debf04523@group-BCB82A5C07F5-LeaderElection1353 got exception when requesting votes: {}
java.util.concurrent.ExecutionException: org.apache.ratis.thirdparty.io.grpc.StatusRuntimeException: UNAVAILABLE: io exception
	at java.util.concurrent.FutureTask.report(FutureTask.java:122)
	at java.util.concurrent.FutureTask.get(FutureTask.java:192)
	at org.apache.ratis.server.impl.LeaderElection.waitForResults(LeaderElection.java:259)
	at org.apache.ratis.server.impl.LeaderElection.askForVotes(LeaderElection.java:197)
	at org.apache.ratis.server.impl.LeaderElection.run(LeaderElection.java:133)
	at java.lang.Thread.run(Thread.java:748)
Caused by: org.apache.ratis.thirdparty.io.grpc.StatusRuntimeException: UNAVAILABLE: io exception
	at org.apache.ratis.thirdparty.io.grpc.stub.ClientCalls.toStatusRuntimeException(ClientCalls.java:233)
	at org.apache.ratis.thirdparty.io.grpc.stub.ClientCalls.getUnchecked(ClientCalls.java:214)
	at org.apache.ratis.thirdparty.io.grpc.stub.ClientCalls.blockingUnaryCall(ClientCalls.java:139)
	at org.apache.ratis.proto.grpc.RaftServerProtocolServiceGrpc$RaftServerProtocolServiceBlockingStub.requestVote(RaftServerProtocolServiceGrpc.java:265)
	at org.apache.ratis.grpc.server.GrpcServerProtocolClient.requestVote(GrpcServerProtocolClient.java:99)
	at org.apache.ratis.grpc.server.GrpcService.requestVote(GrpcService.java:204)
	at org.apache.ratis.server.impl.LeaderElection.lambda$submitRequests$1(LeaderElection.java:234)
	at java.util.concurrent.FutureTask.run(FutureTask.java:266)
	at java.util.concurrent.Executors$RunnableAdapter.call(Executors.java:511)
	at java.util.concurrent.FutureTask.run(FutureTask.java:266)
	at java.util.concurrent.ThreadPoolExecutor.runWorker(ThreadPoolExecutor.java:1149)
	at java.util.concurrent.ThreadPoolExecutor$Worker.run(ThreadPoolExecutor.java:624)
	... 1 more
Caused by: org.apache.ratis.thirdparty.io.netty.channel.AbstractChannel$AnnotatedConnectException: Connection refused: /192.168.34.25:43074
	at sun.nio.ch.SocketChannelImpl.checkConnect(Native Method)
	at sun.nio.ch.SocketChannelImpl.finishConnect(SocketChannelImpl.java:717)
	at org.apache.ratis.thirdparty.io.netty.channel.socket.nio.NioSocketChannel.doFinishConnect(NioSocketChannel.java:327)
	at org.apache.ratis.thirdparty.io.netty.channel.nio.AbstractNioChannel$AbstractNioUnsafe.finishConnect(AbstractNioChannel.java:340)
	at org.apache.ratis.thirdparty.io.netty.channel.nio.NioEventLoop.processSelectedKey(NioEventLoop.java:632)
	at org.apache.ratis.thirdparty.io.netty.channel.nio.NioEventLoop.processSelectedKeysOptimized(NioEventLoop.java:579)
	at org.apache.ratis.thirdparty.io.netty.channel.nio.NioEventLoop.processSelectedKeys(NioEventLoop.java:496)
	at org.apache.ratis.thirdparty.io.netty.channel.nio.NioEventLoop.run(NioEventLoop.java:458)
	at org.apache.ratis.thirdparty.io.netty.util.concurrent.SingleThreadEventExecutor$5.run(SingleThreadEventExecutor.java:897)
	at org.apache.ratis.thirdparty.io.netty.util.concurrent.FastThreadLocalRunnable.run(FastThreadLocalRunnable.java:30)
	... 1 more
Caused by: java.net.ConnectException: Connection refused
	... 11 more
2019-10-18 07:24:28,105 [12ad0800-05cb-443c-9fdd-fa1debf04523@group-BCB82A5C07F5-LeaderElection1353] INFO  impl.LeaderElection (LogUtils.java:infoOrTrace(149)) - 12ad0800-05cb-443c-9fdd-fa1debf04523@group-BCB82A5C07F5-LeaderElection1353 got exception when requesting votes: {}
java.util.concurrent.ExecutionException: org.apache.ratis.thirdparty.io.grpc.StatusRuntimeException: UNAVAILABLE: io exception
	at java.util.concurrent.FutureTask.report(FutureTask.java:122)
	at java.util.concurrent.FutureTask.get(FutureTask.java:192)
	at org.apache.ratis.server.impl.LeaderElection.waitForResults(LeaderElection.java:259)
	at org.apache.ratis.server.impl.LeaderElection.askForVotes(LeaderElection.java:197)
	at org.apache.ratis.server.impl.LeaderElection.run(LeaderElection.java:133)
	at java.lang.Thread.run(Thread.java:748)
Caused by: org.apache.ratis.thirdparty.io.grpc.StatusRuntimeException: UNAVAILABLE: io exception
	at org.apache.ratis.thirdparty.io.grpc.stub.ClientCalls.toStatusRuntimeException(ClientCalls.java:233)
	at org.apache.ratis.thirdparty.io.grpc.stub.ClientCalls.getUnchecked(ClientCalls.java:214)
	at org.apache.ratis.thirdparty.io.grpc.stub.ClientCalls.blockingUnaryCall(ClientCalls.java:139)
	at org.apache.ratis.proto.grpc.RaftServerProtocolServiceGrpc$RaftServerProtocolServiceBlockingStub.requestVote(RaftServerProtocolServiceGrpc.java:265)
	at org.apache.ratis.grpc.server.GrpcServerProtocolClient.requestVote(GrpcServerProtocolClient.java:99)
	at org.apache.ratis.grpc.server.GrpcService.requestVote(GrpcService.java:204)
	at org.apache.ratis.server.impl.LeaderElection.lambda$submitRequests$1(LeaderElection.java:234)
	at java.util.concurrent.FutureTask.run(FutureTask.java:266)
	at java.util.concurrent.Executors$RunnableAdapter.call(Executors.java:511)
	at java.util.concurrent.FutureTask.run(FutureTask.java:266)
	at java.util.concurrent.ThreadPoolExecutor.runWorker(ThreadPoolExecutor.java:1149)
	at java.util.concurrent.ThreadPoolExecutor$Worker.run(ThreadPoolExecutor.java:624)
	... 1 more
Caused by: org.apache.ratis.thirdparty.io.netty.channel.AbstractChannel$AnnotatedConnectException: Connection refused: /192.168.34.25:45248
	at sun.nio.ch.SocketChannelImpl.checkConnect(Native Method)
	at sun.nio.ch.SocketChannelImpl.finishConnect(SocketChannelImpl.java:717)
	at org.apache.ratis.thirdparty.io.netty.channel.socket.nio.NioSocketChannel.doFinishConnect(NioSocketChannel.java:327)
	at org.apache.ratis.thirdparty.io.netty.channel.nio.AbstractNioChannel$AbstractNioUnsafe.finishConnect(AbstractNioChannel.java:340)
	at org.apache.ratis.thirdparty.io.netty.channel.nio.NioEventLoop.processSelectedKey(NioEventLoop.java:632)
	at org.apache.ratis.thirdparty.io.netty.channel.nio.NioEventLoop.processSelectedKeysOptimized(NioEventLoop.java:579)
	at org.apache.ratis.thirdparty.io.netty.channel.nio.NioEventLoop.processSelectedKeys(NioEventLoop.java:496)
	at org.apache.ratis.thirdparty.io.netty.channel.nio.NioEventLoop.run(NioEventLoop.java:458)
	at org.apache.ratis.thirdparty.io.netty.util.concurrent.SingleThreadEventExecutor$5.run(SingleThreadEventExecutor.java:897)
	at org.apache.ratis.thirdparty.io.netty.util.concurrent.FastThreadLocalRunnable.run(FastThreadLocalRunnable.java:30)
	... 1 more
Caused by: java.net.ConnectException: Connection refused
	... 11 more
2019-10-18 07:24:28,106 [12ad0800-05cb-443c-9fdd-fa1debf04523@group-BCB82A5C07F5-LeaderElection1353] INFO  impl.LeaderElection (LeaderElection.java:logAndReturn(56)) - 12ad0800-05cb-443c-9fdd-fa1debf04523@group-BCB82A5C07F5-LeaderElection1353: Election REJECTED; received 0 response(s) [] and 2 exception(s); 12ad0800-05cb-443c-9fdd-fa1debf04523@group-BCB82A5C07F5:t297, leader=null, voted=12ad0800-05cb-443c-9fdd-fa1debf04523, raftlog=12ad0800-05cb-443c-9fdd-fa1debf04523@group-BCB82A5C07F5-SegmentedRaftLog:OPENED:c-1,f-1,i0, conf=-1: [12ad0800-05cb-443c-9fdd-fa1debf04523:192.168.34.25:41155, 5170c5f3-8499-4b42-9321-85fc8a351f79:192.168.34.25:43074, 0b10a9fc-47eb-4a2b-b664-8273d9d17379:192.168.34.25:45248], old=null
2019-10-18 07:24:28,106 [12ad0800-05cb-443c-9fdd-fa1debf04523@group-BCB82A5C07F5-LeaderElection1353] INFO  impl.LeaderElection (LogUtils.java:infoOrTrace(149)) -   Exception 0: {}
java.util.concurrent.ExecutionException: org.apache.ratis.thirdparty.io.grpc.StatusRuntimeException: UNAVAILABLE: io exception
	at java.util.concurrent.FutureTask.report(FutureTask.java:122)
	at java.util.concurrent.FutureTask.get(FutureTask.java:192)
	at org.apache.ratis.server.impl.LeaderElection.waitForResults(LeaderElection.java:259)
	at org.apache.ratis.server.impl.LeaderElection.askForVotes(LeaderElection.java:197)
	at org.apache.ratis.server.impl.LeaderElection.run(LeaderElection.java:133)
	at java.lang.Thread.run(Thread.java:748)
Caused by: org.apache.ratis.thirdparty.io.grpc.StatusRuntimeException: UNAVAILABLE: io exception
	at org.apache.ratis.thirdparty.io.grpc.stub.ClientCalls.toStatusRuntimeException(ClientCalls.java:233)
	at org.apache.ratis.thirdparty.io.grpc.stub.ClientCalls.getUnchecked(ClientCalls.java:214)
	at org.apache.ratis.thirdparty.io.grpc.stub.ClientCalls.blockingUnaryCall(ClientCalls.java:139)
	at org.apache.ratis.proto.grpc.RaftServerProtocolServiceGrpc$RaftServerProtocolServiceBlockingStub.requestVote(RaftServerProtocolServiceGrpc.java:265)
	at org.apache.ratis.grpc.server.GrpcServerProtocolClient.requestVote(GrpcServerProtocolClient.java:99)
	at org.apache.ratis.grpc.server.GrpcService.requestVote(GrpcService.java:204)
	at org.apache.ratis.server.impl.LeaderElection.lambda$submitRequests$1(LeaderElection.java:234)
	at java.util.concurrent.FutureTask.run(FutureTask.java:266)
	at java.util.concurrent.Executors$RunnableAdapter.call(Executors.java:511)
	at java.util.concurrent.FutureTask.run(FutureTask.java:266)
	at java.util.concurrent.ThreadPoolExecutor.runWorker(ThreadPoolExecutor.java:1149)
	at java.util.concurrent.ThreadPoolExecutor$Worker.run(ThreadPoolExecutor.java:624)
	... 1 more
Caused by: org.apache.ratis.thirdparty.io.netty.channel.AbstractChannel$AnnotatedConnectException: Connection refused: /192.168.34.25:43074
	at sun.nio.ch.SocketChannelImpl.checkConnect(Native Method)
	at sun.nio.ch.SocketChannelImpl.finishConnect(SocketChannelImpl.java:717)
	at org.apache.ratis.thirdparty.io.netty.channel.socket.nio.NioSocketChannel.doFinishConnect(NioSocketChannel.java:327)
	at org.apache.ratis.thirdparty.io.netty.channel.nio.AbstractNioChannel$AbstractNioUnsafe.finishConnect(AbstractNioChannel.java:340)
	at org.apache.ratis.thirdparty.io.netty.channel.nio.NioEventLoop.processSelectedKey(NioEventLoop.java:632)
	at org.apache.ratis.thirdparty.io.netty.channel.nio.NioEventLoop.processSelectedKeysOptimized(NioEventLoop.java:579)
	at org.apache.ratis.thirdparty.io.netty.channel.nio.NioEventLoop.processSelectedKeys(NioEventLoop.java:496)
	at org.apache.ratis.thirdparty.io.netty.channel.nio.NioEventLoop.run(NioEventLoop.java:458)
	at org.apache.ratis.thirdparty.io.netty.util.concurrent.SingleThreadEventExecutor$5.run(SingleThreadEventExecutor.java:897)
	at org.apache.ratis.thirdparty.io.netty.util.concurrent.FastThreadLocalRunnable.run(FastThreadLocalRunnable.java:30)
	... 1 more
Caused by: java.net.ConnectException: Connection refused
	... 11 more
2019-10-18 07:24:28,106 [12ad0800-05cb-443c-9fdd-fa1debf04523@group-BCB82A5C07F5-LeaderElection1353] INFO  impl.LeaderElection (LogUtils.java:infoOrTrace(149)) -   Exception 1: {}
java.util.concurrent.ExecutionException: org.apache.ratis.thirdparty.io.grpc.StatusRuntimeException: UNAVAILABLE: io exception
	at java.util.concurrent.FutureTask.report(FutureTask.java:122)
	at java.util.concurrent.FutureTask.get(FutureTask.java:192)
	at org.apache.ratis.server.impl.LeaderElection.waitForResults(LeaderElection.java:259)
	at org.apache.ratis.server.impl.LeaderElection.askForVotes(LeaderElection.java:197)
	at org.apache.ratis.server.impl.LeaderElection.run(LeaderElection.java:133)
	at java.lang.Thread.run(Thread.java:748)
Caused by: org.apache.ratis.thirdparty.io.grpc.StatusRuntimeException: UNAVAILABLE: io exception
	at org.apache.ratis.thirdparty.io.grpc.stub.ClientCalls.toStatusRuntimeException(ClientCalls.java:233)
	at org.apache.ratis.thirdparty.io.grpc.stub.ClientCalls.getUnchecked(ClientCalls.java:214)
	at org.apache.ratis.thirdparty.io.grpc.stub.ClientCalls.blockingUnaryCall(ClientCalls.java:139)
	at org.apache.ratis.proto.grpc.RaftServerProtocolServiceGrpc$RaftServerProtocolServiceBlockingStub.requestVote(RaftServerProtocolServiceGrpc.java:265)
	at org.apache.ratis.grpc.server.GrpcServerProtocolClient.requestVote(GrpcServerProtocolClient.java:99)
	at org.apache.ratis.grpc.server.GrpcService.requestVote(GrpcService.java:204)
	at org.apache.ratis.server.impl.LeaderElection.lambda$submitRequests$1(LeaderElection.java:234)
	at java.util.concurrent.FutureTask.run(FutureTask.java:266)
	at java.util.concurrent.Executors$RunnableAdapter.call(Executors.java:511)
	at java.util.concurrent.FutureTask.run(FutureTask.java:266)
	at java.util.concurrent.ThreadPoolExecutor.runWorker(ThreadPoolExecutor.java:1149)
	at java.util.concurrent.ThreadPoolExecutor$Worker.run(ThreadPoolExecutor.java:624)
	... 1 more
Caused by: org.apache.ratis.thirdparty.io.netty.channel.AbstractChannel$AnnotatedConnectException: Connection refused: /192.168.34.25:45248
	at sun.nio.ch.SocketChannelImpl.checkConnect(Native Method)
	at sun.nio.ch.SocketChannelImpl.finishConnect(SocketChannelImpl.java:717)
	at org.apache.ratis.thirdparty.io.netty.channel.socket.nio.NioSocketChannel.doFinishConnect(NioSocketChannel.java:327)
	at org.apache.ratis.thirdparty.io.netty.channel.nio.AbstractNioChannel$AbstractNioUnsafe.finishConnect(AbstractNioChannel.java:340)
	at org.apache.ratis.thirdparty.io.netty.channel.nio.NioEventLoop.processSelectedKey(NioEventLoop.java:632)
	at org.apache.ratis.thirdparty.io.netty.channel.nio.NioEventLoop.processSelectedKeysOptimized(NioEventLoop.java:579)
	at org.apache.ratis.thirdparty.io.netty.channel.nio.NioEventLoop.processSelectedKeys(NioEventLoop.java:496)
	at org.apache.ratis.thirdparty.io.netty.channel.nio.NioEventLoop.run(NioEventLoop.java:458)
	at org.apache.ratis.thirdparty.io.netty.util.concurrent.SingleThreadEventExecutor$5.run(SingleThreadEventExecutor.java:897)
	at org.apache.ratis.thirdparty.io.netty.util.concurrent.FastThreadLocalRunnable.run(FastThreadLocalRunnable.java:30)
	... 1 more
Caused by: java.net.ConnectException: Connection refused
	... 11 more
2019-10-18 07:24:28,106 [12ad0800-05cb-443c-9fdd-fa1debf04523@group-BCB82A5C07F5-LeaderElection1353] INFO  impl.RaftServerImpl (RaftServerImpl.java:setRole(184)) - 12ad0800-05cb-443c-9fdd-fa1debf04523@group-BCB82A5C07F5: changes role from CANDIDATE to FOLLOWER at term 297 for DISCOVERED_A_NEW_TERM
2019-10-18 07:24:28,106 [12ad0800-05cb-443c-9fdd-fa1debf04523@group-BCB82A5C07F5-LeaderElection1353] INFO  impl.RoleInfo (RoleInfo.java:shutdownLeaderElection(134)) - 12ad0800-05cb-443c-9fdd-fa1debf04523: shutdown LeaderElection
2019-10-18 07:24:28,107 [12ad0800-05cb-443c-9fdd-fa1debf04523@group-BCB82A5C07F5-LeaderElection1353] INFO  impl.RoleInfo (RoleInfo.java:updateAndGet(143)) - 12ad0800-05cb-443c-9fdd-fa1debf04523: start FollowerState
2019-10-18 07:24:28,280 [Thread-11310] INFO  impl.FollowerState (FollowerState.java:run(108)) - 12ad0800-05cb-443c-9fdd-fa1debf04523@group-BCB82A5C07F5-FollowerState: change to CANDIDATE, lastRpcTime:173ms, electionTimeout:173ms
2019-10-18 07:24:28,280 [Thread-11310] INFO  impl.RoleInfo (RoleInfo.java:shutdownFollowerState(121)) - 12ad0800-05cb-443c-9fdd-fa1debf04523: shutdown FollowerState
2019-10-18 07:24:28,280 [Thread-11310] INFO  impl.RaftServerImpl (RaftServerImpl.java:setRole(184)) - 12ad0800-05cb-443c-9fdd-fa1debf04523@group-BCB82A5C07F5: changes role from  FOLLOWER to CANDIDATE at term 297 for changeToCandidate
2019-10-18 07:24:28,280 [Thread-11310] INFO  impl.RoleInfo (RoleInfo.java:updateAndGet(143)) - 12ad0800-05cb-443c-9fdd-fa1debf04523: start LeaderElection
2019-10-18 07:24:28,307 [12ad0800-05cb-443c-9fdd-fa1debf04523@group-BCB82A5C07F5-LeaderElection1354] INFO  impl.LeaderElection (LeaderElection.java:askForVotes(178)) - 12ad0800-05cb-443c-9fdd-fa1debf04523@group-BCB82A5C07F5-LeaderElection1354: begin an election at term 298 for -1: [12ad0800-05cb-443c-9fdd-fa1debf04523:192.168.34.25:41155, 5170c5f3-8499-4b42-9321-85fc8a351f79:192.168.34.25:43074, 0b10a9fc-47eb-4a2b-b664-8273d9d17379:192.168.34.25:45248], old=null
2019-10-18 07:24:28,307 [12ad0800-05cb-443c-9fdd-fa1debf04523@group-BCB82A5C07F5-LeaderElection1354] INFO  impl.LeaderElection (LogUtils.java:infoOrTrace(149)) - 12ad0800-05cb-443c-9fdd-fa1debf04523@group-BCB82A5C07F5-LeaderElection1354 got exception when requesting votes: {}
java.util.concurrent.ExecutionException: org.apache.ratis.thirdparty.io.grpc.StatusRuntimeException: UNAVAILABLE: io exception
	at java.util.concurrent.FutureTask.report(FutureTask.java:122)
	at java.util.concurrent.FutureTask.get(FutureTask.java:192)
	at org.apache.ratis.server.impl.LeaderElection.waitForResults(LeaderElection.java:259)
	at org.apache.ratis.server.impl.LeaderElection.askForVotes(LeaderElection.java:197)
	at org.apache.ratis.server.impl.LeaderElection.run(LeaderElection.java:133)
	at java.lang.Thread.run(Thread.java:748)
Caused by: org.apache.ratis.thirdparty.io.grpc.StatusRuntimeException: UNAVAILABLE: io exception
	at org.apache.ratis.thirdparty.io.grpc.stub.ClientCalls.toStatusRuntimeException(ClientCalls.java:233)
	at org.apache.ratis.thirdparty.io.grpc.stub.ClientCalls.getUnchecked(ClientCalls.java:214)
	at org.apache.ratis.thirdparty.io.grpc.stub.ClientCalls.blockingUnaryCall(ClientCalls.java:139)
	at org.apache.ratis.proto.grpc.RaftServerProtocolServiceGrpc$RaftServerProtocolServiceBlockingStub.requestVote(RaftServerProtocolServiceGrpc.java:265)
	at org.apache.ratis.grpc.server.GrpcServerProtocolClient.requestVote(GrpcServerProtocolClient.java:99)
	at org.apache.ratis.grpc.server.GrpcService.requestVote(GrpcService.java:204)
	at org.apache.ratis.server.impl.LeaderElection.lambda$submitRequests$1(LeaderElection.java:234)
	at java.util.concurrent.FutureTask.run(FutureTask.java:266)
	at java.util.concurrent.Executors$RunnableAdapter.call(Executors.java:511)
	at java.util.concurrent.FutureTask.run(FutureTask.java:266)
	at java.util.concurrent.ThreadPoolExecutor.runWorker(ThreadPoolExecutor.java:1149)
	at java.util.concurrent.ThreadPoolExecutor$Worker.run(ThreadPoolExecutor.java:624)
	... 1 more
Caused by: org.apache.ratis.thirdparty.io.netty.channel.AbstractChannel$AnnotatedConnectException: Connection refused: /192.168.34.25:43074
	at sun.nio.ch.SocketChannelImpl.checkConnect(Native Method)
	at sun.nio.ch.SocketChannelImpl.finishConnect(SocketChannelImpl.java:717)
	at org.apache.ratis.thirdparty.io.netty.channel.socket.nio.NioSocketChannel.doFinishConnect(NioSocketChannel.java:327)
	at org.apache.ratis.thirdparty.io.netty.channel.nio.AbstractNioChannel$AbstractNioUnsafe.finishConnect(AbstractNioChannel.java:340)
	at org.apache.ratis.thirdparty.io.netty.channel.nio.NioEventLoop.processSelectedKey(NioEventLoop.java:632)
	at org.apache.ratis.thirdparty.io.netty.channel.nio.NioEventLoop.processSelectedKeysOptimized(NioEventLoop.java:579)
	at org.apache.ratis.thirdparty.io.netty.channel.nio.NioEventLoop.processSelectedKeys(NioEventLoop.java:496)
	at org.apache.ratis.thirdparty.io.netty.channel.nio.NioEventLoop.run(NioEventLoop.java:458)
	at org.apache.ratis.thirdparty.io.netty.util.concurrent.SingleThreadEventExecutor$5.run(SingleThreadEventExecutor.java:897)
	at org.apache.ratis.thirdparty.io.netty.util.concurrent.FastThreadLocalRunnable.run(FastThreadLocalRunnable.java:30)
	... 1 more
Caused by: java.net.ConnectException: Connection refused
	... 11 more
2019-10-18 07:24:28,308 [12ad0800-05cb-443c-9fdd-fa1debf04523@group-BCB82A5C07F5-LeaderElection1354] INFO  impl.LeaderElection (LogUtils.java:infoOrTrace(149)) - 12ad0800-05cb-443c-9fdd-fa1debf04523@group-BCB82A5C07F5-LeaderElection1354 got exception when requesting votes: {}
java.util.concurrent.ExecutionException: org.apache.ratis.thirdparty.io.grpc.StatusRuntimeException: UNAVAILABLE: io exception
	at java.util.concurrent.FutureTask.report(FutureTask.java:122)
	at java.util.concurrent.FutureTask.get(FutureTask.java:192)
	at org.apache.ratis.server.impl.LeaderElection.waitForResults(LeaderElection.java:259)
	at org.apache.ratis.server.impl.LeaderElection.askForVotes(LeaderElection.java:197)
	at org.apache.ratis.server.impl.LeaderElection.run(LeaderElection.java:133)
	at java.lang.Thread.run(Thread.java:748)
Caused by: org.apache.ratis.thirdparty.io.grpc.StatusRuntimeException: UNAVAILABLE: io exception
	at org.apache.ratis.thirdparty.io.grpc.stub.ClientCalls.toStatusRuntimeException(ClientCalls.java:233)
	at org.apache.ratis.thirdparty.io.grpc.stub.ClientCalls.getUnchecked(ClientCalls.java:214)
	at org.apache.ratis.thirdparty.io.grpc.stub.ClientCalls.blockingUnaryCall(ClientCalls.java:139)
	at org.apache.ratis.proto.grpc.RaftServerProtocolServiceGrpc$RaftServerProtocolServiceBlockingStub.requestVote(RaftServerProtocolServiceGrpc.java:265)
	at org.apache.ratis.grpc.server.GrpcServerProtocolClient.requestVote(GrpcServerProtocolClient.java:99)
	at org.apache.ratis.grpc.server.GrpcService.requestVote(GrpcService.java:204)
	at org.apache.ratis.server.impl.LeaderElection.lambda$submitRequests$1(LeaderElection.java:234)
	at java.util.concurrent.FutureTask.run(FutureTask.java:266)
	at java.util.concurrent.Executors$RunnableAdapter.call(Executors.java:511)
	at java.util.concurrent.FutureTask.run(FutureTask.java:266)
	at java.util.concurrent.ThreadPoolExecutor.runWorker(ThreadPoolExecutor.java:1149)
	at java.util.concurrent.ThreadPoolExecutor$Worker.run(ThreadPoolExecutor.java:624)
	... 1 more
Caused by: org.apache.ratis.thirdparty.io.netty.channel.AbstractChannel$AnnotatedConnectException: Connection refused: /192.168.34.25:45248
	at sun.nio.ch.SocketChannelImpl.checkConnect(Native Method)
	at sun.nio.ch.SocketChannelImpl.finishConnect(SocketChannelImpl.java:717)
	at org.apache.ratis.thirdparty.io.netty.channel.socket.nio.NioSocketChannel.doFinishConnect(NioSocketChannel.java:327)
	at org.apache.ratis.thirdparty.io.netty.channel.nio.AbstractNioChannel$AbstractNioUnsafe.finishConnect(AbstractNioChannel.java:340)
	at org.apache.ratis.thirdparty.io.netty.channel.nio.NioEventLoop.processSelectedKey(NioEventLoop.java:632)
	at org.apache.ratis.thirdparty.io.netty.channel.nio.NioEventLoop.processSelectedKeysOptimized(NioEventLoop.java:579)
	at org.apache.ratis.thirdparty.io.netty.channel.nio.NioEventLoop.processSelectedKeys(NioEventLoop.java:496)
	at org.apache.ratis.thirdparty.io.netty.channel.nio.NioEventLoop.run(NioEventLoop.java:458)
	at org.apache.ratis.thirdparty.io.netty.util.concurrent.SingleThreadEventExecutor$5.run(SingleThreadEventExecutor.java:897)
	at org.apache.ratis.thirdparty.io.netty.util.concurrent.FastThreadLocalRunnable.run(FastThreadLocalRunnable.java:30)
	... 1 more
Caused by: java.net.ConnectException: Connection refused
	... 11 more
2019-10-18 07:24:28,308 [12ad0800-05cb-443c-9fdd-fa1debf04523@group-BCB82A5C07F5-LeaderElection1354] INFO  impl.LeaderElection (LeaderElection.java:logAndReturn(56)) - 12ad0800-05cb-443c-9fdd-fa1debf04523@group-BCB82A5C07F5-LeaderElection1354: Election REJECTED; received 0 response(s) [] and 2 exception(s); 12ad0800-05cb-443c-9fdd-fa1debf04523@group-BCB82A5C07F5:t298, leader=null, voted=12ad0800-05cb-443c-9fdd-fa1debf04523, raftlog=12ad0800-05cb-443c-9fdd-fa1debf04523@group-BCB82A5C07F5-SegmentedRaftLog:OPENED:c-1,f-1,i0, conf=-1: [12ad0800-05cb-443c-9fdd-fa1debf04523:192.168.34.25:41155, 5170c5f3-8499-4b42-9321-85fc8a351f79:192.168.34.25:43074, 0b10a9fc-47eb-4a2b-b664-8273d9d17379:192.168.34.25:45248], old=null
2019-10-18 07:24:28,308 [12ad0800-05cb-443c-9fdd-fa1debf04523@group-BCB82A5C07F5-LeaderElection1354] INFO  impl.LeaderElection (LogUtils.java:infoOrTrace(149)) -   Exception 0: {}
java.util.concurrent.ExecutionException: org.apache.ratis.thirdparty.io.grpc.StatusRuntimeException: UNAVAILABLE: io exception
	at java.util.concurrent.FutureTask.report(FutureTask.java:122)
	at java.util.concurrent.FutureTask.get(FutureTask.java:192)
	at org.apache.ratis.server.impl.LeaderElection.waitForResults(LeaderElection.java:259)
	at org.apache.ratis.server.impl.LeaderElection.askForVotes(LeaderElection.java:197)
	at org.apache.ratis.server.impl.LeaderElection.run(LeaderElection.java:133)
	at java.lang.Thread.run(Thread.java:748)
Caused by: org.apache.ratis.thirdparty.io.grpc.StatusRuntimeException: UNAVAILABLE: io exception
	at org.apache.ratis.thirdparty.io.grpc.stub.ClientCalls.toStatusRuntimeException(ClientCalls.java:233)
	at org.apache.ratis.thirdparty.io.grpc.stub.ClientCalls.getUnchecked(ClientCalls.java:214)
	at org.apache.ratis.thirdparty.io.grpc.stub.ClientCalls.blockingUnaryCall(ClientCalls.java:139)
	at org.apache.ratis.proto.grpc.RaftServerProtocolServiceGrpc$RaftServerProtocolServiceBlockingStub.requestVote(RaftServerProtocolServiceGrpc.java:265)
	at org.apache.ratis.grpc.server.GrpcServerProtocolClient.requestVote(GrpcServerProtocolClient.java:99)
	at org.apache.ratis.grpc.server.GrpcService.requestVote(GrpcService.java:204)
	at org.apache.ratis.server.impl.LeaderElection.lambda$submitRequests$1(LeaderElection.java:234)
	at java.util.concurrent.FutureTask.run(FutureTask.java:266)
	at java.util.concurrent.Executors$RunnableAdapter.call(Executors.java:511)
	at java.util.concurrent.FutureTask.run(FutureTask.java:266)
	at java.util.concurrent.ThreadPoolExecutor.runWorker(ThreadPoolExecutor.java:1149)
	at java.util.concurrent.ThreadPoolExecutor$Worker.run(ThreadPoolExecutor.java:624)
	... 1 more
Caused by: org.apache.ratis.thirdparty.io.netty.channel.AbstractChannel$AnnotatedConnectException: Connection refused: /192.168.34.25:43074
	at sun.nio.ch.SocketChannelImpl.checkConnect(Native Method)
	at sun.nio.ch.SocketChannelImpl.finishConnect(SocketChannelImpl.java:717)
	at org.apache.ratis.thirdparty.io.netty.channel.socket.nio.NioSocketChannel.doFinishConnect(NioSocketChannel.java:327)
	at org.apache.ratis.thirdparty.io.netty.channel.nio.AbstractNioChannel$AbstractNioUnsafe.finishConnect(AbstractNioChannel.java:340)
	at org.apache.ratis.thirdparty.io.netty.channel.nio.NioEventLoop.processSelectedKey(NioEventLoop.java:632)
	at org.apache.ratis.thirdparty.io.netty.channel.nio.NioEventLoop.processSelectedKeysOptimized(NioEventLoop.java:579)
	at org.apache.ratis.thirdparty.io.netty.channel.nio.NioEventLoop.processSelectedKeys(NioEventLoop.java:496)
	at org.apache.ratis.thirdparty.io.netty.channel.nio.NioEventLoop.run(NioEventLoop.java:458)
	at org.apache.ratis.thirdparty.io.netty.util.concurrent.SingleThreadEventExecutor$5.run(SingleThreadEventExecutor.java:897)
	at org.apache.ratis.thirdparty.io.netty.util.concurrent.FastThreadLocalRunnable.run(FastThreadLocalRunnable.java:30)
	... 1 more
Caused by: java.net.ConnectException: Connection refused
	... 11 more
2019-10-18 07:24:28,309 [12ad0800-05cb-443c-9fdd-fa1debf04523@group-BCB82A5C07F5-LeaderElection1354] INFO  impl.LeaderElection (LogUtils.java:infoOrTrace(149)) -   Exception 1: {}
java.util.concurrent.ExecutionException: org.apache.ratis.thirdparty.io.grpc.StatusRuntimeException: UNAVAILABLE: io exception
	at java.util.concurrent.FutureTask.report(FutureTask.java:122)
	at java.util.concurrent.FutureTask.get(FutureTask.java:192)
	at org.apache.ratis.server.impl.LeaderElection.waitForResults(LeaderElection.java:259)
	at org.apache.ratis.server.impl.LeaderElection.askForVotes(LeaderElection.java:197)
	at org.apache.ratis.server.impl.LeaderElection.run(LeaderElection.java:133)
	at java.lang.Thread.run(Thread.java:748)
Caused by: org.apache.ratis.thirdparty.io.grpc.StatusRuntimeException: UNAVAILABLE: io exception
	at org.apache.ratis.thirdparty.io.grpc.stub.ClientCalls.toStatusRuntimeException(ClientCalls.java:233)
	at org.apache.ratis.thirdparty.io.grpc.stub.ClientCalls.getUnchecked(ClientCalls.java:214)
	at org.apache.ratis.thirdparty.io.grpc.stub.ClientCalls.blockingUnaryCall(ClientCalls.java:139)
	at org.apache.ratis.proto.grpc.RaftServerProtocolServiceGrpc$RaftServerProtocolServiceBlockingStub.requestVote(RaftServerProtocolServiceGrpc.java:265)
	at org.apache.ratis.grpc.server.GrpcServerProtocolClient.requestVote(GrpcServerProtocolClient.java:99)
	at org.apache.ratis.grpc.server.GrpcService.requestVote(GrpcService.java:204)
	at org.apache.ratis.server.impl.LeaderElection.lambda$submitRequests$1(LeaderElection.java:234)
	at java.util.concurrent.FutureTask.run(FutureTask.java:266)
	at java.util.concurrent.Executors$RunnableAdapter.call(Executors.java:511)
	at java.util.concurrent.FutureTask.run(FutureTask.java:266)
	at java.util.concurrent.ThreadPoolExecutor.runWorker(ThreadPoolExecutor.java:1149)
	at java.util.concurrent.ThreadPoolExecutor$Worker.run(ThreadPoolExecutor.java:624)
	... 1 more
Caused by: org.apache.ratis.thirdparty.io.netty.channel.AbstractChannel$AnnotatedConnectException: Connection refused: /192.168.34.25:45248
	at sun.nio.ch.SocketChannelImpl.checkConnect(Native Method)
	at sun.nio.ch.SocketChannelImpl.finishConnect(SocketChannelImpl.java:717)
	at org.apache.ratis.thirdparty.io.netty.channel.socket.nio.NioSocketChannel.doFinishConnect(NioSocketChannel.java:327)
	at org.apache.ratis.thirdparty.io.netty.channel.nio.AbstractNioChannel$AbstractNioUnsafe.finishConnect(AbstractNioChannel.java:340)
	at org.apache.ratis.thirdparty.io.netty.channel.nio.NioEventLoop.processSelectedKey(NioEventLoop.java:632)
	at org.apache.ratis.thirdparty.io.netty.channel.nio.NioEventLoop.processSelectedKeysOptimized(NioEventLoop.java:579)
	at org.apache.ratis.thirdparty.io.netty.channel.nio.NioEventLoop.processSelectedKeys(NioEventLoop.java:496)
	at org.apache.ratis.thirdparty.io.netty.channel.nio.NioEventLoop.run(NioEventLoop.java:458)
	at org.apache.ratis.thirdparty.io.netty.util.concurrent.SingleThreadEventExecutor$5.run(SingleThreadEventExecutor.java:897)
	at org.apache.ratis.thirdparty.io.netty.util.concurrent.FastThreadLocalRunnable.run(FastThreadLocalRunnable.java:30)
	... 1 more
Caused by: java.net.ConnectException: Connection refused
	... 11 more
2019-10-18 07:24:28,309 [12ad0800-05cb-443c-9fdd-fa1debf04523@group-BCB82A5C07F5-LeaderElection1354] INFO  impl.RaftServerImpl (RaftServerImpl.java:setRole(184)) - 12ad0800-05cb-443c-9fdd-fa1debf04523@group-BCB82A5C07F5: changes role from CANDIDATE to FOLLOWER at term 298 for DISCOVERED_A_NEW_TERM
2019-10-18 07:24:28,309 [12ad0800-05cb-443c-9fdd-fa1debf04523@group-BCB82A5C07F5-LeaderElection1354] INFO  impl.RoleInfo (RoleInfo.java:shutdownLeaderElection(134)) - 12ad0800-05cb-443c-9fdd-fa1debf04523: shutdown LeaderElection
2019-10-18 07:24:28,309 [12ad0800-05cb-443c-9fdd-fa1debf04523@group-BCB82A5C07F5-LeaderElection1354] INFO  impl.RoleInfo (RoleInfo.java:updateAndGet(143)) - 12ad0800-05cb-443c-9fdd-fa1debf04523: start FollowerState
2019-10-18 07:24:28,450 [Thread-11314] INFO  impl.FollowerState (FollowerState.java:run(108)) - 12ad0800-05cb-443c-9fdd-fa1debf04523@group-BCB82A5C07F5-FollowerState: change to CANDIDATE, lastRpcTime:140ms, electionTimeout:140ms
2019-10-18 07:24:28,450 [Thread-11314] INFO  impl.RoleInfo (RoleInfo.java:shutdownFollowerState(121)) - 12ad0800-05cb-443c-9fdd-fa1debf04523: shutdown FollowerState
2019-10-18 07:24:28,450 [Thread-11314] INFO  impl.RaftServerImpl (RaftServerImpl.java:setRole(184)) - 12ad0800-05cb-443c-9fdd-fa1debf04523@group-BCB82A5C07F5: changes role from  FOLLOWER to CANDIDATE at term 298 for changeToCandidate
2019-10-18 07:24:28,450 [Thread-11314] INFO  impl.RoleInfo (RoleInfo.java:updateAndGet(143)) - 12ad0800-05cb-443c-9fdd-fa1debf04523: start LeaderElection
2019-10-18 07:24:28,475 [12ad0800-05cb-443c-9fdd-fa1debf04523@group-BCB82A5C07F5-LeaderElection1355] INFO  impl.LeaderElection (LeaderElection.java:askForVotes(178)) - 12ad0800-05cb-443c-9fdd-fa1debf04523@group-BCB82A5C07F5-LeaderElection1355: begin an election at term 299 for -1: [12ad0800-05cb-443c-9fdd-fa1debf04523:192.168.34.25:41155, 5170c5f3-8499-4b42-9321-85fc8a351f79:192.168.34.25:43074, 0b10a9fc-47eb-4a2b-b664-8273d9d17379:192.168.34.25:45248], old=null
2019-10-18 07:24:28,475 [12ad0800-05cb-443c-9fdd-fa1debf04523@group-BCB82A5C07F5-LeaderElection1355] INFO  impl.LeaderElection (LogUtils.java:infoOrTrace(149)) - 12ad0800-05cb-443c-9fdd-fa1debf04523@group-BCB82A5C07F5-LeaderElection1355 got exception when requesting votes: {}
java.util.concurrent.ExecutionException: org.apache.ratis.thirdparty.io.grpc.StatusRuntimeException: UNAVAILABLE: io exception
	at java.util.concurrent.FutureTask.report(FutureTask.java:122)
	at java.util.concurrent.FutureTask.get(FutureTask.java:192)
	at org.apache.ratis.server.impl.LeaderElection.waitForResults(LeaderElection.java:259)
	at org.apache.ratis.server.impl.LeaderElection.askForVotes(LeaderElection.java:197)
	at org.apache.ratis.server.impl.LeaderElection.run(LeaderElection.java:133)
	at java.lang.Thread.run(Thread.java:748)
Caused by: org.apache.ratis.thirdparty.io.grpc.StatusRuntimeException: UNAVAILABLE: io exception
	at org.apache.ratis.thirdparty.io.grpc.stub.ClientCalls.toStatusRuntimeException(ClientCalls.java:233)
	at org.apache.ratis.thirdparty.io.grpc.stub.ClientCalls.getUnchecked(ClientCalls.java:214)
	at org.apache.ratis.thirdparty.io.grpc.stub.ClientCalls.blockingUnaryCall(ClientCalls.java:139)
	at org.apache.ratis.proto.grpc.RaftServerProtocolServiceGrpc$RaftServerProtocolServiceBlockingStub.requestVote(RaftServerProtocolServiceGrpc.java:265)
	at org.apache.ratis.grpc.server.GrpcServerProtocolClient.requestVote(GrpcServerProtocolClient.java:99)
	at org.apache.ratis.grpc.server.GrpcService.requestVote(GrpcService.java:204)
	at org.apache.ratis.server.impl.LeaderElection.lambda$submitRequests$1(LeaderElection.java:234)
	at java.util.concurrent.FutureTask.run(FutureTask.java:266)
	at java.util.concurrent.Executors$RunnableAdapter.call(Executors.java:511)
	at java.util.concurrent.FutureTask.run(FutureTask.java:266)
	at java.util.concurrent.ThreadPoolExecutor.runWorker(ThreadPoolExecutor.java:1149)
	at java.util.concurrent.ThreadPoolExecutor$Worker.run(ThreadPoolExecutor.java:624)
	... 1 more
Caused by: org.apache.ratis.thirdparty.io.netty.channel.AbstractChannel$AnnotatedConnectException: Connection refused: /192.168.34.25:43074
	at sun.nio.ch.SocketChannelImpl.checkConnect(Native Method)
	at sun.nio.ch.SocketChannelImpl.finishConnect(SocketChannelImpl.java:717)
	at org.apache.ratis.thirdparty.io.netty.channel.socket.nio.NioSocketChannel.doFinishConnect(NioSocketChannel.java:327)
	at org.apache.ratis.thirdparty.io.netty.channel.nio.AbstractNioChannel$AbstractNioUnsafe.finishConnect(AbstractNioChannel.java:340)
	at org.apache.ratis.thirdparty.io.netty.channel.nio.NioEventLoop.processSelectedKey(NioEventLoop.java:632)
	at org.apache.ratis.thirdparty.io.netty.channel.nio.NioEventLoop.processSelectedKeysOptimized(NioEventLoop.java:579)
	at org.apache.ratis.thirdparty.io.netty.channel.nio.NioEventLoop.processSelectedKeys(NioEventLoop.java:496)
	at org.apache.ratis.thirdparty.io.netty.channel.nio.NioEventLoop.run(NioEventLoop.java:458)
	at org.apache.ratis.thirdparty.io.netty.util.concurrent.SingleThreadEventExecutor$5.run(SingleThreadEventExecutor.java:897)
	at org.apache.ratis.thirdparty.io.netty.util.concurrent.FastThreadLocalRunnable.run(FastThreadLocalRunnable.java:30)
	... 1 more
Caused by: java.net.ConnectException: Connection refused
	... 11 more
2019-10-18 07:24:28,476 [12ad0800-05cb-443c-9fdd-fa1debf04523@group-BCB82A5C07F5-LeaderElection1355] INFO  impl.LeaderElection (LogUtils.java:infoOrTrace(149)) - 12ad0800-05cb-443c-9fdd-fa1debf04523@group-BCB82A5C07F5-LeaderElection1355 got exception when requesting votes: {}
java.util.concurrent.ExecutionException: org.apache.ratis.thirdparty.io.grpc.StatusRuntimeException: UNAVAILABLE: io exception
	at java.util.concurrent.FutureTask.report(FutureTask.java:122)
	at java.util.concurrent.FutureTask.get(FutureTask.java:192)
	at org.apache.ratis.server.impl.LeaderElection.waitForResults(LeaderElection.java:259)
	at org.apache.ratis.server.impl.LeaderElection.askForVotes(LeaderElection.java:197)
	at org.apache.ratis.server.impl.LeaderElection.run(LeaderElection.java:133)
	at java.lang.Thread.run(Thread.java:748)
Caused by: org.apache.ratis.thirdparty.io.grpc.StatusRuntimeException: UNAVAILABLE: io exception
	at org.apache.ratis.thirdparty.io.grpc.stub.ClientCalls.toStatusRuntimeException(ClientCalls.java:233)
	at org.apache.ratis.thirdparty.io.grpc.stub.ClientCalls.getUnchecked(ClientCalls.java:214)
	at org.apache.ratis.thirdparty.io.grpc.stub.ClientCalls.blockingUnaryCall(ClientCalls.java:139)
	at org.apache.ratis.proto.grpc.RaftServerProtocolServiceGrpc$RaftServerProtocolServiceBlockingStub.requestVote(RaftServerProtocolServiceGrpc.java:265)
	at org.apache.ratis.grpc.server.GrpcServerProtocolClient.requestVote(GrpcServerProtocolClient.java:99)
	at org.apache.ratis.grpc.server.GrpcService.requestVote(GrpcService.java:204)
	at org.apache.ratis.server.impl.LeaderElection.lambda$submitRequests$1(LeaderElection.java:234)
	at java.util.concurrent.FutureTask.run(FutureTask.java:266)
	at java.util.concurrent.Executors$RunnableAdapter.call(Executors.java:511)
	at java.util.concurrent.FutureTask.run(FutureTask.java:266)
	at java.util.concurrent.ThreadPoolExecutor.runWorker(ThreadPoolExecutor.java:1149)
	at java.util.concurrent.ThreadPoolExecutor$Worker.run(ThreadPoolExecutor.java:624)
	... 1 more
Caused by: org.apache.ratis.thirdparty.io.netty.channel.AbstractChannel$AnnotatedConnectException: Connection refused: /192.168.34.25:45248
	at sun.nio.ch.SocketChannelImpl.checkConnect(Native Method)
	at sun.nio.ch.SocketChannelImpl.finishConnect(SocketChannelImpl.java:717)
	at org.apache.ratis.thirdparty.io.netty.channel.socket.nio.NioSocketChannel.doFinishConnect(NioSocketChannel.java:327)
	at org.apache.ratis.thirdparty.io.netty.channel.nio.AbstractNioChannel$AbstractNioUnsafe.finishConnect(AbstractNioChannel.java:340)
	at org.apache.ratis.thirdparty.io.netty.channel.nio.NioEventLoop.processSelectedKey(NioEventLoop.java:632)
	at org.apache.ratis.thirdparty.io.netty.channel.nio.NioEventLoop.processSelectedKeysOptimized(NioEventLoop.java:579)
	at org.apache.ratis.thirdparty.io.netty.channel.nio.NioEventLoop.processSelectedKeys(NioEventLoop.java:496)
	at org.apache.ratis.thirdparty.io.netty.channel.nio.NioEventLoop.run(NioEventLoop.java:458)
	at org.apache.ratis.thirdparty.io.netty.util.concurrent.SingleThreadEventExecutor$5.run(SingleThreadEventExecutor.java:897)
	at org.apache.ratis.thirdparty.io.netty.util.concurrent.FastThreadLocalRunnable.run(FastThreadLocalRunnable.java:30)
	... 1 more
Caused by: java.net.ConnectException: Connection refused
	... 11 more
2019-10-18 07:24:28,477 [12ad0800-05cb-443c-9fdd-fa1debf04523@group-BCB82A5C07F5-LeaderElection1355] INFO  impl.LeaderElection (LeaderElection.java:logAndReturn(56)) - 12ad0800-05cb-443c-9fdd-fa1debf04523@group-BCB82A5C07F5-LeaderElection1355: Election REJECTED; received 0 response(s) [] and 2 exception(s); 12ad0800-05cb-443c-9fdd-fa1debf04523@group-BCB82A5C07F5:t299, leader=null, voted=12ad0800-05cb-443c-9fdd-fa1debf04523, raftlog=12ad0800-05cb-443c-9fdd-fa1debf04523@group-BCB82A5C07F5-SegmentedRaftLog:OPENED:c-1,f-1,i0, conf=-1: [12ad0800-05cb-443c-9fdd-fa1debf04523:192.168.34.25:41155, 5170c5f3-8499-4b42-9321-85fc8a351f79:192.168.34.25:43074, 0b10a9fc-47eb-4a2b-b664-8273d9d17379:192.168.34.25:45248], old=null
2019-10-18 07:24:28,477 [12ad0800-05cb-443c-9fdd-fa1debf04523@group-BCB82A5C07F5-LeaderElection1355] INFO  impl.LeaderElection (LogUtils.java:infoOrTrace(149)) -   Exception 0: {}
java.util.concurrent.ExecutionException: org.apache.ratis.thirdparty.io.grpc.StatusRuntimeException: UNAVAILABLE: io exception
	at java.util.concurrent.FutureTask.report(FutureTask.java:122)
	at java.util.concurrent.FutureTask.get(FutureTask.java:192)
	at org.apache.ratis.server.impl.LeaderElection.waitForResults(LeaderElection.java:259)
	at org.apache.ratis.server.impl.LeaderElection.askForVotes(LeaderElection.java:197)
	at org.apache.ratis.server.impl.LeaderElection.run(LeaderElection.java:133)
	at java.lang.Thread.run(Thread.java:748)
Caused by: org.apache.ratis.thirdparty.io.grpc.StatusRuntimeException: UNAVAILABLE: io exception
	at org.apache.ratis.thirdparty.io.grpc.stub.ClientCalls.toStatusRuntimeException(ClientCalls.java:233)
	at org.apache.ratis.thirdparty.io.grpc.stub.ClientCalls.getUnchecked(ClientCalls.java:214)
	at org.apache.ratis.thirdparty.io.grpc.stub.ClientCalls.blockingUnaryCall(ClientCalls.java:139)
	at org.apache.ratis.proto.grpc.RaftServerProtocolServiceGrpc$RaftServerProtocolServiceBlockingStub.requestVote(RaftServerProtocolServiceGrpc.java:265)
	at org.apache.ratis.grpc.server.GrpcServerProtocolClient.requestVote(GrpcServerProtocolClient.java:99)
	at org.apache.ratis.grpc.server.GrpcService.requestVote(GrpcService.java:204)
	at org.apache.ratis.server.impl.LeaderElection.lambda$submitRequests$1(LeaderElection.java:234)
	at java.util.concurrent.FutureTask.run(FutureTask.java:266)
	at java.util.concurrent.Executors$RunnableAdapter.call(Executors.java:511)
	at java.util.concurrent.FutureTask.run(FutureTask.java:266)
	at java.util.concurrent.ThreadPoolExecutor.runWorker(ThreadPoolExecutor.java:1149)
	at java.util.concurrent.ThreadPoolExecutor$Worker.run(ThreadPoolExecutor.java:624)
	... 1 more
Caused by: org.apache.ratis.thirdparty.io.netty.channel.AbstractChannel$AnnotatedConnectException: Connection refused: /192.168.34.25:43074
	at sun.nio.ch.SocketChannelImpl.checkConnect(Native Method)
	at sun.nio.ch.SocketChannelImpl.finishConnect(SocketChannelImpl.java:717)
	at org.apache.ratis.thirdparty.io.netty.channel.socket.nio.NioSocketChannel.doFinishConnect(NioSocketChannel.java:327)
	at org.apache.ratis.thirdparty.io.netty.channel.nio.AbstractNioChannel$AbstractNioUnsafe.finishConnect(AbstractNioChannel.java:340)
	at org.apache.ratis.thirdparty.io.netty.channel.nio.NioEventLoop.processSelectedKey(NioEventLoop.java:632)
	at org.apache.ratis.thirdparty.io.netty.channel.nio.NioEventLoop.processSelectedKeysOptimized(NioEventLoop.java:579)
	at org.apache.ratis.thirdparty.io.netty.channel.nio.NioEventLoop.processSelectedKeys(NioEventLoop.java:496)
	at org.apache.ratis.thirdparty.io.netty.channel.nio.NioEventLoop.run(NioEventLoop.java:458)
	at org.apache.ratis.thirdparty.io.netty.util.concurrent.SingleThreadEventExecutor$5.run(SingleThreadEventExecutor.java:897)
	at org.apache.ratis.thirdparty.io.netty.util.concurrent.FastThreadLocalRunnable.run(FastThreadLocalRunnable.java:30)
	... 1 more
Caused by: java.net.ConnectException: Connection refused
	... 11 more
2019-10-18 07:24:28,477 [12ad0800-05cb-443c-9fdd-fa1debf04523@group-BCB82A5C07F5-LeaderElection1355] INFO  impl.LeaderElection (LogUtils.java:infoOrTrace(149)) -   Exception 1: {}
java.util.concurrent.ExecutionException: org.apache.ratis.thirdparty.io.grpc.StatusRuntimeException: UNAVAILABLE: io exception
	at java.util.concurrent.FutureTask.report(FutureTask.java:122)
	at java.util.concurrent.FutureTask.get(FutureTask.java:192)
	at org.apache.ratis.server.impl.LeaderElection.waitForResults(LeaderElection.java:259)
	at org.apache.ratis.server.impl.LeaderElection.askForVotes(LeaderElection.java:197)
	at org.apache.ratis.server.impl.LeaderElection.run(LeaderElection.java:133)
	at java.lang.Thread.run(Thread.java:748)
Caused by: org.apache.ratis.thirdparty.io.grpc.StatusRuntimeException: UNAVAILABLE: io exception
	at org.apache.ratis.thirdparty.io.grpc.stub.ClientCalls.toStatusRuntimeException(ClientCalls.java:233)
	at org.apache.ratis.thirdparty.io.grpc.stub.ClientCalls.getUnchecked(ClientCalls.java:214)
	at org.apache.ratis.thirdparty.io.grpc.stub.ClientCalls.blockingUnaryCall(ClientCalls.java:139)
	at org.apache.ratis.proto.grpc.RaftServerProtocolServiceGrpc$RaftServerProtocolServiceBlockingStub.requestVote(RaftServerProtocolServiceGrpc.java:265)
	at org.apache.ratis.grpc.server.GrpcServerProtocolClient.requestVote(GrpcServerProtocolClient.java:99)
	at org.apache.ratis.grpc.server.GrpcService.requestVote(GrpcService.java:204)
	at org.apache.ratis.server.impl.LeaderElection.lambda$submitRequests$1(LeaderElection.java:234)
	at java.util.concurrent.FutureTask.run(FutureTask.java:266)
	at java.util.concurrent.Executors$RunnableAdapter.call(Executors.java:511)
	at java.util.concurrent.FutureTask.run(FutureTask.java:266)
	at java.util.concurrent.ThreadPoolExecutor.runWorker(ThreadPoolExecutor.java:1149)
	at java.util.concurrent.ThreadPoolExecutor$Worker.run(ThreadPoolExecutor.java:624)
	... 1 more
Caused by: org.apache.ratis.thirdparty.io.netty.channel.AbstractChannel$AnnotatedConnectException: Connection refused: /192.168.34.25:45248
	at sun.nio.ch.SocketChannelImpl.checkConnect(Native Method)
	at sun.nio.ch.SocketChannelImpl.finishConnect(SocketChannelImpl.java:717)
	at org.apache.ratis.thirdparty.io.netty.channel.socket.nio.NioSocketChannel.doFinishConnect(NioSocketChannel.java:327)
	at org.apache.ratis.thirdparty.io.netty.channel.nio.AbstractNioChannel$AbstractNioUnsafe.finishConnect(AbstractNioChannel.java:340)
	at org.apache.ratis.thirdparty.io.netty.channel.nio.NioEventLoop.processSelectedKey(NioEventLoop.java:632)
	at org.apache.ratis.thirdparty.io.netty.channel.nio.NioEventLoop.processSelectedKeysOptimized(NioEventLoop.java:579)
	at org.apache.ratis.thirdparty.io.netty.channel.nio.NioEventLoop.processSelectedKeys(NioEventLoop.java:496)
	at org.apache.ratis.thirdparty.io.netty.channel.nio.NioEventLoop.run(NioEventLoop.java:458)
	at org.apache.ratis.thirdparty.io.netty.util.concurrent.SingleThreadEventExecutor$5.run(SingleThreadEventExecutor.java:897)
	at org.apache.ratis.thirdparty.io.netty.util.concurrent.FastThreadLocalRunnable.run(FastThreadLocalRunnable.java:30)
	... 1 more
Caused by: java.net.ConnectException: Connection refused
	... 11 more
2019-10-18 07:24:28,477 [12ad0800-05cb-443c-9fdd-fa1debf04523@group-BCB82A5C07F5-LeaderElection1355] INFO  impl.RaftServerImpl (RaftServerImpl.java:setRole(184)) - 12ad0800-05cb-443c-9fdd-fa1debf04523@group-BCB82A5C07F5: changes role from CANDIDATE to FOLLOWER at term 299 for DISCOVERED_A_NEW_TERM
2019-10-18 07:24:28,478 [12ad0800-05cb-443c-9fdd-fa1debf04523@group-BCB82A5C07F5-LeaderElection1355] INFO  impl.RoleInfo (RoleInfo.java:shutdownLeaderElection(134)) - 12ad0800-05cb-443c-9fdd-fa1debf04523: shutdown LeaderElection
2019-10-18 07:24:28,478 [12ad0800-05cb-443c-9fdd-fa1debf04523@group-BCB82A5C07F5-LeaderElection1355] INFO  impl.RoleInfo (RoleInfo.java:updateAndGet(143)) - 12ad0800-05cb-443c-9fdd-fa1debf04523: start FollowerState
2019-10-18 07:24:28,672 [Thread-11318] INFO  impl.FollowerState (FollowerState.java:run(108)) - 12ad0800-05cb-443c-9fdd-fa1debf04523@group-BCB82A5C07F5-FollowerState: change to CANDIDATE, lastRpcTime:194ms, electionTimeout:194ms
2019-10-18 07:24:28,672 [Thread-11318] INFO  impl.RoleInfo (RoleInfo.java:shutdownFollowerState(121)) - 12ad0800-05cb-443c-9fdd-fa1debf04523: shutdown FollowerState
2019-10-18 07:24:28,672 [Thread-11318] INFO  impl.RaftServerImpl (RaftServerImpl.java:setRole(184)) - 12ad0800-05cb-443c-9fdd-fa1debf04523@group-BCB82A5C07F5: changes role from  FOLLOWER to CANDIDATE at term 299 for changeToCandidate
2019-10-18 07:24:28,672 [Thread-11318] INFO  impl.RoleInfo (RoleInfo.java:updateAndGet(143)) - 12ad0800-05cb-443c-9fdd-fa1debf04523: start LeaderElection
2019-10-18 07:24:28,701 [12ad0800-05cb-443c-9fdd-fa1debf04523@group-BCB82A5C07F5-LeaderElection1356] INFO  impl.LeaderElection (LeaderElection.java:askForVotes(178)) - 12ad0800-05cb-443c-9fdd-fa1debf04523@group-BCB82A5C07F5-LeaderElection1356: begin an election at term 300 for -1: [12ad0800-05cb-443c-9fdd-fa1debf04523:192.168.34.25:41155, 5170c5f3-8499-4b42-9321-85fc8a351f79:192.168.34.25:43074, 0b10a9fc-47eb-4a2b-b664-8273d9d17379:192.168.34.25:45248], old=null
2019-10-18 07:24:28,702 [12ad0800-05cb-443c-9fdd-fa1debf04523@group-BCB82A5C07F5-LeaderElection1356] INFO  impl.LeaderElection (LogUtils.java:infoOrTrace(149)) - 12ad0800-05cb-443c-9fdd-fa1debf04523@group-BCB82A5C07F5-LeaderElection1356 got exception when requesting votes: {}
java.util.concurrent.ExecutionException: org.apache.ratis.thirdparty.io.grpc.StatusRuntimeException: UNAVAILABLE: io exception
	at java.util.concurrent.FutureTask.report(FutureTask.java:122)
	at java.util.concurrent.FutureTask.get(FutureTask.java:192)
	at org.apache.ratis.server.impl.LeaderElection.waitForResults(LeaderElection.java:259)
	at org.apache.ratis.server.impl.LeaderElection.askForVotes(LeaderElection.java:197)
	at org.apache.ratis.server.impl.LeaderElection.run(LeaderElection.java:133)
	at java.lang.Thread.run(Thread.java:748)
Caused by: org.apache.ratis.thirdparty.io.grpc.StatusRuntimeException: UNAVAILABLE: io exception
	at org.apache.ratis.thirdparty.io.grpc.stub.ClientCalls.toStatusRuntimeException(ClientCalls.java:233)
	at org.apache.ratis.thirdparty.io.grpc.stub.ClientCalls.getUnchecked(ClientCalls.java:214)
	at org.apache.ratis.thirdparty.io.grpc.stub.ClientCalls.blockingUnaryCall(ClientCalls.java:139)
	at org.apache.ratis.proto.grpc.RaftServerProtocolServiceGrpc$RaftServerProtocolServiceBlockingStub.requestVote(RaftServerProtocolServiceGrpc.java:265)
	at org.apache.ratis.grpc.server.GrpcServerProtocolClient.requestVote(GrpcServerProtocolClient.java:99)
	at org.apache.ratis.grpc.server.GrpcService.requestVote(GrpcService.java:204)
	at org.apache.ratis.server.impl.LeaderElection.lambda$submitRequests$1(LeaderElection.java:234)
	at java.util.concurrent.FutureTask.run(FutureTask.java:266)
	at java.util.concurrent.Executors$RunnableAdapter.call(Executors.java:511)
	at java.util.concurrent.FutureTask.run(FutureTask.java:266)
	at java.util.concurrent.ThreadPoolExecutor.runWorker(ThreadPoolExecutor.java:1149)
	at java.util.concurrent.ThreadPoolExecutor$Worker.run(ThreadPoolExecutor.java:624)
	... 1 more
Caused by: org.apache.ratis.thirdparty.io.netty.channel.AbstractChannel$AnnotatedConnectException: Connection refused: /192.168.34.25:43074
	at sun.nio.ch.SocketChannelImpl.checkConnect(Native Method)
	at sun.nio.ch.SocketChannelImpl.finishConnect(SocketChannelImpl.java:717)
	at org.apache.ratis.thirdparty.io.netty.channel.socket.nio.NioSocketChannel.doFinishConnect(NioSocketChannel.java:327)
	at org.apache.ratis.thirdparty.io.netty.channel.nio.AbstractNioChannel$AbstractNioUnsafe.finishConnect(AbstractNioChannel.java:340)
	at org.apache.ratis.thirdparty.io.netty.channel.nio.NioEventLoop.processSelectedKey(NioEventLoop.java:632)
	at org.apache.ratis.thirdparty.io.netty.channel.nio.NioEventLoop.processSelectedKeysOptimized(NioEventLoop.java:579)
	at org.apache.ratis.thirdparty.io.netty.channel.nio.NioEventLoop.processSelectedKeys(NioEventLoop.java:496)
	at org.apache.ratis.thirdparty.io.netty.channel.nio.NioEventLoop.run(NioEventLoop.java:458)
	at org.apache.ratis.thirdparty.io.netty.util.concurrent.SingleThreadEventExecutor$5.run(SingleThreadEventExecutor.java:897)
	at org.apache.ratis.thirdparty.io.netty.util.concurrent.FastThreadLocalRunnable.run(FastThreadLocalRunnable.java:30)
	... 1 more
Caused by: java.net.ConnectException: Connection refused
	... 11 more
2019-10-18 07:24:28,702 [12ad0800-05cb-443c-9fdd-fa1debf04523@group-BCB82A5C07F5-LeaderElection1356] INFO  impl.LeaderElection (LogUtils.java:infoOrTrace(149)) - 12ad0800-05cb-443c-9fdd-fa1debf04523@group-BCB82A5C07F5-LeaderElection1356 got exception when requesting votes: {}
java.util.concurrent.ExecutionException: org.apache.ratis.thirdparty.io.grpc.StatusRuntimeException: UNAVAILABLE: io exception
	at java.util.concurrent.FutureTask.report(FutureTask.java:122)
	at java.util.concurrent.FutureTask.get(FutureTask.java:192)
	at org.apache.ratis.server.impl.LeaderElection.waitForResults(LeaderElection.java:259)
	at org.apache.ratis.server.impl.LeaderElection.askForVotes(LeaderElection.java:197)
	at org.apache.ratis.server.impl.LeaderElection.run(LeaderElection.java:133)
	at java.lang.Thread.run(Thread.java:748)
Caused by: org.apache.ratis.thirdparty.io.grpc.StatusRuntimeException: UNAVAILABLE: io exception
	at org.apache.ratis.thirdparty.io.grpc.stub.ClientCalls.toStatusRuntimeException(ClientCalls.java:233)
	at org.apache.ratis.thirdparty.io.grpc.stub.ClientCalls.getUnchecked(ClientCalls.java:214)
	at org.apache.ratis.thirdparty.io.grpc.stub.ClientCalls.blockingUnaryCall(ClientCalls.java:139)
	at org.apache.ratis.proto.grpc.RaftServerProtocolServiceGrpc$RaftServerProtocolServiceBlockingStub.requestVote(RaftServerProtocolServiceGrpc.java:265)
	at org.apache.ratis.grpc.server.GrpcServerProtocolClient.requestVote(GrpcServerProtocolClient.java:99)
	at org.apache.ratis.grpc.server.GrpcService.requestVote(GrpcService.java:204)
	at org.apache.ratis.server.impl.LeaderElection.lambda$submitRequests$1(LeaderElection.java:234)
	at java.util.concurrent.FutureTask.run(FutureTask.java:266)
	at java.util.concurrent.Executors$RunnableAdapter.call(Executors.java:511)
	at java.util.concurrent.FutureTask.run(FutureTask.java:266)
	at java.util.concurrent.ThreadPoolExecutor.runWorker(ThreadPoolExecutor.java:1149)
	at java.util.concurrent.ThreadPoolExecutor$Worker.run(ThreadPoolExecutor.java:624)
	... 1 more
Caused by: org.apache.ratis.thirdparty.io.netty.channel.AbstractChannel$AnnotatedConnectException: Connection refused: /192.168.34.25:45248
	at sun.nio.ch.SocketChannelImpl.checkConnect(Native Method)
	at sun.nio.ch.SocketChannelImpl.finishConnect(SocketChannelImpl.java:717)
	at org.apache.ratis.thirdparty.io.netty.channel.socket.nio.NioSocketChannel.doFinishConnect(NioSocketChannel.java:327)
	at org.apache.ratis.thirdparty.io.netty.channel.nio.AbstractNioChannel$AbstractNioUnsafe.finishConnect(AbstractNioChannel.java:340)
	at org.apache.ratis.thirdparty.io.netty.channel.nio.NioEventLoop.processSelectedKey(NioEventLoop.java:632)
	at org.apache.ratis.thirdparty.io.netty.channel.nio.NioEventLoop.processSelectedKeysOptimized(NioEventLoop.java:579)
	at org.apache.ratis.thirdparty.io.netty.channel.nio.NioEventLoop.processSelectedKeys(NioEventLoop.java:496)
	at org.apache.ratis.thirdparty.io.netty.channel.nio.NioEventLoop.run(NioEventLoop.java:458)
	at org.apache.ratis.thirdparty.io.netty.util.concurrent.SingleThreadEventExecutor$5.run(SingleThreadEventExecutor.java:897)
	at org.apache.ratis.thirdparty.io.netty.util.concurrent.FastThreadLocalRunnable.run(FastThreadLocalRunnable.java:30)
	... 1 more
Caused by: java.net.ConnectException: Connection refused
	... 11 more
2019-10-18 07:24:28,703 [12ad0800-05cb-443c-9fdd-fa1debf04523@group-BCB82A5C07F5-LeaderElection1356] INFO  impl.LeaderElection (LeaderElection.java:logAndReturn(56)) - 12ad0800-05cb-443c-9fdd-fa1debf04523@group-BCB82A5C07F5-LeaderElection1356: Election REJECTED; received 0 response(s) [] and 2 exception(s); 12ad0800-05cb-443c-9fdd-fa1debf04523@group-BCB82A5C07F5:t300, leader=null, voted=12ad0800-05cb-443c-9fdd-fa1debf04523, raftlog=12ad0800-05cb-443c-9fdd-fa1debf04523@group-BCB82A5C07F5-SegmentedRaftLog:OPENED:c-1,f-1,i0, conf=-1: [12ad0800-05cb-443c-9fdd-fa1debf04523:192.168.34.25:41155, 5170c5f3-8499-4b42-9321-85fc8a351f79:192.168.34.25:43074, 0b10a9fc-47eb-4a2b-b664-8273d9d17379:192.168.34.25:45248], old=null
2019-10-18 07:24:28,703 [12ad0800-05cb-443c-9fdd-fa1debf04523@group-BCB82A5C07F5-LeaderElection1356] INFO  impl.LeaderElection (LogUtils.java:infoOrTrace(149)) -   Exception 0: {}
java.util.concurrent.ExecutionException: org.apache.ratis.thirdparty.io.grpc.StatusRuntimeException: UNAVAILABLE: io exception
	at java.util.concurrent.FutureTask.report(FutureTask.java:122)
	at java.util.concurrent.FutureTask.get(FutureTask.java:192)
	at org.apache.ratis.server.impl.LeaderElection.waitForResults(LeaderElection.java:259)
	at org.apache.ratis.server.impl.LeaderElection.askForVotes(LeaderElection.java:197)
	at org.apache.ratis.server.impl.LeaderElection.run(LeaderElection.java:133)
	at java.lang.Thread.run(Thread.java:748)
Caused by: org.apache.ratis.thirdparty.io.grpc.StatusRuntimeException: UNAVAILABLE: io exception
	at org.apache.ratis.thirdparty.io.grpc.stub.ClientCalls.toStatusRuntimeException(ClientCalls.java:233)
	at org.apache.ratis.thirdparty.io.grpc.stub.ClientCalls.getUnchecked(ClientCalls.java:214)
	at org.apache.ratis.thirdparty.io.grpc.stub.ClientCalls.blockingUnaryCall(ClientCalls.java:139)
	at org.apache.ratis.proto.grpc.RaftServerProtocolServiceGrpc$RaftServerProtocolServiceBlockingStub.requestVote(RaftServerProtocolServiceGrpc.java:265)
	at org.apache.ratis.grpc.server.GrpcServerProtocolClient.requestVote(GrpcServerProtocolClient.java:99)
	at org.apache.ratis.grpc.server.GrpcService.requestVote(GrpcService.java:204)
	at org.apache.ratis.server.impl.LeaderElection.lambda$submitRequests$1(LeaderElection.java:234)
	at java.util.concurrent.FutureTask.run(FutureTask.java:266)
	at java.util.concurrent.Executors$RunnableAdapter.call(Executors.java:511)
	at java.util.concurrent.FutureTask.run(FutureTask.java:266)
	at java.util.concurrent.ThreadPoolExecutor.runWorker(ThreadPoolExecutor.java:1149)
	at java.util.concurrent.ThreadPoolExecutor$Worker.run(ThreadPoolExecutor.java:624)
	... 1 more
Caused by: org.apache.ratis.thirdparty.io.netty.channel.AbstractChannel$AnnotatedConnectException: Connection refused: /192.168.34.25:43074
	at sun.nio.ch.SocketChannelImpl.checkConnect(Native Method)
	at sun.nio.ch.SocketChannelImpl.finishConnect(SocketChannelImpl.java:717)
	at org.apache.ratis.thirdparty.io.netty.channel.socket.nio.NioSocketChannel.doFinishConnect(NioSocketChannel.java:327)
	at org.apache.ratis.thirdparty.io.netty.channel.nio.AbstractNioChannel$AbstractNioUnsafe.finishConnect(AbstractNioChannel.java:340)
	at org.apache.ratis.thirdparty.io.netty.channel.nio.NioEventLoop.processSelectedKey(NioEventLoop.java:632)
	at org.apache.ratis.thirdparty.io.netty.channel.nio.NioEventLoop.processSelectedKeysOptimized(NioEventLoop.java:579)
	at org.apache.ratis.thirdparty.io.netty.channel.nio.NioEventLoop.processSelectedKeys(NioEventLoop.java:496)
	at org.apache.ratis.thirdparty.io.netty.channel.nio.NioEventLoop.run(NioEventLoop.java:458)
	at org.apache.ratis.thirdparty.io.netty.util.concurrent.SingleThreadEventExecutor$5.run(SingleThreadEventExecutor.java:897)
	at org.apache.ratis.thirdparty.io.netty.util.concurrent.FastThreadLocalRunnable.run(FastThreadLocalRunnable.java:30)
	... 1 more
Caused by: java.net.ConnectException: Connection refused
	... 11 more
2019-10-18 07:24:28,703 [12ad0800-05cb-443c-9fdd-fa1debf04523@group-BCB82A5C07F5-LeaderElection1356] INFO  impl.LeaderElection (LogUtils.java:infoOrTrace(149)) -   Exception 1: {}
java.util.concurrent.ExecutionException: org.apache.ratis.thirdparty.io.grpc.StatusRuntimeException: UNAVAILABLE: io exception
	at java.util.concurrent.FutureTask.report(FutureTask.java:122)
	at java.util.concurrent.FutureTask.get(FutureTask.java:192)
	at org.apache.ratis.server.impl.LeaderElection.waitForResults(LeaderElection.java:259)
	at org.apache.ratis.server.impl.LeaderElection.askForVotes(LeaderElection.java:197)
	at org.apache.ratis.server.impl.LeaderElection.run(LeaderElection.java:133)
	at java.lang.Thread.run(Thread.java:748)
Caused by: org.apache.ratis.thirdparty.io.grpc.StatusRuntimeException: UNAVAILABLE: io exception
	at org.apache.ratis.thirdparty.io.grpc.stub.ClientCalls.toStatusRuntimeException(ClientCalls.java:233)
	at org.apache.ratis.thirdparty.io.grpc.stub.ClientCalls.getUnchecked(ClientCalls.java:214)
	at org.apache.ratis.thirdparty.io.grpc.stub.ClientCalls.blockingUnaryCall(ClientCalls.java:139)
	at org.apache.ratis.proto.grpc.RaftServerProtocolServiceGrpc$RaftServerProtocolServiceBlockingStub.requestVote(RaftServerProtocolServiceGrpc.java:265)
	at org.apache.ratis.grpc.server.GrpcServerProtocolClient.requestVote(GrpcServerProtocolClient.java:99)
	at org.apache.ratis.grpc.server.GrpcService.requestVote(GrpcService.java:204)
	at org.apache.ratis.server.impl.LeaderElection.lambda$submitRequests$1(LeaderElection.java:234)
	at java.util.concurrent.FutureTask.run(FutureTask.java:266)
	at java.util.concurrent.Executors$RunnableAdapter.call(Executors.java:511)
	at java.util.concurrent.FutureTask.run(FutureTask.java:266)
	at java.util.concurrent.ThreadPoolExecutor.runWorker(ThreadPoolExecutor.java:1149)
	at java.util.concurrent.ThreadPoolExecutor$Worker.run(ThreadPoolExecutor.java:624)
	... 1 more
Caused by: org.apache.ratis.thirdparty.io.netty.channel.AbstractChannel$AnnotatedConnectException: Connection refused: /192.168.34.25:45248
	at sun.nio.ch.SocketChannelImpl.checkConnect(Native Method)
	at sun.nio.ch.SocketChannelImpl.finishConnect(SocketChannelImpl.java:717)
	at org.apache.ratis.thirdparty.io.netty.channel.socket.nio.NioSocketChannel.doFinishConnect(NioSocketChannel.java:327)
	at org.apache.ratis.thirdparty.io.netty.channel.nio.AbstractNioChannel$AbstractNioUnsafe.finishConnect(AbstractNioChannel.java:340)
	at org.apache.ratis.thirdparty.io.netty.channel.nio.NioEventLoop.processSelectedKey(NioEventLoop.java:632)
	at org.apache.ratis.thirdparty.io.netty.channel.nio.NioEventLoop.processSelectedKeysOptimized(NioEventLoop.java:579)
	at org.apache.ratis.thirdparty.io.netty.channel.nio.NioEventLoop.processSelectedKeys(NioEventLoop.java:496)
	at org.apache.ratis.thirdparty.io.netty.channel.nio.NioEventLoop.run(NioEventLoop.java:458)
	at org.apache.ratis.thirdparty.io.netty.util.concurrent.SingleThreadEventExecutor$5.run(SingleThreadEventExecutor.java:897)
	at org.apache.ratis.thirdparty.io.netty.util.concurrent.FastThreadLocalRunnable.run(FastThreadLocalRunnable.java:30)
	... 1 more
Caused by: java.net.ConnectException: Connection refused
	... 11 more
2019-10-18 07:24:28,703 [12ad0800-05cb-443c-9fdd-fa1debf04523@group-BCB82A5C07F5-LeaderElection1356] INFO  impl.RaftServerImpl (RaftServerImpl.java:setRole(184)) - 12ad0800-05cb-443c-9fdd-fa1debf04523@group-BCB82A5C07F5: changes role from CANDIDATE to FOLLOWER at term 300 for DISCOVERED_A_NEW_TERM
2019-10-18 07:24:28,703 [12ad0800-05cb-443c-9fdd-fa1debf04523@group-BCB82A5C07F5-LeaderElection1356] INFO  impl.RoleInfo (RoleInfo.java:shutdownLeaderElection(134)) - 12ad0800-05cb-443c-9fdd-fa1debf04523: shutdown LeaderElection
2019-10-18 07:24:28,704 [12ad0800-05cb-443c-9fdd-fa1debf04523@group-BCB82A5C07F5-LeaderElection1356] INFO  impl.RoleInfo (RoleInfo.java:updateAndGet(143)) - 12ad0800-05cb-443c-9fdd-fa1debf04523: start FollowerState
2019-10-18 07:24:28,737 [Thread-11322] INFO  impl.FollowerState (FollowerState.java:run(108)) - 12ad0800-05cb-443c-9fdd-fa1debf04523@group-BCB82A5C07F5-FollowerState: change to CANDIDATE, lastRpcTime:33ms, electionTimeout:33ms
2019-10-18 07:24:28,737 [Thread-11322] INFO  impl.RoleInfo (RoleInfo.java:shutdownFollowerState(121)) - 12ad0800-05cb-443c-9fdd-fa1debf04523: shutdown FollowerState
2019-10-18 07:24:28,737 [Thread-11322] INFO  impl.RaftServerImpl (RaftServerImpl.java:setRole(184)) - 12ad0800-05cb-443c-9fdd-fa1debf04523@group-BCB82A5C07F5: changes role from  FOLLOWER to CANDIDATE at term 300 for changeToCandidate
2019-10-18 07:24:28,737 [Thread-11322] INFO  impl.RoleInfo (RoleInfo.java:updateAndGet(143)) - 12ad0800-05cb-443c-9fdd-fa1debf04523: start LeaderElection
2019-10-18 07:24:28,760 [12ad0800-05cb-443c-9fdd-fa1debf04523@group-BCB82A5C07F5-LeaderElection1357] INFO  impl.LeaderElection (LeaderElection.java:askForVotes(178)) - 12ad0800-05cb-443c-9fdd-fa1debf04523@group-BCB82A5C07F5-LeaderElection1357: begin an election at term 301 for -1: [12ad0800-05cb-443c-9fdd-fa1debf04523:192.168.34.25:41155, 5170c5f3-8499-4b42-9321-85fc8a351f79:192.168.34.25:43074, 0b10a9fc-47eb-4a2b-b664-8273d9d17379:192.168.34.25:45248], old=null
2019-10-18 07:24:28,761 [12ad0800-05cb-443c-9fdd-fa1debf04523@group-BCB82A5C07F5-LeaderElection1357] INFO  impl.LeaderElection (LogUtils.java:infoOrTrace(149)) - 12ad0800-05cb-443c-9fdd-fa1debf04523@group-BCB82A5C07F5-LeaderElection1357 got exception when requesting votes: {}
java.util.concurrent.ExecutionException: org.apache.ratis.thirdparty.io.grpc.StatusRuntimeException: UNAVAILABLE: io exception
	at java.util.concurrent.FutureTask.report(FutureTask.java:122)
	at java.util.concurrent.FutureTask.get(FutureTask.java:192)
	at org.apache.ratis.server.impl.LeaderElection.waitForResults(LeaderElection.java:259)
	at org.apache.ratis.server.impl.LeaderElection.askForVotes(LeaderElection.java:197)
	at org.apache.ratis.server.impl.LeaderElection.run(LeaderElection.java:133)
	at java.lang.Thread.run(Thread.java:748)
Caused by: org.apache.ratis.thirdparty.io.grpc.StatusRuntimeException: UNAVAILABLE: io exception
	at org.apache.ratis.thirdparty.io.grpc.stub.ClientCalls.toStatusRuntimeException(ClientCalls.java:233)
	at org.apache.ratis.thirdparty.io.grpc.stub.ClientCalls.getUnchecked(ClientCalls.java:214)
	at org.apache.ratis.thirdparty.io.grpc.stub.ClientCalls.blockingUnaryCall(ClientCalls.java:139)
	at org.apache.ratis.proto.grpc.RaftServerProtocolServiceGrpc$RaftServerProtocolServiceBlockingStub.requestVote(RaftServerProtocolServiceGrpc.java:265)
	at org.apache.ratis.grpc.server.GrpcServerProtocolClient.requestVote(GrpcServerProtocolClient.java:99)
	at org.apache.ratis.grpc.server.GrpcService.requestVote(GrpcService.java:204)
	at org.apache.ratis.server.impl.LeaderElection.lambda$submitRequests$1(LeaderElection.java:234)
	at java.util.concurrent.FutureTask.run(FutureTask.java:266)
	at java.util.concurrent.Executors$RunnableAdapter.call(Executors.java:511)
	at java.util.concurrent.FutureTask.run(FutureTask.java:266)
	at java.util.concurrent.ThreadPoolExecutor.runWorker(ThreadPoolExecutor.java:1149)
	at java.util.concurrent.ThreadPoolExecutor$Worker.run(ThreadPoolExecutor.java:624)
	... 1 more
Caused by: org.apache.ratis.thirdparty.io.netty.channel.AbstractChannel$AnnotatedConnectException: Connection refused: /192.168.34.25:43074
	at sun.nio.ch.SocketChannelImpl.checkConnect(Native Method)
	at sun.nio.ch.SocketChannelImpl.finishConnect(SocketChannelImpl.java:717)
	at org.apache.ratis.thirdparty.io.netty.channel.socket.nio.NioSocketChannel.doFinishConnect(NioSocketChannel.java:327)
	at org.apache.ratis.thirdparty.io.netty.channel.nio.AbstractNioChannel$AbstractNioUnsafe.finishConnect(AbstractNioChannel.java:340)
	at org.apache.ratis.thirdparty.io.netty.channel.nio.NioEventLoop.processSelectedKey(NioEventLoop.java:632)
	at org.apache.ratis.thirdparty.io.netty.channel.nio.NioEventLoop.processSelectedKeysOptimized(NioEventLoop.java:579)
	at org.apache.ratis.thirdparty.io.netty.channel.nio.NioEventLoop.processSelectedKeys(NioEventLoop.java:496)
	at org.apache.ratis.thirdparty.io.netty.channel.nio.NioEventLoop.run(NioEventLoop.java:458)
	at org.apache.ratis.thirdparty.io.netty.util.concurrent.SingleThreadEventExecutor$5.run(SingleThreadEventExecutor.java:897)
	at org.apache.ratis.thirdparty.io.netty.util.concurrent.FastThreadLocalRunnable.run(FastThreadLocalRunnable.java:30)
	... 1 more
Caused by: java.net.ConnectException: Connection refused
	... 11 more
2019-10-18 07:24:28,761 [12ad0800-05cb-443c-9fdd-fa1debf04523@group-BCB82A5C07F5-LeaderElection1357] INFO  impl.LeaderElection (LogUtils.java:infoOrTrace(149)) - 12ad0800-05cb-443c-9fdd-fa1debf04523@group-BCB82A5C07F5-LeaderElection1357 got exception when requesting votes: {}
java.util.concurrent.ExecutionException: org.apache.ratis.thirdparty.io.grpc.StatusRuntimeException: UNAVAILABLE: io exception
	at java.util.concurrent.FutureTask.report(FutureTask.java:122)
	at java.util.concurrent.FutureTask.get(FutureTask.java:192)
	at org.apache.ratis.server.impl.LeaderElection.waitForResults(LeaderElection.java:259)
	at org.apache.ratis.server.impl.LeaderElection.askForVotes(LeaderElection.java:197)
	at org.apache.ratis.server.impl.LeaderElection.run(LeaderElection.java:133)
	at java.lang.Thread.run(Thread.java:748)
Caused by: org.apache.ratis.thirdparty.io.grpc.StatusRuntimeException: UNAVAILABLE: io exception
	at org.apache.ratis.thirdparty.io.grpc.stub.ClientCalls.toStatusRuntimeException(ClientCalls.java:233)
	at org.apache.ratis.thirdparty.io.grpc.stub.ClientCalls.getUnchecked(ClientCalls.java:214)
	at org.apache.ratis.thirdparty.io.grpc.stub.ClientCalls.blockingUnaryCall(ClientCalls.java:139)
	at org.apache.ratis.proto.grpc.RaftServerProtocolServiceGrpc$RaftServerProtocolServiceBlockingStub.requestVote(RaftServerProtocolServiceGrpc.java:265)
	at org.apache.ratis.grpc.server.GrpcServerProtocolClient.requestVote(GrpcServerProtocolClient.java:99)
	at org.apache.ratis.grpc.server.GrpcService.requestVote(GrpcService.java:204)
	at org.apache.ratis.server.impl.LeaderElection.lambda$submitRequests$1(LeaderElection.java:234)
	at java.util.concurrent.FutureTask.run(FutureTask.java:266)
	at java.util.concurrent.Executors$RunnableAdapter.call(Executors.java:511)
	at java.util.concurrent.FutureTask.run(FutureTask.java:266)
	at java.util.concurrent.ThreadPoolExecutor.runWorker(ThreadPoolExecutor.java:1149)
	at java.util.concurrent.ThreadPoolExecutor$Worker.run(ThreadPoolExecutor.java:624)
	... 1 more
Caused by: org.apache.ratis.thirdparty.io.netty.channel.AbstractChannel$AnnotatedConnectException: Connection refused: /192.168.34.25:45248
	at sun.nio.ch.SocketChannelImpl.checkConnect(Native Method)
	at sun.nio.ch.SocketChannelImpl.finishConnect(SocketChannelImpl.java:717)
	at org.apache.ratis.thirdparty.io.netty.channel.socket.nio.NioSocketChannel.doFinishConnect(NioSocketChannel.java:327)
	at org.apache.ratis.thirdparty.io.netty.channel.nio.AbstractNioChannel$AbstractNioUnsafe.finishConnect(AbstractNioChannel.java:340)
	at org.apache.ratis.thirdparty.io.netty.channel.nio.NioEventLoop.processSelectedKey(NioEventLoop.java:632)
	at org.apache.ratis.thirdparty.io.netty.channel.nio.NioEventLoop.processSelectedKeysOptimized(NioEventLoop.java:579)
	at org.apache.ratis.thirdparty.io.netty.channel.nio.NioEventLoop.processSelectedKeys(NioEventLoop.java:496)
	at org.apache.ratis.thirdparty.io.netty.channel.nio.NioEventLoop.run(NioEventLoop.java:458)
	at org.apache.ratis.thirdparty.io.netty.util.concurrent.SingleThreadEventExecutor$5.run(SingleThreadEventExecutor.java:897)
	at org.apache.ratis.thirdparty.io.netty.util.concurrent.FastThreadLocalRunnable.run(FastThreadLocalRunnable.java:30)
	... 1 more
Caused by: java.net.ConnectException: Connection refused
	... 11 more
2019-10-18 07:24:28,762 [12ad0800-05cb-443c-9fdd-fa1debf04523@group-BCB82A5C07F5-LeaderElection1357] INFO  impl.LeaderElection (LeaderElection.java:logAndReturn(56)) - 12ad0800-05cb-443c-9fdd-fa1debf04523@group-BCB82A5C07F5-LeaderElection1357: Election REJECTED; received 0 response(s) [] and 2 exception(s); 12ad0800-05cb-443c-9fdd-fa1debf04523@group-BCB82A5C07F5:t301, leader=null, voted=12ad0800-05cb-443c-9fdd-fa1debf04523, raftlog=12ad0800-05cb-443c-9fdd-fa1debf04523@group-BCB82A5C07F5-SegmentedRaftLog:OPENED:c-1,f-1,i0, conf=-1: [12ad0800-05cb-443c-9fdd-fa1debf04523:192.168.34.25:41155, 5170c5f3-8499-4b42-9321-85fc8a351f79:192.168.34.25:43074, 0b10a9fc-47eb-4a2b-b664-8273d9d17379:192.168.34.25:45248], old=null
2019-10-18 07:24:28,762 [12ad0800-05cb-443c-9fdd-fa1debf04523@group-BCB82A5C07F5-LeaderElection1357] INFO  impl.LeaderElection (LogUtils.java:infoOrTrace(149)) -   Exception 0: {}
java.util.concurrent.ExecutionException: org.apache.ratis.thirdparty.io.grpc.StatusRuntimeException: UNAVAILABLE: io exception
	at java.util.concurrent.FutureTask.report(FutureTask.java:122)
	at java.util.concurrent.FutureTask.get(FutureTask.java:192)
	at org.apache.ratis.server.impl.LeaderElection.waitForResults(LeaderElection.java:259)
	at org.apache.ratis.server.impl.LeaderElection.askForVotes(LeaderElection.java:197)
	at org.apache.ratis.server.impl.LeaderElection.run(LeaderElection.java:133)
	at java.lang.Thread.run(Thread.java:748)
Caused by: org.apache.ratis.thirdparty.io.grpc.StatusRuntimeException: UNAVAILABLE: io exception
	at org.apache.ratis.thirdparty.io.grpc.stub.ClientCalls.toStatusRuntimeException(ClientCalls.java:233)
	at org.apache.ratis.thirdparty.io.grpc.stub.ClientCalls.getUnchecked(ClientCalls.java:214)
	at org.apache.ratis.thirdparty.io.grpc.stub.ClientCalls.blockingUnaryCall(ClientCalls.java:139)
	at org.apache.ratis.proto.grpc.RaftServerProtocolServiceGrpc$RaftServerProtocolServiceBlockingStub.requestVote(RaftServerProtocolServiceGrpc.java:265)
	at org.apache.ratis.grpc.server.GrpcServerProtocolClient.requestVote(GrpcServerProtocolClient.java:99)
	at org.apache.ratis.grpc.server.GrpcService.requestVote(GrpcService.java:204)
	at org.apache.ratis.server.impl.LeaderElection.lambda$submitRequests$1(LeaderElection.java:234)
	at java.util.concurrent.FutureTask.run(FutureTask.java:266)
	at java.util.concurrent.Executors$RunnableAdapter.call(Executors.java:511)
	at java.util.concurrent.FutureTask.run(FutureTask.java:266)
	at java.util.concurrent.ThreadPoolExecutor.runWorker(ThreadPoolExecutor.java:1149)
	at java.util.concurrent.ThreadPoolExecutor$Worker.run(ThreadPoolExecutor.java:624)
	... 1 more
Caused by: org.apache.ratis.thirdparty.io.netty.channel.AbstractChannel$AnnotatedConnectException: Connection refused: /192.168.34.25:43074
	at sun.nio.ch.SocketChannelImpl.checkConnect(Native Method)
	at sun.nio.ch.SocketChannelImpl.finishConnect(SocketChannelImpl.java:717)
	at org.apache.ratis.thirdparty.io.netty.channel.socket.nio.NioSocketChannel.doFinishConnect(NioSocketChannel.java:327)
	at org.apache.ratis.thirdparty.io.netty.channel.nio.AbstractNioChannel$AbstractNioUnsafe.finishConnect(AbstractNioChannel.java:340)
	at org.apache.ratis.thirdparty.io.netty.channel.nio.NioEventLoop.processSelectedKey(NioEventLoop.java:632)
	at org.apache.ratis.thirdparty.io.netty.channel.nio.NioEventLoop.processSelectedKeysOptimized(NioEventLoop.java:579)
	at org.apache.ratis.thirdparty.io.netty.channel.nio.NioEventLoop.processSelectedKeys(NioEventLoop.java:496)
	at org.apache.ratis.thirdparty.io.netty.channel.nio.NioEventLoop.run(NioEventLoop.java:458)
	at org.apache.ratis.thirdparty.io.netty.util.concurrent.SingleThreadEventExecutor$5.run(SingleThreadEventExecutor.java:897)
	at org.apache.ratis.thirdparty.io.netty.util.concurrent.FastThreadLocalRunnable.run(FastThreadLocalRunnable.java:30)
	... 1 more
Caused by: java.net.ConnectException: Connection refused
	... 11 more
2019-10-18 07:24:28,762 [12ad0800-05cb-443c-9fdd-fa1debf04523@group-BCB82A5C07F5-LeaderElection1357] INFO  impl.LeaderElection (LogUtils.java:infoOrTrace(149)) -   Exception 1: {}
java.util.concurrent.ExecutionException: org.apache.ratis.thirdparty.io.grpc.StatusRuntimeException: UNAVAILABLE: io exception
	at java.util.concurrent.FutureTask.report(FutureTask.java:122)
	at java.util.concurrent.FutureTask.get(FutureTask.java:192)
	at org.apache.ratis.server.impl.LeaderElection.waitForResults(LeaderElection.java:259)
	at org.apache.ratis.server.impl.LeaderElection.askForVotes(LeaderElection.java:197)
	at org.apache.ratis.server.impl.LeaderElection.run(LeaderElection.java:133)
	at java.lang.Thread.run(Thread.java:748)
Caused by: org.apache.ratis.thirdparty.io.grpc.StatusRuntimeException: UNAVAILABLE: io exception
	at org.apache.ratis.thirdparty.io.grpc.stub.ClientCalls.toStatusRuntimeException(ClientCalls.java:233)
	at org.apache.ratis.thirdparty.io.grpc.stub.ClientCalls.getUnchecked(ClientCalls.java:214)
	at org.apache.ratis.thirdparty.io.grpc.stub.ClientCalls.blockingUnaryCall(ClientCalls.java:139)
	at org.apache.ratis.proto.grpc.RaftServerProtocolServiceGrpc$RaftServerProtocolServiceBlockingStub.requestVote(RaftServerProtocolServiceGrpc.java:265)
	at org.apache.ratis.grpc.server.GrpcServerProtocolClient.requestVote(GrpcServerProtocolClient.java:99)
	at org.apache.ratis.grpc.server.GrpcService.requestVote(GrpcService.java:204)
	at org.apache.ratis.server.impl.LeaderElection.lambda$submitRequests$1(LeaderElection.java:234)
	at java.util.concurrent.FutureTask.run(FutureTask.java:266)
	at java.util.concurrent.Executors$RunnableAdapter.call(Executors.java:511)
	at java.util.concurrent.FutureTask.run(FutureTask.java:266)
	at java.util.concurrent.ThreadPoolExecutor.runWorker(ThreadPoolExecutor.java:1149)
	at java.util.concurrent.ThreadPoolExecutor$Worker.run(ThreadPoolExecutor.java:624)
	... 1 more
Caused by: org.apache.ratis.thirdparty.io.netty.channel.AbstractChannel$AnnotatedConnectException: Connection refused: /192.168.34.25:45248
	at sun.nio.ch.SocketChannelImpl.checkConnect(Native Method)
	at sun.nio.ch.SocketChannelImpl.finishConnect(SocketChannelImpl.java:717)
	at org.apache.ratis.thirdparty.io.netty.channel.socket.nio.NioSocketChannel.doFinishConnect(NioSocketChannel.java:327)
	at org.apache.ratis.thirdparty.io.netty.channel.nio.AbstractNioChannel$AbstractNioUnsafe.finishConnect(AbstractNioChannel.java:340)
	at org.apache.ratis.thirdparty.io.netty.channel.nio.NioEventLoop.processSelectedKey(NioEventLoop.java:632)
	at org.apache.ratis.thirdparty.io.netty.channel.nio.NioEventLoop.processSelectedKeysOptimized(NioEventLoop.java:579)
	at org.apache.ratis.thirdparty.io.netty.channel.nio.NioEventLoop.processSelectedKeys(NioEventLoop.java:496)
	at org.apache.ratis.thirdparty.io.netty.channel.nio.NioEventLoop.run(NioEventLoop.java:458)
	at org.apache.ratis.thirdparty.io.netty.util.concurrent.SingleThreadEventExecutor$5.run(SingleThreadEventExecutor.java:897)
	at org.apache.ratis.thirdparty.io.netty.util.concurrent.FastThreadLocalRunnable.run(FastThreadLocalRunnable.java:30)
	... 1 more
Caused by: java.net.ConnectException: Connection refused
	... 11 more
2019-10-18 07:24:28,762 [12ad0800-05cb-443c-9fdd-fa1debf04523@group-BCB82A5C07F5-LeaderElection1357] INFO  impl.RaftServerImpl (RaftServerImpl.java:setRole(184)) - 12ad0800-05cb-443c-9fdd-fa1debf04523@group-BCB82A5C07F5: changes role from CANDIDATE to FOLLOWER at term 301 for DISCOVERED_A_NEW_TERM
2019-10-18 07:24:28,762 [12ad0800-05cb-443c-9fdd-fa1debf04523@group-BCB82A5C07F5-LeaderElection1357] INFO  impl.RoleInfo (RoleInfo.java:shutdownLeaderElection(134)) - 12ad0800-05cb-443c-9fdd-fa1debf04523: shutdown LeaderElection
2019-10-18 07:24:28,763 [12ad0800-05cb-443c-9fdd-fa1debf04523@group-BCB82A5C07F5-LeaderElection1357] INFO  impl.RoleInfo (RoleInfo.java:updateAndGet(143)) - 12ad0800-05cb-443c-9fdd-fa1debf04523: start FollowerState
2019-10-18 07:24:28,845 [Thread-11326] INFO  impl.FollowerState (FollowerState.java:run(108)) - 12ad0800-05cb-443c-9fdd-fa1debf04523@group-BCB82A5C07F5-FollowerState: change to CANDIDATE, lastRpcTime:82ms, electionTimeout:82ms
2019-10-18 07:24:28,845 [Thread-11326] INFO  impl.RoleInfo (RoleInfo.java:shutdownFollowerState(121)) - 12ad0800-05cb-443c-9fdd-fa1debf04523: shutdown FollowerState
2019-10-18 07:24:28,845 [Thread-11326] INFO  impl.RaftServerImpl (RaftServerImpl.java:setRole(184)) - 12ad0800-05cb-443c-9fdd-fa1debf04523@group-BCB82A5C07F5: changes role from  FOLLOWER to CANDIDATE at term 301 for changeToCandidate
2019-10-18 07:24:28,845 [Thread-11326] INFO  impl.RoleInfo (RoleInfo.java:updateAndGet(143)) - 12ad0800-05cb-443c-9fdd-fa1debf04523: start LeaderElection
2019-10-18 07:24:28,871 [12ad0800-05cb-443c-9fdd-fa1debf04523@group-BCB82A5C07F5-LeaderElection1358] INFO  impl.LeaderElection (LeaderElection.java:askForVotes(178)) - 12ad0800-05cb-443c-9fdd-fa1debf04523@group-BCB82A5C07F5-LeaderElection1358: begin an election at term 302 for -1: [12ad0800-05cb-443c-9fdd-fa1debf04523:192.168.34.25:41155, 5170c5f3-8499-4b42-9321-85fc8a351f79:192.168.34.25:43074, 0b10a9fc-47eb-4a2b-b664-8273d9d17379:192.168.34.25:45248], old=null
2019-10-18 07:24:28,871 [12ad0800-05cb-443c-9fdd-fa1debf04523@group-BCB82A5C07F5-LeaderElection1358] INFO  impl.LeaderElection (LogUtils.java:infoOrTrace(149)) - 12ad0800-05cb-443c-9fdd-fa1debf04523@group-BCB82A5C07F5-LeaderElection1358 got exception when requesting votes: {}
java.util.concurrent.ExecutionException: org.apache.ratis.thirdparty.io.grpc.StatusRuntimeException: UNAVAILABLE: io exception
	at java.util.concurrent.FutureTask.report(FutureTask.java:122)
	at java.util.concurrent.FutureTask.get(FutureTask.java:192)
	at org.apache.ratis.server.impl.LeaderElection.waitForResults(LeaderElection.java:259)
	at org.apache.ratis.server.impl.LeaderElection.askForVotes(LeaderElection.java:197)
	at org.apache.ratis.server.impl.LeaderElection.run(LeaderElection.java:133)
	at java.lang.Thread.run(Thread.java:748)
Caused by: org.apache.ratis.thirdparty.io.grpc.StatusRuntimeException: UNAVAILABLE: io exception
	at org.apache.ratis.thirdparty.io.grpc.stub.ClientCalls.toStatusRuntimeException(ClientCalls.java:233)
	at org.apache.ratis.thirdparty.io.grpc.stub.ClientCalls.getUnchecked(ClientCalls.java:214)
	at org.apache.ratis.thirdparty.io.grpc.stub.ClientCalls.blockingUnaryCall(ClientCalls.java:139)
	at org.apache.ratis.proto.grpc.RaftServerProtocolServiceGrpc$RaftServerProtocolServiceBlockingStub.requestVote(RaftServerProtocolServiceGrpc.java:265)
	at org.apache.ratis.grpc.server.GrpcServerProtocolClient.requestVote(GrpcServerProtocolClient.java:99)
	at org.apache.ratis.grpc.server.GrpcService.requestVote(GrpcService.java:204)
	at org.apache.ratis.server.impl.LeaderElection.lambda$submitRequests$1(LeaderElection.java:234)
	at java.util.concurrent.FutureTask.run(FutureTask.java:266)
	at java.util.concurrent.Executors$RunnableAdapter.call(Executors.java:511)
	at java.util.concurrent.FutureTask.run(FutureTask.java:266)
	at java.util.concurrent.ThreadPoolExecutor.runWorker(ThreadPoolExecutor.java:1149)
	at java.util.concurrent.ThreadPoolExecutor$Worker.run(ThreadPoolExecutor.java:624)
	... 1 more
Caused by: org.apache.ratis.thirdparty.io.netty.channel.AbstractChannel$AnnotatedConnectException: Connection refused: /192.168.34.25:43074
	at sun.nio.ch.SocketChannelImpl.checkConnect(Native Method)
	at sun.nio.ch.SocketChannelImpl.finishConnect(SocketChannelImpl.java:717)
	at org.apache.ratis.thirdparty.io.netty.channel.socket.nio.NioSocketChannel.doFinishConnect(NioSocketChannel.java:327)
	at org.apache.ratis.thirdparty.io.netty.channel.nio.AbstractNioChannel$AbstractNioUnsafe.finishConnect(AbstractNioChannel.java:340)
	at org.apache.ratis.thirdparty.io.netty.channel.nio.NioEventLoop.processSelectedKey(NioEventLoop.java:632)
	at org.apache.ratis.thirdparty.io.netty.channel.nio.NioEventLoop.processSelectedKeysOptimized(NioEventLoop.java:579)
	at org.apache.ratis.thirdparty.io.netty.channel.nio.NioEventLoop.processSelectedKeys(NioEventLoop.java:496)
	at org.apache.ratis.thirdparty.io.netty.channel.nio.NioEventLoop.run(NioEventLoop.java:458)
	at org.apache.ratis.thirdparty.io.netty.util.concurrent.SingleThreadEventExecutor$5.run(SingleThreadEventExecutor.java:897)
	at org.apache.ratis.thirdparty.io.netty.util.concurrent.FastThreadLocalRunnable.run(FastThreadLocalRunnable.java:30)
	... 1 more
Caused by: java.net.ConnectException: Connection refused
	... 11 more
2019-10-18 07:24:28,872 [12ad0800-05cb-443c-9fdd-fa1debf04523@group-BCB82A5C07F5-LeaderElection1358] INFO  impl.LeaderElection (LogUtils.java:infoOrTrace(149)) - 12ad0800-05cb-443c-9fdd-fa1debf04523@group-BCB82A5C07F5-LeaderElection1358 got exception when requesting votes: {}
java.util.concurrent.ExecutionException: org.apache.ratis.thirdparty.io.grpc.StatusRuntimeException: UNAVAILABLE: io exception
	at java.util.concurrent.FutureTask.report(FutureTask.java:122)
	at java.util.concurrent.FutureTask.get(FutureTask.java:192)
	at org.apache.ratis.server.impl.LeaderElection.waitForResults(LeaderElection.java:259)
	at org.apache.ratis.server.impl.LeaderElection.askForVotes(LeaderElection.java:197)
	at org.apache.ratis.server.impl.LeaderElection.run(LeaderElection.java:133)
	at java.lang.Thread.run(Thread.java:748)
Caused by: org.apache.ratis.thirdparty.io.grpc.StatusRuntimeException: UNAVAILABLE: io exception
	at org.apache.ratis.thirdparty.io.grpc.stub.ClientCalls.toStatusRuntimeException(ClientCalls.java:233)
	at org.apache.ratis.thirdparty.io.grpc.stub.ClientCalls.getUnchecked(ClientCalls.java:214)
	at org.apache.ratis.thirdparty.io.grpc.stub.ClientCalls.blockingUnaryCall(ClientCalls.java:139)
	at org.apache.ratis.proto.grpc.RaftServerProtocolServiceGrpc$RaftServerProtocolServiceBlockingStub.requestVote(RaftServerProtocolServiceGrpc.java:265)
	at org.apache.ratis.grpc.server.GrpcServerProtocolClient.requestVote(GrpcServerProtocolClient.java:99)
	at org.apache.ratis.grpc.server.GrpcService.requestVote(GrpcService.java:204)
	at org.apache.ratis.server.impl.LeaderElection.lambda$submitRequests$1(LeaderElection.java:234)
	at java.util.concurrent.FutureTask.run(FutureTask.java:266)
	at java.util.concurrent.Executors$RunnableAdapter.call(Executors.java:511)
	at java.util.concurrent.FutureTask.run(FutureTask.java:266)
	at java.util.concurrent.ThreadPoolExecutor.runWorker(ThreadPoolExecutor.java:1149)
	at java.util.concurrent.ThreadPoolExecutor$Worker.run(ThreadPoolExecutor.java:624)
	... 1 more
Caused by: org.apache.ratis.thirdparty.io.netty.channel.AbstractChannel$AnnotatedConnectException: Connection refused: /192.168.34.25:45248
	at sun.nio.ch.SocketChannelImpl.checkConnect(Native Method)
	at sun.nio.ch.SocketChannelImpl.finishConnect(SocketChannelImpl.java:717)
	at org.apache.ratis.thirdparty.io.netty.channel.socket.nio.NioSocketChannel.doFinishConnect(NioSocketChannel.java:327)
	at org.apache.ratis.thirdparty.io.netty.channel.nio.AbstractNioChannel$AbstractNioUnsafe.finishConnect(AbstractNioChannel.java:340)
	at org.apache.ratis.thirdparty.io.netty.channel.nio.NioEventLoop.processSelectedKey(NioEventLoop.java:632)
	at org.apache.ratis.thirdparty.io.netty.channel.nio.NioEventLoop.processSelectedKeysOptimized(NioEventLoop.java:579)
	at org.apache.ratis.thirdparty.io.netty.channel.nio.NioEventLoop.processSelectedKeys(NioEventLoop.java:496)
	at org.apache.ratis.thirdparty.io.netty.channel.nio.NioEventLoop.run(NioEventLoop.java:458)
	at org.apache.ratis.thirdparty.io.netty.util.concurrent.SingleThreadEventExecutor$5.run(SingleThreadEventExecutor.java:897)
	at org.apache.ratis.thirdparty.io.netty.util.concurrent.FastThreadLocalRunnable.run(FastThreadLocalRunnable.java:30)
	... 1 more
Caused by: java.net.ConnectException: Connection refused
	... 11 more
2019-10-18 07:24:28,872 [12ad0800-05cb-443c-9fdd-fa1debf04523@group-BCB82A5C07F5-LeaderElection1358] INFO  impl.LeaderElection (LeaderElection.java:logAndReturn(56)) - 12ad0800-05cb-443c-9fdd-fa1debf04523@group-BCB82A5C07F5-LeaderElection1358: Election REJECTED; received 0 response(s) [] and 2 exception(s); 12ad0800-05cb-443c-9fdd-fa1debf04523@group-BCB82A5C07F5:t302, leader=null, voted=12ad0800-05cb-443c-9fdd-fa1debf04523, raftlog=12ad0800-05cb-443c-9fdd-fa1debf04523@group-BCB82A5C07F5-SegmentedRaftLog:OPENED:c-1,f-1,i0, conf=-1: [12ad0800-05cb-443c-9fdd-fa1debf04523:192.168.34.25:41155, 5170c5f3-8499-4b42-9321-85fc8a351f79:192.168.34.25:43074, 0b10a9fc-47eb-4a2b-b664-8273d9d17379:192.168.34.25:45248], old=null
2019-10-18 07:24:28,872 [12ad0800-05cb-443c-9fdd-fa1debf04523@group-BCB82A5C07F5-LeaderElection1358] INFO  impl.LeaderElection (LogUtils.java:infoOrTrace(149)) -   Exception 0: {}
java.util.concurrent.ExecutionException: org.apache.ratis.thirdparty.io.grpc.StatusRuntimeException: UNAVAILABLE: io exception
	at java.util.concurrent.FutureTask.report(FutureTask.java:122)
	at java.util.concurrent.FutureTask.get(FutureTask.java:192)
	at org.apache.ratis.server.impl.LeaderElection.waitForResults(LeaderElection.java:259)
	at org.apache.ratis.server.impl.LeaderElection.askForVotes(LeaderElection.java:197)
	at org.apache.ratis.server.impl.LeaderElection.run(LeaderElection.java:133)
	at java.lang.Thread.run(Thread.java:748)
Caused by: org.apache.ratis.thirdparty.io.grpc.StatusRuntimeException: UNAVAILABLE: io exception
	at org.apache.ratis.thirdparty.io.grpc.stub.ClientCalls.toStatusRuntimeException(ClientCalls.java:233)
	at org.apache.ratis.thirdparty.io.grpc.stub.ClientCalls.getUnchecked(ClientCalls.java:214)
	at org.apache.ratis.thirdparty.io.grpc.stub.ClientCalls.blockingUnaryCall(ClientCalls.java:139)
	at org.apache.ratis.proto.grpc.RaftServerProtocolServiceGrpc$RaftServerProtocolServiceBlockingStub.requestVote(RaftServerProtocolServiceGrpc.java:265)
	at org.apache.ratis.grpc.server.GrpcServerProtocolClient.requestVote(GrpcServerProtocolClient.java:99)
	at org.apache.ratis.grpc.server.GrpcService.requestVote(GrpcService.java:204)
	at org.apache.ratis.server.impl.LeaderElection.lambda$submitRequests$1(LeaderElection.java:234)
	at java.util.concurrent.FutureTask.run(FutureTask.java:266)
	at java.util.concurrent.Executors$RunnableAdapter.call(Executors.java:511)
	at java.util.concurrent.FutureTask.run(FutureTask.java:266)
	at java.util.concurrent.ThreadPoolExecutor.runWorker(ThreadPoolExecutor.java:1149)
	at java.util.concurrent.ThreadPoolExecutor$Worker.run(ThreadPoolExecutor.java:624)
	... 1 more
Caused by: org.apache.ratis.thirdparty.io.netty.channel.AbstractChannel$AnnotatedConnectException: Connection refused: /192.168.34.25:43074
	at sun.nio.ch.SocketChannelImpl.checkConnect(Native Method)
	at sun.nio.ch.SocketChannelImpl.finishConnect(SocketChannelImpl.java:717)
	at org.apache.ratis.thirdparty.io.netty.channel.socket.nio.NioSocketChannel.doFinishConnect(NioSocketChannel.java:327)
	at org.apache.ratis.thirdparty.io.netty.channel.nio.AbstractNioChannel$AbstractNioUnsafe.finishConnect(AbstractNioChannel.java:340)
	at org.apache.ratis.thirdparty.io.netty.channel.nio.NioEventLoop.processSelectedKey(NioEventLoop.java:632)
	at org.apache.ratis.thirdparty.io.netty.channel.nio.NioEventLoop.processSelectedKeysOptimized(NioEventLoop.java:579)
	at org.apache.ratis.thirdparty.io.netty.channel.nio.NioEventLoop.processSelectedKeys(NioEventLoop.java:496)
	at org.apache.ratis.thirdparty.io.netty.channel.nio.NioEventLoop.run(NioEventLoop.java:458)
	at org.apache.ratis.thirdparty.io.netty.util.concurrent.SingleThreadEventExecutor$5.run(SingleThreadEventExecutor.java:897)
	at org.apache.ratis.thirdparty.io.netty.util.concurrent.FastThreadLocalRunnable.run(FastThreadLocalRunnable.java:30)
	... 1 more
Caused by: java.net.ConnectException: Connection refused
	... 11 more
2019-10-18 07:24:28,872 [12ad0800-05cb-443c-9fdd-fa1debf04523@group-BCB82A5C07F5-LeaderElection1358] INFO  impl.LeaderElection (LogUtils.java:infoOrTrace(149)) -   Exception 1: {}
java.util.concurrent.ExecutionException: org.apache.ratis.thirdparty.io.grpc.StatusRuntimeException: UNAVAILABLE: io exception
	at java.util.concurrent.FutureTask.report(FutureTask.java:122)
	at java.util.concurrent.FutureTask.get(FutureTask.java:192)
	at org.apache.ratis.server.impl.LeaderElection.waitForResults(LeaderElection.java:259)
	at org.apache.ratis.server.impl.LeaderElection.askForVotes(LeaderElection.java:197)
	at org.apache.ratis.server.impl.LeaderElection.run(LeaderElection.java:133)
	at java.lang.Thread.run(Thread.java:748)
Caused by: org.apache.ratis.thirdparty.io.grpc.StatusRuntimeException: UNAVAILABLE: io exception
	at org.apache.ratis.thirdparty.io.grpc.stub.ClientCalls.toStatusRuntimeException(ClientCalls.java:233)
	at org.apache.ratis.thirdparty.io.grpc.stub.ClientCalls.getUnchecked(ClientCalls.java:214)
	at org.apache.ratis.thirdparty.io.grpc.stub.ClientCalls.blockingUnaryCall(ClientCalls.java:139)
	at org.apache.ratis.proto.grpc.RaftServerProtocolServiceGrpc$RaftServerProtocolServiceBlockingStub.requestVote(RaftServerProtocolServiceGrpc.java:265)
	at org.apache.ratis.grpc.server.GrpcServerProtocolClient.requestVote(GrpcServerProtocolClient.java:99)
	at org.apache.ratis.grpc.server.GrpcService.requestVote(GrpcService.java:204)
	at org.apache.ratis.server.impl.LeaderElection.lambda$submitRequests$1(LeaderElection.java:234)
	at java.util.concurrent.FutureTask.run(FutureTask.java:266)
	at java.util.concurrent.Executors$RunnableAdapter.call(Executors.java:511)
	at java.util.concurrent.FutureTask.run(FutureTask.java:266)
	at java.util.concurrent.ThreadPoolExecutor.runWorker(ThreadPoolExecutor.java:1149)
	at java.util.concurrent.ThreadPoolExecutor$Worker.run(ThreadPoolExecutor.java:624)
	... 1 more
Caused by: org.apache.ratis.thirdparty.io.netty.channel.AbstractChannel$AnnotatedConnectException: Connection refused: /192.168.34.25:45248
	at sun.nio.ch.SocketChannelImpl.checkConnect(Native Method)
	at sun.nio.ch.SocketChannelImpl.finishConnect(SocketChannelImpl.java:717)
	at org.apache.ratis.thirdparty.io.netty.channel.socket.nio.NioSocketChannel.doFinishConnect(NioSocketChannel.java:327)
	at org.apache.ratis.thirdparty.io.netty.channel.nio.AbstractNioChannel$AbstractNioUnsafe.finishConnect(AbstractNioChannel.java:340)
	at org.apache.ratis.thirdparty.io.netty.channel.nio.NioEventLoop.processSelectedKey(NioEventLoop.java:632)
	at org.apache.ratis.thirdparty.io.netty.channel.nio.NioEventLoop.processSelectedKeysOptimized(NioEventLoop.java:579)
	at org.apache.ratis.thirdparty.io.netty.channel.nio.NioEventLoop.processSelectedKeys(NioEventLoop.java:496)
	at org.apache.ratis.thirdparty.io.netty.channel.nio.NioEventLoop.run(NioEventLoop.java:458)
	at org.apache.ratis.thirdparty.io.netty.util.concurrent.SingleThreadEventExecutor$5.run(SingleThreadEventExecutor.java:897)
	at org.apache.ratis.thirdparty.io.netty.util.concurrent.FastThreadLocalRunnable.run(FastThreadLocalRunnable.java:30)
	... 1 more
Caused by: java.net.ConnectException: Connection refused
	... 11 more
2019-10-18 07:24:28,873 [12ad0800-05cb-443c-9fdd-fa1debf04523@group-BCB82A5C07F5-LeaderElection1358] INFO  impl.RaftServerImpl (RaftServerImpl.java:setRole(184)) - 12ad0800-05cb-443c-9fdd-fa1debf04523@group-BCB82A5C07F5: changes role from CANDIDATE to FOLLOWER at term 302 for DISCOVERED_A_NEW_TERM
2019-10-18 07:24:28,873 [12ad0800-05cb-443c-9fdd-fa1debf04523@group-BCB82A5C07F5-LeaderElection1358] INFO  impl.RoleInfo (RoleInfo.java:shutdownLeaderElection(134)) - 12ad0800-05cb-443c-9fdd-fa1debf04523: shutdown LeaderElection
2019-10-18 07:24:28,873 [12ad0800-05cb-443c-9fdd-fa1debf04523@group-BCB82A5C07F5-LeaderElection1358] INFO  impl.RoleInfo (RoleInfo.java:updateAndGet(143)) - 12ad0800-05cb-443c-9fdd-fa1debf04523: start FollowerState
2019-10-18 07:24:28,905 [Thread-11330] INFO  impl.FollowerState (FollowerState.java:run(108)) - 12ad0800-05cb-443c-9fdd-fa1debf04523@group-BCB82A5C07F5-FollowerState: change to CANDIDATE, lastRpcTime:32ms, electionTimeout:32ms
2019-10-18 07:24:28,905 [Thread-11330] INFO  impl.RoleInfo (RoleInfo.java:shutdownFollowerState(121)) - 12ad0800-05cb-443c-9fdd-fa1debf04523: shutdown FollowerState
2019-10-18 07:24:28,905 [Thread-11330] INFO  impl.RaftServerImpl (RaftServerImpl.java:setRole(184)) - 12ad0800-05cb-443c-9fdd-fa1debf04523@group-BCB82A5C07F5: changes role from  FOLLOWER to CANDIDATE at term 302 for changeToCandidate
2019-10-18 07:24:28,905 [Thread-11330] INFO  impl.RoleInfo (RoleInfo.java:updateAndGet(143)) - 12ad0800-05cb-443c-9fdd-fa1debf04523: start LeaderElection
2019-10-18 07:24:28,930 [12ad0800-05cb-443c-9fdd-fa1debf04523@group-BCB82A5C07F5-LeaderElection1359] INFO  impl.LeaderElection (LeaderElection.java:askForVotes(178)) - 12ad0800-05cb-443c-9fdd-fa1debf04523@group-BCB82A5C07F5-LeaderElection1359: begin an election at term 303 for -1: [12ad0800-05cb-443c-9fdd-fa1debf04523:192.168.34.25:41155, 5170c5f3-8499-4b42-9321-85fc8a351f79:192.168.34.25:43074, 0b10a9fc-47eb-4a2b-b664-8273d9d17379:192.168.34.25:45248], old=null
2019-10-18 07:24:28,930 [12ad0800-05cb-443c-9fdd-fa1debf04523@group-BCB82A5C07F5-LeaderElection1359] INFO  impl.LeaderElection (LogUtils.java:infoOrTrace(149)) - 12ad0800-05cb-443c-9fdd-fa1debf04523@group-BCB82A5C07F5-LeaderElection1359 got exception when requesting votes: {}
java.util.concurrent.ExecutionException: org.apache.ratis.thirdparty.io.grpc.StatusRuntimeException: UNAVAILABLE: io exception
	at java.util.concurrent.FutureTask.report(FutureTask.java:122)
	at java.util.concurrent.FutureTask.get(FutureTask.java:192)
	at org.apache.ratis.server.impl.LeaderElection.waitForResults(LeaderElection.java:259)
	at org.apache.ratis.server.impl.LeaderElection.askForVotes(LeaderElection.java:197)
	at org.apache.ratis.server.impl.LeaderElection.run(LeaderElection.java:133)
	at java.lang.Thread.run(Thread.java:748)
Caused by: org.apache.ratis.thirdparty.io.grpc.StatusRuntimeException: UNAVAILABLE: io exception
	at org.apache.ratis.thirdparty.io.grpc.stub.ClientCalls.toStatusRuntimeException(ClientCalls.java:233)
	at org.apache.ratis.thirdparty.io.grpc.stub.ClientCalls.getUnchecked(ClientCalls.java:214)
	at org.apache.ratis.thirdparty.io.grpc.stub.ClientCalls.blockingUnaryCall(ClientCalls.java:139)
	at org.apache.ratis.proto.grpc.RaftServerProtocolServiceGrpc$RaftServerProtocolServiceBlockingStub.requestVote(RaftServerProtocolServiceGrpc.java:265)
	at org.apache.ratis.grpc.server.GrpcServerProtocolClient.requestVote(GrpcServerProtocolClient.java:99)
	at org.apache.ratis.grpc.server.GrpcService.requestVote(GrpcService.java:204)
	at org.apache.ratis.server.impl.LeaderElection.lambda$submitRequests$1(LeaderElection.java:234)
	at java.util.concurrent.FutureTask.run(FutureTask.java:266)
	at java.util.concurrent.Executors$RunnableAdapter.call(Executors.java:511)
	at java.util.concurrent.FutureTask.run(FutureTask.java:266)
	at java.util.concurrent.ThreadPoolExecutor.runWorker(ThreadPoolExecutor.java:1149)
	at java.util.concurrent.ThreadPoolExecutor$Worker.run(ThreadPoolExecutor.java:624)
	... 1 more
Caused by: org.apache.ratis.thirdparty.io.netty.channel.AbstractChannel$AnnotatedConnectException: Connection refused: /192.168.34.25:43074
	at sun.nio.ch.SocketChannelImpl.checkConnect(Native Method)
	at sun.nio.ch.SocketChannelImpl.finishConnect(SocketChannelImpl.java:717)
	at org.apache.ratis.thirdparty.io.netty.channel.socket.nio.NioSocketChannel.doFinishConnect(NioSocketChannel.java:327)
	at org.apache.ratis.thirdparty.io.netty.channel.nio.AbstractNioChannel$AbstractNioUnsafe.finishConnect(AbstractNioChannel.java:340)
	at org.apache.ratis.thirdparty.io.netty.channel.nio.NioEventLoop.processSelectedKey(NioEventLoop.java:632)
	at org.apache.ratis.thirdparty.io.netty.channel.nio.NioEventLoop.processSelectedKeysOptimized(NioEventLoop.java:579)
	at org.apache.ratis.thirdparty.io.netty.channel.nio.NioEventLoop.processSelectedKeys(NioEventLoop.java:496)
	at org.apache.ratis.thirdparty.io.netty.channel.nio.NioEventLoop.run(NioEventLoop.java:458)
	at org.apache.ratis.thirdparty.io.netty.util.concurrent.SingleThreadEventExecutor$5.run(SingleThreadEventExecutor.java:897)
	at org.apache.ratis.thirdparty.io.netty.util.concurrent.FastThreadLocalRunnable.run(FastThreadLocalRunnable.java:30)
	... 1 more
Caused by: java.net.ConnectException: Connection refused
	... 11 more
2019-10-18 07:24:28,930 [12ad0800-05cb-443c-9fdd-fa1debf04523@group-BCB82A5C07F5-LeaderElection1359] INFO  impl.LeaderElection (LogUtils.java:infoOrTrace(149)) - 12ad0800-05cb-443c-9fdd-fa1debf04523@group-BCB82A5C07F5-LeaderElection1359 got exception when requesting votes: {}
java.util.concurrent.ExecutionException: org.apache.ratis.thirdparty.io.grpc.StatusRuntimeException: UNAVAILABLE: io exception
	at java.util.concurrent.FutureTask.report(FutureTask.java:122)
	at java.util.concurrent.FutureTask.get(FutureTask.java:192)
	at org.apache.ratis.server.impl.LeaderElection.waitForResults(LeaderElection.java:259)
	at org.apache.ratis.server.impl.LeaderElection.askForVotes(LeaderElection.java:197)
	at org.apache.ratis.server.impl.LeaderElection.run(LeaderElection.java:133)
	at java.lang.Thread.run(Thread.java:748)
Caused by: org.apache.ratis.thirdparty.io.grpc.StatusRuntimeException: UNAVAILABLE: io exception
	at org.apache.ratis.thirdparty.io.grpc.stub.ClientCalls.toStatusRuntimeException(ClientCalls.java:233)
	at org.apache.ratis.thirdparty.io.grpc.stub.ClientCalls.getUnchecked(ClientCalls.java:214)
	at org.apache.ratis.thirdparty.io.grpc.stub.ClientCalls.blockingUnaryCall(ClientCalls.java:139)
	at org.apache.ratis.proto.grpc.RaftServerProtocolServiceGrpc$RaftServerProtocolServiceBlockingStub.requestVote(RaftServerProtocolServiceGrpc.java:265)
	at org.apache.ratis.grpc.server.GrpcServerProtocolClient.requestVote(GrpcServerProtocolClient.java:99)
	at org.apache.ratis.grpc.server.GrpcService.requestVote(GrpcService.java:204)
	at org.apache.ratis.server.impl.LeaderElection.lambda$submitRequests$1(LeaderElection.java:234)
	at java.util.concurrent.FutureTask.run(FutureTask.java:266)
	at java.util.concurrent.Executors$RunnableAdapter.call(Executors.java:511)
	at java.util.concurrent.FutureTask.run(FutureTask.java:266)
	at java.util.concurrent.ThreadPoolExecutor.runWorker(ThreadPoolExecutor.java:1149)
	at java.util.concurrent.ThreadPoolExecutor$Worker.run(ThreadPoolExecutor.java:624)
	... 1 more
Caused by: org.apache.ratis.thirdparty.io.netty.channel.AbstractChannel$AnnotatedConnectException: Connection refused: /192.168.34.25:45248
	at sun.nio.ch.SocketChannelImpl.checkConnect(Native Method)
	at sun.nio.ch.SocketChannelImpl.finishConnect(SocketChannelImpl.java:717)
	at org.apache.ratis.thirdparty.io.netty.channel.socket.nio.NioSocketChannel.doFinishConnect(NioSocketChannel.java:327)
	at org.apache.ratis.thirdparty.io.netty.channel.nio.AbstractNioChannel$AbstractNioUnsafe.finishConnect(AbstractNioChannel.java:340)
	at org.apache.ratis.thirdparty.io.netty.channel.nio.NioEventLoop.processSelectedKey(NioEventLoop.java:632)
	at org.apache.ratis.thirdparty.io.netty.channel.nio.NioEventLoop.processSelectedKeysOptimized(NioEventLoop.java:579)
	at org.apache.ratis.thirdparty.io.netty.channel.nio.NioEventLoop.processSelectedKeys(NioEventLoop.java:496)
	at org.apache.ratis.thirdparty.io.netty.channel.nio.NioEventLoop.run(NioEventLoop.java:458)
	at org.apache.ratis.thirdparty.io.netty.util.concurrent.SingleThreadEventExecutor$5.run(SingleThreadEventExecutor.java:897)
	at org.apache.ratis.thirdparty.io.netty.util.concurrent.FastThreadLocalRunnable.run(FastThreadLocalRunnable.java:30)
	... 1 more
Caused by: java.net.ConnectException: Connection refused
	... 11 more
2019-10-18 07:24:28,931 [12ad0800-05cb-443c-9fdd-fa1debf04523@group-BCB82A5C07F5-LeaderElection1359] INFO  impl.LeaderElection (LeaderElection.java:logAndReturn(56)) - 12ad0800-05cb-443c-9fdd-fa1debf04523@group-BCB82A5C07F5-LeaderElection1359: Election REJECTED; received 0 response(s) [] and 2 exception(s); 12ad0800-05cb-443c-9fdd-fa1debf04523@group-BCB82A5C07F5:t303, leader=null, voted=12ad0800-05cb-443c-9fdd-fa1debf04523, raftlog=12ad0800-05cb-443c-9fdd-fa1debf04523@group-BCB82A5C07F5-SegmentedRaftLog:OPENED:c-1,f-1,i0, conf=-1: [12ad0800-05cb-443c-9fdd-fa1debf04523:192.168.34.25:41155, 5170c5f3-8499-4b42-9321-85fc8a351f79:192.168.34.25:43074, 0b10a9fc-47eb-4a2b-b664-8273d9d17379:192.168.34.25:45248], old=null
2019-10-18 07:24:28,931 [12ad0800-05cb-443c-9fdd-fa1debf04523@group-BCB82A5C07F5-LeaderElection1359] INFO  impl.LeaderElection (LogUtils.java:infoOrTrace(149)) -   Exception 0: {}
java.util.concurrent.ExecutionException: org.apache.ratis.thirdparty.io.grpc.StatusRuntimeException: UNAVAILABLE: io exception
	at java.util.concurrent.FutureTask.report(FutureTask.java:122)
	at java.util.concurrent.FutureTask.get(FutureTask.java:192)
	at org.apache.ratis.server.impl.LeaderElection.waitForResults(LeaderElection.java:259)
	at org.apache.ratis.server.impl.LeaderElection.askForVotes(LeaderElection.java:197)
	at org.apache.ratis.server.impl.LeaderElection.run(LeaderElection.java:133)
	at java.lang.Thread.run(Thread.java:748)
Caused by: org.apache.ratis.thirdparty.io.grpc.StatusRuntimeException: UNAVAILABLE: io exception
	at org.apache.ratis.thirdparty.io.grpc.stub.ClientCalls.toStatusRuntimeException(ClientCalls.java:233)
	at org.apache.ratis.thirdparty.io.grpc.stub.ClientCalls.getUnchecked(ClientCalls.java:214)
	at org.apache.ratis.thirdparty.io.grpc.stub.ClientCalls.blockingUnaryCall(ClientCalls.java:139)
	at org.apache.ratis.proto.grpc.RaftServerProtocolServiceGrpc$RaftServerProtocolServiceBlockingStub.requestVote(RaftServerProtocolServiceGrpc.java:265)
	at org.apache.ratis.grpc.server.GrpcServerProtocolClient.requestVote(GrpcServerProtocolClient.java:99)
	at org.apache.ratis.grpc.server.GrpcService.requestVote(GrpcService.java:204)
	at org.apache.ratis.server.impl.LeaderElection.lambda$submitRequests$1(LeaderElection.java:234)
	at java.util.concurrent.FutureTask.run(FutureTask.java:266)
	at java.util.concurrent.Executors$RunnableAdapter.call(Executors.java:511)
	at java.util.concurrent.FutureTask.run(FutureTask.java:266)
	at java.util.concurrent.ThreadPoolExecutor.runWorker(ThreadPoolExecutor.java:1149)
	at java.util.concurrent.ThreadPoolExecutor$Worker.run(ThreadPoolExecutor.java:624)
	... 1 more
Caused by: org.apache.ratis.thirdparty.io.netty.channel.AbstractChannel$AnnotatedConnectException: Connection refused: /192.168.34.25:43074
	at sun.nio.ch.SocketChannelImpl.checkConnect(Native Method)
	at sun.nio.ch.SocketChannelImpl.finishConnect(SocketChannelImpl.java:717)
	at org.apache.ratis.thirdparty.io.netty.channel.socket.nio.NioSocketChannel.doFinishConnect(NioSocketChannel.java:327)
	at org.apache.ratis.thirdparty.io.netty.channel.nio.AbstractNioChannel$AbstractNioUnsafe.finishConnect(AbstractNioChannel.java:340)
	at org.apache.ratis.thirdparty.io.netty.channel.nio.NioEventLoop.processSelectedKey(NioEventLoop.java:632)
	at org.apache.ratis.thirdparty.io.netty.channel.nio.NioEventLoop.processSelectedKeysOptimized(NioEventLoop.java:579)
	at org.apache.ratis.thirdparty.io.netty.channel.nio.NioEventLoop.processSelectedKeys(NioEventLoop.java:496)
	at org.apache.ratis.thirdparty.io.netty.channel.nio.NioEventLoop.run(NioEventLoop.java:458)
	at org.apache.ratis.thirdparty.io.netty.util.concurrent.SingleThreadEventExecutor$5.run(SingleThreadEventExecutor.java:897)
	at org.apache.ratis.thirdparty.io.netty.util.concurrent.FastThreadLocalRunnable.run(FastThreadLocalRunnable.java:30)
	... 1 more
Caused by: java.net.ConnectException: Connection refused
	... 11 more
2019-10-18 07:24:28,931 [12ad0800-05cb-443c-9fdd-fa1debf04523@group-BCB82A5C07F5-LeaderElection1359] INFO  impl.LeaderElection (LogUtils.java:infoOrTrace(149)) -   Exception 1: {}
java.util.concurrent.ExecutionException: org.apache.ratis.thirdparty.io.grpc.StatusRuntimeException: UNAVAILABLE: io exception
	at java.util.concurrent.FutureTask.report(FutureTask.java:122)
	at java.util.concurrent.FutureTask.get(FutureTask.java:192)
	at org.apache.ratis.server.impl.LeaderElection.waitForResults(LeaderElection.java:259)
	at org.apache.ratis.server.impl.LeaderElection.askForVotes(LeaderElection.java:197)
	at org.apache.ratis.server.impl.LeaderElection.run(LeaderElection.java:133)
	at java.lang.Thread.run(Thread.java:748)
Caused by: org.apache.ratis.thirdparty.io.grpc.StatusRuntimeException: UNAVAILABLE: io exception
	at org.apache.ratis.thirdparty.io.grpc.stub.ClientCalls.toStatusRuntimeException(ClientCalls.java:233)
	at org.apache.ratis.thirdparty.io.grpc.stub.ClientCalls.getUnchecked(ClientCalls.java:214)
	at org.apache.ratis.thirdparty.io.grpc.stub.ClientCalls.blockingUnaryCall(ClientCalls.java:139)
	at org.apache.ratis.proto.grpc.RaftServerProtocolServiceGrpc$RaftServerProtocolServiceBlockingStub.requestVote(RaftServerProtocolServiceGrpc.java:265)
	at org.apache.ratis.grpc.server.GrpcServerProtocolClient.requestVote(GrpcServerProtocolClient.java:99)
	at org.apache.ratis.grpc.server.GrpcService.requestVote(GrpcService.java:204)
	at org.apache.ratis.server.impl.LeaderElection.lambda$submitRequests$1(LeaderElection.java:234)
	at java.util.concurrent.FutureTask.run(FutureTask.java:266)
	at java.util.concurrent.Executors$RunnableAdapter.call(Executors.java:511)
	at java.util.concurrent.FutureTask.run(FutureTask.java:266)
	at java.util.concurrent.ThreadPoolExecutor.runWorker(ThreadPoolExecutor.java:1149)
	at java.util.concurrent.ThreadPoolExecutor$Worker.run(ThreadPoolExecutor.java:624)
	... 1 more
Caused by: org.apache.ratis.thirdparty.io.netty.channel.AbstractChannel$AnnotatedConnectException: Connection refused: /192.168.34.25:45248
	at sun.nio.ch.SocketChannelImpl.checkConnect(Native Method)
	at sun.nio.ch.SocketChannelImpl.finishConnect(SocketChannelImpl.java:717)
	at org.apache.ratis.thirdparty.io.netty.channel.socket.nio.NioSocketChannel.doFinishConnect(NioSocketChannel.java:327)
	at org.apache.ratis.thirdparty.io.netty.channel.nio.AbstractNioChannel$AbstractNioUnsafe.finishConnect(AbstractNioChannel.java:340)
	at org.apache.ratis.thirdparty.io.netty.channel.nio.NioEventLoop.processSelectedKey(NioEventLoop.java:632)
	at org.apache.ratis.thirdparty.io.netty.channel.nio.NioEventLoop.processSelectedKeysOptimized(NioEventLoop.java:579)
	at org.apache.ratis.thirdparty.io.netty.channel.nio.NioEventLoop.processSelectedKeys(NioEventLoop.java:496)
	at org.apache.ratis.thirdparty.io.netty.channel.nio.NioEventLoop.run(NioEventLoop.java:458)
	at org.apache.ratis.thirdparty.io.netty.util.concurrent.SingleThreadEventExecutor$5.run(SingleThreadEventExecutor.java:897)
	at org.apache.ratis.thirdparty.io.netty.util.concurrent.FastThreadLocalRunnable.run(FastThreadLocalRunnable.java:30)
	... 1 more
Caused by: java.net.ConnectException: Connection refused
	... 11 more
2019-10-18 07:24:28,931 [12ad0800-05cb-443c-9fdd-fa1debf04523@group-BCB82A5C07F5-LeaderElection1359] INFO  impl.RaftServerImpl (RaftServerImpl.java:setRole(184)) - 12ad0800-05cb-443c-9fdd-fa1debf04523@group-BCB82A5C07F5: changes role from CANDIDATE to FOLLOWER at term 303 for DISCOVERED_A_NEW_TERM
2019-10-18 07:24:28,932 [12ad0800-05cb-443c-9fdd-fa1debf04523@group-BCB82A5C07F5-LeaderElection1359] INFO  impl.RoleInfo (RoleInfo.java:shutdownLeaderElection(134)) - 12ad0800-05cb-443c-9fdd-fa1debf04523: shutdown LeaderElection
2019-10-18 07:24:28,932 [12ad0800-05cb-443c-9fdd-fa1debf04523@group-BCB82A5C07F5-LeaderElection1359] INFO  impl.RoleInfo (RoleInfo.java:updateAndGet(143)) - 12ad0800-05cb-443c-9fdd-fa1debf04523: start FollowerState
2019-10-18 07:24:28,937 [Thread-11334] INFO  impl.FollowerState (FollowerState.java:run(108)) - 12ad0800-05cb-443c-9fdd-fa1debf04523@group-BCB82A5C07F5-FollowerState: change to CANDIDATE, lastRpcTime:5ms, electionTimeout:5ms
2019-10-18 07:24:28,937 [Thread-11334] INFO  impl.RoleInfo (RoleInfo.java:shutdownFollowerState(121)) - 12ad0800-05cb-443c-9fdd-fa1debf04523: shutdown FollowerState
2019-10-18 07:24:28,937 [Thread-11334] INFO  impl.RaftServerImpl (RaftServerImpl.java:setRole(184)) - 12ad0800-05cb-443c-9fdd-fa1debf04523@group-BCB82A5C07F5: changes role from  FOLLOWER to CANDIDATE at term 303 for changeToCandidate
2019-10-18 07:24:28,937 [Thread-11334] INFO  impl.RoleInfo (RoleInfo.java:updateAndGet(143)) - 12ad0800-05cb-443c-9fdd-fa1debf04523: start LeaderElection
2019-10-18 07:24:28,963 [12ad0800-05cb-443c-9fdd-fa1debf04523@group-BCB82A5C07F5-LeaderElection1360] INFO  impl.LeaderElection (LeaderElection.java:askForVotes(178)) - 12ad0800-05cb-443c-9fdd-fa1debf04523@group-BCB82A5C07F5-LeaderElection1360: begin an election at term 304 for -1: [12ad0800-05cb-443c-9fdd-fa1debf04523:192.168.34.25:41155, 5170c5f3-8499-4b42-9321-85fc8a351f79:192.168.34.25:43074, 0b10a9fc-47eb-4a2b-b664-8273d9d17379:192.168.34.25:45248], old=null
2019-10-18 07:24:28,964 [12ad0800-05cb-443c-9fdd-fa1debf04523@group-BCB82A5C07F5-LeaderElection1360] INFO  impl.LeaderElection (LogUtils.java:infoOrTrace(149)) - 12ad0800-05cb-443c-9fdd-fa1debf04523@group-BCB82A5C07F5-LeaderElection1360 got exception when requesting votes: {}
java.util.concurrent.ExecutionException: org.apache.ratis.thirdparty.io.grpc.StatusRuntimeException: UNAVAILABLE: io exception
	at java.util.concurrent.FutureTask.report(FutureTask.java:122)
	at java.util.concurrent.FutureTask.get(FutureTask.java:192)
	at org.apache.ratis.server.impl.LeaderElection.waitForResults(LeaderElection.java:259)
	at org.apache.ratis.server.impl.LeaderElection.askForVotes(LeaderElection.java:197)
	at org.apache.ratis.server.impl.LeaderElection.run(LeaderElection.java:133)
	at java.lang.Thread.run(Thread.java:748)
Caused by: org.apache.ratis.thirdparty.io.grpc.StatusRuntimeException: UNAVAILABLE: io exception
	at org.apache.ratis.thirdparty.io.grpc.stub.ClientCalls.toStatusRuntimeException(ClientCalls.java:233)
	at org.apache.ratis.thirdparty.io.grpc.stub.ClientCalls.getUnchecked(ClientCalls.java:214)
	at org.apache.ratis.thirdparty.io.grpc.stub.ClientCalls.blockingUnaryCall(ClientCalls.java:139)
	at org.apache.ratis.proto.grpc.RaftServerProtocolServiceGrpc$RaftServerProtocolServiceBlockingStub.requestVote(RaftServerProtocolServiceGrpc.java:265)
	at org.apache.ratis.grpc.server.GrpcServerProtocolClient.requestVote(GrpcServerProtocolClient.java:99)
	at org.apache.ratis.grpc.server.GrpcService.requestVote(GrpcService.java:204)
	at org.apache.ratis.server.impl.LeaderElection.lambda$submitRequests$1(LeaderElection.java:234)
	at java.util.concurrent.FutureTask.run(FutureTask.java:266)
	at java.util.concurrent.Executors$RunnableAdapter.call(Executors.java:511)
	at java.util.concurrent.FutureTask.run(FutureTask.java:266)
	at java.util.concurrent.ThreadPoolExecutor.runWorker(ThreadPoolExecutor.java:1149)
	at java.util.concurrent.ThreadPoolExecutor$Worker.run(ThreadPoolExecutor.java:624)
	... 1 more
Caused by: org.apache.ratis.thirdparty.io.netty.channel.AbstractChannel$AnnotatedConnectException: Connection refused: /192.168.34.25:45248
	at sun.nio.ch.SocketChannelImpl.checkConnect(Native Method)
	at sun.nio.ch.SocketChannelImpl.finishConnect(SocketChannelImpl.java:717)
	at org.apache.ratis.thirdparty.io.netty.channel.socket.nio.NioSocketChannel.doFinishConnect(NioSocketChannel.java:327)
	at org.apache.ratis.thirdparty.io.netty.channel.nio.AbstractNioChannel$AbstractNioUnsafe.finishConnect(AbstractNioChannel.java:340)
	at org.apache.ratis.thirdparty.io.netty.channel.nio.NioEventLoop.processSelectedKey(NioEventLoop.java:632)
	at org.apache.ratis.thirdparty.io.netty.channel.nio.NioEventLoop.processSelectedKeysOptimized(NioEventLoop.java:579)
	at org.apache.ratis.thirdparty.io.netty.channel.nio.NioEventLoop.processSelectedKeys(NioEventLoop.java:496)
	at org.apache.ratis.thirdparty.io.netty.channel.nio.NioEventLoop.run(NioEventLoop.java:458)
	at org.apache.ratis.thirdparty.io.netty.util.concurrent.SingleThreadEventExecutor$5.run(SingleThreadEventExecutor.java:897)
	at org.apache.ratis.thirdparty.io.netty.util.concurrent.FastThreadLocalRunnable.run(FastThreadLocalRunnable.java:30)
	... 1 more
Caused by: java.net.ConnectException: Connection refused
	... 11 more
2019-10-18 07:24:28,964 [12ad0800-05cb-443c-9fdd-fa1debf04523@group-BCB82A5C07F5-LeaderElection1360] INFO  impl.LeaderElection (LogUtils.java:infoOrTrace(149)) - 12ad0800-05cb-443c-9fdd-fa1debf04523@group-BCB82A5C07F5-LeaderElection1360 got exception when requesting votes: {}
java.util.concurrent.ExecutionException: org.apache.ratis.thirdparty.io.grpc.StatusRuntimeException: UNAVAILABLE: io exception
	at java.util.concurrent.FutureTask.report(FutureTask.java:122)
	at java.util.concurrent.FutureTask.get(FutureTask.java:192)
	at org.apache.ratis.server.impl.LeaderElection.waitForResults(LeaderElection.java:259)
	at org.apache.ratis.server.impl.LeaderElection.askForVotes(LeaderElection.java:197)
	at org.apache.ratis.server.impl.LeaderElection.run(LeaderElection.java:133)
	at java.lang.Thread.run(Thread.java:748)
Caused by: org.apache.ratis.thirdparty.io.grpc.StatusRuntimeException: UNAVAILABLE: io exception
	at org.apache.ratis.thirdparty.io.grpc.stub.ClientCalls.toStatusRuntimeException(ClientCalls.java:233)
	at org.apache.ratis.thirdparty.io.grpc.stub.ClientCalls.getUnchecked(ClientCalls.java:214)
	at org.apache.ratis.thirdparty.io.grpc.stub.ClientCalls.blockingUnaryCall(ClientCalls.java:139)
	at org.apache.ratis.proto.grpc.RaftServerProtocolServiceGrpc$RaftServerProtocolServiceBlockingStub.requestVote(RaftServerProtocolServiceGrpc.java:265)
	at org.apache.ratis.grpc.server.GrpcServerProtocolClient.requestVote(GrpcServerProtocolClient.java:99)
	at org.apache.ratis.grpc.server.GrpcService.requestVote(GrpcService.java:204)
	at org.apache.ratis.server.impl.LeaderElection.lambda$submitRequests$1(LeaderElection.java:234)
	at java.util.concurrent.FutureTask.run(FutureTask.java:266)
	at java.util.concurrent.Executors$RunnableAdapter.call(Executors.java:511)
	at java.util.concurrent.FutureTask.run(FutureTask.java:266)
	at java.util.concurrent.ThreadPoolExecutor.runWorker(ThreadPoolExecutor.java:1149)
	at java.util.concurrent.ThreadPoolExecutor$Worker.run(ThreadPoolExecutor.java:624)
	... 1 more
Caused by: org.apache.ratis.thirdparty.io.netty.channel.AbstractChannel$AnnotatedConnectException: Connection refused: /192.168.34.25:43074
	at sun.nio.ch.SocketChannelImpl.checkConnect(Native Method)
	at sun.nio.ch.SocketChannelImpl.finishConnect(SocketChannelImpl.java:717)
	at org.apache.ratis.thirdparty.io.netty.channel.socket.nio.NioSocketChannel.doFinishConnect(NioSocketChannel.java:327)
	at org.apache.ratis.thirdparty.io.netty.channel.nio.AbstractNioChannel$AbstractNioUnsafe.finishConnect(AbstractNioChannel.java:340)
	at org.apache.ratis.thirdparty.io.netty.channel.nio.NioEventLoop.processSelectedKey(NioEventLoop.java:632)
	at org.apache.ratis.thirdparty.io.netty.channel.nio.NioEventLoop.processSelectedKeysOptimized(NioEventLoop.java:579)
	at org.apache.ratis.thirdparty.io.netty.channel.nio.NioEventLoop.processSelectedKeys(NioEventLoop.java:496)
	at org.apache.ratis.thirdparty.io.netty.channel.nio.NioEventLoop.run(NioEventLoop.java:458)
	at org.apache.ratis.thirdparty.io.netty.util.concurrent.SingleThreadEventExecutor$5.run(SingleThreadEventExecutor.java:897)
	at org.apache.ratis.thirdparty.io.netty.util.concurrent.FastThreadLocalRunnable.run(FastThreadLocalRunnable.java:30)
	... 1 more
Caused by: java.net.ConnectException: Connection refused
	... 11 more
2019-10-18 07:24:28,965 [12ad0800-05cb-443c-9fdd-fa1debf04523@group-BCB82A5C07F5-LeaderElection1360] INFO  impl.LeaderElection (LeaderElection.java:logAndReturn(56)) - 12ad0800-05cb-443c-9fdd-fa1debf04523@group-BCB82A5C07F5-LeaderElection1360: Election REJECTED; received 0 response(s) [] and 2 exception(s); 12ad0800-05cb-443c-9fdd-fa1debf04523@group-BCB82A5C07F5:t304, leader=null, voted=12ad0800-05cb-443c-9fdd-fa1debf04523, raftlog=12ad0800-05cb-443c-9fdd-fa1debf04523@group-BCB82A5C07F5-SegmentedRaftLog:OPENED:c-1,f-1,i0, conf=-1: [12ad0800-05cb-443c-9fdd-fa1debf04523:192.168.34.25:41155, 5170c5f3-8499-4b42-9321-85fc8a351f79:192.168.34.25:43074, 0b10a9fc-47eb-4a2b-b664-8273d9d17379:192.168.34.25:45248], old=null
2019-10-18 07:24:28,965 [12ad0800-05cb-443c-9fdd-fa1debf04523@group-BCB82A5C07F5-LeaderElection1360] INFO  impl.LeaderElection (LogUtils.java:infoOrTrace(149)) -   Exception 0: {}
java.util.concurrent.ExecutionException: org.apache.ratis.thirdparty.io.grpc.StatusRuntimeException: UNAVAILABLE: io exception
	at java.util.concurrent.FutureTask.report(FutureTask.java:122)
	at java.util.concurrent.FutureTask.get(FutureTask.java:192)
	at org.apache.ratis.server.impl.LeaderElection.waitForResults(LeaderElection.java:259)
	at org.apache.ratis.server.impl.LeaderElection.askForVotes(LeaderElection.java:197)
	at org.apache.ratis.server.impl.LeaderElection.run(LeaderElection.java:133)
	at java.lang.Thread.run(Thread.java:748)
Caused by: org.apache.ratis.thirdparty.io.grpc.StatusRuntimeException: UNAVAILABLE: io exception
	at org.apache.ratis.thirdparty.io.grpc.stub.ClientCalls.toStatusRuntimeException(ClientCalls.java:233)
	at org.apache.ratis.thirdparty.io.grpc.stub.ClientCalls.getUnchecked(ClientCalls.java:214)
	at org.apache.ratis.thirdparty.io.grpc.stub.ClientCalls.blockingUnaryCall(ClientCalls.java:139)
	at org.apache.ratis.proto.grpc.RaftServerProtocolServiceGrpc$RaftServerProtocolServiceBlockingStub.requestVote(RaftServerProtocolServiceGrpc.java:265)
	at org.apache.ratis.grpc.server.GrpcServerProtocolClient.requestVote(GrpcServerProtocolClient.java:99)
	at org.apache.ratis.grpc.server.GrpcService.requestVote(GrpcService.java:204)
	at org.apache.ratis.server.impl.LeaderElection.lambda$submitRequests$1(LeaderElection.java:234)
	at java.util.concurrent.FutureTask.run(FutureTask.java:266)
	at java.util.concurrent.Executors$RunnableAdapter.call(Executors.java:511)
	at java.util.concurrent.FutureTask.run(FutureTask.java:266)
	at java.util.concurrent.ThreadPoolExecutor.runWorker(ThreadPoolExecutor.java:1149)
	at java.util.concurrent.ThreadPoolExecutor$Worker.run(ThreadPoolExecutor.java:624)
	... 1 more
Caused by: org.apache.ratis.thirdparty.io.netty.channel.AbstractChannel$AnnotatedConnectException: Connection refused: /192.168.34.25:45248
	at sun.nio.ch.SocketChannelImpl.checkConnect(Native Method)
	at sun.nio.ch.SocketChannelImpl.finishConnect(SocketChannelImpl.java:717)
	at org.apache.ratis.thirdparty.io.netty.channel.socket.nio.NioSocketChannel.doFinishConnect(NioSocketChannel.java:327)
	at org.apache.ratis.thirdparty.io.netty.channel.nio.AbstractNioChannel$AbstractNioUnsafe.finishConnect(AbstractNioChannel.java:340)
	at org.apache.ratis.thirdparty.io.netty.channel.nio.NioEventLoop.processSelectedKey(NioEventLoop.java:632)
	at org.apache.ratis.thirdparty.io.netty.channel.nio.NioEventLoop.processSelectedKeysOptimized(NioEventLoop.java:579)
	at org.apache.ratis.thirdparty.io.netty.channel.nio.NioEventLoop.processSelectedKeys(NioEventLoop.java:496)
	at org.apache.ratis.thirdparty.io.netty.channel.nio.NioEventLoop.run(NioEventLoop.java:458)
	at org.apache.ratis.thirdparty.io.netty.util.concurrent.SingleThreadEventExecutor$5.run(SingleThreadEventExecutor.java:897)
	at org.apache.ratis.thirdparty.io.netty.util.concurrent.FastThreadLocalRunnable.run(FastThreadLocalRunnable.java:30)
	... 1 more
Caused by: java.net.ConnectException: Connection refused
	... 11 more
2019-10-18 07:24:28,965 [12ad0800-05cb-443c-9fdd-fa1debf04523@group-BCB82A5C07F5-LeaderElection1360] INFO  impl.LeaderElection (LogUtils.java:infoOrTrace(149)) -   Exception 1: {}
java.util.concurrent.ExecutionException: org.apache.ratis.thirdparty.io.grpc.StatusRuntimeException: UNAVAILABLE: io exception
	at java.util.concurrent.FutureTask.report(FutureTask.java:122)
	at java.util.concurrent.FutureTask.get(FutureTask.java:192)
	at org.apache.ratis.server.impl.LeaderElection.waitForResults(LeaderElection.java:259)
	at org.apache.ratis.server.impl.LeaderElection.askForVotes(LeaderElection.java:197)
	at org.apache.ratis.server.impl.LeaderElection.run(LeaderElection.java:133)
	at java.lang.Thread.run(Thread.java:748)
Caused by: org.apache.ratis.thirdparty.io.grpc.StatusRuntimeException: UNAVAILABLE: io exception
	at org.apache.ratis.thirdparty.io.grpc.stub.ClientCalls.toStatusRuntimeException(ClientCalls.java:233)
	at org.apache.ratis.thirdparty.io.grpc.stub.ClientCalls.getUnchecked(ClientCalls.java:214)
	at org.apache.ratis.thirdparty.io.grpc.stub.ClientCalls.blockingUnaryCall(ClientCalls.java:139)
	at org.apache.ratis.proto.grpc.RaftServerProtocolServiceGrpc$RaftServerProtocolServiceBlockingStub.requestVote(RaftServerProtocolServiceGrpc.java:265)
	at org.apache.ratis.grpc.server.GrpcServerProtocolClient.requestVote(GrpcServerProtocolClient.java:99)
	at org.apache.ratis.grpc.server.GrpcService.requestVote(GrpcService.java:204)
	at org.apache.ratis.server.impl.LeaderElection.lambda$submitRequests$1(LeaderElection.java:234)
	at java.util.concurrent.FutureTask.run(FutureTask.java:266)
	at java.util.concurrent.Executors$RunnableAdapter.call(Executors.java:511)
	at java.util.concurrent.FutureTask.run(FutureTask.java:266)
	at java.util.concurrent.ThreadPoolExecutor.runWorker(ThreadPoolExecutor.java:1149)
	at java.util.concurrent.ThreadPoolExecutor$Worker.run(ThreadPoolExecutor.java:624)
	... 1 more
Caused by: org.apache.ratis.thirdparty.io.netty.channel.AbstractChannel$AnnotatedConnectException: Connection refused: /192.168.34.25:43074
	at sun.nio.ch.SocketChannelImpl.checkConnect(Native Method)
	at sun.nio.ch.SocketChannelImpl.finishConnect(SocketChannelImpl.java:717)
	at org.apache.ratis.thirdparty.io.netty.channel.socket.nio.NioSocketChannel.doFinishConnect(NioSocketChannel.java:327)
	at org.apache.ratis.thirdparty.io.netty.channel.nio.AbstractNioChannel$AbstractNioUnsafe.finishConnect(AbstractNioChannel.java:340)
	at org.apache.ratis.thirdparty.io.netty.channel.nio.NioEventLoop.processSelectedKey(NioEventLoop.java:632)
	at org.apache.ratis.thirdparty.io.netty.channel.nio.NioEventLoop.processSelectedKeysOptimized(NioEventLoop.java:579)
	at org.apache.ratis.thirdparty.io.netty.channel.nio.NioEventLoop.processSelectedKeys(NioEventLoop.java:496)
	at org.apache.ratis.thirdparty.io.netty.channel.nio.NioEventLoop.run(NioEventLoop.java:458)
	at org.apache.ratis.thirdparty.io.netty.util.concurrent.SingleThreadEventExecutor$5.run(SingleThreadEventExecutor.java:897)
	at org.apache.ratis.thirdparty.io.netty.util.concurrent.FastThreadLocalRunnable.run(FastThreadLocalRunnable.java:30)
	... 1 more
Caused by: java.net.ConnectException: Connection refused
	... 11 more
2019-10-18 07:24:28,965 [12ad0800-05cb-443c-9fdd-fa1debf04523@group-BCB82A5C07F5-LeaderElection1360] INFO  impl.RaftServerImpl (RaftServerImpl.java:setRole(184)) - 12ad0800-05cb-443c-9fdd-fa1debf04523@group-BCB82A5C07F5: changes role from CANDIDATE to FOLLOWER at term 304 for DISCOVERED_A_NEW_TERM
2019-10-18 07:24:28,965 [12ad0800-05cb-443c-9fdd-fa1debf04523@group-BCB82A5C07F5-LeaderElection1360] INFO  impl.RoleInfo (RoleInfo.java:shutdownLeaderElection(134)) - 12ad0800-05cb-443c-9fdd-fa1debf04523: shutdown LeaderElection
2019-10-18 07:24:28,966 [12ad0800-05cb-443c-9fdd-fa1debf04523@group-BCB82A5C07F5-LeaderElection1360] INFO  impl.RoleInfo (RoleInfo.java:updateAndGet(143)) - 12ad0800-05cb-443c-9fdd-fa1debf04523: start FollowerState
2019-10-18 07:24:28,988 [Thread-11338] INFO  impl.FollowerState (FollowerState.java:run(108)) - 12ad0800-05cb-443c-9fdd-fa1debf04523@group-BCB82A5C07F5-FollowerState: change to CANDIDATE, lastRpcTime:22ms, electionTimeout:22ms
2019-10-18 07:24:28,988 [Thread-11338] INFO  impl.RoleInfo (RoleInfo.java:shutdownFollowerState(121)) - 12ad0800-05cb-443c-9fdd-fa1debf04523: shutdown FollowerState
2019-10-18 07:24:28,988 [Thread-11338] INFO  impl.RaftServerImpl (RaftServerImpl.java:setRole(184)) - 12ad0800-05cb-443c-9fdd-fa1debf04523@group-BCB82A5C07F5: changes role from  FOLLOWER to CANDIDATE at term 304 for changeToCandidate
2019-10-18 07:24:28,988 [Thread-11338] INFO  impl.RoleInfo (RoleInfo.java:updateAndGet(143)) - 12ad0800-05cb-443c-9fdd-fa1debf04523: start LeaderElection
2019-10-18 07:24:29,014 [12ad0800-05cb-443c-9fdd-fa1debf04523@group-BCB82A5C07F5-LeaderElection1361] INFO  impl.LeaderElection (LeaderElection.java:askForVotes(178)) - 12ad0800-05cb-443c-9fdd-fa1debf04523@group-BCB82A5C07F5-LeaderElection1361: begin an election at term 305 for -1: [12ad0800-05cb-443c-9fdd-fa1debf04523:192.168.34.25:41155, 5170c5f3-8499-4b42-9321-85fc8a351f79:192.168.34.25:43074, 0b10a9fc-47eb-4a2b-b664-8273d9d17379:192.168.34.25:45248], old=null
2019-10-18 07:24:29,015 [12ad0800-05cb-443c-9fdd-fa1debf04523@group-BCB82A5C07F5-LeaderElection1361] INFO  impl.LeaderElection (LogUtils.java:infoOrTrace(149)) - 12ad0800-05cb-443c-9fdd-fa1debf04523@group-BCB82A5C07F5-LeaderElection1361 got exception when requesting votes: {}
java.util.concurrent.ExecutionException: org.apache.ratis.thirdparty.io.grpc.StatusRuntimeException: UNAVAILABLE: io exception
	at java.util.concurrent.FutureTask.report(FutureTask.java:122)
	at java.util.concurrent.FutureTask.get(FutureTask.java:192)
	at org.apache.ratis.server.impl.LeaderElection.waitForResults(LeaderElection.java:259)
	at org.apache.ratis.server.impl.LeaderElection.askForVotes(LeaderElection.java:197)
	at org.apache.ratis.server.impl.LeaderElection.run(LeaderElection.java:133)
	at java.lang.Thread.run(Thread.java:748)
Caused by: org.apache.ratis.thirdparty.io.grpc.StatusRuntimeException: UNAVAILABLE: io exception
	at org.apache.ratis.thirdparty.io.grpc.stub.ClientCalls.toStatusRuntimeException(ClientCalls.java:233)
	at org.apache.ratis.thirdparty.io.grpc.stub.ClientCalls.getUnchecked(ClientCalls.java:214)
	at org.apache.ratis.thirdparty.io.grpc.stub.ClientCalls.blockingUnaryCall(ClientCalls.java:139)
	at org.apache.ratis.proto.grpc.RaftServerProtocolServiceGrpc$RaftServerProtocolServiceBlockingStub.requestVote(RaftServerProtocolServiceGrpc.java:265)
	at org.apache.ratis.grpc.server.GrpcServerProtocolClient.requestVote(GrpcServerProtocolClient.java:99)
	at org.apache.ratis.grpc.server.GrpcService.requestVote(GrpcService.java:204)
	at org.apache.ratis.server.impl.LeaderElection.lambda$submitRequests$1(LeaderElection.java:234)
	at java.util.concurrent.FutureTask.run(FutureTask.java:266)
	at java.util.concurrent.Executors$RunnableAdapter.call(Executors.java:511)
	at java.util.concurrent.FutureTask.run(FutureTask.java:266)
	at java.util.concurrent.ThreadPoolExecutor.runWorker(ThreadPoolExecutor.java:1149)
	at java.util.concurrent.ThreadPoolExecutor$Worker.run(ThreadPoolExecutor.java:624)
	... 1 more
Caused by: org.apache.ratis.thirdparty.io.netty.channel.AbstractChannel$AnnotatedConnectException: Connection refused: /192.168.34.25:43074
	at sun.nio.ch.SocketChannelImpl.checkConnect(Native Method)
	at sun.nio.ch.SocketChannelImpl.finishConnect(SocketChannelImpl.java:717)
	at org.apache.ratis.thirdparty.io.netty.channel.socket.nio.NioSocketChannel.doFinishConnect(NioSocketChannel.java:327)
	at org.apache.ratis.thirdparty.io.netty.channel.nio.AbstractNioChannel$AbstractNioUnsafe.finishConnect(AbstractNioChannel.java:340)
	at org.apache.ratis.thirdparty.io.netty.channel.nio.NioEventLoop.processSelectedKey(NioEventLoop.java:632)
	at org.apache.ratis.thirdparty.io.netty.channel.nio.NioEventLoop.processSelectedKeysOptimized(NioEventLoop.java:579)
	at org.apache.ratis.thirdparty.io.netty.channel.nio.NioEventLoop.processSelectedKeys(NioEventLoop.java:496)
	at org.apache.ratis.thirdparty.io.netty.channel.nio.NioEventLoop.run(NioEventLoop.java:458)
	at org.apache.ratis.thirdparty.io.netty.util.concurrent.SingleThreadEventExecutor$5.run(SingleThreadEventExecutor.java:897)
	at org.apache.ratis.thirdparty.io.netty.util.concurrent.FastThreadLocalRunnable.run(FastThreadLocalRunnable.java:30)
	... 1 more
Caused by: java.net.ConnectException: Connection refused
	... 11 more
2019-10-18 07:24:29,016 [12ad0800-05cb-443c-9fdd-fa1debf04523@group-BCB82A5C07F5-LeaderElection1361] INFO  impl.LeaderElection (LogUtils.java:infoOrTrace(149)) - 12ad0800-05cb-443c-9fdd-fa1debf04523@group-BCB82A5C07F5-LeaderElection1361 got exception when requesting votes: {}
java.util.concurrent.ExecutionException: org.apache.ratis.thirdparty.io.grpc.StatusRuntimeException: UNAVAILABLE: io exception
	at java.util.concurrent.FutureTask.report(FutureTask.java:122)
	at java.util.concurrent.FutureTask.get(FutureTask.java:192)
	at org.apache.ratis.server.impl.LeaderElection.waitForResults(LeaderElection.java:259)
	at org.apache.ratis.server.impl.LeaderElection.askForVotes(LeaderElection.java:197)
	at org.apache.ratis.server.impl.LeaderElection.run(LeaderElection.java:133)
	at java.lang.Thread.run(Thread.java:748)
Caused by: org.apache.ratis.thirdparty.io.grpc.StatusRuntimeException: UNAVAILABLE: io exception
	at org.apache.ratis.thirdparty.io.grpc.stub.ClientCalls.toStatusRuntimeException(ClientCalls.java:233)
	at org.apache.ratis.thirdparty.io.grpc.stub.ClientCalls.getUnchecked(ClientCalls.java:214)
	at org.apache.ratis.thirdparty.io.grpc.stub.ClientCalls.blockingUnaryCall(ClientCalls.java:139)
	at org.apache.ratis.proto.grpc.RaftServerProtocolServiceGrpc$RaftServerProtocolServiceBlockingStub.requestVote(RaftServerProtocolServiceGrpc.java:265)
	at org.apache.ratis.grpc.server.GrpcServerProtocolClient.requestVote(GrpcServerProtocolClient.java:99)
	at org.apache.ratis.grpc.server.GrpcService.requestVote(GrpcService.java:204)
	at org.apache.ratis.server.impl.LeaderElection.lambda$submitRequests$1(LeaderElection.java:234)
	at java.util.concurrent.FutureTask.run(FutureTask.java:266)
	at java.util.concurrent.Executors$RunnableAdapter.call(Executors.java:511)
	at java.util.concurrent.FutureTask.run(FutureTask.java:266)
	at java.util.concurrent.ThreadPoolExecutor.runWorker(ThreadPoolExecutor.java:1149)
	at java.util.concurrent.ThreadPoolExecutor$Worker.run(ThreadPoolExecutor.java:624)
	... 1 more
Caused by: org.apache.ratis.thirdparty.io.netty.channel.AbstractChannel$AnnotatedConnectException: Connection refused: /192.168.34.25:45248
	at sun.nio.ch.SocketChannelImpl.checkConnect(Native Method)
	at sun.nio.ch.SocketChannelImpl.finishConnect(SocketChannelImpl.java:717)
	at org.apache.ratis.thirdparty.io.netty.channel.socket.nio.NioSocketChannel.doFinishConnect(NioSocketChannel.java:327)
	at org.apache.ratis.thirdparty.io.netty.channel.nio.AbstractNioChannel$AbstractNioUnsafe.finishConnect(AbstractNioChannel.java:340)
	at org.apache.ratis.thirdparty.io.netty.channel.nio.NioEventLoop.processSelectedKey(NioEventLoop.java:632)
	at org.apache.ratis.thirdparty.io.netty.channel.nio.NioEventLoop.processSelectedKeysOptimized(NioEventLoop.java:579)
	at org.apache.ratis.thirdparty.io.netty.channel.nio.NioEventLoop.processSelectedKeys(NioEventLoop.java:496)
	at org.apache.ratis.thirdparty.io.netty.channel.nio.NioEventLoop.run(NioEventLoop.java:458)
	at org.apache.ratis.thirdparty.io.netty.util.concurrent.SingleThreadEventExecutor$5.run(SingleThreadEventExecutor.java:897)
	at org.apache.ratis.thirdparty.io.netty.util.concurrent.FastThreadLocalRunnable.run(FastThreadLocalRunnable.java:30)
	... 1 more
Caused by: java.net.ConnectException: Connection refused
	... 11 more
2019-10-18 07:24:29,016 [12ad0800-05cb-443c-9fdd-fa1debf04523@group-BCB82A5C07F5-LeaderElection1361] INFO  impl.LeaderElection (LeaderElection.java:logAndReturn(56)) - 12ad0800-05cb-443c-9fdd-fa1debf04523@group-BCB82A5C07F5-LeaderElection1361: Election REJECTED; received 0 response(s) [] and 2 exception(s); 12ad0800-05cb-443c-9fdd-fa1debf04523@group-BCB82A5C07F5:t305, leader=null, voted=12ad0800-05cb-443c-9fdd-fa1debf04523, raftlog=12ad0800-05cb-443c-9fdd-fa1debf04523@group-BCB82A5C07F5-SegmentedRaftLog:OPENED:c-1,f-1,i0, conf=-1: [12ad0800-05cb-443c-9fdd-fa1debf04523:192.168.34.25:41155, 5170c5f3-8499-4b42-9321-85fc8a351f79:192.168.34.25:43074, 0b10a9fc-47eb-4a2b-b664-8273d9d17379:192.168.34.25:45248], old=null
2019-10-18 07:24:29,016 [12ad0800-05cb-443c-9fdd-fa1debf04523@group-BCB82A5C07F5-LeaderElection1361] INFO  impl.LeaderElection (LogUtils.java:infoOrTrace(149)) -   Exception 0: {}
java.util.concurrent.ExecutionException: org.apache.ratis.thirdparty.io.grpc.StatusRuntimeException: UNAVAILABLE: io exception
	at java.util.concurrent.FutureTask.report(FutureTask.java:122)
	at java.util.concurrent.FutureTask.get(FutureTask.java:192)
	at org.apache.ratis.server.impl.LeaderElection.waitForResults(LeaderElection.java:259)
	at org.apache.ratis.server.impl.LeaderElection.askForVotes(LeaderElection.java:197)
	at org.apache.ratis.server.impl.LeaderElection.run(LeaderElection.java:133)
	at java.lang.Thread.run(Thread.java:748)
Caused by: org.apache.ratis.thirdparty.io.grpc.StatusRuntimeException: UNAVAILABLE: io exception
	at org.apache.ratis.thirdparty.io.grpc.stub.ClientCalls.toStatusRuntimeException(ClientCalls.java:233)
	at org.apache.ratis.thirdparty.io.grpc.stub.ClientCalls.getUnchecked(ClientCalls.java:214)
	at org.apache.ratis.thirdparty.io.grpc.stub.ClientCalls.blockingUnaryCall(ClientCalls.java:139)
	at org.apache.ratis.proto.grpc.RaftServerProtocolServiceGrpc$RaftServerProtocolServiceBlockingStub.requestVote(RaftServerProtocolServiceGrpc.java:265)
	at org.apache.ratis.grpc.server.GrpcServerProtocolClient.requestVote(GrpcServerProtocolClient.java:99)
	at org.apache.ratis.grpc.server.GrpcService.requestVote(GrpcService.java:204)
	at org.apache.ratis.server.impl.LeaderElection.lambda$submitRequests$1(LeaderElection.java:234)
	at java.util.concurrent.FutureTask.run(FutureTask.java:266)
	at java.util.concurrent.Executors$RunnableAdapter.call(Executors.java:511)
	at java.util.concurrent.FutureTask.run(FutureTask.java:266)
	at java.util.concurrent.ThreadPoolExecutor.runWorker(ThreadPoolExecutor.java:1149)
	at java.util.concurrent.ThreadPoolExecutor$Worker.run(ThreadPoolExecutor.java:624)
	... 1 more
Caused by: org.apache.ratis.thirdparty.io.netty.channel.AbstractChannel$AnnotatedConnectException: Connection refused: /192.168.34.25:43074
	at sun.nio.ch.SocketChannelImpl.checkConnect(Native Method)
	at sun.nio.ch.SocketChannelImpl.finishConnect(SocketChannelImpl.java:717)
	at org.apache.ratis.thirdparty.io.netty.channel.socket.nio.NioSocketChannel.doFinishConnect(NioSocketChannel.java:327)
	at org.apache.ratis.thirdparty.io.netty.channel.nio.AbstractNioChannel$AbstractNioUnsafe.finishConnect(AbstractNioChannel.java:340)
	at org.apache.ratis.thirdparty.io.netty.channel.nio.NioEventLoop.processSelectedKey(NioEventLoop.java:632)
	at org.apache.ratis.thirdparty.io.netty.channel.nio.NioEventLoop.processSelectedKeysOptimized(NioEventLoop.java:579)
	at org.apache.ratis.thirdparty.io.netty.channel.nio.NioEventLoop.processSelectedKeys(NioEventLoop.java:496)
	at org.apache.ratis.thirdparty.io.netty.channel.nio.NioEventLoop.run(NioEventLoop.java:458)
	at org.apache.ratis.thirdparty.io.netty.util.concurrent.SingleThreadEventExecutor$5.run(SingleThreadEventExecutor.java:897)
	at org.apache.ratis.thirdparty.io.netty.util.concurrent.FastThreadLocalRunnable.run(FastThreadLocalRunnable.java:30)
	... 1 more
Caused by: java.net.ConnectException: Connection refused
	... 11 more
2019-10-18 07:24:29,017 [12ad0800-05cb-443c-9fdd-fa1debf04523@group-BCB82A5C07F5-LeaderElection1361] INFO  impl.LeaderElection (LogUtils.java:infoOrTrace(149)) -   Exception 1: {}
java.util.concurrent.ExecutionException: org.apache.ratis.thirdparty.io.grpc.StatusRuntimeException: UNAVAILABLE: io exception
	at java.util.concurrent.FutureTask.report(FutureTask.java:122)
	at java.util.concurrent.FutureTask.get(FutureTask.java:192)
	at org.apache.ratis.server.impl.LeaderElection.waitForResults(LeaderElection.java:259)
	at org.apache.ratis.server.impl.LeaderElection.askForVotes(LeaderElection.java:197)
	at org.apache.ratis.server.impl.LeaderElection.run(LeaderElection.java:133)
	at java.lang.Thread.run(Thread.java:748)
Caused by: org.apache.ratis.thirdparty.io.grpc.StatusRuntimeException: UNAVAILABLE: io exception
	at org.apache.ratis.thirdparty.io.grpc.stub.ClientCalls.toStatusRuntimeException(ClientCalls.java:233)
	at org.apache.ratis.thirdparty.io.grpc.stub.ClientCalls.getUnchecked(ClientCalls.java:214)
	at org.apache.ratis.thirdparty.io.grpc.stub.ClientCalls.blockingUnaryCall(ClientCalls.java:139)
	at org.apache.ratis.proto.grpc.RaftServerProtocolServiceGrpc$RaftServerProtocolServiceBlockingStub.requestVote(RaftServerProtocolServiceGrpc.java:265)
	at org.apache.ratis.grpc.server.GrpcServerProtocolClient.requestVote(GrpcServerProtocolClient.java:99)
	at org.apache.ratis.grpc.server.GrpcService.requestVote(GrpcService.java:204)
	at org.apache.ratis.server.impl.LeaderElection.lambda$submitRequests$1(LeaderElection.java:234)
	at java.util.concurrent.FutureTask.run(FutureTask.java:266)
	at java.util.concurrent.Executors$RunnableAdapter.call(Executors.java:511)
	at java.util.concurrent.FutureTask.run(FutureTask.java:266)
	at java.util.concurrent.ThreadPoolExecutor.runWorker(ThreadPoolExecutor.java:1149)
	at java.util.concurrent.ThreadPoolExecutor$Worker.run(ThreadPoolExecutor.java:624)
	... 1 more
Caused by: org.apache.ratis.thirdparty.io.netty.channel.AbstractChannel$AnnotatedConnectException: Connection refused: /192.168.34.25:45248
	at sun.nio.ch.SocketChannelImpl.checkConnect(Native Method)
	at sun.nio.ch.SocketChannelImpl.finishConnect(SocketChannelImpl.java:717)
	at org.apache.ratis.thirdparty.io.netty.channel.socket.nio.NioSocketChannel.doFinishConnect(NioSocketChannel.java:327)
	at org.apache.ratis.thirdparty.io.netty.channel.nio.AbstractNioChannel$AbstractNioUnsafe.finishConnect(AbstractNioChannel.java:340)
	at org.apache.ratis.thirdparty.io.netty.channel.nio.NioEventLoop.processSelectedKey(NioEventLoop.java:632)
	at org.apache.ratis.thirdparty.io.netty.channel.nio.NioEventLoop.processSelectedKeysOptimized(NioEventLoop.java:579)
	at org.apache.ratis.thirdparty.io.netty.channel.nio.NioEventLoop.processSelectedKeys(NioEventLoop.java:496)
	at org.apache.ratis.thirdparty.io.netty.channel.nio.NioEventLoop.run(NioEventLoop.java:458)
	at org.apache.ratis.thirdparty.io.netty.util.concurrent.SingleThreadEventExecutor$5.run(SingleThreadEventExecutor.java:897)
	at org.apache.ratis.thirdparty.io.netty.util.concurrent.FastThreadLocalRunnable.run(FastThreadLocalRunnable.java:30)
	... 1 more
Caused by: java.net.ConnectException: Connection refused
	... 11 more
2019-10-18 07:24:29,017 [12ad0800-05cb-443c-9fdd-fa1debf04523@group-BCB82A5C07F5-LeaderElection1361] INFO  impl.RaftServerImpl (RaftServerImpl.java:setRole(184)) - 12ad0800-05cb-443c-9fdd-fa1debf04523@group-BCB82A5C07F5: changes role from CANDIDATE to FOLLOWER at term 305 for DISCOVERED_A_NEW_TERM
2019-10-18 07:24:29,017 [12ad0800-05cb-443c-9fdd-fa1debf04523@group-BCB82A5C07F5-LeaderElection1361] INFO  impl.RoleInfo (RoleInfo.java:shutdownLeaderElection(134)) - 12ad0800-05cb-443c-9fdd-fa1debf04523: shutdown LeaderElection
2019-10-18 07:24:29,017 [12ad0800-05cb-443c-9fdd-fa1debf04523@group-BCB82A5C07F5-LeaderElection1361] INFO  impl.RoleInfo (RoleInfo.java:updateAndGet(143)) - 12ad0800-05cb-443c-9fdd-fa1debf04523: start FollowerState
2019-10-18 07:24:29,019 [Thread-11342] INFO  impl.FollowerState (FollowerState.java:run(108)) - 12ad0800-05cb-443c-9fdd-fa1debf04523@group-BCB82A5C07F5-FollowerState: change to CANDIDATE, lastRpcTime:1ms, electionTimeout:1ms
2019-10-18 07:24:29,019 [Thread-11342] INFO  impl.RoleInfo (RoleInfo.java:shutdownFollowerState(121)) - 12ad0800-05cb-443c-9fdd-fa1debf04523: shutdown FollowerState
2019-10-18 07:24:29,019 [Thread-11342] INFO  impl.RaftServerImpl (RaftServerImpl.java:setRole(184)) - 12ad0800-05cb-443c-9fdd-fa1debf04523@group-BCB82A5C07F5: changes role from  FOLLOWER to CANDIDATE at term 305 for changeToCandidate
2019-10-18 07:24:29,019 [Thread-11342] INFO  impl.RoleInfo (RoleInfo.java:updateAndGet(143)) - 12ad0800-05cb-443c-9fdd-fa1debf04523: start LeaderElection
2019-10-18 07:24:29,048 [12ad0800-05cb-443c-9fdd-fa1debf04523@group-BCB82A5C07F5-LeaderElection1362] INFO  impl.LeaderElection (LeaderElection.java:askForVotes(178)) - 12ad0800-05cb-443c-9fdd-fa1debf04523@group-BCB82A5C07F5-LeaderElection1362: begin an election at term 306 for -1: [12ad0800-05cb-443c-9fdd-fa1debf04523:192.168.34.25:41155, 5170c5f3-8499-4b42-9321-85fc8a351f79:192.168.34.25:43074, 0b10a9fc-47eb-4a2b-b664-8273d9d17379:192.168.34.25:45248], old=null
2019-10-18 07:24:29,049 [12ad0800-05cb-443c-9fdd-fa1debf04523@group-BCB82A5C07F5-LeaderElection1362] INFO  impl.LeaderElection (LogUtils.java:infoOrTrace(149)) - 12ad0800-05cb-443c-9fdd-fa1debf04523@group-BCB82A5C07F5-LeaderElection1362 got exception when requesting votes: {}
java.util.concurrent.ExecutionException: org.apache.ratis.thirdparty.io.grpc.StatusRuntimeException: UNAVAILABLE: io exception
	at java.util.concurrent.FutureTask.report(FutureTask.java:122)
	at java.util.concurrent.FutureTask.get(FutureTask.java:192)
	at org.apache.ratis.server.impl.LeaderElection.waitForResults(LeaderElection.java:259)
	at org.apache.ratis.server.impl.LeaderElection.askForVotes(LeaderElection.java:197)
	at org.apache.ratis.server.impl.LeaderElection.run(LeaderElection.java:133)
	at java.lang.Thread.run(Thread.java:748)
Caused by: org.apache.ratis.thirdparty.io.grpc.StatusRuntimeException: UNAVAILABLE: io exception
	at org.apache.ratis.thirdparty.io.grpc.stub.ClientCalls.toStatusRuntimeException(ClientCalls.java:233)
	at org.apache.ratis.thirdparty.io.grpc.stub.ClientCalls.getUnchecked(ClientCalls.java:214)
	at org.apache.ratis.thirdparty.io.grpc.stub.ClientCalls.blockingUnaryCall(ClientCalls.java:139)
	at org.apache.ratis.proto.grpc.RaftServerProtocolServiceGrpc$RaftServerProtocolServiceBlockingStub.requestVote(RaftServerProtocolServiceGrpc.java:265)
	at org.apache.ratis.grpc.server.GrpcServerProtocolClient.requestVote(GrpcServerProtocolClient.java:99)
	at org.apache.ratis.grpc.server.GrpcService.requestVote(GrpcService.java:204)
	at org.apache.ratis.server.impl.LeaderElection.lambda$submitRequests$1(LeaderElection.java:234)
	at java.util.concurrent.FutureTask.run(FutureTask.java:266)
	at java.util.concurrent.Executors$RunnableAdapter.call(Executors.java:511)
	at java.util.concurrent.FutureTask.run(FutureTask.java:266)
	at java.util.concurrent.ThreadPoolExecutor.runWorker(ThreadPoolExecutor.java:1149)
	at java.util.concurrent.ThreadPoolExecutor$Worker.run(ThreadPoolExecutor.java:624)
	... 1 more
Caused by: org.apache.ratis.thirdparty.io.netty.channel.AbstractChannel$AnnotatedConnectException: Connection refused: /192.168.34.25:43074
	at sun.nio.ch.SocketChannelImpl.checkConnect(Native Method)
	at sun.nio.ch.SocketChannelImpl.finishConnect(SocketChannelImpl.java:717)
	at org.apache.ratis.thirdparty.io.netty.channel.socket.nio.NioSocketChannel.doFinishConnect(NioSocketChannel.java:327)
	at org.apache.ratis.thirdparty.io.netty.channel.nio.AbstractNioChannel$AbstractNioUnsafe.finishConnect(AbstractNioChannel.java:340)
	at org.apache.ratis.thirdparty.io.netty.channel.nio.NioEventLoop.processSelectedKey(NioEventLoop.java:632)
	at org.apache.ratis.thirdparty.io.netty.channel.nio.NioEventLoop.processSelectedKeysOptimized(NioEventLoop.java:579)
	at org.apache.ratis.thirdparty.io.netty.channel.nio.NioEventLoop.processSelectedKeys(NioEventLoop.java:496)
	at org.apache.ratis.thirdparty.io.netty.channel.nio.NioEventLoop.run(NioEventLoop.java:458)
	at org.apache.ratis.thirdparty.io.netty.util.concurrent.SingleThreadEventExecutor$5.run(SingleThreadEventExecutor.java:897)
	at org.apache.ratis.thirdparty.io.netty.util.concurrent.FastThreadLocalRunnable.run(FastThreadLocalRunnable.java:30)
	... 1 more
Caused by: java.net.ConnectException: Connection refused
	... 11 more
2019-10-18 07:24:29,049 [12ad0800-05cb-443c-9fdd-fa1debf04523@group-BCB82A5C07F5-LeaderElection1362] INFO  impl.LeaderElection (LogUtils.java:infoOrTrace(149)) - 12ad0800-05cb-443c-9fdd-fa1debf04523@group-BCB82A5C07F5-LeaderElection1362 got exception when requesting votes: {}
java.util.concurrent.ExecutionException: org.apache.ratis.thirdparty.io.grpc.StatusRuntimeException: UNAVAILABLE: io exception
	at java.util.concurrent.FutureTask.report(FutureTask.java:122)
	at java.util.concurrent.FutureTask.get(FutureTask.java:192)
	at org.apache.ratis.server.impl.LeaderElection.waitForResults(LeaderElection.java:259)
	at org.apache.ratis.server.impl.LeaderElection.askForVotes(LeaderElection.java:197)
	at org.apache.ratis.server.impl.LeaderElection.run(LeaderElection.java:133)
	at java.lang.Thread.run(Thread.java:748)
Caused by: org.apache.ratis.thirdparty.io.grpc.StatusRuntimeException: UNAVAILABLE: io exception
	at org.apache.ratis.thirdparty.io.grpc.stub.ClientCalls.toStatusRuntimeException(ClientCalls.java:233)
	at org.apache.ratis.thirdparty.io.grpc.stub.ClientCalls.getUnchecked(ClientCalls.java:214)
	at org.apache.ratis.thirdparty.io.grpc.stub.ClientCalls.blockingUnaryCall(ClientCalls.java:139)
	at org.apache.ratis.proto.grpc.RaftServerProtocolServiceGrpc$RaftServerProtocolServiceBlockingStub.requestVote(RaftServerProtocolServiceGrpc.java:265)
	at org.apache.ratis.grpc.server.GrpcServerProtocolClient.requestVote(GrpcServerProtocolClient.java:99)
	at org.apache.ratis.grpc.server.GrpcService.requestVote(GrpcService.java:204)
	at org.apache.ratis.server.impl.LeaderElection.lambda$submitRequests$1(LeaderElection.java:234)
	at java.util.concurrent.FutureTask.run(FutureTask.java:266)
	at java.util.concurrent.Executors$RunnableAdapter.call(Executors.java:511)
	at java.util.concurrent.FutureTask.run(FutureTask.java:266)
	at java.util.concurrent.ThreadPoolExecutor.runWorker(ThreadPoolExecutor.java:1149)
	at java.util.concurrent.ThreadPoolExecutor$Worker.run(ThreadPoolExecutor.java:624)
	... 1 more
Caused by: org.apache.ratis.thirdparty.io.netty.channel.AbstractChannel$AnnotatedConnectException: Connection refused: /192.168.34.25:45248
	at sun.nio.ch.SocketChannelImpl.checkConnect(Native Method)
	at sun.nio.ch.SocketChannelImpl.finishConnect(SocketChannelImpl.java:717)
	at org.apache.ratis.thirdparty.io.netty.channel.socket.nio.NioSocketChannel.doFinishConnect(NioSocketChannel.java:327)
	at org.apache.ratis.thirdparty.io.netty.channel.nio.AbstractNioChannel$AbstractNioUnsafe.finishConnect(AbstractNioChannel.java:340)
	at org.apache.ratis.thirdparty.io.netty.channel.nio.NioEventLoop.processSelectedKey(NioEventLoop.java:632)
	at org.apache.ratis.thirdparty.io.netty.channel.nio.NioEventLoop.processSelectedKeysOptimized(NioEventLoop.java:579)
	at org.apache.ratis.thirdparty.io.netty.channel.nio.NioEventLoop.processSelectedKeys(NioEventLoop.java:496)
	at org.apache.ratis.thirdparty.io.netty.channel.nio.NioEventLoop.run(NioEventLoop.java:458)
	at org.apache.ratis.thirdparty.io.netty.util.concurrent.SingleThreadEventExecutor$5.run(SingleThreadEventExecutor.java:897)
	at org.apache.ratis.thirdparty.io.netty.util.concurrent.FastThreadLocalRunnable.run(FastThreadLocalRunnable.java:30)
	... 1 more
Caused by: java.net.ConnectException: Connection refused
	... 11 more
2019-10-18 07:24:29,049 [12ad0800-05cb-443c-9fdd-fa1debf04523@group-BCB82A5C07F5-LeaderElection1362] INFO  impl.LeaderElection (LeaderElection.java:logAndReturn(56)) - 12ad0800-05cb-443c-9fdd-fa1debf04523@group-BCB82A5C07F5-LeaderElection1362: Election REJECTED; received 0 response(s) [] and 2 exception(s); 12ad0800-05cb-443c-9fdd-fa1debf04523@group-BCB82A5C07F5:t306, leader=null, voted=12ad0800-05cb-443c-9fdd-fa1debf04523, raftlog=12ad0800-05cb-443c-9fdd-fa1debf04523@group-BCB82A5C07F5-SegmentedRaftLog:OPENED:c-1,f-1,i0, conf=-1: [12ad0800-05cb-443c-9fdd-fa1debf04523:192.168.34.25:41155, 5170c5f3-8499-4b42-9321-85fc8a351f79:192.168.34.25:43074, 0b10a9fc-47eb-4a2b-b664-8273d9d17379:192.168.34.25:45248], old=null
2019-10-18 07:24:29,049 [12ad0800-05cb-443c-9fdd-fa1debf04523@group-BCB82A5C07F5-LeaderElection1362] INFO  impl.LeaderElection (LogUtils.java:infoOrTrace(149)) -   Exception 0: {}
java.util.concurrent.ExecutionException: org.apache.ratis.thirdparty.io.grpc.StatusRuntimeException: UNAVAILABLE: io exception
	at java.util.concurrent.FutureTask.report(FutureTask.java:122)
	at java.util.concurrent.FutureTask.get(FutureTask.java:192)
	at org.apache.ratis.server.impl.LeaderElection.waitForResults(LeaderElection.java:259)
	at org.apache.ratis.server.impl.LeaderElection.askForVotes(LeaderElection.java:197)
	at org.apache.ratis.server.impl.LeaderElection.run(LeaderElection.java:133)
	at java.lang.Thread.run(Thread.java:748)
Caused by: org.apache.ratis.thirdparty.io.grpc.StatusRuntimeException: UNAVAILABLE: io exception
	at org.apache.ratis.thirdparty.io.grpc.stub.ClientCalls.toStatusRuntimeException(ClientCalls.java:233)
	at org.apache.ratis.thirdparty.io.grpc.stub.ClientCalls.getUnchecked(ClientCalls.java:214)
	at org.apache.ratis.thirdparty.io.grpc.stub.ClientCalls.blockingUnaryCall(ClientCalls.java:139)
	at org.apache.ratis.proto.grpc.RaftServerProtocolServiceGrpc$RaftServerProtocolServiceBlockingStub.requestVote(RaftServerProtocolServiceGrpc.java:265)
	at org.apache.ratis.grpc.server.GrpcServerProtocolClient.requestVote(GrpcServerProtocolClient.java:99)
	at org.apache.ratis.grpc.server.GrpcService.requestVote(GrpcService.java:204)
	at org.apache.ratis.server.impl.LeaderElection.lambda$submitRequests$1(LeaderElection.java:234)
	at java.util.concurrent.FutureTask.run(FutureTask.java:266)
	at java.util.concurrent.Executors$RunnableAdapter.call(Executors.java:511)
	at java.util.concurrent.FutureTask.run(FutureTask.java:266)
	at java.util.concurrent.ThreadPoolExecutor.runWorker(ThreadPoolExecutor.java:1149)
	at java.util.concurrent.ThreadPoolExecutor$Worker.run(ThreadPoolExecutor.java:624)
	... 1 more
Caused by: org.apache.ratis.thirdparty.io.netty.channel.AbstractChannel$AnnotatedConnectException: Connection refused: /192.168.34.25:43074
	at sun.nio.ch.SocketChannelImpl.checkConnect(Native Method)
	at sun.nio.ch.SocketChannelImpl.finishConnect(SocketChannelImpl.java:717)
	at org.apache.ratis.thirdparty.io.netty.channel.socket.nio.NioSocketChannel.doFinishConnect(NioSocketChannel.java:327)
	at org.apache.ratis.thirdparty.io.netty.channel.nio.AbstractNioChannel$AbstractNioUnsafe.finishConnect(AbstractNioChannel.java:340)
	at org.apache.ratis.thirdparty.io.netty.channel.nio.NioEventLoop.processSelectedKey(NioEventLoop.java:632)
	at org.apache.ratis.thirdparty.io.netty.channel.nio.NioEventLoop.processSelectedKeysOptimized(NioEventLoop.java:579)
	at org.apache.ratis.thirdparty.io.netty.channel.nio.NioEventLoop.processSelectedKeys(NioEventLoop.java:496)
	at org.apache.ratis.thirdparty.io.netty.channel.nio.NioEventLoop.run(NioEventLoop.java:458)
	at org.apache.ratis.thirdparty.io.netty.util.concurrent.SingleThreadEventExecutor$5.run(SingleThreadEventExecutor.java:897)
	at org.apache.ratis.thirdparty.io.netty.util.concurrent.FastThreadLocalRunnable.run(FastThreadLocalRunnable.java:30)
	... 1 more
Caused by: java.net.ConnectException: Connection refused
	... 11 more
2019-10-18 07:24:29,050 [12ad0800-05cb-443c-9fdd-fa1debf04523@group-BCB82A5C07F5-LeaderElection1362] INFO  impl.LeaderElection (LogUtils.java:infoOrTrace(149)) -   Exception 1: {}
java.util.concurrent.ExecutionException: org.apache.ratis.thirdparty.io.grpc.StatusRuntimeException: UNAVAILABLE: io exception
	at java.util.concurrent.FutureTask.report(FutureTask.java:122)
	at java.util.concurrent.FutureTask.get(FutureTask.java:192)
	at org.apache.ratis.server.impl.LeaderElection.waitForResults(LeaderElection.java:259)
	at org.apache.ratis.server.impl.LeaderElection.askForVotes(LeaderElection.java:197)
	at org.apache.ratis.server.impl.LeaderElection.run(LeaderElection.java:133)
	at java.lang.Thread.run(Thread.java:748)
Caused by: org.apache.ratis.thirdparty.io.grpc.StatusRuntimeException: UNAVAILABLE: io exception
	at org.apache.ratis.thirdparty.io.grpc.stub.ClientCalls.toStatusRuntimeException(ClientCalls.java:233)
	at org.apache.ratis.thirdparty.io.grpc.stub.ClientCalls.getUnchecked(ClientCalls.java:214)
	at org.apache.ratis.thirdparty.io.grpc.stub.ClientCalls.blockingUnaryCall(ClientCalls.java:139)
	at org.apache.ratis.proto.grpc.RaftServerProtocolServiceGrpc$RaftServerProtocolServiceBlockingStub.requestVote(RaftServerProtocolServiceGrpc.java:265)
	at org.apache.ratis.grpc.server.GrpcServerProtocolClient.requestVote(GrpcServerProtocolClient.java:99)
	at org.apache.ratis.grpc.server.GrpcService.requestVote(GrpcService.java:204)
	at org.apache.ratis.server.impl.LeaderElection.lambda$submitRequests$1(LeaderElection.java:234)
	at java.util.concurrent.FutureTask.run(FutureTask.java:266)
	at java.util.concurrent.Executors$RunnableAdapter.call(Executors.java:511)
	at java.util.concurrent.FutureTask.run(FutureTask.java:266)
	at java.util.concurrent.ThreadPoolExecutor.runWorker(ThreadPoolExecutor.java:1149)
	at java.util.concurrent.ThreadPoolExecutor$Worker.run(ThreadPoolExecutor.java:624)
	... 1 more
Caused by: org.apache.ratis.thirdparty.io.netty.channel.AbstractChannel$AnnotatedConnectException: Connection refused: /192.168.34.25:45248
	at sun.nio.ch.SocketChannelImpl.checkConnect(Native Method)
	at sun.nio.ch.SocketChannelImpl.finishConnect(SocketChannelImpl.java:717)
	at org.apache.ratis.thirdparty.io.netty.channel.socket.nio.NioSocketChannel.doFinishConnect(NioSocketChannel.java:327)
	at org.apache.ratis.thirdparty.io.netty.channel.nio.AbstractNioChannel$AbstractNioUnsafe.finishConnect(AbstractNioChannel.java:340)
	at org.apache.ratis.thirdparty.io.netty.channel.nio.NioEventLoop.processSelectedKey(NioEventLoop.java:632)
	at org.apache.ratis.thirdparty.io.netty.channel.nio.NioEventLoop.processSelectedKeysOptimized(NioEventLoop.java:579)
	at org.apache.ratis.thirdparty.io.netty.channel.nio.NioEventLoop.processSelectedKeys(NioEventLoop.java:496)
	at org.apache.ratis.thirdparty.io.netty.channel.nio.NioEventLoop.run(NioEventLoop.java:458)
	at org.apache.ratis.thirdparty.io.netty.util.concurrent.SingleThreadEventExecutor$5.run(SingleThreadEventExecutor.java:897)
	at org.apache.ratis.thirdparty.io.netty.util.concurrent.FastThreadLocalRunnable.run(FastThreadLocalRunnable.java:30)
	... 1 more
Caused by: java.net.ConnectException: Connection refused
	... 11 more
2019-10-18 07:24:29,050 [12ad0800-05cb-443c-9fdd-fa1debf04523@group-BCB82A5C07F5-LeaderElection1362] INFO  impl.RaftServerImpl (RaftServerImpl.java:setRole(184)) - 12ad0800-05cb-443c-9fdd-fa1debf04523@group-BCB82A5C07F5: changes role from CANDIDATE to FOLLOWER at term 306 for DISCOVERED_A_NEW_TERM
2019-10-18 07:24:29,050 [12ad0800-05cb-443c-9fdd-fa1debf04523@group-BCB82A5C07F5-LeaderElection1362] INFO  impl.RoleInfo (RoleInfo.java:shutdownLeaderElection(134)) - 12ad0800-05cb-443c-9fdd-fa1debf04523: shutdown LeaderElection
2019-10-18 07:24:29,050 [12ad0800-05cb-443c-9fdd-fa1debf04523@group-BCB82A5C07F5-LeaderElection1362] INFO  impl.RoleInfo (RoleInfo.java:updateAndGet(143)) - 12ad0800-05cb-443c-9fdd-fa1debf04523: start FollowerState
2019-10-18 07:24:29,191 [Thread-11346] INFO  impl.FollowerState (FollowerState.java:run(108)) - 12ad0800-05cb-443c-9fdd-fa1debf04523@group-BCB82A5C07F5-FollowerState: change to CANDIDATE, lastRpcTime:141ms, electionTimeout:141ms
2019-10-18 07:24:29,191 [Thread-11346] INFO  impl.RoleInfo (RoleInfo.java:shutdownFollowerState(121)) - 12ad0800-05cb-443c-9fdd-fa1debf04523: shutdown FollowerState
2019-10-18 07:24:29,192 [Thread-11346] INFO  impl.RaftServerImpl (RaftServerImpl.java:setRole(184)) - 12ad0800-05cb-443c-9fdd-fa1debf04523@group-BCB82A5C07F5: changes role from  FOLLOWER to CANDIDATE at term 306 for changeToCandidate
2019-10-18 07:24:29,192 [Thread-11346] INFO  impl.RoleInfo (RoleInfo.java:updateAndGet(143)) - 12ad0800-05cb-443c-9fdd-fa1debf04523: start LeaderElection
2019-10-18 07:24:29,232 [12ad0800-05cb-443c-9fdd-fa1debf04523@group-BCB82A5C07F5-LeaderElection1363] INFO  impl.LeaderElection (LeaderElection.java:askForVotes(178)) - 12ad0800-05cb-443c-9fdd-fa1debf04523@group-BCB82A5C07F5-LeaderElection1363: begin an election at term 307 for -1: [12ad0800-05cb-443c-9fdd-fa1debf04523:192.168.34.25:41155, 5170c5f3-8499-4b42-9321-85fc8a351f79:192.168.34.25:43074, 0b10a9fc-47eb-4a2b-b664-8273d9d17379:192.168.34.25:45248], old=null
2019-10-18 07:24:29,233 [12ad0800-05cb-443c-9fdd-fa1debf04523@group-BCB82A5C07F5-LeaderElection1363] INFO  impl.LeaderElection (LogUtils.java:infoOrTrace(149)) - 12ad0800-05cb-443c-9fdd-fa1debf04523@group-BCB82A5C07F5-LeaderElection1363 got exception when requesting votes: {}
java.util.concurrent.ExecutionException: org.apache.ratis.thirdparty.io.grpc.StatusRuntimeException: UNAVAILABLE: io exception
	at java.util.concurrent.FutureTask.report(FutureTask.java:122)
	at java.util.concurrent.FutureTask.get(FutureTask.java:192)
	at org.apache.ratis.server.impl.LeaderElection.waitForResults(LeaderElection.java:259)
	at org.apache.ratis.server.impl.LeaderElection.askForVotes(LeaderElection.java:197)
	at org.apache.ratis.server.impl.LeaderElection.run(LeaderElection.java:133)
	at java.lang.Thread.run(Thread.java:748)
Caused by: org.apache.ratis.thirdparty.io.grpc.StatusRuntimeException: UNAVAILABLE: io exception
	at org.apache.ratis.thirdparty.io.grpc.stub.ClientCalls.toStatusRuntimeException(ClientCalls.java:233)
	at org.apache.ratis.thirdparty.io.grpc.stub.ClientCalls.getUnchecked(ClientCalls.java:214)
	at org.apache.ratis.thirdparty.io.grpc.stub.ClientCalls.blockingUnaryCall(ClientCalls.java:139)
	at org.apache.ratis.proto.grpc.RaftServerProtocolServiceGrpc$RaftServerProtocolServiceBlockingStub.requestVote(RaftServerProtocolServiceGrpc.java:265)
	at org.apache.ratis.grpc.server.GrpcServerProtocolClient.requestVote(GrpcServerProtocolClient.java:99)
	at org.apache.ratis.grpc.server.GrpcService.requestVote(GrpcService.java:204)
	at org.apache.ratis.server.impl.LeaderElection.lambda$submitRequests$1(LeaderElection.java:234)
	at java.util.concurrent.FutureTask.run(FutureTask.java:266)
	at java.util.concurrent.Executors$RunnableAdapter.call(Executors.java:511)
	at java.util.concurrent.FutureTask.run(FutureTask.java:266)
	at java.util.concurrent.ThreadPoolExecutor.runWorker(ThreadPoolExecutor.java:1149)
	at java.util.concurrent.ThreadPoolExecutor$Worker.run(ThreadPoolExecutor.java:624)
	... 1 more
Caused by: org.apache.ratis.thirdparty.io.netty.channel.AbstractChannel$AnnotatedConnectException: Connection refused: /192.168.34.25:43074
	at sun.nio.ch.SocketChannelImpl.checkConnect(Native Method)
	at sun.nio.ch.SocketChannelImpl.finishConnect(SocketChannelImpl.java:717)
	at org.apache.ratis.thirdparty.io.netty.channel.socket.nio.NioSocketChannel.doFinishConnect(NioSocketChannel.java:327)
	at org.apache.ratis.thirdparty.io.netty.channel.nio.AbstractNioChannel$AbstractNioUnsafe.finishConnect(AbstractNioChannel.java:340)
	at org.apache.ratis.thirdparty.io.netty.channel.nio.NioEventLoop.processSelectedKey(NioEventLoop.java:632)
	at org.apache.ratis.thirdparty.io.netty.channel.nio.NioEventLoop.processSelectedKeysOptimized(NioEventLoop.java:579)
	at org.apache.ratis.thirdparty.io.netty.channel.nio.NioEventLoop.processSelectedKeys(NioEventLoop.java:496)
	at org.apache.ratis.thirdparty.io.netty.channel.nio.NioEventLoop.run(NioEventLoop.java:458)
	at org.apache.ratis.thirdparty.io.netty.util.concurrent.SingleThreadEventExecutor$5.run(SingleThreadEventExecutor.java:897)
	at org.apache.ratis.thirdparty.io.netty.util.concurrent.FastThreadLocalRunnable.run(FastThreadLocalRunnable.java:30)
	... 1 more
Caused by: java.net.ConnectException: Connection refused
	... 11 more
2019-10-18 07:24:29,233 [12ad0800-05cb-443c-9fdd-fa1debf04523@group-BCB82A5C07F5-LeaderElection1363] INFO  impl.LeaderElection (LogUtils.java:infoOrTrace(149)) - 12ad0800-05cb-443c-9fdd-fa1debf04523@group-BCB82A5C07F5-LeaderElection1363 got exception when requesting votes: {}
java.util.concurrent.ExecutionException: org.apache.ratis.thirdparty.io.grpc.StatusRuntimeException: UNAVAILABLE: io exception
	at java.util.concurrent.FutureTask.report(FutureTask.java:122)
	at java.util.concurrent.FutureTask.get(FutureTask.java:192)
	at org.apache.ratis.server.impl.LeaderElection.waitForResults(LeaderElection.java:259)
	at org.apache.ratis.server.impl.LeaderElection.askForVotes(LeaderElection.java:197)
	at org.apache.ratis.server.impl.LeaderElection.run(LeaderElection.java:133)
	at java.lang.Thread.run(Thread.java:748)
Caused by: org.apache.ratis.thirdparty.io.grpc.StatusRuntimeException: UNAVAILABLE: io exception
	at org.apache.ratis.thirdparty.io.grpc.stub.ClientCalls.toStatusRuntimeException(ClientCalls.java:233)
	at org.apache.ratis.thirdparty.io.grpc.stub.ClientCalls.getUnchecked(ClientCalls.java:214)
	at org.apache.ratis.thirdparty.io.grpc.stub.ClientCalls.blockingUnaryCall(ClientCalls.java:139)
	at org.apache.ratis.proto.grpc.RaftServerProtocolServiceGrpc$RaftServerProtocolServiceBlockingStub.requestVote(RaftServerProtocolServiceGrpc.java:265)
	at org.apache.ratis.grpc.server.GrpcServerProtocolClient.requestVote(GrpcServerProtocolClient.java:99)
	at org.apache.ratis.grpc.server.GrpcService.requestVote(GrpcService.java:204)
	at org.apache.ratis.server.impl.LeaderElection.lambda$submitRequests$1(LeaderElection.java:234)
	at java.util.concurrent.FutureTask.run(FutureTask.java:266)
	at java.util.concurrent.Executors$RunnableAdapter.call(Executors.java:511)
	at java.util.concurrent.FutureTask.run(FutureTask.java:266)
	at java.util.concurrent.ThreadPoolExecutor.runWorker(ThreadPoolExecutor.java:1149)
	at java.util.concurrent.ThreadPoolExecutor$Worker.run(ThreadPoolExecutor.java:624)
	... 1 more
Caused by: org.apache.ratis.thirdparty.io.netty.channel.AbstractChannel$AnnotatedConnectException: Connection refused: /192.168.34.25:45248
	at sun.nio.ch.SocketChannelImpl.checkConnect(Native Method)
	at sun.nio.ch.SocketChannelImpl.finishConnect(SocketChannelImpl.java:717)
	at org.apache.ratis.thirdparty.io.netty.channel.socket.nio.NioSocketChannel.doFinishConnect(NioSocketChannel.java:327)
	at org.apache.ratis.thirdparty.io.netty.channel.nio.AbstractNioChannel$AbstractNioUnsafe.finishConnect(AbstractNioChannel.java:340)
	at org.apache.ratis.thirdparty.io.netty.channel.nio.NioEventLoop.processSelectedKey(NioEventLoop.java:632)
	at org.apache.ratis.thirdparty.io.netty.channel.nio.NioEventLoop.processSelectedKeysOptimized(NioEventLoop.java:579)
	at org.apache.ratis.thirdparty.io.netty.channel.nio.NioEventLoop.processSelectedKeys(NioEventLoop.java:496)
	at org.apache.ratis.thirdparty.io.netty.channel.nio.NioEventLoop.run(NioEventLoop.java:458)
	at org.apache.ratis.thirdparty.io.netty.util.concurrent.SingleThreadEventExecutor$5.run(SingleThreadEventExecutor.java:897)
	at org.apache.ratis.thirdparty.io.netty.util.concurrent.FastThreadLocalRunnable.run(FastThreadLocalRunnable.java:30)
	... 1 more
Caused by: java.net.ConnectException: Connection refused
	... 11 more
2019-10-18 07:24:29,234 [12ad0800-05cb-443c-9fdd-fa1debf04523@group-BCB82A5C07F5-LeaderElection1363] INFO  impl.LeaderElection (LeaderElection.java:logAndReturn(56)) - 12ad0800-05cb-443c-9fdd-fa1debf04523@group-BCB82A5C07F5-LeaderElection1363: Election REJECTED; received 0 response(s) [] and 2 exception(s); 12ad0800-05cb-443c-9fdd-fa1debf04523@group-BCB82A5C07F5:t307, leader=null, voted=12ad0800-05cb-443c-9fdd-fa1debf04523, raftlog=12ad0800-05cb-443c-9fdd-fa1debf04523@group-BCB82A5C07F5-SegmentedRaftLog:OPENED:c-1,f-1,i0, conf=-1: [12ad0800-05cb-443c-9fdd-fa1debf04523:192.168.34.25:41155, 5170c5f3-8499-4b42-9321-85fc8a351f79:192.168.34.25:43074, 0b10a9fc-47eb-4a2b-b664-8273d9d17379:192.168.34.25:45248], old=null
2019-10-18 07:24:29,234 [12ad0800-05cb-443c-9fdd-fa1debf04523@group-BCB82A5C07F5-LeaderElection1363] INFO  impl.LeaderElection (LogUtils.java:infoOrTrace(149)) -   Exception 0: {}
java.util.concurrent.ExecutionException: org.apache.ratis.thirdparty.io.grpc.StatusRuntimeException: UNAVAILABLE: io exception
	at java.util.concurrent.FutureTask.report(FutureTask.java:122)
	at java.util.concurrent.FutureTask.get(FutureTask.java:192)
	at org.apache.ratis.server.impl.LeaderElection.waitForResults(LeaderElection.java:259)
	at org.apache.ratis.server.impl.LeaderElection.askForVotes(LeaderElection.java:197)
	at org.apache.ratis.server.impl.LeaderElection.run(LeaderElection.java:133)
	at java.lang.Thread.run(Thread.java:748)
Caused by: org.apache.ratis.thirdparty.io.grpc.StatusRuntimeException: UNAVAILABLE: io exception
	at org.apache.ratis.thirdparty.io.grpc.stub.ClientCalls.toStatusRuntimeException(ClientCalls.java:233)
	at org.apache.ratis.thirdparty.io.grpc.stub.ClientCalls.getUnchecked(ClientCalls.java:214)
	at org.apache.ratis.thirdparty.io.grpc.stub.ClientCalls.blockingUnaryCall(ClientCalls.java:139)
	at org.apache.ratis.proto.grpc.RaftServerProtocolServiceGrpc$RaftServerProtocolServiceBlockingStub.requestVote(RaftServerProtocolServiceGrpc.java:265)
	at org.apache.ratis.grpc.server.GrpcServerProtocolClient.requestVote(GrpcServerProtocolClient.java:99)
	at org.apache.ratis.grpc.server.GrpcService.requestVote(GrpcService.java:204)
	at org.apache.ratis.server.impl.LeaderElection.lambda$submitRequests$1(LeaderElection.java:234)
	at java.util.concurrent.FutureTask.run(FutureTask.java:266)
	at java.util.concurrent.Executors$RunnableAdapter.call(Executors.java:511)
	at java.util.concurrent.FutureTask.run(FutureTask.java:266)
	at java.util.concurrent.ThreadPoolExecutor.runWorker(ThreadPoolExecutor.java:1149)
	at java.util.concurrent.ThreadPoolExecutor$Worker.run(ThreadPoolExecutor.java:624)
	... 1 more
Caused by: org.apache.ratis.thirdparty.io.netty.channel.AbstractChannel$AnnotatedConnectException: Connection refused: /192.168.34.25:43074
	at sun.nio.ch.SocketChannelImpl.checkConnect(Native Method)
	at sun.nio.ch.SocketChannelImpl.finishConnect(SocketChannelImpl.java:717)
	at org.apache.ratis.thirdparty.io.netty.channel.socket.nio.NioSocketChannel.doFinishConnect(NioSocketChannel.java:327)
	at org.apache.ratis.thirdparty.io.netty.channel.nio.AbstractNioChannel$AbstractNioUnsafe.finishConnect(AbstractNioChannel.java:340)
	at org.apache.ratis.thirdparty.io.netty.channel.nio.NioEventLoop.processSelectedKey(NioEventLoop.java:632)
	at org.apache.ratis.thirdparty.io.netty.channel.nio.NioEventLoop.processSelectedKeysOptimized(NioEventLoop.java:579)
	at org.apache.ratis.thirdparty.io.netty.channel.nio.NioEventLoop.processSelectedKeys(NioEventLoop.java:496)
	at org.apache.ratis.thirdparty.io.netty.channel.nio.NioEventLoop.run(NioEventLoop.java:458)
	at org.apache.ratis.thirdparty.io.netty.util.concurrent.SingleThreadEventExecutor$5.run(SingleThreadEventExecutor.java:897)
	at org.apache.ratis.thirdparty.io.netty.util.concurrent.FastThreadLocalRunnable.run(FastThreadLocalRunnable.java:30)
	... 1 more
Caused by: java.net.ConnectException: Connection refused
	... 11 more
2019-10-18 07:24:29,234 [12ad0800-05cb-443c-9fdd-fa1debf04523@group-BCB82A5C07F5-LeaderElection1363] INFO  impl.LeaderElection (LogUtils.java:infoOrTrace(149)) -   Exception 1: {}
java.util.concurrent.ExecutionException: org.apache.ratis.thirdparty.io.grpc.StatusRuntimeException: UNAVAILABLE: io exception
	at java.util.concurrent.FutureTask.report(FutureTask.java:122)
	at java.util.concurrent.FutureTask.get(FutureTask.java:192)
	at org.apache.ratis.server.impl.LeaderElection.waitForResults(LeaderElection.java:259)
	at org.apache.ratis.server.impl.LeaderElection.askForVotes(LeaderElection.java:197)
	at org.apache.ratis.server.impl.LeaderElection.run(LeaderElection.java:133)
	at java.lang.Thread.run(Thread.java:748)
Caused by: org.apache.ratis.thirdparty.io.grpc.StatusRuntimeException: UNAVAILABLE: io exception
	at org.apache.ratis.thirdparty.io.grpc.stub.ClientCalls.toStatusRuntimeException(ClientCalls.java:233)
	at org.apache.ratis.thirdparty.io.grpc.stub.ClientCalls.getUnchecked(ClientCalls.java:214)
	at org.apache.ratis.thirdparty.io.grpc.stub.ClientCalls.blockingUnaryCall(ClientCalls.java:139)
	at org.apache.ratis.proto.grpc.RaftServerProtocolServiceGrpc$RaftServerProtocolServiceBlockingStub.requestVote(RaftServerProtocolServiceGrpc.java:265)
	at org.apache.ratis.grpc.server.GrpcServerProtocolClient.requestVote(GrpcServerProtocolClient.java:99)
	at org.apache.ratis.grpc.server.GrpcService.requestVote(GrpcService.java:204)
	at org.apache.ratis.server.impl.LeaderElection.lambda$submitRequests$1(LeaderElection.java:234)
	at java.util.concurrent.FutureTask.run(FutureTask.java:266)
	at java.util.concurrent.Executors$RunnableAdapter.call(Executors.java:511)
	at java.util.concurrent.FutureTask.run(FutureTask.java:266)
	at java.util.concurrent.ThreadPoolExecutor.runWorker(ThreadPoolExecutor.java:1149)
	at java.util.concurrent.ThreadPoolExecutor$Worker.run(ThreadPoolExecutor.java:624)
	... 1 more
Caused by: org.apache.ratis.thirdparty.io.netty.channel.AbstractChannel$AnnotatedConnectException: Connection refused: /192.168.34.25:45248
	at sun.nio.ch.SocketChannelImpl.checkConnect(Native Method)
	at sun.nio.ch.SocketChannelImpl.finishConnect(SocketChannelImpl.java:717)
	at org.apache.ratis.thirdparty.io.netty.channel.socket.nio.NioSocketChannel.doFinishConnect(NioSocketChannel.java:327)
	at org.apache.ratis.thirdparty.io.netty.channel.nio.AbstractNioChannel$AbstractNioUnsafe.finishConnect(AbstractNioChannel.java:340)
	at org.apache.ratis.thirdparty.io.netty.channel.nio.NioEventLoop.processSelectedKey(NioEventLoop.java:632)
	at org.apache.ratis.thirdparty.io.netty.channel.nio.NioEventLoop.processSelectedKeysOptimized(NioEventLoop.java:579)
	at org.apache.ratis.thirdparty.io.netty.channel.nio.NioEventLoop.processSelectedKeys(NioEventLoop.java:496)
	at org.apache.ratis.thirdparty.io.netty.channel.nio.NioEventLoop.run(NioEventLoop.java:458)
	at org.apache.ratis.thirdparty.io.netty.util.concurrent.SingleThreadEventExecutor$5.run(SingleThreadEventExecutor.java:897)
	at org.apache.ratis.thirdparty.io.netty.util.concurrent.FastThreadLocalRunnable.run(FastThreadLocalRunnable.java:30)
	... 1 more
Caused by: java.net.ConnectException: Connection refused
	... 11 more
2019-10-18 07:24:29,234 [12ad0800-05cb-443c-9fdd-fa1debf04523@group-BCB82A5C07F5-LeaderElection1363] INFO  impl.RaftServerImpl (RaftServerImpl.java:setRole(184)) - 12ad0800-05cb-443c-9fdd-fa1debf04523@group-BCB82A5C07F5: changes role from CANDIDATE to FOLLOWER at term 307 for DISCOVERED_A_NEW_TERM
2019-10-18 07:24:29,234 [12ad0800-05cb-443c-9fdd-fa1debf04523@group-BCB82A5C07F5-LeaderElection1363] INFO  impl.RoleInfo (RoleInfo.java:shutdownLeaderElection(134)) - 12ad0800-05cb-443c-9fdd-fa1debf04523: shutdown LeaderElection
2019-10-18 07:24:29,234 [12ad0800-05cb-443c-9fdd-fa1debf04523@group-BCB82A5C07F5-LeaderElection1363] INFO  impl.RoleInfo (RoleInfo.java:updateAndGet(143)) - 12ad0800-05cb-443c-9fdd-fa1debf04523: start FollowerState
2019-10-18 07:24:29,418 [Thread-11350] INFO  impl.FollowerState (FollowerState.java:run(108)) - 12ad0800-05cb-443c-9fdd-fa1debf04523@group-BCB82A5C07F5-FollowerState: change to CANDIDATE, lastRpcTime:183ms, electionTimeout:183ms
2019-10-18 07:24:29,418 [Thread-11350] INFO  impl.RoleInfo (RoleInfo.java:shutdownFollowerState(121)) - 12ad0800-05cb-443c-9fdd-fa1debf04523: shutdown FollowerState
2019-10-18 07:24:29,418 [Thread-11350] INFO  impl.RaftServerImpl (RaftServerImpl.java:setRole(184)) - 12ad0800-05cb-443c-9fdd-fa1debf04523@group-BCB82A5C07F5: changes role from  FOLLOWER to CANDIDATE at term 307 for changeToCandidate
2019-10-18 07:24:29,418 [Thread-11350] INFO  impl.RoleInfo (RoleInfo.java:updateAndGet(143)) - 12ad0800-05cb-443c-9fdd-fa1debf04523: start LeaderElection
2019-10-18 07:24:29,435 [12ad0800-05cb-443c-9fdd-fa1debf04523@group-BCB82A5C07F5-LeaderElection1364] INFO  impl.LeaderElection (LeaderElection.java:askForVotes(178)) - 12ad0800-05cb-443c-9fdd-fa1debf04523@group-BCB82A5C07F5-LeaderElection1364: begin an election at term 308 for -1: [12ad0800-05cb-443c-9fdd-fa1debf04523:192.168.34.25:41155, 5170c5f3-8499-4b42-9321-85fc8a351f79:192.168.34.25:43074, 0b10a9fc-47eb-4a2b-b664-8273d9d17379:192.168.34.25:45248], old=null
2019-10-18 07:24:29,435 [12ad0800-05cb-443c-9fdd-fa1debf04523@group-BCB82A5C07F5-LeaderElection1364] INFO  impl.LeaderElection (LogUtils.java:infoOrTrace(149)) - 12ad0800-05cb-443c-9fdd-fa1debf04523@group-BCB82A5C07F5-LeaderElection1364 got exception when requesting votes: {}
java.util.concurrent.ExecutionException: org.apache.ratis.thirdparty.io.grpc.StatusRuntimeException: UNAVAILABLE: io exception
	at java.util.concurrent.FutureTask.report(FutureTask.java:122)
	at java.util.concurrent.FutureTask.get(FutureTask.java:192)
	at org.apache.ratis.server.impl.LeaderElection.waitForResults(LeaderElection.java:259)
	at org.apache.ratis.server.impl.LeaderElection.askForVotes(LeaderElection.java:197)
	at org.apache.ratis.server.impl.LeaderElection.run(LeaderElection.java:133)
	at java.lang.Thread.run(Thread.java:748)
Caused by: org.apache.ratis.thirdparty.io.grpc.StatusRuntimeException: UNAVAILABLE: io exception
	at org.apache.ratis.thirdparty.io.grpc.stub.ClientCalls.toStatusRuntimeException(ClientCalls.java:233)
	at org.apache.ratis.thirdparty.io.grpc.stub.ClientCalls.getUnchecked(ClientCalls.java:214)
	at org.apache.ratis.thirdparty.io.grpc.stub.ClientCalls.blockingUnaryCall(ClientCalls.java:139)
	at org.apache.ratis.proto.grpc.RaftServerProtocolServiceGrpc$RaftServerProtocolServiceBlockingStub.requestVote(RaftServerProtocolServiceGrpc.java:265)
	at org.apache.ratis.grpc.server.GrpcServerProtocolClient.requestVote(GrpcServerProtocolClient.java:99)
	at org.apache.ratis.grpc.server.GrpcService.requestVote(GrpcService.java:204)
	at org.apache.ratis.server.impl.LeaderElection.lambda$submitRequests$1(LeaderElection.java:234)
	at java.util.concurrent.FutureTask.run(FutureTask.java:266)
	at java.util.concurrent.Executors$RunnableAdapter.call(Executors.java:511)
	at java.util.concurrent.FutureTask.run(FutureTask.java:266)
	at java.util.concurrent.ThreadPoolExecutor.runWorker(ThreadPoolExecutor.java:1149)
	at java.util.concurrent.ThreadPoolExecutor$Worker.run(ThreadPoolExecutor.java:624)
	... 1 more
Caused by: org.apache.ratis.thirdparty.io.netty.channel.AbstractChannel$AnnotatedConnectException: Connection refused: /192.168.34.25:43074
	at sun.nio.ch.SocketChannelImpl.checkConnect(Native Method)
	at sun.nio.ch.SocketChannelImpl.finishConnect(SocketChannelImpl.java:717)
	at org.apache.ratis.thirdparty.io.netty.channel.socket.nio.NioSocketChannel.doFinishConnect(NioSocketChannel.java:327)
	at org.apache.ratis.thirdparty.io.netty.channel.nio.AbstractNioChannel$AbstractNioUnsafe.finishConnect(AbstractNioChannel.java:340)
	at org.apache.ratis.thirdparty.io.netty.channel.nio.NioEventLoop.processSelectedKey(NioEventLoop.java:632)
	at org.apache.ratis.thirdparty.io.netty.channel.nio.NioEventLoop.processSelectedKeysOptimized(NioEventLoop.java:579)
	at org.apache.ratis.thirdparty.io.netty.channel.nio.NioEventLoop.processSelectedKeys(NioEventLoop.java:496)
	at org.apache.ratis.thirdparty.io.netty.channel.nio.NioEventLoop.run(NioEventLoop.java:458)
	at org.apache.ratis.thirdparty.io.netty.util.concurrent.SingleThreadEventExecutor$5.run(SingleThreadEventExecutor.java:897)
	at org.apache.ratis.thirdparty.io.netty.util.concurrent.FastThreadLocalRunnable.run(FastThreadLocalRunnable.java:30)
	... 1 more
Caused by: java.net.ConnectException: Connection refused
	... 11 more
2019-10-18 07:24:29,435 [12ad0800-05cb-443c-9fdd-fa1debf04523@group-BCB82A5C07F5-LeaderElection1364] INFO  impl.LeaderElection (LogUtils.java:infoOrTrace(149)) - 12ad0800-05cb-443c-9fdd-fa1debf04523@group-BCB82A5C07F5-LeaderElection1364 got exception when requesting votes: {}
java.util.concurrent.ExecutionException: org.apache.ratis.thirdparty.io.grpc.StatusRuntimeException: UNAVAILABLE: io exception
	at java.util.concurrent.FutureTask.report(FutureTask.java:122)
	at java.util.concurrent.FutureTask.get(FutureTask.java:192)
	at org.apache.ratis.server.impl.LeaderElection.waitForResults(LeaderElection.java:259)
	at org.apache.ratis.server.impl.LeaderElection.askForVotes(LeaderElection.java:197)
	at org.apache.ratis.server.impl.LeaderElection.run(LeaderElection.java:133)
	at java.lang.Thread.run(Thread.java:748)
Caused by: org.apache.ratis.thirdparty.io.grpc.StatusRuntimeException: UNAVAILABLE: io exception
	at org.apache.ratis.thirdparty.io.grpc.stub.ClientCalls.toStatusRuntimeException(ClientCalls.java:233)
	at org.apache.ratis.thirdparty.io.grpc.stub.ClientCalls.getUnchecked(ClientCalls.java:214)
	at org.apache.ratis.thirdparty.io.grpc.stub.ClientCalls.blockingUnaryCall(ClientCalls.java:139)
	at org.apache.ratis.proto.grpc.RaftServerProtocolServiceGrpc$RaftServerProtocolServiceBlockingStub.requestVote(RaftServerProtocolServiceGrpc.java:265)
	at org.apache.ratis.grpc.server.GrpcServerProtocolClient.requestVote(GrpcServerProtocolClient.java:99)
	at org.apache.ratis.grpc.server.GrpcService.requestVote(GrpcService.java:204)
	at org.apache.ratis.server.impl.LeaderElection.lambda$submitRequests$1(LeaderElection.java:234)
	at java.util.concurrent.FutureTask.run(FutureTask.java:266)
	at java.util.concurrent.Executors$RunnableAdapter.call(Executors.java:511)
	at java.util.concurrent.FutureTask.run(FutureTask.java:266)
	at java.util.concurrent.ThreadPoolExecutor.runWorker(ThreadPoolExecutor.java:1149)
	at java.util.concurrent.ThreadPoolExecutor$Worker.run(ThreadPoolExecutor.java:624)
	... 1 more
Caused by: org.apache.ratis.thirdparty.io.netty.channel.AbstractChannel$AnnotatedConnectException: Connection refused: /192.168.34.25:45248
	at sun.nio.ch.SocketChannelImpl.checkConnect(Native Method)
	at sun.nio.ch.SocketChannelImpl.finishConnect(SocketChannelImpl.java:717)
	at org.apache.ratis.thirdparty.io.netty.channel.socket.nio.NioSocketChannel.doFinishConnect(NioSocketChannel.java:327)
	at org.apache.ratis.thirdparty.io.netty.channel.nio.AbstractNioChannel$AbstractNioUnsafe.finishConnect(AbstractNioChannel.java:340)
	at org.apache.ratis.thirdparty.io.netty.channel.nio.NioEventLoop.processSelectedKey(NioEventLoop.java:632)
	at org.apache.ratis.thirdparty.io.netty.channel.nio.NioEventLoop.processSelectedKeysOptimized(NioEventLoop.java:579)
	at org.apache.ratis.thirdparty.io.netty.channel.nio.NioEventLoop.processSelectedKeys(NioEventLoop.java:496)
	at org.apache.ratis.thirdparty.io.netty.channel.nio.NioEventLoop.run(NioEventLoop.java:458)
	at org.apache.ratis.thirdparty.io.netty.util.concurrent.SingleThreadEventExecutor$5.run(SingleThreadEventExecutor.java:897)
	at org.apache.ratis.thirdparty.io.netty.util.concurrent.FastThreadLocalRunnable.run(FastThreadLocalRunnable.java:30)
	... 1 more
Caused by: java.net.ConnectException: Connection refused
	... 11 more
2019-10-18 07:24:29,436 [12ad0800-05cb-443c-9fdd-fa1debf04523@group-BCB82A5C07F5-LeaderElection1364] INFO  impl.LeaderElection (LeaderElection.java:logAndReturn(56)) - 12ad0800-05cb-443c-9fdd-fa1debf04523@group-BCB82A5C07F5-LeaderElection1364: Election REJECTED; received 0 response(s) [] and 2 exception(s); 12ad0800-05cb-443c-9fdd-fa1debf04523@group-BCB82A5C07F5:t308, leader=null, voted=12ad0800-05cb-443c-9fdd-fa1debf04523, raftlog=12ad0800-05cb-443c-9fdd-fa1debf04523@group-BCB82A5C07F5-SegmentedRaftLog:OPENED:c-1,f-1,i0, conf=-1: [12ad0800-05cb-443c-9fdd-fa1debf04523:192.168.34.25:41155, 5170c5f3-8499-4b42-9321-85fc8a351f79:192.168.34.25:43074, 0b10a9fc-47eb-4a2b-b664-8273d9d17379:192.168.34.25:45248], old=null
2019-10-18 07:24:29,436 [12ad0800-05cb-443c-9fdd-fa1debf04523@group-BCB82A5C07F5-LeaderElection1364] INFO  impl.LeaderElection (LogUtils.java:infoOrTrace(149)) -   Exception 0: {}
java.util.concurrent.ExecutionException: org.apache.ratis.thirdparty.io.grpc.StatusRuntimeException: UNAVAILABLE: io exception
	at java.util.concurrent.FutureTask.report(FutureTask.java:122)
	at java.util.concurrent.FutureTask.get(FutureTask.java:192)
	at org.apache.ratis.server.impl.LeaderElection.waitForResults(LeaderElection.java:259)
	at org.apache.ratis.server.impl.LeaderElection.askForVotes(LeaderElection.java:197)
	at org.apache.ratis.server.impl.LeaderElection.run(LeaderElection.java:133)
	at java.lang.Thread.run(Thread.java:748)
Caused by: org.apache.ratis.thirdparty.io.grpc.StatusRuntimeException: UNAVAILABLE: io exception
	at org.apache.ratis.thirdparty.io.grpc.stub.ClientCalls.toStatusRuntimeException(ClientCalls.java:233)
	at org.apache.ratis.thirdparty.io.grpc.stub.ClientCalls.getUnchecked(ClientCalls.java:214)
	at org.apache.ratis.thirdparty.io.grpc.stub.ClientCalls.blockingUnaryCall(ClientCalls.java:139)
	at org.apache.ratis.proto.grpc.RaftServerProtocolServiceGrpc$RaftServerProtocolServiceBlockingStub.requestVote(RaftServerProtocolServiceGrpc.java:265)
	at org.apache.ratis.grpc.server.GrpcServerProtocolClient.requestVote(GrpcServerProtocolClient.java:99)
	at org.apache.ratis.grpc.server.GrpcService.requestVote(GrpcService.java:204)
	at org.apache.ratis.server.impl.LeaderElection.lambda$submitRequests$1(LeaderElection.java:234)
	at java.util.concurrent.FutureTask.run(FutureTask.java:266)
	at java.util.concurrent.Executors$RunnableAdapter.call(Executors.java:511)
	at java.util.concurrent.FutureTask.run(FutureTask.java:266)
	at java.util.concurrent.ThreadPoolExecutor.runWorker(ThreadPoolExecutor.java:1149)
	at java.util.concurrent.ThreadPoolExecutor$Worker.run(ThreadPoolExecutor.java:624)
	... 1 more
Caused by: org.apache.ratis.thirdparty.io.netty.channel.AbstractChannel$AnnotatedConnectException: Connection refused: /192.168.34.25:43074
	at sun.nio.ch.SocketChannelImpl.checkConnect(Native Method)
	at sun.nio.ch.SocketChannelImpl.finishConnect(SocketChannelImpl.java:717)
	at org.apache.ratis.thirdparty.io.netty.channel.socket.nio.NioSocketChannel.doFinishConnect(NioSocketChannel.java:327)
	at org.apache.ratis.thirdparty.io.netty.channel.nio.AbstractNioChannel$AbstractNioUnsafe.finishConnect(AbstractNioChannel.java:340)
	at org.apache.ratis.thirdparty.io.netty.channel.nio.NioEventLoop.processSelectedKey(NioEventLoop.java:632)
	at org.apache.ratis.thirdparty.io.netty.channel.nio.NioEventLoop.processSelectedKeysOptimized(NioEventLoop.java:579)
	at org.apache.ratis.thirdparty.io.netty.channel.nio.NioEventLoop.processSelectedKeys(NioEventLoop.java:496)
	at org.apache.ratis.thirdparty.io.netty.channel.nio.NioEventLoop.run(NioEventLoop.java:458)
	at org.apache.ratis.thirdparty.io.netty.util.concurrent.SingleThreadEventExecutor$5.run(SingleThreadEventExecutor.java:897)
	at org.apache.ratis.thirdparty.io.netty.util.concurrent.FastThreadLocalRunnable.run(FastThreadLocalRunnable.java:30)
	... 1 more
Caused by: java.net.ConnectException: Connection refused
	... 11 more
2019-10-18 07:24:29,436 [12ad0800-05cb-443c-9fdd-fa1debf04523@group-BCB82A5C07F5-LeaderElection1364] INFO  impl.LeaderElection (LogUtils.java:infoOrTrace(149)) -   Exception 1: {}
java.util.concurrent.ExecutionException: org.apache.ratis.thirdparty.io.grpc.StatusRuntimeException: UNAVAILABLE: io exception
	at java.util.concurrent.FutureTask.report(FutureTask.java:122)
	at java.util.concurrent.FutureTask.get(FutureTask.java:192)
	at org.apache.ratis.server.impl.LeaderElection.waitForResults(LeaderElection.java:259)
	at org.apache.ratis.server.impl.LeaderElection.askForVotes(LeaderElection.java:197)
	at org.apache.ratis.server.impl.LeaderElection.run(LeaderElection.java:133)
	at java.lang.Thread.run(Thread.java:748)
Caused by: org.apache.ratis.thirdparty.io.grpc.StatusRuntimeException: UNAVAILABLE: io exception
	at org.apache.ratis.thirdparty.io.grpc.stub.ClientCalls.toStatusRuntimeException(ClientCalls.java:233)
	at org.apache.ratis.thirdparty.io.grpc.stub.ClientCalls.getUnchecked(ClientCalls.java:214)
	at org.apache.ratis.thirdparty.io.grpc.stub.ClientCalls.blockingUnaryCall(ClientCalls.java:139)
	at org.apache.ratis.proto.grpc.RaftServerProtocolServiceGrpc$RaftServerProtocolServiceBlockingStub.requestVote(RaftServerProtocolServiceGrpc.java:265)
	at org.apache.ratis.grpc.server.GrpcServerProtocolClient.requestVote(GrpcServerProtocolClient.java:99)
	at org.apache.ratis.grpc.server.GrpcService.requestVote(GrpcService.java:204)
	at org.apache.ratis.server.impl.LeaderElection.lambda$submitRequests$1(LeaderElection.java:234)
	at java.util.concurrent.FutureTask.run(FutureTask.java:266)
	at java.util.concurrent.Executors$RunnableAdapter.call(Executors.java:511)
	at java.util.concurrent.FutureTask.run(FutureTask.java:266)
	at java.util.concurrent.ThreadPoolExecutor.runWorker(ThreadPoolExecutor.java:1149)
	at java.util.concurrent.ThreadPoolExecutor$Worker.run(ThreadPoolExecutor.java:624)
	... 1 more
Caused by: org.apache.ratis.thirdparty.io.netty.channel.AbstractChannel$AnnotatedConnectException: Connection refused: /192.168.34.25:45248
	at sun.nio.ch.SocketChannelImpl.checkConnect(Native Method)
	at sun.nio.ch.SocketChannelImpl.finishConnect(SocketChannelImpl.java:717)
	at org.apache.ratis.thirdparty.io.netty.channel.socket.nio.NioSocketChannel.doFinishConnect(NioSocketChannel.java:327)
	at org.apache.ratis.thirdparty.io.netty.channel.nio.AbstractNioChannel$AbstractNioUnsafe.finishConnect(AbstractNioChannel.java:340)
	at org.apache.ratis.thirdparty.io.netty.channel.nio.NioEventLoop.processSelectedKey(NioEventLoop.java:632)
	at org.apache.ratis.thirdparty.io.netty.channel.nio.NioEventLoop.processSelectedKeysOptimized(NioEventLoop.java:579)
	at org.apache.ratis.thirdparty.io.netty.channel.nio.NioEventLoop.processSelectedKeys(NioEventLoop.java:496)
	at org.apache.ratis.thirdparty.io.netty.channel.nio.NioEventLoop.run(NioEventLoop.java:458)
	at org.apache.ratis.thirdparty.io.netty.util.concurrent.SingleThreadEventExecutor$5.run(SingleThreadEventExecutor.java:897)
	at org.apache.ratis.thirdparty.io.netty.util.concurrent.FastThreadLocalRunnable.run(FastThreadLocalRunnable.java:30)
	... 1 more
Caused by: java.net.ConnectException: Connection refused
	... 11 more
2019-10-18 07:24:29,436 [12ad0800-05cb-443c-9fdd-fa1debf04523@group-BCB82A5C07F5-LeaderElection1364] INFO  impl.RaftServerImpl (RaftServerImpl.java:setRole(184)) - 12ad0800-05cb-443c-9fdd-fa1debf04523@group-BCB82A5C07F5: changes role from CANDIDATE to FOLLOWER at term 308 for DISCOVERED_A_NEW_TERM
2019-10-18 07:24:29,436 [12ad0800-05cb-443c-9fdd-fa1debf04523@group-BCB82A5C07F5-LeaderElection1364] INFO  impl.RoleInfo (RoleInfo.java:shutdownLeaderElection(134)) - 12ad0800-05cb-443c-9fdd-fa1debf04523: shutdown LeaderElection
2019-10-18 07:24:29,436 [12ad0800-05cb-443c-9fdd-fa1debf04523@group-BCB82A5C07F5-LeaderElection1364] INFO  impl.RoleInfo (RoleInfo.java:updateAndGet(143)) - 12ad0800-05cb-443c-9fdd-fa1debf04523: start FollowerState
2019-10-18 07:24:29,522 [Thread-11354] INFO  impl.FollowerState (FollowerState.java:run(108)) - 12ad0800-05cb-443c-9fdd-fa1debf04523@group-BCB82A5C07F5-FollowerState: change to CANDIDATE, lastRpcTime:85ms, electionTimeout:85ms
2019-10-18 07:24:29,522 [Thread-11354] INFO  impl.RoleInfo (RoleInfo.java:shutdownFollowerState(121)) - 12ad0800-05cb-443c-9fdd-fa1debf04523: shutdown FollowerState
2019-10-18 07:24:29,522 [Thread-11354] INFO  impl.RaftServerImpl (RaftServerImpl.java:setRole(184)) - 12ad0800-05cb-443c-9fdd-fa1debf04523@group-BCB82A5C07F5: changes role from  FOLLOWER to CANDIDATE at term 308 for changeToCandidate
2019-10-18 07:24:29,522 [Thread-11354] INFO  impl.RoleInfo (RoleInfo.java:updateAndGet(143)) - 12ad0800-05cb-443c-9fdd-fa1debf04523: start LeaderElection
2019-10-18 07:24:29,553 [12ad0800-05cb-443c-9fdd-fa1debf04523@group-BCB82A5C07F5-LeaderElection1365] INFO  impl.LeaderElection (LeaderElection.java:askForVotes(178)) - 12ad0800-05cb-443c-9fdd-fa1debf04523@group-BCB82A5C07F5-LeaderElection1365: begin an election at term 309 for -1: [12ad0800-05cb-443c-9fdd-fa1debf04523:192.168.34.25:41155, 5170c5f3-8499-4b42-9321-85fc8a351f79:192.168.34.25:43074, 0b10a9fc-47eb-4a2b-b664-8273d9d17379:192.168.34.25:45248], old=null
2019-10-18 07:24:29,553 [12ad0800-05cb-443c-9fdd-fa1debf04523@group-BCB82A5C07F5-LeaderElection1365] INFO  impl.LeaderElection (LogUtils.java:infoOrTrace(149)) - 12ad0800-05cb-443c-9fdd-fa1debf04523@group-BCB82A5C07F5-LeaderElection1365 got exception when requesting votes: {}
java.util.concurrent.ExecutionException: org.apache.ratis.thirdparty.io.grpc.StatusRuntimeException: UNAVAILABLE: io exception
	at java.util.concurrent.FutureTask.report(FutureTask.java:122)
	at java.util.concurrent.FutureTask.get(FutureTask.java:192)
	at org.apache.ratis.server.impl.LeaderElection.waitForResults(LeaderElection.java:259)
	at org.apache.ratis.server.impl.LeaderElection.askForVotes(LeaderElection.java:197)
	at org.apache.ratis.server.impl.LeaderElection.run(LeaderElection.java:133)
	at java.lang.Thread.run(Thread.java:748)
Caused by: org.apache.ratis.thirdparty.io.grpc.StatusRuntimeException: UNAVAILABLE: io exception
	at org.apache.ratis.thirdparty.io.grpc.stub.ClientCalls.toStatusRuntimeException(ClientCalls.java:233)
	at org.apache.ratis.thirdparty.io.grpc.stub.ClientCalls.getUnchecked(ClientCalls.java:214)
	at org.apache.ratis.thirdparty.io.grpc.stub.ClientCalls.blockingUnaryCall(ClientCalls.java:139)
	at org.apache.ratis.proto.grpc.RaftServerProtocolServiceGrpc$RaftServerProtocolServiceBlockingStub.requestVote(RaftServerProtocolServiceGrpc.java:265)
	at org.apache.ratis.grpc.server.GrpcServerProtocolClient.requestVote(GrpcServerProtocolClient.java:99)
	at org.apache.ratis.grpc.server.GrpcService.requestVote(GrpcService.java:204)
	at org.apache.ratis.server.impl.LeaderElection.lambda$submitRequests$1(LeaderElection.java:234)
	at java.util.concurrent.FutureTask.run(FutureTask.java:266)
	at java.util.concurrent.Executors$RunnableAdapter.call(Executors.java:511)
	at java.util.concurrent.FutureTask.run(FutureTask.java:266)
	at java.util.concurrent.ThreadPoolExecutor.runWorker(ThreadPoolExecutor.java:1149)
	at java.util.concurrent.ThreadPoolExecutor$Worker.run(ThreadPoolExecutor.java:624)
	... 1 more
Caused by: org.apache.ratis.thirdparty.io.netty.channel.AbstractChannel$AnnotatedConnectException: Connection refused: /192.168.34.25:43074
	at sun.nio.ch.SocketChannelImpl.checkConnect(Native Method)
	at sun.nio.ch.SocketChannelImpl.finishConnect(SocketChannelImpl.java:717)
	at org.apache.ratis.thirdparty.io.netty.channel.socket.nio.NioSocketChannel.doFinishConnect(NioSocketChannel.java:327)
	at org.apache.ratis.thirdparty.io.netty.channel.nio.AbstractNioChannel$AbstractNioUnsafe.finishConnect(AbstractNioChannel.java:340)
	at org.apache.ratis.thirdparty.io.netty.channel.nio.NioEventLoop.processSelectedKey(NioEventLoop.java:632)
	at org.apache.ratis.thirdparty.io.netty.channel.nio.NioEventLoop.processSelectedKeysOptimized(NioEventLoop.java:579)
	at org.apache.ratis.thirdparty.io.netty.channel.nio.NioEventLoop.processSelectedKeys(NioEventLoop.java:496)
	at org.apache.ratis.thirdparty.io.netty.channel.nio.NioEventLoop.run(NioEventLoop.java:458)
	at org.apache.ratis.thirdparty.io.netty.util.concurrent.SingleThreadEventExecutor$5.run(SingleThreadEventExecutor.java:897)
	at org.apache.ratis.thirdparty.io.netty.util.concurrent.FastThreadLocalRunnable.run(FastThreadLocalRunnable.java:30)
	... 1 more
Caused by: java.net.ConnectException: Connection refused
	... 11 more
2019-10-18 07:24:29,554 [12ad0800-05cb-443c-9fdd-fa1debf04523@group-BCB82A5C07F5-LeaderElection1365] INFO  impl.LeaderElection (LogUtils.java:infoOrTrace(149)) - 12ad0800-05cb-443c-9fdd-fa1debf04523@group-BCB82A5C07F5-LeaderElection1365 got exception when requesting votes: {}
java.util.concurrent.ExecutionException: org.apache.ratis.thirdparty.io.grpc.StatusRuntimeException: UNAVAILABLE: io exception
	at java.util.concurrent.FutureTask.report(FutureTask.java:122)
	at java.util.concurrent.FutureTask.get(FutureTask.java:192)
	at org.apache.ratis.server.impl.LeaderElection.waitForResults(LeaderElection.java:259)
	at org.apache.ratis.server.impl.LeaderElection.askForVotes(LeaderElection.java:197)
	at org.apache.ratis.server.impl.LeaderElection.run(LeaderElection.java:133)
	at java.lang.Thread.run(Thread.java:748)
Caused by: org.apache.ratis.thirdparty.io.grpc.StatusRuntimeException: UNAVAILABLE: io exception
	at org.apache.ratis.thirdparty.io.grpc.stub.ClientCalls.toStatusRuntimeException(ClientCalls.java:233)
	at org.apache.ratis.thirdparty.io.grpc.stub.ClientCalls.getUnchecked(ClientCalls.java:214)
	at org.apache.ratis.thirdparty.io.grpc.stub.ClientCalls.blockingUnaryCall(ClientCalls.java:139)
	at org.apache.ratis.proto.grpc.RaftServerProtocolServiceGrpc$RaftServerProtocolServiceBlockingStub.requestVote(RaftServerProtocolServiceGrpc.java:265)
	at org.apache.ratis.grpc.server.GrpcServerProtocolClient.requestVote(GrpcServerProtocolClient.java:99)
	at org.apache.ratis.grpc.server.GrpcService.requestVote(GrpcService.java:204)
	at org.apache.ratis.server.impl.LeaderElection.lambda$submitRequests$1(LeaderElection.java:234)
	at java.util.concurrent.FutureTask.run(FutureTask.java:266)
	at java.util.concurrent.Executors$RunnableAdapter.call(Executors.java:511)
	at java.util.concurrent.FutureTask.run(FutureTask.java:266)
	at java.util.concurrent.ThreadPoolExecutor.runWorker(ThreadPoolExecutor.java:1149)
	at java.util.concurrent.ThreadPoolExecutor$Worker.run(ThreadPoolExecutor.java:624)
	... 1 more
Caused by: org.apache.ratis.thirdparty.io.netty.channel.AbstractChannel$AnnotatedConnectException: Connection refused: /192.168.34.25:45248
	at sun.nio.ch.SocketChannelImpl.checkConnect(Native Method)
	at sun.nio.ch.SocketChannelImpl.finishConnect(SocketChannelImpl.java:717)
	at org.apache.ratis.thirdparty.io.netty.channel.socket.nio.NioSocketChannel.doFinishConnect(NioSocketChannel.java:327)
	at org.apache.ratis.thirdparty.io.netty.channel.nio.AbstractNioChannel$AbstractNioUnsafe.finishConnect(AbstractNioChannel.java:340)
	at org.apache.ratis.thirdparty.io.netty.channel.nio.NioEventLoop.processSelectedKey(NioEventLoop.java:632)
	at org.apache.ratis.thirdparty.io.netty.channel.nio.NioEventLoop.processSelectedKeysOptimized(NioEventLoop.java:579)
	at org.apache.ratis.thirdparty.io.netty.channel.nio.NioEventLoop.processSelectedKeys(NioEventLoop.java:496)
	at org.apache.ratis.thirdparty.io.netty.channel.nio.NioEventLoop.run(NioEventLoop.java:458)
	at org.apache.ratis.thirdparty.io.netty.util.concurrent.SingleThreadEventExecutor$5.run(SingleThreadEventExecutor.java:897)
	at org.apache.ratis.thirdparty.io.netty.util.concurrent.FastThreadLocalRunnable.run(FastThreadLocalRunnable.java:30)
	... 1 more
Caused by: java.net.ConnectException: Connection refused
	... 11 more
2019-10-18 07:24:29,554 [12ad0800-05cb-443c-9fdd-fa1debf04523@group-BCB82A5C07F5-LeaderElection1365] INFO  impl.LeaderElection (LeaderElection.java:logAndReturn(56)) - 12ad0800-05cb-443c-9fdd-fa1debf04523@group-BCB82A5C07F5-LeaderElection1365: Election REJECTED; received 0 response(s) [] and 2 exception(s); 12ad0800-05cb-443c-9fdd-fa1debf04523@group-BCB82A5C07F5:t309, leader=null, voted=12ad0800-05cb-443c-9fdd-fa1debf04523, raftlog=12ad0800-05cb-443c-9fdd-fa1debf04523@group-BCB82A5C07F5-SegmentedRaftLog:OPENED:c-1,f-1,i0, conf=-1: [12ad0800-05cb-443c-9fdd-fa1debf04523:192.168.34.25:41155, 5170c5f3-8499-4b42-9321-85fc8a351f79:192.168.34.25:43074, 0b10a9fc-47eb-4a2b-b664-8273d9d17379:192.168.34.25:45248], old=null
2019-10-18 07:24:29,554 [12ad0800-05cb-443c-9fdd-fa1debf04523@group-BCB82A5C07F5-LeaderElection1365] INFO  impl.LeaderElection (LogUtils.java:infoOrTrace(149)) -   Exception 0: {}
java.util.concurrent.ExecutionException: org.apache.ratis.thirdparty.io.grpc.StatusRuntimeException: UNAVAILABLE: io exception
	at java.util.concurrent.FutureTask.report(FutureTask.java:122)
	at java.util.concurrent.FutureTask.get(FutureTask.java:192)
	at org.apache.ratis.server.impl.LeaderElection.waitForResults(LeaderElection.java:259)
	at org.apache.ratis.server.impl.LeaderElection.askForVotes(LeaderElection.java:197)
	at org.apache.ratis.server.impl.LeaderElection.run(LeaderElection.java:133)
	at java.lang.Thread.run(Thread.java:748)
Caused by: org.apache.ratis.thirdparty.io.grpc.StatusRuntimeException: UNAVAILABLE: io exception
	at org.apache.ratis.thirdparty.io.grpc.stub.ClientCalls.toStatusRuntimeException(ClientCalls.java:233)
	at org.apache.ratis.thirdparty.io.grpc.stub.ClientCalls.getUnchecked(ClientCalls.java:214)
	at org.apache.ratis.thirdparty.io.grpc.stub.ClientCalls.blockingUnaryCall(ClientCalls.java:139)
	at org.apache.ratis.proto.grpc.RaftServerProtocolServiceGrpc$RaftServerProtocolServiceBlockingStub.requestVote(RaftServerProtocolServiceGrpc.java:265)
	at org.apache.ratis.grpc.server.GrpcServerProtocolClient.requestVote(GrpcServerProtocolClient.java:99)
	at org.apache.ratis.grpc.server.GrpcService.requestVote(GrpcService.java:204)
	at org.apache.ratis.server.impl.LeaderElection.lambda$submitRequests$1(LeaderElection.java:234)
	at java.util.concurrent.FutureTask.run(FutureTask.java:266)
	at java.util.concurrent.Executors$RunnableAdapter.call(Executors.java:511)
	at java.util.concurrent.FutureTask.run(FutureTask.java:266)
	at java.util.concurrent.ThreadPoolExecutor.runWorker(ThreadPoolExecutor.java:1149)
	at java.util.concurrent.ThreadPoolExecutor$Worker.run(ThreadPoolExecutor.java:624)
	... 1 more
Caused by: org.apache.ratis.thirdparty.io.netty.channel.AbstractChannel$AnnotatedConnectException: Connection refused: /192.168.34.25:43074
	at sun.nio.ch.SocketChannelImpl.checkConnect(Native Method)
	at sun.nio.ch.SocketChannelImpl.finishConnect(SocketChannelImpl.java:717)
	at org.apache.ratis.thirdparty.io.netty.channel.socket.nio.NioSocketChannel.doFinishConnect(NioSocketChannel.java:327)
	at org.apache.ratis.thirdparty.io.netty.channel.nio.AbstractNioChannel$AbstractNioUnsafe.finishConnect(AbstractNioChannel.java:340)
	at org.apache.ratis.thirdparty.io.netty.channel.nio.NioEventLoop.processSelectedKey(NioEventLoop.java:632)
	at org.apache.ratis.thirdparty.io.netty.channel.nio.NioEventLoop.processSelectedKeysOptimized(NioEventLoop.java:579)
	at org.apache.ratis.thirdparty.io.netty.channel.nio.NioEventLoop.processSelectedKeys(NioEventLoop.java:496)
	at org.apache.ratis.thirdparty.io.netty.channel.nio.NioEventLoop.run(NioEventLoop.java:458)
	at org.apache.ratis.thirdparty.io.netty.util.concurrent.SingleThreadEventExecutor$5.run(SingleThreadEventExecutor.java:897)
	at org.apache.ratis.thirdparty.io.netty.util.concurrent.FastThreadLocalRunnable.run(FastThreadLocalRunnable.java:30)
	... 1 more
Caused by: java.net.ConnectException: Connection refused
	... 11 more
2019-10-18 07:24:29,554 [12ad0800-05cb-443c-9fdd-fa1debf04523@group-BCB82A5C07F5-LeaderElection1365] INFO  impl.LeaderElection (LogUtils.java:infoOrTrace(149)) -   Exception 1: {}
java.util.concurrent.ExecutionException: org.apache.ratis.thirdparty.io.grpc.StatusRuntimeException: UNAVAILABLE: io exception
	at java.util.concurrent.FutureTask.report(FutureTask.java:122)
	at java.util.concurrent.FutureTask.get(FutureTask.java:192)
	at org.apache.ratis.server.impl.LeaderElection.waitForResults(LeaderElection.java:259)
	at org.apache.ratis.server.impl.LeaderElection.askForVotes(LeaderElection.java:197)
	at org.apache.ratis.server.impl.LeaderElection.run(LeaderElection.java:133)
	at java.lang.Thread.run(Thread.java:748)
Caused by: org.apache.ratis.thirdparty.io.grpc.StatusRuntimeException: UNAVAILABLE: io exception
	at org.apache.ratis.thirdparty.io.grpc.stub.ClientCalls.toStatusRuntimeException(ClientCalls.java:233)
	at org.apache.ratis.thirdparty.io.grpc.stub.ClientCalls.getUnchecked(ClientCalls.java:214)
	at org.apache.ratis.thirdparty.io.grpc.stub.ClientCalls.blockingUnaryCall(ClientCalls.java:139)
	at org.apache.ratis.proto.grpc.RaftServerProtocolServiceGrpc$RaftServerProtocolServiceBlockingStub.requestVote(RaftServerProtocolServiceGrpc.java:265)
	at org.apache.ratis.grpc.server.GrpcServerProtocolClient.requestVote(GrpcServerProtocolClient.java:99)
	at org.apache.ratis.grpc.server.GrpcService.requestVote(GrpcService.java:204)
	at org.apache.ratis.server.impl.LeaderElection.lambda$submitRequests$1(LeaderElection.java:234)
	at java.util.concurrent.FutureTask.run(FutureTask.java:266)
	at java.util.concurrent.Executors$RunnableAdapter.call(Executors.java:511)
	at java.util.concurrent.FutureTask.run(FutureTask.java:266)
	at java.util.concurrent.ThreadPoolExecutor.runWorker(ThreadPoolExecutor.java:1149)
	at java.util.concurrent.ThreadPoolExecutor$Worker.run(ThreadPoolExecutor.java:624)
	... 1 more
Caused by: org.apache.ratis.thirdparty.io.netty.channel.AbstractChannel$AnnotatedConnectException: Connection refused: /192.168.34.25:45248
	at sun.nio.ch.SocketChannelImpl.checkConnect(Native Method)
	at sun.nio.ch.SocketChannelImpl.finishConnect(SocketChannelImpl.java:717)
	at org.apache.ratis.thirdparty.io.netty.channel.socket.nio.NioSocketChannel.doFinishConnect(NioSocketChannel.java:327)
	at org.apache.ratis.thirdparty.io.netty.channel.nio.AbstractNioChannel$AbstractNioUnsafe.finishConnect(AbstractNioChannel.java:340)
	at org.apache.ratis.thirdparty.io.netty.channel.nio.NioEventLoop.processSelectedKey(NioEventLoop.java:632)
	at org.apache.ratis.thirdparty.io.netty.channel.nio.NioEventLoop.processSelectedKeysOptimized(NioEventLoop.java:579)
	at org.apache.ratis.thirdparty.io.netty.channel.nio.NioEventLoop.processSelectedKeys(NioEventLoop.java:496)
	at org.apache.ratis.thirdparty.io.netty.channel.nio.NioEventLoop.run(NioEventLoop.java:458)
	at org.apache.ratis.thirdparty.io.netty.util.concurrent.SingleThreadEventExecutor$5.run(SingleThreadEventExecutor.java:897)
	at org.apache.ratis.thirdparty.io.netty.util.concurrent.FastThreadLocalRunnable.run(FastThreadLocalRunnable.java:30)
	... 1 more
Caused by: java.net.ConnectException: Connection refused
	... 11 more
2019-10-18 07:24:29,555 [12ad0800-05cb-443c-9fdd-fa1debf04523@group-BCB82A5C07F5-LeaderElection1365] INFO  impl.RaftServerImpl (RaftServerImpl.java:setRole(184)) - 12ad0800-05cb-443c-9fdd-fa1debf04523@group-BCB82A5C07F5: changes role from CANDIDATE to FOLLOWER at term 309 for DISCOVERED_A_NEW_TERM
2019-10-18 07:24:29,555 [12ad0800-05cb-443c-9fdd-fa1debf04523@group-BCB82A5C07F5-LeaderElection1365] INFO  impl.RoleInfo (RoleInfo.java:shutdownLeaderElection(134)) - 12ad0800-05cb-443c-9fdd-fa1debf04523: shutdown LeaderElection
2019-10-18 07:24:29,555 [12ad0800-05cb-443c-9fdd-fa1debf04523@group-BCB82A5C07F5-LeaderElection1365] INFO  impl.RoleInfo (RoleInfo.java:updateAndGet(143)) - 12ad0800-05cb-443c-9fdd-fa1debf04523: start FollowerState
2019-10-18 07:24:29,601 [ForkJoinPool.commonPool-worker-0] INFO  ozoneimpl.OzoneContainer (OzoneContainer.java:stop(227)) - Attempting to stop container services.
2019-10-18 07:24:29,602 [ForkJoinPool.commonPool-worker-0] INFO  impl.RaftServerProxy (RaftServerProxy.java:lambda$close$4(314)) - 12ad0800-05cb-443c-9fdd-fa1debf04523: close
2019-10-18 07:24:29,602 [ForkJoinPool.commonPool-worker-0] INFO  impl.RaftServerImpl (RaftServerImpl.java:lambda$shutdown$3(261)) - 12ad0800-05cb-443c-9fdd-fa1debf04523@group-BCB82A5C07F5: shutdown
2019-10-18 07:24:29,602 [ForkJoinPool.commonPool-worker-0] INFO  util.JmxRegister (JmxRegister.java:unregister(73)) - Successfully un-registered JMX Bean with object name Ratis:service=RaftServer,group=group-BCB82A5C07F5,id=12ad0800-05cb-443c-9fdd-fa1debf04523
2019-10-18 07:24:29,603 [ForkJoinPool.commonPool-worker-0] INFO  impl.RoleInfo (RoleInfo.java:shutdownFollowerState(121)) - 12ad0800-05cb-443c-9fdd-fa1debf04523: shutdown FollowerState
2019-10-18 07:24:29,603 [ForkJoinPool.commonPool-worker-0] INFO  impl.StateMachineUpdater (StateMachineUpdater.java:stopAndJoin(136)) - 12ad0800-05cb-443c-9fdd-fa1debf04523@group-BCB82A5C07F5-StateMachineUpdater: set stopIndex = -1
2019-10-18 07:24:29,603 [Thread-11358] INFO  impl.FollowerState (FollowerState.java:run(117)) - 12ad0800-05cb-443c-9fdd-fa1debf04523@group-BCB82A5C07F5-FollowerState was interrupted: java.lang.InterruptedException: sleep interrupted
2019-10-18 07:24:29,603 [ForkJoinPool.commonPool-worker-0] INFO  impl.RaftServerImpl (ServerState.java:close(388)) - 12ad0800-05cb-443c-9fdd-fa1debf04523@group-BCB82A5C07F5: closes. applyIndex: -1
2019-10-18 07:24:29,604 [12ad0800-05cb-443c-9fdd-fa1debf04523@group-BCB82A5C07F5-SegmentedRaftLogWorker] INFO  segmented.SegmentedRaftLogWorker (SegmentedRaftLogWorker.java:run(316)) - 12ad0800-05cb-443c-9fdd-fa1debf04523@group-BCB82A5C07F5-SegmentedRaftLogWorker was interrupted, exiting. There are 0 tasks remaining in the queue.
2019-10-18 07:24:29,604 [ForkJoinPool.commonPool-worker-0] INFO  segmented.SegmentedRaftLogWorker (SegmentedRaftLogWorker.java:close(224)) - 12ad0800-05cb-443c-9fdd-fa1debf04523@group-BCB82A5C07F5-SegmentedRaftLogWorker close()
2019-10-18 07:24:29,608 [ForkJoinPool.commonPool-worker-0] INFO  impl.RaftServerImpl (RaftServerImpl.java:lambda$shutdown$3(261)) - 12ad0800-05cb-443c-9fdd-fa1debf04523@group-69C9C2E15A3F: shutdown
2019-10-18 07:24:29,608 [ForkJoinPool.commonPool-worker-0] INFO  util.JmxRegister (JmxRegister.java:unregister(73)) - Successfully un-registered JMX Bean with object name Ratis:service=RaftServer,group=group-69C9C2E15A3F,id=12ad0800-05cb-443c-9fdd-fa1debf04523
2019-10-18 07:24:29,608 [ForkJoinPool.commonPool-worker-0] INFO  impl.RoleInfo (RoleInfo.java:shutdownLeaderState(104)) - 12ad0800-05cb-443c-9fdd-fa1debf04523: shutdown LeaderState
2019-10-18 07:24:29,608 [ForkJoinPool.commonPool-worker-0] INFO  impl.PendingRequests (PendingRequests.java:sendNotLeaderResponses(202)) - 12ad0800-05cb-443c-9fdd-fa1debf04523@group-69C9C2E15A3F-PendingRequests: sendNotLeaderResponses
2019-10-18 07:24:29,609 [ForkJoinPool.commonPool-worker-0] INFO  impl.StateMachineUpdater (StateMachineUpdater.java:stopAndJoin(136)) - 12ad0800-05cb-443c-9fdd-fa1debf04523@group-69C9C2E15A3F-StateMachineUpdater: set stopIndex = 0
2019-10-18 07:24:29,610 [ForkJoinPool.commonPool-worker-0] INFO  impl.RaftServerImpl (ServerState.java:close(388)) - 12ad0800-05cb-443c-9fdd-fa1debf04523@group-69C9C2E15A3F: closes. applyIndex: 0
2019-10-18 07:24:29,610 [12ad0800-05cb-443c-9fdd-fa1debf04523@group-69C9C2E15A3F-SegmentedRaftLogWorker] INFO  segmented.SegmentedRaftLogWorker (SegmentedRaftLogWorker.java:run(316)) - 12ad0800-05cb-443c-9fdd-fa1debf04523@group-69C9C2E15A3F-SegmentedRaftLogWorker was interrupted, exiting. There are 0 tasks remaining in the queue.
2019-10-18 07:24:29,610 [ForkJoinPool.commonPool-worker-0] INFO  segmented.SegmentedRaftLogWorker (SegmentedRaftLogWorker.java:close(224)) - 12ad0800-05cb-443c-9fdd-fa1debf04523@group-69C9C2E15A3F-SegmentedRaftLogWorker close()
2019-10-18 07:24:29,612 [ForkJoinPool.commonPool-worker-0] INFO  server.GrpcService (GrpcService.java:closeImpl(164)) - 12ad0800-05cb-443c-9fdd-fa1debf04523: shutdown server with port 41155 now
2019-10-18 07:24:29,613 [ForkJoinPool.commonPool-worker-0] INFO  server.GrpcService (GrpcService.java:closeImpl(172)) - 12ad0800-05cb-443c-9fdd-fa1debf04523: shutdown server with port 41155 successfully
2019-10-18 07:24:29,619 [refreshUsed-/workdir/hadoop-ozone/integration-test/target/test-dir/MiniOzoneClusterImpl-f216ddbe-e8b4-4355-85c5-09cf054ba290/datanode-1/data/containers] WARN  fs.CachingGetSpaceUsed (CachingGetSpaceUsed.java:run(183)) - Thread Interrupted waiting to refresh disk information: sleep interrupted
2019-10-18 07:24:29,637 [ForkJoinPool.commonPool-worker-0] INFO  utils.BackgroundService (BackgroundService.java:shutdown(151)) - Shutting down service BlockDeletingService
2019-10-18 07:24:29,641 [ForkJoinPool.commonPool-worker-0] INFO  statemachine.DatanodeStateMachine (DatanodeStateMachine.java:stopDaemon(395)) - Ozone container server stopped.
2019-10-18 07:24:29,643 [ForkJoinPool.commonPool-worker-0] INFO  handler.ContextHandler (ContextHandler.java:doStop(910)) - Stopped o.e.j.w.WebAppContext@2d70f312{/,null,UNAVAILABLE}{/hddsDatanode}
2019-10-18 07:24:29,644 [ForkJoinPool.commonPool-worker-0] INFO  server.AbstractConnector (AbstractConnector.java:doStop(318)) - Stopped ServerConnector@4c7d7430{HTTP/1.1,[http/1.1]}{0.0.0.0:0}
2019-10-18 07:24:29,645 [ForkJoinPool.commonPool-worker-0] INFO  handler.ContextHandler (ContextHandler.java:doStop(910)) - Stopped o.e.j.s.ServletContextHandler@283ab206{/static,jar:file:/home/user/.m2/repository/org/apache/hadoop/hadoop-hdds-container-service/0.5.0-SNAPSHOT/hadoop-hdds-container-service-0.5.0-SNAPSHOT.jar!/webapps/static,UNAVAILABLE}
2019-10-18 07:24:29,646 [ForkJoinPool.commonPool-worker-0] INFO  handler.ContextHandler (ContextHandler.java:doStop(910)) - Stopped o.e.j.s.ServletContextHandler@40d96578{/logs,file:///workdir/hadoop-ozone/integration-test/target/log,UNAVAILABLE}
2019-10-18 07:24:29,648 [main] INFO  ozone.MiniOzoneClusterImpl (MiniOzoneClusterImpl.java:stopSCM(392)) - Stopping the StorageContainerManager
2019-10-18 07:24:29,649 [main] INFO  server.StorageContainerManager (StorageContainerManager.java:stop(810)) - Stopping Replication Manager Service.
2019-10-18 07:24:29,649 [main] INFO  container.ReplicationManager (ReplicationManager.java:stop(203)) - Stopping Replication Monitor Thread.
2019-10-18 07:24:29,649 [main] INFO  server.StorageContainerManager (StorageContainerManager.java:stop(817)) - Stopping Lease Manager of the command watchers
2019-10-18 07:24:29,649 [main] INFO  server.StorageContainerManager (StorageContainerManager.java:stop(824)) - Stopping datanode service RPC server
2019-10-18 07:24:29,649 [main] INFO  server.SCMDatanodeProtocolServer (SCMDatanodeProtocolServer.java:stop(346)) - Stopping the RPC server for DataNodes
2019-10-18 07:24:29,650 [main] INFO  ipc.Server (Server.java:stop(3082)) - Stopping server on 38390
2019-10-18 07:24:29,651 [IPC Server listener on 38390] INFO  ipc.Server (Server.java:run(1185)) - Stopping IPC Server listener on 38390
2019-10-18 07:24:29,652 [IPC Server Responder] INFO  ipc.Server (Server.java:run(1319)) - Stopping IPC Server Responder
2019-10-18 07:24:29,677 [SCM Heartbeat Processing Thread - 0] WARN  node.NodeStateManager (NodeStateManager.java:scheduleNextHealthCheck(646)) - Current Thread is interrupted, shutting down HB processing thread for Node Manager.
2019-10-18 07:24:29,678 [main] INFO  server.StorageContainerManager (StorageContainerManager.java:stop(832)) - Stopping block service RPC server
2019-10-18 07:24:29,678 [main] INFO  server.SCMBlockProtocolServer (SCMBlockProtocolServer.java:stop(155)) - Stopping the RPC server for Block Protocol
2019-10-18 07:24:29,678 [main] INFO  ipc.Server (Server.java:stop(3082)) - Stopping server on 44553
2019-10-18 07:24:29,680 [IPC Server listener on 44553] INFO  ipc.Server (Server.java:run(1185)) - Stopping IPC Server listener on 44553
2019-10-18 07:24:29,680 [main] INFO  server.StorageContainerManager (StorageContainerManager.java:stop(839)) - Stopping the StorageContainerLocationProtocol RPC server
2019-10-18 07:24:29,681 [IPC Server Responder] INFO  ipc.Server (Server.java:run(1319)) - Stopping IPC Server Responder
2019-10-18 07:24:29,682 [main] INFO  server.SCMClientProtocolServer (SCMClientProtocolServer.java:stop(168)) - Stopping the RPC server for Client Protocol
2019-10-18 07:24:29,683 [main] INFO  ipc.Server (Server.java:stop(3082)) - Stopping server on 40678
2019-10-18 07:24:29,685 [IPC Server listener on 40678] INFO  ipc.Server (Server.java:run(1185)) - Stopping IPC Server listener on 40678
2019-10-18 07:24:29,685 [main] INFO  server.StorageContainerManager (StorageContainerManager.java:stop(846)) - Stopping Storage Container Manager HTTP server.
2019-10-18 07:24:29,686 [IPC Server Responder] INFO  ipc.Server (Server.java:run(1319)) - Stopping IPC Server Responder
2019-10-18 07:24:29,688 [main] INFO  handler.ContextHandler (ContextHandler.java:doStop(910)) - Stopped o.e.j.w.WebAppContext@242ff747{/,null,UNAVAILABLE}{/scm}
2019-10-18 07:24:29,689 [main] INFO  server.AbstractConnector (AbstractConnector.java:doStop(318)) - Stopped ServerConnector@5329f6b3{HTTP/1.1,[http/1.1]}{0.0.0.0:0}
2019-10-18 07:24:29,689 [main] INFO  handler.ContextHandler (ContextHandler.java:doStop(910)) - Stopped o.e.j.s.ServletContextHandler@561f9d92{/static,file:///workdir/hadoop-ozone/integration-test/target/test-classes/webapps/static,UNAVAILABLE}
2019-10-18 07:24:29,689 [main] INFO  handler.ContextHandler (ContextHandler.java:doStop(910)) - Stopped o.e.j.s.ServletContextHandler@40c8067{/logs,file:///workdir/hadoop-ozone/integration-test/target/log,UNAVAILABLE}
2019-10-18 07:24:29,690 [main] INFO  server.StorageContainerManager (StorageContainerManager.java:stop(857)) - Stopping Block Manager Service.
2019-10-18 07:24:29,691 [main] INFO  utils.BackgroundService (BackgroundService.java:shutdown(151)) - Shutting down service SCMBlockDeletingService
2019-10-18 07:24:29,691 [main] INFO  utils.BackgroundService (BackgroundService.java:shutdown(151)) - Shutting down service SCMBlockDeletingService
2019-10-18 07:24:29,691 [main] INFO  server.StorageContainerManager (StorageContainerManager.java:stop(879)) - Stopping SCM Event Queue.
2019-10-18 07:24:29,698 [main] INFO  impl.MetricsSystemImpl (MetricsSystemImpl.java:stop(210)) - Stopping HddsDatanode metrics system...
2019-10-18 07:24:29,730 [main] INFO  impl.MetricsSystemImpl (MetricsSystemImpl.java:stop(216)) - HddsDatanode metrics system stopped.
]]></system-out>
    <system-err><![CDATA[Oct 18, 2019 7:23:47 AM org.apache.ratis.thirdparty.io.grpc.internal.ManagedChannelOrphanWrapper$ManagedChannelReference cleanQueue
SEVERE: *~*~*~ Channel ManagedChannelImpl{logId=1332, target=192.168.34.25:44484} was not shutdown properly!!! ~*~*~*
    Make sure to call shutdown()/shutdownNow() and wait until awaitTermination() returns true.
java.lang.RuntimeException: ManagedChannel allocation site
	at org.apache.ratis.thirdparty.io.grpc.internal.ManagedChannelOrphanWrapper$ManagedChannelReference.<init>(ManagedChannelOrphanWrapper.java:103)
	at org.apache.ratis.thirdparty.io.grpc.internal.ManagedChannelOrphanWrapper.<init>(ManagedChannelOrphanWrapper.java:53)
	at org.apache.ratis.thirdparty.io.grpc.internal.ManagedChannelOrphanWrapper.<init>(ManagedChannelOrphanWrapper.java:44)
	at org.apache.ratis.thirdparty.io.grpc.internal.AbstractManagedChannelImplBuilder.build(AbstractManagedChannelImplBuilder.java:411)
	at org.apache.hadoop.hdds.scm.XceiverClientGrpc.connectToDatanode(XceiverClientGrpc.java:183)
	at org.apache.hadoop.hdds.scm.XceiverClientGrpc.reconnect(XceiverClientGrpc.java:434)
	at org.apache.hadoop.hdds.scm.XceiverClientGrpc.sendCommandAsync(XceiverClientGrpc.java:382)
	at org.apache.hadoop.hdds.scm.XceiverClientGrpc.sendCommandWithRetry(XceiverClientGrpc.java:295)
	at org.apache.hadoop.hdds.scm.XceiverClientGrpc.sendCommandWithTraceIDAndRetry(XceiverClientGrpc.java:259)
	at org.apache.hadoop.hdds.scm.XceiverClientGrpc.sendCommand(XceiverClientGrpc.java:242)
	at org.apache.hadoop.hdds.scm.storage.ContainerProtocolCalls.readChunk(ContainerProtocolCalls.java:245)
	at org.apache.hadoop.hdds.scm.storage.ChunkInputStream.readChunk(ChunkInputStream.java:335)
	at org.apache.hadoop.hdds.scm.storage.ChunkInputStream.readChunkFromContainer(ChunkInputStream.java:307)
	at org.apache.hadoop.hdds.scm.storage.ChunkInputStream.prepareRead(ChunkInputStream.java:259)
	at org.apache.hadoop.hdds.scm.storage.ChunkInputStream.read(ChunkInputStream.java:144)
	at org.apache.hadoop.hdds.scm.storage.BlockInputStream.read(BlockInputStream.java:241)
	at org.apache.hadoop.ozone.client.io.KeyInputStream.read(KeyInputStream.java:173)
	at org.apache.hadoop.ozone.client.io.OzoneInputStream.read(OzoneInputStream.java:47)
	at java.io.InputStream.read(InputStream.java:101)
	at org.apache.hadoop.ozone.container.ContainerTestHelper.validateData(ContainerTestHelper.java:715)
	at org.apache.hadoop.ozone.client.rpc.TestFailureHandlingByClient.validateData(TestFailureHandlingByClient.java:413)
	at org.apache.hadoop.ozone.client.rpc.TestFailureHandlingByClient.testBlockWritesWithDnFailures(TestFailureHandlingByClient.java:172)
	at sun.reflect.NativeMethodAccessorImpl.invoke0(Native Method)
	at sun.reflect.NativeMethodAccessorImpl.invoke(NativeMethodAccessorImpl.java:62)
	at sun.reflect.DelegatingMethodAccessorImpl.invoke(DelegatingMethodAccessorImpl.java:43)
	at java.lang.reflect.Method.invoke(Method.java:498)
	at org.junit.runners.model.FrameworkMethod$1.runReflectiveCall(FrameworkMethod.java:47)
	at org.junit.internal.runners.model.ReflectiveCallable.run(ReflectiveCallable.java:12)
	at org.junit.runners.model.FrameworkMethod.invokeExplosively(FrameworkMethod.java:44)
	at org.junit.internal.runners.statements.InvokeMethod.evaluate(InvokeMethod.java:17)
	at org.junit.internal.runners.statements.RunAfters.evaluate(RunAfters.java:27)
	at org.junit.runners.ParentRunner.runLeaf(ParentRunner.java:271)
	at org.junit.runners.BlockJUnit4ClassRunner.runChild(BlockJUnit4ClassRunner.java:70)
	at org.junit.runners.BlockJUnit4ClassRunner.runChild(BlockJUnit4ClassRunner.java:50)
	at org.junit.runners.ParentRunner$3.run(ParentRunner.java:238)
	at org.junit.runners.ParentRunner$1.schedule(ParentRunner.java:63)
	at org.junit.runners.ParentRunner.runChildren(ParentRunner.java:236)
	at org.junit.runners.ParentRunner.access$000(ParentRunner.java:53)
	at org.junit.runners.ParentRunner$2.evaluate(ParentRunner.java:229)
	at org.junit.runners.ParentRunner.run(ParentRunner.java:309)
	at org.apache.maven.surefire.junit4.JUnit4Provider.execute(JUnit4Provider.java:365)
	at org.apache.maven.surefire.junit4.JUnit4Provider.executeWithRerun(JUnit4Provider.java:273)
	at org.apache.maven.surefire.junit4.JUnit4Provider.executeTestSet(JUnit4Provider.java:238)
	at org.apache.maven.surefire.junit4.JUnit4Provider.invoke(JUnit4Provider.java:159)
	at org.apache.maven.surefire.booter.ForkedBooter.invokeProviderInSameClassLoader(ForkedBooter.java:384)
	at org.apache.maven.surefire.booter.ForkedBooter.runSuitesInProcess(ForkedBooter.java:345)
	at org.apache.maven.surefire.booter.ForkedBooter.execute(ForkedBooter.java:126)
	at org.apache.maven.surefire.booter.ForkedBooter.main(ForkedBooter.java:418)

Oct 18, 2019 7:23:47 AM org.apache.ratis.thirdparty.io.grpc.internal.ManagedChannelOrphanWrapper$ManagedChannelReference cleanQueue
SEVERE: *~*~*~ Channel ManagedChannelImpl{logId=1314, target=192.168.34.25:34561} was not shutdown properly!!! ~*~*~*
    Make sure to call shutdown()/shutdownNow() and wait until awaitTermination() returns true.
java.lang.RuntimeException: ManagedChannel allocation site
	at org.apache.ratis.thirdparty.io.grpc.internal.ManagedChannelOrphanWrapper$ManagedChannelReference.<init>(ManagedChannelOrphanWrapper.java:103)
	at org.apache.ratis.thirdparty.io.grpc.internal.ManagedChannelOrphanWrapper.<init>(ManagedChannelOrphanWrapper.java:53)
	at org.apache.ratis.thirdparty.io.grpc.internal.ManagedChannelOrphanWrapper.<init>(ManagedChannelOrphanWrapper.java:44)
	at org.apache.ratis.thirdparty.io.grpc.internal.AbstractManagedChannelImplBuilder.build(AbstractManagedChannelImplBuilder.java:411)
	at org.apache.hadoop.hdds.scm.XceiverClientGrpc.connectToDatanode(XceiverClientGrpc.java:183)
	at org.apache.hadoop.hdds.scm.XceiverClientGrpc.reconnect(XceiverClientGrpc.java:434)
	at org.apache.hadoop.hdds.scm.XceiverClientGrpc.sendCommandAsync(XceiverClientGrpc.java:382)
	at org.apache.hadoop.hdds.scm.XceiverClientGrpc.sendCommandWithRetry(XceiverClientGrpc.java:295)
	at org.apache.hadoop.hdds.scm.XceiverClientGrpc.sendCommandWithTraceIDAndRetry(XceiverClientGrpc.java:259)
	at org.apache.hadoop.hdds.scm.XceiverClientGrpc.sendCommand(XceiverClientGrpc.java:242)
	at org.apache.hadoop.hdds.scm.storage.ContainerProtocolCalls.getBlock(ContainerProtocolCalls.java:118)
	at org.apache.hadoop.hdds.scm.storage.BlockInputStream.getChunkInfos(BlockInputStream.java:169)
	at org.apache.hadoop.hdds.scm.storage.BlockInputStream.initialize(BlockInputStream.java:118)
	at org.apache.hadoop.hdds.scm.storage.BlockInputStream.read(BlockInputStream.java:224)
	at org.apache.hadoop.ozone.client.io.KeyInputStream.read(KeyInputStream.java:173)
	at org.apache.hadoop.ozone.client.io.OzoneInputStream.read(OzoneInputStream.java:47)
	at java.io.InputStream.read(InputStream.java:101)
	at org.apache.hadoop.ozone.container.ContainerTestHelper.validateData(ContainerTestHelper.java:715)
	at org.apache.hadoop.ozone.client.rpc.TestFailureHandlingByClient.validateData(TestFailureHandlingByClient.java:413)
	at org.apache.hadoop.ozone.client.rpc.TestFailureHandlingByClient.testBlockWritesWithDnFailures(TestFailureHandlingByClient.java:172)
	at sun.reflect.NativeMethodAccessorImpl.invoke0(Native Method)
	at sun.reflect.NativeMethodAccessorImpl.invoke(NativeMethodAccessorImpl.java:62)
	at sun.reflect.DelegatingMethodAccessorImpl.invoke(DelegatingMethodAccessorImpl.java:43)
	at java.lang.reflect.Method.invoke(Method.java:498)
	at org.junit.runners.model.FrameworkMethod$1.runReflectiveCall(FrameworkMethod.java:47)
	at org.junit.internal.runners.model.ReflectiveCallable.run(ReflectiveCallable.java:12)
	at org.junit.runners.model.FrameworkMethod.invokeExplosively(FrameworkMethod.java:44)
	at org.junit.internal.runners.statements.InvokeMethod.evaluate(InvokeMethod.java:17)
	at org.junit.internal.runners.statements.RunAfters.evaluate(RunAfters.java:27)
	at org.junit.runners.ParentRunner.runLeaf(ParentRunner.java:271)
	at org.junit.runners.BlockJUnit4ClassRunner.runChild(BlockJUnit4ClassRunner.java:70)
	at org.junit.runners.BlockJUnit4ClassRunner.runChild(BlockJUnit4ClassRunner.java:50)
	at org.junit.runners.ParentRunner$3.run(ParentRunner.java:238)
	at org.junit.runners.ParentRunner$1.schedule(ParentRunner.java:63)
	at org.junit.runners.ParentRunner.runChildren(ParentRunner.java:236)
	at org.junit.runners.ParentRunner.access$000(ParentRunner.java:53)
	at org.junit.runners.ParentRunner$2.evaluate(ParentRunner.java:229)
	at org.junit.runners.ParentRunner.run(ParentRunner.java:309)
	at org.apache.maven.surefire.junit4.JUnit4Provider.execute(JUnit4Provider.java:365)
	at org.apache.maven.surefire.junit4.JUnit4Provider.executeWithRerun(JUnit4Provider.java:273)
	at org.apache.maven.surefire.junit4.JUnit4Provider.executeTestSet(JUnit4Provider.java:238)
	at org.apache.maven.surefire.junit4.JUnit4Provider.invoke(JUnit4Provider.java:159)
	at org.apache.maven.surefire.booter.ForkedBooter.invokeProviderInSameClassLoader(ForkedBooter.java:384)
	at org.apache.maven.surefire.booter.ForkedBooter.runSuitesInProcess(ForkedBooter.java:345)
	at org.apache.maven.surefire.booter.ForkedBooter.execute(ForkedBooter.java:126)
	at org.apache.maven.surefire.booter.ForkedBooter.main(ForkedBooter.java:418)

Oct 18, 2019 7:23:47 AM org.apache.ratis.thirdparty.io.grpc.internal.ManagedChannelOrphanWrapper$ManagedChannelReference cleanQueue
SEVERE: *~*~*~ Channel ManagedChannelImpl{logId=1309, target=192.168.34.25:36823} was not shutdown properly!!! ~*~*~*
    Make sure to call shutdown()/shutdownNow() and wait until awaitTermination() returns true.
java.lang.RuntimeException: ManagedChannel allocation site
	at org.apache.ratis.thirdparty.io.grpc.internal.ManagedChannelOrphanWrapper$ManagedChannelReference.<init>(ManagedChannelOrphanWrapper.java:103)
	at org.apache.ratis.thirdparty.io.grpc.internal.ManagedChannelOrphanWrapper.<init>(ManagedChannelOrphanWrapper.java:53)
	at org.apache.ratis.thirdparty.io.grpc.internal.ManagedChannelOrphanWrapper.<init>(ManagedChannelOrphanWrapper.java:44)
	at org.apache.ratis.thirdparty.io.grpc.internal.AbstractManagedChannelImplBuilder.build(AbstractManagedChannelImplBuilder.java:411)
	at org.apache.ratis.grpc.client.GrpcClientProtocolClient.<init>(GrpcClientProtocolClient.java:128)
	at org.apache.ratis.grpc.client.GrpcClientRpc.lambda$new$0(GrpcClientRpc.java:55)
	at org.apache.ratis.util.PeerProxyMap$PeerAndProxy.lambda$getProxy$0(PeerProxyMap.java:61)
	at org.apache.ratis.util.LifeCycle.startAndTransition(LifeCycle.java:202)
	at org.apache.ratis.util.PeerProxyMap$PeerAndProxy.getProxy(PeerProxyMap.java:60)
	at org.apache.ratis.util.PeerProxyMap.getProxy(PeerProxyMap.java:108)
	at org.apache.ratis.grpc.client.GrpcClientRpc.sendRequestAsync(GrpcClientRpc.java:66)
	at org.apache.ratis.client.impl.OrderedAsync.sendRequest(OrderedAsync.java:208)
	at org.apache.ratis.client.impl.OrderedAsync.sendRequestWithRetry(OrderedAsync.java:169)
	at org.apache.ratis.util.SlidingWindow$Client.sendOrDelayRequest(SlidingWindow.java:278)
	at org.apache.ratis.util.SlidingWindow$Client.submitNewRequest(SlidingWindow.java:257)
	at org.apache.ratis.client.impl.OrderedAsync.send(OrderedAsync.java:155)
	at org.apache.ratis.client.impl.RaftClientImpl.sendAsync(RaftClientImpl.java:144)
	at org.apache.ratis.client.impl.RaftClientImpl.sendAsync(RaftClientImpl.java:124)
	at org.apache.hadoop.hdds.scm.XceiverClientRatis.sendRequestAsync(XceiverClientRatis.java:236)
	at org.apache.hadoop.hdds.scm.XceiverClientRatis.sendCommandAsync(XceiverClientRatis.java:317)
	at org.apache.hadoop.hdds.scm.storage.ContainerProtocolCalls.writeChunkAsync(ContainerProtocolCalls.java:310)
	at org.apache.hadoop.hdds.scm.storage.BlockOutputStream.writeChunkToContainer(BlockOutputStream.java:604)
	at org.apache.hadoop.hdds.scm.storage.BlockOutputStream.writeChunk(BlockOutputStream.java:462)
	at org.apache.hadoop.hdds.scm.storage.BlockOutputStream.handleFlush(BlockOutputStream.java:473)
	at org.apache.hadoop.hdds.scm.storage.BlockOutputStream.close(BlockOutputStream.java:496)
	at org.apache.hadoop.ozone.client.io.BlockOutputStreamEntry.close(BlockOutputStreamEntry.java:143)
	at org.apache.hadoop.ozone.client.io.KeyOutputStream.handleFlushOrClose(KeyOutputStream.java:435)
	at org.apache.hadoop.ozone.client.io.KeyOutputStream.close(KeyOutputStream.java:473)
	at org.apache.hadoop.ozone.client.io.OzoneOutputStream.close(OzoneOutputStream.java:60)
	at org.apache.hadoop.ozone.client.rpc.TestFailureHandlingByClient.testBlockWritesWithDnFailures(TestFailureHandlingByClient.java:163)
	at sun.reflect.NativeMethodAccessorImpl.invoke0(Native Method)
	at sun.reflect.NativeMethodAccessorImpl.invoke(NativeMethodAccessorImpl.java:62)
	at sun.reflect.DelegatingMethodAccessorImpl.invoke(DelegatingMethodAccessorImpl.java:43)
	at java.lang.reflect.Method.invoke(Method.java:498)
	at org.junit.runners.model.FrameworkMethod$1.runReflectiveCall(FrameworkMethod.java:47)
	at org.junit.internal.runners.model.ReflectiveCallable.run(ReflectiveCallable.java:12)
	at org.junit.runners.model.FrameworkMethod.invokeExplosively(FrameworkMethod.java:44)
	at org.junit.internal.runners.statements.InvokeMethod.evaluate(InvokeMethod.java:17)
	at org.junit.internal.runners.statements.RunAfters.evaluate(RunAfters.java:27)
	at org.junit.runners.ParentRunner.runLeaf(ParentRunner.java:271)
	at org.junit.runners.BlockJUnit4ClassRunner.runChild(BlockJUnit4ClassRunner.java:70)
	at org.junit.runners.BlockJUnit4ClassRunner.runChild(BlockJUnit4ClassRunner.java:50)
	at org.junit.runners.ParentRunner$3.run(ParentRunner.java:238)
	at org.junit.runners.ParentRunner$1.schedule(ParentRunner.java:63)
	at org.junit.runners.ParentRunner.runChildren(ParentRunner.java:236)
	at org.junit.runners.ParentRunner.access$000(ParentRunner.java:53)
	at org.junit.runners.ParentRunner$2.evaluate(ParentRunner.java:229)
	at org.junit.runners.ParentRunner.run(ParentRunner.java:309)
	at org.apache.maven.surefire.junit4.JUnit4Provider.execute(JUnit4Provider.java:365)
	at org.apache.maven.surefire.junit4.JUnit4Provider.executeWithRerun(JUnit4Provider.java:273)
	at org.apache.maven.surefire.junit4.JUnit4Provider.executeTestSet(JUnit4Provider.java:238)
	at org.apache.maven.surefire.junit4.JUnit4Provider.invoke(JUnit4Provider.java:159)
	at org.apache.maven.surefire.booter.ForkedBooter.invokeProviderInSameClassLoader(ForkedBooter.java:384)
	at org.apache.maven.surefire.booter.ForkedBooter.runSuitesInProcess(ForkedBooter.java:345)
	at org.apache.maven.surefire.booter.ForkedBooter.execute(ForkedBooter.java:126)
	at org.apache.maven.surefire.booter.ForkedBooter.main(ForkedBooter.java:418)

Oct 18, 2019 7:23:47 AM org.apache.ratis.thirdparty.io.grpc.internal.ManagedChannelOrphanWrapper$ManagedChannelReference cleanQueue
SEVERE: *~*~*~ Channel ManagedChannelImpl{logId=1318, target=192.168.34.25:46655} was not shutdown properly!!! ~*~*~*
    Make sure to call shutdown()/shutdownNow() and wait until awaitTermination() returns true.
java.lang.RuntimeException: ManagedChannel allocation site
	at org.apache.ratis.thirdparty.io.grpc.internal.ManagedChannelOrphanWrapper$ManagedChannelReference.<init>(ManagedChannelOrphanWrapper.java:103)
	at org.apache.ratis.thirdparty.io.grpc.internal.ManagedChannelOrphanWrapper.<init>(ManagedChannelOrphanWrapper.java:53)
	at org.apache.ratis.thirdparty.io.grpc.internal.ManagedChannelOrphanWrapper.<init>(ManagedChannelOrphanWrapper.java:44)
	at org.apache.ratis.thirdparty.io.grpc.internal.AbstractManagedChannelImplBuilder.build(AbstractManagedChannelImplBuilder.java:411)
	at org.apache.hadoop.hdds.scm.XceiverClientGrpc.connectToDatanode(XceiverClientGrpc.java:183)
	at org.apache.hadoop.hdds.scm.XceiverClientGrpc.reconnect(XceiverClientGrpc.java:434)
	at org.apache.hadoop.hdds.scm.XceiverClientGrpc.sendCommandAsync(XceiverClientGrpc.java:382)
	at org.apache.hadoop.hdds.scm.XceiverClientGrpc.sendCommandWithRetry(XceiverClientGrpc.java:295)
	at org.apache.hadoop.hdds.scm.XceiverClientGrpc.sendCommandWithTraceIDAndRetry(XceiverClientGrpc.java:259)
	at org.apache.hadoop.hdds.scm.XceiverClientGrpc.sendCommand(XceiverClientGrpc.java:242)
	at org.apache.hadoop.hdds.scm.storage.ContainerProtocolCalls.getBlock(ContainerProtocolCalls.java:118)
	at org.apache.hadoop.hdds.scm.storage.BlockInputStream.getChunkInfos(BlockInputStream.java:169)
	at org.apache.hadoop.hdds.scm.storage.BlockInputStream.initialize(BlockInputStream.java:118)
	at org.apache.hadoop.hdds.scm.storage.BlockInputStream.read(BlockInputStream.java:224)
	at org.apache.hadoop.ozone.client.io.KeyInputStream.read(KeyInputStream.java:173)
	at org.apache.hadoop.ozone.client.io.OzoneInputStream.read(OzoneInputStream.java:47)
	at java.io.InputStream.read(InputStream.java:101)
	at org.apache.hadoop.ozone.container.ContainerTestHelper.validateData(ContainerTestHelper.java:715)
	at org.apache.hadoop.ozone.client.rpc.TestFailureHandlingByClient.validateData(TestFailureHandlingByClient.java:413)
	at org.apache.hadoop.ozone.client.rpc.TestFailureHandlingByClient.testBlockWritesWithDnFailures(TestFailureHandlingByClient.java:172)
	at sun.reflect.NativeMethodAccessorImpl.invoke0(Native Method)
	at sun.reflect.NativeMethodAccessorImpl.invoke(NativeMethodAccessorImpl.java:62)
	at sun.reflect.DelegatingMethodAccessorImpl.invoke(DelegatingMethodAccessorImpl.java:43)
	at java.lang.reflect.Method.invoke(Method.java:498)
	at org.junit.runners.model.FrameworkMethod$1.runReflectiveCall(FrameworkMethod.java:47)
	at org.junit.internal.runners.model.ReflectiveCallable.run(ReflectiveCallable.java:12)
	at org.junit.runners.model.FrameworkMethod.invokeExplosively(FrameworkMethod.java:44)
	at org.junit.internal.runners.statements.InvokeMethod.evaluate(InvokeMethod.java:17)
	at org.junit.internal.runners.statements.RunAfters.evaluate(RunAfters.java:27)
	at org.junit.runners.ParentRunner.runLeaf(ParentRunner.java:271)
	at org.junit.runners.BlockJUnit4ClassRunner.runChild(BlockJUnit4ClassRunner.java:70)
	at org.junit.runners.BlockJUnit4ClassRunner.runChild(BlockJUnit4ClassRunner.java:50)
	at org.junit.runners.ParentRunner$3.run(ParentRunner.java:238)
	at org.junit.runners.ParentRunner$1.schedule(ParentRunner.java:63)
	at org.junit.runners.ParentRunner.runChildren(ParentRunner.java:236)
	at org.junit.runners.ParentRunner.access$000(ParentRunner.java:53)
	at org.junit.runners.ParentRunner$2.evaluate(ParentRunner.java:229)
	at org.junit.runners.ParentRunner.run(ParentRunner.java:309)
	at org.apache.maven.surefire.junit4.JUnit4Provider.execute(JUnit4Provider.java:365)
	at org.apache.maven.surefire.junit4.JUnit4Provider.executeWithRerun(JUnit4Provider.java:273)
	at org.apache.maven.surefire.junit4.JUnit4Provider.executeTestSet(JUnit4Provider.java:238)
	at org.apache.maven.surefire.junit4.JUnit4Provider.invoke(JUnit4Provider.java:159)
	at org.apache.maven.surefire.booter.ForkedBooter.invokeProviderInSameClassLoader(ForkedBooter.java:384)
	at org.apache.maven.surefire.booter.ForkedBooter.runSuitesInProcess(ForkedBooter.java:345)
	at org.apache.maven.surefire.booter.ForkedBooter.execute(ForkedBooter.java:126)
	at org.apache.maven.surefire.booter.ForkedBooter.main(ForkedBooter.java:418)

Oct 18, 2019 7:23:47 AM org.apache.ratis.thirdparty.io.grpc.internal.ManagedChannelOrphanWrapper$ManagedChannelReference cleanQueue
SEVERE: *~*~*~ Channel ManagedChannelImpl{logId=1327, target=192.168.34.25:39014} was not shutdown properly!!! ~*~*~*
    Make sure to call shutdown()/shutdownNow() and wait until awaitTermination() returns true.
java.lang.RuntimeException: ManagedChannel allocation site
	at org.apache.ratis.thirdparty.io.grpc.internal.ManagedChannelOrphanWrapper$ManagedChannelReference.<init>(ManagedChannelOrphanWrapper.java:103)
	at org.apache.ratis.thirdparty.io.grpc.internal.ManagedChannelOrphanWrapper.<init>(ManagedChannelOrphanWrapper.java:53)
	at org.apache.ratis.thirdparty.io.grpc.internal.ManagedChannelOrphanWrapper.<init>(ManagedChannelOrphanWrapper.java:44)
	at org.apache.ratis.thirdparty.io.grpc.internal.AbstractManagedChannelImplBuilder.build(AbstractManagedChannelImplBuilder.java:411)
	at org.apache.hadoop.hdds.scm.XceiverClientGrpc.connectToDatanode(XceiverClientGrpc.java:183)
	at org.apache.hadoop.hdds.scm.XceiverClientGrpc.reconnect(XceiverClientGrpc.java:434)
	at org.apache.hadoop.hdds.scm.XceiverClientGrpc.sendCommandAsync(XceiverClientGrpc.java:382)
	at org.apache.hadoop.hdds.scm.XceiverClientGrpc.sendCommandWithRetry(XceiverClientGrpc.java:295)
	at org.apache.hadoop.hdds.scm.XceiverClientGrpc.sendCommandWithTraceIDAndRetry(XceiverClientGrpc.java:259)
	at org.apache.hadoop.hdds.scm.XceiverClientGrpc.sendCommand(XceiverClientGrpc.java:242)
	at org.apache.hadoop.hdds.scm.storage.ContainerProtocolCalls.getBlock(ContainerProtocolCalls.java:118)
	at org.apache.hadoop.hdds.scm.storage.BlockInputStream.getChunkInfos(BlockInputStream.java:169)
	at org.apache.hadoop.hdds.scm.storage.BlockInputStream.initialize(BlockInputStream.java:118)
	at org.apache.hadoop.hdds.scm.storage.BlockInputStream.read(BlockInputStream.java:224)
	at org.apache.hadoop.ozone.client.io.KeyInputStream.read(KeyInputStream.java:173)
	at org.apache.hadoop.ozone.client.io.OzoneInputStream.read(OzoneInputStream.java:47)
	at java.io.InputStream.read(InputStream.java:101)
	at org.apache.hadoop.ozone.container.ContainerTestHelper.validateData(ContainerTestHelper.java:715)
	at org.apache.hadoop.ozone.client.rpc.TestFailureHandlingByClient.validateData(TestFailureHandlingByClient.java:413)
	at org.apache.hadoop.ozone.client.rpc.TestFailureHandlingByClient.testBlockWritesWithDnFailures(TestFailureHandlingByClient.java:172)
	at sun.reflect.NativeMethodAccessorImpl.invoke0(Native Method)
	at sun.reflect.NativeMethodAccessorImpl.invoke(NativeMethodAccessorImpl.java:62)
	at sun.reflect.DelegatingMethodAccessorImpl.invoke(DelegatingMethodAccessorImpl.java:43)
	at java.lang.reflect.Method.invoke(Method.java:498)
	at org.junit.runners.model.FrameworkMethod$1.runReflectiveCall(FrameworkMethod.java:47)
	at org.junit.internal.runners.model.ReflectiveCallable.run(ReflectiveCallable.java:12)
	at org.junit.runners.model.FrameworkMethod.invokeExplosively(FrameworkMethod.java:44)
	at org.junit.internal.runners.statements.InvokeMethod.evaluate(InvokeMethod.java:17)
	at org.junit.internal.runners.statements.RunAfters.evaluate(RunAfters.java:27)
	at org.junit.runners.ParentRunner.runLeaf(ParentRunner.java:271)
	at org.junit.runners.BlockJUnit4ClassRunner.runChild(BlockJUnit4ClassRunner.java:70)
	at org.junit.runners.BlockJUnit4ClassRunner.runChild(BlockJUnit4ClassRunner.java:50)
	at org.junit.runners.ParentRunner$3.run(ParentRunner.java:238)
	at org.junit.runners.ParentRunner$1.schedule(ParentRunner.java:63)
	at org.junit.runners.ParentRunner.runChildren(ParentRunner.java:236)
	at org.junit.runners.ParentRunner.access$000(ParentRunner.java:53)
	at org.junit.runners.ParentRunner$2.evaluate(ParentRunner.java:229)
	at org.junit.runners.ParentRunner.run(ParentRunner.java:309)
	at org.apache.maven.surefire.junit4.JUnit4Provider.execute(JUnit4Provider.java:365)
	at org.apache.maven.surefire.junit4.JUnit4Provider.executeWithRerun(JUnit4Provider.java:273)
	at org.apache.maven.surefire.junit4.JUnit4Provider.executeTestSet(JUnit4Provider.java:238)
	at org.apache.maven.surefire.junit4.JUnit4Provider.invoke(JUnit4Provider.java:159)
	at org.apache.maven.surefire.booter.ForkedBooter.invokeProviderInSameClassLoader(ForkedBooter.java:384)
	at org.apache.maven.surefire.booter.ForkedBooter.runSuitesInProcess(ForkedBooter.java:345)
	at org.apache.maven.surefire.booter.ForkedBooter.execute(ForkedBooter.java:126)
	at org.apache.maven.surefire.booter.ForkedBooter.main(ForkedBooter.java:418)

Oct 18, 2019 7:23:47 AM org.apache.ratis.thirdparty.io.grpc.internal.ManagedChannelOrphanWrapper$ManagedChannelReference cleanQueue
SEVERE: *~*~*~ Channel ManagedChannelImpl{logId=1322, target=192.168.34.25:44300} was not shutdown properly!!! ~*~*~*
    Make sure to call shutdown()/shutdownNow() and wait until awaitTermination() returns true.
java.lang.RuntimeException: ManagedChannel allocation site
	at org.apache.ratis.thirdparty.io.grpc.internal.ManagedChannelOrphanWrapper$ManagedChannelReference.<init>(ManagedChannelOrphanWrapper.java:103)
	at org.apache.ratis.thirdparty.io.grpc.internal.ManagedChannelOrphanWrapper.<init>(ManagedChannelOrphanWrapper.java:53)
	at org.apache.ratis.thirdparty.io.grpc.internal.ManagedChannelOrphanWrapper.<init>(ManagedChannelOrphanWrapper.java:44)
	at org.apache.ratis.thirdparty.io.grpc.internal.AbstractManagedChannelImplBuilder.build(AbstractManagedChannelImplBuilder.java:411)
	at org.apache.hadoop.hdds.scm.XceiverClientGrpc.connectToDatanode(XceiverClientGrpc.java:183)
	at org.apache.hadoop.hdds.scm.XceiverClientGrpc.reconnect(XceiverClientGrpc.java:434)
	at org.apache.hadoop.hdds.scm.XceiverClientGrpc.sendCommandAsync(XceiverClientGrpc.java:382)
	at org.apache.hadoop.hdds.scm.XceiverClientGrpc.sendCommandWithRetry(XceiverClientGrpc.java:295)
	at org.apache.hadoop.hdds.scm.XceiverClientGrpc.sendCommandWithTraceIDAndRetry(XceiverClientGrpc.java:259)
	at org.apache.hadoop.hdds.scm.XceiverClientGrpc.sendCommand(XceiverClientGrpc.java:242)
	at org.apache.hadoop.hdds.scm.storage.ContainerProtocolCalls.getBlock(ContainerProtocolCalls.java:118)
	at org.apache.hadoop.hdds.scm.storage.BlockInputStream.getChunkInfos(BlockInputStream.java:169)
	at org.apache.hadoop.hdds.scm.storage.BlockInputStream.initialize(BlockInputStream.java:118)
	at org.apache.hadoop.hdds.scm.storage.BlockInputStream.read(BlockInputStream.java:224)
	at org.apache.hadoop.ozone.client.io.KeyInputStream.read(KeyInputStream.java:173)
	at org.apache.hadoop.ozone.client.io.OzoneInputStream.read(OzoneInputStream.java:47)
	at java.io.InputStream.read(InputStream.java:101)
	at org.apache.hadoop.ozone.container.ContainerTestHelper.validateData(ContainerTestHelper.java:715)
	at org.apache.hadoop.ozone.client.rpc.TestFailureHandlingByClient.validateData(TestFailureHandlingByClient.java:413)
	at org.apache.hadoop.ozone.client.rpc.TestFailureHandlingByClient.testBlockWritesWithDnFailures(TestFailureHandlingByClient.java:172)
	at sun.reflect.NativeMethodAccessorImpl.invoke0(Native Method)
	at sun.reflect.NativeMethodAccessorImpl.invoke(NativeMethodAccessorImpl.java:62)
	at sun.reflect.DelegatingMethodAccessorImpl.invoke(DelegatingMethodAccessorImpl.java:43)
	at java.lang.reflect.Method.invoke(Method.java:498)
	at org.junit.runners.model.FrameworkMethod$1.runReflectiveCall(FrameworkMethod.java:47)
	at org.junit.internal.runners.model.ReflectiveCallable.run(ReflectiveCallable.java:12)
	at org.junit.runners.model.FrameworkMethod.invokeExplosively(FrameworkMethod.java:44)
	at org.junit.internal.runners.statements.InvokeMethod.evaluate(InvokeMethod.java:17)
	at org.junit.internal.runners.statements.RunAfters.evaluate(RunAfters.java:27)
	at org.junit.runners.ParentRunner.runLeaf(ParentRunner.java:271)
	at org.junit.runners.BlockJUnit4ClassRunner.runChild(BlockJUnit4ClassRunner.java:70)
	at org.junit.runners.BlockJUnit4ClassRunner.runChild(BlockJUnit4ClassRunner.java:50)
	at org.junit.runners.ParentRunner$3.run(ParentRunner.java:238)
	at org.junit.runners.ParentRunner$1.schedule(ParentRunner.java:63)
	at org.junit.runners.ParentRunner.runChildren(ParentRunner.java:236)
	at org.junit.runners.ParentRunner.access$000(ParentRunner.java:53)
	at org.junit.runners.ParentRunner$2.evaluate(ParentRunner.java:229)
	at org.junit.runners.ParentRunner.run(ParentRunner.java:309)
	at org.apache.maven.surefire.junit4.JUnit4Provider.execute(JUnit4Provider.java:365)
	at org.apache.maven.surefire.junit4.JUnit4Provider.executeWithRerun(JUnit4Provider.java:273)
	at org.apache.maven.surefire.junit4.JUnit4Provider.executeTestSet(JUnit4Provider.java:238)
	at org.apache.maven.surefire.junit4.JUnit4Provider.invoke(JUnit4Provider.java:159)
	at org.apache.maven.surefire.booter.ForkedBooter.invokeProviderInSameClassLoader(ForkedBooter.java:384)
	at org.apache.maven.surefire.booter.ForkedBooter.runSuitesInProcess(ForkedBooter.java:345)
	at org.apache.maven.surefire.booter.ForkedBooter.execute(ForkedBooter.java:126)
	at org.apache.maven.surefire.booter.ForkedBooter.main(ForkedBooter.java:418)

Oct 18, 2019 7:24:09 AM org.apache.ratis.thirdparty.io.grpc.internal.SerializingExecutor run
SEVERE: Exception while executing runnable org.apache.ratis.thirdparty.io.grpc.internal.ServerImpl$JumpToApplicationThreadServerStreamListener$1Closed@75db1585
org.apache.ratis.thirdparty.io.grpc.StatusRuntimeException: CANCELLED: call already cancelled
	at org.apache.ratis.thirdparty.io.grpc.Status.asRuntimeException(Status.java:517)
	at org.apache.ratis.thirdparty.io.grpc.stub.ServerCalls$ServerCallStreamObserverImpl.onCompleted(ServerCalls.java:356)
	at org.apache.ratis.grpc.server.GrpcServerProtocolService$ServerRequestStreamObserver.onError(GrpcServerProtocolService.java:121)
	at org.apache.ratis.thirdparty.io.grpc.stub.ServerCalls$StreamingServerCallHandler$StreamingServerCallListener.onCancel(ServerCalls.java:269)
	at org.apache.ratis.thirdparty.io.grpc.internal.ServerCallImpl$ServerStreamListenerImpl.closed(ServerCallImpl.java:293)
	at org.apache.ratis.thirdparty.io.grpc.internal.ServerImpl$JumpToApplicationThreadServerStreamListener$1Closed.runInContext(ServerImpl.java:741)
	at org.apache.ratis.thirdparty.io.grpc.internal.ContextRunnable.run(ContextRunnable.java:37)
	at org.apache.ratis.thirdparty.io.grpc.internal.SerializingExecutor.run(SerializingExecutor.java:123)
	at java.util.concurrent.ThreadPoolExecutor.runWorker(ThreadPoolExecutor.java:1149)
	at java.util.concurrent.ThreadPoolExecutor$Worker.run(ThreadPoolExecutor.java:624)
	at java.lang.Thread.run(Thread.java:748)

Oct 18, 2019 7:24:09 AM org.apache.ratis.thirdparty.io.grpc.internal.SerializingExecutor run
SEVERE: Exception while executing runnable org.apache.ratis.thirdparty.io.grpc.internal.ClientCallImpl$ClientStreamListenerImpl$1StreamClosed@6f985e29
java.lang.NullPointerException
	at org.apache.ratis.grpc.server.GrpcLogAppender$AppendLogResponseHandler.onError(GrpcLogAppender.java:303)
	at org.apache.ratis.thirdparty.io.grpc.stub.ClientCalls$StreamObserverToCallListenerAdapter.onClose(ClientCalls.java:434)
	at org.apache.ratis.thirdparty.io.grpc.PartialForwardingClientCallListener.onClose(PartialForwardingClientCallListener.java:39)
	at org.apache.ratis.thirdparty.io.grpc.ForwardingClientCallListener.onClose(ForwardingClientCallListener.java:23)
	at org.apache.ratis.thirdparty.io.grpc.ForwardingClientCallListener$SimpleForwardingClientCallListener.onClose(ForwardingClientCallListener.java:40)
	at org.apache.ratis.thirdparty.io.grpc.internal.CensusStatsModule$StatsClientInterceptor$1$1.onClose(CensusStatsModule.java:678)
	at org.apache.ratis.thirdparty.io.grpc.PartialForwardingClientCallListener.onClose(PartialForwardingClientCallListener.java:39)
	at org.apache.ratis.thirdparty.io.grpc.ForwardingClientCallListener.onClose(ForwardingClientCallListener.java:23)
	at org.apache.ratis.thirdparty.io.grpc.ForwardingClientCallListener$SimpleForwardingClientCallListener.onClose(ForwardingClientCallListener.java:40)
	at org.apache.ratis.thirdparty.io.grpc.internal.CensusTracingModule$TracingClientInterceptor$1$1.onClose(CensusTracingModule.java:397)
	at org.apache.ratis.thirdparty.io.grpc.internal.ClientCallImpl.closeObserver(ClientCallImpl.java:459)
	at org.apache.ratis.thirdparty.io.grpc.internal.ClientCallImpl.access$300(ClientCallImpl.java:63)
	at org.apache.ratis.thirdparty.io.grpc.internal.ClientCallImpl$ClientStreamListenerImpl.close(ClientCallImpl.java:546)
	at org.apache.ratis.thirdparty.io.grpc.internal.ClientCallImpl$ClientStreamListenerImpl.access$600(ClientCallImpl.java:467)
	at org.apache.ratis.thirdparty.io.grpc.internal.ClientCallImpl$ClientStreamListenerImpl$1StreamClosed.runInContext(ClientCallImpl.java:584)
	at org.apache.ratis.thirdparty.io.grpc.internal.ContextRunnable.run(ContextRunnable.java:37)
	at org.apache.ratis.thirdparty.io.grpc.internal.SerializingExecutor.run(SerializingExecutor.java:123)
	at java.util.concurrent.ThreadPoolExecutor.runWorker(ThreadPoolExecutor.java:1149)
	at java.util.concurrent.ThreadPoolExecutor$Worker.run(ThreadPoolExecutor.java:624)
	at java.lang.Thread.run(Thread.java:748)

Oct 18, 2019 7:24:11 AM org.apache.ratis.thirdparty.io.grpc.internal.SerializingExecutor run
SEVERE: Exception while executing runnable org.apache.ratis.thirdparty.io.grpc.internal.ClientCallImpl$ClientStreamListenerImpl$1StreamClosed@14ed56b8
java.lang.NullPointerException
	at org.apache.ratis.grpc.server.GrpcLogAppender$AppendLogResponseHandler.onError(GrpcLogAppender.java:303)
	at org.apache.ratis.thirdparty.io.grpc.stub.ClientCalls$StreamObserverToCallListenerAdapter.onClose(ClientCalls.java:434)
	at org.apache.ratis.thirdparty.io.grpc.PartialForwardingClientCallListener.onClose(PartialForwardingClientCallListener.java:39)
	at org.apache.ratis.thirdparty.io.grpc.ForwardingClientCallListener.onClose(ForwardingClientCallListener.java:23)
	at org.apache.ratis.thirdparty.io.grpc.ForwardingClientCallListener$SimpleForwardingClientCallListener.onClose(ForwardingClientCallListener.java:40)
	at org.apache.ratis.thirdparty.io.grpc.internal.CensusStatsModule$StatsClientInterceptor$1$1.onClose(CensusStatsModule.java:678)
	at org.apache.ratis.thirdparty.io.grpc.PartialForwardingClientCallListener.onClose(PartialForwardingClientCallListener.java:39)
	at org.apache.ratis.thirdparty.io.grpc.ForwardingClientCallListener.onClose(ForwardingClientCallListener.java:23)
	at org.apache.ratis.thirdparty.io.grpc.ForwardingClientCallListener$SimpleForwardingClientCallListener.onClose(ForwardingClientCallListener.java:40)
	at org.apache.ratis.thirdparty.io.grpc.internal.CensusTracingModule$TracingClientInterceptor$1$1.onClose(CensusTracingModule.java:397)
	at org.apache.ratis.thirdparty.io.grpc.internal.ClientCallImpl.closeObserver(ClientCallImpl.java:459)
	at org.apache.ratis.thirdparty.io.grpc.internal.ClientCallImpl.access$300(ClientCallImpl.java:63)
	at org.apache.ratis.thirdparty.io.grpc.internal.ClientCallImpl$ClientStreamListenerImpl.close(ClientCallImpl.java:546)
	at org.apache.ratis.thirdparty.io.grpc.internal.ClientCallImpl$ClientStreamListenerImpl.access$600(ClientCallImpl.java:467)
	at org.apache.ratis.thirdparty.io.grpc.internal.ClientCallImpl$ClientStreamListenerImpl$1StreamClosed.runInContext(ClientCallImpl.java:584)
	at org.apache.ratis.thirdparty.io.grpc.internal.ContextRunnable.run(ContextRunnable.java:37)
	at org.apache.ratis.thirdparty.io.grpc.internal.SerializingExecutor.run(SerializingExecutor.java:123)
	at java.util.concurrent.ThreadPoolExecutor.runWorker(ThreadPoolExecutor.java:1149)
	at java.util.concurrent.ThreadPoolExecutor$Worker.run(ThreadPoolExecutor.java:624)
	at java.lang.Thread.run(Thread.java:748)

Oct 18, 2019 7:24:19 AM org.apache.ratis.thirdparty.io.grpc.internal.SerializingExecutor run
SEVERE: Exception while executing runnable org.apache.ratis.thirdparty.io.grpc.internal.ServerImpl$JumpToApplicationThreadServerStreamListener$1Closed@fe9da3d
org.apache.ratis.thirdparty.io.grpc.StatusRuntimeException: CANCELLED: call already cancelled
	at org.apache.ratis.thirdparty.io.grpc.Status.asRuntimeException(Status.java:517)
	at org.apache.ratis.thirdparty.io.grpc.stub.ServerCalls$ServerCallStreamObserverImpl.onCompleted(ServerCalls.java:356)
	at org.apache.ratis.grpc.server.GrpcServerProtocolService$ServerRequestStreamObserver.onError(GrpcServerProtocolService.java:121)
	at org.apache.ratis.thirdparty.io.grpc.stub.ServerCalls$StreamingServerCallHandler$StreamingServerCallListener.onCancel(ServerCalls.java:269)
	at org.apache.ratis.thirdparty.io.grpc.internal.ServerCallImpl$ServerStreamListenerImpl.closed(ServerCallImpl.java:293)
	at org.apache.ratis.thirdparty.io.grpc.internal.ServerImpl$JumpToApplicationThreadServerStreamListener$1Closed.runInContext(ServerImpl.java:741)
	at org.apache.ratis.thirdparty.io.grpc.internal.ContextRunnable.run(ContextRunnable.java:37)
	at org.apache.ratis.thirdparty.io.grpc.internal.SerializingExecutor.run(SerializingExecutor.java:123)
	at java.util.concurrent.ThreadPoolExecutor.runWorker(ThreadPoolExecutor.java:1149)
	at java.util.concurrent.ThreadPoolExecutor$Worker.run(ThreadPoolExecutor.java:624)
	at java.lang.Thread.run(Thread.java:748)

Oct 18, 2019 7:24:19 AM org.apache.ratis.thirdparty.io.grpc.internal.SerializingExecutor run
SEVERE: Exception while executing runnable org.apache.ratis.thirdparty.io.grpc.internal.ClientCallImpl$ClientStreamListenerImpl$1StreamClosed@32e8e862
java.lang.NullPointerException
	at org.apache.ratis.grpc.server.GrpcLogAppender$AppendLogResponseHandler.onError(GrpcLogAppender.java:303)
	at org.apache.ratis.thirdparty.io.grpc.stub.ClientCalls$StreamObserverToCallListenerAdapter.onClose(ClientCalls.java:434)
	at org.apache.ratis.thirdparty.io.grpc.PartialForwardingClientCallListener.onClose(PartialForwardingClientCallListener.java:39)
	at org.apache.ratis.thirdparty.io.grpc.ForwardingClientCallListener.onClose(ForwardingClientCallListener.java:23)
	at org.apache.ratis.thirdparty.io.grpc.ForwardingClientCallListener$SimpleForwardingClientCallListener.onClose(ForwardingClientCallListener.java:40)
	at org.apache.ratis.thirdparty.io.grpc.internal.CensusStatsModule$StatsClientInterceptor$1$1.onClose(CensusStatsModule.java:678)
	at org.apache.ratis.thirdparty.io.grpc.PartialForwardingClientCallListener.onClose(PartialForwardingClientCallListener.java:39)
	at org.apache.ratis.thirdparty.io.grpc.ForwardingClientCallListener.onClose(ForwardingClientCallListener.java:23)
	at org.apache.ratis.thirdparty.io.grpc.ForwardingClientCallListener$SimpleForwardingClientCallListener.onClose(ForwardingClientCallListener.java:40)
	at org.apache.ratis.thirdparty.io.grpc.internal.CensusTracingModule$TracingClientInterceptor$1$1.onClose(CensusTracingModule.java:397)
	at org.apache.ratis.thirdparty.io.grpc.internal.ClientCallImpl.closeObserver(ClientCallImpl.java:459)
	at org.apache.ratis.thirdparty.io.grpc.internal.ClientCallImpl.access$300(ClientCallImpl.java:63)
	at org.apache.ratis.thirdparty.io.grpc.internal.ClientCallImpl$ClientStreamListenerImpl.close(ClientCallImpl.java:546)
	at org.apache.ratis.thirdparty.io.grpc.internal.ClientCallImpl$ClientStreamListenerImpl.access$600(ClientCallImpl.java:467)
	at org.apache.ratis.thirdparty.io.grpc.internal.ClientCallImpl$ClientStreamListenerImpl$1StreamClosed.runInContext(ClientCallImpl.java:584)
	at org.apache.ratis.thirdparty.io.grpc.internal.ContextRunnable.run(ContextRunnable.java:37)
	at org.apache.ratis.thirdparty.io.grpc.internal.SerializingExecutor.run(SerializingExecutor.java:123)
	at java.util.concurrent.ThreadPoolExecutor.runWorker(ThreadPoolExecutor.java:1149)
	at java.util.concurrent.ThreadPoolExecutor$Worker.run(ThreadPoolExecutor.java:624)
	at java.lang.Thread.run(Thread.java:748)

]]></system-err>
  </testcase>
</testsuite>