<?xml version="1.0" encoding="UTF-8"?>
<testsuite xmlns:xsi="http://www.w3.org/2001/XMLSchema-instance" xsi:noNamespaceSchemaLocation="https://maven.apache.org/surefire/maven-surefire-plugin/xsd/surefire-test-report.xsd" name="org.apache.hadoop.ozone.client.rpc.TestDeleteWithSlowFollower" time="134.15" tests="1" errors="0" skipped="0" failures="1">
  <properties>
    <property name="awt.toolkit" value="sun.awt.X11.XToolkit"/>
    <property name="file.encoding.pkg" value="sun.io"/>
    <property name="java.specification.version" value="1.8"/>
    <property name="sun.cpu.isalist" value=""/>
    <property name="sun.jnu.encoding" value="ANSI_X3.4-1968"/>
    <property name="java.class.path" value="/workdir/hadoop-ozone/integration-test/target/test-classes:/workdir/hadoop-ozone/integration-test/target/classes:/home/user/.m2/repository/org/apache/hadoop/hadoop-ozone-common/0.5.0-SNAPSHOT/hadoop-ozone-common-0.5.0-SNAPSHOT.jar:/home/user/.m2/repository/org/apache/commons/commons-compress/1.4.1/commons-compress-1.4.1.jar:/home/user/.m2/repository/org/tukaani/xz/1.0/xz-1.0.jar:/home/user/.m2/repository/org/apache/hadoop/hadoop-common/3.2.0/hadoop-common-3.2.0.jar:/home/user/.m2/repository/org/apache/hadoop/hadoop-hdfs/3.2.0/hadoop-hdfs-3.2.0.jar:/home/user/.m2/repository/org/apache/hadoop/hadoop-hdfs-client/3.2.0/hadoop-hdfs-client-3.2.0.jar:/home/user/.m2/repository/com/fasterxml/jackson/core/jackson-annotations/2.9.9/jackson-annotations-2.9.9.jar:/home/user/.m2/repository/org/apache/hadoop/hadoop-hdds-common/0.5.0-SNAPSHOT/hadoop-hdds-common-0.5.0-SNAPSHOT.jar:/home/user/.m2/repository/javax/annotation/javax.annotation-api/1.2/javax.annotation-api-1.2.jar:/home/user/.m2/repository/org/apache/ratis/ratis-server/0.5.0-3f446aa-SNAPSHOT/ratis-server-0.5.0-3f446aa-SNAPSHOT.jar:/home/user/.m2/repository/org/apache/ratis/ratis-thirdparty-misc/0.2.0/ratis-thirdparty-misc-0.2.0.jar:/home/user/.m2/repository/org/apache/ratis/ratis-proto/0.5.0-3f446aa-SNAPSHOT/ratis-proto-0.5.0-3f446aa-SNAPSHOT.jar:/home/user/.m2/repository/org/apache/ratis/ratis-common/0.5.0-3f446aa-SNAPSHOT/ratis-common-0.5.0-3f446aa-SNAPSHOT.jar:/home/user/.m2/repository/org/apache/ratis/ratis-client/0.5.0-3f446aa-SNAPSHOT/ratis-client-0.5.0-3f446aa-SNAPSHOT.jar:/home/user/.m2/repository/org/apache/ratis/ratis-metrics/0.5.0-3f446aa-SNAPSHOT/ratis-metrics-0.5.0-3f446aa-SNAPSHOT.jar:/home/user/.m2/repository/com/github/joshelser/dropwizard-metrics-hadoop-metrics2-reporter/0.1.2/dropwizard-metrics-hadoop-metrics2-reporter-0.1.2.jar:/home/user/.m2/repository/io/dropwizard/metrics/metrics-jvm/3.2.5/metrics-jvm-3.2.5.jar:/home/user/.m2/repository/io/dropwizard/metrics/metrics-ganglia/3.2.5/metrics-ganglia-3.2.5.jar:/home/user/.m2/repository/info/ganglia/gmetric4j/gmetric4j/1.0.7/gmetric4j-1.0.7.jar:/home/user/.m2/repository/org/apache/ratis/ratis-netty/0.5.0-3f446aa-SNAPSHOT/ratis-netty-0.5.0-3f446aa-SNAPSHOT.jar:/home/user/.m2/repository/org/apache/ratis/ratis-grpc/0.5.0-3f446aa-SNAPSHOT/ratis-grpc-0.5.0-3f446aa-SNAPSHOT.jar:/home/user/.m2/repository/org/rocksdb/rocksdbjni/6.0.1/rocksdbjni-6.0.1.jar:/home/user/.m2/repository/org/apache/logging/log4j/log4j-api/2.11.0/log4j-api-2.11.0.jar:/home/user/.m2/repository/org/apache/logging/log4j/log4j-core/2.11.0/log4j-core-2.11.0.jar:/home/user/.m2/repository/com/lmax/disruptor/3.4.2/disruptor-3.4.2.jar:/home/user/.m2/repository/org/apache/commons/commons-pool2/2.6.0/commons-pool2-2.6.0.jar:/home/user/.m2/repository/org/bouncycastle/bcpkix-jdk15on/1.60/bcpkix-jdk15on-1.60.jar:/home/user/.m2/repository/commons-validator/commons-validator/1.6/commons-validator-1.6.jar:/home/user/.m2/repository/commons-digester/commons-digester/1.8.1/commons-digester-1.8.1.jar:/home/user/.m2/repository/io/jaegertracing/jaeger-client/0.34.0/jaeger-client-0.34.0.jar:/home/user/.m2/repository/io/jaegertracing/jaeger-thrift/0.34.0/jaeger-thrift-0.34.0.jar:/home/user/.m2/repository/org/apache/thrift/libthrift/0.12.0/libthrift-0.12.0.jar:/home/user/.m2/repository/com/squareup/okhttp3/okhttp/3.9.0/okhttp-3.9.0.jar:/home/user/.m2/repository/com/squareup/okio/okio/1.13.0/okio-1.13.0.jar:/home/user/.m2/repository/io/jaegertracing/jaeger-core/0.34.0/jaeger-core-0.34.0.jar:/home/user/.m2/repository/io/jaegertracing/jaeger-tracerresolver/0.34.0/jaeger-tracerresolver-0.34.0.jar:/home/user/.m2/repository/io/opentracing/contrib/opentracing-tracerresolver/0.1.5/opentracing-tracerresolver-0.1.5.jar:/home/user/.m2/repository/io/opentracing/opentracing-util/0.31.0/opentracing-util-0.31.0.jar:/home/user/.m2/repository/io/opentracing/opentracing-api/0.31.0/opentracing-api-0.31.0.jar:/home/user/.m2/repository/io/opentracing/opentracing-noop/0.31.0/opentracing-noop-0.31.0.jar:/home/user/.m2/repository/org/apache/hadoop/hadoop-hdds-server-framework/0.5.0-SNAPSHOT/hadoop-hdds-server-framework-0.5.0-SNAPSHOT.jar:/home/user/.m2/repository/org/apache/hadoop/hadoop-hdds-container-service/0.5.0-SNAPSHOT/hadoop-hdds-container-service-0.5.0-SNAPSHOT.jar:/home/user/.m2/repository/org/apache/hadoop/hadoop-hdds-client/0.5.0-SNAPSHOT/hadoop-hdds-client-0.5.0-SNAPSHOT.jar:/home/user/.m2/repository/org/apache/hadoop/hadoop-hdds-tools/0.5.0-SNAPSHOT/hadoop-hdds-tools-0.5.0-SNAPSHOT.jar:/home/user/.m2/repository/org/apache/hadoop/hadoop-hdds-server-scm/0.5.0-SNAPSHOT/hadoop-hdds-server-scm-0.5.0-SNAPSHOT.jar:/home/user/.m2/repository/org/apache/hadoop/hadoop-hdds-docs/0.5.0-SNAPSHOT/hadoop-hdds-docs-0.5.0-SNAPSHOT.jar:/home/user/.m2/repository/io/dropwizard/metrics/metrics-core/3.2.4/metrics-core-3.2.4.jar:/home/user/.m2/repository/org/hamcrest/hamcrest-all/1.3/hamcrest-all-1.3.jar:/home/user/.m2/repository/org/bouncycastle/bcprov-jdk15on/1.60/bcprov-jdk15on-1.60.jar:/home/user/.m2/repository/info/picocli/picocli/3.9.6/picocli-3.9.6.jar:/home/user/.m2/repository/com/google/protobuf/protobuf-java/2.5.0/protobuf-java-2.5.0.jar:/home/user/.m2/repository/com/google/guava/guava/11.0.2/guava-11.0.2.jar:/home/user/.m2/repository/org/apache/hadoop/hadoop-ozone-ozone-manager/0.5.0-SNAPSHOT/hadoop-ozone-ozone-manager-0.5.0-SNAPSHOT.jar:/home/user/.m2/repository/org/apache/hadoop/hadoop-minikdc/3.2.0/hadoop-minikdc-3.2.0.jar:/home/user/.m2/repository/commons-io/commons-io/2.5/commons-io-2.5.jar:/home/user/.m2/repository/org/apache/kerby/kerb-simplekdc/1.0.1/kerb-simplekdc-1.0.1.jar:/home/user/.m2/repository/org/apache/kerby/kerb-client/1.0.1/kerb-client-1.0.1.jar:/home/user/.m2/repository/org/apache/kerby/kerby-config/1.0.1/kerby-config-1.0.1.jar:/home/user/.m2/repository/org/apache/kerby/kerb-core/1.0.1/kerb-core-1.0.1.jar:/home/user/.m2/repository/org/apache/kerby/kerby-pkix/1.0.1/kerby-pkix-1.0.1.jar:/home/user/.m2/repository/org/apache/kerby/kerby-asn1/1.0.1/kerby-asn1-1.0.1.jar:/home/user/.m2/repository/org/apache/kerby/kerby-util/1.0.1/kerby-util-1.0.1.jar:/home/user/.m2/repository/org/apache/kerby/kerb-common/1.0.1/kerb-common-1.0.1.jar:/home/user/.m2/repository/org/apache/kerby/kerb-crypto/1.0.1/kerb-crypto-1.0.1.jar:/home/user/.m2/repository/org/apache/kerby/kerb-util/1.0.1/kerb-util-1.0.1.jar:/home/user/.m2/repository/org/apache/kerby/token-provider/1.0.1/token-provider-1.0.1.jar:/home/user/.m2/repository/org/apache/kerby/kerb-admin/1.0.1/kerb-admin-1.0.1.jar:/home/user/.m2/repository/org/apache/kerby/kerb-server/1.0.1/kerb-server-1.0.1.jar:/home/user/.m2/repository/org/apache/kerby/kerb-identity/1.0.1/kerb-identity-1.0.1.jar:/home/user/.m2/repository/org/apache/kerby/kerby-xdr/1.0.1/kerby-xdr-1.0.1.jar:/home/user/.m2/repository/org/slf4j/slf4j-log4j12/1.7.25/slf4j-log4j12-1.7.25.jar:/home/user/.m2/repository/org/apache/hadoop/hadoop-ozone-s3gateway/0.5.0-SNAPSHOT/hadoop-ozone-s3gateway-0.5.0-SNAPSHOT.jar:/home/user/.m2/repository/org/jboss/weld/servlet/weld-servlet/2.4.7.Final/weld-servlet-2.4.7.Final.jar:/home/user/.m2/repository/org/glassfish/jersey/containers/jersey-container-servlet-core/2.27/jersey-container-servlet-core-2.27.jar:/home/user/.m2/repository/org/glassfish/hk2/external/javax.inject/2.5.0-b42/javax.inject-2.5.0-b42.jar:/home/user/.m2/repository/org/glassfish/jersey/core/jersey-common/2.27/jersey-common-2.27.jar:/home/user/.m2/repository/org/glassfish/hk2/osgi-resource-locator/1.0.1/osgi-resource-locator-1.0.1.jar:/home/user/.m2/repository/javax/ws/rs/javax.ws.rs-api/2.1/javax.ws.rs-api-2.1.jar:/home/user/.m2/repository/org/glassfish/jersey/ext/cdi/jersey-cdi1x/2.27/jersey-cdi1x-2.27.jar:/home/user/.m2/repository/org/glassfish/jersey/inject/jersey-hk2/2.27/jersey-hk2-2.27.jar:/home/user/.m2/repository/org/glassfish/hk2/hk2-locator/2.5.0-b42/hk2-locator-2.5.0-b42.jar:/home/user/.m2/repository/org/javassist/javassist/3.22.0-CR2/javassist-3.22.0-CR2.jar:/home/user/.m2/repository/org/glassfish/hk2/hk2-api/2.5.0/hk2-api-2.5.0.jar:/home/user/.m2/repository/org/glassfish/hk2/external/jakarta.inject/2.5.0/jakarta.inject-2.5.0.jar:/home/user/.m2/repository/org/glassfish/hk2/hk2-utils/2.5.0/hk2-utils-2.5.0.jar:/home/user/.m2/repository/jakarta/annotation/jakarta.annotation-api/1.3.4/jakarta.annotation-api-1.3.4.jar:/home/user/.m2/repository/org/glassfish/hk2/external/aopalliance-repackaged/2.5.0/aopalliance-repackaged-2.5.0.jar:/home/user/.m2/repository/com/fasterxml/jackson/dataformat/jackson-dataformat-xml/2.9.0/jackson-dataformat-xml-2.9.0.jar:/home/user/.m2/repository/com/fasterxml/jackson/core/jackson-core/2.9.9/jackson-core-2.9.9.jar:/home/user/.m2/repository/com/fasterxml/jackson/module/jackson-module-jaxb-annotations/2.9.9/jackson-module-jaxb-annotations-2.9.9.jar:/home/user/.m2/repository/javax/enterprise/cdi-api/1.2/cdi-api-1.2.jar:/home/user/.m2/repository/javax/el/javax.el-api/3.0.0/javax.el-api-3.0.0.jar:/home/user/.m2/repository/javax/interceptor/javax.interceptor-api/1.2/javax.interceptor-api-1.2.jar:/home/user/.m2/repository/javax/inject/javax.inject/1/javax.inject-1.jar:/home/user/.m2/repository/com/sun/xml/bind/jaxb-impl/2.3.0.1/jaxb-impl-2.3.0.1.jar:/home/user/.m2/repository/com/sun/xml/bind/jaxb-core/2.3.0.1/jaxb-core-2.3.0.1.jar:/home/user/.m2/repository/javax/xml/bind/jaxb-api/2.3.0/jaxb-api-2.3.0.jar:/home/user/.m2/repository/javax/activation/activation/1.1.1/activation-1.1.1.jar:/home/user/.m2/repository/org/apache/hadoop/hadoop-ozone-csi/0.5.0-SNAPSHOT/hadoop-ozone-csi-0.5.0-SNAPSHOT.jar:/home/user/.m2/repository/com/google/protobuf/protobuf-java-util/3.5.1/protobuf-java-util-3.5.1.jar:/home/user/.m2/repository/org/apache/hadoop/hadoop-hdds-config/0.5.0-SNAPSHOT/hadoop-hdds-config-0.5.0-SNAPSHOT.jar:/home/user/.m2/repository/io/grpc/grpc-netty/1.17.1/grpc-netty-1.17.1.jar:/home/user/.m2/repository/io/grpc/grpc-core/1.17.1/grpc-core-1.17.1.jar:/home/user/.m2/repository/io/grpc/grpc-context/1.17.1/grpc-context-1.17.1.jar:/home/user/.m2/repository/com/google/errorprone/error_prone_annotations/2.2.0/error_prone_annotations-2.2.0.jar:/home/user/.m2/repository/org/codehaus/mojo/animal-sniffer-annotations/1.17/animal-sniffer-annotations-1.17.jar:/home/user/.m2/repository/io/opencensus/opencensus-api/0.17.0/opencensus-api-0.17.0.jar:/home/user/.m2/repository/io/opencensus/opencensus-contrib-grpc-metrics/0.17.0/opencensus-contrib-grpc-metrics-0.17.0.jar:/home/user/.m2/repository/io/netty/netty-codec-http2/4.1.30.Final/netty-codec-http2-4.1.30.Final.jar:/home/user/.m2/repository/io/netty/netty-codec-http/4.1.30.Final/netty-codec-http-4.1.30.Final.jar:/home/user/.m2/repository/io/netty/netty-codec/4.1.30.Final/netty-codec-4.1.30.Final.jar:/home/user/.m2/repository/io/netty/netty-handler/4.1.30.Final/netty-handler-4.1.30.Final.jar:/home/user/.m2/repository/io/netty/netty-handler-proxy/4.1.30.Final/netty-handler-proxy-4.1.30.Final.jar:/home/user/.m2/repository/io/netty/netty-codec-socks/4.1.30.Final/netty-codec-socks-4.1.30.Final.jar:/home/user/.m2/repository/io/netty/netty-transport-native-epoll/4.1.30.Final/netty-transport-native-epoll-4.1.30.Final.jar:/home/user/.m2/repository/io/netty/netty-common/4.1.30.Final/netty-common-4.1.30.Final.jar:/home/user/.m2/repository/io/netty/netty-buffer/4.1.30.Final/netty-buffer-4.1.30.Final.jar:/home/user/.m2/repository/io/netty/netty-transport/4.1.30.Final/netty-transport-4.1.30.Final.jar:/home/user/.m2/repository/io/netty/netty-resolver/4.1.30.Final/netty-resolver-4.1.30.Final.jar:/home/user/.m2/repository/io/netty/netty-transport-native-unix-common/4.1.30.Final/netty-transport-native-unix-common-4.1.30.Final.jar:/home/user/.m2/repository/io/grpc/grpc-protobuf/1.17.1/grpc-protobuf-1.17.1.jar:/home/user/.m2/repository/com/google/api/grpc/proto-google-common-protos/1.0.0/proto-google-common-protos-1.0.0.jar:/home/user/.m2/repository/io/grpc/grpc-protobuf-lite/1.17.1/grpc-protobuf-lite-1.17.1.jar:/home/user/.m2/repository/io/grpc/grpc-stub/1.17.1/grpc-stub-1.17.1.jar:/home/user/.m2/repository/org/apache/hadoop/hadoop-ozone-recon/0.5.0-SNAPSHOT/hadoop-ozone-recon-0.5.0-SNAPSHOT.jar:/home/user/.m2/repository/org/apache/hadoop/hadoop-ozone-reconcodegen/0.5.0-SNAPSHOT/hadoop-ozone-reconcodegen-0.5.0-SNAPSHOT.jar:/home/user/.m2/repository/com/google/inject/extensions/guice-multibindings/4.0/guice-multibindings-4.0.jar:/home/user/.m2/repository/com/google/inject/guice/4.0/guice-4.0.jar:/home/user/.m2/repository/aopalliance/aopalliance/1.0/aopalliance-1.0.jar:/home/user/.m2/repository/com/google/inject/extensions/guice-servlet/4.0/guice-servlet-4.0.jar:/home/user/.m2/repository/org/glassfish/jersey/containers/jersey-container-servlet/2.27/jersey-container-servlet-2.27.jar:/home/user/.m2/repository/org/glassfish/hk2/guice-bridge/2.5.0/guice-bridge-2.5.0.jar:/home/user/.m2/repository/org/glassfish/jersey/core/jersey-server/2.27/jersey-server-2.27.jar:/home/user/.m2/repository/org/glassfish/jersey/core/jersey-client/2.27/jersey-client-2.27.jar:/home/user/.m2/repository/org/glassfish/jersey/media/jersey-media-jaxb/2.27/jersey-media-jaxb-2.27.jar:/home/user/.m2/repository/javax/validation/validation-api/1.1.0.Final/validation-api-1.1.0.Final.jar:/home/user/.m2/repository/org/glassfish/jersey/media/jersey-media-json-jackson/2.27/jersey-media-json-jackson-2.27.jar:/home/user/.m2/repository/org/glassfish/jersey/ext/jersey-entity-filtering/2.27/jersey-entity-filtering-2.27.jar:/home/user/.m2/repository/com/google/inject/extensions/guice-assistedinject/4.0/guice-assistedinject-4.0.jar:/home/user/.m2/repository/org/jooq/jooq/3.11.10/jooq-3.11.10.jar:/home/user/.m2/repository/org/jooq/jooq-meta/3.11.10/jooq-meta-3.11.10.jar:/home/user/.m2/repository/org/jooq/jooq-codegen/3.11.10/jooq-codegen-3.11.10.jar:/home/user/.m2/repository/com/jolbox/bonecp/0.8.0.RELEASE/bonecp-0.8.0.RELEASE.jar:/home/user/.m2/repository/org/xerial/sqlite-jdbc/3.25.2/sqlite-jdbc-3.25.2.jar:/home/user/.m2/repository/org/springframework/spring-jdbc/5.1.3.RELEASE/spring-jdbc-5.1.3.RELEASE.jar:/home/user/.m2/repository/org/springframework/spring-beans/5.1.3.RELEASE/spring-beans-5.1.3.RELEASE.jar:/home/user/.m2/repository/org/springframework/spring-core/5.1.3.RELEASE/spring-core-5.1.3.RELEASE.jar:/home/user/.m2/repository/org/springframework/spring-jcl/5.1.3.RELEASE/spring-jcl-5.1.3.RELEASE.jar:/home/user/.m2/repository/org/springframework/spring-tx/5.1.3.RELEASE/spring-tx-5.1.3.RELEASE.jar:/home/user/.m2/repository/org/apache/hadoop/hadoop-ozone-client/0.5.0-SNAPSHOT/hadoop-ozone-client-0.5.0-SNAPSHOT.jar:/home/user/.m2/repository/commons-lang/commons-lang/2.6/commons-lang-2.6.jar:/home/user/.m2/repository/org/apache/hadoop/hadoop-ozone-ozone-manager/0.5.0-SNAPSHOT/hadoop-ozone-ozone-manager-0.5.0-SNAPSHOT-tests.jar:/home/user/.m2/repository/junit/junit/4.11/junit-4.11.jar:/home/user/.m2/repository/org/hamcrest/hamcrest-core/1.3/hamcrest-core-1.3.jar:/home/user/.m2/repository/org/openjdk/jmh/jmh-core/1.19/jmh-core-1.19.jar:/home/user/.m2/repository/net/sf/jopt-simple/jopt-simple/4.6/jopt-simple-4.6.jar:/home/user/.m2/repository/org/apache/commons/commons-math3/3.1.1/commons-math3-3.1.1.jar:/home/user/.m2/repository/org/openjdk/jmh/jmh-generator-annprocess/1.19/jmh-generator-annprocess-1.19.jar:/home/user/.m2/repository/org/mockito/mockito-all/1.8.5/mockito-all-1.8.5.jar:/home/user/.m2/repository/org/apache/hadoop/hadoop-kms/3.2.0/hadoop-kms-3.2.0.jar:/home/user/.m2/repository/org/apache/hadoop/hadoop-auth/3.2.0/hadoop-auth-3.2.0.jar:/home/user/.m2/repository/com/nimbusds/nimbus-jose-jwt/4.41.1/nimbus-jose-jwt-4.41.1.jar:/home/user/.m2/repository/com/github/stephenc/jcip/jcip-annotations/1.0-1/jcip-annotations-1.0-1.jar:/home/user/.m2/repository/net/minidev/json-smart/2.3/json-smart-2.3.jar:/home/user/.m2/repository/net/minidev/accessors-smart/1.2/accessors-smart-1.2.jar:/home/user/.m2/repository/org/ow2/asm/asm/5.0.4/asm-5.0.4.jar:/home/user/.m2/repository/org/apache/curator/curator-framework/2.12.0/curator-framework-2.12.0.jar:/home/user/.m2/repository/com/sun/jersey/jersey-core/1.19/jersey-core-1.19.jar:/home/user/.m2/repository/javax/ws/rs/jsr311-api/1.1.1/jsr311-api-1.1.1.jar:/home/user/.m2/repository/com/sun/jersey/jersey-server/1.19/jersey-server-1.19.jar:/home/user/.m2/repository/javax/servlet/javax.servlet-api/3.1.0/javax.servlet-api-3.1.0.jar:/home/user/.m2/repository/org/eclipse/jetty/jetty-server/9.3.25.v20180904/jetty-server-9.3.25.v20180904.jar:/home/user/.m2/repository/org/eclipse/jetty/jetty-http/9.3.25.v20180904/jetty-http-9.3.25.v20180904.jar:/home/user/.m2/repository/org/eclipse/jetty/jetty-io/9.3.25.v20180904/jetty-io-9.3.25.v20180904.jar:/home/user/.m2/repository/org/eclipse/jetty/jetty-webapp/9.3.25.v20180904/jetty-webapp-9.3.25.v20180904.jar:/home/user/.m2/repository/org/eclipse/jetty/jetty-xml/9.3.25.v20180904/jetty-xml-9.3.25.v20180904.jar:/home/user/.m2/repository/log4j/log4j/1.2.17/log4j-1.2.17.jar:/home/user/.m2/repository/org/slf4j/slf4j-api/1.7.25/slf4j-api-1.7.25.jar:/home/user/.m2/repository/org/slf4j/jul-to-slf4j/1.7.25/jul-to-slf4j-1.7.25.jar:/home/user/.m2/repository/org/eclipse/jetty/jetty-util/9.3.25.v20180904/jetty-util-9.3.25.v20180904.jar:/home/user/.m2/repository/com/fasterxml/jackson/core/jackson-databind/2.9.9/jackson-databind-2.9.9.jar:/home/user/.m2/repository/org/apache/hadoop/hadoop-kms/3.2.0/hadoop-kms-3.2.0-tests.jar:/home/user/.m2/repository/org/apache/hadoop/hadoop-hdds-server-scm/0.5.0-SNAPSHOT/hadoop-hdds-server-scm-0.5.0-SNAPSHOT-tests.jar:/home/user/.m2/repository/org/apache/hadoop/hadoop-hdds-container-service/0.5.0-SNAPSHOT/hadoop-hdds-container-service-0.5.0-SNAPSHOT-tests.jar:/home/user/.m2/repository/org/yaml/snakeyaml/1.16/snakeyaml-1.16.jar:/home/user/.m2/repository/org/apache/hadoop/hadoop-common/3.2.0/hadoop-common-3.2.0-tests.jar:/home/user/.m2/repository/org/apache/hadoop/hadoop-annotations/3.2.0/hadoop-annotations-3.2.0.jar:/usr/lib/jvm/java-1.8.0-openjdk-1.8.0.222.b10-1.el7_7.x86_64/jre/../lib/tools.jar:/home/user/.m2/repository/commons-cli/commons-cli/1.2/commons-cli-1.2.jar:/home/user/.m2/repository/org/apache/httpcomponents/httpclient/4.5.2/httpclient-4.5.2.jar:/home/user/.m2/repository/org/apache/httpcomponents/httpcore/4.4.4/httpcore-4.4.4.jar:/home/user/.m2/repository/commons-codec/commons-codec/1.11/commons-codec-1.11.jar:/home/user/.m2/repository/commons-net/commons-net/3.6/commons-net-3.6.jar:/home/user/.m2/repository/commons-collections/commons-collections/3.2.2/commons-collections-3.2.2.jar:/home/user/.m2/repository/org/eclipse/jetty/jetty-servlet/9.3.25.v20180904/jetty-servlet-9.3.25.v20180904.jar:/home/user/.m2/repository/org/eclipse/jetty/jetty-security/9.3.25.v20180904/jetty-security-9.3.25.v20180904.jar:/home/user/.m2/repository/javax/servlet/jsp/jsp-api/2.1/jsp-api-2.1.jar:/home/user/.m2/repository/com/sun/jersey/jersey-servlet/1.19/jersey-servlet-1.19.jar:/home/user/.m2/repository/com/sun/jersey/jersey-json/1.19/jersey-json-1.19.jar:/home/user/.m2/repository/org/codehaus/jettison/jettison/1.1/jettison-1.1.jar:/home/user/.m2/repository/org/codehaus/jackson/jackson-core-asl/1.9.13/jackson-core-asl-1.9.13.jar:/home/user/.m2/repository/org/codehaus/jackson/jackson-mapper-asl/1.9.13/jackson-mapper-asl-1.9.13.jar:/home/user/.m2/repository/org/codehaus/jackson/jackson-jaxrs/1.9.13/jackson-jaxrs-1.9.13.jar:/home/user/.m2/repository/org/codehaus/jackson/jackson-xc/1.9.13/jackson-xc-1.9.13.jar:/home/user/.m2/repository/commons-logging/commons-logging/1.1.3/commons-logging-1.1.3.jar:/home/user/.m2/repository/commons-beanutils/commons-beanutils/1.9.4/commons-beanutils-1.9.4.jar:/home/user/.m2/repository/org/apache/commons/commons-configuration2/2.1.1/commons-configuration2-2.1.1.jar:/home/user/.m2/repository/org/apache/commons/commons-lang3/3.7/commons-lang3-3.7.jar:/home/user/.m2/repository/org/apache/commons/commons-text/1.4/commons-text-1.4.jar:/home/user/.m2/repository/org/apache/avro/avro/1.7.7/avro-1.7.7.jar:/home/user/.m2/repository/com/thoughtworks/paranamer/paranamer/2.3/paranamer-2.3.jar:/home/user/.m2/repository/org/xerial/snappy/snappy-java/1.0.5/snappy-java-1.0.5.jar:/home/user/.m2/repository/com/google/re2j/re2j/1.1/re2j-1.1.jar:/home/user/.m2/repository/com/google/code/gson/gson/2.2.4/gson-2.2.4.jar:/home/user/.m2/repository/com/jcraft/jsch/0.1.54/jsch-0.1.54.jar:/home/user/.m2/repository/org/apache/curator/curator-client/2.12.0/curator-client-2.12.0.jar:/home/user/.m2/repository/org/apache/curator/curator-recipes/2.12.0/curator-recipes-2.12.0.jar:/home/user/.m2/repository/com/google/code/findbugs/jsr305/3.0.0/jsr305-3.0.0.jar:/home/user/.m2/repository/org/apache/htrace/htrace-core4/4.1.0-incubating/htrace-core4-4.1.0-incubating.jar:/home/user/.m2/repository/org/apache/zookeeper/zookeeper/3.4.13/zookeeper-3.4.13.jar:/home/user/.m2/repository/jline/jline/0.9.94/jline-0.9.94.jar:/home/user/.m2/repository/org/apache/yetus/audience-annotations/0.5.0/audience-annotations-0.5.0.jar:/home/user/.m2/repository/org/codehaus/woodstox/stax2-api/3.1.4/stax2-api-3.1.4.jar:/home/user/.m2/repository/com/fasterxml/woodstox/woodstox-core/5.0.3/woodstox-core-5.0.3.jar:/home/user/.m2/repository/dnsjava/dnsjava/2.1.7/dnsjava-2.1.7.jar:/home/user/.m2/repository/org/apache/hadoop/hadoop-hdfs/3.2.0/hadoop-hdfs-3.2.0-tests.jar:/home/user/.m2/repository/org/eclipse/jetty/jetty-util-ajax/9.3.25.v20180904/jetty-util-ajax-9.3.25.v20180904.jar:/home/user/.m2/repository/commons-daemon/commons-daemon/1.0.13/commons-daemon-1.0.13.jar:/home/user/.m2/repository/io/netty/netty/3.10.5.Final/netty-3.10.5.Final.jar:/home/user/.m2/repository/io/netty/netty-all/4.0.52.Final/netty-all-4.0.52.Final.jar:/home/user/.m2/repository/org/fusesource/leveldbjni/leveldbjni-all/1.8/leveldbjni-all-1.8.jar:"/>
    <property name="java.vm.vendor" value="Oracle Corporation"/>
    <property name="sun.arch.data.model" value="64"/>
    <property name="test.build.dir" value="/workdir/hadoop-ozone/integration-test/target/test-dir"/>
    <property name="test.cache.data" value=""/>
    <property name="java.vendor.url" value="http://java.oracle.com/"/>
    <property name="user.timezone" value=""/>
    <property name="java.vm.specification.version" value="1.8"/>
    <property name="os.name" value="Linux"/>
    <property name="test.build.data" value="/workdir/hadoop-ozone/integration-test/target/test-dir"/>
    <property name="user.country" value="US"/>
    <property name="sun.java.launcher" value="SUN_STANDARD"/>
    <property name="sun.boot.library.path" value="/usr/lib/jvm/java-1.8.0-openjdk-1.8.0.222.b10-1.el7_7.x86_64/jre/lib/amd64"/>
    <property name="sun.java.command" value="/workdir/hadoop-ozone/integration-test/target/surefire/surefirebooter4260623696723078147.jar /workdir/hadoop-ozone/integration-test/target/surefire 2019-10-18T06-14-08_247-jvmRun1 surefire9055554458266846418tmp surefire_421147939274687470692tmp"/>
    <property name="surefire.test.class.path" value="/workdir/hadoop-ozone/integration-test/target/test-classes:/workdir/hadoop-ozone/integration-test/target/classes:/home/user/.m2/repository/org/apache/hadoop/hadoop-ozone-common/0.5.0-SNAPSHOT/hadoop-ozone-common-0.5.0-SNAPSHOT.jar:/home/user/.m2/repository/org/apache/commons/commons-compress/1.4.1/commons-compress-1.4.1.jar:/home/user/.m2/repository/org/tukaani/xz/1.0/xz-1.0.jar:/home/user/.m2/repository/org/apache/hadoop/hadoop-common/3.2.0/hadoop-common-3.2.0.jar:/home/user/.m2/repository/org/apache/hadoop/hadoop-hdfs/3.2.0/hadoop-hdfs-3.2.0.jar:/home/user/.m2/repository/org/apache/hadoop/hadoop-hdfs-client/3.2.0/hadoop-hdfs-client-3.2.0.jar:/home/user/.m2/repository/com/fasterxml/jackson/core/jackson-annotations/2.9.9/jackson-annotations-2.9.9.jar:/home/user/.m2/repository/org/apache/hadoop/hadoop-hdds-common/0.5.0-SNAPSHOT/hadoop-hdds-common-0.5.0-SNAPSHOT.jar:/home/user/.m2/repository/javax/annotation/javax.annotation-api/1.2/javax.annotation-api-1.2.jar:/home/user/.m2/repository/org/apache/ratis/ratis-server/0.5.0-3f446aa-SNAPSHOT/ratis-server-0.5.0-3f446aa-SNAPSHOT.jar:/home/user/.m2/repository/org/apache/ratis/ratis-thirdparty-misc/0.2.0/ratis-thirdparty-misc-0.2.0.jar:/home/user/.m2/repository/org/apache/ratis/ratis-proto/0.5.0-3f446aa-SNAPSHOT/ratis-proto-0.5.0-3f446aa-SNAPSHOT.jar:/home/user/.m2/repository/org/apache/ratis/ratis-common/0.5.0-3f446aa-SNAPSHOT/ratis-common-0.5.0-3f446aa-SNAPSHOT.jar:/home/user/.m2/repository/org/apache/ratis/ratis-client/0.5.0-3f446aa-SNAPSHOT/ratis-client-0.5.0-3f446aa-SNAPSHOT.jar:/home/user/.m2/repository/org/apache/ratis/ratis-metrics/0.5.0-3f446aa-SNAPSHOT/ratis-metrics-0.5.0-3f446aa-SNAPSHOT.jar:/home/user/.m2/repository/com/github/joshelser/dropwizard-metrics-hadoop-metrics2-reporter/0.1.2/dropwizard-metrics-hadoop-metrics2-reporter-0.1.2.jar:/home/user/.m2/repository/io/dropwizard/metrics/metrics-jvm/3.2.5/metrics-jvm-3.2.5.jar:/home/user/.m2/repository/io/dropwizard/metrics/metrics-ganglia/3.2.5/metrics-ganglia-3.2.5.jar:/home/user/.m2/repository/info/ganglia/gmetric4j/gmetric4j/1.0.7/gmetric4j-1.0.7.jar:/home/user/.m2/repository/org/apache/ratis/ratis-netty/0.5.0-3f446aa-SNAPSHOT/ratis-netty-0.5.0-3f446aa-SNAPSHOT.jar:/home/user/.m2/repository/org/apache/ratis/ratis-grpc/0.5.0-3f446aa-SNAPSHOT/ratis-grpc-0.5.0-3f446aa-SNAPSHOT.jar:/home/user/.m2/repository/org/rocksdb/rocksdbjni/6.0.1/rocksdbjni-6.0.1.jar:/home/user/.m2/repository/org/apache/logging/log4j/log4j-api/2.11.0/log4j-api-2.11.0.jar:/home/user/.m2/repository/org/apache/logging/log4j/log4j-core/2.11.0/log4j-core-2.11.0.jar:/home/user/.m2/repository/com/lmax/disruptor/3.4.2/disruptor-3.4.2.jar:/home/user/.m2/repository/org/apache/commons/commons-pool2/2.6.0/commons-pool2-2.6.0.jar:/home/user/.m2/repository/org/bouncycastle/bcpkix-jdk15on/1.60/bcpkix-jdk15on-1.60.jar:/home/user/.m2/repository/commons-validator/commons-validator/1.6/commons-validator-1.6.jar:/home/user/.m2/repository/commons-digester/commons-digester/1.8.1/commons-digester-1.8.1.jar:/home/user/.m2/repository/io/jaegertracing/jaeger-client/0.34.0/jaeger-client-0.34.0.jar:/home/user/.m2/repository/io/jaegertracing/jaeger-thrift/0.34.0/jaeger-thrift-0.34.0.jar:/home/user/.m2/repository/org/apache/thrift/libthrift/0.12.0/libthrift-0.12.0.jar:/home/user/.m2/repository/com/squareup/okhttp3/okhttp/3.9.0/okhttp-3.9.0.jar:/home/user/.m2/repository/com/squareup/okio/okio/1.13.0/okio-1.13.0.jar:/home/user/.m2/repository/io/jaegertracing/jaeger-core/0.34.0/jaeger-core-0.34.0.jar:/home/user/.m2/repository/io/jaegertracing/jaeger-tracerresolver/0.34.0/jaeger-tracerresolver-0.34.0.jar:/home/user/.m2/repository/io/opentracing/contrib/opentracing-tracerresolver/0.1.5/opentracing-tracerresolver-0.1.5.jar:/home/user/.m2/repository/io/opentracing/opentracing-util/0.31.0/opentracing-util-0.31.0.jar:/home/user/.m2/repository/io/opentracing/opentracing-api/0.31.0/opentracing-api-0.31.0.jar:/home/user/.m2/repository/io/opentracing/opentracing-noop/0.31.0/opentracing-noop-0.31.0.jar:/home/user/.m2/repository/org/apache/hadoop/hadoop-hdds-server-framework/0.5.0-SNAPSHOT/hadoop-hdds-server-framework-0.5.0-SNAPSHOT.jar:/home/user/.m2/repository/org/apache/hadoop/hadoop-hdds-container-service/0.5.0-SNAPSHOT/hadoop-hdds-container-service-0.5.0-SNAPSHOT.jar:/home/user/.m2/repository/org/apache/hadoop/hadoop-hdds-client/0.5.0-SNAPSHOT/hadoop-hdds-client-0.5.0-SNAPSHOT.jar:/home/user/.m2/repository/org/apache/hadoop/hadoop-hdds-tools/0.5.0-SNAPSHOT/hadoop-hdds-tools-0.5.0-SNAPSHOT.jar:/home/user/.m2/repository/org/apache/hadoop/hadoop-hdds-server-scm/0.5.0-SNAPSHOT/hadoop-hdds-server-scm-0.5.0-SNAPSHOT.jar:/home/user/.m2/repository/org/apache/hadoop/hadoop-hdds-docs/0.5.0-SNAPSHOT/hadoop-hdds-docs-0.5.0-SNAPSHOT.jar:/home/user/.m2/repository/io/dropwizard/metrics/metrics-core/3.2.4/metrics-core-3.2.4.jar:/home/user/.m2/repository/org/hamcrest/hamcrest-all/1.3/hamcrest-all-1.3.jar:/home/user/.m2/repository/org/bouncycastle/bcprov-jdk15on/1.60/bcprov-jdk15on-1.60.jar:/home/user/.m2/repository/info/picocli/picocli/3.9.6/picocli-3.9.6.jar:/home/user/.m2/repository/com/google/protobuf/protobuf-java/2.5.0/protobuf-java-2.5.0.jar:/home/user/.m2/repository/com/google/guava/guava/11.0.2/guava-11.0.2.jar:/home/user/.m2/repository/org/apache/hadoop/hadoop-ozone-ozone-manager/0.5.0-SNAPSHOT/hadoop-ozone-ozone-manager-0.5.0-SNAPSHOT.jar:/home/user/.m2/repository/org/apache/hadoop/hadoop-minikdc/3.2.0/hadoop-minikdc-3.2.0.jar:/home/user/.m2/repository/commons-io/commons-io/2.5/commons-io-2.5.jar:/home/user/.m2/repository/org/apache/kerby/kerb-simplekdc/1.0.1/kerb-simplekdc-1.0.1.jar:/home/user/.m2/repository/org/apache/kerby/kerb-client/1.0.1/kerb-client-1.0.1.jar:/home/user/.m2/repository/org/apache/kerby/kerby-config/1.0.1/kerby-config-1.0.1.jar:/home/user/.m2/repository/org/apache/kerby/kerb-core/1.0.1/kerb-core-1.0.1.jar:/home/user/.m2/repository/org/apache/kerby/kerby-pkix/1.0.1/kerby-pkix-1.0.1.jar:/home/user/.m2/repository/org/apache/kerby/kerby-asn1/1.0.1/kerby-asn1-1.0.1.jar:/home/user/.m2/repository/org/apache/kerby/kerby-util/1.0.1/kerby-util-1.0.1.jar:/home/user/.m2/repository/org/apache/kerby/kerb-common/1.0.1/kerb-common-1.0.1.jar:/home/user/.m2/repository/org/apache/kerby/kerb-crypto/1.0.1/kerb-crypto-1.0.1.jar:/home/user/.m2/repository/org/apache/kerby/kerb-util/1.0.1/kerb-util-1.0.1.jar:/home/user/.m2/repository/org/apache/kerby/token-provider/1.0.1/token-provider-1.0.1.jar:/home/user/.m2/repository/org/apache/kerby/kerb-admin/1.0.1/kerb-admin-1.0.1.jar:/home/user/.m2/repository/org/apache/kerby/kerb-server/1.0.1/kerb-server-1.0.1.jar:/home/user/.m2/repository/org/apache/kerby/kerb-identity/1.0.1/kerb-identity-1.0.1.jar:/home/user/.m2/repository/org/apache/kerby/kerby-xdr/1.0.1/kerby-xdr-1.0.1.jar:/home/user/.m2/repository/org/slf4j/slf4j-log4j12/1.7.25/slf4j-log4j12-1.7.25.jar:/home/user/.m2/repository/org/apache/hadoop/hadoop-ozone-s3gateway/0.5.0-SNAPSHOT/hadoop-ozone-s3gateway-0.5.0-SNAPSHOT.jar:/home/user/.m2/repository/org/jboss/weld/servlet/weld-servlet/2.4.7.Final/weld-servlet-2.4.7.Final.jar:/home/user/.m2/repository/org/glassfish/jersey/containers/jersey-container-servlet-core/2.27/jersey-container-servlet-core-2.27.jar:/home/user/.m2/repository/org/glassfish/hk2/external/javax.inject/2.5.0-b42/javax.inject-2.5.0-b42.jar:/home/user/.m2/repository/org/glassfish/jersey/core/jersey-common/2.27/jersey-common-2.27.jar:/home/user/.m2/repository/org/glassfish/hk2/osgi-resource-locator/1.0.1/osgi-resource-locator-1.0.1.jar:/home/user/.m2/repository/javax/ws/rs/javax.ws.rs-api/2.1/javax.ws.rs-api-2.1.jar:/home/user/.m2/repository/org/glassfish/jersey/ext/cdi/jersey-cdi1x/2.27/jersey-cdi1x-2.27.jar:/home/user/.m2/repository/org/glassfish/jersey/inject/jersey-hk2/2.27/jersey-hk2-2.27.jar:/home/user/.m2/repository/org/glassfish/hk2/hk2-locator/2.5.0-b42/hk2-locator-2.5.0-b42.jar:/home/user/.m2/repository/org/javassist/javassist/3.22.0-CR2/javassist-3.22.0-CR2.jar:/home/user/.m2/repository/org/glassfish/hk2/hk2-api/2.5.0/hk2-api-2.5.0.jar:/home/user/.m2/repository/org/glassfish/hk2/external/jakarta.inject/2.5.0/jakarta.inject-2.5.0.jar:/home/user/.m2/repository/org/glassfish/hk2/hk2-utils/2.5.0/hk2-utils-2.5.0.jar:/home/user/.m2/repository/jakarta/annotation/jakarta.annotation-api/1.3.4/jakarta.annotation-api-1.3.4.jar:/home/user/.m2/repository/org/glassfish/hk2/external/aopalliance-repackaged/2.5.0/aopalliance-repackaged-2.5.0.jar:/home/user/.m2/repository/com/fasterxml/jackson/dataformat/jackson-dataformat-xml/2.9.0/jackson-dataformat-xml-2.9.0.jar:/home/user/.m2/repository/com/fasterxml/jackson/core/jackson-core/2.9.9/jackson-core-2.9.9.jar:/home/user/.m2/repository/com/fasterxml/jackson/module/jackson-module-jaxb-annotations/2.9.9/jackson-module-jaxb-annotations-2.9.9.jar:/home/user/.m2/repository/javax/enterprise/cdi-api/1.2/cdi-api-1.2.jar:/home/user/.m2/repository/javax/el/javax.el-api/3.0.0/javax.el-api-3.0.0.jar:/home/user/.m2/repository/javax/interceptor/javax.interceptor-api/1.2/javax.interceptor-api-1.2.jar:/home/user/.m2/repository/javax/inject/javax.inject/1/javax.inject-1.jar:/home/user/.m2/repository/com/sun/xml/bind/jaxb-impl/2.3.0.1/jaxb-impl-2.3.0.1.jar:/home/user/.m2/repository/com/sun/xml/bind/jaxb-core/2.3.0.1/jaxb-core-2.3.0.1.jar:/home/user/.m2/repository/javax/xml/bind/jaxb-api/2.3.0/jaxb-api-2.3.0.jar:/home/user/.m2/repository/javax/activation/activation/1.1.1/activation-1.1.1.jar:/home/user/.m2/repository/org/apache/hadoop/hadoop-ozone-csi/0.5.0-SNAPSHOT/hadoop-ozone-csi-0.5.0-SNAPSHOT.jar:/home/user/.m2/repository/com/google/protobuf/protobuf-java-util/3.5.1/protobuf-java-util-3.5.1.jar:/home/user/.m2/repository/org/apache/hadoop/hadoop-hdds-config/0.5.0-SNAPSHOT/hadoop-hdds-config-0.5.0-SNAPSHOT.jar:/home/user/.m2/repository/io/grpc/grpc-netty/1.17.1/grpc-netty-1.17.1.jar:/home/user/.m2/repository/io/grpc/grpc-core/1.17.1/grpc-core-1.17.1.jar:/home/user/.m2/repository/io/grpc/grpc-context/1.17.1/grpc-context-1.17.1.jar:/home/user/.m2/repository/com/google/errorprone/error_prone_annotations/2.2.0/error_prone_annotations-2.2.0.jar:/home/user/.m2/repository/org/codehaus/mojo/animal-sniffer-annotations/1.17/animal-sniffer-annotations-1.17.jar:/home/user/.m2/repository/io/opencensus/opencensus-api/0.17.0/opencensus-api-0.17.0.jar:/home/user/.m2/repository/io/opencensus/opencensus-contrib-grpc-metrics/0.17.0/opencensus-contrib-grpc-metrics-0.17.0.jar:/home/user/.m2/repository/io/netty/netty-codec-http2/4.1.30.Final/netty-codec-http2-4.1.30.Final.jar:/home/user/.m2/repository/io/netty/netty-codec-http/4.1.30.Final/netty-codec-http-4.1.30.Final.jar:/home/user/.m2/repository/io/netty/netty-codec/4.1.30.Final/netty-codec-4.1.30.Final.jar:/home/user/.m2/repository/io/netty/netty-handler/4.1.30.Final/netty-handler-4.1.30.Final.jar:/home/user/.m2/repository/io/netty/netty-handler-proxy/4.1.30.Final/netty-handler-proxy-4.1.30.Final.jar:/home/user/.m2/repository/io/netty/netty-codec-socks/4.1.30.Final/netty-codec-socks-4.1.30.Final.jar:/home/user/.m2/repository/io/netty/netty-transport-native-epoll/4.1.30.Final/netty-transport-native-epoll-4.1.30.Final.jar:/home/user/.m2/repository/io/netty/netty-common/4.1.30.Final/netty-common-4.1.30.Final.jar:/home/user/.m2/repository/io/netty/netty-buffer/4.1.30.Final/netty-buffer-4.1.30.Final.jar:/home/user/.m2/repository/io/netty/netty-transport/4.1.30.Final/netty-transport-4.1.30.Final.jar:/home/user/.m2/repository/io/netty/netty-resolver/4.1.30.Final/netty-resolver-4.1.30.Final.jar:/home/user/.m2/repository/io/netty/netty-transport-native-unix-common/4.1.30.Final/netty-transport-native-unix-common-4.1.30.Final.jar:/home/user/.m2/repository/io/grpc/grpc-protobuf/1.17.1/grpc-protobuf-1.17.1.jar:/home/user/.m2/repository/com/google/api/grpc/proto-google-common-protos/1.0.0/proto-google-common-protos-1.0.0.jar:/home/user/.m2/repository/io/grpc/grpc-protobuf-lite/1.17.1/grpc-protobuf-lite-1.17.1.jar:/home/user/.m2/repository/io/grpc/grpc-stub/1.17.1/grpc-stub-1.17.1.jar:/home/user/.m2/repository/org/apache/hadoop/hadoop-ozone-recon/0.5.0-SNAPSHOT/hadoop-ozone-recon-0.5.0-SNAPSHOT.jar:/home/user/.m2/repository/org/apache/hadoop/hadoop-ozone-reconcodegen/0.5.0-SNAPSHOT/hadoop-ozone-reconcodegen-0.5.0-SNAPSHOT.jar:/home/user/.m2/repository/com/google/inject/extensions/guice-multibindings/4.0/guice-multibindings-4.0.jar:/home/user/.m2/repository/com/google/inject/guice/4.0/guice-4.0.jar:/home/user/.m2/repository/aopalliance/aopalliance/1.0/aopalliance-1.0.jar:/home/user/.m2/repository/com/google/inject/extensions/guice-servlet/4.0/guice-servlet-4.0.jar:/home/user/.m2/repository/org/glassfish/jersey/containers/jersey-container-servlet/2.27/jersey-container-servlet-2.27.jar:/home/user/.m2/repository/org/glassfish/hk2/guice-bridge/2.5.0/guice-bridge-2.5.0.jar:/home/user/.m2/repository/org/glassfish/jersey/core/jersey-server/2.27/jersey-server-2.27.jar:/home/user/.m2/repository/org/glassfish/jersey/core/jersey-client/2.27/jersey-client-2.27.jar:/home/user/.m2/repository/org/glassfish/jersey/media/jersey-media-jaxb/2.27/jersey-media-jaxb-2.27.jar:/home/user/.m2/repository/javax/validation/validation-api/1.1.0.Final/validation-api-1.1.0.Final.jar:/home/user/.m2/repository/org/glassfish/jersey/media/jersey-media-json-jackson/2.27/jersey-media-json-jackson-2.27.jar:/home/user/.m2/repository/org/glassfish/jersey/ext/jersey-entity-filtering/2.27/jersey-entity-filtering-2.27.jar:/home/user/.m2/repository/com/google/inject/extensions/guice-assistedinject/4.0/guice-assistedinject-4.0.jar:/home/user/.m2/repository/org/jooq/jooq/3.11.10/jooq-3.11.10.jar:/home/user/.m2/repository/org/jooq/jooq-meta/3.11.10/jooq-meta-3.11.10.jar:/home/user/.m2/repository/org/jooq/jooq-codegen/3.11.10/jooq-codegen-3.11.10.jar:/home/user/.m2/repository/com/jolbox/bonecp/0.8.0.RELEASE/bonecp-0.8.0.RELEASE.jar:/home/user/.m2/repository/org/xerial/sqlite-jdbc/3.25.2/sqlite-jdbc-3.25.2.jar:/home/user/.m2/repository/org/springframework/spring-jdbc/5.1.3.RELEASE/spring-jdbc-5.1.3.RELEASE.jar:/home/user/.m2/repository/org/springframework/spring-beans/5.1.3.RELEASE/spring-beans-5.1.3.RELEASE.jar:/home/user/.m2/repository/org/springframework/spring-core/5.1.3.RELEASE/spring-core-5.1.3.RELEASE.jar:/home/user/.m2/repository/org/springframework/spring-jcl/5.1.3.RELEASE/spring-jcl-5.1.3.RELEASE.jar:/home/user/.m2/repository/org/springframework/spring-tx/5.1.3.RELEASE/spring-tx-5.1.3.RELEASE.jar:/home/user/.m2/repository/org/apache/hadoop/hadoop-ozone-client/0.5.0-SNAPSHOT/hadoop-ozone-client-0.5.0-SNAPSHOT.jar:/home/user/.m2/repository/commons-lang/commons-lang/2.6/commons-lang-2.6.jar:/home/user/.m2/repository/org/apache/hadoop/hadoop-ozone-ozone-manager/0.5.0-SNAPSHOT/hadoop-ozone-ozone-manager-0.5.0-SNAPSHOT-tests.jar:/home/user/.m2/repository/junit/junit/4.11/junit-4.11.jar:/home/user/.m2/repository/org/hamcrest/hamcrest-core/1.3/hamcrest-core-1.3.jar:/home/user/.m2/repository/org/openjdk/jmh/jmh-core/1.19/jmh-core-1.19.jar:/home/user/.m2/repository/net/sf/jopt-simple/jopt-simple/4.6/jopt-simple-4.6.jar:/home/user/.m2/repository/org/apache/commons/commons-math3/3.1.1/commons-math3-3.1.1.jar:/home/user/.m2/repository/org/openjdk/jmh/jmh-generator-annprocess/1.19/jmh-generator-annprocess-1.19.jar:/home/user/.m2/repository/org/mockito/mockito-all/1.8.5/mockito-all-1.8.5.jar:/home/user/.m2/repository/org/apache/hadoop/hadoop-kms/3.2.0/hadoop-kms-3.2.0.jar:/home/user/.m2/repository/org/apache/hadoop/hadoop-auth/3.2.0/hadoop-auth-3.2.0.jar:/home/user/.m2/repository/com/nimbusds/nimbus-jose-jwt/4.41.1/nimbus-jose-jwt-4.41.1.jar:/home/user/.m2/repository/com/github/stephenc/jcip/jcip-annotations/1.0-1/jcip-annotations-1.0-1.jar:/home/user/.m2/repository/net/minidev/json-smart/2.3/json-smart-2.3.jar:/home/user/.m2/repository/net/minidev/accessors-smart/1.2/accessors-smart-1.2.jar:/home/user/.m2/repository/org/ow2/asm/asm/5.0.4/asm-5.0.4.jar:/home/user/.m2/repository/org/apache/curator/curator-framework/2.12.0/curator-framework-2.12.0.jar:/home/user/.m2/repository/com/sun/jersey/jersey-core/1.19/jersey-core-1.19.jar:/home/user/.m2/repository/javax/ws/rs/jsr311-api/1.1.1/jsr311-api-1.1.1.jar:/home/user/.m2/repository/com/sun/jersey/jersey-server/1.19/jersey-server-1.19.jar:/home/user/.m2/repository/javax/servlet/javax.servlet-api/3.1.0/javax.servlet-api-3.1.0.jar:/home/user/.m2/repository/org/eclipse/jetty/jetty-server/9.3.25.v20180904/jetty-server-9.3.25.v20180904.jar:/home/user/.m2/repository/org/eclipse/jetty/jetty-http/9.3.25.v20180904/jetty-http-9.3.25.v20180904.jar:/home/user/.m2/repository/org/eclipse/jetty/jetty-io/9.3.25.v20180904/jetty-io-9.3.25.v20180904.jar:/home/user/.m2/repository/org/eclipse/jetty/jetty-webapp/9.3.25.v20180904/jetty-webapp-9.3.25.v20180904.jar:/home/user/.m2/repository/org/eclipse/jetty/jetty-xml/9.3.25.v20180904/jetty-xml-9.3.25.v20180904.jar:/home/user/.m2/repository/log4j/log4j/1.2.17/log4j-1.2.17.jar:/home/user/.m2/repository/org/slf4j/slf4j-api/1.7.25/slf4j-api-1.7.25.jar:/home/user/.m2/repository/org/slf4j/jul-to-slf4j/1.7.25/jul-to-slf4j-1.7.25.jar:/home/user/.m2/repository/org/eclipse/jetty/jetty-util/9.3.25.v20180904/jetty-util-9.3.25.v20180904.jar:/home/user/.m2/repository/com/fasterxml/jackson/core/jackson-databind/2.9.9/jackson-databind-2.9.9.jar:/home/user/.m2/repository/org/apache/hadoop/hadoop-kms/3.2.0/hadoop-kms-3.2.0-tests.jar:/home/user/.m2/repository/org/apache/hadoop/hadoop-hdds-server-scm/0.5.0-SNAPSHOT/hadoop-hdds-server-scm-0.5.0-SNAPSHOT-tests.jar:/home/user/.m2/repository/org/apache/hadoop/hadoop-hdds-container-service/0.5.0-SNAPSHOT/hadoop-hdds-container-service-0.5.0-SNAPSHOT-tests.jar:/home/user/.m2/repository/org/yaml/snakeyaml/1.16/snakeyaml-1.16.jar:/home/user/.m2/repository/org/apache/hadoop/hadoop-common/3.2.0/hadoop-common-3.2.0-tests.jar:/home/user/.m2/repository/org/apache/hadoop/hadoop-annotations/3.2.0/hadoop-annotations-3.2.0.jar:/usr/lib/jvm/java-1.8.0-openjdk-1.8.0.222.b10-1.el7_7.x86_64/jre/../lib/tools.jar:/home/user/.m2/repository/commons-cli/commons-cli/1.2/commons-cli-1.2.jar:/home/user/.m2/repository/org/apache/httpcomponents/httpclient/4.5.2/httpclient-4.5.2.jar:/home/user/.m2/repository/org/apache/httpcomponents/httpcore/4.4.4/httpcore-4.4.4.jar:/home/user/.m2/repository/commons-codec/commons-codec/1.11/commons-codec-1.11.jar:/home/user/.m2/repository/commons-net/commons-net/3.6/commons-net-3.6.jar:/home/user/.m2/repository/commons-collections/commons-collections/3.2.2/commons-collections-3.2.2.jar:/home/user/.m2/repository/org/eclipse/jetty/jetty-servlet/9.3.25.v20180904/jetty-servlet-9.3.25.v20180904.jar:/home/user/.m2/repository/org/eclipse/jetty/jetty-security/9.3.25.v20180904/jetty-security-9.3.25.v20180904.jar:/home/user/.m2/repository/javax/servlet/jsp/jsp-api/2.1/jsp-api-2.1.jar:/home/user/.m2/repository/com/sun/jersey/jersey-servlet/1.19/jersey-servlet-1.19.jar:/home/user/.m2/repository/com/sun/jersey/jersey-json/1.19/jersey-json-1.19.jar:/home/user/.m2/repository/org/codehaus/jettison/jettison/1.1/jettison-1.1.jar:/home/user/.m2/repository/org/codehaus/jackson/jackson-core-asl/1.9.13/jackson-core-asl-1.9.13.jar:/home/user/.m2/repository/org/codehaus/jackson/jackson-mapper-asl/1.9.13/jackson-mapper-asl-1.9.13.jar:/home/user/.m2/repository/org/codehaus/jackson/jackson-jaxrs/1.9.13/jackson-jaxrs-1.9.13.jar:/home/user/.m2/repository/org/codehaus/jackson/jackson-xc/1.9.13/jackson-xc-1.9.13.jar:/home/user/.m2/repository/commons-logging/commons-logging/1.1.3/commons-logging-1.1.3.jar:/home/user/.m2/repository/commons-beanutils/commons-beanutils/1.9.4/commons-beanutils-1.9.4.jar:/home/user/.m2/repository/org/apache/commons/commons-configuration2/2.1.1/commons-configuration2-2.1.1.jar:/home/user/.m2/repository/org/apache/commons/commons-lang3/3.7/commons-lang3-3.7.jar:/home/user/.m2/repository/org/apache/commons/commons-text/1.4/commons-text-1.4.jar:/home/user/.m2/repository/org/apache/avro/avro/1.7.7/avro-1.7.7.jar:/home/user/.m2/repository/com/thoughtworks/paranamer/paranamer/2.3/paranamer-2.3.jar:/home/user/.m2/repository/org/xerial/snappy/snappy-java/1.0.5/snappy-java-1.0.5.jar:/home/user/.m2/repository/com/google/re2j/re2j/1.1/re2j-1.1.jar:/home/user/.m2/repository/com/google/code/gson/gson/2.2.4/gson-2.2.4.jar:/home/user/.m2/repository/com/jcraft/jsch/0.1.54/jsch-0.1.54.jar:/home/user/.m2/repository/org/apache/curator/curator-client/2.12.0/curator-client-2.12.0.jar:/home/user/.m2/repository/org/apache/curator/curator-recipes/2.12.0/curator-recipes-2.12.0.jar:/home/user/.m2/repository/com/google/code/findbugs/jsr305/3.0.0/jsr305-3.0.0.jar:/home/user/.m2/repository/org/apache/htrace/htrace-core4/4.1.0-incubating/htrace-core4-4.1.0-incubating.jar:/home/user/.m2/repository/org/apache/zookeeper/zookeeper/3.4.13/zookeeper-3.4.13.jar:/home/user/.m2/repository/jline/jline/0.9.94/jline-0.9.94.jar:/home/user/.m2/repository/org/apache/yetus/audience-annotations/0.5.0/audience-annotations-0.5.0.jar:/home/user/.m2/repository/org/codehaus/woodstox/stax2-api/3.1.4/stax2-api-3.1.4.jar:/home/user/.m2/repository/com/fasterxml/woodstox/woodstox-core/5.0.3/woodstox-core-5.0.3.jar:/home/user/.m2/repository/dnsjava/dnsjava/2.1.7/dnsjava-2.1.7.jar:/home/user/.m2/repository/org/apache/hadoop/hadoop-hdfs/3.2.0/hadoop-hdfs-3.2.0-tests.jar:/home/user/.m2/repository/org/eclipse/jetty/jetty-util-ajax/9.3.25.v20180904/jetty-util-ajax-9.3.25.v20180904.jar:/home/user/.m2/repository/commons-daemon/commons-daemon/1.0.13/commons-daemon-1.0.13.jar:/home/user/.m2/repository/io/netty/netty/3.10.5.Final/netty-3.10.5.Final.jar:/home/user/.m2/repository/io/netty/netty-all/4.0.52.Final/netty-all-4.0.52.Final.jar:/home/user/.m2/repository/org/fusesource/leveldbjni/leveldbjni-all/1.8/leveldbjni-all-1.8.jar:"/>
    <property name="sun.cpu.endian" value="little"/>
    <property name="user.home" value="/home/user"/>
    <property name="user.language" value="en"/>
    <property name="java.specification.vendor" value="Oracle Corporation"/>
    <property name="java.home" value="/usr/lib/jvm/java-1.8.0-openjdk-1.8.0.222.b10-1.el7_7.x86_64/jre"/>
    <property name="surefire.excludesFile" value="/tools/ozone-bad-unit-tests"/>
    <property name="java.security.krb5.conf" value="/workdir/hadoop-ozone/integration-test/target/test-classes/krb5.conf"/>
    <property name="basedir" value="/workdir/hadoop-ozone/integration-test"/>
    <property name="file.separator" value="/"/>
    <property name="line.separator" value="&#10;"/>
    <property name="java.vm.specification.vendor" value="Oracle Corporation"/>
    <property name="java.specification.name" value="Java Platform API Specification"/>
    <property name="java.awt.graphicsenv" value="sun.awt.X11GraphicsEnvironment"/>
    <property name="surefire.real.class.path" value="/workdir/hadoop-ozone/integration-test/target/surefire/surefirebooter4260623696723078147.jar"/>
    <property name="hadoop.log.dir" value="/workdir/hadoop-ozone/integration-test/target/log"/>
    <property name="sun.boot.class.path" value="/usr/lib/jvm/java-1.8.0-openjdk-1.8.0.222.b10-1.el7_7.x86_64/jre/lib/resources.jar:/usr/lib/jvm/java-1.8.0-openjdk-1.8.0.222.b10-1.el7_7.x86_64/jre/lib/rt.jar:/usr/lib/jvm/java-1.8.0-openjdk-1.8.0.222.b10-1.el7_7.x86_64/jre/lib/sunrsasign.jar:/usr/lib/jvm/java-1.8.0-openjdk-1.8.0.222.b10-1.el7_7.x86_64/jre/lib/jsse.jar:/usr/lib/jvm/java-1.8.0-openjdk-1.8.0.222.b10-1.el7_7.x86_64/jre/lib/jce.jar:/usr/lib/jvm/java-1.8.0-openjdk-1.8.0.222.b10-1.el7_7.x86_64/jre/lib/charsets.jar:/usr/lib/jvm/java-1.8.0-openjdk-1.8.0.222.b10-1.el7_7.x86_64/jre/lib/jfr.jar:/usr/lib/jvm/java-1.8.0-openjdk-1.8.0.222.b10-1.el7_7.x86_64/jre/classes"/>
    <property name="sun.management.compiler" value="HotSpot 64-Bit Tiered Compilers"/>
    <property name="java.runtime.version" value="1.8.0_222-b10"/>
    <property name="java.net.preferIPv4Stack" value="true"/>
    <property name="user.name" value="jenkins1000"/>
    <property name="path.separator" value=":"/>
    <property name="java.security.egd" value="file:///dev/urandom"/>
    <property name="os.version" value="3.10.0-957.12.2.el7.x86_64"/>
    <property name="java.endorsed.dirs" value="/usr/lib/jvm/java-1.8.0-openjdk-1.8.0.222.b10-1.el7_7.x86_64/jre/lib/endorsed"/>
    <property name="java.runtime.name" value="OpenJDK Runtime Environment"/>
    <property name="file.encoding" value="ANSI_X3.4-1968"/>
    <property name="java.vm.name" value="OpenJDK 64-Bit Server VM"/>
    <property name="test.build.webapps" value=""/>
    <property name="localRepository" value="/home/user/.m2/repository"/>
    <property name="java.vendor.url.bug" value="http://bugreport.sun.com/bugreport/"/>
    <property name="java.io.tmpdir" value="/tmp"/>
    <property name="require.test.libhadoop" value=""/>
    <property name="java.version" value="1.8.0_222"/>
    <property name="user.dir" value="/workdir/hadoop-ozone/integration-test"/>
    <property name="os.arch" value="amd64"/>
    <property name="java.vm.specification.name" value="Java Virtual Machine Specification"/>
    <property name="test.build.classes" value="/workdir/hadoop-ozone/integration-test/target/test-classes"/>
    <property name="java.awt.printerjob" value="sun.print.PSPrinterJob"/>
    <property name="sun.os.patch.level" value="unknown"/>
    <property name="hadoop.tmp.dir" value="/workdir/hadoop-ozone/integration-test/target/tmp"/>
    <property name="java.library.path" value="/usr/lib:/workdir/hadoop-ozone/integration-test/target/native/target/usr/local/lib:/workdir/hadoop-ozone/integration-test/../../hadoop-common-project/hadoop-common/target/native/target/usr/local/lib:/usr/java/packages/lib/amd64:/usr/lib64:/lib64:/lib:/usr/lib"/>
    <property name="java.vm.info" value="mixed mode"/>
    <property name="java.vendor" value="Oracle Corporation"/>
    <property name="java.vm.version" value="25.222-b10"/>
    <property name="java.ext.dirs" value="/usr/lib/jvm/java-1.8.0-openjdk-1.8.0.222.b10-1.el7_7.x86_64/jre/lib/ext:/usr/java/packages/lib/ext"/>
    <property name="sun.io.unicode.encoding" value="UnicodeLittle"/>
    <property name="java.class.version" value="52.0"/>
  </properties>
  <testcase name="testDeleteKeyWithSlowFollower" classname="org.apache.hadoop.ozone.client.rpc.TestDeleteWithSlowFollower" time="112.368">
    <failure type="java.lang.AssertionError">java.lang.AssertionError
	at org.junit.Assert.fail(Assert.java:86)
	at org.junit.Assert.assertTrue(Assert.java:41)
	at org.junit.Assert.assertTrue(Assert.java:52)
	at org.apache.hadoop.ozone.client.rpc.TestDeleteWithSlowFollower.testDeleteKeyWithSlowFollower(TestDeleteWithSlowFollower.java:265)
	at sun.reflect.NativeMethodAccessorImpl.invoke0(Native Method)
	at sun.reflect.NativeMethodAccessorImpl.invoke(NativeMethodAccessorImpl.java:62)
	at sun.reflect.DelegatingMethodAccessorImpl.invoke(DelegatingMethodAccessorImpl.java:43)
	at java.lang.reflect.Method.invoke(Method.java:498)
	at org.junit.runners.model.FrameworkMethod$1.runReflectiveCall(FrameworkMethod.java:47)
	at org.junit.internal.runners.model.ReflectiveCallable.run(ReflectiveCallable.java:12)
	at org.junit.runners.model.FrameworkMethod.invokeExplosively(FrameworkMethod.java:44)
	at org.junit.internal.runners.statements.InvokeMethod.evaluate(InvokeMethod.java:17)
	at org.junit.runners.ParentRunner.runLeaf(ParentRunner.java:271)
	at org.junit.runners.BlockJUnit4ClassRunner.runChild(BlockJUnit4ClassRunner.java:70)
	at org.junit.runners.BlockJUnit4ClassRunner.runChild(BlockJUnit4ClassRunner.java:50)
	at org.junit.runners.ParentRunner$3.run(ParentRunner.java:238)
	at org.junit.runners.ParentRunner$1.schedule(ParentRunner.java:63)
	at org.junit.runners.ParentRunner.runChildren(ParentRunner.java:236)
	at org.junit.runners.ParentRunner.access$000(ParentRunner.java:53)
	at org.junit.runners.ParentRunner$2.evaluate(ParentRunner.java:229)
	at org.junit.internal.runners.statements.RunBefores.evaluate(RunBefores.java:26)
	at org.junit.internal.runners.statements.RunAfters.evaluate(RunAfters.java:27)
	at org.junit.runners.ParentRunner.run(ParentRunner.java:309)
	at org.apache.maven.surefire.junit4.JUnit4Provider.execute(JUnit4Provider.java:365)
	at org.apache.maven.surefire.junit4.JUnit4Provider.executeWithRerun(JUnit4Provider.java:273)
	at org.apache.maven.surefire.junit4.JUnit4Provider.executeTestSet(JUnit4Provider.java:238)
	at org.apache.maven.surefire.junit4.JUnit4Provider.invoke(JUnit4Provider.java:159)
	at org.apache.maven.surefire.booter.ForkedBooter.invokeProviderInSameClassLoader(ForkedBooter.java:384)
	at org.apache.maven.surefire.booter.ForkedBooter.runSuitesInProcess(ForkedBooter.java:345)
	at org.apache.maven.surefire.booter.ForkedBooter.execute(ForkedBooter.java:126)
	at org.apache.maven.surefire.booter.ForkedBooter.main(ForkedBooter.java:418)
</failure>
    <system-out><![CDATA[2019-10-18 07:01:21,794 [main] WARN  server.ServerUtils (ServerUtils.java:getScmDbDir(145)) - ozone.scm.db.dirs is not configured. We recommend adding this setting. Falling back to ozone.metadata.dirs instead.
2019-10-18 07:01:21,955 [main] WARN  server.ServerUtils (ServerUtils.java:getScmDbDir(145)) - ozone.scm.db.dirs is not configured. We recommend adding this setting. Falling back to ozone.metadata.dirs instead.
2019-10-18 07:01:21,959 [main] WARN  server.ServerUtils (ServerUtils.java:getScmDbDir(145)) - ozone.scm.db.dirs is not configured. We recommend adding this setting. Falling back to ozone.metadata.dirs instead.
2019-10-18 07:01:22,002 [main] INFO  util.log (Log.java:initialized(192)) - Logging initialized @969ms
2019-10-18 07:01:22,135 [main] INFO  db.DBStoreBuilder (DBStoreBuilder.java:addTable(117)) - using custom profile for table: deletedBlocks
2019-10-18 07:01:22,135 [main] INFO  db.DBStoreBuilder (DBStoreBuilder.java:processTables(168)) - Using default column profile:DBProfile.DISK for Table:deletedBlocks
2019-10-18 07:01:22,136 [main] INFO  db.DBStoreBuilder (DBStoreBuilder.java:addTable(117)) - using custom profile for table: validCerts
2019-10-18 07:01:22,136 [main] INFO  db.DBStoreBuilder (DBStoreBuilder.java:processTables(168)) - Using default column profile:DBProfile.DISK for Table:validCerts
2019-10-18 07:01:22,136 [main] INFO  db.DBStoreBuilder (DBStoreBuilder.java:addTable(117)) - using custom profile for table: revokedCerts
2019-10-18 07:01:22,136 [main] INFO  db.DBStoreBuilder (DBStoreBuilder.java:processTables(168)) - Using default column profile:DBProfile.DISK for Table:revokedCerts
2019-10-18 07:01:22,158 [main] INFO  db.DBStoreBuilder (DBStoreBuilder.java:addTable(117)) - using custom profile for table: default
2019-10-18 07:01:22,158 [main] INFO  db.DBStoreBuilder (DBStoreBuilder.java:processTables(174)) - Using default column profile:DBProfile.DISK for Table:default
2019-10-18 07:01:22,161 [main] INFO  db.DBStoreBuilder (DBStoreBuilder.java:getDbProfile(205)) - Using default options. DBProfile.DISK
2019-10-18 07:01:22,576 [main] INFO  net.NodeSchemaLoader (NodeSchemaLoader.java:loadSchemaFromFile(125)) - Loading file from sun.misc.CompoundEnumeration@74235045
2019-10-18 07:01:22,578 [main] INFO  net.NodeSchemaLoader (NodeSchemaLoader.java:loadSchema(171)) - Loading network topology layer schema file
2019-10-18 07:01:22,636 [main] WARN  server.ServerUtils (ServerUtils.java:sanitizeUserArgs(70)) - ozone.scm.stale.node.interval value = 1000000 is larger than max = 100000 based on the key value of ozone.scm.heartbeat.thread.interval, reset to the max value 100000.
2019-10-18 07:01:22,638 [main] WARN  server.ServerUtils (ServerUtils.java:sanitizeUserArgs(70)) - ozone.scm.stale.node.interval value = 1000000 is larger than max = 100000 based on the key value of ozone.scm.heartbeat.thread.interval, reset to the max value 100000.
2019-10-18 07:01:22,640 [main] INFO  node.SCMNodeManager (SCMNodeManager.java:<init>(116)) - Entering startup safe mode.
2019-10-18 07:01:22,703 [main] INFO  algorithms.ContainerPlacementPolicyFactory (ContainerPlacementPolicyFactory.java:getPolicy(57)) - Create container placement policy of type org.apache.hadoop.hdds.scm.container.placement.algorithms.SCMContainerPlacementRandom
2019-10-18 07:01:22,716 [main] WARN  server.ServerUtils (ServerUtils.java:getScmDbDir(145)) - ozone.scm.db.dirs is not configured. We recommend adding this setting. Falling back to ozone.metadata.dirs instead.
2019-10-18 07:01:22,833 [main] INFO  pipeline.SCMPipelineManager (SCMPipelineManager.java:initializePipelineState(132)) - No pipeline exists in current db
2019-10-18 07:01:22,836 [main] WARN  server.ServerUtils (ServerUtils.java:getScmDbDir(145)) - ozone.scm.db.dirs is not configured. We recommend adding this setting. Falling back to ozone.metadata.dirs instead.
2019-10-18 07:01:22,990 [main] WARN  events.EventQueue (EventQueue.java:fireEvent(183)) - No event handler registered for event TypedEvent{payloadType=SafeModeStatus, name='SafeModeStatus'}
2019-10-18 07:01:23,348 [main] INFO  ipc.CallQueueManager (CallQueueManager.java:<init>(84)) - Using callQueue: class java.util.concurrent.LinkedBlockingQueue, queueCapacity: 2000, scheduler: class org.apache.hadoop.ipc.DefaultRpcScheduler, ipcBackoff: false.
2019-10-18 07:01:23,483 [Socket Reader #1 for port 40723] INFO  ipc.Server (Server.java:run(1074)) - Starting Socket Reader #1 for port 40723
2019-10-18 07:01:23,523 [main] INFO  ipc.CallQueueManager (CallQueueManager.java:<init>(84)) - Using callQueue: class java.util.concurrent.LinkedBlockingQueue, queueCapacity: 2000, scheduler: class org.apache.hadoop.ipc.DefaultRpcScheduler, ipcBackoff: false.
2019-10-18 07:01:23,524 [Socket Reader #1 for port 44071] INFO  ipc.Server (Server.java:run(1074)) - Starting Socket Reader #1 for port 44071
2019-10-18 07:01:23,535 [main] INFO  ipc.CallQueueManager (CallQueueManager.java:<init>(84)) - Using callQueue: class java.util.concurrent.LinkedBlockingQueue, queueCapacity: 2000, scheduler: class org.apache.hadoop.ipc.DefaultRpcScheduler, ipcBackoff: false.
2019-10-18 07:01:23,536 [Socket Reader #1 for port 34618] INFO  ipc.Server (Server.java:run(1074)) - Starting Socket Reader #1 for port 34618
2019-10-18 07:01:23,561 [main] INFO  hdfs.DFSUtil (DFSUtil.java:httpServerTemplateForNNAndJN(1641)) - Starting Web-server for scm at: http://0.0.0.0:0
2019-10-18 07:01:23,737 [main] INFO  server.AuthenticationFilter (AuthenticationFilter.java:constructSecretProvider(240)) - Unable to initialize FileSignerSecretProvider, falling back to use random secrets.
2019-10-18 07:01:23,748 [main] WARN  http.HttpRequestLog (HttpRequestLog.java:getRequestLog(97)) - Jetty request log can only be enabled using Log4j
2019-10-18 07:01:23,759 [main] INFO  http.HttpServer2 (HttpServer2.java:addGlobalFilter(975)) - Added global filter 'safety' (class=org.apache.hadoop.http.HttpServer2$QuotingInputFilter)
2019-10-18 07:01:23,763 [main] INFO  http.HttpServer2 (HttpServer2.java:addFilter(948)) - Added filter static_user_filter (class=org.apache.hadoop.http.lib.StaticUserWebFilter$StaticUserFilter) to context scm
2019-10-18 07:01:23,763 [main] INFO  http.HttpServer2 (HttpServer2.java:addFilter(958)) - Added filter static_user_filter (class=org.apache.hadoop.http.lib.StaticUserWebFilter$StaticUserFilter) to context logs
2019-10-18 07:01:23,764 [main] INFO  http.HttpServer2 (HttpServer2.java:addFilter(958)) - Added filter static_user_filter (class=org.apache.hadoop.http.lib.StaticUserWebFilter$StaticUserFilter) to context static
2019-10-18 07:01:23,807 [main] INFO  server.StorageContainerManager (StorageContainerManager.java:start(772)) - StorageContainerLocationProtocol RPC server is listening at /0.0.0.0:34618
2019-10-18 07:01:23,868 [main] WARN  impl.MetricsConfig (MetricsConfig.java:loadFirst(134)) - Cannot locate configuration: tried hadoop-metrics2-storagecontainermanager.properties,hadoop-metrics2.properties
2019-10-18 07:01:23,880 [main] INFO  impl.MetricsSystemImpl (MetricsSystemImpl.java:startTimer(374)) - Scheduled Metric snapshot period at 10 second(s).
2019-10-18 07:01:23,880 [main] INFO  impl.MetricsSystemImpl (MetricsSystemImpl.java:start(191)) - StorageContainerManager metrics system started
2019-10-18 07:01:24,100 [main] INFO  server.SCMClientProtocolServer (SCMClientProtocolServer.java:start(159)) - RPC server for Client  is listening at /0.0.0.0:34618
2019-10-18 07:01:24,100 [IPC Server Responder] INFO  ipc.Server (Server.java:run(1314)) - IPC Server Responder: starting
2019-10-18 07:01:24,101 [IPC Server listener on 34618] INFO  ipc.Server (Server.java:run(1153)) - IPC Server listener on 34618: starting
2019-10-18 07:01:24,103 [main] INFO  server.StorageContainerManager (StorageContainerManager.java:start(782)) - ScmBlockLocationProtocol RPC server is listening at /0.0.0.0:44071
2019-10-18 07:01:24,104 [main] INFO  server.SCMBlockProtocolServer (SCMBlockProtocolServer.java:start(146)) - RPC server for Block Protocol is listening at /0.0.0.0:44071
2019-10-18 07:01:24,104 [IPC Server Responder] INFO  ipc.Server (Server.java:run(1314)) - IPC Server Responder: starting
2019-10-18 07:01:24,104 [IPC Server listener on 44071] INFO  ipc.Server (Server.java:run(1153)) - IPC Server listener on 44071: starting
2019-10-18 07:01:24,106 [main] INFO  server.StorageContainerManager (StorageContainerManager.java:start(786)) - ScmDatanodeProtocl RPC server is listening at /0.0.0.0:40723
2019-10-18 07:01:24,106 [main] INFO  server.SCMDatanodeProtocolServer (SCMDatanodeProtocolServer.java:start(169)) - RPC server for DataNodes is listening at /0.0.0.0:40723
2019-10-18 07:01:24,107 [IPC Server Responder] INFO  ipc.Server (Server.java:run(1314)) - IPC Server Responder: starting
2019-10-18 07:01:24,107 [IPC Server listener on 40723] INFO  ipc.Server (Server.java:run(1153)) - IPC Server listener on 40723: starting
2019-10-18 07:01:24,110 [main] INFO  http.HttpServer2 (HttpServer2.java:bindListener(1191)) - Jetty bound to port 44583
2019-10-18 07:01:24,112 [main] INFO  server.Server (Server.java:doStart(351)) - jetty-9.3.25.v20180904, build timestamp: 2018-09-04T21:11:46Z, git hash: 3ce520221d0240229c862b122d2b06c12a625732
2019-10-18 07:01:24,145 [main] INFO  handler.ContextHandler (ContextHandler.java:doStart(781)) - Started o.e.j.s.ServletContextHandler@42f8285e{/logs,file:///workdir/hadoop-ozone/integration-test/target/log,AVAILABLE}
2019-10-18 07:01:24,145 [main] INFO  handler.ContextHandler (ContextHandler.java:doStart(781)) - Started o.e.j.s.ServletContextHandler@3724af13{/static,file:///workdir/hadoop-ozone/integration-test/target/test-classes/webapps/static,AVAILABLE}
2019-10-18 07:01:24,177 [main] INFO  handler.ContextHandler (ContextHandler.java:doStart(781)) - Started o.e.j.w.WebAppContext@24a1c17f{/,file:///workdir/hadoop-ozone/integration-test/target/test-classes/webapps/scm/,AVAILABLE}{/scm}
2019-10-18 07:01:24,182 [main] INFO  server.AbstractConnector (AbstractConnector.java:doStart(278)) - Started ServerConnector@4d63b624{HTTP/1.1,[http/1.1]}{0.0.0.0:44583}
2019-10-18 07:01:24,183 [main] INFO  server.Server (Server.java:doStart(419)) - Started @3150ms
2019-10-18 07:01:24,185 [main] INFO  impl.MetricsSinkAdapter (MetricsSinkAdapter.java:start(204)) - Sink prometheus started
2019-10-18 07:01:24,185 [main] INFO  impl.MetricsSystemImpl (MetricsSystemImpl.java:registerSink(301)) - Registered sink prometheus
2019-10-18 07:01:24,187 [main] INFO  server.BaseHttpServer (BaseHttpServer.java:updateConnectorAddress(215)) - HTTP server of SCM is listening at http://0.0.0.0:44583
2019-10-18 07:01:24,195 [org.apache.hadoop.util.JvmPauseMonitor$Monitor@4b629f13] INFO  util.JvmPauseMonitor (JvmPauseMonitor.java:run(188)) - Starting JVM pause monitor
2019-10-18 07:01:24,201 [main] WARN  server.ServerUtils (ServerUtils.java:getDBPath(222)) - ozone.om.db.dirs is not configured. We recommend adding this setting. Falling back to ozone.metadata.dirs instead.
2019-10-18 07:01:24,316 [main] INFO  ha.OMHANodeDetails (OMHANodeDetails.java:loadOMHAConfig(190)) - Configuration either no ozone.om.address set. Falling back to the default OM address /127.0.0.1:0
2019-10-18 07:01:24,316 [main] INFO  ha.OMHANodeDetails (OMHANodeDetails.java:getOMNodeDetails(220)) - OM Service ID is not set. Setting it to the default ID: omServiceIdDefault
2019-10-18 07:01:24,318 [main] WARN  server.ServerUtils (ServerUtils.java:getDBPath(222)) - ozone.om.db.dirs is not configured. We recommend adding this setting. Falling back to ozone.metadata.dirs instead.
2019-10-18 07:01:24,319 [main] WARN  server.ServerUtils (ServerUtils.java:getDBPath(222)) - ozone.om.db.dirs is not configured. We recommend adding this setting. Falling back to ozone.metadata.dirs instead.
2019-10-18 07:01:24,933 [main] WARN  server.ServerUtils (ServerUtils.java:getDBPath(222)) - ozone.om.db.dirs is not configured. We recommend adding this setting. Falling back to ozone.metadata.dirs instead.
2019-10-18 07:01:24,946 [main] INFO  db.DBStoreBuilder (DBStoreBuilder.java:addTable(117)) - using custom profile for table: userTable
2019-10-18 07:01:24,946 [main] INFO  db.DBStoreBuilder (DBStoreBuilder.java:processTables(168)) - Using default column profile:DBProfile.DISK for Table:userTable
2019-10-18 07:01:24,947 [main] INFO  db.DBStoreBuilder (DBStoreBuilder.java:addTable(117)) - using custom profile for table: volumeTable
2019-10-18 07:01:24,947 [main] INFO  db.DBStoreBuilder (DBStoreBuilder.java:processTables(168)) - Using default column profile:DBProfile.DISK for Table:volumeTable
2019-10-18 07:01:24,948 [main] INFO  db.DBStoreBuilder (DBStoreBuilder.java:addTable(117)) - using custom profile for table: bucketTable
2019-10-18 07:01:24,948 [main] INFO  db.DBStoreBuilder (DBStoreBuilder.java:processTables(168)) - Using default column profile:DBProfile.DISK for Table:bucketTable
2019-10-18 07:01:24,948 [main] INFO  db.DBStoreBuilder (DBStoreBuilder.java:addTable(117)) - using custom profile for table: keyTable
2019-10-18 07:01:24,949 [main] INFO  db.DBStoreBuilder (DBStoreBuilder.java:processTables(168)) - Using default column profile:DBProfile.DISK for Table:keyTable
2019-10-18 07:01:24,949 [main] INFO  db.DBStoreBuilder (DBStoreBuilder.java:addTable(117)) - using custom profile for table: deletedTable
2019-10-18 07:01:24,949 [main] INFO  db.DBStoreBuilder (DBStoreBuilder.java:processTables(168)) - Using default column profile:DBProfile.DISK for Table:deletedTable
2019-10-18 07:01:24,950 [main] INFO  db.DBStoreBuilder (DBStoreBuilder.java:addTable(117)) - using custom profile for table: openKeyTable
2019-10-18 07:01:24,950 [main] INFO  db.DBStoreBuilder (DBStoreBuilder.java:processTables(168)) - Using default column profile:DBProfile.DISK for Table:openKeyTable
2019-10-18 07:01:24,950 [main] INFO  db.DBStoreBuilder (DBStoreBuilder.java:addTable(117)) - using custom profile for table: s3Table
2019-10-18 07:01:24,951 [main] INFO  db.DBStoreBuilder (DBStoreBuilder.java:processTables(168)) - Using default column profile:DBProfile.DISK for Table:s3Table
2019-10-18 07:01:24,951 [main] INFO  db.DBStoreBuilder (DBStoreBuilder.java:addTable(117)) - using custom profile for table: multipartInfoTable
2019-10-18 07:01:24,951 [main] INFO  db.DBStoreBuilder (DBStoreBuilder.java:processTables(168)) - Using default column profile:DBProfile.DISK for Table:multipartInfoTable
2019-10-18 07:01:24,952 [main] INFO  db.DBStoreBuilder (DBStoreBuilder.java:addTable(117)) - using custom profile for table: dTokenTable
2019-10-18 07:01:24,952 [main] INFO  db.DBStoreBuilder (DBStoreBuilder.java:processTables(168)) - Using default column profile:DBProfile.DISK for Table:dTokenTable
2019-10-18 07:01:24,952 [main] INFO  db.DBStoreBuilder (DBStoreBuilder.java:addTable(117)) - using custom profile for table: s3SecretTable
2019-10-18 07:01:24,953 [main] INFO  db.DBStoreBuilder (DBStoreBuilder.java:processTables(168)) - Using default column profile:DBProfile.DISK for Table:s3SecretTable
2019-10-18 07:01:24,953 [main] INFO  db.DBStoreBuilder (DBStoreBuilder.java:addTable(117)) - using custom profile for table: prefixTable
2019-10-18 07:01:24,953 [main] INFO  db.DBStoreBuilder (DBStoreBuilder.java:processTables(168)) - Using default column profile:DBProfile.DISK for Table:prefixTable
2019-10-18 07:01:24,954 [main] INFO  db.DBStoreBuilder (DBStoreBuilder.java:addTable(117)) - using custom profile for table: default
2019-10-18 07:01:24,954 [main] INFO  db.DBStoreBuilder (DBStoreBuilder.java:processTables(174)) - Using default column profile:DBProfile.DISK for Table:default
2019-10-18 07:01:24,954 [main] INFO  db.DBStoreBuilder (DBStoreBuilder.java:getDbProfile(205)) - Using default options. DBProfile.DISK
2019-10-18 07:01:25,625 [main] INFO  ipc.CallQueueManager (CallQueueManager.java:<init>(84)) - Using callQueue: class java.util.concurrent.LinkedBlockingQueue, queueCapacity: 2000, scheduler: class org.apache.hadoop.ipc.DefaultRpcScheduler, ipcBackoff: false.
2019-10-18 07:01:25,627 [Socket Reader #1 for port 37466] INFO  ipc.Server (Server.java:run(1074)) - Starting Socket Reader #1 for port 37466
2019-10-18 07:01:25,648 [main] INFO  om.OzoneManager (OzoneManager.java:start(1071)) - OzoneManager RPC server is listening at localhost/127.0.0.1:37466
2019-10-18 07:01:25,649 [main] INFO  impl.MetricsSystemImpl (MetricsSystemImpl.java:init(158)) - OzoneManager metrics system started (again)
2019-10-18 07:01:25,656 [IPC Server Responder] INFO  ipc.Server (Server.java:run(1314)) - IPC Server Responder: starting
2019-10-18 07:01:25,656 [IPC Server listener on 37466] INFO  ipc.Server (Server.java:run(1153)) - IPC Server listener on 37466: starting
2019-10-18 07:01:25,663 [main] INFO  hdfs.DFSUtil (DFSUtil.java:httpServerTemplateForNNAndJN(1641)) - Starting Web-server for ozoneManager at: http://0.0.0.0:0
2019-10-18 07:01:25,666 [main] INFO  server.AuthenticationFilter (AuthenticationFilter.java:constructSecretProvider(240)) - Unable to initialize FileSignerSecretProvider, falling back to use random secrets.
2019-10-18 07:01:25,667 [main] WARN  http.HttpRequestLog (HttpRequestLog.java:getRequestLog(97)) - Jetty request log can only be enabled using Log4j
2019-10-18 07:01:25,670 [main] INFO  http.HttpServer2 (HttpServer2.java:addGlobalFilter(975)) - Added global filter 'safety' (class=org.apache.hadoop.http.HttpServer2$QuotingInputFilter)
2019-10-18 07:01:25,671 [main] INFO  http.HttpServer2 (HttpServer2.java:addFilter(948)) - Added filter static_user_filter (class=org.apache.hadoop.http.lib.StaticUserWebFilter$StaticUserFilter) to context ozoneManager
2019-10-18 07:01:25,671 [main] INFO  http.HttpServer2 (HttpServer2.java:addFilter(958)) - Added filter static_user_filter (class=org.apache.hadoop.http.lib.StaticUserWebFilter$StaticUserFilter) to context static
2019-10-18 07:01:25,672 [main] INFO  http.HttpServer2 (HttpServer2.java:addFilter(958)) - Added filter static_user_filter (class=org.apache.hadoop.http.lib.StaticUserWebFilter$StaticUserFilter) to context logs
2019-10-18 07:01:25,675 [main] INFO  http.HttpServer2 (HttpServer2.java:bindListener(1191)) - Jetty bound to port 43245
2019-10-18 07:01:25,675 [main] INFO  server.Server (Server.java:doStart(351)) - jetty-9.3.25.v20180904, build timestamp: 2018-09-04T21:11:46Z, git hash: 3ce520221d0240229c862b122d2b06c12a625732
2019-10-18 07:01:25,678 [main] INFO  handler.ContextHandler (ContextHandler.java:doStart(781)) - Started o.e.j.s.ServletContextHandler@aa10649{/logs,file:///workdir/hadoop-ozone/integration-test/target/log,AVAILABLE}
2019-10-18 07:01:25,679 [main] INFO  handler.ContextHandler (ContextHandler.java:doStart(781)) - Started o.e.j.s.ServletContextHandler@37095ded{/static,file:///workdir/hadoop-ozone/integration-test/target/test-classes/webapps/static,AVAILABLE}
2019-10-18 07:01:25,686 [main] INFO  handler.ContextHandler (ContextHandler.java:doStart(781)) - Started o.e.j.w.WebAppContext@75b3673{/,file:///workdir/hadoop-ozone/integration-test/target/test-classes/webapps/ozoneManager/,AVAILABLE}{/ozoneManager}
2019-10-18 07:01:25,687 [main] INFO  server.AbstractConnector (AbstractConnector.java:doStart(278)) - Started ServerConnector@1bcb79c2{HTTP/1.1,[http/1.1]}{0.0.0.0:43245}
2019-10-18 07:01:25,687 [main] INFO  server.Server (Server.java:doStart(419)) - Started @4655ms
2019-10-18 07:01:25,688 [main] WARN  impl.MetricsSystemImpl (MetricsSystemImpl.java:register(276)) - Sink prometheus already exists!
2019-10-18 07:01:25,689 [main] INFO  server.BaseHttpServer (BaseHttpServer.java:updateConnectorAddress(215)) - HTTP server of OZONEMANAGER is listening at http://0.0.0.0:43245
2019-10-18 07:01:25,982 [main] INFO  impl.MetricsSystemImpl (MetricsSystemImpl.java:init(158)) - HddsDatanode metrics system started (again)
2019-10-18 07:01:26,046 [main] INFO  ozone.HddsDatanodeService (HddsDatanodeService.java:start(184)) - HddsDatanodeService host:pr-hdds-2318-jnjn8-2612408985 ip:192.168.34.25
2019-10-18 07:01:26,081 [main] INFO  volume.HddsVolume (HddsVolume.java:<init>(176)) - Creating Volume: /workdir/hadoop-ozone/integration-test/target/test-dir/MiniOzoneClusterImpl-e1e2c834-f325-487e-8a8a-8e8b7cc1d0d1/datanode-0/data/containers/hdds of  storage type : DISK and capacity : 1482555576320
2019-10-18 07:01:26,083 [main] INFO  volume.VolumeSet (VolumeSet.java:initializeVolumeSet(170)) - Added Volume : /workdir/hadoop-ozone/integration-test/target/test-dir/MiniOzoneClusterImpl-e1e2c834-f325-487e-8a8a-8e8b7cc1d0d1/datanode-0/data/containers/hdds to VolumeSet
2019-10-18 07:01:26,086 [main] INFO  volume.ThrottledAsyncChecker (ThrottledAsyncChecker.java:schedule(141)) - Scheduling a check for /workdir/hadoop-ozone/integration-test/target/test-dir/MiniOzoneClusterImpl-e1e2c834-f325-487e-8a8a-8e8b7cc1d0d1/datanode-0/data/containers/hdds
2019-10-18 07:01:26,104 [main] INFO  volume.HddsVolumeChecker (HddsVolumeChecker.java:checkAllVolumes(204)) - Scheduled health check for volume /workdir/hadoop-ozone/integration-test/target/test-dir/MiniOzoneClusterImpl-e1e2c834-f325-487e-8a8a-8e8b7cc1d0d1/datanode-0/data/containers/hdds
2019-10-18 07:01:26,212 [main] INFO  impl.RaftServerProxy (ConfUtils.java:logGet(43)) - raft.rpc.type = GRPC (default)
2019-10-18 07:01:26,290 [main] INFO  grpc.GrpcFactory (GrpcFactory.java:checkPooledByteBufAllocatorUseCacheForAllThreads(45)) - PERFORMANCE WARNING: useCacheForAllThreads is true that may cause Netty to create a lot garbage objects and, as a result, trigger GC.
	It is recommended to disable useCacheForAllThreads by setting -Dorg.apache.ratis.thirdparty.io.netty.allocator.useCacheForAllThreads=false in command line.
2019-10-18 07:01:26,295 [main] INFO  grpc.GrpcConfigKeys$Server (ConfUtils.java:logGet(43)) - raft.grpc.server.port = 0 (default)
2019-10-18 07:01:26,296 [main] INFO  server.GrpcService (ConfUtils.java:logGet(43)) - raft.grpc.message.size.max = 33570816 (custom)
2019-10-18 07:01:26,298 [main] INFO  server.RaftServerConfigKeys (ConfUtils.java:logGet(43)) - raft.server.log.appender.buffer.byte-limit = 33554432 (custom)
2019-10-18 07:01:26,299 [main] INFO  server.GrpcService (ConfUtils.java:logGet(43)) - raft.grpc.flow.control.window = 1MB (=1048576) (default)
2019-10-18 07:01:26,300 [main] INFO  server.RaftServerConfigKeys (ConfUtils.java:logGet(43)) - raft.server.rpc.request.timeout = 3000ms (default)
2019-10-18 07:01:26,474 [main] INFO  server.RaftServerConfigKeys (ConfUtils.java:logGet(43)) - raft.server.storage.dir = [/workdir/hadoop-ozone/integration-test/target/test-dir/MiniOzoneClusterImpl-e1e2c834-f325-487e-8a8a-8e8b7cc1d0d1/datanode-0/data/ratis] (custom)
2019-10-18 07:01:26,521 [main] INFO  hdfs.DFSUtil (DFSUtil.java:httpServerTemplateForNNAndJN(1641)) - Starting Web-server for hddsDatanode at: http://0.0.0.0:0
2019-10-18 07:01:26,523 [main] INFO  server.AuthenticationFilter (AuthenticationFilter.java:constructSecretProvider(240)) - Unable to initialize FileSignerSecretProvider, falling back to use random secrets.
2019-10-18 07:01:26,524 [main] WARN  http.HttpRequestLog (HttpRequestLog.java:getRequestLog(97)) - Jetty request log can only be enabled using Log4j
2019-10-18 07:01:26,526 [main] INFO  http.HttpServer2 (HttpServer2.java:addGlobalFilter(975)) - Added global filter 'safety' (class=org.apache.hadoop.http.HttpServer2$QuotingInputFilter)
2019-10-18 07:01:26,527 [main] INFO  http.HttpServer2 (HttpServer2.java:addFilter(948)) - Added filter static_user_filter (class=org.apache.hadoop.http.lib.StaticUserWebFilter$StaticUserFilter) to context hddsDatanode
2019-10-18 07:01:26,527 [main] INFO  http.HttpServer2 (HttpServer2.java:addFilter(958)) - Added filter static_user_filter (class=org.apache.hadoop.http.lib.StaticUserWebFilter$StaticUserFilter) to context logs
2019-10-18 07:01:26,528 [main] INFO  http.HttpServer2 (HttpServer2.java:addFilter(958)) - Added filter static_user_filter (class=org.apache.hadoop.http.lib.StaticUserWebFilter$StaticUserFilter) to context static
2019-10-18 07:01:26,529 [main] INFO  http.HttpServer2 (HttpServer2.java:bindListener(1191)) - Jetty bound to port 44394
2019-10-18 07:01:26,529 [main] INFO  server.Server (Server.java:doStart(351)) - jetty-9.3.25.v20180904, build timestamp: 2018-09-04T21:11:46Z, git hash: 3ce520221d0240229c862b122d2b06c12a625732
2019-10-18 07:01:26,534 [main] INFO  handler.ContextHandler (ContextHandler.java:doStart(781)) - Started o.e.j.s.ServletContextHandler@60cf62ad{/logs,file:///workdir/hadoop-ozone/integration-test/target/log,AVAILABLE}
2019-10-18 07:01:26,534 [main] INFO  handler.ContextHandler (ContextHandler.java:doStart(781)) - Started o.e.j.s.ServletContextHandler@1ac4ccad{/static,jar:file:/home/user/.m2/repository/org/apache/hadoop/hadoop-hdds-container-service/0.5.0-SNAPSHOT/hadoop-hdds-container-service-0.5.0-SNAPSHOT.jar!/webapps/static,AVAILABLE}
2019-10-18 07:01:26,587 [main] INFO  handler.ContextHandler (ContextHandler.java:doStart(781)) - Started o.e.j.w.WebAppContext@de8039f{/,file:///tmp/jetty-0.0.0.0-44394-hddsDatanode-_-any-3541768087135716712.dir/webapp/,AVAILABLE}{/hddsDatanode}
2019-10-18 07:01:26,588 [main] INFO  server.AbstractConnector (AbstractConnector.java:doStart(278)) - Started ServerConnector@1deceb67{HTTP/1.1,[http/1.1]}{0.0.0.0:44394}
2019-10-18 07:01:26,589 [main] INFO  server.Server (Server.java:doStart(419)) - Started @5556ms
2019-10-18 07:01:26,589 [main] WARN  impl.MetricsSystemImpl (MetricsSystemImpl.java:register(276)) - Sink prometheus already exists!
2019-10-18 07:01:26,590 [main] INFO  server.BaseHttpServer (BaseHttpServer.java:updateConnectorAddress(215)) - HTTP server of HDDSDATANODE is listening at http://0.0.0.0:44394
2019-10-18 07:01:26,592 [main] INFO  impl.MetricsSystemImpl (MetricsSystemImpl.java:init(158)) - HddsDatanode metrics system started (again)
2019-10-18 07:01:26,596 [main] INFO  ozone.HddsDatanodeService (HddsDatanodeService.java:start(184)) - HddsDatanodeService host:pr-hdds-2318-jnjn8-2612408985 ip:192.168.34.25
2019-10-18 07:01:26,596 [org.apache.hadoop.util.JvmPauseMonitor$Monitor@1ab45c92] INFO  util.JvmPauseMonitor (JvmPauseMonitor.java:run(188)) - Starting JVM pause monitor
2019-10-18 07:01:26,615 [main] INFO  volume.HddsVolume (HddsVolume.java:<init>(176)) - Creating Volume: /workdir/hadoop-ozone/integration-test/target/test-dir/MiniOzoneClusterImpl-e1e2c834-f325-487e-8a8a-8e8b7cc1d0d1/datanode-1/data/containers/hdds of  storage type : DISK and capacity : 1482555576320
2019-10-18 07:01:26,615 [main] INFO  volume.VolumeSet (VolumeSet.java:initializeVolumeSet(170)) - Added Volume : /workdir/hadoop-ozone/integration-test/target/test-dir/MiniOzoneClusterImpl-e1e2c834-f325-487e-8a8a-8e8b7cc1d0d1/datanode-1/data/containers/hdds to VolumeSet
2019-10-18 07:01:26,615 [main] INFO  volume.ThrottledAsyncChecker (ThrottledAsyncChecker.java:schedule(141)) - Scheduling a check for /workdir/hadoop-ozone/integration-test/target/test-dir/MiniOzoneClusterImpl-e1e2c834-f325-487e-8a8a-8e8b7cc1d0d1/datanode-1/data/containers/hdds
2019-10-18 07:01:26,617 [main] INFO  volume.HddsVolumeChecker (HddsVolumeChecker.java:checkAllVolumes(204)) - Scheduled health check for volume /workdir/hadoop-ozone/integration-test/target/test-dir/MiniOzoneClusterImpl-e1e2c834-f325-487e-8a8a-8e8b7cc1d0d1/datanode-1/data/containers/hdds
2019-10-18 07:01:26,637 [main] INFO  impl.RaftServerProxy (ConfUtils.java:logGet(43)) - raft.rpc.type = GRPC (default)
2019-10-18 07:01:26,638 [main] INFO  grpc.GrpcFactory (GrpcFactory.java:checkPooledByteBufAllocatorUseCacheForAllThreads(45)) - PERFORMANCE WARNING: useCacheForAllThreads is true that may cause Netty to create a lot garbage objects and, as a result, trigger GC.
	It is recommended to disable useCacheForAllThreads by setting -Dorg.apache.ratis.thirdparty.io.netty.allocator.useCacheForAllThreads=false in command line.
2019-10-18 07:01:26,638 [main] INFO  grpc.GrpcConfigKeys$Server (ConfUtils.java:logGet(43)) - raft.grpc.server.port = 0 (default)
2019-10-18 07:01:26,638 [main] INFO  server.GrpcService (ConfUtils.java:logGet(43)) - raft.grpc.message.size.max = 33570816 (custom)
2019-10-18 07:01:26,638 [main] INFO  server.RaftServerConfigKeys (ConfUtils.java:logGet(43)) - raft.server.log.appender.buffer.byte-limit = 33554432 (custom)
2019-10-18 07:01:26,639 [main] INFO  server.GrpcService (ConfUtils.java:logGet(43)) - raft.grpc.flow.control.window = 1MB (=1048576) (default)
2019-10-18 07:01:26,639 [main] INFO  server.RaftServerConfigKeys (ConfUtils.java:logGet(43)) - raft.server.rpc.request.timeout = 3000ms (default)
2019-10-18 07:01:26,640 [main] INFO  server.RaftServerConfigKeys (ConfUtils.java:logGet(43)) - raft.server.storage.dir = [/workdir/hadoop-ozone/integration-test/target/test-dir/MiniOzoneClusterImpl-e1e2c834-f325-487e-8a8a-8e8b7cc1d0d1/datanode-1/data/ratis] (custom)
2019-10-18 07:01:26,642 [main] INFO  hdfs.DFSUtil (DFSUtil.java:httpServerTemplateForNNAndJN(1641)) - Starting Web-server for hddsDatanode at: http://0.0.0.0:0
2019-10-18 07:01:26,644 [main] INFO  server.AuthenticationFilter (AuthenticationFilter.java:constructSecretProvider(240)) - Unable to initialize FileSignerSecretProvider, falling back to use random secrets.
2019-10-18 07:01:26,644 [main] WARN  http.HttpRequestLog (HttpRequestLog.java:getRequestLog(97)) - Jetty request log can only be enabled using Log4j
2019-10-18 07:01:26,646 [main] INFO  http.HttpServer2 (HttpServer2.java:addGlobalFilter(975)) - Added global filter 'safety' (class=org.apache.hadoop.http.HttpServer2$QuotingInputFilter)
2019-10-18 07:01:26,647 [main] INFO  http.HttpServer2 (HttpServer2.java:addFilter(948)) - Added filter static_user_filter (class=org.apache.hadoop.http.lib.StaticUserWebFilter$StaticUserFilter) to context hddsDatanode
2019-10-18 07:01:26,647 [main] INFO  http.HttpServer2 (HttpServer2.java:addFilter(958)) - Added filter static_user_filter (class=org.apache.hadoop.http.lib.StaticUserWebFilter$StaticUserFilter) to context logs
2019-10-18 07:01:26,648 [main] INFO  http.HttpServer2 (HttpServer2.java:addFilter(958)) - Added filter static_user_filter (class=org.apache.hadoop.http.lib.StaticUserWebFilter$StaticUserFilter) to context static
2019-10-18 07:01:26,649 [main] INFO  http.HttpServer2 (HttpServer2.java:bindListener(1191)) - Jetty bound to port 45353
2019-10-18 07:01:26,649 [main] INFO  server.Server (Server.java:doStart(351)) - jetty-9.3.25.v20180904, build timestamp: 2018-09-04T21:11:46Z, git hash: 3ce520221d0240229c862b122d2b06c12a625732
2019-10-18 07:01:26,652 [main] INFO  handler.ContextHandler (ContextHandler.java:doStart(781)) - Started o.e.j.s.ServletContextHandler@5e65afb6{/logs,file:///workdir/hadoop-ozone/integration-test/target/log,AVAILABLE}
2019-10-18 07:01:26,653 [main] INFO  handler.ContextHandler (ContextHandler.java:doStart(781)) - Started o.e.j.s.ServletContextHandler@8851ce1{/static,jar:file:/home/user/.m2/repository/org/apache/hadoop/hadoop-hdds-container-service/0.5.0-SNAPSHOT/hadoop-hdds-container-service-0.5.0-SNAPSHOT.jar!/webapps/static,AVAILABLE}
2019-10-18 07:01:26,687 [main] INFO  handler.ContextHandler (ContextHandler.java:doStart(781)) - Started o.e.j.w.WebAppContext@7a0ef219{/,file:///tmp/jetty-0.0.0.0-45353-hddsDatanode-_-any-324267813922461059.dir/webapp/,AVAILABLE}{/hddsDatanode}
2019-10-18 07:01:26,688 [main] INFO  server.AbstractConnector (AbstractConnector.java:doStart(278)) - Started ServerConnector@1b1f5012{HTTP/1.1,[http/1.1]}{0.0.0.0:45353}
2019-10-18 07:01:26,689 [main] INFO  server.Server (Server.java:doStart(419)) - Started @5656ms
2019-10-18 07:01:26,690 [main] WARN  impl.MetricsSystemImpl (MetricsSystemImpl.java:register(276)) - Sink prometheus already exists!
2019-10-18 07:01:26,691 [main] INFO  server.BaseHttpServer (BaseHttpServer.java:updateConnectorAddress(215)) - HTTP server of HDDSDATANODE is listening at http://0.0.0.0:45353
2019-10-18 07:01:26,691 [main] INFO  impl.MetricsSystemImpl (MetricsSystemImpl.java:init(158)) - HddsDatanode metrics system started (again)
2019-10-18 07:01:26,693 [main] INFO  ozone.HddsDatanodeService (HddsDatanodeService.java:start(184)) - HddsDatanodeService host:pr-hdds-2318-jnjn8-2612408985 ip:192.168.34.25
2019-10-18 07:01:26,694 [org.apache.hadoop.util.JvmPauseMonitor$Monitor@78ae2194] INFO  util.JvmPauseMonitor (JvmPauseMonitor.java:run(188)) - Starting JVM pause monitor
2019-10-18 07:01:26,703 [main] INFO  volume.HddsVolume (HddsVolume.java:<init>(176)) - Creating Volume: /workdir/hadoop-ozone/integration-test/target/test-dir/MiniOzoneClusterImpl-e1e2c834-f325-487e-8a8a-8e8b7cc1d0d1/datanode-2/data/containers/hdds of  storage type : DISK and capacity : 1482555576320
2019-10-18 07:01:26,704 [main] INFO  volume.VolumeSet (VolumeSet.java:initializeVolumeSet(170)) - Added Volume : /workdir/hadoop-ozone/integration-test/target/test-dir/MiniOzoneClusterImpl-e1e2c834-f325-487e-8a8a-8e8b7cc1d0d1/datanode-2/data/containers/hdds to VolumeSet
2019-10-18 07:01:26,704 [main] INFO  volume.ThrottledAsyncChecker (ThrottledAsyncChecker.java:schedule(141)) - Scheduling a check for /workdir/hadoop-ozone/integration-test/target/test-dir/MiniOzoneClusterImpl-e1e2c834-f325-487e-8a8a-8e8b7cc1d0d1/datanode-2/data/containers/hdds
2019-10-18 07:01:26,705 [main] INFO  volume.HddsVolumeChecker (HddsVolumeChecker.java:checkAllVolumes(204)) - Scheduled health check for volume /workdir/hadoop-ozone/integration-test/target/test-dir/MiniOzoneClusterImpl-e1e2c834-f325-487e-8a8a-8e8b7cc1d0d1/datanode-2/data/containers/hdds
2019-10-18 07:01:26,709 [Datanode State Machine Thread - 0] INFO  datanode.InitDatanodeState (InitDatanodeState.java:persistContainerDatanodeDetails(140)) - DatanodeDetails is persisted to /workdir/hadoop-ozone/integration-test/target/test-dir/MiniOzoneClusterImpl-e1e2c834-f325-487e-8a8a-8e8b7cc1d0d1/datanode-0/meta/datanode.id
2019-10-18 07:01:26,713 [Datanode State Machine Thread - 0] INFO  datanode.InitDatanodeState (InitDatanodeState.java:persistContainerDatanodeDetails(140)) - DatanodeDetails is persisted to /workdir/hadoop-ozone/integration-test/target/test-dir/MiniOzoneClusterImpl-e1e2c834-f325-487e-8a8a-8e8b7cc1d0d1/datanode-1/meta/datanode.id
2019-10-18 07:01:26,724 [main] INFO  impl.RaftServerProxy (ConfUtils.java:logGet(43)) - raft.rpc.type = GRPC (default)
2019-10-18 07:01:26,724 [main] INFO  grpc.GrpcFactory (GrpcFactory.java:checkPooledByteBufAllocatorUseCacheForAllThreads(45)) - PERFORMANCE WARNING: useCacheForAllThreads is true that may cause Netty to create a lot garbage objects and, as a result, trigger GC.
	It is recommended to disable useCacheForAllThreads by setting -Dorg.apache.ratis.thirdparty.io.netty.allocator.useCacheForAllThreads=false in command line.
2019-10-18 07:01:26,724 [main] INFO  grpc.GrpcConfigKeys$Server (ConfUtils.java:logGet(43)) - raft.grpc.server.port = 0 (default)
2019-10-18 07:01:26,725 [main] INFO  server.GrpcService (ConfUtils.java:logGet(43)) - raft.grpc.message.size.max = 33570816 (custom)
2019-10-18 07:01:26,725 [main] INFO  server.RaftServerConfigKeys (ConfUtils.java:logGet(43)) - raft.server.log.appender.buffer.byte-limit = 33554432 (custom)
2019-10-18 07:01:26,725 [main] INFO  server.GrpcService (ConfUtils.java:logGet(43)) - raft.grpc.flow.control.window = 1MB (=1048576) (default)
2019-10-18 07:01:26,726 [main] INFO  server.RaftServerConfigKeys (ConfUtils.java:logGet(43)) - raft.server.rpc.request.timeout = 3000ms (default)
2019-10-18 07:01:26,726 [main] INFO  server.RaftServerConfigKeys (ConfUtils.java:logGet(43)) - raft.server.storage.dir = [/workdir/hadoop-ozone/integration-test/target/test-dir/MiniOzoneClusterImpl-e1e2c834-f325-487e-8a8a-8e8b7cc1d0d1/datanode-2/data/ratis] (custom)
2019-10-18 07:01:26,729 [main] INFO  hdfs.DFSUtil (DFSUtil.java:httpServerTemplateForNNAndJN(1641)) - Starting Web-server for hddsDatanode at: http://0.0.0.0:0
2019-10-18 07:01:26,730 [main] INFO  server.AuthenticationFilter (AuthenticationFilter.java:constructSecretProvider(240)) - Unable to initialize FileSignerSecretProvider, falling back to use random secrets.
2019-10-18 07:01:26,731 [main] WARN  http.HttpRequestLog (HttpRequestLog.java:getRequestLog(97)) - Jetty request log can only be enabled using Log4j
2019-10-18 07:01:26,733 [main] INFO  http.HttpServer2 (HttpServer2.java:addGlobalFilter(975)) - Added global filter 'safety' (class=org.apache.hadoop.http.HttpServer2$QuotingInputFilter)
2019-10-18 07:01:26,734 [main] INFO  http.HttpServer2 (HttpServer2.java:addFilter(948)) - Added filter static_user_filter (class=org.apache.hadoop.http.lib.StaticUserWebFilter$StaticUserFilter) to context hddsDatanode
2019-10-18 07:01:26,734 [main] INFO  http.HttpServer2 (HttpServer2.java:addFilter(958)) - Added filter static_user_filter (class=org.apache.hadoop.http.lib.StaticUserWebFilter$StaticUserFilter) to context logs
2019-10-18 07:01:26,734 [main] INFO  http.HttpServer2 (HttpServer2.java:addFilter(958)) - Added filter static_user_filter (class=org.apache.hadoop.http.lib.StaticUserWebFilter$StaticUserFilter) to context static
2019-10-18 07:01:26,735 [main] INFO  http.HttpServer2 (HttpServer2.java:bindListener(1191)) - Jetty bound to port 35878
2019-10-18 07:01:26,735 [main] INFO  server.Server (Server.java:doStart(351)) - jetty-9.3.25.v20180904, build timestamp: 2018-09-04T21:11:46Z, git hash: 3ce520221d0240229c862b122d2b06c12a625732
2019-10-18 07:01:26,737 [main] INFO  handler.ContextHandler (ContextHandler.java:doStart(781)) - Started o.e.j.s.ServletContextHandler@6069dd38{/logs,file:///workdir/hadoop-ozone/integration-test/target/log,AVAILABLE}
2019-10-18 07:01:26,738 [main] INFO  handler.ContextHandler (ContextHandler.java:doStart(781)) - Started o.e.j.s.ServletContextHandler@558756be{/static,jar:file:/home/user/.m2/repository/org/apache/hadoop/hadoop-hdds-container-service/0.5.0-SNAPSHOT/hadoop-hdds-container-service-0.5.0-SNAPSHOT.jar!/webapps/static,AVAILABLE}
2019-10-18 07:01:26,769 [main] INFO  handler.ContextHandler (ContextHandler.java:doStart(781)) - Started o.e.j.w.WebAppContext@54e3658c{/,file:///tmp/jetty-0.0.0.0-35878-hddsDatanode-_-any-1459981839475037142.dir/webapp/,AVAILABLE}{/hddsDatanode}
2019-10-18 07:01:26,770 [main] INFO  server.AbstractConnector (AbstractConnector.java:doStart(278)) - Started ServerConnector@43e9089{HTTP/1.1,[http/1.1]}{0.0.0.0:35878}
2019-10-18 07:01:26,770 [main] INFO  server.Server (Server.java:doStart(419)) - Started @5737ms
2019-10-18 07:01:26,771 [main] WARN  impl.MetricsSystemImpl (MetricsSystemImpl.java:register(276)) - Sink prometheus already exists!
2019-10-18 07:01:26,772 [main] INFO  server.BaseHttpServer (BaseHttpServer.java:updateConnectorAddress(215)) - HTTP server of HDDSDATANODE is listening at http://0.0.0.0:35878
2019-10-18 07:01:26,773 [main] INFO  ozone.MiniOzoneClusterImpl (MiniOzoneClusterImpl.java:lambda$waitForClusterToBeReady$0(147)) - Waiting for cluster to be ready. Got 0 of 3 DN Heartbeats.
2019-10-18 07:01:26,774 [org.apache.hadoop.util.JvmPauseMonitor$Monitor@40fa2e4a] INFO  util.JvmPauseMonitor (JvmPauseMonitor.java:run(188)) - Starting JVM pause monitor
2019-10-18 07:01:26,776 [Datanode State Machine Thread - 0] INFO  datanode.InitDatanodeState (InitDatanodeState.java:persistContainerDatanodeDetails(140)) - DatanodeDetails is persisted to /workdir/hadoop-ozone/integration-test/target/test-dir/MiniOzoneClusterImpl-e1e2c834-f325-487e-8a8a-8e8b7cc1d0d1/datanode-2/meta/datanode.id
2019-10-18 07:01:27,774 [main] INFO  ozone.MiniOzoneClusterImpl (MiniOzoneClusterImpl.java:lambda$waitForClusterToBeReady$0(147)) - Waiting for cluster to be ready. Got 0 of 3 DN Heartbeats.
2019-10-18 07:01:28,692 [Datanode State Machine Thread - 0] INFO  ozoneimpl.OzoneContainer (OzoneContainer.java:start(213)) - Attempting to start container services.
2019-10-18 07:01:28,696 [Datanode State Machine Thread - 0] INFO  ozoneimpl.OzoneContainer (OzoneContainer.java:startContainerScrub(177)) - Background container scanner has been disabled.
2019-10-18 07:01:28,696 [Datanode State Machine Thread - 0] INFO  ratis.XceiverServerRatis (XceiverServerRatis.java:start(418)) - Starting XceiverServerRatis f69cf638-138d-4576-91da-2cd882e57eee at port 0
2019-10-18 07:01:28,722 [Datanode State Machine Thread - 0] INFO  impl.RaftServerProxy (RaftServerProxy.java:lambda$start$3(299)) - f69cf638-138d-4576-91da-2cd882e57eee: start RPC server
2019-10-18 07:01:28,726 [Datanode State Machine Thread - 0] INFO  ozoneimpl.OzoneContainer (OzoneContainer.java:start(213)) - Attempting to start container services.
2019-10-18 07:01:28,731 [Datanode State Machine Thread - 0] INFO  ozoneimpl.OzoneContainer (OzoneContainer.java:startContainerScrub(177)) - Background container scanner has been disabled.
2019-10-18 07:01:28,731 [Datanode State Machine Thread - 0] INFO  ratis.XceiverServerRatis (XceiverServerRatis.java:start(418)) - Starting XceiverServerRatis 46b9516a-dfd6-4e8f-8939-5a6242357177 at port 0
2019-10-18 07:01:28,742 [Datanode State Machine Thread - 0] INFO  impl.RaftServerProxy (RaftServerProxy.java:lambda$start$3(299)) - 46b9516a-dfd6-4e8f-8939-5a6242357177: start RPC server
2019-10-18 07:01:28,775 [main] INFO  ozone.MiniOzoneClusterImpl (MiniOzoneClusterImpl.java:lambda$waitForClusterToBeReady$0(147)) - Waiting for cluster to be ready. Got 0 of 3 DN Heartbeats.
2019-10-18 07:01:28,801 [Datanode State Machine Thread - 0] INFO  ozoneimpl.OzoneContainer (OzoneContainer.java:start(213)) - Attempting to start container services.
2019-10-18 07:01:28,802 [Datanode State Machine Thread - 0] INFO  ozoneimpl.OzoneContainer (OzoneContainer.java:startContainerScrub(177)) - Background container scanner has been disabled.
2019-10-18 07:01:28,803 [Datanode State Machine Thread - 0] INFO  ratis.XceiverServerRatis (XceiverServerRatis.java:start(418)) - Starting XceiverServerRatis 93f10d81-f4b6-4237-b2e6-6c2ccf8ca027 at port 0
2019-10-18 07:01:28,812 [Datanode State Machine Thread - 0] INFO  impl.RaftServerProxy (RaftServerProxy.java:lambda$start$3(299)) - 93f10d81-f4b6-4237-b2e6-6c2ccf8ca027: start RPC server
2019-10-18 07:01:28,878 [Datanode State Machine Thread - 0] INFO  server.GrpcService (GrpcService.java:startImpl(158)) - f69cf638-138d-4576-91da-2cd882e57eee: GrpcService started, listening on 0.0.0.0/0.0.0.0:40171
2019-10-18 07:01:28,878 [Datanode State Machine Thread - 0] INFO  server.GrpcService (GrpcService.java:startImpl(158)) - 46b9516a-dfd6-4e8f-8939-5a6242357177: GrpcService started, listening on 0.0.0.0/0.0.0.0:42762
2019-10-18 07:01:28,878 [Datanode State Machine Thread - 0] INFO  server.GrpcService (GrpcService.java:startImpl(158)) - 93f10d81-f4b6-4237-b2e6-6c2ccf8ca027: GrpcService started, listening on 0.0.0.0/0.0.0.0:43753
2019-10-18 07:01:28,879 [Datanode State Machine Thread - 0] INFO  ratis.XceiverServerRatis (XceiverServerRatis.java:start(428)) - XceiverServerRatis 46b9516a-dfd6-4e8f-8939-5a6242357177 is started using port 42762
2019-10-18 07:01:28,879 [Datanode State Machine Thread - 0] INFO  ratis.XceiverServerRatis (XceiverServerRatis.java:start(428)) - XceiverServerRatis f69cf638-138d-4576-91da-2cd882e57eee is started using port 40171
2019-10-18 07:01:28,879 [Datanode State Machine Thread - 0] INFO  ratis.XceiverServerRatis (XceiverServerRatis.java:start(428)) - XceiverServerRatis 93f10d81-f4b6-4237-b2e6-6c2ccf8ca027 is started using port 43753
2019-10-18 07:01:28,885 [Datanode State Machine Thread - 0] INFO  server.XceiverServerGrpc (XceiverServerGrpc.java:start(149)) - XceiverServerGrpc f69cf638-138d-4576-91da-2cd882e57eee is started using port 37081
2019-10-18 07:01:28,885 [Datanode State Machine Thread - 0] INFO  server.XceiverServerGrpc (XceiverServerGrpc.java:start(149)) - XceiverServerGrpc 46b9516a-dfd6-4e8f-8939-5a6242357177 is started using port 45456
2019-10-18 07:01:28,885 [Datanode State Machine Thread - 0] INFO  server.XceiverServerGrpc (XceiverServerGrpc.java:start(149)) - XceiverServerGrpc 93f10d81-f4b6-4237-b2e6-6c2ccf8ca027 is started using port 46255
2019-10-18 07:01:29,776 [main] INFO  ozone.MiniOzoneClusterImpl (MiniOzoneClusterImpl.java:lambda$waitForClusterToBeReady$0(147)) - Waiting for cluster to be ready. Got 0 of 3 DN Heartbeats.
2019-10-18 07:01:30,631 [IPC Server handler 2 on 40723] INFO  net.NetworkTopology (NetworkTopologyImpl.java:add(111)) - Added a new node: /default-rack/f69cf638-138d-4576-91da-2cd882e57eee
2019-10-18 07:01:30,631 [IPC Server handler 2 on 40723] INFO  node.SCMNodeManager (SCMNodeManager.java:register(268)) - Registered Data node : f69cf638-138d-4576-91da-2cd882e57eee{ip: 192.168.34.25, host: pr-hdds-2318-jnjn8-2612408985, networkLocation: /default-rack, certSerialId: null}
2019-10-18 07:01:30,634 [EventQueue-NodeRegistrationContainerReportForDataNodeSafeModeRule] INFO  safemode.SCMSafeModeManager (DataNodeSafeModeRule.java:process(71)) - SCM in safe mode. 1 DataNodes registered, 1 required.
2019-10-18 07:01:30,635 [EventQueue-NodeRegistrationContainerReportForDataNodeSafeModeRule] INFO  safemode.SCMSafeModeManager (SCMSafeModeManager.java:validateSafeModeExitRules(177)) - ScmSafeModeManager, all rules are successfully validated
2019-10-18 07:01:30,635 [EventQueue-NodeRegistrationContainerReportForDataNodeSafeModeRule] INFO  safemode.SCMSafeModeManager (SCMSafeModeManager.java:exitSafeMode(193)) - SCM exiting safe mode.
2019-10-18 07:01:30,696 [IPC Server handler 0 on 40723] INFO  net.NetworkTopology (NetworkTopologyImpl.java:add(111)) - Added a new node: /default-rack/46b9516a-dfd6-4e8f-8939-5a6242357177
2019-10-18 07:01:30,696 [IPC Server handler 0 on 40723] INFO  node.SCMNodeManager (SCMNodeManager.java:register(268)) - Registered Data node : 46b9516a-dfd6-4e8f-8939-5a6242357177{ip: 192.168.34.25, host: pr-hdds-2318-jnjn8-2612408985, networkLocation: /default-rack, certSerialId: null}
2019-10-18 07:01:30,776 [main] INFO  ozone.MiniOzoneClusterImpl (MiniOzoneClusterImpl.java:lambda$waitForClusterToBeReady$0(147)) - Waiting for cluster to be ready. Got 2 of 3 DN Heartbeats.
2019-10-18 07:01:30,777 [IPC Server handler 13 on 40723] INFO  net.NetworkTopology (NetworkTopologyImpl.java:add(111)) - Added a new node: /default-rack/93f10d81-f4b6-4237-b2e6-6c2ccf8ca027
2019-10-18 07:01:30,777 [IPC Server handler 13 on 40723] INFO  node.SCMNodeManager (SCMNodeManager.java:register(268)) - Registered Data node : 93f10d81-f4b6-4237-b2e6-6c2ccf8ca027{ip: 192.168.34.25, host: pr-hdds-2318-jnjn8-2612408985, networkLocation: /default-rack, certSerialId: null}
2019-10-18 07:01:31,091 [grpc-default-executor-0] INFO  impl.RaftServerProxy (RaftServerProxy.java:addNew(89)) - f69cf638-138d-4576-91da-2cd882e57eee: addNew group-D7230CD3A541:[f69cf638-138d-4576-91da-2cd882e57eee:192.168.34.25:40171] returns group-D7230CD3A541:java.util.concurrent.CompletableFuture@1aab5bf5[Not completed]
2019-10-18 07:01:31,105 [pool-27-thread-1] INFO  impl.RaftServerImpl (RaftServerImpl.java:<init>(104)) - f69cf638-138d-4576-91da-2cd882e57eee: new RaftServerImpl for group-D7230CD3A541:[f69cf638-138d-4576-91da-2cd882e57eee:192.168.34.25:40171] with ContainerStateMachine:uninitialized
2019-10-18 07:01:31,109 [pool-27-thread-1] INFO  server.RaftServerConfigKeys (ConfUtils.java:logGet(43)) - raft.server.rpc.timeout.min = 5s (custom)
2019-10-18 07:01:31,110 [pool-27-thread-1] INFO  server.RaftServerConfigKeys (ConfUtils.java:logGet(43)) - raft.server.rpc.timeout.max = 5200ms (custom)
2019-10-18 07:01:31,110 [pool-27-thread-1] INFO  server.RaftServerConfigKeys (ConfUtils.java:logGet(43)) - raft.server.rpcslowness.timeout = 1000s (custom)
2019-10-18 07:01:31,110 [pool-27-thread-1] INFO  server.RaftServerConfigKeys (ConfUtils.java:logGet(43)) - raft.server.sleep.deviation.threshold = 300 (default)
2019-10-18 07:01:31,111 [pool-27-thread-1] INFO  server.RaftServerConfigKeys (ConfUtils.java:logGet(43)) - raft.server.log.appender.install.snapshot.enabled = false (custom)
2019-10-18 07:01:31,119 [pool-27-thread-1] INFO  impl.RaftServerImpl (ServerState.java:<init>(103)) - f69cf638-138d-4576-91da-2cd882e57eee@group-D7230CD3A541: ConfigurationManager, init=-1: [f69cf638-138d-4576-91da-2cd882e57eee:192.168.34.25:40171], old=null, confs=<EMPTY_MAP>
2019-10-18 07:01:31,120 [pool-27-thread-1] INFO  server.RaftServerConfigKeys (ConfUtils.java:logGet(43)) - raft.server.storage.dir = [/workdir/hadoop-ozone/integration-test/target/test-dir/MiniOzoneClusterImpl-e1e2c834-f325-487e-8a8a-8e8b7cc1d0d1/datanode-0/data/ratis] (custom)
2019-10-18 07:01:31,126 [pool-27-thread-1] INFO  server.RaftServerConfigKeys (ConfUtils.java:logGet(43)) - raft.server.log.corruption.policy = EXCEPTION (default)
2019-10-18 07:01:31,128 [pool-27-thread-1] INFO  storage.RaftStorageDirectory (RaftStorageDirectory.java:analyzeStorage(246)) - The storage directory /workdir/hadoop-ozone/integration-test/target/test-dir/MiniOzoneClusterImpl-e1e2c834-f325-487e-8a8a-8e8b7cc1d0d1/datanode-0/data/ratis/8129bfb2-d034-493e-bf88-d7230cd3a541 does not exist. Creating ...
2019-10-18 07:01:31,151 [pool-27-thread-1] INFO  storage.RaftStorageDirectory (RaftStorageDirectory.java:tryLock(328)) - Lock on /workdir/hadoop-ozone/integration-test/target/test-dir/MiniOzoneClusterImpl-e1e2c834-f325-487e-8a8a-8e8b7cc1d0d1/datanode-0/data/ratis/8129bfb2-d034-493e-bf88-d7230cd3a541/in_use.lock acquired by nodename 24370@pr-hdds-2318-jnjn8-2612408985
2019-10-18 07:01:31,176 [pool-27-thread-1] INFO  storage.RaftStorage (RaftStorage.java:format(84)) - Storage directory /workdir/hadoop-ozone/integration-test/target/test-dir/MiniOzoneClusterImpl-e1e2c834-f325-487e-8a8a-8e8b7cc1d0d1/datanode-0/data/ratis/8129bfb2-d034-493e-bf88-d7230cd3a541 has been successfully formatted.
2019-10-18 07:01:31,179 [pool-27-thread-1] INFO  ratis.ContainerStateMachine (ContainerStateMachine.java:loadSnapshot(231)) - group-D7230CD3A541: The snapshot info is null. Setting the last applied indexto:(t:0, i:~)
2019-10-18 07:01:31,180 [pool-27-thread-1] INFO  server.RaftServerConfigKeys (ConfUtils.java:logGet(43)) - raft.server.notification.no-leader.timeout = 1000s (custom)
2019-10-18 07:01:31,182 [pool-27-thread-1] INFO  server.RaftServerConfigKeys (ConfUtils.java:logGet(43)) - raft.server.log.use.memory = false (default)
2019-10-18 07:01:31,190 [pool-27-thread-1] INFO  server.RaftServerConfigKeys (ConfUtils.java:logGet(43)) - raft.server.log.purge.gap = 1000000 (custom)
2019-10-18 07:01:31,190 [pool-27-thread-1] INFO  server.RaftServerConfigKeys (ConfUtils.java:logGet(43)) - raft.server.log.appender.buffer.byte-limit = 33554432 (custom)
2019-10-18 07:01:31,193 [pool-27-thread-1] INFO  server.RaftServerConfigKeys (ConfUtils.java:logGet(43)) - raft.server.log.segment.size.max = 1048576 (custom)
2019-10-18 07:01:31,195 [pool-27-thread-1] INFO  impl.MetricsSystemImpl (MetricsSystemImpl.java:init(158)) - ratis metrics system started (again)
2019-10-18 07:01:31,200 [pool-27-thread-1] INFO  metrics.MetricRegistries (MetricRegistriesLoader.java:load(64)) - Loaded MetricRegistries class org.apache.ratis.metrics.impl.MetricRegistriesImpl
2019-10-18 07:01:31,243 [pool-27-thread-1] INFO  server.RaftServerConfigKeys (ConfUtils.java:logGet(43)) - raft.server.log.segment.cache.num.max = 2 (custom)
2019-10-18 07:01:31,249 [pool-27-thread-1] INFO  segmented.SegmentedRaftLogWorker (SegmentedRaftLogWorker.java:<init>(173)) - new f69cf638-138d-4576-91da-2cd882e57eee@group-D7230CD3A541-SegmentedRaftLogWorker for RaftStorage:Storage Directory /workdir/hadoop-ozone/integration-test/target/test-dir/MiniOzoneClusterImpl-e1e2c834-f325-487e-8a8a-8e8b7cc1d0d1/datanode-0/data/ratis/8129bfb2-d034-493e-bf88-d7230cd3a541
2019-10-18 07:01:31,249 [pool-27-thread-1] INFO  server.RaftServerConfigKeys (ConfUtils.java:logGet(43)) - raft.server.log.queue.byte-limit = 2147483647 (custom)
2019-10-18 07:01:31,250 [pool-27-thread-1] INFO  server.RaftServerConfigKeys (ConfUtils.java:logGet(43)) - raft.server.log.queue.element-limit = 1024 (custom)
2019-10-18 07:01:31,251 [pool-27-thread-1] INFO  server.RaftServerConfigKeys (ConfUtils.java:logGet(43)) - raft.server.log.segment.size.max = 1048576 (custom)
2019-10-18 07:01:31,252 [pool-27-thread-1] INFO  server.RaftServerConfigKeys (ConfUtils.java:logGet(43)) - raft.server.log.preallocated.size = 16384 (custom)
2019-10-18 07:01:31,252 [pool-27-thread-1] INFO  server.RaftServerConfigKeys (ConfUtils.java:logGet(43)) - raft.server.log.write.buffer.size = 33554432 (custom)
2019-10-18 07:01:31,253 [pool-27-thread-1] INFO  server.RaftServerConfigKeys (ConfUtils.java:logGet(43)) - raft.server.log.force.sync.num = 128 (default)
2019-10-18 07:01:31,254 [pool-27-thread-1] INFO  server.RaftServerConfigKeys (ConfUtils.java:logGet(43)) - raft.server.log.statemachine.data.sync = true (default)
2019-10-18 07:01:31,254 [pool-27-thread-1] INFO  server.RaftServerConfigKeys (ConfUtils.java:logGet(43)) - raft.server.log.statemachine.data.sync.timeout = 10s (default)
2019-10-18 07:01:31,254 [pool-27-thread-1] INFO  server.RaftServerConfigKeys (ConfUtils.java:logGet(43)) - raft.server.log.statemachine.data.sync.timeout.retry = -1 (default)
2019-10-18 07:01:31,266 [pool-27-thread-1] INFO  server.RaftServerConfigKeys (ConfUtils.java:logGet(43)) - raft.server.log.statemachine.data.caching.enabled = true (custom)
2019-10-18 07:01:31,270 [pool-27-thread-1] INFO  segmented.SegmentedRaftLogWorker (SegmentedRaftLogWorker.java:lambda$new$0(128)) - f69cf638-138d-4576-91da-2cd882e57eee@group-D7230CD3A541-SegmentedRaftLogWorker: flushIndex: setUnconditionally 0 -> -1
2019-10-18 07:01:31,274 [pool-27-thread-1] INFO  server.RaftServerConfigKeys (ConfUtils.java:logGet(43)) - raft.server.snapshot.auto.trigger.enabled = true (custom)
2019-10-18 07:01:31,275 [pool-27-thread-1] INFO  server.RaftServerConfigKeys (ConfUtils.java:logGet(43)) - raft.server.snapshot.auto.trigger.threshold = 10000 (custom)
2019-10-18 07:01:31,275 [pool-27-thread-1] INFO  server.RaftServerConfigKeys (ConfUtils.java:logGet(43)) - raft.server.snapshot.retention.file.num = 5 (custom)
2019-10-18 07:01:31,276 [pool-27-thread-1] INFO  server.RaftServerConfigKeys (ConfUtils.java:logGet(43)) - raft.server.retrycache.expirytime = 600000ms (custom)
2019-10-18 07:01:31,303 [pool-27-thread-1] INFO  impl.RaftServerImpl (RaftServerImpl.java:start(195)) - f69cf638-138d-4576-91da-2cd882e57eee@group-D7230CD3A541: start as a follower, conf=-1: [f69cf638-138d-4576-91da-2cd882e57eee:192.168.34.25:40171], old=null
2019-10-18 07:01:31,304 [pool-27-thread-1] INFO  impl.RaftServerImpl (RaftServerImpl.java:setRole(184)) - f69cf638-138d-4576-91da-2cd882e57eee@group-D7230CD3A541: changes role from      null to FOLLOWER at term 0 for startAsFollower
2019-10-18 07:01:31,305 [pool-27-thread-1] INFO  impl.RoleInfo (RoleInfo.java:updateAndGet(143)) - f69cf638-138d-4576-91da-2cd882e57eee: start FollowerState
2019-10-18 07:01:31,307 [pool-27-thread-1] INFO  util.JmxRegister (JmxRegister.java:tryRegister(44)) - Successfully registered JMX Bean with object name Ratis:service=RaftServer,group=group-D7230CD3A541,id=f69cf638-138d-4576-91da-2cd882e57eee
2019-10-18 07:01:31,365 [RatisPipelineUtilsThread] INFO  pipeline.PipelineStateManager (PipelineStateManager.java:addPipeline(56)) - Created pipeline Pipeline[ Id: 8129bfb2-d034-493e-bf88-d7230cd3a541, Nodes: f69cf638-138d-4576-91da-2cd882e57eee{ip: 192.168.34.25, host: pr-hdds-2318-jnjn8-2612408985, networkLocation: /default-rack, certSerialId: null}, Type:RATIS, Factor:ONE, State:OPEN]
2019-10-18 07:01:31,380 [grpc-default-executor-0] INFO  impl.RaftServerProxy (RaftServerProxy.java:addNew(89)) - 93f10d81-f4b6-4237-b2e6-6c2ccf8ca027: addNew group-CDA451FE4BEB:[93f10d81-f4b6-4237-b2e6-6c2ccf8ca027:192.168.34.25:43753] returns group-CDA451FE4BEB:java.util.concurrent.CompletableFuture@5933e909[Not completed]
2019-10-18 07:01:31,402 [pool-47-thread-1] INFO  impl.RaftServerImpl (RaftServerImpl.java:<init>(104)) - 93f10d81-f4b6-4237-b2e6-6c2ccf8ca027: new RaftServerImpl for group-CDA451FE4BEB:[93f10d81-f4b6-4237-b2e6-6c2ccf8ca027:192.168.34.25:43753] with ContainerStateMachine:uninitialized
2019-10-18 07:01:31,403 [pool-47-thread-1] INFO  server.RaftServerConfigKeys (ConfUtils.java:logGet(43)) - raft.server.rpc.timeout.min = 5s (custom)
2019-10-18 07:01:31,403 [pool-47-thread-1] INFO  server.RaftServerConfigKeys (ConfUtils.java:logGet(43)) - raft.server.rpc.timeout.max = 5200ms (custom)
2019-10-18 07:01:31,403 [pool-47-thread-1] INFO  server.RaftServerConfigKeys (ConfUtils.java:logGet(43)) - raft.server.rpcslowness.timeout = 1000s (custom)
2019-10-18 07:01:31,404 [pool-47-thread-1] INFO  server.RaftServerConfigKeys (ConfUtils.java:logGet(43)) - raft.server.sleep.deviation.threshold = 300 (default)
2019-10-18 07:01:31,404 [pool-47-thread-1] INFO  server.RaftServerConfigKeys (ConfUtils.java:logGet(43)) - raft.server.log.appender.install.snapshot.enabled = false (custom)
2019-10-18 07:01:31,404 [pool-47-thread-1] INFO  impl.RaftServerImpl (ServerState.java:<init>(103)) - 93f10d81-f4b6-4237-b2e6-6c2ccf8ca027@group-CDA451FE4BEB: ConfigurationManager, init=-1: [93f10d81-f4b6-4237-b2e6-6c2ccf8ca027:192.168.34.25:43753], old=null, confs=<EMPTY_MAP>
2019-10-18 07:01:31,404 [pool-47-thread-1] INFO  server.RaftServerConfigKeys (ConfUtils.java:logGet(43)) - raft.server.storage.dir = [/workdir/hadoop-ozone/integration-test/target/test-dir/MiniOzoneClusterImpl-e1e2c834-f325-487e-8a8a-8e8b7cc1d0d1/datanode-2/data/ratis] (custom)
2019-10-18 07:01:31,405 [pool-47-thread-1] INFO  server.RaftServerConfigKeys (ConfUtils.java:logGet(43)) - raft.server.log.corruption.policy = EXCEPTION (default)
2019-10-18 07:01:31,405 [pool-47-thread-1] INFO  storage.RaftStorageDirectory (RaftStorageDirectory.java:analyzeStorage(246)) - The storage directory /workdir/hadoop-ozone/integration-test/target/test-dir/MiniOzoneClusterImpl-e1e2c834-f325-487e-8a8a-8e8b7cc1d0d1/datanode-2/data/ratis/4aa56be2-2896-4df9-a0b8-cda451fe4beb does not exist. Creating ...
2019-10-18 07:01:31,429 [pool-47-thread-1] INFO  storage.RaftStorageDirectory (RaftStorageDirectory.java:tryLock(328)) - Lock on /workdir/hadoop-ozone/integration-test/target/test-dir/MiniOzoneClusterImpl-e1e2c834-f325-487e-8a8a-8e8b7cc1d0d1/datanode-2/data/ratis/4aa56be2-2896-4df9-a0b8-cda451fe4beb/in_use.lock acquired by nodename 24370@pr-hdds-2318-jnjn8-2612408985
2019-10-18 07:01:31,454 [pool-47-thread-1] INFO  storage.RaftStorage (RaftStorage.java:format(84)) - Storage directory /workdir/hadoop-ozone/integration-test/target/test-dir/MiniOzoneClusterImpl-e1e2c834-f325-487e-8a8a-8e8b7cc1d0d1/datanode-2/data/ratis/4aa56be2-2896-4df9-a0b8-cda451fe4beb has been successfully formatted.
2019-10-18 07:01:31,456 [pool-47-thread-1] INFO  ratis.ContainerStateMachine (ContainerStateMachine.java:loadSnapshot(231)) - group-CDA451FE4BEB: The snapshot info is null. Setting the last applied indexto:(t:0, i:~)
2019-10-18 07:01:31,456 [pool-47-thread-1] INFO  server.RaftServerConfigKeys (ConfUtils.java:logGet(43)) - raft.server.notification.no-leader.timeout = 1000s (custom)
2019-10-18 07:01:31,457 [pool-47-thread-1] INFO  server.RaftServerConfigKeys (ConfUtils.java:logGet(43)) - raft.server.log.use.memory = false (default)
2019-10-18 07:01:31,457 [pool-47-thread-1] INFO  server.RaftServerConfigKeys (ConfUtils.java:logGet(43)) - raft.server.log.purge.gap = 1000000 (custom)
2019-10-18 07:01:31,457 [pool-47-thread-1] INFO  server.RaftServerConfigKeys (ConfUtils.java:logGet(43)) - raft.server.log.appender.buffer.byte-limit = 33554432 (custom)
2019-10-18 07:01:31,457 [pool-47-thread-1] INFO  server.RaftServerConfigKeys (ConfUtils.java:logGet(43)) - raft.server.log.segment.size.max = 1048576 (custom)
2019-10-18 07:01:31,463 [pool-47-thread-1] INFO  server.RaftServerConfigKeys (ConfUtils.java:logGet(43)) - raft.server.log.segment.cache.num.max = 2 (custom)
2019-10-18 07:01:31,463 [pool-47-thread-1] INFO  segmented.SegmentedRaftLogWorker (SegmentedRaftLogWorker.java:<init>(173)) - new 93f10d81-f4b6-4237-b2e6-6c2ccf8ca027@group-CDA451FE4BEB-SegmentedRaftLogWorker for RaftStorage:Storage Directory /workdir/hadoop-ozone/integration-test/target/test-dir/MiniOzoneClusterImpl-e1e2c834-f325-487e-8a8a-8e8b7cc1d0d1/datanode-2/data/ratis/4aa56be2-2896-4df9-a0b8-cda451fe4beb
2019-10-18 07:01:31,464 [pool-47-thread-1] INFO  server.RaftServerConfigKeys (ConfUtils.java:logGet(43)) - raft.server.log.queue.byte-limit = 2147483647 (custom)
2019-10-18 07:01:31,464 [pool-47-thread-1] INFO  server.RaftServerConfigKeys (ConfUtils.java:logGet(43)) - raft.server.log.queue.element-limit = 1024 (custom)
2019-10-18 07:01:31,464 [pool-47-thread-1] INFO  server.RaftServerConfigKeys (ConfUtils.java:logGet(43)) - raft.server.log.segment.size.max = 1048576 (custom)
2019-10-18 07:01:31,465 [pool-47-thread-1] INFO  server.RaftServerConfigKeys (ConfUtils.java:logGet(43)) - raft.server.log.preallocated.size = 16384 (custom)
2019-10-18 07:01:31,465 [pool-47-thread-1] INFO  server.RaftServerConfigKeys (ConfUtils.java:logGet(43)) - raft.server.log.write.buffer.size = 33554432 (custom)
2019-10-18 07:01:31,465 [pool-47-thread-1] INFO  server.RaftServerConfigKeys (ConfUtils.java:logGet(43)) - raft.server.log.force.sync.num = 128 (default)
2019-10-18 07:01:31,465 [pool-47-thread-1] INFO  server.RaftServerConfigKeys (ConfUtils.java:logGet(43)) - raft.server.log.statemachine.data.sync = true (default)
2019-10-18 07:01:31,466 [pool-47-thread-1] INFO  server.RaftServerConfigKeys (ConfUtils.java:logGet(43)) - raft.server.log.statemachine.data.sync.timeout = 10s (default)
2019-10-18 07:01:31,466 [pool-47-thread-1] INFO  server.RaftServerConfigKeys (ConfUtils.java:logGet(43)) - raft.server.log.statemachine.data.sync.timeout.retry = -1 (default)
2019-10-18 07:01:31,467 [pool-47-thread-1] INFO  server.RaftServerConfigKeys (ConfUtils.java:logGet(43)) - raft.server.log.statemachine.data.caching.enabled = true (custom)
2019-10-18 07:01:31,467 [pool-47-thread-1] INFO  segmented.SegmentedRaftLogWorker (SegmentedRaftLogWorker.java:lambda$new$0(128)) - 93f10d81-f4b6-4237-b2e6-6c2ccf8ca027@group-CDA451FE4BEB-SegmentedRaftLogWorker: flushIndex: setUnconditionally 0 -> -1
2019-10-18 07:01:31,467 [pool-47-thread-1] INFO  server.RaftServerConfigKeys (ConfUtils.java:logGet(43)) - raft.server.snapshot.auto.trigger.enabled = true (custom)
2019-10-18 07:01:31,468 [pool-47-thread-1] INFO  server.RaftServerConfigKeys (ConfUtils.java:logGet(43)) - raft.server.snapshot.auto.trigger.threshold = 10000 (custom)
2019-10-18 07:01:31,468 [pool-47-thread-1] INFO  server.RaftServerConfigKeys (ConfUtils.java:logGet(43)) - raft.server.snapshot.retention.file.num = 5 (custom)
2019-10-18 07:01:31,468 [pool-47-thread-1] INFO  server.RaftServerConfigKeys (ConfUtils.java:logGet(43)) - raft.server.retrycache.expirytime = 600000ms (custom)
2019-10-18 07:01:31,477 [pool-47-thread-1] INFO  impl.RaftServerImpl (RaftServerImpl.java:start(195)) - 93f10d81-f4b6-4237-b2e6-6c2ccf8ca027@group-CDA451FE4BEB: start as a follower, conf=-1: [93f10d81-f4b6-4237-b2e6-6c2ccf8ca027:192.168.34.25:43753], old=null
2019-10-18 07:01:31,477 [pool-47-thread-1] INFO  impl.RaftServerImpl (RaftServerImpl.java:setRole(184)) - 93f10d81-f4b6-4237-b2e6-6c2ccf8ca027@group-CDA451FE4BEB: changes role from      null to FOLLOWER at term 0 for startAsFollower
2019-10-18 07:01:31,478 [pool-47-thread-1] INFO  impl.RoleInfo (RoleInfo.java:updateAndGet(143)) - 93f10d81-f4b6-4237-b2e6-6c2ccf8ca027: start FollowerState
2019-10-18 07:01:31,479 [pool-47-thread-1] INFO  util.JmxRegister (JmxRegister.java:tryRegister(44)) - Successfully registered JMX Bean with object name Ratis:service=RaftServer,group=group-CDA451FE4BEB,id=93f10d81-f4b6-4237-b2e6-6c2ccf8ca027
2019-10-18 07:01:31,483 [Thread-186] INFO  impl.FollowerState (FollowerState.java:run(108)) - f69cf638-138d-4576-91da-2cd882e57eee@group-D7230CD3A541-FollowerState: change to CANDIDATE, lastRpcTime:178ms, electionTimeout:178ms
2019-10-18 07:01:31,486 [Thread-186] INFO  impl.RoleInfo (RoleInfo.java:shutdownFollowerState(121)) - f69cf638-138d-4576-91da-2cd882e57eee: shutdown FollowerState
2019-10-18 07:01:31,486 [Thread-186] INFO  impl.RaftServerImpl (RaftServerImpl.java:setRole(184)) - f69cf638-138d-4576-91da-2cd882e57eee@group-D7230CD3A541: changes role from  FOLLOWER to CANDIDATE at term 0 for changeToCandidate
2019-10-18 07:01:31,493 [Thread-186] INFO  impl.RoleInfo (RoleInfo.java:updateAndGet(143)) - f69cf638-138d-4576-91da-2cd882e57eee: start LeaderElection
2019-10-18 07:01:31,499 [RatisPipelineUtilsThread] INFO  pipeline.PipelineStateManager (PipelineStateManager.java:addPipeline(56)) - Created pipeline Pipeline[ Id: 4aa56be2-2896-4df9-a0b8-cda451fe4beb, Nodes: 93f10d81-f4b6-4237-b2e6-6c2ccf8ca027{ip: 192.168.34.25, host: pr-hdds-2318-jnjn8-2612408985, networkLocation: /default-rack, certSerialId: null}, Type:RATIS, Factor:ONE, State:OPEN]
2019-10-18 07:01:31,516 [grpc-default-executor-0] INFO  impl.RaftServerProxy (RaftServerProxy.java:addNew(89)) - 46b9516a-dfd6-4e8f-8939-5a6242357177: addNew group-E6C62F23FF1B:[46b9516a-dfd6-4e8f-8939-5a6242357177:192.168.34.25:42762] returns group-E6C62F23FF1B:java.util.concurrent.CompletableFuture@2399ba72[Not completed]
2019-10-18 07:01:31,523 [f69cf638-138d-4576-91da-2cd882e57eee@group-D7230CD3A541-LeaderElection1] INFO  impl.LeaderElection (LeaderElection.java:askForVotes(178)) - f69cf638-138d-4576-91da-2cd882e57eee@group-D7230CD3A541-LeaderElection1: begin an election at term 1 for -1: [f69cf638-138d-4576-91da-2cd882e57eee:192.168.34.25:40171], old=null
2019-10-18 07:01:31,531 [pool-37-thread-1] INFO  impl.RaftServerImpl (RaftServerImpl.java:<init>(104)) - 46b9516a-dfd6-4e8f-8939-5a6242357177: new RaftServerImpl for group-E6C62F23FF1B:[46b9516a-dfd6-4e8f-8939-5a6242357177:192.168.34.25:42762] with ContainerStateMachine:uninitialized
2019-10-18 07:01:31,531 [f69cf638-138d-4576-91da-2cd882e57eee@group-D7230CD3A541-LeaderElection1] INFO  impl.RoleInfo (RoleInfo.java:shutdownLeaderElection(134)) - f69cf638-138d-4576-91da-2cd882e57eee: shutdown LeaderElection
2019-10-18 07:01:31,532 [pool-37-thread-1] INFO  server.RaftServerConfigKeys (ConfUtils.java:logGet(43)) - raft.server.rpc.timeout.min = 5s (custom)
2019-10-18 07:01:31,532 [pool-37-thread-1] INFO  server.RaftServerConfigKeys (ConfUtils.java:logGet(43)) - raft.server.rpc.timeout.max = 5200ms (custom)
2019-10-18 07:01:31,532 [pool-37-thread-1] INFO  server.RaftServerConfigKeys (ConfUtils.java:logGet(43)) - raft.server.rpcslowness.timeout = 1000s (custom)
2019-10-18 07:01:31,533 [f69cf638-138d-4576-91da-2cd882e57eee@group-D7230CD3A541-LeaderElection1] INFO  impl.RaftServerImpl (RaftServerImpl.java:setRole(184)) - f69cf638-138d-4576-91da-2cd882e57eee@group-D7230CD3A541: changes role from CANDIDATE to LEADER at term 1 for changeToLeader
2019-10-18 07:01:31,533 [pool-37-thread-1] INFO  server.RaftServerConfigKeys (ConfUtils.java:logGet(43)) - raft.server.sleep.deviation.threshold = 300 (default)
2019-10-18 07:01:31,533 [f69cf638-138d-4576-91da-2cd882e57eee@group-D7230CD3A541-LeaderElection1] INFO  impl.RaftServerImpl (ServerState.java:setLeader(256)) - f69cf638-138d-4576-91da-2cd882e57eee@group-D7230CD3A541: change Leader from null to f69cf638-138d-4576-91da-2cd882e57eee at term 1 for becomeLeader, leader elected after 353ms
2019-10-18 07:01:31,533 [pool-37-thread-1] INFO  server.RaftServerConfigKeys (ConfUtils.java:logGet(43)) - raft.server.log.appender.install.snapshot.enabled = false (custom)
2019-10-18 07:01:31,533 [pool-37-thread-1] INFO  impl.RaftServerImpl (ServerState.java:<init>(103)) - 46b9516a-dfd6-4e8f-8939-5a6242357177@group-E6C62F23FF1B: ConfigurationManager, init=-1: [46b9516a-dfd6-4e8f-8939-5a6242357177:192.168.34.25:42762], old=null, confs=<EMPTY_MAP>
2019-10-18 07:01:31,533 [pool-37-thread-1] INFO  server.RaftServerConfigKeys (ConfUtils.java:logGet(43)) - raft.server.storage.dir = [/workdir/hadoop-ozone/integration-test/target/test-dir/MiniOzoneClusterImpl-e1e2c834-f325-487e-8a8a-8e8b7cc1d0d1/datanode-1/data/ratis] (custom)
2019-10-18 07:01:31,534 [pool-37-thread-1] INFO  server.RaftServerConfigKeys (ConfUtils.java:logGet(43)) - raft.server.log.corruption.policy = EXCEPTION (default)
2019-10-18 07:01:31,534 [pool-37-thread-1] INFO  storage.RaftStorageDirectory (RaftStorageDirectory.java:analyzeStorage(246)) - The storage directory /workdir/hadoop-ozone/integration-test/target/test-dir/MiniOzoneClusterImpl-e1e2c834-f325-487e-8a8a-8e8b7cc1d0d1/datanode-1/data/ratis/b436e80f-0fcf-4f37-9ab1-e6c62f23ff1b does not exist. Creating ...
2019-10-18 07:01:31,537 [f69cf638-138d-4576-91da-2cd882e57eee@group-D7230CD3A541-LeaderElection1] INFO  server.RaftServerConfigKeys (ConfUtils.java:logGet(43)) - raft.server.staging.catchup.gap = 1000 (default)
2019-10-18 07:01:31,537 [f69cf638-138d-4576-91da-2cd882e57eee@group-D7230CD3A541-LeaderElection1] INFO  server.RaftServerConfigKeys (ConfUtils.java:logGet(43)) - raft.server.rpc.sleep.time = 25ms (default)
2019-10-18 07:01:31,541 [f69cf638-138d-4576-91da-2cd882e57eee@group-D7230CD3A541-LeaderElection1] INFO  server.RaftServerConfigKeys (ConfUtils.java:logGet(43)) - raft.server.write.element-limit = 4096 (default)
2019-10-18 07:01:31,543 [f69cf638-138d-4576-91da-2cd882e57eee@group-D7230CD3A541-LeaderElection1] INFO  server.RaftServerConfigKeys (ConfUtils.java:logGet(43)) - raft.server.watch.timeout = 10s (default)
2019-10-18 07:01:31,543 [f69cf638-138d-4576-91da-2cd882e57eee@group-D7230CD3A541-LeaderElection1] INFO  server.RaftServerConfigKeys (ConfUtils.java:logGet(43)) - raft.server.watch.timeout.denomination = 1s (default)
2019-10-18 07:01:31,543 [f69cf638-138d-4576-91da-2cd882e57eee@group-D7230CD3A541-LeaderElection1] INFO  server.RaftServerConfigKeys (ConfUtils.java:logGet(43)) - raft.server.watch.element-limit = 65536 (default)
2019-10-18 07:01:31,558 [pool-37-thread-1] INFO  storage.RaftStorageDirectory (RaftStorageDirectory.java:tryLock(328)) - Lock on /workdir/hadoop-ozone/integration-test/target/test-dir/MiniOzoneClusterImpl-e1e2c834-f325-487e-8a8a-8e8b7cc1d0d1/datanode-1/data/ratis/b436e80f-0fcf-4f37-9ab1-e6c62f23ff1b/in_use.lock acquired by nodename 24370@pr-hdds-2318-jnjn8-2612408985
2019-10-18 07:01:31,565 [f69cf638-138d-4576-91da-2cd882e57eee@group-D7230CD3A541-LeaderElection1] INFO  impl.RoleInfo (RoleInfo.java:updateAndGet(143)) - f69cf638-138d-4576-91da-2cd882e57eee: start LeaderState
2019-10-18 07:01:31,581 [f69cf638-138d-4576-91da-2cd882e57eee@group-D7230CD3A541-LeaderElection1] INFO  segmented.SegmentedRaftLogWorker (SegmentedRaftLogWorker.java:startLogSegment(385)) - f69cf638-138d-4576-91da-2cd882e57eee@group-D7230CD3A541-SegmentedRaftLogWorker: Starting segment from index:0
2019-10-18 07:01:31,581 [pool-37-thread-1] INFO  storage.RaftStorage (RaftStorage.java:format(84)) - Storage directory /workdir/hadoop-ozone/integration-test/target/test-dir/MiniOzoneClusterImpl-e1e2c834-f325-487e-8a8a-8e8b7cc1d0d1/datanode-1/data/ratis/b436e80f-0fcf-4f37-9ab1-e6c62f23ff1b has been successfully formatted.
2019-10-18 07:01:31,582 [pool-37-thread-1] INFO  ratis.ContainerStateMachine (ContainerStateMachine.java:loadSnapshot(231)) - group-E6C62F23FF1B: The snapshot info is null. Setting the last applied indexto:(t:0, i:~)
2019-10-18 07:01:31,582 [pool-37-thread-1] INFO  server.RaftServerConfigKeys (ConfUtils.java:logGet(43)) - raft.server.notification.no-leader.timeout = 1000s (custom)
2019-10-18 07:01:31,582 [pool-37-thread-1] INFO  server.RaftServerConfigKeys (ConfUtils.java:logGet(43)) - raft.server.log.use.memory = false (default)
2019-10-18 07:01:31,582 [pool-37-thread-1] INFO  server.RaftServerConfigKeys (ConfUtils.java:logGet(43)) - raft.server.log.purge.gap = 1000000 (custom)
2019-10-18 07:01:31,582 [pool-37-thread-1] INFO  server.RaftServerConfigKeys (ConfUtils.java:logGet(43)) - raft.server.log.appender.buffer.byte-limit = 33554432 (custom)
2019-10-18 07:01:31,583 [pool-37-thread-1] INFO  server.RaftServerConfigKeys (ConfUtils.java:logGet(43)) - raft.server.log.segment.size.max = 1048576 (custom)
2019-10-18 07:01:31,587 [pool-37-thread-1] INFO  server.RaftServerConfigKeys (ConfUtils.java:logGet(43)) - raft.server.log.segment.cache.num.max = 2 (custom)
2019-10-18 07:01:31,587 [pool-37-thread-1] INFO  segmented.SegmentedRaftLogWorker (SegmentedRaftLogWorker.java:<init>(173)) - new 46b9516a-dfd6-4e8f-8939-5a6242357177@group-E6C62F23FF1B-SegmentedRaftLogWorker for RaftStorage:Storage Directory /workdir/hadoop-ozone/integration-test/target/test-dir/MiniOzoneClusterImpl-e1e2c834-f325-487e-8a8a-8e8b7cc1d0d1/datanode-1/data/ratis/b436e80f-0fcf-4f37-9ab1-e6c62f23ff1b
2019-10-18 07:01:31,587 [pool-37-thread-1] INFO  server.RaftServerConfigKeys (ConfUtils.java:logGet(43)) - raft.server.log.queue.byte-limit = 2147483647 (custom)
2019-10-18 07:01:31,587 [pool-37-thread-1] INFO  server.RaftServerConfigKeys (ConfUtils.java:logGet(43)) - raft.server.log.queue.element-limit = 1024 (custom)
2019-10-18 07:01:31,588 [pool-37-thread-1] INFO  server.RaftServerConfigKeys (ConfUtils.java:logGet(43)) - raft.server.log.segment.size.max = 1048576 (custom)
2019-10-18 07:01:31,588 [pool-37-thread-1] INFO  server.RaftServerConfigKeys (ConfUtils.java:logGet(43)) - raft.server.log.preallocated.size = 16384 (custom)
2019-10-18 07:01:31,588 [pool-37-thread-1] INFO  server.RaftServerConfigKeys (ConfUtils.java:logGet(43)) - raft.server.log.write.buffer.size = 33554432 (custom)
2019-10-18 07:01:31,588 [pool-37-thread-1] INFO  server.RaftServerConfigKeys (ConfUtils.java:logGet(43)) - raft.server.log.force.sync.num = 128 (default)
2019-10-18 07:01:31,588 [pool-37-thread-1] INFO  server.RaftServerConfigKeys (ConfUtils.java:logGet(43)) - raft.server.log.statemachine.data.sync = true (default)
2019-10-18 07:01:31,589 [pool-37-thread-1] INFO  server.RaftServerConfigKeys (ConfUtils.java:logGet(43)) - raft.server.log.statemachine.data.sync.timeout = 10s (default)
2019-10-18 07:01:31,589 [pool-37-thread-1] INFO  server.RaftServerConfigKeys (ConfUtils.java:logGet(43)) - raft.server.log.statemachine.data.sync.timeout.retry = -1 (default)
2019-10-18 07:01:31,589 [pool-37-thread-1] INFO  server.RaftServerConfigKeys (ConfUtils.java:logGet(43)) - raft.server.log.statemachine.data.caching.enabled = true (custom)
2019-10-18 07:01:31,590 [pool-37-thread-1] INFO  segmented.SegmentedRaftLogWorker (SegmentedRaftLogWorker.java:lambda$new$0(128)) - 46b9516a-dfd6-4e8f-8939-5a6242357177@group-E6C62F23FF1B-SegmentedRaftLogWorker: flushIndex: setUnconditionally 0 -> -1
2019-10-18 07:01:31,590 [pool-37-thread-1] INFO  server.RaftServerConfigKeys (ConfUtils.java:logGet(43)) - raft.server.snapshot.auto.trigger.enabled = true (custom)
2019-10-18 07:01:31,590 [pool-37-thread-1] INFO  server.RaftServerConfigKeys (ConfUtils.java:logGet(43)) - raft.server.snapshot.auto.trigger.threshold = 10000 (custom)
2019-10-18 07:01:31,591 [pool-37-thread-1] INFO  server.RaftServerConfigKeys (ConfUtils.java:logGet(43)) - raft.server.snapshot.retention.file.num = 5 (custom)
2019-10-18 07:01:31,591 [pool-37-thread-1] INFO  server.RaftServerConfigKeys (ConfUtils.java:logGet(43)) - raft.server.retrycache.expirytime = 600000ms (custom)
2019-10-18 07:01:31,591 [f69cf638-138d-4576-91da-2cd882e57eee@group-D7230CD3A541-LeaderElection1] INFO  impl.RaftServerImpl (ServerState.java:setRaftConf(357)) - f69cf638-138d-4576-91da-2cd882e57eee@group-D7230CD3A541: set configuration 0: [f69cf638-138d-4576-91da-2cd882e57eee:192.168.34.25:40171], old=null at 0
2019-10-18 07:01:31,595 [pool-37-thread-1] INFO  impl.RaftServerImpl (RaftServerImpl.java:start(195)) - 46b9516a-dfd6-4e8f-8939-5a6242357177@group-E6C62F23FF1B: start as a follower, conf=-1: [46b9516a-dfd6-4e8f-8939-5a6242357177:192.168.34.25:42762], old=null
2019-10-18 07:01:31,595 [pool-37-thread-1] INFO  impl.RaftServerImpl (RaftServerImpl.java:setRole(184)) - 46b9516a-dfd6-4e8f-8939-5a6242357177@group-E6C62F23FF1B: changes role from      null to FOLLOWER at term 0 for startAsFollower
2019-10-18 07:01:31,595 [pool-37-thread-1] INFO  impl.RoleInfo (RoleInfo.java:updateAndGet(143)) - 46b9516a-dfd6-4e8f-8939-5a6242357177: start FollowerState
2019-10-18 07:01:31,596 [pool-37-thread-1] INFO  util.JmxRegister (JmxRegister.java:tryRegister(44)) - Successfully registered JMX Bean with object name Ratis:service=RaftServer,group=group-E6C62F23FF1B,id=46b9516a-dfd6-4e8f-8939-5a6242357177
2019-10-18 07:01:31,600 [Thread-189] INFO  impl.FollowerState (FollowerState.java:run(108)) - 93f10d81-f4b6-4237-b2e6-6c2ccf8ca027@group-CDA451FE4BEB-FollowerState: change to CANDIDATE, lastRpcTime:122ms, electionTimeout:121ms
2019-10-18 07:01:31,600 [Thread-189] INFO  impl.RoleInfo (RoleInfo.java:shutdownFollowerState(121)) - 93f10d81-f4b6-4237-b2e6-6c2ccf8ca027: shutdown FollowerState
2019-10-18 07:01:31,601 [Thread-189] INFO  impl.RaftServerImpl (RaftServerImpl.java:setRole(184)) - 93f10d81-f4b6-4237-b2e6-6c2ccf8ca027@group-CDA451FE4BEB: changes role from  FOLLOWER to CANDIDATE at term 0 for changeToCandidate
2019-10-18 07:01:31,601 [Thread-189] INFO  impl.RoleInfo (RoleInfo.java:updateAndGet(143)) - 93f10d81-f4b6-4237-b2e6-6c2ccf8ca027: start LeaderElection
2019-10-18 07:01:31,610 [RatisPipelineUtilsThread] INFO  pipeline.PipelineStateManager (PipelineStateManager.java:addPipeline(56)) - Created pipeline Pipeline[ Id: b436e80f-0fcf-4f37-9ab1-e6c62f23ff1b, Nodes: 46b9516a-dfd6-4e8f-8939-5a6242357177{ip: 192.168.34.25, host: pr-hdds-2318-jnjn8-2612408985, networkLocation: /default-rack, certSerialId: null}, Type:RATIS, Factor:ONE, State:OPEN]
2019-10-18 07:01:31,632 [93f10d81-f4b6-4237-b2e6-6c2ccf8ca027@group-CDA451FE4BEB-LeaderElection2] INFO  impl.LeaderElection (LeaderElection.java:askForVotes(178)) - 93f10d81-f4b6-4237-b2e6-6c2ccf8ca027@group-CDA451FE4BEB-LeaderElection2: begin an election at term 1 for -1: [93f10d81-f4b6-4237-b2e6-6c2ccf8ca027:192.168.34.25:43753], old=null
2019-10-18 07:01:31,633 [93f10d81-f4b6-4237-b2e6-6c2ccf8ca027@group-CDA451FE4BEB-LeaderElection2] INFO  impl.RoleInfo (RoleInfo.java:shutdownLeaderElection(134)) - 93f10d81-f4b6-4237-b2e6-6c2ccf8ca027: shutdown LeaderElection
2019-10-18 07:01:31,633 [93f10d81-f4b6-4237-b2e6-6c2ccf8ca027@group-CDA451FE4BEB-LeaderElection2] INFO  impl.RaftServerImpl (RaftServerImpl.java:setRole(184)) - 93f10d81-f4b6-4237-b2e6-6c2ccf8ca027@group-CDA451FE4BEB: changes role from CANDIDATE to LEADER at term 1 for changeToLeader
2019-10-18 07:01:31,634 [93f10d81-f4b6-4237-b2e6-6c2ccf8ca027@group-CDA451FE4BEB-LeaderElection2] INFO  impl.RaftServerImpl (ServerState.java:setLeader(256)) - 93f10d81-f4b6-4237-b2e6-6c2ccf8ca027@group-CDA451FE4BEB: change Leader from null to 93f10d81-f4b6-4237-b2e6-6c2ccf8ca027 at term 1 for becomeLeader, leader elected after 177ms
2019-10-18 07:01:31,635 [93f10d81-f4b6-4237-b2e6-6c2ccf8ca027@group-CDA451FE4BEB-LeaderElection2] INFO  server.RaftServerConfigKeys (ConfUtils.java:logGet(43)) - raft.server.staging.catchup.gap = 1000 (default)
2019-10-18 07:01:31,635 [93f10d81-f4b6-4237-b2e6-6c2ccf8ca027@group-CDA451FE4BEB-LeaderElection2] INFO  server.RaftServerConfigKeys (ConfUtils.java:logGet(43)) - raft.server.rpc.sleep.time = 25ms (default)
2019-10-18 07:01:31,637 [93f10d81-f4b6-4237-b2e6-6c2ccf8ca027@group-CDA451FE4BEB-LeaderElection2] INFO  server.RaftServerConfigKeys (ConfUtils.java:logGet(43)) - raft.server.write.element-limit = 4096 (default)
2019-10-18 07:01:31,637 [93f10d81-f4b6-4237-b2e6-6c2ccf8ca027@group-CDA451FE4BEB-LeaderElection2] INFO  server.RaftServerConfigKeys (ConfUtils.java:logGet(43)) - raft.server.watch.timeout = 10s (default)
2019-10-18 07:01:31,637 [93f10d81-f4b6-4237-b2e6-6c2ccf8ca027@group-CDA451FE4BEB-LeaderElection2] INFO  server.RaftServerConfigKeys (ConfUtils.java:logGet(43)) - raft.server.watch.timeout.denomination = 1s (default)
2019-10-18 07:01:31,637 [93f10d81-f4b6-4237-b2e6-6c2ccf8ca027@group-CDA451FE4BEB-LeaderElection2] INFO  server.RaftServerConfigKeys (ConfUtils.java:logGet(43)) - raft.server.watch.element-limit = 65536 (default)
2019-10-18 07:01:31,641 [grpc-default-executor-2] INFO  impl.RaftServerProxy (RaftServerProxy.java:addNew(89)) - 93f10d81-f4b6-4237-b2e6-6c2ccf8ca027: addNew group-CAF408347A58:[f69cf638-138d-4576-91da-2cd882e57eee:192.168.34.25:40171, 46b9516a-dfd6-4e8f-8939-5a6242357177:192.168.34.25:42762, 93f10d81-f4b6-4237-b2e6-6c2ccf8ca027:192.168.34.25:43753] returns group-CAF408347A58:java.util.concurrent.CompletableFuture@3318212c[Not completed]
2019-10-18 07:01:31,642 [grpc-default-executor-1] INFO  impl.RaftServerProxy (RaftServerProxy.java:addNew(89)) - 46b9516a-dfd6-4e8f-8939-5a6242357177: addNew group-CAF408347A58:[f69cf638-138d-4576-91da-2cd882e57eee:192.168.34.25:40171, 46b9516a-dfd6-4e8f-8939-5a6242357177:192.168.34.25:42762, 93f10d81-f4b6-4237-b2e6-6c2ccf8ca027:192.168.34.25:43753] returns group-CAF408347A58:java.util.concurrent.CompletableFuture@20dfadb1[Not completed]
2019-10-18 07:01:31,642 [grpc-default-executor-0] INFO  impl.RaftServerProxy (RaftServerProxy.java:addNew(89)) - f69cf638-138d-4576-91da-2cd882e57eee: addNew group-CAF408347A58:[f69cf638-138d-4576-91da-2cd882e57eee:192.168.34.25:40171, 46b9516a-dfd6-4e8f-8939-5a6242357177:192.168.34.25:42762, 93f10d81-f4b6-4237-b2e6-6c2ccf8ca027:192.168.34.25:43753] returns group-CAF408347A58:java.util.concurrent.CompletableFuture@21bc7767[Not completed]
2019-10-18 07:01:31,642 [93f10d81-f4b6-4237-b2e6-6c2ccf8ca027@group-CDA451FE4BEB-LeaderElection2] INFO  impl.RoleInfo (RoleInfo.java:updateAndGet(143)) - 93f10d81-f4b6-4237-b2e6-6c2ccf8ca027: start LeaderState
2019-10-18 07:01:31,643 [93f10d81-f4b6-4237-b2e6-6c2ccf8ca027@group-CDA451FE4BEB-LeaderElection2] INFO  segmented.SegmentedRaftLogWorker (SegmentedRaftLogWorker.java:startLogSegment(385)) - 93f10d81-f4b6-4237-b2e6-6c2ccf8ca027@group-CDA451FE4BEB-SegmentedRaftLogWorker: Starting segment from index:0
2019-10-18 07:01:31,643 [93f10d81-f4b6-4237-b2e6-6c2ccf8ca027@group-CDA451FE4BEB-LeaderElection2] INFO  impl.RaftServerImpl (ServerState.java:setRaftConf(357)) - 93f10d81-f4b6-4237-b2e6-6c2ccf8ca027@group-CDA451FE4BEB: set configuration 0: [93f10d81-f4b6-4237-b2e6-6c2ccf8ca027:192.168.34.25:43753], old=null at 0
2019-10-18 07:01:31,644 [pool-47-thread-1] INFO  impl.RaftServerImpl (RaftServerImpl.java:<init>(104)) - 93f10d81-f4b6-4237-b2e6-6c2ccf8ca027: new RaftServerImpl for group-CAF408347A58:[f69cf638-138d-4576-91da-2cd882e57eee:192.168.34.25:40171, 46b9516a-dfd6-4e8f-8939-5a6242357177:192.168.34.25:42762, 93f10d81-f4b6-4237-b2e6-6c2ccf8ca027:192.168.34.25:43753] with ContainerStateMachine:uninitialized
2019-10-18 07:01:31,644 [pool-47-thread-1] INFO  server.RaftServerConfigKeys (ConfUtils.java:logGet(43)) - raft.server.rpc.timeout.min = 5s (custom)
2019-10-18 07:01:31,645 [pool-47-thread-1] INFO  server.RaftServerConfigKeys (ConfUtils.java:logGet(43)) - raft.server.rpc.timeout.max = 5200ms (custom)
2019-10-18 07:01:31,645 [pool-47-thread-1] INFO  server.RaftServerConfigKeys (ConfUtils.java:logGet(43)) - raft.server.rpcslowness.timeout = 1000s (custom)
2019-10-18 07:01:31,645 [pool-47-thread-1] INFO  server.RaftServerConfigKeys (ConfUtils.java:logGet(43)) - raft.server.sleep.deviation.threshold = 300 (default)
2019-10-18 07:01:31,645 [pool-47-thread-1] INFO  server.RaftServerConfigKeys (ConfUtils.java:logGet(43)) - raft.server.log.appender.install.snapshot.enabled = false (custom)
2019-10-18 07:01:31,645 [pool-47-thread-1] INFO  impl.RaftServerImpl (ServerState.java:<init>(103)) - 93f10d81-f4b6-4237-b2e6-6c2ccf8ca027@group-CAF408347A58: ConfigurationManager, init=-1: [f69cf638-138d-4576-91da-2cd882e57eee:192.168.34.25:40171, 46b9516a-dfd6-4e8f-8939-5a6242357177:192.168.34.25:42762, 93f10d81-f4b6-4237-b2e6-6c2ccf8ca027:192.168.34.25:43753], old=null, confs=<EMPTY_MAP>
2019-10-18 07:01:31,645 [pool-27-thread-1] INFO  impl.RaftServerImpl (RaftServerImpl.java:<init>(104)) - f69cf638-138d-4576-91da-2cd882e57eee: new RaftServerImpl for group-CAF408347A58:[f69cf638-138d-4576-91da-2cd882e57eee:192.168.34.25:40171, 46b9516a-dfd6-4e8f-8939-5a6242357177:192.168.34.25:42762, 93f10d81-f4b6-4237-b2e6-6c2ccf8ca027:192.168.34.25:43753] with ContainerStateMachine:uninitialized
2019-10-18 07:01:31,645 [pool-47-thread-1] INFO  server.RaftServerConfigKeys (ConfUtils.java:logGet(43)) - raft.server.storage.dir = [/workdir/hadoop-ozone/integration-test/target/test-dir/MiniOzoneClusterImpl-e1e2c834-f325-487e-8a8a-8e8b7cc1d0d1/datanode-2/data/ratis] (custom)
2019-10-18 07:01:31,645 [pool-27-thread-1] INFO  server.RaftServerConfigKeys (ConfUtils.java:logGet(43)) - raft.server.rpc.timeout.min = 5s (custom)
2019-10-18 07:01:31,646 [pool-27-thread-1] INFO  server.RaftServerConfigKeys (ConfUtils.java:logGet(43)) - raft.server.rpc.timeout.max = 5200ms (custom)
2019-10-18 07:01:31,646 [pool-47-thread-1] INFO  server.RaftServerConfigKeys (ConfUtils.java:logGet(43)) - raft.server.log.corruption.policy = EXCEPTION (default)
2019-10-18 07:01:31,646 [pool-37-thread-1] INFO  impl.RaftServerImpl (RaftServerImpl.java:<init>(104)) - 46b9516a-dfd6-4e8f-8939-5a6242357177: new RaftServerImpl for group-CAF408347A58:[f69cf638-138d-4576-91da-2cd882e57eee:192.168.34.25:40171, 46b9516a-dfd6-4e8f-8939-5a6242357177:192.168.34.25:42762, 93f10d81-f4b6-4237-b2e6-6c2ccf8ca027:192.168.34.25:43753] with ContainerStateMachine:uninitialized
2019-10-18 07:01:31,646 [pool-27-thread-1] INFO  server.RaftServerConfigKeys (ConfUtils.java:logGet(43)) - raft.server.rpcslowness.timeout = 1000s (custom)
2019-10-18 07:01:31,646 [pool-37-thread-1] INFO  server.RaftServerConfigKeys (ConfUtils.java:logGet(43)) - raft.server.rpc.timeout.min = 5s (custom)
2019-10-18 07:01:31,646 [pool-47-thread-1] INFO  storage.RaftStorageDirectory (RaftStorageDirectory.java:analyzeStorage(246)) - The storage directory /workdir/hadoop-ozone/integration-test/target/test-dir/MiniOzoneClusterImpl-e1e2c834-f325-487e-8a8a-8e8b7cc1d0d1/datanode-2/data/ratis/fe68d6de-2f7f-4088-a26e-caf408347a58 does not exist. Creating ...
2019-10-18 07:01:31,646 [pool-37-thread-1] INFO  server.RaftServerConfigKeys (ConfUtils.java:logGet(43)) - raft.server.rpc.timeout.max = 5200ms (custom)
2019-10-18 07:01:31,646 [pool-27-thread-1] INFO  server.RaftServerConfigKeys (ConfUtils.java:logGet(43)) - raft.server.sleep.deviation.threshold = 300 (default)
2019-10-18 07:01:31,647 [pool-37-thread-1] INFO  server.RaftServerConfigKeys (ConfUtils.java:logGet(43)) - raft.server.rpcslowness.timeout = 1000s (custom)
2019-10-18 07:01:31,647 [pool-27-thread-1] INFO  server.RaftServerConfigKeys (ConfUtils.java:logGet(43)) - raft.server.log.appender.install.snapshot.enabled = false (custom)
2019-10-18 07:01:31,647 [pool-37-thread-1] INFO  server.RaftServerConfigKeys (ConfUtils.java:logGet(43)) - raft.server.sleep.deviation.threshold = 300 (default)
2019-10-18 07:01:31,647 [pool-27-thread-1] INFO  impl.RaftServerImpl (ServerState.java:<init>(103)) - f69cf638-138d-4576-91da-2cd882e57eee@group-CAF408347A58: ConfigurationManager, init=-1: [f69cf638-138d-4576-91da-2cd882e57eee:192.168.34.25:40171, 46b9516a-dfd6-4e8f-8939-5a6242357177:192.168.34.25:42762, 93f10d81-f4b6-4237-b2e6-6c2ccf8ca027:192.168.34.25:43753], old=null, confs=<EMPTY_MAP>
2019-10-18 07:01:31,647 [pool-37-thread-1] INFO  server.RaftServerConfigKeys (ConfUtils.java:logGet(43)) - raft.server.log.appender.install.snapshot.enabled = false (custom)
2019-10-18 07:01:31,647 [pool-27-thread-1] INFO  server.RaftServerConfigKeys (ConfUtils.java:logGet(43)) - raft.server.storage.dir = [/workdir/hadoop-ozone/integration-test/target/test-dir/MiniOzoneClusterImpl-e1e2c834-f325-487e-8a8a-8e8b7cc1d0d1/datanode-0/data/ratis] (custom)
2019-10-18 07:01:31,647 [pool-37-thread-1] INFO  impl.RaftServerImpl (ServerState.java:<init>(103)) - 46b9516a-dfd6-4e8f-8939-5a6242357177@group-CAF408347A58: ConfigurationManager, init=-1: [f69cf638-138d-4576-91da-2cd882e57eee:192.168.34.25:40171, 46b9516a-dfd6-4e8f-8939-5a6242357177:192.168.34.25:42762, 93f10d81-f4b6-4237-b2e6-6c2ccf8ca027:192.168.34.25:43753], old=null, confs=<EMPTY_MAP>
2019-10-18 07:01:31,647 [pool-27-thread-1] INFO  server.RaftServerConfigKeys (ConfUtils.java:logGet(43)) - raft.server.log.corruption.policy = EXCEPTION (default)
2019-10-18 07:01:31,647 [pool-37-thread-1] INFO  server.RaftServerConfigKeys (ConfUtils.java:logGet(43)) - raft.server.storage.dir = [/workdir/hadoop-ozone/integration-test/target/test-dir/MiniOzoneClusterImpl-e1e2c834-f325-487e-8a8a-8e8b7cc1d0d1/datanode-1/data/ratis] (custom)
2019-10-18 07:01:31,648 [pool-27-thread-1] INFO  storage.RaftStorageDirectory (RaftStorageDirectory.java:analyzeStorage(246)) - The storage directory /workdir/hadoop-ozone/integration-test/target/test-dir/MiniOzoneClusterImpl-e1e2c834-f325-487e-8a8a-8e8b7cc1d0d1/datanode-0/data/ratis/fe68d6de-2f7f-4088-a26e-caf408347a58 does not exist. Creating ...
2019-10-18 07:01:31,648 [pool-37-thread-1] INFO  server.RaftServerConfigKeys (ConfUtils.java:logGet(43)) - raft.server.log.corruption.policy = EXCEPTION (default)
2019-10-18 07:01:31,648 [pool-37-thread-1] INFO  storage.RaftStorageDirectory (RaftStorageDirectory.java:analyzeStorage(246)) - The storage directory /workdir/hadoop-ozone/integration-test/target/test-dir/MiniOzoneClusterImpl-e1e2c834-f325-487e-8a8a-8e8b7cc1d0d1/datanode-1/data/ratis/fe68d6de-2f7f-4088-a26e-caf408347a58 does not exist. Creating ...
2019-10-18 07:01:31,678 [Thread-194] INFO  impl.FollowerState (FollowerState.java:run(108)) - 46b9516a-dfd6-4e8f-8939-5a6242357177@group-E6C62F23FF1B-FollowerState: change to CANDIDATE, lastRpcTime:82ms, electionTimeout:82ms
2019-10-18 07:01:31,678 [Thread-194] INFO  impl.RoleInfo (RoleInfo.java:shutdownFollowerState(121)) - 46b9516a-dfd6-4e8f-8939-5a6242357177: shutdown FollowerState
2019-10-18 07:01:31,678 [Thread-194] INFO  impl.RaftServerImpl (RaftServerImpl.java:setRole(184)) - 46b9516a-dfd6-4e8f-8939-5a6242357177@group-E6C62F23FF1B: changes role from  FOLLOWER to CANDIDATE at term 0 for changeToCandidate
2019-10-18 07:01:31,679 [Thread-194] INFO  impl.RoleInfo (RoleInfo.java:updateAndGet(143)) - 46b9516a-dfd6-4e8f-8939-5a6242357177: start LeaderElection
2019-10-18 07:01:31,716 [pool-27-thread-1] INFO  storage.RaftStorageDirectory (RaftStorageDirectory.java:tryLock(328)) - Lock on /workdir/hadoop-ozone/integration-test/target/test-dir/MiniOzoneClusterImpl-e1e2c834-f325-487e-8a8a-8e8b7cc1d0d1/datanode-0/data/ratis/fe68d6de-2f7f-4088-a26e-caf408347a58/in_use.lock acquired by nodename 24370@pr-hdds-2318-jnjn8-2612408985
2019-10-18 07:01:31,716 [pool-37-thread-1] INFO  storage.RaftStorageDirectory (RaftStorageDirectory.java:tryLock(328)) - Lock on /workdir/hadoop-ozone/integration-test/target/test-dir/MiniOzoneClusterImpl-e1e2c834-f325-487e-8a8a-8e8b7cc1d0d1/datanode-1/data/ratis/fe68d6de-2f7f-4088-a26e-caf408347a58/in_use.lock acquired by nodename 24370@pr-hdds-2318-jnjn8-2612408985
2019-10-18 07:01:31,716 [pool-47-thread-1] INFO  storage.RaftStorageDirectory (RaftStorageDirectory.java:tryLock(328)) - Lock on /workdir/hadoop-ozone/integration-test/target/test-dir/MiniOzoneClusterImpl-e1e2c834-f325-487e-8a8a-8e8b7cc1d0d1/datanode-2/data/ratis/fe68d6de-2f7f-4088-a26e-caf408347a58/in_use.lock acquired by nodename 24370@pr-hdds-2318-jnjn8-2612408985
2019-10-18 07:01:31,716 [46b9516a-dfd6-4e8f-8939-5a6242357177@group-E6C62F23FF1B-LeaderElection3] INFO  impl.LeaderElection (LeaderElection.java:askForVotes(178)) - 46b9516a-dfd6-4e8f-8939-5a6242357177@group-E6C62F23FF1B-LeaderElection3: begin an election at term 1 for -1: [46b9516a-dfd6-4e8f-8939-5a6242357177:192.168.34.25:42762], old=null
2019-10-18 07:01:31,717 [46b9516a-dfd6-4e8f-8939-5a6242357177@group-E6C62F23FF1B-LeaderElection3] INFO  impl.RoleInfo (RoleInfo.java:shutdownLeaderElection(134)) - 46b9516a-dfd6-4e8f-8939-5a6242357177: shutdown LeaderElection
2019-10-18 07:01:31,717 [46b9516a-dfd6-4e8f-8939-5a6242357177@group-E6C62F23FF1B-LeaderElection3] INFO  impl.RaftServerImpl (RaftServerImpl.java:setRole(184)) - 46b9516a-dfd6-4e8f-8939-5a6242357177@group-E6C62F23FF1B: changes role from CANDIDATE to LEADER at term 1 for changeToLeader
2019-10-18 07:01:31,717 [46b9516a-dfd6-4e8f-8939-5a6242357177@group-E6C62F23FF1B-LeaderElection3] INFO  impl.RaftServerImpl (ServerState.java:setLeader(256)) - 46b9516a-dfd6-4e8f-8939-5a6242357177@group-E6C62F23FF1B: change Leader from null to 46b9516a-dfd6-4e8f-8939-5a6242357177 at term 1 for becomeLeader, leader elected after 135ms
2019-10-18 07:01:31,718 [46b9516a-dfd6-4e8f-8939-5a6242357177@group-E6C62F23FF1B-LeaderElection3] INFO  server.RaftServerConfigKeys (ConfUtils.java:logGet(43)) - raft.server.staging.catchup.gap = 1000 (default)
2019-10-18 07:01:31,718 [46b9516a-dfd6-4e8f-8939-5a6242357177@group-E6C62F23FF1B-LeaderElection3] INFO  server.RaftServerConfigKeys (ConfUtils.java:logGet(43)) - raft.server.rpc.sleep.time = 25ms (default)
2019-10-18 07:01:31,718 [46b9516a-dfd6-4e8f-8939-5a6242357177@group-E6C62F23FF1B-LeaderElection3] INFO  server.RaftServerConfigKeys (ConfUtils.java:logGet(43)) - raft.server.write.element-limit = 4096 (default)
2019-10-18 07:01:31,718 [46b9516a-dfd6-4e8f-8939-5a6242357177@group-E6C62F23FF1B-LeaderElection3] INFO  server.RaftServerConfigKeys (ConfUtils.java:logGet(43)) - raft.server.watch.timeout = 10s (default)
2019-10-18 07:01:31,718 [46b9516a-dfd6-4e8f-8939-5a6242357177@group-E6C62F23FF1B-LeaderElection3] INFO  server.RaftServerConfigKeys (ConfUtils.java:logGet(43)) - raft.server.watch.timeout.denomination = 1s (default)
2019-10-18 07:01:31,719 [46b9516a-dfd6-4e8f-8939-5a6242357177@group-E6C62F23FF1B-LeaderElection3] INFO  server.RaftServerConfigKeys (ConfUtils.java:logGet(43)) - raft.server.watch.element-limit = 65536 (default)
2019-10-18 07:01:31,722 [46b9516a-dfd6-4e8f-8939-5a6242357177@group-E6C62F23FF1B-LeaderElection3] INFO  impl.RoleInfo (RoleInfo.java:updateAndGet(143)) - 46b9516a-dfd6-4e8f-8939-5a6242357177: start LeaderState
2019-10-18 07:01:31,723 [46b9516a-dfd6-4e8f-8939-5a6242357177@group-E6C62F23FF1B-LeaderElection3] INFO  segmented.SegmentedRaftLogWorker (SegmentedRaftLogWorker.java:startLogSegment(385)) - 46b9516a-dfd6-4e8f-8939-5a6242357177@group-E6C62F23FF1B-SegmentedRaftLogWorker: Starting segment from index:0
2019-10-18 07:01:31,724 [46b9516a-dfd6-4e8f-8939-5a6242357177@group-E6C62F23FF1B-LeaderElection3] INFO  impl.RaftServerImpl (ServerState.java:setRaftConf(357)) - 46b9516a-dfd6-4e8f-8939-5a6242357177@group-E6C62F23FF1B: set configuration 0: [46b9516a-dfd6-4e8f-8939-5a6242357177:192.168.34.25:42762], old=null at 0
2019-10-18 07:01:31,743 [pool-37-thread-1] INFO  storage.RaftStorage (RaftStorage.java:format(84)) - Storage directory /workdir/hadoop-ozone/integration-test/target/test-dir/MiniOzoneClusterImpl-e1e2c834-f325-487e-8a8a-8e8b7cc1d0d1/datanode-1/data/ratis/fe68d6de-2f7f-4088-a26e-caf408347a58 has been successfully formatted.
2019-10-18 07:01:31,743 [pool-27-thread-1] INFO  storage.RaftStorage (RaftStorage.java:format(84)) - Storage directory /workdir/hadoop-ozone/integration-test/target/test-dir/MiniOzoneClusterImpl-e1e2c834-f325-487e-8a8a-8e8b7cc1d0d1/datanode-0/data/ratis/fe68d6de-2f7f-4088-a26e-caf408347a58 has been successfully formatted.
2019-10-18 07:01:31,743 [pool-47-thread-1] INFO  storage.RaftStorage (RaftStorage.java:format(84)) - Storage directory /workdir/hadoop-ozone/integration-test/target/test-dir/MiniOzoneClusterImpl-e1e2c834-f325-487e-8a8a-8e8b7cc1d0d1/datanode-2/data/ratis/fe68d6de-2f7f-4088-a26e-caf408347a58 has been successfully formatted.
2019-10-18 07:01:31,743 [pool-27-thread-1] INFO  ratis.ContainerStateMachine (ContainerStateMachine.java:loadSnapshot(231)) - group-CAF408347A58: The snapshot info is null. Setting the last applied indexto:(t:0, i:~)
2019-10-18 07:01:31,743 [pool-37-thread-1] INFO  ratis.ContainerStateMachine (ContainerStateMachine.java:loadSnapshot(231)) - group-CAF408347A58: The snapshot info is null. Setting the last applied indexto:(t:0, i:~)
2019-10-18 07:01:31,744 [pool-47-thread-1] INFO  ratis.ContainerStateMachine (ContainerStateMachine.java:loadSnapshot(231)) - group-CAF408347A58: The snapshot info is null. Setting the last applied indexto:(t:0, i:~)
2019-10-18 07:01:31,744 [pool-27-thread-1] INFO  server.RaftServerConfigKeys (ConfUtils.java:logGet(43)) - raft.server.notification.no-leader.timeout = 1000s (custom)
2019-10-18 07:01:31,744 [pool-47-thread-1] INFO  server.RaftServerConfigKeys (ConfUtils.java:logGet(43)) - raft.server.notification.no-leader.timeout = 1000s (custom)
2019-10-18 07:01:31,744 [pool-37-thread-1] INFO  server.RaftServerConfigKeys (ConfUtils.java:logGet(43)) - raft.server.notification.no-leader.timeout = 1000s (custom)
2019-10-18 07:01:31,744 [pool-47-thread-1] INFO  server.RaftServerConfigKeys (ConfUtils.java:logGet(43)) - raft.server.log.use.memory = false (default)
2019-10-18 07:01:31,744 [pool-27-thread-1] INFO  server.RaftServerConfigKeys (ConfUtils.java:logGet(43)) - raft.server.log.use.memory = false (default)
2019-10-18 07:01:31,744 [pool-47-thread-1] INFO  server.RaftServerConfigKeys (ConfUtils.java:logGet(43)) - raft.server.log.purge.gap = 1000000 (custom)
2019-10-18 07:01:31,744 [pool-37-thread-1] INFO  server.RaftServerConfigKeys (ConfUtils.java:logGet(43)) - raft.server.log.use.memory = false (default)
2019-10-18 07:01:31,745 [pool-47-thread-1] INFO  server.RaftServerConfigKeys (ConfUtils.java:logGet(43)) - raft.server.log.appender.buffer.byte-limit = 33554432 (custom)
2019-10-18 07:01:31,744 [pool-27-thread-1] INFO  server.RaftServerConfigKeys (ConfUtils.java:logGet(43)) - raft.server.log.purge.gap = 1000000 (custom)
2019-10-18 07:01:31,745 [pool-47-thread-1] INFO  server.RaftServerConfigKeys (ConfUtils.java:logGet(43)) - raft.server.log.segment.size.max = 1048576 (custom)
2019-10-18 07:01:31,745 [pool-37-thread-1] INFO  server.RaftServerConfigKeys (ConfUtils.java:logGet(43)) - raft.server.log.purge.gap = 1000000 (custom)
2019-10-18 07:01:31,745 [pool-47-thread-1] INFO  server.RaftServerConfigKeys (ConfUtils.java:logGet(43)) - raft.server.log.segment.cache.num.max = 2 (custom)
2019-10-18 07:01:31,745 [pool-27-thread-1] INFO  server.RaftServerConfigKeys (ConfUtils.java:logGet(43)) - raft.server.log.appender.buffer.byte-limit = 33554432 (custom)
2019-10-18 07:01:31,745 [pool-47-thread-1] INFO  segmented.SegmentedRaftLogWorker (SegmentedRaftLogWorker.java:<init>(173)) - new 93f10d81-f4b6-4237-b2e6-6c2ccf8ca027@group-CAF408347A58-SegmentedRaftLogWorker for RaftStorage:Storage Directory /workdir/hadoop-ozone/integration-test/target/test-dir/MiniOzoneClusterImpl-e1e2c834-f325-487e-8a8a-8e8b7cc1d0d1/datanode-2/data/ratis/fe68d6de-2f7f-4088-a26e-caf408347a58
2019-10-18 07:01:31,745 [pool-37-thread-1] INFO  server.RaftServerConfigKeys (ConfUtils.java:logGet(43)) - raft.server.log.appender.buffer.byte-limit = 33554432 (custom)
2019-10-18 07:01:31,746 [pool-47-thread-1] INFO  server.RaftServerConfigKeys (ConfUtils.java:logGet(43)) - raft.server.log.queue.byte-limit = 2147483647 (custom)
2019-10-18 07:01:31,746 [pool-27-thread-1] INFO  server.RaftServerConfigKeys (ConfUtils.java:logGet(43)) - raft.server.log.segment.size.max = 1048576 (custom)
2019-10-18 07:01:31,746 [pool-47-thread-1] INFO  server.RaftServerConfigKeys (ConfUtils.java:logGet(43)) - raft.server.log.queue.element-limit = 1024 (custom)
2019-10-18 07:01:31,746 [pool-37-thread-1] INFO  server.RaftServerConfigKeys (ConfUtils.java:logGet(43)) - raft.server.log.segment.size.max = 1048576 (custom)
2019-10-18 07:01:31,746 [pool-47-thread-1] INFO  server.RaftServerConfigKeys (ConfUtils.java:logGet(43)) - raft.server.log.segment.size.max = 1048576 (custom)
2019-10-18 07:01:31,746 [pool-27-thread-1] INFO  server.RaftServerConfigKeys (ConfUtils.java:logGet(43)) - raft.server.log.segment.cache.num.max = 2 (custom)
2019-10-18 07:01:31,747 [pool-47-thread-1] INFO  server.RaftServerConfigKeys (ConfUtils.java:logGet(43)) - raft.server.log.preallocated.size = 16384 (custom)
2019-10-18 07:01:31,746 [pool-37-thread-1] INFO  server.RaftServerConfigKeys (ConfUtils.java:logGet(43)) - raft.server.log.segment.cache.num.max = 2 (custom)
2019-10-18 07:01:31,747 [pool-47-thread-1] INFO  server.RaftServerConfigKeys (ConfUtils.java:logGet(43)) - raft.server.log.write.buffer.size = 33554432 (custom)
2019-10-18 07:01:31,747 [pool-27-thread-1] INFO  segmented.SegmentedRaftLogWorker (SegmentedRaftLogWorker.java:<init>(173)) - new f69cf638-138d-4576-91da-2cd882e57eee@group-CAF408347A58-SegmentedRaftLogWorker for RaftStorage:Storage Directory /workdir/hadoop-ozone/integration-test/target/test-dir/MiniOzoneClusterImpl-e1e2c834-f325-487e-8a8a-8e8b7cc1d0d1/datanode-0/data/ratis/fe68d6de-2f7f-4088-a26e-caf408347a58
2019-10-18 07:01:31,747 [pool-47-thread-1] INFO  server.RaftServerConfigKeys (ConfUtils.java:logGet(43)) - raft.server.log.force.sync.num = 128 (default)
2019-10-18 07:01:31,747 [pool-37-thread-1] INFO  segmented.SegmentedRaftLogWorker (SegmentedRaftLogWorker.java:<init>(173)) - new 46b9516a-dfd6-4e8f-8939-5a6242357177@group-CAF408347A58-SegmentedRaftLogWorker for RaftStorage:Storage Directory /workdir/hadoop-ozone/integration-test/target/test-dir/MiniOzoneClusterImpl-e1e2c834-f325-487e-8a8a-8e8b7cc1d0d1/datanode-1/data/ratis/fe68d6de-2f7f-4088-a26e-caf408347a58
2019-10-18 07:01:31,747 [pool-47-thread-1] INFO  server.RaftServerConfigKeys (ConfUtils.java:logGet(43)) - raft.server.log.statemachine.data.sync = true (default)
2019-10-18 07:01:31,747 [pool-37-thread-1] INFO  server.RaftServerConfigKeys (ConfUtils.java:logGet(43)) - raft.server.log.queue.byte-limit = 2147483647 (custom)
2019-10-18 07:01:31,747 [pool-27-thread-1] INFO  server.RaftServerConfigKeys (ConfUtils.java:logGet(43)) - raft.server.log.queue.byte-limit = 2147483647 (custom)
2019-10-18 07:01:31,748 [pool-37-thread-1] INFO  server.RaftServerConfigKeys (ConfUtils.java:logGet(43)) - raft.server.log.queue.element-limit = 1024 (custom)
2019-10-18 07:01:31,748 [pool-47-thread-1] INFO  server.RaftServerConfigKeys (ConfUtils.java:logGet(43)) - raft.server.log.statemachine.data.sync.timeout = 10s (default)
2019-10-18 07:01:31,748 [pool-37-thread-1] INFO  server.RaftServerConfigKeys (ConfUtils.java:logGet(43)) - raft.server.log.segment.size.max = 1048576 (custom)
2019-10-18 07:01:31,748 [pool-27-thread-1] INFO  server.RaftServerConfigKeys (ConfUtils.java:logGet(43)) - raft.server.log.queue.element-limit = 1024 (custom)
2019-10-18 07:01:31,748 [pool-37-thread-1] INFO  server.RaftServerConfigKeys (ConfUtils.java:logGet(43)) - raft.server.log.preallocated.size = 16384 (custom)
2019-10-18 07:01:31,748 [pool-47-thread-1] INFO  server.RaftServerConfigKeys (ConfUtils.java:logGet(43)) - raft.server.log.statemachine.data.sync.timeout.retry = -1 (default)
2019-10-18 07:01:31,749 [pool-37-thread-1] INFO  server.RaftServerConfigKeys (ConfUtils.java:logGet(43)) - raft.server.log.write.buffer.size = 33554432 (custom)
2019-10-18 07:01:31,748 [pool-27-thread-1] INFO  server.RaftServerConfigKeys (ConfUtils.java:logGet(43)) - raft.server.log.segment.size.max = 1048576 (custom)
2019-10-18 07:01:31,749 [pool-37-thread-1] INFO  server.RaftServerConfigKeys (ConfUtils.java:logGet(43)) - raft.server.log.force.sync.num = 128 (default)
2019-10-18 07:01:31,749 [pool-47-thread-1] INFO  server.RaftServerConfigKeys (ConfUtils.java:logGet(43)) - raft.server.log.statemachine.data.caching.enabled = true (custom)
2019-10-18 07:01:31,749 [pool-37-thread-1] INFO  server.RaftServerConfigKeys (ConfUtils.java:logGet(43)) - raft.server.log.statemachine.data.sync = true (default)
2019-10-18 07:01:31,749 [pool-27-thread-1] INFO  server.RaftServerConfigKeys (ConfUtils.java:logGet(43)) - raft.server.log.preallocated.size = 16384 (custom)
2019-10-18 07:01:31,750 [pool-37-thread-1] INFO  server.RaftServerConfigKeys (ConfUtils.java:logGet(43)) - raft.server.log.statemachine.data.sync.timeout = 10s (default)
2019-10-18 07:01:31,750 [pool-27-thread-1] INFO  server.RaftServerConfigKeys (ConfUtils.java:logGet(43)) - raft.server.log.write.buffer.size = 33554432 (custom)
2019-10-18 07:01:31,750 [pool-37-thread-1] INFO  server.RaftServerConfigKeys (ConfUtils.java:logGet(43)) - raft.server.log.statemachine.data.sync.timeout.retry = -1 (default)
2019-10-18 07:01:31,750 [pool-27-thread-1] INFO  server.RaftServerConfigKeys (ConfUtils.java:logGet(43)) - raft.server.log.force.sync.num = 128 (default)
2019-10-18 07:01:31,750 [pool-27-thread-1] INFO  server.RaftServerConfigKeys (ConfUtils.java:logGet(43)) - raft.server.log.statemachine.data.sync = true (default)
2019-10-18 07:01:31,750 [pool-37-thread-1] INFO  server.RaftServerConfigKeys (ConfUtils.java:logGet(43)) - raft.server.log.statemachine.data.caching.enabled = true (custom)
2019-10-18 07:01:31,750 [pool-27-thread-1] INFO  server.RaftServerConfigKeys (ConfUtils.java:logGet(43)) - raft.server.log.statemachine.data.sync.timeout = 10s (default)
2019-10-18 07:01:31,751 [pool-27-thread-1] INFO  server.RaftServerConfigKeys (ConfUtils.java:logGet(43)) - raft.server.log.statemachine.data.sync.timeout.retry = -1 (default)
2019-10-18 07:01:31,751 [pool-27-thread-1] INFO  server.RaftServerConfigKeys (ConfUtils.java:logGet(43)) - raft.server.log.statemachine.data.caching.enabled = true (custom)
2019-10-18 07:01:31,752 [pool-27-thread-1] INFO  segmented.SegmentedRaftLogWorker (SegmentedRaftLogWorker.java:lambda$new$0(128)) - f69cf638-138d-4576-91da-2cd882e57eee@group-CAF408347A58-SegmentedRaftLogWorker: flushIndex: setUnconditionally 0 -> -1
2019-10-18 07:01:31,752 [pool-37-thread-1] INFO  segmented.SegmentedRaftLogWorker (SegmentedRaftLogWorker.java:lambda$new$0(128)) - 46b9516a-dfd6-4e8f-8939-5a6242357177@group-CAF408347A58-SegmentedRaftLogWorker: flushIndex: setUnconditionally 0 -> -1
2019-10-18 07:01:31,752 [pool-47-thread-1] INFO  segmented.SegmentedRaftLogWorker (SegmentedRaftLogWorker.java:lambda$new$0(128)) - 93f10d81-f4b6-4237-b2e6-6c2ccf8ca027@group-CAF408347A58-SegmentedRaftLogWorker: flushIndex: setUnconditionally 0 -> -1
2019-10-18 07:01:31,752 [pool-27-thread-1] INFO  server.RaftServerConfigKeys (ConfUtils.java:logGet(43)) - raft.server.snapshot.auto.trigger.enabled = true (custom)
2019-10-18 07:01:31,752 [pool-37-thread-1] INFO  server.RaftServerConfigKeys (ConfUtils.java:logGet(43)) - raft.server.snapshot.auto.trigger.enabled = true (custom)
2019-10-18 07:01:31,752 [pool-47-thread-1] INFO  server.RaftServerConfigKeys (ConfUtils.java:logGet(43)) - raft.server.snapshot.auto.trigger.enabled = true (custom)
2019-10-18 07:01:31,752 [pool-27-thread-1] INFO  server.RaftServerConfigKeys (ConfUtils.java:logGet(43)) - raft.server.snapshot.auto.trigger.threshold = 10000 (custom)
2019-10-18 07:01:31,753 [pool-47-thread-1] INFO  server.RaftServerConfigKeys (ConfUtils.java:logGet(43)) - raft.server.snapshot.auto.trigger.threshold = 10000 (custom)
2019-10-18 07:01:31,752 [pool-37-thread-1] INFO  server.RaftServerConfigKeys (ConfUtils.java:logGet(43)) - raft.server.snapshot.auto.trigger.threshold = 10000 (custom)
2019-10-18 07:01:31,753 [pool-47-thread-1] INFO  server.RaftServerConfigKeys (ConfUtils.java:logGet(43)) - raft.server.snapshot.retention.file.num = 5 (custom)
2019-10-18 07:01:31,753 [pool-27-thread-1] INFO  server.RaftServerConfigKeys (ConfUtils.java:logGet(43)) - raft.server.snapshot.retention.file.num = 5 (custom)
2019-10-18 07:01:31,753 [pool-37-thread-1] INFO  server.RaftServerConfigKeys (ConfUtils.java:logGet(43)) - raft.server.snapshot.retention.file.num = 5 (custom)
2019-10-18 07:01:31,753 [pool-27-thread-1] INFO  server.RaftServerConfigKeys (ConfUtils.java:logGet(43)) - raft.server.retrycache.expirytime = 600000ms (custom)
2019-10-18 07:01:31,753 [pool-47-thread-1] INFO  server.RaftServerConfigKeys (ConfUtils.java:logGet(43)) - raft.server.retrycache.expirytime = 600000ms (custom)
2019-10-18 07:01:31,753 [pool-37-thread-1] INFO  server.RaftServerConfigKeys (ConfUtils.java:logGet(43)) - raft.server.retrycache.expirytime = 600000ms (custom)
2019-10-18 07:01:31,758 [pool-27-thread-1] INFO  impl.RaftServerImpl (RaftServerImpl.java:start(195)) - f69cf638-138d-4576-91da-2cd882e57eee@group-CAF408347A58: start as a follower, conf=-1: [f69cf638-138d-4576-91da-2cd882e57eee:192.168.34.25:40171, 46b9516a-dfd6-4e8f-8939-5a6242357177:192.168.34.25:42762, 93f10d81-f4b6-4237-b2e6-6c2ccf8ca027:192.168.34.25:43753], old=null
2019-10-18 07:01:31,758 [pool-27-thread-1] INFO  impl.RaftServerImpl (RaftServerImpl.java:setRole(184)) - f69cf638-138d-4576-91da-2cd882e57eee@group-CAF408347A58: changes role from      null to FOLLOWER at term 0 for startAsFollower
2019-10-18 07:01:31,758 [pool-27-thread-1] INFO  impl.RoleInfo (RoleInfo.java:updateAndGet(143)) - f69cf638-138d-4576-91da-2cd882e57eee: start FollowerState
2019-10-18 07:01:31,759 [pool-37-thread-1] INFO  impl.RaftServerImpl (RaftServerImpl.java:start(195)) - 46b9516a-dfd6-4e8f-8939-5a6242357177@group-CAF408347A58: start as a follower, conf=-1: [f69cf638-138d-4576-91da-2cd882e57eee:192.168.34.25:40171, 46b9516a-dfd6-4e8f-8939-5a6242357177:192.168.34.25:42762, 93f10d81-f4b6-4237-b2e6-6c2ccf8ca027:192.168.34.25:43753], old=null
2019-10-18 07:01:31,759 [pool-27-thread-1] INFO  util.JmxRegister (JmxRegister.java:tryRegister(44)) - Successfully registered JMX Bean with object name Ratis:service=RaftServer,group=group-CAF408347A58,id=f69cf638-138d-4576-91da-2cd882e57eee
2019-10-18 07:01:31,759 [pool-47-thread-1] INFO  impl.RaftServerImpl (RaftServerImpl.java:start(195)) - 93f10d81-f4b6-4237-b2e6-6c2ccf8ca027@group-CAF408347A58: start as a follower, conf=-1: [f69cf638-138d-4576-91da-2cd882e57eee:192.168.34.25:40171, 46b9516a-dfd6-4e8f-8939-5a6242357177:192.168.34.25:42762, 93f10d81-f4b6-4237-b2e6-6c2ccf8ca027:192.168.34.25:43753], old=null
2019-10-18 07:01:31,759 [pool-37-thread-1] INFO  impl.RaftServerImpl (RaftServerImpl.java:setRole(184)) - 46b9516a-dfd6-4e8f-8939-5a6242357177@group-CAF408347A58: changes role from      null to FOLLOWER at term 0 for startAsFollower
2019-10-18 07:01:31,759 [pool-47-thread-1] INFO  impl.RaftServerImpl (RaftServerImpl.java:setRole(184)) - 93f10d81-f4b6-4237-b2e6-6c2ccf8ca027@group-CAF408347A58: changes role from      null to FOLLOWER at term 0 for startAsFollower
2019-10-18 07:01:31,759 [pool-37-thread-1] INFO  impl.RoleInfo (RoleInfo.java:updateAndGet(143)) - 46b9516a-dfd6-4e8f-8939-5a6242357177: start FollowerState
2019-10-18 07:01:31,759 [pool-47-thread-1] INFO  impl.RoleInfo (RoleInfo.java:updateAndGet(143)) - 93f10d81-f4b6-4237-b2e6-6c2ccf8ca027: start FollowerState
2019-10-18 07:01:31,760 [pool-37-thread-1] INFO  util.JmxRegister (JmxRegister.java:tryRegister(44)) - Successfully registered JMX Bean with object name Ratis:service=RaftServer,group=group-CAF408347A58,id=46b9516a-dfd6-4e8f-8939-5a6242357177
2019-10-18 07:01:31,760 [pool-47-thread-1] INFO  util.JmxRegister (JmxRegister.java:tryRegister(44)) - Successfully registered JMX Bean with object name Ratis:service=RaftServer,group=group-CAF408347A58,id=93f10d81-f4b6-4237-b2e6-6c2ccf8ca027
2019-10-18 07:01:31,790 [main] INFO  ozone.MiniOzoneClusterImpl (MiniOzoneClusterImpl.java:lambda$waitForClusterToBeReady$0(147)) - Cluster is ready. Got 3 of 3 DN Heartbeats.
2019-10-18 07:01:31,811 [RatisPipelineUtilsThread] INFO  pipeline.PipelineStateManager (PipelineStateManager.java:addPipeline(56)) - Created pipeline Pipeline[ Id: fe68d6de-2f7f-4088-a26e-caf408347a58, Nodes: 93f10d81-f4b6-4237-b2e6-6c2ccf8ca027{ip: 192.168.34.25, host: pr-hdds-2318-jnjn8-2612408985, networkLocation: /default-rack, certSerialId: null}46b9516a-dfd6-4e8f-8939-5a6242357177{ip: 192.168.34.25, host: pr-hdds-2318-jnjn8-2612408985, networkLocation: /default-rack, certSerialId: null}f69cf638-138d-4576-91da-2cd882e57eee{ip: 192.168.34.25, host: pr-hdds-2318-jnjn8-2612408985, networkLocation: /default-rack, certSerialId: null}, Type:RATIS, Factor:THREE, State:OPEN]
2019-10-18 07:01:31,820 [Thread-203] INFO  impl.FollowerState (FollowerState.java:run(108)) - f69cf638-138d-4576-91da-2cd882e57eee@group-CAF408347A58-FollowerState: change to CANDIDATE, lastRpcTime:61ms, electionTimeout:61ms
2019-10-18 07:01:31,820 [Thread-203] INFO  impl.RoleInfo (RoleInfo.java:shutdownFollowerState(121)) - f69cf638-138d-4576-91da-2cd882e57eee: shutdown FollowerState
2019-10-18 07:01:31,820 [Thread-203] INFO  impl.RaftServerImpl (RaftServerImpl.java:setRole(184)) - f69cf638-138d-4576-91da-2cd882e57eee@group-CAF408347A58: changes role from  FOLLOWER to CANDIDATE at term 0 for changeToCandidate
2019-10-18 07:01:31,821 [Thread-203] INFO  impl.RoleInfo (RoleInfo.java:updateAndGet(143)) - f69cf638-138d-4576-91da-2cd882e57eee: start LeaderElection
2019-10-18 07:01:31,828 [93f10d81-f4b6-4237-b2e6-6c2ccf8ca027@group-CDA451FE4BEB-SegmentedRaftLogWorker] INFO  segmented.SegmentedRaftLogWorker (SegmentedRaftLogWorker.java:execute(576)) - 93f10d81-f4b6-4237-b2e6-6c2ccf8ca027@group-CDA451FE4BEB-SegmentedRaftLogWorker: created new log segment /workdir/hadoop-ozone/integration-test/target/test-dir/MiniOzoneClusterImpl-e1e2c834-f325-487e-8a8a-8e8b7cc1d0d1/datanode-2/data/ratis/4aa56be2-2896-4df9-a0b8-cda451fe4beb/current/log_inprogress_0
2019-10-18 07:01:31,828 [f69cf638-138d-4576-91da-2cd882e57eee@group-D7230CD3A541-SegmentedRaftLogWorker] INFO  segmented.SegmentedRaftLogWorker (SegmentedRaftLogWorker.java:execute(576)) - f69cf638-138d-4576-91da-2cd882e57eee@group-D7230CD3A541-SegmentedRaftLogWorker: created new log segment /workdir/hadoop-ozone/integration-test/target/test-dir/MiniOzoneClusterImpl-e1e2c834-f325-487e-8a8a-8e8b7cc1d0d1/datanode-0/data/ratis/8129bfb2-d034-493e-bf88-d7230cd3a541/current/log_inprogress_0
2019-10-18 07:01:31,828 [46b9516a-dfd6-4e8f-8939-5a6242357177@group-E6C62F23FF1B-SegmentedRaftLogWorker] INFO  segmented.SegmentedRaftLogWorker (SegmentedRaftLogWorker.java:execute(576)) - 46b9516a-dfd6-4e8f-8939-5a6242357177@group-E6C62F23FF1B-SegmentedRaftLogWorker: created new log segment /workdir/hadoop-ozone/integration-test/target/test-dir/MiniOzoneClusterImpl-e1e2c834-f325-487e-8a8a-8e8b7cc1d0d1/datanode-1/data/ratis/b436e80f-0fcf-4f37-9ab1-e6c62f23ff1b/current/log_inprogress_0
2019-10-18 07:01:31,838 [Thread-204] INFO  impl.FollowerState (FollowerState.java:run(108)) - 46b9516a-dfd6-4e8f-8939-5a6242357177@group-CAF408347A58-FollowerState: change to CANDIDATE, lastRpcTime:78ms, electionTimeout:78ms
2019-10-18 07:01:31,838 [Thread-204] INFO  impl.RoleInfo (RoleInfo.java:shutdownFollowerState(121)) - 46b9516a-dfd6-4e8f-8939-5a6242357177: shutdown FollowerState
2019-10-18 07:01:31,838 [Thread-204] INFO  impl.RaftServerImpl (RaftServerImpl.java:setRole(184)) - 46b9516a-dfd6-4e8f-8939-5a6242357177@group-CAF408347A58: changes role from  FOLLOWER to CANDIDATE at term 0 for changeToCandidate
2019-10-18 07:01:31,839 [Thread-204] INFO  impl.RoleInfo (RoleInfo.java:updateAndGet(143)) - 46b9516a-dfd6-4e8f-8939-5a6242357177: start LeaderElection
2019-10-18 07:01:31,862 [f69cf638-138d-4576-91da-2cd882e57eee@group-CAF408347A58-LeaderElection4] INFO  impl.LeaderElection (LeaderElection.java:askForVotes(178)) - f69cf638-138d-4576-91da-2cd882e57eee@group-CAF408347A58-LeaderElection4: begin an election at term 1 for -1: [f69cf638-138d-4576-91da-2cd882e57eee:192.168.34.25:40171, 46b9516a-dfd6-4e8f-8939-5a6242357177:192.168.34.25:42762, 93f10d81-f4b6-4237-b2e6-6c2ccf8ca027:192.168.34.25:43753], old=null
2019-10-18 07:01:31,880 [46b9516a-dfd6-4e8f-8939-5a6242357177@group-CAF408347A58-LeaderElection5] INFO  impl.LeaderElection (LeaderElection.java:askForVotes(178)) - 46b9516a-dfd6-4e8f-8939-5a6242357177@group-CAF408347A58-LeaderElection5: begin an election at term 1 for -1: [f69cf638-138d-4576-91da-2cd882e57eee:192.168.34.25:40171, 46b9516a-dfd6-4e8f-8939-5a6242357177:192.168.34.25:42762, 93f10d81-f4b6-4237-b2e6-6c2ccf8ca027:192.168.34.25:43753], old=null
2019-10-18 07:01:31,893 [grpc-default-executor-1] INFO  impl.RaftServerImpl (RaftServerImpl.java:setRole(184)) - 93f10d81-f4b6-4237-b2e6-6c2ccf8ca027@group-CAF408347A58: changes role from  FOLLOWER to FOLLOWER at term 1 for recognizeCandidate:f69cf638-138d-4576-91da-2cd882e57eee
2019-10-18 07:01:31,893 [grpc-default-executor-1] INFO  impl.RoleInfo (RoleInfo.java:shutdownFollowerState(121)) - 93f10d81-f4b6-4237-b2e6-6c2ccf8ca027: shutdown FollowerState
2019-10-18 07:01:31,894 [Thread-205] INFO  impl.FollowerState (FollowerState.java:run(117)) - 93f10d81-f4b6-4237-b2e6-6c2ccf8ca027@group-CAF408347A58-FollowerState was interrupted: java.lang.InterruptedException: sleep interrupted
2019-10-18 07:01:31,894 [grpc-default-executor-1] INFO  impl.RoleInfo (RoleInfo.java:updateAndGet(143)) - 93f10d81-f4b6-4237-b2e6-6c2ccf8ca027: start FollowerState
2019-10-18 07:01:31,938 [f69cf638-138d-4576-91da-2cd882e57eee@group-CAF408347A58-LeaderElection4] INFO  impl.LeaderElection (LeaderElection.java:logAndReturn(56)) - f69cf638-138d-4576-91da-2cd882e57eee@group-CAF408347A58-LeaderElection4: Election PASSED; received 2 response(s) [f69cf638-138d-4576-91da-2cd882e57eee<-46b9516a-dfd6-4e8f-8939-5a6242357177#0:FAIL-t1, f69cf638-138d-4576-91da-2cd882e57eee<-93f10d81-f4b6-4237-b2e6-6c2ccf8ca027#0:OK-t1] and 0 exception(s); f69cf638-138d-4576-91da-2cd882e57eee@group-CAF408347A58:t1, leader=null, voted=f69cf638-138d-4576-91da-2cd882e57eee, raftlog=f69cf638-138d-4576-91da-2cd882e57eee@group-CAF408347A58-SegmentedRaftLog:OPENED:c-1,f-1,i0, conf=-1: [f69cf638-138d-4576-91da-2cd882e57eee:192.168.34.25:40171, 46b9516a-dfd6-4e8f-8939-5a6242357177:192.168.34.25:42762, 93f10d81-f4b6-4237-b2e6-6c2ccf8ca027:192.168.34.25:43753], old=null
2019-10-18 07:01:31,938 [46b9516a-dfd6-4e8f-8939-5a6242357177@group-CAF408347A58-LeaderElection5] INFO  impl.LeaderElection (LeaderElection.java:logAndReturn(56)) - 46b9516a-dfd6-4e8f-8939-5a6242357177@group-CAF408347A58-LeaderElection5: Election REJECTED; received 2 response(s) [46b9516a-dfd6-4e8f-8939-5a6242357177<-f69cf638-138d-4576-91da-2cd882e57eee#0:FAIL-t1, 46b9516a-dfd6-4e8f-8939-5a6242357177<-93f10d81-f4b6-4237-b2e6-6c2ccf8ca027#0:FAIL-t1] and 0 exception(s); 46b9516a-dfd6-4e8f-8939-5a6242357177@group-CAF408347A58:t1, leader=null, voted=46b9516a-dfd6-4e8f-8939-5a6242357177, raftlog=46b9516a-dfd6-4e8f-8939-5a6242357177@group-CAF408347A58-SegmentedRaftLog:OPENED:c-1,f-1,i0, conf=-1: [f69cf638-138d-4576-91da-2cd882e57eee:192.168.34.25:40171, 46b9516a-dfd6-4e8f-8939-5a6242357177:192.168.34.25:42762, 93f10d81-f4b6-4237-b2e6-6c2ccf8ca027:192.168.34.25:43753], old=null
2019-10-18 07:01:31,939 [f69cf638-138d-4576-91da-2cd882e57eee@group-CAF408347A58-LeaderElection4] INFO  impl.RoleInfo (RoleInfo.java:shutdownLeaderElection(134)) - f69cf638-138d-4576-91da-2cd882e57eee: shutdown LeaderElection
2019-10-18 07:01:31,940 [46b9516a-dfd6-4e8f-8939-5a6242357177@group-CAF408347A58-LeaderElection5] INFO  impl.RaftServerImpl (RaftServerImpl.java:setRole(184)) - 46b9516a-dfd6-4e8f-8939-5a6242357177@group-CAF408347A58: changes role from CANDIDATE to FOLLOWER at term 1 for DISCOVERED_A_NEW_TERM
2019-10-18 07:01:31,943 [f69cf638-138d-4576-91da-2cd882e57eee@group-CAF408347A58-LeaderElection4] INFO  impl.RaftServerImpl (RaftServerImpl.java:setRole(184)) - f69cf638-138d-4576-91da-2cd882e57eee@group-CAF408347A58: changes role from CANDIDATE to LEADER at term 1 for changeToLeader
2019-10-18 07:01:31,943 [46b9516a-dfd6-4e8f-8939-5a6242357177@group-CAF408347A58-LeaderElection5] INFO  impl.RoleInfo (RoleInfo.java:shutdownLeaderElection(134)) - 46b9516a-dfd6-4e8f-8939-5a6242357177: shutdown LeaderElection
2019-10-18 07:01:31,943 [f69cf638-138d-4576-91da-2cd882e57eee@group-CAF408347A58-LeaderElection4] INFO  impl.RaftServerImpl (ServerState.java:setLeader(256)) - f69cf638-138d-4576-91da-2cd882e57eee@group-CAF408347A58: change Leader from null to f69cf638-138d-4576-91da-2cd882e57eee at term 1 for becomeLeader, leader elected after 199ms
2019-10-18 07:01:31,943 [46b9516a-dfd6-4e8f-8939-5a6242357177@group-CAF408347A58-LeaderElection5] INFO  impl.RoleInfo (RoleInfo.java:updateAndGet(143)) - 46b9516a-dfd6-4e8f-8939-5a6242357177: start FollowerState
2019-10-18 07:01:31,943 [f69cf638-138d-4576-91da-2cd882e57eee@group-CAF408347A58-LeaderElection4] INFO  server.RaftServerConfigKeys (ConfUtils.java:logGet(43)) - raft.server.staging.catchup.gap = 1000 (default)
2019-10-18 07:01:31,943 [f69cf638-138d-4576-91da-2cd882e57eee@group-CAF408347A58-LeaderElection4] INFO  server.RaftServerConfigKeys (ConfUtils.java:logGet(43)) - raft.server.rpc.sleep.time = 25ms (default)
2019-10-18 07:01:31,944 [f69cf638-138d-4576-91da-2cd882e57eee@group-CAF408347A58-LeaderElection4] INFO  server.RaftServerConfigKeys (ConfUtils.java:logGet(43)) - raft.server.write.element-limit = 4096 (default)
2019-10-18 07:01:31,945 [f69cf638-138d-4576-91da-2cd882e57eee@group-CAF408347A58-LeaderElection4] INFO  server.RaftServerConfigKeys (ConfUtils.java:logGet(43)) - raft.server.watch.timeout = 10s (default)
2019-10-18 07:01:31,945 [f69cf638-138d-4576-91da-2cd882e57eee@group-CAF408347A58-LeaderElection4] INFO  server.RaftServerConfigKeys (ConfUtils.java:logGet(43)) - raft.server.watch.timeout.denomination = 1s (default)
2019-10-18 07:01:31,945 [f69cf638-138d-4576-91da-2cd882e57eee@group-CAF408347A58-LeaderElection4] INFO  server.RaftServerConfigKeys (ConfUtils.java:logGet(43)) - raft.server.watch.element-limit = 65536 (default)
2019-10-18 07:01:31,951 [f69cf638-138d-4576-91da-2cd882e57eee@group-CAF408347A58-LeaderElection4] INFO  server.RaftServerConfigKeys (ConfUtils.java:logGet(43)) - raft.server.log.appender.snapshot.chunk.size.max = 16MB (=16777216) (default)
2019-10-18 07:01:31,951 [f69cf638-138d-4576-91da-2cd882e57eee@group-CAF408347A58-LeaderElection4] INFO  server.RaftServerConfigKeys (ConfUtils.java:logGet(43)) - raft.server.log.appender.buffer.byte-limit = 33554432 (custom)
2019-10-18 07:01:31,952 [f69cf638-138d-4576-91da-2cd882e57eee@group-CAF408347A58-LeaderElection4] INFO  server.RaftServerConfigKeys (ConfUtils.java:logGet(43)) - raft.server.log.appender.buffer.element-limit = 1 (custom)
2019-10-18 07:01:31,955 [f69cf638-138d-4576-91da-2cd882e57eee@group-CAF408347A58-LeaderElection4] INFO  grpc.GrpcConfigKeys$Server (ConfUtils.java:logGet(43)) - raft.grpc.server.leader.outstanding.appends.max = 128 (default)
2019-10-18 07:01:31,959 [f69cf638-138d-4576-91da-2cd882e57eee@group-CAF408347A58-LeaderElection4] INFO  server.RaftServerConfigKeys (ConfUtils.java:logGet(43)) - raft.server.rpc.request.timeout = 3000ms (default)
2019-10-18 07:01:31,959 [f69cf638-138d-4576-91da-2cd882e57eee@group-CAF408347A58-LeaderElection4] INFO  server.RaftServerConfigKeys (ConfUtils.java:logGet(43)) - raft.server.log.appender.install.snapshot.enabled = false (custom)
2019-10-18 07:01:31,964 [f69cf638-138d-4576-91da-2cd882e57eee@group-CAF408347A58-LeaderElection4] INFO  server.RaftServerConfigKeys (ConfUtils.java:logGet(43)) - raft.server.log.appender.snapshot.chunk.size.max = 16MB (=16777216) (default)
2019-10-18 07:01:31,964 [f69cf638-138d-4576-91da-2cd882e57eee@group-CAF408347A58-LeaderElection4] INFO  server.RaftServerConfigKeys (ConfUtils.java:logGet(43)) - raft.server.log.appender.buffer.byte-limit = 33554432 (custom)
2019-10-18 07:01:31,964 [f69cf638-138d-4576-91da-2cd882e57eee@group-CAF408347A58-LeaderElection4] INFO  server.RaftServerConfigKeys (ConfUtils.java:logGet(43)) - raft.server.log.appender.buffer.element-limit = 1 (custom)
2019-10-18 07:01:31,965 [f69cf638-138d-4576-91da-2cd882e57eee@group-CAF408347A58-LeaderElection4] INFO  grpc.GrpcConfigKeys$Server (ConfUtils.java:logGet(43)) - raft.grpc.server.leader.outstanding.appends.max = 128 (default)
2019-10-18 07:01:31,965 [f69cf638-138d-4576-91da-2cd882e57eee@group-CAF408347A58-LeaderElection4] INFO  server.RaftServerConfigKeys (ConfUtils.java:logGet(43)) - raft.server.rpc.request.timeout = 3000ms (default)
2019-10-18 07:01:31,965 [f69cf638-138d-4576-91da-2cd882e57eee@group-CAF408347A58-LeaderElection4] INFO  server.RaftServerConfigKeys (ConfUtils.java:logGet(43)) - raft.server.log.appender.install.snapshot.enabled = false (custom)
2019-10-18 07:01:31,971 [f69cf638-138d-4576-91da-2cd882e57eee@group-CAF408347A58-LeaderElection4] INFO  impl.RoleInfo (RoleInfo.java:updateAndGet(143)) - f69cf638-138d-4576-91da-2cd882e57eee: start LeaderState
2019-10-18 07:01:31,972 [f69cf638-138d-4576-91da-2cd882e57eee@group-CAF408347A58-LeaderElection4] INFO  segmented.SegmentedRaftLogWorker (SegmentedRaftLogWorker.java:startLogSegment(385)) - f69cf638-138d-4576-91da-2cd882e57eee@group-CAF408347A58-SegmentedRaftLogWorker: Starting segment from index:0
2019-10-18 07:01:31,973 [f69cf638-138d-4576-91da-2cd882e57eee@group-CAF408347A58-LeaderElection4] INFO  impl.RaftServerImpl (ServerState.java:setRaftConf(357)) - f69cf638-138d-4576-91da-2cd882e57eee@group-CAF408347A58: set configuration 0: [f69cf638-138d-4576-91da-2cd882e57eee:192.168.34.25:40171, 46b9516a-dfd6-4e8f-8939-5a6242357177:192.168.34.25:42762, 93f10d81-f4b6-4237-b2e6-6c2ccf8ca027:192.168.34.25:43753], old=null at 0
2019-10-18 07:01:31,996 [Thread-215] INFO  impl.FollowerState (FollowerState.java:run(108)) - 93f10d81-f4b6-4237-b2e6-6c2ccf8ca027@group-CAF408347A58-FollowerState: change to CANDIDATE, lastRpcTime:101ms, electionTimeout:98ms
2019-10-18 07:01:31,997 [Thread-215] INFO  impl.RoleInfo (RoleInfo.java:shutdownFollowerState(121)) - 93f10d81-f4b6-4237-b2e6-6c2ccf8ca027: shutdown FollowerState
2019-10-18 07:01:31,997 [Thread-215] INFO  impl.RaftServerImpl (RaftServerImpl.java:setRole(184)) - 93f10d81-f4b6-4237-b2e6-6c2ccf8ca027@group-CAF408347A58: changes role from  FOLLOWER to CANDIDATE at term 1 for changeToCandidate
2019-10-18 07:01:31,997 [Thread-215] INFO  impl.RoleInfo (RoleInfo.java:updateAndGet(143)) - 93f10d81-f4b6-4237-b2e6-6c2ccf8ca027: start LeaderElection
2019-10-18 07:01:32,016 [grpc-default-executor-2] INFO  impl.RaftServerImpl (ServerState.java:setLeader(256)) - 46b9516a-dfd6-4e8f-8939-5a6242357177@group-CAF408347A58: change Leader from null to f69cf638-138d-4576-91da-2cd882e57eee at term 1 for appendEntries, leader elected after 272ms
2019-10-18 07:01:32,022 [f69cf638-138d-4576-91da-2cd882e57eee@group-CAF408347A58-SegmentedRaftLogWorker] INFO  segmented.SegmentedRaftLogWorker (SegmentedRaftLogWorker.java:execute(576)) - f69cf638-138d-4576-91da-2cd882e57eee@group-CAF408347A58-SegmentedRaftLogWorker: created new log segment /workdir/hadoop-ozone/integration-test/target/test-dir/MiniOzoneClusterImpl-e1e2c834-f325-487e-8a8a-8e8b7cc1d0d1/datanode-0/data/ratis/fe68d6de-2f7f-4088-a26e-caf408347a58/current/log_inprogress_0
2019-10-18 07:01:32,022 [93f10d81-f4b6-4237-b2e6-6c2ccf8ca027@group-CAF408347A58-LeaderElection6] INFO  impl.LeaderElection (LeaderElection.java:askForVotes(178)) - 93f10d81-f4b6-4237-b2e6-6c2ccf8ca027@group-CAF408347A58-LeaderElection6: begin an election at term 2 for -1: [f69cf638-138d-4576-91da-2cd882e57eee:192.168.34.25:40171, 46b9516a-dfd6-4e8f-8939-5a6242357177:192.168.34.25:42762, 93f10d81-f4b6-4237-b2e6-6c2ccf8ca027:192.168.34.25:43753], old=null
2019-10-18 07:01:32,028 [Thread-220] INFO  impl.RaftServerImpl (ServerState.java:setLeader(256)) - f69cf638-138d-4576-91da-2cd882e57eee@group-CAF408347A58: change Leader from f69cf638-138d-4576-91da-2cd882e57eee to null at term 2 for updateCurrentTerm
2019-10-18 07:01:32,029 [Thread-220] INFO  impl.RaftServerImpl (RaftServerImpl.java:setRole(184)) - f69cf638-138d-4576-91da-2cd882e57eee@group-CAF408347A58: changes role from    LEADER to FOLLOWER at term 2 for stepDown
2019-10-18 07:01:32,029 [Thread-220] INFO  impl.RoleInfo (RoleInfo.java:shutdownLeaderState(104)) - f69cf638-138d-4576-91da-2cd882e57eee: shutdown LeaderState
2019-10-18 07:01:32,031 [org.apache.ratis.server.impl.LogAppender$AppenderDaemon$$Lambda$435/654929129@2dd90c79] WARN  server.GrpcLogAppender (GrpcLogAppender.java:mayWait(149)) - f69cf638-138d-4576-91da-2cd882e57eee@group-CAF408347A58->93f10d81-f4b6-4237-b2e6-6c2ccf8ca027-GrpcLogAppender: Wait interrupted by java.lang.InterruptedException
2019-10-18 07:01:32,032 [Thread-220] INFO  impl.PendingRequests (PendingRequests.java:sendNotLeaderResponses(202)) - f69cf638-138d-4576-91da-2cd882e57eee@group-CAF408347A58-PendingRequests: sendNotLeaderResponses
2019-10-18 07:01:32,035 [Thread-220] INFO  impl.RoleInfo (RoleInfo.java:updateAndGet(143)) - f69cf638-138d-4576-91da-2cd882e57eee: start FollowerState
2019-10-18 07:01:32,035 [grpc-default-executor-0] INFO  server.GrpcServerProtocolService (GrpcServerProtocolService.java:onCompleted(113)) - 93f10d81-f4b6-4237-b2e6-6c2ccf8ca027: Completed APPEND_ENTRIES, lastRequest: f69cf638-138d-4576-91da-2cd882e57eee->93f10d81-f4b6-4237-b2e6-6c2ccf8ca027#0-t1, previous=(t:0, i:0), leaderCommit=-1, initializing? false, entries: <empty>
2019-10-18 07:01:32,035 [grpc-default-executor-2] INFO  impl.RaftServerImpl (ServerState.java:setLeader(256)) - 46b9516a-dfd6-4e8f-8939-5a6242357177@group-CAF408347A58: change Leader from f69cf638-138d-4576-91da-2cd882e57eee to null at term 2 for updateCurrentTerm
2019-10-18 07:01:32,035 [org.apache.ratis.server.impl.LogAppender$AppenderDaemon$$Lambda$435/654929129@63ef6435] WARN  server.GrpcLogAppender (GrpcLogAppender.java:mayWait(149)) - f69cf638-138d-4576-91da-2cd882e57eee@group-CAF408347A58->46b9516a-dfd6-4e8f-8939-5a6242357177-GrpcLogAppender: Wait interrupted by java.lang.InterruptedException
2019-10-18 07:01:32,046 [grpc-default-executor-2] INFO  impl.RaftServerImpl (RaftServerImpl.java:setRole(184)) - 46b9516a-dfd6-4e8f-8939-5a6242357177@group-CAF408347A58: changes role from  FOLLOWER to FOLLOWER at term 2 for recognizeCandidate:93f10d81-f4b6-4237-b2e6-6c2ccf8ca027
2019-10-18 07:01:32,046 [grpc-default-executor-2] INFO  impl.RoleInfo (RoleInfo.java:shutdownFollowerState(121)) - 46b9516a-dfd6-4e8f-8939-5a6242357177: shutdown FollowerState
2019-10-18 07:01:32,046 [Thread-219] INFO  impl.FollowerState (FollowerState.java:run(117)) - 46b9516a-dfd6-4e8f-8939-5a6242357177@group-CAF408347A58-FollowerState was interrupted: java.lang.InterruptedException: sleep interrupted
2019-10-18 07:01:32,047 [grpc-default-executor-2] INFO  impl.RoleInfo (RoleInfo.java:updateAndGet(143)) - 46b9516a-dfd6-4e8f-8939-5a6242357177: start FollowerState
2019-10-18 07:01:32,048 [grpc-default-executor-0] INFO  server.GrpcServerProtocolService (GrpcServerProtocolService.java:onCompleted(113)) - 46b9516a-dfd6-4e8f-8939-5a6242357177: Completed APPEND_ENTRIES, lastRequest: f69cf638-138d-4576-91da-2cd882e57eee->46b9516a-dfd6-4e8f-8939-5a6242357177#0-t1, previous=(t:0, i:0), leaderCommit=-1, initializing? false, entries: <empty>
2019-10-18 07:01:32,048 [grpc-default-executor-1] INFO  server.GrpcLogAppender (GrpcLogAppender.java:onCompleted(308)) - f69cf638-138d-4576-91da-2cd882e57eee@group-CAF408347A58->93f10d81-f4b6-4237-b2e6-6c2ccf8ca027-AppendLogResponseHandler: follower responses appendEntries COMPLETED
2019-10-18 07:01:32,051 [grpc-default-executor-0] INFO  server.GrpcLogAppender (GrpcLogAppender.java:onCompleted(308)) - f69cf638-138d-4576-91da-2cd882e57eee@group-CAF408347A58->46b9516a-dfd6-4e8f-8939-5a6242357177-AppendLogResponseHandler: follower responses appendEntries COMPLETED
2019-10-18 07:01:32,053 [grpc-default-executor-1] INFO  impl.FollowerInfo (FollowerInfo.java:lambda$new$0(51)) - f69cf638-138d-4576-91da-2cd882e57eee@group-CAF408347A58->93f10d81-f4b6-4237-b2e6-6c2ccf8ca027: nextIndex: updateUnconditionally 0 -> 0
2019-10-18 07:01:32,053 [grpc-default-executor-0] INFO  impl.FollowerInfo (FollowerInfo.java:lambda$new$0(51)) - f69cf638-138d-4576-91da-2cd882e57eee@group-CAF408347A58->46b9516a-dfd6-4e8f-8939-5a6242357177: nextIndex: updateUnconditionally 1 -> 0
2019-10-18 07:01:32,073 [grpc-default-executor-3] INFO  impl.RaftServerImpl (RaftServerImpl.java:setRole(184)) - f69cf638-138d-4576-91da-2cd882e57eee@group-CAF408347A58: changes role from  FOLLOWER to FOLLOWER at term 2 for recognizeCandidate:93f10d81-f4b6-4237-b2e6-6c2ccf8ca027
2019-10-18 07:01:32,074 [grpc-default-executor-3] INFO  impl.RoleInfo (RoleInfo.java:shutdownFollowerState(121)) - f69cf638-138d-4576-91da-2cd882e57eee: shutdown FollowerState
2019-10-18 07:01:32,074 [Thread-229] INFO  impl.FollowerState (FollowerState.java:run(117)) - f69cf638-138d-4576-91da-2cd882e57eee@group-CAF408347A58-FollowerState was interrupted: java.lang.InterruptedException: sleep interrupted
2019-10-18 07:01:32,074 [grpc-default-executor-3] INFO  impl.RoleInfo (RoleInfo.java:updateAndGet(143)) - f69cf638-138d-4576-91da-2cd882e57eee: start FollowerState
2019-10-18 07:01:32,077 [93f10d81-f4b6-4237-b2e6-6c2ccf8ca027@group-CAF408347A58-LeaderElection6] INFO  impl.LeaderElection (LeaderElection.java:logAndReturn(56)) - 93f10d81-f4b6-4237-b2e6-6c2ccf8ca027@group-CAF408347A58-LeaderElection6: Election PASSED; received 1 response(s) [93f10d81-f4b6-4237-b2e6-6c2ccf8ca027<-46b9516a-dfd6-4e8f-8939-5a6242357177#0:OK-t2] and 0 exception(s); 93f10d81-f4b6-4237-b2e6-6c2ccf8ca027@group-CAF408347A58:t2, leader=null, voted=93f10d81-f4b6-4237-b2e6-6c2ccf8ca027, raftlog=93f10d81-f4b6-4237-b2e6-6c2ccf8ca027@group-CAF408347A58-SegmentedRaftLog:OPENED:c-1,f-1,i0, conf=-1: [f69cf638-138d-4576-91da-2cd882e57eee:192.168.34.25:40171, 46b9516a-dfd6-4e8f-8939-5a6242357177:192.168.34.25:42762, 93f10d81-f4b6-4237-b2e6-6c2ccf8ca027:192.168.34.25:43753], old=null
2019-10-18 07:01:32,078 [93f10d81-f4b6-4237-b2e6-6c2ccf8ca027@group-CAF408347A58-LeaderElection6] INFO  impl.RoleInfo (RoleInfo.java:shutdownLeaderElection(134)) - 93f10d81-f4b6-4237-b2e6-6c2ccf8ca027: shutdown LeaderElection
2019-10-18 07:01:32,079 [93f10d81-f4b6-4237-b2e6-6c2ccf8ca027@group-CAF408347A58-LeaderElection6] INFO  impl.RaftServerImpl (RaftServerImpl.java:setRole(184)) - 93f10d81-f4b6-4237-b2e6-6c2ccf8ca027@group-CAF408347A58: changes role from CANDIDATE to LEADER at term 2 for changeToLeader
2019-10-18 07:01:32,080 [93f10d81-f4b6-4237-b2e6-6c2ccf8ca027@group-CAF408347A58-LeaderElection6] INFO  impl.RaftServerImpl (ServerState.java:setLeader(256)) - 93f10d81-f4b6-4237-b2e6-6c2ccf8ca027@group-CAF408347A58: change Leader from null to 93f10d81-f4b6-4237-b2e6-6c2ccf8ca027 at term 2 for becomeLeader, leader elected after 335ms
2019-10-18 07:01:32,080 [93f10d81-f4b6-4237-b2e6-6c2ccf8ca027@group-CAF408347A58-LeaderElection6] INFO  server.RaftServerConfigKeys (ConfUtils.java:logGet(43)) - raft.server.staging.catchup.gap = 1000 (default)
2019-10-18 07:01:32,080 [93f10d81-f4b6-4237-b2e6-6c2ccf8ca027@group-CAF408347A58-LeaderElection6] INFO  server.RaftServerConfigKeys (ConfUtils.java:logGet(43)) - raft.server.rpc.sleep.time = 25ms (default)
2019-10-18 07:01:32,080 [93f10d81-f4b6-4237-b2e6-6c2ccf8ca027@group-CAF408347A58-LeaderElection6] INFO  server.RaftServerConfigKeys (ConfUtils.java:logGet(43)) - raft.server.write.element-limit = 4096 (default)
2019-10-18 07:01:32,081 [93f10d81-f4b6-4237-b2e6-6c2ccf8ca027@group-CAF408347A58-LeaderElection6] INFO  server.RaftServerConfigKeys (ConfUtils.java:logGet(43)) - raft.server.watch.timeout = 10s (default)
2019-10-18 07:01:32,081 [93f10d81-f4b6-4237-b2e6-6c2ccf8ca027@group-CAF408347A58-LeaderElection6] INFO  server.RaftServerConfigKeys (ConfUtils.java:logGet(43)) - raft.server.watch.timeout.denomination = 1s (default)
2019-10-18 07:01:32,081 [93f10d81-f4b6-4237-b2e6-6c2ccf8ca027@group-CAF408347A58-LeaderElection6] INFO  server.RaftServerConfigKeys (ConfUtils.java:logGet(43)) - raft.server.watch.element-limit = 65536 (default)
2019-10-18 07:01:32,083 [93f10d81-f4b6-4237-b2e6-6c2ccf8ca027@group-CAF408347A58-LeaderElection6] INFO  server.RaftServerConfigKeys (ConfUtils.java:logGet(43)) - raft.server.log.appender.snapshot.chunk.size.max = 16MB (=16777216) (default)
2019-10-18 07:01:32,083 [93f10d81-f4b6-4237-b2e6-6c2ccf8ca027@group-CAF408347A58-LeaderElection6] INFO  server.RaftServerConfigKeys (ConfUtils.java:logGet(43)) - raft.server.log.appender.buffer.byte-limit = 33554432 (custom)
2019-10-18 07:01:32,083 [93f10d81-f4b6-4237-b2e6-6c2ccf8ca027@group-CAF408347A58-LeaderElection6] INFO  server.RaftServerConfigKeys (ConfUtils.java:logGet(43)) - raft.server.log.appender.buffer.element-limit = 1 (custom)
2019-10-18 07:01:32,084 [93f10d81-f4b6-4237-b2e6-6c2ccf8ca027@group-CAF408347A58-LeaderElection6] INFO  grpc.GrpcConfigKeys$Server (ConfUtils.java:logGet(43)) - raft.grpc.server.leader.outstanding.appends.max = 128 (default)
2019-10-18 07:01:32,085 [93f10d81-f4b6-4237-b2e6-6c2ccf8ca027@group-CAF408347A58-LeaderElection6] INFO  server.RaftServerConfigKeys (ConfUtils.java:logGet(43)) - raft.server.rpc.request.timeout = 3000ms (default)
2019-10-18 07:01:32,085 [93f10d81-f4b6-4237-b2e6-6c2ccf8ca027@group-CAF408347A58-LeaderElection6] INFO  server.RaftServerConfigKeys (ConfUtils.java:logGet(43)) - raft.server.log.appender.install.snapshot.enabled = false (custom)
2019-10-18 07:01:32,086 [93f10d81-f4b6-4237-b2e6-6c2ccf8ca027@group-CAF408347A58-LeaderElection6] INFO  server.RaftServerConfigKeys (ConfUtils.java:logGet(43)) - raft.server.log.appender.snapshot.chunk.size.max = 16MB (=16777216) (default)
2019-10-18 07:01:32,086 [93f10d81-f4b6-4237-b2e6-6c2ccf8ca027@group-CAF408347A58-LeaderElection6] INFO  server.RaftServerConfigKeys (ConfUtils.java:logGet(43)) - raft.server.log.appender.buffer.byte-limit = 33554432 (custom)
2019-10-18 07:01:32,087 [93f10d81-f4b6-4237-b2e6-6c2ccf8ca027@group-CAF408347A58-LeaderElection6] INFO  server.RaftServerConfigKeys (ConfUtils.java:logGet(43)) - raft.server.log.appender.buffer.element-limit = 1 (custom)
2019-10-18 07:01:32,087 [93f10d81-f4b6-4237-b2e6-6c2ccf8ca027@group-CAF408347A58-LeaderElection6] INFO  grpc.GrpcConfigKeys$Server (ConfUtils.java:logGet(43)) - raft.grpc.server.leader.outstanding.appends.max = 128 (default)
2019-10-18 07:01:32,087 [93f10d81-f4b6-4237-b2e6-6c2ccf8ca027@group-CAF408347A58-LeaderElection6] INFO  server.RaftServerConfigKeys (ConfUtils.java:logGet(43)) - raft.server.rpc.request.timeout = 3000ms (default)
2019-10-18 07:01:32,087 [93f10d81-f4b6-4237-b2e6-6c2ccf8ca027@group-CAF408347A58-LeaderElection6] INFO  server.RaftServerConfigKeys (ConfUtils.java:logGet(43)) - raft.server.log.appender.install.snapshot.enabled = false (custom)
2019-10-18 07:01:32,089 [93f10d81-f4b6-4237-b2e6-6c2ccf8ca027@group-CAF408347A58-LeaderElection6] INFO  impl.RoleInfo (RoleInfo.java:updateAndGet(143)) - 93f10d81-f4b6-4237-b2e6-6c2ccf8ca027: start LeaderState
2019-10-18 07:01:32,089 [93f10d81-f4b6-4237-b2e6-6c2ccf8ca027@group-CAF408347A58-LeaderElection6] INFO  segmented.SegmentedRaftLogWorker (SegmentedRaftLogWorker.java:startLogSegment(385)) - 93f10d81-f4b6-4237-b2e6-6c2ccf8ca027@group-CAF408347A58-SegmentedRaftLogWorker: Starting segment from index:0
2019-10-18 07:01:32,090 [93f10d81-f4b6-4237-b2e6-6c2ccf8ca027@group-CAF408347A58-LeaderElection6] INFO  impl.RaftServerImpl (ServerState.java:setRaftConf(357)) - 93f10d81-f4b6-4237-b2e6-6c2ccf8ca027@group-CAF408347A58: set configuration 0: [f69cf638-138d-4576-91da-2cd882e57eee:192.168.34.25:40171, 46b9516a-dfd6-4e8f-8939-5a6242357177:192.168.34.25:42762, 93f10d81-f4b6-4237-b2e6-6c2ccf8ca027:192.168.34.25:43753], old=null at 0
2019-10-18 07:01:32,118 [grpc-default-executor-3] INFO  impl.RaftServerImpl (ServerState.java:setLeader(256)) - 46b9516a-dfd6-4e8f-8939-5a6242357177@group-CAF408347A58: change Leader from null to 93f10d81-f4b6-4237-b2e6-6c2ccf8ca027 at term 2 for appendEntries, leader elected after 83ms
2019-10-18 07:01:32,119 [grpc-default-executor-2] INFO  impl.RaftServerImpl (ServerState.java:setLeader(256)) - f69cf638-138d-4576-91da-2cd882e57eee@group-CAF408347A58: change Leader from null to 93f10d81-f4b6-4237-b2e6-6c2ccf8ca027 at term 2 for appendEntries, leader elected after 90ms
2019-10-18 07:01:32,126 [grpc-default-executor-2] INFO  impl.RaftServerImpl (ServerState.java:setRaftConf(357)) - 46b9516a-dfd6-4e8f-8939-5a6242357177@group-CAF408347A58: set configuration 0: [f69cf638-138d-4576-91da-2cd882e57eee:192.168.34.25:40171, 46b9516a-dfd6-4e8f-8939-5a6242357177:192.168.34.25:42762, 93f10d81-f4b6-4237-b2e6-6c2ccf8ca027:192.168.34.25:43753], old=null at 0
2019-10-18 07:01:32,126 [grpc-default-executor-3] INFO  impl.RaftServerImpl (ServerState.java:setRaftConf(357)) - f69cf638-138d-4576-91da-2cd882e57eee@group-CAF408347A58: set configuration 0: [f69cf638-138d-4576-91da-2cd882e57eee:192.168.34.25:40171, 46b9516a-dfd6-4e8f-8939-5a6242357177:192.168.34.25:42762, 93f10d81-f4b6-4237-b2e6-6c2ccf8ca027:192.168.34.25:43753], old=null at 0
2019-10-18 07:01:32,127 [grpc-default-executor-2] INFO  segmented.SegmentedRaftLogWorker (SegmentedRaftLogWorker.java:startLogSegment(385)) - 46b9516a-dfd6-4e8f-8939-5a6242357177@group-CAF408347A58-SegmentedRaftLogWorker: Starting segment from index:0
2019-10-18 07:01:32,129 [grpc-default-executor-3] INFO  segmented.SegmentedRaftLogWorker (SegmentedRaftLogWorker.java:truncate(401)) - f69cf638-138d-4576-91da-2cd882e57eee@group-CAF408347A58-SegmentedRaftLogWorker: Truncating segments toTruncate: null
  toDelete: [(0, 0) isOpen? true, length=0, newEndIndex=-1], start index 0
2019-10-18 07:01:32,130 [grpc-default-executor-3] INFO  segmented.SegmentedRaftLogWorker (SegmentedRaftLogWorker.java:startLogSegment(385)) - f69cf638-138d-4576-91da-2cd882e57eee@group-CAF408347A58-SegmentedRaftLogWorker: Starting segment from index:0
2019-10-18 07:01:32,133 [f69cf638-138d-4576-91da-2cd882e57eee@group-CAF408347A58-SegmentedRaftLogWorker] INFO  segmented.SegmentedRaftLogWorker (SegmentedRaftLogWorker.java:execute(640)) - f69cf638-138d-4576-91da-2cd882e57eee@group-CAF408347A58-SegmentedRaftLogWorker: Deleted log file /workdir/hadoop-ozone/integration-test/target/test-dir/MiniOzoneClusterImpl-e1e2c834-f325-487e-8a8a-8e8b7cc1d0d1/datanode-0/data/ratis/fe68d6de-2f7f-4088-a26e-caf408347a58/current/log_inprogress_0
2019-10-18 07:01:32,133 [f69cf638-138d-4576-91da-2cd882e57eee@group-CAF408347A58-SegmentedRaftLogWorker] INFO  segmented.SegmentedRaftLogWorker (SegmentedRaftLogWorker.java:lambda$new$0(128)) - f69cf638-138d-4576-91da-2cd882e57eee@group-CAF408347A58-SegmentedRaftLogWorker: flushIndex: setUnconditionally 0 -> -1
2019-10-18 07:01:32,140 [93f10d81-f4b6-4237-b2e6-6c2ccf8ca027@group-CAF408347A58-SegmentedRaftLogWorker] INFO  segmented.SegmentedRaftLogWorker (SegmentedRaftLogWorker.java:execute(576)) - 93f10d81-f4b6-4237-b2e6-6c2ccf8ca027@group-CAF408347A58-SegmentedRaftLogWorker: created new log segment /workdir/hadoop-ozone/integration-test/target/test-dir/MiniOzoneClusterImpl-e1e2c834-f325-487e-8a8a-8e8b7cc1d0d1/datanode-2/data/ratis/fe68d6de-2f7f-4088-a26e-caf408347a58/current/log_inprogress_0
2019-10-18 07:01:32,190 [f69cf638-138d-4576-91da-2cd882e57eee@group-CAF408347A58-SegmentedRaftLogWorker] INFO  segmented.SegmentedRaftLogWorker (SegmentedRaftLogWorker.java:execute(576)) - f69cf638-138d-4576-91da-2cd882e57eee@group-CAF408347A58-SegmentedRaftLogWorker: created new log segment /workdir/hadoop-ozone/integration-test/target/test-dir/MiniOzoneClusterImpl-e1e2c834-f325-487e-8a8a-8e8b7cc1d0d1/datanode-0/data/ratis/fe68d6de-2f7f-4088-a26e-caf408347a58/current/log_inprogress_0
2019-10-18 07:01:32,190 [46b9516a-dfd6-4e8f-8939-5a6242357177@group-CAF408347A58-SegmentedRaftLogWorker] INFO  segmented.SegmentedRaftLogWorker (SegmentedRaftLogWorker.java:execute(576)) - 46b9516a-dfd6-4e8f-8939-5a6242357177@group-CAF408347A58-SegmentedRaftLogWorker: created new log segment /workdir/hadoop-ozone/integration-test/target/test-dir/MiniOzoneClusterImpl-e1e2c834-f325-487e-8a8a-8e8b7cc1d0d1/datanode-1/data/ratis/fe68d6de-2f7f-4088-a26e-caf408347a58/current/log_inprogress_0
2019-10-18 07:01:32,651 [main] INFO  rpc.RpcClient (RpcClient.java:createVolume(272)) - Creating Volume: testcontainerstatemachinefailures, with jenkins1000 as owner.
2019-10-18 07:01:32,748 [IPC Server handler 1 on 37466] INFO  volume.OMVolumeCreateRequest (OMVolumeCreateRequest.java:validateAndUpdateCache(193)) - created volume:testcontainerstatemachinefailures for user:jenkins1000
2019-10-18 07:01:32,771 [main] INFO  rpc.RpcClient (RpcClient.java:createBucket(411)) - Creating Bucket: testcontainerstatemachinefailures/testcontainerstatemachinefailures, with Versioning false and Storage Type set to DISK and Encryption set to false 
2019-10-18 07:01:32,947 [main] INFO  impl.MetricsSystemImpl (MetricsSystemImpl.java:init(158)) - XceiverClientMetrics metrics system started (again)
2019-10-18 07:01:33,540 [Datanode State Machine Thread - 0] INFO  statemachine.DatanodeStateMachine (DatanodeStateMachine.java:lambda$startDaemon$0(350)) - Ozone container server started.
2019-10-18 07:01:33,642 [Thread-181] INFO  container.ReplicationManager (ReplicationManager.java:start(162)) - Starting Replication Monitor Thread.
2019-10-18 07:01:33,644 [ReplicationMonitor] INFO  container.ReplicationManager (ReplicationManager.java:run(225)) - Replication Monitor Thread took 1 milliseconds for processing 1 containers.
2019-10-18 07:01:38,497 [main] INFO  ozoneimpl.OzoneContainer (OzoneContainer.java:stop(227)) - Attempting to stop container services.
2019-10-18 07:01:38,499 [main] INFO  impl.RaftServerProxy (RaftServerProxy.java:lambda$close$4(314)) - 46b9516a-dfd6-4e8f-8939-5a6242357177: close
2019-10-18 07:01:38,501 [main] INFO  impl.RaftServerImpl (RaftServerImpl.java:lambda$shutdown$3(261)) - 46b9516a-dfd6-4e8f-8939-5a6242357177@group-CAF408347A58: shutdown
2019-10-18 07:01:38,501 [ForkJoinPool.commonPool-worker-0] INFO  impl.RaftServerImpl (RaftServerImpl.java:lambda$shutdown$3(261)) - 46b9516a-dfd6-4e8f-8939-5a6242357177@group-E6C62F23FF1B: shutdown
2019-10-18 07:01:38,502 [main] INFO  util.JmxRegister (JmxRegister.java:unregister(73)) - Successfully un-registered JMX Bean with object name Ratis:service=RaftServer,group=group-CAF408347A58,id=46b9516a-dfd6-4e8f-8939-5a6242357177
2019-10-18 07:01:38,502 [ForkJoinPool.commonPool-worker-0] INFO  util.JmxRegister (JmxRegister.java:unregister(73)) - Successfully un-registered JMX Bean with object name Ratis:service=RaftServer,group=group-E6C62F23FF1B,id=46b9516a-dfd6-4e8f-8939-5a6242357177
2019-10-18 07:01:38,502 [main] INFO  impl.RoleInfo (RoleInfo.java:shutdownFollowerState(121)) - 46b9516a-dfd6-4e8f-8939-5a6242357177: shutdown FollowerState
2019-10-18 07:01:38,502 [ForkJoinPool.commonPool-worker-0] INFO  impl.RoleInfo (RoleInfo.java:shutdownLeaderState(104)) - 46b9516a-dfd6-4e8f-8939-5a6242357177: shutdown LeaderState
2019-10-18 07:01:38,503 [Thread-230] INFO  impl.FollowerState (FollowerState.java:run(117)) - 46b9516a-dfd6-4e8f-8939-5a6242357177@group-CAF408347A58-FollowerState was interrupted: java.lang.InterruptedException: sleep interrupted
2019-10-18 07:01:38,503 [main] INFO  impl.StateMachineUpdater (StateMachineUpdater.java:stopAndJoin(136)) - 46b9516a-dfd6-4e8f-8939-5a6242357177@group-CAF408347A58-StateMachineUpdater: set stopIndex = 4
2019-10-18 07:01:38,503 [ForkJoinPool.commonPool-worker-0] INFO  impl.PendingRequests (PendingRequests.java:sendNotLeaderResponses(202)) - 46b9516a-dfd6-4e8f-8939-5a6242357177@group-E6C62F23FF1B-PendingRequests: sendNotLeaderResponses
2019-10-18 07:01:38,506 [46b9516a-dfd6-4e8f-8939-5a6242357177@group-CAF408347A58-StateMachineUpdater] INFO  ratis.ContainerStateMachine (ContainerStateMachine.java:takeSnapshot(294)) - group-CAF408347A58: Taking a snapshot at:(t:2, i:3) file /workdir/hadoop-ozone/integration-test/target/test-dir/MiniOzoneClusterImpl-e1e2c834-f325-487e-8a8a-8e8b7cc1d0d1/datanode-1/data/ratis/fe68d6de-2f7f-4088-a26e-caf408347a58/sm/snapshot.2_3
2019-10-18 07:01:38,507 [ForkJoinPool.commonPool-worker-0] INFO  impl.StateMachineUpdater (StateMachineUpdater.java:stopAndJoin(136)) - 46b9516a-dfd6-4e8f-8939-5a6242357177@group-E6C62F23FF1B-StateMachineUpdater: set stopIndex = 0
2019-10-18 07:01:38,509 [ForkJoinPool.commonPool-worker-0] INFO  impl.RaftServerImpl (ServerState.java:close(388)) - 46b9516a-dfd6-4e8f-8939-5a6242357177@group-E6C62F23FF1B: closes. applyIndex: 0
2019-10-18 07:01:38,511 [46b9516a-dfd6-4e8f-8939-5a6242357177@group-E6C62F23FF1B-SegmentedRaftLogWorker] INFO  segmented.SegmentedRaftLogWorker (SegmentedRaftLogWorker.java:run(316)) - 46b9516a-dfd6-4e8f-8939-5a6242357177@group-E6C62F23FF1B-SegmentedRaftLogWorker was interrupted, exiting. There are 0 tasks remaining in the queue.
2019-10-18 07:01:38,513 [ForkJoinPool.commonPool-worker-0] INFO  segmented.SegmentedRaftLogWorker (SegmentedRaftLogWorker.java:close(224)) - 46b9516a-dfd6-4e8f-8939-5a6242357177@group-E6C62F23FF1B-SegmentedRaftLogWorker close()
2019-10-18 07:01:38,628 [46b9516a-dfd6-4e8f-8939-5a6242357177@group-CAF408347A58-StateMachineUpdater] INFO  ratis.ContainerStateMachine (ContainerStateMachine.java:takeSnapshot(305)) - group-CAF408347A58: Finished taking a snapshot at:(t:2, i:3) file:/workdir/hadoop-ozone/integration-test/target/test-dir/MiniOzoneClusterImpl-e1e2c834-f325-487e-8a8a-8e8b7cc1d0d1/datanode-1/data/ratis/fe68d6de-2f7f-4088-a26e-caf408347a58/sm/snapshot.2_3 time:125
2019-10-18 07:01:38,629 [46b9516a-dfd6-4e8f-8939-5a6242357177@group-CAF408347A58-StateMachineUpdater] INFO  impl.StateMachineUpdater (StateMachineUpdater.java:takeSnapshot(269)) - 46b9516a-dfd6-4e8f-8939-5a6242357177@group-CAF408347A58-StateMachineUpdater: Took a snapshot at index 3
2019-10-18 07:01:38,630 [46b9516a-dfd6-4e8f-8939-5a6242357177@group-CAF408347A58-StateMachineUpdater] INFO  impl.StateMachineUpdater (StateMachineUpdater.java:lambda$new$0(84)) - 46b9516a-dfd6-4e8f-8939-5a6242357177@group-CAF408347A58-StateMachineUpdater: snapshotIndex: updateIncreasingly -1 -> 3
2019-10-18 07:01:38,635 [46b9516a-dfd6-4e8f-8939-5a6242357177@group-CAF408347A58-StateMachineUpdater] INFO  ratis.ContainerStateMachine (ContainerStateMachine.java:takeSnapshot(294)) - group-CAF408347A58: Taking a snapshot at:(t:2, i:3) file /workdir/hadoop-ozone/integration-test/target/test-dir/MiniOzoneClusterImpl-e1e2c834-f325-487e-8a8a-8e8b7cc1d0d1/datanode-1/data/ratis/fe68d6de-2f7f-4088-a26e-caf408347a58/sm/snapshot.2_3
2019-10-18 07:01:38,661 [46b9516a-dfd6-4e8f-8939-5a6242357177@group-CAF408347A58-StateMachineUpdater] INFO  ratis.ContainerStateMachine (ContainerStateMachine.java:takeSnapshot(305)) - group-CAF408347A58: Finished taking a snapshot at:(t:2, i:3) file:/workdir/hadoop-ozone/integration-test/target/test-dir/MiniOzoneClusterImpl-e1e2c834-f325-487e-8a8a-8e8b7cc1d0d1/datanode-1/data/ratis/fe68d6de-2f7f-4088-a26e-caf408347a58/sm/snapshot.2_3 time:27
2019-10-18 07:01:38,662 [46b9516a-dfd6-4e8f-8939-5a6242357177@group-CAF408347A58-StateMachineUpdater] INFO  impl.StateMachineUpdater (StateMachineUpdater.java:takeSnapshot(269)) - 46b9516a-dfd6-4e8f-8939-5a6242357177@group-CAF408347A58-StateMachineUpdater: Took a snapshot at index 3
2019-10-18 07:01:38,662 [46b9516a-dfd6-4e8f-8939-5a6242357177@group-CAF408347A58-StateMachineUpdater] INFO  impl.StateMachineUpdater (StateMachineUpdater.java:lambda$new$0(84)) - 46b9516a-dfd6-4e8f-8939-5a6242357177@group-CAF408347A58-StateMachineUpdater: snapshotIndex: updateIncreasingly 3 -> 3
2019-10-18 07:01:38,662 [main] INFO  impl.RaftServerImpl (ServerState.java:close(388)) - 46b9516a-dfd6-4e8f-8939-5a6242357177@group-CAF408347A58: closes. applyIndex: 4
2019-10-18 07:01:38,663 [46b9516a-dfd6-4e8f-8939-5a6242357177@group-CAF408347A58-SegmentedRaftLogWorker] INFO  segmented.SegmentedRaftLogWorker (SegmentedRaftLogWorker.java:run(316)) - 46b9516a-dfd6-4e8f-8939-5a6242357177@group-CAF408347A58-SegmentedRaftLogWorker was interrupted, exiting. There are 0 tasks remaining in the queue.
2019-10-18 07:01:38,664 [main] INFO  segmented.SegmentedRaftLogWorker (SegmentedRaftLogWorker.java:close(224)) - 46b9516a-dfd6-4e8f-8939-5a6242357177@group-CAF408347A58-SegmentedRaftLogWorker close()
2019-10-18 07:01:38,667 [main] INFO  server.GrpcService (GrpcService.java:closeImpl(164)) - 46b9516a-dfd6-4e8f-8939-5a6242357177: shutdown server with port 42762 now
2019-10-18 07:01:38,679 [grpc-default-executor-2] WARN  server.GrpcServerProtocolService (LogUtils.java:warn(134)) - 46b9516a-dfd6-4e8f-8939-5a6242357177: installSnapshot onError, lastRequest: 93f10d81-f4b6-4237-b2e6-6c2ccf8ca027->46b9516a-dfd6-4e8f-8939-5a6242357177#7-t2, previous=(t:2, i:4), leaderCommit=4, initializing? false, entries: <empty>: org.apache.ratis.thirdparty.io.grpc.StatusRuntimeException: CANCELLED: cancelled before receiving half close
2019-10-18 07:01:38,680 [main] INFO  server.GrpcService (GrpcService.java:closeImpl(172)) - 46b9516a-dfd6-4e8f-8939-5a6242357177: shutdown server with port 42762 successfully
2019-10-18 07:01:38,684 [grpc-default-executor-3] WARN  server.GrpcLogAppender (LogUtils.java:warn(134)) - 93f10d81-f4b6-4237-b2e6-6c2ccf8ca027@group-CAF408347A58->46b9516a-dfd6-4e8f-8939-5a6242357177-AppendLogResponseHandler: Failed appendEntries: org.apache.ratis.thirdparty.io.grpc.StatusRuntimeException: CANCELLED: HTTP/2 error code: CANCEL
Received Rst Stream
2019-10-18 07:01:38,684 [refreshUsed-/workdir/hadoop-ozone/integration-test/target/test-dir/MiniOzoneClusterImpl-e1e2c834-f325-487e-8a8a-8e8b7cc1d0d1/datanode-1/data/containers] WARN  fs.CachingGetSpaceUsed (CachingGetSpaceUsed.java:run(183)) - Thread Interrupted waiting to refresh disk information: sleep interrupted
2019-10-18 07:01:38,708 [main] INFO  utils.BackgroundService (BackgroundService.java:shutdown(151)) - Shutting down service BlockDeletingService
2019-10-18 07:01:38,714 [main] INFO  statemachine.DatanodeStateMachine (DatanodeStateMachine.java:stopDaemon(395)) - Ozone container server stopped.
2019-10-18 07:01:38,720 [main] INFO  handler.ContextHandler (ContextHandler.java:doStop(910)) - Stopped o.e.j.w.WebAppContext@7a0ef219{/,null,UNAVAILABLE}{/hddsDatanode}
2019-10-18 07:01:38,727 [main] INFO  server.AbstractConnector (AbstractConnector.java:doStop(318)) - Stopped ServerConnector@1b1f5012{HTTP/1.1,[http/1.1]}{0.0.0.0:0}
2019-10-18 07:01:38,728 [main] INFO  handler.ContextHandler (ContextHandler.java:doStop(910)) - Stopped o.e.j.s.ServletContextHandler@8851ce1{/static,jar:file:/home/user/.m2/repository/org/apache/hadoop/hadoop-hdds-container-service/0.5.0-SNAPSHOT/hadoop-hdds-container-service-0.5.0-SNAPSHOT.jar!/webapps/static,UNAVAILABLE}
2019-10-18 07:01:38,729 [main] INFO  handler.ContextHandler (ContextHandler.java:doStop(910)) - Stopped o.e.j.s.ServletContextHandler@5e65afb6{/logs,file:///workdir/hadoop-ozone/integration-test/target/log,UNAVAILABLE}
2019-10-18 07:01:41,736 [java.util.concurrent.ThreadPoolExecutor$Worker@35485c7f[State = -1, empty queue]] WARN  server.GrpcLogAppender (GrpcLogAppender.java:timeoutAppendRequest(209)) - 93f10d81-f4b6-4237-b2e6-6c2ccf8ca027@group-CAF408347A58->46b9516a-dfd6-4e8f-8939-5a6242357177-GrpcLogAppender: appendEntries Timeout, request=93f10d81-f4b6-4237-b2e6-6c2ccf8ca027->46b9516a-dfd6-4e8f-8939-5a6242357177#8-t2, previous=(t:2, i:4), leaderCommit=4, initializing? false, entries: size=1, first=(t:2, i:5), STATEMACHINELOGENTRY, client-79AC2A5FBE9C, cid=8
2019-10-18 07:01:41,737 [java.util.concurrent.ThreadPoolExecutor$Worker@35485c7f[State = -1, empty queue]] WARN  server.GrpcLogAppender (GrpcLogAppender.java:timeoutAppendRequest(209)) - 93f10d81-f4b6-4237-b2e6-6c2ccf8ca027@group-CAF408347A58->46b9516a-dfd6-4e8f-8939-5a6242357177-GrpcLogAppender: appendEntries Timeout, request=93f10d81-f4b6-4237-b2e6-6c2ccf8ca027->46b9516a-dfd6-4e8f-8939-5a6242357177#9-t2, previous=(t:2, i:5), leaderCommit=4, initializing? false, entries: size=1, first=(t:2, i:6), STATEMACHINELOGENTRY, client-79AC2A5FBE9C, cid=9
2019-10-18 07:01:41,750 [java.util.concurrent.ThreadPoolExecutor$Worker@35485c7f[State = -1, empty queue]] WARN  server.GrpcLogAppender (GrpcLogAppender.java:timeoutAppendRequest(209)) - 93f10d81-f4b6-4237-b2e6-6c2ccf8ca027@group-CAF408347A58->46b9516a-dfd6-4e8f-8939-5a6242357177-GrpcLogAppender: appendEntries Timeout, request=93f10d81-f4b6-4237-b2e6-6c2ccf8ca027->46b9516a-dfd6-4e8f-8939-5a6242357177#10-t2, previous=(t:2, i:6), leaderCommit=6, initializing? false, entries: size=1, first=(t:2, i:7), METADATAENTRY(c5)
2019-10-18 07:01:41,752 [java.util.concurrent.ThreadPoolExecutor$Worker@35485c7f[State = -1, empty queue]] WARN  server.GrpcLogAppender (GrpcLogAppender.java:timeoutAppendRequest(209)) - 93f10d81-f4b6-4237-b2e6-6c2ccf8ca027@group-CAF408347A58->46b9516a-dfd6-4e8f-8939-5a6242357177-GrpcLogAppender: appendEntries Timeout, request=93f10d81-f4b6-4237-b2e6-6c2ccf8ca027->46b9516a-dfd6-4e8f-8939-5a6242357177#11-t2, previous=(t:2, i:7), leaderCommit=6, initializing? false, entries: size=1, first=(t:2, i:8), METADATAENTRY(c6)
2019-10-18 07:01:44,253 [java.util.concurrent.ThreadPoolExecutor$Worker@35485c7f[State = -1, empty queue]] WARN  server.GrpcLogAppender (GrpcLogAppender.java:timeoutAppendRequest(209)) - 93f10d81-f4b6-4237-b2e6-6c2ccf8ca027@group-CAF408347A58->46b9516a-dfd6-4e8f-8939-5a6242357177-GrpcLogAppender: appendEntries Timeout, request=93f10d81-f4b6-4237-b2e6-6c2ccf8ca027->46b9516a-dfd6-4e8f-8939-5a6242357177#12-t2, previous=(t:2, i:8), leaderCommit=8, initializing? false, entries: <empty>
2019-10-18 07:01:46,755 [java.util.concurrent.ThreadPoolExecutor$Worker@35485c7f[State = -1, empty queue]] WARN  server.GrpcLogAppender (GrpcLogAppender.java:timeoutAppendRequest(209)) - 93f10d81-f4b6-4237-b2e6-6c2ccf8ca027@group-CAF408347A58->46b9516a-dfd6-4e8f-8939-5a6242357177-GrpcLogAppender: appendEntries Timeout, request=93f10d81-f4b6-4237-b2e6-6c2ccf8ca027->46b9516a-dfd6-4e8f-8939-5a6242357177#13-t2, previous=(t:2, i:8), leaderCommit=8, initializing? false, entries: <empty>
2019-10-18 07:01:47,787 [Thread-292] INFO  client.GrpcClientProtocolService (GrpcClientProtocolService.java:lambda$processClientRequest$0(278)) - Failed RaftClientRequest:client-79AC2A5FBE9C->f69cf638-138d-4576-91da-2cd882e57eee@group-CAF408347A58, cid=10, seq=0, Watch-ALL_COMMITTED(6), Message:<EMPTY>, reply=RaftClientReply:client-79AC2A5FBE9C->f69cf638-138d-4576-91da-2cd882e57eee@group-CAF408347A58, cid=10, FAILED org.apache.ratis.protocol.NotLeaderException: Server f69cf638-138d-4576-91da-2cd882e57eee@group-CAF408347A58 is not the leader 93f10d81-f4b6-4237-b2e6-6c2ccf8ca027:192.168.34.25:43753, logIndex=0, commits[f69cf638-138d-4576-91da-2cd882e57eee:c8, 46b9516a-dfd6-4e8f-8939-5a6242357177:c4, 93f10d81-f4b6-4237-b2e6-6c2ccf8ca027:c8]
2019-10-18 07:01:49,255 [java.util.concurrent.ThreadPoolExecutor$Worker@35485c7f[State = -1, empty queue]] WARN  server.GrpcLogAppender (GrpcLogAppender.java:timeoutAppendRequest(209)) - 93f10d81-f4b6-4237-b2e6-6c2ccf8ca027@group-CAF408347A58->46b9516a-dfd6-4e8f-8939-5a6242357177-GrpcLogAppender: appendEntries Timeout, request=93f10d81-f4b6-4237-b2e6-6c2ccf8ca027->46b9516a-dfd6-4e8f-8939-5a6242357177#14-t2, previous=(t:2, i:8), leaderCommit=8, initializing? false, entries: <empty>
2019-10-18 07:01:49,763 [Thread-296] INFO  client.GrpcClientProtocolService (GrpcClientProtocolService.java:lambda$processClientRequest$0(278)) - Failed RaftClientRequest:client-79AC2A5FBE9C->93f10d81-f4b6-4237-b2e6-6c2ccf8ca027@group-CAF408347A58, cid=10, seq=0, Watch-ALL_COMMITTED(6), Message:<EMPTY>, reply=RaftClientReply:client-79AC2A5FBE9C->93f10d81-f4b6-4237-b2e6-6c2ccf8ca027@group-CAF408347A58, cid=10, FAILED org.apache.ratis.protocol.NotReplicatedException: Request with call Id 10 and log index 6 is not yet replicated to ALL_COMMITTED, logIndex=6, commits[93f10d81-f4b6-4237-b2e6-6c2ccf8ca027:c8, f69cf638-138d-4576-91da-2cd882e57eee:c8, 46b9516a-dfd6-4e8f-8939-5a6242357177:c4]
2019-10-18 07:01:51,757 [java.util.concurrent.ThreadPoolExecutor$Worker@35485c7f[State = -1, empty queue]] WARN  server.GrpcLogAppender (GrpcLogAppender.java:timeoutAppendRequest(209)) - 93f10d81-f4b6-4237-b2e6-6c2ccf8ca027@group-CAF408347A58->46b9516a-dfd6-4e8f-8939-5a6242357177-GrpcLogAppender: appendEntries Timeout, request=93f10d81-f4b6-4237-b2e6-6c2ccf8ca027->46b9516a-dfd6-4e8f-8939-5a6242357177#15-t2, previous=(t:2, i:8), leaderCommit=8, initializing? false, entries: <empty>
2019-10-18 07:01:54,258 [java.util.concurrent.ThreadPoolExecutor$Worker@35485c7f[State = -1, empty queue]] WARN  server.GrpcLogAppender (GrpcLogAppender.java:timeoutAppendRequest(209)) - 93f10d81-f4b6-4237-b2e6-6c2ccf8ca027@group-CAF408347A58->46b9516a-dfd6-4e8f-8939-5a6242357177-GrpcLogAppender: appendEntries Timeout, request=93f10d81-f4b6-4237-b2e6-6c2ccf8ca027->46b9516a-dfd6-4e8f-8939-5a6242357177#16-t2, previous=(t:2, i:8), leaderCommit=8, initializing? false, entries: <empty>
2019-10-18 07:01:56,759 [java.util.concurrent.ThreadPoolExecutor$Worker@35485c7f[State = -1, empty queue]] WARN  server.GrpcLogAppender (GrpcLogAppender.java:timeoutAppendRequest(209)) - 93f10d81-f4b6-4237-b2e6-6c2ccf8ca027@group-CAF408347A58->46b9516a-dfd6-4e8f-8939-5a6242357177-GrpcLogAppender: appendEntries Timeout, request=93f10d81-f4b6-4237-b2e6-6c2ccf8ca027->46b9516a-dfd6-4e8f-8939-5a6242357177#17-t2, previous=(t:2, i:8), leaderCommit=8, initializing? false, entries: <empty>
2019-10-18 07:01:57,843 [Thread-304] INFO  client.GrpcClientProtocolService (GrpcClientProtocolService.java:lambda$processClientRequest$0(278)) - Failed RaftClientRequest:client-79AC2A5FBE9C->f69cf638-138d-4576-91da-2cd882e57eee@group-CAF408347A58, cid=10, seq=0, Watch-ALL_COMMITTED(6), Message:<EMPTY>, reply=RaftClientReply:client-79AC2A5FBE9C->f69cf638-138d-4576-91da-2cd882e57eee@group-CAF408347A58, cid=10, FAILED org.apache.ratis.protocol.NotLeaderException: Server f69cf638-138d-4576-91da-2cd882e57eee@group-CAF408347A58 is not the leader 93f10d81-f4b6-4237-b2e6-6c2ccf8ca027:192.168.34.25:43753, logIndex=0, commits[f69cf638-138d-4576-91da-2cd882e57eee:c8, 46b9516a-dfd6-4e8f-8939-5a6242357177:c4, 93f10d81-f4b6-4237-b2e6-6c2ccf8ca027:c8]
2019-10-18 07:01:58,755 [Thread-307] INFO  client.GrpcClientProtocolService (GrpcClientProtocolService.java:lambda$processClientRequest$0(278)) - Failed RaftClientRequest:client-79AC2A5FBE9C->93f10d81-f4b6-4237-b2e6-6c2ccf8ca027@group-CAF408347A58, cid=10, seq=0, Watch-ALL_COMMITTED(6), Message:<EMPTY>, reply=RaftClientReply:client-79AC2A5FBE9C->93f10d81-f4b6-4237-b2e6-6c2ccf8ca027@group-CAF408347A58, cid=10, FAILED org.apache.ratis.protocol.NotReplicatedException: Request with call Id 10 and log index 6 is not yet replicated to ALL_COMMITTED, logIndex=6, commits[93f10d81-f4b6-4237-b2e6-6c2ccf8ca027:c8, f69cf638-138d-4576-91da-2cd882e57eee:c8, 46b9516a-dfd6-4e8f-8939-5a6242357177:c4]
2019-10-18 07:01:59,260 [java.util.concurrent.ThreadPoolExecutor$Worker@35485c7f[State = -1, empty queue]] WARN  server.GrpcLogAppender (GrpcLogAppender.java:timeoutAppendRequest(209)) - 93f10d81-f4b6-4237-b2e6-6c2ccf8ca027@group-CAF408347A58->46b9516a-dfd6-4e8f-8939-5a6242357177-GrpcLogAppender: appendEntries Timeout, request=93f10d81-f4b6-4237-b2e6-6c2ccf8ca027->46b9516a-dfd6-4e8f-8939-5a6242357177#18-t2, previous=(t:2, i:8), leaderCommit=8, initializing? false, entries: <empty>
2019-10-18 07:02:01,760 [java.util.concurrent.ThreadPoolExecutor$Worker@35485c7f[State = -1, empty queue]] WARN  server.GrpcLogAppender (GrpcLogAppender.java:timeoutAppendRequest(209)) - 93f10d81-f4b6-4237-b2e6-6c2ccf8ca027@group-CAF408347A58->46b9516a-dfd6-4e8f-8939-5a6242357177-GrpcLogAppender: appendEntries Timeout, request=93f10d81-f4b6-4237-b2e6-6c2ccf8ca027->46b9516a-dfd6-4e8f-8939-5a6242357177#19-t2, previous=(t:2, i:8), leaderCommit=8, initializing? false, entries: <empty>
2019-10-18 07:02:04,264 [java.util.concurrent.ThreadPoolExecutor$Worker@35485c7f[State = -1, empty queue]] WARN  server.GrpcLogAppender (GrpcLogAppender.java:timeoutAppendRequest(209)) - 93f10d81-f4b6-4237-b2e6-6c2ccf8ca027@group-CAF408347A58->46b9516a-dfd6-4e8f-8939-5a6242357177-GrpcLogAppender: appendEntries Timeout, request=93f10d81-f4b6-4237-b2e6-6c2ccf8ca027->46b9516a-dfd6-4e8f-8939-5a6242357177#20-t2, previous=(t:2, i:8), leaderCommit=8, initializing? false, entries: <empty>
2019-10-18 07:02:06,766 [java.util.concurrent.ThreadPoolExecutor$Worker@35485c7f[State = -1, empty queue]] WARN  server.GrpcLogAppender (GrpcLogAppender.java:timeoutAppendRequest(209)) - 93f10d81-f4b6-4237-b2e6-6c2ccf8ca027@group-CAF408347A58->46b9516a-dfd6-4e8f-8939-5a6242357177-GrpcLogAppender: appendEntries Timeout, request=93f10d81-f4b6-4237-b2e6-6c2ccf8ca027->46b9516a-dfd6-4e8f-8939-5a6242357177#21-t2, previous=(t:2, i:8), leaderCommit=8, initializing? false, entries: <empty>
2019-10-18 07:02:06,881 [Thread-314] INFO  client.GrpcClientProtocolService (GrpcClientProtocolService.java:lambda$processClientRequest$0(278)) - Failed RaftClientRequest:client-79AC2A5FBE9C->f69cf638-138d-4576-91da-2cd882e57eee@group-CAF408347A58, cid=10, seq=0, Watch-ALL_COMMITTED(6), Message:<EMPTY>, reply=RaftClientReply:client-79AC2A5FBE9C->f69cf638-138d-4576-91da-2cd882e57eee@group-CAF408347A58, cid=10, FAILED org.apache.ratis.protocol.NotLeaderException: Server f69cf638-138d-4576-91da-2cd882e57eee@group-CAF408347A58 is not the leader 93f10d81-f4b6-4237-b2e6-6c2ccf8ca027:192.168.34.25:43753, logIndex=0, commits[f69cf638-138d-4576-91da-2cd882e57eee:c8, 46b9516a-dfd6-4e8f-8939-5a6242357177:c4, 93f10d81-f4b6-4237-b2e6-6c2ccf8ca027:c8]
2019-10-18 07:02:08,757 [Thread-317] INFO  client.GrpcClientProtocolService (GrpcClientProtocolService.java:lambda$processClientRequest$0(278)) - Failed RaftClientRequest:client-79AC2A5FBE9C->93f10d81-f4b6-4237-b2e6-6c2ccf8ca027@group-CAF408347A58, cid=10, seq=0, Watch-ALL_COMMITTED(6), Message:<EMPTY>, reply=RaftClientReply:client-79AC2A5FBE9C->93f10d81-f4b6-4237-b2e6-6c2ccf8ca027@group-CAF408347A58, cid=10, FAILED org.apache.ratis.protocol.NotReplicatedException: Request with call Id 10 and log index 6 is not yet replicated to ALL_COMMITTED, logIndex=6, commits[93f10d81-f4b6-4237-b2e6-6c2ccf8ca027:c8, f69cf638-138d-4576-91da-2cd882e57eee:c8, 46b9516a-dfd6-4e8f-8939-5a6242357177:c4]
2019-10-18 07:02:08,768 [main] WARN  scm.XceiverClientRatis (XceiverClientRatis.java:watchForCommit(277)) - 3 way commit failed on pipeline Pipeline[ Id: fe68d6de-2f7f-4088-a26e-caf408347a58, Nodes: 93f10d81-f4b6-4237-b2e6-6c2ccf8ca027{ip: 192.168.34.25, host: pr-hdds-2318-jnjn8-2612408985, networkLocation: /default-rack, certSerialId: null}46b9516a-dfd6-4e8f-8939-5a6242357177{ip: 192.168.34.25, host: pr-hdds-2318-jnjn8-2612408985, networkLocation: /default-rack, certSerialId: null}f69cf638-138d-4576-91da-2cd882e57eee{ip: 192.168.34.25, host: pr-hdds-2318-jnjn8-2612408985, networkLocation: /default-rack, certSerialId: null}, Type:RATIS, Factor:THREE, State:OPEN]
java.util.concurrent.TimeoutException
	at java.util.concurrent.CompletableFuture.timedGet(CompletableFuture.java:1771)
	at java.util.concurrent.CompletableFuture.get(CompletableFuture.java:1915)
	at org.apache.hadoop.hdds.scm.XceiverClientRatis.watchForCommit(XceiverClientRatis.java:274)
	at org.apache.hadoop.hdds.scm.storage.CommitWatcher.watchForCommit(CommitWatcher.java:198)
	at org.apache.hadoop.hdds.scm.storage.CommitWatcher.watchOnLastIndex(CommitWatcher.java:161)
	at org.apache.hadoop.hdds.scm.storage.BlockOutputStream.watchForCommit(BlockOutputStream.java:346)
	at org.apache.hadoop.hdds.scm.storage.BlockOutputStream.handleFlush(BlockOutputStream.java:482)
	at org.apache.hadoop.hdds.scm.storage.BlockOutputStream.close(BlockOutputStream.java:496)
	at org.apache.hadoop.ozone.client.io.BlockOutputStreamEntry.close(BlockOutputStreamEntry.java:143)
	at org.apache.hadoop.ozone.client.io.KeyOutputStream.handleFlushOrClose(KeyOutputStream.java:435)
	at org.apache.hadoop.ozone.client.io.KeyOutputStream.close(KeyOutputStream.java:473)
	at org.apache.hadoop.ozone.client.io.OzoneOutputStream.close(OzoneOutputStream.java:60)
	at org.apache.hadoop.ozone.client.rpc.TestDeleteWithSlowFollower.testDeleteKeyWithSlowFollower(TestDeleteWithSlowFollower.java:193)
	at sun.reflect.NativeMethodAccessorImpl.invoke0(Native Method)
	at sun.reflect.NativeMethodAccessorImpl.invoke(NativeMethodAccessorImpl.java:62)
	at sun.reflect.DelegatingMethodAccessorImpl.invoke(DelegatingMethodAccessorImpl.java:43)
	at java.lang.reflect.Method.invoke(Method.java:498)
	at org.junit.runners.model.FrameworkMethod$1.runReflectiveCall(FrameworkMethod.java:47)
	at org.junit.internal.runners.model.ReflectiveCallable.run(ReflectiveCallable.java:12)
	at org.junit.runners.model.FrameworkMethod.invokeExplosively(FrameworkMethod.java:44)
	at org.junit.internal.runners.statements.InvokeMethod.evaluate(InvokeMethod.java:17)
	at org.junit.runners.ParentRunner.runLeaf(ParentRunner.java:271)
	at org.junit.runners.BlockJUnit4ClassRunner.runChild(BlockJUnit4ClassRunner.java:70)
	at org.junit.runners.BlockJUnit4ClassRunner.runChild(BlockJUnit4ClassRunner.java:50)
	at org.junit.runners.ParentRunner$3.run(ParentRunner.java:238)
	at org.junit.runners.ParentRunner$1.schedule(ParentRunner.java:63)
	at org.junit.runners.ParentRunner.runChildren(ParentRunner.java:236)
	at org.junit.runners.ParentRunner.access$000(ParentRunner.java:53)
	at org.junit.runners.ParentRunner$2.evaluate(ParentRunner.java:229)
	at org.junit.internal.runners.statements.RunBefores.evaluate(RunBefores.java:26)
	at org.junit.internal.runners.statements.RunAfters.evaluate(RunAfters.java:27)
	at org.junit.runners.ParentRunner.run(ParentRunner.java:309)
	at org.apache.maven.surefire.junit4.JUnit4Provider.execute(JUnit4Provider.java:365)
	at org.apache.maven.surefire.junit4.JUnit4Provider.executeWithRerun(JUnit4Provider.java:273)
	at org.apache.maven.surefire.junit4.JUnit4Provider.executeTestSet(JUnit4Provider.java:238)
	at org.apache.maven.surefire.junit4.JUnit4Provider.invoke(JUnit4Provider.java:159)
	at org.apache.maven.surefire.booter.ForkedBooter.invokeProviderInSameClassLoader(ForkedBooter.java:384)
	at org.apache.maven.surefire.booter.ForkedBooter.runSuitesInProcess(ForkedBooter.java:345)
	at org.apache.maven.surefire.booter.ForkedBooter.execute(ForkedBooter.java:126)
	at org.apache.maven.surefire.booter.ForkedBooter.main(ForkedBooter.java:418)
2019-10-18 07:02:08,785 [main] INFO  scm.XceiverClientRatis (XceiverClientRatis.java:lambda$watchForCommit$5(295)) - Could not commit index 6 on pipeline Pipeline[ Id: fe68d6de-2f7f-4088-a26e-caf408347a58, Nodes: 93f10d81-f4b6-4237-b2e6-6c2ccf8ca027{ip: 192.168.34.25, host: pr-hdds-2318-jnjn8-2612408985, networkLocation: /default-rack, certSerialId: null}46b9516a-dfd6-4e8f-8939-5a6242357177{ip: 192.168.34.25, host: pr-hdds-2318-jnjn8-2612408985, networkLocation: /default-rack, certSerialId: null}f69cf638-138d-4576-91da-2cd882e57eee{ip: 192.168.34.25, host: pr-hdds-2318-jnjn8-2612408985, networkLocation: /default-rack, certSerialId: null}, Type:RATIS, Factor:THREE, State:OPEN] to all the nodes. Server 46b9516a-dfd6-4e8f-8939-5a6242357177 has failed. Committed by majority.
2019-10-18 07:02:08,786 [main] WARN  storage.BlockOutputStream (BlockOutputStream.java:watchForCommit(352)) - Failed to commit BlockId conID: 1 locID: 102982096836755456 bcsId: 6 on Pipeline[ Id: fe68d6de-2f7f-4088-a26e-caf408347a58, Nodes: 93f10d81-f4b6-4237-b2e6-6c2ccf8ca027{ip: 192.168.34.25, host: pr-hdds-2318-jnjn8-2612408985, networkLocation: /default-rack, certSerialId: null}46b9516a-dfd6-4e8f-8939-5a6242357177{ip: 192.168.34.25, host: pr-hdds-2318-jnjn8-2612408985, networkLocation: /default-rack, certSerialId: null}f69cf638-138d-4576-91da-2cd882e57eee{ip: 192.168.34.25, host: pr-hdds-2318-jnjn8-2612408985, networkLocation: /default-rack, certSerialId: null}, Type:RATIS, Factor:THREE, State:OPEN]. Failed nodes: [46b9516a-dfd6-4e8f-8939-5a6242357177{ip: null, host: null, networkLocation: /default-rack, certSerialId: null}]
2019-10-18 07:02:08,875 [EventQueue-IncrementalContainerReportForIncrementalContainerReportHandler] WARN  container.IncrementalContainerReportHandler (AbstractContainerReportHandler.java:updateContainerState(145)) - Container #1 is in OPEN state, but the datanode 93f10d81-f4b6-4237-b2e6-6c2ccf8ca027{ip: 192.168.34.25, host: pr-hdds-2318-jnjn8-2612408985, networkLocation: /default-rack, certSerialId: null} reports an CLOSING replica.
2019-10-18 07:02:08,890 [RatisApplyTransactionExecutor 1] INFO  interfaces.Container (KeyValueContainer.java:flushAndSyncDB(386)) - Container 1 is synced with bcsId 6.
2019-10-18 07:02:08,891 [RatisApplyTransactionExecutor 1] INFO  interfaces.Container (KeyValueContainer.java:flushAndSyncDB(386)) - Container 1 is synced with bcsId 6.
2019-10-18 07:02:08,891 [EventQueue-IncrementalContainerReportForIncrementalContainerReportHandler] WARN  container.IncrementalContainerReportHandler (AbstractContainerReportHandler.java:updateContainerState(145)) - Container #1 is in OPEN state, but the datanode f69cf638-138d-4576-91da-2cd882e57eee{ip: 192.168.34.25, host: pr-hdds-2318-jnjn8-2612408985, networkLocation: /default-rack, certSerialId: null} reports an CLOSING replica.
2019-10-18 07:02:08,906 [RatisApplyTransactionExecutor 1] INFO  interfaces.Container (KeyValueContainer.java:flushAndSyncDB(386)) - Container 1 is synced with bcsId 6.
2019-10-18 07:02:08,907 [RatisApplyTransactionExecutor 1] INFO  interfaces.Container (KeyValueContainer.java:flushAndSyncDB(386)) - Container 1 is synced with bcsId 6.
2019-10-18 07:02:08,925 [RatisApplyTransactionExecutor 1] INFO  interfaces.Container (KeyValueContainer.java:close(335)) - Container 1 is closed with bcsId 6.
2019-10-18 07:02:08,925 [RatisApplyTransactionExecutor 1] INFO  interfaces.Container (KeyValueContainer.java:close(335)) - Container 1 is closed with bcsId 6.
2019-10-18 07:02:08,929 [EventQueue-IncrementalContainerReportForIncrementalContainerReportHandler] WARN  container.IncrementalContainerReportHandler (AbstractContainerReportHandler.java:updateContainerState(145)) - Container #1 is in OPEN state, but the datanode 93f10d81-f4b6-4237-b2e6-6c2ccf8ca027{ip: 192.168.34.25, host: pr-hdds-2318-jnjn8-2612408985, networkLocation: /default-rack, certSerialId: null} reports an CLOSED replica.
2019-10-18 07:02:08,929 [EventQueue-IncrementalContainerReportForIncrementalContainerReportHandler] WARN  container.IncrementalContainerReportHandler (AbstractContainerReportHandler.java:updateContainerState(145)) - Container #1 is in OPEN state, but the datanode f69cf638-138d-4576-91da-2cd882e57eee{ip: 192.168.34.25, host: pr-hdds-2318-jnjn8-2612408985, networkLocation: /default-rack, certSerialId: null} reports an CLOSED replica.
2019-10-18 07:02:08,936 [BlockDeletingService#2] WARN  background.BlockDeletingService (BlockDeletingService.java:isDeletionAllowed(187)) - Close Container log Index 6 is not replicated across allthe servers in the pipeline fe68d6de-2f7f-4088-a26e-caf408347a58 as the min replicated index is 4. Deletion is not allowed in this container yet.
2019-10-18 07:02:08,940 [BlockDeletingService#2] WARN  background.BlockDeletingService (BlockDeletingService.java:isDeletionAllowed(187)) - Close Container log Index 6 is not replicated across allthe servers in the pipeline fe68d6de-2f7f-4088-a26e-caf408347a58 as the min replicated index is 4. Deletion is not allowed in this container yet.
2019-10-18 07:02:09,127 [EventQueue-ContainerReportForContainerReportHandler] WARN  container.ContainerReportHandler (AbstractContainerReportHandler.java:updateContainerState(145)) - Container #1 is in OPEN state, but the datanode 93f10d81-f4b6-4237-b2e6-6c2ccf8ca027{ip: 192.168.34.25, host: pr-hdds-2318-jnjn8-2612408985, networkLocation: /default-rack, certSerialId: null} reports an CLOSED replica.
2019-10-18 07:02:09,226 [EventQueue-ContainerReportForContainerReportHandler] WARN  container.ContainerReportHandler (AbstractContainerReportHandler.java:updateContainerState(145)) - Container #1 is in OPEN state, but the datanode f69cf638-138d-4576-91da-2cd882e57eee{ip: 192.168.34.25, host: pr-hdds-2318-jnjn8-2612408985, networkLocation: /default-rack, certSerialId: null} reports an CLOSED replica.
2019-10-18 07:02:09,269 [java.util.concurrent.ThreadPoolExecutor$Worker@35485c7f[State = -1, empty queue]] WARN  server.GrpcLogAppender (GrpcLogAppender.java:timeoutAppendRequest(209)) - 93f10d81-f4b6-4237-b2e6-6c2ccf8ca027@group-CAF408347A58->46b9516a-dfd6-4e8f-8939-5a6242357177-GrpcLogAppender: appendEntries Timeout, request=93f10d81-f4b6-4237-b2e6-6c2ccf8ca027->46b9516a-dfd6-4e8f-8939-5a6242357177#22-t2, previous=(t:2, i:8), leaderCommit=8, initializing? false, entries: <empty>
2019-10-18 07:02:09,526 [EventQueue-ContainerReportForContainerReportHandler] WARN  container.ContainerReportHandler (AbstractContainerReportHandler.java:updateContainerState(145)) - Container #1 is in OPEN state, but the datanode 93f10d81-f4b6-4237-b2e6-6c2ccf8ca027{ip: 192.168.34.25, host: pr-hdds-2318-jnjn8-2612408985, networkLocation: /default-rack, certSerialId: null} reports an CLOSED replica.
2019-10-18 07:02:09,527 [EventQueue-ContainerReportForContainerReportHandler] WARN  container.ContainerReportHandler (AbstractContainerReportHandler.java:updateContainerState(145)) - Container #1 is in OPEN state, but the datanode f69cf638-138d-4576-91da-2cd882e57eee{ip: 192.168.34.25, host: pr-hdds-2318-jnjn8-2612408985, networkLocation: /default-rack, certSerialId: null} reports an CLOSED replica.
2019-10-18 07:02:09,693 [IPC Server handler 18 on 44071] INFO  server.SCMBlockProtocolServer (SCMBlockProtocolServer.java:deleteKeyBlocks(212)) - SCM is informed by OM to delete 1 blocks
2019-10-18 07:02:09,693 [IPC Server handler 18 on 44071] INFO  block.BlockManagerImpl (BlockManagerImpl.java:deleteBlocks(285)) - Deleting blocks conID: 1 locID: 102982096836755456 bcsId: 0
2019-10-18 07:02:09,827 [EventQueue-ContainerReportForContainerReportHandler] WARN  container.ContainerReportHandler (AbstractContainerReportHandler.java:updateContainerState(145)) - Container #1 is in OPEN state, but the datanode f69cf638-138d-4576-91da-2cd882e57eee{ip: 192.168.34.25, host: pr-hdds-2318-jnjn8-2612408985, networkLocation: /default-rack, certSerialId: null} reports an CLOSED replica.
2019-10-18 07:02:09,827 [EventQueue-ContainerReportForContainerReportHandler] WARN  container.ContainerReportHandler (AbstractContainerReportHandler.java:updateContainerState(145)) - Container #1 is in OPEN state, but the datanode 93f10d81-f4b6-4237-b2e6-6c2ccf8ca027{ip: 192.168.34.25, host: pr-hdds-2318-jnjn8-2612408985, networkLocation: /default-rack, certSerialId: null} reports an CLOSED replica.
2019-10-18 07:02:09,939 [BlockDeletingService#2] WARN  background.BlockDeletingService (BlockDeletingService.java:isDeletionAllowed(187)) - Close Container log Index 6 is not replicated across allthe servers in the pipeline fe68d6de-2f7f-4088-a26e-caf408347a58 as the min replicated index is 4. Deletion is not allowed in this container yet.
2019-10-18 07:02:09,941 [BlockDeletingService#2] WARN  background.BlockDeletingService (BlockDeletingService.java:isDeletionAllowed(187)) - Close Container log Index 6 is not replicated across allthe servers in the pipeline fe68d6de-2f7f-4088-a26e-caf408347a58 as the min replicated index is 4. Deletion is not allowed in this container yet.
2019-10-18 07:02:10,126 [EventQueue-ContainerReportForContainerReportHandler] WARN  container.ContainerReportHandler (AbstractContainerReportHandler.java:updateContainerState(145)) - Container #1 is in OPEN state, but the datanode f69cf638-138d-4576-91da-2cd882e57eee{ip: 192.168.34.25, host: pr-hdds-2318-jnjn8-2612408985, networkLocation: /default-rack, certSerialId: null} reports an CLOSED replica.
2019-10-18 07:02:10,127 [EventQueue-ContainerReportForContainerReportHandler] WARN  container.ContainerReportHandler (AbstractContainerReportHandler.java:updateContainerState(145)) - Container #1 is in OPEN state, but the datanode 93f10d81-f4b6-4237-b2e6-6c2ccf8ca027{ip: 192.168.34.25, host: pr-hdds-2318-jnjn8-2612408985, networkLocation: /default-rack, certSerialId: null} reports an CLOSED replica.
2019-10-18 07:02:10,327 [EventQueue-ContainerReportForContainerReportHandler] WARN  container.ContainerReportHandler (AbstractContainerReportHandler.java:updateContainerState(145)) - Container #1 is in OPEN state, but the datanode 93f10d81-f4b6-4237-b2e6-6c2ccf8ca027{ip: 192.168.34.25, host: pr-hdds-2318-jnjn8-2612408985, networkLocation: /default-rack, certSerialId: null} reports an CLOSED replica.
2019-10-18 07:02:10,427 [EventQueue-ContainerReportForContainerReportHandler] WARN  container.ContainerReportHandler (AbstractContainerReportHandler.java:updateContainerState(145)) - Container #1 is in OPEN state, but the datanode f69cf638-138d-4576-91da-2cd882e57eee{ip: 192.168.34.25, host: pr-hdds-2318-jnjn8-2612408985, networkLocation: /default-rack, certSerialId: null} reports an CLOSED replica.
2019-10-18 07:02:10,626 [EventQueue-ContainerReportForContainerReportHandler] WARN  container.ContainerReportHandler (AbstractContainerReportHandler.java:updateContainerState(145)) - Container #1 is in OPEN state, but the datanode 93f10d81-f4b6-4237-b2e6-6c2ccf8ca027{ip: 192.168.34.25, host: pr-hdds-2318-jnjn8-2612408985, networkLocation: /default-rack, certSerialId: null} reports an CLOSED replica.
2019-10-18 07:02:10,827 [EventQueue-ContainerReportForContainerReportHandler] WARN  container.ContainerReportHandler (AbstractContainerReportHandler.java:updateContainerState(145)) - Container #1 is in OPEN state, but the datanode f69cf638-138d-4576-91da-2cd882e57eee{ip: 192.168.34.25, host: pr-hdds-2318-jnjn8-2612408985, networkLocation: /default-rack, certSerialId: null} reports an CLOSED replica.
2019-10-18 07:02:10,940 [BlockDeletingService#2] WARN  background.BlockDeletingService (BlockDeletingService.java:isDeletionAllowed(187)) - Close Container log Index 6 is not replicated across allthe servers in the pipeline fe68d6de-2f7f-4088-a26e-caf408347a58 as the min replicated index is 4. Deletion is not allowed in this container yet.
2019-10-18 07:02:10,943 [BlockDeletingService#2] WARN  background.BlockDeletingService (BlockDeletingService.java:isDeletionAllowed(187)) - Close Container log Index 6 is not replicated across allthe servers in the pipeline fe68d6de-2f7f-4088-a26e-caf408347a58 as the min replicated index is 4. Deletion is not allowed in this container yet.
2019-10-18 07:02:11,027 [EventQueue-ContainerReportForContainerReportHandler] WARN  container.ContainerReportHandler (AbstractContainerReportHandler.java:updateContainerState(145)) - Container #1 is in OPEN state, but the datanode 93f10d81-f4b6-4237-b2e6-6c2ccf8ca027{ip: 192.168.34.25, host: pr-hdds-2318-jnjn8-2612408985, networkLocation: /default-rack, certSerialId: null} reports an CLOSED replica.
2019-10-18 07:02:11,128 [EventQueue-ContainerReportForContainerReportHandler] WARN  container.ContainerReportHandler (AbstractContainerReportHandler.java:updateContainerState(145)) - Container #1 is in OPEN state, but the datanode f69cf638-138d-4576-91da-2cd882e57eee{ip: 192.168.34.25, host: pr-hdds-2318-jnjn8-2612408985, networkLocation: /default-rack, certSerialId: null} reports an CLOSED replica.
2019-10-18 07:02:11,329 [EventQueue-ContainerReportForContainerReportHandler] WARN  container.ContainerReportHandler (AbstractContainerReportHandler.java:updateContainerState(145)) - Container #1 is in OPEN state, but the datanode 93f10d81-f4b6-4237-b2e6-6c2ccf8ca027{ip: 192.168.34.25, host: pr-hdds-2318-jnjn8-2612408985, networkLocation: /default-rack, certSerialId: null} reports an CLOSED replica.
2019-10-18 07:02:11,529 [EventQueue-ContainerReportForContainerReportHandler] WARN  container.ContainerReportHandler (AbstractContainerReportHandler.java:updateContainerState(145)) - Container #1 is in OPEN state, but the datanode 93f10d81-f4b6-4237-b2e6-6c2ccf8ca027{ip: 192.168.34.25, host: pr-hdds-2318-jnjn8-2612408985, networkLocation: /default-rack, certSerialId: null} reports an CLOSED replica.
2019-10-18 07:02:11,529 [EventQueue-ContainerReportForContainerReportHandler] WARN  container.ContainerReportHandler (AbstractContainerReportHandler.java:updateContainerState(145)) - Container #1 is in OPEN state, but the datanode f69cf638-138d-4576-91da-2cd882e57eee{ip: 192.168.34.25, host: pr-hdds-2318-jnjn8-2612408985, networkLocation: /default-rack, certSerialId: null} reports an CLOSED replica.
2019-10-18 07:02:11,770 [java.util.concurrent.ThreadPoolExecutor$Worker@35485c7f[State = -1, empty queue]] WARN  server.GrpcLogAppender (GrpcLogAppender.java:timeoutAppendRequest(209)) - 93f10d81-f4b6-4237-b2e6-6c2ccf8ca027@group-CAF408347A58->46b9516a-dfd6-4e8f-8939-5a6242357177-GrpcLogAppender: appendEntries Timeout, request=93f10d81-f4b6-4237-b2e6-6c2ccf8ca027->46b9516a-dfd6-4e8f-8939-5a6242357177#23-t2, previous=(t:2, i:8), leaderCommit=8, initializing? false, entries: <empty>
2019-10-18 07:02:11,829 [java.util.concurrent.ThreadPoolExecutor$Worker@35485c7f[State = -1, empty queue]] WARN  server.GrpcLogAppender (GrpcLogAppender.java:timeoutAppendRequest(209)) - 93f10d81-f4b6-4237-b2e6-6c2ccf8ca027@group-CAF408347A58->46b9516a-dfd6-4e8f-8939-5a6242357177-GrpcLogAppender: appendEntries Timeout, request=93f10d81-f4b6-4237-b2e6-6c2ccf8ca027->46b9516a-dfd6-4e8f-8939-5a6242357177#24-t2, previous=(t:2, i:8), leaderCommit=8, initializing? false, entries: size=1, first=(t:2, i:9), STATEMACHINELOGENTRY, client-165CBA215035, cid=12
2019-10-18 07:02:11,831 [EventQueue-ContainerReportForContainerReportHandler] WARN  container.ContainerReportHandler (AbstractContainerReportHandler.java:updateContainerState(145)) - Container #1 is in OPEN state, but the datanode f69cf638-138d-4576-91da-2cd882e57eee{ip: 192.168.34.25, host: pr-hdds-2318-jnjn8-2612408985, networkLocation: /default-rack, certSerialId: null} reports an CLOSED replica.
2019-10-18 07:02:11,851 [java.util.concurrent.ThreadPoolExecutor$Worker@35485c7f[State = -1, empty queue]] WARN  server.GrpcLogAppender (GrpcLogAppender.java:timeoutAppendRequest(209)) - 93f10d81-f4b6-4237-b2e6-6c2ccf8ca027@group-CAF408347A58->46b9516a-dfd6-4e8f-8939-5a6242357177-GrpcLogAppender: appendEntries Timeout, request=93f10d81-f4b6-4237-b2e6-6c2ccf8ca027->46b9516a-dfd6-4e8f-8939-5a6242357177#25-t2, previous=(t:2, i:9), leaderCommit=9, initializing? false, entries: size=1, first=(t:2, i:10), METADATAENTRY(c9)
2019-10-18 07:02:11,928 [EventQueue-ContainerReportForContainerReportHandler] WARN  container.ContainerReportHandler (AbstractContainerReportHandler.java:updateContainerState(145)) - Container #1 is in OPEN state, but the datanode 93f10d81-f4b6-4237-b2e6-6c2ccf8ca027{ip: 192.168.34.25, host: pr-hdds-2318-jnjn8-2612408985, networkLocation: /default-rack, certSerialId: null} reports an CLOSED replica.
2019-10-18 07:02:11,942 [BlockDeletingService#2] WARN  background.BlockDeletingService (BlockDeletingService.java:isDeletionAllowed(187)) - Close Container log Index 6 is not replicated across allthe servers in the pipeline fe68d6de-2f7f-4088-a26e-caf408347a58 as the min replicated index is 4. Deletion is not allowed in this container yet.
2019-10-18 07:02:11,944 [BlockDeletingService#2] WARN  background.BlockDeletingService (BlockDeletingService.java:isDeletionAllowed(187)) - Close Container log Index 6 is not replicated across allthe servers in the pipeline fe68d6de-2f7f-4088-a26e-caf408347a58 as the min replicated index is 4. Deletion is not allowed in this container yet.
2019-10-18 07:02:12,129 [EventQueue-ContainerReportForContainerReportHandler] WARN  container.ContainerReportHandler (AbstractContainerReportHandler.java:updateContainerState(145)) - Container #1 is in OPEN state, but the datanode 93f10d81-f4b6-4237-b2e6-6c2ccf8ca027{ip: 192.168.34.25, host: pr-hdds-2318-jnjn8-2612408985, networkLocation: /default-rack, certSerialId: null} reports an CLOSED replica.
2019-10-18 07:02:12,130 [EventQueue-ContainerReportForContainerReportHandler] WARN  container.ContainerReportHandler (AbstractContainerReportHandler.java:updateContainerState(145)) - Container #1 is in OPEN state, but the datanode f69cf638-138d-4576-91da-2cd882e57eee{ip: 192.168.34.25, host: pr-hdds-2318-jnjn8-2612408985, networkLocation: /default-rack, certSerialId: null} reports an CLOSED replica.
2019-10-18 07:02:12,330 [EventQueue-ContainerReportForContainerReportHandler] WARN  container.ContainerReportHandler (AbstractContainerReportHandler.java:updateContainerState(145)) - Container #1 is in OPEN state, but the datanode f69cf638-138d-4576-91da-2cd882e57eee{ip: 192.168.34.25, host: pr-hdds-2318-jnjn8-2612408985, networkLocation: /default-rack, certSerialId: null} reports an CLOSED replica.
2019-10-18 07:02:12,429 [EventQueue-ContainerReportForContainerReportHandler] WARN  container.ContainerReportHandler (AbstractContainerReportHandler.java:updateContainerState(145)) - Container #1 is in OPEN state, but the datanode 93f10d81-f4b6-4237-b2e6-6c2ccf8ca027{ip: 192.168.34.25, host: pr-hdds-2318-jnjn8-2612408985, networkLocation: /default-rack, certSerialId: null} reports an CLOSED replica.
2019-10-18 07:02:12,630 [EventQueue-ContainerReportForContainerReportHandler] WARN  container.ContainerReportHandler (AbstractContainerReportHandler.java:updateContainerState(145)) - Container #1 is in OPEN state, but the datanode f69cf638-138d-4576-91da-2cd882e57eee{ip: 192.168.34.25, host: pr-hdds-2318-jnjn8-2612408985, networkLocation: /default-rack, certSerialId: null} reports an CLOSED replica.
2019-10-18 07:02:12,830 [EventQueue-ContainerReportForContainerReportHandler] WARN  container.ContainerReportHandler (AbstractContainerReportHandler.java:updateContainerState(145)) - Container #1 is in OPEN state, but the datanode 93f10d81-f4b6-4237-b2e6-6c2ccf8ca027{ip: 192.168.34.25, host: pr-hdds-2318-jnjn8-2612408985, networkLocation: /default-rack, certSerialId: null} reports an CLOSED replica.
2019-10-18 07:02:12,947 [BlockDeletingService#2] WARN  background.BlockDeletingService (BlockDeletingService.java:isDeletionAllowed(187)) - Close Container log Index 6 is not replicated across allthe servers in the pipeline fe68d6de-2f7f-4088-a26e-caf408347a58 as the min replicated index is 4. Deletion is not allowed in this container yet.
2019-10-18 07:02:12,947 [BlockDeletingService#2] WARN  background.BlockDeletingService (BlockDeletingService.java:isDeletionAllowed(187)) - Close Container log Index 6 is not replicated across allthe servers in the pipeline fe68d6de-2f7f-4088-a26e-caf408347a58 as the min replicated index is 4. Deletion is not allowed in this container yet.
2019-10-18 07:02:13,030 [EventQueue-ContainerReportForContainerReportHandler] WARN  container.ContainerReportHandler (AbstractContainerReportHandler.java:updateContainerState(145)) - Container #1 is in OPEN state, but the datanode 93f10d81-f4b6-4237-b2e6-6c2ccf8ca027{ip: 192.168.34.25, host: pr-hdds-2318-jnjn8-2612408985, networkLocation: /default-rack, certSerialId: null} reports an CLOSED replica.
2019-10-18 07:02:13,030 [EventQueue-ContainerReportForContainerReportHandler] WARN  container.ContainerReportHandler (AbstractContainerReportHandler.java:updateContainerState(145)) - Container #1 is in OPEN state, but the datanode f69cf638-138d-4576-91da-2cd882e57eee{ip: 192.168.34.25, host: pr-hdds-2318-jnjn8-2612408985, networkLocation: /default-rack, certSerialId: null} reports an CLOSED replica.
2019-10-18 07:02:13,331 [EventQueue-ContainerReportForContainerReportHandler] WARN  container.ContainerReportHandler (AbstractContainerReportHandler.java:updateContainerState(145)) - Container #1 is in OPEN state, but the datanode 93f10d81-f4b6-4237-b2e6-6c2ccf8ca027{ip: 192.168.34.25, host: pr-hdds-2318-jnjn8-2612408985, networkLocation: /default-rack, certSerialId: null} reports an CLOSED replica.
2019-10-18 07:02:13,332 [EventQueue-ContainerReportForContainerReportHandler] WARN  container.ContainerReportHandler (AbstractContainerReportHandler.java:updateContainerState(145)) - Container #1 is in OPEN state, but the datanode f69cf638-138d-4576-91da-2cd882e57eee{ip: 192.168.34.25, host: pr-hdds-2318-jnjn8-2612408985, networkLocation: /default-rack, certSerialId: null} reports an CLOSED replica.
2019-10-18 07:02:13,531 [EventQueue-ContainerReportForContainerReportHandler] WARN  container.ContainerReportHandler (AbstractContainerReportHandler.java:updateContainerState(145)) - Container #1 is in OPEN state, but the datanode 93f10d81-f4b6-4237-b2e6-6c2ccf8ca027{ip: 192.168.34.25, host: pr-hdds-2318-jnjn8-2612408985, networkLocation: /default-rack, certSerialId: null} reports an CLOSED replica.
2019-10-18 07:02:13,631 [EventQueue-ContainerReportForContainerReportHandler] WARN  container.ContainerReportHandler (AbstractContainerReportHandler.java:updateContainerState(145)) - Container #1 is in OPEN state, but the datanode f69cf638-138d-4576-91da-2cd882e57eee{ip: 192.168.34.25, host: pr-hdds-2318-jnjn8-2612408985, networkLocation: /default-rack, certSerialId: null} reports an CLOSED replica.
2019-10-18 07:02:13,830 [EventQueue-ContainerReportForContainerReportHandler] WARN  container.ContainerReportHandler (AbstractContainerReportHandler.java:updateContainerState(145)) - Container #1 is in OPEN state, but the datanode 93f10d81-f4b6-4237-b2e6-6c2ccf8ca027{ip: 192.168.34.25, host: pr-hdds-2318-jnjn8-2612408985, networkLocation: /default-rack, certSerialId: null} reports an CLOSED replica.
2019-10-18 07:02:13,930 [EventQueue-ContainerReportForContainerReportHandler] WARN  container.ContainerReportHandler (AbstractContainerReportHandler.java:updateContainerState(145)) - Container #1 is in OPEN state, but the datanode f69cf638-138d-4576-91da-2cd882e57eee{ip: 192.168.34.25, host: pr-hdds-2318-jnjn8-2612408985, networkLocation: /default-rack, certSerialId: null} reports an CLOSED replica.
2019-10-18 07:02:13,949 [BlockDeletingService#2] WARN  background.BlockDeletingService (BlockDeletingService.java:isDeletionAllowed(187)) - Close Container log Index 6 is not replicated across allthe servers in the pipeline fe68d6de-2f7f-4088-a26e-caf408347a58 as the min replicated index is 4. Deletion is not allowed in this container yet.
2019-10-18 07:02:13,949 [BlockDeletingService#2] WARN  background.BlockDeletingService (BlockDeletingService.java:isDeletionAllowed(187)) - Close Container log Index 6 is not replicated across allthe servers in the pipeline fe68d6de-2f7f-4088-a26e-caf408347a58 as the min replicated index is 4. Deletion is not allowed in this container yet.
2019-10-18 07:02:14,130 [EventQueue-ContainerReportForContainerReportHandler] WARN  container.ContainerReportHandler (AbstractContainerReportHandler.java:updateContainerState(145)) - Container #1 is in OPEN state, but the datanode f69cf638-138d-4576-91da-2cd882e57eee{ip: 192.168.34.25, host: pr-hdds-2318-jnjn8-2612408985, networkLocation: /default-rack, certSerialId: null} reports an CLOSED replica.
2019-10-18 07:02:14,230 [EventQueue-ContainerReportForContainerReportHandler] WARN  container.ContainerReportHandler (AbstractContainerReportHandler.java:updateContainerState(145)) - Container #1 is in OPEN state, but the datanode 93f10d81-f4b6-4237-b2e6-6c2ccf8ca027{ip: 192.168.34.25, host: pr-hdds-2318-jnjn8-2612408985, networkLocation: /default-rack, certSerialId: null} reports an CLOSED replica.
2019-10-18 07:02:14,352 [java.util.concurrent.ThreadPoolExecutor$Worker@35485c7f[State = -1, empty queue]] WARN  server.GrpcLogAppender (GrpcLogAppender.java:timeoutAppendRequest(209)) - 93f10d81-f4b6-4237-b2e6-6c2ccf8ca027@group-CAF408347A58->46b9516a-dfd6-4e8f-8939-5a6242357177-GrpcLogAppender: appendEntries Timeout, request=93f10d81-f4b6-4237-b2e6-6c2ccf8ca027->46b9516a-dfd6-4e8f-8939-5a6242357177#26-t2, previous=(t:2, i:10), leaderCommit=10, initializing? false, entries: <empty>
2019-10-18 07:02:14,431 [EventQueue-ContainerReportForContainerReportHandler] WARN  container.ContainerReportHandler (AbstractContainerReportHandler.java:updateContainerState(145)) - Container #1 is in OPEN state, but the datanode f69cf638-138d-4576-91da-2cd882e57eee{ip: 192.168.34.25, host: pr-hdds-2318-jnjn8-2612408985, networkLocation: /default-rack, certSerialId: null} reports an CLOSED replica.
2019-10-18 07:02:14,531 [EventQueue-ContainerReportForContainerReportHandler] WARN  container.ContainerReportHandler (AbstractContainerReportHandler.java:updateContainerState(145)) - Container #1 is in OPEN state, but the datanode 93f10d81-f4b6-4237-b2e6-6c2ccf8ca027{ip: 192.168.34.25, host: pr-hdds-2318-jnjn8-2612408985, networkLocation: /default-rack, certSerialId: null} reports an CLOSED replica.
2019-10-18 07:02:14,831 [EventQueue-ContainerReportForContainerReportHandler] WARN  container.ContainerReportHandler (AbstractContainerReportHandler.java:updateContainerState(145)) - Container #1 is in OPEN state, but the datanode f69cf638-138d-4576-91da-2cd882e57eee{ip: 192.168.34.25, host: pr-hdds-2318-jnjn8-2612408985, networkLocation: /default-rack, certSerialId: null} reports an CLOSED replica.
2019-10-18 07:02:14,831 [EventQueue-ContainerReportForContainerReportHandler] WARN  container.ContainerReportHandler (AbstractContainerReportHandler.java:updateContainerState(145)) - Container #1 is in OPEN state, but the datanode 93f10d81-f4b6-4237-b2e6-6c2ccf8ca027{ip: 192.168.34.25, host: pr-hdds-2318-jnjn8-2612408985, networkLocation: /default-rack, certSerialId: null} reports an CLOSED replica.
2019-10-18 07:02:14,952 [BlockDeletingService#2] WARN  background.BlockDeletingService (BlockDeletingService.java:isDeletionAllowed(187)) - Close Container log Index 6 is not replicated across allthe servers in the pipeline fe68d6de-2f7f-4088-a26e-caf408347a58 as the min replicated index is 4. Deletion is not allowed in this container yet.
2019-10-18 07:02:14,952 [BlockDeletingService#2] WARN  background.BlockDeletingService (BlockDeletingService.java:isDeletionAllowed(187)) - Close Container log Index 6 is not replicated across allthe servers in the pipeline fe68d6de-2f7f-4088-a26e-caf408347a58 as the min replicated index is 4. Deletion is not allowed in this container yet.
2019-10-18 07:02:15,231 [EventQueue-ContainerReportForContainerReportHandler] WARN  container.ContainerReportHandler (AbstractContainerReportHandler.java:updateContainerState(145)) - Container #1 is in OPEN state, but the datanode 93f10d81-f4b6-4237-b2e6-6c2ccf8ca027{ip: 192.168.34.25, host: pr-hdds-2318-jnjn8-2612408985, networkLocation: /default-rack, certSerialId: null} reports an CLOSED replica.
2019-10-18 07:02:15,233 [EventQueue-ContainerReportForContainerReportHandler] WARN  container.ContainerReportHandler (AbstractContainerReportHandler.java:updateContainerState(145)) - Container #1 is in OPEN state, but the datanode f69cf638-138d-4576-91da-2cd882e57eee{ip: 192.168.34.25, host: pr-hdds-2318-jnjn8-2612408985, networkLocation: /default-rack, certSerialId: null} reports an CLOSED replica.
2019-10-18 07:02:15,532 [EventQueue-ContainerReportForContainerReportHandler] WARN  container.ContainerReportHandler (AbstractContainerReportHandler.java:updateContainerState(145)) - Container #1 is in OPEN state, but the datanode 93f10d81-f4b6-4237-b2e6-6c2ccf8ca027{ip: 192.168.34.25, host: pr-hdds-2318-jnjn8-2612408985, networkLocation: /default-rack, certSerialId: null} reports an CLOSED replica.
2019-10-18 07:02:15,533 [EventQueue-ContainerReportForContainerReportHandler] WARN  container.ContainerReportHandler (AbstractContainerReportHandler.java:updateContainerState(145)) - Container #1 is in OPEN state, but the datanode f69cf638-138d-4576-91da-2cd882e57eee{ip: 192.168.34.25, host: pr-hdds-2318-jnjn8-2612408985, networkLocation: /default-rack, certSerialId: null} reports an CLOSED replica.
2019-10-18 07:02:15,732 [EventQueue-ContainerReportForContainerReportHandler] WARN  container.ContainerReportHandler (AbstractContainerReportHandler.java:updateContainerState(145)) - Container #1 is in OPEN state, but the datanode 93f10d81-f4b6-4237-b2e6-6c2ccf8ca027{ip: 192.168.34.25, host: pr-hdds-2318-jnjn8-2612408985, networkLocation: /default-rack, certSerialId: null} reports an CLOSED replica.
2019-10-18 07:02:15,834 [EventQueue-ContainerReportForContainerReportHandler] WARN  container.ContainerReportHandler (AbstractContainerReportHandler.java:updateContainerState(145)) - Container #1 is in OPEN state, but the datanode f69cf638-138d-4576-91da-2cd882e57eee{ip: 192.168.34.25, host: pr-hdds-2318-jnjn8-2612408985, networkLocation: /default-rack, certSerialId: null} reports an CLOSED replica.
2019-10-18 07:02:15,954 [BlockDeletingService#2] WARN  background.BlockDeletingService (BlockDeletingService.java:isDeletionAllowed(187)) - Close Container log Index 6 is not replicated across allthe servers in the pipeline fe68d6de-2f7f-4088-a26e-caf408347a58 as the min replicated index is 4. Deletion is not allowed in this container yet.
2019-10-18 07:02:15,954 [BlockDeletingService#2] WARN  background.BlockDeletingService (BlockDeletingService.java:isDeletionAllowed(187)) - Close Container log Index 6 is not replicated across allthe servers in the pipeline fe68d6de-2f7f-4088-a26e-caf408347a58 as the min replicated index is 4. Deletion is not allowed in this container yet.
2019-10-18 07:02:16,033 [EventQueue-ContainerReportForContainerReportHandler] WARN  container.ContainerReportHandler (AbstractContainerReportHandler.java:updateContainerState(145)) - Container #1 is in OPEN state, but the datanode f69cf638-138d-4576-91da-2cd882e57eee{ip: 192.168.34.25, host: pr-hdds-2318-jnjn8-2612408985, networkLocation: /default-rack, certSerialId: null} reports an CLOSED replica.
2019-10-18 07:02:16,132 [EventQueue-ContainerReportForContainerReportHandler] WARN  container.ContainerReportHandler (AbstractContainerReportHandler.java:updateContainerState(145)) - Container #1 is in OPEN state, but the datanode 93f10d81-f4b6-4237-b2e6-6c2ccf8ca027{ip: 192.168.34.25, host: pr-hdds-2318-jnjn8-2612408985, networkLocation: /default-rack, certSerialId: null} reports an CLOSED replica.
2019-10-18 07:02:16,432 [EventQueue-ContainerReportForContainerReportHandler] WARN  container.ContainerReportHandler (AbstractContainerReportHandler.java:updateContainerState(145)) - Container #1 is in OPEN state, but the datanode 93f10d81-f4b6-4237-b2e6-6c2ccf8ca027{ip: 192.168.34.25, host: pr-hdds-2318-jnjn8-2612408985, networkLocation: /default-rack, certSerialId: null} reports an CLOSED replica.
2019-10-18 07:02:16,432 [EventQueue-ContainerReportForContainerReportHandler] WARN  container.ContainerReportHandler (AbstractContainerReportHandler.java:updateContainerState(145)) - Container #1 is in OPEN state, but the datanode f69cf638-138d-4576-91da-2cd882e57eee{ip: 192.168.34.25, host: pr-hdds-2318-jnjn8-2612408985, networkLocation: /default-rack, certSerialId: null} reports an CLOSED replica.
2019-10-18 07:02:16,734 [EventQueue-ContainerReportForContainerReportHandler] WARN  container.ContainerReportHandler (AbstractContainerReportHandler.java:updateContainerState(145)) - Container #1 is in OPEN state, but the datanode 93f10d81-f4b6-4237-b2e6-6c2ccf8ca027{ip: 192.168.34.25, host: pr-hdds-2318-jnjn8-2612408985, networkLocation: /default-rack, certSerialId: null} reports an CLOSED replica.
2019-10-18 07:02:16,833 [EventQueue-ContainerReportForContainerReportHandler] WARN  container.ContainerReportHandler (AbstractContainerReportHandler.java:updateContainerState(145)) - Container #1 is in OPEN state, but the datanode f69cf638-138d-4576-91da-2cd882e57eee{ip: 192.168.34.25, host: pr-hdds-2318-jnjn8-2612408985, networkLocation: /default-rack, certSerialId: null} reports an CLOSED replica.
2019-10-18 07:02:16,854 [java.util.concurrent.ThreadPoolExecutor$Worker@35485c7f[State = -1, empty queue]] WARN  server.GrpcLogAppender (GrpcLogAppender.java:timeoutAppendRequest(209)) - 93f10d81-f4b6-4237-b2e6-6c2ccf8ca027@group-CAF408347A58->46b9516a-dfd6-4e8f-8939-5a6242357177-GrpcLogAppender: appendEntries Timeout, request=93f10d81-f4b6-4237-b2e6-6c2ccf8ca027->46b9516a-dfd6-4e8f-8939-5a6242357177#27-t2, previous=(t:2, i:10), leaderCommit=10, initializing? false, entries: <empty>
2019-10-18 07:02:16,937 [Thread-350] INFO  client.GrpcClientProtocolService (GrpcClientProtocolService.java:lambda$processClientRequest$0(278)) - Failed RaftClientRequest:client-79AC2A5FBE9C->f69cf638-138d-4576-91da-2cd882e57eee@group-CAF408347A58, cid=10, seq=0, Watch-ALL_COMMITTED(6), Message:<EMPTY>, reply=RaftClientReply:client-79AC2A5FBE9C->f69cf638-138d-4576-91da-2cd882e57eee@group-CAF408347A58, cid=10, FAILED org.apache.ratis.protocol.NotLeaderException: Server f69cf638-138d-4576-91da-2cd882e57eee@group-CAF408347A58 is not the leader 93f10d81-f4b6-4237-b2e6-6c2ccf8ca027:192.168.34.25:43753, logIndex=0, commits[f69cf638-138d-4576-91da-2cd882e57eee:c10, 46b9516a-dfd6-4e8f-8939-5a6242357177:c4, 93f10d81-f4b6-4237-b2e6-6c2ccf8ca027:c10]
2019-10-18 07:02:16,956 [BlockDeletingService#2] WARN  background.BlockDeletingService (BlockDeletingService.java:isDeletionAllowed(187)) - Close Container log Index 6 is not replicated across allthe servers in the pipeline fe68d6de-2f7f-4088-a26e-caf408347a58 as the min replicated index is 4. Deletion is not allowed in this container yet.
2019-10-18 07:02:16,956 [BlockDeletingService#2] WARN  background.BlockDeletingService (BlockDeletingService.java:isDeletionAllowed(187)) - Close Container log Index 6 is not replicated across allthe servers in the pipeline fe68d6de-2f7f-4088-a26e-caf408347a58 as the min replicated index is 4. Deletion is not allowed in this container yet.
2019-10-18 07:02:17,034 [EventQueue-ContainerReportForContainerReportHandler] WARN  container.ContainerReportHandler (AbstractContainerReportHandler.java:updateContainerState(145)) - Container #1 is in OPEN state, but the datanode 93f10d81-f4b6-4237-b2e6-6c2ccf8ca027{ip: 192.168.34.25, host: pr-hdds-2318-jnjn8-2612408985, networkLocation: /default-rack, certSerialId: null} reports an CLOSED replica.
2019-10-18 07:02:17,134 [EventQueue-ContainerReportForContainerReportHandler] WARN  container.ContainerReportHandler (AbstractContainerReportHandler.java:updateContainerState(145)) - Container #1 is in OPEN state, but the datanode f69cf638-138d-4576-91da-2cd882e57eee{ip: 192.168.34.25, host: pr-hdds-2318-jnjn8-2612408985, networkLocation: /default-rack, certSerialId: null} reports an CLOSED replica.
2019-10-18 07:02:17,433 [EventQueue-ContainerReportForContainerReportHandler] WARN  container.ContainerReportHandler (AbstractContainerReportHandler.java:updateContainerState(145)) - Container #1 is in OPEN state, but the datanode 93f10d81-f4b6-4237-b2e6-6c2ccf8ca027{ip: 192.168.34.25, host: pr-hdds-2318-jnjn8-2612408985, networkLocation: /default-rack, certSerialId: null} reports an CLOSED replica.
2019-10-18 07:02:17,436 [EventQueue-ContainerReportForContainerReportHandler] WARN  container.ContainerReportHandler (AbstractContainerReportHandler.java:updateContainerState(145)) - Container #1 is in OPEN state, but the datanode f69cf638-138d-4576-91da-2cd882e57eee{ip: 192.168.34.25, host: pr-hdds-2318-jnjn8-2612408985, networkLocation: /default-rack, certSerialId: null} reports an CLOSED replica.
2019-10-18 07:02:17,633 [EventQueue-ContainerReportForContainerReportHandler] WARN  container.ContainerReportHandler (AbstractContainerReportHandler.java:updateContainerState(145)) - Container #1 is in OPEN state, but the datanode 93f10d81-f4b6-4237-b2e6-6c2ccf8ca027{ip: 192.168.34.25, host: pr-hdds-2318-jnjn8-2612408985, networkLocation: /default-rack, certSerialId: null} reports an CLOSED replica.
2019-10-18 07:02:17,756 [Thread-355] INFO  client.GrpcClientProtocolService (GrpcClientProtocolService.java:lambda$processClientRequest$0(278)) - Failed RaftClientRequest:client-79AC2A5FBE9C->93f10d81-f4b6-4237-b2e6-6c2ccf8ca027@group-CAF408347A58, cid=10, seq=0, Watch-ALL_COMMITTED(6), Message:<EMPTY>, reply=RaftClientReply:client-79AC2A5FBE9C->93f10d81-f4b6-4237-b2e6-6c2ccf8ca027@group-CAF408347A58, cid=10, FAILED org.apache.ratis.protocol.NotReplicatedException: Request with call Id 10 and log index 6 is not yet replicated to ALL_COMMITTED, logIndex=6, commits[93f10d81-f4b6-4237-b2e6-6c2ccf8ca027:c10, f69cf638-138d-4576-91da-2cd882e57eee:c10, 46b9516a-dfd6-4e8f-8939-5a6242357177:c4]
2019-10-18 07:02:17,835 [EventQueue-ContainerReportForContainerReportHandler] WARN  container.ContainerReportHandler (AbstractContainerReportHandler.java:updateContainerState(145)) - Container #1 is in OPEN state, but the datanode f69cf638-138d-4576-91da-2cd882e57eee{ip: 192.168.34.25, host: pr-hdds-2318-jnjn8-2612408985, networkLocation: /default-rack, certSerialId: null} reports an CLOSED replica.
2019-10-18 07:02:17,934 [EventQueue-ContainerReportForContainerReportHandler] WARN  container.ContainerReportHandler (AbstractContainerReportHandler.java:updateContainerState(145)) - Container #1 is in OPEN state, but the datanode 93f10d81-f4b6-4237-b2e6-6c2ccf8ca027{ip: 192.168.34.25, host: pr-hdds-2318-jnjn8-2612408985, networkLocation: /default-rack, certSerialId: null} reports an CLOSED replica.
2019-10-18 07:02:17,958 [BlockDeletingService#2] WARN  background.BlockDeletingService (BlockDeletingService.java:isDeletionAllowed(187)) - Close Container log Index 6 is not replicated across allthe servers in the pipeline fe68d6de-2f7f-4088-a26e-caf408347a58 as the min replicated index is 4. Deletion is not allowed in this container yet.
2019-10-18 07:02:17,960 [BlockDeletingService#2] WARN  background.BlockDeletingService (BlockDeletingService.java:isDeletionAllowed(187)) - Close Container log Index 6 is not replicated across allthe servers in the pipeline fe68d6de-2f7f-4088-a26e-caf408347a58 as the min replicated index is 4. Deletion is not allowed in this container yet.
2019-10-18 07:02:18,035 [EventQueue-ContainerReportForContainerReportHandler] WARN  container.ContainerReportHandler (AbstractContainerReportHandler.java:updateContainerState(145)) - Container #1 is in OPEN state, but the datanode f69cf638-138d-4576-91da-2cd882e57eee{ip: 192.168.34.25, host: pr-hdds-2318-jnjn8-2612408985, networkLocation: /default-rack, certSerialId: null} reports an CLOSED replica.
2019-10-18 07:02:18,236 [EventQueue-ContainerReportForContainerReportHandler] WARN  container.ContainerReportHandler (AbstractContainerReportHandler.java:updateContainerState(145)) - Container #1 is in OPEN state, but the datanode 93f10d81-f4b6-4237-b2e6-6c2ccf8ca027{ip: 192.168.34.25, host: pr-hdds-2318-jnjn8-2612408985, networkLocation: /default-rack, certSerialId: null} reports an CLOSED replica.
2019-10-18 07:02:18,336 [EventQueue-ContainerReportForContainerReportHandler] WARN  container.ContainerReportHandler (AbstractContainerReportHandler.java:updateContainerState(145)) - Container #1 is in OPEN state, but the datanode f69cf638-138d-4576-91da-2cd882e57eee{ip: 192.168.34.25, host: pr-hdds-2318-jnjn8-2612408985, networkLocation: /default-rack, certSerialId: null} reports an CLOSED replica.
2019-10-18 07:02:18,534 [EventQueue-ContainerReportForContainerReportHandler] WARN  container.ContainerReportHandler (AbstractContainerReportHandler.java:updateContainerState(145)) - Container #1 is in OPEN state, but the datanode 93f10d81-f4b6-4237-b2e6-6c2ccf8ca027{ip: 192.168.34.25, host: pr-hdds-2318-jnjn8-2612408985, networkLocation: /default-rack, certSerialId: null} reports an CLOSED replica.
2019-10-18 07:02:18,636 [EventQueue-ContainerReportForContainerReportHandler] WARN  container.ContainerReportHandler (AbstractContainerReportHandler.java:updateContainerState(145)) - Container #1 is in OPEN state, but the datanode f69cf638-138d-4576-91da-2cd882e57eee{ip: 192.168.34.25, host: pr-hdds-2318-jnjn8-2612408985, networkLocation: /default-rack, certSerialId: null} reports an CLOSED replica.
2019-10-18 07:02:18,834 [EventQueue-ContainerReportForContainerReportHandler] WARN  container.ContainerReportHandler (AbstractContainerReportHandler.java:updateContainerState(145)) - Container #1 is in OPEN state, but the datanode 93f10d81-f4b6-4237-b2e6-6c2ccf8ca027{ip: 192.168.34.25, host: pr-hdds-2318-jnjn8-2612408985, networkLocation: /default-rack, certSerialId: null} reports an CLOSED replica.
2019-10-18 07:02:18,938 [EventQueue-ContainerReportForContainerReportHandler] WARN  container.ContainerReportHandler (AbstractContainerReportHandler.java:updateContainerState(145)) - Container #1 is in OPEN state, but the datanode f69cf638-138d-4576-91da-2cd882e57eee{ip: 192.168.34.25, host: pr-hdds-2318-jnjn8-2612408985, networkLocation: /default-rack, certSerialId: null} reports an CLOSED replica.
2019-10-18 07:02:18,965 [BlockDeletingService#2] WARN  background.BlockDeletingService (BlockDeletingService.java:isDeletionAllowed(187)) - Close Container log Index 6 is not replicated across allthe servers in the pipeline fe68d6de-2f7f-4088-a26e-caf408347a58 as the min replicated index is 4. Deletion is not allowed in this container yet.
2019-10-18 07:02:18,965 [BlockDeletingService#2] WARN  background.BlockDeletingService (BlockDeletingService.java:isDeletionAllowed(187)) - Close Container log Index 6 is not replicated across allthe servers in the pipeline fe68d6de-2f7f-4088-a26e-caf408347a58 as the min replicated index is 4. Deletion is not allowed in this container yet.
2019-10-18 07:02:19,137 [EventQueue-ContainerReportForContainerReportHandler] WARN  container.ContainerReportHandler (AbstractContainerReportHandler.java:updateContainerState(145)) - Container #1 is in OPEN state, but the datanode f69cf638-138d-4576-91da-2cd882e57eee{ip: 192.168.34.25, host: pr-hdds-2318-jnjn8-2612408985, networkLocation: /default-rack, certSerialId: null} reports an CLOSED replica.
2019-10-18 07:02:19,236 [EventQueue-ContainerReportForContainerReportHandler] WARN  container.ContainerReportHandler (AbstractContainerReportHandler.java:updateContainerState(145)) - Container #1 is in OPEN state, but the datanode 93f10d81-f4b6-4237-b2e6-6c2ccf8ca027{ip: 192.168.34.25, host: pr-hdds-2318-jnjn8-2612408985, networkLocation: /default-rack, certSerialId: null} reports an CLOSED replica.
2019-10-18 07:02:19,356 [java.util.concurrent.ThreadPoolExecutor$Worker@35485c7f[State = -1, empty queue]] WARN  server.GrpcLogAppender (GrpcLogAppender.java:timeoutAppendRequest(209)) - 93f10d81-f4b6-4237-b2e6-6c2ccf8ca027@group-CAF408347A58->46b9516a-dfd6-4e8f-8939-5a6242357177-GrpcLogAppender: appendEntries Timeout, request=93f10d81-f4b6-4237-b2e6-6c2ccf8ca027->46b9516a-dfd6-4e8f-8939-5a6242357177#28-t2, previous=(t:2, i:10), leaderCommit=10, initializing? false, entries: <empty>
2019-10-18 07:02:19,437 [EventQueue-ContainerReportForContainerReportHandler] WARN  container.ContainerReportHandler (AbstractContainerReportHandler.java:updateContainerState(145)) - Container #1 is in OPEN state, but the datanode f69cf638-138d-4576-91da-2cd882e57eee{ip: 192.168.34.25, host: pr-hdds-2318-jnjn8-2612408985, networkLocation: /default-rack, certSerialId: null} reports an CLOSED replica.
2019-10-18 07:02:19,536 [EventQueue-ContainerReportForContainerReportHandler] WARN  container.ContainerReportHandler (AbstractContainerReportHandler.java:updateContainerState(145)) - Container #1 is in OPEN state, but the datanode 93f10d81-f4b6-4237-b2e6-6c2ccf8ca027{ip: 192.168.34.25, host: pr-hdds-2318-jnjn8-2612408985, networkLocation: /default-rack, certSerialId: null} reports an CLOSED replica.
2019-10-18 07:02:19,736 [EventQueue-ContainerReportForContainerReportHandler] WARN  container.ContainerReportHandler (AbstractContainerReportHandler.java:updateContainerState(145)) - Container #1 is in OPEN state, but the datanode 93f10d81-f4b6-4237-b2e6-6c2ccf8ca027{ip: 192.168.34.25, host: pr-hdds-2318-jnjn8-2612408985, networkLocation: /default-rack, certSerialId: null} reports an CLOSED replica.
2019-10-18 07:02:19,838 [EventQueue-ContainerReportForContainerReportHandler] WARN  container.ContainerReportHandler (AbstractContainerReportHandler.java:updateContainerState(145)) - Container #1 is in OPEN state, but the datanode f69cf638-138d-4576-91da-2cd882e57eee{ip: 192.168.34.25, host: pr-hdds-2318-jnjn8-2612408985, networkLocation: /default-rack, certSerialId: null} reports an CLOSED replica.
2019-10-18 07:02:19,967 [BlockDeletingService#2] WARN  background.BlockDeletingService (BlockDeletingService.java:isDeletionAllowed(187)) - Close Container log Index 6 is not replicated across allthe servers in the pipeline fe68d6de-2f7f-4088-a26e-caf408347a58 as the min replicated index is 4. Deletion is not allowed in this container yet.
2019-10-18 07:02:19,967 [BlockDeletingService#2] WARN  background.BlockDeletingService (BlockDeletingService.java:isDeletionAllowed(187)) - Close Container log Index 6 is not replicated across allthe servers in the pipeline fe68d6de-2f7f-4088-a26e-caf408347a58 as the min replicated index is 4. Deletion is not allowed in this container yet.
2019-10-18 07:02:20,036 [EventQueue-ContainerReportForContainerReportHandler] WARN  container.ContainerReportHandler (AbstractContainerReportHandler.java:updateContainerState(145)) - Container #1 is in OPEN state, but the datanode 93f10d81-f4b6-4237-b2e6-6c2ccf8ca027{ip: 192.168.34.25, host: pr-hdds-2318-jnjn8-2612408985, networkLocation: /default-rack, certSerialId: null} reports an CLOSED replica.
2019-10-18 07:02:20,237 [EventQueue-ContainerReportForContainerReportHandler] WARN  container.ContainerReportHandler (AbstractContainerReportHandler.java:updateContainerState(145)) - Container #1 is in OPEN state, but the datanode f69cf638-138d-4576-91da-2cd882e57eee{ip: 192.168.34.25, host: pr-hdds-2318-jnjn8-2612408985, networkLocation: /default-rack, certSerialId: null} reports an CLOSED replica.
2019-10-18 07:02:20,336 [EventQueue-ContainerReportForContainerReportHandler] WARN  container.ContainerReportHandler (AbstractContainerReportHandler.java:updateContainerState(145)) - Container #1 is in OPEN state, but the datanode 93f10d81-f4b6-4237-b2e6-6c2ccf8ca027{ip: 192.168.34.25, host: pr-hdds-2318-jnjn8-2612408985, networkLocation: /default-rack, certSerialId: null} reports an CLOSED replica.
2019-10-18 07:02:20,539 [EventQueue-ContainerReportForContainerReportHandler] WARN  container.ContainerReportHandler (AbstractContainerReportHandler.java:updateContainerState(145)) - Container #1 is in OPEN state, but the datanode f69cf638-138d-4576-91da-2cd882e57eee{ip: 192.168.34.25, host: pr-hdds-2318-jnjn8-2612408985, networkLocation: /default-rack, certSerialId: null} reports an CLOSED replica.
2019-10-18 07:02:20,737 [EventQueue-ContainerReportForContainerReportHandler] WARN  container.ContainerReportHandler (AbstractContainerReportHandler.java:updateContainerState(145)) - Container #1 is in OPEN state, but the datanode 93f10d81-f4b6-4237-b2e6-6c2ccf8ca027{ip: 192.168.34.25, host: pr-hdds-2318-jnjn8-2612408985, networkLocation: /default-rack, certSerialId: null} reports an CLOSED replica.
2019-10-18 07:02:20,738 [EventQueue-ContainerReportForContainerReportHandler] WARN  container.ContainerReportHandler (AbstractContainerReportHandler.java:updateContainerState(145)) - Container #1 is in OPEN state, but the datanode f69cf638-138d-4576-91da-2cd882e57eee{ip: 192.168.34.25, host: pr-hdds-2318-jnjn8-2612408985, networkLocation: /default-rack, certSerialId: null} reports an CLOSED replica.
2019-10-18 07:02:20,938 [EventQueue-ContainerReportForContainerReportHandler] WARN  container.ContainerReportHandler (AbstractContainerReportHandler.java:updateContainerState(145)) - Container #1 is in OPEN state, but the datanode f69cf638-138d-4576-91da-2cd882e57eee{ip: 192.168.34.25, host: pr-hdds-2318-jnjn8-2612408985, networkLocation: /default-rack, certSerialId: null} reports an CLOSED replica.
2019-10-18 07:02:20,969 [BlockDeletingService#2] WARN  background.BlockDeletingService (BlockDeletingService.java:isDeletionAllowed(187)) - Close Container log Index 6 is not replicated across allthe servers in the pipeline fe68d6de-2f7f-4088-a26e-caf408347a58 as the min replicated index is 4. Deletion is not allowed in this container yet.
2019-10-18 07:02:20,969 [BlockDeletingService#2] WARN  background.BlockDeletingService (BlockDeletingService.java:isDeletionAllowed(187)) - Close Container log Index 6 is not replicated across allthe servers in the pipeline fe68d6de-2f7f-4088-a26e-caf408347a58 as the min replicated index is 4. Deletion is not allowed in this container yet.
2019-10-18 07:02:21,038 [EventQueue-ContainerReportForContainerReportHandler] WARN  container.ContainerReportHandler (AbstractContainerReportHandler.java:updateContainerState(145)) - Container #1 is in OPEN state, but the datanode 93f10d81-f4b6-4237-b2e6-6c2ccf8ca027{ip: 192.168.34.25, host: pr-hdds-2318-jnjn8-2612408985, networkLocation: /default-rack, certSerialId: null} reports an CLOSED replica.
2019-10-18 07:02:21,238 [EventQueue-ContainerReportForContainerReportHandler] WARN  container.ContainerReportHandler (AbstractContainerReportHandler.java:updateContainerState(145)) - Container #1 is in OPEN state, but the datanode 93f10d81-f4b6-4237-b2e6-6c2ccf8ca027{ip: 192.168.34.25, host: pr-hdds-2318-jnjn8-2612408985, networkLocation: /default-rack, certSerialId: null} reports an CLOSED replica.
2019-10-18 07:02:21,239 [EventQueue-ContainerReportForContainerReportHandler] WARN  container.ContainerReportHandler (AbstractContainerReportHandler.java:updateContainerState(145)) - Container #1 is in OPEN state, but the datanode f69cf638-138d-4576-91da-2cd882e57eee{ip: 192.168.34.25, host: pr-hdds-2318-jnjn8-2612408985, networkLocation: /default-rack, certSerialId: null} reports an CLOSED replica.
2019-10-18 07:02:21,537 [EventQueue-ContainerReportForContainerReportHandler] WARN  container.ContainerReportHandler (AbstractContainerReportHandler.java:updateContainerState(145)) - Container #1 is in OPEN state, but the datanode 93f10d81-f4b6-4237-b2e6-6c2ccf8ca027{ip: 192.168.34.25, host: pr-hdds-2318-jnjn8-2612408985, networkLocation: /default-rack, certSerialId: null} reports an CLOSED replica.
2019-10-18 07:02:21,538 [EventQueue-ContainerReportForContainerReportHandler] WARN  container.ContainerReportHandler (AbstractContainerReportHandler.java:updateContainerState(145)) - Container #1 is in OPEN state, but the datanode f69cf638-138d-4576-91da-2cd882e57eee{ip: 192.168.34.25, host: pr-hdds-2318-jnjn8-2612408985, networkLocation: /default-rack, certSerialId: null} reports an CLOSED replica.
2019-10-18 07:02:21,739 [EventQueue-ContainerReportForContainerReportHandler] WARN  container.ContainerReportHandler (AbstractContainerReportHandler.java:updateContainerState(145)) - Container #1 is in OPEN state, but the datanode f69cf638-138d-4576-91da-2cd882e57eee{ip: 192.168.34.25, host: pr-hdds-2318-jnjn8-2612408985, networkLocation: /default-rack, certSerialId: null} reports an CLOSED replica.
2019-10-18 07:02:21,837 [EventQueue-ContainerReportForContainerReportHandler] WARN  container.ContainerReportHandler (AbstractContainerReportHandler.java:updateContainerState(145)) - Container #1 is in OPEN state, but the datanode 93f10d81-f4b6-4237-b2e6-6c2ccf8ca027{ip: 192.168.34.25, host: pr-hdds-2318-jnjn8-2612408985, networkLocation: /default-rack, certSerialId: null} reports an CLOSED replica.
2019-10-18 07:02:21,859 [java.util.concurrent.ThreadPoolExecutor$Worker@35485c7f[State = -1, empty queue]] WARN  server.GrpcLogAppender (GrpcLogAppender.java:timeoutAppendRequest(209)) - 93f10d81-f4b6-4237-b2e6-6c2ccf8ca027@group-CAF408347A58->46b9516a-dfd6-4e8f-8939-5a6242357177-GrpcLogAppender: appendEntries Timeout, request=93f10d81-f4b6-4237-b2e6-6c2ccf8ca027->46b9516a-dfd6-4e8f-8939-5a6242357177#29-t2, previous=(t:2, i:10), leaderCommit=10, initializing? false, entries: <empty>
2019-10-18 07:02:21,971 [BlockDeletingService#2] WARN  background.BlockDeletingService (BlockDeletingService.java:isDeletionAllowed(187)) - Close Container log Index 6 is not replicated across allthe servers in the pipeline fe68d6de-2f7f-4088-a26e-caf408347a58 as the min replicated index is 4. Deletion is not allowed in this container yet.
2019-10-18 07:02:21,971 [BlockDeletingService#2] WARN  background.BlockDeletingService (BlockDeletingService.java:isDeletionAllowed(187)) - Close Container log Index 6 is not replicated across allthe servers in the pipeline fe68d6de-2f7f-4088-a26e-caf408347a58 as the min replicated index is 4. Deletion is not allowed in this container yet.
2019-10-18 07:02:22,139 [EventQueue-ContainerReportForContainerReportHandler] WARN  container.ContainerReportHandler (AbstractContainerReportHandler.java:updateContainerState(145)) - Container #1 is in OPEN state, but the datanode f69cf638-138d-4576-91da-2cd882e57eee{ip: 192.168.34.25, host: pr-hdds-2318-jnjn8-2612408985, networkLocation: /default-rack, certSerialId: null} reports an CLOSED replica.
2019-10-18 07:02:22,238 [EventQueue-ContainerReportForContainerReportHandler] WARN  container.ContainerReportHandler (AbstractContainerReportHandler.java:updateContainerState(145)) - Container #1 is in OPEN state, but the datanode 93f10d81-f4b6-4237-b2e6-6c2ccf8ca027{ip: 192.168.34.25, host: pr-hdds-2318-jnjn8-2612408985, networkLocation: /default-rack, certSerialId: null} reports an CLOSED replica.
2019-10-18 07:02:22,338 [EventQueue-ContainerReportForContainerReportHandler] WARN  container.ContainerReportHandler (AbstractContainerReportHandler.java:updateContainerState(145)) - Container #1 is in OPEN state, but the datanode f69cf638-138d-4576-91da-2cd882e57eee{ip: 192.168.34.25, host: pr-hdds-2318-jnjn8-2612408985, networkLocation: /default-rack, certSerialId: null} reports an CLOSED replica.
2019-10-18 07:02:22,538 [EventQueue-ContainerReportForContainerReportHandler] WARN  container.ContainerReportHandler (AbstractContainerReportHandler.java:updateContainerState(145)) - Container #1 is in OPEN state, but the datanode 93f10d81-f4b6-4237-b2e6-6c2ccf8ca027{ip: 192.168.34.25, host: pr-hdds-2318-jnjn8-2612408985, networkLocation: /default-rack, certSerialId: null} reports an CLOSED replica.
2019-10-18 07:02:22,538 [EventQueue-ContainerReportForContainerReportHandler] WARN  container.ContainerReportHandler (AbstractContainerReportHandler.java:updateContainerState(145)) - Container #1 is in OPEN state, but the datanode f69cf638-138d-4576-91da-2cd882e57eee{ip: 192.168.34.25, host: pr-hdds-2318-jnjn8-2612408985, networkLocation: /default-rack, certSerialId: null} reports an CLOSED replica.
2019-10-18 07:02:22,738 [EventQueue-ContainerReportForContainerReportHandler] WARN  container.ContainerReportHandler (AbstractContainerReportHandler.java:updateContainerState(145)) - Container #1 is in OPEN state, but the datanode f69cf638-138d-4576-91da-2cd882e57eee{ip: 192.168.34.25, host: pr-hdds-2318-jnjn8-2612408985, networkLocation: /default-rack, certSerialId: null} reports an CLOSED replica.
2019-10-18 07:02:22,838 [EventQueue-ContainerReportForContainerReportHandler] WARN  container.ContainerReportHandler (AbstractContainerReportHandler.java:updateContainerState(145)) - Container #1 is in OPEN state, but the datanode 93f10d81-f4b6-4237-b2e6-6c2ccf8ca027{ip: 192.168.34.25, host: pr-hdds-2318-jnjn8-2612408985, networkLocation: /default-rack, certSerialId: null} reports an CLOSED replica.
2019-10-18 07:02:22,973 [BlockDeletingService#2] WARN  background.BlockDeletingService (BlockDeletingService.java:isDeletionAllowed(187)) - Close Container log Index 6 is not replicated across allthe servers in the pipeline fe68d6de-2f7f-4088-a26e-caf408347a58 as the min replicated index is 4. Deletion is not allowed in this container yet.
2019-10-18 07:02:22,973 [BlockDeletingService#2] WARN  background.BlockDeletingService (BlockDeletingService.java:isDeletionAllowed(187)) - Close Container log Index 6 is not replicated across allthe servers in the pipeline fe68d6de-2f7f-4088-a26e-caf408347a58 as the min replicated index is 4. Deletion is not allowed in this container yet.
2019-10-18 07:02:23,038 [EventQueue-ContainerReportForContainerReportHandler] WARN  container.ContainerReportHandler (AbstractContainerReportHandler.java:updateContainerState(145)) - Container #1 is in OPEN state, but the datanode f69cf638-138d-4576-91da-2cd882e57eee{ip: 192.168.34.25, host: pr-hdds-2318-jnjn8-2612408985, networkLocation: /default-rack, certSerialId: null} reports an CLOSED replica.
2019-10-18 07:02:23,138 [EventQueue-ContainerReportForContainerReportHandler] WARN  container.ContainerReportHandler (AbstractContainerReportHandler.java:updateContainerState(145)) - Container #1 is in OPEN state, but the datanode 93f10d81-f4b6-4237-b2e6-6c2ccf8ca027{ip: 192.168.34.25, host: pr-hdds-2318-jnjn8-2612408985, networkLocation: /default-rack, certSerialId: null} reports an CLOSED replica.
2019-10-18 07:02:23,238 [EventQueue-ContainerReportForContainerReportHandler] WARN  container.ContainerReportHandler (AbstractContainerReportHandler.java:updateContainerState(145)) - Container #1 is in OPEN state, but the datanode f69cf638-138d-4576-91da-2cd882e57eee{ip: 192.168.34.25, host: pr-hdds-2318-jnjn8-2612408985, networkLocation: /default-rack, certSerialId: null} reports an CLOSED replica.
2019-10-18 07:02:23,338 [EventQueue-ContainerReportForContainerReportHandler] WARN  container.ContainerReportHandler (AbstractContainerReportHandler.java:updateContainerState(145)) - Container #1 is in OPEN state, but the datanode 93f10d81-f4b6-4237-b2e6-6c2ccf8ca027{ip: 192.168.34.25, host: pr-hdds-2318-jnjn8-2612408985, networkLocation: /default-rack, certSerialId: null} reports an CLOSED replica.
2019-10-18 07:02:23,638 [EventQueue-ContainerReportForContainerReportHandler] WARN  container.ContainerReportHandler (AbstractContainerReportHandler.java:updateContainerState(145)) - Container #1 is in OPEN state, but the datanode f69cf638-138d-4576-91da-2cd882e57eee{ip: 192.168.34.25, host: pr-hdds-2318-jnjn8-2612408985, networkLocation: /default-rack, certSerialId: null} reports an CLOSED replica.
2019-10-18 07:02:23,639 [EventQueue-ContainerReportForContainerReportHandler] WARN  container.ContainerReportHandler (AbstractContainerReportHandler.java:updateContainerState(145)) - Container #1 is in OPEN state, but the datanode 93f10d81-f4b6-4237-b2e6-6c2ccf8ca027{ip: 192.168.34.25, host: pr-hdds-2318-jnjn8-2612408985, networkLocation: /default-rack, certSerialId: null} reports an CLOSED replica.
2019-10-18 07:02:23,839 [EventQueue-ContainerReportForContainerReportHandler] WARN  container.ContainerReportHandler (AbstractContainerReportHandler.java:updateContainerState(145)) - Container #1 is in OPEN state, but the datanode 93f10d81-f4b6-4237-b2e6-6c2ccf8ca027{ip: 192.168.34.25, host: pr-hdds-2318-jnjn8-2612408985, networkLocation: /default-rack, certSerialId: null} reports an CLOSED replica.
2019-10-18 07:02:23,939 [EventQueue-ContainerReportForContainerReportHandler] WARN  container.ContainerReportHandler (AbstractContainerReportHandler.java:updateContainerState(145)) - Container #1 is in OPEN state, but the datanode f69cf638-138d-4576-91da-2cd882e57eee{ip: 192.168.34.25, host: pr-hdds-2318-jnjn8-2612408985, networkLocation: /default-rack, certSerialId: null} reports an CLOSED replica.
2019-10-18 07:02:23,974 [BlockDeletingService#2] WARN  background.BlockDeletingService (BlockDeletingService.java:isDeletionAllowed(187)) - Close Container log Index 6 is not replicated across allthe servers in the pipeline fe68d6de-2f7f-4088-a26e-caf408347a58 as the min replicated index is 4. Deletion is not allowed in this container yet.
2019-10-18 07:02:23,974 [BlockDeletingService#2] WARN  background.BlockDeletingService (BlockDeletingService.java:isDeletionAllowed(187)) - Close Container log Index 6 is not replicated across allthe servers in the pipeline fe68d6de-2f7f-4088-a26e-caf408347a58 as the min replicated index is 4. Deletion is not allowed in this container yet.
2019-10-18 07:02:24,139 [EventQueue-ContainerReportForContainerReportHandler] WARN  container.ContainerReportHandler (AbstractContainerReportHandler.java:updateContainerState(145)) - Container #1 is in OPEN state, but the datanode f69cf638-138d-4576-91da-2cd882e57eee{ip: 192.168.34.25, host: pr-hdds-2318-jnjn8-2612408985, networkLocation: /default-rack, certSerialId: null} reports an CLOSED replica.
2019-10-18 07:02:24,239 [EventQueue-ContainerReportForContainerReportHandler] WARN  container.ContainerReportHandler (AbstractContainerReportHandler.java:updateContainerState(145)) - Container #1 is in OPEN state, but the datanode 93f10d81-f4b6-4237-b2e6-6c2ccf8ca027{ip: 192.168.34.25, host: pr-hdds-2318-jnjn8-2612408985, networkLocation: /default-rack, certSerialId: null} reports an CLOSED replica.
2019-10-18 07:02:24,339 [EventQueue-ContainerReportForContainerReportHandler] WARN  container.ContainerReportHandler (AbstractContainerReportHandler.java:updateContainerState(145)) - Container #1 is in OPEN state, but the datanode f69cf638-138d-4576-91da-2cd882e57eee{ip: 192.168.34.25, host: pr-hdds-2318-jnjn8-2612408985, networkLocation: /default-rack, certSerialId: null} reports an CLOSED replica.
2019-10-18 07:02:24,361 [java.util.concurrent.ThreadPoolExecutor$Worker@35485c7f[State = -1, empty queue]] WARN  server.GrpcLogAppender (GrpcLogAppender.java:timeoutAppendRequest(209)) - 93f10d81-f4b6-4237-b2e6-6c2ccf8ca027@group-CAF408347A58->46b9516a-dfd6-4e8f-8939-5a6242357177-GrpcLogAppender: appendEntries Timeout, request=93f10d81-f4b6-4237-b2e6-6c2ccf8ca027->46b9516a-dfd6-4e8f-8939-5a6242357177#30-t2, previous=(t:2, i:10), leaderCommit=10, initializing? false, entries: <empty>
2019-10-18 07:02:24,539 [EventQueue-ContainerReportForContainerReportHandler] WARN  container.ContainerReportHandler (AbstractContainerReportHandler.java:updateContainerState(145)) - Container #1 is in OPEN state, but the datanode 93f10d81-f4b6-4237-b2e6-6c2ccf8ca027{ip: 192.168.34.25, host: pr-hdds-2318-jnjn8-2612408985, networkLocation: /default-rack, certSerialId: null} reports an CLOSED replica.
2019-10-18 07:02:24,639 [EventQueue-ContainerReportForContainerReportHandler] WARN  container.ContainerReportHandler (AbstractContainerReportHandler.java:updateContainerState(145)) - Container #1 is in OPEN state, but the datanode f69cf638-138d-4576-91da-2cd882e57eee{ip: 192.168.34.25, host: pr-hdds-2318-jnjn8-2612408985, networkLocation: /default-rack, certSerialId: null} reports an CLOSED replica.
2019-10-18 07:02:24,840 [EventQueue-ContainerReportForContainerReportHandler] WARN  container.ContainerReportHandler (AbstractContainerReportHandler.java:updateContainerState(145)) - Container #1 is in OPEN state, but the datanode 93f10d81-f4b6-4237-b2e6-6c2ccf8ca027{ip: 192.168.34.25, host: pr-hdds-2318-jnjn8-2612408985, networkLocation: /default-rack, certSerialId: null} reports an CLOSED replica.
2019-10-18 07:02:24,941 [EventQueue-ContainerReportForContainerReportHandler] WARN  container.ContainerReportHandler (AbstractContainerReportHandler.java:updateContainerState(145)) - Container #1 is in OPEN state, but the datanode f69cf638-138d-4576-91da-2cd882e57eee{ip: 192.168.34.25, host: pr-hdds-2318-jnjn8-2612408985, networkLocation: /default-rack, certSerialId: null} reports an CLOSED replica.
2019-10-18 07:02:24,977 [BlockDeletingService#2] WARN  background.BlockDeletingService (BlockDeletingService.java:isDeletionAllowed(187)) - Close Container log Index 6 is not replicated across allthe servers in the pipeline fe68d6de-2f7f-4088-a26e-caf408347a58 as the min replicated index is 4. Deletion is not allowed in this container yet.
2019-10-18 07:02:24,977 [BlockDeletingService#2] WARN  background.BlockDeletingService (BlockDeletingService.java:isDeletionAllowed(187)) - Close Container log Index 6 is not replicated across allthe servers in the pipeline fe68d6de-2f7f-4088-a26e-caf408347a58 as the min replicated index is 4. Deletion is not allowed in this container yet.
2019-10-18 07:02:25,041 [EventQueue-ContainerReportForContainerReportHandler] WARN  container.ContainerReportHandler (AbstractContainerReportHandler.java:updateContainerState(145)) - Container #1 is in OPEN state, but the datanode 93f10d81-f4b6-4237-b2e6-6c2ccf8ca027{ip: 192.168.34.25, host: pr-hdds-2318-jnjn8-2612408985, networkLocation: /default-rack, certSerialId: null} reports an CLOSED replica.
2019-10-18 07:02:25,241 [EventQueue-ContainerReportForContainerReportHandler] WARN  container.ContainerReportHandler (AbstractContainerReportHandler.java:updateContainerState(145)) - Container #1 is in OPEN state, but the datanode f69cf638-138d-4576-91da-2cd882e57eee{ip: 192.168.34.25, host: pr-hdds-2318-jnjn8-2612408985, networkLocation: /default-rack, certSerialId: null} reports an CLOSED replica.
2019-10-18 07:02:25,242 [EventQueue-ContainerReportForContainerReportHandler] WARN  container.ContainerReportHandler (AbstractContainerReportHandler.java:updateContainerState(145)) - Container #1 is in OPEN state, but the datanode 93f10d81-f4b6-4237-b2e6-6c2ccf8ca027{ip: 192.168.34.25, host: pr-hdds-2318-jnjn8-2612408985, networkLocation: /default-rack, certSerialId: null} reports an CLOSED replica.
2019-10-18 07:02:25,542 [EventQueue-ContainerReportForContainerReportHandler] WARN  container.ContainerReportHandler (AbstractContainerReportHandler.java:updateContainerState(145)) - Container #1 is in OPEN state, but the datanode 93f10d81-f4b6-4237-b2e6-6c2ccf8ca027{ip: 192.168.34.25, host: pr-hdds-2318-jnjn8-2612408985, networkLocation: /default-rack, certSerialId: null} reports an CLOSED replica.
2019-10-18 07:02:25,641 [EventQueue-ContainerReportForContainerReportHandler] WARN  container.ContainerReportHandler (AbstractContainerReportHandler.java:updateContainerState(145)) - Container #1 is in OPEN state, but the datanode f69cf638-138d-4576-91da-2cd882e57eee{ip: 192.168.34.25, host: pr-hdds-2318-jnjn8-2612408985, networkLocation: /default-rack, certSerialId: null} reports an CLOSED replica.
2019-10-18 07:02:25,942 [EventQueue-ContainerReportForContainerReportHandler] WARN  container.ContainerReportHandler (AbstractContainerReportHandler.java:updateContainerState(145)) - Container #1 is in OPEN state, but the datanode f69cf638-138d-4576-91da-2cd882e57eee{ip: 192.168.34.25, host: pr-hdds-2318-jnjn8-2612408985, networkLocation: /default-rack, certSerialId: null} reports an CLOSED replica.
2019-10-18 07:02:25,942 [EventQueue-ContainerReportForContainerReportHandler] WARN  container.ContainerReportHandler (AbstractContainerReportHandler.java:updateContainerState(145)) - Container #1 is in OPEN state, but the datanode 93f10d81-f4b6-4237-b2e6-6c2ccf8ca027{ip: 192.168.34.25, host: pr-hdds-2318-jnjn8-2612408985, networkLocation: /default-rack, certSerialId: null} reports an CLOSED replica.
2019-10-18 07:02:25,972 [Thread-377] INFO  client.GrpcClientProtocolService (GrpcClientProtocolService.java:lambda$processClientRequest$0(278)) - Failed RaftClientRequest:client-79AC2A5FBE9C->f69cf638-138d-4576-91da-2cd882e57eee@group-CAF408347A58, cid=10, seq=0, Watch-ALL_COMMITTED(6), Message:<EMPTY>, reply=RaftClientReply:client-79AC2A5FBE9C->f69cf638-138d-4576-91da-2cd882e57eee@group-CAF408347A58, cid=10, FAILED org.apache.ratis.protocol.NotLeaderException: Server f69cf638-138d-4576-91da-2cd882e57eee@group-CAF408347A58 is not the leader 93f10d81-f4b6-4237-b2e6-6c2ccf8ca027:192.168.34.25:43753, logIndex=0, commits[f69cf638-138d-4576-91da-2cd882e57eee:c10, 46b9516a-dfd6-4e8f-8939-5a6242357177:c4, 93f10d81-f4b6-4237-b2e6-6c2ccf8ca027:c10]
2019-10-18 07:02:25,981 [BlockDeletingService#2] WARN  background.BlockDeletingService (BlockDeletingService.java:isDeletionAllowed(187)) - Close Container log Index 6 is not replicated across allthe servers in the pipeline fe68d6de-2f7f-4088-a26e-caf408347a58 as the min replicated index is 4. Deletion is not allowed in this container yet.
2019-10-18 07:02:25,982 [BlockDeletingService#2] WARN  background.BlockDeletingService (BlockDeletingService.java:isDeletionAllowed(187)) - Close Container log Index 6 is not replicated across allthe servers in the pipeline fe68d6de-2f7f-4088-a26e-caf408347a58 as the min replicated index is 4. Deletion is not allowed in this container yet.
2019-10-18 07:02:26,143 [EventQueue-ContainerReportForContainerReportHandler] WARN  container.ContainerReportHandler (AbstractContainerReportHandler.java:updateContainerState(145)) - Container #1 is in OPEN state, but the datanode 93f10d81-f4b6-4237-b2e6-6c2ccf8ca027{ip: 192.168.34.25, host: pr-hdds-2318-jnjn8-2612408985, networkLocation: /default-rack, certSerialId: null} reports an CLOSED replica.
2019-10-18 07:02:26,242 [EventQueue-ContainerReportForContainerReportHandler] WARN  container.ContainerReportHandler (AbstractContainerReportHandler.java:updateContainerState(145)) - Container #1 is in OPEN state, but the datanode f69cf638-138d-4576-91da-2cd882e57eee{ip: 192.168.34.25, host: pr-hdds-2318-jnjn8-2612408985, networkLocation: /default-rack, certSerialId: null} reports an CLOSED replica.
2019-10-18 07:02:26,344 [EventQueue-ContainerReportForContainerReportHandler] WARN  container.ContainerReportHandler (AbstractContainerReportHandler.java:updateContainerState(145)) - Container #1 is in OPEN state, but the datanode 93f10d81-f4b6-4237-b2e6-6c2ccf8ca027{ip: 192.168.34.25, host: pr-hdds-2318-jnjn8-2612408985, networkLocation: /default-rack, certSerialId: null} reports an CLOSED replica.
2019-10-18 07:02:26,542 [EventQueue-ContainerReportForContainerReportHandler] WARN  container.ContainerReportHandler (AbstractContainerReportHandler.java:updateContainerState(145)) - Container #1 is in OPEN state, but the datanode f69cf638-138d-4576-91da-2cd882e57eee{ip: 192.168.34.25, host: pr-hdds-2318-jnjn8-2612408985, networkLocation: /default-rack, certSerialId: null} reports an CLOSED replica.
2019-10-18 07:02:26,744 [EventQueue-ContainerReportForContainerReportHandler] WARN  container.ContainerReportHandler (AbstractContainerReportHandler.java:updateContainerState(145)) - Container #1 is in OPEN state, but the datanode f69cf638-138d-4576-91da-2cd882e57eee{ip: 192.168.34.25, host: pr-hdds-2318-jnjn8-2612408985, networkLocation: /default-rack, certSerialId: null} reports an CLOSED replica.
2019-10-18 07:02:26,744 [EventQueue-ContainerReportForContainerReportHandler] WARN  container.ContainerReportHandler (AbstractContainerReportHandler.java:updateContainerState(145)) - Container #1 is in OPEN state, but the datanode 93f10d81-f4b6-4237-b2e6-6c2ccf8ca027{ip: 192.168.34.25, host: pr-hdds-2318-jnjn8-2612408985, networkLocation: /default-rack, certSerialId: null} reports an CLOSED replica.
2019-10-18 07:02:26,862 [java.util.concurrent.ThreadPoolExecutor$Worker@35485c7f[State = -1, empty queue]] WARN  server.GrpcLogAppender (GrpcLogAppender.java:timeoutAppendRequest(209)) - 93f10d81-f4b6-4237-b2e6-6c2ccf8ca027@group-CAF408347A58->46b9516a-dfd6-4e8f-8939-5a6242357177-GrpcLogAppender: appendEntries Timeout, request=93f10d81-f4b6-4237-b2e6-6c2ccf8ca027->46b9516a-dfd6-4e8f-8939-5a6242357177#31-t2, previous=(t:2, i:10), leaderCommit=10, initializing? false, entries: <empty>
2019-10-18 07:02:26,945 [EventQueue-ContainerReportForContainerReportHandler] WARN  container.ContainerReportHandler (AbstractContainerReportHandler.java:updateContainerState(145)) - Container #1 is in OPEN state, but the datanode f69cf638-138d-4576-91da-2cd882e57eee{ip: 192.168.34.25, host: pr-hdds-2318-jnjn8-2612408985, networkLocation: /default-rack, certSerialId: null} reports an CLOSED replica.
2019-10-18 07:02:26,983 [BlockDeletingService#2] WARN  background.BlockDeletingService (BlockDeletingService.java:isDeletionAllowed(187)) - Close Container log Index 6 is not replicated across allthe servers in the pipeline fe68d6de-2f7f-4088-a26e-caf408347a58 as the min replicated index is 4. Deletion is not allowed in this container yet.
2019-10-18 07:02:26,984 [BlockDeletingService#2] WARN  background.BlockDeletingService (BlockDeletingService.java:isDeletionAllowed(187)) - Close Container log Index 6 is not replicated across allthe servers in the pipeline fe68d6de-2f7f-4088-a26e-caf408347a58 as the min replicated index is 4. Deletion is not allowed in this container yet.
2019-10-18 07:02:27,045 [EventQueue-ContainerReportForContainerReportHandler] WARN  container.ContainerReportHandler (AbstractContainerReportHandler.java:updateContainerState(145)) - Container #1 is in OPEN state, but the datanode 93f10d81-f4b6-4237-b2e6-6c2ccf8ca027{ip: 192.168.34.25, host: pr-hdds-2318-jnjn8-2612408985, networkLocation: /default-rack, certSerialId: null} reports an CLOSED replica.
2019-10-18 07:02:27,244 [EventQueue-ContainerReportForContainerReportHandler] WARN  container.ContainerReportHandler (AbstractContainerReportHandler.java:updateContainerState(145)) - Container #1 is in OPEN state, but the datanode f69cf638-138d-4576-91da-2cd882e57eee{ip: 192.168.34.25, host: pr-hdds-2318-jnjn8-2612408985, networkLocation: /default-rack, certSerialId: null} reports an CLOSED replica.
2019-10-18 07:02:27,344 [EventQueue-ContainerReportForContainerReportHandler] WARN  container.ContainerReportHandler (AbstractContainerReportHandler.java:updateContainerState(145)) - Container #1 is in OPEN state, but the datanode 93f10d81-f4b6-4237-b2e6-6c2ccf8ca027{ip: 192.168.34.25, host: pr-hdds-2318-jnjn8-2612408985, networkLocation: /default-rack, certSerialId: null} reports an CLOSED replica.
2019-10-18 07:02:27,444 [EventQueue-ContainerReportForContainerReportHandler] WARN  container.ContainerReportHandler (AbstractContainerReportHandler.java:updateContainerState(145)) - Container #1 is in OPEN state, but the datanode f69cf638-138d-4576-91da-2cd882e57eee{ip: 192.168.34.25, host: pr-hdds-2318-jnjn8-2612408985, networkLocation: /default-rack, certSerialId: null} reports an CLOSED replica.
2019-10-18 07:02:27,744 [EventQueue-ContainerReportForContainerReportHandler] WARN  container.ContainerReportHandler (AbstractContainerReportHandler.java:updateContainerState(145)) - Container #1 is in OPEN state, but the datanode 93f10d81-f4b6-4237-b2e6-6c2ccf8ca027{ip: 192.168.34.25, host: pr-hdds-2318-jnjn8-2612408985, networkLocation: /default-rack, certSerialId: null} reports an CLOSED replica.
2019-10-18 07:02:27,745 [EventQueue-ContainerReportForContainerReportHandler] WARN  container.ContainerReportHandler (AbstractContainerReportHandler.java:updateContainerState(145)) - Container #1 is in OPEN state, but the datanode f69cf638-138d-4576-91da-2cd882e57eee{ip: 192.168.34.25, host: pr-hdds-2318-jnjn8-2612408985, networkLocation: /default-rack, certSerialId: null} reports an CLOSED replica.
2019-10-18 07:02:27,755 [Thread-386] INFO  client.GrpcClientProtocolService (GrpcClientProtocolService.java:lambda$processClientRequest$0(278)) - Failed RaftClientRequest:client-79AC2A5FBE9C->93f10d81-f4b6-4237-b2e6-6c2ccf8ca027@group-CAF408347A58, cid=10, seq=0, Watch-ALL_COMMITTED(6), Message:<EMPTY>, reply=RaftClientReply:client-79AC2A5FBE9C->93f10d81-f4b6-4237-b2e6-6c2ccf8ca027@group-CAF408347A58, cid=10, FAILED org.apache.ratis.protocol.NotReplicatedException: Request with call Id 10 and log index 6 is not yet replicated to ALL_COMMITTED, logIndex=6, commits[93f10d81-f4b6-4237-b2e6-6c2ccf8ca027:c10, f69cf638-138d-4576-91da-2cd882e57eee:c10, 46b9516a-dfd6-4e8f-8939-5a6242357177:c4]
2019-10-18 07:02:27,944 [EventQueue-ContainerReportForContainerReportHandler] WARN  container.ContainerReportHandler (AbstractContainerReportHandler.java:updateContainerState(145)) - Container #1 is in OPEN state, but the datanode f69cf638-138d-4576-91da-2cd882e57eee{ip: 192.168.34.25, host: pr-hdds-2318-jnjn8-2612408985, networkLocation: /default-rack, certSerialId: null} reports an CLOSED replica.
2019-10-18 07:02:27,984 [BlockDeletingService#2] WARN  background.BlockDeletingService (BlockDeletingService.java:isDeletionAllowed(187)) - Close Container log Index 6 is not replicated across allthe servers in the pipeline fe68d6de-2f7f-4088-a26e-caf408347a58 as the min replicated index is 4. Deletion is not allowed in this container yet.
2019-10-18 07:02:27,986 [BlockDeletingService#2] WARN  background.BlockDeletingService (BlockDeletingService.java:isDeletionAllowed(187)) - Close Container log Index 6 is not replicated across allthe servers in the pipeline fe68d6de-2f7f-4088-a26e-caf408347a58 as the min replicated index is 4. Deletion is not allowed in this container yet.
2019-10-18 07:02:28,144 [EventQueue-ContainerReportForContainerReportHandler] WARN  container.ContainerReportHandler (AbstractContainerReportHandler.java:updateContainerState(145)) - Container #1 is in OPEN state, but the datanode 93f10d81-f4b6-4237-b2e6-6c2ccf8ca027{ip: 192.168.34.25, host: pr-hdds-2318-jnjn8-2612408985, networkLocation: /default-rack, certSerialId: null} reports an CLOSED replica.
2019-10-18 07:02:28,244 [EventQueue-ContainerReportForContainerReportHandler] WARN  container.ContainerReportHandler (AbstractContainerReportHandler.java:updateContainerState(145)) - Container #1 is in OPEN state, but the datanode f69cf638-138d-4576-91da-2cd882e57eee{ip: 192.168.34.25, host: pr-hdds-2318-jnjn8-2612408985, networkLocation: /default-rack, certSerialId: null} reports an CLOSED replica.
2019-10-18 07:02:28,344 [EventQueue-ContainerReportForContainerReportHandler] WARN  container.ContainerReportHandler (AbstractContainerReportHandler.java:updateContainerState(145)) - Container #1 is in OPEN state, but the datanode 93f10d81-f4b6-4237-b2e6-6c2ccf8ca027{ip: 192.168.34.25, host: pr-hdds-2318-jnjn8-2612408985, networkLocation: /default-rack, certSerialId: null} reports an CLOSED replica.
2019-10-18 07:02:28,444 [EventQueue-ContainerReportForContainerReportHandler] WARN  container.ContainerReportHandler (AbstractContainerReportHandler.java:updateContainerState(145)) - Container #1 is in OPEN state, but the datanode f69cf638-138d-4576-91da-2cd882e57eee{ip: 192.168.34.25, host: pr-hdds-2318-jnjn8-2612408985, networkLocation: /default-rack, certSerialId: null} reports an CLOSED replica.
2019-10-18 07:02:28,745 [EventQueue-ContainerReportForContainerReportHandler] WARN  container.ContainerReportHandler (AbstractContainerReportHandler.java:updateContainerState(145)) - Container #1 is in OPEN state, but the datanode 93f10d81-f4b6-4237-b2e6-6c2ccf8ca027{ip: 192.168.34.25, host: pr-hdds-2318-jnjn8-2612408985, networkLocation: /default-rack, certSerialId: null} reports an CLOSED replica.
2019-10-18 07:02:28,845 [EventQueue-ContainerReportForContainerReportHandler] WARN  container.ContainerReportHandler (AbstractContainerReportHandler.java:updateContainerState(145)) - Container #1 is in OPEN state, but the datanode f69cf638-138d-4576-91da-2cd882e57eee{ip: 192.168.34.25, host: pr-hdds-2318-jnjn8-2612408985, networkLocation: /default-rack, certSerialId: null} reports an CLOSED replica.
2019-10-18 07:02:28,999 [BlockDeletingService#2] WARN  background.BlockDeletingService (BlockDeletingService.java:isDeletionAllowed(187)) - Close Container log Index 6 is not replicated across allthe servers in the pipeline fe68d6de-2f7f-4088-a26e-caf408347a58 as the min replicated index is 4. Deletion is not allowed in this container yet.
2019-10-18 07:02:28,999 [BlockDeletingService#2] WARN  background.BlockDeletingService (BlockDeletingService.java:isDeletionAllowed(187)) - Close Container log Index 6 is not replicated across allthe servers in the pipeline fe68d6de-2f7f-4088-a26e-caf408347a58 as the min replicated index is 4. Deletion is not allowed in this container yet.
2019-10-18 07:02:29,048 [EventQueue-ContainerReportForContainerReportHandler] WARN  container.ContainerReportHandler (AbstractContainerReportHandler.java:updateContainerState(145)) - Container #1 is in OPEN state, but the datanode 93f10d81-f4b6-4237-b2e6-6c2ccf8ca027{ip: 192.168.34.25, host: pr-hdds-2318-jnjn8-2612408985, networkLocation: /default-rack, certSerialId: null} reports an CLOSED replica.
2019-10-18 07:02:29,146 [EventQueue-ContainerReportForContainerReportHandler] WARN  container.ContainerReportHandler (AbstractContainerReportHandler.java:updateContainerState(145)) - Container #1 is in OPEN state, but the datanode f69cf638-138d-4576-91da-2cd882e57eee{ip: 192.168.34.25, host: pr-hdds-2318-jnjn8-2612408985, networkLocation: /default-rack, certSerialId: null} reports an CLOSED replica.
2019-10-18 07:02:29,346 [EventQueue-ContainerReportForContainerReportHandler] WARN  container.ContainerReportHandler (AbstractContainerReportHandler.java:updateContainerState(145)) - Container #1 is in OPEN state, but the datanode f69cf638-138d-4576-91da-2cd882e57eee{ip: 192.168.34.25, host: pr-hdds-2318-jnjn8-2612408985, networkLocation: /default-rack, certSerialId: null} reports an CLOSED replica.
2019-10-18 07:02:29,363 [java.util.concurrent.ThreadPoolExecutor$Worker@35485c7f[State = -1, empty queue]] WARN  server.GrpcLogAppender (GrpcLogAppender.java:timeoutAppendRequest(209)) - 93f10d81-f4b6-4237-b2e6-6c2ccf8ca027@group-CAF408347A58->46b9516a-dfd6-4e8f-8939-5a6242357177-GrpcLogAppender: appendEntries Timeout, request=93f10d81-f4b6-4237-b2e6-6c2ccf8ca027->46b9516a-dfd6-4e8f-8939-5a6242357177#32-t2, previous=(t:2, i:10), leaderCommit=10, initializing? false, entries: <empty>
2019-10-18 07:02:29,446 [EventQueue-ContainerReportForContainerReportHandler] WARN  container.ContainerReportHandler (AbstractContainerReportHandler.java:updateContainerState(145)) - Container #1 is in OPEN state, but the datanode 93f10d81-f4b6-4237-b2e6-6c2ccf8ca027{ip: 192.168.34.25, host: pr-hdds-2318-jnjn8-2612408985, networkLocation: /default-rack, certSerialId: null} reports an CLOSED replica.
2019-10-18 07:02:29,647 [EventQueue-ContainerReportForContainerReportHandler] WARN  container.ContainerReportHandler (AbstractContainerReportHandler.java:updateContainerState(145)) - Container #1 is in OPEN state, but the datanode f69cf638-138d-4576-91da-2cd882e57eee{ip: 192.168.34.25, host: pr-hdds-2318-jnjn8-2612408985, networkLocation: /default-rack, certSerialId: null} reports an CLOSED replica.
2019-10-18 07:02:29,848 [EventQueue-ContainerReportForContainerReportHandler] WARN  container.ContainerReportHandler (AbstractContainerReportHandler.java:updateContainerState(145)) - Container #1 is in OPEN state, but the datanode 93f10d81-f4b6-4237-b2e6-6c2ccf8ca027{ip: 192.168.34.25, host: pr-hdds-2318-jnjn8-2612408985, networkLocation: /default-rack, certSerialId: null} reports an CLOSED replica.
2019-10-18 07:02:30,002 [BlockDeletingService#2] WARN  background.BlockDeletingService (BlockDeletingService.java:isDeletionAllowed(187)) - Close Container log Index 6 is not replicated across allthe servers in the pipeline fe68d6de-2f7f-4088-a26e-caf408347a58 as the min replicated index is 4. Deletion is not allowed in this container yet.
2019-10-18 07:02:30,002 [BlockDeletingService#2] WARN  background.BlockDeletingService (BlockDeletingService.java:isDeletionAllowed(187)) - Close Container log Index 6 is not replicated across allthe servers in the pipeline fe68d6de-2f7f-4088-a26e-caf408347a58 as the min replicated index is 4. Deletion is not allowed in this container yet.
2019-10-18 07:02:30,048 [EventQueue-ContainerReportForContainerReportHandler] WARN  container.ContainerReportHandler (AbstractContainerReportHandler.java:updateContainerState(145)) - Container #1 is in OPEN state, but the datanode f69cf638-138d-4576-91da-2cd882e57eee{ip: 192.168.34.25, host: pr-hdds-2318-jnjn8-2612408985, networkLocation: /default-rack, certSerialId: null} reports an CLOSED replica.
2019-10-18 07:02:30,048 [EventQueue-ContainerReportForContainerReportHandler] WARN  container.ContainerReportHandler (AbstractContainerReportHandler.java:updateContainerState(145)) - Container #1 is in OPEN state, but the datanode 93f10d81-f4b6-4237-b2e6-6c2ccf8ca027{ip: 192.168.34.25, host: pr-hdds-2318-jnjn8-2612408985, networkLocation: /default-rack, certSerialId: null} reports an CLOSED replica.
2019-10-18 07:02:30,349 [EventQueue-ContainerReportForContainerReportHandler] WARN  container.ContainerReportHandler (AbstractContainerReportHandler.java:updateContainerState(145)) - Container #1 is in OPEN state, but the datanode f69cf638-138d-4576-91da-2cd882e57eee{ip: 192.168.34.25, host: pr-hdds-2318-jnjn8-2612408985, networkLocation: /default-rack, certSerialId: null} reports an CLOSED replica.
2019-10-18 07:02:30,449 [EventQueue-ContainerReportForContainerReportHandler] WARN  container.ContainerReportHandler (AbstractContainerReportHandler.java:updateContainerState(145)) - Container #1 is in OPEN state, but the datanode 93f10d81-f4b6-4237-b2e6-6c2ccf8ca027{ip: 192.168.34.25, host: pr-hdds-2318-jnjn8-2612408985, networkLocation: /default-rack, certSerialId: null} reports an CLOSED replica.
2019-10-18 07:02:30,549 [EventQueue-ContainerReportForContainerReportHandler] WARN  container.ContainerReportHandler (AbstractContainerReportHandler.java:updateContainerState(145)) - Container #1 is in OPEN state, but the datanode f69cf638-138d-4576-91da-2cd882e57eee{ip: 192.168.34.25, host: pr-hdds-2318-jnjn8-2612408985, networkLocation: /default-rack, certSerialId: null} reports an CLOSED replica.
2019-10-18 07:02:30,749 [EventQueue-ContainerReportForContainerReportHandler] WARN  container.ContainerReportHandler (AbstractContainerReportHandler.java:updateContainerState(145)) - Container #1 is in OPEN state, but the datanode 93f10d81-f4b6-4237-b2e6-6c2ccf8ca027{ip: 192.168.34.25, host: pr-hdds-2318-jnjn8-2612408985, networkLocation: /default-rack, certSerialId: null} reports an CLOSED replica.
2019-10-18 07:02:30,950 [EventQueue-ContainerReportForContainerReportHandler] WARN  container.ContainerReportHandler (AbstractContainerReportHandler.java:updateContainerState(145)) - Container #1 is in OPEN state, but the datanode 93f10d81-f4b6-4237-b2e6-6c2ccf8ca027{ip: 192.168.34.25, host: pr-hdds-2318-jnjn8-2612408985, networkLocation: /default-rack, certSerialId: null} reports an CLOSED replica.
2019-10-18 07:02:30,950 [EventQueue-ContainerReportForContainerReportHandler] WARN  container.ContainerReportHandler (AbstractContainerReportHandler.java:updateContainerState(145)) - Container #1 is in OPEN state, but the datanode f69cf638-138d-4576-91da-2cd882e57eee{ip: 192.168.34.25, host: pr-hdds-2318-jnjn8-2612408985, networkLocation: /default-rack, certSerialId: null} reports an CLOSED replica.
2019-10-18 07:02:31,003 [BlockDeletingService#2] WARN  background.BlockDeletingService (BlockDeletingService.java:isDeletionAllowed(187)) - Close Container log Index 6 is not replicated across allthe servers in the pipeline fe68d6de-2f7f-4088-a26e-caf408347a58 as the min replicated index is 4. Deletion is not allowed in this container yet.
2019-10-18 07:02:31,003 [BlockDeletingService#2] WARN  background.BlockDeletingService (BlockDeletingService.java:isDeletionAllowed(187)) - Close Container log Index 6 is not replicated across allthe servers in the pipeline fe68d6de-2f7f-4088-a26e-caf408347a58 as the min replicated index is 4. Deletion is not allowed in this container yet.
2019-10-18 07:02:31,150 [EventQueue-ContainerReportForContainerReportHandler] WARN  container.ContainerReportHandler (AbstractContainerReportHandler.java:updateContainerState(145)) - Container #1 is in OPEN state, but the datanode 93f10d81-f4b6-4237-b2e6-6c2ccf8ca027{ip: 192.168.34.25, host: pr-hdds-2318-jnjn8-2612408985, networkLocation: /default-rack, certSerialId: null} reports an CLOSED replica.
2019-10-18 07:02:31,350 [EventQueue-ContainerReportForContainerReportHandler] WARN  container.ContainerReportHandler (AbstractContainerReportHandler.java:updateContainerState(145)) - Container #1 is in OPEN state, but the datanode f69cf638-138d-4576-91da-2cd882e57eee{ip: 192.168.34.25, host: pr-hdds-2318-jnjn8-2612408985, networkLocation: /default-rack, certSerialId: null} reports an CLOSED replica.
2019-10-18 07:02:31,451 [EventQueue-ContainerReportForContainerReportHandler] WARN  container.ContainerReportHandler (AbstractContainerReportHandler.java:updateContainerState(145)) - Container #1 is in OPEN state, but the datanode 93f10d81-f4b6-4237-b2e6-6c2ccf8ca027{ip: 192.168.34.25, host: pr-hdds-2318-jnjn8-2612408985, networkLocation: /default-rack, certSerialId: null} reports an CLOSED replica.
2019-10-18 07:02:31,652 [EventQueue-ContainerReportForContainerReportHandler] WARN  container.ContainerReportHandler (AbstractContainerReportHandler.java:updateContainerState(145)) - Container #1 is in OPEN state, but the datanode f69cf638-138d-4576-91da-2cd882e57eee{ip: 192.168.34.25, host: pr-hdds-2318-jnjn8-2612408985, networkLocation: /default-rack, certSerialId: null} reports an CLOSED replica.
2019-10-18 07:02:31,753 [EventQueue-ContainerReportForContainerReportHandler] WARN  container.ContainerReportHandler (AbstractContainerReportHandler.java:updateContainerState(145)) - Container #1 is in OPEN state, but the datanode 93f10d81-f4b6-4237-b2e6-6c2ccf8ca027{ip: 192.168.34.25, host: pr-hdds-2318-jnjn8-2612408985, networkLocation: /default-rack, certSerialId: null} reports an CLOSED replica.
2019-10-18 07:02:31,852 [EventQueue-ContainerReportForContainerReportHandler] WARN  container.ContainerReportHandler (AbstractContainerReportHandler.java:updateContainerState(145)) - Container #1 is in OPEN state, but the datanode f69cf638-138d-4576-91da-2cd882e57eee{ip: 192.168.34.25, host: pr-hdds-2318-jnjn8-2612408985, networkLocation: /default-rack, certSerialId: null} reports an CLOSED replica.
2019-10-18 07:02:31,865 [java.util.concurrent.ThreadPoolExecutor$Worker@35485c7f[State = -1, empty queue]] WARN  server.GrpcLogAppender (GrpcLogAppender.java:timeoutAppendRequest(209)) - 93f10d81-f4b6-4237-b2e6-6c2ccf8ca027@group-CAF408347A58->46b9516a-dfd6-4e8f-8939-5a6242357177-GrpcLogAppender: appendEntries Timeout, request=93f10d81-f4b6-4237-b2e6-6c2ccf8ca027->46b9516a-dfd6-4e8f-8939-5a6242357177#33-t2, previous=(t:2, i:10), leaderCommit=10, initializing? false, entries: <empty>
2019-10-18 07:02:32,005 [BlockDeletingService#2] WARN  background.BlockDeletingService (BlockDeletingService.java:isDeletionAllowed(187)) - Close Container log Index 6 is not replicated across allthe servers in the pipeline fe68d6de-2f7f-4088-a26e-caf408347a58 as the min replicated index is 4. Deletion is not allowed in this container yet.
2019-10-18 07:02:32,005 [BlockDeletingService#2] WARN  background.BlockDeletingService (BlockDeletingService.java:isDeletionAllowed(187)) - Close Container log Index 6 is not replicated across allthe servers in the pipeline fe68d6de-2f7f-4088-a26e-caf408347a58 as the min replicated index is 4. Deletion is not allowed in this container yet.
2019-10-18 07:02:32,152 [EventQueue-ContainerReportForContainerReportHandler] WARN  container.ContainerReportHandler (AbstractContainerReportHandler.java:updateContainerState(145)) - Container #1 is in OPEN state, but the datanode 93f10d81-f4b6-4237-b2e6-6c2ccf8ca027{ip: 192.168.34.25, host: pr-hdds-2318-jnjn8-2612408985, networkLocation: /default-rack, certSerialId: null} reports an CLOSED replica.
2019-10-18 07:02:32,252 [EventQueue-ContainerReportForContainerReportHandler] WARN  container.ContainerReportHandler (AbstractContainerReportHandler.java:updateContainerState(145)) - Container #1 is in OPEN state, but the datanode f69cf638-138d-4576-91da-2cd882e57eee{ip: 192.168.34.25, host: pr-hdds-2318-jnjn8-2612408985, networkLocation: /default-rack, certSerialId: null} reports an CLOSED replica.
2019-10-18 07:02:32,452 [EventQueue-ContainerReportForContainerReportHandler] WARN  container.ContainerReportHandler (AbstractContainerReportHandler.java:updateContainerState(145)) - Container #1 is in OPEN state, but the datanode f69cf638-138d-4576-91da-2cd882e57eee{ip: 192.168.34.25, host: pr-hdds-2318-jnjn8-2612408985, networkLocation: /default-rack, certSerialId: null} reports an CLOSED replica.
2019-10-18 07:02:32,453 [EventQueue-ContainerReportForContainerReportHandler] WARN  container.ContainerReportHandler (AbstractContainerReportHandler.java:updateContainerState(145)) - Container #1 is in OPEN state, but the datanode 93f10d81-f4b6-4237-b2e6-6c2ccf8ca027{ip: 192.168.34.25, host: pr-hdds-2318-jnjn8-2612408985, networkLocation: /default-rack, certSerialId: null} reports an CLOSED replica.
2019-10-18 07:02:32,652 [EventQueue-ContainerReportForContainerReportHandler] WARN  container.ContainerReportHandler (AbstractContainerReportHandler.java:updateContainerState(145)) - Container #1 is in OPEN state, but the datanode 93f10d81-f4b6-4237-b2e6-6c2ccf8ca027{ip: 192.168.34.25, host: pr-hdds-2318-jnjn8-2612408985, networkLocation: /default-rack, certSerialId: null} reports an CLOSED replica.
2019-10-18 07:02:32,753 [EventQueue-ContainerReportForContainerReportHandler] WARN  container.ContainerReportHandler (AbstractContainerReportHandler.java:updateContainerState(145)) - Container #1 is in OPEN state, but the datanode f69cf638-138d-4576-91da-2cd882e57eee{ip: 192.168.34.25, host: pr-hdds-2318-jnjn8-2612408985, networkLocation: /default-rack, certSerialId: null} reports an CLOSED replica.
2019-10-18 07:02:32,953 [EventQueue-ContainerReportForContainerReportHandler] WARN  container.ContainerReportHandler (AbstractContainerReportHandler.java:updateContainerState(145)) - Container #1 is in OPEN state, but the datanode f69cf638-138d-4576-91da-2cd882e57eee{ip: 192.168.34.25, host: pr-hdds-2318-jnjn8-2612408985, networkLocation: /default-rack, certSerialId: null} reports an CLOSED replica.
2019-10-18 07:02:33,007 [BlockDeletingService#2] WARN  background.BlockDeletingService (BlockDeletingService.java:isDeletionAllowed(187)) - Close Container log Index 6 is not replicated across allthe servers in the pipeline fe68d6de-2f7f-4088-a26e-caf408347a58 as the min replicated index is 4. Deletion is not allowed in this container yet.
2019-10-18 07:02:33,007 [BlockDeletingService#2] WARN  background.BlockDeletingService (BlockDeletingService.java:isDeletionAllowed(187)) - Close Container log Index 6 is not replicated across allthe servers in the pipeline fe68d6de-2f7f-4088-a26e-caf408347a58 as the min replicated index is 4. Deletion is not allowed in this container yet.
2019-10-18 07:02:33,053 [EventQueue-ContainerReportForContainerReportHandler] WARN  container.ContainerReportHandler (AbstractContainerReportHandler.java:updateContainerState(145)) - Container #1 is in OPEN state, but the datanode 93f10d81-f4b6-4237-b2e6-6c2ccf8ca027{ip: 192.168.34.25, host: pr-hdds-2318-jnjn8-2612408985, networkLocation: /default-rack, certSerialId: null} reports an CLOSED replica.
2019-10-18 07:02:33,253 [EventQueue-ContainerReportForContainerReportHandler] WARN  container.ContainerReportHandler (AbstractContainerReportHandler.java:updateContainerState(145)) - Container #1 is in OPEN state, but the datanode f69cf638-138d-4576-91da-2cd882e57eee{ip: 192.168.34.25, host: pr-hdds-2318-jnjn8-2612408985, networkLocation: /default-rack, certSerialId: null} reports an CLOSED replica.
2019-10-18 07:02:33,453 [EventQueue-ContainerReportForContainerReportHandler] WARN  container.ContainerReportHandler (AbstractContainerReportHandler.java:updateContainerState(145)) - Container #1 is in OPEN state, but the datanode 93f10d81-f4b6-4237-b2e6-6c2ccf8ca027{ip: 192.168.34.25, host: pr-hdds-2318-jnjn8-2612408985, networkLocation: /default-rack, certSerialId: null} reports an CLOSED replica.
2019-10-18 07:02:33,653 [EventQueue-ContainerReportForContainerReportHandler] WARN  container.ContainerReportHandler (AbstractContainerReportHandler.java:updateContainerState(145)) - Container #1 is in OPEN state, but the datanode f69cf638-138d-4576-91da-2cd882e57eee{ip: 192.168.34.25, host: pr-hdds-2318-jnjn8-2612408985, networkLocation: /default-rack, certSerialId: null} reports an CLOSED replica.
2019-10-18 07:02:33,853 [EventQueue-ContainerReportForContainerReportHandler] WARN  container.ContainerReportHandler (AbstractContainerReportHandler.java:updateContainerState(145)) - Container #1 is in OPEN state, but the datanode 93f10d81-f4b6-4237-b2e6-6c2ccf8ca027{ip: 192.168.34.25, host: pr-hdds-2318-jnjn8-2612408985, networkLocation: /default-rack, certSerialId: null} reports an CLOSED replica.
2019-10-18 07:02:33,953 [EventQueue-ContainerReportForContainerReportHandler] WARN  container.ContainerReportHandler (AbstractContainerReportHandler.java:updateContainerState(145)) - Container #1 is in OPEN state, but the datanode f69cf638-138d-4576-91da-2cd882e57eee{ip: 192.168.34.25, host: pr-hdds-2318-jnjn8-2612408985, networkLocation: /default-rack, certSerialId: null} reports an CLOSED replica.
2019-10-18 07:02:34,008 [BlockDeletingService#2] WARN  background.BlockDeletingService (BlockDeletingService.java:isDeletionAllowed(187)) - Close Container log Index 6 is not replicated across allthe servers in the pipeline fe68d6de-2f7f-4088-a26e-caf408347a58 as the min replicated index is 4. Deletion is not allowed in this container yet.
2019-10-18 07:02:34,008 [BlockDeletingService#2] WARN  background.BlockDeletingService (BlockDeletingService.java:isDeletionAllowed(187)) - Close Container log Index 6 is not replicated across allthe servers in the pipeline fe68d6de-2f7f-4088-a26e-caf408347a58 as the min replicated index is 4. Deletion is not allowed in this container yet.
2019-10-18 07:02:34,153 [EventQueue-ContainerReportForContainerReportHandler] WARN  container.ContainerReportHandler (AbstractContainerReportHandler.java:updateContainerState(145)) - Container #1 is in OPEN state, but the datanode 93f10d81-f4b6-4237-b2e6-6c2ccf8ca027{ip: 192.168.34.25, host: pr-hdds-2318-jnjn8-2612408985, networkLocation: /default-rack, certSerialId: null} reports an CLOSED replica.
2019-10-18 07:02:34,353 [EventQueue-ContainerReportForContainerReportHandler] WARN  container.ContainerReportHandler (AbstractContainerReportHandler.java:updateContainerState(145)) - Container #1 is in OPEN state, but the datanode f69cf638-138d-4576-91da-2cd882e57eee{ip: 192.168.34.25, host: pr-hdds-2318-jnjn8-2612408985, networkLocation: /default-rack, certSerialId: null} reports an CLOSED replica.
2019-10-18 07:02:34,366 [java.util.concurrent.ThreadPoolExecutor$Worker@35485c7f[State = -1, empty queue]] WARN  server.GrpcLogAppender (GrpcLogAppender.java:timeoutAppendRequest(209)) - 93f10d81-f4b6-4237-b2e6-6c2ccf8ca027@group-CAF408347A58->46b9516a-dfd6-4e8f-8939-5a6242357177-GrpcLogAppender: appendEntries Timeout, request=93f10d81-f4b6-4237-b2e6-6c2ccf8ca027->46b9516a-dfd6-4e8f-8939-5a6242357177#34-t2, previous=(t:2, i:10), leaderCommit=10, initializing? false, entries: <empty>
2019-10-18 07:02:34,453 [EventQueue-ContainerReportForContainerReportHandler] WARN  container.ContainerReportHandler (AbstractContainerReportHandler.java:updateContainerState(145)) - Container #1 is in OPEN state, but the datanode 93f10d81-f4b6-4237-b2e6-6c2ccf8ca027{ip: 192.168.34.25, host: pr-hdds-2318-jnjn8-2612408985, networkLocation: /default-rack, certSerialId: null} reports an CLOSED replica.
2019-10-18 07:02:34,656 [EventQueue-ContainerReportForContainerReportHandler] WARN  container.ContainerReportHandler (AbstractContainerReportHandler.java:updateContainerState(145)) - Container #1 is in OPEN state, but the datanode f69cf638-138d-4576-91da-2cd882e57eee{ip: 192.168.34.25, host: pr-hdds-2318-jnjn8-2612408985, networkLocation: /default-rack, certSerialId: null} reports an CLOSED replica.
2019-10-18 07:02:34,753 [EventQueue-ContainerReportForContainerReportHandler] WARN  container.ContainerReportHandler (AbstractContainerReportHandler.java:updateContainerState(145)) - Container #1 is in OPEN state, but the datanode 93f10d81-f4b6-4237-b2e6-6c2ccf8ca027{ip: 192.168.34.25, host: pr-hdds-2318-jnjn8-2612408985, networkLocation: /default-rack, certSerialId: null} reports an CLOSED replica.
2019-10-18 07:02:34,953 [EventQueue-ContainerReportForContainerReportHandler] WARN  container.ContainerReportHandler (AbstractContainerReportHandler.java:updateContainerState(145)) - Container #1 is in OPEN state, but the datanode 93f10d81-f4b6-4237-b2e6-6c2ccf8ca027{ip: 192.168.34.25, host: pr-hdds-2318-jnjn8-2612408985, networkLocation: /default-rack, certSerialId: null} reports an CLOSED replica.
2019-10-18 07:02:34,954 [EventQueue-ContainerReportForContainerReportHandler] WARN  container.ContainerReportHandler (AbstractContainerReportHandler.java:updateContainerState(145)) - Container #1 is in OPEN state, but the datanode f69cf638-138d-4576-91da-2cd882e57eee{ip: 192.168.34.25, host: pr-hdds-2318-jnjn8-2612408985, networkLocation: /default-rack, certSerialId: null} reports an CLOSED replica.
2019-10-18 07:02:35,013 [BlockDeletingService#2] WARN  background.BlockDeletingService (BlockDeletingService.java:isDeletionAllowed(187)) - Close Container log Index 6 is not replicated across allthe servers in the pipeline fe68d6de-2f7f-4088-a26e-caf408347a58 as the min replicated index is 4. Deletion is not allowed in this container yet.
2019-10-18 07:02:35,013 [BlockDeletingService#2] WARN  background.BlockDeletingService (BlockDeletingService.java:isDeletionAllowed(187)) - Close Container log Index 6 is not replicated across allthe servers in the pipeline fe68d6de-2f7f-4088-a26e-caf408347a58 as the min replicated index is 4. Deletion is not allowed in this container yet.
2019-10-18 07:02:35,154 [EventQueue-ContainerReportForContainerReportHandler] WARN  container.ContainerReportHandler (AbstractContainerReportHandler.java:updateContainerState(145)) - Container #1 is in OPEN state, but the datanode f69cf638-138d-4576-91da-2cd882e57eee{ip: 192.168.34.25, host: pr-hdds-2318-jnjn8-2612408985, networkLocation: /default-rack, certSerialId: null} reports an CLOSED replica.
2019-10-18 07:02:35,254 [EventQueue-ContainerReportForContainerReportHandler] WARN  container.ContainerReportHandler (AbstractContainerReportHandler.java:updateContainerState(145)) - Container #1 is in OPEN state, but the datanode 93f10d81-f4b6-4237-b2e6-6c2ccf8ca027{ip: 192.168.34.25, host: pr-hdds-2318-jnjn8-2612408985, networkLocation: /default-rack, certSerialId: null} reports an CLOSED replica.
2019-10-18 07:02:35,453 [EventQueue-ContainerReportForContainerReportHandler] WARN  container.ContainerReportHandler (AbstractContainerReportHandler.java:updateContainerState(145)) - Container #1 is in OPEN state, but the datanode 93f10d81-f4b6-4237-b2e6-6c2ccf8ca027{ip: 192.168.34.25, host: pr-hdds-2318-jnjn8-2612408985, networkLocation: /default-rack, certSerialId: null} reports an CLOSED replica.
2019-10-18 07:02:35,455 [EventQueue-ContainerReportForContainerReportHandler] WARN  container.ContainerReportHandler (AbstractContainerReportHandler.java:updateContainerState(145)) - Container #1 is in OPEN state, but the datanode f69cf638-138d-4576-91da-2cd882e57eee{ip: 192.168.34.25, host: pr-hdds-2318-jnjn8-2612408985, networkLocation: /default-rack, certSerialId: null} reports an CLOSED replica.
2019-10-18 07:02:35,753 [EventQueue-ContainerReportForContainerReportHandler] WARN  container.ContainerReportHandler (AbstractContainerReportHandler.java:updateContainerState(145)) - Container #1 is in OPEN state, but the datanode 93f10d81-f4b6-4237-b2e6-6c2ccf8ca027{ip: 192.168.34.25, host: pr-hdds-2318-jnjn8-2612408985, networkLocation: /default-rack, certSerialId: null} reports an CLOSED replica.
2019-10-18 07:02:35,755 [EventQueue-ContainerReportForContainerReportHandler] WARN  container.ContainerReportHandler (AbstractContainerReportHandler.java:updateContainerState(145)) - Container #1 is in OPEN state, but the datanode f69cf638-138d-4576-91da-2cd882e57eee{ip: 192.168.34.25, host: pr-hdds-2318-jnjn8-2612408985, networkLocation: /default-rack, certSerialId: null} reports an CLOSED replica.
2019-10-18 07:02:36,015 [BlockDeletingService#2] WARN  background.BlockDeletingService (BlockDeletingService.java:isDeletionAllowed(187)) - Close Container log Index 6 is not replicated across allthe servers in the pipeline fe68d6de-2f7f-4088-a26e-caf408347a58 as the min replicated index is 4. Deletion is not allowed in this container yet.
2019-10-18 07:02:36,015 [BlockDeletingService#2] WARN  background.BlockDeletingService (BlockDeletingService.java:isDeletionAllowed(187)) - Close Container log Index 6 is not replicated across allthe servers in the pipeline fe68d6de-2f7f-4088-a26e-caf408347a58 as the min replicated index is 4. Deletion is not allowed in this container yet.
2019-10-18 07:02:36,054 [EventQueue-ContainerReportForContainerReportHandler] WARN  container.ContainerReportHandler (AbstractContainerReportHandler.java:updateContainerState(145)) - Container #1 is in OPEN state, but the datanode 93f10d81-f4b6-4237-b2e6-6c2ccf8ca027{ip: 192.168.34.25, host: pr-hdds-2318-jnjn8-2612408985, networkLocation: /default-rack, certSerialId: null} reports an CLOSED replica.
2019-10-18 07:02:36,155 [EventQueue-ContainerReportForContainerReportHandler] WARN  container.ContainerReportHandler (AbstractContainerReportHandler.java:updateContainerState(145)) - Container #1 is in OPEN state, but the datanode f69cf638-138d-4576-91da-2cd882e57eee{ip: 192.168.34.25, host: pr-hdds-2318-jnjn8-2612408985, networkLocation: /default-rack, certSerialId: null} reports an CLOSED replica.
2019-10-18 07:02:36,353 [EventQueue-ContainerReportForContainerReportHandler] WARN  container.ContainerReportHandler (AbstractContainerReportHandler.java:updateContainerState(145)) - Container #1 is in OPEN state, but the datanode 93f10d81-f4b6-4237-b2e6-6c2ccf8ca027{ip: 192.168.34.25, host: pr-hdds-2318-jnjn8-2612408985, networkLocation: /default-rack, certSerialId: null} reports an CLOSED replica.
2019-10-18 07:02:36,355 [EventQueue-ContainerReportForContainerReportHandler] WARN  container.ContainerReportHandler (AbstractContainerReportHandler.java:updateContainerState(145)) - Container #1 is in OPEN state, but the datanode f69cf638-138d-4576-91da-2cd882e57eee{ip: 192.168.34.25, host: pr-hdds-2318-jnjn8-2612408985, networkLocation: /default-rack, certSerialId: null} reports an CLOSED replica.
2019-10-18 07:02:36,553 [EventQueue-ContainerReportForContainerReportHandler] WARN  container.ContainerReportHandler (AbstractContainerReportHandler.java:updateContainerState(145)) - Container #1 is in OPEN state, but the datanode 93f10d81-f4b6-4237-b2e6-6c2ccf8ca027{ip: 192.168.34.25, host: pr-hdds-2318-jnjn8-2612408985, networkLocation: /default-rack, certSerialId: null} reports an CLOSED replica.
2019-10-18 07:02:36,755 [Thread-413] INFO  client.GrpcClientProtocolService (GrpcClientProtocolService.java:lambda$processClientRequest$0(278)) - Failed RaftClientRequest:client-79AC2A5FBE9C->93f10d81-f4b6-4237-b2e6-6c2ccf8ca027@group-CAF408347A58, cid=10, seq=0, Watch-ALL_COMMITTED(6), Message:<EMPTY>, reply=RaftClientReply:client-79AC2A5FBE9C->93f10d81-f4b6-4237-b2e6-6c2ccf8ca027@group-CAF408347A58, cid=10, FAILED org.apache.ratis.protocol.NotReplicatedException: Request with call Id 10 and log index 6 is not yet replicated to ALL_COMMITTED, logIndex=6, commits[93f10d81-f4b6-4237-b2e6-6c2ccf8ca027:c10, f69cf638-138d-4576-91da-2cd882e57eee:c10, 46b9516a-dfd6-4e8f-8939-5a6242357177:c4]
2019-10-18 07:02:36,755 [EventQueue-ContainerReportForContainerReportHandler] WARN  container.ContainerReportHandler (AbstractContainerReportHandler.java:updateContainerState(145)) - Container #1 is in OPEN state, but the datanode f69cf638-138d-4576-91da-2cd882e57eee{ip: 192.168.34.25, host: pr-hdds-2318-jnjn8-2612408985, networkLocation: /default-rack, certSerialId: null} reports an CLOSED replica.
2019-10-18 07:02:36,867 [java.util.concurrent.ThreadPoolExecutor$Worker@35485c7f[State = -1, empty queue]] WARN  server.GrpcLogAppender (GrpcLogAppender.java:timeoutAppendRequest(209)) - 93f10d81-f4b6-4237-b2e6-6c2ccf8ca027@group-CAF408347A58->46b9516a-dfd6-4e8f-8939-5a6242357177-GrpcLogAppender: appendEntries Timeout, request=93f10d81-f4b6-4237-b2e6-6c2ccf8ca027->46b9516a-dfd6-4e8f-8939-5a6242357177#35-t2, previous=(t:2, i:10), leaderCommit=10, initializing? false, entries: <empty>
2019-10-18 07:02:36,954 [EventQueue-ContainerReportForContainerReportHandler] WARN  container.ContainerReportHandler (AbstractContainerReportHandler.java:updateContainerState(145)) - Container #1 is in OPEN state, but the datanode 93f10d81-f4b6-4237-b2e6-6c2ccf8ca027{ip: 192.168.34.25, host: pr-hdds-2318-jnjn8-2612408985, networkLocation: /default-rack, certSerialId: null} reports an CLOSED replica.
2019-10-18 07:02:37,017 [BlockDeletingService#2] WARN  background.BlockDeletingService (BlockDeletingService.java:isDeletionAllowed(187)) - Close Container log Index 6 is not replicated across allthe servers in the pipeline fe68d6de-2f7f-4088-a26e-caf408347a58 as the min replicated index is 4. Deletion is not allowed in this container yet.
2019-10-18 07:02:37,017 [BlockDeletingService#2] WARN  background.BlockDeletingService (BlockDeletingService.java:isDeletionAllowed(187)) - Close Container log Index 6 is not replicated across allthe servers in the pipeline fe68d6de-2f7f-4088-a26e-caf408347a58 as the min replicated index is 4. Deletion is not allowed in this container yet.
2019-10-18 07:02:37,055 [EventQueue-ContainerReportForContainerReportHandler] WARN  container.ContainerReportHandler (AbstractContainerReportHandler.java:updateContainerState(145)) - Container #1 is in OPEN state, but the datanode f69cf638-138d-4576-91da-2cd882e57eee{ip: 192.168.34.25, host: pr-hdds-2318-jnjn8-2612408985, networkLocation: /default-rack, certSerialId: null} reports an CLOSED replica.
2019-10-18 07:02:37,255 [EventQueue-ContainerReportForContainerReportHandler] WARN  container.ContainerReportHandler (AbstractContainerReportHandler.java:updateContainerState(145)) - Container #1 is in OPEN state, but the datanode f69cf638-138d-4576-91da-2cd882e57eee{ip: 192.168.34.25, host: pr-hdds-2318-jnjn8-2612408985, networkLocation: /default-rack, certSerialId: null} reports an CLOSED replica.
2019-10-18 07:02:37,355 [EventQueue-ContainerReportForContainerReportHandler] WARN  container.ContainerReportHandler (AbstractContainerReportHandler.java:updateContainerState(145)) - Container #1 is in OPEN state, but the datanode 93f10d81-f4b6-4237-b2e6-6c2ccf8ca027{ip: 192.168.34.25, host: pr-hdds-2318-jnjn8-2612408985, networkLocation: /default-rack, certSerialId: null} reports an CLOSED replica.
2019-10-18 07:02:37,557 [EventQueue-ContainerReportForContainerReportHandler] WARN  container.ContainerReportHandler (AbstractContainerReportHandler.java:updateContainerState(145)) - Container #1 is in OPEN state, but the datanode f69cf638-138d-4576-91da-2cd882e57eee{ip: 192.168.34.25, host: pr-hdds-2318-jnjn8-2612408985, networkLocation: /default-rack, certSerialId: null} reports an CLOSED replica.
2019-10-18 07:02:37,654 [EventQueue-ContainerReportForContainerReportHandler] WARN  container.ContainerReportHandler (AbstractContainerReportHandler.java:updateContainerState(145)) - Container #1 is in OPEN state, but the datanode 93f10d81-f4b6-4237-b2e6-6c2ccf8ca027{ip: 192.168.34.25, host: pr-hdds-2318-jnjn8-2612408985, networkLocation: /default-rack, certSerialId: null} reports an CLOSED replica.
2019-10-18 07:02:37,855 [EventQueue-ContainerReportForContainerReportHandler] WARN  container.ContainerReportHandler (AbstractContainerReportHandler.java:updateContainerState(145)) - Container #1 is in OPEN state, but the datanode 93f10d81-f4b6-4237-b2e6-6c2ccf8ca027{ip: 192.168.34.25, host: pr-hdds-2318-jnjn8-2612408985, networkLocation: /default-rack, certSerialId: null} reports an CLOSED replica.
2019-10-18 07:02:37,958 [EventQueue-ContainerReportForContainerReportHandler] WARN  container.ContainerReportHandler (AbstractContainerReportHandler.java:updateContainerState(145)) - Container #1 is in OPEN state, but the datanode f69cf638-138d-4576-91da-2cd882e57eee{ip: 192.168.34.25, host: pr-hdds-2318-jnjn8-2612408985, networkLocation: /default-rack, certSerialId: null} reports an CLOSED replica.
2019-10-18 07:02:38,018 [BlockDeletingService#2] WARN  background.BlockDeletingService (BlockDeletingService.java:isDeletionAllowed(187)) - Close Container log Index 6 is not replicated across allthe servers in the pipeline fe68d6de-2f7f-4088-a26e-caf408347a58 as the min replicated index is 4. Deletion is not allowed in this container yet.
2019-10-18 07:02:38,018 [BlockDeletingService#2] WARN  background.BlockDeletingService (BlockDeletingService.java:isDeletionAllowed(187)) - Close Container log Index 6 is not replicated across allthe servers in the pipeline fe68d6de-2f7f-4088-a26e-caf408347a58 as the min replicated index is 4. Deletion is not allowed in this container yet.
2019-10-18 07:02:38,154 [EventQueue-ContainerReportForContainerReportHandler] WARN  container.ContainerReportHandler (AbstractContainerReportHandler.java:updateContainerState(145)) - Container #1 is in OPEN state, but the datanode 93f10d81-f4b6-4237-b2e6-6c2ccf8ca027{ip: 192.168.34.25, host: pr-hdds-2318-jnjn8-2612408985, networkLocation: /default-rack, certSerialId: null} reports an CLOSED replica.
2019-10-18 07:02:38,157 [EventQueue-ContainerReportForContainerReportHandler] WARN  container.ContainerReportHandler (AbstractContainerReportHandler.java:updateContainerState(145)) - Container #1 is in OPEN state, but the datanode f69cf638-138d-4576-91da-2cd882e57eee{ip: 192.168.34.25, host: pr-hdds-2318-jnjn8-2612408985, networkLocation: /default-rack, certSerialId: null} reports an CLOSED replica.
2019-10-18 07:02:38,454 [EventQueue-ContainerReportForContainerReportHandler] WARN  container.ContainerReportHandler (AbstractContainerReportHandler.java:updateContainerState(145)) - Container #1 is in OPEN state, but the datanode 93f10d81-f4b6-4237-b2e6-6c2ccf8ca027{ip: 192.168.34.25, host: pr-hdds-2318-jnjn8-2612408985, networkLocation: /default-rack, certSerialId: null} reports an CLOSED replica.
2019-10-18 07:02:38,458 [EventQueue-ContainerReportForContainerReportHandler] WARN  container.ContainerReportHandler (AbstractContainerReportHandler.java:updateContainerState(145)) - Container #1 is in OPEN state, but the datanode f69cf638-138d-4576-91da-2cd882e57eee{ip: 192.168.34.25, host: pr-hdds-2318-jnjn8-2612408985, networkLocation: /default-rack, certSerialId: null} reports an CLOSED replica.
2019-10-18 07:02:38,658 [EventQueue-ContainerReportForContainerReportHandler] WARN  container.ContainerReportHandler (AbstractContainerReportHandler.java:updateContainerState(145)) - Container #1 is in OPEN state, but the datanode f69cf638-138d-4576-91da-2cd882e57eee{ip: 192.168.34.25, host: pr-hdds-2318-jnjn8-2612408985, networkLocation: /default-rack, certSerialId: null} reports an CLOSED replica.
2019-10-18 07:02:38,854 [EventQueue-ContainerReportForContainerReportHandler] WARN  container.ContainerReportHandler (AbstractContainerReportHandler.java:updateContainerState(145)) - Container #1 is in OPEN state, but the datanode 93f10d81-f4b6-4237-b2e6-6c2ccf8ca027{ip: 192.168.34.25, host: pr-hdds-2318-jnjn8-2612408985, networkLocation: /default-rack, certSerialId: null} reports an CLOSED replica.
2019-10-18 07:02:38,858 [EventQueue-ContainerReportForContainerReportHandler] WARN  container.ContainerReportHandler (AbstractContainerReportHandler.java:updateContainerState(145)) - Container #1 is in OPEN state, but the datanode f69cf638-138d-4576-91da-2cd882e57eee{ip: 192.168.34.25, host: pr-hdds-2318-jnjn8-2612408985, networkLocation: /default-rack, certSerialId: null} reports an CLOSED replica.
2019-10-18 07:02:39,020 [BlockDeletingService#2] WARN  background.BlockDeletingService (BlockDeletingService.java:isDeletionAllowed(187)) - Close Container log Index 6 is not replicated across allthe servers in the pipeline fe68d6de-2f7f-4088-a26e-caf408347a58 as the min replicated index is 4. Deletion is not allowed in this container yet.
2019-10-18 07:02:39,020 [BlockDeletingService#2] WARN  background.BlockDeletingService (BlockDeletingService.java:isDeletionAllowed(187)) - Close Container log Index 6 is not replicated across allthe servers in the pipeline fe68d6de-2f7f-4088-a26e-caf408347a58 as the min replicated index is 4. Deletion is not allowed in this container yet.
2019-10-18 07:02:39,054 [EventQueue-ContainerReportForContainerReportHandler] WARN  container.ContainerReportHandler (AbstractContainerReportHandler.java:updateContainerState(145)) - Container #1 is in OPEN state, but the datanode 93f10d81-f4b6-4237-b2e6-6c2ccf8ca027{ip: 192.168.34.25, host: pr-hdds-2318-jnjn8-2612408985, networkLocation: /default-rack, certSerialId: null} reports an CLOSED replica.
2019-10-18 07:02:39,258 [EventQueue-ContainerReportForContainerReportHandler] WARN  container.ContainerReportHandler (AbstractContainerReportHandler.java:updateContainerState(145)) - Container #1 is in OPEN state, but the datanode f69cf638-138d-4576-91da-2cd882e57eee{ip: 192.168.34.25, host: pr-hdds-2318-jnjn8-2612408985, networkLocation: /default-rack, certSerialId: null} reports an CLOSED replica.
2019-10-18 07:02:39,368 [java.util.concurrent.ThreadPoolExecutor$Worker@35485c7f[State = -1, empty queue]] WARN  server.GrpcLogAppender (GrpcLogAppender.java:timeoutAppendRequest(209)) - 93f10d81-f4b6-4237-b2e6-6c2ccf8ca027@group-CAF408347A58->46b9516a-dfd6-4e8f-8939-5a6242357177-GrpcLogAppender: appendEntries Timeout, request=93f10d81-f4b6-4237-b2e6-6c2ccf8ca027->46b9516a-dfd6-4e8f-8939-5a6242357177#36-t2, previous=(t:2, i:10), leaderCommit=10, initializing? false, entries: <empty>
2019-10-18 07:02:39,455 [EventQueue-ContainerReportForContainerReportHandler] WARN  container.ContainerReportHandler (AbstractContainerReportHandler.java:updateContainerState(145)) - Container #1 is in OPEN state, but the datanode 93f10d81-f4b6-4237-b2e6-6c2ccf8ca027{ip: 192.168.34.25, host: pr-hdds-2318-jnjn8-2612408985, networkLocation: /default-rack, certSerialId: null} reports an CLOSED replica.
2019-10-18 07:02:39,459 [EventQueue-ContainerReportForContainerReportHandler] WARN  container.ContainerReportHandler (AbstractContainerReportHandler.java:updateContainerState(145)) - Container #1 is in OPEN state, but the datanode f69cf638-138d-4576-91da-2cd882e57eee{ip: 192.168.34.25, host: pr-hdds-2318-jnjn8-2612408985, networkLocation: /default-rack, certSerialId: null} reports an CLOSED replica.
2019-10-18 07:02:39,755 [EventQueue-ContainerReportForContainerReportHandler] WARN  container.ContainerReportHandler (AbstractContainerReportHandler.java:updateContainerState(145)) - Container #1 is in OPEN state, but the datanode 93f10d81-f4b6-4237-b2e6-6c2ccf8ca027{ip: 192.168.34.25, host: pr-hdds-2318-jnjn8-2612408985, networkLocation: /default-rack, certSerialId: null} reports an CLOSED replica.
2019-10-18 07:02:39,758 [EventQueue-ContainerReportForContainerReportHandler] WARN  container.ContainerReportHandler (AbstractContainerReportHandler.java:updateContainerState(145)) - Container #1 is in OPEN state, but the datanode f69cf638-138d-4576-91da-2cd882e57eee{ip: 192.168.34.25, host: pr-hdds-2318-jnjn8-2612408985, networkLocation: /default-rack, certSerialId: null} reports an CLOSED replica.
2019-10-18 07:02:39,959 [EventQueue-ContainerReportForContainerReportHandler] WARN  container.ContainerReportHandler (AbstractContainerReportHandler.java:updateContainerState(145)) - Container #1 is in OPEN state, but the datanode f69cf638-138d-4576-91da-2cd882e57eee{ip: 192.168.34.25, host: pr-hdds-2318-jnjn8-2612408985, networkLocation: /default-rack, certSerialId: null} reports an CLOSED replica.
2019-10-18 07:02:40,022 [BlockDeletingService#2] WARN  background.BlockDeletingService (BlockDeletingService.java:isDeletionAllowed(187)) - Close Container log Index 6 is not replicated across allthe servers in the pipeline fe68d6de-2f7f-4088-a26e-caf408347a58 as the min replicated index is 4. Deletion is not allowed in this container yet.
2019-10-18 07:02:40,023 [BlockDeletingService#2] WARN  background.BlockDeletingService (BlockDeletingService.java:isDeletionAllowed(187)) - Close Container log Index 6 is not replicated across allthe servers in the pipeline fe68d6de-2f7f-4088-a26e-caf408347a58 as the min replicated index is 4. Deletion is not allowed in this container yet.
2019-10-18 07:02:40,155 [EventQueue-ContainerReportForContainerReportHandler] WARN  container.ContainerReportHandler (AbstractContainerReportHandler.java:updateContainerState(145)) - Container #1 is in OPEN state, but the datanode 93f10d81-f4b6-4237-b2e6-6c2ccf8ca027{ip: 192.168.34.25, host: pr-hdds-2318-jnjn8-2612408985, networkLocation: /default-rack, certSerialId: null} reports an CLOSED replica.
2019-10-18 07:02:40,359 [EventQueue-ContainerReportForContainerReportHandler] WARN  container.ContainerReportHandler (AbstractContainerReportHandler.java:updateContainerState(145)) - Container #1 is in OPEN state, but the datanode f69cf638-138d-4576-91da-2cd882e57eee{ip: 192.168.34.25, host: pr-hdds-2318-jnjn8-2612408985, networkLocation: /default-rack, certSerialId: null} reports an CLOSED replica.
2019-10-18 07:02:40,454 [EventQueue-ContainerReportForContainerReportHandler] WARN  container.ContainerReportHandler (AbstractContainerReportHandler.java:updateContainerState(145)) - Container #1 is in OPEN state, but the datanode 93f10d81-f4b6-4237-b2e6-6c2ccf8ca027{ip: 192.168.34.25, host: pr-hdds-2318-jnjn8-2612408985, networkLocation: /default-rack, certSerialId: null} reports an CLOSED replica.
2019-10-18 07:02:40,559 [EventQueue-ContainerReportForContainerReportHandler] WARN  container.ContainerReportHandler (AbstractContainerReportHandler.java:updateContainerState(145)) - Container #1 is in OPEN state, but the datanode f69cf638-138d-4576-91da-2cd882e57eee{ip: 192.168.34.25, host: pr-hdds-2318-jnjn8-2612408985, networkLocation: /default-rack, certSerialId: null} reports an CLOSED replica.
2019-10-18 07:02:40,755 [EventQueue-ContainerReportForContainerReportHandler] WARN  container.ContainerReportHandler (AbstractContainerReportHandler.java:updateContainerState(145)) - Container #1 is in OPEN state, but the datanode 93f10d81-f4b6-4237-b2e6-6c2ccf8ca027{ip: 192.168.34.25, host: pr-hdds-2318-jnjn8-2612408985, networkLocation: /default-rack, certSerialId: null} reports an CLOSED replica.
2019-10-18 07:02:40,859 [EventQueue-ContainerReportForContainerReportHandler] WARN  container.ContainerReportHandler (AbstractContainerReportHandler.java:updateContainerState(145)) - Container #1 is in OPEN state, but the datanode f69cf638-138d-4576-91da-2cd882e57eee{ip: 192.168.34.25, host: pr-hdds-2318-jnjn8-2612408985, networkLocation: /default-rack, certSerialId: null} reports an CLOSED replica.
2019-10-18 07:02:40,955 [EventQueue-ContainerReportForContainerReportHandler] WARN  container.ContainerReportHandler (AbstractContainerReportHandler.java:updateContainerState(145)) - Container #1 is in OPEN state, but the datanode 93f10d81-f4b6-4237-b2e6-6c2ccf8ca027{ip: 192.168.34.25, host: pr-hdds-2318-jnjn8-2612408985, networkLocation: /default-rack, certSerialId: null} reports an CLOSED replica.
2019-10-18 07:02:41,025 [BlockDeletingService#2] WARN  background.BlockDeletingService (BlockDeletingService.java:isDeletionAllowed(187)) - Close Container log Index 6 is not replicated across allthe servers in the pipeline fe68d6de-2f7f-4088-a26e-caf408347a58 as the min replicated index is 4. Deletion is not allowed in this container yet.
2019-10-18 07:02:41,025 [BlockDeletingService#2] WARN  background.BlockDeletingService (BlockDeletingService.java:isDeletionAllowed(187)) - Close Container log Index 6 is not replicated across allthe servers in the pipeline fe68d6de-2f7f-4088-a26e-caf408347a58 as the min replicated index is 4. Deletion is not allowed in this container yet.
2019-10-18 07:02:41,159 [EventQueue-ContainerReportForContainerReportHandler] WARN  container.ContainerReportHandler (AbstractContainerReportHandler.java:updateContainerState(145)) - Container #1 is in OPEN state, but the datanode f69cf638-138d-4576-91da-2cd882e57eee{ip: 192.168.34.25, host: pr-hdds-2318-jnjn8-2612408985, networkLocation: /default-rack, certSerialId: null} reports an CLOSED replica.
2019-10-18 07:02:41,355 [EventQueue-ContainerReportForContainerReportHandler] WARN  container.ContainerReportHandler (AbstractContainerReportHandler.java:updateContainerState(145)) - Container #1 is in OPEN state, but the datanode 93f10d81-f4b6-4237-b2e6-6c2ccf8ca027{ip: 192.168.34.25, host: pr-hdds-2318-jnjn8-2612408985, networkLocation: /default-rack, certSerialId: null} reports an CLOSED replica.
2019-10-18 07:02:41,359 [EventQueue-ContainerReportForContainerReportHandler] WARN  container.ContainerReportHandler (AbstractContainerReportHandler.java:updateContainerState(145)) - Container #1 is in OPEN state, but the datanode f69cf638-138d-4576-91da-2cd882e57eee{ip: 192.168.34.25, host: pr-hdds-2318-jnjn8-2612408985, networkLocation: /default-rack, certSerialId: null} reports an CLOSED replica.
2019-10-18 07:02:41,555 [EventQueue-ContainerReportForContainerReportHandler] WARN  container.ContainerReportHandler (AbstractContainerReportHandler.java:updateContainerState(145)) - Container #1 is in OPEN state, but the datanode 93f10d81-f4b6-4237-b2e6-6c2ccf8ca027{ip: 192.168.34.25, host: pr-hdds-2318-jnjn8-2612408985, networkLocation: /default-rack, certSerialId: null} reports an CLOSED replica.
2019-10-18 07:02:41,660 [EventQueue-ContainerReportForContainerReportHandler] WARN  container.ContainerReportHandler (AbstractContainerReportHandler.java:updateContainerState(145)) - Container #1 is in OPEN state, but the datanode f69cf638-138d-4576-91da-2cd882e57eee{ip: 192.168.34.25, host: pr-hdds-2318-jnjn8-2612408985, networkLocation: /default-rack, certSerialId: null} reports an CLOSED replica.
2019-10-18 07:02:41,855 [EventQueue-ContainerReportForContainerReportHandler] WARN  container.ContainerReportHandler (AbstractContainerReportHandler.java:updateContainerState(145)) - Container #1 is in OPEN state, but the datanode 93f10d81-f4b6-4237-b2e6-6c2ccf8ca027{ip: 192.168.34.25, host: pr-hdds-2318-jnjn8-2612408985, networkLocation: /default-rack, certSerialId: null} reports an CLOSED replica.
2019-10-18 07:02:41,860 [EventQueue-ContainerReportForContainerReportHandler] WARN  container.ContainerReportHandler (AbstractContainerReportHandler.java:updateContainerState(145)) - Container #1 is in OPEN state, but the datanode f69cf638-138d-4576-91da-2cd882e57eee{ip: 192.168.34.25, host: pr-hdds-2318-jnjn8-2612408985, networkLocation: /default-rack, certSerialId: null} reports an CLOSED replica.
2019-10-18 07:02:41,868 [java.util.concurrent.ThreadPoolExecutor$Worker@35485c7f[State = -1, empty queue]] WARN  server.GrpcLogAppender (GrpcLogAppender.java:timeoutAppendRequest(209)) - 93f10d81-f4b6-4237-b2e6-6c2ccf8ca027@group-CAF408347A58->46b9516a-dfd6-4e8f-8939-5a6242357177-GrpcLogAppender: appendEntries Timeout, request=93f10d81-f4b6-4237-b2e6-6c2ccf8ca027->46b9516a-dfd6-4e8f-8939-5a6242357177#37-t2, previous=(t:2, i:10), leaderCommit=10, initializing? false, entries: <empty>
2019-10-18 07:02:42,027 [BlockDeletingService#2] WARN  background.BlockDeletingService (BlockDeletingService.java:isDeletionAllowed(187)) - Close Container log Index 6 is not replicated across allthe servers in the pipeline fe68d6de-2f7f-4088-a26e-caf408347a58 as the min replicated index is 4. Deletion is not allowed in this container yet.
2019-10-18 07:02:42,027 [BlockDeletingService#2] WARN  background.BlockDeletingService (BlockDeletingService.java:isDeletionAllowed(187)) - Close Container log Index 6 is not replicated across allthe servers in the pipeline fe68d6de-2f7f-4088-a26e-caf408347a58 as the min replicated index is 4. Deletion is not allowed in this container yet.
2019-10-18 07:02:42,056 [EventQueue-ContainerReportForContainerReportHandler] WARN  container.ContainerReportHandler (AbstractContainerReportHandler.java:updateContainerState(145)) - Container #1 is in OPEN state, but the datanode 93f10d81-f4b6-4237-b2e6-6c2ccf8ca027{ip: 192.168.34.25, host: pr-hdds-2318-jnjn8-2612408985, networkLocation: /default-rack, certSerialId: null} reports an CLOSED replica.
2019-10-18 07:02:42,061 [EventQueue-ContainerReportForContainerReportHandler] WARN  container.ContainerReportHandler (AbstractContainerReportHandler.java:updateContainerState(145)) - Container #1 is in OPEN state, but the datanode f69cf638-138d-4576-91da-2cd882e57eee{ip: 192.168.34.25, host: pr-hdds-2318-jnjn8-2612408985, networkLocation: /default-rack, certSerialId: null} reports an CLOSED replica.
2019-10-18 07:02:42,356 [EventQueue-ContainerReportForContainerReportHandler] WARN  container.ContainerReportHandler (AbstractContainerReportHandler.java:updateContainerState(145)) - Container #1 is in OPEN state, but the datanode 93f10d81-f4b6-4237-b2e6-6c2ccf8ca027{ip: 192.168.34.25, host: pr-hdds-2318-jnjn8-2612408985, networkLocation: /default-rack, certSerialId: null} reports an CLOSED replica.
2019-10-18 07:02:42,462 [EventQueue-ContainerReportForContainerReportHandler] WARN  container.ContainerReportHandler (AbstractContainerReportHandler.java:updateContainerState(145)) - Container #1 is in OPEN state, but the datanode f69cf638-138d-4576-91da-2cd882e57eee{ip: 192.168.34.25, host: pr-hdds-2318-jnjn8-2612408985, networkLocation: /default-rack, certSerialId: null} reports an CLOSED replica.
2019-10-18 07:02:42,558 [EventQueue-ContainerReportForContainerReportHandler] WARN  container.ContainerReportHandler (AbstractContainerReportHandler.java:updateContainerState(145)) - Container #1 is in OPEN state, but the datanode 93f10d81-f4b6-4237-b2e6-6c2ccf8ca027{ip: 192.168.34.25, host: pr-hdds-2318-jnjn8-2612408985, networkLocation: /default-rack, certSerialId: null} reports an CLOSED replica.
2019-10-18 07:02:42,662 [EventQueue-ContainerReportForContainerReportHandler] WARN  container.ContainerReportHandler (AbstractContainerReportHandler.java:updateContainerState(145)) - Container #1 is in OPEN state, but the datanode f69cf638-138d-4576-91da-2cd882e57eee{ip: 192.168.34.25, host: pr-hdds-2318-jnjn8-2612408985, networkLocation: /default-rack, certSerialId: null} reports an CLOSED replica.
2019-10-18 07:02:42,760 [EventQueue-ContainerReportForContainerReportHandler] WARN  container.ContainerReportHandler (AbstractContainerReportHandler.java:updateContainerState(145)) - Container #1 is in OPEN state, but the datanode 93f10d81-f4b6-4237-b2e6-6c2ccf8ca027{ip: 192.168.34.25, host: pr-hdds-2318-jnjn8-2612408985, networkLocation: /default-rack, certSerialId: null} reports an CLOSED replica.
2019-10-18 07:02:42,960 [EventQueue-ContainerReportForContainerReportHandler] WARN  container.ContainerReportHandler (AbstractContainerReportHandler.java:updateContainerState(145)) - Container #1 is in OPEN state, but the datanode 93f10d81-f4b6-4237-b2e6-6c2ccf8ca027{ip: 192.168.34.25, host: pr-hdds-2318-jnjn8-2612408985, networkLocation: /default-rack, certSerialId: null} reports an CLOSED replica.
2019-10-18 07:02:42,962 [EventQueue-ContainerReportForContainerReportHandler] WARN  container.ContainerReportHandler (AbstractContainerReportHandler.java:updateContainerState(145)) - Container #1 is in OPEN state, but the datanode f69cf638-138d-4576-91da-2cd882e57eee{ip: 192.168.34.25, host: pr-hdds-2318-jnjn8-2612408985, networkLocation: /default-rack, certSerialId: null} reports an CLOSED replica.
2019-10-18 07:02:43,028 [BlockDeletingService#2] WARN  background.BlockDeletingService (BlockDeletingService.java:isDeletionAllowed(187)) - Close Container log Index 6 is not replicated across allthe servers in the pipeline fe68d6de-2f7f-4088-a26e-caf408347a58 as the min replicated index is 4. Deletion is not allowed in this container yet.
2019-10-18 07:02:43,028 [BlockDeletingService#2] WARN  background.BlockDeletingService (BlockDeletingService.java:isDeletionAllowed(187)) - Close Container log Index 6 is not replicated across allthe servers in the pipeline fe68d6de-2f7f-4088-a26e-caf408347a58 as the min replicated index is 4. Deletion is not allowed in this container yet.
2019-10-18 07:02:43,261 [EventQueue-ContainerReportForContainerReportHandler] WARN  container.ContainerReportHandler (AbstractContainerReportHandler.java:updateContainerState(145)) - Container #1 is in OPEN state, but the datanode 93f10d81-f4b6-4237-b2e6-6c2ccf8ca027{ip: 192.168.34.25, host: pr-hdds-2318-jnjn8-2612408985, networkLocation: /default-rack, certSerialId: null} reports an CLOSED replica.
2019-10-18 07:02:43,263 [EventQueue-ContainerReportForContainerReportHandler] WARN  container.ContainerReportHandler (AbstractContainerReportHandler.java:updateContainerState(145)) - Container #1 is in OPEN state, but the datanode f69cf638-138d-4576-91da-2cd882e57eee{ip: 192.168.34.25, host: pr-hdds-2318-jnjn8-2612408985, networkLocation: /default-rack, certSerialId: null} reports an CLOSED replica.
2019-10-18 07:02:43,563 [EventQueue-ContainerReportForContainerReportHandler] WARN  container.ContainerReportHandler (AbstractContainerReportHandler.java:updateContainerState(145)) - Container #1 is in OPEN state, but the datanode f69cf638-138d-4576-91da-2cd882e57eee{ip: 192.168.34.25, host: pr-hdds-2318-jnjn8-2612408985, networkLocation: /default-rack, certSerialId: null} reports an CLOSED replica.
2019-10-18 07:02:43,564 [EventQueue-ContainerReportForContainerReportHandler] WARN  container.ContainerReportHandler (AbstractContainerReportHandler.java:updateContainerState(145)) - Container #1 is in OPEN state, but the datanode 93f10d81-f4b6-4237-b2e6-6c2ccf8ca027{ip: 192.168.34.25, host: pr-hdds-2318-jnjn8-2612408985, networkLocation: /default-rack, certSerialId: null} reports an CLOSED replica.
2019-10-18 07:02:43,764 [EventQueue-ContainerReportForContainerReportHandler] WARN  container.ContainerReportHandler (AbstractContainerReportHandler.java:updateContainerState(145)) - Container #1 is in OPEN state, but the datanode 93f10d81-f4b6-4237-b2e6-6c2ccf8ca027{ip: 192.168.34.25, host: pr-hdds-2318-jnjn8-2612408985, networkLocation: /default-rack, certSerialId: null} reports an CLOSED replica.
2019-10-18 07:02:43,864 [EventQueue-ContainerReportForContainerReportHandler] WARN  container.ContainerReportHandler (AbstractContainerReportHandler.java:updateContainerState(145)) - Container #1 is in OPEN state, but the datanode f69cf638-138d-4576-91da-2cd882e57eee{ip: 192.168.34.25, host: pr-hdds-2318-jnjn8-2612408985, networkLocation: /default-rack, certSerialId: null} reports an CLOSED replica.
2019-10-18 07:02:44,030 [BlockDeletingService#2] WARN  background.BlockDeletingService (BlockDeletingService.java:isDeletionAllowed(187)) - Close Container log Index 6 is not replicated across allthe servers in the pipeline fe68d6de-2f7f-4088-a26e-caf408347a58 as the min replicated index is 4. Deletion is not allowed in this container yet.
2019-10-18 07:02:44,030 [BlockDeletingService#2] WARN  background.BlockDeletingService (BlockDeletingService.java:isDeletionAllowed(187)) - Close Container log Index 6 is not replicated across allthe servers in the pipeline fe68d6de-2f7f-4088-a26e-caf408347a58 as the min replicated index is 4. Deletion is not allowed in this container yet.
2019-10-18 07:02:44,064 [EventQueue-ContainerReportForContainerReportHandler] WARN  container.ContainerReportHandler (AbstractContainerReportHandler.java:updateContainerState(145)) - Container #1 is in OPEN state, but the datanode 93f10d81-f4b6-4237-b2e6-6c2ccf8ca027{ip: 192.168.34.25, host: pr-hdds-2318-jnjn8-2612408985, networkLocation: /default-rack, certSerialId: null} reports an CLOSED replica.
2019-10-18 07:02:44,064 [EventQueue-ContainerReportForContainerReportHandler] WARN  container.ContainerReportHandler (AbstractContainerReportHandler.java:updateContainerState(145)) - Container #1 is in OPEN state, but the datanode f69cf638-138d-4576-91da-2cd882e57eee{ip: 192.168.34.25, host: pr-hdds-2318-jnjn8-2612408985, networkLocation: /default-rack, certSerialId: null} reports an CLOSED replica.
2019-10-18 07:02:44,365 [EventQueue-ContainerReportForContainerReportHandler] WARN  container.ContainerReportHandler (AbstractContainerReportHandler.java:updateContainerState(145)) - Container #1 is in OPEN state, but the datanode f69cf638-138d-4576-91da-2cd882e57eee{ip: 192.168.34.25, host: pr-hdds-2318-jnjn8-2612408985, networkLocation: /default-rack, certSerialId: null} reports an CLOSED replica.
2019-10-18 07:02:44,365 [EventQueue-ContainerReportForContainerReportHandler] WARN  container.ContainerReportHandler (AbstractContainerReportHandler.java:updateContainerState(145)) - Container #1 is in OPEN state, but the datanode 93f10d81-f4b6-4237-b2e6-6c2ccf8ca027{ip: 192.168.34.25, host: pr-hdds-2318-jnjn8-2612408985, networkLocation: /default-rack, certSerialId: null} reports an CLOSED replica.
2019-10-18 07:02:44,370 [java.util.concurrent.ThreadPoolExecutor$Worker@35485c7f[State = -1, empty queue]] WARN  server.GrpcLogAppender (GrpcLogAppender.java:timeoutAppendRequest(209)) - 93f10d81-f4b6-4237-b2e6-6c2ccf8ca027@group-CAF408347A58->46b9516a-dfd6-4e8f-8939-5a6242357177-GrpcLogAppender: appendEntries Timeout, request=93f10d81-f4b6-4237-b2e6-6c2ccf8ca027->46b9516a-dfd6-4e8f-8939-5a6242357177#38-t2, previous=(t:2, i:10), leaderCommit=10, initializing? false, entries: <empty>
2019-10-18 07:02:44,565 [EventQueue-ContainerReportForContainerReportHandler] WARN  container.ContainerReportHandler (AbstractContainerReportHandler.java:updateContainerState(145)) - Container #1 is in OPEN state, but the datanode f69cf638-138d-4576-91da-2cd882e57eee{ip: 192.168.34.25, host: pr-hdds-2318-jnjn8-2612408985, networkLocation: /default-rack, certSerialId: null} reports an CLOSED replica.
2019-10-18 07:02:44,666 [EventQueue-ContainerReportForContainerReportHandler] WARN  container.ContainerReportHandler (AbstractContainerReportHandler.java:updateContainerState(145)) - Container #1 is in OPEN state, but the datanode 93f10d81-f4b6-4237-b2e6-6c2ccf8ca027{ip: 192.168.34.25, host: pr-hdds-2318-jnjn8-2612408985, networkLocation: /default-rack, certSerialId: null} reports an CLOSED replica.
2019-10-18 07:02:44,864 [EventQueue-ContainerReportForContainerReportHandler] WARN  container.ContainerReportHandler (AbstractContainerReportHandler.java:updateContainerState(145)) - Container #1 is in OPEN state, but the datanode f69cf638-138d-4576-91da-2cd882e57eee{ip: 192.168.34.25, host: pr-hdds-2318-jnjn8-2612408985, networkLocation: /default-rack, certSerialId: null} reports an CLOSED replica.
2019-10-18 07:02:44,965 [EventQueue-ContainerReportForContainerReportHandler] WARN  container.ContainerReportHandler (AbstractContainerReportHandler.java:updateContainerState(145)) - Container #1 is in OPEN state, but the datanode 93f10d81-f4b6-4237-b2e6-6c2ccf8ca027{ip: 192.168.34.25, host: pr-hdds-2318-jnjn8-2612408985, networkLocation: /default-rack, certSerialId: null} reports an CLOSED replica.
2019-10-18 07:02:45,033 [BlockDeletingService#2] WARN  background.BlockDeletingService (BlockDeletingService.java:isDeletionAllowed(187)) - Close Container log Index 6 is not replicated across allthe servers in the pipeline fe68d6de-2f7f-4088-a26e-caf408347a58 as the min replicated index is 4. Deletion is not allowed in this container yet.
2019-10-18 07:02:45,033 [BlockDeletingService#2] WARN  background.BlockDeletingService (BlockDeletingService.java:isDeletionAllowed(187)) - Close Container log Index 6 is not replicated across allthe servers in the pipeline fe68d6de-2f7f-4088-a26e-caf408347a58 as the min replicated index is 4. Deletion is not allowed in this container yet.
2019-10-18 07:02:45,040 [Thread-437] INFO  client.GrpcClientProtocolService (GrpcClientProtocolService.java:lambda$processClientRequest$0(278)) - Failed RaftClientRequest:client-79AC2A5FBE9C->f69cf638-138d-4576-91da-2cd882e57eee@group-CAF408347A58, cid=10, seq=0, Watch-ALL_COMMITTED(6), Message:<EMPTY>, reply=RaftClientReply:client-79AC2A5FBE9C->f69cf638-138d-4576-91da-2cd882e57eee@group-CAF408347A58, cid=10, FAILED org.apache.ratis.protocol.NotLeaderException: Server f69cf638-138d-4576-91da-2cd882e57eee@group-CAF408347A58 is not the leader 93f10d81-f4b6-4237-b2e6-6c2ccf8ca027:192.168.34.25:43753, logIndex=0, commits[f69cf638-138d-4576-91da-2cd882e57eee:c10, 46b9516a-dfd6-4e8f-8939-5a6242357177:c4, 93f10d81-f4b6-4237-b2e6-6c2ccf8ca027:c10]
2019-10-18 07:02:45,065 [EventQueue-ContainerReportForContainerReportHandler] WARN  container.ContainerReportHandler (AbstractContainerReportHandler.java:updateContainerState(145)) - Container #1 is in OPEN state, but the datanode f69cf638-138d-4576-91da-2cd882e57eee{ip: 192.168.34.25, host: pr-hdds-2318-jnjn8-2612408985, networkLocation: /default-rack, certSerialId: null} reports an CLOSED replica.
2019-10-18 07:02:45,166 [EventQueue-ContainerReportForContainerReportHandler] WARN  container.ContainerReportHandler (AbstractContainerReportHandler.java:updateContainerState(145)) - Container #1 is in OPEN state, but the datanode 93f10d81-f4b6-4237-b2e6-6c2ccf8ca027{ip: 192.168.34.25, host: pr-hdds-2318-jnjn8-2612408985, networkLocation: /default-rack, certSerialId: null} reports an CLOSED replica.
2019-10-18 07:02:45,465 [EventQueue-ContainerReportForContainerReportHandler] WARN  container.ContainerReportHandler (AbstractContainerReportHandler.java:updateContainerState(145)) - Container #1 is in OPEN state, but the datanode f69cf638-138d-4576-91da-2cd882e57eee{ip: 192.168.34.25, host: pr-hdds-2318-jnjn8-2612408985, networkLocation: /default-rack, certSerialId: null} reports an CLOSED replica.
2019-10-18 07:02:45,566 [EventQueue-ContainerReportForContainerReportHandler] WARN  container.ContainerReportHandler (AbstractContainerReportHandler.java:updateContainerState(145)) - Container #1 is in OPEN state, but the datanode 93f10d81-f4b6-4237-b2e6-6c2ccf8ca027{ip: 192.168.34.25, host: pr-hdds-2318-jnjn8-2612408985, networkLocation: /default-rack, certSerialId: null} reports an CLOSED replica.
2019-10-18 07:02:45,665 [EventQueue-ContainerReportForContainerReportHandler] WARN  container.ContainerReportHandler (AbstractContainerReportHandler.java:updateContainerState(145)) - Container #1 is in OPEN state, but the datanode f69cf638-138d-4576-91da-2cd882e57eee{ip: 192.168.34.25, host: pr-hdds-2318-jnjn8-2612408985, networkLocation: /default-rack, certSerialId: null} reports an CLOSED replica.
2019-10-18 07:02:45,864 [EventQueue-ContainerReportForContainerReportHandler] WARN  container.ContainerReportHandler (AbstractContainerReportHandler.java:updateContainerState(145)) - Container #1 is in OPEN state, but the datanode f69cf638-138d-4576-91da-2cd882e57eee{ip: 192.168.34.25, host: pr-hdds-2318-jnjn8-2612408985, networkLocation: /default-rack, certSerialId: null} reports an CLOSED replica.
2019-10-18 07:02:45,967 [EventQueue-ContainerReportForContainerReportHandler] WARN  container.ContainerReportHandler (AbstractContainerReportHandler.java:updateContainerState(145)) - Container #1 is in OPEN state, but the datanode 93f10d81-f4b6-4237-b2e6-6c2ccf8ca027{ip: 192.168.34.25, host: pr-hdds-2318-jnjn8-2612408985, networkLocation: /default-rack, certSerialId: null} reports an CLOSED replica.
2019-10-18 07:02:46,035 [BlockDeletingService#2] WARN  background.BlockDeletingService (BlockDeletingService.java:isDeletionAllowed(187)) - Close Container log Index 6 is not replicated across allthe servers in the pipeline fe68d6de-2f7f-4088-a26e-caf408347a58 as the min replicated index is 4. Deletion is not allowed in this container yet.
2019-10-18 07:02:46,035 [BlockDeletingService#2] WARN  background.BlockDeletingService (BlockDeletingService.java:isDeletionAllowed(187)) - Close Container log Index 6 is not replicated across allthe servers in the pipeline fe68d6de-2f7f-4088-a26e-caf408347a58 as the min replicated index is 4. Deletion is not allowed in this container yet.
2019-10-18 07:02:46,165 [EventQueue-ContainerReportForContainerReportHandler] WARN  container.ContainerReportHandler (AbstractContainerReportHandler.java:updateContainerState(145)) - Container #1 is in OPEN state, but the datanode f69cf638-138d-4576-91da-2cd882e57eee{ip: 192.168.34.25, host: pr-hdds-2318-jnjn8-2612408985, networkLocation: /default-rack, certSerialId: null} reports an CLOSED replica.
2019-10-18 07:02:46,167 [EventQueue-ContainerReportForContainerReportHandler] WARN  container.ContainerReportHandler (AbstractContainerReportHandler.java:updateContainerState(145)) - Container #1 is in OPEN state, but the datanode 93f10d81-f4b6-4237-b2e6-6c2ccf8ca027{ip: 192.168.34.25, host: pr-hdds-2318-jnjn8-2612408985, networkLocation: /default-rack, certSerialId: null} reports an CLOSED replica.
2019-10-18 07:02:46,366 [EventQueue-ContainerReportForContainerReportHandler] WARN  container.ContainerReportHandler (AbstractContainerReportHandler.java:updateContainerState(145)) - Container #1 is in OPEN state, but the datanode f69cf638-138d-4576-91da-2cd882e57eee{ip: 192.168.34.25, host: pr-hdds-2318-jnjn8-2612408985, networkLocation: /default-rack, certSerialId: null} reports an CLOSED replica.
2019-10-18 07:02:46,567 [EventQueue-ContainerReportForContainerReportHandler] WARN  container.ContainerReportHandler (AbstractContainerReportHandler.java:updateContainerState(145)) - Container #1 is in OPEN state, but the datanode 93f10d81-f4b6-4237-b2e6-6c2ccf8ca027{ip: 192.168.34.25, host: pr-hdds-2318-jnjn8-2612408985, networkLocation: /default-rack, certSerialId: null} reports an CLOSED replica.
2019-10-18 07:02:46,756 [Thread-443] INFO  client.GrpcClientProtocolService (GrpcClientProtocolService.java:lambda$processClientRequest$0(278)) - Failed RaftClientRequest:client-79AC2A5FBE9C->93f10d81-f4b6-4237-b2e6-6c2ccf8ca027@group-CAF408347A58, cid=10, seq=0, Watch-ALL_COMMITTED(6), Message:<EMPTY>, reply=RaftClientReply:client-79AC2A5FBE9C->93f10d81-f4b6-4237-b2e6-6c2ccf8ca027@group-CAF408347A58, cid=10, FAILED org.apache.ratis.protocol.NotReplicatedException: Request with call Id 10 and log index 6 is not yet replicated to ALL_COMMITTED, logIndex=6, commits[93f10d81-f4b6-4237-b2e6-6c2ccf8ca027:c10, f69cf638-138d-4576-91da-2cd882e57eee:c10, 46b9516a-dfd6-4e8f-8939-5a6242357177:c4]
2019-10-18 07:02:46,766 [EventQueue-ContainerReportForContainerReportHandler] WARN  container.ContainerReportHandler (AbstractContainerReportHandler.java:updateContainerState(145)) - Container #1 is in OPEN state, but the datanode f69cf638-138d-4576-91da-2cd882e57eee{ip: 192.168.34.25, host: pr-hdds-2318-jnjn8-2612408985, networkLocation: /default-rack, certSerialId: null} reports an CLOSED replica.
2019-10-18 07:02:46,766 [EventQueue-ContainerReportForContainerReportHandler] WARN  container.ContainerReportHandler (AbstractContainerReportHandler.java:updateContainerState(145)) - Container #1 is in OPEN state, but the datanode 93f10d81-f4b6-4237-b2e6-6c2ccf8ca027{ip: 192.168.34.25, host: pr-hdds-2318-jnjn8-2612408985, networkLocation: /default-rack, certSerialId: null} reports an CLOSED replica.
2019-10-18 07:02:46,871 [java.util.concurrent.ThreadPoolExecutor$Worker@35485c7f[State = -1, empty queue]] WARN  server.GrpcLogAppender (GrpcLogAppender.java:timeoutAppendRequest(209)) - 93f10d81-f4b6-4237-b2e6-6c2ccf8ca027@group-CAF408347A58->46b9516a-dfd6-4e8f-8939-5a6242357177-GrpcLogAppender: appendEntries Timeout, request=93f10d81-f4b6-4237-b2e6-6c2ccf8ca027->46b9516a-dfd6-4e8f-8939-5a6242357177#39-t2, previous=(t:2, i:10), leaderCommit=10, initializing? false, entries: <empty>
2019-10-18 07:02:47,041 [BlockDeletingService#2] WARN  background.BlockDeletingService (BlockDeletingService.java:isDeletionAllowed(187)) - Close Container log Index 6 is not replicated across allthe servers in the pipeline fe68d6de-2f7f-4088-a26e-caf408347a58 as the min replicated index is 4. Deletion is not allowed in this container yet.
2019-10-18 07:02:47,041 [BlockDeletingService#2] WARN  background.BlockDeletingService (BlockDeletingService.java:isDeletionAllowed(187)) - Close Container log Index 6 is not replicated across allthe servers in the pipeline fe68d6de-2f7f-4088-a26e-caf408347a58 as the min replicated index is 4. Deletion is not allowed in this container yet.
2019-10-18 07:02:47,066 [EventQueue-ContainerReportForContainerReportHandler] WARN  container.ContainerReportHandler (AbstractContainerReportHandler.java:updateContainerState(145)) - Container #1 is in OPEN state, but the datanode f69cf638-138d-4576-91da-2cd882e57eee{ip: 192.168.34.25, host: pr-hdds-2318-jnjn8-2612408985, networkLocation: /default-rack, certSerialId: null} reports an CLOSED replica.
2019-10-18 07:02:47,066 [EventQueue-ContainerReportForContainerReportHandler] WARN  container.ContainerReportHandler (AbstractContainerReportHandler.java:updateContainerState(145)) - Container #1 is in OPEN state, but the datanode 93f10d81-f4b6-4237-b2e6-6c2ccf8ca027{ip: 192.168.34.25, host: pr-hdds-2318-jnjn8-2612408985, networkLocation: /default-rack, certSerialId: null} reports an CLOSED replica.
2019-10-18 07:02:47,366 [EventQueue-ContainerReportForContainerReportHandler] WARN  container.ContainerReportHandler (AbstractContainerReportHandler.java:updateContainerState(145)) - Container #1 is in OPEN state, but the datanode 93f10d81-f4b6-4237-b2e6-6c2ccf8ca027{ip: 192.168.34.25, host: pr-hdds-2318-jnjn8-2612408985, networkLocation: /default-rack, certSerialId: null} reports an CLOSED replica.
2019-10-18 07:02:47,466 [EventQueue-ContainerReportForContainerReportHandler] WARN  container.ContainerReportHandler (AbstractContainerReportHandler.java:updateContainerState(145)) - Container #1 is in OPEN state, but the datanode f69cf638-138d-4576-91da-2cd882e57eee{ip: 192.168.34.25, host: pr-hdds-2318-jnjn8-2612408985, networkLocation: /default-rack, certSerialId: null} reports an CLOSED replica.
2019-10-18 07:02:47,667 [EventQueue-ContainerReportForContainerReportHandler] WARN  container.ContainerReportHandler (AbstractContainerReportHandler.java:updateContainerState(145)) - Container #1 is in OPEN state, but the datanode 93f10d81-f4b6-4237-b2e6-6c2ccf8ca027{ip: 192.168.34.25, host: pr-hdds-2318-jnjn8-2612408985, networkLocation: /default-rack, certSerialId: null} reports an CLOSED replica.
2019-10-18 07:02:47,766 [EventQueue-ContainerReportForContainerReportHandler] WARN  container.ContainerReportHandler (AbstractContainerReportHandler.java:updateContainerState(145)) - Container #1 is in OPEN state, but the datanode f69cf638-138d-4576-91da-2cd882e57eee{ip: 192.168.34.25, host: pr-hdds-2318-jnjn8-2612408985, networkLocation: /default-rack, certSerialId: null} reports an CLOSED replica.
2019-10-18 07:02:47,968 [EventQueue-ContainerReportForContainerReportHandler] WARN  container.ContainerReportHandler (AbstractContainerReportHandler.java:updateContainerState(145)) - Container #1 is in OPEN state, but the datanode 93f10d81-f4b6-4237-b2e6-6c2ccf8ca027{ip: 192.168.34.25, host: pr-hdds-2318-jnjn8-2612408985, networkLocation: /default-rack, certSerialId: null} reports an CLOSED replica.
2019-10-18 07:02:48,043 [BlockDeletingService#2] WARN  background.BlockDeletingService (BlockDeletingService.java:isDeletionAllowed(187)) - Close Container log Index 6 is not replicated across allthe servers in the pipeline fe68d6de-2f7f-4088-a26e-caf408347a58 as the min replicated index is 4. Deletion is not allowed in this container yet.
2019-10-18 07:02:48,043 [BlockDeletingService#2] WARN  background.BlockDeletingService (BlockDeletingService.java:isDeletionAllowed(187)) - Close Container log Index 6 is not replicated across allthe servers in the pipeline fe68d6de-2f7f-4088-a26e-caf408347a58 as the min replicated index is 4. Deletion is not allowed in this container yet.
2019-10-18 07:02:48,166 [EventQueue-ContainerReportForContainerReportHandler] WARN  container.ContainerReportHandler (AbstractContainerReportHandler.java:updateContainerState(145)) - Container #1 is in OPEN state, but the datanode f69cf638-138d-4576-91da-2cd882e57eee{ip: 192.168.34.25, host: pr-hdds-2318-jnjn8-2612408985, networkLocation: /default-rack, certSerialId: null} reports an CLOSED replica.
2019-10-18 07:02:48,167 [EventQueue-ContainerReportForContainerReportHandler] WARN  container.ContainerReportHandler (AbstractContainerReportHandler.java:updateContainerState(145)) - Container #1 is in OPEN state, but the datanode 93f10d81-f4b6-4237-b2e6-6c2ccf8ca027{ip: 192.168.34.25, host: pr-hdds-2318-jnjn8-2612408985, networkLocation: /default-rack, certSerialId: null} reports an CLOSED replica.
2019-10-18 07:02:48,465 [EventQueue-ContainerReportForContainerReportHandler] WARN  container.ContainerReportHandler (AbstractContainerReportHandler.java:updateContainerState(145)) - Container #1 is in OPEN state, but the datanode f69cf638-138d-4576-91da-2cd882e57eee{ip: 192.168.34.25, host: pr-hdds-2318-jnjn8-2612408985, networkLocation: /default-rack, certSerialId: null} reports an CLOSED replica.
2019-10-18 07:02:48,567 [EventQueue-ContainerReportForContainerReportHandler] WARN  container.ContainerReportHandler (AbstractContainerReportHandler.java:updateContainerState(145)) - Container #1 is in OPEN state, but the datanode 93f10d81-f4b6-4237-b2e6-6c2ccf8ca027{ip: 192.168.34.25, host: pr-hdds-2318-jnjn8-2612408985, networkLocation: /default-rack, certSerialId: null} reports an CLOSED replica.
2019-10-18 07:02:48,866 [EventQueue-ContainerReportForContainerReportHandler] WARN  container.ContainerReportHandler (AbstractContainerReportHandler.java:updateContainerState(145)) - Container #1 is in OPEN state, but the datanode f69cf638-138d-4576-91da-2cd882e57eee{ip: 192.168.34.25, host: pr-hdds-2318-jnjn8-2612408985, networkLocation: /default-rack, certSerialId: null} reports an CLOSED replica.
2019-10-18 07:02:48,867 [EventQueue-ContainerReportForContainerReportHandler] WARN  container.ContainerReportHandler (AbstractContainerReportHandler.java:updateContainerState(145)) - Container #1 is in OPEN state, but the datanode 93f10d81-f4b6-4237-b2e6-6c2ccf8ca027{ip: 192.168.34.25, host: pr-hdds-2318-jnjn8-2612408985, networkLocation: /default-rack, certSerialId: null} reports an CLOSED replica.
2019-10-18 07:02:49,045 [BlockDeletingService#2] WARN  background.BlockDeletingService (BlockDeletingService.java:isDeletionAllowed(187)) - Close Container log Index 6 is not replicated across allthe servers in the pipeline fe68d6de-2f7f-4088-a26e-caf408347a58 as the min replicated index is 4. Deletion is not allowed in this container yet.
2019-10-18 07:02:49,045 [BlockDeletingService#2] WARN  background.BlockDeletingService (BlockDeletingService.java:isDeletionAllowed(187)) - Close Container log Index 6 is not replicated across allthe servers in the pipeline fe68d6de-2f7f-4088-a26e-caf408347a58 as the min replicated index is 4. Deletion is not allowed in this container yet.
2019-10-18 07:02:49,166 [EventQueue-ContainerReportForContainerReportHandler] WARN  container.ContainerReportHandler (AbstractContainerReportHandler.java:updateContainerState(145)) - Container #1 is in OPEN state, but the datanode f69cf638-138d-4576-91da-2cd882e57eee{ip: 192.168.34.25, host: pr-hdds-2318-jnjn8-2612408985, networkLocation: /default-rack, certSerialId: null} reports an CLOSED replica.
2019-10-18 07:02:49,167 [EventQueue-ContainerReportForContainerReportHandler] WARN  container.ContainerReportHandler (AbstractContainerReportHandler.java:updateContainerState(145)) - Container #1 is in OPEN state, but the datanode 93f10d81-f4b6-4237-b2e6-6c2ccf8ca027{ip: 192.168.34.25, host: pr-hdds-2318-jnjn8-2612408985, networkLocation: /default-rack, certSerialId: null} reports an CLOSED replica.
2019-10-18 07:02:49,372 [java.util.concurrent.ThreadPoolExecutor$Worker@35485c7f[State = -1, empty queue]] WARN  server.GrpcLogAppender (GrpcLogAppender.java:timeoutAppendRequest(209)) - 93f10d81-f4b6-4237-b2e6-6c2ccf8ca027@group-CAF408347A58->46b9516a-dfd6-4e8f-8939-5a6242357177-GrpcLogAppender: appendEntries Timeout, request=93f10d81-f4b6-4237-b2e6-6c2ccf8ca027->46b9516a-dfd6-4e8f-8939-5a6242357177#40-t2, previous=(t:2, i:10), leaderCommit=10, initializing? false, entries: <empty>
2019-10-18 07:02:49,465 [EventQueue-ContainerReportForContainerReportHandler] WARN  container.ContainerReportHandler (AbstractContainerReportHandler.java:updateContainerState(145)) - Container #1 is in OPEN state, but the datanode f69cf638-138d-4576-91da-2cd882e57eee{ip: 192.168.34.25, host: pr-hdds-2318-jnjn8-2612408985, networkLocation: /default-rack, certSerialId: null} reports an CLOSED replica.
2019-10-18 07:02:49,467 [EventQueue-ContainerReportForContainerReportHandler] WARN  container.ContainerReportHandler (AbstractContainerReportHandler.java:updateContainerState(145)) - Container #1 is in OPEN state, but the datanode 93f10d81-f4b6-4237-b2e6-6c2ccf8ca027{ip: 192.168.34.25, host: pr-hdds-2318-jnjn8-2612408985, networkLocation: /default-rack, certSerialId: null} reports an CLOSED replica.
2019-10-18 07:02:49,665 [EventQueue-ContainerReportForContainerReportHandler] WARN  container.ContainerReportHandler (AbstractContainerReportHandler.java:updateContainerState(145)) - Container #1 is in OPEN state, but the datanode f69cf638-138d-4576-91da-2cd882e57eee{ip: 192.168.34.25, host: pr-hdds-2318-jnjn8-2612408985, networkLocation: /default-rack, certSerialId: null} reports an CLOSED replica.
2019-10-18 07:02:49,768 [EventQueue-ContainerReportForContainerReportHandler] WARN  container.ContainerReportHandler (AbstractContainerReportHandler.java:updateContainerState(145)) - Container #1 is in OPEN state, but the datanode 93f10d81-f4b6-4237-b2e6-6c2ccf8ca027{ip: 192.168.34.25, host: pr-hdds-2318-jnjn8-2612408985, networkLocation: /default-rack, certSerialId: null} reports an CLOSED replica.
2019-10-18 07:02:49,966 [EventQueue-ContainerReportForContainerReportHandler] WARN  container.ContainerReportHandler (AbstractContainerReportHandler.java:updateContainerState(145)) - Container #1 is in OPEN state, but the datanode f69cf638-138d-4576-91da-2cd882e57eee{ip: 192.168.34.25, host: pr-hdds-2318-jnjn8-2612408985, networkLocation: /default-rack, certSerialId: null} reports an CLOSED replica.
2019-10-18 07:02:50,047 [BlockDeletingService#2] WARN  background.BlockDeletingService (BlockDeletingService.java:isDeletionAllowed(187)) - Close Container log Index 6 is not replicated across allthe servers in the pipeline fe68d6de-2f7f-4088-a26e-caf408347a58 as the min replicated index is 4. Deletion is not allowed in this container yet.
2019-10-18 07:02:50,047 [BlockDeletingService#2] WARN  background.BlockDeletingService (BlockDeletingService.java:isDeletionAllowed(187)) - Close Container log Index 6 is not replicated across allthe servers in the pipeline fe68d6de-2f7f-4088-a26e-caf408347a58 as the min replicated index is 4. Deletion is not allowed in this container yet.
2019-10-18 07:02:50,068 [EventQueue-ContainerReportForContainerReportHandler] WARN  container.ContainerReportHandler (AbstractContainerReportHandler.java:updateContainerState(145)) - Container #1 is in OPEN state, but the datanode 93f10d81-f4b6-4237-b2e6-6c2ccf8ca027{ip: 192.168.34.25, host: pr-hdds-2318-jnjn8-2612408985, networkLocation: /default-rack, certSerialId: null} reports an CLOSED replica.
2019-10-18 07:02:50,267 [EventQueue-ContainerReportForContainerReportHandler] WARN  container.ContainerReportHandler (AbstractContainerReportHandler.java:updateContainerState(145)) - Container #1 is in OPEN state, but the datanode f69cf638-138d-4576-91da-2cd882e57eee{ip: 192.168.34.25, host: pr-hdds-2318-jnjn8-2612408985, networkLocation: /default-rack, certSerialId: null} reports an CLOSED replica.
2019-10-18 07:02:50,466 [EventQueue-ContainerReportForContainerReportHandler] WARN  container.ContainerReportHandler (AbstractContainerReportHandler.java:updateContainerState(145)) - Container #1 is in OPEN state, but the datanode f69cf638-138d-4576-91da-2cd882e57eee{ip: 192.168.34.25, host: pr-hdds-2318-jnjn8-2612408985, networkLocation: /default-rack, certSerialId: null} reports an CLOSED replica.
2019-10-18 07:02:50,468 [EventQueue-ContainerReportForContainerReportHandler] WARN  container.ContainerReportHandler (AbstractContainerReportHandler.java:updateContainerState(145)) - Container #1 is in OPEN state, but the datanode 93f10d81-f4b6-4237-b2e6-6c2ccf8ca027{ip: 192.168.34.25, host: pr-hdds-2318-jnjn8-2612408985, networkLocation: /default-rack, certSerialId: null} reports an CLOSED replica.
2019-10-18 07:02:50,766 [EventQueue-ContainerReportForContainerReportHandler] WARN  container.ContainerReportHandler (AbstractContainerReportHandler.java:updateContainerState(145)) - Container #1 is in OPEN state, but the datanode f69cf638-138d-4576-91da-2cd882e57eee{ip: 192.168.34.25, host: pr-hdds-2318-jnjn8-2612408985, networkLocation: /default-rack, certSerialId: null} reports an CLOSED replica.
2019-10-18 07:02:50,869 [EventQueue-ContainerReportForContainerReportHandler] WARN  container.ContainerReportHandler (AbstractContainerReportHandler.java:updateContainerState(145)) - Container #1 is in OPEN state, but the datanode 93f10d81-f4b6-4237-b2e6-6c2ccf8ca027{ip: 192.168.34.25, host: pr-hdds-2318-jnjn8-2612408985, networkLocation: /default-rack, certSerialId: null} reports an CLOSED replica.
2019-10-18 07:02:51,049 [BlockDeletingService#2] WARN  background.BlockDeletingService (BlockDeletingService.java:isDeletionAllowed(187)) - Close Container log Index 6 is not replicated across allthe servers in the pipeline fe68d6de-2f7f-4088-a26e-caf408347a58 as the min replicated index is 4. Deletion is not allowed in this container yet.
2019-10-18 07:02:51,049 [BlockDeletingService#2] WARN  background.BlockDeletingService (BlockDeletingService.java:isDeletionAllowed(187)) - Close Container log Index 6 is not replicated across allthe servers in the pipeline fe68d6de-2f7f-4088-a26e-caf408347a58 as the min replicated index is 4. Deletion is not allowed in this container yet.
2019-10-18 07:02:51,068 [EventQueue-ContainerReportForContainerReportHandler] WARN  container.ContainerReportHandler (AbstractContainerReportHandler.java:updateContainerState(145)) - Container #1 is in OPEN state, but the datanode 93f10d81-f4b6-4237-b2e6-6c2ccf8ca027{ip: 192.168.34.25, host: pr-hdds-2318-jnjn8-2612408985, networkLocation: /default-rack, certSerialId: null} reports an CLOSED replica.
2019-10-18 07:02:51,166 [EventQueue-ContainerReportForContainerReportHandler] WARN  container.ContainerReportHandler (AbstractContainerReportHandler.java:updateContainerState(145)) - Container #1 is in OPEN state, but the datanode f69cf638-138d-4576-91da-2cd882e57eee{ip: 192.168.34.25, host: pr-hdds-2318-jnjn8-2612408985, networkLocation: /default-rack, certSerialId: null} reports an CLOSED replica.
2019-10-18 07:02:51,368 [EventQueue-ContainerReportForContainerReportHandler] WARN  container.ContainerReportHandler (AbstractContainerReportHandler.java:updateContainerState(145)) - Container #1 is in OPEN state, but the datanode 93f10d81-f4b6-4237-b2e6-6c2ccf8ca027{ip: 192.168.34.25, host: pr-hdds-2318-jnjn8-2612408985, networkLocation: /default-rack, certSerialId: null} reports an CLOSED replica.
2019-10-18 07:02:51,466 [EventQueue-ContainerReportForContainerReportHandler] WARN  container.ContainerReportHandler (AbstractContainerReportHandler.java:updateContainerState(145)) - Container #1 is in OPEN state, but the datanode f69cf638-138d-4576-91da-2cd882e57eee{ip: 192.168.34.25, host: pr-hdds-2318-jnjn8-2612408985, networkLocation: /default-rack, certSerialId: null} reports an CLOSED replica.
2019-10-18 07:02:51,768 [EventQueue-ContainerReportForContainerReportHandler] WARN  container.ContainerReportHandler (AbstractContainerReportHandler.java:updateContainerState(145)) - Container #1 is in OPEN state, but the datanode f69cf638-138d-4576-91da-2cd882e57eee{ip: 192.168.34.25, host: pr-hdds-2318-jnjn8-2612408985, networkLocation: /default-rack, certSerialId: null} reports an CLOSED replica.
2019-10-18 07:02:51,770 [EventQueue-ContainerReportForContainerReportHandler] WARN  container.ContainerReportHandler (AbstractContainerReportHandler.java:updateContainerState(145)) - Container #1 is in OPEN state, but the datanode 93f10d81-f4b6-4237-b2e6-6c2ccf8ca027{ip: 192.168.34.25, host: pr-hdds-2318-jnjn8-2612408985, networkLocation: /default-rack, certSerialId: null} reports an CLOSED replica.
2019-10-18 07:02:51,874 [java.util.concurrent.ThreadPoolExecutor$Worker@35485c7f[State = -1, empty queue]] WARN  server.GrpcLogAppender (GrpcLogAppender.java:timeoutAppendRequest(209)) - 93f10d81-f4b6-4237-b2e6-6c2ccf8ca027@group-CAF408347A58->46b9516a-dfd6-4e8f-8939-5a6242357177-GrpcLogAppender: appendEntries Timeout, request=93f10d81-f4b6-4237-b2e6-6c2ccf8ca027->46b9516a-dfd6-4e8f-8939-5a6242357177#41-t2, previous=(t:2, i:10), leaderCommit=10, initializing? false, entries: <empty>
2019-10-18 07:02:52,052 [BlockDeletingService#2] WARN  background.BlockDeletingService (BlockDeletingService.java:isDeletionAllowed(187)) - Close Container log Index 6 is not replicated across allthe servers in the pipeline fe68d6de-2f7f-4088-a26e-caf408347a58 as the min replicated index is 4. Deletion is not allowed in this container yet.
2019-10-18 07:02:52,052 [BlockDeletingService#2] WARN  background.BlockDeletingService (BlockDeletingService.java:isDeletionAllowed(187)) - Close Container log Index 6 is not replicated across allthe servers in the pipeline fe68d6de-2f7f-4088-a26e-caf408347a58 as the min replicated index is 4. Deletion is not allowed in this container yet.
2019-10-18 07:02:52,070 [EventQueue-ContainerReportForContainerReportHandler] WARN  container.ContainerReportHandler (AbstractContainerReportHandler.java:updateContainerState(145)) - Container #1 is in OPEN state, but the datanode f69cf638-138d-4576-91da-2cd882e57eee{ip: 192.168.34.25, host: pr-hdds-2318-jnjn8-2612408985, networkLocation: /default-rack, certSerialId: null} reports an CLOSED replica.
2019-10-18 07:02:52,072 [EventQueue-ContainerReportForContainerReportHandler] WARN  container.ContainerReportHandler (AbstractContainerReportHandler.java:updateContainerState(145)) - Container #1 is in OPEN state, but the datanode 93f10d81-f4b6-4237-b2e6-6c2ccf8ca027{ip: 192.168.34.25, host: pr-hdds-2318-jnjn8-2612408985, networkLocation: /default-rack, certSerialId: null} reports an CLOSED replica.
2019-10-18 07:02:52,272 [EventQueue-ContainerReportForContainerReportHandler] WARN  container.ContainerReportHandler (AbstractContainerReportHandler.java:updateContainerState(145)) - Container #1 is in OPEN state, but the datanode 93f10d81-f4b6-4237-b2e6-6c2ccf8ca027{ip: 192.168.34.25, host: pr-hdds-2318-jnjn8-2612408985, networkLocation: /default-rack, certSerialId: null} reports an CLOSED replica.
2019-10-18 07:02:52,470 [EventQueue-ContainerReportForContainerReportHandler] WARN  container.ContainerReportHandler (AbstractContainerReportHandler.java:updateContainerState(145)) - Container #1 is in OPEN state, but the datanode f69cf638-138d-4576-91da-2cd882e57eee{ip: 192.168.34.25, host: pr-hdds-2318-jnjn8-2612408985, networkLocation: /default-rack, certSerialId: null} reports an CLOSED replica.
2019-10-18 07:02:52,571 [EventQueue-ContainerReportForContainerReportHandler] WARN  container.ContainerReportHandler (AbstractContainerReportHandler.java:updateContainerState(145)) - Container #1 is in OPEN state, but the datanode 93f10d81-f4b6-4237-b2e6-6c2ccf8ca027{ip: 192.168.34.25, host: pr-hdds-2318-jnjn8-2612408985, networkLocation: /default-rack, certSerialId: null} reports an CLOSED replica.
2019-10-18 07:02:52,771 [EventQueue-ContainerReportForContainerReportHandler] WARN  container.ContainerReportHandler (AbstractContainerReportHandler.java:updateContainerState(145)) - Container #1 is in OPEN state, but the datanode f69cf638-138d-4576-91da-2cd882e57eee{ip: 192.168.34.25, host: pr-hdds-2318-jnjn8-2612408985, networkLocation: /default-rack, certSerialId: null} reports an CLOSED replica.
2019-10-18 07:02:52,872 [EventQueue-ContainerReportForContainerReportHandler] WARN  container.ContainerReportHandler (AbstractContainerReportHandler.java:updateContainerState(145)) - Container #1 is in OPEN state, but the datanode 93f10d81-f4b6-4237-b2e6-6c2ccf8ca027{ip: 192.168.34.25, host: pr-hdds-2318-jnjn8-2612408985, networkLocation: /default-rack, certSerialId: null} reports an CLOSED replica.
2019-10-18 07:02:53,055 [BlockDeletingService#2] WARN  background.BlockDeletingService (BlockDeletingService.java:isDeletionAllowed(187)) - Close Container log Index 6 is not replicated across allthe servers in the pipeline fe68d6de-2f7f-4088-a26e-caf408347a58 as the min replicated index is 4. Deletion is not allowed in this container yet.
2019-10-18 07:02:53,055 [BlockDeletingService#2] WARN  background.BlockDeletingService (BlockDeletingService.java:isDeletionAllowed(187)) - Close Container log Index 6 is not replicated across allthe servers in the pipeline fe68d6de-2f7f-4088-a26e-caf408347a58 as the min replicated index is 4. Deletion is not allowed in this container yet.
2019-10-18 07:02:53,072 [EventQueue-ContainerReportForContainerReportHandler] WARN  container.ContainerReportHandler (AbstractContainerReportHandler.java:updateContainerState(145)) - Container #1 is in OPEN state, but the datanode f69cf638-138d-4576-91da-2cd882e57eee{ip: 192.168.34.25, host: pr-hdds-2318-jnjn8-2612408985, networkLocation: /default-rack, certSerialId: null} reports an CLOSED replica.
2019-10-18 07:02:53,172 [EventQueue-ContainerReportForContainerReportHandler] WARN  container.ContainerReportHandler (AbstractContainerReportHandler.java:updateContainerState(145)) - Container #1 is in OPEN state, but the datanode 93f10d81-f4b6-4237-b2e6-6c2ccf8ca027{ip: 192.168.34.25, host: pr-hdds-2318-jnjn8-2612408985, networkLocation: /default-rack, certSerialId: null} reports an CLOSED replica.
2019-10-18 07:02:53,372 [EventQueue-ContainerReportForContainerReportHandler] WARN  container.ContainerReportHandler (AbstractContainerReportHandler.java:updateContainerState(145)) - Container #1 is in OPEN state, but the datanode f69cf638-138d-4576-91da-2cd882e57eee{ip: 192.168.34.25, host: pr-hdds-2318-jnjn8-2612408985, networkLocation: /default-rack, certSerialId: null} reports an CLOSED replica.
2019-10-18 07:02:53,573 [EventQueue-ContainerReportForContainerReportHandler] WARN  container.ContainerReportHandler (AbstractContainerReportHandler.java:updateContainerState(145)) - Container #1 is in OPEN state, but the datanode 93f10d81-f4b6-4237-b2e6-6c2ccf8ca027{ip: 192.168.34.25, host: pr-hdds-2318-jnjn8-2612408985, networkLocation: /default-rack, certSerialId: null} reports an CLOSED replica.
2019-10-18 07:02:53,671 [EventQueue-ContainerReportForContainerReportHandler] WARN  container.ContainerReportHandler (AbstractContainerReportHandler.java:updateContainerState(145)) - Container #1 is in OPEN state, but the datanode f69cf638-138d-4576-91da-2cd882e57eee{ip: 192.168.34.25, host: pr-hdds-2318-jnjn8-2612408985, networkLocation: /default-rack, certSerialId: null} reports an CLOSED replica.
2019-10-18 07:02:53,774 [EventQueue-ContainerReportForContainerReportHandler] WARN  container.ContainerReportHandler (AbstractContainerReportHandler.java:updateContainerState(145)) - Container #1 is in OPEN state, but the datanode 93f10d81-f4b6-4237-b2e6-6c2ccf8ca027{ip: 192.168.34.25, host: pr-hdds-2318-jnjn8-2612408985, networkLocation: /default-rack, certSerialId: null} reports an CLOSED replica.
2019-10-18 07:02:53,973 [EventQueue-ContainerReportForContainerReportHandler] WARN  container.ContainerReportHandler (AbstractContainerReportHandler.java:updateContainerState(145)) - Container #1 is in OPEN state, but the datanode f69cf638-138d-4576-91da-2cd882e57eee{ip: 192.168.34.25, host: pr-hdds-2318-jnjn8-2612408985, networkLocation: /default-rack, certSerialId: null} reports an CLOSED replica.
2019-10-18 07:02:53,973 [EventQueue-ContainerReportForContainerReportHandler] WARN  container.ContainerReportHandler (AbstractContainerReportHandler.java:updateContainerState(145)) - Container #1 is in OPEN state, but the datanode 93f10d81-f4b6-4237-b2e6-6c2ccf8ca027{ip: 192.168.34.25, host: pr-hdds-2318-jnjn8-2612408985, networkLocation: /default-rack, certSerialId: null} reports an CLOSED replica.
2019-10-18 07:02:54,056 [BlockDeletingService#2] WARN  background.BlockDeletingService (BlockDeletingService.java:isDeletionAllowed(187)) - Close Container log Index 6 is not replicated across allthe servers in the pipeline fe68d6de-2f7f-4088-a26e-caf408347a58 as the min replicated index is 4. Deletion is not allowed in this container yet.
2019-10-18 07:02:54,056 [BlockDeletingService#2] WARN  background.BlockDeletingService (BlockDeletingService.java:isDeletionAllowed(187)) - Close Container log Index 6 is not replicated across allthe servers in the pipeline fe68d6de-2f7f-4088-a26e-caf408347a58 as the min replicated index is 4. Deletion is not allowed in this container yet.
2019-10-18 07:02:54,274 [EventQueue-ContainerReportForContainerReportHandler] WARN  container.ContainerReportHandler (AbstractContainerReportHandler.java:updateContainerState(145)) - Container #1 is in OPEN state, but the datanode 93f10d81-f4b6-4237-b2e6-6c2ccf8ca027{ip: 192.168.34.25, host: pr-hdds-2318-jnjn8-2612408985, networkLocation: /default-rack, certSerialId: null} reports an CLOSED replica.
2019-10-18 07:02:54,275 [EventQueue-ContainerReportForContainerReportHandler] WARN  container.ContainerReportHandler (AbstractContainerReportHandler.java:updateContainerState(145)) - Container #1 is in OPEN state, but the datanode f69cf638-138d-4576-91da-2cd882e57eee{ip: 192.168.34.25, host: pr-hdds-2318-jnjn8-2612408985, networkLocation: /default-rack, certSerialId: null} reports an CLOSED replica.
2019-10-18 07:02:54,376 [java.util.concurrent.ThreadPoolExecutor$Worker@35485c7f[State = -1, empty queue]] WARN  server.GrpcLogAppender (GrpcLogAppender.java:timeoutAppendRequest(209)) - 93f10d81-f4b6-4237-b2e6-6c2ccf8ca027@group-CAF408347A58->46b9516a-dfd6-4e8f-8939-5a6242357177-GrpcLogAppender: appendEntries Timeout, request=93f10d81-f4b6-4237-b2e6-6c2ccf8ca027->46b9516a-dfd6-4e8f-8939-5a6242357177#42-t2, previous=(t:2, i:10), leaderCommit=10, initializing? false, entries: <empty>
2019-10-18 07:02:54,476 [EventQueue-ContainerReportForContainerReportHandler] WARN  container.ContainerReportHandler (AbstractContainerReportHandler.java:updateContainerState(145)) - Container #1 is in OPEN state, but the datanode f69cf638-138d-4576-91da-2cd882e57eee{ip: 192.168.34.25, host: pr-hdds-2318-jnjn8-2612408985, networkLocation: /default-rack, certSerialId: null} reports an CLOSED replica.
2019-10-18 07:02:54,574 [EventQueue-ContainerReportForContainerReportHandler] WARN  container.ContainerReportHandler (AbstractContainerReportHandler.java:updateContainerState(145)) - Container #1 is in OPEN state, but the datanode 93f10d81-f4b6-4237-b2e6-6c2ccf8ca027{ip: 192.168.34.25, host: pr-hdds-2318-jnjn8-2612408985, networkLocation: /default-rack, certSerialId: null} reports an CLOSED replica.
2019-10-18 07:02:54,775 [EventQueue-ContainerReportForContainerReportHandler] WARN  container.ContainerReportHandler (AbstractContainerReportHandler.java:updateContainerState(145)) - Container #1 is in OPEN state, but the datanode f69cf638-138d-4576-91da-2cd882e57eee{ip: 192.168.34.25, host: pr-hdds-2318-jnjn8-2612408985, networkLocation: /default-rack, certSerialId: null} reports an CLOSED replica.
2019-10-18 07:02:54,874 [EventQueue-ContainerReportForContainerReportHandler] WARN  container.ContainerReportHandler (AbstractContainerReportHandler.java:updateContainerState(145)) - Container #1 is in OPEN state, but the datanode 93f10d81-f4b6-4237-b2e6-6c2ccf8ca027{ip: 192.168.34.25, host: pr-hdds-2318-jnjn8-2612408985, networkLocation: /default-rack, certSerialId: null} reports an CLOSED replica.
2019-10-18 07:02:54,977 [EventQueue-ContainerReportForContainerReportHandler] WARN  container.ContainerReportHandler (AbstractContainerReportHandler.java:updateContainerState(145)) - Container #1 is in OPEN state, but the datanode f69cf638-138d-4576-91da-2cd882e57eee{ip: 192.168.34.25, host: pr-hdds-2318-jnjn8-2612408985, networkLocation: /default-rack, certSerialId: null} reports an CLOSED replica.
2019-10-18 07:02:55,058 [BlockDeletingService#2] WARN  background.BlockDeletingService (BlockDeletingService.java:isDeletionAllowed(187)) - Close Container log Index 6 is not replicated across allthe servers in the pipeline fe68d6de-2f7f-4088-a26e-caf408347a58 as the min replicated index is 4. Deletion is not allowed in this container yet.
2019-10-18 07:02:55,058 [BlockDeletingService#2] WARN  background.BlockDeletingService (BlockDeletingService.java:isDeletionAllowed(187)) - Close Container log Index 6 is not replicated across allthe servers in the pipeline fe68d6de-2f7f-4088-a26e-caf408347a58 as the min replicated index is 4. Deletion is not allowed in this container yet.
2019-10-18 07:02:55,086 [Thread-469] INFO  client.GrpcClientProtocolService (GrpcClientProtocolService.java:lambda$processClientRequest$0(278)) - Failed RaftClientRequest:client-79AC2A5FBE9C->f69cf638-138d-4576-91da-2cd882e57eee@group-CAF408347A58, cid=10, seq=0, Watch-ALL_COMMITTED(6), Message:<EMPTY>, reply=RaftClientReply:client-79AC2A5FBE9C->f69cf638-138d-4576-91da-2cd882e57eee@group-CAF408347A58, cid=10, FAILED org.apache.ratis.protocol.NotLeaderException: Server f69cf638-138d-4576-91da-2cd882e57eee@group-CAF408347A58 is not the leader 93f10d81-f4b6-4237-b2e6-6c2ccf8ca027:192.168.34.25:43753, logIndex=0, commits[f69cf638-138d-4576-91da-2cd882e57eee:c10, 46b9516a-dfd6-4e8f-8939-5a6242357177:c4, 93f10d81-f4b6-4237-b2e6-6c2ccf8ca027:c10]
2019-10-18 07:02:55,175 [EventQueue-ContainerReportForContainerReportHandler] WARN  container.ContainerReportHandler (AbstractContainerReportHandler.java:updateContainerState(145)) - Container #1 is in OPEN state, but the datanode 93f10d81-f4b6-4237-b2e6-6c2ccf8ca027{ip: 192.168.34.25, host: pr-hdds-2318-jnjn8-2612408985, networkLocation: /default-rack, certSerialId: null} reports an CLOSED replica.
2019-10-18 07:02:55,177 [EventQueue-ContainerReportForContainerReportHandler] WARN  container.ContainerReportHandler (AbstractContainerReportHandler.java:updateContainerState(145)) - Container #1 is in OPEN state, but the datanode f69cf638-138d-4576-91da-2cd882e57eee{ip: 192.168.34.25, host: pr-hdds-2318-jnjn8-2612408985, networkLocation: /default-rack, certSerialId: null} reports an CLOSED replica.
2019-10-18 07:02:55,479 [EventQueue-ContainerReportForContainerReportHandler] WARN  container.ContainerReportHandler (AbstractContainerReportHandler.java:updateContainerState(145)) - Container #1 is in OPEN state, but the datanode f69cf638-138d-4576-91da-2cd882e57eee{ip: 192.168.34.25, host: pr-hdds-2318-jnjn8-2612408985, networkLocation: /default-rack, certSerialId: null} reports an CLOSED replica.
2019-10-18 07:02:55,576 [EventQueue-ContainerReportForContainerReportHandler] WARN  container.ContainerReportHandler (AbstractContainerReportHandler.java:updateContainerState(145)) - Container #1 is in OPEN state, but the datanode 93f10d81-f4b6-4237-b2e6-6c2ccf8ca027{ip: 192.168.34.25, host: pr-hdds-2318-jnjn8-2612408985, networkLocation: /default-rack, certSerialId: null} reports an CLOSED replica.
2019-10-18 07:02:55,756 [Thread-472] INFO  client.GrpcClientProtocolService (GrpcClientProtocolService.java:lambda$processClientRequest$0(278)) - Failed RaftClientRequest:client-79AC2A5FBE9C->93f10d81-f4b6-4237-b2e6-6c2ccf8ca027@group-CAF408347A58, cid=10, seq=0, Watch-ALL_COMMITTED(6), Message:<EMPTY>, reply=RaftClientReply:client-79AC2A5FBE9C->93f10d81-f4b6-4237-b2e6-6c2ccf8ca027@group-CAF408347A58, cid=10, FAILED org.apache.ratis.protocol.NotReplicatedException: Request with call Id 10 and log index 6 is not yet replicated to ALL_COMMITTED, logIndex=6, commits[93f10d81-f4b6-4237-b2e6-6c2ccf8ca027:c10, f69cf638-138d-4576-91da-2cd882e57eee:c10, 46b9516a-dfd6-4e8f-8939-5a6242357177:c4]
2019-10-18 07:02:55,877 [EventQueue-ContainerReportForContainerReportHandler] WARN  container.ContainerReportHandler (AbstractContainerReportHandler.java:updateContainerState(145)) - Container #1 is in OPEN state, but the datanode 93f10d81-f4b6-4237-b2e6-6c2ccf8ca027{ip: 192.168.34.25, host: pr-hdds-2318-jnjn8-2612408985, networkLocation: /default-rack, certSerialId: null} reports an CLOSED replica.
2019-10-18 07:02:55,878 [EventQueue-ContainerReportForContainerReportHandler] WARN  container.ContainerReportHandler (AbstractContainerReportHandler.java:updateContainerState(145)) - Container #1 is in OPEN state, but the datanode f69cf638-138d-4576-91da-2cd882e57eee{ip: 192.168.34.25, host: pr-hdds-2318-jnjn8-2612408985, networkLocation: /default-rack, certSerialId: null} reports an CLOSED replica.
2019-10-18 07:02:56,061 [BlockDeletingService#2] WARN  background.BlockDeletingService (BlockDeletingService.java:isDeletionAllowed(187)) - Close Container log Index 6 is not replicated across allthe servers in the pipeline fe68d6de-2f7f-4088-a26e-caf408347a58 as the min replicated index is 4. Deletion is not allowed in this container yet.
2019-10-18 07:02:56,061 [BlockDeletingService#2] WARN  background.BlockDeletingService (BlockDeletingService.java:isDeletionAllowed(187)) - Close Container log Index 6 is not replicated across allthe servers in the pipeline fe68d6de-2f7f-4088-a26e-caf408347a58 as the min replicated index is 4. Deletion is not allowed in this container yet.
2019-10-18 07:02:56,179 [EventQueue-ContainerReportForContainerReportHandler] WARN  container.ContainerReportHandler (AbstractContainerReportHandler.java:updateContainerState(145)) - Container #1 is in OPEN state, but the datanode f69cf638-138d-4576-91da-2cd882e57eee{ip: 192.168.34.25, host: pr-hdds-2318-jnjn8-2612408985, networkLocation: /default-rack, certSerialId: null} reports an CLOSED replica.
2019-10-18 07:02:56,277 [EventQueue-ContainerReportForContainerReportHandler] WARN  container.ContainerReportHandler (AbstractContainerReportHandler.java:updateContainerState(145)) - Container #1 is in OPEN state, but the datanode 93f10d81-f4b6-4237-b2e6-6c2ccf8ca027{ip: 192.168.34.25, host: pr-hdds-2318-jnjn8-2612408985, networkLocation: /default-rack, certSerialId: null} reports an CLOSED replica.
2019-10-18 07:02:56,476 [EventQueue-ContainerReportForContainerReportHandler] WARN  container.ContainerReportHandler (AbstractContainerReportHandler.java:updateContainerState(145)) - Container #1 is in OPEN state, but the datanode 93f10d81-f4b6-4237-b2e6-6c2ccf8ca027{ip: 192.168.34.25, host: pr-hdds-2318-jnjn8-2612408985, networkLocation: /default-rack, certSerialId: null} reports an CLOSED replica.
2019-10-18 07:02:56,580 [EventQueue-ContainerReportForContainerReportHandler] WARN  container.ContainerReportHandler (AbstractContainerReportHandler.java:updateContainerState(145)) - Container #1 is in OPEN state, but the datanode f69cf638-138d-4576-91da-2cd882e57eee{ip: 192.168.34.25, host: pr-hdds-2318-jnjn8-2612408985, networkLocation: /default-rack, certSerialId: null} reports an CLOSED replica.
2019-10-18 07:02:56,777 [EventQueue-ContainerReportForContainerReportHandler] WARN  container.ContainerReportHandler (AbstractContainerReportHandler.java:updateContainerState(145)) - Container #1 is in OPEN state, but the datanode 93f10d81-f4b6-4237-b2e6-6c2ccf8ca027{ip: 192.168.34.25, host: pr-hdds-2318-jnjn8-2612408985, networkLocation: /default-rack, certSerialId: null} reports an CLOSED replica.
2019-10-18 07:02:56,877 [java.util.concurrent.ThreadPoolExecutor$Worker@35485c7f[State = -1, empty queue]] WARN  server.GrpcLogAppender (GrpcLogAppender.java:timeoutAppendRequest(209)) - 93f10d81-f4b6-4237-b2e6-6c2ccf8ca027@group-CAF408347A58->46b9516a-dfd6-4e8f-8939-5a6242357177-GrpcLogAppender: appendEntries Timeout, request=93f10d81-f4b6-4237-b2e6-6c2ccf8ca027->46b9516a-dfd6-4e8f-8939-5a6242357177#43-t2, previous=(t:2, i:10), leaderCommit=10, initializing? false, entries: <empty>
2019-10-18 07:02:56,880 [EventQueue-ContainerReportForContainerReportHandler] WARN  container.ContainerReportHandler (AbstractContainerReportHandler.java:updateContainerState(145)) - Container #1 is in OPEN state, but the datanode f69cf638-138d-4576-91da-2cd882e57eee{ip: 192.168.34.25, host: pr-hdds-2318-jnjn8-2612408985, networkLocation: /default-rack, certSerialId: null} reports an CLOSED replica.
2019-10-18 07:02:57,066 [BlockDeletingService#2] WARN  background.BlockDeletingService (BlockDeletingService.java:isDeletionAllowed(187)) - Close Container log Index 6 is not replicated across allthe servers in the pipeline fe68d6de-2f7f-4088-a26e-caf408347a58 as the min replicated index is 4. Deletion is not allowed in this container yet.
2019-10-18 07:02:57,066 [BlockDeletingService#2] WARN  background.BlockDeletingService (BlockDeletingService.java:isDeletionAllowed(187)) - Close Container log Index 6 is not replicated across allthe servers in the pipeline fe68d6de-2f7f-4088-a26e-caf408347a58 as the min replicated index is 4. Deletion is not allowed in this container yet.
2019-10-18 07:02:57,077 [EventQueue-ContainerReportForContainerReportHandler] WARN  container.ContainerReportHandler (AbstractContainerReportHandler.java:updateContainerState(145)) - Container #1 is in OPEN state, but the datanode 93f10d81-f4b6-4237-b2e6-6c2ccf8ca027{ip: 192.168.34.25, host: pr-hdds-2318-jnjn8-2612408985, networkLocation: /default-rack, certSerialId: null} reports an CLOSED replica.
2019-10-18 07:02:57,280 [EventQueue-ContainerReportForContainerReportHandler] WARN  container.ContainerReportHandler (AbstractContainerReportHandler.java:updateContainerState(145)) - Container #1 is in OPEN state, but the datanode f69cf638-138d-4576-91da-2cd882e57eee{ip: 192.168.34.25, host: pr-hdds-2318-jnjn8-2612408985, networkLocation: /default-rack, certSerialId: null} reports an CLOSED replica.
2019-10-18 07:02:57,378 [EventQueue-ContainerReportForContainerReportHandler] WARN  container.ContainerReportHandler (AbstractContainerReportHandler.java:updateContainerState(145)) - Container #1 is in OPEN state, but the datanode 93f10d81-f4b6-4237-b2e6-6c2ccf8ca027{ip: 192.168.34.25, host: pr-hdds-2318-jnjn8-2612408985, networkLocation: /default-rack, certSerialId: null} reports an CLOSED replica.
2019-10-18 07:02:57,580 [EventQueue-ContainerReportForContainerReportHandler] WARN  container.ContainerReportHandler (AbstractContainerReportHandler.java:updateContainerState(145)) - Container #1 is in OPEN state, but the datanode f69cf638-138d-4576-91da-2cd882e57eee{ip: 192.168.34.25, host: pr-hdds-2318-jnjn8-2612408985, networkLocation: /default-rack, certSerialId: null} reports an CLOSED replica.
2019-10-18 07:02:57,777 [EventQueue-ContainerReportForContainerReportHandler] WARN  container.ContainerReportHandler (AbstractContainerReportHandler.java:updateContainerState(145)) - Container #1 is in OPEN state, but the datanode 93f10d81-f4b6-4237-b2e6-6c2ccf8ca027{ip: 192.168.34.25, host: pr-hdds-2318-jnjn8-2612408985, networkLocation: /default-rack, certSerialId: null} reports an CLOSED replica.
2019-10-18 07:02:57,981 [EventQueue-ContainerReportForContainerReportHandler] WARN  container.ContainerReportHandler (AbstractContainerReportHandler.java:updateContainerState(145)) - Container #1 is in OPEN state, but the datanode f69cf638-138d-4576-91da-2cd882e57eee{ip: 192.168.34.25, host: pr-hdds-2318-jnjn8-2612408985, networkLocation: /default-rack, certSerialId: null} reports an CLOSED replica.
2019-10-18 07:02:58,067 [BlockDeletingService#2] WARN  background.BlockDeletingService (BlockDeletingService.java:isDeletionAllowed(187)) - Close Container log Index 6 is not replicated across allthe servers in the pipeline fe68d6de-2f7f-4088-a26e-caf408347a58 as the min replicated index is 4. Deletion is not allowed in this container yet.
2019-10-18 07:02:58,067 [BlockDeletingService#2] WARN  background.BlockDeletingService (BlockDeletingService.java:isDeletionAllowed(187)) - Close Container log Index 6 is not replicated across allthe servers in the pipeline fe68d6de-2f7f-4088-a26e-caf408347a58 as the min replicated index is 4. Deletion is not allowed in this container yet.
2019-10-18 07:02:58,177 [EventQueue-ContainerReportForContainerReportHandler] WARN  container.ContainerReportHandler (AbstractContainerReportHandler.java:updateContainerState(145)) - Container #1 is in OPEN state, but the datanode 93f10d81-f4b6-4237-b2e6-6c2ccf8ca027{ip: 192.168.34.25, host: pr-hdds-2318-jnjn8-2612408985, networkLocation: /default-rack, certSerialId: null} reports an CLOSED replica.
2019-10-18 07:02:58,282 [EventQueue-ContainerReportForContainerReportHandler] WARN  container.ContainerReportHandler (AbstractContainerReportHandler.java:updateContainerState(145)) - Container #1 is in OPEN state, but the datanode f69cf638-138d-4576-91da-2cd882e57eee{ip: 192.168.34.25, host: pr-hdds-2318-jnjn8-2612408985, networkLocation: /default-rack, certSerialId: null} reports an CLOSED replica.
2019-10-18 07:02:58,377 [EventQueue-ContainerReportForContainerReportHandler] WARN  container.ContainerReportHandler (AbstractContainerReportHandler.java:updateContainerState(145)) - Container #1 is in OPEN state, but the datanode 93f10d81-f4b6-4237-b2e6-6c2ccf8ca027{ip: 192.168.34.25, host: pr-hdds-2318-jnjn8-2612408985, networkLocation: /default-rack, certSerialId: null} reports an CLOSED replica.
2019-10-18 07:02:58,481 [EventQueue-ContainerReportForContainerReportHandler] WARN  container.ContainerReportHandler (AbstractContainerReportHandler.java:updateContainerState(145)) - Container #1 is in OPEN state, but the datanode f69cf638-138d-4576-91da-2cd882e57eee{ip: 192.168.34.25, host: pr-hdds-2318-jnjn8-2612408985, networkLocation: /default-rack, certSerialId: null} reports an CLOSED replica.
2019-10-18 07:02:58,677 [EventQueue-ContainerReportForContainerReportHandler] WARN  container.ContainerReportHandler (AbstractContainerReportHandler.java:updateContainerState(145)) - Container #1 is in OPEN state, but the datanode 93f10d81-f4b6-4237-b2e6-6c2ccf8ca027{ip: 192.168.34.25, host: pr-hdds-2318-jnjn8-2612408985, networkLocation: /default-rack, certSerialId: null} reports an CLOSED replica.
2019-10-18 07:02:58,782 [EventQueue-ContainerReportForContainerReportHandler] WARN  container.ContainerReportHandler (AbstractContainerReportHandler.java:updateContainerState(145)) - Container #1 is in OPEN state, but the datanode f69cf638-138d-4576-91da-2cd882e57eee{ip: 192.168.34.25, host: pr-hdds-2318-jnjn8-2612408985, networkLocation: /default-rack, certSerialId: null} reports an CLOSED replica.
2019-10-18 07:02:59,069 [BlockDeletingService#2] WARN  background.BlockDeletingService (BlockDeletingService.java:isDeletionAllowed(187)) - Close Container log Index 6 is not replicated across allthe servers in the pipeline fe68d6de-2f7f-4088-a26e-caf408347a58 as the min replicated index is 4. Deletion is not allowed in this container yet.
2019-10-18 07:02:59,070 [BlockDeletingService#2] WARN  background.BlockDeletingService (BlockDeletingService.java:isDeletionAllowed(187)) - Close Container log Index 6 is not replicated across allthe servers in the pipeline fe68d6de-2f7f-4088-a26e-caf408347a58 as the min replicated index is 4. Deletion is not allowed in this container yet.
2019-10-18 07:02:59,078 [EventQueue-ContainerReportForContainerReportHandler] WARN  container.ContainerReportHandler (AbstractContainerReportHandler.java:updateContainerState(145)) - Container #1 is in OPEN state, but the datanode 93f10d81-f4b6-4237-b2e6-6c2ccf8ca027{ip: 192.168.34.25, host: pr-hdds-2318-jnjn8-2612408985, networkLocation: /default-rack, certSerialId: null} reports an CLOSED replica.
2019-10-18 07:02:59,081 [EventQueue-ContainerReportForContainerReportHandler] WARN  container.ContainerReportHandler (AbstractContainerReportHandler.java:updateContainerState(145)) - Container #1 is in OPEN state, but the datanode f69cf638-138d-4576-91da-2cd882e57eee{ip: 192.168.34.25, host: pr-hdds-2318-jnjn8-2612408985, networkLocation: /default-rack, certSerialId: null} reports an CLOSED replica.
2019-10-18 07:02:59,378 [EventQueue-ContainerReportForContainerReportHandler] WARN  container.ContainerReportHandler (AbstractContainerReportHandler.java:updateContainerState(145)) - Container #1 is in OPEN state, but the datanode 93f10d81-f4b6-4237-b2e6-6c2ccf8ca027{ip: 192.168.34.25, host: pr-hdds-2318-jnjn8-2612408985, networkLocation: /default-rack, certSerialId: null} reports an CLOSED replica.
2019-10-18 07:02:59,378 [java.util.concurrent.ThreadPoolExecutor$Worker@35485c7f[State = -1, empty queue]] WARN  server.GrpcLogAppender (GrpcLogAppender.java:timeoutAppendRequest(209)) - 93f10d81-f4b6-4237-b2e6-6c2ccf8ca027@group-CAF408347A58->46b9516a-dfd6-4e8f-8939-5a6242357177-GrpcLogAppender: appendEntries Timeout, request=93f10d81-f4b6-4237-b2e6-6c2ccf8ca027->46b9516a-dfd6-4e8f-8939-5a6242357177#44-t2, previous=(t:2, i:10), leaderCommit=10, initializing? false, entries: <empty>
2019-10-18 07:02:59,482 [EventQueue-ContainerReportForContainerReportHandler] WARN  container.ContainerReportHandler (AbstractContainerReportHandler.java:updateContainerState(145)) - Container #1 is in OPEN state, but the datanode f69cf638-138d-4576-91da-2cd882e57eee{ip: 192.168.34.25, host: pr-hdds-2318-jnjn8-2612408985, networkLocation: /default-rack, certSerialId: null} reports an CLOSED replica.
2019-10-18 07:02:59,578 [EventQueue-ContainerReportForContainerReportHandler] WARN  container.ContainerReportHandler (AbstractContainerReportHandler.java:updateContainerState(145)) - Container #1 is in OPEN state, but the datanode 93f10d81-f4b6-4237-b2e6-6c2ccf8ca027{ip: 192.168.34.25, host: pr-hdds-2318-jnjn8-2612408985, networkLocation: /default-rack, certSerialId: null} reports an CLOSED replica.
2019-10-18 07:02:59,681 [EventQueue-ContainerReportForContainerReportHandler] WARN  container.ContainerReportHandler (AbstractContainerReportHandler.java:updateContainerState(145)) - Container #1 is in OPEN state, but the datanode f69cf638-138d-4576-91da-2cd882e57eee{ip: 192.168.34.25, host: pr-hdds-2318-jnjn8-2612408985, networkLocation: /default-rack, certSerialId: null} reports an CLOSED replica.
2019-10-18 07:02:59,979 [EventQueue-ContainerReportForContainerReportHandler] WARN  container.ContainerReportHandler (AbstractContainerReportHandler.java:updateContainerState(145)) - Container #1 is in OPEN state, but the datanode 93f10d81-f4b6-4237-b2e6-6c2ccf8ca027{ip: 192.168.34.25, host: pr-hdds-2318-jnjn8-2612408985, networkLocation: /default-rack, certSerialId: null} reports an CLOSED replica.
2019-10-18 07:02:59,981 [EventQueue-ContainerReportForContainerReportHandler] WARN  container.ContainerReportHandler (AbstractContainerReportHandler.java:updateContainerState(145)) - Container #1 is in OPEN state, but the datanode f69cf638-138d-4576-91da-2cd882e57eee{ip: 192.168.34.25, host: pr-hdds-2318-jnjn8-2612408985, networkLocation: /default-rack, certSerialId: null} reports an CLOSED replica.
2019-10-18 07:03:00,072 [BlockDeletingService#2] WARN  background.BlockDeletingService (BlockDeletingService.java:isDeletionAllowed(187)) - Close Container log Index 6 is not replicated across allthe servers in the pipeline fe68d6de-2f7f-4088-a26e-caf408347a58 as the min replicated index is 4. Deletion is not allowed in this container yet.
2019-10-18 07:03:00,072 [BlockDeletingService#2] WARN  background.BlockDeletingService (BlockDeletingService.java:isDeletionAllowed(187)) - Close Container log Index 6 is not replicated across allthe servers in the pipeline fe68d6de-2f7f-4088-a26e-caf408347a58 as the min replicated index is 4. Deletion is not allowed in this container yet.
2019-10-18 07:03:00,278 [EventQueue-ContainerReportForContainerReportHandler] WARN  container.ContainerReportHandler (AbstractContainerReportHandler.java:updateContainerState(145)) - Container #1 is in OPEN state, but the datanode 93f10d81-f4b6-4237-b2e6-6c2ccf8ca027{ip: 192.168.34.25, host: pr-hdds-2318-jnjn8-2612408985, networkLocation: /default-rack, certSerialId: null} reports an CLOSED replica.
2019-10-18 07:03:00,282 [EventQueue-ContainerReportForContainerReportHandler] WARN  container.ContainerReportHandler (AbstractContainerReportHandler.java:updateContainerState(145)) - Container #1 is in OPEN state, but the datanode f69cf638-138d-4576-91da-2cd882e57eee{ip: 192.168.34.25, host: pr-hdds-2318-jnjn8-2612408985, networkLocation: /default-rack, certSerialId: null} reports an CLOSED replica.
2019-10-18 07:03:00,578 [EventQueue-ContainerReportForContainerReportHandler] WARN  container.ContainerReportHandler (AbstractContainerReportHandler.java:updateContainerState(145)) - Container #1 is in OPEN state, but the datanode 93f10d81-f4b6-4237-b2e6-6c2ccf8ca027{ip: 192.168.34.25, host: pr-hdds-2318-jnjn8-2612408985, networkLocation: /default-rack, certSerialId: null} reports an CLOSED replica.
2019-10-18 07:03:00,581 [EventQueue-ContainerReportForContainerReportHandler] WARN  container.ContainerReportHandler (AbstractContainerReportHandler.java:updateContainerState(145)) - Container #1 is in OPEN state, but the datanode f69cf638-138d-4576-91da-2cd882e57eee{ip: 192.168.34.25, host: pr-hdds-2318-jnjn8-2612408985, networkLocation: /default-rack, certSerialId: null} reports an CLOSED replica.
2019-10-18 07:03:00,881 [EventQueue-ContainerReportForContainerReportHandler] WARN  container.ContainerReportHandler (AbstractContainerReportHandler.java:updateContainerState(145)) - Container #1 is in OPEN state, but the datanode f69cf638-138d-4576-91da-2cd882e57eee{ip: 192.168.34.25, host: pr-hdds-2318-jnjn8-2612408985, networkLocation: /default-rack, certSerialId: null} reports an CLOSED replica.
2019-10-18 07:03:00,979 [EventQueue-ContainerReportForContainerReportHandler] WARN  container.ContainerReportHandler (AbstractContainerReportHandler.java:updateContainerState(145)) - Container #1 is in OPEN state, but the datanode 93f10d81-f4b6-4237-b2e6-6c2ccf8ca027{ip: 192.168.34.25, host: pr-hdds-2318-jnjn8-2612408985, networkLocation: /default-rack, certSerialId: null} reports an CLOSED replica.
2019-10-18 07:03:01,074 [BlockDeletingService#2] WARN  background.BlockDeletingService (BlockDeletingService.java:isDeletionAllowed(187)) - Close Container log Index 6 is not replicated across allthe servers in the pipeline fe68d6de-2f7f-4088-a26e-caf408347a58 as the min replicated index is 4. Deletion is not allowed in this container yet.
2019-10-18 07:03:01,074 [BlockDeletingService#2] WARN  background.BlockDeletingService (BlockDeletingService.java:isDeletionAllowed(187)) - Close Container log Index 6 is not replicated across allthe servers in the pipeline fe68d6de-2f7f-4088-a26e-caf408347a58 as the min replicated index is 4. Deletion is not allowed in this container yet.
2019-10-18 07:03:01,178 [EventQueue-ContainerReportForContainerReportHandler] WARN  container.ContainerReportHandler (AbstractContainerReportHandler.java:updateContainerState(145)) - Container #1 is in OPEN state, but the datanode 93f10d81-f4b6-4237-b2e6-6c2ccf8ca027{ip: 192.168.34.25, host: pr-hdds-2318-jnjn8-2612408985, networkLocation: /default-rack, certSerialId: null} reports an CLOSED replica.
2019-10-18 07:03:01,282 [EventQueue-ContainerReportForContainerReportHandler] WARN  container.ContainerReportHandler (AbstractContainerReportHandler.java:updateContainerState(145)) - Container #1 is in OPEN state, but the datanode f69cf638-138d-4576-91da-2cd882e57eee{ip: 192.168.34.25, host: pr-hdds-2318-jnjn8-2612408985, networkLocation: /default-rack, certSerialId: null} reports an CLOSED replica.
2019-10-18 07:03:01,478 [EventQueue-ContainerReportForContainerReportHandler] WARN  container.ContainerReportHandler (AbstractContainerReportHandler.java:updateContainerState(145)) - Container #1 is in OPEN state, but the datanode 93f10d81-f4b6-4237-b2e6-6c2ccf8ca027{ip: 192.168.34.25, host: pr-hdds-2318-jnjn8-2612408985, networkLocation: /default-rack, certSerialId: null} reports an CLOSED replica.
2019-10-18 07:03:01,582 [EventQueue-ContainerReportForContainerReportHandler] WARN  container.ContainerReportHandler (AbstractContainerReportHandler.java:updateContainerState(145)) - Container #1 is in OPEN state, but the datanode f69cf638-138d-4576-91da-2cd882e57eee{ip: 192.168.34.25, host: pr-hdds-2318-jnjn8-2612408985, networkLocation: /default-rack, certSerialId: null} reports an CLOSED replica.
2019-10-18 07:03:01,778 [EventQueue-ContainerReportForContainerReportHandler] WARN  container.ContainerReportHandler (AbstractContainerReportHandler.java:updateContainerState(145)) - Container #1 is in OPEN state, but the datanode 93f10d81-f4b6-4237-b2e6-6c2ccf8ca027{ip: 192.168.34.25, host: pr-hdds-2318-jnjn8-2612408985, networkLocation: /default-rack, certSerialId: null} reports an CLOSED replica.
2019-10-18 07:03:01,880 [java.util.concurrent.ThreadPoolExecutor$Worker@35485c7f[State = -1, empty queue]] WARN  server.GrpcLogAppender (GrpcLogAppender.java:timeoutAppendRequest(209)) - 93f10d81-f4b6-4237-b2e6-6c2ccf8ca027@group-CAF408347A58->46b9516a-dfd6-4e8f-8939-5a6242357177-GrpcLogAppender: appendEntries Timeout, request=93f10d81-f4b6-4237-b2e6-6c2ccf8ca027->46b9516a-dfd6-4e8f-8939-5a6242357177#45-t2, previous=(t:2, i:10), leaderCommit=10, initializing? false, entries: <empty>
2019-10-18 07:03:01,984 [EventQueue-ContainerReportForContainerReportHandler] WARN  container.ContainerReportHandler (AbstractContainerReportHandler.java:updateContainerState(145)) - Container #1 is in OPEN state, but the datanode f69cf638-138d-4576-91da-2cd882e57eee{ip: 192.168.34.25, host: pr-hdds-2318-jnjn8-2612408985, networkLocation: /default-rack, certSerialId: null} reports an CLOSED replica.
2019-10-18 07:03:02,078 [BlockDeletingService#2] WARN  background.BlockDeletingService (BlockDeletingService.java:isDeletionAllowed(187)) - Close Container log Index 6 is not replicated across allthe servers in the pipeline fe68d6de-2f7f-4088-a26e-caf408347a58 as the min replicated index is 4. Deletion is not allowed in this container yet.
2019-10-18 07:03:02,078 [BlockDeletingService#2] WARN  background.BlockDeletingService (BlockDeletingService.java:isDeletionAllowed(187)) - Close Container log Index 6 is not replicated across allthe servers in the pipeline fe68d6de-2f7f-4088-a26e-caf408347a58 as the min replicated index is 4. Deletion is not allowed in this container yet.
2019-10-18 07:03:02,080 [EventQueue-ContainerReportForContainerReportHandler] WARN  container.ContainerReportHandler (AbstractContainerReportHandler.java:updateContainerState(145)) - Container #1 is in OPEN state, but the datanode 93f10d81-f4b6-4237-b2e6-6c2ccf8ca027{ip: 192.168.34.25, host: pr-hdds-2318-jnjn8-2612408985, networkLocation: /default-rack, certSerialId: null} reports an CLOSED replica.
2019-10-18 07:03:02,383 [EventQueue-ContainerReportForContainerReportHandler] WARN  container.ContainerReportHandler (AbstractContainerReportHandler.java:updateContainerState(145)) - Container #1 is in OPEN state, but the datanode f69cf638-138d-4576-91da-2cd882e57eee{ip: 192.168.34.25, host: pr-hdds-2318-jnjn8-2612408985, networkLocation: /default-rack, certSerialId: null} reports an CLOSED replica.
2019-10-18 07:03:02,480 [EventQueue-ContainerReportForContainerReportHandler] WARN  container.ContainerReportHandler (AbstractContainerReportHandler.java:updateContainerState(145)) - Container #1 is in OPEN state, but the datanode 93f10d81-f4b6-4237-b2e6-6c2ccf8ca027{ip: 192.168.34.25, host: pr-hdds-2318-jnjn8-2612408985, networkLocation: /default-rack, certSerialId: null} reports an CLOSED replica.
2019-10-18 07:03:02,684 [EventQueue-ContainerReportForContainerReportHandler] WARN  container.ContainerReportHandler (AbstractContainerReportHandler.java:updateContainerState(145)) - Container #1 is in OPEN state, but the datanode f69cf638-138d-4576-91da-2cd882e57eee{ip: 192.168.34.25, host: pr-hdds-2318-jnjn8-2612408985, networkLocation: /default-rack, certSerialId: null} reports an CLOSED replica.
2019-10-18 07:03:02,780 [EventQueue-ContainerReportForContainerReportHandler] WARN  container.ContainerReportHandler (AbstractContainerReportHandler.java:updateContainerState(145)) - Container #1 is in OPEN state, but the datanode 93f10d81-f4b6-4237-b2e6-6c2ccf8ca027{ip: 192.168.34.25, host: pr-hdds-2318-jnjn8-2612408985, networkLocation: /default-rack, certSerialId: null} reports an CLOSED replica.
2019-10-18 07:03:02,985 [EventQueue-ContainerReportForContainerReportHandler] WARN  container.ContainerReportHandler (AbstractContainerReportHandler.java:updateContainerState(145)) - Container #1 is in OPEN state, but the datanode f69cf638-138d-4576-91da-2cd882e57eee{ip: 192.168.34.25, host: pr-hdds-2318-jnjn8-2612408985, networkLocation: /default-rack, certSerialId: null} reports an CLOSED replica.
2019-10-18 07:03:03,080 [BlockDeletingService#2] WARN  background.BlockDeletingService (BlockDeletingService.java:isDeletionAllowed(187)) - Close Container log Index 6 is not replicated across allthe servers in the pipeline fe68d6de-2f7f-4088-a26e-caf408347a58 as the min replicated index is 4. Deletion is not allowed in this container yet.
2019-10-18 07:03:03,080 [BlockDeletingService#2] WARN  background.BlockDeletingService (BlockDeletingService.java:isDeletionAllowed(187)) - Close Container log Index 6 is not replicated across allthe servers in the pipeline fe68d6de-2f7f-4088-a26e-caf408347a58 as the min replicated index is 4. Deletion is not allowed in this container yet.
2019-10-18 07:03:03,182 [EventQueue-ContainerReportForContainerReportHandler] WARN  container.ContainerReportHandler (AbstractContainerReportHandler.java:updateContainerState(145)) - Container #1 is in OPEN state, but the datanode 93f10d81-f4b6-4237-b2e6-6c2ccf8ca027{ip: 192.168.34.25, host: pr-hdds-2318-jnjn8-2612408985, networkLocation: /default-rack, certSerialId: null} reports an CLOSED replica.
2019-10-18 07:03:03,285 [EventQueue-ContainerReportForContainerReportHandler] WARN  container.ContainerReportHandler (AbstractContainerReportHandler.java:updateContainerState(145)) - Container #1 is in OPEN state, but the datanode f69cf638-138d-4576-91da-2cd882e57eee{ip: 192.168.34.25, host: pr-hdds-2318-jnjn8-2612408985, networkLocation: /default-rack, certSerialId: null} reports an CLOSED replica.
2019-10-18 07:03:03,483 [EventQueue-ContainerReportForContainerReportHandler] WARN  container.ContainerReportHandler (AbstractContainerReportHandler.java:updateContainerState(145)) - Container #1 is in OPEN state, but the datanode 93f10d81-f4b6-4237-b2e6-6c2ccf8ca027{ip: 192.168.34.25, host: pr-hdds-2318-jnjn8-2612408985, networkLocation: /default-rack, certSerialId: null} reports an CLOSED replica.
2019-10-18 07:03:03,686 [EventQueue-ContainerReportForContainerReportHandler] WARN  container.ContainerReportHandler (AbstractContainerReportHandler.java:updateContainerState(145)) - Container #1 is in OPEN state, but the datanode f69cf638-138d-4576-91da-2cd882e57eee{ip: 192.168.34.25, host: pr-hdds-2318-jnjn8-2612408985, networkLocation: /default-rack, certSerialId: null} reports an CLOSED replica.
2019-10-18 07:03:03,784 [EventQueue-ContainerReportForContainerReportHandler] WARN  container.ContainerReportHandler (AbstractContainerReportHandler.java:updateContainerState(145)) - Container #1 is in OPEN state, but the datanode 93f10d81-f4b6-4237-b2e6-6c2ccf8ca027{ip: 192.168.34.25, host: pr-hdds-2318-jnjn8-2612408985, networkLocation: /default-rack, certSerialId: null} reports an CLOSED replica.
2019-10-18 07:03:03,887 [EventQueue-ContainerReportForContainerReportHandler] WARN  container.ContainerReportHandler (AbstractContainerReportHandler.java:updateContainerState(145)) - Container #1 is in OPEN state, but the datanode f69cf638-138d-4576-91da-2cd882e57eee{ip: 192.168.34.25, host: pr-hdds-2318-jnjn8-2612408985, networkLocation: /default-rack, certSerialId: null} reports an CLOSED replica.
2019-10-18 07:03:04,082 [BlockDeletingService#2] WARN  background.BlockDeletingService (BlockDeletingService.java:isDeletionAllowed(187)) - Close Container log Index 6 is not replicated across allthe servers in the pipeline fe68d6de-2f7f-4088-a26e-caf408347a58 as the min replicated index is 4. Deletion is not allowed in this container yet.
2019-10-18 07:03:04,082 [BlockDeletingService#2] WARN  background.BlockDeletingService (BlockDeletingService.java:isDeletionAllowed(187)) - Close Container log Index 6 is not replicated across allthe servers in the pipeline fe68d6de-2f7f-4088-a26e-caf408347a58 as the min replicated index is 4. Deletion is not allowed in this container yet.
2019-10-18 07:03:04,083 [EventQueue-ContainerReportForContainerReportHandler] WARN  container.ContainerReportHandler (AbstractContainerReportHandler.java:updateContainerState(145)) - Container #1 is in OPEN state, but the datanode 93f10d81-f4b6-4237-b2e6-6c2ccf8ca027{ip: 192.168.34.25, host: pr-hdds-2318-jnjn8-2612408985, networkLocation: /default-rack, certSerialId: null} reports an CLOSED replica.
2019-10-18 07:03:04,121 [Thread-497] INFO  client.GrpcClientProtocolService (GrpcClientProtocolService.java:lambda$processClientRequest$0(278)) - Failed RaftClientRequest:client-79AC2A5FBE9C->f69cf638-138d-4576-91da-2cd882e57eee@group-CAF408347A58, cid=10, seq=0, Watch-ALL_COMMITTED(6), Message:<EMPTY>, reply=RaftClientReply:client-79AC2A5FBE9C->f69cf638-138d-4576-91da-2cd882e57eee@group-CAF408347A58, cid=10, FAILED org.apache.ratis.protocol.NotLeaderException: Server f69cf638-138d-4576-91da-2cd882e57eee@group-CAF408347A58 is not the leader 93f10d81-f4b6-4237-b2e6-6c2ccf8ca027:192.168.34.25:43753, logIndex=0, commits[f69cf638-138d-4576-91da-2cd882e57eee:c10, 46b9516a-dfd6-4e8f-8939-5a6242357177:c4, 93f10d81-f4b6-4237-b2e6-6c2ccf8ca027:c10]
2019-10-18 07:03:04,187 [EventQueue-ContainerReportForContainerReportHandler] WARN  container.ContainerReportHandler (AbstractContainerReportHandler.java:updateContainerState(145)) - Container #1 is in OPEN state, but the datanode f69cf638-138d-4576-91da-2cd882e57eee{ip: 192.168.34.25, host: pr-hdds-2318-jnjn8-2612408985, networkLocation: /default-rack, certSerialId: null} reports an CLOSED replica.
2019-10-18 07:03:04,382 [java.util.concurrent.ThreadPoolExecutor$Worker@35485c7f[State = -1, empty queue]] WARN  server.GrpcLogAppender (GrpcLogAppender.java:timeoutAppendRequest(209)) - 93f10d81-f4b6-4237-b2e6-6c2ccf8ca027@group-CAF408347A58->46b9516a-dfd6-4e8f-8939-5a6242357177-GrpcLogAppender: appendEntries Timeout, request=93f10d81-f4b6-4237-b2e6-6c2ccf8ca027->46b9516a-dfd6-4e8f-8939-5a6242357177#46-t2, previous=(t:2, i:10), leaderCommit=10, initializing? false, entries: <empty>
2019-10-18 07:03:04,385 [EventQueue-ContainerReportForContainerReportHandler] WARN  container.ContainerReportHandler (AbstractContainerReportHandler.java:updateContainerState(145)) - Container #1 is in OPEN state, but the datanode 93f10d81-f4b6-4237-b2e6-6c2ccf8ca027{ip: 192.168.34.25, host: pr-hdds-2318-jnjn8-2612408985, networkLocation: /default-rack, certSerialId: null} reports an CLOSED replica.
2019-10-18 07:03:04,487 [EventQueue-ContainerReportForContainerReportHandler] WARN  container.ContainerReportHandler (AbstractContainerReportHandler.java:updateContainerState(145)) - Container #1 is in OPEN state, but the datanode f69cf638-138d-4576-91da-2cd882e57eee{ip: 192.168.34.25, host: pr-hdds-2318-jnjn8-2612408985, networkLocation: /default-rack, certSerialId: null} reports an CLOSED replica.
2019-10-18 07:03:04,586 [EventQueue-ContainerReportForContainerReportHandler] WARN  container.ContainerReportHandler (AbstractContainerReportHandler.java:updateContainerState(145)) - Container #1 is in OPEN state, but the datanode 93f10d81-f4b6-4237-b2e6-6c2ccf8ca027{ip: 192.168.34.25, host: pr-hdds-2318-jnjn8-2612408985, networkLocation: /default-rack, certSerialId: null} reports an CLOSED replica.
2019-10-18 07:03:04,688 [EventQueue-ContainerReportForContainerReportHandler] WARN  container.ContainerReportHandler (AbstractContainerReportHandler.java:updateContainerState(145)) - Container #1 is in OPEN state, but the datanode f69cf638-138d-4576-91da-2cd882e57eee{ip: 192.168.34.25, host: pr-hdds-2318-jnjn8-2612408985, networkLocation: /default-rack, certSerialId: null} reports an CLOSED replica.
2019-10-18 07:03:04,885 [EventQueue-ContainerReportForContainerReportHandler] WARN  container.ContainerReportHandler (AbstractContainerReportHandler.java:updateContainerState(145)) - Container #1 is in OPEN state, but the datanode 93f10d81-f4b6-4237-b2e6-6c2ccf8ca027{ip: 192.168.34.25, host: pr-hdds-2318-jnjn8-2612408985, networkLocation: /default-rack, certSerialId: null} reports an CLOSED replica.
2019-10-18 07:03:04,987 [EventQueue-ContainerReportForContainerReportHandler] WARN  container.ContainerReportHandler (AbstractContainerReportHandler.java:updateContainerState(145)) - Container #1 is in OPEN state, but the datanode f69cf638-138d-4576-91da-2cd882e57eee{ip: 192.168.34.25, host: pr-hdds-2318-jnjn8-2612408985, networkLocation: /default-rack, certSerialId: null} reports an CLOSED replica.
2019-10-18 07:03:05,085 [BlockDeletingService#2] WARN  background.BlockDeletingService (BlockDeletingService.java:isDeletionAllowed(187)) - Close Container log Index 6 is not replicated across allthe servers in the pipeline fe68d6de-2f7f-4088-a26e-caf408347a58 as the min replicated index is 4. Deletion is not allowed in this container yet.
2019-10-18 07:03:05,085 [BlockDeletingService#2] WARN  background.BlockDeletingService (BlockDeletingService.java:isDeletionAllowed(187)) - Close Container log Index 6 is not replicated across allthe servers in the pipeline fe68d6de-2f7f-4088-a26e-caf408347a58 as the min replicated index is 4. Deletion is not allowed in this container yet.
2019-10-18 07:03:05,185 [EventQueue-ContainerReportForContainerReportHandler] WARN  container.ContainerReportHandler (AbstractContainerReportHandler.java:updateContainerState(145)) - Container #1 is in OPEN state, but the datanode 93f10d81-f4b6-4237-b2e6-6c2ccf8ca027{ip: 192.168.34.25, host: pr-hdds-2318-jnjn8-2612408985, networkLocation: /default-rack, certSerialId: null} reports an CLOSED replica.
2019-10-18 07:03:05,287 [EventQueue-ContainerReportForContainerReportHandler] WARN  container.ContainerReportHandler (AbstractContainerReportHandler.java:updateContainerState(145)) - Container #1 is in OPEN state, but the datanode f69cf638-138d-4576-91da-2cd882e57eee{ip: 192.168.34.25, host: pr-hdds-2318-jnjn8-2612408985, networkLocation: /default-rack, certSerialId: null} reports an CLOSED replica.
2019-10-18 07:03:05,386 [EventQueue-ContainerReportForContainerReportHandler] WARN  container.ContainerReportHandler (AbstractContainerReportHandler.java:updateContainerState(145)) - Container #1 is in OPEN state, but the datanode 93f10d81-f4b6-4237-b2e6-6c2ccf8ca027{ip: 192.168.34.25, host: pr-hdds-2318-jnjn8-2612408985, networkLocation: /default-rack, certSerialId: null} reports an CLOSED replica.
2019-10-18 07:03:05,688 [EventQueue-ContainerReportForContainerReportHandler] WARN  container.ContainerReportHandler (AbstractContainerReportHandler.java:updateContainerState(145)) - Container #1 is in OPEN state, but the datanode f69cf638-138d-4576-91da-2cd882e57eee{ip: 192.168.34.25, host: pr-hdds-2318-jnjn8-2612408985, networkLocation: /default-rack, certSerialId: null} reports an CLOSED replica.
2019-10-18 07:03:05,756 [Thread-502] INFO  client.GrpcClientProtocolService (GrpcClientProtocolService.java:lambda$processClientRequest$0(278)) - Failed RaftClientRequest:client-79AC2A5FBE9C->93f10d81-f4b6-4237-b2e6-6c2ccf8ca027@group-CAF408347A58, cid=10, seq=0, Watch-ALL_COMMITTED(6), Message:<EMPTY>, reply=RaftClientReply:client-79AC2A5FBE9C->93f10d81-f4b6-4237-b2e6-6c2ccf8ca027@group-CAF408347A58, cid=10, FAILED org.apache.ratis.protocol.NotReplicatedException: Request with call Id 10 and log index 6 is not yet replicated to ALL_COMMITTED, logIndex=6, commits[93f10d81-f4b6-4237-b2e6-6c2ccf8ca027:c10, f69cf638-138d-4576-91da-2cd882e57eee:c10, 46b9516a-dfd6-4e8f-8939-5a6242357177:c4]
2019-10-18 07:03:05,785 [EventQueue-ContainerReportForContainerReportHandler] WARN  container.ContainerReportHandler (AbstractContainerReportHandler.java:updateContainerState(145)) - Container #1 is in OPEN state, but the datanode 93f10d81-f4b6-4237-b2e6-6c2ccf8ca027{ip: 192.168.34.25, host: pr-hdds-2318-jnjn8-2612408985, networkLocation: /default-rack, certSerialId: null} reports an CLOSED replica.
2019-10-18 07:03:05,888 [EventQueue-ContainerReportForContainerReportHandler] WARN  container.ContainerReportHandler (AbstractContainerReportHandler.java:updateContainerState(145)) - Container #1 is in OPEN state, but the datanode f69cf638-138d-4576-91da-2cd882e57eee{ip: 192.168.34.25, host: pr-hdds-2318-jnjn8-2612408985, networkLocation: /default-rack, certSerialId: null} reports an CLOSED replica.
2019-10-18 07:03:06,086 [EventQueue-ContainerReportForContainerReportHandler] WARN  container.ContainerReportHandler (AbstractContainerReportHandler.java:updateContainerState(145)) - Container #1 is in OPEN state, but the datanode 93f10d81-f4b6-4237-b2e6-6c2ccf8ca027{ip: 192.168.34.25, host: pr-hdds-2318-jnjn8-2612408985, networkLocation: /default-rack, certSerialId: null} reports an CLOSED replica.
2019-10-18 07:03:06,087 [BlockDeletingService#2] WARN  background.BlockDeletingService (BlockDeletingService.java:isDeletionAllowed(187)) - Close Container log Index 6 is not replicated across allthe servers in the pipeline fe68d6de-2f7f-4088-a26e-caf408347a58 as the min replicated index is 4. Deletion is not allowed in this container yet.
2019-10-18 07:03:06,087 [BlockDeletingService#2] WARN  background.BlockDeletingService (BlockDeletingService.java:isDeletionAllowed(187)) - Close Container log Index 6 is not replicated across allthe servers in the pipeline fe68d6de-2f7f-4088-a26e-caf408347a58 as the min replicated index is 4. Deletion is not allowed in this container yet.
2019-10-18 07:03:06,290 [EventQueue-ContainerReportForContainerReportHandler] WARN  container.ContainerReportHandler (AbstractContainerReportHandler.java:updateContainerState(145)) - Container #1 is in OPEN state, but the datanode f69cf638-138d-4576-91da-2cd882e57eee{ip: 192.168.34.25, host: pr-hdds-2318-jnjn8-2612408985, networkLocation: /default-rack, certSerialId: null} reports an CLOSED replica.
2019-10-18 07:03:06,385 [EventQueue-ContainerReportForContainerReportHandler] WARN  container.ContainerReportHandler (AbstractContainerReportHandler.java:updateContainerState(145)) - Container #1 is in OPEN state, but the datanode 93f10d81-f4b6-4237-b2e6-6c2ccf8ca027{ip: 192.168.34.25, host: pr-hdds-2318-jnjn8-2612408985, networkLocation: /default-rack, certSerialId: null} reports an CLOSED replica.
2019-10-18 07:03:06,689 [EventQueue-ContainerReportForContainerReportHandler] WARN  container.ContainerReportHandler (AbstractContainerReportHandler.java:updateContainerState(145)) - Container #1 is in OPEN state, but the datanode f69cf638-138d-4576-91da-2cd882e57eee{ip: 192.168.34.25, host: pr-hdds-2318-jnjn8-2612408985, networkLocation: /default-rack, certSerialId: null} reports an CLOSED replica.
2019-10-18 07:03:06,785 [EventQueue-ContainerReportForContainerReportHandler] WARN  container.ContainerReportHandler (AbstractContainerReportHandler.java:updateContainerState(145)) - Container #1 is in OPEN state, but the datanode 93f10d81-f4b6-4237-b2e6-6c2ccf8ca027{ip: 192.168.34.25, host: pr-hdds-2318-jnjn8-2612408985, networkLocation: /default-rack, certSerialId: null} reports an CLOSED replica.
2019-10-18 07:03:06,883 [java.util.concurrent.ThreadPoolExecutor$Worker@35485c7f[State = -1, empty queue]] WARN  server.GrpcLogAppender (GrpcLogAppender.java:timeoutAppendRequest(209)) - 93f10d81-f4b6-4237-b2e6-6c2ccf8ca027@group-CAF408347A58->46b9516a-dfd6-4e8f-8939-5a6242357177-GrpcLogAppender: appendEntries Timeout, request=93f10d81-f4b6-4237-b2e6-6c2ccf8ca027->46b9516a-dfd6-4e8f-8939-5a6242357177#47-t2, previous=(t:2, i:10), leaderCommit=10, initializing? false, entries: <empty>
2019-10-18 07:03:06,990 [EventQueue-ContainerReportForContainerReportHandler] WARN  container.ContainerReportHandler (AbstractContainerReportHandler.java:updateContainerState(145)) - Container #1 is in OPEN state, but the datanode f69cf638-138d-4576-91da-2cd882e57eee{ip: 192.168.34.25, host: pr-hdds-2318-jnjn8-2612408985, networkLocation: /default-rack, certSerialId: null} reports an CLOSED replica.
2019-10-18 07:03:07,087 [EventQueue-ContainerReportForContainerReportHandler] WARN  container.ContainerReportHandler (AbstractContainerReportHandler.java:updateContainerState(145)) - Container #1 is in OPEN state, but the datanode 93f10d81-f4b6-4237-b2e6-6c2ccf8ca027{ip: 192.168.34.25, host: pr-hdds-2318-jnjn8-2612408985, networkLocation: /default-rack, certSerialId: null} reports an CLOSED replica.
2019-10-18 07:03:07,090 [BlockDeletingService#2] WARN  background.BlockDeletingService (BlockDeletingService.java:isDeletionAllowed(187)) - Close Container log Index 6 is not replicated across allthe servers in the pipeline fe68d6de-2f7f-4088-a26e-caf408347a58 as the min replicated index is 4. Deletion is not allowed in this container yet.
2019-10-18 07:03:07,090 [BlockDeletingService#2] WARN  background.BlockDeletingService (BlockDeletingService.java:isDeletionAllowed(187)) - Close Container log Index 6 is not replicated across allthe servers in the pipeline fe68d6de-2f7f-4088-a26e-caf408347a58 as the min replicated index is 4. Deletion is not allowed in this container yet.
2019-10-18 07:03:07,190 [EventQueue-ContainerReportForContainerReportHandler] WARN  container.ContainerReportHandler (AbstractContainerReportHandler.java:updateContainerState(145)) - Container #1 is in OPEN state, but the datanode f69cf638-138d-4576-91da-2cd882e57eee{ip: 192.168.34.25, host: pr-hdds-2318-jnjn8-2612408985, networkLocation: /default-rack, certSerialId: null} reports an CLOSED replica.
2019-10-18 07:03:07,488 [EventQueue-ContainerReportForContainerReportHandler] WARN  container.ContainerReportHandler (AbstractContainerReportHandler.java:updateContainerState(145)) - Container #1 is in OPEN state, but the datanode 93f10d81-f4b6-4237-b2e6-6c2ccf8ca027{ip: 192.168.34.25, host: pr-hdds-2318-jnjn8-2612408985, networkLocation: /default-rack, certSerialId: null} reports an CLOSED replica.
2019-10-18 07:03:07,490 [EventQueue-ContainerReportForContainerReportHandler] WARN  container.ContainerReportHandler (AbstractContainerReportHandler.java:updateContainerState(145)) - Container #1 is in OPEN state, but the datanode f69cf638-138d-4576-91da-2cd882e57eee{ip: 192.168.34.25, host: pr-hdds-2318-jnjn8-2612408985, networkLocation: /default-rack, certSerialId: null} reports an CLOSED replica.
2019-10-18 07:03:07,687 [EventQueue-ContainerReportForContainerReportHandler] WARN  container.ContainerReportHandler (AbstractContainerReportHandler.java:updateContainerState(145)) - Container #1 is in OPEN state, but the datanode 93f10d81-f4b6-4237-b2e6-6c2ccf8ca027{ip: 192.168.34.25, host: pr-hdds-2318-jnjn8-2612408985, networkLocation: /default-rack, certSerialId: null} reports an CLOSED replica.
2019-10-18 07:03:07,691 [EventQueue-ContainerReportForContainerReportHandler] WARN  container.ContainerReportHandler (AbstractContainerReportHandler.java:updateContainerState(145)) - Container #1 is in OPEN state, but the datanode f69cf638-138d-4576-91da-2cd882e57eee{ip: 192.168.34.25, host: pr-hdds-2318-jnjn8-2612408985, networkLocation: /default-rack, certSerialId: null} reports an CLOSED replica.
2019-10-18 07:03:07,887 [EventQueue-ContainerReportForContainerReportHandler] WARN  container.ContainerReportHandler (AbstractContainerReportHandler.java:updateContainerState(145)) - Container #1 is in OPEN state, but the datanode 93f10d81-f4b6-4237-b2e6-6c2ccf8ca027{ip: 192.168.34.25, host: pr-hdds-2318-jnjn8-2612408985, networkLocation: /default-rack, certSerialId: null} reports an CLOSED replica.
2019-10-18 07:03:07,891 [EventQueue-ContainerReportForContainerReportHandler] WARN  container.ContainerReportHandler (AbstractContainerReportHandler.java:updateContainerState(145)) - Container #1 is in OPEN state, but the datanode f69cf638-138d-4576-91da-2cd882e57eee{ip: 192.168.34.25, host: pr-hdds-2318-jnjn8-2612408985, networkLocation: /default-rack, certSerialId: null} reports an CLOSED replica.
2019-10-18 07:03:08,091 [EventQueue-ContainerReportForContainerReportHandler] WARN  container.ContainerReportHandler (AbstractContainerReportHandler.java:updateContainerState(145)) - Container #1 is in OPEN state, but the datanode f69cf638-138d-4576-91da-2cd882e57eee{ip: 192.168.34.25, host: pr-hdds-2318-jnjn8-2612408985, networkLocation: /default-rack, certSerialId: null} reports an CLOSED replica.
2019-10-18 07:03:08,091 [BlockDeletingService#2] WARN  background.BlockDeletingService (BlockDeletingService.java:isDeletionAllowed(187)) - Close Container log Index 6 is not replicated across allthe servers in the pipeline fe68d6de-2f7f-4088-a26e-caf408347a58 as the min replicated index is 4. Deletion is not allowed in this container yet.
2019-10-18 07:03:08,092 [BlockDeletingService#2] WARN  background.BlockDeletingService (BlockDeletingService.java:isDeletionAllowed(187)) - Close Container log Index 6 is not replicated across allthe servers in the pipeline fe68d6de-2f7f-4088-a26e-caf408347a58 as the min replicated index is 4. Deletion is not allowed in this container yet.
2019-10-18 07:03:08,187 [EventQueue-ContainerReportForContainerReportHandler] WARN  container.ContainerReportHandler (AbstractContainerReportHandler.java:updateContainerState(145)) - Container #1 is in OPEN state, but the datanode 93f10d81-f4b6-4237-b2e6-6c2ccf8ca027{ip: 192.168.34.25, host: pr-hdds-2318-jnjn8-2612408985, networkLocation: /default-rack, certSerialId: null} reports an CLOSED replica.
2019-10-18 07:03:08,387 [EventQueue-ContainerReportForContainerReportHandler] WARN  container.ContainerReportHandler (AbstractContainerReportHandler.java:updateContainerState(145)) - Container #1 is in OPEN state, but the datanode 93f10d81-f4b6-4237-b2e6-6c2ccf8ca027{ip: 192.168.34.25, host: pr-hdds-2318-jnjn8-2612408985, networkLocation: /default-rack, certSerialId: null} reports an CLOSED replica.
2019-10-18 07:03:08,392 [EventQueue-ContainerReportForContainerReportHandler] WARN  container.ContainerReportHandler (AbstractContainerReportHandler.java:updateContainerState(145)) - Container #1 is in OPEN state, but the datanode f69cf638-138d-4576-91da-2cd882e57eee{ip: 192.168.34.25, host: pr-hdds-2318-jnjn8-2612408985, networkLocation: /default-rack, certSerialId: null} reports an CLOSED replica.
2019-10-18 07:03:08,591 [EventQueue-ContainerReportForContainerReportHandler] WARN  container.ContainerReportHandler (AbstractContainerReportHandler.java:updateContainerState(145)) - Container #1 is in OPEN state, but the datanode f69cf638-138d-4576-91da-2cd882e57eee{ip: 192.168.34.25, host: pr-hdds-2318-jnjn8-2612408985, networkLocation: /default-rack, certSerialId: null} reports an CLOSED replica.
2019-10-18 07:03:08,688 [EventQueue-ContainerReportForContainerReportHandler] WARN  container.ContainerReportHandler (AbstractContainerReportHandler.java:updateContainerState(145)) - Container #1 is in OPEN state, but the datanode 93f10d81-f4b6-4237-b2e6-6c2ccf8ca027{ip: 192.168.34.25, host: pr-hdds-2318-jnjn8-2612408985, networkLocation: /default-rack, certSerialId: null} reports an CLOSED replica.
2019-10-18 07:03:08,887 [EventQueue-ContainerReportForContainerReportHandler] WARN  container.ContainerReportHandler (AbstractContainerReportHandler.java:updateContainerState(145)) - Container #1 is in OPEN state, but the datanode 93f10d81-f4b6-4237-b2e6-6c2ccf8ca027{ip: 192.168.34.25, host: pr-hdds-2318-jnjn8-2612408985, networkLocation: /default-rack, certSerialId: null} reports an CLOSED replica.
2019-10-18 07:03:08,992 [EventQueue-ContainerReportForContainerReportHandler] WARN  container.ContainerReportHandler (AbstractContainerReportHandler.java:updateContainerState(145)) - Container #1 is in OPEN state, but the datanode f69cf638-138d-4576-91da-2cd882e57eee{ip: 192.168.34.25, host: pr-hdds-2318-jnjn8-2612408985, networkLocation: /default-rack, certSerialId: null} reports an CLOSED replica.
2019-10-18 07:03:09,093 [BlockDeletingService#2] WARN  background.BlockDeletingService (BlockDeletingService.java:isDeletionAllowed(187)) - Close Container log Index 6 is not replicated across allthe servers in the pipeline fe68d6de-2f7f-4088-a26e-caf408347a58 as the min replicated index is 4. Deletion is not allowed in this container yet.
2019-10-18 07:03:09,093 [BlockDeletingService#2] WARN  background.BlockDeletingService (BlockDeletingService.java:isDeletionAllowed(187)) - Close Container log Index 6 is not replicated across allthe servers in the pipeline fe68d6de-2f7f-4088-a26e-caf408347a58 as the min replicated index is 4. Deletion is not allowed in this container yet.
2019-10-18 07:03:09,193 [EventQueue-ContainerReportForContainerReportHandler] WARN  container.ContainerReportHandler (AbstractContainerReportHandler.java:updateContainerState(145)) - Container #1 is in OPEN state, but the datanode f69cf638-138d-4576-91da-2cd882e57eee{ip: 192.168.34.25, host: pr-hdds-2318-jnjn8-2612408985, networkLocation: /default-rack, certSerialId: null} reports an CLOSED replica.
2019-10-18 07:03:09,287 [EventQueue-ContainerReportForContainerReportHandler] WARN  container.ContainerReportHandler (AbstractContainerReportHandler.java:updateContainerState(145)) - Container #1 is in OPEN state, but the datanode 93f10d81-f4b6-4237-b2e6-6c2ccf8ca027{ip: 192.168.34.25, host: pr-hdds-2318-jnjn8-2612408985, networkLocation: /default-rack, certSerialId: null} reports an CLOSED replica.
2019-10-18 07:03:09,384 [java.util.concurrent.ThreadPoolExecutor$Worker@35485c7f[State = -1, empty queue]] WARN  server.GrpcLogAppender (GrpcLogAppender.java:timeoutAppendRequest(209)) - 93f10d81-f4b6-4237-b2e6-6c2ccf8ca027@group-CAF408347A58->46b9516a-dfd6-4e8f-8939-5a6242357177-GrpcLogAppender: appendEntries Timeout, request=93f10d81-f4b6-4237-b2e6-6c2ccf8ca027->46b9516a-dfd6-4e8f-8939-5a6242357177#48-t2, previous=(t:2, i:10), leaderCommit=10, initializing? false, entries: <empty>
2019-10-18 07:03:09,487 [EventQueue-ContainerReportForContainerReportHandler] WARN  container.ContainerReportHandler (AbstractContainerReportHandler.java:updateContainerState(145)) - Container #1 is in OPEN state, but the datanode 93f10d81-f4b6-4237-b2e6-6c2ccf8ca027{ip: 192.168.34.25, host: pr-hdds-2318-jnjn8-2612408985, networkLocation: /default-rack, certSerialId: null} reports an CLOSED replica.
2019-10-18 07:03:09,592 [EventQueue-ContainerReportForContainerReportHandler] WARN  container.ContainerReportHandler (AbstractContainerReportHandler.java:updateContainerState(145)) - Container #1 is in OPEN state, but the datanode f69cf638-138d-4576-91da-2cd882e57eee{ip: 192.168.34.25, host: pr-hdds-2318-jnjn8-2612408985, networkLocation: /default-rack, certSerialId: null} reports an CLOSED replica.
2019-10-18 07:03:09,787 [EventQueue-ContainerReportForContainerReportHandler] WARN  container.ContainerReportHandler (AbstractContainerReportHandler.java:updateContainerState(145)) - Container #1 is in OPEN state, but the datanode 93f10d81-f4b6-4237-b2e6-6c2ccf8ca027{ip: 192.168.34.25, host: pr-hdds-2318-jnjn8-2612408985, networkLocation: /default-rack, certSerialId: null} reports an CLOSED replica.
2019-10-18 07:03:09,892 [EventQueue-ContainerReportForContainerReportHandler] WARN  container.ContainerReportHandler (AbstractContainerReportHandler.java:updateContainerState(145)) - Container #1 is in OPEN state, but the datanode f69cf638-138d-4576-91da-2cd882e57eee{ip: 192.168.34.25, host: pr-hdds-2318-jnjn8-2612408985, networkLocation: /default-rack, certSerialId: null} reports an CLOSED replica.
2019-10-18 07:03:10,088 [EventQueue-ContainerReportForContainerReportHandler] WARN  container.ContainerReportHandler (AbstractContainerReportHandler.java:updateContainerState(145)) - Container #1 is in OPEN state, but the datanode 93f10d81-f4b6-4237-b2e6-6c2ccf8ca027{ip: 192.168.34.25, host: pr-hdds-2318-jnjn8-2612408985, networkLocation: /default-rack, certSerialId: null} reports an CLOSED replica.
2019-10-18 07:03:10,092 [EventQueue-ContainerReportForContainerReportHandler] WARN  container.ContainerReportHandler (AbstractContainerReportHandler.java:updateContainerState(145)) - Container #1 is in OPEN state, but the datanode f69cf638-138d-4576-91da-2cd882e57eee{ip: 192.168.34.25, host: pr-hdds-2318-jnjn8-2612408985, networkLocation: /default-rack, certSerialId: null} reports an CLOSED replica.
2019-10-18 07:03:10,096 [BlockDeletingService#2] WARN  background.BlockDeletingService (BlockDeletingService.java:isDeletionAllowed(187)) - Close Container log Index 6 is not replicated across allthe servers in the pipeline fe68d6de-2f7f-4088-a26e-caf408347a58 as the min replicated index is 4. Deletion is not allowed in this container yet.
2019-10-18 07:03:10,096 [BlockDeletingService#2] WARN  background.BlockDeletingService (BlockDeletingService.java:isDeletionAllowed(187)) - Close Container log Index 6 is not replicated across allthe servers in the pipeline fe68d6de-2f7f-4088-a26e-caf408347a58 as the min replicated index is 4. Deletion is not allowed in this container yet.
2019-10-18 07:03:10,288 [EventQueue-ContainerReportForContainerReportHandler] WARN  container.ContainerReportHandler (AbstractContainerReportHandler.java:updateContainerState(145)) - Container #1 is in OPEN state, but the datanode 93f10d81-f4b6-4237-b2e6-6c2ccf8ca027{ip: 192.168.34.25, host: pr-hdds-2318-jnjn8-2612408985, networkLocation: /default-rack, certSerialId: null} reports an CLOSED replica.
2019-10-18 07:03:10,292 [EventQueue-ContainerReportForContainerReportHandler] WARN  container.ContainerReportHandler (AbstractContainerReportHandler.java:updateContainerState(145)) - Container #1 is in OPEN state, but the datanode f69cf638-138d-4576-91da-2cd882e57eee{ip: 192.168.34.25, host: pr-hdds-2318-jnjn8-2612408985, networkLocation: /default-rack, certSerialId: null} reports an CLOSED replica.
2019-10-18 07:03:10,492 [EventQueue-ContainerReportForContainerReportHandler] WARN  container.ContainerReportHandler (AbstractContainerReportHandler.java:updateContainerState(145)) - Container #1 is in OPEN state, but the datanode f69cf638-138d-4576-91da-2cd882e57eee{ip: 192.168.34.25, host: pr-hdds-2318-jnjn8-2612408985, networkLocation: /default-rack, certSerialId: null} reports an CLOSED replica.
2019-10-18 07:03:10,688 [EventQueue-ContainerReportForContainerReportHandler] WARN  container.ContainerReportHandler (AbstractContainerReportHandler.java:updateContainerState(145)) - Container #1 is in OPEN state, but the datanode 93f10d81-f4b6-4237-b2e6-6c2ccf8ca027{ip: 192.168.34.25, host: pr-hdds-2318-jnjn8-2612408985, networkLocation: /default-rack, certSerialId: null} reports an CLOSED replica.
2019-10-18 07:03:10,892 [EventQueue-ContainerReportForContainerReportHandler] WARN  container.ContainerReportHandler (AbstractContainerReportHandler.java:updateContainerState(145)) - Container #1 is in OPEN state, but the datanode f69cf638-138d-4576-91da-2cd882e57eee{ip: 192.168.34.25, host: pr-hdds-2318-jnjn8-2612408985, networkLocation: /default-rack, certSerialId: null} reports an CLOSED replica.
2019-10-18 07:03:10,988 [EventQueue-ContainerReportForContainerReportHandler] WARN  container.ContainerReportHandler (AbstractContainerReportHandler.java:updateContainerState(145)) - Container #1 is in OPEN state, but the datanode 93f10d81-f4b6-4237-b2e6-6c2ccf8ca027{ip: 192.168.34.25, host: pr-hdds-2318-jnjn8-2612408985, networkLocation: /default-rack, certSerialId: null} reports an CLOSED replica.
2019-10-18 07:03:11,094 [EventQueue-ContainerReportForContainerReportHandler] WARN  container.ContainerReportHandler (AbstractContainerReportHandler.java:updateContainerState(145)) - Container #1 is in OPEN state, but the datanode f69cf638-138d-4576-91da-2cd882e57eee{ip: 192.168.34.25, host: pr-hdds-2318-jnjn8-2612408985, networkLocation: /default-rack, certSerialId: null} reports an CLOSED replica.
2019-10-18 07:03:11,098 [BlockDeletingService#2] WARN  background.BlockDeletingService (BlockDeletingService.java:isDeletionAllowed(187)) - Close Container log Index 6 is not replicated across allthe servers in the pipeline fe68d6de-2f7f-4088-a26e-caf408347a58 as the min replicated index is 4. Deletion is not allowed in this container yet.
2019-10-18 07:03:11,098 [BlockDeletingService#2] WARN  background.BlockDeletingService (BlockDeletingService.java:isDeletionAllowed(187)) - Close Container log Index 6 is not replicated across allthe servers in the pipeline fe68d6de-2f7f-4088-a26e-caf408347a58 as the min replicated index is 4. Deletion is not allowed in this container yet.
2019-10-18 07:03:11,289 [EventQueue-ContainerReportForContainerReportHandler] WARN  container.ContainerReportHandler (AbstractContainerReportHandler.java:updateContainerState(145)) - Container #1 is in OPEN state, but the datanode 93f10d81-f4b6-4237-b2e6-6c2ccf8ca027{ip: 192.168.34.25, host: pr-hdds-2318-jnjn8-2612408985, networkLocation: /default-rack, certSerialId: null} reports an CLOSED replica.
2019-10-18 07:03:11,393 [EventQueue-ContainerReportForContainerReportHandler] WARN  container.ContainerReportHandler (AbstractContainerReportHandler.java:updateContainerState(145)) - Container #1 is in OPEN state, but the datanode f69cf638-138d-4576-91da-2cd882e57eee{ip: 192.168.34.25, host: pr-hdds-2318-jnjn8-2612408985, networkLocation: /default-rack, certSerialId: null} reports an CLOSED replica.
2019-10-18 07:03:11,688 [EventQueue-ContainerReportForContainerReportHandler] WARN  container.ContainerReportHandler (AbstractContainerReportHandler.java:updateContainerState(145)) - Container #1 is in OPEN state, but the datanode 93f10d81-f4b6-4237-b2e6-6c2ccf8ca027{ip: 192.168.34.25, host: pr-hdds-2318-jnjn8-2612408985, networkLocation: /default-rack, certSerialId: null} reports an CLOSED replica.
2019-10-18 07:03:11,694 [EventQueue-ContainerReportForContainerReportHandler] WARN  container.ContainerReportHandler (AbstractContainerReportHandler.java:updateContainerState(145)) - Container #1 is in OPEN state, but the datanode f69cf638-138d-4576-91da-2cd882e57eee{ip: 192.168.34.25, host: pr-hdds-2318-jnjn8-2612408985, networkLocation: /default-rack, certSerialId: null} reports an CLOSED replica.
2019-10-18 07:03:11,885 [java.util.concurrent.ThreadPoolExecutor$Worker@35485c7f[State = -1, empty queue]] WARN  server.GrpcLogAppender (GrpcLogAppender.java:timeoutAppendRequest(209)) - 93f10d81-f4b6-4237-b2e6-6c2ccf8ca027@group-CAF408347A58->46b9516a-dfd6-4e8f-8939-5a6242357177-GrpcLogAppender: appendEntries Timeout, request=93f10d81-f4b6-4237-b2e6-6c2ccf8ca027->46b9516a-dfd6-4e8f-8939-5a6242357177#49-t2, previous=(t:2, i:10), leaderCommit=10, initializing? false, entries: <empty>
2019-10-18 07:03:11,988 [EventQueue-ContainerReportForContainerReportHandler] WARN  container.ContainerReportHandler (AbstractContainerReportHandler.java:updateContainerState(145)) - Container #1 is in OPEN state, but the datanode 93f10d81-f4b6-4237-b2e6-6c2ccf8ca027{ip: 192.168.34.25, host: pr-hdds-2318-jnjn8-2612408985, networkLocation: /default-rack, certSerialId: null} reports an CLOSED replica.
2019-10-18 07:03:11,994 [EventQueue-ContainerReportForContainerReportHandler] WARN  container.ContainerReportHandler (AbstractContainerReportHandler.java:updateContainerState(145)) - Container #1 is in OPEN state, but the datanode f69cf638-138d-4576-91da-2cd882e57eee{ip: 192.168.34.25, host: pr-hdds-2318-jnjn8-2612408985, networkLocation: /default-rack, certSerialId: null} reports an CLOSED replica.
2019-10-18 07:03:12,100 [BlockDeletingService#2] WARN  background.BlockDeletingService (BlockDeletingService.java:isDeletionAllowed(187)) - Close Container log Index 6 is not replicated across allthe servers in the pipeline fe68d6de-2f7f-4088-a26e-caf408347a58 as the min replicated index is 4. Deletion is not allowed in this container yet.
2019-10-18 07:03:12,100 [BlockDeletingService#2] WARN  background.BlockDeletingService (BlockDeletingService.java:isDeletionAllowed(187)) - Close Container log Index 6 is not replicated across allthe servers in the pipeline fe68d6de-2f7f-4088-a26e-caf408347a58 as the min replicated index is 4. Deletion is not allowed in this container yet.
2019-10-18 07:03:12,288 [EventQueue-ContainerReportForContainerReportHandler] WARN  container.ContainerReportHandler (AbstractContainerReportHandler.java:updateContainerState(145)) - Container #1 is in OPEN state, but the datanode 93f10d81-f4b6-4237-b2e6-6c2ccf8ca027{ip: 192.168.34.25, host: pr-hdds-2318-jnjn8-2612408985, networkLocation: /default-rack, certSerialId: null} reports an CLOSED replica.
2019-10-18 07:03:12,395 [EventQueue-ContainerReportForContainerReportHandler] WARN  container.ContainerReportHandler (AbstractContainerReportHandler.java:updateContainerState(145)) - Container #1 is in OPEN state, but the datanode f69cf638-138d-4576-91da-2cd882e57eee{ip: 192.168.34.25, host: pr-hdds-2318-jnjn8-2612408985, networkLocation: /default-rack, certSerialId: null} reports an CLOSED replica.
2019-10-18 07:03:12,488 [EventQueue-ContainerReportForContainerReportHandler] WARN  container.ContainerReportHandler (AbstractContainerReportHandler.java:updateContainerState(145)) - Container #1 is in OPEN state, but the datanode 93f10d81-f4b6-4237-b2e6-6c2ccf8ca027{ip: 192.168.34.25, host: pr-hdds-2318-jnjn8-2612408985, networkLocation: /default-rack, certSerialId: null} reports an CLOSED replica.
2019-10-18 07:03:12,596 [EventQueue-ContainerReportForContainerReportHandler] WARN  container.ContainerReportHandler (AbstractContainerReportHandler.java:updateContainerState(145)) - Container #1 is in OPEN state, but the datanode f69cf638-138d-4576-91da-2cd882e57eee{ip: 192.168.34.25, host: pr-hdds-2318-jnjn8-2612408985, networkLocation: /default-rack, certSerialId: null} reports an CLOSED replica.
2019-10-18 07:03:12,796 [EventQueue-ContainerReportForContainerReportHandler] WARN  container.ContainerReportHandler (AbstractContainerReportHandler.java:updateContainerState(145)) - Container #1 is in OPEN state, but the datanode f69cf638-138d-4576-91da-2cd882e57eee{ip: 192.168.34.25, host: pr-hdds-2318-jnjn8-2612408985, networkLocation: /default-rack, certSerialId: null} reports an CLOSED replica.
2019-10-18 07:03:12,889 [EventQueue-ContainerReportForContainerReportHandler] WARN  container.ContainerReportHandler (AbstractContainerReportHandler.java:updateContainerState(145)) - Container #1 is in OPEN state, but the datanode 93f10d81-f4b6-4237-b2e6-6c2ccf8ca027{ip: 192.168.34.25, host: pr-hdds-2318-jnjn8-2612408985, networkLocation: /default-rack, certSerialId: null} reports an CLOSED replica.
2019-10-18 07:03:13,089 [EventQueue-ContainerReportForContainerReportHandler] WARN  container.ContainerReportHandler (AbstractContainerReportHandler.java:updateContainerState(145)) - Container #1 is in OPEN state, but the datanode 93f10d81-f4b6-4237-b2e6-6c2ccf8ca027{ip: 192.168.34.25, host: pr-hdds-2318-jnjn8-2612408985, networkLocation: /default-rack, certSerialId: null} reports an CLOSED replica.
2019-10-18 07:03:13,102 [BlockDeletingService#2] WARN  background.BlockDeletingService (BlockDeletingService.java:isDeletionAllowed(187)) - Close Container log Index 6 is not replicated across allthe servers in the pipeline fe68d6de-2f7f-4088-a26e-caf408347a58 as the min replicated index is 4. Deletion is not allowed in this container yet.
2019-10-18 07:03:13,102 [BlockDeletingService#2] WARN  background.BlockDeletingService (BlockDeletingService.java:isDeletionAllowed(187)) - Close Container log Index 6 is not replicated across allthe servers in the pipeline fe68d6de-2f7f-4088-a26e-caf408347a58 as the min replicated index is 4. Deletion is not allowed in this container yet.
2019-10-18 07:03:13,153 [Thread-524] INFO  client.GrpcClientProtocolService (GrpcClientProtocolService.java:lambda$processClientRequest$0(278)) - Failed RaftClientRequest:client-79AC2A5FBE9C->f69cf638-138d-4576-91da-2cd882e57eee@group-CAF408347A58, cid=10, seq=0, Watch-ALL_COMMITTED(6), Message:<EMPTY>, reply=RaftClientReply:client-79AC2A5FBE9C->f69cf638-138d-4576-91da-2cd882e57eee@group-CAF408347A58, cid=10, FAILED org.apache.ratis.protocol.NotLeaderException: Server f69cf638-138d-4576-91da-2cd882e57eee@group-CAF408347A58 is not the leader 93f10d81-f4b6-4237-b2e6-6c2ccf8ca027:192.168.34.25:43753, logIndex=0, commits[f69cf638-138d-4576-91da-2cd882e57eee:c10, 46b9516a-dfd6-4e8f-8939-5a6242357177:c4, 93f10d81-f4b6-4237-b2e6-6c2ccf8ca027:c10]
2019-10-18 07:03:13,196 [EventQueue-ContainerReportForContainerReportHandler] WARN  container.ContainerReportHandler (AbstractContainerReportHandler.java:updateContainerState(145)) - Container #1 is in OPEN state, but the datanode f69cf638-138d-4576-91da-2cd882e57eee{ip: 192.168.34.25, host: pr-hdds-2318-jnjn8-2612408985, networkLocation: /default-rack, certSerialId: null} reports an CLOSED replica.
2019-10-18 07:03:13,391 [EventQueue-ContainerReportForContainerReportHandler] WARN  container.ContainerReportHandler (AbstractContainerReportHandler.java:updateContainerState(145)) - Container #1 is in OPEN state, but the datanode 93f10d81-f4b6-4237-b2e6-6c2ccf8ca027{ip: 192.168.34.25, host: pr-hdds-2318-jnjn8-2612408985, networkLocation: /default-rack, certSerialId: null} reports an CLOSED replica.
2019-10-18 07:03:13,398 [EventQueue-ContainerReportForContainerReportHandler] WARN  container.ContainerReportHandler (AbstractContainerReportHandler.java:updateContainerState(145)) - Container #1 is in OPEN state, but the datanode f69cf638-138d-4576-91da-2cd882e57eee{ip: 192.168.34.25, host: pr-hdds-2318-jnjn8-2612408985, networkLocation: /default-rack, certSerialId: null} reports an CLOSED replica.
2019-10-18 07:03:13,497 [EventQueue-StaleNodeForStaleNodeHandler] INFO  node.StaleNodeHandler (StaleNodeHandler.java:onMessage(58)) - Datanode 46b9516a-dfd6-4e8f-8939-5a6242357177{ip: 192.168.34.25, host: pr-hdds-2318-jnjn8-2612408985, networkLocation: /default-rack, certSerialId: null} moved to stale state. Finalizing its pipelines [PipelineID=fe68d6de-2f7f-4088-a26e-caf408347a58, PipelineID=b436e80f-0fcf-4f37-9ab1-e6c62f23ff1b]
2019-10-18 07:03:13,499 [EventQueue-StaleNodeForStaleNodeHandler] INFO  pipeline.SCMPipelineManager (SCMPipelineManager.java:finalizeAndDestroyPipeline(315)) - destroying pipeline:Pipeline[ Id: fe68d6de-2f7f-4088-a26e-caf408347a58, Nodes: 93f10d81-f4b6-4237-b2e6-6c2ccf8ca027{ip: 192.168.34.25, host: pr-hdds-2318-jnjn8-2612408985, networkLocation: /default-rack, certSerialId: null}46b9516a-dfd6-4e8f-8939-5a6242357177{ip: 192.168.34.25, host: pr-hdds-2318-jnjn8-2612408985, networkLocation: /default-rack, certSerialId: null}f69cf638-138d-4576-91da-2cd882e57eee{ip: 192.168.34.25, host: pr-hdds-2318-jnjn8-2612408985, networkLocation: /default-rack, certSerialId: null}, Type:RATIS, Factor:THREE, State:OPEN]
2019-10-18 07:03:13,502 [EventQueue-StaleNodeForStaleNodeHandler] INFO  pipeline.PipelineStateManager (PipelineStateManager.java:finalizePipeline(123)) - Pipeline Pipeline[ Id: fe68d6de-2f7f-4088-a26e-caf408347a58, Nodes: 93f10d81-f4b6-4237-b2e6-6c2ccf8ca027{ip: 192.168.34.25, host: pr-hdds-2318-jnjn8-2612408985, networkLocation: /default-rack, certSerialId: null}46b9516a-dfd6-4e8f-8939-5a6242357177{ip: 192.168.34.25, host: pr-hdds-2318-jnjn8-2612408985, networkLocation: /default-rack, certSerialId: null}f69cf638-138d-4576-91da-2cd882e57eee{ip: 192.168.34.25, host: pr-hdds-2318-jnjn8-2612408985, networkLocation: /default-rack, certSerialId: null}, Type:RATIS, Factor:THREE, State:CLOSED] moved to CLOSED state
2019-10-18 07:03:13,502 [EventQueue-CloseContainerForCloseContainerEventHandler] INFO  container.CloseContainerEventHandler (CloseContainerEventHandler.java:onMessage(61)) - Close container Event triggered for container : #1
2019-10-18 07:03:13,505 [EventQueue-StaleNodeForStaleNodeHandler] INFO  pipeline.SCMPipelineManager (SCMPipelineManager.java:finalizeAndDestroyPipeline(315)) - destroying pipeline:Pipeline[ Id: b436e80f-0fcf-4f37-9ab1-e6c62f23ff1b, Nodes: 46b9516a-dfd6-4e8f-8939-5a6242357177{ip: 192.168.34.25, host: pr-hdds-2318-jnjn8-2612408985, networkLocation: /default-rack, certSerialId: null}, Type:RATIS, Factor:ONE, State:OPEN]
2019-10-18 07:03:13,505 [EventQueue-StaleNodeForStaleNodeHandler] INFO  pipeline.PipelineStateManager (PipelineStateManager.java:finalizePipeline(123)) - Pipeline Pipeline[ Id: b436e80f-0fcf-4f37-9ab1-e6c62f23ff1b, Nodes: 46b9516a-dfd6-4e8f-8939-5a6242357177{ip: 192.168.34.25, host: pr-hdds-2318-jnjn8-2612408985, networkLocation: /default-rack, certSerialId: null}, Type:RATIS, Factor:ONE, State:CLOSED] moved to CLOSED state
2019-10-18 07:03:13,691 [EventQueue-ContainerReportForContainerReportHandler] INFO  container.ContainerReportHandler (AbstractContainerReportHandler.java:updateContainerState(178)) - Moving container #1 to CLOSED state, datanode 93f10d81-f4b6-4237-b2e6-6c2ccf8ca027{ip: 192.168.34.25, host: pr-hdds-2318-jnjn8-2612408985, networkLocation: /default-rack, certSerialId: null} reported CLOSED replica.
2019-10-18 07:03:14,104 [BlockDeletingService#2] WARN  background.BlockDeletingService (BlockDeletingService.java:isDeletionAllowed(187)) - Close Container log Index 6 is not replicated across allthe servers in the pipeline fe68d6de-2f7f-4088-a26e-caf408347a58 as the min replicated index is 4. Deletion is not allowed in this container yet.
2019-10-18 07:03:14,104 [BlockDeletingService#2] WARN  background.BlockDeletingService (BlockDeletingService.java:isDeletionAllowed(187)) - Close Container log Index 6 is not replicated across allthe servers in the pipeline fe68d6de-2f7f-4088-a26e-caf408347a58 as the min replicated index is 4. Deletion is not allowed in this container yet.
2019-10-18 07:03:14,272 [SCMBlockDeletingService#0] INFO  block.SCMBlockDeletingService (SCMBlockDeletingService.java:call(184)) - Totally added 3 delete blocks command for 3 datanodes, task elapsed time: 5ms
2019-10-18 07:03:14,293 [EventQueue-PendingDeleteStatusForPendingDeleteHandler] INFO  block.SCMBlockDeletingService (SCMBlockDeletingService.java:handlePendingDeletes(115)) - Block deletion txnID mismatch in datanode 93f10d81-f4b6-4237-b2e6-6c2ccf8ca027 for containerID 1. Datanode delete txnID: 0, SCM txnID: 1
2019-10-18 07:03:14,387 [java.util.concurrent.ThreadPoolExecutor$Worker@35485c7f[State = -1, empty queue]] WARN  server.GrpcLogAppender (GrpcLogAppender.java:timeoutAppendRequest(209)) - 93f10d81-f4b6-4237-b2e6-6c2ccf8ca027@group-CAF408347A58->46b9516a-dfd6-4e8f-8939-5a6242357177-GrpcLogAppender: appendEntries Timeout, request=93f10d81-f4b6-4237-b2e6-6c2ccf8ca027->46b9516a-dfd6-4e8f-8939-5a6242357177#50-t2, previous=(t:2, i:10), leaderCommit=10, initializing? false, entries: <empty>
2019-10-18 07:03:14,399 [EventQueue-PendingDeleteStatusForPendingDeleteHandler] INFO  block.SCMBlockDeletingService (SCMBlockDeletingService.java:handlePendingDeletes(115)) - Block deletion txnID mismatch in datanode f69cf638-138d-4576-91da-2cd882e57eee for containerID 1. Datanode delete txnID: 0, SCM txnID: 1
2019-10-18 07:03:14,491 [EventQueue-PendingDeleteStatusForPendingDeleteHandler] INFO  block.SCMBlockDeletingService (SCMBlockDeletingService.java:handlePendingDeletes(115)) - Block deletion txnID mismatch in datanode 93f10d81-f4b6-4237-b2e6-6c2ccf8ca027 for containerID 1. Datanode delete txnID: 0, SCM txnID: 1
2019-10-18 07:03:14,499 [Command processor thread] INFO  commandhandler.DeleteBlocksCommandHandler (DeleteBlocksCommandHandler.java:handle(106)) - Start to delete container blocks, TXIDs=[1(0)], numOfContainers=1, numOfBlocks=1
2019-10-18 07:03:14,755 [Thread-539] INFO  client.GrpcClientProtocolService (GrpcClientProtocolService.java:lambda$processClientRequest$0(278)) - Failed RaftClientRequest:client-79AC2A5FBE9C->93f10d81-f4b6-4237-b2e6-6c2ccf8ca027@group-CAF408347A58, cid=10, seq=0, Watch-ALL_COMMITTED(6), Message:<EMPTY>, reply=RaftClientReply:client-79AC2A5FBE9C->93f10d81-f4b6-4237-b2e6-6c2ccf8ca027@group-CAF408347A58, cid=10, FAILED org.apache.ratis.protocol.NotReplicatedException: Request with call Id 10 and log index 6 is not yet replicated to ALL_COMMITTED, logIndex=6, commits[93f10d81-f4b6-4237-b2e6-6c2ccf8ca027:c10, f69cf638-138d-4576-91da-2cd882e57eee:c10, 46b9516a-dfd6-4e8f-8939-5a6242357177:c4]
2019-10-18 07:03:14,791 [Command processor thread] INFO  commandhandler.DeleteBlocksCommandHandler (DeleteBlocksCommandHandler.java:handle(106)) - Start to delete container blocks, TXIDs=[1(0)], numOfContainers=1, numOfBlocks=1
2019-10-18 07:03:14,793 [EventQueue-PendingDeleteStatusForPendingDeleteHandler] INFO  block.SCMBlockDeletingService (SCMBlockDeletingService.java:handlePendingDeletes(115)) - Block deletion txnID mismatch in datanode 93f10d81-f4b6-4237-b2e6-6c2ccf8ca027 for containerID 1. Datanode delete txnID: 0, SCM txnID: 1
2019-10-18 07:03:14,981 [main] INFO  impl.MetricsSystemImpl (MetricsSystemImpl.java:init(158)) - HddsDatanode metrics system started (again)
2019-10-18 07:03:15,030 [main] INFO  ozone.HddsDatanodeService (HddsDatanodeService.java:start(184)) - HddsDatanodeService host:pr-hdds-2318-jnjn8-2612408985 ip:192.168.34.25
2019-10-18 07:03:15,034 [main] INFO  volume.VolumeUsage (VolumeUsage.java:loadScmUsed(144)) - Cached ScmUsed found for /workdir/hadoop-ozone/integration-test/target/test-dir/MiniOzoneClusterImpl-e1e2c834-f325-487e-8a8a-8e8b7cc1d0d1/datanode-1/data/containers : 4096 
2019-10-18 07:03:15,034 [main] INFO  volume.HddsVolume (HddsVolume.java:<init>(176)) - Creating Volume: /workdir/hadoop-ozone/integration-test/target/test-dir/MiniOzoneClusterImpl-e1e2c834-f325-487e-8a8a-8e8b7cc1d0d1/datanode-1/data/containers/hdds of  storage type : DISK and capacity : 1482555576320
2019-10-18 07:03:15,035 [main] INFO  volume.VolumeSet (VolumeSet.java:initializeVolumeSet(170)) - Added Volume : /workdir/hadoop-ozone/integration-test/target/test-dir/MiniOzoneClusterImpl-e1e2c834-f325-487e-8a8a-8e8b7cc1d0d1/datanode-1/data/containers/hdds to VolumeSet
2019-10-18 07:03:15,035 [main] INFO  volume.ThrottledAsyncChecker (ThrottledAsyncChecker.java:schedule(141)) - Scheduling a check for /workdir/hadoop-ozone/integration-test/target/test-dir/MiniOzoneClusterImpl-e1e2c834-f325-487e-8a8a-8e8b7cc1d0d1/datanode-1/data/containers/hdds
2019-10-18 07:03:15,036 [main] INFO  volume.HddsVolumeChecker (HddsVolumeChecker.java:checkAllVolumes(204)) - Scheduled health check for volume /workdir/hadoop-ozone/integration-test/target/test-dir/MiniOzoneClusterImpl-e1e2c834-f325-487e-8a8a-8e8b7cc1d0d1/datanode-1/data/containers/hdds
2019-10-18 07:03:15,074 [main] INFO  impl.RaftServerProxy (ConfUtils.java:logGet(43)) - raft.rpc.type = GRPC (default)
2019-10-18 07:03:15,075 [main] INFO  grpc.GrpcFactory (GrpcFactory.java:checkPooledByteBufAllocatorUseCacheForAllThreads(45)) - PERFORMANCE WARNING: useCacheForAllThreads is true that may cause Netty to create a lot garbage objects and, as a result, trigger GC.
	It is recommended to disable useCacheForAllThreads by setting -Dorg.apache.ratis.thirdparty.io.netty.allocator.useCacheForAllThreads=false in command line.
2019-10-18 07:03:15,075 [main] INFO  grpc.GrpcConfigKeys$Server (ConfUtils.java:logGet(43)) - raft.grpc.server.port = 42762 (custom)
2019-10-18 07:03:15,075 [main] INFO  server.GrpcService (ConfUtils.java:logGet(43)) - raft.grpc.message.size.max = 33570816 (custom)
2019-10-18 07:03:15,075 [main] INFO  server.RaftServerConfigKeys (ConfUtils.java:logGet(43)) - raft.server.log.appender.buffer.byte-limit = 33554432 (custom)
2019-10-18 07:03:15,076 [main] INFO  server.GrpcService (ConfUtils.java:logGet(43)) - raft.grpc.flow.control.window = 1MB (=1048576) (default)
2019-10-18 07:03:15,076 [main] INFO  server.RaftServerConfigKeys (ConfUtils.java:logGet(43)) - raft.server.rpc.request.timeout = 3000ms (default)
2019-10-18 07:03:15,077 [main] INFO  server.RaftServerConfigKeys (ConfUtils.java:logGet(43)) - raft.server.storage.dir = [/workdir/hadoop-ozone/integration-test/target/test-dir/MiniOzoneClusterImpl-e1e2c834-f325-487e-8a8a-8e8b7cc1d0d1/datanode-1/data/ratis] (custom)
2019-10-18 07:03:15,077 [main] INFO  impl.RaftServerProxy (RaftServerProxy.java:lambda$null$0(191)) - 46b9516a-dfd6-4e8f-8939-5a6242357177: found a subdirectory /workdir/hadoop-ozone/integration-test/target/test-dir/MiniOzoneClusterImpl-e1e2c834-f325-487e-8a8a-8e8b7cc1d0d1/datanode-1/data/ratis/b436e80f-0fcf-4f37-9ab1-e6c62f23ff1b
2019-10-18 07:03:15,078 [main] INFO  impl.RaftServerProxy (RaftServerProxy.java:addNew(89)) - 46b9516a-dfd6-4e8f-8939-5a6242357177: addNew group-E6C62F23FF1B:[] returns group-E6C62F23FF1B:java.util.concurrent.CompletableFuture@6abdec0e[Not completed]
2019-10-18 07:03:15,078 [main] INFO  impl.RaftServerProxy (RaftServerProxy.java:lambda$null$0(191)) - 46b9516a-dfd6-4e8f-8939-5a6242357177: found a subdirectory /workdir/hadoop-ozone/integration-test/target/test-dir/MiniOzoneClusterImpl-e1e2c834-f325-487e-8a8a-8e8b7cc1d0d1/datanode-1/data/ratis/fe68d6de-2f7f-4088-a26e-caf408347a58
2019-10-18 07:03:15,079 [main] INFO  impl.RaftServerProxy (RaftServerProxy.java:addNew(89)) - 46b9516a-dfd6-4e8f-8939-5a6242357177: addNew group-CAF408347A58:[] returns group-CAF408347A58:java.util.concurrent.CompletableFuture@28f4f300[Not completed]
2019-10-18 07:03:15,081 [pool-59-thread-1] INFO  impl.RaftServerImpl (RaftServerImpl.java:<init>(104)) - 46b9516a-dfd6-4e8f-8939-5a6242357177: new RaftServerImpl for group-E6C62F23FF1B:[] with ContainerStateMachine:uninitialized
2019-10-18 07:03:15,084 [pool-59-thread-1] INFO  server.RaftServerConfigKeys (ConfUtils.java:logGet(43)) - raft.server.rpc.timeout.min = 5s (custom)
2019-10-18 07:03:15,084 [pool-59-thread-1] INFO  server.RaftServerConfigKeys (ConfUtils.java:logGet(43)) - raft.server.rpc.timeout.max = 5200ms (custom)
2019-10-18 07:03:15,084 [pool-59-thread-1] INFO  server.RaftServerConfigKeys (ConfUtils.java:logGet(43)) - raft.server.rpcslowness.timeout = 1000s (custom)
2019-10-18 07:03:15,084 [pool-59-thread-1] INFO  server.RaftServerConfigKeys (ConfUtils.java:logGet(43)) - raft.server.sleep.deviation.threshold = 300 (default)
2019-10-18 07:03:15,084 [pool-59-thread-1] INFO  server.RaftServerConfigKeys (ConfUtils.java:logGet(43)) - raft.server.log.appender.install.snapshot.enabled = false (custom)
2019-10-18 07:03:15,085 [pool-59-thread-1] INFO  impl.RaftServerImpl (ServerState.java:<init>(103)) - 46b9516a-dfd6-4e8f-8939-5a6242357177@group-E6C62F23FF1B: ConfigurationManager, init=-1: [], old=null, confs=<EMPTY_MAP>
2019-10-18 07:03:15,085 [pool-59-thread-1] INFO  server.RaftServerConfigKeys (ConfUtils.java:logGet(43)) - raft.server.storage.dir = [/workdir/hadoop-ozone/integration-test/target/test-dir/MiniOzoneClusterImpl-e1e2c834-f325-487e-8a8a-8e8b7cc1d0d1/datanode-1/data/ratis] (custom)
2019-10-18 07:03:15,085 [pool-59-thread-1] INFO  server.RaftServerConfigKeys (ConfUtils.java:logGet(43)) - raft.server.log.corruption.policy = EXCEPTION (default)
2019-10-18 07:03:15,085 [main] INFO  hdfs.DFSUtil (DFSUtil.java:httpServerTemplateForNNAndJN(1641)) - Starting Web-server for hddsDatanode at: http://0.0.0.0:45353
2019-10-18 07:03:15,088 [main] INFO  server.AuthenticationFilter (AuthenticationFilter.java:constructSecretProvider(240)) - Unable to initialize FileSignerSecretProvider, falling back to use random secrets.
2019-10-18 07:03:15,088 [main] WARN  http.HttpRequestLog (HttpRequestLog.java:getRequestLog(97)) - Jetty request log can only be enabled using Log4j
2019-10-18 07:03:15,090 [main] INFO  http.HttpServer2 (HttpServer2.java:addGlobalFilter(975)) - Added global filter 'safety' (class=org.apache.hadoop.http.HttpServer2$QuotingInputFilter)
2019-10-18 07:03:15,091 [main] INFO  http.HttpServer2 (HttpServer2.java:addFilter(948)) - Added filter static_user_filter (class=org.apache.hadoop.http.lib.StaticUserWebFilter$StaticUserFilter) to context hddsDatanode
2019-10-18 07:03:15,091 [main] INFO  http.HttpServer2 (HttpServer2.java:addFilter(958)) - Added filter static_user_filter (class=org.apache.hadoop.http.lib.StaticUserWebFilter$StaticUserFilter) to context logs
2019-10-18 07:03:15,091 [main] INFO  http.HttpServer2 (HttpServer2.java:addFilter(958)) - Added filter static_user_filter (class=org.apache.hadoop.http.lib.StaticUserWebFilter$StaticUserFilter) to context static
2019-10-18 07:03:15,092 [main] INFO  http.HttpServer2 (HttpServer2.java:bindListener(1191)) - Jetty bound to port 45353
2019-10-18 07:03:15,093 [main] INFO  server.Server (Server.java:doStart(351)) - jetty-9.3.25.v20180904, build timestamp: 2018-09-04T21:11:46Z, git hash: 3ce520221d0240229c862b122d2b06c12a625732
2019-10-18 07:03:15,095 [main] INFO  handler.ContextHandler (ContextHandler.java:doStart(781)) - Started o.e.j.s.ServletContextHandler@41ad373{/logs,file:///workdir/hadoop-ozone/integration-test/target/log,AVAILABLE}
2019-10-18 07:03:15,095 [main] INFO  handler.ContextHandler (ContextHandler.java:doStart(781)) - Started o.e.j.s.ServletContextHandler@177c41d7{/static,jar:file:/home/user/.m2/repository/org/apache/hadoop/hadoop-hdds-container-service/0.5.0-SNAPSHOT/hadoop-hdds-container-service-0.5.0-SNAPSHOT.jar!/webapps/static,AVAILABLE}
2019-10-18 07:03:15,105 [BlockDeletingService#2] WARN  background.BlockDeletingService (BlockDeletingService.java:isDeletionAllowed(187)) - Close Container log Index 6 is not replicated across allthe servers in the pipeline fe68d6de-2f7f-4088-a26e-caf408347a58 as the min replicated index is 4. Deletion is not allowed in this container yet.
2019-10-18 07:03:15,105 [BlockDeletingService#2] WARN  background.BlockDeletingService (BlockDeletingService.java:isDeletionAllowed(187)) - Close Container log Index 6 is not replicated across allthe servers in the pipeline fe68d6de-2f7f-4088-a26e-caf408347a58 as the min replicated index is 4. Deletion is not allowed in this container yet.
2019-10-18 07:03:15,108 [pool-59-thread-1] INFO  storage.RaftStorageDirectory (RaftStorageDirectory.java:tryLock(328)) - Lock on /workdir/hadoop-ozone/integration-test/target/test-dir/MiniOzoneClusterImpl-e1e2c834-f325-487e-8a8a-8e8b7cc1d0d1/datanode-1/data/ratis/b436e80f-0fcf-4f37-9ab1-e6c62f23ff1b/in_use.lock acquired by nodename 24370@pr-hdds-2318-jnjn8-2612408985
2019-10-18 07:03:15,109 [pool-59-thread-1] INFO  ratis.ContainerStateMachine (ContainerStateMachine.java:loadSnapshot(231)) - group-E6C62F23FF1B: The snapshot info is null. Setting the last applied indexto:(t:0, i:~)
2019-10-18 07:03:15,109 [pool-59-thread-1] INFO  server.RaftServerConfigKeys (ConfUtils.java:logGet(43)) - raft.server.notification.no-leader.timeout = 1000s (custom)
2019-10-18 07:03:15,109 [pool-59-thread-1] INFO  server.RaftServerConfigKeys (ConfUtils.java:logGet(43)) - raft.server.log.use.memory = false (default)
2019-10-18 07:03:15,109 [pool-59-thread-1] INFO  server.RaftServerConfigKeys (ConfUtils.java:logGet(43)) - raft.server.log.purge.gap = 1000000 (custom)
2019-10-18 07:03:15,109 [pool-59-thread-1] INFO  server.RaftServerConfigKeys (ConfUtils.java:logGet(43)) - raft.server.log.appender.buffer.byte-limit = 33554432 (custom)
2019-10-18 07:03:15,110 [pool-59-thread-1] INFO  server.RaftServerConfigKeys (ConfUtils.java:logGet(43)) - raft.server.log.segment.size.max = 1048576 (custom)
2019-10-18 07:03:15,110 [pool-59-thread-1] INFO  server.RaftServerConfigKeys (ConfUtils.java:logGet(43)) - raft.server.log.segment.cache.num.max = 2 (custom)
2019-10-18 07:03:15,110 [pool-59-thread-1] INFO  segmented.SegmentedRaftLogWorker (SegmentedRaftLogWorker.java:<init>(173)) - new 46b9516a-dfd6-4e8f-8939-5a6242357177@group-E6C62F23FF1B-SegmentedRaftLogWorker for RaftStorage:Storage Directory /workdir/hadoop-ozone/integration-test/target/test-dir/MiniOzoneClusterImpl-e1e2c834-f325-487e-8a8a-8e8b7cc1d0d1/datanode-1/data/ratis/b436e80f-0fcf-4f37-9ab1-e6c62f23ff1b
2019-10-18 07:03:15,110 [pool-59-thread-1] INFO  server.RaftServerConfigKeys (ConfUtils.java:logGet(43)) - raft.server.log.queue.byte-limit = 2147483647 (custom)
2019-10-18 07:03:15,110 [pool-59-thread-1] INFO  server.RaftServerConfigKeys (ConfUtils.java:logGet(43)) - raft.server.log.queue.element-limit = 1024 (custom)
2019-10-18 07:03:15,110 [pool-59-thread-1] INFO  server.RaftServerConfigKeys (ConfUtils.java:logGet(43)) - raft.server.log.segment.size.max = 1048576 (custom)
2019-10-18 07:03:15,110 [pool-59-thread-1] INFO  server.RaftServerConfigKeys (ConfUtils.java:logGet(43)) - raft.server.log.preallocated.size = 16384 (custom)
2019-10-18 07:03:15,110 [pool-59-thread-1] INFO  server.RaftServerConfigKeys (ConfUtils.java:logGet(43)) - raft.server.log.write.buffer.size = 33554432 (custom)
2019-10-18 07:03:15,110 [pool-59-thread-1] INFO  server.RaftServerConfigKeys (ConfUtils.java:logGet(43)) - raft.server.log.force.sync.num = 128 (default)
2019-10-18 07:03:15,111 [pool-59-thread-1] INFO  server.RaftServerConfigKeys (ConfUtils.java:logGet(43)) - raft.server.log.statemachine.data.sync = true (default)
2019-10-18 07:03:15,111 [pool-59-thread-1] INFO  server.RaftServerConfigKeys (ConfUtils.java:logGet(43)) - raft.server.log.statemachine.data.sync.timeout = 10s (default)
2019-10-18 07:03:15,111 [pool-59-thread-1] INFO  server.RaftServerConfigKeys (ConfUtils.java:logGet(43)) - raft.server.log.statemachine.data.sync.timeout.retry = -1 (default)
2019-10-18 07:03:15,111 [pool-59-thread-1] INFO  server.RaftServerConfigKeys (ConfUtils.java:logGet(43)) - raft.server.log.statemachine.data.caching.enabled = true (custom)
2019-10-18 07:03:15,117 [pool-59-thread-1] INFO  impl.RaftServerImpl (ServerState.java:setRaftConf(357)) - 46b9516a-dfd6-4e8f-8939-5a6242357177@group-E6C62F23FF1B: set configuration 0: [46b9516a-dfd6-4e8f-8939-5a6242357177:192.168.34.25:42762], old=null at 0
2019-10-18 07:03:15,118 [pool-59-thread-1] INFO  segmented.LogSegment (LogSegment.java:loadSegment(140)) - Successfully read 1 entries from segment file /workdir/hadoop-ozone/integration-test/target/test-dir/MiniOzoneClusterImpl-e1e2c834-f325-487e-8a8a-8e8b7cc1d0d1/datanode-1/data/ratis/b436e80f-0fcf-4f37-9ab1-e6c62f23ff1b/current/log_inprogress_0
2019-10-18 07:03:15,118 [pool-59-thread-1] INFO  segmented.SegmentedRaftLogWorker (SegmentedRaftLogWorker.java:lambda$new$0(128)) - 46b9516a-dfd6-4e8f-8939-5a6242357177@group-E6C62F23FF1B-SegmentedRaftLogWorker: flushIndex: setUnconditionally 0 -> 0
2019-10-18 07:03:15,133 [main] INFO  handler.ContextHandler (ContextHandler.java:doStart(781)) - Started o.e.j.w.WebAppContext@3481ff98{/,file:///tmp/jetty-0.0.0.0-45353-hddsDatanode-_-any-2711302346646992256.dir/webapp/,AVAILABLE}{/hddsDatanode}
2019-10-18 07:03:15,134 [main] INFO  server.AbstractConnector (AbstractConnector.java:doStart(278)) - Started ServerConnector@2ddb3ae8{HTTP/1.1,[http/1.1]}{0.0.0.0:45353}
2019-10-18 07:03:15,143 [pool-59-thread-1] INFO  server.RaftServerConfigKeys (ConfUtils.java:logGet(43)) - raft.server.snapshot.auto.trigger.enabled = true (custom)
2019-10-18 07:03:15,143 [main] INFO  server.Server (Server.java:doStart(419)) - Started @114110ms
2019-10-18 07:03:15,143 [pool-59-thread-1] INFO  server.RaftServerConfigKeys (ConfUtils.java:logGet(43)) - raft.server.snapshot.auto.trigger.threshold = 10000 (custom)
2019-10-18 07:03:15,143 [main] WARN  impl.MetricsSystemImpl (MetricsSystemImpl.java:register(276)) - Sink prometheus already exists!
2019-10-18 07:03:15,143 [pool-59-thread-1] INFO  server.RaftServerConfigKeys (ConfUtils.java:logGet(43)) - raft.server.snapshot.retention.file.num = 5 (custom)
2019-10-18 07:03:15,143 [pool-59-thread-1] INFO  server.RaftServerConfigKeys (ConfUtils.java:logGet(43)) - raft.server.retrycache.expirytime = 600000ms (custom)
2019-10-18 07:03:15,145 [main] INFO  server.BaseHttpServer (BaseHttpServer.java:updateConnectorAddress(215)) - HTTP server of HDDSDATANODE is listening at http://0.0.0.0:45353
2019-10-18 07:03:15,145 [pool-59-thread-1] INFO  impl.RaftServerImpl (RaftServerImpl.java:<init>(104)) - 46b9516a-dfd6-4e8f-8939-5a6242357177: new RaftServerImpl for group-CAF408347A58:[] with ContainerStateMachine:uninitialized
2019-10-18 07:03:15,145 [pool-59-thread-1] INFO  server.RaftServerConfigKeys (ConfUtils.java:logGet(43)) - raft.server.rpc.timeout.min = 5s (custom)
2019-10-18 07:03:15,145 [pool-59-thread-1] INFO  server.RaftServerConfigKeys (ConfUtils.java:logGet(43)) - raft.server.rpc.timeout.max = 5200ms (custom)
2019-10-18 07:03:15,145 [pool-59-thread-1] INFO  server.RaftServerConfigKeys (ConfUtils.java:logGet(43)) - raft.server.rpcslowness.timeout = 1000s (custom)
2019-10-18 07:03:15,145 [pool-59-thread-1] INFO  server.RaftServerConfigKeys (ConfUtils.java:logGet(43)) - raft.server.sleep.deviation.threshold = 300 (default)
2019-10-18 07:03:15,146 [pool-59-thread-1] INFO  server.RaftServerConfigKeys (ConfUtils.java:logGet(43)) - raft.server.log.appender.install.snapshot.enabled = false (custom)
2019-10-18 07:03:15,146 [pool-59-thread-1] INFO  impl.RaftServerImpl (ServerState.java:<init>(103)) - 46b9516a-dfd6-4e8f-8939-5a6242357177@group-CAF408347A58: ConfigurationManager, init=-1: [], old=null, confs=<EMPTY_MAP>
2019-10-18 07:03:15,146 [pool-59-thread-1] INFO  server.RaftServerConfigKeys (ConfUtils.java:logGet(43)) - raft.server.storage.dir = [/workdir/hadoop-ozone/integration-test/target/test-dir/MiniOzoneClusterImpl-e1e2c834-f325-487e-8a8a-8e8b7cc1d0d1/datanode-1/data/ratis] (custom)
2019-10-18 07:03:15,146 [pool-59-thread-1] INFO  server.RaftServerConfigKeys (ConfUtils.java:logGet(43)) - raft.server.log.corruption.policy = EXCEPTION (default)
2019-10-18 07:03:15,147 [org.apache.hadoop.util.JvmPauseMonitor$Monitor@45cb042e] INFO  util.JvmPauseMonitor (JvmPauseMonitor.java:run(188)) - Starting JVM pause monitor
2019-10-18 07:03:15,166 [pool-59-thread-1] INFO  storage.RaftStorageDirectory (RaftStorageDirectory.java:tryLock(328)) - Lock on /workdir/hadoop-ozone/integration-test/target/test-dir/MiniOzoneClusterImpl-e1e2c834-f325-487e-8a8a-8e8b7cc1d0d1/datanode-1/data/ratis/fe68d6de-2f7f-4088-a26e-caf408347a58/in_use.lock acquired by nodename 24370@pr-hdds-2318-jnjn8-2612408985
2019-10-18 07:03:15,168 [pool-59-thread-1] INFO  ratis.ContainerStateMachine (ContainerStateMachine.java:loadSnapshot(240)) - group-CAF408347A58: Setting the last applied index to (t:2, i:3)
2019-10-18 07:03:15,173 [pool-59-thread-1] INFO  impl.RaftServerImpl (ServerState.java:setRaftConf(357)) - 46b9516a-dfd6-4e8f-8939-5a6242357177@group-CAF408347A58: set configuration 0: [f69cf638-138d-4576-91da-2cd882e57eee:192.168.34.25:40171, 46b9516a-dfd6-4e8f-8939-5a6242357177:192.168.34.25:42762, 93f10d81-f4b6-4237-b2e6-6c2ccf8ca027:192.168.34.25:43753], old=null at 0
2019-10-18 07:03:15,174 [pool-59-thread-1] INFO  server.RaftServerConfigKeys (ConfUtils.java:logGet(43)) - raft.server.notification.no-leader.timeout = 1000s (custom)
2019-10-18 07:03:15,174 [pool-59-thread-1] INFO  server.RaftServerConfigKeys (ConfUtils.java:logGet(43)) - raft.server.log.use.memory = false (default)
2019-10-18 07:03:15,174 [pool-59-thread-1] INFO  server.RaftServerConfigKeys (ConfUtils.java:logGet(43)) - raft.server.log.purge.gap = 1000000 (custom)
2019-10-18 07:03:15,174 [pool-59-thread-1] INFO  server.RaftServerConfigKeys (ConfUtils.java:logGet(43)) - raft.server.log.appender.buffer.byte-limit = 33554432 (custom)
2019-10-18 07:03:15,174 [pool-59-thread-1] INFO  server.RaftServerConfigKeys (ConfUtils.java:logGet(43)) - raft.server.log.segment.size.max = 1048576 (custom)
2019-10-18 07:03:15,174 [pool-59-thread-1] INFO  server.RaftServerConfigKeys (ConfUtils.java:logGet(43)) - raft.server.log.segment.cache.num.max = 2 (custom)
2019-10-18 07:03:15,174 [pool-59-thread-1] INFO  segmented.SegmentedRaftLogWorker (SegmentedRaftLogWorker.java:<init>(173)) - new 46b9516a-dfd6-4e8f-8939-5a6242357177@group-CAF408347A58-SegmentedRaftLogWorker for RaftStorage:Storage Directory /workdir/hadoop-ozone/integration-test/target/test-dir/MiniOzoneClusterImpl-e1e2c834-f325-487e-8a8a-8e8b7cc1d0d1/datanode-1/data/ratis/fe68d6de-2f7f-4088-a26e-caf408347a58
2019-10-18 07:03:15,174 [pool-59-thread-1] INFO  server.RaftServerConfigKeys (ConfUtils.java:logGet(43)) - raft.server.log.queue.byte-limit = 2147483647 (custom)
2019-10-18 07:03:15,174 [pool-59-thread-1] INFO  server.RaftServerConfigKeys (ConfUtils.java:logGet(43)) - raft.server.log.queue.element-limit = 1024 (custom)
2019-10-18 07:03:15,174 [pool-59-thread-1] INFO  server.RaftServerConfigKeys (ConfUtils.java:logGet(43)) - raft.server.log.segment.size.max = 1048576 (custom)
2019-10-18 07:03:15,175 [pool-59-thread-1] INFO  server.RaftServerConfigKeys (ConfUtils.java:logGet(43)) - raft.server.log.preallocated.size = 16384 (custom)
2019-10-18 07:03:15,175 [pool-59-thread-1] INFO  server.RaftServerConfigKeys (ConfUtils.java:logGet(43)) - raft.server.log.write.buffer.size = 33554432 (custom)
2019-10-18 07:03:15,175 [pool-59-thread-1] INFO  server.RaftServerConfigKeys (ConfUtils.java:logGet(43)) - raft.server.log.force.sync.num = 128 (default)
2019-10-18 07:03:15,175 [pool-59-thread-1] INFO  server.RaftServerConfigKeys (ConfUtils.java:logGet(43)) - raft.server.log.statemachine.data.sync = true (default)
2019-10-18 07:03:15,175 [pool-59-thread-1] INFO  server.RaftServerConfigKeys (ConfUtils.java:logGet(43)) - raft.server.log.statemachine.data.sync.timeout = 10s (default)
2019-10-18 07:03:15,175 [pool-59-thread-1] INFO  server.RaftServerConfigKeys (ConfUtils.java:logGet(43)) - raft.server.log.statemachine.data.sync.timeout.retry = -1 (default)
2019-10-18 07:03:15,175 [pool-59-thread-1] INFO  server.RaftServerConfigKeys (ConfUtils.java:logGet(43)) - raft.server.log.statemachine.data.caching.enabled = true (custom)
2019-10-18 07:03:15,176 [pool-59-thread-1] INFO  impl.RaftServerImpl (ServerState.java:setRaftConf(357)) - 46b9516a-dfd6-4e8f-8939-5a6242357177@group-CAF408347A58: set configuration 0: [f69cf638-138d-4576-91da-2cd882e57eee:192.168.34.25:40171, 46b9516a-dfd6-4e8f-8939-5a6242357177:192.168.34.25:42762, 93f10d81-f4b6-4237-b2e6-6c2ccf8ca027:192.168.34.25:43753], old=null at 0
2019-10-18 07:03:15,176 [pool-59-thread-1] INFO  segmented.LogSegment (LogSegment.java:loadSegment(140)) - Successfully read 5 entries from segment file /workdir/hadoop-ozone/integration-test/target/test-dir/MiniOzoneClusterImpl-e1e2c834-f325-487e-8a8a-8e8b7cc1d0d1/datanode-1/data/ratis/fe68d6de-2f7f-4088-a26e-caf408347a58/current/log_inprogress_0
2019-10-18 07:03:15,176 [pool-59-thread-1] INFO  segmented.SegmentedRaftLogWorker (SegmentedRaftLogWorker.java:lambda$new$0(128)) - 46b9516a-dfd6-4e8f-8939-5a6242357177@group-CAF408347A58-SegmentedRaftLogWorker: flushIndex: setUnconditionally 0 -> 4
2019-10-18 07:03:15,200 [pool-59-thread-1] INFO  raftlog.RaftLog (RaftLog.java:lambda$new$0(61)) - 46b9516a-dfd6-4e8f-8939-5a6242357177@group-CAF408347A58-SegmentedRaftLog: commitIndex: updateToMax old=3, new=3, updated? false
2019-10-18 07:03:15,201 [pool-59-thread-1] INFO  server.RaftServerConfigKeys (ConfUtils.java:logGet(43)) - raft.server.snapshot.auto.trigger.enabled = true (custom)
2019-10-18 07:03:15,201 [pool-59-thread-1] INFO  server.RaftServerConfigKeys (ConfUtils.java:logGet(43)) - raft.server.snapshot.auto.trigger.threshold = 10000 (custom)
2019-10-18 07:03:15,201 [pool-59-thread-1] INFO  server.RaftServerConfigKeys (ConfUtils.java:logGet(43)) - raft.server.snapshot.retention.file.num = 5 (custom)
2019-10-18 07:03:15,201 [pool-59-thread-1] INFO  server.RaftServerConfigKeys (ConfUtils.java:logGet(43)) - raft.server.retrycache.expirytime = 600000ms (custom)
2019-10-18 07:03:15,272 [SCMBlockDeletingService#0] INFO  block.SCMBlockDeletingService (SCMBlockDeletingService.java:call(184)) - Totally added 1 delete blocks command for 1 datanodes, task elapsed time: 1ms
2019-10-18 07:03:15,274 [pool-7-thread-1] INFO  commands.RetriableDatanodeEventWatcher (RetriableDatanodeEventWatcher.java:onTimeout(47)) - RetriableDatanodeCommand type=deleteBlocksCommand with id=1571382194272 timed out. Retrying.
2019-10-18 07:03:16,107 [BlockDeletingService#2] WARN  background.BlockDeletingService (BlockDeletingService.java:isDeletionAllowed(187)) - Close Container log Index 6 is not replicated across allthe servers in the pipeline fe68d6de-2f7f-4088-a26e-caf408347a58 as the min replicated index is 4. Deletion is not allowed in this container yet.
2019-10-18 07:03:16,107 [BlockDeletingService#2] WARN  background.BlockDeletingService (BlockDeletingService.java:isDeletionAllowed(187)) - Close Container log Index 6 is not replicated across allthe servers in the pipeline fe68d6de-2f7f-4088-a26e-caf408347a58 as the min replicated index is 4. Deletion is not allowed in this container yet.
2019-10-18 07:03:16,272 [pool-7-thread-1] INFO  commands.RetriableDatanodeEventWatcher (RetriableDatanodeEventWatcher.java:onTimeout(47)) - RetriableDatanodeCommand type=deleteBlocksCommand with id=1571382194274 timed out. Retrying.
2019-10-18 07:03:16,273 [pool-7-thread-1] INFO  commands.RetriableDatanodeEventWatcher (RetriableDatanodeEventWatcher.java:onTimeout(47)) - RetriableDatanodeCommand type=deleteBlocksCommand with id=1571382194272 timed out. Retrying.
2019-10-18 07:03:16,273 [SCMBlockDeletingService#0] INFO  block.SCMBlockDeletingService (SCMBlockDeletingService.java:call(184)) - Totally added 1 delete blocks command for 1 datanodes, task elapsed time: 1ms
2019-10-18 07:03:16,888 [java.util.concurrent.ThreadPoolExecutor$Worker@35485c7f[State = -1, empty queue]] WARN  server.GrpcLogAppender (GrpcLogAppender.java:timeoutAppendRequest(209)) - 93f10d81-f4b6-4237-b2e6-6c2ccf8ca027@group-CAF408347A58->46b9516a-dfd6-4e8f-8939-5a6242357177-GrpcLogAppender: appendEntries Timeout, request=93f10d81-f4b6-4237-b2e6-6c2ccf8ca027->46b9516a-dfd6-4e8f-8939-5a6242357177#51-t2, previous=(t:2, i:10), leaderCommit=10, initializing? false, entries: <empty>
2019-10-18 07:03:17,109 [BlockDeletingService#2] WARN  background.BlockDeletingService (BlockDeletingService.java:isDeletionAllowed(187)) - Close Container log Index 6 is not replicated across allthe servers in the pipeline fe68d6de-2f7f-4088-a26e-caf408347a58 as the min replicated index is 4. Deletion is not allowed in this container yet.
2019-10-18 07:03:17,109 [BlockDeletingService#2] WARN  background.BlockDeletingService (BlockDeletingService.java:isDeletionAllowed(187)) - Close Container log Index 6 is not replicated across allthe servers in the pipeline fe68d6de-2f7f-4088-a26e-caf408347a58 as the min replicated index is 4. Deletion is not allowed in this container yet.
2019-10-18 07:03:17,149 [Datanode State Machine Thread - 0] INFO  ozoneimpl.OzoneContainer (OzoneContainer.java:start(213)) - Attempting to start container services.
2019-10-18 07:03:17,150 [Datanode State Machine Thread - 0] INFO  ozoneimpl.OzoneContainer (OzoneContainer.java:startContainerScrub(177)) - Background container scanner has been disabled.
2019-10-18 07:03:17,150 [Datanode State Machine Thread - 0] INFO  ratis.XceiverServerRatis (XceiverServerRatis.java:start(418)) - Starting XceiverServerRatis 46b9516a-dfd6-4e8f-8939-5a6242357177 at port 42762
2019-10-18 07:03:17,162 [Datanode State Machine Thread - 0] INFO  impl.RaftServerImpl (RaftServerImpl.java:start(195)) - 46b9516a-dfd6-4e8f-8939-5a6242357177@group-E6C62F23FF1B: start as a follower, conf=0: [46b9516a-dfd6-4e8f-8939-5a6242357177:192.168.34.25:42762], old=null
2019-10-18 07:03:17,162 [ForkJoinPool.commonPool-worker-0] INFO  impl.RaftServerImpl (RaftServerImpl.java:start(195)) - 46b9516a-dfd6-4e8f-8939-5a6242357177@group-CAF408347A58: start as a follower, conf=0: [f69cf638-138d-4576-91da-2cd882e57eee:192.168.34.25:40171, 46b9516a-dfd6-4e8f-8939-5a6242357177:192.168.34.25:42762, 93f10d81-f4b6-4237-b2e6-6c2ccf8ca027:192.168.34.25:43753], old=null
2019-10-18 07:03:17,162 [ForkJoinPool.commonPool-worker-0] INFO  impl.RaftServerImpl (RaftServerImpl.java:setRole(184)) - 46b9516a-dfd6-4e8f-8939-5a6242357177@group-CAF408347A58: changes role from      null to FOLLOWER at term 2 for startAsFollower
2019-10-18 07:03:17,162 [Datanode State Machine Thread - 0] INFO  impl.RaftServerImpl (RaftServerImpl.java:setRole(184)) - 46b9516a-dfd6-4e8f-8939-5a6242357177@group-E6C62F23FF1B: changes role from      null to FOLLOWER at term 1 for startAsFollower
2019-10-18 07:03:17,162 [ForkJoinPool.commonPool-worker-0] INFO  impl.RoleInfo (RoleInfo.java:updateAndGet(143)) - 46b9516a-dfd6-4e8f-8939-5a6242357177: start FollowerState
2019-10-18 07:03:17,162 [Datanode State Machine Thread - 0] INFO  impl.RoleInfo (RoleInfo.java:updateAndGet(143)) - 46b9516a-dfd6-4e8f-8939-5a6242357177: start FollowerState
2019-10-18 07:03:17,163 [ForkJoinPool.commonPool-worker-0] INFO  util.JmxRegister (JmxRegister.java:tryRegister(44)) - Successfully registered JMX Bean with object name Ratis:service=RaftServer,group=group-CAF408347A58,id=46b9516a-dfd6-4e8f-8939-5a6242357177
2019-10-18 07:03:17,163 [Datanode State Machine Thread - 0] INFO  util.JmxRegister (JmxRegister.java:tryRegister(44)) - Successfully registered JMX Bean with object name Ratis:service=RaftServer,group=group-E6C62F23FF1B,id=46b9516a-dfd6-4e8f-8939-5a6242357177
2019-10-18 07:03:17,165 [Datanode State Machine Thread - 0] INFO  impl.RaftServerProxy (RaftServerProxy.java:lambda$start$3(299)) - 46b9516a-dfd6-4e8f-8939-5a6242357177: start RPC server
2019-10-18 07:03:17,169 [Datanode State Machine Thread - 0] INFO  server.GrpcService (GrpcService.java:startImpl(158)) - 46b9516a-dfd6-4e8f-8939-5a6242357177: GrpcService started, listening on 0.0.0.0/0.0.0.0:42762
2019-10-18 07:03:17,180 [Thread-562] INFO  impl.FollowerState (FollowerState.java:run(108)) - 46b9516a-dfd6-4e8f-8939-5a6242357177@group-CAF408347A58-FollowerState: change to CANDIDATE, lastRpcTime:17ms, electionTimeout:17ms
2019-10-18 07:03:17,180 [Thread-562] INFO  impl.RoleInfo (RoleInfo.java:shutdownFollowerState(121)) - 46b9516a-dfd6-4e8f-8939-5a6242357177: shutdown FollowerState
2019-10-18 07:03:17,180 [Thread-562] INFO  impl.RaftServerImpl (RaftServerImpl.java:setRole(184)) - 46b9516a-dfd6-4e8f-8939-5a6242357177@group-CAF408347A58: changes role from  FOLLOWER to CANDIDATE at term 2 for changeToCandidate
2019-10-18 07:03:17,181 [Thread-562] INFO  impl.RoleInfo (RoleInfo.java:updateAndGet(143)) - 46b9516a-dfd6-4e8f-8939-5a6242357177: start LeaderElection
2019-10-18 07:03:17,206 [46b9516a-dfd6-4e8f-8939-5a6242357177@group-CAF408347A58-LeaderElection7] INFO  impl.LeaderElection (LeaderElection.java:askForVotes(178)) - 46b9516a-dfd6-4e8f-8939-5a6242357177@group-CAF408347A58-LeaderElection7: begin an election at term 3 for 0: [f69cf638-138d-4576-91da-2cd882e57eee:192.168.34.25:40171, 46b9516a-dfd6-4e8f-8939-5a6242357177:192.168.34.25:42762, 93f10d81-f4b6-4237-b2e6-6c2ccf8ca027:192.168.34.25:43753], old=null
2019-10-18 07:03:17,222 [grpc-default-executor-0] INFO  impl.RaftServerImpl (ServerState.java:setLeader(256)) - 93f10d81-f4b6-4237-b2e6-6c2ccf8ca027@group-CAF408347A58: change Leader from 93f10d81-f4b6-4237-b2e6-6c2ccf8ca027 to null at term 3 for updateCurrentTerm
2019-10-18 07:03:17,222 [grpc-default-executor-2] INFO  impl.RaftServerImpl (ServerState.java:setLeader(256)) - f69cf638-138d-4576-91da-2cd882e57eee@group-CAF408347A58: change Leader from 93f10d81-f4b6-4237-b2e6-6c2ccf8ca027 to null at term 3 for updateCurrentTerm
2019-10-18 07:03:17,222 [grpc-default-executor-0] INFO  impl.RaftServerImpl (RaftServerImpl.java:setRole(184)) - 93f10d81-f4b6-4237-b2e6-6c2ccf8ca027@group-CAF408347A58: changes role from    LEADER to FOLLOWER at term 3 for recognizeCandidate:46b9516a-dfd6-4e8f-8939-5a6242357177
2019-10-18 07:03:17,222 [grpc-default-executor-2] INFO  impl.RaftServerImpl (RaftServerImpl.java:setRole(184)) - f69cf638-138d-4576-91da-2cd882e57eee@group-CAF408347A58: changes role from  FOLLOWER to FOLLOWER at term 3 for recognizeCandidate:46b9516a-dfd6-4e8f-8939-5a6242357177
2019-10-18 07:03:17,222 [grpc-default-executor-0] INFO  impl.RoleInfo (RoleInfo.java:shutdownLeaderState(104)) - 93f10d81-f4b6-4237-b2e6-6c2ccf8ca027: shutdown LeaderState
2019-10-18 07:03:17,222 [grpc-default-executor-2] INFO  impl.RoleInfo (RoleInfo.java:shutdownFollowerState(121)) - f69cf638-138d-4576-91da-2cd882e57eee: shutdown FollowerState
2019-10-18 07:03:17,224 [org.apache.ratis.server.impl.LogAppender$AppenderDaemon$$Lambda$435/654929129@655dac38] WARN  server.GrpcLogAppender (GrpcLogAppender.java:mayWait(149)) - 93f10d81-f4b6-4237-b2e6-6c2ccf8ca027@group-CAF408347A58->f69cf638-138d-4576-91da-2cd882e57eee-GrpcLogAppender: Wait interrupted by java.lang.InterruptedException
2019-10-18 07:03:17,224 [org.apache.ratis.server.impl.LogAppender$AppenderDaemon$$Lambda$435/654929129@5472ebdc] WARN  server.GrpcLogAppender (GrpcLogAppender.java:mayWait(149)) - 93f10d81-f4b6-4237-b2e6-6c2ccf8ca027@group-CAF408347A58->46b9516a-dfd6-4e8f-8939-5a6242357177-GrpcLogAppender: Wait interrupted by java.lang.InterruptedException
2019-10-18 07:03:17,224 [grpc-default-executor-0] INFO  impl.PendingRequests (PendingRequests.java:sendNotLeaderResponses(202)) - 93f10d81-f4b6-4237-b2e6-6c2ccf8ca027@group-CAF408347A58-PendingRequests: sendNotLeaderResponses
2019-10-18 07:03:17,224 [grpc-default-executor-2] INFO  impl.RoleInfo (RoleInfo.java:updateAndGet(143)) - f69cf638-138d-4576-91da-2cd882e57eee: start FollowerState
2019-10-18 07:03:17,224 [Thread-232] INFO  impl.FollowerState (FollowerState.java:run(117)) - f69cf638-138d-4576-91da-2cd882e57eee@group-CAF408347A58-FollowerState was interrupted: java.lang.InterruptedException: sleep interrupted
2019-10-18 07:03:17,225 [grpc-default-executor-3] INFO  server.GrpcServerProtocolService (GrpcServerProtocolService.java:onCompleted(113)) - f69cf638-138d-4576-91da-2cd882e57eee: Completed APPEND_ENTRIES, lastRequest: 93f10d81-f4b6-4237-b2e6-6c2ccf8ca027->f69cf638-138d-4576-91da-2cd882e57eee#52-t2, previous=(t:2, i:10), leaderCommit=10, initializing? false, entries: <empty>
2019-10-18 07:03:17,229 [grpc-default-executor-0] INFO  impl.RoleInfo (RoleInfo.java:updateAndGet(143)) - 93f10d81-f4b6-4237-b2e6-6c2ccf8ca027: start FollowerState
2019-10-18 07:03:17,229 [Thread-570] INFO  client.GrpcClientProtocolService (GrpcClientProtocolService.java:lambda$processClientRequest$0(278)) - Failed RaftClientRequest:client-79AC2A5FBE9C->93f10d81-f4b6-4237-b2e6-6c2ccf8ca027@group-CAF408347A58, cid=10, seq=0, Watch-ALL_COMMITTED(6), Message:<EMPTY>, reply=RaftClientReply:client-79AC2A5FBE9C->93f10d81-f4b6-4237-b2e6-6c2ccf8ca027@group-CAF408347A58, cid=10, FAILED org.apache.ratis.protocol.NotLeaderException: Server 93f10d81-f4b6-4237-b2e6-6c2ccf8ca027@group-CAF408347A58 is not the leader, logIndex=0, commits[93f10d81-f4b6-4237-b2e6-6c2ccf8ca027:c10, f69cf638-138d-4576-91da-2cd882e57eee:c10, 46b9516a-dfd6-4e8f-8939-5a6242357177:c4]
2019-10-18 07:03:17,229 [grpc-default-executor-3] INFO  server.GrpcLogAppender (GrpcLogAppender.java:onCompleted(308)) - 93f10d81-f4b6-4237-b2e6-6c2ccf8ca027@group-CAF408347A58->f69cf638-138d-4576-91da-2cd882e57eee-AppendLogResponseHandler: follower responses appendEntries COMPLETED
2019-10-18 07:03:17,232 [grpc-default-executor-3] INFO  impl.FollowerInfo (FollowerInfo.java:lambda$new$0(51)) - 93f10d81-f4b6-4237-b2e6-6c2ccf8ca027@group-CAF408347A58->f69cf638-138d-4576-91da-2cd882e57eee: nextIndex: updateUnconditionally 11 -> 10
2019-10-18 07:03:17,253 [46b9516a-dfd6-4e8f-8939-5a6242357177@group-CAF408347A58-LeaderElection7] INFO  impl.LeaderElection (LeaderElection.java:logAndReturn(56)) - 46b9516a-dfd6-4e8f-8939-5a6242357177@group-CAF408347A58-LeaderElection7: Election REJECTED; received 2 response(s) [46b9516a-dfd6-4e8f-8939-5a6242357177<-f69cf638-138d-4576-91da-2cd882e57eee#0:FAIL-t3, 46b9516a-dfd6-4e8f-8939-5a6242357177<-93f10d81-f4b6-4237-b2e6-6c2ccf8ca027#0:FAIL-t3] and 0 exception(s); 46b9516a-dfd6-4e8f-8939-5a6242357177@group-CAF408347A58:t3, leader=null, voted=46b9516a-dfd6-4e8f-8939-5a6242357177, raftlog=46b9516a-dfd6-4e8f-8939-5a6242357177@group-CAF408347A58-SegmentedRaftLog:OPENED:c3,f4,i4, conf=0: [f69cf638-138d-4576-91da-2cd882e57eee:192.168.34.25:40171, 46b9516a-dfd6-4e8f-8939-5a6242357177:192.168.34.25:42762, 93f10d81-f4b6-4237-b2e6-6c2ccf8ca027:192.168.34.25:43753], old=null
2019-10-18 07:03:17,255 [46b9516a-dfd6-4e8f-8939-5a6242357177@group-CAF408347A58-LeaderElection7] INFO  impl.RaftServerImpl (RaftServerImpl.java:setRole(184)) - 46b9516a-dfd6-4e8f-8939-5a6242357177@group-CAF408347A58: changes role from CANDIDATE to FOLLOWER at term 3 for DISCOVERED_A_NEW_TERM
2019-10-18 07:03:17,255 [46b9516a-dfd6-4e8f-8939-5a6242357177@group-CAF408347A58-LeaderElection7] INFO  impl.RoleInfo (RoleInfo.java:shutdownLeaderElection(134)) - 46b9516a-dfd6-4e8f-8939-5a6242357177: shutdown LeaderElection
2019-10-18 07:03:17,256 [46b9516a-dfd6-4e8f-8939-5a6242357177@group-CAF408347A58-LeaderElection7] INFO  impl.RoleInfo (RoleInfo.java:updateAndGet(143)) - 46b9516a-dfd6-4e8f-8939-5a6242357177: start FollowerState
2019-10-18 07:03:17,272 [Thread-563] INFO  impl.FollowerState (FollowerState.java:run(108)) - 46b9516a-dfd6-4e8f-8939-5a6242357177@group-E6C62F23FF1B-FollowerState: change to CANDIDATE, lastRpcTime:109ms, electionTimeout:109ms
2019-10-18 07:03:17,273 [Thread-563] INFO  impl.RoleInfo (RoleInfo.java:shutdownFollowerState(121)) - 46b9516a-dfd6-4e8f-8939-5a6242357177: shutdown FollowerState
2019-10-18 07:03:17,273 [pool-7-thread-1] INFO  commands.RetriableDatanodeEventWatcher (RetriableDatanodeEventWatcher.java:onTimeout(47)) - RetriableDatanodeCommand type=deleteBlocksCommand with id=1571382194274 timed out. Retrying.
2019-10-18 07:03:17,273 [Thread-563] INFO  impl.RaftServerImpl (RaftServerImpl.java:setRole(184)) - 46b9516a-dfd6-4e8f-8939-5a6242357177@group-E6C62F23FF1B: changes role from  FOLLOWER to CANDIDATE at term 1 for changeToCandidate
2019-10-18 07:03:17,273 [pool-7-thread-2] INFO  commands.RetriableDatanodeEventWatcher (RetriableDatanodeEventWatcher.java:onTimeout(47)) - RetriableDatanodeCommand type=deleteBlocksCommand with id=1571382194275 timed out. Retrying.
2019-10-18 07:03:17,273 [Thread-563] INFO  impl.RoleInfo (RoleInfo.java:updateAndGet(143)) - 46b9516a-dfd6-4e8f-8939-5a6242357177: start LeaderElection
2019-10-18 07:03:17,275 [pool-7-thread-2] INFO  commands.RetriableDatanodeEventWatcher (RetriableDatanodeEventWatcher.java:onTimeout(47)) - RetriableDatanodeCommand type=deleteBlocksCommand with id=1571382194272 timed out. Retrying.
2019-10-18 07:03:17,276 [SCMBlockDeletingService#0] INFO  block.SCMBlockDeletingService (SCMBlockDeletingService.java:call(184)) - Totally added 1 delete blocks command for 1 datanodes, task elapsed time: 2ms
2019-10-18 07:03:17,300 [46b9516a-dfd6-4e8f-8939-5a6242357177@group-E6C62F23FF1B-LeaderElection8] INFO  impl.LeaderElection (LeaderElection.java:askForVotes(178)) - 46b9516a-dfd6-4e8f-8939-5a6242357177@group-E6C62F23FF1B-LeaderElection8: begin an election at term 2 for 0: [46b9516a-dfd6-4e8f-8939-5a6242357177:192.168.34.25:42762], old=null
2019-10-18 07:03:17,301 [46b9516a-dfd6-4e8f-8939-5a6242357177@group-E6C62F23FF1B-LeaderElection8] INFO  impl.RoleInfo (RoleInfo.java:shutdownLeaderElection(134)) - 46b9516a-dfd6-4e8f-8939-5a6242357177: shutdown LeaderElection
2019-10-18 07:03:17,302 [46b9516a-dfd6-4e8f-8939-5a6242357177@group-E6C62F23FF1B-LeaderElection8] INFO  impl.RaftServerImpl (RaftServerImpl.java:setRole(184)) - 46b9516a-dfd6-4e8f-8939-5a6242357177@group-E6C62F23FF1B: changes role from CANDIDATE to LEADER at term 2 for changeToLeader
2019-10-18 07:03:17,302 [46b9516a-dfd6-4e8f-8939-5a6242357177@group-E6C62F23FF1B-LeaderElection8] INFO  impl.RaftServerImpl (ServerState.java:setLeader(256)) - 46b9516a-dfd6-4e8f-8939-5a6242357177@group-E6C62F23FF1B: change Leader from null to 46b9516a-dfd6-4e8f-8939-5a6242357177 at term 2 for becomeLeader, leader elected after 2193ms
2019-10-18 07:03:17,305 [46b9516a-dfd6-4e8f-8939-5a6242357177@group-E6C62F23FF1B-LeaderElection8] INFO  server.RaftServerConfigKeys (ConfUtils.java:logGet(43)) - raft.server.staging.catchup.gap = 1000 (default)
2019-10-18 07:03:17,306 [46b9516a-dfd6-4e8f-8939-5a6242357177@group-E6C62F23FF1B-LeaderElection8] INFO  server.RaftServerConfigKeys (ConfUtils.java:logGet(43)) - raft.server.rpc.sleep.time = 25ms (default)
2019-10-18 07:03:17,306 [46b9516a-dfd6-4e8f-8939-5a6242357177@group-E6C62F23FF1B-LeaderElection8] INFO  server.RaftServerConfigKeys (ConfUtils.java:logGet(43)) - raft.server.write.element-limit = 4096 (default)
2019-10-18 07:03:17,307 [46b9516a-dfd6-4e8f-8939-5a6242357177@group-E6C62F23FF1B-LeaderElection8] INFO  server.RaftServerConfigKeys (ConfUtils.java:logGet(43)) - raft.server.watch.timeout = 10s (default)
2019-10-18 07:03:17,307 [46b9516a-dfd6-4e8f-8939-5a6242357177@group-E6C62F23FF1B-LeaderElection8] INFO  server.RaftServerConfigKeys (ConfUtils.java:logGet(43)) - raft.server.watch.timeout.denomination = 1s (default)
2019-10-18 07:03:17,307 [46b9516a-dfd6-4e8f-8939-5a6242357177@group-E6C62F23FF1B-LeaderElection8] INFO  server.RaftServerConfigKeys (ConfUtils.java:logGet(43)) - raft.server.watch.element-limit = 65536 (default)
2019-10-18 07:03:17,308 [46b9516a-dfd6-4e8f-8939-5a6242357177@group-E6C62F23FF1B-LeaderElection8] INFO  impl.RoleInfo (RoleInfo.java:updateAndGet(143)) - 46b9516a-dfd6-4e8f-8939-5a6242357177: start LeaderState
2019-10-18 07:03:17,310 [46b9516a-dfd6-4e8f-8939-5a6242357177@group-E6C62F23FF1B-LeaderElection8] INFO  segmented.SegmentedRaftLogWorker (SegmentedRaftLogWorker.java:rollLogSegment(390)) - 46b9516a-dfd6-4e8f-8939-5a6242357177@group-E6C62F23FF1B-SegmentedRaftLogWorker: Rolling segment log-0_0 to index:0
2019-10-18 07:03:17,317 [46b9516a-dfd6-4e8f-8939-5a6242357177@group-E6C62F23FF1B-LeaderElection8] INFO  impl.RaftServerImpl (ServerState.java:setRaftConf(357)) - 46b9516a-dfd6-4e8f-8939-5a6242357177@group-E6C62F23FF1B: set configuration 1: [46b9516a-dfd6-4e8f-8939-5a6242357177:192.168.34.25:42762], old=null at 1
2019-10-18 07:03:17,318 [46b9516a-dfd6-4e8f-8939-5a6242357177@group-E6C62F23FF1B-SegmentedRaftLogWorker] INFO  segmented.SegmentedRaftLogWorker (SegmentedRaftLogWorker.java:execute(533)) - 46b9516a-dfd6-4e8f-8939-5a6242357177@group-E6C62F23FF1B-SegmentedRaftLogWorker: Rolled log segment from /workdir/hadoop-ozone/integration-test/target/test-dir/MiniOzoneClusterImpl-e1e2c834-f325-487e-8a8a-8e8b7cc1d0d1/datanode-1/data/ratis/b436e80f-0fcf-4f37-9ab1-e6c62f23ff1b/current/log_inprogress_0 to /workdir/hadoop-ozone/integration-test/target/test-dir/MiniOzoneClusterImpl-e1e2c834-f325-487e-8a8a-8e8b7cc1d0d1/datanode-1/data/ratis/b436e80f-0fcf-4f37-9ab1-e6c62f23ff1b/current/log_0-0
2019-10-18 07:03:17,367 [Thread-572] INFO  impl.FollowerState (FollowerState.java:run(108)) - 46b9516a-dfd6-4e8f-8939-5a6242357177@group-CAF408347A58-FollowerState: change to CANDIDATE, lastRpcTime:111ms, electionTimeout:108ms
2019-10-18 07:03:17,368 [Thread-572] INFO  impl.RoleInfo (RoleInfo.java:shutdownFollowerState(121)) - 46b9516a-dfd6-4e8f-8939-5a6242357177: shutdown FollowerState
2019-10-18 07:03:17,368 [Thread-572] INFO  impl.RaftServerImpl (RaftServerImpl.java:setRole(184)) - 46b9516a-dfd6-4e8f-8939-5a6242357177@group-CAF408347A58: changes role from  FOLLOWER to CANDIDATE at term 3 for changeToCandidate
2019-10-18 07:03:17,368 [Thread-572] INFO  impl.RoleInfo (RoleInfo.java:updateAndGet(143)) - 46b9516a-dfd6-4e8f-8939-5a6242357177: start LeaderElection
2019-10-18 07:03:17,375 [46b9516a-dfd6-4e8f-8939-5a6242357177@group-E6C62F23FF1B-SegmentedRaftLogWorker] INFO  segmented.SegmentedRaftLogWorker (SegmentedRaftLogWorker.java:execute(576)) - 46b9516a-dfd6-4e8f-8939-5a6242357177@group-E6C62F23FF1B-SegmentedRaftLogWorker: created new log segment /workdir/hadoop-ozone/integration-test/target/test-dir/MiniOzoneClusterImpl-e1e2c834-f325-487e-8a8a-8e8b7cc1d0d1/datanode-1/data/ratis/b436e80f-0fcf-4f37-9ab1-e6c62f23ff1b/current/log_inprogress_1
2019-10-18 07:03:17,392 [46b9516a-dfd6-4e8f-8939-5a6242357177@group-CAF408347A58-LeaderElection9] INFO  impl.LeaderElection (LeaderElection.java:askForVotes(178)) - 46b9516a-dfd6-4e8f-8939-5a6242357177@group-CAF408347A58-LeaderElection9: begin an election at term 4 for 0: [f69cf638-138d-4576-91da-2cd882e57eee:192.168.34.25:40171, 46b9516a-dfd6-4e8f-8939-5a6242357177:192.168.34.25:42762, 93f10d81-f4b6-4237-b2e6-6c2ccf8ca027:192.168.34.25:43753], old=null
2019-10-18 07:03:17,513 [grpc-default-executor-0] INFO  impl.RaftServerImpl (RaftServerImpl.java:setRole(184)) - f69cf638-138d-4576-91da-2cd882e57eee@group-CAF408347A58: changes role from  FOLLOWER to FOLLOWER at term 4 for recognizeCandidate:46b9516a-dfd6-4e8f-8939-5a6242357177
2019-10-18 07:03:17,513 [grpc-default-executor-2] INFO  impl.RaftServerImpl (RaftServerImpl.java:setRole(184)) - 93f10d81-f4b6-4237-b2e6-6c2ccf8ca027@group-CAF408347A58: changes role from  FOLLOWER to FOLLOWER at term 4 for recognizeCandidate:46b9516a-dfd6-4e8f-8939-5a6242357177
2019-10-18 07:03:17,513 [grpc-default-executor-0] INFO  impl.RoleInfo (RoleInfo.java:shutdownFollowerState(121)) - f69cf638-138d-4576-91da-2cd882e57eee: shutdown FollowerState
2019-10-18 07:03:17,520 [grpc-default-executor-2] INFO  impl.RoleInfo (RoleInfo.java:shutdownFollowerState(121)) - 93f10d81-f4b6-4237-b2e6-6c2ccf8ca027: shutdown FollowerState
2019-10-18 07:03:17,520 [Thread-569] INFO  impl.FollowerState (FollowerState.java:run(117)) - f69cf638-138d-4576-91da-2cd882e57eee@group-CAF408347A58-FollowerState was interrupted: java.lang.InterruptedException: sleep interrupted
2019-10-18 07:03:17,520 [grpc-default-executor-0] INFO  impl.RoleInfo (RoleInfo.java:updateAndGet(143)) - f69cf638-138d-4576-91da-2cd882e57eee: start FollowerState
2019-10-18 07:03:17,521 [grpc-default-executor-2] INFO  impl.RoleInfo (RoleInfo.java:updateAndGet(143)) - 93f10d81-f4b6-4237-b2e6-6c2ccf8ca027: start FollowerState
2019-10-18 07:03:17,521 [Thread-571] INFO  impl.FollowerState (FollowerState.java:run(117)) - 93f10d81-f4b6-4237-b2e6-6c2ccf8ca027@group-CAF408347A58-FollowerState was interrupted: java.lang.InterruptedException: sleep interrupted
2019-10-18 07:03:17,534 [46b9516a-dfd6-4e8f-8939-5a6242357177@group-CAF408347A58-LeaderElection9] INFO  impl.LeaderElection (LeaderElection.java:logAndReturn(56)) - 46b9516a-dfd6-4e8f-8939-5a6242357177@group-CAF408347A58-LeaderElection9: Election TIMEOUT; received 0 response(s) [] and 0 exception(s); 46b9516a-dfd6-4e8f-8939-5a6242357177@group-CAF408347A58:t4, leader=null, voted=46b9516a-dfd6-4e8f-8939-5a6242357177, raftlog=46b9516a-dfd6-4e8f-8939-5a6242357177@group-CAF408347A58-SegmentedRaftLog:OPENED:c3,f4,i4, conf=0: [f69cf638-138d-4576-91da-2cd882e57eee:192.168.34.25:40171, 46b9516a-dfd6-4e8f-8939-5a6242357177:192.168.34.25:42762, 93f10d81-f4b6-4237-b2e6-6c2ccf8ca027:192.168.34.25:43753], old=null
2019-10-18 07:03:17,569 [46b9516a-dfd6-4e8f-8939-5a6242357177@group-CAF408347A58-LeaderElection9] INFO  impl.LeaderElection (LeaderElection.java:askForVotes(178)) - 46b9516a-dfd6-4e8f-8939-5a6242357177@group-CAF408347A58-LeaderElection9: begin an election at term 5 for 0: [f69cf638-138d-4576-91da-2cd882e57eee:192.168.34.25:40171, 46b9516a-dfd6-4e8f-8939-5a6242357177:192.168.34.25:42762, 93f10d81-f4b6-4237-b2e6-6c2ccf8ca027:192.168.34.25:43753], old=null
2019-10-18 07:03:17,573 [grpc-default-executor-2] INFO  impl.RaftServerImpl (RaftServerImpl.java:setRole(184)) - 93f10d81-f4b6-4237-b2e6-6c2ccf8ca027@group-CAF408347A58: changes role from  FOLLOWER to FOLLOWER at term 5 for recognizeCandidate:46b9516a-dfd6-4e8f-8939-5a6242357177
2019-10-18 07:03:17,574 [grpc-default-executor-0] INFO  impl.RaftServerImpl (RaftServerImpl.java:setRole(184)) - f69cf638-138d-4576-91da-2cd882e57eee@group-CAF408347A58: changes role from  FOLLOWER to FOLLOWER at term 5 for recognizeCandidate:46b9516a-dfd6-4e8f-8939-5a6242357177
2019-10-18 07:03:17,574 [grpc-default-executor-2] INFO  impl.RoleInfo (RoleInfo.java:shutdownFollowerState(121)) - 93f10d81-f4b6-4237-b2e6-6c2ccf8ca027: shutdown FollowerState
2019-10-18 07:03:17,574 [grpc-default-executor-0] INFO  impl.RoleInfo (RoleInfo.java:shutdownFollowerState(121)) - f69cf638-138d-4576-91da-2cd882e57eee: shutdown FollowerState
2019-10-18 07:03:17,574 [grpc-default-executor-2] INFO  impl.RoleInfo (RoleInfo.java:updateAndGet(143)) - 93f10d81-f4b6-4237-b2e6-6c2ccf8ca027: start FollowerState
2019-10-18 07:03:17,574 [Thread-579] INFO  impl.FollowerState (FollowerState.java:run(117)) - 93f10d81-f4b6-4237-b2e6-6c2ccf8ca027@group-CAF408347A58-FollowerState was interrupted: java.lang.InterruptedException: sleep interrupted
2019-10-18 07:03:17,574 [Thread-578] INFO  impl.FollowerState (FollowerState.java:run(117)) - f69cf638-138d-4576-91da-2cd882e57eee@group-CAF408347A58-FollowerState was interrupted: java.lang.InterruptedException: sleep interrupted
2019-10-18 07:03:17,574 [grpc-default-executor-0] INFO  impl.RoleInfo (RoleInfo.java:updateAndGet(143)) - f69cf638-138d-4576-91da-2cd882e57eee: start FollowerState
2019-10-18 07:03:17,607 [46b9516a-dfd6-4e8f-8939-5a6242357177@group-CAF408347A58-LeaderElection9] INFO  impl.LeaderElection (LeaderElection.java:logAndReturn(56)) - 46b9516a-dfd6-4e8f-8939-5a6242357177@group-CAF408347A58-LeaderElection9: Election REJECTED; received 2 response(s) [46b9516a-dfd6-4e8f-8939-5a6242357177<-f69cf638-138d-4576-91da-2cd882e57eee#0:FAIL-t5, 46b9516a-dfd6-4e8f-8939-5a6242357177<-93f10d81-f4b6-4237-b2e6-6c2ccf8ca027#0:FAIL-t5] and 0 exception(s); 46b9516a-dfd6-4e8f-8939-5a6242357177@group-CAF408347A58:t5, leader=null, voted=46b9516a-dfd6-4e8f-8939-5a6242357177, raftlog=46b9516a-dfd6-4e8f-8939-5a6242357177@group-CAF408347A58-SegmentedRaftLog:OPENED:c3,f4,i4, conf=0: [f69cf638-138d-4576-91da-2cd882e57eee:192.168.34.25:40171, 46b9516a-dfd6-4e8f-8939-5a6242357177:192.168.34.25:42762, 93f10d81-f4b6-4237-b2e6-6c2ccf8ca027:192.168.34.25:43753], old=null
2019-10-18 07:03:17,608 [46b9516a-dfd6-4e8f-8939-5a6242357177@group-CAF408347A58-LeaderElection9] INFO  impl.RaftServerImpl (RaftServerImpl.java:setRole(184)) - 46b9516a-dfd6-4e8f-8939-5a6242357177@group-CAF408347A58: changes role from CANDIDATE to FOLLOWER at term 5 for DISCOVERED_A_NEW_TERM
2019-10-18 07:03:17,609 [46b9516a-dfd6-4e8f-8939-5a6242357177@group-CAF408347A58-LeaderElection9] INFO  impl.RoleInfo (RoleInfo.java:shutdownLeaderElection(134)) - 46b9516a-dfd6-4e8f-8939-5a6242357177: shutdown LeaderElection
2019-10-18 07:03:17,609 [46b9516a-dfd6-4e8f-8939-5a6242357177@group-CAF408347A58-LeaderElection9] INFO  impl.RoleInfo (RoleInfo.java:updateAndGet(143)) - 46b9516a-dfd6-4e8f-8939-5a6242357177: start FollowerState
2019-10-18 07:03:17,801 [Thread-584] INFO  impl.FollowerState (FollowerState.java:run(108)) - 46b9516a-dfd6-4e8f-8939-5a6242357177@group-CAF408347A58-FollowerState: change to CANDIDATE, lastRpcTime:192ms, electionTimeout:191ms
2019-10-18 07:03:17,802 [Thread-584] INFO  impl.RoleInfo (RoleInfo.java:shutdownFollowerState(121)) - 46b9516a-dfd6-4e8f-8939-5a6242357177: shutdown FollowerState
2019-10-18 07:03:17,802 [Thread-584] INFO  impl.RaftServerImpl (RaftServerImpl.java:setRole(184)) - 46b9516a-dfd6-4e8f-8939-5a6242357177@group-CAF408347A58: changes role from  FOLLOWER to CANDIDATE at term 5 for changeToCandidate
2019-10-18 07:03:17,803 [Thread-584] INFO  impl.RoleInfo (RoleInfo.java:updateAndGet(143)) - 46b9516a-dfd6-4e8f-8939-5a6242357177: start LeaderElection
2019-10-18 07:03:17,830 [46b9516a-dfd6-4e8f-8939-5a6242357177@group-CAF408347A58-LeaderElection10] INFO  impl.LeaderElection (LeaderElection.java:askForVotes(178)) - 46b9516a-dfd6-4e8f-8939-5a6242357177@group-CAF408347A58-LeaderElection10: begin an election at term 6 for 0: [f69cf638-138d-4576-91da-2cd882e57eee:192.168.34.25:40171, 46b9516a-dfd6-4e8f-8939-5a6242357177:192.168.34.25:42762, 93f10d81-f4b6-4237-b2e6-6c2ccf8ca027:192.168.34.25:43753], old=null
2019-10-18 07:03:17,835 [grpc-default-executor-2] INFO  impl.RaftServerImpl (RaftServerImpl.java:setRole(184)) - f69cf638-138d-4576-91da-2cd882e57eee@group-CAF408347A58: changes role from  FOLLOWER to FOLLOWER at term 6 for recognizeCandidate:46b9516a-dfd6-4e8f-8939-5a6242357177
2019-10-18 07:03:17,836 [grpc-default-executor-0] INFO  impl.RaftServerImpl (RaftServerImpl.java:setRole(184)) - 93f10d81-f4b6-4237-b2e6-6c2ccf8ca027@group-CAF408347A58: changes role from  FOLLOWER to FOLLOWER at term 6 for recognizeCandidate:46b9516a-dfd6-4e8f-8939-5a6242357177
2019-10-18 07:03:17,836 [grpc-default-executor-2] INFO  impl.RoleInfo (RoleInfo.java:shutdownFollowerState(121)) - f69cf638-138d-4576-91da-2cd882e57eee: shutdown FollowerState
2019-10-18 07:03:17,836 [grpc-default-executor-0] INFO  impl.RoleInfo (RoleInfo.java:shutdownFollowerState(121)) - 93f10d81-f4b6-4237-b2e6-6c2ccf8ca027: shutdown FollowerState
2019-10-18 07:03:17,836 [grpc-default-executor-2] INFO  impl.RoleInfo (RoleInfo.java:updateAndGet(143)) - f69cf638-138d-4576-91da-2cd882e57eee: start FollowerState
2019-10-18 07:03:17,836 [Thread-583] INFO  impl.FollowerState (FollowerState.java:run(117)) - f69cf638-138d-4576-91da-2cd882e57eee@group-CAF408347A58-FollowerState was interrupted: java.lang.InterruptedException: sleep interrupted
2019-10-18 07:03:17,837 [Thread-582] INFO  impl.FollowerState (FollowerState.java:run(117)) - 93f10d81-f4b6-4237-b2e6-6c2ccf8ca027@group-CAF408347A58-FollowerState was interrupted: java.lang.InterruptedException: sleep interrupted
2019-10-18 07:03:17,837 [grpc-default-executor-0] INFO  impl.RoleInfo (RoleInfo.java:updateAndGet(143)) - 93f10d81-f4b6-4237-b2e6-6c2ccf8ca027: start FollowerState
2019-10-18 07:03:17,857 [46b9516a-dfd6-4e8f-8939-5a6242357177@group-CAF408347A58-LeaderElection10] INFO  impl.LeaderElection (LeaderElection.java:logAndReturn(56)) - 46b9516a-dfd6-4e8f-8939-5a6242357177@group-CAF408347A58-LeaderElection10: Election TIMEOUT; received 0 response(s) [] and 0 exception(s); 46b9516a-dfd6-4e8f-8939-5a6242357177@group-CAF408347A58:t6, leader=null, voted=46b9516a-dfd6-4e8f-8939-5a6242357177, raftlog=46b9516a-dfd6-4e8f-8939-5a6242357177@group-CAF408347A58-SegmentedRaftLog:OPENED:c3,f4,i4, conf=0: [f69cf638-138d-4576-91da-2cd882e57eee:192.168.34.25:40171, 46b9516a-dfd6-4e8f-8939-5a6242357177:192.168.34.25:42762, 93f10d81-f4b6-4237-b2e6-6c2ccf8ca027:192.168.34.25:43753], old=null
2019-10-18 07:03:17,881 [46b9516a-dfd6-4e8f-8939-5a6242357177@group-CAF408347A58-LeaderElection10] INFO  impl.LeaderElection (LeaderElection.java:askForVotes(178)) - 46b9516a-dfd6-4e8f-8939-5a6242357177@group-CAF408347A58-LeaderElection10: begin an election at term 7 for 0: [f69cf638-138d-4576-91da-2cd882e57eee:192.168.34.25:40171, 46b9516a-dfd6-4e8f-8939-5a6242357177:192.168.34.25:42762, 93f10d81-f4b6-4237-b2e6-6c2ccf8ca027:192.168.34.25:43753], old=null
2019-10-18 07:03:17,885 [grpc-default-executor-2] INFO  impl.RaftServerImpl (RaftServerImpl.java:setRole(184)) - f69cf638-138d-4576-91da-2cd882e57eee@group-CAF408347A58: changes role from  FOLLOWER to FOLLOWER at term 7 for recognizeCandidate:46b9516a-dfd6-4e8f-8939-5a6242357177
2019-10-18 07:03:17,886 [grpc-default-executor-2] INFO  impl.RoleInfo (RoleInfo.java:shutdownFollowerState(121)) - f69cf638-138d-4576-91da-2cd882e57eee: shutdown FollowerState
2019-10-18 07:03:17,886 [grpc-default-executor-0] INFO  impl.RaftServerImpl (RaftServerImpl.java:setRole(184)) - 93f10d81-f4b6-4237-b2e6-6c2ccf8ca027@group-CAF408347A58: changes role from  FOLLOWER to FOLLOWER at term 7 for recognizeCandidate:46b9516a-dfd6-4e8f-8939-5a6242357177
2019-10-18 07:03:17,886 [Thread-588] INFO  impl.FollowerState (FollowerState.java:run(117)) - f69cf638-138d-4576-91da-2cd882e57eee@group-CAF408347A58-FollowerState was interrupted: java.lang.InterruptedException: sleep interrupted
2019-10-18 07:03:17,886 [grpc-default-executor-2] INFO  impl.RoleInfo (RoleInfo.java:updateAndGet(143)) - f69cf638-138d-4576-91da-2cd882e57eee: start FollowerState
2019-10-18 07:03:17,886 [grpc-default-executor-0] INFO  impl.RoleInfo (RoleInfo.java:shutdownFollowerState(121)) - 93f10d81-f4b6-4237-b2e6-6c2ccf8ca027: shutdown FollowerState
2019-10-18 07:03:17,887 [grpc-default-executor-0] INFO  impl.RoleInfo (RoleInfo.java:updateAndGet(143)) - 93f10d81-f4b6-4237-b2e6-6c2ccf8ca027: start FollowerState
2019-10-18 07:03:17,887 [Thread-589] INFO  impl.FollowerState (FollowerState.java:run(117)) - 93f10d81-f4b6-4237-b2e6-6c2ccf8ca027@group-CAF408347A58-FollowerState was interrupted: java.lang.InterruptedException: sleep interrupted
2019-10-18 07:03:17,916 [46b9516a-dfd6-4e8f-8939-5a6242357177@group-CAF408347A58-LeaderElection10] INFO  impl.LeaderElection (LeaderElection.java:logAndReturn(56)) - 46b9516a-dfd6-4e8f-8939-5a6242357177@group-CAF408347A58-LeaderElection10: Election REJECTED; received 2 response(s) [46b9516a-dfd6-4e8f-8939-5a6242357177<-f69cf638-138d-4576-91da-2cd882e57eee#0:FAIL-t7, 46b9516a-dfd6-4e8f-8939-5a6242357177<-93f10d81-f4b6-4237-b2e6-6c2ccf8ca027#0:FAIL-t7] and 0 exception(s); 46b9516a-dfd6-4e8f-8939-5a6242357177@group-CAF408347A58:t7, leader=null, voted=46b9516a-dfd6-4e8f-8939-5a6242357177, raftlog=46b9516a-dfd6-4e8f-8939-5a6242357177@group-CAF408347A58-SegmentedRaftLog:OPENED:c3,f4,i4, conf=0: [f69cf638-138d-4576-91da-2cd882e57eee:192.168.34.25:40171, 46b9516a-dfd6-4e8f-8939-5a6242357177:192.168.34.25:42762, 93f10d81-f4b6-4237-b2e6-6c2ccf8ca027:192.168.34.25:43753], old=null
2019-10-18 07:03:17,917 [46b9516a-dfd6-4e8f-8939-5a6242357177@group-CAF408347A58-LeaderElection10] INFO  impl.RaftServerImpl (RaftServerImpl.java:setRole(184)) - 46b9516a-dfd6-4e8f-8939-5a6242357177@group-CAF408347A58: changes role from CANDIDATE to FOLLOWER at term 7 for DISCOVERED_A_NEW_TERM
2019-10-18 07:03:17,918 [46b9516a-dfd6-4e8f-8939-5a6242357177@group-CAF408347A58-LeaderElection10] INFO  impl.RoleInfo (RoleInfo.java:shutdownLeaderElection(134)) - 46b9516a-dfd6-4e8f-8939-5a6242357177: shutdown LeaderElection
2019-10-18 07:03:17,918 [46b9516a-dfd6-4e8f-8939-5a6242357177@group-CAF408347A58-LeaderElection10] INFO  impl.RoleInfo (RoleInfo.java:updateAndGet(143)) - 46b9516a-dfd6-4e8f-8939-5a6242357177: start FollowerState
2019-10-18 07:03:17,994 [Thread-594] INFO  impl.FollowerState (FollowerState.java:run(108)) - 46b9516a-dfd6-4e8f-8939-5a6242357177@group-CAF408347A58-FollowerState: change to CANDIDATE, lastRpcTime:76ms, electionTimeout:75ms
2019-10-18 07:03:17,996 [Thread-594] INFO  impl.RoleInfo (RoleInfo.java:shutdownFollowerState(121)) - 46b9516a-dfd6-4e8f-8939-5a6242357177: shutdown FollowerState
2019-10-18 07:03:17,996 [Thread-594] INFO  impl.RaftServerImpl (RaftServerImpl.java:setRole(184)) - 46b9516a-dfd6-4e8f-8939-5a6242357177@group-CAF408347A58: changes role from  FOLLOWER to CANDIDATE at term 7 for changeToCandidate
2019-10-18 07:03:17,996 [Thread-594] INFO  impl.RoleInfo (RoleInfo.java:updateAndGet(143)) - 46b9516a-dfd6-4e8f-8939-5a6242357177: start LeaderElection
2019-10-18 07:03:18,024 [46b9516a-dfd6-4e8f-8939-5a6242357177@group-CAF408347A58-LeaderElection11] INFO  impl.LeaderElection (LeaderElection.java:askForVotes(178)) - 46b9516a-dfd6-4e8f-8939-5a6242357177@group-CAF408347A58-LeaderElection11: begin an election at term 8 for 0: [f69cf638-138d-4576-91da-2cd882e57eee:192.168.34.25:40171, 46b9516a-dfd6-4e8f-8939-5a6242357177:192.168.34.25:42762, 93f10d81-f4b6-4237-b2e6-6c2ccf8ca027:192.168.34.25:43753], old=null
2019-10-18 07:03:18,029 [grpc-default-executor-2] INFO  impl.RaftServerImpl (RaftServerImpl.java:setRole(184)) - 93f10d81-f4b6-4237-b2e6-6c2ccf8ca027@group-CAF408347A58: changes role from  FOLLOWER to FOLLOWER at term 8 for recognizeCandidate:46b9516a-dfd6-4e8f-8939-5a6242357177
2019-10-18 07:03:18,029 [grpc-default-executor-0] INFO  impl.RaftServerImpl (RaftServerImpl.java:setRole(184)) - f69cf638-138d-4576-91da-2cd882e57eee@group-CAF408347A58: changes role from  FOLLOWER to FOLLOWER at term 8 for recognizeCandidate:46b9516a-dfd6-4e8f-8939-5a6242357177
2019-10-18 07:03:18,029 [grpc-default-executor-2] INFO  impl.RoleInfo (RoleInfo.java:shutdownFollowerState(121)) - 93f10d81-f4b6-4237-b2e6-6c2ccf8ca027: shutdown FollowerState
2019-10-18 07:03:18,029 [grpc-default-executor-0] INFO  impl.RoleInfo (RoleInfo.java:shutdownFollowerState(121)) - f69cf638-138d-4576-91da-2cd882e57eee: shutdown FollowerState
2019-10-18 07:03:18,029 [Thread-593] INFO  impl.FollowerState (FollowerState.java:run(117)) - 93f10d81-f4b6-4237-b2e6-6c2ccf8ca027@group-CAF408347A58-FollowerState was interrupted: java.lang.InterruptedException: sleep interrupted
2019-10-18 07:03:18,029 [Thread-592] INFO  impl.FollowerState (FollowerState.java:run(117)) - f69cf638-138d-4576-91da-2cd882e57eee@group-CAF408347A58-FollowerState was interrupted: java.lang.InterruptedException: sleep interrupted
2019-10-18 07:03:18,029 [grpc-default-executor-0] INFO  impl.RoleInfo (RoleInfo.java:updateAndGet(143)) - f69cf638-138d-4576-91da-2cd882e57eee: start FollowerState
2019-10-18 07:03:18,029 [grpc-default-executor-2] INFO  impl.RoleInfo (RoleInfo.java:updateAndGet(143)) - 93f10d81-f4b6-4237-b2e6-6c2ccf8ca027: start FollowerState
2019-10-18 07:03:18,059 [46b9516a-dfd6-4e8f-8939-5a6242357177@group-CAF408347A58-LeaderElection11] INFO  impl.LeaderElection (LeaderElection.java:logAndReturn(56)) - 46b9516a-dfd6-4e8f-8939-5a6242357177@group-CAF408347A58-LeaderElection11: Election REJECTED; received 2 response(s) [46b9516a-dfd6-4e8f-8939-5a6242357177<-f69cf638-138d-4576-91da-2cd882e57eee#0:FAIL-t8, 46b9516a-dfd6-4e8f-8939-5a6242357177<-93f10d81-f4b6-4237-b2e6-6c2ccf8ca027#0:FAIL-t8] and 0 exception(s); 46b9516a-dfd6-4e8f-8939-5a6242357177@group-CAF408347A58:t8, leader=null, voted=46b9516a-dfd6-4e8f-8939-5a6242357177, raftlog=46b9516a-dfd6-4e8f-8939-5a6242357177@group-CAF408347A58-SegmentedRaftLog:OPENED:c3,f4,i4, conf=0: [f69cf638-138d-4576-91da-2cd882e57eee:192.168.34.25:40171, 46b9516a-dfd6-4e8f-8939-5a6242357177:192.168.34.25:42762, 93f10d81-f4b6-4237-b2e6-6c2ccf8ca027:192.168.34.25:43753], old=null
2019-10-18 07:03:18,060 [46b9516a-dfd6-4e8f-8939-5a6242357177@group-CAF408347A58-LeaderElection11] INFO  impl.RaftServerImpl (RaftServerImpl.java:setRole(184)) - 46b9516a-dfd6-4e8f-8939-5a6242357177@group-CAF408347A58: changes role from CANDIDATE to FOLLOWER at term 8 for DISCOVERED_A_NEW_TERM
2019-10-18 07:03:18,061 [46b9516a-dfd6-4e8f-8939-5a6242357177@group-CAF408347A58-LeaderElection11] INFO  impl.RoleInfo (RoleInfo.java:shutdownLeaderElection(134)) - 46b9516a-dfd6-4e8f-8939-5a6242357177: shutdown LeaderElection
2019-10-18 07:03:18,061 [46b9516a-dfd6-4e8f-8939-5a6242357177@group-CAF408347A58-LeaderElection11] INFO  impl.RoleInfo (RoleInfo.java:updateAndGet(143)) - 46b9516a-dfd6-4e8f-8939-5a6242357177: start FollowerState
2019-10-18 07:03:18,110 [BlockDeletingService#2] WARN  background.BlockDeletingService (BlockDeletingService.java:isDeletionAllowed(187)) - Close Container log Index 6 is not replicated across allthe servers in the pipeline fe68d6de-2f7f-4088-a26e-caf408347a58 as the min replicated index is 4. Deletion is not allowed in this container yet.
2019-10-18 07:03:18,110 [BlockDeletingService#2] WARN  background.BlockDeletingService (BlockDeletingService.java:isDeletionAllowed(187)) - Close Container log Index 6 is not replicated across allthe servers in the pipeline fe68d6de-2f7f-4088-a26e-caf408347a58 as the min replicated index is 4. Deletion is not allowed in this container yet.
2019-10-18 07:03:18,145 [Thread-600] INFO  impl.FollowerState (FollowerState.java:run(108)) - 46b9516a-dfd6-4e8f-8939-5a6242357177@group-CAF408347A58-FollowerState: change to CANDIDATE, lastRpcTime:83ms, electionTimeout:82ms
2019-10-18 07:03:18,145 [Thread-600] INFO  impl.RoleInfo (RoleInfo.java:shutdownFollowerState(121)) - 46b9516a-dfd6-4e8f-8939-5a6242357177: shutdown FollowerState
2019-10-18 07:03:18,145 [Thread-600] INFO  impl.RaftServerImpl (RaftServerImpl.java:setRole(184)) - 46b9516a-dfd6-4e8f-8939-5a6242357177@group-CAF408347A58: changes role from  FOLLOWER to CANDIDATE at term 8 for changeToCandidate
2019-10-18 07:03:18,145 [Thread-600] INFO  impl.RoleInfo (RoleInfo.java:updateAndGet(143)) - 46b9516a-dfd6-4e8f-8939-5a6242357177: start LeaderElection
2019-10-18 07:03:18,168 [46b9516a-dfd6-4e8f-8939-5a6242357177@group-CAF408347A58-LeaderElection12] INFO  impl.LeaderElection (LeaderElection.java:askForVotes(178)) - 46b9516a-dfd6-4e8f-8939-5a6242357177@group-CAF408347A58-LeaderElection12: begin an election at term 9 for 0: [f69cf638-138d-4576-91da-2cd882e57eee:192.168.34.25:40171, 46b9516a-dfd6-4e8f-8939-5a6242357177:192.168.34.25:42762, 93f10d81-f4b6-4237-b2e6-6c2ccf8ca027:192.168.34.25:43753], old=null
2019-10-18 07:03:18,172 [grpc-default-executor-2] INFO  impl.RaftServerImpl (RaftServerImpl.java:setRole(184)) - f69cf638-138d-4576-91da-2cd882e57eee@group-CAF408347A58: changes role from  FOLLOWER to FOLLOWER at term 9 for recognizeCandidate:46b9516a-dfd6-4e8f-8939-5a6242357177
2019-10-18 07:03:18,172 [grpc-default-executor-0] INFO  impl.RaftServerImpl (RaftServerImpl.java:setRole(184)) - 93f10d81-f4b6-4237-b2e6-6c2ccf8ca027@group-CAF408347A58: changes role from  FOLLOWER to FOLLOWER at term 9 for recognizeCandidate:46b9516a-dfd6-4e8f-8939-5a6242357177
2019-10-18 07:03:18,172 [grpc-default-executor-2] INFO  impl.RoleInfo (RoleInfo.java:shutdownFollowerState(121)) - f69cf638-138d-4576-91da-2cd882e57eee: shutdown FollowerState
2019-10-18 07:03:18,173 [grpc-default-executor-0] INFO  impl.RoleInfo (RoleInfo.java:shutdownFollowerState(121)) - 93f10d81-f4b6-4237-b2e6-6c2ccf8ca027: shutdown FollowerState
2019-10-18 07:03:18,173 [grpc-default-executor-2] INFO  impl.RoleInfo (RoleInfo.java:updateAndGet(143)) - f69cf638-138d-4576-91da-2cd882e57eee: start FollowerState
2019-10-18 07:03:18,173 [Thread-599] INFO  impl.FollowerState (FollowerState.java:run(117)) - f69cf638-138d-4576-91da-2cd882e57eee@group-CAF408347A58-FollowerState was interrupted: java.lang.InterruptedException: sleep interrupted
2019-10-18 07:03:18,173 [Thread-598] INFO  impl.FollowerState (FollowerState.java:run(117)) - 93f10d81-f4b6-4237-b2e6-6c2ccf8ca027@group-CAF408347A58-FollowerState was interrupted: java.lang.InterruptedException: sleep interrupted
2019-10-18 07:03:18,173 [grpc-default-executor-0] INFO  impl.RoleInfo (RoleInfo.java:updateAndGet(143)) - 93f10d81-f4b6-4237-b2e6-6c2ccf8ca027: start FollowerState
2019-10-18 07:03:18,203 [46b9516a-dfd6-4e8f-8939-5a6242357177@group-CAF408347A58-LeaderElection12] INFO  impl.LeaderElection (LeaderElection.java:logAndReturn(56)) - 46b9516a-dfd6-4e8f-8939-5a6242357177@group-CAF408347A58-LeaderElection12: Election REJECTED; received 2 response(s) [46b9516a-dfd6-4e8f-8939-5a6242357177<-f69cf638-138d-4576-91da-2cd882e57eee#0:FAIL-t9, 46b9516a-dfd6-4e8f-8939-5a6242357177<-93f10d81-f4b6-4237-b2e6-6c2ccf8ca027#0:FAIL-t9] and 0 exception(s); 46b9516a-dfd6-4e8f-8939-5a6242357177@group-CAF408347A58:t9, leader=null, voted=46b9516a-dfd6-4e8f-8939-5a6242357177, raftlog=46b9516a-dfd6-4e8f-8939-5a6242357177@group-CAF408347A58-SegmentedRaftLog:OPENED:c3,f4,i4, conf=0: [f69cf638-138d-4576-91da-2cd882e57eee:192.168.34.25:40171, 46b9516a-dfd6-4e8f-8939-5a6242357177:192.168.34.25:42762, 93f10d81-f4b6-4237-b2e6-6c2ccf8ca027:192.168.34.25:43753], old=null
2019-10-18 07:03:18,203 [46b9516a-dfd6-4e8f-8939-5a6242357177@group-CAF408347A58-LeaderElection12] INFO  impl.RaftServerImpl (RaftServerImpl.java:setRole(184)) - 46b9516a-dfd6-4e8f-8939-5a6242357177@group-CAF408347A58: changes role from CANDIDATE to FOLLOWER at term 9 for DISCOVERED_A_NEW_TERM
2019-10-18 07:03:18,204 [46b9516a-dfd6-4e8f-8939-5a6242357177@group-CAF408347A58-LeaderElection12] INFO  impl.RoleInfo (RoleInfo.java:shutdownLeaderElection(134)) - 46b9516a-dfd6-4e8f-8939-5a6242357177: shutdown LeaderElection
2019-10-18 07:03:18,204 [46b9516a-dfd6-4e8f-8939-5a6242357177@group-CAF408347A58-LeaderElection12] INFO  impl.RoleInfo (RoleInfo.java:updateAndGet(143)) - 46b9516a-dfd6-4e8f-8939-5a6242357177: start FollowerState
2019-10-18 07:03:18,244 [Thread-611] INFO  client.GrpcClientProtocolService (GrpcClientProtocolService.java:lambda$processClientRequest$0(278)) - Failed RaftClientRequest:client-79AC2A5FBE9C->46b9516a-dfd6-4e8f-8939-5a6242357177@group-CAF408347A58, cid=10, seq=0, Watch-ALL_COMMITTED(6), Message:<EMPTY>, reply=RaftClientReply:client-79AC2A5FBE9C->46b9516a-dfd6-4e8f-8939-5a6242357177@group-CAF408347A58, cid=10, FAILED org.apache.ratis.protocol.NotLeaderException: Server 46b9516a-dfd6-4e8f-8939-5a6242357177@group-CAF408347A58 is not the leader, logIndex=0, commits[46b9516a-dfd6-4e8f-8939-5a6242357177:c3]
2019-10-18 07:03:18,274 [pool-7-thread-1] INFO  commands.RetriableDatanodeEventWatcher (RetriableDatanodeEventWatcher.java:onTimeout(47)) - RetriableDatanodeCommand type=deleteBlocksCommand with id=1571382194274 timed out. Retrying.
2019-10-18 07:03:18,275 [pool-7-thread-3] INFO  commands.RetriableDatanodeEventWatcher (RetriableDatanodeEventWatcher.java:onTimeout(47)) - RetriableDatanodeCommand type=deleteBlocksCommand with id=1571382194275 timed out. Retrying.
2019-10-18 07:03:18,276 [pool-7-thread-1] INFO  commands.RetriableDatanodeEventWatcher (RetriableDatanodeEventWatcher.java:onTimeout(47)) - RetriableDatanodeCommand type=deleteBlocksCommand with id=1571382194276 timed out. Retrying.
2019-10-18 07:03:18,276 [pool-7-thread-2] INFO  commands.RetriableDatanodeEventWatcher (RetriableDatanodeEventWatcher.java:onTimeout(47)) - RetriableDatanodeCommand type=deleteBlocksCommand with id=1571382194272 timed out. Retrying.
2019-10-18 07:03:18,277 [SCMBlockDeletingService#0] INFO  block.SCMBlockDeletingService (SCMBlockDeletingService.java:call(184)) - Totally added 1 delete blocks command for 1 datanodes, task elapsed time: 1ms
2019-10-18 07:03:18,402 [Thread-609] INFO  impl.FollowerState (FollowerState.java:run(108)) - 46b9516a-dfd6-4e8f-8939-5a6242357177@group-CAF408347A58-FollowerState: change to CANDIDATE, lastRpcTime:197ms, electionTimeout:196ms
2019-10-18 07:03:18,402 [Thread-609] INFO  impl.RoleInfo (RoleInfo.java:shutdownFollowerState(121)) - 46b9516a-dfd6-4e8f-8939-5a6242357177: shutdown FollowerState
2019-10-18 07:03:18,402 [Thread-609] INFO  impl.RaftServerImpl (RaftServerImpl.java:setRole(184)) - 46b9516a-dfd6-4e8f-8939-5a6242357177@group-CAF408347A58: changes role from  FOLLOWER to CANDIDATE at term 9 for changeToCandidate
2019-10-18 07:03:18,402 [Thread-609] INFO  impl.RoleInfo (RoleInfo.java:updateAndGet(143)) - 46b9516a-dfd6-4e8f-8939-5a6242357177: start LeaderElection
2019-10-18 07:03:18,429 [46b9516a-dfd6-4e8f-8939-5a6242357177@group-CAF408347A58-LeaderElection13] INFO  impl.LeaderElection (LeaderElection.java:askForVotes(178)) - 46b9516a-dfd6-4e8f-8939-5a6242357177@group-CAF408347A58-LeaderElection13: begin an election at term 10 for 0: [f69cf638-138d-4576-91da-2cd882e57eee:192.168.34.25:40171, 46b9516a-dfd6-4e8f-8939-5a6242357177:192.168.34.25:42762, 93f10d81-f4b6-4237-b2e6-6c2ccf8ca027:192.168.34.25:43753], old=null
2019-10-18 07:03:18,434 [grpc-default-executor-0] INFO  impl.RaftServerImpl (RaftServerImpl.java:setRole(184)) - 93f10d81-f4b6-4237-b2e6-6c2ccf8ca027@group-CAF408347A58: changes role from  FOLLOWER to FOLLOWER at term 10 for recognizeCandidate:46b9516a-dfd6-4e8f-8939-5a6242357177
2019-10-18 07:03:18,434 [grpc-default-executor-0] INFO  impl.RoleInfo (RoleInfo.java:shutdownFollowerState(121)) - 93f10d81-f4b6-4237-b2e6-6c2ccf8ca027: shutdown FollowerState
2019-10-18 07:03:18,434 [grpc-default-executor-2] INFO  impl.RaftServerImpl (RaftServerImpl.java:setRole(184)) - f69cf638-138d-4576-91da-2cd882e57eee@group-CAF408347A58: changes role from  FOLLOWER to FOLLOWER at term 10 for recognizeCandidate:46b9516a-dfd6-4e8f-8939-5a6242357177
2019-10-18 07:03:18,434 [Thread-608] INFO  impl.FollowerState (FollowerState.java:run(117)) - 93f10d81-f4b6-4237-b2e6-6c2ccf8ca027@group-CAF408347A58-FollowerState was interrupted: java.lang.InterruptedException: sleep interrupted
2019-10-18 07:03:18,434 [grpc-default-executor-0] INFO  impl.RoleInfo (RoleInfo.java:updateAndGet(143)) - 93f10d81-f4b6-4237-b2e6-6c2ccf8ca027: start FollowerState
2019-10-18 07:03:18,434 [grpc-default-executor-2] INFO  impl.RoleInfo (RoleInfo.java:shutdownFollowerState(121)) - f69cf638-138d-4576-91da-2cd882e57eee: shutdown FollowerState
2019-10-18 07:03:18,435 [grpc-default-executor-2] INFO  impl.RoleInfo (RoleInfo.java:updateAndGet(143)) - f69cf638-138d-4576-91da-2cd882e57eee: start FollowerState
2019-10-18 07:03:18,435 [Thread-607] INFO  impl.FollowerState (FollowerState.java:run(117)) - f69cf638-138d-4576-91da-2cd882e57eee@group-CAF408347A58-FollowerState was interrupted: java.lang.InterruptedException: sleep interrupted
2019-10-18 07:03:18,445 [46b9516a-dfd6-4e8f-8939-5a6242357177@group-CAF408347A58-LeaderElection13] INFO  impl.LeaderElection (LeaderElection.java:logAndReturn(56)) - 46b9516a-dfd6-4e8f-8939-5a6242357177@group-CAF408347A58-LeaderElection13: Election TIMEOUT; received 0 response(s) [] and 0 exception(s); 46b9516a-dfd6-4e8f-8939-5a6242357177@group-CAF408347A58:t10, leader=null, voted=46b9516a-dfd6-4e8f-8939-5a6242357177, raftlog=46b9516a-dfd6-4e8f-8939-5a6242357177@group-CAF408347A58-SegmentedRaftLog:OPENED:c3,f4,i4, conf=0: [f69cf638-138d-4576-91da-2cd882e57eee:192.168.34.25:40171, 46b9516a-dfd6-4e8f-8939-5a6242357177:192.168.34.25:42762, 93f10d81-f4b6-4237-b2e6-6c2ccf8ca027:192.168.34.25:43753], old=null
2019-10-18 07:03:18,462 [46b9516a-dfd6-4e8f-8939-5a6242357177@group-CAF408347A58-LeaderElection13] INFO  impl.LeaderElection (LeaderElection.java:askForVotes(178)) - 46b9516a-dfd6-4e8f-8939-5a6242357177@group-CAF408347A58-LeaderElection13: begin an election at term 11 for 0: [f69cf638-138d-4576-91da-2cd882e57eee:192.168.34.25:40171, 46b9516a-dfd6-4e8f-8939-5a6242357177:192.168.34.25:42762, 93f10d81-f4b6-4237-b2e6-6c2ccf8ca027:192.168.34.25:43753], old=null
2019-10-18 07:03:18,470 [grpc-default-executor-0] INFO  impl.RaftServerImpl (RaftServerImpl.java:setRole(184)) - f69cf638-138d-4576-91da-2cd882e57eee@group-CAF408347A58: changes role from  FOLLOWER to FOLLOWER at term 11 for recognizeCandidate:46b9516a-dfd6-4e8f-8939-5a6242357177
2019-10-18 07:03:18,473 [grpc-default-executor-0] INFO  impl.RoleInfo (RoleInfo.java:shutdownFollowerState(121)) - f69cf638-138d-4576-91da-2cd882e57eee: shutdown FollowerState
2019-10-18 07:03:18,473 [grpc-default-executor-0] INFO  impl.RoleInfo (RoleInfo.java:updateAndGet(143)) - f69cf638-138d-4576-91da-2cd882e57eee: start FollowerState
2019-10-18 07:03:18,473 [grpc-default-executor-2] INFO  impl.RaftServerImpl (RaftServerImpl.java:setRole(184)) - 93f10d81-f4b6-4237-b2e6-6c2ccf8ca027@group-CAF408347A58: changes role from  FOLLOWER to FOLLOWER at term 11 for recognizeCandidate:46b9516a-dfd6-4e8f-8939-5a6242357177
2019-10-18 07:03:18,473 [grpc-default-executor-2] INFO  impl.RoleInfo (RoleInfo.java:shutdownFollowerState(121)) - 93f10d81-f4b6-4237-b2e6-6c2ccf8ca027: shutdown FollowerState
2019-10-18 07:03:18,473 [Thread-617] INFO  impl.FollowerState (FollowerState.java:run(117)) - f69cf638-138d-4576-91da-2cd882e57eee@group-CAF408347A58-FollowerState was interrupted: java.lang.InterruptedException: sleep interrupted
2019-10-18 07:03:18,473 [grpc-default-executor-2] INFO  impl.RoleInfo (RoleInfo.java:updateAndGet(143)) - 93f10d81-f4b6-4237-b2e6-6c2ccf8ca027: start FollowerState
2019-10-18 07:03:18,473 [Thread-616] INFO  impl.FollowerState (FollowerState.java:run(117)) - 93f10d81-f4b6-4237-b2e6-6c2ccf8ca027@group-CAF408347A58-FollowerState was interrupted: java.lang.InterruptedException: sleep interrupted
2019-10-18 07:03:18,497 [46b9516a-dfd6-4e8f-8939-5a6242357177@group-CAF408347A58-LeaderElection13] INFO  impl.LeaderElection (LeaderElection.java:logAndReturn(56)) - 46b9516a-dfd6-4e8f-8939-5a6242357177@group-CAF408347A58-LeaderElection13: Election REJECTED; received 2 response(s) [46b9516a-dfd6-4e8f-8939-5a6242357177<-f69cf638-138d-4576-91da-2cd882e57eee#0:FAIL-t11, 46b9516a-dfd6-4e8f-8939-5a6242357177<-93f10d81-f4b6-4237-b2e6-6c2ccf8ca027#0:FAIL-t11] and 0 exception(s); 46b9516a-dfd6-4e8f-8939-5a6242357177@group-CAF408347A58:t11, leader=null, voted=46b9516a-dfd6-4e8f-8939-5a6242357177, raftlog=46b9516a-dfd6-4e8f-8939-5a6242357177@group-CAF408347A58-SegmentedRaftLog:OPENED:c3,f4,i4, conf=0: [f69cf638-138d-4576-91da-2cd882e57eee:192.168.34.25:40171, 46b9516a-dfd6-4e8f-8939-5a6242357177:192.168.34.25:42762, 93f10d81-f4b6-4237-b2e6-6c2ccf8ca027:192.168.34.25:43753], old=null
2019-10-18 07:03:18,498 [46b9516a-dfd6-4e8f-8939-5a6242357177@group-CAF408347A58-LeaderElection13] INFO  impl.RaftServerImpl (RaftServerImpl.java:setRole(184)) - 46b9516a-dfd6-4e8f-8939-5a6242357177@group-CAF408347A58: changes role from CANDIDATE to FOLLOWER at term 11 for DISCOVERED_A_NEW_TERM
2019-10-18 07:03:18,498 [46b9516a-dfd6-4e8f-8939-5a6242357177@group-CAF408347A58-LeaderElection13] INFO  impl.RoleInfo (RoleInfo.java:shutdownLeaderElection(134)) - 46b9516a-dfd6-4e8f-8939-5a6242357177: shutdown LeaderElection
2019-10-18 07:03:18,498 [46b9516a-dfd6-4e8f-8939-5a6242357177@group-CAF408347A58-LeaderElection13] INFO  impl.RoleInfo (RoleInfo.java:updateAndGet(143)) - 46b9516a-dfd6-4e8f-8939-5a6242357177: start FollowerState
2019-10-18 07:03:18,591 [Thread-622] INFO  impl.FollowerState (FollowerState.java:run(108)) - 46b9516a-dfd6-4e8f-8939-5a6242357177@group-CAF408347A58-FollowerState: change to CANDIDATE, lastRpcTime:92ms, electionTimeout:92ms
2019-10-18 07:03:18,592 [Thread-622] INFO  impl.RoleInfo (RoleInfo.java:shutdownFollowerState(121)) - 46b9516a-dfd6-4e8f-8939-5a6242357177: shutdown FollowerState
2019-10-18 07:03:18,592 [Thread-622] INFO  impl.RaftServerImpl (RaftServerImpl.java:setRole(184)) - 46b9516a-dfd6-4e8f-8939-5a6242357177@group-CAF408347A58: changes role from  FOLLOWER to CANDIDATE at term 11 for changeToCandidate
2019-10-18 07:03:18,592 [Thread-622] INFO  impl.RoleInfo (RoleInfo.java:updateAndGet(143)) - 46b9516a-dfd6-4e8f-8939-5a6242357177: start LeaderElection
2019-10-18 07:03:18,616 [46b9516a-dfd6-4e8f-8939-5a6242357177@group-CAF408347A58-LeaderElection14] INFO  impl.LeaderElection (LeaderElection.java:askForVotes(178)) - 46b9516a-dfd6-4e8f-8939-5a6242357177@group-CAF408347A58-LeaderElection14: begin an election at term 12 for 0: [f69cf638-138d-4576-91da-2cd882e57eee:192.168.34.25:40171, 46b9516a-dfd6-4e8f-8939-5a6242357177:192.168.34.25:42762, 93f10d81-f4b6-4237-b2e6-6c2ccf8ca027:192.168.34.25:43753], old=null
2019-10-18 07:03:18,619 [grpc-default-executor-0] INFO  impl.RaftServerImpl (RaftServerImpl.java:setRole(184)) - f69cf638-138d-4576-91da-2cd882e57eee@group-CAF408347A58: changes role from  FOLLOWER to FOLLOWER at term 12 for recognizeCandidate:46b9516a-dfd6-4e8f-8939-5a6242357177
2019-10-18 07:03:18,622 [grpc-default-executor-0] INFO  impl.RoleInfo (RoleInfo.java:shutdownFollowerState(121)) - f69cf638-138d-4576-91da-2cd882e57eee: shutdown FollowerState
2019-10-18 07:03:18,622 [grpc-default-executor-2] INFO  impl.RaftServerImpl (RaftServerImpl.java:setRole(184)) - 93f10d81-f4b6-4237-b2e6-6c2ccf8ca027@group-CAF408347A58: changes role from  FOLLOWER to FOLLOWER at term 12 for recognizeCandidate:46b9516a-dfd6-4e8f-8939-5a6242357177
2019-10-18 07:03:18,623 [Thread-620] INFO  impl.FollowerState (FollowerState.java:run(117)) - f69cf638-138d-4576-91da-2cd882e57eee@group-CAF408347A58-FollowerState was interrupted: java.lang.InterruptedException: sleep interrupted
2019-10-18 07:03:18,622 [grpc-default-executor-0] INFO  impl.RoleInfo (RoleInfo.java:updateAndGet(143)) - f69cf638-138d-4576-91da-2cd882e57eee: start FollowerState
2019-10-18 07:03:18,623 [grpc-default-executor-2] INFO  impl.RoleInfo (RoleInfo.java:shutdownFollowerState(121)) - 93f10d81-f4b6-4237-b2e6-6c2ccf8ca027: shutdown FollowerState
2019-10-18 07:03:18,624 [Thread-621] INFO  impl.FollowerState (FollowerState.java:run(117)) - 93f10d81-f4b6-4237-b2e6-6c2ccf8ca027@group-CAF408347A58-FollowerState was interrupted: java.lang.InterruptedException: sleep interrupted
2019-10-18 07:03:18,624 [grpc-default-executor-2] INFO  impl.RoleInfo (RoleInfo.java:updateAndGet(143)) - 93f10d81-f4b6-4237-b2e6-6c2ccf8ca027: start FollowerState
2019-10-18 07:03:18,643 [46b9516a-dfd6-4e8f-8939-5a6242357177@group-CAF408347A58-LeaderElection14] INFO  impl.LeaderElection (LeaderElection.java:logAndReturn(56)) - 46b9516a-dfd6-4e8f-8939-5a6242357177@group-CAF408347A58-LeaderElection14: Election TIMEOUT; received 0 response(s) [] and 0 exception(s); 46b9516a-dfd6-4e8f-8939-5a6242357177@group-CAF408347A58:t12, leader=null, voted=46b9516a-dfd6-4e8f-8939-5a6242357177, raftlog=46b9516a-dfd6-4e8f-8939-5a6242357177@group-CAF408347A58-SegmentedRaftLog:OPENED:c3,f4,i4, conf=0: [f69cf638-138d-4576-91da-2cd882e57eee:192.168.34.25:40171, 46b9516a-dfd6-4e8f-8939-5a6242357177:192.168.34.25:42762, 93f10d81-f4b6-4237-b2e6-6c2ccf8ca027:192.168.34.25:43753], old=null
2019-10-18 07:03:18,666 [46b9516a-dfd6-4e8f-8939-5a6242357177@group-CAF408347A58-LeaderElection14] INFO  impl.LeaderElection (LeaderElection.java:askForVotes(178)) - 46b9516a-dfd6-4e8f-8939-5a6242357177@group-CAF408347A58-LeaderElection14: begin an election at term 13 for 0: [f69cf638-138d-4576-91da-2cd882e57eee:192.168.34.25:40171, 46b9516a-dfd6-4e8f-8939-5a6242357177:192.168.34.25:42762, 93f10d81-f4b6-4237-b2e6-6c2ccf8ca027:192.168.34.25:43753], old=null
2019-10-18 07:03:18,669 [grpc-default-executor-0] INFO  impl.RaftServerImpl (RaftServerImpl.java:setRole(184)) - f69cf638-138d-4576-91da-2cd882e57eee@group-CAF408347A58: changes role from  FOLLOWER to FOLLOWER at term 13 for recognizeCandidate:46b9516a-dfd6-4e8f-8939-5a6242357177
2019-10-18 07:03:18,670 [grpc-default-executor-0] INFO  impl.RoleInfo (RoleInfo.java:shutdownFollowerState(121)) - f69cf638-138d-4576-91da-2cd882e57eee: shutdown FollowerState
2019-10-18 07:03:18,669 [grpc-default-executor-2] INFO  impl.RaftServerImpl (RaftServerImpl.java:setRole(184)) - 93f10d81-f4b6-4237-b2e6-6c2ccf8ca027@group-CAF408347A58: changes role from  FOLLOWER to FOLLOWER at term 13 for recognizeCandidate:46b9516a-dfd6-4e8f-8939-5a6242357177
2019-10-18 07:03:18,670 [Thread-626] INFO  impl.FollowerState (FollowerState.java:run(117)) - f69cf638-138d-4576-91da-2cd882e57eee@group-CAF408347A58-FollowerState was interrupted: java.lang.InterruptedException: sleep interrupted
2019-10-18 07:03:18,670 [grpc-default-executor-2] INFO  impl.RoleInfo (RoleInfo.java:shutdownFollowerState(121)) - 93f10d81-f4b6-4237-b2e6-6c2ccf8ca027: shutdown FollowerState
2019-10-18 07:03:18,670 [grpc-default-executor-0] INFO  impl.RoleInfo (RoleInfo.java:updateAndGet(143)) - f69cf638-138d-4576-91da-2cd882e57eee: start FollowerState
2019-10-18 07:03:18,671 [Thread-627] INFO  impl.FollowerState (FollowerState.java:run(117)) - 93f10d81-f4b6-4237-b2e6-6c2ccf8ca027@group-CAF408347A58-FollowerState was interrupted: java.lang.InterruptedException: sleep interrupted
2019-10-18 07:03:18,671 [grpc-default-executor-2] INFO  impl.RoleInfo (RoleInfo.java:updateAndGet(143)) - 93f10d81-f4b6-4237-b2e6-6c2ccf8ca027: start FollowerState
2019-10-18 07:03:18,701 [46b9516a-dfd6-4e8f-8939-5a6242357177@group-CAF408347A58-LeaderElection14] INFO  impl.LeaderElection (LeaderElection.java:logAndReturn(56)) - 46b9516a-dfd6-4e8f-8939-5a6242357177@group-CAF408347A58-LeaderElection14: Election REJECTED; received 2 response(s) [46b9516a-dfd6-4e8f-8939-5a6242357177<-f69cf638-138d-4576-91da-2cd882e57eee#0:FAIL-t13, 46b9516a-dfd6-4e8f-8939-5a6242357177<-93f10d81-f4b6-4237-b2e6-6c2ccf8ca027#0:FAIL-t13] and 0 exception(s); 46b9516a-dfd6-4e8f-8939-5a6242357177@group-CAF408347A58:t13, leader=null, voted=46b9516a-dfd6-4e8f-8939-5a6242357177, raftlog=46b9516a-dfd6-4e8f-8939-5a6242357177@group-CAF408347A58-SegmentedRaftLog:OPENED:c3,f4,i4, conf=0: [f69cf638-138d-4576-91da-2cd882e57eee:192.168.34.25:40171, 46b9516a-dfd6-4e8f-8939-5a6242357177:192.168.34.25:42762, 93f10d81-f4b6-4237-b2e6-6c2ccf8ca027:192.168.34.25:43753], old=null
2019-10-18 07:03:18,701 [46b9516a-dfd6-4e8f-8939-5a6242357177@group-CAF408347A58-LeaderElection14] INFO  impl.RaftServerImpl (RaftServerImpl.java:setRole(184)) - 46b9516a-dfd6-4e8f-8939-5a6242357177@group-CAF408347A58: changes role from CANDIDATE to FOLLOWER at term 13 for DISCOVERED_A_NEW_TERM
2019-10-18 07:03:18,701 [46b9516a-dfd6-4e8f-8939-5a6242357177@group-CAF408347A58-LeaderElection14] INFO  impl.RoleInfo (RoleInfo.java:shutdownLeaderElection(134)) - 46b9516a-dfd6-4e8f-8939-5a6242357177: shutdown LeaderElection
2019-10-18 07:03:18,702 [46b9516a-dfd6-4e8f-8939-5a6242357177@group-CAF408347A58-LeaderElection14] INFO  impl.RoleInfo (RoleInfo.java:updateAndGet(143)) - 46b9516a-dfd6-4e8f-8939-5a6242357177: start FollowerState
2019-10-18 07:03:18,835 [Thread-632] INFO  impl.FollowerState (FollowerState.java:run(108)) - 46b9516a-dfd6-4e8f-8939-5a6242357177@group-CAF408347A58-FollowerState: change to CANDIDATE, lastRpcTime:133ms, electionTimeout:133ms
2019-10-18 07:03:18,836 [Thread-632] INFO  impl.RoleInfo (RoleInfo.java:shutdownFollowerState(121)) - 46b9516a-dfd6-4e8f-8939-5a6242357177: shutdown FollowerState
2019-10-18 07:03:18,836 [Thread-632] INFO  impl.RaftServerImpl (RaftServerImpl.java:setRole(184)) - 46b9516a-dfd6-4e8f-8939-5a6242357177@group-CAF408347A58: changes role from  FOLLOWER to CANDIDATE at term 13 for changeToCandidate
2019-10-18 07:03:18,836 [Thread-632] INFO  impl.RoleInfo (RoleInfo.java:updateAndGet(143)) - 46b9516a-dfd6-4e8f-8939-5a6242357177: start LeaderElection
2019-10-18 07:03:18,869 [46b9516a-dfd6-4e8f-8939-5a6242357177@group-CAF408347A58-LeaderElection15] INFO  impl.LeaderElection (LeaderElection.java:askForVotes(178)) - 46b9516a-dfd6-4e8f-8939-5a6242357177@group-CAF408347A58-LeaderElection15: begin an election at term 14 for 0: [f69cf638-138d-4576-91da-2cd882e57eee:192.168.34.25:40171, 46b9516a-dfd6-4e8f-8939-5a6242357177:192.168.34.25:42762, 93f10d81-f4b6-4237-b2e6-6c2ccf8ca027:192.168.34.25:43753], old=null
2019-10-18 07:03:18,872 [grpc-default-executor-0] INFO  impl.RaftServerImpl (RaftServerImpl.java:setRole(184)) - 93f10d81-f4b6-4237-b2e6-6c2ccf8ca027@group-CAF408347A58: changes role from  FOLLOWER to FOLLOWER at term 14 for recognizeCandidate:46b9516a-dfd6-4e8f-8939-5a6242357177
2019-10-18 07:03:18,872 [grpc-default-executor-2] INFO  impl.RaftServerImpl (RaftServerImpl.java:setRole(184)) - f69cf638-138d-4576-91da-2cd882e57eee@group-CAF408347A58: changes role from  FOLLOWER to FOLLOWER at term 14 for recognizeCandidate:46b9516a-dfd6-4e8f-8939-5a6242357177
2019-10-18 07:03:18,872 [grpc-default-executor-0] INFO  impl.RoleInfo (RoleInfo.java:shutdownFollowerState(121)) - 93f10d81-f4b6-4237-b2e6-6c2ccf8ca027: shutdown FollowerState
2019-10-18 07:03:18,872 [grpc-default-executor-2] INFO  impl.RoleInfo (RoleInfo.java:shutdownFollowerState(121)) - f69cf638-138d-4576-91da-2cd882e57eee: shutdown FollowerState
2019-10-18 07:03:18,872 [Thread-631] INFO  impl.FollowerState (FollowerState.java:run(117)) - 93f10d81-f4b6-4237-b2e6-6c2ccf8ca027@group-CAF408347A58-FollowerState was interrupted: java.lang.InterruptedException: sleep interrupted
2019-10-18 07:03:18,872 [Thread-630] INFO  impl.FollowerState (FollowerState.java:run(117)) - f69cf638-138d-4576-91da-2cd882e57eee@group-CAF408347A58-FollowerState was interrupted: java.lang.InterruptedException: sleep interrupted
2019-10-18 07:03:18,872 [grpc-default-executor-2] INFO  impl.RoleInfo (RoleInfo.java:updateAndGet(143)) - f69cf638-138d-4576-91da-2cd882e57eee: start FollowerState
2019-10-18 07:03:18,872 [grpc-default-executor-0] INFO  impl.RoleInfo (RoleInfo.java:updateAndGet(143)) - 93f10d81-f4b6-4237-b2e6-6c2ccf8ca027: start FollowerState
2019-10-18 07:03:18,896 [46b9516a-dfd6-4e8f-8939-5a6242357177@group-CAF408347A58-LeaderElection15] INFO  impl.LeaderElection (LeaderElection.java:logAndReturn(56)) - 46b9516a-dfd6-4e8f-8939-5a6242357177@group-CAF408347A58-LeaderElection15: Election REJECTED; received 2 response(s) [46b9516a-dfd6-4e8f-8939-5a6242357177<-f69cf638-138d-4576-91da-2cd882e57eee#0:FAIL-t14, 46b9516a-dfd6-4e8f-8939-5a6242357177<-93f10d81-f4b6-4237-b2e6-6c2ccf8ca027#0:FAIL-t14] and 0 exception(s); 46b9516a-dfd6-4e8f-8939-5a6242357177@group-CAF408347A58:t14, leader=null, voted=46b9516a-dfd6-4e8f-8939-5a6242357177, raftlog=46b9516a-dfd6-4e8f-8939-5a6242357177@group-CAF408347A58-SegmentedRaftLog:OPENED:c3,f4,i4, conf=0: [f69cf638-138d-4576-91da-2cd882e57eee:192.168.34.25:40171, 46b9516a-dfd6-4e8f-8939-5a6242357177:192.168.34.25:42762, 93f10d81-f4b6-4237-b2e6-6c2ccf8ca027:192.168.34.25:43753], old=null
2019-10-18 07:03:18,896 [46b9516a-dfd6-4e8f-8939-5a6242357177@group-CAF408347A58-LeaderElection15] INFO  impl.RaftServerImpl (RaftServerImpl.java:setRole(184)) - 46b9516a-dfd6-4e8f-8939-5a6242357177@group-CAF408347A58: changes role from CANDIDATE to FOLLOWER at term 14 for DISCOVERED_A_NEW_TERM
2019-10-18 07:03:18,896 [46b9516a-dfd6-4e8f-8939-5a6242357177@group-CAF408347A58-LeaderElection15] INFO  impl.RoleInfo (RoleInfo.java:shutdownLeaderElection(134)) - 46b9516a-dfd6-4e8f-8939-5a6242357177: shutdown LeaderElection
2019-10-18 07:03:18,896 [46b9516a-dfd6-4e8f-8939-5a6242357177@group-CAF408347A58-LeaderElection15] INFO  impl.RoleInfo (RoleInfo.java:updateAndGet(143)) - 46b9516a-dfd6-4e8f-8939-5a6242357177: start FollowerState
2019-10-18 07:03:19,080 [Thread-638] INFO  impl.FollowerState (FollowerState.java:run(108)) - 46b9516a-dfd6-4e8f-8939-5a6242357177@group-CAF408347A58-FollowerState: change to CANDIDATE, lastRpcTime:183ms, electionTimeout:183ms
2019-10-18 07:03:19,081 [Thread-638] INFO  impl.RoleInfo (RoleInfo.java:shutdownFollowerState(121)) - 46b9516a-dfd6-4e8f-8939-5a6242357177: shutdown FollowerState
2019-10-18 07:03:19,081 [Thread-638] INFO  impl.RaftServerImpl (RaftServerImpl.java:setRole(184)) - 46b9516a-dfd6-4e8f-8939-5a6242357177@group-CAF408347A58: changes role from  FOLLOWER to CANDIDATE at term 14 for changeToCandidate
2019-10-18 07:03:19,081 [Thread-638] INFO  impl.RoleInfo (RoleInfo.java:updateAndGet(143)) - 46b9516a-dfd6-4e8f-8939-5a6242357177: start LeaderElection
2019-10-18 07:03:19,104 [46b9516a-dfd6-4e8f-8939-5a6242357177@group-CAF408347A58-LeaderElection16] INFO  impl.LeaderElection (LeaderElection.java:askForVotes(178)) - 46b9516a-dfd6-4e8f-8939-5a6242357177@group-CAF408347A58-LeaderElection16: begin an election at term 15 for 0: [f69cf638-138d-4576-91da-2cd882e57eee:192.168.34.25:40171, 46b9516a-dfd6-4e8f-8939-5a6242357177:192.168.34.25:42762, 93f10d81-f4b6-4237-b2e6-6c2ccf8ca027:192.168.34.25:43753], old=null
2019-10-18 07:03:19,107 [grpc-default-executor-2] INFO  impl.RaftServerImpl (RaftServerImpl.java:setRole(184)) - 93f10d81-f4b6-4237-b2e6-6c2ccf8ca027@group-CAF408347A58: changes role from  FOLLOWER to FOLLOWER at term 15 for recognizeCandidate:46b9516a-dfd6-4e8f-8939-5a6242357177
2019-10-18 07:03:19,107 [grpc-default-executor-0] INFO  impl.RaftServerImpl (RaftServerImpl.java:setRole(184)) - f69cf638-138d-4576-91da-2cd882e57eee@group-CAF408347A58: changes role from  FOLLOWER to FOLLOWER at term 15 for recognizeCandidate:46b9516a-dfd6-4e8f-8939-5a6242357177
2019-10-18 07:03:19,107 [grpc-default-executor-2] INFO  impl.RoleInfo (RoleInfo.java:shutdownFollowerState(121)) - 93f10d81-f4b6-4237-b2e6-6c2ccf8ca027: shutdown FollowerState
2019-10-18 07:03:19,107 [grpc-default-executor-0] INFO  impl.RoleInfo (RoleInfo.java:shutdownFollowerState(121)) - f69cf638-138d-4576-91da-2cd882e57eee: shutdown FollowerState
2019-10-18 07:03:19,107 [grpc-default-executor-2] INFO  impl.RoleInfo (RoleInfo.java:updateAndGet(143)) - 93f10d81-f4b6-4237-b2e6-6c2ccf8ca027: start FollowerState
2019-10-18 07:03:19,107 [Thread-636] INFO  impl.FollowerState (FollowerState.java:run(117)) - 93f10d81-f4b6-4237-b2e6-6c2ccf8ca027@group-CAF408347A58-FollowerState was interrupted: java.lang.InterruptedException: sleep interrupted
2019-10-18 07:03:19,107 [Thread-637] INFO  impl.FollowerState (FollowerState.java:run(117)) - f69cf638-138d-4576-91da-2cd882e57eee@group-CAF408347A58-FollowerState was interrupted: java.lang.InterruptedException: sleep interrupted
2019-10-18 07:03:19,107 [grpc-default-executor-0] INFO  impl.RoleInfo (RoleInfo.java:updateAndGet(143)) - f69cf638-138d-4576-91da-2cd882e57eee: start FollowerState
2019-10-18 07:03:19,109 [46b9516a-dfd6-4e8f-8939-5a6242357177@group-CAF408347A58-LeaderElection16] INFO  impl.LeaderElection (LeaderElection.java:logAndReturn(56)) - 46b9516a-dfd6-4e8f-8939-5a6242357177@group-CAF408347A58-LeaderElection16: Election TIMEOUT; received 0 response(s) [] and 0 exception(s); 46b9516a-dfd6-4e8f-8939-5a6242357177@group-CAF408347A58:t15, leader=null, voted=46b9516a-dfd6-4e8f-8939-5a6242357177, raftlog=46b9516a-dfd6-4e8f-8939-5a6242357177@group-CAF408347A58-SegmentedRaftLog:OPENED:c3,f4,i4, conf=0: [f69cf638-138d-4576-91da-2cd882e57eee:192.168.34.25:40171, 46b9516a-dfd6-4e8f-8939-5a6242357177:192.168.34.25:42762, 93f10d81-f4b6-4237-b2e6-6c2ccf8ca027:192.168.34.25:43753], old=null
2019-10-18 07:03:19,113 [BlockDeletingService#2] WARN  background.BlockDeletingService (BlockDeletingService.java:isDeletionAllowed(187)) - Close Container log Index 6 is not replicated across allthe servers in the pipeline fe68d6de-2f7f-4088-a26e-caf408347a58 as the min replicated index is 4. Deletion is not allowed in this container yet.
2019-10-18 07:03:19,113 [BlockDeletingService#2] WARN  background.BlockDeletingService (BlockDeletingService.java:isDeletionAllowed(187)) - Close Container log Index 6 is not replicated across allthe servers in the pipeline fe68d6de-2f7f-4088-a26e-caf408347a58 as the min replicated index is 4. Deletion is not allowed in this container yet.
2019-10-18 07:03:19,130 [46b9516a-dfd6-4e8f-8939-5a6242357177@group-CAF408347A58-LeaderElection16] INFO  impl.LeaderElection (LeaderElection.java:askForVotes(178)) - 46b9516a-dfd6-4e8f-8939-5a6242357177@group-CAF408347A58-LeaderElection16: begin an election at term 16 for 0: [f69cf638-138d-4576-91da-2cd882e57eee:192.168.34.25:40171, 46b9516a-dfd6-4e8f-8939-5a6242357177:192.168.34.25:42762, 93f10d81-f4b6-4237-b2e6-6c2ccf8ca027:192.168.34.25:43753], old=null
2019-10-18 07:03:19,132 [grpc-default-executor-0] INFO  impl.RaftServerImpl (RaftServerImpl.java:setRole(184)) - f69cf638-138d-4576-91da-2cd882e57eee@group-CAF408347A58: changes role from  FOLLOWER to FOLLOWER at term 16 for recognizeCandidate:46b9516a-dfd6-4e8f-8939-5a6242357177
2019-10-18 07:03:19,132 [grpc-default-executor-0] INFO  impl.RoleInfo (RoleInfo.java:shutdownFollowerState(121)) - f69cf638-138d-4576-91da-2cd882e57eee: shutdown FollowerState
2019-10-18 07:03:19,132 [grpc-default-executor-0] INFO  impl.RoleInfo (RoleInfo.java:updateAndGet(143)) - f69cf638-138d-4576-91da-2cd882e57eee: start FollowerState
2019-10-18 07:03:19,132 [Thread-643] INFO  impl.FollowerState (FollowerState.java:run(117)) - f69cf638-138d-4576-91da-2cd882e57eee@group-CAF408347A58-FollowerState was interrupted: java.lang.InterruptedException: sleep interrupted
2019-10-18 07:03:19,133 [grpc-default-executor-2] INFO  impl.RaftServerImpl (RaftServerImpl.java:setRole(184)) - 93f10d81-f4b6-4237-b2e6-6c2ccf8ca027@group-CAF408347A58: changes role from  FOLLOWER to FOLLOWER at term 16 for recognizeCandidate:46b9516a-dfd6-4e8f-8939-5a6242357177
2019-10-18 07:03:19,133 [grpc-default-executor-2] INFO  impl.RoleInfo (RoleInfo.java:shutdownFollowerState(121)) - 93f10d81-f4b6-4237-b2e6-6c2ccf8ca027: shutdown FollowerState
2019-10-18 07:03:19,133 [grpc-default-executor-2] INFO  impl.RoleInfo (RoleInfo.java:updateAndGet(143)) - 93f10d81-f4b6-4237-b2e6-6c2ccf8ca027: start FollowerState
2019-10-18 07:03:19,133 [Thread-642] INFO  impl.FollowerState (FollowerState.java:run(117)) - 93f10d81-f4b6-4237-b2e6-6c2ccf8ca027@group-CAF408347A58-FollowerState was interrupted: java.lang.InterruptedException: sleep interrupted
2019-10-18 07:03:19,149 [EventQueue-PendingDeleteStatusForPendingDeleteHandler] INFO  block.SCMBlockDeletingService (SCMBlockDeletingService.java:handlePendingDeletes(115)) - Block deletion txnID mismatch in datanode 46b9516a-dfd6-4e8f-8939-5a6242357177 for containerID 1. Datanode delete txnID: 0, SCM txnID: 1
2019-10-18 07:03:19,156 [46b9516a-dfd6-4e8f-8939-5a6242357177@group-CAF408347A58-LeaderElection16] INFO  impl.LeaderElection (LeaderElection.java:logAndReturn(56)) - 46b9516a-dfd6-4e8f-8939-5a6242357177@group-CAF408347A58-LeaderElection16: Election REJECTED; received 2 response(s) [46b9516a-dfd6-4e8f-8939-5a6242357177<-f69cf638-138d-4576-91da-2cd882e57eee#0:FAIL-t16, 46b9516a-dfd6-4e8f-8939-5a6242357177<-93f10d81-f4b6-4237-b2e6-6c2ccf8ca027#0:FAIL-t16] and 0 exception(s); 46b9516a-dfd6-4e8f-8939-5a6242357177@group-CAF408347A58:t16, leader=null, voted=46b9516a-dfd6-4e8f-8939-5a6242357177, raftlog=46b9516a-dfd6-4e8f-8939-5a6242357177@group-CAF408347A58-SegmentedRaftLog:OPENED:c3,f4,i4, conf=0: [f69cf638-138d-4576-91da-2cd882e57eee:192.168.34.25:40171, 46b9516a-dfd6-4e8f-8939-5a6242357177:192.168.34.25:42762, 93f10d81-f4b6-4237-b2e6-6c2ccf8ca027:192.168.34.25:43753], old=null
2019-10-18 07:03:19,156 [46b9516a-dfd6-4e8f-8939-5a6242357177@group-CAF408347A58-LeaderElection16] INFO  impl.RaftServerImpl (RaftServerImpl.java:setRole(184)) - 46b9516a-dfd6-4e8f-8939-5a6242357177@group-CAF408347A58: changes role from CANDIDATE to FOLLOWER at term 16 for DISCOVERED_A_NEW_TERM
2019-10-18 07:03:19,156 [46b9516a-dfd6-4e8f-8939-5a6242357177@group-CAF408347A58-LeaderElection16] INFO  impl.RoleInfo (RoleInfo.java:shutdownLeaderElection(134)) - 46b9516a-dfd6-4e8f-8939-5a6242357177: shutdown LeaderElection
2019-10-18 07:03:19,157 [46b9516a-dfd6-4e8f-8939-5a6242357177@group-CAF408347A58-LeaderElection16] INFO  impl.RoleInfo (RoleInfo.java:updateAndGet(143)) - 46b9516a-dfd6-4e8f-8939-5a6242357177: start FollowerState
2019-10-18 07:03:19,157 [Thread-650] INFO  impl.FollowerState (FollowerState.java:run(108)) - 46b9516a-dfd6-4e8f-8939-5a6242357177@group-CAF408347A58-FollowerState: change to CANDIDATE, lastRpcTime:0ms, electionTimeout:0ms
2019-10-18 07:03:19,158 [Thread-650] INFO  impl.RoleInfo (RoleInfo.java:shutdownFollowerState(121)) - 46b9516a-dfd6-4e8f-8939-5a6242357177: shutdown FollowerState
2019-10-18 07:03:19,158 [Thread-650] INFO  impl.RaftServerImpl (RaftServerImpl.java:setRole(184)) - 46b9516a-dfd6-4e8f-8939-5a6242357177@group-CAF408347A58: changes role from  FOLLOWER to CANDIDATE at term 16 for changeToCandidate
2019-10-18 07:03:19,158 [Thread-650] INFO  impl.RoleInfo (RoleInfo.java:updateAndGet(143)) - 46b9516a-dfd6-4e8f-8939-5a6242357177: start LeaderElection
2019-10-18 07:03:19,181 [46b9516a-dfd6-4e8f-8939-5a6242357177@group-CAF408347A58-LeaderElection17] INFO  impl.LeaderElection (LeaderElection.java:askForVotes(178)) - 46b9516a-dfd6-4e8f-8939-5a6242357177@group-CAF408347A58-LeaderElection17: begin an election at term 17 for 0: [f69cf638-138d-4576-91da-2cd882e57eee:192.168.34.25:40171, 46b9516a-dfd6-4e8f-8939-5a6242357177:192.168.34.25:42762, 93f10d81-f4b6-4237-b2e6-6c2ccf8ca027:192.168.34.25:43753], old=null
2019-10-18 07:03:19,183 [grpc-default-executor-0] INFO  impl.RaftServerImpl (RaftServerImpl.java:setRole(184)) - f69cf638-138d-4576-91da-2cd882e57eee@group-CAF408347A58: changes role from  FOLLOWER to FOLLOWER at term 17 for recognizeCandidate:46b9516a-dfd6-4e8f-8939-5a6242357177
2019-10-18 07:03:19,183 [grpc-default-executor-2] INFO  impl.RaftServerImpl (RaftServerImpl.java:setRole(184)) - 93f10d81-f4b6-4237-b2e6-6c2ccf8ca027@group-CAF408347A58: changes role from  FOLLOWER to FOLLOWER at term 17 for recognizeCandidate:46b9516a-dfd6-4e8f-8939-5a6242357177
2019-10-18 07:03:19,183 [grpc-default-executor-0] INFO  impl.RoleInfo (RoleInfo.java:shutdownFollowerState(121)) - f69cf638-138d-4576-91da-2cd882e57eee: shutdown FollowerState
2019-10-18 07:03:19,183 [grpc-default-executor-2] INFO  impl.RoleInfo (RoleInfo.java:shutdownFollowerState(121)) - 93f10d81-f4b6-4237-b2e6-6c2ccf8ca027: shutdown FollowerState
2019-10-18 07:03:19,183 [Thread-648] INFO  impl.FollowerState (FollowerState.java:run(117)) - f69cf638-138d-4576-91da-2cd882e57eee@group-CAF408347A58-FollowerState was interrupted: java.lang.InterruptedException: sleep interrupted
2019-10-18 07:03:19,183 [grpc-default-executor-0] INFO  impl.RoleInfo (RoleInfo.java:updateAndGet(143)) - f69cf638-138d-4576-91da-2cd882e57eee: start FollowerState
2019-10-18 07:03:19,183 [Thread-649] INFO  impl.FollowerState (FollowerState.java:run(117)) - 93f10d81-f4b6-4237-b2e6-6c2ccf8ca027@group-CAF408347A58-FollowerState was interrupted: java.lang.InterruptedException: sleep interrupted
2019-10-18 07:03:19,183 [grpc-default-executor-2] INFO  impl.RoleInfo (RoleInfo.java:updateAndGet(143)) - 93f10d81-f4b6-4237-b2e6-6c2ccf8ca027: start FollowerState
2019-10-18 07:03:19,208 [46b9516a-dfd6-4e8f-8939-5a6242357177@group-CAF408347A58-LeaderElection17] INFO  impl.LeaderElection (LeaderElection.java:logAndReturn(56)) - 46b9516a-dfd6-4e8f-8939-5a6242357177@group-CAF408347A58-LeaderElection17: Election REJECTED; received 2 response(s) [46b9516a-dfd6-4e8f-8939-5a6242357177<-f69cf638-138d-4576-91da-2cd882e57eee#0:FAIL-t17, 46b9516a-dfd6-4e8f-8939-5a6242357177<-93f10d81-f4b6-4237-b2e6-6c2ccf8ca027#0:FAIL-t17] and 0 exception(s); 46b9516a-dfd6-4e8f-8939-5a6242357177@group-CAF408347A58:t17, leader=null, voted=46b9516a-dfd6-4e8f-8939-5a6242357177, raftlog=46b9516a-dfd6-4e8f-8939-5a6242357177@group-CAF408347A58-SegmentedRaftLog:OPENED:c3,f4,i4, conf=0: [f69cf638-138d-4576-91da-2cd882e57eee:192.168.34.25:40171, 46b9516a-dfd6-4e8f-8939-5a6242357177:192.168.34.25:42762, 93f10d81-f4b6-4237-b2e6-6c2ccf8ca027:192.168.34.25:43753], old=null
2019-10-18 07:03:19,208 [46b9516a-dfd6-4e8f-8939-5a6242357177@group-CAF408347A58-LeaderElection17] INFO  impl.RaftServerImpl (RaftServerImpl.java:setRole(184)) - 46b9516a-dfd6-4e8f-8939-5a6242357177@group-CAF408347A58: changes role from CANDIDATE to FOLLOWER at term 17 for DISCOVERED_A_NEW_TERM
2019-10-18 07:03:19,208 [46b9516a-dfd6-4e8f-8939-5a6242357177@group-CAF408347A58-LeaderElection17] INFO  impl.RoleInfo (RoleInfo.java:shutdownLeaderElection(134)) - 46b9516a-dfd6-4e8f-8939-5a6242357177: shutdown LeaderElection
2019-10-18 07:03:19,208 [46b9516a-dfd6-4e8f-8939-5a6242357177@group-CAF408347A58-LeaderElection17] INFO  impl.RoleInfo (RoleInfo.java:updateAndGet(143)) - 46b9516a-dfd6-4e8f-8939-5a6242357177: start FollowerState
2019-10-18 07:03:19,217 [Thread-657] INFO  impl.FollowerState (FollowerState.java:run(108)) - 46b9516a-dfd6-4e8f-8939-5a6242357177@group-CAF408347A58-FollowerState: change to CANDIDATE, lastRpcTime:8ms, electionTimeout:8ms
2019-10-18 07:03:19,218 [Thread-657] INFO  impl.RoleInfo (RoleInfo.java:shutdownFollowerState(121)) - 46b9516a-dfd6-4e8f-8939-5a6242357177: shutdown FollowerState
2019-10-18 07:03:19,218 [Thread-657] INFO  impl.RaftServerImpl (RaftServerImpl.java:setRole(184)) - 46b9516a-dfd6-4e8f-8939-5a6242357177@group-CAF408347A58: changes role from  FOLLOWER to CANDIDATE at term 17 for changeToCandidate
2019-10-18 07:03:19,218 [Thread-657] INFO  impl.RoleInfo (RoleInfo.java:updateAndGet(143)) - 46b9516a-dfd6-4e8f-8939-5a6242357177: start LeaderElection
2019-10-18 07:03:19,241 [46b9516a-dfd6-4e8f-8939-5a6242357177@group-CAF408347A58-LeaderElection18] INFO  impl.LeaderElection (LeaderElection.java:askForVotes(178)) - 46b9516a-dfd6-4e8f-8939-5a6242357177@group-CAF408347A58-LeaderElection18: begin an election at term 18 for 0: [f69cf638-138d-4576-91da-2cd882e57eee:192.168.34.25:40171, 46b9516a-dfd6-4e8f-8939-5a6242357177:192.168.34.25:42762, 93f10d81-f4b6-4237-b2e6-6c2ccf8ca027:192.168.34.25:43753], old=null
2019-10-18 07:03:19,243 [grpc-default-executor-0] INFO  impl.RaftServerImpl (RaftServerImpl.java:setRole(184)) - f69cf638-138d-4576-91da-2cd882e57eee@group-CAF408347A58: changes role from  FOLLOWER to FOLLOWER at term 18 for recognizeCandidate:46b9516a-dfd6-4e8f-8939-5a6242357177
2019-10-18 07:03:19,243 [grpc-default-executor-0] INFO  impl.RoleInfo (RoleInfo.java:shutdownFollowerState(121)) - f69cf638-138d-4576-91da-2cd882e57eee: shutdown FollowerState
2019-10-18 07:03:19,243 [grpc-default-executor-2] INFO  impl.RaftServerImpl (RaftServerImpl.java:setRole(184)) - 93f10d81-f4b6-4237-b2e6-6c2ccf8ca027@group-CAF408347A58: changes role from  FOLLOWER to FOLLOWER at term 18 for recognizeCandidate:46b9516a-dfd6-4e8f-8939-5a6242357177
2019-10-18 07:03:19,243 [grpc-default-executor-2] INFO  impl.RoleInfo (RoleInfo.java:shutdownFollowerState(121)) - 93f10d81-f4b6-4237-b2e6-6c2ccf8ca027: shutdown FollowerState
2019-10-18 07:03:19,244 [Thread-655] INFO  impl.FollowerState (FollowerState.java:run(117)) - f69cf638-138d-4576-91da-2cd882e57eee@group-CAF408347A58-FollowerState was interrupted: java.lang.InterruptedException: sleep interrupted
2019-10-18 07:03:19,243 [grpc-default-executor-0] INFO  impl.RoleInfo (RoleInfo.java:updateAndGet(143)) - f69cf638-138d-4576-91da-2cd882e57eee: start FollowerState
2019-10-18 07:03:19,244 [Thread-656] INFO  impl.FollowerState (FollowerState.java:run(117)) - 93f10d81-f4b6-4237-b2e6-6c2ccf8ca027@group-CAF408347A58-FollowerState was interrupted: java.lang.InterruptedException: sleep interrupted
2019-10-18 07:03:19,244 [grpc-default-executor-2] INFO  impl.RoleInfo (RoleInfo.java:updateAndGet(143)) - 93f10d81-f4b6-4237-b2e6-6c2ccf8ca027: start FollowerState
2019-10-18 07:03:19,262 [Thread-664] INFO  client.GrpcClientProtocolService (GrpcClientProtocolService.java:lambda$processClientRequest$0(278)) - Failed RaftClientRequest:client-79AC2A5FBE9C->f69cf638-138d-4576-91da-2cd882e57eee@group-CAF408347A58, cid=10, seq=0, Watch-ALL_COMMITTED(6), Message:<EMPTY>, reply=RaftClientReply:client-79AC2A5FBE9C->f69cf638-138d-4576-91da-2cd882e57eee@group-CAF408347A58, cid=10, FAILED org.apache.ratis.protocol.NotLeaderException: Server f69cf638-138d-4576-91da-2cd882e57eee@group-CAF408347A58 is not the leader, logIndex=0, commits[f69cf638-138d-4576-91da-2cd882e57eee:c10, 46b9516a-dfd6-4e8f-8939-5a6242357177:c4, 93f10d81-f4b6-4237-b2e6-6c2ccf8ca027:c10]
2019-10-18 07:03:19,270 [46b9516a-dfd6-4e8f-8939-5a6242357177@group-CAF408347A58-LeaderElection18] INFO  impl.LeaderElection (LeaderElection.java:logAndReturn(56)) - 46b9516a-dfd6-4e8f-8939-5a6242357177@group-CAF408347A58-LeaderElection18: Election REJECTED; received 2 response(s) [46b9516a-dfd6-4e8f-8939-5a6242357177<-f69cf638-138d-4576-91da-2cd882e57eee#0:FAIL-t18, 46b9516a-dfd6-4e8f-8939-5a6242357177<-93f10d81-f4b6-4237-b2e6-6c2ccf8ca027#0:FAIL-t18] and 0 exception(s); 46b9516a-dfd6-4e8f-8939-5a6242357177@group-CAF408347A58:t18, leader=null, voted=46b9516a-dfd6-4e8f-8939-5a6242357177, raftlog=46b9516a-dfd6-4e8f-8939-5a6242357177@group-CAF408347A58-SegmentedRaftLog:OPENED:c3,f4,i4, conf=0: [f69cf638-138d-4576-91da-2cd882e57eee:192.168.34.25:40171, 46b9516a-dfd6-4e8f-8939-5a6242357177:192.168.34.25:42762, 93f10d81-f4b6-4237-b2e6-6c2ccf8ca027:192.168.34.25:43753], old=null
2019-10-18 07:03:19,270 [46b9516a-dfd6-4e8f-8939-5a6242357177@group-CAF408347A58-LeaderElection18] INFO  impl.RaftServerImpl (RaftServerImpl.java:setRole(184)) - 46b9516a-dfd6-4e8f-8939-5a6242357177@group-CAF408347A58: changes role from CANDIDATE to FOLLOWER at term 18 for DISCOVERED_A_NEW_TERM
2019-10-18 07:03:19,270 [46b9516a-dfd6-4e8f-8939-5a6242357177@group-CAF408347A58-LeaderElection18] INFO  impl.RoleInfo (RoleInfo.java:shutdownLeaderElection(134)) - 46b9516a-dfd6-4e8f-8939-5a6242357177: shutdown LeaderElection
2019-10-18 07:03:19,270 [46b9516a-dfd6-4e8f-8939-5a6242357177@group-CAF408347A58-LeaderElection18] INFO  impl.RoleInfo (RoleInfo.java:updateAndGet(143)) - 46b9516a-dfd6-4e8f-8939-5a6242357177: start FollowerState
2019-10-18 07:03:19,276 [pool-7-thread-2] INFO  commands.RetriableDatanodeEventWatcher (RetriableDatanodeEventWatcher.java:onTimeout(47)) - RetriableDatanodeCommand type=deleteBlocksCommand with id=1571382194272 timed out. Retrying.
2019-10-18 07:03:19,278 [pool-7-thread-4] INFO  commands.RetriableDatanodeEventWatcher (RetriableDatanodeEventWatcher.java:onTimeout(47)) - RetriableDatanodeCommand type=deleteBlocksCommand with id=1571382194276 timed out. Retrying.
2019-10-18 07:03:19,278 [pool-7-thread-5] INFO  commands.RetriableDatanodeEventWatcher (RetriableDatanodeEventWatcher.java:onTimeout(47)) - RetriableDatanodeCommand type=deleteBlocksCommand with id=1571382194277 timed out. Retrying.
2019-10-18 07:03:19,278 [pool-7-thread-1] INFO  commands.RetriableDatanodeEventWatcher (RetriableDatanodeEventWatcher.java:onTimeout(47)) - RetriableDatanodeCommand type=deleteBlocksCommand with id=1571382194274 timed out. Retrying.
2019-10-18 07:03:19,278 [SCMBlockDeletingService#0] INFO  block.SCMBlockDeletingService (SCMBlockDeletingService.java:call(184)) - Totally added 1 delete blocks command for 1 datanodes, task elapsed time: 0ms
2019-10-18 07:03:19,278 [pool-7-thread-3] INFO  commands.RetriableDatanodeEventWatcher (RetriableDatanodeEventWatcher.java:onTimeout(47)) - RetriableDatanodeCommand type=deleteBlocksCommand with id=1571382194275 timed out. Retrying.
2019-10-18 07:03:19,337 [Thread-666] INFO  impl.FollowerState (FollowerState.java:run(108)) - 46b9516a-dfd6-4e8f-8939-5a6242357177@group-CAF408347A58-FollowerState: change to CANDIDATE, lastRpcTime:66ms, electionTimeout:65ms
2019-10-18 07:03:19,337 [Thread-666] INFO  impl.RoleInfo (RoleInfo.java:shutdownFollowerState(121)) - 46b9516a-dfd6-4e8f-8939-5a6242357177: shutdown FollowerState
2019-10-18 07:03:19,337 [Thread-666] INFO  impl.RaftServerImpl (RaftServerImpl.java:setRole(184)) - 46b9516a-dfd6-4e8f-8939-5a6242357177@group-CAF408347A58: changes role from  FOLLOWER to CANDIDATE at term 18 for changeToCandidate
2019-10-18 07:03:19,337 [Thread-666] INFO  impl.RoleInfo (RoleInfo.java:updateAndGet(143)) - 46b9516a-dfd6-4e8f-8939-5a6242357177: start LeaderElection
2019-10-18 07:03:19,368 [46b9516a-dfd6-4e8f-8939-5a6242357177@group-CAF408347A58-LeaderElection19] INFO  impl.LeaderElection (LeaderElection.java:askForVotes(178)) - 46b9516a-dfd6-4e8f-8939-5a6242357177@group-CAF408347A58-LeaderElection19: begin an election at term 19 for 0: [f69cf638-138d-4576-91da-2cd882e57eee:192.168.34.25:40171, 46b9516a-dfd6-4e8f-8939-5a6242357177:192.168.34.25:42762, 93f10d81-f4b6-4237-b2e6-6c2ccf8ca027:192.168.34.25:43753], old=null
2019-10-18 07:03:19,371 [grpc-default-executor-0] INFO  impl.RaftServerImpl (RaftServerImpl.java:setRole(184)) - f69cf638-138d-4576-91da-2cd882e57eee@group-CAF408347A58: changes role from  FOLLOWER to FOLLOWER at term 19 for recognizeCandidate:46b9516a-dfd6-4e8f-8939-5a6242357177
2019-10-18 07:03:19,371 [grpc-default-executor-2] INFO  impl.RaftServerImpl (RaftServerImpl.java:setRole(184)) - 93f10d81-f4b6-4237-b2e6-6c2ccf8ca027@group-CAF408347A58: changes role from  FOLLOWER to FOLLOWER at term 19 for recognizeCandidate:46b9516a-dfd6-4e8f-8939-5a6242357177
2019-10-18 07:03:19,371 [grpc-default-executor-0] INFO  impl.RoleInfo (RoleInfo.java:shutdownFollowerState(121)) - f69cf638-138d-4576-91da-2cd882e57eee: shutdown FollowerState
2019-10-18 07:03:19,371 [grpc-default-executor-2] INFO  impl.RoleInfo (RoleInfo.java:shutdownFollowerState(121)) - 93f10d81-f4b6-4237-b2e6-6c2ccf8ca027: shutdown FollowerState
2019-10-18 07:03:19,371 [Thread-661] INFO  impl.FollowerState (FollowerState.java:run(117)) - f69cf638-138d-4576-91da-2cd882e57eee@group-CAF408347A58-FollowerState was interrupted: java.lang.InterruptedException: sleep interrupted
2019-10-18 07:03:19,371 [grpc-default-executor-0] INFO  impl.RoleInfo (RoleInfo.java:updateAndGet(143)) - f69cf638-138d-4576-91da-2cd882e57eee: start FollowerState
2019-10-18 07:03:19,372 [grpc-default-executor-2] INFO  impl.RoleInfo (RoleInfo.java:updateAndGet(143)) - 93f10d81-f4b6-4237-b2e6-6c2ccf8ca027: start FollowerState
2019-10-18 07:03:19,371 [Thread-662] INFO  impl.FollowerState (FollowerState.java:run(117)) - 93f10d81-f4b6-4237-b2e6-6c2ccf8ca027@group-CAF408347A58-FollowerState was interrupted: java.lang.InterruptedException: sleep interrupted
2019-10-18 07:03:19,388 [java.util.concurrent.ThreadPoolExecutor$Worker@35485c7f[State = -1, empty queue]] WARN  server.GrpcLogAppender (GrpcLogAppender.java:timeoutAppendRequest(209)) - 93f10d81-f4b6-4237-b2e6-6c2ccf8ca027@group-CAF408347A58->46b9516a-dfd6-4e8f-8939-5a6242357177-GrpcLogAppender: appendEntries Timeout, request=93f10d81-f4b6-4237-b2e6-6c2ccf8ca027->46b9516a-dfd6-4e8f-8939-5a6242357177#52-t2, previous=(t:2, i:10), leaderCommit=10, initializing? false, entries: <empty>
2019-10-18 07:03:19,394 [46b9516a-dfd6-4e8f-8939-5a6242357177@group-CAF408347A58-LeaderElection19] INFO  impl.LeaderElection (LeaderElection.java:logAndReturn(56)) - 46b9516a-dfd6-4e8f-8939-5a6242357177@group-CAF408347A58-LeaderElection19: Election REJECTED; received 2 response(s) [46b9516a-dfd6-4e8f-8939-5a6242357177<-f69cf638-138d-4576-91da-2cd882e57eee#0:FAIL-t19, 46b9516a-dfd6-4e8f-8939-5a6242357177<-93f10d81-f4b6-4237-b2e6-6c2ccf8ca027#0:FAIL-t19] and 0 exception(s); 46b9516a-dfd6-4e8f-8939-5a6242357177@group-CAF408347A58:t19, leader=null, voted=46b9516a-dfd6-4e8f-8939-5a6242357177, raftlog=46b9516a-dfd6-4e8f-8939-5a6242357177@group-CAF408347A58-SegmentedRaftLog:OPENED:c3,f4,i4, conf=0: [f69cf638-138d-4576-91da-2cd882e57eee:192.168.34.25:40171, 46b9516a-dfd6-4e8f-8939-5a6242357177:192.168.34.25:42762, 93f10d81-f4b6-4237-b2e6-6c2ccf8ca027:192.168.34.25:43753], old=null
2019-10-18 07:03:19,394 [46b9516a-dfd6-4e8f-8939-5a6242357177@group-CAF408347A58-LeaderElection19] INFO  impl.RaftServerImpl (RaftServerImpl.java:setRole(184)) - 46b9516a-dfd6-4e8f-8939-5a6242357177@group-CAF408347A58: changes role from CANDIDATE to FOLLOWER at term 19 for DISCOVERED_A_NEW_TERM
2019-10-18 07:03:19,394 [46b9516a-dfd6-4e8f-8939-5a6242357177@group-CAF408347A58-LeaderElection19] INFO  impl.RoleInfo (RoleInfo.java:shutdownLeaderElection(134)) - 46b9516a-dfd6-4e8f-8939-5a6242357177: shutdown LeaderElection
2019-10-18 07:03:19,394 [46b9516a-dfd6-4e8f-8939-5a6242357177@group-CAF408347A58-LeaderElection19] INFO  impl.RoleInfo (RoleInfo.java:updateAndGet(143)) - 46b9516a-dfd6-4e8f-8939-5a6242357177: start FollowerState
2019-10-18 07:03:19,495 [Thread-672] INFO  impl.FollowerState (FollowerState.java:run(108)) - 46b9516a-dfd6-4e8f-8939-5a6242357177@group-CAF408347A58-FollowerState: change to CANDIDATE, lastRpcTime:100ms, electionTimeout:100ms
2019-10-18 07:03:19,496 [Thread-672] INFO  impl.RoleInfo (RoleInfo.java:shutdownFollowerState(121)) - 46b9516a-dfd6-4e8f-8939-5a6242357177: shutdown FollowerState
2019-10-18 07:03:19,497 [Thread-672] INFO  impl.RaftServerImpl (RaftServerImpl.java:setRole(184)) - 46b9516a-dfd6-4e8f-8939-5a6242357177@group-CAF408347A58: changes role from  FOLLOWER to CANDIDATE at term 19 for changeToCandidate
2019-10-18 07:03:19,497 [Thread-672] INFO  impl.RoleInfo (RoleInfo.java:updateAndGet(143)) - 46b9516a-dfd6-4e8f-8939-5a6242357177: start LeaderElection
2019-10-18 07:03:19,519 [46b9516a-dfd6-4e8f-8939-5a6242357177@group-CAF408347A58-LeaderElection20] INFO  impl.LeaderElection (LeaderElection.java:askForVotes(178)) - 46b9516a-dfd6-4e8f-8939-5a6242357177@group-CAF408347A58-LeaderElection20: begin an election at term 20 for 0: [f69cf638-138d-4576-91da-2cd882e57eee:192.168.34.25:40171, 46b9516a-dfd6-4e8f-8939-5a6242357177:192.168.34.25:42762, 93f10d81-f4b6-4237-b2e6-6c2ccf8ca027:192.168.34.25:43753], old=null
2019-10-18 07:03:19,522 [grpc-default-executor-0] INFO  impl.RaftServerImpl (RaftServerImpl.java:setRole(184)) - f69cf638-138d-4576-91da-2cd882e57eee@group-CAF408347A58: changes role from  FOLLOWER to FOLLOWER at term 20 for recognizeCandidate:46b9516a-dfd6-4e8f-8939-5a6242357177
2019-10-18 07:03:19,522 [grpc-default-executor-0] INFO  impl.RoleInfo (RoleInfo.java:shutdownFollowerState(121)) - f69cf638-138d-4576-91da-2cd882e57eee: shutdown FollowerState
2019-10-18 07:03:19,522 [grpc-default-executor-2] INFO  impl.RaftServerImpl (RaftServerImpl.java:setRole(184)) - 93f10d81-f4b6-4237-b2e6-6c2ccf8ca027@group-CAF408347A58: changes role from  FOLLOWER to FOLLOWER at term 20 for recognizeCandidate:46b9516a-dfd6-4e8f-8939-5a6242357177
2019-10-18 07:03:19,522 [Thread-670] INFO  impl.FollowerState (FollowerState.java:run(117)) - f69cf638-138d-4576-91da-2cd882e57eee@group-CAF408347A58-FollowerState was interrupted: java.lang.InterruptedException: sleep interrupted
2019-10-18 07:03:19,522 [grpc-default-executor-0] INFO  impl.RoleInfo (RoleInfo.java:updateAndGet(143)) - f69cf638-138d-4576-91da-2cd882e57eee: start FollowerState
2019-10-18 07:03:19,522 [grpc-default-executor-2] INFO  impl.RoleInfo (RoleInfo.java:shutdownFollowerState(121)) - 93f10d81-f4b6-4237-b2e6-6c2ccf8ca027: shutdown FollowerState
2019-10-18 07:03:19,523 [grpc-default-executor-2] INFO  impl.RoleInfo (RoleInfo.java:updateAndGet(143)) - 93f10d81-f4b6-4237-b2e6-6c2ccf8ca027: start FollowerState
2019-10-18 07:03:19,523 [Thread-671] INFO  impl.FollowerState (FollowerState.java:run(117)) - 93f10d81-f4b6-4237-b2e6-6c2ccf8ca027@group-CAF408347A58-FollowerState was interrupted: java.lang.InterruptedException: sleep interrupted
2019-10-18 07:03:19,546 [46b9516a-dfd6-4e8f-8939-5a6242357177@group-CAF408347A58-LeaderElection20] INFO  impl.LeaderElection (LeaderElection.java:logAndReturn(56)) - 46b9516a-dfd6-4e8f-8939-5a6242357177@group-CAF408347A58-LeaderElection20: Election REJECTED; received 2 response(s) [46b9516a-dfd6-4e8f-8939-5a6242357177<-f69cf638-138d-4576-91da-2cd882e57eee#0:FAIL-t20, 46b9516a-dfd6-4e8f-8939-5a6242357177<-93f10d81-f4b6-4237-b2e6-6c2ccf8ca027#0:FAIL-t20] and 0 exception(s); 46b9516a-dfd6-4e8f-8939-5a6242357177@group-CAF408347A58:t20, leader=null, voted=46b9516a-dfd6-4e8f-8939-5a6242357177, raftlog=46b9516a-dfd6-4e8f-8939-5a6242357177@group-CAF408347A58-SegmentedRaftLog:OPENED:c3,f4,i4, conf=0: [f69cf638-138d-4576-91da-2cd882e57eee:192.168.34.25:40171, 46b9516a-dfd6-4e8f-8939-5a6242357177:192.168.34.25:42762, 93f10d81-f4b6-4237-b2e6-6c2ccf8ca027:192.168.34.25:43753], old=null
2019-10-18 07:03:19,546 [46b9516a-dfd6-4e8f-8939-5a6242357177@group-CAF408347A58-LeaderElection20] INFO  impl.RaftServerImpl (RaftServerImpl.java:setRole(184)) - 46b9516a-dfd6-4e8f-8939-5a6242357177@group-CAF408347A58: changes role from CANDIDATE to FOLLOWER at term 20 for DISCOVERED_A_NEW_TERM
2019-10-18 07:03:19,546 [46b9516a-dfd6-4e8f-8939-5a6242357177@group-CAF408347A58-LeaderElection20] INFO  impl.RoleInfo (RoleInfo.java:shutdownLeaderElection(134)) - 46b9516a-dfd6-4e8f-8939-5a6242357177: shutdown LeaderElection
2019-10-18 07:03:19,546 [46b9516a-dfd6-4e8f-8939-5a6242357177@group-CAF408347A58-LeaderElection20] INFO  impl.RoleInfo (RoleInfo.java:updateAndGet(143)) - 46b9516a-dfd6-4e8f-8939-5a6242357177: start FollowerState
2019-10-18 07:03:19,733 [Thread-678] INFO  impl.FollowerState (FollowerState.java:run(108)) - 46b9516a-dfd6-4e8f-8939-5a6242357177@group-CAF408347A58-FollowerState: change to CANDIDATE, lastRpcTime:186ms, electionTimeout:186ms
2019-10-18 07:03:19,734 [Thread-678] INFO  impl.RoleInfo (RoleInfo.java:shutdownFollowerState(121)) - 46b9516a-dfd6-4e8f-8939-5a6242357177: shutdown FollowerState
2019-10-18 07:03:19,735 [Thread-678] INFO  impl.RaftServerImpl (RaftServerImpl.java:setRole(184)) - 46b9516a-dfd6-4e8f-8939-5a6242357177@group-CAF408347A58: changes role from  FOLLOWER to CANDIDATE at term 20 for changeToCandidate
2019-10-18 07:03:19,735 [Thread-678] INFO  impl.RoleInfo (RoleInfo.java:updateAndGet(143)) - 46b9516a-dfd6-4e8f-8939-5a6242357177: start LeaderElection
2019-10-18 07:03:19,806 [46b9516a-dfd6-4e8f-8939-5a6242357177@group-CAF408347A58-LeaderElection21] INFO  impl.LeaderElection (LeaderElection.java:askForVotes(178)) - 46b9516a-dfd6-4e8f-8939-5a6242357177@group-CAF408347A58-LeaderElection21: begin an election at term 21 for 0: [f69cf638-138d-4576-91da-2cd882e57eee:192.168.34.25:40171, 46b9516a-dfd6-4e8f-8939-5a6242357177:192.168.34.25:42762, 93f10d81-f4b6-4237-b2e6-6c2ccf8ca027:192.168.34.25:43753], old=null
2019-10-18 07:03:19,809 [grpc-default-executor-0] INFO  impl.RaftServerImpl (RaftServerImpl.java:setRole(184)) - f69cf638-138d-4576-91da-2cd882e57eee@group-CAF408347A58: changes role from  FOLLOWER to FOLLOWER at term 21 for recognizeCandidate:46b9516a-dfd6-4e8f-8939-5a6242357177
2019-10-18 07:03:19,809 [grpc-default-executor-2] INFO  impl.RaftServerImpl (RaftServerImpl.java:setRole(184)) - 93f10d81-f4b6-4237-b2e6-6c2ccf8ca027@group-CAF408347A58: changes role from  FOLLOWER to FOLLOWER at term 21 for recognizeCandidate:46b9516a-dfd6-4e8f-8939-5a6242357177
2019-10-18 07:03:19,809 [grpc-default-executor-0] INFO  impl.RoleInfo (RoleInfo.java:shutdownFollowerState(121)) - f69cf638-138d-4576-91da-2cd882e57eee: shutdown FollowerState
2019-10-18 07:03:19,809 [grpc-default-executor-2] INFO  impl.RoleInfo (RoleInfo.java:shutdownFollowerState(121)) - 93f10d81-f4b6-4237-b2e6-6c2ccf8ca027: shutdown FollowerState
2019-10-18 07:03:19,809 [grpc-default-executor-0] INFO  impl.RoleInfo (RoleInfo.java:updateAndGet(143)) - f69cf638-138d-4576-91da-2cd882e57eee: start FollowerState
2019-10-18 07:03:19,809 [Thread-676] INFO  impl.FollowerState (FollowerState.java:run(117)) - f69cf638-138d-4576-91da-2cd882e57eee@group-CAF408347A58-FollowerState was interrupted: java.lang.InterruptedException: sleep interrupted
2019-10-18 07:03:19,810 [grpc-default-executor-2] INFO  impl.RoleInfo (RoleInfo.java:updateAndGet(143)) - 93f10d81-f4b6-4237-b2e6-6c2ccf8ca027: start FollowerState
2019-10-18 07:03:19,809 [Thread-677] INFO  impl.FollowerState (FollowerState.java:run(117)) - 93f10d81-f4b6-4237-b2e6-6c2ccf8ca027@group-CAF408347A58-FollowerState was interrupted: java.lang.InterruptedException: sleep interrupted
2019-10-18 07:03:19,817 [46b9516a-dfd6-4e8f-8939-5a6242357177@group-CAF408347A58-LeaderElection21] INFO  impl.LeaderElection (LeaderElection.java:logAndReturn(56)) - 46b9516a-dfd6-4e8f-8939-5a6242357177@group-CAF408347A58-LeaderElection21: Election TIMEOUT; received 0 response(s) [] and 0 exception(s); 46b9516a-dfd6-4e8f-8939-5a6242357177@group-CAF408347A58:t21, leader=null, voted=46b9516a-dfd6-4e8f-8939-5a6242357177, raftlog=46b9516a-dfd6-4e8f-8939-5a6242357177@group-CAF408347A58-SegmentedRaftLog:OPENED:c3,f4,i4, conf=0: [f69cf638-138d-4576-91da-2cd882e57eee:192.168.34.25:40171, 46b9516a-dfd6-4e8f-8939-5a6242357177:192.168.34.25:42762, 93f10d81-f4b6-4237-b2e6-6c2ccf8ca027:192.168.34.25:43753], old=null
2019-10-18 07:03:19,827 [46b9516a-dfd6-4e8f-8939-5a6242357177@group-CAF408347A58-LeaderElection21] INFO  impl.LeaderElection (LeaderElection.java:askForVotes(178)) - 46b9516a-dfd6-4e8f-8939-5a6242357177@group-CAF408347A58-LeaderElection21: begin an election at term 22 for 0: [f69cf638-138d-4576-91da-2cd882e57eee:192.168.34.25:40171, 46b9516a-dfd6-4e8f-8939-5a6242357177:192.168.34.25:42762, 93f10d81-f4b6-4237-b2e6-6c2ccf8ca027:192.168.34.25:43753], old=null
2019-10-18 07:03:19,828 [grpc-default-executor-0] INFO  impl.RaftServerImpl (RaftServerImpl.java:setRole(184)) - f69cf638-138d-4576-91da-2cd882e57eee@group-CAF408347A58: changes role from  FOLLOWER to FOLLOWER at term 22 for recognizeCandidate:46b9516a-dfd6-4e8f-8939-5a6242357177
2019-10-18 07:03:19,830 [grpc-default-executor-0] INFO  impl.RoleInfo (RoleInfo.java:shutdownFollowerState(121)) - f69cf638-138d-4576-91da-2cd882e57eee: shutdown FollowerState
2019-10-18 07:03:19,830 [Thread-682] INFO  impl.FollowerState (FollowerState.java:run(117)) - f69cf638-138d-4576-91da-2cd882e57eee@group-CAF408347A58-FollowerState was interrupted: java.lang.InterruptedException: sleep interrupted
2019-10-18 07:03:19,830 [grpc-default-executor-0] INFO  impl.RoleInfo (RoleInfo.java:updateAndGet(143)) - f69cf638-138d-4576-91da-2cd882e57eee: start FollowerState
2019-10-18 07:03:19,830 [grpc-default-executor-2] INFO  impl.RaftServerImpl (RaftServerImpl.java:setRole(184)) - 93f10d81-f4b6-4237-b2e6-6c2ccf8ca027@group-CAF408347A58: changes role from  FOLLOWER to FOLLOWER at term 22 for recognizeCandidate:46b9516a-dfd6-4e8f-8939-5a6242357177
2019-10-18 07:03:19,831 [grpc-default-executor-2] INFO  impl.RoleInfo (RoleInfo.java:shutdownFollowerState(121)) - 93f10d81-f4b6-4237-b2e6-6c2ccf8ca027: shutdown FollowerState
2019-10-18 07:03:19,831 [Thread-683] INFO  impl.FollowerState (FollowerState.java:run(117)) - 93f10d81-f4b6-4237-b2e6-6c2ccf8ca027@group-CAF408347A58-FollowerState was interrupted: java.lang.InterruptedException: sleep interrupted
2019-10-18 07:03:19,831 [grpc-default-executor-2] INFO  impl.RoleInfo (RoleInfo.java:updateAndGet(143)) - 93f10d81-f4b6-4237-b2e6-6c2ccf8ca027: start FollowerState
2019-10-18 07:03:19,852 [46b9516a-dfd6-4e8f-8939-5a6242357177@group-CAF408347A58-LeaderElection21] INFO  impl.LeaderElection (LeaderElection.java:logAndReturn(56)) - 46b9516a-dfd6-4e8f-8939-5a6242357177@group-CAF408347A58-LeaderElection21: Election REJECTED; received 2 response(s) [46b9516a-dfd6-4e8f-8939-5a6242357177<-f69cf638-138d-4576-91da-2cd882e57eee#0:FAIL-t22, 46b9516a-dfd6-4e8f-8939-5a6242357177<-93f10d81-f4b6-4237-b2e6-6c2ccf8ca027#0:FAIL-t22] and 0 exception(s); 46b9516a-dfd6-4e8f-8939-5a6242357177@group-CAF408347A58:t22, leader=null, voted=46b9516a-dfd6-4e8f-8939-5a6242357177, raftlog=46b9516a-dfd6-4e8f-8939-5a6242357177@group-CAF408347A58-SegmentedRaftLog:OPENED:c3,f4,i4, conf=0: [f69cf638-138d-4576-91da-2cd882e57eee:192.168.34.25:40171, 46b9516a-dfd6-4e8f-8939-5a6242357177:192.168.34.25:42762, 93f10d81-f4b6-4237-b2e6-6c2ccf8ca027:192.168.34.25:43753], old=null
2019-10-18 07:03:19,853 [46b9516a-dfd6-4e8f-8939-5a6242357177@group-CAF408347A58-LeaderElection21] INFO  impl.RaftServerImpl (RaftServerImpl.java:setRole(184)) - 46b9516a-dfd6-4e8f-8939-5a6242357177@group-CAF408347A58: changes role from CANDIDATE to FOLLOWER at term 22 for DISCOVERED_A_NEW_TERM
2019-10-18 07:03:19,853 [46b9516a-dfd6-4e8f-8939-5a6242357177@group-CAF408347A58-LeaderElection21] INFO  impl.RoleInfo (RoleInfo.java:shutdownLeaderElection(134)) - 46b9516a-dfd6-4e8f-8939-5a6242357177: shutdown LeaderElection
2019-10-18 07:03:19,853 [46b9516a-dfd6-4e8f-8939-5a6242357177@group-CAF408347A58-LeaderElection21] INFO  impl.RoleInfo (RoleInfo.java:updateAndGet(143)) - 46b9516a-dfd6-4e8f-8939-5a6242357177: start FollowerState
2019-10-18 07:03:19,970 [Thread-688] INFO  impl.FollowerState (FollowerState.java:run(108)) - 46b9516a-dfd6-4e8f-8939-5a6242357177@group-CAF408347A58-FollowerState: change to CANDIDATE, lastRpcTime:117ms, electionTimeout:117ms
2019-10-18 07:03:19,972 [Thread-688] INFO  impl.RoleInfo (RoleInfo.java:shutdownFollowerState(121)) - 46b9516a-dfd6-4e8f-8939-5a6242357177: shutdown FollowerState
2019-10-18 07:03:19,972 [Thread-688] INFO  impl.RaftServerImpl (RaftServerImpl.java:setRole(184)) - 46b9516a-dfd6-4e8f-8939-5a6242357177@group-CAF408347A58: changes role from  FOLLOWER to CANDIDATE at term 22 for changeToCandidate
2019-10-18 07:03:19,972 [Thread-688] INFO  impl.RoleInfo (RoleInfo.java:updateAndGet(143)) - 46b9516a-dfd6-4e8f-8939-5a6242357177: start LeaderElection
2019-10-18 07:03:20,000 [46b9516a-dfd6-4e8f-8939-5a6242357177@group-CAF408347A58-LeaderElection22] INFO  impl.LeaderElection (LeaderElection.java:askForVotes(178)) - 46b9516a-dfd6-4e8f-8939-5a6242357177@group-CAF408347A58-LeaderElection22: begin an election at term 23 for 0: [f69cf638-138d-4576-91da-2cd882e57eee:192.168.34.25:40171, 46b9516a-dfd6-4e8f-8939-5a6242357177:192.168.34.25:42762, 93f10d81-f4b6-4237-b2e6-6c2ccf8ca027:192.168.34.25:43753], old=null
2019-10-18 07:03:20,003 [grpc-default-executor-2] INFO  impl.RaftServerImpl (RaftServerImpl.java:setRole(184)) - f69cf638-138d-4576-91da-2cd882e57eee@group-CAF408347A58: changes role from  FOLLOWER to FOLLOWER at term 23 for recognizeCandidate:46b9516a-dfd6-4e8f-8939-5a6242357177
2019-10-18 07:03:20,003 [grpc-default-executor-0] INFO  impl.RaftServerImpl (RaftServerImpl.java:setRole(184)) - 93f10d81-f4b6-4237-b2e6-6c2ccf8ca027@group-CAF408347A58: changes role from  FOLLOWER to FOLLOWER at term 23 for recognizeCandidate:46b9516a-dfd6-4e8f-8939-5a6242357177
2019-10-18 07:03:20,003 [grpc-default-executor-2] INFO  impl.RoleInfo (RoleInfo.java:shutdownFollowerState(121)) - f69cf638-138d-4576-91da-2cd882e57eee: shutdown FollowerState
2019-10-18 07:03:20,003 [grpc-default-executor-0] INFO  impl.RoleInfo (RoleInfo.java:shutdownFollowerState(121)) - 93f10d81-f4b6-4237-b2e6-6c2ccf8ca027: shutdown FollowerState
2019-10-18 07:03:20,004 [grpc-default-executor-2] INFO  impl.RoleInfo (RoleInfo.java:updateAndGet(143)) - f69cf638-138d-4576-91da-2cd882e57eee: start FollowerState
2019-10-18 07:03:20,004 [Thread-686] INFO  impl.FollowerState (FollowerState.java:run(117)) - f69cf638-138d-4576-91da-2cd882e57eee@group-CAF408347A58-FollowerState was interrupted: java.lang.InterruptedException: sleep interrupted
2019-10-18 07:03:20,004 [grpc-default-executor-0] INFO  impl.RoleInfo (RoleInfo.java:updateAndGet(143)) - 93f10d81-f4b6-4237-b2e6-6c2ccf8ca027: start FollowerState
2019-10-18 07:03:20,004 [Thread-687] INFO  impl.FollowerState (FollowerState.java:run(117)) - 93f10d81-f4b6-4237-b2e6-6c2ccf8ca027@group-CAF408347A58-FollowerState was interrupted: java.lang.InterruptedException: sleep interrupted
2019-10-18 07:03:20,044 [46b9516a-dfd6-4e8f-8939-5a6242357177@group-CAF408347A58-LeaderElection22] INFO  impl.LeaderElection (LeaderElection.java:logAndReturn(56)) - 46b9516a-dfd6-4e8f-8939-5a6242357177@group-CAF408347A58-LeaderElection22: Election REJECTED; received 2 response(s) [46b9516a-dfd6-4e8f-8939-5a6242357177<-f69cf638-138d-4576-91da-2cd882e57eee#0:FAIL-t23, 46b9516a-dfd6-4e8f-8939-5a6242357177<-93f10d81-f4b6-4237-b2e6-6c2ccf8ca027#0:FAIL-t23] and 0 exception(s); 46b9516a-dfd6-4e8f-8939-5a6242357177@group-CAF408347A58:t23, leader=null, voted=46b9516a-dfd6-4e8f-8939-5a6242357177, raftlog=46b9516a-dfd6-4e8f-8939-5a6242357177@group-CAF408347A58-SegmentedRaftLog:OPENED:c3,f4,i4, conf=0: [f69cf638-138d-4576-91da-2cd882e57eee:192.168.34.25:40171, 46b9516a-dfd6-4e8f-8939-5a6242357177:192.168.34.25:42762, 93f10d81-f4b6-4237-b2e6-6c2ccf8ca027:192.168.34.25:43753], old=null
2019-10-18 07:03:20,044 [46b9516a-dfd6-4e8f-8939-5a6242357177@group-CAF408347A58-LeaderElection22] INFO  impl.RaftServerImpl (RaftServerImpl.java:setRole(184)) - 46b9516a-dfd6-4e8f-8939-5a6242357177@group-CAF408347A58: changes role from CANDIDATE to FOLLOWER at term 23 for DISCOVERED_A_NEW_TERM
2019-10-18 07:03:20,044 [46b9516a-dfd6-4e8f-8939-5a6242357177@group-CAF408347A58-LeaderElection22] INFO  impl.RoleInfo (RoleInfo.java:shutdownLeaderElection(134)) - 46b9516a-dfd6-4e8f-8939-5a6242357177: shutdown LeaderElection
2019-10-18 07:03:20,044 [46b9516a-dfd6-4e8f-8939-5a6242357177@group-CAF408347A58-LeaderElection22] INFO  impl.RoleInfo (RoleInfo.java:updateAndGet(143)) - 46b9516a-dfd6-4e8f-8939-5a6242357177: start FollowerState
2019-10-18 07:03:20,114 [BlockDeletingService#2] WARN  background.BlockDeletingService (BlockDeletingService.java:isDeletionAllowed(187)) - Close Container log Index 6 is not replicated across allthe servers in the pipeline fe68d6de-2f7f-4088-a26e-caf408347a58 as the min replicated index is 4. Deletion is not allowed in this container yet.
2019-10-18 07:03:20,118 [BlockDeletingService#2] WARN  background.BlockDeletingService (BlockDeletingService.java:isDeletionAllowed(187)) - Close Container log Index 6 is not replicated across allthe servers in the pipeline fe68d6de-2f7f-4088-a26e-caf408347a58 as the min replicated index is 4. Deletion is not allowed in this container yet.
2019-10-18 07:03:20,138 [Thread-694] INFO  impl.FollowerState (FollowerState.java:run(108)) - 46b9516a-dfd6-4e8f-8939-5a6242357177@group-CAF408347A58-FollowerState: change to CANDIDATE, lastRpcTime:93ms, electionTimeout:93ms
2019-10-18 07:03:20,138 [Thread-694] INFO  impl.RoleInfo (RoleInfo.java:shutdownFollowerState(121)) - 46b9516a-dfd6-4e8f-8939-5a6242357177: shutdown FollowerState
2019-10-18 07:03:20,138 [Thread-694] INFO  impl.RaftServerImpl (RaftServerImpl.java:setRole(184)) - 46b9516a-dfd6-4e8f-8939-5a6242357177@group-CAF408347A58: changes role from  FOLLOWER to CANDIDATE at term 23 for changeToCandidate
2019-10-18 07:03:20,138 [Thread-694] INFO  impl.RoleInfo (RoleInfo.java:updateAndGet(143)) - 46b9516a-dfd6-4e8f-8939-5a6242357177: start LeaderElection
2019-10-18 07:03:20,168 [46b9516a-dfd6-4e8f-8939-5a6242357177@group-CAF408347A58-LeaderElection23] INFO  impl.LeaderElection (LeaderElection.java:askForVotes(178)) - 46b9516a-dfd6-4e8f-8939-5a6242357177@group-CAF408347A58-LeaderElection23: begin an election at term 24 for 0: [f69cf638-138d-4576-91da-2cd882e57eee:192.168.34.25:40171, 46b9516a-dfd6-4e8f-8939-5a6242357177:192.168.34.25:42762, 93f10d81-f4b6-4237-b2e6-6c2ccf8ca027:192.168.34.25:43753], old=null
2019-10-18 07:03:20,171 [grpc-default-executor-0] INFO  impl.RaftServerImpl (RaftServerImpl.java:setRole(184)) - f69cf638-138d-4576-91da-2cd882e57eee@group-CAF408347A58: changes role from  FOLLOWER to FOLLOWER at term 24 for recognizeCandidate:46b9516a-dfd6-4e8f-8939-5a6242357177
2019-10-18 07:03:20,171 [grpc-default-executor-2] INFO  impl.RaftServerImpl (RaftServerImpl.java:setRole(184)) - 93f10d81-f4b6-4237-b2e6-6c2ccf8ca027@group-CAF408347A58: changes role from  FOLLOWER to FOLLOWER at term 24 for recognizeCandidate:46b9516a-dfd6-4e8f-8939-5a6242357177
2019-10-18 07:03:20,171 [grpc-default-executor-0] INFO  impl.RoleInfo (RoleInfo.java:shutdownFollowerState(121)) - f69cf638-138d-4576-91da-2cd882e57eee: shutdown FollowerState
2019-10-18 07:03:20,171 [grpc-default-executor-2] INFO  impl.RoleInfo (RoleInfo.java:shutdownFollowerState(121)) - 93f10d81-f4b6-4237-b2e6-6c2ccf8ca027: shutdown FollowerState
2019-10-18 07:03:20,171 [Thread-692] INFO  impl.FollowerState (FollowerState.java:run(117)) - f69cf638-138d-4576-91da-2cd882e57eee@group-CAF408347A58-FollowerState was interrupted: java.lang.InterruptedException: sleep interrupted
2019-10-18 07:03:20,172 [grpc-default-executor-2] INFO  impl.RoleInfo (RoleInfo.java:updateAndGet(143)) - 93f10d81-f4b6-4237-b2e6-6c2ccf8ca027: start FollowerState
2019-10-18 07:03:20,171 [grpc-default-executor-0] INFO  impl.RoleInfo (RoleInfo.java:updateAndGet(143)) - f69cf638-138d-4576-91da-2cd882e57eee: start FollowerState
2019-10-18 07:03:20,172 [Thread-693] INFO  impl.FollowerState (FollowerState.java:run(117)) - 93f10d81-f4b6-4237-b2e6-6c2ccf8ca027@group-CAF408347A58-FollowerState was interrupted: java.lang.InterruptedException: sleep interrupted
2019-10-18 07:03:20,186 [46b9516a-dfd6-4e8f-8939-5a6242357177@group-CAF408347A58-LeaderElection23] INFO  impl.LeaderElection (LeaderElection.java:logAndReturn(56)) - 46b9516a-dfd6-4e8f-8939-5a6242357177@group-CAF408347A58-LeaderElection23: Election REJECTED; received 2 response(s) [46b9516a-dfd6-4e8f-8939-5a6242357177<-f69cf638-138d-4576-91da-2cd882e57eee#0:FAIL-t24, 46b9516a-dfd6-4e8f-8939-5a6242357177<-93f10d81-f4b6-4237-b2e6-6c2ccf8ca027#0:FAIL-t24] and 0 exception(s); 46b9516a-dfd6-4e8f-8939-5a6242357177@group-CAF408347A58:t24, leader=null, voted=46b9516a-dfd6-4e8f-8939-5a6242357177, raftlog=46b9516a-dfd6-4e8f-8939-5a6242357177@group-CAF408347A58-SegmentedRaftLog:OPENED:c3,f4,i4, conf=0: [f69cf638-138d-4576-91da-2cd882e57eee:192.168.34.25:40171, 46b9516a-dfd6-4e8f-8939-5a6242357177:192.168.34.25:42762, 93f10d81-f4b6-4237-b2e6-6c2ccf8ca027:192.168.34.25:43753], old=null
2019-10-18 07:03:20,187 [46b9516a-dfd6-4e8f-8939-5a6242357177@group-CAF408347A58-LeaderElection23] INFO  impl.RaftServerImpl (RaftServerImpl.java:setRole(184)) - 46b9516a-dfd6-4e8f-8939-5a6242357177@group-CAF408347A58: changes role from CANDIDATE to FOLLOWER at term 24 for DISCOVERED_A_NEW_TERM
2019-10-18 07:03:20,187 [46b9516a-dfd6-4e8f-8939-5a6242357177@group-CAF408347A58-LeaderElection23] INFO  impl.RoleInfo (RoleInfo.java:shutdownLeaderElection(134)) - 46b9516a-dfd6-4e8f-8939-5a6242357177: shutdown LeaderElection
2019-10-18 07:03:20,187 [46b9516a-dfd6-4e8f-8939-5a6242357177@group-CAF408347A58-LeaderElection23] INFO  impl.RoleInfo (RoleInfo.java:updateAndGet(143)) - 46b9516a-dfd6-4e8f-8939-5a6242357177: start FollowerState
2019-10-18 07:03:20,207 [Thread-703] INFO  impl.FollowerState (FollowerState.java:run(108)) - 46b9516a-dfd6-4e8f-8939-5a6242357177@group-CAF408347A58-FollowerState: change to CANDIDATE, lastRpcTime:20ms, electionTimeout:20ms
2019-10-18 07:03:20,209 [Thread-703] INFO  impl.RoleInfo (RoleInfo.java:shutdownFollowerState(121)) - 46b9516a-dfd6-4e8f-8939-5a6242357177: shutdown FollowerState
2019-10-18 07:03:20,209 [Thread-703] INFO  impl.RaftServerImpl (RaftServerImpl.java:setRole(184)) - 46b9516a-dfd6-4e8f-8939-5a6242357177@group-CAF408347A58: changes role from  FOLLOWER to CANDIDATE at term 24 for changeToCandidate
2019-10-18 07:03:20,209 [Thread-703] INFO  impl.RoleInfo (RoleInfo.java:updateAndGet(143)) - 46b9516a-dfd6-4e8f-8939-5a6242357177: start LeaderElection
2019-10-18 07:03:20,236 [46b9516a-dfd6-4e8f-8939-5a6242357177@group-CAF408347A58-LeaderElection24] INFO  impl.LeaderElection (LeaderElection.java:askForVotes(178)) - 46b9516a-dfd6-4e8f-8939-5a6242357177@group-CAF408347A58-LeaderElection24: begin an election at term 25 for 0: [f69cf638-138d-4576-91da-2cd882e57eee:192.168.34.25:40171, 46b9516a-dfd6-4e8f-8939-5a6242357177:192.168.34.25:42762, 93f10d81-f4b6-4237-b2e6-6c2ccf8ca027:192.168.34.25:43753], old=null
2019-10-18 07:03:20,239 [grpc-default-executor-2] INFO  impl.RaftServerImpl (RaftServerImpl.java:setRole(184)) - f69cf638-138d-4576-91da-2cd882e57eee@group-CAF408347A58: changes role from  FOLLOWER to FOLLOWER at term 25 for recognizeCandidate:46b9516a-dfd6-4e8f-8939-5a6242357177
2019-10-18 07:03:20,239 [grpc-default-executor-0] INFO  impl.RaftServerImpl (RaftServerImpl.java:setRole(184)) - 93f10d81-f4b6-4237-b2e6-6c2ccf8ca027@group-CAF408347A58: changes role from  FOLLOWER to FOLLOWER at term 25 for recognizeCandidate:46b9516a-dfd6-4e8f-8939-5a6242357177
2019-10-18 07:03:20,239 [grpc-default-executor-2] INFO  impl.RoleInfo (RoleInfo.java:shutdownFollowerState(121)) - f69cf638-138d-4576-91da-2cd882e57eee: shutdown FollowerState
2019-10-18 07:03:20,239 [grpc-default-executor-0] INFO  impl.RoleInfo (RoleInfo.java:shutdownFollowerState(121)) - 93f10d81-f4b6-4237-b2e6-6c2ccf8ca027: shutdown FollowerState
2019-10-18 07:03:20,239 [Thread-700] INFO  impl.FollowerState (FollowerState.java:run(117)) - f69cf638-138d-4576-91da-2cd882e57eee@group-CAF408347A58-FollowerState was interrupted: java.lang.InterruptedException: sleep interrupted
2019-10-18 07:03:20,239 [grpc-default-executor-2] INFO  impl.RoleInfo (RoleInfo.java:updateAndGet(143)) - f69cf638-138d-4576-91da-2cd882e57eee: start FollowerState
2019-10-18 07:03:20,240 [Thread-701] INFO  impl.FollowerState (FollowerState.java:run(117)) - 93f10d81-f4b6-4237-b2e6-6c2ccf8ca027@group-CAF408347A58-FollowerState was interrupted: java.lang.InterruptedException: sleep interrupted
2019-10-18 07:03:20,239 [grpc-default-executor-0] INFO  impl.RoleInfo (RoleInfo.java:updateAndGet(143)) - 93f10d81-f4b6-4237-b2e6-6c2ccf8ca027: start FollowerState
2019-10-18 07:03:20,263 [46b9516a-dfd6-4e8f-8939-5a6242357177@group-CAF408347A58-LeaderElection24] INFO  impl.LeaderElection (LeaderElection.java:logAndReturn(56)) - 46b9516a-dfd6-4e8f-8939-5a6242357177@group-CAF408347A58-LeaderElection24: Election REJECTED; received 2 response(s) [46b9516a-dfd6-4e8f-8939-5a6242357177<-f69cf638-138d-4576-91da-2cd882e57eee#0:FAIL-t25, 46b9516a-dfd6-4e8f-8939-5a6242357177<-93f10d81-f4b6-4237-b2e6-6c2ccf8ca027#0:FAIL-t25] and 0 exception(s); 46b9516a-dfd6-4e8f-8939-5a6242357177@group-CAF408347A58:t25, leader=null, voted=46b9516a-dfd6-4e8f-8939-5a6242357177, raftlog=46b9516a-dfd6-4e8f-8939-5a6242357177@group-CAF408347A58-SegmentedRaftLog:OPENED:c3,f4,i4, conf=0: [f69cf638-138d-4576-91da-2cd882e57eee:192.168.34.25:40171, 46b9516a-dfd6-4e8f-8939-5a6242357177:192.168.34.25:42762, 93f10d81-f4b6-4237-b2e6-6c2ccf8ca027:192.168.34.25:43753], old=null
2019-10-18 07:03:20,263 [46b9516a-dfd6-4e8f-8939-5a6242357177@group-CAF408347A58-LeaderElection24] INFO  impl.RaftServerImpl (RaftServerImpl.java:setRole(184)) - 46b9516a-dfd6-4e8f-8939-5a6242357177@group-CAF408347A58: changes role from CANDIDATE to FOLLOWER at term 25 for DISCOVERED_A_NEW_TERM
2019-10-18 07:03:20,263 [46b9516a-dfd6-4e8f-8939-5a6242357177@group-CAF408347A58-LeaderElection24] INFO  impl.RoleInfo (RoleInfo.java:shutdownLeaderElection(134)) - 46b9516a-dfd6-4e8f-8939-5a6242357177: shutdown LeaderElection
2019-10-18 07:03:20,263 [46b9516a-dfd6-4e8f-8939-5a6242357177@group-CAF408347A58-LeaderElection24] INFO  impl.RoleInfo (RoleInfo.java:updateAndGet(143)) - 46b9516a-dfd6-4e8f-8939-5a6242357177: start FollowerState
2019-10-18 07:03:20,281 [pool-7-thread-2] INFO  commands.RetriableDatanodeEventWatcher (RetriableDatanodeEventWatcher.java:onTimeout(47)) - RetriableDatanodeCommand type=deleteBlocksCommand with id=1571382194277 timed out. Retrying.
2019-10-18 07:03:20,283 [pool-7-thread-3] INFO  commands.RetriableDatanodeEventWatcher (RetriableDatanodeEventWatcher.java:onTimeout(47)) - RetriableDatanodeCommand type=deleteBlocksCommand with id=1571382194272 timed out. Retrying.
2019-10-18 07:03:20,283 [pool-7-thread-4] INFO  commands.RetriableDatanodeEventWatcher (RetriableDatanodeEventWatcher.java:onTimeout(47)) - RetriableDatanodeCommand type=deleteBlocksCommand with id=1571382194276 timed out. Retrying.
2019-10-18 07:03:20,283 [pool-7-thread-6] INFO  commands.RetriableDatanodeEventWatcher (RetriableDatanodeEventWatcher.java:onTimeout(47)) - RetriableDatanodeCommand type=deleteBlocksCommand with id=1571382194278 timed out. Retrying.
2019-10-18 07:03:20,283 [SCMBlockDeletingService#0] INFO  block.SCMBlockDeletingService (SCMBlockDeletingService.java:call(184)) - Totally added 1 delete blocks command for 1 datanodes, task elapsed time: 2ms
2019-10-18 07:03:20,283 [pool-7-thread-5] INFO  commands.RetriableDatanodeEventWatcher (RetriableDatanodeEventWatcher.java:onTimeout(47)) - RetriableDatanodeCommand type=deleteBlocksCommand with id=1571382194275 timed out. Retrying.
2019-10-18 07:03:20,284 [pool-7-thread-1] INFO  commands.RetriableDatanodeEventWatcher (RetriableDatanodeEventWatcher.java:onTimeout(47)) - RetriableDatanodeCommand type=deleteBlocksCommand with id=1571382194274 timed out. Retrying.
2019-10-18 07:03:20,285 [Thread-711] INFO  client.GrpcClientProtocolService (GrpcClientProtocolService.java:lambda$processClientRequest$0(278)) - Failed RaftClientRequest:client-79AC2A5FBE9C->46b9516a-dfd6-4e8f-8939-5a6242357177@group-CAF408347A58, cid=10, seq=0, Watch-ALL_COMMITTED(6), Message:<EMPTY>, reply=RaftClientReply:client-79AC2A5FBE9C->46b9516a-dfd6-4e8f-8939-5a6242357177@group-CAF408347A58, cid=10, FAILED org.apache.ratis.protocol.NotLeaderException: Server 46b9516a-dfd6-4e8f-8939-5a6242357177@group-CAF408347A58 is not the leader, logIndex=0, commits[46b9516a-dfd6-4e8f-8939-5a6242357177:c3]
2019-10-18 07:03:20,403 [Thread-709] INFO  impl.FollowerState (FollowerState.java:run(108)) - 46b9516a-dfd6-4e8f-8939-5a6242357177@group-CAF408347A58-FollowerState: change to CANDIDATE, lastRpcTime:139ms, electionTimeout:139ms
2019-10-18 07:03:20,403 [Thread-709] INFO  impl.RoleInfo (RoleInfo.java:shutdownFollowerState(121)) - 46b9516a-dfd6-4e8f-8939-5a6242357177: shutdown FollowerState
2019-10-18 07:03:20,403 [Thread-709] INFO  impl.RaftServerImpl (RaftServerImpl.java:setRole(184)) - 46b9516a-dfd6-4e8f-8939-5a6242357177@group-CAF408347A58: changes role from  FOLLOWER to CANDIDATE at term 25 for changeToCandidate
2019-10-18 07:03:20,403 [Thread-709] INFO  impl.RoleInfo (RoleInfo.java:updateAndGet(143)) - 46b9516a-dfd6-4e8f-8939-5a6242357177: start LeaderElection
2019-10-18 07:03:20,429 [46b9516a-dfd6-4e8f-8939-5a6242357177@group-CAF408347A58-LeaderElection25] INFO  impl.LeaderElection (LeaderElection.java:askForVotes(178)) - 46b9516a-dfd6-4e8f-8939-5a6242357177@group-CAF408347A58-LeaderElection25: begin an election at term 26 for 0: [f69cf638-138d-4576-91da-2cd882e57eee:192.168.34.25:40171, 46b9516a-dfd6-4e8f-8939-5a6242357177:192.168.34.25:42762, 93f10d81-f4b6-4237-b2e6-6c2ccf8ca027:192.168.34.25:43753], old=null
2019-10-18 07:03:20,433 [46b9516a-dfd6-4e8f-8939-5a6242357177@group-CAF408347A58-LeaderElection25] INFO  impl.LeaderElection (LeaderElection.java:logAndReturn(56)) - 46b9516a-dfd6-4e8f-8939-5a6242357177@group-CAF408347A58-LeaderElection25: Election TIMEOUT; received 0 response(s) [] and 0 exception(s); 46b9516a-dfd6-4e8f-8939-5a6242357177@group-CAF408347A58:t26, leader=null, voted=46b9516a-dfd6-4e8f-8939-5a6242357177, raftlog=46b9516a-dfd6-4e8f-8939-5a6242357177@group-CAF408347A58-SegmentedRaftLog:OPENED:c3,f4,i4, conf=0: [f69cf638-138d-4576-91da-2cd882e57eee:192.168.34.25:40171, 46b9516a-dfd6-4e8f-8939-5a6242357177:192.168.34.25:42762, 93f10d81-f4b6-4237-b2e6-6c2ccf8ca027:192.168.34.25:43753], old=null
2019-10-18 07:03:20,434 [grpc-default-executor-0] INFO  impl.RaftServerImpl (RaftServerImpl.java:setRole(184)) - f69cf638-138d-4576-91da-2cd882e57eee@group-CAF408347A58: changes role from  FOLLOWER to FOLLOWER at term 26 for recognizeCandidate:46b9516a-dfd6-4e8f-8939-5a6242357177
2019-10-18 07:03:20,434 [grpc-default-executor-2] INFO  impl.RaftServerImpl (RaftServerImpl.java:setRole(184)) - 93f10d81-f4b6-4237-b2e6-6c2ccf8ca027@group-CAF408347A58: changes role from  FOLLOWER to FOLLOWER at term 26 for recognizeCandidate:46b9516a-dfd6-4e8f-8939-5a6242357177
2019-10-18 07:03:20,434 [grpc-default-executor-0] INFO  impl.RoleInfo (RoleInfo.java:shutdownFollowerState(121)) - f69cf638-138d-4576-91da-2cd882e57eee: shutdown FollowerState
2019-10-18 07:03:20,435 [grpc-default-executor-2] INFO  impl.RoleInfo (RoleInfo.java:shutdownFollowerState(121)) - 93f10d81-f4b6-4237-b2e6-6c2ccf8ca027: shutdown FollowerState
2019-10-18 07:03:20,435 [grpc-default-executor-2] INFO  impl.RoleInfo (RoleInfo.java:updateAndGet(143)) - 93f10d81-f4b6-4237-b2e6-6c2ccf8ca027: start FollowerState
2019-10-18 07:03:20,435 [Thread-707] INFO  impl.FollowerState (FollowerState.java:run(117)) - f69cf638-138d-4576-91da-2cd882e57eee@group-CAF408347A58-FollowerState was interrupted: java.lang.InterruptedException: sleep interrupted
2019-10-18 07:03:20,435 [grpc-default-executor-0] INFO  impl.RoleInfo (RoleInfo.java:updateAndGet(143)) - f69cf638-138d-4576-91da-2cd882e57eee: start FollowerState
2019-10-18 07:03:20,435 [Thread-708] INFO  impl.FollowerState (FollowerState.java:run(117)) - 93f10d81-f4b6-4237-b2e6-6c2ccf8ca027@group-CAF408347A58-FollowerState was interrupted: java.lang.InterruptedException: sleep interrupted
2019-10-18 07:03:20,454 [46b9516a-dfd6-4e8f-8939-5a6242357177@group-CAF408347A58-LeaderElection25] INFO  impl.LeaderElection (LeaderElection.java:askForVotes(178)) - 46b9516a-dfd6-4e8f-8939-5a6242357177@group-CAF408347A58-LeaderElection25: begin an election at term 27 for 0: [f69cf638-138d-4576-91da-2cd882e57eee:192.168.34.25:40171, 46b9516a-dfd6-4e8f-8939-5a6242357177:192.168.34.25:42762, 93f10d81-f4b6-4237-b2e6-6c2ccf8ca027:192.168.34.25:43753], old=null
2019-10-18 07:03:20,457 [grpc-default-executor-0] INFO  impl.RaftServerImpl (RaftServerImpl.java:setRole(184)) - f69cf638-138d-4576-91da-2cd882e57eee@group-CAF408347A58: changes role from  FOLLOWER to FOLLOWER at term 27 for recognizeCandidate:46b9516a-dfd6-4e8f-8939-5a6242357177
2019-10-18 07:03:20,457 [grpc-default-executor-0] INFO  impl.RoleInfo (RoleInfo.java:shutdownFollowerState(121)) - f69cf638-138d-4576-91da-2cd882e57eee: shutdown FollowerState
2019-10-18 07:03:20,457 [grpc-default-executor-2] INFO  impl.RaftServerImpl (RaftServerImpl.java:setRole(184)) - 93f10d81-f4b6-4237-b2e6-6c2ccf8ca027@group-CAF408347A58: changes role from  FOLLOWER to FOLLOWER at term 27 for recognizeCandidate:46b9516a-dfd6-4e8f-8939-5a6242357177
2019-10-18 07:03:20,457 [Thread-716] INFO  impl.FollowerState (FollowerState.java:run(117)) - f69cf638-138d-4576-91da-2cd882e57eee@group-CAF408347A58-FollowerState was interrupted: java.lang.InterruptedException: sleep interrupted
2019-10-18 07:03:20,457 [grpc-default-executor-0] INFO  impl.RoleInfo (RoleInfo.java:updateAndGet(143)) - f69cf638-138d-4576-91da-2cd882e57eee: start FollowerState
2019-10-18 07:03:20,457 [grpc-default-executor-2] INFO  impl.RoleInfo (RoleInfo.java:shutdownFollowerState(121)) - 93f10d81-f4b6-4237-b2e6-6c2ccf8ca027: shutdown FollowerState
2019-10-18 07:03:20,458 [grpc-default-executor-2] INFO  impl.RoleInfo (RoleInfo.java:updateAndGet(143)) - 93f10d81-f4b6-4237-b2e6-6c2ccf8ca027: start FollowerState
2019-10-18 07:03:20,458 [Thread-717] INFO  impl.FollowerState (FollowerState.java:run(117)) - 93f10d81-f4b6-4237-b2e6-6c2ccf8ca027@group-CAF408347A58-FollowerState was interrupted: java.lang.InterruptedException: sleep interrupted
2019-10-18 07:03:20,475 [46b9516a-dfd6-4e8f-8939-5a6242357177@group-CAF408347A58-LeaderElection25] INFO  impl.LeaderElection (LeaderElection.java:logAndReturn(56)) - 46b9516a-dfd6-4e8f-8939-5a6242357177@group-CAF408347A58-LeaderElection25: Election TIMEOUT; received 0 response(s) [] and 0 exception(s); 46b9516a-dfd6-4e8f-8939-5a6242357177@group-CAF408347A58:t27, leader=null, voted=46b9516a-dfd6-4e8f-8939-5a6242357177, raftlog=46b9516a-dfd6-4e8f-8939-5a6242357177@group-CAF408347A58-SegmentedRaftLog:OPENED:c3,f4,i4, conf=0: [f69cf638-138d-4576-91da-2cd882e57eee:192.168.34.25:40171, 46b9516a-dfd6-4e8f-8939-5a6242357177:192.168.34.25:42762, 93f10d81-f4b6-4237-b2e6-6c2ccf8ca027:192.168.34.25:43753], old=null
2019-10-18 07:03:20,497 [46b9516a-dfd6-4e8f-8939-5a6242357177@group-CAF408347A58-LeaderElection25] INFO  impl.LeaderElection (LeaderElection.java:askForVotes(178)) - 46b9516a-dfd6-4e8f-8939-5a6242357177@group-CAF408347A58-LeaderElection25: begin an election at term 28 for 0: [f69cf638-138d-4576-91da-2cd882e57eee:192.168.34.25:40171, 46b9516a-dfd6-4e8f-8939-5a6242357177:192.168.34.25:42762, 93f10d81-f4b6-4237-b2e6-6c2ccf8ca027:192.168.34.25:43753], old=null
2019-10-18 07:03:20,499 [grpc-default-executor-2] INFO  impl.RaftServerImpl (RaftServerImpl.java:setRole(184)) - f69cf638-138d-4576-91da-2cd882e57eee@group-CAF408347A58: changes role from  FOLLOWER to FOLLOWER at term 28 for recognizeCandidate:46b9516a-dfd6-4e8f-8939-5a6242357177
2019-10-18 07:03:20,501 [grpc-default-executor-2] INFO  impl.RoleInfo (RoleInfo.java:shutdownFollowerState(121)) - f69cf638-138d-4576-91da-2cd882e57eee: shutdown FollowerState
2019-10-18 07:03:20,501 [grpc-default-executor-2] INFO  impl.RoleInfo (RoleInfo.java:updateAndGet(143)) - f69cf638-138d-4576-91da-2cd882e57eee: start FollowerState
2019-10-18 07:03:20,501 [grpc-default-executor-0] INFO  impl.RaftServerImpl (RaftServerImpl.java:setRole(184)) - 93f10d81-f4b6-4237-b2e6-6c2ccf8ca027@group-CAF408347A58: changes role from  FOLLOWER to FOLLOWER at term 28 for recognizeCandidate:46b9516a-dfd6-4e8f-8939-5a6242357177
2019-10-18 07:03:20,501 [Thread-720] INFO  impl.FollowerState (FollowerState.java:run(117)) - f69cf638-138d-4576-91da-2cd882e57eee@group-CAF408347A58-FollowerState was interrupted: java.lang.InterruptedException: sleep interrupted
2019-10-18 07:03:20,501 [grpc-default-executor-0] INFO  impl.RoleInfo (RoleInfo.java:shutdownFollowerState(121)) - 93f10d81-f4b6-4237-b2e6-6c2ccf8ca027: shutdown FollowerState
2019-10-18 07:03:20,501 [grpc-default-executor-0] INFO  impl.RoleInfo (RoleInfo.java:updateAndGet(143)) - 93f10d81-f4b6-4237-b2e6-6c2ccf8ca027: start FollowerState
2019-10-18 07:03:20,501 [Thread-721] INFO  impl.FollowerState (FollowerState.java:run(117)) - 93f10d81-f4b6-4237-b2e6-6c2ccf8ca027@group-CAF408347A58-FollowerState was interrupted: java.lang.InterruptedException: sleep interrupted
2019-10-18 07:03:20,524 [46b9516a-dfd6-4e8f-8939-5a6242357177@group-CAF408347A58-LeaderElection25] INFO  impl.LeaderElection (LeaderElection.java:logAndReturn(56)) - 46b9516a-dfd6-4e8f-8939-5a6242357177@group-CAF408347A58-LeaderElection25: Election REJECTED; received 2 response(s) [46b9516a-dfd6-4e8f-8939-5a6242357177<-f69cf638-138d-4576-91da-2cd882e57eee#0:FAIL-t28, 46b9516a-dfd6-4e8f-8939-5a6242357177<-93f10d81-f4b6-4237-b2e6-6c2ccf8ca027#0:FAIL-t28] and 0 exception(s); 46b9516a-dfd6-4e8f-8939-5a6242357177@group-CAF408347A58:t28, leader=null, voted=46b9516a-dfd6-4e8f-8939-5a6242357177, raftlog=46b9516a-dfd6-4e8f-8939-5a6242357177@group-CAF408347A58-SegmentedRaftLog:OPENED:c3,f4,i4, conf=0: [f69cf638-138d-4576-91da-2cd882e57eee:192.168.34.25:40171, 46b9516a-dfd6-4e8f-8939-5a6242357177:192.168.34.25:42762, 93f10d81-f4b6-4237-b2e6-6c2ccf8ca027:192.168.34.25:43753], old=null
2019-10-18 07:03:20,524 [46b9516a-dfd6-4e8f-8939-5a6242357177@group-CAF408347A58-LeaderElection25] INFO  impl.RaftServerImpl (RaftServerImpl.java:setRole(184)) - 46b9516a-dfd6-4e8f-8939-5a6242357177@group-CAF408347A58: changes role from CANDIDATE to FOLLOWER at term 28 for DISCOVERED_A_NEW_TERM
2019-10-18 07:03:20,524 [46b9516a-dfd6-4e8f-8939-5a6242357177@group-CAF408347A58-LeaderElection25] INFO  impl.RoleInfo (RoleInfo.java:shutdownLeaderElection(134)) - 46b9516a-dfd6-4e8f-8939-5a6242357177: shutdown LeaderElection
2019-10-18 07:03:20,524 [46b9516a-dfd6-4e8f-8939-5a6242357177@group-CAF408347A58-LeaderElection25] INFO  impl.RoleInfo (RoleInfo.java:updateAndGet(143)) - 46b9516a-dfd6-4e8f-8939-5a6242357177: start FollowerState
2019-10-18 07:03:20,675 [Thread-726] INFO  impl.FollowerState (FollowerState.java:run(108)) - 46b9516a-dfd6-4e8f-8939-5a6242357177@group-CAF408347A58-FollowerState: change to CANDIDATE, lastRpcTime:150ms, electionTimeout:150ms
2019-10-18 07:03:20,677 [Thread-726] INFO  impl.RoleInfo (RoleInfo.java:shutdownFollowerState(121)) - 46b9516a-dfd6-4e8f-8939-5a6242357177: shutdown FollowerState
2019-10-18 07:03:20,677 [Thread-726] INFO  impl.RaftServerImpl (RaftServerImpl.java:setRole(184)) - 46b9516a-dfd6-4e8f-8939-5a6242357177@group-CAF408347A58: changes role from  FOLLOWER to CANDIDATE at term 28 for changeToCandidate
2019-10-18 07:03:20,677 [Thread-726] INFO  impl.RoleInfo (RoleInfo.java:updateAndGet(143)) - 46b9516a-dfd6-4e8f-8939-5a6242357177: start LeaderElection
2019-10-18 07:03:20,699 [46b9516a-dfd6-4e8f-8939-5a6242357177@group-CAF408347A58-LeaderElection26] INFO  impl.LeaderElection (LeaderElection.java:askForVotes(178)) - 46b9516a-dfd6-4e8f-8939-5a6242357177@group-CAF408347A58-LeaderElection26: begin an election at term 29 for 0: [f69cf638-138d-4576-91da-2cd882e57eee:192.168.34.25:40171, 46b9516a-dfd6-4e8f-8939-5a6242357177:192.168.34.25:42762, 93f10d81-f4b6-4237-b2e6-6c2ccf8ca027:192.168.34.25:43753], old=null
2019-10-18 07:03:20,702 [grpc-default-executor-2] INFO  impl.RaftServerImpl (RaftServerImpl.java:setRole(184)) - f69cf638-138d-4576-91da-2cd882e57eee@group-CAF408347A58: changes role from  FOLLOWER to FOLLOWER at term 29 for recognizeCandidate:46b9516a-dfd6-4e8f-8939-5a6242357177
2019-10-18 07:03:20,702 [grpc-default-executor-0] INFO  impl.RaftServerImpl (RaftServerImpl.java:setRole(184)) - 93f10d81-f4b6-4237-b2e6-6c2ccf8ca027@group-CAF408347A58: changes role from  FOLLOWER to FOLLOWER at term 29 for recognizeCandidate:46b9516a-dfd6-4e8f-8939-5a6242357177
2019-10-18 07:03:20,702 [grpc-default-executor-2] INFO  impl.RoleInfo (RoleInfo.java:shutdownFollowerState(121)) - f69cf638-138d-4576-91da-2cd882e57eee: shutdown FollowerState
2019-10-18 07:03:20,702 [grpc-default-executor-0] INFO  impl.RoleInfo (RoleInfo.java:shutdownFollowerState(121)) - 93f10d81-f4b6-4237-b2e6-6c2ccf8ca027: shutdown FollowerState
2019-10-18 07:03:20,702 [grpc-default-executor-2] INFO  impl.RoleInfo (RoleInfo.java:updateAndGet(143)) - f69cf638-138d-4576-91da-2cd882e57eee: start FollowerState
2019-10-18 07:03:20,703 [Thread-724] INFO  impl.FollowerState (FollowerState.java:run(117)) - f69cf638-138d-4576-91da-2cd882e57eee@group-CAF408347A58-FollowerState was interrupted: java.lang.InterruptedException: sleep interrupted
2019-10-18 07:03:20,703 [Thread-725] INFO  impl.FollowerState (FollowerState.java:run(117)) - 93f10d81-f4b6-4237-b2e6-6c2ccf8ca027@group-CAF408347A58-FollowerState was interrupted: java.lang.InterruptedException: sleep interrupted
2019-10-18 07:03:20,703 [grpc-default-executor-0] INFO  impl.RoleInfo (RoleInfo.java:updateAndGet(143)) - 93f10d81-f4b6-4237-b2e6-6c2ccf8ca027: start FollowerState
2019-10-18 07:03:20,726 [46b9516a-dfd6-4e8f-8939-5a6242357177@group-CAF408347A58-LeaderElection26] INFO  impl.LeaderElection (LeaderElection.java:logAndReturn(56)) - 46b9516a-dfd6-4e8f-8939-5a6242357177@group-CAF408347A58-LeaderElection26: Election REJECTED; received 2 response(s) [46b9516a-dfd6-4e8f-8939-5a6242357177<-f69cf638-138d-4576-91da-2cd882e57eee#0:FAIL-t29, 46b9516a-dfd6-4e8f-8939-5a6242357177<-93f10d81-f4b6-4237-b2e6-6c2ccf8ca027#0:FAIL-t29] and 0 exception(s); 46b9516a-dfd6-4e8f-8939-5a6242357177@group-CAF408347A58:t29, leader=null, voted=46b9516a-dfd6-4e8f-8939-5a6242357177, raftlog=46b9516a-dfd6-4e8f-8939-5a6242357177@group-CAF408347A58-SegmentedRaftLog:OPENED:c3,f4,i4, conf=0: [f69cf638-138d-4576-91da-2cd882e57eee:192.168.34.25:40171, 46b9516a-dfd6-4e8f-8939-5a6242357177:192.168.34.25:42762, 93f10d81-f4b6-4237-b2e6-6c2ccf8ca027:192.168.34.25:43753], old=null
2019-10-18 07:03:20,726 [46b9516a-dfd6-4e8f-8939-5a6242357177@group-CAF408347A58-LeaderElection26] INFO  impl.RaftServerImpl (RaftServerImpl.java:setRole(184)) - 46b9516a-dfd6-4e8f-8939-5a6242357177@group-CAF408347A58: changes role from CANDIDATE to FOLLOWER at term 29 for DISCOVERED_A_NEW_TERM
2019-10-18 07:03:20,726 [46b9516a-dfd6-4e8f-8939-5a6242357177@group-CAF408347A58-LeaderElection26] INFO  impl.RoleInfo (RoleInfo.java:shutdownLeaderElection(134)) - 46b9516a-dfd6-4e8f-8939-5a6242357177: shutdown LeaderElection
2019-10-18 07:03:20,726 [46b9516a-dfd6-4e8f-8939-5a6242357177@group-CAF408347A58-LeaderElection26] INFO  impl.RoleInfo (RoleInfo.java:updateAndGet(143)) - 46b9516a-dfd6-4e8f-8939-5a6242357177: start FollowerState
2019-10-18 07:03:20,878 [Thread-732] INFO  impl.FollowerState (FollowerState.java:run(108)) - 46b9516a-dfd6-4e8f-8939-5a6242357177@group-CAF408347A58-FollowerState: change to CANDIDATE, lastRpcTime:152ms, electionTimeout:152ms
2019-10-18 07:03:20,880 [Thread-732] INFO  impl.RoleInfo (RoleInfo.java:shutdownFollowerState(121)) - 46b9516a-dfd6-4e8f-8939-5a6242357177: shutdown FollowerState
2019-10-18 07:03:20,880 [Thread-732] INFO  impl.RaftServerImpl (RaftServerImpl.java:setRole(184)) - 46b9516a-dfd6-4e8f-8939-5a6242357177@group-CAF408347A58: changes role from  FOLLOWER to CANDIDATE at term 29 for changeToCandidate
2019-10-18 07:03:20,880 [Thread-732] INFO  impl.RoleInfo (RoleInfo.java:updateAndGet(143)) - 46b9516a-dfd6-4e8f-8939-5a6242357177: start LeaderElection
2019-10-18 07:03:20,927 [46b9516a-dfd6-4e8f-8939-5a6242357177@group-CAF408347A58-LeaderElection27] INFO  impl.LeaderElection (LeaderElection.java:askForVotes(178)) - 46b9516a-dfd6-4e8f-8939-5a6242357177@group-CAF408347A58-LeaderElection27: begin an election at term 30 for 0: [f69cf638-138d-4576-91da-2cd882e57eee:192.168.34.25:40171, 46b9516a-dfd6-4e8f-8939-5a6242357177:192.168.34.25:42762, 93f10d81-f4b6-4237-b2e6-6c2ccf8ca027:192.168.34.25:43753], old=null
2019-10-18 07:03:20,931 [grpc-default-executor-0] INFO  impl.RaftServerImpl (RaftServerImpl.java:setRole(184)) - f69cf638-138d-4576-91da-2cd882e57eee@group-CAF408347A58: changes role from  FOLLOWER to FOLLOWER at term 30 for recognizeCandidate:46b9516a-dfd6-4e8f-8939-5a6242357177
2019-10-18 07:03:20,931 [grpc-default-executor-2] INFO  impl.RaftServerImpl (RaftServerImpl.java:setRole(184)) - 93f10d81-f4b6-4237-b2e6-6c2ccf8ca027@group-CAF408347A58: changes role from  FOLLOWER to FOLLOWER at term 30 for recognizeCandidate:46b9516a-dfd6-4e8f-8939-5a6242357177
2019-10-18 07:03:20,931 [grpc-default-executor-0] INFO  impl.RoleInfo (RoleInfo.java:shutdownFollowerState(121)) - f69cf638-138d-4576-91da-2cd882e57eee: shutdown FollowerState
2019-10-18 07:03:20,931 [grpc-default-executor-2] INFO  impl.RoleInfo (RoleInfo.java:shutdownFollowerState(121)) - 93f10d81-f4b6-4237-b2e6-6c2ccf8ca027: shutdown FollowerState
2019-10-18 07:03:20,931 [grpc-default-executor-0] INFO  impl.RoleInfo (RoleInfo.java:updateAndGet(143)) - f69cf638-138d-4576-91da-2cd882e57eee: start FollowerState
2019-10-18 07:03:20,931 [Thread-730] INFO  impl.FollowerState (FollowerState.java:run(117)) - f69cf638-138d-4576-91da-2cd882e57eee@group-CAF408347A58-FollowerState was interrupted: java.lang.InterruptedException: sleep interrupted
2019-10-18 07:03:20,931 [grpc-default-executor-2] INFO  impl.RoleInfo (RoleInfo.java:updateAndGet(143)) - 93f10d81-f4b6-4237-b2e6-6c2ccf8ca027: start FollowerState
2019-10-18 07:03:20,931 [Thread-731] INFO  impl.FollowerState (FollowerState.java:run(117)) - 93f10d81-f4b6-4237-b2e6-6c2ccf8ca027@group-CAF408347A58-FollowerState was interrupted: java.lang.InterruptedException: sleep interrupted
2019-10-18 07:03:20,979 [46b9516a-dfd6-4e8f-8939-5a6242357177@group-CAF408347A58-LeaderElection27] INFO  impl.LeaderElection (LeaderElection.java:logAndReturn(56)) - 46b9516a-dfd6-4e8f-8939-5a6242357177@group-CAF408347A58-LeaderElection27: Election REJECTED; received 2 response(s) [46b9516a-dfd6-4e8f-8939-5a6242357177<-f69cf638-138d-4576-91da-2cd882e57eee#0:FAIL-t30, 46b9516a-dfd6-4e8f-8939-5a6242357177<-93f10d81-f4b6-4237-b2e6-6c2ccf8ca027#0:FAIL-t30] and 0 exception(s); 46b9516a-dfd6-4e8f-8939-5a6242357177@group-CAF408347A58:t30, leader=null, voted=46b9516a-dfd6-4e8f-8939-5a6242357177, raftlog=46b9516a-dfd6-4e8f-8939-5a6242357177@group-CAF408347A58-SegmentedRaftLog:OPENED:c3,f4,i4, conf=0: [f69cf638-138d-4576-91da-2cd882e57eee:192.168.34.25:40171, 46b9516a-dfd6-4e8f-8939-5a6242357177:192.168.34.25:42762, 93f10d81-f4b6-4237-b2e6-6c2ccf8ca027:192.168.34.25:43753], old=null
2019-10-18 07:03:20,980 [46b9516a-dfd6-4e8f-8939-5a6242357177@group-CAF408347A58-LeaderElection27] INFO  impl.RaftServerImpl (RaftServerImpl.java:setRole(184)) - 46b9516a-dfd6-4e8f-8939-5a6242357177@group-CAF408347A58: changes role from CANDIDATE to FOLLOWER at term 30 for DISCOVERED_A_NEW_TERM
2019-10-18 07:03:20,980 [46b9516a-dfd6-4e8f-8939-5a6242357177@group-CAF408347A58-LeaderElection27] INFO  impl.RoleInfo (RoleInfo.java:shutdownLeaderElection(134)) - 46b9516a-dfd6-4e8f-8939-5a6242357177: shutdown LeaderElection
2019-10-18 07:03:20,980 [46b9516a-dfd6-4e8f-8939-5a6242357177@group-CAF408347A58-LeaderElection27] INFO  impl.RoleInfo (RoleInfo.java:updateAndGet(143)) - 46b9516a-dfd6-4e8f-8939-5a6242357177: start FollowerState
2019-10-18 07:03:21,022 [Thread-738] INFO  impl.FollowerState (FollowerState.java:run(108)) - 46b9516a-dfd6-4e8f-8939-5a6242357177@group-CAF408347A58-FollowerState: change to CANDIDATE, lastRpcTime:41ms, electionTimeout:41ms
2019-10-18 07:03:21,023 [Thread-738] INFO  impl.RoleInfo (RoleInfo.java:shutdownFollowerState(121)) - 46b9516a-dfd6-4e8f-8939-5a6242357177: shutdown FollowerState
2019-10-18 07:03:21,024 [Thread-738] INFO  impl.RaftServerImpl (RaftServerImpl.java:setRole(184)) - 46b9516a-dfd6-4e8f-8939-5a6242357177@group-CAF408347A58: changes role from  FOLLOWER to CANDIDATE at term 30 for changeToCandidate
2019-10-18 07:03:21,024 [Thread-738] INFO  impl.RoleInfo (RoleInfo.java:updateAndGet(143)) - 46b9516a-dfd6-4e8f-8939-5a6242357177: start LeaderElection
2019-10-18 07:03:21,046 [46b9516a-dfd6-4e8f-8939-5a6242357177@group-CAF408347A58-LeaderElection28] INFO  impl.LeaderElection (LeaderElection.java:askForVotes(178)) - 46b9516a-dfd6-4e8f-8939-5a6242357177@group-CAF408347A58-LeaderElection28: begin an election at term 31 for 0: [f69cf638-138d-4576-91da-2cd882e57eee:192.168.34.25:40171, 46b9516a-dfd6-4e8f-8939-5a6242357177:192.168.34.25:42762, 93f10d81-f4b6-4237-b2e6-6c2ccf8ca027:192.168.34.25:43753], old=null
2019-10-18 07:03:21,049 [grpc-default-executor-2] INFO  impl.RaftServerImpl (RaftServerImpl.java:setRole(184)) - 93f10d81-f4b6-4237-b2e6-6c2ccf8ca027@group-CAF408347A58: changes role from  FOLLOWER to FOLLOWER at term 31 for recognizeCandidate:46b9516a-dfd6-4e8f-8939-5a6242357177
2019-10-18 07:03:21,049 [grpc-default-executor-2] INFO  impl.RoleInfo (RoleInfo.java:shutdownFollowerState(121)) - 93f10d81-f4b6-4237-b2e6-6c2ccf8ca027: shutdown FollowerState
2019-10-18 07:03:21,050 [grpc-default-executor-2] INFO  impl.RoleInfo (RoleInfo.java:updateAndGet(143)) - 93f10d81-f4b6-4237-b2e6-6c2ccf8ca027: start FollowerState
2019-10-18 07:03:21,050 [Thread-737] INFO  impl.FollowerState (FollowerState.java:run(117)) - 93f10d81-f4b6-4237-b2e6-6c2ccf8ca027@group-CAF408347A58-FollowerState was interrupted: java.lang.InterruptedException: sleep interrupted
2019-10-18 07:03:21,051 [grpc-default-executor-0] INFO  impl.RaftServerImpl (RaftServerImpl.java:setRole(184)) - f69cf638-138d-4576-91da-2cd882e57eee@group-CAF408347A58: changes role from  FOLLOWER to FOLLOWER at term 31 for recognizeCandidate:46b9516a-dfd6-4e8f-8939-5a6242357177
2019-10-18 07:03:21,051 [grpc-default-executor-0] INFO  impl.RoleInfo (RoleInfo.java:shutdownFollowerState(121)) - f69cf638-138d-4576-91da-2cd882e57eee: shutdown FollowerState
2019-10-18 07:03:21,051 [grpc-default-executor-0] INFO  impl.RoleInfo (RoleInfo.java:updateAndGet(143)) - f69cf638-138d-4576-91da-2cd882e57eee: start FollowerState
2019-10-18 07:03:21,051 [Thread-736] INFO  impl.FollowerState (FollowerState.java:run(117)) - f69cf638-138d-4576-91da-2cd882e57eee@group-CAF408347A58-FollowerState was interrupted: java.lang.InterruptedException: sleep interrupted
2019-10-18 07:03:21,064 [46b9516a-dfd6-4e8f-8939-5a6242357177@group-CAF408347A58-LeaderElection28] INFO  impl.LeaderElection (LeaderElection.java:logAndReturn(56)) - 46b9516a-dfd6-4e8f-8939-5a6242357177@group-CAF408347A58-LeaderElection28: Election REJECTED; received 2 response(s) [46b9516a-dfd6-4e8f-8939-5a6242357177<-f69cf638-138d-4576-91da-2cd882e57eee#0:FAIL-t31, 46b9516a-dfd6-4e8f-8939-5a6242357177<-93f10d81-f4b6-4237-b2e6-6c2ccf8ca027#0:FAIL-t31] and 0 exception(s); 46b9516a-dfd6-4e8f-8939-5a6242357177@group-CAF408347A58:t31, leader=null, voted=46b9516a-dfd6-4e8f-8939-5a6242357177, raftlog=46b9516a-dfd6-4e8f-8939-5a6242357177@group-CAF408347A58-SegmentedRaftLog:OPENED:c3,f4,i4, conf=0: [f69cf638-138d-4576-91da-2cd882e57eee:192.168.34.25:40171, 46b9516a-dfd6-4e8f-8939-5a6242357177:192.168.34.25:42762, 93f10d81-f4b6-4237-b2e6-6c2ccf8ca027:192.168.34.25:43753], old=null
2019-10-18 07:03:21,065 [46b9516a-dfd6-4e8f-8939-5a6242357177@group-CAF408347A58-LeaderElection28] INFO  impl.RaftServerImpl (RaftServerImpl.java:setRole(184)) - 46b9516a-dfd6-4e8f-8939-5a6242357177@group-CAF408347A58: changes role from CANDIDATE to FOLLOWER at term 31 for DISCOVERED_A_NEW_TERM
2019-10-18 07:03:21,065 [46b9516a-dfd6-4e8f-8939-5a6242357177@group-CAF408347A58-LeaderElection28] INFO  impl.RoleInfo (RoleInfo.java:shutdownLeaderElection(134)) - 46b9516a-dfd6-4e8f-8939-5a6242357177: shutdown LeaderElection
2019-10-18 07:03:21,065 [46b9516a-dfd6-4e8f-8939-5a6242357177@group-CAF408347A58-LeaderElection28] INFO  impl.RoleInfo (RoleInfo.java:updateAndGet(143)) - 46b9516a-dfd6-4e8f-8939-5a6242357177: start FollowerState
2019-10-18 07:03:21,116 [BlockDeletingService#2] WARN  background.BlockDeletingService (BlockDeletingService.java:isDeletionAllowed(187)) - Close Container log Index 6 is not replicated across allthe servers in the pipeline fe68d6de-2f7f-4088-a26e-caf408347a58 as the min replicated index is 4. Deletion is not allowed in this container yet.
2019-10-18 07:03:21,119 [BlockDeletingService#2] WARN  background.BlockDeletingService (BlockDeletingService.java:isDeletionAllowed(187)) - Close Container log Index 6 is not replicated across allthe servers in the pipeline fe68d6de-2f7f-4088-a26e-caf408347a58 as the min replicated index is 4. Deletion is not allowed in this container yet.
2019-10-18 07:03:21,148 [EventQueue-PendingDeleteStatusForPendingDeleteHandler] INFO  block.SCMBlockDeletingService (SCMBlockDeletingService.java:handlePendingDeletes(115)) - Block deletion txnID mismatch in datanode 46b9516a-dfd6-4e8f-8939-5a6242357177 for containerID 1. Datanode delete txnID: 0, SCM txnID: 1
2019-10-18 07:03:21,164 [Thread-744] INFO  impl.FollowerState (FollowerState.java:run(108)) - 46b9516a-dfd6-4e8f-8939-5a6242357177@group-CAF408347A58-FollowerState: change to CANDIDATE, lastRpcTime:99ms, electionTimeout:99ms
2019-10-18 07:03:21,164 [Thread-744] INFO  impl.RoleInfo (RoleInfo.java:shutdownFollowerState(121)) - 46b9516a-dfd6-4e8f-8939-5a6242357177: shutdown FollowerState
2019-10-18 07:03:21,164 [Thread-744] INFO  impl.RaftServerImpl (RaftServerImpl.java:setRole(184)) - 46b9516a-dfd6-4e8f-8939-5a6242357177@group-CAF408347A58: changes role from  FOLLOWER to CANDIDATE at term 31 for changeToCandidate
2019-10-18 07:03:21,165 [Thread-744] INFO  impl.RoleInfo (RoleInfo.java:updateAndGet(143)) - 46b9516a-dfd6-4e8f-8939-5a6242357177: start LeaderElection
2019-10-18 07:03:21,222 [grpc-default-executor-2] INFO  impl.RaftServerProxy (RaftServerProxy.java:addNew(89)) - 46b9516a-dfd6-4e8f-8939-5a6242357177: addNew group-3EE4801ABF64:[46b9516a-dfd6-4e8f-8939-5a6242357177:192.168.34.25:42762] returns group-3EE4801ABF64:java.util.concurrent.CompletableFuture@59a17da3[Not completed]
2019-10-18 07:03:21,223 [46b9516a-dfd6-4e8f-8939-5a6242357177@group-CAF408347A58-LeaderElection29] INFO  impl.LeaderElection (LeaderElection.java:askForVotes(178)) - 46b9516a-dfd6-4e8f-8939-5a6242357177@group-CAF408347A58-LeaderElection29: begin an election at term 32 for 0: [f69cf638-138d-4576-91da-2cd882e57eee:192.168.34.25:40171, 46b9516a-dfd6-4e8f-8939-5a6242357177:192.168.34.25:42762, 93f10d81-f4b6-4237-b2e6-6c2ccf8ca027:192.168.34.25:43753], old=null
2019-10-18 07:03:21,225 [pool-59-thread-1] INFO  impl.RaftServerImpl (RaftServerImpl.java:<init>(104)) - 46b9516a-dfd6-4e8f-8939-5a6242357177: new RaftServerImpl for group-3EE4801ABF64:[46b9516a-dfd6-4e8f-8939-5a6242357177:192.168.34.25:42762] with ContainerStateMachine:uninitialized
2019-10-18 07:03:21,225 [grpc-default-executor-2] INFO  impl.RaftServerImpl (RaftServerImpl.java:setRole(184)) - f69cf638-138d-4576-91da-2cd882e57eee@group-CAF408347A58: changes role from  FOLLOWER to FOLLOWER at term 32 for recognizeCandidate:46b9516a-dfd6-4e8f-8939-5a6242357177
2019-10-18 07:03:21,225 [pool-59-thread-1] INFO  server.RaftServerConfigKeys (ConfUtils.java:logGet(43)) - raft.server.rpc.timeout.min = 5s (custom)
2019-10-18 07:03:21,225 [grpc-default-executor-0] INFO  impl.RaftServerImpl (RaftServerImpl.java:setRole(184)) - 93f10d81-f4b6-4237-b2e6-6c2ccf8ca027@group-CAF408347A58: changes role from  FOLLOWER to FOLLOWER at term 32 for recognizeCandidate:46b9516a-dfd6-4e8f-8939-5a6242357177
2019-10-18 07:03:21,225 [grpc-default-executor-0] INFO  impl.RoleInfo (RoleInfo.java:shutdownFollowerState(121)) - 93f10d81-f4b6-4237-b2e6-6c2ccf8ca027: shutdown FollowerState
2019-10-18 07:03:21,225 [pool-59-thread-1] INFO  server.RaftServerConfigKeys (ConfUtils.java:logGet(43)) - raft.server.rpc.timeout.max = 5200ms (custom)
2019-10-18 07:03:21,225 [grpc-default-executor-2] INFO  impl.RoleInfo (RoleInfo.java:shutdownFollowerState(121)) - f69cf638-138d-4576-91da-2cd882e57eee: shutdown FollowerState
2019-10-18 07:03:21,226 [pool-59-thread-1] INFO  server.RaftServerConfigKeys (ConfUtils.java:logGet(43)) - raft.server.rpcslowness.timeout = 1000s (custom)
2019-10-18 07:03:21,226 [Thread-743] INFO  impl.FollowerState (FollowerState.java:run(117)) - f69cf638-138d-4576-91da-2cd882e57eee@group-CAF408347A58-FollowerState was interrupted: java.lang.InterruptedException: sleep interrupted
2019-10-18 07:03:21,226 [Thread-742] INFO  impl.FollowerState (FollowerState.java:run(117)) - 93f10d81-f4b6-4237-b2e6-6c2ccf8ca027@group-CAF408347A58-FollowerState was interrupted: java.lang.InterruptedException: sleep interrupted
2019-10-18 07:03:21,226 [grpc-default-executor-0] INFO  impl.RoleInfo (RoleInfo.java:updateAndGet(143)) - 93f10d81-f4b6-4237-b2e6-6c2ccf8ca027: start FollowerState
2019-10-18 07:03:21,226 [pool-59-thread-1] INFO  server.RaftServerConfigKeys (ConfUtils.java:logGet(43)) - raft.server.sleep.deviation.threshold = 300 (default)
2019-10-18 07:03:21,226 [grpc-default-executor-2] INFO  impl.RoleInfo (RoleInfo.java:updateAndGet(143)) - f69cf638-138d-4576-91da-2cd882e57eee: start FollowerState
2019-10-18 07:03:21,227 [pool-59-thread-1] INFO  server.RaftServerConfigKeys (ConfUtils.java:logGet(43)) - raft.server.log.appender.install.snapshot.enabled = false (custom)
2019-10-18 07:03:21,227 [pool-59-thread-1] INFO  impl.RaftServerImpl (ServerState.java:<init>(103)) - 46b9516a-dfd6-4e8f-8939-5a6242357177@group-3EE4801ABF64: ConfigurationManager, init=-1: [46b9516a-dfd6-4e8f-8939-5a6242357177:192.168.34.25:42762], old=null, confs=<EMPTY_MAP>
2019-10-18 07:03:21,227 [pool-59-thread-1] INFO  server.RaftServerConfigKeys (ConfUtils.java:logGet(43)) - raft.server.storage.dir = [/workdir/hadoop-ozone/integration-test/target/test-dir/MiniOzoneClusterImpl-e1e2c834-f325-487e-8a8a-8e8b7cc1d0d1/datanode-1/data/ratis] (custom)
2019-10-18 07:03:21,228 [pool-59-thread-1] INFO  server.RaftServerConfigKeys (ConfUtils.java:logGet(43)) - raft.server.log.corruption.policy = EXCEPTION (default)
2019-10-18 07:03:21,228 [pool-59-thread-1] INFO  storage.RaftStorageDirectory (RaftStorageDirectory.java:analyzeStorage(246)) - The storage directory /workdir/hadoop-ozone/integration-test/target/test-dir/MiniOzoneClusterImpl-e1e2c834-f325-487e-8a8a-8e8b7cc1d0d1/datanode-1/data/ratis/6bffbcdb-d362-44f4-9fba-3ee4801abf64 does not exist. Creating ...
2019-10-18 07:03:21,248 [EventQueue-PendingDeleteStatusForPendingDeleteHandler] INFO  block.SCMBlockDeletingService (SCMBlockDeletingService.java:handlePendingDeletes(115)) - Block deletion txnID mismatch in datanode 46b9516a-dfd6-4e8f-8939-5a6242357177 for containerID 1. Datanode delete txnID: 0, SCM txnID: 1
2019-10-18 07:03:21,256 [pool-59-thread-1] INFO  storage.RaftStorageDirectory (RaftStorageDirectory.java:tryLock(328)) - Lock on /workdir/hadoop-ozone/integration-test/target/test-dir/MiniOzoneClusterImpl-e1e2c834-f325-487e-8a8a-8e8b7cc1d0d1/datanode-1/data/ratis/6bffbcdb-d362-44f4-9fba-3ee4801abf64/in_use.lock acquired by nodename 24370@pr-hdds-2318-jnjn8-2612408985
2019-10-18 07:03:21,258 [46b9516a-dfd6-4e8f-8939-5a6242357177@group-CAF408347A58-LeaderElection29] INFO  impl.LeaderElection (LeaderElection.java:logAndReturn(56)) - 46b9516a-dfd6-4e8f-8939-5a6242357177@group-CAF408347A58-LeaderElection29: Election REJECTED; received 2 response(s) [46b9516a-dfd6-4e8f-8939-5a6242357177<-f69cf638-138d-4576-91da-2cd882e57eee#0:FAIL-t32, 46b9516a-dfd6-4e8f-8939-5a6242357177<-93f10d81-f4b6-4237-b2e6-6c2ccf8ca027#0:FAIL-t32] and 0 exception(s); 46b9516a-dfd6-4e8f-8939-5a6242357177@group-CAF408347A58:t32, leader=null, voted=46b9516a-dfd6-4e8f-8939-5a6242357177, raftlog=46b9516a-dfd6-4e8f-8939-5a6242357177@group-CAF408347A58-SegmentedRaftLog:OPENED:c3,f4,i4, conf=0: [f69cf638-138d-4576-91da-2cd882e57eee:192.168.34.25:40171, 46b9516a-dfd6-4e8f-8939-5a6242357177:192.168.34.25:42762, 93f10d81-f4b6-4237-b2e6-6c2ccf8ca027:192.168.34.25:43753], old=null
2019-10-18 07:03:21,258 [46b9516a-dfd6-4e8f-8939-5a6242357177@group-CAF408347A58-LeaderElection29] INFO  impl.RaftServerImpl (RaftServerImpl.java:setRole(184)) - 46b9516a-dfd6-4e8f-8939-5a6242357177@group-CAF408347A58: changes role from CANDIDATE to FOLLOWER at term 32 for DISCOVERED_A_NEW_TERM
2019-10-18 07:03:21,258 [46b9516a-dfd6-4e8f-8939-5a6242357177@group-CAF408347A58-LeaderElection29] INFO  impl.RoleInfo (RoleInfo.java:shutdownLeaderElection(134)) - 46b9516a-dfd6-4e8f-8939-5a6242357177: shutdown LeaderElection
2019-10-18 07:03:21,258 [46b9516a-dfd6-4e8f-8939-5a6242357177@group-CAF408347A58-LeaderElection29] INFO  impl.RoleInfo (RoleInfo.java:updateAndGet(143)) - 46b9516a-dfd6-4e8f-8939-5a6242357177: start FollowerState
2019-10-18 07:03:21,282 [pool-59-thread-1] INFO  storage.RaftStorage (RaftStorage.java:format(84)) - Storage directory /workdir/hadoop-ozone/integration-test/target/test-dir/MiniOzoneClusterImpl-e1e2c834-f325-487e-8a8a-8e8b7cc1d0d1/datanode-1/data/ratis/6bffbcdb-d362-44f4-9fba-3ee4801abf64 has been successfully formatted.
2019-10-18 07:03:21,283 [pool-7-thread-1] INFO  commands.RetriableDatanodeEventWatcher (RetriableDatanodeEventWatcher.java:onTimeout(47)) - RetriableDatanodeCommand type=deleteBlocksCommand with id=1571382194272 timed out. Retrying.
2019-10-18 07:03:21,284 [pool-59-thread-1] INFO  ratis.ContainerStateMachine (ContainerStateMachine.java:loadSnapshot(231)) - group-3EE4801ABF64: The snapshot info is null. Setting the last applied indexto:(t:0, i:~)
2019-10-18 07:03:21,284 [pool-7-thread-7] INFO  commands.RetriableDatanodeEventWatcher (RetriableDatanodeEventWatcher.java:onTimeout(47)) - RetriableDatanodeCommand type=deleteBlocksCommand with id=1571382194279 timed out. Retrying.
2019-10-18 07:03:21,284 [pool-59-thread-1] INFO  server.RaftServerConfigKeys (ConfUtils.java:logGet(43)) - raft.server.notification.no-leader.timeout = 1000s (custom)
2019-10-18 07:03:21,284 [SCMBlockDeletingService#0] INFO  block.SCMBlockDeletingService (SCMBlockDeletingService.java:call(184)) - Totally added 1 delete blocks command for 1 datanodes, task elapsed time: 0ms
2019-10-18 07:03:21,284 [pool-59-thread-1] INFO  server.RaftServerConfigKeys (ConfUtils.java:logGet(43)) - raft.server.log.use.memory = false (default)
2019-10-18 07:03:21,284 [pool-7-thread-4] INFO  commands.RetriableDatanodeEventWatcher (RetriableDatanodeEventWatcher.java:onTimeout(47)) - RetriableDatanodeCommand type=deleteBlocksCommand with id=1571382194276 timed out. Retrying.
2019-10-18 07:03:21,285 [pool-59-thread-1] INFO  server.RaftServerConfigKeys (ConfUtils.java:logGet(43)) - raft.server.log.purge.gap = 1000000 (custom)
2019-10-18 07:03:21,285 [pool-7-thread-3] INFO  commands.RetriableDatanodeEventWatcher (RetriableDatanodeEventWatcher.java:onTimeout(47)) - RetriableDatanodeCommand type=deleteBlocksCommand with id=1571382194277 timed out. Retrying.
2019-10-18 07:03:21,285 [pool-59-thread-1] INFO  server.RaftServerConfigKeys (ConfUtils.java:logGet(43)) - raft.server.log.appender.buffer.byte-limit = 33554432 (custom)
2019-10-18 07:03:21,285 [pool-7-thread-6] INFO  commands.RetriableDatanodeEventWatcher (RetriableDatanodeEventWatcher.java:onTimeout(47)) - RetriableDatanodeCommand type=deleteBlocksCommand with id=1571382194275 timed out. Retrying.
2019-10-18 07:03:21,285 [pool-59-thread-1] INFO  server.RaftServerConfigKeys (ConfUtils.java:logGet(43)) - raft.server.log.segment.size.max = 1048576 (custom)
2019-10-18 07:03:21,285 [pool-7-thread-2] INFO  commands.RetriableDatanodeEventWatcher (RetriableDatanodeEventWatcher.java:onTimeout(47)) - RetriableDatanodeCommand type=deleteBlocksCommand with id=1571382194278 timed out. Retrying.
2019-10-18 07:03:21,285 [pool-59-thread-1] INFO  server.RaftServerConfigKeys (ConfUtils.java:logGet(43)) - raft.server.log.segment.cache.num.max = 2 (custom)
2019-10-18 07:03:21,286 [pool-7-thread-5] INFO  commands.RetriableDatanodeEventWatcher (RetriableDatanodeEventWatcher.java:onTimeout(47)) - RetriableDatanodeCommand type=deleteBlocksCommand with id=1571382194274 timed out. Retrying.
2019-10-18 07:03:21,286 [pool-59-thread-1] INFO  segmented.SegmentedRaftLogWorker (SegmentedRaftLogWorker.java:<init>(173)) - new 46b9516a-dfd6-4e8f-8939-5a6242357177@group-3EE4801ABF64-SegmentedRaftLogWorker for RaftStorage:Storage Directory /workdir/hadoop-ozone/integration-test/target/test-dir/MiniOzoneClusterImpl-e1e2c834-f325-487e-8a8a-8e8b7cc1d0d1/datanode-1/data/ratis/6bffbcdb-d362-44f4-9fba-3ee4801abf64
2019-10-18 07:03:21,286 [pool-59-thread-1] INFO  server.RaftServerConfigKeys (ConfUtils.java:logGet(43)) - raft.server.log.queue.byte-limit = 2147483647 (custom)
2019-10-18 07:03:21,286 [pool-59-thread-1] INFO  server.RaftServerConfigKeys (ConfUtils.java:logGet(43)) - raft.server.log.queue.element-limit = 1024 (custom)
2019-10-18 07:03:21,286 [pool-59-thread-1] INFO  server.RaftServerConfigKeys (ConfUtils.java:logGet(43)) - raft.server.log.segment.size.max = 1048576 (custom)
2019-10-18 07:03:21,286 [pool-59-thread-1] INFO  server.RaftServerConfigKeys (ConfUtils.java:logGet(43)) - raft.server.log.preallocated.size = 16384 (custom)
2019-10-18 07:03:21,287 [pool-59-thread-1] INFO  server.RaftServerConfigKeys (ConfUtils.java:logGet(43)) - raft.server.log.write.buffer.size = 33554432 (custom)
2019-10-18 07:03:21,287 [pool-59-thread-1] INFO  server.RaftServerConfigKeys (ConfUtils.java:logGet(43)) - raft.server.log.force.sync.num = 128 (default)
2019-10-18 07:03:21,287 [pool-59-thread-1] INFO  server.RaftServerConfigKeys (ConfUtils.java:logGet(43)) - raft.server.log.statemachine.data.sync = true (default)
2019-10-18 07:03:21,287 [pool-59-thread-1] INFO  server.RaftServerConfigKeys (ConfUtils.java:logGet(43)) - raft.server.log.statemachine.data.sync.timeout = 10s (default)
2019-10-18 07:03:21,287 [pool-59-thread-1] INFO  server.RaftServerConfigKeys (ConfUtils.java:logGet(43)) - raft.server.log.statemachine.data.sync.timeout.retry = -1 (default)
2019-10-18 07:03:21,287 [pool-59-thread-1] INFO  server.RaftServerConfigKeys (ConfUtils.java:logGet(43)) - raft.server.log.statemachine.data.caching.enabled = true (custom)
2019-10-18 07:03:21,288 [pool-59-thread-1] INFO  segmented.SegmentedRaftLogWorker (SegmentedRaftLogWorker.java:lambda$new$0(128)) - 46b9516a-dfd6-4e8f-8939-5a6242357177@group-3EE4801ABF64-SegmentedRaftLogWorker: flushIndex: setUnconditionally 0 -> -1
2019-10-18 07:03:21,288 [pool-59-thread-1] INFO  server.RaftServerConfigKeys (ConfUtils.java:logGet(43)) - raft.server.snapshot.auto.trigger.enabled = true (custom)
2019-10-18 07:03:21,288 [pool-59-thread-1] INFO  server.RaftServerConfigKeys (ConfUtils.java:logGet(43)) - raft.server.snapshot.auto.trigger.threshold = 10000 (custom)
2019-10-18 07:03:21,288 [pool-59-thread-1] INFO  server.RaftServerConfigKeys (ConfUtils.java:logGet(43)) - raft.server.snapshot.retention.file.num = 5 (custom)
2019-10-18 07:03:21,289 [pool-59-thread-1] INFO  server.RaftServerConfigKeys (ConfUtils.java:logGet(43)) - raft.server.retrycache.expirytime = 600000ms (custom)
2019-10-18 07:03:21,292 [pool-59-thread-1] INFO  impl.RaftServerImpl (RaftServerImpl.java:start(195)) - 46b9516a-dfd6-4e8f-8939-5a6242357177@group-3EE4801ABF64: start as a follower, conf=-1: [46b9516a-dfd6-4e8f-8939-5a6242357177:192.168.34.25:42762], old=null
2019-10-18 07:03:21,293 [pool-59-thread-1] INFO  impl.RaftServerImpl (RaftServerImpl.java:setRole(184)) - 46b9516a-dfd6-4e8f-8939-5a6242357177@group-3EE4801ABF64: changes role from      null to FOLLOWER at term 0 for startAsFollower
2019-10-18 07:03:21,293 [pool-59-thread-1] INFO  impl.RoleInfo (RoleInfo.java:updateAndGet(143)) - 46b9516a-dfd6-4e8f-8939-5a6242357177: start FollowerState
2019-10-18 07:03:21,294 [pool-59-thread-1] INFO  util.JmxRegister (JmxRegister.java:tryRegister(44)) - Successfully registered JMX Bean with object name Ratis:service=RaftServer,group=group-3EE4801ABF64,id=46b9516a-dfd6-4e8f-8939-5a6242357177
2019-10-18 07:03:21,302 [Thread-759] INFO  client.GrpcClientProtocolService (GrpcClientProtocolService.java:lambda$processClientRequest$0(278)) - Failed RaftClientRequest:client-79AC2A5FBE9C->f69cf638-138d-4576-91da-2cd882e57eee@group-CAF408347A58, cid=10, seq=0, Watch-ALL_COMMITTED(6), Message:<EMPTY>, reply=RaftClientReply:client-79AC2A5FBE9C->f69cf638-138d-4576-91da-2cd882e57eee@group-CAF408347A58, cid=10, FAILED org.apache.ratis.protocol.NotLeaderException: Server f69cf638-138d-4576-91da-2cd882e57eee@group-CAF408347A58 is not the leader, logIndex=0, commits[f69cf638-138d-4576-91da-2cd882e57eee:c10, 46b9516a-dfd6-4e8f-8939-5a6242357177:c4, 93f10d81-f4b6-4237-b2e6-6c2ccf8ca027:c10]
2019-10-18 07:03:21,305 [RatisPipelineUtilsThread] INFO  pipeline.PipelineStateManager (PipelineStateManager.java:addPipeline(56)) - Created pipeline Pipeline[ Id: 6bffbcdb-d362-44f4-9fba-3ee4801abf64, Nodes: 46b9516a-dfd6-4e8f-8939-5a6242357177{ip: 192.168.34.25, host: pr-hdds-2318-jnjn8-2612408985, networkLocation: /default-rack, certSerialId: null}, Type:RATIS, Factor:ONE, State:OPEN]
2019-10-18 07:03:21,322 [grpc-default-executor-2] INFO  impl.RaftServerProxy (RaftServerProxy.java:addNew(89)) - 46b9516a-dfd6-4e8f-8939-5a6242357177: addNew group-370C1D8CACD3:[f69cf638-138d-4576-91da-2cd882e57eee:192.168.34.25:40171, 46b9516a-dfd6-4e8f-8939-5a6242357177:192.168.34.25:42762, 93f10d81-f4b6-4237-b2e6-6c2ccf8ca027:192.168.34.25:43753] returns group-370C1D8CACD3:java.util.concurrent.CompletableFuture@47d8ba00[Not completed]
2019-10-18 07:03:21,325 [Thread-756] INFO  impl.FollowerState (FollowerState.java:run(108)) - 46b9516a-dfd6-4e8f-8939-5a6242357177@group-3EE4801ABF64-FollowerState: change to CANDIDATE, lastRpcTime:32ms, electionTimeout:31ms
2019-10-18 07:03:21,326 [Thread-756] INFO  impl.RoleInfo (RoleInfo.java:shutdownFollowerState(121)) - 46b9516a-dfd6-4e8f-8939-5a6242357177: shutdown FollowerState
2019-10-18 07:03:21,326 [grpc-default-executor-2] INFO  impl.RaftServerProxy (RaftServerProxy.java:addNew(89)) - f69cf638-138d-4576-91da-2cd882e57eee: addNew group-370C1D8CACD3:[f69cf638-138d-4576-91da-2cd882e57eee:192.168.34.25:40171, 46b9516a-dfd6-4e8f-8939-5a6242357177:192.168.34.25:42762, 93f10d81-f4b6-4237-b2e6-6c2ccf8ca027:192.168.34.25:43753] returns group-370C1D8CACD3:java.util.concurrent.CompletableFuture@15468b3d[Not completed]
2019-10-18 07:03:21,326 [Thread-756] INFO  impl.RaftServerImpl (RaftServerImpl.java:setRole(184)) - 46b9516a-dfd6-4e8f-8939-5a6242357177@group-3EE4801ABF64: changes role from  FOLLOWER to CANDIDATE at term 0 for changeToCandidate
2019-10-18 07:03:21,326 [grpc-default-executor-0] INFO  impl.RaftServerProxy (RaftServerProxy.java:addNew(89)) - 93f10d81-f4b6-4237-b2e6-6c2ccf8ca027: addNew group-370C1D8CACD3:[f69cf638-138d-4576-91da-2cd882e57eee:192.168.34.25:40171, 46b9516a-dfd6-4e8f-8939-5a6242357177:192.168.34.25:42762, 93f10d81-f4b6-4237-b2e6-6c2ccf8ca027:192.168.34.25:43753] returns group-370C1D8CACD3:java.util.concurrent.CompletableFuture@722c2a6b[Not completed]
2019-10-18 07:03:21,326 [Thread-756] INFO  impl.RoleInfo (RoleInfo.java:updateAndGet(143)) - 46b9516a-dfd6-4e8f-8939-5a6242357177: start LeaderElection
2019-10-18 07:03:21,329 [pool-59-thread-1] INFO  impl.RaftServerImpl (RaftServerImpl.java:<init>(104)) - 46b9516a-dfd6-4e8f-8939-5a6242357177: new RaftServerImpl for group-370C1D8CACD3:[f69cf638-138d-4576-91da-2cd882e57eee:192.168.34.25:40171, 46b9516a-dfd6-4e8f-8939-5a6242357177:192.168.34.25:42762, 93f10d81-f4b6-4237-b2e6-6c2ccf8ca027:192.168.34.25:43753] with ContainerStateMachine:uninitialized
2019-10-18 07:03:21,329 [pool-59-thread-1] INFO  server.RaftServerConfigKeys (ConfUtils.java:logGet(43)) - raft.server.rpc.timeout.min = 5s (custom)
2019-10-18 07:03:21,330 [pool-59-thread-1] INFO  server.RaftServerConfigKeys (ConfUtils.java:logGet(43)) - raft.server.rpc.timeout.max = 5200ms (custom)
2019-10-18 07:03:21,330 [pool-59-thread-1] INFO  server.RaftServerConfigKeys (ConfUtils.java:logGet(43)) - raft.server.rpcslowness.timeout = 1000s (custom)
2019-10-18 07:03:21,330 [pool-59-thread-1] INFO  server.RaftServerConfigKeys (ConfUtils.java:logGet(43)) - raft.server.sleep.deviation.threshold = 300 (default)
2019-10-18 07:03:21,330 [pool-59-thread-1] INFO  server.RaftServerConfigKeys (ConfUtils.java:logGet(43)) - raft.server.log.appender.install.snapshot.enabled = false (custom)
2019-10-18 07:03:21,330 [pool-47-thread-1] INFO  impl.RaftServerImpl (RaftServerImpl.java:<init>(104)) - 93f10d81-f4b6-4237-b2e6-6c2ccf8ca027: new RaftServerImpl for group-370C1D8CACD3:[f69cf638-138d-4576-91da-2cd882e57eee:192.168.34.25:40171, 46b9516a-dfd6-4e8f-8939-5a6242357177:192.168.34.25:42762, 93f10d81-f4b6-4237-b2e6-6c2ccf8ca027:192.168.34.25:43753] with ContainerStateMachine:uninitialized
2019-10-18 07:03:21,330 [pool-59-thread-1] INFO  impl.RaftServerImpl (ServerState.java:<init>(103)) - 46b9516a-dfd6-4e8f-8939-5a6242357177@group-370C1D8CACD3: ConfigurationManager, init=-1: [f69cf638-138d-4576-91da-2cd882e57eee:192.168.34.25:40171, 46b9516a-dfd6-4e8f-8939-5a6242357177:192.168.34.25:42762, 93f10d81-f4b6-4237-b2e6-6c2ccf8ca027:192.168.34.25:43753], old=null, confs=<EMPTY_MAP>
2019-10-18 07:03:21,330 [pool-47-thread-1] INFO  server.RaftServerConfigKeys (ConfUtils.java:logGet(43)) - raft.server.rpc.timeout.min = 5s (custom)
2019-10-18 07:03:21,330 [pool-59-thread-1] INFO  server.RaftServerConfigKeys (ConfUtils.java:logGet(43)) - raft.server.storage.dir = [/workdir/hadoop-ozone/integration-test/target/test-dir/MiniOzoneClusterImpl-e1e2c834-f325-487e-8a8a-8e8b7cc1d0d1/datanode-1/data/ratis] (custom)
2019-10-18 07:03:21,330 [pool-47-thread-1] INFO  server.RaftServerConfigKeys (ConfUtils.java:logGet(43)) - raft.server.rpc.timeout.max = 5200ms (custom)
2019-10-18 07:03:21,331 [pool-47-thread-1] INFO  server.RaftServerConfigKeys (ConfUtils.java:logGet(43)) - raft.server.rpcslowness.timeout = 1000s (custom)
2019-10-18 07:03:21,331 [pool-59-thread-1] INFO  server.RaftServerConfigKeys (ConfUtils.java:logGet(43)) - raft.server.log.corruption.policy = EXCEPTION (default)
2019-10-18 07:03:21,331 [pool-47-thread-1] INFO  server.RaftServerConfigKeys (ConfUtils.java:logGet(43)) - raft.server.sleep.deviation.threshold = 300 (default)
2019-10-18 07:03:21,331 [pool-27-thread-1] INFO  impl.RaftServerImpl (RaftServerImpl.java:<init>(104)) - f69cf638-138d-4576-91da-2cd882e57eee: new RaftServerImpl for group-370C1D8CACD3:[f69cf638-138d-4576-91da-2cd882e57eee:192.168.34.25:40171, 46b9516a-dfd6-4e8f-8939-5a6242357177:192.168.34.25:42762, 93f10d81-f4b6-4237-b2e6-6c2ccf8ca027:192.168.34.25:43753] with ContainerStateMachine:uninitialized
2019-10-18 07:03:21,331 [pool-59-thread-1] INFO  storage.RaftStorageDirectory (RaftStorageDirectory.java:analyzeStorage(246)) - The storage directory /workdir/hadoop-ozone/integration-test/target/test-dir/MiniOzoneClusterImpl-e1e2c834-f325-487e-8a8a-8e8b7cc1d0d1/datanode-1/data/ratis/5afdfc9f-35ba-440a-93d3-370c1d8cacd3 does not exist. Creating ...
2019-10-18 07:03:21,331 [pool-47-thread-1] INFO  server.RaftServerConfigKeys (ConfUtils.java:logGet(43)) - raft.server.log.appender.install.snapshot.enabled = false (custom)
2019-10-18 07:03:21,331 [pool-27-thread-1] INFO  server.RaftServerConfigKeys (ConfUtils.java:logGet(43)) - raft.server.rpc.timeout.min = 5s (custom)
2019-10-18 07:03:21,332 [pool-47-thread-1] INFO  impl.RaftServerImpl (ServerState.java:<init>(103)) - 93f10d81-f4b6-4237-b2e6-6c2ccf8ca027@group-370C1D8CACD3: ConfigurationManager, init=-1: [f69cf638-138d-4576-91da-2cd882e57eee:192.168.34.25:40171, 46b9516a-dfd6-4e8f-8939-5a6242357177:192.168.34.25:42762, 93f10d81-f4b6-4237-b2e6-6c2ccf8ca027:192.168.34.25:43753], old=null, confs=<EMPTY_MAP>
2019-10-18 07:03:21,331 [Thread-754] INFO  impl.FollowerState (FollowerState.java:run(108)) - 46b9516a-dfd6-4e8f-8939-5a6242357177@group-CAF408347A58-FollowerState: change to CANDIDATE, lastRpcTime:73ms, electionTimeout:73ms
2019-10-18 07:03:21,332 [pool-47-thread-1] INFO  server.RaftServerConfigKeys (ConfUtils.java:logGet(43)) - raft.server.storage.dir = [/workdir/hadoop-ozone/integration-test/target/test-dir/MiniOzoneClusterImpl-e1e2c834-f325-487e-8a8a-8e8b7cc1d0d1/datanode-2/data/ratis] (custom)
2019-10-18 07:03:21,332 [pool-27-thread-1] INFO  server.RaftServerConfigKeys (ConfUtils.java:logGet(43)) - raft.server.rpc.timeout.max = 5200ms (custom)
2019-10-18 07:03:21,332 [pool-47-thread-1] INFO  server.RaftServerConfigKeys (ConfUtils.java:logGet(43)) - raft.server.log.corruption.policy = EXCEPTION (default)
2019-10-18 07:03:21,332 [Thread-754] INFO  impl.RoleInfo (RoleInfo.java:shutdownFollowerState(121)) - 46b9516a-dfd6-4e8f-8939-5a6242357177: shutdown FollowerState
2019-10-18 07:03:21,332 [pool-47-thread-1] INFO  storage.RaftStorageDirectory (RaftStorageDirectory.java:analyzeStorage(246)) - The storage directory /workdir/hadoop-ozone/integration-test/target/test-dir/MiniOzoneClusterImpl-e1e2c834-f325-487e-8a8a-8e8b7cc1d0d1/datanode-2/data/ratis/5afdfc9f-35ba-440a-93d3-370c1d8cacd3 does not exist. Creating ...
2019-10-18 07:03:21,332 [pool-27-thread-1] INFO  server.RaftServerConfigKeys (ConfUtils.java:logGet(43)) - raft.server.rpcslowness.timeout = 1000s (custom)
2019-10-18 07:03:21,332 [Thread-754] INFO  impl.RaftServerImpl (RaftServerImpl.java:setRole(184)) - 46b9516a-dfd6-4e8f-8939-5a6242357177@group-CAF408347A58: changes role from  FOLLOWER to CANDIDATE at term 32 for changeToCandidate
2019-10-18 07:03:21,333 [pool-27-thread-1] INFO  server.RaftServerConfigKeys (ConfUtils.java:logGet(43)) - raft.server.sleep.deviation.threshold = 300 (default)
2019-10-18 07:03:21,333 [Thread-754] INFO  impl.RoleInfo (RoleInfo.java:updateAndGet(143)) - 46b9516a-dfd6-4e8f-8939-5a6242357177: start LeaderElection
2019-10-18 07:03:21,333 [pool-27-thread-1] INFO  server.RaftServerConfigKeys (ConfUtils.java:logGet(43)) - raft.server.log.appender.install.snapshot.enabled = false (custom)
2019-10-18 07:03:21,333 [pool-27-thread-1] INFO  impl.RaftServerImpl (ServerState.java:<init>(103)) - f69cf638-138d-4576-91da-2cd882e57eee@group-370C1D8CACD3: ConfigurationManager, init=-1: [f69cf638-138d-4576-91da-2cd882e57eee:192.168.34.25:40171, 46b9516a-dfd6-4e8f-8939-5a6242357177:192.168.34.25:42762, 93f10d81-f4b6-4237-b2e6-6c2ccf8ca027:192.168.34.25:43753], old=null, confs=<EMPTY_MAP>
2019-10-18 07:03:21,333 [pool-27-thread-1] INFO  server.RaftServerConfigKeys (ConfUtils.java:logGet(43)) - raft.server.storage.dir = [/workdir/hadoop-ozone/integration-test/target/test-dir/MiniOzoneClusterImpl-e1e2c834-f325-487e-8a8a-8e8b7cc1d0d1/datanode-0/data/ratis] (custom)
2019-10-18 07:03:21,334 [pool-27-thread-1] INFO  server.RaftServerConfigKeys (ConfUtils.java:logGet(43)) - raft.server.log.corruption.policy = EXCEPTION (default)
2019-10-18 07:03:21,334 [pool-27-thread-1] INFO  storage.RaftStorageDirectory (RaftStorageDirectory.java:analyzeStorage(246)) - The storage directory /workdir/hadoop-ozone/integration-test/target/test-dir/MiniOzoneClusterImpl-e1e2c834-f325-487e-8a8a-8e8b7cc1d0d1/datanode-0/data/ratis/5afdfc9f-35ba-440a-93d3-370c1d8cacd3 does not exist. Creating ...
2019-10-18 07:03:21,358 [pool-47-thread-1] INFO  storage.RaftStorageDirectory (RaftStorageDirectory.java:tryLock(328)) - Lock on /workdir/hadoop-ozone/integration-test/target/test-dir/MiniOzoneClusterImpl-e1e2c834-f325-487e-8a8a-8e8b7cc1d0d1/datanode-2/data/ratis/5afdfc9f-35ba-440a-93d3-370c1d8cacd3/in_use.lock acquired by nodename 24370@pr-hdds-2318-jnjn8-2612408985
2019-10-18 07:03:21,358 [pool-59-thread-1] INFO  storage.RaftStorageDirectory (RaftStorageDirectory.java:tryLock(328)) - Lock on /workdir/hadoop-ozone/integration-test/target/test-dir/MiniOzoneClusterImpl-e1e2c834-f325-487e-8a8a-8e8b7cc1d0d1/datanode-1/data/ratis/5afdfc9f-35ba-440a-93d3-370c1d8cacd3/in_use.lock acquired by nodename 24370@pr-hdds-2318-jnjn8-2612408985
2019-10-18 07:03:21,358 [pool-27-thread-1] INFO  storage.RaftStorageDirectory (RaftStorageDirectory.java:tryLock(328)) - Lock on /workdir/hadoop-ozone/integration-test/target/test-dir/MiniOzoneClusterImpl-e1e2c834-f325-487e-8a8a-8e8b7cc1d0d1/datanode-0/data/ratis/5afdfc9f-35ba-440a-93d3-370c1d8cacd3/in_use.lock acquired by nodename 24370@pr-hdds-2318-jnjn8-2612408985
2019-10-18 07:03:21,358 [46b9516a-dfd6-4e8f-8939-5a6242357177@group-3EE4801ABF64-LeaderElection30] INFO  impl.LeaderElection (LeaderElection.java:askForVotes(178)) - 46b9516a-dfd6-4e8f-8939-5a6242357177@group-3EE4801ABF64-LeaderElection30: begin an election at term 1 for -1: [46b9516a-dfd6-4e8f-8939-5a6242357177:192.168.34.25:42762], old=null
2019-10-18 07:03:21,358 [46b9516a-dfd6-4e8f-8939-5a6242357177@group-CAF408347A58-LeaderElection31] INFO  impl.LeaderElection (LeaderElection.java:askForVotes(178)) - 46b9516a-dfd6-4e8f-8939-5a6242357177@group-CAF408347A58-LeaderElection31: begin an election at term 33 for 0: [f69cf638-138d-4576-91da-2cd882e57eee:192.168.34.25:40171, 46b9516a-dfd6-4e8f-8939-5a6242357177:192.168.34.25:42762, 93f10d81-f4b6-4237-b2e6-6c2ccf8ca027:192.168.34.25:43753], old=null
2019-10-18 07:03:21,359 [46b9516a-dfd6-4e8f-8939-5a6242357177@group-3EE4801ABF64-LeaderElection30] INFO  impl.RoleInfo (RoleInfo.java:shutdownLeaderElection(134)) - 46b9516a-dfd6-4e8f-8939-5a6242357177: shutdown LeaderElection
2019-10-18 07:03:21,359 [46b9516a-dfd6-4e8f-8939-5a6242357177@group-3EE4801ABF64-LeaderElection30] INFO  impl.RaftServerImpl (RaftServerImpl.java:setRole(184)) - 46b9516a-dfd6-4e8f-8939-5a6242357177@group-3EE4801ABF64: changes role from CANDIDATE to LEADER at term 1 for changeToLeader
2019-10-18 07:03:21,359 [46b9516a-dfd6-4e8f-8939-5a6242357177@group-3EE4801ABF64-LeaderElection30] INFO  impl.RaftServerImpl (ServerState.java:setLeader(256)) - 46b9516a-dfd6-4e8f-8939-5a6242357177@group-3EE4801ABF64: change Leader from null to 46b9516a-dfd6-4e8f-8939-5a6242357177 at term 1 for becomeLeader, leader elected after 75ms
2019-10-18 07:03:21,360 [46b9516a-dfd6-4e8f-8939-5a6242357177@group-3EE4801ABF64-LeaderElection30] INFO  server.RaftServerConfigKeys (ConfUtils.java:logGet(43)) - raft.server.staging.catchup.gap = 1000 (default)
2019-10-18 07:03:21,360 [46b9516a-dfd6-4e8f-8939-5a6242357177@group-3EE4801ABF64-LeaderElection30] INFO  server.RaftServerConfigKeys (ConfUtils.java:logGet(43)) - raft.server.rpc.sleep.time = 25ms (default)
2019-10-18 07:03:21,360 [46b9516a-dfd6-4e8f-8939-5a6242357177@group-3EE4801ABF64-LeaderElection30] INFO  server.RaftServerConfigKeys (ConfUtils.java:logGet(43)) - raft.server.write.element-limit = 4096 (default)
2019-10-18 07:03:21,360 [46b9516a-dfd6-4e8f-8939-5a6242357177@group-3EE4801ABF64-LeaderElection30] INFO  server.RaftServerConfigKeys (ConfUtils.java:logGet(43)) - raft.server.watch.timeout = 10s (default)
2019-10-18 07:03:21,361 [46b9516a-dfd6-4e8f-8939-5a6242357177@group-3EE4801ABF64-LeaderElection30] INFO  server.RaftServerConfigKeys (ConfUtils.java:logGet(43)) - raft.server.watch.timeout.denomination = 1s (default)
2019-10-18 07:03:21,361 [46b9516a-dfd6-4e8f-8939-5a6242357177@group-3EE4801ABF64-LeaderElection30] INFO  server.RaftServerConfigKeys (ConfUtils.java:logGet(43)) - raft.server.watch.element-limit = 65536 (default)
2019-10-18 07:03:21,361 [grpc-default-executor-0] INFO  impl.RaftServerImpl (RaftServerImpl.java:setRole(184)) - f69cf638-138d-4576-91da-2cd882e57eee@group-CAF408347A58: changes role from  FOLLOWER to FOLLOWER at term 33 for recognizeCandidate:46b9516a-dfd6-4e8f-8939-5a6242357177
2019-10-18 07:03:21,361 [grpc-default-executor-0] INFO  impl.RoleInfo (RoleInfo.java:shutdownFollowerState(121)) - f69cf638-138d-4576-91da-2cd882e57eee: shutdown FollowerState
2019-10-18 07:03:21,361 [grpc-default-executor-0] INFO  impl.RoleInfo (RoleInfo.java:updateAndGet(143)) - f69cf638-138d-4576-91da-2cd882e57eee: start FollowerState
2019-10-18 07:03:21,361 [Thread-753] INFO  impl.FollowerState (FollowerState.java:run(117)) - f69cf638-138d-4576-91da-2cd882e57eee@group-CAF408347A58-FollowerState was interrupted: java.lang.InterruptedException: sleep interrupted
2019-10-18 07:03:21,362 [grpc-default-executor-2] INFO  impl.RaftServerImpl (RaftServerImpl.java:setRole(184)) - 93f10d81-f4b6-4237-b2e6-6c2ccf8ca027@group-CAF408347A58: changes role from  FOLLOWER to FOLLOWER at term 33 for recognizeCandidate:46b9516a-dfd6-4e8f-8939-5a6242357177
2019-10-18 07:03:21,362 [grpc-default-executor-2] INFO  impl.RoleInfo (RoleInfo.java:shutdownFollowerState(121)) - 93f10d81-f4b6-4237-b2e6-6c2ccf8ca027: shutdown FollowerState
2019-10-18 07:03:21,362 [grpc-default-executor-2] INFO  impl.RoleInfo (RoleInfo.java:updateAndGet(143)) - 93f10d81-f4b6-4237-b2e6-6c2ccf8ca027: start FollowerState
2019-10-18 07:03:21,362 [Thread-752] INFO  impl.FollowerState (FollowerState.java:run(117)) - 93f10d81-f4b6-4237-b2e6-6c2ccf8ca027@group-CAF408347A58-FollowerState was interrupted: java.lang.InterruptedException: sleep interrupted
2019-10-18 07:03:21,364 [46b9516a-dfd6-4e8f-8939-5a6242357177@group-3EE4801ABF64-LeaderElection30] INFO  impl.RoleInfo (RoleInfo.java:updateAndGet(143)) - 46b9516a-dfd6-4e8f-8939-5a6242357177: start LeaderState
2019-10-18 07:03:21,365 [46b9516a-dfd6-4e8f-8939-5a6242357177@group-3EE4801ABF64-LeaderElection30] INFO  segmented.SegmentedRaftLogWorker (SegmentedRaftLogWorker.java:startLogSegment(385)) - 46b9516a-dfd6-4e8f-8939-5a6242357177@group-3EE4801ABF64-SegmentedRaftLogWorker: Starting segment from index:0
2019-10-18 07:03:21,366 [46b9516a-dfd6-4e8f-8939-5a6242357177@group-3EE4801ABF64-LeaderElection30] INFO  impl.RaftServerImpl (ServerState.java:setRaftConf(357)) - 46b9516a-dfd6-4e8f-8939-5a6242357177@group-3EE4801ABF64: set configuration 0: [46b9516a-dfd6-4e8f-8939-5a6242357177:192.168.34.25:42762], old=null at 0
2019-10-18 07:03:21,385 [pool-59-thread-1] INFO  storage.RaftStorage (RaftStorage.java:format(84)) - Storage directory /workdir/hadoop-ozone/integration-test/target/test-dir/MiniOzoneClusterImpl-e1e2c834-f325-487e-8a8a-8e8b7cc1d0d1/datanode-1/data/ratis/5afdfc9f-35ba-440a-93d3-370c1d8cacd3 has been successfully formatted.
2019-10-18 07:03:21,385 [pool-27-thread-1] INFO  storage.RaftStorage (RaftStorage.java:format(84)) - Storage directory /workdir/hadoop-ozone/integration-test/target/test-dir/MiniOzoneClusterImpl-e1e2c834-f325-487e-8a8a-8e8b7cc1d0d1/datanode-0/data/ratis/5afdfc9f-35ba-440a-93d3-370c1d8cacd3 has been successfully formatted.
2019-10-18 07:03:21,385 [pool-47-thread-1] INFO  storage.RaftStorage (RaftStorage.java:format(84)) - Storage directory /workdir/hadoop-ozone/integration-test/target/test-dir/MiniOzoneClusterImpl-e1e2c834-f325-487e-8a8a-8e8b7cc1d0d1/datanode-2/data/ratis/5afdfc9f-35ba-440a-93d3-370c1d8cacd3 has been successfully formatted.
2019-10-18 07:03:21,386 [pool-59-thread-1] INFO  ratis.ContainerStateMachine (ContainerStateMachine.java:loadSnapshot(231)) - group-370C1D8CACD3: The snapshot info is null. Setting the last applied indexto:(t:0, i:~)
2019-10-18 07:03:21,386 [pool-27-thread-1] INFO  ratis.ContainerStateMachine (ContainerStateMachine.java:loadSnapshot(231)) - group-370C1D8CACD3: The snapshot info is null. Setting the last applied indexto:(t:0, i:~)
2019-10-18 07:03:21,386 [pool-59-thread-1] INFO  server.RaftServerConfigKeys (ConfUtils.java:logGet(43)) - raft.server.notification.no-leader.timeout = 1000s (custom)
2019-10-18 07:03:21,386 [pool-47-thread-1] INFO  ratis.ContainerStateMachine (ContainerStateMachine.java:loadSnapshot(231)) - group-370C1D8CACD3: The snapshot info is null. Setting the last applied indexto:(t:0, i:~)
2019-10-18 07:03:21,386 [pool-59-thread-1] INFO  server.RaftServerConfigKeys (ConfUtils.java:logGet(43)) - raft.server.log.use.memory = false (default)
2019-10-18 07:03:21,386 [46b9516a-dfd6-4e8f-8939-5a6242357177@group-CAF408347A58-LeaderElection31] INFO  impl.LeaderElection (LeaderElection.java:logAndReturn(56)) - 46b9516a-dfd6-4e8f-8939-5a6242357177@group-CAF408347A58-LeaderElection31: Election REJECTED; received 2 response(s) [46b9516a-dfd6-4e8f-8939-5a6242357177<-f69cf638-138d-4576-91da-2cd882e57eee#0:FAIL-t33, 46b9516a-dfd6-4e8f-8939-5a6242357177<-93f10d81-f4b6-4237-b2e6-6c2ccf8ca027#0:FAIL-t33] and 0 exception(s); 46b9516a-dfd6-4e8f-8939-5a6242357177@group-CAF408347A58:t33, leader=null, voted=46b9516a-dfd6-4e8f-8939-5a6242357177, raftlog=46b9516a-dfd6-4e8f-8939-5a6242357177@group-CAF408347A58-SegmentedRaftLog:OPENED:c3,f4,i4, conf=0: [f69cf638-138d-4576-91da-2cd882e57eee:192.168.34.25:40171, 46b9516a-dfd6-4e8f-8939-5a6242357177:192.168.34.25:42762, 93f10d81-f4b6-4237-b2e6-6c2ccf8ca027:192.168.34.25:43753], old=null
2019-10-18 07:03:21,386 [pool-27-thread-1] INFO  server.RaftServerConfigKeys (ConfUtils.java:logGet(43)) - raft.server.notification.no-leader.timeout = 1000s (custom)
2019-10-18 07:03:21,387 [46b9516a-dfd6-4e8f-8939-5a6242357177@group-CAF408347A58-LeaderElection31] INFO  impl.RaftServerImpl (RaftServerImpl.java:setRole(184)) - 46b9516a-dfd6-4e8f-8939-5a6242357177@group-CAF408347A58: changes role from CANDIDATE to FOLLOWER at term 33 for DISCOVERED_A_NEW_TERM
2019-10-18 07:03:21,387 [46b9516a-dfd6-4e8f-8939-5a6242357177@group-CAF408347A58-LeaderElection31] INFO  impl.RoleInfo (RoleInfo.java:shutdownLeaderElection(134)) - 46b9516a-dfd6-4e8f-8939-5a6242357177: shutdown LeaderElection
2019-10-18 07:03:21,386 [pool-59-thread-1] INFO  server.RaftServerConfigKeys (ConfUtils.java:logGet(43)) - raft.server.log.purge.gap = 1000000 (custom)
2019-10-18 07:03:21,386 [pool-47-thread-1] INFO  server.RaftServerConfigKeys (ConfUtils.java:logGet(43)) - raft.server.notification.no-leader.timeout = 1000s (custom)
2019-10-18 07:03:21,387 [pool-59-thread-1] INFO  server.RaftServerConfigKeys (ConfUtils.java:logGet(43)) - raft.server.log.appender.buffer.byte-limit = 33554432 (custom)
2019-10-18 07:03:21,387 [46b9516a-dfd6-4e8f-8939-5a6242357177@group-CAF408347A58-LeaderElection31] INFO  impl.RoleInfo (RoleInfo.java:updateAndGet(143)) - 46b9516a-dfd6-4e8f-8939-5a6242357177: start FollowerState
2019-10-18 07:03:21,387 [pool-27-thread-1] INFO  server.RaftServerConfigKeys (ConfUtils.java:logGet(43)) - raft.server.log.use.memory = false (default)
2019-10-18 07:03:21,387 [pool-59-thread-1] INFO  server.RaftServerConfigKeys (ConfUtils.java:logGet(43)) - raft.server.log.segment.size.max = 1048576 (custom)
2019-10-18 07:03:21,387 [pool-47-thread-1] INFO  server.RaftServerConfigKeys (ConfUtils.java:logGet(43)) - raft.server.log.use.memory = false (default)
2019-10-18 07:03:21,388 [pool-59-thread-1] INFO  server.RaftServerConfigKeys (ConfUtils.java:logGet(43)) - raft.server.log.segment.cache.num.max = 2 (custom)
2019-10-18 07:03:21,388 [pool-27-thread-1] INFO  server.RaftServerConfigKeys (ConfUtils.java:logGet(43)) - raft.server.log.purge.gap = 1000000 (custom)
2019-10-18 07:03:21,388 [pool-59-thread-1] INFO  segmented.SegmentedRaftLogWorker (SegmentedRaftLogWorker.java:<init>(173)) - new 46b9516a-dfd6-4e8f-8939-5a6242357177@group-370C1D8CACD3-SegmentedRaftLogWorker for RaftStorage:Storage Directory /workdir/hadoop-ozone/integration-test/target/test-dir/MiniOzoneClusterImpl-e1e2c834-f325-487e-8a8a-8e8b7cc1d0d1/datanode-1/data/ratis/5afdfc9f-35ba-440a-93d3-370c1d8cacd3
2019-10-18 07:03:21,388 [pool-47-thread-1] INFO  server.RaftServerConfigKeys (ConfUtils.java:logGet(43)) - raft.server.log.purge.gap = 1000000 (custom)
2019-10-18 07:03:21,388 [pool-59-thread-1] INFO  server.RaftServerConfigKeys (ConfUtils.java:logGet(43)) - raft.server.log.queue.byte-limit = 2147483647 (custom)
2019-10-18 07:03:21,388 [pool-27-thread-1] INFO  server.RaftServerConfigKeys (ConfUtils.java:logGet(43)) - raft.server.log.appender.buffer.byte-limit = 33554432 (custom)
2019-10-18 07:03:21,389 [pool-59-thread-1] INFO  server.RaftServerConfigKeys (ConfUtils.java:logGet(43)) - raft.server.log.queue.element-limit = 1024 (custom)
2019-10-18 07:03:21,389 [pool-47-thread-1] INFO  server.RaftServerConfigKeys (ConfUtils.java:logGet(43)) - raft.server.log.appender.buffer.byte-limit = 33554432 (custom)
2019-10-18 07:03:21,389 [pool-59-thread-1] INFO  server.RaftServerConfigKeys (ConfUtils.java:logGet(43)) - raft.server.log.segment.size.max = 1048576 (custom)
2019-10-18 07:03:21,389 [pool-27-thread-1] INFO  server.RaftServerConfigKeys (ConfUtils.java:logGet(43)) - raft.server.log.segment.size.max = 1048576 (custom)
2019-10-18 07:03:21,389 [pool-59-thread-1] INFO  server.RaftServerConfigKeys (ConfUtils.java:logGet(43)) - raft.server.log.preallocated.size = 16384 (custom)
2019-10-18 07:03:21,389 [pool-47-thread-1] INFO  server.RaftServerConfigKeys (ConfUtils.java:logGet(43)) - raft.server.log.segment.size.max = 1048576 (custom)
2019-10-18 07:03:21,390 [pool-59-thread-1] INFO  server.RaftServerConfigKeys (ConfUtils.java:logGet(43)) - raft.server.log.write.buffer.size = 33554432 (custom)
2019-10-18 07:03:21,389 [pool-27-thread-1] INFO  server.RaftServerConfigKeys (ConfUtils.java:logGet(43)) - raft.server.log.segment.cache.num.max = 2 (custom)
2019-10-18 07:03:21,390 [pool-59-thread-1] INFO  server.RaftServerConfigKeys (ConfUtils.java:logGet(43)) - raft.server.log.force.sync.num = 128 (default)
2019-10-18 07:03:21,390 [pool-47-thread-1] INFO  server.RaftServerConfigKeys (ConfUtils.java:logGet(43)) - raft.server.log.segment.cache.num.max = 2 (custom)
2019-10-18 07:03:21,390 [pool-59-thread-1] INFO  server.RaftServerConfigKeys (ConfUtils.java:logGet(43)) - raft.server.log.statemachine.data.sync = true (default)
2019-10-18 07:03:21,390 [pool-27-thread-1] INFO  segmented.SegmentedRaftLogWorker (SegmentedRaftLogWorker.java:<init>(173)) - new f69cf638-138d-4576-91da-2cd882e57eee@group-370C1D8CACD3-SegmentedRaftLogWorker for RaftStorage:Storage Directory /workdir/hadoop-ozone/integration-test/target/test-dir/MiniOzoneClusterImpl-e1e2c834-f325-487e-8a8a-8e8b7cc1d0d1/datanode-0/data/ratis/5afdfc9f-35ba-440a-93d3-370c1d8cacd3
2019-10-18 07:03:21,390 [pool-59-thread-1] INFO  server.RaftServerConfigKeys (ConfUtils.java:logGet(43)) - raft.server.log.statemachine.data.sync.timeout = 10s (default)
2019-10-18 07:03:21,390 [pool-47-thread-1] INFO  segmented.SegmentedRaftLogWorker (SegmentedRaftLogWorker.java:<init>(173)) - new 93f10d81-f4b6-4237-b2e6-6c2ccf8ca027@group-370C1D8CACD3-SegmentedRaftLogWorker for RaftStorage:Storage Directory /workdir/hadoop-ozone/integration-test/target/test-dir/MiniOzoneClusterImpl-e1e2c834-f325-487e-8a8a-8e8b7cc1d0d1/datanode-2/data/ratis/5afdfc9f-35ba-440a-93d3-370c1d8cacd3
2019-10-18 07:03:21,391 [pool-59-thread-1] INFO  server.RaftServerConfigKeys (ConfUtils.java:logGet(43)) - raft.server.log.statemachine.data.sync.timeout.retry = -1 (default)
2019-10-18 07:03:21,390 [pool-27-thread-1] INFO  server.RaftServerConfigKeys (ConfUtils.java:logGet(43)) - raft.server.log.queue.byte-limit = 2147483647 (custom)
2019-10-18 07:03:21,391 [pool-59-thread-1] INFO  server.RaftServerConfigKeys (ConfUtils.java:logGet(43)) - raft.server.log.statemachine.data.caching.enabled = true (custom)
2019-10-18 07:03:21,391 [pool-47-thread-1] INFO  server.RaftServerConfigKeys (ConfUtils.java:logGet(43)) - raft.server.log.queue.byte-limit = 2147483647 (custom)
2019-10-18 07:03:21,391 [pool-27-thread-1] INFO  server.RaftServerConfigKeys (ConfUtils.java:logGet(43)) - raft.server.log.queue.element-limit = 1024 (custom)
2019-10-18 07:03:21,391 [pool-59-thread-1] INFO  segmented.SegmentedRaftLogWorker (SegmentedRaftLogWorker.java:lambda$new$0(128)) - 46b9516a-dfd6-4e8f-8939-5a6242357177@group-370C1D8CACD3-SegmentedRaftLogWorker: flushIndex: setUnconditionally 0 -> -1
2019-10-18 07:03:21,391 [pool-47-thread-1] INFO  server.RaftServerConfigKeys (ConfUtils.java:logGet(43)) - raft.server.log.queue.element-limit = 1024 (custom)
2019-10-18 07:03:21,391 [pool-27-thread-1] INFO  server.RaftServerConfigKeys (ConfUtils.java:logGet(43)) - raft.server.log.segment.size.max = 1048576 (custom)
2019-10-18 07:03:21,392 [pool-59-thread-1] INFO  server.RaftServerConfigKeys (ConfUtils.java:logGet(43)) - raft.server.snapshot.auto.trigger.enabled = true (custom)
2019-10-18 07:03:21,392 [pool-47-thread-1] INFO  server.RaftServerConfigKeys (ConfUtils.java:logGet(43)) - raft.server.log.segment.size.max = 1048576 (custom)
2019-10-18 07:03:21,392 [pool-59-thread-1] INFO  server.RaftServerConfigKeys (ConfUtils.java:logGet(43)) - raft.server.snapshot.auto.trigger.threshold = 10000 (custom)
2019-10-18 07:03:21,392 [pool-27-thread-1] INFO  server.RaftServerConfigKeys (ConfUtils.java:logGet(43)) - raft.server.log.preallocated.size = 16384 (custom)
2019-10-18 07:03:21,392 [pool-59-thread-1] INFO  server.RaftServerConfigKeys (ConfUtils.java:logGet(43)) - raft.server.snapshot.retention.file.num = 5 (custom)
2019-10-18 07:03:21,392 [pool-47-thread-1] INFO  server.RaftServerConfigKeys (ConfUtils.java:logGet(43)) - raft.server.log.preallocated.size = 16384 (custom)
2019-10-18 07:03:21,392 [pool-59-thread-1] INFO  server.RaftServerConfigKeys (ConfUtils.java:logGet(43)) - raft.server.retrycache.expirytime = 600000ms (custom)
2019-10-18 07:03:21,392 [pool-27-thread-1] INFO  server.RaftServerConfigKeys (ConfUtils.java:logGet(43)) - raft.server.log.write.buffer.size = 33554432 (custom)
2019-10-18 07:03:21,393 [pool-47-thread-1] INFO  server.RaftServerConfigKeys (ConfUtils.java:logGet(43)) - raft.server.log.write.buffer.size = 33554432 (custom)
2019-10-18 07:03:21,393 [pool-27-thread-1] INFO  server.RaftServerConfigKeys (ConfUtils.java:logGet(43)) - raft.server.log.force.sync.num = 128 (default)
2019-10-18 07:03:21,393 [pool-47-thread-1] INFO  server.RaftServerConfigKeys (ConfUtils.java:logGet(43)) - raft.server.log.force.sync.num = 128 (default)
2019-10-18 07:03:21,393 [pool-27-thread-1] INFO  server.RaftServerConfigKeys (ConfUtils.java:logGet(43)) - raft.server.log.statemachine.data.sync = true (default)
2019-10-18 07:03:21,393 [pool-47-thread-1] INFO  server.RaftServerConfigKeys (ConfUtils.java:logGet(43)) - raft.server.log.statemachine.data.sync = true (default)
2019-10-18 07:03:21,393 [pool-27-thread-1] INFO  server.RaftServerConfigKeys (ConfUtils.java:logGet(43)) - raft.server.log.statemachine.data.sync.timeout = 10s (default)
2019-10-18 07:03:21,393 [pool-47-thread-1] INFO  server.RaftServerConfigKeys (ConfUtils.java:logGet(43)) - raft.server.log.statemachine.data.sync.timeout = 10s (default)
2019-10-18 07:03:21,394 [pool-27-thread-1] INFO  server.RaftServerConfigKeys (ConfUtils.java:logGet(43)) - raft.server.log.statemachine.data.sync.timeout.retry = -1 (default)
2019-10-18 07:03:21,394 [pool-47-thread-1] INFO  server.RaftServerConfigKeys (ConfUtils.java:logGet(43)) - raft.server.log.statemachine.data.sync.timeout.retry = -1 (default)
2019-10-18 07:03:21,394 [pool-27-thread-1] INFO  server.RaftServerConfigKeys (ConfUtils.java:logGet(43)) - raft.server.log.statemachine.data.caching.enabled = true (custom)
2019-10-18 07:03:21,394 [pool-47-thread-1] INFO  server.RaftServerConfigKeys (ConfUtils.java:logGet(43)) - raft.server.log.statemachine.data.caching.enabled = true (custom)
2019-10-18 07:03:21,394 [pool-27-thread-1] INFO  segmented.SegmentedRaftLogWorker (SegmentedRaftLogWorker.java:lambda$new$0(128)) - f69cf638-138d-4576-91da-2cd882e57eee@group-370C1D8CACD3-SegmentedRaftLogWorker: flushIndex: setUnconditionally 0 -> -1
2019-10-18 07:03:21,394 [pool-47-thread-1] INFO  segmented.SegmentedRaftLogWorker (SegmentedRaftLogWorker.java:lambda$new$0(128)) - 93f10d81-f4b6-4237-b2e6-6c2ccf8ca027@group-370C1D8CACD3-SegmentedRaftLogWorker: flushIndex: setUnconditionally 0 -> -1
2019-10-18 07:03:21,395 [pool-27-thread-1] INFO  server.RaftServerConfigKeys (ConfUtils.java:logGet(43)) - raft.server.snapshot.auto.trigger.enabled = true (custom)
2019-10-18 07:03:21,395 [pool-47-thread-1] INFO  server.RaftServerConfigKeys (ConfUtils.java:logGet(43)) - raft.server.snapshot.auto.trigger.enabled = true (custom)
2019-10-18 07:03:21,395 [pool-27-thread-1] INFO  server.RaftServerConfigKeys (ConfUtils.java:logGet(43)) - raft.server.snapshot.auto.trigger.threshold = 10000 (custom)
2019-10-18 07:03:21,395 [pool-47-thread-1] INFO  server.RaftServerConfigKeys (ConfUtils.java:logGet(43)) - raft.server.snapshot.auto.trigger.threshold = 10000 (custom)
2019-10-18 07:03:21,395 [pool-27-thread-1] INFO  server.RaftServerConfigKeys (ConfUtils.java:logGet(43)) - raft.server.snapshot.retention.file.num = 5 (custom)
2019-10-18 07:03:21,395 [pool-47-thread-1] INFO  server.RaftServerConfigKeys (ConfUtils.java:logGet(43)) - raft.server.snapshot.retention.file.num = 5 (custom)
2019-10-18 07:03:21,395 [pool-27-thread-1] INFO  server.RaftServerConfigKeys (ConfUtils.java:logGet(43)) - raft.server.retrycache.expirytime = 600000ms (custom)
2019-10-18 07:03:21,396 [pool-47-thread-1] INFO  server.RaftServerConfigKeys (ConfUtils.java:logGet(43)) - raft.server.retrycache.expirytime = 600000ms (custom)
2019-10-18 07:03:21,396 [pool-59-thread-1] INFO  impl.RaftServerImpl (RaftServerImpl.java:start(195)) - 46b9516a-dfd6-4e8f-8939-5a6242357177@group-370C1D8CACD3: start as a follower, conf=-1: [f69cf638-138d-4576-91da-2cd882e57eee:192.168.34.25:40171, 46b9516a-dfd6-4e8f-8939-5a6242357177:192.168.34.25:42762, 93f10d81-f4b6-4237-b2e6-6c2ccf8ca027:192.168.34.25:43753], old=null
2019-10-18 07:03:21,396 [pool-59-thread-1] INFO  impl.RaftServerImpl (RaftServerImpl.java:setRole(184)) - 46b9516a-dfd6-4e8f-8939-5a6242357177@group-370C1D8CACD3: changes role from      null to FOLLOWER at term 0 for startAsFollower
2019-10-18 07:03:21,396 [pool-59-thread-1] INFO  impl.RoleInfo (RoleInfo.java:updateAndGet(143)) - 46b9516a-dfd6-4e8f-8939-5a6242357177: start FollowerState
2019-10-18 07:03:21,397 [pool-59-thread-1] INFO  util.JmxRegister (JmxRegister.java:tryRegister(44)) - Successfully registered JMX Bean with object name Ratis:service=RaftServer,group=group-370C1D8CACD3,id=46b9516a-dfd6-4e8f-8939-5a6242357177
2019-10-18 07:03:21,399 [pool-27-thread-1] INFO  impl.RaftServerImpl (RaftServerImpl.java:start(195)) - f69cf638-138d-4576-91da-2cd882e57eee@group-370C1D8CACD3: start as a follower, conf=-1: [f69cf638-138d-4576-91da-2cd882e57eee:192.168.34.25:40171, 46b9516a-dfd6-4e8f-8939-5a6242357177:192.168.34.25:42762, 93f10d81-f4b6-4237-b2e6-6c2ccf8ca027:192.168.34.25:43753], old=null
2019-10-18 07:03:21,399 [pool-27-thread-1] INFO  impl.RaftServerImpl (RaftServerImpl.java:setRole(184)) - f69cf638-138d-4576-91da-2cd882e57eee@group-370C1D8CACD3: changes role from      null to FOLLOWER at term 0 for startAsFollower
2019-10-18 07:03:21,400 [pool-27-thread-1] INFO  impl.RoleInfo (RoleInfo.java:updateAndGet(143)) - f69cf638-138d-4576-91da-2cd882e57eee: start FollowerState
2019-10-18 07:03:21,400 [pool-47-thread-1] INFO  impl.RaftServerImpl (RaftServerImpl.java:start(195)) - 93f10d81-f4b6-4237-b2e6-6c2ccf8ca027@group-370C1D8CACD3: start as a follower, conf=-1: [f69cf638-138d-4576-91da-2cd882e57eee:192.168.34.25:40171, 46b9516a-dfd6-4e8f-8939-5a6242357177:192.168.34.25:42762, 93f10d81-f4b6-4237-b2e6-6c2ccf8ca027:192.168.34.25:43753], old=null
2019-10-18 07:03:21,400 [pool-47-thread-1] INFO  impl.RaftServerImpl (RaftServerImpl.java:setRole(184)) - 93f10d81-f4b6-4237-b2e6-6c2ccf8ca027@group-370C1D8CACD3: changes role from      null to FOLLOWER at term 0 for startAsFollower
2019-10-18 07:03:21,400 [pool-27-thread-1] INFO  util.JmxRegister (JmxRegister.java:tryRegister(44)) - Successfully registered JMX Bean with object name Ratis:service=RaftServer,group=group-370C1D8CACD3,id=f69cf638-138d-4576-91da-2cd882e57eee
2019-10-18 07:03:21,400 [pool-47-thread-1] INFO  impl.RoleInfo (RoleInfo.java:updateAndGet(143)) - 93f10d81-f4b6-4237-b2e6-6c2ccf8ca027: start FollowerState
2019-10-18 07:03:21,400 [pool-47-thread-1] INFO  util.JmxRegister (JmxRegister.java:tryRegister(44)) - Successfully registered JMX Bean with object name Ratis:service=RaftServer,group=group-370C1D8CACD3,id=93f10d81-f4b6-4237-b2e6-6c2ccf8ca027
2019-10-18 07:03:21,413 [RatisPipelineUtilsThread] INFO  pipeline.PipelineStateManager (PipelineStateManager.java:addPipeline(56)) - Created pipeline Pipeline[ Id: 5afdfc9f-35ba-440a-93d3-370c1d8cacd3, Nodes: 93f10d81-f4b6-4237-b2e6-6c2ccf8ca027{ip: 192.168.34.25, host: pr-hdds-2318-jnjn8-2612408985, networkLocation: /default-rack, certSerialId: null}46b9516a-dfd6-4e8f-8939-5a6242357177{ip: 192.168.34.25, host: pr-hdds-2318-jnjn8-2612408985, networkLocation: /default-rack, certSerialId: null}f69cf638-138d-4576-91da-2cd882e57eee{ip: 192.168.34.25, host: pr-hdds-2318-jnjn8-2612408985, networkLocation: /default-rack, certSerialId: null}, Type:RATIS, Factor:THREE, State:OPEN]
2019-10-18 07:03:21,419 [46b9516a-dfd6-4e8f-8939-5a6242357177@group-3EE4801ABF64-SegmentedRaftLogWorker] INFO  segmented.SegmentedRaftLogWorker (SegmentedRaftLogWorker.java:execute(576)) - 46b9516a-dfd6-4e8f-8939-5a6242357177@group-3EE4801ABF64-SegmentedRaftLogWorker: created new log segment /workdir/hadoop-ozone/integration-test/target/test-dir/MiniOzoneClusterImpl-e1e2c834-f325-487e-8a8a-8e8b7cc1d0d1/datanode-1/data/ratis/6bffbcdb-d362-44f4-9fba-3ee4801abf64/current/log_inprogress_0
2019-10-18 07:03:21,448 [EventQueue-PendingDeleteStatusForPendingDeleteHandler] INFO  block.SCMBlockDeletingService (SCMBlockDeletingService.java:handlePendingDeletes(115)) - Block deletion txnID mismatch in datanode 46b9516a-dfd6-4e8f-8939-5a6242357177 for containerID 1. Datanode delete txnID: 0, SCM txnID: 1
2019-10-18 07:03:21,484 [Thread-773] INFO  impl.FollowerState (FollowerState.java:run(108)) - f69cf638-138d-4576-91da-2cd882e57eee@group-370C1D8CACD3-FollowerState: change to CANDIDATE, lastRpcTime:84ms, electionTimeout:84ms
2019-10-18 07:03:21,484 [Thread-773] INFO  impl.RoleInfo (RoleInfo.java:shutdownFollowerState(121)) - f69cf638-138d-4576-91da-2cd882e57eee: shutdown FollowerState
2019-10-18 07:03:21,484 [Thread-773] INFO  impl.RaftServerImpl (RaftServerImpl.java:setRole(184)) - f69cf638-138d-4576-91da-2cd882e57eee@group-370C1D8CACD3: changes role from  FOLLOWER to CANDIDATE at term 0 for changeToCandidate
2019-10-18 07:03:21,484 [Thread-773] INFO  impl.RoleInfo (RoleInfo.java:updateAndGet(143)) - f69cf638-138d-4576-91da-2cd882e57eee: start LeaderElection
2019-10-18 07:03:21,501 [Thread-774] INFO  impl.FollowerState (FollowerState.java:run(108)) - 93f10d81-f4b6-4237-b2e6-6c2ccf8ca027@group-370C1D8CACD3-FollowerState: change to CANDIDATE, lastRpcTime:100ms, electionTimeout:100ms
2019-10-18 07:03:21,501 [Thread-774] INFO  impl.RoleInfo (RoleInfo.java:shutdownFollowerState(121)) - 93f10d81-f4b6-4237-b2e6-6c2ccf8ca027: shutdown FollowerState
2019-10-18 07:03:21,501 [Thread-774] INFO  impl.RaftServerImpl (RaftServerImpl.java:setRole(184)) - 93f10d81-f4b6-4237-b2e6-6c2ccf8ca027@group-370C1D8CACD3: changes role from  FOLLOWER to CANDIDATE at term 0 for changeToCandidate
2019-10-18 07:03:21,501 [Thread-774] INFO  impl.RoleInfo (RoleInfo.java:updateAndGet(143)) - 93f10d81-f4b6-4237-b2e6-6c2ccf8ca027: start LeaderElection
2019-10-18 07:03:21,543 [Thread-772] INFO  impl.FollowerState (FollowerState.java:run(108)) - 46b9516a-dfd6-4e8f-8939-5a6242357177@group-370C1D8CACD3-FollowerState: change to CANDIDATE, lastRpcTime:146ms, electionTimeout:146ms
2019-10-18 07:03:21,543 [Thread-772] INFO  impl.RoleInfo (RoleInfo.java:shutdownFollowerState(121)) - 46b9516a-dfd6-4e8f-8939-5a6242357177: shutdown FollowerState
2019-10-18 07:03:21,543 [Thread-772] INFO  impl.RaftServerImpl (RaftServerImpl.java:setRole(184)) - 46b9516a-dfd6-4e8f-8939-5a6242357177@group-370C1D8CACD3: changes role from  FOLLOWER to CANDIDATE at term 0 for changeToCandidate
2019-10-18 07:03:21,543 [Thread-772] INFO  impl.RoleInfo (RoleInfo.java:updateAndGet(143)) - 46b9516a-dfd6-4e8f-8939-5a6242357177: start LeaderElection
2019-10-18 07:03:21,546 [93f10d81-f4b6-4237-b2e6-6c2ccf8ca027@group-370C1D8CACD3-LeaderElection33] INFO  impl.LeaderElection (LeaderElection.java:askForVotes(178)) - 93f10d81-f4b6-4237-b2e6-6c2ccf8ca027@group-370C1D8CACD3-LeaderElection33: begin an election at term 1 for -1: [f69cf638-138d-4576-91da-2cd882e57eee:192.168.34.25:40171, 46b9516a-dfd6-4e8f-8939-5a6242357177:192.168.34.25:42762, 93f10d81-f4b6-4237-b2e6-6c2ccf8ca027:192.168.34.25:43753], old=null
2019-10-18 07:03:21,546 [f69cf638-138d-4576-91da-2cd882e57eee@group-370C1D8CACD3-LeaderElection32] INFO  impl.LeaderElection (LeaderElection.java:askForVotes(178)) - f69cf638-138d-4576-91da-2cd882e57eee@group-370C1D8CACD3-LeaderElection32: begin an election at term 1 for -1: [f69cf638-138d-4576-91da-2cd882e57eee:192.168.34.25:40171, 46b9516a-dfd6-4e8f-8939-5a6242357177:192.168.34.25:42762, 93f10d81-f4b6-4237-b2e6-6c2ccf8ca027:192.168.34.25:43753], old=null
2019-10-18 07:03:21,563 [46b9516a-dfd6-4e8f-8939-5a6242357177@group-370C1D8CACD3-LeaderElection34] INFO  impl.LeaderElection (LeaderElection.java:askForVotes(178)) - 46b9516a-dfd6-4e8f-8939-5a6242357177@group-370C1D8CACD3-LeaderElection34: begin an election at term 1 for -1: [f69cf638-138d-4576-91da-2cd882e57eee:192.168.34.25:40171, 46b9516a-dfd6-4e8f-8939-5a6242357177:192.168.34.25:42762, 93f10d81-f4b6-4237-b2e6-6c2ccf8ca027:192.168.34.25:43753], old=null
2019-10-18 07:03:21,567 [f69cf638-138d-4576-91da-2cd882e57eee@group-370C1D8CACD3-LeaderElection32] INFO  impl.LeaderElection (LeaderElection.java:logAndReturn(56)) - f69cf638-138d-4576-91da-2cd882e57eee@group-370C1D8CACD3-LeaderElection32: Election REJECTED; received 2 response(s) [f69cf638-138d-4576-91da-2cd882e57eee<-46b9516a-dfd6-4e8f-8939-5a6242357177#0:FAIL-t1, f69cf638-138d-4576-91da-2cd882e57eee<-93f10d81-f4b6-4237-b2e6-6c2ccf8ca027#0:FAIL-t1] and 0 exception(s); f69cf638-138d-4576-91da-2cd882e57eee@group-370C1D8CACD3:t1, leader=null, voted=f69cf638-138d-4576-91da-2cd882e57eee, raftlog=f69cf638-138d-4576-91da-2cd882e57eee@group-370C1D8CACD3-SegmentedRaftLog:OPENED:c-1,f-1,i0, conf=-1: [f69cf638-138d-4576-91da-2cd882e57eee:192.168.34.25:40171, 46b9516a-dfd6-4e8f-8939-5a6242357177:192.168.34.25:42762, 93f10d81-f4b6-4237-b2e6-6c2ccf8ca027:192.168.34.25:43753], old=null
2019-10-18 07:03:21,567 [f69cf638-138d-4576-91da-2cd882e57eee@group-370C1D8CACD3-LeaderElection32] INFO  impl.RaftServerImpl (RaftServerImpl.java:setRole(184)) - f69cf638-138d-4576-91da-2cd882e57eee@group-370C1D8CACD3: changes role from CANDIDATE to FOLLOWER at term 1 for DISCOVERED_A_NEW_TERM
2019-10-18 07:03:21,567 [93f10d81-f4b6-4237-b2e6-6c2ccf8ca027@group-370C1D8CACD3-LeaderElection33] INFO  impl.LeaderElection (LeaderElection.java:logAndReturn(56)) - 93f10d81-f4b6-4237-b2e6-6c2ccf8ca027@group-370C1D8CACD3-LeaderElection33: Election REJECTED; received 2 response(s) [93f10d81-f4b6-4237-b2e6-6c2ccf8ca027<-f69cf638-138d-4576-91da-2cd882e57eee#0:FAIL-t1, 93f10d81-f4b6-4237-b2e6-6c2ccf8ca027<-46b9516a-dfd6-4e8f-8939-5a6242357177#0:FAIL-t1] and 0 exception(s); 93f10d81-f4b6-4237-b2e6-6c2ccf8ca027@group-370C1D8CACD3:t1, leader=null, voted=93f10d81-f4b6-4237-b2e6-6c2ccf8ca027, raftlog=93f10d81-f4b6-4237-b2e6-6c2ccf8ca027@group-370C1D8CACD3-SegmentedRaftLog:OPENED:c-1,f-1,i0, conf=-1: [f69cf638-138d-4576-91da-2cd882e57eee:192.168.34.25:40171, 46b9516a-dfd6-4e8f-8939-5a6242357177:192.168.34.25:42762, 93f10d81-f4b6-4237-b2e6-6c2ccf8ca027:192.168.34.25:43753], old=null
2019-10-18 07:03:21,568 [f69cf638-138d-4576-91da-2cd882e57eee@group-370C1D8CACD3-LeaderElection32] INFO  impl.RoleInfo (RoleInfo.java:shutdownLeaderElection(134)) - f69cf638-138d-4576-91da-2cd882e57eee: shutdown LeaderElection
2019-10-18 07:03:21,568 [93f10d81-f4b6-4237-b2e6-6c2ccf8ca027@group-370C1D8CACD3-LeaderElection33] INFO  impl.RaftServerImpl (RaftServerImpl.java:setRole(184)) - 93f10d81-f4b6-4237-b2e6-6c2ccf8ca027@group-370C1D8CACD3: changes role from CANDIDATE to FOLLOWER at term 1 for DISCOVERED_A_NEW_TERM
2019-10-18 07:03:21,568 [f69cf638-138d-4576-91da-2cd882e57eee@group-370C1D8CACD3-LeaderElection32] INFO  impl.RoleInfo (RoleInfo.java:updateAndGet(143)) - f69cf638-138d-4576-91da-2cd882e57eee: start FollowerState
2019-10-18 07:03:21,568 [Thread-768] INFO  impl.FollowerState (FollowerState.java:run(108)) - 46b9516a-dfd6-4e8f-8939-5a6242357177@group-CAF408347A58-FollowerState: change to CANDIDATE, lastRpcTime:180ms, electionTimeout:180ms
2019-10-18 07:03:21,568 [93f10d81-f4b6-4237-b2e6-6c2ccf8ca027@group-370C1D8CACD3-LeaderElection33] INFO  impl.RoleInfo (RoleInfo.java:shutdownLeaderElection(134)) - 93f10d81-f4b6-4237-b2e6-6c2ccf8ca027: shutdown LeaderElection
2019-10-18 07:03:21,568 [Thread-768] INFO  impl.RoleInfo (RoleInfo.java:shutdownFollowerState(121)) - 46b9516a-dfd6-4e8f-8939-5a6242357177: shutdown FollowerState
2019-10-18 07:03:21,568 [93f10d81-f4b6-4237-b2e6-6c2ccf8ca027@group-370C1D8CACD3-LeaderElection33] INFO  impl.RoleInfo (RoleInfo.java:updateAndGet(143)) - 93f10d81-f4b6-4237-b2e6-6c2ccf8ca027: start FollowerState
2019-10-18 07:03:21,569 [Thread-768] INFO  impl.RaftServerImpl (RaftServerImpl.java:setRole(184)) - 46b9516a-dfd6-4e8f-8939-5a6242357177@group-CAF408347A58: changes role from  FOLLOWER to CANDIDATE at term 33 for changeToCandidate
2019-10-18 07:03:21,569 [Thread-768] INFO  impl.RoleInfo (RoleInfo.java:updateAndGet(143)) - 46b9516a-dfd6-4e8f-8939-5a6242357177: start LeaderElection
2019-10-18 07:03:21,570 [46b9516a-dfd6-4e8f-8939-5a6242357177@group-370C1D8CACD3-LeaderElection34] INFO  impl.LeaderElection (LeaderElection.java:logAndReturn(56)) - 46b9516a-dfd6-4e8f-8939-5a6242357177@group-370C1D8CACD3-LeaderElection34: Election REJECTED; received 2 response(s) [46b9516a-dfd6-4e8f-8939-5a6242357177<-f69cf638-138d-4576-91da-2cd882e57eee#0:FAIL-t1, 46b9516a-dfd6-4e8f-8939-5a6242357177<-93f10d81-f4b6-4237-b2e6-6c2ccf8ca027#0:FAIL-t1] and 0 exception(s); 46b9516a-dfd6-4e8f-8939-5a6242357177@group-370C1D8CACD3:t1, leader=null, voted=46b9516a-dfd6-4e8f-8939-5a6242357177, raftlog=46b9516a-dfd6-4e8f-8939-5a6242357177@group-370C1D8CACD3-SegmentedRaftLog:OPENED:c-1,f-1,i0, conf=-1: [f69cf638-138d-4576-91da-2cd882e57eee:192.168.34.25:40171, 46b9516a-dfd6-4e8f-8939-5a6242357177:192.168.34.25:42762, 93f10d81-f4b6-4237-b2e6-6c2ccf8ca027:192.168.34.25:43753], old=null
2019-10-18 07:03:21,570 [46b9516a-dfd6-4e8f-8939-5a6242357177@group-370C1D8CACD3-LeaderElection34] INFO  impl.RaftServerImpl (RaftServerImpl.java:setRole(184)) - 46b9516a-dfd6-4e8f-8939-5a6242357177@group-370C1D8CACD3: changes role from CANDIDATE to FOLLOWER at term 1 for DISCOVERED_A_NEW_TERM
2019-10-18 07:03:21,570 [46b9516a-dfd6-4e8f-8939-5a6242357177@group-370C1D8CACD3-LeaderElection34] INFO  impl.RoleInfo (RoleInfo.java:shutdownLeaderElection(134)) - 46b9516a-dfd6-4e8f-8939-5a6242357177: shutdown LeaderElection
2019-10-18 07:03:21,570 [46b9516a-dfd6-4e8f-8939-5a6242357177@group-370C1D8CACD3-LeaderElection34] INFO  impl.RoleInfo (RoleInfo.java:updateAndGet(143)) - 46b9516a-dfd6-4e8f-8939-5a6242357177: start FollowerState
2019-10-18 07:03:21,588 [46b9516a-dfd6-4e8f-8939-5a6242357177@group-CAF408347A58-LeaderElection35] INFO  impl.LeaderElection (LeaderElection.java:askForVotes(178)) - 46b9516a-dfd6-4e8f-8939-5a6242357177@group-CAF408347A58-LeaderElection35: begin an election at term 34 for 0: [f69cf638-138d-4576-91da-2cd882e57eee:192.168.34.25:40171, 46b9516a-dfd6-4e8f-8939-5a6242357177:192.168.34.25:42762, 93f10d81-f4b6-4237-b2e6-6c2ccf8ca027:192.168.34.25:43753], old=null
2019-10-18 07:03:21,590 [grpc-default-executor-5] INFO  impl.RaftServerImpl (RaftServerImpl.java:setRole(184)) - f69cf638-138d-4576-91da-2cd882e57eee@group-CAF408347A58: changes role from  FOLLOWER to FOLLOWER at term 34 for recognizeCandidate:46b9516a-dfd6-4e8f-8939-5a6242357177
2019-10-18 07:03:21,590 [grpc-default-executor-5] INFO  impl.RoleInfo (RoleInfo.java:shutdownFollowerState(121)) - f69cf638-138d-4576-91da-2cd882e57eee: shutdown FollowerState
2019-10-18 07:03:21,590 [grpc-default-executor-2] INFO  impl.RaftServerImpl (RaftServerImpl.java:setRole(184)) - 93f10d81-f4b6-4237-b2e6-6c2ccf8ca027@group-CAF408347A58: changes role from  FOLLOWER to FOLLOWER at term 34 for recognizeCandidate:46b9516a-dfd6-4e8f-8939-5a6242357177
2019-10-18 07:03:21,590 [grpc-default-executor-2] INFO  impl.RoleInfo (RoleInfo.java:shutdownFollowerState(121)) - 93f10d81-f4b6-4237-b2e6-6c2ccf8ca027: shutdown FollowerState
2019-10-18 07:03:21,590 [grpc-default-executor-5] INFO  impl.RoleInfo (RoleInfo.java:updateAndGet(143)) - f69cf638-138d-4576-91da-2cd882e57eee: start FollowerState
2019-10-18 07:03:21,590 [Thread-767] INFO  impl.FollowerState (FollowerState.java:run(117)) - 93f10d81-f4b6-4237-b2e6-6c2ccf8ca027@group-CAF408347A58-FollowerState was interrupted: java.lang.InterruptedException: sleep interrupted
2019-10-18 07:03:21,590 [grpc-default-executor-2] INFO  impl.RoleInfo (RoleInfo.java:updateAndGet(143)) - 93f10d81-f4b6-4237-b2e6-6c2ccf8ca027: start FollowerState
2019-10-18 07:03:21,590 [Thread-766] INFO  impl.FollowerState (FollowerState.java:run(117)) - f69cf638-138d-4576-91da-2cd882e57eee@group-CAF408347A58-FollowerState was interrupted: java.lang.InterruptedException: sleep interrupted
2019-10-18 07:03:21,614 [46b9516a-dfd6-4e8f-8939-5a6242357177@group-CAF408347A58-LeaderElection35] INFO  impl.LeaderElection (LeaderElection.java:logAndReturn(56)) - 46b9516a-dfd6-4e8f-8939-5a6242357177@group-CAF408347A58-LeaderElection35: Election REJECTED; received 2 response(s) [46b9516a-dfd6-4e8f-8939-5a6242357177<-f69cf638-138d-4576-91da-2cd882e57eee#0:FAIL-t34, 46b9516a-dfd6-4e8f-8939-5a6242357177<-93f10d81-f4b6-4237-b2e6-6c2ccf8ca027#0:FAIL-t34] and 0 exception(s); 46b9516a-dfd6-4e8f-8939-5a6242357177@group-CAF408347A58:t34, leader=null, voted=46b9516a-dfd6-4e8f-8939-5a6242357177, raftlog=46b9516a-dfd6-4e8f-8939-5a6242357177@group-CAF408347A58-SegmentedRaftLog:OPENED:c3,f4,i4, conf=0: [f69cf638-138d-4576-91da-2cd882e57eee:192.168.34.25:40171, 46b9516a-dfd6-4e8f-8939-5a6242357177:192.168.34.25:42762, 93f10d81-f4b6-4237-b2e6-6c2ccf8ca027:192.168.34.25:43753], old=null
2019-10-18 07:03:21,614 [46b9516a-dfd6-4e8f-8939-5a6242357177@group-CAF408347A58-LeaderElection35] INFO  impl.RaftServerImpl (RaftServerImpl.java:setRole(184)) - 46b9516a-dfd6-4e8f-8939-5a6242357177@group-CAF408347A58: changes role from CANDIDATE to FOLLOWER at term 34 for DISCOVERED_A_NEW_TERM
2019-10-18 07:03:21,615 [46b9516a-dfd6-4e8f-8939-5a6242357177@group-CAF408347A58-LeaderElection35] INFO  impl.RoleInfo (RoleInfo.java:shutdownLeaderElection(134)) - 46b9516a-dfd6-4e8f-8939-5a6242357177: shutdown LeaderElection
2019-10-18 07:03:21,615 [46b9516a-dfd6-4e8f-8939-5a6242357177@group-CAF408347A58-LeaderElection35] INFO  impl.RoleInfo (RoleInfo.java:updateAndGet(143)) - 46b9516a-dfd6-4e8f-8939-5a6242357177: start FollowerState
2019-10-18 07:03:21,641 [Thread-787] INFO  impl.FollowerState (FollowerState.java:run(108)) - f69cf638-138d-4576-91da-2cd882e57eee@group-370C1D8CACD3-FollowerState: change to CANDIDATE, lastRpcTime:73ms, electionTimeout:73ms
2019-10-18 07:03:21,641 [Thread-787] INFO  impl.RoleInfo (RoleInfo.java:shutdownFollowerState(121)) - f69cf638-138d-4576-91da-2cd882e57eee: shutdown FollowerState
2019-10-18 07:03:21,642 [Thread-787] INFO  impl.RaftServerImpl (RaftServerImpl.java:setRole(184)) - f69cf638-138d-4576-91da-2cd882e57eee@group-370C1D8CACD3: changes role from  FOLLOWER to CANDIDATE at term 1 for changeToCandidate
2019-10-18 07:03:21,642 [Thread-787] INFO  impl.RoleInfo (RoleInfo.java:updateAndGet(143)) - f69cf638-138d-4576-91da-2cd882e57eee: start LeaderElection
2019-10-18 07:03:21,651 [Thread-788] INFO  impl.FollowerState (FollowerState.java:run(108)) - 93f10d81-f4b6-4237-b2e6-6c2ccf8ca027@group-370C1D8CACD3-FollowerState: change to CANDIDATE, lastRpcTime:82ms, electionTimeout:82ms
2019-10-18 07:03:21,651 [Thread-788] INFO  impl.RoleInfo (RoleInfo.java:shutdownFollowerState(121)) - 93f10d81-f4b6-4237-b2e6-6c2ccf8ca027: shutdown FollowerState
2019-10-18 07:03:21,651 [Thread-788] INFO  impl.RaftServerImpl (RaftServerImpl.java:setRole(184)) - 93f10d81-f4b6-4237-b2e6-6c2ccf8ca027@group-370C1D8CACD3: changes role from  FOLLOWER to CANDIDATE at term 1 for changeToCandidate
2019-10-18 07:03:21,651 [Thread-788] INFO  impl.RoleInfo (RoleInfo.java:updateAndGet(143)) - 93f10d81-f4b6-4237-b2e6-6c2ccf8ca027: start LeaderElection
2019-10-18 07:03:21,723 [f69cf638-138d-4576-91da-2cd882e57eee@group-370C1D8CACD3-LeaderElection36] INFO  impl.LeaderElection (LeaderElection.java:askForVotes(178)) - f69cf638-138d-4576-91da-2cd882e57eee@group-370C1D8CACD3-LeaderElection36: begin an election at term 2 for -1: [f69cf638-138d-4576-91da-2cd882e57eee:192.168.34.25:40171, 46b9516a-dfd6-4e8f-8939-5a6242357177:192.168.34.25:42762, 93f10d81-f4b6-4237-b2e6-6c2ccf8ca027:192.168.34.25:43753], old=null
2019-10-18 07:03:21,723 [93f10d81-f4b6-4237-b2e6-6c2ccf8ca027@group-370C1D8CACD3-LeaderElection37] INFO  impl.LeaderElection (LeaderElection.java:askForVotes(178)) - 93f10d81-f4b6-4237-b2e6-6c2ccf8ca027@group-370C1D8CACD3-LeaderElection37: begin an election at term 2 for -1: [f69cf638-138d-4576-91da-2cd882e57eee:192.168.34.25:40171, 46b9516a-dfd6-4e8f-8939-5a6242357177:192.168.34.25:42762, 93f10d81-f4b6-4237-b2e6-6c2ccf8ca027:192.168.34.25:43753], old=null
2019-10-18 07:03:21,726 [grpc-default-executor-2] INFO  impl.RaftServerImpl (RaftServerImpl.java:setRole(184)) - 46b9516a-dfd6-4e8f-8939-5a6242357177@group-370C1D8CACD3: changes role from  FOLLOWER to FOLLOWER at term 2 for recognizeCandidate:f69cf638-138d-4576-91da-2cd882e57eee
2019-10-18 07:03:21,726 [grpc-default-executor-2] INFO  impl.RoleInfo (RoleInfo.java:shutdownFollowerState(121)) - 46b9516a-dfd6-4e8f-8939-5a6242357177: shutdown FollowerState
2019-10-18 07:03:21,726 [grpc-default-executor-2] INFO  impl.RoleInfo (RoleInfo.java:updateAndGet(143)) - 46b9516a-dfd6-4e8f-8939-5a6242357177: start FollowerState
2019-10-18 07:03:21,726 [Thread-790] INFO  impl.FollowerState (FollowerState.java:run(117)) - 46b9516a-dfd6-4e8f-8939-5a6242357177@group-370C1D8CACD3-FollowerState was interrupted: java.lang.InterruptedException: sleep interrupted
2019-10-18 07:03:21,749 [Thread-795] INFO  impl.FollowerState (FollowerState.java:run(108)) - 46b9516a-dfd6-4e8f-8939-5a6242357177@group-CAF408347A58-FollowerState: change to CANDIDATE, lastRpcTime:134ms, electionTimeout:134ms
2019-10-18 07:03:21,749 [Thread-795] INFO  impl.RoleInfo (RoleInfo.java:shutdownFollowerState(121)) - 46b9516a-dfd6-4e8f-8939-5a6242357177: shutdown FollowerState
2019-10-18 07:03:21,749 [f69cf638-138d-4576-91da-2cd882e57eee@group-370C1D8CACD3-LeaderElection36] INFO  impl.LeaderElection (LeaderElection.java:logAndReturn(56)) - f69cf638-138d-4576-91da-2cd882e57eee@group-370C1D8CACD3-LeaderElection36: Election PASSED; received 2 response(s) [f69cf638-138d-4576-91da-2cd882e57eee<-46b9516a-dfd6-4e8f-8939-5a6242357177#0:OK-t2, f69cf638-138d-4576-91da-2cd882e57eee<-93f10d81-f4b6-4237-b2e6-6c2ccf8ca027#0:FAIL-t2] and 0 exception(s); f69cf638-138d-4576-91da-2cd882e57eee@group-370C1D8CACD3:t2, leader=null, voted=f69cf638-138d-4576-91da-2cd882e57eee, raftlog=f69cf638-138d-4576-91da-2cd882e57eee@group-370C1D8CACD3-SegmentedRaftLog:OPENED:c-1,f-1,i0, conf=-1: [f69cf638-138d-4576-91da-2cd882e57eee:192.168.34.25:40171, 46b9516a-dfd6-4e8f-8939-5a6242357177:192.168.34.25:42762, 93f10d81-f4b6-4237-b2e6-6c2ccf8ca027:192.168.34.25:43753], old=null
2019-10-18 07:03:21,749 [93f10d81-f4b6-4237-b2e6-6c2ccf8ca027@group-370C1D8CACD3-LeaderElection37] INFO  impl.LeaderElection (LeaderElection.java:logAndReturn(56)) - 93f10d81-f4b6-4237-b2e6-6c2ccf8ca027@group-370C1D8CACD3-LeaderElection37: Election REJECTED; received 2 response(s) [93f10d81-f4b6-4237-b2e6-6c2ccf8ca027<-f69cf638-138d-4576-91da-2cd882e57eee#0:FAIL-t2, 93f10d81-f4b6-4237-b2e6-6c2ccf8ca027<-46b9516a-dfd6-4e8f-8939-5a6242357177#0:FAIL-t2] and 0 exception(s); 93f10d81-f4b6-4237-b2e6-6c2ccf8ca027@group-370C1D8CACD3:t2, leader=null, voted=93f10d81-f4b6-4237-b2e6-6c2ccf8ca027, raftlog=93f10d81-f4b6-4237-b2e6-6c2ccf8ca027@group-370C1D8CACD3-SegmentedRaftLog:OPENED:c-1,f-1,i0, conf=-1: [f69cf638-138d-4576-91da-2cd882e57eee:192.168.34.25:40171, 46b9516a-dfd6-4e8f-8939-5a6242357177:192.168.34.25:42762, 93f10d81-f4b6-4237-b2e6-6c2ccf8ca027:192.168.34.25:43753], old=null
2019-10-18 07:03:21,749 [Thread-795] INFO  impl.RaftServerImpl (RaftServerImpl.java:setRole(184)) - 46b9516a-dfd6-4e8f-8939-5a6242357177@group-CAF408347A58: changes role from  FOLLOWER to CANDIDATE at term 34 for changeToCandidate
2019-10-18 07:03:21,750 [93f10d81-f4b6-4237-b2e6-6c2ccf8ca027@group-370C1D8CACD3-LeaderElection37] INFO  impl.RaftServerImpl (RaftServerImpl.java:setRole(184)) - 93f10d81-f4b6-4237-b2e6-6c2ccf8ca027@group-370C1D8CACD3: changes role from CANDIDATE to FOLLOWER at term 2 for DISCOVERED_A_NEW_TERM
2019-10-18 07:03:21,750 [f69cf638-138d-4576-91da-2cd882e57eee@group-370C1D8CACD3-LeaderElection36] INFO  impl.RoleInfo (RoleInfo.java:shutdownLeaderElection(134)) - f69cf638-138d-4576-91da-2cd882e57eee: shutdown LeaderElection
2019-10-18 07:03:21,750 [93f10d81-f4b6-4237-b2e6-6c2ccf8ca027@group-370C1D8CACD3-LeaderElection37] INFO  impl.RoleInfo (RoleInfo.java:shutdownLeaderElection(134)) - 93f10d81-f4b6-4237-b2e6-6c2ccf8ca027: shutdown LeaderElection
2019-10-18 07:03:21,750 [Thread-795] INFO  impl.RoleInfo (RoleInfo.java:updateAndGet(143)) - 46b9516a-dfd6-4e8f-8939-5a6242357177: start LeaderElection
2019-10-18 07:03:21,750 [93f10d81-f4b6-4237-b2e6-6c2ccf8ca027@group-370C1D8CACD3-LeaderElection37] INFO  impl.RoleInfo (RoleInfo.java:updateAndGet(143)) - 93f10d81-f4b6-4237-b2e6-6c2ccf8ca027: start FollowerState
2019-10-18 07:03:21,750 [f69cf638-138d-4576-91da-2cd882e57eee@group-370C1D8CACD3-LeaderElection36] INFO  impl.RaftServerImpl (RaftServerImpl.java:setRole(184)) - f69cf638-138d-4576-91da-2cd882e57eee@group-370C1D8CACD3: changes role from CANDIDATE to LEADER at term 2 for changeToLeader
2019-10-18 07:03:21,751 [f69cf638-138d-4576-91da-2cd882e57eee@group-370C1D8CACD3-LeaderElection36] INFO  impl.RaftServerImpl (ServerState.java:setLeader(256)) - f69cf638-138d-4576-91da-2cd882e57eee@group-370C1D8CACD3: change Leader from null to f69cf638-138d-4576-91da-2cd882e57eee at term 2 for becomeLeader, leader elected after 364ms
2019-10-18 07:03:21,751 [f69cf638-138d-4576-91da-2cd882e57eee@group-370C1D8CACD3-LeaderElection36] INFO  server.RaftServerConfigKeys (ConfUtils.java:logGet(43)) - raft.server.staging.catchup.gap = 1000 (default)
2019-10-18 07:03:21,751 [f69cf638-138d-4576-91da-2cd882e57eee@group-370C1D8CACD3-LeaderElection36] INFO  server.RaftServerConfigKeys (ConfUtils.java:logGet(43)) - raft.server.rpc.sleep.time = 25ms (default)
2019-10-18 07:03:21,751 [f69cf638-138d-4576-91da-2cd882e57eee@group-370C1D8CACD3-LeaderElection36] INFO  server.RaftServerConfigKeys (ConfUtils.java:logGet(43)) - raft.server.write.element-limit = 4096 (default)
2019-10-18 07:03:21,752 [f69cf638-138d-4576-91da-2cd882e57eee@group-370C1D8CACD3-LeaderElection36] INFO  server.RaftServerConfigKeys (ConfUtils.java:logGet(43)) - raft.server.watch.timeout = 10s (default)
2019-10-18 07:03:21,752 [f69cf638-138d-4576-91da-2cd882e57eee@group-370C1D8CACD3-LeaderElection36] INFO  server.RaftServerConfigKeys (ConfUtils.java:logGet(43)) - raft.server.watch.timeout.denomination = 1s (default)
2019-10-18 07:03:21,752 [f69cf638-138d-4576-91da-2cd882e57eee@group-370C1D8CACD3-LeaderElection36] INFO  server.RaftServerConfigKeys (ConfUtils.java:logGet(43)) - raft.server.watch.element-limit = 65536 (default)
2019-10-18 07:03:21,755 [f69cf638-138d-4576-91da-2cd882e57eee@group-370C1D8CACD3-LeaderElection36] INFO  server.RaftServerConfigKeys (ConfUtils.java:logGet(43)) - raft.server.log.appender.snapshot.chunk.size.max = 16MB (=16777216) (default)
2019-10-18 07:03:21,755 [f69cf638-138d-4576-91da-2cd882e57eee@group-370C1D8CACD3-LeaderElection36] INFO  server.RaftServerConfigKeys (ConfUtils.java:logGet(43)) - raft.server.log.appender.buffer.byte-limit = 33554432 (custom)
2019-10-18 07:03:21,755 [f69cf638-138d-4576-91da-2cd882e57eee@group-370C1D8CACD3-LeaderElection36] INFO  server.RaftServerConfigKeys (ConfUtils.java:logGet(43)) - raft.server.log.appender.buffer.element-limit = 1 (custom)
2019-10-18 07:03:21,755 [f69cf638-138d-4576-91da-2cd882e57eee@group-370C1D8CACD3-LeaderElection36] INFO  grpc.GrpcConfigKeys$Server (ConfUtils.java:logGet(43)) - raft.grpc.server.leader.outstanding.appends.max = 128 (default)
2019-10-18 07:03:21,755 [f69cf638-138d-4576-91da-2cd882e57eee@group-370C1D8CACD3-LeaderElection36] INFO  server.RaftServerConfigKeys (ConfUtils.java:logGet(43)) - raft.server.rpc.request.timeout = 3000ms (default)
2019-10-18 07:03:21,756 [f69cf638-138d-4576-91da-2cd882e57eee@group-370C1D8CACD3-LeaderElection36] INFO  server.RaftServerConfigKeys (ConfUtils.java:logGet(43)) - raft.server.log.appender.install.snapshot.enabled = false (custom)
2019-10-18 07:03:21,758 [f69cf638-138d-4576-91da-2cd882e57eee@group-370C1D8CACD3-LeaderElection36] INFO  server.RaftServerConfigKeys (ConfUtils.java:logGet(43)) - raft.server.log.appender.snapshot.chunk.size.max = 16MB (=16777216) (default)
2019-10-18 07:03:21,758 [f69cf638-138d-4576-91da-2cd882e57eee@group-370C1D8CACD3-LeaderElection36] INFO  server.RaftServerConfigKeys (ConfUtils.java:logGet(43)) - raft.server.log.appender.buffer.byte-limit = 33554432 (custom)
2019-10-18 07:03:21,758 [f69cf638-138d-4576-91da-2cd882e57eee@group-370C1D8CACD3-LeaderElection36] INFO  server.RaftServerConfigKeys (ConfUtils.java:logGet(43)) - raft.server.log.appender.buffer.element-limit = 1 (custom)
2019-10-18 07:03:21,759 [f69cf638-138d-4576-91da-2cd882e57eee@group-370C1D8CACD3-LeaderElection36] INFO  grpc.GrpcConfigKeys$Server (ConfUtils.java:logGet(43)) - raft.grpc.server.leader.outstanding.appends.max = 128 (default)
2019-10-18 07:03:21,759 [f69cf638-138d-4576-91da-2cd882e57eee@group-370C1D8CACD3-LeaderElection36] INFO  server.RaftServerConfigKeys (ConfUtils.java:logGet(43)) - raft.server.rpc.request.timeout = 3000ms (default)
2019-10-18 07:03:21,759 [f69cf638-138d-4576-91da-2cd882e57eee@group-370C1D8CACD3-LeaderElection36] INFO  server.RaftServerConfigKeys (ConfUtils.java:logGet(43)) - raft.server.log.appender.install.snapshot.enabled = false (custom)
2019-10-18 07:03:21,761 [f69cf638-138d-4576-91da-2cd882e57eee@group-370C1D8CACD3-LeaderElection36] INFO  impl.RoleInfo (RoleInfo.java:updateAndGet(143)) - f69cf638-138d-4576-91da-2cd882e57eee: start LeaderState
2019-10-18 07:03:21,761 [f69cf638-138d-4576-91da-2cd882e57eee@group-370C1D8CACD3-LeaderElection36] INFO  segmented.SegmentedRaftLogWorker (SegmentedRaftLogWorker.java:startLogSegment(385)) - f69cf638-138d-4576-91da-2cd882e57eee@group-370C1D8CACD3-SegmentedRaftLogWorker: Starting segment from index:0
2019-10-18 07:03:21,762 [f69cf638-138d-4576-91da-2cd882e57eee@group-370C1D8CACD3-LeaderElection36] INFO  impl.RaftServerImpl (ServerState.java:setRaftConf(357)) - f69cf638-138d-4576-91da-2cd882e57eee@group-370C1D8CACD3: set configuration 0: [f69cf638-138d-4576-91da-2cd882e57eee:192.168.34.25:40171, 46b9516a-dfd6-4e8f-8939-5a6242357177:192.168.34.25:42762, 93f10d81-f4b6-4237-b2e6-6c2ccf8ca027:192.168.34.25:43753], old=null at 0
2019-10-18 07:03:21,765 [grpc-default-executor-2] INFO  impl.RaftServerImpl (ServerState.java:setLeader(256)) - 46b9516a-dfd6-4e8f-8939-5a6242357177@group-370C1D8CACD3: change Leader from null to f69cf638-138d-4576-91da-2cd882e57eee at term 2 for appendEntries, leader elected after 378ms
2019-10-18 07:03:21,765 [grpc-default-executor-3] INFO  impl.RaftServerImpl (ServerState.java:setLeader(256)) - 93f10d81-f4b6-4237-b2e6-6c2ccf8ca027@group-370C1D8CACD3: change Leader from null to f69cf638-138d-4576-91da-2cd882e57eee at term 2 for appendEntries, leader elected after 379ms
2019-10-18 07:03:21,769 [grpc-default-executor-3] INFO  impl.RaftServerImpl (ServerState.java:setRaftConf(357)) - 46b9516a-dfd6-4e8f-8939-5a6242357177@group-370C1D8CACD3: set configuration 0: [f69cf638-138d-4576-91da-2cd882e57eee:192.168.34.25:40171, 46b9516a-dfd6-4e8f-8939-5a6242357177:192.168.34.25:42762, 93f10d81-f4b6-4237-b2e6-6c2ccf8ca027:192.168.34.25:43753], old=null at 0
2019-10-18 07:03:21,769 [grpc-default-executor-3] INFO  segmented.SegmentedRaftLogWorker (SegmentedRaftLogWorker.java:startLogSegment(385)) - 46b9516a-dfd6-4e8f-8939-5a6242357177@group-370C1D8CACD3-SegmentedRaftLogWorker: Starting segment from index:0
2019-10-18 07:03:21,769 [grpc-default-executor-2] INFO  impl.RaftServerImpl (ServerState.java:setRaftConf(357)) - 93f10d81-f4b6-4237-b2e6-6c2ccf8ca027@group-370C1D8CACD3: set configuration 0: [f69cf638-138d-4576-91da-2cd882e57eee:192.168.34.25:40171, 46b9516a-dfd6-4e8f-8939-5a6242357177:192.168.34.25:42762, 93f10d81-f4b6-4237-b2e6-6c2ccf8ca027:192.168.34.25:43753], old=null at 0
2019-10-18 07:03:21,769 [grpc-default-executor-2] INFO  segmented.SegmentedRaftLogWorker (SegmentedRaftLogWorker.java:startLogSegment(385)) - 93f10d81-f4b6-4237-b2e6-6c2ccf8ca027@group-370C1D8CACD3-SegmentedRaftLogWorker: Starting segment from index:0
2019-10-18 07:03:21,817 [46b9516a-dfd6-4e8f-8939-5a6242357177@group-CAF408347A58-LeaderElection38] INFO  impl.LeaderElection (LeaderElection.java:askForVotes(178)) - 46b9516a-dfd6-4e8f-8939-5a6242357177@group-CAF408347A58-LeaderElection38: begin an election at term 35 for 0: [f69cf638-138d-4576-91da-2cd882e57eee:192.168.34.25:40171, 46b9516a-dfd6-4e8f-8939-5a6242357177:192.168.34.25:42762, 93f10d81-f4b6-4237-b2e6-6c2ccf8ca027:192.168.34.25:43753], old=null
2019-10-18 07:03:21,822 [grpc-default-executor-3] INFO  impl.RaftServerImpl (RaftServerImpl.java:setRole(184)) - f69cf638-138d-4576-91da-2cd882e57eee@group-CAF408347A58: changes role from  FOLLOWER to FOLLOWER at term 35 for recognizeCandidate:46b9516a-dfd6-4e8f-8939-5a6242357177
2019-10-18 07:03:21,822 [grpc-default-executor-2] INFO  impl.RaftServerImpl (RaftServerImpl.java:setRole(184)) - 93f10d81-f4b6-4237-b2e6-6c2ccf8ca027@group-CAF408347A58: changes role from  FOLLOWER to FOLLOWER at term 35 for recognizeCandidate:46b9516a-dfd6-4e8f-8939-5a6242357177
2019-10-18 07:03:21,822 [grpc-default-executor-3] INFO  impl.RoleInfo (RoleInfo.java:shutdownFollowerState(121)) - f69cf638-138d-4576-91da-2cd882e57eee: shutdown FollowerState
2019-10-18 07:03:21,823 [grpc-default-executor-2] INFO  impl.RoleInfo (RoleInfo.java:shutdownFollowerState(121)) - 93f10d81-f4b6-4237-b2e6-6c2ccf8ca027: shutdown FollowerState
2019-10-18 07:03:21,823 [grpc-default-executor-3] INFO  impl.RoleInfo (RoleInfo.java:updateAndGet(143)) - f69cf638-138d-4576-91da-2cd882e57eee: start FollowerState
2019-10-18 07:03:21,823 [Thread-794] INFO  impl.FollowerState (FollowerState.java:run(117)) - 93f10d81-f4b6-4237-b2e6-6c2ccf8ca027@group-CAF408347A58-FollowerState was interrupted: java.lang.InterruptedException: sleep interrupted
2019-10-18 07:03:21,823 [grpc-default-executor-2] INFO  impl.RoleInfo (RoleInfo.java:updateAndGet(143)) - 93f10d81-f4b6-4237-b2e6-6c2ccf8ca027: start FollowerState
2019-10-18 07:03:21,823 [Thread-793] INFO  impl.FollowerState (FollowerState.java:run(117)) - f69cf638-138d-4576-91da-2cd882e57eee@group-CAF408347A58-FollowerState was interrupted: java.lang.InterruptedException: sleep interrupted
2019-10-18 07:03:21,833 [46b9516a-dfd6-4e8f-8939-5a6242357177@group-370C1D8CACD3-SegmentedRaftLogWorker] INFO  segmented.SegmentedRaftLogWorker (SegmentedRaftLogWorker.java:execute(576)) - 46b9516a-dfd6-4e8f-8939-5a6242357177@group-370C1D8CACD3-SegmentedRaftLogWorker: created new log segment /workdir/hadoop-ozone/integration-test/target/test-dir/MiniOzoneClusterImpl-e1e2c834-f325-487e-8a8a-8e8b7cc1d0d1/datanode-1/data/ratis/5afdfc9f-35ba-440a-93d3-370c1d8cacd3/current/log_inprogress_0
2019-10-18 07:03:21,833 [93f10d81-f4b6-4237-b2e6-6c2ccf8ca027@group-370C1D8CACD3-SegmentedRaftLogWorker] INFO  segmented.SegmentedRaftLogWorker (SegmentedRaftLogWorker.java:execute(576)) - 93f10d81-f4b6-4237-b2e6-6c2ccf8ca027@group-370C1D8CACD3-SegmentedRaftLogWorker: created new log segment /workdir/hadoop-ozone/integration-test/target/test-dir/MiniOzoneClusterImpl-e1e2c834-f325-487e-8a8a-8e8b7cc1d0d1/datanode-2/data/ratis/5afdfc9f-35ba-440a-93d3-370c1d8cacd3/current/log_inprogress_0
2019-10-18 07:03:21,833 [f69cf638-138d-4576-91da-2cd882e57eee@group-370C1D8CACD3-SegmentedRaftLogWorker] INFO  segmented.SegmentedRaftLogWorker (SegmentedRaftLogWorker.java:execute(576)) - f69cf638-138d-4576-91da-2cd882e57eee@group-370C1D8CACD3-SegmentedRaftLogWorker: created new log segment /workdir/hadoop-ozone/integration-test/target/test-dir/MiniOzoneClusterImpl-e1e2c834-f325-487e-8a8a-8e8b7cc1d0d1/datanode-0/data/ratis/5afdfc9f-35ba-440a-93d3-370c1d8cacd3/current/log_inprogress_0
2019-10-18 07:03:21,849 [EventQueue-PendingDeleteStatusForPendingDeleteHandler] INFO  block.SCMBlockDeletingService (SCMBlockDeletingService.java:handlePendingDeletes(115)) - Block deletion txnID mismatch in datanode 46b9516a-dfd6-4e8f-8939-5a6242357177 for containerID 1. Datanode delete txnID: 0, SCM txnID: 1
2019-10-18 07:03:21,852 [46b9516a-dfd6-4e8f-8939-5a6242357177@group-CAF408347A58-LeaderElection38] INFO  impl.LeaderElection (LeaderElection.java:logAndReturn(56)) - 46b9516a-dfd6-4e8f-8939-5a6242357177@group-CAF408347A58-LeaderElection38: Election REJECTED; received 2 response(s) [46b9516a-dfd6-4e8f-8939-5a6242357177<-f69cf638-138d-4576-91da-2cd882e57eee#0:FAIL-t35, 46b9516a-dfd6-4e8f-8939-5a6242357177<-93f10d81-f4b6-4237-b2e6-6c2ccf8ca027#0:FAIL-t35] and 0 exception(s); 46b9516a-dfd6-4e8f-8939-5a6242357177@group-CAF408347A58:t35, leader=null, voted=46b9516a-dfd6-4e8f-8939-5a6242357177, raftlog=46b9516a-dfd6-4e8f-8939-5a6242357177@group-CAF408347A58-SegmentedRaftLog:OPENED:c3,f4,i4, conf=0: [f69cf638-138d-4576-91da-2cd882e57eee:192.168.34.25:40171, 46b9516a-dfd6-4e8f-8939-5a6242357177:192.168.34.25:42762, 93f10d81-f4b6-4237-b2e6-6c2ccf8ca027:192.168.34.25:43753], old=null
2019-10-18 07:03:21,852 [46b9516a-dfd6-4e8f-8939-5a6242357177@group-CAF408347A58-LeaderElection38] INFO  impl.RaftServerImpl (RaftServerImpl.java:setRole(184)) - 46b9516a-dfd6-4e8f-8939-5a6242357177@group-CAF408347A58: changes role from CANDIDATE to FOLLOWER at term 35 for DISCOVERED_A_NEW_TERM
2019-10-18 07:03:21,852 [46b9516a-dfd6-4e8f-8939-5a6242357177@group-CAF408347A58-LeaderElection38] INFO  impl.RoleInfo (RoleInfo.java:shutdownLeaderElection(134)) - 46b9516a-dfd6-4e8f-8939-5a6242357177: shutdown LeaderElection
2019-10-18 07:03:21,852 [46b9516a-dfd6-4e8f-8939-5a6242357177@group-CAF408347A58-LeaderElection38] INFO  impl.RoleInfo (RoleInfo.java:updateAndGet(143)) - 46b9516a-dfd6-4e8f-8939-5a6242357177: start FollowerState
2019-10-18 07:03:21,873 [Thread-818] INFO  impl.FollowerState (FollowerState.java:run(108)) - 46b9516a-dfd6-4e8f-8939-5a6242357177@group-CAF408347A58-FollowerState: change to CANDIDATE, lastRpcTime:21ms, electionTimeout:21ms
2019-10-18 07:03:21,874 [Thread-818] INFO  impl.RoleInfo (RoleInfo.java:shutdownFollowerState(121)) - 46b9516a-dfd6-4e8f-8939-5a6242357177: shutdown FollowerState
2019-10-18 07:03:21,874 [Thread-818] INFO  impl.RaftServerImpl (RaftServerImpl.java:setRole(184)) - 46b9516a-dfd6-4e8f-8939-5a6242357177@group-CAF408347A58: changes role from  FOLLOWER to CANDIDATE at term 35 for changeToCandidate
2019-10-18 07:03:21,874 [Thread-818] INFO  impl.RoleInfo (RoleInfo.java:updateAndGet(143)) - 46b9516a-dfd6-4e8f-8939-5a6242357177: start LeaderElection
2019-10-18 07:03:21,895 [46b9516a-dfd6-4e8f-8939-5a6242357177@group-CAF408347A58-LeaderElection39] INFO  impl.LeaderElection (LeaderElection.java:askForVotes(178)) - 46b9516a-dfd6-4e8f-8939-5a6242357177@group-CAF408347A58-LeaderElection39: begin an election at term 36 for 0: [f69cf638-138d-4576-91da-2cd882e57eee:192.168.34.25:40171, 46b9516a-dfd6-4e8f-8939-5a6242357177:192.168.34.25:42762, 93f10d81-f4b6-4237-b2e6-6c2ccf8ca027:192.168.34.25:43753], old=null
2019-10-18 07:03:21,899 [grpc-default-executor-2] INFO  impl.RaftServerImpl (RaftServerImpl.java:setRole(184)) - f69cf638-138d-4576-91da-2cd882e57eee@group-CAF408347A58: changes role from  FOLLOWER to FOLLOWER at term 36 for recognizeCandidate:46b9516a-dfd6-4e8f-8939-5a6242357177
2019-10-18 07:03:21,900 [grpc-default-executor-2] INFO  impl.RoleInfo (RoleInfo.java:shutdownFollowerState(121)) - f69cf638-138d-4576-91da-2cd882e57eee: shutdown FollowerState
2019-10-18 07:03:21,900 [grpc-default-executor-3] INFO  impl.RaftServerImpl (RaftServerImpl.java:setRole(184)) - 93f10d81-f4b6-4237-b2e6-6c2ccf8ca027@group-CAF408347A58: changes role from  FOLLOWER to FOLLOWER at term 36 for recognizeCandidate:46b9516a-dfd6-4e8f-8939-5a6242357177
2019-10-18 07:03:21,900 [Thread-814] INFO  impl.FollowerState (FollowerState.java:run(117)) - f69cf638-138d-4576-91da-2cd882e57eee@group-CAF408347A58-FollowerState was interrupted: java.lang.InterruptedException: sleep interrupted
2019-10-18 07:03:21,900 [grpc-default-executor-3] INFO  impl.RoleInfo (RoleInfo.java:shutdownFollowerState(121)) - 93f10d81-f4b6-4237-b2e6-6c2ccf8ca027: shutdown FollowerState
2019-10-18 07:03:21,900 [grpc-default-executor-2] INFO  impl.RoleInfo (RoleInfo.java:updateAndGet(143)) - f69cf638-138d-4576-91da-2cd882e57eee: start FollowerState
2019-10-18 07:03:21,900 [Thread-815] INFO  impl.FollowerState (FollowerState.java:run(117)) - 93f10d81-f4b6-4237-b2e6-6c2ccf8ca027@group-CAF408347A58-FollowerState was interrupted: java.lang.InterruptedException: sleep interrupted
2019-10-18 07:03:21,900 [grpc-default-executor-3] INFO  impl.RoleInfo (RoleInfo.java:updateAndGet(143)) - 93f10d81-f4b6-4237-b2e6-6c2ccf8ca027: start FollowerState
2019-10-18 07:03:21,929 [46b9516a-dfd6-4e8f-8939-5a6242357177@group-CAF408347A58-LeaderElection39] INFO  impl.LeaderElection (LeaderElection.java:logAndReturn(56)) - 46b9516a-dfd6-4e8f-8939-5a6242357177@group-CAF408347A58-LeaderElection39: Election REJECTED; received 2 response(s) [46b9516a-dfd6-4e8f-8939-5a6242357177<-f69cf638-138d-4576-91da-2cd882e57eee#0:FAIL-t36, 46b9516a-dfd6-4e8f-8939-5a6242357177<-93f10d81-f4b6-4237-b2e6-6c2ccf8ca027#0:FAIL-t36] and 0 exception(s); 46b9516a-dfd6-4e8f-8939-5a6242357177@group-CAF408347A58:t36, leader=null, voted=46b9516a-dfd6-4e8f-8939-5a6242357177, raftlog=46b9516a-dfd6-4e8f-8939-5a6242357177@group-CAF408347A58-SegmentedRaftLog:OPENED:c3,f4,i4, conf=0: [f69cf638-138d-4576-91da-2cd882e57eee:192.168.34.25:40171, 46b9516a-dfd6-4e8f-8939-5a6242357177:192.168.34.25:42762, 93f10d81-f4b6-4237-b2e6-6c2ccf8ca027:192.168.34.25:43753], old=null
2019-10-18 07:03:21,929 [46b9516a-dfd6-4e8f-8939-5a6242357177@group-CAF408347A58-LeaderElection39] INFO  impl.RaftServerImpl (RaftServerImpl.java:setRole(184)) - 46b9516a-dfd6-4e8f-8939-5a6242357177@group-CAF408347A58: changes role from CANDIDATE to FOLLOWER at term 36 for DISCOVERED_A_NEW_TERM
2019-10-18 07:03:21,929 [46b9516a-dfd6-4e8f-8939-5a6242357177@group-CAF408347A58-LeaderElection39] INFO  impl.RoleInfo (RoleInfo.java:shutdownLeaderElection(134)) - 46b9516a-dfd6-4e8f-8939-5a6242357177: shutdown LeaderElection
2019-10-18 07:03:21,929 [46b9516a-dfd6-4e8f-8939-5a6242357177@group-CAF408347A58-LeaderElection39] INFO  impl.RoleInfo (RoleInfo.java:updateAndGet(143)) - 46b9516a-dfd6-4e8f-8939-5a6242357177: start FollowerState
2019-10-18 07:03:22,015 [Thread-824] INFO  impl.FollowerState (FollowerState.java:run(108)) - 46b9516a-dfd6-4e8f-8939-5a6242357177@group-CAF408347A58-FollowerState: change to CANDIDATE, lastRpcTime:85ms, electionTimeout:85ms
2019-10-18 07:03:22,015 [Thread-824] INFO  impl.RoleInfo (RoleInfo.java:shutdownFollowerState(121)) - 46b9516a-dfd6-4e8f-8939-5a6242357177: shutdown FollowerState
2019-10-18 07:03:22,015 [Thread-824] INFO  impl.RaftServerImpl (RaftServerImpl.java:setRole(184)) - 46b9516a-dfd6-4e8f-8939-5a6242357177@group-CAF408347A58: changes role from  FOLLOWER to CANDIDATE at term 36 for changeToCandidate
2019-10-18 07:03:22,015 [Thread-824] INFO  impl.RoleInfo (RoleInfo.java:updateAndGet(143)) - 46b9516a-dfd6-4e8f-8939-5a6242357177: start LeaderElection
2019-10-18 07:03:22,070 [46b9516a-dfd6-4e8f-8939-5a6242357177@group-CAF408347A58-LeaderElection40] INFO  impl.LeaderElection (LeaderElection.java:askForVotes(178)) - 46b9516a-dfd6-4e8f-8939-5a6242357177@group-CAF408347A58-LeaderElection40: begin an election at term 37 for 0: [f69cf638-138d-4576-91da-2cd882e57eee:192.168.34.25:40171, 46b9516a-dfd6-4e8f-8939-5a6242357177:192.168.34.25:42762, 93f10d81-f4b6-4237-b2e6-6c2ccf8ca027:192.168.34.25:43753], old=null
2019-10-18 07:03:22,074 [grpc-default-executor-3] INFO  impl.RaftServerImpl (RaftServerImpl.java:setRole(184)) - f69cf638-138d-4576-91da-2cd882e57eee@group-CAF408347A58: changes role from  FOLLOWER to FOLLOWER at term 37 for recognizeCandidate:46b9516a-dfd6-4e8f-8939-5a6242357177
2019-10-18 07:03:22,074 [grpc-default-executor-3] INFO  impl.RoleInfo (RoleInfo.java:shutdownFollowerState(121)) - f69cf638-138d-4576-91da-2cd882e57eee: shutdown FollowerState
2019-10-18 07:03:22,074 [grpc-default-executor-3] INFO  impl.RoleInfo (RoleInfo.java:updateAndGet(143)) - f69cf638-138d-4576-91da-2cd882e57eee: start FollowerState
2019-10-18 07:03:22,074 [grpc-default-executor-2] INFO  impl.RaftServerImpl (RaftServerImpl.java:setRole(184)) - 93f10d81-f4b6-4237-b2e6-6c2ccf8ca027@group-CAF408347A58: changes role from  FOLLOWER to FOLLOWER at term 37 for recognizeCandidate:46b9516a-dfd6-4e8f-8939-5a6242357177
2019-10-18 07:03:22,075 [grpc-default-executor-2] INFO  impl.RoleInfo (RoleInfo.java:shutdownFollowerState(121)) - 93f10d81-f4b6-4237-b2e6-6c2ccf8ca027: shutdown FollowerState
2019-10-18 07:03:22,074 [Thread-822] INFO  impl.FollowerState (FollowerState.java:run(117)) - f69cf638-138d-4576-91da-2cd882e57eee@group-CAF408347A58-FollowerState was interrupted: java.lang.InterruptedException: sleep interrupted
2019-10-18 07:03:22,075 [Thread-823] INFO  impl.FollowerState (FollowerState.java:run(117)) - 93f10d81-f4b6-4237-b2e6-6c2ccf8ca027@group-CAF408347A58-FollowerState was interrupted: java.lang.InterruptedException: sleep interrupted
2019-10-18 07:03:22,075 [grpc-default-executor-2] INFO  impl.RoleInfo (RoleInfo.java:updateAndGet(143)) - 93f10d81-f4b6-4237-b2e6-6c2ccf8ca027: start FollowerState
2019-10-18 07:03:22,097 [46b9516a-dfd6-4e8f-8939-5a6242357177@group-CAF408347A58-LeaderElection40] INFO  impl.LeaderElection (LeaderElection.java:logAndReturn(56)) - 46b9516a-dfd6-4e8f-8939-5a6242357177@group-CAF408347A58-LeaderElection40: Election REJECTED; received 2 response(s) [46b9516a-dfd6-4e8f-8939-5a6242357177<-f69cf638-138d-4576-91da-2cd882e57eee#0:FAIL-t37, 46b9516a-dfd6-4e8f-8939-5a6242357177<-93f10d81-f4b6-4237-b2e6-6c2ccf8ca027#0:FAIL-t37] and 0 exception(s); 46b9516a-dfd6-4e8f-8939-5a6242357177@group-CAF408347A58:t37, leader=null, voted=46b9516a-dfd6-4e8f-8939-5a6242357177, raftlog=46b9516a-dfd6-4e8f-8939-5a6242357177@group-CAF408347A58-SegmentedRaftLog:OPENED:c3,f4,i4, conf=0: [f69cf638-138d-4576-91da-2cd882e57eee:192.168.34.25:40171, 46b9516a-dfd6-4e8f-8939-5a6242357177:192.168.34.25:42762, 93f10d81-f4b6-4237-b2e6-6c2ccf8ca027:192.168.34.25:43753], old=null
2019-10-18 07:03:22,098 [46b9516a-dfd6-4e8f-8939-5a6242357177@group-CAF408347A58-LeaderElection40] INFO  impl.RaftServerImpl (RaftServerImpl.java:setRole(184)) - 46b9516a-dfd6-4e8f-8939-5a6242357177@group-CAF408347A58: changes role from CANDIDATE to FOLLOWER at term 37 for DISCOVERED_A_NEW_TERM
2019-10-18 07:03:22,098 [46b9516a-dfd6-4e8f-8939-5a6242357177@group-CAF408347A58-LeaderElection40] INFO  impl.RoleInfo (RoleInfo.java:shutdownLeaderElection(134)) - 46b9516a-dfd6-4e8f-8939-5a6242357177: shutdown LeaderElection
2019-10-18 07:03:22,098 [46b9516a-dfd6-4e8f-8939-5a6242357177@group-CAF408347A58-LeaderElection40] INFO  impl.RoleInfo (RoleInfo.java:updateAndGet(143)) - 46b9516a-dfd6-4e8f-8939-5a6242357177: start FollowerState
2019-10-18 07:03:22,119 [BlockDeletingService#2] WARN  background.BlockDeletingService (BlockDeletingService.java:isDeletionAllowed(187)) - Close Container log Index 6 is not replicated across allthe servers in the pipeline fe68d6de-2f7f-4088-a26e-caf408347a58 as the min replicated index is 4. Deletion is not allowed in this container yet.
2019-10-18 07:03:22,120 [BlockDeletingService#2] WARN  background.BlockDeletingService (BlockDeletingService.java:isDeletionAllowed(187)) - Close Container log Index 6 is not replicated across allthe servers in the pipeline fe68d6de-2f7f-4088-a26e-caf408347a58 as the min replicated index is 4. Deletion is not allowed in this container yet.
2019-10-18 07:03:22,182 [EventQueue-PendingDeleteStatusForPendingDeleteHandler] INFO  block.SCMBlockDeletingService (SCMBlockDeletingService.java:handlePendingDeletes(115)) - Block deletion txnID mismatch in datanode 46b9516a-dfd6-4e8f-8939-5a6242357177 for containerID 1. Datanode delete txnID: 0, SCM txnID: 1
2019-10-18 07:03:22,182 [Command processor thread] INFO  commandhandler.DeleteBlocksCommandHandler (DeleteBlocksCommandHandler.java:handle(106)) - Start to delete container blocks, TXIDs=[1(0)], numOfContainers=1, numOfBlocks=1
2019-10-18 07:03:22,183 [Command processor thread] INFO  commandhandler.DeleteBlocksCommandHandler (DeleteBlocksCommandHandler.java:handle(106)) - Start to delete container blocks, TXIDs=[1(2)], numOfContainers=1, numOfBlocks=1
2019-10-18 07:03:22,183 [Command processor thread] INFO  commandhandler.DeleteBlocksCommandHandler (DeleteBlocksCommandHandler.java:handle(106)) - Start to delete container blocks, TXIDs=[1(0)], numOfContainers=1, numOfBlocks=1
2019-10-18 07:03:22,183 [Command processor thread] INFO  commandhandler.DeleteBlocksCommandHandler (DeleteBlocksCommandHandler.java:handle(106)) - Start to delete container blocks, TXIDs=[1(2)], numOfContainers=1, numOfBlocks=1
2019-10-18 07:03:22,183 [Command processor thread] INFO  commandhandler.DeleteBlocksCommandHandler (DeleteBlocksCommandHandler.java:handle(106)) - Start to delete container blocks, TXIDs=[1(2)], numOfContainers=1, numOfBlocks=1
2019-10-18 07:03:22,184 [Command processor thread] INFO  commandhandler.DeleteBlocksCommandHandler (DeleteBlocksCommandHandler.java:handle(106)) - Start to delete container blocks, TXIDs=[1(0)], numOfContainers=1, numOfBlocks=1
2019-10-18 07:03:22,184 [Command processor thread] INFO  commandhandler.DeleteBlocksCommandHandler (DeleteBlocksCommandHandler.java:handle(106)) - Start to delete container blocks, TXIDs=[1(2)], numOfContainers=1, numOfBlocks=1
2019-10-18 07:03:22,184 [Command processor thread] INFO  commandhandler.DeleteBlocksCommandHandler (DeleteBlocksCommandHandler.java:handle(106)) - Start to delete container blocks, TXIDs=[1(2)], numOfContainers=1, numOfBlocks=1
2019-10-18 07:03:22,185 [Command processor thread] INFO  commandhandler.DeleteBlocksCommandHandler (DeleteBlocksCommandHandler.java:handle(106)) - Start to delete container blocks, TXIDs=[1(0)], numOfContainers=1, numOfBlocks=1
2019-10-18 07:03:22,185 [Command processor thread] INFO  commandhandler.DeleteBlocksCommandHandler (DeleteBlocksCommandHandler.java:handle(106)) - Start to delete container blocks, TXIDs=[1(2)], numOfContainers=1, numOfBlocks=1
2019-10-18 07:03:22,185 [Command processor thread] INFO  commandhandler.DeleteBlocksCommandHandler (DeleteBlocksCommandHandler.java:handle(106)) - Start to delete container blocks, TXIDs=[1(2)], numOfContainers=1, numOfBlocks=1
2019-10-18 07:03:22,186 [Command processor thread] INFO  commandhandler.DeleteBlocksCommandHandler (DeleteBlocksCommandHandler.java:handle(106)) - Start to delete container blocks, TXIDs=[1(2)], numOfContainers=1, numOfBlocks=1
2019-10-18 07:03:22,186 [Command processor thread] INFO  commandhandler.DeleteBlocksCommandHandler (DeleteBlocksCommandHandler.java:handle(106)) - Start to delete container blocks, TXIDs=[1(2)], numOfContainers=1, numOfBlocks=1
2019-10-18 07:03:22,186 [Command processor thread] INFO  commandhandler.DeleteBlocksCommandHandler (DeleteBlocksCommandHandler.java:handle(106)) - Start to delete container blocks, TXIDs=[1(0)], numOfContainers=1, numOfBlocks=1
2019-10-18 07:03:22,187 [Command processor thread] INFO  commandhandler.DeleteBlocksCommandHandler (DeleteBlocksCommandHandler.java:handle(106)) - Start to delete container blocks, TXIDs=[1(2)], numOfContainers=1, numOfBlocks=1
2019-10-18 07:03:22,187 [Command processor thread] INFO  commandhandler.DeleteBlocksCommandHandler (DeleteBlocksCommandHandler.java:handle(106)) - Start to delete container blocks, TXIDs=[1(0)], numOfContainers=1, numOfBlocks=1
2019-10-18 07:03:22,187 [Command processor thread] INFO  commandhandler.DeleteBlocksCommandHandler (DeleteBlocksCommandHandler.java:handle(106)) - Start to delete container blocks, TXIDs=[1(2)], numOfContainers=1, numOfBlocks=1
2019-10-18 07:03:22,187 [Command processor thread] INFO  commandhandler.DeleteBlocksCommandHandler (DeleteBlocksCommandHandler.java:handle(106)) - Start to delete container blocks, TXIDs=[1(2)], numOfContainers=1, numOfBlocks=1
2019-10-18 07:03:22,188 [Command processor thread] INFO  commandhandler.DeleteBlocksCommandHandler (DeleteBlocksCommandHandler.java:handle(106)) - Start to delete container blocks, TXIDs=[1(2)], numOfContainers=1, numOfBlocks=1
2019-10-18 07:03:22,188 [Command processor thread] INFO  commandhandler.DeleteBlocksCommandHandler (DeleteBlocksCommandHandler.java:handle(106)) - Start to delete container blocks, TXIDs=[1(2)], numOfContainers=1, numOfBlocks=1
2019-10-18 07:03:22,188 [Command processor thread] INFO  commandhandler.DeleteBlocksCommandHandler (DeleteBlocksCommandHandler.java:handle(106)) - Start to delete container blocks, TXIDs=[1(2)], numOfContainers=1, numOfBlocks=1
2019-10-18 07:03:22,189 [Command processor thread] INFO  commandhandler.DeleteBlocksCommandHandler (DeleteBlocksCommandHandler.java:handle(106)) - Start to delete container blocks, TXIDs=[1(2)], numOfContainers=1, numOfBlocks=1
2019-10-18 07:03:22,189 [Command processor thread] INFO  commandhandler.DeleteBlocksCommandHandler (DeleteBlocksCommandHandler.java:handle(106)) - Start to delete container blocks, TXIDs=[1(0)], numOfContainers=1, numOfBlocks=1
2019-10-18 07:03:22,189 [Command processor thread] INFO  commandhandler.DeleteBlocksCommandHandler (DeleteBlocksCommandHandler.java:handle(106)) - Start to delete container blocks, TXIDs=[1(2)], numOfContainers=1, numOfBlocks=1
2019-10-18 07:03:22,190 [Command processor thread] INFO  commandhandler.DeleteBlocksCommandHandler (DeleteBlocksCommandHandler.java:handle(106)) - Start to delete container blocks, TXIDs=[1(2)], numOfContainers=1, numOfBlocks=1
2019-10-18 07:03:22,190 [Command processor thread] INFO  commandhandler.DeleteBlocksCommandHandler (DeleteBlocksCommandHandler.java:handle(106)) - Start to delete container blocks, TXIDs=[1(2)], numOfContainers=1, numOfBlocks=1
2019-10-18 07:03:22,190 [Command processor thread] INFO  commandhandler.DeleteBlocksCommandHandler (DeleteBlocksCommandHandler.java:handle(106)) - Start to delete container blocks, TXIDs=[1(2)], numOfContainers=1, numOfBlocks=1
2019-10-18 07:03:22,191 [Command processor thread] INFO  commandhandler.DeleteBlocksCommandHandler (DeleteBlocksCommandHandler.java:handle(106)) - Start to delete container blocks, TXIDs=[1(2)], numOfContainers=1, numOfBlocks=1
2019-10-18 07:03:22,191 [Command processor thread] INFO  commandhandler.DeleteBlocksCommandHandler (DeleteBlocksCommandHandler.java:handle(106)) - Start to delete container blocks, TXIDs=[1(0)], numOfContainers=1, numOfBlocks=1
2019-10-18 07:03:22,191 [Command processor thread] INFO  commandhandler.DeleteBlocksCommandHandler (DeleteBlocksCommandHandler.java:handle(106)) - Start to delete container blocks, TXIDs=[1(30)], numOfContainers=1, numOfBlocks=1
2019-10-18 07:03:22,191 [Command processor thread] INFO  commandhandler.DeleteBlocksCommandHandler (DeleteBlocksCommandHandler.java:handle(106)) - Start to delete container blocks, TXIDs=[1(2)], numOfContainers=1, numOfBlocks=1
2019-10-18 07:03:22,192 [Command processor thread] INFO  commandhandler.DeleteBlocksCommandHandler (DeleteBlocksCommandHandler.java:handle(106)) - Start to delete container blocks, TXIDs=[1(2)], numOfContainers=1, numOfBlocks=1
2019-10-18 07:03:22,192 [Command processor thread] INFO  commandhandler.DeleteBlocksCommandHandler (DeleteBlocksCommandHandler.java:handle(106)) - Start to delete container blocks, TXIDs=[1(2)], numOfContainers=1, numOfBlocks=1
2019-10-18 07:03:22,192 [Command processor thread] INFO  commandhandler.DeleteBlocksCommandHandler (DeleteBlocksCommandHandler.java:handle(106)) - Start to delete container blocks, TXIDs=[1(2)], numOfContainers=1, numOfBlocks=1
2019-10-18 07:03:22,193 [Command processor thread] INFO  commandhandler.DeleteBlocksCommandHandler (DeleteBlocksCommandHandler.java:handle(106)) - Start to delete container blocks, TXIDs=[1(2)], numOfContainers=1, numOfBlocks=1
2019-10-18 07:03:22,193 [Command processor thread] INFO  commandhandler.DeleteBlocksCommandHandler (DeleteBlocksCommandHandler.java:handle(106)) - Start to delete container blocks, TXIDs=[1(2)], numOfContainers=1, numOfBlocks=1
2019-10-18 07:03:22,206 [Thread-830] INFO  impl.FollowerState (FollowerState.java:run(108)) - 46b9516a-dfd6-4e8f-8939-5a6242357177@group-CAF408347A58-FollowerState: change to CANDIDATE, lastRpcTime:108ms, electionTimeout:108ms
2019-10-18 07:03:22,206 [Thread-830] INFO  impl.RoleInfo (RoleInfo.java:shutdownFollowerState(121)) - 46b9516a-dfd6-4e8f-8939-5a6242357177: shutdown FollowerState
2019-10-18 07:03:22,207 [Thread-830] INFO  impl.RaftServerImpl (RaftServerImpl.java:setRole(184)) - 46b9516a-dfd6-4e8f-8939-5a6242357177@group-CAF408347A58: changes role from  FOLLOWER to CANDIDATE at term 37 for changeToCandidate
2019-10-18 07:03:22,207 [Thread-830] INFO  impl.RoleInfo (RoleInfo.java:updateAndGet(143)) - 46b9516a-dfd6-4e8f-8939-5a6242357177: start LeaderElection
2019-10-18 07:03:22,231 [46b9516a-dfd6-4e8f-8939-5a6242357177@group-CAF408347A58-LeaderElection41] INFO  impl.LeaderElection (LeaderElection.java:askForVotes(178)) - 46b9516a-dfd6-4e8f-8939-5a6242357177@group-CAF408347A58-LeaderElection41: begin an election at term 38 for 0: [f69cf638-138d-4576-91da-2cd882e57eee:192.168.34.25:40171, 46b9516a-dfd6-4e8f-8939-5a6242357177:192.168.34.25:42762, 93f10d81-f4b6-4237-b2e6-6c2ccf8ca027:192.168.34.25:43753], old=null
2019-10-18 07:03:22,234 [grpc-default-executor-2] INFO  impl.RaftServerImpl (RaftServerImpl.java:setRole(184)) - f69cf638-138d-4576-91da-2cd882e57eee@group-CAF408347A58: changes role from  FOLLOWER to FOLLOWER at term 38 for recognizeCandidate:46b9516a-dfd6-4e8f-8939-5a6242357177
2019-10-18 07:03:22,234 [grpc-default-executor-3] INFO  impl.RaftServerImpl (RaftServerImpl.java:setRole(184)) - 93f10d81-f4b6-4237-b2e6-6c2ccf8ca027@group-CAF408347A58: changes role from  FOLLOWER to FOLLOWER at term 38 for recognizeCandidate:46b9516a-dfd6-4e8f-8939-5a6242357177
2019-10-18 07:03:22,234 [grpc-default-executor-2] INFO  impl.RoleInfo (RoleInfo.java:shutdownFollowerState(121)) - f69cf638-138d-4576-91da-2cd882e57eee: shutdown FollowerState
2019-10-18 07:03:22,234 [grpc-default-executor-3] INFO  impl.RoleInfo (RoleInfo.java:shutdownFollowerState(121)) - 93f10d81-f4b6-4237-b2e6-6c2ccf8ca027: shutdown FollowerState
2019-10-18 07:03:22,234 [grpc-default-executor-2] INFO  impl.RoleInfo (RoleInfo.java:updateAndGet(143)) - f69cf638-138d-4576-91da-2cd882e57eee: start FollowerState
2019-10-18 07:03:22,235 [Thread-829] INFO  impl.FollowerState (FollowerState.java:run(117)) - 93f10d81-f4b6-4237-b2e6-6c2ccf8ca027@group-CAF408347A58-FollowerState was interrupted: java.lang.InterruptedException: sleep interrupted
2019-10-18 07:03:22,234 [Thread-828] INFO  impl.FollowerState (FollowerState.java:run(117)) - f69cf638-138d-4576-91da-2cd882e57eee@group-CAF408347A58-FollowerState was interrupted: java.lang.InterruptedException: sleep interrupted
2019-10-18 07:03:22,235 [grpc-default-executor-3] INFO  impl.RoleInfo (RoleInfo.java:updateAndGet(143)) - 93f10d81-f4b6-4237-b2e6-6c2ccf8ca027: start FollowerState
2019-10-18 07:03:22,274 [46b9516a-dfd6-4e8f-8939-5a6242357177@group-CAF408347A58-LeaderElection41] INFO  impl.LeaderElection (LeaderElection.java:logAndReturn(56)) - 46b9516a-dfd6-4e8f-8939-5a6242357177@group-CAF408347A58-LeaderElection41: Election REJECTED; received 2 response(s) [46b9516a-dfd6-4e8f-8939-5a6242357177<-f69cf638-138d-4576-91da-2cd882e57eee#0:FAIL-t38, 46b9516a-dfd6-4e8f-8939-5a6242357177<-93f10d81-f4b6-4237-b2e6-6c2ccf8ca027#0:FAIL-t38] and 0 exception(s); 46b9516a-dfd6-4e8f-8939-5a6242357177@group-CAF408347A58:t38, leader=null, voted=46b9516a-dfd6-4e8f-8939-5a6242357177, raftlog=46b9516a-dfd6-4e8f-8939-5a6242357177@group-CAF408347A58-SegmentedRaftLog:OPENED:c3,f4,i4, conf=0: [f69cf638-138d-4576-91da-2cd882e57eee:192.168.34.25:40171, 46b9516a-dfd6-4e8f-8939-5a6242357177:192.168.34.25:42762, 93f10d81-f4b6-4237-b2e6-6c2ccf8ca027:192.168.34.25:43753], old=null
2019-10-18 07:03:22,275 [46b9516a-dfd6-4e8f-8939-5a6242357177@group-CAF408347A58-LeaderElection41] INFO  impl.RaftServerImpl (RaftServerImpl.java:setRole(184)) - 46b9516a-dfd6-4e8f-8939-5a6242357177@group-CAF408347A58: changes role from CANDIDATE to FOLLOWER at term 38 for DISCOVERED_A_NEW_TERM
2019-10-18 07:03:22,275 [46b9516a-dfd6-4e8f-8939-5a6242357177@group-CAF408347A58-LeaderElection41] INFO  impl.RoleInfo (RoleInfo.java:shutdownLeaderElection(134)) - 46b9516a-dfd6-4e8f-8939-5a6242357177: shutdown LeaderElection
2019-10-18 07:03:22,275 [46b9516a-dfd6-4e8f-8939-5a6242357177@group-CAF408347A58-LeaderElection41] INFO  impl.RoleInfo (RoleInfo.java:updateAndGet(143)) - 46b9516a-dfd6-4e8f-8939-5a6242357177: start FollowerState
2019-10-18 07:03:22,284 [pool-7-thread-5] INFO  commands.RetriableDatanodeEventWatcher (RetriableDatanodeEventWatcher.java:onTimeout(47)) - RetriableDatanodeCommand type=deleteBlocksCommand with id=1571382194272 timed out. Retrying.
2019-10-18 07:03:22,284 [pool-7-thread-6] INFO  commands.RetriableDatanodeEventWatcher (RetriableDatanodeEventWatcher.java:onTimeout(47)) - RetriableDatanodeCommand type=deleteBlocksCommand with id=1571382194280 timed out. Retrying.
2019-10-18 07:03:22,285 [pool-7-thread-2] INFO  commands.RetriableDatanodeEventWatcher (RetriableDatanodeEventWatcher.java:onTimeout(47)) - RetriableDatanodeCommand type=deleteBlocksCommand with id=1571382194279 timed out. Retrying.
2019-10-18 07:03:22,285 [pool-7-thread-2] INFO  commands.RetriableDatanodeEventWatcher (RetriableDatanodeEventWatcher.java:onTimeout(47)) - RetriableDatanodeCommand type=deleteBlocksCommand with id=1571382194278 timed out. Retrying.
2019-10-18 07:03:22,285 [SCMBlockDeletingService#0] INFO  block.SCMBlockDeletingService (SCMBlockDeletingService.java:call(184)) - Totally added 1 delete blocks command for 1 datanodes, task elapsed time: 1ms
2019-10-18 07:03:22,285 [pool-7-thread-2] INFO  commands.RetriableDatanodeEventWatcher (RetriableDatanodeEventWatcher.java:onTimeout(47)) - RetriableDatanodeCommand type=deleteBlocksCommand with id=1571382194274 timed out. Retrying.
2019-10-18 07:03:22,286 [pool-7-thread-3] INFO  commands.RetriableDatanodeEventWatcher (RetriableDatanodeEventWatcher.java:onTimeout(47)) - RetriableDatanodeCommand type=deleteBlocksCommand with id=1571382194277 timed out. Retrying.
2019-10-18 07:03:22,286 [pool-7-thread-5] INFO  commands.RetriableDatanodeEventWatcher (RetriableDatanodeEventWatcher.java:onTimeout(47)) - RetriableDatanodeCommand type=deleteBlocksCommand with id=1571382194276 timed out. Retrying.
2019-10-18 07:03:22,286 [pool-7-thread-6] INFO  commands.RetriableDatanodeEventWatcher (RetriableDatanodeEventWatcher.java:onTimeout(47)) - RetriableDatanodeCommand type=deleteBlocksCommand with id=1571382194275 timed out. Retrying.
2019-10-18 07:03:22,317 [Thread-839] INFO  impl.FollowerState (FollowerState.java:run(108)) - 46b9516a-dfd6-4e8f-8939-5a6242357177@group-CAF408347A58-FollowerState: change to CANDIDATE, lastRpcTime:42ms, electionTimeout:41ms
2019-10-18 07:03:22,318 [Thread-839] INFO  impl.RoleInfo (RoleInfo.java:shutdownFollowerState(121)) - 46b9516a-dfd6-4e8f-8939-5a6242357177: shutdown FollowerState
2019-10-18 07:03:22,318 [Thread-839] INFO  impl.RaftServerImpl (RaftServerImpl.java:setRole(184)) - 46b9516a-dfd6-4e8f-8939-5a6242357177@group-CAF408347A58: changes role from  FOLLOWER to CANDIDATE at term 38 for changeToCandidate
2019-10-18 07:03:22,318 [Thread-839] INFO  impl.RoleInfo (RoleInfo.java:updateAndGet(143)) - 46b9516a-dfd6-4e8f-8939-5a6242357177: start LeaderElection
2019-10-18 07:03:22,320 [Thread-842] INFO  client.GrpcClientProtocolService (GrpcClientProtocolService.java:lambda$processClientRequest$0(278)) - Failed RaftClientRequest:client-79AC2A5FBE9C->93f10d81-f4b6-4237-b2e6-6c2ccf8ca027@group-CAF408347A58, cid=10, seq=0, Watch-ALL_COMMITTED(6), Message:<EMPTY>, reply=RaftClientReply:client-79AC2A5FBE9C->93f10d81-f4b6-4237-b2e6-6c2ccf8ca027@group-CAF408347A58, cid=10, FAILED org.apache.ratis.protocol.NotLeaderException: Server 93f10d81-f4b6-4237-b2e6-6c2ccf8ca027@group-CAF408347A58 is not the leader, logIndex=0, commits[93f10d81-f4b6-4237-b2e6-6c2ccf8ca027:c10, f69cf638-138d-4576-91da-2cd882e57eee:c10, 46b9516a-dfd6-4e8f-8939-5a6242357177:c4]
2019-10-18 07:03:22,365 [46b9516a-dfd6-4e8f-8939-5a6242357177@group-CAF408347A58-LeaderElection42] INFO  impl.LeaderElection (LeaderElection.java:askForVotes(178)) - 46b9516a-dfd6-4e8f-8939-5a6242357177@group-CAF408347A58-LeaderElection42: begin an election at term 39 for 0: [f69cf638-138d-4576-91da-2cd882e57eee:192.168.34.25:40171, 46b9516a-dfd6-4e8f-8939-5a6242357177:192.168.34.25:42762, 93f10d81-f4b6-4237-b2e6-6c2ccf8ca027:192.168.34.25:43753], old=null
2019-10-18 07:03:22,368 [grpc-default-executor-3] INFO  impl.RaftServerImpl (RaftServerImpl.java:setRole(184)) - 93f10d81-f4b6-4237-b2e6-6c2ccf8ca027@group-CAF408347A58: changes role from  FOLLOWER to FOLLOWER at term 39 for recognizeCandidate:46b9516a-dfd6-4e8f-8939-5a6242357177
2019-10-18 07:03:22,368 [grpc-default-executor-3] INFO  impl.RoleInfo (RoleInfo.java:shutdownFollowerState(121)) - 93f10d81-f4b6-4237-b2e6-6c2ccf8ca027: shutdown FollowerState
2019-10-18 07:03:22,368 [grpc-default-executor-2] INFO  impl.RaftServerImpl (RaftServerImpl.java:setRole(184)) - f69cf638-138d-4576-91da-2cd882e57eee@group-CAF408347A58: changes role from  FOLLOWER to FOLLOWER at term 39 for recognizeCandidate:46b9516a-dfd6-4e8f-8939-5a6242357177
2019-10-18 07:03:22,368 [Thread-838] INFO  impl.FollowerState (FollowerState.java:run(117)) - 93f10d81-f4b6-4237-b2e6-6c2ccf8ca027@group-CAF408347A58-FollowerState was interrupted: java.lang.InterruptedException: sleep interrupted
2019-10-18 07:03:22,368 [grpc-default-executor-3] INFO  impl.RoleInfo (RoleInfo.java:updateAndGet(143)) - 93f10d81-f4b6-4237-b2e6-6c2ccf8ca027: start FollowerState
2019-10-18 07:03:22,369 [grpc-default-executor-2] INFO  impl.RoleInfo (RoleInfo.java:shutdownFollowerState(121)) - f69cf638-138d-4576-91da-2cd882e57eee: shutdown FollowerState
2019-10-18 07:03:22,369 [grpc-default-executor-2] INFO  impl.RoleInfo (RoleInfo.java:updateAndGet(143)) - f69cf638-138d-4576-91da-2cd882e57eee: start FollowerState
2019-10-18 07:03:22,369 [Thread-837] INFO  impl.FollowerState (FollowerState.java:run(117)) - f69cf638-138d-4576-91da-2cd882e57eee@group-CAF408347A58-FollowerState was interrupted: java.lang.InterruptedException: sleep interrupted
2019-10-18 07:03:22,384 [46b9516a-dfd6-4e8f-8939-5a6242357177@group-CAF408347A58-LeaderElection42] INFO  impl.LeaderElection (LeaderElection.java:logAndReturn(56)) - 46b9516a-dfd6-4e8f-8939-5a6242357177@group-CAF408347A58-LeaderElection42: Election REJECTED; received 2 response(s) [46b9516a-dfd6-4e8f-8939-5a6242357177<-f69cf638-138d-4576-91da-2cd882e57eee#0:FAIL-t39, 46b9516a-dfd6-4e8f-8939-5a6242357177<-93f10d81-f4b6-4237-b2e6-6c2ccf8ca027#0:FAIL-t39] and 0 exception(s); 46b9516a-dfd6-4e8f-8939-5a6242357177@group-CAF408347A58:t39, leader=null, voted=46b9516a-dfd6-4e8f-8939-5a6242357177, raftlog=46b9516a-dfd6-4e8f-8939-5a6242357177@group-CAF408347A58-SegmentedRaftLog:OPENED:c3,f4,i4, conf=0: [f69cf638-138d-4576-91da-2cd882e57eee:192.168.34.25:40171, 46b9516a-dfd6-4e8f-8939-5a6242357177:192.168.34.25:42762, 93f10d81-f4b6-4237-b2e6-6c2ccf8ca027:192.168.34.25:43753], old=null
2019-10-18 07:03:22,384 [46b9516a-dfd6-4e8f-8939-5a6242357177@group-CAF408347A58-LeaderElection42] INFO  impl.RaftServerImpl (RaftServerImpl.java:setRole(184)) - 46b9516a-dfd6-4e8f-8939-5a6242357177@group-CAF408347A58: changes role from CANDIDATE to FOLLOWER at term 39 for DISCOVERED_A_NEW_TERM
2019-10-18 07:03:22,384 [46b9516a-dfd6-4e8f-8939-5a6242357177@group-CAF408347A58-LeaderElection42] INFO  impl.RoleInfo (RoleInfo.java:shutdownLeaderElection(134)) - 46b9516a-dfd6-4e8f-8939-5a6242357177: shutdown LeaderElection
2019-10-18 07:03:22,384 [IPC Server handler 13 on 40723] WARN  block.DeletedBlockLogImpl (DeletedBlockLogImpl.java:incrementCount(141)) - Deleted TXID not found.
2019-10-18 07:03:22,384 [46b9516a-dfd6-4e8f-8939-5a6242357177@group-CAF408347A58-LeaderElection42] INFO  impl.RoleInfo (RoleInfo.java:updateAndGet(143)) - 46b9516a-dfd6-4e8f-8939-5a6242357177: start FollowerState
2019-10-18 07:03:22,385 [EventQueue-DeleteBlockStatusForDeletedBlockLogImpl] WARN  block.DeletedBlockLogImpl (DeletedBlockLogImpl.java:commitTransactions(205)) - Transaction txId=1 commit by dnId=46b9516a-dfd6-4e8f-8939-5a6242357177 for containerID=#1 failed. Corresponding entry not found.
2019-10-18 07:03:22,385 [IPC Server handler 13 on 40723] WARN  block.DeletedBlockLogImpl (DeletedBlockLogImpl.java:incrementCount(141)) - Deleted TXID not found.
2019-10-18 07:03:22,385 [EventQueue-DeleteBlockStatusForDeletedBlockLogImpl] WARN  block.DeletedBlockLogImpl (DeletedBlockLogImpl.java:commitTransactions(205)) - Transaction txId=1 commit by dnId=46b9516a-dfd6-4e8f-8939-5a6242357177 for containerID=#1 failed. Corresponding entry not found.
2019-10-18 07:03:22,385 [IPC Server handler 13 on 40723] WARN  block.DeletedBlockLogImpl (DeletedBlockLogImpl.java:incrementCount(141)) - Deleted TXID not found.
2019-10-18 07:03:22,385 [EventQueue-DeleteBlockStatusForDeletedBlockLogImpl] WARN  block.DeletedBlockLogImpl (DeletedBlockLogImpl.java:commitTransactions(205)) - Transaction txId=1 commit by dnId=46b9516a-dfd6-4e8f-8939-5a6242357177 for containerID=#1 failed. Corresponding entry not found.
2019-10-18 07:03:22,385 [IPC Server handler 13 on 40723] WARN  block.DeletedBlockLogImpl (DeletedBlockLogImpl.java:incrementCount(141)) - Deleted TXID not found.
2019-10-18 07:03:22,385 [EventQueue-DeleteBlockStatusForDeletedBlockLogImpl] WARN  block.DeletedBlockLogImpl (DeletedBlockLogImpl.java:commitTransactions(205)) - Transaction txId=1 commit by dnId=46b9516a-dfd6-4e8f-8939-5a6242357177 for containerID=#1 failed. Corresponding entry not found.
2019-10-18 07:03:22,386 [IPC Server handler 13 on 40723] WARN  block.DeletedBlockLogImpl (DeletedBlockLogImpl.java:incrementCount(141)) - Deleted TXID not found.
2019-10-18 07:03:22,386 [EventQueue-DeleteBlockStatusForDeletedBlockLogImpl] WARN  block.DeletedBlockLogImpl (DeletedBlockLogImpl.java:commitTransactions(205)) - Transaction txId=1 commit by dnId=46b9516a-dfd6-4e8f-8939-5a6242357177 for containerID=#1 failed. Corresponding entry not found.
2019-10-18 07:03:22,386 [IPC Server handler 13 on 40723] WARN  block.DeletedBlockLogImpl (DeletedBlockLogImpl.java:incrementCount(141)) - Deleted TXID not found.
2019-10-18 07:03:22,386 [EventQueue-DeleteBlockStatusForDeletedBlockLogImpl] WARN  block.DeletedBlockLogImpl (DeletedBlockLogImpl.java:commitTransactions(205)) - Transaction txId=1 commit by dnId=46b9516a-dfd6-4e8f-8939-5a6242357177 for containerID=#1 failed. Corresponding entry not found.
2019-10-18 07:03:22,386 [EventQueue-DeleteBlockStatusForDeletedBlockLogImpl] WARN  block.DeletedBlockLogImpl (DeletedBlockLogImpl.java:commitTransactions(205)) - Transaction txId=1 commit by dnId=46b9516a-dfd6-4e8f-8939-5a6242357177 for containerID=#1 failed. Corresponding entry not found.
2019-10-18 07:03:22,567 [Thread-848] INFO  impl.FollowerState (FollowerState.java:run(108)) - 46b9516a-dfd6-4e8f-8939-5a6242357177@group-CAF408347A58-FollowerState: change to CANDIDATE, lastRpcTime:182ms, electionTimeout:182ms
2019-10-18 07:03:22,567 [Thread-848] INFO  impl.RoleInfo (RoleInfo.java:shutdownFollowerState(121)) - 46b9516a-dfd6-4e8f-8939-5a6242357177: shutdown FollowerState
2019-10-18 07:03:22,567 [Thread-848] INFO  impl.RaftServerImpl (RaftServerImpl.java:setRole(184)) - 46b9516a-dfd6-4e8f-8939-5a6242357177@group-CAF408347A58: changes role from  FOLLOWER to CANDIDATE at term 39 for changeToCandidate
2019-10-18 07:03:22,567 [Thread-848] INFO  impl.RoleInfo (RoleInfo.java:updateAndGet(143)) - 46b9516a-dfd6-4e8f-8939-5a6242357177: start LeaderElection
2019-10-18 07:03:22,592 [46b9516a-dfd6-4e8f-8939-5a6242357177@group-CAF408347A58-LeaderElection43] INFO  impl.LeaderElection (LeaderElection.java:askForVotes(178)) - 46b9516a-dfd6-4e8f-8939-5a6242357177@group-CAF408347A58-LeaderElection43: begin an election at term 40 for 0: [f69cf638-138d-4576-91da-2cd882e57eee:192.168.34.25:40171, 46b9516a-dfd6-4e8f-8939-5a6242357177:192.168.34.25:42762, 93f10d81-f4b6-4237-b2e6-6c2ccf8ca027:192.168.34.25:43753], old=null
2019-10-18 07:03:22,595 [grpc-default-executor-2] INFO  impl.RaftServerImpl (RaftServerImpl.java:setRole(184)) - f69cf638-138d-4576-91da-2cd882e57eee@group-CAF408347A58: changes role from  FOLLOWER to FOLLOWER at term 40 for recognizeCandidate:46b9516a-dfd6-4e8f-8939-5a6242357177
2019-10-18 07:03:22,595 [grpc-default-executor-2] INFO  impl.RoleInfo (RoleInfo.java:shutdownFollowerState(121)) - f69cf638-138d-4576-91da-2cd882e57eee: shutdown FollowerState
2019-10-18 07:03:22,596 [grpc-default-executor-3] INFO  impl.RaftServerImpl (RaftServerImpl.java:setRole(184)) - 93f10d81-f4b6-4237-b2e6-6c2ccf8ca027@group-CAF408347A58: changes role from  FOLLOWER to FOLLOWER at term 40 for recognizeCandidate:46b9516a-dfd6-4e8f-8939-5a6242357177
2019-10-18 07:03:22,596 [grpc-default-executor-2] INFO  impl.RoleInfo (RoleInfo.java:updateAndGet(143)) - f69cf638-138d-4576-91da-2cd882e57eee: start FollowerState
2019-10-18 07:03:22,596 [Thread-847] INFO  impl.FollowerState (FollowerState.java:run(117)) - f69cf638-138d-4576-91da-2cd882e57eee@group-CAF408347A58-FollowerState was interrupted: java.lang.InterruptedException: sleep interrupted
2019-10-18 07:03:22,596 [grpc-default-executor-3] INFO  impl.RoleInfo (RoleInfo.java:shutdownFollowerState(121)) - 93f10d81-f4b6-4237-b2e6-6c2ccf8ca027: shutdown FollowerState
2019-10-18 07:03:22,596 [grpc-default-executor-3] INFO  impl.RoleInfo (RoleInfo.java:updateAndGet(143)) - 93f10d81-f4b6-4237-b2e6-6c2ccf8ca027: start FollowerState
2019-10-18 07:03:22,596 [Thread-846] INFO  impl.FollowerState (FollowerState.java:run(117)) - 93f10d81-f4b6-4237-b2e6-6c2ccf8ca027@group-CAF408347A58-FollowerState was interrupted: java.lang.InterruptedException: sleep interrupted
2019-10-18 07:03:22,627 [46b9516a-dfd6-4e8f-8939-5a6242357177@group-CAF408347A58-LeaderElection43] INFO  impl.LeaderElection (LeaderElection.java:logAndReturn(56)) - 46b9516a-dfd6-4e8f-8939-5a6242357177@group-CAF408347A58-LeaderElection43: Election REJECTED; received 2 response(s) [46b9516a-dfd6-4e8f-8939-5a6242357177<-f69cf638-138d-4576-91da-2cd882e57eee#0:FAIL-t40, 46b9516a-dfd6-4e8f-8939-5a6242357177<-93f10d81-f4b6-4237-b2e6-6c2ccf8ca027#0:FAIL-t40] and 0 exception(s); 46b9516a-dfd6-4e8f-8939-5a6242357177@group-CAF408347A58:t40, leader=null, voted=46b9516a-dfd6-4e8f-8939-5a6242357177, raftlog=46b9516a-dfd6-4e8f-8939-5a6242357177@group-CAF408347A58-SegmentedRaftLog:OPENED:c3,f4,i4, conf=0: [f69cf638-138d-4576-91da-2cd882e57eee:192.168.34.25:40171, 46b9516a-dfd6-4e8f-8939-5a6242357177:192.168.34.25:42762, 93f10d81-f4b6-4237-b2e6-6c2ccf8ca027:192.168.34.25:43753], old=null
2019-10-18 07:03:22,627 [46b9516a-dfd6-4e8f-8939-5a6242357177@group-CAF408347A58-LeaderElection43] INFO  impl.RaftServerImpl (RaftServerImpl.java:setRole(184)) - 46b9516a-dfd6-4e8f-8939-5a6242357177@group-CAF408347A58: changes role from CANDIDATE to FOLLOWER at term 40 for DISCOVERED_A_NEW_TERM
2019-10-18 07:03:22,628 [46b9516a-dfd6-4e8f-8939-5a6242357177@group-CAF408347A58-LeaderElection43] INFO  impl.RoleInfo (RoleInfo.java:shutdownLeaderElection(134)) - 46b9516a-dfd6-4e8f-8939-5a6242357177: shutdown LeaderElection
2019-10-18 07:03:22,628 [46b9516a-dfd6-4e8f-8939-5a6242357177@group-CAF408347A58-LeaderElection43] INFO  impl.RoleInfo (RoleInfo.java:updateAndGet(143)) - 46b9516a-dfd6-4e8f-8939-5a6242357177: start FollowerState
2019-10-18 07:03:22,729 [Thread-854] INFO  impl.FollowerState (FollowerState.java:run(108)) - 46b9516a-dfd6-4e8f-8939-5a6242357177@group-CAF408347A58-FollowerState: change to CANDIDATE, lastRpcTime:101ms, electionTimeout:101ms
2019-10-18 07:03:22,730 [Thread-854] INFO  impl.RoleInfo (RoleInfo.java:shutdownFollowerState(121)) - 46b9516a-dfd6-4e8f-8939-5a6242357177: shutdown FollowerState
2019-10-18 07:03:22,730 [Thread-854] INFO  impl.RaftServerImpl (RaftServerImpl.java:setRole(184)) - 46b9516a-dfd6-4e8f-8939-5a6242357177@group-CAF408347A58: changes role from  FOLLOWER to CANDIDATE at term 40 for changeToCandidate
2019-10-18 07:03:22,730 [Thread-854] INFO  impl.RoleInfo (RoleInfo.java:updateAndGet(143)) - 46b9516a-dfd6-4e8f-8939-5a6242357177: start LeaderElection
2019-10-18 07:03:22,754 [46b9516a-dfd6-4e8f-8939-5a6242357177@group-CAF408347A58-LeaderElection44] INFO  impl.LeaderElection (LeaderElection.java:askForVotes(178)) - 46b9516a-dfd6-4e8f-8939-5a6242357177@group-CAF408347A58-LeaderElection44: begin an election at term 41 for 0: [f69cf638-138d-4576-91da-2cd882e57eee:192.168.34.25:40171, 46b9516a-dfd6-4e8f-8939-5a6242357177:192.168.34.25:42762, 93f10d81-f4b6-4237-b2e6-6c2ccf8ca027:192.168.34.25:43753], old=null
2019-10-18 07:03:22,757 [grpc-default-executor-3] INFO  impl.RaftServerImpl (RaftServerImpl.java:setRole(184)) - 93f10d81-f4b6-4237-b2e6-6c2ccf8ca027@group-CAF408347A58: changes role from  FOLLOWER to FOLLOWER at term 41 for recognizeCandidate:46b9516a-dfd6-4e8f-8939-5a6242357177
2019-10-18 07:03:22,757 [grpc-default-executor-2] INFO  impl.RaftServerImpl (RaftServerImpl.java:setRole(184)) - f69cf638-138d-4576-91da-2cd882e57eee@group-CAF408347A58: changes role from  FOLLOWER to FOLLOWER at term 41 for recognizeCandidate:46b9516a-dfd6-4e8f-8939-5a6242357177
2019-10-18 07:03:22,757 [grpc-default-executor-3] INFO  impl.RoleInfo (RoleInfo.java:shutdownFollowerState(121)) - 93f10d81-f4b6-4237-b2e6-6c2ccf8ca027: shutdown FollowerState
2019-10-18 07:03:22,757 [grpc-default-executor-2] INFO  impl.RoleInfo (RoleInfo.java:shutdownFollowerState(121)) - f69cf638-138d-4576-91da-2cd882e57eee: shutdown FollowerState
2019-10-18 07:03:22,758 [Thread-853] INFO  impl.FollowerState (FollowerState.java:run(117)) - 93f10d81-f4b6-4237-b2e6-6c2ccf8ca027@group-CAF408347A58-FollowerState was interrupted: java.lang.InterruptedException: sleep interrupted
2019-10-18 07:03:22,758 [grpc-default-executor-3] INFO  impl.RoleInfo (RoleInfo.java:updateAndGet(143)) - 93f10d81-f4b6-4237-b2e6-6c2ccf8ca027: start FollowerState
2019-10-18 07:03:22,758 [Thread-852] INFO  impl.FollowerState (FollowerState.java:run(117)) - f69cf638-138d-4576-91da-2cd882e57eee@group-CAF408347A58-FollowerState was interrupted: java.lang.InterruptedException: sleep interrupted
2019-10-18 07:03:22,758 [grpc-default-executor-2] INFO  impl.RoleInfo (RoleInfo.java:updateAndGet(143)) - f69cf638-138d-4576-91da-2cd882e57eee: start FollowerState
2019-10-18 07:03:22,789 [46b9516a-dfd6-4e8f-8939-5a6242357177@group-CAF408347A58-LeaderElection44] INFO  impl.LeaderElection (LeaderElection.java:logAndReturn(56)) - 46b9516a-dfd6-4e8f-8939-5a6242357177@group-CAF408347A58-LeaderElection44: Election REJECTED; received 2 response(s) [46b9516a-dfd6-4e8f-8939-5a6242357177<-f69cf638-138d-4576-91da-2cd882e57eee#0:FAIL-t41, 46b9516a-dfd6-4e8f-8939-5a6242357177<-93f10d81-f4b6-4237-b2e6-6c2ccf8ca027#0:FAIL-t41] and 0 exception(s); 46b9516a-dfd6-4e8f-8939-5a6242357177@group-CAF408347A58:t41, leader=null, voted=46b9516a-dfd6-4e8f-8939-5a6242357177, raftlog=46b9516a-dfd6-4e8f-8939-5a6242357177@group-CAF408347A58-SegmentedRaftLog:OPENED:c3,f4,i4, conf=0: [f69cf638-138d-4576-91da-2cd882e57eee:192.168.34.25:40171, 46b9516a-dfd6-4e8f-8939-5a6242357177:192.168.34.25:42762, 93f10d81-f4b6-4237-b2e6-6c2ccf8ca027:192.168.34.25:43753], old=null
2019-10-18 07:03:22,789 [46b9516a-dfd6-4e8f-8939-5a6242357177@group-CAF408347A58-LeaderElection44] INFO  impl.RaftServerImpl (RaftServerImpl.java:setRole(184)) - 46b9516a-dfd6-4e8f-8939-5a6242357177@group-CAF408347A58: changes role from CANDIDATE to FOLLOWER at term 41 for DISCOVERED_A_NEW_TERM
2019-10-18 07:03:22,789 [46b9516a-dfd6-4e8f-8939-5a6242357177@group-CAF408347A58-LeaderElection44] INFO  impl.RoleInfo (RoleInfo.java:shutdownLeaderElection(134)) - 46b9516a-dfd6-4e8f-8939-5a6242357177: shutdown LeaderElection
2019-10-18 07:03:22,789 [46b9516a-dfd6-4e8f-8939-5a6242357177@group-CAF408347A58-LeaderElection44] INFO  impl.RoleInfo (RoleInfo.java:updateAndGet(143)) - 46b9516a-dfd6-4e8f-8939-5a6242357177: start FollowerState
2019-10-18 07:03:22,964 [Thread-860] INFO  impl.FollowerState (FollowerState.java:run(108)) - 46b9516a-dfd6-4e8f-8939-5a6242357177@group-CAF408347A58-FollowerState: change to CANDIDATE, lastRpcTime:174ms, electionTimeout:174ms
2019-10-18 07:03:22,964 [Thread-860] INFO  impl.RoleInfo (RoleInfo.java:shutdownFollowerState(121)) - 46b9516a-dfd6-4e8f-8939-5a6242357177: shutdown FollowerState
2019-10-18 07:03:22,964 [Thread-860] INFO  impl.RaftServerImpl (RaftServerImpl.java:setRole(184)) - 46b9516a-dfd6-4e8f-8939-5a6242357177@group-CAF408347A58: changes role from  FOLLOWER to CANDIDATE at term 41 for changeToCandidate
2019-10-18 07:03:22,965 [Thread-860] INFO  impl.RoleInfo (RoleInfo.java:updateAndGet(143)) - 46b9516a-dfd6-4e8f-8939-5a6242357177: start LeaderElection
2019-10-18 07:03:22,989 [46b9516a-dfd6-4e8f-8939-5a6242357177@group-CAF408347A58-LeaderElection45] INFO  impl.LeaderElection (LeaderElection.java:askForVotes(178)) - 46b9516a-dfd6-4e8f-8939-5a6242357177@group-CAF408347A58-LeaderElection45: begin an election at term 42 for 0: [f69cf638-138d-4576-91da-2cd882e57eee:192.168.34.25:40171, 46b9516a-dfd6-4e8f-8939-5a6242357177:192.168.34.25:42762, 93f10d81-f4b6-4237-b2e6-6c2ccf8ca027:192.168.34.25:43753], old=null
2019-10-18 07:03:22,993 [grpc-default-executor-2] INFO  impl.RaftServerImpl (RaftServerImpl.java:setRole(184)) - 93f10d81-f4b6-4237-b2e6-6c2ccf8ca027@group-CAF408347A58: changes role from  FOLLOWER to FOLLOWER at term 42 for recognizeCandidate:46b9516a-dfd6-4e8f-8939-5a6242357177
2019-10-18 07:03:22,993 [grpc-default-executor-2] INFO  impl.RoleInfo (RoleInfo.java:shutdownFollowerState(121)) - 93f10d81-f4b6-4237-b2e6-6c2ccf8ca027: shutdown FollowerState
2019-10-18 07:03:22,993 [grpc-default-executor-3] INFO  impl.RaftServerImpl (RaftServerImpl.java:setRole(184)) - f69cf638-138d-4576-91da-2cd882e57eee@group-CAF408347A58: changes role from  FOLLOWER to FOLLOWER at term 42 for recognizeCandidate:46b9516a-dfd6-4e8f-8939-5a6242357177
2019-10-18 07:03:22,993 [Thread-858] INFO  impl.FollowerState (FollowerState.java:run(117)) - 93f10d81-f4b6-4237-b2e6-6c2ccf8ca027@group-CAF408347A58-FollowerState was interrupted: java.lang.InterruptedException: sleep interrupted
2019-10-18 07:03:22,993 [grpc-default-executor-2] INFO  impl.RoleInfo (RoleInfo.java:updateAndGet(143)) - 93f10d81-f4b6-4237-b2e6-6c2ccf8ca027: start FollowerState
2019-10-18 07:03:22,993 [grpc-default-executor-3] INFO  impl.RoleInfo (RoleInfo.java:shutdownFollowerState(121)) - f69cf638-138d-4576-91da-2cd882e57eee: shutdown FollowerState
2019-10-18 07:03:22,994 [grpc-default-executor-3] INFO  impl.RoleInfo (RoleInfo.java:updateAndGet(143)) - f69cf638-138d-4576-91da-2cd882e57eee: start FollowerState
2019-10-18 07:03:22,994 [Thread-859] INFO  impl.FollowerState (FollowerState.java:run(117)) - f69cf638-138d-4576-91da-2cd882e57eee@group-CAF408347A58-FollowerState was interrupted: java.lang.InterruptedException: sleep interrupted
2019-10-18 07:03:23,024 [46b9516a-dfd6-4e8f-8939-5a6242357177@group-CAF408347A58-LeaderElection45] INFO  impl.LeaderElection (LeaderElection.java:logAndReturn(56)) - 46b9516a-dfd6-4e8f-8939-5a6242357177@group-CAF408347A58-LeaderElection45: Election REJECTED; received 2 response(s) [46b9516a-dfd6-4e8f-8939-5a6242357177<-f69cf638-138d-4576-91da-2cd882e57eee#0:FAIL-t42, 46b9516a-dfd6-4e8f-8939-5a6242357177<-93f10d81-f4b6-4237-b2e6-6c2ccf8ca027#0:FAIL-t42] and 0 exception(s); 46b9516a-dfd6-4e8f-8939-5a6242357177@group-CAF408347A58:t42, leader=null, voted=46b9516a-dfd6-4e8f-8939-5a6242357177, raftlog=46b9516a-dfd6-4e8f-8939-5a6242357177@group-CAF408347A58-SegmentedRaftLog:OPENED:c3,f4,i4, conf=0: [f69cf638-138d-4576-91da-2cd882e57eee:192.168.34.25:40171, 46b9516a-dfd6-4e8f-8939-5a6242357177:192.168.34.25:42762, 93f10d81-f4b6-4237-b2e6-6c2ccf8ca027:192.168.34.25:43753], old=null
2019-10-18 07:03:23,024 [46b9516a-dfd6-4e8f-8939-5a6242357177@group-CAF408347A58-LeaderElection45] INFO  impl.RaftServerImpl (RaftServerImpl.java:setRole(184)) - 46b9516a-dfd6-4e8f-8939-5a6242357177@group-CAF408347A58: changes role from CANDIDATE to FOLLOWER at term 42 for DISCOVERED_A_NEW_TERM
2019-10-18 07:03:23,024 [46b9516a-dfd6-4e8f-8939-5a6242357177@group-CAF408347A58-LeaderElection45] INFO  impl.RoleInfo (RoleInfo.java:shutdownLeaderElection(134)) - 46b9516a-dfd6-4e8f-8939-5a6242357177: shutdown LeaderElection
2019-10-18 07:03:23,024 [46b9516a-dfd6-4e8f-8939-5a6242357177@group-CAF408347A58-LeaderElection45] INFO  impl.RoleInfo (RoleInfo.java:updateAndGet(143)) - 46b9516a-dfd6-4e8f-8939-5a6242357177: start FollowerState
2019-10-18 07:03:23,113 [Thread-866] INFO  impl.FollowerState (FollowerState.java:run(108)) - 46b9516a-dfd6-4e8f-8939-5a6242357177@group-CAF408347A58-FollowerState: change to CANDIDATE, lastRpcTime:88ms, electionTimeout:88ms
2019-10-18 07:03:23,113 [Thread-866] INFO  impl.RoleInfo (RoleInfo.java:shutdownFollowerState(121)) - 46b9516a-dfd6-4e8f-8939-5a6242357177: shutdown FollowerState
2019-10-18 07:03:23,113 [Thread-866] INFO  impl.RaftServerImpl (RaftServerImpl.java:setRole(184)) - 46b9516a-dfd6-4e8f-8939-5a6242357177@group-CAF408347A58: changes role from  FOLLOWER to CANDIDATE at term 42 for changeToCandidate
2019-10-18 07:03:23,113 [Thread-866] INFO  impl.RoleInfo (RoleInfo.java:updateAndGet(143)) - 46b9516a-dfd6-4e8f-8939-5a6242357177: start LeaderElection
2019-10-18 07:03:23,120 [BlockDeletingService#2] WARN  background.BlockDeletingService (BlockDeletingService.java:isDeletionAllowed(187)) - Close Container log Index 6 is not replicated across allthe servers in the pipeline fe68d6de-2f7f-4088-a26e-caf408347a58 as the min replicated index is 4. Deletion is not allowed in this container yet.
2019-10-18 07:03:23,121 [BlockDeletingService#2] WARN  background.BlockDeletingService (BlockDeletingService.java:isDeletionAllowed(187)) - Close Container log Index 6 is not replicated across allthe servers in the pipeline fe68d6de-2f7f-4088-a26e-caf408347a58 as the min replicated index is 4. Deletion is not allowed in this container yet.
2019-10-18 07:03:23,141 [46b9516a-dfd6-4e8f-8939-5a6242357177@group-CAF408347A58-LeaderElection46] INFO  impl.LeaderElection (LeaderElection.java:askForVotes(178)) - 46b9516a-dfd6-4e8f-8939-5a6242357177@group-CAF408347A58-LeaderElection46: begin an election at term 43 for 0: [f69cf638-138d-4576-91da-2cd882e57eee:192.168.34.25:40171, 46b9516a-dfd6-4e8f-8939-5a6242357177:192.168.34.25:42762, 93f10d81-f4b6-4237-b2e6-6c2ccf8ca027:192.168.34.25:43753], old=null
2019-10-18 07:03:23,144 [grpc-default-executor-3] INFO  impl.RaftServerImpl (RaftServerImpl.java:setRole(184)) - f69cf638-138d-4576-91da-2cd882e57eee@group-CAF408347A58: changes role from  FOLLOWER to FOLLOWER at term 43 for recognizeCandidate:46b9516a-dfd6-4e8f-8939-5a6242357177
2019-10-18 07:03:23,144 [grpc-default-executor-3] INFO  impl.RoleInfo (RoleInfo.java:shutdownFollowerState(121)) - f69cf638-138d-4576-91da-2cd882e57eee: shutdown FollowerState
2019-10-18 07:03:23,144 [grpc-default-executor-2] INFO  impl.RaftServerImpl (RaftServerImpl.java:setRole(184)) - 93f10d81-f4b6-4237-b2e6-6c2ccf8ca027@group-CAF408347A58: changes role from  FOLLOWER to FOLLOWER at term 43 for recognizeCandidate:46b9516a-dfd6-4e8f-8939-5a6242357177
2019-10-18 07:03:23,145 [grpc-default-executor-3] INFO  impl.RoleInfo (RoleInfo.java:updateAndGet(143)) - f69cf638-138d-4576-91da-2cd882e57eee: start FollowerState
2019-10-18 07:03:23,145 [Thread-865] INFO  impl.FollowerState (FollowerState.java:run(117)) - f69cf638-138d-4576-91da-2cd882e57eee@group-CAF408347A58-FollowerState was interrupted: java.lang.InterruptedException: sleep interrupted
2019-10-18 07:03:23,145 [grpc-default-executor-2] INFO  impl.RoleInfo (RoleInfo.java:shutdownFollowerState(121)) - 93f10d81-f4b6-4237-b2e6-6c2ccf8ca027: shutdown FollowerState
2019-10-18 07:03:23,145 [grpc-default-executor-2] INFO  impl.RoleInfo (RoleInfo.java:updateAndGet(143)) - 93f10d81-f4b6-4237-b2e6-6c2ccf8ca027: start FollowerState
2019-10-18 07:03:23,145 [Thread-864] INFO  impl.FollowerState (FollowerState.java:run(117)) - 93f10d81-f4b6-4237-b2e6-6c2ccf8ca027@group-CAF408347A58-FollowerState was interrupted: java.lang.InterruptedException: sleep interrupted
2019-10-18 07:03:23,176 [46b9516a-dfd6-4e8f-8939-5a6242357177@group-CAF408347A58-LeaderElection46] INFO  impl.LeaderElection (LeaderElection.java:logAndReturn(56)) - 46b9516a-dfd6-4e8f-8939-5a6242357177@group-CAF408347A58-LeaderElection46: Election REJECTED; received 2 response(s) [46b9516a-dfd6-4e8f-8939-5a6242357177<-f69cf638-138d-4576-91da-2cd882e57eee#0:FAIL-t43, 46b9516a-dfd6-4e8f-8939-5a6242357177<-93f10d81-f4b6-4237-b2e6-6c2ccf8ca027#0:FAIL-t43] and 0 exception(s); 46b9516a-dfd6-4e8f-8939-5a6242357177@group-CAF408347A58:t43, leader=null, voted=46b9516a-dfd6-4e8f-8939-5a6242357177, raftlog=46b9516a-dfd6-4e8f-8939-5a6242357177@group-CAF408347A58-SegmentedRaftLog:OPENED:c3,f4,i4, conf=0: [f69cf638-138d-4576-91da-2cd882e57eee:192.168.34.25:40171, 46b9516a-dfd6-4e8f-8939-5a6242357177:192.168.34.25:42762, 93f10d81-f4b6-4237-b2e6-6c2ccf8ca027:192.168.34.25:43753], old=null
2019-10-18 07:03:23,176 [46b9516a-dfd6-4e8f-8939-5a6242357177@group-CAF408347A58-LeaderElection46] INFO  impl.RaftServerImpl (RaftServerImpl.java:setRole(184)) - 46b9516a-dfd6-4e8f-8939-5a6242357177@group-CAF408347A58: changes role from CANDIDATE to FOLLOWER at term 43 for DISCOVERED_A_NEW_TERM
2019-10-18 07:03:23,176 [46b9516a-dfd6-4e8f-8939-5a6242357177@group-CAF408347A58-LeaderElection46] INFO  impl.RoleInfo (RoleInfo.java:shutdownLeaderElection(134)) - 46b9516a-dfd6-4e8f-8939-5a6242357177: shutdown LeaderElection
2019-10-18 07:03:23,176 [46b9516a-dfd6-4e8f-8939-5a6242357177@group-CAF408347A58-LeaderElection46] INFO  impl.RoleInfo (RoleInfo.java:updateAndGet(143)) - 46b9516a-dfd6-4e8f-8939-5a6242357177: start FollowerState
2019-10-18 07:03:23,264 [Thread-875] INFO  impl.FollowerState (FollowerState.java:run(108)) - 46b9516a-dfd6-4e8f-8939-5a6242357177@group-CAF408347A58-FollowerState: change to CANDIDATE, lastRpcTime:87ms, electionTimeout:87ms
2019-10-18 07:03:23,264 [Thread-875] INFO  impl.RoleInfo (RoleInfo.java:shutdownFollowerState(121)) - 46b9516a-dfd6-4e8f-8939-5a6242357177: shutdown FollowerState
2019-10-18 07:03:23,264 [Thread-875] INFO  impl.RaftServerImpl (RaftServerImpl.java:setRole(184)) - 46b9516a-dfd6-4e8f-8939-5a6242357177@group-CAF408347A58: changes role from  FOLLOWER to CANDIDATE at term 43 for changeToCandidate
2019-10-18 07:03:23,264 [Thread-875] INFO  impl.RoleInfo (RoleInfo.java:updateAndGet(143)) - 46b9516a-dfd6-4e8f-8939-5a6242357177: start LeaderElection
2019-10-18 07:03:23,281 [Command processor thread] INFO  commandhandler.DeleteBlocksCommandHandler (DeleteBlocksCommandHandler.java:handle(106)) - Start to delete container blocks, TXIDs=[1(0)], numOfContainers=1, numOfBlocks=1
2019-10-18 07:03:23,282 [Command processor thread] INFO  commandhandler.DeleteBlocksCommandHandler (DeleteBlocksCommandHandler.java:handle(106)) - Start to delete container blocks, TXIDs=[1(30)], numOfContainers=1, numOfBlocks=1
2019-10-18 07:03:23,282 [Command processor thread] INFO  commandhandler.DeleteBlocksCommandHandler (DeleteBlocksCommandHandler.java:handle(106)) - Start to delete container blocks, TXIDs=[1(2)], numOfContainers=1, numOfBlocks=1
2019-10-18 07:03:23,282 [Command processor thread] INFO  commandhandler.DeleteBlocksCommandHandler (DeleteBlocksCommandHandler.java:handle(106)) - Start to delete container blocks, TXIDs=[1(38)], numOfContainers=1, numOfBlocks=1
2019-10-18 07:03:23,282 [Command processor thread] INFO  commandhandler.DeleteBlocksCommandHandler (DeleteBlocksCommandHandler.java:handle(106)) - Start to delete container blocks, TXIDs=[1(2)], numOfContainers=1, numOfBlocks=1
2019-10-18 07:03:23,283 [Command processor thread] INFO  commandhandler.DeleteBlocksCommandHandler (DeleteBlocksCommandHandler.java:handle(106)) - Start to delete container blocks, TXIDs=[1(2)], numOfContainers=1, numOfBlocks=1
2019-10-18 07:03:23,283 [Command processor thread] INFO  commandhandler.DeleteBlocksCommandHandler (DeleteBlocksCommandHandler.java:handle(106)) - Start to delete container blocks, TXIDs=[1(2)], numOfContainers=1, numOfBlocks=1
2019-10-18 07:03:23,283 [Command processor thread] INFO  commandhandler.DeleteBlocksCommandHandler (DeleteBlocksCommandHandler.java:handle(106)) - Start to delete container blocks, TXIDs=[1(2)], numOfContainers=1, numOfBlocks=1
2019-10-18 07:03:23,284 [Command processor thread] INFO  commandhandler.DeleteBlocksCommandHandler (DeleteBlocksCommandHandler.java:handle(106)) - Start to delete container blocks, TXIDs=[1(2)], numOfContainers=1, numOfBlocks=1
2019-10-18 07:03:23,284 [pool-7-thread-6] INFO  commands.RetriableDatanodeEventWatcher (RetriableDatanodeEventWatcher.java:onTimeout(47)) - RetriableDatanodeCommand type=deleteBlocksCommand with id=1571382194281 timed out. Retrying.
2019-10-18 07:03:23,292 [46b9516a-dfd6-4e8f-8939-5a6242357177@group-CAF408347A58-LeaderElection47] INFO  impl.LeaderElection (LeaderElection.java:askForVotes(178)) - 46b9516a-dfd6-4e8f-8939-5a6242357177@group-CAF408347A58-LeaderElection47: begin an election at term 44 for 0: [f69cf638-138d-4576-91da-2cd882e57eee:192.168.34.25:40171, 46b9516a-dfd6-4e8f-8939-5a6242357177:192.168.34.25:42762, 93f10d81-f4b6-4237-b2e6-6c2ccf8ca027:192.168.34.25:43753], old=null
2019-10-18 07:03:23,294 [grpc-default-executor-3] INFO  impl.RaftServerImpl (RaftServerImpl.java:setRole(184)) - f69cf638-138d-4576-91da-2cd882e57eee@group-CAF408347A58: changes role from  FOLLOWER to FOLLOWER at term 44 for recognizeCandidate:46b9516a-dfd6-4e8f-8939-5a6242357177
2019-10-18 07:03:23,294 [grpc-default-executor-2] INFO  impl.RaftServerImpl (RaftServerImpl.java:setRole(184)) - 93f10d81-f4b6-4237-b2e6-6c2ccf8ca027@group-CAF408347A58: changes role from  FOLLOWER to FOLLOWER at term 44 for recognizeCandidate:46b9516a-dfd6-4e8f-8939-5a6242357177
2019-10-18 07:03:23,295 [grpc-default-executor-3] INFO  impl.RoleInfo (RoleInfo.java:shutdownFollowerState(121)) - f69cf638-138d-4576-91da-2cd882e57eee: shutdown FollowerState
2019-10-18 07:03:23,295 [grpc-default-executor-2] INFO  impl.RoleInfo (RoleInfo.java:shutdownFollowerState(121)) - 93f10d81-f4b6-4237-b2e6-6c2ccf8ca027: shutdown FollowerState
2019-10-18 07:03:23,295 [grpc-default-executor-3] INFO  impl.RoleInfo (RoleInfo.java:updateAndGet(143)) - f69cf638-138d-4576-91da-2cd882e57eee: start FollowerState
2019-10-18 07:03:23,295 [Thread-872] INFO  impl.FollowerState (FollowerState.java:run(117)) - f69cf638-138d-4576-91da-2cd882e57eee@group-CAF408347A58-FollowerState was interrupted: java.lang.InterruptedException: sleep interrupted
2019-10-18 07:03:23,295 [grpc-default-executor-2] INFO  impl.RoleInfo (RoleInfo.java:updateAndGet(143)) - 93f10d81-f4b6-4237-b2e6-6c2ccf8ca027: start FollowerState
2019-10-18 07:03:23,295 [Thread-873] INFO  impl.FollowerState (FollowerState.java:run(117)) - 93f10d81-f4b6-4237-b2e6-6c2ccf8ca027@group-CAF408347A58-FollowerState was interrupted: java.lang.InterruptedException: sleep interrupted
2019-10-18 07:03:23,327 [46b9516a-dfd6-4e8f-8939-5a6242357177@group-CAF408347A58-LeaderElection47] INFO  impl.LeaderElection (LeaderElection.java:logAndReturn(56)) - 46b9516a-dfd6-4e8f-8939-5a6242357177@group-CAF408347A58-LeaderElection47: Election REJECTED; received 2 response(s) [46b9516a-dfd6-4e8f-8939-5a6242357177<-f69cf638-138d-4576-91da-2cd882e57eee#0:FAIL-t44, 46b9516a-dfd6-4e8f-8939-5a6242357177<-93f10d81-f4b6-4237-b2e6-6c2ccf8ca027#0:FAIL-t44] and 0 exception(s); 46b9516a-dfd6-4e8f-8939-5a6242357177@group-CAF408347A58:t44, leader=null, voted=46b9516a-dfd6-4e8f-8939-5a6242357177, raftlog=46b9516a-dfd6-4e8f-8939-5a6242357177@group-CAF408347A58-SegmentedRaftLog:OPENED:c3,f4,i4, conf=0: [f69cf638-138d-4576-91da-2cd882e57eee:192.168.34.25:40171, 46b9516a-dfd6-4e8f-8939-5a6242357177:192.168.34.25:42762, 93f10d81-f4b6-4237-b2e6-6c2ccf8ca027:192.168.34.25:43753], old=null
2019-10-18 07:03:23,328 [46b9516a-dfd6-4e8f-8939-5a6242357177@group-CAF408347A58-LeaderElection47] INFO  impl.RaftServerImpl (RaftServerImpl.java:setRole(184)) - 46b9516a-dfd6-4e8f-8939-5a6242357177@group-CAF408347A58: changes role from CANDIDATE to FOLLOWER at term 44 for DISCOVERED_A_NEW_TERM
2019-10-18 07:03:23,328 [46b9516a-dfd6-4e8f-8939-5a6242357177@group-CAF408347A58-LeaderElection47] INFO  impl.RoleInfo (RoleInfo.java:shutdownLeaderElection(134)) - 46b9516a-dfd6-4e8f-8939-5a6242357177: shutdown LeaderElection
2019-10-18 07:03:23,328 [46b9516a-dfd6-4e8f-8939-5a6242357177@group-CAF408347A58-LeaderElection47] INFO  impl.RoleInfo (RoleInfo.java:updateAndGet(143)) - 46b9516a-dfd6-4e8f-8939-5a6242357177: start FollowerState
2019-10-18 07:03:23,337 [Thread-883] INFO  client.GrpcClientProtocolService (GrpcClientProtocolService.java:lambda$processClientRequest$0(278)) - Failed RaftClientRequest:client-79AC2A5FBE9C->46b9516a-dfd6-4e8f-8939-5a6242357177@group-CAF408347A58, cid=10, seq=0, Watch-ALL_COMMITTED(6), Message:<EMPTY>, reply=RaftClientReply:client-79AC2A5FBE9C->46b9516a-dfd6-4e8f-8939-5a6242357177@group-CAF408347A58, cid=10, FAILED org.apache.ratis.protocol.NotLeaderException: Server 46b9516a-dfd6-4e8f-8939-5a6242357177@group-CAF408347A58 is not the leader, logIndex=0, commits[46b9516a-dfd6-4e8f-8939-5a6242357177:c3]
2019-10-18 07:03:23,383 [IPC Server handler 12 on 40723] WARN  block.DeletedBlockLogImpl (DeletedBlockLogImpl.java:incrementCount(141)) - Deleted TXID not found.
2019-10-18 07:03:23,383 [EventQueue-DeleteBlockStatusForDeletedBlockLogImpl] WARN  block.DeletedBlockLogImpl (DeletedBlockLogImpl.java:commitTransactions(205)) - Transaction txId=1 commit by dnId=46b9516a-dfd6-4e8f-8939-5a6242357177 for containerID=#1 failed. Corresponding entry not found.
2019-10-18 07:03:23,383 [EventQueue-DeleteBlockStatusForEventWatcher$$Lambda$30/637241618] WARN  events.EventWatcher (EventWatcher.java:lambda$start$0(110)) - Completion event without active lease. Id=1571382194272
2019-10-18 07:03:23,384 [EventQueue-DeleteBlockStatusForDeletedBlockLogImpl] WARN  block.DeletedBlockLogImpl (DeletedBlockLogImpl.java:commitTransactions(205)) - Transaction txId=1 commit by dnId=46b9516a-dfd6-4e8f-8939-5a6242357177 for containerID=#1 failed. Corresponding entry not found.
2019-10-18 07:03:23,384 [EventQueue-DeleteBlockStatusForEventWatcher$$Lambda$30/637241618] WARN  events.EventWatcher (EventWatcher.java:lambda$start$0(110)) - Completion event without active lease. Id=1571382194274
2019-10-18 07:03:23,384 [EventQueue-DeleteBlockStatusForDeletedBlockLogImpl] WARN  block.DeletedBlockLogImpl (DeletedBlockLogImpl.java:commitTransactions(205)) - Transaction txId=1 commit by dnId=46b9516a-dfd6-4e8f-8939-5a6242357177 for containerID=#1 failed. Corresponding entry not found.
2019-10-18 07:03:23,384 [EventQueue-DeleteBlockStatusForEventWatcher$$Lambda$30/637241618] WARN  events.EventWatcher (EventWatcher.java:lambda$start$0(110)) - Completion event without active lease. Id=1571382194275
2019-10-18 07:03:23,384 [EventQueue-DeleteBlockStatusForDeletedBlockLogImpl] WARN  block.DeletedBlockLogImpl (DeletedBlockLogImpl.java:commitTransactions(205)) - Transaction txId=1 commit by dnId=46b9516a-dfd6-4e8f-8939-5a6242357177 for containerID=#1 failed. Corresponding entry not found.
2019-10-18 07:03:23,384 [EventQueue-DeleteBlockStatusForEventWatcher$$Lambda$30/637241618] WARN  events.EventWatcher (EventWatcher.java:lambda$start$0(110)) - Completion event without active lease. Id=1571382194276
2019-10-18 07:03:23,384 [EventQueue-DeleteBlockStatusForDeletedBlockLogImpl] WARN  block.DeletedBlockLogImpl (DeletedBlockLogImpl.java:commitTransactions(205)) - Transaction txId=1 commit by dnId=46b9516a-dfd6-4e8f-8939-5a6242357177 for containerID=#1 failed. Corresponding entry not found.
2019-10-18 07:03:23,384 [EventQueue-DeleteBlockStatusForEventWatcher$$Lambda$30/637241618] WARN  events.EventWatcher (EventWatcher.java:lambda$start$0(110)) - Completion event without active lease. Id=1571382194277
2019-10-18 07:03:23,385 [EventQueue-DeleteBlockStatusForDeletedBlockLogImpl] WARN  block.DeletedBlockLogImpl (DeletedBlockLogImpl.java:commitTransactions(205)) - Transaction txId=1 commit by dnId=46b9516a-dfd6-4e8f-8939-5a6242357177 for containerID=#1 failed. Corresponding entry not found.
2019-10-18 07:03:23,385 [EventQueue-DeleteBlockStatusForEventWatcher$$Lambda$30/637241618] WARN  events.EventWatcher (EventWatcher.java:lambda$start$0(110)) - Completion event without active lease. Id=1571382194278
2019-10-18 07:03:23,385 [EventQueue-DeleteBlockStatusForDeletedBlockLogImpl] WARN  block.DeletedBlockLogImpl (DeletedBlockLogImpl.java:commitTransactions(205)) - Transaction txId=1 commit by dnId=46b9516a-dfd6-4e8f-8939-5a6242357177 for containerID=#1 failed. Corresponding entry not found.
2019-10-18 07:03:23,385 [EventQueue-DeleteBlockStatusForEventWatcher$$Lambda$30/637241618] WARN  events.EventWatcher (EventWatcher.java:lambda$start$0(110)) - Completion event without active lease. Id=1571382194279
2019-10-18 07:03:23,385 [EventQueue-DeleteBlockStatusForDeletedBlockLogImpl] WARN  block.DeletedBlockLogImpl (DeletedBlockLogImpl.java:commitTransactions(205)) - Transaction txId=1 commit by dnId=46b9516a-dfd6-4e8f-8939-5a6242357177 for containerID=#1 failed. Corresponding entry not found.
2019-10-18 07:03:23,385 [EventQueue-DeleteBlockStatusForEventWatcher$$Lambda$30/637241618] WARN  events.EventWatcher (EventWatcher.java:lambda$start$0(110)) - Completion event without active lease. Id=1571382194280
2019-10-18 07:03:23,385 [EventQueue-DeleteBlockStatusForDeletedBlockLogImpl] WARN  block.DeletedBlockLogImpl (DeletedBlockLogImpl.java:commitTransactions(205)) - Transaction txId=1 commit by dnId=46b9516a-dfd6-4e8f-8939-5a6242357177 for containerID=#1 failed. Corresponding entry not found.
2019-10-18 07:03:23,441 [Thread-881] INFO  impl.FollowerState (FollowerState.java:run(108)) - 46b9516a-dfd6-4e8f-8939-5a6242357177@group-CAF408347A58-FollowerState: change to CANDIDATE, lastRpcTime:112ms, electionTimeout:112ms
2019-10-18 07:03:23,441 [Thread-881] INFO  impl.RoleInfo (RoleInfo.java:shutdownFollowerState(121)) - 46b9516a-dfd6-4e8f-8939-5a6242357177: shutdown FollowerState
2019-10-18 07:03:23,441 [Thread-881] INFO  impl.RaftServerImpl (RaftServerImpl.java:setRole(184)) - 46b9516a-dfd6-4e8f-8939-5a6242357177@group-CAF408347A58: changes role from  FOLLOWER to CANDIDATE at term 44 for changeToCandidate
2019-10-18 07:03:23,441 [Thread-881] INFO  impl.RoleInfo (RoleInfo.java:updateAndGet(143)) - 46b9516a-dfd6-4e8f-8939-5a6242357177: start LeaderElection
2019-10-18 07:03:23,469 [46b9516a-dfd6-4e8f-8939-5a6242357177@group-CAF408347A58-LeaderElection48] INFO  impl.LeaderElection (LeaderElection.java:askForVotes(178)) - 46b9516a-dfd6-4e8f-8939-5a6242357177@group-CAF408347A58-LeaderElection48: begin an election at term 45 for 0: [f69cf638-138d-4576-91da-2cd882e57eee:192.168.34.25:40171, 46b9516a-dfd6-4e8f-8939-5a6242357177:192.168.34.25:42762, 93f10d81-f4b6-4237-b2e6-6c2ccf8ca027:192.168.34.25:43753], old=null
2019-10-18 07:03:23,473 [grpc-default-executor-3] INFO  impl.RaftServerImpl (RaftServerImpl.java:setRole(184)) - f69cf638-138d-4576-91da-2cd882e57eee@group-CAF408347A58: changes role from  FOLLOWER to FOLLOWER at term 45 for recognizeCandidate:46b9516a-dfd6-4e8f-8939-5a6242357177
2019-10-18 07:03:23,473 [grpc-default-executor-3] INFO  impl.RoleInfo (RoleInfo.java:shutdownFollowerState(121)) - f69cf638-138d-4576-91da-2cd882e57eee: shutdown FollowerState
2019-10-18 07:03:23,473 [grpc-default-executor-2] INFO  impl.RaftServerImpl (RaftServerImpl.java:setRole(184)) - 93f10d81-f4b6-4237-b2e6-6c2ccf8ca027@group-CAF408347A58: changes role from  FOLLOWER to FOLLOWER at term 45 for recognizeCandidate:46b9516a-dfd6-4e8f-8939-5a6242357177
2019-10-18 07:03:23,473 [grpc-default-executor-3] INFO  impl.RoleInfo (RoleInfo.java:updateAndGet(143)) - f69cf638-138d-4576-91da-2cd882e57eee: start FollowerState
2019-10-18 07:03:23,474 [grpc-default-executor-2] INFO  impl.RoleInfo (RoleInfo.java:shutdownFollowerState(121)) - 93f10d81-f4b6-4237-b2e6-6c2ccf8ca027: shutdown FollowerState
2019-10-18 07:03:23,474 [Thread-879] INFO  impl.FollowerState (FollowerState.java:run(117)) - f69cf638-138d-4576-91da-2cd882e57eee@group-CAF408347A58-FollowerState was interrupted: java.lang.InterruptedException: sleep interrupted
2019-10-18 07:03:23,474 [Thread-880] INFO  impl.FollowerState (FollowerState.java:run(117)) - 93f10d81-f4b6-4237-b2e6-6c2ccf8ca027@group-CAF408347A58-FollowerState was interrupted: java.lang.InterruptedException: sleep interrupted
2019-10-18 07:03:23,474 [grpc-default-executor-2] INFO  impl.RoleInfo (RoleInfo.java:updateAndGet(143)) - 93f10d81-f4b6-4237-b2e6-6c2ccf8ca027: start FollowerState
2019-10-18 07:03:23,497 [46b9516a-dfd6-4e8f-8939-5a6242357177@group-CAF408347A58-LeaderElection48] INFO  impl.LeaderElection (LeaderElection.java:logAndReturn(56)) - 46b9516a-dfd6-4e8f-8939-5a6242357177@group-CAF408347A58-LeaderElection48: Election REJECTED; received 2 response(s) [46b9516a-dfd6-4e8f-8939-5a6242357177<-f69cf638-138d-4576-91da-2cd882e57eee#0:FAIL-t45, 46b9516a-dfd6-4e8f-8939-5a6242357177<-93f10d81-f4b6-4237-b2e6-6c2ccf8ca027#0:FAIL-t45] and 0 exception(s); 46b9516a-dfd6-4e8f-8939-5a6242357177@group-CAF408347A58:t45, leader=null, voted=46b9516a-dfd6-4e8f-8939-5a6242357177, raftlog=46b9516a-dfd6-4e8f-8939-5a6242357177@group-CAF408347A58-SegmentedRaftLog:OPENED:c3,f4,i4, conf=0: [f69cf638-138d-4576-91da-2cd882e57eee:192.168.34.25:40171, 46b9516a-dfd6-4e8f-8939-5a6242357177:192.168.34.25:42762, 93f10d81-f4b6-4237-b2e6-6c2ccf8ca027:192.168.34.25:43753], old=null
2019-10-18 07:03:23,497 [46b9516a-dfd6-4e8f-8939-5a6242357177@group-CAF408347A58-LeaderElection48] INFO  impl.RaftServerImpl (RaftServerImpl.java:setRole(184)) - 46b9516a-dfd6-4e8f-8939-5a6242357177@group-CAF408347A58: changes role from CANDIDATE to FOLLOWER at term 45 for DISCOVERED_A_NEW_TERM
2019-10-18 07:03:23,497 [46b9516a-dfd6-4e8f-8939-5a6242357177@group-CAF408347A58-LeaderElection48] INFO  impl.RoleInfo (RoleInfo.java:shutdownLeaderElection(134)) - 46b9516a-dfd6-4e8f-8939-5a6242357177: shutdown LeaderElection
2019-10-18 07:03:23,498 [46b9516a-dfd6-4e8f-8939-5a6242357177@group-CAF408347A58-LeaderElection48] INFO  impl.RoleInfo (RoleInfo.java:updateAndGet(143)) - 46b9516a-dfd6-4e8f-8939-5a6242357177: start FollowerState
2019-10-18 07:03:23,679 [Thread-890] INFO  impl.FollowerState (FollowerState.java:run(108)) - 46b9516a-dfd6-4e8f-8939-5a6242357177@group-CAF408347A58-FollowerState: change to CANDIDATE, lastRpcTime:181ms, electionTimeout:181ms
2019-10-18 07:03:23,679 [Thread-890] INFO  impl.RoleInfo (RoleInfo.java:shutdownFollowerState(121)) - 46b9516a-dfd6-4e8f-8939-5a6242357177: shutdown FollowerState
2019-10-18 07:03:23,679 [Thread-890] INFO  impl.RaftServerImpl (RaftServerImpl.java:setRole(184)) - 46b9516a-dfd6-4e8f-8939-5a6242357177@group-CAF408347A58: changes role from  FOLLOWER to CANDIDATE at term 45 for changeToCandidate
2019-10-18 07:03:23,680 [Thread-890] INFO  impl.RoleInfo (RoleInfo.java:updateAndGet(143)) - 46b9516a-dfd6-4e8f-8939-5a6242357177: start LeaderElection
2019-10-18 07:03:23,706 [46b9516a-dfd6-4e8f-8939-5a6242357177@group-CAF408347A58-LeaderElection49] INFO  impl.LeaderElection (LeaderElection.java:askForVotes(178)) - 46b9516a-dfd6-4e8f-8939-5a6242357177@group-CAF408347A58-LeaderElection49: begin an election at term 46 for 0: [f69cf638-138d-4576-91da-2cd882e57eee:192.168.34.25:40171, 46b9516a-dfd6-4e8f-8939-5a6242357177:192.168.34.25:42762, 93f10d81-f4b6-4237-b2e6-6c2ccf8ca027:192.168.34.25:43753], old=null
2019-10-18 07:03:23,709 [grpc-default-executor-2] INFO  impl.RaftServerImpl (RaftServerImpl.java:setRole(184)) - f69cf638-138d-4576-91da-2cd882e57eee@group-CAF408347A58: changes role from  FOLLOWER to FOLLOWER at term 46 for recognizeCandidate:46b9516a-dfd6-4e8f-8939-5a6242357177
2019-10-18 07:03:23,709 [grpc-default-executor-2] INFO  impl.RoleInfo (RoleInfo.java:shutdownFollowerState(121)) - f69cf638-138d-4576-91da-2cd882e57eee: shutdown FollowerState
2019-10-18 07:03:23,709 [grpc-default-executor-2] INFO  impl.RoleInfo (RoleInfo.java:updateAndGet(143)) - f69cf638-138d-4576-91da-2cd882e57eee: start FollowerState
2019-10-18 07:03:23,709 [Thread-888] INFO  impl.FollowerState (FollowerState.java:run(117)) - f69cf638-138d-4576-91da-2cd882e57eee@group-CAF408347A58-FollowerState was interrupted: java.lang.InterruptedException: sleep interrupted
2019-10-18 07:03:23,710 [grpc-default-executor-3] INFO  impl.RaftServerImpl (RaftServerImpl.java:setRole(184)) - 93f10d81-f4b6-4237-b2e6-6c2ccf8ca027@group-CAF408347A58: changes role from  FOLLOWER to FOLLOWER at term 46 for recognizeCandidate:46b9516a-dfd6-4e8f-8939-5a6242357177
2019-10-18 07:03:23,710 [grpc-default-executor-3] INFO  impl.RoleInfo (RoleInfo.java:shutdownFollowerState(121)) - 93f10d81-f4b6-4237-b2e6-6c2ccf8ca027: shutdown FollowerState
2019-10-18 07:03:23,710 [grpc-default-executor-3] INFO  impl.RoleInfo (RoleInfo.java:updateAndGet(143)) - 93f10d81-f4b6-4237-b2e6-6c2ccf8ca027: start FollowerState
2019-10-18 07:03:23,710 [Thread-889] INFO  impl.FollowerState (FollowerState.java:run(117)) - 93f10d81-f4b6-4237-b2e6-6c2ccf8ca027@group-CAF408347A58-FollowerState was interrupted: java.lang.InterruptedException: sleep interrupted
2019-10-18 07:03:23,724 [46b9516a-dfd6-4e8f-8939-5a6242357177@group-CAF408347A58-LeaderElection49] INFO  impl.LeaderElection (LeaderElection.java:logAndReturn(56)) - 46b9516a-dfd6-4e8f-8939-5a6242357177@group-CAF408347A58-LeaderElection49: Election REJECTED; received 2 response(s) [46b9516a-dfd6-4e8f-8939-5a6242357177<-f69cf638-138d-4576-91da-2cd882e57eee#0:FAIL-t46, 46b9516a-dfd6-4e8f-8939-5a6242357177<-93f10d81-f4b6-4237-b2e6-6c2ccf8ca027#0:FAIL-t46] and 0 exception(s); 46b9516a-dfd6-4e8f-8939-5a6242357177@group-CAF408347A58:t46, leader=null, voted=46b9516a-dfd6-4e8f-8939-5a6242357177, raftlog=46b9516a-dfd6-4e8f-8939-5a6242357177@group-CAF408347A58-SegmentedRaftLog:OPENED:c3,f4,i4, conf=0: [f69cf638-138d-4576-91da-2cd882e57eee:192.168.34.25:40171, 46b9516a-dfd6-4e8f-8939-5a6242357177:192.168.34.25:42762, 93f10d81-f4b6-4237-b2e6-6c2ccf8ca027:192.168.34.25:43753], old=null
2019-10-18 07:03:23,724 [46b9516a-dfd6-4e8f-8939-5a6242357177@group-CAF408347A58-LeaderElection49] INFO  impl.RaftServerImpl (RaftServerImpl.java:setRole(184)) - 46b9516a-dfd6-4e8f-8939-5a6242357177@group-CAF408347A58: changes role from CANDIDATE to FOLLOWER at term 46 for DISCOVERED_A_NEW_TERM
2019-10-18 07:03:23,725 [46b9516a-dfd6-4e8f-8939-5a6242357177@group-CAF408347A58-LeaderElection49] INFO  impl.RoleInfo (RoleInfo.java:shutdownLeaderElection(134)) - 46b9516a-dfd6-4e8f-8939-5a6242357177: shutdown LeaderElection
2019-10-18 07:03:23,725 [46b9516a-dfd6-4e8f-8939-5a6242357177@group-CAF408347A58-LeaderElection49] INFO  impl.RoleInfo (RoleInfo.java:updateAndGet(143)) - 46b9516a-dfd6-4e8f-8939-5a6242357177: start FollowerState
2019-10-18 07:03:23,754 [Thread-896] INFO  impl.FollowerState (FollowerState.java:run(108)) - 46b9516a-dfd6-4e8f-8939-5a6242357177@group-CAF408347A58-FollowerState: change to CANDIDATE, lastRpcTime:29ms, electionTimeout:29ms
2019-10-18 07:03:23,754 [Thread-896] INFO  impl.RoleInfo (RoleInfo.java:shutdownFollowerState(121)) - 46b9516a-dfd6-4e8f-8939-5a6242357177: shutdown FollowerState
2019-10-18 07:03:23,755 [Thread-896] INFO  impl.RaftServerImpl (RaftServerImpl.java:setRole(184)) - 46b9516a-dfd6-4e8f-8939-5a6242357177@group-CAF408347A58: changes role from  FOLLOWER to CANDIDATE at term 46 for changeToCandidate
2019-10-18 07:03:23,755 [Thread-896] INFO  impl.RoleInfo (RoleInfo.java:updateAndGet(143)) - 46b9516a-dfd6-4e8f-8939-5a6242357177: start LeaderElection
2019-10-18 07:03:23,782 [46b9516a-dfd6-4e8f-8939-5a6242357177@group-CAF408347A58-LeaderElection50] INFO  impl.LeaderElection (LeaderElection.java:askForVotes(178)) - 46b9516a-dfd6-4e8f-8939-5a6242357177@group-CAF408347A58-LeaderElection50: begin an election at term 47 for 0: [f69cf638-138d-4576-91da-2cd882e57eee:192.168.34.25:40171, 46b9516a-dfd6-4e8f-8939-5a6242357177:192.168.34.25:42762, 93f10d81-f4b6-4237-b2e6-6c2ccf8ca027:192.168.34.25:43753], old=null
2019-10-18 07:03:23,785 [grpc-default-executor-2] INFO  impl.RaftServerImpl (RaftServerImpl.java:setRole(184)) - 93f10d81-f4b6-4237-b2e6-6c2ccf8ca027@group-CAF408347A58: changes role from  FOLLOWER to FOLLOWER at term 47 for recognizeCandidate:46b9516a-dfd6-4e8f-8939-5a6242357177
2019-10-18 07:03:23,786 [grpc-default-executor-2] INFO  impl.RoleInfo (RoleInfo.java:shutdownFollowerState(121)) - 93f10d81-f4b6-4237-b2e6-6c2ccf8ca027: shutdown FollowerState
2019-10-18 07:03:23,786 [grpc-default-executor-2] INFO  impl.RoleInfo (RoleInfo.java:updateAndGet(143)) - 93f10d81-f4b6-4237-b2e6-6c2ccf8ca027: start FollowerState
2019-10-18 07:03:23,786 [Thread-895] INFO  impl.FollowerState (FollowerState.java:run(117)) - 93f10d81-f4b6-4237-b2e6-6c2ccf8ca027@group-CAF408347A58-FollowerState was interrupted: java.lang.InterruptedException: sleep interrupted
2019-10-18 07:03:23,786 [grpc-default-executor-3] INFO  impl.RaftServerImpl (RaftServerImpl.java:setRole(184)) - f69cf638-138d-4576-91da-2cd882e57eee@group-CAF408347A58: changes role from  FOLLOWER to FOLLOWER at term 47 for recognizeCandidate:46b9516a-dfd6-4e8f-8939-5a6242357177
2019-10-18 07:03:23,786 [grpc-default-executor-3] INFO  impl.RoleInfo (RoleInfo.java:shutdownFollowerState(121)) - f69cf638-138d-4576-91da-2cd882e57eee: shutdown FollowerState
2019-10-18 07:03:23,786 [grpc-default-executor-3] INFO  impl.RoleInfo (RoleInfo.java:updateAndGet(143)) - f69cf638-138d-4576-91da-2cd882e57eee: start FollowerState
2019-10-18 07:03:23,787 [Thread-894] INFO  impl.FollowerState (FollowerState.java:run(117)) - f69cf638-138d-4576-91da-2cd882e57eee@group-CAF408347A58-FollowerState was interrupted: java.lang.InterruptedException: sleep interrupted
2019-10-18 07:03:23,809 [46b9516a-dfd6-4e8f-8939-5a6242357177@group-CAF408347A58-LeaderElection50] INFO  impl.LeaderElection (LeaderElection.java:logAndReturn(56)) - 46b9516a-dfd6-4e8f-8939-5a6242357177@group-CAF408347A58-LeaderElection50: Election REJECTED; received 2 response(s) [46b9516a-dfd6-4e8f-8939-5a6242357177<-f69cf638-138d-4576-91da-2cd882e57eee#0:FAIL-t47, 46b9516a-dfd6-4e8f-8939-5a6242357177<-93f10d81-f4b6-4237-b2e6-6c2ccf8ca027#0:FAIL-t47] and 0 exception(s); 46b9516a-dfd6-4e8f-8939-5a6242357177@group-CAF408347A58:t47, leader=null, voted=46b9516a-dfd6-4e8f-8939-5a6242357177, raftlog=46b9516a-dfd6-4e8f-8939-5a6242357177@group-CAF408347A58-SegmentedRaftLog:OPENED:c3,f4,i4, conf=0: [f69cf638-138d-4576-91da-2cd882e57eee:192.168.34.25:40171, 46b9516a-dfd6-4e8f-8939-5a6242357177:192.168.34.25:42762, 93f10d81-f4b6-4237-b2e6-6c2ccf8ca027:192.168.34.25:43753], old=null
2019-10-18 07:03:23,810 [46b9516a-dfd6-4e8f-8939-5a6242357177@group-CAF408347A58-LeaderElection50] INFO  impl.RaftServerImpl (RaftServerImpl.java:setRole(184)) - 46b9516a-dfd6-4e8f-8939-5a6242357177@group-CAF408347A58: changes role from CANDIDATE to FOLLOWER at term 47 for DISCOVERED_A_NEW_TERM
2019-10-18 07:03:23,810 [46b9516a-dfd6-4e8f-8939-5a6242357177@group-CAF408347A58-LeaderElection50] INFO  impl.RoleInfo (RoleInfo.java:shutdownLeaderElection(134)) - 46b9516a-dfd6-4e8f-8939-5a6242357177: shutdown LeaderElection
2019-10-18 07:03:23,810 [46b9516a-dfd6-4e8f-8939-5a6242357177@group-CAF408347A58-LeaderElection50] INFO  impl.RoleInfo (RoleInfo.java:updateAndGet(143)) - 46b9516a-dfd6-4e8f-8939-5a6242357177: start FollowerState
2019-10-18 07:03:23,966 [Thread-902] INFO  impl.FollowerState (FollowerState.java:run(108)) - 46b9516a-dfd6-4e8f-8939-5a6242357177@group-CAF408347A58-FollowerState: change to CANDIDATE, lastRpcTime:155ms, electionTimeout:155ms
2019-10-18 07:03:23,966 [Thread-902] INFO  impl.RoleInfo (RoleInfo.java:shutdownFollowerState(121)) - 46b9516a-dfd6-4e8f-8939-5a6242357177: shutdown FollowerState
2019-10-18 07:03:23,966 [Thread-902] INFO  impl.RaftServerImpl (RaftServerImpl.java:setRole(184)) - 46b9516a-dfd6-4e8f-8939-5a6242357177@group-CAF408347A58: changes role from  FOLLOWER to CANDIDATE at term 47 for changeToCandidate
2019-10-18 07:03:23,966 [Thread-902] INFO  impl.RoleInfo (RoleInfo.java:updateAndGet(143)) - 46b9516a-dfd6-4e8f-8939-5a6242357177: start LeaderElection
2019-10-18 07:03:23,992 [46b9516a-dfd6-4e8f-8939-5a6242357177@group-CAF408347A58-LeaderElection51] INFO  impl.LeaderElection (LeaderElection.java:askForVotes(178)) - 46b9516a-dfd6-4e8f-8939-5a6242357177@group-CAF408347A58-LeaderElection51: begin an election at term 48 for 0: [f69cf638-138d-4576-91da-2cd882e57eee:192.168.34.25:40171, 46b9516a-dfd6-4e8f-8939-5a6242357177:192.168.34.25:42762, 93f10d81-f4b6-4237-b2e6-6c2ccf8ca027:192.168.34.25:43753], old=null
2019-10-18 07:03:23,994 [grpc-default-executor-2] INFO  impl.RaftServerImpl (RaftServerImpl.java:setRole(184)) - 93f10d81-f4b6-4237-b2e6-6c2ccf8ca027@group-CAF408347A58: changes role from  FOLLOWER to FOLLOWER at term 48 for recognizeCandidate:46b9516a-dfd6-4e8f-8939-5a6242357177
2019-10-18 07:03:23,994 [grpc-default-executor-3] INFO  impl.RaftServerImpl (RaftServerImpl.java:setRole(184)) - f69cf638-138d-4576-91da-2cd882e57eee@group-CAF408347A58: changes role from  FOLLOWER to FOLLOWER at term 48 for recognizeCandidate:46b9516a-dfd6-4e8f-8939-5a6242357177
2019-10-18 07:03:23,994 [grpc-default-executor-2] INFO  impl.RoleInfo (RoleInfo.java:shutdownFollowerState(121)) - 93f10d81-f4b6-4237-b2e6-6c2ccf8ca027: shutdown FollowerState
2019-10-18 07:03:23,994 [grpc-default-executor-3] INFO  impl.RoleInfo (RoleInfo.java:shutdownFollowerState(121)) - f69cf638-138d-4576-91da-2cd882e57eee: shutdown FollowerState
2019-10-18 07:03:23,995 [Thread-900] INFO  impl.FollowerState (FollowerState.java:run(117)) - 93f10d81-f4b6-4237-b2e6-6c2ccf8ca027@group-CAF408347A58-FollowerState was interrupted: java.lang.InterruptedException: sleep interrupted
2019-10-18 07:03:23,995 [grpc-default-executor-2] INFO  impl.RoleInfo (RoleInfo.java:updateAndGet(143)) - 93f10d81-f4b6-4237-b2e6-6c2ccf8ca027: start FollowerState
2019-10-18 07:03:23,995 [Thread-901] INFO  impl.FollowerState (FollowerState.java:run(117)) - f69cf638-138d-4576-91da-2cd882e57eee@group-CAF408347A58-FollowerState was interrupted: java.lang.InterruptedException: sleep interrupted
2019-10-18 07:03:23,995 [grpc-default-executor-3] INFO  impl.RoleInfo (RoleInfo.java:updateAndGet(143)) - f69cf638-138d-4576-91da-2cd882e57eee: start FollowerState
2019-10-18 07:03:24,019 [46b9516a-dfd6-4e8f-8939-5a6242357177@group-CAF408347A58-LeaderElection51] INFO  impl.LeaderElection (LeaderElection.java:logAndReturn(56)) - 46b9516a-dfd6-4e8f-8939-5a6242357177@group-CAF408347A58-LeaderElection51: Election REJECTED; received 2 response(s) [46b9516a-dfd6-4e8f-8939-5a6242357177<-f69cf638-138d-4576-91da-2cd882e57eee#0:FAIL-t48, 46b9516a-dfd6-4e8f-8939-5a6242357177<-93f10d81-f4b6-4237-b2e6-6c2ccf8ca027#0:FAIL-t48] and 0 exception(s); 46b9516a-dfd6-4e8f-8939-5a6242357177@group-CAF408347A58:t48, leader=null, voted=46b9516a-dfd6-4e8f-8939-5a6242357177, raftlog=46b9516a-dfd6-4e8f-8939-5a6242357177@group-CAF408347A58-SegmentedRaftLog:OPENED:c3,f4,i4, conf=0: [f69cf638-138d-4576-91da-2cd882e57eee:192.168.34.25:40171, 46b9516a-dfd6-4e8f-8939-5a6242357177:192.168.34.25:42762, 93f10d81-f4b6-4237-b2e6-6c2ccf8ca027:192.168.34.25:43753], old=null
2019-10-18 07:03:24,019 [46b9516a-dfd6-4e8f-8939-5a6242357177@group-CAF408347A58-LeaderElection51] INFO  impl.RaftServerImpl (RaftServerImpl.java:setRole(184)) - 46b9516a-dfd6-4e8f-8939-5a6242357177@group-CAF408347A58: changes role from CANDIDATE to FOLLOWER at term 48 for DISCOVERED_A_NEW_TERM
2019-10-18 07:03:24,019 [46b9516a-dfd6-4e8f-8939-5a6242357177@group-CAF408347A58-LeaderElection51] INFO  impl.RoleInfo (RoleInfo.java:shutdownLeaderElection(134)) - 46b9516a-dfd6-4e8f-8939-5a6242357177: shutdown LeaderElection
2019-10-18 07:03:24,019 [46b9516a-dfd6-4e8f-8939-5a6242357177@group-CAF408347A58-LeaderElection51] INFO  impl.RoleInfo (RoleInfo.java:updateAndGet(143)) - 46b9516a-dfd6-4e8f-8939-5a6242357177: start FollowerState
2019-10-18 07:03:24,081 [Thread-908] INFO  impl.FollowerState (FollowerState.java:run(108)) - 46b9516a-dfd6-4e8f-8939-5a6242357177@group-CAF408347A58-FollowerState: change to CANDIDATE, lastRpcTime:61ms, electionTimeout:61ms
2019-10-18 07:03:24,081 [Thread-908] INFO  impl.RoleInfo (RoleInfo.java:shutdownFollowerState(121)) - 46b9516a-dfd6-4e8f-8939-5a6242357177: shutdown FollowerState
2019-10-18 07:03:24,081 [Thread-908] INFO  impl.RaftServerImpl (RaftServerImpl.java:setRole(184)) - 46b9516a-dfd6-4e8f-8939-5a6242357177@group-CAF408347A58: changes role from  FOLLOWER to CANDIDATE at term 48 for changeToCandidate
2019-10-18 07:03:24,081 [Thread-908] INFO  impl.RoleInfo (RoleInfo.java:updateAndGet(143)) - 46b9516a-dfd6-4e8f-8939-5a6242357177: start LeaderElection
2019-10-18 07:03:24,105 [46b9516a-dfd6-4e8f-8939-5a6242357177@group-CAF408347A58-LeaderElection52] INFO  impl.LeaderElection (LeaderElection.java:askForVotes(178)) - 46b9516a-dfd6-4e8f-8939-5a6242357177@group-CAF408347A58-LeaderElection52: begin an election at term 49 for 0: [f69cf638-138d-4576-91da-2cd882e57eee:192.168.34.25:40171, 46b9516a-dfd6-4e8f-8939-5a6242357177:192.168.34.25:42762, 93f10d81-f4b6-4237-b2e6-6c2ccf8ca027:192.168.34.25:43753], old=null
2019-10-18 07:03:24,108 [grpc-default-executor-2] INFO  impl.RaftServerImpl (RaftServerImpl.java:setRole(184)) - 93f10d81-f4b6-4237-b2e6-6c2ccf8ca027@group-CAF408347A58: changes role from  FOLLOWER to FOLLOWER at term 49 for recognizeCandidate:46b9516a-dfd6-4e8f-8939-5a6242357177
2019-10-18 07:03:24,108 [grpc-default-executor-3] INFO  impl.RaftServerImpl (RaftServerImpl.java:setRole(184)) - f69cf638-138d-4576-91da-2cd882e57eee@group-CAF408347A58: changes role from  FOLLOWER to FOLLOWER at term 49 for recognizeCandidate:46b9516a-dfd6-4e8f-8939-5a6242357177
2019-10-18 07:03:24,108 [grpc-default-executor-2] INFO  impl.RoleInfo (RoleInfo.java:shutdownFollowerState(121)) - 93f10d81-f4b6-4237-b2e6-6c2ccf8ca027: shutdown FollowerState
2019-10-18 07:03:24,108 [grpc-default-executor-3] INFO  impl.RoleInfo (RoleInfo.java:shutdownFollowerState(121)) - f69cf638-138d-4576-91da-2cd882e57eee: shutdown FollowerState
2019-10-18 07:03:24,109 [grpc-default-executor-2] INFO  impl.RoleInfo (RoleInfo.java:updateAndGet(143)) - 93f10d81-f4b6-4237-b2e6-6c2ccf8ca027: start FollowerState
2019-10-18 07:03:24,109 [Thread-906] INFO  impl.FollowerState (FollowerState.java:run(117)) - 93f10d81-f4b6-4237-b2e6-6c2ccf8ca027@group-CAF408347A58-FollowerState was interrupted: java.lang.InterruptedException: sleep interrupted
2019-10-18 07:03:24,109 [grpc-default-executor-3] INFO  impl.RoleInfo (RoleInfo.java:updateAndGet(143)) - f69cf638-138d-4576-91da-2cd882e57eee: start FollowerState
2019-10-18 07:03:24,109 [Thread-907] INFO  impl.FollowerState (FollowerState.java:run(117)) - f69cf638-138d-4576-91da-2cd882e57eee@group-CAF408347A58-FollowerState was interrupted: java.lang.InterruptedException: sleep interrupted
2019-10-18 07:03:24,121 [BlockDeletingService#2] WARN  background.BlockDeletingService (BlockDeletingService.java:isDeletionAllowed(187)) - Close Container log Index 6 is not replicated across allthe servers in the pipeline fe68d6de-2f7f-4088-a26e-caf408347a58 as the min replicated index is 4. Deletion is not allowed in this container yet.
2019-10-18 07:03:24,122 [BlockDeletingService#2] WARN  background.BlockDeletingService (BlockDeletingService.java:isDeletionAllowed(187)) - Close Container log Index 6 is not replicated across allthe servers in the pipeline fe68d6de-2f7f-4088-a26e-caf408347a58 as the min replicated index is 4. Deletion is not allowed in this container yet.
2019-10-18 07:03:24,131 [46b9516a-dfd6-4e8f-8939-5a6242357177@group-CAF408347A58-LeaderElection52] INFO  impl.LeaderElection (LeaderElection.java:logAndReturn(56)) - 46b9516a-dfd6-4e8f-8939-5a6242357177@group-CAF408347A58-LeaderElection52: Election REJECTED; received 2 response(s) [46b9516a-dfd6-4e8f-8939-5a6242357177<-f69cf638-138d-4576-91da-2cd882e57eee#0:FAIL-t49, 46b9516a-dfd6-4e8f-8939-5a6242357177<-93f10d81-f4b6-4237-b2e6-6c2ccf8ca027#0:FAIL-t49] and 0 exception(s); 46b9516a-dfd6-4e8f-8939-5a6242357177@group-CAF408347A58:t49, leader=null, voted=46b9516a-dfd6-4e8f-8939-5a6242357177, raftlog=46b9516a-dfd6-4e8f-8939-5a6242357177@group-CAF408347A58-SegmentedRaftLog:OPENED:c3,f4,i4, conf=0: [f69cf638-138d-4576-91da-2cd882e57eee:192.168.34.25:40171, 46b9516a-dfd6-4e8f-8939-5a6242357177:192.168.34.25:42762, 93f10d81-f4b6-4237-b2e6-6c2ccf8ca027:192.168.34.25:43753], old=null
2019-10-18 07:03:24,131 [46b9516a-dfd6-4e8f-8939-5a6242357177@group-CAF408347A58-LeaderElection52] INFO  impl.RaftServerImpl (RaftServerImpl.java:setRole(184)) - 46b9516a-dfd6-4e8f-8939-5a6242357177@group-CAF408347A58: changes role from CANDIDATE to FOLLOWER at term 49 for DISCOVERED_A_NEW_TERM
2019-10-18 07:03:24,131 [46b9516a-dfd6-4e8f-8939-5a6242357177@group-CAF408347A58-LeaderElection52] INFO  impl.RoleInfo (RoleInfo.java:shutdownLeaderElection(134)) - 46b9516a-dfd6-4e8f-8939-5a6242357177: shutdown LeaderElection
2019-10-18 07:03:24,132 [46b9516a-dfd6-4e8f-8939-5a6242357177@group-CAF408347A58-LeaderElection52] INFO  impl.RoleInfo (RoleInfo.java:updateAndGet(143)) - 46b9516a-dfd6-4e8f-8939-5a6242357177: start FollowerState
2019-10-18 07:03:24,262 [Thread-916] INFO  impl.FollowerState (FollowerState.java:run(108)) - 46b9516a-dfd6-4e8f-8939-5a6242357177@group-CAF408347A58-FollowerState: change to CANDIDATE, lastRpcTime:130ms, electionTimeout:130ms
2019-10-18 07:03:24,262 [Thread-916] INFO  impl.RoleInfo (RoleInfo.java:shutdownFollowerState(121)) - 46b9516a-dfd6-4e8f-8939-5a6242357177: shutdown FollowerState
2019-10-18 07:03:24,262 [Thread-916] INFO  impl.RaftServerImpl (RaftServerImpl.java:setRole(184)) - 46b9516a-dfd6-4e8f-8939-5a6242357177@group-CAF408347A58: changes role from  FOLLOWER to CANDIDATE at term 49 for changeToCandidate
2019-10-18 07:03:24,262 [Thread-916] INFO  impl.RoleInfo (RoleInfo.java:updateAndGet(143)) - 46b9516a-dfd6-4e8f-8939-5a6242357177: start LeaderElection
2019-10-18 07:03:24,286 [46b9516a-dfd6-4e8f-8939-5a6242357177@group-CAF408347A58-LeaderElection53] INFO  impl.LeaderElection (LeaderElection.java:askForVotes(178)) - 46b9516a-dfd6-4e8f-8939-5a6242357177@group-CAF408347A58-LeaderElection53: begin an election at term 50 for 0: [f69cf638-138d-4576-91da-2cd882e57eee:192.168.34.25:40171, 46b9516a-dfd6-4e8f-8939-5a6242357177:192.168.34.25:42762, 93f10d81-f4b6-4237-b2e6-6c2ccf8ca027:192.168.34.25:43753], old=null
2019-10-18 07:03:24,289 [grpc-default-executor-2] INFO  impl.RaftServerImpl (RaftServerImpl.java:setRole(184)) - f69cf638-138d-4576-91da-2cd882e57eee@group-CAF408347A58: changes role from  FOLLOWER to FOLLOWER at term 50 for recognizeCandidate:46b9516a-dfd6-4e8f-8939-5a6242357177
2019-10-18 07:03:24,290 [grpc-default-executor-2] INFO  impl.RoleInfo (RoleInfo.java:shutdownFollowerState(121)) - f69cf638-138d-4576-91da-2cd882e57eee: shutdown FollowerState
2019-10-18 07:03:24,290 [grpc-default-executor-2] INFO  impl.RoleInfo (RoleInfo.java:updateAndGet(143)) - f69cf638-138d-4576-91da-2cd882e57eee: start FollowerState
2019-10-18 07:03:24,290 [Thread-913] INFO  impl.FollowerState (FollowerState.java:run(117)) - f69cf638-138d-4576-91da-2cd882e57eee@group-CAF408347A58-FollowerState was interrupted: java.lang.InterruptedException: sleep interrupted
2019-10-18 07:03:24,291 [grpc-default-executor-3] INFO  impl.RaftServerImpl (RaftServerImpl.java:setRole(184)) - 93f10d81-f4b6-4237-b2e6-6c2ccf8ca027@group-CAF408347A58: changes role from  FOLLOWER to FOLLOWER at term 50 for recognizeCandidate:46b9516a-dfd6-4e8f-8939-5a6242357177
2019-10-18 07:03:24,291 [grpc-default-executor-3] INFO  impl.RoleInfo (RoleInfo.java:shutdownFollowerState(121)) - 93f10d81-f4b6-4237-b2e6-6c2ccf8ca027: shutdown FollowerState
2019-10-18 07:03:24,291 [grpc-default-executor-3] INFO  impl.RoleInfo (RoleInfo.java:updateAndGet(143)) - 93f10d81-f4b6-4237-b2e6-6c2ccf8ca027: start FollowerState
2019-10-18 07:03:24,292 [Thread-912] INFO  impl.FollowerState (FollowerState.java:run(117)) - 93f10d81-f4b6-4237-b2e6-6c2ccf8ca027@group-CAF408347A58-FollowerState was interrupted: java.lang.InterruptedException: sleep interrupted
2019-10-18 07:03:24,305 [46b9516a-dfd6-4e8f-8939-5a6242357177@group-CAF408347A58-LeaderElection53] INFO  impl.LeaderElection (LeaderElection.java:logAndReturn(56)) - 46b9516a-dfd6-4e8f-8939-5a6242357177@group-CAF408347A58-LeaderElection53: Election TIMEOUT; received 0 response(s) [] and 0 exception(s); 46b9516a-dfd6-4e8f-8939-5a6242357177@group-CAF408347A58:t50, leader=null, voted=46b9516a-dfd6-4e8f-8939-5a6242357177, raftlog=46b9516a-dfd6-4e8f-8939-5a6242357177@group-CAF408347A58-SegmentedRaftLog:OPENED:c3,f4,i4, conf=0: [f69cf638-138d-4576-91da-2cd882e57eee:192.168.34.25:40171, 46b9516a-dfd6-4e8f-8939-5a6242357177:192.168.34.25:42762, 93f10d81-f4b6-4237-b2e6-6c2ccf8ca027:192.168.34.25:43753], old=null
2019-10-18 07:03:24,349 [46b9516a-dfd6-4e8f-8939-5a6242357177@group-CAF408347A58-LeaderElection53] INFO  impl.LeaderElection (LeaderElection.java:askForVotes(178)) - 46b9516a-dfd6-4e8f-8939-5a6242357177@group-CAF408347A58-LeaderElection53: begin an election at term 51 for 0: [f69cf638-138d-4576-91da-2cd882e57eee:192.168.34.25:40171, 46b9516a-dfd6-4e8f-8939-5a6242357177:192.168.34.25:42762, 93f10d81-f4b6-4237-b2e6-6c2ccf8ca027:192.168.34.25:43753], old=null
2019-10-18 07:03:24,351 [grpc-default-executor-3] INFO  impl.RaftServerImpl (RaftServerImpl.java:setRole(184)) - f69cf638-138d-4576-91da-2cd882e57eee@group-CAF408347A58: changes role from  FOLLOWER to FOLLOWER at term 51 for recognizeCandidate:46b9516a-dfd6-4e8f-8939-5a6242357177
2019-10-18 07:03:24,351 [grpc-default-executor-3] INFO  impl.RoleInfo (RoleInfo.java:shutdownFollowerState(121)) - f69cf638-138d-4576-91da-2cd882e57eee: shutdown FollowerState
2019-10-18 07:03:24,352 [grpc-default-executor-3] INFO  impl.RoleInfo (RoleInfo.java:updateAndGet(143)) - f69cf638-138d-4576-91da-2cd882e57eee: start FollowerState
2019-10-18 07:03:24,352 [Thread-921] INFO  impl.FollowerState (FollowerState.java:run(117)) - f69cf638-138d-4576-91da-2cd882e57eee@group-CAF408347A58-FollowerState was interrupted: java.lang.InterruptedException: sleep interrupted
2019-10-18 07:03:24,352 [grpc-default-executor-0] INFO  impl.RaftServerImpl (RaftServerImpl.java:setRole(184)) - 93f10d81-f4b6-4237-b2e6-6c2ccf8ca027@group-CAF408347A58: changes role from  FOLLOWER to FOLLOWER at term 51 for recognizeCandidate:46b9516a-dfd6-4e8f-8939-5a6242357177
2019-10-18 07:03:24,352 [grpc-default-executor-0] INFO  impl.RoleInfo (RoleInfo.java:shutdownFollowerState(121)) - 93f10d81-f4b6-4237-b2e6-6c2ccf8ca027: shutdown FollowerState
2019-10-18 07:03:24,352 [grpc-default-executor-0] INFO  impl.RoleInfo (RoleInfo.java:updateAndGet(143)) - 93f10d81-f4b6-4237-b2e6-6c2ccf8ca027: start FollowerState
2019-10-18 07:03:24,352 [Thread-922] INFO  impl.FollowerState (FollowerState.java:run(117)) - 93f10d81-f4b6-4237-b2e6-6c2ccf8ca027@group-CAF408347A58-FollowerState was interrupted: java.lang.InterruptedException: sleep interrupted
2019-10-18 07:03:24,353 [Thread-930] INFO  client.GrpcClientProtocolService (GrpcClientProtocolService.java:lambda$processClientRequest$0(278)) - Failed RaftClientRequest:client-79AC2A5FBE9C->93f10d81-f4b6-4237-b2e6-6c2ccf8ca027@group-CAF408347A58, cid=10, seq=0, Watch-ALL_COMMITTED(6), Message:<EMPTY>, reply=RaftClientReply:client-79AC2A5FBE9C->93f10d81-f4b6-4237-b2e6-6c2ccf8ca027@group-CAF408347A58, cid=10, FAILED org.apache.ratis.protocol.NotLeaderException: Server 93f10d81-f4b6-4237-b2e6-6c2ccf8ca027@group-CAF408347A58 is not the leader, logIndex=0, commits[93f10d81-f4b6-4237-b2e6-6c2ccf8ca027:c10, f69cf638-138d-4576-91da-2cd882e57eee:c10, 46b9516a-dfd6-4e8f-8939-5a6242357177:c4]
2019-10-18 07:03:24,382 [46b9516a-dfd6-4e8f-8939-5a6242357177@group-CAF408347A58-LeaderElection53] INFO  impl.LeaderElection (LeaderElection.java:logAndReturn(56)) - 46b9516a-dfd6-4e8f-8939-5a6242357177@group-CAF408347A58-LeaderElection53: Election REJECTED; received 2 response(s) [46b9516a-dfd6-4e8f-8939-5a6242357177<-f69cf638-138d-4576-91da-2cd882e57eee#0:FAIL-t51, 46b9516a-dfd6-4e8f-8939-5a6242357177<-93f10d81-f4b6-4237-b2e6-6c2ccf8ca027#0:FAIL-t51] and 0 exception(s); 46b9516a-dfd6-4e8f-8939-5a6242357177@group-CAF408347A58:t51, leader=null, voted=46b9516a-dfd6-4e8f-8939-5a6242357177, raftlog=46b9516a-dfd6-4e8f-8939-5a6242357177@group-CAF408347A58-SegmentedRaftLog:OPENED:c3,f4,i4, conf=0: [f69cf638-138d-4576-91da-2cd882e57eee:192.168.34.25:40171, 46b9516a-dfd6-4e8f-8939-5a6242357177:192.168.34.25:42762, 93f10d81-f4b6-4237-b2e6-6c2ccf8ca027:192.168.34.25:43753], old=null
2019-10-18 07:03:24,382 [46b9516a-dfd6-4e8f-8939-5a6242357177@group-CAF408347A58-LeaderElection53] INFO  impl.RaftServerImpl (RaftServerImpl.java:setRole(184)) - 46b9516a-dfd6-4e8f-8939-5a6242357177@group-CAF408347A58: changes role from CANDIDATE to FOLLOWER at term 51 for DISCOVERED_A_NEW_TERM
2019-10-18 07:03:24,383 [46b9516a-dfd6-4e8f-8939-5a6242357177@group-CAF408347A58-LeaderElection53] INFO  impl.RoleInfo (RoleInfo.java:shutdownLeaderElection(134)) - 46b9516a-dfd6-4e8f-8939-5a6242357177: shutdown LeaderElection
2019-10-18 07:03:24,383 [46b9516a-dfd6-4e8f-8939-5a6242357177@group-CAF408347A58-LeaderElection53] INFO  impl.RoleInfo (RoleInfo.java:updateAndGet(143)) - 46b9516a-dfd6-4e8f-8939-5a6242357177: start FollowerState
2019-10-18 07:03:24,383 [Command processor thread] INFO  commandhandler.DeleteBlocksCommandHandler (DeleteBlocksCommandHandler.java:handle(106)) - Start to delete container blocks, TXIDs=[1(38)], numOfContainers=1, numOfBlocks=1
2019-10-18 07:03:24,529 [Thread-932] INFO  impl.FollowerState (FollowerState.java:run(108)) - 46b9516a-dfd6-4e8f-8939-5a6242357177@group-CAF408347A58-FollowerState: change to CANDIDATE, lastRpcTime:146ms, electionTimeout:146ms
2019-10-18 07:03:24,529 [Thread-932] INFO  impl.RoleInfo (RoleInfo.java:shutdownFollowerState(121)) - 46b9516a-dfd6-4e8f-8939-5a6242357177: shutdown FollowerState
2019-10-18 07:03:24,530 [Thread-932] INFO  impl.RaftServerImpl (RaftServerImpl.java:setRole(184)) - 46b9516a-dfd6-4e8f-8939-5a6242357177@group-CAF408347A58: changes role from  FOLLOWER to CANDIDATE at term 51 for changeToCandidate
2019-10-18 07:03:24,530 [Thread-932] INFO  impl.RoleInfo (RoleInfo.java:updateAndGet(143)) - 46b9516a-dfd6-4e8f-8939-5a6242357177: start LeaderElection
2019-10-18 07:03:24,558 [46b9516a-dfd6-4e8f-8939-5a6242357177@group-CAF408347A58-LeaderElection54] INFO  impl.LeaderElection (LeaderElection.java:askForVotes(178)) - 46b9516a-dfd6-4e8f-8939-5a6242357177@group-CAF408347A58-LeaderElection54: begin an election at term 52 for 0: [f69cf638-138d-4576-91da-2cd882e57eee:192.168.34.25:40171, 46b9516a-dfd6-4e8f-8939-5a6242357177:192.168.34.25:42762, 93f10d81-f4b6-4237-b2e6-6c2ccf8ca027:192.168.34.25:43753], old=null
2019-10-18 07:03:24,562 [grpc-default-executor-3] INFO  impl.RaftServerImpl (RaftServerImpl.java:setRole(184)) - 93f10d81-f4b6-4237-b2e6-6c2ccf8ca027@group-CAF408347A58: changes role from  FOLLOWER to FOLLOWER at term 52 for recognizeCandidate:46b9516a-dfd6-4e8f-8939-5a6242357177
2019-10-18 07:03:24,562 [grpc-default-executor-0] INFO  impl.RaftServerImpl (RaftServerImpl.java:setRole(184)) - f69cf638-138d-4576-91da-2cd882e57eee@group-CAF408347A58: changes role from  FOLLOWER to FOLLOWER at term 52 for recognizeCandidate:46b9516a-dfd6-4e8f-8939-5a6242357177
2019-10-18 07:03:24,562 [grpc-default-executor-3] INFO  impl.RoleInfo (RoleInfo.java:shutdownFollowerState(121)) - 93f10d81-f4b6-4237-b2e6-6c2ccf8ca027: shutdown FollowerState
2019-10-18 07:03:24,562 [grpc-default-executor-0] INFO  impl.RoleInfo (RoleInfo.java:shutdownFollowerState(121)) - f69cf638-138d-4576-91da-2cd882e57eee: shutdown FollowerState
2019-10-18 07:03:24,563 [grpc-default-executor-3] INFO  impl.RoleInfo (RoleInfo.java:updateAndGet(143)) - 93f10d81-f4b6-4237-b2e6-6c2ccf8ca027: start FollowerState
2019-10-18 07:03:24,563 [Thread-929] INFO  impl.FollowerState (FollowerState.java:run(117)) - 93f10d81-f4b6-4237-b2e6-6c2ccf8ca027@group-CAF408347A58-FollowerState was interrupted: java.lang.InterruptedException: sleep interrupted
2019-10-18 07:03:24,563 [Thread-928] INFO  impl.FollowerState (FollowerState.java:run(117)) - f69cf638-138d-4576-91da-2cd882e57eee@group-CAF408347A58-FollowerState was interrupted: java.lang.InterruptedException: sleep interrupted
2019-10-18 07:03:24,563 [grpc-default-executor-0] INFO  impl.RoleInfo (RoleInfo.java:updateAndGet(143)) - f69cf638-138d-4576-91da-2cd882e57eee: start FollowerState
2019-10-18 07:03:24,584 [EventQueue-DeleteBlockStatusForDeletedBlockLogImpl] WARN  block.DeletedBlockLogImpl (DeletedBlockLogImpl.java:commitTransactions(205)) - Transaction txId=1 commit by dnId=46b9516a-dfd6-4e8f-8939-5a6242357177 for containerID=#1 failed. Corresponding entry not found.
2019-10-18 07:03:24,584 [EventQueue-DeleteBlockStatusForEventWatcher$$Lambda$30/637241618] WARN  events.EventWatcher (EventWatcher.java:lambda$start$0(110)) - Completion event without active lease. Id=1571382194281
2019-10-18 07:03:24,593 [46b9516a-dfd6-4e8f-8939-5a6242357177@group-CAF408347A58-LeaderElection54] INFO  impl.LeaderElection (LeaderElection.java:logAndReturn(56)) - 46b9516a-dfd6-4e8f-8939-5a6242357177@group-CAF408347A58-LeaderElection54: Election REJECTED; received 2 response(s) [46b9516a-dfd6-4e8f-8939-5a6242357177<-f69cf638-138d-4576-91da-2cd882e57eee#0:FAIL-t52, 46b9516a-dfd6-4e8f-8939-5a6242357177<-93f10d81-f4b6-4237-b2e6-6c2ccf8ca027#0:FAIL-t52] and 0 exception(s); 46b9516a-dfd6-4e8f-8939-5a6242357177@group-CAF408347A58:t52, leader=null, voted=46b9516a-dfd6-4e8f-8939-5a6242357177, raftlog=46b9516a-dfd6-4e8f-8939-5a6242357177@group-CAF408347A58-SegmentedRaftLog:OPENED:c3,f4,i4, conf=0: [f69cf638-138d-4576-91da-2cd882e57eee:192.168.34.25:40171, 46b9516a-dfd6-4e8f-8939-5a6242357177:192.168.34.25:42762, 93f10d81-f4b6-4237-b2e6-6c2ccf8ca027:192.168.34.25:43753], old=null
2019-10-18 07:03:24,593 [46b9516a-dfd6-4e8f-8939-5a6242357177@group-CAF408347A58-LeaderElection54] INFO  impl.RaftServerImpl (RaftServerImpl.java:setRole(184)) - 46b9516a-dfd6-4e8f-8939-5a6242357177@group-CAF408347A58: changes role from CANDIDATE to FOLLOWER at term 52 for DISCOVERED_A_NEW_TERM
2019-10-18 07:03:24,593 [46b9516a-dfd6-4e8f-8939-5a6242357177@group-CAF408347A58-LeaderElection54] INFO  impl.RoleInfo (RoleInfo.java:shutdownLeaderElection(134)) - 46b9516a-dfd6-4e8f-8939-5a6242357177: shutdown LeaderElection
2019-10-18 07:03:24,593 [46b9516a-dfd6-4e8f-8939-5a6242357177@group-CAF408347A58-LeaderElection54] INFO  impl.RoleInfo (RoleInfo.java:updateAndGet(143)) - 46b9516a-dfd6-4e8f-8939-5a6242357177: start FollowerState
2019-10-18 07:03:24,770 [Thread-938] INFO  impl.FollowerState (FollowerState.java:run(108)) - 46b9516a-dfd6-4e8f-8939-5a6242357177@group-CAF408347A58-FollowerState: change to CANDIDATE, lastRpcTime:176ms, electionTimeout:176ms
2019-10-18 07:03:24,770 [Thread-938] INFO  impl.RoleInfo (RoleInfo.java:shutdownFollowerState(121)) - 46b9516a-dfd6-4e8f-8939-5a6242357177: shutdown FollowerState
2019-10-18 07:03:24,770 [Thread-938] INFO  impl.RaftServerImpl (RaftServerImpl.java:setRole(184)) - 46b9516a-dfd6-4e8f-8939-5a6242357177@group-CAF408347A58: changes role from  FOLLOWER to CANDIDATE at term 52 for changeToCandidate
2019-10-18 07:03:24,771 [Thread-938] INFO  impl.RoleInfo (RoleInfo.java:updateAndGet(143)) - 46b9516a-dfd6-4e8f-8939-5a6242357177: start LeaderElection
2019-10-18 07:03:24,792 [46b9516a-dfd6-4e8f-8939-5a6242357177@group-CAF408347A58-LeaderElection55] INFO  impl.LeaderElection (LeaderElection.java:askForVotes(178)) - 46b9516a-dfd6-4e8f-8939-5a6242357177@group-CAF408347A58-LeaderElection55: begin an election at term 53 for 0: [f69cf638-138d-4576-91da-2cd882e57eee:192.168.34.25:40171, 46b9516a-dfd6-4e8f-8939-5a6242357177:192.168.34.25:42762, 93f10d81-f4b6-4237-b2e6-6c2ccf8ca027:192.168.34.25:43753], old=null
2019-10-18 07:03:24,796 [grpc-default-executor-0] INFO  impl.RaftServerImpl (RaftServerImpl.java:setRole(184)) - f69cf638-138d-4576-91da-2cd882e57eee@group-CAF408347A58: changes role from  FOLLOWER to FOLLOWER at term 53 for recognizeCandidate:46b9516a-dfd6-4e8f-8939-5a6242357177
2019-10-18 07:03:24,796 [grpc-default-executor-3] INFO  impl.RaftServerImpl (RaftServerImpl.java:setRole(184)) - 93f10d81-f4b6-4237-b2e6-6c2ccf8ca027@group-CAF408347A58: changes role from  FOLLOWER to FOLLOWER at term 53 for recognizeCandidate:46b9516a-dfd6-4e8f-8939-5a6242357177
2019-10-18 07:03:24,796 [grpc-default-executor-0] INFO  impl.RoleInfo (RoleInfo.java:shutdownFollowerState(121)) - f69cf638-138d-4576-91da-2cd882e57eee: shutdown FollowerState
2019-10-18 07:03:24,796 [grpc-default-executor-3] INFO  impl.RoleInfo (RoleInfo.java:shutdownFollowerState(121)) - 93f10d81-f4b6-4237-b2e6-6c2ccf8ca027: shutdown FollowerState
2019-10-18 07:03:24,796 [Thread-937] INFO  impl.FollowerState (FollowerState.java:run(117)) - f69cf638-138d-4576-91da-2cd882e57eee@group-CAF408347A58-FollowerState was interrupted: java.lang.InterruptedException: sleep interrupted
2019-10-18 07:03:24,796 [grpc-default-executor-0] INFO  impl.RoleInfo (RoleInfo.java:updateAndGet(143)) - f69cf638-138d-4576-91da-2cd882e57eee: start FollowerState
2019-10-18 07:03:24,797 [grpc-default-executor-3] INFO  impl.RoleInfo (RoleInfo.java:updateAndGet(143)) - 93f10d81-f4b6-4237-b2e6-6c2ccf8ca027: start FollowerState
2019-10-18 07:03:24,797 [Thread-936] INFO  impl.FollowerState (FollowerState.java:run(117)) - 93f10d81-f4b6-4237-b2e6-6c2ccf8ca027@group-CAF408347A58-FollowerState was interrupted: java.lang.InterruptedException: sleep interrupted
2019-10-18 07:03:24,823 [46b9516a-dfd6-4e8f-8939-5a6242357177@group-CAF408347A58-LeaderElection55] INFO  impl.LeaderElection (LeaderElection.java:logAndReturn(56)) - 46b9516a-dfd6-4e8f-8939-5a6242357177@group-CAF408347A58-LeaderElection55: Election REJECTED; received 2 response(s) [46b9516a-dfd6-4e8f-8939-5a6242357177<-f69cf638-138d-4576-91da-2cd882e57eee#0:FAIL-t53, 46b9516a-dfd6-4e8f-8939-5a6242357177<-93f10d81-f4b6-4237-b2e6-6c2ccf8ca027#0:FAIL-t53] and 0 exception(s); 46b9516a-dfd6-4e8f-8939-5a6242357177@group-CAF408347A58:t53, leader=null, voted=46b9516a-dfd6-4e8f-8939-5a6242357177, raftlog=46b9516a-dfd6-4e8f-8939-5a6242357177@group-CAF408347A58-SegmentedRaftLog:OPENED:c3,f4,i4, conf=0: [f69cf638-138d-4576-91da-2cd882e57eee:192.168.34.25:40171, 46b9516a-dfd6-4e8f-8939-5a6242357177:192.168.34.25:42762, 93f10d81-f4b6-4237-b2e6-6c2ccf8ca027:192.168.34.25:43753], old=null
2019-10-18 07:03:24,823 [46b9516a-dfd6-4e8f-8939-5a6242357177@group-CAF408347A58-LeaderElection55] INFO  impl.RaftServerImpl (RaftServerImpl.java:setRole(184)) - 46b9516a-dfd6-4e8f-8939-5a6242357177@group-CAF408347A58: changes role from CANDIDATE to FOLLOWER at term 53 for DISCOVERED_A_NEW_TERM
2019-10-18 07:03:24,824 [46b9516a-dfd6-4e8f-8939-5a6242357177@group-CAF408347A58-LeaderElection55] INFO  impl.RoleInfo (RoleInfo.java:shutdownLeaderElection(134)) - 46b9516a-dfd6-4e8f-8939-5a6242357177: shutdown LeaderElection
2019-10-18 07:03:24,824 [46b9516a-dfd6-4e8f-8939-5a6242357177@group-CAF408347A58-LeaderElection55] INFO  impl.RoleInfo (RoleInfo.java:updateAndGet(143)) - 46b9516a-dfd6-4e8f-8939-5a6242357177: start FollowerState
2019-10-18 07:03:24,829 [Thread-944] INFO  impl.FollowerState (FollowerState.java:run(108)) - 46b9516a-dfd6-4e8f-8939-5a6242357177@group-CAF408347A58-FollowerState: change to CANDIDATE, lastRpcTime:5ms, electionTimeout:5ms
2019-10-18 07:03:24,829 [Thread-944] INFO  impl.RoleInfo (RoleInfo.java:shutdownFollowerState(121)) - 46b9516a-dfd6-4e8f-8939-5a6242357177: shutdown FollowerState
2019-10-18 07:03:24,829 [Thread-944] INFO  impl.RaftServerImpl (RaftServerImpl.java:setRole(184)) - 46b9516a-dfd6-4e8f-8939-5a6242357177@group-CAF408347A58: changes role from  FOLLOWER to CANDIDATE at term 53 for changeToCandidate
2019-10-18 07:03:24,830 [Thread-944] INFO  impl.RoleInfo (RoleInfo.java:updateAndGet(143)) - 46b9516a-dfd6-4e8f-8939-5a6242357177: start LeaderElection
2019-10-18 07:03:24,852 [46b9516a-dfd6-4e8f-8939-5a6242357177@group-CAF408347A58-LeaderElection56] INFO  impl.LeaderElection (LeaderElection.java:askForVotes(178)) - 46b9516a-dfd6-4e8f-8939-5a6242357177@group-CAF408347A58-LeaderElection56: begin an election at term 54 for 0: [f69cf638-138d-4576-91da-2cd882e57eee:192.168.34.25:40171, 46b9516a-dfd6-4e8f-8939-5a6242357177:192.168.34.25:42762, 93f10d81-f4b6-4237-b2e6-6c2ccf8ca027:192.168.34.25:43753], old=null
2019-10-18 07:03:24,855 [grpc-default-executor-0] INFO  impl.RaftServerImpl (RaftServerImpl.java:setRole(184)) - 93f10d81-f4b6-4237-b2e6-6c2ccf8ca027@group-CAF408347A58: changes role from  FOLLOWER to FOLLOWER at term 54 for recognizeCandidate:46b9516a-dfd6-4e8f-8939-5a6242357177
2019-10-18 07:03:24,855 [grpc-default-executor-0] INFO  impl.RoleInfo (RoleInfo.java:shutdownFollowerState(121)) - 93f10d81-f4b6-4237-b2e6-6c2ccf8ca027: shutdown FollowerState
2019-10-18 07:03:24,855 [grpc-default-executor-3] INFO  impl.RaftServerImpl (RaftServerImpl.java:setRole(184)) - f69cf638-138d-4576-91da-2cd882e57eee@group-CAF408347A58: changes role from  FOLLOWER to FOLLOWER at term 54 for recognizeCandidate:46b9516a-dfd6-4e8f-8939-5a6242357177
2019-10-18 07:03:24,855 [grpc-default-executor-0] INFO  impl.RoleInfo (RoleInfo.java:updateAndGet(143)) - 93f10d81-f4b6-4237-b2e6-6c2ccf8ca027: start FollowerState
2019-10-18 07:03:24,855 [Thread-943] INFO  impl.FollowerState (FollowerState.java:run(117)) - 93f10d81-f4b6-4237-b2e6-6c2ccf8ca027@group-CAF408347A58-FollowerState was interrupted: java.lang.InterruptedException: sleep interrupted
2019-10-18 07:03:24,855 [grpc-default-executor-3] INFO  impl.RoleInfo (RoleInfo.java:shutdownFollowerState(121)) - f69cf638-138d-4576-91da-2cd882e57eee: shutdown FollowerState
2019-10-18 07:03:24,856 [grpc-default-executor-3] INFO  impl.RoleInfo (RoleInfo.java:updateAndGet(143)) - f69cf638-138d-4576-91da-2cd882e57eee: start FollowerState
2019-10-18 07:03:24,856 [Thread-942] INFO  impl.FollowerState (FollowerState.java:run(117)) - f69cf638-138d-4576-91da-2cd882e57eee@group-CAF408347A58-FollowerState was interrupted: java.lang.InterruptedException: sleep interrupted
2019-10-18 07:03:24,858 [46b9516a-dfd6-4e8f-8939-5a6242357177@group-CAF408347A58-LeaderElection56] INFO  impl.LeaderElection (LeaderElection.java:logAndReturn(56)) - 46b9516a-dfd6-4e8f-8939-5a6242357177@group-CAF408347A58-LeaderElection56: Election TIMEOUT; received 0 response(s) [] and 0 exception(s); 46b9516a-dfd6-4e8f-8939-5a6242357177@group-CAF408347A58:t54, leader=null, voted=46b9516a-dfd6-4e8f-8939-5a6242357177, raftlog=46b9516a-dfd6-4e8f-8939-5a6242357177@group-CAF408347A58-SegmentedRaftLog:OPENED:c3,f4,i4, conf=0: [f69cf638-138d-4576-91da-2cd882e57eee:192.168.34.25:40171, 46b9516a-dfd6-4e8f-8939-5a6242357177:192.168.34.25:42762, 93f10d81-f4b6-4237-b2e6-6c2ccf8ca027:192.168.34.25:43753], old=null
2019-10-18 07:03:24,877 [46b9516a-dfd6-4e8f-8939-5a6242357177@group-CAF408347A58-LeaderElection56] INFO  impl.LeaderElection (LeaderElection.java:askForVotes(178)) - 46b9516a-dfd6-4e8f-8939-5a6242357177@group-CAF408347A58-LeaderElection56: begin an election at term 55 for 0: [f69cf638-138d-4576-91da-2cd882e57eee:192.168.34.25:40171, 46b9516a-dfd6-4e8f-8939-5a6242357177:192.168.34.25:42762, 93f10d81-f4b6-4237-b2e6-6c2ccf8ca027:192.168.34.25:43753], old=null
2019-10-18 07:03:24,879 [grpc-default-executor-0] INFO  impl.RaftServerImpl (RaftServerImpl.java:setRole(184)) - f69cf638-138d-4576-91da-2cd882e57eee@group-CAF408347A58: changes role from  FOLLOWER to FOLLOWER at term 55 for recognizeCandidate:46b9516a-dfd6-4e8f-8939-5a6242357177
2019-10-18 07:03:24,879 [grpc-default-executor-0] INFO  impl.RoleInfo (RoleInfo.java:shutdownFollowerState(121)) - f69cf638-138d-4576-91da-2cd882e57eee: shutdown FollowerState
2019-10-18 07:03:24,879 [grpc-default-executor-0] INFO  impl.RoleInfo (RoleInfo.java:updateAndGet(143)) - f69cf638-138d-4576-91da-2cd882e57eee: start FollowerState
2019-10-18 07:03:24,880 [Thread-949] INFO  impl.FollowerState (FollowerState.java:run(117)) - f69cf638-138d-4576-91da-2cd882e57eee@group-CAF408347A58-FollowerState was interrupted: java.lang.InterruptedException: sleep interrupted
2019-10-18 07:03:24,880 [grpc-default-executor-3] INFO  impl.RaftServerImpl (RaftServerImpl.java:setRole(184)) - 93f10d81-f4b6-4237-b2e6-6c2ccf8ca027@group-CAF408347A58: changes role from  FOLLOWER to FOLLOWER at term 55 for recognizeCandidate:46b9516a-dfd6-4e8f-8939-5a6242357177
2019-10-18 07:03:24,880 [grpc-default-executor-3] INFO  impl.RoleInfo (RoleInfo.java:shutdownFollowerState(121)) - 93f10d81-f4b6-4237-b2e6-6c2ccf8ca027: shutdown FollowerState
2019-10-18 07:03:24,880 [grpc-default-executor-3] INFO  impl.RoleInfo (RoleInfo.java:updateAndGet(143)) - 93f10d81-f4b6-4237-b2e6-6c2ccf8ca027: start FollowerState
2019-10-18 07:03:24,880 [Thread-948] INFO  impl.FollowerState (FollowerState.java:run(117)) - 93f10d81-f4b6-4237-b2e6-6c2ccf8ca027@group-CAF408347A58-FollowerState was interrupted: java.lang.InterruptedException: sleep interrupted
2019-10-18 07:03:24,904 [46b9516a-dfd6-4e8f-8939-5a6242357177@group-CAF408347A58-LeaderElection56] INFO  impl.LeaderElection (LeaderElection.java:logAndReturn(56)) - 46b9516a-dfd6-4e8f-8939-5a6242357177@group-CAF408347A58-LeaderElection56: Election REJECTED; received 2 response(s) [46b9516a-dfd6-4e8f-8939-5a6242357177<-f69cf638-138d-4576-91da-2cd882e57eee#0:FAIL-t55, 46b9516a-dfd6-4e8f-8939-5a6242357177<-93f10d81-f4b6-4237-b2e6-6c2ccf8ca027#0:FAIL-t55] and 0 exception(s); 46b9516a-dfd6-4e8f-8939-5a6242357177@group-CAF408347A58:t55, leader=null, voted=46b9516a-dfd6-4e8f-8939-5a6242357177, raftlog=46b9516a-dfd6-4e8f-8939-5a6242357177@group-CAF408347A58-SegmentedRaftLog:OPENED:c3,f4,i4, conf=0: [f69cf638-138d-4576-91da-2cd882e57eee:192.168.34.25:40171, 46b9516a-dfd6-4e8f-8939-5a6242357177:192.168.34.25:42762, 93f10d81-f4b6-4237-b2e6-6c2ccf8ca027:192.168.34.25:43753], old=null
2019-10-18 07:03:24,904 [46b9516a-dfd6-4e8f-8939-5a6242357177@group-CAF408347A58-LeaderElection56] INFO  impl.RaftServerImpl (RaftServerImpl.java:setRole(184)) - 46b9516a-dfd6-4e8f-8939-5a6242357177@group-CAF408347A58: changes role from CANDIDATE to FOLLOWER at term 55 for DISCOVERED_A_NEW_TERM
2019-10-18 07:03:24,904 [46b9516a-dfd6-4e8f-8939-5a6242357177@group-CAF408347A58-LeaderElection56] INFO  impl.RoleInfo (RoleInfo.java:shutdownLeaderElection(134)) - 46b9516a-dfd6-4e8f-8939-5a6242357177: shutdown LeaderElection
2019-10-18 07:03:24,904 [46b9516a-dfd6-4e8f-8939-5a6242357177@group-CAF408347A58-LeaderElection56] INFO  impl.RoleInfo (RoleInfo.java:updateAndGet(143)) - 46b9516a-dfd6-4e8f-8939-5a6242357177: start FollowerState
2019-10-18 07:03:24,912 [Thread-954] INFO  impl.FollowerState (FollowerState.java:run(108)) - 46b9516a-dfd6-4e8f-8939-5a6242357177@group-CAF408347A58-FollowerState: change to CANDIDATE, lastRpcTime:7ms, electionTimeout:7ms
2019-10-18 07:03:24,912 [Thread-954] INFO  impl.RoleInfo (RoleInfo.java:shutdownFollowerState(121)) - 46b9516a-dfd6-4e8f-8939-5a6242357177: shutdown FollowerState
2019-10-18 07:03:24,912 [Thread-954] INFO  impl.RaftServerImpl (RaftServerImpl.java:setRole(184)) - 46b9516a-dfd6-4e8f-8939-5a6242357177@group-CAF408347A58: changes role from  FOLLOWER to CANDIDATE at term 55 for changeToCandidate
2019-10-18 07:03:24,912 [Thread-954] INFO  impl.RoleInfo (RoleInfo.java:updateAndGet(143)) - 46b9516a-dfd6-4e8f-8939-5a6242357177: start LeaderElection
2019-10-18 07:03:24,928 [46b9516a-dfd6-4e8f-8939-5a6242357177@group-CAF408347A58-LeaderElection57] INFO  impl.LeaderElection (LeaderElection.java:askForVotes(178)) - 46b9516a-dfd6-4e8f-8939-5a6242357177@group-CAF408347A58-LeaderElection57: begin an election at term 56 for 0: [f69cf638-138d-4576-91da-2cd882e57eee:192.168.34.25:40171, 46b9516a-dfd6-4e8f-8939-5a6242357177:192.168.34.25:42762, 93f10d81-f4b6-4237-b2e6-6c2ccf8ca027:192.168.34.25:43753], old=null
2019-10-18 07:03:24,930 [grpc-default-executor-0] INFO  impl.RaftServerImpl (RaftServerImpl.java:setRole(184)) - 93f10d81-f4b6-4237-b2e6-6c2ccf8ca027@group-CAF408347A58: changes role from  FOLLOWER to FOLLOWER at term 56 for recognizeCandidate:46b9516a-dfd6-4e8f-8939-5a6242357177
2019-10-18 07:03:24,931 [grpc-default-executor-3] INFO  impl.RaftServerImpl (RaftServerImpl.java:setRole(184)) - f69cf638-138d-4576-91da-2cd882e57eee@group-CAF408347A58: changes role from  FOLLOWER to FOLLOWER at term 56 for recognizeCandidate:46b9516a-dfd6-4e8f-8939-5a6242357177
2019-10-18 07:03:24,931 [grpc-default-executor-0] INFO  impl.RoleInfo (RoleInfo.java:shutdownFollowerState(121)) - 93f10d81-f4b6-4237-b2e6-6c2ccf8ca027: shutdown FollowerState
2019-10-18 07:03:24,931 [grpc-default-executor-3] INFO  impl.RoleInfo (RoleInfo.java:shutdownFollowerState(121)) - f69cf638-138d-4576-91da-2cd882e57eee: shutdown FollowerState
2019-10-18 07:03:24,931 [grpc-default-executor-0] INFO  impl.RoleInfo (RoleInfo.java:updateAndGet(143)) - 93f10d81-f4b6-4237-b2e6-6c2ccf8ca027: start FollowerState
2019-10-18 07:03:24,931 [Thread-953] INFO  impl.FollowerState (FollowerState.java:run(117)) - 93f10d81-f4b6-4237-b2e6-6c2ccf8ca027@group-CAF408347A58-FollowerState was interrupted: java.lang.InterruptedException: sleep interrupted
2019-10-18 07:03:24,931 [Thread-952] INFO  impl.FollowerState (FollowerState.java:run(117)) - f69cf638-138d-4576-91da-2cd882e57eee@group-CAF408347A58-FollowerState was interrupted: java.lang.InterruptedException: sleep interrupted
2019-10-18 07:03:24,931 [grpc-default-executor-3] INFO  impl.RoleInfo (RoleInfo.java:updateAndGet(143)) - f69cf638-138d-4576-91da-2cd882e57eee: start FollowerState
2019-10-18 07:03:24,972 [46b9516a-dfd6-4e8f-8939-5a6242357177@group-CAF408347A58-LeaderElection57] INFO  impl.LeaderElection (LeaderElection.java:logAndReturn(56)) - 46b9516a-dfd6-4e8f-8939-5a6242357177@group-CAF408347A58-LeaderElection57: Election REJECTED; received 2 response(s) [46b9516a-dfd6-4e8f-8939-5a6242357177<-f69cf638-138d-4576-91da-2cd882e57eee#0:FAIL-t56, 46b9516a-dfd6-4e8f-8939-5a6242357177<-93f10d81-f4b6-4237-b2e6-6c2ccf8ca027#0:FAIL-t56] and 0 exception(s); 46b9516a-dfd6-4e8f-8939-5a6242357177@group-CAF408347A58:t56, leader=null, voted=46b9516a-dfd6-4e8f-8939-5a6242357177, raftlog=46b9516a-dfd6-4e8f-8939-5a6242357177@group-CAF408347A58-SegmentedRaftLog:OPENED:c3,f4,i4, conf=0: [f69cf638-138d-4576-91da-2cd882e57eee:192.168.34.25:40171, 46b9516a-dfd6-4e8f-8939-5a6242357177:192.168.34.25:42762, 93f10d81-f4b6-4237-b2e6-6c2ccf8ca027:192.168.34.25:43753], old=null
2019-10-18 07:03:24,972 [46b9516a-dfd6-4e8f-8939-5a6242357177@group-CAF408347A58-LeaderElection57] INFO  impl.RaftServerImpl (RaftServerImpl.java:setRole(184)) - 46b9516a-dfd6-4e8f-8939-5a6242357177@group-CAF408347A58: changes role from CANDIDATE to FOLLOWER at term 56 for DISCOVERED_A_NEW_TERM
2019-10-18 07:03:24,972 [46b9516a-dfd6-4e8f-8939-5a6242357177@group-CAF408347A58-LeaderElection57] INFO  impl.RoleInfo (RoleInfo.java:shutdownLeaderElection(134)) - 46b9516a-dfd6-4e8f-8939-5a6242357177: shutdown LeaderElection
2019-10-18 07:03:24,972 [46b9516a-dfd6-4e8f-8939-5a6242357177@group-CAF408347A58-LeaderElection57] INFO  impl.RoleInfo (RoleInfo.java:updateAndGet(143)) - 46b9516a-dfd6-4e8f-8939-5a6242357177: start FollowerState
2019-10-18 07:03:25,065 [Thread-960] INFO  impl.FollowerState (FollowerState.java:run(108)) - 46b9516a-dfd6-4e8f-8939-5a6242357177@group-CAF408347A58-FollowerState: change to CANDIDATE, lastRpcTime:92ms, electionTimeout:92ms
2019-10-18 07:03:25,065 [Thread-960] INFO  impl.RoleInfo (RoleInfo.java:shutdownFollowerState(121)) - 46b9516a-dfd6-4e8f-8939-5a6242357177: shutdown FollowerState
2019-10-18 07:03:25,065 [Thread-960] INFO  impl.RaftServerImpl (RaftServerImpl.java:setRole(184)) - 46b9516a-dfd6-4e8f-8939-5a6242357177@group-CAF408347A58: changes role from  FOLLOWER to CANDIDATE at term 56 for changeToCandidate
2019-10-18 07:03:25,065 [Thread-960] INFO  impl.RoleInfo (RoleInfo.java:updateAndGet(143)) - 46b9516a-dfd6-4e8f-8939-5a6242357177: start LeaderElection
2019-10-18 07:03:25,088 [46b9516a-dfd6-4e8f-8939-5a6242357177@group-CAF408347A58-LeaderElection58] INFO  impl.LeaderElection (LeaderElection.java:askForVotes(178)) - 46b9516a-dfd6-4e8f-8939-5a6242357177@group-CAF408347A58-LeaderElection58: begin an election at term 57 for 0: [f69cf638-138d-4576-91da-2cd882e57eee:192.168.34.25:40171, 46b9516a-dfd6-4e8f-8939-5a6242357177:192.168.34.25:42762, 93f10d81-f4b6-4237-b2e6-6c2ccf8ca027:192.168.34.25:43753], old=null
2019-10-18 07:03:25,092 [grpc-default-executor-0] INFO  impl.RaftServerImpl (RaftServerImpl.java:setRole(184)) - 93f10d81-f4b6-4237-b2e6-6c2ccf8ca027@group-CAF408347A58: changes role from  FOLLOWER to FOLLOWER at term 57 for recognizeCandidate:46b9516a-dfd6-4e8f-8939-5a6242357177
2019-10-18 07:03:25,092 [grpc-default-executor-0] INFO  impl.RoleInfo (RoleInfo.java:shutdownFollowerState(121)) - 93f10d81-f4b6-4237-b2e6-6c2ccf8ca027: shutdown FollowerState
2019-10-18 07:03:25,092 [grpc-default-executor-3] INFO  impl.RaftServerImpl (RaftServerImpl.java:setRole(184)) - f69cf638-138d-4576-91da-2cd882e57eee@group-CAF408347A58: changes role from  FOLLOWER to FOLLOWER at term 57 for recognizeCandidate:46b9516a-dfd6-4e8f-8939-5a6242357177
2019-10-18 07:03:25,092 [grpc-default-executor-0] INFO  impl.RoleInfo (RoleInfo.java:updateAndGet(143)) - 93f10d81-f4b6-4237-b2e6-6c2ccf8ca027: start FollowerState
2019-10-18 07:03:25,092 [Thread-958] INFO  impl.FollowerState (FollowerState.java:run(117)) - 93f10d81-f4b6-4237-b2e6-6c2ccf8ca027@group-CAF408347A58-FollowerState was interrupted: java.lang.InterruptedException: sleep interrupted
2019-10-18 07:03:25,092 [grpc-default-executor-3] INFO  impl.RoleInfo (RoleInfo.java:shutdownFollowerState(121)) - f69cf638-138d-4576-91da-2cd882e57eee: shutdown FollowerState
2019-10-18 07:03:25,093 [grpc-default-executor-3] INFO  impl.RoleInfo (RoleInfo.java:updateAndGet(143)) - f69cf638-138d-4576-91da-2cd882e57eee: start FollowerState
2019-10-18 07:03:25,093 [Thread-959] INFO  impl.FollowerState (FollowerState.java:run(117)) - f69cf638-138d-4576-91da-2cd882e57eee@group-CAF408347A58-FollowerState was interrupted: java.lang.InterruptedException: sleep interrupted
2019-10-18 07:03:25,115 [46b9516a-dfd6-4e8f-8939-5a6242357177@group-CAF408347A58-LeaderElection58] INFO  impl.LeaderElection (LeaderElection.java:logAndReturn(56)) - 46b9516a-dfd6-4e8f-8939-5a6242357177@group-CAF408347A58-LeaderElection58: Election REJECTED; received 2 response(s) [46b9516a-dfd6-4e8f-8939-5a6242357177<-f69cf638-138d-4576-91da-2cd882e57eee#0:FAIL-t57, 46b9516a-dfd6-4e8f-8939-5a6242357177<-93f10d81-f4b6-4237-b2e6-6c2ccf8ca027#0:FAIL-t57] and 0 exception(s); 46b9516a-dfd6-4e8f-8939-5a6242357177@group-CAF408347A58:t57, leader=null, voted=46b9516a-dfd6-4e8f-8939-5a6242357177, raftlog=46b9516a-dfd6-4e8f-8939-5a6242357177@group-CAF408347A58-SegmentedRaftLog:OPENED:c3,f4,i4, conf=0: [f69cf638-138d-4576-91da-2cd882e57eee:192.168.34.25:40171, 46b9516a-dfd6-4e8f-8939-5a6242357177:192.168.34.25:42762, 93f10d81-f4b6-4237-b2e6-6c2ccf8ca027:192.168.34.25:43753], old=null
2019-10-18 07:03:25,115 [46b9516a-dfd6-4e8f-8939-5a6242357177@group-CAF408347A58-LeaderElection58] INFO  impl.RaftServerImpl (RaftServerImpl.java:setRole(184)) - 46b9516a-dfd6-4e8f-8939-5a6242357177@group-CAF408347A58: changes role from CANDIDATE to FOLLOWER at term 57 for DISCOVERED_A_NEW_TERM
2019-10-18 07:03:25,115 [46b9516a-dfd6-4e8f-8939-5a6242357177@group-CAF408347A58-LeaderElection58] INFO  impl.RoleInfo (RoleInfo.java:shutdownLeaderElection(134)) - 46b9516a-dfd6-4e8f-8939-5a6242357177: shutdown LeaderElection
2019-10-18 07:03:25,115 [46b9516a-dfd6-4e8f-8939-5a6242357177@group-CAF408347A58-LeaderElection58] INFO  impl.RoleInfo (RoleInfo.java:updateAndGet(143)) - 46b9516a-dfd6-4e8f-8939-5a6242357177: start FollowerState
2019-10-18 07:03:25,122 [BlockDeletingService#2] WARN  background.BlockDeletingService (BlockDeletingService.java:isDeletionAllowed(187)) - Close Container log Index 6 is not replicated across allthe servers in the pipeline fe68d6de-2f7f-4088-a26e-caf408347a58 as the min replicated index is 4. Deletion is not allowed in this container yet.
2019-10-18 07:03:25,123 [BlockDeletingService#2] WARN  background.BlockDeletingService (BlockDeletingService.java:isDeletionAllowed(187)) - Close Container log Index 6 is not replicated across allthe servers in the pipeline fe68d6de-2f7f-4088-a26e-caf408347a58 as the min replicated index is 4. Deletion is not allowed in this container yet.
]]></system-out>
    <system-err><![CDATA[ERROR StatusLogger No Log4j 2 configuration file found. Using default configuration (logging only errors to the console), or user programmatically provided configurations. Set system property 'log4j2.debug' to show Log4j 2 internal initialization logging. See https://logging.apache.org/log4j/2.x/manual/configuration.html for instructions on how to configure Log4j 2
Oct 18, 2019 7:01:38 AM org.apache.ratis.thirdparty.io.grpc.internal.SerializingExecutor run
SEVERE: Exception while executing runnable org.apache.ratis.thirdparty.io.grpc.internal.ServerImpl$JumpToApplicationThreadServerStreamListener$1Closed@4291283d
org.apache.ratis.thirdparty.io.grpc.StatusRuntimeException: CANCELLED: call already cancelled
	at org.apache.ratis.thirdparty.io.grpc.Status.asRuntimeException(Status.java:517)
	at org.apache.ratis.thirdparty.io.grpc.stub.ServerCalls$ServerCallStreamObserverImpl.onCompleted(ServerCalls.java:356)
	at org.apache.ratis.grpc.server.GrpcServerProtocolService$ServerRequestStreamObserver.onError(GrpcServerProtocolService.java:121)
	at org.apache.ratis.thirdparty.io.grpc.stub.ServerCalls$StreamingServerCallHandler$StreamingServerCallListener.onCancel(ServerCalls.java:269)
	at org.apache.ratis.thirdparty.io.grpc.internal.ServerCallImpl$ServerStreamListenerImpl.closed(ServerCallImpl.java:293)
	at org.apache.ratis.thirdparty.io.grpc.internal.ServerImpl$JumpToApplicationThreadServerStreamListener$1Closed.runInContext(ServerImpl.java:741)
	at org.apache.ratis.thirdparty.io.grpc.internal.ContextRunnable.run(ContextRunnable.java:37)
	at org.apache.ratis.thirdparty.io.grpc.internal.SerializingExecutor.run(SerializingExecutor.java:123)
	at java.util.concurrent.ThreadPoolExecutor.runWorker(ThreadPoolExecutor.java:1149)
	at java.util.concurrent.ThreadPoolExecutor$Worker.run(ThreadPoolExecutor.java:624)
	at java.lang.Thread.run(Thread.java:748)

Oct 18, 2019 7:01:38 AM org.apache.ratis.thirdparty.io.grpc.internal.SerializingExecutor run
SEVERE: Exception while executing runnable org.apache.ratis.thirdparty.io.grpc.internal.ClientCallImpl$ClientStreamListenerImpl$1StreamClosed@6f4ea69d
java.lang.NullPointerException
	at org.apache.ratis.grpc.server.GrpcLogAppender$AppendLogResponseHandler.onError(GrpcLogAppender.java:303)
	at org.apache.ratis.thirdparty.io.grpc.stub.ClientCalls$StreamObserverToCallListenerAdapter.onClose(ClientCalls.java:434)
	at org.apache.ratis.thirdparty.io.grpc.PartialForwardingClientCallListener.onClose(PartialForwardingClientCallListener.java:39)
	at org.apache.ratis.thirdparty.io.grpc.ForwardingClientCallListener.onClose(ForwardingClientCallListener.java:23)
	at org.apache.ratis.thirdparty.io.grpc.ForwardingClientCallListener$SimpleForwardingClientCallListener.onClose(ForwardingClientCallListener.java:40)
	at org.apache.ratis.thirdparty.io.grpc.internal.CensusStatsModule$StatsClientInterceptor$1$1.onClose(CensusStatsModule.java:678)
	at org.apache.ratis.thirdparty.io.grpc.PartialForwardingClientCallListener.onClose(PartialForwardingClientCallListener.java:39)
	at org.apache.ratis.thirdparty.io.grpc.ForwardingClientCallListener.onClose(ForwardingClientCallListener.java:23)
	at org.apache.ratis.thirdparty.io.grpc.ForwardingClientCallListener$SimpleForwardingClientCallListener.onClose(ForwardingClientCallListener.java:40)
	at org.apache.ratis.thirdparty.io.grpc.internal.CensusTracingModule$TracingClientInterceptor$1$1.onClose(CensusTracingModule.java:397)
	at org.apache.ratis.thirdparty.io.grpc.internal.ClientCallImpl.closeObserver(ClientCallImpl.java:459)
	at org.apache.ratis.thirdparty.io.grpc.internal.ClientCallImpl.access$300(ClientCallImpl.java:63)
	at org.apache.ratis.thirdparty.io.grpc.internal.ClientCallImpl$ClientStreamListenerImpl.close(ClientCallImpl.java:546)
	at org.apache.ratis.thirdparty.io.grpc.internal.ClientCallImpl$ClientStreamListenerImpl.access$600(ClientCallImpl.java:467)
	at org.apache.ratis.thirdparty.io.grpc.internal.ClientCallImpl$ClientStreamListenerImpl$1StreamClosed.runInContext(ClientCallImpl.java:584)
	at org.apache.ratis.thirdparty.io.grpc.internal.ContextRunnable.run(ContextRunnable.java:37)
	at org.apache.ratis.thirdparty.io.grpc.internal.SerializingExecutor.run(SerializingExecutor.java:123)
	at java.util.concurrent.ThreadPoolExecutor.runWorker(ThreadPoolExecutor.java:1149)
	at java.util.concurrent.ThreadPoolExecutor$Worker.run(ThreadPoolExecutor.java:624)
	at java.lang.Thread.run(Thread.java:748)

]]></system-err>
  </testcase>
</testsuite>