<?xml version="1.0" encoding="UTF-8"?>
<testsuite xmlns:xsi="http://www.w3.org/2001/XMLSchema-instance" xsi:noNamespaceSchemaLocation="https://maven.apache.org/surefire/maven-surefire-plugin/xsd/surefire-test-report.xsd" name="org.apache.hadoop.ozone.client.rpc.TestDeleteWithSlowFollower" time="130.045" tests="1" errors="0" skipped="0" failures="1">
  <properties>
    <property name="awt.toolkit" value="sun.awt.X11.XToolkit"/>
    <property name="file.encoding.pkg" value="sun.io"/>
    <property name="java.specification.version" value="1.8"/>
    <property name="sun.cpu.isalist" value=""/>
    <property name="sun.jnu.encoding" value="ANSI_X3.4-1968"/>
    <property name="java.class.path" value="/workdir/hadoop-ozone/integration-test/target/test-classes:/workdir/hadoop-ozone/integration-test/target/classes:/home/user/.m2/repository/org/apache/hadoop/hadoop-ozone-common/0.5.0-SNAPSHOT/hadoop-ozone-common-0.5.0-SNAPSHOT.jar:/home/user/.m2/repository/org/apache/commons/commons-compress/1.4.1/commons-compress-1.4.1.jar:/home/user/.m2/repository/org/tukaani/xz/1.0/xz-1.0.jar:/home/user/.m2/repository/org/apache/hadoop/hadoop-common/3.2.0/hadoop-common-3.2.0.jar:/home/user/.m2/repository/org/apache/hadoop/hadoop-hdfs/3.2.0/hadoop-hdfs-3.2.0.jar:/home/user/.m2/repository/org/apache/hadoop/hadoop-hdfs-client/3.2.0/hadoop-hdfs-client-3.2.0.jar:/home/user/.m2/repository/com/fasterxml/jackson/core/jackson-annotations/2.9.9/jackson-annotations-2.9.9.jar:/home/user/.m2/repository/org/apache/hadoop/hadoop-hdds-common/0.5.0-SNAPSHOT/hadoop-hdds-common-0.5.0-SNAPSHOT.jar:/home/user/.m2/repository/javax/annotation/javax.annotation-api/1.2/javax.annotation-api-1.2.jar:/home/user/.m2/repository/org/apache/ratis/ratis-server/0.5.0-3f446aa-SNAPSHOT/ratis-server-0.5.0-3f446aa-SNAPSHOT.jar:/home/user/.m2/repository/org/apache/ratis/ratis-thirdparty-misc/0.2.0/ratis-thirdparty-misc-0.2.0.jar:/home/user/.m2/repository/org/apache/ratis/ratis-proto/0.5.0-3f446aa-SNAPSHOT/ratis-proto-0.5.0-3f446aa-SNAPSHOT.jar:/home/user/.m2/repository/org/apache/ratis/ratis-common/0.5.0-3f446aa-SNAPSHOT/ratis-common-0.5.0-3f446aa-SNAPSHOT.jar:/home/user/.m2/repository/org/apache/ratis/ratis-client/0.5.0-3f446aa-SNAPSHOT/ratis-client-0.5.0-3f446aa-SNAPSHOT.jar:/home/user/.m2/repository/org/apache/ratis/ratis-metrics/0.5.0-3f446aa-SNAPSHOT/ratis-metrics-0.5.0-3f446aa-SNAPSHOT.jar:/home/user/.m2/repository/com/github/joshelser/dropwizard-metrics-hadoop-metrics2-reporter/0.1.2/dropwizard-metrics-hadoop-metrics2-reporter-0.1.2.jar:/home/user/.m2/repository/io/dropwizard/metrics/metrics-jvm/3.2.5/metrics-jvm-3.2.5.jar:/home/user/.m2/repository/io/dropwizard/metrics/metrics-ganglia/3.2.5/metrics-ganglia-3.2.5.jar:/home/user/.m2/repository/info/ganglia/gmetric4j/gmetric4j/1.0.7/gmetric4j-1.0.7.jar:/home/user/.m2/repository/org/apache/ratis/ratis-netty/0.5.0-3f446aa-SNAPSHOT/ratis-netty-0.5.0-3f446aa-SNAPSHOT.jar:/home/user/.m2/repository/org/apache/ratis/ratis-grpc/0.5.0-3f446aa-SNAPSHOT/ratis-grpc-0.5.0-3f446aa-SNAPSHOT.jar:/home/user/.m2/repository/org/rocksdb/rocksdbjni/6.0.1/rocksdbjni-6.0.1.jar:/home/user/.m2/repository/org/apache/logging/log4j/log4j-api/2.11.0/log4j-api-2.11.0.jar:/home/user/.m2/repository/org/apache/logging/log4j/log4j-core/2.11.0/log4j-core-2.11.0.jar:/home/user/.m2/repository/com/lmax/disruptor/3.4.2/disruptor-3.4.2.jar:/home/user/.m2/repository/org/apache/commons/commons-pool2/2.6.0/commons-pool2-2.6.0.jar:/home/user/.m2/repository/org/bouncycastle/bcpkix-jdk15on/1.60/bcpkix-jdk15on-1.60.jar:/home/user/.m2/repository/commons-validator/commons-validator/1.6/commons-validator-1.6.jar:/home/user/.m2/repository/commons-digester/commons-digester/1.8.1/commons-digester-1.8.1.jar:/home/user/.m2/repository/io/jaegertracing/jaeger-client/0.34.0/jaeger-client-0.34.0.jar:/home/user/.m2/repository/io/jaegertracing/jaeger-thrift/0.34.0/jaeger-thrift-0.34.0.jar:/home/user/.m2/repository/org/apache/thrift/libthrift/0.12.0/libthrift-0.12.0.jar:/home/user/.m2/repository/com/squareup/okhttp3/okhttp/3.9.0/okhttp-3.9.0.jar:/home/user/.m2/repository/com/squareup/okio/okio/1.13.0/okio-1.13.0.jar:/home/user/.m2/repository/io/jaegertracing/jaeger-core/0.34.0/jaeger-core-0.34.0.jar:/home/user/.m2/repository/io/jaegertracing/jaeger-tracerresolver/0.34.0/jaeger-tracerresolver-0.34.0.jar:/home/user/.m2/repository/io/opentracing/contrib/opentracing-tracerresolver/0.1.5/opentracing-tracerresolver-0.1.5.jar:/home/user/.m2/repository/io/opentracing/opentracing-util/0.31.0/opentracing-util-0.31.0.jar:/home/user/.m2/repository/io/opentracing/opentracing-api/0.31.0/opentracing-api-0.31.0.jar:/home/user/.m2/repository/io/opentracing/opentracing-noop/0.31.0/opentracing-noop-0.31.0.jar:/home/user/.m2/repository/org/apache/hadoop/hadoop-hdds-server-framework/0.5.0-SNAPSHOT/hadoop-hdds-server-framework-0.5.0-SNAPSHOT.jar:/home/user/.m2/repository/org/apache/hadoop/hadoop-hdds-container-service/0.5.0-SNAPSHOT/hadoop-hdds-container-service-0.5.0-SNAPSHOT.jar:/home/user/.m2/repository/org/apache/hadoop/hadoop-hdds-client/0.5.0-SNAPSHOT/hadoop-hdds-client-0.5.0-SNAPSHOT.jar:/home/user/.m2/repository/org/apache/hadoop/hadoop-hdds-tools/0.5.0-SNAPSHOT/hadoop-hdds-tools-0.5.0-SNAPSHOT.jar:/home/user/.m2/repository/org/apache/hadoop/hadoop-hdds-server-scm/0.5.0-SNAPSHOT/hadoop-hdds-server-scm-0.5.0-SNAPSHOT.jar:/home/user/.m2/repository/org/apache/hadoop/hadoop-hdds-docs/0.5.0-SNAPSHOT/hadoop-hdds-docs-0.5.0-SNAPSHOT.jar:/home/user/.m2/repository/io/dropwizard/metrics/metrics-core/3.2.4/metrics-core-3.2.4.jar:/home/user/.m2/repository/org/hamcrest/hamcrest-all/1.3/hamcrest-all-1.3.jar:/home/user/.m2/repository/org/bouncycastle/bcprov-jdk15on/1.60/bcprov-jdk15on-1.60.jar:/home/user/.m2/repository/info/picocli/picocli/3.9.6/picocli-3.9.6.jar:/home/user/.m2/repository/com/google/protobuf/protobuf-java/2.5.0/protobuf-java-2.5.0.jar:/home/user/.m2/repository/com/google/guava/guava/11.0.2/guava-11.0.2.jar:/home/user/.m2/repository/org/apache/hadoop/hadoop-ozone-ozone-manager/0.5.0-SNAPSHOT/hadoop-ozone-ozone-manager-0.5.0-SNAPSHOT.jar:/home/user/.m2/repository/org/apache/hadoop/hadoop-minikdc/3.2.0/hadoop-minikdc-3.2.0.jar:/home/user/.m2/repository/commons-io/commons-io/2.5/commons-io-2.5.jar:/home/user/.m2/repository/org/apache/kerby/kerb-simplekdc/1.0.1/kerb-simplekdc-1.0.1.jar:/home/user/.m2/repository/org/apache/kerby/kerb-client/1.0.1/kerb-client-1.0.1.jar:/home/user/.m2/repository/org/apache/kerby/kerby-config/1.0.1/kerby-config-1.0.1.jar:/home/user/.m2/repository/org/apache/kerby/kerb-core/1.0.1/kerb-core-1.0.1.jar:/home/user/.m2/repository/org/apache/kerby/kerby-pkix/1.0.1/kerby-pkix-1.0.1.jar:/home/user/.m2/repository/org/apache/kerby/kerby-asn1/1.0.1/kerby-asn1-1.0.1.jar:/home/user/.m2/repository/org/apache/kerby/kerby-util/1.0.1/kerby-util-1.0.1.jar:/home/user/.m2/repository/org/apache/kerby/kerb-common/1.0.1/kerb-common-1.0.1.jar:/home/user/.m2/repository/org/apache/kerby/kerb-crypto/1.0.1/kerb-crypto-1.0.1.jar:/home/user/.m2/repository/org/apache/kerby/kerb-util/1.0.1/kerb-util-1.0.1.jar:/home/user/.m2/repository/org/apache/kerby/token-provider/1.0.1/token-provider-1.0.1.jar:/home/user/.m2/repository/org/apache/kerby/kerb-admin/1.0.1/kerb-admin-1.0.1.jar:/home/user/.m2/repository/org/apache/kerby/kerb-server/1.0.1/kerb-server-1.0.1.jar:/home/user/.m2/repository/org/apache/kerby/kerb-identity/1.0.1/kerb-identity-1.0.1.jar:/home/user/.m2/repository/org/apache/kerby/kerby-xdr/1.0.1/kerby-xdr-1.0.1.jar:/home/user/.m2/repository/org/slf4j/slf4j-log4j12/1.7.25/slf4j-log4j12-1.7.25.jar:/home/user/.m2/repository/org/apache/hadoop/hadoop-ozone-s3gateway/0.5.0-SNAPSHOT/hadoop-ozone-s3gateway-0.5.0-SNAPSHOT.jar:/home/user/.m2/repository/org/jboss/weld/servlet/weld-servlet/2.4.7.Final/weld-servlet-2.4.7.Final.jar:/home/user/.m2/repository/org/glassfish/jersey/containers/jersey-container-servlet-core/2.27/jersey-container-servlet-core-2.27.jar:/home/user/.m2/repository/org/glassfish/hk2/external/javax.inject/2.5.0-b42/javax.inject-2.5.0-b42.jar:/home/user/.m2/repository/org/glassfish/jersey/core/jersey-common/2.27/jersey-common-2.27.jar:/home/user/.m2/repository/org/glassfish/hk2/osgi-resource-locator/1.0.1/osgi-resource-locator-1.0.1.jar:/home/user/.m2/repository/javax/ws/rs/javax.ws.rs-api/2.1/javax.ws.rs-api-2.1.jar:/home/user/.m2/repository/org/glassfish/jersey/ext/cdi/jersey-cdi1x/2.27/jersey-cdi1x-2.27.jar:/home/user/.m2/repository/org/glassfish/jersey/inject/jersey-hk2/2.27/jersey-hk2-2.27.jar:/home/user/.m2/repository/org/glassfish/hk2/hk2-locator/2.5.0-b42/hk2-locator-2.5.0-b42.jar:/home/user/.m2/repository/org/javassist/javassist/3.22.0-CR2/javassist-3.22.0-CR2.jar:/home/user/.m2/repository/org/glassfish/hk2/hk2-api/2.5.0/hk2-api-2.5.0.jar:/home/user/.m2/repository/org/glassfish/hk2/external/jakarta.inject/2.5.0/jakarta.inject-2.5.0.jar:/home/user/.m2/repository/org/glassfish/hk2/hk2-utils/2.5.0/hk2-utils-2.5.0.jar:/home/user/.m2/repository/jakarta/annotation/jakarta.annotation-api/1.3.4/jakarta.annotation-api-1.3.4.jar:/home/user/.m2/repository/org/glassfish/hk2/external/aopalliance-repackaged/2.5.0/aopalliance-repackaged-2.5.0.jar:/home/user/.m2/repository/com/fasterxml/jackson/dataformat/jackson-dataformat-xml/2.9.0/jackson-dataformat-xml-2.9.0.jar:/home/user/.m2/repository/com/fasterxml/jackson/core/jackson-core/2.9.9/jackson-core-2.9.9.jar:/home/user/.m2/repository/com/fasterxml/jackson/module/jackson-module-jaxb-annotations/2.9.9/jackson-module-jaxb-annotations-2.9.9.jar:/home/user/.m2/repository/javax/enterprise/cdi-api/1.2/cdi-api-1.2.jar:/home/user/.m2/repository/javax/el/javax.el-api/3.0.0/javax.el-api-3.0.0.jar:/home/user/.m2/repository/javax/interceptor/javax.interceptor-api/1.2/javax.interceptor-api-1.2.jar:/home/user/.m2/repository/javax/inject/javax.inject/1/javax.inject-1.jar:/home/user/.m2/repository/com/sun/xml/bind/jaxb-impl/2.3.0.1/jaxb-impl-2.3.0.1.jar:/home/user/.m2/repository/com/sun/xml/bind/jaxb-core/2.3.0.1/jaxb-core-2.3.0.1.jar:/home/user/.m2/repository/javax/xml/bind/jaxb-api/2.3.0/jaxb-api-2.3.0.jar:/home/user/.m2/repository/javax/activation/activation/1.1.1/activation-1.1.1.jar:/home/user/.m2/repository/org/apache/hadoop/hadoop-ozone-csi/0.5.0-SNAPSHOT/hadoop-ozone-csi-0.5.0-SNAPSHOT.jar:/home/user/.m2/repository/com/google/protobuf/protobuf-java-util/3.5.1/protobuf-java-util-3.5.1.jar:/home/user/.m2/repository/org/apache/hadoop/hadoop-hdds-config/0.5.0-SNAPSHOT/hadoop-hdds-config-0.5.0-SNAPSHOT.jar:/home/user/.m2/repository/io/grpc/grpc-netty/1.17.1/grpc-netty-1.17.1.jar:/home/user/.m2/repository/io/grpc/grpc-core/1.17.1/grpc-core-1.17.1.jar:/home/user/.m2/repository/io/grpc/grpc-context/1.17.1/grpc-context-1.17.1.jar:/home/user/.m2/repository/com/google/errorprone/error_prone_annotations/2.2.0/error_prone_annotations-2.2.0.jar:/home/user/.m2/repository/org/codehaus/mojo/animal-sniffer-annotations/1.17/animal-sniffer-annotations-1.17.jar:/home/user/.m2/repository/io/opencensus/opencensus-api/0.17.0/opencensus-api-0.17.0.jar:/home/user/.m2/repository/io/opencensus/opencensus-contrib-grpc-metrics/0.17.0/opencensus-contrib-grpc-metrics-0.17.0.jar:/home/user/.m2/repository/io/netty/netty-codec-http2/4.1.30.Final/netty-codec-http2-4.1.30.Final.jar:/home/user/.m2/repository/io/netty/netty-codec-http/4.1.30.Final/netty-codec-http-4.1.30.Final.jar:/home/user/.m2/repository/io/netty/netty-codec/4.1.30.Final/netty-codec-4.1.30.Final.jar:/home/user/.m2/repository/io/netty/netty-handler/4.1.30.Final/netty-handler-4.1.30.Final.jar:/home/user/.m2/repository/io/netty/netty-handler-proxy/4.1.30.Final/netty-handler-proxy-4.1.30.Final.jar:/home/user/.m2/repository/io/netty/netty-codec-socks/4.1.30.Final/netty-codec-socks-4.1.30.Final.jar:/home/user/.m2/repository/io/netty/netty-transport-native-epoll/4.1.30.Final/netty-transport-native-epoll-4.1.30.Final.jar:/home/user/.m2/repository/io/netty/netty-common/4.1.30.Final/netty-common-4.1.30.Final.jar:/home/user/.m2/repository/io/netty/netty-buffer/4.1.30.Final/netty-buffer-4.1.30.Final.jar:/home/user/.m2/repository/io/netty/netty-transport/4.1.30.Final/netty-transport-4.1.30.Final.jar:/home/user/.m2/repository/io/netty/netty-resolver/4.1.30.Final/netty-resolver-4.1.30.Final.jar:/home/user/.m2/repository/io/netty/netty-transport-native-unix-common/4.1.30.Final/netty-transport-native-unix-common-4.1.30.Final.jar:/home/user/.m2/repository/io/grpc/grpc-protobuf/1.17.1/grpc-protobuf-1.17.1.jar:/home/user/.m2/repository/com/google/api/grpc/proto-google-common-protos/1.0.0/proto-google-common-protos-1.0.0.jar:/home/user/.m2/repository/io/grpc/grpc-protobuf-lite/1.17.1/grpc-protobuf-lite-1.17.1.jar:/home/user/.m2/repository/io/grpc/grpc-stub/1.17.1/grpc-stub-1.17.1.jar:/home/user/.m2/repository/org/apache/hadoop/hadoop-ozone-recon/0.5.0-SNAPSHOT/hadoop-ozone-recon-0.5.0-SNAPSHOT.jar:/home/user/.m2/repository/org/apache/hadoop/hadoop-ozone-reconcodegen/0.5.0-SNAPSHOT/hadoop-ozone-reconcodegen-0.5.0-SNAPSHOT.jar:/home/user/.m2/repository/com/google/inject/extensions/guice-multibindings/4.0/guice-multibindings-4.0.jar:/home/user/.m2/repository/com/google/inject/guice/4.0/guice-4.0.jar:/home/user/.m2/repository/aopalliance/aopalliance/1.0/aopalliance-1.0.jar:/home/user/.m2/repository/com/google/inject/extensions/guice-servlet/4.0/guice-servlet-4.0.jar:/home/user/.m2/repository/org/glassfish/jersey/containers/jersey-container-servlet/2.27/jersey-container-servlet-2.27.jar:/home/user/.m2/repository/org/glassfish/hk2/guice-bridge/2.5.0/guice-bridge-2.5.0.jar:/home/user/.m2/repository/org/glassfish/jersey/core/jersey-server/2.27/jersey-server-2.27.jar:/home/user/.m2/repository/org/glassfish/jersey/core/jersey-client/2.27/jersey-client-2.27.jar:/home/user/.m2/repository/org/glassfish/jersey/media/jersey-media-jaxb/2.27/jersey-media-jaxb-2.27.jar:/home/user/.m2/repository/javax/validation/validation-api/1.1.0.Final/validation-api-1.1.0.Final.jar:/home/user/.m2/repository/org/glassfish/jersey/media/jersey-media-json-jackson/2.27/jersey-media-json-jackson-2.27.jar:/home/user/.m2/repository/org/glassfish/jersey/ext/jersey-entity-filtering/2.27/jersey-entity-filtering-2.27.jar:/home/user/.m2/repository/com/google/inject/extensions/guice-assistedinject/4.0/guice-assistedinject-4.0.jar:/home/user/.m2/repository/org/jooq/jooq/3.11.10/jooq-3.11.10.jar:/home/user/.m2/repository/org/jooq/jooq-meta/3.11.10/jooq-meta-3.11.10.jar:/home/user/.m2/repository/org/jooq/jooq-codegen/3.11.10/jooq-codegen-3.11.10.jar:/home/user/.m2/repository/com/jolbox/bonecp/0.8.0.RELEASE/bonecp-0.8.0.RELEASE.jar:/home/user/.m2/repository/org/xerial/sqlite-jdbc/3.25.2/sqlite-jdbc-3.25.2.jar:/home/user/.m2/repository/org/springframework/spring-jdbc/5.1.3.RELEASE/spring-jdbc-5.1.3.RELEASE.jar:/home/user/.m2/repository/org/springframework/spring-beans/5.1.3.RELEASE/spring-beans-5.1.3.RELEASE.jar:/home/user/.m2/repository/org/springframework/spring-core/5.1.3.RELEASE/spring-core-5.1.3.RELEASE.jar:/home/user/.m2/repository/org/springframework/spring-jcl/5.1.3.RELEASE/spring-jcl-5.1.3.RELEASE.jar:/home/user/.m2/repository/org/springframework/spring-tx/5.1.3.RELEASE/spring-tx-5.1.3.RELEASE.jar:/home/user/.m2/repository/org/apache/hadoop/hadoop-ozone-client/0.5.0-SNAPSHOT/hadoop-ozone-client-0.5.0-SNAPSHOT.jar:/home/user/.m2/repository/commons-lang/commons-lang/2.6/commons-lang-2.6.jar:/home/user/.m2/repository/org/apache/hadoop/hadoop-ozone-ozone-manager/0.5.0-SNAPSHOT/hadoop-ozone-ozone-manager-0.5.0-SNAPSHOT-tests.jar:/home/user/.m2/repository/junit/junit/4.11/junit-4.11.jar:/home/user/.m2/repository/org/hamcrest/hamcrest-core/1.3/hamcrest-core-1.3.jar:/home/user/.m2/repository/org/openjdk/jmh/jmh-core/1.19/jmh-core-1.19.jar:/home/user/.m2/repository/net/sf/jopt-simple/jopt-simple/4.6/jopt-simple-4.6.jar:/home/user/.m2/repository/org/apache/commons/commons-math3/3.1.1/commons-math3-3.1.1.jar:/home/user/.m2/repository/org/openjdk/jmh/jmh-generator-annprocess/1.19/jmh-generator-annprocess-1.19.jar:/home/user/.m2/repository/org/mockito/mockito-all/1.8.5/mockito-all-1.8.5.jar:/home/user/.m2/repository/org/apache/hadoop/hadoop-kms/3.2.0/hadoop-kms-3.2.0.jar:/home/user/.m2/repository/org/apache/hadoop/hadoop-auth/3.2.0/hadoop-auth-3.2.0.jar:/home/user/.m2/repository/com/nimbusds/nimbus-jose-jwt/4.41.1/nimbus-jose-jwt-4.41.1.jar:/home/user/.m2/repository/com/github/stephenc/jcip/jcip-annotations/1.0-1/jcip-annotations-1.0-1.jar:/home/user/.m2/repository/net/minidev/json-smart/2.3/json-smart-2.3.jar:/home/user/.m2/repository/net/minidev/accessors-smart/1.2/accessors-smart-1.2.jar:/home/user/.m2/repository/org/ow2/asm/asm/5.0.4/asm-5.0.4.jar:/home/user/.m2/repository/org/apache/curator/curator-framework/2.12.0/curator-framework-2.12.0.jar:/home/user/.m2/repository/com/sun/jersey/jersey-core/1.19/jersey-core-1.19.jar:/home/user/.m2/repository/javax/ws/rs/jsr311-api/1.1.1/jsr311-api-1.1.1.jar:/home/user/.m2/repository/com/sun/jersey/jersey-server/1.19/jersey-server-1.19.jar:/home/user/.m2/repository/javax/servlet/javax.servlet-api/3.1.0/javax.servlet-api-3.1.0.jar:/home/user/.m2/repository/org/eclipse/jetty/jetty-server/9.3.25.v20180904/jetty-server-9.3.25.v20180904.jar:/home/user/.m2/repository/org/eclipse/jetty/jetty-http/9.3.25.v20180904/jetty-http-9.3.25.v20180904.jar:/home/user/.m2/repository/org/eclipse/jetty/jetty-io/9.3.25.v20180904/jetty-io-9.3.25.v20180904.jar:/home/user/.m2/repository/org/eclipse/jetty/jetty-webapp/9.3.25.v20180904/jetty-webapp-9.3.25.v20180904.jar:/home/user/.m2/repository/org/eclipse/jetty/jetty-xml/9.3.25.v20180904/jetty-xml-9.3.25.v20180904.jar:/home/user/.m2/repository/log4j/log4j/1.2.17/log4j-1.2.17.jar:/home/user/.m2/repository/org/slf4j/slf4j-api/1.7.25/slf4j-api-1.7.25.jar:/home/user/.m2/repository/org/slf4j/jul-to-slf4j/1.7.25/jul-to-slf4j-1.7.25.jar:/home/user/.m2/repository/org/eclipse/jetty/jetty-util/9.3.25.v20180904/jetty-util-9.3.25.v20180904.jar:/home/user/.m2/repository/com/fasterxml/jackson/core/jackson-databind/2.9.9/jackson-databind-2.9.9.jar:/home/user/.m2/repository/org/apache/hadoop/hadoop-kms/3.2.0/hadoop-kms-3.2.0-tests.jar:/home/user/.m2/repository/org/apache/hadoop/hadoop-hdds-server-scm/0.5.0-SNAPSHOT/hadoop-hdds-server-scm-0.5.0-SNAPSHOT-tests.jar:/home/user/.m2/repository/org/apache/hadoop/hadoop-hdds-container-service/0.5.0-SNAPSHOT/hadoop-hdds-container-service-0.5.0-SNAPSHOT-tests.jar:/home/user/.m2/repository/org/yaml/snakeyaml/1.16/snakeyaml-1.16.jar:/home/user/.m2/repository/org/apache/hadoop/hadoop-common/3.2.0/hadoop-common-3.2.0-tests.jar:/home/user/.m2/repository/org/apache/hadoop/hadoop-annotations/3.2.0/hadoop-annotations-3.2.0.jar:/usr/lib/jvm/java-1.8.0-openjdk-1.8.0.222.b10-1.el7_7.x86_64/jre/../lib/tools.jar:/home/user/.m2/repository/commons-cli/commons-cli/1.2/commons-cli-1.2.jar:/home/user/.m2/repository/org/apache/httpcomponents/httpclient/4.5.2/httpclient-4.5.2.jar:/home/user/.m2/repository/org/apache/httpcomponents/httpcore/4.4.4/httpcore-4.4.4.jar:/home/user/.m2/repository/commons-codec/commons-codec/1.11/commons-codec-1.11.jar:/home/user/.m2/repository/commons-net/commons-net/3.6/commons-net-3.6.jar:/home/user/.m2/repository/commons-collections/commons-collections/3.2.2/commons-collections-3.2.2.jar:/home/user/.m2/repository/org/eclipse/jetty/jetty-servlet/9.3.25.v20180904/jetty-servlet-9.3.25.v20180904.jar:/home/user/.m2/repository/org/eclipse/jetty/jetty-security/9.3.25.v20180904/jetty-security-9.3.25.v20180904.jar:/home/user/.m2/repository/javax/servlet/jsp/jsp-api/2.1/jsp-api-2.1.jar:/home/user/.m2/repository/com/sun/jersey/jersey-servlet/1.19/jersey-servlet-1.19.jar:/home/user/.m2/repository/com/sun/jersey/jersey-json/1.19/jersey-json-1.19.jar:/home/user/.m2/repository/org/codehaus/jettison/jettison/1.1/jettison-1.1.jar:/home/user/.m2/repository/org/codehaus/jackson/jackson-core-asl/1.9.13/jackson-core-asl-1.9.13.jar:/home/user/.m2/repository/org/codehaus/jackson/jackson-mapper-asl/1.9.13/jackson-mapper-asl-1.9.13.jar:/home/user/.m2/repository/org/codehaus/jackson/jackson-jaxrs/1.9.13/jackson-jaxrs-1.9.13.jar:/home/user/.m2/repository/org/codehaus/jackson/jackson-xc/1.9.13/jackson-xc-1.9.13.jar:/home/user/.m2/repository/commons-logging/commons-logging/1.1.3/commons-logging-1.1.3.jar:/home/user/.m2/repository/commons-beanutils/commons-beanutils/1.9.4/commons-beanutils-1.9.4.jar:/home/user/.m2/repository/org/apache/commons/commons-configuration2/2.1.1/commons-configuration2-2.1.1.jar:/home/user/.m2/repository/org/apache/commons/commons-lang3/3.7/commons-lang3-3.7.jar:/home/user/.m2/repository/org/apache/commons/commons-text/1.4/commons-text-1.4.jar:/home/user/.m2/repository/org/apache/avro/avro/1.7.7/avro-1.7.7.jar:/home/user/.m2/repository/com/thoughtworks/paranamer/paranamer/2.3/paranamer-2.3.jar:/home/user/.m2/repository/org/xerial/snappy/snappy-java/1.0.5/snappy-java-1.0.5.jar:/home/user/.m2/repository/com/google/re2j/re2j/1.1/re2j-1.1.jar:/home/user/.m2/repository/com/google/code/gson/gson/2.2.4/gson-2.2.4.jar:/home/user/.m2/repository/com/jcraft/jsch/0.1.54/jsch-0.1.54.jar:/home/user/.m2/repository/org/apache/curator/curator-client/2.12.0/curator-client-2.12.0.jar:/home/user/.m2/repository/org/apache/curator/curator-recipes/2.12.0/curator-recipes-2.12.0.jar:/home/user/.m2/repository/com/google/code/findbugs/jsr305/3.0.0/jsr305-3.0.0.jar:/home/user/.m2/repository/org/apache/htrace/htrace-core4/4.1.0-incubating/htrace-core4-4.1.0-incubating.jar:/home/user/.m2/repository/org/apache/zookeeper/zookeeper/3.4.13/zookeeper-3.4.13.jar:/home/user/.m2/repository/jline/jline/0.9.94/jline-0.9.94.jar:/home/user/.m2/repository/org/apache/yetus/audience-annotations/0.5.0/audience-annotations-0.5.0.jar:/home/user/.m2/repository/org/codehaus/woodstox/stax2-api/3.1.4/stax2-api-3.1.4.jar:/home/user/.m2/repository/com/fasterxml/woodstox/woodstox-core/5.0.3/woodstox-core-5.0.3.jar:/home/user/.m2/repository/dnsjava/dnsjava/2.1.7/dnsjava-2.1.7.jar:/home/user/.m2/repository/org/apache/hadoop/hadoop-hdfs/3.2.0/hadoop-hdfs-3.2.0-tests.jar:/home/user/.m2/repository/org/eclipse/jetty/jetty-util-ajax/9.3.25.v20180904/jetty-util-ajax-9.3.25.v20180904.jar:/home/user/.m2/repository/commons-daemon/commons-daemon/1.0.13/commons-daemon-1.0.13.jar:/home/user/.m2/repository/io/netty/netty/3.10.5.Final/netty-3.10.5.Final.jar:/home/user/.m2/repository/io/netty/netty-all/4.0.52.Final/netty-all-4.0.52.Final.jar:/home/user/.m2/repository/org/fusesource/leveldbjni/leveldbjni-all/1.8/leveldbjni-all-1.8.jar:"/>
    <property name="java.vm.vendor" value="Oracle Corporation"/>
    <property name="sun.arch.data.model" value="64"/>
    <property name="test.build.dir" value="/workdir/hadoop-ozone/integration-test/target/test-dir"/>
    <property name="test.cache.data" value=""/>
    <property name="java.vendor.url" value="http://java.oracle.com/"/>
    <property name="user.timezone" value=""/>
    <property name="java.vm.specification.version" value="1.8"/>
    <property name="os.name" value="Linux"/>
    <property name="test.build.data" value="/workdir/hadoop-ozone/integration-test/target/test-dir"/>
    <property name="user.country" value="US"/>
    <property name="sun.java.launcher" value="SUN_STANDARD"/>
    <property name="sun.boot.library.path" value="/usr/lib/jvm/java-1.8.0-openjdk-1.8.0.222.b10-1.el7_7.x86_64/jre/lib/amd64"/>
    <property name="sun.java.command" value="/workdir/hadoop-ozone/integration-test/target/surefire/surefirebooter4197322988843709103.jar /workdir/hadoop-ozone/integration-test/target/surefire 2019-10-19T00-40-05_434-jvmRun1 surefire5375228937466400922tmp surefire_263943792981809042202tmp"/>
    <property name="surefire.test.class.path" value="/workdir/hadoop-ozone/integration-test/target/test-classes:/workdir/hadoop-ozone/integration-test/target/classes:/home/user/.m2/repository/org/apache/hadoop/hadoop-ozone-common/0.5.0-SNAPSHOT/hadoop-ozone-common-0.5.0-SNAPSHOT.jar:/home/user/.m2/repository/org/apache/commons/commons-compress/1.4.1/commons-compress-1.4.1.jar:/home/user/.m2/repository/org/tukaani/xz/1.0/xz-1.0.jar:/home/user/.m2/repository/org/apache/hadoop/hadoop-common/3.2.0/hadoop-common-3.2.0.jar:/home/user/.m2/repository/org/apache/hadoop/hadoop-hdfs/3.2.0/hadoop-hdfs-3.2.0.jar:/home/user/.m2/repository/org/apache/hadoop/hadoop-hdfs-client/3.2.0/hadoop-hdfs-client-3.2.0.jar:/home/user/.m2/repository/com/fasterxml/jackson/core/jackson-annotations/2.9.9/jackson-annotations-2.9.9.jar:/home/user/.m2/repository/org/apache/hadoop/hadoop-hdds-common/0.5.0-SNAPSHOT/hadoop-hdds-common-0.5.0-SNAPSHOT.jar:/home/user/.m2/repository/javax/annotation/javax.annotation-api/1.2/javax.annotation-api-1.2.jar:/home/user/.m2/repository/org/apache/ratis/ratis-server/0.5.0-3f446aa-SNAPSHOT/ratis-server-0.5.0-3f446aa-SNAPSHOT.jar:/home/user/.m2/repository/org/apache/ratis/ratis-thirdparty-misc/0.2.0/ratis-thirdparty-misc-0.2.0.jar:/home/user/.m2/repository/org/apache/ratis/ratis-proto/0.5.0-3f446aa-SNAPSHOT/ratis-proto-0.5.0-3f446aa-SNAPSHOT.jar:/home/user/.m2/repository/org/apache/ratis/ratis-common/0.5.0-3f446aa-SNAPSHOT/ratis-common-0.5.0-3f446aa-SNAPSHOT.jar:/home/user/.m2/repository/org/apache/ratis/ratis-client/0.5.0-3f446aa-SNAPSHOT/ratis-client-0.5.0-3f446aa-SNAPSHOT.jar:/home/user/.m2/repository/org/apache/ratis/ratis-metrics/0.5.0-3f446aa-SNAPSHOT/ratis-metrics-0.5.0-3f446aa-SNAPSHOT.jar:/home/user/.m2/repository/com/github/joshelser/dropwizard-metrics-hadoop-metrics2-reporter/0.1.2/dropwizard-metrics-hadoop-metrics2-reporter-0.1.2.jar:/home/user/.m2/repository/io/dropwizard/metrics/metrics-jvm/3.2.5/metrics-jvm-3.2.5.jar:/home/user/.m2/repository/io/dropwizard/metrics/metrics-ganglia/3.2.5/metrics-ganglia-3.2.5.jar:/home/user/.m2/repository/info/ganglia/gmetric4j/gmetric4j/1.0.7/gmetric4j-1.0.7.jar:/home/user/.m2/repository/org/apache/ratis/ratis-netty/0.5.0-3f446aa-SNAPSHOT/ratis-netty-0.5.0-3f446aa-SNAPSHOT.jar:/home/user/.m2/repository/org/apache/ratis/ratis-grpc/0.5.0-3f446aa-SNAPSHOT/ratis-grpc-0.5.0-3f446aa-SNAPSHOT.jar:/home/user/.m2/repository/org/rocksdb/rocksdbjni/6.0.1/rocksdbjni-6.0.1.jar:/home/user/.m2/repository/org/apache/logging/log4j/log4j-api/2.11.0/log4j-api-2.11.0.jar:/home/user/.m2/repository/org/apache/logging/log4j/log4j-core/2.11.0/log4j-core-2.11.0.jar:/home/user/.m2/repository/com/lmax/disruptor/3.4.2/disruptor-3.4.2.jar:/home/user/.m2/repository/org/apache/commons/commons-pool2/2.6.0/commons-pool2-2.6.0.jar:/home/user/.m2/repository/org/bouncycastle/bcpkix-jdk15on/1.60/bcpkix-jdk15on-1.60.jar:/home/user/.m2/repository/commons-validator/commons-validator/1.6/commons-validator-1.6.jar:/home/user/.m2/repository/commons-digester/commons-digester/1.8.1/commons-digester-1.8.1.jar:/home/user/.m2/repository/io/jaegertracing/jaeger-client/0.34.0/jaeger-client-0.34.0.jar:/home/user/.m2/repository/io/jaegertracing/jaeger-thrift/0.34.0/jaeger-thrift-0.34.0.jar:/home/user/.m2/repository/org/apache/thrift/libthrift/0.12.0/libthrift-0.12.0.jar:/home/user/.m2/repository/com/squareup/okhttp3/okhttp/3.9.0/okhttp-3.9.0.jar:/home/user/.m2/repository/com/squareup/okio/okio/1.13.0/okio-1.13.0.jar:/home/user/.m2/repository/io/jaegertracing/jaeger-core/0.34.0/jaeger-core-0.34.0.jar:/home/user/.m2/repository/io/jaegertracing/jaeger-tracerresolver/0.34.0/jaeger-tracerresolver-0.34.0.jar:/home/user/.m2/repository/io/opentracing/contrib/opentracing-tracerresolver/0.1.5/opentracing-tracerresolver-0.1.5.jar:/home/user/.m2/repository/io/opentracing/opentracing-util/0.31.0/opentracing-util-0.31.0.jar:/home/user/.m2/repository/io/opentracing/opentracing-api/0.31.0/opentracing-api-0.31.0.jar:/home/user/.m2/repository/io/opentracing/opentracing-noop/0.31.0/opentracing-noop-0.31.0.jar:/home/user/.m2/repository/org/apache/hadoop/hadoop-hdds-server-framework/0.5.0-SNAPSHOT/hadoop-hdds-server-framework-0.5.0-SNAPSHOT.jar:/home/user/.m2/repository/org/apache/hadoop/hadoop-hdds-container-service/0.5.0-SNAPSHOT/hadoop-hdds-container-service-0.5.0-SNAPSHOT.jar:/home/user/.m2/repository/org/apache/hadoop/hadoop-hdds-client/0.5.0-SNAPSHOT/hadoop-hdds-client-0.5.0-SNAPSHOT.jar:/home/user/.m2/repository/org/apache/hadoop/hadoop-hdds-tools/0.5.0-SNAPSHOT/hadoop-hdds-tools-0.5.0-SNAPSHOT.jar:/home/user/.m2/repository/org/apache/hadoop/hadoop-hdds-server-scm/0.5.0-SNAPSHOT/hadoop-hdds-server-scm-0.5.0-SNAPSHOT.jar:/home/user/.m2/repository/org/apache/hadoop/hadoop-hdds-docs/0.5.0-SNAPSHOT/hadoop-hdds-docs-0.5.0-SNAPSHOT.jar:/home/user/.m2/repository/io/dropwizard/metrics/metrics-core/3.2.4/metrics-core-3.2.4.jar:/home/user/.m2/repository/org/hamcrest/hamcrest-all/1.3/hamcrest-all-1.3.jar:/home/user/.m2/repository/org/bouncycastle/bcprov-jdk15on/1.60/bcprov-jdk15on-1.60.jar:/home/user/.m2/repository/info/picocli/picocli/3.9.6/picocli-3.9.6.jar:/home/user/.m2/repository/com/google/protobuf/protobuf-java/2.5.0/protobuf-java-2.5.0.jar:/home/user/.m2/repository/com/google/guava/guava/11.0.2/guava-11.0.2.jar:/home/user/.m2/repository/org/apache/hadoop/hadoop-ozone-ozone-manager/0.5.0-SNAPSHOT/hadoop-ozone-ozone-manager-0.5.0-SNAPSHOT.jar:/home/user/.m2/repository/org/apache/hadoop/hadoop-minikdc/3.2.0/hadoop-minikdc-3.2.0.jar:/home/user/.m2/repository/commons-io/commons-io/2.5/commons-io-2.5.jar:/home/user/.m2/repository/org/apache/kerby/kerb-simplekdc/1.0.1/kerb-simplekdc-1.0.1.jar:/home/user/.m2/repository/org/apache/kerby/kerb-client/1.0.1/kerb-client-1.0.1.jar:/home/user/.m2/repository/org/apache/kerby/kerby-config/1.0.1/kerby-config-1.0.1.jar:/home/user/.m2/repository/org/apache/kerby/kerb-core/1.0.1/kerb-core-1.0.1.jar:/home/user/.m2/repository/org/apache/kerby/kerby-pkix/1.0.1/kerby-pkix-1.0.1.jar:/home/user/.m2/repository/org/apache/kerby/kerby-asn1/1.0.1/kerby-asn1-1.0.1.jar:/home/user/.m2/repository/org/apache/kerby/kerby-util/1.0.1/kerby-util-1.0.1.jar:/home/user/.m2/repository/org/apache/kerby/kerb-common/1.0.1/kerb-common-1.0.1.jar:/home/user/.m2/repository/org/apache/kerby/kerb-crypto/1.0.1/kerb-crypto-1.0.1.jar:/home/user/.m2/repository/org/apache/kerby/kerb-util/1.0.1/kerb-util-1.0.1.jar:/home/user/.m2/repository/org/apache/kerby/token-provider/1.0.1/token-provider-1.0.1.jar:/home/user/.m2/repository/org/apache/kerby/kerb-admin/1.0.1/kerb-admin-1.0.1.jar:/home/user/.m2/repository/org/apache/kerby/kerb-server/1.0.1/kerb-server-1.0.1.jar:/home/user/.m2/repository/org/apache/kerby/kerb-identity/1.0.1/kerb-identity-1.0.1.jar:/home/user/.m2/repository/org/apache/kerby/kerby-xdr/1.0.1/kerby-xdr-1.0.1.jar:/home/user/.m2/repository/org/slf4j/slf4j-log4j12/1.7.25/slf4j-log4j12-1.7.25.jar:/home/user/.m2/repository/org/apache/hadoop/hadoop-ozone-s3gateway/0.5.0-SNAPSHOT/hadoop-ozone-s3gateway-0.5.0-SNAPSHOT.jar:/home/user/.m2/repository/org/jboss/weld/servlet/weld-servlet/2.4.7.Final/weld-servlet-2.4.7.Final.jar:/home/user/.m2/repository/org/glassfish/jersey/containers/jersey-container-servlet-core/2.27/jersey-container-servlet-core-2.27.jar:/home/user/.m2/repository/org/glassfish/hk2/external/javax.inject/2.5.0-b42/javax.inject-2.5.0-b42.jar:/home/user/.m2/repository/org/glassfish/jersey/core/jersey-common/2.27/jersey-common-2.27.jar:/home/user/.m2/repository/org/glassfish/hk2/osgi-resource-locator/1.0.1/osgi-resource-locator-1.0.1.jar:/home/user/.m2/repository/javax/ws/rs/javax.ws.rs-api/2.1/javax.ws.rs-api-2.1.jar:/home/user/.m2/repository/org/glassfish/jersey/ext/cdi/jersey-cdi1x/2.27/jersey-cdi1x-2.27.jar:/home/user/.m2/repository/org/glassfish/jersey/inject/jersey-hk2/2.27/jersey-hk2-2.27.jar:/home/user/.m2/repository/org/glassfish/hk2/hk2-locator/2.5.0-b42/hk2-locator-2.5.0-b42.jar:/home/user/.m2/repository/org/javassist/javassist/3.22.0-CR2/javassist-3.22.0-CR2.jar:/home/user/.m2/repository/org/glassfish/hk2/hk2-api/2.5.0/hk2-api-2.5.0.jar:/home/user/.m2/repository/org/glassfish/hk2/external/jakarta.inject/2.5.0/jakarta.inject-2.5.0.jar:/home/user/.m2/repository/org/glassfish/hk2/hk2-utils/2.5.0/hk2-utils-2.5.0.jar:/home/user/.m2/repository/jakarta/annotation/jakarta.annotation-api/1.3.4/jakarta.annotation-api-1.3.4.jar:/home/user/.m2/repository/org/glassfish/hk2/external/aopalliance-repackaged/2.5.0/aopalliance-repackaged-2.5.0.jar:/home/user/.m2/repository/com/fasterxml/jackson/dataformat/jackson-dataformat-xml/2.9.0/jackson-dataformat-xml-2.9.0.jar:/home/user/.m2/repository/com/fasterxml/jackson/core/jackson-core/2.9.9/jackson-core-2.9.9.jar:/home/user/.m2/repository/com/fasterxml/jackson/module/jackson-module-jaxb-annotations/2.9.9/jackson-module-jaxb-annotations-2.9.9.jar:/home/user/.m2/repository/javax/enterprise/cdi-api/1.2/cdi-api-1.2.jar:/home/user/.m2/repository/javax/el/javax.el-api/3.0.0/javax.el-api-3.0.0.jar:/home/user/.m2/repository/javax/interceptor/javax.interceptor-api/1.2/javax.interceptor-api-1.2.jar:/home/user/.m2/repository/javax/inject/javax.inject/1/javax.inject-1.jar:/home/user/.m2/repository/com/sun/xml/bind/jaxb-impl/2.3.0.1/jaxb-impl-2.3.0.1.jar:/home/user/.m2/repository/com/sun/xml/bind/jaxb-core/2.3.0.1/jaxb-core-2.3.0.1.jar:/home/user/.m2/repository/javax/xml/bind/jaxb-api/2.3.0/jaxb-api-2.3.0.jar:/home/user/.m2/repository/javax/activation/activation/1.1.1/activation-1.1.1.jar:/home/user/.m2/repository/org/apache/hadoop/hadoop-ozone-csi/0.5.0-SNAPSHOT/hadoop-ozone-csi-0.5.0-SNAPSHOT.jar:/home/user/.m2/repository/com/google/protobuf/protobuf-java-util/3.5.1/protobuf-java-util-3.5.1.jar:/home/user/.m2/repository/org/apache/hadoop/hadoop-hdds-config/0.5.0-SNAPSHOT/hadoop-hdds-config-0.5.0-SNAPSHOT.jar:/home/user/.m2/repository/io/grpc/grpc-netty/1.17.1/grpc-netty-1.17.1.jar:/home/user/.m2/repository/io/grpc/grpc-core/1.17.1/grpc-core-1.17.1.jar:/home/user/.m2/repository/io/grpc/grpc-context/1.17.1/grpc-context-1.17.1.jar:/home/user/.m2/repository/com/google/errorprone/error_prone_annotations/2.2.0/error_prone_annotations-2.2.0.jar:/home/user/.m2/repository/org/codehaus/mojo/animal-sniffer-annotations/1.17/animal-sniffer-annotations-1.17.jar:/home/user/.m2/repository/io/opencensus/opencensus-api/0.17.0/opencensus-api-0.17.0.jar:/home/user/.m2/repository/io/opencensus/opencensus-contrib-grpc-metrics/0.17.0/opencensus-contrib-grpc-metrics-0.17.0.jar:/home/user/.m2/repository/io/netty/netty-codec-http2/4.1.30.Final/netty-codec-http2-4.1.30.Final.jar:/home/user/.m2/repository/io/netty/netty-codec-http/4.1.30.Final/netty-codec-http-4.1.30.Final.jar:/home/user/.m2/repository/io/netty/netty-codec/4.1.30.Final/netty-codec-4.1.30.Final.jar:/home/user/.m2/repository/io/netty/netty-handler/4.1.30.Final/netty-handler-4.1.30.Final.jar:/home/user/.m2/repository/io/netty/netty-handler-proxy/4.1.30.Final/netty-handler-proxy-4.1.30.Final.jar:/home/user/.m2/repository/io/netty/netty-codec-socks/4.1.30.Final/netty-codec-socks-4.1.30.Final.jar:/home/user/.m2/repository/io/netty/netty-transport-native-epoll/4.1.30.Final/netty-transport-native-epoll-4.1.30.Final.jar:/home/user/.m2/repository/io/netty/netty-common/4.1.30.Final/netty-common-4.1.30.Final.jar:/home/user/.m2/repository/io/netty/netty-buffer/4.1.30.Final/netty-buffer-4.1.30.Final.jar:/home/user/.m2/repository/io/netty/netty-transport/4.1.30.Final/netty-transport-4.1.30.Final.jar:/home/user/.m2/repository/io/netty/netty-resolver/4.1.30.Final/netty-resolver-4.1.30.Final.jar:/home/user/.m2/repository/io/netty/netty-transport-native-unix-common/4.1.30.Final/netty-transport-native-unix-common-4.1.30.Final.jar:/home/user/.m2/repository/io/grpc/grpc-protobuf/1.17.1/grpc-protobuf-1.17.1.jar:/home/user/.m2/repository/com/google/api/grpc/proto-google-common-protos/1.0.0/proto-google-common-protos-1.0.0.jar:/home/user/.m2/repository/io/grpc/grpc-protobuf-lite/1.17.1/grpc-protobuf-lite-1.17.1.jar:/home/user/.m2/repository/io/grpc/grpc-stub/1.17.1/grpc-stub-1.17.1.jar:/home/user/.m2/repository/org/apache/hadoop/hadoop-ozone-recon/0.5.0-SNAPSHOT/hadoop-ozone-recon-0.5.0-SNAPSHOT.jar:/home/user/.m2/repository/org/apache/hadoop/hadoop-ozone-reconcodegen/0.5.0-SNAPSHOT/hadoop-ozone-reconcodegen-0.5.0-SNAPSHOT.jar:/home/user/.m2/repository/com/google/inject/extensions/guice-multibindings/4.0/guice-multibindings-4.0.jar:/home/user/.m2/repository/com/google/inject/guice/4.0/guice-4.0.jar:/home/user/.m2/repository/aopalliance/aopalliance/1.0/aopalliance-1.0.jar:/home/user/.m2/repository/com/google/inject/extensions/guice-servlet/4.0/guice-servlet-4.0.jar:/home/user/.m2/repository/org/glassfish/jersey/containers/jersey-container-servlet/2.27/jersey-container-servlet-2.27.jar:/home/user/.m2/repository/org/glassfish/hk2/guice-bridge/2.5.0/guice-bridge-2.5.0.jar:/home/user/.m2/repository/org/glassfish/jersey/core/jersey-server/2.27/jersey-server-2.27.jar:/home/user/.m2/repository/org/glassfish/jersey/core/jersey-client/2.27/jersey-client-2.27.jar:/home/user/.m2/repository/org/glassfish/jersey/media/jersey-media-jaxb/2.27/jersey-media-jaxb-2.27.jar:/home/user/.m2/repository/javax/validation/validation-api/1.1.0.Final/validation-api-1.1.0.Final.jar:/home/user/.m2/repository/org/glassfish/jersey/media/jersey-media-json-jackson/2.27/jersey-media-json-jackson-2.27.jar:/home/user/.m2/repository/org/glassfish/jersey/ext/jersey-entity-filtering/2.27/jersey-entity-filtering-2.27.jar:/home/user/.m2/repository/com/google/inject/extensions/guice-assistedinject/4.0/guice-assistedinject-4.0.jar:/home/user/.m2/repository/org/jooq/jooq/3.11.10/jooq-3.11.10.jar:/home/user/.m2/repository/org/jooq/jooq-meta/3.11.10/jooq-meta-3.11.10.jar:/home/user/.m2/repository/org/jooq/jooq-codegen/3.11.10/jooq-codegen-3.11.10.jar:/home/user/.m2/repository/com/jolbox/bonecp/0.8.0.RELEASE/bonecp-0.8.0.RELEASE.jar:/home/user/.m2/repository/org/xerial/sqlite-jdbc/3.25.2/sqlite-jdbc-3.25.2.jar:/home/user/.m2/repository/org/springframework/spring-jdbc/5.1.3.RELEASE/spring-jdbc-5.1.3.RELEASE.jar:/home/user/.m2/repository/org/springframework/spring-beans/5.1.3.RELEASE/spring-beans-5.1.3.RELEASE.jar:/home/user/.m2/repository/org/springframework/spring-core/5.1.3.RELEASE/spring-core-5.1.3.RELEASE.jar:/home/user/.m2/repository/org/springframework/spring-jcl/5.1.3.RELEASE/spring-jcl-5.1.3.RELEASE.jar:/home/user/.m2/repository/org/springframework/spring-tx/5.1.3.RELEASE/spring-tx-5.1.3.RELEASE.jar:/home/user/.m2/repository/org/apache/hadoop/hadoop-ozone-client/0.5.0-SNAPSHOT/hadoop-ozone-client-0.5.0-SNAPSHOT.jar:/home/user/.m2/repository/commons-lang/commons-lang/2.6/commons-lang-2.6.jar:/home/user/.m2/repository/org/apache/hadoop/hadoop-ozone-ozone-manager/0.5.0-SNAPSHOT/hadoop-ozone-ozone-manager-0.5.0-SNAPSHOT-tests.jar:/home/user/.m2/repository/junit/junit/4.11/junit-4.11.jar:/home/user/.m2/repository/org/hamcrest/hamcrest-core/1.3/hamcrest-core-1.3.jar:/home/user/.m2/repository/org/openjdk/jmh/jmh-core/1.19/jmh-core-1.19.jar:/home/user/.m2/repository/net/sf/jopt-simple/jopt-simple/4.6/jopt-simple-4.6.jar:/home/user/.m2/repository/org/apache/commons/commons-math3/3.1.1/commons-math3-3.1.1.jar:/home/user/.m2/repository/org/openjdk/jmh/jmh-generator-annprocess/1.19/jmh-generator-annprocess-1.19.jar:/home/user/.m2/repository/org/mockito/mockito-all/1.8.5/mockito-all-1.8.5.jar:/home/user/.m2/repository/org/apache/hadoop/hadoop-kms/3.2.0/hadoop-kms-3.2.0.jar:/home/user/.m2/repository/org/apache/hadoop/hadoop-auth/3.2.0/hadoop-auth-3.2.0.jar:/home/user/.m2/repository/com/nimbusds/nimbus-jose-jwt/4.41.1/nimbus-jose-jwt-4.41.1.jar:/home/user/.m2/repository/com/github/stephenc/jcip/jcip-annotations/1.0-1/jcip-annotations-1.0-1.jar:/home/user/.m2/repository/net/minidev/json-smart/2.3/json-smart-2.3.jar:/home/user/.m2/repository/net/minidev/accessors-smart/1.2/accessors-smart-1.2.jar:/home/user/.m2/repository/org/ow2/asm/asm/5.0.4/asm-5.0.4.jar:/home/user/.m2/repository/org/apache/curator/curator-framework/2.12.0/curator-framework-2.12.0.jar:/home/user/.m2/repository/com/sun/jersey/jersey-core/1.19/jersey-core-1.19.jar:/home/user/.m2/repository/javax/ws/rs/jsr311-api/1.1.1/jsr311-api-1.1.1.jar:/home/user/.m2/repository/com/sun/jersey/jersey-server/1.19/jersey-server-1.19.jar:/home/user/.m2/repository/javax/servlet/javax.servlet-api/3.1.0/javax.servlet-api-3.1.0.jar:/home/user/.m2/repository/org/eclipse/jetty/jetty-server/9.3.25.v20180904/jetty-server-9.3.25.v20180904.jar:/home/user/.m2/repository/org/eclipse/jetty/jetty-http/9.3.25.v20180904/jetty-http-9.3.25.v20180904.jar:/home/user/.m2/repository/org/eclipse/jetty/jetty-io/9.3.25.v20180904/jetty-io-9.3.25.v20180904.jar:/home/user/.m2/repository/org/eclipse/jetty/jetty-webapp/9.3.25.v20180904/jetty-webapp-9.3.25.v20180904.jar:/home/user/.m2/repository/org/eclipse/jetty/jetty-xml/9.3.25.v20180904/jetty-xml-9.3.25.v20180904.jar:/home/user/.m2/repository/log4j/log4j/1.2.17/log4j-1.2.17.jar:/home/user/.m2/repository/org/slf4j/slf4j-api/1.7.25/slf4j-api-1.7.25.jar:/home/user/.m2/repository/org/slf4j/jul-to-slf4j/1.7.25/jul-to-slf4j-1.7.25.jar:/home/user/.m2/repository/org/eclipse/jetty/jetty-util/9.3.25.v20180904/jetty-util-9.3.25.v20180904.jar:/home/user/.m2/repository/com/fasterxml/jackson/core/jackson-databind/2.9.9/jackson-databind-2.9.9.jar:/home/user/.m2/repository/org/apache/hadoop/hadoop-kms/3.2.0/hadoop-kms-3.2.0-tests.jar:/home/user/.m2/repository/org/apache/hadoop/hadoop-hdds-server-scm/0.5.0-SNAPSHOT/hadoop-hdds-server-scm-0.5.0-SNAPSHOT-tests.jar:/home/user/.m2/repository/org/apache/hadoop/hadoop-hdds-container-service/0.5.0-SNAPSHOT/hadoop-hdds-container-service-0.5.0-SNAPSHOT-tests.jar:/home/user/.m2/repository/org/yaml/snakeyaml/1.16/snakeyaml-1.16.jar:/home/user/.m2/repository/org/apache/hadoop/hadoop-common/3.2.0/hadoop-common-3.2.0-tests.jar:/home/user/.m2/repository/org/apache/hadoop/hadoop-annotations/3.2.0/hadoop-annotations-3.2.0.jar:/usr/lib/jvm/java-1.8.0-openjdk-1.8.0.222.b10-1.el7_7.x86_64/jre/../lib/tools.jar:/home/user/.m2/repository/commons-cli/commons-cli/1.2/commons-cli-1.2.jar:/home/user/.m2/repository/org/apache/httpcomponents/httpclient/4.5.2/httpclient-4.5.2.jar:/home/user/.m2/repository/org/apache/httpcomponents/httpcore/4.4.4/httpcore-4.4.4.jar:/home/user/.m2/repository/commons-codec/commons-codec/1.11/commons-codec-1.11.jar:/home/user/.m2/repository/commons-net/commons-net/3.6/commons-net-3.6.jar:/home/user/.m2/repository/commons-collections/commons-collections/3.2.2/commons-collections-3.2.2.jar:/home/user/.m2/repository/org/eclipse/jetty/jetty-servlet/9.3.25.v20180904/jetty-servlet-9.3.25.v20180904.jar:/home/user/.m2/repository/org/eclipse/jetty/jetty-security/9.3.25.v20180904/jetty-security-9.3.25.v20180904.jar:/home/user/.m2/repository/javax/servlet/jsp/jsp-api/2.1/jsp-api-2.1.jar:/home/user/.m2/repository/com/sun/jersey/jersey-servlet/1.19/jersey-servlet-1.19.jar:/home/user/.m2/repository/com/sun/jersey/jersey-json/1.19/jersey-json-1.19.jar:/home/user/.m2/repository/org/codehaus/jettison/jettison/1.1/jettison-1.1.jar:/home/user/.m2/repository/org/codehaus/jackson/jackson-core-asl/1.9.13/jackson-core-asl-1.9.13.jar:/home/user/.m2/repository/org/codehaus/jackson/jackson-mapper-asl/1.9.13/jackson-mapper-asl-1.9.13.jar:/home/user/.m2/repository/org/codehaus/jackson/jackson-jaxrs/1.9.13/jackson-jaxrs-1.9.13.jar:/home/user/.m2/repository/org/codehaus/jackson/jackson-xc/1.9.13/jackson-xc-1.9.13.jar:/home/user/.m2/repository/commons-logging/commons-logging/1.1.3/commons-logging-1.1.3.jar:/home/user/.m2/repository/commons-beanutils/commons-beanutils/1.9.4/commons-beanutils-1.9.4.jar:/home/user/.m2/repository/org/apache/commons/commons-configuration2/2.1.1/commons-configuration2-2.1.1.jar:/home/user/.m2/repository/org/apache/commons/commons-lang3/3.7/commons-lang3-3.7.jar:/home/user/.m2/repository/org/apache/commons/commons-text/1.4/commons-text-1.4.jar:/home/user/.m2/repository/org/apache/avro/avro/1.7.7/avro-1.7.7.jar:/home/user/.m2/repository/com/thoughtworks/paranamer/paranamer/2.3/paranamer-2.3.jar:/home/user/.m2/repository/org/xerial/snappy/snappy-java/1.0.5/snappy-java-1.0.5.jar:/home/user/.m2/repository/com/google/re2j/re2j/1.1/re2j-1.1.jar:/home/user/.m2/repository/com/google/code/gson/gson/2.2.4/gson-2.2.4.jar:/home/user/.m2/repository/com/jcraft/jsch/0.1.54/jsch-0.1.54.jar:/home/user/.m2/repository/org/apache/curator/curator-client/2.12.0/curator-client-2.12.0.jar:/home/user/.m2/repository/org/apache/curator/curator-recipes/2.12.0/curator-recipes-2.12.0.jar:/home/user/.m2/repository/com/google/code/findbugs/jsr305/3.0.0/jsr305-3.0.0.jar:/home/user/.m2/repository/org/apache/htrace/htrace-core4/4.1.0-incubating/htrace-core4-4.1.0-incubating.jar:/home/user/.m2/repository/org/apache/zookeeper/zookeeper/3.4.13/zookeeper-3.4.13.jar:/home/user/.m2/repository/jline/jline/0.9.94/jline-0.9.94.jar:/home/user/.m2/repository/org/apache/yetus/audience-annotations/0.5.0/audience-annotations-0.5.0.jar:/home/user/.m2/repository/org/codehaus/woodstox/stax2-api/3.1.4/stax2-api-3.1.4.jar:/home/user/.m2/repository/com/fasterxml/woodstox/woodstox-core/5.0.3/woodstox-core-5.0.3.jar:/home/user/.m2/repository/dnsjava/dnsjava/2.1.7/dnsjava-2.1.7.jar:/home/user/.m2/repository/org/apache/hadoop/hadoop-hdfs/3.2.0/hadoop-hdfs-3.2.0-tests.jar:/home/user/.m2/repository/org/eclipse/jetty/jetty-util-ajax/9.3.25.v20180904/jetty-util-ajax-9.3.25.v20180904.jar:/home/user/.m2/repository/commons-daemon/commons-daemon/1.0.13/commons-daemon-1.0.13.jar:/home/user/.m2/repository/io/netty/netty/3.10.5.Final/netty-3.10.5.Final.jar:/home/user/.m2/repository/io/netty/netty-all/4.0.52.Final/netty-all-4.0.52.Final.jar:/home/user/.m2/repository/org/fusesource/leveldbjni/leveldbjni-all/1.8/leveldbjni-all-1.8.jar:"/>
    <property name="sun.cpu.endian" value="little"/>
    <property name="user.home" value="/home/user"/>
    <property name="user.language" value="en"/>
    <property name="java.specification.vendor" value="Oracle Corporation"/>
    <property name="java.home" value="/usr/lib/jvm/java-1.8.0-openjdk-1.8.0.222.b10-1.el7_7.x86_64/jre"/>
    <property name="surefire.excludesFile" value="/tools/ozone-bad-unit-tests"/>
    <property name="java.security.krb5.conf" value="/workdir/hadoop-ozone/integration-test/target/test-classes/krb5.conf"/>
    <property name="basedir" value="/workdir/hadoop-ozone/integration-test"/>
    <property name="file.separator" value="/"/>
    <property name="line.separator" value="&#10;"/>
    <property name="java.vm.specification.vendor" value="Oracle Corporation"/>
    <property name="java.specification.name" value="Java Platform API Specification"/>
    <property name="java.awt.graphicsenv" value="sun.awt.X11GraphicsEnvironment"/>
    <property name="surefire.real.class.path" value="/workdir/hadoop-ozone/integration-test/target/surefire/surefirebooter4197322988843709103.jar"/>
    <property name="hadoop.log.dir" value="/workdir/hadoop-ozone/integration-test/target/log"/>
    <property name="sun.boot.class.path" value="/usr/lib/jvm/java-1.8.0-openjdk-1.8.0.222.b10-1.el7_7.x86_64/jre/lib/resources.jar:/usr/lib/jvm/java-1.8.0-openjdk-1.8.0.222.b10-1.el7_7.x86_64/jre/lib/rt.jar:/usr/lib/jvm/java-1.8.0-openjdk-1.8.0.222.b10-1.el7_7.x86_64/jre/lib/sunrsasign.jar:/usr/lib/jvm/java-1.8.0-openjdk-1.8.0.222.b10-1.el7_7.x86_64/jre/lib/jsse.jar:/usr/lib/jvm/java-1.8.0-openjdk-1.8.0.222.b10-1.el7_7.x86_64/jre/lib/jce.jar:/usr/lib/jvm/java-1.8.0-openjdk-1.8.0.222.b10-1.el7_7.x86_64/jre/lib/charsets.jar:/usr/lib/jvm/java-1.8.0-openjdk-1.8.0.222.b10-1.el7_7.x86_64/jre/lib/jfr.jar:/usr/lib/jvm/java-1.8.0-openjdk-1.8.0.222.b10-1.el7_7.x86_64/jre/classes"/>
    <property name="sun.management.compiler" value="HotSpot 64-Bit Tiered Compilers"/>
    <property name="java.runtime.version" value="1.8.0_222-b10"/>
    <property name="java.net.preferIPv4Stack" value="true"/>
    <property name="user.name" value="jenkins1000"/>
    <property name="path.separator" value=":"/>
    <property name="java.security.egd" value="file:///dev/urandom"/>
    <property name="os.version" value="3.10.0-957.12.2.el7.x86_64"/>
    <property name="java.endorsed.dirs" value="/usr/lib/jvm/java-1.8.0-openjdk-1.8.0.222.b10-1.el7_7.x86_64/jre/lib/endorsed"/>
    <property name="java.runtime.name" value="OpenJDK Runtime Environment"/>
    <property name="file.encoding" value="ANSI_X3.4-1968"/>
    <property name="java.vm.name" value="OpenJDK 64-Bit Server VM"/>
    <property name="test.build.webapps" value=""/>
    <property name="localRepository" value="/home/user/.m2/repository"/>
    <property name="java.vendor.url.bug" value="http://bugreport.sun.com/bugreport/"/>
    <property name="java.io.tmpdir" value="/tmp"/>
    <property name="require.test.libhadoop" value=""/>
    <property name="java.version" value="1.8.0_222"/>
    <property name="user.dir" value="/workdir/hadoop-ozone/integration-test"/>
    <property name="os.arch" value="amd64"/>
    <property name="java.vm.specification.name" value="Java Virtual Machine Specification"/>
    <property name="test.build.classes" value="/workdir/hadoop-ozone/integration-test/target/test-classes"/>
    <property name="java.awt.printerjob" value="sun.print.PSPrinterJob"/>
    <property name="sun.os.patch.level" value="unknown"/>
    <property name="hadoop.tmp.dir" value="/workdir/hadoop-ozone/integration-test/target/tmp"/>
    <property name="java.library.path" value="/usr/lib:/workdir/hadoop-ozone/integration-test/target/native/target/usr/local/lib:/workdir/hadoop-ozone/integration-test/../../hadoop-common-project/hadoop-common/target/native/target/usr/local/lib:/usr/java/packages/lib/amd64:/usr/lib64:/lib64:/lib:/usr/lib"/>
    <property name="java.vm.info" value="mixed mode"/>
    <property name="java.vendor" value="Oracle Corporation"/>
    <property name="java.vm.version" value="25.222-b10"/>
    <property name="java.ext.dirs" value="/usr/lib/jvm/java-1.8.0-openjdk-1.8.0.222.b10-1.el7_7.x86_64/jre/lib/ext:/usr/java/packages/lib/ext"/>
    <property name="sun.io.unicode.encoding" value="UnicodeLittle"/>
    <property name="java.class.version" value="52.0"/>
  </properties>
  <testcase name="testDeleteKeyWithSlowFollower" classname="org.apache.hadoop.ozone.client.rpc.TestDeleteWithSlowFollower" time="111.683">
    <failure type="java.lang.AssertionError">java.lang.AssertionError
	at org.junit.Assert.fail(Assert.java:86)
	at org.junit.Assert.assertTrue(Assert.java:41)
	at org.junit.Assert.assertTrue(Assert.java:52)
	at org.apache.hadoop.ozone.client.rpc.TestDeleteWithSlowFollower.testDeleteKeyWithSlowFollower(TestDeleteWithSlowFollower.java:265)
	at sun.reflect.NativeMethodAccessorImpl.invoke0(Native Method)
	at sun.reflect.NativeMethodAccessorImpl.invoke(NativeMethodAccessorImpl.java:62)
	at sun.reflect.DelegatingMethodAccessorImpl.invoke(DelegatingMethodAccessorImpl.java:43)
	at java.lang.reflect.Method.invoke(Method.java:498)
	at org.junit.runners.model.FrameworkMethod$1.runReflectiveCall(FrameworkMethod.java:47)
	at org.junit.internal.runners.model.ReflectiveCallable.run(ReflectiveCallable.java:12)
	at org.junit.runners.model.FrameworkMethod.invokeExplosively(FrameworkMethod.java:44)
	at org.junit.internal.runners.statements.InvokeMethod.evaluate(InvokeMethod.java:17)
	at org.junit.runners.ParentRunner.runLeaf(ParentRunner.java:271)
	at org.junit.runners.BlockJUnit4ClassRunner.runChild(BlockJUnit4ClassRunner.java:70)
	at org.junit.runners.BlockJUnit4ClassRunner.runChild(BlockJUnit4ClassRunner.java:50)
	at org.junit.runners.ParentRunner$3.run(ParentRunner.java:238)
	at org.junit.runners.ParentRunner$1.schedule(ParentRunner.java:63)
	at org.junit.runners.ParentRunner.runChildren(ParentRunner.java:236)
	at org.junit.runners.ParentRunner.access$000(ParentRunner.java:53)
	at org.junit.runners.ParentRunner$2.evaluate(ParentRunner.java:229)
	at org.junit.internal.runners.statements.RunBefores.evaluate(RunBefores.java:26)
	at org.junit.internal.runners.statements.RunAfters.evaluate(RunAfters.java:27)
	at org.junit.runners.ParentRunner.run(ParentRunner.java:309)
	at org.apache.maven.surefire.junit4.JUnit4Provider.execute(JUnit4Provider.java:365)
	at org.apache.maven.surefire.junit4.JUnit4Provider.executeWithRerun(JUnit4Provider.java:273)
	at org.apache.maven.surefire.junit4.JUnit4Provider.executeTestSet(JUnit4Provider.java:238)
	at org.apache.maven.surefire.junit4.JUnit4Provider.invoke(JUnit4Provider.java:159)
	at org.apache.maven.surefire.booter.ForkedBooter.invokeProviderInSameClassLoader(ForkedBooter.java:384)
	at org.apache.maven.surefire.booter.ForkedBooter.runSuitesInProcess(ForkedBooter.java:345)
	at org.apache.maven.surefire.booter.ForkedBooter.execute(ForkedBooter.java:126)
	at org.apache.maven.surefire.booter.ForkedBooter.main(ForkedBooter.java:418)
</failure>
    <system-out><![CDATA[2019-10-19 01:15:14,645 [main] WARN  server.ServerUtils (ServerUtils.java:getScmDbDir(145)) - ozone.scm.db.dirs is not configured. We recommend adding this setting. Falling back to ozone.metadata.dirs instead.
2019-10-19 01:15:14,774 [main] WARN  server.ServerUtils (ServerUtils.java:getScmDbDir(145)) - ozone.scm.db.dirs is not configured. We recommend adding this setting. Falling back to ozone.metadata.dirs instead.
2019-10-19 01:15:14,777 [main] WARN  server.ServerUtils (ServerUtils.java:getScmDbDir(145)) - ozone.scm.db.dirs is not configured. We recommend adding this setting. Falling back to ozone.metadata.dirs instead.
2019-10-19 01:15:14,803 [main] INFO  util.log (Log.java:initialized(192)) - Logging initialized @843ms
2019-10-19 01:15:14,900 [main] INFO  db.DBStoreBuilder (DBStoreBuilder.java:addTable(127)) - using custom profile for table: deletedBlocks
2019-10-19 01:15:14,901 [main] INFO  db.DBStoreBuilder (DBStoreBuilder.java:processTables(183)) - Using default column profile:DBProfile.DISK for Table:deletedBlocks
2019-10-19 01:15:14,901 [main] INFO  db.DBStoreBuilder (DBStoreBuilder.java:addTable(127)) - using custom profile for table: validCerts
2019-10-19 01:15:14,901 [main] INFO  db.DBStoreBuilder (DBStoreBuilder.java:processTables(183)) - Using default column profile:DBProfile.DISK for Table:validCerts
2019-10-19 01:15:14,902 [main] INFO  db.DBStoreBuilder (DBStoreBuilder.java:addTable(127)) - using custom profile for table: revokedCerts
2019-10-19 01:15:14,902 [main] INFO  db.DBStoreBuilder (DBStoreBuilder.java:processTables(183)) - Using default column profile:DBProfile.DISK for Table:revokedCerts
2019-10-19 01:15:14,913 [main] INFO  db.DBStoreBuilder (DBStoreBuilder.java:addTable(127)) - using custom profile for table: default
2019-10-19 01:15:14,913 [main] INFO  db.DBStoreBuilder (DBStoreBuilder.java:processTables(189)) - Using default column profile:DBProfile.DISK for Table:default
2019-10-19 01:15:14,916 [main] INFO  db.DBStoreBuilder (DBStoreBuilder.java:getDbProfile(220)) - Using default options. DBProfile.DISK
2019-10-19 01:15:15,211 [main] INFO  net.NodeSchemaLoader (NodeSchemaLoader.java:loadSchemaFromFile(125)) - Loading file from sun.misc.CompoundEnumeration@74235045
2019-10-19 01:15:15,214 [main] INFO  net.NodeSchemaLoader (NodeSchemaLoader.java:loadSchema(171)) - Loading network topology layer schema file
2019-10-19 01:15:15,303 [main] WARN  server.ServerUtils (ServerUtils.java:sanitizeUserArgs(70)) - ozone.scm.stale.node.interval value = 1000000 is larger than max = 100000 based on the key value of ozone.scm.heartbeat.thread.interval, reset to the max value 100000.
2019-10-19 01:15:15,306 [main] WARN  server.ServerUtils (ServerUtils.java:sanitizeUserArgs(70)) - ozone.scm.stale.node.interval value = 1000000 is larger than max = 100000 based on the key value of ozone.scm.heartbeat.thread.interval, reset to the max value 100000.
2019-10-19 01:15:15,309 [main] INFO  node.SCMNodeManager (SCMNodeManager.java:<init>(116)) - Entering startup safe mode.
2019-10-19 01:15:15,375 [main] INFO  algorithms.ContainerPlacementPolicyFactory (ContainerPlacementPolicyFactory.java:getPolicy(57)) - Create container placement policy of type org.apache.hadoop.hdds.scm.container.placement.algorithms.SCMContainerPlacementRandom
2019-10-19 01:15:15,388 [main] WARN  server.ServerUtils (ServerUtils.java:getScmDbDir(145)) - ozone.scm.db.dirs is not configured. We recommend adding this setting. Falling back to ozone.metadata.dirs instead.
2019-10-19 01:15:15,463 [main] INFO  pipeline.SCMPipelineManager (SCMPipelineManager.java:initializePipelineState(132)) - No pipeline exists in current db
2019-10-19 01:15:15,466 [main] WARN  server.ServerUtils (ServerUtils.java:getScmDbDir(145)) - ozone.scm.db.dirs is not configured. We recommend adding this setting. Falling back to ozone.metadata.dirs instead.
2019-10-19 01:15:15,591 [main] WARN  events.EventQueue (EventQueue.java:fireEvent(183)) - No event handler registered for event TypedEvent{payloadType=SafeModeStatus, name='SafeModeStatus'}
2019-10-19 01:15:15,937 [main] INFO  ipc.CallQueueManager (CallQueueManager.java:<init>(84)) - Using callQueue: class java.util.concurrent.LinkedBlockingQueue, queueCapacity: 2000, scheduler: class org.apache.hadoop.ipc.DefaultRpcScheduler, ipcBackoff: false.
2019-10-19 01:15:16,066 [Socket Reader #1 for port 46138] INFO  ipc.Server (Server.java:run(1074)) - Starting Socket Reader #1 for port 46138
2019-10-19 01:15:16,107 [main] INFO  ipc.CallQueueManager (CallQueueManager.java:<init>(84)) - Using callQueue: class java.util.concurrent.LinkedBlockingQueue, queueCapacity: 2000, scheduler: class org.apache.hadoop.ipc.DefaultRpcScheduler, ipcBackoff: false.
2019-10-19 01:15:16,108 [Socket Reader #1 for port 35816] INFO  ipc.Server (Server.java:run(1074)) - Starting Socket Reader #1 for port 35816
2019-10-19 01:15:16,119 [main] INFO  ipc.CallQueueManager (CallQueueManager.java:<init>(84)) - Using callQueue: class java.util.concurrent.LinkedBlockingQueue, queueCapacity: 2000, scheduler: class org.apache.hadoop.ipc.DefaultRpcScheduler, ipcBackoff: false.
2019-10-19 01:15:16,119 [Socket Reader #1 for port 32812] INFO  ipc.Server (Server.java:run(1074)) - Starting Socket Reader #1 for port 32812
2019-10-19 01:15:16,145 [main] INFO  hdfs.DFSUtil (DFSUtil.java:httpServerTemplateForNNAndJN(1641)) - Starting Web-server for scm at: http://0.0.0.0:0
2019-10-19 01:15:16,331 [main] INFO  server.AuthenticationFilter (AuthenticationFilter.java:constructSecretProvider(240)) - Unable to initialize FileSignerSecretProvider, falling back to use random secrets.
2019-10-19 01:15:16,341 [main] WARN  http.HttpRequestLog (HttpRequestLog.java:getRequestLog(97)) - Jetty request log can only be enabled using Log4j
2019-10-19 01:15:16,349 [main] INFO  http.HttpServer2 (HttpServer2.java:addGlobalFilter(975)) - Added global filter 'safety' (class=org.apache.hadoop.http.HttpServer2$QuotingInputFilter)
2019-10-19 01:15:16,352 [main] INFO  http.HttpServer2 (HttpServer2.java:addFilter(948)) - Added filter static_user_filter (class=org.apache.hadoop.http.lib.StaticUserWebFilter$StaticUserFilter) to context scm
2019-10-19 01:15:16,352 [main] INFO  http.HttpServer2 (HttpServer2.java:addFilter(958)) - Added filter static_user_filter (class=org.apache.hadoop.http.lib.StaticUserWebFilter$StaticUserFilter) to context logs
2019-10-19 01:15:16,352 [main] INFO  http.HttpServer2 (HttpServer2.java:addFilter(958)) - Added filter static_user_filter (class=org.apache.hadoop.http.lib.StaticUserWebFilter$StaticUserFilter) to context static
2019-10-19 01:15:16,393 [main] INFO  server.StorageContainerManager (StorageContainerManager.java:start(772)) - StorageContainerLocationProtocol RPC server is listening at /0.0.0.0:32812
2019-10-19 01:15:16,458 [main] WARN  impl.MetricsConfig (MetricsConfig.java:loadFirst(134)) - Cannot locate configuration: tried hadoop-metrics2-storagecontainermanager.properties,hadoop-metrics2.properties
2019-10-19 01:15:16,471 [main] INFO  impl.MetricsSystemImpl (MetricsSystemImpl.java:startTimer(374)) - Scheduled Metric snapshot period at 10 second(s).
2019-10-19 01:15:16,471 [main] INFO  impl.MetricsSystemImpl (MetricsSystemImpl.java:start(191)) - StorageContainerManager metrics system started
2019-10-19 01:15:16,700 [main] INFO  server.SCMClientProtocolServer (SCMClientProtocolServer.java:start(159)) - RPC server for Client  is listening at /0.0.0.0:32812
2019-10-19 01:15:16,701 [IPC Server listener on 32812] INFO  ipc.Server (Server.java:run(1153)) - IPC Server listener on 32812: starting
2019-10-19 01:15:16,701 [IPC Server Responder] INFO  ipc.Server (Server.java:run(1314)) - IPC Server Responder: starting
2019-10-19 01:15:16,704 [main] INFO  server.StorageContainerManager (StorageContainerManager.java:start(782)) - ScmBlockLocationProtocol RPC server is listening at /0.0.0.0:35816
2019-10-19 01:15:16,704 [main] INFO  server.SCMBlockProtocolServer (SCMBlockProtocolServer.java:start(146)) - RPC server for Block Protocol is listening at /0.0.0.0:35816
2019-10-19 01:15:16,705 [IPC Server Responder] INFO  ipc.Server (Server.java:run(1314)) - IPC Server Responder: starting
2019-10-19 01:15:16,705 [IPC Server listener on 35816] INFO  ipc.Server (Server.java:run(1153)) - IPC Server listener on 35816: starting
2019-10-19 01:15:16,707 [main] INFO  server.StorageContainerManager (StorageContainerManager.java:start(786)) - ScmDatanodeProtocl RPC server is listening at /0.0.0.0:46138
2019-10-19 01:15:16,707 [main] INFO  server.SCMDatanodeProtocolServer (SCMDatanodeProtocolServer.java:start(169)) - RPC server for DataNodes is listening at /0.0.0.0:46138
2019-10-19 01:15:16,708 [IPC Server Responder] INFO  ipc.Server (Server.java:run(1314)) - IPC Server Responder: starting
2019-10-19 01:15:16,708 [IPC Server listener on 46138] INFO  ipc.Server (Server.java:run(1153)) - IPC Server listener on 46138: starting
2019-10-19 01:15:16,711 [main] INFO  http.HttpServer2 (HttpServer2.java:bindListener(1191)) - Jetty bound to port 41632
2019-10-19 01:15:16,713 [main] INFO  server.Server (Server.java:doStart(351)) - jetty-9.3.25.v20180904, build timestamp: 2018-09-04T21:11:46Z, git hash: 3ce520221d0240229c862b122d2b06c12a625732
2019-10-19 01:15:16,748 [main] INFO  handler.ContextHandler (ContextHandler.java:doStart(781)) - Started o.e.j.s.ServletContextHandler@42f8285e{/logs,file:///workdir/hadoop-ozone/integration-test/target/log,AVAILABLE}
2019-10-19 01:15:16,749 [main] INFO  handler.ContextHandler (ContextHandler.java:doStart(781)) - Started o.e.j.s.ServletContextHandler@3724af13{/static,file:///workdir/hadoop-ozone/integration-test/target/test-classes/webapps/static,AVAILABLE}
2019-10-19 01:15:16,780 [main] INFO  handler.ContextHandler (ContextHandler.java:doStart(781)) - Started o.e.j.w.WebAppContext@24a1c17f{/,file:///workdir/hadoop-ozone/integration-test/target/test-classes/webapps/scm/,AVAILABLE}{/scm}
2019-10-19 01:15:16,785 [main] INFO  server.AbstractConnector (AbstractConnector.java:doStart(278)) - Started ServerConnector@4d63b624{HTTP/1.1,[http/1.1]}{0.0.0.0:41632}
2019-10-19 01:15:16,785 [main] INFO  server.Server (Server.java:doStart(419)) - Started @2826ms
2019-10-19 01:15:16,787 [main] INFO  impl.MetricsSinkAdapter (MetricsSinkAdapter.java:start(204)) - Sink prometheus started
2019-10-19 01:15:16,787 [main] INFO  impl.MetricsSystemImpl (MetricsSystemImpl.java:registerSink(301)) - Registered sink prometheus
2019-10-19 01:15:16,789 [main] INFO  server.BaseHttpServer (BaseHttpServer.java:updateConnectorAddress(215)) - HTTP server of SCM is listening at http://0.0.0.0:41632
2019-10-19 01:15:16,796 [org.apache.hadoop.util.JvmPauseMonitor$Monitor@4b629f13] INFO  util.JvmPauseMonitor (JvmPauseMonitor.java:run(188)) - Starting JVM pause monitor
2019-10-19 01:15:16,800 [main] WARN  server.ServerUtils (ServerUtils.java:getDBPath(222)) - ozone.om.db.dirs is not configured. We recommend adding this setting. Falling back to ozone.metadata.dirs instead.
2019-10-19 01:15:16,911 [main] INFO  ha.OMHANodeDetails (OMHANodeDetails.java:loadOMHAConfig(190)) - Configuration either no ozone.om.address set. Falling back to the default OM address /127.0.0.1:0
2019-10-19 01:15:16,911 [main] INFO  ha.OMHANodeDetails (OMHANodeDetails.java:getOMNodeDetails(220)) - OM Service ID is not set. Setting it to the default ID: omServiceIdDefault
2019-10-19 01:15:16,913 [main] WARN  server.ServerUtils (ServerUtils.java:getDBPath(222)) - ozone.om.db.dirs is not configured. We recommend adding this setting. Falling back to ozone.metadata.dirs instead.
2019-10-19 01:15:16,914 [main] WARN  server.ServerUtils (ServerUtils.java:getDBPath(222)) - ozone.om.db.dirs is not configured. We recommend adding this setting. Falling back to ozone.metadata.dirs instead.
2019-10-19 01:15:17,584 [main] WARN  server.ServerUtils (ServerUtils.java:getDBPath(222)) - ozone.om.db.dirs is not configured. We recommend adding this setting. Falling back to ozone.metadata.dirs instead.
2019-10-19 01:15:17,594 [main] INFO  db.DBStoreBuilder (DBStoreBuilder.java:addTable(127)) - using custom profile for table: userTable
2019-10-19 01:15:17,594 [main] INFO  db.DBStoreBuilder (DBStoreBuilder.java:processTables(183)) - Using default column profile:DBProfile.DISK for Table:userTable
2019-10-19 01:15:17,595 [main] INFO  db.DBStoreBuilder (DBStoreBuilder.java:addTable(127)) - using custom profile for table: volumeTable
2019-10-19 01:15:17,596 [main] INFO  db.DBStoreBuilder (DBStoreBuilder.java:processTables(183)) - Using default column profile:DBProfile.DISK for Table:volumeTable
2019-10-19 01:15:17,596 [main] INFO  db.DBStoreBuilder (DBStoreBuilder.java:addTable(127)) - using custom profile for table: bucketTable
2019-10-19 01:15:17,596 [main] INFO  db.DBStoreBuilder (DBStoreBuilder.java:processTables(183)) - Using default column profile:DBProfile.DISK for Table:bucketTable
2019-10-19 01:15:17,597 [main] INFO  db.DBStoreBuilder (DBStoreBuilder.java:addTable(127)) - using custom profile for table: keyTable
2019-10-19 01:15:17,597 [main] INFO  db.DBStoreBuilder (DBStoreBuilder.java:processTables(183)) - Using default column profile:DBProfile.DISK for Table:keyTable
2019-10-19 01:15:17,598 [main] INFO  db.DBStoreBuilder (DBStoreBuilder.java:addTable(127)) - using custom profile for table: deletedTable
2019-10-19 01:15:17,598 [main] INFO  db.DBStoreBuilder (DBStoreBuilder.java:processTables(183)) - Using default column profile:DBProfile.DISK for Table:deletedTable
2019-10-19 01:15:17,598 [main] INFO  db.DBStoreBuilder (DBStoreBuilder.java:addTable(127)) - using custom profile for table: openKeyTable
2019-10-19 01:15:17,599 [main] INFO  db.DBStoreBuilder (DBStoreBuilder.java:processTables(183)) - Using default column profile:DBProfile.DISK for Table:openKeyTable
2019-10-19 01:15:17,599 [main] INFO  db.DBStoreBuilder (DBStoreBuilder.java:addTable(127)) - using custom profile for table: s3Table
2019-10-19 01:15:17,600 [main] INFO  db.DBStoreBuilder (DBStoreBuilder.java:processTables(183)) - Using default column profile:DBProfile.DISK for Table:s3Table
2019-10-19 01:15:17,600 [main] INFO  db.DBStoreBuilder (DBStoreBuilder.java:addTable(127)) - using custom profile for table: multipartInfoTable
2019-10-19 01:15:17,600 [main] INFO  db.DBStoreBuilder (DBStoreBuilder.java:processTables(183)) - Using default column profile:DBProfile.DISK for Table:multipartInfoTable
2019-10-19 01:15:17,601 [main] INFO  db.DBStoreBuilder (DBStoreBuilder.java:addTable(127)) - using custom profile for table: dTokenTable
2019-10-19 01:15:17,601 [main] INFO  db.DBStoreBuilder (DBStoreBuilder.java:processTables(183)) - Using default column profile:DBProfile.DISK for Table:dTokenTable
2019-10-19 01:15:17,602 [main] INFO  db.DBStoreBuilder (DBStoreBuilder.java:addTable(127)) - using custom profile for table: s3SecretTable
2019-10-19 01:15:17,602 [main] INFO  db.DBStoreBuilder (DBStoreBuilder.java:processTables(183)) - Using default column profile:DBProfile.DISK for Table:s3SecretTable
2019-10-19 01:15:17,602 [main] INFO  db.DBStoreBuilder (DBStoreBuilder.java:addTable(127)) - using custom profile for table: prefixTable
2019-10-19 01:15:17,603 [main] INFO  db.DBStoreBuilder (DBStoreBuilder.java:processTables(183)) - Using default column profile:DBProfile.DISK for Table:prefixTable
2019-10-19 01:15:17,603 [main] INFO  db.DBStoreBuilder (DBStoreBuilder.java:addTable(127)) - using custom profile for table: default
2019-10-19 01:15:17,603 [main] INFO  db.DBStoreBuilder (DBStoreBuilder.java:processTables(189)) - Using default column profile:DBProfile.DISK for Table:default
2019-10-19 01:15:17,604 [main] INFO  db.DBStoreBuilder (DBStoreBuilder.java:getDbProfile(220)) - Using default options. DBProfile.DISK
2019-10-19 01:15:18,070 [main] INFO  ipc.CallQueueManager (CallQueueManager.java:<init>(84)) - Using callQueue: class java.util.concurrent.LinkedBlockingQueue, queueCapacity: 2000, scheduler: class org.apache.hadoop.ipc.DefaultRpcScheduler, ipcBackoff: false.
2019-10-19 01:15:18,071 [Socket Reader #1 for port 39980] INFO  ipc.Server (Server.java:run(1074)) - Starting Socket Reader #1 for port 39980
2019-10-19 01:15:18,099 [main] INFO  om.OzoneManager (OzoneManager.java:start(1074)) - OzoneManager RPC server is listening at localhost/127.0.0.1:39980
2019-10-19 01:15:18,100 [main] INFO  impl.MetricsSystemImpl (MetricsSystemImpl.java:init(158)) - OzoneManager metrics system started (again)
2019-10-19 01:15:18,109 [IPC Server Responder] INFO  ipc.Server (Server.java:run(1314)) - IPC Server Responder: starting
2019-10-19 01:15:18,109 [IPC Server listener on 39980] INFO  ipc.Server (Server.java:run(1153)) - IPC Server listener on 39980: starting
2019-10-19 01:15:18,116 [main] INFO  hdfs.DFSUtil (DFSUtil.java:httpServerTemplateForNNAndJN(1641)) - Starting Web-server for ozoneManager at: http://0.0.0.0:0
2019-10-19 01:15:18,119 [main] INFO  server.AuthenticationFilter (AuthenticationFilter.java:constructSecretProvider(240)) - Unable to initialize FileSignerSecretProvider, falling back to use random secrets.
2019-10-19 01:15:18,119 [main] WARN  http.HttpRequestLog (HttpRequestLog.java:getRequestLog(97)) - Jetty request log can only be enabled using Log4j
2019-10-19 01:15:18,123 [main] INFO  http.HttpServer2 (HttpServer2.java:addGlobalFilter(975)) - Added global filter 'safety' (class=org.apache.hadoop.http.HttpServer2$QuotingInputFilter)
2019-10-19 01:15:18,124 [main] INFO  http.HttpServer2 (HttpServer2.java:addFilter(948)) - Added filter static_user_filter (class=org.apache.hadoop.http.lib.StaticUserWebFilter$StaticUserFilter) to context ozoneManager
2019-10-19 01:15:18,125 [main] INFO  http.HttpServer2 (HttpServer2.java:addFilter(958)) - Added filter static_user_filter (class=org.apache.hadoop.http.lib.StaticUserWebFilter$StaticUserFilter) to context static
2019-10-19 01:15:18,125 [main] INFO  http.HttpServer2 (HttpServer2.java:addFilter(958)) - Added filter static_user_filter (class=org.apache.hadoop.http.lib.StaticUserWebFilter$StaticUserFilter) to context logs
2019-10-19 01:15:18,128 [main] INFO  http.HttpServer2 (HttpServer2.java:bindListener(1191)) - Jetty bound to port 35171
2019-10-19 01:15:18,128 [main] INFO  server.Server (Server.java:doStart(351)) - jetty-9.3.25.v20180904, build timestamp: 2018-09-04T21:11:46Z, git hash: 3ce520221d0240229c862b122d2b06c12a625732
2019-10-19 01:15:18,131 [main] INFO  handler.ContextHandler (ContextHandler.java:doStart(781)) - Started o.e.j.s.ServletContextHandler@aa10649{/logs,file:///workdir/hadoop-ozone/integration-test/target/log,AVAILABLE}
2019-10-19 01:15:18,132 [main] INFO  handler.ContextHandler (ContextHandler.java:doStart(781)) - Started o.e.j.s.ServletContextHandler@37095ded{/static,file:///workdir/hadoop-ozone/integration-test/target/test-classes/webapps/static,AVAILABLE}
2019-10-19 01:15:18,140 [main] INFO  handler.ContextHandler (ContextHandler.java:doStart(781)) - Started o.e.j.w.WebAppContext@75b3673{/,file:///workdir/hadoop-ozone/integration-test/target/test-classes/webapps/ozoneManager/,AVAILABLE}{/ozoneManager}
2019-10-19 01:15:18,141 [main] INFO  server.AbstractConnector (AbstractConnector.java:doStart(278)) - Started ServerConnector@1bcb79c2{HTTP/1.1,[http/1.1]}{0.0.0.0:35171}
2019-10-19 01:15:18,141 [main] INFO  server.Server (Server.java:doStart(419)) - Started @4182ms
2019-10-19 01:15:18,142 [main] WARN  impl.MetricsSystemImpl (MetricsSystemImpl.java:register(276)) - Sink prometheus already exists!
2019-10-19 01:15:18,143 [main] INFO  server.BaseHttpServer (BaseHttpServer.java:updateConnectorAddress(215)) - HTTP server of OZONEMANAGER is listening at http://0.0.0.0:35171
2019-10-19 01:15:18,437 [main] INFO  impl.MetricsSystemImpl (MetricsSystemImpl.java:init(158)) - HddsDatanode metrics system started (again)
2019-10-19 01:15:18,484 [main] INFO  ozone.HddsDatanodeService (HddsDatanodeService.java:start(184)) - HddsDatanodeService host:pr-hdds-2333-vzxj6-995506542 ip:192.168.69.71
2019-10-19 01:15:18,516 [main] INFO  volume.HddsVolume (HddsVolume.java:<init>(176)) - Creating Volume: /workdir/hadoop-ozone/integration-test/target/test-dir/MiniOzoneClusterImpl-5bd4f6c3-3117-4f19-852e-156a850a32f8/datanode-0/data/containers/hdds of  storage type : DISK and capacity : 1482555576320
2019-10-19 01:15:18,518 [main] INFO  volume.VolumeSet (VolumeSet.java:initializeVolumeSet(170)) - Added Volume : /workdir/hadoop-ozone/integration-test/target/test-dir/MiniOzoneClusterImpl-5bd4f6c3-3117-4f19-852e-156a850a32f8/datanode-0/data/containers/hdds to VolumeSet
2019-10-19 01:15:18,521 [main] INFO  volume.ThrottledAsyncChecker (ThrottledAsyncChecker.java:schedule(141)) - Scheduling a check for /workdir/hadoop-ozone/integration-test/target/test-dir/MiniOzoneClusterImpl-5bd4f6c3-3117-4f19-852e-156a850a32f8/datanode-0/data/containers/hdds
2019-10-19 01:15:18,538 [main] INFO  volume.HddsVolumeChecker (HddsVolumeChecker.java:checkAllVolumes(204)) - Scheduled health check for volume /workdir/hadoop-ozone/integration-test/target/test-dir/MiniOzoneClusterImpl-5bd4f6c3-3117-4f19-852e-156a850a32f8/datanode-0/data/containers/hdds
2019-10-19 01:15:18,639 [main] INFO  impl.RaftServerProxy (ConfUtils.java:logGet(43)) - raft.rpc.type = GRPC (default)
2019-10-19 01:15:18,694 [main] INFO  grpc.GrpcFactory (GrpcFactory.java:checkPooledByteBufAllocatorUseCacheForAllThreads(45)) - PERFORMANCE WARNING: useCacheForAllThreads is true that may cause Netty to create a lot garbage objects and, as a result, trigger GC.
	It is recommended to disable useCacheForAllThreads by setting -Dorg.apache.ratis.thirdparty.io.netty.allocator.useCacheForAllThreads=false in command line.
2019-10-19 01:15:18,699 [main] INFO  grpc.GrpcConfigKeys$Server (ConfUtils.java:logGet(43)) - raft.grpc.server.port = 0 (default)
2019-10-19 01:15:18,700 [main] INFO  server.GrpcService (ConfUtils.java:logGet(43)) - raft.grpc.message.size.max = 33570816 (custom)
2019-10-19 01:15:18,701 [main] INFO  server.RaftServerConfigKeys (ConfUtils.java:logGet(43)) - raft.server.log.appender.buffer.byte-limit = 33554432 (custom)
2019-10-19 01:15:18,702 [main] INFO  server.GrpcService (ConfUtils.java:logGet(43)) - raft.grpc.flow.control.window = 1MB (=1048576) (default)
2019-10-19 01:15:18,703 [main] INFO  server.RaftServerConfigKeys (ConfUtils.java:logGet(43)) - raft.server.rpc.request.timeout = 3000ms (default)
2019-10-19 01:15:18,869 [main] INFO  server.RaftServerConfigKeys (ConfUtils.java:logGet(43)) - raft.server.storage.dir = [/workdir/hadoop-ozone/integration-test/target/test-dir/MiniOzoneClusterImpl-5bd4f6c3-3117-4f19-852e-156a850a32f8/datanode-0/data/ratis] (custom)
2019-10-19 01:15:18,934 [main] INFO  hdfs.DFSUtil (DFSUtil.java:httpServerTemplateForNNAndJN(1641)) - Starting Web-server for hddsDatanode at: http://0.0.0.0:0
2019-10-19 01:15:18,937 [main] INFO  server.AuthenticationFilter (AuthenticationFilter.java:constructSecretProvider(240)) - Unable to initialize FileSignerSecretProvider, falling back to use random secrets.
2019-10-19 01:15:18,938 [main] WARN  http.HttpRequestLog (HttpRequestLog.java:getRequestLog(97)) - Jetty request log can only be enabled using Log4j
2019-10-19 01:15:18,941 [main] INFO  http.HttpServer2 (HttpServer2.java:addGlobalFilter(975)) - Added global filter 'safety' (class=org.apache.hadoop.http.HttpServer2$QuotingInputFilter)
2019-10-19 01:15:18,942 [main] INFO  http.HttpServer2 (HttpServer2.java:addFilter(948)) - Added filter static_user_filter (class=org.apache.hadoop.http.lib.StaticUserWebFilter$StaticUserFilter) to context hddsDatanode
2019-10-19 01:15:18,943 [main] INFO  http.HttpServer2 (HttpServer2.java:addFilter(958)) - Added filter static_user_filter (class=org.apache.hadoop.http.lib.StaticUserWebFilter$StaticUserFilter) to context logs
2019-10-19 01:15:18,943 [main] INFO  http.HttpServer2 (HttpServer2.java:addFilter(958)) - Added filter static_user_filter (class=org.apache.hadoop.http.lib.StaticUserWebFilter$StaticUserFilter) to context static
2019-10-19 01:15:18,944 [main] INFO  http.HttpServer2 (HttpServer2.java:bindListener(1191)) - Jetty bound to port 42964
2019-10-19 01:15:18,945 [main] INFO  server.Server (Server.java:doStart(351)) - jetty-9.3.25.v20180904, build timestamp: 2018-09-04T21:11:46Z, git hash: 3ce520221d0240229c862b122d2b06c12a625732
2019-10-19 01:15:18,948 [main] INFO  handler.ContextHandler (ContextHandler.java:doStart(781)) - Started o.e.j.s.ServletContextHandler@60cf62ad{/logs,file:///workdir/hadoop-ozone/integration-test/target/log,AVAILABLE}
2019-10-19 01:15:18,949 [main] INFO  handler.ContextHandler (ContextHandler.java:doStart(781)) - Started o.e.j.s.ServletContextHandler@1ac4ccad{/static,jar:file:/home/user/.m2/repository/org/apache/hadoop/hadoop-hdds-container-service/0.5.0-SNAPSHOT/hadoop-hdds-container-service-0.5.0-SNAPSHOT.jar!/webapps/static,AVAILABLE}
2019-10-19 01:15:18,996 [main] INFO  handler.ContextHandler (ContextHandler.java:doStart(781)) - Started o.e.j.w.WebAppContext@de8039f{/,file:///tmp/jetty-0.0.0.0-42964-hddsDatanode-_-any-6081231729721999610.dir/webapp/,AVAILABLE}{/hddsDatanode}
2019-10-19 01:15:18,997 [main] INFO  server.AbstractConnector (AbstractConnector.java:doStart(278)) - Started ServerConnector@1deceb67{HTTP/1.1,[http/1.1]}{0.0.0.0:42964}
2019-10-19 01:15:18,997 [main] INFO  server.Server (Server.java:doStart(419)) - Started @5038ms
2019-10-19 01:15:18,998 [main] WARN  impl.MetricsSystemImpl (MetricsSystemImpl.java:register(276)) - Sink prometheus already exists!
2019-10-19 01:15:18,999 [main] INFO  server.BaseHttpServer (BaseHttpServer.java:updateConnectorAddress(215)) - HTTP server of HDDSDATANODE is listening at http://0.0.0.0:42964
2019-10-19 01:15:19,001 [main] INFO  impl.MetricsSystemImpl (MetricsSystemImpl.java:init(158)) - HddsDatanode metrics system started (again)
2019-10-19 01:15:19,004 [main] INFO  ozone.HddsDatanodeService (HddsDatanodeService.java:start(184)) - HddsDatanodeService host:pr-hdds-2333-vzxj6-995506542 ip:192.168.69.71
2019-10-19 01:15:19,007 [org.apache.hadoop.util.JvmPauseMonitor$Monitor@32754c87] INFO  util.JvmPauseMonitor (JvmPauseMonitor.java:run(188)) - Starting JVM pause monitor
2019-10-19 01:15:19,015 [main] INFO  volume.HddsVolume (HddsVolume.java:<init>(176)) - Creating Volume: /workdir/hadoop-ozone/integration-test/target/test-dir/MiniOzoneClusterImpl-5bd4f6c3-3117-4f19-852e-156a850a32f8/datanode-1/data/containers/hdds of  storage type : DISK and capacity : 1482555576320
2019-10-19 01:15:19,016 [main] INFO  volume.VolumeSet (VolumeSet.java:initializeVolumeSet(170)) - Added Volume : /workdir/hadoop-ozone/integration-test/target/test-dir/MiniOzoneClusterImpl-5bd4f6c3-3117-4f19-852e-156a850a32f8/datanode-1/data/containers/hdds to VolumeSet
2019-10-19 01:15:19,016 [main] INFO  volume.ThrottledAsyncChecker (ThrottledAsyncChecker.java:schedule(141)) - Scheduling a check for /workdir/hadoop-ozone/integration-test/target/test-dir/MiniOzoneClusterImpl-5bd4f6c3-3117-4f19-852e-156a850a32f8/datanode-1/data/containers/hdds
2019-10-19 01:15:19,017 [main] INFO  volume.HddsVolumeChecker (HddsVolumeChecker.java:checkAllVolumes(204)) - Scheduled health check for volume /workdir/hadoop-ozone/integration-test/target/test-dir/MiniOzoneClusterImpl-5bd4f6c3-3117-4f19-852e-156a850a32f8/datanode-1/data/containers/hdds
2019-10-19 01:15:19,042 [main] INFO  impl.RaftServerProxy (ConfUtils.java:logGet(43)) - raft.rpc.type = GRPC (default)
2019-10-19 01:15:19,043 [main] INFO  grpc.GrpcFactory (GrpcFactory.java:checkPooledByteBufAllocatorUseCacheForAllThreads(45)) - PERFORMANCE WARNING: useCacheForAllThreads is true that may cause Netty to create a lot garbage objects and, as a result, trigger GC.
	It is recommended to disable useCacheForAllThreads by setting -Dorg.apache.ratis.thirdparty.io.netty.allocator.useCacheForAllThreads=false in command line.
2019-10-19 01:15:19,043 [main] INFO  grpc.GrpcConfigKeys$Server (ConfUtils.java:logGet(43)) - raft.grpc.server.port = 0 (default)
2019-10-19 01:15:19,043 [main] INFO  server.GrpcService (ConfUtils.java:logGet(43)) - raft.grpc.message.size.max = 33570816 (custom)
2019-10-19 01:15:19,044 [main] INFO  server.RaftServerConfigKeys (ConfUtils.java:logGet(43)) - raft.server.log.appender.buffer.byte-limit = 33554432 (custom)
2019-10-19 01:15:19,045 [main] INFO  server.GrpcService (ConfUtils.java:logGet(43)) - raft.grpc.flow.control.window = 1MB (=1048576) (default)
2019-10-19 01:15:19,045 [main] INFO  server.RaftServerConfigKeys (ConfUtils.java:logGet(43)) - raft.server.rpc.request.timeout = 3000ms (default)
2019-10-19 01:15:19,046 [main] INFO  server.RaftServerConfigKeys (ConfUtils.java:logGet(43)) - raft.server.storage.dir = [/workdir/hadoop-ozone/integration-test/target/test-dir/MiniOzoneClusterImpl-5bd4f6c3-3117-4f19-852e-156a850a32f8/datanode-1/data/ratis] (custom)
2019-10-19 01:15:19,049 [main] INFO  hdfs.DFSUtil (DFSUtil.java:httpServerTemplateForNNAndJN(1641)) - Starting Web-server for hddsDatanode at: http://0.0.0.0:0
2019-10-19 01:15:19,051 [main] INFO  server.AuthenticationFilter (AuthenticationFilter.java:constructSecretProvider(240)) - Unable to initialize FileSignerSecretProvider, falling back to use random secrets.
2019-10-19 01:15:19,051 [main] WARN  http.HttpRequestLog (HttpRequestLog.java:getRequestLog(97)) - Jetty request log can only be enabled using Log4j
2019-10-19 01:15:19,053 [main] INFO  http.HttpServer2 (HttpServer2.java:addGlobalFilter(975)) - Added global filter 'safety' (class=org.apache.hadoop.http.HttpServer2$QuotingInputFilter)
2019-10-19 01:15:19,054 [main] INFO  http.HttpServer2 (HttpServer2.java:addFilter(948)) - Added filter static_user_filter (class=org.apache.hadoop.http.lib.StaticUserWebFilter$StaticUserFilter) to context hddsDatanode
2019-10-19 01:15:19,054 [main] INFO  http.HttpServer2 (HttpServer2.java:addFilter(958)) - Added filter static_user_filter (class=org.apache.hadoop.http.lib.StaticUserWebFilter$StaticUserFilter) to context logs
2019-10-19 01:15:19,055 [main] INFO  http.HttpServer2 (HttpServer2.java:addFilter(958)) - Added filter static_user_filter (class=org.apache.hadoop.http.lib.StaticUserWebFilter$StaticUserFilter) to context static
2019-10-19 01:15:19,056 [main] INFO  http.HttpServer2 (HttpServer2.java:bindListener(1191)) - Jetty bound to port 34294
2019-10-19 01:15:19,056 [main] INFO  server.Server (Server.java:doStart(351)) - jetty-9.3.25.v20180904, build timestamp: 2018-09-04T21:11:46Z, git hash: 3ce520221d0240229c862b122d2b06c12a625732
2019-10-19 01:15:19,059 [main] INFO  handler.ContextHandler (ContextHandler.java:doStart(781)) - Started o.e.j.s.ServletContextHandler@5e65afb6{/logs,file:///workdir/hadoop-ozone/integration-test/target/log,AVAILABLE}
2019-10-19 01:15:19,060 [main] INFO  handler.ContextHandler (ContextHandler.java:doStart(781)) - Started o.e.j.s.ServletContextHandler@8851ce1{/static,jar:file:/home/user/.m2/repository/org/apache/hadoop/hadoop-hdds-container-service/0.5.0-SNAPSHOT/hadoop-hdds-container-service-0.5.0-SNAPSHOT.jar!/webapps/static,AVAILABLE}
2019-10-19 01:15:19,097 [main] INFO  handler.ContextHandler (ContextHandler.java:doStart(781)) - Started o.e.j.w.WebAppContext@7a0ef219{/,file:///tmp/jetty-0.0.0.0-34294-hddsDatanode-_-any-8585551757934944100.dir/webapp/,AVAILABLE}{/hddsDatanode}
2019-10-19 01:15:19,098 [main] INFO  server.AbstractConnector (AbstractConnector.java:doStart(278)) - Started ServerConnector@1b1f5012{HTTP/1.1,[http/1.1]}{0.0.0.0:34294}
2019-10-19 01:15:19,098 [main] INFO  server.Server (Server.java:doStart(419)) - Started @5139ms
2019-10-19 01:15:19,099 [main] WARN  impl.MetricsSystemImpl (MetricsSystemImpl.java:register(276)) - Sink prometheus already exists!
2019-10-19 01:15:19,101 [main] INFO  server.BaseHttpServer (BaseHttpServer.java:updateConnectorAddress(215)) - HTTP server of HDDSDATANODE is listening at http://0.0.0.0:34294
2019-10-19 01:15:19,101 [main] INFO  impl.MetricsSystemImpl (MetricsSystemImpl.java:init(158)) - HddsDatanode metrics system started (again)
2019-10-19 01:15:19,105 [org.apache.hadoop.util.JvmPauseMonitor$Monitor@3d9de514] INFO  util.JvmPauseMonitor (JvmPauseMonitor.java:run(188)) - Starting JVM pause monitor
2019-10-19 01:15:19,105 [main] INFO  ozone.HddsDatanodeService (HddsDatanodeService.java:start(184)) - HddsDatanodeService host:pr-hdds-2333-vzxj6-995506542 ip:192.168.69.71
2019-10-19 01:15:19,115 [main] INFO  volume.HddsVolume (HddsVolume.java:<init>(176)) - Creating Volume: /workdir/hadoop-ozone/integration-test/target/test-dir/MiniOzoneClusterImpl-5bd4f6c3-3117-4f19-852e-156a850a32f8/datanode-2/data/containers/hdds of  storage type : DISK and capacity : 1482555576320
2019-10-19 01:15:19,116 [main] INFO  volume.VolumeSet (VolumeSet.java:initializeVolumeSet(170)) - Added Volume : /workdir/hadoop-ozone/integration-test/target/test-dir/MiniOzoneClusterImpl-5bd4f6c3-3117-4f19-852e-156a850a32f8/datanode-2/data/containers/hdds to VolumeSet
2019-10-19 01:15:19,116 [main] INFO  volume.ThrottledAsyncChecker (ThrottledAsyncChecker.java:schedule(141)) - Scheduling a check for /workdir/hadoop-ozone/integration-test/target/test-dir/MiniOzoneClusterImpl-5bd4f6c3-3117-4f19-852e-156a850a32f8/datanode-2/data/containers/hdds
2019-10-19 01:15:19,116 [main] INFO  volume.HddsVolumeChecker (HddsVolumeChecker.java:checkAllVolumes(204)) - Scheduled health check for volume /workdir/hadoop-ozone/integration-test/target/test-dir/MiniOzoneClusterImpl-5bd4f6c3-3117-4f19-852e-156a850a32f8/datanode-2/data/containers/hdds
2019-10-19 01:15:19,125 [Datanode State Machine Thread - 0] INFO  datanode.InitDatanodeState (InitDatanodeState.java:persistContainerDatanodeDetails(140)) - DatanodeDetails is persisted to /workdir/hadoop-ozone/integration-test/target/test-dir/MiniOzoneClusterImpl-5bd4f6c3-3117-4f19-852e-156a850a32f8/datanode-0/meta/datanode.id
2019-10-19 01:15:19,129 [Datanode State Machine Thread - 0] INFO  datanode.InitDatanodeState (InitDatanodeState.java:persistContainerDatanodeDetails(140)) - DatanodeDetails is persisted to /workdir/hadoop-ozone/integration-test/target/test-dir/MiniOzoneClusterImpl-5bd4f6c3-3117-4f19-852e-156a850a32f8/datanode-1/meta/datanode.id
2019-10-19 01:15:19,135 [main] INFO  impl.RaftServerProxy (ConfUtils.java:logGet(43)) - raft.rpc.type = GRPC (default)
2019-10-19 01:15:19,135 [main] INFO  grpc.GrpcFactory (GrpcFactory.java:checkPooledByteBufAllocatorUseCacheForAllThreads(45)) - PERFORMANCE WARNING: useCacheForAllThreads is true that may cause Netty to create a lot garbage objects and, as a result, trigger GC.
	It is recommended to disable useCacheForAllThreads by setting -Dorg.apache.ratis.thirdparty.io.netty.allocator.useCacheForAllThreads=false in command line.
2019-10-19 01:15:19,135 [main] INFO  grpc.GrpcConfigKeys$Server (ConfUtils.java:logGet(43)) - raft.grpc.server.port = 0 (default)
2019-10-19 01:15:19,136 [main] INFO  server.GrpcService (ConfUtils.java:logGet(43)) - raft.grpc.message.size.max = 33570816 (custom)
2019-10-19 01:15:19,136 [main] INFO  server.RaftServerConfigKeys (ConfUtils.java:logGet(43)) - raft.server.log.appender.buffer.byte-limit = 33554432 (custom)
2019-10-19 01:15:19,136 [main] INFO  server.GrpcService (ConfUtils.java:logGet(43)) - raft.grpc.flow.control.window = 1MB (=1048576) (default)
2019-10-19 01:15:19,136 [main] INFO  server.RaftServerConfigKeys (ConfUtils.java:logGet(43)) - raft.server.rpc.request.timeout = 3000ms (default)
2019-10-19 01:15:19,137 [main] INFO  server.RaftServerConfigKeys (ConfUtils.java:logGet(43)) - raft.server.storage.dir = [/workdir/hadoop-ozone/integration-test/target/test-dir/MiniOzoneClusterImpl-5bd4f6c3-3117-4f19-852e-156a850a32f8/datanode-2/data/ratis] (custom)
2019-10-19 01:15:19,139 [main] INFO  hdfs.DFSUtil (DFSUtil.java:httpServerTemplateForNNAndJN(1641)) - Starting Web-server for hddsDatanode at: http://0.0.0.0:0
2019-10-19 01:15:19,141 [main] INFO  server.AuthenticationFilter (AuthenticationFilter.java:constructSecretProvider(240)) - Unable to initialize FileSignerSecretProvider, falling back to use random secrets.
2019-10-19 01:15:19,141 [main] WARN  http.HttpRequestLog (HttpRequestLog.java:getRequestLog(97)) - Jetty request log can only be enabled using Log4j
2019-10-19 01:15:19,143 [main] INFO  http.HttpServer2 (HttpServer2.java:addGlobalFilter(975)) - Added global filter 'safety' (class=org.apache.hadoop.http.HttpServer2$QuotingInputFilter)
2019-10-19 01:15:19,143 [main] INFO  http.HttpServer2 (HttpServer2.java:addFilter(948)) - Added filter static_user_filter (class=org.apache.hadoop.http.lib.StaticUserWebFilter$StaticUserFilter) to context hddsDatanode
2019-10-19 01:15:19,143 [main] INFO  http.HttpServer2 (HttpServer2.java:addFilter(958)) - Added filter static_user_filter (class=org.apache.hadoop.http.lib.StaticUserWebFilter$StaticUserFilter) to context logs
2019-10-19 01:15:19,143 [main] INFO  http.HttpServer2 (HttpServer2.java:addFilter(958)) - Added filter static_user_filter (class=org.apache.hadoop.http.lib.StaticUserWebFilter$StaticUserFilter) to context static
2019-10-19 01:15:19,144 [main] INFO  http.HttpServer2 (HttpServer2.java:bindListener(1191)) - Jetty bound to port 37572
2019-10-19 01:15:19,144 [main] INFO  server.Server (Server.java:doStart(351)) - jetty-9.3.25.v20180904, build timestamp: 2018-09-04T21:11:46Z, git hash: 3ce520221d0240229c862b122d2b06c12a625732
2019-10-19 01:15:19,146 [main] INFO  handler.ContextHandler (ContextHandler.java:doStart(781)) - Started o.e.j.s.ServletContextHandler@5fa23c{/logs,file:///workdir/hadoop-ozone/integration-test/target/log,AVAILABLE}
2019-10-19 01:15:19,147 [main] INFO  handler.ContextHandler (ContextHandler.java:doStart(781)) - Started o.e.j.s.ServletContextHandler@433348bc{/static,jar:file:/home/user/.m2/repository/org/apache/hadoop/hadoop-hdds-container-service/0.5.0-SNAPSHOT/hadoop-hdds-container-service-0.5.0-SNAPSHOT.jar!/webapps/static,AVAILABLE}
2019-10-19 01:15:19,178 [main] INFO  handler.ContextHandler (ContextHandler.java:doStart(781)) - Started o.e.j.w.WebAppContext@43e9089{/,file:///tmp/jetty-0.0.0.0-37572-hddsDatanode-_-any-2380988211713315590.dir/webapp/,AVAILABLE}{/hddsDatanode}
2019-10-19 01:15:19,178 [main] INFO  server.AbstractConnector (AbstractConnector.java:doStart(278)) - Started ServerConnector@3c5dbdf8{HTTP/1.1,[http/1.1]}{0.0.0.0:37572}
2019-10-19 01:15:19,179 [main] INFO  server.Server (Server.java:doStart(419)) - Started @5220ms
2019-10-19 01:15:19,180 [main] WARN  impl.MetricsSystemImpl (MetricsSystemImpl.java:register(276)) - Sink prometheus already exists!
2019-10-19 01:15:19,181 [main] INFO  server.BaseHttpServer (BaseHttpServer.java:updateConnectorAddress(215)) - HTTP server of HDDSDATANODE is listening at http://0.0.0.0:37572
2019-10-19 01:15:19,183 [main] INFO  ozone.MiniOzoneClusterImpl (MiniOzoneClusterImpl.java:lambda$waitForClusterToBeReady$0(147)) - Waiting for cluster to be ready. Got 0 of 3 DN Heartbeats.
2019-10-19 01:15:19,184 [org.apache.hadoop.util.JvmPauseMonitor$Monitor@1eb13887] INFO  util.JvmPauseMonitor (JvmPauseMonitor.java:run(188)) - Starting JVM pause monitor
2019-10-19 01:15:19,187 [Datanode State Machine Thread - 0] INFO  datanode.InitDatanodeState (InitDatanodeState.java:persistContainerDatanodeDetails(140)) - DatanodeDetails is persisted to /workdir/hadoop-ozone/integration-test/target/test-dir/MiniOzoneClusterImpl-5bd4f6c3-3117-4f19-852e-156a850a32f8/datanode-2/meta/datanode.id
2019-10-19 01:15:20,183 [main] INFO  ozone.MiniOzoneClusterImpl (MiniOzoneClusterImpl.java:lambda$waitForClusterToBeReady$0(147)) - Waiting for cluster to be ready. Got 0 of 3 DN Heartbeats.
2019-10-19 01:15:21,078 [Datanode State Machine Thread - 0] INFO  ozoneimpl.OzoneContainer (OzoneContainer.java:start(213)) - Attempting to start container services.
2019-10-19 01:15:21,080 [Datanode State Machine Thread - 0] INFO  ozoneimpl.OzoneContainer (OzoneContainer.java:startContainerScrub(177)) - Background container scanner has been disabled.
2019-10-19 01:15:21,080 [Datanode State Machine Thread - 0] INFO  ratis.XceiverServerRatis (XceiverServerRatis.java:start(418)) - Starting XceiverServerRatis 3f01402b-307c-4a54-abe6-b677433715ef at port 0
2019-10-19 01:15:21,103 [Datanode State Machine Thread - 0] INFO  impl.RaftServerProxy (RaftServerProxy.java:lambda$start$3(299)) - 3f01402b-307c-4a54-abe6-b677433715ef: start RPC server
2019-10-19 01:15:21,130 [Datanode State Machine Thread - 0] INFO  ozoneimpl.OzoneContainer (OzoneContainer.java:start(213)) - Attempting to start container services.
2019-10-19 01:15:21,135 [Datanode State Machine Thread - 0] INFO  ozoneimpl.OzoneContainer (OzoneContainer.java:startContainerScrub(177)) - Background container scanner has been disabled.
2019-10-19 01:15:21,135 [Datanode State Machine Thread - 0] INFO  ratis.XceiverServerRatis (XceiverServerRatis.java:start(418)) - Starting XceiverServerRatis e5f35640-2c6c-4b86-a5ff-33a1451b27ce at port 0
2019-10-19 01:15:21,146 [Datanode State Machine Thread - 0] INFO  impl.RaftServerProxy (RaftServerProxy.java:lambda$start$3(299)) - e5f35640-2c6c-4b86-a5ff-33a1451b27ce: start RPC server
2019-10-19 01:15:21,184 [main] INFO  ozone.MiniOzoneClusterImpl (MiniOzoneClusterImpl.java:lambda$waitForClusterToBeReady$0(147)) - Waiting for cluster to be ready. Got 0 of 3 DN Heartbeats.
2019-10-19 01:15:21,199 [Datanode State Machine Thread - 0] INFO  ozoneimpl.OzoneContainer (OzoneContainer.java:start(213)) - Attempting to start container services.
2019-10-19 01:15:21,200 [Datanode State Machine Thread - 0] INFO  ozoneimpl.OzoneContainer (OzoneContainer.java:startContainerScrub(177)) - Background container scanner has been disabled.
2019-10-19 01:15:21,200 [Datanode State Machine Thread - 0] INFO  ratis.XceiverServerRatis (XceiverServerRatis.java:start(418)) - Starting XceiverServerRatis 8386ee0a-1f3c-47fa-9779-9125ddcf4112 at port 0
2019-10-19 01:15:21,209 [Datanode State Machine Thread - 0] INFO  impl.RaftServerProxy (RaftServerProxy.java:lambda$start$3(299)) - 8386ee0a-1f3c-47fa-9779-9125ddcf4112: start RPC server
2019-10-19 01:15:21,249 [Datanode State Machine Thread - 0] INFO  server.GrpcService (GrpcService.java:startImpl(158)) - 3f01402b-307c-4a54-abe6-b677433715ef: GrpcService started, listening on 0.0.0.0/0.0.0.0:42588
2019-10-19 01:15:21,249 [Datanode State Machine Thread - 0] INFO  server.GrpcService (GrpcService.java:startImpl(158)) - e5f35640-2c6c-4b86-a5ff-33a1451b27ce: GrpcService started, listening on 0.0.0.0/0.0.0.0:43138
2019-10-19 01:15:21,249 [Datanode State Machine Thread - 0] INFO  server.GrpcService (GrpcService.java:startImpl(158)) - 8386ee0a-1f3c-47fa-9779-9125ddcf4112: GrpcService started, listening on 0.0.0.0/0.0.0.0:40009
2019-10-19 01:15:21,250 [Datanode State Machine Thread - 0] INFO  ratis.XceiverServerRatis (XceiverServerRatis.java:start(428)) - XceiverServerRatis e5f35640-2c6c-4b86-a5ff-33a1451b27ce is started using port 43138
2019-10-19 01:15:21,250 [Datanode State Machine Thread - 0] INFO  ratis.XceiverServerRatis (XceiverServerRatis.java:start(428)) - XceiverServerRatis 3f01402b-307c-4a54-abe6-b677433715ef is started using port 42588
2019-10-19 01:15:21,250 [Datanode State Machine Thread - 0] INFO  ratis.XceiverServerRatis (XceiverServerRatis.java:start(428)) - XceiverServerRatis 8386ee0a-1f3c-47fa-9779-9125ddcf4112 is started using port 40009
2019-10-19 01:15:21,255 [Datanode State Machine Thread - 0] INFO  server.XceiverServerGrpc (XceiverServerGrpc.java:start(149)) - XceiverServerGrpc 8386ee0a-1f3c-47fa-9779-9125ddcf4112 is started using port 43160
2019-10-19 01:15:21,255 [Datanode State Machine Thread - 0] INFO  server.XceiverServerGrpc (XceiverServerGrpc.java:start(149)) - XceiverServerGrpc e5f35640-2c6c-4b86-a5ff-33a1451b27ce is started using port 46522
2019-10-19 01:15:21,255 [Datanode State Machine Thread - 0] INFO  server.XceiverServerGrpc (XceiverServerGrpc.java:start(149)) - XceiverServerGrpc 3f01402b-307c-4a54-abe6-b677433715ef is started using port 37818
2019-10-19 01:15:22,185 [main] INFO  ozone.MiniOzoneClusterImpl (MiniOzoneClusterImpl.java:lambda$waitForClusterToBeReady$0(147)) - Waiting for cluster to be ready. Got 0 of 3 DN Heartbeats.
2019-10-19 01:15:23,042 [IPC Server handler 0 on 46138] INFO  net.NetworkTopology (NetworkTopologyImpl.java:add(111)) - Added a new node: /default-rack/3f01402b-307c-4a54-abe6-b677433715ef
2019-10-19 01:15:23,043 [IPC Server handler 0 on 46138] INFO  node.SCMNodeManager (SCMNodeManager.java:register(268)) - Registered Data node : 3f01402b-307c-4a54-abe6-b677433715ef{ip: 192.168.69.71, host: pr-hdds-2333-vzxj6-995506542, networkLocation: /default-rack, certSerialId: null}
2019-10-19 01:15:23,046 [EventQueue-NodeRegistrationContainerReportForDataNodeSafeModeRule] INFO  safemode.SCMSafeModeManager (DataNodeSafeModeRule.java:process(71)) - SCM in safe mode. 1 DataNodes registered, 1 required.
2019-10-19 01:15:23,047 [EventQueue-NodeRegistrationContainerReportForDataNodeSafeModeRule] INFO  safemode.SCMSafeModeManager (SCMSafeModeManager.java:validateSafeModeExitRules(177)) - ScmSafeModeManager, all rules are successfully validated
2019-10-19 01:15:23,047 [EventQueue-NodeRegistrationContainerReportForDataNodeSafeModeRule] INFO  safemode.SCMSafeModeManager (SCMSafeModeManager.java:exitSafeMode(193)) - SCM exiting safe mode.
2019-10-19 01:15:23,107 [IPC Server handler 1 on 46138] INFO  net.NetworkTopology (NetworkTopologyImpl.java:add(111)) - Added a new node: /default-rack/e5f35640-2c6c-4b86-a5ff-33a1451b27ce
2019-10-19 01:15:23,108 [IPC Server handler 1 on 46138] INFO  node.SCMNodeManager (SCMNodeManager.java:register(268)) - Registered Data node : e5f35640-2c6c-4b86-a5ff-33a1451b27ce{ip: 192.168.69.71, host: pr-hdds-2333-vzxj6-995506542, networkLocation: /default-rack, certSerialId: null}
2019-10-19 01:15:23,185 [main] INFO  ozone.MiniOzoneClusterImpl (MiniOzoneClusterImpl.java:lambda$waitForClusterToBeReady$0(147)) - Waiting for cluster to be ready. Got 2 of 3 DN Heartbeats.
2019-10-19 01:15:23,188 [IPC Server handler 3 on 46138] INFO  net.NetworkTopology (NetworkTopologyImpl.java:add(111)) - Added a new node: /default-rack/8386ee0a-1f3c-47fa-9779-9125ddcf4112
2019-10-19 01:15:23,188 [IPC Server handler 3 on 46138] INFO  node.SCMNodeManager (SCMNodeManager.java:register(268)) - Registered Data node : 8386ee0a-1f3c-47fa-9779-9125ddcf4112{ip: 192.168.69.71, host: pr-hdds-2333-vzxj6-995506542, networkLocation: /default-rack, certSerialId: null}
2019-10-19 01:15:23,523 [grpc-default-executor-0] INFO  impl.RaftServerProxy (RaftServerProxy.java:addNew(89)) - 3f01402b-307c-4a54-abe6-b677433715ef: addNew group-CE9FBD59E51C:[3f01402b-307c-4a54-abe6-b677433715ef:192.168.69.71:42588] returns group-CE9FBD59E51C:java.util.concurrent.CompletableFuture@43cd4c96[Not completed]
2019-10-19 01:15:23,536 [pool-27-thread-1] INFO  impl.RaftServerImpl (RaftServerImpl.java:<init>(104)) - 3f01402b-307c-4a54-abe6-b677433715ef: new RaftServerImpl for group-CE9FBD59E51C:[3f01402b-307c-4a54-abe6-b677433715ef:192.168.69.71:42588] with ContainerStateMachine:uninitialized
2019-10-19 01:15:23,538 [pool-27-thread-1] INFO  server.RaftServerConfigKeys (ConfUtils.java:logGet(43)) - raft.server.rpc.timeout.min = 5s (custom)
2019-10-19 01:15:23,539 [pool-27-thread-1] INFO  server.RaftServerConfigKeys (ConfUtils.java:logGet(43)) - raft.server.rpc.timeout.max = 5200ms (custom)
2019-10-19 01:15:23,539 [pool-27-thread-1] INFO  server.RaftServerConfigKeys (ConfUtils.java:logGet(43)) - raft.server.rpcslowness.timeout = 1000s (custom)
2019-10-19 01:15:23,540 [pool-27-thread-1] INFO  server.RaftServerConfigKeys (ConfUtils.java:logGet(43)) - raft.server.sleep.deviation.threshold = 300 (default)
2019-10-19 01:15:23,541 [pool-27-thread-1] INFO  server.RaftServerConfigKeys (ConfUtils.java:logGet(43)) - raft.server.log.appender.install.snapshot.enabled = false (custom)
2019-10-19 01:15:23,549 [pool-27-thread-1] INFO  impl.RaftServerImpl (ServerState.java:<init>(103)) - 3f01402b-307c-4a54-abe6-b677433715ef@group-CE9FBD59E51C: ConfigurationManager, init=-1: [3f01402b-307c-4a54-abe6-b677433715ef:192.168.69.71:42588], old=null, confs=<EMPTY_MAP>
2019-10-19 01:15:23,549 [pool-27-thread-1] INFO  server.RaftServerConfigKeys (ConfUtils.java:logGet(43)) - raft.server.storage.dir = [/workdir/hadoop-ozone/integration-test/target/test-dir/MiniOzoneClusterImpl-5bd4f6c3-3117-4f19-852e-156a850a32f8/datanode-0/data/ratis] (custom)
2019-10-19 01:15:23,556 [pool-27-thread-1] INFO  server.RaftServerConfigKeys (ConfUtils.java:logGet(43)) - raft.server.log.corruption.policy = EXCEPTION (default)
2019-10-19 01:15:23,557 [pool-27-thread-1] INFO  storage.RaftStorageDirectory (RaftStorageDirectory.java:analyzeStorage(246)) - The storage directory /workdir/hadoop-ozone/integration-test/target/test-dir/MiniOzoneClusterImpl-5bd4f6c3-3117-4f19-852e-156a850a32f8/datanode-0/data/ratis/09da69f5-50b6-4a3e-b333-ce9fbd59e51c does not exist. Creating ...
2019-10-19 01:15:23,572 [pool-27-thread-1] INFO  storage.RaftStorageDirectory (RaftStorageDirectory.java:tryLock(328)) - Lock on /workdir/hadoop-ozone/integration-test/target/test-dir/MiniOzoneClusterImpl-5bd4f6c3-3117-4f19-852e-156a850a32f8/datanode-0/data/ratis/09da69f5-50b6-4a3e-b333-ce9fbd59e51c/in_use.lock acquired by nodename 25670@pr-hdds-2333-vzxj6-995506542
2019-10-19 01:15:23,586 [pool-27-thread-1] INFO  storage.RaftStorage (RaftStorage.java:format(84)) - Storage directory /workdir/hadoop-ozone/integration-test/target/test-dir/MiniOzoneClusterImpl-5bd4f6c3-3117-4f19-852e-156a850a32f8/datanode-0/data/ratis/09da69f5-50b6-4a3e-b333-ce9fbd59e51c has been successfully formatted.
2019-10-19 01:15:23,588 [pool-27-thread-1] INFO  ratis.ContainerStateMachine (ContainerStateMachine.java:loadSnapshot(231)) - group-CE9FBD59E51C: The snapshot info is null. Setting the last applied indexto:(t:0, i:~)
2019-10-19 01:15:23,588 [pool-27-thread-1] INFO  server.RaftServerConfigKeys (ConfUtils.java:logGet(43)) - raft.server.notification.no-leader.timeout = 1000s (custom)
2019-10-19 01:15:23,590 [pool-27-thread-1] INFO  server.RaftServerConfigKeys (ConfUtils.java:logGet(43)) - raft.server.log.use.memory = false (default)
2019-10-19 01:15:23,595 [pool-27-thread-1] INFO  server.RaftServerConfigKeys (ConfUtils.java:logGet(43)) - raft.server.log.purge.gap = 1000000 (custom)
2019-10-19 01:15:23,596 [pool-27-thread-1] INFO  server.RaftServerConfigKeys (ConfUtils.java:logGet(43)) - raft.server.log.appender.buffer.byte-limit = 33554432 (custom)
2019-10-19 01:15:23,598 [pool-27-thread-1] INFO  server.RaftServerConfigKeys (ConfUtils.java:logGet(43)) - raft.server.log.segment.size.max = 1048576 (custom)
2019-10-19 01:15:23,599 [pool-27-thread-1] INFO  impl.MetricsSystemImpl (MetricsSystemImpl.java:init(158)) - ratis metrics system started (again)
2019-10-19 01:15:23,604 [pool-27-thread-1] INFO  metrics.MetricRegistries (MetricRegistriesLoader.java:load(64)) - Loaded MetricRegistries class org.apache.ratis.metrics.impl.MetricRegistriesImpl
2019-10-19 01:15:23,638 [pool-27-thread-1] INFO  server.RaftServerConfigKeys (ConfUtils.java:logGet(43)) - raft.server.log.segment.cache.num.max = 2 (custom)
2019-10-19 01:15:23,643 [pool-27-thread-1] INFO  segmented.SegmentedRaftLogWorker (SegmentedRaftLogWorker.java:<init>(173)) - new 3f01402b-307c-4a54-abe6-b677433715ef@group-CE9FBD59E51C-SegmentedRaftLogWorker for RaftStorage:Storage Directory /workdir/hadoop-ozone/integration-test/target/test-dir/MiniOzoneClusterImpl-5bd4f6c3-3117-4f19-852e-156a850a32f8/datanode-0/data/ratis/09da69f5-50b6-4a3e-b333-ce9fbd59e51c
2019-10-19 01:15:23,643 [pool-27-thread-1] INFO  server.RaftServerConfigKeys (ConfUtils.java:logGet(43)) - raft.server.log.queue.byte-limit = 2147483647 (custom)
2019-10-19 01:15:23,644 [pool-27-thread-1] INFO  server.RaftServerConfigKeys (ConfUtils.java:logGet(43)) - raft.server.log.queue.element-limit = 1024 (custom)
2019-10-19 01:15:23,645 [pool-27-thread-1] INFO  server.RaftServerConfigKeys (ConfUtils.java:logGet(43)) - raft.server.log.segment.size.max = 1048576 (custom)
2019-10-19 01:15:23,646 [pool-27-thread-1] INFO  server.RaftServerConfigKeys (ConfUtils.java:logGet(43)) - raft.server.log.preallocated.size = 16384 (custom)
2019-10-19 01:15:23,646 [pool-27-thread-1] INFO  server.RaftServerConfigKeys (ConfUtils.java:logGet(43)) - raft.server.log.write.buffer.size = 33554432 (custom)
2019-10-19 01:15:23,647 [pool-27-thread-1] INFO  server.RaftServerConfigKeys (ConfUtils.java:logGet(43)) - raft.server.log.force.sync.num = 128 (default)
2019-10-19 01:15:23,647 [pool-27-thread-1] INFO  server.RaftServerConfigKeys (ConfUtils.java:logGet(43)) - raft.server.log.statemachine.data.sync = true (default)
2019-10-19 01:15:23,648 [pool-27-thread-1] INFO  server.RaftServerConfigKeys (ConfUtils.java:logGet(43)) - raft.server.log.statemachine.data.sync.timeout = 10s (default)
2019-10-19 01:15:23,648 [pool-27-thread-1] INFO  server.RaftServerConfigKeys (ConfUtils.java:logGet(43)) - raft.server.log.statemachine.data.sync.timeout.retry = -1 (default)
2019-10-19 01:15:23,659 [pool-27-thread-1] INFO  server.RaftServerConfigKeys (ConfUtils.java:logGet(43)) - raft.server.log.statemachine.data.caching.enabled = true (custom)
2019-10-19 01:15:23,663 [pool-27-thread-1] INFO  segmented.SegmentedRaftLogWorker (SegmentedRaftLogWorker.java:lambda$new$0(128)) - 3f01402b-307c-4a54-abe6-b677433715ef@group-CE9FBD59E51C-SegmentedRaftLogWorker: flushIndex: setUnconditionally 0 -> -1
2019-10-19 01:15:23,667 [pool-27-thread-1] INFO  server.RaftServerConfigKeys (ConfUtils.java:logGet(43)) - raft.server.snapshot.auto.trigger.enabled = true (custom)
2019-10-19 01:15:23,668 [pool-27-thread-1] INFO  server.RaftServerConfigKeys (ConfUtils.java:logGet(43)) - raft.server.snapshot.auto.trigger.threshold = 10000 (custom)
2019-10-19 01:15:23,668 [pool-27-thread-1] INFO  server.RaftServerConfigKeys (ConfUtils.java:logGet(43)) - raft.server.snapshot.retention.file.num = 5 (custom)
2019-10-19 01:15:23,669 [pool-27-thread-1] INFO  server.RaftServerConfigKeys (ConfUtils.java:logGet(43)) - raft.server.retrycache.expirytime = 600000ms (custom)
2019-10-19 01:15:23,698 [pool-27-thread-1] INFO  impl.RaftServerImpl (RaftServerImpl.java:start(195)) - 3f01402b-307c-4a54-abe6-b677433715ef@group-CE9FBD59E51C: start as a follower, conf=-1: [3f01402b-307c-4a54-abe6-b677433715ef:192.168.69.71:42588], old=null
2019-10-19 01:15:23,699 [pool-27-thread-1] INFO  impl.RaftServerImpl (RaftServerImpl.java:setRole(184)) - 3f01402b-307c-4a54-abe6-b677433715ef@group-CE9FBD59E51C: changes role from      null to FOLLOWER at term 0 for startAsFollower
2019-10-19 01:15:23,700 [pool-27-thread-1] INFO  impl.RoleInfo (RoleInfo.java:updateAndGet(143)) - 3f01402b-307c-4a54-abe6-b677433715ef: start FollowerState
2019-10-19 01:15:23,702 [pool-27-thread-1] INFO  util.JmxRegister (JmxRegister.java:tryRegister(44)) - Successfully registered JMX Bean with object name Ratis:service=RaftServer,group=group-CE9FBD59E51C,id=3f01402b-307c-4a54-abe6-b677433715ef
2019-10-19 01:15:23,761 [RatisPipelineUtilsThread] INFO  pipeline.PipelineStateManager (PipelineStateManager.java:addPipeline(56)) - Created pipeline Pipeline[ Id: 09da69f5-50b6-4a3e-b333-ce9fbd59e51c, Nodes: 3f01402b-307c-4a54-abe6-b677433715ef{ip: 192.168.69.71, host: pr-hdds-2333-vzxj6-995506542, networkLocation: /default-rack, certSerialId: null}, Type:RATIS, Factor:ONE, State:OPEN]
2019-10-19 01:15:23,777 [grpc-default-executor-0] INFO  impl.RaftServerProxy (RaftServerProxy.java:addNew(89)) - e5f35640-2c6c-4b86-a5ff-33a1451b27ce: addNew group-AB8485C1D140:[e5f35640-2c6c-4b86-a5ff-33a1451b27ce:192.168.69.71:43138] returns group-AB8485C1D140:java.util.concurrent.CompletableFuture@5cd23ff5[Not completed]
2019-10-19 01:15:23,796 [pool-37-thread-1] INFO  impl.RaftServerImpl (RaftServerImpl.java:<init>(104)) - e5f35640-2c6c-4b86-a5ff-33a1451b27ce: new RaftServerImpl for group-AB8485C1D140:[e5f35640-2c6c-4b86-a5ff-33a1451b27ce:192.168.69.71:43138] with ContainerStateMachine:uninitialized
2019-10-19 01:15:23,797 [pool-37-thread-1] INFO  server.RaftServerConfigKeys (ConfUtils.java:logGet(43)) - raft.server.rpc.timeout.min = 5s (custom)
2019-10-19 01:15:23,797 [pool-37-thread-1] INFO  server.RaftServerConfigKeys (ConfUtils.java:logGet(43)) - raft.server.rpc.timeout.max = 5200ms (custom)
2019-10-19 01:15:23,798 [pool-37-thread-1] INFO  server.RaftServerConfigKeys (ConfUtils.java:logGet(43)) - raft.server.rpcslowness.timeout = 1000s (custom)
2019-10-19 01:15:23,798 [pool-37-thread-1] INFO  server.RaftServerConfigKeys (ConfUtils.java:logGet(43)) - raft.server.sleep.deviation.threshold = 300 (default)
2019-10-19 01:15:23,798 [pool-37-thread-1] INFO  server.RaftServerConfigKeys (ConfUtils.java:logGet(43)) - raft.server.log.appender.install.snapshot.enabled = false (custom)
2019-10-19 01:15:23,798 [pool-37-thread-1] INFO  impl.RaftServerImpl (ServerState.java:<init>(103)) - e5f35640-2c6c-4b86-a5ff-33a1451b27ce@group-AB8485C1D140: ConfigurationManager, init=-1: [e5f35640-2c6c-4b86-a5ff-33a1451b27ce:192.168.69.71:43138], old=null, confs=<EMPTY_MAP>
2019-10-19 01:15:23,799 [pool-37-thread-1] INFO  server.RaftServerConfigKeys (ConfUtils.java:logGet(43)) - raft.server.storage.dir = [/workdir/hadoop-ozone/integration-test/target/test-dir/MiniOzoneClusterImpl-5bd4f6c3-3117-4f19-852e-156a850a32f8/datanode-1/data/ratis] (custom)
2019-10-19 01:15:23,799 [pool-37-thread-1] INFO  server.RaftServerConfigKeys (ConfUtils.java:logGet(43)) - raft.server.log.corruption.policy = EXCEPTION (default)
2019-10-19 01:15:23,799 [pool-37-thread-1] INFO  storage.RaftStorageDirectory (RaftStorageDirectory.java:analyzeStorage(246)) - The storage directory /workdir/hadoop-ozone/integration-test/target/test-dir/MiniOzoneClusterImpl-5bd4f6c3-3117-4f19-852e-156a850a32f8/datanode-1/data/ratis/c196a246-e868-4602-b21c-ab8485c1d140 does not exist. Creating ...
2019-10-19 01:15:23,813 [pool-37-thread-1] INFO  storage.RaftStorageDirectory (RaftStorageDirectory.java:tryLock(328)) - Lock on /workdir/hadoop-ozone/integration-test/target/test-dir/MiniOzoneClusterImpl-5bd4f6c3-3117-4f19-852e-156a850a32f8/datanode-1/data/ratis/c196a246-e868-4602-b21c-ab8485c1d140/in_use.lock acquired by nodename 25670@pr-hdds-2333-vzxj6-995506542
2019-10-19 01:15:23,826 [pool-37-thread-1] INFO  storage.RaftStorage (RaftStorage.java:format(84)) - Storage directory /workdir/hadoop-ozone/integration-test/target/test-dir/MiniOzoneClusterImpl-5bd4f6c3-3117-4f19-852e-156a850a32f8/datanode-1/data/ratis/c196a246-e868-4602-b21c-ab8485c1d140 has been successfully formatted.
2019-10-19 01:15:23,827 [pool-37-thread-1] INFO  ratis.ContainerStateMachine (ContainerStateMachine.java:loadSnapshot(231)) - group-AB8485C1D140: The snapshot info is null. Setting the last applied indexto:(t:0, i:~)
2019-10-19 01:15:23,827 [pool-37-thread-1] INFO  server.RaftServerConfigKeys (ConfUtils.java:logGet(43)) - raft.server.notification.no-leader.timeout = 1000s (custom)
2019-10-19 01:15:23,828 [pool-37-thread-1] INFO  server.RaftServerConfigKeys (ConfUtils.java:logGet(43)) - raft.server.log.use.memory = false (default)
2019-10-19 01:15:23,828 [pool-37-thread-1] INFO  server.RaftServerConfigKeys (ConfUtils.java:logGet(43)) - raft.server.log.purge.gap = 1000000 (custom)
2019-10-19 01:15:23,828 [pool-37-thread-1] INFO  server.RaftServerConfigKeys (ConfUtils.java:logGet(43)) - raft.server.log.appender.buffer.byte-limit = 33554432 (custom)
2019-10-19 01:15:23,828 [pool-37-thread-1] INFO  server.RaftServerConfigKeys (ConfUtils.java:logGet(43)) - raft.server.log.segment.size.max = 1048576 (custom)
2019-10-19 01:15:23,833 [pool-37-thread-1] INFO  server.RaftServerConfigKeys (ConfUtils.java:logGet(43)) - raft.server.log.segment.cache.num.max = 2 (custom)
2019-10-19 01:15:23,833 [pool-37-thread-1] INFO  segmented.SegmentedRaftLogWorker (SegmentedRaftLogWorker.java:<init>(173)) - new e5f35640-2c6c-4b86-a5ff-33a1451b27ce@group-AB8485C1D140-SegmentedRaftLogWorker for RaftStorage:Storage Directory /workdir/hadoop-ozone/integration-test/target/test-dir/MiniOzoneClusterImpl-5bd4f6c3-3117-4f19-852e-156a850a32f8/datanode-1/data/ratis/c196a246-e868-4602-b21c-ab8485c1d140
2019-10-19 01:15:23,834 [pool-37-thread-1] INFO  server.RaftServerConfigKeys (ConfUtils.java:logGet(43)) - raft.server.log.queue.byte-limit = 2147483647 (custom)
2019-10-19 01:15:23,834 [pool-37-thread-1] INFO  server.RaftServerConfigKeys (ConfUtils.java:logGet(43)) - raft.server.log.queue.element-limit = 1024 (custom)
2019-10-19 01:15:23,834 [pool-37-thread-1] INFO  server.RaftServerConfigKeys (ConfUtils.java:logGet(43)) - raft.server.log.segment.size.max = 1048576 (custom)
2019-10-19 01:15:23,834 [pool-37-thread-1] INFO  server.RaftServerConfigKeys (ConfUtils.java:logGet(43)) - raft.server.log.preallocated.size = 16384 (custom)
2019-10-19 01:15:23,834 [pool-37-thread-1] INFO  server.RaftServerConfigKeys (ConfUtils.java:logGet(43)) - raft.server.log.write.buffer.size = 33554432 (custom)
2019-10-19 01:15:23,835 [pool-37-thread-1] INFO  server.RaftServerConfigKeys (ConfUtils.java:logGet(43)) - raft.server.log.force.sync.num = 128 (default)
2019-10-19 01:15:23,835 [pool-37-thread-1] INFO  server.RaftServerConfigKeys (ConfUtils.java:logGet(43)) - raft.server.log.statemachine.data.sync = true (default)
2019-10-19 01:15:23,835 [pool-37-thread-1] INFO  server.RaftServerConfigKeys (ConfUtils.java:logGet(43)) - raft.server.log.statemachine.data.sync.timeout = 10s (default)
2019-10-19 01:15:23,835 [pool-37-thread-1] INFO  server.RaftServerConfigKeys (ConfUtils.java:logGet(43)) - raft.server.log.statemachine.data.sync.timeout.retry = -1 (default)
2019-10-19 01:15:23,836 [pool-37-thread-1] INFO  server.RaftServerConfigKeys (ConfUtils.java:logGet(43)) - raft.server.log.statemachine.data.caching.enabled = true (custom)
2019-10-19 01:15:23,836 [pool-37-thread-1] INFO  segmented.SegmentedRaftLogWorker (SegmentedRaftLogWorker.java:lambda$new$0(128)) - e5f35640-2c6c-4b86-a5ff-33a1451b27ce@group-AB8485C1D140-SegmentedRaftLogWorker: flushIndex: setUnconditionally 0 -> -1
2019-10-19 01:15:23,837 [pool-37-thread-1] INFO  server.RaftServerConfigKeys (ConfUtils.java:logGet(43)) - raft.server.snapshot.auto.trigger.enabled = true (custom)
2019-10-19 01:15:23,837 [pool-37-thread-1] INFO  server.RaftServerConfigKeys (ConfUtils.java:logGet(43)) - raft.server.snapshot.auto.trigger.threshold = 10000 (custom)
2019-10-19 01:15:23,837 [pool-37-thread-1] INFO  server.RaftServerConfigKeys (ConfUtils.java:logGet(43)) - raft.server.snapshot.retention.file.num = 5 (custom)
2019-10-19 01:15:23,837 [pool-37-thread-1] INFO  server.RaftServerConfigKeys (ConfUtils.java:logGet(43)) - raft.server.retrycache.expirytime = 600000ms (custom)
2019-10-19 01:15:23,845 [pool-37-thread-1] INFO  impl.RaftServerImpl (RaftServerImpl.java:start(195)) - e5f35640-2c6c-4b86-a5ff-33a1451b27ce@group-AB8485C1D140: start as a follower, conf=-1: [e5f35640-2c6c-4b86-a5ff-33a1451b27ce:192.168.69.71:43138], old=null
2019-10-19 01:15:23,846 [pool-37-thread-1] INFO  impl.RaftServerImpl (RaftServerImpl.java:setRole(184)) - e5f35640-2c6c-4b86-a5ff-33a1451b27ce@group-AB8485C1D140: changes role from      null to FOLLOWER at term 0 for startAsFollower
2019-10-19 01:15:23,846 [pool-37-thread-1] INFO  impl.RoleInfo (RoleInfo.java:updateAndGet(143)) - e5f35640-2c6c-4b86-a5ff-33a1451b27ce: start FollowerState
2019-10-19 01:15:23,847 [pool-37-thread-1] INFO  util.JmxRegister (JmxRegister.java:tryRegister(44)) - Successfully registered JMX Bean with object name Ratis:service=RaftServer,group=group-AB8485C1D140,id=e5f35640-2c6c-4b86-a5ff-33a1451b27ce
2019-10-19 01:15:23,864 [RatisPipelineUtilsThread] INFO  pipeline.PipelineStateManager (PipelineStateManager.java:addPipeline(56)) - Created pipeline Pipeline[ Id: c196a246-e868-4602-b21c-ab8485c1d140, Nodes: e5f35640-2c6c-4b86-a5ff-33a1451b27ce{ip: 192.168.69.71, host: pr-hdds-2333-vzxj6-995506542, networkLocation: /default-rack, certSerialId: null}, Type:RATIS, Factor:ONE, State:OPEN]
2019-10-19 01:15:23,880 [grpc-default-executor-0] INFO  impl.RaftServerProxy (RaftServerProxy.java:addNew(89)) - 8386ee0a-1f3c-47fa-9779-9125ddcf4112: addNew group-8CDF9D8EA57D:[8386ee0a-1f3c-47fa-9779-9125ddcf4112:192.168.69.71:40009] returns group-8CDF9D8EA57D:java.util.concurrent.CompletableFuture@3453a3ab[Not completed]
2019-10-19 01:15:23,891 [pool-47-thread-1] INFO  impl.RaftServerImpl (RaftServerImpl.java:<init>(104)) - 8386ee0a-1f3c-47fa-9779-9125ddcf4112: new RaftServerImpl for group-8CDF9D8EA57D:[8386ee0a-1f3c-47fa-9779-9125ddcf4112:192.168.69.71:40009] with ContainerStateMachine:uninitialized
2019-10-19 01:15:23,892 [pool-47-thread-1] INFO  server.RaftServerConfigKeys (ConfUtils.java:logGet(43)) - raft.server.rpc.timeout.min = 5s (custom)
2019-10-19 01:15:23,892 [pool-47-thread-1] INFO  server.RaftServerConfigKeys (ConfUtils.java:logGet(43)) - raft.server.rpc.timeout.max = 5200ms (custom)
2019-10-19 01:15:23,892 [pool-47-thread-1] INFO  server.RaftServerConfigKeys (ConfUtils.java:logGet(43)) - raft.server.rpcslowness.timeout = 1000s (custom)
2019-10-19 01:15:23,892 [pool-47-thread-1] INFO  server.RaftServerConfigKeys (ConfUtils.java:logGet(43)) - raft.server.sleep.deviation.threshold = 300 (default)
2019-10-19 01:15:23,892 [pool-47-thread-1] INFO  server.RaftServerConfigKeys (ConfUtils.java:logGet(43)) - raft.server.log.appender.install.snapshot.enabled = false (custom)
2019-10-19 01:15:23,892 [pool-47-thread-1] INFO  impl.RaftServerImpl (ServerState.java:<init>(103)) - 8386ee0a-1f3c-47fa-9779-9125ddcf4112@group-8CDF9D8EA57D: ConfigurationManager, init=-1: [8386ee0a-1f3c-47fa-9779-9125ddcf4112:192.168.69.71:40009], old=null, confs=<EMPTY_MAP>
2019-10-19 01:15:23,893 [pool-47-thread-1] INFO  server.RaftServerConfigKeys (ConfUtils.java:logGet(43)) - raft.server.storage.dir = [/workdir/hadoop-ozone/integration-test/target/test-dir/MiniOzoneClusterImpl-5bd4f6c3-3117-4f19-852e-156a850a32f8/datanode-2/data/ratis] (custom)
2019-10-19 01:15:23,893 [pool-47-thread-1] INFO  server.RaftServerConfigKeys (ConfUtils.java:logGet(43)) - raft.server.log.corruption.policy = EXCEPTION (default)
2019-10-19 01:15:23,893 [pool-47-thread-1] INFO  storage.RaftStorageDirectory (RaftStorageDirectory.java:analyzeStorage(246)) - The storage directory /workdir/hadoop-ozone/integration-test/target/test-dir/MiniOzoneClusterImpl-5bd4f6c3-3117-4f19-852e-156a850a32f8/datanode-2/data/ratis/a0d673cd-597b-43f9-83a3-8cdf9d8ea57d does not exist. Creating ...
2019-10-19 01:15:23,897 [Thread-186] INFO  impl.FollowerState (FollowerState.java:run(108)) - 3f01402b-307c-4a54-abe6-b677433715ef@group-CE9FBD59E51C-FollowerState: change to CANDIDATE, lastRpcTime:197ms, electionTimeout:196ms
2019-10-19 01:15:23,899 [Thread-186] INFO  impl.RoleInfo (RoleInfo.java:shutdownFollowerState(121)) - 3f01402b-307c-4a54-abe6-b677433715ef: shutdown FollowerState
2019-10-19 01:15:23,900 [Thread-186] INFO  impl.RaftServerImpl (RaftServerImpl.java:setRole(184)) - 3f01402b-307c-4a54-abe6-b677433715ef@group-CE9FBD59E51C: changes role from  FOLLOWER to CANDIDATE at term 0 for changeToCandidate
2019-10-19 01:15:23,904 [Thread-186] INFO  impl.RoleInfo (RoleInfo.java:updateAndGet(143)) - 3f01402b-307c-4a54-abe6-b677433715ef: start LeaderElection
2019-10-19 01:15:23,906 [pool-47-thread-1] INFO  storage.RaftStorageDirectory (RaftStorageDirectory.java:tryLock(328)) - Lock on /workdir/hadoop-ozone/integration-test/target/test-dir/MiniOzoneClusterImpl-5bd4f6c3-3117-4f19-852e-156a850a32f8/datanode-2/data/ratis/a0d673cd-597b-43f9-83a3-8cdf9d8ea57d/in_use.lock acquired by nodename 25670@pr-hdds-2333-vzxj6-995506542
2019-10-19 01:15:23,910 [pool-47-thread-1] INFO  storage.RaftStorage (RaftStorage.java:format(84)) - Storage directory /workdir/hadoop-ozone/integration-test/target/test-dir/MiniOzoneClusterImpl-5bd4f6c3-3117-4f19-852e-156a850a32f8/datanode-2/data/ratis/a0d673cd-597b-43f9-83a3-8cdf9d8ea57d has been successfully formatted.
2019-10-19 01:15:23,910 [3f01402b-307c-4a54-abe6-b677433715ef@group-CE9FBD59E51C-LeaderElection1] INFO  impl.LeaderElection (LeaderElection.java:askForVotes(178)) - 3f01402b-307c-4a54-abe6-b677433715ef@group-CE9FBD59E51C-LeaderElection1: begin an election at term 1 for -1: [3f01402b-307c-4a54-abe6-b677433715ef:192.168.69.71:42588], old=null
2019-10-19 01:15:23,910 [pool-47-thread-1] INFO  ratis.ContainerStateMachine (ContainerStateMachine.java:loadSnapshot(231)) - group-8CDF9D8EA57D: The snapshot info is null. Setting the last applied indexto:(t:0, i:~)
2019-10-19 01:15:23,910 [pool-47-thread-1] INFO  server.RaftServerConfigKeys (ConfUtils.java:logGet(43)) - raft.server.notification.no-leader.timeout = 1000s (custom)
2019-10-19 01:15:23,911 [pool-47-thread-1] INFO  server.RaftServerConfigKeys (ConfUtils.java:logGet(43)) - raft.server.log.use.memory = false (default)
2019-10-19 01:15:23,911 [pool-47-thread-1] INFO  server.RaftServerConfigKeys (ConfUtils.java:logGet(43)) - raft.server.log.purge.gap = 1000000 (custom)
2019-10-19 01:15:23,911 [pool-47-thread-1] INFO  server.RaftServerConfigKeys (ConfUtils.java:logGet(43)) - raft.server.log.appender.buffer.byte-limit = 33554432 (custom)
2019-10-19 01:15:23,911 [pool-47-thread-1] INFO  server.RaftServerConfigKeys (ConfUtils.java:logGet(43)) - raft.server.log.segment.size.max = 1048576 (custom)
2019-10-19 01:15:23,911 [3f01402b-307c-4a54-abe6-b677433715ef@group-CE9FBD59E51C-LeaderElection1] INFO  impl.RoleInfo (RoleInfo.java:shutdownLeaderElection(134)) - 3f01402b-307c-4a54-abe6-b677433715ef: shutdown LeaderElection
2019-10-19 01:15:23,916 [3f01402b-307c-4a54-abe6-b677433715ef@group-CE9FBD59E51C-LeaderElection1] INFO  impl.RaftServerImpl (RaftServerImpl.java:setRole(184)) - 3f01402b-307c-4a54-abe6-b677433715ef@group-CE9FBD59E51C: changes role from CANDIDATE to LEADER at term 1 for changeToLeader
2019-10-19 01:15:23,919 [3f01402b-307c-4a54-abe6-b677433715ef@group-CE9FBD59E51C-LeaderElection1] INFO  impl.RaftServerImpl (ServerState.java:setLeader(256)) - 3f01402b-307c-4a54-abe6-b677433715ef@group-CE9FBD59E51C: change Leader from null to 3f01402b-307c-4a54-abe6-b677433715ef at term 1 for becomeLeader, leader elected after 330ms
2019-10-19 01:15:23,926 [3f01402b-307c-4a54-abe6-b677433715ef@group-CE9FBD59E51C-LeaderElection1] INFO  server.RaftServerConfigKeys (ConfUtils.java:logGet(43)) - raft.server.staging.catchup.gap = 1000 (default)
2019-10-19 01:15:23,926 [3f01402b-307c-4a54-abe6-b677433715ef@group-CE9FBD59E51C-LeaderElection1] INFO  server.RaftServerConfigKeys (ConfUtils.java:logGet(43)) - raft.server.rpc.sleep.time = 25ms (default)
2019-10-19 01:15:23,928 [pool-47-thread-1] INFO  server.RaftServerConfigKeys (ConfUtils.java:logGet(43)) - raft.server.log.segment.cache.num.max = 2 (custom)
2019-10-19 01:15:23,928 [pool-47-thread-1] INFO  segmented.SegmentedRaftLogWorker (SegmentedRaftLogWorker.java:<init>(173)) - new 8386ee0a-1f3c-47fa-9779-9125ddcf4112@group-8CDF9D8EA57D-SegmentedRaftLogWorker for RaftStorage:Storage Directory /workdir/hadoop-ozone/integration-test/target/test-dir/MiniOzoneClusterImpl-5bd4f6c3-3117-4f19-852e-156a850a32f8/datanode-2/data/ratis/a0d673cd-597b-43f9-83a3-8cdf9d8ea57d
2019-10-19 01:15:23,928 [pool-47-thread-1] INFO  server.RaftServerConfigKeys (ConfUtils.java:logGet(43)) - raft.server.log.queue.byte-limit = 2147483647 (custom)
2019-10-19 01:15:23,929 [pool-47-thread-1] INFO  server.RaftServerConfigKeys (ConfUtils.java:logGet(43)) - raft.server.log.queue.element-limit = 1024 (custom)
2019-10-19 01:15:23,929 [pool-47-thread-1] INFO  server.RaftServerConfigKeys (ConfUtils.java:logGet(43)) - raft.server.log.segment.size.max = 1048576 (custom)
2019-10-19 01:15:23,929 [pool-47-thread-1] INFO  server.RaftServerConfigKeys (ConfUtils.java:logGet(43)) - raft.server.log.preallocated.size = 16384 (custom)
2019-10-19 01:15:23,929 [pool-47-thread-1] INFO  server.RaftServerConfigKeys (ConfUtils.java:logGet(43)) - raft.server.log.write.buffer.size = 33554432 (custom)
2019-10-19 01:15:23,929 [pool-47-thread-1] INFO  server.RaftServerConfigKeys (ConfUtils.java:logGet(43)) - raft.server.log.force.sync.num = 128 (default)
2019-10-19 01:15:23,929 [3f01402b-307c-4a54-abe6-b677433715ef@group-CE9FBD59E51C-LeaderElection1] INFO  server.RaftServerConfigKeys (ConfUtils.java:logGet(43)) - raft.server.write.element-limit = 4096 (default)
2019-10-19 01:15:23,929 [pool-47-thread-1] INFO  server.RaftServerConfigKeys (ConfUtils.java:logGet(43)) - raft.server.log.statemachine.data.sync = true (default)
2019-10-19 01:15:23,930 [pool-47-thread-1] INFO  server.RaftServerConfigKeys (ConfUtils.java:logGet(43)) - raft.server.log.statemachine.data.sync.timeout = 10s (default)
2019-10-19 01:15:23,930 [pool-47-thread-1] INFO  server.RaftServerConfigKeys (ConfUtils.java:logGet(43)) - raft.server.log.statemachine.data.sync.timeout.retry = -1 (default)
2019-10-19 01:15:23,931 [pool-47-thread-1] INFO  server.RaftServerConfigKeys (ConfUtils.java:logGet(43)) - raft.server.log.statemachine.data.caching.enabled = true (custom)
2019-10-19 01:15:23,931 [pool-47-thread-1] INFO  segmented.SegmentedRaftLogWorker (SegmentedRaftLogWorker.java:lambda$new$0(128)) - 8386ee0a-1f3c-47fa-9779-9125ddcf4112@group-8CDF9D8EA57D-SegmentedRaftLogWorker: flushIndex: setUnconditionally 0 -> -1
2019-10-19 01:15:23,931 [3f01402b-307c-4a54-abe6-b677433715ef@group-CE9FBD59E51C-LeaderElection1] INFO  server.RaftServerConfigKeys (ConfUtils.java:logGet(43)) - raft.server.watch.timeout = 10s (default)
2019-10-19 01:15:23,931 [pool-47-thread-1] INFO  server.RaftServerConfigKeys (ConfUtils.java:logGet(43)) - raft.server.snapshot.auto.trigger.enabled = true (custom)
2019-10-19 01:15:23,932 [3f01402b-307c-4a54-abe6-b677433715ef@group-CE9FBD59E51C-LeaderElection1] INFO  server.RaftServerConfigKeys (ConfUtils.java:logGet(43)) - raft.server.watch.timeout.denomination = 1s (default)
2019-10-19 01:15:23,932 [pool-47-thread-1] INFO  server.RaftServerConfigKeys (ConfUtils.java:logGet(43)) - raft.server.snapshot.auto.trigger.threshold = 10000 (custom)
2019-10-19 01:15:23,932 [pool-47-thread-1] INFO  server.RaftServerConfigKeys (ConfUtils.java:logGet(43)) - raft.server.snapshot.retention.file.num = 5 (custom)
2019-10-19 01:15:23,932 [pool-47-thread-1] INFO  server.RaftServerConfigKeys (ConfUtils.java:logGet(43)) - raft.server.retrycache.expirytime = 600000ms (custom)
2019-10-19 01:15:23,932 [3f01402b-307c-4a54-abe6-b677433715ef@group-CE9FBD59E51C-LeaderElection1] INFO  server.RaftServerConfigKeys (ConfUtils.java:logGet(43)) - raft.server.watch.element-limit = 65536 (default)
2019-10-19 01:15:23,938 [pool-47-thread-1] INFO  impl.RaftServerImpl (RaftServerImpl.java:start(195)) - 8386ee0a-1f3c-47fa-9779-9125ddcf4112@group-8CDF9D8EA57D: start as a follower, conf=-1: [8386ee0a-1f3c-47fa-9779-9125ddcf4112:192.168.69.71:40009], old=null
2019-10-19 01:15:23,938 [pool-47-thread-1] INFO  impl.RaftServerImpl (RaftServerImpl.java:setRole(184)) - 8386ee0a-1f3c-47fa-9779-9125ddcf4112@group-8CDF9D8EA57D: changes role from      null to FOLLOWER at term 0 for startAsFollower
2019-10-19 01:15:23,938 [pool-47-thread-1] INFO  impl.RoleInfo (RoleInfo.java:updateAndGet(143)) - 8386ee0a-1f3c-47fa-9779-9125ddcf4112: start FollowerState
2019-10-19 01:15:23,939 [pool-47-thread-1] INFO  util.JmxRegister (JmxRegister.java:tryRegister(44)) - Successfully registered JMX Bean with object name Ratis:service=RaftServer,group=group-8CDF9D8EA57D,id=8386ee0a-1f3c-47fa-9779-9125ddcf4112
2019-10-19 01:15:23,944 [3f01402b-307c-4a54-abe6-b677433715ef@group-CE9FBD59E51C-LeaderElection1] INFO  impl.RoleInfo (RoleInfo.java:updateAndGet(143)) - 3f01402b-307c-4a54-abe6-b677433715ef: start LeaderState
2019-10-19 01:15:23,952 [Thread-189] INFO  impl.FollowerState (FollowerState.java:run(108)) - e5f35640-2c6c-4b86-a5ff-33a1451b27ce@group-AB8485C1D140-FollowerState: change to CANDIDATE, lastRpcTime:105ms, electionTimeout:105ms
2019-10-19 01:15:23,953 [Thread-189] INFO  impl.RoleInfo (RoleInfo.java:shutdownFollowerState(121)) - e5f35640-2c6c-4b86-a5ff-33a1451b27ce: shutdown FollowerState
2019-10-19 01:15:23,953 [Thread-189] INFO  impl.RaftServerImpl (RaftServerImpl.java:setRole(184)) - e5f35640-2c6c-4b86-a5ff-33a1451b27ce@group-AB8485C1D140: changes role from  FOLLOWER to CANDIDATE at term 0 for changeToCandidate
2019-10-19 01:15:23,953 [Thread-189] INFO  impl.RoleInfo (RoleInfo.java:updateAndGet(143)) - e5f35640-2c6c-4b86-a5ff-33a1451b27ce: start LeaderElection
2019-10-19 01:15:23,953 [RatisPipelineUtilsThread] INFO  pipeline.PipelineStateManager (PipelineStateManager.java:addPipeline(56)) - Created pipeline Pipeline[ Id: a0d673cd-597b-43f9-83a3-8cdf9d8ea57d, Nodes: 8386ee0a-1f3c-47fa-9779-9125ddcf4112{ip: 192.168.69.71, host: pr-hdds-2333-vzxj6-995506542, networkLocation: /default-rack, certSerialId: null}, Type:RATIS, Factor:ONE, State:OPEN]
2019-10-19 01:15:23,967 [e5f35640-2c6c-4b86-a5ff-33a1451b27ce@group-AB8485C1D140-LeaderElection2] INFO  impl.LeaderElection (LeaderElection.java:askForVotes(178)) - e5f35640-2c6c-4b86-a5ff-33a1451b27ce@group-AB8485C1D140-LeaderElection2: begin an election at term 1 for -1: [e5f35640-2c6c-4b86-a5ff-33a1451b27ce:192.168.69.71:43138], old=null
2019-10-19 01:15:23,968 [e5f35640-2c6c-4b86-a5ff-33a1451b27ce@group-AB8485C1D140-LeaderElection2] INFO  impl.RoleInfo (RoleInfo.java:shutdownLeaderElection(134)) - e5f35640-2c6c-4b86-a5ff-33a1451b27ce: shutdown LeaderElection
2019-10-19 01:15:23,968 [e5f35640-2c6c-4b86-a5ff-33a1451b27ce@group-AB8485C1D140-LeaderElection2] INFO  impl.RaftServerImpl (RaftServerImpl.java:setRole(184)) - e5f35640-2c6c-4b86-a5ff-33a1451b27ce@group-AB8485C1D140: changes role from CANDIDATE to LEADER at term 1 for changeToLeader
2019-10-19 01:15:23,969 [e5f35640-2c6c-4b86-a5ff-33a1451b27ce@group-AB8485C1D140-LeaderElection2] INFO  impl.RaftServerImpl (ServerState.java:setLeader(256)) - e5f35640-2c6c-4b86-a5ff-33a1451b27ce@group-AB8485C1D140: change Leader from null to e5f35640-2c6c-4b86-a5ff-33a1451b27ce at term 1 for becomeLeader, leader elected after 140ms
2019-10-19 01:15:23,969 [e5f35640-2c6c-4b86-a5ff-33a1451b27ce@group-AB8485C1D140-LeaderElection2] INFO  server.RaftServerConfigKeys (ConfUtils.java:logGet(43)) - raft.server.staging.catchup.gap = 1000 (default)
2019-10-19 01:15:23,970 [e5f35640-2c6c-4b86-a5ff-33a1451b27ce@group-AB8485C1D140-LeaderElection2] INFO  server.RaftServerConfigKeys (ConfUtils.java:logGet(43)) - raft.server.rpc.sleep.time = 25ms (default)
2019-10-19 01:15:23,971 [e5f35640-2c6c-4b86-a5ff-33a1451b27ce@group-AB8485C1D140-LeaderElection2] INFO  server.RaftServerConfigKeys (ConfUtils.java:logGet(43)) - raft.server.write.element-limit = 4096 (default)
2019-10-19 01:15:23,971 [e5f35640-2c6c-4b86-a5ff-33a1451b27ce@group-AB8485C1D140-LeaderElection2] INFO  server.RaftServerConfigKeys (ConfUtils.java:logGet(43)) - raft.server.watch.timeout = 10s (default)
2019-10-19 01:15:23,971 [e5f35640-2c6c-4b86-a5ff-33a1451b27ce@group-AB8485C1D140-LeaderElection2] INFO  server.RaftServerConfigKeys (ConfUtils.java:logGet(43)) - raft.server.watch.timeout.denomination = 1s (default)
2019-10-19 01:15:23,971 [3f01402b-307c-4a54-abe6-b677433715ef@group-CE9FBD59E51C-LeaderElection1] INFO  segmented.SegmentedRaftLogWorker (SegmentedRaftLogWorker.java:startLogSegment(385)) - 3f01402b-307c-4a54-abe6-b677433715ef@group-CE9FBD59E51C-SegmentedRaftLogWorker: Starting segment from index:0
2019-10-19 01:15:23,972 [e5f35640-2c6c-4b86-a5ff-33a1451b27ce@group-AB8485C1D140-LeaderElection2] INFO  server.RaftServerConfigKeys (ConfUtils.java:logGet(43)) - raft.server.watch.element-limit = 65536 (default)
2019-10-19 01:15:23,978 [grpc-default-executor-2] INFO  impl.RaftServerProxy (RaftServerProxy.java:addNew(89)) - e5f35640-2c6c-4b86-a5ff-33a1451b27ce: addNew group-33D7D707C079:[3f01402b-307c-4a54-abe6-b677433715ef:192.168.69.71:42588, 8386ee0a-1f3c-47fa-9779-9125ddcf4112:192.168.69.71:40009, e5f35640-2c6c-4b86-a5ff-33a1451b27ce:192.168.69.71:43138] returns group-33D7D707C079:java.util.concurrent.CompletableFuture@127df3b5[Not completed]
2019-10-19 01:15:23,978 [grpc-default-executor-1] INFO  impl.RaftServerProxy (RaftServerProxy.java:addNew(89)) - 3f01402b-307c-4a54-abe6-b677433715ef: addNew group-33D7D707C079:[3f01402b-307c-4a54-abe6-b677433715ef:192.168.69.71:42588, 8386ee0a-1f3c-47fa-9779-9125ddcf4112:192.168.69.71:40009, e5f35640-2c6c-4b86-a5ff-33a1451b27ce:192.168.69.71:43138] returns group-33D7D707C079:java.util.concurrent.CompletableFuture@51ed2457[Not completed]
2019-10-19 01:15:23,979 [e5f35640-2c6c-4b86-a5ff-33a1451b27ce@group-AB8485C1D140-LeaderElection2] INFO  impl.RoleInfo (RoleInfo.java:updateAndGet(143)) - e5f35640-2c6c-4b86-a5ff-33a1451b27ce: start LeaderState
2019-10-19 01:15:23,980 [e5f35640-2c6c-4b86-a5ff-33a1451b27ce@group-AB8485C1D140-LeaderElection2] INFO  segmented.SegmentedRaftLogWorker (SegmentedRaftLogWorker.java:startLogSegment(385)) - e5f35640-2c6c-4b86-a5ff-33a1451b27ce@group-AB8485C1D140-SegmentedRaftLogWorker: Starting segment from index:0
2019-10-19 01:15:23,980 [grpc-default-executor-1] INFO  impl.RaftServerProxy (RaftServerProxy.java:addNew(89)) - 8386ee0a-1f3c-47fa-9779-9125ddcf4112: addNew group-33D7D707C079:[3f01402b-307c-4a54-abe6-b677433715ef:192.168.69.71:42588, 8386ee0a-1f3c-47fa-9779-9125ddcf4112:192.168.69.71:40009, e5f35640-2c6c-4b86-a5ff-33a1451b27ce:192.168.69.71:43138] returns group-33D7D707C079:java.util.concurrent.CompletableFuture@55d2bab2[Not completed]
2019-10-19 01:15:23,981 [pool-37-thread-1] INFO  impl.RaftServerImpl (RaftServerImpl.java:<init>(104)) - e5f35640-2c6c-4b86-a5ff-33a1451b27ce: new RaftServerImpl for group-33D7D707C079:[3f01402b-307c-4a54-abe6-b677433715ef:192.168.69.71:42588, 8386ee0a-1f3c-47fa-9779-9125ddcf4112:192.168.69.71:40009, e5f35640-2c6c-4b86-a5ff-33a1451b27ce:192.168.69.71:43138] with ContainerStateMachine:uninitialized
2019-10-19 01:15:23,981 [pool-37-thread-1] INFO  server.RaftServerConfigKeys (ConfUtils.java:logGet(43)) - raft.server.rpc.timeout.min = 5s (custom)
2019-10-19 01:15:23,981 [pool-37-thread-1] INFO  server.RaftServerConfigKeys (ConfUtils.java:logGet(43)) - raft.server.rpc.timeout.max = 5200ms (custom)
2019-10-19 01:15:23,981 [pool-37-thread-1] INFO  server.RaftServerConfigKeys (ConfUtils.java:logGet(43)) - raft.server.rpcslowness.timeout = 1000s (custom)
2019-10-19 01:15:23,982 [pool-27-thread-1] INFO  impl.RaftServerImpl (RaftServerImpl.java:<init>(104)) - 3f01402b-307c-4a54-abe6-b677433715ef: new RaftServerImpl for group-33D7D707C079:[3f01402b-307c-4a54-abe6-b677433715ef:192.168.69.71:42588, 8386ee0a-1f3c-47fa-9779-9125ddcf4112:192.168.69.71:40009, e5f35640-2c6c-4b86-a5ff-33a1451b27ce:192.168.69.71:43138] with ContainerStateMachine:uninitialized
2019-10-19 01:15:23,982 [pool-37-thread-1] INFO  server.RaftServerConfigKeys (ConfUtils.java:logGet(43)) - raft.server.sleep.deviation.threshold = 300 (default)
2019-10-19 01:15:23,982 [pool-27-thread-1] INFO  server.RaftServerConfigKeys (ConfUtils.java:logGet(43)) - raft.server.rpc.timeout.min = 5s (custom)
2019-10-19 01:15:23,982 [pool-37-thread-1] INFO  server.RaftServerConfigKeys (ConfUtils.java:logGet(43)) - raft.server.log.appender.install.snapshot.enabled = false (custom)
2019-10-19 01:15:23,982 [pool-27-thread-1] INFO  server.RaftServerConfigKeys (ConfUtils.java:logGet(43)) - raft.server.rpc.timeout.max = 5200ms (custom)
2019-10-19 01:15:23,982 [pool-37-thread-1] INFO  impl.RaftServerImpl (ServerState.java:<init>(103)) - e5f35640-2c6c-4b86-a5ff-33a1451b27ce@group-33D7D707C079: ConfigurationManager, init=-1: [3f01402b-307c-4a54-abe6-b677433715ef:192.168.69.71:42588, 8386ee0a-1f3c-47fa-9779-9125ddcf4112:192.168.69.71:40009, e5f35640-2c6c-4b86-a5ff-33a1451b27ce:192.168.69.71:43138], old=null, confs=<EMPTY_MAP>
2019-10-19 01:15:23,982 [pool-27-thread-1] INFO  server.RaftServerConfigKeys (ConfUtils.java:logGet(43)) - raft.server.rpcslowness.timeout = 1000s (custom)
2019-10-19 01:15:23,982 [pool-37-thread-1] INFO  server.RaftServerConfigKeys (ConfUtils.java:logGet(43)) - raft.server.storage.dir = [/workdir/hadoop-ozone/integration-test/target/test-dir/MiniOzoneClusterImpl-5bd4f6c3-3117-4f19-852e-156a850a32f8/datanode-1/data/ratis] (custom)
2019-10-19 01:15:23,982 [pool-27-thread-1] INFO  server.RaftServerConfigKeys (ConfUtils.java:logGet(43)) - raft.server.sleep.deviation.threshold = 300 (default)
2019-10-19 01:15:23,983 [pool-47-thread-1] INFO  impl.RaftServerImpl (RaftServerImpl.java:<init>(104)) - 8386ee0a-1f3c-47fa-9779-9125ddcf4112: new RaftServerImpl for group-33D7D707C079:[3f01402b-307c-4a54-abe6-b677433715ef:192.168.69.71:42588, 8386ee0a-1f3c-47fa-9779-9125ddcf4112:192.168.69.71:40009, e5f35640-2c6c-4b86-a5ff-33a1451b27ce:192.168.69.71:43138] with ContainerStateMachine:uninitialized
2019-10-19 01:15:23,983 [pool-27-thread-1] INFO  server.RaftServerConfigKeys (ConfUtils.java:logGet(43)) - raft.server.log.appender.install.snapshot.enabled = false (custom)
2019-10-19 01:15:23,983 [pool-37-thread-1] INFO  server.RaftServerConfigKeys (ConfUtils.java:logGet(43)) - raft.server.log.corruption.policy = EXCEPTION (default)
2019-10-19 01:15:23,983 [pool-47-thread-1] INFO  server.RaftServerConfigKeys (ConfUtils.java:logGet(43)) - raft.server.rpc.timeout.min = 5s (custom)
2019-10-19 01:15:23,983 [pool-27-thread-1] INFO  impl.RaftServerImpl (ServerState.java:<init>(103)) - 3f01402b-307c-4a54-abe6-b677433715ef@group-33D7D707C079: ConfigurationManager, init=-1: [3f01402b-307c-4a54-abe6-b677433715ef:192.168.69.71:42588, 8386ee0a-1f3c-47fa-9779-9125ddcf4112:192.168.69.71:40009, e5f35640-2c6c-4b86-a5ff-33a1451b27ce:192.168.69.71:43138], old=null, confs=<EMPTY_MAP>
2019-10-19 01:15:23,983 [pool-47-thread-1] INFO  server.RaftServerConfigKeys (ConfUtils.java:logGet(43)) - raft.server.rpc.timeout.max = 5200ms (custom)
2019-10-19 01:15:23,983 [pool-37-thread-1] INFO  storage.RaftStorageDirectory (RaftStorageDirectory.java:analyzeStorage(246)) - The storage directory /workdir/hadoop-ozone/integration-test/target/test-dir/MiniOzoneClusterImpl-5bd4f6c3-3117-4f19-852e-156a850a32f8/datanode-1/data/ratis/260d8aca-b42b-4def-900d-33d7d707c079 does not exist. Creating ...
2019-10-19 01:15:23,983 [pool-47-thread-1] INFO  server.RaftServerConfigKeys (ConfUtils.java:logGet(43)) - raft.server.rpcslowness.timeout = 1000s (custom)
2019-10-19 01:15:23,983 [pool-27-thread-1] INFO  server.RaftServerConfigKeys (ConfUtils.java:logGet(43)) - raft.server.storage.dir = [/workdir/hadoop-ozone/integration-test/target/test-dir/MiniOzoneClusterImpl-5bd4f6c3-3117-4f19-852e-156a850a32f8/datanode-0/data/ratis] (custom)
2019-10-19 01:15:23,983 [pool-47-thread-1] INFO  server.RaftServerConfigKeys (ConfUtils.java:logGet(43)) - raft.server.sleep.deviation.threshold = 300 (default)
2019-10-19 01:15:23,984 [pool-47-thread-1] INFO  server.RaftServerConfigKeys (ConfUtils.java:logGet(43)) - raft.server.log.appender.install.snapshot.enabled = false (custom)
2019-10-19 01:15:23,984 [pool-27-thread-1] INFO  server.RaftServerConfigKeys (ConfUtils.java:logGet(43)) - raft.server.log.corruption.policy = EXCEPTION (default)
2019-10-19 01:15:23,984 [pool-47-thread-1] INFO  impl.RaftServerImpl (ServerState.java:<init>(103)) - 8386ee0a-1f3c-47fa-9779-9125ddcf4112@group-33D7D707C079: ConfigurationManager, init=-1: [3f01402b-307c-4a54-abe6-b677433715ef:192.168.69.71:42588, 8386ee0a-1f3c-47fa-9779-9125ddcf4112:192.168.69.71:40009, e5f35640-2c6c-4b86-a5ff-33a1451b27ce:192.168.69.71:43138], old=null, confs=<EMPTY_MAP>
2019-10-19 01:15:23,984 [pool-27-thread-1] INFO  storage.RaftStorageDirectory (RaftStorageDirectory.java:analyzeStorage(246)) - The storage directory /workdir/hadoop-ozone/integration-test/target/test-dir/MiniOzoneClusterImpl-5bd4f6c3-3117-4f19-852e-156a850a32f8/datanode-0/data/ratis/260d8aca-b42b-4def-900d-33d7d707c079 does not exist. Creating ...
2019-10-19 01:15:23,984 [pool-47-thread-1] INFO  server.RaftServerConfigKeys (ConfUtils.java:logGet(43)) - raft.server.storage.dir = [/workdir/hadoop-ozone/integration-test/target/test-dir/MiniOzoneClusterImpl-5bd4f6c3-3117-4f19-852e-156a850a32f8/datanode-2/data/ratis] (custom)
2019-10-19 01:15:23,984 [pool-47-thread-1] INFO  server.RaftServerConfigKeys (ConfUtils.java:logGet(43)) - raft.server.log.corruption.policy = EXCEPTION (default)
2019-10-19 01:15:23,984 [pool-47-thread-1] INFO  storage.RaftStorageDirectory (RaftStorageDirectory.java:analyzeStorage(246)) - The storage directory /workdir/hadoop-ozone/integration-test/target/test-dir/MiniOzoneClusterImpl-5bd4f6c3-3117-4f19-852e-156a850a32f8/datanode-2/data/ratis/260d8aca-b42b-4def-900d-33d7d707c079 does not exist. Creating ...
2019-10-19 01:15:23,986 [e5f35640-2c6c-4b86-a5ff-33a1451b27ce@group-AB8485C1D140-LeaderElection2] INFO  impl.RaftServerImpl (ServerState.java:setRaftConf(357)) - e5f35640-2c6c-4b86-a5ff-33a1451b27ce@group-AB8485C1D140: set configuration 0: [e5f35640-2c6c-4b86-a5ff-33a1451b27ce:192.168.69.71:43138], old=null at 0
2019-10-19 01:15:23,986 [3f01402b-307c-4a54-abe6-b677433715ef@group-CE9FBD59E51C-LeaderElection1] INFO  impl.RaftServerImpl (ServerState.java:setRaftConf(357)) - 3f01402b-307c-4a54-abe6-b677433715ef@group-CE9FBD59E51C: set configuration 0: [3f01402b-307c-4a54-abe6-b677433715ef:192.168.69.71:42588], old=null at 0
2019-10-19 01:15:23,996 [pool-47-thread-1] INFO  storage.RaftStorageDirectory (RaftStorageDirectory.java:tryLock(328)) - Lock on /workdir/hadoop-ozone/integration-test/target/test-dir/MiniOzoneClusterImpl-5bd4f6c3-3117-4f19-852e-156a850a32f8/datanode-2/data/ratis/260d8aca-b42b-4def-900d-33d7d707c079/in_use.lock acquired by nodename 25670@pr-hdds-2333-vzxj6-995506542
2019-10-19 01:15:23,996 [pool-37-thread-1] INFO  storage.RaftStorageDirectory (RaftStorageDirectory.java:tryLock(328)) - Lock on /workdir/hadoop-ozone/integration-test/target/test-dir/MiniOzoneClusterImpl-5bd4f6c3-3117-4f19-852e-156a850a32f8/datanode-1/data/ratis/260d8aca-b42b-4def-900d-33d7d707c079/in_use.lock acquired by nodename 25670@pr-hdds-2333-vzxj6-995506542
2019-10-19 01:15:23,996 [pool-27-thread-1] INFO  storage.RaftStorageDirectory (RaftStorageDirectory.java:tryLock(328)) - Lock on /workdir/hadoop-ozone/integration-test/target/test-dir/MiniOzoneClusterImpl-5bd4f6c3-3117-4f19-852e-156a850a32f8/datanode-0/data/ratis/260d8aca-b42b-4def-900d-33d7d707c079/in_use.lock acquired by nodename 25670@pr-hdds-2333-vzxj6-995506542
2019-10-19 01:15:24,010 [pool-27-thread-1] INFO  storage.RaftStorage (RaftStorage.java:format(84)) - Storage directory /workdir/hadoop-ozone/integration-test/target/test-dir/MiniOzoneClusterImpl-5bd4f6c3-3117-4f19-852e-156a850a32f8/datanode-0/data/ratis/260d8aca-b42b-4def-900d-33d7d707c079 has been successfully formatted.
2019-10-19 01:15:24,010 [pool-47-thread-1] INFO  storage.RaftStorage (RaftStorage.java:format(84)) - Storage directory /workdir/hadoop-ozone/integration-test/target/test-dir/MiniOzoneClusterImpl-5bd4f6c3-3117-4f19-852e-156a850a32f8/datanode-2/data/ratis/260d8aca-b42b-4def-900d-33d7d707c079 has been successfully formatted.
2019-10-19 01:15:24,010 [pool-37-thread-1] INFO  storage.RaftStorage (RaftStorage.java:format(84)) - Storage directory /workdir/hadoop-ozone/integration-test/target/test-dir/MiniOzoneClusterImpl-5bd4f6c3-3117-4f19-852e-156a850a32f8/datanode-1/data/ratis/260d8aca-b42b-4def-900d-33d7d707c079 has been successfully formatted.
2019-10-19 01:15:24,010 [pool-27-thread-1] INFO  ratis.ContainerStateMachine (ContainerStateMachine.java:loadSnapshot(231)) - group-33D7D707C079: The snapshot info is null. Setting the last applied indexto:(t:0, i:~)
2019-10-19 01:15:24,011 [pool-47-thread-1] INFO  ratis.ContainerStateMachine (ContainerStateMachine.java:loadSnapshot(231)) - group-33D7D707C079: The snapshot info is null. Setting the last applied indexto:(t:0, i:~)
2019-10-19 01:15:24,011 [pool-27-thread-1] INFO  server.RaftServerConfigKeys (ConfUtils.java:logGet(43)) - raft.server.notification.no-leader.timeout = 1000s (custom)
2019-10-19 01:15:24,011 [pool-37-thread-1] INFO  ratis.ContainerStateMachine (ContainerStateMachine.java:loadSnapshot(231)) - group-33D7D707C079: The snapshot info is null. Setting the last applied indexto:(t:0, i:~)
2019-10-19 01:15:24,011 [pool-27-thread-1] INFO  server.RaftServerConfigKeys (ConfUtils.java:logGet(43)) - raft.server.log.use.memory = false (default)
2019-10-19 01:15:24,011 [pool-47-thread-1] INFO  server.RaftServerConfigKeys (ConfUtils.java:logGet(43)) - raft.server.notification.no-leader.timeout = 1000s (custom)
2019-10-19 01:15:24,011 [pool-27-thread-1] INFO  server.RaftServerConfigKeys (ConfUtils.java:logGet(43)) - raft.server.log.purge.gap = 1000000 (custom)
2019-10-19 01:15:24,011 [pool-37-thread-1] INFO  server.RaftServerConfigKeys (ConfUtils.java:logGet(43)) - raft.server.notification.no-leader.timeout = 1000s (custom)
2019-10-19 01:15:24,011 [pool-27-thread-1] INFO  server.RaftServerConfigKeys (ConfUtils.java:logGet(43)) - raft.server.log.appender.buffer.byte-limit = 33554432 (custom)
2019-10-19 01:15:24,011 [pool-47-thread-1] INFO  server.RaftServerConfigKeys (ConfUtils.java:logGet(43)) - raft.server.log.use.memory = false (default)
2019-10-19 01:15:24,011 [pool-27-thread-1] INFO  server.RaftServerConfigKeys (ConfUtils.java:logGet(43)) - raft.server.log.segment.size.max = 1048576 (custom)
2019-10-19 01:15:24,011 [pool-37-thread-1] INFO  server.RaftServerConfigKeys (ConfUtils.java:logGet(43)) - raft.server.log.use.memory = false (default)
2019-10-19 01:15:24,012 [pool-27-thread-1] INFO  server.RaftServerConfigKeys (ConfUtils.java:logGet(43)) - raft.server.log.segment.cache.num.max = 2 (custom)
2019-10-19 01:15:24,012 [pool-27-thread-1] INFO  segmented.SegmentedRaftLogWorker (SegmentedRaftLogWorker.java:<init>(173)) - new 3f01402b-307c-4a54-abe6-b677433715ef@group-33D7D707C079-SegmentedRaftLogWorker for RaftStorage:Storage Directory /workdir/hadoop-ozone/integration-test/target/test-dir/MiniOzoneClusterImpl-5bd4f6c3-3117-4f19-852e-156a850a32f8/datanode-0/data/ratis/260d8aca-b42b-4def-900d-33d7d707c079
2019-10-19 01:15:24,012 [pool-47-thread-1] INFO  server.RaftServerConfigKeys (ConfUtils.java:logGet(43)) - raft.server.log.purge.gap = 1000000 (custom)
2019-10-19 01:15:24,012 [pool-27-thread-1] INFO  server.RaftServerConfigKeys (ConfUtils.java:logGet(43)) - raft.server.log.queue.byte-limit = 2147483647 (custom)
2019-10-19 01:15:24,012 [pool-37-thread-1] INFO  server.RaftServerConfigKeys (ConfUtils.java:logGet(43)) - raft.server.log.purge.gap = 1000000 (custom)
2019-10-19 01:15:24,012 [pool-27-thread-1] INFO  server.RaftServerConfigKeys (ConfUtils.java:logGet(43)) - raft.server.log.queue.element-limit = 1024 (custom)
2019-10-19 01:15:24,012 [pool-47-thread-1] INFO  server.RaftServerConfigKeys (ConfUtils.java:logGet(43)) - raft.server.log.appender.buffer.byte-limit = 33554432 (custom)
2019-10-19 01:15:24,012 [pool-27-thread-1] INFO  server.RaftServerConfigKeys (ConfUtils.java:logGet(43)) - raft.server.log.segment.size.max = 1048576 (custom)
2019-10-19 01:15:24,012 [pool-37-thread-1] INFO  server.RaftServerConfigKeys (ConfUtils.java:logGet(43)) - raft.server.log.appender.buffer.byte-limit = 33554432 (custom)
2019-10-19 01:15:24,013 [pool-27-thread-1] INFO  server.RaftServerConfigKeys (ConfUtils.java:logGet(43)) - raft.server.log.preallocated.size = 16384 (custom)
2019-10-19 01:15:24,012 [pool-47-thread-1] INFO  server.RaftServerConfigKeys (ConfUtils.java:logGet(43)) - raft.server.log.segment.size.max = 1048576 (custom)
2019-10-19 01:15:24,013 [pool-27-thread-1] INFO  server.RaftServerConfigKeys (ConfUtils.java:logGet(43)) - raft.server.log.write.buffer.size = 33554432 (custom)
2019-10-19 01:15:24,013 [pool-37-thread-1] INFO  server.RaftServerConfigKeys (ConfUtils.java:logGet(43)) - raft.server.log.segment.size.max = 1048576 (custom)
2019-10-19 01:15:24,013 [pool-27-thread-1] INFO  server.RaftServerConfigKeys (ConfUtils.java:logGet(43)) - raft.server.log.force.sync.num = 128 (default)
2019-10-19 01:15:24,013 [pool-47-thread-1] INFO  server.RaftServerConfigKeys (ConfUtils.java:logGet(43)) - raft.server.log.segment.cache.num.max = 2 (custom)
2019-10-19 01:15:24,013 [pool-27-thread-1] INFO  server.RaftServerConfigKeys (ConfUtils.java:logGet(43)) - raft.server.log.statemachine.data.sync = true (default)
2019-10-19 01:15:24,013 [pool-37-thread-1] INFO  server.RaftServerConfigKeys (ConfUtils.java:logGet(43)) - raft.server.log.segment.cache.num.max = 2 (custom)
2019-10-19 01:15:24,013 [pool-27-thread-1] INFO  server.RaftServerConfigKeys (ConfUtils.java:logGet(43)) - raft.server.log.statemachine.data.sync.timeout = 10s (default)
2019-10-19 01:15:24,013 [pool-47-thread-1] INFO  segmented.SegmentedRaftLogWorker (SegmentedRaftLogWorker.java:<init>(173)) - new 8386ee0a-1f3c-47fa-9779-9125ddcf4112@group-33D7D707C079-SegmentedRaftLogWorker for RaftStorage:Storage Directory /workdir/hadoop-ozone/integration-test/target/test-dir/MiniOzoneClusterImpl-5bd4f6c3-3117-4f19-852e-156a850a32f8/datanode-2/data/ratis/260d8aca-b42b-4def-900d-33d7d707c079
2019-10-19 01:15:24,014 [pool-27-thread-1] INFO  server.RaftServerConfigKeys (ConfUtils.java:logGet(43)) - raft.server.log.statemachine.data.sync.timeout.retry = -1 (default)
2019-10-19 01:15:24,013 [pool-37-thread-1] INFO  segmented.SegmentedRaftLogWorker (SegmentedRaftLogWorker.java:<init>(173)) - new e5f35640-2c6c-4b86-a5ff-33a1451b27ce@group-33D7D707C079-SegmentedRaftLogWorker for RaftStorage:Storage Directory /workdir/hadoop-ozone/integration-test/target/test-dir/MiniOzoneClusterImpl-5bd4f6c3-3117-4f19-852e-156a850a32f8/datanode-1/data/ratis/260d8aca-b42b-4def-900d-33d7d707c079
2019-10-19 01:15:24,014 [pool-47-thread-1] INFO  server.RaftServerConfigKeys (ConfUtils.java:logGet(43)) - raft.server.log.queue.byte-limit = 2147483647 (custom)
2019-10-19 01:15:24,014 [pool-37-thread-1] INFO  server.RaftServerConfigKeys (ConfUtils.java:logGet(43)) - raft.server.log.queue.byte-limit = 2147483647 (custom)
2019-10-19 01:15:24,014 [pool-27-thread-1] INFO  server.RaftServerConfigKeys (ConfUtils.java:logGet(43)) - raft.server.log.statemachine.data.caching.enabled = true (custom)
2019-10-19 01:15:24,014 [pool-37-thread-1] INFO  server.RaftServerConfigKeys (ConfUtils.java:logGet(43)) - raft.server.log.queue.element-limit = 1024 (custom)
2019-10-19 01:15:24,014 [pool-47-thread-1] INFO  server.RaftServerConfigKeys (ConfUtils.java:logGet(43)) - raft.server.log.queue.element-limit = 1024 (custom)
2019-10-19 01:15:24,014 [pool-37-thread-1] INFO  server.RaftServerConfigKeys (ConfUtils.java:logGet(43)) - raft.server.log.segment.size.max = 1048576 (custom)
2019-10-19 01:15:24,014 [pool-27-thread-1] INFO  segmented.SegmentedRaftLogWorker (SegmentedRaftLogWorker.java:lambda$new$0(128)) - 3f01402b-307c-4a54-abe6-b677433715ef@group-33D7D707C079-SegmentedRaftLogWorker: flushIndex: setUnconditionally 0 -> -1
2019-10-19 01:15:24,015 [pool-37-thread-1] INFO  server.RaftServerConfigKeys (ConfUtils.java:logGet(43)) - raft.server.log.preallocated.size = 16384 (custom)
2019-10-19 01:15:24,014 [pool-47-thread-1] INFO  server.RaftServerConfigKeys (ConfUtils.java:logGet(43)) - raft.server.log.segment.size.max = 1048576 (custom)
2019-10-19 01:15:24,015 [pool-27-thread-1] INFO  server.RaftServerConfigKeys (ConfUtils.java:logGet(43)) - raft.server.snapshot.auto.trigger.enabled = true (custom)
2019-10-19 01:15:24,015 [pool-37-thread-1] INFO  server.RaftServerConfigKeys (ConfUtils.java:logGet(43)) - raft.server.log.write.buffer.size = 33554432 (custom)
2019-10-19 01:15:24,015 [pool-27-thread-1] INFO  server.RaftServerConfigKeys (ConfUtils.java:logGet(43)) - raft.server.snapshot.auto.trigger.threshold = 10000 (custom)
2019-10-19 01:15:24,015 [pool-47-thread-1] INFO  server.RaftServerConfigKeys (ConfUtils.java:logGet(43)) - raft.server.log.preallocated.size = 16384 (custom)
2019-10-19 01:15:24,015 [pool-27-thread-1] INFO  server.RaftServerConfigKeys (ConfUtils.java:logGet(43)) - raft.server.snapshot.retention.file.num = 5 (custom)
2019-10-19 01:15:24,015 [pool-37-thread-1] INFO  server.RaftServerConfigKeys (ConfUtils.java:logGet(43)) - raft.server.log.force.sync.num = 128 (default)
2019-10-19 01:15:24,015 [pool-27-thread-1] INFO  server.RaftServerConfigKeys (ConfUtils.java:logGet(43)) - raft.server.retrycache.expirytime = 600000ms (custom)
2019-10-19 01:15:24,015 [pool-47-thread-1] INFO  server.RaftServerConfigKeys (ConfUtils.java:logGet(43)) - raft.server.log.write.buffer.size = 33554432 (custom)
2019-10-19 01:15:24,015 [pool-37-thread-1] INFO  server.RaftServerConfigKeys (ConfUtils.java:logGet(43)) - raft.server.log.statemachine.data.sync = true (default)
2019-10-19 01:15:24,016 [pool-47-thread-1] INFO  server.RaftServerConfigKeys (ConfUtils.java:logGet(43)) - raft.server.log.force.sync.num = 128 (default)
2019-10-19 01:15:24,016 [pool-37-thread-1] INFO  server.RaftServerConfigKeys (ConfUtils.java:logGet(43)) - raft.server.log.statemachine.data.sync.timeout = 10s (default)
2019-10-19 01:15:24,016 [pool-47-thread-1] INFO  server.RaftServerConfigKeys (ConfUtils.java:logGet(43)) - raft.server.log.statemachine.data.sync = true (default)
2019-10-19 01:15:24,016 [pool-37-thread-1] INFO  server.RaftServerConfigKeys (ConfUtils.java:logGet(43)) - raft.server.log.statemachine.data.sync.timeout.retry = -1 (default)
2019-10-19 01:15:24,016 [pool-47-thread-1] INFO  server.RaftServerConfigKeys (ConfUtils.java:logGet(43)) - raft.server.log.statemachine.data.sync.timeout = 10s (default)
2019-10-19 01:15:24,016 [pool-47-thread-1] INFO  server.RaftServerConfigKeys (ConfUtils.java:logGet(43)) - raft.server.log.statemachine.data.sync.timeout.retry = -1 (default)
2019-10-19 01:15:24,016 [pool-37-thread-1] INFO  server.RaftServerConfigKeys (ConfUtils.java:logGet(43)) - raft.server.log.statemachine.data.caching.enabled = true (custom)
2019-10-19 01:15:24,016 [pool-47-thread-1] INFO  server.RaftServerConfigKeys (ConfUtils.java:logGet(43)) - raft.server.log.statemachine.data.caching.enabled = true (custom)
2019-10-19 01:15:24,017 [pool-37-thread-1] INFO  segmented.SegmentedRaftLogWorker (SegmentedRaftLogWorker.java:lambda$new$0(128)) - e5f35640-2c6c-4b86-a5ff-33a1451b27ce@group-33D7D707C079-SegmentedRaftLogWorker: flushIndex: setUnconditionally 0 -> -1
2019-10-19 01:15:24,017 [pool-47-thread-1] INFO  segmented.SegmentedRaftLogWorker (SegmentedRaftLogWorker.java:lambda$new$0(128)) - 8386ee0a-1f3c-47fa-9779-9125ddcf4112@group-33D7D707C079-SegmentedRaftLogWorker: flushIndex: setUnconditionally 0 -> -1
2019-10-19 01:15:24,017 [pool-37-thread-1] INFO  server.RaftServerConfigKeys (ConfUtils.java:logGet(43)) - raft.server.snapshot.auto.trigger.enabled = true (custom)
2019-10-19 01:15:24,017 [pool-47-thread-1] INFO  server.RaftServerConfigKeys (ConfUtils.java:logGet(43)) - raft.server.snapshot.auto.trigger.enabled = true (custom)
2019-10-19 01:15:24,017 [pool-37-thread-1] INFO  server.RaftServerConfigKeys (ConfUtils.java:logGet(43)) - raft.server.snapshot.auto.trigger.threshold = 10000 (custom)
2019-10-19 01:15:24,017 [pool-47-thread-1] INFO  server.RaftServerConfigKeys (ConfUtils.java:logGet(43)) - raft.server.snapshot.auto.trigger.threshold = 10000 (custom)
2019-10-19 01:15:24,017 [pool-37-thread-1] INFO  server.RaftServerConfigKeys (ConfUtils.java:logGet(43)) - raft.server.snapshot.retention.file.num = 5 (custom)
2019-10-19 01:15:24,017 [pool-47-thread-1] INFO  server.RaftServerConfigKeys (ConfUtils.java:logGet(43)) - raft.server.snapshot.retention.file.num = 5 (custom)
2019-10-19 01:15:24,017 [pool-37-thread-1] INFO  server.RaftServerConfigKeys (ConfUtils.java:logGet(43)) - raft.server.retrycache.expirytime = 600000ms (custom)
2019-10-19 01:15:24,018 [pool-47-thread-1] INFO  server.RaftServerConfigKeys (ConfUtils.java:logGet(43)) - raft.server.retrycache.expirytime = 600000ms (custom)
2019-10-19 01:15:24,017 [pool-27-thread-1] INFO  impl.RaftServerImpl (RaftServerImpl.java:start(195)) - 3f01402b-307c-4a54-abe6-b677433715ef@group-33D7D707C079: start as a follower, conf=-1: [3f01402b-307c-4a54-abe6-b677433715ef:192.168.69.71:42588, 8386ee0a-1f3c-47fa-9779-9125ddcf4112:192.168.69.71:40009, e5f35640-2c6c-4b86-a5ff-33a1451b27ce:192.168.69.71:43138], old=null
2019-10-19 01:15:24,018 [pool-27-thread-1] INFO  impl.RaftServerImpl (RaftServerImpl.java:setRole(184)) - 3f01402b-307c-4a54-abe6-b677433715ef@group-33D7D707C079: changes role from      null to FOLLOWER at term 0 for startAsFollower
2019-10-19 01:15:24,018 [pool-27-thread-1] INFO  impl.RoleInfo (RoleInfo.java:updateAndGet(143)) - 3f01402b-307c-4a54-abe6-b677433715ef: start FollowerState
2019-10-19 01:15:24,018 [pool-27-thread-1] INFO  util.JmxRegister (JmxRegister.java:tryRegister(44)) - Successfully registered JMX Bean with object name Ratis:service=RaftServer,group=group-33D7D707C079,id=3f01402b-307c-4a54-abe6-b677433715ef
2019-10-19 01:15:24,021 [pool-37-thread-1] INFO  impl.RaftServerImpl (RaftServerImpl.java:start(195)) - e5f35640-2c6c-4b86-a5ff-33a1451b27ce@group-33D7D707C079: start as a follower, conf=-1: [3f01402b-307c-4a54-abe6-b677433715ef:192.168.69.71:42588, 8386ee0a-1f3c-47fa-9779-9125ddcf4112:192.168.69.71:40009, e5f35640-2c6c-4b86-a5ff-33a1451b27ce:192.168.69.71:43138], old=null
2019-10-19 01:15:24,021 [pool-37-thread-1] INFO  impl.RaftServerImpl (RaftServerImpl.java:setRole(184)) - e5f35640-2c6c-4b86-a5ff-33a1451b27ce@group-33D7D707C079: changes role from      null to FOLLOWER at term 0 for startAsFollower
2019-10-19 01:15:24,022 [pool-47-thread-1] INFO  impl.RaftServerImpl (RaftServerImpl.java:start(195)) - 8386ee0a-1f3c-47fa-9779-9125ddcf4112@group-33D7D707C079: start as a follower, conf=-1: [3f01402b-307c-4a54-abe6-b677433715ef:192.168.69.71:42588, 8386ee0a-1f3c-47fa-9779-9125ddcf4112:192.168.69.71:40009, e5f35640-2c6c-4b86-a5ff-33a1451b27ce:192.168.69.71:43138], old=null
2019-10-19 01:15:24,022 [pool-37-thread-1] INFO  impl.RoleInfo (RoleInfo.java:updateAndGet(143)) - e5f35640-2c6c-4b86-a5ff-33a1451b27ce: start FollowerState
2019-10-19 01:15:24,022 [pool-47-thread-1] INFO  impl.RaftServerImpl (RaftServerImpl.java:setRole(184)) - 8386ee0a-1f3c-47fa-9779-9125ddcf4112@group-33D7D707C079: changes role from      null to FOLLOWER at term 0 for startAsFollower
2019-10-19 01:15:24,022 [pool-47-thread-1] INFO  impl.RoleInfo (RoleInfo.java:updateAndGet(143)) - 8386ee0a-1f3c-47fa-9779-9125ddcf4112: start FollowerState
2019-10-19 01:15:24,022 [pool-37-thread-1] INFO  util.JmxRegister (JmxRegister.java:tryRegister(44)) - Successfully registered JMX Bean with object name Ratis:service=RaftServer,group=group-33D7D707C079,id=e5f35640-2c6c-4b86-a5ff-33a1451b27ce
2019-10-19 01:15:24,023 [pool-47-thread-1] INFO  util.JmxRegister (JmxRegister.java:tryRegister(44)) - Successfully registered JMX Bean with object name Ratis:service=RaftServer,group=group-33D7D707C079,id=8386ee0a-1f3c-47fa-9779-9125ddcf4112
2019-10-19 01:15:24,043 [RatisPipelineUtilsThread] INFO  pipeline.PipelineStateManager (PipelineStateManager.java:addPipeline(56)) - Created pipeline Pipeline[ Id: 260d8aca-b42b-4def-900d-33d7d707c079, Nodes: e5f35640-2c6c-4b86-a5ff-33a1451b27ce{ip: 192.168.69.71, host: pr-hdds-2333-vzxj6-995506542, networkLocation: /default-rack, certSerialId: null}3f01402b-307c-4a54-abe6-b677433715ef{ip: 192.168.69.71, host: pr-hdds-2333-vzxj6-995506542, networkLocation: /default-rack, certSerialId: null}8386ee0a-1f3c-47fa-9779-9125ddcf4112{ip: 192.168.69.71, host: pr-hdds-2333-vzxj6-995506542, networkLocation: /default-rack, certSerialId: null}, Type:RATIS, Factor:THREE, State:OPEN]
2019-10-19 01:15:24,065 [Thread-194] INFO  impl.FollowerState (FollowerState.java:run(108)) - 8386ee0a-1f3c-47fa-9779-9125ddcf4112@group-8CDF9D8EA57D-FollowerState: change to CANDIDATE, lastRpcTime:126ms, electionTimeout:126ms
2019-10-19 01:15:24,065 [Thread-194] INFO  impl.RoleInfo (RoleInfo.java:shutdownFollowerState(121)) - 8386ee0a-1f3c-47fa-9779-9125ddcf4112: shutdown FollowerState
2019-10-19 01:15:24,065 [Thread-194] INFO  impl.RaftServerImpl (RaftServerImpl.java:setRole(184)) - 8386ee0a-1f3c-47fa-9779-9125ddcf4112@group-8CDF9D8EA57D: changes role from  FOLLOWER to CANDIDATE at term 0 for changeToCandidate
2019-10-19 01:15:24,065 [Thread-194] INFO  impl.RoleInfo (RoleInfo.java:updateAndGet(143)) - 8386ee0a-1f3c-47fa-9779-9125ddcf4112: start LeaderElection
2019-10-19 01:15:24,080 [8386ee0a-1f3c-47fa-9779-9125ddcf4112@group-8CDF9D8EA57D-LeaderElection3] INFO  impl.LeaderElection (LeaderElection.java:askForVotes(178)) - 8386ee0a-1f3c-47fa-9779-9125ddcf4112@group-8CDF9D8EA57D-LeaderElection3: begin an election at term 1 for -1: [8386ee0a-1f3c-47fa-9779-9125ddcf4112:192.168.69.71:40009], old=null
2019-10-19 01:15:24,081 [8386ee0a-1f3c-47fa-9779-9125ddcf4112@group-8CDF9D8EA57D-LeaderElection3] INFO  impl.RoleInfo (RoleInfo.java:shutdownLeaderElection(134)) - 8386ee0a-1f3c-47fa-9779-9125ddcf4112: shutdown LeaderElection
2019-10-19 01:15:24,081 [8386ee0a-1f3c-47fa-9779-9125ddcf4112@group-8CDF9D8EA57D-LeaderElection3] INFO  impl.RaftServerImpl (RaftServerImpl.java:setRole(184)) - 8386ee0a-1f3c-47fa-9779-9125ddcf4112@group-8CDF9D8EA57D: changes role from CANDIDATE to LEADER at term 1 for changeToLeader
2019-10-19 01:15:24,081 [8386ee0a-1f3c-47fa-9779-9125ddcf4112@group-8CDF9D8EA57D-LeaderElection3] INFO  impl.RaftServerImpl (ServerState.java:setLeader(256)) - 8386ee0a-1f3c-47fa-9779-9125ddcf4112@group-8CDF9D8EA57D: change Leader from null to 8386ee0a-1f3c-47fa-9779-9125ddcf4112 at term 1 for becomeLeader, leader elected after 170ms
2019-10-19 01:15:24,081 [8386ee0a-1f3c-47fa-9779-9125ddcf4112@group-8CDF9D8EA57D-LeaderElection3] INFO  server.RaftServerConfigKeys (ConfUtils.java:logGet(43)) - raft.server.staging.catchup.gap = 1000 (default)
2019-10-19 01:15:24,082 [8386ee0a-1f3c-47fa-9779-9125ddcf4112@group-8CDF9D8EA57D-LeaderElection3] INFO  server.RaftServerConfigKeys (ConfUtils.java:logGet(43)) - raft.server.rpc.sleep.time = 25ms (default)
2019-10-19 01:15:24,082 [8386ee0a-1f3c-47fa-9779-9125ddcf4112@group-8CDF9D8EA57D-LeaderElection3] INFO  server.RaftServerConfigKeys (ConfUtils.java:logGet(43)) - raft.server.write.element-limit = 4096 (default)
2019-10-19 01:15:24,082 [8386ee0a-1f3c-47fa-9779-9125ddcf4112@group-8CDF9D8EA57D-LeaderElection3] INFO  server.RaftServerConfigKeys (ConfUtils.java:logGet(43)) - raft.server.watch.timeout = 10s (default)
2019-10-19 01:15:24,082 [8386ee0a-1f3c-47fa-9779-9125ddcf4112@group-8CDF9D8EA57D-LeaderElection3] INFO  server.RaftServerConfigKeys (ConfUtils.java:logGet(43)) - raft.server.watch.timeout.denomination = 1s (default)
2019-10-19 01:15:24,082 [8386ee0a-1f3c-47fa-9779-9125ddcf4112@group-8CDF9D8EA57D-LeaderElection3] INFO  server.RaftServerConfigKeys (ConfUtils.java:logGet(43)) - raft.server.watch.element-limit = 65536 (default)
2019-10-19 01:15:24,085 [8386ee0a-1f3c-47fa-9779-9125ddcf4112@group-8CDF9D8EA57D-LeaderElection3] INFO  impl.RoleInfo (RoleInfo.java:updateAndGet(143)) - 8386ee0a-1f3c-47fa-9779-9125ddcf4112: start LeaderState
2019-10-19 01:15:24,086 [8386ee0a-1f3c-47fa-9779-9125ddcf4112@group-8CDF9D8EA57D-LeaderElection3] INFO  segmented.SegmentedRaftLogWorker (SegmentedRaftLogWorker.java:startLogSegment(385)) - 8386ee0a-1f3c-47fa-9779-9125ddcf4112@group-8CDF9D8EA57D-SegmentedRaftLogWorker: Starting segment from index:0
2019-10-19 01:15:24,086 [8386ee0a-1f3c-47fa-9779-9125ddcf4112@group-8CDF9D8EA57D-LeaderElection3] INFO  impl.RaftServerImpl (ServerState.java:setRaftConf(357)) - 8386ee0a-1f3c-47fa-9779-9125ddcf4112@group-8CDF9D8EA57D: set configuration 0: [8386ee0a-1f3c-47fa-9779-9125ddcf4112:192.168.69.71:40009], old=null at 0
2019-10-19 01:15:24,155 [Thread-201] INFO  impl.FollowerState (FollowerState.java:run(108)) - 3f01402b-307c-4a54-abe6-b677433715ef@group-33D7D707C079-FollowerState: change to CANDIDATE, lastRpcTime:136ms, electionTimeout:136ms
2019-10-19 01:15:24,155 [Thread-201] INFO  impl.RoleInfo (RoleInfo.java:shutdownFollowerState(121)) - 3f01402b-307c-4a54-abe6-b677433715ef: shutdown FollowerState
2019-10-19 01:15:24,155 [3f01402b-307c-4a54-abe6-b677433715ef@group-CE9FBD59E51C-SegmentedRaftLogWorker] INFO  segmented.SegmentedRaftLogWorker (SegmentedRaftLogWorker.java:execute(576)) - 3f01402b-307c-4a54-abe6-b677433715ef@group-CE9FBD59E51C-SegmentedRaftLogWorker: created new log segment /workdir/hadoop-ozone/integration-test/target/test-dir/MiniOzoneClusterImpl-5bd4f6c3-3117-4f19-852e-156a850a32f8/datanode-0/data/ratis/09da69f5-50b6-4a3e-b333-ce9fbd59e51c/current/log_inprogress_0
2019-10-19 01:15:24,155 [Thread-201] INFO  impl.RaftServerImpl (RaftServerImpl.java:setRole(184)) - 3f01402b-307c-4a54-abe6-b677433715ef@group-33D7D707C079: changes role from  FOLLOWER to CANDIDATE at term 0 for changeToCandidate
2019-10-19 01:15:24,155 [e5f35640-2c6c-4b86-a5ff-33a1451b27ce@group-AB8485C1D140-SegmentedRaftLogWorker] INFO  segmented.SegmentedRaftLogWorker (SegmentedRaftLogWorker.java:execute(576)) - e5f35640-2c6c-4b86-a5ff-33a1451b27ce@group-AB8485C1D140-SegmentedRaftLogWorker: created new log segment /workdir/hadoop-ozone/integration-test/target/test-dir/MiniOzoneClusterImpl-5bd4f6c3-3117-4f19-852e-156a850a32f8/datanode-1/data/ratis/c196a246-e868-4602-b21c-ab8485c1d140/current/log_inprogress_0
2019-10-19 01:15:24,155 [8386ee0a-1f3c-47fa-9779-9125ddcf4112@group-8CDF9D8EA57D-SegmentedRaftLogWorker] INFO  segmented.SegmentedRaftLogWorker (SegmentedRaftLogWorker.java:execute(576)) - 8386ee0a-1f3c-47fa-9779-9125ddcf4112@group-8CDF9D8EA57D-SegmentedRaftLogWorker: created new log segment /workdir/hadoop-ozone/integration-test/target/test-dir/MiniOzoneClusterImpl-5bd4f6c3-3117-4f19-852e-156a850a32f8/datanode-2/data/ratis/a0d673cd-597b-43f9-83a3-8cdf9d8ea57d/current/log_inprogress_0
2019-10-19 01:15:24,156 [Thread-201] INFO  impl.RoleInfo (RoleInfo.java:updateAndGet(143)) - 3f01402b-307c-4a54-abe6-b677433715ef: start LeaderElection
2019-10-19 01:15:24,169 [Thread-202] INFO  impl.FollowerState (FollowerState.java:run(108)) - e5f35640-2c6c-4b86-a5ff-33a1451b27ce@group-33D7D707C079-FollowerState: change to CANDIDATE, lastRpcTime:147ms, electionTimeout:147ms
2019-10-19 01:15:24,170 [Thread-202] INFO  impl.RoleInfo (RoleInfo.java:shutdownFollowerState(121)) - e5f35640-2c6c-4b86-a5ff-33a1451b27ce: shutdown FollowerState
2019-10-19 01:15:24,170 [Thread-202] INFO  impl.RaftServerImpl (RaftServerImpl.java:setRole(184)) - e5f35640-2c6c-4b86-a5ff-33a1451b27ce@group-33D7D707C079: changes role from  FOLLOWER to CANDIDATE at term 0 for changeToCandidate
2019-10-19 01:15:24,170 [Thread-202] INFO  impl.RoleInfo (RoleInfo.java:updateAndGet(143)) - e5f35640-2c6c-4b86-a5ff-33a1451b27ce: start LeaderElection
2019-10-19 01:15:24,171 [3f01402b-307c-4a54-abe6-b677433715ef@group-33D7D707C079-LeaderElection4] INFO  impl.LeaderElection (LeaderElection.java:askForVotes(178)) - 3f01402b-307c-4a54-abe6-b677433715ef@group-33D7D707C079-LeaderElection4: begin an election at term 1 for -1: [3f01402b-307c-4a54-abe6-b677433715ef:192.168.69.71:42588, 8386ee0a-1f3c-47fa-9779-9125ddcf4112:192.168.69.71:40009, e5f35640-2c6c-4b86-a5ff-33a1451b27ce:192.168.69.71:43138], old=null
2019-10-19 01:15:24,185 [e5f35640-2c6c-4b86-a5ff-33a1451b27ce@group-33D7D707C079-LeaderElection5] INFO  impl.LeaderElection (LeaderElection.java:askForVotes(178)) - e5f35640-2c6c-4b86-a5ff-33a1451b27ce@group-33D7D707C079-LeaderElection5: begin an election at term 1 for -1: [3f01402b-307c-4a54-abe6-b677433715ef:192.168.69.71:42588, 8386ee0a-1f3c-47fa-9779-9125ddcf4112:192.168.69.71:40009, e5f35640-2c6c-4b86-a5ff-33a1451b27ce:192.168.69.71:43138], old=null
2019-10-19 01:15:24,187 [main] INFO  ozone.MiniOzoneClusterImpl (MiniOzoneClusterImpl.java:lambda$waitForClusterToBeReady$0(147)) - Cluster is ready. Got 3 of 3 DN Heartbeats.
2019-10-19 01:15:24,201 [Thread-203] INFO  impl.FollowerState (FollowerState.java:run(108)) - 8386ee0a-1f3c-47fa-9779-9125ddcf4112@group-33D7D707C079-FollowerState: change to CANDIDATE, lastRpcTime:177ms, electionTimeout:175ms
2019-10-19 01:15:24,207 [Thread-203] INFO  impl.RoleInfo (RoleInfo.java:shutdownFollowerState(121)) - 8386ee0a-1f3c-47fa-9779-9125ddcf4112: shutdown FollowerState
2019-10-19 01:15:24,208 [Thread-203] INFO  impl.RaftServerImpl (RaftServerImpl.java:setRole(184)) - 8386ee0a-1f3c-47fa-9779-9125ddcf4112@group-33D7D707C079: changes role from  FOLLOWER to CANDIDATE at term 0 for changeToCandidate
2019-10-19 01:15:24,208 [Thread-203] INFO  impl.RoleInfo (RoleInfo.java:updateAndGet(143)) - 8386ee0a-1f3c-47fa-9779-9125ddcf4112: start LeaderElection
2019-10-19 01:15:24,217 [3f01402b-307c-4a54-abe6-b677433715ef@group-33D7D707C079-LeaderElection4] INFO  impl.LeaderElection (LeaderElection.java:logAndReturn(56)) - 3f01402b-307c-4a54-abe6-b677433715ef@group-33D7D707C079-LeaderElection4: Election TIMEOUT; received 0 response(s) [] and 0 exception(s); 3f01402b-307c-4a54-abe6-b677433715ef@group-33D7D707C079:t1, leader=null, voted=3f01402b-307c-4a54-abe6-b677433715ef, raftlog=3f01402b-307c-4a54-abe6-b677433715ef@group-33D7D707C079-SegmentedRaftLog:OPENED:c-1,f-1,i0, conf=-1: [3f01402b-307c-4a54-abe6-b677433715ef:192.168.69.71:42588, 8386ee0a-1f3c-47fa-9779-9125ddcf4112:192.168.69.71:40009, e5f35640-2c6c-4b86-a5ff-33a1451b27ce:192.168.69.71:43138], old=null
2019-10-19 01:15:24,229 [3f01402b-307c-4a54-abe6-b677433715ef@group-33D7D707C079-LeaderElection4] INFO  impl.LeaderElection (LeaderElection.java:askForVotes(178)) - 3f01402b-307c-4a54-abe6-b677433715ef@group-33D7D707C079-LeaderElection4: begin an election at term 2 for -1: [3f01402b-307c-4a54-abe6-b677433715ef:192.168.69.71:42588, 8386ee0a-1f3c-47fa-9779-9125ddcf4112:192.168.69.71:40009, e5f35640-2c6c-4b86-a5ff-33a1451b27ce:192.168.69.71:43138], old=null
2019-10-19 01:15:24,229 [8386ee0a-1f3c-47fa-9779-9125ddcf4112@group-33D7D707C079-LeaderElection6] INFO  impl.LeaderElection (LeaderElection.java:askForVotes(178)) - 8386ee0a-1f3c-47fa-9779-9125ddcf4112@group-33D7D707C079-LeaderElection6: begin an election at term 1 for -1: [3f01402b-307c-4a54-abe6-b677433715ef:192.168.69.71:42588, 8386ee0a-1f3c-47fa-9779-9125ddcf4112:192.168.69.71:40009, e5f35640-2c6c-4b86-a5ff-33a1451b27ce:192.168.69.71:43138], old=null
2019-10-19 01:15:24,247 [e5f35640-2c6c-4b86-a5ff-33a1451b27ce@group-33D7D707C079-LeaderElection5] INFO  impl.LeaderElection (LeaderElection.java:logAndReturn(56)) - e5f35640-2c6c-4b86-a5ff-33a1451b27ce@group-33D7D707C079-LeaderElection5: Election REJECTED; received 2 response(s) [e5f35640-2c6c-4b86-a5ff-33a1451b27ce<-3f01402b-307c-4a54-abe6-b677433715ef#0:FAIL-t1, e5f35640-2c6c-4b86-a5ff-33a1451b27ce<-8386ee0a-1f3c-47fa-9779-9125ddcf4112#0:FAIL-t1] and 0 exception(s); e5f35640-2c6c-4b86-a5ff-33a1451b27ce@group-33D7D707C079:t1, leader=null, voted=e5f35640-2c6c-4b86-a5ff-33a1451b27ce, raftlog=e5f35640-2c6c-4b86-a5ff-33a1451b27ce@group-33D7D707C079-SegmentedRaftLog:OPENED:c-1,f-1,i0, conf=-1: [3f01402b-307c-4a54-abe6-b677433715ef:192.168.69.71:42588, 8386ee0a-1f3c-47fa-9779-9125ddcf4112:192.168.69.71:40009, e5f35640-2c6c-4b86-a5ff-33a1451b27ce:192.168.69.71:43138], old=null
2019-10-19 01:15:24,249 [grpc-default-executor-2] INFO  impl.RaftServerImpl (RaftServerImpl.java:setRole(184)) - e5f35640-2c6c-4b86-a5ff-33a1451b27ce@group-33D7D707C079: changes role from CANDIDATE to FOLLOWER at term 2 for recognizeCandidate:3f01402b-307c-4a54-abe6-b677433715ef
2019-10-19 01:15:24,249 [grpc-default-executor-0] INFO  impl.RaftServerImpl (RaftServerImpl.java:setRole(184)) - 8386ee0a-1f3c-47fa-9779-9125ddcf4112@group-33D7D707C079: changes role from CANDIDATE to FOLLOWER at term 2 for recognizeCandidate:3f01402b-307c-4a54-abe6-b677433715ef
2019-10-19 01:15:24,249 [grpc-default-executor-2] INFO  impl.RoleInfo (RoleInfo.java:shutdownLeaderElection(134)) - e5f35640-2c6c-4b86-a5ff-33a1451b27ce: shutdown LeaderElection
2019-10-19 01:15:24,250 [grpc-default-executor-0] INFO  impl.RoleInfo (RoleInfo.java:shutdownLeaderElection(134)) - 8386ee0a-1f3c-47fa-9779-9125ddcf4112: shutdown LeaderElection
2019-10-19 01:15:24,250 [grpc-default-executor-2] INFO  impl.RoleInfo (RoleInfo.java:updateAndGet(143)) - e5f35640-2c6c-4b86-a5ff-33a1451b27ce: start FollowerState
2019-10-19 01:15:24,250 [grpc-default-executor-0] INFO  impl.RoleInfo (RoleInfo.java:updateAndGet(143)) - 8386ee0a-1f3c-47fa-9779-9125ddcf4112: start FollowerState
2019-10-19 01:15:24,256 [8386ee0a-1f3c-47fa-9779-9125ddcf4112@group-33D7D707C079-LeaderElection6] INFO  impl.LeaderElection (LeaderElection.java:logAndReturn(56)) - 8386ee0a-1f3c-47fa-9779-9125ddcf4112@group-33D7D707C079-LeaderElection6: Election DISCOVERED_A_NEW_TERM; received 1 response(s) [8386ee0a-1f3c-47fa-9779-9125ddcf4112<-3f01402b-307c-4a54-abe6-b677433715ef#0:FAIL-t2] and 0 exception(s); 8386ee0a-1f3c-47fa-9779-9125ddcf4112@group-33D7D707C079:t2, leader=null, voted=null, raftlog=8386ee0a-1f3c-47fa-9779-9125ddcf4112@group-33D7D707C079-SegmentedRaftLog:OPENED:c-1,f-1,i0, conf=-1: [3f01402b-307c-4a54-abe6-b677433715ef:192.168.69.71:42588, 8386ee0a-1f3c-47fa-9779-9125ddcf4112:192.168.69.71:40009, e5f35640-2c6c-4b86-a5ff-33a1451b27ce:192.168.69.71:43138], old=null
2019-10-19 01:15:24,272 [3f01402b-307c-4a54-abe6-b677433715ef@group-33D7D707C079-LeaderElection4] INFO  impl.LeaderElection (LeaderElection.java:logAndReturn(56)) - 3f01402b-307c-4a54-abe6-b677433715ef@group-33D7D707C079-LeaderElection4: Election REJECTED; received 2 response(s) [3f01402b-307c-4a54-abe6-b677433715ef<-8386ee0a-1f3c-47fa-9779-9125ddcf4112#0:FAIL-t2, 3f01402b-307c-4a54-abe6-b677433715ef<-e5f35640-2c6c-4b86-a5ff-33a1451b27ce#0:FAIL-t2] and 0 exception(s); 3f01402b-307c-4a54-abe6-b677433715ef@group-33D7D707C079:t2, leader=null, voted=3f01402b-307c-4a54-abe6-b677433715ef, raftlog=3f01402b-307c-4a54-abe6-b677433715ef@group-33D7D707C079-SegmentedRaftLog:OPENED:c-1,f-1,i0, conf=-1: [3f01402b-307c-4a54-abe6-b677433715ef:192.168.69.71:42588, 8386ee0a-1f3c-47fa-9779-9125ddcf4112:192.168.69.71:40009, e5f35640-2c6c-4b86-a5ff-33a1451b27ce:192.168.69.71:43138], old=null
2019-10-19 01:15:24,274 [3f01402b-307c-4a54-abe6-b677433715ef@group-33D7D707C079-LeaderElection4] INFO  impl.RaftServerImpl (RaftServerImpl.java:setRole(184)) - 3f01402b-307c-4a54-abe6-b677433715ef@group-33D7D707C079: changes role from CANDIDATE to FOLLOWER at term 2 for DISCOVERED_A_NEW_TERM
2019-10-19 01:15:24,274 [3f01402b-307c-4a54-abe6-b677433715ef@group-33D7D707C079-LeaderElection4] INFO  impl.RoleInfo (RoleInfo.java:shutdownLeaderElection(134)) - 3f01402b-307c-4a54-abe6-b677433715ef: shutdown LeaderElection
2019-10-19 01:15:24,274 [3f01402b-307c-4a54-abe6-b677433715ef@group-33D7D707C079-LeaderElection4] INFO  impl.RoleInfo (RoleInfo.java:updateAndGet(143)) - 3f01402b-307c-4a54-abe6-b677433715ef: start FollowerState
2019-10-19 01:15:24,291 [Thread-220] INFO  impl.FollowerState (FollowerState.java:run(108)) - e5f35640-2c6c-4b86-a5ff-33a1451b27ce@group-33D7D707C079-FollowerState: change to CANDIDATE, lastRpcTime:40ms, electionTimeout:40ms
2019-10-19 01:15:24,292 [Thread-220] INFO  impl.RoleInfo (RoleInfo.java:shutdownFollowerState(121)) - e5f35640-2c6c-4b86-a5ff-33a1451b27ce: shutdown FollowerState
2019-10-19 01:15:24,292 [Thread-220] INFO  impl.RaftServerImpl (RaftServerImpl.java:setRole(184)) - e5f35640-2c6c-4b86-a5ff-33a1451b27ce@group-33D7D707C079: changes role from  FOLLOWER to CANDIDATE at term 2 for changeToCandidate
2019-10-19 01:15:24,292 [Thread-220] INFO  impl.RoleInfo (RoleInfo.java:updateAndGet(143)) - e5f35640-2c6c-4b86-a5ff-33a1451b27ce: start LeaderElection
2019-10-19 01:15:24,305 [e5f35640-2c6c-4b86-a5ff-33a1451b27ce@group-33D7D707C079-LeaderElection7] INFO  impl.LeaderElection (LeaderElection.java:askForVotes(178)) - e5f35640-2c6c-4b86-a5ff-33a1451b27ce@group-33D7D707C079-LeaderElection7: begin an election at term 3 for -1: [3f01402b-307c-4a54-abe6-b677433715ef:192.168.69.71:42588, 8386ee0a-1f3c-47fa-9779-9125ddcf4112:192.168.69.71:40009, e5f35640-2c6c-4b86-a5ff-33a1451b27ce:192.168.69.71:43138], old=null
2019-10-19 01:15:24,306 [Thread-221] INFO  impl.FollowerState (FollowerState.java:run(108)) - 8386ee0a-1f3c-47fa-9779-9125ddcf4112@group-33D7D707C079-FollowerState: change to CANDIDATE, lastRpcTime:55ms, electionTimeout:55ms
2019-10-19 01:15:24,306 [Thread-221] INFO  impl.RoleInfo (RoleInfo.java:shutdownFollowerState(121)) - 8386ee0a-1f3c-47fa-9779-9125ddcf4112: shutdown FollowerState
2019-10-19 01:15:24,306 [Thread-221] INFO  impl.RaftServerImpl (RaftServerImpl.java:setRole(184)) - 8386ee0a-1f3c-47fa-9779-9125ddcf4112@group-33D7D707C079: changes role from  FOLLOWER to CANDIDATE at term 2 for changeToCandidate
2019-10-19 01:15:24,306 [Thread-221] INFO  impl.RoleInfo (RoleInfo.java:updateAndGet(143)) - 8386ee0a-1f3c-47fa-9779-9125ddcf4112: start LeaderElection
2019-10-19 01:15:24,311 [grpc-default-executor-1] INFO  impl.RaftServerImpl (RaftServerImpl.java:setRole(184)) - 3f01402b-307c-4a54-abe6-b677433715ef@group-33D7D707C079: changes role from  FOLLOWER to FOLLOWER at term 3 for recognizeCandidate:e5f35640-2c6c-4b86-a5ff-33a1451b27ce
2019-10-19 01:15:24,311 [grpc-default-executor-1] INFO  impl.RoleInfo (RoleInfo.java:shutdownFollowerState(121)) - 3f01402b-307c-4a54-abe6-b677433715ef: shutdown FollowerState
2019-10-19 01:15:24,311 [grpc-default-executor-1] INFO  impl.RoleInfo (RoleInfo.java:updateAndGet(143)) - 3f01402b-307c-4a54-abe6-b677433715ef: start FollowerState
2019-10-19 01:15:24,311 [Thread-225] INFO  impl.FollowerState (FollowerState.java:run(117)) - 3f01402b-307c-4a54-abe6-b677433715ef@group-33D7D707C079-FollowerState was interrupted: java.lang.InterruptedException: sleep interrupted
2019-10-19 01:15:24,322 [8386ee0a-1f3c-47fa-9779-9125ddcf4112@group-33D7D707C079-LeaderElection8] INFO  impl.LeaderElection (LeaderElection.java:askForVotes(178)) - 8386ee0a-1f3c-47fa-9779-9125ddcf4112@group-33D7D707C079-LeaderElection8: begin an election at term 3 for -1: [3f01402b-307c-4a54-abe6-b677433715ef:192.168.69.71:42588, 8386ee0a-1f3c-47fa-9779-9125ddcf4112:192.168.69.71:40009, e5f35640-2c6c-4b86-a5ff-33a1451b27ce:192.168.69.71:43138], old=null
2019-10-19 01:15:24,324 [e5f35640-2c6c-4b86-a5ff-33a1451b27ce@group-33D7D707C079-LeaderElection7] INFO  impl.LeaderElection (LeaderElection.java:logAndReturn(56)) - e5f35640-2c6c-4b86-a5ff-33a1451b27ce@group-33D7D707C079-LeaderElection7: Election PASSED; received 1 response(s) [e5f35640-2c6c-4b86-a5ff-33a1451b27ce<-3f01402b-307c-4a54-abe6-b677433715ef#0:OK-t3] and 0 exception(s); e5f35640-2c6c-4b86-a5ff-33a1451b27ce@group-33D7D707C079:t3, leader=null, voted=e5f35640-2c6c-4b86-a5ff-33a1451b27ce, raftlog=e5f35640-2c6c-4b86-a5ff-33a1451b27ce@group-33D7D707C079-SegmentedRaftLog:OPENED:c-1,f-1,i0, conf=-1: [3f01402b-307c-4a54-abe6-b677433715ef:192.168.69.71:42588, 8386ee0a-1f3c-47fa-9779-9125ddcf4112:192.168.69.71:40009, e5f35640-2c6c-4b86-a5ff-33a1451b27ce:192.168.69.71:43138], old=null
2019-10-19 01:15:24,326 [e5f35640-2c6c-4b86-a5ff-33a1451b27ce@group-33D7D707C079-LeaderElection7] INFO  impl.RoleInfo (RoleInfo.java:shutdownLeaderElection(134)) - e5f35640-2c6c-4b86-a5ff-33a1451b27ce: shutdown LeaderElection
2019-10-19 01:15:24,326 [e5f35640-2c6c-4b86-a5ff-33a1451b27ce@group-33D7D707C079-LeaderElection7] INFO  impl.RaftServerImpl (RaftServerImpl.java:setRole(184)) - e5f35640-2c6c-4b86-a5ff-33a1451b27ce@group-33D7D707C079: changes role from CANDIDATE to LEADER at term 3 for changeToLeader
2019-10-19 01:15:24,327 [e5f35640-2c6c-4b86-a5ff-33a1451b27ce@group-33D7D707C079-LeaderElection7] INFO  impl.RaftServerImpl (ServerState.java:setLeader(256)) - e5f35640-2c6c-4b86-a5ff-33a1451b27ce@group-33D7D707C079: change Leader from null to e5f35640-2c6c-4b86-a5ff-33a1451b27ce at term 3 for becomeLeader, leader elected after 316ms
2019-10-19 01:15:24,328 [e5f35640-2c6c-4b86-a5ff-33a1451b27ce@group-33D7D707C079-LeaderElection7] INFO  server.RaftServerConfigKeys (ConfUtils.java:logGet(43)) - raft.server.staging.catchup.gap = 1000 (default)
2019-10-19 01:15:24,329 [e5f35640-2c6c-4b86-a5ff-33a1451b27ce@group-33D7D707C079-LeaderElection7] INFO  server.RaftServerConfigKeys (ConfUtils.java:logGet(43)) - raft.server.rpc.sleep.time = 25ms (default)
2019-10-19 01:15:24,329 [e5f35640-2c6c-4b86-a5ff-33a1451b27ce@group-33D7D707C079-LeaderElection7] INFO  server.RaftServerConfigKeys (ConfUtils.java:logGet(43)) - raft.server.write.element-limit = 4096 (default)
2019-10-19 01:15:24,330 [e5f35640-2c6c-4b86-a5ff-33a1451b27ce@group-33D7D707C079-LeaderElection7] INFO  server.RaftServerConfigKeys (ConfUtils.java:logGet(43)) - raft.server.watch.timeout = 10s (default)
2019-10-19 01:15:24,330 [e5f35640-2c6c-4b86-a5ff-33a1451b27ce@group-33D7D707C079-LeaderElection7] INFO  server.RaftServerConfigKeys (ConfUtils.java:logGet(43)) - raft.server.watch.timeout.denomination = 1s (default)
2019-10-19 01:15:24,330 [e5f35640-2c6c-4b86-a5ff-33a1451b27ce@group-33D7D707C079-LeaderElection7] INFO  server.RaftServerConfigKeys (ConfUtils.java:logGet(43)) - raft.server.watch.element-limit = 65536 (default)
2019-10-19 01:15:24,336 [e5f35640-2c6c-4b86-a5ff-33a1451b27ce@group-33D7D707C079-LeaderElection7] INFO  server.RaftServerConfigKeys (ConfUtils.java:logGet(43)) - raft.server.log.appender.snapshot.chunk.size.max = 16MB (=16777216) (default)
2019-10-19 01:15:24,336 [e5f35640-2c6c-4b86-a5ff-33a1451b27ce@group-33D7D707C079-LeaderElection7] INFO  server.RaftServerConfigKeys (ConfUtils.java:logGet(43)) - raft.server.log.appender.buffer.byte-limit = 33554432 (custom)
2019-10-19 01:15:24,336 [e5f35640-2c6c-4b86-a5ff-33a1451b27ce@group-33D7D707C079-LeaderElection7] INFO  server.RaftServerConfigKeys (ConfUtils.java:logGet(43)) - raft.server.log.appender.buffer.element-limit = 1 (custom)
2019-10-19 01:15:24,339 [e5f35640-2c6c-4b86-a5ff-33a1451b27ce@group-33D7D707C079-LeaderElection7] INFO  grpc.GrpcConfigKeys$Server (ConfUtils.java:logGet(43)) - raft.grpc.server.leader.outstanding.appends.max = 128 (default)
2019-10-19 01:15:24,343 [e5f35640-2c6c-4b86-a5ff-33a1451b27ce@group-33D7D707C079-LeaderElection7] INFO  server.RaftServerConfigKeys (ConfUtils.java:logGet(43)) - raft.server.rpc.request.timeout = 3000ms (default)
2019-10-19 01:15:24,343 [e5f35640-2c6c-4b86-a5ff-33a1451b27ce@group-33D7D707C079-LeaderElection7] INFO  server.RaftServerConfigKeys (ConfUtils.java:logGet(43)) - raft.server.log.appender.install.snapshot.enabled = false (custom)
2019-10-19 01:15:24,347 [e5f35640-2c6c-4b86-a5ff-33a1451b27ce@group-33D7D707C079-LeaderElection7] INFO  server.RaftServerConfigKeys (ConfUtils.java:logGet(43)) - raft.server.log.appender.snapshot.chunk.size.max = 16MB (=16777216) (default)
2019-10-19 01:15:24,347 [e5f35640-2c6c-4b86-a5ff-33a1451b27ce@group-33D7D707C079-LeaderElection7] INFO  server.RaftServerConfigKeys (ConfUtils.java:logGet(43)) - raft.server.log.appender.buffer.byte-limit = 33554432 (custom)
2019-10-19 01:15:24,347 [e5f35640-2c6c-4b86-a5ff-33a1451b27ce@group-33D7D707C079-LeaderElection7] INFO  server.RaftServerConfigKeys (ConfUtils.java:logGet(43)) - raft.server.log.appender.buffer.element-limit = 1 (custom)
2019-10-19 01:15:24,347 [e5f35640-2c6c-4b86-a5ff-33a1451b27ce@group-33D7D707C079-LeaderElection7] INFO  grpc.GrpcConfigKeys$Server (ConfUtils.java:logGet(43)) - raft.grpc.server.leader.outstanding.appends.max = 128 (default)
2019-10-19 01:15:24,347 [e5f35640-2c6c-4b86-a5ff-33a1451b27ce@group-33D7D707C079-LeaderElection7] INFO  server.RaftServerConfigKeys (ConfUtils.java:logGet(43)) - raft.server.rpc.request.timeout = 3000ms (default)
2019-10-19 01:15:24,347 [e5f35640-2c6c-4b86-a5ff-33a1451b27ce@group-33D7D707C079-LeaderElection7] INFO  server.RaftServerConfigKeys (ConfUtils.java:logGet(43)) - raft.server.log.appender.install.snapshot.enabled = false (custom)
2019-10-19 01:15:24,352 [e5f35640-2c6c-4b86-a5ff-33a1451b27ce@group-33D7D707C079-LeaderElection7] INFO  impl.RoleInfo (RoleInfo.java:updateAndGet(143)) - e5f35640-2c6c-4b86-a5ff-33a1451b27ce: start LeaderState
2019-10-19 01:15:24,353 [e5f35640-2c6c-4b86-a5ff-33a1451b27ce@group-33D7D707C079-LeaderElection7] INFO  segmented.SegmentedRaftLogWorker (SegmentedRaftLogWorker.java:startLogSegment(385)) - e5f35640-2c6c-4b86-a5ff-33a1451b27ce@group-33D7D707C079-SegmentedRaftLogWorker: Starting segment from index:0
2019-10-19 01:15:24,354 [e5f35640-2c6c-4b86-a5ff-33a1451b27ce@group-33D7D707C079-LeaderElection7] INFO  impl.RaftServerImpl (ServerState.java:setRaftConf(357)) - e5f35640-2c6c-4b86-a5ff-33a1451b27ce@group-33D7D707C079: set configuration 0: [3f01402b-307c-4a54-abe6-b677433715ef:192.168.69.71:42588, 8386ee0a-1f3c-47fa-9779-9125ddcf4112:192.168.69.71:40009, e5f35640-2c6c-4b86-a5ff-33a1451b27ce:192.168.69.71:43138], old=null at 0
2019-10-19 01:15:24,383 [grpc-default-executor-2] INFO  impl.RaftServerImpl (RaftServerImpl.java:requestVote(776)) - e5f35640-2c6c-4b86-a5ff-33a1451b27ce@group-33D7D707C079-   LEADER: Withhold vote from candidate 8386ee0a-1f3c-47fa-9779-9125ddcf4112 with term 3. State: leader=e5f35640-2c6c-4b86-a5ff-33a1451b27ce, term=3, lastRpcElapsed=null
2019-10-19 01:15:24,388 [8386ee0a-1f3c-47fa-9779-9125ddcf4112@group-33D7D707C079-LeaderElection8] INFO  impl.LeaderElection (LeaderElection.java:logAndReturn(56)) - 8386ee0a-1f3c-47fa-9779-9125ddcf4112@group-33D7D707C079-LeaderElection8: Election REJECTED; received 2 response(s) [8386ee0a-1f3c-47fa-9779-9125ddcf4112<-3f01402b-307c-4a54-abe6-b677433715ef#0:FAIL-t3, 8386ee0a-1f3c-47fa-9779-9125ddcf4112<-e5f35640-2c6c-4b86-a5ff-33a1451b27ce#0:FAIL-t3] and 0 exception(s); 8386ee0a-1f3c-47fa-9779-9125ddcf4112@group-33D7D707C079:t3, leader=null, voted=8386ee0a-1f3c-47fa-9779-9125ddcf4112, raftlog=8386ee0a-1f3c-47fa-9779-9125ddcf4112@group-33D7D707C079-SegmentedRaftLog:OPENED:c-1,f-1,i0, conf=-1: [3f01402b-307c-4a54-abe6-b677433715ef:192.168.69.71:42588, 8386ee0a-1f3c-47fa-9779-9125ddcf4112:192.168.69.71:40009, e5f35640-2c6c-4b86-a5ff-33a1451b27ce:192.168.69.71:43138], old=null
2019-10-19 01:15:24,389 [8386ee0a-1f3c-47fa-9779-9125ddcf4112@group-33D7D707C079-LeaderElection8] INFO  impl.RaftServerImpl (RaftServerImpl.java:setRole(184)) - 8386ee0a-1f3c-47fa-9779-9125ddcf4112@group-33D7D707C079: changes role from CANDIDATE to FOLLOWER at term 3 for DISCOVERED_A_NEW_TERM
2019-10-19 01:15:24,390 [8386ee0a-1f3c-47fa-9779-9125ddcf4112@group-33D7D707C079-LeaderElection8] INFO  impl.RoleInfo (RoleInfo.java:shutdownLeaderElection(134)) - 8386ee0a-1f3c-47fa-9779-9125ddcf4112: shutdown LeaderElection
2019-10-19 01:15:24,391 [8386ee0a-1f3c-47fa-9779-9125ddcf4112@group-33D7D707C079-LeaderElection8] INFO  impl.RoleInfo (RoleInfo.java:updateAndGet(143)) - 8386ee0a-1f3c-47fa-9779-9125ddcf4112: start FollowerState
2019-10-19 01:15:24,397 [e5f35640-2c6c-4b86-a5ff-33a1451b27ce@group-33D7D707C079-SegmentedRaftLogWorker] INFO  segmented.SegmentedRaftLogWorker (SegmentedRaftLogWorker.java:execute(576)) - e5f35640-2c6c-4b86-a5ff-33a1451b27ce@group-33D7D707C079-SegmentedRaftLogWorker: created new log segment /workdir/hadoop-ozone/integration-test/target/test-dir/MiniOzoneClusterImpl-5bd4f6c3-3117-4f19-852e-156a850a32f8/datanode-1/data/ratis/260d8aca-b42b-4def-900d-33d7d707c079/current/log_inprogress_0
2019-10-19 01:15:24,398 [Thread-230] INFO  impl.FollowerState (FollowerState.java:run(108)) - 3f01402b-307c-4a54-abe6-b677433715ef@group-33D7D707C079-FollowerState: change to CANDIDATE, lastRpcTime:86ms, electionTimeout:85ms
2019-10-19 01:15:24,398 [Thread-230] INFO  impl.RoleInfo (RoleInfo.java:shutdownFollowerState(121)) - 3f01402b-307c-4a54-abe6-b677433715ef: shutdown FollowerState
2019-10-19 01:15:24,398 [Thread-230] INFO  impl.RaftServerImpl (RaftServerImpl.java:setRole(184)) - 3f01402b-307c-4a54-abe6-b677433715ef@group-33D7D707C079: changes role from  FOLLOWER to CANDIDATE at term 3 for changeToCandidate
2019-10-19 01:15:24,398 [Thread-230] INFO  impl.RoleInfo (RoleInfo.java:updateAndGet(143)) - 3f01402b-307c-4a54-abe6-b677433715ef: start LeaderElection
2019-10-19 01:15:24,408 [grpc-default-executor-2] INFO  impl.RaftServerImpl (ServerState.java:setLeader(256)) - 8386ee0a-1f3c-47fa-9779-9125ddcf4112@group-33D7D707C079: change Leader from null to e5f35640-2c6c-4b86-a5ff-33a1451b27ce at term 3 for appendEntries, leader elected after 397ms
2019-10-19 01:15:24,411 [3f01402b-307c-4a54-abe6-b677433715ef@group-33D7D707C079-LeaderElection9] INFO  impl.LeaderElection (LeaderElection.java:askForVotes(178)) - 3f01402b-307c-4a54-abe6-b677433715ef@group-33D7D707C079-LeaderElection9: begin an election at term 4 for -1: [3f01402b-307c-4a54-abe6-b677433715ef:192.168.69.71:42588, 8386ee0a-1f3c-47fa-9779-9125ddcf4112:192.168.69.71:40009, e5f35640-2c6c-4b86-a5ff-33a1451b27ce:192.168.69.71:43138], old=null
2019-10-19 01:15:24,421 [grpc-default-executor-2] INFO  impl.RaftServerImpl (ServerState.java:setLeader(256)) - e5f35640-2c6c-4b86-a5ff-33a1451b27ce@group-33D7D707C079: change Leader from e5f35640-2c6c-4b86-a5ff-33a1451b27ce to null at term 4 for updateCurrentTerm
2019-10-19 01:15:24,422 [grpc-default-executor-2] INFO  impl.RaftServerImpl (RaftServerImpl.java:setRole(184)) - e5f35640-2c6c-4b86-a5ff-33a1451b27ce@group-33D7D707C079: changes role from    LEADER to FOLLOWER at term 4 for recognizeCandidate:3f01402b-307c-4a54-abe6-b677433715ef
2019-10-19 01:15:24,422 [grpc-default-executor-2] INFO  impl.RoleInfo (RoleInfo.java:shutdownLeaderState(104)) - e5f35640-2c6c-4b86-a5ff-33a1451b27ce: shutdown LeaderState
2019-10-19 01:15:24,423 [org.apache.ratis.server.impl.LogAppender$AppenderDaemon$$Lambda$446/87719545@1eaf8090] WARN  server.GrpcLogAppender (GrpcLogAppender.java:mayWait(149)) - e5f35640-2c6c-4b86-a5ff-33a1451b27ce@group-33D7D707C079->8386ee0a-1f3c-47fa-9779-9125ddcf4112-GrpcLogAppender: Wait interrupted by java.lang.InterruptedException
2019-10-19 01:15:24,424 [grpc-default-executor-0] INFO  impl.RaftServerImpl (ServerState.java:setLeader(256)) - 8386ee0a-1f3c-47fa-9779-9125ddcf4112@group-33D7D707C079: change Leader from e5f35640-2c6c-4b86-a5ff-33a1451b27ce to null at term 4 for updateCurrentTerm
2019-10-19 01:15:24,423 [org.apache.ratis.server.impl.LogAppender$AppenderDaemon$$Lambda$446/87719545@2a5a9d5] WARN  server.GrpcLogAppender (GrpcLogAppender.java:mayWait(149)) - e5f35640-2c6c-4b86-a5ff-33a1451b27ce@group-33D7D707C079->3f01402b-307c-4a54-abe6-b677433715ef-GrpcLogAppender: Wait interrupted by java.lang.InterruptedException
2019-10-19 01:15:24,424 [grpc-default-executor-0] INFO  impl.RaftServerImpl (RaftServerImpl.java:setRole(184)) - 8386ee0a-1f3c-47fa-9779-9125ddcf4112@group-33D7D707C079: changes role from  FOLLOWER to FOLLOWER at term 4 for recognizeCandidate:3f01402b-307c-4a54-abe6-b677433715ef
2019-10-19 01:15:24,424 [grpc-default-executor-0] INFO  impl.RoleInfo (RoleInfo.java:shutdownFollowerState(121)) - 8386ee0a-1f3c-47fa-9779-9125ddcf4112: shutdown FollowerState
2019-10-19 01:15:24,425 [Thread-236] INFO  impl.FollowerState (FollowerState.java:run(117)) - 8386ee0a-1f3c-47fa-9779-9125ddcf4112@group-33D7D707C079-FollowerState was interrupted: java.lang.InterruptedException: sleep interrupted
2019-10-19 01:15:24,425 [grpc-default-executor-0] INFO  impl.RoleInfo (RoleInfo.java:updateAndGet(143)) - 8386ee0a-1f3c-47fa-9779-9125ddcf4112: start FollowerState
2019-10-19 01:15:24,425 [grpc-default-executor-2] INFO  impl.PendingRequests (PendingRequests.java:sendNotLeaderResponses(202)) - e5f35640-2c6c-4b86-a5ff-33a1451b27ce@group-33D7D707C079-PendingRequests: sendNotLeaderResponses
2019-10-19 01:15:24,427 [grpc-default-executor-2] INFO  impl.RoleInfo (RoleInfo.java:updateAndGet(143)) - e5f35640-2c6c-4b86-a5ff-33a1451b27ce: start FollowerState
2019-10-19 01:15:24,428 [grpc-default-executor-4] INFO  server.GrpcServerProtocolService (GrpcServerProtocolService.java:onCompleted(113)) - 3f01402b-307c-4a54-abe6-b677433715ef: Completed APPEND_ENTRIES, lastRequest: e5f35640-2c6c-4b86-a5ff-33a1451b27ce->3f01402b-307c-4a54-abe6-b677433715ef#0-t3, previous=(t:0, i:0), leaderCommit=-1, initializing? false, entries: <empty>
2019-10-19 01:15:24,428 [grpc-default-executor-5] INFO  server.GrpcServerProtocolService (GrpcServerProtocolService.java:onCompleted(113)) - 8386ee0a-1f3c-47fa-9779-9125ddcf4112: Completed APPEND_ENTRIES, lastRequest: e5f35640-2c6c-4b86-a5ff-33a1451b27ce->8386ee0a-1f3c-47fa-9779-9125ddcf4112#0-t3, previous=(t:0, i:0), leaderCommit=-1, initializing? false, entries: <empty>
2019-10-19 01:15:24,430 [grpc-default-executor-5] INFO  server.GrpcLogAppender (GrpcLogAppender.java:onCompleted(308)) - e5f35640-2c6c-4b86-a5ff-33a1451b27ce@group-33D7D707C079->8386ee0a-1f3c-47fa-9779-9125ddcf4112-AppendLogResponseHandler: follower responses appendEntries COMPLETED
2019-10-19 01:15:24,432 [grpc-default-executor-5] INFO  impl.FollowerInfo (FollowerInfo.java:lambda$new$0(51)) - e5f35640-2c6c-4b86-a5ff-33a1451b27ce@group-33D7D707C079->8386ee0a-1f3c-47fa-9779-9125ddcf4112: nextIndex: updateUnconditionally 0 -> 0
2019-10-19 01:15:24,440 [grpc-default-executor-1] INFO  server.GrpcLogAppender (GrpcLogAppender.java:onCompleted(308)) - e5f35640-2c6c-4b86-a5ff-33a1451b27ce@group-33D7D707C079->3f01402b-307c-4a54-abe6-b677433715ef-AppendLogResponseHandler: follower responses appendEntries COMPLETED
2019-10-19 01:15:24,442 [grpc-default-executor-1] INFO  impl.FollowerInfo (FollowerInfo.java:lambda$new$0(51)) - e5f35640-2c6c-4b86-a5ff-33a1451b27ce@group-33D7D707C079->3f01402b-307c-4a54-abe6-b677433715ef: nextIndex: updateUnconditionally 0 -> 0
2019-10-19 01:15:24,444 [3f01402b-307c-4a54-abe6-b677433715ef@group-33D7D707C079-LeaderElection9] INFO  impl.LeaderElection (LeaderElection.java:logAndReturn(56)) - 3f01402b-307c-4a54-abe6-b677433715ef@group-33D7D707C079-LeaderElection9: Election PASSED; received 1 response(s) [3f01402b-307c-4a54-abe6-b677433715ef<-8386ee0a-1f3c-47fa-9779-9125ddcf4112#0:OK-t4] and 0 exception(s); 3f01402b-307c-4a54-abe6-b677433715ef@group-33D7D707C079:t4, leader=null, voted=3f01402b-307c-4a54-abe6-b677433715ef, raftlog=3f01402b-307c-4a54-abe6-b677433715ef@group-33D7D707C079-SegmentedRaftLog:OPENED:c-1,f-1,i0, conf=-1: [3f01402b-307c-4a54-abe6-b677433715ef:192.168.69.71:42588, 8386ee0a-1f3c-47fa-9779-9125ddcf4112:192.168.69.71:40009, e5f35640-2c6c-4b86-a5ff-33a1451b27ce:192.168.69.71:43138], old=null
2019-10-19 01:15:24,444 [3f01402b-307c-4a54-abe6-b677433715ef@group-33D7D707C079-LeaderElection9] INFO  impl.RoleInfo (RoleInfo.java:shutdownLeaderElection(134)) - 3f01402b-307c-4a54-abe6-b677433715ef: shutdown LeaderElection
2019-10-19 01:15:24,445 [3f01402b-307c-4a54-abe6-b677433715ef@group-33D7D707C079-LeaderElection9] INFO  impl.RaftServerImpl (RaftServerImpl.java:setRole(184)) - 3f01402b-307c-4a54-abe6-b677433715ef@group-33D7D707C079: changes role from CANDIDATE to LEADER at term 4 for changeToLeader
2019-10-19 01:15:24,445 [3f01402b-307c-4a54-abe6-b677433715ef@group-33D7D707C079-LeaderElection9] INFO  impl.RaftServerImpl (ServerState.java:setLeader(256)) - 3f01402b-307c-4a54-abe6-b677433715ef@group-33D7D707C079: change Leader from null to 3f01402b-307c-4a54-abe6-b677433715ef at term 4 for becomeLeader, leader elected after 434ms
2019-10-19 01:15:24,445 [3f01402b-307c-4a54-abe6-b677433715ef@group-33D7D707C079-LeaderElection9] INFO  server.RaftServerConfigKeys (ConfUtils.java:logGet(43)) - raft.server.staging.catchup.gap = 1000 (default)
2019-10-19 01:15:24,445 [3f01402b-307c-4a54-abe6-b677433715ef@group-33D7D707C079-LeaderElection9] INFO  server.RaftServerConfigKeys (ConfUtils.java:logGet(43)) - raft.server.rpc.sleep.time = 25ms (default)
2019-10-19 01:15:24,446 [3f01402b-307c-4a54-abe6-b677433715ef@group-33D7D707C079-LeaderElection9] INFO  server.RaftServerConfigKeys (ConfUtils.java:logGet(43)) - raft.server.write.element-limit = 4096 (default)
2019-10-19 01:15:24,446 [3f01402b-307c-4a54-abe6-b677433715ef@group-33D7D707C079-LeaderElection9] INFO  server.RaftServerConfigKeys (ConfUtils.java:logGet(43)) - raft.server.watch.timeout = 10s (default)
2019-10-19 01:15:24,446 [3f01402b-307c-4a54-abe6-b677433715ef@group-33D7D707C079-LeaderElection9] INFO  server.RaftServerConfigKeys (ConfUtils.java:logGet(43)) - raft.server.watch.timeout.denomination = 1s (default)
2019-10-19 01:15:24,446 [3f01402b-307c-4a54-abe6-b677433715ef@group-33D7D707C079-LeaderElection9] INFO  server.RaftServerConfigKeys (ConfUtils.java:logGet(43)) - raft.server.watch.element-limit = 65536 (default)
2019-10-19 01:15:24,448 [3f01402b-307c-4a54-abe6-b677433715ef@group-33D7D707C079-LeaderElection9] INFO  server.RaftServerConfigKeys (ConfUtils.java:logGet(43)) - raft.server.log.appender.snapshot.chunk.size.max = 16MB (=16777216) (default)
2019-10-19 01:15:24,448 [3f01402b-307c-4a54-abe6-b677433715ef@group-33D7D707C079-LeaderElection9] INFO  server.RaftServerConfigKeys (ConfUtils.java:logGet(43)) - raft.server.log.appender.buffer.byte-limit = 33554432 (custom)
2019-10-19 01:15:24,449 [3f01402b-307c-4a54-abe6-b677433715ef@group-33D7D707C079-LeaderElection9] INFO  server.RaftServerConfigKeys (ConfUtils.java:logGet(43)) - raft.server.log.appender.buffer.element-limit = 1 (custom)
2019-10-19 01:15:24,449 [3f01402b-307c-4a54-abe6-b677433715ef@group-33D7D707C079-LeaderElection9] INFO  grpc.GrpcConfigKeys$Server (ConfUtils.java:logGet(43)) - raft.grpc.server.leader.outstanding.appends.max = 128 (default)
2019-10-19 01:15:24,451 [3f01402b-307c-4a54-abe6-b677433715ef@group-33D7D707C079-LeaderElection9] INFO  server.RaftServerConfigKeys (ConfUtils.java:logGet(43)) - raft.server.rpc.request.timeout = 3000ms (default)
2019-10-19 01:15:24,451 [3f01402b-307c-4a54-abe6-b677433715ef@group-33D7D707C079-LeaderElection9] INFO  server.RaftServerConfigKeys (ConfUtils.java:logGet(43)) - raft.server.log.appender.install.snapshot.enabled = false (custom)
2019-10-19 01:15:24,453 [3f01402b-307c-4a54-abe6-b677433715ef@group-33D7D707C079-LeaderElection9] INFO  server.RaftServerConfigKeys (ConfUtils.java:logGet(43)) - raft.server.log.appender.snapshot.chunk.size.max = 16MB (=16777216) (default)
2019-10-19 01:15:24,453 [3f01402b-307c-4a54-abe6-b677433715ef@group-33D7D707C079-LeaderElection9] INFO  server.RaftServerConfigKeys (ConfUtils.java:logGet(43)) - raft.server.log.appender.buffer.byte-limit = 33554432 (custom)
2019-10-19 01:15:24,454 [3f01402b-307c-4a54-abe6-b677433715ef@group-33D7D707C079-LeaderElection9] INFO  server.RaftServerConfigKeys (ConfUtils.java:logGet(43)) - raft.server.log.appender.buffer.element-limit = 1 (custom)
2019-10-19 01:15:24,454 [3f01402b-307c-4a54-abe6-b677433715ef@group-33D7D707C079-LeaderElection9] INFO  grpc.GrpcConfigKeys$Server (ConfUtils.java:logGet(43)) - raft.grpc.server.leader.outstanding.appends.max = 128 (default)
2019-10-19 01:15:24,454 [3f01402b-307c-4a54-abe6-b677433715ef@group-33D7D707C079-LeaderElection9] INFO  server.RaftServerConfigKeys (ConfUtils.java:logGet(43)) - raft.server.rpc.request.timeout = 3000ms (default)
2019-10-19 01:15:24,454 [3f01402b-307c-4a54-abe6-b677433715ef@group-33D7D707C079-LeaderElection9] INFO  server.RaftServerConfigKeys (ConfUtils.java:logGet(43)) - raft.server.log.appender.install.snapshot.enabled = false (custom)
2019-10-19 01:15:24,457 [3f01402b-307c-4a54-abe6-b677433715ef@group-33D7D707C079-LeaderElection9] INFO  impl.RoleInfo (RoleInfo.java:updateAndGet(143)) - 3f01402b-307c-4a54-abe6-b677433715ef: start LeaderState
2019-10-19 01:15:24,457 [3f01402b-307c-4a54-abe6-b677433715ef@group-33D7D707C079-LeaderElection9] INFO  segmented.SegmentedRaftLogWorker (SegmentedRaftLogWorker.java:startLogSegment(385)) - 3f01402b-307c-4a54-abe6-b677433715ef@group-33D7D707C079-SegmentedRaftLogWorker: Starting segment from index:0
2019-10-19 01:15:24,458 [3f01402b-307c-4a54-abe6-b677433715ef@group-33D7D707C079-LeaderElection9] INFO  impl.RaftServerImpl (ServerState.java:setRaftConf(357)) - 3f01402b-307c-4a54-abe6-b677433715ef@group-33D7D707C079: set configuration 0: [3f01402b-307c-4a54-abe6-b677433715ef:192.168.69.71:42588, 8386ee0a-1f3c-47fa-9779-9125ddcf4112:192.168.69.71:40009, e5f35640-2c6c-4b86-a5ff-33a1451b27ce:192.168.69.71:43138], old=null at 0
2019-10-19 01:15:24,491 [grpc-default-executor-2] INFO  impl.RaftServerImpl (ServerState.java:setLeader(256)) - 8386ee0a-1f3c-47fa-9779-9125ddcf4112@group-33D7D707C079: change Leader from null to 3f01402b-307c-4a54-abe6-b677433715ef at term 4 for appendEntries, leader elected after 66ms
2019-10-19 01:15:24,492 [grpc-default-executor-1] INFO  impl.RaftServerImpl (ServerState.java:setLeader(256)) - e5f35640-2c6c-4b86-a5ff-33a1451b27ce@group-33D7D707C079: change Leader from null to 3f01402b-307c-4a54-abe6-b677433715ef at term 4 for appendEntries, leader elected after 70ms
2019-10-19 01:15:24,501 [grpc-default-executor-2] INFO  impl.RaftServerImpl (ServerState.java:setRaftConf(357)) - e5f35640-2c6c-4b86-a5ff-33a1451b27ce@group-33D7D707C079: set configuration 0: [3f01402b-307c-4a54-abe6-b677433715ef:192.168.69.71:42588, 8386ee0a-1f3c-47fa-9779-9125ddcf4112:192.168.69.71:40009, e5f35640-2c6c-4b86-a5ff-33a1451b27ce:192.168.69.71:43138], old=null at 0
2019-10-19 01:15:24,501 [grpc-default-executor-1] INFO  impl.RaftServerImpl (ServerState.java:setRaftConf(357)) - 8386ee0a-1f3c-47fa-9779-9125ddcf4112@group-33D7D707C079: set configuration 0: [3f01402b-307c-4a54-abe6-b677433715ef:192.168.69.71:42588, 8386ee0a-1f3c-47fa-9779-9125ddcf4112:192.168.69.71:40009, e5f35640-2c6c-4b86-a5ff-33a1451b27ce:192.168.69.71:43138], old=null at 0
2019-10-19 01:15:24,501 [grpc-default-executor-1] INFO  segmented.SegmentedRaftLogWorker (SegmentedRaftLogWorker.java:startLogSegment(385)) - 8386ee0a-1f3c-47fa-9779-9125ddcf4112@group-33D7D707C079-SegmentedRaftLogWorker: Starting segment from index:0
2019-10-19 01:15:24,503 [grpc-default-executor-2] INFO  segmented.SegmentedRaftLogWorker (SegmentedRaftLogWorker.java:truncate(401)) - e5f35640-2c6c-4b86-a5ff-33a1451b27ce@group-33D7D707C079-SegmentedRaftLogWorker: Truncating segments toTruncate: null
  toDelete: [(0, 0) isOpen? true, length=0, newEndIndex=-1], start index 0
2019-10-19 01:15:24,504 [grpc-default-executor-2] INFO  segmented.SegmentedRaftLogWorker (SegmentedRaftLogWorker.java:startLogSegment(385)) - e5f35640-2c6c-4b86-a5ff-33a1451b27ce@group-33D7D707C079-SegmentedRaftLogWorker: Starting segment from index:0
2019-10-19 01:15:24,532 [3f01402b-307c-4a54-abe6-b677433715ef@group-33D7D707C079-SegmentedRaftLogWorker] INFO  segmented.SegmentedRaftLogWorker (SegmentedRaftLogWorker.java:execute(576)) - 3f01402b-307c-4a54-abe6-b677433715ef@group-33D7D707C079-SegmentedRaftLogWorker: created new log segment /workdir/hadoop-ozone/integration-test/target/test-dir/MiniOzoneClusterImpl-5bd4f6c3-3117-4f19-852e-156a850a32f8/datanode-0/data/ratis/260d8aca-b42b-4def-900d-33d7d707c079/current/log_inprogress_0
2019-10-19 01:15:24,537 [e5f35640-2c6c-4b86-a5ff-33a1451b27ce@group-33D7D707C079-SegmentedRaftLogWorker] INFO  segmented.SegmentedRaftLogWorker (SegmentedRaftLogWorker.java:execute(640)) - e5f35640-2c6c-4b86-a5ff-33a1451b27ce@group-33D7D707C079-SegmentedRaftLogWorker: Deleted log file /workdir/hadoop-ozone/integration-test/target/test-dir/MiniOzoneClusterImpl-5bd4f6c3-3117-4f19-852e-156a850a32f8/datanode-1/data/ratis/260d8aca-b42b-4def-900d-33d7d707c079/current/log_inprogress_0
2019-10-19 01:15:24,537 [e5f35640-2c6c-4b86-a5ff-33a1451b27ce@group-33D7D707C079-SegmentedRaftLogWorker] INFO  segmented.SegmentedRaftLogWorker (SegmentedRaftLogWorker.java:lambda$new$0(128)) - e5f35640-2c6c-4b86-a5ff-33a1451b27ce@group-33D7D707C079-SegmentedRaftLogWorker: flushIndex: setUnconditionally 0 -> -1
2019-10-19 01:15:24,547 [8386ee0a-1f3c-47fa-9779-9125ddcf4112@group-33D7D707C079-SegmentedRaftLogWorker] INFO  segmented.SegmentedRaftLogWorker (SegmentedRaftLogWorker.java:execute(576)) - 8386ee0a-1f3c-47fa-9779-9125ddcf4112@group-33D7D707C079-SegmentedRaftLogWorker: created new log segment /workdir/hadoop-ozone/integration-test/target/test-dir/MiniOzoneClusterImpl-5bd4f6c3-3117-4f19-852e-156a850a32f8/datanode-2/data/ratis/260d8aca-b42b-4def-900d-33d7d707c079/current/log_inprogress_0
2019-10-19 01:15:24,588 [e5f35640-2c6c-4b86-a5ff-33a1451b27ce@group-33D7D707C079-SegmentedRaftLogWorker] INFO  segmented.SegmentedRaftLogWorker (SegmentedRaftLogWorker.java:execute(576)) - e5f35640-2c6c-4b86-a5ff-33a1451b27ce@group-33D7D707C079-SegmentedRaftLogWorker: created new log segment /workdir/hadoop-ozone/integration-test/target/test-dir/MiniOzoneClusterImpl-5bd4f6c3-3117-4f19-852e-156a850a32f8/datanode-1/data/ratis/260d8aca-b42b-4def-900d-33d7d707c079/current/log_inprogress_0
2019-10-19 01:15:25,097 [main] INFO  rpc.RpcClient (RpcClient.java:createVolume(272)) - Creating Volume: testcontainerstatemachinefailures, with jenkins1000 as owner.
2019-10-19 01:15:25,182 [IPC Server handler 4 on 39980] INFO  volume.OMVolumeCreateRequest (OMVolumeCreateRequest.java:validateAndUpdateCache(193)) - created volume:testcontainerstatemachinefailures for user:jenkins1000
2019-10-19 01:15:25,214 [main] INFO  rpc.RpcClient (RpcClient.java:createBucket(411)) - Creating Bucket: testcontainerstatemachinefailures/testcontainerstatemachinefailures, with Versioning false and Storage Type set to DISK and Encryption set to false 
2019-10-19 01:15:25,368 [main] INFO  impl.MetricsSystemImpl (MetricsSystemImpl.java:init(158)) - XceiverClientMetrics metrics system started (again)
2019-10-19 01:15:25,830 [Datanode State Machine Thread - 0] INFO  statemachine.DatanodeStateMachine (DatanodeStateMachine.java:lambda$startDaemon$0(350)) - Ozone container server started.
2019-10-19 01:15:26,051 [Thread-181] INFO  container.ReplicationManager (ReplicationManager.java:start(162)) - Starting Replication Monitor Thread.
2019-10-19 01:15:26,054 [ReplicationMonitor] INFO  container.ReplicationManager (ReplicationManager.java:run(225)) - Replication Monitor Thread took 1 milliseconds for processing 1 containers.
2019-10-19 01:15:30,772 [main] INFO  ozoneimpl.OzoneContainer (OzoneContainer.java:stop(227)) - Attempting to stop container services.
2019-10-19 01:15:30,773 [main] INFO  impl.RaftServerProxy (RaftServerProxy.java:lambda$close$4(314)) - 8386ee0a-1f3c-47fa-9779-9125ddcf4112: close
2019-10-19 01:15:30,774 [main] INFO  impl.RaftServerImpl (RaftServerImpl.java:lambda$shutdown$3(261)) - 8386ee0a-1f3c-47fa-9779-9125ddcf4112@group-8CDF9D8EA57D: shutdown
2019-10-19 01:15:30,775 [main] INFO  util.JmxRegister (JmxRegister.java:unregister(73)) - Successfully un-registered JMX Bean with object name Ratis:service=RaftServer,group=group-8CDF9D8EA57D,id=8386ee0a-1f3c-47fa-9779-9125ddcf4112
2019-10-19 01:15:30,775 [main] INFO  impl.RoleInfo (RoleInfo.java:shutdownLeaderState(104)) - 8386ee0a-1f3c-47fa-9779-9125ddcf4112: shutdown LeaderState
2019-10-19 01:15:30,775 [main] INFO  impl.PendingRequests (PendingRequests.java:sendNotLeaderResponses(202)) - 8386ee0a-1f3c-47fa-9779-9125ddcf4112@group-8CDF9D8EA57D-PendingRequests: sendNotLeaderResponses
2019-10-19 01:15:30,777 [main] INFO  impl.StateMachineUpdater (StateMachineUpdater.java:stopAndJoin(136)) - 8386ee0a-1f3c-47fa-9779-9125ddcf4112@group-8CDF9D8EA57D-StateMachineUpdater: set stopIndex = 0
2019-10-19 01:15:30,778 [main] INFO  impl.RaftServerImpl (ServerState.java:close(388)) - 8386ee0a-1f3c-47fa-9779-9125ddcf4112@group-8CDF9D8EA57D: closes. applyIndex: 0
2019-10-19 01:15:30,779 [8386ee0a-1f3c-47fa-9779-9125ddcf4112@group-8CDF9D8EA57D-SegmentedRaftLogWorker] INFO  segmented.SegmentedRaftLogWorker (SegmentedRaftLogWorker.java:run(316)) - 8386ee0a-1f3c-47fa-9779-9125ddcf4112@group-8CDF9D8EA57D-SegmentedRaftLogWorker was interrupted, exiting. There are 0 tasks remaining in the queue.
2019-10-19 01:15:30,780 [main] INFO  segmented.SegmentedRaftLogWorker (SegmentedRaftLogWorker.java:close(224)) - 8386ee0a-1f3c-47fa-9779-9125ddcf4112@group-8CDF9D8EA57D-SegmentedRaftLogWorker close()
2019-10-19 01:15:30,782 [main] INFO  impl.RaftServerImpl (RaftServerImpl.java:lambda$shutdown$3(261)) - 8386ee0a-1f3c-47fa-9779-9125ddcf4112@group-33D7D707C079: shutdown
2019-10-19 01:15:30,782 [main] INFO  util.JmxRegister (JmxRegister.java:unregister(73)) - Successfully un-registered JMX Bean with object name Ratis:service=RaftServer,group=group-33D7D707C079,id=8386ee0a-1f3c-47fa-9779-9125ddcf4112
2019-10-19 01:15:30,782 [main] INFO  impl.RoleInfo (RoleInfo.java:shutdownFollowerState(121)) - 8386ee0a-1f3c-47fa-9779-9125ddcf4112: shutdown FollowerState
2019-10-19 01:15:30,782 [main] INFO  impl.StateMachineUpdater (StateMachineUpdater.java:stopAndJoin(136)) - 8386ee0a-1f3c-47fa-9779-9125ddcf4112@group-33D7D707C079-StateMachineUpdater: set stopIndex = 4
2019-10-19 01:15:30,782 [Thread-243] INFO  impl.FollowerState (FollowerState.java:run(117)) - 8386ee0a-1f3c-47fa-9779-9125ddcf4112@group-33D7D707C079-FollowerState was interrupted: java.lang.InterruptedException: sleep interrupted
2019-10-19 01:15:30,783 [8386ee0a-1f3c-47fa-9779-9125ddcf4112@group-33D7D707C079-StateMachineUpdater] INFO  ratis.ContainerStateMachine (ContainerStateMachine.java:takeSnapshot(294)) - group-33D7D707C079: Taking a snapshot at:(t:4, i:3) file /workdir/hadoop-ozone/integration-test/target/test-dir/MiniOzoneClusterImpl-5bd4f6c3-3117-4f19-852e-156a850a32f8/datanode-2/data/ratis/260d8aca-b42b-4def-900d-33d7d707c079/sm/snapshot.4_3
2019-10-19 01:15:30,866 [8386ee0a-1f3c-47fa-9779-9125ddcf4112@group-33D7D707C079-StateMachineUpdater] INFO  ratis.ContainerStateMachine (ContainerStateMachine.java:takeSnapshot(305)) - group-33D7D707C079: Finished taking a snapshot at:(t:4, i:3) file:/workdir/hadoop-ozone/integration-test/target/test-dir/MiniOzoneClusterImpl-5bd4f6c3-3117-4f19-852e-156a850a32f8/datanode-2/data/ratis/260d8aca-b42b-4def-900d-33d7d707c079/sm/snapshot.4_3 time:83
2019-10-19 01:15:30,867 [8386ee0a-1f3c-47fa-9779-9125ddcf4112@group-33D7D707C079-StateMachineUpdater] INFO  impl.StateMachineUpdater (StateMachineUpdater.java:takeSnapshot(269)) - 8386ee0a-1f3c-47fa-9779-9125ddcf4112@group-33D7D707C079-StateMachineUpdater: Took a snapshot at index 3
2019-10-19 01:15:30,868 [8386ee0a-1f3c-47fa-9779-9125ddcf4112@group-33D7D707C079-StateMachineUpdater] INFO  impl.StateMachineUpdater (StateMachineUpdater.java:lambda$new$0(84)) - 8386ee0a-1f3c-47fa-9779-9125ddcf4112@group-33D7D707C079-StateMachineUpdater: snapshotIndex: updateIncreasingly -1 -> 3
2019-10-19 01:15:30,872 [8386ee0a-1f3c-47fa-9779-9125ddcf4112@group-33D7D707C079-StateMachineUpdater] INFO  ratis.ContainerStateMachine (ContainerStateMachine.java:takeSnapshot(294)) - group-33D7D707C079: Taking a snapshot at:(t:4, i:3) file /workdir/hadoop-ozone/integration-test/target/test-dir/MiniOzoneClusterImpl-5bd4f6c3-3117-4f19-852e-156a850a32f8/datanode-2/data/ratis/260d8aca-b42b-4def-900d-33d7d707c079/sm/snapshot.4_3
2019-10-19 01:15:30,884 [8386ee0a-1f3c-47fa-9779-9125ddcf4112@group-33D7D707C079-StateMachineUpdater] INFO  ratis.ContainerStateMachine (ContainerStateMachine.java:takeSnapshot(305)) - group-33D7D707C079: Finished taking a snapshot at:(t:4, i:3) file:/workdir/hadoop-ozone/integration-test/target/test-dir/MiniOzoneClusterImpl-5bd4f6c3-3117-4f19-852e-156a850a32f8/datanode-2/data/ratis/260d8aca-b42b-4def-900d-33d7d707c079/sm/snapshot.4_3 time:12
2019-10-19 01:15:30,885 [8386ee0a-1f3c-47fa-9779-9125ddcf4112@group-33D7D707C079-StateMachineUpdater] INFO  impl.StateMachineUpdater (StateMachineUpdater.java:takeSnapshot(269)) - 8386ee0a-1f3c-47fa-9779-9125ddcf4112@group-33D7D707C079-StateMachineUpdater: Took a snapshot at index 3
2019-10-19 01:15:30,885 [8386ee0a-1f3c-47fa-9779-9125ddcf4112@group-33D7D707C079-StateMachineUpdater] INFO  impl.StateMachineUpdater (StateMachineUpdater.java:lambda$new$0(84)) - 8386ee0a-1f3c-47fa-9779-9125ddcf4112@group-33D7D707C079-StateMachineUpdater: snapshotIndex: updateIncreasingly 3 -> 3
2019-10-19 01:15:30,885 [main] INFO  impl.RaftServerImpl (ServerState.java:close(388)) - 8386ee0a-1f3c-47fa-9779-9125ddcf4112@group-33D7D707C079: closes. applyIndex: 4
2019-10-19 01:15:30,885 [8386ee0a-1f3c-47fa-9779-9125ddcf4112@group-33D7D707C079-SegmentedRaftLogWorker] INFO  segmented.SegmentedRaftLogWorker (SegmentedRaftLogWorker.java:run(316)) - 8386ee0a-1f3c-47fa-9779-9125ddcf4112@group-33D7D707C079-SegmentedRaftLogWorker was interrupted, exiting. There are 0 tasks remaining in the queue.
2019-10-19 01:15:30,887 [main] INFO  segmented.SegmentedRaftLogWorker (SegmentedRaftLogWorker.java:close(224)) - 8386ee0a-1f3c-47fa-9779-9125ddcf4112@group-33D7D707C079-SegmentedRaftLogWorker close()
2019-10-19 01:15:30,889 [main] INFO  server.GrpcService (GrpcService.java:closeImpl(164)) - 8386ee0a-1f3c-47fa-9779-9125ddcf4112: shutdown server with port 40009 now
2019-10-19 01:15:30,895 [grpc-default-executor-2] WARN  server.GrpcServerProtocolService (LogUtils.java:warn(134)) - 8386ee0a-1f3c-47fa-9779-9125ddcf4112: installSnapshot onError, lastRequest: 3f01402b-307c-4a54-abe6-b677433715ef->8386ee0a-1f3c-47fa-9779-9125ddcf4112#7-t4, previous=(t:4, i:4), leaderCommit=4, initializing? false, entries: <empty>: org.apache.ratis.thirdparty.io.grpc.StatusRuntimeException: CANCELLED: cancelled before receiving half close
2019-10-19 01:15:30,897 [grpc-default-executor-1] WARN  server.GrpcLogAppender (LogUtils.java:warn(134)) - 3f01402b-307c-4a54-abe6-b677433715ef@group-33D7D707C079->8386ee0a-1f3c-47fa-9779-9125ddcf4112-AppendLogResponseHandler: Failed appendEntries: org.apache.ratis.thirdparty.io.grpc.StatusRuntimeException: CANCELLED: HTTP/2 error code: CANCEL
Received Rst Stream
2019-10-19 01:15:30,898 [main] INFO  server.GrpcService (GrpcService.java:closeImpl(172)) - 8386ee0a-1f3c-47fa-9779-9125ddcf4112: shutdown server with port 40009 successfully
2019-10-19 01:15:30,901 [refreshUsed-/workdir/hadoop-ozone/integration-test/target/test-dir/MiniOzoneClusterImpl-5bd4f6c3-3117-4f19-852e-156a850a32f8/datanode-2/data/containers] WARN  fs.CachingGetSpaceUsed (CachingGetSpaceUsed.java:run(183)) - Thread Interrupted waiting to refresh disk information: sleep interrupted
2019-10-19 01:15:30,917 [main] INFO  utils.BackgroundService (BackgroundService.java:shutdown(151)) - Shutting down service BlockDeletingService
2019-10-19 01:15:30,921 [main] INFO  statemachine.DatanodeStateMachine (DatanodeStateMachine.java:stopDaemon(395)) - Ozone container server stopped.
2019-10-19 01:15:30,924 [main] INFO  handler.ContextHandler (ContextHandler.java:doStop(910)) - Stopped o.e.j.w.WebAppContext@43e9089{/,null,UNAVAILABLE}{/hddsDatanode}
2019-10-19 01:15:30,929 [main] INFO  server.AbstractConnector (AbstractConnector.java:doStop(318)) - Stopped ServerConnector@3c5dbdf8{HTTP/1.1,[http/1.1]}{0.0.0.0:0}
2019-10-19 01:15:30,929 [main] INFO  handler.ContextHandler (ContextHandler.java:doStop(910)) - Stopped o.e.j.s.ServletContextHandler@433348bc{/static,jar:file:/home/user/.m2/repository/org/apache/hadoop/hadoop-hdds-container-service/0.5.0-SNAPSHOT/hadoop-hdds-container-service-0.5.0-SNAPSHOT.jar!/webapps/static,UNAVAILABLE}
2019-10-19 01:15:30,930 [main] INFO  handler.ContextHandler (ContextHandler.java:doStop(910)) - Stopped o.e.j.s.ServletContextHandler@5fa23c{/logs,file:///workdir/hadoop-ozone/integration-test/target/log,UNAVAILABLE}
2019-10-19 01:15:33,937 [java.util.concurrent.ThreadPoolExecutor$Worker@678808ab[State = -1, empty queue]] WARN  server.GrpcLogAppender (GrpcLogAppender.java:timeoutAppendRequest(209)) - 3f01402b-307c-4a54-abe6-b677433715ef@group-33D7D707C079->8386ee0a-1f3c-47fa-9779-9125ddcf4112-GrpcLogAppender: appendEntries Timeout, request=3f01402b-307c-4a54-abe6-b677433715ef->8386ee0a-1f3c-47fa-9779-9125ddcf4112#8-t4, previous=(t:4, i:4), leaderCommit=4, initializing? false, entries: size=1, first=(t:4, i:5), STATEMACHINELOGENTRY, client-0C21EF03FE8D, cid=8
2019-10-19 01:15:33,938 [java.util.concurrent.ThreadPoolExecutor$Worker@678808ab[State = -1, empty queue]] WARN  server.GrpcLogAppender (GrpcLogAppender.java:timeoutAppendRequest(209)) - 3f01402b-307c-4a54-abe6-b677433715ef@group-33D7D707C079->8386ee0a-1f3c-47fa-9779-9125ddcf4112-GrpcLogAppender: appendEntries Timeout, request=3f01402b-307c-4a54-abe6-b677433715ef->8386ee0a-1f3c-47fa-9779-9125ddcf4112#9-t4, previous=(t:4, i:5), leaderCommit=4, initializing? false, entries: size=1, first=(t:4, i:6), STATEMACHINELOGENTRY, client-0C21EF03FE8D, cid=9
2019-10-19 01:15:33,951 [java.util.concurrent.ThreadPoolExecutor$Worker@678808ab[State = -1, empty queue]] WARN  server.GrpcLogAppender (GrpcLogAppender.java:timeoutAppendRequest(209)) - 3f01402b-307c-4a54-abe6-b677433715ef@group-33D7D707C079->8386ee0a-1f3c-47fa-9779-9125ddcf4112-GrpcLogAppender: appendEntries Timeout, request=3f01402b-307c-4a54-abe6-b677433715ef->8386ee0a-1f3c-47fa-9779-9125ddcf4112#10-t4, previous=(t:4, i:6), leaderCommit=6, initializing? false, entries: size=1, first=(t:4, i:7), METADATAENTRY(c5)
2019-10-19 01:15:33,951 [java.util.concurrent.ThreadPoolExecutor$Worker@678808ab[State = -1, empty queue]] WARN  server.GrpcLogAppender (GrpcLogAppender.java:timeoutAppendRequest(209)) - 3f01402b-307c-4a54-abe6-b677433715ef@group-33D7D707C079->8386ee0a-1f3c-47fa-9779-9125ddcf4112-GrpcLogAppender: appendEntries Timeout, request=3f01402b-307c-4a54-abe6-b677433715ef->8386ee0a-1f3c-47fa-9779-9125ddcf4112#11-t4, previous=(t:4, i:7), leaderCommit=6, initializing? false, entries: size=1, first=(t:4, i:8), METADATAENTRY(c6)
2019-10-19 01:15:36,454 [java.util.concurrent.ThreadPoolExecutor$Worker@678808ab[State = -1, empty queue]] WARN  server.GrpcLogAppender (GrpcLogAppender.java:timeoutAppendRequest(209)) - 3f01402b-307c-4a54-abe6-b677433715ef@group-33D7D707C079->8386ee0a-1f3c-47fa-9779-9125ddcf4112-GrpcLogAppender: appendEntries Timeout, request=3f01402b-307c-4a54-abe6-b677433715ef->8386ee0a-1f3c-47fa-9779-9125ddcf4112#12-t4, previous=(t:4, i:8), leaderCommit=8, initializing? false, entries: <empty>
2019-10-19 01:15:38,955 [java.util.concurrent.ThreadPoolExecutor$Worker@678808ab[State = -1, empty queue]] WARN  server.GrpcLogAppender (GrpcLogAppender.java:timeoutAppendRequest(209)) - 3f01402b-307c-4a54-abe6-b677433715ef@group-33D7D707C079->8386ee0a-1f3c-47fa-9779-9125ddcf4112-GrpcLogAppender: appendEntries Timeout, request=3f01402b-307c-4a54-abe6-b677433715ef->8386ee0a-1f3c-47fa-9779-9125ddcf4112#13-t4, previous=(t:4, i:8), leaderCommit=8, initializing? false, entries: <empty>
2019-10-19 01:15:39,981 [Thread-307] INFO  client.GrpcClientProtocolService (GrpcClientProtocolService.java:lambda$processClientRequest$0(278)) - Failed RaftClientRequest:client-0C21EF03FE8D->e5f35640-2c6c-4b86-a5ff-33a1451b27ce@group-33D7D707C079, cid=10, seq=0, Watch-ALL_COMMITTED(6), Message:<EMPTY>, reply=RaftClientReply:client-0C21EF03FE8D->e5f35640-2c6c-4b86-a5ff-33a1451b27ce@group-33D7D707C079, cid=10, FAILED org.apache.ratis.protocol.NotLeaderException: Server e5f35640-2c6c-4b86-a5ff-33a1451b27ce@group-33D7D707C079 is not the leader 3f01402b-307c-4a54-abe6-b677433715ef:192.168.69.71:42588, logIndex=0, commits[e5f35640-2c6c-4b86-a5ff-33a1451b27ce:c8, 3f01402b-307c-4a54-abe6-b677433715ef:c8, 8386ee0a-1f3c-47fa-9779-9125ddcf4112:c4]
2019-10-19 01:15:41,456 [java.util.concurrent.ThreadPoolExecutor$Worker@678808ab[State = -1, empty queue]] WARN  server.GrpcLogAppender (GrpcLogAppender.java:timeoutAppendRequest(209)) - 3f01402b-307c-4a54-abe6-b677433715ef@group-33D7D707C079->8386ee0a-1f3c-47fa-9779-9125ddcf4112-GrpcLogAppender: appendEntries Timeout, request=3f01402b-307c-4a54-abe6-b677433715ef->8386ee0a-1f3c-47fa-9779-9125ddcf4112#14-t4, previous=(t:4, i:8), leaderCommit=8, initializing? false, entries: <empty>
2019-10-19 01:15:41,888 [Thread-311] INFO  client.GrpcClientProtocolService (GrpcClientProtocolService.java:lambda$processClientRequest$0(278)) - Failed RaftClientRequest:client-0C21EF03FE8D->3f01402b-307c-4a54-abe6-b677433715ef@group-33D7D707C079, cid=10, seq=0, Watch-ALL_COMMITTED(6), Message:<EMPTY>, reply=RaftClientReply:client-0C21EF03FE8D->3f01402b-307c-4a54-abe6-b677433715ef@group-33D7D707C079, cid=10, FAILED org.apache.ratis.protocol.NotReplicatedException: Request with call Id 10 and log index 6 is not yet replicated to ALL_COMMITTED, logIndex=6, commits[3f01402b-307c-4a54-abe6-b677433715ef:c8, 8386ee0a-1f3c-47fa-9779-9125ddcf4112:c4, e5f35640-2c6c-4b86-a5ff-33a1451b27ce:c8]
2019-10-19 01:15:43,957 [java.util.concurrent.ThreadPoolExecutor$Worker@678808ab[State = -1, empty queue]] WARN  server.GrpcLogAppender (GrpcLogAppender.java:timeoutAppendRequest(209)) - 3f01402b-307c-4a54-abe6-b677433715ef@group-33D7D707C079->8386ee0a-1f3c-47fa-9779-9125ddcf4112-GrpcLogAppender: appendEntries Timeout, request=3f01402b-307c-4a54-abe6-b677433715ef->8386ee0a-1f3c-47fa-9779-9125ddcf4112#15-t4, previous=(t:4, i:8), leaderCommit=8, initializing? false, entries: <empty>
2019-10-19 01:15:46,460 [java.util.concurrent.ThreadPoolExecutor$Worker@678808ab[State = -1, empty queue]] WARN  server.GrpcLogAppender (GrpcLogAppender.java:timeoutAppendRequest(209)) - 3f01402b-307c-4a54-abe6-b677433715ef@group-33D7D707C079->8386ee0a-1f3c-47fa-9779-9125ddcf4112-GrpcLogAppender: appendEntries Timeout, request=3f01402b-307c-4a54-abe6-b677433715ef->8386ee0a-1f3c-47fa-9779-9125ddcf4112#16-t4, previous=(t:4, i:8), leaderCommit=8, initializing? false, entries: <empty>
2019-10-19 01:15:48,961 [java.util.concurrent.ThreadPoolExecutor$Worker@678808ab[State = -1, empty queue]] WARN  server.GrpcLogAppender (GrpcLogAppender.java:timeoutAppendRequest(209)) - 3f01402b-307c-4a54-abe6-b677433715ef@group-33D7D707C079->8386ee0a-1f3c-47fa-9779-9125ddcf4112-GrpcLogAppender: appendEntries Timeout, request=3f01402b-307c-4a54-abe6-b677433715ef->8386ee0a-1f3c-47fa-9779-9125ddcf4112#17-t4, previous=(t:4, i:8), leaderCommit=8, initializing? false, entries: <empty>
2019-10-19 01:15:50,884 [Thread-319] INFO  client.GrpcClientProtocolService (GrpcClientProtocolService.java:lambda$processClientRequest$0(278)) - Failed RaftClientRequest:client-0C21EF03FE8D->3f01402b-307c-4a54-abe6-b677433715ef@group-33D7D707C079, cid=10, seq=0, Watch-ALL_COMMITTED(6), Message:<EMPTY>, reply=RaftClientReply:client-0C21EF03FE8D->3f01402b-307c-4a54-abe6-b677433715ef@group-33D7D707C079, cid=10, FAILED org.apache.ratis.protocol.NotReplicatedException: Request with call Id 10 and log index 6 is not yet replicated to ALL_COMMITTED, logIndex=6, commits[3f01402b-307c-4a54-abe6-b677433715ef:c8, 8386ee0a-1f3c-47fa-9779-9125ddcf4112:c4, e5f35640-2c6c-4b86-a5ff-33a1451b27ce:c8]
2019-10-19 01:15:51,463 [java.util.concurrent.ThreadPoolExecutor$Worker@678808ab[State = -1, empty queue]] WARN  server.GrpcLogAppender (GrpcLogAppender.java:timeoutAppendRequest(209)) - 3f01402b-307c-4a54-abe6-b677433715ef@group-33D7D707C079->8386ee0a-1f3c-47fa-9779-9125ddcf4112-GrpcLogAppender: appendEntries Timeout, request=3f01402b-307c-4a54-abe6-b677433715ef->8386ee0a-1f3c-47fa-9779-9125ddcf4112#18-t4, previous=(t:4, i:8), leaderCommit=8, initializing? false, entries: <empty>
2019-10-19 01:15:53,963 [java.util.concurrent.ThreadPoolExecutor$Worker@678808ab[State = -1, empty queue]] WARN  server.GrpcLogAppender (GrpcLogAppender.java:timeoutAppendRequest(209)) - 3f01402b-307c-4a54-abe6-b677433715ef@group-33D7D707C079->8386ee0a-1f3c-47fa-9779-9125ddcf4112-GrpcLogAppender: appendEntries Timeout, request=3f01402b-307c-4a54-abe6-b677433715ef->8386ee0a-1f3c-47fa-9779-9125ddcf4112#19-t4, previous=(t:4, i:8), leaderCommit=8, initializing? false, entries: <empty>
2019-10-19 01:15:56,464 [java.util.concurrent.ThreadPoolExecutor$Worker@678808ab[State = -1, empty queue]] WARN  server.GrpcLogAppender (GrpcLogAppender.java:timeoutAppendRequest(209)) - 3f01402b-307c-4a54-abe6-b677433715ef@group-33D7D707C079->8386ee0a-1f3c-47fa-9779-9125ddcf4112-GrpcLogAppender: appendEntries Timeout, request=3f01402b-307c-4a54-abe6-b677433715ef->8386ee0a-1f3c-47fa-9779-9125ddcf4112#20-t4, previous=(t:4, i:8), leaderCommit=8, initializing? false, entries: <empty>
2019-10-19 01:15:58,965 [java.util.concurrent.ThreadPoolExecutor$Worker@678808ab[State = -1, empty queue]] WARN  server.GrpcLogAppender (GrpcLogAppender.java:timeoutAppendRequest(209)) - 3f01402b-307c-4a54-abe6-b677433715ef@group-33D7D707C079->8386ee0a-1f3c-47fa-9779-9125ddcf4112-GrpcLogAppender: appendEntries Timeout, request=3f01402b-307c-4a54-abe6-b677433715ef->8386ee0a-1f3c-47fa-9779-9125ddcf4112#21-t4, previous=(t:4, i:8), leaderCommit=8, initializing? false, entries: <empty>
2019-10-19 01:15:59,039 [Thread-326] INFO  client.GrpcClientProtocolService (GrpcClientProtocolService.java:lambda$processClientRequest$0(278)) - Failed RaftClientRequest:client-0C21EF03FE8D->e5f35640-2c6c-4b86-a5ff-33a1451b27ce@group-33D7D707C079, cid=10, seq=0, Watch-ALL_COMMITTED(6), Message:<EMPTY>, reply=RaftClientReply:client-0C21EF03FE8D->e5f35640-2c6c-4b86-a5ff-33a1451b27ce@group-33D7D707C079, cid=10, FAILED org.apache.ratis.protocol.NotLeaderException: Server e5f35640-2c6c-4b86-a5ff-33a1451b27ce@group-33D7D707C079 is not the leader 3f01402b-307c-4a54-abe6-b677433715ef:192.168.69.71:42588, logIndex=0, commits[e5f35640-2c6c-4b86-a5ff-33a1451b27ce:c8, 3f01402b-307c-4a54-abe6-b677433715ef:c8, 8386ee0a-1f3c-47fa-9779-9125ddcf4112:c4]
2019-10-19 01:16:00,886 [Thread-329] INFO  client.GrpcClientProtocolService (GrpcClientProtocolService.java:lambda$processClientRequest$0(278)) - Failed RaftClientRequest:client-0C21EF03FE8D->3f01402b-307c-4a54-abe6-b677433715ef@group-33D7D707C079, cid=10, seq=0, Watch-ALL_COMMITTED(6), Message:<EMPTY>, reply=RaftClientReply:client-0C21EF03FE8D->3f01402b-307c-4a54-abe6-b677433715ef@group-33D7D707C079, cid=10, FAILED org.apache.ratis.protocol.NotReplicatedException: Request with call Id 10 and log index 6 is not yet replicated to ALL_COMMITTED, logIndex=6, commits[3f01402b-307c-4a54-abe6-b677433715ef:c8, 8386ee0a-1f3c-47fa-9779-9125ddcf4112:c4, e5f35640-2c6c-4b86-a5ff-33a1451b27ce:c8]
2019-10-19 01:16:00,969 [main] WARN  scm.XceiverClientRatis (XceiverClientRatis.java:watchForCommit(277)) - 3 way commit failed on pipeline Pipeline[ Id: 260d8aca-b42b-4def-900d-33d7d707c079, Nodes: e5f35640-2c6c-4b86-a5ff-33a1451b27ce{ip: 192.168.69.71, host: pr-hdds-2333-vzxj6-995506542, networkLocation: /default-rack, certSerialId: null}3f01402b-307c-4a54-abe6-b677433715ef{ip: 192.168.69.71, host: pr-hdds-2333-vzxj6-995506542, networkLocation: /default-rack, certSerialId: null}8386ee0a-1f3c-47fa-9779-9125ddcf4112{ip: 192.168.69.71, host: pr-hdds-2333-vzxj6-995506542, networkLocation: /default-rack, certSerialId: null}, Type:RATIS, Factor:THREE, State:OPEN]
java.util.concurrent.TimeoutException
	at java.util.concurrent.CompletableFuture.timedGet(CompletableFuture.java:1771)
	at java.util.concurrent.CompletableFuture.get(CompletableFuture.java:1915)
	at org.apache.hadoop.hdds.scm.XceiverClientRatis.watchForCommit(XceiverClientRatis.java:274)
	at org.apache.hadoop.hdds.scm.storage.CommitWatcher.watchForCommit(CommitWatcher.java:198)
	at org.apache.hadoop.hdds.scm.storage.CommitWatcher.watchOnLastIndex(CommitWatcher.java:161)
	at org.apache.hadoop.hdds.scm.storage.BlockOutputStream.watchForCommit(BlockOutputStream.java:346)
	at org.apache.hadoop.hdds.scm.storage.BlockOutputStream.handleFlush(BlockOutputStream.java:482)
	at org.apache.hadoop.hdds.scm.storage.BlockOutputStream.close(BlockOutputStream.java:496)
	at org.apache.hadoop.ozone.client.io.BlockOutputStreamEntry.close(BlockOutputStreamEntry.java:143)
	at org.apache.hadoop.ozone.client.io.KeyOutputStream.handleFlushOrClose(KeyOutputStream.java:435)
	at org.apache.hadoop.ozone.client.io.KeyOutputStream.close(KeyOutputStream.java:473)
	at org.apache.hadoop.ozone.client.io.OzoneOutputStream.close(OzoneOutputStream.java:60)
	at org.apache.hadoop.ozone.client.rpc.TestDeleteWithSlowFollower.testDeleteKeyWithSlowFollower(TestDeleteWithSlowFollower.java:193)
	at sun.reflect.NativeMethodAccessorImpl.invoke0(Native Method)
	at sun.reflect.NativeMethodAccessorImpl.invoke(NativeMethodAccessorImpl.java:62)
	at sun.reflect.DelegatingMethodAccessorImpl.invoke(DelegatingMethodAccessorImpl.java:43)
	at java.lang.reflect.Method.invoke(Method.java:498)
	at org.junit.runners.model.FrameworkMethod$1.runReflectiveCall(FrameworkMethod.java:47)
	at org.junit.internal.runners.model.ReflectiveCallable.run(ReflectiveCallable.java:12)
	at org.junit.runners.model.FrameworkMethod.invokeExplosively(FrameworkMethod.java:44)
	at org.junit.internal.runners.statements.InvokeMethod.evaluate(InvokeMethod.java:17)
	at org.junit.runners.ParentRunner.runLeaf(ParentRunner.java:271)
	at org.junit.runners.BlockJUnit4ClassRunner.runChild(BlockJUnit4ClassRunner.java:70)
	at org.junit.runners.BlockJUnit4ClassRunner.runChild(BlockJUnit4ClassRunner.java:50)
	at org.junit.runners.ParentRunner$3.run(ParentRunner.java:238)
	at org.junit.runners.ParentRunner$1.schedule(ParentRunner.java:63)
	at org.junit.runners.ParentRunner.runChildren(ParentRunner.java:236)
	at org.junit.runners.ParentRunner.access$000(ParentRunner.java:53)
	at org.junit.runners.ParentRunner$2.evaluate(ParentRunner.java:229)
	at org.junit.internal.runners.statements.RunBefores.evaluate(RunBefores.java:26)
	at org.junit.internal.runners.statements.RunAfters.evaluate(RunAfters.java:27)
	at org.junit.runners.ParentRunner.run(ParentRunner.java:309)
	at org.apache.maven.surefire.junit4.JUnit4Provider.execute(JUnit4Provider.java:365)
	at org.apache.maven.surefire.junit4.JUnit4Provider.executeWithRerun(JUnit4Provider.java:273)
	at org.apache.maven.surefire.junit4.JUnit4Provider.executeTestSet(JUnit4Provider.java:238)
	at org.apache.maven.surefire.junit4.JUnit4Provider.invoke(JUnit4Provider.java:159)
	at org.apache.maven.surefire.booter.ForkedBooter.invokeProviderInSameClassLoader(ForkedBooter.java:384)
	at org.apache.maven.surefire.booter.ForkedBooter.runSuitesInProcess(ForkedBooter.java:345)
	at org.apache.maven.surefire.booter.ForkedBooter.execute(ForkedBooter.java:126)
	at org.apache.maven.surefire.booter.ForkedBooter.main(ForkedBooter.java:418)
2019-10-19 01:16:00,985 [main] INFO  scm.XceiverClientRatis (XceiverClientRatis.java:lambda$watchForCommit$5(295)) - Could not commit index 6 on pipeline Pipeline[ Id: 260d8aca-b42b-4def-900d-33d7d707c079, Nodes: e5f35640-2c6c-4b86-a5ff-33a1451b27ce{ip: 192.168.69.71, host: pr-hdds-2333-vzxj6-995506542, networkLocation: /default-rack, certSerialId: null}3f01402b-307c-4a54-abe6-b677433715ef{ip: 192.168.69.71, host: pr-hdds-2333-vzxj6-995506542, networkLocation: /default-rack, certSerialId: null}8386ee0a-1f3c-47fa-9779-9125ddcf4112{ip: 192.168.69.71, host: pr-hdds-2333-vzxj6-995506542, networkLocation: /default-rack, certSerialId: null}, Type:RATIS, Factor:THREE, State:OPEN] to all the nodes. Server 8386ee0a-1f3c-47fa-9779-9125ddcf4112 has failed. Committed by majority.
2019-10-19 01:16:00,986 [main] WARN  storage.BlockOutputStream (BlockOutputStream.java:watchForCommit(352)) - Failed to commit BlockId conID: 1 locID: 102986398124736512 bcsId: 6 on Pipeline[ Id: 260d8aca-b42b-4def-900d-33d7d707c079, Nodes: e5f35640-2c6c-4b86-a5ff-33a1451b27ce{ip: 192.168.69.71, host: pr-hdds-2333-vzxj6-995506542, networkLocation: /default-rack, certSerialId: null}3f01402b-307c-4a54-abe6-b677433715ef{ip: 192.168.69.71, host: pr-hdds-2333-vzxj6-995506542, networkLocation: /default-rack, certSerialId: null}8386ee0a-1f3c-47fa-9779-9125ddcf4112{ip: 192.168.69.71, host: pr-hdds-2333-vzxj6-995506542, networkLocation: /default-rack, certSerialId: null}, Type:RATIS, Factor:THREE, State:OPEN]. Failed nodes: [8386ee0a-1f3c-47fa-9779-9125ddcf4112{ip: null, host: null, networkLocation: /default-rack, certSerialId: null}]
2019-10-19 01:16:01,112 [EventQueue-IncrementalContainerReportForIncrementalContainerReportHandler] WARN  container.IncrementalContainerReportHandler (AbstractContainerReportHandler.java:updateContainerState(145)) - Container #1 is in OPEN state, but the datanode 3f01402b-307c-4a54-abe6-b677433715ef{ip: 192.168.69.71, host: pr-hdds-2333-vzxj6-995506542, networkLocation: /default-rack, certSerialId: null} reports an CLOSING replica.
2019-10-19 01:16:01,124 [RatisApplyTransactionExecutor 1] INFO  interfaces.Container (KeyValueContainer.java:flushAndSyncDB(386)) - Container 1 is synced with bcsId 6.
2019-10-19 01:16:01,125 [RatisApplyTransactionExecutor 1] INFO  interfaces.Container (KeyValueContainer.java:flushAndSyncDB(386)) - Container 1 is synced with bcsId 6.
2019-10-19 01:16:01,149 [RatisApplyTransactionExecutor 1] INFO  interfaces.Container (KeyValueContainer.java:close(335)) - Container 1 is closed with bcsId 6.
2019-10-19 01:16:01,152 [EventQueue-IncrementalContainerReportForIncrementalContainerReportHandler] WARN  container.IncrementalContainerReportHandler (AbstractContainerReportHandler.java:updateContainerState(145)) - Container #1 is in OPEN state, but the datanode e5f35640-2c6c-4b86-a5ff-33a1451b27ce{ip: 192.168.69.71, host: pr-hdds-2333-vzxj6-995506542, networkLocation: /default-rack, certSerialId: null} reports an CLOSING replica.
2019-10-19 01:16:01,152 [EventQueue-ContainerReportForContainerReportHandler] WARN  container.ContainerReportHandler (AbstractContainerReportHandler.java:updateContainerState(145)) - Container #1 is in OPEN state, but the datanode 3f01402b-307c-4a54-abe6-b677433715ef{ip: 192.168.69.71, host: pr-hdds-2333-vzxj6-995506542, networkLocation: /default-rack, certSerialId: null} reports an CLOSED replica.
2019-10-19 01:16:01,153 [EventQueue-IncrementalContainerReportForIncrementalContainerReportHandler] WARN  container.IncrementalContainerReportHandler (AbstractContainerReportHandler.java:updateContainerState(145)) - Container #1 is in OPEN state, but the datanode 3f01402b-307c-4a54-abe6-b677433715ef{ip: 192.168.69.71, host: pr-hdds-2333-vzxj6-995506542, networkLocation: /default-rack, certSerialId: null} reports an CLOSED replica.
2019-10-19 01:16:01,160 [RatisApplyTransactionExecutor 1] INFO  interfaces.Container (KeyValueContainer.java:flushAndSyncDB(386)) - Container 1 is synced with bcsId 6.
2019-10-19 01:16:01,161 [RatisApplyTransactionExecutor 1] INFO  interfaces.Container (KeyValueContainer.java:flushAndSyncDB(386)) - Container 1 is synced with bcsId 6.
2019-10-19 01:16:01,189 [RatisApplyTransactionExecutor 1] INFO  interfaces.Container (KeyValueContainer.java:close(335)) - Container 1 is closed with bcsId 6.
2019-10-19 01:16:01,191 [EventQueue-IncrementalContainerReportForIncrementalContainerReportHandler] WARN  container.IncrementalContainerReportHandler (AbstractContainerReportHandler.java:updateContainerState(145)) - Container #1 is in OPEN state, but the datanode e5f35640-2c6c-4b86-a5ff-33a1451b27ce{ip: 192.168.69.71, host: pr-hdds-2333-vzxj6-995506542, networkLocation: /default-rack, certSerialId: null} reports an CLOSED replica.
2019-10-19 01:16:01,191 [EventQueue-ContainerReportForContainerReportHandler] WARN  container.ContainerReportHandler (AbstractContainerReportHandler.java:updateContainerState(145)) - Container #1 is in OPEN state, but the datanode e5f35640-2c6c-4b86-a5ff-33a1451b27ce{ip: 192.168.69.71, host: pr-hdds-2333-vzxj6-995506542, networkLocation: /default-rack, certSerialId: null} reports an CLOSED replica.
2019-10-19 01:16:01,292 [BlockDeletingService#2] WARN  background.BlockDeletingService (BlockDeletingService.java:isDeletionAllowed(187)) - Close Container log Index 6 is not replicated across allthe servers in the pipeline 260d8aca-b42b-4def-900d-33d7d707c079 as the min replicated index is 4. Deletion is not allowed in this container yet.
2019-10-19 01:16:01,292 [BlockDeletingService#2] WARN  background.BlockDeletingService (BlockDeletingService.java:isDeletionAllowed(187)) - Close Container log Index 6 is not replicated across allthe servers in the pipeline 260d8aca-b42b-4def-900d-33d7d707c079 as the min replicated index is 4. Deletion is not allowed in this container yet.
2019-10-19 01:16:01,468 [java.util.concurrent.ThreadPoolExecutor$Worker@678808ab[State = -1, empty queue]] WARN  server.GrpcLogAppender (GrpcLogAppender.java:timeoutAppendRequest(209)) - 3f01402b-307c-4a54-abe6-b677433715ef@group-33D7D707C079->8386ee0a-1f3c-47fa-9779-9125ddcf4112-GrpcLogAppender: appendEntries Timeout, request=3f01402b-307c-4a54-abe6-b677433715ef->8386ee0a-1f3c-47fa-9779-9125ddcf4112#22-t4, previous=(t:4, i:8), leaderCommit=8, initializing? false, entries: <empty>
2019-10-19 01:16:01,551 [EventQueue-ContainerReportForContainerReportHandler] WARN  container.ContainerReportHandler (AbstractContainerReportHandler.java:updateContainerState(145)) - Container #1 is in OPEN state, but the datanode 3f01402b-307c-4a54-abe6-b677433715ef{ip: 192.168.69.71, host: pr-hdds-2333-vzxj6-995506542, networkLocation: /default-rack, certSerialId: null} reports an CLOSED replica.
2019-10-19 01:16:01,591 [EventQueue-ContainerReportForContainerReportHandler] WARN  container.ContainerReportHandler (AbstractContainerReportHandler.java:updateContainerState(145)) - Container #1 is in OPEN state, but the datanode e5f35640-2c6c-4b86-a5ff-33a1451b27ce{ip: 192.168.69.71, host: pr-hdds-2333-vzxj6-995506542, networkLocation: /default-rack, certSerialId: null} reports an CLOSED replica.
2019-10-19 01:16:01,751 [EventQueue-ContainerReportForContainerReportHandler] WARN  container.ContainerReportHandler (AbstractContainerReportHandler.java:updateContainerState(145)) - Container #1 is in OPEN state, but the datanode 3f01402b-307c-4a54-abe6-b677433715ef{ip: 192.168.69.71, host: pr-hdds-2333-vzxj6-995506542, networkLocation: /default-rack, certSerialId: null} reports an CLOSED replica.
2019-10-19 01:16:01,991 [EventQueue-ContainerReportForContainerReportHandler] WARN  container.ContainerReportHandler (AbstractContainerReportHandler.java:updateContainerState(145)) - Container #1 is in OPEN state, but the datanode e5f35640-2c6c-4b86-a5ff-33a1451b27ce{ip: 192.168.69.71, host: pr-hdds-2333-vzxj6-995506542, networkLocation: /default-rack, certSerialId: null} reports an CLOSED replica.
2019-10-19 01:16:02,151 [EventQueue-ContainerReportForContainerReportHandler] WARN  container.ContainerReportHandler (AbstractContainerReportHandler.java:updateContainerState(145)) - Container #1 is in OPEN state, but the datanode 3f01402b-307c-4a54-abe6-b677433715ef{ip: 192.168.69.71, host: pr-hdds-2333-vzxj6-995506542, networkLocation: /default-rack, certSerialId: null} reports an CLOSED replica.
2019-10-19 01:16:02,173 [IPC Server handler 0 on 35816] INFO  server.SCMBlockProtocolServer (SCMBlockProtocolServer.java:deleteKeyBlocks(212)) - SCM is informed by OM to delete 1 blocks
2019-10-19 01:16:02,173 [IPC Server handler 0 on 35816] INFO  block.BlockManagerImpl (BlockManagerImpl.java:deleteBlocks(285)) - Deleting blocks conID: 1 locID: 102986398124736512 bcsId: 0
2019-10-19 01:16:02,291 [EventQueue-ContainerReportForContainerReportHandler] WARN  container.ContainerReportHandler (AbstractContainerReportHandler.java:updateContainerState(145)) - Container #1 is in OPEN state, but the datanode e5f35640-2c6c-4b86-a5ff-33a1451b27ce{ip: 192.168.69.71, host: pr-hdds-2333-vzxj6-995506542, networkLocation: /default-rack, certSerialId: null} reports an CLOSED replica.
2019-10-19 01:16:02,295 [BlockDeletingService#2] WARN  background.BlockDeletingService (BlockDeletingService.java:isDeletionAllowed(187)) - Close Container log Index 6 is not replicated across allthe servers in the pipeline 260d8aca-b42b-4def-900d-33d7d707c079 as the min replicated index is 4. Deletion is not allowed in this container yet.
2019-10-19 01:16:02,296 [BlockDeletingService#2] WARN  background.BlockDeletingService (BlockDeletingService.java:isDeletionAllowed(187)) - Close Container log Index 6 is not replicated across allthe servers in the pipeline 260d8aca-b42b-4def-900d-33d7d707c079 as the min replicated index is 4. Deletion is not allowed in this container yet.
2019-10-19 01:16:02,451 [EventQueue-ContainerReportForContainerReportHandler] WARN  container.ContainerReportHandler (AbstractContainerReportHandler.java:updateContainerState(145)) - Container #1 is in OPEN state, but the datanode 3f01402b-307c-4a54-abe6-b677433715ef{ip: 192.168.69.71, host: pr-hdds-2333-vzxj6-995506542, networkLocation: /default-rack, certSerialId: null} reports an CLOSED replica.
2019-10-19 01:16:02,592 [EventQueue-ContainerReportForContainerReportHandler] WARN  container.ContainerReportHandler (AbstractContainerReportHandler.java:updateContainerState(145)) - Container #1 is in OPEN state, but the datanode e5f35640-2c6c-4b86-a5ff-33a1451b27ce{ip: 192.168.69.71, host: pr-hdds-2333-vzxj6-995506542, networkLocation: /default-rack, certSerialId: null} reports an CLOSED replica.
2019-10-19 01:16:02,752 [EventQueue-ContainerReportForContainerReportHandler] WARN  container.ContainerReportHandler (AbstractContainerReportHandler.java:updateContainerState(145)) - Container #1 is in OPEN state, but the datanode 3f01402b-307c-4a54-abe6-b677433715ef{ip: 192.168.69.71, host: pr-hdds-2333-vzxj6-995506542, networkLocation: /default-rack, certSerialId: null} reports an CLOSED replica.
2019-10-19 01:16:02,993 [EventQueue-ContainerReportForContainerReportHandler] WARN  container.ContainerReportHandler (AbstractContainerReportHandler.java:updateContainerState(145)) - Container #1 is in OPEN state, but the datanode e5f35640-2c6c-4b86-a5ff-33a1451b27ce{ip: 192.168.69.71, host: pr-hdds-2333-vzxj6-995506542, networkLocation: /default-rack, certSerialId: null} reports an CLOSED replica.
2019-10-19 01:16:03,053 [EventQueue-ContainerReportForContainerReportHandler] WARN  container.ContainerReportHandler (AbstractContainerReportHandler.java:updateContainerState(145)) - Container #1 is in OPEN state, but the datanode 3f01402b-307c-4a54-abe6-b677433715ef{ip: 192.168.69.71, host: pr-hdds-2333-vzxj6-995506542, networkLocation: /default-rack, certSerialId: null} reports an CLOSED replica.
2019-10-19 01:16:03,293 [EventQueue-ContainerReportForContainerReportHandler] WARN  container.ContainerReportHandler (AbstractContainerReportHandler.java:updateContainerState(145)) - Container #1 is in OPEN state, but the datanode e5f35640-2c6c-4b86-a5ff-33a1451b27ce{ip: 192.168.69.71, host: pr-hdds-2333-vzxj6-995506542, networkLocation: /default-rack, certSerialId: null} reports an CLOSED replica.
2019-10-19 01:16:03,297 [BlockDeletingService#2] WARN  background.BlockDeletingService (BlockDeletingService.java:isDeletionAllowed(187)) - Close Container log Index 6 is not replicated across allthe servers in the pipeline 260d8aca-b42b-4def-900d-33d7d707c079 as the min replicated index is 4. Deletion is not allowed in this container yet.
2019-10-19 01:16:03,297 [BlockDeletingService#2] WARN  background.BlockDeletingService (BlockDeletingService.java:isDeletionAllowed(187)) - Close Container log Index 6 is not replicated across allthe servers in the pipeline 260d8aca-b42b-4def-900d-33d7d707c079 as the min replicated index is 4. Deletion is not allowed in this container yet.
2019-10-19 01:16:03,455 [EventQueue-ContainerReportForContainerReportHandler] WARN  container.ContainerReportHandler (AbstractContainerReportHandler.java:updateContainerState(145)) - Container #1 is in OPEN state, but the datanode 3f01402b-307c-4a54-abe6-b677433715ef{ip: 192.168.69.71, host: pr-hdds-2333-vzxj6-995506542, networkLocation: /default-rack, certSerialId: null} reports an CLOSED replica.
2019-10-19 01:16:03,592 [EventQueue-ContainerReportForContainerReportHandler] WARN  container.ContainerReportHandler (AbstractContainerReportHandler.java:updateContainerState(145)) - Container #1 is in OPEN state, but the datanode e5f35640-2c6c-4b86-a5ff-33a1451b27ce{ip: 192.168.69.71, host: pr-hdds-2333-vzxj6-995506542, networkLocation: /default-rack, certSerialId: null} reports an CLOSED replica.
2019-10-19 01:16:03,654 [EventQueue-ContainerReportForContainerReportHandler] WARN  container.ContainerReportHandler (AbstractContainerReportHandler.java:updateContainerState(145)) - Container #1 is in OPEN state, but the datanode 3f01402b-307c-4a54-abe6-b677433715ef{ip: 192.168.69.71, host: pr-hdds-2333-vzxj6-995506542, networkLocation: /default-rack, certSerialId: null} reports an CLOSED replica.
2019-10-19 01:16:03,792 [EventQueue-ContainerReportForContainerReportHandler] WARN  container.ContainerReportHandler (AbstractContainerReportHandler.java:updateContainerState(145)) - Container #1 is in OPEN state, but the datanode e5f35640-2c6c-4b86-a5ff-33a1451b27ce{ip: 192.168.69.71, host: pr-hdds-2333-vzxj6-995506542, networkLocation: /default-rack, certSerialId: null} reports an CLOSED replica.
2019-10-19 01:16:03,956 [EventQueue-ContainerReportForContainerReportHandler] WARN  container.ContainerReportHandler (AbstractContainerReportHandler.java:updateContainerState(145)) - Container #1 is in OPEN state, but the datanode 3f01402b-307c-4a54-abe6-b677433715ef{ip: 192.168.69.71, host: pr-hdds-2333-vzxj6-995506542, networkLocation: /default-rack, certSerialId: null} reports an CLOSED replica.
2019-10-19 01:16:03,969 [java.util.concurrent.ThreadPoolExecutor$Worker@678808ab[State = -1, empty queue]] WARN  server.GrpcLogAppender (GrpcLogAppender.java:timeoutAppendRequest(209)) - 3f01402b-307c-4a54-abe6-b677433715ef@group-33D7D707C079->8386ee0a-1f3c-47fa-9779-9125ddcf4112-GrpcLogAppender: appendEntries Timeout, request=3f01402b-307c-4a54-abe6-b677433715ef->8386ee0a-1f3c-47fa-9779-9125ddcf4112#23-t4, previous=(t:4, i:8), leaderCommit=8, initializing? false, entries: <empty>
2019-10-19 01:16:04,071 [java.util.concurrent.ThreadPoolExecutor$Worker@678808ab[State = -1, empty queue]] WARN  server.GrpcLogAppender (GrpcLogAppender.java:timeoutAppendRequest(209)) - 3f01402b-307c-4a54-abe6-b677433715ef@group-33D7D707C079->8386ee0a-1f3c-47fa-9779-9125ddcf4112-GrpcLogAppender: appendEntries Timeout, request=3f01402b-307c-4a54-abe6-b677433715ef->8386ee0a-1f3c-47fa-9779-9125ddcf4112#24-t4, previous=(t:4, i:8), leaderCommit=8, initializing? false, entries: size=1, first=(t:4, i:9), STATEMACHINELOGENTRY, client-F3924286AF78, cid=12
2019-10-19 01:16:04,085 [java.util.concurrent.ThreadPoolExecutor$Worker@678808ab[State = -1, empty queue]] WARN  server.GrpcLogAppender (GrpcLogAppender.java:timeoutAppendRequest(209)) - 3f01402b-307c-4a54-abe6-b677433715ef@group-33D7D707C079->8386ee0a-1f3c-47fa-9779-9125ddcf4112-GrpcLogAppender: appendEntries Timeout, request=3f01402b-307c-4a54-abe6-b677433715ef->8386ee0a-1f3c-47fa-9779-9125ddcf4112#25-t4, previous=(t:4, i:9), leaderCommit=9, initializing? false, entries: size=1, first=(t:4, i:10), METADATAENTRY(c9)
2019-10-19 01:16:04,093 [EventQueue-ContainerReportForContainerReportHandler] WARN  container.ContainerReportHandler (AbstractContainerReportHandler.java:updateContainerState(145)) - Container #1 is in OPEN state, but the datanode e5f35640-2c6c-4b86-a5ff-33a1451b27ce{ip: 192.168.69.71, host: pr-hdds-2333-vzxj6-995506542, networkLocation: /default-rack, certSerialId: null} reports an CLOSED replica.
2019-10-19 01:16:04,255 [EventQueue-ContainerReportForContainerReportHandler] WARN  container.ContainerReportHandler (AbstractContainerReportHandler.java:updateContainerState(145)) - Container #1 is in OPEN state, but the datanode 3f01402b-307c-4a54-abe6-b677433715ef{ip: 192.168.69.71, host: pr-hdds-2333-vzxj6-995506542, networkLocation: /default-rack, certSerialId: null} reports an CLOSED replica.
2019-10-19 01:16:04,298 [BlockDeletingService#2] WARN  background.BlockDeletingService (BlockDeletingService.java:isDeletionAllowed(187)) - Close Container log Index 6 is not replicated across allthe servers in the pipeline 260d8aca-b42b-4def-900d-33d7d707c079 as the min replicated index is 4. Deletion is not allowed in this container yet.
2019-10-19 01:16:04,299 [BlockDeletingService#2] WARN  background.BlockDeletingService (BlockDeletingService.java:isDeletionAllowed(187)) - Close Container log Index 6 is not replicated across allthe servers in the pipeline 260d8aca-b42b-4def-900d-33d7d707c079 as the min replicated index is 4. Deletion is not allowed in this container yet.
2019-10-19 01:16:04,393 [EventQueue-ContainerReportForContainerReportHandler] WARN  container.ContainerReportHandler (AbstractContainerReportHandler.java:updateContainerState(145)) - Container #1 is in OPEN state, but the datanode e5f35640-2c6c-4b86-a5ff-33a1451b27ce{ip: 192.168.69.71, host: pr-hdds-2333-vzxj6-995506542, networkLocation: /default-rack, certSerialId: null} reports an CLOSED replica.
2019-10-19 01:16:04,555 [EventQueue-ContainerReportForContainerReportHandler] WARN  container.ContainerReportHandler (AbstractContainerReportHandler.java:updateContainerState(145)) - Container #1 is in OPEN state, but the datanode 3f01402b-307c-4a54-abe6-b677433715ef{ip: 192.168.69.71, host: pr-hdds-2333-vzxj6-995506542, networkLocation: /default-rack, certSerialId: null} reports an CLOSED replica.
2019-10-19 01:16:04,693 [EventQueue-ContainerReportForContainerReportHandler] WARN  container.ContainerReportHandler (AbstractContainerReportHandler.java:updateContainerState(145)) - Container #1 is in OPEN state, but the datanode e5f35640-2c6c-4b86-a5ff-33a1451b27ce{ip: 192.168.69.71, host: pr-hdds-2333-vzxj6-995506542, networkLocation: /default-rack, certSerialId: null} reports an CLOSED replica.
2019-10-19 01:16:04,856 [EventQueue-ContainerReportForContainerReportHandler] WARN  container.ContainerReportHandler (AbstractContainerReportHandler.java:updateContainerState(145)) - Container #1 is in OPEN state, but the datanode 3f01402b-307c-4a54-abe6-b677433715ef{ip: 192.168.69.71, host: pr-hdds-2333-vzxj6-995506542, networkLocation: /default-rack, certSerialId: null} reports an CLOSED replica.
2019-10-19 01:16:04,893 [EventQueue-ContainerReportForContainerReportHandler] WARN  container.ContainerReportHandler (AbstractContainerReportHandler.java:updateContainerState(145)) - Container #1 is in OPEN state, but the datanode e5f35640-2c6c-4b86-a5ff-33a1451b27ce{ip: 192.168.69.71, host: pr-hdds-2333-vzxj6-995506542, networkLocation: /default-rack, certSerialId: null} reports an CLOSED replica.
2019-10-19 01:16:05,055 [EventQueue-ContainerReportForContainerReportHandler] WARN  container.ContainerReportHandler (AbstractContainerReportHandler.java:updateContainerState(145)) - Container #1 is in OPEN state, but the datanode 3f01402b-307c-4a54-abe6-b677433715ef{ip: 192.168.69.71, host: pr-hdds-2333-vzxj6-995506542, networkLocation: /default-rack, certSerialId: null} reports an CLOSED replica.
2019-10-19 01:16:05,194 [EventQueue-ContainerReportForContainerReportHandler] WARN  container.ContainerReportHandler (AbstractContainerReportHandler.java:updateContainerState(145)) - Container #1 is in OPEN state, but the datanode e5f35640-2c6c-4b86-a5ff-33a1451b27ce{ip: 192.168.69.71, host: pr-hdds-2333-vzxj6-995506542, networkLocation: /default-rack, certSerialId: null} reports an CLOSED replica.
2019-10-19 01:16:05,301 [BlockDeletingService#2] WARN  background.BlockDeletingService (BlockDeletingService.java:isDeletionAllowed(187)) - Close Container log Index 6 is not replicated across allthe servers in the pipeline 260d8aca-b42b-4def-900d-33d7d707c079 as the min replicated index is 4. Deletion is not allowed in this container yet.
2019-10-19 01:16:05,301 [BlockDeletingService#2] WARN  background.BlockDeletingService (BlockDeletingService.java:isDeletionAllowed(187)) - Close Container log Index 6 is not replicated across allthe servers in the pipeline 260d8aca-b42b-4def-900d-33d7d707c079 as the min replicated index is 4. Deletion is not allowed in this container yet.
2019-10-19 01:16:05,456 [EventQueue-ContainerReportForContainerReportHandler] WARN  container.ContainerReportHandler (AbstractContainerReportHandler.java:updateContainerState(145)) - Container #1 is in OPEN state, but the datanode 3f01402b-307c-4a54-abe6-b677433715ef{ip: 192.168.69.71, host: pr-hdds-2333-vzxj6-995506542, networkLocation: /default-rack, certSerialId: null} reports an CLOSED replica.
2019-10-19 01:16:05,493 [EventQueue-ContainerReportForContainerReportHandler] WARN  container.ContainerReportHandler (AbstractContainerReportHandler.java:updateContainerState(145)) - Container #1 is in OPEN state, but the datanode e5f35640-2c6c-4b86-a5ff-33a1451b27ce{ip: 192.168.69.71, host: pr-hdds-2333-vzxj6-995506542, networkLocation: /default-rack, certSerialId: null} reports an CLOSED replica.
2019-10-19 01:16:05,694 [EventQueue-ContainerReportForContainerReportHandler] WARN  container.ContainerReportHandler (AbstractContainerReportHandler.java:updateContainerState(145)) - Container #1 is in OPEN state, but the datanode e5f35640-2c6c-4b86-a5ff-33a1451b27ce{ip: 192.168.69.71, host: pr-hdds-2333-vzxj6-995506542, networkLocation: /default-rack, certSerialId: null} reports an CLOSED replica.
2019-10-19 01:16:05,755 [EventQueue-ContainerReportForContainerReportHandler] WARN  container.ContainerReportHandler (AbstractContainerReportHandler.java:updateContainerState(145)) - Container #1 is in OPEN state, but the datanode 3f01402b-307c-4a54-abe6-b677433715ef{ip: 192.168.69.71, host: pr-hdds-2333-vzxj6-995506542, networkLocation: /default-rack, certSerialId: null} reports an CLOSED replica.
2019-10-19 01:16:05,994 [EventQueue-ContainerReportForContainerReportHandler] WARN  container.ContainerReportHandler (AbstractContainerReportHandler.java:updateContainerState(145)) - Container #1 is in OPEN state, but the datanode e5f35640-2c6c-4b86-a5ff-33a1451b27ce{ip: 192.168.69.71, host: pr-hdds-2333-vzxj6-995506542, networkLocation: /default-rack, certSerialId: null} reports an CLOSED replica.
2019-10-19 01:16:06,155 [EventQueue-ContainerReportForContainerReportHandler] WARN  container.ContainerReportHandler (AbstractContainerReportHandler.java:updateContainerState(145)) - Container #1 is in OPEN state, but the datanode 3f01402b-307c-4a54-abe6-b677433715ef{ip: 192.168.69.71, host: pr-hdds-2333-vzxj6-995506542, networkLocation: /default-rack, certSerialId: null} reports an CLOSED replica.
2019-10-19 01:16:06,305 [BlockDeletingService#2] WARN  background.BlockDeletingService (BlockDeletingService.java:isDeletionAllowed(187)) - Close Container log Index 6 is not replicated across allthe servers in the pipeline 260d8aca-b42b-4def-900d-33d7d707c079 as the min replicated index is 4. Deletion is not allowed in this container yet.
2019-10-19 01:16:06,305 [BlockDeletingService#2] WARN  background.BlockDeletingService (BlockDeletingService.java:isDeletionAllowed(187)) - Close Container log Index 6 is not replicated across allthe servers in the pipeline 260d8aca-b42b-4def-900d-33d7d707c079 as the min replicated index is 4. Deletion is not allowed in this container yet.
2019-10-19 01:16:06,393 [EventQueue-ContainerReportForContainerReportHandler] WARN  container.ContainerReportHandler (AbstractContainerReportHandler.java:updateContainerState(145)) - Container #1 is in OPEN state, but the datanode e5f35640-2c6c-4b86-a5ff-33a1451b27ce{ip: 192.168.69.71, host: pr-hdds-2333-vzxj6-995506542, networkLocation: /default-rack, certSerialId: null} reports an CLOSED replica.
2019-10-19 01:16:06,455 [EventQueue-ContainerReportForContainerReportHandler] WARN  container.ContainerReportHandler (AbstractContainerReportHandler.java:updateContainerState(145)) - Container #1 is in OPEN state, but the datanode 3f01402b-307c-4a54-abe6-b677433715ef{ip: 192.168.69.71, host: pr-hdds-2333-vzxj6-995506542, networkLocation: /default-rack, certSerialId: null} reports an CLOSED replica.
2019-10-19 01:16:06,586 [java.util.concurrent.ThreadPoolExecutor$Worker@678808ab[State = -1, empty queue]] WARN  server.GrpcLogAppender (GrpcLogAppender.java:timeoutAppendRequest(209)) - 3f01402b-307c-4a54-abe6-b677433715ef@group-33D7D707C079->8386ee0a-1f3c-47fa-9779-9125ddcf4112-GrpcLogAppender: appendEntries Timeout, request=3f01402b-307c-4a54-abe6-b677433715ef->8386ee0a-1f3c-47fa-9779-9125ddcf4112#26-t4, previous=(t:4, i:10), leaderCommit=10, initializing? false, entries: <empty>
2019-10-19 01:16:06,793 [EventQueue-ContainerReportForContainerReportHandler] WARN  container.ContainerReportHandler (AbstractContainerReportHandler.java:updateContainerState(145)) - Container #1 is in OPEN state, but the datanode e5f35640-2c6c-4b86-a5ff-33a1451b27ce{ip: 192.168.69.71, host: pr-hdds-2333-vzxj6-995506542, networkLocation: /default-rack, certSerialId: null} reports an CLOSED replica.
2019-10-19 01:16:06,855 [EventQueue-ContainerReportForContainerReportHandler] WARN  container.ContainerReportHandler (AbstractContainerReportHandler.java:updateContainerState(145)) - Container #1 is in OPEN state, but the datanode 3f01402b-307c-4a54-abe6-b677433715ef{ip: 192.168.69.71, host: pr-hdds-2333-vzxj6-995506542, networkLocation: /default-rack, certSerialId: null} reports an CLOSED replica.
2019-10-19 01:16:07,193 [EventQueue-ContainerReportForContainerReportHandler] WARN  container.ContainerReportHandler (AbstractContainerReportHandler.java:updateContainerState(145)) - Container #1 is in OPEN state, but the datanode e5f35640-2c6c-4b86-a5ff-33a1451b27ce{ip: 192.168.69.71, host: pr-hdds-2333-vzxj6-995506542, networkLocation: /default-rack, certSerialId: null} reports an CLOSED replica.
2019-10-19 01:16:07,265 [EventQueue-ContainerReportForContainerReportHandler] WARN  container.ContainerReportHandler (AbstractContainerReportHandler.java:updateContainerState(145)) - Container #1 is in OPEN state, but the datanode 3f01402b-307c-4a54-abe6-b677433715ef{ip: 192.168.69.71, host: pr-hdds-2333-vzxj6-995506542, networkLocation: /default-rack, certSerialId: null} reports an CLOSED replica.
2019-10-19 01:16:07,307 [BlockDeletingService#2] WARN  background.BlockDeletingService (BlockDeletingService.java:isDeletionAllowed(187)) - Close Container log Index 6 is not replicated across allthe servers in the pipeline 260d8aca-b42b-4def-900d-33d7d707c079 as the min replicated index is 4. Deletion is not allowed in this container yet.
2019-10-19 01:16:07,307 [BlockDeletingService#2] WARN  background.BlockDeletingService (BlockDeletingService.java:isDeletionAllowed(187)) - Close Container log Index 6 is not replicated across allthe servers in the pipeline 260d8aca-b42b-4def-900d-33d7d707c079 as the min replicated index is 4. Deletion is not allowed in this container yet.
2019-10-19 01:16:07,493 [EventQueue-ContainerReportForContainerReportHandler] WARN  container.ContainerReportHandler (AbstractContainerReportHandler.java:updateContainerState(145)) - Container #1 is in OPEN state, but the datanode e5f35640-2c6c-4b86-a5ff-33a1451b27ce{ip: 192.168.69.71, host: pr-hdds-2333-vzxj6-995506542, networkLocation: /default-rack, certSerialId: null} reports an CLOSED replica.
2019-10-19 01:16:07,556 [EventQueue-ContainerReportForContainerReportHandler] WARN  container.ContainerReportHandler (AbstractContainerReportHandler.java:updateContainerState(145)) - Container #1 is in OPEN state, but the datanode 3f01402b-307c-4a54-abe6-b677433715ef{ip: 192.168.69.71, host: pr-hdds-2333-vzxj6-995506542, networkLocation: /default-rack, certSerialId: null} reports an CLOSED replica.
2019-10-19 01:16:07,895 [EventQueue-ContainerReportForContainerReportHandler] WARN  container.ContainerReportHandler (AbstractContainerReportHandler.java:updateContainerState(145)) - Container #1 is in OPEN state, but the datanode e5f35640-2c6c-4b86-a5ff-33a1451b27ce{ip: 192.168.69.71, host: pr-hdds-2333-vzxj6-995506542, networkLocation: /default-rack, certSerialId: null} reports an CLOSED replica.
2019-10-19 01:16:07,956 [EventQueue-ContainerReportForContainerReportHandler] WARN  container.ContainerReportHandler (AbstractContainerReportHandler.java:updateContainerState(145)) - Container #1 is in OPEN state, but the datanode 3f01402b-307c-4a54-abe6-b677433715ef{ip: 192.168.69.71, host: pr-hdds-2333-vzxj6-995506542, networkLocation: /default-rack, certSerialId: null} reports an CLOSED replica.
2019-10-19 01:16:08,073 [Thread-360] INFO  client.GrpcClientProtocolService (GrpcClientProtocolService.java:lambda$processClientRequest$0(278)) - Failed RaftClientRequest:client-0C21EF03FE8D->e5f35640-2c6c-4b86-a5ff-33a1451b27ce@group-33D7D707C079, cid=10, seq=0, Watch-ALL_COMMITTED(6), Message:<EMPTY>, reply=RaftClientReply:client-0C21EF03FE8D->e5f35640-2c6c-4b86-a5ff-33a1451b27ce@group-33D7D707C079, cid=10, FAILED org.apache.ratis.protocol.NotLeaderException: Server e5f35640-2c6c-4b86-a5ff-33a1451b27ce@group-33D7D707C079 is not the leader 3f01402b-307c-4a54-abe6-b677433715ef:192.168.69.71:42588, logIndex=0, commits[e5f35640-2c6c-4b86-a5ff-33a1451b27ce:c10, 3f01402b-307c-4a54-abe6-b677433715ef:c10, 8386ee0a-1f3c-47fa-9779-9125ddcf4112:c4]
2019-10-19 01:16:08,095 [EventQueue-ContainerReportForContainerReportHandler] WARN  container.ContainerReportHandler (AbstractContainerReportHandler.java:updateContainerState(145)) - Container #1 is in OPEN state, but the datanode e5f35640-2c6c-4b86-a5ff-33a1451b27ce{ip: 192.168.69.71, host: pr-hdds-2333-vzxj6-995506542, networkLocation: /default-rack, certSerialId: null} reports an CLOSED replica.
2019-10-19 01:16:08,156 [EventQueue-ContainerReportForContainerReportHandler] WARN  container.ContainerReportHandler (AbstractContainerReportHandler.java:updateContainerState(145)) - Container #1 is in OPEN state, but the datanode 3f01402b-307c-4a54-abe6-b677433715ef{ip: 192.168.69.71, host: pr-hdds-2333-vzxj6-995506542, networkLocation: /default-rack, certSerialId: null} reports an CLOSED replica.
2019-10-19 01:16:08,309 [BlockDeletingService#2] WARN  background.BlockDeletingService (BlockDeletingService.java:isDeletionAllowed(187)) - Close Container log Index 6 is not replicated across allthe servers in the pipeline 260d8aca-b42b-4def-900d-33d7d707c079 as the min replicated index is 4. Deletion is not allowed in this container yet.
2019-10-19 01:16:08,309 [BlockDeletingService#2] WARN  background.BlockDeletingService (BlockDeletingService.java:isDeletionAllowed(187)) - Close Container log Index 6 is not replicated across allthe servers in the pipeline 260d8aca-b42b-4def-900d-33d7d707c079 as the min replicated index is 4. Deletion is not allowed in this container yet.
2019-10-19 01:16:08,395 [EventQueue-ContainerReportForContainerReportHandler] WARN  container.ContainerReportHandler (AbstractContainerReportHandler.java:updateContainerState(145)) - Container #1 is in OPEN state, but the datanode e5f35640-2c6c-4b86-a5ff-33a1451b27ce{ip: 192.168.69.71, host: pr-hdds-2333-vzxj6-995506542, networkLocation: /default-rack, certSerialId: null} reports an CLOSED replica.
2019-10-19 01:16:08,456 [EventQueue-ContainerReportForContainerReportHandler] WARN  container.ContainerReportHandler (AbstractContainerReportHandler.java:updateContainerState(145)) - Container #1 is in OPEN state, but the datanode 3f01402b-307c-4a54-abe6-b677433715ef{ip: 192.168.69.71, host: pr-hdds-2333-vzxj6-995506542, networkLocation: /default-rack, certSerialId: null} reports an CLOSED replica.
2019-10-19 01:16:08,595 [EventQueue-ContainerReportForContainerReportHandler] WARN  container.ContainerReportHandler (AbstractContainerReportHandler.java:updateContainerState(145)) - Container #1 is in OPEN state, but the datanode e5f35640-2c6c-4b86-a5ff-33a1451b27ce{ip: 192.168.69.71, host: pr-hdds-2333-vzxj6-995506542, networkLocation: /default-rack, certSerialId: null} reports an CLOSED replica.
2019-10-19 01:16:08,656 [EventQueue-ContainerReportForContainerReportHandler] WARN  container.ContainerReportHandler (AbstractContainerReportHandler.java:updateContainerState(145)) - Container #1 is in OPEN state, but the datanode 3f01402b-307c-4a54-abe6-b677433715ef{ip: 192.168.69.71, host: pr-hdds-2333-vzxj6-995506542, networkLocation: /default-rack, certSerialId: null} reports an CLOSED replica.
2019-10-19 01:16:08,795 [EventQueue-ContainerReportForContainerReportHandler] WARN  container.ContainerReportHandler (AbstractContainerReportHandler.java:updateContainerState(145)) - Container #1 is in OPEN state, but the datanode e5f35640-2c6c-4b86-a5ff-33a1451b27ce{ip: 192.168.69.71, host: pr-hdds-2333-vzxj6-995506542, networkLocation: /default-rack, certSerialId: null} reports an CLOSED replica.
2019-10-19 01:16:08,957 [EventQueue-ContainerReportForContainerReportHandler] WARN  container.ContainerReportHandler (AbstractContainerReportHandler.java:updateContainerState(145)) - Container #1 is in OPEN state, but the datanode 3f01402b-307c-4a54-abe6-b677433715ef{ip: 192.168.69.71, host: pr-hdds-2333-vzxj6-995506542, networkLocation: /default-rack, certSerialId: null} reports an CLOSED replica.
2019-10-19 01:16:08,996 [EventQueue-ContainerReportForContainerReportHandler] WARN  container.ContainerReportHandler (AbstractContainerReportHandler.java:updateContainerState(145)) - Container #1 is in OPEN state, but the datanode e5f35640-2c6c-4b86-a5ff-33a1451b27ce{ip: 192.168.69.71, host: pr-hdds-2333-vzxj6-995506542, networkLocation: /default-rack, certSerialId: null} reports an CLOSED replica.
2019-10-19 01:16:09,088 [java.util.concurrent.ThreadPoolExecutor$Worker@678808ab[State = -1, empty queue]] WARN  server.GrpcLogAppender (GrpcLogAppender.java:timeoutAppendRequest(209)) - 3f01402b-307c-4a54-abe6-b677433715ef@group-33D7D707C079->8386ee0a-1f3c-47fa-9779-9125ddcf4112-GrpcLogAppender: appendEntries Timeout, request=3f01402b-307c-4a54-abe6-b677433715ef->8386ee0a-1f3c-47fa-9779-9125ddcf4112#27-t4, previous=(t:4, i:10), leaderCommit=10, initializing? false, entries: <empty>
2019-10-19 01:16:09,313 [BlockDeletingService#2] WARN  background.BlockDeletingService (BlockDeletingService.java:isDeletionAllowed(187)) - Close Container log Index 6 is not replicated across allthe servers in the pipeline 260d8aca-b42b-4def-900d-33d7d707c079 as the min replicated index is 4. Deletion is not allowed in this container yet.
2019-10-19 01:16:09,313 [BlockDeletingService#2] WARN  background.BlockDeletingService (BlockDeletingService.java:isDeletionAllowed(187)) - Close Container log Index 6 is not replicated across allthe servers in the pipeline 260d8aca-b42b-4def-900d-33d7d707c079 as the min replicated index is 4. Deletion is not allowed in this container yet.
2019-10-19 01:16:09,357 [EventQueue-ContainerReportForContainerReportHandler] WARN  container.ContainerReportHandler (AbstractContainerReportHandler.java:updateContainerState(145)) - Container #1 is in OPEN state, but the datanode 3f01402b-307c-4a54-abe6-b677433715ef{ip: 192.168.69.71, host: pr-hdds-2333-vzxj6-995506542, networkLocation: /default-rack, certSerialId: null} reports an CLOSED replica.
2019-10-19 01:16:09,396 [EventQueue-ContainerReportForContainerReportHandler] WARN  container.ContainerReportHandler (AbstractContainerReportHandler.java:updateContainerState(145)) - Container #1 is in OPEN state, but the datanode e5f35640-2c6c-4b86-a5ff-33a1451b27ce{ip: 192.168.69.71, host: pr-hdds-2333-vzxj6-995506542, networkLocation: /default-rack, certSerialId: null} reports an CLOSED replica.
2019-10-19 01:16:09,657 [EventQueue-ContainerReportForContainerReportHandler] WARN  container.ContainerReportHandler (AbstractContainerReportHandler.java:updateContainerState(145)) - Container #1 is in OPEN state, but the datanode 3f01402b-307c-4a54-abe6-b677433715ef{ip: 192.168.69.71, host: pr-hdds-2333-vzxj6-995506542, networkLocation: /default-rack, certSerialId: null} reports an CLOSED replica.
2019-10-19 01:16:09,697 [EventQueue-ContainerReportForContainerReportHandler] WARN  container.ContainerReportHandler (AbstractContainerReportHandler.java:updateContainerState(145)) - Container #1 is in OPEN state, but the datanode e5f35640-2c6c-4b86-a5ff-33a1451b27ce{ip: 192.168.69.71, host: pr-hdds-2333-vzxj6-995506542, networkLocation: /default-rack, certSerialId: null} reports an CLOSED replica.
2019-10-19 01:16:09,884 [Thread-368] INFO  client.GrpcClientProtocolService (GrpcClientProtocolService.java:lambda$processClientRequest$0(278)) - Failed RaftClientRequest:client-0C21EF03FE8D->3f01402b-307c-4a54-abe6-b677433715ef@group-33D7D707C079, cid=10, seq=0, Watch-ALL_COMMITTED(6), Message:<EMPTY>, reply=RaftClientReply:client-0C21EF03FE8D->3f01402b-307c-4a54-abe6-b677433715ef@group-33D7D707C079, cid=10, FAILED org.apache.ratis.protocol.NotReplicatedException: Request with call Id 10 and log index 6 is not yet replicated to ALL_COMMITTED, logIndex=6, commits[3f01402b-307c-4a54-abe6-b677433715ef:c10, 8386ee0a-1f3c-47fa-9779-9125ddcf4112:c4, e5f35640-2c6c-4b86-a5ff-33a1451b27ce:c10]
2019-10-19 01:16:09,957 [EventQueue-ContainerReportForContainerReportHandler] WARN  container.ContainerReportHandler (AbstractContainerReportHandler.java:updateContainerState(145)) - Container #1 is in OPEN state, but the datanode 3f01402b-307c-4a54-abe6-b677433715ef{ip: 192.168.69.71, host: pr-hdds-2333-vzxj6-995506542, networkLocation: /default-rack, certSerialId: null} reports an CLOSED replica.
2019-10-19 01:16:10,096 [EventQueue-ContainerReportForContainerReportHandler] WARN  container.ContainerReportHandler (AbstractContainerReportHandler.java:updateContainerState(145)) - Container #1 is in OPEN state, but the datanode e5f35640-2c6c-4b86-a5ff-33a1451b27ce{ip: 192.168.69.71, host: pr-hdds-2333-vzxj6-995506542, networkLocation: /default-rack, certSerialId: null} reports an CLOSED replica.
2019-10-19 01:16:10,317 [BlockDeletingService#2] WARN  background.BlockDeletingService (BlockDeletingService.java:isDeletionAllowed(187)) - Close Container log Index 6 is not replicated across allthe servers in the pipeline 260d8aca-b42b-4def-900d-33d7d707c079 as the min replicated index is 4. Deletion is not allowed in this container yet.
2019-10-19 01:16:10,317 [BlockDeletingService#2] WARN  background.BlockDeletingService (BlockDeletingService.java:isDeletionAllowed(187)) - Close Container log Index 6 is not replicated across allthe servers in the pipeline 260d8aca-b42b-4def-900d-33d7d707c079 as the min replicated index is 4. Deletion is not allowed in this container yet.
2019-10-19 01:16:10,358 [EventQueue-ContainerReportForContainerReportHandler] WARN  container.ContainerReportHandler (AbstractContainerReportHandler.java:updateContainerState(145)) - Container #1 is in OPEN state, but the datanode 3f01402b-307c-4a54-abe6-b677433715ef{ip: 192.168.69.71, host: pr-hdds-2333-vzxj6-995506542, networkLocation: /default-rack, certSerialId: null} reports an CLOSED replica.
2019-10-19 01:16:10,396 [EventQueue-ContainerReportForContainerReportHandler] WARN  container.ContainerReportHandler (AbstractContainerReportHandler.java:updateContainerState(145)) - Container #1 is in OPEN state, but the datanode e5f35640-2c6c-4b86-a5ff-33a1451b27ce{ip: 192.168.69.71, host: pr-hdds-2333-vzxj6-995506542, networkLocation: /default-rack, certSerialId: null} reports an CLOSED replica.
2019-10-19 01:16:10,658 [EventQueue-ContainerReportForContainerReportHandler] WARN  container.ContainerReportHandler (AbstractContainerReportHandler.java:updateContainerState(145)) - Container #1 is in OPEN state, but the datanode 3f01402b-307c-4a54-abe6-b677433715ef{ip: 192.168.69.71, host: pr-hdds-2333-vzxj6-995506542, networkLocation: /default-rack, certSerialId: null} reports an CLOSED replica.
2019-10-19 01:16:10,696 [EventQueue-ContainerReportForContainerReportHandler] WARN  container.ContainerReportHandler (AbstractContainerReportHandler.java:updateContainerState(145)) - Container #1 is in OPEN state, but the datanode e5f35640-2c6c-4b86-a5ff-33a1451b27ce{ip: 192.168.69.71, host: pr-hdds-2333-vzxj6-995506542, networkLocation: /default-rack, certSerialId: null} reports an CLOSED replica.
2019-10-19 01:16:10,996 [EventQueue-ContainerReportForContainerReportHandler] WARN  container.ContainerReportHandler (AbstractContainerReportHandler.java:updateContainerState(145)) - Container #1 is in OPEN state, but the datanode e5f35640-2c6c-4b86-a5ff-33a1451b27ce{ip: 192.168.69.71, host: pr-hdds-2333-vzxj6-995506542, networkLocation: /default-rack, certSerialId: null} reports an CLOSED replica.
2019-10-19 01:16:11,059 [EventQueue-ContainerReportForContainerReportHandler] WARN  container.ContainerReportHandler (AbstractContainerReportHandler.java:updateContainerState(145)) - Container #1 is in OPEN state, but the datanode 3f01402b-307c-4a54-abe6-b677433715ef{ip: 192.168.69.71, host: pr-hdds-2333-vzxj6-995506542, networkLocation: /default-rack, certSerialId: null} reports an CLOSED replica.
2019-10-19 01:16:11,196 [EventQueue-ContainerReportForContainerReportHandler] WARN  container.ContainerReportHandler (AbstractContainerReportHandler.java:updateContainerState(145)) - Container #1 is in OPEN state, but the datanode e5f35640-2c6c-4b86-a5ff-33a1451b27ce{ip: 192.168.69.71, host: pr-hdds-2333-vzxj6-995506542, networkLocation: /default-rack, certSerialId: null} reports an CLOSED replica.
2019-10-19 01:16:11,321 [BlockDeletingService#2] WARN  background.BlockDeletingService (BlockDeletingService.java:isDeletionAllowed(187)) - Close Container log Index 6 is not replicated across allthe servers in the pipeline 260d8aca-b42b-4def-900d-33d7d707c079 as the min replicated index is 4. Deletion is not allowed in this container yet.
2019-10-19 01:16:11,321 [BlockDeletingService#2] WARN  background.BlockDeletingService (BlockDeletingService.java:isDeletionAllowed(187)) - Close Container log Index 6 is not replicated across allthe servers in the pipeline 260d8aca-b42b-4def-900d-33d7d707c079 as the min replicated index is 4. Deletion is not allowed in this container yet.
2019-10-19 01:16:11,358 [EventQueue-ContainerReportForContainerReportHandler] WARN  container.ContainerReportHandler (AbstractContainerReportHandler.java:updateContainerState(145)) - Container #1 is in OPEN state, but the datanode 3f01402b-307c-4a54-abe6-b677433715ef{ip: 192.168.69.71, host: pr-hdds-2333-vzxj6-995506542, networkLocation: /default-rack, certSerialId: null} reports an CLOSED replica.
2019-10-19 01:16:11,590 [java.util.concurrent.ThreadPoolExecutor$Worker@678808ab[State = -1, empty queue]] WARN  server.GrpcLogAppender (GrpcLogAppender.java:timeoutAppendRequest(209)) - 3f01402b-307c-4a54-abe6-b677433715ef@group-33D7D707C079->8386ee0a-1f3c-47fa-9779-9125ddcf4112-GrpcLogAppender: appendEntries Timeout, request=3f01402b-307c-4a54-abe6-b677433715ef->8386ee0a-1f3c-47fa-9779-9125ddcf4112#28-t4, previous=(t:4, i:10), leaderCommit=10, initializing? false, entries: <empty>
2019-10-19 01:16:11,596 [EventQueue-ContainerReportForContainerReportHandler] WARN  container.ContainerReportHandler (AbstractContainerReportHandler.java:updateContainerState(145)) - Container #1 is in OPEN state, but the datanode e5f35640-2c6c-4b86-a5ff-33a1451b27ce{ip: 192.168.69.71, host: pr-hdds-2333-vzxj6-995506542, networkLocation: /default-rack, certSerialId: null} reports an CLOSED replica.
2019-10-19 01:16:11,758 [EventQueue-ContainerReportForContainerReportHandler] WARN  container.ContainerReportHandler (AbstractContainerReportHandler.java:updateContainerState(145)) - Container #1 is in OPEN state, but the datanode 3f01402b-307c-4a54-abe6-b677433715ef{ip: 192.168.69.71, host: pr-hdds-2333-vzxj6-995506542, networkLocation: /default-rack, certSerialId: null} reports an CLOSED replica.
2019-10-19 01:16:11,796 [EventQueue-ContainerReportForContainerReportHandler] WARN  container.ContainerReportHandler (AbstractContainerReportHandler.java:updateContainerState(145)) - Container #1 is in OPEN state, but the datanode e5f35640-2c6c-4b86-a5ff-33a1451b27ce{ip: 192.168.69.71, host: pr-hdds-2333-vzxj6-995506542, networkLocation: /default-rack, certSerialId: null} reports an CLOSED replica.
2019-10-19 01:16:12,058 [EventQueue-ContainerReportForContainerReportHandler] WARN  container.ContainerReportHandler (AbstractContainerReportHandler.java:updateContainerState(145)) - Container #1 is in OPEN state, but the datanode 3f01402b-307c-4a54-abe6-b677433715ef{ip: 192.168.69.71, host: pr-hdds-2333-vzxj6-995506542, networkLocation: /default-rack, certSerialId: null} reports an CLOSED replica.
2019-10-19 01:16:12,198 [EventQueue-ContainerReportForContainerReportHandler] WARN  container.ContainerReportHandler (AbstractContainerReportHandler.java:updateContainerState(145)) - Container #1 is in OPEN state, but the datanode e5f35640-2c6c-4b86-a5ff-33a1451b27ce{ip: 192.168.69.71, host: pr-hdds-2333-vzxj6-995506542, networkLocation: /default-rack, certSerialId: null} reports an CLOSED replica.
2019-10-19 01:16:12,322 [BlockDeletingService#2] WARN  background.BlockDeletingService (BlockDeletingService.java:isDeletionAllowed(187)) - Close Container log Index 6 is not replicated across allthe servers in the pipeline 260d8aca-b42b-4def-900d-33d7d707c079 as the min replicated index is 4. Deletion is not allowed in this container yet.
2019-10-19 01:16:12,322 [BlockDeletingService#2] WARN  background.BlockDeletingService (BlockDeletingService.java:isDeletionAllowed(187)) - Close Container log Index 6 is not replicated across allthe servers in the pipeline 260d8aca-b42b-4def-900d-33d7d707c079 as the min replicated index is 4. Deletion is not allowed in this container yet.
2019-10-19 01:16:12,399 [EventQueue-ContainerReportForContainerReportHandler] WARN  container.ContainerReportHandler (AbstractContainerReportHandler.java:updateContainerState(145)) - Container #1 is in OPEN state, but the datanode e5f35640-2c6c-4b86-a5ff-33a1451b27ce{ip: 192.168.69.71, host: pr-hdds-2333-vzxj6-995506542, networkLocation: /default-rack, certSerialId: null} reports an CLOSED replica.
2019-10-19 01:16:12,459 [EventQueue-ContainerReportForContainerReportHandler] WARN  container.ContainerReportHandler (AbstractContainerReportHandler.java:updateContainerState(145)) - Container #1 is in OPEN state, but the datanode 3f01402b-307c-4a54-abe6-b677433715ef{ip: 192.168.69.71, host: pr-hdds-2333-vzxj6-995506542, networkLocation: /default-rack, certSerialId: null} reports an CLOSED replica.
2019-10-19 01:16:12,598 [EventQueue-ContainerReportForContainerReportHandler] WARN  container.ContainerReportHandler (AbstractContainerReportHandler.java:updateContainerState(145)) - Container #1 is in OPEN state, but the datanode e5f35640-2c6c-4b86-a5ff-33a1451b27ce{ip: 192.168.69.71, host: pr-hdds-2333-vzxj6-995506542, networkLocation: /default-rack, certSerialId: null} reports an CLOSED replica.
2019-10-19 01:16:12,658 [EventQueue-ContainerReportForContainerReportHandler] WARN  container.ContainerReportHandler (AbstractContainerReportHandler.java:updateContainerState(145)) - Container #1 is in OPEN state, but the datanode 3f01402b-307c-4a54-abe6-b677433715ef{ip: 192.168.69.71, host: pr-hdds-2333-vzxj6-995506542, networkLocation: /default-rack, certSerialId: null} reports an CLOSED replica.
2019-10-19 01:16:12,898 [EventQueue-ContainerReportForContainerReportHandler] WARN  container.ContainerReportHandler (AbstractContainerReportHandler.java:updateContainerState(145)) - Container #1 is in OPEN state, but the datanode e5f35640-2c6c-4b86-a5ff-33a1451b27ce{ip: 192.168.69.71, host: pr-hdds-2333-vzxj6-995506542, networkLocation: /default-rack, certSerialId: null} reports an CLOSED replica.
2019-10-19 01:16:12,958 [EventQueue-ContainerReportForContainerReportHandler] WARN  container.ContainerReportHandler (AbstractContainerReportHandler.java:updateContainerState(145)) - Container #1 is in OPEN state, but the datanode 3f01402b-307c-4a54-abe6-b677433715ef{ip: 192.168.69.71, host: pr-hdds-2333-vzxj6-995506542, networkLocation: /default-rack, certSerialId: null} reports an CLOSED replica.
2019-10-19 01:16:13,258 [EventQueue-ContainerReportForContainerReportHandler] WARN  container.ContainerReportHandler (AbstractContainerReportHandler.java:updateContainerState(145)) - Container #1 is in OPEN state, but the datanode 3f01402b-307c-4a54-abe6-b677433715ef{ip: 192.168.69.71, host: pr-hdds-2333-vzxj6-995506542, networkLocation: /default-rack, certSerialId: null} reports an CLOSED replica.
2019-10-19 01:16:13,298 [EventQueue-ContainerReportForContainerReportHandler] WARN  container.ContainerReportHandler (AbstractContainerReportHandler.java:updateContainerState(145)) - Container #1 is in OPEN state, but the datanode e5f35640-2c6c-4b86-a5ff-33a1451b27ce{ip: 192.168.69.71, host: pr-hdds-2333-vzxj6-995506542, networkLocation: /default-rack, certSerialId: null} reports an CLOSED replica.
2019-10-19 01:16:13,324 [BlockDeletingService#2] WARN  background.BlockDeletingService (BlockDeletingService.java:isDeletionAllowed(187)) - Close Container log Index 6 is not replicated across allthe servers in the pipeline 260d8aca-b42b-4def-900d-33d7d707c079 as the min replicated index is 4. Deletion is not allowed in this container yet.
2019-10-19 01:16:13,324 [BlockDeletingService#2] WARN  background.BlockDeletingService (BlockDeletingService.java:isDeletionAllowed(187)) - Close Container log Index 6 is not replicated across allthe servers in the pipeline 260d8aca-b42b-4def-900d-33d7d707c079 as the min replicated index is 4. Deletion is not allowed in this container yet.
2019-10-19 01:16:13,558 [EventQueue-ContainerReportForContainerReportHandler] WARN  container.ContainerReportHandler (AbstractContainerReportHandler.java:updateContainerState(145)) - Container #1 is in OPEN state, but the datanode 3f01402b-307c-4a54-abe6-b677433715ef{ip: 192.168.69.71, host: pr-hdds-2333-vzxj6-995506542, networkLocation: /default-rack, certSerialId: null} reports an CLOSED replica.
2019-10-19 01:16:13,599 [EventQueue-ContainerReportForContainerReportHandler] WARN  container.ContainerReportHandler (AbstractContainerReportHandler.java:updateContainerState(145)) - Container #1 is in OPEN state, but the datanode e5f35640-2c6c-4b86-a5ff-33a1451b27ce{ip: 192.168.69.71, host: pr-hdds-2333-vzxj6-995506542, networkLocation: /default-rack, certSerialId: null} reports an CLOSED replica.
2019-10-19 01:16:13,858 [EventQueue-ContainerReportForContainerReportHandler] WARN  container.ContainerReportHandler (AbstractContainerReportHandler.java:updateContainerState(145)) - Container #1 is in OPEN state, but the datanode 3f01402b-307c-4a54-abe6-b677433715ef{ip: 192.168.69.71, host: pr-hdds-2333-vzxj6-995506542, networkLocation: /default-rack, certSerialId: null} reports an CLOSED replica.
2019-10-19 01:16:13,899 [EventQueue-ContainerReportForContainerReportHandler] WARN  container.ContainerReportHandler (AbstractContainerReportHandler.java:updateContainerState(145)) - Container #1 is in OPEN state, but the datanode e5f35640-2c6c-4b86-a5ff-33a1451b27ce{ip: 192.168.69.71, host: pr-hdds-2333-vzxj6-995506542, networkLocation: /default-rack, certSerialId: null} reports an CLOSED replica.
2019-10-19 01:16:14,091 [java.util.concurrent.ThreadPoolExecutor$Worker@678808ab[State = -1, empty queue]] WARN  server.GrpcLogAppender (GrpcLogAppender.java:timeoutAppendRequest(209)) - 3f01402b-307c-4a54-abe6-b677433715ef@group-33D7D707C079->8386ee0a-1f3c-47fa-9779-9125ddcf4112-GrpcLogAppender: appendEntries Timeout, request=3f01402b-307c-4a54-abe6-b677433715ef->8386ee0a-1f3c-47fa-9779-9125ddcf4112#29-t4, previous=(t:4, i:10), leaderCommit=10, initializing? false, entries: <empty>
2019-10-19 01:16:14,158 [EventQueue-ContainerReportForContainerReportHandler] WARN  container.ContainerReportHandler (AbstractContainerReportHandler.java:updateContainerState(145)) - Container #1 is in OPEN state, but the datanode 3f01402b-307c-4a54-abe6-b677433715ef{ip: 192.168.69.71, host: pr-hdds-2333-vzxj6-995506542, networkLocation: /default-rack, certSerialId: null} reports an CLOSED replica.
2019-10-19 01:16:14,200 [EventQueue-ContainerReportForContainerReportHandler] WARN  container.ContainerReportHandler (AbstractContainerReportHandler.java:updateContainerState(145)) - Container #1 is in OPEN state, but the datanode e5f35640-2c6c-4b86-a5ff-33a1451b27ce{ip: 192.168.69.71, host: pr-hdds-2333-vzxj6-995506542, networkLocation: /default-rack, certSerialId: null} reports an CLOSED replica.
2019-10-19 01:16:14,326 [BlockDeletingService#2] WARN  background.BlockDeletingService (BlockDeletingService.java:isDeletionAllowed(187)) - Close Container log Index 6 is not replicated across allthe servers in the pipeline 260d8aca-b42b-4def-900d-33d7d707c079 as the min replicated index is 4. Deletion is not allowed in this container yet.
2019-10-19 01:16:14,326 [BlockDeletingService#2] WARN  background.BlockDeletingService (BlockDeletingService.java:isDeletionAllowed(187)) - Close Container log Index 6 is not replicated across allthe servers in the pipeline 260d8aca-b42b-4def-900d-33d7d707c079 as the min replicated index is 4. Deletion is not allowed in this container yet.
2019-10-19 01:16:14,458 [EventQueue-ContainerReportForContainerReportHandler] WARN  container.ContainerReportHandler (AbstractContainerReportHandler.java:updateContainerState(145)) - Container #1 is in OPEN state, but the datanode 3f01402b-307c-4a54-abe6-b677433715ef{ip: 192.168.69.71, host: pr-hdds-2333-vzxj6-995506542, networkLocation: /default-rack, certSerialId: null} reports an CLOSED replica.
2019-10-19 01:16:14,601 [EventQueue-ContainerReportForContainerReportHandler] WARN  container.ContainerReportHandler (AbstractContainerReportHandler.java:updateContainerState(145)) - Container #1 is in OPEN state, but the datanode e5f35640-2c6c-4b86-a5ff-33a1451b27ce{ip: 192.168.69.71, host: pr-hdds-2333-vzxj6-995506542, networkLocation: /default-rack, certSerialId: null} reports an CLOSED replica.
2019-10-19 01:16:14,858 [EventQueue-ContainerReportForContainerReportHandler] WARN  container.ContainerReportHandler (AbstractContainerReportHandler.java:updateContainerState(145)) - Container #1 is in OPEN state, but the datanode 3f01402b-307c-4a54-abe6-b677433715ef{ip: 192.168.69.71, host: pr-hdds-2333-vzxj6-995506542, networkLocation: /default-rack, certSerialId: null} reports an CLOSED replica.
2019-10-19 01:16:14,903 [EventQueue-ContainerReportForContainerReportHandler] WARN  container.ContainerReportHandler (AbstractContainerReportHandler.java:updateContainerState(145)) - Container #1 is in OPEN state, but the datanode e5f35640-2c6c-4b86-a5ff-33a1451b27ce{ip: 192.168.69.71, host: pr-hdds-2333-vzxj6-995506542, networkLocation: /default-rack, certSerialId: null} reports an CLOSED replica.
2019-10-19 01:16:15,162 [EventQueue-ContainerReportForContainerReportHandler] WARN  container.ContainerReportHandler (AbstractContainerReportHandler.java:updateContainerState(145)) - Container #1 is in OPEN state, but the datanode 3f01402b-307c-4a54-abe6-b677433715ef{ip: 192.168.69.71, host: pr-hdds-2333-vzxj6-995506542, networkLocation: /default-rack, certSerialId: null} reports an CLOSED replica.
2019-10-19 01:16:15,203 [EventQueue-ContainerReportForContainerReportHandler] WARN  container.ContainerReportHandler (AbstractContainerReportHandler.java:updateContainerState(145)) - Container #1 is in OPEN state, but the datanode e5f35640-2c6c-4b86-a5ff-33a1451b27ce{ip: 192.168.69.71, host: pr-hdds-2333-vzxj6-995506542, networkLocation: /default-rack, certSerialId: null} reports an CLOSED replica.
2019-10-19 01:16:15,328 [BlockDeletingService#2] WARN  background.BlockDeletingService (BlockDeletingService.java:isDeletionAllowed(187)) - Close Container log Index 6 is not replicated across allthe servers in the pipeline 260d8aca-b42b-4def-900d-33d7d707c079 as the min replicated index is 4. Deletion is not allowed in this container yet.
2019-10-19 01:16:15,328 [BlockDeletingService#2] WARN  background.BlockDeletingService (BlockDeletingService.java:isDeletionAllowed(187)) - Close Container log Index 6 is not replicated across allthe servers in the pipeline 260d8aca-b42b-4def-900d-33d7d707c079 as the min replicated index is 4. Deletion is not allowed in this container yet.
2019-10-19 01:16:15,502 [EventQueue-ContainerReportForContainerReportHandler] WARN  container.ContainerReportHandler (AbstractContainerReportHandler.java:updateContainerState(145)) - Container #1 is in OPEN state, but the datanode e5f35640-2c6c-4b86-a5ff-33a1451b27ce{ip: 192.168.69.71, host: pr-hdds-2333-vzxj6-995506542, networkLocation: /default-rack, certSerialId: null} reports an CLOSED replica.
2019-10-19 01:16:15,563 [EventQueue-ContainerReportForContainerReportHandler] WARN  container.ContainerReportHandler (AbstractContainerReportHandler.java:updateContainerState(145)) - Container #1 is in OPEN state, but the datanode 3f01402b-307c-4a54-abe6-b677433715ef{ip: 192.168.69.71, host: pr-hdds-2333-vzxj6-995506542, networkLocation: /default-rack, certSerialId: null} reports an CLOSED replica.
2019-10-19 01:16:15,702 [EventQueue-ContainerReportForContainerReportHandler] WARN  container.ContainerReportHandler (AbstractContainerReportHandler.java:updateContainerState(145)) - Container #1 is in OPEN state, but the datanode e5f35640-2c6c-4b86-a5ff-33a1451b27ce{ip: 192.168.69.71, host: pr-hdds-2333-vzxj6-995506542, networkLocation: /default-rack, certSerialId: null} reports an CLOSED replica.
2019-10-19 01:16:15,862 [EventQueue-ContainerReportForContainerReportHandler] WARN  container.ContainerReportHandler (AbstractContainerReportHandler.java:updateContainerState(145)) - Container #1 is in OPEN state, but the datanode 3f01402b-307c-4a54-abe6-b677433715ef{ip: 192.168.69.71, host: pr-hdds-2333-vzxj6-995506542, networkLocation: /default-rack, certSerialId: null} reports an CLOSED replica.
2019-10-19 01:16:16,102 [EventQueue-ContainerReportForContainerReportHandler] WARN  container.ContainerReportHandler (AbstractContainerReportHandler.java:updateContainerState(145)) - Container #1 is in OPEN state, but the datanode e5f35640-2c6c-4b86-a5ff-33a1451b27ce{ip: 192.168.69.71, host: pr-hdds-2333-vzxj6-995506542, networkLocation: /default-rack, certSerialId: null} reports an CLOSED replica.
2019-10-19 01:16:16,262 [EventQueue-ContainerReportForContainerReportHandler] WARN  container.ContainerReportHandler (AbstractContainerReportHandler.java:updateContainerState(145)) - Container #1 is in OPEN state, but the datanode 3f01402b-307c-4a54-abe6-b677433715ef{ip: 192.168.69.71, host: pr-hdds-2333-vzxj6-995506542, networkLocation: /default-rack, certSerialId: null} reports an CLOSED replica.
2019-10-19 01:16:16,329 [BlockDeletingService#2] WARN  background.BlockDeletingService (BlockDeletingService.java:isDeletionAllowed(187)) - Close Container log Index 6 is not replicated across allthe servers in the pipeline 260d8aca-b42b-4def-900d-33d7d707c079 as the min replicated index is 4. Deletion is not allowed in this container yet.
2019-10-19 01:16:16,330 [BlockDeletingService#2] WARN  background.BlockDeletingService (BlockDeletingService.java:isDeletionAllowed(187)) - Close Container log Index 6 is not replicated across allthe servers in the pipeline 260d8aca-b42b-4def-900d-33d7d707c079 as the min replicated index is 4. Deletion is not allowed in this container yet.
2019-10-19 01:16:16,503 [EventQueue-ContainerReportForContainerReportHandler] WARN  container.ContainerReportHandler (AbstractContainerReportHandler.java:updateContainerState(145)) - Container #1 is in OPEN state, but the datanode e5f35640-2c6c-4b86-a5ff-33a1451b27ce{ip: 192.168.69.71, host: pr-hdds-2333-vzxj6-995506542, networkLocation: /default-rack, certSerialId: null} reports an CLOSED replica.
2019-10-19 01:16:16,592 [java.util.concurrent.ThreadPoolExecutor$Worker@678808ab[State = -1, empty queue]] WARN  server.GrpcLogAppender (GrpcLogAppender.java:timeoutAppendRequest(209)) - 3f01402b-307c-4a54-abe6-b677433715ef@group-33D7D707C079->8386ee0a-1f3c-47fa-9779-9125ddcf4112-GrpcLogAppender: appendEntries Timeout, request=3f01402b-307c-4a54-abe6-b677433715ef->8386ee0a-1f3c-47fa-9779-9125ddcf4112#30-t4, previous=(t:4, i:10), leaderCommit=10, initializing? false, entries: <empty>
2019-10-19 01:16:16,662 [EventQueue-ContainerReportForContainerReportHandler] WARN  container.ContainerReportHandler (AbstractContainerReportHandler.java:updateContainerState(145)) - Container #1 is in OPEN state, but the datanode 3f01402b-307c-4a54-abe6-b677433715ef{ip: 192.168.69.71, host: pr-hdds-2333-vzxj6-995506542, networkLocation: /default-rack, certSerialId: null} reports an CLOSED replica.
2019-10-19 01:16:16,703 [EventQueue-ContainerReportForContainerReportHandler] WARN  container.ContainerReportHandler (AbstractContainerReportHandler.java:updateContainerState(145)) - Container #1 is in OPEN state, but the datanode e5f35640-2c6c-4b86-a5ff-33a1451b27ce{ip: 192.168.69.71, host: pr-hdds-2333-vzxj6-995506542, networkLocation: /default-rack, certSerialId: null} reports an CLOSED replica.
2019-10-19 01:16:16,962 [EventQueue-ContainerReportForContainerReportHandler] WARN  container.ContainerReportHandler (AbstractContainerReportHandler.java:updateContainerState(145)) - Container #1 is in OPEN state, but the datanode 3f01402b-307c-4a54-abe6-b677433715ef{ip: 192.168.69.71, host: pr-hdds-2333-vzxj6-995506542, networkLocation: /default-rack, certSerialId: null} reports an CLOSED replica.
2019-10-19 01:16:17,003 [EventQueue-ContainerReportForContainerReportHandler] WARN  container.ContainerReportHandler (AbstractContainerReportHandler.java:updateContainerState(145)) - Container #1 is in OPEN state, but the datanode e5f35640-2c6c-4b86-a5ff-33a1451b27ce{ip: 192.168.69.71, host: pr-hdds-2333-vzxj6-995506542, networkLocation: /default-rack, certSerialId: null} reports an CLOSED replica.
2019-10-19 01:16:17,203 [EventQueue-ContainerReportForContainerReportHandler] WARN  container.ContainerReportHandler (AbstractContainerReportHandler.java:updateContainerState(145)) - Container #1 is in OPEN state, but the datanode e5f35640-2c6c-4b86-a5ff-33a1451b27ce{ip: 192.168.69.71, host: pr-hdds-2333-vzxj6-995506542, networkLocation: /default-rack, certSerialId: null} reports an CLOSED replica.
2019-10-19 01:16:17,262 [EventQueue-ContainerReportForContainerReportHandler] WARN  container.ContainerReportHandler (AbstractContainerReportHandler.java:updateContainerState(145)) - Container #1 is in OPEN state, but the datanode 3f01402b-307c-4a54-abe6-b677433715ef{ip: 192.168.69.71, host: pr-hdds-2333-vzxj6-995506542, networkLocation: /default-rack, certSerialId: null} reports an CLOSED replica.
2019-10-19 01:16:17,331 [BlockDeletingService#2] WARN  background.BlockDeletingService (BlockDeletingService.java:isDeletionAllowed(187)) - Close Container log Index 6 is not replicated across allthe servers in the pipeline 260d8aca-b42b-4def-900d-33d7d707c079 as the min replicated index is 4. Deletion is not allowed in this container yet.
2019-10-19 01:16:17,331 [BlockDeletingService#2] WARN  background.BlockDeletingService (BlockDeletingService.java:isDeletionAllowed(187)) - Close Container log Index 6 is not replicated across allthe servers in the pipeline 260d8aca-b42b-4def-900d-33d7d707c079 as the min replicated index is 4. Deletion is not allowed in this container yet.
2019-10-19 01:16:17,404 [EventQueue-ContainerReportForContainerReportHandler] WARN  container.ContainerReportHandler (AbstractContainerReportHandler.java:updateContainerState(145)) - Container #1 is in OPEN state, but the datanode e5f35640-2c6c-4b86-a5ff-33a1451b27ce{ip: 192.168.69.71, host: pr-hdds-2333-vzxj6-995506542, networkLocation: /default-rack, certSerialId: null} reports an CLOSED replica.
2019-10-19 01:16:17,562 [EventQueue-ContainerReportForContainerReportHandler] WARN  container.ContainerReportHandler (AbstractContainerReportHandler.java:updateContainerState(145)) - Container #1 is in OPEN state, but the datanode 3f01402b-307c-4a54-abe6-b677433715ef{ip: 192.168.69.71, host: pr-hdds-2333-vzxj6-995506542, networkLocation: /default-rack, certSerialId: null} reports an CLOSED replica.
2019-10-19 01:16:17,805 [EventQueue-ContainerReportForContainerReportHandler] WARN  container.ContainerReportHandler (AbstractContainerReportHandler.java:updateContainerState(145)) - Container #1 is in OPEN state, but the datanode e5f35640-2c6c-4b86-a5ff-33a1451b27ce{ip: 192.168.69.71, host: pr-hdds-2333-vzxj6-995506542, networkLocation: /default-rack, certSerialId: null} reports an CLOSED replica.
2019-10-19 01:16:17,963 [EventQueue-ContainerReportForContainerReportHandler] WARN  container.ContainerReportHandler (AbstractContainerReportHandler.java:updateContainerState(145)) - Container #1 is in OPEN state, but the datanode 3f01402b-307c-4a54-abe6-b677433715ef{ip: 192.168.69.71, host: pr-hdds-2333-vzxj6-995506542, networkLocation: /default-rack, certSerialId: null} reports an CLOSED replica.
2019-10-19 01:16:18,107 [EventQueue-ContainerReportForContainerReportHandler] WARN  container.ContainerReportHandler (AbstractContainerReportHandler.java:updateContainerState(145)) - Container #1 is in OPEN state, but the datanode e5f35640-2c6c-4b86-a5ff-33a1451b27ce{ip: 192.168.69.71, host: pr-hdds-2333-vzxj6-995506542, networkLocation: /default-rack, certSerialId: null} reports an CLOSED replica.
2019-10-19 01:16:18,332 [BlockDeletingService#2] WARN  background.BlockDeletingService (BlockDeletingService.java:isDeletionAllowed(187)) - Close Container log Index 6 is not replicated across allthe servers in the pipeline 260d8aca-b42b-4def-900d-33d7d707c079 as the min replicated index is 4. Deletion is not allowed in this container yet.
2019-10-19 01:16:18,332 [BlockDeletingService#2] WARN  background.BlockDeletingService (BlockDeletingService.java:isDeletionAllowed(187)) - Close Container log Index 6 is not replicated across allthe servers in the pipeline 260d8aca-b42b-4def-900d-33d7d707c079 as the min replicated index is 4. Deletion is not allowed in this container yet.
2019-10-19 01:16:18,362 [EventQueue-ContainerReportForContainerReportHandler] WARN  container.ContainerReportHandler (AbstractContainerReportHandler.java:updateContainerState(145)) - Container #1 is in OPEN state, but the datanode 3f01402b-307c-4a54-abe6-b677433715ef{ip: 192.168.69.71, host: pr-hdds-2333-vzxj6-995506542, networkLocation: /default-rack, certSerialId: null} reports an CLOSED replica.
2019-10-19 01:16:18,508 [EventQueue-ContainerReportForContainerReportHandler] WARN  container.ContainerReportHandler (AbstractContainerReportHandler.java:updateContainerState(145)) - Container #1 is in OPEN state, but the datanode e5f35640-2c6c-4b86-a5ff-33a1451b27ce{ip: 192.168.69.71, host: pr-hdds-2333-vzxj6-995506542, networkLocation: /default-rack, certSerialId: null} reports an CLOSED replica.
2019-10-19 01:16:18,662 [EventQueue-ContainerReportForContainerReportHandler] WARN  container.ContainerReportHandler (AbstractContainerReportHandler.java:updateContainerState(145)) - Container #1 is in OPEN state, but the datanode 3f01402b-307c-4a54-abe6-b677433715ef{ip: 192.168.69.71, host: pr-hdds-2333-vzxj6-995506542, networkLocation: /default-rack, certSerialId: null} reports an CLOSED replica.
2019-10-19 01:16:18,884 [Thread-395] INFO  client.GrpcClientProtocolService (GrpcClientProtocolService.java:lambda$processClientRequest$0(278)) - Failed RaftClientRequest:client-0C21EF03FE8D->3f01402b-307c-4a54-abe6-b677433715ef@group-33D7D707C079, cid=10, seq=0, Watch-ALL_COMMITTED(6), Message:<EMPTY>, reply=RaftClientReply:client-0C21EF03FE8D->3f01402b-307c-4a54-abe6-b677433715ef@group-33D7D707C079, cid=10, FAILED org.apache.ratis.protocol.NotReplicatedException: Request with call Id 10 and log index 6 is not yet replicated to ALL_COMMITTED, logIndex=6, commits[3f01402b-307c-4a54-abe6-b677433715ef:c10, 8386ee0a-1f3c-47fa-9779-9125ddcf4112:c4, e5f35640-2c6c-4b86-a5ff-33a1451b27ce:c10]
2019-10-19 01:16:18,910 [EventQueue-ContainerReportForContainerReportHandler] WARN  container.ContainerReportHandler (AbstractContainerReportHandler.java:updateContainerState(145)) - Container #1 is in OPEN state, but the datanode e5f35640-2c6c-4b86-a5ff-33a1451b27ce{ip: 192.168.69.71, host: pr-hdds-2333-vzxj6-995506542, networkLocation: /default-rack, certSerialId: null} reports an CLOSED replica.
2019-10-19 01:16:19,065 [EventQueue-ContainerReportForContainerReportHandler] WARN  container.ContainerReportHandler (AbstractContainerReportHandler.java:updateContainerState(145)) - Container #1 is in OPEN state, but the datanode 3f01402b-307c-4a54-abe6-b677433715ef{ip: 192.168.69.71, host: pr-hdds-2333-vzxj6-995506542, networkLocation: /default-rack, certSerialId: null} reports an CLOSED replica.
2019-10-19 01:16:19,094 [java.util.concurrent.ThreadPoolExecutor$Worker@678808ab[State = -1, empty queue]] WARN  server.GrpcLogAppender (GrpcLogAppender.java:timeoutAppendRequest(209)) - 3f01402b-307c-4a54-abe6-b677433715ef@group-33D7D707C079->8386ee0a-1f3c-47fa-9779-9125ddcf4112-GrpcLogAppender: appendEntries Timeout, request=3f01402b-307c-4a54-abe6-b677433715ef->8386ee0a-1f3c-47fa-9779-9125ddcf4112#31-t4, previous=(t:4, i:10), leaderCommit=10, initializing? false, entries: <empty>
2019-10-19 01:16:19,211 [EventQueue-ContainerReportForContainerReportHandler] WARN  container.ContainerReportHandler (AbstractContainerReportHandler.java:updateContainerState(145)) - Container #1 is in OPEN state, but the datanode e5f35640-2c6c-4b86-a5ff-33a1451b27ce{ip: 192.168.69.71, host: pr-hdds-2333-vzxj6-995506542, networkLocation: /default-rack, certSerialId: null} reports an CLOSED replica.
2019-10-19 01:16:19,334 [BlockDeletingService#2] WARN  background.BlockDeletingService (BlockDeletingService.java:isDeletionAllowed(187)) - Close Container log Index 6 is not replicated across allthe servers in the pipeline 260d8aca-b42b-4def-900d-33d7d707c079 as the min replicated index is 4. Deletion is not allowed in this container yet.
2019-10-19 01:16:19,334 [BlockDeletingService#2] WARN  background.BlockDeletingService (BlockDeletingService.java:isDeletionAllowed(187)) - Close Container log Index 6 is not replicated across allthe servers in the pipeline 260d8aca-b42b-4def-900d-33d7d707c079 as the min replicated index is 4. Deletion is not allowed in this container yet.
2019-10-19 01:16:19,362 [EventQueue-ContainerReportForContainerReportHandler] WARN  container.ContainerReportHandler (AbstractContainerReportHandler.java:updateContainerState(145)) - Container #1 is in OPEN state, but the datanode 3f01402b-307c-4a54-abe6-b677433715ef{ip: 192.168.69.71, host: pr-hdds-2333-vzxj6-995506542, networkLocation: /default-rack, certSerialId: null} reports an CLOSED replica.
2019-10-19 01:16:19,412 [EventQueue-ContainerReportForContainerReportHandler] WARN  container.ContainerReportHandler (AbstractContainerReportHandler.java:updateContainerState(145)) - Container #1 is in OPEN state, but the datanode e5f35640-2c6c-4b86-a5ff-33a1451b27ce{ip: 192.168.69.71, host: pr-hdds-2333-vzxj6-995506542, networkLocation: /default-rack, certSerialId: null} reports an CLOSED replica.
2019-10-19 01:16:19,562 [EventQueue-ContainerReportForContainerReportHandler] WARN  container.ContainerReportHandler (AbstractContainerReportHandler.java:updateContainerState(145)) - Container #1 is in OPEN state, but the datanode 3f01402b-307c-4a54-abe6-b677433715ef{ip: 192.168.69.71, host: pr-hdds-2333-vzxj6-995506542, networkLocation: /default-rack, certSerialId: null} reports an CLOSED replica.
2019-10-19 01:16:19,763 [EventQueue-ContainerReportForContainerReportHandler] WARN  container.ContainerReportHandler (AbstractContainerReportHandler.java:updateContainerState(145)) - Container #1 is in OPEN state, but the datanode 3f01402b-307c-4a54-abe6-b677433715ef{ip: 192.168.69.71, host: pr-hdds-2333-vzxj6-995506542, networkLocation: /default-rack, certSerialId: null} reports an CLOSED replica.
2019-10-19 01:16:19,812 [EventQueue-ContainerReportForContainerReportHandler] WARN  container.ContainerReportHandler (AbstractContainerReportHandler.java:updateContainerState(145)) - Container #1 is in OPEN state, but the datanode e5f35640-2c6c-4b86-a5ff-33a1451b27ce{ip: 192.168.69.71, host: pr-hdds-2333-vzxj6-995506542, networkLocation: /default-rack, certSerialId: null} reports an CLOSED replica.
2019-10-19 01:16:20,113 [EventQueue-ContainerReportForContainerReportHandler] WARN  container.ContainerReportHandler (AbstractContainerReportHandler.java:updateContainerState(145)) - Container #1 is in OPEN state, but the datanode e5f35640-2c6c-4b86-a5ff-33a1451b27ce{ip: 192.168.69.71, host: pr-hdds-2333-vzxj6-995506542, networkLocation: /default-rack, certSerialId: null} reports an CLOSED replica.
2019-10-19 01:16:20,165 [EventQueue-ContainerReportForContainerReportHandler] WARN  container.ContainerReportHandler (AbstractContainerReportHandler.java:updateContainerState(145)) - Container #1 is in OPEN state, but the datanode 3f01402b-307c-4a54-abe6-b677433715ef{ip: 192.168.69.71, host: pr-hdds-2333-vzxj6-995506542, networkLocation: /default-rack, certSerialId: null} reports an CLOSED replica.
2019-10-19 01:16:20,335 [BlockDeletingService#2] WARN  background.BlockDeletingService (BlockDeletingService.java:isDeletionAllowed(187)) - Close Container log Index 6 is not replicated across allthe servers in the pipeline 260d8aca-b42b-4def-900d-33d7d707c079 as the min replicated index is 4. Deletion is not allowed in this container yet.
2019-10-19 01:16:20,336 [BlockDeletingService#2] WARN  background.BlockDeletingService (BlockDeletingService.java:isDeletionAllowed(187)) - Close Container log Index 6 is not replicated across allthe servers in the pipeline 260d8aca-b42b-4def-900d-33d7d707c079 as the min replicated index is 4. Deletion is not allowed in this container yet.
2019-10-19 01:16:20,413 [EventQueue-ContainerReportForContainerReportHandler] WARN  container.ContainerReportHandler (AbstractContainerReportHandler.java:updateContainerState(145)) - Container #1 is in OPEN state, but the datanode e5f35640-2c6c-4b86-a5ff-33a1451b27ce{ip: 192.168.69.71, host: pr-hdds-2333-vzxj6-995506542, networkLocation: /default-rack, certSerialId: null} reports an CLOSED replica.
2019-10-19 01:16:20,463 [EventQueue-ContainerReportForContainerReportHandler] WARN  container.ContainerReportHandler (AbstractContainerReportHandler.java:updateContainerState(145)) - Container #1 is in OPEN state, but the datanode 3f01402b-307c-4a54-abe6-b677433715ef{ip: 192.168.69.71, host: pr-hdds-2333-vzxj6-995506542, networkLocation: /default-rack, certSerialId: null} reports an CLOSED replica.
2019-10-19 01:16:20,713 [EventQueue-ContainerReportForContainerReportHandler] WARN  container.ContainerReportHandler (AbstractContainerReportHandler.java:updateContainerState(145)) - Container #1 is in OPEN state, but the datanode e5f35640-2c6c-4b86-a5ff-33a1451b27ce{ip: 192.168.69.71, host: pr-hdds-2333-vzxj6-995506542, networkLocation: /default-rack, certSerialId: null} reports an CLOSED replica.
2019-10-19 01:16:20,863 [EventQueue-ContainerReportForContainerReportHandler] WARN  container.ContainerReportHandler (AbstractContainerReportHandler.java:updateContainerState(145)) - Container #1 is in OPEN state, but the datanode 3f01402b-307c-4a54-abe6-b677433715ef{ip: 192.168.69.71, host: pr-hdds-2333-vzxj6-995506542, networkLocation: /default-rack, certSerialId: null} reports an CLOSED replica.
2019-10-19 01:16:20,913 [EventQueue-ContainerReportForContainerReportHandler] WARN  container.ContainerReportHandler (AbstractContainerReportHandler.java:updateContainerState(145)) - Container #1 is in OPEN state, but the datanode e5f35640-2c6c-4b86-a5ff-33a1451b27ce{ip: 192.168.69.71, host: pr-hdds-2333-vzxj6-995506542, networkLocation: /default-rack, certSerialId: null} reports an CLOSED replica.
2019-10-19 01:16:21,063 [EventQueue-ContainerReportForContainerReportHandler] WARN  container.ContainerReportHandler (AbstractContainerReportHandler.java:updateContainerState(145)) - Container #1 is in OPEN state, but the datanode 3f01402b-307c-4a54-abe6-b677433715ef{ip: 192.168.69.71, host: pr-hdds-2333-vzxj6-995506542, networkLocation: /default-rack, certSerialId: null} reports an CLOSED replica.
2019-10-19 01:16:21,314 [EventQueue-ContainerReportForContainerReportHandler] WARN  container.ContainerReportHandler (AbstractContainerReportHandler.java:updateContainerState(145)) - Container #1 is in OPEN state, but the datanode e5f35640-2c6c-4b86-a5ff-33a1451b27ce{ip: 192.168.69.71, host: pr-hdds-2333-vzxj6-995506542, networkLocation: /default-rack, certSerialId: null} reports an CLOSED replica.
2019-10-19 01:16:21,337 [BlockDeletingService#2] WARN  background.BlockDeletingService (BlockDeletingService.java:isDeletionAllowed(187)) - Close Container log Index 6 is not replicated across allthe servers in the pipeline 260d8aca-b42b-4def-900d-33d7d707c079 as the min replicated index is 4. Deletion is not allowed in this container yet.
2019-10-19 01:16:21,337 [BlockDeletingService#2] WARN  background.BlockDeletingService (BlockDeletingService.java:isDeletionAllowed(187)) - Close Container log Index 6 is not replicated across allthe servers in the pipeline 260d8aca-b42b-4def-900d-33d7d707c079 as the min replicated index is 4. Deletion is not allowed in this container yet.
2019-10-19 01:16:21,363 [EventQueue-ContainerReportForContainerReportHandler] WARN  container.ContainerReportHandler (AbstractContainerReportHandler.java:updateContainerState(145)) - Container #1 is in OPEN state, but the datanode 3f01402b-307c-4a54-abe6-b677433715ef{ip: 192.168.69.71, host: pr-hdds-2333-vzxj6-995506542, networkLocation: /default-rack, certSerialId: null} reports an CLOSED replica.
2019-10-19 01:16:21,595 [java.util.concurrent.ThreadPoolExecutor$Worker@678808ab[State = -1, empty queue]] WARN  server.GrpcLogAppender (GrpcLogAppender.java:timeoutAppendRequest(209)) - 3f01402b-307c-4a54-abe6-b677433715ef@group-33D7D707C079->8386ee0a-1f3c-47fa-9779-9125ddcf4112-GrpcLogAppender: appendEntries Timeout, request=3f01402b-307c-4a54-abe6-b677433715ef->8386ee0a-1f3c-47fa-9779-9125ddcf4112#32-t4, previous=(t:4, i:10), leaderCommit=10, initializing? false, entries: <empty>
2019-10-19 01:16:21,614 [EventQueue-ContainerReportForContainerReportHandler] WARN  container.ContainerReportHandler (AbstractContainerReportHandler.java:updateContainerState(145)) - Container #1 is in OPEN state, but the datanode e5f35640-2c6c-4b86-a5ff-33a1451b27ce{ip: 192.168.69.71, host: pr-hdds-2333-vzxj6-995506542, networkLocation: /default-rack, certSerialId: null} reports an CLOSED replica.
2019-10-19 01:16:21,763 [EventQueue-ContainerReportForContainerReportHandler] WARN  container.ContainerReportHandler (AbstractContainerReportHandler.java:updateContainerState(145)) - Container #1 is in OPEN state, but the datanode 3f01402b-307c-4a54-abe6-b677433715ef{ip: 192.168.69.71, host: pr-hdds-2333-vzxj6-995506542, networkLocation: /default-rack, certSerialId: null} reports an CLOSED replica.
2019-10-19 01:16:21,814 [EventQueue-ContainerReportForContainerReportHandler] WARN  container.ContainerReportHandler (AbstractContainerReportHandler.java:updateContainerState(145)) - Container #1 is in OPEN state, but the datanode e5f35640-2c6c-4b86-a5ff-33a1451b27ce{ip: 192.168.69.71, host: pr-hdds-2333-vzxj6-995506542, networkLocation: /default-rack, certSerialId: null} reports an CLOSED replica.
2019-10-19 01:16:22,064 [EventQueue-ContainerReportForContainerReportHandler] WARN  container.ContainerReportHandler (AbstractContainerReportHandler.java:updateContainerState(145)) - Container #1 is in OPEN state, but the datanode 3f01402b-307c-4a54-abe6-b677433715ef{ip: 192.168.69.71, host: pr-hdds-2333-vzxj6-995506542, networkLocation: /default-rack, certSerialId: null} reports an CLOSED replica.
2019-10-19 01:16:22,116 [EventQueue-ContainerReportForContainerReportHandler] WARN  container.ContainerReportHandler (AbstractContainerReportHandler.java:updateContainerState(145)) - Container #1 is in OPEN state, but the datanode e5f35640-2c6c-4b86-a5ff-33a1451b27ce{ip: 192.168.69.71, host: pr-hdds-2333-vzxj6-995506542, networkLocation: /default-rack, certSerialId: null} reports an CLOSED replica.
2019-10-19 01:16:22,375 [EventQueue-ContainerReportForContainerReportHandler] WARN  container.ContainerReportHandler (AbstractContainerReportHandler.java:updateContainerState(145)) - Container #1 is in OPEN state, but the datanode 3f01402b-307c-4a54-abe6-b677433715ef{ip: 192.168.69.71, host: pr-hdds-2333-vzxj6-995506542, networkLocation: /default-rack, certSerialId: null} reports an CLOSED replica.
2019-10-19 01:16:22,375 [BlockDeletingService#2] WARN  background.BlockDeletingService (BlockDeletingService.java:isDeletionAllowed(187)) - Close Container log Index 6 is not replicated across allthe servers in the pipeline 260d8aca-b42b-4def-900d-33d7d707c079 as the min replicated index is 4. Deletion is not allowed in this container yet.
2019-10-19 01:16:22,375 [BlockDeletingService#2] WARN  background.BlockDeletingService (BlockDeletingService.java:isDeletionAllowed(187)) - Close Container log Index 6 is not replicated across allthe servers in the pipeline 260d8aca-b42b-4def-900d-33d7d707c079 as the min replicated index is 4. Deletion is not allowed in this container yet.
2019-10-19 01:16:22,414 [EventQueue-ContainerReportForContainerReportHandler] WARN  container.ContainerReportHandler (AbstractContainerReportHandler.java:updateContainerState(145)) - Container #1 is in OPEN state, but the datanode e5f35640-2c6c-4b86-a5ff-33a1451b27ce{ip: 192.168.69.71, host: pr-hdds-2333-vzxj6-995506542, networkLocation: /default-rack, certSerialId: null} reports an CLOSED replica.
2019-10-19 01:16:22,663 [EventQueue-ContainerReportForContainerReportHandler] WARN  container.ContainerReportHandler (AbstractContainerReportHandler.java:updateContainerState(145)) - Container #1 is in OPEN state, but the datanode 3f01402b-307c-4a54-abe6-b677433715ef{ip: 192.168.69.71, host: pr-hdds-2333-vzxj6-995506542, networkLocation: /default-rack, certSerialId: null} reports an CLOSED replica.
2019-10-19 01:16:22,714 [EventQueue-ContainerReportForContainerReportHandler] WARN  container.ContainerReportHandler (AbstractContainerReportHandler.java:updateContainerState(145)) - Container #1 is in OPEN state, but the datanode e5f35640-2c6c-4b86-a5ff-33a1451b27ce{ip: 192.168.69.71, host: pr-hdds-2333-vzxj6-995506542, networkLocation: /default-rack, certSerialId: null} reports an CLOSED replica.
2019-10-19 01:16:22,863 [EventQueue-ContainerReportForContainerReportHandler] WARN  container.ContainerReportHandler (AbstractContainerReportHandler.java:updateContainerState(145)) - Container #1 is in OPEN state, but the datanode 3f01402b-307c-4a54-abe6-b677433715ef{ip: 192.168.69.71, host: pr-hdds-2333-vzxj6-995506542, networkLocation: /default-rack, certSerialId: null} reports an CLOSED replica.
2019-10-19 01:16:23,015 [EventQueue-ContainerReportForContainerReportHandler] WARN  container.ContainerReportHandler (AbstractContainerReportHandler.java:updateContainerState(145)) - Container #1 is in OPEN state, but the datanode e5f35640-2c6c-4b86-a5ff-33a1451b27ce{ip: 192.168.69.71, host: pr-hdds-2333-vzxj6-995506542, networkLocation: /default-rack, certSerialId: null} reports an CLOSED replica.
2019-10-19 01:16:23,263 [EventQueue-ContainerReportForContainerReportHandler] WARN  container.ContainerReportHandler (AbstractContainerReportHandler.java:updateContainerState(145)) - Container #1 is in OPEN state, but the datanode 3f01402b-307c-4a54-abe6-b677433715ef{ip: 192.168.69.71, host: pr-hdds-2333-vzxj6-995506542, networkLocation: /default-rack, certSerialId: null} reports an CLOSED replica.
2019-10-19 01:16:23,377 [BlockDeletingService#2] WARN  background.BlockDeletingService (BlockDeletingService.java:isDeletionAllowed(187)) - Close Container log Index 6 is not replicated across allthe servers in the pipeline 260d8aca-b42b-4def-900d-33d7d707c079 as the min replicated index is 4. Deletion is not allowed in this container yet.
2019-10-19 01:16:23,377 [BlockDeletingService#2] WARN  background.BlockDeletingService (BlockDeletingService.java:isDeletionAllowed(187)) - Close Container log Index 6 is not replicated across allthe servers in the pipeline 260d8aca-b42b-4def-900d-33d7d707c079 as the min replicated index is 4. Deletion is not allowed in this container yet.
2019-10-19 01:16:23,415 [EventQueue-ContainerReportForContainerReportHandler] WARN  container.ContainerReportHandler (AbstractContainerReportHandler.java:updateContainerState(145)) - Container #1 is in OPEN state, but the datanode e5f35640-2c6c-4b86-a5ff-33a1451b27ce{ip: 192.168.69.71, host: pr-hdds-2333-vzxj6-995506542, networkLocation: /default-rack, certSerialId: null} reports an CLOSED replica.
2019-10-19 01:16:23,464 [EventQueue-ContainerReportForContainerReportHandler] WARN  container.ContainerReportHandler (AbstractContainerReportHandler.java:updateContainerState(145)) - Container #1 is in OPEN state, but the datanode 3f01402b-307c-4a54-abe6-b677433715ef{ip: 192.168.69.71, host: pr-hdds-2333-vzxj6-995506542, networkLocation: /default-rack, certSerialId: null} reports an CLOSED replica.
2019-10-19 01:16:23,716 [EventQueue-ContainerReportForContainerReportHandler] WARN  container.ContainerReportHandler (AbstractContainerReportHandler.java:updateContainerState(145)) - Container #1 is in OPEN state, but the datanode e5f35640-2c6c-4b86-a5ff-33a1451b27ce{ip: 192.168.69.71, host: pr-hdds-2333-vzxj6-995506542, networkLocation: /default-rack, certSerialId: null} reports an CLOSED replica.
2019-10-19 01:16:23,765 [EventQueue-ContainerReportForContainerReportHandler] WARN  container.ContainerReportHandler (AbstractContainerReportHandler.java:updateContainerState(145)) - Container #1 is in OPEN state, but the datanode 3f01402b-307c-4a54-abe6-b677433715ef{ip: 192.168.69.71, host: pr-hdds-2333-vzxj6-995506542, networkLocation: /default-rack, certSerialId: null} reports an CLOSED replica.
2019-10-19 01:16:23,916 [EventQueue-ContainerReportForContainerReportHandler] WARN  container.ContainerReportHandler (AbstractContainerReportHandler.java:updateContainerState(145)) - Container #1 is in OPEN state, but the datanode e5f35640-2c6c-4b86-a5ff-33a1451b27ce{ip: 192.168.69.71, host: pr-hdds-2333-vzxj6-995506542, networkLocation: /default-rack, certSerialId: null} reports an CLOSED replica.
2019-10-19 01:16:24,096 [java.util.concurrent.ThreadPoolExecutor$Worker@678808ab[State = -1, empty queue]] WARN  server.GrpcLogAppender (GrpcLogAppender.java:timeoutAppendRequest(209)) - 3f01402b-307c-4a54-abe6-b677433715ef@group-33D7D707C079->8386ee0a-1f3c-47fa-9779-9125ddcf4112-GrpcLogAppender: appendEntries Timeout, request=3f01402b-307c-4a54-abe6-b677433715ef->8386ee0a-1f3c-47fa-9779-9125ddcf4112#33-t4, previous=(t:4, i:10), leaderCommit=10, initializing? false, entries: <empty>
2019-10-19 01:16:24,165 [EventQueue-ContainerReportForContainerReportHandler] WARN  container.ContainerReportHandler (AbstractContainerReportHandler.java:updateContainerState(145)) - Container #1 is in OPEN state, but the datanode 3f01402b-307c-4a54-abe6-b677433715ef{ip: 192.168.69.71, host: pr-hdds-2333-vzxj6-995506542, networkLocation: /default-rack, certSerialId: null} reports an CLOSED replica.
2019-10-19 01:16:24,315 [EventQueue-ContainerReportForContainerReportHandler] WARN  container.ContainerReportHandler (AbstractContainerReportHandler.java:updateContainerState(145)) - Container #1 is in OPEN state, but the datanode e5f35640-2c6c-4b86-a5ff-33a1451b27ce{ip: 192.168.69.71, host: pr-hdds-2333-vzxj6-995506542, networkLocation: /default-rack, certSerialId: null} reports an CLOSED replica.
2019-10-19 01:16:24,380 [BlockDeletingService#2] WARN  background.BlockDeletingService (BlockDeletingService.java:isDeletionAllowed(187)) - Close Container log Index 6 is not replicated across allthe servers in the pipeline 260d8aca-b42b-4def-900d-33d7d707c079 as the min replicated index is 4. Deletion is not allowed in this container yet.
2019-10-19 01:16:24,380 [BlockDeletingService#2] WARN  background.BlockDeletingService (BlockDeletingService.java:isDeletionAllowed(187)) - Close Container log Index 6 is not replicated across allthe servers in the pipeline 260d8aca-b42b-4def-900d-33d7d707c079 as the min replicated index is 4. Deletion is not allowed in this container yet.
2019-10-19 01:16:24,465 [EventQueue-ContainerReportForContainerReportHandler] WARN  container.ContainerReportHandler (AbstractContainerReportHandler.java:updateContainerState(145)) - Container #1 is in OPEN state, but the datanode 3f01402b-307c-4a54-abe6-b677433715ef{ip: 192.168.69.71, host: pr-hdds-2333-vzxj6-995506542, networkLocation: /default-rack, certSerialId: null} reports an CLOSED replica.
2019-10-19 01:16:24,516 [EventQueue-ContainerReportForContainerReportHandler] WARN  container.ContainerReportHandler (AbstractContainerReportHandler.java:updateContainerState(145)) - Container #1 is in OPEN state, but the datanode e5f35640-2c6c-4b86-a5ff-33a1451b27ce{ip: 192.168.69.71, host: pr-hdds-2333-vzxj6-995506542, networkLocation: /default-rack, certSerialId: null} reports an CLOSED replica.
2019-10-19 01:16:24,765 [EventQueue-ContainerReportForContainerReportHandler] WARN  container.ContainerReportHandler (AbstractContainerReportHandler.java:updateContainerState(145)) - Container #1 is in OPEN state, but the datanode 3f01402b-307c-4a54-abe6-b677433715ef{ip: 192.168.69.71, host: pr-hdds-2333-vzxj6-995506542, networkLocation: /default-rack, certSerialId: null} reports an CLOSED replica.
2019-10-19 01:16:24,816 [EventQueue-ContainerReportForContainerReportHandler] WARN  container.ContainerReportHandler (AbstractContainerReportHandler.java:updateContainerState(145)) - Container #1 is in OPEN state, but the datanode e5f35640-2c6c-4b86-a5ff-33a1451b27ce{ip: 192.168.69.71, host: pr-hdds-2333-vzxj6-995506542, networkLocation: /default-rack, certSerialId: null} reports an CLOSED replica.
2019-10-19 01:16:25,066 [EventQueue-ContainerReportForContainerReportHandler] WARN  container.ContainerReportHandler (AbstractContainerReportHandler.java:updateContainerState(145)) - Container #1 is in OPEN state, but the datanode 3f01402b-307c-4a54-abe6-b677433715ef{ip: 192.168.69.71, host: pr-hdds-2333-vzxj6-995506542, networkLocation: /default-rack, certSerialId: null} reports an CLOSED replica.
2019-10-19 01:16:25,116 [EventQueue-ContainerReportForContainerReportHandler] WARN  container.ContainerReportHandler (AbstractContainerReportHandler.java:updateContainerState(145)) - Container #1 is in OPEN state, but the datanode e5f35640-2c6c-4b86-a5ff-33a1451b27ce{ip: 192.168.69.71, host: pr-hdds-2333-vzxj6-995506542, networkLocation: /default-rack, certSerialId: null} reports an CLOSED replica.
2019-10-19 01:16:25,265 [EventQueue-ContainerReportForContainerReportHandler] WARN  container.ContainerReportHandler (AbstractContainerReportHandler.java:updateContainerState(145)) - Container #1 is in OPEN state, but the datanode 3f01402b-307c-4a54-abe6-b677433715ef{ip: 192.168.69.71, host: pr-hdds-2333-vzxj6-995506542, networkLocation: /default-rack, certSerialId: null} reports an CLOSED replica.
2019-10-19 01:16:25,381 [BlockDeletingService#2] WARN  background.BlockDeletingService (BlockDeletingService.java:isDeletionAllowed(187)) - Close Container log Index 6 is not replicated across allthe servers in the pipeline 260d8aca-b42b-4def-900d-33d7d707c079 as the min replicated index is 4. Deletion is not allowed in this container yet.
2019-10-19 01:16:25,381 [BlockDeletingService#2] WARN  background.BlockDeletingService (BlockDeletingService.java:isDeletionAllowed(187)) - Close Container log Index 6 is not replicated across allthe servers in the pipeline 260d8aca-b42b-4def-900d-33d7d707c079 as the min replicated index is 4. Deletion is not allowed in this container yet.
2019-10-19 01:16:25,416 [EventQueue-ContainerReportForContainerReportHandler] WARN  container.ContainerReportHandler (AbstractContainerReportHandler.java:updateContainerState(145)) - Container #1 is in OPEN state, but the datanode e5f35640-2c6c-4b86-a5ff-33a1451b27ce{ip: 192.168.69.71, host: pr-hdds-2333-vzxj6-995506542, networkLocation: /default-rack, certSerialId: null} reports an CLOSED replica.
2019-10-19 01:16:25,565 [EventQueue-ContainerReportForContainerReportHandler] WARN  container.ContainerReportHandler (AbstractContainerReportHandler.java:updateContainerState(145)) - Container #1 is in OPEN state, but the datanode 3f01402b-307c-4a54-abe6-b677433715ef{ip: 192.168.69.71, host: pr-hdds-2333-vzxj6-995506542, networkLocation: /default-rack, certSerialId: null} reports an CLOSED replica.
2019-10-19 01:16:25,616 [EventQueue-ContainerReportForContainerReportHandler] WARN  container.ContainerReportHandler (AbstractContainerReportHandler.java:updateContainerState(145)) - Container #1 is in OPEN state, but the datanode e5f35640-2c6c-4b86-a5ff-33a1451b27ce{ip: 192.168.69.71, host: pr-hdds-2333-vzxj6-995506542, networkLocation: /default-rack, certSerialId: null} reports an CLOSED replica.
2019-10-19 01:16:25,816 [EventQueue-ContainerReportForContainerReportHandler] WARN  container.ContainerReportHandler (AbstractContainerReportHandler.java:updateContainerState(145)) - Container #1 is in OPEN state, but the datanode e5f35640-2c6c-4b86-a5ff-33a1451b27ce{ip: 192.168.69.71, host: pr-hdds-2333-vzxj6-995506542, networkLocation: /default-rack, certSerialId: null} reports an CLOSED replica.
2019-10-19 01:16:25,965 [EventQueue-ContainerReportForContainerReportHandler] WARN  container.ContainerReportHandler (AbstractContainerReportHandler.java:updateContainerState(145)) - Container #1 is in OPEN state, but the datanode 3f01402b-307c-4a54-abe6-b677433715ef{ip: 192.168.69.71, host: pr-hdds-2333-vzxj6-995506542, networkLocation: /default-rack, certSerialId: null} reports an CLOSED replica.
2019-10-19 01:16:26,116 [EventQueue-ContainerReportForContainerReportHandler] WARN  container.ContainerReportHandler (AbstractContainerReportHandler.java:updateContainerState(145)) - Container #1 is in OPEN state, but the datanode e5f35640-2c6c-4b86-a5ff-33a1451b27ce{ip: 192.168.69.71, host: pr-hdds-2333-vzxj6-995506542, networkLocation: /default-rack, certSerialId: null} reports an CLOSED replica.
2019-10-19 01:16:26,365 [EventQueue-ContainerReportForContainerReportHandler] WARN  container.ContainerReportHandler (AbstractContainerReportHandler.java:updateContainerState(145)) - Container #1 is in OPEN state, but the datanode 3f01402b-307c-4a54-abe6-b677433715ef{ip: 192.168.69.71, host: pr-hdds-2333-vzxj6-995506542, networkLocation: /default-rack, certSerialId: null} reports an CLOSED replica.
2019-10-19 01:16:26,383 [BlockDeletingService#2] WARN  background.BlockDeletingService (BlockDeletingService.java:isDeletionAllowed(187)) - Close Container log Index 6 is not replicated across allthe servers in the pipeline 260d8aca-b42b-4def-900d-33d7d707c079 as the min replicated index is 4. Deletion is not allowed in this container yet.
2019-10-19 01:16:26,383 [BlockDeletingService#2] WARN  background.BlockDeletingService (BlockDeletingService.java:isDeletionAllowed(187)) - Close Container log Index 6 is not replicated across allthe servers in the pipeline 260d8aca-b42b-4def-900d-33d7d707c079 as the min replicated index is 4. Deletion is not allowed in this container yet.
2019-10-19 01:16:26,416 [EventQueue-ContainerReportForContainerReportHandler] WARN  container.ContainerReportHandler (AbstractContainerReportHandler.java:updateContainerState(145)) - Container #1 is in OPEN state, but the datanode e5f35640-2c6c-4b86-a5ff-33a1451b27ce{ip: 192.168.69.71, host: pr-hdds-2333-vzxj6-995506542, networkLocation: /default-rack, certSerialId: null} reports an CLOSED replica.
2019-10-19 01:16:26,597 [java.util.concurrent.ThreadPoolExecutor$Worker@678808ab[State = -1, empty queue]] WARN  server.GrpcLogAppender (GrpcLogAppender.java:timeoutAppendRequest(209)) - 3f01402b-307c-4a54-abe6-b677433715ef@group-33D7D707C079->8386ee0a-1f3c-47fa-9779-9125ddcf4112-GrpcLogAppender: appendEntries Timeout, request=3f01402b-307c-4a54-abe6-b677433715ef->8386ee0a-1f3c-47fa-9779-9125ddcf4112#34-t4, previous=(t:4, i:10), leaderCommit=10, initializing? false, entries: <empty>
2019-10-19 01:16:26,666 [EventQueue-ContainerReportForContainerReportHandler] WARN  container.ContainerReportHandler (AbstractContainerReportHandler.java:updateContainerState(145)) - Container #1 is in OPEN state, but the datanode 3f01402b-307c-4a54-abe6-b677433715ef{ip: 192.168.69.71, host: pr-hdds-2333-vzxj6-995506542, networkLocation: /default-rack, certSerialId: null} reports an CLOSED replica.
2019-10-19 01:16:26,716 [EventQueue-ContainerReportForContainerReportHandler] WARN  container.ContainerReportHandler (AbstractContainerReportHandler.java:updateContainerState(145)) - Container #1 is in OPEN state, but the datanode e5f35640-2c6c-4b86-a5ff-33a1451b27ce{ip: 192.168.69.71, host: pr-hdds-2333-vzxj6-995506542, networkLocation: /default-rack, certSerialId: null} reports an CLOSED replica.
2019-10-19 01:16:26,867 [EventQueue-ContainerReportForContainerReportHandler] WARN  container.ContainerReportHandler (AbstractContainerReportHandler.java:updateContainerState(145)) - Container #1 is in OPEN state, but the datanode 3f01402b-307c-4a54-abe6-b677433715ef{ip: 192.168.69.71, host: pr-hdds-2333-vzxj6-995506542, networkLocation: /default-rack, certSerialId: null} reports an CLOSED replica.
2019-10-19 01:16:26,916 [EventQueue-ContainerReportForContainerReportHandler] WARN  container.ContainerReportHandler (AbstractContainerReportHandler.java:updateContainerState(145)) - Container #1 is in OPEN state, but the datanode e5f35640-2c6c-4b86-a5ff-33a1451b27ce{ip: 192.168.69.71, host: pr-hdds-2333-vzxj6-995506542, networkLocation: /default-rack, certSerialId: null} reports an CLOSED replica.
2019-10-19 01:16:27,166 [EventQueue-ContainerReportForContainerReportHandler] WARN  container.ContainerReportHandler (AbstractContainerReportHandler.java:updateContainerState(145)) - Container #1 is in OPEN state, but the datanode 3f01402b-307c-4a54-abe6-b677433715ef{ip: 192.168.69.71, host: pr-hdds-2333-vzxj6-995506542, networkLocation: /default-rack, certSerialId: null} reports an CLOSED replica.
2019-10-19 01:16:27,218 [EventQueue-ContainerReportForContainerReportHandler] WARN  container.ContainerReportHandler (AbstractContainerReportHandler.java:updateContainerState(145)) - Container #1 is in OPEN state, but the datanode e5f35640-2c6c-4b86-a5ff-33a1451b27ce{ip: 192.168.69.71, host: pr-hdds-2333-vzxj6-995506542, networkLocation: /default-rack, certSerialId: null} reports an CLOSED replica.
2019-10-19 01:16:27,385 [BlockDeletingService#2] WARN  background.BlockDeletingService (BlockDeletingService.java:isDeletionAllowed(187)) - Close Container log Index 6 is not replicated across allthe servers in the pipeline 260d8aca-b42b-4def-900d-33d7d707c079 as the min replicated index is 4. Deletion is not allowed in this container yet.
2019-10-19 01:16:27,385 [BlockDeletingService#2] WARN  background.BlockDeletingService (BlockDeletingService.java:isDeletionAllowed(187)) - Close Container log Index 6 is not replicated across allthe servers in the pipeline 260d8aca-b42b-4def-900d-33d7d707c079 as the min replicated index is 4. Deletion is not allowed in this container yet.
2019-10-19 01:16:27,417 [EventQueue-ContainerReportForContainerReportHandler] WARN  container.ContainerReportHandler (AbstractContainerReportHandler.java:updateContainerState(145)) - Container #1 is in OPEN state, but the datanode e5f35640-2c6c-4b86-a5ff-33a1451b27ce{ip: 192.168.69.71, host: pr-hdds-2333-vzxj6-995506542, networkLocation: /default-rack, certSerialId: null} reports an CLOSED replica.
2019-10-19 01:16:27,566 [EventQueue-ContainerReportForContainerReportHandler] WARN  container.ContainerReportHandler (AbstractContainerReportHandler.java:updateContainerState(145)) - Container #1 is in OPEN state, but the datanode 3f01402b-307c-4a54-abe6-b677433715ef{ip: 192.168.69.71, host: pr-hdds-2333-vzxj6-995506542, networkLocation: /default-rack, certSerialId: null} reports an CLOSED replica.
2019-10-19 01:16:27,817 [EventQueue-ContainerReportForContainerReportHandler] WARN  container.ContainerReportHandler (AbstractContainerReportHandler.java:updateContainerState(145)) - Container #1 is in OPEN state, but the datanode e5f35640-2c6c-4b86-a5ff-33a1451b27ce{ip: 192.168.69.71, host: pr-hdds-2333-vzxj6-995506542, networkLocation: /default-rack, certSerialId: null} reports an CLOSED replica.
2019-10-19 01:16:27,866 [EventQueue-ContainerReportForContainerReportHandler] WARN  container.ContainerReportHandler (AbstractContainerReportHandler.java:updateContainerState(145)) - Container #1 is in OPEN state, but the datanode 3f01402b-307c-4a54-abe6-b677433715ef{ip: 192.168.69.71, host: pr-hdds-2333-vzxj6-995506542, networkLocation: /default-rack, certSerialId: null} reports an CLOSED replica.
2019-10-19 01:16:28,066 [EventQueue-ContainerReportForContainerReportHandler] WARN  container.ContainerReportHandler (AbstractContainerReportHandler.java:updateContainerState(145)) - Container #1 is in OPEN state, but the datanode 3f01402b-307c-4a54-abe6-b677433715ef{ip: 192.168.69.71, host: pr-hdds-2333-vzxj6-995506542, networkLocation: /default-rack, certSerialId: null} reports an CLOSED replica.
2019-10-19 01:16:28,117 [EventQueue-ContainerReportForContainerReportHandler] WARN  container.ContainerReportHandler (AbstractContainerReportHandler.java:updateContainerState(145)) - Container #1 is in OPEN state, but the datanode e5f35640-2c6c-4b86-a5ff-33a1451b27ce{ip: 192.168.69.71, host: pr-hdds-2333-vzxj6-995506542, networkLocation: /default-rack, certSerialId: null} reports an CLOSED replica.
2019-10-19 01:16:28,138 [Thread-422] INFO  client.GrpcClientProtocolService (GrpcClientProtocolService.java:lambda$processClientRequest$0(278)) - Failed RaftClientRequest:client-0C21EF03FE8D->e5f35640-2c6c-4b86-a5ff-33a1451b27ce@group-33D7D707C079, cid=10, seq=0, Watch-ALL_COMMITTED(6), Message:<EMPTY>, reply=RaftClientReply:client-0C21EF03FE8D->e5f35640-2c6c-4b86-a5ff-33a1451b27ce@group-33D7D707C079, cid=10, FAILED org.apache.ratis.protocol.NotLeaderException: Server e5f35640-2c6c-4b86-a5ff-33a1451b27ce@group-33D7D707C079 is not the leader 3f01402b-307c-4a54-abe6-b677433715ef:192.168.69.71:42588, logIndex=0, commits[e5f35640-2c6c-4b86-a5ff-33a1451b27ce:c10, 3f01402b-307c-4a54-abe6-b677433715ef:c10, 8386ee0a-1f3c-47fa-9779-9125ddcf4112:c4]
2019-10-19 01:16:28,387 [BlockDeletingService#2] WARN  background.BlockDeletingService (BlockDeletingService.java:isDeletionAllowed(187)) - Close Container log Index 6 is not replicated across allthe servers in the pipeline 260d8aca-b42b-4def-900d-33d7d707c079 as the min replicated index is 4. Deletion is not allowed in this container yet.
2019-10-19 01:16:28,387 [BlockDeletingService#2] WARN  background.BlockDeletingService (BlockDeletingService.java:isDeletionAllowed(187)) - Close Container log Index 6 is not replicated across allthe servers in the pipeline 260d8aca-b42b-4def-900d-33d7d707c079 as the min replicated index is 4. Deletion is not allowed in this container yet.
2019-10-19 01:16:28,466 [EventQueue-ContainerReportForContainerReportHandler] WARN  container.ContainerReportHandler (AbstractContainerReportHandler.java:updateContainerState(145)) - Container #1 is in OPEN state, but the datanode 3f01402b-307c-4a54-abe6-b677433715ef{ip: 192.168.69.71, host: pr-hdds-2333-vzxj6-995506542, networkLocation: /default-rack, certSerialId: null} reports an CLOSED replica.
2019-10-19 01:16:28,518 [EventQueue-ContainerReportForContainerReportHandler] WARN  container.ContainerReportHandler (AbstractContainerReportHandler.java:updateContainerState(145)) - Container #1 is in OPEN state, but the datanode e5f35640-2c6c-4b86-a5ff-33a1451b27ce{ip: 192.168.69.71, host: pr-hdds-2333-vzxj6-995506542, networkLocation: /default-rack, certSerialId: null} reports an CLOSED replica.
2019-10-19 01:16:28,718 [EventQueue-ContainerReportForContainerReportHandler] WARN  container.ContainerReportHandler (AbstractContainerReportHandler.java:updateContainerState(145)) - Container #1 is in OPEN state, but the datanode e5f35640-2c6c-4b86-a5ff-33a1451b27ce{ip: 192.168.69.71, host: pr-hdds-2333-vzxj6-995506542, networkLocation: /default-rack, certSerialId: null} reports an CLOSED replica.
2019-10-19 01:16:28,866 [EventQueue-ContainerReportForContainerReportHandler] WARN  container.ContainerReportHandler (AbstractContainerReportHandler.java:updateContainerState(145)) - Container #1 is in OPEN state, but the datanode 3f01402b-307c-4a54-abe6-b677433715ef{ip: 192.168.69.71, host: pr-hdds-2333-vzxj6-995506542, networkLocation: /default-rack, certSerialId: null} reports an CLOSED replica.
2019-10-19 01:16:28,884 [Thread-428] INFO  client.GrpcClientProtocolService (GrpcClientProtocolService.java:lambda$processClientRequest$0(278)) - Failed RaftClientRequest:client-0C21EF03FE8D->3f01402b-307c-4a54-abe6-b677433715ef@group-33D7D707C079, cid=10, seq=0, Watch-ALL_COMMITTED(6), Message:<EMPTY>, reply=RaftClientReply:client-0C21EF03FE8D->3f01402b-307c-4a54-abe6-b677433715ef@group-33D7D707C079, cid=10, FAILED org.apache.ratis.protocol.NotReplicatedException: Request with call Id 10 and log index 6 is not yet replicated to ALL_COMMITTED, logIndex=6, commits[3f01402b-307c-4a54-abe6-b677433715ef:c10, 8386ee0a-1f3c-47fa-9779-9125ddcf4112:c4, e5f35640-2c6c-4b86-a5ff-33a1451b27ce:c10]
2019-10-19 01:16:28,918 [EventQueue-ContainerReportForContainerReportHandler] WARN  container.ContainerReportHandler (AbstractContainerReportHandler.java:updateContainerState(145)) - Container #1 is in OPEN state, but the datanode e5f35640-2c6c-4b86-a5ff-33a1451b27ce{ip: 192.168.69.71, host: pr-hdds-2333-vzxj6-995506542, networkLocation: /default-rack, certSerialId: null} reports an CLOSED replica.
2019-10-19 01:16:29,066 [EventQueue-ContainerReportForContainerReportHandler] WARN  container.ContainerReportHandler (AbstractContainerReportHandler.java:updateContainerState(145)) - Container #1 is in OPEN state, but the datanode 3f01402b-307c-4a54-abe6-b677433715ef{ip: 192.168.69.71, host: pr-hdds-2333-vzxj6-995506542, networkLocation: /default-rack, certSerialId: null} reports an CLOSED replica.
2019-10-19 01:16:29,099 [java.util.concurrent.ThreadPoolExecutor$Worker@678808ab[State = -1, empty queue]] WARN  server.GrpcLogAppender (GrpcLogAppender.java:timeoutAppendRequest(209)) - 3f01402b-307c-4a54-abe6-b677433715ef@group-33D7D707C079->8386ee0a-1f3c-47fa-9779-9125ddcf4112-GrpcLogAppender: appendEntries Timeout, request=3f01402b-307c-4a54-abe6-b677433715ef->8386ee0a-1f3c-47fa-9779-9125ddcf4112#35-t4, previous=(t:4, i:10), leaderCommit=10, initializing? false, entries: <empty>
2019-10-19 01:16:29,220 [EventQueue-ContainerReportForContainerReportHandler] WARN  container.ContainerReportHandler (AbstractContainerReportHandler.java:updateContainerState(145)) - Container #1 is in OPEN state, but the datanode e5f35640-2c6c-4b86-a5ff-33a1451b27ce{ip: 192.168.69.71, host: pr-hdds-2333-vzxj6-995506542, networkLocation: /default-rack, certSerialId: null} reports an CLOSED replica.
2019-10-19 01:16:29,388 [BlockDeletingService#2] WARN  background.BlockDeletingService (BlockDeletingService.java:isDeletionAllowed(187)) - Close Container log Index 6 is not replicated across allthe servers in the pipeline 260d8aca-b42b-4def-900d-33d7d707c079 as the min replicated index is 4. Deletion is not allowed in this container yet.
2019-10-19 01:16:29,391 [BlockDeletingService#2] WARN  background.BlockDeletingService (BlockDeletingService.java:isDeletionAllowed(187)) - Close Container log Index 6 is not replicated across allthe servers in the pipeline 260d8aca-b42b-4def-900d-33d7d707c079 as the min replicated index is 4. Deletion is not allowed in this container yet.
2019-10-19 01:16:29,467 [EventQueue-ContainerReportForContainerReportHandler] WARN  container.ContainerReportHandler (AbstractContainerReportHandler.java:updateContainerState(145)) - Container #1 is in OPEN state, but the datanode 3f01402b-307c-4a54-abe6-b677433715ef{ip: 192.168.69.71, host: pr-hdds-2333-vzxj6-995506542, networkLocation: /default-rack, certSerialId: null} reports an CLOSED replica.
2019-10-19 01:16:29,520 [EventQueue-ContainerReportForContainerReportHandler] WARN  container.ContainerReportHandler (AbstractContainerReportHandler.java:updateContainerState(145)) - Container #1 is in OPEN state, but the datanode e5f35640-2c6c-4b86-a5ff-33a1451b27ce{ip: 192.168.69.71, host: pr-hdds-2333-vzxj6-995506542, networkLocation: /default-rack, certSerialId: null} reports an CLOSED replica.
2019-10-19 01:16:29,668 [EventQueue-ContainerReportForContainerReportHandler] WARN  container.ContainerReportHandler (AbstractContainerReportHandler.java:updateContainerState(145)) - Container #1 is in OPEN state, but the datanode 3f01402b-307c-4a54-abe6-b677433715ef{ip: 192.168.69.71, host: pr-hdds-2333-vzxj6-995506542, networkLocation: /default-rack, certSerialId: null} reports an CLOSED replica.
2019-10-19 01:16:29,821 [EventQueue-ContainerReportForContainerReportHandler] WARN  container.ContainerReportHandler (AbstractContainerReportHandler.java:updateContainerState(145)) - Container #1 is in OPEN state, but the datanode e5f35640-2c6c-4b86-a5ff-33a1451b27ce{ip: 192.168.69.71, host: pr-hdds-2333-vzxj6-995506542, networkLocation: /default-rack, certSerialId: null} reports an CLOSED replica.
2019-10-19 01:16:29,971 [EventQueue-ContainerReportForContainerReportHandler] WARN  container.ContainerReportHandler (AbstractContainerReportHandler.java:updateContainerState(145)) - Container #1 is in OPEN state, but the datanode 3f01402b-307c-4a54-abe6-b677433715ef{ip: 192.168.69.71, host: pr-hdds-2333-vzxj6-995506542, networkLocation: /default-rack, certSerialId: null} reports an CLOSED replica.
2019-10-19 01:16:30,021 [EventQueue-ContainerReportForContainerReportHandler] WARN  container.ContainerReportHandler (AbstractContainerReportHandler.java:updateContainerState(145)) - Container #1 is in OPEN state, but the datanode e5f35640-2c6c-4b86-a5ff-33a1451b27ce{ip: 192.168.69.71, host: pr-hdds-2333-vzxj6-995506542, networkLocation: /default-rack, certSerialId: null} reports an CLOSED replica.
2019-10-19 01:16:30,170 [EventQueue-ContainerReportForContainerReportHandler] WARN  container.ContainerReportHandler (AbstractContainerReportHandler.java:updateContainerState(145)) - Container #1 is in OPEN state, but the datanode 3f01402b-307c-4a54-abe6-b677433715ef{ip: 192.168.69.71, host: pr-hdds-2333-vzxj6-995506542, networkLocation: /default-rack, certSerialId: null} reports an CLOSED replica.
2019-10-19 01:16:30,392 [BlockDeletingService#2] WARN  background.BlockDeletingService (BlockDeletingService.java:isDeletionAllowed(187)) - Close Container log Index 6 is not replicated across allthe servers in the pipeline 260d8aca-b42b-4def-900d-33d7d707c079 as the min replicated index is 4. Deletion is not allowed in this container yet.
2019-10-19 01:16:30,392 [BlockDeletingService#2] WARN  background.BlockDeletingService (BlockDeletingService.java:isDeletionAllowed(187)) - Close Container log Index 6 is not replicated across allthe servers in the pipeline 260d8aca-b42b-4def-900d-33d7d707c079 as the min replicated index is 4. Deletion is not allowed in this container yet.
2019-10-19 01:16:30,421 [EventQueue-ContainerReportForContainerReportHandler] WARN  container.ContainerReportHandler (AbstractContainerReportHandler.java:updateContainerState(145)) - Container #1 is in OPEN state, but the datanode e5f35640-2c6c-4b86-a5ff-33a1451b27ce{ip: 192.168.69.71, host: pr-hdds-2333-vzxj6-995506542, networkLocation: /default-rack, certSerialId: null} reports an CLOSED replica.
2019-10-19 01:16:30,571 [EventQueue-ContainerReportForContainerReportHandler] WARN  container.ContainerReportHandler (AbstractContainerReportHandler.java:updateContainerState(145)) - Container #1 is in OPEN state, but the datanode 3f01402b-307c-4a54-abe6-b677433715ef{ip: 192.168.69.71, host: pr-hdds-2333-vzxj6-995506542, networkLocation: /default-rack, certSerialId: null} reports an CLOSED replica.
2019-10-19 01:16:30,721 [EventQueue-ContainerReportForContainerReportHandler] WARN  container.ContainerReportHandler (AbstractContainerReportHandler.java:updateContainerState(145)) - Container #1 is in OPEN state, but the datanode e5f35640-2c6c-4b86-a5ff-33a1451b27ce{ip: 192.168.69.71, host: pr-hdds-2333-vzxj6-995506542, networkLocation: /default-rack, certSerialId: null} reports an CLOSED replica.
2019-10-19 01:16:30,873 [EventQueue-ContainerReportForContainerReportHandler] WARN  container.ContainerReportHandler (AbstractContainerReportHandler.java:updateContainerState(145)) - Container #1 is in OPEN state, but the datanode 3f01402b-307c-4a54-abe6-b677433715ef{ip: 192.168.69.71, host: pr-hdds-2333-vzxj6-995506542, networkLocation: /default-rack, certSerialId: null} reports an CLOSED replica.
2019-10-19 01:16:31,022 [EventQueue-ContainerReportForContainerReportHandler] WARN  container.ContainerReportHandler (AbstractContainerReportHandler.java:updateContainerState(145)) - Container #1 is in OPEN state, but the datanode e5f35640-2c6c-4b86-a5ff-33a1451b27ce{ip: 192.168.69.71, host: pr-hdds-2333-vzxj6-995506542, networkLocation: /default-rack, certSerialId: null} reports an CLOSED replica.
2019-10-19 01:16:31,173 [EventQueue-ContainerReportForContainerReportHandler] WARN  container.ContainerReportHandler (AbstractContainerReportHandler.java:updateContainerState(145)) - Container #1 is in OPEN state, but the datanode 3f01402b-307c-4a54-abe6-b677433715ef{ip: 192.168.69.71, host: pr-hdds-2333-vzxj6-995506542, networkLocation: /default-rack, certSerialId: null} reports an CLOSED replica.
2019-10-19 01:16:31,221 [EventQueue-ContainerReportForContainerReportHandler] WARN  container.ContainerReportHandler (AbstractContainerReportHandler.java:updateContainerState(145)) - Container #1 is in OPEN state, but the datanode e5f35640-2c6c-4b86-a5ff-33a1451b27ce{ip: 192.168.69.71, host: pr-hdds-2333-vzxj6-995506542, networkLocation: /default-rack, certSerialId: null} reports an CLOSED replica.
2019-10-19 01:16:31,394 [BlockDeletingService#2] WARN  background.BlockDeletingService (BlockDeletingService.java:isDeletionAllowed(187)) - Close Container log Index 6 is not replicated across allthe servers in the pipeline 260d8aca-b42b-4def-900d-33d7d707c079 as the min replicated index is 4. Deletion is not allowed in this container yet.
2019-10-19 01:16:31,394 [BlockDeletingService#2] WARN  background.BlockDeletingService (BlockDeletingService.java:isDeletionAllowed(187)) - Close Container log Index 6 is not replicated across allthe servers in the pipeline 260d8aca-b42b-4def-900d-33d7d707c079 as the min replicated index is 4. Deletion is not allowed in this container yet.
2019-10-19 01:16:31,472 [EventQueue-ContainerReportForContainerReportHandler] WARN  container.ContainerReportHandler (AbstractContainerReportHandler.java:updateContainerState(145)) - Container #1 is in OPEN state, but the datanode 3f01402b-307c-4a54-abe6-b677433715ef{ip: 192.168.69.71, host: pr-hdds-2333-vzxj6-995506542, networkLocation: /default-rack, certSerialId: null} reports an CLOSED replica.
2019-10-19 01:16:31,521 [EventQueue-ContainerReportForContainerReportHandler] WARN  container.ContainerReportHandler (AbstractContainerReportHandler.java:updateContainerState(145)) - Container #1 is in OPEN state, but the datanode e5f35640-2c6c-4b86-a5ff-33a1451b27ce{ip: 192.168.69.71, host: pr-hdds-2333-vzxj6-995506542, networkLocation: /default-rack, certSerialId: null} reports an CLOSED replica.
2019-10-19 01:16:31,600 [java.util.concurrent.ThreadPoolExecutor$Worker@678808ab[State = -1, empty queue]] WARN  server.GrpcLogAppender (GrpcLogAppender.java:timeoutAppendRequest(209)) - 3f01402b-307c-4a54-abe6-b677433715ef@group-33D7D707C079->8386ee0a-1f3c-47fa-9779-9125ddcf4112-GrpcLogAppender: appendEntries Timeout, request=3f01402b-307c-4a54-abe6-b677433715ef->8386ee0a-1f3c-47fa-9779-9125ddcf4112#36-t4, previous=(t:4, i:10), leaderCommit=10, initializing? false, entries: <empty>
2019-10-19 01:16:31,673 [EventQueue-ContainerReportForContainerReportHandler] WARN  container.ContainerReportHandler (AbstractContainerReportHandler.java:updateContainerState(145)) - Container #1 is in OPEN state, but the datanode 3f01402b-307c-4a54-abe6-b677433715ef{ip: 192.168.69.71, host: pr-hdds-2333-vzxj6-995506542, networkLocation: /default-rack, certSerialId: null} reports an CLOSED replica.
2019-10-19 01:16:31,721 [EventQueue-ContainerReportForContainerReportHandler] WARN  container.ContainerReportHandler (AbstractContainerReportHandler.java:updateContainerState(145)) - Container #1 is in OPEN state, but the datanode e5f35640-2c6c-4b86-a5ff-33a1451b27ce{ip: 192.168.69.71, host: pr-hdds-2333-vzxj6-995506542, networkLocation: /default-rack, certSerialId: null} reports an CLOSED replica.
2019-10-19 01:16:31,975 [EventQueue-ContainerReportForContainerReportHandler] WARN  container.ContainerReportHandler (AbstractContainerReportHandler.java:updateContainerState(145)) - Container #1 is in OPEN state, but the datanode 3f01402b-307c-4a54-abe6-b677433715ef{ip: 192.168.69.71, host: pr-hdds-2333-vzxj6-995506542, networkLocation: /default-rack, certSerialId: null} reports an CLOSED replica.
2019-10-19 01:16:32,122 [EventQueue-ContainerReportForContainerReportHandler] WARN  container.ContainerReportHandler (AbstractContainerReportHandler.java:updateContainerState(145)) - Container #1 is in OPEN state, but the datanode e5f35640-2c6c-4b86-a5ff-33a1451b27ce{ip: 192.168.69.71, host: pr-hdds-2333-vzxj6-995506542, networkLocation: /default-rack, certSerialId: null} reports an CLOSED replica.
2019-10-19 01:16:32,176 [EventQueue-ContainerReportForContainerReportHandler] WARN  container.ContainerReportHandler (AbstractContainerReportHandler.java:updateContainerState(145)) - Container #1 is in OPEN state, but the datanode 3f01402b-307c-4a54-abe6-b677433715ef{ip: 192.168.69.71, host: pr-hdds-2333-vzxj6-995506542, networkLocation: /default-rack, certSerialId: null} reports an CLOSED replica.
2019-10-19 01:16:32,378 [EventQueue-ContainerReportForContainerReportHandler] WARN  container.ContainerReportHandler (AbstractContainerReportHandler.java:updateContainerState(145)) - Container #1 is in OPEN state, but the datanode 3f01402b-307c-4a54-abe6-b677433715ef{ip: 192.168.69.71, host: pr-hdds-2333-vzxj6-995506542, networkLocation: /default-rack, certSerialId: null} reports an CLOSED replica.
2019-10-19 01:16:32,397 [BlockDeletingService#2] WARN  background.BlockDeletingService (BlockDeletingService.java:isDeletionAllowed(187)) - Close Container log Index 6 is not replicated across allthe servers in the pipeline 260d8aca-b42b-4def-900d-33d7d707c079 as the min replicated index is 4. Deletion is not allowed in this container yet.
2019-10-19 01:16:32,397 [BlockDeletingService#2] WARN  background.BlockDeletingService (BlockDeletingService.java:isDeletionAllowed(187)) - Close Container log Index 6 is not replicated across allthe servers in the pipeline 260d8aca-b42b-4def-900d-33d7d707c079 as the min replicated index is 4. Deletion is not allowed in this container yet.
2019-10-19 01:16:32,424 [EventQueue-ContainerReportForContainerReportHandler] WARN  container.ContainerReportHandler (AbstractContainerReportHandler.java:updateContainerState(145)) - Container #1 is in OPEN state, but the datanode e5f35640-2c6c-4b86-a5ff-33a1451b27ce{ip: 192.168.69.71, host: pr-hdds-2333-vzxj6-995506542, networkLocation: /default-rack, certSerialId: null} reports an CLOSED replica.
2019-10-19 01:16:32,724 [EventQueue-ContainerReportForContainerReportHandler] WARN  container.ContainerReportHandler (AbstractContainerReportHandler.java:updateContainerState(145)) - Container #1 is in OPEN state, but the datanode e5f35640-2c6c-4b86-a5ff-33a1451b27ce{ip: 192.168.69.71, host: pr-hdds-2333-vzxj6-995506542, networkLocation: /default-rack, certSerialId: null} reports an CLOSED replica.
2019-10-19 01:16:32,777 [EventQueue-ContainerReportForContainerReportHandler] WARN  container.ContainerReportHandler (AbstractContainerReportHandler.java:updateContainerState(145)) - Container #1 is in OPEN state, but the datanode 3f01402b-307c-4a54-abe6-b677433715ef{ip: 192.168.69.71, host: pr-hdds-2333-vzxj6-995506542, networkLocation: /default-rack, certSerialId: null} reports an CLOSED replica.
2019-10-19 01:16:32,978 [EventQueue-ContainerReportForContainerReportHandler] WARN  container.ContainerReportHandler (AbstractContainerReportHandler.java:updateContainerState(145)) - Container #1 is in OPEN state, but the datanode 3f01402b-307c-4a54-abe6-b677433715ef{ip: 192.168.69.71, host: pr-hdds-2333-vzxj6-995506542, networkLocation: /default-rack, certSerialId: null} reports an CLOSED replica.
2019-10-19 01:16:33,025 [EventQueue-ContainerReportForContainerReportHandler] WARN  container.ContainerReportHandler (AbstractContainerReportHandler.java:updateContainerState(145)) - Container #1 is in OPEN state, but the datanode e5f35640-2c6c-4b86-a5ff-33a1451b27ce{ip: 192.168.69.71, host: pr-hdds-2333-vzxj6-995506542, networkLocation: /default-rack, certSerialId: null} reports an CLOSED replica.
2019-10-19 01:16:33,277 [EventQueue-ContainerReportForContainerReportHandler] WARN  container.ContainerReportHandler (AbstractContainerReportHandler.java:updateContainerState(145)) - Container #1 is in OPEN state, but the datanode 3f01402b-307c-4a54-abe6-b677433715ef{ip: 192.168.69.71, host: pr-hdds-2333-vzxj6-995506542, networkLocation: /default-rack, certSerialId: null} reports an CLOSED replica.
2019-10-19 01:16:33,326 [EventQueue-ContainerReportForContainerReportHandler] WARN  container.ContainerReportHandler (AbstractContainerReportHandler.java:updateContainerState(145)) - Container #1 is in OPEN state, but the datanode e5f35640-2c6c-4b86-a5ff-33a1451b27ce{ip: 192.168.69.71, host: pr-hdds-2333-vzxj6-995506542, networkLocation: /default-rack, certSerialId: null} reports an CLOSED replica.
2019-10-19 01:16:33,398 [BlockDeletingService#2] WARN  background.BlockDeletingService (BlockDeletingService.java:isDeletionAllowed(187)) - Close Container log Index 6 is not replicated across allthe servers in the pipeline 260d8aca-b42b-4def-900d-33d7d707c079 as the min replicated index is 4. Deletion is not allowed in this container yet.
2019-10-19 01:16:33,398 [BlockDeletingService#2] WARN  background.BlockDeletingService (BlockDeletingService.java:isDeletionAllowed(187)) - Close Container log Index 6 is not replicated across allthe servers in the pipeline 260d8aca-b42b-4def-900d-33d7d707c079 as the min replicated index is 4. Deletion is not allowed in this container yet.
2019-10-19 01:16:33,526 [EventQueue-ContainerReportForContainerReportHandler] WARN  container.ContainerReportHandler (AbstractContainerReportHandler.java:updateContainerState(145)) - Container #1 is in OPEN state, but the datanode e5f35640-2c6c-4b86-a5ff-33a1451b27ce{ip: 192.168.69.71, host: pr-hdds-2333-vzxj6-995506542, networkLocation: /default-rack, certSerialId: null} reports an CLOSED replica.
2019-10-19 01:16:33,677 [EventQueue-ContainerReportForContainerReportHandler] WARN  container.ContainerReportHandler (AbstractContainerReportHandler.java:updateContainerState(145)) - Container #1 is in OPEN state, but the datanode 3f01402b-307c-4a54-abe6-b677433715ef{ip: 192.168.69.71, host: pr-hdds-2333-vzxj6-995506542, networkLocation: /default-rack, certSerialId: null} reports an CLOSED replica.
2019-10-19 01:16:33,826 [EventQueue-ContainerReportForContainerReportHandler] WARN  container.ContainerReportHandler (AbstractContainerReportHandler.java:updateContainerState(145)) - Container #1 is in OPEN state, but the datanode e5f35640-2c6c-4b86-a5ff-33a1451b27ce{ip: 192.168.69.71, host: pr-hdds-2333-vzxj6-995506542, networkLocation: /default-rack, certSerialId: null} reports an CLOSED replica.
2019-10-19 01:16:33,978 [EventQueue-ContainerReportForContainerReportHandler] WARN  container.ContainerReportHandler (AbstractContainerReportHandler.java:updateContainerState(145)) - Container #1 is in OPEN state, but the datanode 3f01402b-307c-4a54-abe6-b677433715ef{ip: 192.168.69.71, host: pr-hdds-2333-vzxj6-995506542, networkLocation: /default-rack, certSerialId: null} reports an CLOSED replica.
2019-10-19 01:16:34,105 [java.util.concurrent.ThreadPoolExecutor$Worker@678808ab[State = -1, empty queue]] WARN  server.GrpcLogAppender (GrpcLogAppender.java:timeoutAppendRequest(209)) - 3f01402b-307c-4a54-abe6-b677433715ef@group-33D7D707C079->8386ee0a-1f3c-47fa-9779-9125ddcf4112-GrpcLogAppender: appendEntries Timeout, request=3f01402b-307c-4a54-abe6-b677433715ef->8386ee0a-1f3c-47fa-9779-9125ddcf4112#37-t4, previous=(t:4, i:10), leaderCommit=10, initializing? false, entries: <empty>
2019-10-19 01:16:34,127 [EventQueue-ContainerReportForContainerReportHandler] WARN  container.ContainerReportHandler (AbstractContainerReportHandler.java:updateContainerState(145)) - Container #1 is in OPEN state, but the datanode e5f35640-2c6c-4b86-a5ff-33a1451b27ce{ip: 192.168.69.71, host: pr-hdds-2333-vzxj6-995506542, networkLocation: /default-rack, certSerialId: null} reports an CLOSED replica.
2019-10-19 01:16:34,277 [EventQueue-ContainerReportForContainerReportHandler] WARN  container.ContainerReportHandler (AbstractContainerReportHandler.java:updateContainerState(145)) - Container #1 is in OPEN state, but the datanode 3f01402b-307c-4a54-abe6-b677433715ef{ip: 192.168.69.71, host: pr-hdds-2333-vzxj6-995506542, networkLocation: /default-rack, certSerialId: null} reports an CLOSED replica.
2019-10-19 01:16:34,400 [BlockDeletingService#2] WARN  background.BlockDeletingService (BlockDeletingService.java:isDeletionAllowed(187)) - Close Container log Index 6 is not replicated across allthe servers in the pipeline 260d8aca-b42b-4def-900d-33d7d707c079 as the min replicated index is 4. Deletion is not allowed in this container yet.
2019-10-19 01:16:34,400 [BlockDeletingService#2] WARN  background.BlockDeletingService (BlockDeletingService.java:isDeletionAllowed(187)) - Close Container log Index 6 is not replicated across allthe servers in the pipeline 260d8aca-b42b-4def-900d-33d7d707c079 as the min replicated index is 4. Deletion is not allowed in this container yet.
2019-10-19 01:16:34,528 [EventQueue-ContainerReportForContainerReportHandler] WARN  container.ContainerReportHandler (AbstractContainerReportHandler.java:updateContainerState(145)) - Container #1 is in OPEN state, but the datanode e5f35640-2c6c-4b86-a5ff-33a1451b27ce{ip: 192.168.69.71, host: pr-hdds-2333-vzxj6-995506542, networkLocation: /default-rack, certSerialId: null} reports an CLOSED replica.
2019-10-19 01:16:34,577 [EventQueue-ContainerReportForContainerReportHandler] WARN  container.ContainerReportHandler (AbstractContainerReportHandler.java:updateContainerState(145)) - Container #1 is in OPEN state, but the datanode 3f01402b-307c-4a54-abe6-b677433715ef{ip: 192.168.69.71, host: pr-hdds-2333-vzxj6-995506542, networkLocation: /default-rack, certSerialId: null} reports an CLOSED replica.
2019-10-19 01:16:34,880 [EventQueue-ContainerReportForContainerReportHandler] WARN  container.ContainerReportHandler (AbstractContainerReportHandler.java:updateContainerState(145)) - Container #1 is in OPEN state, but the datanode 3f01402b-307c-4a54-abe6-b677433715ef{ip: 192.168.69.71, host: pr-hdds-2333-vzxj6-995506542, networkLocation: /default-rack, certSerialId: null} reports an CLOSED replica.
2019-10-19 01:16:34,927 [EventQueue-ContainerReportForContainerReportHandler] WARN  container.ContainerReportHandler (AbstractContainerReportHandler.java:updateContainerState(145)) - Container #1 is in OPEN state, but the datanode e5f35640-2c6c-4b86-a5ff-33a1451b27ce{ip: 192.168.69.71, host: pr-hdds-2333-vzxj6-995506542, networkLocation: /default-rack, certSerialId: null} reports an CLOSED replica.
2019-10-19 01:16:35,082 [EventQueue-ContainerReportForContainerReportHandler] WARN  container.ContainerReportHandler (AbstractContainerReportHandler.java:updateContainerState(145)) - Container #1 is in OPEN state, but the datanode 3f01402b-307c-4a54-abe6-b677433715ef{ip: 192.168.69.71, host: pr-hdds-2333-vzxj6-995506542, networkLocation: /default-rack, certSerialId: null} reports an CLOSED replica.
2019-10-19 01:16:35,227 [EventQueue-ContainerReportForContainerReportHandler] WARN  container.ContainerReportHandler (AbstractContainerReportHandler.java:updateContainerState(145)) - Container #1 is in OPEN state, but the datanode e5f35640-2c6c-4b86-a5ff-33a1451b27ce{ip: 192.168.69.71, host: pr-hdds-2333-vzxj6-995506542, networkLocation: /default-rack, certSerialId: null} reports an CLOSED replica.
2019-10-19 01:16:35,382 [EventQueue-ContainerReportForContainerReportHandler] WARN  container.ContainerReportHandler (AbstractContainerReportHandler.java:updateContainerState(145)) - Container #1 is in OPEN state, but the datanode 3f01402b-307c-4a54-abe6-b677433715ef{ip: 192.168.69.71, host: pr-hdds-2333-vzxj6-995506542, networkLocation: /default-rack, certSerialId: null} reports an CLOSED replica.
2019-10-19 01:16:35,402 [BlockDeletingService#2] WARN  background.BlockDeletingService (BlockDeletingService.java:isDeletionAllowed(187)) - Close Container log Index 6 is not replicated across allthe servers in the pipeline 260d8aca-b42b-4def-900d-33d7d707c079 as the min replicated index is 4. Deletion is not allowed in this container yet.
2019-10-19 01:16:35,403 [BlockDeletingService#2] WARN  background.BlockDeletingService (BlockDeletingService.java:isDeletionAllowed(187)) - Close Container log Index 6 is not replicated across allthe servers in the pipeline 260d8aca-b42b-4def-900d-33d7d707c079 as the min replicated index is 4. Deletion is not allowed in this container yet.
2019-10-19 01:16:35,628 [EventQueue-ContainerReportForContainerReportHandler] WARN  container.ContainerReportHandler (AbstractContainerReportHandler.java:updateContainerState(145)) - Container #1 is in OPEN state, but the datanode e5f35640-2c6c-4b86-a5ff-33a1451b27ce{ip: 192.168.69.71, host: pr-hdds-2333-vzxj6-995506542, networkLocation: /default-rack, certSerialId: null} reports an CLOSED replica.
2019-10-19 01:16:35,782 [EventQueue-ContainerReportForContainerReportHandler] WARN  container.ContainerReportHandler (AbstractContainerReportHandler.java:updateContainerState(145)) - Container #1 is in OPEN state, but the datanode 3f01402b-307c-4a54-abe6-b677433715ef{ip: 192.168.69.71, host: pr-hdds-2333-vzxj6-995506542, networkLocation: /default-rack, certSerialId: null} reports an CLOSED replica.
2019-10-19 01:16:35,929 [EventQueue-ContainerReportForContainerReportHandler] WARN  container.ContainerReportHandler (AbstractContainerReportHandler.java:updateContainerState(145)) - Container #1 is in OPEN state, but the datanode e5f35640-2c6c-4b86-a5ff-33a1451b27ce{ip: 192.168.69.71, host: pr-hdds-2333-vzxj6-995506542, networkLocation: /default-rack, certSerialId: null} reports an CLOSED replica.
2019-10-19 01:16:35,982 [EventQueue-ContainerReportForContainerReportHandler] WARN  container.ContainerReportHandler (AbstractContainerReportHandler.java:updateContainerState(145)) - Container #1 is in OPEN state, but the datanode 3f01402b-307c-4a54-abe6-b677433715ef{ip: 192.168.69.71, host: pr-hdds-2333-vzxj6-995506542, networkLocation: /default-rack, certSerialId: null} reports an CLOSED replica.
2019-10-19 01:16:36,228 [EventQueue-ContainerReportForContainerReportHandler] WARN  container.ContainerReportHandler (AbstractContainerReportHandler.java:updateContainerState(145)) - Container #1 is in OPEN state, but the datanode e5f35640-2c6c-4b86-a5ff-33a1451b27ce{ip: 192.168.69.71, host: pr-hdds-2333-vzxj6-995506542, networkLocation: /default-rack, certSerialId: null} reports an CLOSED replica.
2019-10-19 01:16:36,282 [EventQueue-ContainerReportForContainerReportHandler] WARN  container.ContainerReportHandler (AbstractContainerReportHandler.java:updateContainerState(145)) - Container #1 is in OPEN state, but the datanode 3f01402b-307c-4a54-abe6-b677433715ef{ip: 192.168.69.71, host: pr-hdds-2333-vzxj6-995506542, networkLocation: /default-rack, certSerialId: null} reports an CLOSED replica.
2019-10-19 01:16:36,405 [BlockDeletingService#2] WARN  background.BlockDeletingService (BlockDeletingService.java:isDeletionAllowed(187)) - Close Container log Index 6 is not replicated across allthe servers in the pipeline 260d8aca-b42b-4def-900d-33d7d707c079 as the min replicated index is 4. Deletion is not allowed in this container yet.
2019-10-19 01:16:36,405 [BlockDeletingService#2] WARN  background.BlockDeletingService (BlockDeletingService.java:isDeletionAllowed(187)) - Close Container log Index 6 is not replicated across allthe servers in the pipeline 260d8aca-b42b-4def-900d-33d7d707c079 as the min replicated index is 4. Deletion is not allowed in this container yet.
2019-10-19 01:16:36,583 [EventQueue-ContainerReportForContainerReportHandler] WARN  container.ContainerReportHandler (AbstractContainerReportHandler.java:updateContainerState(145)) - Container #1 is in OPEN state, but the datanode 3f01402b-307c-4a54-abe6-b677433715ef{ip: 192.168.69.71, host: pr-hdds-2333-vzxj6-995506542, networkLocation: /default-rack, certSerialId: null} reports an CLOSED replica.
2019-10-19 01:16:36,606 [java.util.concurrent.ThreadPoolExecutor$Worker@678808ab[State = -1, empty queue]] WARN  server.GrpcLogAppender (GrpcLogAppender.java:timeoutAppendRequest(209)) - 3f01402b-307c-4a54-abe6-b677433715ef@group-33D7D707C079->8386ee0a-1f3c-47fa-9779-9125ddcf4112-GrpcLogAppender: appendEntries Timeout, request=3f01402b-307c-4a54-abe6-b677433715ef->8386ee0a-1f3c-47fa-9779-9125ddcf4112#38-t4, previous=(t:4, i:10), leaderCommit=10, initializing? false, entries: <empty>
2019-10-19 01:16:36,630 [EventQueue-ContainerReportForContainerReportHandler] WARN  container.ContainerReportHandler (AbstractContainerReportHandler.java:updateContainerState(145)) - Container #1 is in OPEN state, but the datanode e5f35640-2c6c-4b86-a5ff-33a1451b27ce{ip: 192.168.69.71, host: pr-hdds-2333-vzxj6-995506542, networkLocation: /default-rack, certSerialId: null} reports an CLOSED replica.
2019-10-19 01:16:36,883 [EventQueue-ContainerReportForContainerReportHandler] WARN  container.ContainerReportHandler (AbstractContainerReportHandler.java:updateContainerState(145)) - Container #1 is in OPEN state, but the datanode 3f01402b-307c-4a54-abe6-b677433715ef{ip: 192.168.69.71, host: pr-hdds-2333-vzxj6-995506542, networkLocation: /default-rack, certSerialId: null} reports an CLOSED replica.
2019-10-19 01:16:36,932 [EventQueue-ContainerReportForContainerReportHandler] WARN  container.ContainerReportHandler (AbstractContainerReportHandler.java:updateContainerState(145)) - Container #1 is in OPEN state, but the datanode e5f35640-2c6c-4b86-a5ff-33a1451b27ce{ip: 192.168.69.71, host: pr-hdds-2333-vzxj6-995506542, networkLocation: /default-rack, certSerialId: null} reports an CLOSED replica.
2019-10-19 01:16:37,132 [EventQueue-ContainerReportForContainerReportHandler] WARN  container.ContainerReportHandler (AbstractContainerReportHandler.java:updateContainerState(145)) - Container #1 is in OPEN state, but the datanode e5f35640-2c6c-4b86-a5ff-33a1451b27ce{ip: 192.168.69.71, host: pr-hdds-2333-vzxj6-995506542, networkLocation: /default-rack, certSerialId: null} reports an CLOSED replica.
2019-10-19 01:16:37,176 [Thread-450] INFO  client.GrpcClientProtocolService (GrpcClientProtocolService.java:lambda$processClientRequest$0(278)) - Failed RaftClientRequest:client-0C21EF03FE8D->e5f35640-2c6c-4b86-a5ff-33a1451b27ce@group-33D7D707C079, cid=10, seq=0, Watch-ALL_COMMITTED(6), Message:<EMPTY>, reply=RaftClientReply:client-0C21EF03FE8D->e5f35640-2c6c-4b86-a5ff-33a1451b27ce@group-33D7D707C079, cid=10, FAILED org.apache.ratis.protocol.NotLeaderException: Server e5f35640-2c6c-4b86-a5ff-33a1451b27ce@group-33D7D707C079 is not the leader 3f01402b-307c-4a54-abe6-b677433715ef:192.168.69.71:42588, logIndex=0, commits[e5f35640-2c6c-4b86-a5ff-33a1451b27ce:c10, 3f01402b-307c-4a54-abe6-b677433715ef:c10, 8386ee0a-1f3c-47fa-9779-9125ddcf4112:c4]
2019-10-19 01:16:37,183 [EventQueue-ContainerReportForContainerReportHandler] WARN  container.ContainerReportHandler (AbstractContainerReportHandler.java:updateContainerState(145)) - Container #1 is in OPEN state, but the datanode 3f01402b-307c-4a54-abe6-b677433715ef{ip: 192.168.69.71, host: pr-hdds-2333-vzxj6-995506542, networkLocation: /default-rack, certSerialId: null} reports an CLOSED replica.
2019-10-19 01:16:37,407 [BlockDeletingService#2] WARN  background.BlockDeletingService (BlockDeletingService.java:isDeletionAllowed(187)) - Close Container log Index 6 is not replicated across allthe servers in the pipeline 260d8aca-b42b-4def-900d-33d7d707c079 as the min replicated index is 4. Deletion is not allowed in this container yet.
2019-10-19 01:16:37,408 [BlockDeletingService#2] WARN  background.BlockDeletingService (BlockDeletingService.java:isDeletionAllowed(187)) - Close Container log Index 6 is not replicated across allthe servers in the pipeline 260d8aca-b42b-4def-900d-33d7d707c079 as the min replicated index is 4. Deletion is not allowed in this container yet.
2019-10-19 01:16:37,432 [EventQueue-ContainerReportForContainerReportHandler] WARN  container.ContainerReportHandler (AbstractContainerReportHandler.java:updateContainerState(145)) - Container #1 is in OPEN state, but the datanode e5f35640-2c6c-4b86-a5ff-33a1451b27ce{ip: 192.168.69.71, host: pr-hdds-2333-vzxj6-995506542, networkLocation: /default-rack, certSerialId: null} reports an CLOSED replica.
2019-10-19 01:16:37,584 [EventQueue-ContainerReportForContainerReportHandler] WARN  container.ContainerReportHandler (AbstractContainerReportHandler.java:updateContainerState(145)) - Container #1 is in OPEN state, but the datanode 3f01402b-307c-4a54-abe6-b677433715ef{ip: 192.168.69.71, host: pr-hdds-2333-vzxj6-995506542, networkLocation: /default-rack, certSerialId: null} reports an CLOSED replica.
2019-10-19 01:16:37,632 [EventQueue-ContainerReportForContainerReportHandler] WARN  container.ContainerReportHandler (AbstractContainerReportHandler.java:updateContainerState(145)) - Container #1 is in OPEN state, but the datanode e5f35640-2c6c-4b86-a5ff-33a1451b27ce{ip: 192.168.69.71, host: pr-hdds-2333-vzxj6-995506542, networkLocation: /default-rack, certSerialId: null} reports an CLOSED replica.
2019-10-19 01:16:37,883 [EventQueue-ContainerReportForContainerReportHandler] WARN  container.ContainerReportHandler (AbstractContainerReportHandler.java:updateContainerState(145)) - Container #1 is in OPEN state, but the datanode 3f01402b-307c-4a54-abe6-b677433715ef{ip: 192.168.69.71, host: pr-hdds-2333-vzxj6-995506542, networkLocation: /default-rack, certSerialId: null} reports an CLOSED replica.
2019-10-19 01:16:38,032 [EventQueue-ContainerReportForContainerReportHandler] WARN  container.ContainerReportHandler (AbstractContainerReportHandler.java:updateContainerState(145)) - Container #1 is in OPEN state, but the datanode e5f35640-2c6c-4b86-a5ff-33a1451b27ce{ip: 192.168.69.71, host: pr-hdds-2333-vzxj6-995506542, networkLocation: /default-rack, certSerialId: null} reports an CLOSED replica.
2019-10-19 01:16:38,232 [EventQueue-ContainerReportForContainerReportHandler] WARN  container.ContainerReportHandler (AbstractContainerReportHandler.java:updateContainerState(145)) - Container #1 is in OPEN state, but the datanode e5f35640-2c6c-4b86-a5ff-33a1451b27ce{ip: 192.168.69.71, host: pr-hdds-2333-vzxj6-995506542, networkLocation: /default-rack, certSerialId: null} reports an CLOSED replica.
2019-10-19 01:16:38,283 [EventQueue-ContainerReportForContainerReportHandler] WARN  container.ContainerReportHandler (AbstractContainerReportHandler.java:updateContainerState(145)) - Container #1 is in OPEN state, but the datanode 3f01402b-307c-4a54-abe6-b677433715ef{ip: 192.168.69.71, host: pr-hdds-2333-vzxj6-995506542, networkLocation: /default-rack, certSerialId: null} reports an CLOSED replica.
2019-10-19 01:16:38,411 [BlockDeletingService#2] WARN  background.BlockDeletingService (BlockDeletingService.java:isDeletionAllowed(187)) - Close Container log Index 6 is not replicated across allthe servers in the pipeline 260d8aca-b42b-4def-900d-33d7d707c079 as the min replicated index is 4. Deletion is not allowed in this container yet.
2019-10-19 01:16:38,411 [BlockDeletingService#2] WARN  background.BlockDeletingService (BlockDeletingService.java:isDeletionAllowed(187)) - Close Container log Index 6 is not replicated across allthe servers in the pipeline 260d8aca-b42b-4def-900d-33d7d707c079 as the min replicated index is 4. Deletion is not allowed in this container yet.
2019-10-19 01:16:38,483 [EventQueue-ContainerReportForContainerReportHandler] WARN  container.ContainerReportHandler (AbstractContainerReportHandler.java:updateContainerState(145)) - Container #1 is in OPEN state, but the datanode 3f01402b-307c-4a54-abe6-b677433715ef{ip: 192.168.69.71, host: pr-hdds-2333-vzxj6-995506542, networkLocation: /default-rack, certSerialId: null} reports an CLOSED replica.
2019-10-19 01:16:38,632 [EventQueue-ContainerReportForContainerReportHandler] WARN  container.ContainerReportHandler (AbstractContainerReportHandler.java:updateContainerState(145)) - Container #1 is in OPEN state, but the datanode e5f35640-2c6c-4b86-a5ff-33a1451b27ce{ip: 192.168.69.71, host: pr-hdds-2333-vzxj6-995506542, networkLocation: /default-rack, certSerialId: null} reports an CLOSED replica.
2019-10-19 01:16:38,833 [EventQueue-ContainerReportForContainerReportHandler] WARN  container.ContainerReportHandler (AbstractContainerReportHandler.java:updateContainerState(145)) - Container #1 is in OPEN state, but the datanode e5f35640-2c6c-4b86-a5ff-33a1451b27ce{ip: 192.168.69.71, host: pr-hdds-2333-vzxj6-995506542, networkLocation: /default-rack, certSerialId: null} reports an CLOSED replica.
2019-10-19 01:16:38,884 [EventQueue-ContainerReportForContainerReportHandler] WARN  container.ContainerReportHandler (AbstractContainerReportHandler.java:updateContainerState(145)) - Container #1 is in OPEN state, but the datanode 3f01402b-307c-4a54-abe6-b677433715ef{ip: 192.168.69.71, host: pr-hdds-2333-vzxj6-995506542, networkLocation: /default-rack, certSerialId: null} reports an CLOSED replica.
2019-10-19 01:16:38,885 [Thread-458] INFO  client.GrpcClientProtocolService (GrpcClientProtocolService.java:lambda$processClientRequest$0(278)) - Failed RaftClientRequest:client-0C21EF03FE8D->3f01402b-307c-4a54-abe6-b677433715ef@group-33D7D707C079, cid=10, seq=0, Watch-ALL_COMMITTED(6), Message:<EMPTY>, reply=RaftClientReply:client-0C21EF03FE8D->3f01402b-307c-4a54-abe6-b677433715ef@group-33D7D707C079, cid=10, FAILED org.apache.ratis.protocol.NotReplicatedException: Request with call Id 10 and log index 6 is not yet replicated to ALL_COMMITTED, logIndex=6, commits[3f01402b-307c-4a54-abe6-b677433715ef:c10, 8386ee0a-1f3c-47fa-9779-9125ddcf4112:c4, e5f35640-2c6c-4b86-a5ff-33a1451b27ce:c10]
2019-10-19 01:16:39,109 [java.util.concurrent.ThreadPoolExecutor$Worker@678808ab[State = -1, empty queue]] WARN  server.GrpcLogAppender (GrpcLogAppender.java:timeoutAppendRequest(209)) - 3f01402b-307c-4a54-abe6-b677433715ef@group-33D7D707C079->8386ee0a-1f3c-47fa-9779-9125ddcf4112-GrpcLogAppender: appendEntries Timeout, request=3f01402b-307c-4a54-abe6-b677433715ef->8386ee0a-1f3c-47fa-9779-9125ddcf4112#39-t4, previous=(t:4, i:10), leaderCommit=10, initializing? false, entries: <empty>
2019-10-19 01:16:39,185 [EventQueue-ContainerReportForContainerReportHandler] WARN  container.ContainerReportHandler (AbstractContainerReportHandler.java:updateContainerState(145)) - Container #1 is in OPEN state, but the datanode 3f01402b-307c-4a54-abe6-b677433715ef{ip: 192.168.69.71, host: pr-hdds-2333-vzxj6-995506542, networkLocation: /default-rack, certSerialId: null} reports an CLOSED replica.
2019-10-19 01:16:39,232 [EventQueue-ContainerReportForContainerReportHandler] WARN  container.ContainerReportHandler (AbstractContainerReportHandler.java:updateContainerState(145)) - Container #1 is in OPEN state, but the datanode e5f35640-2c6c-4b86-a5ff-33a1451b27ce{ip: 192.168.69.71, host: pr-hdds-2333-vzxj6-995506542, networkLocation: /default-rack, certSerialId: null} reports an CLOSED replica.
2019-10-19 01:16:39,413 [BlockDeletingService#2] WARN  background.BlockDeletingService (BlockDeletingService.java:isDeletionAllowed(187)) - Close Container log Index 6 is not replicated across allthe servers in the pipeline 260d8aca-b42b-4def-900d-33d7d707c079 as the min replicated index is 4. Deletion is not allowed in this container yet.
2019-10-19 01:16:39,413 [BlockDeletingService#2] WARN  background.BlockDeletingService (BlockDeletingService.java:isDeletionAllowed(187)) - Close Container log Index 6 is not replicated across allthe servers in the pipeline 260d8aca-b42b-4def-900d-33d7d707c079 as the min replicated index is 4. Deletion is not allowed in this container yet.
2019-10-19 01:16:39,432 [EventQueue-ContainerReportForContainerReportHandler] WARN  container.ContainerReportHandler (AbstractContainerReportHandler.java:updateContainerState(145)) - Container #1 is in OPEN state, but the datanode e5f35640-2c6c-4b86-a5ff-33a1451b27ce{ip: 192.168.69.71, host: pr-hdds-2333-vzxj6-995506542, networkLocation: /default-rack, certSerialId: null} reports an CLOSED replica.
2019-10-19 01:16:39,585 [EventQueue-ContainerReportForContainerReportHandler] WARN  container.ContainerReportHandler (AbstractContainerReportHandler.java:updateContainerState(145)) - Container #1 is in OPEN state, but the datanode 3f01402b-307c-4a54-abe6-b677433715ef{ip: 192.168.69.71, host: pr-hdds-2333-vzxj6-995506542, networkLocation: /default-rack, certSerialId: null} reports an CLOSED replica.
2019-10-19 01:16:39,632 [EventQueue-ContainerReportForContainerReportHandler] WARN  container.ContainerReportHandler (AbstractContainerReportHandler.java:updateContainerState(145)) - Container #1 is in OPEN state, but the datanode e5f35640-2c6c-4b86-a5ff-33a1451b27ce{ip: 192.168.69.71, host: pr-hdds-2333-vzxj6-995506542, networkLocation: /default-rack, certSerialId: null} reports an CLOSED replica.
2019-10-19 01:16:39,833 [EventQueue-ContainerReportForContainerReportHandler] WARN  container.ContainerReportHandler (AbstractContainerReportHandler.java:updateContainerState(145)) - Container #1 is in OPEN state, but the datanode e5f35640-2c6c-4b86-a5ff-33a1451b27ce{ip: 192.168.69.71, host: pr-hdds-2333-vzxj6-995506542, networkLocation: /default-rack, certSerialId: null} reports an CLOSED replica.
2019-10-19 01:16:39,885 [EventQueue-ContainerReportForContainerReportHandler] WARN  container.ContainerReportHandler (AbstractContainerReportHandler.java:updateContainerState(145)) - Container #1 is in OPEN state, but the datanode 3f01402b-307c-4a54-abe6-b677433715ef{ip: 192.168.69.71, host: pr-hdds-2333-vzxj6-995506542, networkLocation: /default-rack, certSerialId: null} reports an CLOSED replica.
2019-10-19 01:16:40,133 [EventQueue-ContainerReportForContainerReportHandler] WARN  container.ContainerReportHandler (AbstractContainerReportHandler.java:updateContainerState(145)) - Container #1 is in OPEN state, but the datanode e5f35640-2c6c-4b86-a5ff-33a1451b27ce{ip: 192.168.69.71, host: pr-hdds-2333-vzxj6-995506542, networkLocation: /default-rack, certSerialId: null} reports an CLOSED replica.
2019-10-19 01:16:40,285 [EventQueue-ContainerReportForContainerReportHandler] WARN  container.ContainerReportHandler (AbstractContainerReportHandler.java:updateContainerState(145)) - Container #1 is in OPEN state, but the datanode 3f01402b-307c-4a54-abe6-b677433715ef{ip: 192.168.69.71, host: pr-hdds-2333-vzxj6-995506542, networkLocation: /default-rack, certSerialId: null} reports an CLOSED replica.
2019-10-19 01:16:40,415 [BlockDeletingService#2] WARN  background.BlockDeletingService (BlockDeletingService.java:isDeletionAllowed(187)) - Close Container log Index 6 is not replicated across allthe servers in the pipeline 260d8aca-b42b-4def-900d-33d7d707c079 as the min replicated index is 4. Deletion is not allowed in this container yet.
2019-10-19 01:16:40,415 [BlockDeletingService#2] WARN  background.BlockDeletingService (BlockDeletingService.java:isDeletionAllowed(187)) - Close Container log Index 6 is not replicated across allthe servers in the pipeline 260d8aca-b42b-4def-900d-33d7d707c079 as the min replicated index is 4. Deletion is not allowed in this container yet.
2019-10-19 01:16:40,486 [EventQueue-ContainerReportForContainerReportHandler] WARN  container.ContainerReportHandler (AbstractContainerReportHandler.java:updateContainerState(145)) - Container #1 is in OPEN state, but the datanode 3f01402b-307c-4a54-abe6-b677433715ef{ip: 192.168.69.71, host: pr-hdds-2333-vzxj6-995506542, networkLocation: /default-rack, certSerialId: null} reports an CLOSED replica.
2019-10-19 01:16:40,533 [EventQueue-ContainerReportForContainerReportHandler] WARN  container.ContainerReportHandler (AbstractContainerReportHandler.java:updateContainerState(145)) - Container #1 is in OPEN state, but the datanode e5f35640-2c6c-4b86-a5ff-33a1451b27ce{ip: 192.168.69.71, host: pr-hdds-2333-vzxj6-995506542, networkLocation: /default-rack, certSerialId: null} reports an CLOSED replica.
2019-10-19 01:16:40,786 [EventQueue-ContainerReportForContainerReportHandler] WARN  container.ContainerReportHandler (AbstractContainerReportHandler.java:updateContainerState(145)) - Container #1 is in OPEN state, but the datanode 3f01402b-307c-4a54-abe6-b677433715ef{ip: 192.168.69.71, host: pr-hdds-2333-vzxj6-995506542, networkLocation: /default-rack, certSerialId: null} reports an CLOSED replica.
2019-10-19 01:16:40,833 [EventQueue-ContainerReportForContainerReportHandler] WARN  container.ContainerReportHandler (AbstractContainerReportHandler.java:updateContainerState(145)) - Container #1 is in OPEN state, but the datanode e5f35640-2c6c-4b86-a5ff-33a1451b27ce{ip: 192.168.69.71, host: pr-hdds-2333-vzxj6-995506542, networkLocation: /default-rack, certSerialId: null} reports an CLOSED replica.
2019-10-19 01:16:41,034 [EventQueue-ContainerReportForContainerReportHandler] WARN  container.ContainerReportHandler (AbstractContainerReportHandler.java:updateContainerState(145)) - Container #1 is in OPEN state, but the datanode e5f35640-2c6c-4b86-a5ff-33a1451b27ce{ip: 192.168.69.71, host: pr-hdds-2333-vzxj6-995506542, networkLocation: /default-rack, certSerialId: null} reports an CLOSED replica.
2019-10-19 01:16:41,086 [EventQueue-ContainerReportForContainerReportHandler] WARN  container.ContainerReportHandler (AbstractContainerReportHandler.java:updateContainerState(145)) - Container #1 is in OPEN state, but the datanode 3f01402b-307c-4a54-abe6-b677433715ef{ip: 192.168.69.71, host: pr-hdds-2333-vzxj6-995506542, networkLocation: /default-rack, certSerialId: null} reports an CLOSED replica.
2019-10-19 01:16:41,387 [EventQueue-ContainerReportForContainerReportHandler] WARN  container.ContainerReportHandler (AbstractContainerReportHandler.java:updateContainerState(145)) - Container #1 is in OPEN state, but the datanode 3f01402b-307c-4a54-abe6-b677433715ef{ip: 192.168.69.71, host: pr-hdds-2333-vzxj6-995506542, networkLocation: /default-rack, certSerialId: null} reports an CLOSED replica.
2019-10-19 01:16:41,417 [BlockDeletingService#2] WARN  background.BlockDeletingService (BlockDeletingService.java:isDeletionAllowed(187)) - Close Container log Index 6 is not replicated across allthe servers in the pipeline 260d8aca-b42b-4def-900d-33d7d707c079 as the min replicated index is 4. Deletion is not allowed in this container yet.
2019-10-19 01:16:41,417 [BlockDeletingService#2] WARN  background.BlockDeletingService (BlockDeletingService.java:isDeletionAllowed(187)) - Close Container log Index 6 is not replicated across allthe servers in the pipeline 260d8aca-b42b-4def-900d-33d7d707c079 as the min replicated index is 4. Deletion is not allowed in this container yet.
2019-10-19 01:16:41,435 [EventQueue-ContainerReportForContainerReportHandler] WARN  container.ContainerReportHandler (AbstractContainerReportHandler.java:updateContainerState(145)) - Container #1 is in OPEN state, but the datanode e5f35640-2c6c-4b86-a5ff-33a1451b27ce{ip: 192.168.69.71, host: pr-hdds-2333-vzxj6-995506542, networkLocation: /default-rack, certSerialId: null} reports an CLOSED replica.
2019-10-19 01:16:41,611 [java.util.concurrent.ThreadPoolExecutor$Worker@678808ab[State = -1, empty queue]] WARN  server.GrpcLogAppender (GrpcLogAppender.java:timeoutAppendRequest(209)) - 3f01402b-307c-4a54-abe6-b677433715ef@group-33D7D707C079->8386ee0a-1f3c-47fa-9779-9125ddcf4112-GrpcLogAppender: appendEntries Timeout, request=3f01402b-307c-4a54-abe6-b677433715ef->8386ee0a-1f3c-47fa-9779-9125ddcf4112#40-t4, previous=(t:4, i:10), leaderCommit=10, initializing? false, entries: <empty>
2019-10-19 01:16:41,687 [EventQueue-ContainerReportForContainerReportHandler] WARN  container.ContainerReportHandler (AbstractContainerReportHandler.java:updateContainerState(145)) - Container #1 is in OPEN state, but the datanode 3f01402b-307c-4a54-abe6-b677433715ef{ip: 192.168.69.71, host: pr-hdds-2333-vzxj6-995506542, networkLocation: /default-rack, certSerialId: null} reports an CLOSED replica.
2019-10-19 01:16:41,736 [EventQueue-ContainerReportForContainerReportHandler] WARN  container.ContainerReportHandler (AbstractContainerReportHandler.java:updateContainerState(145)) - Container #1 is in OPEN state, but the datanode e5f35640-2c6c-4b86-a5ff-33a1451b27ce{ip: 192.168.69.71, host: pr-hdds-2333-vzxj6-995506542, networkLocation: /default-rack, certSerialId: null} reports an CLOSED replica.
2019-10-19 01:16:41,986 [EventQueue-ContainerReportForContainerReportHandler] WARN  container.ContainerReportHandler (AbstractContainerReportHandler.java:updateContainerState(145)) - Container #1 is in OPEN state, but the datanode 3f01402b-307c-4a54-abe6-b677433715ef{ip: 192.168.69.71, host: pr-hdds-2333-vzxj6-995506542, networkLocation: /default-rack, certSerialId: null} reports an CLOSED replica.
2019-10-19 01:16:42,037 [EventQueue-ContainerReportForContainerReportHandler] WARN  container.ContainerReportHandler (AbstractContainerReportHandler.java:updateContainerState(145)) - Container #1 is in OPEN state, but the datanode e5f35640-2c6c-4b86-a5ff-33a1451b27ce{ip: 192.168.69.71, host: pr-hdds-2333-vzxj6-995506542, networkLocation: /default-rack, certSerialId: null} reports an CLOSED replica.
2019-10-19 01:16:42,287 [EventQueue-ContainerReportForContainerReportHandler] WARN  container.ContainerReportHandler (AbstractContainerReportHandler.java:updateContainerState(145)) - Container #1 is in OPEN state, but the datanode 3f01402b-307c-4a54-abe6-b677433715ef{ip: 192.168.69.71, host: pr-hdds-2333-vzxj6-995506542, networkLocation: /default-rack, certSerialId: null} reports an CLOSED replica.
2019-10-19 01:16:42,338 [EventQueue-ContainerReportForContainerReportHandler] WARN  container.ContainerReportHandler (AbstractContainerReportHandler.java:updateContainerState(145)) - Container #1 is in OPEN state, but the datanode e5f35640-2c6c-4b86-a5ff-33a1451b27ce{ip: 192.168.69.71, host: pr-hdds-2333-vzxj6-995506542, networkLocation: /default-rack, certSerialId: null} reports an CLOSED replica.
2019-10-19 01:16:42,432 [BlockDeletingService#2] WARN  background.BlockDeletingService (BlockDeletingService.java:isDeletionAllowed(187)) - Close Container log Index 6 is not replicated across allthe servers in the pipeline 260d8aca-b42b-4def-900d-33d7d707c079 as the min replicated index is 4. Deletion is not allowed in this container yet.
2019-10-19 01:16:42,433 [BlockDeletingService#2] WARN  background.BlockDeletingService (BlockDeletingService.java:isDeletionAllowed(187)) - Close Container log Index 6 is not replicated across allthe servers in the pipeline 260d8aca-b42b-4def-900d-33d7d707c079 as the min replicated index is 4. Deletion is not allowed in this container yet.
2019-10-19 01:16:42,586 [EventQueue-ContainerReportForContainerReportHandler] WARN  container.ContainerReportHandler (AbstractContainerReportHandler.java:updateContainerState(145)) - Container #1 is in OPEN state, but the datanode 3f01402b-307c-4a54-abe6-b677433715ef{ip: 192.168.69.71, host: pr-hdds-2333-vzxj6-995506542, networkLocation: /default-rack, certSerialId: null} reports an CLOSED replica.
2019-10-19 01:16:42,637 [EventQueue-ContainerReportForContainerReportHandler] WARN  container.ContainerReportHandler (AbstractContainerReportHandler.java:updateContainerState(145)) - Container #1 is in OPEN state, but the datanode e5f35640-2c6c-4b86-a5ff-33a1451b27ce{ip: 192.168.69.71, host: pr-hdds-2333-vzxj6-995506542, networkLocation: /default-rack, certSerialId: null} reports an CLOSED replica.
2019-10-19 01:16:42,787 [EventQueue-ContainerReportForContainerReportHandler] WARN  container.ContainerReportHandler (AbstractContainerReportHandler.java:updateContainerState(145)) - Container #1 is in OPEN state, but the datanode 3f01402b-307c-4a54-abe6-b677433715ef{ip: 192.168.69.71, host: pr-hdds-2333-vzxj6-995506542, networkLocation: /default-rack, certSerialId: null} reports an CLOSED replica.
2019-10-19 01:16:42,937 [EventQueue-ContainerReportForContainerReportHandler] WARN  container.ContainerReportHandler (AbstractContainerReportHandler.java:updateContainerState(145)) - Container #1 is in OPEN state, but the datanode e5f35640-2c6c-4b86-a5ff-33a1451b27ce{ip: 192.168.69.71, host: pr-hdds-2333-vzxj6-995506542, networkLocation: /default-rack, certSerialId: null} reports an CLOSED replica.
2019-10-19 01:16:42,987 [EventQueue-ContainerReportForContainerReportHandler] WARN  container.ContainerReportHandler (AbstractContainerReportHandler.java:updateContainerState(145)) - Container #1 is in OPEN state, but the datanode 3f01402b-307c-4a54-abe6-b677433715ef{ip: 192.168.69.71, host: pr-hdds-2333-vzxj6-995506542, networkLocation: /default-rack, certSerialId: null} reports an CLOSED replica.
2019-10-19 01:16:43,238 [EventQueue-ContainerReportForContainerReportHandler] WARN  container.ContainerReportHandler (AbstractContainerReportHandler.java:updateContainerState(145)) - Container #1 is in OPEN state, but the datanode e5f35640-2c6c-4b86-a5ff-33a1451b27ce{ip: 192.168.69.71, host: pr-hdds-2333-vzxj6-995506542, networkLocation: /default-rack, certSerialId: null} reports an CLOSED replica.
2019-10-19 01:16:43,287 [EventQueue-ContainerReportForContainerReportHandler] WARN  container.ContainerReportHandler (AbstractContainerReportHandler.java:updateContainerState(145)) - Container #1 is in OPEN state, but the datanode 3f01402b-307c-4a54-abe6-b677433715ef{ip: 192.168.69.71, host: pr-hdds-2333-vzxj6-995506542, networkLocation: /default-rack, certSerialId: null} reports an CLOSED replica.
2019-10-19 01:16:43,434 [BlockDeletingService#2] WARN  background.BlockDeletingService (BlockDeletingService.java:isDeletionAllowed(187)) - Close Container log Index 6 is not replicated across allthe servers in the pipeline 260d8aca-b42b-4def-900d-33d7d707c079 as the min replicated index is 4. Deletion is not allowed in this container yet.
2019-10-19 01:16:43,434 [BlockDeletingService#2] WARN  background.BlockDeletingService (BlockDeletingService.java:isDeletionAllowed(187)) - Close Container log Index 6 is not replicated across allthe servers in the pipeline 260d8aca-b42b-4def-900d-33d7d707c079 as the min replicated index is 4. Deletion is not allowed in this container yet.
2019-10-19 01:16:43,439 [EventQueue-ContainerReportForContainerReportHandler] WARN  container.ContainerReportHandler (AbstractContainerReportHandler.java:updateContainerState(145)) - Container #1 is in OPEN state, but the datanode e5f35640-2c6c-4b86-a5ff-33a1451b27ce{ip: 192.168.69.71, host: pr-hdds-2333-vzxj6-995506542, networkLocation: /default-rack, certSerialId: null} reports an CLOSED replica.
2019-10-19 01:16:43,688 [EventQueue-ContainerReportForContainerReportHandler] WARN  container.ContainerReportHandler (AbstractContainerReportHandler.java:updateContainerState(145)) - Container #1 is in OPEN state, but the datanode 3f01402b-307c-4a54-abe6-b677433715ef{ip: 192.168.69.71, host: pr-hdds-2333-vzxj6-995506542, networkLocation: /default-rack, certSerialId: null} reports an CLOSED replica.
2019-10-19 01:16:43,839 [EventQueue-ContainerReportForContainerReportHandler] WARN  container.ContainerReportHandler (AbstractContainerReportHandler.java:updateContainerState(145)) - Container #1 is in OPEN state, but the datanode e5f35640-2c6c-4b86-a5ff-33a1451b27ce{ip: 192.168.69.71, host: pr-hdds-2333-vzxj6-995506542, networkLocation: /default-rack, certSerialId: null} reports an CLOSED replica.
2019-10-19 01:16:43,887 [EventQueue-ContainerReportForContainerReportHandler] WARN  container.ContainerReportHandler (AbstractContainerReportHandler.java:updateContainerState(145)) - Container #1 is in OPEN state, but the datanode 3f01402b-307c-4a54-abe6-b677433715ef{ip: 192.168.69.71, host: pr-hdds-2333-vzxj6-995506542, networkLocation: /default-rack, certSerialId: null} reports an CLOSED replica.
2019-10-19 01:16:44,039 [EventQueue-ContainerReportForContainerReportHandler] WARN  container.ContainerReportHandler (AbstractContainerReportHandler.java:updateContainerState(145)) - Container #1 is in OPEN state, but the datanode e5f35640-2c6c-4b86-a5ff-33a1451b27ce{ip: 192.168.69.71, host: pr-hdds-2333-vzxj6-995506542, networkLocation: /default-rack, certSerialId: null} reports an CLOSED replica.
2019-10-19 01:16:44,112 [java.util.concurrent.ThreadPoolExecutor$Worker@678808ab[State = -1, empty queue]] WARN  server.GrpcLogAppender (GrpcLogAppender.java:timeoutAppendRequest(209)) - 3f01402b-307c-4a54-abe6-b677433715ef@group-33D7D707C079->8386ee0a-1f3c-47fa-9779-9125ddcf4112-GrpcLogAppender: appendEntries Timeout, request=3f01402b-307c-4a54-abe6-b677433715ef->8386ee0a-1f3c-47fa-9779-9125ddcf4112#41-t4, previous=(t:4, i:10), leaderCommit=10, initializing? false, entries: <empty>
2019-10-19 01:16:44,188 [EventQueue-ContainerReportForContainerReportHandler] WARN  container.ContainerReportHandler (AbstractContainerReportHandler.java:updateContainerState(145)) - Container #1 is in OPEN state, but the datanode 3f01402b-307c-4a54-abe6-b677433715ef{ip: 192.168.69.71, host: pr-hdds-2333-vzxj6-995506542, networkLocation: /default-rack, certSerialId: null} reports an CLOSED replica.
2019-10-19 01:16:44,339 [EventQueue-ContainerReportForContainerReportHandler] WARN  container.ContainerReportHandler (AbstractContainerReportHandler.java:updateContainerState(145)) - Container #1 is in OPEN state, but the datanode e5f35640-2c6c-4b86-a5ff-33a1451b27ce{ip: 192.168.69.71, host: pr-hdds-2333-vzxj6-995506542, networkLocation: /default-rack, certSerialId: null} reports an CLOSED replica.
2019-10-19 01:16:44,436 [BlockDeletingService#2] WARN  background.BlockDeletingService (BlockDeletingService.java:isDeletionAllowed(187)) - Close Container log Index 6 is not replicated across allthe servers in the pipeline 260d8aca-b42b-4def-900d-33d7d707c079 as the min replicated index is 4. Deletion is not allowed in this container yet.
2019-10-19 01:16:44,436 [BlockDeletingService#2] WARN  background.BlockDeletingService (BlockDeletingService.java:isDeletionAllowed(187)) - Close Container log Index 6 is not replicated across allthe servers in the pipeline 260d8aca-b42b-4def-900d-33d7d707c079 as the min replicated index is 4. Deletion is not allowed in this container yet.
2019-10-19 01:16:44,488 [EventQueue-ContainerReportForContainerReportHandler] WARN  container.ContainerReportHandler (AbstractContainerReportHandler.java:updateContainerState(145)) - Container #1 is in OPEN state, but the datanode 3f01402b-307c-4a54-abe6-b677433715ef{ip: 192.168.69.71, host: pr-hdds-2333-vzxj6-995506542, networkLocation: /default-rack, certSerialId: null} reports an CLOSED replica.
2019-10-19 01:16:44,539 [EventQueue-ContainerReportForContainerReportHandler] WARN  container.ContainerReportHandler (AbstractContainerReportHandler.java:updateContainerState(145)) - Container #1 is in OPEN state, but the datanode e5f35640-2c6c-4b86-a5ff-33a1451b27ce{ip: 192.168.69.71, host: pr-hdds-2333-vzxj6-995506542, networkLocation: /default-rack, certSerialId: null} reports an CLOSED replica.
2019-10-19 01:16:44,888 [EventQueue-ContainerReportForContainerReportHandler] WARN  container.ContainerReportHandler (AbstractContainerReportHandler.java:updateContainerState(145)) - Container #1 is in OPEN state, but the datanode 3f01402b-307c-4a54-abe6-b677433715ef{ip: 192.168.69.71, host: pr-hdds-2333-vzxj6-995506542, networkLocation: /default-rack, certSerialId: null} reports an CLOSED replica.
2019-10-19 01:16:44,939 [EventQueue-ContainerReportForContainerReportHandler] WARN  container.ContainerReportHandler (AbstractContainerReportHandler.java:updateContainerState(145)) - Container #1 is in OPEN state, but the datanode e5f35640-2c6c-4b86-a5ff-33a1451b27ce{ip: 192.168.69.71, host: pr-hdds-2333-vzxj6-995506542, networkLocation: /default-rack, certSerialId: null} reports an CLOSED replica.
2019-10-19 01:16:45,188 [EventQueue-ContainerReportForContainerReportHandler] WARN  container.ContainerReportHandler (AbstractContainerReportHandler.java:updateContainerState(145)) - Container #1 is in OPEN state, but the datanode 3f01402b-307c-4a54-abe6-b677433715ef{ip: 192.168.69.71, host: pr-hdds-2333-vzxj6-995506542, networkLocation: /default-rack, certSerialId: null} reports an CLOSED replica.
2019-10-19 01:16:45,341 [EventQueue-ContainerReportForContainerReportHandler] WARN  container.ContainerReportHandler (AbstractContainerReportHandler.java:updateContainerState(145)) - Container #1 is in OPEN state, but the datanode e5f35640-2c6c-4b86-a5ff-33a1451b27ce{ip: 192.168.69.71, host: pr-hdds-2333-vzxj6-995506542, networkLocation: /default-rack, certSerialId: null} reports an CLOSED replica.
2019-10-19 01:16:45,438 [BlockDeletingService#2] WARN  background.BlockDeletingService (BlockDeletingService.java:isDeletionAllowed(187)) - Close Container log Index 6 is not replicated across allthe servers in the pipeline 260d8aca-b42b-4def-900d-33d7d707c079 as the min replicated index is 4. Deletion is not allowed in this container yet.
2019-10-19 01:16:45,438 [BlockDeletingService#2] WARN  background.BlockDeletingService (BlockDeletingService.java:isDeletionAllowed(187)) - Close Container log Index 6 is not replicated across allthe servers in the pipeline 260d8aca-b42b-4def-900d-33d7d707c079 as the min replicated index is 4. Deletion is not allowed in this container yet.
2019-10-19 01:16:45,488 [EventQueue-ContainerReportForContainerReportHandler] WARN  container.ContainerReportHandler (AbstractContainerReportHandler.java:updateContainerState(145)) - Container #1 is in OPEN state, but the datanode 3f01402b-307c-4a54-abe6-b677433715ef{ip: 192.168.69.71, host: pr-hdds-2333-vzxj6-995506542, networkLocation: /default-rack, certSerialId: null} reports an CLOSED replica.
2019-10-19 01:16:45,540 [EventQueue-ContainerReportForContainerReportHandler] WARN  container.ContainerReportHandler (AbstractContainerReportHandler.java:updateContainerState(145)) - Container #1 is in OPEN state, but the datanode e5f35640-2c6c-4b86-a5ff-33a1451b27ce{ip: 192.168.69.71, host: pr-hdds-2333-vzxj6-995506542, networkLocation: /default-rack, certSerialId: null} reports an CLOSED replica.
2019-10-19 01:16:45,688 [EventQueue-ContainerReportForContainerReportHandler] WARN  container.ContainerReportHandler (AbstractContainerReportHandler.java:updateContainerState(145)) - Container #1 is in OPEN state, but the datanode 3f01402b-307c-4a54-abe6-b677433715ef{ip: 192.168.69.71, host: pr-hdds-2333-vzxj6-995506542, networkLocation: /default-rack, certSerialId: null} reports an CLOSED replica.
2019-10-19 01:16:45,940 [EventQueue-ContainerReportForContainerReportHandler] WARN  container.ContainerReportHandler (AbstractContainerReportHandler.java:updateContainerState(145)) - Container #1 is in OPEN state, but the datanode e5f35640-2c6c-4b86-a5ff-33a1451b27ce{ip: 192.168.69.71, host: pr-hdds-2333-vzxj6-995506542, networkLocation: /default-rack, certSerialId: null} reports an CLOSED replica.
2019-10-19 01:16:45,988 [EventQueue-ContainerReportForContainerReportHandler] WARN  container.ContainerReportHandler (AbstractContainerReportHandler.java:updateContainerState(145)) - Container #1 is in OPEN state, but the datanode 3f01402b-307c-4a54-abe6-b677433715ef{ip: 192.168.69.71, host: pr-hdds-2333-vzxj6-995506542, networkLocation: /default-rack, certSerialId: null} reports an CLOSED replica.
2019-10-19 01:16:46,288 [EventQueue-ContainerReportForContainerReportHandler] WARN  container.ContainerReportHandler (AbstractContainerReportHandler.java:updateContainerState(145)) - Container #1 is in OPEN state, but the datanode 3f01402b-307c-4a54-abe6-b677433715ef{ip: 192.168.69.71, host: pr-hdds-2333-vzxj6-995506542, networkLocation: /default-rack, certSerialId: null} reports an CLOSED replica.
2019-10-19 01:16:46,341 [EventQueue-ContainerReportForContainerReportHandler] WARN  container.ContainerReportHandler (AbstractContainerReportHandler.java:updateContainerState(145)) - Container #1 is in OPEN state, but the datanode e5f35640-2c6c-4b86-a5ff-33a1451b27ce{ip: 192.168.69.71, host: pr-hdds-2333-vzxj6-995506542, networkLocation: /default-rack, certSerialId: null} reports an CLOSED replica.
2019-10-19 01:16:46,440 [BlockDeletingService#2] WARN  background.BlockDeletingService (BlockDeletingService.java:isDeletionAllowed(187)) - Close Container log Index 6 is not replicated across allthe servers in the pipeline 260d8aca-b42b-4def-900d-33d7d707c079 as the min replicated index is 4. Deletion is not allowed in this container yet.
2019-10-19 01:16:46,440 [BlockDeletingService#2] WARN  background.BlockDeletingService (BlockDeletingService.java:isDeletionAllowed(187)) - Close Container log Index 6 is not replicated across allthe servers in the pipeline 260d8aca-b42b-4def-900d-33d7d707c079 as the min replicated index is 4. Deletion is not allowed in this container yet.
2019-10-19 01:16:46,588 [EventQueue-ContainerReportForContainerReportHandler] WARN  container.ContainerReportHandler (AbstractContainerReportHandler.java:updateContainerState(145)) - Container #1 is in OPEN state, but the datanode 3f01402b-307c-4a54-abe6-b677433715ef{ip: 192.168.69.71, host: pr-hdds-2333-vzxj6-995506542, networkLocation: /default-rack, certSerialId: null} reports an CLOSED replica.
2019-10-19 01:16:46,613 [java.util.concurrent.ThreadPoolExecutor$Worker@678808ab[State = -1, empty queue]] WARN  server.GrpcLogAppender (GrpcLogAppender.java:timeoutAppendRequest(209)) - 3f01402b-307c-4a54-abe6-b677433715ef@group-33D7D707C079->8386ee0a-1f3c-47fa-9779-9125ddcf4112-GrpcLogAppender: appendEntries Timeout, request=3f01402b-307c-4a54-abe6-b677433715ef->8386ee0a-1f3c-47fa-9779-9125ddcf4112#42-t4, previous=(t:4, i:10), leaderCommit=10, initializing? false, entries: <empty>
2019-10-19 01:16:46,641 [EventQueue-ContainerReportForContainerReportHandler] WARN  container.ContainerReportHandler (AbstractContainerReportHandler.java:updateContainerState(145)) - Container #1 is in OPEN state, but the datanode e5f35640-2c6c-4b86-a5ff-33a1451b27ce{ip: 192.168.69.71, host: pr-hdds-2333-vzxj6-995506542, networkLocation: /default-rack, certSerialId: null} reports an CLOSED replica.
2019-10-19 01:16:46,842 [EventQueue-ContainerReportForContainerReportHandler] WARN  container.ContainerReportHandler (AbstractContainerReportHandler.java:updateContainerState(145)) - Container #1 is in OPEN state, but the datanode e5f35640-2c6c-4b86-a5ff-33a1451b27ce{ip: 192.168.69.71, host: pr-hdds-2333-vzxj6-995506542, networkLocation: /default-rack, certSerialId: null} reports an CLOSED replica.
2019-10-19 01:16:46,988 [EventQueue-ContainerReportForContainerReportHandler] WARN  container.ContainerReportHandler (AbstractContainerReportHandler.java:updateContainerState(145)) - Container #1 is in OPEN state, but the datanode 3f01402b-307c-4a54-abe6-b677433715ef{ip: 192.168.69.71, host: pr-hdds-2333-vzxj6-995506542, networkLocation: /default-rack, certSerialId: null} reports an CLOSED replica.
2019-10-19 01:16:47,142 [EventQueue-ContainerReportForContainerReportHandler] WARN  container.ContainerReportHandler (AbstractContainerReportHandler.java:updateContainerState(145)) - Container #1 is in OPEN state, but the datanode e5f35640-2c6c-4b86-a5ff-33a1451b27ce{ip: 192.168.69.71, host: pr-hdds-2333-vzxj6-995506542, networkLocation: /default-rack, certSerialId: null} reports an CLOSED replica.
2019-10-19 01:16:47,187 [EventQueue-ContainerReportForContainerReportHandler] WARN  container.ContainerReportHandler (AbstractContainerReportHandler.java:updateContainerState(145)) - Container #1 is in OPEN state, but the datanode 3f01402b-307c-4a54-abe6-b677433715ef{ip: 192.168.69.71, host: pr-hdds-2333-vzxj6-995506542, networkLocation: /default-rack, certSerialId: null} reports an CLOSED replica.
2019-10-19 01:16:47,343 [EventQueue-ContainerReportForContainerReportHandler] WARN  container.ContainerReportHandler (AbstractContainerReportHandler.java:updateContainerState(145)) - Container #1 is in OPEN state, but the datanode e5f35640-2c6c-4b86-a5ff-33a1451b27ce{ip: 192.168.69.71, host: pr-hdds-2333-vzxj6-995506542, networkLocation: /default-rack, certSerialId: null} reports an CLOSED replica.
2019-10-19 01:16:47,442 [BlockDeletingService#2] WARN  background.BlockDeletingService (BlockDeletingService.java:isDeletionAllowed(187)) - Close Container log Index 6 is not replicated across allthe servers in the pipeline 260d8aca-b42b-4def-900d-33d7d707c079 as the min replicated index is 4. Deletion is not allowed in this container yet.
2019-10-19 01:16:47,442 [BlockDeletingService#2] WARN  background.BlockDeletingService (BlockDeletingService.java:isDeletionAllowed(187)) - Close Container log Index 6 is not replicated across allthe servers in the pipeline 260d8aca-b42b-4def-900d-33d7d707c079 as the min replicated index is 4. Deletion is not allowed in this container yet.
2019-10-19 01:16:47,488 [EventQueue-ContainerReportForContainerReportHandler] WARN  container.ContainerReportHandler (AbstractContainerReportHandler.java:updateContainerState(145)) - Container #1 is in OPEN state, but the datanode 3f01402b-307c-4a54-abe6-b677433715ef{ip: 192.168.69.71, host: pr-hdds-2333-vzxj6-995506542, networkLocation: /default-rack, certSerialId: null} reports an CLOSED replica.
2019-10-19 01:16:47,545 [EventQueue-ContainerReportForContainerReportHandler] WARN  container.ContainerReportHandler (AbstractContainerReportHandler.java:updateContainerState(145)) - Container #1 is in OPEN state, but the datanode e5f35640-2c6c-4b86-a5ff-33a1451b27ce{ip: 192.168.69.71, host: pr-hdds-2333-vzxj6-995506542, networkLocation: /default-rack, certSerialId: null} reports an CLOSED replica.
2019-10-19 01:16:47,885 [Thread-484] INFO  client.GrpcClientProtocolService (GrpcClientProtocolService.java:lambda$processClientRequest$0(278)) - Failed RaftClientRequest:client-0C21EF03FE8D->3f01402b-307c-4a54-abe6-b677433715ef@group-33D7D707C079, cid=10, seq=0, Watch-ALL_COMMITTED(6), Message:<EMPTY>, reply=RaftClientReply:client-0C21EF03FE8D->3f01402b-307c-4a54-abe6-b677433715ef@group-33D7D707C079, cid=10, FAILED org.apache.ratis.protocol.NotReplicatedException: Request with call Id 10 and log index 6 is not yet replicated to ALL_COMMITTED, logIndex=6, commits[3f01402b-307c-4a54-abe6-b677433715ef:c10, 8386ee0a-1f3c-47fa-9779-9125ddcf4112:c4, e5f35640-2c6c-4b86-a5ff-33a1451b27ce:c10]
2019-10-19 01:16:47,890 [EventQueue-ContainerReportForContainerReportHandler] WARN  container.ContainerReportHandler (AbstractContainerReportHandler.java:updateContainerState(145)) - Container #1 is in OPEN state, but the datanode 3f01402b-307c-4a54-abe6-b677433715ef{ip: 192.168.69.71, host: pr-hdds-2333-vzxj6-995506542, networkLocation: /default-rack, certSerialId: null} reports an CLOSED replica.
2019-10-19 01:16:47,944 [EventQueue-ContainerReportForContainerReportHandler] WARN  container.ContainerReportHandler (AbstractContainerReportHandler.java:updateContainerState(145)) - Container #1 is in OPEN state, but the datanode e5f35640-2c6c-4b86-a5ff-33a1451b27ce{ip: 192.168.69.71, host: pr-hdds-2333-vzxj6-995506542, networkLocation: /default-rack, certSerialId: null} reports an CLOSED replica.
2019-10-19 01:16:48,244 [EventQueue-ContainerReportForContainerReportHandler] WARN  container.ContainerReportHandler (AbstractContainerReportHandler.java:updateContainerState(145)) - Container #1 is in OPEN state, but the datanode e5f35640-2c6c-4b86-a5ff-33a1451b27ce{ip: 192.168.69.71, host: pr-hdds-2333-vzxj6-995506542, networkLocation: /default-rack, certSerialId: null} reports an CLOSED replica.
2019-10-19 01:16:48,289 [EventQueue-ContainerReportForContainerReportHandler] WARN  container.ContainerReportHandler (AbstractContainerReportHandler.java:updateContainerState(145)) - Container #1 is in OPEN state, but the datanode 3f01402b-307c-4a54-abe6-b677433715ef{ip: 192.168.69.71, host: pr-hdds-2333-vzxj6-995506542, networkLocation: /default-rack, certSerialId: null} reports an CLOSED replica.
2019-10-19 01:16:48,443 [BlockDeletingService#2] WARN  background.BlockDeletingService (BlockDeletingService.java:isDeletionAllowed(187)) - Close Container log Index 6 is not replicated across allthe servers in the pipeline 260d8aca-b42b-4def-900d-33d7d707c079 as the min replicated index is 4. Deletion is not allowed in this container yet.
2019-10-19 01:16:48,443 [BlockDeletingService#2] WARN  background.BlockDeletingService (BlockDeletingService.java:isDeletionAllowed(187)) - Close Container log Index 6 is not replicated across allthe servers in the pipeline 260d8aca-b42b-4def-900d-33d7d707c079 as the min replicated index is 4. Deletion is not allowed in this container yet.
2019-10-19 01:16:48,490 [EventQueue-ContainerReportForContainerReportHandler] WARN  container.ContainerReportHandler (AbstractContainerReportHandler.java:updateContainerState(145)) - Container #1 is in OPEN state, but the datanode 3f01402b-307c-4a54-abe6-b677433715ef{ip: 192.168.69.71, host: pr-hdds-2333-vzxj6-995506542, networkLocation: /default-rack, certSerialId: null} reports an CLOSED replica.
2019-10-19 01:16:48,544 [EventQueue-ContainerReportForContainerReportHandler] WARN  container.ContainerReportHandler (AbstractContainerReportHandler.java:updateContainerState(145)) - Container #1 is in OPEN state, but the datanode e5f35640-2c6c-4b86-a5ff-33a1451b27ce{ip: 192.168.69.71, host: pr-hdds-2333-vzxj6-995506542, networkLocation: /default-rack, certSerialId: null} reports an CLOSED replica.
2019-10-19 01:16:48,790 [EventQueue-ContainerReportForContainerReportHandler] WARN  container.ContainerReportHandler (AbstractContainerReportHandler.java:updateContainerState(145)) - Container #1 is in OPEN state, but the datanode 3f01402b-307c-4a54-abe6-b677433715ef{ip: 192.168.69.71, host: pr-hdds-2333-vzxj6-995506542, networkLocation: /default-rack, certSerialId: null} reports an CLOSED replica.
2019-10-19 01:16:48,845 [EventQueue-ContainerReportForContainerReportHandler] WARN  container.ContainerReportHandler (AbstractContainerReportHandler.java:updateContainerState(145)) - Container #1 is in OPEN state, but the datanode e5f35640-2c6c-4b86-a5ff-33a1451b27ce{ip: 192.168.69.71, host: pr-hdds-2333-vzxj6-995506542, networkLocation: /default-rack, certSerialId: null} reports an CLOSED replica.
2019-10-19 01:16:49,091 [EventQueue-ContainerReportForContainerReportHandler] WARN  container.ContainerReportHandler (AbstractContainerReportHandler.java:updateContainerState(145)) - Container #1 is in OPEN state, but the datanode 3f01402b-307c-4a54-abe6-b677433715ef{ip: 192.168.69.71, host: pr-hdds-2333-vzxj6-995506542, networkLocation: /default-rack, certSerialId: null} reports an CLOSED replica.
2019-10-19 01:16:49,116 [java.util.concurrent.ThreadPoolExecutor$Worker@678808ab[State = -1, empty queue]] WARN  server.GrpcLogAppender (GrpcLogAppender.java:timeoutAppendRequest(209)) - 3f01402b-307c-4a54-abe6-b677433715ef@group-33D7D707C079->8386ee0a-1f3c-47fa-9779-9125ddcf4112-GrpcLogAppender: appendEntries Timeout, request=3f01402b-307c-4a54-abe6-b677433715ef->8386ee0a-1f3c-47fa-9779-9125ddcf4112#43-t4, previous=(t:4, i:10), leaderCommit=10, initializing? false, entries: <empty>
2019-10-19 01:16:49,145 [EventQueue-ContainerReportForContainerReportHandler] WARN  container.ContainerReportHandler (AbstractContainerReportHandler.java:updateContainerState(145)) - Container #1 is in OPEN state, but the datanode e5f35640-2c6c-4b86-a5ff-33a1451b27ce{ip: 192.168.69.71, host: pr-hdds-2333-vzxj6-995506542, networkLocation: /default-rack, certSerialId: null} reports an CLOSED replica.
2019-10-19 01:16:49,345 [EventQueue-ContainerReportForContainerReportHandler] WARN  container.ContainerReportHandler (AbstractContainerReportHandler.java:updateContainerState(145)) - Container #1 is in OPEN state, but the datanode e5f35640-2c6c-4b86-a5ff-33a1451b27ce{ip: 192.168.69.71, host: pr-hdds-2333-vzxj6-995506542, networkLocation: /default-rack, certSerialId: null} reports an CLOSED replica.
2019-10-19 01:16:49,391 [EventQueue-ContainerReportForContainerReportHandler] WARN  container.ContainerReportHandler (AbstractContainerReportHandler.java:updateContainerState(145)) - Container #1 is in OPEN state, but the datanode 3f01402b-307c-4a54-abe6-b677433715ef{ip: 192.168.69.71, host: pr-hdds-2333-vzxj6-995506542, networkLocation: /default-rack, certSerialId: null} reports an CLOSED replica.
2019-10-19 01:16:49,446 [BlockDeletingService#2] WARN  background.BlockDeletingService (BlockDeletingService.java:isDeletionAllowed(187)) - Close Container log Index 6 is not replicated across allthe servers in the pipeline 260d8aca-b42b-4def-900d-33d7d707c079 as the min replicated index is 4. Deletion is not allowed in this container yet.
2019-10-19 01:16:49,446 [BlockDeletingService#2] WARN  background.BlockDeletingService (BlockDeletingService.java:isDeletionAllowed(187)) - Close Container log Index 6 is not replicated across allthe servers in the pipeline 260d8aca-b42b-4def-900d-33d7d707c079 as the min replicated index is 4. Deletion is not allowed in this container yet.
2019-10-19 01:16:49,645 [EventQueue-ContainerReportForContainerReportHandler] WARN  container.ContainerReportHandler (AbstractContainerReportHandler.java:updateContainerState(145)) - Container #1 is in OPEN state, but the datanode e5f35640-2c6c-4b86-a5ff-33a1451b27ce{ip: 192.168.69.71, host: pr-hdds-2333-vzxj6-995506542, networkLocation: /default-rack, certSerialId: null} reports an CLOSED replica.
2019-10-19 01:16:49,691 [EventQueue-ContainerReportForContainerReportHandler] WARN  container.ContainerReportHandler (AbstractContainerReportHandler.java:updateContainerState(145)) - Container #1 is in OPEN state, but the datanode 3f01402b-307c-4a54-abe6-b677433715ef{ip: 192.168.69.71, host: pr-hdds-2333-vzxj6-995506542, networkLocation: /default-rack, certSerialId: null} reports an CLOSED replica.
2019-10-19 01:16:49,991 [EventQueue-ContainerReportForContainerReportHandler] WARN  container.ContainerReportHandler (AbstractContainerReportHandler.java:updateContainerState(145)) - Container #1 is in OPEN state, but the datanode 3f01402b-307c-4a54-abe6-b677433715ef{ip: 192.168.69.71, host: pr-hdds-2333-vzxj6-995506542, networkLocation: /default-rack, certSerialId: null} reports an CLOSED replica.
2019-10-19 01:16:50,046 [EventQueue-ContainerReportForContainerReportHandler] WARN  container.ContainerReportHandler (AbstractContainerReportHandler.java:updateContainerState(145)) - Container #1 is in OPEN state, but the datanode e5f35640-2c6c-4b86-a5ff-33a1451b27ce{ip: 192.168.69.71, host: pr-hdds-2333-vzxj6-995506542, networkLocation: /default-rack, certSerialId: null} reports an CLOSED replica.
2019-10-19 01:16:50,291 [EventQueue-ContainerReportForContainerReportHandler] WARN  container.ContainerReportHandler (AbstractContainerReportHandler.java:updateContainerState(145)) - Container #1 is in OPEN state, but the datanode 3f01402b-307c-4a54-abe6-b677433715ef{ip: 192.168.69.71, host: pr-hdds-2333-vzxj6-995506542, networkLocation: /default-rack, certSerialId: null} reports an CLOSED replica.
2019-10-19 01:16:50,347 [EventQueue-ContainerReportForContainerReportHandler] WARN  container.ContainerReportHandler (AbstractContainerReportHandler.java:updateContainerState(145)) - Container #1 is in OPEN state, but the datanode e5f35640-2c6c-4b86-a5ff-33a1451b27ce{ip: 192.168.69.71, host: pr-hdds-2333-vzxj6-995506542, networkLocation: /default-rack, certSerialId: null} reports an CLOSED replica.
2019-10-19 01:16:50,447 [BlockDeletingService#2] WARN  background.BlockDeletingService (BlockDeletingService.java:isDeletionAllowed(187)) - Close Container log Index 6 is not replicated across allthe servers in the pipeline 260d8aca-b42b-4def-900d-33d7d707c079 as the min replicated index is 4. Deletion is not allowed in this container yet.
2019-10-19 01:16:50,447 [BlockDeletingService#2] WARN  background.BlockDeletingService (BlockDeletingService.java:isDeletionAllowed(187)) - Close Container log Index 6 is not replicated across allthe servers in the pipeline 260d8aca-b42b-4def-900d-33d7d707c079 as the min replicated index is 4. Deletion is not allowed in this container yet.
2019-10-19 01:16:50,648 [EventQueue-ContainerReportForContainerReportHandler] WARN  container.ContainerReportHandler (AbstractContainerReportHandler.java:updateContainerState(145)) - Container #1 is in OPEN state, but the datanode e5f35640-2c6c-4b86-a5ff-33a1451b27ce{ip: 192.168.69.71, host: pr-hdds-2333-vzxj6-995506542, networkLocation: /default-rack, certSerialId: null} reports an CLOSED replica.
2019-10-19 01:16:50,691 [EventQueue-ContainerReportForContainerReportHandler] WARN  container.ContainerReportHandler (AbstractContainerReportHandler.java:updateContainerState(145)) - Container #1 is in OPEN state, but the datanode 3f01402b-307c-4a54-abe6-b677433715ef{ip: 192.168.69.71, host: pr-hdds-2333-vzxj6-995506542, networkLocation: /default-rack, certSerialId: null} reports an CLOSED replica.
2019-10-19 01:16:50,848 [EventQueue-ContainerReportForContainerReportHandler] WARN  container.ContainerReportHandler (AbstractContainerReportHandler.java:updateContainerState(145)) - Container #1 is in OPEN state, but the datanode e5f35640-2c6c-4b86-a5ff-33a1451b27ce{ip: 192.168.69.71, host: pr-hdds-2333-vzxj6-995506542, networkLocation: /default-rack, certSerialId: null} reports an CLOSED replica.
2019-10-19 01:16:50,991 [EventQueue-ContainerReportForContainerReportHandler] WARN  container.ContainerReportHandler (AbstractContainerReportHandler.java:updateContainerState(145)) - Container #1 is in OPEN state, but the datanode 3f01402b-307c-4a54-abe6-b677433715ef{ip: 192.168.69.71, host: pr-hdds-2333-vzxj6-995506542, networkLocation: /default-rack, certSerialId: null} reports an CLOSED replica.
2019-10-19 01:16:51,148 [EventQueue-ContainerReportForContainerReportHandler] WARN  container.ContainerReportHandler (AbstractContainerReportHandler.java:updateContainerState(145)) - Container #1 is in OPEN state, but the datanode e5f35640-2c6c-4b86-a5ff-33a1451b27ce{ip: 192.168.69.71, host: pr-hdds-2333-vzxj6-995506542, networkLocation: /default-rack, certSerialId: null} reports an CLOSED replica.
2019-10-19 01:16:51,392 [EventQueue-ContainerReportForContainerReportHandler] WARN  container.ContainerReportHandler (AbstractContainerReportHandler.java:updateContainerState(145)) - Container #1 is in OPEN state, but the datanode 3f01402b-307c-4a54-abe6-b677433715ef{ip: 192.168.69.71, host: pr-hdds-2333-vzxj6-995506542, networkLocation: /default-rack, certSerialId: null} reports an CLOSED replica.
2019-10-19 01:16:51,448 [EventQueue-ContainerReportForContainerReportHandler] WARN  container.ContainerReportHandler (AbstractContainerReportHandler.java:updateContainerState(145)) - Container #1 is in OPEN state, but the datanode e5f35640-2c6c-4b86-a5ff-33a1451b27ce{ip: 192.168.69.71, host: pr-hdds-2333-vzxj6-995506542, networkLocation: /default-rack, certSerialId: null} reports an CLOSED replica.
2019-10-19 01:16:51,449 [BlockDeletingService#2] WARN  background.BlockDeletingService (BlockDeletingService.java:isDeletionAllowed(187)) - Close Container log Index 6 is not replicated across allthe servers in the pipeline 260d8aca-b42b-4def-900d-33d7d707c079 as the min replicated index is 4. Deletion is not allowed in this container yet.
2019-10-19 01:16:51,449 [BlockDeletingService#2] WARN  background.BlockDeletingService (BlockDeletingService.java:isDeletionAllowed(187)) - Close Container log Index 6 is not replicated across allthe servers in the pipeline 260d8aca-b42b-4def-900d-33d7d707c079 as the min replicated index is 4. Deletion is not allowed in this container yet.
2019-10-19 01:16:51,617 [java.util.concurrent.ThreadPoolExecutor$Worker@678808ab[State = -1, empty queue]] WARN  server.GrpcLogAppender (GrpcLogAppender.java:timeoutAppendRequest(209)) - 3f01402b-307c-4a54-abe6-b677433715ef@group-33D7D707C079->8386ee0a-1f3c-47fa-9779-9125ddcf4112-GrpcLogAppender: appendEntries Timeout, request=3f01402b-307c-4a54-abe6-b677433715ef->8386ee0a-1f3c-47fa-9779-9125ddcf4112#44-t4, previous=(t:4, i:10), leaderCommit=10, initializing? false, entries: <empty>
2019-10-19 01:16:51,648 [EventQueue-ContainerReportForContainerReportHandler] WARN  container.ContainerReportHandler (AbstractContainerReportHandler.java:updateContainerState(145)) - Container #1 is in OPEN state, but the datanode e5f35640-2c6c-4b86-a5ff-33a1451b27ce{ip: 192.168.69.71, host: pr-hdds-2333-vzxj6-995506542, networkLocation: /default-rack, certSerialId: null} reports an CLOSED replica.
2019-10-19 01:16:51,692 [EventQueue-ContainerReportForContainerReportHandler] WARN  container.ContainerReportHandler (AbstractContainerReportHandler.java:updateContainerState(145)) - Container #1 is in OPEN state, but the datanode 3f01402b-307c-4a54-abe6-b677433715ef{ip: 192.168.69.71, host: pr-hdds-2333-vzxj6-995506542, networkLocation: /default-rack, certSerialId: null} reports an CLOSED replica.
2019-10-19 01:16:51,948 [EventQueue-ContainerReportForContainerReportHandler] WARN  container.ContainerReportHandler (AbstractContainerReportHandler.java:updateContainerState(145)) - Container #1 is in OPEN state, but the datanode e5f35640-2c6c-4b86-a5ff-33a1451b27ce{ip: 192.168.69.71, host: pr-hdds-2333-vzxj6-995506542, networkLocation: /default-rack, certSerialId: null} reports an CLOSED replica.
2019-10-19 01:16:51,992 [EventQueue-ContainerReportForContainerReportHandler] WARN  container.ContainerReportHandler (AbstractContainerReportHandler.java:updateContainerState(145)) - Container #1 is in OPEN state, but the datanode 3f01402b-307c-4a54-abe6-b677433715ef{ip: 192.168.69.71, host: pr-hdds-2333-vzxj6-995506542, networkLocation: /default-rack, certSerialId: null} reports an CLOSED replica.
2019-10-19 01:16:52,248 [EventQueue-ContainerReportForContainerReportHandler] WARN  container.ContainerReportHandler (AbstractContainerReportHandler.java:updateContainerState(145)) - Container #1 is in OPEN state, but the datanode e5f35640-2c6c-4b86-a5ff-33a1451b27ce{ip: 192.168.69.71, host: pr-hdds-2333-vzxj6-995506542, networkLocation: /default-rack, certSerialId: null} reports an CLOSED replica.
2019-10-19 01:16:52,292 [EventQueue-ContainerReportForContainerReportHandler] WARN  container.ContainerReportHandler (AbstractContainerReportHandler.java:updateContainerState(145)) - Container #1 is in OPEN state, but the datanode 3f01402b-307c-4a54-abe6-b677433715ef{ip: 192.168.69.71, host: pr-hdds-2333-vzxj6-995506542, networkLocation: /default-rack, certSerialId: null} reports an CLOSED replica.
2019-10-19 01:16:52,451 [BlockDeletingService#2] WARN  background.BlockDeletingService (BlockDeletingService.java:isDeletionAllowed(187)) - Close Container log Index 6 is not replicated across allthe servers in the pipeline 260d8aca-b42b-4def-900d-33d7d707c079 as the min replicated index is 4. Deletion is not allowed in this container yet.
2019-10-19 01:16:52,451 [BlockDeletingService#2] WARN  background.BlockDeletingService (BlockDeletingService.java:isDeletionAllowed(187)) - Close Container log Index 6 is not replicated across allthe servers in the pipeline 260d8aca-b42b-4def-900d-33d7d707c079 as the min replicated index is 4. Deletion is not allowed in this container yet.
2019-10-19 01:16:52,550 [EventQueue-ContainerReportForContainerReportHandler] WARN  container.ContainerReportHandler (AbstractContainerReportHandler.java:updateContainerState(145)) - Container #1 is in OPEN state, but the datanode e5f35640-2c6c-4b86-a5ff-33a1451b27ce{ip: 192.168.69.71, host: pr-hdds-2333-vzxj6-995506542, networkLocation: /default-rack, certSerialId: null} reports an CLOSED replica.
2019-10-19 01:16:52,593 [EventQueue-ContainerReportForContainerReportHandler] WARN  container.ContainerReportHandler (AbstractContainerReportHandler.java:updateContainerState(145)) - Container #1 is in OPEN state, but the datanode 3f01402b-307c-4a54-abe6-b677433715ef{ip: 192.168.69.71, host: pr-hdds-2333-vzxj6-995506542, networkLocation: /default-rack, certSerialId: null} reports an CLOSED replica.
2019-10-19 01:16:52,950 [EventQueue-ContainerReportForContainerReportHandler] WARN  container.ContainerReportHandler (AbstractContainerReportHandler.java:updateContainerState(145)) - Container #1 is in OPEN state, but the datanode e5f35640-2c6c-4b86-a5ff-33a1451b27ce{ip: 192.168.69.71, host: pr-hdds-2333-vzxj6-995506542, networkLocation: /default-rack, certSerialId: null} reports an CLOSED replica.
2019-10-19 01:16:52,993 [EventQueue-ContainerReportForContainerReportHandler] WARN  container.ContainerReportHandler (AbstractContainerReportHandler.java:updateContainerState(145)) - Container #1 is in OPEN state, but the datanode 3f01402b-307c-4a54-abe6-b677433715ef{ip: 192.168.69.71, host: pr-hdds-2333-vzxj6-995506542, networkLocation: /default-rack, certSerialId: null} reports an CLOSED replica.
2019-10-19 01:16:53,194 [EventQueue-ContainerReportForContainerReportHandler] WARN  container.ContainerReportHandler (AbstractContainerReportHandler.java:updateContainerState(145)) - Container #1 is in OPEN state, but the datanode 3f01402b-307c-4a54-abe6-b677433715ef{ip: 192.168.69.71, host: pr-hdds-2333-vzxj6-995506542, networkLocation: /default-rack, certSerialId: null} reports an CLOSED replica.
2019-10-19 01:16:53,350 [EventQueue-ContainerReportForContainerReportHandler] WARN  container.ContainerReportHandler (AbstractContainerReportHandler.java:updateContainerState(145)) - Container #1 is in OPEN state, but the datanode e5f35640-2c6c-4b86-a5ff-33a1451b27ce{ip: 192.168.69.71, host: pr-hdds-2333-vzxj6-995506542, networkLocation: /default-rack, certSerialId: null} reports an CLOSED replica.
2019-10-19 01:16:53,394 [EventQueue-ContainerReportForContainerReportHandler] WARN  container.ContainerReportHandler (AbstractContainerReportHandler.java:updateContainerState(145)) - Container #1 is in OPEN state, but the datanode 3f01402b-307c-4a54-abe6-b677433715ef{ip: 192.168.69.71, host: pr-hdds-2333-vzxj6-995506542, networkLocation: /default-rack, certSerialId: null} reports an CLOSED replica.
2019-10-19 01:16:53,453 [BlockDeletingService#2] WARN  background.BlockDeletingService (BlockDeletingService.java:isDeletionAllowed(187)) - Close Container log Index 6 is not replicated across allthe servers in the pipeline 260d8aca-b42b-4def-900d-33d7d707c079 as the min replicated index is 4. Deletion is not allowed in this container yet.
2019-10-19 01:16:53,453 [BlockDeletingService#2] WARN  background.BlockDeletingService (BlockDeletingService.java:isDeletionAllowed(187)) - Close Container log Index 6 is not replicated across allthe servers in the pipeline 260d8aca-b42b-4def-900d-33d7d707c079 as the min replicated index is 4. Deletion is not allowed in this container yet.
2019-10-19 01:16:53,594 [EventQueue-ContainerReportForContainerReportHandler] WARN  container.ContainerReportHandler (AbstractContainerReportHandler.java:updateContainerState(145)) - Container #1 is in OPEN state, but the datanode 3f01402b-307c-4a54-abe6-b677433715ef{ip: 192.168.69.71, host: pr-hdds-2333-vzxj6-995506542, networkLocation: /default-rack, certSerialId: null} reports an CLOSED replica.
2019-10-19 01:16:53,650 [EventQueue-ContainerReportForContainerReportHandler] WARN  container.ContainerReportHandler (AbstractContainerReportHandler.java:updateContainerState(145)) - Container #1 is in OPEN state, but the datanode e5f35640-2c6c-4b86-a5ff-33a1451b27ce{ip: 192.168.69.71, host: pr-hdds-2333-vzxj6-995506542, networkLocation: /default-rack, certSerialId: null} reports an CLOSED replica.
2019-10-19 01:16:53,951 [EventQueue-ContainerReportForContainerReportHandler] WARN  container.ContainerReportHandler (AbstractContainerReportHandler.java:updateContainerState(145)) - Container #1 is in OPEN state, but the datanode e5f35640-2c6c-4b86-a5ff-33a1451b27ce{ip: 192.168.69.71, host: pr-hdds-2333-vzxj6-995506542, networkLocation: /default-rack, certSerialId: null} reports an CLOSED replica.
2019-10-19 01:16:53,994 [EventQueue-ContainerReportForContainerReportHandler] WARN  container.ContainerReportHandler (AbstractContainerReportHandler.java:updateContainerState(145)) - Container #1 is in OPEN state, but the datanode 3f01402b-307c-4a54-abe6-b677433715ef{ip: 192.168.69.71, host: pr-hdds-2333-vzxj6-995506542, networkLocation: /default-rack, certSerialId: null} reports an CLOSED replica.
2019-10-19 01:16:54,118 [java.util.concurrent.ThreadPoolExecutor$Worker@678808ab[State = -1, empty queue]] WARN  server.GrpcLogAppender (GrpcLogAppender.java:timeoutAppendRequest(209)) - 3f01402b-307c-4a54-abe6-b677433715ef@group-33D7D707C079->8386ee0a-1f3c-47fa-9779-9125ddcf4112-GrpcLogAppender: appendEntries Timeout, request=3f01402b-307c-4a54-abe6-b677433715ef->8386ee0a-1f3c-47fa-9779-9125ddcf4112#45-t4, previous=(t:4, i:10), leaderCommit=10, initializing? false, entries: <empty>
2019-10-19 01:16:54,150 [EventQueue-ContainerReportForContainerReportHandler] WARN  container.ContainerReportHandler (AbstractContainerReportHandler.java:updateContainerState(145)) - Container #1 is in OPEN state, but the datanode e5f35640-2c6c-4b86-a5ff-33a1451b27ce{ip: 192.168.69.71, host: pr-hdds-2333-vzxj6-995506542, networkLocation: /default-rack, certSerialId: null} reports an CLOSED replica.
2019-10-19 01:16:54,394 [EventQueue-ContainerReportForContainerReportHandler] WARN  container.ContainerReportHandler (AbstractContainerReportHandler.java:updateContainerState(145)) - Container #1 is in OPEN state, but the datanode 3f01402b-307c-4a54-abe6-b677433715ef{ip: 192.168.69.71, host: pr-hdds-2333-vzxj6-995506542, networkLocation: /default-rack, certSerialId: null} reports an CLOSED replica.
2019-10-19 01:16:54,450 [EventQueue-ContainerReportForContainerReportHandler] WARN  container.ContainerReportHandler (AbstractContainerReportHandler.java:updateContainerState(145)) - Container #1 is in OPEN state, but the datanode e5f35640-2c6c-4b86-a5ff-33a1451b27ce{ip: 192.168.69.71, host: pr-hdds-2333-vzxj6-995506542, networkLocation: /default-rack, certSerialId: null} reports an CLOSED replica.
2019-10-19 01:16:54,454 [BlockDeletingService#2] WARN  background.BlockDeletingService (BlockDeletingService.java:isDeletionAllowed(187)) - Close Container log Index 6 is not replicated across allthe servers in the pipeline 260d8aca-b42b-4def-900d-33d7d707c079 as the min replicated index is 4. Deletion is not allowed in this container yet.
2019-10-19 01:16:54,454 [BlockDeletingService#2] WARN  background.BlockDeletingService (BlockDeletingService.java:isDeletionAllowed(187)) - Close Container log Index 6 is not replicated across allthe servers in the pipeline 260d8aca-b42b-4def-900d-33d7d707c079 as the min replicated index is 4. Deletion is not allowed in this container yet.
2019-10-19 01:16:54,751 [EventQueue-ContainerReportForContainerReportHandler] WARN  container.ContainerReportHandler (AbstractContainerReportHandler.java:updateContainerState(145)) - Container #1 is in OPEN state, but the datanode e5f35640-2c6c-4b86-a5ff-33a1451b27ce{ip: 192.168.69.71, host: pr-hdds-2333-vzxj6-995506542, networkLocation: /default-rack, certSerialId: null} reports an CLOSED replica.
2019-10-19 01:16:54,795 [EventQueue-ContainerReportForContainerReportHandler] WARN  container.ContainerReportHandler (AbstractContainerReportHandler.java:updateContainerState(145)) - Container #1 is in OPEN state, but the datanode 3f01402b-307c-4a54-abe6-b677433715ef{ip: 192.168.69.71, host: pr-hdds-2333-vzxj6-995506542, networkLocation: /default-rack, certSerialId: null} reports an CLOSED replica.
2019-10-19 01:16:54,996 [EventQueue-ContainerReportForContainerReportHandler] WARN  container.ContainerReportHandler (AbstractContainerReportHandler.java:updateContainerState(145)) - Container #1 is in OPEN state, but the datanode 3f01402b-307c-4a54-abe6-b677433715ef{ip: 192.168.69.71, host: pr-hdds-2333-vzxj6-995506542, networkLocation: /default-rack, certSerialId: null} reports an CLOSED replica.
2019-10-19 01:16:55,151 [EventQueue-ContainerReportForContainerReportHandler] WARN  container.ContainerReportHandler (AbstractContainerReportHandler.java:updateContainerState(145)) - Container #1 is in OPEN state, but the datanode e5f35640-2c6c-4b86-a5ff-33a1451b27ce{ip: 192.168.69.71, host: pr-hdds-2333-vzxj6-995506542, networkLocation: /default-rack, certSerialId: null} reports an CLOSED replica.
2019-10-19 01:16:55,296 [EventQueue-ContainerReportForContainerReportHandler] WARN  container.ContainerReportHandler (AbstractContainerReportHandler.java:updateContainerState(145)) - Container #1 is in OPEN state, but the datanode 3f01402b-307c-4a54-abe6-b677433715ef{ip: 192.168.69.71, host: pr-hdds-2333-vzxj6-995506542, networkLocation: /default-rack, certSerialId: null} reports an CLOSED replica.
2019-10-19 01:16:55,451 [EventQueue-ContainerReportForContainerReportHandler] WARN  container.ContainerReportHandler (AbstractContainerReportHandler.java:updateContainerState(145)) - Container #1 is in OPEN state, but the datanode e5f35640-2c6c-4b86-a5ff-33a1451b27ce{ip: 192.168.69.71, host: pr-hdds-2333-vzxj6-995506542, networkLocation: /default-rack, certSerialId: null} reports an CLOSED replica.
2019-10-19 01:16:55,456 [BlockDeletingService#2] WARN  background.BlockDeletingService (BlockDeletingService.java:isDeletionAllowed(187)) - Close Container log Index 6 is not replicated across allthe servers in the pipeline 260d8aca-b42b-4def-900d-33d7d707c079 as the min replicated index is 4. Deletion is not allowed in this container yet.
2019-10-19 01:16:55,456 [BlockDeletingService#2] WARN  background.BlockDeletingService (BlockDeletingService.java:isDeletionAllowed(187)) - Close Container log Index 6 is not replicated across allthe servers in the pipeline 260d8aca-b42b-4def-900d-33d7d707c079 as the min replicated index is 4. Deletion is not allowed in this container yet.
2019-10-19 01:16:55,596 [EventQueue-ContainerReportForContainerReportHandler] WARN  container.ContainerReportHandler (AbstractContainerReportHandler.java:updateContainerState(145)) - Container #1 is in OPEN state, but the datanode 3f01402b-307c-4a54-abe6-b677433715ef{ip: 192.168.69.71, host: pr-hdds-2333-vzxj6-995506542, networkLocation: /default-rack, certSerialId: null} reports an CLOSED replica.
2019-10-19 01:16:55,852 [EventQueue-ContainerReportForContainerReportHandler] WARN  container.ContainerReportHandler (AbstractContainerReportHandler.java:updateContainerState(145)) - Container #1 is in OPEN state, but the datanode e5f35640-2c6c-4b86-a5ff-33a1451b27ce{ip: 192.168.69.71, host: pr-hdds-2333-vzxj6-995506542, networkLocation: /default-rack, certSerialId: null} reports an CLOSED replica.
2019-10-19 01:16:55,996 [EventQueue-ContainerReportForContainerReportHandler] WARN  container.ContainerReportHandler (AbstractContainerReportHandler.java:updateContainerState(145)) - Container #1 is in OPEN state, but the datanode 3f01402b-307c-4a54-abe6-b677433715ef{ip: 192.168.69.71, host: pr-hdds-2333-vzxj6-995506542, networkLocation: /default-rack, certSerialId: null} reports an CLOSED replica.
2019-10-19 01:16:56,052 [EventQueue-ContainerReportForContainerReportHandler] WARN  container.ContainerReportHandler (AbstractContainerReportHandler.java:updateContainerState(145)) - Container #1 is in OPEN state, but the datanode e5f35640-2c6c-4b86-a5ff-33a1451b27ce{ip: 192.168.69.71, host: pr-hdds-2333-vzxj6-995506542, networkLocation: /default-rack, certSerialId: null} reports an CLOSED replica.
2019-10-19 01:16:56,196 [EventQueue-ContainerReportForContainerReportHandler] WARN  container.ContainerReportHandler (AbstractContainerReportHandler.java:updateContainerState(145)) - Container #1 is in OPEN state, but the datanode 3f01402b-307c-4a54-abe6-b677433715ef{ip: 192.168.69.71, host: pr-hdds-2333-vzxj6-995506542, networkLocation: /default-rack, certSerialId: null} reports an CLOSED replica.
2019-10-19 01:16:56,453 [EventQueue-ContainerReportForContainerReportHandler] WARN  container.ContainerReportHandler (AbstractContainerReportHandler.java:updateContainerState(145)) - Container #1 is in OPEN state, but the datanode e5f35640-2c6c-4b86-a5ff-33a1451b27ce{ip: 192.168.69.71, host: pr-hdds-2333-vzxj6-995506542, networkLocation: /default-rack, certSerialId: null} reports an CLOSED replica.
2019-10-19 01:16:56,458 [BlockDeletingService#2] WARN  background.BlockDeletingService (BlockDeletingService.java:isDeletionAllowed(187)) - Close Container log Index 6 is not replicated across allthe servers in the pipeline 260d8aca-b42b-4def-900d-33d7d707c079 as the min replicated index is 4. Deletion is not allowed in this container yet.
2019-10-19 01:16:56,458 [BlockDeletingService#2] WARN  background.BlockDeletingService (BlockDeletingService.java:isDeletionAllowed(187)) - Close Container log Index 6 is not replicated across allthe servers in the pipeline 260d8aca-b42b-4def-900d-33d7d707c079 as the min replicated index is 4. Deletion is not allowed in this container yet.
2019-10-19 01:16:56,596 [EventQueue-ContainerReportForContainerReportHandler] WARN  container.ContainerReportHandler (AbstractContainerReportHandler.java:updateContainerState(145)) - Container #1 is in OPEN state, but the datanode 3f01402b-307c-4a54-abe6-b677433715ef{ip: 192.168.69.71, host: pr-hdds-2333-vzxj6-995506542, networkLocation: /default-rack, certSerialId: null} reports an CLOSED replica.
2019-10-19 01:16:56,620 [java.util.concurrent.ThreadPoolExecutor$Worker@678808ab[State = -1, empty queue]] WARN  server.GrpcLogAppender (GrpcLogAppender.java:timeoutAppendRequest(209)) - 3f01402b-307c-4a54-abe6-b677433715ef@group-33D7D707C079->8386ee0a-1f3c-47fa-9779-9125ddcf4112-GrpcLogAppender: appendEntries Timeout, request=3f01402b-307c-4a54-abe6-b677433715ef->8386ee0a-1f3c-47fa-9779-9125ddcf4112#46-t4, previous=(t:4, i:10), leaderCommit=10, initializing? false, entries: <empty>
2019-10-19 01:16:56,653 [EventQueue-ContainerReportForContainerReportHandler] WARN  container.ContainerReportHandler (AbstractContainerReportHandler.java:updateContainerState(145)) - Container #1 is in OPEN state, but the datanode e5f35640-2c6c-4b86-a5ff-33a1451b27ce{ip: 192.168.69.71, host: pr-hdds-2333-vzxj6-995506542, networkLocation: /default-rack, certSerialId: null} reports an CLOSED replica.
2019-10-19 01:16:56,796 [EventQueue-ContainerReportForContainerReportHandler] WARN  container.ContainerReportHandler (AbstractContainerReportHandler.java:updateContainerState(145)) - Container #1 is in OPEN state, but the datanode 3f01402b-307c-4a54-abe6-b677433715ef{ip: 192.168.69.71, host: pr-hdds-2333-vzxj6-995506542, networkLocation: /default-rack, certSerialId: null} reports an CLOSED replica.
2019-10-19 01:16:56,953 [EventQueue-ContainerReportForContainerReportHandler] WARN  container.ContainerReportHandler (AbstractContainerReportHandler.java:updateContainerState(145)) - Container #1 is in OPEN state, but the datanode e5f35640-2c6c-4b86-a5ff-33a1451b27ce{ip: 192.168.69.71, host: pr-hdds-2333-vzxj6-995506542, networkLocation: /default-rack, certSerialId: null} reports an CLOSED replica.
2019-10-19 01:16:56,996 [EventQueue-ContainerReportForContainerReportHandler] WARN  container.ContainerReportHandler (AbstractContainerReportHandler.java:updateContainerState(145)) - Container #1 is in OPEN state, but the datanode 3f01402b-307c-4a54-abe6-b677433715ef{ip: 192.168.69.71, host: pr-hdds-2333-vzxj6-995506542, networkLocation: /default-rack, certSerialId: null} reports an CLOSED replica.
2019-10-19 01:16:57,153 [EventQueue-ContainerReportForContainerReportHandler] WARN  container.ContainerReportHandler (AbstractContainerReportHandler.java:updateContainerState(145)) - Container #1 is in OPEN state, but the datanode e5f35640-2c6c-4b86-a5ff-33a1451b27ce{ip: 192.168.69.71, host: pr-hdds-2333-vzxj6-995506542, networkLocation: /default-rack, certSerialId: null} reports an CLOSED replica.
2019-10-19 01:16:57,397 [EventQueue-ContainerReportForContainerReportHandler] WARN  container.ContainerReportHandler (AbstractContainerReportHandler.java:updateContainerState(145)) - Container #1 is in OPEN state, but the datanode 3f01402b-307c-4a54-abe6-b677433715ef{ip: 192.168.69.71, host: pr-hdds-2333-vzxj6-995506542, networkLocation: /default-rack, certSerialId: null} reports an CLOSED replica.
2019-10-19 01:16:57,459 [BlockDeletingService#2] WARN  background.BlockDeletingService (BlockDeletingService.java:isDeletionAllowed(187)) - Close Container log Index 6 is not replicated across allthe servers in the pipeline 260d8aca-b42b-4def-900d-33d7d707c079 as the min replicated index is 4. Deletion is not allowed in this container yet.
2019-10-19 01:16:57,459 [BlockDeletingService#2] WARN  background.BlockDeletingService (BlockDeletingService.java:isDeletionAllowed(187)) - Close Container log Index 6 is not replicated across allthe servers in the pipeline 260d8aca-b42b-4def-900d-33d7d707c079 as the min replicated index is 4. Deletion is not allowed in this container yet.
2019-10-19 01:16:57,554 [EventQueue-ContainerReportForContainerReportHandler] WARN  container.ContainerReportHandler (AbstractContainerReportHandler.java:updateContainerState(145)) - Container #1 is in OPEN state, but the datanode e5f35640-2c6c-4b86-a5ff-33a1451b27ce{ip: 192.168.69.71, host: pr-hdds-2333-vzxj6-995506542, networkLocation: /default-rack, certSerialId: null} reports an CLOSED replica.
2019-10-19 01:16:57,597 [EventQueue-ContainerReportForContainerReportHandler] WARN  container.ContainerReportHandler (AbstractContainerReportHandler.java:updateContainerState(145)) - Container #1 is in OPEN state, but the datanode 3f01402b-307c-4a54-abe6-b677433715ef{ip: 192.168.69.71, host: pr-hdds-2333-vzxj6-995506542, networkLocation: /default-rack, certSerialId: null} reports an CLOSED replica.
2019-10-19 01:16:57,854 [EventQueue-ContainerReportForContainerReportHandler] WARN  container.ContainerReportHandler (AbstractContainerReportHandler.java:updateContainerState(145)) - Container #1 is in OPEN state, but the datanode e5f35640-2c6c-4b86-a5ff-33a1451b27ce{ip: 192.168.69.71, host: pr-hdds-2333-vzxj6-995506542, networkLocation: /default-rack, certSerialId: null} reports an CLOSED replica.
2019-10-19 01:16:57,884 [Thread-513] INFO  client.GrpcClientProtocolService (GrpcClientProtocolService.java:lambda$processClientRequest$0(278)) - Failed RaftClientRequest:client-0C21EF03FE8D->3f01402b-307c-4a54-abe6-b677433715ef@group-33D7D707C079, cid=10, seq=0, Watch-ALL_COMMITTED(6), Message:<EMPTY>, reply=RaftClientReply:client-0C21EF03FE8D->3f01402b-307c-4a54-abe6-b677433715ef@group-33D7D707C079, cid=10, FAILED org.apache.ratis.protocol.NotReplicatedException: Request with call Id 10 and log index 6 is not yet replicated to ALL_COMMITTED, logIndex=6, commits[3f01402b-307c-4a54-abe6-b677433715ef:c10, 8386ee0a-1f3c-47fa-9779-9125ddcf4112:c4, e5f35640-2c6c-4b86-a5ff-33a1451b27ce:c10]
2019-10-19 01:16:57,898 [EventQueue-ContainerReportForContainerReportHandler] WARN  container.ContainerReportHandler (AbstractContainerReportHandler.java:updateContainerState(145)) - Container #1 is in OPEN state, but the datanode 3f01402b-307c-4a54-abe6-b677433715ef{ip: 192.168.69.71, host: pr-hdds-2333-vzxj6-995506542, networkLocation: /default-rack, certSerialId: null} reports an CLOSED replica.
2019-10-19 01:16:58,098 [EventQueue-ContainerReportForContainerReportHandler] WARN  container.ContainerReportHandler (AbstractContainerReportHandler.java:updateContainerState(145)) - Container #1 is in OPEN state, but the datanode 3f01402b-307c-4a54-abe6-b677433715ef{ip: 192.168.69.71, host: pr-hdds-2333-vzxj6-995506542, networkLocation: /default-rack, certSerialId: null} reports an CLOSED replica.
2019-10-19 01:16:58,255 [EventQueue-ContainerReportForContainerReportHandler] WARN  container.ContainerReportHandler (AbstractContainerReportHandler.java:updateContainerState(145)) - Container #1 is in OPEN state, but the datanode e5f35640-2c6c-4b86-a5ff-33a1451b27ce{ip: 192.168.69.71, host: pr-hdds-2333-vzxj6-995506542, networkLocation: /default-rack, certSerialId: null} reports an CLOSED replica.
2019-10-19 01:16:58,398 [EventQueue-ContainerReportForContainerReportHandler] WARN  container.ContainerReportHandler (AbstractContainerReportHandler.java:updateContainerState(145)) - Container #1 is in OPEN state, but the datanode 3f01402b-307c-4a54-abe6-b677433715ef{ip: 192.168.69.71, host: pr-hdds-2333-vzxj6-995506542, networkLocation: /default-rack, certSerialId: null} reports an CLOSED replica.
2019-10-19 01:16:58,455 [EventQueue-ContainerReportForContainerReportHandler] WARN  container.ContainerReportHandler (AbstractContainerReportHandler.java:updateContainerState(145)) - Container #1 is in OPEN state, but the datanode e5f35640-2c6c-4b86-a5ff-33a1451b27ce{ip: 192.168.69.71, host: pr-hdds-2333-vzxj6-995506542, networkLocation: /default-rack, certSerialId: null} reports an CLOSED replica.
2019-10-19 01:16:58,460 [BlockDeletingService#2] WARN  background.BlockDeletingService (BlockDeletingService.java:isDeletionAllowed(187)) - Close Container log Index 6 is not replicated across allthe servers in the pipeline 260d8aca-b42b-4def-900d-33d7d707c079 as the min replicated index is 4. Deletion is not allowed in this container yet.
2019-10-19 01:16:58,462 [BlockDeletingService#2] WARN  background.BlockDeletingService (BlockDeletingService.java:isDeletionAllowed(187)) - Close Container log Index 6 is not replicated across allthe servers in the pipeline 260d8aca-b42b-4def-900d-33d7d707c079 as the min replicated index is 4. Deletion is not allowed in this container yet.
2019-10-19 01:16:58,699 [EventQueue-ContainerReportForContainerReportHandler] WARN  container.ContainerReportHandler (AbstractContainerReportHandler.java:updateContainerState(145)) - Container #1 is in OPEN state, but the datanode 3f01402b-307c-4a54-abe6-b677433715ef{ip: 192.168.69.71, host: pr-hdds-2333-vzxj6-995506542, networkLocation: /default-rack, certSerialId: null} reports an CLOSED replica.
2019-10-19 01:16:58,755 [EventQueue-ContainerReportForContainerReportHandler] WARN  container.ContainerReportHandler (AbstractContainerReportHandler.java:updateContainerState(145)) - Container #1 is in OPEN state, but the datanode e5f35640-2c6c-4b86-a5ff-33a1451b27ce{ip: 192.168.69.71, host: pr-hdds-2333-vzxj6-995506542, networkLocation: /default-rack, certSerialId: null} reports an CLOSED replica.
2019-10-19 01:16:59,000 [EventQueue-ContainerReportForContainerReportHandler] WARN  container.ContainerReportHandler (AbstractContainerReportHandler.java:updateContainerState(145)) - Container #1 is in OPEN state, but the datanode 3f01402b-307c-4a54-abe6-b677433715ef{ip: 192.168.69.71, host: pr-hdds-2333-vzxj6-995506542, networkLocation: /default-rack, certSerialId: null} reports an CLOSED replica.
2019-10-19 01:16:59,122 [java.util.concurrent.ThreadPoolExecutor$Worker@678808ab[State = -1, empty queue]] WARN  server.GrpcLogAppender (GrpcLogAppender.java:timeoutAppendRequest(209)) - 3f01402b-307c-4a54-abe6-b677433715ef@group-33D7D707C079->8386ee0a-1f3c-47fa-9779-9125ddcf4112-GrpcLogAppender: appendEntries Timeout, request=3f01402b-307c-4a54-abe6-b677433715ef->8386ee0a-1f3c-47fa-9779-9125ddcf4112#47-t4, previous=(t:4, i:10), leaderCommit=10, initializing? false, entries: <empty>
2019-10-19 01:16:59,156 [EventQueue-ContainerReportForContainerReportHandler] WARN  container.ContainerReportHandler (AbstractContainerReportHandler.java:updateContainerState(145)) - Container #1 is in OPEN state, but the datanode e5f35640-2c6c-4b86-a5ff-33a1451b27ce{ip: 192.168.69.71, host: pr-hdds-2333-vzxj6-995506542, networkLocation: /default-rack, certSerialId: null} reports an CLOSED replica.
2019-10-19 01:16:59,356 [EventQueue-ContainerReportForContainerReportHandler] WARN  container.ContainerReportHandler (AbstractContainerReportHandler.java:updateContainerState(145)) - Container #1 is in OPEN state, but the datanode e5f35640-2c6c-4b86-a5ff-33a1451b27ce{ip: 192.168.69.71, host: pr-hdds-2333-vzxj6-995506542, networkLocation: /default-rack, certSerialId: null} reports an CLOSED replica.
2019-10-19 01:16:59,401 [EventQueue-ContainerReportForContainerReportHandler] WARN  container.ContainerReportHandler (AbstractContainerReportHandler.java:updateContainerState(145)) - Container #1 is in OPEN state, but the datanode 3f01402b-307c-4a54-abe6-b677433715ef{ip: 192.168.69.71, host: pr-hdds-2333-vzxj6-995506542, networkLocation: /default-rack, certSerialId: null} reports an CLOSED replica.
2019-10-19 01:16:59,464 [BlockDeletingService#2] WARN  background.BlockDeletingService (BlockDeletingService.java:isDeletionAllowed(187)) - Close Container log Index 6 is not replicated across allthe servers in the pipeline 260d8aca-b42b-4def-900d-33d7d707c079 as the min replicated index is 4. Deletion is not allowed in this container yet.
2019-10-19 01:16:59,464 [BlockDeletingService#2] WARN  background.BlockDeletingService (BlockDeletingService.java:isDeletionAllowed(187)) - Close Container log Index 6 is not replicated across allthe servers in the pipeline 260d8aca-b42b-4def-900d-33d7d707c079 as the min replicated index is 4. Deletion is not allowed in this container yet.
2019-10-19 01:16:59,699 [EventQueue-ContainerReportForContainerReportHandler] WARN  container.ContainerReportHandler (AbstractContainerReportHandler.java:updateContainerState(145)) - Container #1 is in OPEN state, but the datanode 3f01402b-307c-4a54-abe6-b677433715ef{ip: 192.168.69.71, host: pr-hdds-2333-vzxj6-995506542, networkLocation: /default-rack, certSerialId: null} reports an CLOSED replica.
2019-10-19 01:16:59,756 [EventQueue-ContainerReportForContainerReportHandler] WARN  container.ContainerReportHandler (AbstractContainerReportHandler.java:updateContainerState(145)) - Container #1 is in OPEN state, but the datanode e5f35640-2c6c-4b86-a5ff-33a1451b27ce{ip: 192.168.69.71, host: pr-hdds-2333-vzxj6-995506542, networkLocation: /default-rack, certSerialId: null} reports an CLOSED replica.
2019-10-19 01:17:00,100 [EventQueue-ContainerReportForContainerReportHandler] WARN  container.ContainerReportHandler (AbstractContainerReportHandler.java:updateContainerState(145)) - Container #1 is in OPEN state, but the datanode 3f01402b-307c-4a54-abe6-b677433715ef{ip: 192.168.69.71, host: pr-hdds-2333-vzxj6-995506542, networkLocation: /default-rack, certSerialId: null} reports an CLOSED replica.
2019-10-19 01:17:00,156 [EventQueue-ContainerReportForContainerReportHandler] WARN  container.ContainerReportHandler (AbstractContainerReportHandler.java:updateContainerState(145)) - Container #1 is in OPEN state, but the datanode e5f35640-2c6c-4b86-a5ff-33a1451b27ce{ip: 192.168.69.71, host: pr-hdds-2333-vzxj6-995506542, networkLocation: /default-rack, certSerialId: null} reports an CLOSED replica.
2019-10-19 01:17:00,300 [EventQueue-ContainerReportForContainerReportHandler] WARN  container.ContainerReportHandler (AbstractContainerReportHandler.java:updateContainerState(145)) - Container #1 is in OPEN state, but the datanode 3f01402b-307c-4a54-abe6-b677433715ef{ip: 192.168.69.71, host: pr-hdds-2333-vzxj6-995506542, networkLocation: /default-rack, certSerialId: null} reports an CLOSED replica.
2019-10-19 01:17:00,456 [EventQueue-ContainerReportForContainerReportHandler] WARN  container.ContainerReportHandler (AbstractContainerReportHandler.java:updateContainerState(145)) - Container #1 is in OPEN state, but the datanode e5f35640-2c6c-4b86-a5ff-33a1451b27ce{ip: 192.168.69.71, host: pr-hdds-2333-vzxj6-995506542, networkLocation: /default-rack, certSerialId: null} reports an CLOSED replica.
2019-10-19 01:17:00,465 [BlockDeletingService#2] WARN  background.BlockDeletingService (BlockDeletingService.java:isDeletionAllowed(187)) - Close Container log Index 6 is not replicated across allthe servers in the pipeline 260d8aca-b42b-4def-900d-33d7d707c079 as the min replicated index is 4. Deletion is not allowed in this container yet.
2019-10-19 01:17:00,465 [BlockDeletingService#2] WARN  background.BlockDeletingService (BlockDeletingService.java:isDeletionAllowed(187)) - Close Container log Index 6 is not replicated across allthe servers in the pipeline 260d8aca-b42b-4def-900d-33d7d707c079 as the min replicated index is 4. Deletion is not allowed in this container yet.
2019-10-19 01:17:00,600 [EventQueue-ContainerReportForContainerReportHandler] WARN  container.ContainerReportHandler (AbstractContainerReportHandler.java:updateContainerState(145)) - Container #1 is in OPEN state, but the datanode 3f01402b-307c-4a54-abe6-b677433715ef{ip: 192.168.69.71, host: pr-hdds-2333-vzxj6-995506542, networkLocation: /default-rack, certSerialId: null} reports an CLOSED replica.
2019-10-19 01:17:00,856 [EventQueue-ContainerReportForContainerReportHandler] WARN  container.ContainerReportHandler (AbstractContainerReportHandler.java:updateContainerState(145)) - Container #1 is in OPEN state, but the datanode e5f35640-2c6c-4b86-a5ff-33a1451b27ce{ip: 192.168.69.71, host: pr-hdds-2333-vzxj6-995506542, networkLocation: /default-rack, certSerialId: null} reports an CLOSED replica.
2019-10-19 01:17:00,900 [EventQueue-ContainerReportForContainerReportHandler] WARN  container.ContainerReportHandler (AbstractContainerReportHandler.java:updateContainerState(145)) - Container #1 is in OPEN state, but the datanode 3f01402b-307c-4a54-abe6-b677433715ef{ip: 192.168.69.71, host: pr-hdds-2333-vzxj6-995506542, networkLocation: /default-rack, certSerialId: null} reports an CLOSED replica.
2019-10-19 01:17:01,156 [EventQueue-ContainerReportForContainerReportHandler] WARN  container.ContainerReportHandler (AbstractContainerReportHandler.java:updateContainerState(145)) - Container #1 is in OPEN state, but the datanode e5f35640-2c6c-4b86-a5ff-33a1451b27ce{ip: 192.168.69.71, host: pr-hdds-2333-vzxj6-995506542, networkLocation: /default-rack, certSerialId: null} reports an CLOSED replica.
2019-10-19 01:17:01,201 [EventQueue-ContainerReportForContainerReportHandler] WARN  container.ContainerReportHandler (AbstractContainerReportHandler.java:updateContainerState(145)) - Container #1 is in OPEN state, but the datanode 3f01402b-307c-4a54-abe6-b677433715ef{ip: 192.168.69.71, host: pr-hdds-2333-vzxj6-995506542, networkLocation: /default-rack, certSerialId: null} reports an CLOSED replica.
2019-10-19 01:17:01,401 [EventQueue-ContainerReportForContainerReportHandler] WARN  container.ContainerReportHandler (AbstractContainerReportHandler.java:updateContainerState(145)) - Container #1 is in OPEN state, but the datanode 3f01402b-307c-4a54-abe6-b677433715ef{ip: 192.168.69.71, host: pr-hdds-2333-vzxj6-995506542, networkLocation: /default-rack, certSerialId: null} reports an CLOSED replica.
2019-10-19 01:17:01,456 [EventQueue-ContainerReportForContainerReportHandler] WARN  container.ContainerReportHandler (AbstractContainerReportHandler.java:updateContainerState(145)) - Container #1 is in OPEN state, but the datanode e5f35640-2c6c-4b86-a5ff-33a1451b27ce{ip: 192.168.69.71, host: pr-hdds-2333-vzxj6-995506542, networkLocation: /default-rack, certSerialId: null} reports an CLOSED replica.
2019-10-19 01:17:01,467 [BlockDeletingService#2] WARN  background.BlockDeletingService (BlockDeletingService.java:isDeletionAllowed(187)) - Close Container log Index 6 is not replicated across allthe servers in the pipeline 260d8aca-b42b-4def-900d-33d7d707c079 as the min replicated index is 4. Deletion is not allowed in this container yet.
2019-10-19 01:17:01,469 [BlockDeletingService#2] WARN  background.BlockDeletingService (BlockDeletingService.java:isDeletionAllowed(187)) - Close Container log Index 6 is not replicated across allthe servers in the pipeline 260d8aca-b42b-4def-900d-33d7d707c079 as the min replicated index is 4. Deletion is not allowed in this container yet.
2019-10-19 01:17:01,623 [java.util.concurrent.ThreadPoolExecutor$Worker@678808ab[State = -1, empty queue]] WARN  server.GrpcLogAppender (GrpcLogAppender.java:timeoutAppendRequest(209)) - 3f01402b-307c-4a54-abe6-b677433715ef@group-33D7D707C079->8386ee0a-1f3c-47fa-9779-9125ddcf4112-GrpcLogAppender: appendEntries Timeout, request=3f01402b-307c-4a54-abe6-b677433715ef->8386ee0a-1f3c-47fa-9779-9125ddcf4112#48-t4, previous=(t:4, i:10), leaderCommit=10, initializing? false, entries: <empty>
2019-10-19 01:17:01,701 [EventQueue-ContainerReportForContainerReportHandler] WARN  container.ContainerReportHandler (AbstractContainerReportHandler.java:updateContainerState(145)) - Container #1 is in OPEN state, but the datanode 3f01402b-307c-4a54-abe6-b677433715ef{ip: 192.168.69.71, host: pr-hdds-2333-vzxj6-995506542, networkLocation: /default-rack, certSerialId: null} reports an CLOSED replica.
2019-10-19 01:17:01,757 [EventQueue-ContainerReportForContainerReportHandler] WARN  container.ContainerReportHandler (AbstractContainerReportHandler.java:updateContainerState(145)) - Container #1 is in OPEN state, but the datanode e5f35640-2c6c-4b86-a5ff-33a1451b27ce{ip: 192.168.69.71, host: pr-hdds-2333-vzxj6-995506542, networkLocation: /default-rack, certSerialId: null} reports an CLOSED replica.
2019-10-19 01:17:01,956 [EventQueue-ContainerReportForContainerReportHandler] WARN  container.ContainerReportHandler (AbstractContainerReportHandler.java:updateContainerState(145)) - Container #1 is in OPEN state, but the datanode e5f35640-2c6c-4b86-a5ff-33a1451b27ce{ip: 192.168.69.71, host: pr-hdds-2333-vzxj6-995506542, networkLocation: /default-rack, certSerialId: null} reports an CLOSED replica.
2019-10-19 01:17:02,002 [EventQueue-ContainerReportForContainerReportHandler] WARN  container.ContainerReportHandler (AbstractContainerReportHandler.java:updateContainerState(145)) - Container #1 is in OPEN state, but the datanode 3f01402b-307c-4a54-abe6-b677433715ef{ip: 192.168.69.71, host: pr-hdds-2333-vzxj6-995506542, networkLocation: /default-rack, certSerialId: null} reports an CLOSED replica.
2019-10-19 01:17:02,156 [EventQueue-ContainerReportForContainerReportHandler] WARN  container.ContainerReportHandler (AbstractContainerReportHandler.java:updateContainerState(145)) - Container #1 is in OPEN state, but the datanode e5f35640-2c6c-4b86-a5ff-33a1451b27ce{ip: 192.168.69.71, host: pr-hdds-2333-vzxj6-995506542, networkLocation: /default-rack, certSerialId: null} reports an CLOSED replica.
2019-10-19 01:17:02,202 [EventQueue-ContainerReportForContainerReportHandler] WARN  container.ContainerReportHandler (AbstractContainerReportHandler.java:updateContainerState(145)) - Container #1 is in OPEN state, but the datanode 3f01402b-307c-4a54-abe6-b677433715ef{ip: 192.168.69.71, host: pr-hdds-2333-vzxj6-995506542, networkLocation: /default-rack, certSerialId: null} reports an CLOSED replica.
2019-10-19 01:17:02,468 [BlockDeletingService#2] WARN  background.BlockDeletingService (BlockDeletingService.java:isDeletionAllowed(187)) - Close Container log Index 6 is not replicated across allthe servers in the pipeline 260d8aca-b42b-4def-900d-33d7d707c079 as the min replicated index is 4. Deletion is not allowed in this container yet.
2019-10-19 01:17:02,469 [BlockDeletingService#2] WARN  background.BlockDeletingService (BlockDeletingService.java:isDeletionAllowed(187)) - Close Container log Index 6 is not replicated across allthe servers in the pipeline 260d8aca-b42b-4def-900d-33d7d707c079 as the min replicated index is 4. Deletion is not allowed in this container yet.
2019-10-19 01:17:02,503 [EventQueue-ContainerReportForContainerReportHandler] WARN  container.ContainerReportHandler (AbstractContainerReportHandler.java:updateContainerState(145)) - Container #1 is in OPEN state, but the datanode 3f01402b-307c-4a54-abe6-b677433715ef{ip: 192.168.69.71, host: pr-hdds-2333-vzxj6-995506542, networkLocation: /default-rack, certSerialId: null} reports an CLOSED replica.
2019-10-19 01:17:02,557 [EventQueue-ContainerReportForContainerReportHandler] WARN  container.ContainerReportHandler (AbstractContainerReportHandler.java:updateContainerState(145)) - Container #1 is in OPEN state, but the datanode e5f35640-2c6c-4b86-a5ff-33a1451b27ce{ip: 192.168.69.71, host: pr-hdds-2333-vzxj6-995506542, networkLocation: /default-rack, certSerialId: null} reports an CLOSED replica.
2019-10-19 01:17:02,757 [EventQueue-ContainerReportForContainerReportHandler] WARN  container.ContainerReportHandler (AbstractContainerReportHandler.java:updateContainerState(145)) - Container #1 is in OPEN state, but the datanode e5f35640-2c6c-4b86-a5ff-33a1451b27ce{ip: 192.168.69.71, host: pr-hdds-2333-vzxj6-995506542, networkLocation: /default-rack, certSerialId: null} reports an CLOSED replica.
2019-10-19 01:17:02,903 [EventQueue-ContainerReportForContainerReportHandler] WARN  container.ContainerReportHandler (AbstractContainerReportHandler.java:updateContainerState(145)) - Container #1 is in OPEN state, but the datanode 3f01402b-307c-4a54-abe6-b677433715ef{ip: 192.168.69.71, host: pr-hdds-2333-vzxj6-995506542, networkLocation: /default-rack, certSerialId: null} reports an CLOSED replica.
2019-10-19 01:17:03,058 [EventQueue-ContainerReportForContainerReportHandler] WARN  container.ContainerReportHandler (AbstractContainerReportHandler.java:updateContainerState(145)) - Container #1 is in OPEN state, but the datanode e5f35640-2c6c-4b86-a5ff-33a1451b27ce{ip: 192.168.69.71, host: pr-hdds-2333-vzxj6-995506542, networkLocation: /default-rack, certSerialId: null} reports an CLOSED replica.
2019-10-19 01:17:03,203 [EventQueue-ContainerReportForContainerReportHandler] WARN  container.ContainerReportHandler (AbstractContainerReportHandler.java:updateContainerState(145)) - Container #1 is in OPEN state, but the datanode 3f01402b-307c-4a54-abe6-b677433715ef{ip: 192.168.69.71, host: pr-hdds-2333-vzxj6-995506542, networkLocation: /default-rack, certSerialId: null} reports an CLOSED replica.
2019-10-19 01:17:03,358 [EventQueue-ContainerReportForContainerReportHandler] WARN  container.ContainerReportHandler (AbstractContainerReportHandler.java:updateContainerState(145)) - Container #1 is in OPEN state, but the datanode e5f35640-2c6c-4b86-a5ff-33a1451b27ce{ip: 192.168.69.71, host: pr-hdds-2333-vzxj6-995506542, networkLocation: /default-rack, certSerialId: null} reports an CLOSED replica.
2019-10-19 01:17:03,470 [BlockDeletingService#2] WARN  background.BlockDeletingService (BlockDeletingService.java:isDeletionAllowed(187)) - Close Container log Index 6 is not replicated across allthe servers in the pipeline 260d8aca-b42b-4def-900d-33d7d707c079 as the min replicated index is 4. Deletion is not allowed in this container yet.
2019-10-19 01:17:03,470 [BlockDeletingService#2] WARN  background.BlockDeletingService (BlockDeletingService.java:isDeletionAllowed(187)) - Close Container log Index 6 is not replicated across allthe servers in the pipeline 260d8aca-b42b-4def-900d-33d7d707c079 as the min replicated index is 4. Deletion is not allowed in this container yet.
2019-10-19 01:17:03,558 [EventQueue-ContainerReportForContainerReportHandler] WARN  container.ContainerReportHandler (AbstractContainerReportHandler.java:updateContainerState(145)) - Container #1 is in OPEN state, but the datanode e5f35640-2c6c-4b86-a5ff-33a1451b27ce{ip: 192.168.69.71, host: pr-hdds-2333-vzxj6-995506542, networkLocation: /default-rack, certSerialId: null} reports an CLOSED replica.
2019-10-19 01:17:03,603 [EventQueue-ContainerReportForContainerReportHandler] WARN  container.ContainerReportHandler (AbstractContainerReportHandler.java:updateContainerState(145)) - Container #1 is in OPEN state, but the datanode 3f01402b-307c-4a54-abe6-b677433715ef{ip: 192.168.69.71, host: pr-hdds-2333-vzxj6-995506542, networkLocation: /default-rack, certSerialId: null} reports an CLOSED replica.
2019-10-19 01:17:03,858 [EventQueue-ContainerReportForContainerReportHandler] WARN  container.ContainerReportHandler (AbstractContainerReportHandler.java:updateContainerState(145)) - Container #1 is in OPEN state, but the datanode e5f35640-2c6c-4b86-a5ff-33a1451b27ce{ip: 192.168.69.71, host: pr-hdds-2333-vzxj6-995506542, networkLocation: /default-rack, certSerialId: null} reports an CLOSED replica.
2019-10-19 01:17:04,003 [EventQueue-ContainerReportForContainerReportHandler] WARN  container.ContainerReportHandler (AbstractContainerReportHandler.java:updateContainerState(145)) - Container #1 is in OPEN state, but the datanode 3f01402b-307c-4a54-abe6-b677433715ef{ip: 192.168.69.71, host: pr-hdds-2333-vzxj6-995506542, networkLocation: /default-rack, certSerialId: null} reports an CLOSED replica.
2019-10-19 01:17:04,124 [java.util.concurrent.ThreadPoolExecutor$Worker@678808ab[State = -1, empty queue]] WARN  server.GrpcLogAppender (GrpcLogAppender.java:timeoutAppendRequest(209)) - 3f01402b-307c-4a54-abe6-b677433715ef@group-33D7D707C079->8386ee0a-1f3c-47fa-9779-9125ddcf4112-GrpcLogAppender: appendEntries Timeout, request=3f01402b-307c-4a54-abe6-b677433715ef->8386ee0a-1f3c-47fa-9779-9125ddcf4112#49-t4, previous=(t:4, i:10), leaderCommit=10, initializing? false, entries: <empty>
2019-10-19 01:17:04,158 [EventQueue-ContainerReportForContainerReportHandler] WARN  container.ContainerReportHandler (AbstractContainerReportHandler.java:updateContainerState(145)) - Container #1 is in OPEN state, but the datanode e5f35640-2c6c-4b86-a5ff-33a1451b27ce{ip: 192.168.69.71, host: pr-hdds-2333-vzxj6-995506542, networkLocation: /default-rack, certSerialId: null} reports an CLOSED replica.
2019-10-19 01:17:04,203 [EventQueue-ContainerReportForContainerReportHandler] WARN  container.ContainerReportHandler (AbstractContainerReportHandler.java:updateContainerState(145)) - Container #1 is in OPEN state, but the datanode 3f01402b-307c-4a54-abe6-b677433715ef{ip: 192.168.69.71, host: pr-hdds-2333-vzxj6-995506542, networkLocation: /default-rack, certSerialId: null} reports an CLOSED replica.
2019-10-19 01:17:04,359 [EventQueue-ContainerReportForContainerReportHandler] WARN  container.ContainerReportHandler (AbstractContainerReportHandler.java:updateContainerState(145)) - Container #1 is in OPEN state, but the datanode e5f35640-2c6c-4b86-a5ff-33a1451b27ce{ip: 192.168.69.71, host: pr-hdds-2333-vzxj6-995506542, networkLocation: /default-rack, certSerialId: null} reports an CLOSED replica.
2019-10-19 01:17:04,403 [EventQueue-ContainerReportForContainerReportHandler] WARN  container.ContainerReportHandler (AbstractContainerReportHandler.java:updateContainerState(145)) - Container #1 is in OPEN state, but the datanode 3f01402b-307c-4a54-abe6-b677433715ef{ip: 192.168.69.71, host: pr-hdds-2333-vzxj6-995506542, networkLocation: /default-rack, certSerialId: null} reports an CLOSED replica.
2019-10-19 01:17:04,471 [BlockDeletingService#2] WARN  background.BlockDeletingService (BlockDeletingService.java:isDeletionAllowed(187)) - Close Container log Index 6 is not replicated across allthe servers in the pipeline 260d8aca-b42b-4def-900d-33d7d707c079 as the min replicated index is 4. Deletion is not allowed in this container yet.
2019-10-19 01:17:04,471 [BlockDeletingService#2] WARN  background.BlockDeletingService (BlockDeletingService.java:isDeletionAllowed(187)) - Close Container log Index 6 is not replicated across allthe servers in the pipeline 260d8aca-b42b-4def-900d-33d7d707c079 as the min replicated index is 4. Deletion is not allowed in this container yet.
2019-10-19 01:17:04,660 [EventQueue-ContainerReportForContainerReportHandler] WARN  container.ContainerReportHandler (AbstractContainerReportHandler.java:updateContainerState(145)) - Container #1 is in OPEN state, but the datanode e5f35640-2c6c-4b86-a5ff-33a1451b27ce{ip: 192.168.69.71, host: pr-hdds-2333-vzxj6-995506542, networkLocation: /default-rack, certSerialId: null} reports an CLOSED replica.
2019-10-19 01:17:04,703 [EventQueue-ContainerReportForContainerReportHandler] WARN  container.ContainerReportHandler (AbstractContainerReportHandler.java:updateContainerState(145)) - Container #1 is in OPEN state, but the datanode 3f01402b-307c-4a54-abe6-b677433715ef{ip: 192.168.69.71, host: pr-hdds-2333-vzxj6-995506542, networkLocation: /default-rack, certSerialId: null} reports an CLOSED replica.
2019-10-19 01:17:04,903 [EventQueue-ContainerReportForContainerReportHandler] WARN  container.ContainerReportHandler (AbstractContainerReportHandler.java:updateContainerState(145)) - Container #1 is in OPEN state, but the datanode 3f01402b-307c-4a54-abe6-b677433715ef{ip: 192.168.69.71, host: pr-hdds-2333-vzxj6-995506542, networkLocation: /default-rack, certSerialId: null} reports an CLOSED replica.
2019-10-19 01:17:04,960 [EventQueue-ContainerReportForContainerReportHandler] WARN  container.ContainerReportHandler (AbstractContainerReportHandler.java:updateContainerState(145)) - Container #1 is in OPEN state, but the datanode e5f35640-2c6c-4b86-a5ff-33a1451b27ce{ip: 192.168.69.71, host: pr-hdds-2333-vzxj6-995506542, networkLocation: /default-rack, certSerialId: null} reports an CLOSED replica.
2019-10-19 01:17:05,160 [EventQueue-ContainerReportForContainerReportHandler] WARN  container.ContainerReportHandler (AbstractContainerReportHandler.java:updateContainerState(145)) - Container #1 is in OPEN state, but the datanode e5f35640-2c6c-4b86-a5ff-33a1451b27ce{ip: 192.168.69.71, host: pr-hdds-2333-vzxj6-995506542, networkLocation: /default-rack, certSerialId: null} reports an CLOSED replica.
2019-10-19 01:17:05,203 [EventQueue-ContainerReportForContainerReportHandler] WARN  container.ContainerReportHandler (AbstractContainerReportHandler.java:updateContainerState(145)) - Container #1 is in OPEN state, but the datanode 3f01402b-307c-4a54-abe6-b677433715ef{ip: 192.168.69.71, host: pr-hdds-2333-vzxj6-995506542, networkLocation: /default-rack, certSerialId: null} reports an CLOSED replica.
2019-10-19 01:17:05,473 [BlockDeletingService#2] WARN  background.BlockDeletingService (BlockDeletingService.java:isDeletionAllowed(187)) - Close Container log Index 6 is not replicated across allthe servers in the pipeline 260d8aca-b42b-4def-900d-33d7d707c079 as the min replicated index is 4. Deletion is not allowed in this container yet.
2019-10-19 01:17:05,473 [BlockDeletingService#2] WARN  background.BlockDeletingService (BlockDeletingService.java:isDeletionAllowed(187)) - Close Container log Index 6 is not replicated across allthe servers in the pipeline 260d8aca-b42b-4def-900d-33d7d707c079 as the min replicated index is 4. Deletion is not allowed in this container yet.
2019-10-19 01:17:05,503 [EventQueue-ContainerReportForContainerReportHandler] WARN  container.ContainerReportHandler (AbstractContainerReportHandler.java:updateContainerState(145)) - Container #1 is in OPEN state, but the datanode 3f01402b-307c-4a54-abe6-b677433715ef{ip: 192.168.69.71, host: pr-hdds-2333-vzxj6-995506542, networkLocation: /default-rack, certSerialId: null} reports an CLOSED replica.
2019-10-19 01:17:05,560 [EventQueue-ContainerReportForContainerReportHandler] WARN  container.ContainerReportHandler (AbstractContainerReportHandler.java:updateContainerState(145)) - Container #1 is in OPEN state, but the datanode e5f35640-2c6c-4b86-a5ff-33a1451b27ce{ip: 192.168.69.71, host: pr-hdds-2333-vzxj6-995506542, networkLocation: /default-rack, certSerialId: null} reports an CLOSED replica.
2019-10-19 01:17:05,749 [EventQueue-StaleNodeForStaleNodeHandler] INFO  node.StaleNodeHandler (StaleNodeHandler.java:onMessage(58)) - Datanode 8386ee0a-1f3c-47fa-9779-9125ddcf4112{ip: 192.168.69.71, host: pr-hdds-2333-vzxj6-995506542, networkLocation: /default-rack, certSerialId: null} moved to stale state. Finalizing its pipelines [PipelineID=a0d673cd-597b-43f9-83a3-8cdf9d8ea57d, PipelineID=260d8aca-b42b-4def-900d-33d7d707c079]
2019-10-19 01:17:05,749 [EventQueue-StaleNodeForStaleNodeHandler] INFO  pipeline.SCMPipelineManager (SCMPipelineManager.java:finalizeAndDestroyPipeline(315)) - destroying pipeline:Pipeline[ Id: a0d673cd-597b-43f9-83a3-8cdf9d8ea57d, Nodes: 8386ee0a-1f3c-47fa-9779-9125ddcf4112{ip: 192.168.69.71, host: pr-hdds-2333-vzxj6-995506542, networkLocation: /default-rack, certSerialId: null}, Type:RATIS, Factor:ONE, State:OPEN]
2019-10-19 01:17:05,752 [EventQueue-StaleNodeForStaleNodeHandler] INFO  pipeline.PipelineStateManager (PipelineStateManager.java:finalizePipeline(123)) - Pipeline Pipeline[ Id: a0d673cd-597b-43f9-83a3-8cdf9d8ea57d, Nodes: 8386ee0a-1f3c-47fa-9779-9125ddcf4112{ip: 192.168.69.71, host: pr-hdds-2333-vzxj6-995506542, networkLocation: /default-rack, certSerialId: null}, Type:RATIS, Factor:ONE, State:CLOSED] moved to CLOSED state
2019-10-19 01:17:05,754 [EventQueue-StaleNodeForStaleNodeHandler] INFO  pipeline.SCMPipelineManager (SCMPipelineManager.java:finalizeAndDestroyPipeline(315)) - destroying pipeline:Pipeline[ Id: 260d8aca-b42b-4def-900d-33d7d707c079, Nodes: e5f35640-2c6c-4b86-a5ff-33a1451b27ce{ip: 192.168.69.71, host: pr-hdds-2333-vzxj6-995506542, networkLocation: /default-rack, certSerialId: null}3f01402b-307c-4a54-abe6-b677433715ef{ip: 192.168.69.71, host: pr-hdds-2333-vzxj6-995506542, networkLocation: /default-rack, certSerialId: null}8386ee0a-1f3c-47fa-9779-9125ddcf4112{ip: 192.168.69.71, host: pr-hdds-2333-vzxj6-995506542, networkLocation: /default-rack, certSerialId: null}, Type:RATIS, Factor:THREE, State:OPEN]
2019-10-19 01:17:05,754 [EventQueue-StaleNodeForStaleNodeHandler] INFO  pipeline.PipelineStateManager (PipelineStateManager.java:finalizePipeline(123)) - Pipeline Pipeline[ Id: 260d8aca-b42b-4def-900d-33d7d707c079, Nodes: e5f35640-2c6c-4b86-a5ff-33a1451b27ce{ip: 192.168.69.71, host: pr-hdds-2333-vzxj6-995506542, networkLocation: /default-rack, certSerialId: null}3f01402b-307c-4a54-abe6-b677433715ef{ip: 192.168.69.71, host: pr-hdds-2333-vzxj6-995506542, networkLocation: /default-rack, certSerialId: null}8386ee0a-1f3c-47fa-9779-9125ddcf4112{ip: 192.168.69.71, host: pr-hdds-2333-vzxj6-995506542, networkLocation: /default-rack, certSerialId: null}, Type:RATIS, Factor:THREE, State:CLOSED] moved to CLOSED state
2019-10-19 01:17:05,755 [EventQueue-CloseContainerForCloseContainerEventHandler] INFO  container.CloseContainerEventHandler (CloseContainerEventHandler.java:onMessage(61)) - Close container Event triggered for container : #1
2019-10-19 01:17:05,760 [EventQueue-ContainerReportForContainerReportHandler] INFO  container.ContainerReportHandler (AbstractContainerReportHandler.java:updateContainerState(178)) - Moving container #1 to CLOSED state, datanode e5f35640-2c6c-4b86-a5ff-33a1451b27ce{ip: 192.168.69.71, host: pr-hdds-2333-vzxj6-995506542, networkLocation: /default-rack, certSerialId: null} reported CLOSED replica.
2019-10-19 01:17:06,068 [SCMBlockDeletingService#0] INFO  block.SCMBlockDeletingService (SCMBlockDeletingService.java:call(184)) - Totally added 3 delete blocks command for 3 datanodes, task elapsed time: 6ms
2019-10-19 01:17:06,204 [EventQueue-PendingDeleteStatusForPendingDeleteHandler] INFO  block.SCMBlockDeletingService (SCMBlockDeletingService.java:handlePendingDeletes(115)) - Block deletion txnID mismatch in datanode 3f01402b-307c-4a54-abe6-b677433715ef for containerID 1. Datanode delete txnID: 0, SCM txnID: 1
2019-10-19 01:17:06,262 [Command processor thread] INFO  commandhandler.DeleteBlocksCommandHandler (DeleteBlocksCommandHandler.java:handle(106)) - Start to delete container blocks, TXIDs=[1(0)], numOfContainers=1, numOfBlocks=1
2019-10-19 01:17:06,302 [Command processor thread] INFO  commandhandler.DeleteBlocksCommandHandler (DeleteBlocksCommandHandler.java:handle(106)) - Start to delete container blocks, TXIDs=[1(0)], numOfContainers=1, numOfBlocks=1
2019-10-19 01:17:06,474 [BlockDeletingService#2] WARN  background.BlockDeletingService (BlockDeletingService.java:isDeletionAllowed(187)) - Close Container log Index 6 is not replicated across allthe servers in the pipeline 260d8aca-b42b-4def-900d-33d7d707c079 as the min replicated index is 4. Deletion is not allowed in this container yet.
2019-10-19 01:17:06,474 [BlockDeletingService#2] WARN  background.BlockDeletingService (BlockDeletingService.java:isDeletionAllowed(187)) - Close Container log Index 6 is not replicated across allthe servers in the pipeline 260d8aca-b42b-4def-900d-33d7d707c079 as the min replicated index is 4. Deletion is not allowed in this container yet.
2019-10-19 01:17:06,626 [java.util.concurrent.ThreadPoolExecutor$Worker@678808ab[State = -1, empty queue]] WARN  server.GrpcLogAppender (GrpcLogAppender.java:timeoutAppendRequest(209)) - 3f01402b-307c-4a54-abe6-b677433715ef@group-33D7D707C079->8386ee0a-1f3c-47fa-9779-9125ddcf4112-GrpcLogAppender: appendEntries Timeout, request=3f01402b-307c-4a54-abe6-b677433715ef->8386ee0a-1f3c-47fa-9779-9125ddcf4112#50-t4, previous=(t:4, i:10), leaderCommit=10, initializing? false, entries: <empty>
2019-10-19 01:17:06,722 [main] INFO  impl.MetricsSystemImpl (MetricsSystemImpl.java:init(158)) - HddsDatanode metrics system started (again)
2019-10-19 01:17:06,772 [main] INFO  ozone.HddsDatanodeService (HddsDatanodeService.java:start(184)) - HddsDatanodeService host:pr-hdds-2333-vzxj6-995506542 ip:192.168.69.71
2019-10-19 01:17:06,778 [main] INFO  volume.VolumeUsage (VolumeUsage.java:loadScmUsed(144)) - Cached ScmUsed found for /workdir/hadoop-ozone/integration-test/target/test-dir/MiniOzoneClusterImpl-5bd4f6c3-3117-4f19-852e-156a850a32f8/datanode-2/data/containers : 4096 
2019-10-19 01:17:06,778 [main] INFO  volume.HddsVolume (HddsVolume.java:<init>(176)) - Creating Volume: /workdir/hadoop-ozone/integration-test/target/test-dir/MiniOzoneClusterImpl-5bd4f6c3-3117-4f19-852e-156a850a32f8/datanode-2/data/containers/hdds of  storage type : DISK and capacity : 1482555576320
2019-10-19 01:17:06,779 [main] INFO  volume.VolumeSet (VolumeSet.java:initializeVolumeSet(170)) - Added Volume : /workdir/hadoop-ozone/integration-test/target/test-dir/MiniOzoneClusterImpl-5bd4f6c3-3117-4f19-852e-156a850a32f8/datanode-2/data/containers/hdds to VolumeSet
2019-10-19 01:17:06,779 [main] INFO  volume.ThrottledAsyncChecker (ThrottledAsyncChecker.java:schedule(141)) - Scheduling a check for /workdir/hadoop-ozone/integration-test/target/test-dir/MiniOzoneClusterImpl-5bd4f6c3-3117-4f19-852e-156a850a32f8/datanode-2/data/containers/hdds
2019-10-19 01:17:06,780 [main] INFO  volume.HddsVolumeChecker (HddsVolumeChecker.java:checkAllVolumes(204)) - Scheduled health check for volume /workdir/hadoop-ozone/integration-test/target/test-dir/MiniOzoneClusterImpl-5bd4f6c3-3117-4f19-852e-156a850a32f8/datanode-2/data/containers/hdds
2019-10-19 01:17:06,832 [main] INFO  impl.RaftServerProxy (ConfUtils.java:logGet(43)) - raft.rpc.type = GRPC (default)
2019-10-19 01:17:06,832 [main] INFO  grpc.GrpcFactory (GrpcFactory.java:checkPooledByteBufAllocatorUseCacheForAllThreads(45)) - PERFORMANCE WARNING: useCacheForAllThreads is true that may cause Netty to create a lot garbage objects and, as a result, trigger GC.
	It is recommended to disable useCacheForAllThreads by setting -Dorg.apache.ratis.thirdparty.io.netty.allocator.useCacheForAllThreads=false in command line.
2019-10-19 01:17:06,833 [main] INFO  grpc.GrpcConfigKeys$Server (ConfUtils.java:logGet(43)) - raft.grpc.server.port = 40009 (custom)
2019-10-19 01:17:06,833 [main] INFO  server.GrpcService (ConfUtils.java:logGet(43)) - raft.grpc.message.size.max = 33570816 (custom)
2019-10-19 01:17:06,833 [main] INFO  server.RaftServerConfigKeys (ConfUtils.java:logGet(43)) - raft.server.log.appender.buffer.byte-limit = 33554432 (custom)
2019-10-19 01:17:06,833 [main] INFO  server.GrpcService (ConfUtils.java:logGet(43)) - raft.grpc.flow.control.window = 1MB (=1048576) (default)
2019-10-19 01:17:06,834 [main] INFO  server.RaftServerConfigKeys (ConfUtils.java:logGet(43)) - raft.server.rpc.request.timeout = 3000ms (default)
2019-10-19 01:17:06,835 [main] INFO  server.RaftServerConfigKeys (ConfUtils.java:logGet(43)) - raft.server.storage.dir = [/workdir/hadoop-ozone/integration-test/target/test-dir/MiniOzoneClusterImpl-5bd4f6c3-3117-4f19-852e-156a850a32f8/datanode-2/data/ratis] (custom)
2019-10-19 01:17:06,835 [main] INFO  impl.RaftServerProxy (RaftServerProxy.java:lambda$null$0(191)) - 8386ee0a-1f3c-47fa-9779-9125ddcf4112: found a subdirectory /workdir/hadoop-ozone/integration-test/target/test-dir/MiniOzoneClusterImpl-5bd4f6c3-3117-4f19-852e-156a850a32f8/datanode-2/data/ratis/a0d673cd-597b-43f9-83a3-8cdf9d8ea57d
2019-10-19 01:17:06,836 [main] INFO  impl.RaftServerProxy (RaftServerProxy.java:addNew(89)) - 8386ee0a-1f3c-47fa-9779-9125ddcf4112: addNew group-8CDF9D8EA57D:[] returns group-8CDF9D8EA57D:java.util.concurrent.CompletableFuture@7dffda8b[Not completed]
2019-10-19 01:17:06,836 [main] INFO  impl.RaftServerProxy (RaftServerProxy.java:lambda$null$0(191)) - 8386ee0a-1f3c-47fa-9779-9125ddcf4112: found a subdirectory /workdir/hadoop-ozone/integration-test/target/test-dir/MiniOzoneClusterImpl-5bd4f6c3-3117-4f19-852e-156a850a32f8/datanode-2/data/ratis/260d8aca-b42b-4def-900d-33d7d707c079
2019-10-19 01:17:06,837 [main] INFO  impl.RaftServerProxy (RaftServerProxy.java:addNew(89)) - 8386ee0a-1f3c-47fa-9779-9125ddcf4112: addNew group-33D7D707C079:[] returns group-33D7D707C079:java.util.concurrent.CompletableFuture@3d1f558a[Not completed]
2019-10-19 01:17:06,845 [pool-59-thread-1] INFO  impl.RaftServerImpl (RaftServerImpl.java:<init>(104)) - 8386ee0a-1f3c-47fa-9779-9125ddcf4112: new RaftServerImpl for group-8CDF9D8EA57D:[] with ContainerStateMachine:uninitialized
2019-10-19 01:17:06,845 [pool-59-thread-1] INFO  server.RaftServerConfigKeys (ConfUtils.java:logGet(43)) - raft.server.rpc.timeout.min = 5s (custom)
2019-10-19 01:17:06,845 [pool-59-thread-1] INFO  server.RaftServerConfigKeys (ConfUtils.java:logGet(43)) - raft.server.rpc.timeout.max = 5200ms (custom)
2019-10-19 01:17:06,845 [pool-59-thread-1] INFO  server.RaftServerConfigKeys (ConfUtils.java:logGet(43)) - raft.server.rpcslowness.timeout = 1000s (custom)
2019-10-19 01:17:06,846 [pool-59-thread-1] INFO  server.RaftServerConfigKeys (ConfUtils.java:logGet(43)) - raft.server.sleep.deviation.threshold = 300 (default)
2019-10-19 01:17:06,846 [pool-59-thread-1] INFO  server.RaftServerConfigKeys (ConfUtils.java:logGet(43)) - raft.server.log.appender.install.snapshot.enabled = false (custom)
2019-10-19 01:17:06,846 [pool-59-thread-1] INFO  impl.RaftServerImpl (ServerState.java:<init>(103)) - 8386ee0a-1f3c-47fa-9779-9125ddcf4112@group-8CDF9D8EA57D: ConfigurationManager, init=-1: [], old=null, confs=<EMPTY_MAP>
2019-10-19 01:17:06,846 [pool-59-thread-1] INFO  server.RaftServerConfigKeys (ConfUtils.java:logGet(43)) - raft.server.storage.dir = [/workdir/hadoop-ozone/integration-test/target/test-dir/MiniOzoneClusterImpl-5bd4f6c3-3117-4f19-852e-156a850a32f8/datanode-2/data/ratis] (custom)
2019-10-19 01:17:06,846 [pool-59-thread-1] INFO  server.RaftServerConfigKeys (ConfUtils.java:logGet(43)) - raft.server.log.corruption.policy = EXCEPTION (default)
2019-10-19 01:17:06,847 [main] INFO  hdfs.DFSUtil (DFSUtil.java:httpServerTemplateForNNAndJN(1641)) - Starting Web-server for hddsDatanode at: http://0.0.0.0:37572
2019-10-19 01:17:06,850 [main] INFO  server.AuthenticationFilter (AuthenticationFilter.java:constructSecretProvider(240)) - Unable to initialize FileSignerSecretProvider, falling back to use random secrets.
2019-10-19 01:17:06,851 [main] WARN  http.HttpRequestLog (HttpRequestLog.java:getRequestLog(97)) - Jetty request log can only be enabled using Log4j
2019-10-19 01:17:06,854 [main] INFO  http.HttpServer2 (HttpServer2.java:addGlobalFilter(975)) - Added global filter 'safety' (class=org.apache.hadoop.http.HttpServer2$QuotingInputFilter)
2019-10-19 01:17:06,854 [main] INFO  http.HttpServer2 (HttpServer2.java:addFilter(948)) - Added filter static_user_filter (class=org.apache.hadoop.http.lib.StaticUserWebFilter$StaticUserFilter) to context hddsDatanode
2019-10-19 01:17:06,855 [main] INFO  http.HttpServer2 (HttpServer2.java:addFilter(958)) - Added filter static_user_filter (class=org.apache.hadoop.http.lib.StaticUserWebFilter$StaticUserFilter) to context static
2019-10-19 01:17:06,855 [main] INFO  http.HttpServer2 (HttpServer2.java:addFilter(958)) - Added filter static_user_filter (class=org.apache.hadoop.http.lib.StaticUserWebFilter$StaticUserFilter) to context logs
2019-10-19 01:17:06,856 [main] INFO  http.HttpServer2 (HttpServer2.java:bindListener(1191)) - Jetty bound to port 37572
2019-10-19 01:17:06,857 [main] INFO  server.Server (Server.java:doStart(351)) - jetty-9.3.25.v20180904, build timestamp: 2018-09-04T21:11:46Z, git hash: 3ce520221d0240229c862b122d2b06c12a625732
2019-10-19 01:17:06,859 [main] INFO  handler.ContextHandler (ContextHandler.java:doStart(781)) - Started o.e.j.s.ServletContextHandler@66933239{/logs,file:///workdir/hadoop-ozone/integration-test/target/log,AVAILABLE}
2019-10-19 01:17:06,860 [main] INFO  handler.ContextHandler (ContextHandler.java:doStart(781)) - Started o.e.j.s.ServletContextHandler@41ad373{/static,jar:file:/home/user/.m2/repository/org/apache/hadoop/hadoop-hdds-container-service/0.5.0-SNAPSHOT/hadoop-hdds-container-service-0.5.0-SNAPSHOT.jar!/webapps/static,AVAILABLE}
2019-10-19 01:17:06,861 [pool-59-thread-1] INFO  storage.RaftStorageDirectory (RaftStorageDirectory.java:tryLock(328)) - Lock on /workdir/hadoop-ozone/integration-test/target/test-dir/MiniOzoneClusterImpl-5bd4f6c3-3117-4f19-852e-156a850a32f8/datanode-2/data/ratis/a0d673cd-597b-43f9-83a3-8cdf9d8ea57d/in_use.lock acquired by nodename 25670@pr-hdds-2333-vzxj6-995506542
2019-10-19 01:17:06,863 [pool-59-thread-1] INFO  ratis.ContainerStateMachine (ContainerStateMachine.java:loadSnapshot(231)) - group-8CDF9D8EA57D: The snapshot info is null. Setting the last applied indexto:(t:0, i:~)
2019-10-19 01:17:06,863 [pool-59-thread-1] INFO  server.RaftServerConfigKeys (ConfUtils.java:logGet(43)) - raft.server.notification.no-leader.timeout = 1000s (custom)
2019-10-19 01:17:06,863 [pool-59-thread-1] INFO  server.RaftServerConfigKeys (ConfUtils.java:logGet(43)) - raft.server.log.use.memory = false (default)
2019-10-19 01:17:06,863 [pool-59-thread-1] INFO  server.RaftServerConfigKeys (ConfUtils.java:logGet(43)) - raft.server.log.purge.gap = 1000000 (custom)
2019-10-19 01:17:06,864 [pool-59-thread-1] INFO  server.RaftServerConfigKeys (ConfUtils.java:logGet(43)) - raft.server.log.appender.buffer.byte-limit = 33554432 (custom)
2019-10-19 01:17:06,864 [pool-59-thread-1] INFO  server.RaftServerConfigKeys (ConfUtils.java:logGet(43)) - raft.server.log.segment.size.max = 1048576 (custom)
2019-10-19 01:17:06,864 [pool-59-thread-1] INFO  server.RaftServerConfigKeys (ConfUtils.java:logGet(43)) - raft.server.log.segment.cache.num.max = 2 (custom)
2019-10-19 01:17:06,864 [pool-59-thread-1] INFO  segmented.SegmentedRaftLogWorker (SegmentedRaftLogWorker.java:<init>(173)) - new 8386ee0a-1f3c-47fa-9779-9125ddcf4112@group-8CDF9D8EA57D-SegmentedRaftLogWorker for RaftStorage:Storage Directory /workdir/hadoop-ozone/integration-test/target/test-dir/MiniOzoneClusterImpl-5bd4f6c3-3117-4f19-852e-156a850a32f8/datanode-2/data/ratis/a0d673cd-597b-43f9-83a3-8cdf9d8ea57d
2019-10-19 01:17:06,864 [pool-59-thread-1] INFO  server.RaftServerConfigKeys (ConfUtils.java:logGet(43)) - raft.server.log.queue.byte-limit = 2147483647 (custom)
2019-10-19 01:17:06,865 [pool-59-thread-1] INFO  server.RaftServerConfigKeys (ConfUtils.java:logGet(43)) - raft.server.log.queue.element-limit = 1024 (custom)
2019-10-19 01:17:06,865 [pool-59-thread-1] INFO  server.RaftServerConfigKeys (ConfUtils.java:logGet(43)) - raft.server.log.segment.size.max = 1048576 (custom)
2019-10-19 01:17:06,865 [pool-59-thread-1] INFO  server.RaftServerConfigKeys (ConfUtils.java:logGet(43)) - raft.server.log.preallocated.size = 16384 (custom)
2019-10-19 01:17:06,865 [pool-59-thread-1] INFO  server.RaftServerConfigKeys (ConfUtils.java:logGet(43)) - raft.server.log.write.buffer.size = 33554432 (custom)
2019-10-19 01:17:06,865 [pool-59-thread-1] INFO  server.RaftServerConfigKeys (ConfUtils.java:logGet(43)) - raft.server.log.force.sync.num = 128 (default)
2019-10-19 01:17:06,865 [pool-59-thread-1] INFO  server.RaftServerConfigKeys (ConfUtils.java:logGet(43)) - raft.server.log.statemachine.data.sync = true (default)
2019-10-19 01:17:06,866 [pool-59-thread-1] INFO  server.RaftServerConfigKeys (ConfUtils.java:logGet(43)) - raft.server.log.statemachine.data.sync.timeout = 10s (default)
2019-10-19 01:17:06,866 [pool-59-thread-1] INFO  server.RaftServerConfigKeys (ConfUtils.java:logGet(43)) - raft.server.log.statemachine.data.sync.timeout.retry = -1 (default)
2019-10-19 01:17:06,866 [pool-59-thread-1] INFO  server.RaftServerConfigKeys (ConfUtils.java:logGet(43)) - raft.server.log.statemachine.data.caching.enabled = true (custom)
2019-10-19 01:17:06,876 [pool-59-thread-1] INFO  impl.RaftServerImpl (ServerState.java:setRaftConf(357)) - 8386ee0a-1f3c-47fa-9779-9125ddcf4112@group-8CDF9D8EA57D: set configuration 0: [8386ee0a-1f3c-47fa-9779-9125ddcf4112:192.168.69.71:40009], old=null at 0
2019-10-19 01:17:06,877 [pool-59-thread-1] INFO  segmented.LogSegment (LogSegment.java:loadSegment(140)) - Successfully read 1 entries from segment file /workdir/hadoop-ozone/integration-test/target/test-dir/MiniOzoneClusterImpl-5bd4f6c3-3117-4f19-852e-156a850a32f8/datanode-2/data/ratis/a0d673cd-597b-43f9-83a3-8cdf9d8ea57d/current/log_inprogress_0
2019-10-19 01:17:06,877 [pool-59-thread-1] INFO  segmented.SegmentedRaftLogWorker (SegmentedRaftLogWorker.java:lambda$new$0(128)) - 8386ee0a-1f3c-47fa-9779-9125ddcf4112@group-8CDF9D8EA57D-SegmentedRaftLogWorker: flushIndex: setUnconditionally 0 -> 0
2019-10-19 01:17:06,898 [main] INFO  handler.ContextHandler (ContextHandler.java:doStart(781)) - Started o.e.j.w.WebAppContext@68a78f3c{/,file:///tmp/jetty-0.0.0.0-37572-hddsDatanode-_-any-8046470257663276628.dir/webapp/,AVAILABLE}{/hddsDatanode}
2019-10-19 01:17:06,899 [main] INFO  server.AbstractConnector (AbstractConnector.java:doStart(278)) - Started ServerConnector@17ba57f0{HTTP/1.1,[http/1.1]}{0.0.0.0:37572}
2019-10-19 01:17:06,912 [main] INFO  server.Server (Server.java:doStart(419)) - Started @112952ms
2019-10-19 01:17:06,912 [main] WARN  impl.MetricsSystemImpl (MetricsSystemImpl.java:register(276)) - Sink prometheus already exists!
2019-10-19 01:17:06,912 [pool-59-thread-1] INFO  server.RaftServerConfigKeys (ConfUtils.java:logGet(43)) - raft.server.snapshot.auto.trigger.enabled = true (custom)
2019-10-19 01:17:06,912 [pool-59-thread-1] INFO  server.RaftServerConfigKeys (ConfUtils.java:logGet(43)) - raft.server.snapshot.auto.trigger.threshold = 10000 (custom)
2019-10-19 01:17:06,912 [pool-59-thread-1] INFO  server.RaftServerConfigKeys (ConfUtils.java:logGet(43)) - raft.server.snapshot.retention.file.num = 5 (custom)
2019-10-19 01:17:06,913 [pool-59-thread-1] INFO  server.RaftServerConfigKeys (ConfUtils.java:logGet(43)) - raft.server.retrycache.expirytime = 600000ms (custom)
2019-10-19 01:17:06,914 [main] INFO  server.BaseHttpServer (BaseHttpServer.java:updateConnectorAddress(215)) - HTTP server of HDDSDATANODE is listening at http://0.0.0.0:37572
2019-10-19 01:17:06,915 [pool-59-thread-1] INFO  impl.RaftServerImpl (RaftServerImpl.java:<init>(104)) - 8386ee0a-1f3c-47fa-9779-9125ddcf4112: new RaftServerImpl for group-33D7D707C079:[] with ContainerStateMachine:uninitialized
2019-10-19 01:17:06,915 [pool-59-thread-1] INFO  server.RaftServerConfigKeys (ConfUtils.java:logGet(43)) - raft.server.rpc.timeout.min = 5s (custom)
2019-10-19 01:17:06,915 [pool-59-thread-1] INFO  server.RaftServerConfigKeys (ConfUtils.java:logGet(43)) - raft.server.rpc.timeout.max = 5200ms (custom)
2019-10-19 01:17:06,915 [pool-59-thread-1] INFO  server.RaftServerConfigKeys (ConfUtils.java:logGet(43)) - raft.server.rpcslowness.timeout = 1000s (custom)
2019-10-19 01:17:06,915 [pool-59-thread-1] INFO  server.RaftServerConfigKeys (ConfUtils.java:logGet(43)) - raft.server.sleep.deviation.threshold = 300 (default)
2019-10-19 01:17:06,915 [pool-59-thread-1] INFO  server.RaftServerConfigKeys (ConfUtils.java:logGet(43)) - raft.server.log.appender.install.snapshot.enabled = false (custom)
2019-10-19 01:17:06,916 [pool-59-thread-1] INFO  impl.RaftServerImpl (ServerState.java:<init>(103)) - 8386ee0a-1f3c-47fa-9779-9125ddcf4112@group-33D7D707C079: ConfigurationManager, init=-1: [], old=null, confs=<EMPTY_MAP>
2019-10-19 01:17:06,916 [pool-59-thread-1] INFO  server.RaftServerConfigKeys (ConfUtils.java:logGet(43)) - raft.server.storage.dir = [/workdir/hadoop-ozone/integration-test/target/test-dir/MiniOzoneClusterImpl-5bd4f6c3-3117-4f19-852e-156a850a32f8/datanode-2/data/ratis] (custom)
2019-10-19 01:17:06,916 [org.apache.hadoop.util.JvmPauseMonitor$Monitor@37f105d7] INFO  util.JvmPauseMonitor (JvmPauseMonitor.java:run(188)) - Starting JVM pause monitor
2019-10-19 01:17:06,916 [pool-59-thread-1] INFO  server.RaftServerConfigKeys (ConfUtils.java:logGet(43)) - raft.server.log.corruption.policy = EXCEPTION (default)
2019-10-19 01:17:06,929 [pool-59-thread-1] INFO  storage.RaftStorageDirectory (RaftStorageDirectory.java:tryLock(328)) - Lock on /workdir/hadoop-ozone/integration-test/target/test-dir/MiniOzoneClusterImpl-5bd4f6c3-3117-4f19-852e-156a850a32f8/datanode-2/data/ratis/260d8aca-b42b-4def-900d-33d7d707c079/in_use.lock acquired by nodename 25670@pr-hdds-2333-vzxj6-995506542
2019-10-19 01:17:06,931 [pool-59-thread-1] INFO  ratis.ContainerStateMachine (ContainerStateMachine.java:loadSnapshot(240)) - group-33D7D707C079: Setting the last applied index to (t:4, i:3)
2019-10-19 01:17:06,937 [pool-59-thread-1] INFO  impl.RaftServerImpl (ServerState.java:setRaftConf(357)) - 8386ee0a-1f3c-47fa-9779-9125ddcf4112@group-33D7D707C079: set configuration 0: [3f01402b-307c-4a54-abe6-b677433715ef:192.168.69.71:42588, 8386ee0a-1f3c-47fa-9779-9125ddcf4112:192.168.69.71:40009, e5f35640-2c6c-4b86-a5ff-33a1451b27ce:192.168.69.71:43138], old=null at 0
2019-10-19 01:17:06,937 [pool-59-thread-1] INFO  server.RaftServerConfigKeys (ConfUtils.java:logGet(43)) - raft.server.notification.no-leader.timeout = 1000s (custom)
2019-10-19 01:17:06,938 [pool-59-thread-1] INFO  server.RaftServerConfigKeys (ConfUtils.java:logGet(43)) - raft.server.log.use.memory = false (default)
2019-10-19 01:17:06,938 [pool-59-thread-1] INFO  server.RaftServerConfigKeys (ConfUtils.java:logGet(43)) - raft.server.log.purge.gap = 1000000 (custom)
2019-10-19 01:17:06,938 [pool-59-thread-1] INFO  server.RaftServerConfigKeys (ConfUtils.java:logGet(43)) - raft.server.log.appender.buffer.byte-limit = 33554432 (custom)
2019-10-19 01:17:06,938 [pool-59-thread-1] INFO  server.RaftServerConfigKeys (ConfUtils.java:logGet(43)) - raft.server.log.segment.size.max = 1048576 (custom)
2019-10-19 01:17:06,938 [pool-59-thread-1] INFO  server.RaftServerConfigKeys (ConfUtils.java:logGet(43)) - raft.server.log.segment.cache.num.max = 2 (custom)
2019-10-19 01:17:06,938 [pool-59-thread-1] INFO  segmented.SegmentedRaftLogWorker (SegmentedRaftLogWorker.java:<init>(173)) - new 8386ee0a-1f3c-47fa-9779-9125ddcf4112@group-33D7D707C079-SegmentedRaftLogWorker for RaftStorage:Storage Directory /workdir/hadoop-ozone/integration-test/target/test-dir/MiniOzoneClusterImpl-5bd4f6c3-3117-4f19-852e-156a850a32f8/datanode-2/data/ratis/260d8aca-b42b-4def-900d-33d7d707c079
2019-10-19 01:17:06,938 [pool-59-thread-1] INFO  server.RaftServerConfigKeys (ConfUtils.java:logGet(43)) - raft.server.log.queue.byte-limit = 2147483647 (custom)
2019-10-19 01:17:06,939 [pool-59-thread-1] INFO  server.RaftServerConfigKeys (ConfUtils.java:logGet(43)) - raft.server.log.queue.element-limit = 1024 (custom)
2019-10-19 01:17:06,939 [pool-59-thread-1] INFO  server.RaftServerConfigKeys (ConfUtils.java:logGet(43)) - raft.server.log.segment.size.max = 1048576 (custom)
2019-10-19 01:17:06,939 [pool-59-thread-1] INFO  server.RaftServerConfigKeys (ConfUtils.java:logGet(43)) - raft.server.log.preallocated.size = 16384 (custom)
2019-10-19 01:17:06,939 [pool-59-thread-1] INFO  server.RaftServerConfigKeys (ConfUtils.java:logGet(43)) - raft.server.log.write.buffer.size = 33554432 (custom)
2019-10-19 01:17:06,939 [pool-59-thread-1] INFO  server.RaftServerConfigKeys (ConfUtils.java:logGet(43)) - raft.server.log.force.sync.num = 128 (default)
2019-10-19 01:17:06,939 [pool-59-thread-1] INFO  server.RaftServerConfigKeys (ConfUtils.java:logGet(43)) - raft.server.log.statemachine.data.sync = true (default)
2019-10-19 01:17:06,939 [pool-59-thread-1] INFO  server.RaftServerConfigKeys (ConfUtils.java:logGet(43)) - raft.server.log.statemachine.data.sync.timeout = 10s (default)
2019-10-19 01:17:06,939 [pool-59-thread-1] INFO  server.RaftServerConfigKeys (ConfUtils.java:logGet(43)) - raft.server.log.statemachine.data.sync.timeout.retry = -1 (default)
2019-10-19 01:17:06,940 [pool-59-thread-1] INFO  server.RaftServerConfigKeys (ConfUtils.java:logGet(43)) - raft.server.log.statemachine.data.caching.enabled = true (custom)
2019-10-19 01:17:06,940 [pool-59-thread-1] INFO  impl.RaftServerImpl (ServerState.java:setRaftConf(357)) - 8386ee0a-1f3c-47fa-9779-9125ddcf4112@group-33D7D707C079: set configuration 0: [3f01402b-307c-4a54-abe6-b677433715ef:192.168.69.71:42588, 8386ee0a-1f3c-47fa-9779-9125ddcf4112:192.168.69.71:40009, e5f35640-2c6c-4b86-a5ff-33a1451b27ce:192.168.69.71:43138], old=null at 0
2019-10-19 01:17:06,941 [pool-59-thread-1] INFO  segmented.LogSegment (LogSegment.java:loadSegment(140)) - Successfully read 5 entries from segment file /workdir/hadoop-ozone/integration-test/target/test-dir/MiniOzoneClusterImpl-5bd4f6c3-3117-4f19-852e-156a850a32f8/datanode-2/data/ratis/260d8aca-b42b-4def-900d-33d7d707c079/current/log_inprogress_0
2019-10-19 01:17:06,941 [pool-59-thread-1] INFO  segmented.SegmentedRaftLogWorker (SegmentedRaftLogWorker.java:lambda$new$0(128)) - 8386ee0a-1f3c-47fa-9779-9125ddcf4112@group-33D7D707C079-SegmentedRaftLogWorker: flushIndex: setUnconditionally 0 -> 4
2019-10-19 01:17:06,967 [pool-59-thread-1] INFO  raftlog.RaftLog (RaftLog.java:lambda$new$0(61)) - 8386ee0a-1f3c-47fa-9779-9125ddcf4112@group-33D7D707C079-SegmentedRaftLog: commitIndex: updateToMax old=3, new=3, updated? false
2019-10-19 01:17:06,967 [pool-59-thread-1] INFO  server.RaftServerConfigKeys (ConfUtils.java:logGet(43)) - raft.server.snapshot.auto.trigger.enabled = true (custom)
2019-10-19 01:17:06,968 [pool-59-thread-1] INFO  server.RaftServerConfigKeys (ConfUtils.java:logGet(43)) - raft.server.snapshot.auto.trigger.threshold = 10000 (custom)
2019-10-19 01:17:06,968 [pool-59-thread-1] INFO  server.RaftServerConfigKeys (ConfUtils.java:logGet(43)) - raft.server.snapshot.retention.file.num = 5 (custom)
2019-10-19 01:17:06,968 [pool-59-thread-1] INFO  server.RaftServerConfigKeys (ConfUtils.java:logGet(43)) - raft.server.retrycache.expirytime = 600000ms (custom)
2019-10-19 01:17:07,069 [SCMBlockDeletingService#0] INFO  block.SCMBlockDeletingService (SCMBlockDeletingService.java:call(184)) - Totally added 1 delete blocks command for 1 datanodes, task elapsed time: 0ms
2019-10-19 01:17:07,069 [pool-7-thread-1] INFO  commands.RetriableDatanodeEventWatcher (RetriableDatanodeEventWatcher.java:onTimeout(47)) - RetriableDatanodeCommand type=deleteBlocksCommand with id=1571447826068 timed out. Retrying.
2019-10-19 01:17:07,267 [Thread-563] INFO  client.GrpcClientProtocolService (GrpcClientProtocolService.java:lambda$processClientRequest$0(278)) - Failed RaftClientRequest:client-0C21EF03FE8D->e5f35640-2c6c-4b86-a5ff-33a1451b27ce@group-33D7D707C079, cid=10, seq=0, Watch-ALL_COMMITTED(6), Message:<EMPTY>, reply=RaftClientReply:client-0C21EF03FE8D->e5f35640-2c6c-4b86-a5ff-33a1451b27ce@group-33D7D707C079, cid=10, FAILED org.apache.ratis.protocol.NotLeaderException: Server e5f35640-2c6c-4b86-a5ff-33a1451b27ce@group-33D7D707C079 is not the leader 3f01402b-307c-4a54-abe6-b677433715ef:192.168.69.71:42588, logIndex=0, commits[e5f35640-2c6c-4b86-a5ff-33a1451b27ce:c10, 3f01402b-307c-4a54-abe6-b677433715ef:c10, 8386ee0a-1f3c-47fa-9779-9125ddcf4112:c4]
2019-10-19 01:17:07,476 [BlockDeletingService#2] WARN  background.BlockDeletingService (BlockDeletingService.java:isDeletionAllowed(187)) - Close Container log Index 6 is not replicated across allthe servers in the pipeline 260d8aca-b42b-4def-900d-33d7d707c079 as the min replicated index is 4. Deletion is not allowed in this container yet.
2019-10-19 01:17:07,476 [BlockDeletingService#2] WARN  background.BlockDeletingService (BlockDeletingService.java:isDeletionAllowed(187)) - Close Container log Index 6 is not replicated across allthe servers in the pipeline 260d8aca-b42b-4def-900d-33d7d707c079 as the min replicated index is 4. Deletion is not allowed in this container yet.
2019-10-19 01:17:07,884 [Thread-568] INFO  client.GrpcClientProtocolService (GrpcClientProtocolService.java:lambda$processClientRequest$0(278)) - Failed RaftClientRequest:client-0C21EF03FE8D->3f01402b-307c-4a54-abe6-b677433715ef@group-33D7D707C079, cid=10, seq=0, Watch-ALL_COMMITTED(6), Message:<EMPTY>, reply=RaftClientReply:client-0C21EF03FE8D->3f01402b-307c-4a54-abe6-b677433715ef@group-33D7D707C079, cid=10, FAILED org.apache.ratis.protocol.NotReplicatedException: Request with call Id 10 and log index 6 is not yet replicated to ALL_COMMITTED, logIndex=6, commits[3f01402b-307c-4a54-abe6-b677433715ef:c10, 8386ee0a-1f3c-47fa-9779-9125ddcf4112:c4, e5f35640-2c6c-4b86-a5ff-33a1451b27ce:c10]
2019-10-19 01:17:08,069 [pool-7-thread-1] INFO  commands.RetriableDatanodeEventWatcher (RetriableDatanodeEventWatcher.java:onTimeout(47)) - RetriableDatanodeCommand type=deleteBlocksCommand with id=1571447826070 timed out. Retrying.
2019-10-19 01:17:08,069 [pool-7-thread-1] INFO  commands.RetriableDatanodeEventWatcher (RetriableDatanodeEventWatcher.java:onTimeout(47)) - RetriableDatanodeCommand type=deleteBlocksCommand with id=1571447826068 timed out. Retrying.
2019-10-19 01:17:08,070 [SCMBlockDeletingService#0] INFO  block.SCMBlockDeletingService (SCMBlockDeletingService.java:call(184)) - Totally added 1 delete blocks command for 1 datanodes, task elapsed time: 0ms
2019-10-19 01:17:08,477 [BlockDeletingService#2] WARN  background.BlockDeletingService (BlockDeletingService.java:isDeletionAllowed(187)) - Close Container log Index 6 is not replicated across allthe servers in the pipeline 260d8aca-b42b-4def-900d-33d7d707c079 as the min replicated index is 4. Deletion is not allowed in this container yet.
2019-10-19 01:17:08,478 [BlockDeletingService#2] WARN  background.BlockDeletingService (BlockDeletingService.java:isDeletionAllowed(187)) - Close Container log Index 6 is not replicated across allthe servers in the pipeline 260d8aca-b42b-4def-900d-33d7d707c079 as the min replicated index is 4. Deletion is not allowed in this container yet.
2019-10-19 01:17:08,919 [Datanode State Machine Thread - 0] INFO  ozoneimpl.OzoneContainer (OzoneContainer.java:start(213)) - Attempting to start container services.
2019-10-19 01:17:08,921 [Datanode State Machine Thread - 0] INFO  ozoneimpl.OzoneContainer (OzoneContainer.java:startContainerScrub(177)) - Background container scanner has been disabled.
2019-10-19 01:17:08,921 [Datanode State Machine Thread - 0] INFO  ratis.XceiverServerRatis (XceiverServerRatis.java:start(418)) - Starting XceiverServerRatis 8386ee0a-1f3c-47fa-9779-9125ddcf4112 at port 40009
2019-10-19 01:17:08,931 [ForkJoinPool.commonPool-worker-0] INFO  impl.RaftServerImpl (RaftServerImpl.java:start(195)) - 8386ee0a-1f3c-47fa-9779-9125ddcf4112@group-8CDF9D8EA57D: start as a follower, conf=0: [8386ee0a-1f3c-47fa-9779-9125ddcf4112:192.168.69.71:40009], old=null
2019-10-19 01:17:08,931 [Datanode State Machine Thread - 0] INFO  impl.RaftServerImpl (RaftServerImpl.java:start(195)) - 8386ee0a-1f3c-47fa-9779-9125ddcf4112@group-33D7D707C079: start as a follower, conf=0: [3f01402b-307c-4a54-abe6-b677433715ef:192.168.69.71:42588, 8386ee0a-1f3c-47fa-9779-9125ddcf4112:192.168.69.71:40009, e5f35640-2c6c-4b86-a5ff-33a1451b27ce:192.168.69.71:43138], old=null
2019-10-19 01:17:08,932 [ForkJoinPool.commonPool-worker-0] INFO  impl.RaftServerImpl (RaftServerImpl.java:setRole(184)) - 8386ee0a-1f3c-47fa-9779-9125ddcf4112@group-8CDF9D8EA57D: changes role from      null to FOLLOWER at term 1 for startAsFollower
2019-10-19 01:17:08,932 [Datanode State Machine Thread - 0] INFO  impl.RaftServerImpl (RaftServerImpl.java:setRole(184)) - 8386ee0a-1f3c-47fa-9779-9125ddcf4112@group-33D7D707C079: changes role from      null to FOLLOWER at term 4 for startAsFollower
2019-10-19 01:17:08,932 [ForkJoinPool.commonPool-worker-0] INFO  impl.RoleInfo (RoleInfo.java:updateAndGet(143)) - 8386ee0a-1f3c-47fa-9779-9125ddcf4112: start FollowerState
2019-10-19 01:17:08,932 [Datanode State Machine Thread - 0] INFO  impl.RoleInfo (RoleInfo.java:updateAndGet(143)) - 8386ee0a-1f3c-47fa-9779-9125ddcf4112: start FollowerState
2019-10-19 01:17:08,933 [ForkJoinPool.commonPool-worker-0] INFO  util.JmxRegister (JmxRegister.java:tryRegister(44)) - Successfully registered JMX Bean with object name Ratis:service=RaftServer,group=group-8CDF9D8EA57D,id=8386ee0a-1f3c-47fa-9779-9125ddcf4112
2019-10-19 01:17:08,933 [Datanode State Machine Thread - 0] INFO  util.JmxRegister (JmxRegister.java:tryRegister(44)) - Successfully registered JMX Bean with object name Ratis:service=RaftServer,group=group-33D7D707C079,id=8386ee0a-1f3c-47fa-9779-9125ddcf4112
2019-10-19 01:17:08,934 [Datanode State Machine Thread - 0] INFO  impl.RaftServerProxy (RaftServerProxy.java:lambda$start$3(299)) - 8386ee0a-1f3c-47fa-9779-9125ddcf4112: start RPC server
2019-10-19 01:17:08,937 [Datanode State Machine Thread - 0] INFO  server.GrpcService (GrpcService.java:startImpl(158)) - 8386ee0a-1f3c-47fa-9779-9125ddcf4112: GrpcService started, listening on 0.0.0.0/0.0.0.0:40009
2019-10-19 01:17:08,938 [Thread-573] INFO  impl.FollowerState (FollowerState.java:run(108)) - 8386ee0a-1f3c-47fa-9779-9125ddcf4112@group-33D7D707C079-FollowerState: change to CANDIDATE, lastRpcTime:5ms, electionTimeout:5ms
2019-10-19 01:17:08,938 [Thread-573] INFO  impl.RoleInfo (RoleInfo.java:shutdownFollowerState(121)) - 8386ee0a-1f3c-47fa-9779-9125ddcf4112: shutdown FollowerState
2019-10-19 01:17:08,938 [Thread-573] INFO  impl.RaftServerImpl (RaftServerImpl.java:setRole(184)) - 8386ee0a-1f3c-47fa-9779-9125ddcf4112@group-33D7D707C079: changes role from  FOLLOWER to CANDIDATE at term 4 for changeToCandidate
2019-10-19 01:17:08,939 [Thread-573] INFO  impl.RoleInfo (RoleInfo.java:updateAndGet(143)) - 8386ee0a-1f3c-47fa-9779-9125ddcf4112: start LeaderElection
2019-10-19 01:17:08,955 [8386ee0a-1f3c-47fa-9779-9125ddcf4112@group-33D7D707C079-LeaderElection10] INFO  impl.LeaderElection (LeaderElection.java:askForVotes(178)) - 8386ee0a-1f3c-47fa-9779-9125ddcf4112@group-33D7D707C079-LeaderElection10: begin an election at term 5 for 0: [3f01402b-307c-4a54-abe6-b677433715ef:192.168.69.71:42588, 8386ee0a-1f3c-47fa-9779-9125ddcf4112:192.168.69.71:40009, e5f35640-2c6c-4b86-a5ff-33a1451b27ce:192.168.69.71:43138], old=null
2019-10-19 01:17:08,966 [grpc-default-executor-1] INFO  impl.RaftServerImpl (ServerState.java:setLeader(256)) - 3f01402b-307c-4a54-abe6-b677433715ef@group-33D7D707C079: change Leader from 3f01402b-307c-4a54-abe6-b677433715ef to null at term 5 for updateCurrentTerm
2019-10-19 01:17:08,966 [grpc-default-executor-2] INFO  impl.RaftServerImpl (ServerState.java:setLeader(256)) - e5f35640-2c6c-4b86-a5ff-33a1451b27ce@group-33D7D707C079: change Leader from 3f01402b-307c-4a54-abe6-b677433715ef to null at term 5 for updateCurrentTerm
2019-10-19 01:17:08,966 [grpc-default-executor-1] INFO  impl.RaftServerImpl (RaftServerImpl.java:setRole(184)) - 3f01402b-307c-4a54-abe6-b677433715ef@group-33D7D707C079: changes role from    LEADER to FOLLOWER at term 5 for recognizeCandidate:8386ee0a-1f3c-47fa-9779-9125ddcf4112
2019-10-19 01:17:08,966 [grpc-default-executor-2] INFO  impl.RaftServerImpl (RaftServerImpl.java:setRole(184)) - e5f35640-2c6c-4b86-a5ff-33a1451b27ce@group-33D7D707C079: changes role from  FOLLOWER to FOLLOWER at term 5 for recognizeCandidate:8386ee0a-1f3c-47fa-9779-9125ddcf4112
2019-10-19 01:17:08,966 [grpc-default-executor-1] INFO  impl.RoleInfo (RoleInfo.java:shutdownLeaderState(104)) - 3f01402b-307c-4a54-abe6-b677433715ef: shutdown LeaderState
2019-10-19 01:17:08,966 [grpc-default-executor-2] INFO  impl.RoleInfo (RoleInfo.java:shutdownFollowerState(121)) - e5f35640-2c6c-4b86-a5ff-33a1451b27ce: shutdown FollowerState
2019-10-19 01:17:08,968 [org.apache.ratis.server.impl.LogAppender$AppenderDaemon$$Lambda$446/87719545@70a5a97a] WARN  server.GrpcLogAppender (GrpcLogAppender.java:mayWait(149)) - 3f01402b-307c-4a54-abe6-b677433715ef@group-33D7D707C079->8386ee0a-1f3c-47fa-9779-9125ddcf4112-GrpcLogAppender: Wait interrupted by java.lang.InterruptedException
2019-10-19 01:17:08,968 [org.apache.ratis.server.impl.LogAppender$AppenderDaemon$$Lambda$446/87719545@411f9b69] WARN  server.GrpcLogAppender (GrpcLogAppender.java:mayWait(149)) - 3f01402b-307c-4a54-abe6-b677433715ef@group-33D7D707C079->e5f35640-2c6c-4b86-a5ff-33a1451b27ce-GrpcLogAppender: Wait interrupted by java.lang.InterruptedException
2019-10-19 01:17:08,968 [grpc-default-executor-1] INFO  impl.PendingRequests (PendingRequests.java:sendNotLeaderResponses(202)) - 3f01402b-307c-4a54-abe6-b677433715ef@group-33D7D707C079-PendingRequests: sendNotLeaderResponses
2019-10-19 01:17:08,968 [grpc-default-executor-2] INFO  impl.RoleInfo (RoleInfo.java:updateAndGet(143)) - e5f35640-2c6c-4b86-a5ff-33a1451b27ce: start FollowerState
2019-10-19 01:17:08,968 [Thread-244] INFO  impl.FollowerState (FollowerState.java:run(117)) - e5f35640-2c6c-4b86-a5ff-33a1451b27ce@group-33D7D707C079-FollowerState was interrupted: java.lang.InterruptedException: sleep interrupted
2019-10-19 01:17:08,969 [Thread-572] INFO  impl.FollowerState (FollowerState.java:run(108)) - 8386ee0a-1f3c-47fa-9779-9125ddcf4112@group-8CDF9D8EA57D-FollowerState: change to CANDIDATE, lastRpcTime:36ms, electionTimeout:36ms
2019-10-19 01:17:08,970 [Thread-572] INFO  impl.RoleInfo (RoleInfo.java:shutdownFollowerState(121)) - 8386ee0a-1f3c-47fa-9779-9125ddcf4112: shutdown FollowerState
2019-10-19 01:17:08,970 [grpc-default-executor-0] INFO  server.GrpcServerProtocolService (GrpcServerProtocolService.java:onCompleted(113)) - e5f35640-2c6c-4b86-a5ff-33a1451b27ce: Completed APPEND_ENTRIES, lastRequest: 3f01402b-307c-4a54-abe6-b677433715ef->e5f35640-2c6c-4b86-a5ff-33a1451b27ce#52-t4, previous=(t:4, i:10), leaderCommit=10, initializing? false, entries: <empty>
2019-10-19 01:17:08,971 [Thread-572] INFO  impl.RaftServerImpl (RaftServerImpl.java:setRole(184)) - 8386ee0a-1f3c-47fa-9779-9125ddcf4112@group-8CDF9D8EA57D: changes role from  FOLLOWER to CANDIDATE at term 1 for changeToCandidate
2019-10-19 01:17:08,971 [Thread-572] INFO  impl.RoleInfo (RoleInfo.java:updateAndGet(143)) - 8386ee0a-1f3c-47fa-9779-9125ddcf4112: start LeaderElection
2019-10-19 01:17:08,971 [Thread-580] INFO  client.GrpcClientProtocolService (GrpcClientProtocolService.java:lambda$processClientRequest$0(278)) - Failed RaftClientRequest:client-0C21EF03FE8D->3f01402b-307c-4a54-abe6-b677433715ef@group-33D7D707C079, cid=10, seq=0, Watch-ALL_COMMITTED(6), Message:<EMPTY>, reply=RaftClientReply:client-0C21EF03FE8D->3f01402b-307c-4a54-abe6-b677433715ef@group-33D7D707C079, cid=10, FAILED org.apache.ratis.protocol.NotLeaderException: Server 3f01402b-307c-4a54-abe6-b677433715ef@group-33D7D707C079 is not the leader, logIndex=0, commits[3f01402b-307c-4a54-abe6-b677433715ef:c10, 8386ee0a-1f3c-47fa-9779-9125ddcf4112:c4, e5f35640-2c6c-4b86-a5ff-33a1451b27ce:c10]
2019-10-19 01:17:08,973 [grpc-default-executor-1] INFO  impl.RoleInfo (RoleInfo.java:updateAndGet(143)) - 3f01402b-307c-4a54-abe6-b677433715ef: start FollowerState
2019-10-19 01:17:08,975 [grpc-default-executor-6] INFO  server.GrpcLogAppender (GrpcLogAppender.java:onCompleted(308)) - 3f01402b-307c-4a54-abe6-b677433715ef@group-33D7D707C079->e5f35640-2c6c-4b86-a5ff-33a1451b27ce-AppendLogResponseHandler: follower responses appendEntries COMPLETED
2019-10-19 01:17:08,978 [grpc-default-executor-6] INFO  impl.FollowerInfo (FollowerInfo.java:lambda$new$0(51)) - 3f01402b-307c-4a54-abe6-b677433715ef@group-33D7D707C079->e5f35640-2c6c-4b86-a5ff-33a1451b27ce: nextIndex: updateUnconditionally 11 -> 10
2019-10-19 01:17:08,996 [8386ee0a-1f3c-47fa-9779-9125ddcf4112@group-8CDF9D8EA57D-LeaderElection11] INFO  impl.LeaderElection (LeaderElection.java:askForVotes(178)) - 8386ee0a-1f3c-47fa-9779-9125ddcf4112@group-8CDF9D8EA57D-LeaderElection11: begin an election at term 2 for 0: [8386ee0a-1f3c-47fa-9779-9125ddcf4112:192.168.69.71:40009], old=null
2019-10-19 01:17:08,996 [8386ee0a-1f3c-47fa-9779-9125ddcf4112@group-8CDF9D8EA57D-LeaderElection11] INFO  impl.RoleInfo (RoleInfo.java:shutdownLeaderElection(134)) - 8386ee0a-1f3c-47fa-9779-9125ddcf4112: shutdown LeaderElection
2019-10-19 01:17:08,996 [8386ee0a-1f3c-47fa-9779-9125ddcf4112@group-8CDF9D8EA57D-LeaderElection11] INFO  impl.RaftServerImpl (RaftServerImpl.java:setRole(184)) - 8386ee0a-1f3c-47fa-9779-9125ddcf4112@group-8CDF9D8EA57D: changes role from CANDIDATE to LEADER at term 2 for changeToLeader
2019-10-19 01:17:08,996 [8386ee0a-1f3c-47fa-9779-9125ddcf4112@group-8CDF9D8EA57D-LeaderElection11] INFO  impl.RaftServerImpl (ServerState.java:setLeader(256)) - 8386ee0a-1f3c-47fa-9779-9125ddcf4112@group-8CDF9D8EA57D: change Leader from null to 8386ee0a-1f3c-47fa-9779-9125ddcf4112 at term 2 for becomeLeader, leader elected after 2133ms
2019-10-19 01:17:08,997 [8386ee0a-1f3c-47fa-9779-9125ddcf4112@group-8CDF9D8EA57D-LeaderElection11] INFO  server.RaftServerConfigKeys (ConfUtils.java:logGet(43)) - raft.server.staging.catchup.gap = 1000 (default)
2019-10-19 01:17:08,998 [8386ee0a-1f3c-47fa-9779-9125ddcf4112@group-8CDF9D8EA57D-LeaderElection11] INFO  server.RaftServerConfigKeys (ConfUtils.java:logGet(43)) - raft.server.rpc.sleep.time = 25ms (default)
2019-10-19 01:17:08,998 [8386ee0a-1f3c-47fa-9779-9125ddcf4112@group-33D7D707C079-LeaderElection10] INFO  impl.LeaderElection (LeaderElection.java:logAndReturn(56)) - 8386ee0a-1f3c-47fa-9779-9125ddcf4112@group-33D7D707C079-LeaderElection10: Election REJECTED; received 2 response(s) [8386ee0a-1f3c-47fa-9779-9125ddcf4112<-3f01402b-307c-4a54-abe6-b677433715ef#0:FAIL-t5, 8386ee0a-1f3c-47fa-9779-9125ddcf4112<-e5f35640-2c6c-4b86-a5ff-33a1451b27ce#0:FAIL-t5] and 0 exception(s); 8386ee0a-1f3c-47fa-9779-9125ddcf4112@group-33D7D707C079:t5, leader=null, voted=8386ee0a-1f3c-47fa-9779-9125ddcf4112, raftlog=8386ee0a-1f3c-47fa-9779-9125ddcf4112@group-33D7D707C079-SegmentedRaftLog:OPENED:c3,f4,i4, conf=0: [3f01402b-307c-4a54-abe6-b677433715ef:192.168.69.71:42588, 8386ee0a-1f3c-47fa-9779-9125ddcf4112:192.168.69.71:40009, e5f35640-2c6c-4b86-a5ff-33a1451b27ce:192.168.69.71:43138], old=null
2019-10-19 01:17:08,998 [8386ee0a-1f3c-47fa-9779-9125ddcf4112@group-8CDF9D8EA57D-LeaderElection11] INFO  server.RaftServerConfigKeys (ConfUtils.java:logGet(43)) - raft.server.write.element-limit = 4096 (default)
2019-10-19 01:17:08,999 [8386ee0a-1f3c-47fa-9779-9125ddcf4112@group-33D7D707C079-LeaderElection10] INFO  impl.RaftServerImpl (RaftServerImpl.java:setRole(184)) - 8386ee0a-1f3c-47fa-9779-9125ddcf4112@group-33D7D707C079: changes role from CANDIDATE to FOLLOWER at term 5 for DISCOVERED_A_NEW_TERM
2019-10-19 01:17:09,001 [8386ee0a-1f3c-47fa-9779-9125ddcf4112@group-8CDF9D8EA57D-LeaderElection11] INFO  server.RaftServerConfigKeys (ConfUtils.java:logGet(43)) - raft.server.watch.timeout = 10s (default)
2019-10-19 01:17:09,001 [8386ee0a-1f3c-47fa-9779-9125ddcf4112@group-33D7D707C079-LeaderElection10] INFO  impl.RoleInfo (RoleInfo.java:shutdownLeaderElection(134)) - 8386ee0a-1f3c-47fa-9779-9125ddcf4112: shutdown LeaderElection
2019-10-19 01:17:09,002 [8386ee0a-1f3c-47fa-9779-9125ddcf4112@group-8CDF9D8EA57D-LeaderElection11] INFO  server.RaftServerConfigKeys (ConfUtils.java:logGet(43)) - raft.server.watch.timeout.denomination = 1s (default)
2019-10-19 01:17:09,002 [8386ee0a-1f3c-47fa-9779-9125ddcf4112@group-33D7D707C079-LeaderElection10] INFO  impl.RoleInfo (RoleInfo.java:updateAndGet(143)) - 8386ee0a-1f3c-47fa-9779-9125ddcf4112: start FollowerState
2019-10-19 01:17:09,002 [8386ee0a-1f3c-47fa-9779-9125ddcf4112@group-8CDF9D8EA57D-LeaderElection11] INFO  server.RaftServerConfigKeys (ConfUtils.java:logGet(43)) - raft.server.watch.element-limit = 65536 (default)
2019-10-19 01:17:09,003 [8386ee0a-1f3c-47fa-9779-9125ddcf4112@group-8CDF9D8EA57D-LeaderElection11] INFO  impl.RoleInfo (RoleInfo.java:updateAndGet(143)) - 8386ee0a-1f3c-47fa-9779-9125ddcf4112: start LeaderState
2019-10-19 01:17:09,004 [8386ee0a-1f3c-47fa-9779-9125ddcf4112@group-8CDF9D8EA57D-LeaderElection11] INFO  segmented.SegmentedRaftLogWorker (SegmentedRaftLogWorker.java:rollLogSegment(390)) - 8386ee0a-1f3c-47fa-9779-9125ddcf4112@group-8CDF9D8EA57D-SegmentedRaftLogWorker: Rolling segment log-0_0 to index:0
2019-10-19 01:17:09,007 [8386ee0a-1f3c-47fa-9779-9125ddcf4112@group-8CDF9D8EA57D-LeaderElection11] INFO  impl.RaftServerImpl (ServerState.java:setRaftConf(357)) - 8386ee0a-1f3c-47fa-9779-9125ddcf4112@group-8CDF9D8EA57D: set configuration 1: [8386ee0a-1f3c-47fa-9779-9125ddcf4112:192.168.69.71:40009], old=null at 1
2019-10-19 01:17:09,008 [8386ee0a-1f3c-47fa-9779-9125ddcf4112@group-8CDF9D8EA57D-SegmentedRaftLogWorker] INFO  segmented.SegmentedRaftLogWorker (SegmentedRaftLogWorker.java:execute(533)) - 8386ee0a-1f3c-47fa-9779-9125ddcf4112@group-8CDF9D8EA57D-SegmentedRaftLogWorker: Rolled log segment from /workdir/hadoop-ozone/integration-test/target/test-dir/MiniOzoneClusterImpl-5bd4f6c3-3117-4f19-852e-156a850a32f8/datanode-2/data/ratis/a0d673cd-597b-43f9-83a3-8cdf9d8ea57d/current/log_inprogress_0 to /workdir/hadoop-ozone/integration-test/target/test-dir/MiniOzoneClusterImpl-5bd4f6c3-3117-4f19-852e-156a850a32f8/datanode-2/data/ratis/a0d673cd-597b-43f9-83a3-8cdf9d8ea57d/current/log_0-0
2019-10-19 01:17:09,045 [8386ee0a-1f3c-47fa-9779-9125ddcf4112@group-8CDF9D8EA57D-SegmentedRaftLogWorker] INFO  segmented.SegmentedRaftLogWorker (SegmentedRaftLogWorker.java:execute(576)) - 8386ee0a-1f3c-47fa-9779-9125ddcf4112@group-8CDF9D8EA57D-SegmentedRaftLogWorker: created new log segment /workdir/hadoop-ozone/integration-test/target/test-dir/MiniOzoneClusterImpl-5bd4f6c3-3117-4f19-852e-156a850a32f8/datanode-2/data/ratis/a0d673cd-597b-43f9-83a3-8cdf9d8ea57d/current/log_inprogress_1
2019-10-19 01:17:09,070 [pool-7-thread-1] INFO  commands.RetriableDatanodeEventWatcher (RetriableDatanodeEventWatcher.java:onTimeout(47)) - RetriableDatanodeCommand type=deleteBlocksCommand with id=1571447826071 timed out. Retrying.
2019-10-19 01:17:09,073 [pool-7-thread-3] INFO  commands.RetriableDatanodeEventWatcher (RetriableDatanodeEventWatcher.java:onTimeout(47)) - RetriableDatanodeCommand type=deleteBlocksCommand with id=1571447826068 timed out. Retrying.
2019-10-19 01:17:09,073 [pool-7-thread-2] INFO  commands.RetriableDatanodeEventWatcher (RetriableDatanodeEventWatcher.java:onTimeout(47)) - RetriableDatanodeCommand type=deleteBlocksCommand with id=1571447826070 timed out. Retrying.
2019-10-19 01:17:09,074 [SCMBlockDeletingService#0] INFO  block.SCMBlockDeletingService (SCMBlockDeletingService.java:call(184)) - Totally added 1 delete blocks command for 1 datanodes, task elapsed time: 2ms
2019-10-19 01:17:09,111 [Thread-585] INFO  impl.FollowerState (FollowerState.java:run(108)) - 8386ee0a-1f3c-47fa-9779-9125ddcf4112@group-33D7D707C079-FollowerState: change to CANDIDATE, lastRpcTime:109ms, electionTimeout:108ms
2019-10-19 01:17:09,111 [Thread-585] INFO  impl.RoleInfo (RoleInfo.java:shutdownFollowerState(121)) - 8386ee0a-1f3c-47fa-9779-9125ddcf4112: shutdown FollowerState
2019-10-19 01:17:09,111 [Thread-585] INFO  impl.RaftServerImpl (RaftServerImpl.java:setRole(184)) - 8386ee0a-1f3c-47fa-9779-9125ddcf4112@group-33D7D707C079: changes role from  FOLLOWER to CANDIDATE at term 5 for changeToCandidate
2019-10-19 01:17:09,112 [Thread-585] INFO  impl.RoleInfo (RoleInfo.java:updateAndGet(143)) - 8386ee0a-1f3c-47fa-9779-9125ddcf4112: start LeaderElection
2019-10-19 01:17:09,127 [8386ee0a-1f3c-47fa-9779-9125ddcf4112@group-33D7D707C079-LeaderElection12] INFO  impl.LeaderElection (LeaderElection.java:askForVotes(178)) - 8386ee0a-1f3c-47fa-9779-9125ddcf4112@group-33D7D707C079-LeaderElection12: begin an election at term 6 for 0: [3f01402b-307c-4a54-abe6-b677433715ef:192.168.69.71:42588, 8386ee0a-1f3c-47fa-9779-9125ddcf4112:192.168.69.71:40009, e5f35640-2c6c-4b86-a5ff-33a1451b27ce:192.168.69.71:43138], old=null
2019-10-19 01:17:09,127 [java.util.concurrent.ThreadPoolExecutor$Worker@678808ab[State = -1, empty queue]] WARN  server.GrpcLogAppender (GrpcLogAppender.java:timeoutAppendRequest(209)) - 3f01402b-307c-4a54-abe6-b677433715ef@group-33D7D707C079->8386ee0a-1f3c-47fa-9779-9125ddcf4112-GrpcLogAppender: appendEntries Timeout, request=3f01402b-307c-4a54-abe6-b677433715ef->8386ee0a-1f3c-47fa-9779-9125ddcf4112#51-t4, previous=(t:4, i:10), leaderCommit=10, initializing? false, entries: <empty>
2019-10-19 01:17:09,132 [grpc-default-executor-1] INFO  impl.RaftServerImpl (RaftServerImpl.java:setRole(184)) - 3f01402b-307c-4a54-abe6-b677433715ef@group-33D7D707C079: changes role from  FOLLOWER to FOLLOWER at term 6 for recognizeCandidate:8386ee0a-1f3c-47fa-9779-9125ddcf4112
2019-10-19 01:17:09,132 [grpc-default-executor-2] INFO  impl.RaftServerImpl (RaftServerImpl.java:setRole(184)) - e5f35640-2c6c-4b86-a5ff-33a1451b27ce@group-33D7D707C079: changes role from  FOLLOWER to FOLLOWER at term 6 for recognizeCandidate:8386ee0a-1f3c-47fa-9779-9125ddcf4112
2019-10-19 01:17:09,132 [grpc-default-executor-1] INFO  impl.RoleInfo (RoleInfo.java:shutdownFollowerState(121)) - 3f01402b-307c-4a54-abe6-b677433715ef: shutdown FollowerState
2019-10-19 01:17:09,132 [grpc-default-executor-2] INFO  impl.RoleInfo (RoleInfo.java:shutdownFollowerState(121)) - e5f35640-2c6c-4b86-a5ff-33a1451b27ce: shutdown FollowerState
2019-10-19 01:17:09,132 [grpc-default-executor-1] INFO  impl.RoleInfo (RoleInfo.java:updateAndGet(143)) - 3f01402b-307c-4a54-abe6-b677433715ef: start FollowerState
2019-10-19 01:17:09,132 [Thread-582] INFO  impl.FollowerState (FollowerState.java:run(117)) - 3f01402b-307c-4a54-abe6-b677433715ef@group-33D7D707C079-FollowerState was interrupted: java.lang.InterruptedException: sleep interrupted
2019-10-19 01:17:09,132 [Thread-579] INFO  impl.FollowerState (FollowerState.java:run(117)) - e5f35640-2c6c-4b86-a5ff-33a1451b27ce@group-33D7D707C079-FollowerState was interrupted: java.lang.InterruptedException: sleep interrupted
2019-10-19 01:17:09,132 [grpc-default-executor-2] INFO  impl.RoleInfo (RoleInfo.java:updateAndGet(143)) - e5f35640-2c6c-4b86-a5ff-33a1451b27ce: start FollowerState
2019-10-19 01:17:09,148 [8386ee0a-1f3c-47fa-9779-9125ddcf4112@group-33D7D707C079-LeaderElection12] INFO  impl.LeaderElection (LeaderElection.java:logAndReturn(56)) - 8386ee0a-1f3c-47fa-9779-9125ddcf4112@group-33D7D707C079-LeaderElection12: Election REJECTED; received 2 response(s) [8386ee0a-1f3c-47fa-9779-9125ddcf4112<-3f01402b-307c-4a54-abe6-b677433715ef#0:FAIL-t6, 8386ee0a-1f3c-47fa-9779-9125ddcf4112<-e5f35640-2c6c-4b86-a5ff-33a1451b27ce#0:FAIL-t6] and 0 exception(s); 8386ee0a-1f3c-47fa-9779-9125ddcf4112@group-33D7D707C079:t6, leader=null, voted=8386ee0a-1f3c-47fa-9779-9125ddcf4112, raftlog=8386ee0a-1f3c-47fa-9779-9125ddcf4112@group-33D7D707C079-SegmentedRaftLog:OPENED:c3,f4,i4, conf=0: [3f01402b-307c-4a54-abe6-b677433715ef:192.168.69.71:42588, 8386ee0a-1f3c-47fa-9779-9125ddcf4112:192.168.69.71:40009, e5f35640-2c6c-4b86-a5ff-33a1451b27ce:192.168.69.71:43138], old=null
2019-10-19 01:17:09,149 [8386ee0a-1f3c-47fa-9779-9125ddcf4112@group-33D7D707C079-LeaderElection12] INFO  impl.RaftServerImpl (RaftServerImpl.java:setRole(184)) - 8386ee0a-1f3c-47fa-9779-9125ddcf4112@group-33D7D707C079: changes role from CANDIDATE to FOLLOWER at term 6 for DISCOVERED_A_NEW_TERM
2019-10-19 01:17:09,149 [8386ee0a-1f3c-47fa-9779-9125ddcf4112@group-33D7D707C079-LeaderElection12] INFO  impl.RoleInfo (RoleInfo.java:shutdownLeaderElection(134)) - 8386ee0a-1f3c-47fa-9779-9125ddcf4112: shutdown LeaderElection
2019-10-19 01:17:09,150 [8386ee0a-1f3c-47fa-9779-9125ddcf4112@group-33D7D707C079-LeaderElection12] INFO  impl.RoleInfo (RoleInfo.java:updateAndGet(143)) - 8386ee0a-1f3c-47fa-9779-9125ddcf4112: start FollowerState
2019-10-19 01:17:09,220 [Thread-591] INFO  impl.FollowerState (FollowerState.java:run(108)) - 8386ee0a-1f3c-47fa-9779-9125ddcf4112@group-33D7D707C079-FollowerState: change to CANDIDATE, lastRpcTime:70ms, electionTimeout:69ms
2019-10-19 01:17:09,221 [Thread-591] INFO  impl.RoleInfo (RoleInfo.java:shutdownFollowerState(121)) - 8386ee0a-1f3c-47fa-9779-9125ddcf4112: shutdown FollowerState
2019-10-19 01:17:09,221 [Thread-591] INFO  impl.RaftServerImpl (RaftServerImpl.java:setRole(184)) - 8386ee0a-1f3c-47fa-9779-9125ddcf4112@group-33D7D707C079: changes role from  FOLLOWER to CANDIDATE at term 6 for changeToCandidate
2019-10-19 01:17:09,221 [Thread-591] INFO  impl.RoleInfo (RoleInfo.java:updateAndGet(143)) - 8386ee0a-1f3c-47fa-9779-9125ddcf4112: start LeaderElection
2019-10-19 01:17:09,235 [8386ee0a-1f3c-47fa-9779-9125ddcf4112@group-33D7D707C079-LeaderElection13] INFO  impl.LeaderElection (LeaderElection.java:askForVotes(178)) - 8386ee0a-1f3c-47fa-9779-9125ddcf4112@group-33D7D707C079-LeaderElection13: begin an election at term 7 for 0: [3f01402b-307c-4a54-abe6-b677433715ef:192.168.69.71:42588, 8386ee0a-1f3c-47fa-9779-9125ddcf4112:192.168.69.71:40009, e5f35640-2c6c-4b86-a5ff-33a1451b27ce:192.168.69.71:43138], old=null
2019-10-19 01:17:09,238 [grpc-default-executor-2] INFO  impl.RaftServerImpl (RaftServerImpl.java:setRole(184)) - e5f35640-2c6c-4b86-a5ff-33a1451b27ce@group-33D7D707C079: changes role from  FOLLOWER to FOLLOWER at term 7 for recognizeCandidate:8386ee0a-1f3c-47fa-9779-9125ddcf4112
2019-10-19 01:17:09,238 [grpc-default-executor-1] INFO  impl.RaftServerImpl (RaftServerImpl.java:setRole(184)) - 3f01402b-307c-4a54-abe6-b677433715ef@group-33D7D707C079: changes role from  FOLLOWER to FOLLOWER at term 7 for recognizeCandidate:8386ee0a-1f3c-47fa-9779-9125ddcf4112
2019-10-19 01:17:09,238 [grpc-default-executor-2] INFO  impl.RoleInfo (RoleInfo.java:shutdownFollowerState(121)) - e5f35640-2c6c-4b86-a5ff-33a1451b27ce: shutdown FollowerState
2019-10-19 01:17:09,238 [grpc-default-executor-1] INFO  impl.RoleInfo (RoleInfo.java:shutdownFollowerState(121)) - 3f01402b-307c-4a54-abe6-b677433715ef: shutdown FollowerState
2019-10-19 01:17:09,239 [Thread-590] INFO  impl.FollowerState (FollowerState.java:run(117)) - e5f35640-2c6c-4b86-a5ff-33a1451b27ce@group-33D7D707C079-FollowerState was interrupted: java.lang.InterruptedException: sleep interrupted
2019-10-19 01:17:09,239 [grpc-default-executor-2] INFO  impl.RoleInfo (RoleInfo.java:updateAndGet(143)) - e5f35640-2c6c-4b86-a5ff-33a1451b27ce: start FollowerState
2019-10-19 01:17:09,239 [grpc-default-executor-1] INFO  impl.RoleInfo (RoleInfo.java:updateAndGet(143)) - 3f01402b-307c-4a54-abe6-b677433715ef: start FollowerState
2019-10-19 01:17:09,239 [Thread-589] INFO  impl.FollowerState (FollowerState.java:run(117)) - 3f01402b-307c-4a54-abe6-b677433715ef@group-33D7D707C079-FollowerState was interrupted: java.lang.InterruptedException: sleep interrupted
2019-10-19 01:17:09,257 [8386ee0a-1f3c-47fa-9779-9125ddcf4112@group-33D7D707C079-LeaderElection13] INFO  impl.LeaderElection (LeaderElection.java:logAndReturn(56)) - 8386ee0a-1f3c-47fa-9779-9125ddcf4112@group-33D7D707C079-LeaderElection13: Election REJECTED; received 2 response(s) [8386ee0a-1f3c-47fa-9779-9125ddcf4112<-3f01402b-307c-4a54-abe6-b677433715ef#0:FAIL-t7, 8386ee0a-1f3c-47fa-9779-9125ddcf4112<-e5f35640-2c6c-4b86-a5ff-33a1451b27ce#0:FAIL-t7] and 0 exception(s); 8386ee0a-1f3c-47fa-9779-9125ddcf4112@group-33D7D707C079:t7, leader=null, voted=8386ee0a-1f3c-47fa-9779-9125ddcf4112, raftlog=8386ee0a-1f3c-47fa-9779-9125ddcf4112@group-33D7D707C079-SegmentedRaftLog:OPENED:c3,f4,i4, conf=0: [3f01402b-307c-4a54-abe6-b677433715ef:192.168.69.71:42588, 8386ee0a-1f3c-47fa-9779-9125ddcf4112:192.168.69.71:40009, e5f35640-2c6c-4b86-a5ff-33a1451b27ce:192.168.69.71:43138], old=null
2019-10-19 01:17:09,257 [8386ee0a-1f3c-47fa-9779-9125ddcf4112@group-33D7D707C079-LeaderElection13] INFO  impl.RaftServerImpl (RaftServerImpl.java:setRole(184)) - 8386ee0a-1f3c-47fa-9779-9125ddcf4112@group-33D7D707C079: changes role from CANDIDATE to FOLLOWER at term 7 for DISCOVERED_A_NEW_TERM
2019-10-19 01:17:09,258 [8386ee0a-1f3c-47fa-9779-9125ddcf4112@group-33D7D707C079-LeaderElection13] INFO  impl.RoleInfo (RoleInfo.java:shutdownLeaderElection(134)) - 8386ee0a-1f3c-47fa-9779-9125ddcf4112: shutdown LeaderElection
2019-10-19 01:17:09,258 [8386ee0a-1f3c-47fa-9779-9125ddcf4112@group-33D7D707C079-LeaderElection13] INFO  impl.RoleInfo (RoleInfo.java:updateAndGet(143)) - 8386ee0a-1f3c-47fa-9779-9125ddcf4112: start FollowerState
2019-10-19 01:17:09,262 [Thread-597] INFO  impl.FollowerState (FollowerState.java:run(108)) - 8386ee0a-1f3c-47fa-9779-9125ddcf4112@group-33D7D707C079-FollowerState: change to CANDIDATE, lastRpcTime:3ms, electionTimeout:3ms
2019-10-19 01:17:09,263 [Thread-597] INFO  impl.RoleInfo (RoleInfo.java:shutdownFollowerState(121)) - 8386ee0a-1f3c-47fa-9779-9125ddcf4112: shutdown FollowerState
2019-10-19 01:17:09,263 [Thread-597] INFO  impl.RaftServerImpl (RaftServerImpl.java:setRole(184)) - 8386ee0a-1f3c-47fa-9779-9125ddcf4112@group-33D7D707C079: changes role from  FOLLOWER to CANDIDATE at term 7 for changeToCandidate
2019-10-19 01:17:09,263 [Thread-597] INFO  impl.RoleInfo (RoleInfo.java:updateAndGet(143)) - 8386ee0a-1f3c-47fa-9779-9125ddcf4112: start LeaderElection
2019-10-19 01:17:09,277 [8386ee0a-1f3c-47fa-9779-9125ddcf4112@group-33D7D707C079-LeaderElection14] INFO  impl.LeaderElection (LeaderElection.java:askForVotes(178)) - 8386ee0a-1f3c-47fa-9779-9125ddcf4112@group-33D7D707C079-LeaderElection14: begin an election at term 8 for 0: [3f01402b-307c-4a54-abe6-b677433715ef:192.168.69.71:42588, 8386ee0a-1f3c-47fa-9779-9125ddcf4112:192.168.69.71:40009, e5f35640-2c6c-4b86-a5ff-33a1451b27ce:192.168.69.71:43138], old=null
2019-10-19 01:17:09,368 [grpc-default-executor-2] INFO  impl.RaftServerImpl (RaftServerImpl.java:setRole(184)) - e5f35640-2c6c-4b86-a5ff-33a1451b27ce@group-33D7D707C079: changes role from  FOLLOWER to FOLLOWER at term 8 for recognizeCandidate:8386ee0a-1f3c-47fa-9779-9125ddcf4112
2019-10-19 01:17:09,368 [grpc-default-executor-1] INFO  impl.RaftServerImpl (RaftServerImpl.java:setRole(184)) - 3f01402b-307c-4a54-abe6-b677433715ef@group-33D7D707C079: changes role from  FOLLOWER to FOLLOWER at term 8 for recognizeCandidate:8386ee0a-1f3c-47fa-9779-9125ddcf4112
2019-10-19 01:17:09,369 [grpc-default-executor-2] INFO  impl.RoleInfo (RoleInfo.java:shutdownFollowerState(121)) - e5f35640-2c6c-4b86-a5ff-33a1451b27ce: shutdown FollowerState
2019-10-19 01:17:09,369 [grpc-default-executor-1] INFO  impl.RoleInfo (RoleInfo.java:shutdownFollowerState(121)) - 3f01402b-307c-4a54-abe6-b677433715ef: shutdown FollowerState
2019-10-19 01:17:09,369 [grpc-default-executor-2] INFO  impl.RoleInfo (RoleInfo.java:updateAndGet(143)) - e5f35640-2c6c-4b86-a5ff-33a1451b27ce: start FollowerState
2019-10-19 01:17:09,369 [Thread-595] INFO  impl.FollowerState (FollowerState.java:run(117)) - e5f35640-2c6c-4b86-a5ff-33a1451b27ce@group-33D7D707C079-FollowerState was interrupted: java.lang.InterruptedException: sleep interrupted
2019-10-19 01:17:09,369 [Thread-596] INFO  impl.FollowerState (FollowerState.java:run(117)) - 3f01402b-307c-4a54-abe6-b677433715ef@group-33D7D707C079-FollowerState was interrupted: java.lang.InterruptedException: sleep interrupted
2019-10-19 01:17:09,369 [grpc-default-executor-1] INFO  impl.RoleInfo (RoleInfo.java:updateAndGet(143)) - 3f01402b-307c-4a54-abe6-b677433715ef: start FollowerState
2019-10-19 01:17:09,388 [8386ee0a-1f3c-47fa-9779-9125ddcf4112@group-33D7D707C079-LeaderElection14] INFO  impl.LeaderElection (LeaderElection.java:logAndReturn(56)) - 8386ee0a-1f3c-47fa-9779-9125ddcf4112@group-33D7D707C079-LeaderElection14: Election REJECTED; received 2 response(s) [8386ee0a-1f3c-47fa-9779-9125ddcf4112<-3f01402b-307c-4a54-abe6-b677433715ef#0:FAIL-t8, 8386ee0a-1f3c-47fa-9779-9125ddcf4112<-e5f35640-2c6c-4b86-a5ff-33a1451b27ce#0:FAIL-t8] and 0 exception(s); 8386ee0a-1f3c-47fa-9779-9125ddcf4112@group-33D7D707C079:t8, leader=null, voted=8386ee0a-1f3c-47fa-9779-9125ddcf4112, raftlog=8386ee0a-1f3c-47fa-9779-9125ddcf4112@group-33D7D707C079-SegmentedRaftLog:OPENED:c3,f4,i4, conf=0: [3f01402b-307c-4a54-abe6-b677433715ef:192.168.69.71:42588, 8386ee0a-1f3c-47fa-9779-9125ddcf4112:192.168.69.71:40009, e5f35640-2c6c-4b86-a5ff-33a1451b27ce:192.168.69.71:43138], old=null
2019-10-19 01:17:09,388 [8386ee0a-1f3c-47fa-9779-9125ddcf4112@group-33D7D707C079-LeaderElection14] INFO  impl.RaftServerImpl (RaftServerImpl.java:setRole(184)) - 8386ee0a-1f3c-47fa-9779-9125ddcf4112@group-33D7D707C079: changes role from CANDIDATE to FOLLOWER at term 8 for DISCOVERED_A_NEW_TERM
2019-10-19 01:17:09,390 [8386ee0a-1f3c-47fa-9779-9125ddcf4112@group-33D7D707C079-LeaderElection14] INFO  impl.RoleInfo (RoleInfo.java:shutdownLeaderElection(134)) - 8386ee0a-1f3c-47fa-9779-9125ddcf4112: shutdown LeaderElection
2019-10-19 01:17:09,391 [8386ee0a-1f3c-47fa-9779-9125ddcf4112@group-33D7D707C079-LeaderElection14] INFO  impl.RoleInfo (RoleInfo.java:updateAndGet(143)) - 8386ee0a-1f3c-47fa-9779-9125ddcf4112: start FollowerState
2019-10-19 01:17:09,479 [BlockDeletingService#2] WARN  background.BlockDeletingService (BlockDeletingService.java:isDeletionAllowed(187)) - Close Container log Index 6 is not replicated across allthe servers in the pipeline 260d8aca-b42b-4def-900d-33d7d707c079 as the min replicated index is 4. Deletion is not allowed in this container yet.
2019-10-19 01:17:09,479 [BlockDeletingService#2] WARN  background.BlockDeletingService (BlockDeletingService.java:isDeletionAllowed(187)) - Close Container log Index 6 is not replicated across allthe servers in the pipeline 260d8aca-b42b-4def-900d-33d7d707c079 as the min replicated index is 4. Deletion is not allowed in this container yet.
2019-10-19 01:17:09,498 [Thread-603] INFO  impl.FollowerState (FollowerState.java:run(108)) - 8386ee0a-1f3c-47fa-9779-9125ddcf4112@group-33D7D707C079-FollowerState: change to CANDIDATE, lastRpcTime:107ms, electionTimeout:106ms
2019-10-19 01:17:09,498 [Thread-603] INFO  impl.RoleInfo (RoleInfo.java:shutdownFollowerState(121)) - 8386ee0a-1f3c-47fa-9779-9125ddcf4112: shutdown FollowerState
2019-10-19 01:17:09,498 [Thread-603] INFO  impl.RaftServerImpl (RaftServerImpl.java:setRole(184)) - 8386ee0a-1f3c-47fa-9779-9125ddcf4112@group-33D7D707C079: changes role from  FOLLOWER to CANDIDATE at term 8 for changeToCandidate
2019-10-19 01:17:09,498 [Thread-603] INFO  impl.RoleInfo (RoleInfo.java:updateAndGet(143)) - 8386ee0a-1f3c-47fa-9779-9125ddcf4112: start LeaderElection
2019-10-19 01:17:09,517 [8386ee0a-1f3c-47fa-9779-9125ddcf4112@group-33D7D707C079-LeaderElection15] INFO  impl.LeaderElection (LeaderElection.java:askForVotes(178)) - 8386ee0a-1f3c-47fa-9779-9125ddcf4112@group-33D7D707C079-LeaderElection15: begin an election at term 9 for 0: [3f01402b-307c-4a54-abe6-b677433715ef:192.168.69.71:42588, 8386ee0a-1f3c-47fa-9779-9125ddcf4112:192.168.69.71:40009, e5f35640-2c6c-4b86-a5ff-33a1451b27ce:192.168.69.71:43138], old=null
2019-10-19 01:17:09,521 [grpc-default-executor-1] INFO  impl.RaftServerImpl (RaftServerImpl.java:setRole(184)) - e5f35640-2c6c-4b86-a5ff-33a1451b27ce@group-33D7D707C079: changes role from  FOLLOWER to FOLLOWER at term 9 for recognizeCandidate:8386ee0a-1f3c-47fa-9779-9125ddcf4112
2019-10-19 01:17:09,521 [grpc-default-executor-2] INFO  impl.RaftServerImpl (RaftServerImpl.java:setRole(184)) - 3f01402b-307c-4a54-abe6-b677433715ef@group-33D7D707C079: changes role from  FOLLOWER to FOLLOWER at term 9 for recognizeCandidate:8386ee0a-1f3c-47fa-9779-9125ddcf4112
2019-10-19 01:17:09,521 [grpc-default-executor-1] INFO  impl.RoleInfo (RoleInfo.java:shutdownFollowerState(121)) - e5f35640-2c6c-4b86-a5ff-33a1451b27ce: shutdown FollowerState
2019-10-19 01:17:09,521 [grpc-default-executor-2] INFO  impl.RoleInfo (RoleInfo.java:shutdownFollowerState(121)) - 3f01402b-307c-4a54-abe6-b677433715ef: shutdown FollowerState
2019-10-19 01:17:09,521 [Thread-601] INFO  impl.FollowerState (FollowerState.java:run(117)) - e5f35640-2c6c-4b86-a5ff-33a1451b27ce@group-33D7D707C079-FollowerState was interrupted: java.lang.InterruptedException: sleep interrupted
2019-10-19 01:17:09,521 [grpc-default-executor-1] INFO  impl.RoleInfo (RoleInfo.java:updateAndGet(143)) - e5f35640-2c6c-4b86-a5ff-33a1451b27ce: start FollowerState
2019-10-19 01:17:09,522 [grpc-default-executor-2] INFO  impl.RoleInfo (RoleInfo.java:updateAndGet(143)) - 3f01402b-307c-4a54-abe6-b677433715ef: start FollowerState
2019-10-19 01:17:09,522 [Thread-602] INFO  impl.FollowerState (FollowerState.java:run(117)) - 3f01402b-307c-4a54-abe6-b677433715ef@group-33D7D707C079-FollowerState was interrupted: java.lang.InterruptedException: sleep interrupted
2019-10-19 01:17:09,538 [8386ee0a-1f3c-47fa-9779-9125ddcf4112@group-33D7D707C079-LeaderElection15] INFO  impl.LeaderElection (LeaderElection.java:logAndReturn(56)) - 8386ee0a-1f3c-47fa-9779-9125ddcf4112@group-33D7D707C079-LeaderElection15: Election REJECTED; received 2 response(s) [8386ee0a-1f3c-47fa-9779-9125ddcf4112<-3f01402b-307c-4a54-abe6-b677433715ef#0:FAIL-t9, 8386ee0a-1f3c-47fa-9779-9125ddcf4112<-e5f35640-2c6c-4b86-a5ff-33a1451b27ce#0:FAIL-t9] and 0 exception(s); 8386ee0a-1f3c-47fa-9779-9125ddcf4112@group-33D7D707C079:t9, leader=null, voted=8386ee0a-1f3c-47fa-9779-9125ddcf4112, raftlog=8386ee0a-1f3c-47fa-9779-9125ddcf4112@group-33D7D707C079-SegmentedRaftLog:OPENED:c3,f4,i4, conf=0: [3f01402b-307c-4a54-abe6-b677433715ef:192.168.69.71:42588, 8386ee0a-1f3c-47fa-9779-9125ddcf4112:192.168.69.71:40009, e5f35640-2c6c-4b86-a5ff-33a1451b27ce:192.168.69.71:43138], old=null
2019-10-19 01:17:09,538 [8386ee0a-1f3c-47fa-9779-9125ddcf4112@group-33D7D707C079-LeaderElection15] INFO  impl.RaftServerImpl (RaftServerImpl.java:setRole(184)) - 8386ee0a-1f3c-47fa-9779-9125ddcf4112@group-33D7D707C079: changes role from CANDIDATE to FOLLOWER at term 9 for DISCOVERED_A_NEW_TERM
2019-10-19 01:17:09,542 [8386ee0a-1f3c-47fa-9779-9125ddcf4112@group-33D7D707C079-LeaderElection15] INFO  impl.RoleInfo (RoleInfo.java:shutdownLeaderElection(134)) - 8386ee0a-1f3c-47fa-9779-9125ddcf4112: shutdown LeaderElection
2019-10-19 01:17:09,542 [8386ee0a-1f3c-47fa-9779-9125ddcf4112@group-33D7D707C079-LeaderElection15] INFO  impl.RoleInfo (RoleInfo.java:updateAndGet(143)) - 8386ee0a-1f3c-47fa-9779-9125ddcf4112: start FollowerState
2019-10-19 01:17:09,619 [Thread-611] INFO  impl.FollowerState (FollowerState.java:run(108)) - 8386ee0a-1f3c-47fa-9779-9125ddcf4112@group-33D7D707C079-FollowerState: change to CANDIDATE, lastRpcTime:77ms, electionTimeout:77ms
2019-10-19 01:17:09,621 [Thread-611] INFO  impl.RoleInfo (RoleInfo.java:shutdownFollowerState(121)) - 8386ee0a-1f3c-47fa-9779-9125ddcf4112: shutdown FollowerState
2019-10-19 01:17:09,621 [Thread-611] INFO  impl.RaftServerImpl (RaftServerImpl.java:setRole(184)) - 8386ee0a-1f3c-47fa-9779-9125ddcf4112@group-33D7D707C079: changes role from  FOLLOWER to CANDIDATE at term 9 for changeToCandidate
2019-10-19 01:17:09,621 [Thread-611] INFO  impl.RoleInfo (RoleInfo.java:updateAndGet(143)) - 8386ee0a-1f3c-47fa-9779-9125ddcf4112: start LeaderElection
2019-10-19 01:17:09,636 [8386ee0a-1f3c-47fa-9779-9125ddcf4112@group-33D7D707C079-LeaderElection16] INFO  impl.LeaderElection (LeaderElection.java:askForVotes(178)) - 8386ee0a-1f3c-47fa-9779-9125ddcf4112@group-33D7D707C079-LeaderElection16: begin an election at term 10 for 0: [3f01402b-307c-4a54-abe6-b677433715ef:192.168.69.71:42588, 8386ee0a-1f3c-47fa-9779-9125ddcf4112:192.168.69.71:40009, e5f35640-2c6c-4b86-a5ff-33a1451b27ce:192.168.69.71:43138], old=null
2019-10-19 01:17:09,643 [grpc-default-executor-2] INFO  impl.RaftServerImpl (RaftServerImpl.java:setRole(184)) - e5f35640-2c6c-4b86-a5ff-33a1451b27ce@group-33D7D707C079: changes role from  FOLLOWER to FOLLOWER at term 10 for recognizeCandidate:8386ee0a-1f3c-47fa-9779-9125ddcf4112
2019-10-19 01:17:09,643 [grpc-default-executor-1] INFO  impl.RaftServerImpl (RaftServerImpl.java:setRole(184)) - 3f01402b-307c-4a54-abe6-b677433715ef@group-33D7D707C079: changes role from  FOLLOWER to FOLLOWER at term 10 for recognizeCandidate:8386ee0a-1f3c-47fa-9779-9125ddcf4112
2019-10-19 01:17:09,643 [grpc-default-executor-2] INFO  impl.RoleInfo (RoleInfo.java:shutdownFollowerState(121)) - e5f35640-2c6c-4b86-a5ff-33a1451b27ce: shutdown FollowerState
2019-10-19 01:17:09,643 [grpc-default-executor-1] INFO  impl.RoleInfo (RoleInfo.java:shutdownFollowerState(121)) - 3f01402b-307c-4a54-abe6-b677433715ef: shutdown FollowerState
2019-10-19 01:17:09,643 [grpc-default-executor-2] INFO  impl.RoleInfo (RoleInfo.java:updateAndGet(143)) - e5f35640-2c6c-4b86-a5ff-33a1451b27ce: start FollowerState
2019-10-19 01:17:09,644 [Thread-610] INFO  impl.FollowerState (FollowerState.java:run(117)) - 3f01402b-307c-4a54-abe6-b677433715ef@group-33D7D707C079-FollowerState was interrupted: java.lang.InterruptedException: sleep interrupted
2019-10-19 01:17:09,643 [grpc-default-executor-1] INFO  impl.RoleInfo (RoleInfo.java:updateAndGet(143)) - 3f01402b-307c-4a54-abe6-b677433715ef: start FollowerState
2019-10-19 01:17:09,643 [Thread-609] INFO  impl.FollowerState (FollowerState.java:run(117)) - e5f35640-2c6c-4b86-a5ff-33a1451b27ce@group-33D7D707C079-FollowerState was interrupted: java.lang.InterruptedException: sleep interrupted
2019-10-19 01:17:09,662 [8386ee0a-1f3c-47fa-9779-9125ddcf4112@group-33D7D707C079-LeaderElection16] INFO  impl.LeaderElection (LeaderElection.java:logAndReturn(56)) - 8386ee0a-1f3c-47fa-9779-9125ddcf4112@group-33D7D707C079-LeaderElection16: Election REJECTED; received 2 response(s) [8386ee0a-1f3c-47fa-9779-9125ddcf4112<-3f01402b-307c-4a54-abe6-b677433715ef#0:FAIL-t10, 8386ee0a-1f3c-47fa-9779-9125ddcf4112<-e5f35640-2c6c-4b86-a5ff-33a1451b27ce#0:FAIL-t10] and 0 exception(s); 8386ee0a-1f3c-47fa-9779-9125ddcf4112@group-33D7D707C079:t10, leader=null, voted=8386ee0a-1f3c-47fa-9779-9125ddcf4112, raftlog=8386ee0a-1f3c-47fa-9779-9125ddcf4112@group-33D7D707C079-SegmentedRaftLog:OPENED:c3,f4,i4, conf=0: [3f01402b-307c-4a54-abe6-b677433715ef:192.168.69.71:42588, 8386ee0a-1f3c-47fa-9779-9125ddcf4112:192.168.69.71:40009, e5f35640-2c6c-4b86-a5ff-33a1451b27ce:192.168.69.71:43138], old=null
2019-10-19 01:17:09,663 [8386ee0a-1f3c-47fa-9779-9125ddcf4112@group-33D7D707C079-LeaderElection16] INFO  impl.RaftServerImpl (RaftServerImpl.java:setRole(184)) - 8386ee0a-1f3c-47fa-9779-9125ddcf4112@group-33D7D707C079: changes role from CANDIDATE to FOLLOWER at term 10 for DISCOVERED_A_NEW_TERM
2019-10-19 01:17:09,663 [8386ee0a-1f3c-47fa-9779-9125ddcf4112@group-33D7D707C079-LeaderElection16] INFO  impl.RoleInfo (RoleInfo.java:shutdownLeaderElection(134)) - 8386ee0a-1f3c-47fa-9779-9125ddcf4112: shutdown LeaderElection
2019-10-19 01:17:09,663 [8386ee0a-1f3c-47fa-9779-9125ddcf4112@group-33D7D707C079-LeaderElection16] INFO  impl.RoleInfo (RoleInfo.java:updateAndGet(143)) - 8386ee0a-1f3c-47fa-9779-9125ddcf4112: start FollowerState
2019-10-19 01:17:09,854 [Thread-617] INFO  impl.FollowerState (FollowerState.java:run(108)) - 8386ee0a-1f3c-47fa-9779-9125ddcf4112@group-33D7D707C079-FollowerState: change to CANDIDATE, lastRpcTime:191ms, electionTimeout:191ms
2019-10-19 01:17:09,856 [Thread-617] INFO  impl.RoleInfo (RoleInfo.java:shutdownFollowerState(121)) - 8386ee0a-1f3c-47fa-9779-9125ddcf4112: shutdown FollowerState
2019-10-19 01:17:09,856 [Thread-617] INFO  impl.RaftServerImpl (RaftServerImpl.java:setRole(184)) - 8386ee0a-1f3c-47fa-9779-9125ddcf4112@group-33D7D707C079: changes role from  FOLLOWER to CANDIDATE at term 10 for changeToCandidate
2019-10-19 01:17:09,856 [Thread-617] INFO  impl.RoleInfo (RoleInfo.java:updateAndGet(143)) - 8386ee0a-1f3c-47fa-9779-9125ddcf4112: start LeaderElection
2019-10-19 01:17:09,870 [8386ee0a-1f3c-47fa-9779-9125ddcf4112@group-33D7D707C079-LeaderElection17] INFO  impl.LeaderElection (LeaderElection.java:askForVotes(178)) - 8386ee0a-1f3c-47fa-9779-9125ddcf4112@group-33D7D707C079-LeaderElection17: begin an election at term 11 for 0: [3f01402b-307c-4a54-abe6-b677433715ef:192.168.69.71:42588, 8386ee0a-1f3c-47fa-9779-9125ddcf4112:192.168.69.71:40009, e5f35640-2c6c-4b86-a5ff-33a1451b27ce:192.168.69.71:43138], old=null
2019-10-19 01:17:09,874 [grpc-default-executor-1] INFO  impl.RaftServerImpl (RaftServerImpl.java:setRole(184)) - 3f01402b-307c-4a54-abe6-b677433715ef@group-33D7D707C079: changes role from  FOLLOWER to FOLLOWER at term 11 for recognizeCandidate:8386ee0a-1f3c-47fa-9779-9125ddcf4112
2019-10-19 01:17:09,874 [grpc-default-executor-2] INFO  impl.RaftServerImpl (RaftServerImpl.java:setRole(184)) - e5f35640-2c6c-4b86-a5ff-33a1451b27ce@group-33D7D707C079: changes role from  FOLLOWER to FOLLOWER at term 11 for recognizeCandidate:8386ee0a-1f3c-47fa-9779-9125ddcf4112
2019-10-19 01:17:09,874 [grpc-default-executor-1] INFO  impl.RoleInfo (RoleInfo.java:shutdownFollowerState(121)) - 3f01402b-307c-4a54-abe6-b677433715ef: shutdown FollowerState
2019-10-19 01:17:09,874 [grpc-default-executor-2] INFO  impl.RoleInfo (RoleInfo.java:shutdownFollowerState(121)) - e5f35640-2c6c-4b86-a5ff-33a1451b27ce: shutdown FollowerState
2019-10-19 01:17:09,875 [grpc-default-executor-1] INFO  impl.RoleInfo (RoleInfo.java:updateAndGet(143)) - 3f01402b-307c-4a54-abe6-b677433715ef: start FollowerState
2019-10-19 01:17:09,875 [grpc-default-executor-2] INFO  impl.RoleInfo (RoleInfo.java:updateAndGet(143)) - e5f35640-2c6c-4b86-a5ff-33a1451b27ce: start FollowerState
2019-10-19 01:17:09,875 [Thread-616] INFO  impl.FollowerState (FollowerState.java:run(117)) - 3f01402b-307c-4a54-abe6-b677433715ef@group-33D7D707C079-FollowerState was interrupted: java.lang.InterruptedException: sleep interrupted
2019-10-19 01:17:09,875 [Thread-615] INFO  impl.FollowerState (FollowerState.java:run(117)) - e5f35640-2c6c-4b86-a5ff-33a1451b27ce@group-33D7D707C079-FollowerState was interrupted: java.lang.InterruptedException: sleep interrupted
2019-10-19 01:17:09,891 [8386ee0a-1f3c-47fa-9779-9125ddcf4112@group-33D7D707C079-LeaderElection17] INFO  impl.LeaderElection (LeaderElection.java:logAndReturn(56)) - 8386ee0a-1f3c-47fa-9779-9125ddcf4112@group-33D7D707C079-LeaderElection17: Election REJECTED; received 2 response(s) [8386ee0a-1f3c-47fa-9779-9125ddcf4112<-3f01402b-307c-4a54-abe6-b677433715ef#0:FAIL-t11, 8386ee0a-1f3c-47fa-9779-9125ddcf4112<-e5f35640-2c6c-4b86-a5ff-33a1451b27ce#0:FAIL-t11] and 0 exception(s); 8386ee0a-1f3c-47fa-9779-9125ddcf4112@group-33D7D707C079:t11, leader=null, voted=8386ee0a-1f3c-47fa-9779-9125ddcf4112, raftlog=8386ee0a-1f3c-47fa-9779-9125ddcf4112@group-33D7D707C079-SegmentedRaftLog:OPENED:c3,f4,i4, conf=0: [3f01402b-307c-4a54-abe6-b677433715ef:192.168.69.71:42588, 8386ee0a-1f3c-47fa-9779-9125ddcf4112:192.168.69.71:40009, e5f35640-2c6c-4b86-a5ff-33a1451b27ce:192.168.69.71:43138], old=null
2019-10-19 01:17:09,891 [8386ee0a-1f3c-47fa-9779-9125ddcf4112@group-33D7D707C079-LeaderElection17] INFO  impl.RaftServerImpl (RaftServerImpl.java:setRole(184)) - 8386ee0a-1f3c-47fa-9779-9125ddcf4112@group-33D7D707C079: changes role from CANDIDATE to FOLLOWER at term 11 for DISCOVERED_A_NEW_TERM
2019-10-19 01:17:09,892 [8386ee0a-1f3c-47fa-9779-9125ddcf4112@group-33D7D707C079-LeaderElection17] INFO  impl.RoleInfo (RoleInfo.java:shutdownLeaderElection(134)) - 8386ee0a-1f3c-47fa-9779-9125ddcf4112: shutdown LeaderElection
2019-10-19 01:17:09,892 [8386ee0a-1f3c-47fa-9779-9125ddcf4112@group-33D7D707C079-LeaderElection17] INFO  impl.RoleInfo (RoleInfo.java:updateAndGet(143)) - 8386ee0a-1f3c-47fa-9779-9125ddcf4112: start FollowerState
2019-10-19 01:17:09,951 [Thread-623] INFO  impl.FollowerState (FollowerState.java:run(108)) - 8386ee0a-1f3c-47fa-9779-9125ddcf4112@group-33D7D707C079-FollowerState: change to CANDIDATE, lastRpcTime:59ms, electionTimeout:59ms
2019-10-19 01:17:09,953 [Thread-623] INFO  impl.RoleInfo (RoleInfo.java:shutdownFollowerState(121)) - 8386ee0a-1f3c-47fa-9779-9125ddcf4112: shutdown FollowerState
2019-10-19 01:17:09,953 [Thread-623] INFO  impl.RaftServerImpl (RaftServerImpl.java:setRole(184)) - 8386ee0a-1f3c-47fa-9779-9125ddcf4112@group-33D7D707C079: changes role from  FOLLOWER to CANDIDATE at term 11 for changeToCandidate
2019-10-19 01:17:09,953 [Thread-623] INFO  impl.RoleInfo (RoleInfo.java:updateAndGet(143)) - 8386ee0a-1f3c-47fa-9779-9125ddcf4112: start LeaderElection
2019-10-19 01:17:09,967 [8386ee0a-1f3c-47fa-9779-9125ddcf4112@group-33D7D707C079-LeaderElection18] INFO  impl.LeaderElection (LeaderElection.java:askForVotes(178)) - 8386ee0a-1f3c-47fa-9779-9125ddcf4112@group-33D7D707C079-LeaderElection18: begin an election at term 12 for 0: [3f01402b-307c-4a54-abe6-b677433715ef:192.168.69.71:42588, 8386ee0a-1f3c-47fa-9779-9125ddcf4112:192.168.69.71:40009, e5f35640-2c6c-4b86-a5ff-33a1451b27ce:192.168.69.71:43138], old=null
2019-10-19 01:17:09,970 [grpc-default-executor-1] INFO  impl.RaftServerImpl (RaftServerImpl.java:setRole(184)) - e5f35640-2c6c-4b86-a5ff-33a1451b27ce@group-33D7D707C079: changes role from  FOLLOWER to FOLLOWER at term 12 for recognizeCandidate:8386ee0a-1f3c-47fa-9779-9125ddcf4112
2019-10-19 01:17:09,971 [grpc-default-executor-1] INFO  impl.RoleInfo (RoleInfo.java:shutdownFollowerState(121)) - e5f35640-2c6c-4b86-a5ff-33a1451b27ce: shutdown FollowerState
2019-10-19 01:17:09,971 [Thread-622] INFO  impl.FollowerState (FollowerState.java:run(117)) - e5f35640-2c6c-4b86-a5ff-33a1451b27ce@group-33D7D707C079-FollowerState was interrupted: java.lang.InterruptedException: sleep interrupted
2019-10-19 01:17:09,971 [grpc-default-executor-1] INFO  impl.RoleInfo (RoleInfo.java:updateAndGet(143)) - e5f35640-2c6c-4b86-a5ff-33a1451b27ce: start FollowerState
2019-10-19 01:17:09,971 [grpc-default-executor-2] INFO  impl.RaftServerImpl (RaftServerImpl.java:setRole(184)) - 3f01402b-307c-4a54-abe6-b677433715ef@group-33D7D707C079: changes role from  FOLLOWER to FOLLOWER at term 12 for recognizeCandidate:8386ee0a-1f3c-47fa-9779-9125ddcf4112
2019-10-19 01:17:09,972 [grpc-default-executor-2] INFO  impl.RoleInfo (RoleInfo.java:shutdownFollowerState(121)) - 3f01402b-307c-4a54-abe6-b677433715ef: shutdown FollowerState
2019-10-19 01:17:09,972 [Thread-621] INFO  impl.FollowerState (FollowerState.java:run(117)) - 3f01402b-307c-4a54-abe6-b677433715ef@group-33D7D707C079-FollowerState was interrupted: java.lang.InterruptedException: sleep interrupted
2019-10-19 01:17:09,972 [grpc-default-executor-2] INFO  impl.RoleInfo (RoleInfo.java:updateAndGet(143)) - 3f01402b-307c-4a54-abe6-b677433715ef: start FollowerState
2019-10-19 01:17:09,989 [8386ee0a-1f3c-47fa-9779-9125ddcf4112@group-33D7D707C079-LeaderElection18] INFO  impl.LeaderElection (LeaderElection.java:logAndReturn(56)) - 8386ee0a-1f3c-47fa-9779-9125ddcf4112@group-33D7D707C079-LeaderElection18: Election REJECTED; received 2 response(s) [8386ee0a-1f3c-47fa-9779-9125ddcf4112<-3f01402b-307c-4a54-abe6-b677433715ef#0:FAIL-t12, 8386ee0a-1f3c-47fa-9779-9125ddcf4112<-e5f35640-2c6c-4b86-a5ff-33a1451b27ce#0:FAIL-t12] and 0 exception(s); 8386ee0a-1f3c-47fa-9779-9125ddcf4112@group-33D7D707C079:t12, leader=null, voted=8386ee0a-1f3c-47fa-9779-9125ddcf4112, raftlog=8386ee0a-1f3c-47fa-9779-9125ddcf4112@group-33D7D707C079-SegmentedRaftLog:OPENED:c3,f4,i4, conf=0: [3f01402b-307c-4a54-abe6-b677433715ef:192.168.69.71:42588, 8386ee0a-1f3c-47fa-9779-9125ddcf4112:192.168.69.71:40009, e5f35640-2c6c-4b86-a5ff-33a1451b27ce:192.168.69.71:43138], old=null
2019-10-19 01:17:09,989 [8386ee0a-1f3c-47fa-9779-9125ddcf4112@group-33D7D707C079-LeaderElection18] INFO  impl.RaftServerImpl (RaftServerImpl.java:setRole(184)) - 8386ee0a-1f3c-47fa-9779-9125ddcf4112@group-33D7D707C079: changes role from CANDIDATE to FOLLOWER at term 12 for DISCOVERED_A_NEW_TERM
2019-10-19 01:17:09,989 [8386ee0a-1f3c-47fa-9779-9125ddcf4112@group-33D7D707C079-LeaderElection18] INFO  impl.RoleInfo (RoleInfo.java:shutdownLeaderElection(134)) - 8386ee0a-1f3c-47fa-9779-9125ddcf4112: shutdown LeaderElection
2019-10-19 01:17:09,989 [8386ee0a-1f3c-47fa-9779-9125ddcf4112@group-33D7D707C079-LeaderElection18] INFO  impl.RoleInfo (RoleInfo.java:updateAndGet(143)) - 8386ee0a-1f3c-47fa-9779-9125ddcf4112: start FollowerState
2019-10-19 01:17:09,991 [Thread-632] INFO  client.GrpcClientProtocolService (GrpcClientProtocolService.java:lambda$processClientRequest$0(278)) - Failed RaftClientRequest:client-0C21EF03FE8D->e5f35640-2c6c-4b86-a5ff-33a1451b27ce@group-33D7D707C079, cid=10, seq=0, Watch-ALL_COMMITTED(6), Message:<EMPTY>, reply=RaftClientReply:client-0C21EF03FE8D->e5f35640-2c6c-4b86-a5ff-33a1451b27ce@group-33D7D707C079, cid=10, FAILED org.apache.ratis.protocol.NotLeaderException: Server e5f35640-2c6c-4b86-a5ff-33a1451b27ce@group-33D7D707C079 is not the leader, logIndex=0, commits[e5f35640-2c6c-4b86-a5ff-33a1451b27ce:c10, 3f01402b-307c-4a54-abe6-b677433715ef:c10, 8386ee0a-1f3c-47fa-9779-9125ddcf4112:c4]
2019-10-19 01:17:10,074 [pool-7-thread-2] INFO  commands.RetriableDatanodeEventWatcher (RetriableDatanodeEventWatcher.java:onTimeout(47)) - RetriableDatanodeCommand type=deleteBlocksCommand with id=1571447826072 timed out. Retrying.
2019-10-19 01:17:10,074 [pool-7-thread-3] INFO  commands.RetriableDatanodeEventWatcher (RetriableDatanodeEventWatcher.java:onTimeout(47)) - RetriableDatanodeCommand type=deleteBlocksCommand with id=1571447826071 timed out. Retrying.
2019-10-19 01:17:10,076 [pool-7-thread-1] INFO  commands.RetriableDatanodeEventWatcher (RetriableDatanodeEventWatcher.java:onTimeout(47)) - RetriableDatanodeCommand type=deleteBlocksCommand with id=1571447826070 timed out. Retrying.
2019-10-19 01:17:10,076 [pool-7-thread-4] INFO  commands.RetriableDatanodeEventWatcher (RetriableDatanodeEventWatcher.java:onTimeout(47)) - RetriableDatanodeCommand type=deleteBlocksCommand with id=1571447826068 timed out. Retrying.
2019-10-19 01:17:10,076 [SCMBlockDeletingService#0] INFO  block.SCMBlockDeletingService (SCMBlockDeletingService.java:call(184)) - Totally added 1 delete blocks command for 1 datanodes, task elapsed time: 1ms
2019-10-19 01:17:10,180 [Thread-631] INFO  impl.FollowerState (FollowerState.java:run(108)) - 8386ee0a-1f3c-47fa-9779-9125ddcf4112@group-33D7D707C079-FollowerState: change to CANDIDATE, lastRpcTime:191ms, electionTimeout:191ms
2019-10-19 01:17:10,181 [Thread-631] INFO  impl.RoleInfo (RoleInfo.java:shutdownFollowerState(121)) - 8386ee0a-1f3c-47fa-9779-9125ddcf4112: shutdown FollowerState
2019-10-19 01:17:10,181 [Thread-631] INFO  impl.RaftServerImpl (RaftServerImpl.java:setRole(184)) - 8386ee0a-1f3c-47fa-9779-9125ddcf4112@group-33D7D707C079: changes role from  FOLLOWER to CANDIDATE at term 12 for changeToCandidate
2019-10-19 01:17:10,181 [Thread-631] INFO  impl.RoleInfo (RoleInfo.java:updateAndGet(143)) - 8386ee0a-1f3c-47fa-9779-9125ddcf4112: start LeaderElection
2019-10-19 01:17:10,197 [8386ee0a-1f3c-47fa-9779-9125ddcf4112@group-33D7D707C079-LeaderElection19] INFO  impl.LeaderElection (LeaderElection.java:askForVotes(178)) - 8386ee0a-1f3c-47fa-9779-9125ddcf4112@group-33D7D707C079-LeaderElection19: begin an election at term 13 for 0: [3f01402b-307c-4a54-abe6-b677433715ef:192.168.69.71:42588, 8386ee0a-1f3c-47fa-9779-9125ddcf4112:192.168.69.71:40009, e5f35640-2c6c-4b86-a5ff-33a1451b27ce:192.168.69.71:43138], old=null
2019-10-19 01:17:10,202 [grpc-default-executor-2] INFO  impl.RaftServerImpl (RaftServerImpl.java:setRole(184)) - e5f35640-2c6c-4b86-a5ff-33a1451b27ce@group-33D7D707C079: changes role from  FOLLOWER to FOLLOWER at term 13 for recognizeCandidate:8386ee0a-1f3c-47fa-9779-9125ddcf4112
2019-10-19 01:17:10,202 [grpc-default-executor-1] INFO  impl.RaftServerImpl (RaftServerImpl.java:setRole(184)) - 3f01402b-307c-4a54-abe6-b677433715ef@group-33D7D707C079: changes role from  FOLLOWER to FOLLOWER at term 13 for recognizeCandidate:8386ee0a-1f3c-47fa-9779-9125ddcf4112
2019-10-19 01:17:10,202 [grpc-default-executor-2] INFO  impl.RoleInfo (RoleInfo.java:shutdownFollowerState(121)) - e5f35640-2c6c-4b86-a5ff-33a1451b27ce: shutdown FollowerState
2019-10-19 01:17:10,203 [grpc-default-executor-1] INFO  impl.RoleInfo (RoleInfo.java:shutdownFollowerState(121)) - 3f01402b-307c-4a54-abe6-b677433715ef: shutdown FollowerState
2019-10-19 01:17:10,203 [Thread-628] INFO  impl.FollowerState (FollowerState.java:run(117)) - e5f35640-2c6c-4b86-a5ff-33a1451b27ce@group-33D7D707C079-FollowerState was interrupted: java.lang.InterruptedException: sleep interrupted
2019-10-19 01:17:10,203 [Thread-629] INFO  impl.FollowerState (FollowerState.java:run(117)) - 3f01402b-307c-4a54-abe6-b677433715ef@group-33D7D707C079-FollowerState was interrupted: java.lang.InterruptedException: sleep interrupted
2019-10-19 01:17:10,203 [grpc-default-executor-2] INFO  impl.RoleInfo (RoleInfo.java:updateAndGet(143)) - e5f35640-2c6c-4b86-a5ff-33a1451b27ce: start FollowerState
2019-10-19 01:17:10,203 [grpc-default-executor-1] INFO  impl.RoleInfo (RoleInfo.java:updateAndGet(143)) - 3f01402b-307c-4a54-abe6-b677433715ef: start FollowerState
2019-10-19 01:17:10,220 [8386ee0a-1f3c-47fa-9779-9125ddcf4112@group-33D7D707C079-LeaderElection19] INFO  impl.LeaderElection (LeaderElection.java:logAndReturn(56)) - 8386ee0a-1f3c-47fa-9779-9125ddcf4112@group-33D7D707C079-LeaderElection19: Election REJECTED; received 2 response(s) [8386ee0a-1f3c-47fa-9779-9125ddcf4112<-3f01402b-307c-4a54-abe6-b677433715ef#0:FAIL-t13, 8386ee0a-1f3c-47fa-9779-9125ddcf4112<-e5f35640-2c6c-4b86-a5ff-33a1451b27ce#0:FAIL-t13] and 0 exception(s); 8386ee0a-1f3c-47fa-9779-9125ddcf4112@group-33D7D707C079:t13, leader=null, voted=8386ee0a-1f3c-47fa-9779-9125ddcf4112, raftlog=8386ee0a-1f3c-47fa-9779-9125ddcf4112@group-33D7D707C079-SegmentedRaftLog:OPENED:c3,f4,i4, conf=0: [3f01402b-307c-4a54-abe6-b677433715ef:192.168.69.71:42588, 8386ee0a-1f3c-47fa-9779-9125ddcf4112:192.168.69.71:40009, e5f35640-2c6c-4b86-a5ff-33a1451b27ce:192.168.69.71:43138], old=null
2019-10-19 01:17:10,220 [8386ee0a-1f3c-47fa-9779-9125ddcf4112@group-33D7D707C079-LeaderElection19] INFO  impl.RaftServerImpl (RaftServerImpl.java:setRole(184)) - 8386ee0a-1f3c-47fa-9779-9125ddcf4112@group-33D7D707C079: changes role from CANDIDATE to FOLLOWER at term 13 for DISCOVERED_A_NEW_TERM
2019-10-19 01:17:10,221 [8386ee0a-1f3c-47fa-9779-9125ddcf4112@group-33D7D707C079-LeaderElection19] INFO  impl.RoleInfo (RoleInfo.java:shutdownLeaderElection(134)) - 8386ee0a-1f3c-47fa-9779-9125ddcf4112: shutdown LeaderElection
2019-10-19 01:17:10,221 [8386ee0a-1f3c-47fa-9779-9125ddcf4112@group-33D7D707C079-LeaderElection19] INFO  impl.RoleInfo (RoleInfo.java:updateAndGet(143)) - 8386ee0a-1f3c-47fa-9779-9125ddcf4112: start FollowerState
2019-10-19 01:17:10,254 [Thread-639] INFO  impl.FollowerState (FollowerState.java:run(108)) - 8386ee0a-1f3c-47fa-9779-9125ddcf4112@group-33D7D707C079-FollowerState: change to CANDIDATE, lastRpcTime:33ms, electionTimeout:33ms
2019-10-19 01:17:10,255 [Thread-639] INFO  impl.RoleInfo (RoleInfo.java:shutdownFollowerState(121)) - 8386ee0a-1f3c-47fa-9779-9125ddcf4112: shutdown FollowerState
2019-10-19 01:17:10,255 [Thread-639] INFO  impl.RaftServerImpl (RaftServerImpl.java:setRole(184)) - 8386ee0a-1f3c-47fa-9779-9125ddcf4112@group-33D7D707C079: changes role from  FOLLOWER to CANDIDATE at term 13 for changeToCandidate
2019-10-19 01:17:10,255 [Thread-639] INFO  impl.RoleInfo (RoleInfo.java:updateAndGet(143)) - 8386ee0a-1f3c-47fa-9779-9125ddcf4112: start LeaderElection
2019-10-19 01:17:10,270 [8386ee0a-1f3c-47fa-9779-9125ddcf4112@group-33D7D707C079-LeaderElection20] INFO  impl.LeaderElection (LeaderElection.java:askForVotes(178)) - 8386ee0a-1f3c-47fa-9779-9125ddcf4112@group-33D7D707C079-LeaderElection20: begin an election at term 14 for 0: [3f01402b-307c-4a54-abe6-b677433715ef:192.168.69.71:42588, 8386ee0a-1f3c-47fa-9779-9125ddcf4112:192.168.69.71:40009, e5f35640-2c6c-4b86-a5ff-33a1451b27ce:192.168.69.71:43138], old=null
2019-10-19 01:17:10,275 [grpc-default-executor-2] INFO  impl.RaftServerImpl (RaftServerImpl.java:setRole(184)) - 3f01402b-307c-4a54-abe6-b677433715ef@group-33D7D707C079: changes role from  FOLLOWER to FOLLOWER at term 14 for recognizeCandidate:8386ee0a-1f3c-47fa-9779-9125ddcf4112
2019-10-19 01:17:10,275 [grpc-default-executor-7] INFO  impl.RaftServerImpl (RaftServerImpl.java:setRole(184)) - e5f35640-2c6c-4b86-a5ff-33a1451b27ce@group-33D7D707C079: changes role from  FOLLOWER to FOLLOWER at term 14 for recognizeCandidate:8386ee0a-1f3c-47fa-9779-9125ddcf4112
2019-10-19 01:17:10,275 [grpc-default-executor-2] INFO  impl.RoleInfo (RoleInfo.java:shutdownFollowerState(121)) - 3f01402b-307c-4a54-abe6-b677433715ef: shutdown FollowerState
2019-10-19 01:17:10,275 [grpc-default-executor-7] INFO  impl.RoleInfo (RoleInfo.java:shutdownFollowerState(121)) - e5f35640-2c6c-4b86-a5ff-33a1451b27ce: shutdown FollowerState
2019-10-19 01:17:10,275 [Thread-638] INFO  impl.FollowerState (FollowerState.java:run(117)) - 3f01402b-307c-4a54-abe6-b677433715ef@group-33D7D707C079-FollowerState was interrupted: java.lang.InterruptedException: sleep interrupted
2019-10-19 01:17:10,275 [Thread-637] INFO  impl.FollowerState (FollowerState.java:run(117)) - e5f35640-2c6c-4b86-a5ff-33a1451b27ce@group-33D7D707C079-FollowerState was interrupted: java.lang.InterruptedException: sleep interrupted
2019-10-19 01:17:10,275 [grpc-default-executor-2] INFO  impl.RoleInfo (RoleInfo.java:updateAndGet(143)) - 3f01402b-307c-4a54-abe6-b677433715ef: start FollowerState
2019-10-19 01:17:10,275 [grpc-default-executor-7] INFO  impl.RoleInfo (RoleInfo.java:updateAndGet(143)) - e5f35640-2c6c-4b86-a5ff-33a1451b27ce: start FollowerState
2019-10-19 01:17:10,295 [8386ee0a-1f3c-47fa-9779-9125ddcf4112@group-33D7D707C079-LeaderElection20] INFO  impl.LeaderElection (LeaderElection.java:logAndReturn(56)) - 8386ee0a-1f3c-47fa-9779-9125ddcf4112@group-33D7D707C079-LeaderElection20: Election REJECTED; received 2 response(s) [8386ee0a-1f3c-47fa-9779-9125ddcf4112<-3f01402b-307c-4a54-abe6-b677433715ef#0:FAIL-t14, 8386ee0a-1f3c-47fa-9779-9125ddcf4112<-e5f35640-2c6c-4b86-a5ff-33a1451b27ce#0:FAIL-t14] and 0 exception(s); 8386ee0a-1f3c-47fa-9779-9125ddcf4112@group-33D7D707C079:t14, leader=null, voted=8386ee0a-1f3c-47fa-9779-9125ddcf4112, raftlog=8386ee0a-1f3c-47fa-9779-9125ddcf4112@group-33D7D707C079-SegmentedRaftLog:OPENED:c3,f4,i4, conf=0: [3f01402b-307c-4a54-abe6-b677433715ef:192.168.69.71:42588, 8386ee0a-1f3c-47fa-9779-9125ddcf4112:192.168.69.71:40009, e5f35640-2c6c-4b86-a5ff-33a1451b27ce:192.168.69.71:43138], old=null
2019-10-19 01:17:10,295 [8386ee0a-1f3c-47fa-9779-9125ddcf4112@group-33D7D707C079-LeaderElection20] INFO  impl.RaftServerImpl (RaftServerImpl.java:setRole(184)) - 8386ee0a-1f3c-47fa-9779-9125ddcf4112@group-33D7D707C079: changes role from CANDIDATE to FOLLOWER at term 14 for DISCOVERED_A_NEW_TERM
2019-10-19 01:17:10,296 [8386ee0a-1f3c-47fa-9779-9125ddcf4112@group-33D7D707C079-LeaderElection20] INFO  impl.RoleInfo (RoleInfo.java:shutdownLeaderElection(134)) - 8386ee0a-1f3c-47fa-9779-9125ddcf4112: shutdown LeaderElection
2019-10-19 01:17:10,296 [8386ee0a-1f3c-47fa-9779-9125ddcf4112@group-33D7D707C079-LeaderElection20] INFO  impl.RoleInfo (RoleInfo.java:updateAndGet(143)) - 8386ee0a-1f3c-47fa-9779-9125ddcf4112: start FollowerState
2019-10-19 01:17:10,429 [Thread-645] INFO  impl.FollowerState (FollowerState.java:run(108)) - 8386ee0a-1f3c-47fa-9779-9125ddcf4112@group-33D7D707C079-FollowerState: change to CANDIDATE, lastRpcTime:133ms, electionTimeout:133ms
2019-10-19 01:17:10,431 [Thread-645] INFO  impl.RoleInfo (RoleInfo.java:shutdownFollowerState(121)) - 8386ee0a-1f3c-47fa-9779-9125ddcf4112: shutdown FollowerState
2019-10-19 01:17:10,431 [Thread-645] INFO  impl.RaftServerImpl (RaftServerImpl.java:setRole(184)) - 8386ee0a-1f3c-47fa-9779-9125ddcf4112@group-33D7D707C079: changes role from  FOLLOWER to CANDIDATE at term 14 for changeToCandidate
2019-10-19 01:17:10,431 [Thread-645] INFO  impl.RoleInfo (RoleInfo.java:updateAndGet(143)) - 8386ee0a-1f3c-47fa-9779-9125ddcf4112: start LeaderElection
2019-10-19 01:17:10,445 [8386ee0a-1f3c-47fa-9779-9125ddcf4112@group-33D7D707C079-LeaderElection21] INFO  impl.LeaderElection (LeaderElection.java:askForVotes(178)) - 8386ee0a-1f3c-47fa-9779-9125ddcf4112@group-33D7D707C079-LeaderElection21: begin an election at term 15 for 0: [3f01402b-307c-4a54-abe6-b677433715ef:192.168.69.71:42588, 8386ee0a-1f3c-47fa-9779-9125ddcf4112:192.168.69.71:40009, e5f35640-2c6c-4b86-a5ff-33a1451b27ce:192.168.69.71:43138], old=null
2019-10-19 01:17:10,449 [grpc-default-executor-2] INFO  impl.RaftServerImpl (RaftServerImpl.java:setRole(184)) - e5f35640-2c6c-4b86-a5ff-33a1451b27ce@group-33D7D707C079: changes role from  FOLLOWER to FOLLOWER at term 15 for recognizeCandidate:8386ee0a-1f3c-47fa-9779-9125ddcf4112
2019-10-19 01:17:10,449 [grpc-default-executor-7] INFO  impl.RaftServerImpl (RaftServerImpl.java:setRole(184)) - 3f01402b-307c-4a54-abe6-b677433715ef@group-33D7D707C079: changes role from  FOLLOWER to FOLLOWER at term 15 for recognizeCandidate:8386ee0a-1f3c-47fa-9779-9125ddcf4112
2019-10-19 01:17:10,449 [grpc-default-executor-2] INFO  impl.RoleInfo (RoleInfo.java:shutdownFollowerState(121)) - e5f35640-2c6c-4b86-a5ff-33a1451b27ce: shutdown FollowerState
2019-10-19 01:17:10,450 [grpc-default-executor-7] INFO  impl.RoleInfo (RoleInfo.java:shutdownFollowerState(121)) - 3f01402b-307c-4a54-abe6-b677433715ef: shutdown FollowerState
2019-10-19 01:17:10,450 [Thread-644] INFO  impl.FollowerState (FollowerState.java:run(117)) - e5f35640-2c6c-4b86-a5ff-33a1451b27ce@group-33D7D707C079-FollowerState was interrupted: java.lang.InterruptedException: sleep interrupted
2019-10-19 01:17:10,450 [Thread-643] INFO  impl.FollowerState (FollowerState.java:run(117)) - 3f01402b-307c-4a54-abe6-b677433715ef@group-33D7D707C079-FollowerState was interrupted: java.lang.InterruptedException: sleep interrupted
2019-10-19 01:17:10,450 [grpc-default-executor-2] INFO  impl.RoleInfo (RoleInfo.java:updateAndGet(143)) - e5f35640-2c6c-4b86-a5ff-33a1451b27ce: start FollowerState
2019-10-19 01:17:10,450 [grpc-default-executor-7] INFO  impl.RoleInfo (RoleInfo.java:updateAndGet(143)) - 3f01402b-307c-4a54-abe6-b677433715ef: start FollowerState
2019-10-19 01:17:10,465 [8386ee0a-1f3c-47fa-9779-9125ddcf4112@group-33D7D707C079-LeaderElection21] INFO  impl.LeaderElection (LeaderElection.java:logAndReturn(56)) - 8386ee0a-1f3c-47fa-9779-9125ddcf4112@group-33D7D707C079-LeaderElection21: Election REJECTED; received 2 response(s) [8386ee0a-1f3c-47fa-9779-9125ddcf4112<-3f01402b-307c-4a54-abe6-b677433715ef#0:FAIL-t15, 8386ee0a-1f3c-47fa-9779-9125ddcf4112<-e5f35640-2c6c-4b86-a5ff-33a1451b27ce#0:FAIL-t15] and 0 exception(s); 8386ee0a-1f3c-47fa-9779-9125ddcf4112@group-33D7D707C079:t15, leader=null, voted=8386ee0a-1f3c-47fa-9779-9125ddcf4112, raftlog=8386ee0a-1f3c-47fa-9779-9125ddcf4112@group-33D7D707C079-SegmentedRaftLog:OPENED:c3,f4,i4, conf=0: [3f01402b-307c-4a54-abe6-b677433715ef:192.168.69.71:42588, 8386ee0a-1f3c-47fa-9779-9125ddcf4112:192.168.69.71:40009, e5f35640-2c6c-4b86-a5ff-33a1451b27ce:192.168.69.71:43138], old=null
2019-10-19 01:17:10,465 [8386ee0a-1f3c-47fa-9779-9125ddcf4112@group-33D7D707C079-LeaderElection21] INFO  impl.RaftServerImpl (RaftServerImpl.java:setRole(184)) - 8386ee0a-1f3c-47fa-9779-9125ddcf4112@group-33D7D707C079: changes role from CANDIDATE to FOLLOWER at term 15 for DISCOVERED_A_NEW_TERM
2019-10-19 01:17:10,465 [8386ee0a-1f3c-47fa-9779-9125ddcf4112@group-33D7D707C079-LeaderElection21] INFO  impl.RoleInfo (RoleInfo.java:shutdownLeaderElection(134)) - 8386ee0a-1f3c-47fa-9779-9125ddcf4112: shutdown LeaderElection
2019-10-19 01:17:10,465 [8386ee0a-1f3c-47fa-9779-9125ddcf4112@group-33D7D707C079-LeaderElection21] INFO  impl.RoleInfo (RoleInfo.java:updateAndGet(143)) - 8386ee0a-1f3c-47fa-9779-9125ddcf4112: start FollowerState
2019-10-19 01:17:10,481 [BlockDeletingService#2] WARN  background.BlockDeletingService (BlockDeletingService.java:isDeletionAllowed(187)) - Close Container log Index 6 is not replicated across allthe servers in the pipeline 260d8aca-b42b-4def-900d-33d7d707c079 as the min replicated index is 4. Deletion is not allowed in this container yet.
2019-10-19 01:17:10,483 [BlockDeletingService#2] WARN  background.BlockDeletingService (BlockDeletingService.java:isDeletionAllowed(187)) - Close Container log Index 6 is not replicated across allthe servers in the pipeline 260d8aca-b42b-4def-900d-33d7d707c079 as the min replicated index is 4. Deletion is not allowed in this container yet.
2019-10-19 01:17:10,602 [Thread-651] INFO  impl.FollowerState (FollowerState.java:run(108)) - 8386ee0a-1f3c-47fa-9779-9125ddcf4112@group-33D7D707C079-FollowerState: change to CANDIDATE, lastRpcTime:136ms, electionTimeout:136ms
2019-10-19 01:17:10,602 [Thread-651] INFO  impl.RoleInfo (RoleInfo.java:shutdownFollowerState(121)) - 8386ee0a-1f3c-47fa-9779-9125ddcf4112: shutdown FollowerState
2019-10-19 01:17:10,602 [Thread-651] INFO  impl.RaftServerImpl (RaftServerImpl.java:setRole(184)) - 8386ee0a-1f3c-47fa-9779-9125ddcf4112@group-33D7D707C079: changes role from  FOLLOWER to CANDIDATE at term 15 for changeToCandidate
2019-10-19 01:17:10,602 [Thread-651] INFO  impl.RoleInfo (RoleInfo.java:updateAndGet(143)) - 8386ee0a-1f3c-47fa-9779-9125ddcf4112: start LeaderElection
2019-10-19 01:17:10,616 [8386ee0a-1f3c-47fa-9779-9125ddcf4112@group-33D7D707C079-LeaderElection22] INFO  impl.LeaderElection (LeaderElection.java:askForVotes(178)) - 8386ee0a-1f3c-47fa-9779-9125ddcf4112@group-33D7D707C079-LeaderElection22: begin an election at term 16 for 0: [3f01402b-307c-4a54-abe6-b677433715ef:192.168.69.71:42588, 8386ee0a-1f3c-47fa-9779-9125ddcf4112:192.168.69.71:40009, e5f35640-2c6c-4b86-a5ff-33a1451b27ce:192.168.69.71:43138], old=null
2019-10-19 01:17:10,620 [grpc-default-executor-2] INFO  impl.RaftServerImpl (RaftServerImpl.java:setRole(184)) - e5f35640-2c6c-4b86-a5ff-33a1451b27ce@group-33D7D707C079: changes role from  FOLLOWER to FOLLOWER at term 16 for recognizeCandidate:8386ee0a-1f3c-47fa-9779-9125ddcf4112
2019-10-19 01:17:10,620 [grpc-default-executor-7] INFO  impl.RaftServerImpl (RaftServerImpl.java:setRole(184)) - 3f01402b-307c-4a54-abe6-b677433715ef@group-33D7D707C079: changes role from  FOLLOWER to FOLLOWER at term 16 for recognizeCandidate:8386ee0a-1f3c-47fa-9779-9125ddcf4112
2019-10-19 01:17:10,620 [grpc-default-executor-2] INFO  impl.RoleInfo (RoleInfo.java:shutdownFollowerState(121)) - e5f35640-2c6c-4b86-a5ff-33a1451b27ce: shutdown FollowerState
2019-10-19 01:17:10,620 [grpc-default-executor-7] INFO  impl.RoleInfo (RoleInfo.java:shutdownFollowerState(121)) - 3f01402b-307c-4a54-abe6-b677433715ef: shutdown FollowerState
2019-10-19 01:17:10,620 [Thread-649] INFO  impl.FollowerState (FollowerState.java:run(117)) - e5f35640-2c6c-4b86-a5ff-33a1451b27ce@group-33D7D707C079-FollowerState was interrupted: java.lang.InterruptedException: sleep interrupted
2019-10-19 01:17:10,620 [grpc-default-executor-2] INFO  impl.RoleInfo (RoleInfo.java:updateAndGet(143)) - e5f35640-2c6c-4b86-a5ff-33a1451b27ce: start FollowerState
2019-10-19 01:17:10,620 [Thread-650] INFO  impl.FollowerState (FollowerState.java:run(117)) - 3f01402b-307c-4a54-abe6-b677433715ef@group-33D7D707C079-FollowerState was interrupted: java.lang.InterruptedException: sleep interrupted
2019-10-19 01:17:10,620 [grpc-default-executor-7] INFO  impl.RoleInfo (RoleInfo.java:updateAndGet(143)) - 3f01402b-307c-4a54-abe6-b677433715ef: start FollowerState
2019-10-19 01:17:10,632 [8386ee0a-1f3c-47fa-9779-9125ddcf4112@group-33D7D707C079-LeaderElection22] INFO  impl.LeaderElection (LeaderElection.java:logAndReturn(56)) - 8386ee0a-1f3c-47fa-9779-9125ddcf4112@group-33D7D707C079-LeaderElection22: Election REJECTED; received 2 response(s) [8386ee0a-1f3c-47fa-9779-9125ddcf4112<-3f01402b-307c-4a54-abe6-b677433715ef#0:FAIL-t16, 8386ee0a-1f3c-47fa-9779-9125ddcf4112<-e5f35640-2c6c-4b86-a5ff-33a1451b27ce#0:FAIL-t16] and 0 exception(s); 8386ee0a-1f3c-47fa-9779-9125ddcf4112@group-33D7D707C079:t16, leader=null, voted=8386ee0a-1f3c-47fa-9779-9125ddcf4112, raftlog=8386ee0a-1f3c-47fa-9779-9125ddcf4112@group-33D7D707C079-SegmentedRaftLog:OPENED:c3,f4,i4, conf=0: [3f01402b-307c-4a54-abe6-b677433715ef:192.168.69.71:42588, 8386ee0a-1f3c-47fa-9779-9125ddcf4112:192.168.69.71:40009, e5f35640-2c6c-4b86-a5ff-33a1451b27ce:192.168.69.71:43138], old=null
2019-10-19 01:17:10,632 [8386ee0a-1f3c-47fa-9779-9125ddcf4112@group-33D7D707C079-LeaderElection22] INFO  impl.RaftServerImpl (RaftServerImpl.java:setRole(184)) - 8386ee0a-1f3c-47fa-9779-9125ddcf4112@group-33D7D707C079: changes role from CANDIDATE to FOLLOWER at term 16 for DISCOVERED_A_NEW_TERM
2019-10-19 01:17:10,632 [8386ee0a-1f3c-47fa-9779-9125ddcf4112@group-33D7D707C079-LeaderElection22] INFO  impl.RoleInfo (RoleInfo.java:shutdownLeaderElection(134)) - 8386ee0a-1f3c-47fa-9779-9125ddcf4112: shutdown LeaderElection
2019-10-19 01:17:10,632 [8386ee0a-1f3c-47fa-9779-9125ddcf4112@group-33D7D707C079-LeaderElection22] INFO  impl.RoleInfo (RoleInfo.java:updateAndGet(143)) - 8386ee0a-1f3c-47fa-9779-9125ddcf4112: start FollowerState
2019-10-19 01:17:10,677 [Thread-659] INFO  impl.FollowerState (FollowerState.java:run(108)) - 8386ee0a-1f3c-47fa-9779-9125ddcf4112@group-33D7D707C079-FollowerState: change to CANDIDATE, lastRpcTime:44ms, electionTimeout:44ms
2019-10-19 01:17:10,681 [Thread-659] INFO  impl.RoleInfo (RoleInfo.java:shutdownFollowerState(121)) - 8386ee0a-1f3c-47fa-9779-9125ddcf4112: shutdown FollowerState
2019-10-19 01:17:10,681 [Thread-659] INFO  impl.RaftServerImpl (RaftServerImpl.java:setRole(184)) - 8386ee0a-1f3c-47fa-9779-9125ddcf4112@group-33D7D707C079: changes role from  FOLLOWER to CANDIDATE at term 16 for changeToCandidate
2019-10-19 01:17:10,681 [Thread-659] INFO  impl.RoleInfo (RoleInfo.java:updateAndGet(143)) - 8386ee0a-1f3c-47fa-9779-9125ddcf4112: start LeaderElection
2019-10-19 01:17:10,695 [8386ee0a-1f3c-47fa-9779-9125ddcf4112@group-33D7D707C079-LeaderElection23] INFO  impl.LeaderElection (LeaderElection.java:askForVotes(178)) - 8386ee0a-1f3c-47fa-9779-9125ddcf4112@group-33D7D707C079-LeaderElection23: begin an election at term 17 for 0: [3f01402b-307c-4a54-abe6-b677433715ef:192.168.69.71:42588, 8386ee0a-1f3c-47fa-9779-9125ddcf4112:192.168.69.71:40009, e5f35640-2c6c-4b86-a5ff-33a1451b27ce:192.168.69.71:43138], old=null
2019-10-19 01:17:10,699 [grpc-default-executor-2] INFO  impl.RaftServerImpl (RaftServerImpl.java:setRole(184)) - e5f35640-2c6c-4b86-a5ff-33a1451b27ce@group-33D7D707C079: changes role from  FOLLOWER to FOLLOWER at term 17 for recognizeCandidate:8386ee0a-1f3c-47fa-9779-9125ddcf4112
2019-10-19 01:17:10,699 [grpc-default-executor-7] INFO  impl.RaftServerImpl (RaftServerImpl.java:setRole(184)) - 3f01402b-307c-4a54-abe6-b677433715ef@group-33D7D707C079: changes role from  FOLLOWER to FOLLOWER at term 17 for recognizeCandidate:8386ee0a-1f3c-47fa-9779-9125ddcf4112
2019-10-19 01:17:10,699 [grpc-default-executor-2] INFO  impl.RoleInfo (RoleInfo.java:shutdownFollowerState(121)) - e5f35640-2c6c-4b86-a5ff-33a1451b27ce: shutdown FollowerState
2019-10-19 01:17:10,699 [grpc-default-executor-7] INFO  impl.RoleInfo (RoleInfo.java:shutdownFollowerState(121)) - 3f01402b-307c-4a54-abe6-b677433715ef: shutdown FollowerState
2019-10-19 01:17:10,700 [grpc-default-executor-2] INFO  impl.RoleInfo (RoleInfo.java:updateAndGet(143)) - e5f35640-2c6c-4b86-a5ff-33a1451b27ce: start FollowerState
2019-10-19 01:17:10,700 [Thread-657] INFO  impl.FollowerState (FollowerState.java:run(117)) - e5f35640-2c6c-4b86-a5ff-33a1451b27ce@group-33D7D707C079-FollowerState was interrupted: java.lang.InterruptedException: sleep interrupted
2019-10-19 01:17:10,700 [Thread-658] INFO  impl.FollowerState (FollowerState.java:run(117)) - 3f01402b-307c-4a54-abe6-b677433715ef@group-33D7D707C079-FollowerState was interrupted: java.lang.InterruptedException: sleep interrupted
2019-10-19 01:17:10,700 [grpc-default-executor-7] INFO  impl.RoleInfo (RoleInfo.java:updateAndGet(143)) - 3f01402b-307c-4a54-abe6-b677433715ef: start FollowerState
2019-10-19 01:17:10,714 [8386ee0a-1f3c-47fa-9779-9125ddcf4112@group-33D7D707C079-LeaderElection23] INFO  impl.LeaderElection (LeaderElection.java:logAndReturn(56)) - 8386ee0a-1f3c-47fa-9779-9125ddcf4112@group-33D7D707C079-LeaderElection23: Election REJECTED; received 2 response(s) [8386ee0a-1f3c-47fa-9779-9125ddcf4112<-3f01402b-307c-4a54-abe6-b677433715ef#0:FAIL-t17, 8386ee0a-1f3c-47fa-9779-9125ddcf4112<-e5f35640-2c6c-4b86-a5ff-33a1451b27ce#0:FAIL-t17] and 0 exception(s); 8386ee0a-1f3c-47fa-9779-9125ddcf4112@group-33D7D707C079:t17, leader=null, voted=8386ee0a-1f3c-47fa-9779-9125ddcf4112, raftlog=8386ee0a-1f3c-47fa-9779-9125ddcf4112@group-33D7D707C079-SegmentedRaftLog:OPENED:c3,f4,i4, conf=0: [3f01402b-307c-4a54-abe6-b677433715ef:192.168.69.71:42588, 8386ee0a-1f3c-47fa-9779-9125ddcf4112:192.168.69.71:40009, e5f35640-2c6c-4b86-a5ff-33a1451b27ce:192.168.69.71:43138], old=null
2019-10-19 01:17:10,715 [8386ee0a-1f3c-47fa-9779-9125ddcf4112@group-33D7D707C079-LeaderElection23] INFO  impl.RaftServerImpl (RaftServerImpl.java:setRole(184)) - 8386ee0a-1f3c-47fa-9779-9125ddcf4112@group-33D7D707C079: changes role from CANDIDATE to FOLLOWER at term 17 for DISCOVERED_A_NEW_TERM
2019-10-19 01:17:10,715 [8386ee0a-1f3c-47fa-9779-9125ddcf4112@group-33D7D707C079-LeaderElection23] INFO  impl.RoleInfo (RoleInfo.java:shutdownLeaderElection(134)) - 8386ee0a-1f3c-47fa-9779-9125ddcf4112: shutdown LeaderElection
2019-10-19 01:17:10,715 [8386ee0a-1f3c-47fa-9779-9125ddcf4112@group-33D7D707C079-LeaderElection23] INFO  impl.RoleInfo (RoleInfo.java:updateAndGet(143)) - 8386ee0a-1f3c-47fa-9779-9125ddcf4112: start FollowerState
2019-10-19 01:17:10,888 [Thread-665] INFO  impl.FollowerState (FollowerState.java:run(108)) - 8386ee0a-1f3c-47fa-9779-9125ddcf4112@group-33D7D707C079-FollowerState: change to CANDIDATE, lastRpcTime:173ms, electionTimeout:173ms
2019-10-19 01:17:10,890 [Thread-665] INFO  impl.RoleInfo (RoleInfo.java:shutdownFollowerState(121)) - 8386ee0a-1f3c-47fa-9779-9125ddcf4112: shutdown FollowerState
2019-10-19 01:17:10,890 [Thread-665] INFO  impl.RaftServerImpl (RaftServerImpl.java:setRole(184)) - 8386ee0a-1f3c-47fa-9779-9125ddcf4112@group-33D7D707C079: changes role from  FOLLOWER to CANDIDATE at term 17 for changeToCandidate
2019-10-19 01:17:10,890 [Thread-665] INFO  impl.RoleInfo (RoleInfo.java:updateAndGet(143)) - 8386ee0a-1f3c-47fa-9779-9125ddcf4112: start LeaderElection
2019-10-19 01:17:10,905 [8386ee0a-1f3c-47fa-9779-9125ddcf4112@group-33D7D707C079-LeaderElection24] INFO  impl.LeaderElection (LeaderElection.java:askForVotes(178)) - 8386ee0a-1f3c-47fa-9779-9125ddcf4112@group-33D7D707C079-LeaderElection24: begin an election at term 18 for 0: [3f01402b-307c-4a54-abe6-b677433715ef:192.168.69.71:42588, 8386ee0a-1f3c-47fa-9779-9125ddcf4112:192.168.69.71:40009, e5f35640-2c6c-4b86-a5ff-33a1451b27ce:192.168.69.71:43138], old=null
2019-10-19 01:17:10,911 [grpc-default-executor-2] INFO  impl.RaftServerImpl (RaftServerImpl.java:setRole(184)) - 3f01402b-307c-4a54-abe6-b677433715ef@group-33D7D707C079: changes role from  FOLLOWER to FOLLOWER at term 18 for recognizeCandidate:8386ee0a-1f3c-47fa-9779-9125ddcf4112
2019-10-19 01:17:10,911 [grpc-default-executor-7] INFO  impl.RaftServerImpl (RaftServerImpl.java:setRole(184)) - e5f35640-2c6c-4b86-a5ff-33a1451b27ce@group-33D7D707C079: changes role from  FOLLOWER to FOLLOWER at term 18 for recognizeCandidate:8386ee0a-1f3c-47fa-9779-9125ddcf4112
2019-10-19 01:17:10,911 [grpc-default-executor-2] INFO  impl.RoleInfo (RoleInfo.java:shutdownFollowerState(121)) - 3f01402b-307c-4a54-abe6-b677433715ef: shutdown FollowerState
2019-10-19 01:17:10,911 [grpc-default-executor-7] INFO  impl.RoleInfo (RoleInfo.java:shutdownFollowerState(121)) - e5f35640-2c6c-4b86-a5ff-33a1451b27ce: shutdown FollowerState
2019-10-19 01:17:10,911 [Thread-664] INFO  impl.FollowerState (FollowerState.java:run(117)) - 3f01402b-307c-4a54-abe6-b677433715ef@group-33D7D707C079-FollowerState was interrupted: java.lang.InterruptedException: sleep interrupted
2019-10-19 01:17:10,911 [grpc-default-executor-7] INFO  impl.RoleInfo (RoleInfo.java:updateAndGet(143)) - e5f35640-2c6c-4b86-a5ff-33a1451b27ce: start FollowerState
2019-10-19 01:17:10,911 [grpc-default-executor-2] INFO  impl.RoleInfo (RoleInfo.java:updateAndGet(143)) - 3f01402b-307c-4a54-abe6-b677433715ef: start FollowerState
2019-10-19 01:17:10,911 [Thread-663] INFO  impl.FollowerState (FollowerState.java:run(117)) - e5f35640-2c6c-4b86-a5ff-33a1451b27ce@group-33D7D707C079-FollowerState was interrupted: java.lang.InterruptedException: sleep interrupted
2019-10-19 01:17:10,919 [EventQueue-PendingDeleteStatusForPendingDeleteHandler] INFO  block.SCMBlockDeletingService (SCMBlockDeletingService.java:handlePendingDeletes(115)) - Block deletion txnID mismatch in datanode 8386ee0a-1f3c-47fa-9779-9125ddcf4112 for containerID 1. Datanode delete txnID: 0, SCM txnID: 1
2019-10-19 01:17:10,927 [8386ee0a-1f3c-47fa-9779-9125ddcf4112@group-33D7D707C079-LeaderElection24] INFO  impl.LeaderElection (LeaderElection.java:logAndReturn(56)) - 8386ee0a-1f3c-47fa-9779-9125ddcf4112@group-33D7D707C079-LeaderElection24: Election REJECTED; received 2 response(s) [8386ee0a-1f3c-47fa-9779-9125ddcf4112<-3f01402b-307c-4a54-abe6-b677433715ef#0:FAIL-t18, 8386ee0a-1f3c-47fa-9779-9125ddcf4112<-e5f35640-2c6c-4b86-a5ff-33a1451b27ce#0:FAIL-t18] and 0 exception(s); 8386ee0a-1f3c-47fa-9779-9125ddcf4112@group-33D7D707C079:t18, leader=null, voted=8386ee0a-1f3c-47fa-9779-9125ddcf4112, raftlog=8386ee0a-1f3c-47fa-9779-9125ddcf4112@group-33D7D707C079-SegmentedRaftLog:OPENED:c3,f4,i4, conf=0: [3f01402b-307c-4a54-abe6-b677433715ef:192.168.69.71:42588, 8386ee0a-1f3c-47fa-9779-9125ddcf4112:192.168.69.71:40009, e5f35640-2c6c-4b86-a5ff-33a1451b27ce:192.168.69.71:43138], old=null
2019-10-19 01:17:10,927 [8386ee0a-1f3c-47fa-9779-9125ddcf4112@group-33D7D707C079-LeaderElection24] INFO  impl.RaftServerImpl (RaftServerImpl.java:setRole(184)) - 8386ee0a-1f3c-47fa-9779-9125ddcf4112@group-33D7D707C079: changes role from CANDIDATE to FOLLOWER at term 18 for DISCOVERED_A_NEW_TERM
2019-10-19 01:17:10,927 [8386ee0a-1f3c-47fa-9779-9125ddcf4112@group-33D7D707C079-LeaderElection24] INFO  impl.RoleInfo (RoleInfo.java:shutdownLeaderElection(134)) - 8386ee0a-1f3c-47fa-9779-9125ddcf4112: shutdown LeaderElection
2019-10-19 01:17:10,927 [8386ee0a-1f3c-47fa-9779-9125ddcf4112@group-33D7D707C079-LeaderElection24] INFO  impl.RoleInfo (RoleInfo.java:updateAndGet(143)) - 8386ee0a-1f3c-47fa-9779-9125ddcf4112: start FollowerState
2019-10-19 01:17:10,975 [Thread-671] INFO  impl.FollowerState (FollowerState.java:run(108)) - 8386ee0a-1f3c-47fa-9779-9125ddcf4112@group-33D7D707C079-FollowerState: change to CANDIDATE, lastRpcTime:47ms, electionTimeout:47ms
2019-10-19 01:17:10,976 [Thread-671] INFO  impl.RoleInfo (RoleInfo.java:shutdownFollowerState(121)) - 8386ee0a-1f3c-47fa-9779-9125ddcf4112: shutdown FollowerState
2019-10-19 01:17:10,977 [Thread-671] INFO  impl.RaftServerImpl (RaftServerImpl.java:setRole(184)) - 8386ee0a-1f3c-47fa-9779-9125ddcf4112@group-33D7D707C079: changes role from  FOLLOWER to CANDIDATE at term 18 for changeToCandidate
2019-10-19 01:17:10,977 [Thread-671] INFO  impl.RoleInfo (RoleInfo.java:updateAndGet(143)) - 8386ee0a-1f3c-47fa-9779-9125ddcf4112: start LeaderElection
2019-10-19 01:17:10,990 [8386ee0a-1f3c-47fa-9779-9125ddcf4112@group-33D7D707C079-LeaderElection25] INFO  impl.LeaderElection (LeaderElection.java:askForVotes(178)) - 8386ee0a-1f3c-47fa-9779-9125ddcf4112@group-33D7D707C079-LeaderElection25: begin an election at term 19 for 0: [3f01402b-307c-4a54-abe6-b677433715ef:192.168.69.71:42588, 8386ee0a-1f3c-47fa-9779-9125ddcf4112:192.168.69.71:40009, e5f35640-2c6c-4b86-a5ff-33a1451b27ce:192.168.69.71:43138], old=null
2019-10-19 01:17:10,995 [grpc-default-executor-7] INFO  impl.RaftServerImpl (RaftServerImpl.java:setRole(184)) - 3f01402b-307c-4a54-abe6-b677433715ef@group-33D7D707C079: changes role from  FOLLOWER to FOLLOWER at term 19 for recognizeCandidate:8386ee0a-1f3c-47fa-9779-9125ddcf4112
2019-10-19 01:17:10,995 [grpc-default-executor-2] INFO  impl.RaftServerImpl (RaftServerImpl.java:setRole(184)) - e5f35640-2c6c-4b86-a5ff-33a1451b27ce@group-33D7D707C079: changes role from  FOLLOWER to FOLLOWER at term 19 for recognizeCandidate:8386ee0a-1f3c-47fa-9779-9125ddcf4112
2019-10-19 01:17:10,995 [grpc-default-executor-7] INFO  impl.RoleInfo (RoleInfo.java:shutdownFollowerState(121)) - 3f01402b-307c-4a54-abe6-b677433715ef: shutdown FollowerState
2019-10-19 01:17:10,995 [grpc-default-executor-2] INFO  impl.RoleInfo (RoleInfo.java:shutdownFollowerState(121)) - e5f35640-2c6c-4b86-a5ff-33a1451b27ce: shutdown FollowerState
2019-10-19 01:17:10,995 [grpc-default-executor-7] INFO  impl.RoleInfo (RoleInfo.java:updateAndGet(143)) - 3f01402b-307c-4a54-abe6-b677433715ef: start FollowerState
2019-10-19 01:17:10,995 [Thread-670] INFO  impl.FollowerState (FollowerState.java:run(117)) - e5f35640-2c6c-4b86-a5ff-33a1451b27ce@group-33D7D707C079-FollowerState was interrupted: java.lang.InterruptedException: sleep interrupted
2019-10-19 01:17:10,995 [grpc-default-executor-2] INFO  impl.RoleInfo (RoleInfo.java:updateAndGet(143)) - e5f35640-2c6c-4b86-a5ff-33a1451b27ce: start FollowerState
2019-10-19 01:17:10,995 [Thread-669] INFO  impl.FollowerState (FollowerState.java:run(117)) - 3f01402b-307c-4a54-abe6-b677433715ef@group-33D7D707C079-FollowerState was interrupted: java.lang.InterruptedException: sleep interrupted
2019-10-19 01:17:11,005 [Thread-679] INFO  client.GrpcClientProtocolService (GrpcClientProtocolService.java:lambda$processClientRequest$0(278)) - Failed RaftClientRequest:client-0C21EF03FE8D->3f01402b-307c-4a54-abe6-b677433715ef@group-33D7D707C079, cid=10, seq=0, Watch-ALL_COMMITTED(6), Message:<EMPTY>, reply=RaftClientReply:client-0C21EF03FE8D->3f01402b-307c-4a54-abe6-b677433715ef@group-33D7D707C079, cid=10, FAILED org.apache.ratis.protocol.NotLeaderException: Server 3f01402b-307c-4a54-abe6-b677433715ef@group-33D7D707C079 is not the leader, logIndex=0, commits[3f01402b-307c-4a54-abe6-b677433715ef:c10, 8386ee0a-1f3c-47fa-9779-9125ddcf4112:c4, e5f35640-2c6c-4b86-a5ff-33a1451b27ce:c10]
2019-10-19 01:17:11,014 [8386ee0a-1f3c-47fa-9779-9125ddcf4112@group-33D7D707C079-LeaderElection25] INFO  impl.LeaderElection (LeaderElection.java:logAndReturn(56)) - 8386ee0a-1f3c-47fa-9779-9125ddcf4112@group-33D7D707C079-LeaderElection25: Election REJECTED; received 2 response(s) [8386ee0a-1f3c-47fa-9779-9125ddcf4112<-3f01402b-307c-4a54-abe6-b677433715ef#0:FAIL-t19, 8386ee0a-1f3c-47fa-9779-9125ddcf4112<-e5f35640-2c6c-4b86-a5ff-33a1451b27ce#0:FAIL-t19] and 0 exception(s); 8386ee0a-1f3c-47fa-9779-9125ddcf4112@group-33D7D707C079:t19, leader=null, voted=8386ee0a-1f3c-47fa-9779-9125ddcf4112, raftlog=8386ee0a-1f3c-47fa-9779-9125ddcf4112@group-33D7D707C079-SegmentedRaftLog:OPENED:c3,f4,i4, conf=0: [3f01402b-307c-4a54-abe6-b677433715ef:192.168.69.71:42588, 8386ee0a-1f3c-47fa-9779-9125ddcf4112:192.168.69.71:40009, e5f35640-2c6c-4b86-a5ff-33a1451b27ce:192.168.69.71:43138], old=null
2019-10-19 01:17:11,015 [8386ee0a-1f3c-47fa-9779-9125ddcf4112@group-33D7D707C079-LeaderElection25] INFO  impl.RaftServerImpl (RaftServerImpl.java:setRole(184)) - 8386ee0a-1f3c-47fa-9779-9125ddcf4112@group-33D7D707C079: changes role from CANDIDATE to FOLLOWER at term 19 for DISCOVERED_A_NEW_TERM
2019-10-19 01:17:11,015 [8386ee0a-1f3c-47fa-9779-9125ddcf4112@group-33D7D707C079-LeaderElection25] INFO  impl.RoleInfo (RoleInfo.java:shutdownLeaderElection(134)) - 8386ee0a-1f3c-47fa-9779-9125ddcf4112: shutdown LeaderElection
2019-10-19 01:17:11,015 [8386ee0a-1f3c-47fa-9779-9125ddcf4112@group-33D7D707C079-LeaderElection25] INFO  impl.RoleInfo (RoleInfo.java:updateAndGet(143)) - 8386ee0a-1f3c-47fa-9779-9125ddcf4112: start FollowerState
2019-10-19 01:17:11,036 [Thread-681] INFO  impl.FollowerState (FollowerState.java:run(108)) - 8386ee0a-1f3c-47fa-9779-9125ddcf4112@group-33D7D707C079-FollowerState: change to CANDIDATE, lastRpcTime:21ms, electionTimeout:21ms
2019-10-19 01:17:11,037 [Thread-681] INFO  impl.RoleInfo (RoleInfo.java:shutdownFollowerState(121)) - 8386ee0a-1f3c-47fa-9779-9125ddcf4112: shutdown FollowerState
2019-10-19 01:17:11,037 [Thread-681] INFO  impl.RaftServerImpl (RaftServerImpl.java:setRole(184)) - 8386ee0a-1f3c-47fa-9779-9125ddcf4112@group-33D7D707C079: changes role from  FOLLOWER to CANDIDATE at term 19 for changeToCandidate
2019-10-19 01:17:11,037 [Thread-681] INFO  impl.RoleInfo (RoleInfo.java:updateAndGet(143)) - 8386ee0a-1f3c-47fa-9779-9125ddcf4112: start LeaderElection
2019-10-19 01:17:11,051 [8386ee0a-1f3c-47fa-9779-9125ddcf4112@group-33D7D707C079-LeaderElection26] INFO  impl.LeaderElection (LeaderElection.java:askForVotes(178)) - 8386ee0a-1f3c-47fa-9779-9125ddcf4112@group-33D7D707C079-LeaderElection26: begin an election at term 20 for 0: [3f01402b-307c-4a54-abe6-b677433715ef:192.168.69.71:42588, 8386ee0a-1f3c-47fa-9779-9125ddcf4112:192.168.69.71:40009, e5f35640-2c6c-4b86-a5ff-33a1451b27ce:192.168.69.71:43138], old=null
2019-10-19 01:17:11,054 [grpc-default-executor-2] INFO  impl.RaftServerImpl (RaftServerImpl.java:setRole(184)) - 3f01402b-307c-4a54-abe6-b677433715ef@group-33D7D707C079: changes role from  FOLLOWER to FOLLOWER at term 20 for recognizeCandidate:8386ee0a-1f3c-47fa-9779-9125ddcf4112
2019-10-19 01:17:11,054 [grpc-default-executor-1] INFO  impl.RaftServerImpl (RaftServerImpl.java:setRole(184)) - e5f35640-2c6c-4b86-a5ff-33a1451b27ce@group-33D7D707C079: changes role from  FOLLOWER to FOLLOWER at term 20 for recognizeCandidate:8386ee0a-1f3c-47fa-9779-9125ddcf4112
2019-10-19 01:17:11,055 [grpc-default-executor-1] INFO  impl.RoleInfo (RoleInfo.java:shutdownFollowerState(121)) - e5f35640-2c6c-4b86-a5ff-33a1451b27ce: shutdown FollowerState
2019-10-19 01:17:11,055 [grpc-default-executor-2] INFO  impl.RoleInfo (RoleInfo.java:shutdownFollowerState(121)) - 3f01402b-307c-4a54-abe6-b677433715ef: shutdown FollowerState
2019-10-19 01:17:11,055 [Thread-677] INFO  impl.FollowerState (FollowerState.java:run(117)) - e5f35640-2c6c-4b86-a5ff-33a1451b27ce@group-33D7D707C079-FollowerState was interrupted: java.lang.InterruptedException: sleep interrupted
2019-10-19 01:17:11,055 [Thread-676] INFO  impl.FollowerState (FollowerState.java:run(117)) - 3f01402b-307c-4a54-abe6-b677433715ef@group-33D7D707C079-FollowerState was interrupted: java.lang.InterruptedException: sleep interrupted
2019-10-19 01:17:11,055 [grpc-default-executor-1] INFO  impl.RoleInfo (RoleInfo.java:updateAndGet(143)) - e5f35640-2c6c-4b86-a5ff-33a1451b27ce: start FollowerState
2019-10-19 01:17:11,055 [grpc-default-executor-2] INFO  impl.RoleInfo (RoleInfo.java:updateAndGet(143)) - 3f01402b-307c-4a54-abe6-b677433715ef: start FollowerState
2019-10-19 01:17:11,071 [8386ee0a-1f3c-47fa-9779-9125ddcf4112@group-33D7D707C079-LeaderElection26] INFO  impl.LeaderElection (LeaderElection.java:logAndReturn(56)) - 8386ee0a-1f3c-47fa-9779-9125ddcf4112@group-33D7D707C079-LeaderElection26: Election REJECTED; received 2 response(s) [8386ee0a-1f3c-47fa-9779-9125ddcf4112<-3f01402b-307c-4a54-abe6-b677433715ef#0:FAIL-t20, 8386ee0a-1f3c-47fa-9779-9125ddcf4112<-e5f35640-2c6c-4b86-a5ff-33a1451b27ce#0:FAIL-t20] and 0 exception(s); 8386ee0a-1f3c-47fa-9779-9125ddcf4112@group-33D7D707C079:t20, leader=null, voted=8386ee0a-1f3c-47fa-9779-9125ddcf4112, raftlog=8386ee0a-1f3c-47fa-9779-9125ddcf4112@group-33D7D707C079-SegmentedRaftLog:OPENED:c3,f4,i4, conf=0: [3f01402b-307c-4a54-abe6-b677433715ef:192.168.69.71:42588, 8386ee0a-1f3c-47fa-9779-9125ddcf4112:192.168.69.71:40009, e5f35640-2c6c-4b86-a5ff-33a1451b27ce:192.168.69.71:43138], old=null
2019-10-19 01:17:11,071 [8386ee0a-1f3c-47fa-9779-9125ddcf4112@group-33D7D707C079-LeaderElection26] INFO  impl.RaftServerImpl (RaftServerImpl.java:setRole(184)) - 8386ee0a-1f3c-47fa-9779-9125ddcf4112@group-33D7D707C079: changes role from CANDIDATE to FOLLOWER at term 20 for DISCOVERED_A_NEW_TERM
2019-10-19 01:17:11,071 [8386ee0a-1f3c-47fa-9779-9125ddcf4112@group-33D7D707C079-LeaderElection26] INFO  impl.RoleInfo (RoleInfo.java:shutdownLeaderElection(134)) - 8386ee0a-1f3c-47fa-9779-9125ddcf4112: shutdown LeaderElection
2019-10-19 01:17:11,071 [8386ee0a-1f3c-47fa-9779-9125ddcf4112@group-33D7D707C079-LeaderElection26] INFO  impl.RoleInfo (RoleInfo.java:updateAndGet(143)) - 8386ee0a-1f3c-47fa-9779-9125ddcf4112: start FollowerState
2019-10-19 01:17:11,077 [pool-7-thread-4] INFO  commands.RetriableDatanodeEventWatcher (RetriableDatanodeEventWatcher.java:onTimeout(47)) - RetriableDatanodeCommand type=deleteBlocksCommand with id=1571447826073 timed out. Retrying.
2019-10-19 01:17:11,078 [pool-7-thread-5] INFO  commands.RetriableDatanodeEventWatcher (RetriableDatanodeEventWatcher.java:onTimeout(47)) - RetriableDatanodeCommand type=deleteBlocksCommand with id=1571447826068 timed out. Retrying.
2019-10-19 01:17:11,078 [pool-7-thread-1] INFO  commands.RetriableDatanodeEventWatcher (RetriableDatanodeEventWatcher.java:onTimeout(47)) - RetriableDatanodeCommand type=deleteBlocksCommand with id=1571447826072 timed out. Retrying.
2019-10-19 01:17:11,078 [SCMBlockDeletingService#0] INFO  block.SCMBlockDeletingService (SCMBlockDeletingService.java:call(184)) - Totally added 1 delete blocks command for 1 datanodes, task elapsed time: 2ms
2019-10-19 01:17:11,079 [pool-7-thread-3] INFO  commands.RetriableDatanodeEventWatcher (RetriableDatanodeEventWatcher.java:onTimeout(47)) - RetriableDatanodeCommand type=deleteBlocksCommand with id=1571447826071 timed out. Retrying.
2019-10-19 01:17:11,079 [pool-7-thread-2] INFO  commands.RetriableDatanodeEventWatcher (RetriableDatanodeEventWatcher.java:onTimeout(47)) - RetriableDatanodeCommand type=deleteBlocksCommand with id=1571447826070 timed out. Retrying.
2019-10-19 01:17:11,123 [Thread-687] INFO  impl.FollowerState (FollowerState.java:run(108)) - 8386ee0a-1f3c-47fa-9779-9125ddcf4112@group-33D7D707C079-FollowerState: change to CANDIDATE, lastRpcTime:51ms, electionTimeout:51ms
2019-10-19 01:17:11,123 [Thread-687] INFO  impl.RoleInfo (RoleInfo.java:shutdownFollowerState(121)) - 8386ee0a-1f3c-47fa-9779-9125ddcf4112: shutdown FollowerState
2019-10-19 01:17:11,123 [Thread-687] INFO  impl.RaftServerImpl (RaftServerImpl.java:setRole(184)) - 8386ee0a-1f3c-47fa-9779-9125ddcf4112@group-33D7D707C079: changes role from  FOLLOWER to CANDIDATE at term 20 for changeToCandidate
2019-10-19 01:17:11,123 [Thread-687] INFO  impl.RoleInfo (RoleInfo.java:updateAndGet(143)) - 8386ee0a-1f3c-47fa-9779-9125ddcf4112: start LeaderElection
2019-10-19 01:17:11,164 [8386ee0a-1f3c-47fa-9779-9125ddcf4112@group-33D7D707C079-LeaderElection27] INFO  impl.LeaderElection (LeaderElection.java:askForVotes(178)) - 8386ee0a-1f3c-47fa-9779-9125ddcf4112@group-33D7D707C079-LeaderElection27: begin an election at term 21 for 0: [3f01402b-307c-4a54-abe6-b677433715ef:192.168.69.71:42588, 8386ee0a-1f3c-47fa-9779-9125ddcf4112:192.168.69.71:40009, e5f35640-2c6c-4b86-a5ff-33a1451b27ce:192.168.69.71:43138], old=null
2019-10-19 01:17:11,169 [grpc-default-executor-2] INFO  impl.RaftServerImpl (RaftServerImpl.java:setRole(184)) - e5f35640-2c6c-4b86-a5ff-33a1451b27ce@group-33D7D707C079: changes role from  FOLLOWER to FOLLOWER at term 21 for recognizeCandidate:8386ee0a-1f3c-47fa-9779-9125ddcf4112
2019-10-19 01:17:11,170 [grpc-default-executor-1] INFO  impl.RaftServerImpl (RaftServerImpl.java:setRole(184)) - 3f01402b-307c-4a54-abe6-b677433715ef@group-33D7D707C079: changes role from  FOLLOWER to FOLLOWER at term 21 for recognizeCandidate:8386ee0a-1f3c-47fa-9779-9125ddcf4112
2019-10-19 01:17:11,170 [grpc-default-executor-2] INFO  impl.RoleInfo (RoleInfo.java:shutdownFollowerState(121)) - e5f35640-2c6c-4b86-a5ff-33a1451b27ce: shutdown FollowerState
2019-10-19 01:17:11,170 [grpc-default-executor-1] INFO  impl.RoleInfo (RoleInfo.java:shutdownFollowerState(121)) - 3f01402b-307c-4a54-abe6-b677433715ef: shutdown FollowerState
2019-10-19 01:17:11,170 [grpc-default-executor-2] INFO  impl.RoleInfo (RoleInfo.java:updateAndGet(143)) - e5f35640-2c6c-4b86-a5ff-33a1451b27ce: start FollowerState
2019-10-19 01:17:11,170 [Thread-685] INFO  impl.FollowerState (FollowerState.java:run(117)) - e5f35640-2c6c-4b86-a5ff-33a1451b27ce@group-33D7D707C079-FollowerState was interrupted: java.lang.InterruptedException: sleep interrupted
2019-10-19 01:17:11,170 [Thread-686] INFO  impl.FollowerState (FollowerState.java:run(117)) - 3f01402b-307c-4a54-abe6-b677433715ef@group-33D7D707C079-FollowerState was interrupted: java.lang.InterruptedException: sleep interrupted
2019-10-19 01:17:11,170 [grpc-default-executor-1] INFO  impl.RoleInfo (RoleInfo.java:updateAndGet(143)) - 3f01402b-307c-4a54-abe6-b677433715ef: start FollowerState
2019-10-19 01:17:11,182 [8386ee0a-1f3c-47fa-9779-9125ddcf4112@group-33D7D707C079-LeaderElection27] INFO  impl.LeaderElection (LeaderElection.java:logAndReturn(56)) - 8386ee0a-1f3c-47fa-9779-9125ddcf4112@group-33D7D707C079-LeaderElection27: Election REJECTED; received 2 response(s) [8386ee0a-1f3c-47fa-9779-9125ddcf4112<-3f01402b-307c-4a54-abe6-b677433715ef#0:FAIL-t21, 8386ee0a-1f3c-47fa-9779-9125ddcf4112<-e5f35640-2c6c-4b86-a5ff-33a1451b27ce#0:FAIL-t21] and 0 exception(s); 8386ee0a-1f3c-47fa-9779-9125ddcf4112@group-33D7D707C079:t21, leader=null, voted=8386ee0a-1f3c-47fa-9779-9125ddcf4112, raftlog=8386ee0a-1f3c-47fa-9779-9125ddcf4112@group-33D7D707C079-SegmentedRaftLog:OPENED:c3,f4,i4, conf=0: [3f01402b-307c-4a54-abe6-b677433715ef:192.168.69.71:42588, 8386ee0a-1f3c-47fa-9779-9125ddcf4112:192.168.69.71:40009, e5f35640-2c6c-4b86-a5ff-33a1451b27ce:192.168.69.71:43138], old=null
2019-10-19 01:17:11,182 [8386ee0a-1f3c-47fa-9779-9125ddcf4112@group-33D7D707C079-LeaderElection27] INFO  impl.RaftServerImpl (RaftServerImpl.java:setRole(184)) - 8386ee0a-1f3c-47fa-9779-9125ddcf4112@group-33D7D707C079: changes role from CANDIDATE to FOLLOWER at term 21 for DISCOVERED_A_NEW_TERM
2019-10-19 01:17:11,183 [8386ee0a-1f3c-47fa-9779-9125ddcf4112@group-33D7D707C079-LeaderElection27] INFO  impl.RoleInfo (RoleInfo.java:shutdownLeaderElection(134)) - 8386ee0a-1f3c-47fa-9779-9125ddcf4112: shutdown LeaderElection
2019-10-19 01:17:11,183 [8386ee0a-1f3c-47fa-9779-9125ddcf4112@group-33D7D707C079-LeaderElection27] INFO  impl.RoleInfo (RoleInfo.java:updateAndGet(143)) - 8386ee0a-1f3c-47fa-9779-9125ddcf4112: start FollowerState
2019-10-19 01:17:11,281 [Thread-693] INFO  impl.FollowerState (FollowerState.java:run(108)) - 8386ee0a-1f3c-47fa-9779-9125ddcf4112@group-33D7D707C079-FollowerState: change to CANDIDATE, lastRpcTime:98ms, electionTimeout:98ms
2019-10-19 01:17:11,283 [Thread-693] INFO  impl.RoleInfo (RoleInfo.java:shutdownFollowerState(121)) - 8386ee0a-1f3c-47fa-9779-9125ddcf4112: shutdown FollowerState
2019-10-19 01:17:11,283 [Thread-693] INFO  impl.RaftServerImpl (RaftServerImpl.java:setRole(184)) - 8386ee0a-1f3c-47fa-9779-9125ddcf4112@group-33D7D707C079: changes role from  FOLLOWER to CANDIDATE at term 21 for changeToCandidate
2019-10-19 01:17:11,283 [Thread-693] INFO  impl.RoleInfo (RoleInfo.java:updateAndGet(143)) - 8386ee0a-1f3c-47fa-9779-9125ddcf4112: start LeaderElection
2019-10-19 01:17:11,297 [8386ee0a-1f3c-47fa-9779-9125ddcf4112@group-33D7D707C079-LeaderElection28] INFO  impl.LeaderElection (LeaderElection.java:askForVotes(178)) - 8386ee0a-1f3c-47fa-9779-9125ddcf4112@group-33D7D707C079-LeaderElection28: begin an election at term 22 for 0: [3f01402b-307c-4a54-abe6-b677433715ef:192.168.69.71:42588, 8386ee0a-1f3c-47fa-9779-9125ddcf4112:192.168.69.71:40009, e5f35640-2c6c-4b86-a5ff-33a1451b27ce:192.168.69.71:43138], old=null
2019-10-19 01:17:11,303 [grpc-default-executor-2] INFO  impl.RaftServerImpl (RaftServerImpl.java:setRole(184)) - 3f01402b-307c-4a54-abe6-b677433715ef@group-33D7D707C079: changes role from  FOLLOWER to FOLLOWER at term 22 for recognizeCandidate:8386ee0a-1f3c-47fa-9779-9125ddcf4112
2019-10-19 01:17:11,303 [grpc-default-executor-2] INFO  impl.RoleInfo (RoleInfo.java:shutdownFollowerState(121)) - 3f01402b-307c-4a54-abe6-b677433715ef: shutdown FollowerState
2019-10-19 01:17:11,303 [grpc-default-executor-1] INFO  impl.RaftServerImpl (RaftServerImpl.java:setRole(184)) - e5f35640-2c6c-4b86-a5ff-33a1451b27ce@group-33D7D707C079: changes role from  FOLLOWER to FOLLOWER at term 22 for recognizeCandidate:8386ee0a-1f3c-47fa-9779-9125ddcf4112
2019-10-19 01:17:11,303 [Thread-692] INFO  impl.FollowerState (FollowerState.java:run(117)) - 3f01402b-307c-4a54-abe6-b677433715ef@group-33D7D707C079-FollowerState was interrupted: java.lang.InterruptedException: sleep interrupted
2019-10-19 01:17:11,303 [grpc-default-executor-2] INFO  impl.RoleInfo (RoleInfo.java:updateAndGet(143)) - 3f01402b-307c-4a54-abe6-b677433715ef: start FollowerState
2019-10-19 01:17:11,303 [grpc-default-executor-1] INFO  impl.RoleInfo (RoleInfo.java:shutdownFollowerState(121)) - e5f35640-2c6c-4b86-a5ff-33a1451b27ce: shutdown FollowerState
2019-10-19 01:17:11,303 [Thread-691] INFO  impl.FollowerState (FollowerState.java:run(117)) - e5f35640-2c6c-4b86-a5ff-33a1451b27ce@group-33D7D707C079-FollowerState was interrupted: java.lang.InterruptedException: sleep interrupted
2019-10-19 01:17:11,303 [grpc-default-executor-1] INFO  impl.RoleInfo (RoleInfo.java:updateAndGet(143)) - e5f35640-2c6c-4b86-a5ff-33a1451b27ce: start FollowerState
2019-10-19 01:17:11,318 [8386ee0a-1f3c-47fa-9779-9125ddcf4112@group-33D7D707C079-LeaderElection28] INFO  impl.LeaderElection (LeaderElection.java:logAndReturn(56)) - 8386ee0a-1f3c-47fa-9779-9125ddcf4112@group-33D7D707C079-LeaderElection28: Election REJECTED; received 2 response(s) [8386ee0a-1f3c-47fa-9779-9125ddcf4112<-3f01402b-307c-4a54-abe6-b677433715ef#0:FAIL-t22, 8386ee0a-1f3c-47fa-9779-9125ddcf4112<-e5f35640-2c6c-4b86-a5ff-33a1451b27ce#0:FAIL-t22] and 0 exception(s); 8386ee0a-1f3c-47fa-9779-9125ddcf4112@group-33D7D707C079:t22, leader=null, voted=8386ee0a-1f3c-47fa-9779-9125ddcf4112, raftlog=8386ee0a-1f3c-47fa-9779-9125ddcf4112@group-33D7D707C079-SegmentedRaftLog:OPENED:c3,f4,i4, conf=0: [3f01402b-307c-4a54-abe6-b677433715ef:192.168.69.71:42588, 8386ee0a-1f3c-47fa-9779-9125ddcf4112:192.168.69.71:40009, e5f35640-2c6c-4b86-a5ff-33a1451b27ce:192.168.69.71:43138], old=null
2019-10-19 01:17:11,318 [8386ee0a-1f3c-47fa-9779-9125ddcf4112@group-33D7D707C079-LeaderElection28] INFO  impl.RaftServerImpl (RaftServerImpl.java:setRole(184)) - 8386ee0a-1f3c-47fa-9779-9125ddcf4112@group-33D7D707C079: changes role from CANDIDATE to FOLLOWER at term 22 for DISCOVERED_A_NEW_TERM
2019-10-19 01:17:11,318 [8386ee0a-1f3c-47fa-9779-9125ddcf4112@group-33D7D707C079-LeaderElection28] INFO  impl.RoleInfo (RoleInfo.java:shutdownLeaderElection(134)) - 8386ee0a-1f3c-47fa-9779-9125ddcf4112: shutdown LeaderElection
2019-10-19 01:17:11,318 [8386ee0a-1f3c-47fa-9779-9125ddcf4112@group-33D7D707C079-LeaderElection28] INFO  impl.RoleInfo (RoleInfo.java:updateAndGet(143)) - 8386ee0a-1f3c-47fa-9779-9125ddcf4112: start FollowerState
2019-10-19 01:17:11,411 [Thread-699] INFO  impl.FollowerState (FollowerState.java:run(108)) - 8386ee0a-1f3c-47fa-9779-9125ddcf4112@group-33D7D707C079-FollowerState: change to CANDIDATE, lastRpcTime:92ms, electionTimeout:92ms
2019-10-19 01:17:11,413 [Thread-699] INFO  impl.RoleInfo (RoleInfo.java:shutdownFollowerState(121)) - 8386ee0a-1f3c-47fa-9779-9125ddcf4112: shutdown FollowerState
2019-10-19 01:17:11,413 [Thread-699] INFO  impl.RaftServerImpl (RaftServerImpl.java:setRole(184)) - 8386ee0a-1f3c-47fa-9779-9125ddcf4112@group-33D7D707C079: changes role from  FOLLOWER to CANDIDATE at term 22 for changeToCandidate
2019-10-19 01:17:11,413 [Thread-699] INFO  impl.RoleInfo (RoleInfo.java:updateAndGet(143)) - 8386ee0a-1f3c-47fa-9779-9125ddcf4112: start LeaderElection
2019-10-19 01:17:11,427 [8386ee0a-1f3c-47fa-9779-9125ddcf4112@group-33D7D707C079-LeaderElection29] INFO  impl.LeaderElection (LeaderElection.java:askForVotes(178)) - 8386ee0a-1f3c-47fa-9779-9125ddcf4112@group-33D7D707C079-LeaderElection29: begin an election at term 23 for 0: [3f01402b-307c-4a54-abe6-b677433715ef:192.168.69.71:42588, 8386ee0a-1f3c-47fa-9779-9125ddcf4112:192.168.69.71:40009, e5f35640-2c6c-4b86-a5ff-33a1451b27ce:192.168.69.71:43138], old=null
2019-10-19 01:17:11,432 [grpc-default-executor-2] INFO  impl.RaftServerImpl (RaftServerImpl.java:setRole(184)) - 3f01402b-307c-4a54-abe6-b677433715ef@group-33D7D707C079: changes role from  FOLLOWER to FOLLOWER at term 23 for recognizeCandidate:8386ee0a-1f3c-47fa-9779-9125ddcf4112
2019-10-19 01:17:11,432 [grpc-default-executor-1] INFO  impl.RaftServerImpl (RaftServerImpl.java:setRole(184)) - e5f35640-2c6c-4b86-a5ff-33a1451b27ce@group-33D7D707C079: changes role from  FOLLOWER to FOLLOWER at term 23 for recognizeCandidate:8386ee0a-1f3c-47fa-9779-9125ddcf4112
2019-10-19 01:17:11,432 [grpc-default-executor-2] INFO  impl.RoleInfo (RoleInfo.java:shutdownFollowerState(121)) - 3f01402b-307c-4a54-abe6-b677433715ef: shutdown FollowerState
2019-10-19 01:17:11,432 [grpc-default-executor-1] INFO  impl.RoleInfo (RoleInfo.java:shutdownFollowerState(121)) - e5f35640-2c6c-4b86-a5ff-33a1451b27ce: shutdown FollowerState
2019-10-19 01:17:11,432 [grpc-default-executor-2] INFO  impl.RoleInfo (RoleInfo.java:updateAndGet(143)) - 3f01402b-307c-4a54-abe6-b677433715ef: start FollowerState
2019-10-19 01:17:11,432 [Thread-698] INFO  impl.FollowerState (FollowerState.java:run(117)) - e5f35640-2c6c-4b86-a5ff-33a1451b27ce@group-33D7D707C079-FollowerState was interrupted: java.lang.InterruptedException: sleep interrupted
2019-10-19 01:17:11,432 [grpc-default-executor-1] INFO  impl.RoleInfo (RoleInfo.java:updateAndGet(143)) - e5f35640-2c6c-4b86-a5ff-33a1451b27ce: start FollowerState
2019-10-19 01:17:11,432 [Thread-697] INFO  impl.FollowerState (FollowerState.java:run(117)) - 3f01402b-307c-4a54-abe6-b677433715ef@group-33D7D707C079-FollowerState was interrupted: java.lang.InterruptedException: sleep interrupted
2019-10-19 01:17:11,446 [8386ee0a-1f3c-47fa-9779-9125ddcf4112@group-33D7D707C079-LeaderElection29] INFO  impl.LeaderElection (LeaderElection.java:logAndReturn(56)) - 8386ee0a-1f3c-47fa-9779-9125ddcf4112@group-33D7D707C079-LeaderElection29: Election REJECTED; received 2 response(s) [8386ee0a-1f3c-47fa-9779-9125ddcf4112<-3f01402b-307c-4a54-abe6-b677433715ef#0:FAIL-t23, 8386ee0a-1f3c-47fa-9779-9125ddcf4112<-e5f35640-2c6c-4b86-a5ff-33a1451b27ce#0:FAIL-t23] and 0 exception(s); 8386ee0a-1f3c-47fa-9779-9125ddcf4112@group-33D7D707C079:t23, leader=null, voted=8386ee0a-1f3c-47fa-9779-9125ddcf4112, raftlog=8386ee0a-1f3c-47fa-9779-9125ddcf4112@group-33D7D707C079-SegmentedRaftLog:OPENED:c3,f4,i4, conf=0: [3f01402b-307c-4a54-abe6-b677433715ef:192.168.69.71:42588, 8386ee0a-1f3c-47fa-9779-9125ddcf4112:192.168.69.71:40009, e5f35640-2c6c-4b86-a5ff-33a1451b27ce:192.168.69.71:43138], old=null
2019-10-19 01:17:11,446 [8386ee0a-1f3c-47fa-9779-9125ddcf4112@group-33D7D707C079-LeaderElection29] INFO  impl.RaftServerImpl (RaftServerImpl.java:setRole(184)) - 8386ee0a-1f3c-47fa-9779-9125ddcf4112@group-33D7D707C079: changes role from CANDIDATE to FOLLOWER at term 23 for DISCOVERED_A_NEW_TERM
2019-10-19 01:17:11,446 [8386ee0a-1f3c-47fa-9779-9125ddcf4112@group-33D7D707C079-LeaderElection29] INFO  impl.RoleInfo (RoleInfo.java:shutdownLeaderElection(134)) - 8386ee0a-1f3c-47fa-9779-9125ddcf4112: shutdown LeaderElection
2019-10-19 01:17:11,447 [8386ee0a-1f3c-47fa-9779-9125ddcf4112@group-33D7D707C079-LeaderElection29] INFO  impl.RoleInfo (RoleInfo.java:updateAndGet(143)) - 8386ee0a-1f3c-47fa-9779-9125ddcf4112: start FollowerState
2019-10-19 01:17:11,478 [Thread-705] INFO  impl.FollowerState (FollowerState.java:run(108)) - 8386ee0a-1f3c-47fa-9779-9125ddcf4112@group-33D7D707C079-FollowerState: change to CANDIDATE, lastRpcTime:31ms, electionTimeout:31ms
2019-10-19 01:17:11,480 [Thread-705] INFO  impl.RoleInfo (RoleInfo.java:shutdownFollowerState(121)) - 8386ee0a-1f3c-47fa-9779-9125ddcf4112: shutdown FollowerState
2019-10-19 01:17:11,480 [Thread-705] INFO  impl.RaftServerImpl (RaftServerImpl.java:setRole(184)) - 8386ee0a-1f3c-47fa-9779-9125ddcf4112@group-33D7D707C079: changes role from  FOLLOWER to CANDIDATE at term 23 for changeToCandidate
2019-10-19 01:17:11,480 [Thread-705] INFO  impl.RoleInfo (RoleInfo.java:updateAndGet(143)) - 8386ee0a-1f3c-47fa-9779-9125ddcf4112: start LeaderElection
2019-10-19 01:17:11,484 [BlockDeletingService#2] WARN  background.BlockDeletingService (BlockDeletingService.java:isDeletionAllowed(187)) - Close Container log Index 6 is not replicated across allthe servers in the pipeline 260d8aca-b42b-4def-900d-33d7d707c079 as the min replicated index is 4. Deletion is not allowed in this container yet.
2019-10-19 01:17:11,484 [BlockDeletingService#2] WARN  background.BlockDeletingService (BlockDeletingService.java:isDeletionAllowed(187)) - Close Container log Index 6 is not replicated across allthe servers in the pipeline 260d8aca-b42b-4def-900d-33d7d707c079 as the min replicated index is 4. Deletion is not allowed in this container yet.
2019-10-19 01:17:11,493 [8386ee0a-1f3c-47fa-9779-9125ddcf4112@group-33D7D707C079-LeaderElection30] INFO  impl.LeaderElection (LeaderElection.java:askForVotes(178)) - 8386ee0a-1f3c-47fa-9779-9125ddcf4112@group-33D7D707C079-LeaderElection30: begin an election at term 24 for 0: [3f01402b-307c-4a54-abe6-b677433715ef:192.168.69.71:42588, 8386ee0a-1f3c-47fa-9779-9125ddcf4112:192.168.69.71:40009, e5f35640-2c6c-4b86-a5ff-33a1451b27ce:192.168.69.71:43138], old=null
2019-10-19 01:17:11,497 [grpc-default-executor-1] INFO  impl.RaftServerImpl (RaftServerImpl.java:setRole(184)) - 3f01402b-307c-4a54-abe6-b677433715ef@group-33D7D707C079: changes role from  FOLLOWER to FOLLOWER at term 24 for recognizeCandidate:8386ee0a-1f3c-47fa-9779-9125ddcf4112
2019-10-19 01:17:11,497 [grpc-default-executor-2] INFO  impl.RaftServerImpl (RaftServerImpl.java:setRole(184)) - e5f35640-2c6c-4b86-a5ff-33a1451b27ce@group-33D7D707C079: changes role from  FOLLOWER to FOLLOWER at term 24 for recognizeCandidate:8386ee0a-1f3c-47fa-9779-9125ddcf4112
2019-10-19 01:17:11,497 [grpc-default-executor-1] INFO  impl.RoleInfo (RoleInfo.java:shutdownFollowerState(121)) - 3f01402b-307c-4a54-abe6-b677433715ef: shutdown FollowerState
2019-10-19 01:17:11,497 [grpc-default-executor-2] INFO  impl.RoleInfo (RoleInfo.java:shutdownFollowerState(121)) - e5f35640-2c6c-4b86-a5ff-33a1451b27ce: shutdown FollowerState
2019-10-19 01:17:11,497 [grpc-default-executor-1] INFO  impl.RoleInfo (RoleInfo.java:updateAndGet(143)) - 3f01402b-307c-4a54-abe6-b677433715ef: start FollowerState
2019-10-19 01:17:11,497 [Thread-703] INFO  impl.FollowerState (FollowerState.java:run(117)) - 3f01402b-307c-4a54-abe6-b677433715ef@group-33D7D707C079-FollowerState was interrupted: java.lang.InterruptedException: sleep interrupted
2019-10-19 01:17:11,498 [Thread-704] INFO  impl.FollowerState (FollowerState.java:run(117)) - e5f35640-2c6c-4b86-a5ff-33a1451b27ce@group-33D7D707C079-FollowerState was interrupted: java.lang.InterruptedException: sleep interrupted
2019-10-19 01:17:11,498 [grpc-default-executor-2] INFO  impl.RoleInfo (RoleInfo.java:updateAndGet(143)) - e5f35640-2c6c-4b86-a5ff-33a1451b27ce: start FollowerState
2019-10-19 01:17:11,512 [8386ee0a-1f3c-47fa-9779-9125ddcf4112@group-33D7D707C079-LeaderElection30] INFO  impl.LeaderElection (LeaderElection.java:logAndReturn(56)) - 8386ee0a-1f3c-47fa-9779-9125ddcf4112@group-33D7D707C079-LeaderElection30: Election REJECTED; received 2 response(s) [8386ee0a-1f3c-47fa-9779-9125ddcf4112<-3f01402b-307c-4a54-abe6-b677433715ef#0:FAIL-t24, 8386ee0a-1f3c-47fa-9779-9125ddcf4112<-e5f35640-2c6c-4b86-a5ff-33a1451b27ce#0:FAIL-t24] and 0 exception(s); 8386ee0a-1f3c-47fa-9779-9125ddcf4112@group-33D7D707C079:t24, leader=null, voted=8386ee0a-1f3c-47fa-9779-9125ddcf4112, raftlog=8386ee0a-1f3c-47fa-9779-9125ddcf4112@group-33D7D707C079-SegmentedRaftLog:OPENED:c3,f4,i4, conf=0: [3f01402b-307c-4a54-abe6-b677433715ef:192.168.69.71:42588, 8386ee0a-1f3c-47fa-9779-9125ddcf4112:192.168.69.71:40009, e5f35640-2c6c-4b86-a5ff-33a1451b27ce:192.168.69.71:43138], old=null
2019-10-19 01:17:11,513 [8386ee0a-1f3c-47fa-9779-9125ddcf4112@group-33D7D707C079-LeaderElection30] INFO  impl.RaftServerImpl (RaftServerImpl.java:setRole(184)) - 8386ee0a-1f3c-47fa-9779-9125ddcf4112@group-33D7D707C079: changes role from CANDIDATE to FOLLOWER at term 24 for DISCOVERED_A_NEW_TERM
2019-10-19 01:17:11,513 [8386ee0a-1f3c-47fa-9779-9125ddcf4112@group-33D7D707C079-LeaderElection30] INFO  impl.RoleInfo (RoleInfo.java:shutdownLeaderElection(134)) - 8386ee0a-1f3c-47fa-9779-9125ddcf4112: shutdown LeaderElection
2019-10-19 01:17:11,513 [8386ee0a-1f3c-47fa-9779-9125ddcf4112@group-33D7D707C079-LeaderElection30] INFO  impl.RoleInfo (RoleInfo.java:updateAndGet(143)) - 8386ee0a-1f3c-47fa-9779-9125ddcf4112: start FollowerState
2019-10-19 01:17:11,628 [java.util.concurrent.ThreadPoolExecutor$Worker@678808ab[State = -1, empty queue]] WARN  server.GrpcLogAppender (GrpcLogAppender.java:timeoutAppendRequest(209)) - 3f01402b-307c-4a54-abe6-b677433715ef@group-33D7D707C079->8386ee0a-1f3c-47fa-9779-9125ddcf4112-GrpcLogAppender: appendEntries Timeout, request=3f01402b-307c-4a54-abe6-b677433715ef->8386ee0a-1f3c-47fa-9779-9125ddcf4112#52-t4, previous=(t:4, i:10), leaderCommit=10, initializing? false, entries: <empty>
2019-10-19 01:17:11,656 [Thread-713] INFO  impl.FollowerState (FollowerState.java:run(108)) - 8386ee0a-1f3c-47fa-9779-9125ddcf4112@group-33D7D707C079-FollowerState: change to CANDIDATE, lastRpcTime:143ms, electionTimeout:143ms
2019-10-19 01:17:11,656 [Thread-713] INFO  impl.RoleInfo (RoleInfo.java:shutdownFollowerState(121)) - 8386ee0a-1f3c-47fa-9779-9125ddcf4112: shutdown FollowerState
2019-10-19 01:17:11,657 [Thread-713] INFO  impl.RaftServerImpl (RaftServerImpl.java:setRole(184)) - 8386ee0a-1f3c-47fa-9779-9125ddcf4112@group-33D7D707C079: changes role from  FOLLOWER to CANDIDATE at term 24 for changeToCandidate
2019-10-19 01:17:11,657 [Thread-713] INFO  impl.RoleInfo (RoleInfo.java:updateAndGet(143)) - 8386ee0a-1f3c-47fa-9779-9125ddcf4112: start LeaderElection
2019-10-19 01:17:11,671 [8386ee0a-1f3c-47fa-9779-9125ddcf4112@group-33D7D707C079-LeaderElection31] INFO  impl.LeaderElection (LeaderElection.java:askForVotes(178)) - 8386ee0a-1f3c-47fa-9779-9125ddcf4112@group-33D7D707C079-LeaderElection31: begin an election at term 25 for 0: [3f01402b-307c-4a54-abe6-b677433715ef:192.168.69.71:42588, 8386ee0a-1f3c-47fa-9779-9125ddcf4112:192.168.69.71:40009, e5f35640-2c6c-4b86-a5ff-33a1451b27ce:192.168.69.71:43138], old=null
2019-10-19 01:17:11,675 [grpc-default-executor-1] INFO  impl.RaftServerImpl (RaftServerImpl.java:setRole(184)) - 3f01402b-307c-4a54-abe6-b677433715ef@group-33D7D707C079: changes role from  FOLLOWER to FOLLOWER at term 25 for recognizeCandidate:8386ee0a-1f3c-47fa-9779-9125ddcf4112
2019-10-19 01:17:11,675 [grpc-default-executor-2] INFO  impl.RaftServerImpl (RaftServerImpl.java:setRole(184)) - e5f35640-2c6c-4b86-a5ff-33a1451b27ce@group-33D7D707C079: changes role from  FOLLOWER to FOLLOWER at term 25 for recognizeCandidate:8386ee0a-1f3c-47fa-9779-9125ddcf4112
2019-10-19 01:17:11,675 [grpc-default-executor-1] INFO  impl.RoleInfo (RoleInfo.java:shutdownFollowerState(121)) - 3f01402b-307c-4a54-abe6-b677433715ef: shutdown FollowerState
2019-10-19 01:17:11,676 [grpc-default-executor-2] INFO  impl.RoleInfo (RoleInfo.java:shutdownFollowerState(121)) - e5f35640-2c6c-4b86-a5ff-33a1451b27ce: shutdown FollowerState
2019-10-19 01:17:11,676 [grpc-default-executor-1] INFO  impl.RoleInfo (RoleInfo.java:updateAndGet(143)) - 3f01402b-307c-4a54-abe6-b677433715ef: start FollowerState
2019-10-19 01:17:11,676 [Thread-711] INFO  impl.FollowerState (FollowerState.java:run(117)) - 3f01402b-307c-4a54-abe6-b677433715ef@group-33D7D707C079-FollowerState was interrupted: java.lang.InterruptedException: sleep interrupted
2019-10-19 01:17:11,676 [Thread-712] INFO  impl.FollowerState (FollowerState.java:run(117)) - e5f35640-2c6c-4b86-a5ff-33a1451b27ce@group-33D7D707C079-FollowerState was interrupted: java.lang.InterruptedException: sleep interrupted
2019-10-19 01:17:11,676 [grpc-default-executor-2] INFO  impl.RoleInfo (RoleInfo.java:updateAndGet(143)) - e5f35640-2c6c-4b86-a5ff-33a1451b27ce: start FollowerState
2019-10-19 01:17:11,692 [8386ee0a-1f3c-47fa-9779-9125ddcf4112@group-33D7D707C079-LeaderElection31] INFO  impl.LeaderElection (LeaderElection.java:logAndReturn(56)) - 8386ee0a-1f3c-47fa-9779-9125ddcf4112@group-33D7D707C079-LeaderElection31: Election REJECTED; received 2 response(s) [8386ee0a-1f3c-47fa-9779-9125ddcf4112<-3f01402b-307c-4a54-abe6-b677433715ef#0:FAIL-t25, 8386ee0a-1f3c-47fa-9779-9125ddcf4112<-e5f35640-2c6c-4b86-a5ff-33a1451b27ce#0:FAIL-t25] and 0 exception(s); 8386ee0a-1f3c-47fa-9779-9125ddcf4112@group-33D7D707C079:t25, leader=null, voted=8386ee0a-1f3c-47fa-9779-9125ddcf4112, raftlog=8386ee0a-1f3c-47fa-9779-9125ddcf4112@group-33D7D707C079-SegmentedRaftLog:OPENED:c3,f4,i4, conf=0: [3f01402b-307c-4a54-abe6-b677433715ef:192.168.69.71:42588, 8386ee0a-1f3c-47fa-9779-9125ddcf4112:192.168.69.71:40009, e5f35640-2c6c-4b86-a5ff-33a1451b27ce:192.168.69.71:43138], old=null
2019-10-19 01:17:11,692 [8386ee0a-1f3c-47fa-9779-9125ddcf4112@group-33D7D707C079-LeaderElection31] INFO  impl.RaftServerImpl (RaftServerImpl.java:setRole(184)) - 8386ee0a-1f3c-47fa-9779-9125ddcf4112@group-33D7D707C079: changes role from CANDIDATE to FOLLOWER at term 25 for DISCOVERED_A_NEW_TERM
2019-10-19 01:17:11,692 [8386ee0a-1f3c-47fa-9779-9125ddcf4112@group-33D7D707C079-LeaderElection31] INFO  impl.RoleInfo (RoleInfo.java:shutdownLeaderElection(134)) - 8386ee0a-1f3c-47fa-9779-9125ddcf4112: shutdown LeaderElection
2019-10-19 01:17:11,692 [8386ee0a-1f3c-47fa-9779-9125ddcf4112@group-33D7D707C079-LeaderElection31] INFO  impl.RoleInfo (RoleInfo.java:updateAndGet(143)) - 8386ee0a-1f3c-47fa-9779-9125ddcf4112: start FollowerState
2019-10-19 01:17:11,731 [Thread-719] INFO  impl.FollowerState (FollowerState.java:run(108)) - 8386ee0a-1f3c-47fa-9779-9125ddcf4112@group-33D7D707C079-FollowerState: change to CANDIDATE, lastRpcTime:38ms, electionTimeout:38ms
2019-10-19 01:17:11,732 [Thread-719] INFO  impl.RoleInfo (RoleInfo.java:shutdownFollowerState(121)) - 8386ee0a-1f3c-47fa-9779-9125ddcf4112: shutdown FollowerState
2019-10-19 01:17:11,732 [Thread-719] INFO  impl.RaftServerImpl (RaftServerImpl.java:setRole(184)) - 8386ee0a-1f3c-47fa-9779-9125ddcf4112@group-33D7D707C079: changes role from  FOLLOWER to CANDIDATE at term 25 for changeToCandidate
2019-10-19 01:17:11,732 [Thread-719] INFO  impl.RoleInfo (RoleInfo.java:updateAndGet(143)) - 8386ee0a-1f3c-47fa-9779-9125ddcf4112: start LeaderElection
2019-10-19 01:17:11,746 [8386ee0a-1f3c-47fa-9779-9125ddcf4112@group-33D7D707C079-LeaderElection32] INFO  impl.LeaderElection (LeaderElection.java:askForVotes(178)) - 8386ee0a-1f3c-47fa-9779-9125ddcf4112@group-33D7D707C079-LeaderElection32: begin an election at term 26 for 0: [3f01402b-307c-4a54-abe6-b677433715ef:192.168.69.71:42588, 8386ee0a-1f3c-47fa-9779-9125ddcf4112:192.168.69.71:40009, e5f35640-2c6c-4b86-a5ff-33a1451b27ce:192.168.69.71:43138], old=null
2019-10-19 01:17:11,750 [grpc-default-executor-2] INFO  impl.RaftServerImpl (RaftServerImpl.java:setRole(184)) - e5f35640-2c6c-4b86-a5ff-33a1451b27ce@group-33D7D707C079: changes role from  FOLLOWER to FOLLOWER at term 26 for recognizeCandidate:8386ee0a-1f3c-47fa-9779-9125ddcf4112
2019-10-19 01:17:11,750 [grpc-default-executor-1] INFO  impl.RaftServerImpl (RaftServerImpl.java:setRole(184)) - 3f01402b-307c-4a54-abe6-b677433715ef@group-33D7D707C079: changes role from  FOLLOWER to FOLLOWER at term 26 for recognizeCandidate:8386ee0a-1f3c-47fa-9779-9125ddcf4112
2019-10-19 01:17:11,750 [grpc-default-executor-2] INFO  impl.RoleInfo (RoleInfo.java:shutdownFollowerState(121)) - e5f35640-2c6c-4b86-a5ff-33a1451b27ce: shutdown FollowerState
2019-10-19 01:17:11,750 [grpc-default-executor-1] INFO  impl.RoleInfo (RoleInfo.java:shutdownFollowerState(121)) - 3f01402b-307c-4a54-abe6-b677433715ef: shutdown FollowerState
2019-10-19 01:17:11,751 [grpc-default-executor-2] INFO  impl.RoleInfo (RoleInfo.java:updateAndGet(143)) - e5f35640-2c6c-4b86-a5ff-33a1451b27ce: start FollowerState
2019-10-19 01:17:11,751 [grpc-default-executor-1] INFO  impl.RoleInfo (RoleInfo.java:updateAndGet(143)) - 3f01402b-307c-4a54-abe6-b677433715ef: start FollowerState
2019-10-19 01:17:11,751 [Thread-718] INFO  impl.FollowerState (FollowerState.java:run(117)) - e5f35640-2c6c-4b86-a5ff-33a1451b27ce@group-33D7D707C079-FollowerState was interrupted: java.lang.InterruptedException: sleep interrupted
2019-10-19 01:17:11,751 [Thread-717] INFO  impl.FollowerState (FollowerState.java:run(117)) - 3f01402b-307c-4a54-abe6-b677433715ef@group-33D7D707C079-FollowerState was interrupted: java.lang.InterruptedException: sleep interrupted
2019-10-19 01:17:11,767 [8386ee0a-1f3c-47fa-9779-9125ddcf4112@group-33D7D707C079-LeaderElection32] INFO  impl.LeaderElection (LeaderElection.java:logAndReturn(56)) - 8386ee0a-1f3c-47fa-9779-9125ddcf4112@group-33D7D707C079-LeaderElection32: Election REJECTED; received 2 response(s) [8386ee0a-1f3c-47fa-9779-9125ddcf4112<-3f01402b-307c-4a54-abe6-b677433715ef#0:FAIL-t26, 8386ee0a-1f3c-47fa-9779-9125ddcf4112<-e5f35640-2c6c-4b86-a5ff-33a1451b27ce#0:FAIL-t26] and 0 exception(s); 8386ee0a-1f3c-47fa-9779-9125ddcf4112@group-33D7D707C079:t26, leader=null, voted=8386ee0a-1f3c-47fa-9779-9125ddcf4112, raftlog=8386ee0a-1f3c-47fa-9779-9125ddcf4112@group-33D7D707C079-SegmentedRaftLog:OPENED:c3,f4,i4, conf=0: [3f01402b-307c-4a54-abe6-b677433715ef:192.168.69.71:42588, 8386ee0a-1f3c-47fa-9779-9125ddcf4112:192.168.69.71:40009, e5f35640-2c6c-4b86-a5ff-33a1451b27ce:192.168.69.71:43138], old=null
2019-10-19 01:17:11,767 [8386ee0a-1f3c-47fa-9779-9125ddcf4112@group-33D7D707C079-LeaderElection32] INFO  impl.RaftServerImpl (RaftServerImpl.java:setRole(184)) - 8386ee0a-1f3c-47fa-9779-9125ddcf4112@group-33D7D707C079: changes role from CANDIDATE to FOLLOWER at term 26 for DISCOVERED_A_NEW_TERM
2019-10-19 01:17:11,767 [8386ee0a-1f3c-47fa-9779-9125ddcf4112@group-33D7D707C079-LeaderElection32] INFO  impl.RoleInfo (RoleInfo.java:shutdownLeaderElection(134)) - 8386ee0a-1f3c-47fa-9779-9125ddcf4112: shutdown LeaderElection
2019-10-19 01:17:11,767 [8386ee0a-1f3c-47fa-9779-9125ddcf4112@group-33D7D707C079-LeaderElection32] INFO  impl.RoleInfo (RoleInfo.java:updateAndGet(143)) - 8386ee0a-1f3c-47fa-9779-9125ddcf4112: start FollowerState
2019-10-19 01:17:11,942 [Thread-725] INFO  impl.FollowerState (FollowerState.java:run(108)) - 8386ee0a-1f3c-47fa-9779-9125ddcf4112@group-33D7D707C079-FollowerState: change to CANDIDATE, lastRpcTime:175ms, electionTimeout:175ms
2019-10-19 01:17:11,944 [Thread-725] INFO  impl.RoleInfo (RoleInfo.java:shutdownFollowerState(121)) - 8386ee0a-1f3c-47fa-9779-9125ddcf4112: shutdown FollowerState
2019-10-19 01:17:11,944 [Thread-725] INFO  impl.RaftServerImpl (RaftServerImpl.java:setRole(184)) - 8386ee0a-1f3c-47fa-9779-9125ddcf4112@group-33D7D707C079: changes role from  FOLLOWER to CANDIDATE at term 26 for changeToCandidate
2019-10-19 01:17:11,944 [Thread-725] INFO  impl.RoleInfo (RoleInfo.java:updateAndGet(143)) - 8386ee0a-1f3c-47fa-9779-9125ddcf4112: start LeaderElection
2019-10-19 01:17:11,966 [8386ee0a-1f3c-47fa-9779-9125ddcf4112@group-33D7D707C079-LeaderElection33] INFO  impl.LeaderElection (LeaderElection.java:askForVotes(178)) - 8386ee0a-1f3c-47fa-9779-9125ddcf4112@group-33D7D707C079-LeaderElection33: begin an election at term 27 for 0: [3f01402b-307c-4a54-abe6-b677433715ef:192.168.69.71:42588, 8386ee0a-1f3c-47fa-9779-9125ddcf4112:192.168.69.71:40009, e5f35640-2c6c-4b86-a5ff-33a1451b27ce:192.168.69.71:43138], old=null
2019-10-19 01:17:11,970 [grpc-default-executor-2] INFO  impl.RaftServerImpl (RaftServerImpl.java:setRole(184)) - 3f01402b-307c-4a54-abe6-b677433715ef@group-33D7D707C079: changes role from  FOLLOWER to FOLLOWER at term 27 for recognizeCandidate:8386ee0a-1f3c-47fa-9779-9125ddcf4112
2019-10-19 01:17:11,970 [grpc-default-executor-1] INFO  impl.RaftServerImpl (RaftServerImpl.java:setRole(184)) - e5f35640-2c6c-4b86-a5ff-33a1451b27ce@group-33D7D707C079: changes role from  FOLLOWER to FOLLOWER at term 27 for recognizeCandidate:8386ee0a-1f3c-47fa-9779-9125ddcf4112
2019-10-19 01:17:11,970 [grpc-default-executor-2] INFO  impl.RoleInfo (RoleInfo.java:shutdownFollowerState(121)) - 3f01402b-307c-4a54-abe6-b677433715ef: shutdown FollowerState
2019-10-19 01:17:11,970 [grpc-default-executor-1] INFO  impl.RoleInfo (RoleInfo.java:shutdownFollowerState(121)) - e5f35640-2c6c-4b86-a5ff-33a1451b27ce: shutdown FollowerState
2019-10-19 01:17:11,970 [Thread-724] INFO  impl.FollowerState (FollowerState.java:run(117)) - 3f01402b-307c-4a54-abe6-b677433715ef@group-33D7D707C079-FollowerState was interrupted: java.lang.InterruptedException: sleep interrupted
2019-10-19 01:17:11,970 [Thread-723] INFO  impl.FollowerState (FollowerState.java:run(117)) - e5f35640-2c6c-4b86-a5ff-33a1451b27ce@group-33D7D707C079-FollowerState was interrupted: java.lang.InterruptedException: sleep interrupted
2019-10-19 01:17:11,970 [grpc-default-executor-1] INFO  impl.RoleInfo (RoleInfo.java:updateAndGet(143)) - e5f35640-2c6c-4b86-a5ff-33a1451b27ce: start FollowerState
2019-10-19 01:17:11,970 [grpc-default-executor-2] INFO  impl.RoleInfo (RoleInfo.java:updateAndGet(143)) - 3f01402b-307c-4a54-abe6-b677433715ef: start FollowerState
2019-10-19 01:17:11,997 [8386ee0a-1f3c-47fa-9779-9125ddcf4112@group-33D7D707C079-LeaderElection33] INFO  impl.LeaderElection (LeaderElection.java:logAndReturn(56)) - 8386ee0a-1f3c-47fa-9779-9125ddcf4112@group-33D7D707C079-LeaderElection33: Election REJECTED; received 2 response(s) [8386ee0a-1f3c-47fa-9779-9125ddcf4112<-3f01402b-307c-4a54-abe6-b677433715ef#0:FAIL-t27, 8386ee0a-1f3c-47fa-9779-9125ddcf4112<-e5f35640-2c6c-4b86-a5ff-33a1451b27ce#0:FAIL-t27] and 0 exception(s); 8386ee0a-1f3c-47fa-9779-9125ddcf4112@group-33D7D707C079:t27, leader=null, voted=8386ee0a-1f3c-47fa-9779-9125ddcf4112, raftlog=8386ee0a-1f3c-47fa-9779-9125ddcf4112@group-33D7D707C079-SegmentedRaftLog:OPENED:c3,f4,i4, conf=0: [3f01402b-307c-4a54-abe6-b677433715ef:192.168.69.71:42588, 8386ee0a-1f3c-47fa-9779-9125ddcf4112:192.168.69.71:40009, e5f35640-2c6c-4b86-a5ff-33a1451b27ce:192.168.69.71:43138], old=null
2019-10-19 01:17:11,998 [8386ee0a-1f3c-47fa-9779-9125ddcf4112@group-33D7D707C079-LeaderElection33] INFO  impl.RaftServerImpl (RaftServerImpl.java:setRole(184)) - 8386ee0a-1f3c-47fa-9779-9125ddcf4112@group-33D7D707C079: changes role from CANDIDATE to FOLLOWER at term 27 for DISCOVERED_A_NEW_TERM
2019-10-19 01:17:11,998 [8386ee0a-1f3c-47fa-9779-9125ddcf4112@group-33D7D707C079-LeaderElection33] INFO  impl.RoleInfo (RoleInfo.java:shutdownLeaderElection(134)) - 8386ee0a-1f3c-47fa-9779-9125ddcf4112: shutdown LeaderElection
2019-10-19 01:17:11,998 [8386ee0a-1f3c-47fa-9779-9125ddcf4112@group-33D7D707C079-LeaderElection33] INFO  impl.RoleInfo (RoleInfo.java:updateAndGet(143)) - 8386ee0a-1f3c-47fa-9779-9125ddcf4112: start FollowerState
2019-10-19 01:17:12,022 [Thread-734] INFO  client.GrpcClientProtocolService (GrpcClientProtocolService.java:lambda$processClientRequest$0(278)) - Failed RaftClientRequest:client-0C21EF03FE8D->8386ee0a-1f3c-47fa-9779-9125ddcf4112@group-33D7D707C079, cid=10, seq=0, Watch-ALL_COMMITTED(6), Message:<EMPTY>, reply=RaftClientReply:client-0C21EF03FE8D->8386ee0a-1f3c-47fa-9779-9125ddcf4112@group-33D7D707C079, cid=10, FAILED org.apache.ratis.protocol.NotLeaderException: Server 8386ee0a-1f3c-47fa-9779-9125ddcf4112@group-33D7D707C079 is not the leader, logIndex=0, commits[8386ee0a-1f3c-47fa-9779-9125ddcf4112:c3]
2019-10-19 01:17:12,054 [Thread-732] INFO  impl.FollowerState (FollowerState.java:run(108)) - 8386ee0a-1f3c-47fa-9779-9125ddcf4112@group-33D7D707C079-FollowerState: change to CANDIDATE, lastRpcTime:56ms, electionTimeout:56ms
2019-10-19 01:17:12,055 [Thread-732] INFO  impl.RoleInfo (RoleInfo.java:shutdownFollowerState(121)) - 8386ee0a-1f3c-47fa-9779-9125ddcf4112: shutdown FollowerState
2019-10-19 01:17:12,055 [Thread-732] INFO  impl.RaftServerImpl (RaftServerImpl.java:setRole(184)) - 8386ee0a-1f3c-47fa-9779-9125ddcf4112@group-33D7D707C079: changes role from  FOLLOWER to CANDIDATE at term 27 for changeToCandidate
2019-10-19 01:17:12,055 [Thread-732] INFO  impl.RoleInfo (RoleInfo.java:updateAndGet(143)) - 8386ee0a-1f3c-47fa-9779-9125ddcf4112: start LeaderElection
2019-10-19 01:17:12,063 [8386ee0a-1f3c-47fa-9779-9125ddcf4112@group-33D7D707C079-LeaderElection34] INFO  impl.LeaderElection (LeaderElection.java:askForVotes(178)) - 8386ee0a-1f3c-47fa-9779-9125ddcf4112@group-33D7D707C079-LeaderElection34: begin an election at term 28 for 0: [3f01402b-307c-4a54-abe6-b677433715ef:192.168.69.71:42588, 8386ee0a-1f3c-47fa-9779-9125ddcf4112:192.168.69.71:40009, e5f35640-2c6c-4b86-a5ff-33a1451b27ce:192.168.69.71:43138], old=null
2019-10-19 01:17:12,067 [grpc-default-executor-1] INFO  impl.RaftServerImpl (RaftServerImpl.java:setRole(184)) - e5f35640-2c6c-4b86-a5ff-33a1451b27ce@group-33D7D707C079: changes role from  FOLLOWER to FOLLOWER at term 28 for recognizeCandidate:8386ee0a-1f3c-47fa-9779-9125ddcf4112
2019-10-19 01:17:12,067 [grpc-default-executor-1] INFO  impl.RoleInfo (RoleInfo.java:shutdownFollowerState(121)) - e5f35640-2c6c-4b86-a5ff-33a1451b27ce: shutdown FollowerState
2019-10-19 01:17:12,067 [grpc-default-executor-2] INFO  impl.RaftServerImpl (RaftServerImpl.java:setRole(184)) - 3f01402b-307c-4a54-abe6-b677433715ef@group-33D7D707C079: changes role from  FOLLOWER to FOLLOWER at term 28 for recognizeCandidate:8386ee0a-1f3c-47fa-9779-9125ddcf4112
2019-10-19 01:17:12,068 [grpc-default-executor-2] INFO  impl.RoleInfo (RoleInfo.java:shutdownFollowerState(121)) - 3f01402b-307c-4a54-abe6-b677433715ef: shutdown FollowerState
2019-10-19 01:17:12,068 [Thread-731] INFO  impl.FollowerState (FollowerState.java:run(117)) - e5f35640-2c6c-4b86-a5ff-33a1451b27ce@group-33D7D707C079-FollowerState was interrupted: java.lang.InterruptedException: sleep interrupted
2019-10-19 01:17:12,068 [grpc-default-executor-1] INFO  impl.RoleInfo (RoleInfo.java:updateAndGet(143)) - e5f35640-2c6c-4b86-a5ff-33a1451b27ce: start FollowerState
2019-10-19 01:17:12,068 [Thread-730] INFO  impl.FollowerState (FollowerState.java:run(117)) - 3f01402b-307c-4a54-abe6-b677433715ef@group-33D7D707C079-FollowerState was interrupted: java.lang.InterruptedException: sleep interrupted
2019-10-19 01:17:12,068 [grpc-default-executor-2] INFO  impl.RoleInfo (RoleInfo.java:updateAndGet(143)) - 3f01402b-307c-4a54-abe6-b677433715ef: start FollowerState
2019-10-19 01:17:12,079 [pool-7-thread-5] INFO  commands.RetriableDatanodeEventWatcher (RetriableDatanodeEventWatcher.java:onTimeout(47)) - RetriableDatanodeCommand type=deleteBlocksCommand with id=1571447826068 timed out. Retrying.
2019-10-19 01:17:12,079 [pool-7-thread-2] INFO  commands.RetriableDatanodeEventWatcher (RetriableDatanodeEventWatcher.java:onTimeout(47)) - RetriableDatanodeCommand type=deleteBlocksCommand with id=1571447826074 timed out. Retrying.
2019-10-19 01:17:12,079 [pool-7-thread-1] INFO  commands.RetriableDatanodeEventWatcher (RetriableDatanodeEventWatcher.java:onTimeout(47)) - RetriableDatanodeCommand type=deleteBlocksCommand with id=1571447826072 timed out. Retrying.
2019-10-19 01:17:12,079 [pool-7-thread-3] INFO  commands.RetriableDatanodeEventWatcher (RetriableDatanodeEventWatcher.java:onTimeout(47)) - RetriableDatanodeCommand type=deleteBlocksCommand with id=1571447826073 timed out. Retrying.
2019-10-19 01:17:12,079 [SCMBlockDeletingService#0] INFO  block.SCMBlockDeletingService (SCMBlockDeletingService.java:call(184)) - Totally added 1 delete blocks command for 1 datanodes, task elapsed time: 1ms
2019-10-19 01:17:12,079 [pool-7-thread-4] INFO  commands.RetriableDatanodeEventWatcher (RetriableDatanodeEventWatcher.java:onTimeout(47)) - RetriableDatanodeCommand type=deleteBlocksCommand with id=1571447826070 timed out. Retrying.
2019-10-19 01:17:12,080 [pool-7-thread-5] INFO  commands.RetriableDatanodeEventWatcher (RetriableDatanodeEventWatcher.java:onTimeout(47)) - RetriableDatanodeCommand type=deleteBlocksCommand with id=1571447826071 timed out. Retrying.
2019-10-19 01:17:12,083 [8386ee0a-1f3c-47fa-9779-9125ddcf4112@group-33D7D707C079-LeaderElection34] INFO  impl.LeaderElection (LeaderElection.java:logAndReturn(56)) - 8386ee0a-1f3c-47fa-9779-9125ddcf4112@group-33D7D707C079-LeaderElection34: Election REJECTED; received 2 response(s) [8386ee0a-1f3c-47fa-9779-9125ddcf4112<-3f01402b-307c-4a54-abe6-b677433715ef#0:FAIL-t28, 8386ee0a-1f3c-47fa-9779-9125ddcf4112<-e5f35640-2c6c-4b86-a5ff-33a1451b27ce#0:FAIL-t28] and 0 exception(s); 8386ee0a-1f3c-47fa-9779-9125ddcf4112@group-33D7D707C079:t28, leader=null, voted=8386ee0a-1f3c-47fa-9779-9125ddcf4112, raftlog=8386ee0a-1f3c-47fa-9779-9125ddcf4112@group-33D7D707C079-SegmentedRaftLog:OPENED:c3,f4,i4, conf=0: [3f01402b-307c-4a54-abe6-b677433715ef:192.168.69.71:42588, 8386ee0a-1f3c-47fa-9779-9125ddcf4112:192.168.69.71:40009, e5f35640-2c6c-4b86-a5ff-33a1451b27ce:192.168.69.71:43138], old=null
2019-10-19 01:17:12,083 [8386ee0a-1f3c-47fa-9779-9125ddcf4112@group-33D7D707C079-LeaderElection34] INFO  impl.RaftServerImpl (RaftServerImpl.java:setRole(184)) - 8386ee0a-1f3c-47fa-9779-9125ddcf4112@group-33D7D707C079: changes role from CANDIDATE to FOLLOWER at term 28 for DISCOVERED_A_NEW_TERM
2019-10-19 01:17:12,083 [8386ee0a-1f3c-47fa-9779-9125ddcf4112@group-33D7D707C079-LeaderElection34] INFO  impl.RoleInfo (RoleInfo.java:shutdownLeaderElection(134)) - 8386ee0a-1f3c-47fa-9779-9125ddcf4112: shutdown LeaderElection
2019-10-19 01:17:12,083 [8386ee0a-1f3c-47fa-9779-9125ddcf4112@group-33D7D707C079-LeaderElection34] INFO  impl.RoleInfo (RoleInfo.java:updateAndGet(143)) - 8386ee0a-1f3c-47fa-9779-9125ddcf4112: start FollowerState
2019-10-19 01:17:12,143 [Thread-741] INFO  impl.FollowerState (FollowerState.java:run(108)) - 8386ee0a-1f3c-47fa-9779-9125ddcf4112@group-33D7D707C079-FollowerState: change to CANDIDATE, lastRpcTime:59ms, electionTimeout:59ms
2019-10-19 01:17:12,144 [Thread-741] INFO  impl.RoleInfo (RoleInfo.java:shutdownFollowerState(121)) - 8386ee0a-1f3c-47fa-9779-9125ddcf4112: shutdown FollowerState
2019-10-19 01:17:12,144 [Thread-741] INFO  impl.RaftServerImpl (RaftServerImpl.java:setRole(184)) - 8386ee0a-1f3c-47fa-9779-9125ddcf4112@group-33D7D707C079: changes role from  FOLLOWER to CANDIDATE at term 28 for changeToCandidate
2019-10-19 01:17:12,144 [Thread-741] INFO  impl.RoleInfo (RoleInfo.java:updateAndGet(143)) - 8386ee0a-1f3c-47fa-9779-9125ddcf4112: start LeaderElection
2019-10-19 01:17:12,166 [8386ee0a-1f3c-47fa-9779-9125ddcf4112@group-33D7D707C079-LeaderElection35] INFO  impl.LeaderElection (LeaderElection.java:askForVotes(178)) - 8386ee0a-1f3c-47fa-9779-9125ddcf4112@group-33D7D707C079-LeaderElection35: begin an election at term 29 for 0: [3f01402b-307c-4a54-abe6-b677433715ef:192.168.69.71:42588, 8386ee0a-1f3c-47fa-9779-9125ddcf4112:192.168.69.71:40009, e5f35640-2c6c-4b86-a5ff-33a1451b27ce:192.168.69.71:43138], old=null
2019-10-19 01:17:12,172 [grpc-default-executor-2] INFO  impl.RaftServerImpl (RaftServerImpl.java:setRole(184)) - 3f01402b-307c-4a54-abe6-b677433715ef@group-33D7D707C079: changes role from  FOLLOWER to FOLLOWER at term 29 for recognizeCandidate:8386ee0a-1f3c-47fa-9779-9125ddcf4112
2019-10-19 01:17:12,172 [grpc-default-executor-1] INFO  impl.RaftServerImpl (RaftServerImpl.java:setRole(184)) - e5f35640-2c6c-4b86-a5ff-33a1451b27ce@group-33D7D707C079: changes role from  FOLLOWER to FOLLOWER at term 29 for recognizeCandidate:8386ee0a-1f3c-47fa-9779-9125ddcf4112
2019-10-19 01:17:12,172 [grpc-default-executor-2] INFO  impl.RoleInfo (RoleInfo.java:shutdownFollowerState(121)) - 3f01402b-307c-4a54-abe6-b677433715ef: shutdown FollowerState
2019-10-19 01:17:12,172 [grpc-default-executor-1] INFO  impl.RoleInfo (RoleInfo.java:shutdownFollowerState(121)) - e5f35640-2c6c-4b86-a5ff-33a1451b27ce: shutdown FollowerState
2019-10-19 01:17:12,172 [grpc-default-executor-2] INFO  impl.RoleInfo (RoleInfo.java:updateAndGet(143)) - 3f01402b-307c-4a54-abe6-b677433715ef: start FollowerState
2019-10-19 01:17:12,172 [Thread-740] INFO  impl.FollowerState (FollowerState.java:run(117)) - 3f01402b-307c-4a54-abe6-b677433715ef@group-33D7D707C079-FollowerState was interrupted: java.lang.InterruptedException: sleep interrupted
2019-10-19 01:17:12,172 [grpc-default-executor-1] INFO  impl.RoleInfo (RoleInfo.java:updateAndGet(143)) - e5f35640-2c6c-4b86-a5ff-33a1451b27ce: start FollowerState
2019-10-19 01:17:12,172 [Thread-739] INFO  impl.FollowerState (FollowerState.java:run(117)) - e5f35640-2c6c-4b86-a5ff-33a1451b27ce@group-33D7D707C079-FollowerState was interrupted: java.lang.InterruptedException: sleep interrupted
2019-10-19 01:17:12,188 [8386ee0a-1f3c-47fa-9779-9125ddcf4112@group-33D7D707C079-LeaderElection35] INFO  impl.LeaderElection (LeaderElection.java:logAndReturn(56)) - 8386ee0a-1f3c-47fa-9779-9125ddcf4112@group-33D7D707C079-LeaderElection35: Election REJECTED; received 2 response(s) [8386ee0a-1f3c-47fa-9779-9125ddcf4112<-3f01402b-307c-4a54-abe6-b677433715ef#0:FAIL-t29, 8386ee0a-1f3c-47fa-9779-9125ddcf4112<-e5f35640-2c6c-4b86-a5ff-33a1451b27ce#0:FAIL-t29] and 0 exception(s); 8386ee0a-1f3c-47fa-9779-9125ddcf4112@group-33D7D707C079:t29, leader=null, voted=8386ee0a-1f3c-47fa-9779-9125ddcf4112, raftlog=8386ee0a-1f3c-47fa-9779-9125ddcf4112@group-33D7D707C079-SegmentedRaftLog:OPENED:c3,f4,i4, conf=0: [3f01402b-307c-4a54-abe6-b677433715ef:192.168.69.71:42588, 8386ee0a-1f3c-47fa-9779-9125ddcf4112:192.168.69.71:40009, e5f35640-2c6c-4b86-a5ff-33a1451b27ce:192.168.69.71:43138], old=null
2019-10-19 01:17:12,188 [8386ee0a-1f3c-47fa-9779-9125ddcf4112@group-33D7D707C079-LeaderElection35] INFO  impl.RaftServerImpl (RaftServerImpl.java:setRole(184)) - 8386ee0a-1f3c-47fa-9779-9125ddcf4112@group-33D7D707C079: changes role from CANDIDATE to FOLLOWER at term 29 for DISCOVERED_A_NEW_TERM
2019-10-19 01:17:12,188 [8386ee0a-1f3c-47fa-9779-9125ddcf4112@group-33D7D707C079-LeaderElection35] INFO  impl.RoleInfo (RoleInfo.java:shutdownLeaderElection(134)) - 8386ee0a-1f3c-47fa-9779-9125ddcf4112: shutdown LeaderElection
2019-10-19 01:17:12,188 [8386ee0a-1f3c-47fa-9779-9125ddcf4112@group-33D7D707C079-LeaderElection35] INFO  impl.RoleInfo (RoleInfo.java:updateAndGet(143)) - 8386ee0a-1f3c-47fa-9779-9125ddcf4112: start FollowerState
2019-10-19 01:17:12,296 [Thread-747] INFO  impl.FollowerState (FollowerState.java:run(108)) - 8386ee0a-1f3c-47fa-9779-9125ddcf4112@group-33D7D707C079-FollowerState: change to CANDIDATE, lastRpcTime:108ms, electionTimeout:108ms
2019-10-19 01:17:12,298 [Thread-747] INFO  impl.RoleInfo (RoleInfo.java:shutdownFollowerState(121)) - 8386ee0a-1f3c-47fa-9779-9125ddcf4112: shutdown FollowerState
2019-10-19 01:17:12,298 [Thread-747] INFO  impl.RaftServerImpl (RaftServerImpl.java:setRole(184)) - 8386ee0a-1f3c-47fa-9779-9125ddcf4112@group-33D7D707C079: changes role from  FOLLOWER to CANDIDATE at term 29 for changeToCandidate
2019-10-19 01:17:12,298 [Thread-747] INFO  impl.RoleInfo (RoleInfo.java:updateAndGet(143)) - 8386ee0a-1f3c-47fa-9779-9125ddcf4112: start LeaderElection
2019-10-19 01:17:12,324 [8386ee0a-1f3c-47fa-9779-9125ddcf4112@group-33D7D707C079-LeaderElection36] INFO  impl.LeaderElection (LeaderElection.java:askForVotes(178)) - 8386ee0a-1f3c-47fa-9779-9125ddcf4112@group-33D7D707C079-LeaderElection36: begin an election at term 30 for 0: [3f01402b-307c-4a54-abe6-b677433715ef:192.168.69.71:42588, 8386ee0a-1f3c-47fa-9779-9125ddcf4112:192.168.69.71:40009, e5f35640-2c6c-4b86-a5ff-33a1451b27ce:192.168.69.71:43138], old=null
2019-10-19 01:17:12,327 [grpc-default-executor-2] INFO  impl.RaftServerImpl (RaftServerImpl.java:setRole(184)) - 3f01402b-307c-4a54-abe6-b677433715ef@group-33D7D707C079: changes role from  FOLLOWER to FOLLOWER at term 30 for recognizeCandidate:8386ee0a-1f3c-47fa-9779-9125ddcf4112
2019-10-19 01:17:12,327 [grpc-default-executor-1] INFO  impl.RaftServerImpl (RaftServerImpl.java:setRole(184)) - e5f35640-2c6c-4b86-a5ff-33a1451b27ce@group-33D7D707C079: changes role from  FOLLOWER to FOLLOWER at term 30 for recognizeCandidate:8386ee0a-1f3c-47fa-9779-9125ddcf4112
2019-10-19 01:17:12,328 [grpc-default-executor-1] INFO  impl.RoleInfo (RoleInfo.java:shutdownFollowerState(121)) - e5f35640-2c6c-4b86-a5ff-33a1451b27ce: shutdown FollowerState
2019-10-19 01:17:12,327 [grpc-default-executor-2] INFO  impl.RoleInfo (RoleInfo.java:shutdownFollowerState(121)) - 3f01402b-307c-4a54-abe6-b677433715ef: shutdown FollowerState
2019-10-19 01:17:12,328 [grpc-default-executor-1] INFO  impl.RoleInfo (RoleInfo.java:updateAndGet(143)) - e5f35640-2c6c-4b86-a5ff-33a1451b27ce: start FollowerState
2019-10-19 01:17:12,328 [Thread-746] INFO  impl.FollowerState (FollowerState.java:run(117)) - e5f35640-2c6c-4b86-a5ff-33a1451b27ce@group-33D7D707C079-FollowerState was interrupted: java.lang.InterruptedException: sleep interrupted
2019-10-19 01:17:12,328 [grpc-default-executor-2] INFO  impl.RoleInfo (RoleInfo.java:updateAndGet(143)) - 3f01402b-307c-4a54-abe6-b677433715ef: start FollowerState
2019-10-19 01:17:12,328 [Thread-745] INFO  impl.FollowerState (FollowerState.java:run(117)) - 3f01402b-307c-4a54-abe6-b677433715ef@group-33D7D707C079-FollowerState was interrupted: java.lang.InterruptedException: sleep interrupted
2019-10-19 01:17:12,343 [8386ee0a-1f3c-47fa-9779-9125ddcf4112@group-33D7D707C079-LeaderElection36] INFO  impl.LeaderElection (LeaderElection.java:logAndReturn(56)) - 8386ee0a-1f3c-47fa-9779-9125ddcf4112@group-33D7D707C079-LeaderElection36: Election REJECTED; received 2 response(s) [8386ee0a-1f3c-47fa-9779-9125ddcf4112<-3f01402b-307c-4a54-abe6-b677433715ef#0:FAIL-t30, 8386ee0a-1f3c-47fa-9779-9125ddcf4112<-e5f35640-2c6c-4b86-a5ff-33a1451b27ce#0:FAIL-t30] and 0 exception(s); 8386ee0a-1f3c-47fa-9779-9125ddcf4112@group-33D7D707C079:t30, leader=null, voted=8386ee0a-1f3c-47fa-9779-9125ddcf4112, raftlog=8386ee0a-1f3c-47fa-9779-9125ddcf4112@group-33D7D707C079-SegmentedRaftLog:OPENED:c3,f4,i4, conf=0: [3f01402b-307c-4a54-abe6-b677433715ef:192.168.69.71:42588, 8386ee0a-1f3c-47fa-9779-9125ddcf4112:192.168.69.71:40009, e5f35640-2c6c-4b86-a5ff-33a1451b27ce:192.168.69.71:43138], old=null
2019-10-19 01:17:12,343 [8386ee0a-1f3c-47fa-9779-9125ddcf4112@group-33D7D707C079-LeaderElection36] INFO  impl.RaftServerImpl (RaftServerImpl.java:setRole(184)) - 8386ee0a-1f3c-47fa-9779-9125ddcf4112@group-33D7D707C079: changes role from CANDIDATE to FOLLOWER at term 30 for DISCOVERED_A_NEW_TERM
2019-10-19 01:17:12,343 [8386ee0a-1f3c-47fa-9779-9125ddcf4112@group-33D7D707C079-LeaderElection36] INFO  impl.RoleInfo (RoleInfo.java:shutdownLeaderElection(134)) - 8386ee0a-1f3c-47fa-9779-9125ddcf4112: shutdown LeaderElection
2019-10-19 01:17:12,343 [8386ee0a-1f3c-47fa-9779-9125ddcf4112@group-33D7D707C079-LeaderElection36] INFO  impl.RoleInfo (RoleInfo.java:updateAndGet(143)) - 8386ee0a-1f3c-47fa-9779-9125ddcf4112: start FollowerState
2019-10-19 01:17:12,485 [BlockDeletingService#2] WARN  background.BlockDeletingService (BlockDeletingService.java:isDeletionAllowed(187)) - Close Container log Index 6 is not replicated across allthe servers in the pipeline 260d8aca-b42b-4def-900d-33d7d707c079 as the min replicated index is 4. Deletion is not allowed in this container yet.
2019-10-19 01:17:12,486 [Thread-753] INFO  impl.FollowerState (FollowerState.java:run(108)) - 8386ee0a-1f3c-47fa-9779-9125ddcf4112@group-33D7D707C079-FollowerState: change to CANDIDATE, lastRpcTime:143ms, electionTimeout:142ms
2019-10-19 01:17:12,485 [BlockDeletingService#2] WARN  background.BlockDeletingService (BlockDeletingService.java:isDeletionAllowed(187)) - Close Container log Index 6 is not replicated across allthe servers in the pipeline 260d8aca-b42b-4def-900d-33d7d707c079 as the min replicated index is 4. Deletion is not allowed in this container yet.
2019-10-19 01:17:12,487 [Thread-753] INFO  impl.RoleInfo (RoleInfo.java:shutdownFollowerState(121)) - 8386ee0a-1f3c-47fa-9779-9125ddcf4112: shutdown FollowerState
2019-10-19 01:17:12,487 [Thread-753] INFO  impl.RaftServerImpl (RaftServerImpl.java:setRole(184)) - 8386ee0a-1f3c-47fa-9779-9125ddcf4112@group-33D7D707C079: changes role from  FOLLOWER to CANDIDATE at term 30 for changeToCandidate
2019-10-19 01:17:12,487 [Thread-753] INFO  impl.RoleInfo (RoleInfo.java:updateAndGet(143)) - 8386ee0a-1f3c-47fa-9779-9125ddcf4112: start LeaderElection
2019-10-19 01:17:12,520 [8386ee0a-1f3c-47fa-9779-9125ddcf4112@group-33D7D707C079-LeaderElection37] INFO  impl.LeaderElection (LeaderElection.java:askForVotes(178)) - 8386ee0a-1f3c-47fa-9779-9125ddcf4112@group-33D7D707C079-LeaderElection37: begin an election at term 31 for 0: [3f01402b-307c-4a54-abe6-b677433715ef:192.168.69.71:42588, 8386ee0a-1f3c-47fa-9779-9125ddcf4112:192.168.69.71:40009, e5f35640-2c6c-4b86-a5ff-33a1451b27ce:192.168.69.71:43138], old=null
2019-10-19 01:17:12,522 [grpc-default-executor-2] INFO  impl.RaftServerImpl (RaftServerImpl.java:setRole(184)) - 3f01402b-307c-4a54-abe6-b677433715ef@group-33D7D707C079: changes role from  FOLLOWER to FOLLOWER at term 31 for recognizeCandidate:8386ee0a-1f3c-47fa-9779-9125ddcf4112
2019-10-19 01:17:12,522 [grpc-default-executor-1] INFO  impl.RaftServerImpl (RaftServerImpl.java:setRole(184)) - e5f35640-2c6c-4b86-a5ff-33a1451b27ce@group-33D7D707C079: changes role from  FOLLOWER to FOLLOWER at term 31 for recognizeCandidate:8386ee0a-1f3c-47fa-9779-9125ddcf4112
2019-10-19 01:17:12,522 [grpc-default-executor-2] INFO  impl.RoleInfo (RoleInfo.java:shutdownFollowerState(121)) - 3f01402b-307c-4a54-abe6-b677433715ef: shutdown FollowerState
2019-10-19 01:17:12,522 [grpc-default-executor-1] INFO  impl.RoleInfo (RoleInfo.java:shutdownFollowerState(121)) - e5f35640-2c6c-4b86-a5ff-33a1451b27ce: shutdown FollowerState
2019-10-19 01:17:12,523 [grpc-default-executor-2] INFO  impl.RoleInfo (RoleInfo.java:updateAndGet(143)) - 3f01402b-307c-4a54-abe6-b677433715ef: start FollowerState
2019-10-19 01:17:12,523 [Thread-751] INFO  impl.FollowerState (FollowerState.java:run(117)) - e5f35640-2c6c-4b86-a5ff-33a1451b27ce@group-33D7D707C079-FollowerState was interrupted: java.lang.InterruptedException: sleep interrupted
2019-10-19 01:17:12,523 [grpc-default-executor-1] INFO  impl.RoleInfo (RoleInfo.java:updateAndGet(143)) - e5f35640-2c6c-4b86-a5ff-33a1451b27ce: start FollowerState
2019-10-19 01:17:12,523 [Thread-752] INFO  impl.FollowerState (FollowerState.java:run(117)) - 3f01402b-307c-4a54-abe6-b677433715ef@group-33D7D707C079-FollowerState was interrupted: java.lang.InterruptedException: sleep interrupted
2019-10-19 01:17:12,537 [8386ee0a-1f3c-47fa-9779-9125ddcf4112@group-33D7D707C079-LeaderElection37] INFO  impl.LeaderElection (LeaderElection.java:logAndReturn(56)) - 8386ee0a-1f3c-47fa-9779-9125ddcf4112@group-33D7D707C079-LeaderElection37: Election REJECTED; received 2 response(s) [8386ee0a-1f3c-47fa-9779-9125ddcf4112<-3f01402b-307c-4a54-abe6-b677433715ef#0:FAIL-t31, 8386ee0a-1f3c-47fa-9779-9125ddcf4112<-e5f35640-2c6c-4b86-a5ff-33a1451b27ce#0:FAIL-t31] and 0 exception(s); 8386ee0a-1f3c-47fa-9779-9125ddcf4112@group-33D7D707C079:t31, leader=null, voted=8386ee0a-1f3c-47fa-9779-9125ddcf4112, raftlog=8386ee0a-1f3c-47fa-9779-9125ddcf4112@group-33D7D707C079-SegmentedRaftLog:OPENED:c3,f4,i4, conf=0: [3f01402b-307c-4a54-abe6-b677433715ef:192.168.69.71:42588, 8386ee0a-1f3c-47fa-9779-9125ddcf4112:192.168.69.71:40009, e5f35640-2c6c-4b86-a5ff-33a1451b27ce:192.168.69.71:43138], old=null
2019-10-19 01:17:12,538 [8386ee0a-1f3c-47fa-9779-9125ddcf4112@group-33D7D707C079-LeaderElection37] INFO  impl.RaftServerImpl (RaftServerImpl.java:setRole(184)) - 8386ee0a-1f3c-47fa-9779-9125ddcf4112@group-33D7D707C079: changes role from CANDIDATE to FOLLOWER at term 31 for DISCOVERED_A_NEW_TERM
2019-10-19 01:17:12,538 [8386ee0a-1f3c-47fa-9779-9125ddcf4112@group-33D7D707C079-LeaderElection37] INFO  impl.RoleInfo (RoleInfo.java:shutdownLeaderElection(134)) - 8386ee0a-1f3c-47fa-9779-9125ddcf4112: shutdown LeaderElection
2019-10-19 01:17:12,538 [8386ee0a-1f3c-47fa-9779-9125ddcf4112@group-33D7D707C079-LeaderElection37] INFO  impl.RoleInfo (RoleInfo.java:updateAndGet(143)) - 8386ee0a-1f3c-47fa-9779-9125ddcf4112: start FollowerState
2019-10-19 01:17:12,628 [Thread-761] INFO  impl.FollowerState (FollowerState.java:run(108)) - 8386ee0a-1f3c-47fa-9779-9125ddcf4112@group-33D7D707C079-FollowerState: change to CANDIDATE, lastRpcTime:90ms, electionTimeout:90ms
2019-10-19 01:17:12,629 [Thread-761] INFO  impl.RoleInfo (RoleInfo.java:shutdownFollowerState(121)) - 8386ee0a-1f3c-47fa-9779-9125ddcf4112: shutdown FollowerState
2019-10-19 01:17:12,630 [Thread-761] INFO  impl.RaftServerImpl (RaftServerImpl.java:setRole(184)) - 8386ee0a-1f3c-47fa-9779-9125ddcf4112@group-33D7D707C079: changes role from  FOLLOWER to CANDIDATE at term 31 for changeToCandidate
2019-10-19 01:17:12,630 [Thread-761] INFO  impl.RoleInfo (RoleInfo.java:updateAndGet(143)) - 8386ee0a-1f3c-47fa-9779-9125ddcf4112: start LeaderElection
2019-10-19 01:17:12,638 [8386ee0a-1f3c-47fa-9779-9125ddcf4112@group-33D7D707C079-LeaderElection38] INFO  impl.LeaderElection (LeaderElection.java:askForVotes(178)) - 8386ee0a-1f3c-47fa-9779-9125ddcf4112@group-33D7D707C079-LeaderElection38: begin an election at term 32 for 0: [3f01402b-307c-4a54-abe6-b677433715ef:192.168.69.71:42588, 8386ee0a-1f3c-47fa-9779-9125ddcf4112:192.168.69.71:40009, e5f35640-2c6c-4b86-a5ff-33a1451b27ce:192.168.69.71:43138], old=null
2019-10-19 01:17:12,640 [grpc-default-executor-1] INFO  impl.RaftServerImpl (RaftServerImpl.java:setRole(184)) - e5f35640-2c6c-4b86-a5ff-33a1451b27ce@group-33D7D707C079: changes role from  FOLLOWER to FOLLOWER at term 32 for recognizeCandidate:8386ee0a-1f3c-47fa-9779-9125ddcf4112
2019-10-19 01:17:12,640 [grpc-default-executor-2] INFO  impl.RaftServerImpl (RaftServerImpl.java:setRole(184)) - 3f01402b-307c-4a54-abe6-b677433715ef@group-33D7D707C079: changes role from  FOLLOWER to FOLLOWER at term 32 for recognizeCandidate:8386ee0a-1f3c-47fa-9779-9125ddcf4112
2019-10-19 01:17:12,640 [grpc-default-executor-1] INFO  impl.RoleInfo (RoleInfo.java:shutdownFollowerState(121)) - e5f35640-2c6c-4b86-a5ff-33a1451b27ce: shutdown FollowerState
2019-10-19 01:17:12,640 [grpc-default-executor-2] INFO  impl.RoleInfo (RoleInfo.java:shutdownFollowerState(121)) - 3f01402b-307c-4a54-abe6-b677433715ef: shutdown FollowerState
2019-10-19 01:17:12,640 [grpc-default-executor-1] INFO  impl.RoleInfo (RoleInfo.java:updateAndGet(143)) - e5f35640-2c6c-4b86-a5ff-33a1451b27ce: start FollowerState
2019-10-19 01:17:12,641 [Thread-759] INFO  impl.FollowerState (FollowerState.java:run(117)) - 3f01402b-307c-4a54-abe6-b677433715ef@group-33D7D707C079-FollowerState was interrupted: java.lang.InterruptedException: sleep interrupted
2019-10-19 01:17:12,641 [Thread-760] INFO  impl.FollowerState (FollowerState.java:run(117)) - e5f35640-2c6c-4b86-a5ff-33a1451b27ce@group-33D7D707C079-FollowerState was interrupted: java.lang.InterruptedException: sleep interrupted
2019-10-19 01:17:12,641 [grpc-default-executor-2] INFO  impl.RoleInfo (RoleInfo.java:updateAndGet(143)) - 3f01402b-307c-4a54-abe6-b677433715ef: start FollowerState
2019-10-19 01:17:12,647 [8386ee0a-1f3c-47fa-9779-9125ddcf4112@group-33D7D707C079-LeaderElection38] INFO  impl.LeaderElection (LeaderElection.java:logAndReturn(56)) - 8386ee0a-1f3c-47fa-9779-9125ddcf4112@group-33D7D707C079-LeaderElection38: Election REJECTED; received 2 response(s) [8386ee0a-1f3c-47fa-9779-9125ddcf4112<-3f01402b-307c-4a54-abe6-b677433715ef#0:FAIL-t32, 8386ee0a-1f3c-47fa-9779-9125ddcf4112<-e5f35640-2c6c-4b86-a5ff-33a1451b27ce#0:FAIL-t32] and 0 exception(s); 8386ee0a-1f3c-47fa-9779-9125ddcf4112@group-33D7D707C079:t32, leader=null, voted=8386ee0a-1f3c-47fa-9779-9125ddcf4112, raftlog=8386ee0a-1f3c-47fa-9779-9125ddcf4112@group-33D7D707C079-SegmentedRaftLog:OPENED:c3,f4,i4, conf=0: [3f01402b-307c-4a54-abe6-b677433715ef:192.168.69.71:42588, 8386ee0a-1f3c-47fa-9779-9125ddcf4112:192.168.69.71:40009, e5f35640-2c6c-4b86-a5ff-33a1451b27ce:192.168.69.71:43138], old=null
2019-10-19 01:17:12,647 [8386ee0a-1f3c-47fa-9779-9125ddcf4112@group-33D7D707C079-LeaderElection38] INFO  impl.RaftServerImpl (RaftServerImpl.java:setRole(184)) - 8386ee0a-1f3c-47fa-9779-9125ddcf4112@group-33D7D707C079: changes role from CANDIDATE to FOLLOWER at term 32 for DISCOVERED_A_NEW_TERM
2019-10-19 01:17:12,647 [8386ee0a-1f3c-47fa-9779-9125ddcf4112@group-33D7D707C079-LeaderElection38] INFO  impl.RoleInfo (RoleInfo.java:shutdownLeaderElection(134)) - 8386ee0a-1f3c-47fa-9779-9125ddcf4112: shutdown LeaderElection
2019-10-19 01:17:12,647 [8386ee0a-1f3c-47fa-9779-9125ddcf4112@group-33D7D707C079-LeaderElection38] INFO  impl.RoleInfo (RoleInfo.java:updateAndGet(143)) - 8386ee0a-1f3c-47fa-9779-9125ddcf4112: start FollowerState
2019-10-19 01:17:12,701 [Thread-767] INFO  impl.FollowerState (FollowerState.java:run(108)) - 8386ee0a-1f3c-47fa-9779-9125ddcf4112@group-33D7D707C079-FollowerState: change to CANDIDATE, lastRpcTime:53ms, electionTimeout:53ms
2019-10-19 01:17:12,702 [Thread-767] INFO  impl.RoleInfo (RoleInfo.java:shutdownFollowerState(121)) - 8386ee0a-1f3c-47fa-9779-9125ddcf4112: shutdown FollowerState
2019-10-19 01:17:12,702 [Thread-767] INFO  impl.RaftServerImpl (RaftServerImpl.java:setRole(184)) - 8386ee0a-1f3c-47fa-9779-9125ddcf4112@group-33D7D707C079: changes role from  FOLLOWER to CANDIDATE at term 32 for changeToCandidate
2019-10-19 01:17:12,702 [Thread-767] INFO  impl.RoleInfo (RoleInfo.java:updateAndGet(143)) - 8386ee0a-1f3c-47fa-9779-9125ddcf4112: start LeaderElection
2019-10-19 01:17:12,707 [8386ee0a-1f3c-47fa-9779-9125ddcf4112@group-33D7D707C079-LeaderElection39] INFO  impl.LeaderElection (LeaderElection.java:askForVotes(178)) - 8386ee0a-1f3c-47fa-9779-9125ddcf4112@group-33D7D707C079-LeaderElection39: begin an election at term 33 for 0: [3f01402b-307c-4a54-abe6-b677433715ef:192.168.69.71:42588, 8386ee0a-1f3c-47fa-9779-9125ddcf4112:192.168.69.71:40009, e5f35640-2c6c-4b86-a5ff-33a1451b27ce:192.168.69.71:43138], old=null
2019-10-19 01:17:12,709 [grpc-default-executor-2] INFO  impl.RaftServerImpl (RaftServerImpl.java:setRole(184)) - 3f01402b-307c-4a54-abe6-b677433715ef@group-33D7D707C079: changes role from  FOLLOWER to FOLLOWER at term 33 for recognizeCandidate:8386ee0a-1f3c-47fa-9779-9125ddcf4112
2019-10-19 01:17:12,710 [grpc-default-executor-1] INFO  impl.RaftServerImpl (RaftServerImpl.java:setRole(184)) - e5f35640-2c6c-4b86-a5ff-33a1451b27ce@group-33D7D707C079: changes role from  FOLLOWER to FOLLOWER at term 33 for recognizeCandidate:8386ee0a-1f3c-47fa-9779-9125ddcf4112
2019-10-19 01:17:12,710 [grpc-default-executor-2] INFO  impl.RoleInfo (RoleInfo.java:shutdownFollowerState(121)) - 3f01402b-307c-4a54-abe6-b677433715ef: shutdown FollowerState
2019-10-19 01:17:12,710 [grpc-default-executor-1] INFO  impl.RoleInfo (RoleInfo.java:shutdownFollowerState(121)) - e5f35640-2c6c-4b86-a5ff-33a1451b27ce: shutdown FollowerState
2019-10-19 01:17:12,710 [grpc-default-executor-2] INFO  impl.RoleInfo (RoleInfo.java:updateAndGet(143)) - 3f01402b-307c-4a54-abe6-b677433715ef: start FollowerState
2019-10-19 01:17:12,710 [Thread-765] INFO  impl.FollowerState (FollowerState.java:run(117)) - e5f35640-2c6c-4b86-a5ff-33a1451b27ce@group-33D7D707C079-FollowerState was interrupted: java.lang.InterruptedException: sleep interrupted
2019-10-19 01:17:12,710 [grpc-default-executor-1] INFO  impl.RoleInfo (RoleInfo.java:updateAndGet(143)) - e5f35640-2c6c-4b86-a5ff-33a1451b27ce: start FollowerState
2019-10-19 01:17:12,710 [Thread-766] INFO  impl.FollowerState (FollowerState.java:run(117)) - 3f01402b-307c-4a54-abe6-b677433715ef@group-33D7D707C079-FollowerState was interrupted: java.lang.InterruptedException: sleep interrupted
2019-10-19 01:17:12,718 [8386ee0a-1f3c-47fa-9779-9125ddcf4112@group-33D7D707C079-LeaderElection39] INFO  impl.LeaderElection (LeaderElection.java:logAndReturn(56)) - 8386ee0a-1f3c-47fa-9779-9125ddcf4112@group-33D7D707C079-LeaderElection39: Election REJECTED; received 2 response(s) [8386ee0a-1f3c-47fa-9779-9125ddcf4112<-3f01402b-307c-4a54-abe6-b677433715ef#0:FAIL-t33, 8386ee0a-1f3c-47fa-9779-9125ddcf4112<-e5f35640-2c6c-4b86-a5ff-33a1451b27ce#0:FAIL-t33] and 0 exception(s); 8386ee0a-1f3c-47fa-9779-9125ddcf4112@group-33D7D707C079:t33, leader=null, voted=8386ee0a-1f3c-47fa-9779-9125ddcf4112, raftlog=8386ee0a-1f3c-47fa-9779-9125ddcf4112@group-33D7D707C079-SegmentedRaftLog:OPENED:c3,f4,i4, conf=0: [3f01402b-307c-4a54-abe6-b677433715ef:192.168.69.71:42588, 8386ee0a-1f3c-47fa-9779-9125ddcf4112:192.168.69.71:40009, e5f35640-2c6c-4b86-a5ff-33a1451b27ce:192.168.69.71:43138], old=null
2019-10-19 01:17:12,718 [8386ee0a-1f3c-47fa-9779-9125ddcf4112@group-33D7D707C079-LeaderElection39] INFO  impl.RaftServerImpl (RaftServerImpl.java:setRole(184)) - 8386ee0a-1f3c-47fa-9779-9125ddcf4112@group-33D7D707C079: changes role from CANDIDATE to FOLLOWER at term 33 for DISCOVERED_A_NEW_TERM
2019-10-19 01:17:12,718 [8386ee0a-1f3c-47fa-9779-9125ddcf4112@group-33D7D707C079-LeaderElection39] INFO  impl.RoleInfo (RoleInfo.java:shutdownLeaderElection(134)) - 8386ee0a-1f3c-47fa-9779-9125ddcf4112: shutdown LeaderElection
2019-10-19 01:17:12,719 [8386ee0a-1f3c-47fa-9779-9125ddcf4112@group-33D7D707C079-LeaderElection39] INFO  impl.RoleInfo (RoleInfo.java:updateAndGet(143)) - 8386ee0a-1f3c-47fa-9779-9125ddcf4112: start FollowerState
2019-10-19 01:17:12,752 [Thread-773] INFO  impl.FollowerState (FollowerState.java:run(108)) - 8386ee0a-1f3c-47fa-9779-9125ddcf4112@group-33D7D707C079-FollowerState: change to CANDIDATE, lastRpcTime:33ms, electionTimeout:33ms
2019-10-19 01:17:12,753 [Thread-773] INFO  impl.RoleInfo (RoleInfo.java:shutdownFollowerState(121)) - 8386ee0a-1f3c-47fa-9779-9125ddcf4112: shutdown FollowerState
2019-10-19 01:17:12,753 [Thread-773] INFO  impl.RaftServerImpl (RaftServerImpl.java:setRole(184)) - 8386ee0a-1f3c-47fa-9779-9125ddcf4112@group-33D7D707C079: changes role from  FOLLOWER to CANDIDATE at term 33 for changeToCandidate
2019-10-19 01:17:12,753 [Thread-773] INFO  impl.RoleInfo (RoleInfo.java:updateAndGet(143)) - 8386ee0a-1f3c-47fa-9779-9125ddcf4112: start LeaderElection
2019-10-19 01:17:12,767 [8386ee0a-1f3c-47fa-9779-9125ddcf4112@group-33D7D707C079-LeaderElection40] INFO  impl.LeaderElection (LeaderElection.java:askForVotes(178)) - 8386ee0a-1f3c-47fa-9779-9125ddcf4112@group-33D7D707C079-LeaderElection40: begin an election at term 34 for 0: [3f01402b-307c-4a54-abe6-b677433715ef:192.168.69.71:42588, 8386ee0a-1f3c-47fa-9779-9125ddcf4112:192.168.69.71:40009, e5f35640-2c6c-4b86-a5ff-33a1451b27ce:192.168.69.71:43138], old=null
2019-10-19 01:17:12,769 [grpc-default-executor-2] INFO  impl.RaftServerImpl (RaftServerImpl.java:setRole(184)) - e5f35640-2c6c-4b86-a5ff-33a1451b27ce@group-33D7D707C079: changes role from  FOLLOWER to FOLLOWER at term 34 for recognizeCandidate:8386ee0a-1f3c-47fa-9779-9125ddcf4112
2019-10-19 01:17:12,769 [grpc-default-executor-1] INFO  impl.RaftServerImpl (RaftServerImpl.java:setRole(184)) - 3f01402b-307c-4a54-abe6-b677433715ef@group-33D7D707C079: changes role from  FOLLOWER to FOLLOWER at term 34 for recognizeCandidate:8386ee0a-1f3c-47fa-9779-9125ddcf4112
2019-10-19 01:17:12,769 [grpc-default-executor-2] INFO  impl.RoleInfo (RoleInfo.java:shutdownFollowerState(121)) - e5f35640-2c6c-4b86-a5ff-33a1451b27ce: shutdown FollowerState
2019-10-19 01:17:12,769 [grpc-default-executor-1] INFO  impl.RoleInfo (RoleInfo.java:shutdownFollowerState(121)) - 3f01402b-307c-4a54-abe6-b677433715ef: shutdown FollowerState
2019-10-19 01:17:12,769 [Thread-772] INFO  impl.FollowerState (FollowerState.java:run(117)) - e5f35640-2c6c-4b86-a5ff-33a1451b27ce@group-33D7D707C079-FollowerState was interrupted: java.lang.InterruptedException: sleep interrupted
2019-10-19 01:17:12,769 [grpc-default-executor-1] INFO  impl.RoleInfo (RoleInfo.java:updateAndGet(143)) - 3f01402b-307c-4a54-abe6-b677433715ef: start FollowerState
2019-10-19 01:17:12,769 [grpc-default-executor-2] INFO  impl.RoleInfo (RoleInfo.java:updateAndGet(143)) - e5f35640-2c6c-4b86-a5ff-33a1451b27ce: start FollowerState
2019-10-19 01:17:12,770 [Thread-771] INFO  impl.FollowerState (FollowerState.java:run(117)) - 3f01402b-307c-4a54-abe6-b677433715ef@group-33D7D707C079-FollowerState was interrupted: java.lang.InterruptedException: sleep interrupted
2019-10-19 01:17:12,773 [8386ee0a-1f3c-47fa-9779-9125ddcf4112@group-33D7D707C079-LeaderElection40] INFO  impl.LeaderElection (LeaderElection.java:logAndReturn(56)) - 8386ee0a-1f3c-47fa-9779-9125ddcf4112@group-33D7D707C079-LeaderElection40: Election TIMEOUT; received 0 response(s) [] and 0 exception(s); 8386ee0a-1f3c-47fa-9779-9125ddcf4112@group-33D7D707C079:t34, leader=null, voted=8386ee0a-1f3c-47fa-9779-9125ddcf4112, raftlog=8386ee0a-1f3c-47fa-9779-9125ddcf4112@group-33D7D707C079-SegmentedRaftLog:OPENED:c3,f4,i4, conf=0: [3f01402b-307c-4a54-abe6-b677433715ef:192.168.69.71:42588, 8386ee0a-1f3c-47fa-9779-9125ddcf4112:192.168.69.71:40009, e5f35640-2c6c-4b86-a5ff-33a1451b27ce:192.168.69.71:43138], old=null
2019-10-19 01:17:12,784 [8386ee0a-1f3c-47fa-9779-9125ddcf4112@group-33D7D707C079-LeaderElection40] INFO  impl.LeaderElection (LeaderElection.java:askForVotes(178)) - 8386ee0a-1f3c-47fa-9779-9125ddcf4112@group-33D7D707C079-LeaderElection40: begin an election at term 35 for 0: [3f01402b-307c-4a54-abe6-b677433715ef:192.168.69.71:42588, 8386ee0a-1f3c-47fa-9779-9125ddcf4112:192.168.69.71:40009, e5f35640-2c6c-4b86-a5ff-33a1451b27ce:192.168.69.71:43138], old=null
2019-10-19 01:17:12,786 [grpc-default-executor-1] INFO  impl.RaftServerImpl (RaftServerImpl.java:setRole(184)) - e5f35640-2c6c-4b86-a5ff-33a1451b27ce@group-33D7D707C079: changes role from  FOLLOWER to FOLLOWER at term 35 for recognizeCandidate:8386ee0a-1f3c-47fa-9779-9125ddcf4112
2019-10-19 01:17:12,792 [grpc-default-executor-1] INFO  impl.RoleInfo (RoleInfo.java:shutdownFollowerState(121)) - e5f35640-2c6c-4b86-a5ff-33a1451b27ce: shutdown FollowerState
2019-10-19 01:17:12,786 [grpc-default-executor-2] INFO  impl.RaftServerImpl (RaftServerImpl.java:setRole(184)) - 3f01402b-307c-4a54-abe6-b677433715ef@group-33D7D707C079: changes role from  FOLLOWER to FOLLOWER at term 35 for recognizeCandidate:8386ee0a-1f3c-47fa-9779-9125ddcf4112
2019-10-19 01:17:12,792 [grpc-default-executor-1] INFO  impl.RoleInfo (RoleInfo.java:updateAndGet(143)) - e5f35640-2c6c-4b86-a5ff-33a1451b27ce: start FollowerState
2019-10-19 01:17:12,792 [Thread-777] INFO  impl.FollowerState (FollowerState.java:run(117)) - e5f35640-2c6c-4b86-a5ff-33a1451b27ce@group-33D7D707C079-FollowerState was interrupted: java.lang.InterruptedException: sleep interrupted
2019-10-19 01:17:12,792 [grpc-default-executor-2] INFO  impl.RoleInfo (RoleInfo.java:shutdownFollowerState(121)) - 3f01402b-307c-4a54-abe6-b677433715ef: shutdown FollowerState
2019-10-19 01:17:12,792 [grpc-default-executor-2] INFO  impl.RoleInfo (RoleInfo.java:updateAndGet(143)) - 3f01402b-307c-4a54-abe6-b677433715ef: start FollowerState
2019-10-19 01:17:12,792 [Thread-778] INFO  impl.FollowerState (FollowerState.java:run(117)) - 3f01402b-307c-4a54-abe6-b677433715ef@group-33D7D707C079-FollowerState was interrupted: java.lang.InterruptedException: sleep interrupted
2019-10-19 01:17:12,815 [8386ee0a-1f3c-47fa-9779-9125ddcf4112@group-33D7D707C079-LeaderElection40] INFO  impl.LeaderElection (LeaderElection.java:logAndReturn(56)) - 8386ee0a-1f3c-47fa-9779-9125ddcf4112@group-33D7D707C079-LeaderElection40: Election TIMEOUT; received 0 response(s) [] and 0 exception(s); 8386ee0a-1f3c-47fa-9779-9125ddcf4112@group-33D7D707C079:t35, leader=null, voted=8386ee0a-1f3c-47fa-9779-9125ddcf4112, raftlog=8386ee0a-1f3c-47fa-9779-9125ddcf4112@group-33D7D707C079-SegmentedRaftLog:OPENED:c3,f4,i4, conf=0: [3f01402b-307c-4a54-abe6-b677433715ef:192.168.69.71:42588, 8386ee0a-1f3c-47fa-9779-9125ddcf4112:192.168.69.71:40009, e5f35640-2c6c-4b86-a5ff-33a1451b27ce:192.168.69.71:43138], old=null
2019-10-19 01:17:12,822 [8386ee0a-1f3c-47fa-9779-9125ddcf4112@group-33D7D707C079-LeaderElection40] INFO  impl.LeaderElection (LeaderElection.java:askForVotes(178)) - 8386ee0a-1f3c-47fa-9779-9125ddcf4112@group-33D7D707C079-LeaderElection40: begin an election at term 36 for 0: [3f01402b-307c-4a54-abe6-b677433715ef:192.168.69.71:42588, 8386ee0a-1f3c-47fa-9779-9125ddcf4112:192.168.69.71:40009, e5f35640-2c6c-4b86-a5ff-33a1451b27ce:192.168.69.71:43138], old=null
2019-10-19 01:17:12,824 [grpc-default-executor-1] INFO  impl.RaftServerImpl (RaftServerImpl.java:setRole(184)) - 3f01402b-307c-4a54-abe6-b677433715ef@group-33D7D707C079: changes role from  FOLLOWER to FOLLOWER at term 36 for recognizeCandidate:8386ee0a-1f3c-47fa-9779-9125ddcf4112
2019-10-19 01:17:12,824 [grpc-default-executor-1] INFO  impl.RoleInfo (RoleInfo.java:shutdownFollowerState(121)) - 3f01402b-307c-4a54-abe6-b677433715ef: shutdown FollowerState
2019-10-19 01:17:12,824 [grpc-default-executor-2] INFO  impl.RaftServerImpl (RaftServerImpl.java:setRole(184)) - e5f35640-2c6c-4b86-a5ff-33a1451b27ce@group-33D7D707C079: changes role from  FOLLOWER to FOLLOWER at term 36 for recognizeCandidate:8386ee0a-1f3c-47fa-9779-9125ddcf4112
2019-10-19 01:17:12,824 [grpc-default-executor-1] INFO  impl.RoleInfo (RoleInfo.java:updateAndGet(143)) - 3f01402b-307c-4a54-abe6-b677433715ef: start FollowerState
2019-10-19 01:17:12,824 [Thread-782] INFO  impl.FollowerState (FollowerState.java:run(117)) - 3f01402b-307c-4a54-abe6-b677433715ef@group-33D7D707C079-FollowerState was interrupted: java.lang.InterruptedException: sleep interrupted
2019-10-19 01:17:12,824 [grpc-default-executor-2] INFO  impl.RoleInfo (RoleInfo.java:shutdownFollowerState(121)) - e5f35640-2c6c-4b86-a5ff-33a1451b27ce: shutdown FollowerState
2019-10-19 01:17:12,824 [Thread-781] INFO  impl.FollowerState (FollowerState.java:run(117)) - e5f35640-2c6c-4b86-a5ff-33a1451b27ce@group-33D7D707C079-FollowerState was interrupted: java.lang.InterruptedException: sleep interrupted
2019-10-19 01:17:12,824 [grpc-default-executor-2] INFO  impl.RoleInfo (RoleInfo.java:updateAndGet(143)) - e5f35640-2c6c-4b86-a5ff-33a1451b27ce: start FollowerState
2019-10-19 01:17:12,841 [8386ee0a-1f3c-47fa-9779-9125ddcf4112@group-33D7D707C079-LeaderElection40] INFO  impl.LeaderElection (LeaderElection.java:logAndReturn(56)) - 8386ee0a-1f3c-47fa-9779-9125ddcf4112@group-33D7D707C079-LeaderElection40: Election REJECTED; received 2 response(s) [8386ee0a-1f3c-47fa-9779-9125ddcf4112<-3f01402b-307c-4a54-abe6-b677433715ef#0:FAIL-t36, 8386ee0a-1f3c-47fa-9779-9125ddcf4112<-e5f35640-2c6c-4b86-a5ff-33a1451b27ce#0:FAIL-t36] and 0 exception(s); 8386ee0a-1f3c-47fa-9779-9125ddcf4112@group-33D7D707C079:t36, leader=null, voted=8386ee0a-1f3c-47fa-9779-9125ddcf4112, raftlog=8386ee0a-1f3c-47fa-9779-9125ddcf4112@group-33D7D707C079-SegmentedRaftLog:OPENED:c3,f4,i4, conf=0: [3f01402b-307c-4a54-abe6-b677433715ef:192.168.69.71:42588, 8386ee0a-1f3c-47fa-9779-9125ddcf4112:192.168.69.71:40009, e5f35640-2c6c-4b86-a5ff-33a1451b27ce:192.168.69.71:43138], old=null
2019-10-19 01:17:12,841 [8386ee0a-1f3c-47fa-9779-9125ddcf4112@group-33D7D707C079-LeaderElection40] INFO  impl.RaftServerImpl (RaftServerImpl.java:setRole(184)) - 8386ee0a-1f3c-47fa-9779-9125ddcf4112@group-33D7D707C079: changes role from CANDIDATE to FOLLOWER at term 36 for DISCOVERED_A_NEW_TERM
2019-10-19 01:17:12,841 [8386ee0a-1f3c-47fa-9779-9125ddcf4112@group-33D7D707C079-LeaderElection40] INFO  impl.RoleInfo (RoleInfo.java:shutdownLeaderElection(134)) - 8386ee0a-1f3c-47fa-9779-9125ddcf4112: shutdown LeaderElection
2019-10-19 01:17:12,841 [8386ee0a-1f3c-47fa-9779-9125ddcf4112@group-33D7D707C079-LeaderElection40] INFO  impl.RoleInfo (RoleInfo.java:updateAndGet(143)) - 8386ee0a-1f3c-47fa-9779-9125ddcf4112: start FollowerState
2019-10-19 01:17:12,887 [Thread-787] INFO  impl.FollowerState (FollowerState.java:run(108)) - 8386ee0a-1f3c-47fa-9779-9125ddcf4112@group-33D7D707C079-FollowerState: change to CANDIDATE, lastRpcTime:45ms, electionTimeout:45ms
2019-10-19 01:17:12,887 [Thread-787] INFO  impl.RoleInfo (RoleInfo.java:shutdownFollowerState(121)) - 8386ee0a-1f3c-47fa-9779-9125ddcf4112: shutdown FollowerState
2019-10-19 01:17:12,887 [Thread-787] INFO  impl.RaftServerImpl (RaftServerImpl.java:setRole(184)) - 8386ee0a-1f3c-47fa-9779-9125ddcf4112@group-33D7D707C079: changes role from  FOLLOWER to CANDIDATE at term 36 for changeToCandidate
2019-10-19 01:17:12,887 [Thread-787] INFO  impl.RoleInfo (RoleInfo.java:updateAndGet(143)) - 8386ee0a-1f3c-47fa-9779-9125ddcf4112: start LeaderElection
2019-10-19 01:17:12,901 [8386ee0a-1f3c-47fa-9779-9125ddcf4112@group-33D7D707C079-LeaderElection41] INFO  impl.LeaderElection (LeaderElection.java:askForVotes(178)) - 8386ee0a-1f3c-47fa-9779-9125ddcf4112@group-33D7D707C079-LeaderElection41: begin an election at term 37 for 0: [3f01402b-307c-4a54-abe6-b677433715ef:192.168.69.71:42588, 8386ee0a-1f3c-47fa-9779-9125ddcf4112:192.168.69.71:40009, e5f35640-2c6c-4b86-a5ff-33a1451b27ce:192.168.69.71:43138], old=null
2019-10-19 01:17:12,903 [grpc-default-executor-2] INFO  impl.RaftServerImpl (RaftServerImpl.java:setRole(184)) - 3f01402b-307c-4a54-abe6-b677433715ef@group-33D7D707C079: changes role from  FOLLOWER to FOLLOWER at term 37 for recognizeCandidate:8386ee0a-1f3c-47fa-9779-9125ddcf4112
2019-10-19 01:17:12,903 [grpc-default-executor-1] INFO  impl.RaftServerImpl (RaftServerImpl.java:setRole(184)) - e5f35640-2c6c-4b86-a5ff-33a1451b27ce@group-33D7D707C079: changes role from  FOLLOWER to FOLLOWER at term 37 for recognizeCandidate:8386ee0a-1f3c-47fa-9779-9125ddcf4112
2019-10-19 01:17:12,903 [grpc-default-executor-2] INFO  impl.RoleInfo (RoleInfo.java:shutdownFollowerState(121)) - 3f01402b-307c-4a54-abe6-b677433715ef: shutdown FollowerState
2019-10-19 01:17:12,903 [grpc-default-executor-1] INFO  impl.RoleInfo (RoleInfo.java:shutdownFollowerState(121)) - e5f35640-2c6c-4b86-a5ff-33a1451b27ce: shutdown FollowerState
2019-10-19 01:17:12,904 [grpc-default-executor-2] INFO  impl.RoleInfo (RoleInfo.java:updateAndGet(143)) - 3f01402b-307c-4a54-abe6-b677433715ef: start FollowerState
2019-10-19 01:17:12,904 [Thread-785] INFO  impl.FollowerState (FollowerState.java:run(117)) - 3f01402b-307c-4a54-abe6-b677433715ef@group-33D7D707C079-FollowerState was interrupted: java.lang.InterruptedException: sleep interrupted
2019-10-19 01:17:12,904 [Thread-786] INFO  impl.FollowerState (FollowerState.java:run(117)) - e5f35640-2c6c-4b86-a5ff-33a1451b27ce@group-33D7D707C079-FollowerState was interrupted: java.lang.InterruptedException: sleep interrupted
2019-10-19 01:17:12,904 [grpc-default-executor-1] INFO  impl.RoleInfo (RoleInfo.java:updateAndGet(143)) - e5f35640-2c6c-4b86-a5ff-33a1451b27ce: start FollowerState
2019-10-19 01:17:12,917 [EventQueue-PendingDeleteStatusForPendingDeleteHandler] INFO  block.SCMBlockDeletingService (SCMBlockDeletingService.java:handlePendingDeletes(115)) - Block deletion txnID mismatch in datanode 8386ee0a-1f3c-47fa-9779-9125ddcf4112 for containerID 1. Datanode delete txnID: 0, SCM txnID: 1
2019-10-19 01:17:12,918 [8386ee0a-1f3c-47fa-9779-9125ddcf4112@group-33D7D707C079-LeaderElection41] INFO  impl.LeaderElection (LeaderElection.java:logAndReturn(56)) - 8386ee0a-1f3c-47fa-9779-9125ddcf4112@group-33D7D707C079-LeaderElection41: Election REJECTED; received 2 response(s) [8386ee0a-1f3c-47fa-9779-9125ddcf4112<-3f01402b-307c-4a54-abe6-b677433715ef#0:FAIL-t37, 8386ee0a-1f3c-47fa-9779-9125ddcf4112<-e5f35640-2c6c-4b86-a5ff-33a1451b27ce#0:FAIL-t37] and 0 exception(s); 8386ee0a-1f3c-47fa-9779-9125ddcf4112@group-33D7D707C079:t37, leader=null, voted=8386ee0a-1f3c-47fa-9779-9125ddcf4112, raftlog=8386ee0a-1f3c-47fa-9779-9125ddcf4112@group-33D7D707C079-SegmentedRaftLog:OPENED:c3,f4,i4, conf=0: [3f01402b-307c-4a54-abe6-b677433715ef:192.168.69.71:42588, 8386ee0a-1f3c-47fa-9779-9125ddcf4112:192.168.69.71:40009, e5f35640-2c6c-4b86-a5ff-33a1451b27ce:192.168.69.71:43138], old=null
2019-10-19 01:17:12,918 [8386ee0a-1f3c-47fa-9779-9125ddcf4112@group-33D7D707C079-LeaderElection41] INFO  impl.RaftServerImpl (RaftServerImpl.java:setRole(184)) - 8386ee0a-1f3c-47fa-9779-9125ddcf4112@group-33D7D707C079: changes role from CANDIDATE to FOLLOWER at term 37 for DISCOVERED_A_NEW_TERM
2019-10-19 01:17:12,918 [8386ee0a-1f3c-47fa-9779-9125ddcf4112@group-33D7D707C079-LeaderElection41] INFO  impl.RoleInfo (RoleInfo.java:shutdownLeaderElection(134)) - 8386ee0a-1f3c-47fa-9779-9125ddcf4112: shutdown LeaderElection
2019-10-19 01:17:12,918 [8386ee0a-1f3c-47fa-9779-9125ddcf4112@group-33D7D707C079-LeaderElection41] INFO  impl.RoleInfo (RoleInfo.java:updateAndGet(143)) - 8386ee0a-1f3c-47fa-9779-9125ddcf4112: start FollowerState
2019-10-19 01:17:12,973 [grpc-default-executor-2] INFO  impl.RaftServerProxy (RaftServerProxy.java:addNew(89)) - 8386ee0a-1f3c-47fa-9779-9125ddcf4112: addNew group-FB820B11E4FE:[8386ee0a-1f3c-47fa-9779-9125ddcf4112:192.168.69.71:40009] returns group-FB820B11E4FE:java.util.concurrent.CompletableFuture@7cd7060c[Not completed]
2019-10-19 01:17:12,975 [pool-59-thread-1] INFO  impl.RaftServerImpl (RaftServerImpl.java:<init>(104)) - 8386ee0a-1f3c-47fa-9779-9125ddcf4112: new RaftServerImpl for group-FB820B11E4FE:[8386ee0a-1f3c-47fa-9779-9125ddcf4112:192.168.69.71:40009] with ContainerStateMachine:uninitialized
2019-10-19 01:17:12,975 [pool-59-thread-1] INFO  server.RaftServerConfigKeys (ConfUtils.java:logGet(43)) - raft.server.rpc.timeout.min = 5s (custom)
2019-10-19 01:17:12,975 [pool-59-thread-1] INFO  server.RaftServerConfigKeys (ConfUtils.java:logGet(43)) - raft.server.rpc.timeout.max = 5200ms (custom)
2019-10-19 01:17:12,975 [pool-59-thread-1] INFO  server.RaftServerConfigKeys (ConfUtils.java:logGet(43)) - raft.server.rpcslowness.timeout = 1000s (custom)
2019-10-19 01:17:12,975 [pool-59-thread-1] INFO  server.RaftServerConfigKeys (ConfUtils.java:logGet(43)) - raft.server.sleep.deviation.threshold = 300 (default)
2019-10-19 01:17:12,975 [pool-59-thread-1] INFO  server.RaftServerConfigKeys (ConfUtils.java:logGet(43)) - raft.server.log.appender.install.snapshot.enabled = false (custom)
2019-10-19 01:17:12,975 [pool-59-thread-1] INFO  impl.RaftServerImpl (ServerState.java:<init>(103)) - 8386ee0a-1f3c-47fa-9779-9125ddcf4112@group-FB820B11E4FE: ConfigurationManager, init=-1: [8386ee0a-1f3c-47fa-9779-9125ddcf4112:192.168.69.71:40009], old=null, confs=<EMPTY_MAP>
2019-10-19 01:17:12,975 [pool-59-thread-1] INFO  server.RaftServerConfigKeys (ConfUtils.java:logGet(43)) - raft.server.storage.dir = [/workdir/hadoop-ozone/integration-test/target/test-dir/MiniOzoneClusterImpl-5bd4f6c3-3117-4f19-852e-156a850a32f8/datanode-2/data/ratis] (custom)
2019-10-19 01:17:12,976 [pool-59-thread-1] INFO  server.RaftServerConfigKeys (ConfUtils.java:logGet(43)) - raft.server.log.corruption.policy = EXCEPTION (default)
2019-10-19 01:17:12,976 [pool-59-thread-1] INFO  storage.RaftStorageDirectory (RaftStorageDirectory.java:analyzeStorage(246)) - The storage directory /workdir/hadoop-ozone/integration-test/target/test-dir/MiniOzoneClusterImpl-5bd4f6c3-3117-4f19-852e-156a850a32f8/datanode-2/data/ratis/ec9815b4-4e87-442d-b8c7-fb820b11e4fe does not exist. Creating ...
2019-10-19 01:17:12,987 [pool-59-thread-1] INFO  storage.RaftStorageDirectory (RaftStorageDirectory.java:tryLock(328)) - Lock on /workdir/hadoop-ozone/integration-test/target/test-dir/MiniOzoneClusterImpl-5bd4f6c3-3117-4f19-852e-156a850a32f8/datanode-2/data/ratis/ec9815b4-4e87-442d-b8c7-fb820b11e4fe/in_use.lock acquired by nodename 25670@pr-hdds-2333-vzxj6-995506542
2019-10-19 01:17:12,998 [pool-59-thread-1] INFO  storage.RaftStorage (RaftStorage.java:format(84)) - Storage directory /workdir/hadoop-ozone/integration-test/target/test-dir/MiniOzoneClusterImpl-5bd4f6c3-3117-4f19-852e-156a850a32f8/datanode-2/data/ratis/ec9815b4-4e87-442d-b8c7-fb820b11e4fe has been successfully formatted.
2019-10-19 01:17:12,998 [pool-59-thread-1] INFO  ratis.ContainerStateMachine (ContainerStateMachine.java:loadSnapshot(231)) - group-FB820B11E4FE: The snapshot info is null. Setting the last applied indexto:(t:0, i:~)
2019-10-19 01:17:12,998 [pool-59-thread-1] INFO  server.RaftServerConfigKeys (ConfUtils.java:logGet(43)) - raft.server.notification.no-leader.timeout = 1000s (custom)
2019-10-19 01:17:12,998 [pool-59-thread-1] INFO  server.RaftServerConfigKeys (ConfUtils.java:logGet(43)) - raft.server.log.use.memory = false (default)
2019-10-19 01:17:12,999 [pool-59-thread-1] INFO  server.RaftServerConfigKeys (ConfUtils.java:logGet(43)) - raft.server.log.purge.gap = 1000000 (custom)
2019-10-19 01:17:12,999 [pool-59-thread-1] INFO  server.RaftServerConfigKeys (ConfUtils.java:logGet(43)) - raft.server.log.appender.buffer.byte-limit = 33554432 (custom)
2019-10-19 01:17:12,999 [pool-59-thread-1] INFO  server.RaftServerConfigKeys (ConfUtils.java:logGet(43)) - raft.server.log.segment.size.max = 1048576 (custom)
2019-10-19 01:17:12,999 [pool-59-thread-1] INFO  server.RaftServerConfigKeys (ConfUtils.java:logGet(43)) - raft.server.log.segment.cache.num.max = 2 (custom)
2019-10-19 01:17:12,999 [pool-59-thread-1] INFO  segmented.SegmentedRaftLogWorker (SegmentedRaftLogWorker.java:<init>(173)) - new 8386ee0a-1f3c-47fa-9779-9125ddcf4112@group-FB820B11E4FE-SegmentedRaftLogWorker for RaftStorage:Storage Directory /workdir/hadoop-ozone/integration-test/target/test-dir/MiniOzoneClusterImpl-5bd4f6c3-3117-4f19-852e-156a850a32f8/datanode-2/data/ratis/ec9815b4-4e87-442d-b8c7-fb820b11e4fe
2019-10-19 01:17:12,999 [pool-59-thread-1] INFO  server.RaftServerConfigKeys (ConfUtils.java:logGet(43)) - raft.server.log.queue.byte-limit = 2147483647 (custom)
2019-10-19 01:17:12,999 [pool-59-thread-1] INFO  server.RaftServerConfigKeys (ConfUtils.java:logGet(43)) - raft.server.log.queue.element-limit = 1024 (custom)
2019-10-19 01:17:12,999 [pool-59-thread-1] INFO  server.RaftServerConfigKeys (ConfUtils.java:logGet(43)) - raft.server.log.segment.size.max = 1048576 (custom)
2019-10-19 01:17:12,999 [pool-59-thread-1] INFO  server.RaftServerConfigKeys (ConfUtils.java:logGet(43)) - raft.server.log.preallocated.size = 16384 (custom)
2019-10-19 01:17:12,999 [pool-59-thread-1] INFO  server.RaftServerConfigKeys (ConfUtils.java:logGet(43)) - raft.server.log.write.buffer.size = 33554432 (custom)
2019-10-19 01:17:13,000 [pool-59-thread-1] INFO  server.RaftServerConfigKeys (ConfUtils.java:logGet(43)) - raft.server.log.force.sync.num = 128 (default)
2019-10-19 01:17:13,000 [pool-59-thread-1] INFO  server.RaftServerConfigKeys (ConfUtils.java:logGet(43)) - raft.server.log.statemachine.data.sync = true (default)
2019-10-19 01:17:13,000 [pool-59-thread-1] INFO  server.RaftServerConfigKeys (ConfUtils.java:logGet(43)) - raft.server.log.statemachine.data.sync.timeout = 10s (default)
2019-10-19 01:17:13,000 [pool-59-thread-1] INFO  server.RaftServerConfigKeys (ConfUtils.java:logGet(43)) - raft.server.log.statemachine.data.sync.timeout.retry = -1 (default)
2019-10-19 01:17:13,000 [pool-59-thread-1] INFO  server.RaftServerConfigKeys (ConfUtils.java:logGet(43)) - raft.server.log.statemachine.data.caching.enabled = true (custom)
2019-10-19 01:17:13,000 [pool-59-thread-1] INFO  segmented.SegmentedRaftLogWorker (SegmentedRaftLogWorker.java:lambda$new$0(128)) - 8386ee0a-1f3c-47fa-9779-9125ddcf4112@group-FB820B11E4FE-SegmentedRaftLogWorker: flushIndex: setUnconditionally 0 -> -1
2019-10-19 01:17:13,001 [pool-59-thread-1] INFO  server.RaftServerConfigKeys (ConfUtils.java:logGet(43)) - raft.server.snapshot.auto.trigger.enabled = true (custom)
2019-10-19 01:17:13,001 [pool-59-thread-1] INFO  server.RaftServerConfigKeys (ConfUtils.java:logGet(43)) - raft.server.snapshot.auto.trigger.threshold = 10000 (custom)
2019-10-19 01:17:13,001 [pool-59-thread-1] INFO  server.RaftServerConfigKeys (ConfUtils.java:logGet(43)) - raft.server.snapshot.retention.file.num = 5 (custom)
2019-10-19 01:17:13,001 [pool-59-thread-1] INFO  server.RaftServerConfigKeys (ConfUtils.java:logGet(43)) - raft.server.retrycache.expirytime = 600000ms (custom)
2019-10-19 01:17:13,003 [pool-59-thread-1] INFO  impl.RaftServerImpl (RaftServerImpl.java:start(195)) - 8386ee0a-1f3c-47fa-9779-9125ddcf4112@group-FB820B11E4FE: start as a follower, conf=-1: [8386ee0a-1f3c-47fa-9779-9125ddcf4112:192.168.69.71:40009], old=null
2019-10-19 01:17:13,003 [pool-59-thread-1] INFO  impl.RaftServerImpl (RaftServerImpl.java:setRole(184)) - 8386ee0a-1f3c-47fa-9779-9125ddcf4112@group-FB820B11E4FE: changes role from      null to FOLLOWER at term 0 for startAsFollower
2019-10-19 01:17:13,003 [pool-59-thread-1] INFO  impl.RoleInfo (RoleInfo.java:updateAndGet(143)) - 8386ee0a-1f3c-47fa-9779-9125ddcf4112: start FollowerState
2019-10-19 01:17:13,004 [pool-59-thread-1] INFO  util.JmxRegister (JmxRegister.java:tryRegister(44)) - Successfully registered JMX Bean with object name Ratis:service=RaftServer,group=group-FB820B11E4FE,id=8386ee0a-1f3c-47fa-9779-9125ddcf4112
2019-10-19 01:17:13,009 [RatisPipelineUtilsThread] INFO  pipeline.PipelineStateManager (PipelineStateManager.java:addPipeline(56)) - Created pipeline Pipeline[ Id: ec9815b4-4e87-442d-b8c7-fb820b11e4fe, Nodes: 8386ee0a-1f3c-47fa-9779-9125ddcf4112{ip: 192.168.69.71, host: pr-hdds-2333-vzxj6-995506542, networkLocation: /default-rack, certSerialId: null}, Type:RATIS, Factor:ONE, State:OPEN]
2019-10-19 01:17:13,026 [grpc-default-executor-7] INFO  impl.RaftServerProxy (RaftServerProxy.java:addNew(89)) - 3f01402b-307c-4a54-abe6-b677433715ef: addNew group-7F060D119589:[3f01402b-307c-4a54-abe6-b677433715ef:192.168.69.71:42588, 8386ee0a-1f3c-47fa-9779-9125ddcf4112:192.168.69.71:40009, e5f35640-2c6c-4b86-a5ff-33a1451b27ce:192.168.69.71:43138] returns group-7F060D119589:java.util.concurrent.CompletableFuture@5efe3502[Not completed]
2019-10-19 01:17:13,026 [grpc-default-executor-1] INFO  impl.RaftServerProxy (RaftServerProxy.java:addNew(89)) - 8386ee0a-1f3c-47fa-9779-9125ddcf4112: addNew group-7F060D119589:[3f01402b-307c-4a54-abe6-b677433715ef:192.168.69.71:42588, 8386ee0a-1f3c-47fa-9779-9125ddcf4112:192.168.69.71:40009, e5f35640-2c6c-4b86-a5ff-33a1451b27ce:192.168.69.71:43138] returns group-7F060D119589:java.util.concurrent.CompletableFuture@680f612b[Not completed]
2019-10-19 01:17:13,026 [grpc-default-executor-7] INFO  impl.RaftServerProxy (RaftServerProxy.java:addNew(89)) - e5f35640-2c6c-4b86-a5ff-33a1451b27ce: addNew group-7F060D119589:[3f01402b-307c-4a54-abe6-b677433715ef:192.168.69.71:42588, 8386ee0a-1f3c-47fa-9779-9125ddcf4112:192.168.69.71:40009, e5f35640-2c6c-4b86-a5ff-33a1451b27ce:192.168.69.71:43138] returns group-7F060D119589:java.util.concurrent.CompletableFuture@1bfca0b9[Not completed]
2019-10-19 01:17:13,027 [pool-27-thread-1] INFO  impl.RaftServerImpl (RaftServerImpl.java:<init>(104)) - 3f01402b-307c-4a54-abe6-b677433715ef: new RaftServerImpl for group-7F060D119589:[3f01402b-307c-4a54-abe6-b677433715ef:192.168.69.71:42588, 8386ee0a-1f3c-47fa-9779-9125ddcf4112:192.168.69.71:40009, e5f35640-2c6c-4b86-a5ff-33a1451b27ce:192.168.69.71:43138] with ContainerStateMachine:uninitialized
2019-10-19 01:17:13,027 [pool-27-thread-1] INFO  server.RaftServerConfigKeys (ConfUtils.java:logGet(43)) - raft.server.rpc.timeout.min = 5s (custom)
2019-10-19 01:17:13,027 [pool-27-thread-1] INFO  server.RaftServerConfigKeys (ConfUtils.java:logGet(43)) - raft.server.rpc.timeout.max = 5200ms (custom)
2019-10-19 01:17:13,027 [pool-27-thread-1] INFO  server.RaftServerConfigKeys (ConfUtils.java:logGet(43)) - raft.server.rpcslowness.timeout = 1000s (custom)
2019-10-19 01:17:13,027 [pool-27-thread-1] INFO  server.RaftServerConfigKeys (ConfUtils.java:logGet(43)) - raft.server.sleep.deviation.threshold = 300 (default)
2019-10-19 01:17:13,027 [pool-27-thread-1] INFO  server.RaftServerConfigKeys (ConfUtils.java:logGet(43)) - raft.server.log.appender.install.snapshot.enabled = false (custom)
2019-10-19 01:17:13,028 [pool-27-thread-1] INFO  impl.RaftServerImpl (ServerState.java:<init>(103)) - 3f01402b-307c-4a54-abe6-b677433715ef@group-7F060D119589: ConfigurationManager, init=-1: [3f01402b-307c-4a54-abe6-b677433715ef:192.168.69.71:42588, 8386ee0a-1f3c-47fa-9779-9125ddcf4112:192.168.69.71:40009, e5f35640-2c6c-4b86-a5ff-33a1451b27ce:192.168.69.71:43138], old=null, confs=<EMPTY_MAP>
2019-10-19 01:17:13,028 [pool-27-thread-1] INFO  server.RaftServerConfigKeys (ConfUtils.java:logGet(43)) - raft.server.storage.dir = [/workdir/hadoop-ozone/integration-test/target/test-dir/MiniOzoneClusterImpl-5bd4f6c3-3117-4f19-852e-156a850a32f8/datanode-0/data/ratis] (custom)
2019-10-19 01:17:13,028 [pool-37-thread-1] INFO  impl.RaftServerImpl (RaftServerImpl.java:<init>(104)) - e5f35640-2c6c-4b86-a5ff-33a1451b27ce: new RaftServerImpl for group-7F060D119589:[3f01402b-307c-4a54-abe6-b677433715ef:192.168.69.71:42588, 8386ee0a-1f3c-47fa-9779-9125ddcf4112:192.168.69.71:40009, e5f35640-2c6c-4b86-a5ff-33a1451b27ce:192.168.69.71:43138] with ContainerStateMachine:uninitialized
2019-10-19 01:17:13,028 [pool-27-thread-1] INFO  server.RaftServerConfigKeys (ConfUtils.java:logGet(43)) - raft.server.log.corruption.policy = EXCEPTION (default)
2019-10-19 01:17:13,028 [pool-37-thread-1] INFO  server.RaftServerConfigKeys (ConfUtils.java:logGet(43)) - raft.server.rpc.timeout.min = 5s (custom)
2019-10-19 01:17:13,028 [pool-27-thread-1] INFO  storage.RaftStorageDirectory (RaftStorageDirectory.java:analyzeStorage(246)) - The storage directory /workdir/hadoop-ozone/integration-test/target/test-dir/MiniOzoneClusterImpl-5bd4f6c3-3117-4f19-852e-156a850a32f8/datanode-0/data/ratis/3f08ba66-6fff-4da5-8f27-7f060d119589 does not exist. Creating ...
2019-10-19 01:17:13,028 [pool-37-thread-1] INFO  server.RaftServerConfigKeys (ConfUtils.java:logGet(43)) - raft.server.rpc.timeout.max = 5200ms (custom)
2019-10-19 01:17:13,028 [pool-37-thread-1] INFO  server.RaftServerConfigKeys (ConfUtils.java:logGet(43)) - raft.server.rpcslowness.timeout = 1000s (custom)
2019-10-19 01:17:13,028 [pool-59-thread-1] INFO  impl.RaftServerImpl (RaftServerImpl.java:<init>(104)) - 8386ee0a-1f3c-47fa-9779-9125ddcf4112: new RaftServerImpl for group-7F060D119589:[3f01402b-307c-4a54-abe6-b677433715ef:192.168.69.71:42588, 8386ee0a-1f3c-47fa-9779-9125ddcf4112:192.168.69.71:40009, e5f35640-2c6c-4b86-a5ff-33a1451b27ce:192.168.69.71:43138] with ContainerStateMachine:uninitialized
2019-10-19 01:17:13,029 [pool-37-thread-1] INFO  server.RaftServerConfigKeys (ConfUtils.java:logGet(43)) - raft.server.sleep.deviation.threshold = 300 (default)
2019-10-19 01:17:13,029 [pool-59-thread-1] INFO  server.RaftServerConfigKeys (ConfUtils.java:logGet(43)) - raft.server.rpc.timeout.min = 5s (custom)
2019-10-19 01:17:13,029 [pool-37-thread-1] INFO  server.RaftServerConfigKeys (ConfUtils.java:logGet(43)) - raft.server.log.appender.install.snapshot.enabled = false (custom)
2019-10-19 01:17:13,029 [pool-59-thread-1] INFO  server.RaftServerConfigKeys (ConfUtils.java:logGet(43)) - raft.server.rpc.timeout.max = 5200ms (custom)
2019-10-19 01:17:13,029 [pool-37-thread-1] INFO  impl.RaftServerImpl (ServerState.java:<init>(103)) - e5f35640-2c6c-4b86-a5ff-33a1451b27ce@group-7F060D119589: ConfigurationManager, init=-1: [3f01402b-307c-4a54-abe6-b677433715ef:192.168.69.71:42588, 8386ee0a-1f3c-47fa-9779-9125ddcf4112:192.168.69.71:40009, e5f35640-2c6c-4b86-a5ff-33a1451b27ce:192.168.69.71:43138], old=null, confs=<EMPTY_MAP>
2019-10-19 01:17:13,029 [pool-59-thread-1] INFO  server.RaftServerConfigKeys (ConfUtils.java:logGet(43)) - raft.server.rpcslowness.timeout = 1000s (custom)
2019-10-19 01:17:13,029 [pool-37-thread-1] INFO  server.RaftServerConfigKeys (ConfUtils.java:logGet(43)) - raft.server.storage.dir = [/workdir/hadoop-ozone/integration-test/target/test-dir/MiniOzoneClusterImpl-5bd4f6c3-3117-4f19-852e-156a850a32f8/datanode-1/data/ratis] (custom)
2019-10-19 01:17:13,029 [pool-59-thread-1] INFO  server.RaftServerConfigKeys (ConfUtils.java:logGet(43)) - raft.server.sleep.deviation.threshold = 300 (default)
2019-10-19 01:17:13,029 [pool-59-thread-1] INFO  server.RaftServerConfigKeys (ConfUtils.java:logGet(43)) - raft.server.log.appender.install.snapshot.enabled = false (custom)
2019-10-19 01:17:13,029 [pool-37-thread-1] INFO  server.RaftServerConfigKeys (ConfUtils.java:logGet(43)) - raft.server.log.corruption.policy = EXCEPTION (default)
2019-10-19 01:17:13,029 [pool-59-thread-1] INFO  impl.RaftServerImpl (ServerState.java:<init>(103)) - 8386ee0a-1f3c-47fa-9779-9125ddcf4112@group-7F060D119589: ConfigurationManager, init=-1: [3f01402b-307c-4a54-abe6-b677433715ef:192.168.69.71:42588, 8386ee0a-1f3c-47fa-9779-9125ddcf4112:192.168.69.71:40009, e5f35640-2c6c-4b86-a5ff-33a1451b27ce:192.168.69.71:43138], old=null, confs=<EMPTY_MAP>
2019-10-19 01:17:13,030 [pool-37-thread-1] INFO  storage.RaftStorageDirectory (RaftStorageDirectory.java:analyzeStorage(246)) - The storage directory /workdir/hadoop-ozone/integration-test/target/test-dir/MiniOzoneClusterImpl-5bd4f6c3-3117-4f19-852e-156a850a32f8/datanode-1/data/ratis/3f08ba66-6fff-4da5-8f27-7f060d119589 does not exist. Creating ...
2019-10-19 01:17:13,030 [pool-59-thread-1] INFO  server.RaftServerConfigKeys (ConfUtils.java:logGet(43)) - raft.server.storage.dir = [/workdir/hadoop-ozone/integration-test/target/test-dir/MiniOzoneClusterImpl-5bd4f6c3-3117-4f19-852e-156a850a32f8/datanode-2/data/ratis] (custom)
2019-10-19 01:17:13,030 [pool-59-thread-1] INFO  server.RaftServerConfigKeys (ConfUtils.java:logGet(43)) - raft.server.log.corruption.policy = EXCEPTION (default)
2019-10-19 01:17:13,030 [pool-59-thread-1] INFO  storage.RaftStorageDirectory (RaftStorageDirectory.java:analyzeStorage(246)) - The storage directory /workdir/hadoop-ozone/integration-test/target/test-dir/MiniOzoneClusterImpl-5bd4f6c3-3117-4f19-852e-156a850a32f8/datanode-2/data/ratis/3f08ba66-6fff-4da5-8f27-7f060d119589 does not exist. Creating ...
2019-10-19 01:17:13,037 [Thread-800] INFO  client.GrpcClientProtocolService (GrpcClientProtocolService.java:lambda$processClientRequest$0(278)) - Failed RaftClientRequest:client-0C21EF03FE8D->3f01402b-307c-4a54-abe6-b677433715ef@group-33D7D707C079, cid=10, seq=0, Watch-ALL_COMMITTED(6), Message:<EMPTY>, reply=RaftClientReply:client-0C21EF03FE8D->3f01402b-307c-4a54-abe6-b677433715ef@group-33D7D707C079, cid=10, FAILED org.apache.ratis.protocol.NotLeaderException: Server 3f01402b-307c-4a54-abe6-b677433715ef@group-33D7D707C079 is not the leader, logIndex=0, commits[3f01402b-307c-4a54-abe6-b677433715ef:c10, 8386ee0a-1f3c-47fa-9779-9125ddcf4112:c4, e5f35640-2c6c-4b86-a5ff-33a1451b27ce:c10]
2019-10-19 01:17:13,041 [pool-59-thread-1] INFO  storage.RaftStorageDirectory (RaftStorageDirectory.java:tryLock(328)) - Lock on /workdir/hadoop-ozone/integration-test/target/test-dir/MiniOzoneClusterImpl-5bd4f6c3-3117-4f19-852e-156a850a32f8/datanode-2/data/ratis/3f08ba66-6fff-4da5-8f27-7f060d119589/in_use.lock acquired by nodename 25670@pr-hdds-2333-vzxj6-995506542
2019-10-19 01:17:13,041 [pool-37-thread-1] INFO  storage.RaftStorageDirectory (RaftStorageDirectory.java:tryLock(328)) - Lock on /workdir/hadoop-ozone/integration-test/target/test-dir/MiniOzoneClusterImpl-5bd4f6c3-3117-4f19-852e-156a850a32f8/datanode-1/data/ratis/3f08ba66-6fff-4da5-8f27-7f060d119589/in_use.lock acquired by nodename 25670@pr-hdds-2333-vzxj6-995506542
2019-10-19 01:17:13,041 [pool-27-thread-1] INFO  storage.RaftStorageDirectory (RaftStorageDirectory.java:tryLock(328)) - Lock on /workdir/hadoop-ozone/integration-test/target/test-dir/MiniOzoneClusterImpl-5bd4f6c3-3117-4f19-852e-156a850a32f8/datanode-0/data/ratis/3f08ba66-6fff-4da5-8f27-7f060d119589/in_use.lock acquired by nodename 25670@pr-hdds-2333-vzxj6-995506542
2019-10-19 01:17:13,058 [pool-59-thread-1] INFO  storage.RaftStorage (RaftStorage.java:format(84)) - Storage directory /workdir/hadoop-ozone/integration-test/target/test-dir/MiniOzoneClusterImpl-5bd4f6c3-3117-4f19-852e-156a850a32f8/datanode-2/data/ratis/3f08ba66-6fff-4da5-8f27-7f060d119589 has been successfully formatted.
2019-10-19 01:17:13,058 [pool-37-thread-1] INFO  storage.RaftStorage (RaftStorage.java:format(84)) - Storage directory /workdir/hadoop-ozone/integration-test/target/test-dir/MiniOzoneClusterImpl-5bd4f6c3-3117-4f19-852e-156a850a32f8/datanode-1/data/ratis/3f08ba66-6fff-4da5-8f27-7f060d119589 has been successfully formatted.
2019-10-19 01:17:13,058 [pool-27-thread-1] INFO  storage.RaftStorage (RaftStorage.java:format(84)) - Storage directory /workdir/hadoop-ozone/integration-test/target/test-dir/MiniOzoneClusterImpl-5bd4f6c3-3117-4f19-852e-156a850a32f8/datanode-0/data/ratis/3f08ba66-6fff-4da5-8f27-7f060d119589 has been successfully formatted.
2019-10-19 01:17:13,059 [pool-59-thread-1] INFO  ratis.ContainerStateMachine (ContainerStateMachine.java:loadSnapshot(231)) - group-7F060D119589: The snapshot info is null. Setting the last applied indexto:(t:0, i:~)
2019-10-19 01:17:13,059 [pool-27-thread-1] INFO  ratis.ContainerStateMachine (ContainerStateMachine.java:loadSnapshot(231)) - group-7F060D119589: The snapshot info is null. Setting the last applied indexto:(t:0, i:~)
2019-10-19 01:17:13,059 [pool-37-thread-1] INFO  ratis.ContainerStateMachine (ContainerStateMachine.java:loadSnapshot(231)) - group-7F060D119589: The snapshot info is null. Setting the last applied indexto:(t:0, i:~)
2019-10-19 01:17:13,059 [pool-27-thread-1] INFO  server.RaftServerConfigKeys (ConfUtils.java:logGet(43)) - raft.server.notification.no-leader.timeout = 1000s (custom)
2019-10-19 01:17:13,059 [pool-59-thread-1] INFO  server.RaftServerConfigKeys (ConfUtils.java:logGet(43)) - raft.server.notification.no-leader.timeout = 1000s (custom)
2019-10-19 01:17:13,059 [pool-27-thread-1] INFO  server.RaftServerConfigKeys (ConfUtils.java:logGet(43)) - raft.server.log.use.memory = false (default)
2019-10-19 01:17:13,059 [pool-37-thread-1] INFO  server.RaftServerConfigKeys (ConfUtils.java:logGet(43)) - raft.server.notification.no-leader.timeout = 1000s (custom)
2019-10-19 01:17:13,059 [pool-27-thread-1] INFO  server.RaftServerConfigKeys (ConfUtils.java:logGet(43)) - raft.server.log.purge.gap = 1000000 (custom)
2019-10-19 01:17:13,059 [pool-59-thread-1] INFO  server.RaftServerConfigKeys (ConfUtils.java:logGet(43)) - raft.server.log.use.memory = false (default)
2019-10-19 01:17:13,060 [pool-27-thread-1] INFO  server.RaftServerConfigKeys (ConfUtils.java:logGet(43)) - raft.server.log.appender.buffer.byte-limit = 33554432 (custom)
2019-10-19 01:17:13,060 [pool-37-thread-1] INFO  server.RaftServerConfigKeys (ConfUtils.java:logGet(43)) - raft.server.log.use.memory = false (default)
2019-10-19 01:17:13,060 [pool-27-thread-1] INFO  server.RaftServerConfigKeys (ConfUtils.java:logGet(43)) - raft.server.log.segment.size.max = 1048576 (custom)
2019-10-19 01:17:13,060 [pool-37-thread-1] INFO  server.RaftServerConfigKeys (ConfUtils.java:logGet(43)) - raft.server.log.purge.gap = 1000000 (custom)
2019-10-19 01:17:13,060 [pool-59-thread-1] INFO  server.RaftServerConfigKeys (ConfUtils.java:logGet(43)) - raft.server.log.purge.gap = 1000000 (custom)
2019-10-19 01:17:13,060 [pool-37-thread-1] INFO  server.RaftServerConfigKeys (ConfUtils.java:logGet(43)) - raft.server.log.appender.buffer.byte-limit = 33554432 (custom)
2019-10-19 01:17:13,060 [pool-27-thread-1] INFO  server.RaftServerConfigKeys (ConfUtils.java:logGet(43)) - raft.server.log.segment.cache.num.max = 2 (custom)
2019-10-19 01:17:13,061 [pool-37-thread-1] INFO  server.RaftServerConfigKeys (ConfUtils.java:logGet(43)) - raft.server.log.segment.size.max = 1048576 (custom)
2019-10-19 01:17:13,060 [pool-59-thread-1] INFO  server.RaftServerConfigKeys (ConfUtils.java:logGet(43)) - raft.server.log.appender.buffer.byte-limit = 33554432 (custom)
2019-10-19 01:17:13,061 [pool-37-thread-1] INFO  server.RaftServerConfigKeys (ConfUtils.java:logGet(43)) - raft.server.log.segment.cache.num.max = 2 (custom)
2019-10-19 01:17:13,061 [pool-27-thread-1] INFO  segmented.SegmentedRaftLogWorker (SegmentedRaftLogWorker.java:<init>(173)) - new 3f01402b-307c-4a54-abe6-b677433715ef@group-7F060D119589-SegmentedRaftLogWorker for RaftStorage:Storage Directory /workdir/hadoop-ozone/integration-test/target/test-dir/MiniOzoneClusterImpl-5bd4f6c3-3117-4f19-852e-156a850a32f8/datanode-0/data/ratis/3f08ba66-6fff-4da5-8f27-7f060d119589
2019-10-19 01:17:13,061 [pool-37-thread-1] INFO  segmented.SegmentedRaftLogWorker (SegmentedRaftLogWorker.java:<init>(173)) - new e5f35640-2c6c-4b86-a5ff-33a1451b27ce@group-7F060D119589-SegmentedRaftLogWorker for RaftStorage:Storage Directory /workdir/hadoop-ozone/integration-test/target/test-dir/MiniOzoneClusterImpl-5bd4f6c3-3117-4f19-852e-156a850a32f8/datanode-1/data/ratis/3f08ba66-6fff-4da5-8f27-7f060d119589
2019-10-19 01:17:13,061 [pool-59-thread-1] INFO  server.RaftServerConfigKeys (ConfUtils.java:logGet(43)) - raft.server.log.segment.size.max = 1048576 (custom)
2019-10-19 01:17:13,061 [pool-37-thread-1] INFO  server.RaftServerConfigKeys (ConfUtils.java:logGet(43)) - raft.server.log.queue.byte-limit = 2147483647 (custom)
2019-10-19 01:17:13,061 [pool-27-thread-1] INFO  server.RaftServerConfigKeys (ConfUtils.java:logGet(43)) - raft.server.log.queue.byte-limit = 2147483647 (custom)
2019-10-19 01:17:13,062 [pool-37-thread-1] INFO  server.RaftServerConfigKeys (ConfUtils.java:logGet(43)) - raft.server.log.queue.element-limit = 1024 (custom)
2019-10-19 01:17:13,061 [pool-59-thread-1] INFO  server.RaftServerConfigKeys (ConfUtils.java:logGet(43)) - raft.server.log.segment.cache.num.max = 2 (custom)
2019-10-19 01:17:13,062 [pool-37-thread-1] INFO  server.RaftServerConfigKeys (ConfUtils.java:logGet(43)) - raft.server.log.segment.size.max = 1048576 (custom)
2019-10-19 01:17:13,062 [pool-27-thread-1] INFO  server.RaftServerConfigKeys (ConfUtils.java:logGet(43)) - raft.server.log.queue.element-limit = 1024 (custom)
2019-10-19 01:17:13,062 [pool-37-thread-1] INFO  server.RaftServerConfigKeys (ConfUtils.java:logGet(43)) - raft.server.log.preallocated.size = 16384 (custom)
2019-10-19 01:17:13,062 [pool-59-thread-1] INFO  segmented.SegmentedRaftLogWorker (SegmentedRaftLogWorker.java:<init>(173)) - new 8386ee0a-1f3c-47fa-9779-9125ddcf4112@group-7F060D119589-SegmentedRaftLogWorker for RaftStorage:Storage Directory /workdir/hadoop-ozone/integration-test/target/test-dir/MiniOzoneClusterImpl-5bd4f6c3-3117-4f19-852e-156a850a32f8/datanode-2/data/ratis/3f08ba66-6fff-4da5-8f27-7f060d119589
2019-10-19 01:17:13,062 [pool-37-thread-1] INFO  server.RaftServerConfigKeys (ConfUtils.java:logGet(43)) - raft.server.log.write.buffer.size = 33554432 (custom)
2019-10-19 01:17:13,062 [pool-27-thread-1] INFO  server.RaftServerConfigKeys (ConfUtils.java:logGet(43)) - raft.server.log.segment.size.max = 1048576 (custom)
2019-10-19 01:17:13,062 [pool-37-thread-1] INFO  server.RaftServerConfigKeys (ConfUtils.java:logGet(43)) - raft.server.log.force.sync.num = 128 (default)
2019-10-19 01:17:13,062 [pool-59-thread-1] INFO  server.RaftServerConfigKeys (ConfUtils.java:logGet(43)) - raft.server.log.queue.byte-limit = 2147483647 (custom)
2019-10-19 01:17:13,063 [pool-37-thread-1] INFO  server.RaftServerConfigKeys (ConfUtils.java:logGet(43)) - raft.server.log.statemachine.data.sync = true (default)
2019-10-19 01:17:13,063 [pool-27-thread-1] INFO  server.RaftServerConfigKeys (ConfUtils.java:logGet(43)) - raft.server.log.preallocated.size = 16384 (custom)
2019-10-19 01:17:13,063 [pool-37-thread-1] INFO  server.RaftServerConfigKeys (ConfUtils.java:logGet(43)) - raft.server.log.statemachine.data.sync.timeout = 10s (default)
2019-10-19 01:17:13,063 [pool-59-thread-1] INFO  server.RaftServerConfigKeys (ConfUtils.java:logGet(43)) - raft.server.log.queue.element-limit = 1024 (custom)
2019-10-19 01:17:13,063 [pool-37-thread-1] INFO  server.RaftServerConfigKeys (ConfUtils.java:logGet(43)) - raft.server.log.statemachine.data.sync.timeout.retry = -1 (default)
2019-10-19 01:17:13,063 [pool-27-thread-1] INFO  server.RaftServerConfigKeys (ConfUtils.java:logGet(43)) - raft.server.log.write.buffer.size = 33554432 (custom)
2019-10-19 01:17:13,063 [pool-59-thread-1] INFO  server.RaftServerConfigKeys (ConfUtils.java:logGet(43)) - raft.server.log.segment.size.max = 1048576 (custom)
2019-10-19 01:17:13,064 [pool-37-thread-1] INFO  server.RaftServerConfigKeys (ConfUtils.java:logGet(43)) - raft.server.log.statemachine.data.caching.enabled = true (custom)
2019-10-19 01:17:13,064 [pool-27-thread-1] INFO  server.RaftServerConfigKeys (ConfUtils.java:logGet(43)) - raft.server.log.force.sync.num = 128 (default)
2019-10-19 01:17:13,064 [pool-59-thread-1] INFO  server.RaftServerConfigKeys (ConfUtils.java:logGet(43)) - raft.server.log.preallocated.size = 16384 (custom)
2019-10-19 01:17:13,064 [pool-27-thread-1] INFO  server.RaftServerConfigKeys (ConfUtils.java:logGet(43)) - raft.server.log.statemachine.data.sync = true (default)
2019-10-19 01:17:13,064 [pool-59-thread-1] INFO  server.RaftServerConfigKeys (ConfUtils.java:logGet(43)) - raft.server.log.write.buffer.size = 33554432 (custom)
2019-10-19 01:17:13,064 [pool-37-thread-1] INFO  segmented.SegmentedRaftLogWorker (SegmentedRaftLogWorker.java:lambda$new$0(128)) - e5f35640-2c6c-4b86-a5ff-33a1451b27ce@group-7F060D119589-SegmentedRaftLogWorker: flushIndex: setUnconditionally 0 -> -1
2019-10-19 01:17:13,064 [pool-27-thread-1] INFO  server.RaftServerConfigKeys (ConfUtils.java:logGet(43)) - raft.server.log.statemachine.data.sync.timeout = 10s (default)
2019-10-19 01:17:13,064 [pool-59-thread-1] INFO  server.RaftServerConfigKeys (ConfUtils.java:logGet(43)) - raft.server.log.force.sync.num = 128 (default)
2019-10-19 01:17:13,064 [pool-27-thread-1] INFO  server.RaftServerConfigKeys (ConfUtils.java:logGet(43)) - raft.server.log.statemachine.data.sync.timeout.retry = -1 (default)
2019-10-19 01:17:13,064 [pool-59-thread-1] INFO  server.RaftServerConfigKeys (ConfUtils.java:logGet(43)) - raft.server.log.statemachine.data.sync = true (default)
2019-10-19 01:17:13,064 [pool-37-thread-1] INFO  server.RaftServerConfigKeys (ConfUtils.java:logGet(43)) - raft.server.snapshot.auto.trigger.enabled = true (custom)
2019-10-19 01:17:13,065 [pool-59-thread-1] INFO  server.RaftServerConfigKeys (ConfUtils.java:logGet(43)) - raft.server.log.statemachine.data.sync.timeout = 10s (default)
2019-10-19 01:17:13,065 [pool-27-thread-1] INFO  server.RaftServerConfigKeys (ConfUtils.java:logGet(43)) - raft.server.log.statemachine.data.caching.enabled = true (custom)
2019-10-19 01:17:13,065 [pool-59-thread-1] INFO  server.RaftServerConfigKeys (ConfUtils.java:logGet(43)) - raft.server.log.statemachine.data.sync.timeout.retry = -1 (default)
2019-10-19 01:17:13,065 [pool-37-thread-1] INFO  server.RaftServerConfigKeys (ConfUtils.java:logGet(43)) - raft.server.snapshot.auto.trigger.threshold = 10000 (custom)
2019-10-19 01:17:13,065 [pool-59-thread-1] INFO  server.RaftServerConfigKeys (ConfUtils.java:logGet(43)) - raft.server.log.statemachine.data.caching.enabled = true (custom)
2019-10-19 01:17:13,065 [pool-27-thread-1] INFO  segmented.SegmentedRaftLogWorker (SegmentedRaftLogWorker.java:lambda$new$0(128)) - 3f01402b-307c-4a54-abe6-b677433715ef@group-7F060D119589-SegmentedRaftLogWorker: flushIndex: setUnconditionally 0 -> -1
2019-10-19 01:17:13,065 [pool-37-thread-1] INFO  server.RaftServerConfigKeys (ConfUtils.java:logGet(43)) - raft.server.snapshot.retention.file.num = 5 (custom)
2019-10-19 01:17:13,065 [pool-59-thread-1] INFO  segmented.SegmentedRaftLogWorker (SegmentedRaftLogWorker.java:lambda$new$0(128)) - 8386ee0a-1f3c-47fa-9779-9125ddcf4112@group-7F060D119589-SegmentedRaftLogWorker: flushIndex: setUnconditionally 0 -> -1
2019-10-19 01:17:13,066 [pool-37-thread-1] INFO  server.RaftServerConfigKeys (ConfUtils.java:logGet(43)) - raft.server.retrycache.expirytime = 600000ms (custom)
2019-10-19 01:17:13,066 [pool-27-thread-1] INFO  server.RaftServerConfigKeys (ConfUtils.java:logGet(43)) - raft.server.snapshot.auto.trigger.enabled = true (custom)
2019-10-19 01:17:13,066 [pool-59-thread-1] INFO  server.RaftServerConfigKeys (ConfUtils.java:logGet(43)) - raft.server.snapshot.auto.trigger.enabled = true (custom)
2019-10-19 01:17:13,066 [pool-27-thread-1] INFO  server.RaftServerConfigKeys (ConfUtils.java:logGet(43)) - raft.server.snapshot.auto.trigger.threshold = 10000 (custom)
2019-10-19 01:17:13,066 [pool-59-thread-1] INFO  server.RaftServerConfigKeys (ConfUtils.java:logGet(43)) - raft.server.snapshot.auto.trigger.threshold = 10000 (custom)
2019-10-19 01:17:13,066 [pool-27-thread-1] INFO  server.RaftServerConfigKeys (ConfUtils.java:logGet(43)) - raft.server.snapshot.retention.file.num = 5 (custom)
2019-10-19 01:17:13,066 [pool-59-thread-1] INFO  server.RaftServerConfigKeys (ConfUtils.java:logGet(43)) - raft.server.snapshot.retention.file.num = 5 (custom)
2019-10-19 01:17:13,066 [pool-27-thread-1] INFO  server.RaftServerConfigKeys (ConfUtils.java:logGet(43)) - raft.server.retrycache.expirytime = 600000ms (custom)
2019-10-19 01:17:13,066 [pool-59-thread-1] INFO  server.RaftServerConfigKeys (ConfUtils.java:logGet(43)) - raft.server.retrycache.expirytime = 600000ms (custom)
2019-10-19 01:17:13,067 [Thread-793] INFO  impl.FollowerState (FollowerState.java:run(108)) - 8386ee0a-1f3c-47fa-9779-9125ddcf4112@group-33D7D707C079-FollowerState: change to CANDIDATE, lastRpcTime:149ms, electionTimeout:149ms
2019-10-19 01:17:13,068 [Thread-793] INFO  impl.RoleInfo (RoleInfo.java:shutdownFollowerState(121)) - 8386ee0a-1f3c-47fa-9779-9125ddcf4112: shutdown FollowerState
2019-10-19 01:17:13,068 [Thread-793] INFO  impl.RaftServerImpl (RaftServerImpl.java:setRole(184)) - 8386ee0a-1f3c-47fa-9779-9125ddcf4112@group-33D7D707C079: changes role from  FOLLOWER to CANDIDATE at term 37 for changeToCandidate
2019-10-19 01:17:13,068 [Thread-793] INFO  impl.RoleInfo (RoleInfo.java:updateAndGet(143)) - 8386ee0a-1f3c-47fa-9779-9125ddcf4112: start LeaderElection
2019-10-19 01:17:13,070 [pool-37-thread-1] INFO  impl.RaftServerImpl (RaftServerImpl.java:start(195)) - e5f35640-2c6c-4b86-a5ff-33a1451b27ce@group-7F060D119589: start as a follower, conf=-1: [3f01402b-307c-4a54-abe6-b677433715ef:192.168.69.71:42588, 8386ee0a-1f3c-47fa-9779-9125ddcf4112:192.168.69.71:40009, e5f35640-2c6c-4b86-a5ff-33a1451b27ce:192.168.69.71:43138], old=null
2019-10-19 01:17:13,071 [pool-37-thread-1] INFO  impl.RaftServerImpl (RaftServerImpl.java:setRole(184)) - e5f35640-2c6c-4b86-a5ff-33a1451b27ce@group-7F060D119589: changes role from      null to FOLLOWER at term 0 for startAsFollower
2019-10-19 01:17:13,071 [Thread-797] INFO  impl.FollowerState (FollowerState.java:run(108)) - 8386ee0a-1f3c-47fa-9779-9125ddcf4112@group-FB820B11E4FE-FollowerState: change to CANDIDATE, lastRpcTime:67ms, electionTimeout:67ms
2019-10-19 01:17:13,071 [pool-37-thread-1] INFO  impl.RoleInfo (RoleInfo.java:updateAndGet(143)) - e5f35640-2c6c-4b86-a5ff-33a1451b27ce: start FollowerState
2019-10-19 01:17:13,071 [Thread-797] INFO  impl.RoleInfo (RoleInfo.java:shutdownFollowerState(121)) - 8386ee0a-1f3c-47fa-9779-9125ddcf4112: shutdown FollowerState
2019-10-19 01:17:13,071 [Thread-797] INFO  impl.RaftServerImpl (RaftServerImpl.java:setRole(184)) - 8386ee0a-1f3c-47fa-9779-9125ddcf4112@group-FB820B11E4FE: changes role from  FOLLOWER to CANDIDATE at term 0 for changeToCandidate
2019-10-19 01:17:13,071 [pool-37-thread-1] INFO  util.JmxRegister (JmxRegister.java:tryRegister(44)) - Successfully registered JMX Bean with object name Ratis:service=RaftServer,group=group-7F060D119589,id=e5f35640-2c6c-4b86-a5ff-33a1451b27ce
2019-10-19 01:17:13,071 [pool-59-thread-1] INFO  impl.RaftServerImpl (RaftServerImpl.java:start(195)) - 8386ee0a-1f3c-47fa-9779-9125ddcf4112@group-7F060D119589: start as a follower, conf=-1: [3f01402b-307c-4a54-abe6-b677433715ef:192.168.69.71:42588, 8386ee0a-1f3c-47fa-9779-9125ddcf4112:192.168.69.71:40009, e5f35640-2c6c-4b86-a5ff-33a1451b27ce:192.168.69.71:43138], old=null
2019-10-19 01:17:13,071 [pool-27-thread-1] INFO  impl.RaftServerImpl (RaftServerImpl.java:start(195)) - 3f01402b-307c-4a54-abe6-b677433715ef@group-7F060D119589: start as a follower, conf=-1: [3f01402b-307c-4a54-abe6-b677433715ef:192.168.69.71:42588, 8386ee0a-1f3c-47fa-9779-9125ddcf4112:192.168.69.71:40009, e5f35640-2c6c-4b86-a5ff-33a1451b27ce:192.168.69.71:43138], old=null
2019-10-19 01:17:13,072 [pool-59-thread-1] INFO  impl.RaftServerImpl (RaftServerImpl.java:setRole(184)) - 8386ee0a-1f3c-47fa-9779-9125ddcf4112@group-7F060D119589: changes role from      null to FOLLOWER at term 0 for startAsFollower
2019-10-19 01:17:13,071 [Thread-797] INFO  impl.RoleInfo (RoleInfo.java:updateAndGet(143)) - 8386ee0a-1f3c-47fa-9779-9125ddcf4112: start LeaderElection
2019-10-19 01:17:13,072 [pool-59-thread-1] INFO  impl.RoleInfo (RoleInfo.java:updateAndGet(143)) - 8386ee0a-1f3c-47fa-9779-9125ddcf4112: start FollowerState
2019-10-19 01:17:13,072 [pool-27-thread-1] INFO  impl.RaftServerImpl (RaftServerImpl.java:setRole(184)) - 3f01402b-307c-4a54-abe6-b677433715ef@group-7F060D119589: changes role from      null to FOLLOWER at term 0 for startAsFollower
2019-10-19 01:17:13,072 [pool-59-thread-1] INFO  util.JmxRegister (JmxRegister.java:tryRegister(44)) - Successfully registered JMX Bean with object name Ratis:service=RaftServer,group=group-7F060D119589,id=8386ee0a-1f3c-47fa-9779-9125ddcf4112
2019-10-19 01:17:13,074 [pool-27-thread-1] INFO  impl.RoleInfo (RoleInfo.java:updateAndGet(143)) - 3f01402b-307c-4a54-abe6-b677433715ef: start FollowerState
2019-10-19 01:17:13,075 [Thread-809] INFO  impl.FollowerState (FollowerState.java:run(108)) - 3f01402b-307c-4a54-abe6-b677433715ef@group-7F060D119589-FollowerState: change to CANDIDATE, lastRpcTime:2ms, electionTimeout:0ms
2019-10-19 01:17:13,075 [pool-27-thread-1] INFO  util.JmxRegister (JmxRegister.java:tryRegister(44)) - Successfully registered JMX Bean with object name Ratis:service=RaftServer,group=group-7F060D119589,id=3f01402b-307c-4a54-abe6-b677433715ef
2019-10-19 01:17:13,075 [Thread-809] INFO  impl.RoleInfo (RoleInfo.java:shutdownFollowerState(121)) - 3f01402b-307c-4a54-abe6-b677433715ef: shutdown FollowerState
2019-10-19 01:17:13,075 [Thread-809] INFO  impl.RaftServerImpl (RaftServerImpl.java:setRole(184)) - 3f01402b-307c-4a54-abe6-b677433715ef@group-7F060D119589: changes role from  FOLLOWER to CANDIDATE at term 0 for changeToCandidate
2019-10-19 01:17:13,076 [Thread-809] INFO  impl.RoleInfo (RoleInfo.java:updateAndGet(143)) - 3f01402b-307c-4a54-abe6-b677433715ef: start LeaderElection
2019-10-19 01:17:13,079 [pool-7-thread-5] INFO  commands.RetriableDatanodeEventWatcher (RetriableDatanodeEventWatcher.java:onTimeout(47)) - RetriableDatanodeCommand type=deleteBlocksCommand with id=1571447826075 timed out. Retrying.
2019-10-19 01:17:13,079 [pool-7-thread-2] INFO  commands.RetriableDatanodeEventWatcher (RetriableDatanodeEventWatcher.java:onTimeout(47)) - RetriableDatanodeCommand type=deleteBlocksCommand with id=1571447826071 timed out. Retrying.
2019-10-19 01:17:13,080 [pool-7-thread-1] INFO  commands.RetriableDatanodeEventWatcher (RetriableDatanodeEventWatcher.java:onTimeout(47)) - RetriableDatanodeCommand type=deleteBlocksCommand with id=1571447826072 timed out. Retrying.
2019-10-19 01:17:13,081 [pool-7-thread-3] INFO  commands.RetriableDatanodeEventWatcher (RetriableDatanodeEventWatcher.java:onTimeout(47)) - RetriableDatanodeCommand type=deleteBlocksCommand with id=1571447826073 timed out. Retrying.
2019-10-19 01:17:13,081 [pool-7-thread-4] INFO  commands.RetriableDatanodeEventWatcher (RetriableDatanodeEventWatcher.java:onTimeout(47)) - RetriableDatanodeCommand type=deleteBlocksCommand with id=1571447826074 timed out. Retrying.
2019-10-19 01:17:13,081 [pool-7-thread-6] INFO  commands.RetriableDatanodeEventWatcher (RetriableDatanodeEventWatcher.java:onTimeout(47)) - RetriableDatanodeCommand type=deleteBlocksCommand with id=1571447826070 timed out. Retrying.
2019-10-19 01:17:13,081 [SCMBlockDeletingService#0] INFO  block.SCMBlockDeletingService (SCMBlockDeletingService.java:call(184)) - Totally added 1 delete blocks command for 1 datanodes, task elapsed time: 1ms
2019-10-19 01:17:13,081 [pool-7-thread-5] INFO  commands.RetriableDatanodeEventWatcher (RetriableDatanodeEventWatcher.java:onTimeout(47)) - RetriableDatanodeCommand type=deleteBlocksCommand with id=1571447826068 timed out. Retrying.
2019-10-19 01:17:13,081 [3f01402b-307c-4a54-abe6-b677433715ef@group-7F060D119589-LeaderElection44] INFO  impl.LeaderElection (LeaderElection.java:askForVotes(178)) - 3f01402b-307c-4a54-abe6-b677433715ef@group-7F060D119589-LeaderElection44: begin an election at term 1 for -1: [3f01402b-307c-4a54-abe6-b677433715ef:192.168.69.71:42588, 8386ee0a-1f3c-47fa-9779-9125ddcf4112:192.168.69.71:40009, e5f35640-2c6c-4b86-a5ff-33a1451b27ce:192.168.69.71:43138], old=null
2019-10-19 01:17:13,081 [8386ee0a-1f3c-47fa-9779-9125ddcf4112@group-33D7D707C079-LeaderElection42] INFO  impl.LeaderElection (LeaderElection.java:askForVotes(178)) - 8386ee0a-1f3c-47fa-9779-9125ddcf4112@group-33D7D707C079-LeaderElection42: begin an election at term 38 for 0: [3f01402b-307c-4a54-abe6-b677433715ef:192.168.69.71:42588, 8386ee0a-1f3c-47fa-9779-9125ddcf4112:192.168.69.71:40009, e5f35640-2c6c-4b86-a5ff-33a1451b27ce:192.168.69.71:43138], old=null
2019-10-19 01:17:13,081 [8386ee0a-1f3c-47fa-9779-9125ddcf4112@group-FB820B11E4FE-LeaderElection43] INFO  impl.LeaderElection (LeaderElection.java:askForVotes(178)) - 8386ee0a-1f3c-47fa-9779-9125ddcf4112@group-FB820B11E4FE-LeaderElection43: begin an election at term 1 for -1: [8386ee0a-1f3c-47fa-9779-9125ddcf4112:192.168.69.71:40009], old=null
2019-10-19 01:17:13,082 [8386ee0a-1f3c-47fa-9779-9125ddcf4112@group-FB820B11E4FE-LeaderElection43] INFO  impl.RoleInfo (RoleInfo.java:shutdownLeaderElection(134)) - 8386ee0a-1f3c-47fa-9779-9125ddcf4112: shutdown LeaderElection
2019-10-19 01:17:13,083 [8386ee0a-1f3c-47fa-9779-9125ddcf4112@group-FB820B11E4FE-LeaderElection43] INFO  impl.RaftServerImpl (RaftServerImpl.java:setRole(184)) - 8386ee0a-1f3c-47fa-9779-9125ddcf4112@group-FB820B11E4FE: changes role from CANDIDATE to LEADER at term 1 for changeToLeader
2019-10-19 01:17:13,083 [8386ee0a-1f3c-47fa-9779-9125ddcf4112@group-FB820B11E4FE-LeaderElection43] INFO  impl.RaftServerImpl (ServerState.java:setLeader(256)) - 8386ee0a-1f3c-47fa-9779-9125ddcf4112@group-FB820B11E4FE: change Leader from null to 8386ee0a-1f3c-47fa-9779-9125ddcf4112 at term 1 for becomeLeader, leader elected after 84ms
2019-10-19 01:17:13,083 [8386ee0a-1f3c-47fa-9779-9125ddcf4112@group-FB820B11E4FE-LeaderElection43] INFO  server.RaftServerConfigKeys (ConfUtils.java:logGet(43)) - raft.server.staging.catchup.gap = 1000 (default)
2019-10-19 01:17:13,084 [8386ee0a-1f3c-47fa-9779-9125ddcf4112@group-FB820B11E4FE-LeaderElection43] INFO  server.RaftServerConfigKeys (ConfUtils.java:logGet(43)) - raft.server.rpc.sleep.time = 25ms (default)
2019-10-19 01:17:13,084 [8386ee0a-1f3c-47fa-9779-9125ddcf4112@group-FB820B11E4FE-LeaderElection43] INFO  server.RaftServerConfigKeys (ConfUtils.java:logGet(43)) - raft.server.write.element-limit = 4096 (default)
2019-10-19 01:17:13,084 [8386ee0a-1f3c-47fa-9779-9125ddcf4112@group-FB820B11E4FE-LeaderElection43] INFO  server.RaftServerConfigKeys (ConfUtils.java:logGet(43)) - raft.server.watch.timeout = 10s (default)
2019-10-19 01:17:13,084 [8386ee0a-1f3c-47fa-9779-9125ddcf4112@group-FB820B11E4FE-LeaderElection43] INFO  server.RaftServerConfigKeys (ConfUtils.java:logGet(43)) - raft.server.watch.timeout.denomination = 1s (default)
2019-10-19 01:17:13,084 [8386ee0a-1f3c-47fa-9779-9125ddcf4112@group-FB820B11E4FE-LeaderElection43] INFO  server.RaftServerConfigKeys (ConfUtils.java:logGet(43)) - raft.server.watch.element-limit = 65536 (default)
2019-10-19 01:17:13,091 [grpc-default-executor-7] INFO  impl.RaftServerImpl (RaftServerImpl.java:setRole(184)) - 3f01402b-307c-4a54-abe6-b677433715ef@group-33D7D707C079: changes role from  FOLLOWER to FOLLOWER at term 38 for recognizeCandidate:8386ee0a-1f3c-47fa-9779-9125ddcf4112
2019-10-19 01:17:13,091 [grpc-default-executor-7] INFO  impl.RoleInfo (RoleInfo.java:shutdownFollowerState(121)) - 3f01402b-307c-4a54-abe6-b677433715ef: shutdown FollowerState
2019-10-19 01:17:13,091 [grpc-default-executor-1] INFO  impl.RaftServerImpl (RaftServerImpl.java:setRole(184)) - e5f35640-2c6c-4b86-a5ff-33a1451b27ce@group-33D7D707C079: changes role from  FOLLOWER to FOLLOWER at term 38 for recognizeCandidate:8386ee0a-1f3c-47fa-9779-9125ddcf4112
2019-10-19 01:17:13,091 [grpc-default-executor-7] INFO  impl.RoleInfo (RoleInfo.java:updateAndGet(143)) - 3f01402b-307c-4a54-abe6-b677433715ef: start FollowerState
2019-10-19 01:17:13,091 [RatisPipelineUtilsThread] INFO  pipeline.PipelineStateManager (PipelineStateManager.java:addPipeline(56)) - Created pipeline Pipeline[ Id: 3f08ba66-6fff-4da5-8f27-7f060d119589, Nodes: e5f35640-2c6c-4b86-a5ff-33a1451b27ce{ip: 192.168.69.71, host: pr-hdds-2333-vzxj6-995506542, networkLocation: /default-rack, certSerialId: null}3f01402b-307c-4a54-abe6-b677433715ef{ip: 192.168.69.71, host: pr-hdds-2333-vzxj6-995506542, networkLocation: /default-rack, certSerialId: null}8386ee0a-1f3c-47fa-9779-9125ddcf4112{ip: 192.168.69.71, host: pr-hdds-2333-vzxj6-995506542, networkLocation: /default-rack, certSerialId: null}, Type:RATIS, Factor:THREE, State:OPEN]
2019-10-19 01:17:13,091 [Thread-791] INFO  impl.FollowerState (FollowerState.java:run(117)) - 3f01402b-307c-4a54-abe6-b677433715ef@group-33D7D707C079-FollowerState was interrupted: java.lang.InterruptedException: sleep interrupted
2019-10-19 01:17:13,091 [grpc-default-executor-1] INFO  impl.RoleInfo (RoleInfo.java:shutdownFollowerState(121)) - e5f35640-2c6c-4b86-a5ff-33a1451b27ce: shutdown FollowerState
2019-10-19 01:17:13,091 [grpc-default-executor-1] INFO  impl.RoleInfo (RoleInfo.java:updateAndGet(143)) - e5f35640-2c6c-4b86-a5ff-33a1451b27ce: start FollowerState
2019-10-19 01:17:13,091 [Thread-792] INFO  impl.FollowerState (FollowerState.java:run(117)) - e5f35640-2c6c-4b86-a5ff-33a1451b27ce@group-33D7D707C079-FollowerState was interrupted: java.lang.InterruptedException: sleep interrupted
2019-10-19 01:17:13,093 [grpc-default-executor-6] INFO  impl.RaftServerImpl (RaftServerImpl.java:setRole(184)) - e5f35640-2c6c-4b86-a5ff-33a1451b27ce@group-7F060D119589: changes role from  FOLLOWER to FOLLOWER at term 1 for recognizeCandidate:3f01402b-307c-4a54-abe6-b677433715ef
2019-10-19 01:17:13,093 [8386ee0a-1f3c-47fa-9779-9125ddcf4112@group-FB820B11E4FE-LeaderElection43] INFO  impl.RoleInfo (RoleInfo.java:updateAndGet(143)) - 8386ee0a-1f3c-47fa-9779-9125ddcf4112: start LeaderState
2019-10-19 01:17:13,093 [grpc-default-executor-6] INFO  impl.RoleInfo (RoleInfo.java:shutdownFollowerState(121)) - e5f35640-2c6c-4b86-a5ff-33a1451b27ce: shutdown FollowerState
2019-10-19 01:17:13,093 [grpc-default-executor-2] INFO  impl.RaftServerImpl (RaftServerImpl.java:setRole(184)) - 8386ee0a-1f3c-47fa-9779-9125ddcf4112@group-7F060D119589: changes role from  FOLLOWER to FOLLOWER at term 1 for recognizeCandidate:3f01402b-307c-4a54-abe6-b677433715ef
2019-10-19 01:17:13,094 [Thread-806] INFO  impl.FollowerState (FollowerState.java:run(117)) - e5f35640-2c6c-4b86-a5ff-33a1451b27ce@group-7F060D119589-FollowerState was interrupted: java.lang.InterruptedException: sleep interrupted
2019-10-19 01:17:13,094 [grpc-default-executor-6] INFO  impl.RoleInfo (RoleInfo.java:updateAndGet(143)) - e5f35640-2c6c-4b86-a5ff-33a1451b27ce: start FollowerState
2019-10-19 01:17:13,094 [8386ee0a-1f3c-47fa-9779-9125ddcf4112@group-FB820B11E4FE-LeaderElection43] INFO  segmented.SegmentedRaftLogWorker (SegmentedRaftLogWorker.java:startLogSegment(385)) - 8386ee0a-1f3c-47fa-9779-9125ddcf4112@group-FB820B11E4FE-SegmentedRaftLogWorker: Starting segment from index:0
2019-10-19 01:17:13,094 [grpc-default-executor-2] INFO  impl.RoleInfo (RoleInfo.java:shutdownFollowerState(121)) - 8386ee0a-1f3c-47fa-9779-9125ddcf4112: shutdown FollowerState
2019-10-19 01:17:13,094 [grpc-default-executor-2] INFO  impl.RoleInfo (RoleInfo.java:updateAndGet(143)) - 8386ee0a-1f3c-47fa-9779-9125ddcf4112: start FollowerState
2019-10-19 01:17:13,094 [Thread-808] INFO  impl.FollowerState (FollowerState.java:run(117)) - 8386ee0a-1f3c-47fa-9779-9125ddcf4112@group-7F060D119589-FollowerState was interrupted: java.lang.InterruptedException: sleep interrupted
2019-10-19 01:17:13,095 [8386ee0a-1f3c-47fa-9779-9125ddcf4112@group-FB820B11E4FE-LeaderElection43] INFO  impl.RaftServerImpl (ServerState.java:setRaftConf(357)) - 8386ee0a-1f3c-47fa-9779-9125ddcf4112@group-FB820B11E4FE: set configuration 0: [8386ee0a-1f3c-47fa-9779-9125ddcf4112:192.168.69.71:40009], old=null at 0
2019-10-19 01:17:13,125 [8386ee0a-1f3c-47fa-9779-9125ddcf4112@group-33D7D707C079-LeaderElection42] INFO  impl.LeaderElection (LeaderElection.java:logAndReturn(56)) - 8386ee0a-1f3c-47fa-9779-9125ddcf4112@group-33D7D707C079-LeaderElection42: Election REJECTED; received 2 response(s) [8386ee0a-1f3c-47fa-9779-9125ddcf4112<-3f01402b-307c-4a54-abe6-b677433715ef#0:FAIL-t38, 8386ee0a-1f3c-47fa-9779-9125ddcf4112<-e5f35640-2c6c-4b86-a5ff-33a1451b27ce#0:FAIL-t38] and 0 exception(s); 8386ee0a-1f3c-47fa-9779-9125ddcf4112@group-33D7D707C079:t38, leader=null, voted=8386ee0a-1f3c-47fa-9779-9125ddcf4112, raftlog=8386ee0a-1f3c-47fa-9779-9125ddcf4112@group-33D7D707C079-SegmentedRaftLog:OPENED:c3,f4,i4, conf=0: [3f01402b-307c-4a54-abe6-b677433715ef:192.168.69.71:42588, 8386ee0a-1f3c-47fa-9779-9125ddcf4112:192.168.69.71:40009, e5f35640-2c6c-4b86-a5ff-33a1451b27ce:192.168.69.71:43138], old=null
2019-10-19 01:17:13,125 [8386ee0a-1f3c-47fa-9779-9125ddcf4112@group-33D7D707C079-LeaderElection42] INFO  impl.RaftServerImpl (RaftServerImpl.java:setRole(184)) - 8386ee0a-1f3c-47fa-9779-9125ddcf4112@group-33D7D707C079: changes role from CANDIDATE to FOLLOWER at term 38 for DISCOVERED_A_NEW_TERM
2019-10-19 01:17:13,125 [8386ee0a-1f3c-47fa-9779-9125ddcf4112@group-33D7D707C079-LeaderElection42] INFO  impl.RoleInfo (RoleInfo.java:shutdownLeaderElection(134)) - 8386ee0a-1f3c-47fa-9779-9125ddcf4112: shutdown LeaderElection
2019-10-19 01:17:13,125 [3f01402b-307c-4a54-abe6-b677433715ef@group-7F060D119589-LeaderElection44] INFO  impl.LeaderElection (LeaderElection.java:logAndReturn(56)) - 3f01402b-307c-4a54-abe6-b677433715ef@group-7F060D119589-LeaderElection44: Election PASSED; received 1 response(s) [3f01402b-307c-4a54-abe6-b677433715ef<-e5f35640-2c6c-4b86-a5ff-33a1451b27ce#0:OK-t1] and 0 exception(s); 3f01402b-307c-4a54-abe6-b677433715ef@group-7F060D119589:t1, leader=null, voted=3f01402b-307c-4a54-abe6-b677433715ef, raftlog=3f01402b-307c-4a54-abe6-b677433715ef@group-7F060D119589-SegmentedRaftLog:OPENED:c-1,f-1,i0, conf=-1: [3f01402b-307c-4a54-abe6-b677433715ef:192.168.69.71:42588, 8386ee0a-1f3c-47fa-9779-9125ddcf4112:192.168.69.71:40009, e5f35640-2c6c-4b86-a5ff-33a1451b27ce:192.168.69.71:43138], old=null
2019-10-19 01:17:13,125 [8386ee0a-1f3c-47fa-9779-9125ddcf4112@group-33D7D707C079-LeaderElection42] INFO  impl.RoleInfo (RoleInfo.java:updateAndGet(143)) - 8386ee0a-1f3c-47fa-9779-9125ddcf4112: start FollowerState
2019-10-19 01:17:13,125 [3f01402b-307c-4a54-abe6-b677433715ef@group-7F060D119589-LeaderElection44] INFO  impl.RoleInfo (RoleInfo.java:shutdownLeaderElection(134)) - 3f01402b-307c-4a54-abe6-b677433715ef: shutdown LeaderElection
2019-10-19 01:17:13,125 [3f01402b-307c-4a54-abe6-b677433715ef@group-7F060D119589-LeaderElection44] INFO  impl.RaftServerImpl (RaftServerImpl.java:setRole(184)) - 3f01402b-307c-4a54-abe6-b677433715ef@group-7F060D119589: changes role from CANDIDATE to LEADER at term 1 for changeToLeader
2019-10-19 01:17:13,126 [3f01402b-307c-4a54-abe6-b677433715ef@group-7F060D119589-LeaderElection44] INFO  impl.RaftServerImpl (ServerState.java:setLeader(256)) - 3f01402b-307c-4a54-abe6-b677433715ef@group-7F060D119589: change Leader from null to 3f01402b-307c-4a54-abe6-b677433715ef at term 1 for becomeLeader, leader elected after 66ms
2019-10-19 01:17:13,126 [3f01402b-307c-4a54-abe6-b677433715ef@group-7F060D119589-LeaderElection44] INFO  server.RaftServerConfigKeys (ConfUtils.java:logGet(43)) - raft.server.staging.catchup.gap = 1000 (default)
2019-10-19 01:17:13,126 [3f01402b-307c-4a54-abe6-b677433715ef@group-7F060D119589-LeaderElection44] INFO  server.RaftServerConfigKeys (ConfUtils.java:logGet(43)) - raft.server.rpc.sleep.time = 25ms (default)
2019-10-19 01:17:13,126 [3f01402b-307c-4a54-abe6-b677433715ef@group-7F060D119589-LeaderElection44] INFO  server.RaftServerConfigKeys (ConfUtils.java:logGet(43)) - raft.server.write.element-limit = 4096 (default)
2019-10-19 01:17:13,126 [3f01402b-307c-4a54-abe6-b677433715ef@group-7F060D119589-LeaderElection44] INFO  server.RaftServerConfigKeys (ConfUtils.java:logGet(43)) - raft.server.watch.timeout = 10s (default)
2019-10-19 01:17:13,126 [3f01402b-307c-4a54-abe6-b677433715ef@group-7F060D119589-LeaderElection44] INFO  server.RaftServerConfigKeys (ConfUtils.java:logGet(43)) - raft.server.watch.timeout.denomination = 1s (default)
2019-10-19 01:17:13,126 [3f01402b-307c-4a54-abe6-b677433715ef@group-7F060D119589-LeaderElection44] INFO  server.RaftServerConfigKeys (ConfUtils.java:logGet(43)) - raft.server.watch.element-limit = 65536 (default)
2019-10-19 01:17:13,128 [3f01402b-307c-4a54-abe6-b677433715ef@group-7F060D119589-LeaderElection44] INFO  server.RaftServerConfigKeys (ConfUtils.java:logGet(43)) - raft.server.log.appender.snapshot.chunk.size.max = 16MB (=16777216) (default)
2019-10-19 01:17:13,128 [3f01402b-307c-4a54-abe6-b677433715ef@group-7F060D119589-LeaderElection44] INFO  server.RaftServerConfigKeys (ConfUtils.java:logGet(43)) - raft.server.log.appender.buffer.byte-limit = 33554432 (custom)
2019-10-19 01:17:13,128 [3f01402b-307c-4a54-abe6-b677433715ef@group-7F060D119589-LeaderElection44] INFO  server.RaftServerConfigKeys (ConfUtils.java:logGet(43)) - raft.server.log.appender.buffer.element-limit = 1 (custom)
2019-10-19 01:17:13,129 [3f01402b-307c-4a54-abe6-b677433715ef@group-7F060D119589-LeaderElection44] INFO  grpc.GrpcConfigKeys$Server (ConfUtils.java:logGet(43)) - raft.grpc.server.leader.outstanding.appends.max = 128 (default)
2019-10-19 01:17:13,129 [3f01402b-307c-4a54-abe6-b677433715ef@group-7F060D119589-LeaderElection44] INFO  server.RaftServerConfigKeys (ConfUtils.java:logGet(43)) - raft.server.rpc.request.timeout = 3000ms (default)
2019-10-19 01:17:13,129 [3f01402b-307c-4a54-abe6-b677433715ef@group-7F060D119589-LeaderElection44] INFO  server.RaftServerConfigKeys (ConfUtils.java:logGet(43)) - raft.server.log.appender.install.snapshot.enabled = false (custom)
2019-10-19 01:17:13,131 [3f01402b-307c-4a54-abe6-b677433715ef@group-7F060D119589-LeaderElection44] INFO  server.RaftServerConfigKeys (ConfUtils.java:logGet(43)) - raft.server.log.appender.snapshot.chunk.size.max = 16MB (=16777216) (default)
2019-10-19 01:17:13,131 [3f01402b-307c-4a54-abe6-b677433715ef@group-7F060D119589-LeaderElection44] INFO  server.RaftServerConfigKeys (ConfUtils.java:logGet(43)) - raft.server.log.appender.buffer.byte-limit = 33554432 (custom)
2019-10-19 01:17:13,131 [Thread-823] INFO  impl.FollowerState (FollowerState.java:run(108)) - 8386ee0a-1f3c-47fa-9779-9125ddcf4112@group-33D7D707C079-FollowerState: change to CANDIDATE, lastRpcTime:5ms, electionTimeout:5ms
2019-10-19 01:17:13,131 [3f01402b-307c-4a54-abe6-b677433715ef@group-7F060D119589-LeaderElection44] INFO  server.RaftServerConfigKeys (ConfUtils.java:logGet(43)) - raft.server.log.appender.buffer.element-limit = 1 (custom)
2019-10-19 01:17:13,131 [Thread-823] INFO  impl.RoleInfo (RoleInfo.java:shutdownFollowerState(121)) - 8386ee0a-1f3c-47fa-9779-9125ddcf4112: shutdown FollowerState
2019-10-19 01:17:13,131 [3f01402b-307c-4a54-abe6-b677433715ef@group-7F060D119589-LeaderElection44] INFO  grpc.GrpcConfigKeys$Server (ConfUtils.java:logGet(43)) - raft.grpc.server.leader.outstanding.appends.max = 128 (default)
2019-10-19 01:17:13,131 [Thread-823] INFO  impl.RaftServerImpl (RaftServerImpl.java:setRole(184)) - 8386ee0a-1f3c-47fa-9779-9125ddcf4112@group-33D7D707C079: changes role from  FOLLOWER to CANDIDATE at term 38 for changeToCandidate
2019-10-19 01:17:13,131 [3f01402b-307c-4a54-abe6-b677433715ef@group-7F060D119589-LeaderElection44] INFO  server.RaftServerConfigKeys (ConfUtils.java:logGet(43)) - raft.server.rpc.request.timeout = 3000ms (default)
2019-10-19 01:17:13,131 [Thread-823] INFO  impl.RoleInfo (RoleInfo.java:updateAndGet(143)) - 8386ee0a-1f3c-47fa-9779-9125ddcf4112: start LeaderElection
2019-10-19 01:17:13,131 [3f01402b-307c-4a54-abe6-b677433715ef@group-7F060D119589-LeaderElection44] INFO  server.RaftServerConfigKeys (ConfUtils.java:logGet(43)) - raft.server.log.appender.install.snapshot.enabled = false (custom)
2019-10-19 01:17:13,133 [3f01402b-307c-4a54-abe6-b677433715ef@group-7F060D119589-LeaderElection44] INFO  impl.RoleInfo (RoleInfo.java:updateAndGet(143)) - 3f01402b-307c-4a54-abe6-b677433715ef: start LeaderState
2019-10-19 01:17:13,133 [3f01402b-307c-4a54-abe6-b677433715ef@group-7F060D119589-LeaderElection44] INFO  segmented.SegmentedRaftLogWorker (SegmentedRaftLogWorker.java:startLogSegment(385)) - 3f01402b-307c-4a54-abe6-b677433715ef@group-7F060D119589-SegmentedRaftLogWorker: Starting segment from index:0
2019-10-19 01:17:13,134 [3f01402b-307c-4a54-abe6-b677433715ef@group-7F060D119589-LeaderElection44] INFO  impl.RaftServerImpl (ServerState.java:setRaftConf(357)) - 3f01402b-307c-4a54-abe6-b677433715ef@group-7F060D119589: set configuration 0: [3f01402b-307c-4a54-abe6-b677433715ef:192.168.69.71:42588, 8386ee0a-1f3c-47fa-9779-9125ddcf4112:192.168.69.71:40009, e5f35640-2c6c-4b86-a5ff-33a1451b27ce:192.168.69.71:43138], old=null at 0
2019-10-19 01:17:13,136 [grpc-default-executor-2] INFO  impl.RaftServerImpl (ServerState.java:setLeader(256)) - 8386ee0a-1f3c-47fa-9779-9125ddcf4112@group-7F060D119589: change Leader from null to 3f01402b-307c-4a54-abe6-b677433715ef at term 1 for appendEntries, leader elected after 76ms
2019-10-19 01:17:13,136 [grpc-default-executor-6] INFO  impl.RaftServerImpl (ServerState.java:setLeader(256)) - e5f35640-2c6c-4b86-a5ff-33a1451b27ce@group-7F060D119589: change Leader from null to 3f01402b-307c-4a54-abe6-b677433715ef at term 1 for appendEntries, leader elected after 76ms
2019-10-19 01:17:13,159 [8386ee0a-1f3c-47fa-9779-9125ddcf4112@group-FB820B11E4FE-SegmentedRaftLogWorker] INFO  segmented.SegmentedRaftLogWorker (SegmentedRaftLogWorker.java:execute(576)) - 8386ee0a-1f3c-47fa-9779-9125ddcf4112@group-FB820B11E4FE-SegmentedRaftLogWorker: created new log segment /workdir/hadoop-ozone/integration-test/target/test-dir/MiniOzoneClusterImpl-5bd4f6c3-3117-4f19-852e-156a850a32f8/datanode-2/data/ratis/ec9815b4-4e87-442d-b8c7-fb820b11e4fe/current/log_inprogress_0
2019-10-19 01:17:13,159 [8386ee0a-1f3c-47fa-9779-9125ddcf4112@group-33D7D707C079-LeaderElection45] INFO  impl.LeaderElection (LeaderElection.java:askForVotes(178)) - 8386ee0a-1f3c-47fa-9779-9125ddcf4112@group-33D7D707C079-LeaderElection45: begin an election at term 39 for 0: [3f01402b-307c-4a54-abe6-b677433715ef:192.168.69.71:42588, 8386ee0a-1f3c-47fa-9779-9125ddcf4112:192.168.69.71:40009, e5f35640-2c6c-4b86-a5ff-33a1451b27ce:192.168.69.71:43138], old=null
2019-10-19 01:17:13,162 [grpc-default-executor-2] INFO  impl.RaftServerImpl (RaftServerImpl.java:setRole(184)) - 3f01402b-307c-4a54-abe6-b677433715ef@group-33D7D707C079: changes role from  FOLLOWER to FOLLOWER at term 39 for recognizeCandidate:8386ee0a-1f3c-47fa-9779-9125ddcf4112
2019-10-19 01:17:13,162 [grpc-default-executor-6] INFO  impl.RaftServerImpl (RaftServerImpl.java:setRole(184)) - e5f35640-2c6c-4b86-a5ff-33a1451b27ce@group-33D7D707C079: changes role from  FOLLOWER to FOLLOWER at term 39 for recognizeCandidate:8386ee0a-1f3c-47fa-9779-9125ddcf4112
2019-10-19 01:17:13,162 [grpc-default-executor-2] INFO  impl.RoleInfo (RoleInfo.java:shutdownFollowerState(121)) - 3f01402b-307c-4a54-abe6-b677433715ef: shutdown FollowerState
2019-10-19 01:17:13,163 [grpc-default-executor-1] INFO  impl.RaftServerImpl (ServerState.java:setRaftConf(357)) - e5f35640-2c6c-4b86-a5ff-33a1451b27ce@group-7F060D119589: set configuration 0: [3f01402b-307c-4a54-abe6-b677433715ef:192.168.69.71:42588, 8386ee0a-1f3c-47fa-9779-9125ddcf4112:192.168.69.71:40009, e5f35640-2c6c-4b86-a5ff-33a1451b27ce:192.168.69.71:43138], old=null at 0
2019-10-19 01:17:13,163 [grpc-default-executor-7] INFO  impl.RaftServerImpl (ServerState.java:setRaftConf(357)) - 8386ee0a-1f3c-47fa-9779-9125ddcf4112@group-7F060D119589: set configuration 0: [3f01402b-307c-4a54-abe6-b677433715ef:192.168.69.71:42588, 8386ee0a-1f3c-47fa-9779-9125ddcf4112:192.168.69.71:40009, e5f35640-2c6c-4b86-a5ff-33a1451b27ce:192.168.69.71:43138], old=null at 0
2019-10-19 01:17:13,163 [grpc-default-executor-6] INFO  impl.RoleInfo (RoleInfo.java:shutdownFollowerState(121)) - e5f35640-2c6c-4b86-a5ff-33a1451b27ce: shutdown FollowerState
2019-10-19 01:17:13,163 [grpc-default-executor-7] INFO  segmented.SegmentedRaftLogWorker (SegmentedRaftLogWorker.java:startLogSegment(385)) - 8386ee0a-1f3c-47fa-9779-9125ddcf4112@group-7F060D119589-SegmentedRaftLogWorker: Starting segment from index:0
2019-10-19 01:17:13,163 [grpc-default-executor-1] INFO  segmented.SegmentedRaftLogWorker (SegmentedRaftLogWorker.java:startLogSegment(385)) - e5f35640-2c6c-4b86-a5ff-33a1451b27ce@group-7F060D119589-SegmentedRaftLogWorker: Starting segment from index:0
2019-10-19 01:17:13,163 [grpc-default-executor-2] INFO  impl.RoleInfo (RoleInfo.java:updateAndGet(143)) - 3f01402b-307c-4a54-abe6-b677433715ef: start FollowerState
2019-10-19 01:17:13,163 [Thread-819] INFO  impl.FollowerState (FollowerState.java:run(117)) - 3f01402b-307c-4a54-abe6-b677433715ef@group-33D7D707C079-FollowerState was interrupted: java.lang.InterruptedException: sleep interrupted
2019-10-19 01:17:13,163 [Thread-820] INFO  impl.FollowerState (FollowerState.java:run(117)) - e5f35640-2c6c-4b86-a5ff-33a1451b27ce@group-33D7D707C079-FollowerState was interrupted: java.lang.InterruptedException: sleep interrupted
2019-10-19 01:17:13,163 [grpc-default-executor-6] INFO  impl.RoleInfo (RoleInfo.java:updateAndGet(143)) - e5f35640-2c6c-4b86-a5ff-33a1451b27ce: start FollowerState
2019-10-19 01:17:13,173 [3f01402b-307c-4a54-abe6-b677433715ef@group-7F060D119589-SegmentedRaftLogWorker] INFO  segmented.SegmentedRaftLogWorker (SegmentedRaftLogWorker.java:execute(576)) - 3f01402b-307c-4a54-abe6-b677433715ef@group-7F060D119589-SegmentedRaftLogWorker: created new log segment /workdir/hadoop-ozone/integration-test/target/test-dir/MiniOzoneClusterImpl-5bd4f6c3-3117-4f19-852e-156a850a32f8/datanode-0/data/ratis/3f08ba66-6fff-4da5-8f27-7f060d119589/current/log_inprogress_0
2019-10-19 01:17:13,175 [8386ee0a-1f3c-47fa-9779-9125ddcf4112@group-33D7D707C079-LeaderElection45] INFO  impl.LeaderElection (LeaderElection.java:logAndReturn(56)) - 8386ee0a-1f3c-47fa-9779-9125ddcf4112@group-33D7D707C079-LeaderElection45: Election REJECTED; received 2 response(s) [8386ee0a-1f3c-47fa-9779-9125ddcf4112<-3f01402b-307c-4a54-abe6-b677433715ef#0:FAIL-t39, 8386ee0a-1f3c-47fa-9779-9125ddcf4112<-e5f35640-2c6c-4b86-a5ff-33a1451b27ce#0:FAIL-t39] and 0 exception(s); 8386ee0a-1f3c-47fa-9779-9125ddcf4112@group-33D7D707C079:t39, leader=null, voted=8386ee0a-1f3c-47fa-9779-9125ddcf4112, raftlog=8386ee0a-1f3c-47fa-9779-9125ddcf4112@group-33D7D707C079-SegmentedRaftLog:OPENED:c3,f4,i4, conf=0: [3f01402b-307c-4a54-abe6-b677433715ef:192.168.69.71:42588, 8386ee0a-1f3c-47fa-9779-9125ddcf4112:192.168.69.71:40009, e5f35640-2c6c-4b86-a5ff-33a1451b27ce:192.168.69.71:43138], old=null
2019-10-19 01:17:13,175 [8386ee0a-1f3c-47fa-9779-9125ddcf4112@group-33D7D707C079-LeaderElection45] INFO  impl.RaftServerImpl (RaftServerImpl.java:setRole(184)) - 8386ee0a-1f3c-47fa-9779-9125ddcf4112@group-33D7D707C079: changes role from CANDIDATE to FOLLOWER at term 39 for DISCOVERED_A_NEW_TERM
2019-10-19 01:17:13,175 [8386ee0a-1f3c-47fa-9779-9125ddcf4112@group-33D7D707C079-LeaderElection45] INFO  impl.RoleInfo (RoleInfo.java:shutdownLeaderElection(134)) - 8386ee0a-1f3c-47fa-9779-9125ddcf4112: shutdown LeaderElection
2019-10-19 01:17:13,175 [8386ee0a-1f3c-47fa-9779-9125ddcf4112@group-33D7D707C079-LeaderElection45] INFO  impl.RoleInfo (RoleInfo.java:updateAndGet(143)) - 8386ee0a-1f3c-47fa-9779-9125ddcf4112: start FollowerState
2019-10-19 01:17:13,201 [8386ee0a-1f3c-47fa-9779-9125ddcf4112@group-7F060D119589-SegmentedRaftLogWorker] INFO  segmented.SegmentedRaftLogWorker (SegmentedRaftLogWorker.java:execute(576)) - 8386ee0a-1f3c-47fa-9779-9125ddcf4112@group-7F060D119589-SegmentedRaftLogWorker: created new log segment /workdir/hadoop-ozone/integration-test/target/test-dir/MiniOzoneClusterImpl-5bd4f6c3-3117-4f19-852e-156a850a32f8/datanode-2/data/ratis/3f08ba66-6fff-4da5-8f27-7f060d119589/current/log_inprogress_0
2019-10-19 01:17:13,201 [e5f35640-2c6c-4b86-a5ff-33a1451b27ce@group-7F060D119589-SegmentedRaftLogWorker] INFO  segmented.SegmentedRaftLogWorker (SegmentedRaftLogWorker.java:execute(576)) - e5f35640-2c6c-4b86-a5ff-33a1451b27ce@group-7F060D119589-SegmentedRaftLogWorker: created new log segment /workdir/hadoop-ozone/integration-test/target/test-dir/MiniOzoneClusterImpl-5bd4f6c3-3117-4f19-852e-156a850a32f8/datanode-1/data/ratis/3f08ba66-6fff-4da5-8f27-7f060d119589/current/log_inprogress_0
2019-10-19 01:17:13,225 [EventQueue-PendingDeleteStatusForPendingDeleteHandler] INFO  block.SCMBlockDeletingService (SCMBlockDeletingService.java:handlePendingDeletes(115)) - Block deletion txnID mismatch in datanode 8386ee0a-1f3c-47fa-9779-9125ddcf4112 for containerID 1. Datanode delete txnID: 0, SCM txnID: 1
2019-10-19 01:17:13,241 [Thread-836] INFO  impl.FollowerState (FollowerState.java:run(108)) - 8386ee0a-1f3c-47fa-9779-9125ddcf4112@group-33D7D707C079-FollowerState: change to CANDIDATE, lastRpcTime:65ms, electionTimeout:65ms
2019-10-19 01:17:13,241 [Thread-836] INFO  impl.RoleInfo (RoleInfo.java:shutdownFollowerState(121)) - 8386ee0a-1f3c-47fa-9779-9125ddcf4112: shutdown FollowerState
2019-10-19 01:17:13,241 [Thread-836] INFO  impl.RaftServerImpl (RaftServerImpl.java:setRole(184)) - 8386ee0a-1f3c-47fa-9779-9125ddcf4112@group-33D7D707C079: changes role from  FOLLOWER to CANDIDATE at term 39 for changeToCandidate
2019-10-19 01:17:13,241 [Thread-836] INFO  impl.RoleInfo (RoleInfo.java:updateAndGet(143)) - 8386ee0a-1f3c-47fa-9779-9125ddcf4112: start LeaderElection
2019-10-19 01:17:13,254 [8386ee0a-1f3c-47fa-9779-9125ddcf4112@group-33D7D707C079-LeaderElection46] INFO  impl.LeaderElection (LeaderElection.java:askForVotes(178)) - 8386ee0a-1f3c-47fa-9779-9125ddcf4112@group-33D7D707C079-LeaderElection46: begin an election at term 40 for 0: [3f01402b-307c-4a54-abe6-b677433715ef:192.168.69.71:42588, 8386ee0a-1f3c-47fa-9779-9125ddcf4112:192.168.69.71:40009, e5f35640-2c6c-4b86-a5ff-33a1451b27ce:192.168.69.71:43138], old=null
2019-10-19 01:17:13,257 [grpc-default-executor-2] INFO  impl.RaftServerImpl (RaftServerImpl.java:setRole(184)) - e5f35640-2c6c-4b86-a5ff-33a1451b27ce@group-33D7D707C079: changes role from  FOLLOWER to FOLLOWER at term 40 for recognizeCandidate:8386ee0a-1f3c-47fa-9779-9125ddcf4112
2019-10-19 01:17:13,257 [grpc-default-executor-2] INFO  impl.RoleInfo (RoleInfo.java:shutdownFollowerState(121)) - e5f35640-2c6c-4b86-a5ff-33a1451b27ce: shutdown FollowerState
2019-10-19 01:17:13,257 [grpc-default-executor-6] INFO  impl.RaftServerImpl (RaftServerImpl.java:setRole(184)) - 3f01402b-307c-4a54-abe6-b677433715ef@group-33D7D707C079: changes role from  FOLLOWER to FOLLOWER at term 40 for recognizeCandidate:8386ee0a-1f3c-47fa-9779-9125ddcf4112
2019-10-19 01:17:13,257 [Thread-835] INFO  impl.FollowerState (FollowerState.java:run(117)) - e5f35640-2c6c-4b86-a5ff-33a1451b27ce@group-33D7D707C079-FollowerState was interrupted: java.lang.InterruptedException: sleep interrupted
2019-10-19 01:17:13,257 [grpc-default-executor-2] INFO  impl.RoleInfo (RoleInfo.java:updateAndGet(143)) - e5f35640-2c6c-4b86-a5ff-33a1451b27ce: start FollowerState
2019-10-19 01:17:13,257 [grpc-default-executor-6] INFO  impl.RoleInfo (RoleInfo.java:shutdownFollowerState(121)) - 3f01402b-307c-4a54-abe6-b677433715ef: shutdown FollowerState
2019-10-19 01:17:13,258 [grpc-default-executor-6] INFO  impl.RoleInfo (RoleInfo.java:updateAndGet(143)) - 3f01402b-307c-4a54-abe6-b677433715ef: start FollowerState
2019-10-19 01:17:13,258 [Thread-834] INFO  impl.FollowerState (FollowerState.java:run(117)) - 3f01402b-307c-4a54-abe6-b677433715ef@group-33D7D707C079-FollowerState was interrupted: java.lang.InterruptedException: sleep interrupted
2019-10-19 01:17:13,272 [8386ee0a-1f3c-47fa-9779-9125ddcf4112@group-33D7D707C079-LeaderElection46] INFO  impl.LeaderElection (LeaderElection.java:logAndReturn(56)) - 8386ee0a-1f3c-47fa-9779-9125ddcf4112@group-33D7D707C079-LeaderElection46: Election REJECTED; received 2 response(s) [8386ee0a-1f3c-47fa-9779-9125ddcf4112<-3f01402b-307c-4a54-abe6-b677433715ef#0:FAIL-t40, 8386ee0a-1f3c-47fa-9779-9125ddcf4112<-e5f35640-2c6c-4b86-a5ff-33a1451b27ce#0:FAIL-t40] and 0 exception(s); 8386ee0a-1f3c-47fa-9779-9125ddcf4112@group-33D7D707C079:t40, leader=null, voted=8386ee0a-1f3c-47fa-9779-9125ddcf4112, raftlog=8386ee0a-1f3c-47fa-9779-9125ddcf4112@group-33D7D707C079-SegmentedRaftLog:OPENED:c3,f4,i4, conf=0: [3f01402b-307c-4a54-abe6-b677433715ef:192.168.69.71:42588, 8386ee0a-1f3c-47fa-9779-9125ddcf4112:192.168.69.71:40009, e5f35640-2c6c-4b86-a5ff-33a1451b27ce:192.168.69.71:43138], old=null
2019-10-19 01:17:13,272 [8386ee0a-1f3c-47fa-9779-9125ddcf4112@group-33D7D707C079-LeaderElection46] INFO  impl.RaftServerImpl (RaftServerImpl.java:setRole(184)) - 8386ee0a-1f3c-47fa-9779-9125ddcf4112@group-33D7D707C079: changes role from CANDIDATE to FOLLOWER at term 40 for DISCOVERED_A_NEW_TERM
2019-10-19 01:17:13,272 [8386ee0a-1f3c-47fa-9779-9125ddcf4112@group-33D7D707C079-LeaderElection46] INFO  impl.RoleInfo (RoleInfo.java:shutdownLeaderElection(134)) - 8386ee0a-1f3c-47fa-9779-9125ddcf4112: shutdown LeaderElection
2019-10-19 01:17:13,272 [8386ee0a-1f3c-47fa-9779-9125ddcf4112@group-33D7D707C079-LeaderElection46] INFO  impl.RoleInfo (RoleInfo.java:updateAndGet(143)) - 8386ee0a-1f3c-47fa-9779-9125ddcf4112: start FollowerState
2019-10-19 01:17:13,419 [Thread-844] INFO  impl.FollowerState (FollowerState.java:run(108)) - 8386ee0a-1f3c-47fa-9779-9125ddcf4112@group-33D7D707C079-FollowerState: change to CANDIDATE, lastRpcTime:147ms, electionTimeout:147ms
2019-10-19 01:17:13,420 [Thread-844] INFO  impl.RoleInfo (RoleInfo.java:shutdownFollowerState(121)) - 8386ee0a-1f3c-47fa-9779-9125ddcf4112: shutdown FollowerState
2019-10-19 01:17:13,420 [Thread-844] INFO  impl.RaftServerImpl (RaftServerImpl.java:setRole(184)) - 8386ee0a-1f3c-47fa-9779-9125ddcf4112@group-33D7D707C079: changes role from  FOLLOWER to CANDIDATE at term 40 for changeToCandidate
2019-10-19 01:17:13,420 [Thread-844] INFO  impl.RoleInfo (RoleInfo.java:updateAndGet(143)) - 8386ee0a-1f3c-47fa-9779-9125ddcf4112: start LeaderElection
2019-10-19 01:17:13,425 [EventQueue-PendingDeleteStatusForPendingDeleteHandler] INFO  block.SCMBlockDeletingService (SCMBlockDeletingService.java:handlePendingDeletes(115)) - Block deletion txnID mismatch in datanode 8386ee0a-1f3c-47fa-9779-9125ddcf4112 for containerID 1. Datanode delete txnID: 0, SCM txnID: 1
2019-10-19 01:17:13,433 [8386ee0a-1f3c-47fa-9779-9125ddcf4112@group-33D7D707C079-LeaderElection47] INFO  impl.LeaderElection (LeaderElection.java:askForVotes(178)) - 8386ee0a-1f3c-47fa-9779-9125ddcf4112@group-33D7D707C079-LeaderElection47: begin an election at term 41 for 0: [3f01402b-307c-4a54-abe6-b677433715ef:192.168.69.71:42588, 8386ee0a-1f3c-47fa-9779-9125ddcf4112:192.168.69.71:40009, e5f35640-2c6c-4b86-a5ff-33a1451b27ce:192.168.69.71:43138], old=null
2019-10-19 01:17:13,435 [grpc-default-executor-6] INFO  impl.RaftServerImpl (RaftServerImpl.java:setRole(184)) - 3f01402b-307c-4a54-abe6-b677433715ef@group-33D7D707C079: changes role from  FOLLOWER to FOLLOWER at term 41 for recognizeCandidate:8386ee0a-1f3c-47fa-9779-9125ddcf4112
2019-10-19 01:17:13,436 [grpc-default-executor-2] INFO  impl.RaftServerImpl (RaftServerImpl.java:setRole(184)) - e5f35640-2c6c-4b86-a5ff-33a1451b27ce@group-33D7D707C079: changes role from  FOLLOWER to FOLLOWER at term 41 for recognizeCandidate:8386ee0a-1f3c-47fa-9779-9125ddcf4112
2019-10-19 01:17:13,436 [grpc-default-executor-6] INFO  impl.RoleInfo (RoleInfo.java:shutdownFollowerState(121)) - 3f01402b-307c-4a54-abe6-b677433715ef: shutdown FollowerState
2019-10-19 01:17:13,436 [grpc-default-executor-2] INFO  impl.RoleInfo (RoleInfo.java:shutdownFollowerState(121)) - e5f35640-2c6c-4b86-a5ff-33a1451b27ce: shutdown FollowerState
2019-10-19 01:17:13,436 [grpc-default-executor-6] INFO  impl.RoleInfo (RoleInfo.java:updateAndGet(143)) - 3f01402b-307c-4a54-abe6-b677433715ef: start FollowerState
2019-10-19 01:17:13,436 [Thread-843] INFO  impl.FollowerState (FollowerState.java:run(117)) - 3f01402b-307c-4a54-abe6-b677433715ef@group-33D7D707C079-FollowerState was interrupted: java.lang.InterruptedException: sleep interrupted
2019-10-19 01:17:13,436 [grpc-default-executor-2] INFO  impl.RoleInfo (RoleInfo.java:updateAndGet(143)) - e5f35640-2c6c-4b86-a5ff-33a1451b27ce: start FollowerState
2019-10-19 01:17:13,436 [Thread-842] INFO  impl.FollowerState (FollowerState.java:run(117)) - e5f35640-2c6c-4b86-a5ff-33a1451b27ce@group-33D7D707C079-FollowerState was interrupted: java.lang.InterruptedException: sleep interrupted
2019-10-19 01:17:13,447 [8386ee0a-1f3c-47fa-9779-9125ddcf4112@group-33D7D707C079-LeaderElection47] INFO  impl.LeaderElection (LeaderElection.java:logAndReturn(56)) - 8386ee0a-1f3c-47fa-9779-9125ddcf4112@group-33D7D707C079-LeaderElection47: Election TIMEOUT; received 0 response(s) [] and 0 exception(s); 8386ee0a-1f3c-47fa-9779-9125ddcf4112@group-33D7D707C079:t41, leader=null, voted=8386ee0a-1f3c-47fa-9779-9125ddcf4112, raftlog=8386ee0a-1f3c-47fa-9779-9125ddcf4112@group-33D7D707C079-SegmentedRaftLog:OPENED:c3,f4,i4, conf=0: [3f01402b-307c-4a54-abe6-b677433715ef:192.168.69.71:42588, 8386ee0a-1f3c-47fa-9779-9125ddcf4112:192.168.69.71:40009, e5f35640-2c6c-4b86-a5ff-33a1451b27ce:192.168.69.71:43138], old=null
2019-10-19 01:17:13,452 [8386ee0a-1f3c-47fa-9779-9125ddcf4112@group-33D7D707C079-LeaderElection47] INFO  impl.LeaderElection (LeaderElection.java:askForVotes(178)) - 8386ee0a-1f3c-47fa-9779-9125ddcf4112@group-33D7D707C079-LeaderElection47: begin an election at term 42 for 0: [3f01402b-307c-4a54-abe6-b677433715ef:192.168.69.71:42588, 8386ee0a-1f3c-47fa-9779-9125ddcf4112:192.168.69.71:40009, e5f35640-2c6c-4b86-a5ff-33a1451b27ce:192.168.69.71:43138], old=null
2019-10-19 01:17:13,454 [grpc-default-executor-2] INFO  impl.RaftServerImpl (RaftServerImpl.java:setRole(184)) - 3f01402b-307c-4a54-abe6-b677433715ef@group-33D7D707C079: changes role from  FOLLOWER to FOLLOWER at term 42 for recognizeCandidate:8386ee0a-1f3c-47fa-9779-9125ddcf4112
2019-10-19 01:17:13,454 [grpc-default-executor-6] INFO  impl.RaftServerImpl (RaftServerImpl.java:setRole(184)) - e5f35640-2c6c-4b86-a5ff-33a1451b27ce@group-33D7D707C079: changes role from  FOLLOWER to FOLLOWER at term 42 for recognizeCandidate:8386ee0a-1f3c-47fa-9779-9125ddcf4112
2019-10-19 01:17:13,454 [grpc-default-executor-2] INFO  impl.RoleInfo (RoleInfo.java:shutdownFollowerState(121)) - 3f01402b-307c-4a54-abe6-b677433715ef: shutdown FollowerState
2019-10-19 01:17:13,454 [grpc-default-executor-6] INFO  impl.RoleInfo (RoleInfo.java:shutdownFollowerState(121)) - e5f35640-2c6c-4b86-a5ff-33a1451b27ce: shutdown FollowerState
2019-10-19 01:17:13,454 [grpc-default-executor-2] INFO  impl.RoleInfo (RoleInfo.java:updateAndGet(143)) - 3f01402b-307c-4a54-abe6-b677433715ef: start FollowerState
2019-10-19 01:17:13,454 [Thread-848] INFO  impl.FollowerState (FollowerState.java:run(117)) - 3f01402b-307c-4a54-abe6-b677433715ef@group-33D7D707C079-FollowerState was interrupted: java.lang.InterruptedException: sleep interrupted
2019-10-19 01:17:13,455 [Thread-849] INFO  impl.FollowerState (FollowerState.java:run(117)) - e5f35640-2c6c-4b86-a5ff-33a1451b27ce@group-33D7D707C079-FollowerState was interrupted: java.lang.InterruptedException: sleep interrupted
2019-10-19 01:17:13,455 [grpc-default-executor-6] INFO  impl.RoleInfo (RoleInfo.java:updateAndGet(143)) - e5f35640-2c6c-4b86-a5ff-33a1451b27ce: start FollowerState
2019-10-19 01:17:13,488 [BlockDeletingService#2] WARN  background.BlockDeletingService (BlockDeletingService.java:isDeletionAllowed(187)) - Close Container log Index 6 is not replicated across allthe servers in the pipeline 260d8aca-b42b-4def-900d-33d7d707c079 as the min replicated index is 4. Deletion is not allowed in this container yet.
2019-10-19 01:17:13,488 [BlockDeletingService#2] WARN  background.BlockDeletingService (BlockDeletingService.java:isDeletionAllowed(187)) - Close Container log Index 6 is not replicated across allthe servers in the pipeline 260d8aca-b42b-4def-900d-33d7d707c079 as the min replicated index is 4. Deletion is not allowed in this container yet.
2019-10-19 01:17:13,496 [8386ee0a-1f3c-47fa-9779-9125ddcf4112@group-33D7D707C079-LeaderElection47] INFO  impl.LeaderElection (LeaderElection.java:logAndReturn(56)) - 8386ee0a-1f3c-47fa-9779-9125ddcf4112@group-33D7D707C079-LeaderElection47: Election REJECTED; received 2 response(s) [8386ee0a-1f3c-47fa-9779-9125ddcf4112<-3f01402b-307c-4a54-abe6-b677433715ef#0:FAIL-t42, 8386ee0a-1f3c-47fa-9779-9125ddcf4112<-e5f35640-2c6c-4b86-a5ff-33a1451b27ce#0:FAIL-t42] and 0 exception(s); 8386ee0a-1f3c-47fa-9779-9125ddcf4112@group-33D7D707C079:t42, leader=null, voted=8386ee0a-1f3c-47fa-9779-9125ddcf4112, raftlog=8386ee0a-1f3c-47fa-9779-9125ddcf4112@group-33D7D707C079-SegmentedRaftLog:OPENED:c3,f4,i4, conf=0: [3f01402b-307c-4a54-abe6-b677433715ef:192.168.69.71:42588, 8386ee0a-1f3c-47fa-9779-9125ddcf4112:192.168.69.71:40009, e5f35640-2c6c-4b86-a5ff-33a1451b27ce:192.168.69.71:43138], old=null
2019-10-19 01:17:13,496 [8386ee0a-1f3c-47fa-9779-9125ddcf4112@group-33D7D707C079-LeaderElection47] INFO  impl.RaftServerImpl (RaftServerImpl.java:setRole(184)) - 8386ee0a-1f3c-47fa-9779-9125ddcf4112@group-33D7D707C079: changes role from CANDIDATE to FOLLOWER at term 42 for DISCOVERED_A_NEW_TERM
2019-10-19 01:17:13,496 [8386ee0a-1f3c-47fa-9779-9125ddcf4112@group-33D7D707C079-LeaderElection47] INFO  impl.RoleInfo (RoleInfo.java:shutdownLeaderElection(134)) - 8386ee0a-1f3c-47fa-9779-9125ddcf4112: shutdown LeaderElection
2019-10-19 01:17:13,496 [8386ee0a-1f3c-47fa-9779-9125ddcf4112@group-33D7D707C079-LeaderElection47] INFO  impl.RoleInfo (RoleInfo.java:updateAndGet(143)) - 8386ee0a-1f3c-47fa-9779-9125ddcf4112: start FollowerState
2019-10-19 01:17:13,511 [Thread-856] INFO  impl.FollowerState (FollowerState.java:run(108)) - 8386ee0a-1f3c-47fa-9779-9125ddcf4112@group-33D7D707C079-FollowerState: change to CANDIDATE, lastRpcTime:14ms, electionTimeout:14ms
2019-10-19 01:17:13,511 [Thread-856] INFO  impl.RoleInfo (RoleInfo.java:shutdownFollowerState(121)) - 8386ee0a-1f3c-47fa-9779-9125ddcf4112: shutdown FollowerState
2019-10-19 01:17:13,511 [Thread-856] INFO  impl.RaftServerImpl (RaftServerImpl.java:setRole(184)) - 8386ee0a-1f3c-47fa-9779-9125ddcf4112@group-33D7D707C079: changes role from  FOLLOWER to CANDIDATE at term 42 for changeToCandidate
2019-10-19 01:17:13,511 [Thread-856] INFO  impl.RoleInfo (RoleInfo.java:updateAndGet(143)) - 8386ee0a-1f3c-47fa-9779-9125ddcf4112: start LeaderElection
2019-10-19 01:17:13,525 [8386ee0a-1f3c-47fa-9779-9125ddcf4112@group-33D7D707C079-LeaderElection48] INFO  impl.LeaderElection (LeaderElection.java:askForVotes(178)) - 8386ee0a-1f3c-47fa-9779-9125ddcf4112@group-33D7D707C079-LeaderElection48: begin an election at term 43 for 0: [3f01402b-307c-4a54-abe6-b677433715ef:192.168.69.71:42588, 8386ee0a-1f3c-47fa-9779-9125ddcf4112:192.168.69.71:40009, e5f35640-2c6c-4b86-a5ff-33a1451b27ce:192.168.69.71:43138], old=null
2019-10-19 01:17:13,527 [grpc-default-executor-2] INFO  impl.RaftServerImpl (RaftServerImpl.java:setRole(184)) - e5f35640-2c6c-4b86-a5ff-33a1451b27ce@group-33D7D707C079: changes role from  FOLLOWER to FOLLOWER at term 43 for recognizeCandidate:8386ee0a-1f3c-47fa-9779-9125ddcf4112
2019-10-19 01:17:13,527 [grpc-default-executor-6] INFO  impl.RaftServerImpl (RaftServerImpl.java:setRole(184)) - 3f01402b-307c-4a54-abe6-b677433715ef@group-33D7D707C079: changes role from  FOLLOWER to FOLLOWER at term 43 for recognizeCandidate:8386ee0a-1f3c-47fa-9779-9125ddcf4112
2019-10-19 01:17:13,527 [grpc-default-executor-2] INFO  impl.RoleInfo (RoleInfo.java:shutdownFollowerState(121)) - e5f35640-2c6c-4b86-a5ff-33a1451b27ce: shutdown FollowerState
2019-10-19 01:17:13,528 [grpc-default-executor-6] INFO  impl.RoleInfo (RoleInfo.java:shutdownFollowerState(121)) - 3f01402b-307c-4a54-abe6-b677433715ef: shutdown FollowerState
2019-10-19 01:17:13,528 [Thread-853] INFO  impl.FollowerState (FollowerState.java:run(117)) - e5f35640-2c6c-4b86-a5ff-33a1451b27ce@group-33D7D707C079-FollowerState was interrupted: java.lang.InterruptedException: sleep interrupted
2019-10-19 01:17:13,528 [grpc-default-executor-6] INFO  impl.RoleInfo (RoleInfo.java:updateAndGet(143)) - 3f01402b-307c-4a54-abe6-b677433715ef: start FollowerState
2019-10-19 01:17:13,528 [grpc-default-executor-2] INFO  impl.RoleInfo (RoleInfo.java:updateAndGet(143)) - e5f35640-2c6c-4b86-a5ff-33a1451b27ce: start FollowerState
2019-10-19 01:17:13,528 [Thread-852] INFO  impl.FollowerState (FollowerState.java:run(117)) - 3f01402b-307c-4a54-abe6-b677433715ef@group-33D7D707C079-FollowerState was interrupted: java.lang.InterruptedException: sleep interrupted
2019-10-19 01:17:13,542 [8386ee0a-1f3c-47fa-9779-9125ddcf4112@group-33D7D707C079-LeaderElection48] INFO  impl.LeaderElection (LeaderElection.java:logAndReturn(56)) - 8386ee0a-1f3c-47fa-9779-9125ddcf4112@group-33D7D707C079-LeaderElection48: Election REJECTED; received 2 response(s) [8386ee0a-1f3c-47fa-9779-9125ddcf4112<-3f01402b-307c-4a54-abe6-b677433715ef#0:FAIL-t43, 8386ee0a-1f3c-47fa-9779-9125ddcf4112<-e5f35640-2c6c-4b86-a5ff-33a1451b27ce#0:FAIL-t43] and 0 exception(s); 8386ee0a-1f3c-47fa-9779-9125ddcf4112@group-33D7D707C079:t43, leader=null, voted=8386ee0a-1f3c-47fa-9779-9125ddcf4112, raftlog=8386ee0a-1f3c-47fa-9779-9125ddcf4112@group-33D7D707C079-SegmentedRaftLog:OPENED:c3,f4,i4, conf=0: [3f01402b-307c-4a54-abe6-b677433715ef:192.168.69.71:42588, 8386ee0a-1f3c-47fa-9779-9125ddcf4112:192.168.69.71:40009, e5f35640-2c6c-4b86-a5ff-33a1451b27ce:192.168.69.71:43138], old=null
2019-10-19 01:17:13,543 [8386ee0a-1f3c-47fa-9779-9125ddcf4112@group-33D7D707C079-LeaderElection48] INFO  impl.RaftServerImpl (RaftServerImpl.java:setRole(184)) - 8386ee0a-1f3c-47fa-9779-9125ddcf4112@group-33D7D707C079: changes role from CANDIDATE to FOLLOWER at term 43 for DISCOVERED_A_NEW_TERM
2019-10-19 01:17:13,543 [8386ee0a-1f3c-47fa-9779-9125ddcf4112@group-33D7D707C079-LeaderElection48] INFO  impl.RoleInfo (RoleInfo.java:shutdownLeaderElection(134)) - 8386ee0a-1f3c-47fa-9779-9125ddcf4112: shutdown LeaderElection
2019-10-19 01:17:13,543 [8386ee0a-1f3c-47fa-9779-9125ddcf4112@group-33D7D707C079-LeaderElection48] INFO  impl.RoleInfo (RoleInfo.java:updateAndGet(143)) - 8386ee0a-1f3c-47fa-9779-9125ddcf4112: start FollowerState
2019-10-19 01:17:13,576 [Thread-862] INFO  impl.FollowerState (FollowerState.java:run(108)) - 8386ee0a-1f3c-47fa-9779-9125ddcf4112@group-33D7D707C079-FollowerState: change to CANDIDATE, lastRpcTime:32ms, electionTimeout:32ms
2019-10-19 01:17:13,577 [Thread-862] INFO  impl.RoleInfo (RoleInfo.java:shutdownFollowerState(121)) - 8386ee0a-1f3c-47fa-9779-9125ddcf4112: shutdown FollowerState
2019-10-19 01:17:13,577 [Thread-862] INFO  impl.RaftServerImpl (RaftServerImpl.java:setRole(184)) - 8386ee0a-1f3c-47fa-9779-9125ddcf4112@group-33D7D707C079: changes role from  FOLLOWER to CANDIDATE at term 43 for changeToCandidate
2019-10-19 01:17:13,577 [Thread-862] INFO  impl.RoleInfo (RoleInfo.java:updateAndGet(143)) - 8386ee0a-1f3c-47fa-9779-9125ddcf4112: start LeaderElection
2019-10-19 01:17:13,591 [8386ee0a-1f3c-47fa-9779-9125ddcf4112@group-33D7D707C079-LeaderElection49] INFO  impl.LeaderElection (LeaderElection.java:askForVotes(178)) - 8386ee0a-1f3c-47fa-9779-9125ddcf4112@group-33D7D707C079-LeaderElection49: begin an election at term 44 for 0: [3f01402b-307c-4a54-abe6-b677433715ef:192.168.69.71:42588, 8386ee0a-1f3c-47fa-9779-9125ddcf4112:192.168.69.71:40009, e5f35640-2c6c-4b86-a5ff-33a1451b27ce:192.168.69.71:43138], old=null
2019-10-19 01:17:13,594 [grpc-default-executor-2] INFO  impl.RaftServerImpl (RaftServerImpl.java:setRole(184)) - e5f35640-2c6c-4b86-a5ff-33a1451b27ce@group-33D7D707C079: changes role from  FOLLOWER to FOLLOWER at term 44 for recognizeCandidate:8386ee0a-1f3c-47fa-9779-9125ddcf4112
2019-10-19 01:17:13,594 [grpc-default-executor-2] INFO  impl.RoleInfo (RoleInfo.java:shutdownFollowerState(121)) - e5f35640-2c6c-4b86-a5ff-33a1451b27ce: shutdown FollowerState
2019-10-19 01:17:13,594 [grpc-default-executor-6] INFO  impl.RaftServerImpl (RaftServerImpl.java:setRole(184)) - 3f01402b-307c-4a54-abe6-b677433715ef@group-33D7D707C079: changes role from  FOLLOWER to FOLLOWER at term 44 for recognizeCandidate:8386ee0a-1f3c-47fa-9779-9125ddcf4112
2019-10-19 01:17:13,594 [grpc-default-executor-2] INFO  impl.RoleInfo (RoleInfo.java:updateAndGet(143)) - e5f35640-2c6c-4b86-a5ff-33a1451b27ce: start FollowerState
2019-10-19 01:17:13,594 [Thread-860] INFO  impl.FollowerState (FollowerState.java:run(117)) - e5f35640-2c6c-4b86-a5ff-33a1451b27ce@group-33D7D707C079-FollowerState was interrupted: java.lang.InterruptedException: sleep interrupted
2019-10-19 01:17:13,594 [grpc-default-executor-6] INFO  impl.RoleInfo (RoleInfo.java:shutdownFollowerState(121)) - 3f01402b-307c-4a54-abe6-b677433715ef: shutdown FollowerState
2019-10-19 01:17:13,595 [Thread-861] INFO  impl.FollowerState (FollowerState.java:run(117)) - 3f01402b-307c-4a54-abe6-b677433715ef@group-33D7D707C079-FollowerState was interrupted: java.lang.InterruptedException: sleep interrupted
2019-10-19 01:17:13,595 [grpc-default-executor-6] INFO  impl.RoleInfo (RoleInfo.java:updateAndGet(143)) - 3f01402b-307c-4a54-abe6-b677433715ef: start FollowerState
2019-10-19 01:17:13,609 [8386ee0a-1f3c-47fa-9779-9125ddcf4112@group-33D7D707C079-LeaderElection49] INFO  impl.LeaderElection (LeaderElection.java:logAndReturn(56)) - 8386ee0a-1f3c-47fa-9779-9125ddcf4112@group-33D7D707C079-LeaderElection49: Election REJECTED; received 2 response(s) [8386ee0a-1f3c-47fa-9779-9125ddcf4112<-3f01402b-307c-4a54-abe6-b677433715ef#0:FAIL-t44, 8386ee0a-1f3c-47fa-9779-9125ddcf4112<-e5f35640-2c6c-4b86-a5ff-33a1451b27ce#0:FAIL-t44] and 0 exception(s); 8386ee0a-1f3c-47fa-9779-9125ddcf4112@group-33D7D707C079:t44, leader=null, voted=8386ee0a-1f3c-47fa-9779-9125ddcf4112, raftlog=8386ee0a-1f3c-47fa-9779-9125ddcf4112@group-33D7D707C079-SegmentedRaftLog:OPENED:c3,f4,i4, conf=0: [3f01402b-307c-4a54-abe6-b677433715ef:192.168.69.71:42588, 8386ee0a-1f3c-47fa-9779-9125ddcf4112:192.168.69.71:40009, e5f35640-2c6c-4b86-a5ff-33a1451b27ce:192.168.69.71:43138], old=null
2019-10-19 01:17:13,609 [8386ee0a-1f3c-47fa-9779-9125ddcf4112@group-33D7D707C079-LeaderElection49] INFO  impl.RaftServerImpl (RaftServerImpl.java:setRole(184)) - 8386ee0a-1f3c-47fa-9779-9125ddcf4112@group-33D7D707C079: changes role from CANDIDATE to FOLLOWER at term 44 for DISCOVERED_A_NEW_TERM
2019-10-19 01:17:13,610 [8386ee0a-1f3c-47fa-9779-9125ddcf4112@group-33D7D707C079-LeaderElection49] INFO  impl.RoleInfo (RoleInfo.java:shutdownLeaderElection(134)) - 8386ee0a-1f3c-47fa-9779-9125ddcf4112: shutdown LeaderElection
2019-10-19 01:17:13,610 [8386ee0a-1f3c-47fa-9779-9125ddcf4112@group-33D7D707C079-LeaderElection49] INFO  impl.RoleInfo (RoleInfo.java:updateAndGet(143)) - 8386ee0a-1f3c-47fa-9779-9125ddcf4112: start FollowerState
2019-10-19 01:17:13,726 [EventQueue-PendingDeleteStatusForPendingDeleteHandler] INFO  block.SCMBlockDeletingService (SCMBlockDeletingService.java:handlePendingDeletes(115)) - Block deletion txnID mismatch in datanode 8386ee0a-1f3c-47fa-9779-9125ddcf4112 for containerID 1. Datanode delete txnID: 0, SCM txnID: 1
2019-10-19 01:17:13,754 [Thread-868] INFO  impl.FollowerState (FollowerState.java:run(108)) - 8386ee0a-1f3c-47fa-9779-9125ddcf4112@group-33D7D707C079-FollowerState: change to CANDIDATE, lastRpcTime:144ms, electionTimeout:144ms
2019-10-19 01:17:13,754 [Thread-868] INFO  impl.RoleInfo (RoleInfo.java:shutdownFollowerState(121)) - 8386ee0a-1f3c-47fa-9779-9125ddcf4112: shutdown FollowerState
2019-10-19 01:17:13,754 [Thread-868] INFO  impl.RaftServerImpl (RaftServerImpl.java:setRole(184)) - 8386ee0a-1f3c-47fa-9779-9125ddcf4112@group-33D7D707C079: changes role from  FOLLOWER to CANDIDATE at term 44 for changeToCandidate
2019-10-19 01:17:13,755 [Thread-868] INFO  impl.RoleInfo (RoleInfo.java:updateAndGet(143)) - 8386ee0a-1f3c-47fa-9779-9125ddcf4112: start LeaderElection
2019-10-19 01:17:13,769 [8386ee0a-1f3c-47fa-9779-9125ddcf4112@group-33D7D707C079-LeaderElection50] INFO  impl.LeaderElection (LeaderElection.java:askForVotes(178)) - 8386ee0a-1f3c-47fa-9779-9125ddcf4112@group-33D7D707C079-LeaderElection50: begin an election at term 45 for 0: [3f01402b-307c-4a54-abe6-b677433715ef:192.168.69.71:42588, 8386ee0a-1f3c-47fa-9779-9125ddcf4112:192.168.69.71:40009, e5f35640-2c6c-4b86-a5ff-33a1451b27ce:192.168.69.71:43138], old=null
2019-10-19 01:17:13,772 [grpc-default-executor-6] INFO  impl.RaftServerImpl (RaftServerImpl.java:setRole(184)) - 3f01402b-307c-4a54-abe6-b677433715ef@group-33D7D707C079: changes role from  FOLLOWER to FOLLOWER at term 45 for recognizeCandidate:8386ee0a-1f3c-47fa-9779-9125ddcf4112
2019-10-19 01:17:13,772 [grpc-default-executor-2] INFO  impl.RaftServerImpl (RaftServerImpl.java:setRole(184)) - e5f35640-2c6c-4b86-a5ff-33a1451b27ce@group-33D7D707C079: changes role from  FOLLOWER to FOLLOWER at term 45 for recognizeCandidate:8386ee0a-1f3c-47fa-9779-9125ddcf4112
2019-10-19 01:17:13,772 [grpc-default-executor-6] INFO  impl.RoleInfo (RoleInfo.java:shutdownFollowerState(121)) - 3f01402b-307c-4a54-abe6-b677433715ef: shutdown FollowerState
2019-10-19 01:17:13,772 [grpc-default-executor-2] INFO  impl.RoleInfo (RoleInfo.java:shutdownFollowerState(121)) - e5f35640-2c6c-4b86-a5ff-33a1451b27ce: shutdown FollowerState
2019-10-19 01:17:13,772 [Thread-867] INFO  impl.FollowerState (FollowerState.java:run(117)) - 3f01402b-307c-4a54-abe6-b677433715ef@group-33D7D707C079-FollowerState was interrupted: java.lang.InterruptedException: sleep interrupted
2019-10-19 01:17:13,773 [Thread-866] INFO  impl.FollowerState (FollowerState.java:run(117)) - e5f35640-2c6c-4b86-a5ff-33a1451b27ce@group-33D7D707C079-FollowerState was interrupted: java.lang.InterruptedException: sleep interrupted
2019-10-19 01:17:13,773 [grpc-default-executor-2] INFO  impl.RoleInfo (RoleInfo.java:updateAndGet(143)) - e5f35640-2c6c-4b86-a5ff-33a1451b27ce: start FollowerState
2019-10-19 01:17:13,773 [grpc-default-executor-6] INFO  impl.RoleInfo (RoleInfo.java:updateAndGet(143)) - 3f01402b-307c-4a54-abe6-b677433715ef: start FollowerState
2019-10-19 01:17:13,779 [8386ee0a-1f3c-47fa-9779-9125ddcf4112@group-33D7D707C079-LeaderElection50] INFO  impl.LeaderElection (LeaderElection.java:logAndReturn(56)) - 8386ee0a-1f3c-47fa-9779-9125ddcf4112@group-33D7D707C079-LeaderElection50: Election TIMEOUT; received 0 response(s) [] and 0 exception(s); 8386ee0a-1f3c-47fa-9779-9125ddcf4112@group-33D7D707C079:t45, leader=null, voted=8386ee0a-1f3c-47fa-9779-9125ddcf4112, raftlog=8386ee0a-1f3c-47fa-9779-9125ddcf4112@group-33D7D707C079-SegmentedRaftLog:OPENED:c3,f4,i4, conf=0: [3f01402b-307c-4a54-abe6-b677433715ef:192.168.69.71:42588, 8386ee0a-1f3c-47fa-9779-9125ddcf4112:192.168.69.71:40009, e5f35640-2c6c-4b86-a5ff-33a1451b27ce:192.168.69.71:43138], old=null
2019-10-19 01:17:13,786 [8386ee0a-1f3c-47fa-9779-9125ddcf4112@group-33D7D707C079-LeaderElection50] INFO  impl.LeaderElection (LeaderElection.java:askForVotes(178)) - 8386ee0a-1f3c-47fa-9779-9125ddcf4112@group-33D7D707C079-LeaderElection50: begin an election at term 46 for 0: [3f01402b-307c-4a54-abe6-b677433715ef:192.168.69.71:42588, 8386ee0a-1f3c-47fa-9779-9125ddcf4112:192.168.69.71:40009, e5f35640-2c6c-4b86-a5ff-33a1451b27ce:192.168.69.71:43138], old=null
2019-10-19 01:17:13,788 [grpc-default-executor-6] INFO  impl.RaftServerImpl (RaftServerImpl.java:setRole(184)) - 3f01402b-307c-4a54-abe6-b677433715ef@group-33D7D707C079: changes role from  FOLLOWER to FOLLOWER at term 46 for recognizeCandidate:8386ee0a-1f3c-47fa-9779-9125ddcf4112
2019-10-19 01:17:13,788 [grpc-default-executor-6] INFO  impl.RoleInfo (RoleInfo.java:shutdownFollowerState(121)) - 3f01402b-307c-4a54-abe6-b677433715ef: shutdown FollowerState
2019-10-19 01:17:13,788 [Thread-872] INFO  impl.FollowerState (FollowerState.java:run(117)) - 3f01402b-307c-4a54-abe6-b677433715ef@group-33D7D707C079-FollowerState was interrupted: java.lang.InterruptedException: sleep interrupted
2019-10-19 01:17:13,788 [grpc-default-executor-6] INFO  impl.RoleInfo (RoleInfo.java:updateAndGet(143)) - 3f01402b-307c-4a54-abe6-b677433715ef: start FollowerState
2019-10-19 01:17:13,789 [grpc-default-executor-2] INFO  impl.RaftServerImpl (RaftServerImpl.java:setRole(184)) - e5f35640-2c6c-4b86-a5ff-33a1451b27ce@group-33D7D707C079: changes role from  FOLLOWER to FOLLOWER at term 46 for recognizeCandidate:8386ee0a-1f3c-47fa-9779-9125ddcf4112
2019-10-19 01:17:13,789 [grpc-default-executor-2] INFO  impl.RoleInfo (RoleInfo.java:shutdownFollowerState(121)) - e5f35640-2c6c-4b86-a5ff-33a1451b27ce: shutdown FollowerState
2019-10-19 01:17:13,789 [grpc-default-executor-2] INFO  impl.RoleInfo (RoleInfo.java:updateAndGet(143)) - e5f35640-2c6c-4b86-a5ff-33a1451b27ce: start FollowerState
2019-10-19 01:17:13,789 [Thread-873] INFO  impl.FollowerState (FollowerState.java:run(117)) - e5f35640-2c6c-4b86-a5ff-33a1451b27ce@group-33D7D707C079-FollowerState was interrupted: java.lang.InterruptedException: sleep interrupted
2019-10-19 01:17:13,803 [8386ee0a-1f3c-47fa-9779-9125ddcf4112@group-33D7D707C079-LeaderElection50] INFO  impl.LeaderElection (LeaderElection.java:logAndReturn(56)) - 8386ee0a-1f3c-47fa-9779-9125ddcf4112@group-33D7D707C079-LeaderElection50: Election REJECTED; received 2 response(s) [8386ee0a-1f3c-47fa-9779-9125ddcf4112<-3f01402b-307c-4a54-abe6-b677433715ef#0:FAIL-t46, 8386ee0a-1f3c-47fa-9779-9125ddcf4112<-e5f35640-2c6c-4b86-a5ff-33a1451b27ce#0:FAIL-t46] and 0 exception(s); 8386ee0a-1f3c-47fa-9779-9125ddcf4112@group-33D7D707C079:t46, leader=null, voted=8386ee0a-1f3c-47fa-9779-9125ddcf4112, raftlog=8386ee0a-1f3c-47fa-9779-9125ddcf4112@group-33D7D707C079-SegmentedRaftLog:OPENED:c3,f4,i4, conf=0: [3f01402b-307c-4a54-abe6-b677433715ef:192.168.69.71:42588, 8386ee0a-1f3c-47fa-9779-9125ddcf4112:192.168.69.71:40009, e5f35640-2c6c-4b86-a5ff-33a1451b27ce:192.168.69.71:43138], old=null
2019-10-19 01:17:13,803 [8386ee0a-1f3c-47fa-9779-9125ddcf4112@group-33D7D707C079-LeaderElection50] INFO  impl.RaftServerImpl (RaftServerImpl.java:setRole(184)) - 8386ee0a-1f3c-47fa-9779-9125ddcf4112@group-33D7D707C079: changes role from CANDIDATE to FOLLOWER at term 46 for DISCOVERED_A_NEW_TERM
2019-10-19 01:17:13,803 [8386ee0a-1f3c-47fa-9779-9125ddcf4112@group-33D7D707C079-LeaderElection50] INFO  impl.RoleInfo (RoleInfo.java:shutdownLeaderElection(134)) - 8386ee0a-1f3c-47fa-9779-9125ddcf4112: shutdown LeaderElection
2019-10-19 01:17:13,803 [8386ee0a-1f3c-47fa-9779-9125ddcf4112@group-33D7D707C079-LeaderElection50] INFO  impl.RoleInfo (RoleInfo.java:updateAndGet(143)) - 8386ee0a-1f3c-47fa-9779-9125ddcf4112: start FollowerState
2019-10-19 01:17:13,849 [Thread-878] INFO  impl.FollowerState (FollowerState.java:run(108)) - 8386ee0a-1f3c-47fa-9779-9125ddcf4112@group-33D7D707C079-FollowerState: change to CANDIDATE, lastRpcTime:45ms, electionTimeout:45ms
2019-10-19 01:17:13,849 [Thread-878] INFO  impl.RoleInfo (RoleInfo.java:shutdownFollowerState(121)) - 8386ee0a-1f3c-47fa-9779-9125ddcf4112: shutdown FollowerState
2019-10-19 01:17:13,849 [Thread-878] INFO  impl.RaftServerImpl (RaftServerImpl.java:setRole(184)) - 8386ee0a-1f3c-47fa-9779-9125ddcf4112@group-33D7D707C079: changes role from  FOLLOWER to CANDIDATE at term 46 for changeToCandidate
2019-10-19 01:17:13,849 [Thread-878] INFO  impl.RoleInfo (RoleInfo.java:updateAndGet(143)) - 8386ee0a-1f3c-47fa-9779-9125ddcf4112: start LeaderElection
2019-10-19 01:17:13,863 [8386ee0a-1f3c-47fa-9779-9125ddcf4112@group-33D7D707C079-LeaderElection51] INFO  impl.LeaderElection (LeaderElection.java:askForVotes(178)) - 8386ee0a-1f3c-47fa-9779-9125ddcf4112@group-33D7D707C079-LeaderElection51: begin an election at term 47 for 0: [3f01402b-307c-4a54-abe6-b677433715ef:192.168.69.71:42588, 8386ee0a-1f3c-47fa-9779-9125ddcf4112:192.168.69.71:40009, e5f35640-2c6c-4b86-a5ff-33a1451b27ce:192.168.69.71:43138], old=null
2019-10-19 01:17:13,866 [grpc-default-executor-6] INFO  impl.RaftServerImpl (RaftServerImpl.java:setRole(184)) - 3f01402b-307c-4a54-abe6-b677433715ef@group-33D7D707C079: changes role from  FOLLOWER to FOLLOWER at term 47 for recognizeCandidate:8386ee0a-1f3c-47fa-9779-9125ddcf4112
2019-10-19 01:17:13,866 [grpc-default-executor-6] INFO  impl.RoleInfo (RoleInfo.java:shutdownFollowerState(121)) - 3f01402b-307c-4a54-abe6-b677433715ef: shutdown FollowerState
2019-10-19 01:17:13,866 [grpc-default-executor-2] INFO  impl.RaftServerImpl (RaftServerImpl.java:setRole(184)) - e5f35640-2c6c-4b86-a5ff-33a1451b27ce@group-33D7D707C079: changes role from  FOLLOWER to FOLLOWER at term 47 for recognizeCandidate:8386ee0a-1f3c-47fa-9779-9125ddcf4112
2019-10-19 01:17:13,866 [Thread-876] INFO  impl.FollowerState (FollowerState.java:run(117)) - 3f01402b-307c-4a54-abe6-b677433715ef@group-33D7D707C079-FollowerState was interrupted: java.lang.InterruptedException: sleep interrupted
2019-10-19 01:17:13,866 [grpc-default-executor-6] INFO  impl.RoleInfo (RoleInfo.java:updateAndGet(143)) - 3f01402b-307c-4a54-abe6-b677433715ef: start FollowerState
2019-10-19 01:17:13,866 [grpc-default-executor-2] INFO  impl.RoleInfo (RoleInfo.java:shutdownFollowerState(121)) - e5f35640-2c6c-4b86-a5ff-33a1451b27ce: shutdown FollowerState
2019-10-19 01:17:13,867 [grpc-default-executor-2] INFO  impl.RoleInfo (RoleInfo.java:updateAndGet(143)) - e5f35640-2c6c-4b86-a5ff-33a1451b27ce: start FollowerState
2019-10-19 01:17:13,867 [Thread-877] INFO  impl.FollowerState (FollowerState.java:run(117)) - e5f35640-2c6c-4b86-a5ff-33a1451b27ce@group-33D7D707C079-FollowerState was interrupted: java.lang.InterruptedException: sleep interrupted
2019-10-19 01:17:13,881 [8386ee0a-1f3c-47fa-9779-9125ddcf4112@group-33D7D707C079-LeaderElection51] INFO  impl.LeaderElection (LeaderElection.java:logAndReturn(56)) - 8386ee0a-1f3c-47fa-9779-9125ddcf4112@group-33D7D707C079-LeaderElection51: Election REJECTED; received 2 response(s) [8386ee0a-1f3c-47fa-9779-9125ddcf4112<-3f01402b-307c-4a54-abe6-b677433715ef#0:FAIL-t47, 8386ee0a-1f3c-47fa-9779-9125ddcf4112<-e5f35640-2c6c-4b86-a5ff-33a1451b27ce#0:FAIL-t47] and 0 exception(s); 8386ee0a-1f3c-47fa-9779-9125ddcf4112@group-33D7D707C079:t47, leader=null, voted=8386ee0a-1f3c-47fa-9779-9125ddcf4112, raftlog=8386ee0a-1f3c-47fa-9779-9125ddcf4112@group-33D7D707C079-SegmentedRaftLog:OPENED:c3,f4,i4, conf=0: [3f01402b-307c-4a54-abe6-b677433715ef:192.168.69.71:42588, 8386ee0a-1f3c-47fa-9779-9125ddcf4112:192.168.69.71:40009, e5f35640-2c6c-4b86-a5ff-33a1451b27ce:192.168.69.71:43138], old=null
2019-10-19 01:17:13,881 [8386ee0a-1f3c-47fa-9779-9125ddcf4112@group-33D7D707C079-LeaderElection51] INFO  impl.RaftServerImpl (RaftServerImpl.java:setRole(184)) - 8386ee0a-1f3c-47fa-9779-9125ddcf4112@group-33D7D707C079: changes role from CANDIDATE to FOLLOWER at term 47 for DISCOVERED_A_NEW_TERM
2019-10-19 01:17:13,882 [8386ee0a-1f3c-47fa-9779-9125ddcf4112@group-33D7D707C079-LeaderElection51] INFO  impl.RoleInfo (RoleInfo.java:shutdownLeaderElection(134)) - 8386ee0a-1f3c-47fa-9779-9125ddcf4112: shutdown LeaderElection
2019-10-19 01:17:13,882 [8386ee0a-1f3c-47fa-9779-9125ddcf4112@group-33D7D707C079-LeaderElection51] INFO  impl.RoleInfo (RoleInfo.java:updateAndGet(143)) - 8386ee0a-1f3c-47fa-9779-9125ddcf4112: start FollowerState
2019-10-19 01:17:13,932 [Command processor thread] INFO  commandhandler.DeleteBlocksCommandHandler (DeleteBlocksCommandHandler.java:handle(106)) - Start to delete container blocks, TXIDs=[1(0)], numOfContainers=1, numOfBlocks=1
2019-10-19 01:17:13,933 [Command processor thread] INFO  commandhandler.DeleteBlocksCommandHandler (DeleteBlocksCommandHandler.java:handle(106)) - Start to delete container blocks, TXIDs=[1(2)], numOfContainers=1, numOfBlocks=1
2019-10-19 01:17:13,933 [Command processor thread] INFO  commandhandler.DeleteBlocksCommandHandler (DeleteBlocksCommandHandler.java:handle(106)) - Start to delete container blocks, TXIDs=[1(0)], numOfContainers=1, numOfBlocks=1
2019-10-19 01:17:13,933 [Command processor thread] INFO  commandhandler.DeleteBlocksCommandHandler (DeleteBlocksCommandHandler.java:handle(106)) - Start to delete container blocks, TXIDs=[1(2)], numOfContainers=1, numOfBlocks=1
2019-10-19 01:17:13,933 [Command processor thread] INFO  commandhandler.DeleteBlocksCommandHandler (DeleteBlocksCommandHandler.java:handle(106)) - Start to delete container blocks, TXIDs=[1(2)], numOfContainers=1, numOfBlocks=1
2019-10-19 01:17:13,934 [Command processor thread] INFO  commandhandler.DeleteBlocksCommandHandler (DeleteBlocksCommandHandler.java:handle(106)) - Start to delete container blocks, TXIDs=[1(0)], numOfContainers=1, numOfBlocks=1
2019-10-19 01:17:13,934 [Command processor thread] INFO  commandhandler.DeleteBlocksCommandHandler (DeleteBlocksCommandHandler.java:handle(106)) - Start to delete container blocks, TXIDs=[1(2)], numOfContainers=1, numOfBlocks=1
2019-10-19 01:17:13,934 [Command processor thread] INFO  commandhandler.DeleteBlocksCommandHandler (DeleteBlocksCommandHandler.java:handle(106)) - Start to delete container blocks, TXIDs=[1(0)], numOfContainers=1, numOfBlocks=1
2019-10-19 01:17:13,934 [Command processor thread] INFO  commandhandler.DeleteBlocksCommandHandler (DeleteBlocksCommandHandler.java:handle(106)) - Start to delete container blocks, TXIDs=[1(2)], numOfContainers=1, numOfBlocks=1
2019-10-19 01:17:13,934 [Command processor thread] INFO  commandhandler.DeleteBlocksCommandHandler (DeleteBlocksCommandHandler.java:handle(106)) - Start to delete container blocks, TXIDs=[1(2)], numOfContainers=1, numOfBlocks=1
2019-10-19 01:17:13,934 [Command processor thread] INFO  commandhandler.DeleteBlocksCommandHandler (DeleteBlocksCommandHandler.java:handle(106)) - Start to delete container blocks, TXIDs=[1(2)], numOfContainers=1, numOfBlocks=1
2019-10-19 01:17:13,935 [Command processor thread] INFO  commandhandler.DeleteBlocksCommandHandler (DeleteBlocksCommandHandler.java:handle(106)) - Start to delete container blocks, TXIDs=[1(2)], numOfContainers=1, numOfBlocks=1
2019-10-19 01:17:13,935 [Command processor thread] INFO  commandhandler.DeleteBlocksCommandHandler (DeleteBlocksCommandHandler.java:handle(106)) - Start to delete container blocks, TXIDs=[1(2)], numOfContainers=1, numOfBlocks=1
2019-10-19 01:17:13,935 [Command processor thread] INFO  commandhandler.DeleteBlocksCommandHandler (DeleteBlocksCommandHandler.java:handle(106)) - Start to delete container blocks, TXIDs=[1(2)], numOfContainers=1, numOfBlocks=1
2019-10-19 01:17:13,935 [Command processor thread] INFO  commandhandler.DeleteBlocksCommandHandler (DeleteBlocksCommandHandler.java:handle(106)) - Start to delete container blocks, TXIDs=[1(0)], numOfContainers=1, numOfBlocks=1
2019-10-19 01:17:13,935 [Command processor thread] INFO  commandhandler.DeleteBlocksCommandHandler (DeleteBlocksCommandHandler.java:handle(106)) - Start to delete container blocks, TXIDs=[1(2)], numOfContainers=1, numOfBlocks=1
2019-10-19 01:17:13,935 [Command processor thread] INFO  commandhandler.DeleteBlocksCommandHandler (DeleteBlocksCommandHandler.java:handle(106)) - Start to delete container blocks, TXIDs=[1(2)], numOfContainers=1, numOfBlocks=1
2019-10-19 01:17:13,936 [Command processor thread] INFO  commandhandler.DeleteBlocksCommandHandler (DeleteBlocksCommandHandler.java:handle(106)) - Start to delete container blocks, TXIDs=[1(0)], numOfContainers=1, numOfBlocks=1
2019-10-19 01:17:13,936 [Command processor thread] INFO  commandhandler.DeleteBlocksCommandHandler (DeleteBlocksCommandHandler.java:handle(106)) - Start to delete container blocks, TXIDs=[1(2)], numOfContainers=1, numOfBlocks=1
2019-10-19 01:17:13,936 [Command processor thread] INFO  commandhandler.DeleteBlocksCommandHandler (DeleteBlocksCommandHandler.java:handle(106)) - Start to delete container blocks, TXIDs=[1(2)], numOfContainers=1, numOfBlocks=1
2019-10-19 01:17:13,936 [Command processor thread] INFO  commandhandler.DeleteBlocksCommandHandler (DeleteBlocksCommandHandler.java:handle(106)) - Start to delete container blocks, TXIDs=[1(2)], numOfContainers=1, numOfBlocks=1
2019-10-19 01:17:13,936 [Command processor thread] INFO  commandhandler.DeleteBlocksCommandHandler (DeleteBlocksCommandHandler.java:handle(106)) - Start to delete container blocks, TXIDs=[1(0)], numOfContainers=1, numOfBlocks=1
2019-10-19 01:17:13,936 [Command processor thread] INFO  commandhandler.DeleteBlocksCommandHandler (DeleteBlocksCommandHandler.java:handle(106)) - Start to delete container blocks, TXIDs=[1(2)], numOfContainers=1, numOfBlocks=1
2019-10-19 01:17:13,937 [Command processor thread] INFO  commandhandler.DeleteBlocksCommandHandler (DeleteBlocksCommandHandler.java:handle(106)) - Start to delete container blocks, TXIDs=[1(2)], numOfContainers=1, numOfBlocks=1
2019-10-19 01:17:13,937 [Command processor thread] INFO  commandhandler.DeleteBlocksCommandHandler (DeleteBlocksCommandHandler.java:handle(106)) - Start to delete container blocks, TXIDs=[1(2)], numOfContainers=1, numOfBlocks=1
2019-10-19 01:17:13,937 [Command processor thread] INFO  commandhandler.DeleteBlocksCommandHandler (DeleteBlocksCommandHandler.java:handle(106)) - Start to delete container blocks, TXIDs=[1(2)], numOfContainers=1, numOfBlocks=1
2019-10-19 01:17:13,937 [Command processor thread] INFO  commandhandler.DeleteBlocksCommandHandler (DeleteBlocksCommandHandler.java:handle(106)) - Start to delete container blocks, TXIDs=[1(2)], numOfContainers=1, numOfBlocks=1
2019-10-19 01:17:13,937 [Command processor thread] INFO  commandhandler.DeleteBlocksCommandHandler (DeleteBlocksCommandHandler.java:handle(106)) - Start to delete container blocks, TXIDs=[1(2)], numOfContainers=1, numOfBlocks=1
2019-10-19 01:17:13,937 [Command processor thread] INFO  commandhandler.DeleteBlocksCommandHandler (DeleteBlocksCommandHandler.java:handle(106)) - Start to delete container blocks, TXIDs=[1(2)], numOfContainers=1, numOfBlocks=1
2019-10-19 01:17:13,937 [Command processor thread] INFO  commandhandler.DeleteBlocksCommandHandler (DeleteBlocksCommandHandler.java:handle(106)) - Start to delete container blocks, TXIDs=[1(2)], numOfContainers=1, numOfBlocks=1
2019-10-19 01:17:13,938 [Command processor thread] INFO  commandhandler.DeleteBlocksCommandHandler (DeleteBlocksCommandHandler.java:handle(106)) - Start to delete container blocks, TXIDs=[1(2)], numOfContainers=1, numOfBlocks=1
2019-10-19 01:17:13,938 [Command processor thread] INFO  commandhandler.DeleteBlocksCommandHandler (DeleteBlocksCommandHandler.java:handle(106)) - Start to delete container blocks, TXIDs=[1(2)], numOfContainers=1, numOfBlocks=1
2019-10-19 01:17:13,938 [Command processor thread] INFO  commandhandler.DeleteBlocksCommandHandler (DeleteBlocksCommandHandler.java:handle(106)) - Start to delete container blocks, TXIDs=[1(30)], numOfContainers=1, numOfBlocks=1
2019-10-19 01:17:13,938 [Command processor thread] INFO  commandhandler.DeleteBlocksCommandHandler (DeleteBlocksCommandHandler.java:handle(106)) - Start to delete container blocks, TXIDs=[1(2)], numOfContainers=1, numOfBlocks=1
2019-10-19 01:17:13,938 [Command processor thread] INFO  commandhandler.DeleteBlocksCommandHandler (DeleteBlocksCommandHandler.java:handle(106)) - Start to delete container blocks, TXIDs=[1(2)], numOfContainers=1, numOfBlocks=1
2019-10-19 01:17:13,939 [Command processor thread] INFO  commandhandler.DeleteBlocksCommandHandler (DeleteBlocksCommandHandler.java:handle(106)) - Start to delete container blocks, TXIDs=[1(0)], numOfContainers=1, numOfBlocks=1
2019-10-19 01:17:14,035 [EventQueue-DeleteBlockStatusForDeletedBlockLogImpl] WARN  block.DeletedBlockLogImpl (DeletedBlockLogImpl.java:commitTransactions(205)) - Transaction txId=1 commit by dnId=8386ee0a-1f3c-47fa-9779-9125ddcf4112 for containerID=#1 failed. Corresponding entry not found.
2019-10-19 01:17:14,036 [EventQueue-DeleteBlockStatusForDeletedBlockLogImpl] WARN  block.DeletedBlockLogImpl (DeletedBlockLogImpl.java:commitTransactions(205)) - Transaction txId=1 commit by dnId=8386ee0a-1f3c-47fa-9779-9125ddcf4112 for containerID=#1 failed. Corresponding entry not found.
2019-10-19 01:17:14,036 [EventQueue-DeleteBlockStatusForDeletedBlockLogImpl] WARN  block.DeletedBlockLogImpl (DeletedBlockLogImpl.java:commitTransactions(205)) - Transaction txId=1 commit by dnId=8386ee0a-1f3c-47fa-9779-9125ddcf4112 for containerID=#1 failed. Corresponding entry not found.
2019-10-19 01:17:14,036 [EventQueue-DeleteBlockStatusForDeletedBlockLogImpl] WARN  block.DeletedBlockLogImpl (DeletedBlockLogImpl.java:commitTransactions(205)) - Transaction txId=1 commit by dnId=8386ee0a-1f3c-47fa-9779-9125ddcf4112 for containerID=#1 failed. Corresponding entry not found.
2019-10-19 01:17:14,036 [EventQueue-DeleteBlockStatusForDeletedBlockLogImpl] WARN  block.DeletedBlockLogImpl (DeletedBlockLogImpl.java:commitTransactions(205)) - Transaction txId=1 commit by dnId=8386ee0a-1f3c-47fa-9779-9125ddcf4112 for containerID=#1 failed. Corresponding entry not found.
2019-10-19 01:17:14,036 [EventQueue-DeleteBlockStatusForDeletedBlockLogImpl] WARN  block.DeletedBlockLogImpl (DeletedBlockLogImpl.java:commitTransactions(205)) - Transaction txId=1 commit by dnId=8386ee0a-1f3c-47fa-9779-9125ddcf4112 for containerID=#1 failed. Corresponding entry not found.
2019-10-19 01:17:14,036 [EventQueue-DeleteBlockStatusForDeletedBlockLogImpl] WARN  block.DeletedBlockLogImpl (DeletedBlockLogImpl.java:commitTransactions(205)) - Transaction txId=1 commit by dnId=8386ee0a-1f3c-47fa-9779-9125ddcf4112 for containerID=#1 failed. Corresponding entry not found.
2019-10-19 01:17:14,051 [Thread-887] INFO  client.GrpcClientProtocolService (GrpcClientProtocolService.java:lambda$processClientRequest$0(278)) - Failed RaftClientRequest:client-0C21EF03FE8D->e5f35640-2c6c-4b86-a5ff-33a1451b27ce@group-33D7D707C079, cid=10, seq=0, Watch-ALL_COMMITTED(6), Message:<EMPTY>, reply=RaftClientReply:client-0C21EF03FE8D->e5f35640-2c6c-4b86-a5ff-33a1451b27ce@group-33D7D707C079, cid=10, FAILED org.apache.ratis.protocol.NotLeaderException: Server e5f35640-2c6c-4b86-a5ff-33a1451b27ce@group-33D7D707C079 is not the leader, logIndex=0, commits[e5f35640-2c6c-4b86-a5ff-33a1451b27ce:c10, 3f01402b-307c-4a54-abe6-b677433715ef:c10, 8386ee0a-1f3c-47fa-9779-9125ddcf4112:c4]
2019-10-19 01:17:14,069 [Thread-884] INFO  impl.FollowerState (FollowerState.java:run(108)) - 8386ee0a-1f3c-47fa-9779-9125ddcf4112@group-33D7D707C079-FollowerState: change to CANDIDATE, lastRpcTime:187ms, electionTimeout:187ms
2019-10-19 01:17:14,069 [Thread-884] INFO  impl.RoleInfo (RoleInfo.java:shutdownFollowerState(121)) - 8386ee0a-1f3c-47fa-9779-9125ddcf4112: shutdown FollowerState
2019-10-19 01:17:14,070 [Thread-884] INFO  impl.RaftServerImpl (RaftServerImpl.java:setRole(184)) - 8386ee0a-1f3c-47fa-9779-9125ddcf4112@group-33D7D707C079: changes role from  FOLLOWER to CANDIDATE at term 47 for changeToCandidate
2019-10-19 01:17:14,070 [Thread-884] INFO  impl.RoleInfo (RoleInfo.java:updateAndGet(143)) - 8386ee0a-1f3c-47fa-9779-9125ddcf4112: start LeaderElection
2019-10-19 01:17:14,095 [8386ee0a-1f3c-47fa-9779-9125ddcf4112@group-33D7D707C079-LeaderElection52] INFO  impl.LeaderElection (LeaderElection.java:askForVotes(178)) - 8386ee0a-1f3c-47fa-9779-9125ddcf4112@group-33D7D707C079-LeaderElection52: begin an election at term 48 for 0: [3f01402b-307c-4a54-abe6-b677433715ef:192.168.69.71:42588, 8386ee0a-1f3c-47fa-9779-9125ddcf4112:192.168.69.71:40009, e5f35640-2c6c-4b86-a5ff-33a1451b27ce:192.168.69.71:43138], old=null
2019-10-19 01:17:14,098 [grpc-default-executor-6] INFO  impl.RaftServerImpl (RaftServerImpl.java:setRole(184)) - e5f35640-2c6c-4b86-a5ff-33a1451b27ce@group-33D7D707C079: changes role from  FOLLOWER to FOLLOWER at term 48 for recognizeCandidate:8386ee0a-1f3c-47fa-9779-9125ddcf4112
2019-10-19 01:17:14,098 [grpc-default-executor-6] INFO  impl.RoleInfo (RoleInfo.java:shutdownFollowerState(121)) - e5f35640-2c6c-4b86-a5ff-33a1451b27ce: shutdown FollowerState
2019-10-19 01:17:14,098 [grpc-default-executor-2] INFO  impl.RaftServerImpl (RaftServerImpl.java:setRole(184)) - 3f01402b-307c-4a54-abe6-b677433715ef@group-33D7D707C079: changes role from  FOLLOWER to FOLLOWER at term 48 for recognizeCandidate:8386ee0a-1f3c-47fa-9779-9125ddcf4112
2019-10-19 01:17:14,098 [grpc-default-executor-6] INFO  impl.RoleInfo (RoleInfo.java:updateAndGet(143)) - e5f35640-2c6c-4b86-a5ff-33a1451b27ce: start FollowerState
2019-10-19 01:17:14,098 [Thread-883] INFO  impl.FollowerState (FollowerState.java:run(117)) - e5f35640-2c6c-4b86-a5ff-33a1451b27ce@group-33D7D707C079-FollowerState was interrupted: java.lang.InterruptedException: sleep interrupted
2019-10-19 01:17:14,098 [grpc-default-executor-2] INFO  impl.RoleInfo (RoleInfo.java:shutdownFollowerState(121)) - 3f01402b-307c-4a54-abe6-b677433715ef: shutdown FollowerState
2019-10-19 01:17:14,099 [grpc-default-executor-2] INFO  impl.RoleInfo (RoleInfo.java:updateAndGet(143)) - 3f01402b-307c-4a54-abe6-b677433715ef: start FollowerState
2019-10-19 01:17:14,099 [Thread-882] INFO  impl.FollowerState (FollowerState.java:run(117)) - 3f01402b-307c-4a54-abe6-b677433715ef@group-33D7D707C079-FollowerState was interrupted: java.lang.InterruptedException: sleep interrupted
2019-10-19 01:17:14,114 [8386ee0a-1f3c-47fa-9779-9125ddcf4112@group-33D7D707C079-LeaderElection52] INFO  impl.LeaderElection (LeaderElection.java:logAndReturn(56)) - 8386ee0a-1f3c-47fa-9779-9125ddcf4112@group-33D7D707C079-LeaderElection52: Election REJECTED; received 2 response(s) [8386ee0a-1f3c-47fa-9779-9125ddcf4112<-3f01402b-307c-4a54-abe6-b677433715ef#0:FAIL-t48, 8386ee0a-1f3c-47fa-9779-9125ddcf4112<-e5f35640-2c6c-4b86-a5ff-33a1451b27ce#0:FAIL-t48] and 0 exception(s); 8386ee0a-1f3c-47fa-9779-9125ddcf4112@group-33D7D707C079:t48, leader=null, voted=8386ee0a-1f3c-47fa-9779-9125ddcf4112, raftlog=8386ee0a-1f3c-47fa-9779-9125ddcf4112@group-33D7D707C079-SegmentedRaftLog:OPENED:c3,f4,i4, conf=0: [3f01402b-307c-4a54-abe6-b677433715ef:192.168.69.71:42588, 8386ee0a-1f3c-47fa-9779-9125ddcf4112:192.168.69.71:40009, e5f35640-2c6c-4b86-a5ff-33a1451b27ce:192.168.69.71:43138], old=null
2019-10-19 01:17:14,114 [8386ee0a-1f3c-47fa-9779-9125ddcf4112@group-33D7D707C079-LeaderElection52] INFO  impl.RaftServerImpl (RaftServerImpl.java:setRole(184)) - 8386ee0a-1f3c-47fa-9779-9125ddcf4112@group-33D7D707C079: changes role from CANDIDATE to FOLLOWER at term 48 for DISCOVERED_A_NEW_TERM
2019-10-19 01:17:14,114 [8386ee0a-1f3c-47fa-9779-9125ddcf4112@group-33D7D707C079-LeaderElection52] INFO  impl.RoleInfo (RoleInfo.java:shutdownLeaderElection(134)) - 8386ee0a-1f3c-47fa-9779-9125ddcf4112: shutdown LeaderElection
2019-10-19 01:17:14,114 [8386ee0a-1f3c-47fa-9779-9125ddcf4112@group-33D7D707C079-LeaderElection52] INFO  impl.RoleInfo (RoleInfo.java:updateAndGet(143)) - 8386ee0a-1f3c-47fa-9779-9125ddcf4112: start FollowerState
2019-10-19 01:17:14,262 [Thread-894] INFO  impl.FollowerState (FollowerState.java:run(108)) - 8386ee0a-1f3c-47fa-9779-9125ddcf4112@group-33D7D707C079-FollowerState: change to CANDIDATE, lastRpcTime:148ms, electionTimeout:148ms
2019-10-19 01:17:14,263 [Thread-894] INFO  impl.RoleInfo (RoleInfo.java:shutdownFollowerState(121)) - 8386ee0a-1f3c-47fa-9779-9125ddcf4112: shutdown FollowerState
2019-10-19 01:17:14,263 [Thread-894] INFO  impl.RaftServerImpl (RaftServerImpl.java:setRole(184)) - 8386ee0a-1f3c-47fa-9779-9125ddcf4112@group-33D7D707C079: changes role from  FOLLOWER to CANDIDATE at term 48 for changeToCandidate
2019-10-19 01:17:14,263 [Thread-894] INFO  impl.RoleInfo (RoleInfo.java:updateAndGet(143)) - 8386ee0a-1f3c-47fa-9779-9125ddcf4112: start LeaderElection
2019-10-19 01:17:14,278 [8386ee0a-1f3c-47fa-9779-9125ddcf4112@group-33D7D707C079-LeaderElection53] INFO  impl.LeaderElection (LeaderElection.java:askForVotes(178)) - 8386ee0a-1f3c-47fa-9779-9125ddcf4112@group-33D7D707C079-LeaderElection53: begin an election at term 49 for 0: [3f01402b-307c-4a54-abe6-b677433715ef:192.168.69.71:42588, 8386ee0a-1f3c-47fa-9779-9125ddcf4112:192.168.69.71:40009, e5f35640-2c6c-4b86-a5ff-33a1451b27ce:192.168.69.71:43138], old=null
2019-10-19 01:17:14,281 [grpc-default-executor-2] INFO  impl.RaftServerImpl (RaftServerImpl.java:setRole(184)) - 3f01402b-307c-4a54-abe6-b677433715ef@group-33D7D707C079: changes role from  FOLLOWER to FOLLOWER at term 49 for recognizeCandidate:8386ee0a-1f3c-47fa-9779-9125ddcf4112
2019-10-19 01:17:14,281 [grpc-default-executor-6] INFO  impl.RaftServerImpl (RaftServerImpl.java:setRole(184)) - e5f35640-2c6c-4b86-a5ff-33a1451b27ce@group-33D7D707C079: changes role from  FOLLOWER to FOLLOWER at term 49 for recognizeCandidate:8386ee0a-1f3c-47fa-9779-9125ddcf4112
2019-10-19 01:17:14,281 [grpc-default-executor-2] INFO  impl.RoleInfo (RoleInfo.java:shutdownFollowerState(121)) - 3f01402b-307c-4a54-abe6-b677433715ef: shutdown FollowerState
2019-10-19 01:17:14,281 [grpc-default-executor-6] INFO  impl.RoleInfo (RoleInfo.java:shutdownFollowerState(121)) - e5f35640-2c6c-4b86-a5ff-33a1451b27ce: shutdown FollowerState
2019-10-19 01:17:14,281 [Thread-893] INFO  impl.FollowerState (FollowerState.java:run(117)) - 3f01402b-307c-4a54-abe6-b677433715ef@group-33D7D707C079-FollowerState was interrupted: java.lang.InterruptedException: sleep interrupted
2019-10-19 01:17:14,281 [Thread-892] INFO  impl.FollowerState (FollowerState.java:run(117)) - e5f35640-2c6c-4b86-a5ff-33a1451b27ce@group-33D7D707C079-FollowerState was interrupted: java.lang.InterruptedException: sleep interrupted
2019-10-19 01:17:14,281 [grpc-default-executor-2] INFO  impl.RoleInfo (RoleInfo.java:updateAndGet(143)) - 3f01402b-307c-4a54-abe6-b677433715ef: start FollowerState
2019-10-19 01:17:14,281 [grpc-default-executor-6] INFO  impl.RoleInfo (RoleInfo.java:updateAndGet(143)) - e5f35640-2c6c-4b86-a5ff-33a1451b27ce: start FollowerState
2019-10-19 01:17:14,294 [8386ee0a-1f3c-47fa-9779-9125ddcf4112@group-33D7D707C079-LeaderElection53] INFO  impl.LeaderElection (LeaderElection.java:logAndReturn(56)) - 8386ee0a-1f3c-47fa-9779-9125ddcf4112@group-33D7D707C079-LeaderElection53: Election REJECTED; received 2 response(s) [8386ee0a-1f3c-47fa-9779-9125ddcf4112<-3f01402b-307c-4a54-abe6-b677433715ef#0:FAIL-t49, 8386ee0a-1f3c-47fa-9779-9125ddcf4112<-e5f35640-2c6c-4b86-a5ff-33a1451b27ce#0:FAIL-t49] and 0 exception(s); 8386ee0a-1f3c-47fa-9779-9125ddcf4112@group-33D7D707C079:t49, leader=null, voted=8386ee0a-1f3c-47fa-9779-9125ddcf4112, raftlog=8386ee0a-1f3c-47fa-9779-9125ddcf4112@group-33D7D707C079-SegmentedRaftLog:OPENED:c3,f4,i4, conf=0: [3f01402b-307c-4a54-abe6-b677433715ef:192.168.69.71:42588, 8386ee0a-1f3c-47fa-9779-9125ddcf4112:192.168.69.71:40009, e5f35640-2c6c-4b86-a5ff-33a1451b27ce:192.168.69.71:43138], old=null
2019-10-19 01:17:14,294 [8386ee0a-1f3c-47fa-9779-9125ddcf4112@group-33D7D707C079-LeaderElection53] INFO  impl.RaftServerImpl (RaftServerImpl.java:setRole(184)) - 8386ee0a-1f3c-47fa-9779-9125ddcf4112@group-33D7D707C079: changes role from CANDIDATE to FOLLOWER at term 49 for DISCOVERED_A_NEW_TERM
2019-10-19 01:17:14,294 [8386ee0a-1f3c-47fa-9779-9125ddcf4112@group-33D7D707C079-LeaderElection53] INFO  impl.RoleInfo (RoleInfo.java:shutdownLeaderElection(134)) - 8386ee0a-1f3c-47fa-9779-9125ddcf4112: shutdown LeaderElection
2019-10-19 01:17:14,294 [8386ee0a-1f3c-47fa-9779-9125ddcf4112@group-33D7D707C079-LeaderElection53] INFO  impl.RoleInfo (RoleInfo.java:updateAndGet(143)) - 8386ee0a-1f3c-47fa-9779-9125ddcf4112: start FollowerState
2019-10-19 01:17:14,389 [Thread-900] INFO  impl.FollowerState (FollowerState.java:run(108)) - 8386ee0a-1f3c-47fa-9779-9125ddcf4112@group-33D7D707C079-FollowerState: change to CANDIDATE, lastRpcTime:94ms, electionTimeout:94ms
2019-10-19 01:17:14,389 [Thread-900] INFO  impl.RoleInfo (RoleInfo.java:shutdownFollowerState(121)) - 8386ee0a-1f3c-47fa-9779-9125ddcf4112: shutdown FollowerState
2019-10-19 01:17:14,389 [Thread-900] INFO  impl.RaftServerImpl (RaftServerImpl.java:setRole(184)) - 8386ee0a-1f3c-47fa-9779-9125ddcf4112@group-33D7D707C079: changes role from  FOLLOWER to CANDIDATE at term 49 for changeToCandidate
2019-10-19 01:17:14,389 [Thread-900] INFO  impl.RoleInfo (RoleInfo.java:updateAndGet(143)) - 8386ee0a-1f3c-47fa-9779-9125ddcf4112: start LeaderElection
2019-10-19 01:17:14,394 [8386ee0a-1f3c-47fa-9779-9125ddcf4112@group-33D7D707C079-LeaderElection54] INFO  impl.LeaderElection (LeaderElection.java:askForVotes(178)) - 8386ee0a-1f3c-47fa-9779-9125ddcf4112@group-33D7D707C079-LeaderElection54: begin an election at term 50 for 0: [3f01402b-307c-4a54-abe6-b677433715ef:192.168.69.71:42588, 8386ee0a-1f3c-47fa-9779-9125ddcf4112:192.168.69.71:40009, e5f35640-2c6c-4b86-a5ff-33a1451b27ce:192.168.69.71:43138], old=null
2019-10-19 01:17:14,397 [grpc-default-executor-2] INFO  impl.RaftServerImpl (RaftServerImpl.java:setRole(184)) - e5f35640-2c6c-4b86-a5ff-33a1451b27ce@group-33D7D707C079: changes role from  FOLLOWER to FOLLOWER at term 50 for recognizeCandidate:8386ee0a-1f3c-47fa-9779-9125ddcf4112
2019-10-19 01:17:14,397 [grpc-default-executor-2] INFO  impl.RoleInfo (RoleInfo.java:shutdownFollowerState(121)) - e5f35640-2c6c-4b86-a5ff-33a1451b27ce: shutdown FollowerState
2019-10-19 01:17:14,397 [grpc-default-executor-6] INFO  impl.RaftServerImpl (RaftServerImpl.java:setRole(184)) - 3f01402b-307c-4a54-abe6-b677433715ef@group-33D7D707C079: changes role from  FOLLOWER to FOLLOWER at term 50 for recognizeCandidate:8386ee0a-1f3c-47fa-9779-9125ddcf4112
2019-10-19 01:17:14,397 [Thread-899] INFO  impl.FollowerState (FollowerState.java:run(117)) - e5f35640-2c6c-4b86-a5ff-33a1451b27ce@group-33D7D707C079-FollowerState was interrupted: java.lang.InterruptedException: sleep interrupted
2019-10-19 01:17:14,397 [grpc-default-executor-2] INFO  impl.RoleInfo (RoleInfo.java:updateAndGet(143)) - e5f35640-2c6c-4b86-a5ff-33a1451b27ce: start FollowerState
2019-10-19 01:17:14,397 [grpc-default-executor-6] INFO  impl.RoleInfo (RoleInfo.java:shutdownFollowerState(121)) - 3f01402b-307c-4a54-abe6-b677433715ef: shutdown FollowerState
2019-10-19 01:17:14,398 [grpc-default-executor-6] INFO  impl.RoleInfo (RoleInfo.java:updateAndGet(143)) - 3f01402b-307c-4a54-abe6-b677433715ef: start FollowerState
2019-10-19 01:17:14,398 [Thread-898] INFO  impl.FollowerState (FollowerState.java:run(117)) - 3f01402b-307c-4a54-abe6-b677433715ef@group-33D7D707C079-FollowerState was interrupted: java.lang.InterruptedException: sleep interrupted
2019-10-19 01:17:14,402 [8386ee0a-1f3c-47fa-9779-9125ddcf4112@group-33D7D707C079-LeaderElection54] INFO  impl.LeaderElection (LeaderElection.java:logAndReturn(56)) - 8386ee0a-1f3c-47fa-9779-9125ddcf4112@group-33D7D707C079-LeaderElection54: Election REJECTED; received 2 response(s) [8386ee0a-1f3c-47fa-9779-9125ddcf4112<-3f01402b-307c-4a54-abe6-b677433715ef#0:FAIL-t50, 8386ee0a-1f3c-47fa-9779-9125ddcf4112<-e5f35640-2c6c-4b86-a5ff-33a1451b27ce#0:FAIL-t50] and 0 exception(s); 8386ee0a-1f3c-47fa-9779-9125ddcf4112@group-33D7D707C079:t50, leader=null, voted=8386ee0a-1f3c-47fa-9779-9125ddcf4112, raftlog=8386ee0a-1f3c-47fa-9779-9125ddcf4112@group-33D7D707C079-SegmentedRaftLog:OPENED:c3,f4,i4, conf=0: [3f01402b-307c-4a54-abe6-b677433715ef:192.168.69.71:42588, 8386ee0a-1f3c-47fa-9779-9125ddcf4112:192.168.69.71:40009, e5f35640-2c6c-4b86-a5ff-33a1451b27ce:192.168.69.71:43138], old=null
2019-10-19 01:17:14,403 [8386ee0a-1f3c-47fa-9779-9125ddcf4112@group-33D7D707C079-LeaderElection54] INFO  impl.RaftServerImpl (RaftServerImpl.java:setRole(184)) - 8386ee0a-1f3c-47fa-9779-9125ddcf4112@group-33D7D707C079: changes role from CANDIDATE to FOLLOWER at term 50 for DISCOVERED_A_NEW_TERM
2019-10-19 01:17:14,403 [8386ee0a-1f3c-47fa-9779-9125ddcf4112@group-33D7D707C079-LeaderElection54] INFO  impl.RoleInfo (RoleInfo.java:shutdownLeaderElection(134)) - 8386ee0a-1f3c-47fa-9779-9125ddcf4112: shutdown LeaderElection
2019-10-19 01:17:14,403 [8386ee0a-1f3c-47fa-9779-9125ddcf4112@group-33D7D707C079-LeaderElection54] INFO  impl.RoleInfo (RoleInfo.java:updateAndGet(143)) - 8386ee0a-1f3c-47fa-9779-9125ddcf4112: start FollowerState
2019-10-19 01:17:14,455 [Thread-906] INFO  impl.FollowerState (FollowerState.java:run(108)) - 8386ee0a-1f3c-47fa-9779-9125ddcf4112@group-33D7D707C079-FollowerState: change to CANDIDATE, lastRpcTime:52ms, electionTimeout:52ms
2019-10-19 01:17:14,455 [Thread-906] INFO  impl.RoleInfo (RoleInfo.java:shutdownFollowerState(121)) - 8386ee0a-1f3c-47fa-9779-9125ddcf4112: shutdown FollowerState
2019-10-19 01:17:14,456 [Thread-906] INFO  impl.RaftServerImpl (RaftServerImpl.java:setRole(184)) - 8386ee0a-1f3c-47fa-9779-9125ddcf4112@group-33D7D707C079: changes role from  FOLLOWER to CANDIDATE at term 50 for changeToCandidate
2019-10-19 01:17:14,456 [Thread-906] INFO  impl.RoleInfo (RoleInfo.java:updateAndGet(143)) - 8386ee0a-1f3c-47fa-9779-9125ddcf4112: start LeaderElection
2019-10-19 01:17:14,467 [8386ee0a-1f3c-47fa-9779-9125ddcf4112@group-33D7D707C079-LeaderElection55] INFO  impl.LeaderElection (LeaderElection.java:askForVotes(178)) - 8386ee0a-1f3c-47fa-9779-9125ddcf4112@group-33D7D707C079-LeaderElection55: begin an election at term 51 for 0: [3f01402b-307c-4a54-abe6-b677433715ef:192.168.69.71:42588, 8386ee0a-1f3c-47fa-9779-9125ddcf4112:192.168.69.71:40009, e5f35640-2c6c-4b86-a5ff-33a1451b27ce:192.168.69.71:43138], old=null
2019-10-19 01:17:14,470 [grpc-default-executor-2] INFO  impl.RaftServerImpl (RaftServerImpl.java:setRole(184)) - 3f01402b-307c-4a54-abe6-b677433715ef@group-33D7D707C079: changes role from  FOLLOWER to FOLLOWER at term 51 for recognizeCandidate:8386ee0a-1f3c-47fa-9779-9125ddcf4112
2019-10-19 01:17:14,470 [grpc-default-executor-6] INFO  impl.RaftServerImpl (RaftServerImpl.java:setRole(184)) - e5f35640-2c6c-4b86-a5ff-33a1451b27ce@group-33D7D707C079: changes role from  FOLLOWER to FOLLOWER at term 51 for recognizeCandidate:8386ee0a-1f3c-47fa-9779-9125ddcf4112
2019-10-19 01:17:14,470 [grpc-default-executor-2] INFO  impl.RoleInfo (RoleInfo.java:shutdownFollowerState(121)) - 3f01402b-307c-4a54-abe6-b677433715ef: shutdown FollowerState
2019-10-19 01:17:14,470 [grpc-default-executor-6] INFO  impl.RoleInfo (RoleInfo.java:shutdownFollowerState(121)) - e5f35640-2c6c-4b86-a5ff-33a1451b27ce: shutdown FollowerState
2019-10-19 01:17:14,470 [Thread-905] INFO  impl.FollowerState (FollowerState.java:run(117)) - 3f01402b-307c-4a54-abe6-b677433715ef@group-33D7D707C079-FollowerState was interrupted: java.lang.InterruptedException: sleep interrupted
2019-10-19 01:17:14,470 [grpc-default-executor-2] INFO  impl.RoleInfo (RoleInfo.java:updateAndGet(143)) - 3f01402b-307c-4a54-abe6-b677433715ef: start FollowerState
2019-10-19 01:17:14,470 [Thread-904] INFO  impl.FollowerState (FollowerState.java:run(117)) - e5f35640-2c6c-4b86-a5ff-33a1451b27ce@group-33D7D707C079-FollowerState was interrupted: java.lang.InterruptedException: sleep interrupted
2019-10-19 01:17:14,470 [grpc-default-executor-6] INFO  impl.RoleInfo (RoleInfo.java:updateAndGet(143)) - e5f35640-2c6c-4b86-a5ff-33a1451b27ce: start FollowerState
2019-10-19 01:17:14,485 [8386ee0a-1f3c-47fa-9779-9125ddcf4112@group-33D7D707C079-LeaderElection55] INFO  impl.LeaderElection (LeaderElection.java:logAndReturn(56)) - 8386ee0a-1f3c-47fa-9779-9125ddcf4112@group-33D7D707C079-LeaderElection55: Election REJECTED; received 2 response(s) [8386ee0a-1f3c-47fa-9779-9125ddcf4112<-3f01402b-307c-4a54-abe6-b677433715ef#0:FAIL-t51, 8386ee0a-1f3c-47fa-9779-9125ddcf4112<-e5f35640-2c6c-4b86-a5ff-33a1451b27ce#0:FAIL-t51] and 0 exception(s); 8386ee0a-1f3c-47fa-9779-9125ddcf4112@group-33D7D707C079:t51, leader=null, voted=8386ee0a-1f3c-47fa-9779-9125ddcf4112, raftlog=8386ee0a-1f3c-47fa-9779-9125ddcf4112@group-33D7D707C079-SegmentedRaftLog:OPENED:c3,f4,i4, conf=0: [3f01402b-307c-4a54-abe6-b677433715ef:192.168.69.71:42588, 8386ee0a-1f3c-47fa-9779-9125ddcf4112:192.168.69.71:40009, e5f35640-2c6c-4b86-a5ff-33a1451b27ce:192.168.69.71:43138], old=null
2019-10-19 01:17:14,486 [8386ee0a-1f3c-47fa-9779-9125ddcf4112@group-33D7D707C079-LeaderElection55] INFO  impl.RaftServerImpl (RaftServerImpl.java:setRole(184)) - 8386ee0a-1f3c-47fa-9779-9125ddcf4112@group-33D7D707C079: changes role from CANDIDATE to FOLLOWER at term 51 for DISCOVERED_A_NEW_TERM
2019-10-19 01:17:14,486 [8386ee0a-1f3c-47fa-9779-9125ddcf4112@group-33D7D707C079-LeaderElection55] INFO  impl.RoleInfo (RoleInfo.java:shutdownLeaderElection(134)) - 8386ee0a-1f3c-47fa-9779-9125ddcf4112: shutdown LeaderElection
2019-10-19 01:17:14,486 [8386ee0a-1f3c-47fa-9779-9125ddcf4112@group-33D7D707C079-LeaderElection55] INFO  impl.RoleInfo (RoleInfo.java:updateAndGet(143)) - 8386ee0a-1f3c-47fa-9779-9125ddcf4112: start FollowerState
2019-10-19 01:17:14,488 [BlockDeletingService#2] WARN  background.BlockDeletingService (BlockDeletingService.java:isDeletionAllowed(187)) - Close Container log Index 6 is not replicated across allthe servers in the pipeline 260d8aca-b42b-4def-900d-33d7d707c079 as the min replicated index is 4. Deletion is not allowed in this container yet.
2019-10-19 01:17:14,489 [BlockDeletingService#2] WARN  background.BlockDeletingService (BlockDeletingService.java:isDeletionAllowed(187)) - Close Container log Index 6 is not replicated across allthe servers in the pipeline 260d8aca-b42b-4def-900d-33d7d707c079 as the min replicated index is 4. Deletion is not allowed in this container yet.
2019-10-19 01:17:14,553 [Thread-912] INFO  impl.FollowerState (FollowerState.java:run(108)) - 8386ee0a-1f3c-47fa-9779-9125ddcf4112@group-33D7D707C079-FollowerState: change to CANDIDATE, lastRpcTime:67ms, electionTimeout:67ms
2019-10-19 01:17:14,553 [Thread-912] INFO  impl.RoleInfo (RoleInfo.java:shutdownFollowerState(121)) - 8386ee0a-1f3c-47fa-9779-9125ddcf4112: shutdown FollowerState
2019-10-19 01:17:14,553 [Thread-912] INFO  impl.RaftServerImpl (RaftServerImpl.java:setRole(184)) - 8386ee0a-1f3c-47fa-9779-9125ddcf4112@group-33D7D707C079: changes role from  FOLLOWER to CANDIDATE at term 51 for changeToCandidate
2019-10-19 01:17:14,554 [Thread-912] INFO  impl.RoleInfo (RoleInfo.java:updateAndGet(143)) - 8386ee0a-1f3c-47fa-9779-9125ddcf4112: start LeaderElection
2019-10-19 01:17:14,565 [8386ee0a-1f3c-47fa-9779-9125ddcf4112@group-33D7D707C079-LeaderElection56] INFO  impl.LeaderElection (LeaderElection.java:askForVotes(178)) - 8386ee0a-1f3c-47fa-9779-9125ddcf4112@group-33D7D707C079-LeaderElection56: begin an election at term 52 for 0: [3f01402b-307c-4a54-abe6-b677433715ef:192.168.69.71:42588, 8386ee0a-1f3c-47fa-9779-9125ddcf4112:192.168.69.71:40009, e5f35640-2c6c-4b86-a5ff-33a1451b27ce:192.168.69.71:43138], old=null
2019-10-19 01:17:14,569 [grpc-default-executor-2] INFO  impl.RaftServerImpl (RaftServerImpl.java:setRole(184)) - 3f01402b-307c-4a54-abe6-b677433715ef@group-33D7D707C079: changes role from  FOLLOWER to FOLLOWER at term 52 for recognizeCandidate:8386ee0a-1f3c-47fa-9779-9125ddcf4112
2019-10-19 01:17:14,569 [grpc-default-executor-6] INFO  impl.RaftServerImpl (RaftServerImpl.java:setRole(184)) - e5f35640-2c6c-4b86-a5ff-33a1451b27ce@group-33D7D707C079: changes role from  FOLLOWER to FOLLOWER at term 52 for recognizeCandidate:8386ee0a-1f3c-47fa-9779-9125ddcf4112
2019-10-19 01:17:14,569 [grpc-default-executor-6] INFO  impl.RoleInfo (RoleInfo.java:shutdownFollowerState(121)) - e5f35640-2c6c-4b86-a5ff-33a1451b27ce: shutdown FollowerState
2019-10-19 01:17:14,569 [grpc-default-executor-2] INFO  impl.RoleInfo (RoleInfo.java:shutdownFollowerState(121)) - 3f01402b-307c-4a54-abe6-b677433715ef: shutdown FollowerState
2019-10-19 01:17:14,569 [grpc-default-executor-6] INFO  impl.RoleInfo (RoleInfo.java:updateAndGet(143)) - e5f35640-2c6c-4b86-a5ff-33a1451b27ce: start FollowerState
2019-10-19 01:17:14,569 [Thread-911] INFO  impl.FollowerState (FollowerState.java:run(117)) - e5f35640-2c6c-4b86-a5ff-33a1451b27ce@group-33D7D707C079-FollowerState was interrupted: java.lang.InterruptedException: sleep interrupted
2019-10-19 01:17:14,569 [Thread-910] INFO  impl.FollowerState (FollowerState.java:run(117)) - 3f01402b-307c-4a54-abe6-b677433715ef@group-33D7D707C079-FollowerState was interrupted: java.lang.InterruptedException: sleep interrupted
2019-10-19 01:17:14,569 [grpc-default-executor-2] INFO  impl.RoleInfo (RoleInfo.java:updateAndGet(143)) - 3f01402b-307c-4a54-abe6-b677433715ef: start FollowerState
2019-10-19 01:17:14,585 [8386ee0a-1f3c-47fa-9779-9125ddcf4112@group-33D7D707C079-LeaderElection56] INFO  impl.LeaderElection (LeaderElection.java:logAndReturn(56)) - 8386ee0a-1f3c-47fa-9779-9125ddcf4112@group-33D7D707C079-LeaderElection56: Election REJECTED; received 2 response(s) [8386ee0a-1f3c-47fa-9779-9125ddcf4112<-3f01402b-307c-4a54-abe6-b677433715ef#0:FAIL-t52, 8386ee0a-1f3c-47fa-9779-9125ddcf4112<-e5f35640-2c6c-4b86-a5ff-33a1451b27ce#0:FAIL-t52] and 0 exception(s); 8386ee0a-1f3c-47fa-9779-9125ddcf4112@group-33D7D707C079:t52, leader=null, voted=8386ee0a-1f3c-47fa-9779-9125ddcf4112, raftlog=8386ee0a-1f3c-47fa-9779-9125ddcf4112@group-33D7D707C079-SegmentedRaftLog:OPENED:c3,f4,i4, conf=0: [3f01402b-307c-4a54-abe6-b677433715ef:192.168.69.71:42588, 8386ee0a-1f3c-47fa-9779-9125ddcf4112:192.168.69.71:40009, e5f35640-2c6c-4b86-a5ff-33a1451b27ce:192.168.69.71:43138], old=null
2019-10-19 01:17:14,585 [8386ee0a-1f3c-47fa-9779-9125ddcf4112@group-33D7D707C079-LeaderElection56] INFO  impl.RaftServerImpl (RaftServerImpl.java:setRole(184)) - 8386ee0a-1f3c-47fa-9779-9125ddcf4112@group-33D7D707C079: changes role from CANDIDATE to FOLLOWER at term 52 for DISCOVERED_A_NEW_TERM
2019-10-19 01:17:14,585 [8386ee0a-1f3c-47fa-9779-9125ddcf4112@group-33D7D707C079-LeaderElection56] INFO  impl.RoleInfo (RoleInfo.java:shutdownLeaderElection(134)) - 8386ee0a-1f3c-47fa-9779-9125ddcf4112: shutdown LeaderElection
2019-10-19 01:17:14,585 [8386ee0a-1f3c-47fa-9779-9125ddcf4112@group-33D7D707C079-LeaderElection56] INFO  impl.RoleInfo (RoleInfo.java:updateAndGet(143)) - 8386ee0a-1f3c-47fa-9779-9125ddcf4112: start FollowerState
2019-10-19 01:17:14,710 [Thread-920] INFO  impl.FollowerState (FollowerState.java:run(108)) - 8386ee0a-1f3c-47fa-9779-9125ddcf4112@group-33D7D707C079-FollowerState: change to CANDIDATE, lastRpcTime:125ms, electionTimeout:125ms
2019-10-19 01:17:14,711 [Thread-920] INFO  impl.RoleInfo (RoleInfo.java:shutdownFollowerState(121)) - 8386ee0a-1f3c-47fa-9779-9125ddcf4112: shutdown FollowerState
2019-10-19 01:17:14,711 [Thread-920] INFO  impl.RaftServerImpl (RaftServerImpl.java:setRole(184)) - 8386ee0a-1f3c-47fa-9779-9125ddcf4112@group-33D7D707C079: changes role from  FOLLOWER to CANDIDATE at term 52 for changeToCandidate
2019-10-19 01:17:14,711 [Thread-920] INFO  impl.RoleInfo (RoleInfo.java:updateAndGet(143)) - 8386ee0a-1f3c-47fa-9779-9125ddcf4112: start LeaderElection
2019-10-19 01:17:14,725 [8386ee0a-1f3c-47fa-9779-9125ddcf4112@group-33D7D707C079-LeaderElection57] INFO  impl.LeaderElection (LeaderElection.java:askForVotes(178)) - 8386ee0a-1f3c-47fa-9779-9125ddcf4112@group-33D7D707C079-LeaderElection57: begin an election at term 53 for 0: [3f01402b-307c-4a54-abe6-b677433715ef:192.168.69.71:42588, 8386ee0a-1f3c-47fa-9779-9125ddcf4112:192.168.69.71:40009, e5f35640-2c6c-4b86-a5ff-33a1451b27ce:192.168.69.71:43138], old=null
2019-10-19 01:17:14,729 [grpc-default-executor-6] INFO  impl.RaftServerImpl (RaftServerImpl.java:setRole(184)) - e5f35640-2c6c-4b86-a5ff-33a1451b27ce@group-33D7D707C079: changes role from  FOLLOWER to FOLLOWER at term 53 for recognizeCandidate:8386ee0a-1f3c-47fa-9779-9125ddcf4112
2019-10-19 01:17:14,729 [grpc-default-executor-6] INFO  impl.RoleInfo (RoleInfo.java:shutdownFollowerState(121)) - e5f35640-2c6c-4b86-a5ff-33a1451b27ce: shutdown FollowerState
2019-10-19 01:17:14,729 [grpc-default-executor-6] INFO  impl.RoleInfo (RoleInfo.java:updateAndGet(143)) - e5f35640-2c6c-4b86-a5ff-33a1451b27ce: start FollowerState
2019-10-19 01:17:14,729 [Thread-918] INFO  impl.FollowerState (FollowerState.java:run(117)) - e5f35640-2c6c-4b86-a5ff-33a1451b27ce@group-33D7D707C079-FollowerState was interrupted: java.lang.InterruptedException: sleep interrupted
2019-10-19 01:17:14,729 [grpc-default-executor-2] INFO  impl.RaftServerImpl (RaftServerImpl.java:setRole(184)) - 3f01402b-307c-4a54-abe6-b677433715ef@group-33D7D707C079: changes role from  FOLLOWER to FOLLOWER at term 53 for recognizeCandidate:8386ee0a-1f3c-47fa-9779-9125ddcf4112
2019-10-19 01:17:14,729 [grpc-default-executor-2] INFO  impl.RoleInfo (RoleInfo.java:shutdownFollowerState(121)) - 3f01402b-307c-4a54-abe6-b677433715ef: shutdown FollowerState
2019-10-19 01:17:14,730 [Thread-919] INFO  impl.FollowerState (FollowerState.java:run(117)) - 3f01402b-307c-4a54-abe6-b677433715ef@group-33D7D707C079-FollowerState was interrupted: java.lang.InterruptedException: sleep interrupted
2019-10-19 01:17:14,730 [grpc-default-executor-2] INFO  impl.RoleInfo (RoleInfo.java:updateAndGet(143)) - 3f01402b-307c-4a54-abe6-b677433715ef: start FollowerState
2019-10-19 01:17:14,737 [8386ee0a-1f3c-47fa-9779-9125ddcf4112@group-33D7D707C079-LeaderElection57] INFO  impl.LeaderElection (LeaderElection.java:logAndReturn(56)) - 8386ee0a-1f3c-47fa-9779-9125ddcf4112@group-33D7D707C079-LeaderElection57: Election TIMEOUT; received 0 response(s) [] and 0 exception(s); 8386ee0a-1f3c-47fa-9779-9125ddcf4112@group-33D7D707C079:t53, leader=null, voted=8386ee0a-1f3c-47fa-9779-9125ddcf4112, raftlog=8386ee0a-1f3c-47fa-9779-9125ddcf4112@group-33D7D707C079-SegmentedRaftLog:OPENED:c3,f4,i4, conf=0: [3f01402b-307c-4a54-abe6-b677433715ef:192.168.69.71:42588, 8386ee0a-1f3c-47fa-9779-9125ddcf4112:192.168.69.71:40009, e5f35640-2c6c-4b86-a5ff-33a1451b27ce:192.168.69.71:43138], old=null
2019-10-19 01:17:14,743 [8386ee0a-1f3c-47fa-9779-9125ddcf4112@group-33D7D707C079-LeaderElection57] INFO  impl.LeaderElection (LeaderElection.java:askForVotes(178)) - 8386ee0a-1f3c-47fa-9779-9125ddcf4112@group-33D7D707C079-LeaderElection57: begin an election at term 54 for 0: [3f01402b-307c-4a54-abe6-b677433715ef:192.168.69.71:42588, 8386ee0a-1f3c-47fa-9779-9125ddcf4112:192.168.69.71:40009, e5f35640-2c6c-4b86-a5ff-33a1451b27ce:192.168.69.71:43138], old=null
2019-10-19 01:17:14,745 [grpc-default-executor-2] INFO  impl.RaftServerImpl (RaftServerImpl.java:setRole(184)) - 3f01402b-307c-4a54-abe6-b677433715ef@group-33D7D707C079: changes role from  FOLLOWER to FOLLOWER at term 54 for recognizeCandidate:8386ee0a-1f3c-47fa-9779-9125ddcf4112
2019-10-19 01:17:14,745 [grpc-default-executor-2] INFO  impl.RoleInfo (RoleInfo.java:shutdownFollowerState(121)) - 3f01402b-307c-4a54-abe6-b677433715ef: shutdown FollowerState
2019-10-19 01:17:14,745 [Thread-925] INFO  impl.FollowerState (FollowerState.java:run(117)) - 3f01402b-307c-4a54-abe6-b677433715ef@group-33D7D707C079-FollowerState was interrupted: java.lang.InterruptedException: sleep interrupted
2019-10-19 01:17:14,745 [grpc-default-executor-2] INFO  impl.RoleInfo (RoleInfo.java:updateAndGet(143)) - 3f01402b-307c-4a54-abe6-b677433715ef: start FollowerState
2019-10-19 01:17:14,746 [grpc-default-executor-6] INFO  impl.RaftServerImpl (RaftServerImpl.java:setRole(184)) - e5f35640-2c6c-4b86-a5ff-33a1451b27ce@group-33D7D707C079: changes role from  FOLLOWER to FOLLOWER at term 54 for recognizeCandidate:8386ee0a-1f3c-47fa-9779-9125ddcf4112
2019-10-19 01:17:14,746 [grpc-default-executor-6] INFO  impl.RoleInfo (RoleInfo.java:shutdownFollowerState(121)) - e5f35640-2c6c-4b86-a5ff-33a1451b27ce: shutdown FollowerState
2019-10-19 01:17:14,746 [grpc-default-executor-6] INFO  impl.RoleInfo (RoleInfo.java:updateAndGet(143)) - e5f35640-2c6c-4b86-a5ff-33a1451b27ce: start FollowerState
2019-10-19 01:17:14,746 [Thread-924] INFO  impl.FollowerState (FollowerState.java:run(117)) - e5f35640-2c6c-4b86-a5ff-33a1451b27ce@group-33D7D707C079-FollowerState was interrupted: java.lang.InterruptedException: sleep interrupted
2019-10-19 01:17:14,760 [8386ee0a-1f3c-47fa-9779-9125ddcf4112@group-33D7D707C079-LeaderElection57] INFO  impl.LeaderElection (LeaderElection.java:logAndReturn(56)) - 8386ee0a-1f3c-47fa-9779-9125ddcf4112@group-33D7D707C079-LeaderElection57: Election REJECTED; received 2 response(s) [8386ee0a-1f3c-47fa-9779-9125ddcf4112<-3f01402b-307c-4a54-abe6-b677433715ef#0:FAIL-t54, 8386ee0a-1f3c-47fa-9779-9125ddcf4112<-e5f35640-2c6c-4b86-a5ff-33a1451b27ce#0:FAIL-t54] and 0 exception(s); 8386ee0a-1f3c-47fa-9779-9125ddcf4112@group-33D7D707C079:t54, leader=null, voted=8386ee0a-1f3c-47fa-9779-9125ddcf4112, raftlog=8386ee0a-1f3c-47fa-9779-9125ddcf4112@group-33D7D707C079-SegmentedRaftLog:OPENED:c3,f4,i4, conf=0: [3f01402b-307c-4a54-abe6-b677433715ef:192.168.69.71:42588, 8386ee0a-1f3c-47fa-9779-9125ddcf4112:192.168.69.71:40009, e5f35640-2c6c-4b86-a5ff-33a1451b27ce:192.168.69.71:43138], old=null
2019-10-19 01:17:14,761 [8386ee0a-1f3c-47fa-9779-9125ddcf4112@group-33D7D707C079-LeaderElection57] INFO  impl.RaftServerImpl (RaftServerImpl.java:setRole(184)) - 8386ee0a-1f3c-47fa-9779-9125ddcf4112@group-33D7D707C079: changes role from CANDIDATE to FOLLOWER at term 54 for DISCOVERED_A_NEW_TERM
2019-10-19 01:17:14,761 [8386ee0a-1f3c-47fa-9779-9125ddcf4112@group-33D7D707C079-LeaderElection57] INFO  impl.RoleInfo (RoleInfo.java:shutdownLeaderElection(134)) - 8386ee0a-1f3c-47fa-9779-9125ddcf4112: shutdown LeaderElection
2019-10-19 01:17:14,761 [8386ee0a-1f3c-47fa-9779-9125ddcf4112@group-33D7D707C079-LeaderElection57] INFO  impl.RoleInfo (RoleInfo.java:updateAndGet(143)) - 8386ee0a-1f3c-47fa-9779-9125ddcf4112: start FollowerState
2019-10-19 01:17:14,926 [Thread-930] INFO  impl.FollowerState (FollowerState.java:run(108)) - 8386ee0a-1f3c-47fa-9779-9125ddcf4112@group-33D7D707C079-FollowerState: change to CANDIDATE, lastRpcTime:165ms, electionTimeout:165ms
2019-10-19 01:17:14,927 [Thread-930] INFO  impl.RoleInfo (RoleInfo.java:shutdownFollowerState(121)) - 8386ee0a-1f3c-47fa-9779-9125ddcf4112: shutdown FollowerState
2019-10-19 01:17:14,927 [Thread-930] INFO  impl.RaftServerImpl (RaftServerImpl.java:setRole(184)) - 8386ee0a-1f3c-47fa-9779-9125ddcf4112@group-33D7D707C079: changes role from  FOLLOWER to CANDIDATE at term 54 for changeToCandidate
2019-10-19 01:17:14,927 [Thread-930] INFO  impl.RoleInfo (RoleInfo.java:updateAndGet(143)) - 8386ee0a-1f3c-47fa-9779-9125ddcf4112: start LeaderElection
2019-10-19 01:17:14,949 [8386ee0a-1f3c-47fa-9779-9125ddcf4112@group-33D7D707C079-LeaderElection58] INFO  impl.LeaderElection (LeaderElection.java:askForVotes(178)) - 8386ee0a-1f3c-47fa-9779-9125ddcf4112@group-33D7D707C079-LeaderElection58: begin an election at term 55 for 0: [3f01402b-307c-4a54-abe6-b677433715ef:192.168.69.71:42588, 8386ee0a-1f3c-47fa-9779-9125ddcf4112:192.168.69.71:40009, e5f35640-2c6c-4b86-a5ff-33a1451b27ce:192.168.69.71:43138], old=null
2019-10-19 01:17:14,952 [grpc-default-executor-2] INFO  impl.RaftServerImpl (RaftServerImpl.java:setRole(184)) - 3f01402b-307c-4a54-abe6-b677433715ef@group-33D7D707C079: changes role from  FOLLOWER to FOLLOWER at term 55 for recognizeCandidate:8386ee0a-1f3c-47fa-9779-9125ddcf4112
2019-10-19 01:17:14,952 [grpc-default-executor-6] INFO  impl.RaftServerImpl (RaftServerImpl.java:setRole(184)) - e5f35640-2c6c-4b86-a5ff-33a1451b27ce@group-33D7D707C079: changes role from  FOLLOWER to FOLLOWER at term 55 for recognizeCandidate:8386ee0a-1f3c-47fa-9779-9125ddcf4112
2019-10-19 01:17:14,952 [grpc-default-executor-2] INFO  impl.RoleInfo (RoleInfo.java:shutdownFollowerState(121)) - 3f01402b-307c-4a54-abe6-b677433715ef: shutdown FollowerState
2019-10-19 01:17:14,952 [grpc-default-executor-6] INFO  impl.RoleInfo (RoleInfo.java:shutdownFollowerState(121)) - e5f35640-2c6c-4b86-a5ff-33a1451b27ce: shutdown FollowerState
2019-10-19 01:17:14,953 [grpc-default-executor-2] INFO  impl.RoleInfo (RoleInfo.java:updateAndGet(143)) - 3f01402b-307c-4a54-abe6-b677433715ef: start FollowerState
2019-10-19 01:17:14,953 [Thread-929] INFO  impl.FollowerState (FollowerState.java:run(117)) - e5f35640-2c6c-4b86-a5ff-33a1451b27ce@group-33D7D707C079-FollowerState was interrupted: java.lang.InterruptedException: sleep interrupted
2019-10-19 01:17:14,953 [Thread-928] INFO  impl.FollowerState (FollowerState.java:run(117)) - 3f01402b-307c-4a54-abe6-b677433715ef@group-33D7D707C079-FollowerState was interrupted: java.lang.InterruptedException: sleep interrupted
2019-10-19 01:17:14,953 [grpc-default-executor-6] INFO  impl.RoleInfo (RoleInfo.java:updateAndGet(143)) - e5f35640-2c6c-4b86-a5ff-33a1451b27ce: start FollowerState
2019-10-19 01:17:14,968 [8386ee0a-1f3c-47fa-9779-9125ddcf4112@group-33D7D707C079-LeaderElection58] INFO  impl.LeaderElection (LeaderElection.java:logAndReturn(56)) - 8386ee0a-1f3c-47fa-9779-9125ddcf4112@group-33D7D707C079-LeaderElection58: Election REJECTED; received 2 response(s) [8386ee0a-1f3c-47fa-9779-9125ddcf4112<-3f01402b-307c-4a54-abe6-b677433715ef#0:FAIL-t55, 8386ee0a-1f3c-47fa-9779-9125ddcf4112<-e5f35640-2c6c-4b86-a5ff-33a1451b27ce#0:FAIL-t55] and 0 exception(s); 8386ee0a-1f3c-47fa-9779-9125ddcf4112@group-33D7D707C079:t55, leader=null, voted=8386ee0a-1f3c-47fa-9779-9125ddcf4112, raftlog=8386ee0a-1f3c-47fa-9779-9125ddcf4112@group-33D7D707C079-SegmentedRaftLog:OPENED:c3,f4,i4, conf=0: [3f01402b-307c-4a54-abe6-b677433715ef:192.168.69.71:42588, 8386ee0a-1f3c-47fa-9779-9125ddcf4112:192.168.69.71:40009, e5f35640-2c6c-4b86-a5ff-33a1451b27ce:192.168.69.71:43138], old=null
2019-10-19 01:17:14,968 [8386ee0a-1f3c-47fa-9779-9125ddcf4112@group-33D7D707C079-LeaderElection58] INFO  impl.RaftServerImpl (RaftServerImpl.java:setRole(184)) - 8386ee0a-1f3c-47fa-9779-9125ddcf4112@group-33D7D707C079: changes role from CANDIDATE to FOLLOWER at term 55 for DISCOVERED_A_NEW_TERM
2019-10-19 01:17:14,968 [8386ee0a-1f3c-47fa-9779-9125ddcf4112@group-33D7D707C079-LeaderElection58] INFO  impl.RoleInfo (RoleInfo.java:shutdownLeaderElection(134)) - 8386ee0a-1f3c-47fa-9779-9125ddcf4112: shutdown LeaderElection
2019-10-19 01:17:14,969 [8386ee0a-1f3c-47fa-9779-9125ddcf4112@group-33D7D707C079-LeaderElection58] INFO  impl.RoleInfo (RoleInfo.java:updateAndGet(143)) - 8386ee0a-1f3c-47fa-9779-9125ddcf4112: start FollowerState
2019-10-19 01:17:15,067 [Thread-939] INFO  client.GrpcClientProtocolService (GrpcClientProtocolService.java:lambda$processClientRequest$0(278)) - Failed RaftClientRequest:client-0C21EF03FE8D->3f01402b-307c-4a54-abe6-b677433715ef@group-33D7D707C079, cid=10, seq=0, Watch-ALL_COMMITTED(6), Message:<EMPTY>, reply=RaftClientReply:client-0C21EF03FE8D->3f01402b-307c-4a54-abe6-b677433715ef@group-33D7D707C079, cid=10, FAILED org.apache.ratis.protocol.NotLeaderException: Server 3f01402b-307c-4a54-abe6-b677433715ef@group-33D7D707C079 is not the leader, logIndex=0, commits[3f01402b-307c-4a54-abe6-b677433715ef:c10, 8386ee0a-1f3c-47fa-9779-9125ddcf4112:c4, e5f35640-2c6c-4b86-a5ff-33a1451b27ce:c10]
2019-10-19 01:17:15,086 [Thread-937] INFO  impl.FollowerState (FollowerState.java:run(108)) - 8386ee0a-1f3c-47fa-9779-9125ddcf4112@group-33D7D707C079-FollowerState: change to CANDIDATE, lastRpcTime:117ms, electionTimeout:117ms
2019-10-19 01:17:15,086 [Thread-937] INFO  impl.RoleInfo (RoleInfo.java:shutdownFollowerState(121)) - 8386ee0a-1f3c-47fa-9779-9125ddcf4112: shutdown FollowerState
2019-10-19 01:17:15,086 [Thread-937] INFO  impl.RaftServerImpl (RaftServerImpl.java:setRole(184)) - 8386ee0a-1f3c-47fa-9779-9125ddcf4112@group-33D7D707C079: changes role from  FOLLOWER to CANDIDATE at term 55 for changeToCandidate
2019-10-19 01:17:15,086 [Thread-937] INFO  impl.RoleInfo (RoleInfo.java:updateAndGet(143)) - 8386ee0a-1f3c-47fa-9779-9125ddcf4112: start LeaderElection
2019-10-19 01:17:15,101 [8386ee0a-1f3c-47fa-9779-9125ddcf4112@group-33D7D707C079-LeaderElection59] INFO  impl.LeaderElection (LeaderElection.java:askForVotes(178)) - 8386ee0a-1f3c-47fa-9779-9125ddcf4112@group-33D7D707C079-LeaderElection59: begin an election at term 56 for 0: [3f01402b-307c-4a54-abe6-b677433715ef:192.168.69.71:42588, 8386ee0a-1f3c-47fa-9779-9125ddcf4112:192.168.69.71:40009, e5f35640-2c6c-4b86-a5ff-33a1451b27ce:192.168.69.71:43138], old=null
2019-10-19 01:17:15,103 [grpc-default-executor-6] INFO  impl.RaftServerImpl (RaftServerImpl.java:setRole(184)) - e5f35640-2c6c-4b86-a5ff-33a1451b27ce@group-33D7D707C079: changes role from  FOLLOWER to FOLLOWER at term 56 for recognizeCandidate:8386ee0a-1f3c-47fa-9779-9125ddcf4112
2019-10-19 01:17:15,103 [grpc-default-executor-2] INFO  impl.RaftServerImpl (RaftServerImpl.java:setRole(184)) - 3f01402b-307c-4a54-abe6-b677433715ef@group-33D7D707C079: changes role from  FOLLOWER to FOLLOWER at term 56 for recognizeCandidate:8386ee0a-1f3c-47fa-9779-9125ddcf4112
2019-10-19 01:17:15,104 [grpc-default-executor-6] INFO  impl.RoleInfo (RoleInfo.java:shutdownFollowerState(121)) - e5f35640-2c6c-4b86-a5ff-33a1451b27ce: shutdown FollowerState
2019-10-19 01:17:15,104 [grpc-default-executor-2] INFO  impl.RoleInfo (RoleInfo.java:shutdownFollowerState(121)) - 3f01402b-307c-4a54-abe6-b677433715ef: shutdown FollowerState
2019-10-19 01:17:15,104 [Thread-936] INFO  impl.FollowerState (FollowerState.java:run(117)) - e5f35640-2c6c-4b86-a5ff-33a1451b27ce@group-33D7D707C079-FollowerState was interrupted: java.lang.InterruptedException: sleep interrupted
2019-10-19 01:17:15,104 [grpc-default-executor-6] INFO  impl.RoleInfo (RoleInfo.java:updateAndGet(143)) - e5f35640-2c6c-4b86-a5ff-33a1451b27ce: start FollowerState
2019-10-19 01:17:15,104 [Thread-935] INFO  impl.FollowerState (FollowerState.java:run(117)) - 3f01402b-307c-4a54-abe6-b677433715ef@group-33D7D707C079-FollowerState was interrupted: java.lang.InterruptedException: sleep interrupted
2019-10-19 01:17:15,104 [grpc-default-executor-2] INFO  impl.RoleInfo (RoleInfo.java:updateAndGet(143)) - 3f01402b-307c-4a54-abe6-b677433715ef: start FollowerState
2019-10-19 01:17:15,116 [8386ee0a-1f3c-47fa-9779-9125ddcf4112@group-33D7D707C079-LeaderElection59] INFO  impl.LeaderElection (LeaderElection.java:logAndReturn(56)) - 8386ee0a-1f3c-47fa-9779-9125ddcf4112@group-33D7D707C079-LeaderElection59: Election REJECTED; received 2 response(s) [8386ee0a-1f3c-47fa-9779-9125ddcf4112<-3f01402b-307c-4a54-abe6-b677433715ef#0:FAIL-t56, 8386ee0a-1f3c-47fa-9779-9125ddcf4112<-e5f35640-2c6c-4b86-a5ff-33a1451b27ce#0:FAIL-t56] and 0 exception(s); 8386ee0a-1f3c-47fa-9779-9125ddcf4112@group-33D7D707C079:t56, leader=null, voted=8386ee0a-1f3c-47fa-9779-9125ddcf4112, raftlog=8386ee0a-1f3c-47fa-9779-9125ddcf4112@group-33D7D707C079-SegmentedRaftLog:OPENED:c3,f4,i4, conf=0: [3f01402b-307c-4a54-abe6-b677433715ef:192.168.69.71:42588, 8386ee0a-1f3c-47fa-9779-9125ddcf4112:192.168.69.71:40009, e5f35640-2c6c-4b86-a5ff-33a1451b27ce:192.168.69.71:43138], old=null
2019-10-19 01:17:15,116 [8386ee0a-1f3c-47fa-9779-9125ddcf4112@group-33D7D707C079-LeaderElection59] INFO  impl.RaftServerImpl (RaftServerImpl.java:setRole(184)) - 8386ee0a-1f3c-47fa-9779-9125ddcf4112@group-33D7D707C079: changes role from CANDIDATE to FOLLOWER at term 56 for DISCOVERED_A_NEW_TERM
2019-10-19 01:17:15,116 [8386ee0a-1f3c-47fa-9779-9125ddcf4112@group-33D7D707C079-LeaderElection59] INFO  impl.RoleInfo (RoleInfo.java:shutdownLeaderElection(134)) - 8386ee0a-1f3c-47fa-9779-9125ddcf4112: shutdown LeaderElection
2019-10-19 01:17:15,116 [8386ee0a-1f3c-47fa-9779-9125ddcf4112@group-33D7D707C079-LeaderElection59] INFO  impl.RoleInfo (RoleInfo.java:updateAndGet(143)) - 8386ee0a-1f3c-47fa-9779-9125ddcf4112: start FollowerState
2019-10-19 01:17:15,197 [Thread-946] INFO  impl.FollowerState (FollowerState.java:run(108)) - 8386ee0a-1f3c-47fa-9779-9125ddcf4112@group-33D7D707C079-FollowerState: change to CANDIDATE, lastRpcTime:81ms, electionTimeout:81ms
2019-10-19 01:17:15,198 [Thread-946] INFO  impl.RoleInfo (RoleInfo.java:shutdownFollowerState(121)) - 8386ee0a-1f3c-47fa-9779-9125ddcf4112: shutdown FollowerState
2019-10-19 01:17:15,198 [Thread-946] INFO  impl.RaftServerImpl (RaftServerImpl.java:setRole(184)) - 8386ee0a-1f3c-47fa-9779-9125ddcf4112@group-33D7D707C079: changes role from  FOLLOWER to CANDIDATE at term 56 for changeToCandidate
2019-10-19 01:17:15,198 [Thread-946] INFO  impl.RoleInfo (RoleInfo.java:updateAndGet(143)) - 8386ee0a-1f3c-47fa-9779-9125ddcf4112: start LeaderElection
2019-10-19 01:17:15,212 [8386ee0a-1f3c-47fa-9779-9125ddcf4112@group-33D7D707C079-LeaderElection60] INFO  impl.LeaderElection (LeaderElection.java:askForVotes(178)) - 8386ee0a-1f3c-47fa-9779-9125ddcf4112@group-33D7D707C079-LeaderElection60: begin an election at term 57 for 0: [3f01402b-307c-4a54-abe6-b677433715ef:192.168.69.71:42588, 8386ee0a-1f3c-47fa-9779-9125ddcf4112:192.168.69.71:40009, e5f35640-2c6c-4b86-a5ff-33a1451b27ce:192.168.69.71:43138], old=null
2019-10-19 01:17:15,215 [grpc-default-executor-6] INFO  impl.RaftServerImpl (RaftServerImpl.java:setRole(184)) - e5f35640-2c6c-4b86-a5ff-33a1451b27ce@group-33D7D707C079: changes role from  FOLLOWER to FOLLOWER at term 57 for recognizeCandidate:8386ee0a-1f3c-47fa-9779-9125ddcf4112
2019-10-19 01:17:15,215 [grpc-default-executor-2] INFO  impl.RaftServerImpl (RaftServerImpl.java:setRole(184)) - 3f01402b-307c-4a54-abe6-b677433715ef@group-33D7D707C079: changes role from  FOLLOWER to FOLLOWER at term 57 for recognizeCandidate:8386ee0a-1f3c-47fa-9779-9125ddcf4112
2019-10-19 01:17:15,216 [grpc-default-executor-6] INFO  impl.RoleInfo (RoleInfo.java:shutdownFollowerState(121)) - e5f35640-2c6c-4b86-a5ff-33a1451b27ce: shutdown FollowerState
2019-10-19 01:17:15,216 [grpc-default-executor-2] INFO  impl.RoleInfo (RoleInfo.java:shutdownFollowerState(121)) - 3f01402b-307c-4a54-abe6-b677433715ef: shutdown FollowerState
2019-10-19 01:17:15,216 [grpc-default-executor-6] INFO  impl.RoleInfo (RoleInfo.java:updateAndGet(143)) - e5f35640-2c6c-4b86-a5ff-33a1451b27ce: start FollowerState
2019-10-19 01:17:15,216 [Thread-945] INFO  impl.FollowerState (FollowerState.java:run(117)) - 3f01402b-307c-4a54-abe6-b677433715ef@group-33D7D707C079-FollowerState was interrupted: java.lang.InterruptedException: sleep interrupted
2019-10-19 01:17:15,216 [grpc-default-executor-2] INFO  impl.RoleInfo (RoleInfo.java:updateAndGet(143)) - 3f01402b-307c-4a54-abe6-b677433715ef: start FollowerState
2019-10-19 01:17:15,216 [Thread-944] INFO  impl.FollowerState (FollowerState.java:run(117)) - e5f35640-2c6c-4b86-a5ff-33a1451b27ce@group-33D7D707C079-FollowerState was interrupted: java.lang.InterruptedException: sleep interrupted
2019-10-19 01:17:15,230 [8386ee0a-1f3c-47fa-9779-9125ddcf4112@group-33D7D707C079-LeaderElection60] INFO  impl.LeaderElection (LeaderElection.java:logAndReturn(56)) - 8386ee0a-1f3c-47fa-9779-9125ddcf4112@group-33D7D707C079-LeaderElection60: Election REJECTED; received 2 response(s) [8386ee0a-1f3c-47fa-9779-9125ddcf4112<-3f01402b-307c-4a54-abe6-b677433715ef#0:FAIL-t57, 8386ee0a-1f3c-47fa-9779-9125ddcf4112<-e5f35640-2c6c-4b86-a5ff-33a1451b27ce#0:FAIL-t57] and 0 exception(s); 8386ee0a-1f3c-47fa-9779-9125ddcf4112@group-33D7D707C079:t57, leader=null, voted=8386ee0a-1f3c-47fa-9779-9125ddcf4112, raftlog=8386ee0a-1f3c-47fa-9779-9125ddcf4112@group-33D7D707C079-SegmentedRaftLog:OPENED:c3,f4,i4, conf=0: [3f01402b-307c-4a54-abe6-b677433715ef:192.168.69.71:42588, 8386ee0a-1f3c-47fa-9779-9125ddcf4112:192.168.69.71:40009, e5f35640-2c6c-4b86-a5ff-33a1451b27ce:192.168.69.71:43138], old=null
2019-10-19 01:17:15,231 [8386ee0a-1f3c-47fa-9779-9125ddcf4112@group-33D7D707C079-LeaderElection60] INFO  impl.RaftServerImpl (RaftServerImpl.java:setRole(184)) - 8386ee0a-1f3c-47fa-9779-9125ddcf4112@group-33D7D707C079: changes role from CANDIDATE to FOLLOWER at term 57 for DISCOVERED_A_NEW_TERM
2019-10-19 01:17:15,231 [8386ee0a-1f3c-47fa-9779-9125ddcf4112@group-33D7D707C079-LeaderElection60] INFO  impl.RoleInfo (RoleInfo.java:shutdownLeaderElection(134)) - 8386ee0a-1f3c-47fa-9779-9125ddcf4112: shutdown LeaderElection
2019-10-19 01:17:15,231 [8386ee0a-1f3c-47fa-9779-9125ddcf4112@group-33D7D707C079-LeaderElection60] INFO  impl.RoleInfo (RoleInfo.java:updateAndGet(143)) - 8386ee0a-1f3c-47fa-9779-9125ddcf4112: start FollowerState
2019-10-19 01:17:15,359 [Thread-952] INFO  impl.FollowerState (FollowerState.java:run(108)) - 8386ee0a-1f3c-47fa-9779-9125ddcf4112@group-33D7D707C079-FollowerState: change to CANDIDATE, lastRpcTime:128ms, electionTimeout:128ms
2019-10-19 01:17:15,360 [Thread-952] INFO  impl.RoleInfo (RoleInfo.java:shutdownFollowerState(121)) - 8386ee0a-1f3c-47fa-9779-9125ddcf4112: shutdown FollowerState
2019-10-19 01:17:15,360 [Thread-952] INFO  impl.RaftServerImpl (RaftServerImpl.java:setRole(184)) - 8386ee0a-1f3c-47fa-9779-9125ddcf4112@group-33D7D707C079: changes role from  FOLLOWER to CANDIDATE at term 57 for changeToCandidate
2019-10-19 01:17:15,360 [Thread-952] INFO  impl.RoleInfo (RoleInfo.java:updateAndGet(143)) - 8386ee0a-1f3c-47fa-9779-9125ddcf4112: start LeaderElection
2019-10-19 01:17:15,374 [8386ee0a-1f3c-47fa-9779-9125ddcf4112@group-33D7D707C079-LeaderElection61] INFO  impl.LeaderElection (LeaderElection.java:askForVotes(178)) - 8386ee0a-1f3c-47fa-9779-9125ddcf4112@group-33D7D707C079-LeaderElection61: begin an election at term 58 for 0: [3f01402b-307c-4a54-abe6-b677433715ef:192.168.69.71:42588, 8386ee0a-1f3c-47fa-9779-9125ddcf4112:192.168.69.71:40009, e5f35640-2c6c-4b86-a5ff-33a1451b27ce:192.168.69.71:43138], old=null
2019-10-19 01:17:15,377 [grpc-default-executor-2] INFO  impl.RaftServerImpl (RaftServerImpl.java:setRole(184)) - 3f01402b-307c-4a54-abe6-b677433715ef@group-33D7D707C079: changes role from  FOLLOWER to FOLLOWER at term 58 for recognizeCandidate:8386ee0a-1f3c-47fa-9779-9125ddcf4112
2019-10-19 01:17:15,377 [grpc-default-executor-2] INFO  impl.RoleInfo (RoleInfo.java:shutdownFollowerState(121)) - 3f01402b-307c-4a54-abe6-b677433715ef: shutdown FollowerState
2019-10-19 01:17:15,377 [grpc-default-executor-6] INFO  impl.RaftServerImpl (RaftServerImpl.java:setRole(184)) - e5f35640-2c6c-4b86-a5ff-33a1451b27ce@group-33D7D707C079: changes role from  FOLLOWER to FOLLOWER at term 58 for recognizeCandidate:8386ee0a-1f3c-47fa-9779-9125ddcf4112
2019-10-19 01:17:15,378 [Thread-951] INFO  impl.FollowerState (FollowerState.java:run(117)) - 3f01402b-307c-4a54-abe6-b677433715ef@group-33D7D707C079-FollowerState was interrupted: java.lang.InterruptedException: sleep interrupted
2019-10-19 01:17:15,378 [grpc-default-executor-2] INFO  impl.RoleInfo (RoleInfo.java:updateAndGet(143)) - 3f01402b-307c-4a54-abe6-b677433715ef: start FollowerState
2019-10-19 01:17:15,378 [grpc-default-executor-6] INFO  impl.RoleInfo (RoleInfo.java:shutdownFollowerState(121)) - e5f35640-2c6c-4b86-a5ff-33a1451b27ce: shutdown FollowerState
2019-10-19 01:17:15,378 [Thread-950] INFO  impl.FollowerState (FollowerState.java:run(117)) - e5f35640-2c6c-4b86-a5ff-33a1451b27ce@group-33D7D707C079-FollowerState was interrupted: java.lang.InterruptedException: sleep interrupted
2019-10-19 01:17:15,378 [grpc-default-executor-6] INFO  impl.RoleInfo (RoleInfo.java:updateAndGet(143)) - e5f35640-2c6c-4b86-a5ff-33a1451b27ce: start FollowerState
2019-10-19 01:17:15,390 [8386ee0a-1f3c-47fa-9779-9125ddcf4112@group-33D7D707C079-LeaderElection61] INFO  impl.LeaderElection (LeaderElection.java:logAndReturn(56)) - 8386ee0a-1f3c-47fa-9779-9125ddcf4112@group-33D7D707C079-LeaderElection61: Election REJECTED; received 2 response(s) [8386ee0a-1f3c-47fa-9779-9125ddcf4112<-3f01402b-307c-4a54-abe6-b677433715ef#0:FAIL-t58, 8386ee0a-1f3c-47fa-9779-9125ddcf4112<-e5f35640-2c6c-4b86-a5ff-33a1451b27ce#0:FAIL-t58] and 0 exception(s); 8386ee0a-1f3c-47fa-9779-9125ddcf4112@group-33D7D707C079:t58, leader=null, voted=8386ee0a-1f3c-47fa-9779-9125ddcf4112, raftlog=8386ee0a-1f3c-47fa-9779-9125ddcf4112@group-33D7D707C079-SegmentedRaftLog:OPENED:c3,f4,i4, conf=0: [3f01402b-307c-4a54-abe6-b677433715ef:192.168.69.71:42588, 8386ee0a-1f3c-47fa-9779-9125ddcf4112:192.168.69.71:40009, e5f35640-2c6c-4b86-a5ff-33a1451b27ce:192.168.69.71:43138], old=null
2019-10-19 01:17:15,391 [8386ee0a-1f3c-47fa-9779-9125ddcf4112@group-33D7D707C079-LeaderElection61] INFO  impl.RaftServerImpl (RaftServerImpl.java:setRole(184)) - 8386ee0a-1f3c-47fa-9779-9125ddcf4112@group-33D7D707C079: changes role from CANDIDATE to FOLLOWER at term 58 for DISCOVERED_A_NEW_TERM
2019-10-19 01:17:15,391 [8386ee0a-1f3c-47fa-9779-9125ddcf4112@group-33D7D707C079-LeaderElection61] INFO  impl.RoleInfo (RoleInfo.java:shutdownLeaderElection(134)) - 8386ee0a-1f3c-47fa-9779-9125ddcf4112: shutdown LeaderElection
2019-10-19 01:17:15,391 [8386ee0a-1f3c-47fa-9779-9125ddcf4112@group-33D7D707C079-LeaderElection61] INFO  impl.RoleInfo (RoleInfo.java:updateAndGet(143)) - 8386ee0a-1f3c-47fa-9779-9125ddcf4112: start FollowerState
2019-10-19 01:17:15,490 [BlockDeletingService#2] WARN  background.BlockDeletingService (BlockDeletingService.java:isDeletionAllowed(187)) - Close Container log Index 6 is not replicated across allthe servers in the pipeline 260d8aca-b42b-4def-900d-33d7d707c079 as the min replicated index is 4. Deletion is not allowed in this container yet.
2019-10-19 01:17:15,490 [BlockDeletingService#2] WARN  background.BlockDeletingService (BlockDeletingService.java:isDeletionAllowed(187)) - Close Container log Index 6 is not replicated across allthe servers in the pipeline 260d8aca-b42b-4def-900d-33d7d707c079 as the min replicated index is 4. Deletion is not allowed in this container yet.
2019-10-19 01:17:15,580 [Thread-958] INFO  impl.FollowerState (FollowerState.java:run(108)) - 8386ee0a-1f3c-47fa-9779-9125ddcf4112@group-33D7D707C079-FollowerState: change to CANDIDATE, lastRpcTime:189ms, electionTimeout:189ms
2019-10-19 01:17:15,581 [Thread-958] INFO  impl.RoleInfo (RoleInfo.java:shutdownFollowerState(121)) - 8386ee0a-1f3c-47fa-9779-9125ddcf4112: shutdown FollowerState
2019-10-19 01:17:15,581 [Thread-958] INFO  impl.RaftServerImpl (RaftServerImpl.java:setRole(184)) - 8386ee0a-1f3c-47fa-9779-9125ddcf4112@group-33D7D707C079: changes role from  FOLLOWER to CANDIDATE at term 58 for changeToCandidate
2019-10-19 01:17:15,581 [Thread-958] INFO  impl.RoleInfo (RoleInfo.java:updateAndGet(143)) - 8386ee0a-1f3c-47fa-9779-9125ddcf4112: start LeaderElection
2019-10-19 01:17:15,597 [8386ee0a-1f3c-47fa-9779-9125ddcf4112@group-33D7D707C079-LeaderElection62] INFO  impl.LeaderElection (LeaderElection.java:askForVotes(178)) - 8386ee0a-1f3c-47fa-9779-9125ddcf4112@group-33D7D707C079-LeaderElection62: begin an election at term 59 for 0: [3f01402b-307c-4a54-abe6-b677433715ef:192.168.69.71:42588, 8386ee0a-1f3c-47fa-9779-9125ddcf4112:192.168.69.71:40009, e5f35640-2c6c-4b86-a5ff-33a1451b27ce:192.168.69.71:43138], old=null
2019-10-19 01:17:15,600 [grpc-default-executor-2] INFO  impl.RaftServerImpl (RaftServerImpl.java:setRole(184)) - 3f01402b-307c-4a54-abe6-b677433715ef@group-33D7D707C079: changes role from  FOLLOWER to FOLLOWER at term 59 for recognizeCandidate:8386ee0a-1f3c-47fa-9779-9125ddcf4112
2019-10-19 01:17:15,600 [grpc-default-executor-2] INFO  impl.RoleInfo (RoleInfo.java:shutdownFollowerState(121)) - 3f01402b-307c-4a54-abe6-b677433715ef: shutdown FollowerState
2019-10-19 01:17:15,600 [grpc-default-executor-2] INFO  impl.RoleInfo (RoleInfo.java:updateAndGet(143)) - 3f01402b-307c-4a54-abe6-b677433715ef: start FollowerState
2019-10-19 01:17:15,600 [Thread-956] INFO  impl.FollowerState (FollowerState.java:run(117)) - 3f01402b-307c-4a54-abe6-b677433715ef@group-33D7D707C079-FollowerState was interrupted: java.lang.InterruptedException: sleep interrupted
2019-10-19 01:17:15,600 [grpc-default-executor-6] INFO  impl.RaftServerImpl (RaftServerImpl.java:setRole(184)) - e5f35640-2c6c-4b86-a5ff-33a1451b27ce@group-33D7D707C079: changes role from  FOLLOWER to FOLLOWER at term 59 for recognizeCandidate:8386ee0a-1f3c-47fa-9779-9125ddcf4112
2019-10-19 01:17:15,601 [grpc-default-executor-6] INFO  impl.RoleInfo (RoleInfo.java:shutdownFollowerState(121)) - e5f35640-2c6c-4b86-a5ff-33a1451b27ce: shutdown FollowerState
2019-10-19 01:17:15,601 [grpc-default-executor-6] INFO  impl.RoleInfo (RoleInfo.java:updateAndGet(143)) - e5f35640-2c6c-4b86-a5ff-33a1451b27ce: start FollowerState
2019-10-19 01:17:15,601 [Thread-957] INFO  impl.FollowerState (FollowerState.java:run(117)) - e5f35640-2c6c-4b86-a5ff-33a1451b27ce@group-33D7D707C079-FollowerState was interrupted: java.lang.InterruptedException: sleep interrupted
2019-10-19 01:17:15,615 [8386ee0a-1f3c-47fa-9779-9125ddcf4112@group-33D7D707C079-LeaderElection62] INFO  impl.LeaderElection (LeaderElection.java:logAndReturn(56)) - 8386ee0a-1f3c-47fa-9779-9125ddcf4112@group-33D7D707C079-LeaderElection62: Election REJECTED; received 2 response(s) [8386ee0a-1f3c-47fa-9779-9125ddcf4112<-3f01402b-307c-4a54-abe6-b677433715ef#0:FAIL-t59, 8386ee0a-1f3c-47fa-9779-9125ddcf4112<-e5f35640-2c6c-4b86-a5ff-33a1451b27ce#0:FAIL-t59] and 0 exception(s); 8386ee0a-1f3c-47fa-9779-9125ddcf4112@group-33D7D707C079:t59, leader=null, voted=8386ee0a-1f3c-47fa-9779-9125ddcf4112, raftlog=8386ee0a-1f3c-47fa-9779-9125ddcf4112@group-33D7D707C079-SegmentedRaftLog:OPENED:c3,f4,i4, conf=0: [3f01402b-307c-4a54-abe6-b677433715ef:192.168.69.71:42588, 8386ee0a-1f3c-47fa-9779-9125ddcf4112:192.168.69.71:40009, e5f35640-2c6c-4b86-a5ff-33a1451b27ce:192.168.69.71:43138], old=null
2019-10-19 01:17:15,615 [8386ee0a-1f3c-47fa-9779-9125ddcf4112@group-33D7D707C079-LeaderElection62] INFO  impl.RaftServerImpl (RaftServerImpl.java:setRole(184)) - 8386ee0a-1f3c-47fa-9779-9125ddcf4112@group-33D7D707C079: changes role from CANDIDATE to FOLLOWER at term 59 for DISCOVERED_A_NEW_TERM
2019-10-19 01:17:15,615 [8386ee0a-1f3c-47fa-9779-9125ddcf4112@group-33D7D707C079-LeaderElection62] INFO  impl.RoleInfo (RoleInfo.java:shutdownLeaderElection(134)) - 8386ee0a-1f3c-47fa-9779-9125ddcf4112: shutdown LeaderElection
2019-10-19 01:17:15,616 [8386ee0a-1f3c-47fa-9779-9125ddcf4112@group-33D7D707C079-LeaderElection62] INFO  impl.RoleInfo (RoleInfo.java:updateAndGet(143)) - 8386ee0a-1f3c-47fa-9779-9125ddcf4112: start FollowerState
2019-10-19 01:17:15,650 [Thread-966] INFO  impl.FollowerState (FollowerState.java:run(108)) - 8386ee0a-1f3c-47fa-9779-9125ddcf4112@group-33D7D707C079-FollowerState: change to CANDIDATE, lastRpcTime:34ms, electionTimeout:34ms
2019-10-19 01:17:15,650 [Thread-966] INFO  impl.RoleInfo (RoleInfo.java:shutdownFollowerState(121)) - 8386ee0a-1f3c-47fa-9779-9125ddcf4112: shutdown FollowerState
2019-10-19 01:17:15,650 [Thread-966] INFO  impl.RaftServerImpl (RaftServerImpl.java:setRole(184)) - 8386ee0a-1f3c-47fa-9779-9125ddcf4112@group-33D7D707C079: changes role from  FOLLOWER to CANDIDATE at term 59 for changeToCandidate
2019-10-19 01:17:15,650 [Thread-966] INFO  impl.RoleInfo (RoleInfo.java:updateAndGet(143)) - 8386ee0a-1f3c-47fa-9779-9125ddcf4112: start LeaderElection
2019-10-19 01:17:15,664 [8386ee0a-1f3c-47fa-9779-9125ddcf4112@group-33D7D707C079-LeaderElection63] INFO  impl.LeaderElection (LeaderElection.java:askForVotes(178)) - 8386ee0a-1f3c-47fa-9779-9125ddcf4112@group-33D7D707C079-LeaderElection63: begin an election at term 60 for 0: [3f01402b-307c-4a54-abe6-b677433715ef:192.168.69.71:42588, 8386ee0a-1f3c-47fa-9779-9125ddcf4112:192.168.69.71:40009, e5f35640-2c6c-4b86-a5ff-33a1451b27ce:192.168.69.71:43138], old=null
2019-10-19 01:17:15,667 [grpc-default-executor-6] INFO  impl.RaftServerImpl (RaftServerImpl.java:setRole(184)) - 3f01402b-307c-4a54-abe6-b677433715ef@group-33D7D707C079: changes role from  FOLLOWER to FOLLOWER at term 60 for recognizeCandidate:8386ee0a-1f3c-47fa-9779-9125ddcf4112
2019-10-19 01:17:15,667 [grpc-default-executor-6] INFO  impl.RoleInfo (RoleInfo.java:shutdownFollowerState(121)) - 3f01402b-307c-4a54-abe6-b677433715ef: shutdown FollowerState
2019-10-19 01:17:15,667 [grpc-default-executor-2] INFO  impl.RaftServerImpl (RaftServerImpl.java:setRole(184)) - e5f35640-2c6c-4b86-a5ff-33a1451b27ce@group-33D7D707C079: changes role from  FOLLOWER to FOLLOWER at term 60 for recognizeCandidate:8386ee0a-1f3c-47fa-9779-9125ddcf4112
2019-10-19 01:17:15,667 [grpc-default-executor-2] INFO  impl.RoleInfo (RoleInfo.java:shutdownFollowerState(121)) - e5f35640-2c6c-4b86-a5ff-33a1451b27ce: shutdown FollowerState
2019-10-19 01:17:15,667 [Thread-964] INFO  impl.FollowerState (FollowerState.java:run(117)) - 3f01402b-307c-4a54-abe6-b677433715ef@group-33D7D707C079-FollowerState was interrupted: java.lang.InterruptedException: sleep interrupted
2019-10-19 01:17:15,667 [grpc-default-executor-6] INFO  impl.RoleInfo (RoleInfo.java:updateAndGet(143)) - 3f01402b-307c-4a54-abe6-b677433715ef: start FollowerState
2019-10-19 01:17:15,667 [grpc-default-executor-2] INFO  impl.RoleInfo (RoleInfo.java:updateAndGet(143)) - e5f35640-2c6c-4b86-a5ff-33a1451b27ce: start FollowerState
2019-10-19 01:17:15,667 [Thread-965] INFO  impl.FollowerState (FollowerState.java:run(117)) - e5f35640-2c6c-4b86-a5ff-33a1451b27ce@group-33D7D707C079-FollowerState was interrupted: java.lang.InterruptedException: sleep interrupted
2019-10-19 01:17:15,681 [8386ee0a-1f3c-47fa-9779-9125ddcf4112@group-33D7D707C079-LeaderElection63] INFO  impl.LeaderElection (LeaderElection.java:logAndReturn(56)) - 8386ee0a-1f3c-47fa-9779-9125ddcf4112@group-33D7D707C079-LeaderElection63: Election REJECTED; received 2 response(s) [8386ee0a-1f3c-47fa-9779-9125ddcf4112<-3f01402b-307c-4a54-abe6-b677433715ef#0:FAIL-t60, 8386ee0a-1f3c-47fa-9779-9125ddcf4112<-e5f35640-2c6c-4b86-a5ff-33a1451b27ce#0:FAIL-t60] and 0 exception(s); 8386ee0a-1f3c-47fa-9779-9125ddcf4112@group-33D7D707C079:t60, leader=null, voted=8386ee0a-1f3c-47fa-9779-9125ddcf4112, raftlog=8386ee0a-1f3c-47fa-9779-9125ddcf4112@group-33D7D707C079-SegmentedRaftLog:OPENED:c3,f4,i4, conf=0: [3f01402b-307c-4a54-abe6-b677433715ef:192.168.69.71:42588, 8386ee0a-1f3c-47fa-9779-9125ddcf4112:192.168.69.71:40009, e5f35640-2c6c-4b86-a5ff-33a1451b27ce:192.168.69.71:43138], old=null
2019-10-19 01:17:15,681 [8386ee0a-1f3c-47fa-9779-9125ddcf4112@group-33D7D707C079-LeaderElection63] INFO  impl.RaftServerImpl (RaftServerImpl.java:setRole(184)) - 8386ee0a-1f3c-47fa-9779-9125ddcf4112@group-33D7D707C079: changes role from CANDIDATE to FOLLOWER at term 60 for DISCOVERED_A_NEW_TERM
2019-10-19 01:17:15,682 [8386ee0a-1f3c-47fa-9779-9125ddcf4112@group-33D7D707C079-LeaderElection63] INFO  impl.RoleInfo (RoleInfo.java:shutdownLeaderElection(134)) - 8386ee0a-1f3c-47fa-9779-9125ddcf4112: shutdown LeaderElection
2019-10-19 01:17:15,682 [8386ee0a-1f3c-47fa-9779-9125ddcf4112@group-33D7D707C079-LeaderElection63] INFO  impl.RoleInfo (RoleInfo.java:updateAndGet(143)) - 8386ee0a-1f3c-47fa-9779-9125ddcf4112: start FollowerState
2019-10-19 01:17:15,844 [Thread-972] INFO  impl.FollowerState (FollowerState.java:run(108)) - 8386ee0a-1f3c-47fa-9779-9125ddcf4112@group-33D7D707C079-FollowerState: change to CANDIDATE, lastRpcTime:162ms, electionTimeout:162ms
2019-10-19 01:17:15,844 [Thread-972] INFO  impl.RoleInfo (RoleInfo.java:shutdownFollowerState(121)) - 8386ee0a-1f3c-47fa-9779-9125ddcf4112: shutdown FollowerState
2019-10-19 01:17:15,844 [Thread-972] INFO  impl.RaftServerImpl (RaftServerImpl.java:setRole(184)) - 8386ee0a-1f3c-47fa-9779-9125ddcf4112@group-33D7D707C079: changes role from  FOLLOWER to CANDIDATE at term 60 for changeToCandidate
2019-10-19 01:17:15,845 [Thread-972] INFO  impl.RoleInfo (RoleInfo.java:updateAndGet(143)) - 8386ee0a-1f3c-47fa-9779-9125ddcf4112: start LeaderElection
2019-10-19 01:17:15,859 [8386ee0a-1f3c-47fa-9779-9125ddcf4112@group-33D7D707C079-LeaderElection64] INFO  impl.LeaderElection (LeaderElection.java:askForVotes(178)) - 8386ee0a-1f3c-47fa-9779-9125ddcf4112@group-33D7D707C079-LeaderElection64: begin an election at term 61 for 0: [3f01402b-307c-4a54-abe6-b677433715ef:192.168.69.71:42588, 8386ee0a-1f3c-47fa-9779-9125ddcf4112:192.168.69.71:40009, e5f35640-2c6c-4b86-a5ff-33a1451b27ce:192.168.69.71:43138], old=null
2019-10-19 01:17:15,863 [grpc-default-executor-2] INFO  impl.RaftServerImpl (RaftServerImpl.java:setRole(184)) - 3f01402b-307c-4a54-abe6-b677433715ef@group-33D7D707C079: changes role from  FOLLOWER to FOLLOWER at term 61 for recognizeCandidate:8386ee0a-1f3c-47fa-9779-9125ddcf4112
2019-10-19 01:17:15,864 [grpc-default-executor-2] INFO  impl.RoleInfo (RoleInfo.java:shutdownFollowerState(121)) - 3f01402b-307c-4a54-abe6-b677433715ef: shutdown FollowerState
2019-10-19 01:17:15,864 [grpc-default-executor-2] INFO  impl.RoleInfo (RoleInfo.java:updateAndGet(143)) - 3f01402b-307c-4a54-abe6-b677433715ef: start FollowerState
2019-10-19 01:17:15,864 [Thread-970] INFO  impl.FollowerState (FollowerState.java:run(117)) - 3f01402b-307c-4a54-abe6-b677433715ef@group-33D7D707C079-FollowerState was interrupted: java.lang.InterruptedException: sleep interrupted
2019-10-19 01:17:15,864 [grpc-default-executor-6] INFO  impl.RaftServerImpl (RaftServerImpl.java:setRole(184)) - e5f35640-2c6c-4b86-a5ff-33a1451b27ce@group-33D7D707C079: changes role from  FOLLOWER to FOLLOWER at term 61 for recognizeCandidate:8386ee0a-1f3c-47fa-9779-9125ddcf4112
2019-10-19 01:17:15,864 [grpc-default-executor-6] INFO  impl.RoleInfo (RoleInfo.java:shutdownFollowerState(121)) - e5f35640-2c6c-4b86-a5ff-33a1451b27ce: shutdown FollowerState
2019-10-19 01:17:15,865 [grpc-default-executor-6] INFO  impl.RoleInfo (RoleInfo.java:updateAndGet(143)) - e5f35640-2c6c-4b86-a5ff-33a1451b27ce: start FollowerState
2019-10-19 01:17:15,865 [Thread-971] INFO  impl.FollowerState (FollowerState.java:run(117)) - e5f35640-2c6c-4b86-a5ff-33a1451b27ce@group-33D7D707C079-FollowerState was interrupted: java.lang.InterruptedException: sleep interrupted
2019-10-19 01:17:15,879 [8386ee0a-1f3c-47fa-9779-9125ddcf4112@group-33D7D707C079-LeaderElection64] INFO  impl.LeaderElection (LeaderElection.java:logAndReturn(56)) - 8386ee0a-1f3c-47fa-9779-9125ddcf4112@group-33D7D707C079-LeaderElection64: Election REJECTED; received 2 response(s) [8386ee0a-1f3c-47fa-9779-9125ddcf4112<-3f01402b-307c-4a54-abe6-b677433715ef#0:FAIL-t61, 8386ee0a-1f3c-47fa-9779-9125ddcf4112<-e5f35640-2c6c-4b86-a5ff-33a1451b27ce#0:FAIL-t61] and 0 exception(s); 8386ee0a-1f3c-47fa-9779-9125ddcf4112@group-33D7D707C079:t61, leader=null, voted=8386ee0a-1f3c-47fa-9779-9125ddcf4112, raftlog=8386ee0a-1f3c-47fa-9779-9125ddcf4112@group-33D7D707C079-SegmentedRaftLog:OPENED:c3,f4,i4, conf=0: [3f01402b-307c-4a54-abe6-b677433715ef:192.168.69.71:42588, 8386ee0a-1f3c-47fa-9779-9125ddcf4112:192.168.69.71:40009, e5f35640-2c6c-4b86-a5ff-33a1451b27ce:192.168.69.71:43138], old=null
2019-10-19 01:17:15,880 [8386ee0a-1f3c-47fa-9779-9125ddcf4112@group-33D7D707C079-LeaderElection64] INFO  impl.RaftServerImpl (RaftServerImpl.java:setRole(184)) - 8386ee0a-1f3c-47fa-9779-9125ddcf4112@group-33D7D707C079: changes role from CANDIDATE to FOLLOWER at term 61 for DISCOVERED_A_NEW_TERM
2019-10-19 01:17:15,880 [8386ee0a-1f3c-47fa-9779-9125ddcf4112@group-33D7D707C079-LeaderElection64] INFO  impl.RoleInfo (RoleInfo.java:shutdownLeaderElection(134)) - 8386ee0a-1f3c-47fa-9779-9125ddcf4112: shutdown LeaderElection
2019-10-19 01:17:15,880 [8386ee0a-1f3c-47fa-9779-9125ddcf4112@group-33D7D707C079-LeaderElection64] INFO  impl.RoleInfo (RoleInfo.java:updateAndGet(143)) - 8386ee0a-1f3c-47fa-9779-9125ddcf4112: start FollowerState
2019-10-19 01:17:15,953 [Thread-980] INFO  impl.FollowerState (FollowerState.java:run(108)) - 8386ee0a-1f3c-47fa-9779-9125ddcf4112@group-33D7D707C079-FollowerState: change to CANDIDATE, lastRpcTime:72ms, electionTimeout:72ms
2019-10-19 01:17:15,953 [Thread-980] INFO  impl.RoleInfo (RoleInfo.java:shutdownFollowerState(121)) - 8386ee0a-1f3c-47fa-9779-9125ddcf4112: shutdown FollowerState
2019-10-19 01:17:15,953 [Thread-980] INFO  impl.RaftServerImpl (RaftServerImpl.java:setRole(184)) - 8386ee0a-1f3c-47fa-9779-9125ddcf4112@group-33D7D707C079: changes role from  FOLLOWER to CANDIDATE at term 61 for changeToCandidate
2019-10-19 01:17:15,953 [Thread-980] INFO  impl.RoleInfo (RoleInfo.java:updateAndGet(143)) - 8386ee0a-1f3c-47fa-9779-9125ddcf4112: start LeaderElection
2019-10-19 01:17:15,967 [8386ee0a-1f3c-47fa-9779-9125ddcf4112@group-33D7D707C079-LeaderElection65] INFO  impl.LeaderElection (LeaderElection.java:askForVotes(178)) - 8386ee0a-1f3c-47fa-9779-9125ddcf4112@group-33D7D707C079-LeaderElection65: begin an election at term 62 for 0: [3f01402b-307c-4a54-abe6-b677433715ef:192.168.69.71:42588, 8386ee0a-1f3c-47fa-9779-9125ddcf4112:192.168.69.71:40009, e5f35640-2c6c-4b86-a5ff-33a1451b27ce:192.168.69.71:43138], old=null
2019-10-19 01:17:15,970 [grpc-default-executor-2] INFO  impl.RaftServerImpl (RaftServerImpl.java:setRole(184)) - 3f01402b-307c-4a54-abe6-b677433715ef@group-33D7D707C079: changes role from  FOLLOWER to FOLLOWER at term 62 for recognizeCandidate:8386ee0a-1f3c-47fa-9779-9125ddcf4112
2019-10-19 01:17:15,970 [grpc-default-executor-6] INFO  impl.RaftServerImpl (RaftServerImpl.java:setRole(184)) - e5f35640-2c6c-4b86-a5ff-33a1451b27ce@group-33D7D707C079: changes role from  FOLLOWER to FOLLOWER at term 62 for recognizeCandidate:8386ee0a-1f3c-47fa-9779-9125ddcf4112
2019-10-19 01:17:15,971 [grpc-default-executor-2] INFO  impl.RoleInfo (RoleInfo.java:shutdownFollowerState(121)) - 3f01402b-307c-4a54-abe6-b677433715ef: shutdown FollowerState
2019-10-19 01:17:15,971 [grpc-default-executor-6] INFO  impl.RoleInfo (RoleInfo.java:shutdownFollowerState(121)) - e5f35640-2c6c-4b86-a5ff-33a1451b27ce: shutdown FollowerState
2019-10-19 01:17:15,971 [Thread-978] INFO  impl.FollowerState (FollowerState.java:run(117)) - 3f01402b-307c-4a54-abe6-b677433715ef@group-33D7D707C079-FollowerState was interrupted: java.lang.InterruptedException: sleep interrupted
2019-10-19 01:17:15,971 [grpc-default-executor-2] INFO  impl.RoleInfo (RoleInfo.java:updateAndGet(143)) - 3f01402b-307c-4a54-abe6-b677433715ef: start FollowerState
2019-10-19 01:17:15,971 [grpc-default-executor-6] INFO  impl.RoleInfo (RoleInfo.java:updateAndGet(143)) - e5f35640-2c6c-4b86-a5ff-33a1451b27ce: start FollowerState
2019-10-19 01:17:15,971 [Thread-979] INFO  impl.FollowerState (FollowerState.java:run(117)) - e5f35640-2c6c-4b86-a5ff-33a1451b27ce@group-33D7D707C079-FollowerState was interrupted: java.lang.InterruptedException: sleep interrupted
2019-10-19 01:17:15,986 [8386ee0a-1f3c-47fa-9779-9125ddcf4112@group-33D7D707C079-LeaderElection65] INFO  impl.LeaderElection (LeaderElection.java:logAndReturn(56)) - 8386ee0a-1f3c-47fa-9779-9125ddcf4112@group-33D7D707C079-LeaderElection65: Election REJECTED; received 2 response(s) [8386ee0a-1f3c-47fa-9779-9125ddcf4112<-3f01402b-307c-4a54-abe6-b677433715ef#0:FAIL-t62, 8386ee0a-1f3c-47fa-9779-9125ddcf4112<-e5f35640-2c6c-4b86-a5ff-33a1451b27ce#0:FAIL-t62] and 0 exception(s); 8386ee0a-1f3c-47fa-9779-9125ddcf4112@group-33D7D707C079:t62, leader=null, voted=8386ee0a-1f3c-47fa-9779-9125ddcf4112, raftlog=8386ee0a-1f3c-47fa-9779-9125ddcf4112@group-33D7D707C079-SegmentedRaftLog:OPENED:c3,f4,i4, conf=0: [3f01402b-307c-4a54-abe6-b677433715ef:192.168.69.71:42588, 8386ee0a-1f3c-47fa-9779-9125ddcf4112:192.168.69.71:40009, e5f35640-2c6c-4b86-a5ff-33a1451b27ce:192.168.69.71:43138], old=null
2019-10-19 01:17:15,986 [8386ee0a-1f3c-47fa-9779-9125ddcf4112@group-33D7D707C079-LeaderElection65] INFO  impl.RaftServerImpl (RaftServerImpl.java:setRole(184)) - 8386ee0a-1f3c-47fa-9779-9125ddcf4112@group-33D7D707C079: changes role from CANDIDATE to FOLLOWER at term 62 for DISCOVERED_A_NEW_TERM
2019-10-19 01:17:15,986 [8386ee0a-1f3c-47fa-9779-9125ddcf4112@group-33D7D707C079-LeaderElection65] INFO  impl.RoleInfo (RoleInfo.java:shutdownLeaderElection(134)) - 8386ee0a-1f3c-47fa-9779-9125ddcf4112: shutdown LeaderElection
2019-10-19 01:17:15,986 [8386ee0a-1f3c-47fa-9779-9125ddcf4112@group-33D7D707C079-LeaderElection65] INFO  impl.RoleInfo (RoleInfo.java:updateAndGet(143)) - 8386ee0a-1f3c-47fa-9779-9125ddcf4112: start FollowerState
2019-10-19 01:17:16,029 [Thread-987] INFO  impl.FollowerState (FollowerState.java:run(108)) - 8386ee0a-1f3c-47fa-9779-9125ddcf4112@group-33D7D707C079-FollowerState: change to CANDIDATE, lastRpcTime:42ms, electionTimeout:42ms
2019-10-19 01:17:16,029 [Thread-987] INFO  impl.RoleInfo (RoleInfo.java:shutdownFollowerState(121)) - 8386ee0a-1f3c-47fa-9779-9125ddcf4112: shutdown FollowerState
2019-10-19 01:17:16,029 [Thread-987] INFO  impl.RaftServerImpl (RaftServerImpl.java:setRole(184)) - 8386ee0a-1f3c-47fa-9779-9125ddcf4112@group-33D7D707C079: changes role from  FOLLOWER to CANDIDATE at term 62 for changeToCandidate
2019-10-19 01:17:16,029 [Thread-987] INFO  impl.RoleInfo (RoleInfo.java:updateAndGet(143)) - 8386ee0a-1f3c-47fa-9779-9125ddcf4112: start LeaderElection
2019-10-19 01:17:16,043 [8386ee0a-1f3c-47fa-9779-9125ddcf4112@group-33D7D707C079-LeaderElection66] INFO  impl.LeaderElection (LeaderElection.java:askForVotes(178)) - 8386ee0a-1f3c-47fa-9779-9125ddcf4112@group-33D7D707C079-LeaderElection66: begin an election at term 63 for 0: [3f01402b-307c-4a54-abe6-b677433715ef:192.168.69.71:42588, 8386ee0a-1f3c-47fa-9779-9125ddcf4112:192.168.69.71:40009, e5f35640-2c6c-4b86-a5ff-33a1451b27ce:192.168.69.71:43138], old=null
2019-10-19 01:17:16,046 [grpc-default-executor-6] INFO  impl.RaftServerImpl (RaftServerImpl.java:setRole(184)) - 3f01402b-307c-4a54-abe6-b677433715ef@group-33D7D707C079: changes role from  FOLLOWER to FOLLOWER at term 63 for recognizeCandidate:8386ee0a-1f3c-47fa-9779-9125ddcf4112
2019-10-19 01:17:16,046 [grpc-default-executor-6] INFO  impl.RoleInfo (RoleInfo.java:shutdownFollowerState(121)) - 3f01402b-307c-4a54-abe6-b677433715ef: shutdown FollowerState
2019-10-19 01:17:16,047 [grpc-default-executor-2] INFO  impl.RaftServerImpl (RaftServerImpl.java:setRole(184)) - e5f35640-2c6c-4b86-a5ff-33a1451b27ce@group-33D7D707C079: changes role from  FOLLOWER to FOLLOWER at term 63 for recognizeCandidate:8386ee0a-1f3c-47fa-9779-9125ddcf4112
2019-10-19 01:17:16,047 [Thread-985] INFO  impl.FollowerState (FollowerState.java:run(117)) - 3f01402b-307c-4a54-abe6-b677433715ef@group-33D7D707C079-FollowerState was interrupted: java.lang.InterruptedException: sleep interrupted
2019-10-19 01:17:16,047 [grpc-default-executor-6] INFO  impl.RoleInfo (RoleInfo.java:updateAndGet(143)) - 3f01402b-307c-4a54-abe6-b677433715ef: start FollowerState
2019-10-19 01:17:16,047 [grpc-default-executor-2] INFO  impl.RoleInfo (RoleInfo.java:shutdownFollowerState(121)) - e5f35640-2c6c-4b86-a5ff-33a1451b27ce: shutdown FollowerState
2019-10-19 01:17:16,047 [grpc-default-executor-2] INFO  impl.RoleInfo (RoleInfo.java:updateAndGet(143)) - e5f35640-2c6c-4b86-a5ff-33a1451b27ce: start FollowerState
2019-10-19 01:17:16,047 [Thread-986] INFO  impl.FollowerState (FollowerState.java:run(117)) - e5f35640-2c6c-4b86-a5ff-33a1451b27ce@group-33D7D707C079-FollowerState was interrupted: java.lang.InterruptedException: sleep interrupted
2019-10-19 01:17:16,062 [8386ee0a-1f3c-47fa-9779-9125ddcf4112@group-33D7D707C079-LeaderElection66] INFO  impl.LeaderElection (LeaderElection.java:logAndReturn(56)) - 8386ee0a-1f3c-47fa-9779-9125ddcf4112@group-33D7D707C079-LeaderElection66: Election REJECTED; received 2 response(s) [8386ee0a-1f3c-47fa-9779-9125ddcf4112<-3f01402b-307c-4a54-abe6-b677433715ef#0:FAIL-t63, 8386ee0a-1f3c-47fa-9779-9125ddcf4112<-e5f35640-2c6c-4b86-a5ff-33a1451b27ce#0:FAIL-t63] and 0 exception(s); 8386ee0a-1f3c-47fa-9779-9125ddcf4112@group-33D7D707C079:t63, leader=null, voted=8386ee0a-1f3c-47fa-9779-9125ddcf4112, raftlog=8386ee0a-1f3c-47fa-9779-9125ddcf4112@group-33D7D707C079-SegmentedRaftLog:OPENED:c3,f4,i4, conf=0: [3f01402b-307c-4a54-abe6-b677433715ef:192.168.69.71:42588, 8386ee0a-1f3c-47fa-9779-9125ddcf4112:192.168.69.71:40009, e5f35640-2c6c-4b86-a5ff-33a1451b27ce:192.168.69.71:43138], old=null
2019-10-19 01:17:16,062 [8386ee0a-1f3c-47fa-9779-9125ddcf4112@group-33D7D707C079-LeaderElection66] INFO  impl.RaftServerImpl (RaftServerImpl.java:setRole(184)) - 8386ee0a-1f3c-47fa-9779-9125ddcf4112@group-33D7D707C079: changes role from CANDIDATE to FOLLOWER at term 63 for DISCOVERED_A_NEW_TERM
2019-10-19 01:17:16,062 [8386ee0a-1f3c-47fa-9779-9125ddcf4112@group-33D7D707C079-LeaderElection66] INFO  impl.RoleInfo (RoleInfo.java:shutdownLeaderElection(134)) - 8386ee0a-1f3c-47fa-9779-9125ddcf4112: shutdown LeaderElection
2019-10-19 01:17:16,063 [8386ee0a-1f3c-47fa-9779-9125ddcf4112@group-33D7D707C079-LeaderElection66] INFO  impl.RoleInfo (RoleInfo.java:updateAndGet(143)) - 8386ee0a-1f3c-47fa-9779-9125ddcf4112: start FollowerState
2019-10-19 01:17:16,086 [Thread-995] INFO  client.GrpcClientProtocolService (GrpcClientProtocolService.java:lambda$processClientRequest$0(278)) - Failed RaftClientRequest:client-0C21EF03FE8D->8386ee0a-1f3c-47fa-9779-9125ddcf4112@group-33D7D707C079, cid=10, seq=0, Watch-ALL_COMMITTED(6), Message:<EMPTY>, reply=RaftClientReply:client-0C21EF03FE8D->8386ee0a-1f3c-47fa-9779-9125ddcf4112@group-33D7D707C079, cid=10, FAILED org.apache.ratis.protocol.NotLeaderException: Server 8386ee0a-1f3c-47fa-9779-9125ddcf4112@group-33D7D707C079 is not the leader, logIndex=0, commits[8386ee0a-1f3c-47fa-9779-9125ddcf4112:c3]
2019-10-19 01:17:16,261 [Thread-993] INFO  impl.FollowerState (FollowerState.java:run(108)) - 8386ee0a-1f3c-47fa-9779-9125ddcf4112@group-33D7D707C079-FollowerState: change to CANDIDATE, lastRpcTime:198ms, electionTimeout:198ms
2019-10-19 01:17:16,261 [Thread-993] INFO  impl.RoleInfo (RoleInfo.java:shutdownFollowerState(121)) - 8386ee0a-1f3c-47fa-9779-9125ddcf4112: shutdown FollowerState
2019-10-19 01:17:16,261 [Thread-993] INFO  impl.RaftServerImpl (RaftServerImpl.java:setRole(184)) - 8386ee0a-1f3c-47fa-9779-9125ddcf4112@group-33D7D707C079: changes role from  FOLLOWER to CANDIDATE at term 63 for changeToCandidate
2019-10-19 01:17:16,262 [Thread-993] INFO  impl.RoleInfo (RoleInfo.java:updateAndGet(143)) - 8386ee0a-1f3c-47fa-9779-9125ddcf4112: start LeaderElection
2019-10-19 01:17:16,275 [8386ee0a-1f3c-47fa-9779-9125ddcf4112@group-33D7D707C079-LeaderElection67] INFO  impl.LeaderElection (LeaderElection.java:askForVotes(178)) - 8386ee0a-1f3c-47fa-9779-9125ddcf4112@group-33D7D707C079-LeaderElection67: begin an election at term 64 for 0: [3f01402b-307c-4a54-abe6-b677433715ef:192.168.69.71:42588, 8386ee0a-1f3c-47fa-9779-9125ddcf4112:192.168.69.71:40009, e5f35640-2c6c-4b86-a5ff-33a1451b27ce:192.168.69.71:43138], old=null
2019-10-19 01:17:16,278 [grpc-default-executor-6] INFO  impl.RaftServerImpl (RaftServerImpl.java:setRole(184)) - 3f01402b-307c-4a54-abe6-b677433715ef@group-33D7D707C079: changes role from  FOLLOWER to FOLLOWER at term 64 for recognizeCandidate:8386ee0a-1f3c-47fa-9779-9125ddcf4112
2019-10-19 01:17:16,278 [grpc-default-executor-6] INFO  impl.RoleInfo (RoleInfo.java:shutdownFollowerState(121)) - 3f01402b-307c-4a54-abe6-b677433715ef: shutdown FollowerState
2019-10-19 01:17:16,278 [grpc-default-executor-6] INFO  impl.RoleInfo (RoleInfo.java:updateAndGet(143)) - 3f01402b-307c-4a54-abe6-b677433715ef: start FollowerState
2019-10-19 01:17:16,278 [Thread-991] INFO  impl.FollowerState (FollowerState.java:run(117)) - 3f01402b-307c-4a54-abe6-b677433715ef@group-33D7D707C079-FollowerState was interrupted: java.lang.InterruptedException: sleep interrupted
2019-10-19 01:17:16,278 [grpc-default-executor-2] INFO  impl.RaftServerImpl (RaftServerImpl.java:setRole(184)) - e5f35640-2c6c-4b86-a5ff-33a1451b27ce@group-33D7D707C079: changes role from  FOLLOWER to FOLLOWER at term 64 for recognizeCandidate:8386ee0a-1f3c-47fa-9779-9125ddcf4112
2019-10-19 01:17:16,278 [grpc-default-executor-2] INFO  impl.RoleInfo (RoleInfo.java:shutdownFollowerState(121)) - e5f35640-2c6c-4b86-a5ff-33a1451b27ce: shutdown FollowerState
2019-10-19 01:17:16,278 [grpc-default-executor-2] INFO  impl.RoleInfo (RoleInfo.java:updateAndGet(143)) - e5f35640-2c6c-4b86-a5ff-33a1451b27ce: start FollowerState
2019-10-19 01:17:16,278 [Thread-992] INFO  impl.FollowerState (FollowerState.java:run(117)) - e5f35640-2c6c-4b86-a5ff-33a1451b27ce@group-33D7D707C079-FollowerState was interrupted: java.lang.InterruptedException: sleep interrupted
2019-10-19 01:17:16,292 [8386ee0a-1f3c-47fa-9779-9125ddcf4112@group-33D7D707C079-LeaderElection67] INFO  impl.LeaderElection (LeaderElection.java:logAndReturn(56)) - 8386ee0a-1f3c-47fa-9779-9125ddcf4112@group-33D7D707C079-LeaderElection67: Election REJECTED; received 2 response(s) [8386ee0a-1f3c-47fa-9779-9125ddcf4112<-3f01402b-307c-4a54-abe6-b677433715ef#0:FAIL-t64, 8386ee0a-1f3c-47fa-9779-9125ddcf4112<-e5f35640-2c6c-4b86-a5ff-33a1451b27ce#0:FAIL-t64] and 0 exception(s); 8386ee0a-1f3c-47fa-9779-9125ddcf4112@group-33D7D707C079:t64, leader=null, voted=8386ee0a-1f3c-47fa-9779-9125ddcf4112, raftlog=8386ee0a-1f3c-47fa-9779-9125ddcf4112@group-33D7D707C079-SegmentedRaftLog:OPENED:c3,f4,i4, conf=0: [3f01402b-307c-4a54-abe6-b677433715ef:192.168.69.71:42588, 8386ee0a-1f3c-47fa-9779-9125ddcf4112:192.168.69.71:40009, e5f35640-2c6c-4b86-a5ff-33a1451b27ce:192.168.69.71:43138], old=null
2019-10-19 01:17:16,292 [8386ee0a-1f3c-47fa-9779-9125ddcf4112@group-33D7D707C079-LeaderElection67] INFO  impl.RaftServerImpl (RaftServerImpl.java:setRole(184)) - 8386ee0a-1f3c-47fa-9779-9125ddcf4112@group-33D7D707C079: changes role from CANDIDATE to FOLLOWER at term 64 for DISCOVERED_A_NEW_TERM
2019-10-19 01:17:16,292 [8386ee0a-1f3c-47fa-9779-9125ddcf4112@group-33D7D707C079-LeaderElection67] INFO  impl.RoleInfo (RoleInfo.java:shutdownLeaderElection(134)) - 8386ee0a-1f3c-47fa-9779-9125ddcf4112: shutdown LeaderElection
2019-10-19 01:17:16,293 [8386ee0a-1f3c-47fa-9779-9125ddcf4112@group-33D7D707C079-LeaderElection67] INFO  impl.RoleInfo (RoleInfo.java:updateAndGet(143)) - 8386ee0a-1f3c-47fa-9779-9125ddcf4112: start FollowerState
2019-10-19 01:17:16,390 [Thread-1002] INFO  impl.FollowerState (FollowerState.java:run(108)) - 8386ee0a-1f3c-47fa-9779-9125ddcf4112@group-33D7D707C079-FollowerState: change to CANDIDATE, lastRpcTime:97ms, electionTimeout:97ms
2019-10-19 01:17:16,390 [Thread-1002] INFO  impl.RoleInfo (RoleInfo.java:shutdownFollowerState(121)) - 8386ee0a-1f3c-47fa-9779-9125ddcf4112: shutdown FollowerState
2019-10-19 01:17:16,390 [Thread-1002] INFO  impl.RaftServerImpl (RaftServerImpl.java:setRole(184)) - 8386ee0a-1f3c-47fa-9779-9125ddcf4112@group-33D7D707C079: changes role from  FOLLOWER to CANDIDATE at term 64 for changeToCandidate
2019-10-19 01:17:16,390 [Thread-1002] INFO  impl.RoleInfo (RoleInfo.java:updateAndGet(143)) - 8386ee0a-1f3c-47fa-9779-9125ddcf4112: start LeaderElection
2019-10-19 01:17:16,404 [8386ee0a-1f3c-47fa-9779-9125ddcf4112@group-33D7D707C079-LeaderElection68] INFO  impl.LeaderElection (LeaderElection.java:askForVotes(178)) - 8386ee0a-1f3c-47fa-9779-9125ddcf4112@group-33D7D707C079-LeaderElection68: begin an election at term 65 for 0: [3f01402b-307c-4a54-abe6-b677433715ef:192.168.69.71:42588, 8386ee0a-1f3c-47fa-9779-9125ddcf4112:192.168.69.71:40009, e5f35640-2c6c-4b86-a5ff-33a1451b27ce:192.168.69.71:43138], old=null
2019-10-19 01:17:16,406 [grpc-default-executor-6] INFO  impl.RaftServerImpl (RaftServerImpl.java:setRole(184)) - e5f35640-2c6c-4b86-a5ff-33a1451b27ce@group-33D7D707C079: changes role from  FOLLOWER to FOLLOWER at term 65 for recognizeCandidate:8386ee0a-1f3c-47fa-9779-9125ddcf4112
2019-10-19 01:17:16,406 [grpc-default-executor-2] INFO  impl.RaftServerImpl (RaftServerImpl.java:setRole(184)) - 3f01402b-307c-4a54-abe6-b677433715ef@group-33D7D707C079: changes role from  FOLLOWER to FOLLOWER at term 65 for recognizeCandidate:8386ee0a-1f3c-47fa-9779-9125ddcf4112
2019-10-19 01:17:16,406 [grpc-default-executor-6] INFO  impl.RoleInfo (RoleInfo.java:shutdownFollowerState(121)) - e5f35640-2c6c-4b86-a5ff-33a1451b27ce: shutdown FollowerState
2019-10-19 01:17:16,406 [grpc-default-executor-2] INFO  impl.RoleInfo (RoleInfo.java:shutdownFollowerState(121)) - 3f01402b-307c-4a54-abe6-b677433715ef: shutdown FollowerState
2019-10-19 01:17:16,406 [Thread-1001] INFO  impl.FollowerState (FollowerState.java:run(117)) - e5f35640-2c6c-4b86-a5ff-33a1451b27ce@group-33D7D707C079-FollowerState was interrupted: java.lang.InterruptedException: sleep interrupted
2019-10-19 01:17:16,406 [grpc-default-executor-6] INFO  impl.RoleInfo (RoleInfo.java:updateAndGet(143)) - e5f35640-2c6c-4b86-a5ff-33a1451b27ce: start FollowerState
2019-10-19 01:17:16,407 [Thread-1000] INFO  impl.FollowerState (FollowerState.java:run(117)) - 3f01402b-307c-4a54-abe6-b677433715ef@group-33D7D707C079-FollowerState was interrupted: java.lang.InterruptedException: sleep interrupted
2019-10-19 01:17:16,406 [grpc-default-executor-2] INFO  impl.RoleInfo (RoleInfo.java:updateAndGet(143)) - 3f01402b-307c-4a54-abe6-b677433715ef: start FollowerState
2019-10-19 01:17:16,421 [8386ee0a-1f3c-47fa-9779-9125ddcf4112@group-33D7D707C079-LeaderElection68] INFO  impl.LeaderElection (LeaderElection.java:logAndReturn(56)) - 8386ee0a-1f3c-47fa-9779-9125ddcf4112@group-33D7D707C079-LeaderElection68: Election REJECTED; received 2 response(s) [8386ee0a-1f3c-47fa-9779-9125ddcf4112<-3f01402b-307c-4a54-abe6-b677433715ef#0:FAIL-t65, 8386ee0a-1f3c-47fa-9779-9125ddcf4112<-e5f35640-2c6c-4b86-a5ff-33a1451b27ce#0:FAIL-t65] and 0 exception(s); 8386ee0a-1f3c-47fa-9779-9125ddcf4112@group-33D7D707C079:t65, leader=null, voted=8386ee0a-1f3c-47fa-9779-9125ddcf4112, raftlog=8386ee0a-1f3c-47fa-9779-9125ddcf4112@group-33D7D707C079-SegmentedRaftLog:OPENED:c3,f4,i4, conf=0: [3f01402b-307c-4a54-abe6-b677433715ef:192.168.69.71:42588, 8386ee0a-1f3c-47fa-9779-9125ddcf4112:192.168.69.71:40009, e5f35640-2c6c-4b86-a5ff-33a1451b27ce:192.168.69.71:43138], old=null
2019-10-19 01:17:16,422 [8386ee0a-1f3c-47fa-9779-9125ddcf4112@group-33D7D707C079-LeaderElection68] INFO  impl.RaftServerImpl (RaftServerImpl.java:setRole(184)) - 8386ee0a-1f3c-47fa-9779-9125ddcf4112@group-33D7D707C079: changes role from CANDIDATE to FOLLOWER at term 65 for DISCOVERED_A_NEW_TERM
2019-10-19 01:17:16,422 [8386ee0a-1f3c-47fa-9779-9125ddcf4112@group-33D7D707C079-LeaderElection68] INFO  impl.RoleInfo (RoleInfo.java:shutdownLeaderElection(134)) - 8386ee0a-1f3c-47fa-9779-9125ddcf4112: shutdown LeaderElection
2019-10-19 01:17:16,422 [8386ee0a-1f3c-47fa-9779-9125ddcf4112@group-33D7D707C079-LeaderElection68] INFO  impl.RoleInfo (RoleInfo.java:updateAndGet(143)) - 8386ee0a-1f3c-47fa-9779-9125ddcf4112: start FollowerState
2019-10-19 01:17:16,492 [BlockDeletingService#2] WARN  background.BlockDeletingService (BlockDeletingService.java:isDeletionAllowed(187)) - Close Container log Index 6 is not replicated across allthe servers in the pipeline 260d8aca-b42b-4def-900d-33d7d707c079 as the min replicated index is 4. Deletion is not allowed in this container yet.
2019-10-19 01:17:16,492 [BlockDeletingService#2] WARN  background.BlockDeletingService (BlockDeletingService.java:isDeletionAllowed(187)) - Close Container log Index 6 is not replicated across allthe servers in the pipeline 260d8aca-b42b-4def-900d-33d7d707c079 as the min replicated index is 4. Deletion is not allowed in this container yet.
2019-10-19 01:17:16,616 [Thread-1008] INFO  impl.FollowerState (FollowerState.java:run(108)) - 8386ee0a-1f3c-47fa-9779-9125ddcf4112@group-33D7D707C079-FollowerState: change to CANDIDATE, lastRpcTime:193ms, electionTimeout:193ms
2019-10-19 01:17:16,616 [Thread-1008] INFO  impl.RoleInfo (RoleInfo.java:shutdownFollowerState(121)) - 8386ee0a-1f3c-47fa-9779-9125ddcf4112: shutdown FollowerState
2019-10-19 01:17:16,616 [Thread-1008] INFO  impl.RaftServerImpl (RaftServerImpl.java:setRole(184)) - 8386ee0a-1f3c-47fa-9779-9125ddcf4112@group-33D7D707C079: changes role from  FOLLOWER to CANDIDATE at term 65 for changeToCandidate
2019-10-19 01:17:16,616 [Thread-1008] INFO  impl.RoleInfo (RoleInfo.java:updateAndGet(143)) - 8386ee0a-1f3c-47fa-9779-9125ddcf4112: start LeaderElection
2019-10-19 01:17:16,630 [8386ee0a-1f3c-47fa-9779-9125ddcf4112@group-33D7D707C079-LeaderElection69] INFO  impl.LeaderElection (LeaderElection.java:askForVotes(178)) - 8386ee0a-1f3c-47fa-9779-9125ddcf4112@group-33D7D707C079-LeaderElection69: begin an election at term 66 for 0: [3f01402b-307c-4a54-abe6-b677433715ef:192.168.69.71:42588, 8386ee0a-1f3c-47fa-9779-9125ddcf4112:192.168.69.71:40009, e5f35640-2c6c-4b86-a5ff-33a1451b27ce:192.168.69.71:43138], old=null
2019-10-19 01:17:16,632 [grpc-default-executor-2] INFO  impl.RaftServerImpl (RaftServerImpl.java:setRole(184)) - e5f35640-2c6c-4b86-a5ff-33a1451b27ce@group-33D7D707C079: changes role from  FOLLOWER to FOLLOWER at term 66 for recognizeCandidate:8386ee0a-1f3c-47fa-9779-9125ddcf4112
2019-10-19 01:17:16,632 [grpc-default-executor-6] INFO  impl.RaftServerImpl (RaftServerImpl.java:setRole(184)) - 3f01402b-307c-4a54-abe6-b677433715ef@group-33D7D707C079: changes role from  FOLLOWER to FOLLOWER at term 66 for recognizeCandidate:8386ee0a-1f3c-47fa-9779-9125ddcf4112
2019-10-19 01:17:16,633 [grpc-default-executor-2] INFO  impl.RoleInfo (RoleInfo.java:shutdownFollowerState(121)) - e5f35640-2c6c-4b86-a5ff-33a1451b27ce: shutdown FollowerState
2019-10-19 01:17:16,633 [grpc-default-executor-6] INFO  impl.RoleInfo (RoleInfo.java:shutdownFollowerState(121)) - 3f01402b-307c-4a54-abe6-b677433715ef: shutdown FollowerState
2019-10-19 01:17:16,633 [Thread-1006] INFO  impl.FollowerState (FollowerState.java:run(117)) - e5f35640-2c6c-4b86-a5ff-33a1451b27ce@group-33D7D707C079-FollowerState was interrupted: java.lang.InterruptedException: sleep interrupted
2019-10-19 01:17:16,633 [grpc-default-executor-2] INFO  impl.RoleInfo (RoleInfo.java:updateAndGet(143)) - e5f35640-2c6c-4b86-a5ff-33a1451b27ce: start FollowerState
2019-10-19 01:17:16,633 [Thread-1007] INFO  impl.FollowerState (FollowerState.java:run(117)) - 3f01402b-307c-4a54-abe6-b677433715ef@group-33D7D707C079-FollowerState was interrupted: java.lang.InterruptedException: sleep interrupted
2019-10-19 01:17:16,633 [grpc-default-executor-6] INFO  impl.RoleInfo (RoleInfo.java:updateAndGet(143)) - 3f01402b-307c-4a54-abe6-b677433715ef: start FollowerState
2019-10-19 01:17:16,647 [8386ee0a-1f3c-47fa-9779-9125ddcf4112@group-33D7D707C079-LeaderElection69] INFO  impl.LeaderElection (LeaderElection.java:logAndReturn(56)) - 8386ee0a-1f3c-47fa-9779-9125ddcf4112@group-33D7D707C079-LeaderElection69: Election REJECTED; received 2 response(s) [8386ee0a-1f3c-47fa-9779-9125ddcf4112<-3f01402b-307c-4a54-abe6-b677433715ef#0:FAIL-t66, 8386ee0a-1f3c-47fa-9779-9125ddcf4112<-e5f35640-2c6c-4b86-a5ff-33a1451b27ce#0:FAIL-t66] and 0 exception(s); 8386ee0a-1f3c-47fa-9779-9125ddcf4112@group-33D7D707C079:t66, leader=null, voted=8386ee0a-1f3c-47fa-9779-9125ddcf4112, raftlog=8386ee0a-1f3c-47fa-9779-9125ddcf4112@group-33D7D707C079-SegmentedRaftLog:OPENED:c3,f4,i4, conf=0: [3f01402b-307c-4a54-abe6-b677433715ef:192.168.69.71:42588, 8386ee0a-1f3c-47fa-9779-9125ddcf4112:192.168.69.71:40009, e5f35640-2c6c-4b86-a5ff-33a1451b27ce:192.168.69.71:43138], old=null
2019-10-19 01:17:16,647 [8386ee0a-1f3c-47fa-9779-9125ddcf4112@group-33D7D707C079-LeaderElection69] INFO  impl.RaftServerImpl (RaftServerImpl.java:setRole(184)) - 8386ee0a-1f3c-47fa-9779-9125ddcf4112@group-33D7D707C079: changes role from CANDIDATE to FOLLOWER at term 66 for DISCOVERED_A_NEW_TERM
2019-10-19 01:17:16,648 [8386ee0a-1f3c-47fa-9779-9125ddcf4112@group-33D7D707C079-LeaderElection69] INFO  impl.RoleInfo (RoleInfo.java:shutdownLeaderElection(134)) - 8386ee0a-1f3c-47fa-9779-9125ddcf4112: shutdown LeaderElection
2019-10-19 01:17:16,648 [8386ee0a-1f3c-47fa-9779-9125ddcf4112@group-33D7D707C079-LeaderElection69] INFO  impl.RoleInfo (RoleInfo.java:updateAndGet(143)) - 8386ee0a-1f3c-47fa-9779-9125ddcf4112: start FollowerState
2019-10-19 01:17:16,839 [Thread-1016] INFO  impl.FollowerState (FollowerState.java:run(108)) - 8386ee0a-1f3c-47fa-9779-9125ddcf4112@group-33D7D707C079-FollowerState: change to CANDIDATE, lastRpcTime:191ms, electionTimeout:191ms
2019-10-19 01:17:16,839 [Thread-1016] INFO  impl.RoleInfo (RoleInfo.java:shutdownFollowerState(121)) - 8386ee0a-1f3c-47fa-9779-9125ddcf4112: shutdown FollowerState
2019-10-19 01:17:16,839 [Thread-1016] INFO  impl.RaftServerImpl (RaftServerImpl.java:setRole(184)) - 8386ee0a-1f3c-47fa-9779-9125ddcf4112@group-33D7D707C079: changes role from  FOLLOWER to CANDIDATE at term 66 for changeToCandidate
2019-10-19 01:17:16,840 [Thread-1016] INFO  impl.RoleInfo (RoleInfo.java:updateAndGet(143)) - 8386ee0a-1f3c-47fa-9779-9125ddcf4112: start LeaderElection
2019-10-19 01:17:16,854 [8386ee0a-1f3c-47fa-9779-9125ddcf4112@group-33D7D707C079-LeaderElection70] INFO  impl.LeaderElection (LeaderElection.java:askForVotes(178)) - 8386ee0a-1f3c-47fa-9779-9125ddcf4112@group-33D7D707C079-LeaderElection70: begin an election at term 67 for 0: [3f01402b-307c-4a54-abe6-b677433715ef:192.168.69.71:42588, 8386ee0a-1f3c-47fa-9779-9125ddcf4112:192.168.69.71:40009, e5f35640-2c6c-4b86-a5ff-33a1451b27ce:192.168.69.71:43138], old=null
2019-10-19 01:17:16,856 [grpc-default-executor-6] INFO  impl.RaftServerImpl (RaftServerImpl.java:setRole(184)) - 3f01402b-307c-4a54-abe6-b677433715ef@group-33D7D707C079: changes role from  FOLLOWER to FOLLOWER at term 67 for recognizeCandidate:8386ee0a-1f3c-47fa-9779-9125ddcf4112
2019-10-19 01:17:16,856 [grpc-default-executor-6] INFO  impl.RoleInfo (RoleInfo.java:shutdownFollowerState(121)) - 3f01402b-307c-4a54-abe6-b677433715ef: shutdown FollowerState
2019-10-19 01:17:16,856 [grpc-default-executor-2] INFO  impl.RaftServerImpl (RaftServerImpl.java:setRole(184)) - e5f35640-2c6c-4b86-a5ff-33a1451b27ce@group-33D7D707C079: changes role from  FOLLOWER to FOLLOWER at term 67 for recognizeCandidate:8386ee0a-1f3c-47fa-9779-9125ddcf4112
2019-10-19 01:17:16,856 [Thread-1015] INFO  impl.FollowerState (FollowerState.java:run(117)) - 3f01402b-307c-4a54-abe6-b677433715ef@group-33D7D707C079-FollowerState was interrupted: java.lang.InterruptedException: sleep interrupted
2019-10-19 01:17:16,856 [grpc-default-executor-6] INFO  impl.RoleInfo (RoleInfo.java:updateAndGet(143)) - 3f01402b-307c-4a54-abe6-b677433715ef: start FollowerState
2019-10-19 01:17:16,857 [grpc-default-executor-2] INFO  impl.RoleInfo (RoleInfo.java:shutdownFollowerState(121)) - e5f35640-2c6c-4b86-a5ff-33a1451b27ce: shutdown FollowerState
2019-10-19 01:17:16,857 [grpc-default-executor-2] INFO  impl.RoleInfo (RoleInfo.java:updateAndGet(143)) - e5f35640-2c6c-4b86-a5ff-33a1451b27ce: start FollowerState
2019-10-19 01:17:16,857 [Thread-1014] INFO  impl.FollowerState (FollowerState.java:run(117)) - e5f35640-2c6c-4b86-a5ff-33a1451b27ce@group-33D7D707C079-FollowerState was interrupted: java.lang.InterruptedException: sleep interrupted
2019-10-19 01:17:16,871 [8386ee0a-1f3c-47fa-9779-9125ddcf4112@group-33D7D707C079-LeaderElection70] INFO  impl.LeaderElection (LeaderElection.java:logAndReturn(56)) - 8386ee0a-1f3c-47fa-9779-9125ddcf4112@group-33D7D707C079-LeaderElection70: Election REJECTED; received 2 response(s) [8386ee0a-1f3c-47fa-9779-9125ddcf4112<-3f01402b-307c-4a54-abe6-b677433715ef#0:FAIL-t67, 8386ee0a-1f3c-47fa-9779-9125ddcf4112<-e5f35640-2c6c-4b86-a5ff-33a1451b27ce#0:FAIL-t67] and 0 exception(s); 8386ee0a-1f3c-47fa-9779-9125ddcf4112@group-33D7D707C079:t67, leader=null, voted=8386ee0a-1f3c-47fa-9779-9125ddcf4112, raftlog=8386ee0a-1f3c-47fa-9779-9125ddcf4112@group-33D7D707C079-SegmentedRaftLog:OPENED:c3,f4,i4, conf=0: [3f01402b-307c-4a54-abe6-b677433715ef:192.168.69.71:42588, 8386ee0a-1f3c-47fa-9779-9125ddcf4112:192.168.69.71:40009, e5f35640-2c6c-4b86-a5ff-33a1451b27ce:192.168.69.71:43138], old=null
2019-10-19 01:17:16,871 [8386ee0a-1f3c-47fa-9779-9125ddcf4112@group-33D7D707C079-LeaderElection70] INFO  impl.RaftServerImpl (RaftServerImpl.java:setRole(184)) - 8386ee0a-1f3c-47fa-9779-9125ddcf4112@group-33D7D707C079: changes role from CANDIDATE to FOLLOWER at term 67 for DISCOVERED_A_NEW_TERM
2019-10-19 01:17:16,871 [8386ee0a-1f3c-47fa-9779-9125ddcf4112@group-33D7D707C079-LeaderElection70] INFO  impl.RoleInfo (RoleInfo.java:shutdownLeaderElection(134)) - 8386ee0a-1f3c-47fa-9779-9125ddcf4112: shutdown LeaderElection
2019-10-19 01:17:16,871 [8386ee0a-1f3c-47fa-9779-9125ddcf4112@group-33D7D707C079-LeaderElection70] INFO  impl.RoleInfo (RoleInfo.java:updateAndGet(143)) - 8386ee0a-1f3c-47fa-9779-9125ddcf4112: start FollowerState
2019-10-19 01:17:16,895 [Thread-1022] INFO  impl.FollowerState (FollowerState.java:run(108)) - 8386ee0a-1f3c-47fa-9779-9125ddcf4112@group-33D7D707C079-FollowerState: change to CANDIDATE, lastRpcTime:23ms, electionTimeout:23ms
2019-10-19 01:17:16,895 [Thread-1022] INFO  impl.RoleInfo (RoleInfo.java:shutdownFollowerState(121)) - 8386ee0a-1f3c-47fa-9779-9125ddcf4112: shutdown FollowerState
2019-10-19 01:17:16,895 [Thread-1022] INFO  impl.RaftServerImpl (RaftServerImpl.java:setRole(184)) - 8386ee0a-1f3c-47fa-9779-9125ddcf4112@group-33D7D707C079: changes role from  FOLLOWER to CANDIDATE at term 67 for changeToCandidate
2019-10-19 01:17:16,895 [Thread-1022] INFO  impl.RoleInfo (RoleInfo.java:updateAndGet(143)) - 8386ee0a-1f3c-47fa-9779-9125ddcf4112: start LeaderElection
2019-10-19 01:17:16,908 [8386ee0a-1f3c-47fa-9779-9125ddcf4112@group-33D7D707C079-LeaderElection71] INFO  impl.LeaderElection (LeaderElection.java:askForVotes(178)) - 8386ee0a-1f3c-47fa-9779-9125ddcf4112@group-33D7D707C079-LeaderElection71: begin an election at term 68 for 0: [3f01402b-307c-4a54-abe6-b677433715ef:192.168.69.71:42588, 8386ee0a-1f3c-47fa-9779-9125ddcf4112:192.168.69.71:40009, e5f35640-2c6c-4b86-a5ff-33a1451b27ce:192.168.69.71:43138], old=null
2019-10-19 01:17:16,910 [grpc-default-executor-6] INFO  impl.RaftServerImpl (RaftServerImpl.java:setRole(184)) - 3f01402b-307c-4a54-abe6-b677433715ef@group-33D7D707C079: changes role from  FOLLOWER to FOLLOWER at term 68 for recognizeCandidate:8386ee0a-1f3c-47fa-9779-9125ddcf4112
2019-10-19 01:17:16,910 [grpc-default-executor-2] INFO  impl.RaftServerImpl (RaftServerImpl.java:setRole(184)) - e5f35640-2c6c-4b86-a5ff-33a1451b27ce@group-33D7D707C079: changes role from  FOLLOWER to FOLLOWER at term 68 for recognizeCandidate:8386ee0a-1f3c-47fa-9779-9125ddcf4112
2019-10-19 01:17:16,910 [grpc-default-executor-6] INFO  impl.RoleInfo (RoleInfo.java:shutdownFollowerState(121)) - 3f01402b-307c-4a54-abe6-b677433715ef: shutdown FollowerState
2019-10-19 01:17:16,911 [grpc-default-executor-2] INFO  impl.RoleInfo (RoleInfo.java:shutdownFollowerState(121)) - e5f35640-2c6c-4b86-a5ff-33a1451b27ce: shutdown FollowerState
2019-10-19 01:17:16,911 [Thread-1020] INFO  impl.FollowerState (FollowerState.java:run(117)) - 3f01402b-307c-4a54-abe6-b677433715ef@group-33D7D707C079-FollowerState was interrupted: java.lang.InterruptedException: sleep interrupted
2019-10-19 01:17:16,911 [grpc-default-executor-6] INFO  impl.RoleInfo (RoleInfo.java:updateAndGet(143)) - 3f01402b-307c-4a54-abe6-b677433715ef: start FollowerState
2019-10-19 01:17:16,911 [Thread-1021] INFO  impl.FollowerState (FollowerState.java:run(117)) - e5f35640-2c6c-4b86-a5ff-33a1451b27ce@group-33D7D707C079-FollowerState was interrupted: java.lang.InterruptedException: sleep interrupted
2019-10-19 01:17:16,911 [grpc-default-executor-2] INFO  impl.RoleInfo (RoleInfo.java:updateAndGet(143)) - e5f35640-2c6c-4b86-a5ff-33a1451b27ce: start FollowerState
2019-10-19 01:17:16,926 [8386ee0a-1f3c-47fa-9779-9125ddcf4112@group-33D7D707C079-LeaderElection71] INFO  impl.LeaderElection (LeaderElection.java:logAndReturn(56)) - 8386ee0a-1f3c-47fa-9779-9125ddcf4112@group-33D7D707C079-LeaderElection71: Election REJECTED; received 2 response(s) [8386ee0a-1f3c-47fa-9779-9125ddcf4112<-3f01402b-307c-4a54-abe6-b677433715ef#0:FAIL-t68, 8386ee0a-1f3c-47fa-9779-9125ddcf4112<-e5f35640-2c6c-4b86-a5ff-33a1451b27ce#0:FAIL-t68] and 0 exception(s); 8386ee0a-1f3c-47fa-9779-9125ddcf4112@group-33D7D707C079:t68, leader=null, voted=8386ee0a-1f3c-47fa-9779-9125ddcf4112, raftlog=8386ee0a-1f3c-47fa-9779-9125ddcf4112@group-33D7D707C079-SegmentedRaftLog:OPENED:c3,f4,i4, conf=0: [3f01402b-307c-4a54-abe6-b677433715ef:192.168.69.71:42588, 8386ee0a-1f3c-47fa-9779-9125ddcf4112:192.168.69.71:40009, e5f35640-2c6c-4b86-a5ff-33a1451b27ce:192.168.69.71:43138], old=null
2019-10-19 01:17:16,926 [8386ee0a-1f3c-47fa-9779-9125ddcf4112@group-33D7D707C079-LeaderElection71] INFO  impl.RaftServerImpl (RaftServerImpl.java:setRole(184)) - 8386ee0a-1f3c-47fa-9779-9125ddcf4112@group-33D7D707C079: changes role from CANDIDATE to FOLLOWER at term 68 for DISCOVERED_A_NEW_TERM
2019-10-19 01:17:16,926 [8386ee0a-1f3c-47fa-9779-9125ddcf4112@group-33D7D707C079-LeaderElection71] INFO  impl.RoleInfo (RoleInfo.java:shutdownLeaderElection(134)) - 8386ee0a-1f3c-47fa-9779-9125ddcf4112: shutdown LeaderElection
2019-10-19 01:17:16,926 [8386ee0a-1f3c-47fa-9779-9125ddcf4112@group-33D7D707C079-LeaderElection71] INFO  impl.RoleInfo (RoleInfo.java:updateAndGet(143)) - 8386ee0a-1f3c-47fa-9779-9125ddcf4112: start FollowerState
]]></system-out>
    <system-err><![CDATA[ERROR StatusLogger No Log4j 2 configuration file found. Using default configuration (logging only errors to the console), or user programmatically provided configurations. Set system property 'log4j2.debug' to show Log4j 2 internal initialization logging. See https://logging.apache.org/log4j/2.x/manual/configuration.html for instructions on how to configure Log4j 2
Oct 19, 2019 1:15:30 AM org.apache.ratis.thirdparty.io.grpc.internal.SerializingExecutor run
SEVERE: Exception while executing runnable org.apache.ratis.thirdparty.io.grpc.internal.ServerImpl$JumpToApplicationThreadServerStreamListener$1Closed@60be2906
org.apache.ratis.thirdparty.io.grpc.StatusRuntimeException: CANCELLED: call already cancelled
	at org.apache.ratis.thirdparty.io.grpc.Status.asRuntimeException(Status.java:517)
	at org.apache.ratis.thirdparty.io.grpc.stub.ServerCalls$ServerCallStreamObserverImpl.onCompleted(ServerCalls.java:356)
	at org.apache.ratis.grpc.server.GrpcServerProtocolService$ServerRequestStreamObserver.onError(GrpcServerProtocolService.java:121)
	at org.apache.ratis.thirdparty.io.grpc.stub.ServerCalls$StreamingServerCallHandler$StreamingServerCallListener.onCancel(ServerCalls.java:269)
	at org.apache.ratis.thirdparty.io.grpc.internal.ServerCallImpl$ServerStreamListenerImpl.closed(ServerCallImpl.java:293)
	at org.apache.ratis.thirdparty.io.grpc.internal.ServerImpl$JumpToApplicationThreadServerStreamListener$1Closed.runInContext(ServerImpl.java:741)
	at org.apache.ratis.thirdparty.io.grpc.internal.ContextRunnable.run(ContextRunnable.java:37)
	at org.apache.ratis.thirdparty.io.grpc.internal.SerializingExecutor.run(SerializingExecutor.java:123)
	at java.util.concurrent.ThreadPoolExecutor.runWorker(ThreadPoolExecutor.java:1149)
	at java.util.concurrent.ThreadPoolExecutor$Worker.run(ThreadPoolExecutor.java:624)
	at java.lang.Thread.run(Thread.java:748)

Oct 19, 2019 1:15:30 AM org.apache.ratis.thirdparty.io.grpc.internal.SerializingExecutor run
SEVERE: Exception while executing runnable org.apache.ratis.thirdparty.io.grpc.internal.ClientCallImpl$ClientStreamListenerImpl$1StreamClosed@10f477d0
java.lang.NullPointerException
	at org.apache.ratis.grpc.server.GrpcLogAppender$AppendLogResponseHandler.onError(GrpcLogAppender.java:303)
	at org.apache.ratis.thirdparty.io.grpc.stub.ClientCalls$StreamObserverToCallListenerAdapter.onClose(ClientCalls.java:434)
	at org.apache.ratis.thirdparty.io.grpc.PartialForwardingClientCallListener.onClose(PartialForwardingClientCallListener.java:39)
	at org.apache.ratis.thirdparty.io.grpc.ForwardingClientCallListener.onClose(ForwardingClientCallListener.java:23)
	at org.apache.ratis.thirdparty.io.grpc.ForwardingClientCallListener$SimpleForwardingClientCallListener.onClose(ForwardingClientCallListener.java:40)
	at org.apache.ratis.thirdparty.io.grpc.internal.CensusStatsModule$StatsClientInterceptor$1$1.onClose(CensusStatsModule.java:678)
	at org.apache.ratis.thirdparty.io.grpc.PartialForwardingClientCallListener.onClose(PartialForwardingClientCallListener.java:39)
	at org.apache.ratis.thirdparty.io.grpc.ForwardingClientCallListener.onClose(ForwardingClientCallListener.java:23)
	at org.apache.ratis.thirdparty.io.grpc.ForwardingClientCallListener$SimpleForwardingClientCallListener.onClose(ForwardingClientCallListener.java:40)
	at org.apache.ratis.thirdparty.io.grpc.internal.CensusTracingModule$TracingClientInterceptor$1$1.onClose(CensusTracingModule.java:397)
	at org.apache.ratis.thirdparty.io.grpc.internal.ClientCallImpl.closeObserver(ClientCallImpl.java:459)
	at org.apache.ratis.thirdparty.io.grpc.internal.ClientCallImpl.access$300(ClientCallImpl.java:63)
	at org.apache.ratis.thirdparty.io.grpc.internal.ClientCallImpl$ClientStreamListenerImpl.close(ClientCallImpl.java:546)
	at org.apache.ratis.thirdparty.io.grpc.internal.ClientCallImpl$ClientStreamListenerImpl.access$600(ClientCallImpl.java:467)
	at org.apache.ratis.thirdparty.io.grpc.internal.ClientCallImpl$ClientStreamListenerImpl$1StreamClosed.runInContext(ClientCallImpl.java:584)
	at org.apache.ratis.thirdparty.io.grpc.internal.ContextRunnable.run(ContextRunnable.java:37)
	at org.apache.ratis.thirdparty.io.grpc.internal.SerializingExecutor.run(SerializingExecutor.java:123)
	at java.util.concurrent.ThreadPoolExecutor.runWorker(ThreadPoolExecutor.java:1149)
	at java.util.concurrent.ThreadPoolExecutor$Worker.run(ThreadPoolExecutor.java:624)
	at java.lang.Thread.run(Thread.java:748)

]]></system-err>
  </testcase>
</testsuite>