<?xml version="1.0" encoding="UTF-8"?>
<testsuite xmlns:xsi="http://www.w3.org/2001/XMLSchema-instance" xsi:noNamespaceSchemaLocation="https://maven.apache.org/surefire/maven-surefire-plugin/xsd/surefire-test-report.xsd" name="org.apache.hadoop.ozone.client.rpc.TestFailureHandlingByClient" time="267.793" tests="5" errors="0" skipped="0" failures="1">
  <properties>
    <property name="awt.toolkit" value="sun.awt.X11.XToolkit"/>
    <property name="file.encoding.pkg" value="sun.io"/>
    <property name="java.specification.version" value="1.8"/>
    <property name="sun.cpu.isalist" value=""/>
    <property name="sun.jnu.encoding" value="ANSI_X3.4-1968"/>
    <property name="java.class.path" value="/workdir/hadoop-ozone/integration-test/target/test-classes:/workdir/hadoop-ozone/integration-test/target/classes:/home/user/.m2/repository/org/apache/hadoop/hadoop-ozone-common/0.5.0-SNAPSHOT/hadoop-ozone-common-0.5.0-SNAPSHOT.jar:/home/user/.m2/repository/org/apache/commons/commons-compress/1.4.1/commons-compress-1.4.1.jar:/home/user/.m2/repository/org/tukaani/xz/1.0/xz-1.0.jar:/home/user/.m2/repository/org/apache/hadoop/hadoop-common/3.2.0/hadoop-common-3.2.0.jar:/home/user/.m2/repository/org/apache/hadoop/hadoop-hdfs/3.2.0/hadoop-hdfs-3.2.0.jar:/home/user/.m2/repository/org/apache/hadoop/hadoop-hdfs-client/3.2.0/hadoop-hdfs-client-3.2.0.jar:/home/user/.m2/repository/com/fasterxml/jackson/core/jackson-annotations/2.9.9/jackson-annotations-2.9.9.jar:/home/user/.m2/repository/org/apache/hadoop/hadoop-hdds-common/0.5.0-SNAPSHOT/hadoop-hdds-common-0.5.0-SNAPSHOT.jar:/home/user/.m2/repository/javax/annotation/javax.annotation-api/1.2/javax.annotation-api-1.2.jar:/home/user/.m2/repository/org/apache/ratis/ratis-server/0.5.0-3f446aa-SNAPSHOT/ratis-server-0.5.0-3f446aa-SNAPSHOT.jar:/home/user/.m2/repository/org/apache/ratis/ratis-thirdparty-misc/0.2.0/ratis-thirdparty-misc-0.2.0.jar:/home/user/.m2/repository/org/apache/ratis/ratis-proto/0.5.0-3f446aa-SNAPSHOT/ratis-proto-0.5.0-3f446aa-SNAPSHOT.jar:/home/user/.m2/repository/org/apache/ratis/ratis-common/0.5.0-3f446aa-SNAPSHOT/ratis-common-0.5.0-3f446aa-SNAPSHOT.jar:/home/user/.m2/repository/org/apache/ratis/ratis-client/0.5.0-3f446aa-SNAPSHOT/ratis-client-0.5.0-3f446aa-SNAPSHOT.jar:/home/user/.m2/repository/org/apache/ratis/ratis-metrics/0.5.0-3f446aa-SNAPSHOT/ratis-metrics-0.5.0-3f446aa-SNAPSHOT.jar:/home/user/.m2/repository/com/github/joshelser/dropwizard-metrics-hadoop-metrics2-reporter/0.1.2/dropwizard-metrics-hadoop-metrics2-reporter-0.1.2.jar:/home/user/.m2/repository/io/dropwizard/metrics/metrics-jvm/3.2.5/metrics-jvm-3.2.5.jar:/home/user/.m2/repository/io/dropwizard/metrics/metrics-ganglia/3.2.5/metrics-ganglia-3.2.5.jar:/home/user/.m2/repository/info/ganglia/gmetric4j/gmetric4j/1.0.7/gmetric4j-1.0.7.jar:/home/user/.m2/repository/org/apache/ratis/ratis-netty/0.5.0-3f446aa-SNAPSHOT/ratis-netty-0.5.0-3f446aa-SNAPSHOT.jar:/home/user/.m2/repository/org/apache/ratis/ratis-grpc/0.5.0-3f446aa-SNAPSHOT/ratis-grpc-0.5.0-3f446aa-SNAPSHOT.jar:/home/user/.m2/repository/org/rocksdb/rocksdbjni/6.0.1/rocksdbjni-6.0.1.jar:/home/user/.m2/repository/org/apache/logging/log4j/log4j-api/2.11.0/log4j-api-2.11.0.jar:/home/user/.m2/repository/org/apache/logging/log4j/log4j-core/2.11.0/log4j-core-2.11.0.jar:/home/user/.m2/repository/com/lmax/disruptor/3.4.2/disruptor-3.4.2.jar:/home/user/.m2/repository/org/apache/commons/commons-pool2/2.6.0/commons-pool2-2.6.0.jar:/home/user/.m2/repository/org/bouncycastle/bcpkix-jdk15on/1.60/bcpkix-jdk15on-1.60.jar:/home/user/.m2/repository/commons-validator/commons-validator/1.6/commons-validator-1.6.jar:/home/user/.m2/repository/commons-digester/commons-digester/1.8.1/commons-digester-1.8.1.jar:/home/user/.m2/repository/io/jaegertracing/jaeger-client/0.34.0/jaeger-client-0.34.0.jar:/home/user/.m2/repository/io/jaegertracing/jaeger-thrift/0.34.0/jaeger-thrift-0.34.0.jar:/home/user/.m2/repository/org/apache/thrift/libthrift/0.12.0/libthrift-0.12.0.jar:/home/user/.m2/repository/com/squareup/okhttp3/okhttp/3.9.0/okhttp-3.9.0.jar:/home/user/.m2/repository/com/squareup/okio/okio/1.13.0/okio-1.13.0.jar:/home/user/.m2/repository/io/jaegertracing/jaeger-core/0.34.0/jaeger-core-0.34.0.jar:/home/user/.m2/repository/io/jaegertracing/jaeger-tracerresolver/0.34.0/jaeger-tracerresolver-0.34.0.jar:/home/user/.m2/repository/io/opentracing/contrib/opentracing-tracerresolver/0.1.5/opentracing-tracerresolver-0.1.5.jar:/home/user/.m2/repository/io/opentracing/opentracing-util/0.31.0/opentracing-util-0.31.0.jar:/home/user/.m2/repository/io/opentracing/opentracing-api/0.31.0/opentracing-api-0.31.0.jar:/home/user/.m2/repository/io/opentracing/opentracing-noop/0.31.0/opentracing-noop-0.31.0.jar:/home/user/.m2/repository/org/apache/hadoop/hadoop-hdds-server-framework/0.5.0-SNAPSHOT/hadoop-hdds-server-framework-0.5.0-SNAPSHOT.jar:/home/user/.m2/repository/org/apache/hadoop/hadoop-hdds-container-service/0.5.0-SNAPSHOT/hadoop-hdds-container-service-0.5.0-SNAPSHOT.jar:/home/user/.m2/repository/org/apache/hadoop/hadoop-hdds-client/0.5.0-SNAPSHOT/hadoop-hdds-client-0.5.0-SNAPSHOT.jar:/home/user/.m2/repository/org/apache/hadoop/hadoop-hdds-tools/0.5.0-SNAPSHOT/hadoop-hdds-tools-0.5.0-SNAPSHOT.jar:/home/user/.m2/repository/org/apache/hadoop/hadoop-hdds-server-scm/0.5.0-SNAPSHOT/hadoop-hdds-server-scm-0.5.0-SNAPSHOT.jar:/home/user/.m2/repository/org/apache/hadoop/hadoop-hdds-docs/0.5.0-SNAPSHOT/hadoop-hdds-docs-0.5.0-SNAPSHOT.jar:/home/user/.m2/repository/io/dropwizard/metrics/metrics-core/3.2.4/metrics-core-3.2.4.jar:/home/user/.m2/repository/org/hamcrest/hamcrest-all/1.3/hamcrest-all-1.3.jar:/home/user/.m2/repository/org/bouncycastle/bcprov-jdk15on/1.60/bcprov-jdk15on-1.60.jar:/home/user/.m2/repository/info/picocli/picocli/3.9.6/picocli-3.9.6.jar:/home/user/.m2/repository/com/google/protobuf/protobuf-java/2.5.0/protobuf-java-2.5.0.jar:/home/user/.m2/repository/com/google/guava/guava/11.0.2/guava-11.0.2.jar:/home/user/.m2/repository/org/apache/hadoop/hadoop-ozone-ozone-manager/0.5.0-SNAPSHOT/hadoop-ozone-ozone-manager-0.5.0-SNAPSHOT.jar:/home/user/.m2/repository/org/apache/hadoop/hadoop-minikdc/3.2.0/hadoop-minikdc-3.2.0.jar:/home/user/.m2/repository/commons-io/commons-io/2.5/commons-io-2.5.jar:/home/user/.m2/repository/org/apache/kerby/kerb-simplekdc/1.0.1/kerb-simplekdc-1.0.1.jar:/home/user/.m2/repository/org/apache/kerby/kerb-client/1.0.1/kerb-client-1.0.1.jar:/home/user/.m2/repository/org/apache/kerby/kerby-config/1.0.1/kerby-config-1.0.1.jar:/home/user/.m2/repository/org/apache/kerby/kerb-core/1.0.1/kerb-core-1.0.1.jar:/home/user/.m2/repository/org/apache/kerby/kerby-pkix/1.0.1/kerby-pkix-1.0.1.jar:/home/user/.m2/repository/org/apache/kerby/kerby-asn1/1.0.1/kerby-asn1-1.0.1.jar:/home/user/.m2/repository/org/apache/kerby/kerby-util/1.0.1/kerby-util-1.0.1.jar:/home/user/.m2/repository/org/apache/kerby/kerb-common/1.0.1/kerb-common-1.0.1.jar:/home/user/.m2/repository/org/apache/kerby/kerb-crypto/1.0.1/kerb-crypto-1.0.1.jar:/home/user/.m2/repository/org/apache/kerby/kerb-util/1.0.1/kerb-util-1.0.1.jar:/home/user/.m2/repository/org/apache/kerby/token-provider/1.0.1/token-provider-1.0.1.jar:/home/user/.m2/repository/org/apache/kerby/kerb-admin/1.0.1/kerb-admin-1.0.1.jar:/home/user/.m2/repository/org/apache/kerby/kerb-server/1.0.1/kerb-server-1.0.1.jar:/home/user/.m2/repository/org/apache/kerby/kerb-identity/1.0.1/kerb-identity-1.0.1.jar:/home/user/.m2/repository/org/apache/kerby/kerby-xdr/1.0.1/kerby-xdr-1.0.1.jar:/home/user/.m2/repository/org/slf4j/slf4j-log4j12/1.7.25/slf4j-log4j12-1.7.25.jar:/home/user/.m2/repository/org/apache/hadoop/hadoop-ozone-s3gateway/0.5.0-SNAPSHOT/hadoop-ozone-s3gateway-0.5.0-SNAPSHOT.jar:/home/user/.m2/repository/org/jboss/weld/servlet/weld-servlet/2.4.7.Final/weld-servlet-2.4.7.Final.jar:/home/user/.m2/repository/org/glassfish/jersey/containers/jersey-container-servlet-core/2.27/jersey-container-servlet-core-2.27.jar:/home/user/.m2/repository/org/glassfish/hk2/external/javax.inject/2.5.0-b42/javax.inject-2.5.0-b42.jar:/home/user/.m2/repository/org/glassfish/jersey/core/jersey-common/2.27/jersey-common-2.27.jar:/home/user/.m2/repository/org/glassfish/hk2/osgi-resource-locator/1.0.1/osgi-resource-locator-1.0.1.jar:/home/user/.m2/repository/javax/ws/rs/javax.ws.rs-api/2.1/javax.ws.rs-api-2.1.jar:/home/user/.m2/repository/org/glassfish/jersey/ext/cdi/jersey-cdi1x/2.27/jersey-cdi1x-2.27.jar:/home/user/.m2/repository/org/glassfish/jersey/inject/jersey-hk2/2.27/jersey-hk2-2.27.jar:/home/user/.m2/repository/org/glassfish/hk2/hk2-locator/2.5.0-b42/hk2-locator-2.5.0-b42.jar:/home/user/.m2/repository/org/javassist/javassist/3.22.0-CR2/javassist-3.22.0-CR2.jar:/home/user/.m2/repository/org/glassfish/hk2/hk2-api/2.5.0/hk2-api-2.5.0.jar:/home/user/.m2/repository/org/glassfish/hk2/external/jakarta.inject/2.5.0/jakarta.inject-2.5.0.jar:/home/user/.m2/repository/org/glassfish/hk2/hk2-utils/2.5.0/hk2-utils-2.5.0.jar:/home/user/.m2/repository/jakarta/annotation/jakarta.annotation-api/1.3.4/jakarta.annotation-api-1.3.4.jar:/home/user/.m2/repository/org/glassfish/hk2/external/aopalliance-repackaged/2.5.0/aopalliance-repackaged-2.5.0.jar:/home/user/.m2/repository/com/fasterxml/jackson/dataformat/jackson-dataformat-xml/2.9.0/jackson-dataformat-xml-2.9.0.jar:/home/user/.m2/repository/com/fasterxml/jackson/core/jackson-core/2.9.9/jackson-core-2.9.9.jar:/home/user/.m2/repository/com/fasterxml/jackson/module/jackson-module-jaxb-annotations/2.9.9/jackson-module-jaxb-annotations-2.9.9.jar:/home/user/.m2/repository/javax/enterprise/cdi-api/1.2/cdi-api-1.2.jar:/home/user/.m2/repository/javax/el/javax.el-api/3.0.0/javax.el-api-3.0.0.jar:/home/user/.m2/repository/javax/interceptor/javax.interceptor-api/1.2/javax.interceptor-api-1.2.jar:/home/user/.m2/repository/javax/inject/javax.inject/1/javax.inject-1.jar:/home/user/.m2/repository/com/sun/xml/bind/jaxb-impl/2.3.0.1/jaxb-impl-2.3.0.1.jar:/home/user/.m2/repository/com/sun/xml/bind/jaxb-core/2.3.0.1/jaxb-core-2.3.0.1.jar:/home/user/.m2/repository/javax/xml/bind/jaxb-api/2.3.0/jaxb-api-2.3.0.jar:/home/user/.m2/repository/javax/activation/activation/1.1.1/activation-1.1.1.jar:/home/user/.m2/repository/org/apache/hadoop/hadoop-ozone-csi/0.5.0-SNAPSHOT/hadoop-ozone-csi-0.5.0-SNAPSHOT.jar:/home/user/.m2/repository/com/google/protobuf/protobuf-java-util/3.5.1/protobuf-java-util-3.5.1.jar:/home/user/.m2/repository/org/apache/hadoop/hadoop-hdds-config/0.5.0-SNAPSHOT/hadoop-hdds-config-0.5.0-SNAPSHOT.jar:/home/user/.m2/repository/io/grpc/grpc-netty/1.17.1/grpc-netty-1.17.1.jar:/home/user/.m2/repository/io/grpc/grpc-core/1.17.1/grpc-core-1.17.1.jar:/home/user/.m2/repository/io/grpc/grpc-context/1.17.1/grpc-context-1.17.1.jar:/home/user/.m2/repository/com/google/errorprone/error_prone_annotations/2.2.0/error_prone_annotations-2.2.0.jar:/home/user/.m2/repository/org/codehaus/mojo/animal-sniffer-annotations/1.17/animal-sniffer-annotations-1.17.jar:/home/user/.m2/repository/io/opencensus/opencensus-api/0.17.0/opencensus-api-0.17.0.jar:/home/user/.m2/repository/io/opencensus/opencensus-contrib-grpc-metrics/0.17.0/opencensus-contrib-grpc-metrics-0.17.0.jar:/home/user/.m2/repository/io/netty/netty-codec-http2/4.1.30.Final/netty-codec-http2-4.1.30.Final.jar:/home/user/.m2/repository/io/netty/netty-codec-http/4.1.30.Final/netty-codec-http-4.1.30.Final.jar:/home/user/.m2/repository/io/netty/netty-codec/4.1.30.Final/netty-codec-4.1.30.Final.jar:/home/user/.m2/repository/io/netty/netty-handler/4.1.30.Final/netty-handler-4.1.30.Final.jar:/home/user/.m2/repository/io/netty/netty-handler-proxy/4.1.30.Final/netty-handler-proxy-4.1.30.Final.jar:/home/user/.m2/repository/io/netty/netty-codec-socks/4.1.30.Final/netty-codec-socks-4.1.30.Final.jar:/home/user/.m2/repository/io/netty/netty-transport-native-epoll/4.1.30.Final/netty-transport-native-epoll-4.1.30.Final.jar:/home/user/.m2/repository/io/netty/netty-common/4.1.30.Final/netty-common-4.1.30.Final.jar:/home/user/.m2/repository/io/netty/netty-buffer/4.1.30.Final/netty-buffer-4.1.30.Final.jar:/home/user/.m2/repository/io/netty/netty-transport/4.1.30.Final/netty-transport-4.1.30.Final.jar:/home/user/.m2/repository/io/netty/netty-resolver/4.1.30.Final/netty-resolver-4.1.30.Final.jar:/home/user/.m2/repository/io/netty/netty-transport-native-unix-common/4.1.30.Final/netty-transport-native-unix-common-4.1.30.Final.jar:/home/user/.m2/repository/io/grpc/grpc-protobuf/1.17.1/grpc-protobuf-1.17.1.jar:/home/user/.m2/repository/com/google/api/grpc/proto-google-common-protos/1.0.0/proto-google-common-protos-1.0.0.jar:/home/user/.m2/repository/io/grpc/grpc-protobuf-lite/1.17.1/grpc-protobuf-lite-1.17.1.jar:/home/user/.m2/repository/io/grpc/grpc-stub/1.17.1/grpc-stub-1.17.1.jar:/home/user/.m2/repository/org/apache/hadoop/hadoop-ozone-recon/0.5.0-SNAPSHOT/hadoop-ozone-recon-0.5.0-SNAPSHOT.jar:/home/user/.m2/repository/org/apache/hadoop/hadoop-ozone-reconcodegen/0.5.0-SNAPSHOT/hadoop-ozone-reconcodegen-0.5.0-SNAPSHOT.jar:/home/user/.m2/repository/com/google/inject/extensions/guice-multibindings/4.0/guice-multibindings-4.0.jar:/home/user/.m2/repository/com/google/inject/guice/4.0/guice-4.0.jar:/home/user/.m2/repository/aopalliance/aopalliance/1.0/aopalliance-1.0.jar:/home/user/.m2/repository/com/google/inject/extensions/guice-servlet/4.0/guice-servlet-4.0.jar:/home/user/.m2/repository/org/glassfish/jersey/containers/jersey-container-servlet/2.27/jersey-container-servlet-2.27.jar:/home/user/.m2/repository/org/glassfish/hk2/guice-bridge/2.5.0/guice-bridge-2.5.0.jar:/home/user/.m2/repository/org/glassfish/jersey/core/jersey-server/2.27/jersey-server-2.27.jar:/home/user/.m2/repository/org/glassfish/jersey/core/jersey-client/2.27/jersey-client-2.27.jar:/home/user/.m2/repository/org/glassfish/jersey/media/jersey-media-jaxb/2.27/jersey-media-jaxb-2.27.jar:/home/user/.m2/repository/javax/validation/validation-api/1.1.0.Final/validation-api-1.1.0.Final.jar:/home/user/.m2/repository/org/glassfish/jersey/media/jersey-media-json-jackson/2.27/jersey-media-json-jackson-2.27.jar:/home/user/.m2/repository/org/glassfish/jersey/ext/jersey-entity-filtering/2.27/jersey-entity-filtering-2.27.jar:/home/user/.m2/repository/com/google/inject/extensions/guice-assistedinject/4.0/guice-assistedinject-4.0.jar:/home/user/.m2/repository/org/jooq/jooq/3.11.10/jooq-3.11.10.jar:/home/user/.m2/repository/org/jooq/jooq-meta/3.11.10/jooq-meta-3.11.10.jar:/home/user/.m2/repository/org/jooq/jooq-codegen/3.11.10/jooq-codegen-3.11.10.jar:/home/user/.m2/repository/com/jolbox/bonecp/0.8.0.RELEASE/bonecp-0.8.0.RELEASE.jar:/home/user/.m2/repository/org/xerial/sqlite-jdbc/3.25.2/sqlite-jdbc-3.25.2.jar:/home/user/.m2/repository/org/springframework/spring-jdbc/5.1.3.RELEASE/spring-jdbc-5.1.3.RELEASE.jar:/home/user/.m2/repository/org/springframework/spring-beans/5.1.3.RELEASE/spring-beans-5.1.3.RELEASE.jar:/home/user/.m2/repository/org/springframework/spring-core/5.1.3.RELEASE/spring-core-5.1.3.RELEASE.jar:/home/user/.m2/repository/org/springframework/spring-jcl/5.1.3.RELEASE/spring-jcl-5.1.3.RELEASE.jar:/home/user/.m2/repository/org/springframework/spring-tx/5.1.3.RELEASE/spring-tx-5.1.3.RELEASE.jar:/home/user/.m2/repository/org/apache/hadoop/hadoop-ozone-client/0.5.0-SNAPSHOT/hadoop-ozone-client-0.5.0-SNAPSHOT.jar:/home/user/.m2/repository/commons-lang/commons-lang/2.6/commons-lang-2.6.jar:/home/user/.m2/repository/org/apache/hadoop/hadoop-ozone-ozone-manager/0.5.0-SNAPSHOT/hadoop-ozone-ozone-manager-0.5.0-SNAPSHOT-tests.jar:/home/user/.m2/repository/junit/junit/4.11/junit-4.11.jar:/home/user/.m2/repository/org/hamcrest/hamcrest-core/1.3/hamcrest-core-1.3.jar:/home/user/.m2/repository/org/openjdk/jmh/jmh-core/1.19/jmh-core-1.19.jar:/home/user/.m2/repository/net/sf/jopt-simple/jopt-simple/4.6/jopt-simple-4.6.jar:/home/user/.m2/repository/org/apache/commons/commons-math3/3.1.1/commons-math3-3.1.1.jar:/home/user/.m2/repository/org/openjdk/jmh/jmh-generator-annprocess/1.19/jmh-generator-annprocess-1.19.jar:/home/user/.m2/repository/org/mockito/mockito-all/1.8.5/mockito-all-1.8.5.jar:/home/user/.m2/repository/org/apache/hadoop/hadoop-kms/3.2.0/hadoop-kms-3.2.0.jar:/home/user/.m2/repository/org/apache/hadoop/hadoop-auth/3.2.0/hadoop-auth-3.2.0.jar:/home/user/.m2/repository/com/nimbusds/nimbus-jose-jwt/4.41.1/nimbus-jose-jwt-4.41.1.jar:/home/user/.m2/repository/com/github/stephenc/jcip/jcip-annotations/1.0-1/jcip-annotations-1.0-1.jar:/home/user/.m2/repository/net/minidev/json-smart/2.3/json-smart-2.3.jar:/home/user/.m2/repository/net/minidev/accessors-smart/1.2/accessors-smart-1.2.jar:/home/user/.m2/repository/org/ow2/asm/asm/5.0.4/asm-5.0.4.jar:/home/user/.m2/repository/org/apache/curator/curator-framework/2.12.0/curator-framework-2.12.0.jar:/home/user/.m2/repository/com/sun/jersey/jersey-core/1.19/jersey-core-1.19.jar:/home/user/.m2/repository/javax/ws/rs/jsr311-api/1.1.1/jsr311-api-1.1.1.jar:/home/user/.m2/repository/com/sun/jersey/jersey-server/1.19/jersey-server-1.19.jar:/home/user/.m2/repository/javax/servlet/javax.servlet-api/3.1.0/javax.servlet-api-3.1.0.jar:/home/user/.m2/repository/org/eclipse/jetty/jetty-server/9.3.25.v20180904/jetty-server-9.3.25.v20180904.jar:/home/user/.m2/repository/org/eclipse/jetty/jetty-http/9.3.25.v20180904/jetty-http-9.3.25.v20180904.jar:/home/user/.m2/repository/org/eclipse/jetty/jetty-io/9.3.25.v20180904/jetty-io-9.3.25.v20180904.jar:/home/user/.m2/repository/org/eclipse/jetty/jetty-webapp/9.3.25.v20180904/jetty-webapp-9.3.25.v20180904.jar:/home/user/.m2/repository/org/eclipse/jetty/jetty-xml/9.3.25.v20180904/jetty-xml-9.3.25.v20180904.jar:/home/user/.m2/repository/log4j/log4j/1.2.17/log4j-1.2.17.jar:/home/user/.m2/repository/org/slf4j/slf4j-api/1.7.25/slf4j-api-1.7.25.jar:/home/user/.m2/repository/org/slf4j/jul-to-slf4j/1.7.25/jul-to-slf4j-1.7.25.jar:/home/user/.m2/repository/org/eclipse/jetty/jetty-util/9.3.25.v20180904/jetty-util-9.3.25.v20180904.jar:/home/user/.m2/repository/com/fasterxml/jackson/core/jackson-databind/2.9.9/jackson-databind-2.9.9.jar:/home/user/.m2/repository/org/apache/hadoop/hadoop-kms/3.2.0/hadoop-kms-3.2.0-tests.jar:/home/user/.m2/repository/org/apache/hadoop/hadoop-hdds-server-scm/0.5.0-SNAPSHOT/hadoop-hdds-server-scm-0.5.0-SNAPSHOT-tests.jar:/home/user/.m2/repository/org/apache/hadoop/hadoop-hdds-container-service/0.5.0-SNAPSHOT/hadoop-hdds-container-service-0.5.0-SNAPSHOT-tests.jar:/home/user/.m2/repository/org/yaml/snakeyaml/1.16/snakeyaml-1.16.jar:/home/user/.m2/repository/org/apache/hadoop/hadoop-common/3.2.0/hadoop-common-3.2.0-tests.jar:/home/user/.m2/repository/org/apache/hadoop/hadoop-annotations/3.2.0/hadoop-annotations-3.2.0.jar:/usr/lib/jvm/java-1.8.0-openjdk-1.8.0.222.b10-1.el7_7.x86_64/jre/../lib/tools.jar:/home/user/.m2/repository/commons-cli/commons-cli/1.2/commons-cli-1.2.jar:/home/user/.m2/repository/org/apache/httpcomponents/httpclient/4.5.2/httpclient-4.5.2.jar:/home/user/.m2/repository/org/apache/httpcomponents/httpcore/4.4.4/httpcore-4.4.4.jar:/home/user/.m2/repository/commons-codec/commons-codec/1.11/commons-codec-1.11.jar:/home/user/.m2/repository/commons-net/commons-net/3.6/commons-net-3.6.jar:/home/user/.m2/repository/commons-collections/commons-collections/3.2.2/commons-collections-3.2.2.jar:/home/user/.m2/repository/org/eclipse/jetty/jetty-servlet/9.3.25.v20180904/jetty-servlet-9.3.25.v20180904.jar:/home/user/.m2/repository/org/eclipse/jetty/jetty-security/9.3.25.v20180904/jetty-security-9.3.25.v20180904.jar:/home/user/.m2/repository/javax/servlet/jsp/jsp-api/2.1/jsp-api-2.1.jar:/home/user/.m2/repository/com/sun/jersey/jersey-servlet/1.19/jersey-servlet-1.19.jar:/home/user/.m2/repository/com/sun/jersey/jersey-json/1.19/jersey-json-1.19.jar:/home/user/.m2/repository/org/codehaus/jettison/jettison/1.1/jettison-1.1.jar:/home/user/.m2/repository/org/codehaus/jackson/jackson-core-asl/1.9.13/jackson-core-asl-1.9.13.jar:/home/user/.m2/repository/org/codehaus/jackson/jackson-mapper-asl/1.9.13/jackson-mapper-asl-1.9.13.jar:/home/user/.m2/repository/org/codehaus/jackson/jackson-jaxrs/1.9.13/jackson-jaxrs-1.9.13.jar:/home/user/.m2/repository/org/codehaus/jackson/jackson-xc/1.9.13/jackson-xc-1.9.13.jar:/home/user/.m2/repository/commons-logging/commons-logging/1.1.3/commons-logging-1.1.3.jar:/home/user/.m2/repository/commons-beanutils/commons-beanutils/1.9.4/commons-beanutils-1.9.4.jar:/home/user/.m2/repository/org/apache/commons/commons-configuration2/2.1.1/commons-configuration2-2.1.1.jar:/home/user/.m2/repository/org/apache/commons/commons-lang3/3.7/commons-lang3-3.7.jar:/home/user/.m2/repository/org/apache/commons/commons-text/1.4/commons-text-1.4.jar:/home/user/.m2/repository/org/apache/avro/avro/1.7.7/avro-1.7.7.jar:/home/user/.m2/repository/com/thoughtworks/paranamer/paranamer/2.3/paranamer-2.3.jar:/home/user/.m2/repository/org/xerial/snappy/snappy-java/1.0.5/snappy-java-1.0.5.jar:/home/user/.m2/repository/com/google/re2j/re2j/1.1/re2j-1.1.jar:/home/user/.m2/repository/com/google/code/gson/gson/2.2.4/gson-2.2.4.jar:/home/user/.m2/repository/com/jcraft/jsch/0.1.54/jsch-0.1.54.jar:/home/user/.m2/repository/org/apache/curator/curator-client/2.12.0/curator-client-2.12.0.jar:/home/user/.m2/repository/org/apache/curator/curator-recipes/2.12.0/curator-recipes-2.12.0.jar:/home/user/.m2/repository/com/google/code/findbugs/jsr305/3.0.0/jsr305-3.0.0.jar:/home/user/.m2/repository/org/apache/htrace/htrace-core4/4.1.0-incubating/htrace-core4-4.1.0-incubating.jar:/home/user/.m2/repository/org/apache/zookeeper/zookeeper/3.4.13/zookeeper-3.4.13.jar:/home/user/.m2/repository/jline/jline/0.9.94/jline-0.9.94.jar:/home/user/.m2/repository/org/apache/yetus/audience-annotations/0.5.0/audience-annotations-0.5.0.jar:/home/user/.m2/repository/org/codehaus/woodstox/stax2-api/3.1.4/stax2-api-3.1.4.jar:/home/user/.m2/repository/com/fasterxml/woodstox/woodstox-core/5.0.3/woodstox-core-5.0.3.jar:/home/user/.m2/repository/dnsjava/dnsjava/2.1.7/dnsjava-2.1.7.jar:/home/user/.m2/repository/org/apache/hadoop/hadoop-hdfs/3.2.0/hadoop-hdfs-3.2.0-tests.jar:/home/user/.m2/repository/org/eclipse/jetty/jetty-util-ajax/9.3.25.v20180904/jetty-util-ajax-9.3.25.v20180904.jar:/home/user/.m2/repository/commons-daemon/commons-daemon/1.0.13/commons-daemon-1.0.13.jar:/home/user/.m2/repository/io/netty/netty/3.10.5.Final/netty-3.10.5.Final.jar:/home/user/.m2/repository/io/netty/netty-all/4.0.52.Final/netty-all-4.0.52.Final.jar:/home/user/.m2/repository/org/fusesource/leveldbjni/leveldbjni-all/1.8/leveldbjni-all-1.8.jar:"/>
    <property name="java.vm.vendor" value="Oracle Corporation"/>
    <property name="sun.arch.data.model" value="64"/>
    <property name="test.build.dir" value="/workdir/hadoop-ozone/integration-test/target/test-dir"/>
    <property name="test.cache.data" value=""/>
    <property name="java.vendor.url" value="http://java.oracle.com/"/>
    <property name="user.timezone" value=""/>
    <property name="java.vm.specification.version" value="1.8"/>
    <property name="os.name" value="Linux"/>
    <property name="test.build.data" value="/workdir/hadoop-ozone/integration-test/target/test-dir"/>
    <property name="user.country" value="US"/>
    <property name="sun.java.launcher" value="SUN_STANDARD"/>
    <property name="sun.boot.library.path" value="/usr/lib/jvm/java-1.8.0-openjdk-1.8.0.222.b10-1.el7_7.x86_64/jre/lib/amd64"/>
    <property name="sun.java.command" value="/workdir/hadoop-ozone/integration-test/target/surefire/surefirebooter8913378345914229291.jar /workdir/hadoop-ozone/integration-test/target/surefire 2019-10-19T00-40-05_434-jvmRun1 surefire3025587799350036480tmp surefire_258819771400366362711tmp"/>
    <property name="surefire.test.class.path" value="/workdir/hadoop-ozone/integration-test/target/test-classes:/workdir/hadoop-ozone/integration-test/target/classes:/home/user/.m2/repository/org/apache/hadoop/hadoop-ozone-common/0.5.0-SNAPSHOT/hadoop-ozone-common-0.5.0-SNAPSHOT.jar:/home/user/.m2/repository/org/apache/commons/commons-compress/1.4.1/commons-compress-1.4.1.jar:/home/user/.m2/repository/org/tukaani/xz/1.0/xz-1.0.jar:/home/user/.m2/repository/org/apache/hadoop/hadoop-common/3.2.0/hadoop-common-3.2.0.jar:/home/user/.m2/repository/org/apache/hadoop/hadoop-hdfs/3.2.0/hadoop-hdfs-3.2.0.jar:/home/user/.m2/repository/org/apache/hadoop/hadoop-hdfs-client/3.2.0/hadoop-hdfs-client-3.2.0.jar:/home/user/.m2/repository/com/fasterxml/jackson/core/jackson-annotations/2.9.9/jackson-annotations-2.9.9.jar:/home/user/.m2/repository/org/apache/hadoop/hadoop-hdds-common/0.5.0-SNAPSHOT/hadoop-hdds-common-0.5.0-SNAPSHOT.jar:/home/user/.m2/repository/javax/annotation/javax.annotation-api/1.2/javax.annotation-api-1.2.jar:/home/user/.m2/repository/org/apache/ratis/ratis-server/0.5.0-3f446aa-SNAPSHOT/ratis-server-0.5.0-3f446aa-SNAPSHOT.jar:/home/user/.m2/repository/org/apache/ratis/ratis-thirdparty-misc/0.2.0/ratis-thirdparty-misc-0.2.0.jar:/home/user/.m2/repository/org/apache/ratis/ratis-proto/0.5.0-3f446aa-SNAPSHOT/ratis-proto-0.5.0-3f446aa-SNAPSHOT.jar:/home/user/.m2/repository/org/apache/ratis/ratis-common/0.5.0-3f446aa-SNAPSHOT/ratis-common-0.5.0-3f446aa-SNAPSHOT.jar:/home/user/.m2/repository/org/apache/ratis/ratis-client/0.5.0-3f446aa-SNAPSHOT/ratis-client-0.5.0-3f446aa-SNAPSHOT.jar:/home/user/.m2/repository/org/apache/ratis/ratis-metrics/0.5.0-3f446aa-SNAPSHOT/ratis-metrics-0.5.0-3f446aa-SNAPSHOT.jar:/home/user/.m2/repository/com/github/joshelser/dropwizard-metrics-hadoop-metrics2-reporter/0.1.2/dropwizard-metrics-hadoop-metrics2-reporter-0.1.2.jar:/home/user/.m2/repository/io/dropwizard/metrics/metrics-jvm/3.2.5/metrics-jvm-3.2.5.jar:/home/user/.m2/repository/io/dropwizard/metrics/metrics-ganglia/3.2.5/metrics-ganglia-3.2.5.jar:/home/user/.m2/repository/info/ganglia/gmetric4j/gmetric4j/1.0.7/gmetric4j-1.0.7.jar:/home/user/.m2/repository/org/apache/ratis/ratis-netty/0.5.0-3f446aa-SNAPSHOT/ratis-netty-0.5.0-3f446aa-SNAPSHOT.jar:/home/user/.m2/repository/org/apache/ratis/ratis-grpc/0.5.0-3f446aa-SNAPSHOT/ratis-grpc-0.5.0-3f446aa-SNAPSHOT.jar:/home/user/.m2/repository/org/rocksdb/rocksdbjni/6.0.1/rocksdbjni-6.0.1.jar:/home/user/.m2/repository/org/apache/logging/log4j/log4j-api/2.11.0/log4j-api-2.11.0.jar:/home/user/.m2/repository/org/apache/logging/log4j/log4j-core/2.11.0/log4j-core-2.11.0.jar:/home/user/.m2/repository/com/lmax/disruptor/3.4.2/disruptor-3.4.2.jar:/home/user/.m2/repository/org/apache/commons/commons-pool2/2.6.0/commons-pool2-2.6.0.jar:/home/user/.m2/repository/org/bouncycastle/bcpkix-jdk15on/1.60/bcpkix-jdk15on-1.60.jar:/home/user/.m2/repository/commons-validator/commons-validator/1.6/commons-validator-1.6.jar:/home/user/.m2/repository/commons-digester/commons-digester/1.8.1/commons-digester-1.8.1.jar:/home/user/.m2/repository/io/jaegertracing/jaeger-client/0.34.0/jaeger-client-0.34.0.jar:/home/user/.m2/repository/io/jaegertracing/jaeger-thrift/0.34.0/jaeger-thrift-0.34.0.jar:/home/user/.m2/repository/org/apache/thrift/libthrift/0.12.0/libthrift-0.12.0.jar:/home/user/.m2/repository/com/squareup/okhttp3/okhttp/3.9.0/okhttp-3.9.0.jar:/home/user/.m2/repository/com/squareup/okio/okio/1.13.0/okio-1.13.0.jar:/home/user/.m2/repository/io/jaegertracing/jaeger-core/0.34.0/jaeger-core-0.34.0.jar:/home/user/.m2/repository/io/jaegertracing/jaeger-tracerresolver/0.34.0/jaeger-tracerresolver-0.34.0.jar:/home/user/.m2/repository/io/opentracing/contrib/opentracing-tracerresolver/0.1.5/opentracing-tracerresolver-0.1.5.jar:/home/user/.m2/repository/io/opentracing/opentracing-util/0.31.0/opentracing-util-0.31.0.jar:/home/user/.m2/repository/io/opentracing/opentracing-api/0.31.0/opentracing-api-0.31.0.jar:/home/user/.m2/repository/io/opentracing/opentracing-noop/0.31.0/opentracing-noop-0.31.0.jar:/home/user/.m2/repository/org/apache/hadoop/hadoop-hdds-server-framework/0.5.0-SNAPSHOT/hadoop-hdds-server-framework-0.5.0-SNAPSHOT.jar:/home/user/.m2/repository/org/apache/hadoop/hadoop-hdds-container-service/0.5.0-SNAPSHOT/hadoop-hdds-container-service-0.5.0-SNAPSHOT.jar:/home/user/.m2/repository/org/apache/hadoop/hadoop-hdds-client/0.5.0-SNAPSHOT/hadoop-hdds-client-0.5.0-SNAPSHOT.jar:/home/user/.m2/repository/org/apache/hadoop/hadoop-hdds-tools/0.5.0-SNAPSHOT/hadoop-hdds-tools-0.5.0-SNAPSHOT.jar:/home/user/.m2/repository/org/apache/hadoop/hadoop-hdds-server-scm/0.5.0-SNAPSHOT/hadoop-hdds-server-scm-0.5.0-SNAPSHOT.jar:/home/user/.m2/repository/org/apache/hadoop/hadoop-hdds-docs/0.5.0-SNAPSHOT/hadoop-hdds-docs-0.5.0-SNAPSHOT.jar:/home/user/.m2/repository/io/dropwizard/metrics/metrics-core/3.2.4/metrics-core-3.2.4.jar:/home/user/.m2/repository/org/hamcrest/hamcrest-all/1.3/hamcrest-all-1.3.jar:/home/user/.m2/repository/org/bouncycastle/bcprov-jdk15on/1.60/bcprov-jdk15on-1.60.jar:/home/user/.m2/repository/info/picocli/picocli/3.9.6/picocli-3.9.6.jar:/home/user/.m2/repository/com/google/protobuf/protobuf-java/2.5.0/protobuf-java-2.5.0.jar:/home/user/.m2/repository/com/google/guava/guava/11.0.2/guava-11.0.2.jar:/home/user/.m2/repository/org/apache/hadoop/hadoop-ozone-ozone-manager/0.5.0-SNAPSHOT/hadoop-ozone-ozone-manager-0.5.0-SNAPSHOT.jar:/home/user/.m2/repository/org/apache/hadoop/hadoop-minikdc/3.2.0/hadoop-minikdc-3.2.0.jar:/home/user/.m2/repository/commons-io/commons-io/2.5/commons-io-2.5.jar:/home/user/.m2/repository/org/apache/kerby/kerb-simplekdc/1.0.1/kerb-simplekdc-1.0.1.jar:/home/user/.m2/repository/org/apache/kerby/kerb-client/1.0.1/kerb-client-1.0.1.jar:/home/user/.m2/repository/org/apache/kerby/kerby-config/1.0.1/kerby-config-1.0.1.jar:/home/user/.m2/repository/org/apache/kerby/kerb-core/1.0.1/kerb-core-1.0.1.jar:/home/user/.m2/repository/org/apache/kerby/kerby-pkix/1.0.1/kerby-pkix-1.0.1.jar:/home/user/.m2/repository/org/apache/kerby/kerby-asn1/1.0.1/kerby-asn1-1.0.1.jar:/home/user/.m2/repository/org/apache/kerby/kerby-util/1.0.1/kerby-util-1.0.1.jar:/home/user/.m2/repository/org/apache/kerby/kerb-common/1.0.1/kerb-common-1.0.1.jar:/home/user/.m2/repository/org/apache/kerby/kerb-crypto/1.0.1/kerb-crypto-1.0.1.jar:/home/user/.m2/repository/org/apache/kerby/kerb-util/1.0.1/kerb-util-1.0.1.jar:/home/user/.m2/repository/org/apache/kerby/token-provider/1.0.1/token-provider-1.0.1.jar:/home/user/.m2/repository/org/apache/kerby/kerb-admin/1.0.1/kerb-admin-1.0.1.jar:/home/user/.m2/repository/org/apache/kerby/kerb-server/1.0.1/kerb-server-1.0.1.jar:/home/user/.m2/repository/org/apache/kerby/kerb-identity/1.0.1/kerb-identity-1.0.1.jar:/home/user/.m2/repository/org/apache/kerby/kerby-xdr/1.0.1/kerby-xdr-1.0.1.jar:/home/user/.m2/repository/org/slf4j/slf4j-log4j12/1.7.25/slf4j-log4j12-1.7.25.jar:/home/user/.m2/repository/org/apache/hadoop/hadoop-ozone-s3gateway/0.5.0-SNAPSHOT/hadoop-ozone-s3gateway-0.5.0-SNAPSHOT.jar:/home/user/.m2/repository/org/jboss/weld/servlet/weld-servlet/2.4.7.Final/weld-servlet-2.4.7.Final.jar:/home/user/.m2/repository/org/glassfish/jersey/containers/jersey-container-servlet-core/2.27/jersey-container-servlet-core-2.27.jar:/home/user/.m2/repository/org/glassfish/hk2/external/javax.inject/2.5.0-b42/javax.inject-2.5.0-b42.jar:/home/user/.m2/repository/org/glassfish/jersey/core/jersey-common/2.27/jersey-common-2.27.jar:/home/user/.m2/repository/org/glassfish/hk2/osgi-resource-locator/1.0.1/osgi-resource-locator-1.0.1.jar:/home/user/.m2/repository/javax/ws/rs/javax.ws.rs-api/2.1/javax.ws.rs-api-2.1.jar:/home/user/.m2/repository/org/glassfish/jersey/ext/cdi/jersey-cdi1x/2.27/jersey-cdi1x-2.27.jar:/home/user/.m2/repository/org/glassfish/jersey/inject/jersey-hk2/2.27/jersey-hk2-2.27.jar:/home/user/.m2/repository/org/glassfish/hk2/hk2-locator/2.5.0-b42/hk2-locator-2.5.0-b42.jar:/home/user/.m2/repository/org/javassist/javassist/3.22.0-CR2/javassist-3.22.0-CR2.jar:/home/user/.m2/repository/org/glassfish/hk2/hk2-api/2.5.0/hk2-api-2.5.0.jar:/home/user/.m2/repository/org/glassfish/hk2/external/jakarta.inject/2.5.0/jakarta.inject-2.5.0.jar:/home/user/.m2/repository/org/glassfish/hk2/hk2-utils/2.5.0/hk2-utils-2.5.0.jar:/home/user/.m2/repository/jakarta/annotation/jakarta.annotation-api/1.3.4/jakarta.annotation-api-1.3.4.jar:/home/user/.m2/repository/org/glassfish/hk2/external/aopalliance-repackaged/2.5.0/aopalliance-repackaged-2.5.0.jar:/home/user/.m2/repository/com/fasterxml/jackson/dataformat/jackson-dataformat-xml/2.9.0/jackson-dataformat-xml-2.9.0.jar:/home/user/.m2/repository/com/fasterxml/jackson/core/jackson-core/2.9.9/jackson-core-2.9.9.jar:/home/user/.m2/repository/com/fasterxml/jackson/module/jackson-module-jaxb-annotations/2.9.9/jackson-module-jaxb-annotations-2.9.9.jar:/home/user/.m2/repository/javax/enterprise/cdi-api/1.2/cdi-api-1.2.jar:/home/user/.m2/repository/javax/el/javax.el-api/3.0.0/javax.el-api-3.0.0.jar:/home/user/.m2/repository/javax/interceptor/javax.interceptor-api/1.2/javax.interceptor-api-1.2.jar:/home/user/.m2/repository/javax/inject/javax.inject/1/javax.inject-1.jar:/home/user/.m2/repository/com/sun/xml/bind/jaxb-impl/2.3.0.1/jaxb-impl-2.3.0.1.jar:/home/user/.m2/repository/com/sun/xml/bind/jaxb-core/2.3.0.1/jaxb-core-2.3.0.1.jar:/home/user/.m2/repository/javax/xml/bind/jaxb-api/2.3.0/jaxb-api-2.3.0.jar:/home/user/.m2/repository/javax/activation/activation/1.1.1/activation-1.1.1.jar:/home/user/.m2/repository/org/apache/hadoop/hadoop-ozone-csi/0.5.0-SNAPSHOT/hadoop-ozone-csi-0.5.0-SNAPSHOT.jar:/home/user/.m2/repository/com/google/protobuf/protobuf-java-util/3.5.1/protobuf-java-util-3.5.1.jar:/home/user/.m2/repository/org/apache/hadoop/hadoop-hdds-config/0.5.0-SNAPSHOT/hadoop-hdds-config-0.5.0-SNAPSHOT.jar:/home/user/.m2/repository/io/grpc/grpc-netty/1.17.1/grpc-netty-1.17.1.jar:/home/user/.m2/repository/io/grpc/grpc-core/1.17.1/grpc-core-1.17.1.jar:/home/user/.m2/repository/io/grpc/grpc-context/1.17.1/grpc-context-1.17.1.jar:/home/user/.m2/repository/com/google/errorprone/error_prone_annotations/2.2.0/error_prone_annotations-2.2.0.jar:/home/user/.m2/repository/org/codehaus/mojo/animal-sniffer-annotations/1.17/animal-sniffer-annotations-1.17.jar:/home/user/.m2/repository/io/opencensus/opencensus-api/0.17.0/opencensus-api-0.17.0.jar:/home/user/.m2/repository/io/opencensus/opencensus-contrib-grpc-metrics/0.17.0/opencensus-contrib-grpc-metrics-0.17.0.jar:/home/user/.m2/repository/io/netty/netty-codec-http2/4.1.30.Final/netty-codec-http2-4.1.30.Final.jar:/home/user/.m2/repository/io/netty/netty-codec-http/4.1.30.Final/netty-codec-http-4.1.30.Final.jar:/home/user/.m2/repository/io/netty/netty-codec/4.1.30.Final/netty-codec-4.1.30.Final.jar:/home/user/.m2/repository/io/netty/netty-handler/4.1.30.Final/netty-handler-4.1.30.Final.jar:/home/user/.m2/repository/io/netty/netty-handler-proxy/4.1.30.Final/netty-handler-proxy-4.1.30.Final.jar:/home/user/.m2/repository/io/netty/netty-codec-socks/4.1.30.Final/netty-codec-socks-4.1.30.Final.jar:/home/user/.m2/repository/io/netty/netty-transport-native-epoll/4.1.30.Final/netty-transport-native-epoll-4.1.30.Final.jar:/home/user/.m2/repository/io/netty/netty-common/4.1.30.Final/netty-common-4.1.30.Final.jar:/home/user/.m2/repository/io/netty/netty-buffer/4.1.30.Final/netty-buffer-4.1.30.Final.jar:/home/user/.m2/repository/io/netty/netty-transport/4.1.30.Final/netty-transport-4.1.30.Final.jar:/home/user/.m2/repository/io/netty/netty-resolver/4.1.30.Final/netty-resolver-4.1.30.Final.jar:/home/user/.m2/repository/io/netty/netty-transport-native-unix-common/4.1.30.Final/netty-transport-native-unix-common-4.1.30.Final.jar:/home/user/.m2/repository/io/grpc/grpc-protobuf/1.17.1/grpc-protobuf-1.17.1.jar:/home/user/.m2/repository/com/google/api/grpc/proto-google-common-protos/1.0.0/proto-google-common-protos-1.0.0.jar:/home/user/.m2/repository/io/grpc/grpc-protobuf-lite/1.17.1/grpc-protobuf-lite-1.17.1.jar:/home/user/.m2/repository/io/grpc/grpc-stub/1.17.1/grpc-stub-1.17.1.jar:/home/user/.m2/repository/org/apache/hadoop/hadoop-ozone-recon/0.5.0-SNAPSHOT/hadoop-ozone-recon-0.5.0-SNAPSHOT.jar:/home/user/.m2/repository/org/apache/hadoop/hadoop-ozone-reconcodegen/0.5.0-SNAPSHOT/hadoop-ozone-reconcodegen-0.5.0-SNAPSHOT.jar:/home/user/.m2/repository/com/google/inject/extensions/guice-multibindings/4.0/guice-multibindings-4.0.jar:/home/user/.m2/repository/com/google/inject/guice/4.0/guice-4.0.jar:/home/user/.m2/repository/aopalliance/aopalliance/1.0/aopalliance-1.0.jar:/home/user/.m2/repository/com/google/inject/extensions/guice-servlet/4.0/guice-servlet-4.0.jar:/home/user/.m2/repository/org/glassfish/jersey/containers/jersey-container-servlet/2.27/jersey-container-servlet-2.27.jar:/home/user/.m2/repository/org/glassfish/hk2/guice-bridge/2.5.0/guice-bridge-2.5.0.jar:/home/user/.m2/repository/org/glassfish/jersey/core/jersey-server/2.27/jersey-server-2.27.jar:/home/user/.m2/repository/org/glassfish/jersey/core/jersey-client/2.27/jersey-client-2.27.jar:/home/user/.m2/repository/org/glassfish/jersey/media/jersey-media-jaxb/2.27/jersey-media-jaxb-2.27.jar:/home/user/.m2/repository/javax/validation/validation-api/1.1.0.Final/validation-api-1.1.0.Final.jar:/home/user/.m2/repository/org/glassfish/jersey/media/jersey-media-json-jackson/2.27/jersey-media-json-jackson-2.27.jar:/home/user/.m2/repository/org/glassfish/jersey/ext/jersey-entity-filtering/2.27/jersey-entity-filtering-2.27.jar:/home/user/.m2/repository/com/google/inject/extensions/guice-assistedinject/4.0/guice-assistedinject-4.0.jar:/home/user/.m2/repository/org/jooq/jooq/3.11.10/jooq-3.11.10.jar:/home/user/.m2/repository/org/jooq/jooq-meta/3.11.10/jooq-meta-3.11.10.jar:/home/user/.m2/repository/org/jooq/jooq-codegen/3.11.10/jooq-codegen-3.11.10.jar:/home/user/.m2/repository/com/jolbox/bonecp/0.8.0.RELEASE/bonecp-0.8.0.RELEASE.jar:/home/user/.m2/repository/org/xerial/sqlite-jdbc/3.25.2/sqlite-jdbc-3.25.2.jar:/home/user/.m2/repository/org/springframework/spring-jdbc/5.1.3.RELEASE/spring-jdbc-5.1.3.RELEASE.jar:/home/user/.m2/repository/org/springframework/spring-beans/5.1.3.RELEASE/spring-beans-5.1.3.RELEASE.jar:/home/user/.m2/repository/org/springframework/spring-core/5.1.3.RELEASE/spring-core-5.1.3.RELEASE.jar:/home/user/.m2/repository/org/springframework/spring-jcl/5.1.3.RELEASE/spring-jcl-5.1.3.RELEASE.jar:/home/user/.m2/repository/org/springframework/spring-tx/5.1.3.RELEASE/spring-tx-5.1.3.RELEASE.jar:/home/user/.m2/repository/org/apache/hadoop/hadoop-ozone-client/0.5.0-SNAPSHOT/hadoop-ozone-client-0.5.0-SNAPSHOT.jar:/home/user/.m2/repository/commons-lang/commons-lang/2.6/commons-lang-2.6.jar:/home/user/.m2/repository/org/apache/hadoop/hadoop-ozone-ozone-manager/0.5.0-SNAPSHOT/hadoop-ozone-ozone-manager-0.5.0-SNAPSHOT-tests.jar:/home/user/.m2/repository/junit/junit/4.11/junit-4.11.jar:/home/user/.m2/repository/org/hamcrest/hamcrest-core/1.3/hamcrest-core-1.3.jar:/home/user/.m2/repository/org/openjdk/jmh/jmh-core/1.19/jmh-core-1.19.jar:/home/user/.m2/repository/net/sf/jopt-simple/jopt-simple/4.6/jopt-simple-4.6.jar:/home/user/.m2/repository/org/apache/commons/commons-math3/3.1.1/commons-math3-3.1.1.jar:/home/user/.m2/repository/org/openjdk/jmh/jmh-generator-annprocess/1.19/jmh-generator-annprocess-1.19.jar:/home/user/.m2/repository/org/mockito/mockito-all/1.8.5/mockito-all-1.8.5.jar:/home/user/.m2/repository/org/apache/hadoop/hadoop-kms/3.2.0/hadoop-kms-3.2.0.jar:/home/user/.m2/repository/org/apache/hadoop/hadoop-auth/3.2.0/hadoop-auth-3.2.0.jar:/home/user/.m2/repository/com/nimbusds/nimbus-jose-jwt/4.41.1/nimbus-jose-jwt-4.41.1.jar:/home/user/.m2/repository/com/github/stephenc/jcip/jcip-annotations/1.0-1/jcip-annotations-1.0-1.jar:/home/user/.m2/repository/net/minidev/json-smart/2.3/json-smart-2.3.jar:/home/user/.m2/repository/net/minidev/accessors-smart/1.2/accessors-smart-1.2.jar:/home/user/.m2/repository/org/ow2/asm/asm/5.0.4/asm-5.0.4.jar:/home/user/.m2/repository/org/apache/curator/curator-framework/2.12.0/curator-framework-2.12.0.jar:/home/user/.m2/repository/com/sun/jersey/jersey-core/1.19/jersey-core-1.19.jar:/home/user/.m2/repository/javax/ws/rs/jsr311-api/1.1.1/jsr311-api-1.1.1.jar:/home/user/.m2/repository/com/sun/jersey/jersey-server/1.19/jersey-server-1.19.jar:/home/user/.m2/repository/javax/servlet/javax.servlet-api/3.1.0/javax.servlet-api-3.1.0.jar:/home/user/.m2/repository/org/eclipse/jetty/jetty-server/9.3.25.v20180904/jetty-server-9.3.25.v20180904.jar:/home/user/.m2/repository/org/eclipse/jetty/jetty-http/9.3.25.v20180904/jetty-http-9.3.25.v20180904.jar:/home/user/.m2/repository/org/eclipse/jetty/jetty-io/9.3.25.v20180904/jetty-io-9.3.25.v20180904.jar:/home/user/.m2/repository/org/eclipse/jetty/jetty-webapp/9.3.25.v20180904/jetty-webapp-9.3.25.v20180904.jar:/home/user/.m2/repository/org/eclipse/jetty/jetty-xml/9.3.25.v20180904/jetty-xml-9.3.25.v20180904.jar:/home/user/.m2/repository/log4j/log4j/1.2.17/log4j-1.2.17.jar:/home/user/.m2/repository/org/slf4j/slf4j-api/1.7.25/slf4j-api-1.7.25.jar:/home/user/.m2/repository/org/slf4j/jul-to-slf4j/1.7.25/jul-to-slf4j-1.7.25.jar:/home/user/.m2/repository/org/eclipse/jetty/jetty-util/9.3.25.v20180904/jetty-util-9.3.25.v20180904.jar:/home/user/.m2/repository/com/fasterxml/jackson/core/jackson-databind/2.9.9/jackson-databind-2.9.9.jar:/home/user/.m2/repository/org/apache/hadoop/hadoop-kms/3.2.0/hadoop-kms-3.2.0-tests.jar:/home/user/.m2/repository/org/apache/hadoop/hadoop-hdds-server-scm/0.5.0-SNAPSHOT/hadoop-hdds-server-scm-0.5.0-SNAPSHOT-tests.jar:/home/user/.m2/repository/org/apache/hadoop/hadoop-hdds-container-service/0.5.0-SNAPSHOT/hadoop-hdds-container-service-0.5.0-SNAPSHOT-tests.jar:/home/user/.m2/repository/org/yaml/snakeyaml/1.16/snakeyaml-1.16.jar:/home/user/.m2/repository/org/apache/hadoop/hadoop-common/3.2.0/hadoop-common-3.2.0-tests.jar:/home/user/.m2/repository/org/apache/hadoop/hadoop-annotations/3.2.0/hadoop-annotations-3.2.0.jar:/usr/lib/jvm/java-1.8.0-openjdk-1.8.0.222.b10-1.el7_7.x86_64/jre/../lib/tools.jar:/home/user/.m2/repository/commons-cli/commons-cli/1.2/commons-cli-1.2.jar:/home/user/.m2/repository/org/apache/httpcomponents/httpclient/4.5.2/httpclient-4.5.2.jar:/home/user/.m2/repository/org/apache/httpcomponents/httpcore/4.4.4/httpcore-4.4.4.jar:/home/user/.m2/repository/commons-codec/commons-codec/1.11/commons-codec-1.11.jar:/home/user/.m2/repository/commons-net/commons-net/3.6/commons-net-3.6.jar:/home/user/.m2/repository/commons-collections/commons-collections/3.2.2/commons-collections-3.2.2.jar:/home/user/.m2/repository/org/eclipse/jetty/jetty-servlet/9.3.25.v20180904/jetty-servlet-9.3.25.v20180904.jar:/home/user/.m2/repository/org/eclipse/jetty/jetty-security/9.3.25.v20180904/jetty-security-9.3.25.v20180904.jar:/home/user/.m2/repository/javax/servlet/jsp/jsp-api/2.1/jsp-api-2.1.jar:/home/user/.m2/repository/com/sun/jersey/jersey-servlet/1.19/jersey-servlet-1.19.jar:/home/user/.m2/repository/com/sun/jersey/jersey-json/1.19/jersey-json-1.19.jar:/home/user/.m2/repository/org/codehaus/jettison/jettison/1.1/jettison-1.1.jar:/home/user/.m2/repository/org/codehaus/jackson/jackson-core-asl/1.9.13/jackson-core-asl-1.9.13.jar:/home/user/.m2/repository/org/codehaus/jackson/jackson-mapper-asl/1.9.13/jackson-mapper-asl-1.9.13.jar:/home/user/.m2/repository/org/codehaus/jackson/jackson-jaxrs/1.9.13/jackson-jaxrs-1.9.13.jar:/home/user/.m2/repository/org/codehaus/jackson/jackson-xc/1.9.13/jackson-xc-1.9.13.jar:/home/user/.m2/repository/commons-logging/commons-logging/1.1.3/commons-logging-1.1.3.jar:/home/user/.m2/repository/commons-beanutils/commons-beanutils/1.9.4/commons-beanutils-1.9.4.jar:/home/user/.m2/repository/org/apache/commons/commons-configuration2/2.1.1/commons-configuration2-2.1.1.jar:/home/user/.m2/repository/org/apache/commons/commons-lang3/3.7/commons-lang3-3.7.jar:/home/user/.m2/repository/org/apache/commons/commons-text/1.4/commons-text-1.4.jar:/home/user/.m2/repository/org/apache/avro/avro/1.7.7/avro-1.7.7.jar:/home/user/.m2/repository/com/thoughtworks/paranamer/paranamer/2.3/paranamer-2.3.jar:/home/user/.m2/repository/org/xerial/snappy/snappy-java/1.0.5/snappy-java-1.0.5.jar:/home/user/.m2/repository/com/google/re2j/re2j/1.1/re2j-1.1.jar:/home/user/.m2/repository/com/google/code/gson/gson/2.2.4/gson-2.2.4.jar:/home/user/.m2/repository/com/jcraft/jsch/0.1.54/jsch-0.1.54.jar:/home/user/.m2/repository/org/apache/curator/curator-client/2.12.0/curator-client-2.12.0.jar:/home/user/.m2/repository/org/apache/curator/curator-recipes/2.12.0/curator-recipes-2.12.0.jar:/home/user/.m2/repository/com/google/code/findbugs/jsr305/3.0.0/jsr305-3.0.0.jar:/home/user/.m2/repository/org/apache/htrace/htrace-core4/4.1.0-incubating/htrace-core4-4.1.0-incubating.jar:/home/user/.m2/repository/org/apache/zookeeper/zookeeper/3.4.13/zookeeper-3.4.13.jar:/home/user/.m2/repository/jline/jline/0.9.94/jline-0.9.94.jar:/home/user/.m2/repository/org/apache/yetus/audience-annotations/0.5.0/audience-annotations-0.5.0.jar:/home/user/.m2/repository/org/codehaus/woodstox/stax2-api/3.1.4/stax2-api-3.1.4.jar:/home/user/.m2/repository/com/fasterxml/woodstox/woodstox-core/5.0.3/woodstox-core-5.0.3.jar:/home/user/.m2/repository/dnsjava/dnsjava/2.1.7/dnsjava-2.1.7.jar:/home/user/.m2/repository/org/apache/hadoop/hadoop-hdfs/3.2.0/hadoop-hdfs-3.2.0-tests.jar:/home/user/.m2/repository/org/eclipse/jetty/jetty-util-ajax/9.3.25.v20180904/jetty-util-ajax-9.3.25.v20180904.jar:/home/user/.m2/repository/commons-daemon/commons-daemon/1.0.13/commons-daemon-1.0.13.jar:/home/user/.m2/repository/io/netty/netty/3.10.5.Final/netty-3.10.5.Final.jar:/home/user/.m2/repository/io/netty/netty-all/4.0.52.Final/netty-all-4.0.52.Final.jar:/home/user/.m2/repository/org/fusesource/leveldbjni/leveldbjni-all/1.8/leveldbjni-all-1.8.jar:"/>
    <property name="sun.cpu.endian" value="little"/>
    <property name="user.home" value="/home/user"/>
    <property name="user.language" value="en"/>
    <property name="java.specification.vendor" value="Oracle Corporation"/>
    <property name="java.home" value="/usr/lib/jvm/java-1.8.0-openjdk-1.8.0.222.b10-1.el7_7.x86_64/jre"/>
    <property name="surefire.excludesFile" value="/tools/ozone-bad-unit-tests"/>
    <property name="java.security.krb5.conf" value="/workdir/hadoop-ozone/integration-test/target/test-classes/krb5.conf"/>
    <property name="basedir" value="/workdir/hadoop-ozone/integration-test"/>
    <property name="file.separator" value="/"/>
    <property name="line.separator" value="&#10;"/>
    <property name="java.vm.specification.vendor" value="Oracle Corporation"/>
    <property name="java.specification.name" value="Java Platform API Specification"/>
    <property name="java.awt.graphicsenv" value="sun.awt.X11GraphicsEnvironment"/>
    <property name="surefire.real.class.path" value="/workdir/hadoop-ozone/integration-test/target/surefire/surefirebooter8913378345914229291.jar"/>
    <property name="hadoop.log.dir" value="/workdir/hadoop-ozone/integration-test/target/log"/>
    <property name="sun.boot.class.path" value="/usr/lib/jvm/java-1.8.0-openjdk-1.8.0.222.b10-1.el7_7.x86_64/jre/lib/resources.jar:/usr/lib/jvm/java-1.8.0-openjdk-1.8.0.222.b10-1.el7_7.x86_64/jre/lib/rt.jar:/usr/lib/jvm/java-1.8.0-openjdk-1.8.0.222.b10-1.el7_7.x86_64/jre/lib/sunrsasign.jar:/usr/lib/jvm/java-1.8.0-openjdk-1.8.0.222.b10-1.el7_7.x86_64/jre/lib/jsse.jar:/usr/lib/jvm/java-1.8.0-openjdk-1.8.0.222.b10-1.el7_7.x86_64/jre/lib/jce.jar:/usr/lib/jvm/java-1.8.0-openjdk-1.8.0.222.b10-1.el7_7.x86_64/jre/lib/charsets.jar:/usr/lib/jvm/java-1.8.0-openjdk-1.8.0.222.b10-1.el7_7.x86_64/jre/lib/jfr.jar:/usr/lib/jvm/java-1.8.0-openjdk-1.8.0.222.b10-1.el7_7.x86_64/jre/classes"/>
    <property name="sun.management.compiler" value="HotSpot 64-Bit Tiered Compilers"/>
    <property name="java.runtime.version" value="1.8.0_222-b10"/>
    <property name="java.net.preferIPv4Stack" value="true"/>
    <property name="user.name" value="jenkins1000"/>
    <property name="path.separator" value=":"/>
    <property name="java.security.egd" value="file:///dev/urandom"/>
    <property name="os.version" value="3.10.0-957.12.2.el7.x86_64"/>
    <property name="java.endorsed.dirs" value="/usr/lib/jvm/java-1.8.0-openjdk-1.8.0.222.b10-1.el7_7.x86_64/jre/lib/endorsed"/>
    <property name="java.runtime.name" value="OpenJDK Runtime Environment"/>
    <property name="file.encoding" value="ANSI_X3.4-1968"/>
    <property name="java.vm.name" value="OpenJDK 64-Bit Server VM"/>
    <property name="test.build.webapps" value=""/>
    <property name="localRepository" value="/home/user/.m2/repository"/>
    <property name="java.vendor.url.bug" value="http://bugreport.sun.com/bugreport/"/>
    <property name="java.io.tmpdir" value="/tmp"/>
    <property name="require.test.libhadoop" value=""/>
    <property name="java.version" value="1.8.0_222"/>
    <property name="user.dir" value="/workdir/hadoop-ozone/integration-test"/>
    <property name="os.arch" value="amd64"/>
    <property name="java.vm.specification.name" value="Java Virtual Machine Specification"/>
    <property name="test.build.classes" value="/workdir/hadoop-ozone/integration-test/target/test-classes"/>
    <property name="java.awt.printerjob" value="sun.print.PSPrinterJob"/>
    <property name="sun.os.patch.level" value="unknown"/>
    <property name="hadoop.tmp.dir" value="/workdir/hadoop-ozone/integration-test/target/tmp"/>
    <property name="java.library.path" value="/usr/lib:/workdir/hadoop-ozone/integration-test/target/native/target/usr/local/lib:/workdir/hadoop-ozone/integration-test/../../hadoop-common-project/hadoop-common/target/native/target/usr/local/lib:/usr/java/packages/lib/amd64:/usr/lib64:/lib64:/lib:/usr/lib"/>
    <property name="java.vm.info" value="mixed mode"/>
    <property name="java.vendor" value="Oracle Corporation"/>
    <property name="java.vm.version" value="25.222-b10"/>
    <property name="java.ext.dirs" value="/usr/lib/jvm/java-1.8.0-openjdk-1.8.0.222.b10-1.el7_7.x86_64/jre/lib/ext:/usr/java/packages/lib/ext"/>
    <property name="sun.io.unicode.encoding" value="UnicodeLittle"/>
    <property name="java.class.version" value="52.0"/>
  </properties>
  <testcase name="testPipelineExclusionWithPipelineFailure" classname="org.apache.hadoop.ozone.client.rpc.TestFailureHandlingByClient" time="58.231"/>
  <testcase name="testContainerExclusionWithClosedContainerException" classname="org.apache.hadoop.ozone.client.rpc.TestFailureHandlingByClient" time="35.345"/>
  <testcase name="testWriteSmallFile" classname="org.apache.hadoop.ozone.client.rpc.TestFailureHandlingByClient" time="46.056"/>
  <testcase name="testBlockWritesWithDnFailures" classname="org.apache.hadoop.ozone.client.rpc.TestFailureHandlingByClient" time="71.622"/>
  <testcase name="testDatanodeExclusionWithMajorityCommit" classname="org.apache.hadoop.ozone.client.rpc.TestFailureHandlingByClient" time="56.472">
    <failure type="java.lang.AssertionError">java.lang.AssertionError
	at org.junit.Assert.fail(Assert.java:86)
	at org.junit.Assert.assertTrue(Assert.java:41)
	at org.junit.Assert.assertTrue(Assert.java:52)
	at org.apache.hadoop.ozone.client.rpc.TestFailureHandlingByClient.testDatanodeExclusionWithMajorityCommit(TestFailureHandlingByClient.java:318)
	at sun.reflect.NativeMethodAccessorImpl.invoke0(Native Method)
	at sun.reflect.NativeMethodAccessorImpl.invoke(NativeMethodAccessorImpl.java:62)
	at sun.reflect.DelegatingMethodAccessorImpl.invoke(DelegatingMethodAccessorImpl.java:43)
	at java.lang.reflect.Method.invoke(Method.java:498)
	at org.junit.runners.model.FrameworkMethod$1.runReflectiveCall(FrameworkMethod.java:47)
	at org.junit.internal.runners.model.ReflectiveCallable.run(ReflectiveCallable.java:12)
	at org.junit.runners.model.FrameworkMethod.invokeExplosively(FrameworkMethod.java:44)
	at org.junit.internal.runners.statements.InvokeMethod.evaluate(InvokeMethod.java:17)
	at org.junit.internal.runners.statements.RunAfters.evaluate(RunAfters.java:27)
	at org.junit.runners.ParentRunner.runLeaf(ParentRunner.java:271)
	at org.junit.runners.BlockJUnit4ClassRunner.runChild(BlockJUnit4ClassRunner.java:70)
	at org.junit.runners.BlockJUnit4ClassRunner.runChild(BlockJUnit4ClassRunner.java:50)
	at org.junit.runners.ParentRunner$3.run(ParentRunner.java:238)
	at org.junit.runners.ParentRunner$1.schedule(ParentRunner.java:63)
	at org.junit.runners.ParentRunner.runChildren(ParentRunner.java:236)
	at org.junit.runners.ParentRunner.access$000(ParentRunner.java:53)
	at org.junit.runners.ParentRunner$2.evaluate(ParentRunner.java:229)
	at org.junit.runners.ParentRunner.run(ParentRunner.java:309)
	at org.apache.maven.surefire.junit4.JUnit4Provider.execute(JUnit4Provider.java:365)
	at org.apache.maven.surefire.junit4.JUnit4Provider.executeWithRerun(JUnit4Provider.java:273)
	at org.apache.maven.surefire.junit4.JUnit4Provider.executeTestSet(JUnit4Provider.java:238)
	at org.apache.maven.surefire.junit4.JUnit4Provider.invoke(JUnit4Provider.java:159)
	at org.apache.maven.surefire.booter.ForkedBooter.invokeProviderInSameClassLoader(ForkedBooter.java:384)
	at org.apache.maven.surefire.booter.ForkedBooter.runSuitesInProcess(ForkedBooter.java:345)
	at org.apache.maven.surefire.booter.ForkedBooter.execute(ForkedBooter.java:126)
	at org.apache.maven.surefire.booter.ForkedBooter.main(ForkedBooter.java:418)
</failure>
    <system-out><![CDATA[2019-10-19 01:14:16,797 [main] WARN  server.ServerUtils (ServerUtils.java:getScmDbDir(145)) - ozone.scm.db.dirs is not configured. We recommend adding this setting. Falling back to ozone.metadata.dirs instead.
2019-10-19 01:14:16,812 [main] WARN  server.ServerUtils (ServerUtils.java:getScmDbDir(145)) - ozone.scm.db.dirs is not configured. We recommend adding this setting. Falling back to ozone.metadata.dirs instead.
2019-10-19 01:14:16,812 [main] WARN  server.ServerUtils (ServerUtils.java:getScmDbDir(145)) - ozone.scm.db.dirs is not configured. We recommend adding this setting. Falling back to ozone.metadata.dirs instead.
2019-10-19 01:14:16,813 [main] INFO  db.DBStoreBuilder (DBStoreBuilder.java:addTable(127)) - using custom profile for table: deletedBlocks
2019-10-19 01:14:16,813 [main] INFO  db.DBStoreBuilder (DBStoreBuilder.java:processTables(183)) - Using default column profile:DBProfile.DISK for Table:deletedBlocks
2019-10-19 01:14:16,813 [main] INFO  db.DBStoreBuilder (DBStoreBuilder.java:addTable(127)) - using custom profile for table: validCerts
2019-10-19 01:14:16,813 [main] INFO  db.DBStoreBuilder (DBStoreBuilder.java:processTables(183)) - Using default column profile:DBProfile.DISK for Table:validCerts
2019-10-19 01:14:16,813 [main] INFO  db.DBStoreBuilder (DBStoreBuilder.java:addTable(127)) - using custom profile for table: revokedCerts
2019-10-19 01:14:16,814 [main] INFO  db.DBStoreBuilder (DBStoreBuilder.java:processTables(183)) - Using default column profile:DBProfile.DISK for Table:revokedCerts
2019-10-19 01:14:16,814 [main] INFO  db.DBStoreBuilder (DBStoreBuilder.java:addTable(127)) - using custom profile for table: default
2019-10-19 01:14:16,814 [main] INFO  db.DBStoreBuilder (DBStoreBuilder.java:processTables(189)) - Using default column profile:DBProfile.DISK for Table:default
2019-10-19 01:14:16,814 [main] INFO  db.DBStoreBuilder (DBStoreBuilder.java:getDbProfile(220)) - Using default options. DBProfile.DISK
2019-10-19 01:14:16,927 [main] INFO  net.NodeSchemaLoader (NodeSchemaLoader.java:loadSchemaFromFile(125)) - Loading file from sun.misc.CompoundEnumeration@584ca390
2019-10-19 01:14:16,927 [main] INFO  net.NodeSchemaLoader (NodeSchemaLoader.java:loadSchema(171)) - Loading network topology layer schema file
2019-10-19 01:14:16,931 [main] INFO  node.SCMNodeManager (SCMNodeManager.java:<init>(116)) - Entering startup safe mode.
2019-10-19 01:14:16,932 [main] INFO  algorithms.ContainerPlacementPolicyFactory (ContainerPlacementPolicyFactory.java:getPolicy(57)) - Create container placement policy of type org.apache.hadoop.hdds.scm.container.placement.algorithms.SCMContainerPlacementRandom
2019-10-19 01:14:16,932 [main] WARN  server.ServerUtils (ServerUtils.java:getScmDbDir(145)) - ozone.scm.db.dirs is not configured. We recommend adding this setting. Falling back to ozone.metadata.dirs instead.
2019-10-19 01:14:16,967 [main] INFO  pipeline.SCMPipelineManager (SCMPipelineManager.java:initializePipelineState(132)) - No pipeline exists in current db
2019-10-19 01:14:16,967 [main] WARN  server.ServerUtils (ServerUtils.java:getScmDbDir(145)) - ozone.scm.db.dirs is not configured. We recommend adding this setting. Falling back to ozone.metadata.dirs instead.
2019-10-19 01:14:16,996 [main] WARN  events.EventQueue (EventQueue.java:fireEvent(183)) - No event handler registered for event TypedEvent{payloadType=SafeModeStatus, name='SafeModeStatus'}
2019-10-19 01:14:16,997 [main] INFO  ipc.CallQueueManager (CallQueueManager.java:<init>(84)) - Using callQueue: class java.util.concurrent.LinkedBlockingQueue, queueCapacity: 2000, scheduler: class org.apache.hadoop.ipc.DefaultRpcScheduler, ipcBackoff: false.
2019-10-19 01:14:16,997 [Socket Reader #1 for port 44729] INFO  ipc.Server (Server.java:run(1074)) - Starting Socket Reader #1 for port 44729
2019-10-19 01:14:16,999 [main] INFO  ipc.CallQueueManager (CallQueueManager.java:<init>(84)) - Using callQueue: class java.util.concurrent.LinkedBlockingQueue, queueCapacity: 2000, scheduler: class org.apache.hadoop.ipc.DefaultRpcScheduler, ipcBackoff: false.
2019-10-19 01:14:17,000 [Socket Reader #1 for port 35457] INFO  ipc.Server (Server.java:run(1074)) - Starting Socket Reader #1 for port 35457
2019-10-19 01:14:17,001 [main] INFO  ipc.CallQueueManager (CallQueueManager.java:<init>(84)) - Using callQueue: class java.util.concurrent.LinkedBlockingQueue, queueCapacity: 2000, scheduler: class org.apache.hadoop.ipc.DefaultRpcScheduler, ipcBackoff: false.
2019-10-19 01:14:17,002 [Socket Reader #1 for port 35803] INFO  ipc.Server (Server.java:run(1074)) - Starting Socket Reader #1 for port 35803
2019-10-19 01:14:17,004 [main] INFO  hdfs.DFSUtil (DFSUtil.java:httpServerTemplateForNNAndJN(1641)) - Starting Web-server for scm at: http://0.0.0.0:0
2019-10-19 01:14:17,006 [main] INFO  server.AuthenticationFilter (AuthenticationFilter.java:constructSecretProvider(240)) - Unable to initialize FileSignerSecretProvider, falling back to use random secrets.
2019-10-19 01:14:17,006 [main] WARN  http.HttpRequestLog (HttpRequestLog.java:getRequestLog(97)) - Jetty request log can only be enabled using Log4j
2019-10-19 01:14:17,008 [main] INFO  http.HttpServer2 (HttpServer2.java:addGlobalFilter(975)) - Added global filter 'safety' (class=org.apache.hadoop.http.HttpServer2$QuotingInputFilter)
2019-10-19 01:14:17,009 [main] INFO  http.HttpServer2 (HttpServer2.java:addFilter(948)) - Added filter static_user_filter (class=org.apache.hadoop.http.lib.StaticUserWebFilter$StaticUserFilter) to context scm
2019-10-19 01:14:17,009 [main] INFO  http.HttpServer2 (HttpServer2.java:addFilter(958)) - Added filter static_user_filter (class=org.apache.hadoop.http.lib.StaticUserWebFilter$StaticUserFilter) to context logs
2019-10-19 01:14:17,009 [main] INFO  http.HttpServer2 (HttpServer2.java:addFilter(958)) - Added filter static_user_filter (class=org.apache.hadoop.http.lib.StaticUserWebFilter$StaticUserFilter) to context static
2019-10-19 01:14:17,011 [main] INFO  server.StorageContainerManager (StorageContainerManager.java:start(772)) - StorageContainerLocationProtocol RPC server is listening at /0.0.0.0:35803
2019-10-19 01:14:17,014 [main] WARN  impl.MetricsConfig (MetricsConfig.java:loadFirst(134)) - Cannot locate configuration: tried hadoop-metrics2-storagecontainermanager.properties,hadoop-metrics2.properties
2019-10-19 01:14:17,014 [main] INFO  impl.MetricsSystemImpl (MetricsSystemImpl.java:startTimer(374)) - Scheduled Metric snapshot period at 10 second(s).
2019-10-19 01:14:17,015 [main] INFO  impl.MetricsSystemImpl (MetricsSystemImpl.java:start(191)) - StorageContainerManager metrics system started
2019-10-19 01:14:17,200 [main] WARN  impl.MetricsSystemImpl (MetricsSystemImpl.java:register(276)) - Sink prometheus already exists!
2019-10-19 01:14:17,285 [main] INFO  server.SCMClientProtocolServer (SCMClientProtocolServer.java:start(159)) - RPC server for Client  is listening at /0.0.0.0:35803
2019-10-19 01:14:17,286 [IPC Server listener on 35803] INFO  ipc.Server (Server.java:run(1153)) - IPC Server listener on 35803: starting
2019-10-19 01:14:17,286 [IPC Server Responder] INFO  ipc.Server (Server.java:run(1314)) - IPC Server Responder: starting
2019-10-19 01:14:17,289 [main] INFO  server.StorageContainerManager (StorageContainerManager.java:start(782)) - ScmBlockLocationProtocol RPC server is listening at /0.0.0.0:35457
2019-10-19 01:14:17,289 [main] INFO  server.SCMBlockProtocolServer (SCMBlockProtocolServer.java:start(146)) - RPC server for Block Protocol is listening at /0.0.0.0:35457
2019-10-19 01:14:17,289 [IPC Server Responder] INFO  ipc.Server (Server.java:run(1314)) - IPC Server Responder: starting
2019-10-19 01:14:17,289 [IPC Server listener on 35457] INFO  ipc.Server (Server.java:run(1153)) - IPC Server listener on 35457: starting
2019-10-19 01:14:17,293 [main] INFO  server.StorageContainerManager (StorageContainerManager.java:start(786)) - ScmDatanodeProtocl RPC server is listening at /0.0.0.0:44729
2019-10-19 01:14:17,293 [main] INFO  server.SCMDatanodeProtocolServer (SCMDatanodeProtocolServer.java:start(169)) - RPC server for DataNodes is listening at /0.0.0.0:44729
2019-10-19 01:14:17,294 [IPC Server Responder] INFO  ipc.Server (Server.java:run(1314)) - IPC Server Responder: starting
2019-10-19 01:14:17,295 [IPC Server listener on 44729] INFO  ipc.Server (Server.java:run(1153)) - IPC Server listener on 44729: starting
2019-10-19 01:14:17,298 [main] INFO  http.HttpServer2 (HttpServer2.java:bindListener(1191)) - Jetty bound to port 39463
2019-10-19 01:14:17,298 [main] INFO  server.Server (Server.java:doStart(351)) - jetty-9.3.25.v20180904, build timestamp: 2018-09-04T21:11:46Z, git hash: 3ce520221d0240229c862b122d2b06c12a625732
2019-10-19 01:14:17,300 [main] INFO  handler.ContextHandler (ContextHandler.java:doStart(781)) - Started o.e.j.s.ServletContextHandler@49c1e294{/logs,file:///workdir/hadoop-ozone/integration-test/target/log,AVAILABLE}
2019-10-19 01:14:17,300 [main] INFO  handler.ContextHandler (ContextHandler.java:doStart(781)) - Started o.e.j.s.ServletContextHandler@50e5032c{/static,file:///workdir/hadoop-ozone/integration-test/target/test-classes/webapps/static,AVAILABLE}
2019-10-19 01:14:17,304 [main] INFO  handler.ContextHandler (ContextHandler.java:doStart(781)) - Started o.e.j.w.WebAppContext@33e3bd2e{/,file:///workdir/hadoop-ozone/integration-test/target/test-classes/webapps/scm/,AVAILABLE}{/scm}
2019-10-19 01:14:17,304 [main] INFO  server.AbstractConnector (AbstractConnector.java:doStart(278)) - Started ServerConnector@646d810b{HTTP/1.1,[http/1.1]}{0.0.0.0:39463}
2019-10-19 01:14:17,305 [main] INFO  server.Server (Server.java:doStart(419)) - Started @212175ms
2019-10-19 01:14:17,305 [main] WARN  impl.MetricsSystemImpl (MetricsSystemImpl.java:register(276)) - Sink prometheus already exists!
2019-10-19 01:14:17,306 [main] INFO  server.BaseHttpServer (BaseHttpServer.java:updateConnectorAddress(215)) - HTTP server of SCM is listening at http://0.0.0.0:39463
2019-10-19 01:14:17,307 [main] WARN  server.ServerUtils (ServerUtils.java:getDBPath(222)) - ozone.om.db.dirs is not configured. We recommend adding this setting. Falling back to ozone.metadata.dirs instead.
2019-10-19 01:14:17,308 [org.apache.hadoop.util.JvmPauseMonitor$Monitor@9408857] INFO  util.JvmPauseMonitor (JvmPauseMonitor.java:run(188)) - Starting JVM pause monitor
2019-10-19 01:14:17,321 [main] INFO  ha.OMHANodeDetails (OMHANodeDetails.java:loadOMHAConfig(190)) - Configuration either no ozone.om.address set. Falling back to the default OM address /127.0.0.1:0
2019-10-19 01:14:17,321 [main] INFO  ha.OMHANodeDetails (OMHANodeDetails.java:getOMNodeDetails(220)) - OM Service ID is not set. Setting it to the default ID: omServiceIdDefault
2019-10-19 01:14:17,321 [main] WARN  server.ServerUtils (ServerUtils.java:getDBPath(222)) - ozone.om.db.dirs is not configured. We recommend adding this setting. Falling back to ozone.metadata.dirs instead.
2019-10-19 01:14:17,321 [main] WARN  server.ServerUtils (ServerUtils.java:getDBPath(222)) - ozone.om.db.dirs is not configured. We recommend adding this setting. Falling back to ozone.metadata.dirs instead.
2019-10-19 01:14:17,327 [main] WARN  server.ServerUtils (ServerUtils.java:getDBPath(222)) - ozone.om.db.dirs is not configured. We recommend adding this setting. Falling back to ozone.metadata.dirs instead.
2019-10-19 01:14:17,327 [main] INFO  db.DBStoreBuilder (DBStoreBuilder.java:addTable(127)) - using custom profile for table: userTable
2019-10-19 01:14:17,328 [main] INFO  db.DBStoreBuilder (DBStoreBuilder.java:processTables(183)) - Using default column profile:DBProfile.DISK for Table:userTable
2019-10-19 01:14:17,328 [main] INFO  db.DBStoreBuilder (DBStoreBuilder.java:addTable(127)) - using custom profile for table: volumeTable
2019-10-19 01:14:17,328 [main] INFO  db.DBStoreBuilder (DBStoreBuilder.java:processTables(183)) - Using default column profile:DBProfile.DISK for Table:volumeTable
2019-10-19 01:14:17,328 [main] INFO  db.DBStoreBuilder (DBStoreBuilder.java:addTable(127)) - using custom profile for table: bucketTable
2019-10-19 01:14:17,328 [main] INFO  db.DBStoreBuilder (DBStoreBuilder.java:processTables(183)) - Using default column profile:DBProfile.DISK for Table:bucketTable
2019-10-19 01:14:17,328 [main] INFO  db.DBStoreBuilder (DBStoreBuilder.java:addTable(127)) - using custom profile for table: keyTable
2019-10-19 01:14:17,328 [main] INFO  db.DBStoreBuilder (DBStoreBuilder.java:processTables(183)) - Using default column profile:DBProfile.DISK for Table:keyTable
2019-10-19 01:14:17,329 [main] INFO  db.DBStoreBuilder (DBStoreBuilder.java:addTable(127)) - using custom profile for table: deletedTable
2019-10-19 01:14:17,329 [main] INFO  db.DBStoreBuilder (DBStoreBuilder.java:processTables(183)) - Using default column profile:DBProfile.DISK for Table:deletedTable
2019-10-19 01:14:17,329 [main] INFO  db.DBStoreBuilder (DBStoreBuilder.java:addTable(127)) - using custom profile for table: openKeyTable
2019-10-19 01:14:17,329 [main] INFO  db.DBStoreBuilder (DBStoreBuilder.java:processTables(183)) - Using default column profile:DBProfile.DISK for Table:openKeyTable
2019-10-19 01:14:17,329 [main] INFO  db.DBStoreBuilder (DBStoreBuilder.java:addTable(127)) - using custom profile for table: s3Table
2019-10-19 01:14:17,329 [main] INFO  db.DBStoreBuilder (DBStoreBuilder.java:processTables(183)) - Using default column profile:DBProfile.DISK for Table:s3Table
2019-10-19 01:14:17,329 [main] INFO  db.DBStoreBuilder (DBStoreBuilder.java:addTable(127)) - using custom profile for table: multipartInfoTable
2019-10-19 01:14:17,330 [main] INFO  db.DBStoreBuilder (DBStoreBuilder.java:processTables(183)) - Using default column profile:DBProfile.DISK for Table:multipartInfoTable
2019-10-19 01:14:17,330 [main] INFO  db.DBStoreBuilder (DBStoreBuilder.java:addTable(127)) - using custom profile for table: dTokenTable
2019-10-19 01:14:17,330 [main] INFO  db.DBStoreBuilder (DBStoreBuilder.java:processTables(183)) - Using default column profile:DBProfile.DISK for Table:dTokenTable
2019-10-19 01:14:17,330 [main] INFO  db.DBStoreBuilder (DBStoreBuilder.java:addTable(127)) - using custom profile for table: s3SecretTable
2019-10-19 01:14:17,330 [main] INFO  db.DBStoreBuilder (DBStoreBuilder.java:processTables(183)) - Using default column profile:DBProfile.DISK for Table:s3SecretTable
2019-10-19 01:14:17,330 [main] INFO  db.DBStoreBuilder (DBStoreBuilder.java:addTable(127)) - using custom profile for table: prefixTable
2019-10-19 01:14:17,330 [main] INFO  db.DBStoreBuilder (DBStoreBuilder.java:processTables(183)) - Using default column profile:DBProfile.DISK for Table:prefixTable
2019-10-19 01:14:17,331 [main] INFO  db.DBStoreBuilder (DBStoreBuilder.java:addTable(127)) - using custom profile for table: default
2019-10-19 01:14:17,331 [main] INFO  db.DBStoreBuilder (DBStoreBuilder.java:processTables(189)) - Using default column profile:DBProfile.DISK for Table:default
2019-10-19 01:14:17,331 [main] INFO  db.DBStoreBuilder (DBStoreBuilder.java:getDbProfile(220)) - Using default options. DBProfile.DISK
2019-10-19 01:14:17,554 [main] INFO  ipc.CallQueueManager (CallQueueManager.java:<init>(84)) - Using callQueue: class java.util.concurrent.LinkedBlockingQueue, queueCapacity: 2000, scheduler: class org.apache.hadoop.ipc.DefaultRpcScheduler, ipcBackoff: false.
2019-10-19 01:14:17,555 [Socket Reader #1 for port 38457] INFO  ipc.Server (Server.java:run(1074)) - Starting Socket Reader #1 for port 38457
2019-10-19 01:14:17,567 [main] INFO  om.OzoneManager (OzoneManager.java:start(1074)) - OzoneManager RPC server is listening at localhost/127.0.0.1:38457
2019-10-19 01:14:17,567 [main] INFO  impl.MetricsSystemImpl (MetricsSystemImpl.java:init(158)) - OzoneManager metrics system started (again)
2019-10-19 01:14:17,568 [IPC Server Responder] INFO  ipc.Server (Server.java:run(1314)) - IPC Server Responder: starting
2019-10-19 01:14:17,569 [IPC Server listener on 38457] INFO  ipc.Server (Server.java:run(1153)) - IPC Server listener on 38457: starting
2019-10-19 01:14:17,575 [main] INFO  hdfs.DFSUtil (DFSUtil.java:httpServerTemplateForNNAndJN(1641)) - Starting Web-server for ozoneManager at: http://0.0.0.0:0
2019-10-19 01:14:17,576 [main] INFO  server.AuthenticationFilter (AuthenticationFilter.java:constructSecretProvider(240)) - Unable to initialize FileSignerSecretProvider, falling back to use random secrets.
2019-10-19 01:14:17,577 [main] WARN  http.HttpRequestLog (HttpRequestLog.java:getRequestLog(97)) - Jetty request log can only be enabled using Log4j
2019-10-19 01:14:17,579 [main] INFO  http.HttpServer2 (HttpServer2.java:addGlobalFilter(975)) - Added global filter 'safety' (class=org.apache.hadoop.http.HttpServer2$QuotingInputFilter)
2019-10-19 01:14:17,579 [main] INFO  http.HttpServer2 (HttpServer2.java:addFilter(948)) - Added filter static_user_filter (class=org.apache.hadoop.http.lib.StaticUserWebFilter$StaticUserFilter) to context ozoneManager
2019-10-19 01:14:17,579 [main] INFO  http.HttpServer2 (HttpServer2.java:addFilter(958)) - Added filter static_user_filter (class=org.apache.hadoop.http.lib.StaticUserWebFilter$StaticUserFilter) to context logs
2019-10-19 01:14:17,579 [main] INFO  http.HttpServer2 (HttpServer2.java:addFilter(958)) - Added filter static_user_filter (class=org.apache.hadoop.http.lib.StaticUserWebFilter$StaticUserFilter) to context static
2019-10-19 01:14:17,580 [main] INFO  http.HttpServer2 (HttpServer2.java:bindListener(1191)) - Jetty bound to port 45590
2019-10-19 01:14:17,580 [main] INFO  server.Server (Server.java:doStart(351)) - jetty-9.3.25.v20180904, build timestamp: 2018-09-04T21:11:46Z, git hash: 3ce520221d0240229c862b122d2b06c12a625732
2019-10-19 01:14:17,582 [main] INFO  handler.ContextHandler (ContextHandler.java:doStart(781)) - Started o.e.j.s.ServletContextHandler@56cfe6be{/logs,file:///workdir/hadoop-ozone/integration-test/target/log,AVAILABLE}
2019-10-19 01:14:17,583 [main] INFO  handler.ContextHandler (ContextHandler.java:doStart(781)) - Started o.e.j.s.ServletContextHandler@149aa7b2{/static,file:///workdir/hadoop-ozone/integration-test/target/test-classes/webapps/static,AVAILABLE}
2019-10-19 01:14:17,586 [main] INFO  handler.ContextHandler (ContextHandler.java:doStart(781)) - Started o.e.j.w.WebAppContext@79add732{/,file:///workdir/hadoop-ozone/integration-test/target/test-classes/webapps/ozoneManager/,AVAILABLE}{/ozoneManager}
2019-10-19 01:14:17,586 [main] INFO  server.AbstractConnector (AbstractConnector.java:doStart(278)) - Started ServerConnector@3be3e76c{HTTP/1.1,[http/1.1]}{0.0.0.0:45590}
2019-10-19 01:14:17,588 [main] INFO  server.Server (Server.java:doStart(419)) - Started @212457ms
2019-10-19 01:14:17,588 [main] WARN  impl.MetricsSystemImpl (MetricsSystemImpl.java:register(276)) - Sink prometheus already exists!
2019-10-19 01:14:17,589 [main] INFO  server.BaseHttpServer (BaseHttpServer.java:updateConnectorAddress(215)) - HTTP server of OZONEMANAGER is listening at http://0.0.0.0:45590
2019-10-19 01:14:17,612 [main] INFO  impl.MetricsSystemImpl (MetricsSystemImpl.java:init(158)) - HddsDatanode metrics system started (again)
2019-10-19 01:14:17,618 [main] INFO  ozone.HddsDatanodeService (HddsDatanodeService.java:start(184)) - HddsDatanodeService host:pr-hdds-2333-vzxj6-995506542 ip:192.168.69.71
2019-10-19 01:14:17,625 [main] INFO  volume.HddsVolume (HddsVolume.java:<init>(176)) - Creating Volume: /workdir/hadoop-ozone/integration-test/target/test-dir/MiniOzoneClusterImpl-2b25e22a-b484-4e93-9811-5f8cd4460e46/datanode-0/data/containers/hdds of  storage type : DISK and capacity : 1482555576320
2019-10-19 01:14:17,625 [main] INFO  volume.VolumeSet (VolumeSet.java:initializeVolumeSet(170)) - Added Volume : /workdir/hadoop-ozone/integration-test/target/test-dir/MiniOzoneClusterImpl-2b25e22a-b484-4e93-9811-5f8cd4460e46/datanode-0/data/containers/hdds to VolumeSet
2019-10-19 01:14:17,625 [main] INFO  volume.ThrottledAsyncChecker (ThrottledAsyncChecker.java:schedule(141)) - Scheduling a check for /workdir/hadoop-ozone/integration-test/target/test-dir/MiniOzoneClusterImpl-2b25e22a-b484-4e93-9811-5f8cd4460e46/datanode-0/data/containers/hdds
2019-10-19 01:14:17,626 [main] INFO  volume.HddsVolumeChecker (HddsVolumeChecker.java:checkAllVolumes(204)) - Scheduled health check for volume /workdir/hadoop-ozone/integration-test/target/test-dir/MiniOzoneClusterImpl-2b25e22a-b484-4e93-9811-5f8cd4460e46/datanode-0/data/containers/hdds
2019-10-19 01:14:17,642 [main] INFO  impl.RaftServerProxy (ConfUtils.java:logGet(43)) - raft.rpc.type = GRPC (default)
2019-10-19 01:14:17,643 [main] INFO  grpc.GrpcFactory (GrpcFactory.java:checkPooledByteBufAllocatorUseCacheForAllThreads(45)) - PERFORMANCE WARNING: useCacheForAllThreads is true that may cause Netty to create a lot garbage objects and, as a result, trigger GC.
	It is recommended to disable useCacheForAllThreads by setting -Dorg.apache.ratis.thirdparty.io.netty.allocator.useCacheForAllThreads=false in command line.
2019-10-19 01:14:17,643 [main] INFO  grpc.GrpcConfigKeys$Server (ConfUtils.java:logGet(43)) - raft.grpc.server.port = 0 (default)
2019-10-19 01:14:17,643 [main] INFO  server.GrpcService (ConfUtils.java:logGet(43)) - raft.grpc.message.size.max = 33570816 (custom)
2019-10-19 01:14:17,643 [main] INFO  server.RaftServerConfigKeys (ConfUtils.java:logGet(43)) - raft.server.log.appender.buffer.byte-limit = 33554432 (custom)
2019-10-19 01:14:17,643 [main] INFO  server.GrpcService (ConfUtils.java:logGet(43)) - raft.grpc.flow.control.window = 1MB (=1048576) (default)
2019-10-19 01:14:17,644 [main] INFO  server.RaftServerConfigKeys (ConfUtils.java:logGet(43)) - raft.server.rpc.request.timeout = 3000ms (default)
2019-10-19 01:14:17,644 [main] INFO  server.RaftServerConfigKeys (ConfUtils.java:logGet(43)) - raft.server.storage.dir = [/workdir/hadoop-ozone/integration-test/target/test-dir/MiniOzoneClusterImpl-2b25e22a-b484-4e93-9811-5f8cd4460e46/datanode-0/data/ratis] (custom)
2019-10-19 01:14:17,646 [main] INFO  hdfs.DFSUtil (DFSUtil.java:httpServerTemplateForNNAndJN(1641)) - Starting Web-server for hddsDatanode at: http://0.0.0.0:0
2019-10-19 01:14:17,647 [main] INFO  server.AuthenticationFilter (AuthenticationFilter.java:constructSecretProvider(240)) - Unable to initialize FileSignerSecretProvider, falling back to use random secrets.
2019-10-19 01:14:17,648 [main] WARN  http.HttpRequestLog (HttpRequestLog.java:getRequestLog(97)) - Jetty request log can only be enabled using Log4j
2019-10-19 01:14:17,649 [main] INFO  http.HttpServer2 (HttpServer2.java:addGlobalFilter(975)) - Added global filter 'safety' (class=org.apache.hadoop.http.HttpServer2$QuotingInputFilter)
2019-10-19 01:14:17,649 [main] INFO  http.HttpServer2 (HttpServer2.java:addFilter(948)) - Added filter static_user_filter (class=org.apache.hadoop.http.lib.StaticUserWebFilter$StaticUserFilter) to context hddsDatanode
2019-10-19 01:14:17,649 [main] INFO  http.HttpServer2 (HttpServer2.java:addFilter(958)) - Added filter static_user_filter (class=org.apache.hadoop.http.lib.StaticUserWebFilter$StaticUserFilter) to context logs
2019-10-19 01:14:17,649 [main] INFO  http.HttpServer2 (HttpServer2.java:addFilter(958)) - Added filter static_user_filter (class=org.apache.hadoop.http.lib.StaticUserWebFilter$StaticUserFilter) to context static
2019-10-19 01:14:17,650 [main] INFO  http.HttpServer2 (HttpServer2.java:bindListener(1191)) - Jetty bound to port 40039
2019-10-19 01:14:17,650 [main] INFO  server.Server (Server.java:doStart(351)) - jetty-9.3.25.v20180904, build timestamp: 2018-09-04T21:11:46Z, git hash: 3ce520221d0240229c862b122d2b06c12a625732
2019-10-19 01:14:17,651 [main] INFO  handler.ContextHandler (ContextHandler.java:doStart(781)) - Started o.e.j.s.ServletContextHandler@60deefed{/logs,file:///workdir/hadoop-ozone/integration-test/target/log,AVAILABLE}
2019-10-19 01:14:17,652 [main] INFO  handler.ContextHandler (ContextHandler.java:doStart(781)) - Started o.e.j.s.ServletContextHandler@31881aa2{/static,jar:file:/home/user/.m2/repository/org/apache/hadoop/hadoop-hdds-container-service/0.5.0-SNAPSHOT/hadoop-hdds-container-service-0.5.0-SNAPSHOT.jar!/webapps/static,AVAILABLE}
2019-10-19 01:14:17,679 [main] INFO  handler.ContextHandler (ContextHandler.java:doStart(781)) - Started o.e.j.w.WebAppContext@684ce74c{/,file:///tmp/jetty-0.0.0.0-40039-hddsDatanode-_-any-4160265662136761994.dir/webapp/,AVAILABLE}{/hddsDatanode}
2019-10-19 01:14:17,679 [main] INFO  server.AbstractConnector (AbstractConnector.java:doStart(278)) - Started ServerConnector@65593327{HTTP/1.1,[http/1.1]}{0.0.0.0:40039}
2019-10-19 01:14:17,680 [main] INFO  server.Server (Server.java:doStart(419)) - Started @212549ms
2019-10-19 01:14:17,681 [main] WARN  impl.MetricsSystemImpl (MetricsSystemImpl.java:register(276)) - Sink prometheus already exists!
2019-10-19 01:14:17,682 [main] INFO  server.BaseHttpServer (BaseHttpServer.java:updateConnectorAddress(215)) - HTTP server of HDDSDATANODE is listening at http://0.0.0.0:40039
2019-10-19 01:14:17,682 [main] INFO  impl.MetricsSystemImpl (MetricsSystemImpl.java:init(158)) - HddsDatanode metrics system started (again)
2019-10-19 01:14:17,689 [org.apache.hadoop.util.JvmPauseMonitor$Monitor@97b9939] INFO  util.JvmPauseMonitor (JvmPauseMonitor.java:run(188)) - Starting JVM pause monitor
2019-10-19 01:14:17,690 [main] INFO  ozone.HddsDatanodeService (HddsDatanodeService.java:start(184)) - HddsDatanodeService host:pr-hdds-2333-vzxj6-995506542 ip:192.168.69.71
2019-10-19 01:14:17,690 [Datanode State Machine Thread - 0] INFO  datanode.InitDatanodeState (InitDatanodeState.java:persistContainerDatanodeDetails(140)) - DatanodeDetails is persisted to /workdir/hadoop-ozone/integration-test/target/test-dir/MiniOzoneClusterImpl-2b25e22a-b484-4e93-9811-5f8cd4460e46/datanode-0/meta/datanode.id
2019-10-19 01:14:17,696 [main] INFO  volume.HddsVolume (HddsVolume.java:<init>(176)) - Creating Volume: /workdir/hadoop-ozone/integration-test/target/test-dir/MiniOzoneClusterImpl-2b25e22a-b484-4e93-9811-5f8cd4460e46/datanode-1/data/containers/hdds of  storage type : DISK and capacity : 1482555576320
2019-10-19 01:14:17,696 [main] INFO  volume.VolumeSet (VolumeSet.java:initializeVolumeSet(170)) - Added Volume : /workdir/hadoop-ozone/integration-test/target/test-dir/MiniOzoneClusterImpl-2b25e22a-b484-4e93-9811-5f8cd4460e46/datanode-1/data/containers/hdds to VolumeSet
2019-10-19 01:14:17,696 [main] INFO  volume.ThrottledAsyncChecker (ThrottledAsyncChecker.java:schedule(141)) - Scheduling a check for /workdir/hadoop-ozone/integration-test/target/test-dir/MiniOzoneClusterImpl-2b25e22a-b484-4e93-9811-5f8cd4460e46/datanode-1/data/containers/hdds
2019-10-19 01:14:17,697 [main] INFO  volume.HddsVolumeChecker (HddsVolumeChecker.java:checkAllVolumes(204)) - Scheduled health check for volume /workdir/hadoop-ozone/integration-test/target/test-dir/MiniOzoneClusterImpl-2b25e22a-b484-4e93-9811-5f8cd4460e46/datanode-1/data/containers/hdds
2019-10-19 01:14:17,708 [main] INFO  impl.RaftServerProxy (ConfUtils.java:logGet(43)) - raft.rpc.type = GRPC (default)
2019-10-19 01:14:17,708 [main] INFO  grpc.GrpcFactory (GrpcFactory.java:checkPooledByteBufAllocatorUseCacheForAllThreads(45)) - PERFORMANCE WARNING: useCacheForAllThreads is true that may cause Netty to create a lot garbage objects and, as a result, trigger GC.
	It is recommended to disable useCacheForAllThreads by setting -Dorg.apache.ratis.thirdparty.io.netty.allocator.useCacheForAllThreads=false in command line.
2019-10-19 01:14:17,708 [main] INFO  grpc.GrpcConfigKeys$Server (ConfUtils.java:logGet(43)) - raft.grpc.server.port = 0 (default)
2019-10-19 01:14:17,708 [main] INFO  server.GrpcService (ConfUtils.java:logGet(43)) - raft.grpc.message.size.max = 33570816 (custom)
2019-10-19 01:14:17,708 [main] INFO  server.RaftServerConfigKeys (ConfUtils.java:logGet(43)) - raft.server.log.appender.buffer.byte-limit = 33554432 (custom)
2019-10-19 01:14:17,708 [main] INFO  server.GrpcService (ConfUtils.java:logGet(43)) - raft.grpc.flow.control.window = 1MB (=1048576) (default)
2019-10-19 01:14:17,709 [main] INFO  server.RaftServerConfigKeys (ConfUtils.java:logGet(43)) - raft.server.rpc.request.timeout = 3000ms (default)
2019-10-19 01:14:17,709 [main] INFO  server.RaftServerConfigKeys (ConfUtils.java:logGet(43)) - raft.server.storage.dir = [/workdir/hadoop-ozone/integration-test/target/test-dir/MiniOzoneClusterImpl-2b25e22a-b484-4e93-9811-5f8cd4460e46/datanode-1/data/ratis] (custom)
2019-10-19 01:14:17,710 [main] INFO  hdfs.DFSUtil (DFSUtil.java:httpServerTemplateForNNAndJN(1641)) - Starting Web-server for hddsDatanode at: http://0.0.0.0:0
2019-10-19 01:14:17,712 [main] INFO  server.AuthenticationFilter (AuthenticationFilter.java:constructSecretProvider(240)) - Unable to initialize FileSignerSecretProvider, falling back to use random secrets.
2019-10-19 01:14:17,712 [main] WARN  http.HttpRequestLog (HttpRequestLog.java:getRequestLog(97)) - Jetty request log can only be enabled using Log4j
2019-10-19 01:14:17,713 [main] INFO  http.HttpServer2 (HttpServer2.java:addGlobalFilter(975)) - Added global filter 'safety' (class=org.apache.hadoop.http.HttpServer2$QuotingInputFilter)
2019-10-19 01:14:17,713 [main] INFO  http.HttpServer2 (HttpServer2.java:addFilter(948)) - Added filter static_user_filter (class=org.apache.hadoop.http.lib.StaticUserWebFilter$StaticUserFilter) to context hddsDatanode
2019-10-19 01:14:17,713 [main] INFO  http.HttpServer2 (HttpServer2.java:addFilter(958)) - Added filter static_user_filter (class=org.apache.hadoop.http.lib.StaticUserWebFilter$StaticUserFilter) to context static
2019-10-19 01:14:17,714 [main] INFO  http.HttpServer2 (HttpServer2.java:addFilter(958)) - Added filter static_user_filter (class=org.apache.hadoop.http.lib.StaticUserWebFilter$StaticUserFilter) to context logs
2019-10-19 01:14:17,714 [main] INFO  http.HttpServer2 (HttpServer2.java:bindListener(1191)) - Jetty bound to port 42594
2019-10-19 01:14:17,714 [main] INFO  server.Server (Server.java:doStart(351)) - jetty-9.3.25.v20180904, build timestamp: 2018-09-04T21:11:46Z, git hash: 3ce520221d0240229c862b122d2b06c12a625732
2019-10-19 01:14:17,716 [main] INFO  handler.ContextHandler (ContextHandler.java:doStart(781)) - Started o.e.j.s.ServletContextHandler@9d3d54e{/logs,file:///workdir/hadoop-ozone/integration-test/target/log,AVAILABLE}
2019-10-19 01:14:17,717 [main] INFO  handler.ContextHandler (ContextHandler.java:doStart(781)) - Started o.e.j.s.ServletContextHandler@333398f{/static,jar:file:/home/user/.m2/repository/org/apache/hadoop/hadoop-hdds-container-service/0.5.0-SNAPSHOT/hadoop-hdds-container-service-0.5.0-SNAPSHOT.jar!/webapps/static,AVAILABLE}
2019-10-19 01:14:17,756 [main] INFO  handler.ContextHandler (ContextHandler.java:doStart(781)) - Started o.e.j.w.WebAppContext@69f080ad{/,file:///tmp/jetty-0.0.0.0-42594-hddsDatanode-_-any-5412796167945631117.dir/webapp/,AVAILABLE}{/hddsDatanode}
2019-10-19 01:14:17,756 [main] INFO  server.AbstractConnector (AbstractConnector.java:doStart(278)) - Started ServerConnector@6568f998{HTTP/1.1,[http/1.1]}{0.0.0.0:42594}
2019-10-19 01:14:17,758 [main] INFO  server.Server (Server.java:doStart(419)) - Started @212627ms
2019-10-19 01:14:17,758 [main] WARN  impl.MetricsSystemImpl (MetricsSystemImpl.java:register(276)) - Sink prometheus already exists!
2019-10-19 01:14:17,759 [main] INFO  server.BaseHttpServer (BaseHttpServer.java:updateConnectorAddress(215)) - HTTP server of HDDSDATANODE is listening at http://0.0.0.0:42594
2019-10-19 01:14:17,759 [main] INFO  impl.MetricsSystemImpl (MetricsSystemImpl.java:init(158)) - HddsDatanode metrics system started (again)
2019-10-19 01:14:17,766 [org.apache.hadoop.util.JvmPauseMonitor$Monitor@1916bad1] INFO  util.JvmPauseMonitor (JvmPauseMonitor.java:run(188)) - Starting JVM pause monitor
2019-10-19 01:14:17,767 [Datanode State Machine Thread - 0] INFO  datanode.InitDatanodeState (InitDatanodeState.java:persistContainerDatanodeDetails(140)) - DatanodeDetails is persisted to /workdir/hadoop-ozone/integration-test/target/test-dir/MiniOzoneClusterImpl-2b25e22a-b484-4e93-9811-5f8cd4460e46/datanode-1/meta/datanode.id
2019-10-19 01:14:17,768 [main] INFO  ozone.HddsDatanodeService (HddsDatanodeService.java:start(184)) - HddsDatanodeService host:pr-hdds-2333-vzxj6-995506542 ip:192.168.69.71
2019-10-19 01:14:17,774 [main] INFO  volume.HddsVolume (HddsVolume.java:<init>(176)) - Creating Volume: /workdir/hadoop-ozone/integration-test/target/test-dir/MiniOzoneClusterImpl-2b25e22a-b484-4e93-9811-5f8cd4460e46/datanode-2/data/containers/hdds of  storage type : DISK and capacity : 1482555576320
2019-10-19 01:14:17,774 [main] INFO  volume.VolumeSet (VolumeSet.java:initializeVolumeSet(170)) - Added Volume : /workdir/hadoop-ozone/integration-test/target/test-dir/MiniOzoneClusterImpl-2b25e22a-b484-4e93-9811-5f8cd4460e46/datanode-2/data/containers/hdds to VolumeSet
2019-10-19 01:14:17,774 [main] INFO  volume.ThrottledAsyncChecker (ThrottledAsyncChecker.java:schedule(141)) - Scheduling a check for /workdir/hadoop-ozone/integration-test/target/test-dir/MiniOzoneClusterImpl-2b25e22a-b484-4e93-9811-5f8cd4460e46/datanode-2/data/containers/hdds
2019-10-19 01:14:17,774 [main] INFO  volume.HddsVolumeChecker (HddsVolumeChecker.java:checkAllVolumes(204)) - Scheduled health check for volume /workdir/hadoop-ozone/integration-test/target/test-dir/MiniOzoneClusterImpl-2b25e22a-b484-4e93-9811-5f8cd4460e46/datanode-2/data/containers/hdds
2019-10-19 01:14:17,787 [main] INFO  impl.RaftServerProxy (ConfUtils.java:logGet(43)) - raft.rpc.type = GRPC (default)
2019-10-19 01:14:17,787 [main] INFO  grpc.GrpcFactory (GrpcFactory.java:checkPooledByteBufAllocatorUseCacheForAllThreads(45)) - PERFORMANCE WARNING: useCacheForAllThreads is true that may cause Netty to create a lot garbage objects and, as a result, trigger GC.
	It is recommended to disable useCacheForAllThreads by setting -Dorg.apache.ratis.thirdparty.io.netty.allocator.useCacheForAllThreads=false in command line.
2019-10-19 01:14:17,788 [main] INFO  grpc.GrpcConfigKeys$Server (ConfUtils.java:logGet(43)) - raft.grpc.server.port = 0 (default)
2019-10-19 01:14:17,788 [main] INFO  server.GrpcService (ConfUtils.java:logGet(43)) - raft.grpc.message.size.max = 33570816 (custom)
2019-10-19 01:14:17,788 [main] INFO  server.RaftServerConfigKeys (ConfUtils.java:logGet(43)) - raft.server.log.appender.buffer.byte-limit = 33554432 (custom)
2019-10-19 01:14:17,788 [main] INFO  server.GrpcService (ConfUtils.java:logGet(43)) - raft.grpc.flow.control.window = 1MB (=1048576) (default)
2019-10-19 01:14:17,788 [main] INFO  server.RaftServerConfigKeys (ConfUtils.java:logGet(43)) - raft.server.rpc.request.timeout = 3000ms (default)
2019-10-19 01:14:17,789 [main] INFO  server.RaftServerConfigKeys (ConfUtils.java:logGet(43)) - raft.server.storage.dir = [/workdir/hadoop-ozone/integration-test/target/test-dir/MiniOzoneClusterImpl-2b25e22a-b484-4e93-9811-5f8cd4460e46/datanode-2/data/ratis] (custom)
2019-10-19 01:14:17,790 [main] INFO  hdfs.DFSUtil (DFSUtil.java:httpServerTemplateForNNAndJN(1641)) - Starting Web-server for hddsDatanode at: http://0.0.0.0:0
2019-10-19 01:14:17,791 [main] INFO  server.AuthenticationFilter (AuthenticationFilter.java:constructSecretProvider(240)) - Unable to initialize FileSignerSecretProvider, falling back to use random secrets.
2019-10-19 01:14:17,792 [main] WARN  http.HttpRequestLog (HttpRequestLog.java:getRequestLog(97)) - Jetty request log can only be enabled using Log4j
2019-10-19 01:14:17,793 [main] INFO  http.HttpServer2 (HttpServer2.java:addGlobalFilter(975)) - Added global filter 'safety' (class=org.apache.hadoop.http.HttpServer2$QuotingInputFilter)
2019-10-19 01:14:17,794 [main] INFO  http.HttpServer2 (HttpServer2.java:addFilter(948)) - Added filter static_user_filter (class=org.apache.hadoop.http.lib.StaticUserWebFilter$StaticUserFilter) to context hddsDatanode
2019-10-19 01:14:17,794 [main] INFO  http.HttpServer2 (HttpServer2.java:addFilter(958)) - Added filter static_user_filter (class=org.apache.hadoop.http.lib.StaticUserWebFilter$StaticUserFilter) to context static
2019-10-19 01:14:17,794 [main] INFO  http.HttpServer2 (HttpServer2.java:addFilter(958)) - Added filter static_user_filter (class=org.apache.hadoop.http.lib.StaticUserWebFilter$StaticUserFilter) to context logs
2019-10-19 01:14:17,795 [main] INFO  http.HttpServer2 (HttpServer2.java:bindListener(1191)) - Jetty bound to port 43390
2019-10-19 01:14:17,795 [main] INFO  server.Server (Server.java:doStart(351)) - jetty-9.3.25.v20180904, build timestamp: 2018-09-04T21:11:46Z, git hash: 3ce520221d0240229c862b122d2b06c12a625732
2019-10-19 01:14:17,796 [main] INFO  handler.ContextHandler (ContextHandler.java:doStart(781)) - Started o.e.j.s.ServletContextHandler@5f193335{/logs,file:///workdir/hadoop-ozone/integration-test/target/log,AVAILABLE}
2019-10-19 01:14:17,797 [main] INFO  handler.ContextHandler (ContextHandler.java:doStart(781)) - Started o.e.j.s.ServletContextHandler@1ec88aa1{/static,jar:file:/home/user/.m2/repository/org/apache/hadoop/hadoop-hdds-container-service/0.5.0-SNAPSHOT/hadoop-hdds-container-service-0.5.0-SNAPSHOT.jar!/webapps/static,AVAILABLE}
2019-10-19 01:14:17,825 [main] INFO  handler.ContextHandler (ContextHandler.java:doStart(781)) - Started o.e.j.w.WebAppContext@66451058{/,file:///tmp/jetty-0.0.0.0-43390-hddsDatanode-_-any-8793056769407719833.dir/webapp/,AVAILABLE}{/hddsDatanode}
2019-10-19 01:14:17,826 [main] INFO  server.AbstractConnector (AbstractConnector.java:doStart(278)) - Started ServerConnector@3db6dd52{HTTP/1.1,[http/1.1]}{0.0.0.0:43390}
2019-10-19 01:14:17,827 [main] INFO  server.Server (Server.java:doStart(419)) - Started @212697ms
2019-10-19 01:14:17,828 [main] WARN  impl.MetricsSystemImpl (MetricsSystemImpl.java:register(276)) - Sink prometheus already exists!
2019-10-19 01:14:17,829 [main] INFO  server.BaseHttpServer (BaseHttpServer.java:updateConnectorAddress(215)) - HTTP server of HDDSDATANODE is listening at http://0.0.0.0:43390
2019-10-19 01:14:17,829 [main] INFO  impl.MetricsSystemImpl (MetricsSystemImpl.java:init(158)) - HddsDatanode metrics system started (again)
2019-10-19 01:14:17,836 [org.apache.hadoop.util.JvmPauseMonitor$Monitor@2d4c17a2] INFO  util.JvmPauseMonitor (JvmPauseMonitor.java:run(188)) - Starting JVM pause monitor
2019-10-19 01:14:17,837 [main] INFO  ozone.HddsDatanodeService (HddsDatanodeService.java:start(184)) - HddsDatanodeService host:pr-hdds-2333-vzxj6-995506542 ip:192.168.69.71
2019-10-19 01:14:17,837 [Datanode State Machine Thread - 0] INFO  datanode.InitDatanodeState (InitDatanodeState.java:persistContainerDatanodeDetails(140)) - DatanodeDetails is persisted to /workdir/hadoop-ozone/integration-test/target/test-dir/MiniOzoneClusterImpl-2b25e22a-b484-4e93-9811-5f8cd4460e46/datanode-2/meta/datanode.id
2019-10-19 01:14:17,844 [main] INFO  volume.HddsVolume (HddsVolume.java:<init>(176)) - Creating Volume: /workdir/hadoop-ozone/integration-test/target/test-dir/MiniOzoneClusterImpl-2b25e22a-b484-4e93-9811-5f8cd4460e46/datanode-3/data/containers/hdds of  storage type : DISK and capacity : 1482555576320
2019-10-19 01:14:17,844 [main] INFO  volume.VolumeSet (VolumeSet.java:initializeVolumeSet(170)) - Added Volume : /workdir/hadoop-ozone/integration-test/target/test-dir/MiniOzoneClusterImpl-2b25e22a-b484-4e93-9811-5f8cd4460e46/datanode-3/data/containers/hdds to VolumeSet
2019-10-19 01:14:17,844 [main] INFO  volume.ThrottledAsyncChecker (ThrottledAsyncChecker.java:schedule(141)) - Scheduling a check for /workdir/hadoop-ozone/integration-test/target/test-dir/MiniOzoneClusterImpl-2b25e22a-b484-4e93-9811-5f8cd4460e46/datanode-3/data/containers/hdds
2019-10-19 01:14:17,845 [main] INFO  volume.HddsVolumeChecker (HddsVolumeChecker.java:checkAllVolumes(204)) - Scheduled health check for volume /workdir/hadoop-ozone/integration-test/target/test-dir/MiniOzoneClusterImpl-2b25e22a-b484-4e93-9811-5f8cd4460e46/datanode-3/data/containers/hdds
2019-10-19 01:14:17,859 [main] INFO  impl.RaftServerProxy (ConfUtils.java:logGet(43)) - raft.rpc.type = GRPC (default)
2019-10-19 01:14:17,859 [main] INFO  grpc.GrpcFactory (GrpcFactory.java:checkPooledByteBufAllocatorUseCacheForAllThreads(45)) - PERFORMANCE WARNING: useCacheForAllThreads is true that may cause Netty to create a lot garbage objects and, as a result, trigger GC.
	It is recommended to disable useCacheForAllThreads by setting -Dorg.apache.ratis.thirdparty.io.netty.allocator.useCacheForAllThreads=false in command line.
2019-10-19 01:14:17,859 [main] INFO  grpc.GrpcConfigKeys$Server (ConfUtils.java:logGet(43)) - raft.grpc.server.port = 0 (default)
2019-10-19 01:14:17,860 [main] INFO  server.GrpcService (ConfUtils.java:logGet(43)) - raft.grpc.message.size.max = 33570816 (custom)
2019-10-19 01:14:17,860 [main] INFO  server.RaftServerConfigKeys (ConfUtils.java:logGet(43)) - raft.server.log.appender.buffer.byte-limit = 33554432 (custom)
2019-10-19 01:14:17,860 [main] INFO  server.GrpcService (ConfUtils.java:logGet(43)) - raft.grpc.flow.control.window = 1MB (=1048576) (default)
2019-10-19 01:14:17,860 [main] INFO  server.RaftServerConfigKeys (ConfUtils.java:logGet(43)) - raft.server.rpc.request.timeout = 3000ms (default)
2019-10-19 01:14:17,861 [main] INFO  server.RaftServerConfigKeys (ConfUtils.java:logGet(43)) - raft.server.storage.dir = [/workdir/hadoop-ozone/integration-test/target/test-dir/MiniOzoneClusterImpl-2b25e22a-b484-4e93-9811-5f8cd4460e46/datanode-3/data/ratis] (custom)
2019-10-19 01:14:17,862 [main] INFO  hdfs.DFSUtil (DFSUtil.java:httpServerTemplateForNNAndJN(1641)) - Starting Web-server for hddsDatanode at: http://0.0.0.0:0
2019-10-19 01:14:17,864 [main] INFO  server.AuthenticationFilter (AuthenticationFilter.java:constructSecretProvider(240)) - Unable to initialize FileSignerSecretProvider, falling back to use random secrets.
2019-10-19 01:14:17,864 [main] WARN  http.HttpRequestLog (HttpRequestLog.java:getRequestLog(97)) - Jetty request log can only be enabled using Log4j
2019-10-19 01:14:17,865 [main] INFO  http.HttpServer2 (HttpServer2.java:addGlobalFilter(975)) - Added global filter 'safety' (class=org.apache.hadoop.http.HttpServer2$QuotingInputFilter)
2019-10-19 01:14:17,866 [main] INFO  http.HttpServer2 (HttpServer2.java:addFilter(948)) - Added filter static_user_filter (class=org.apache.hadoop.http.lib.StaticUserWebFilter$StaticUserFilter) to context hddsDatanode
2019-10-19 01:14:17,866 [main] INFO  http.HttpServer2 (HttpServer2.java:addFilter(958)) - Added filter static_user_filter (class=org.apache.hadoop.http.lib.StaticUserWebFilter$StaticUserFilter) to context static
2019-10-19 01:14:17,866 [main] INFO  http.HttpServer2 (HttpServer2.java:addFilter(958)) - Added filter static_user_filter (class=org.apache.hadoop.http.lib.StaticUserWebFilter$StaticUserFilter) to context logs
2019-10-19 01:14:17,867 [main] INFO  http.HttpServer2 (HttpServer2.java:bindListener(1191)) - Jetty bound to port 33370
2019-10-19 01:14:17,867 [main] INFO  server.Server (Server.java:doStart(351)) - jetty-9.3.25.v20180904, build timestamp: 2018-09-04T21:11:46Z, git hash: 3ce520221d0240229c862b122d2b06c12a625732
2019-10-19 01:14:17,868 [main] INFO  handler.ContextHandler (ContextHandler.java:doStart(781)) - Started o.e.j.s.ServletContextHandler@24197b13{/logs,file:///workdir/hadoop-ozone/integration-test/target/log,AVAILABLE}
2019-10-19 01:14:17,869 [main] INFO  handler.ContextHandler (ContextHandler.java:doStart(781)) - Started o.e.j.s.ServletContextHandler@2776fd8f{/static,jar:file:/home/user/.m2/repository/org/apache/hadoop/hadoop-hdds-container-service/0.5.0-SNAPSHOT/hadoop-hdds-container-service-0.5.0-SNAPSHOT.jar!/webapps/static,AVAILABLE}
2019-10-19 01:14:17,906 [main] INFO  handler.ContextHandler (ContextHandler.java:doStart(781)) - Started o.e.j.w.WebAppContext@3915e7c3{/,file:///tmp/jetty-0.0.0.0-33370-hddsDatanode-_-any-5653730651887850179.dir/webapp/,AVAILABLE}{/hddsDatanode}
2019-10-19 01:14:17,907 [main] INFO  server.AbstractConnector (AbstractConnector.java:doStart(278)) - Started ServerConnector@167a21b{HTTP/1.1,[http/1.1]}{0.0.0.0:33370}
2019-10-19 01:14:17,908 [main] INFO  server.Server (Server.java:doStart(419)) - Started @212777ms
2019-10-19 01:14:17,908 [main] WARN  impl.MetricsSystemImpl (MetricsSystemImpl.java:register(276)) - Sink prometheus already exists!
2019-10-19 01:14:17,909 [main] INFO  server.BaseHttpServer (BaseHttpServer.java:updateConnectorAddress(215)) - HTTP server of HDDSDATANODE is listening at http://0.0.0.0:33370
2019-10-19 01:14:17,909 [main] INFO  impl.MetricsSystemImpl (MetricsSystemImpl.java:init(158)) - HddsDatanode metrics system started (again)
2019-10-19 01:14:17,917 [org.apache.hadoop.util.JvmPauseMonitor$Monitor@1f63758f] INFO  util.JvmPauseMonitor (JvmPauseMonitor.java:run(188)) - Starting JVM pause monitor
2019-10-19 01:14:17,918 [main] INFO  ozone.HddsDatanodeService (HddsDatanodeService.java:start(184)) - HddsDatanodeService host:pr-hdds-2333-vzxj6-995506542 ip:192.168.69.71
2019-10-19 01:14:17,918 [Datanode State Machine Thread - 0] INFO  datanode.InitDatanodeState (InitDatanodeState.java:persistContainerDatanodeDetails(140)) - DatanodeDetails is persisted to /workdir/hadoop-ozone/integration-test/target/test-dir/MiniOzoneClusterImpl-2b25e22a-b484-4e93-9811-5f8cd4460e46/datanode-3/meta/datanode.id
2019-10-19 01:14:17,926 [main] INFO  volume.HddsVolume (HddsVolume.java:<init>(176)) - Creating Volume: /workdir/hadoop-ozone/integration-test/target/test-dir/MiniOzoneClusterImpl-2b25e22a-b484-4e93-9811-5f8cd4460e46/datanode-4/data/containers/hdds of  storage type : DISK and capacity : 1482555576320
2019-10-19 01:14:17,926 [main] INFO  volume.VolumeSet (VolumeSet.java:initializeVolumeSet(170)) - Added Volume : /workdir/hadoop-ozone/integration-test/target/test-dir/MiniOzoneClusterImpl-2b25e22a-b484-4e93-9811-5f8cd4460e46/datanode-4/data/containers/hdds to VolumeSet
2019-10-19 01:14:17,926 [main] INFO  volume.ThrottledAsyncChecker (ThrottledAsyncChecker.java:schedule(141)) - Scheduling a check for /workdir/hadoop-ozone/integration-test/target/test-dir/MiniOzoneClusterImpl-2b25e22a-b484-4e93-9811-5f8cd4460e46/datanode-4/data/containers/hdds
2019-10-19 01:14:17,927 [main] INFO  volume.HddsVolumeChecker (HddsVolumeChecker.java:checkAllVolumes(204)) - Scheduled health check for volume /workdir/hadoop-ozone/integration-test/target/test-dir/MiniOzoneClusterImpl-2b25e22a-b484-4e93-9811-5f8cd4460e46/datanode-4/data/containers/hdds
2019-10-19 01:14:17,944 [main] INFO  impl.RaftServerProxy (ConfUtils.java:logGet(43)) - raft.rpc.type = GRPC (default)
2019-10-19 01:14:17,944 [main] INFO  grpc.GrpcFactory (GrpcFactory.java:checkPooledByteBufAllocatorUseCacheForAllThreads(45)) - PERFORMANCE WARNING: useCacheForAllThreads is true that may cause Netty to create a lot garbage objects and, as a result, trigger GC.
	It is recommended to disable useCacheForAllThreads by setting -Dorg.apache.ratis.thirdparty.io.netty.allocator.useCacheForAllThreads=false in command line.
2019-10-19 01:14:17,945 [main] INFO  grpc.GrpcConfigKeys$Server (ConfUtils.java:logGet(43)) - raft.grpc.server.port = 0 (default)
2019-10-19 01:14:17,945 [main] INFO  server.GrpcService (ConfUtils.java:logGet(43)) - raft.grpc.message.size.max = 33570816 (custom)
2019-10-19 01:14:17,945 [main] INFO  server.RaftServerConfigKeys (ConfUtils.java:logGet(43)) - raft.server.log.appender.buffer.byte-limit = 33554432 (custom)
2019-10-19 01:14:17,945 [main] INFO  server.GrpcService (ConfUtils.java:logGet(43)) - raft.grpc.flow.control.window = 1MB (=1048576) (default)
2019-10-19 01:14:17,945 [main] INFO  server.RaftServerConfigKeys (ConfUtils.java:logGet(43)) - raft.server.rpc.request.timeout = 3000ms (default)
2019-10-19 01:14:17,946 [main] INFO  server.RaftServerConfigKeys (ConfUtils.java:logGet(43)) - raft.server.storage.dir = [/workdir/hadoop-ozone/integration-test/target/test-dir/MiniOzoneClusterImpl-2b25e22a-b484-4e93-9811-5f8cd4460e46/datanode-4/data/ratis] (custom)
2019-10-19 01:14:17,948 [main] INFO  hdfs.DFSUtil (DFSUtil.java:httpServerTemplateForNNAndJN(1641)) - Starting Web-server for hddsDatanode at: http://0.0.0.0:0
2019-10-19 01:14:17,949 [main] INFO  server.AuthenticationFilter (AuthenticationFilter.java:constructSecretProvider(240)) - Unable to initialize FileSignerSecretProvider, falling back to use random secrets.
2019-10-19 01:14:17,950 [main] WARN  http.HttpRequestLog (HttpRequestLog.java:getRequestLog(97)) - Jetty request log can only be enabled using Log4j
2019-10-19 01:14:17,951 [main] INFO  http.HttpServer2 (HttpServer2.java:addGlobalFilter(975)) - Added global filter 'safety' (class=org.apache.hadoop.http.HttpServer2$QuotingInputFilter)
2019-10-19 01:14:17,951 [main] INFO  http.HttpServer2 (HttpServer2.java:addFilter(948)) - Added filter static_user_filter (class=org.apache.hadoop.http.lib.StaticUserWebFilter$StaticUserFilter) to context hddsDatanode
2019-10-19 01:14:17,951 [main] INFO  http.HttpServer2 (HttpServer2.java:addFilter(958)) - Added filter static_user_filter (class=org.apache.hadoop.http.lib.StaticUserWebFilter$StaticUserFilter) to context logs
2019-10-19 01:14:17,951 [main] INFO  http.HttpServer2 (HttpServer2.java:addFilter(958)) - Added filter static_user_filter (class=org.apache.hadoop.http.lib.StaticUserWebFilter$StaticUserFilter) to context static
2019-10-19 01:14:17,952 [main] INFO  http.HttpServer2 (HttpServer2.java:bindListener(1191)) - Jetty bound to port 36620
2019-10-19 01:14:17,952 [main] INFO  server.Server (Server.java:doStart(351)) - jetty-9.3.25.v20180904, build timestamp: 2018-09-04T21:11:46Z, git hash: 3ce520221d0240229c862b122d2b06c12a625732
2019-10-19 01:14:17,953 [main] INFO  handler.ContextHandler (ContextHandler.java:doStart(781)) - Started o.e.j.s.ServletContextHandler@2e4eda17{/logs,file:///workdir/hadoop-ozone/integration-test/target/log,AVAILABLE}
2019-10-19 01:14:17,954 [main] INFO  handler.ContextHandler (ContextHandler.java:doStart(781)) - Started o.e.j.s.ServletContextHandler@6befbb12{/static,jar:file:/home/user/.m2/repository/org/apache/hadoop/hadoop-hdds-container-service/0.5.0-SNAPSHOT/hadoop-hdds-container-service-0.5.0-SNAPSHOT.jar!/webapps/static,AVAILABLE}
2019-10-19 01:14:17,989 [main] INFO  handler.ContextHandler (ContextHandler.java:doStart(781)) - Started o.e.j.w.WebAppContext@63f9ddf9{/,file:///tmp/jetty-0.0.0.0-36620-hddsDatanode-_-any-7782218300577923865.dir/webapp/,AVAILABLE}{/hddsDatanode}
2019-10-19 01:14:17,990 [main] INFO  server.AbstractConnector (AbstractConnector.java:doStart(278)) - Started ServerConnector@410fc508{HTTP/1.1,[http/1.1]}{0.0.0.0:36620}
2019-10-19 01:14:17,992 [main] INFO  server.Server (Server.java:doStart(419)) - Started @212861ms
2019-10-19 01:14:17,992 [main] WARN  impl.MetricsSystemImpl (MetricsSystemImpl.java:register(276)) - Sink prometheus already exists!
2019-10-19 01:14:17,993 [main] INFO  server.BaseHttpServer (BaseHttpServer.java:updateConnectorAddress(215)) - HTTP server of HDDSDATANODE is listening at http://0.0.0.0:36620
2019-10-19 01:14:17,993 [main] INFO  impl.MetricsSystemImpl (MetricsSystemImpl.java:init(158)) - HddsDatanode metrics system started (again)
2019-10-19 01:14:18,002 [org.apache.hadoop.util.JvmPauseMonitor$Monitor@c0f5f7a] INFO  util.JvmPauseMonitor (JvmPauseMonitor.java:run(188)) - Starting JVM pause monitor
2019-10-19 01:14:18,002 [main] INFO  ozone.HddsDatanodeService (HddsDatanodeService.java:start(184)) - HddsDatanodeService host:pr-hdds-2333-vzxj6-995506542 ip:192.168.69.71
2019-10-19 01:14:18,003 [Datanode State Machine Thread - 0] INFO  datanode.InitDatanodeState (InitDatanodeState.java:persistContainerDatanodeDetails(140)) - DatanodeDetails is persisted to /workdir/hadoop-ozone/integration-test/target/test-dir/MiniOzoneClusterImpl-2b25e22a-b484-4e93-9811-5f8cd4460e46/datanode-4/meta/datanode.id
2019-10-19 01:14:18,011 [main] INFO  volume.HddsVolume (HddsVolume.java:<init>(176)) - Creating Volume: /workdir/hadoop-ozone/integration-test/target/test-dir/MiniOzoneClusterImpl-2b25e22a-b484-4e93-9811-5f8cd4460e46/datanode-5/data/containers/hdds of  storage type : DISK and capacity : 1482555576320
2019-10-19 01:14:18,011 [main] INFO  volume.VolumeSet (VolumeSet.java:initializeVolumeSet(170)) - Added Volume : /workdir/hadoop-ozone/integration-test/target/test-dir/MiniOzoneClusterImpl-2b25e22a-b484-4e93-9811-5f8cd4460e46/datanode-5/data/containers/hdds to VolumeSet
2019-10-19 01:14:18,011 [main] INFO  volume.ThrottledAsyncChecker (ThrottledAsyncChecker.java:schedule(141)) - Scheduling a check for /workdir/hadoop-ozone/integration-test/target/test-dir/MiniOzoneClusterImpl-2b25e22a-b484-4e93-9811-5f8cd4460e46/datanode-5/data/containers/hdds
2019-10-19 01:14:18,012 [main] INFO  volume.HddsVolumeChecker (HddsVolumeChecker.java:checkAllVolumes(204)) - Scheduled health check for volume /workdir/hadoop-ozone/integration-test/target/test-dir/MiniOzoneClusterImpl-2b25e22a-b484-4e93-9811-5f8cd4460e46/datanode-5/data/containers/hdds
2019-10-19 01:14:18,025 [main] INFO  impl.RaftServerProxy (ConfUtils.java:logGet(43)) - raft.rpc.type = GRPC (default)
2019-10-19 01:14:18,025 [main] INFO  grpc.GrpcFactory (GrpcFactory.java:checkPooledByteBufAllocatorUseCacheForAllThreads(45)) - PERFORMANCE WARNING: useCacheForAllThreads is true that may cause Netty to create a lot garbage objects and, as a result, trigger GC.
	It is recommended to disable useCacheForAllThreads by setting -Dorg.apache.ratis.thirdparty.io.netty.allocator.useCacheForAllThreads=false in command line.
2019-10-19 01:14:18,025 [main] INFO  grpc.GrpcConfigKeys$Server (ConfUtils.java:logGet(43)) - raft.grpc.server.port = 0 (default)
2019-10-19 01:14:18,025 [main] INFO  server.GrpcService (ConfUtils.java:logGet(43)) - raft.grpc.message.size.max = 33570816 (custom)
2019-10-19 01:14:18,025 [main] INFO  server.RaftServerConfigKeys (ConfUtils.java:logGet(43)) - raft.server.log.appender.buffer.byte-limit = 33554432 (custom)
2019-10-19 01:14:18,025 [main] INFO  server.GrpcService (ConfUtils.java:logGet(43)) - raft.grpc.flow.control.window = 1MB (=1048576) (default)
2019-10-19 01:14:18,026 [main] INFO  server.RaftServerConfigKeys (ConfUtils.java:logGet(43)) - raft.server.rpc.request.timeout = 3000ms (default)
2019-10-19 01:14:18,026 [main] INFO  server.RaftServerConfigKeys (ConfUtils.java:logGet(43)) - raft.server.storage.dir = [/workdir/hadoop-ozone/integration-test/target/test-dir/MiniOzoneClusterImpl-2b25e22a-b484-4e93-9811-5f8cd4460e46/datanode-5/data/ratis] (custom)
2019-10-19 01:14:18,027 [main] INFO  hdfs.DFSUtil (DFSUtil.java:httpServerTemplateForNNAndJN(1641)) - Starting Web-server for hddsDatanode at: http://0.0.0.0:0
2019-10-19 01:14:18,029 [main] INFO  server.AuthenticationFilter (AuthenticationFilter.java:constructSecretProvider(240)) - Unable to initialize FileSignerSecretProvider, falling back to use random secrets.
2019-10-19 01:14:18,029 [main] WARN  http.HttpRequestLog (HttpRequestLog.java:getRequestLog(97)) - Jetty request log can only be enabled using Log4j
2019-10-19 01:14:18,030 [main] INFO  http.HttpServer2 (HttpServer2.java:addGlobalFilter(975)) - Added global filter 'safety' (class=org.apache.hadoop.http.HttpServer2$QuotingInputFilter)
2019-10-19 01:14:18,030 [main] INFO  http.HttpServer2 (HttpServer2.java:addFilter(948)) - Added filter static_user_filter (class=org.apache.hadoop.http.lib.StaticUserWebFilter$StaticUserFilter) to context hddsDatanode
2019-10-19 01:14:18,030 [main] INFO  http.HttpServer2 (HttpServer2.java:addFilter(958)) - Added filter static_user_filter (class=org.apache.hadoop.http.lib.StaticUserWebFilter$StaticUserFilter) to context logs
2019-10-19 01:14:18,030 [main] INFO  http.HttpServer2 (HttpServer2.java:addFilter(958)) - Added filter static_user_filter (class=org.apache.hadoop.http.lib.StaticUserWebFilter$StaticUserFilter) to context static
2019-10-19 01:14:18,031 [main] INFO  http.HttpServer2 (HttpServer2.java:bindListener(1191)) - Jetty bound to port 46324
2019-10-19 01:14:18,031 [main] INFO  server.Server (Server.java:doStart(351)) - jetty-9.3.25.v20180904, build timestamp: 2018-09-04T21:11:46Z, git hash: 3ce520221d0240229c862b122d2b06c12a625732
2019-10-19 01:14:18,032 [main] INFO  handler.ContextHandler (ContextHandler.java:doStart(781)) - Started o.e.j.s.ServletContextHandler@424f02b8{/logs,file:///workdir/hadoop-ozone/integration-test/target/log,AVAILABLE}
2019-10-19 01:14:18,032 [main] INFO  handler.ContextHandler (ContextHandler.java:doStart(781)) - Started o.e.j.s.ServletContextHandler@3cc3f13e{/static,jar:file:/home/user/.m2/repository/org/apache/hadoop/hadoop-hdds-container-service/0.5.0-SNAPSHOT/hadoop-hdds-container-service-0.5.0-SNAPSHOT.jar!/webapps/static,AVAILABLE}
2019-10-19 01:14:18,060 [main] INFO  handler.ContextHandler (ContextHandler.java:doStart(781)) - Started o.e.j.w.WebAppContext@37d699a1{/,file:///tmp/jetty-0.0.0.0-46324-hddsDatanode-_-any-8145924128614160889.dir/webapp/,AVAILABLE}{/hddsDatanode}
2019-10-19 01:14:18,061 [main] INFO  server.AbstractConnector (AbstractConnector.java:doStart(278)) - Started ServerConnector@7f42b194{HTTP/1.1,[http/1.1]}{0.0.0.0:46324}
2019-10-19 01:14:18,063 [main] INFO  server.Server (Server.java:doStart(419)) - Started @212933ms
2019-10-19 01:14:18,063 [main] WARN  impl.MetricsSystemImpl (MetricsSystemImpl.java:register(276)) - Sink prometheus already exists!
2019-10-19 01:14:18,064 [main] INFO  server.BaseHttpServer (BaseHttpServer.java:updateConnectorAddress(215)) - HTTP server of HDDSDATANODE is listening at http://0.0.0.0:46324
2019-10-19 01:14:18,064 [main] INFO  impl.MetricsSystemImpl (MetricsSystemImpl.java:init(158)) - HddsDatanode metrics system started (again)
2019-10-19 01:14:18,073 [org.apache.hadoop.util.JvmPauseMonitor$Monitor@ea2f813] INFO  util.JvmPauseMonitor (JvmPauseMonitor.java:run(188)) - Starting JVM pause monitor
2019-10-19 01:14:18,073 [main] INFO  ozone.HddsDatanodeService (HddsDatanodeService.java:start(184)) - HddsDatanodeService host:pr-hdds-2333-vzxj6-995506542 ip:192.168.69.71
2019-10-19 01:14:18,074 [Datanode State Machine Thread - 0] INFO  datanode.InitDatanodeState (InitDatanodeState.java:persistContainerDatanodeDetails(140)) - DatanodeDetails is persisted to /workdir/hadoop-ozone/integration-test/target/test-dir/MiniOzoneClusterImpl-2b25e22a-b484-4e93-9811-5f8cd4460e46/datanode-5/meta/datanode.id
2019-10-19 01:14:18,081 [main] INFO  volume.HddsVolume (HddsVolume.java:<init>(176)) - Creating Volume: /workdir/hadoop-ozone/integration-test/target/test-dir/MiniOzoneClusterImpl-2b25e22a-b484-4e93-9811-5f8cd4460e46/datanode-6/data/containers/hdds of  storage type : DISK and capacity : 1482555576320
2019-10-19 01:14:18,081 [main] INFO  volume.VolumeSet (VolumeSet.java:initializeVolumeSet(170)) - Added Volume : /workdir/hadoop-ozone/integration-test/target/test-dir/MiniOzoneClusterImpl-2b25e22a-b484-4e93-9811-5f8cd4460e46/datanode-6/data/containers/hdds to VolumeSet
2019-10-19 01:14:18,081 [main] INFO  volume.ThrottledAsyncChecker (ThrottledAsyncChecker.java:schedule(141)) - Scheduling a check for /workdir/hadoop-ozone/integration-test/target/test-dir/MiniOzoneClusterImpl-2b25e22a-b484-4e93-9811-5f8cd4460e46/datanode-6/data/containers/hdds
2019-10-19 01:14:18,082 [main] INFO  volume.HddsVolumeChecker (HddsVolumeChecker.java:checkAllVolumes(204)) - Scheduled health check for volume /workdir/hadoop-ozone/integration-test/target/test-dir/MiniOzoneClusterImpl-2b25e22a-b484-4e93-9811-5f8cd4460e46/datanode-6/data/containers/hdds
2019-10-19 01:14:18,092 [main] INFO  impl.RaftServerProxy (ConfUtils.java:logGet(43)) - raft.rpc.type = GRPC (default)
2019-10-19 01:14:18,092 [main] INFO  grpc.GrpcFactory (GrpcFactory.java:checkPooledByteBufAllocatorUseCacheForAllThreads(45)) - PERFORMANCE WARNING: useCacheForAllThreads is true that may cause Netty to create a lot garbage objects and, as a result, trigger GC.
	It is recommended to disable useCacheForAllThreads by setting -Dorg.apache.ratis.thirdparty.io.netty.allocator.useCacheForAllThreads=false in command line.
2019-10-19 01:14:18,092 [main] INFO  grpc.GrpcConfigKeys$Server (ConfUtils.java:logGet(43)) - raft.grpc.server.port = 0 (default)
2019-10-19 01:14:18,092 [main] INFO  server.GrpcService (ConfUtils.java:logGet(43)) - raft.grpc.message.size.max = 33570816 (custom)
2019-10-19 01:14:18,092 [main] INFO  server.RaftServerConfigKeys (ConfUtils.java:logGet(43)) - raft.server.log.appender.buffer.byte-limit = 33554432 (custom)
2019-10-19 01:14:18,093 [main] INFO  server.GrpcService (ConfUtils.java:logGet(43)) - raft.grpc.flow.control.window = 1MB (=1048576) (default)
2019-10-19 01:14:18,093 [main] INFO  server.RaftServerConfigKeys (ConfUtils.java:logGet(43)) - raft.server.rpc.request.timeout = 3000ms (default)
2019-10-19 01:14:18,093 [main] INFO  server.RaftServerConfigKeys (ConfUtils.java:logGet(43)) - raft.server.storage.dir = [/workdir/hadoop-ozone/integration-test/target/test-dir/MiniOzoneClusterImpl-2b25e22a-b484-4e93-9811-5f8cd4460e46/datanode-6/data/ratis] (custom)
2019-10-19 01:14:18,095 [main] INFO  hdfs.DFSUtil (DFSUtil.java:httpServerTemplateForNNAndJN(1641)) - Starting Web-server for hddsDatanode at: http://0.0.0.0:0
2019-10-19 01:14:18,096 [main] INFO  server.AuthenticationFilter (AuthenticationFilter.java:constructSecretProvider(240)) - Unable to initialize FileSignerSecretProvider, falling back to use random secrets.
2019-10-19 01:14:18,096 [main] WARN  http.HttpRequestLog (HttpRequestLog.java:getRequestLog(97)) - Jetty request log can only be enabled using Log4j
2019-10-19 01:14:18,098 [main] INFO  http.HttpServer2 (HttpServer2.java:addGlobalFilter(975)) - Added global filter 'safety' (class=org.apache.hadoop.http.HttpServer2$QuotingInputFilter)
2019-10-19 01:14:18,098 [main] INFO  http.HttpServer2 (HttpServer2.java:addFilter(948)) - Added filter static_user_filter (class=org.apache.hadoop.http.lib.StaticUserWebFilter$StaticUserFilter) to context hddsDatanode
2019-10-19 01:14:18,099 [main] INFO  http.HttpServer2 (HttpServer2.java:addFilter(958)) - Added filter static_user_filter (class=org.apache.hadoop.http.lib.StaticUserWebFilter$StaticUserFilter) to context static
2019-10-19 01:14:18,099 [main] INFO  http.HttpServer2 (HttpServer2.java:addFilter(958)) - Added filter static_user_filter (class=org.apache.hadoop.http.lib.StaticUserWebFilter$StaticUserFilter) to context logs
2019-10-19 01:14:18,099 [main] INFO  http.HttpServer2 (HttpServer2.java:bindListener(1191)) - Jetty bound to port 33726
2019-10-19 01:14:18,100 [main] INFO  server.Server (Server.java:doStart(351)) - jetty-9.3.25.v20180904, build timestamp: 2018-09-04T21:11:46Z, git hash: 3ce520221d0240229c862b122d2b06c12a625732
2019-10-19 01:14:18,101 [main] INFO  handler.ContextHandler (ContextHandler.java:doStart(781)) - Started o.e.j.s.ServletContextHandler@733f1395{/logs,file:///workdir/hadoop-ozone/integration-test/target/log,AVAILABLE}
2019-10-19 01:14:18,101 [main] INFO  handler.ContextHandler (ContextHandler.java:doStart(781)) - Started o.e.j.s.ServletContextHandler@7772d266{/static,jar:file:/home/user/.m2/repository/org/apache/hadoop/hadoop-hdds-container-service/0.5.0-SNAPSHOT/hadoop-hdds-container-service-0.5.0-SNAPSHOT.jar!/webapps/static,AVAILABLE}
2019-10-19 01:14:18,136 [main] INFO  handler.ContextHandler (ContextHandler.java:doStart(781)) - Started o.e.j.w.WebAppContext@1ab53860{/,file:///tmp/jetty-0.0.0.0-33726-hddsDatanode-_-any-8755926063191451810.dir/webapp/,AVAILABLE}{/hddsDatanode}
2019-10-19 01:14:18,136 [main] INFO  server.AbstractConnector (AbstractConnector.java:doStart(278)) - Started ServerConnector@7b5ac347{HTTP/1.1,[http/1.1]}{0.0.0.0:33726}
2019-10-19 01:14:18,139 [main] INFO  server.Server (Server.java:doStart(419)) - Started @213008ms
2019-10-19 01:14:18,139 [main] WARN  impl.MetricsSystemImpl (MetricsSystemImpl.java:register(276)) - Sink prometheus already exists!
2019-10-19 01:14:18,140 [main] INFO  server.BaseHttpServer (BaseHttpServer.java:updateConnectorAddress(215)) - HTTP server of HDDSDATANODE is listening at http://0.0.0.0:33726
2019-10-19 01:14:18,140 [main] INFO  impl.MetricsSystemImpl (MetricsSystemImpl.java:init(158)) - HddsDatanode metrics system started (again)
2019-10-19 01:14:18,150 [org.apache.hadoop.util.JvmPauseMonitor$Monitor@66bdf661] INFO  util.JvmPauseMonitor (JvmPauseMonitor.java:run(188)) - Starting JVM pause monitor
2019-10-19 01:14:18,151 [Datanode State Machine Thread - 0] INFO  datanode.InitDatanodeState (InitDatanodeState.java:persistContainerDatanodeDetails(140)) - DatanodeDetails is persisted to /workdir/hadoop-ozone/integration-test/target/test-dir/MiniOzoneClusterImpl-2b25e22a-b484-4e93-9811-5f8cd4460e46/datanode-6/meta/datanode.id
2019-10-19 01:14:18,152 [main] INFO  ozone.HddsDatanodeService (HddsDatanodeService.java:start(184)) - HddsDatanodeService host:pr-hdds-2333-vzxj6-995506542 ip:192.168.69.71
2019-10-19 01:14:18,159 [main] INFO  volume.HddsVolume (HddsVolume.java:<init>(176)) - Creating Volume: /workdir/hadoop-ozone/integration-test/target/test-dir/MiniOzoneClusterImpl-2b25e22a-b484-4e93-9811-5f8cd4460e46/datanode-7/data/containers/hdds of  storage type : DISK and capacity : 1482555576320
2019-10-19 01:14:18,159 [main] INFO  volume.VolumeSet (VolumeSet.java:initializeVolumeSet(170)) - Added Volume : /workdir/hadoop-ozone/integration-test/target/test-dir/MiniOzoneClusterImpl-2b25e22a-b484-4e93-9811-5f8cd4460e46/datanode-7/data/containers/hdds to VolumeSet
2019-10-19 01:14:18,160 [main] INFO  volume.ThrottledAsyncChecker (ThrottledAsyncChecker.java:schedule(141)) - Scheduling a check for /workdir/hadoop-ozone/integration-test/target/test-dir/MiniOzoneClusterImpl-2b25e22a-b484-4e93-9811-5f8cd4460e46/datanode-7/data/containers/hdds
2019-10-19 01:14:18,160 [main] INFO  volume.HddsVolumeChecker (HddsVolumeChecker.java:checkAllVolumes(204)) - Scheduled health check for volume /workdir/hadoop-ozone/integration-test/target/test-dir/MiniOzoneClusterImpl-2b25e22a-b484-4e93-9811-5f8cd4460e46/datanode-7/data/containers/hdds
2019-10-19 01:14:18,175 [main] INFO  impl.RaftServerProxy (ConfUtils.java:logGet(43)) - raft.rpc.type = GRPC (default)
2019-10-19 01:14:18,175 [main] INFO  grpc.GrpcFactory (GrpcFactory.java:checkPooledByteBufAllocatorUseCacheForAllThreads(45)) - PERFORMANCE WARNING: useCacheForAllThreads is true that may cause Netty to create a lot garbage objects and, as a result, trigger GC.
	It is recommended to disable useCacheForAllThreads by setting -Dorg.apache.ratis.thirdparty.io.netty.allocator.useCacheForAllThreads=false in command line.
2019-10-19 01:14:18,175 [main] INFO  grpc.GrpcConfigKeys$Server (ConfUtils.java:logGet(43)) - raft.grpc.server.port = 0 (default)
2019-10-19 01:14:18,175 [main] INFO  server.GrpcService (ConfUtils.java:logGet(43)) - raft.grpc.message.size.max = 33570816 (custom)
2019-10-19 01:14:18,176 [main] INFO  server.RaftServerConfigKeys (ConfUtils.java:logGet(43)) - raft.server.log.appender.buffer.byte-limit = 33554432 (custom)
2019-10-19 01:14:18,176 [main] INFO  server.GrpcService (ConfUtils.java:logGet(43)) - raft.grpc.flow.control.window = 1MB (=1048576) (default)
2019-10-19 01:14:18,176 [main] INFO  server.RaftServerConfigKeys (ConfUtils.java:logGet(43)) - raft.server.rpc.request.timeout = 3000ms (default)
2019-10-19 01:14:18,176 [main] INFO  server.RaftServerConfigKeys (ConfUtils.java:logGet(43)) - raft.server.storage.dir = [/workdir/hadoop-ozone/integration-test/target/test-dir/MiniOzoneClusterImpl-2b25e22a-b484-4e93-9811-5f8cd4460e46/datanode-7/data/ratis] (custom)
2019-10-19 01:14:18,178 [main] INFO  hdfs.DFSUtil (DFSUtil.java:httpServerTemplateForNNAndJN(1641)) - Starting Web-server for hddsDatanode at: http://0.0.0.0:0
2019-10-19 01:14:18,180 [main] INFO  server.AuthenticationFilter (AuthenticationFilter.java:constructSecretProvider(240)) - Unable to initialize FileSignerSecretProvider, falling back to use random secrets.
2019-10-19 01:14:18,180 [main] WARN  http.HttpRequestLog (HttpRequestLog.java:getRequestLog(97)) - Jetty request log can only be enabled using Log4j
2019-10-19 01:14:18,181 [main] INFO  http.HttpServer2 (HttpServer2.java:addGlobalFilter(975)) - Added global filter 'safety' (class=org.apache.hadoop.http.HttpServer2$QuotingInputFilter)
2019-10-19 01:14:18,182 [main] INFO  http.HttpServer2 (HttpServer2.java:addFilter(948)) - Added filter static_user_filter (class=org.apache.hadoop.http.lib.StaticUserWebFilter$StaticUserFilter) to context hddsDatanode
2019-10-19 01:14:18,182 [main] INFO  http.HttpServer2 (HttpServer2.java:addFilter(958)) - Added filter static_user_filter (class=org.apache.hadoop.http.lib.StaticUserWebFilter$StaticUserFilter) to context logs
2019-10-19 01:14:18,182 [main] INFO  http.HttpServer2 (HttpServer2.java:addFilter(958)) - Added filter static_user_filter (class=org.apache.hadoop.http.lib.StaticUserWebFilter$StaticUserFilter) to context static
2019-10-19 01:14:18,183 [main] INFO  http.HttpServer2 (HttpServer2.java:bindListener(1191)) - Jetty bound to port 35230
2019-10-19 01:14:18,183 [main] INFO  server.Server (Server.java:doStart(351)) - jetty-9.3.25.v20180904, build timestamp: 2018-09-04T21:11:46Z, git hash: 3ce520221d0240229c862b122d2b06c12a625732
2019-10-19 01:14:18,185 [main] INFO  handler.ContextHandler (ContextHandler.java:doStart(781)) - Started o.e.j.s.ServletContextHandler@6b5c134e{/logs,file:///workdir/hadoop-ozone/integration-test/target/log,AVAILABLE}
2019-10-19 01:14:18,185 [main] INFO  handler.ContextHandler (ContextHandler.java:doStart(781)) - Started o.e.j.s.ServletContextHandler@35c8be21{/static,jar:file:/home/user/.m2/repository/org/apache/hadoop/hadoop-hdds-container-service/0.5.0-SNAPSHOT/hadoop-hdds-container-service-0.5.0-SNAPSHOT.jar!/webapps/static,AVAILABLE}
2019-10-19 01:14:18,221 [main] INFO  handler.ContextHandler (ContextHandler.java:doStart(781)) - Started o.e.j.w.WebAppContext@4b4a2fa8{/,file:///tmp/jetty-0.0.0.0-35230-hddsDatanode-_-any-4529681606241902505.dir/webapp/,AVAILABLE}{/hddsDatanode}
2019-10-19 01:14:18,221 [main] INFO  server.AbstractConnector (AbstractConnector.java:doStart(278)) - Started ServerConnector@5da6b13d{HTTP/1.1,[http/1.1]}{0.0.0.0:35230}
2019-10-19 01:14:18,221 [main] INFO  server.Server (Server.java:doStart(419)) - Started @213091ms
2019-10-19 01:14:18,224 [main] WARN  impl.MetricsSystemImpl (MetricsSystemImpl.java:register(276)) - Sink prometheus already exists!
2019-10-19 01:14:18,225 [main] INFO  server.BaseHttpServer (BaseHttpServer.java:updateConnectorAddress(215)) - HTTP server of HDDSDATANODE is listening at http://0.0.0.0:35230
2019-10-19 01:14:18,225 [main] INFO  impl.MetricsSystemImpl (MetricsSystemImpl.java:init(158)) - HddsDatanode metrics system started (again)
2019-10-19 01:14:18,234 [org.apache.hadoop.util.JvmPauseMonitor$Monitor@6d1d029e] INFO  util.JvmPauseMonitor (JvmPauseMonitor.java:run(188)) - Starting JVM pause monitor
2019-10-19 01:14:18,235 [main] INFO  ozone.HddsDatanodeService (HddsDatanodeService.java:start(184)) - HddsDatanodeService host:pr-hdds-2333-vzxj6-995506542 ip:192.168.69.71
2019-10-19 01:14:18,235 [Datanode State Machine Thread - 0] INFO  datanode.InitDatanodeState (InitDatanodeState.java:persistContainerDatanodeDetails(140)) - DatanodeDetails is persisted to /workdir/hadoop-ozone/integration-test/target/test-dir/MiniOzoneClusterImpl-2b25e22a-b484-4e93-9811-5f8cd4460e46/datanode-7/meta/datanode.id
2019-10-19 01:14:18,242 [main] INFO  volume.HddsVolume (HddsVolume.java:<init>(176)) - Creating Volume: /workdir/hadoop-ozone/integration-test/target/test-dir/MiniOzoneClusterImpl-2b25e22a-b484-4e93-9811-5f8cd4460e46/datanode-8/data/containers/hdds of  storage type : DISK and capacity : 1482555576320
2019-10-19 01:14:18,242 [main] INFO  volume.VolumeSet (VolumeSet.java:initializeVolumeSet(170)) - Added Volume : /workdir/hadoop-ozone/integration-test/target/test-dir/MiniOzoneClusterImpl-2b25e22a-b484-4e93-9811-5f8cd4460e46/datanode-8/data/containers/hdds to VolumeSet
2019-10-19 01:14:18,242 [main] INFO  volume.ThrottledAsyncChecker (ThrottledAsyncChecker.java:schedule(141)) - Scheduling a check for /workdir/hadoop-ozone/integration-test/target/test-dir/MiniOzoneClusterImpl-2b25e22a-b484-4e93-9811-5f8cd4460e46/datanode-8/data/containers/hdds
2019-10-19 01:14:18,243 [main] INFO  volume.HddsVolumeChecker (HddsVolumeChecker.java:checkAllVolumes(204)) - Scheduled health check for volume /workdir/hadoop-ozone/integration-test/target/test-dir/MiniOzoneClusterImpl-2b25e22a-b484-4e93-9811-5f8cd4460e46/datanode-8/data/containers/hdds
2019-10-19 01:14:18,257 [main] INFO  impl.RaftServerProxy (ConfUtils.java:logGet(43)) - raft.rpc.type = GRPC (default)
2019-10-19 01:14:18,258 [main] INFO  grpc.GrpcFactory (GrpcFactory.java:checkPooledByteBufAllocatorUseCacheForAllThreads(45)) - PERFORMANCE WARNING: useCacheForAllThreads is true that may cause Netty to create a lot garbage objects and, as a result, trigger GC.
	It is recommended to disable useCacheForAllThreads by setting -Dorg.apache.ratis.thirdparty.io.netty.allocator.useCacheForAllThreads=false in command line.
2019-10-19 01:14:18,258 [main] INFO  grpc.GrpcConfigKeys$Server (ConfUtils.java:logGet(43)) - raft.grpc.server.port = 0 (default)
2019-10-19 01:14:18,258 [main] INFO  server.GrpcService (ConfUtils.java:logGet(43)) - raft.grpc.message.size.max = 33570816 (custom)
2019-10-19 01:14:18,258 [main] INFO  server.RaftServerConfigKeys (ConfUtils.java:logGet(43)) - raft.server.log.appender.buffer.byte-limit = 33554432 (custom)
2019-10-19 01:14:18,258 [main] INFO  server.GrpcService (ConfUtils.java:logGet(43)) - raft.grpc.flow.control.window = 1MB (=1048576) (default)
2019-10-19 01:14:18,258 [main] INFO  server.RaftServerConfigKeys (ConfUtils.java:logGet(43)) - raft.server.rpc.request.timeout = 3000ms (default)
2019-10-19 01:14:18,259 [main] INFO  server.RaftServerConfigKeys (ConfUtils.java:logGet(43)) - raft.server.storage.dir = [/workdir/hadoop-ozone/integration-test/target/test-dir/MiniOzoneClusterImpl-2b25e22a-b484-4e93-9811-5f8cd4460e46/datanode-8/data/ratis] (custom)
2019-10-19 01:14:18,260 [main] INFO  hdfs.DFSUtil (DFSUtil.java:httpServerTemplateForNNAndJN(1641)) - Starting Web-server for hddsDatanode at: http://0.0.0.0:0
2019-10-19 01:14:18,261 [main] INFO  server.AuthenticationFilter (AuthenticationFilter.java:constructSecretProvider(240)) - Unable to initialize FileSignerSecretProvider, falling back to use random secrets.
2019-10-19 01:14:18,262 [main] WARN  http.HttpRequestLog (HttpRequestLog.java:getRequestLog(97)) - Jetty request log can only be enabled using Log4j
2019-10-19 01:14:18,263 [main] INFO  http.HttpServer2 (HttpServer2.java:addGlobalFilter(975)) - Added global filter 'safety' (class=org.apache.hadoop.http.HttpServer2$QuotingInputFilter)
2019-10-19 01:14:18,263 [main] INFO  http.HttpServer2 (HttpServer2.java:addFilter(948)) - Added filter static_user_filter (class=org.apache.hadoop.http.lib.StaticUserWebFilter$StaticUserFilter) to context hddsDatanode
2019-10-19 01:14:18,263 [main] INFO  http.HttpServer2 (HttpServer2.java:addFilter(958)) - Added filter static_user_filter (class=org.apache.hadoop.http.lib.StaticUserWebFilter$StaticUserFilter) to context logs
2019-10-19 01:14:18,263 [main] INFO  http.HttpServer2 (HttpServer2.java:addFilter(958)) - Added filter static_user_filter (class=org.apache.hadoop.http.lib.StaticUserWebFilter$StaticUserFilter) to context static
2019-10-19 01:14:18,264 [main] INFO  http.HttpServer2 (HttpServer2.java:bindListener(1191)) - Jetty bound to port 36656
2019-10-19 01:14:18,264 [main] INFO  server.Server (Server.java:doStart(351)) - jetty-9.3.25.v20180904, build timestamp: 2018-09-04T21:11:46Z, git hash: 3ce520221d0240229c862b122d2b06c12a625732
2019-10-19 01:14:18,265 [main] INFO  handler.ContextHandler (ContextHandler.java:doStart(781)) - Started o.e.j.s.ServletContextHandler@30159886{/logs,file:///workdir/hadoop-ozone/integration-test/target/log,AVAILABLE}
2019-10-19 01:14:18,266 [main] INFO  handler.ContextHandler (ContextHandler.java:doStart(781)) - Started o.e.j.s.ServletContextHandler@50f4b83d{/static,jar:file:/home/user/.m2/repository/org/apache/hadoop/hadoop-hdds-container-service/0.5.0-SNAPSHOT/hadoop-hdds-container-service-0.5.0-SNAPSHOT.jar!/webapps/static,AVAILABLE}
2019-10-19 01:14:18,294 [main] INFO  handler.ContextHandler (ContextHandler.java:doStart(781)) - Started o.e.j.w.WebAppContext@5f56424d{/,file:///tmp/jetty-0.0.0.0-36656-hddsDatanode-_-any-7134326349179293934.dir/webapp/,AVAILABLE}{/hddsDatanode}
2019-10-19 01:14:18,294 [main] INFO  server.AbstractConnector (AbstractConnector.java:doStart(278)) - Started ServerConnector@237b2852{HTTP/1.1,[http/1.1]}{0.0.0.0:36656}
2019-10-19 01:14:18,296 [main] INFO  server.Server (Server.java:doStart(419)) - Started @213165ms
2019-10-19 01:14:18,296 [main] WARN  impl.MetricsSystemImpl (MetricsSystemImpl.java:register(276)) - Sink prometheus already exists!
2019-10-19 01:14:18,297 [main] INFO  server.BaseHttpServer (BaseHttpServer.java:updateConnectorAddress(215)) - HTTP server of HDDSDATANODE is listening at http://0.0.0.0:36656
2019-10-19 01:14:18,297 [main] INFO  impl.MetricsSystemImpl (MetricsSystemImpl.java:init(158)) - HddsDatanode metrics system started (again)
2019-10-19 01:14:18,307 [org.apache.hadoop.util.JvmPauseMonitor$Monitor@5a4c48e7] INFO  util.JvmPauseMonitor (JvmPauseMonitor.java:run(188)) - Starting JVM pause monitor
2019-10-19 01:14:18,307 [main] INFO  ozone.HddsDatanodeService (HddsDatanodeService.java:start(184)) - HddsDatanodeService host:pr-hdds-2333-vzxj6-995506542 ip:192.168.69.71
2019-10-19 01:14:18,308 [Datanode State Machine Thread - 0] INFO  datanode.InitDatanodeState (InitDatanodeState.java:persistContainerDatanodeDetails(140)) - DatanodeDetails is persisted to /workdir/hadoop-ozone/integration-test/target/test-dir/MiniOzoneClusterImpl-2b25e22a-b484-4e93-9811-5f8cd4460e46/datanode-8/meta/datanode.id
2019-10-19 01:14:18,314 [main] INFO  volume.HddsVolume (HddsVolume.java:<init>(176)) - Creating Volume: /workdir/hadoop-ozone/integration-test/target/test-dir/MiniOzoneClusterImpl-2b25e22a-b484-4e93-9811-5f8cd4460e46/datanode-9/data/containers/hdds of  storage type : DISK and capacity : 1482555576320
2019-10-19 01:14:18,314 [main] INFO  volume.VolumeSet (VolumeSet.java:initializeVolumeSet(170)) - Added Volume : /workdir/hadoop-ozone/integration-test/target/test-dir/MiniOzoneClusterImpl-2b25e22a-b484-4e93-9811-5f8cd4460e46/datanode-9/data/containers/hdds to VolumeSet
2019-10-19 01:14:18,315 [main] INFO  volume.ThrottledAsyncChecker (ThrottledAsyncChecker.java:schedule(141)) - Scheduling a check for /workdir/hadoop-ozone/integration-test/target/test-dir/MiniOzoneClusterImpl-2b25e22a-b484-4e93-9811-5f8cd4460e46/datanode-9/data/containers/hdds
2019-10-19 01:14:18,315 [main] INFO  volume.HddsVolumeChecker (HddsVolumeChecker.java:checkAllVolumes(204)) - Scheduled health check for volume /workdir/hadoop-ozone/integration-test/target/test-dir/MiniOzoneClusterImpl-2b25e22a-b484-4e93-9811-5f8cd4460e46/datanode-9/data/containers/hdds
2019-10-19 01:14:18,326 [main] INFO  impl.RaftServerProxy (ConfUtils.java:logGet(43)) - raft.rpc.type = GRPC (default)
2019-10-19 01:14:18,326 [main] INFO  grpc.GrpcFactory (GrpcFactory.java:checkPooledByteBufAllocatorUseCacheForAllThreads(45)) - PERFORMANCE WARNING: useCacheForAllThreads is true that may cause Netty to create a lot garbage objects and, as a result, trigger GC.
	It is recommended to disable useCacheForAllThreads by setting -Dorg.apache.ratis.thirdparty.io.netty.allocator.useCacheForAllThreads=false in command line.
2019-10-19 01:14:18,327 [main] INFO  grpc.GrpcConfigKeys$Server (ConfUtils.java:logGet(43)) - raft.grpc.server.port = 0 (default)
2019-10-19 01:14:18,327 [main] INFO  server.GrpcService (ConfUtils.java:logGet(43)) - raft.grpc.message.size.max = 33570816 (custom)
2019-10-19 01:14:18,327 [main] INFO  server.RaftServerConfigKeys (ConfUtils.java:logGet(43)) - raft.server.log.appender.buffer.byte-limit = 33554432 (custom)
2019-10-19 01:14:18,327 [main] INFO  server.GrpcService (ConfUtils.java:logGet(43)) - raft.grpc.flow.control.window = 1MB (=1048576) (default)
2019-10-19 01:14:18,327 [main] INFO  server.RaftServerConfigKeys (ConfUtils.java:logGet(43)) - raft.server.rpc.request.timeout = 3000ms (default)
2019-10-19 01:14:18,328 [main] INFO  server.RaftServerConfigKeys (ConfUtils.java:logGet(43)) - raft.server.storage.dir = [/workdir/hadoop-ozone/integration-test/target/test-dir/MiniOzoneClusterImpl-2b25e22a-b484-4e93-9811-5f8cd4460e46/datanode-9/data/ratis] (custom)
2019-10-19 01:14:18,330 [main] INFO  hdfs.DFSUtil (DFSUtil.java:httpServerTemplateForNNAndJN(1641)) - Starting Web-server for hddsDatanode at: http://0.0.0.0:0
2019-10-19 01:14:18,331 [main] INFO  server.AuthenticationFilter (AuthenticationFilter.java:constructSecretProvider(240)) - Unable to initialize FileSignerSecretProvider, falling back to use random secrets.
2019-10-19 01:14:18,331 [main] WARN  http.HttpRequestLog (HttpRequestLog.java:getRequestLog(97)) - Jetty request log can only be enabled using Log4j
2019-10-19 01:14:18,332 [main] INFO  http.HttpServer2 (HttpServer2.java:addGlobalFilter(975)) - Added global filter 'safety' (class=org.apache.hadoop.http.HttpServer2$QuotingInputFilter)
2019-10-19 01:14:18,333 [main] INFO  http.HttpServer2 (HttpServer2.java:addFilter(948)) - Added filter static_user_filter (class=org.apache.hadoop.http.lib.StaticUserWebFilter$StaticUserFilter) to context hddsDatanode
2019-10-19 01:14:18,333 [main] INFO  http.HttpServer2 (HttpServer2.java:addFilter(958)) - Added filter static_user_filter (class=org.apache.hadoop.http.lib.StaticUserWebFilter$StaticUserFilter) to context logs
2019-10-19 01:14:18,333 [main] INFO  http.HttpServer2 (HttpServer2.java:addFilter(958)) - Added filter static_user_filter (class=org.apache.hadoop.http.lib.StaticUserWebFilter$StaticUserFilter) to context static
2019-10-19 01:14:18,334 [main] INFO  http.HttpServer2 (HttpServer2.java:bindListener(1191)) - Jetty bound to port 33922
2019-10-19 01:14:18,334 [main] INFO  server.Server (Server.java:doStart(351)) - jetty-9.3.25.v20180904, build timestamp: 2018-09-04T21:11:46Z, git hash: 3ce520221d0240229c862b122d2b06c12a625732
2019-10-19 01:14:18,335 [main] INFO  handler.ContextHandler (ContextHandler.java:doStart(781)) - Started o.e.j.s.ServletContextHandler@3719360c{/logs,file:///workdir/hadoop-ozone/integration-test/target/log,AVAILABLE}
2019-10-19 01:14:18,336 [main] INFO  handler.ContextHandler (ContextHandler.java:doStart(781)) - Started o.e.j.s.ServletContextHandler@3855d9b2{/static,jar:file:/home/user/.m2/repository/org/apache/hadoop/hadoop-hdds-container-service/0.5.0-SNAPSHOT/hadoop-hdds-container-service-0.5.0-SNAPSHOT.jar!/webapps/static,AVAILABLE}
2019-10-19 01:14:18,371 [main] INFO  handler.ContextHandler (ContextHandler.java:doStart(781)) - Started o.e.j.w.WebAppContext@13ca16bf{/,file:///tmp/jetty-0.0.0.0-33922-hddsDatanode-_-any-3556649128700553453.dir/webapp/,AVAILABLE}{/hddsDatanode}
2019-10-19 01:14:18,371 [main] INFO  server.AbstractConnector (AbstractConnector.java:doStart(278)) - Started ServerConnector@5be4be74{HTTP/1.1,[http/1.1]}{0.0.0.0:33922}
2019-10-19 01:14:18,373 [main] INFO  server.Server (Server.java:doStart(419)) - Started @213242ms
2019-10-19 01:14:18,373 [main] WARN  impl.MetricsSystemImpl (MetricsSystemImpl.java:register(276)) - Sink prometheus already exists!
2019-10-19 01:14:18,374 [main] INFO  server.BaseHttpServer (BaseHttpServer.java:updateConnectorAddress(215)) - HTTP server of HDDSDATANODE is listening at http://0.0.0.0:33922
2019-10-19 01:14:18,374 [main] INFO  ozone.MiniOzoneClusterImpl (MiniOzoneClusterImpl.java:lambda$waitForClusterToBeReady$0(147)) - Waiting for cluster to be ready. Got 0 of 10 DN Heartbeats.
2019-10-19 01:14:18,375 [org.apache.hadoop.util.JvmPauseMonitor$Monitor@15ddb20b] INFO  util.JvmPauseMonitor (JvmPauseMonitor.java:run(188)) - Starting JVM pause monitor
2019-10-19 01:14:18,376 [Datanode State Machine Thread - 0] INFO  datanode.InitDatanodeState (InitDatanodeState.java:persistContainerDatanodeDetails(140)) - DatanodeDetails is persisted to /workdir/hadoop-ozone/integration-test/target/test-dir/MiniOzoneClusterImpl-2b25e22a-b484-4e93-9811-5f8cd4460e46/datanode-9/meta/datanode.id
2019-10-19 01:14:19,375 [main] INFO  ozone.MiniOzoneClusterImpl (MiniOzoneClusterImpl.java:lambda$waitForClusterToBeReady$0(147)) - Waiting for cluster to be ready. Got 0 of 10 DN Heartbeats.
2019-10-19 01:14:19,713 [Datanode State Machine Thread - 0] INFO  ozoneimpl.OzoneContainer (OzoneContainer.java:start(213)) - Attempting to start container services.
2019-10-19 01:14:19,713 [Datanode State Machine Thread - 0] INFO  ozoneimpl.OzoneContainer (OzoneContainer.java:startContainerScrub(177)) - Background container scanner has been disabled.
2019-10-19 01:14:19,713 [Datanode State Machine Thread - 0] INFO  ratis.XceiverServerRatis (XceiverServerRatis.java:start(418)) - Starting XceiverServerRatis 88be3607-7667-471c-9070-7dfd13eb5ac8 at port 0
2019-10-19 01:14:19,721 [Datanode State Machine Thread - 0] INFO  impl.RaftServerProxy (RaftServerProxy.java:lambda$start$3(299)) - 88be3607-7667-471c-9070-7dfd13eb5ac8: start RPC server
2019-10-19 01:14:19,723 [Datanode State Machine Thread - 0] INFO  server.GrpcService (GrpcService.java:startImpl(158)) - 88be3607-7667-471c-9070-7dfd13eb5ac8: GrpcService started, listening on 0.0.0.0/0.0.0.0:32925
2019-10-19 01:14:19,723 [Datanode State Machine Thread - 0] INFO  ratis.XceiverServerRatis (XceiverServerRatis.java:start(428)) - XceiverServerRatis 88be3607-7667-471c-9070-7dfd13eb5ac8 is started using port 32925
2019-10-19 01:14:19,724 [Datanode State Machine Thread - 0] INFO  server.XceiverServerGrpc (XceiverServerGrpc.java:start(149)) - XceiverServerGrpc 88be3607-7667-471c-9070-7dfd13eb5ac8 is started using port 42535
2019-10-19 01:14:19,780 [Datanode State Machine Thread - 0] INFO  ozoneimpl.OzoneContainer (OzoneContainer.java:start(213)) - Attempting to start container services.
2019-10-19 01:14:19,780 [Datanode State Machine Thread - 0] INFO  ozoneimpl.OzoneContainer (OzoneContainer.java:startContainerScrub(177)) - Background container scanner has been disabled.
2019-10-19 01:14:19,780 [Datanode State Machine Thread - 0] INFO  ratis.XceiverServerRatis (XceiverServerRatis.java:start(418)) - Starting XceiverServerRatis 61d0b7dc-5f8b-422f-8693-c58167224d24 at port 0
2019-10-19 01:14:19,785 [Datanode State Machine Thread - 0] INFO  impl.RaftServerProxy (RaftServerProxy.java:lambda$start$3(299)) - 61d0b7dc-5f8b-422f-8693-c58167224d24: start RPC server
2019-10-19 01:14:19,786 [Datanode State Machine Thread - 0] INFO  server.GrpcService (GrpcService.java:startImpl(158)) - 61d0b7dc-5f8b-422f-8693-c58167224d24: GrpcService started, listening on 0.0.0.0/0.0.0.0:43479
2019-10-19 01:14:19,786 [Datanode State Machine Thread - 0] INFO  ratis.XceiverServerRatis (XceiverServerRatis.java:start(428)) - XceiverServerRatis 61d0b7dc-5f8b-422f-8693-c58167224d24 is started using port 43479
2019-10-19 01:14:19,786 [Datanode State Machine Thread - 0] INFO  server.XceiverServerGrpc (XceiverServerGrpc.java:start(149)) - XceiverServerGrpc 61d0b7dc-5f8b-422f-8693-c58167224d24 is started using port 44785
2019-10-19 01:14:19,850 [Datanode State Machine Thread - 0] INFO  ozoneimpl.OzoneContainer (OzoneContainer.java:start(213)) - Attempting to start container services.
2019-10-19 01:14:19,850 [Datanode State Machine Thread - 0] INFO  ozoneimpl.OzoneContainer (OzoneContainer.java:startContainerScrub(177)) - Background container scanner has been disabled.
2019-10-19 01:14:19,850 [Datanode State Machine Thread - 0] INFO  ratis.XceiverServerRatis (XceiverServerRatis.java:start(418)) - Starting XceiverServerRatis 9c2d914d-67b1-4af9-8080-4d6ee007b506 at port 0
2019-10-19 01:14:19,854 [Datanode State Machine Thread - 0] INFO  impl.RaftServerProxy (RaftServerProxy.java:lambda$start$3(299)) - 9c2d914d-67b1-4af9-8080-4d6ee007b506: start RPC server
2019-10-19 01:14:19,855 [Datanode State Machine Thread - 0] INFO  server.GrpcService (GrpcService.java:startImpl(158)) - 9c2d914d-67b1-4af9-8080-4d6ee007b506: GrpcService started, listening on 0.0.0.0/0.0.0.0:35462
2019-10-19 01:14:19,855 [Datanode State Machine Thread - 0] INFO  ratis.XceiverServerRatis (XceiverServerRatis.java:start(428)) - XceiverServerRatis 9c2d914d-67b1-4af9-8080-4d6ee007b506 is started using port 35462
2019-10-19 01:14:19,863 [Datanode State Machine Thread - 0] INFO  server.XceiverServerGrpc (XceiverServerGrpc.java:start(149)) - XceiverServerGrpc 9c2d914d-67b1-4af9-8080-4d6ee007b506 is started using port 42193
2019-10-19 01:14:19,931 [Datanode State Machine Thread - 0] INFO  ozoneimpl.OzoneContainer (OzoneContainer.java:start(213)) - Attempting to start container services.
2019-10-19 01:14:19,931 [Datanode State Machine Thread - 0] INFO  ozoneimpl.OzoneContainer (OzoneContainer.java:startContainerScrub(177)) - Background container scanner has been disabled.
2019-10-19 01:14:19,932 [Datanode State Machine Thread - 0] INFO  ratis.XceiverServerRatis (XceiverServerRatis.java:start(418)) - Starting XceiverServerRatis 481c33f5-8212-4ec9-a494-633b8160f9c0 at port 0
2019-10-19 01:14:19,936 [Datanode State Machine Thread - 0] INFO  impl.RaftServerProxy (RaftServerProxy.java:lambda$start$3(299)) - 481c33f5-8212-4ec9-a494-633b8160f9c0: start RPC server
2019-10-19 01:14:19,937 [Datanode State Machine Thread - 0] INFO  server.GrpcService (GrpcService.java:startImpl(158)) - 481c33f5-8212-4ec9-a494-633b8160f9c0: GrpcService started, listening on 0.0.0.0/0.0.0.0:45454
2019-10-19 01:14:19,937 [Datanode State Machine Thread - 0] INFO  ratis.XceiverServerRatis (XceiverServerRatis.java:start(428)) - XceiverServerRatis 481c33f5-8212-4ec9-a494-633b8160f9c0 is started using port 45454
2019-10-19 01:14:19,938 [Datanode State Machine Thread - 0] INFO  server.XceiverServerGrpc (XceiverServerGrpc.java:start(149)) - XceiverServerGrpc 481c33f5-8212-4ec9-a494-633b8160f9c0 is started using port 36299
2019-10-19 01:14:20,030 [Datanode State Machine Thread - 0] INFO  ozoneimpl.OzoneContainer (OzoneContainer.java:start(213)) - Attempting to start container services.
2019-10-19 01:14:20,032 [Datanode State Machine Thread - 0] INFO  ozoneimpl.OzoneContainer (OzoneContainer.java:startContainerScrub(177)) - Background container scanner has been disabled.
2019-10-19 01:14:20,032 [Datanode State Machine Thread - 0] INFO  ratis.XceiverServerRatis (XceiverServerRatis.java:start(418)) - Starting XceiverServerRatis 79f23d4f-854e-4bcb-ad60-b9a83903d995 at port 0
2019-10-19 01:14:20,039 [Datanode State Machine Thread - 0] INFO  impl.RaftServerProxy (RaftServerProxy.java:lambda$start$3(299)) - 79f23d4f-854e-4bcb-ad60-b9a83903d995: start RPC server
2019-10-19 01:14:20,040 [Datanode State Machine Thread - 0] INFO  server.GrpcService (GrpcService.java:startImpl(158)) - 79f23d4f-854e-4bcb-ad60-b9a83903d995: GrpcService started, listening on 0.0.0.0/0.0.0.0:36052
2019-10-19 01:14:20,040 [Datanode State Machine Thread - 0] INFO  ratis.XceiverServerRatis (XceiverServerRatis.java:start(428)) - XceiverServerRatis 79f23d4f-854e-4bcb-ad60-b9a83903d995 is started using port 36052
2019-10-19 01:14:20,041 [Datanode State Machine Thread - 0] INFO  server.XceiverServerGrpc (XceiverServerGrpc.java:start(149)) - XceiverServerGrpc 79f23d4f-854e-4bcb-ad60-b9a83903d995 is started using port 38991
2019-10-19 01:14:20,087 [Datanode State Machine Thread - 0] INFO  ozoneimpl.OzoneContainer (OzoneContainer.java:start(213)) - Attempting to start container services.
2019-10-19 01:14:20,087 [Datanode State Machine Thread - 0] INFO  ozoneimpl.OzoneContainer (OzoneContainer.java:startContainerScrub(177)) - Background container scanner has been disabled.
2019-10-19 01:14:20,088 [Datanode State Machine Thread - 0] INFO  ratis.XceiverServerRatis (XceiverServerRatis.java:start(418)) - Starting XceiverServerRatis f143d5cf-4038-4fa8-8601-f5a45f16ca3e at port 0
2019-10-19 01:14:20,092 [Datanode State Machine Thread - 0] INFO  impl.RaftServerProxy (RaftServerProxy.java:lambda$start$3(299)) - f143d5cf-4038-4fa8-8601-f5a45f16ca3e: start RPC server
2019-10-19 01:14:20,093 [Datanode State Machine Thread - 0] INFO  server.GrpcService (GrpcService.java:startImpl(158)) - f143d5cf-4038-4fa8-8601-f5a45f16ca3e: GrpcService started, listening on 0.0.0.0/0.0.0.0:40169
2019-10-19 01:14:20,093 [Datanode State Machine Thread - 0] INFO  ratis.XceiverServerRatis (XceiverServerRatis.java:start(428)) - XceiverServerRatis f143d5cf-4038-4fa8-8601-f5a45f16ca3e is started using port 40169
2019-10-19 01:14:20,093 [Datanode State Machine Thread - 0] INFO  server.XceiverServerGrpc (XceiverServerGrpc.java:start(149)) - XceiverServerGrpc f143d5cf-4038-4fa8-8601-f5a45f16ca3e is started using port 37763
2019-10-19 01:14:20,175 [Datanode State Machine Thread - 0] INFO  ozoneimpl.OzoneContainer (OzoneContainer.java:start(213)) - Attempting to start container services.
2019-10-19 01:14:20,175 [Datanode State Machine Thread - 0] INFO  ozoneimpl.OzoneContainer (OzoneContainer.java:startContainerScrub(177)) - Background container scanner has been disabled.
2019-10-19 01:14:20,175 [Datanode State Machine Thread - 0] INFO  ratis.XceiverServerRatis (XceiverServerRatis.java:start(418)) - Starting XceiverServerRatis e5ec12fd-6862-43a4-8f6d-a55a364e5eb4 at port 0
2019-10-19 01:14:20,180 [Datanode State Machine Thread - 0] INFO  impl.RaftServerProxy (RaftServerProxy.java:lambda$start$3(299)) - e5ec12fd-6862-43a4-8f6d-a55a364e5eb4: start RPC server
2019-10-19 01:14:20,181 [Datanode State Machine Thread - 0] INFO  server.GrpcService (GrpcService.java:startImpl(158)) - e5ec12fd-6862-43a4-8f6d-a55a364e5eb4: GrpcService started, listening on 0.0.0.0/0.0.0.0:43961
2019-10-19 01:14:20,181 [Datanode State Machine Thread - 0] INFO  ratis.XceiverServerRatis (XceiverServerRatis.java:start(428)) - XceiverServerRatis e5ec12fd-6862-43a4-8f6d-a55a364e5eb4 is started using port 43961
2019-10-19 01:14:20,181 [Datanode State Machine Thread - 0] INFO  server.XceiverServerGrpc (XceiverServerGrpc.java:start(149)) - XceiverServerGrpc e5ec12fd-6862-43a4-8f6d-a55a364e5eb4 is started using port 34999
2019-10-19 01:14:20,248 [Datanode State Machine Thread - 0] INFO  ozoneimpl.OzoneContainer (OzoneContainer.java:start(213)) - Attempting to start container services.
2019-10-19 01:14:20,248 [Datanode State Machine Thread - 0] INFO  ozoneimpl.OzoneContainer (OzoneContainer.java:startContainerScrub(177)) - Background container scanner has been disabled.
2019-10-19 01:14:20,249 [Datanode State Machine Thread - 0] INFO  ratis.XceiverServerRatis (XceiverServerRatis.java:start(418)) - Starting XceiverServerRatis 2543ffea-c5c6-4af0-856f-eb846bad755a at port 0
2019-10-19 01:14:20,253 [Datanode State Machine Thread - 0] INFO  impl.RaftServerProxy (RaftServerProxy.java:lambda$start$3(299)) - 2543ffea-c5c6-4af0-856f-eb846bad755a: start RPC server
2019-10-19 01:14:20,254 [Datanode State Machine Thread - 0] INFO  server.GrpcService (GrpcService.java:startImpl(158)) - 2543ffea-c5c6-4af0-856f-eb846bad755a: GrpcService started, listening on 0.0.0.0/0.0.0.0:45287
2019-10-19 01:14:20,254 [Datanode State Machine Thread - 0] INFO  ratis.XceiverServerRatis (XceiverServerRatis.java:start(428)) - XceiverServerRatis 2543ffea-c5c6-4af0-856f-eb846bad755a is started using port 45287
2019-10-19 01:14:20,254 [Datanode State Machine Thread - 0] INFO  server.XceiverServerGrpc (XceiverServerGrpc.java:start(149)) - XceiverServerGrpc 2543ffea-c5c6-4af0-856f-eb846bad755a is started using port 41734
2019-10-19 01:14:20,321 [Datanode State Machine Thread - 0] INFO  ozoneimpl.OzoneContainer (OzoneContainer.java:start(213)) - Attempting to start container services.
2019-10-19 01:14:20,321 [Datanode State Machine Thread - 0] INFO  ozoneimpl.OzoneContainer (OzoneContainer.java:startContainerScrub(177)) - Background container scanner has been disabled.
2019-10-19 01:14:20,321 [Datanode State Machine Thread - 0] INFO  ratis.XceiverServerRatis (XceiverServerRatis.java:start(418)) - Starting XceiverServerRatis 796958df-e390-450e-98f3-f34b34ce9ba7 at port 0
2019-10-19 01:14:20,326 [Datanode State Machine Thread - 0] INFO  impl.RaftServerProxy (RaftServerProxy.java:lambda$start$3(299)) - 796958df-e390-450e-98f3-f34b34ce9ba7: start RPC server
2019-10-19 01:14:20,330 [Datanode State Machine Thread - 0] INFO  server.GrpcService (GrpcService.java:startImpl(158)) - 796958df-e390-450e-98f3-f34b34ce9ba7: GrpcService started, listening on 0.0.0.0/0.0.0.0:38850
2019-10-19 01:14:20,330 [Datanode State Machine Thread - 0] INFO  ratis.XceiverServerRatis (XceiverServerRatis.java:start(428)) - XceiverServerRatis 796958df-e390-450e-98f3-f34b34ce9ba7 is started using port 38850
2019-10-19 01:14:20,332 [Datanode State Machine Thread - 0] INFO  server.XceiverServerGrpc (XceiverServerGrpc.java:start(149)) - XceiverServerGrpc 796958df-e390-450e-98f3-f34b34ce9ba7 is started using port 39251
2019-10-19 01:14:20,375 [main] INFO  ozone.MiniOzoneClusterImpl (MiniOzoneClusterImpl.java:lambda$waitForClusterToBeReady$0(147)) - Waiting for cluster to be ready. Got 0 of 10 DN Heartbeats.
2019-10-19 01:14:20,389 [Datanode State Machine Thread - 0] INFO  ozoneimpl.OzoneContainer (OzoneContainer.java:start(213)) - Attempting to start container services.
2019-10-19 01:14:20,389 [Datanode State Machine Thread - 0] INFO  ozoneimpl.OzoneContainer (OzoneContainer.java:startContainerScrub(177)) - Background container scanner has been disabled.
2019-10-19 01:14:20,389 [Datanode State Machine Thread - 0] INFO  ratis.XceiverServerRatis (XceiverServerRatis.java:start(418)) - Starting XceiverServerRatis 61d14648-e80d-4cd8-9e7c-6deb2f21aca8 at port 0
2019-10-19 01:14:20,394 [Datanode State Machine Thread - 0] INFO  impl.RaftServerProxy (RaftServerProxy.java:lambda$start$3(299)) - 61d14648-e80d-4cd8-9e7c-6deb2f21aca8: start RPC server
2019-10-19 01:14:20,395 [Datanode State Machine Thread - 0] INFO  server.GrpcService (GrpcService.java:startImpl(158)) - 61d14648-e80d-4cd8-9e7c-6deb2f21aca8: GrpcService started, listening on 0.0.0.0/0.0.0.0:42247
2019-10-19 01:14:20,395 [Datanode State Machine Thread - 0] INFO  ratis.XceiverServerRatis (XceiverServerRatis.java:start(428)) - XceiverServerRatis 61d14648-e80d-4cd8-9e7c-6deb2f21aca8 is started using port 42247
2019-10-19 01:14:20,420 [Datanode State Machine Thread - 0] INFO  server.XceiverServerGrpc (XceiverServerGrpc.java:start(149)) - XceiverServerGrpc 61d14648-e80d-4cd8-9e7c-6deb2f21aca8 is started using port 33929
2019-10-19 01:14:21,376 [main] INFO  ozone.MiniOzoneClusterImpl (MiniOzoneClusterImpl.java:lambda$waitForClusterToBeReady$0(147)) - Waiting for cluster to be ready. Got 0 of 10 DN Heartbeats.
2019-10-19 01:14:21,693 [IPC Server handler 3 on 44729] INFO  net.NetworkTopology (NetworkTopologyImpl.java:add(111)) - Added a new node: /rack1/88be3607-7667-471c-9070-7dfd13eb5ac8
2019-10-19 01:14:21,695 [IPC Server handler 3 on 44729] INFO  node.SCMNodeManager (SCMNodeManager.java:register(268)) - Registered Data node : 88be3607-7667-471c-9070-7dfd13eb5ac8{ip: 192.168.69.71, host: pr-hdds-2333-vzxj6-995506542, networkLocation: /rack1, certSerialId: null}
2019-10-19 01:14:21,696 [EventQueue-NodeRegistrationContainerReportForDataNodeSafeModeRule] INFO  safemode.SCMSafeModeManager (DataNodeSafeModeRule.java:process(71)) - SCM in safe mode. 1 DataNodes registered, 1 required.
2019-10-19 01:14:21,698 [EventQueue-NodeRegistrationContainerReportForDataNodeSafeModeRule] INFO  safemode.SCMSafeModeManager (SCMSafeModeManager.java:validateSafeModeExitRules(177)) - ScmSafeModeManager, all rules are successfully validated
2019-10-19 01:14:21,698 [EventQueue-NodeRegistrationContainerReportForDataNodeSafeModeRule] INFO  safemode.SCMSafeModeManager (SCMSafeModeManager.java:exitSafeMode(193)) - SCM exiting safe mode.
2019-10-19 01:14:21,705 [grpc-default-executor-3] INFO  impl.RaftServerProxy (RaftServerProxy.java:addNew(89)) - 88be3607-7667-471c-9070-7dfd13eb5ac8: addNew group-91D5B6F41ECA:[88be3607-7667-471c-9070-7dfd13eb5ac8:192.168.69.71:32925] returns group-91D5B6F41ECA:java.util.concurrent.CompletableFuture@781490ef[Not completed]
2019-10-19 01:14:21,706 [pool-509-thread-1] INFO  impl.RaftServerImpl (RaftServerImpl.java:<init>(104)) - 88be3607-7667-471c-9070-7dfd13eb5ac8: new RaftServerImpl for group-91D5B6F41ECA:[88be3607-7667-471c-9070-7dfd13eb5ac8:192.168.69.71:32925] with ContainerStateMachine:uninitialized
2019-10-19 01:14:21,707 [pool-509-thread-1] INFO  server.RaftServerConfigKeys (ConfUtils.java:logGet(43)) - raft.server.rpc.timeout.min = 1s (custom)
2019-10-19 01:14:21,707 [pool-509-thread-1] INFO  server.RaftServerConfigKeys (ConfUtils.java:logGet(43)) - raft.server.rpc.timeout.max = 1200ms (custom)
2019-10-19 01:14:21,707 [pool-509-thread-1] INFO  server.RaftServerConfigKeys (ConfUtils.java:logGet(43)) - raft.server.rpcslowness.timeout = 120s (custom)
2019-10-19 01:14:21,707 [pool-509-thread-1] INFO  server.RaftServerConfigKeys (ConfUtils.java:logGet(43)) - raft.server.sleep.deviation.threshold = 300 (default)
2019-10-19 01:14:21,707 [pool-509-thread-1] INFO  server.RaftServerConfigKeys (ConfUtils.java:logGet(43)) - raft.server.log.appender.install.snapshot.enabled = false (custom)
2019-10-19 01:14:21,707 [pool-509-thread-1] INFO  impl.RaftServerImpl (ServerState.java:<init>(103)) - 88be3607-7667-471c-9070-7dfd13eb5ac8@group-91D5B6F41ECA: ConfigurationManager, init=-1: [88be3607-7667-471c-9070-7dfd13eb5ac8:192.168.69.71:32925], old=null, confs=<EMPTY_MAP>
2019-10-19 01:14:21,707 [pool-509-thread-1] INFO  server.RaftServerConfigKeys (ConfUtils.java:logGet(43)) - raft.server.storage.dir = [/workdir/hadoop-ozone/integration-test/target/test-dir/MiniOzoneClusterImpl-2b25e22a-b484-4e93-9811-5f8cd4460e46/datanode-0/data/ratis] (custom)
2019-10-19 01:14:21,707 [pool-509-thread-1] INFO  server.RaftServerConfigKeys (ConfUtils.java:logGet(43)) - raft.server.log.corruption.policy = EXCEPTION (default)
2019-10-19 01:14:21,708 [pool-509-thread-1] INFO  storage.RaftStorageDirectory (RaftStorageDirectory.java:analyzeStorage(246)) - The storage directory /workdir/hadoop-ozone/integration-test/target/test-dir/MiniOzoneClusterImpl-2b25e22a-b484-4e93-9811-5f8cd4460e46/datanode-0/data/ratis/189c0064-9795-4a57-9703-91d5b6f41eca does not exist. Creating ...
2019-10-19 01:14:21,721 [pool-509-thread-1] INFO  storage.RaftStorageDirectory (RaftStorageDirectory.java:tryLock(328)) - Lock on /workdir/hadoop-ozone/integration-test/target/test-dir/MiniOzoneClusterImpl-2b25e22a-b484-4e93-9811-5f8cd4460e46/datanode-0/data/ratis/189c0064-9795-4a57-9703-91d5b6f41eca/in_use.lock acquired by nodename 10610@pr-hdds-2333-vzxj6-995506542
2019-10-19 01:14:21,733 [pool-509-thread-1] INFO  storage.RaftStorage (RaftStorage.java:format(84)) - Storage directory /workdir/hadoop-ozone/integration-test/target/test-dir/MiniOzoneClusterImpl-2b25e22a-b484-4e93-9811-5f8cd4460e46/datanode-0/data/ratis/189c0064-9795-4a57-9703-91d5b6f41eca has been successfully formatted.
2019-10-19 01:14:21,734 [pool-509-thread-1] INFO  ratis.ContainerStateMachine (ContainerStateMachine.java:loadSnapshot(231)) - group-91D5B6F41ECA: The snapshot info is null. Setting the last applied indexto:(t:0, i:~)
2019-10-19 01:14:21,734 [pool-509-thread-1] INFO  server.RaftServerConfigKeys (ConfUtils.java:logGet(43)) - raft.server.notification.no-leader.timeout = 120s (custom)
2019-10-19 01:14:21,734 [pool-509-thread-1] INFO  server.RaftServerConfigKeys (ConfUtils.java:logGet(43)) - raft.server.log.use.memory = false (default)
2019-10-19 01:14:21,734 [pool-509-thread-1] INFO  server.RaftServerConfigKeys (ConfUtils.java:logGet(43)) - raft.server.log.purge.gap = 1000000 (custom)
2019-10-19 01:14:21,734 [pool-509-thread-1] INFO  server.RaftServerConfigKeys (ConfUtils.java:logGet(43)) - raft.server.log.appender.buffer.byte-limit = 33554432 (custom)
2019-10-19 01:14:21,734 [pool-509-thread-1] INFO  server.RaftServerConfigKeys (ConfUtils.java:logGet(43)) - raft.server.log.segment.size.max = 1048576 (custom)
2019-10-19 01:14:21,735 [pool-509-thread-1] INFO  server.RaftServerConfigKeys (ConfUtils.java:logGet(43)) - raft.server.log.segment.cache.num.max = 2 (custom)
2019-10-19 01:14:21,735 [pool-509-thread-1] INFO  segmented.SegmentedRaftLogWorker (SegmentedRaftLogWorker.java:<init>(173)) - new 88be3607-7667-471c-9070-7dfd13eb5ac8@group-91D5B6F41ECA-SegmentedRaftLogWorker for RaftStorage:Storage Directory /workdir/hadoop-ozone/integration-test/target/test-dir/MiniOzoneClusterImpl-2b25e22a-b484-4e93-9811-5f8cd4460e46/datanode-0/data/ratis/189c0064-9795-4a57-9703-91d5b6f41eca
2019-10-19 01:14:21,735 [pool-509-thread-1] INFO  server.RaftServerConfigKeys (ConfUtils.java:logGet(43)) - raft.server.log.queue.byte-limit = 2147483647 (custom)
2019-10-19 01:14:21,735 [pool-509-thread-1] INFO  server.RaftServerConfigKeys (ConfUtils.java:logGet(43)) - raft.server.log.queue.element-limit = 1024 (custom)
2019-10-19 01:14:21,736 [pool-509-thread-1] INFO  server.RaftServerConfigKeys (ConfUtils.java:logGet(43)) - raft.server.log.segment.size.max = 1048576 (custom)
2019-10-19 01:14:21,736 [pool-509-thread-1] INFO  server.RaftServerConfigKeys (ConfUtils.java:logGet(43)) - raft.server.log.preallocated.size = 16384 (custom)
2019-10-19 01:14:21,736 [pool-509-thread-1] INFO  server.RaftServerConfigKeys (ConfUtils.java:logGet(43)) - raft.server.log.write.buffer.size = 33554432 (custom)
2019-10-19 01:14:21,736 [pool-509-thread-1] INFO  server.RaftServerConfigKeys (ConfUtils.java:logGet(43)) - raft.server.log.force.sync.num = 128 (default)
2019-10-19 01:14:21,736 [pool-509-thread-1] INFO  server.RaftServerConfigKeys (ConfUtils.java:logGet(43)) - raft.server.log.statemachine.data.sync = true (default)
2019-10-19 01:14:21,736 [pool-509-thread-1] INFO  server.RaftServerConfigKeys (ConfUtils.java:logGet(43)) - raft.server.log.statemachine.data.sync.timeout = 10s (default)
2019-10-19 01:14:21,736 [pool-509-thread-1] INFO  server.RaftServerConfigKeys (ConfUtils.java:logGet(43)) - raft.server.log.statemachine.data.sync.timeout.retry = -1 (default)
2019-10-19 01:14:21,736 [pool-509-thread-1] INFO  server.RaftServerConfigKeys (ConfUtils.java:logGet(43)) - raft.server.log.statemachine.data.caching.enabled = true (custom)
2019-10-19 01:14:21,737 [pool-509-thread-1] INFO  segmented.SegmentedRaftLogWorker (SegmentedRaftLogWorker.java:lambda$new$0(128)) - 88be3607-7667-471c-9070-7dfd13eb5ac8@group-91D5B6F41ECA-SegmentedRaftLogWorker: flushIndex: setUnconditionally 0 -> -1
2019-10-19 01:14:21,737 [pool-509-thread-1] INFO  server.RaftServerConfigKeys (ConfUtils.java:logGet(43)) - raft.server.snapshot.auto.trigger.enabled = true (custom)
2019-10-19 01:14:21,737 [pool-509-thread-1] INFO  server.RaftServerConfigKeys (ConfUtils.java:logGet(43)) - raft.server.snapshot.auto.trigger.threshold = 10000 (custom)
2019-10-19 01:14:21,737 [pool-509-thread-1] INFO  server.RaftServerConfigKeys (ConfUtils.java:logGet(43)) - raft.server.snapshot.retention.file.num = 5 (custom)
2019-10-19 01:14:21,737 [pool-509-thread-1] INFO  server.RaftServerConfigKeys (ConfUtils.java:logGet(43)) - raft.server.retrycache.expirytime = 600000ms (custom)
2019-10-19 01:14:21,739 [pool-509-thread-1] INFO  impl.RaftServerImpl (RaftServerImpl.java:start(195)) - 88be3607-7667-471c-9070-7dfd13eb5ac8@group-91D5B6F41ECA: start as a follower, conf=-1: [88be3607-7667-471c-9070-7dfd13eb5ac8:192.168.69.71:32925], old=null
2019-10-19 01:14:21,739 [pool-509-thread-1] INFO  impl.RaftServerImpl (RaftServerImpl.java:setRole(184)) - 88be3607-7667-471c-9070-7dfd13eb5ac8@group-91D5B6F41ECA: changes role from      null to FOLLOWER at term 0 for startAsFollower
2019-10-19 01:14:21,739 [pool-509-thread-1] INFO  impl.RoleInfo (RoleInfo.java:updateAndGet(143)) - 88be3607-7667-471c-9070-7dfd13eb5ac8: start FollowerState
2019-10-19 01:14:21,739 [pool-509-thread-1] INFO  util.JmxRegister (JmxRegister.java:tryRegister(44)) - Successfully registered JMX Bean with object name Ratis:service=RaftServer,group=group-91D5B6F41ECA,id=88be3607-7667-471c-9070-7dfd13eb5ac8
2019-10-19 01:14:21,749 [RatisPipelineUtilsThread] INFO  pipeline.PipelineStateManager (PipelineStateManager.java:addPipeline(56)) - Created pipeline Pipeline[ Id: 189c0064-9795-4a57-9703-91d5b6f41eca, Nodes: 88be3607-7667-471c-9070-7dfd13eb5ac8{ip: 192.168.69.71, host: pr-hdds-2333-vzxj6-995506542, networkLocation: /rack1, certSerialId: null}, Type:RATIS, Factor:ONE, State:OPEN]
2019-10-19 01:14:21,768 [IPC Server handler 4 on 44729] INFO  net.NetworkTopology (NetworkTopologyImpl.java:add(111)) - Added a new node: /rack1/61d0b7dc-5f8b-422f-8693-c58167224d24
2019-10-19 01:14:21,768 [IPC Server handler 4 on 44729] INFO  node.SCMNodeManager (SCMNodeManager.java:register(268)) - Registered Data node : 61d0b7dc-5f8b-422f-8693-c58167224d24{ip: 192.168.69.71, host: pr-hdds-2333-vzxj6-995506542, networkLocation: /rack1, certSerialId: null}
2019-10-19 01:14:21,774 [grpc-default-executor-3] INFO  impl.RaftServerProxy (RaftServerProxy.java:addNew(89)) - 61d0b7dc-5f8b-422f-8693-c58167224d24: addNew group-980D17AA54B4:[61d0b7dc-5f8b-422f-8693-c58167224d24:192.168.69.71:43479] returns group-980D17AA54B4:java.util.concurrent.CompletableFuture@ecf1844[Not completed]
2019-10-19 01:14:21,776 [pool-519-thread-1] INFO  impl.RaftServerImpl (RaftServerImpl.java:<init>(104)) - 61d0b7dc-5f8b-422f-8693-c58167224d24: new RaftServerImpl for group-980D17AA54B4:[61d0b7dc-5f8b-422f-8693-c58167224d24:192.168.69.71:43479] with ContainerStateMachine:uninitialized
2019-10-19 01:14:21,776 [pool-519-thread-1] INFO  server.RaftServerConfigKeys (ConfUtils.java:logGet(43)) - raft.server.rpc.timeout.min = 1s (custom)
2019-10-19 01:14:21,776 [pool-519-thread-1] INFO  server.RaftServerConfigKeys (ConfUtils.java:logGet(43)) - raft.server.rpc.timeout.max = 1200ms (custom)
2019-10-19 01:14:21,776 [pool-519-thread-1] INFO  server.RaftServerConfigKeys (ConfUtils.java:logGet(43)) - raft.server.rpcslowness.timeout = 120s (custom)
2019-10-19 01:14:21,776 [pool-519-thread-1] INFO  server.RaftServerConfigKeys (ConfUtils.java:logGet(43)) - raft.server.sleep.deviation.threshold = 300 (default)
2019-10-19 01:14:21,776 [pool-519-thread-1] INFO  server.RaftServerConfigKeys (ConfUtils.java:logGet(43)) - raft.server.log.appender.install.snapshot.enabled = false (custom)
2019-10-19 01:14:21,776 [pool-519-thread-1] INFO  impl.RaftServerImpl (ServerState.java:<init>(103)) - 61d0b7dc-5f8b-422f-8693-c58167224d24@group-980D17AA54B4: ConfigurationManager, init=-1: [61d0b7dc-5f8b-422f-8693-c58167224d24:192.168.69.71:43479], old=null, confs=<EMPTY_MAP>
2019-10-19 01:14:21,776 [pool-519-thread-1] INFO  server.RaftServerConfigKeys (ConfUtils.java:logGet(43)) - raft.server.storage.dir = [/workdir/hadoop-ozone/integration-test/target/test-dir/MiniOzoneClusterImpl-2b25e22a-b484-4e93-9811-5f8cd4460e46/datanode-1/data/ratis] (custom)
2019-10-19 01:14:21,776 [pool-519-thread-1] INFO  server.RaftServerConfigKeys (ConfUtils.java:logGet(43)) - raft.server.log.corruption.policy = EXCEPTION (default)
2019-10-19 01:14:21,777 [pool-519-thread-1] INFO  storage.RaftStorageDirectory (RaftStorageDirectory.java:analyzeStorage(246)) - The storage directory /workdir/hadoop-ozone/integration-test/target/test-dir/MiniOzoneClusterImpl-2b25e22a-b484-4e93-9811-5f8cd4460e46/datanode-1/data/ratis/bd0fe27b-1b00-413e-9c92-980d17aa54b4 does not exist. Creating ...
2019-10-19 01:14:21,785 [Thread-6227] INFO  impl.FollowerState (FollowerState.java:run(108)) - 88be3607-7667-471c-9070-7dfd13eb5ac8@group-91D5B6F41ECA-FollowerState: change to CANDIDATE, lastRpcTime:46ms, electionTimeout:46ms
2019-10-19 01:14:21,785 [Thread-6227] INFO  impl.RoleInfo (RoleInfo.java:shutdownFollowerState(121)) - 88be3607-7667-471c-9070-7dfd13eb5ac8: shutdown FollowerState
2019-10-19 01:14:21,785 [Thread-6227] INFO  impl.RaftServerImpl (RaftServerImpl.java:setRole(184)) - 88be3607-7667-471c-9070-7dfd13eb5ac8@group-91D5B6F41ECA: changes role from  FOLLOWER to CANDIDATE at term 0 for changeToCandidate
2019-10-19 01:14:21,785 [Thread-6227] INFO  impl.RoleInfo (RoleInfo.java:updateAndGet(143)) - 88be3607-7667-471c-9070-7dfd13eb5ac8: start LeaderElection
2019-10-19 01:14:21,799 [pool-519-thread-1] INFO  storage.RaftStorageDirectory (RaftStorageDirectory.java:tryLock(328)) - Lock on /workdir/hadoop-ozone/integration-test/target/test-dir/MiniOzoneClusterImpl-2b25e22a-b484-4e93-9811-5f8cd4460e46/datanode-1/data/ratis/bd0fe27b-1b00-413e-9c92-980d17aa54b4/in_use.lock acquired by nodename 10610@pr-hdds-2333-vzxj6-995506542
2019-10-19 01:14:21,799 [88be3607-7667-471c-9070-7dfd13eb5ac8@group-91D5B6F41ECA-LeaderElection610] INFO  impl.LeaderElection (LeaderElection.java:askForVotes(178)) - 88be3607-7667-471c-9070-7dfd13eb5ac8@group-91D5B6F41ECA-LeaderElection610: begin an election at term 1 for -1: [88be3607-7667-471c-9070-7dfd13eb5ac8:192.168.69.71:32925], old=null
2019-10-19 01:14:21,799 [88be3607-7667-471c-9070-7dfd13eb5ac8@group-91D5B6F41ECA-LeaderElection610] INFO  impl.RoleInfo (RoleInfo.java:shutdownLeaderElection(134)) - 88be3607-7667-471c-9070-7dfd13eb5ac8: shutdown LeaderElection
2019-10-19 01:14:21,799 [88be3607-7667-471c-9070-7dfd13eb5ac8@group-91D5B6F41ECA-LeaderElection610] INFO  impl.RaftServerImpl (RaftServerImpl.java:setRole(184)) - 88be3607-7667-471c-9070-7dfd13eb5ac8@group-91D5B6F41ECA: changes role from CANDIDATE to LEADER at term 1 for changeToLeader
2019-10-19 01:14:21,799 [88be3607-7667-471c-9070-7dfd13eb5ac8@group-91D5B6F41ECA-LeaderElection610] INFO  impl.RaftServerImpl (ServerState.java:setLeader(256)) - 88be3607-7667-471c-9070-7dfd13eb5ac8@group-91D5B6F41ECA: change Leader from null to 88be3607-7667-471c-9070-7dfd13eb5ac8 at term 1 for becomeLeader, leader elected after 65ms
2019-10-19 01:14:21,799 [88be3607-7667-471c-9070-7dfd13eb5ac8@group-91D5B6F41ECA-LeaderElection610] INFO  server.RaftServerConfigKeys (ConfUtils.java:logGet(43)) - raft.server.staging.catchup.gap = 1000 (default)
2019-10-19 01:14:21,799 [88be3607-7667-471c-9070-7dfd13eb5ac8@group-91D5B6F41ECA-LeaderElection610] INFO  server.RaftServerConfigKeys (ConfUtils.java:logGet(43)) - raft.server.rpc.sleep.time = 25ms (default)
2019-10-19 01:14:21,800 [88be3607-7667-471c-9070-7dfd13eb5ac8@group-91D5B6F41ECA-LeaderElection610] INFO  server.RaftServerConfigKeys (ConfUtils.java:logGet(43)) - raft.server.write.element-limit = 4096 (default)
2019-10-19 01:14:21,800 [88be3607-7667-471c-9070-7dfd13eb5ac8@group-91D5B6F41ECA-LeaderElection610] INFO  server.RaftServerConfigKeys (ConfUtils.java:logGet(43)) - raft.server.watch.timeout = 10s (default)
2019-10-19 01:14:21,800 [88be3607-7667-471c-9070-7dfd13eb5ac8@group-91D5B6F41ECA-LeaderElection610] INFO  server.RaftServerConfigKeys (ConfUtils.java:logGet(43)) - raft.server.watch.timeout.denomination = 1s (default)
2019-10-19 01:14:21,800 [88be3607-7667-471c-9070-7dfd13eb5ac8@group-91D5B6F41ECA-LeaderElection610] INFO  server.RaftServerConfigKeys (ConfUtils.java:logGet(43)) - raft.server.watch.element-limit = 65536 (default)
2019-10-19 01:14:21,801 [88be3607-7667-471c-9070-7dfd13eb5ac8@group-91D5B6F41ECA-LeaderElection610] INFO  impl.RoleInfo (RoleInfo.java:updateAndGet(143)) - 88be3607-7667-471c-9070-7dfd13eb5ac8: start LeaderState
2019-10-19 01:14:21,802 [88be3607-7667-471c-9070-7dfd13eb5ac8@group-91D5B6F41ECA-LeaderElection610] INFO  segmented.SegmentedRaftLogWorker (SegmentedRaftLogWorker.java:startLogSegment(385)) - 88be3607-7667-471c-9070-7dfd13eb5ac8@group-91D5B6F41ECA-SegmentedRaftLogWorker: Starting segment from index:0
2019-10-19 01:14:21,803 [88be3607-7667-471c-9070-7dfd13eb5ac8@group-91D5B6F41ECA-LeaderElection610] INFO  impl.RaftServerImpl (ServerState.java:setRaftConf(357)) - 88be3607-7667-471c-9070-7dfd13eb5ac8@group-91D5B6F41ECA: set configuration 0: [88be3607-7667-471c-9070-7dfd13eb5ac8:192.168.69.71:32925], old=null at 0
2019-10-19 01:14:21,811 [pool-519-thread-1] INFO  storage.RaftStorage (RaftStorage.java:format(84)) - Storage directory /workdir/hadoop-ozone/integration-test/target/test-dir/MiniOzoneClusterImpl-2b25e22a-b484-4e93-9811-5f8cd4460e46/datanode-1/data/ratis/bd0fe27b-1b00-413e-9c92-980d17aa54b4 has been successfully formatted.
2019-10-19 01:14:21,811 [pool-519-thread-1] INFO  ratis.ContainerStateMachine (ContainerStateMachine.java:loadSnapshot(231)) - group-980D17AA54B4: The snapshot info is null. Setting the last applied indexto:(t:0, i:~)
2019-10-19 01:14:21,811 [pool-519-thread-1] INFO  server.RaftServerConfigKeys (ConfUtils.java:logGet(43)) - raft.server.notification.no-leader.timeout = 120s (custom)
2019-10-19 01:14:21,811 [pool-519-thread-1] INFO  server.RaftServerConfigKeys (ConfUtils.java:logGet(43)) - raft.server.log.use.memory = false (default)
2019-10-19 01:14:21,811 [pool-519-thread-1] INFO  server.RaftServerConfigKeys (ConfUtils.java:logGet(43)) - raft.server.log.purge.gap = 1000000 (custom)
2019-10-19 01:14:21,811 [pool-519-thread-1] INFO  server.RaftServerConfigKeys (ConfUtils.java:logGet(43)) - raft.server.log.appender.buffer.byte-limit = 33554432 (custom)
2019-10-19 01:14:21,812 [pool-519-thread-1] INFO  server.RaftServerConfigKeys (ConfUtils.java:logGet(43)) - raft.server.log.segment.size.max = 1048576 (custom)
2019-10-19 01:14:21,813 [pool-519-thread-1] INFO  server.RaftServerConfigKeys (ConfUtils.java:logGet(43)) - raft.server.log.segment.cache.num.max = 2 (custom)
2019-10-19 01:14:21,813 [pool-519-thread-1] INFO  segmented.SegmentedRaftLogWorker (SegmentedRaftLogWorker.java:<init>(173)) - new 61d0b7dc-5f8b-422f-8693-c58167224d24@group-980D17AA54B4-SegmentedRaftLogWorker for RaftStorage:Storage Directory /workdir/hadoop-ozone/integration-test/target/test-dir/MiniOzoneClusterImpl-2b25e22a-b484-4e93-9811-5f8cd4460e46/datanode-1/data/ratis/bd0fe27b-1b00-413e-9c92-980d17aa54b4
2019-10-19 01:14:21,813 [pool-519-thread-1] INFO  server.RaftServerConfigKeys (ConfUtils.java:logGet(43)) - raft.server.log.queue.byte-limit = 2147483647 (custom)
2019-10-19 01:14:21,813 [pool-519-thread-1] INFO  server.RaftServerConfigKeys (ConfUtils.java:logGet(43)) - raft.server.log.queue.element-limit = 1024 (custom)
2019-10-19 01:14:21,813 [pool-519-thread-1] INFO  server.RaftServerConfigKeys (ConfUtils.java:logGet(43)) - raft.server.log.segment.size.max = 1048576 (custom)
2019-10-19 01:14:21,813 [pool-519-thread-1] INFO  server.RaftServerConfigKeys (ConfUtils.java:logGet(43)) - raft.server.log.preallocated.size = 16384 (custom)
2019-10-19 01:14:21,813 [pool-519-thread-1] INFO  server.RaftServerConfigKeys (ConfUtils.java:logGet(43)) - raft.server.log.write.buffer.size = 33554432 (custom)
2019-10-19 01:14:21,813 [pool-519-thread-1] INFO  server.RaftServerConfigKeys (ConfUtils.java:logGet(43)) - raft.server.log.force.sync.num = 128 (default)
2019-10-19 01:14:21,813 [pool-519-thread-1] INFO  server.RaftServerConfigKeys (ConfUtils.java:logGet(43)) - raft.server.log.statemachine.data.sync = true (default)
2019-10-19 01:14:21,813 [pool-519-thread-1] INFO  server.RaftServerConfigKeys (ConfUtils.java:logGet(43)) - raft.server.log.statemachine.data.sync.timeout = 10s (default)
2019-10-19 01:14:21,813 [pool-519-thread-1] INFO  server.RaftServerConfigKeys (ConfUtils.java:logGet(43)) - raft.server.log.statemachine.data.sync.timeout.retry = -1 (default)
2019-10-19 01:14:21,814 [pool-519-thread-1] INFO  server.RaftServerConfigKeys (ConfUtils.java:logGet(43)) - raft.server.log.statemachine.data.caching.enabled = true (custom)
2019-10-19 01:14:21,814 [pool-519-thread-1] INFO  segmented.SegmentedRaftLogWorker (SegmentedRaftLogWorker.java:lambda$new$0(128)) - 61d0b7dc-5f8b-422f-8693-c58167224d24@group-980D17AA54B4-SegmentedRaftLogWorker: flushIndex: setUnconditionally 0 -> -1
2019-10-19 01:14:21,814 [pool-519-thread-1] INFO  server.RaftServerConfigKeys (ConfUtils.java:logGet(43)) - raft.server.snapshot.auto.trigger.enabled = true (custom)
2019-10-19 01:14:21,814 [pool-519-thread-1] INFO  server.RaftServerConfigKeys (ConfUtils.java:logGet(43)) - raft.server.snapshot.auto.trigger.threshold = 10000 (custom)
2019-10-19 01:14:21,814 [pool-519-thread-1] INFO  server.RaftServerConfigKeys (ConfUtils.java:logGet(43)) - raft.server.snapshot.retention.file.num = 5 (custom)
2019-10-19 01:14:21,814 [pool-519-thread-1] INFO  server.RaftServerConfigKeys (ConfUtils.java:logGet(43)) - raft.server.retrycache.expirytime = 600000ms (custom)
2019-10-19 01:14:21,816 [pool-519-thread-1] INFO  impl.RaftServerImpl (RaftServerImpl.java:start(195)) - 61d0b7dc-5f8b-422f-8693-c58167224d24@group-980D17AA54B4: start as a follower, conf=-1: [61d0b7dc-5f8b-422f-8693-c58167224d24:192.168.69.71:43479], old=null
2019-10-19 01:14:21,816 [pool-519-thread-1] INFO  impl.RaftServerImpl (RaftServerImpl.java:setRole(184)) - 61d0b7dc-5f8b-422f-8693-c58167224d24@group-980D17AA54B4: changes role from      null to FOLLOWER at term 0 for startAsFollower
2019-10-19 01:14:21,816 [pool-519-thread-1] INFO  impl.RoleInfo (RoleInfo.java:updateAndGet(143)) - 61d0b7dc-5f8b-422f-8693-c58167224d24: start FollowerState
2019-10-19 01:14:21,816 [pool-519-thread-1] INFO  util.JmxRegister (JmxRegister.java:tryRegister(44)) - Successfully registered JMX Bean with object name Ratis:service=RaftServer,group=group-980D17AA54B4,id=61d0b7dc-5f8b-422f-8693-c58167224d24
2019-10-19 01:14:21,819 [RatisPipelineUtilsThread] INFO  pipeline.PipelineStateManager (PipelineStateManager.java:addPipeline(56)) - Created pipeline Pipeline[ Id: bd0fe27b-1b00-413e-9c92-980d17aa54b4, Nodes: 61d0b7dc-5f8b-422f-8693-c58167224d24{ip: 192.168.69.71, host: pr-hdds-2333-vzxj6-995506542, networkLocation: /rack1, certSerialId: null}, Type:RATIS, Factor:ONE, State:OPEN]
2019-10-19 01:14:21,837 [IPC Server handler 5 on 44729] INFO  net.NetworkTopology (NetworkTopologyImpl.java:add(111)) - Added a new node: /rack1/9c2d914d-67b1-4af9-8080-4d6ee007b506
2019-10-19 01:14:21,837 [88be3607-7667-471c-9070-7dfd13eb5ac8@group-91D5B6F41ECA-SegmentedRaftLogWorker] INFO  segmented.SegmentedRaftLogWorker (SegmentedRaftLogWorker.java:execute(576)) - 88be3607-7667-471c-9070-7dfd13eb5ac8@group-91D5B6F41ECA-SegmentedRaftLogWorker: created new log segment /workdir/hadoop-ozone/integration-test/target/test-dir/MiniOzoneClusterImpl-2b25e22a-b484-4e93-9811-5f8cd4460e46/datanode-0/data/ratis/189c0064-9795-4a57-9703-91d5b6f41eca/current/log_inprogress_0
2019-10-19 01:14:21,837 [IPC Server handler 5 on 44729] INFO  node.SCMNodeManager (SCMNodeManager.java:register(268)) - Registered Data node : 9c2d914d-67b1-4af9-8080-4d6ee007b506{ip: 192.168.69.71, host: pr-hdds-2333-vzxj6-995506542, networkLocation: /rack1, certSerialId: null}
2019-10-19 01:14:21,844 [grpc-default-executor-3] INFO  impl.RaftServerProxy (RaftServerProxy.java:addNew(89)) - 9c2d914d-67b1-4af9-8080-4d6ee007b506: addNew group-06976CB79277:[9c2d914d-67b1-4af9-8080-4d6ee007b506:192.168.69.71:35462] returns group-06976CB79277:java.util.concurrent.CompletableFuture@4483fbbd[Not completed]
2019-10-19 01:14:21,845 [pool-529-thread-1] INFO  impl.RaftServerImpl (RaftServerImpl.java:<init>(104)) - 9c2d914d-67b1-4af9-8080-4d6ee007b506: new RaftServerImpl for group-06976CB79277:[9c2d914d-67b1-4af9-8080-4d6ee007b506:192.168.69.71:35462] with ContainerStateMachine:uninitialized
2019-10-19 01:14:21,845 [pool-529-thread-1] INFO  server.RaftServerConfigKeys (ConfUtils.java:logGet(43)) - raft.server.rpc.timeout.min = 1s (custom)
2019-10-19 01:14:21,845 [pool-529-thread-1] INFO  server.RaftServerConfigKeys (ConfUtils.java:logGet(43)) - raft.server.rpc.timeout.max = 1200ms (custom)
2019-10-19 01:14:21,845 [pool-529-thread-1] INFO  server.RaftServerConfigKeys (ConfUtils.java:logGet(43)) - raft.server.rpcslowness.timeout = 120s (custom)
2019-10-19 01:14:21,846 [pool-529-thread-1] INFO  server.RaftServerConfigKeys (ConfUtils.java:logGet(43)) - raft.server.sleep.deviation.threshold = 300 (default)
2019-10-19 01:14:21,846 [pool-529-thread-1] INFO  server.RaftServerConfigKeys (ConfUtils.java:logGet(43)) - raft.server.log.appender.install.snapshot.enabled = false (custom)
2019-10-19 01:14:21,846 [pool-529-thread-1] INFO  impl.RaftServerImpl (ServerState.java:<init>(103)) - 9c2d914d-67b1-4af9-8080-4d6ee007b506@group-06976CB79277: ConfigurationManager, init=-1: [9c2d914d-67b1-4af9-8080-4d6ee007b506:192.168.69.71:35462], old=null, confs=<EMPTY_MAP>
2019-10-19 01:14:21,846 [pool-529-thread-1] INFO  server.RaftServerConfigKeys (ConfUtils.java:logGet(43)) - raft.server.storage.dir = [/workdir/hadoop-ozone/integration-test/target/test-dir/MiniOzoneClusterImpl-2b25e22a-b484-4e93-9811-5f8cd4460e46/datanode-2/data/ratis] (custom)
2019-10-19 01:14:21,846 [pool-529-thread-1] INFO  server.RaftServerConfigKeys (ConfUtils.java:logGet(43)) - raft.server.log.corruption.policy = EXCEPTION (default)
2019-10-19 01:14:21,846 [pool-529-thread-1] INFO  storage.RaftStorageDirectory (RaftStorageDirectory.java:analyzeStorage(246)) - The storage directory /workdir/hadoop-ozone/integration-test/target/test-dir/MiniOzoneClusterImpl-2b25e22a-b484-4e93-9811-5f8cd4460e46/datanode-2/data/ratis/b3bb7212-fd11-4308-8cdc-06976cb79277 does not exist. Creating ...
2019-10-19 01:14:21,850 [pool-529-thread-1] INFO  storage.RaftStorageDirectory (RaftStorageDirectory.java:tryLock(328)) - Lock on /workdir/hadoop-ozone/integration-test/target/test-dir/MiniOzoneClusterImpl-2b25e22a-b484-4e93-9811-5f8cd4460e46/datanode-2/data/ratis/b3bb7212-fd11-4308-8cdc-06976cb79277/in_use.lock acquired by nodename 10610@pr-hdds-2333-vzxj6-995506542
2019-10-19 01:14:21,863 [pool-529-thread-1] INFO  storage.RaftStorage (RaftStorage.java:format(84)) - Storage directory /workdir/hadoop-ozone/integration-test/target/test-dir/MiniOzoneClusterImpl-2b25e22a-b484-4e93-9811-5f8cd4460e46/datanode-2/data/ratis/b3bb7212-fd11-4308-8cdc-06976cb79277 has been successfully formatted.
2019-10-19 01:14:21,863 [pool-529-thread-1] INFO  ratis.ContainerStateMachine (ContainerStateMachine.java:loadSnapshot(231)) - group-06976CB79277: The snapshot info is null. Setting the last applied indexto:(t:0, i:~)
2019-10-19 01:14:21,863 [pool-529-thread-1] INFO  server.RaftServerConfigKeys (ConfUtils.java:logGet(43)) - raft.server.notification.no-leader.timeout = 120s (custom)
2019-10-19 01:14:21,863 [pool-529-thread-1] INFO  server.RaftServerConfigKeys (ConfUtils.java:logGet(43)) - raft.server.log.use.memory = false (default)
2019-10-19 01:14:21,863 [pool-529-thread-1] INFO  server.RaftServerConfigKeys (ConfUtils.java:logGet(43)) - raft.server.log.purge.gap = 1000000 (custom)
2019-10-19 01:14:21,863 [pool-529-thread-1] INFO  server.RaftServerConfigKeys (ConfUtils.java:logGet(43)) - raft.server.log.appender.buffer.byte-limit = 33554432 (custom)
2019-10-19 01:14:21,863 [pool-529-thread-1] INFO  server.RaftServerConfigKeys (ConfUtils.java:logGet(43)) - raft.server.log.segment.size.max = 1048576 (custom)
2019-10-19 01:14:21,863 [Thread-6232] INFO  impl.FollowerState (FollowerState.java:run(108)) - 61d0b7dc-5f8b-422f-8693-c58167224d24@group-980D17AA54B4-FollowerState: change to CANDIDATE, lastRpcTime:47ms, electionTimeout:47ms
2019-10-19 01:14:21,863 [Thread-6232] INFO  impl.RoleInfo (RoleInfo.java:shutdownFollowerState(121)) - 61d0b7dc-5f8b-422f-8693-c58167224d24: shutdown FollowerState
2019-10-19 01:14:21,863 [Thread-6232] INFO  impl.RaftServerImpl (RaftServerImpl.java:setRole(184)) - 61d0b7dc-5f8b-422f-8693-c58167224d24@group-980D17AA54B4: changes role from  FOLLOWER to CANDIDATE at term 0 for changeToCandidate
2019-10-19 01:14:21,864 [Thread-6232] INFO  impl.RoleInfo (RoleInfo.java:updateAndGet(143)) - 61d0b7dc-5f8b-422f-8693-c58167224d24: start LeaderElection
2019-10-19 01:14:21,871 [pool-529-thread-1] INFO  server.RaftServerConfigKeys (ConfUtils.java:logGet(43)) - raft.server.log.segment.cache.num.max = 2 (custom)
2019-10-19 01:14:21,871 [pool-529-thread-1] INFO  segmented.SegmentedRaftLogWorker (SegmentedRaftLogWorker.java:<init>(173)) - new 9c2d914d-67b1-4af9-8080-4d6ee007b506@group-06976CB79277-SegmentedRaftLogWorker for RaftStorage:Storage Directory /workdir/hadoop-ozone/integration-test/target/test-dir/MiniOzoneClusterImpl-2b25e22a-b484-4e93-9811-5f8cd4460e46/datanode-2/data/ratis/b3bb7212-fd11-4308-8cdc-06976cb79277
2019-10-19 01:14:21,872 [pool-529-thread-1] INFO  server.RaftServerConfigKeys (ConfUtils.java:logGet(43)) - raft.server.log.queue.byte-limit = 2147483647 (custom)
2019-10-19 01:14:21,872 [pool-529-thread-1] INFO  server.RaftServerConfigKeys (ConfUtils.java:logGet(43)) - raft.server.log.queue.element-limit = 1024 (custom)
2019-10-19 01:14:21,872 [pool-529-thread-1] INFO  server.RaftServerConfigKeys (ConfUtils.java:logGet(43)) - raft.server.log.segment.size.max = 1048576 (custom)
2019-10-19 01:14:21,872 [pool-529-thread-1] INFO  server.RaftServerConfigKeys (ConfUtils.java:logGet(43)) - raft.server.log.preallocated.size = 16384 (custom)
2019-10-19 01:14:21,872 [pool-529-thread-1] INFO  server.RaftServerConfigKeys (ConfUtils.java:logGet(43)) - raft.server.log.write.buffer.size = 33554432 (custom)
2019-10-19 01:14:21,872 [pool-529-thread-1] INFO  server.RaftServerConfigKeys (ConfUtils.java:logGet(43)) - raft.server.log.force.sync.num = 128 (default)
2019-10-19 01:14:21,872 [pool-529-thread-1] INFO  server.RaftServerConfigKeys (ConfUtils.java:logGet(43)) - raft.server.log.statemachine.data.sync = true (default)
2019-10-19 01:14:21,872 [pool-529-thread-1] INFO  server.RaftServerConfigKeys (ConfUtils.java:logGet(43)) - raft.server.log.statemachine.data.sync.timeout = 10s (default)
2019-10-19 01:14:21,872 [pool-529-thread-1] INFO  server.RaftServerConfigKeys (ConfUtils.java:logGet(43)) - raft.server.log.statemachine.data.sync.timeout.retry = -1 (default)
2019-10-19 01:14:21,873 [pool-529-thread-1] INFO  server.RaftServerConfigKeys (ConfUtils.java:logGet(43)) - raft.server.log.statemachine.data.caching.enabled = true (custom)
2019-10-19 01:14:21,873 [pool-529-thread-1] INFO  segmented.SegmentedRaftLogWorker (SegmentedRaftLogWorker.java:lambda$new$0(128)) - 9c2d914d-67b1-4af9-8080-4d6ee007b506@group-06976CB79277-SegmentedRaftLogWorker: flushIndex: setUnconditionally 0 -> -1
2019-10-19 01:14:21,873 [pool-529-thread-1] INFO  server.RaftServerConfigKeys (ConfUtils.java:logGet(43)) - raft.server.snapshot.auto.trigger.enabled = true (custom)
2019-10-19 01:14:21,873 [pool-529-thread-1] INFO  server.RaftServerConfigKeys (ConfUtils.java:logGet(43)) - raft.server.snapshot.auto.trigger.threshold = 10000 (custom)
2019-10-19 01:14:21,874 [pool-529-thread-1] INFO  server.RaftServerConfigKeys (ConfUtils.java:logGet(43)) - raft.server.snapshot.retention.file.num = 5 (custom)
2019-10-19 01:14:21,874 [pool-529-thread-1] INFO  server.RaftServerConfigKeys (ConfUtils.java:logGet(43)) - raft.server.retrycache.expirytime = 600000ms (custom)
2019-10-19 01:14:21,876 [pool-529-thread-1] INFO  impl.RaftServerImpl (RaftServerImpl.java:start(195)) - 9c2d914d-67b1-4af9-8080-4d6ee007b506@group-06976CB79277: start as a follower, conf=-1: [9c2d914d-67b1-4af9-8080-4d6ee007b506:192.168.69.71:35462], old=null
2019-10-19 01:14:21,876 [pool-529-thread-1] INFO  impl.RaftServerImpl (RaftServerImpl.java:setRole(184)) - 9c2d914d-67b1-4af9-8080-4d6ee007b506@group-06976CB79277: changes role from      null to FOLLOWER at term 0 for startAsFollower
2019-10-19 01:14:21,876 [pool-529-thread-1] INFO  impl.RoleInfo (RoleInfo.java:updateAndGet(143)) - 9c2d914d-67b1-4af9-8080-4d6ee007b506: start FollowerState
2019-10-19 01:14:21,876 [pool-529-thread-1] INFO  util.JmxRegister (JmxRegister.java:tryRegister(44)) - Successfully registered JMX Bean with object name Ratis:service=RaftServer,group=group-06976CB79277,id=9c2d914d-67b1-4af9-8080-4d6ee007b506
2019-10-19 01:14:21,880 [RatisPipelineUtilsThread] INFO  pipeline.PipelineStateManager (PipelineStateManager.java:addPipeline(56)) - Created pipeline Pipeline[ Id: b3bb7212-fd11-4308-8cdc-06976cb79277, Nodes: 9c2d914d-67b1-4af9-8080-4d6ee007b506{ip: 192.168.69.71, host: pr-hdds-2333-vzxj6-995506542, networkLocation: /rack1, certSerialId: null}, Type:RATIS, Factor:ONE, State:OPEN]
2019-10-19 01:14:21,885 [61d0b7dc-5f8b-422f-8693-c58167224d24@group-980D17AA54B4-LeaderElection611] INFO  impl.LeaderElection (LeaderElection.java:askForVotes(178)) - 61d0b7dc-5f8b-422f-8693-c58167224d24@group-980D17AA54B4-LeaderElection611: begin an election at term 1 for -1: [61d0b7dc-5f8b-422f-8693-c58167224d24:192.168.69.71:43479], old=null
2019-10-19 01:14:21,885 [61d0b7dc-5f8b-422f-8693-c58167224d24@group-980D17AA54B4-LeaderElection611] INFO  impl.RoleInfo (RoleInfo.java:shutdownLeaderElection(134)) - 61d0b7dc-5f8b-422f-8693-c58167224d24: shutdown LeaderElection
2019-10-19 01:14:21,885 [61d0b7dc-5f8b-422f-8693-c58167224d24@group-980D17AA54B4-LeaderElection611] INFO  impl.RaftServerImpl (RaftServerImpl.java:setRole(184)) - 61d0b7dc-5f8b-422f-8693-c58167224d24@group-980D17AA54B4: changes role from CANDIDATE to LEADER at term 1 for changeToLeader
2019-10-19 01:14:21,885 [Thread-6236] INFO  impl.FollowerState (FollowerState.java:run(108)) - 9c2d914d-67b1-4af9-8080-4d6ee007b506@group-06976CB79277-FollowerState: change to CANDIDATE, lastRpcTime:9ms, electionTimeout:9ms
2019-10-19 01:14:21,885 [61d0b7dc-5f8b-422f-8693-c58167224d24@group-980D17AA54B4-LeaderElection611] INFO  impl.RaftServerImpl (ServerState.java:setLeader(256)) - 61d0b7dc-5f8b-422f-8693-c58167224d24@group-980D17AA54B4: change Leader from null to 61d0b7dc-5f8b-422f-8693-c58167224d24 at term 1 for becomeLeader, leader elected after 74ms
2019-10-19 01:14:21,886 [Thread-6236] INFO  impl.RoleInfo (RoleInfo.java:shutdownFollowerState(121)) - 9c2d914d-67b1-4af9-8080-4d6ee007b506: shutdown FollowerState
2019-10-19 01:14:21,886 [61d0b7dc-5f8b-422f-8693-c58167224d24@group-980D17AA54B4-LeaderElection611] INFO  server.RaftServerConfigKeys (ConfUtils.java:logGet(43)) - raft.server.staging.catchup.gap = 1000 (default)
2019-10-19 01:14:21,886 [Thread-6236] INFO  impl.RaftServerImpl (RaftServerImpl.java:setRole(184)) - 9c2d914d-67b1-4af9-8080-4d6ee007b506@group-06976CB79277: changes role from  FOLLOWER to CANDIDATE at term 0 for changeToCandidate
2019-10-19 01:14:21,886 [61d0b7dc-5f8b-422f-8693-c58167224d24@group-980D17AA54B4-LeaderElection611] INFO  server.RaftServerConfigKeys (ConfUtils.java:logGet(43)) - raft.server.rpc.sleep.time = 25ms (default)
2019-10-19 01:14:21,886 [Thread-6236] INFO  impl.RoleInfo (RoleInfo.java:updateAndGet(143)) - 9c2d914d-67b1-4af9-8080-4d6ee007b506: start LeaderElection
2019-10-19 01:14:21,888 [61d0b7dc-5f8b-422f-8693-c58167224d24@group-980D17AA54B4-LeaderElection611] INFO  server.RaftServerConfigKeys (ConfUtils.java:logGet(43)) - raft.server.write.element-limit = 4096 (default)
2019-10-19 01:14:21,888 [61d0b7dc-5f8b-422f-8693-c58167224d24@group-980D17AA54B4-LeaderElection611] INFO  server.RaftServerConfigKeys (ConfUtils.java:logGet(43)) - raft.server.watch.timeout = 10s (default)
2019-10-19 01:14:21,894 [61d0b7dc-5f8b-422f-8693-c58167224d24@group-980D17AA54B4-LeaderElection611] INFO  server.RaftServerConfigKeys (ConfUtils.java:logGet(43)) - raft.server.watch.timeout.denomination = 1s (default)
2019-10-19 01:14:21,894 [61d0b7dc-5f8b-422f-8693-c58167224d24@group-980D17AA54B4-LeaderElection611] INFO  server.RaftServerConfigKeys (ConfUtils.java:logGet(43)) - raft.server.watch.element-limit = 65536 (default)
2019-10-19 01:14:21,894 [grpc-default-executor-5] INFO  impl.RaftServerProxy (RaftServerProxy.java:addNew(89)) - 88be3607-7667-471c-9070-7dfd13eb5ac8: addNew group-20FCFA0487C4:[88be3607-7667-471c-9070-7dfd13eb5ac8:192.168.69.71:32925, 9c2d914d-67b1-4af9-8080-4d6ee007b506:192.168.69.71:35462, 61d0b7dc-5f8b-422f-8693-c58167224d24:192.168.69.71:43479] returns group-20FCFA0487C4:java.util.concurrent.CompletableFuture@16044b25[Not completed]
2019-10-19 01:14:21,895 [grpc-default-executor-3] INFO  impl.RaftServerProxy (RaftServerProxy.java:addNew(89)) - 9c2d914d-67b1-4af9-8080-4d6ee007b506: addNew group-20FCFA0487C4:[88be3607-7667-471c-9070-7dfd13eb5ac8:192.168.69.71:32925, 9c2d914d-67b1-4af9-8080-4d6ee007b506:192.168.69.71:35462, 61d0b7dc-5f8b-422f-8693-c58167224d24:192.168.69.71:43479] returns group-20FCFA0487C4:java.util.concurrent.CompletableFuture@63bd6626[Not completed]
2019-10-19 01:14:21,895 [grpc-default-executor-9] INFO  impl.RaftServerProxy (RaftServerProxy.java:addNew(89)) - 61d0b7dc-5f8b-422f-8693-c58167224d24: addNew group-20FCFA0487C4:[88be3607-7667-471c-9070-7dfd13eb5ac8:192.168.69.71:32925, 9c2d914d-67b1-4af9-8080-4d6ee007b506:192.168.69.71:35462, 61d0b7dc-5f8b-422f-8693-c58167224d24:192.168.69.71:43479] returns group-20FCFA0487C4:java.util.concurrent.CompletableFuture@118a4f5f[Not completed]
2019-10-19 01:14:21,895 [61d0b7dc-5f8b-422f-8693-c58167224d24@group-980D17AA54B4-LeaderElection611] INFO  impl.RoleInfo (RoleInfo.java:updateAndGet(143)) - 61d0b7dc-5f8b-422f-8693-c58167224d24: start LeaderState
2019-10-19 01:14:21,896 [pool-509-thread-1] INFO  impl.RaftServerImpl (RaftServerImpl.java:<init>(104)) - 88be3607-7667-471c-9070-7dfd13eb5ac8: new RaftServerImpl for group-20FCFA0487C4:[88be3607-7667-471c-9070-7dfd13eb5ac8:192.168.69.71:32925, 9c2d914d-67b1-4af9-8080-4d6ee007b506:192.168.69.71:35462, 61d0b7dc-5f8b-422f-8693-c58167224d24:192.168.69.71:43479] with ContainerStateMachine:uninitialized
2019-10-19 01:14:21,896 [pool-509-thread-1] INFO  server.RaftServerConfigKeys (ConfUtils.java:logGet(43)) - raft.server.rpc.timeout.min = 1s (custom)
2019-10-19 01:14:21,896 [61d0b7dc-5f8b-422f-8693-c58167224d24@group-980D17AA54B4-LeaderElection611] INFO  segmented.SegmentedRaftLogWorker (SegmentedRaftLogWorker.java:startLogSegment(385)) - 61d0b7dc-5f8b-422f-8693-c58167224d24@group-980D17AA54B4-SegmentedRaftLogWorker: Starting segment from index:0
2019-10-19 01:14:21,896 [pool-509-thread-1] INFO  server.RaftServerConfigKeys (ConfUtils.java:logGet(43)) - raft.server.rpc.timeout.max = 1200ms (custom)
2019-10-19 01:14:21,896 [pool-509-thread-1] INFO  server.RaftServerConfigKeys (ConfUtils.java:logGet(43)) - raft.server.rpcslowness.timeout = 120s (custom)
2019-10-19 01:14:21,896 [pool-509-thread-1] INFO  server.RaftServerConfigKeys (ConfUtils.java:logGet(43)) - raft.server.sleep.deviation.threshold = 300 (default)
2019-10-19 01:14:21,896 [pool-509-thread-1] INFO  server.RaftServerConfigKeys (ConfUtils.java:logGet(43)) - raft.server.log.appender.install.snapshot.enabled = false (custom)
2019-10-19 01:14:21,896 [pool-529-thread-1] INFO  impl.RaftServerImpl (RaftServerImpl.java:<init>(104)) - 9c2d914d-67b1-4af9-8080-4d6ee007b506: new RaftServerImpl for group-20FCFA0487C4:[88be3607-7667-471c-9070-7dfd13eb5ac8:192.168.69.71:32925, 9c2d914d-67b1-4af9-8080-4d6ee007b506:192.168.69.71:35462, 61d0b7dc-5f8b-422f-8693-c58167224d24:192.168.69.71:43479] with ContainerStateMachine:uninitialized
2019-10-19 01:14:21,896 [61d0b7dc-5f8b-422f-8693-c58167224d24@group-980D17AA54B4-LeaderElection611] INFO  impl.RaftServerImpl (ServerState.java:setRaftConf(357)) - 61d0b7dc-5f8b-422f-8693-c58167224d24@group-980D17AA54B4: set configuration 0: [61d0b7dc-5f8b-422f-8693-c58167224d24:192.168.69.71:43479], old=null at 0
2019-10-19 01:14:21,896 [pool-529-thread-1] INFO  server.RaftServerConfigKeys (ConfUtils.java:logGet(43)) - raft.server.rpc.timeout.min = 1s (custom)
2019-10-19 01:14:21,896 [pool-509-thread-1] INFO  impl.RaftServerImpl (ServerState.java:<init>(103)) - 88be3607-7667-471c-9070-7dfd13eb5ac8@group-20FCFA0487C4: ConfigurationManager, init=-1: [88be3607-7667-471c-9070-7dfd13eb5ac8:192.168.69.71:32925, 9c2d914d-67b1-4af9-8080-4d6ee007b506:192.168.69.71:35462, 61d0b7dc-5f8b-422f-8693-c58167224d24:192.168.69.71:43479], old=null, confs=<EMPTY_MAP>
2019-10-19 01:14:21,897 [pool-529-thread-1] INFO  server.RaftServerConfigKeys (ConfUtils.java:logGet(43)) - raft.server.rpc.timeout.max = 1200ms (custom)
2019-10-19 01:14:21,897 [pool-509-thread-1] INFO  server.RaftServerConfigKeys (ConfUtils.java:logGet(43)) - raft.server.storage.dir = [/workdir/hadoop-ozone/integration-test/target/test-dir/MiniOzoneClusterImpl-2b25e22a-b484-4e93-9811-5f8cd4460e46/datanode-0/data/ratis] (custom)
2019-10-19 01:14:21,897 [pool-519-thread-1] INFO  impl.RaftServerImpl (RaftServerImpl.java:<init>(104)) - 61d0b7dc-5f8b-422f-8693-c58167224d24: new RaftServerImpl for group-20FCFA0487C4:[88be3607-7667-471c-9070-7dfd13eb5ac8:192.168.69.71:32925, 9c2d914d-67b1-4af9-8080-4d6ee007b506:192.168.69.71:35462, 61d0b7dc-5f8b-422f-8693-c58167224d24:192.168.69.71:43479] with ContainerStateMachine:uninitialized
2019-10-19 01:14:21,897 [pool-529-thread-1] INFO  server.RaftServerConfigKeys (ConfUtils.java:logGet(43)) - raft.server.rpcslowness.timeout = 120s (custom)
2019-10-19 01:14:21,897 [pool-509-thread-1] INFO  server.RaftServerConfigKeys (ConfUtils.java:logGet(43)) - raft.server.log.corruption.policy = EXCEPTION (default)
2019-10-19 01:14:21,897 [pool-519-thread-1] INFO  server.RaftServerConfigKeys (ConfUtils.java:logGet(43)) - raft.server.rpc.timeout.min = 1s (custom)
2019-10-19 01:14:21,897 [pool-509-thread-1] INFO  storage.RaftStorageDirectory (RaftStorageDirectory.java:analyzeStorage(246)) - The storage directory /workdir/hadoop-ozone/integration-test/target/test-dir/MiniOzoneClusterImpl-2b25e22a-b484-4e93-9811-5f8cd4460e46/datanode-0/data/ratis/8f83394e-0d1b-40fa-ac78-20fcfa0487c4 does not exist. Creating ...
2019-10-19 01:14:21,897 [pool-529-thread-1] INFO  server.RaftServerConfigKeys (ConfUtils.java:logGet(43)) - raft.server.sleep.deviation.threshold = 300 (default)
2019-10-19 01:14:21,897 [pool-519-thread-1] INFO  server.RaftServerConfigKeys (ConfUtils.java:logGet(43)) - raft.server.rpc.timeout.max = 1200ms (custom)
2019-10-19 01:14:21,897 [pool-529-thread-1] INFO  server.RaftServerConfigKeys (ConfUtils.java:logGet(43)) - raft.server.log.appender.install.snapshot.enabled = false (custom)
2019-10-19 01:14:21,897 [pool-519-thread-1] INFO  server.RaftServerConfigKeys (ConfUtils.java:logGet(43)) - raft.server.rpcslowness.timeout = 120s (custom)
2019-10-19 01:14:21,897 [pool-519-thread-1] INFO  server.RaftServerConfigKeys (ConfUtils.java:logGet(43)) - raft.server.sleep.deviation.threshold = 300 (default)
2019-10-19 01:14:21,897 [pool-529-thread-1] INFO  impl.RaftServerImpl (ServerState.java:<init>(103)) - 9c2d914d-67b1-4af9-8080-4d6ee007b506@group-20FCFA0487C4: ConfigurationManager, init=-1: [88be3607-7667-471c-9070-7dfd13eb5ac8:192.168.69.71:32925, 9c2d914d-67b1-4af9-8080-4d6ee007b506:192.168.69.71:35462, 61d0b7dc-5f8b-422f-8693-c58167224d24:192.168.69.71:43479], old=null, confs=<EMPTY_MAP>
2019-10-19 01:14:21,898 [pool-519-thread-1] INFO  server.RaftServerConfigKeys (ConfUtils.java:logGet(43)) - raft.server.log.appender.install.snapshot.enabled = false (custom)
2019-10-19 01:14:21,898 [pool-529-thread-1] INFO  server.RaftServerConfigKeys (ConfUtils.java:logGet(43)) - raft.server.storage.dir = [/workdir/hadoop-ozone/integration-test/target/test-dir/MiniOzoneClusterImpl-2b25e22a-b484-4e93-9811-5f8cd4460e46/datanode-2/data/ratis] (custom)
2019-10-19 01:14:21,898 [pool-519-thread-1] INFO  impl.RaftServerImpl (ServerState.java:<init>(103)) - 61d0b7dc-5f8b-422f-8693-c58167224d24@group-20FCFA0487C4: ConfigurationManager, init=-1: [88be3607-7667-471c-9070-7dfd13eb5ac8:192.168.69.71:32925, 9c2d914d-67b1-4af9-8080-4d6ee007b506:192.168.69.71:35462, 61d0b7dc-5f8b-422f-8693-c58167224d24:192.168.69.71:43479], old=null, confs=<EMPTY_MAP>
2019-10-19 01:14:21,898 [pool-519-thread-1] INFO  server.RaftServerConfigKeys (ConfUtils.java:logGet(43)) - raft.server.storage.dir = [/workdir/hadoop-ozone/integration-test/target/test-dir/MiniOzoneClusterImpl-2b25e22a-b484-4e93-9811-5f8cd4460e46/datanode-1/data/ratis] (custom)
2019-10-19 01:14:21,898 [pool-529-thread-1] INFO  server.RaftServerConfigKeys (ConfUtils.java:logGet(43)) - raft.server.log.corruption.policy = EXCEPTION (default)
2019-10-19 01:14:21,898 [pool-519-thread-1] INFO  server.RaftServerConfigKeys (ConfUtils.java:logGet(43)) - raft.server.log.corruption.policy = EXCEPTION (default)
2019-10-19 01:14:21,898 [pool-529-thread-1] INFO  storage.RaftStorageDirectory (RaftStorageDirectory.java:analyzeStorage(246)) - The storage directory /workdir/hadoop-ozone/integration-test/target/test-dir/MiniOzoneClusterImpl-2b25e22a-b484-4e93-9811-5f8cd4460e46/datanode-2/data/ratis/8f83394e-0d1b-40fa-ac78-20fcfa0487c4 does not exist. Creating ...
2019-10-19 01:14:21,898 [pool-519-thread-1] INFO  storage.RaftStorageDirectory (RaftStorageDirectory.java:analyzeStorage(246)) - The storage directory /workdir/hadoop-ozone/integration-test/target/test-dir/MiniOzoneClusterImpl-2b25e22a-b484-4e93-9811-5f8cd4460e46/datanode-1/data/ratis/8f83394e-0d1b-40fa-ac78-20fcfa0487c4 does not exist. Creating ...
2019-10-19 01:14:21,906 [pool-509-thread-1] INFO  storage.RaftStorageDirectory (RaftStorageDirectory.java:tryLock(328)) - Lock on /workdir/hadoop-ozone/integration-test/target/test-dir/MiniOzoneClusterImpl-2b25e22a-b484-4e93-9811-5f8cd4460e46/datanode-0/data/ratis/8f83394e-0d1b-40fa-ac78-20fcfa0487c4/in_use.lock acquired by nodename 10610@pr-hdds-2333-vzxj6-995506542
2019-10-19 01:14:21,906 [pool-519-thread-1] INFO  storage.RaftStorageDirectory (RaftStorageDirectory.java:tryLock(328)) - Lock on /workdir/hadoop-ozone/integration-test/target/test-dir/MiniOzoneClusterImpl-2b25e22a-b484-4e93-9811-5f8cd4460e46/datanode-1/data/ratis/8f83394e-0d1b-40fa-ac78-20fcfa0487c4/in_use.lock acquired by nodename 10610@pr-hdds-2333-vzxj6-995506542
2019-10-19 01:14:21,906 [pool-529-thread-1] INFO  storage.RaftStorageDirectory (RaftStorageDirectory.java:tryLock(328)) - Lock on /workdir/hadoop-ozone/integration-test/target/test-dir/MiniOzoneClusterImpl-2b25e22a-b484-4e93-9811-5f8cd4460e46/datanode-2/data/ratis/8f83394e-0d1b-40fa-ac78-20fcfa0487c4/in_use.lock acquired by nodename 10610@pr-hdds-2333-vzxj6-995506542
2019-10-19 01:14:21,907 [9c2d914d-67b1-4af9-8080-4d6ee007b506@group-06976CB79277-LeaderElection612] INFO  impl.LeaderElection (LeaderElection.java:askForVotes(178)) - 9c2d914d-67b1-4af9-8080-4d6ee007b506@group-06976CB79277-LeaderElection612: begin an election at term 1 for -1: [9c2d914d-67b1-4af9-8080-4d6ee007b506:192.168.69.71:35462], old=null
2019-10-19 01:14:21,907 [9c2d914d-67b1-4af9-8080-4d6ee007b506@group-06976CB79277-LeaderElection612] INFO  impl.RoleInfo (RoleInfo.java:shutdownLeaderElection(134)) - 9c2d914d-67b1-4af9-8080-4d6ee007b506: shutdown LeaderElection
2019-10-19 01:14:21,907 [9c2d914d-67b1-4af9-8080-4d6ee007b506@group-06976CB79277-LeaderElection612] INFO  impl.RaftServerImpl (RaftServerImpl.java:setRole(184)) - 9c2d914d-67b1-4af9-8080-4d6ee007b506@group-06976CB79277: changes role from CANDIDATE to LEADER at term 1 for changeToLeader
2019-10-19 01:14:21,907 [9c2d914d-67b1-4af9-8080-4d6ee007b506@group-06976CB79277-LeaderElection612] INFO  impl.RaftServerImpl (ServerState.java:setLeader(256)) - 9c2d914d-67b1-4af9-8080-4d6ee007b506@group-06976CB79277: change Leader from null to 9c2d914d-67b1-4af9-8080-4d6ee007b506 at term 1 for becomeLeader, leader elected after 44ms
2019-10-19 01:14:21,907 [9c2d914d-67b1-4af9-8080-4d6ee007b506@group-06976CB79277-LeaderElection612] INFO  server.RaftServerConfigKeys (ConfUtils.java:logGet(43)) - raft.server.staging.catchup.gap = 1000 (default)
2019-10-19 01:14:21,907 [9c2d914d-67b1-4af9-8080-4d6ee007b506@group-06976CB79277-LeaderElection612] INFO  server.RaftServerConfigKeys (ConfUtils.java:logGet(43)) - raft.server.rpc.sleep.time = 25ms (default)
2019-10-19 01:14:21,907 [9c2d914d-67b1-4af9-8080-4d6ee007b506@group-06976CB79277-LeaderElection612] INFO  server.RaftServerConfigKeys (ConfUtils.java:logGet(43)) - raft.server.write.element-limit = 4096 (default)
2019-10-19 01:14:21,907 [9c2d914d-67b1-4af9-8080-4d6ee007b506@group-06976CB79277-LeaderElection612] INFO  server.RaftServerConfigKeys (ConfUtils.java:logGet(43)) - raft.server.watch.timeout = 10s (default)
2019-10-19 01:14:21,907 [9c2d914d-67b1-4af9-8080-4d6ee007b506@group-06976CB79277-LeaderElection612] INFO  server.RaftServerConfigKeys (ConfUtils.java:logGet(43)) - raft.server.watch.timeout.denomination = 1s (default)
2019-10-19 01:14:21,907 [9c2d914d-67b1-4af9-8080-4d6ee007b506@group-06976CB79277-LeaderElection612] INFO  server.RaftServerConfigKeys (ConfUtils.java:logGet(43)) - raft.server.watch.element-limit = 65536 (default)
2019-10-19 01:14:21,909 [9c2d914d-67b1-4af9-8080-4d6ee007b506@group-06976CB79277-LeaderElection612] INFO  impl.RoleInfo (RoleInfo.java:updateAndGet(143)) - 9c2d914d-67b1-4af9-8080-4d6ee007b506: start LeaderState
2019-10-19 01:14:21,909 [9c2d914d-67b1-4af9-8080-4d6ee007b506@group-06976CB79277-LeaderElection612] INFO  segmented.SegmentedRaftLogWorker (SegmentedRaftLogWorker.java:startLogSegment(385)) - 9c2d914d-67b1-4af9-8080-4d6ee007b506@group-06976CB79277-SegmentedRaftLogWorker: Starting segment from index:0
2019-10-19 01:14:21,909 [9c2d914d-67b1-4af9-8080-4d6ee007b506@group-06976CB79277-LeaderElection612] INFO  impl.RaftServerImpl (ServerState.java:setRaftConf(357)) - 9c2d914d-67b1-4af9-8080-4d6ee007b506@group-06976CB79277: set configuration 0: [9c2d914d-67b1-4af9-8080-4d6ee007b506:192.168.69.71:35462], old=null at 0
2019-10-19 01:14:21,917 [IPC Server handler 6 on 44729] INFO  net.NetworkTopology (NetworkTopologyImpl.java:add(111)) - Added a new node: /rack1/481c33f5-8212-4ec9-a494-633b8160f9c0
2019-10-19 01:14:21,917 [IPC Server handler 6 on 44729] INFO  node.SCMNodeManager (SCMNodeManager.java:register(268)) - Registered Data node : 481c33f5-8212-4ec9-a494-633b8160f9c0{ip: 192.168.69.71, host: pr-hdds-2333-vzxj6-995506542, networkLocation: /rack1, certSerialId: null}
2019-10-19 01:14:21,920 [pool-509-thread-1] INFO  storage.RaftStorage (RaftStorage.java:format(84)) - Storage directory /workdir/hadoop-ozone/integration-test/target/test-dir/MiniOzoneClusterImpl-2b25e22a-b484-4e93-9811-5f8cd4460e46/datanode-0/data/ratis/8f83394e-0d1b-40fa-ac78-20fcfa0487c4 has been successfully formatted.
2019-10-19 01:14:21,920 [pool-519-thread-1] INFO  storage.RaftStorage (RaftStorage.java:format(84)) - Storage directory /workdir/hadoop-ozone/integration-test/target/test-dir/MiniOzoneClusterImpl-2b25e22a-b484-4e93-9811-5f8cd4460e46/datanode-1/data/ratis/8f83394e-0d1b-40fa-ac78-20fcfa0487c4 has been successfully formatted.
2019-10-19 01:14:21,920 [pool-529-thread-1] INFO  storage.RaftStorage (RaftStorage.java:format(84)) - Storage directory /workdir/hadoop-ozone/integration-test/target/test-dir/MiniOzoneClusterImpl-2b25e22a-b484-4e93-9811-5f8cd4460e46/datanode-2/data/ratis/8f83394e-0d1b-40fa-ac78-20fcfa0487c4 has been successfully formatted.
2019-10-19 01:14:21,920 [pool-509-thread-1] INFO  ratis.ContainerStateMachine (ContainerStateMachine.java:loadSnapshot(231)) - group-20FCFA0487C4: The snapshot info is null. Setting the last applied indexto:(t:0, i:~)
2019-10-19 01:14:21,920 [pool-529-thread-1] INFO  ratis.ContainerStateMachine (ContainerStateMachine.java:loadSnapshot(231)) - group-20FCFA0487C4: The snapshot info is null. Setting the last applied indexto:(t:0, i:~)
2019-10-19 01:14:21,920 [pool-519-thread-1] INFO  ratis.ContainerStateMachine (ContainerStateMachine.java:loadSnapshot(231)) - group-20FCFA0487C4: The snapshot info is null. Setting the last applied indexto:(t:0, i:~)
2019-10-19 01:14:21,920 [pool-529-thread-1] INFO  server.RaftServerConfigKeys (ConfUtils.java:logGet(43)) - raft.server.notification.no-leader.timeout = 120s (custom)
2019-10-19 01:14:21,920 [pool-509-thread-1] INFO  server.RaftServerConfigKeys (ConfUtils.java:logGet(43)) - raft.server.notification.no-leader.timeout = 120s (custom)
2019-10-19 01:14:21,920 [pool-529-thread-1] INFO  server.RaftServerConfigKeys (ConfUtils.java:logGet(43)) - raft.server.log.use.memory = false (default)
2019-10-19 01:14:21,920 [pool-519-thread-1] INFO  server.RaftServerConfigKeys (ConfUtils.java:logGet(43)) - raft.server.notification.no-leader.timeout = 120s (custom)
2019-10-19 01:14:21,921 [pool-529-thread-1] INFO  server.RaftServerConfigKeys (ConfUtils.java:logGet(43)) - raft.server.log.purge.gap = 1000000 (custom)
2019-10-19 01:14:21,920 [pool-509-thread-1] INFO  server.RaftServerConfigKeys (ConfUtils.java:logGet(43)) - raft.server.log.use.memory = false (default)
2019-10-19 01:14:21,921 [pool-529-thread-1] INFO  server.RaftServerConfigKeys (ConfUtils.java:logGet(43)) - raft.server.log.appender.buffer.byte-limit = 33554432 (custom)
2019-10-19 01:14:21,921 [pool-519-thread-1] INFO  server.RaftServerConfigKeys (ConfUtils.java:logGet(43)) - raft.server.log.use.memory = false (default)
2019-10-19 01:14:21,921 [pool-529-thread-1] INFO  server.RaftServerConfigKeys (ConfUtils.java:logGet(43)) - raft.server.log.segment.size.max = 1048576 (custom)
2019-10-19 01:14:21,921 [pool-509-thread-1] INFO  server.RaftServerConfigKeys (ConfUtils.java:logGet(43)) - raft.server.log.purge.gap = 1000000 (custom)
2019-10-19 01:14:21,921 [pool-529-thread-1] INFO  server.RaftServerConfigKeys (ConfUtils.java:logGet(43)) - raft.server.log.segment.cache.num.max = 2 (custom)
2019-10-19 01:14:21,921 [pool-519-thread-1] INFO  server.RaftServerConfigKeys (ConfUtils.java:logGet(43)) - raft.server.log.purge.gap = 1000000 (custom)
2019-10-19 01:14:21,921 [pool-529-thread-1] INFO  segmented.SegmentedRaftLogWorker (SegmentedRaftLogWorker.java:<init>(173)) - new 9c2d914d-67b1-4af9-8080-4d6ee007b506@group-20FCFA0487C4-SegmentedRaftLogWorker for RaftStorage:Storage Directory /workdir/hadoop-ozone/integration-test/target/test-dir/MiniOzoneClusterImpl-2b25e22a-b484-4e93-9811-5f8cd4460e46/datanode-2/data/ratis/8f83394e-0d1b-40fa-ac78-20fcfa0487c4
2019-10-19 01:14:21,921 [pool-509-thread-1] INFO  server.RaftServerConfigKeys (ConfUtils.java:logGet(43)) - raft.server.log.appender.buffer.byte-limit = 33554432 (custom)
2019-10-19 01:14:21,921 [pool-529-thread-1] INFO  server.RaftServerConfigKeys (ConfUtils.java:logGet(43)) - raft.server.log.queue.byte-limit = 2147483647 (custom)
2019-10-19 01:14:21,921 [pool-519-thread-1] INFO  server.RaftServerConfigKeys (ConfUtils.java:logGet(43)) - raft.server.log.appender.buffer.byte-limit = 33554432 (custom)
2019-10-19 01:14:21,921 [pool-529-thread-1] INFO  server.RaftServerConfigKeys (ConfUtils.java:logGet(43)) - raft.server.log.queue.element-limit = 1024 (custom)
2019-10-19 01:14:21,921 [pool-509-thread-1] INFO  server.RaftServerConfigKeys (ConfUtils.java:logGet(43)) - raft.server.log.segment.size.max = 1048576 (custom)
2019-10-19 01:14:21,922 [pool-529-thread-1] INFO  server.RaftServerConfigKeys (ConfUtils.java:logGet(43)) - raft.server.log.segment.size.max = 1048576 (custom)
2019-10-19 01:14:21,922 [pool-519-thread-1] INFO  server.RaftServerConfigKeys (ConfUtils.java:logGet(43)) - raft.server.log.segment.size.max = 1048576 (custom)
2019-10-19 01:14:21,922 [pool-529-thread-1] INFO  server.RaftServerConfigKeys (ConfUtils.java:logGet(43)) - raft.server.log.preallocated.size = 16384 (custom)
2019-10-19 01:14:21,922 [pool-509-thread-1] INFO  server.RaftServerConfigKeys (ConfUtils.java:logGet(43)) - raft.server.log.segment.cache.num.max = 2 (custom)
2019-10-19 01:14:21,922 [pool-529-thread-1] INFO  server.RaftServerConfigKeys (ConfUtils.java:logGet(43)) - raft.server.log.write.buffer.size = 33554432 (custom)
2019-10-19 01:14:21,922 [pool-519-thread-1] INFO  server.RaftServerConfigKeys (ConfUtils.java:logGet(43)) - raft.server.log.segment.cache.num.max = 2 (custom)
2019-10-19 01:14:21,922 [pool-529-thread-1] INFO  server.RaftServerConfigKeys (ConfUtils.java:logGet(43)) - raft.server.log.force.sync.num = 128 (default)
2019-10-19 01:14:21,922 [pool-509-thread-1] INFO  segmented.SegmentedRaftLogWorker (SegmentedRaftLogWorker.java:<init>(173)) - new 88be3607-7667-471c-9070-7dfd13eb5ac8@group-20FCFA0487C4-SegmentedRaftLogWorker for RaftStorage:Storage Directory /workdir/hadoop-ozone/integration-test/target/test-dir/MiniOzoneClusterImpl-2b25e22a-b484-4e93-9811-5f8cd4460e46/datanode-0/data/ratis/8f83394e-0d1b-40fa-ac78-20fcfa0487c4
2019-10-19 01:14:21,922 [pool-529-thread-1] INFO  server.RaftServerConfigKeys (ConfUtils.java:logGet(43)) - raft.server.log.statemachine.data.sync = true (default)
2019-10-19 01:14:21,922 [pool-519-thread-1] INFO  segmented.SegmentedRaftLogWorker (SegmentedRaftLogWorker.java:<init>(173)) - new 61d0b7dc-5f8b-422f-8693-c58167224d24@group-20FCFA0487C4-SegmentedRaftLogWorker for RaftStorage:Storage Directory /workdir/hadoop-ozone/integration-test/target/test-dir/MiniOzoneClusterImpl-2b25e22a-b484-4e93-9811-5f8cd4460e46/datanode-1/data/ratis/8f83394e-0d1b-40fa-ac78-20fcfa0487c4
2019-10-19 01:14:21,922 [pool-529-thread-1] INFO  server.RaftServerConfigKeys (ConfUtils.java:logGet(43)) - raft.server.log.statemachine.data.sync.timeout = 10s (default)
2019-10-19 01:14:21,922 [pool-509-thread-1] INFO  server.RaftServerConfigKeys (ConfUtils.java:logGet(43)) - raft.server.log.queue.byte-limit = 2147483647 (custom)
2019-10-19 01:14:21,923 [pool-529-thread-1] INFO  server.RaftServerConfigKeys (ConfUtils.java:logGet(43)) - raft.server.log.statemachine.data.sync.timeout.retry = -1 (default)
2019-10-19 01:14:21,923 [pool-519-thread-1] INFO  server.RaftServerConfigKeys (ConfUtils.java:logGet(43)) - raft.server.log.queue.byte-limit = 2147483647 (custom)
2019-10-19 01:14:21,923 [pool-529-thread-1] INFO  server.RaftServerConfigKeys (ConfUtils.java:logGet(43)) - raft.server.log.statemachine.data.caching.enabled = true (custom)
2019-10-19 01:14:21,923 [pool-509-thread-1] INFO  server.RaftServerConfigKeys (ConfUtils.java:logGet(43)) - raft.server.log.queue.element-limit = 1024 (custom)
2019-10-19 01:14:21,923 [pool-519-thread-1] INFO  server.RaftServerConfigKeys (ConfUtils.java:logGet(43)) - raft.server.log.queue.element-limit = 1024 (custom)
2019-10-19 01:14:21,923 [pool-529-thread-1] INFO  segmented.SegmentedRaftLogWorker (SegmentedRaftLogWorker.java:lambda$new$0(128)) - 9c2d914d-67b1-4af9-8080-4d6ee007b506@group-20FCFA0487C4-SegmentedRaftLogWorker: flushIndex: setUnconditionally 0 -> -1
2019-10-19 01:14:21,923 [pool-509-thread-1] INFO  server.RaftServerConfigKeys (ConfUtils.java:logGet(43)) - raft.server.log.segment.size.max = 1048576 (custom)
2019-10-19 01:14:21,923 [pool-519-thread-1] INFO  server.RaftServerConfigKeys (ConfUtils.java:logGet(43)) - raft.server.log.segment.size.max = 1048576 (custom)
2019-10-19 01:14:21,923 [pool-529-thread-1] INFO  server.RaftServerConfigKeys (ConfUtils.java:logGet(43)) - raft.server.snapshot.auto.trigger.enabled = true (custom)
2019-10-19 01:14:21,923 [pool-509-thread-1] INFO  server.RaftServerConfigKeys (ConfUtils.java:logGet(43)) - raft.server.log.preallocated.size = 16384 (custom)
2019-10-19 01:14:21,923 [pool-529-thread-1] INFO  server.RaftServerConfigKeys (ConfUtils.java:logGet(43)) - raft.server.snapshot.auto.trigger.threshold = 10000 (custom)
2019-10-19 01:14:21,923 [pool-519-thread-1] INFO  server.RaftServerConfigKeys (ConfUtils.java:logGet(43)) - raft.server.log.preallocated.size = 16384 (custom)
2019-10-19 01:14:21,924 [pool-529-thread-1] INFO  server.RaftServerConfigKeys (ConfUtils.java:logGet(43)) - raft.server.snapshot.retention.file.num = 5 (custom)
2019-10-19 01:14:21,924 [pool-509-thread-1] INFO  server.RaftServerConfigKeys (ConfUtils.java:logGet(43)) - raft.server.log.write.buffer.size = 33554432 (custom)
2019-10-19 01:14:21,924 [pool-529-thread-1] INFO  server.RaftServerConfigKeys (ConfUtils.java:logGet(43)) - raft.server.retrycache.expirytime = 600000ms (custom)
2019-10-19 01:14:21,924 [pool-519-thread-1] INFO  server.RaftServerConfigKeys (ConfUtils.java:logGet(43)) - raft.server.log.write.buffer.size = 33554432 (custom)
2019-10-19 01:14:21,924 [pool-509-thread-1] INFO  server.RaftServerConfigKeys (ConfUtils.java:logGet(43)) - raft.server.log.force.sync.num = 128 (default)
2019-10-19 01:14:21,924 [pool-519-thread-1] INFO  server.RaftServerConfigKeys (ConfUtils.java:logGet(43)) - raft.server.log.force.sync.num = 128 (default)
2019-10-19 01:14:21,924 [pool-509-thread-1] INFO  server.RaftServerConfigKeys (ConfUtils.java:logGet(43)) - raft.server.log.statemachine.data.sync = true (default)
2019-10-19 01:14:21,924 [pool-519-thread-1] INFO  server.RaftServerConfigKeys (ConfUtils.java:logGet(43)) - raft.server.log.statemachine.data.sync = true (default)
2019-10-19 01:14:21,924 [pool-509-thread-1] INFO  server.RaftServerConfigKeys (ConfUtils.java:logGet(43)) - raft.server.log.statemachine.data.sync.timeout = 10s (default)
2019-10-19 01:14:21,924 [pool-519-thread-1] INFO  server.RaftServerConfigKeys (ConfUtils.java:logGet(43)) - raft.server.log.statemachine.data.sync.timeout = 10s (default)
2019-10-19 01:14:21,924 [pool-509-thread-1] INFO  server.RaftServerConfigKeys (ConfUtils.java:logGet(43)) - raft.server.log.statemachine.data.sync.timeout.retry = -1 (default)
2019-10-19 01:14:21,924 [pool-519-thread-1] INFO  server.RaftServerConfigKeys (ConfUtils.java:logGet(43)) - raft.server.log.statemachine.data.sync.timeout.retry = -1 (default)
2019-10-19 01:14:21,924 [pool-509-thread-1] INFO  server.RaftServerConfigKeys (ConfUtils.java:logGet(43)) - raft.server.log.statemachine.data.caching.enabled = true (custom)
2019-10-19 01:14:21,925 [pool-519-thread-1] INFO  server.RaftServerConfigKeys (ConfUtils.java:logGet(43)) - raft.server.log.statemachine.data.caching.enabled = true (custom)
2019-10-19 01:14:21,925 [pool-509-thread-1] INFO  segmented.SegmentedRaftLogWorker (SegmentedRaftLogWorker.java:lambda$new$0(128)) - 88be3607-7667-471c-9070-7dfd13eb5ac8@group-20FCFA0487C4-SegmentedRaftLogWorker: flushIndex: setUnconditionally 0 -> -1
2019-10-19 01:14:21,925 [pool-519-thread-1] INFO  segmented.SegmentedRaftLogWorker (SegmentedRaftLogWorker.java:lambda$new$0(128)) - 61d0b7dc-5f8b-422f-8693-c58167224d24@group-20FCFA0487C4-SegmentedRaftLogWorker: flushIndex: setUnconditionally 0 -> -1
2019-10-19 01:14:21,925 [pool-509-thread-1] INFO  server.RaftServerConfigKeys (ConfUtils.java:logGet(43)) - raft.server.snapshot.auto.trigger.enabled = true (custom)
2019-10-19 01:14:21,925 [pool-509-thread-1] INFO  server.RaftServerConfigKeys (ConfUtils.java:logGet(43)) - raft.server.snapshot.auto.trigger.threshold = 10000 (custom)
2019-10-19 01:14:21,925 [pool-519-thread-1] INFO  server.RaftServerConfigKeys (ConfUtils.java:logGet(43)) - raft.server.snapshot.auto.trigger.enabled = true (custom)
2019-10-19 01:14:21,925 [pool-509-thread-1] INFO  server.RaftServerConfigKeys (ConfUtils.java:logGet(43)) - raft.server.snapshot.retention.file.num = 5 (custom)
2019-10-19 01:14:21,925 [pool-519-thread-1] INFO  server.RaftServerConfigKeys (ConfUtils.java:logGet(43)) - raft.server.snapshot.auto.trigger.threshold = 10000 (custom)
2019-10-19 01:14:21,925 [pool-529-thread-1] INFO  impl.RaftServerImpl (RaftServerImpl.java:start(195)) - 9c2d914d-67b1-4af9-8080-4d6ee007b506@group-20FCFA0487C4: start as a follower, conf=-1: [88be3607-7667-471c-9070-7dfd13eb5ac8:192.168.69.71:32925, 9c2d914d-67b1-4af9-8080-4d6ee007b506:192.168.69.71:35462, 61d0b7dc-5f8b-422f-8693-c58167224d24:192.168.69.71:43479], old=null
2019-10-19 01:14:21,925 [pool-509-thread-1] INFO  server.RaftServerConfigKeys (ConfUtils.java:logGet(43)) - raft.server.retrycache.expirytime = 600000ms (custom)
2019-10-19 01:14:21,925 [pool-529-thread-1] INFO  impl.RaftServerImpl (RaftServerImpl.java:setRole(184)) - 9c2d914d-67b1-4af9-8080-4d6ee007b506@group-20FCFA0487C4: changes role from      null to FOLLOWER at term 0 for startAsFollower
2019-10-19 01:14:21,925 [pool-519-thread-1] INFO  server.RaftServerConfigKeys (ConfUtils.java:logGet(43)) - raft.server.snapshot.retention.file.num = 5 (custom)
2019-10-19 01:14:21,926 [pool-529-thread-1] INFO  impl.RoleInfo (RoleInfo.java:updateAndGet(143)) - 9c2d914d-67b1-4af9-8080-4d6ee007b506: start FollowerState
2019-10-19 01:14:21,926 [pool-519-thread-1] INFO  server.RaftServerConfigKeys (ConfUtils.java:logGet(43)) - raft.server.retrycache.expirytime = 600000ms (custom)
2019-10-19 01:14:21,926 [pool-529-thread-1] INFO  util.JmxRegister (JmxRegister.java:tryRegister(44)) - Successfully registered JMX Bean with object name Ratis:service=RaftServer,group=group-20FCFA0487C4,id=9c2d914d-67b1-4af9-8080-4d6ee007b506
2019-10-19 01:14:21,928 [pool-509-thread-1] INFO  impl.RaftServerImpl (RaftServerImpl.java:start(195)) - 88be3607-7667-471c-9070-7dfd13eb5ac8@group-20FCFA0487C4: start as a follower, conf=-1: [88be3607-7667-471c-9070-7dfd13eb5ac8:192.168.69.71:32925, 9c2d914d-67b1-4af9-8080-4d6ee007b506:192.168.69.71:35462, 61d0b7dc-5f8b-422f-8693-c58167224d24:192.168.69.71:43479], old=null
2019-10-19 01:14:21,928 [pool-509-thread-1] INFO  impl.RaftServerImpl (RaftServerImpl.java:setRole(184)) - 88be3607-7667-471c-9070-7dfd13eb5ac8@group-20FCFA0487C4: changes role from      null to FOLLOWER at term 0 for startAsFollower
2019-10-19 01:14:21,928 [pool-509-thread-1] INFO  impl.RoleInfo (RoleInfo.java:updateAndGet(143)) - 88be3607-7667-471c-9070-7dfd13eb5ac8: start FollowerState
2019-10-19 01:14:21,929 [pool-509-thread-1] INFO  util.JmxRegister (JmxRegister.java:tryRegister(44)) - Successfully registered JMX Bean with object name Ratis:service=RaftServer,group=group-20FCFA0487C4,id=88be3607-7667-471c-9070-7dfd13eb5ac8
2019-10-19 01:14:21,929 [pool-519-thread-1] INFO  impl.RaftServerImpl (RaftServerImpl.java:start(195)) - 61d0b7dc-5f8b-422f-8693-c58167224d24@group-20FCFA0487C4: start as a follower, conf=-1: [88be3607-7667-471c-9070-7dfd13eb5ac8:192.168.69.71:32925, 9c2d914d-67b1-4af9-8080-4d6ee007b506:192.168.69.71:35462, 61d0b7dc-5f8b-422f-8693-c58167224d24:192.168.69.71:43479], old=null
2019-10-19 01:14:21,929 [pool-519-thread-1] INFO  impl.RaftServerImpl (RaftServerImpl.java:setRole(184)) - 61d0b7dc-5f8b-422f-8693-c58167224d24@group-20FCFA0487C4: changes role from      null to FOLLOWER at term 0 for startAsFollower
2019-10-19 01:14:21,929 [pool-519-thread-1] INFO  impl.RoleInfo (RoleInfo.java:updateAndGet(143)) - 61d0b7dc-5f8b-422f-8693-c58167224d24: start FollowerState
2019-10-19 01:14:21,930 [pool-519-thread-1] INFO  util.JmxRegister (JmxRegister.java:tryRegister(44)) - Successfully registered JMX Bean with object name Ratis:service=RaftServer,group=group-20FCFA0487C4,id=61d0b7dc-5f8b-422f-8693-c58167224d24
2019-10-19 01:14:21,933 [RatisPipelineUtilsThread] INFO  pipeline.PipelineStateManager (PipelineStateManager.java:addPipeline(56)) - Created pipeline Pipeline[ Id: 8f83394e-0d1b-40fa-ac78-20fcfa0487c4, Nodes: 9c2d914d-67b1-4af9-8080-4d6ee007b506{ip: 192.168.69.71, host: pr-hdds-2333-vzxj6-995506542, networkLocation: /rack1, certSerialId: null}88be3607-7667-471c-9070-7dfd13eb5ac8{ip: 192.168.69.71, host: pr-hdds-2333-vzxj6-995506542, networkLocation: /rack1, certSerialId: null}61d0b7dc-5f8b-422f-8693-c58167224d24{ip: 192.168.69.71, host: pr-hdds-2333-vzxj6-995506542, networkLocation: /rack1, certSerialId: null}, Type:RATIS, Factor:THREE, State:OPEN]
2019-10-19 01:14:21,939 [61d0b7dc-5f8b-422f-8693-c58167224d24@group-980D17AA54B4-SegmentedRaftLogWorker] INFO  segmented.SegmentedRaftLogWorker (SegmentedRaftLogWorker.java:execute(576)) - 61d0b7dc-5f8b-422f-8693-c58167224d24@group-980D17AA54B4-SegmentedRaftLogWorker: created new log segment /workdir/hadoop-ozone/integration-test/target/test-dir/MiniOzoneClusterImpl-2b25e22a-b484-4e93-9811-5f8cd4460e46/datanode-1/data/ratis/bd0fe27b-1b00-413e-9c92-980d17aa54b4/current/log_inprogress_0
2019-10-19 01:14:21,952 [9c2d914d-67b1-4af9-8080-4d6ee007b506@group-06976CB79277-SegmentedRaftLogWorker] INFO  segmented.SegmentedRaftLogWorker (SegmentedRaftLogWorker.java:execute(576)) - 9c2d914d-67b1-4af9-8080-4d6ee007b506@group-06976CB79277-SegmentedRaftLogWorker: created new log segment /workdir/hadoop-ozone/integration-test/target/test-dir/MiniOzoneClusterImpl-2b25e22a-b484-4e93-9811-5f8cd4460e46/datanode-2/data/ratis/b3bb7212-fd11-4308-8cdc-06976cb79277/current/log_inprogress_0
2019-10-19 01:14:22,002 [IPC Server handler 2 on 44729] INFO  net.NetworkTopology (NetworkTopologyImpl.java:add(111)) - Added a new node: /rack1/79f23d4f-854e-4bcb-ad60-b9a83903d995
2019-10-19 01:14:22,003 [IPC Server handler 2 on 44729] INFO  node.SCMNodeManager (SCMNodeManager.java:register(268)) - Registered Data node : 79f23d4f-854e-4bcb-ad60-b9a83903d995{ip: 192.168.69.71, host: pr-hdds-2333-vzxj6-995506542, networkLocation: /rack1, certSerialId: null}
2019-10-19 01:14:22,006 [Thread-6245] INFO  impl.FollowerState (FollowerState.java:run(108)) - 88be3607-7667-471c-9070-7dfd13eb5ac8@group-20FCFA0487C4-FollowerState: change to CANDIDATE, lastRpcTime:77ms, electionTimeout:75ms
2019-10-19 01:14:22,006 [Thread-6245] INFO  impl.RoleInfo (RoleInfo.java:shutdownFollowerState(121)) - 88be3607-7667-471c-9070-7dfd13eb5ac8: shutdown FollowerState
2019-10-19 01:14:22,007 [Thread-6245] INFO  impl.RaftServerImpl (RaftServerImpl.java:setRole(184)) - 88be3607-7667-471c-9070-7dfd13eb5ac8@group-20FCFA0487C4: changes role from  FOLLOWER to CANDIDATE at term 0 for changeToCandidate
2019-10-19 01:14:22,007 [Thread-6245] INFO  impl.RoleInfo (RoleInfo.java:updateAndGet(143)) - 88be3607-7667-471c-9070-7dfd13eb5ac8: start LeaderElection
2019-10-19 01:14:22,015 [grpc-default-executor-9] INFO  impl.RaftServerProxy (RaftServerProxy.java:addNew(89)) - 79f23d4f-854e-4bcb-ad60-b9a83903d995: addNew group-5023954FE45C:[79f23d4f-854e-4bcb-ad60-b9a83903d995:192.168.69.71:36052] returns group-5023954FE45C:java.util.concurrent.CompletableFuture@62860071[Not completed]
2019-10-19 01:14:22,016 [pool-549-thread-1] INFO  impl.RaftServerImpl (RaftServerImpl.java:<init>(104)) - 79f23d4f-854e-4bcb-ad60-b9a83903d995: new RaftServerImpl for group-5023954FE45C:[79f23d4f-854e-4bcb-ad60-b9a83903d995:192.168.69.71:36052] with ContainerStateMachine:uninitialized
2019-10-19 01:14:22,016 [pool-549-thread-1] INFO  server.RaftServerConfigKeys (ConfUtils.java:logGet(43)) - raft.server.rpc.timeout.min = 1s (custom)
2019-10-19 01:14:22,017 [pool-549-thread-1] INFO  server.RaftServerConfigKeys (ConfUtils.java:logGet(43)) - raft.server.rpc.timeout.max = 1200ms (custom)
2019-10-19 01:14:22,017 [pool-549-thread-1] INFO  server.RaftServerConfigKeys (ConfUtils.java:logGet(43)) - raft.server.rpcslowness.timeout = 120s (custom)
2019-10-19 01:14:22,017 [pool-549-thread-1] INFO  server.RaftServerConfigKeys (ConfUtils.java:logGet(43)) - raft.server.sleep.deviation.threshold = 300 (default)
2019-10-19 01:14:22,017 [pool-549-thread-1] INFO  server.RaftServerConfigKeys (ConfUtils.java:logGet(43)) - raft.server.log.appender.install.snapshot.enabled = false (custom)
2019-10-19 01:14:22,017 [pool-549-thread-1] INFO  impl.RaftServerImpl (ServerState.java:<init>(103)) - 79f23d4f-854e-4bcb-ad60-b9a83903d995@group-5023954FE45C: ConfigurationManager, init=-1: [79f23d4f-854e-4bcb-ad60-b9a83903d995:192.168.69.71:36052], old=null, confs=<EMPTY_MAP>
2019-10-19 01:14:22,017 [pool-549-thread-1] INFO  server.RaftServerConfigKeys (ConfUtils.java:logGet(43)) - raft.server.storage.dir = [/workdir/hadoop-ozone/integration-test/target/test-dir/MiniOzoneClusterImpl-2b25e22a-b484-4e93-9811-5f8cd4460e46/datanode-4/data/ratis] (custom)
2019-10-19 01:14:22,017 [pool-549-thread-1] INFO  server.RaftServerConfigKeys (ConfUtils.java:logGet(43)) - raft.server.log.corruption.policy = EXCEPTION (default)
2019-10-19 01:14:22,017 [pool-549-thread-1] INFO  storage.RaftStorageDirectory (RaftStorageDirectory.java:analyzeStorage(246)) - The storage directory /workdir/hadoop-ozone/integration-test/target/test-dir/MiniOzoneClusterImpl-2b25e22a-b484-4e93-9811-5f8cd4460e46/datanode-4/data/ratis/62eb0aec-416e-4765-bf58-5023954fe45c does not exist. Creating ...
2019-10-19 01:14:22,024 [pool-549-thread-1] INFO  storage.RaftStorageDirectory (RaftStorageDirectory.java:tryLock(328)) - Lock on /workdir/hadoop-ozone/integration-test/target/test-dir/MiniOzoneClusterImpl-2b25e22a-b484-4e93-9811-5f8cd4460e46/datanode-4/data/ratis/62eb0aec-416e-4765-bf58-5023954fe45c/in_use.lock acquired by nodename 10610@pr-hdds-2333-vzxj6-995506542
2019-10-19 01:14:22,024 [88be3607-7667-471c-9070-7dfd13eb5ac8@group-20FCFA0487C4-LeaderElection613] INFO  impl.LeaderElection (LeaderElection.java:askForVotes(178)) - 88be3607-7667-471c-9070-7dfd13eb5ac8@group-20FCFA0487C4-LeaderElection613: begin an election at term 1 for -1: [88be3607-7667-471c-9070-7dfd13eb5ac8:192.168.69.71:32925, 9c2d914d-67b1-4af9-8080-4d6ee007b506:192.168.69.71:35462, 61d0b7dc-5f8b-422f-8693-c58167224d24:192.168.69.71:43479], old=null
2019-10-19 01:14:22,029 [grpc-default-executor-3] INFO  impl.RaftServerImpl (RaftServerImpl.java:setRole(184)) - 9c2d914d-67b1-4af9-8080-4d6ee007b506@group-20FCFA0487C4: changes role from  FOLLOWER to FOLLOWER at term 1 for recognizeCandidate:88be3607-7667-471c-9070-7dfd13eb5ac8
2019-10-19 01:14:22,029 [grpc-default-executor-3] INFO  impl.RoleInfo (RoleInfo.java:shutdownFollowerState(121)) - 9c2d914d-67b1-4af9-8080-4d6ee007b506: shutdown FollowerState
2019-10-19 01:14:22,029 [grpc-default-executor-3] INFO  impl.RoleInfo (RoleInfo.java:updateAndGet(143)) - 9c2d914d-67b1-4af9-8080-4d6ee007b506: start FollowerState
2019-10-19 01:14:22,031 [Thread-6243] INFO  impl.FollowerState (FollowerState.java:run(117)) - 9c2d914d-67b1-4af9-8080-4d6ee007b506@group-20FCFA0487C4-FollowerState was interrupted: java.lang.InterruptedException: sleep interrupted
2019-10-19 01:14:22,031 [grpc-default-executor-9] INFO  impl.RaftServerImpl (RaftServerImpl.java:setRole(184)) - 61d0b7dc-5f8b-422f-8693-c58167224d24@group-20FCFA0487C4: changes role from  FOLLOWER to FOLLOWER at term 1 for recognizeCandidate:88be3607-7667-471c-9070-7dfd13eb5ac8
2019-10-19 01:14:22,031 [grpc-default-executor-9] INFO  impl.RoleInfo (RoleInfo.java:shutdownFollowerState(121)) - 61d0b7dc-5f8b-422f-8693-c58167224d24: shutdown FollowerState
2019-10-19 01:14:22,031 [grpc-default-executor-9] INFO  impl.RoleInfo (RoleInfo.java:updateAndGet(143)) - 61d0b7dc-5f8b-422f-8693-c58167224d24: start FollowerState
2019-10-19 01:14:22,031 [Thread-6247] INFO  impl.FollowerState (FollowerState.java:run(117)) - 61d0b7dc-5f8b-422f-8693-c58167224d24@group-20FCFA0487C4-FollowerState was interrupted: java.lang.InterruptedException: sleep interrupted
2019-10-19 01:14:22,037 [pool-549-thread-1] INFO  storage.RaftStorage (RaftStorage.java:format(84)) - Storage directory /workdir/hadoop-ozone/integration-test/target/test-dir/MiniOzoneClusterImpl-2b25e22a-b484-4e93-9811-5f8cd4460e46/datanode-4/data/ratis/62eb0aec-416e-4765-bf58-5023954fe45c has been successfully formatted.
2019-10-19 01:14:22,038 [pool-549-thread-1] INFO  ratis.ContainerStateMachine (ContainerStateMachine.java:loadSnapshot(231)) - group-5023954FE45C: The snapshot info is null. Setting the last applied indexto:(t:0, i:~)
2019-10-19 01:14:22,038 [pool-549-thread-1] INFO  server.RaftServerConfigKeys (ConfUtils.java:logGet(43)) - raft.server.notification.no-leader.timeout = 120s (custom)
2019-10-19 01:14:22,038 [88be3607-7667-471c-9070-7dfd13eb5ac8@group-20FCFA0487C4-LeaderElection613] INFO  impl.LeaderElection (LeaderElection.java:logAndReturn(56)) - 88be3607-7667-471c-9070-7dfd13eb5ac8@group-20FCFA0487C4-LeaderElection613: Election PASSED; received 1 response(s) [88be3607-7667-471c-9070-7dfd13eb5ac8<-9c2d914d-67b1-4af9-8080-4d6ee007b506#0:OK-t1] and 0 exception(s); 88be3607-7667-471c-9070-7dfd13eb5ac8@group-20FCFA0487C4:t1, leader=null, voted=88be3607-7667-471c-9070-7dfd13eb5ac8, raftlog=88be3607-7667-471c-9070-7dfd13eb5ac8@group-20FCFA0487C4-SegmentedRaftLog:OPENED:c-1,f-1,i0, conf=-1: [88be3607-7667-471c-9070-7dfd13eb5ac8:192.168.69.71:32925, 9c2d914d-67b1-4af9-8080-4d6ee007b506:192.168.69.71:35462, 61d0b7dc-5f8b-422f-8693-c58167224d24:192.168.69.71:43479], old=null
2019-10-19 01:14:22,038 [pool-549-thread-1] INFO  server.RaftServerConfigKeys (ConfUtils.java:logGet(43)) - raft.server.log.use.memory = false (default)
2019-10-19 01:14:22,038 [88be3607-7667-471c-9070-7dfd13eb5ac8@group-20FCFA0487C4-LeaderElection613] INFO  impl.RoleInfo (RoleInfo.java:shutdownLeaderElection(134)) - 88be3607-7667-471c-9070-7dfd13eb5ac8: shutdown LeaderElection
2019-10-19 01:14:22,038 [pool-549-thread-1] INFO  server.RaftServerConfigKeys (ConfUtils.java:logGet(43)) - raft.server.log.purge.gap = 1000000 (custom)
2019-10-19 01:14:22,038 [88be3607-7667-471c-9070-7dfd13eb5ac8@group-20FCFA0487C4-LeaderElection613] INFO  impl.RaftServerImpl (RaftServerImpl.java:setRole(184)) - 88be3607-7667-471c-9070-7dfd13eb5ac8@group-20FCFA0487C4: changes role from CANDIDATE to LEADER at term 1 for changeToLeader
2019-10-19 01:14:22,038 [pool-549-thread-1] INFO  server.RaftServerConfigKeys (ConfUtils.java:logGet(43)) - raft.server.log.appender.buffer.byte-limit = 33554432 (custom)
2019-10-19 01:14:22,039 [88be3607-7667-471c-9070-7dfd13eb5ac8@group-20FCFA0487C4-LeaderElection613] INFO  impl.RaftServerImpl (ServerState.java:setLeader(256)) - 88be3607-7667-471c-9070-7dfd13eb5ac8@group-20FCFA0487C4: change Leader from null to 88be3607-7667-471c-9070-7dfd13eb5ac8 at term 1 for becomeLeader, leader elected after 118ms
2019-10-19 01:14:22,039 [pool-549-thread-1] INFO  server.RaftServerConfigKeys (ConfUtils.java:logGet(43)) - raft.server.log.segment.size.max = 1048576 (custom)
2019-10-19 01:14:22,039 [88be3607-7667-471c-9070-7dfd13eb5ac8@group-20FCFA0487C4-LeaderElection613] INFO  server.RaftServerConfigKeys (ConfUtils.java:logGet(43)) - raft.server.staging.catchup.gap = 1000 (default)
2019-10-19 01:14:22,039 [88be3607-7667-471c-9070-7dfd13eb5ac8@group-20FCFA0487C4-LeaderElection613] INFO  server.RaftServerConfigKeys (ConfUtils.java:logGet(43)) - raft.server.rpc.sleep.time = 25ms (default)
2019-10-19 01:14:22,039 [88be3607-7667-471c-9070-7dfd13eb5ac8@group-20FCFA0487C4-LeaderElection613] INFO  server.RaftServerConfigKeys (ConfUtils.java:logGet(43)) - raft.server.write.element-limit = 4096 (default)
2019-10-19 01:14:22,039 [88be3607-7667-471c-9070-7dfd13eb5ac8@group-20FCFA0487C4-LeaderElection613] INFO  server.RaftServerConfigKeys (ConfUtils.java:logGet(43)) - raft.server.watch.timeout = 10s (default)
2019-10-19 01:14:22,039 [88be3607-7667-471c-9070-7dfd13eb5ac8@group-20FCFA0487C4-LeaderElection613] INFO  server.RaftServerConfigKeys (ConfUtils.java:logGet(43)) - raft.server.watch.timeout.denomination = 1s (default)
2019-10-19 01:14:22,039 [88be3607-7667-471c-9070-7dfd13eb5ac8@group-20FCFA0487C4-LeaderElection613] INFO  server.RaftServerConfigKeys (ConfUtils.java:logGet(43)) - raft.server.watch.element-limit = 65536 (default)
2019-10-19 01:14:22,041 [pool-549-thread-1] INFO  server.RaftServerConfigKeys (ConfUtils.java:logGet(43)) - raft.server.log.segment.cache.num.max = 2 (custom)
2019-10-19 01:14:22,041 [pool-549-thread-1] INFO  segmented.SegmentedRaftLogWorker (SegmentedRaftLogWorker.java:<init>(173)) - new 79f23d4f-854e-4bcb-ad60-b9a83903d995@group-5023954FE45C-SegmentedRaftLogWorker for RaftStorage:Storage Directory /workdir/hadoop-ozone/integration-test/target/test-dir/MiniOzoneClusterImpl-2b25e22a-b484-4e93-9811-5f8cd4460e46/datanode-4/data/ratis/62eb0aec-416e-4765-bf58-5023954fe45c
2019-10-19 01:14:22,041 [pool-549-thread-1] INFO  server.RaftServerConfigKeys (ConfUtils.java:logGet(43)) - raft.server.log.queue.byte-limit = 2147483647 (custom)
2019-10-19 01:14:22,041 [pool-549-thread-1] INFO  server.RaftServerConfigKeys (ConfUtils.java:logGet(43)) - raft.server.log.queue.element-limit = 1024 (custom)
2019-10-19 01:14:22,042 [pool-549-thread-1] INFO  server.RaftServerConfigKeys (ConfUtils.java:logGet(43)) - raft.server.log.segment.size.max = 1048576 (custom)
2019-10-19 01:14:22,042 [88be3607-7667-471c-9070-7dfd13eb5ac8@group-20FCFA0487C4-LeaderElection613] INFO  server.RaftServerConfigKeys (ConfUtils.java:logGet(43)) - raft.server.log.appender.snapshot.chunk.size.max = 16MB (=16777216) (default)
2019-10-19 01:14:22,042 [pool-549-thread-1] INFO  server.RaftServerConfigKeys (ConfUtils.java:logGet(43)) - raft.server.log.preallocated.size = 16384 (custom)
2019-10-19 01:14:22,042 [88be3607-7667-471c-9070-7dfd13eb5ac8@group-20FCFA0487C4-LeaderElection613] INFO  server.RaftServerConfigKeys (ConfUtils.java:logGet(43)) - raft.server.log.appender.buffer.byte-limit = 33554432 (custom)
2019-10-19 01:14:22,042 [pool-549-thread-1] INFO  server.RaftServerConfigKeys (ConfUtils.java:logGet(43)) - raft.server.log.write.buffer.size = 33554432 (custom)
2019-10-19 01:14:22,042 [88be3607-7667-471c-9070-7dfd13eb5ac8@group-20FCFA0487C4-LeaderElection613] INFO  server.RaftServerConfigKeys (ConfUtils.java:logGet(43)) - raft.server.log.appender.buffer.element-limit = 1 (custom)
2019-10-19 01:14:22,042 [pool-549-thread-1] INFO  server.RaftServerConfigKeys (ConfUtils.java:logGet(43)) - raft.server.log.force.sync.num = 128 (default)
2019-10-19 01:14:22,045 [Thread-6253] INFO  impl.FollowerState (FollowerState.java:run(108)) - 9c2d914d-67b1-4af9-8080-4d6ee007b506@group-20FCFA0487C4-FollowerState: change to CANDIDATE, lastRpcTime:15ms, electionTimeout:11ms
2019-10-19 01:14:22,045 [pool-549-thread-1] INFO  server.RaftServerConfigKeys (ConfUtils.java:logGet(43)) - raft.server.log.statemachine.data.sync = true (default)
2019-10-19 01:14:22,045 [88be3607-7667-471c-9070-7dfd13eb5ac8@group-20FCFA0487C4-LeaderElection613] INFO  grpc.GrpcConfigKeys$Server (ConfUtils.java:logGet(43)) - raft.grpc.server.leader.outstanding.appends.max = 128 (default)
2019-10-19 01:14:22,045 [Thread-6253] INFO  impl.RoleInfo (RoleInfo.java:shutdownFollowerState(121)) - 9c2d914d-67b1-4af9-8080-4d6ee007b506: shutdown FollowerState
2019-10-19 01:14:22,045 [88be3607-7667-471c-9070-7dfd13eb5ac8@group-20FCFA0487C4-LeaderElection613] INFO  server.RaftServerConfigKeys (ConfUtils.java:logGet(43)) - raft.server.rpc.request.timeout = 3000ms (default)
2019-10-19 01:14:22,045 [pool-549-thread-1] INFO  server.RaftServerConfigKeys (ConfUtils.java:logGet(43)) - raft.server.log.statemachine.data.sync.timeout = 10s (default)
2019-10-19 01:14:22,045 [88be3607-7667-471c-9070-7dfd13eb5ac8@group-20FCFA0487C4-LeaderElection613] INFO  server.RaftServerConfigKeys (ConfUtils.java:logGet(43)) - raft.server.log.appender.install.snapshot.enabled = false (custom)
2019-10-19 01:14:22,045 [Thread-6253] INFO  impl.RaftServerImpl (RaftServerImpl.java:setRole(184)) - 9c2d914d-67b1-4af9-8080-4d6ee007b506@group-20FCFA0487C4: changes role from  FOLLOWER to CANDIDATE at term 1 for changeToCandidate
2019-10-19 01:14:22,045 [pool-549-thread-1] INFO  server.RaftServerConfigKeys (ConfUtils.java:logGet(43)) - raft.server.log.statemachine.data.sync.timeout.retry = -1 (default)
2019-10-19 01:14:22,046 [Thread-6253] INFO  impl.RoleInfo (RoleInfo.java:updateAndGet(143)) - 9c2d914d-67b1-4af9-8080-4d6ee007b506: start LeaderElection
2019-10-19 01:14:22,046 [pool-549-thread-1] INFO  server.RaftServerConfigKeys (ConfUtils.java:logGet(43)) - raft.server.log.statemachine.data.caching.enabled = true (custom)
2019-10-19 01:14:22,046 [pool-549-thread-1] INFO  segmented.SegmentedRaftLogWorker (SegmentedRaftLogWorker.java:lambda$new$0(128)) - 79f23d4f-854e-4bcb-ad60-b9a83903d995@group-5023954FE45C-SegmentedRaftLogWorker: flushIndex: setUnconditionally 0 -> -1
2019-10-19 01:14:22,047 [pool-549-thread-1] INFO  server.RaftServerConfigKeys (ConfUtils.java:logGet(43)) - raft.server.snapshot.auto.trigger.enabled = true (custom)
2019-10-19 01:14:22,047 [pool-549-thread-1] INFO  server.RaftServerConfigKeys (ConfUtils.java:logGet(43)) - raft.server.snapshot.auto.trigger.threshold = 10000 (custom)
2019-10-19 01:14:22,047 [pool-549-thread-1] INFO  server.RaftServerConfigKeys (ConfUtils.java:logGet(43)) - raft.server.snapshot.retention.file.num = 5 (custom)
2019-10-19 01:14:22,047 [pool-549-thread-1] INFO  server.RaftServerConfigKeys (ConfUtils.java:logGet(43)) - raft.server.retrycache.expirytime = 600000ms (custom)
2019-10-19 01:14:22,048 [88be3607-7667-471c-9070-7dfd13eb5ac8@group-20FCFA0487C4-LeaderElection613] INFO  server.RaftServerConfigKeys (ConfUtils.java:logGet(43)) - raft.server.log.appender.snapshot.chunk.size.max = 16MB (=16777216) (default)
2019-10-19 01:14:22,048 [88be3607-7667-471c-9070-7dfd13eb5ac8@group-20FCFA0487C4-LeaderElection613] INFO  server.RaftServerConfigKeys (ConfUtils.java:logGet(43)) - raft.server.log.appender.buffer.byte-limit = 33554432 (custom)
2019-10-19 01:14:22,048 [88be3607-7667-471c-9070-7dfd13eb5ac8@group-20FCFA0487C4-LeaderElection613] INFO  server.RaftServerConfigKeys (ConfUtils.java:logGet(43)) - raft.server.log.appender.buffer.element-limit = 1 (custom)
2019-10-19 01:14:22,048 [88be3607-7667-471c-9070-7dfd13eb5ac8@group-20FCFA0487C4-LeaderElection613] INFO  grpc.GrpcConfigKeys$Server (ConfUtils.java:logGet(43)) - raft.grpc.server.leader.outstanding.appends.max = 128 (default)
2019-10-19 01:14:22,048 [88be3607-7667-471c-9070-7dfd13eb5ac8@group-20FCFA0487C4-LeaderElection613] INFO  server.RaftServerConfigKeys (ConfUtils.java:logGet(43)) - raft.server.rpc.request.timeout = 3000ms (default)
2019-10-19 01:14:22,048 [88be3607-7667-471c-9070-7dfd13eb5ac8@group-20FCFA0487C4-LeaderElection613] INFO  server.RaftServerConfigKeys (ConfUtils.java:logGet(43)) - raft.server.log.appender.install.snapshot.enabled = false (custom)
2019-10-19 01:14:22,051 [pool-549-thread-1] INFO  impl.RaftServerImpl (RaftServerImpl.java:start(195)) - 79f23d4f-854e-4bcb-ad60-b9a83903d995@group-5023954FE45C: start as a follower, conf=-1: [79f23d4f-854e-4bcb-ad60-b9a83903d995:192.168.69.71:36052], old=null
2019-10-19 01:14:22,051 [88be3607-7667-471c-9070-7dfd13eb5ac8@group-20FCFA0487C4-LeaderElection613] INFO  impl.RoleInfo (RoleInfo.java:updateAndGet(143)) - 88be3607-7667-471c-9070-7dfd13eb5ac8: start LeaderState
2019-10-19 01:14:22,051 [pool-549-thread-1] INFO  impl.RaftServerImpl (RaftServerImpl.java:setRole(184)) - 79f23d4f-854e-4bcb-ad60-b9a83903d995@group-5023954FE45C: changes role from      null to FOLLOWER at term 0 for startAsFollower
2019-10-19 01:14:22,051 [pool-549-thread-1] INFO  impl.RoleInfo (RoleInfo.java:updateAndGet(143)) - 79f23d4f-854e-4bcb-ad60-b9a83903d995: start FollowerState
2019-10-19 01:14:22,051 [88be3607-7667-471c-9070-7dfd13eb5ac8@group-20FCFA0487C4-LeaderElection613] INFO  segmented.SegmentedRaftLogWorker (SegmentedRaftLogWorker.java:startLogSegment(385)) - 88be3607-7667-471c-9070-7dfd13eb5ac8@group-20FCFA0487C4-SegmentedRaftLogWorker: Starting segment from index:0
2019-10-19 01:14:22,052 [pool-549-thread-1] INFO  util.JmxRegister (JmxRegister.java:tryRegister(44)) - Successfully registered JMX Bean with object name Ratis:service=RaftServer,group=group-5023954FE45C,id=79f23d4f-854e-4bcb-ad60-b9a83903d995
2019-10-19 01:14:22,052 [88be3607-7667-471c-9070-7dfd13eb5ac8@group-20FCFA0487C4-LeaderElection613] INFO  impl.RaftServerImpl (ServerState.java:setRaftConf(357)) - 88be3607-7667-471c-9070-7dfd13eb5ac8@group-20FCFA0487C4: set configuration 0: [88be3607-7667-471c-9070-7dfd13eb5ac8:192.168.69.71:32925, 9c2d914d-67b1-4af9-8080-4d6ee007b506:192.168.69.71:35462, 61d0b7dc-5f8b-422f-8693-c58167224d24:192.168.69.71:43479], old=null at 0
2019-10-19 01:14:22,053 [grpc-default-executor-9] INFO  impl.RaftServerImpl (ServerState.java:setLeader(256)) - 61d0b7dc-5f8b-422f-8693-c58167224d24@group-20FCFA0487C4: change Leader from null to 88be3607-7667-471c-9070-7dfd13eb5ac8 at term 1 for appendEntries, leader elected after 133ms
2019-10-19 01:14:22,078 [9c2d914d-67b1-4af9-8080-4d6ee007b506@group-20FCFA0487C4-LeaderElection614] INFO  impl.LeaderElection (LeaderElection.java:askForVotes(178)) - 9c2d914d-67b1-4af9-8080-4d6ee007b506@group-20FCFA0487C4-LeaderElection614: begin an election at term 2 for -1: [88be3607-7667-471c-9070-7dfd13eb5ac8:192.168.69.71:32925, 9c2d914d-67b1-4af9-8080-4d6ee007b506:192.168.69.71:35462, 61d0b7dc-5f8b-422f-8693-c58167224d24:192.168.69.71:43479], old=null
2019-10-19 01:14:22,079 [Thread-6255] INFO  impl.RaftServerImpl (ServerState.java:setLeader(256)) - 88be3607-7667-471c-9070-7dfd13eb5ac8@group-20FCFA0487C4: change Leader from 88be3607-7667-471c-9070-7dfd13eb5ac8 to null at term 2 for updateCurrentTerm
2019-10-19 01:14:22,079 [Thread-6255] INFO  impl.RaftServerImpl (RaftServerImpl.java:setRole(184)) - 88be3607-7667-471c-9070-7dfd13eb5ac8@group-20FCFA0487C4: changes role from    LEADER to FOLLOWER at term 2 for stepDown
2019-10-19 01:14:22,079 [IPC Server handler 7 on 44729] INFO  net.NetworkTopology (NetworkTopologyImpl.java:add(111)) - Added a new node: /rack1/f143d5cf-4038-4fa8-8601-f5a45f16ca3e
2019-10-19 01:14:22,079 [Thread-6255] INFO  impl.RoleInfo (RoleInfo.java:shutdownLeaderState(104)) - 88be3607-7667-471c-9070-7dfd13eb5ac8: shutdown LeaderState
2019-10-19 01:14:22,079 [IPC Server handler 7 on 44729] INFO  node.SCMNodeManager (SCMNodeManager.java:register(268)) - Registered Data node : f143d5cf-4038-4fa8-8601-f5a45f16ca3e{ip: 192.168.69.71, host: pr-hdds-2333-vzxj6-995506542, networkLocation: /rack1, certSerialId: null}
2019-10-19 01:14:22,084 [org.apache.ratis.server.impl.LogAppender$AppenderDaemon$$Lambda$444/2145623288@732e3b2f] WARN  server.GrpcLogAppender (GrpcLogAppender.java:mayWait(149)) - 88be3607-7667-471c-9070-7dfd13eb5ac8@group-20FCFA0487C4->9c2d914d-67b1-4af9-8080-4d6ee007b506-GrpcLogAppender: Wait interrupted by java.lang.InterruptedException
2019-10-19 01:14:22,084 [RatisPipelineUtilsThread] INFO  pipeline.PipelineStateManager (PipelineStateManager.java:addPipeline(56)) - Created pipeline Pipeline[ Id: 62eb0aec-416e-4765-bf58-5023954fe45c, Nodes: 79f23d4f-854e-4bcb-ad60-b9a83903d995{ip: 192.168.69.71, host: pr-hdds-2333-vzxj6-995506542, networkLocation: /rack1, certSerialId: null}, Type:RATIS, Factor:ONE, State:OPEN]
2019-10-19 01:14:22,084 [Thread-6255] INFO  impl.PendingRequests (PendingRequests.java:sendNotLeaderResponses(202)) - 88be3607-7667-471c-9070-7dfd13eb5ac8@group-20FCFA0487C4-PendingRequests: sendNotLeaderResponses
2019-10-19 01:14:22,083 [org.apache.ratis.server.impl.LogAppender$AppenderDaemon$$Lambda$444/2145623288@4217093d] WARN  server.GrpcLogAppender (GrpcLogAppender.java:mayWait(149)) - 88be3607-7667-471c-9070-7dfd13eb5ac8@group-20FCFA0487C4->61d0b7dc-5f8b-422f-8693-c58167224d24-GrpcLogAppender: Wait interrupted by java.lang.InterruptedException
2019-10-19 01:14:22,084 [grpc-default-executor-9] INFO  server.GrpcServerProtocolService (GrpcServerProtocolService.java:onCompleted(113)) - 9c2d914d-67b1-4af9-8080-4d6ee007b506: Completed APPEND_ENTRIES, lastRequest: 88be3607-7667-471c-9070-7dfd13eb5ac8->9c2d914d-67b1-4af9-8080-4d6ee007b506#0-t1, previous=(t:0, i:0), leaderCommit=-1, initializing? false, entries: <empty>
2019-10-19 01:14:22,084 [grpc-default-executor-5] INFO  impl.RaftServerImpl (ServerState.java:setRaftConf(357)) - 61d0b7dc-5f8b-422f-8693-c58167224d24@group-20FCFA0487C4: set configuration 0: [88be3607-7667-471c-9070-7dfd13eb5ac8:192.168.69.71:32925, 9c2d914d-67b1-4af9-8080-4d6ee007b506:192.168.69.71:35462, 61d0b7dc-5f8b-422f-8693-c58167224d24:192.168.69.71:43479], old=null at 0
2019-10-19 01:14:22,087 [grpc-default-executor-9] INFO  server.GrpcLogAppender (GrpcLogAppender.java:onCompleted(308)) - 88be3607-7667-471c-9070-7dfd13eb5ac8@group-20FCFA0487C4->9c2d914d-67b1-4af9-8080-4d6ee007b506-AppendLogResponseHandler: follower responses appendEntries COMPLETED
2019-10-19 01:14:22,084 [Thread-6255] INFO  impl.RoleInfo (RoleInfo.java:updateAndGet(143)) - 88be3607-7667-471c-9070-7dfd13eb5ac8: start FollowerState
2019-10-19 01:14:22,087 [grpc-default-executor-5] INFO  segmented.SegmentedRaftLogWorker (SegmentedRaftLogWorker.java:startLogSegment(385)) - 61d0b7dc-5f8b-422f-8693-c58167224d24@group-20FCFA0487C4-SegmentedRaftLogWorker: Starting segment from index:0
2019-10-19 01:14:22,090 [grpc-default-executor-9] INFO  impl.FollowerInfo (FollowerInfo.java:lambda$new$0(51)) - 88be3607-7667-471c-9070-7dfd13eb5ac8@group-20FCFA0487C4->9c2d914d-67b1-4af9-8080-4d6ee007b506: nextIndex: updateUnconditionally 0 -> 0
2019-10-19 01:14:22,090 [grpc-default-executor-5] INFO  server.GrpcServerProtocolService (GrpcServerProtocolService.java:onCompleted(113)) - 61d0b7dc-5f8b-422f-8693-c58167224d24: Completed APPEND_ENTRIES, lastRequest: 88be3607-7667-471c-9070-7dfd13eb5ac8->61d0b7dc-5f8b-422f-8693-c58167224d24#1-t1, previous=(t:0, i:0), leaderCommit=-1, initializing? false, entries: size=1, first=(t:1, i:0), CONFIGURATIONENTRY
2019-10-19 01:14:22,090 [grpc-default-executor-3] INFO  impl.RaftServerImpl (ServerState.java:setLeader(256)) - 61d0b7dc-5f8b-422f-8693-c58167224d24@group-20FCFA0487C4: change Leader from 88be3607-7667-471c-9070-7dfd13eb5ac8 to null at term 2 for updateCurrentTerm
2019-10-19 01:14:22,090 [grpc-default-executor-5] INFO  server.GrpcLogAppender (GrpcLogAppender.java:onCompleted(308)) - 88be3607-7667-471c-9070-7dfd13eb5ac8@group-20FCFA0487C4->61d0b7dc-5f8b-422f-8693-c58167224d24-AppendLogResponseHandler: follower responses appendEntries COMPLETED
2019-10-19 01:14:22,090 [grpc-default-executor-3] INFO  impl.RaftServerImpl (RaftServerImpl.java:setRole(184)) - 61d0b7dc-5f8b-422f-8693-c58167224d24@group-20FCFA0487C4: changes role from  FOLLOWER to FOLLOWER at term 2 for recognizeCandidate:9c2d914d-67b1-4af9-8080-4d6ee007b506
2019-10-19 01:14:22,118 [grpc-default-executor-5] INFO  impl.FollowerInfo (FollowerInfo.java:lambda$new$0(51)) - 88be3607-7667-471c-9070-7dfd13eb5ac8@group-20FCFA0487C4->61d0b7dc-5f8b-422f-8693-c58167224d24: nextIndex: updateUnconditionally 1 -> 0
2019-10-19 01:14:22,118 [grpc-default-executor-3] INFO  impl.RoleInfo (RoleInfo.java:shutdownFollowerState(121)) - 61d0b7dc-5f8b-422f-8693-c58167224d24: shutdown FollowerState
2019-10-19 01:14:22,116 [grpc-default-executor-9] INFO  impl.RaftServerImpl (RaftServerImpl.java:setRole(184)) - 88be3607-7667-471c-9070-7dfd13eb5ac8@group-20FCFA0487C4: changes role from  FOLLOWER to FOLLOWER at term 2 for recognizeCandidate:9c2d914d-67b1-4af9-8080-4d6ee007b506
2019-10-19 01:14:22,116 [88be3607-7667-471c-9070-7dfd13eb5ac8@group-20FCFA0487C4-SegmentedRaftLogWorker] INFO  segmented.SegmentedRaftLogWorker (SegmentedRaftLogWorker.java:execute(576)) - 88be3607-7667-471c-9070-7dfd13eb5ac8@group-20FCFA0487C4-SegmentedRaftLogWorker: created new log segment /workdir/hadoop-ozone/integration-test/target/test-dir/MiniOzoneClusterImpl-2b25e22a-b484-4e93-9811-5f8cd4460e46/datanode-0/data/ratis/8f83394e-0d1b-40fa-ac78-20fcfa0487c4/current/log_inprogress_0
2019-10-19 01:14:22,115 [Thread-6260] INFO  impl.FollowerState (FollowerState.java:run(108)) - 79f23d4f-854e-4bcb-ad60-b9a83903d995@group-5023954FE45C-FollowerState: change to CANDIDATE, lastRpcTime:64ms, electionTimeout:59ms
2019-10-19 01:14:22,119 [grpc-default-executor-9] INFO  impl.RoleInfo (RoleInfo.java:shutdownFollowerState(121)) - 88be3607-7667-471c-9070-7dfd13eb5ac8: shutdown FollowerState
2019-10-19 01:14:22,118 [Thread-6254] INFO  impl.FollowerState (FollowerState.java:run(117)) - 61d0b7dc-5f8b-422f-8693-c58167224d24@group-20FCFA0487C4-FollowerState was interrupted: java.lang.InterruptedException: sleep interrupted
2019-10-19 01:14:22,119 [Thread-6267] INFO  impl.FollowerState (FollowerState.java:run(117)) - 88be3607-7667-471c-9070-7dfd13eb5ac8@group-20FCFA0487C4-FollowerState was interrupted: java.lang.InterruptedException: sleep interrupted
2019-10-19 01:14:22,118 [grpc-default-executor-3] INFO  impl.RoleInfo (RoleInfo.java:updateAndGet(143)) - 61d0b7dc-5f8b-422f-8693-c58167224d24: start FollowerState
2019-10-19 01:14:22,119 [grpc-default-executor-9] INFO  impl.RoleInfo (RoleInfo.java:updateAndGet(143)) - 88be3607-7667-471c-9070-7dfd13eb5ac8: start FollowerState
2019-10-19 01:14:22,119 [Thread-6260] INFO  impl.RoleInfo (RoleInfo.java:shutdownFollowerState(121)) - 79f23d4f-854e-4bcb-ad60-b9a83903d995: shutdown FollowerState
2019-10-19 01:14:22,119 [Thread-6260] INFO  impl.RaftServerImpl (RaftServerImpl.java:setRole(184)) - 79f23d4f-854e-4bcb-ad60-b9a83903d995@group-5023954FE45C: changes role from  FOLLOWER to CANDIDATE at term 0 for changeToCandidate
2019-10-19 01:14:22,119 [Thread-6260] INFO  impl.RoleInfo (RoleInfo.java:updateAndGet(143)) - 79f23d4f-854e-4bcb-ad60-b9a83903d995: start LeaderElection
2019-10-19 01:14:22,126 [grpc-default-executor-9] INFO  impl.RaftServerProxy (RaftServerProxy.java:addNew(89)) - f143d5cf-4038-4fa8-8601-f5a45f16ca3e: addNew group-EFC1A5572408:[f143d5cf-4038-4fa8-8601-f5a45f16ca3e:192.168.69.71:40169] returns group-EFC1A5572408:java.util.concurrent.CompletableFuture@7e72db5f[Not completed]
2019-10-19 01:14:22,127 [pool-559-thread-1] INFO  impl.RaftServerImpl (RaftServerImpl.java:<init>(104)) - f143d5cf-4038-4fa8-8601-f5a45f16ca3e: new RaftServerImpl for group-EFC1A5572408:[f143d5cf-4038-4fa8-8601-f5a45f16ca3e:192.168.69.71:40169] with ContainerStateMachine:uninitialized
2019-10-19 01:14:22,127 [pool-559-thread-1] INFO  server.RaftServerConfigKeys (ConfUtils.java:logGet(43)) - raft.server.rpc.timeout.min = 1s (custom)
2019-10-19 01:14:22,127 [pool-559-thread-1] INFO  server.RaftServerConfigKeys (ConfUtils.java:logGet(43)) - raft.server.rpc.timeout.max = 1200ms (custom)
2019-10-19 01:14:22,127 [pool-559-thread-1] INFO  server.RaftServerConfigKeys (ConfUtils.java:logGet(43)) - raft.server.rpcslowness.timeout = 120s (custom)
2019-10-19 01:14:22,128 [pool-559-thread-1] INFO  server.RaftServerConfigKeys (ConfUtils.java:logGet(43)) - raft.server.sleep.deviation.threshold = 300 (default)
2019-10-19 01:14:22,128 [pool-559-thread-1] INFO  server.RaftServerConfigKeys (ConfUtils.java:logGet(43)) - raft.server.log.appender.install.snapshot.enabled = false (custom)
2019-10-19 01:14:22,128 [pool-559-thread-1] INFO  impl.RaftServerImpl (ServerState.java:<init>(103)) - f143d5cf-4038-4fa8-8601-f5a45f16ca3e@group-EFC1A5572408: ConfigurationManager, init=-1: [f143d5cf-4038-4fa8-8601-f5a45f16ca3e:192.168.69.71:40169], old=null, confs=<EMPTY_MAP>
2019-10-19 01:14:22,128 [pool-559-thread-1] INFO  server.RaftServerConfigKeys (ConfUtils.java:logGet(43)) - raft.server.storage.dir = [/workdir/hadoop-ozone/integration-test/target/test-dir/MiniOzoneClusterImpl-2b25e22a-b484-4e93-9811-5f8cd4460e46/datanode-5/data/ratis] (custom)
2019-10-19 01:14:22,128 [pool-559-thread-1] INFO  server.RaftServerConfigKeys (ConfUtils.java:logGet(43)) - raft.server.log.corruption.policy = EXCEPTION (default)
2019-10-19 01:14:22,128 [pool-559-thread-1] INFO  storage.RaftStorageDirectory (RaftStorageDirectory.java:analyzeStorage(246)) - The storage directory /workdir/hadoop-ozone/integration-test/target/test-dir/MiniOzoneClusterImpl-2b25e22a-b484-4e93-9811-5f8cd4460e46/datanode-5/data/ratis/2ae17c23-40fd-46e6-86f2-efc1a5572408 does not exist. Creating ...
2019-10-19 01:14:22,129 [61d0b7dc-5f8b-422f-8693-c58167224d24@group-20FCFA0487C4-SegmentedRaftLogWorker] INFO  segmented.SegmentedRaftLogWorker (SegmentedRaftLogWorker.java:execute(576)) - 61d0b7dc-5f8b-422f-8693-c58167224d24@group-20FCFA0487C4-SegmentedRaftLogWorker: created new log segment /workdir/hadoop-ozone/integration-test/target/test-dir/MiniOzoneClusterImpl-2b25e22a-b484-4e93-9811-5f8cd4460e46/datanode-1/data/ratis/8f83394e-0d1b-40fa-ac78-20fcfa0487c4/current/log_inprogress_0
2019-10-19 01:14:22,141 [9c2d914d-67b1-4af9-8080-4d6ee007b506@group-20FCFA0487C4-LeaderElection614] INFO  impl.LeaderElection (LeaderElection.java:logAndReturn(56)) - 9c2d914d-67b1-4af9-8080-4d6ee007b506@group-20FCFA0487C4-LeaderElection614: Election REJECTED; received 2 response(s) [9c2d914d-67b1-4af9-8080-4d6ee007b506<-88be3607-7667-471c-9070-7dfd13eb5ac8#0:FAIL-t2, 9c2d914d-67b1-4af9-8080-4d6ee007b506<-61d0b7dc-5f8b-422f-8693-c58167224d24#0:FAIL-t2] and 0 exception(s); 9c2d914d-67b1-4af9-8080-4d6ee007b506@group-20FCFA0487C4:t2, leader=null, voted=9c2d914d-67b1-4af9-8080-4d6ee007b506, raftlog=9c2d914d-67b1-4af9-8080-4d6ee007b506@group-20FCFA0487C4-SegmentedRaftLog:OPENED:c-1,f-1,i0, conf=-1: [88be3607-7667-471c-9070-7dfd13eb5ac8:192.168.69.71:32925, 9c2d914d-67b1-4af9-8080-4d6ee007b506:192.168.69.71:35462, 61d0b7dc-5f8b-422f-8693-c58167224d24:192.168.69.71:43479], old=null
2019-10-19 01:14:22,141 [pool-559-thread-1] INFO  storage.RaftStorageDirectory (RaftStorageDirectory.java:tryLock(328)) - Lock on /workdir/hadoop-ozone/integration-test/target/test-dir/MiniOzoneClusterImpl-2b25e22a-b484-4e93-9811-5f8cd4460e46/datanode-5/data/ratis/2ae17c23-40fd-46e6-86f2-efc1a5572408/in_use.lock acquired by nodename 10610@pr-hdds-2333-vzxj6-995506542
2019-10-19 01:14:22,141 [9c2d914d-67b1-4af9-8080-4d6ee007b506@group-20FCFA0487C4-LeaderElection614] INFO  impl.RaftServerImpl (RaftServerImpl.java:setRole(184)) - 9c2d914d-67b1-4af9-8080-4d6ee007b506@group-20FCFA0487C4: changes role from CANDIDATE to FOLLOWER at term 2 for DISCOVERED_A_NEW_TERM
2019-10-19 01:14:22,141 [9c2d914d-67b1-4af9-8080-4d6ee007b506@group-20FCFA0487C4-LeaderElection614] INFO  impl.RoleInfo (RoleInfo.java:shutdownLeaderElection(134)) - 9c2d914d-67b1-4af9-8080-4d6ee007b506: shutdown LeaderElection
2019-10-19 01:14:22,141 [79f23d4f-854e-4bcb-ad60-b9a83903d995@group-5023954FE45C-LeaderElection615] INFO  impl.LeaderElection (LeaderElection.java:askForVotes(178)) - 79f23d4f-854e-4bcb-ad60-b9a83903d995@group-5023954FE45C-LeaderElection615: begin an election at term 1 for -1: [79f23d4f-854e-4bcb-ad60-b9a83903d995:192.168.69.71:36052], old=null
2019-10-19 01:14:22,142 [9c2d914d-67b1-4af9-8080-4d6ee007b506@group-20FCFA0487C4-LeaderElection614] INFO  impl.RoleInfo (RoleInfo.java:updateAndGet(143)) - 9c2d914d-67b1-4af9-8080-4d6ee007b506: start FollowerState
2019-10-19 01:14:22,142 [79f23d4f-854e-4bcb-ad60-b9a83903d995@group-5023954FE45C-LeaderElection615] INFO  impl.RoleInfo (RoleInfo.java:shutdownLeaderElection(134)) - 79f23d4f-854e-4bcb-ad60-b9a83903d995: shutdown LeaderElection
2019-10-19 01:14:22,142 [79f23d4f-854e-4bcb-ad60-b9a83903d995@group-5023954FE45C-LeaderElection615] INFO  impl.RaftServerImpl (RaftServerImpl.java:setRole(184)) - 79f23d4f-854e-4bcb-ad60-b9a83903d995@group-5023954FE45C: changes role from CANDIDATE to LEADER at term 1 for changeToLeader
2019-10-19 01:14:22,142 [79f23d4f-854e-4bcb-ad60-b9a83903d995@group-5023954FE45C-LeaderElection615] INFO  impl.RaftServerImpl (ServerState.java:setLeader(256)) - 79f23d4f-854e-4bcb-ad60-b9a83903d995@group-5023954FE45C: change Leader from null to 79f23d4f-854e-4bcb-ad60-b9a83903d995 at term 1 for becomeLeader, leader elected after 104ms
2019-10-19 01:14:22,142 [79f23d4f-854e-4bcb-ad60-b9a83903d995@group-5023954FE45C-LeaderElection615] INFO  server.RaftServerConfigKeys (ConfUtils.java:logGet(43)) - raft.server.staging.catchup.gap = 1000 (default)
2019-10-19 01:14:22,142 [79f23d4f-854e-4bcb-ad60-b9a83903d995@group-5023954FE45C-LeaderElection615] INFO  server.RaftServerConfigKeys (ConfUtils.java:logGet(43)) - raft.server.rpc.sleep.time = 25ms (default)
2019-10-19 01:14:22,142 [79f23d4f-854e-4bcb-ad60-b9a83903d995@group-5023954FE45C-LeaderElection615] INFO  server.RaftServerConfigKeys (ConfUtils.java:logGet(43)) - raft.server.write.element-limit = 4096 (default)
2019-10-19 01:14:22,142 [79f23d4f-854e-4bcb-ad60-b9a83903d995@group-5023954FE45C-LeaderElection615] INFO  server.RaftServerConfigKeys (ConfUtils.java:logGet(43)) - raft.server.watch.timeout = 10s (default)
2019-10-19 01:14:22,142 [79f23d4f-854e-4bcb-ad60-b9a83903d995@group-5023954FE45C-LeaderElection615] INFO  server.RaftServerConfigKeys (ConfUtils.java:logGet(43)) - raft.server.watch.timeout.denomination = 1s (default)
2019-10-19 01:14:22,142 [79f23d4f-854e-4bcb-ad60-b9a83903d995@group-5023954FE45C-LeaderElection615] INFO  server.RaftServerConfigKeys (ConfUtils.java:logGet(43)) - raft.server.watch.element-limit = 65536 (default)
2019-10-19 01:14:22,143 [79f23d4f-854e-4bcb-ad60-b9a83903d995@group-5023954FE45C-LeaderElection615] INFO  impl.RoleInfo (RoleInfo.java:updateAndGet(143)) - 79f23d4f-854e-4bcb-ad60-b9a83903d995: start LeaderState
2019-10-19 01:14:22,144 [79f23d4f-854e-4bcb-ad60-b9a83903d995@group-5023954FE45C-LeaderElection615] INFO  segmented.SegmentedRaftLogWorker (SegmentedRaftLogWorker.java:startLogSegment(385)) - 79f23d4f-854e-4bcb-ad60-b9a83903d995@group-5023954FE45C-SegmentedRaftLogWorker: Starting segment from index:0
2019-10-19 01:14:22,144 [pool-559-thread-1] INFO  storage.RaftStorage (RaftStorage.java:format(84)) - Storage directory /workdir/hadoop-ozone/integration-test/target/test-dir/MiniOzoneClusterImpl-2b25e22a-b484-4e93-9811-5f8cd4460e46/datanode-5/data/ratis/2ae17c23-40fd-46e6-86f2-efc1a5572408 has been successfully formatted.
2019-10-19 01:14:22,144 [pool-559-thread-1] INFO  ratis.ContainerStateMachine (ContainerStateMachine.java:loadSnapshot(231)) - group-EFC1A5572408: The snapshot info is null. Setting the last applied indexto:(t:0, i:~)
2019-10-19 01:14:22,144 [79f23d4f-854e-4bcb-ad60-b9a83903d995@group-5023954FE45C-LeaderElection615] INFO  impl.RaftServerImpl (ServerState.java:setRaftConf(357)) - 79f23d4f-854e-4bcb-ad60-b9a83903d995@group-5023954FE45C: set configuration 0: [79f23d4f-854e-4bcb-ad60-b9a83903d995:192.168.69.71:36052], old=null at 0
2019-10-19 01:14:22,144 [pool-559-thread-1] INFO  server.RaftServerConfigKeys (ConfUtils.java:logGet(43)) - raft.server.notification.no-leader.timeout = 120s (custom)
2019-10-19 01:14:22,144 [pool-559-thread-1] INFO  server.RaftServerConfigKeys (ConfUtils.java:logGet(43)) - raft.server.log.use.memory = false (default)
2019-10-19 01:14:22,144 [pool-559-thread-1] INFO  server.RaftServerConfigKeys (ConfUtils.java:logGet(43)) - raft.server.log.purge.gap = 1000000 (custom)
2019-10-19 01:14:22,144 [pool-559-thread-1] INFO  server.RaftServerConfigKeys (ConfUtils.java:logGet(43)) - raft.server.log.appender.buffer.byte-limit = 33554432 (custom)
2019-10-19 01:14:22,144 [pool-559-thread-1] INFO  server.RaftServerConfigKeys (ConfUtils.java:logGet(43)) - raft.server.log.segment.size.max = 1048576 (custom)
2019-10-19 01:14:22,147 [pool-559-thread-1] INFO  server.RaftServerConfigKeys (ConfUtils.java:logGet(43)) - raft.server.log.segment.cache.num.max = 2 (custom)
2019-10-19 01:14:22,148 [pool-559-thread-1] INFO  segmented.SegmentedRaftLogWorker (SegmentedRaftLogWorker.java:<init>(173)) - new f143d5cf-4038-4fa8-8601-f5a45f16ca3e@group-EFC1A5572408-SegmentedRaftLogWorker for RaftStorage:Storage Directory /workdir/hadoop-ozone/integration-test/target/test-dir/MiniOzoneClusterImpl-2b25e22a-b484-4e93-9811-5f8cd4460e46/datanode-5/data/ratis/2ae17c23-40fd-46e6-86f2-efc1a5572408
2019-10-19 01:14:22,148 [pool-559-thread-1] INFO  server.RaftServerConfigKeys (ConfUtils.java:logGet(43)) - raft.server.log.queue.byte-limit = 2147483647 (custom)
2019-10-19 01:14:22,148 [pool-559-thread-1] INFO  server.RaftServerConfigKeys (ConfUtils.java:logGet(43)) - raft.server.log.queue.element-limit = 1024 (custom)
2019-10-19 01:14:22,148 [pool-559-thread-1] INFO  server.RaftServerConfigKeys (ConfUtils.java:logGet(43)) - raft.server.log.segment.size.max = 1048576 (custom)
2019-10-19 01:14:22,148 [pool-559-thread-1] INFO  server.RaftServerConfigKeys (ConfUtils.java:logGet(43)) - raft.server.log.preallocated.size = 16384 (custom)
2019-10-19 01:14:22,148 [pool-559-thread-1] INFO  server.RaftServerConfigKeys (ConfUtils.java:logGet(43)) - raft.server.log.write.buffer.size = 33554432 (custom)
2019-10-19 01:14:22,148 [pool-559-thread-1] INFO  server.RaftServerConfigKeys (ConfUtils.java:logGet(43)) - raft.server.log.force.sync.num = 128 (default)
2019-10-19 01:14:22,148 [pool-559-thread-1] INFO  server.RaftServerConfigKeys (ConfUtils.java:logGet(43)) - raft.server.log.statemachine.data.sync = true (default)
2019-10-19 01:14:22,148 [pool-559-thread-1] INFO  server.RaftServerConfigKeys (ConfUtils.java:logGet(43)) - raft.server.log.statemachine.data.sync.timeout = 10s (default)
2019-10-19 01:14:22,148 [pool-559-thread-1] INFO  server.RaftServerConfigKeys (ConfUtils.java:logGet(43)) - raft.server.log.statemachine.data.sync.timeout.retry = -1 (default)
2019-10-19 01:14:22,149 [pool-559-thread-1] INFO  server.RaftServerConfigKeys (ConfUtils.java:logGet(43)) - raft.server.log.statemachine.data.caching.enabled = true (custom)
2019-10-19 01:14:22,149 [pool-559-thread-1] INFO  segmented.SegmentedRaftLogWorker (SegmentedRaftLogWorker.java:lambda$new$0(128)) - f143d5cf-4038-4fa8-8601-f5a45f16ca3e@group-EFC1A5572408-SegmentedRaftLogWorker: flushIndex: setUnconditionally 0 -> -1
2019-10-19 01:14:22,150 [pool-559-thread-1] INFO  server.RaftServerConfigKeys (ConfUtils.java:logGet(43)) - raft.server.snapshot.auto.trigger.enabled = true (custom)
2019-10-19 01:14:22,150 [pool-559-thread-1] INFO  server.RaftServerConfigKeys (ConfUtils.java:logGet(43)) - raft.server.snapshot.auto.trigger.threshold = 10000 (custom)
2019-10-19 01:14:22,150 [pool-559-thread-1] INFO  server.RaftServerConfigKeys (ConfUtils.java:logGet(43)) - raft.server.snapshot.retention.file.num = 5 (custom)
2019-10-19 01:14:22,150 [pool-559-thread-1] INFO  server.RaftServerConfigKeys (ConfUtils.java:logGet(43)) - raft.server.retrycache.expirytime = 600000ms (custom)
2019-10-19 01:14:22,151 [IPC Server handler 8 on 44729] INFO  net.NetworkTopology (NetworkTopologyImpl.java:add(111)) - Added a new node: /rack1/e5ec12fd-6862-43a4-8f6d-a55a364e5eb4
2019-10-19 01:14:22,151 [IPC Server handler 8 on 44729] INFO  node.SCMNodeManager (SCMNodeManager.java:register(268)) - Registered Data node : e5ec12fd-6862-43a4-8f6d-a55a364e5eb4{ip: 192.168.69.71, host: pr-hdds-2333-vzxj6-995506542, networkLocation: /rack1, certSerialId: null}
2019-10-19 01:14:22,152 [pool-559-thread-1] INFO  impl.RaftServerImpl (RaftServerImpl.java:start(195)) - f143d5cf-4038-4fa8-8601-f5a45f16ca3e@group-EFC1A5572408: start as a follower, conf=-1: [f143d5cf-4038-4fa8-8601-f5a45f16ca3e:192.168.69.71:40169], old=null
2019-10-19 01:14:22,152 [pool-559-thread-1] INFO  impl.RaftServerImpl (RaftServerImpl.java:setRole(184)) - f143d5cf-4038-4fa8-8601-f5a45f16ca3e@group-EFC1A5572408: changes role from      null to FOLLOWER at term 0 for startAsFollower
2019-10-19 01:14:22,153 [pool-559-thread-1] INFO  impl.RoleInfo (RoleInfo.java:updateAndGet(143)) - f143d5cf-4038-4fa8-8601-f5a45f16ca3e: start FollowerState
2019-10-19 01:14:22,153 [pool-559-thread-1] INFO  util.JmxRegister (JmxRegister.java:tryRegister(44)) - Successfully registered JMX Bean with object name Ratis:service=RaftServer,group=group-EFC1A5572408,id=f143d5cf-4038-4fa8-8601-f5a45f16ca3e
2019-10-19 01:14:22,156 [RatisPipelineUtilsThread] INFO  pipeline.PipelineStateManager (PipelineStateManager.java:addPipeline(56)) - Created pipeline Pipeline[ Id: 2ae17c23-40fd-46e6-86f2-efc1a5572408, Nodes: f143d5cf-4038-4fa8-8601-f5a45f16ca3e{ip: 192.168.69.71, host: pr-hdds-2333-vzxj6-995506542, networkLocation: /rack1, certSerialId: null}, Type:RATIS, Factor:ONE, State:OPEN]
2019-10-19 01:14:22,173 [Thread-6275] INFO  impl.FollowerState (FollowerState.java:run(108)) - f143d5cf-4038-4fa8-8601-f5a45f16ca3e@group-EFC1A5572408-FollowerState: change to CANDIDATE, lastRpcTime:20ms, electionTimeout:14ms
2019-10-19 01:14:22,173 [grpc-default-executor-3] INFO  impl.RaftServerProxy (RaftServerProxy.java:addNew(89)) - e5ec12fd-6862-43a4-8f6d-a55a364e5eb4: addNew group-0E8931D44062:[e5ec12fd-6862-43a4-8f6d-a55a364e5eb4:192.168.69.71:43961] returns group-0E8931D44062:java.util.concurrent.CompletableFuture@4dcdda6a[Not completed]
2019-10-19 01:14:22,173 [Thread-6275] INFO  impl.RoleInfo (RoleInfo.java:shutdownFollowerState(121)) - f143d5cf-4038-4fa8-8601-f5a45f16ca3e: shutdown FollowerState
2019-10-19 01:14:22,173 [Thread-6275] INFO  impl.RaftServerImpl (RaftServerImpl.java:setRole(184)) - f143d5cf-4038-4fa8-8601-f5a45f16ca3e@group-EFC1A5572408: changes role from  FOLLOWER to CANDIDATE at term 0 for changeToCandidate
2019-10-19 01:14:22,173 [Thread-6275] INFO  impl.RoleInfo (RoleInfo.java:updateAndGet(143)) - f143d5cf-4038-4fa8-8601-f5a45f16ca3e: start LeaderElection
2019-10-19 01:14:22,177 [pool-569-thread-1] INFO  impl.RaftServerImpl (RaftServerImpl.java:<init>(104)) - e5ec12fd-6862-43a4-8f6d-a55a364e5eb4: new RaftServerImpl for group-0E8931D44062:[e5ec12fd-6862-43a4-8f6d-a55a364e5eb4:192.168.69.71:43961] with ContainerStateMachine:uninitialized
2019-10-19 01:14:22,177 [pool-569-thread-1] INFO  server.RaftServerConfigKeys (ConfUtils.java:logGet(43)) - raft.server.rpc.timeout.min = 1s (custom)
2019-10-19 01:14:22,177 [pool-569-thread-1] INFO  server.RaftServerConfigKeys (ConfUtils.java:logGet(43)) - raft.server.rpc.timeout.max = 1200ms (custom)
2019-10-19 01:14:22,177 [pool-569-thread-1] INFO  server.RaftServerConfigKeys (ConfUtils.java:logGet(43)) - raft.server.rpcslowness.timeout = 120s (custom)
2019-10-19 01:14:22,177 [pool-569-thread-1] INFO  server.RaftServerConfigKeys (ConfUtils.java:logGet(43)) - raft.server.sleep.deviation.threshold = 300 (default)
2019-10-19 01:14:22,178 [pool-569-thread-1] INFO  server.RaftServerConfigKeys (ConfUtils.java:logGet(43)) - raft.server.log.appender.install.snapshot.enabled = false (custom)
2019-10-19 01:14:22,178 [pool-569-thread-1] INFO  impl.RaftServerImpl (ServerState.java:<init>(103)) - e5ec12fd-6862-43a4-8f6d-a55a364e5eb4@group-0E8931D44062: ConfigurationManager, init=-1: [e5ec12fd-6862-43a4-8f6d-a55a364e5eb4:192.168.69.71:43961], old=null, confs=<EMPTY_MAP>
2019-10-19 01:14:22,178 [pool-569-thread-1] INFO  server.RaftServerConfigKeys (ConfUtils.java:logGet(43)) - raft.server.storage.dir = [/workdir/hadoop-ozone/integration-test/target/test-dir/MiniOzoneClusterImpl-2b25e22a-b484-4e93-9811-5f8cd4460e46/datanode-6/data/ratis] (custom)
2019-10-19 01:14:22,178 [pool-569-thread-1] INFO  server.RaftServerConfigKeys (ConfUtils.java:logGet(43)) - raft.server.log.corruption.policy = EXCEPTION (default)
2019-10-19 01:14:22,194 [pool-569-thread-1] INFO  storage.RaftStorageDirectory (RaftStorageDirectory.java:analyzeStorage(246)) - The storage directory /workdir/hadoop-ozone/integration-test/target/test-dir/MiniOzoneClusterImpl-2b25e22a-b484-4e93-9811-5f8cd4460e46/datanode-6/data/ratis/7e6876ce-f600-4b91-ba7b-0e8931d44062 does not exist. Creating ...
2019-10-19 01:14:22,206 [pool-569-thread-1] INFO  storage.RaftStorageDirectory (RaftStorageDirectory.java:tryLock(328)) - Lock on /workdir/hadoop-ozone/integration-test/target/test-dir/MiniOzoneClusterImpl-2b25e22a-b484-4e93-9811-5f8cd4460e46/datanode-6/data/ratis/7e6876ce-f600-4b91-ba7b-0e8931d44062/in_use.lock acquired by nodename 10610@pr-hdds-2333-vzxj6-995506542
2019-10-19 01:14:22,206 [79f23d4f-854e-4bcb-ad60-b9a83903d995@group-5023954FE45C-SegmentedRaftLogWorker] INFO  segmented.SegmentedRaftLogWorker (SegmentedRaftLogWorker.java:execute(576)) - 79f23d4f-854e-4bcb-ad60-b9a83903d995@group-5023954FE45C-SegmentedRaftLogWorker: created new log segment /workdir/hadoop-ozone/integration-test/target/test-dir/MiniOzoneClusterImpl-2b25e22a-b484-4e93-9811-5f8cd4460e46/datanode-4/data/ratis/62eb0aec-416e-4765-bf58-5023954fe45c/current/log_inprogress_0
2019-10-19 01:14:22,206 [f143d5cf-4038-4fa8-8601-f5a45f16ca3e@group-EFC1A5572408-LeaderElection616] INFO  impl.LeaderElection (LeaderElection.java:askForVotes(178)) - f143d5cf-4038-4fa8-8601-f5a45f16ca3e@group-EFC1A5572408-LeaderElection616: begin an election at term 1 for -1: [f143d5cf-4038-4fa8-8601-f5a45f16ca3e:192.168.69.71:40169], old=null
2019-10-19 01:14:22,206 [f143d5cf-4038-4fa8-8601-f5a45f16ca3e@group-EFC1A5572408-LeaderElection616] INFO  impl.RoleInfo (RoleInfo.java:shutdownLeaderElection(134)) - f143d5cf-4038-4fa8-8601-f5a45f16ca3e: shutdown LeaderElection
2019-10-19 01:14:22,206 [f143d5cf-4038-4fa8-8601-f5a45f16ca3e@group-EFC1A5572408-LeaderElection616] INFO  impl.RaftServerImpl (RaftServerImpl.java:setRole(184)) - f143d5cf-4038-4fa8-8601-f5a45f16ca3e@group-EFC1A5572408: changes role from CANDIDATE to LEADER at term 1 for changeToLeader
2019-10-19 01:14:22,206 [f143d5cf-4038-4fa8-8601-f5a45f16ca3e@group-EFC1A5572408-LeaderElection616] INFO  impl.RaftServerImpl (ServerState.java:setLeader(256)) - f143d5cf-4038-4fa8-8601-f5a45f16ca3e@group-EFC1A5572408: change Leader from null to f143d5cf-4038-4fa8-8601-f5a45f16ca3e at term 1 for becomeLeader, leader elected after 62ms
2019-10-19 01:14:22,206 [f143d5cf-4038-4fa8-8601-f5a45f16ca3e@group-EFC1A5572408-LeaderElection616] INFO  server.RaftServerConfigKeys (ConfUtils.java:logGet(43)) - raft.server.staging.catchup.gap = 1000 (default)
2019-10-19 01:14:22,206 [f143d5cf-4038-4fa8-8601-f5a45f16ca3e@group-EFC1A5572408-LeaderElection616] INFO  server.RaftServerConfigKeys (ConfUtils.java:logGet(43)) - raft.server.rpc.sleep.time = 25ms (default)
2019-10-19 01:14:22,207 [f143d5cf-4038-4fa8-8601-f5a45f16ca3e@group-EFC1A5572408-LeaderElection616] INFO  server.RaftServerConfigKeys (ConfUtils.java:logGet(43)) - raft.server.write.element-limit = 4096 (default)
2019-10-19 01:14:22,207 [f143d5cf-4038-4fa8-8601-f5a45f16ca3e@group-EFC1A5572408-LeaderElection616] INFO  server.RaftServerConfigKeys (ConfUtils.java:logGet(43)) - raft.server.watch.timeout = 10s (default)
2019-10-19 01:14:22,207 [f143d5cf-4038-4fa8-8601-f5a45f16ca3e@group-EFC1A5572408-LeaderElection616] INFO  server.RaftServerConfigKeys (ConfUtils.java:logGet(43)) - raft.server.watch.timeout.denomination = 1s (default)
2019-10-19 01:14:22,207 [f143d5cf-4038-4fa8-8601-f5a45f16ca3e@group-EFC1A5572408-LeaderElection616] INFO  server.RaftServerConfigKeys (ConfUtils.java:logGet(43)) - raft.server.watch.element-limit = 65536 (default)
2019-10-19 01:14:22,208 [f143d5cf-4038-4fa8-8601-f5a45f16ca3e@group-EFC1A5572408-LeaderElection616] INFO  impl.RoleInfo (RoleInfo.java:updateAndGet(143)) - f143d5cf-4038-4fa8-8601-f5a45f16ca3e: start LeaderState
2019-10-19 01:14:22,208 [f143d5cf-4038-4fa8-8601-f5a45f16ca3e@group-EFC1A5572408-LeaderElection616] INFO  segmented.SegmentedRaftLogWorker (SegmentedRaftLogWorker.java:startLogSegment(385)) - f143d5cf-4038-4fa8-8601-f5a45f16ca3e@group-EFC1A5572408-SegmentedRaftLogWorker: Starting segment from index:0
2019-10-19 01:14:22,208 [f143d5cf-4038-4fa8-8601-f5a45f16ca3e@group-EFC1A5572408-LeaderElection616] INFO  impl.RaftServerImpl (ServerState.java:setRaftConf(357)) - f143d5cf-4038-4fa8-8601-f5a45f16ca3e@group-EFC1A5572408: set configuration 0: [f143d5cf-4038-4fa8-8601-f5a45f16ca3e:192.168.69.71:40169], old=null at 0
2019-10-19 01:14:22,219 [pool-569-thread-1] INFO  storage.RaftStorage (RaftStorage.java:format(84)) - Storage directory /workdir/hadoop-ozone/integration-test/target/test-dir/MiniOzoneClusterImpl-2b25e22a-b484-4e93-9811-5f8cd4460e46/datanode-6/data/ratis/7e6876ce-f600-4b91-ba7b-0e8931d44062 has been successfully formatted.
2019-10-19 01:14:22,219 [pool-569-thread-1] INFO  ratis.ContainerStateMachine (ContainerStateMachine.java:loadSnapshot(231)) - group-0E8931D44062: The snapshot info is null. Setting the last applied indexto:(t:0, i:~)
2019-10-19 01:14:22,219 [pool-569-thread-1] INFO  server.RaftServerConfigKeys (ConfUtils.java:logGet(43)) - raft.server.notification.no-leader.timeout = 120s (custom)
2019-10-19 01:14:22,220 [pool-569-thread-1] INFO  server.RaftServerConfigKeys (ConfUtils.java:logGet(43)) - raft.server.log.use.memory = false (default)
2019-10-19 01:14:22,220 [pool-569-thread-1] INFO  server.RaftServerConfigKeys (ConfUtils.java:logGet(43)) - raft.server.log.purge.gap = 1000000 (custom)
2019-10-19 01:14:22,220 [pool-569-thread-1] INFO  server.RaftServerConfigKeys (ConfUtils.java:logGet(43)) - raft.server.log.appender.buffer.byte-limit = 33554432 (custom)
2019-10-19 01:14:22,220 [pool-569-thread-1] INFO  server.RaftServerConfigKeys (ConfUtils.java:logGet(43)) - raft.server.log.segment.size.max = 1048576 (custom)
2019-10-19 01:14:22,221 [pool-569-thread-1] INFO  server.RaftServerConfigKeys (ConfUtils.java:logGet(43)) - raft.server.log.segment.cache.num.max = 2 (custom)
2019-10-19 01:14:22,221 [pool-569-thread-1] INFO  segmented.SegmentedRaftLogWorker (SegmentedRaftLogWorker.java:<init>(173)) - new e5ec12fd-6862-43a4-8f6d-a55a364e5eb4@group-0E8931D44062-SegmentedRaftLogWorker for RaftStorage:Storage Directory /workdir/hadoop-ozone/integration-test/target/test-dir/MiniOzoneClusterImpl-2b25e22a-b484-4e93-9811-5f8cd4460e46/datanode-6/data/ratis/7e6876ce-f600-4b91-ba7b-0e8931d44062
2019-10-19 01:14:22,221 [pool-569-thread-1] INFO  server.RaftServerConfigKeys (ConfUtils.java:logGet(43)) - raft.server.log.queue.byte-limit = 2147483647 (custom)
2019-10-19 01:14:22,221 [pool-569-thread-1] INFO  server.RaftServerConfigKeys (ConfUtils.java:logGet(43)) - raft.server.log.queue.element-limit = 1024 (custom)
2019-10-19 01:14:22,221 [pool-569-thread-1] INFO  server.RaftServerConfigKeys (ConfUtils.java:logGet(43)) - raft.server.log.segment.size.max = 1048576 (custom)
2019-10-19 01:14:22,221 [pool-569-thread-1] INFO  server.RaftServerConfigKeys (ConfUtils.java:logGet(43)) - raft.server.log.preallocated.size = 16384 (custom)
2019-10-19 01:14:22,221 [pool-569-thread-1] INFO  server.RaftServerConfigKeys (ConfUtils.java:logGet(43)) - raft.server.log.write.buffer.size = 33554432 (custom)
2019-10-19 01:14:22,221 [pool-569-thread-1] INFO  server.RaftServerConfigKeys (ConfUtils.java:logGet(43)) - raft.server.log.force.sync.num = 128 (default)
2019-10-19 01:14:22,221 [pool-569-thread-1] INFO  server.RaftServerConfigKeys (ConfUtils.java:logGet(43)) - raft.server.log.statemachine.data.sync = true (default)
2019-10-19 01:14:22,222 [pool-569-thread-1] INFO  server.RaftServerConfigKeys (ConfUtils.java:logGet(43)) - raft.server.log.statemachine.data.sync.timeout = 10s (default)
2019-10-19 01:14:22,222 [pool-569-thread-1] INFO  server.RaftServerConfigKeys (ConfUtils.java:logGet(43)) - raft.server.log.statemachine.data.sync.timeout.retry = -1 (default)
2019-10-19 01:14:22,222 [pool-569-thread-1] INFO  server.RaftServerConfigKeys (ConfUtils.java:logGet(43)) - raft.server.log.statemachine.data.caching.enabled = true (custom)
2019-10-19 01:14:22,222 [pool-569-thread-1] INFO  segmented.SegmentedRaftLogWorker (SegmentedRaftLogWorker.java:lambda$new$0(128)) - e5ec12fd-6862-43a4-8f6d-a55a364e5eb4@group-0E8931D44062-SegmentedRaftLogWorker: flushIndex: setUnconditionally 0 -> -1
2019-10-19 01:14:22,222 [pool-569-thread-1] INFO  server.RaftServerConfigKeys (ConfUtils.java:logGet(43)) - raft.server.snapshot.auto.trigger.enabled = true (custom)
2019-10-19 01:14:22,222 [pool-569-thread-1] INFO  server.RaftServerConfigKeys (ConfUtils.java:logGet(43)) - raft.server.snapshot.auto.trigger.threshold = 10000 (custom)
2019-10-19 01:14:22,222 [pool-569-thread-1] INFO  server.RaftServerConfigKeys (ConfUtils.java:logGet(43)) - raft.server.snapshot.retention.file.num = 5 (custom)
2019-10-19 01:14:22,222 [pool-569-thread-1] INFO  server.RaftServerConfigKeys (ConfUtils.java:logGet(43)) - raft.server.retrycache.expirytime = 600000ms (custom)
2019-10-19 01:14:22,224 [pool-569-thread-1] INFO  impl.RaftServerImpl (RaftServerImpl.java:start(195)) - e5ec12fd-6862-43a4-8f6d-a55a364e5eb4@group-0E8931D44062: start as a follower, conf=-1: [e5ec12fd-6862-43a4-8f6d-a55a364e5eb4:192.168.69.71:43961], old=null
2019-10-19 01:14:22,224 [pool-569-thread-1] INFO  impl.RaftServerImpl (RaftServerImpl.java:setRole(184)) - e5ec12fd-6862-43a4-8f6d-a55a364e5eb4@group-0E8931D44062: changes role from      null to FOLLOWER at term 0 for startAsFollower
2019-10-19 01:14:22,224 [pool-569-thread-1] INFO  impl.RoleInfo (RoleInfo.java:updateAndGet(143)) - e5ec12fd-6862-43a4-8f6d-a55a364e5eb4: start FollowerState
2019-10-19 01:14:22,225 [pool-569-thread-1] INFO  util.JmxRegister (JmxRegister.java:tryRegister(44)) - Successfully registered JMX Bean with object name Ratis:service=RaftServer,group=group-0E8931D44062,id=e5ec12fd-6862-43a4-8f6d-a55a364e5eb4
2019-10-19 01:14:22,227 [RatisPipelineUtilsThread] INFO  pipeline.PipelineStateManager (PipelineStateManager.java:addPipeline(56)) - Created pipeline Pipeline[ Id: 7e6876ce-f600-4b91-ba7b-0e8931d44062, Nodes: e5ec12fd-6862-43a4-8f6d-a55a364e5eb4{ip: 192.168.69.71, host: pr-hdds-2333-vzxj6-995506542, networkLocation: /rack1, certSerialId: null}, Type:RATIS, Factor:ONE, State:OPEN]
2019-10-19 01:14:22,235 [grpc-default-executor-3] INFO  impl.RaftServerProxy (RaftServerProxy.java:addNew(89)) - 481c33f5-8212-4ec9-a494-633b8160f9c0: addNew group-387A02668279:[481c33f5-8212-4ec9-a494-633b8160f9c0:192.168.69.71:45454] returns group-387A02668279:java.util.concurrent.CompletableFuture@3efd0a0f[Not completed]
2019-10-19 01:14:22,236 [pool-539-thread-1] INFO  impl.RaftServerImpl (RaftServerImpl.java:<init>(104)) - 481c33f5-8212-4ec9-a494-633b8160f9c0: new RaftServerImpl for group-387A02668279:[481c33f5-8212-4ec9-a494-633b8160f9c0:192.168.69.71:45454] with ContainerStateMachine:uninitialized
2019-10-19 01:14:22,236 [IPC Server handler 10 on 44729] INFO  net.NetworkTopology (NetworkTopologyImpl.java:add(111)) - Added a new node: /rack1/2543ffea-c5c6-4af0-856f-eb846bad755a
2019-10-19 01:14:22,236 [pool-539-thread-1] INFO  server.RaftServerConfigKeys (ConfUtils.java:logGet(43)) - raft.server.rpc.timeout.min = 1s (custom)
2019-10-19 01:14:22,236 [IPC Server handler 10 on 44729] INFO  node.SCMNodeManager (SCMNodeManager.java:register(268)) - Registered Data node : 2543ffea-c5c6-4af0-856f-eb846bad755a{ip: 192.168.69.71, host: pr-hdds-2333-vzxj6-995506542, networkLocation: /rack1, certSerialId: null}
2019-10-19 01:14:22,236 [pool-539-thread-1] INFO  server.RaftServerConfigKeys (ConfUtils.java:logGet(43)) - raft.server.rpc.timeout.max = 1200ms (custom)
2019-10-19 01:14:22,237 [pool-539-thread-1] INFO  server.RaftServerConfigKeys (ConfUtils.java:logGet(43)) - raft.server.rpcslowness.timeout = 120s (custom)
2019-10-19 01:14:22,237 [pool-539-thread-1] INFO  server.RaftServerConfigKeys (ConfUtils.java:logGet(43)) - raft.server.sleep.deviation.threshold = 300 (default)
2019-10-19 01:14:22,237 [pool-539-thread-1] INFO  server.RaftServerConfigKeys (ConfUtils.java:logGet(43)) - raft.server.log.appender.install.snapshot.enabled = false (custom)
2019-10-19 01:14:22,237 [pool-539-thread-1] INFO  impl.RaftServerImpl (ServerState.java:<init>(103)) - 481c33f5-8212-4ec9-a494-633b8160f9c0@group-387A02668279: ConfigurationManager, init=-1: [481c33f5-8212-4ec9-a494-633b8160f9c0:192.168.69.71:45454], old=null, confs=<EMPTY_MAP>
2019-10-19 01:14:22,237 [pool-539-thread-1] INFO  server.RaftServerConfigKeys (ConfUtils.java:logGet(43)) - raft.server.storage.dir = [/workdir/hadoop-ozone/integration-test/target/test-dir/MiniOzoneClusterImpl-2b25e22a-b484-4e93-9811-5f8cd4460e46/datanode-3/data/ratis] (custom)
2019-10-19 01:14:22,237 [pool-539-thread-1] INFO  server.RaftServerConfigKeys (ConfUtils.java:logGet(43)) - raft.server.log.corruption.policy = EXCEPTION (default)
2019-10-19 01:14:22,237 [pool-539-thread-1] INFO  storage.RaftStorageDirectory (RaftStorageDirectory.java:analyzeStorage(246)) - The storage directory /workdir/hadoop-ozone/integration-test/target/test-dir/MiniOzoneClusterImpl-2b25e22a-b484-4e93-9811-5f8cd4460e46/datanode-3/data/ratis/125efaf9-a9fe-4f6d-8032-387a02668279 does not exist. Creating ...
2019-10-19 01:14:22,249 [pool-539-thread-1] INFO  storage.RaftStorageDirectory (RaftStorageDirectory.java:tryLock(328)) - Lock on /workdir/hadoop-ozone/integration-test/target/test-dir/MiniOzoneClusterImpl-2b25e22a-b484-4e93-9811-5f8cd4460e46/datanode-3/data/ratis/125efaf9-a9fe-4f6d-8032-387a02668279/in_use.lock acquired by nodename 10610@pr-hdds-2333-vzxj6-995506542
2019-10-19 01:14:22,249 [f143d5cf-4038-4fa8-8601-f5a45f16ca3e@group-EFC1A5572408-SegmentedRaftLogWorker] INFO  segmented.SegmentedRaftLogWorker (SegmentedRaftLogWorker.java:execute(576)) - f143d5cf-4038-4fa8-8601-f5a45f16ca3e@group-EFC1A5572408-SegmentedRaftLogWorker: created new log segment /workdir/hadoop-ozone/integration-test/target/test-dir/MiniOzoneClusterImpl-2b25e22a-b484-4e93-9811-5f8cd4460e46/datanode-5/data/ratis/2ae17c23-40fd-46e6-86f2-efc1a5572408/current/log_inprogress_0
2019-10-19 01:14:22,252 [pool-539-thread-1] INFO  storage.RaftStorage (RaftStorage.java:format(84)) - Storage directory /workdir/hadoop-ozone/integration-test/target/test-dir/MiniOzoneClusterImpl-2b25e22a-b484-4e93-9811-5f8cd4460e46/datanode-3/data/ratis/125efaf9-a9fe-4f6d-8032-387a02668279 has been successfully formatted.
2019-10-19 01:14:22,252 [pool-539-thread-1] INFO  ratis.ContainerStateMachine (ContainerStateMachine.java:loadSnapshot(231)) - group-387A02668279: The snapshot info is null. Setting the last applied indexto:(t:0, i:~)
2019-10-19 01:14:22,252 [pool-539-thread-1] INFO  server.RaftServerConfigKeys (ConfUtils.java:logGet(43)) - raft.server.notification.no-leader.timeout = 120s (custom)
2019-10-19 01:14:22,253 [pool-539-thread-1] INFO  server.RaftServerConfigKeys (ConfUtils.java:logGet(43)) - raft.server.log.use.memory = false (default)
2019-10-19 01:14:22,253 [pool-539-thread-1] INFO  server.RaftServerConfigKeys (ConfUtils.java:logGet(43)) - raft.server.log.purge.gap = 1000000 (custom)
2019-10-19 01:14:22,253 [pool-539-thread-1] INFO  server.RaftServerConfigKeys (ConfUtils.java:logGet(43)) - raft.server.log.appender.buffer.byte-limit = 33554432 (custom)
2019-10-19 01:14:22,253 [pool-539-thread-1] INFO  server.RaftServerConfigKeys (ConfUtils.java:logGet(43)) - raft.server.log.segment.size.max = 1048576 (custom)
2019-10-19 01:14:22,254 [pool-539-thread-1] INFO  server.RaftServerConfigKeys (ConfUtils.java:logGet(43)) - raft.server.log.segment.cache.num.max = 2 (custom)
2019-10-19 01:14:22,254 [pool-539-thread-1] INFO  segmented.SegmentedRaftLogWorker (SegmentedRaftLogWorker.java:<init>(173)) - new 481c33f5-8212-4ec9-a494-633b8160f9c0@group-387A02668279-SegmentedRaftLogWorker for RaftStorage:Storage Directory /workdir/hadoop-ozone/integration-test/target/test-dir/MiniOzoneClusterImpl-2b25e22a-b484-4e93-9811-5f8cd4460e46/datanode-3/data/ratis/125efaf9-a9fe-4f6d-8032-387a02668279
2019-10-19 01:14:22,254 [pool-539-thread-1] INFO  server.RaftServerConfigKeys (ConfUtils.java:logGet(43)) - raft.server.log.queue.byte-limit = 2147483647 (custom)
2019-10-19 01:14:22,254 [pool-539-thread-1] INFO  server.RaftServerConfigKeys (ConfUtils.java:logGet(43)) - raft.server.log.queue.element-limit = 1024 (custom)
2019-10-19 01:14:22,254 [pool-539-thread-1] INFO  server.RaftServerConfigKeys (ConfUtils.java:logGet(43)) - raft.server.log.segment.size.max = 1048576 (custom)
2019-10-19 01:14:22,254 [pool-539-thread-1] INFO  server.RaftServerConfigKeys (ConfUtils.java:logGet(43)) - raft.server.log.preallocated.size = 16384 (custom)
2019-10-19 01:14:22,254 [pool-539-thread-1] INFO  server.RaftServerConfigKeys (ConfUtils.java:logGet(43)) - raft.server.log.write.buffer.size = 33554432 (custom)
2019-10-19 01:14:22,254 [pool-539-thread-1] INFO  server.RaftServerConfigKeys (ConfUtils.java:logGet(43)) - raft.server.log.force.sync.num = 128 (default)
2019-10-19 01:14:22,254 [pool-539-thread-1] INFO  server.RaftServerConfigKeys (ConfUtils.java:logGet(43)) - raft.server.log.statemachine.data.sync = true (default)
2019-10-19 01:14:22,254 [pool-539-thread-1] INFO  server.RaftServerConfigKeys (ConfUtils.java:logGet(43)) - raft.server.log.statemachine.data.sync.timeout = 10s (default)
2019-10-19 01:14:22,254 [pool-539-thread-1] INFO  server.RaftServerConfigKeys (ConfUtils.java:logGet(43)) - raft.server.log.statemachine.data.sync.timeout.retry = -1 (default)
2019-10-19 01:14:22,255 [pool-539-thread-1] INFO  server.RaftServerConfigKeys (ConfUtils.java:logGet(43)) - raft.server.log.statemachine.data.caching.enabled = true (custom)
2019-10-19 01:14:22,255 [pool-539-thread-1] INFO  segmented.SegmentedRaftLogWorker (SegmentedRaftLogWorker.java:lambda$new$0(128)) - 481c33f5-8212-4ec9-a494-633b8160f9c0@group-387A02668279-SegmentedRaftLogWorker: flushIndex: setUnconditionally 0 -> -1
2019-10-19 01:14:22,255 [pool-539-thread-1] INFO  server.RaftServerConfigKeys (ConfUtils.java:logGet(43)) - raft.server.snapshot.auto.trigger.enabled = true (custom)
2019-10-19 01:14:22,255 [pool-539-thread-1] INFO  server.RaftServerConfigKeys (ConfUtils.java:logGet(43)) - raft.server.snapshot.auto.trigger.threshold = 10000 (custom)
2019-10-19 01:14:22,255 [pool-539-thread-1] INFO  server.RaftServerConfigKeys (ConfUtils.java:logGet(43)) - raft.server.snapshot.retention.file.num = 5 (custom)
2019-10-19 01:14:22,255 [pool-539-thread-1] INFO  server.RaftServerConfigKeys (ConfUtils.java:logGet(43)) - raft.server.retrycache.expirytime = 600000ms (custom)
2019-10-19 01:14:22,257 [pool-539-thread-1] INFO  impl.RaftServerImpl (RaftServerImpl.java:start(195)) - 481c33f5-8212-4ec9-a494-633b8160f9c0@group-387A02668279: start as a follower, conf=-1: [481c33f5-8212-4ec9-a494-633b8160f9c0:192.168.69.71:45454], old=null
2019-10-19 01:14:22,257 [pool-539-thread-1] INFO  impl.RaftServerImpl (RaftServerImpl.java:setRole(184)) - 481c33f5-8212-4ec9-a494-633b8160f9c0@group-387A02668279: changes role from      null to FOLLOWER at term 0 for startAsFollower
2019-10-19 01:14:22,257 [pool-539-thread-1] INFO  impl.RoleInfo (RoleInfo.java:updateAndGet(143)) - 481c33f5-8212-4ec9-a494-633b8160f9c0: start FollowerState
2019-10-19 01:14:22,257 [pool-539-thread-1] INFO  util.JmxRegister (JmxRegister.java:tryRegister(44)) - Successfully registered JMX Bean with object name Ratis:service=RaftServer,group=group-387A02668279,id=481c33f5-8212-4ec9-a494-633b8160f9c0
2019-10-19 01:14:22,259 [RatisPipelineUtilsThread] INFO  pipeline.PipelineStateManager (PipelineStateManager.java:addPipeline(56)) - Created pipeline Pipeline[ Id: 125efaf9-a9fe-4f6d-8032-387a02668279, Nodes: 481c33f5-8212-4ec9-a494-633b8160f9c0{ip: 192.168.69.71, host: pr-hdds-2333-vzxj6-995506542, networkLocation: /rack1, certSerialId: null}, Type:RATIS, Factor:ONE, State:OPEN]
2019-10-19 01:14:22,266 [grpc-default-executor-3] INFO  impl.RaftServerProxy (RaftServerProxy.java:addNew(89)) - 2543ffea-c5c6-4af0-856f-eb846bad755a: addNew group-F9B096411D9E:[2543ffea-c5c6-4af0-856f-eb846bad755a:192.168.69.71:45287] returns group-F9B096411D9E:java.util.concurrent.CompletableFuture@5fcd4c62[Not completed]
2019-10-19 01:14:22,267 [pool-579-thread-1] INFO  impl.RaftServerImpl (RaftServerImpl.java:<init>(104)) - 2543ffea-c5c6-4af0-856f-eb846bad755a: new RaftServerImpl for group-F9B096411D9E:[2543ffea-c5c6-4af0-856f-eb846bad755a:192.168.69.71:45287] with ContainerStateMachine:uninitialized
2019-10-19 01:14:22,267 [pool-579-thread-1] INFO  server.RaftServerConfigKeys (ConfUtils.java:logGet(43)) - raft.server.rpc.timeout.min = 1s (custom)
2019-10-19 01:14:22,267 [pool-579-thread-1] INFO  server.RaftServerConfigKeys (ConfUtils.java:logGet(43)) - raft.server.rpc.timeout.max = 1200ms (custom)
2019-10-19 01:14:22,267 [pool-579-thread-1] INFO  server.RaftServerConfigKeys (ConfUtils.java:logGet(43)) - raft.server.rpcslowness.timeout = 120s (custom)
2019-10-19 01:14:22,267 [Thread-6272] INFO  impl.FollowerState (FollowerState.java:run(108)) - 9c2d914d-67b1-4af9-8080-4d6ee007b506@group-20FCFA0487C4-FollowerState: change to CANDIDATE, lastRpcTime:125ms, electionTimeout:125ms
2019-10-19 01:14:22,267 [Thread-6272] INFO  impl.RoleInfo (RoleInfo.java:shutdownFollowerState(121)) - 9c2d914d-67b1-4af9-8080-4d6ee007b506: shutdown FollowerState
2019-10-19 01:14:22,267 [pool-579-thread-1] INFO  server.RaftServerConfigKeys (ConfUtils.java:logGet(43)) - raft.server.sleep.deviation.threshold = 300 (default)
2019-10-19 01:14:22,267 [Thread-6272] INFO  impl.RaftServerImpl (RaftServerImpl.java:setRole(184)) - 9c2d914d-67b1-4af9-8080-4d6ee007b506@group-20FCFA0487C4: changes role from  FOLLOWER to CANDIDATE at term 2 for changeToCandidate
2019-10-19 01:14:22,267 [pool-579-thread-1] INFO  server.RaftServerConfigKeys (ConfUtils.java:logGet(43)) - raft.server.log.appender.install.snapshot.enabled = false (custom)
2019-10-19 01:14:22,267 [Thread-6272] INFO  impl.RoleInfo (RoleInfo.java:updateAndGet(143)) - 9c2d914d-67b1-4af9-8080-4d6ee007b506: start LeaderElection
2019-10-19 01:14:22,267 [pool-579-thread-1] INFO  impl.RaftServerImpl (ServerState.java:<init>(103)) - 2543ffea-c5c6-4af0-856f-eb846bad755a@group-F9B096411D9E: ConfigurationManager, init=-1: [2543ffea-c5c6-4af0-856f-eb846bad755a:192.168.69.71:45287], old=null, confs=<EMPTY_MAP>
2019-10-19 01:14:22,267 [pool-579-thread-1] INFO  server.RaftServerConfigKeys (ConfUtils.java:logGet(43)) - raft.server.storage.dir = [/workdir/hadoop-ozone/integration-test/target/test-dir/MiniOzoneClusterImpl-2b25e22a-b484-4e93-9811-5f8cd4460e46/datanode-7/data/ratis] (custom)
2019-10-19 01:14:22,268 [pool-579-thread-1] INFO  server.RaftServerConfigKeys (ConfUtils.java:logGet(43)) - raft.server.log.corruption.policy = EXCEPTION (default)
2019-10-19 01:14:22,268 [pool-579-thread-1] INFO  storage.RaftStorageDirectory (RaftStorageDirectory.java:analyzeStorage(246)) - The storage directory /workdir/hadoop-ozone/integration-test/target/test-dir/MiniOzoneClusterImpl-2b25e22a-b484-4e93-9811-5f8cd4460e46/datanode-7/data/ratis/307c3bf6-bfb0-4301-b9e8-f9b096411d9e does not exist. Creating ...
2019-10-19 01:14:22,275 [pool-579-thread-1] INFO  storage.RaftStorageDirectory (RaftStorageDirectory.java:tryLock(328)) - Lock on /workdir/hadoop-ozone/integration-test/target/test-dir/MiniOzoneClusterImpl-2b25e22a-b484-4e93-9811-5f8cd4460e46/datanode-7/data/ratis/307c3bf6-bfb0-4301-b9e8-f9b096411d9e/in_use.lock acquired by nodename 10610@pr-hdds-2333-vzxj6-995506542
2019-10-19 01:14:22,275 [9c2d914d-67b1-4af9-8080-4d6ee007b506@group-20FCFA0487C4-LeaderElection617] INFO  impl.LeaderElection (LeaderElection.java:askForVotes(178)) - 9c2d914d-67b1-4af9-8080-4d6ee007b506@group-20FCFA0487C4-LeaderElection617: begin an election at term 3 for -1: [88be3607-7667-471c-9070-7dfd13eb5ac8:192.168.69.71:32925, 9c2d914d-67b1-4af9-8080-4d6ee007b506:192.168.69.71:35462, 61d0b7dc-5f8b-422f-8693-c58167224d24:192.168.69.71:43479], old=null
2019-10-19 01:14:22,277 [grpc-default-executor-3] INFO  impl.RaftServerImpl (RaftServerImpl.java:setRole(184)) - 88be3607-7667-471c-9070-7dfd13eb5ac8@group-20FCFA0487C4: changes role from  FOLLOWER to FOLLOWER at term 3 for recognizeCandidate:9c2d914d-67b1-4af9-8080-4d6ee007b506
2019-10-19 01:14:22,277 [grpc-default-executor-3] INFO  impl.RoleInfo (RoleInfo.java:shutdownFollowerState(121)) - 88be3607-7667-471c-9070-7dfd13eb5ac8: shutdown FollowerState
2019-10-19 01:14:22,277 [grpc-default-executor-3] INFO  impl.RoleInfo (RoleInfo.java:updateAndGet(143)) - 88be3607-7667-471c-9070-7dfd13eb5ac8: start FollowerState
2019-10-19 01:14:22,277 [Thread-6269] INFO  impl.FollowerState (FollowerState.java:run(117)) - 88be3607-7667-471c-9070-7dfd13eb5ac8@group-20FCFA0487C4-FollowerState was interrupted: java.lang.InterruptedException: sleep interrupted
2019-10-19 01:14:22,277 [grpc-default-executor-9] INFO  impl.RaftServerImpl (RaftServerImpl.java:setRole(184)) - 61d0b7dc-5f8b-422f-8693-c58167224d24@group-20FCFA0487C4: changes role from  FOLLOWER to FOLLOWER at term 3 for recognizeCandidate:9c2d914d-67b1-4af9-8080-4d6ee007b506
2019-10-19 01:14:22,277 [grpc-default-executor-9] INFO  impl.RoleInfo (RoleInfo.java:shutdownFollowerState(121)) - 61d0b7dc-5f8b-422f-8693-c58167224d24: shutdown FollowerState
2019-10-19 01:14:22,277 [grpc-default-executor-9] INFO  impl.RoleInfo (RoleInfo.java:updateAndGet(143)) - 61d0b7dc-5f8b-422f-8693-c58167224d24: start FollowerState
2019-10-19 01:14:22,277 [Thread-6268] INFO  impl.FollowerState (FollowerState.java:run(117)) - 61d0b7dc-5f8b-422f-8693-c58167224d24@group-20FCFA0487C4-FollowerState was interrupted: java.lang.InterruptedException: sleep interrupted
2019-10-19 01:14:22,283 [Thread-6280] INFO  impl.FollowerState (FollowerState.java:run(108)) - e5ec12fd-6862-43a4-8f6d-a55a364e5eb4@group-0E8931D44062-FollowerState: change to CANDIDATE, lastRpcTime:58ms, electionTimeout:58ms
2019-10-19 01:14:22,283 [Thread-6280] INFO  impl.RoleInfo (RoleInfo.java:shutdownFollowerState(121)) - e5ec12fd-6862-43a4-8f6d-a55a364e5eb4: shutdown FollowerState
2019-10-19 01:14:22,283 [Thread-6280] INFO  impl.RaftServerImpl (RaftServerImpl.java:setRole(184)) - e5ec12fd-6862-43a4-8f6d-a55a364e5eb4@group-0E8931D44062: changes role from  FOLLOWER to CANDIDATE at term 0 for changeToCandidate
2019-10-19 01:14:22,283 [Thread-6280] INFO  impl.RoleInfo (RoleInfo.java:updateAndGet(143)) - e5ec12fd-6862-43a4-8f6d-a55a364e5eb4: start LeaderElection
2019-10-19 01:14:22,289 [pool-579-thread-1] INFO  storage.RaftStorage (RaftStorage.java:format(84)) - Storage directory /workdir/hadoop-ozone/integration-test/target/test-dir/MiniOzoneClusterImpl-2b25e22a-b484-4e93-9811-5f8cd4460e46/datanode-7/data/ratis/307c3bf6-bfb0-4301-b9e8-f9b096411d9e has been successfully formatted.
2019-10-19 01:14:22,289 [pool-579-thread-1] INFO  ratis.ContainerStateMachine (ContainerStateMachine.java:loadSnapshot(231)) - group-F9B096411D9E: The snapshot info is null. Setting the last applied indexto:(t:0, i:~)
2019-10-19 01:14:22,289 [pool-579-thread-1] INFO  server.RaftServerConfigKeys (ConfUtils.java:logGet(43)) - raft.server.notification.no-leader.timeout = 120s (custom)
2019-10-19 01:14:22,289 [pool-579-thread-1] INFO  server.RaftServerConfigKeys (ConfUtils.java:logGet(43)) - raft.server.log.use.memory = false (default)
2019-10-19 01:14:22,290 [pool-579-thread-1] INFO  server.RaftServerConfigKeys (ConfUtils.java:logGet(43)) - raft.server.log.purge.gap = 1000000 (custom)
2019-10-19 01:14:22,290 [pool-579-thread-1] INFO  server.RaftServerConfigKeys (ConfUtils.java:logGet(43)) - raft.server.log.appender.buffer.byte-limit = 33554432 (custom)
2019-10-19 01:14:22,290 [9c2d914d-67b1-4af9-8080-4d6ee007b506@group-20FCFA0487C4-LeaderElection617] INFO  impl.LeaderElection (LeaderElection.java:logAndReturn(56)) - 9c2d914d-67b1-4af9-8080-4d6ee007b506@group-20FCFA0487C4-LeaderElection617: Election REJECTED; received 2 response(s) [9c2d914d-67b1-4af9-8080-4d6ee007b506<-88be3607-7667-471c-9070-7dfd13eb5ac8#0:FAIL-t3, 9c2d914d-67b1-4af9-8080-4d6ee007b506<-61d0b7dc-5f8b-422f-8693-c58167224d24#0:FAIL-t3] and 0 exception(s); 9c2d914d-67b1-4af9-8080-4d6ee007b506@group-20FCFA0487C4:t3, leader=null, voted=9c2d914d-67b1-4af9-8080-4d6ee007b506, raftlog=9c2d914d-67b1-4af9-8080-4d6ee007b506@group-20FCFA0487C4-SegmentedRaftLog:OPENED:c-1,f-1,i0, conf=-1: [88be3607-7667-471c-9070-7dfd13eb5ac8:192.168.69.71:32925, 9c2d914d-67b1-4af9-8080-4d6ee007b506:192.168.69.71:35462, 61d0b7dc-5f8b-422f-8693-c58167224d24:192.168.69.71:43479], old=null
2019-10-19 01:14:22,290 [pool-579-thread-1] INFO  server.RaftServerConfigKeys (ConfUtils.java:logGet(43)) - raft.server.log.segment.size.max = 1048576 (custom)
2019-10-19 01:14:22,290 [9c2d914d-67b1-4af9-8080-4d6ee007b506@group-20FCFA0487C4-LeaderElection617] INFO  impl.RaftServerImpl (RaftServerImpl.java:setRole(184)) - 9c2d914d-67b1-4af9-8080-4d6ee007b506@group-20FCFA0487C4: changes role from CANDIDATE to FOLLOWER at term 3 for DISCOVERED_A_NEW_TERM
2019-10-19 01:14:22,290 [9c2d914d-67b1-4af9-8080-4d6ee007b506@group-20FCFA0487C4-LeaderElection617] INFO  impl.RoleInfo (RoleInfo.java:shutdownLeaderElection(134)) - 9c2d914d-67b1-4af9-8080-4d6ee007b506: shutdown LeaderElection
2019-10-19 01:14:22,290 [9c2d914d-67b1-4af9-8080-4d6ee007b506@group-20FCFA0487C4-LeaderElection617] INFO  impl.RoleInfo (RoleInfo.java:updateAndGet(143)) - 9c2d914d-67b1-4af9-8080-4d6ee007b506: start FollowerState
2019-10-19 01:14:22,496 [Thread-6291] INFO  impl.FollowerState (FollowerState.java:run(108)) - 9c2d914d-67b1-4af9-8080-4d6ee007b506@group-20FCFA0487C4-FollowerState: change to CANDIDATE, lastRpcTime:206ms, electionTimeout:88ms
2019-10-19 01:14:22,499 [e5ec12fd-6862-43a4-8f6d-a55a364e5eb4@group-0E8931D44062-LeaderElection618] INFO  impl.LeaderElection (LeaderElection.java:askForVotes(178)) - e5ec12fd-6862-43a4-8f6d-a55a364e5eb4@group-0E8931D44062-LeaderElection618: begin an election at term 1 for -1: [e5ec12fd-6862-43a4-8f6d-a55a364e5eb4:192.168.69.71:43961], old=null
2019-10-19 01:14:22,499 [Thread-6283] INFO  impl.FollowerState (FollowerState.java:run(108)) - 481c33f5-8212-4ec9-a494-633b8160f9c0@group-387A02668279-FollowerState: change to CANDIDATE, lastRpcTime:242ms, electionTimeout:39ms
2019-10-19 01:14:22,509 [e5ec12fd-6862-43a4-8f6d-a55a364e5eb4@group-0E8931D44062-LeaderElection618] INFO  impl.RoleInfo (RoleInfo.java:shutdownLeaderElection(134)) - e5ec12fd-6862-43a4-8f6d-a55a364e5eb4: shutdown LeaderElection
2019-10-19 01:14:22,496 [main] INFO  ozone.MiniOzoneClusterImpl (MiniOzoneClusterImpl.java:lambda$waitForClusterToBeReady$0(147)) - Waiting for cluster to be ready. Got 8 of 10 DN Heartbeats.
2019-10-19 01:14:22,514 [Thread-6283] INFO  impl.RoleInfo (RoleInfo.java:shutdownFollowerState(121)) - 481c33f5-8212-4ec9-a494-633b8160f9c0: shutdown FollowerState
2019-10-19 01:14:22,511 [e5ec12fd-6862-43a4-8f6d-a55a364e5eb4@group-0E8931D44062-LeaderElection618] INFO  impl.RaftServerImpl (RaftServerImpl.java:setRole(184)) - e5ec12fd-6862-43a4-8f6d-a55a364e5eb4@group-0E8931D44062: changes role from CANDIDATE to LEADER at term 1 for changeToLeader
2019-10-19 01:14:22,502 [Thread-6291] INFO  impl.RoleInfo (RoleInfo.java:shutdownFollowerState(121)) - 9c2d914d-67b1-4af9-8080-4d6ee007b506: shutdown FollowerState
2019-10-19 01:14:22,530 [e5ec12fd-6862-43a4-8f6d-a55a364e5eb4@group-0E8931D44062-LeaderElection618] INFO  impl.RaftServerImpl (ServerState.java:setLeader(256)) - e5ec12fd-6862-43a4-8f6d-a55a364e5eb4@group-0E8931D44062: change Leader from null to e5ec12fd-6862-43a4-8f6d-a55a364e5eb4 at term 1 for becomeLeader, leader elected after 306ms
2019-10-19 01:14:22,521 [Thread-6283] INFO  impl.RaftServerImpl (RaftServerImpl.java:setRole(184)) - 481c33f5-8212-4ec9-a494-633b8160f9c0@group-387A02668279: changes role from  FOLLOWER to CANDIDATE at term 0 for changeToCandidate
2019-10-19 01:14:22,541 [IPC Server handler 4 on 44729] INFO  net.NetworkTopology (NetworkTopologyImpl.java:add(111)) - Added a new node: /rack1/61d14648-e80d-4cd8-9e7c-6deb2f21aca8
2019-10-19 01:14:22,538 [e5ec12fd-6862-43a4-8f6d-a55a364e5eb4@group-0E8931D44062-LeaderElection618] INFO  server.RaftServerConfigKeys (ConfUtils.java:logGet(43)) - raft.server.staging.catchup.gap = 1000 (default)
2019-10-19 01:14:22,538 [Thread-6291] INFO  impl.RaftServerImpl (RaftServerImpl.java:setRole(184)) - 9c2d914d-67b1-4af9-8080-4d6ee007b506@group-20FCFA0487C4: changes role from  FOLLOWER to CANDIDATE at term 3 for changeToCandidate
2019-10-19 01:14:22,549 [e5ec12fd-6862-43a4-8f6d-a55a364e5eb4@group-0E8931D44062-LeaderElection618] INFO  server.RaftServerConfigKeys (ConfUtils.java:logGet(43)) - raft.server.rpc.sleep.time = 25ms (default)
2019-10-19 01:14:22,561 [Thread-6291] INFO  impl.RoleInfo (RoleInfo.java:updateAndGet(143)) - 9c2d914d-67b1-4af9-8080-4d6ee007b506: start LeaderElection
2019-10-19 01:14:22,549 [IPC Server handler 4 on 44729] INFO  node.SCMNodeManager (SCMNodeManager.java:register(268)) - Registered Data node : 61d14648-e80d-4cd8-9e7c-6deb2f21aca8{ip: 192.168.69.71, host: pr-hdds-2333-vzxj6-995506542, networkLocation: /rack1, certSerialId: null}
2019-10-19 01:14:22,545 [IPC Server handler 17 on 44729] INFO  net.NetworkTopology (NetworkTopologyImpl.java:add(111)) - Added a new node: /rack1/796958df-e390-450e-98f3-f34b34ce9ba7
2019-10-19 01:14:22,564 [pool-579-thread-1] INFO  server.RaftServerConfigKeys (ConfUtils.java:logGet(43)) - raft.server.log.segment.cache.num.max = 2 (custom)
2019-10-19 01:14:22,545 [Thread-6283] INFO  impl.RoleInfo (RoleInfo.java:updateAndGet(143)) - 481c33f5-8212-4ec9-a494-633b8160f9c0: start LeaderElection
2019-10-19 01:14:22,565 [IPC Server handler 17 on 44729] INFO  node.SCMNodeManager (SCMNodeManager.java:register(268)) - Registered Data node : 796958df-e390-450e-98f3-f34b34ce9ba7{ip: 192.168.69.71, host: pr-hdds-2333-vzxj6-995506542, networkLocation: /rack1, certSerialId: null}
2019-10-19 01:14:22,564 [e5ec12fd-6862-43a4-8f6d-a55a364e5eb4@group-0E8931D44062-LeaderElection618] INFO  server.RaftServerConfigKeys (ConfUtils.java:logGet(43)) - raft.server.write.element-limit = 4096 (default)
2019-10-19 01:14:22,574 [pool-579-thread-1] INFO  segmented.SegmentedRaftLogWorker (SegmentedRaftLogWorker.java:<init>(173)) - new 2543ffea-c5c6-4af0-856f-eb846bad755a@group-F9B096411D9E-SegmentedRaftLogWorker for RaftStorage:Storage Directory /workdir/hadoop-ozone/integration-test/target/test-dir/MiniOzoneClusterImpl-2b25e22a-b484-4e93-9811-5f8cd4460e46/datanode-7/data/ratis/307c3bf6-bfb0-4301-b9e8-f9b096411d9e
2019-10-19 01:14:22,629 [e5ec12fd-6862-43a4-8f6d-a55a364e5eb4@group-0E8931D44062-LeaderElection618] INFO  server.RaftServerConfigKeys (ConfUtils.java:logGet(43)) - raft.server.watch.timeout = 10s (default)
2019-10-19 01:14:22,630 [pool-579-thread-1] INFO  server.RaftServerConfigKeys (ConfUtils.java:logGet(43)) - raft.server.log.queue.byte-limit = 2147483647 (custom)
2019-10-19 01:14:22,630 [e5ec12fd-6862-43a4-8f6d-a55a364e5eb4@group-0E8931D44062-LeaderElection618] INFO  server.RaftServerConfigKeys (ConfUtils.java:logGet(43)) - raft.server.watch.timeout.denomination = 1s (default)
2019-10-19 01:14:22,630 [pool-579-thread-1] INFO  server.RaftServerConfigKeys (ConfUtils.java:logGet(43)) - raft.server.log.queue.element-limit = 1024 (custom)
2019-10-19 01:14:22,630 [e5ec12fd-6862-43a4-8f6d-a55a364e5eb4@group-0E8931D44062-LeaderElection618] INFO  server.RaftServerConfigKeys (ConfUtils.java:logGet(43)) - raft.server.watch.element-limit = 65536 (default)
2019-10-19 01:14:22,630 [pool-579-thread-1] INFO  server.RaftServerConfigKeys (ConfUtils.java:logGet(43)) - raft.server.log.segment.size.max = 1048576 (custom)
2019-10-19 01:14:22,630 [pool-579-thread-1] INFO  server.RaftServerConfigKeys (ConfUtils.java:logGet(43)) - raft.server.log.preallocated.size = 16384 (custom)
2019-10-19 01:14:22,630 [pool-579-thread-1] INFO  server.RaftServerConfigKeys (ConfUtils.java:logGet(43)) - raft.server.log.write.buffer.size = 33554432 (custom)
2019-10-19 01:14:22,630 [pool-579-thread-1] INFO  server.RaftServerConfigKeys (ConfUtils.java:logGet(43)) - raft.server.log.force.sync.num = 128 (default)
2019-10-19 01:14:22,630 [pool-579-thread-1] INFO  server.RaftServerConfigKeys (ConfUtils.java:logGet(43)) - raft.server.log.statemachine.data.sync = true (default)
2019-10-19 01:14:22,631 [pool-579-thread-1] INFO  server.RaftServerConfigKeys (ConfUtils.java:logGet(43)) - raft.server.log.statemachine.data.sync.timeout = 10s (default)
2019-10-19 01:14:22,631 [pool-579-thread-1] INFO  server.RaftServerConfigKeys (ConfUtils.java:logGet(43)) - raft.server.log.statemachine.data.sync.timeout.retry = -1 (default)
2019-10-19 01:14:22,631 [pool-579-thread-1] INFO  server.RaftServerConfigKeys (ConfUtils.java:logGet(43)) - raft.server.log.statemachine.data.caching.enabled = true (custom)
2019-10-19 01:14:22,631 [e5ec12fd-6862-43a4-8f6d-a55a364e5eb4@group-0E8931D44062-LeaderElection618] INFO  impl.RoleInfo (RoleInfo.java:updateAndGet(143)) - e5ec12fd-6862-43a4-8f6d-a55a364e5eb4: start LeaderState
2019-10-19 01:14:22,632 [e5ec12fd-6862-43a4-8f6d-a55a364e5eb4@group-0E8931D44062-LeaderElection618] INFO  segmented.SegmentedRaftLogWorker (SegmentedRaftLogWorker.java:startLogSegment(385)) - e5ec12fd-6862-43a4-8f6d-a55a364e5eb4@group-0E8931D44062-SegmentedRaftLogWorker: Starting segment from index:0
2019-10-19 01:14:22,632 [pool-579-thread-1] INFO  segmented.SegmentedRaftLogWorker (SegmentedRaftLogWorker.java:lambda$new$0(128)) - 2543ffea-c5c6-4af0-856f-eb846bad755a@group-F9B096411D9E-SegmentedRaftLogWorker: flushIndex: setUnconditionally 0 -> -1
2019-10-19 01:14:22,632 [e5ec12fd-6862-43a4-8f6d-a55a364e5eb4@group-0E8931D44062-LeaderElection618] INFO  impl.RaftServerImpl (ServerState.java:setRaftConf(357)) - e5ec12fd-6862-43a4-8f6d-a55a364e5eb4@group-0E8931D44062: set configuration 0: [e5ec12fd-6862-43a4-8f6d-a55a364e5eb4:192.168.69.71:43961], old=null at 0
2019-10-19 01:14:22,632 [pool-579-thread-1] INFO  server.RaftServerConfigKeys (ConfUtils.java:logGet(43)) - raft.server.snapshot.auto.trigger.enabled = true (custom)
2019-10-19 01:14:22,632 [pool-579-thread-1] INFO  server.RaftServerConfigKeys (ConfUtils.java:logGet(43)) - raft.server.snapshot.auto.trigger.threshold = 10000 (custom)
2019-10-19 01:14:22,632 [pool-579-thread-1] INFO  server.RaftServerConfigKeys (ConfUtils.java:logGet(43)) - raft.server.snapshot.retention.file.num = 5 (custom)
2019-10-19 01:14:22,632 [pool-579-thread-1] INFO  server.RaftServerConfigKeys (ConfUtils.java:logGet(43)) - raft.server.retrycache.expirytime = 600000ms (custom)
2019-10-19 01:14:22,634 [pool-579-thread-1] INFO  impl.RaftServerImpl (RaftServerImpl.java:start(195)) - 2543ffea-c5c6-4af0-856f-eb846bad755a@group-F9B096411D9E: start as a follower, conf=-1: [2543ffea-c5c6-4af0-856f-eb846bad755a:192.168.69.71:45287], old=null
2019-10-19 01:14:22,634 [pool-579-thread-1] INFO  impl.RaftServerImpl (RaftServerImpl.java:setRole(184)) - 2543ffea-c5c6-4af0-856f-eb846bad755a@group-F9B096411D9E: changes role from      null to FOLLOWER at term 0 for startAsFollower
2019-10-19 01:14:22,634 [pool-579-thread-1] INFO  impl.RoleInfo (RoleInfo.java:updateAndGet(143)) - 2543ffea-c5c6-4af0-856f-eb846bad755a: start FollowerState
2019-10-19 01:14:22,635 [pool-579-thread-1] INFO  util.JmxRegister (JmxRegister.java:tryRegister(44)) - Successfully registered JMX Bean with object name Ratis:service=RaftServer,group=group-F9B096411D9E,id=2543ffea-c5c6-4af0-856f-eb846bad755a
2019-10-19 01:14:22,658 [9c2d914d-67b1-4af9-8080-4d6ee007b506@group-20FCFA0487C4-LeaderElection620] INFO  impl.LeaderElection (LeaderElection.java:askForVotes(178)) - 9c2d914d-67b1-4af9-8080-4d6ee007b506@group-20FCFA0487C4-LeaderElection620: begin an election at term 4 for -1: [88be3607-7667-471c-9070-7dfd13eb5ac8:192.168.69.71:32925, 9c2d914d-67b1-4af9-8080-4d6ee007b506:192.168.69.71:35462, 61d0b7dc-5f8b-422f-8693-c58167224d24:192.168.69.71:43479], old=null
2019-10-19 01:14:22,658 [481c33f5-8212-4ec9-a494-633b8160f9c0@group-387A02668279-LeaderElection619] INFO  impl.LeaderElection (LeaderElection.java:askForVotes(178)) - 481c33f5-8212-4ec9-a494-633b8160f9c0@group-387A02668279-LeaderElection619: begin an election at term 1 for -1: [481c33f5-8212-4ec9-a494-633b8160f9c0:192.168.69.71:45454], old=null
2019-10-19 01:14:22,658 [481c33f5-8212-4ec9-a494-633b8160f9c0@group-387A02668279-LeaderElection619] INFO  impl.RoleInfo (RoleInfo.java:shutdownLeaderElection(134)) - 481c33f5-8212-4ec9-a494-633b8160f9c0: shutdown LeaderElection
2019-10-19 01:14:22,658 [481c33f5-8212-4ec9-a494-633b8160f9c0@group-387A02668279-LeaderElection619] INFO  impl.RaftServerImpl (RaftServerImpl.java:setRole(184)) - 481c33f5-8212-4ec9-a494-633b8160f9c0@group-387A02668279: changes role from CANDIDATE to LEADER at term 1 for changeToLeader
2019-10-19 01:14:22,658 [481c33f5-8212-4ec9-a494-633b8160f9c0@group-387A02668279-LeaderElection619] INFO  impl.RaftServerImpl (ServerState.java:setLeader(256)) - 481c33f5-8212-4ec9-a494-633b8160f9c0@group-387A02668279: change Leader from null to 481c33f5-8212-4ec9-a494-633b8160f9c0 at term 1 for becomeLeader, leader elected after 405ms
2019-10-19 01:14:22,658 [481c33f5-8212-4ec9-a494-633b8160f9c0@group-387A02668279-LeaderElection619] INFO  server.RaftServerConfigKeys (ConfUtils.java:logGet(43)) - raft.server.staging.catchup.gap = 1000 (default)
2019-10-19 01:14:22,661 [481c33f5-8212-4ec9-a494-633b8160f9c0@group-387A02668279-LeaderElection619] INFO  server.RaftServerConfigKeys (ConfUtils.java:logGet(43)) - raft.server.rpc.sleep.time = 25ms (default)
2019-10-19 01:14:22,661 [481c33f5-8212-4ec9-a494-633b8160f9c0@group-387A02668279-LeaderElection619] INFO  server.RaftServerConfigKeys (ConfUtils.java:logGet(43)) - raft.server.write.element-limit = 4096 (default)
2019-10-19 01:14:22,661 [481c33f5-8212-4ec9-a494-633b8160f9c0@group-387A02668279-LeaderElection619] INFO  server.RaftServerConfigKeys (ConfUtils.java:logGet(43)) - raft.server.watch.timeout = 10s (default)
2019-10-19 01:14:22,663 [481c33f5-8212-4ec9-a494-633b8160f9c0@group-387A02668279-LeaderElection619] INFO  server.RaftServerConfigKeys (ConfUtils.java:logGet(43)) - raft.server.watch.timeout.denomination = 1s (default)
2019-10-19 01:14:22,663 [481c33f5-8212-4ec9-a494-633b8160f9c0@group-387A02668279-LeaderElection619] INFO  server.RaftServerConfigKeys (ConfUtils.java:logGet(43)) - raft.server.watch.element-limit = 65536 (default)
2019-10-19 01:14:22,663 [grpc-default-executor-9] INFO  impl.RaftServerImpl (RaftServerImpl.java:setRole(184)) - 88be3607-7667-471c-9070-7dfd13eb5ac8@group-20FCFA0487C4: changes role from  FOLLOWER to FOLLOWER at term 4 for recognizeCandidate:9c2d914d-67b1-4af9-8080-4d6ee007b506
2019-10-19 01:14:22,663 [grpc-default-executor-9] INFO  impl.RoleInfo (RoleInfo.java:shutdownFollowerState(121)) - 88be3607-7667-471c-9070-7dfd13eb5ac8: shutdown FollowerState
2019-10-19 01:14:22,663 [grpc-default-executor-3] INFO  impl.RaftServerImpl (RaftServerImpl.java:setRole(184)) - 61d0b7dc-5f8b-422f-8693-c58167224d24@group-20FCFA0487C4: changes role from  FOLLOWER to FOLLOWER at term 4 for recognizeCandidate:9c2d914d-67b1-4af9-8080-4d6ee007b506
2019-10-19 01:14:22,663 [Thread-6288] INFO  impl.FollowerState (FollowerState.java:run(117)) - 88be3607-7667-471c-9070-7dfd13eb5ac8@group-20FCFA0487C4-FollowerState was interrupted: java.lang.InterruptedException: sleep interrupted
2019-10-19 01:14:22,663 [grpc-default-executor-9] INFO  impl.RoleInfo (RoleInfo.java:updateAndGet(143)) - 88be3607-7667-471c-9070-7dfd13eb5ac8: start FollowerState
2019-10-19 01:14:22,665 [grpc-default-executor-3] INFO  impl.RoleInfo (RoleInfo.java:shutdownFollowerState(121)) - 61d0b7dc-5f8b-422f-8693-c58167224d24: shutdown FollowerState
2019-10-19 01:14:22,665 [grpc-default-executor-3] INFO  impl.RoleInfo (RoleInfo.java:updateAndGet(143)) - 61d0b7dc-5f8b-422f-8693-c58167224d24: start FollowerState
2019-10-19 01:14:22,665 [Thread-6289] INFO  impl.FollowerState (FollowerState.java:run(117)) - 61d0b7dc-5f8b-422f-8693-c58167224d24@group-20FCFA0487C4-FollowerState was interrupted: java.lang.InterruptedException: sleep interrupted
2019-10-19 01:14:22,665 [481c33f5-8212-4ec9-a494-633b8160f9c0@group-387A02668279-LeaderElection619] INFO  impl.RoleInfo (RoleInfo.java:updateAndGet(143)) - 481c33f5-8212-4ec9-a494-633b8160f9c0: start LeaderState
2019-10-19 01:14:22,667 [481c33f5-8212-4ec9-a494-633b8160f9c0@group-387A02668279-LeaderElection619] INFO  segmented.SegmentedRaftLogWorker (SegmentedRaftLogWorker.java:startLogSegment(385)) - 481c33f5-8212-4ec9-a494-633b8160f9c0@group-387A02668279-SegmentedRaftLogWorker: Starting segment from index:0
2019-10-19 01:14:22,667 [481c33f5-8212-4ec9-a494-633b8160f9c0@group-387A02668279-LeaderElection619] INFO  impl.RaftServerImpl (ServerState.java:setRaftConf(357)) - 481c33f5-8212-4ec9-a494-633b8160f9c0@group-387A02668279: set configuration 0: [481c33f5-8212-4ec9-a494-633b8160f9c0:192.168.69.71:45454], old=null at 0
2019-10-19 01:14:22,695 [e5ec12fd-6862-43a4-8f6d-a55a364e5eb4@group-0E8931D44062-SegmentedRaftLogWorker] INFO  segmented.SegmentedRaftLogWorker (SegmentedRaftLogWorker.java:execute(576)) - e5ec12fd-6862-43a4-8f6d-a55a364e5eb4@group-0E8931D44062-SegmentedRaftLogWorker: created new log segment /workdir/hadoop-ozone/integration-test/target/test-dir/MiniOzoneClusterImpl-2b25e22a-b484-4e93-9811-5f8cd4460e46/datanode-6/data/ratis/7e6876ce-f600-4b91-ba7b-0e8931d44062/current/log_inprogress_0
2019-10-19 01:14:22,695 [9c2d914d-67b1-4af9-8080-4d6ee007b506@group-20FCFA0487C4-LeaderElection620] INFO  impl.LeaderElection (LeaderElection.java:logAndReturn(56)) - 9c2d914d-67b1-4af9-8080-4d6ee007b506@group-20FCFA0487C4-LeaderElection620: Election REJECTED; received 2 response(s) [9c2d914d-67b1-4af9-8080-4d6ee007b506<-88be3607-7667-471c-9070-7dfd13eb5ac8#0:FAIL-t4, 9c2d914d-67b1-4af9-8080-4d6ee007b506<-61d0b7dc-5f8b-422f-8693-c58167224d24#0:FAIL-t4] and 0 exception(s); 9c2d914d-67b1-4af9-8080-4d6ee007b506@group-20FCFA0487C4:t4, leader=null, voted=9c2d914d-67b1-4af9-8080-4d6ee007b506, raftlog=9c2d914d-67b1-4af9-8080-4d6ee007b506@group-20FCFA0487C4-SegmentedRaftLog:OPENED:c-1,f-1,i0, conf=-1: [88be3607-7667-471c-9070-7dfd13eb5ac8:192.168.69.71:32925, 9c2d914d-67b1-4af9-8080-4d6ee007b506:192.168.69.71:35462, 61d0b7dc-5f8b-422f-8693-c58167224d24:192.168.69.71:43479], old=null
2019-10-19 01:14:22,696 [RatisPipelineUtilsThread] INFO  pipeline.PipelineStateManager (PipelineStateManager.java:addPipeline(56)) - Created pipeline Pipeline[ Id: 307c3bf6-bfb0-4301-b9e8-f9b096411d9e, Nodes: 2543ffea-c5c6-4af0-856f-eb846bad755a{ip: 192.168.69.71, host: pr-hdds-2333-vzxj6-995506542, networkLocation: /rack1, certSerialId: null}, Type:RATIS, Factor:ONE, State:OPEN]
2019-10-19 01:14:22,696 [9c2d914d-67b1-4af9-8080-4d6ee007b506@group-20FCFA0487C4-LeaderElection620] INFO  impl.RaftServerImpl (RaftServerImpl.java:setRole(184)) - 9c2d914d-67b1-4af9-8080-4d6ee007b506@group-20FCFA0487C4: changes role from CANDIDATE to FOLLOWER at term 4 for DISCOVERED_A_NEW_TERM
2019-10-19 01:14:22,696 [9c2d914d-67b1-4af9-8080-4d6ee007b506@group-20FCFA0487C4-LeaderElection620] INFO  impl.RoleInfo (RoleInfo.java:shutdownLeaderElection(134)) - 9c2d914d-67b1-4af9-8080-4d6ee007b506: shutdown LeaderElection
2019-10-19 01:14:22,696 [9c2d914d-67b1-4af9-8080-4d6ee007b506@group-20FCFA0487C4-LeaderElection620] INFO  impl.RoleInfo (RoleInfo.java:updateAndGet(143)) - 9c2d914d-67b1-4af9-8080-4d6ee007b506: start FollowerState
2019-10-19 01:14:22,714 [481c33f5-8212-4ec9-a494-633b8160f9c0@group-387A02668279-SegmentedRaftLogWorker] INFO  segmented.SegmentedRaftLogWorker (SegmentedRaftLogWorker.java:execute(576)) - 481c33f5-8212-4ec9-a494-633b8160f9c0@group-387A02668279-SegmentedRaftLogWorker: created new log segment /workdir/hadoop-ozone/integration-test/target/test-dir/MiniOzoneClusterImpl-2b25e22a-b484-4e93-9811-5f8cd4460e46/datanode-3/data/ratis/125efaf9-a9fe-4f6d-8032-387a02668279/current/log_inprogress_0
2019-10-19 01:14:22,714 [grpc-default-executor-9] INFO  impl.RaftServerProxy (RaftServerProxy.java:addNew(89)) - 61d14648-e80d-4cd8-9e7c-6deb2f21aca8: addNew group-AF1775C7CE43:[61d14648-e80d-4cd8-9e7c-6deb2f21aca8:192.168.69.71:42247] returns group-AF1775C7CE43:java.util.concurrent.CompletableFuture@7ed5e3f5[Not completed]
2019-10-19 01:14:22,715 [pool-599-thread-1] INFO  impl.RaftServerImpl (RaftServerImpl.java:<init>(104)) - 61d14648-e80d-4cd8-9e7c-6deb2f21aca8: new RaftServerImpl for group-AF1775C7CE43:[61d14648-e80d-4cd8-9e7c-6deb2f21aca8:192.168.69.71:42247] with ContainerStateMachine:uninitialized
2019-10-19 01:14:22,715 [pool-599-thread-1] INFO  server.RaftServerConfigKeys (ConfUtils.java:logGet(43)) - raft.server.rpc.timeout.min = 1s (custom)
2019-10-19 01:14:22,715 [pool-599-thread-1] INFO  server.RaftServerConfigKeys (ConfUtils.java:logGet(43)) - raft.server.rpc.timeout.max = 1200ms (custom)
2019-10-19 01:14:22,715 [pool-599-thread-1] INFO  server.RaftServerConfigKeys (ConfUtils.java:logGet(43)) - raft.server.rpcslowness.timeout = 120s (custom)
2019-10-19 01:14:22,716 [pool-599-thread-1] INFO  server.RaftServerConfigKeys (ConfUtils.java:logGet(43)) - raft.server.sleep.deviation.threshold = 300 (default)
2019-10-19 01:14:22,716 [pool-599-thread-1] INFO  server.RaftServerConfigKeys (ConfUtils.java:logGet(43)) - raft.server.log.appender.install.snapshot.enabled = false (custom)
2019-10-19 01:14:22,716 [pool-599-thread-1] INFO  impl.RaftServerImpl (ServerState.java:<init>(103)) - 61d14648-e80d-4cd8-9e7c-6deb2f21aca8@group-AF1775C7CE43: ConfigurationManager, init=-1: [61d14648-e80d-4cd8-9e7c-6deb2f21aca8:192.168.69.71:42247], old=null, confs=<EMPTY_MAP>
2019-10-19 01:14:22,716 [pool-599-thread-1] INFO  server.RaftServerConfigKeys (ConfUtils.java:logGet(43)) - raft.server.storage.dir = [/workdir/hadoop-ozone/integration-test/target/test-dir/MiniOzoneClusterImpl-2b25e22a-b484-4e93-9811-5f8cd4460e46/datanode-9/data/ratis] (custom)
2019-10-19 01:14:22,716 [pool-599-thread-1] INFO  server.RaftServerConfigKeys (ConfUtils.java:logGet(43)) - raft.server.log.corruption.policy = EXCEPTION (default)
2019-10-19 01:14:22,716 [pool-599-thread-1] INFO  storage.RaftStorageDirectory (RaftStorageDirectory.java:analyzeStorage(246)) - The storage directory /workdir/hadoop-ozone/integration-test/target/test-dir/MiniOzoneClusterImpl-2b25e22a-b484-4e93-9811-5f8cd4460e46/datanode-9/data/ratis/abeb4641-7e7e-41f5-b783-af1775c7ce43 does not exist. Creating ...
2019-10-19 01:14:22,727 [pool-599-thread-1] INFO  storage.RaftStorageDirectory (RaftStorageDirectory.java:tryLock(328)) - Lock on /workdir/hadoop-ozone/integration-test/target/test-dir/MiniOzoneClusterImpl-2b25e22a-b484-4e93-9811-5f8cd4460e46/datanode-9/data/ratis/abeb4641-7e7e-41f5-b783-af1775c7ce43/in_use.lock acquired by nodename 10610@pr-hdds-2333-vzxj6-995506542
2019-10-19 01:14:22,740 [pool-599-thread-1] INFO  storage.RaftStorage (RaftStorage.java:format(84)) - Storage directory /workdir/hadoop-ozone/integration-test/target/test-dir/MiniOzoneClusterImpl-2b25e22a-b484-4e93-9811-5f8cd4460e46/datanode-9/data/ratis/abeb4641-7e7e-41f5-b783-af1775c7ce43 has been successfully formatted.
2019-10-19 01:14:22,741 [pool-599-thread-1] INFO  ratis.ContainerStateMachine (ContainerStateMachine.java:loadSnapshot(231)) - group-AF1775C7CE43: The snapshot info is null. Setting the last applied indexto:(t:0, i:~)
2019-10-19 01:14:22,741 [pool-599-thread-1] INFO  server.RaftServerConfigKeys (ConfUtils.java:logGet(43)) - raft.server.notification.no-leader.timeout = 120s (custom)
2019-10-19 01:14:22,741 [pool-599-thread-1] INFO  server.RaftServerConfigKeys (ConfUtils.java:logGet(43)) - raft.server.log.use.memory = false (default)
2019-10-19 01:14:22,741 [pool-599-thread-1] INFO  server.RaftServerConfigKeys (ConfUtils.java:logGet(43)) - raft.server.log.purge.gap = 1000000 (custom)
2019-10-19 01:14:22,741 [pool-599-thread-1] INFO  server.RaftServerConfigKeys (ConfUtils.java:logGet(43)) - raft.server.log.appender.buffer.byte-limit = 33554432 (custom)
2019-10-19 01:14:22,741 [pool-599-thread-1] INFO  server.RaftServerConfigKeys (ConfUtils.java:logGet(43)) - raft.server.log.segment.size.max = 1048576 (custom)
2019-10-19 01:14:22,743 [pool-599-thread-1] INFO  server.RaftServerConfigKeys (ConfUtils.java:logGet(43)) - raft.server.log.segment.cache.num.max = 2 (custom)
2019-10-19 01:14:22,743 [pool-599-thread-1] INFO  segmented.SegmentedRaftLogWorker (SegmentedRaftLogWorker.java:<init>(173)) - new 61d14648-e80d-4cd8-9e7c-6deb2f21aca8@group-AF1775C7CE43-SegmentedRaftLogWorker for RaftStorage:Storage Directory /workdir/hadoop-ozone/integration-test/target/test-dir/MiniOzoneClusterImpl-2b25e22a-b484-4e93-9811-5f8cd4460e46/datanode-9/data/ratis/abeb4641-7e7e-41f5-b783-af1775c7ce43
2019-10-19 01:14:22,743 [pool-599-thread-1] INFO  server.RaftServerConfigKeys (ConfUtils.java:logGet(43)) - raft.server.log.queue.byte-limit = 2147483647 (custom)
2019-10-19 01:14:22,743 [pool-599-thread-1] INFO  server.RaftServerConfigKeys (ConfUtils.java:logGet(43)) - raft.server.log.queue.element-limit = 1024 (custom)
2019-10-19 01:14:22,743 [pool-599-thread-1] INFO  server.RaftServerConfigKeys (ConfUtils.java:logGet(43)) - raft.server.log.segment.size.max = 1048576 (custom)
2019-10-19 01:14:22,743 [pool-599-thread-1] INFO  server.RaftServerConfigKeys (ConfUtils.java:logGet(43)) - raft.server.log.preallocated.size = 16384 (custom)
2019-10-19 01:14:22,743 [pool-599-thread-1] INFO  server.RaftServerConfigKeys (ConfUtils.java:logGet(43)) - raft.server.log.write.buffer.size = 33554432 (custom)
2019-10-19 01:14:22,743 [pool-599-thread-1] INFO  server.RaftServerConfigKeys (ConfUtils.java:logGet(43)) - raft.server.log.force.sync.num = 128 (default)
2019-10-19 01:14:22,743 [pool-599-thread-1] INFO  server.RaftServerConfigKeys (ConfUtils.java:logGet(43)) - raft.server.log.statemachine.data.sync = true (default)
2019-10-19 01:14:22,743 [pool-599-thread-1] INFO  server.RaftServerConfigKeys (ConfUtils.java:logGet(43)) - raft.server.log.statemachine.data.sync.timeout = 10s (default)
2019-10-19 01:14:22,744 [pool-599-thread-1] INFO  server.RaftServerConfigKeys (ConfUtils.java:logGet(43)) - raft.server.log.statemachine.data.sync.timeout.retry = -1 (default)
2019-10-19 01:14:22,744 [pool-599-thread-1] INFO  server.RaftServerConfigKeys (ConfUtils.java:logGet(43)) - raft.server.log.statemachine.data.caching.enabled = true (custom)
2019-10-19 01:14:22,744 [pool-599-thread-1] INFO  segmented.SegmentedRaftLogWorker (SegmentedRaftLogWorker.java:lambda$new$0(128)) - 61d14648-e80d-4cd8-9e7c-6deb2f21aca8@group-AF1775C7CE43-SegmentedRaftLogWorker: flushIndex: setUnconditionally 0 -> -1
2019-10-19 01:14:22,744 [pool-599-thread-1] INFO  server.RaftServerConfigKeys (ConfUtils.java:logGet(43)) - raft.server.snapshot.auto.trigger.enabled = true (custom)
2019-10-19 01:14:22,744 [pool-599-thread-1] INFO  server.RaftServerConfigKeys (ConfUtils.java:logGet(43)) - raft.server.snapshot.auto.trigger.threshold = 10000 (custom)
2019-10-19 01:14:22,744 [pool-599-thread-1] INFO  server.RaftServerConfigKeys (ConfUtils.java:logGet(43)) - raft.server.snapshot.retention.file.num = 5 (custom)
2019-10-19 01:14:22,744 [pool-599-thread-1] INFO  server.RaftServerConfigKeys (ConfUtils.java:logGet(43)) - raft.server.retrycache.expirytime = 600000ms (custom)
2019-10-19 01:14:22,746 [pool-599-thread-1] INFO  impl.RaftServerImpl (RaftServerImpl.java:start(195)) - 61d14648-e80d-4cd8-9e7c-6deb2f21aca8@group-AF1775C7CE43: start as a follower, conf=-1: [61d14648-e80d-4cd8-9e7c-6deb2f21aca8:192.168.69.71:42247], old=null
2019-10-19 01:14:22,746 [pool-599-thread-1] INFO  impl.RaftServerImpl (RaftServerImpl.java:setRole(184)) - 61d14648-e80d-4cd8-9e7c-6deb2f21aca8@group-AF1775C7CE43: changes role from      null to FOLLOWER at term 0 for startAsFollower
2019-10-19 01:14:22,746 [pool-599-thread-1] INFO  impl.RoleInfo (RoleInfo.java:updateAndGet(143)) - 61d14648-e80d-4cd8-9e7c-6deb2f21aca8: start FollowerState
2019-10-19 01:14:22,746 [pool-599-thread-1] INFO  util.JmxRegister (JmxRegister.java:tryRegister(44)) - Successfully registered JMX Bean with object name Ratis:service=RaftServer,group=group-AF1775C7CE43,id=61d14648-e80d-4cd8-9e7c-6deb2f21aca8
2019-10-19 01:14:22,748 [RatisPipelineUtilsThread] INFO  pipeline.PipelineStateManager (PipelineStateManager.java:addPipeline(56)) - Created pipeline Pipeline[ Id: abeb4641-7e7e-41f5-b783-af1775c7ce43, Nodes: 61d14648-e80d-4cd8-9e7c-6deb2f21aca8{ip: 192.168.69.71, host: pr-hdds-2333-vzxj6-995506542, networkLocation: /rack1, certSerialId: null}, Type:RATIS, Factor:ONE, State:OPEN]
2019-10-19 01:14:22,755 [grpc-default-executor-9] INFO  impl.RaftServerProxy (RaftServerProxy.java:addNew(89)) - 796958df-e390-450e-98f3-f34b34ce9ba7: addNew group-CDD59EF0320D:[796958df-e390-450e-98f3-f34b34ce9ba7:192.168.69.71:38850] returns group-CDD59EF0320D:java.util.concurrent.CompletableFuture@56d6d73c[Not completed]
2019-10-19 01:14:22,756 [pool-589-thread-1] INFO  impl.RaftServerImpl (RaftServerImpl.java:<init>(104)) - 796958df-e390-450e-98f3-f34b34ce9ba7: new RaftServerImpl for group-CDD59EF0320D:[796958df-e390-450e-98f3-f34b34ce9ba7:192.168.69.71:38850] with ContainerStateMachine:uninitialized
2019-10-19 01:14:22,756 [pool-589-thread-1] INFO  server.RaftServerConfigKeys (ConfUtils.java:logGet(43)) - raft.server.rpc.timeout.min = 1s (custom)
2019-10-19 01:14:22,756 [pool-589-thread-1] INFO  server.RaftServerConfigKeys (ConfUtils.java:logGet(43)) - raft.server.rpc.timeout.max = 1200ms (custom)
2019-10-19 01:14:22,756 [pool-589-thread-1] INFO  server.RaftServerConfigKeys (ConfUtils.java:logGet(43)) - raft.server.rpcslowness.timeout = 120s (custom)
2019-10-19 01:14:22,756 [pool-589-thread-1] INFO  server.RaftServerConfigKeys (ConfUtils.java:logGet(43)) - raft.server.sleep.deviation.threshold = 300 (default)
2019-10-19 01:14:22,757 [pool-589-thread-1] INFO  server.RaftServerConfigKeys (ConfUtils.java:logGet(43)) - raft.server.log.appender.install.snapshot.enabled = false (custom)
2019-10-19 01:14:22,757 [pool-589-thread-1] INFO  impl.RaftServerImpl (ServerState.java:<init>(103)) - 796958df-e390-450e-98f3-f34b34ce9ba7@group-CDD59EF0320D: ConfigurationManager, init=-1: [796958df-e390-450e-98f3-f34b34ce9ba7:192.168.69.71:38850], old=null, confs=<EMPTY_MAP>
2019-10-19 01:14:22,757 [pool-589-thread-1] INFO  server.RaftServerConfigKeys (ConfUtils.java:logGet(43)) - raft.server.storage.dir = [/workdir/hadoop-ozone/integration-test/target/test-dir/MiniOzoneClusterImpl-2b25e22a-b484-4e93-9811-5f8cd4460e46/datanode-8/data/ratis] (custom)
2019-10-19 01:14:22,757 [pool-589-thread-1] INFO  server.RaftServerConfigKeys (ConfUtils.java:logGet(43)) - raft.server.log.corruption.policy = EXCEPTION (default)
2019-10-19 01:14:22,757 [pool-589-thread-1] INFO  storage.RaftStorageDirectory (RaftStorageDirectory.java:analyzeStorage(246)) - The storage directory /workdir/hadoop-ozone/integration-test/target/test-dir/MiniOzoneClusterImpl-2b25e22a-b484-4e93-9811-5f8cd4460e46/datanode-8/data/ratis/8b5b1169-24f6-4c07-8a5a-cdd59ef0320d does not exist. Creating ...
2019-10-19 01:14:22,770 [pool-589-thread-1] INFO  storage.RaftStorageDirectory (RaftStorageDirectory.java:tryLock(328)) - Lock on /workdir/hadoop-ozone/integration-test/target/test-dir/MiniOzoneClusterImpl-2b25e22a-b484-4e93-9811-5f8cd4460e46/datanode-8/data/ratis/8b5b1169-24f6-4c07-8a5a-cdd59ef0320d/in_use.lock acquired by nodename 10610@pr-hdds-2333-vzxj6-995506542
2019-10-19 01:14:22,783 [pool-589-thread-1] INFO  storage.RaftStorage (RaftStorage.java:format(84)) - Storage directory /workdir/hadoop-ozone/integration-test/target/test-dir/MiniOzoneClusterImpl-2b25e22a-b484-4e93-9811-5f8cd4460e46/datanode-8/data/ratis/8b5b1169-24f6-4c07-8a5a-cdd59ef0320d has been successfully formatted.
2019-10-19 01:14:22,783 [pool-589-thread-1] INFO  ratis.ContainerStateMachine (ContainerStateMachine.java:loadSnapshot(231)) - group-CDD59EF0320D: The snapshot info is null. Setting the last applied indexto:(t:0, i:~)
2019-10-19 01:14:22,783 [pool-589-thread-1] INFO  server.RaftServerConfigKeys (ConfUtils.java:logGet(43)) - raft.server.notification.no-leader.timeout = 120s (custom)
2019-10-19 01:14:22,783 [pool-589-thread-1] INFO  server.RaftServerConfigKeys (ConfUtils.java:logGet(43)) - raft.server.log.use.memory = false (default)
2019-10-19 01:14:22,783 [pool-589-thread-1] INFO  server.RaftServerConfigKeys (ConfUtils.java:logGet(43)) - raft.server.log.purge.gap = 1000000 (custom)
2019-10-19 01:14:22,783 [pool-589-thread-1] INFO  server.RaftServerConfigKeys (ConfUtils.java:logGet(43)) - raft.server.log.appender.buffer.byte-limit = 33554432 (custom)
2019-10-19 01:14:22,784 [pool-589-thread-1] INFO  server.RaftServerConfigKeys (ConfUtils.java:logGet(43)) - raft.server.log.segment.size.max = 1048576 (custom)
2019-10-19 01:14:22,785 [pool-589-thread-1] INFO  server.RaftServerConfigKeys (ConfUtils.java:logGet(43)) - raft.server.log.segment.cache.num.max = 2 (custom)
2019-10-19 01:14:22,785 [pool-589-thread-1] INFO  segmented.SegmentedRaftLogWorker (SegmentedRaftLogWorker.java:<init>(173)) - new 796958df-e390-450e-98f3-f34b34ce9ba7@group-CDD59EF0320D-SegmentedRaftLogWorker for RaftStorage:Storage Directory /workdir/hadoop-ozone/integration-test/target/test-dir/MiniOzoneClusterImpl-2b25e22a-b484-4e93-9811-5f8cd4460e46/datanode-8/data/ratis/8b5b1169-24f6-4c07-8a5a-cdd59ef0320d
2019-10-19 01:14:22,785 [pool-589-thread-1] INFO  server.RaftServerConfigKeys (ConfUtils.java:logGet(43)) - raft.server.log.queue.byte-limit = 2147483647 (custom)
2019-10-19 01:14:22,785 [pool-589-thread-1] INFO  server.RaftServerConfigKeys (ConfUtils.java:logGet(43)) - raft.server.log.queue.element-limit = 1024 (custom)
2019-10-19 01:14:22,786 [pool-589-thread-1] INFO  server.RaftServerConfigKeys (ConfUtils.java:logGet(43)) - raft.server.log.segment.size.max = 1048576 (custom)
2019-10-19 01:14:22,786 [pool-589-thread-1] INFO  server.RaftServerConfigKeys (ConfUtils.java:logGet(43)) - raft.server.log.preallocated.size = 16384 (custom)
2019-10-19 01:14:22,786 [pool-589-thread-1] INFO  server.RaftServerConfigKeys (ConfUtils.java:logGet(43)) - raft.server.log.write.buffer.size = 33554432 (custom)
2019-10-19 01:14:22,786 [pool-589-thread-1] INFO  server.RaftServerConfigKeys (ConfUtils.java:logGet(43)) - raft.server.log.force.sync.num = 128 (default)
2019-10-19 01:14:22,786 [pool-589-thread-1] INFO  server.RaftServerConfigKeys (ConfUtils.java:logGet(43)) - raft.server.log.statemachine.data.sync = true (default)
2019-10-19 01:14:22,786 [pool-589-thread-1] INFO  server.RaftServerConfigKeys (ConfUtils.java:logGet(43)) - raft.server.log.statemachine.data.sync.timeout = 10s (default)
2019-10-19 01:14:22,786 [pool-589-thread-1] INFO  server.RaftServerConfigKeys (ConfUtils.java:logGet(43)) - raft.server.log.statemachine.data.sync.timeout.retry = -1 (default)
2019-10-19 01:14:22,786 [pool-589-thread-1] INFO  server.RaftServerConfigKeys (ConfUtils.java:logGet(43)) - raft.server.log.statemachine.data.caching.enabled = true (custom)
2019-10-19 01:14:22,787 [pool-589-thread-1] INFO  segmented.SegmentedRaftLogWorker (SegmentedRaftLogWorker.java:lambda$new$0(128)) - 796958df-e390-450e-98f3-f34b34ce9ba7@group-CDD59EF0320D-SegmentedRaftLogWorker: flushIndex: setUnconditionally 0 -> -1
2019-10-19 01:14:22,787 [pool-589-thread-1] INFO  server.RaftServerConfigKeys (ConfUtils.java:logGet(43)) - raft.server.snapshot.auto.trigger.enabled = true (custom)
2019-10-19 01:14:22,787 [pool-589-thread-1] INFO  server.RaftServerConfigKeys (ConfUtils.java:logGet(43)) - raft.server.snapshot.auto.trigger.threshold = 10000 (custom)
2019-10-19 01:14:22,787 [pool-589-thread-1] INFO  server.RaftServerConfigKeys (ConfUtils.java:logGet(43)) - raft.server.snapshot.retention.file.num = 5 (custom)
2019-10-19 01:14:22,787 [pool-589-thread-1] INFO  server.RaftServerConfigKeys (ConfUtils.java:logGet(43)) - raft.server.retrycache.expirytime = 600000ms (custom)
2019-10-19 01:14:22,789 [pool-589-thread-1] INFO  impl.RaftServerImpl (RaftServerImpl.java:start(195)) - 796958df-e390-450e-98f3-f34b34ce9ba7@group-CDD59EF0320D: start as a follower, conf=-1: [796958df-e390-450e-98f3-f34b34ce9ba7:192.168.69.71:38850], old=null
2019-10-19 01:14:22,790 [pool-589-thread-1] INFO  impl.RaftServerImpl (RaftServerImpl.java:setRole(184)) - 796958df-e390-450e-98f3-f34b34ce9ba7@group-CDD59EF0320D: changes role from      null to FOLLOWER at term 0 for startAsFollower
2019-10-19 01:14:22,790 [pool-589-thread-1] INFO  impl.RoleInfo (RoleInfo.java:updateAndGet(143)) - 796958df-e390-450e-98f3-f34b34ce9ba7: start FollowerState
2019-10-19 01:14:22,790 [pool-589-thread-1] INFO  util.JmxRegister (JmxRegister.java:tryRegister(44)) - Successfully registered JMX Bean with object name Ratis:service=RaftServer,group=group-CDD59EF0320D,id=796958df-e390-450e-98f3-f34b34ce9ba7
2019-10-19 01:14:22,793 [RatisPipelineUtilsThread] INFO  pipeline.PipelineStateManager (PipelineStateManager.java:addPipeline(56)) - Created pipeline Pipeline[ Id: 8b5b1169-24f6-4c07-8a5a-cdd59ef0320d, Nodes: 796958df-e390-450e-98f3-f34b34ce9ba7{ip: 192.168.69.71, host: pr-hdds-2333-vzxj6-995506542, networkLocation: /rack1, certSerialId: null}, Type:RATIS, Factor:ONE, State:OPEN]
2019-10-19 01:14:22,797 [Thread-6296] INFO  impl.FollowerState (FollowerState.java:run(108)) - 2543ffea-c5c6-4af0-856f-eb846bad755a@group-F9B096411D9E-FollowerState: change to CANDIDATE, lastRpcTime:162ms, electionTimeout:160ms
2019-10-19 01:14:22,797 [Thread-6296] INFO  impl.RoleInfo (RoleInfo.java:shutdownFollowerState(121)) - 2543ffea-c5c6-4af0-856f-eb846bad755a: shutdown FollowerState
2019-10-19 01:14:22,797 [Thread-6296] INFO  impl.RaftServerImpl (RaftServerImpl.java:setRole(184)) - 2543ffea-c5c6-4af0-856f-eb846bad755a@group-F9B096411D9E: changes role from  FOLLOWER to CANDIDATE at term 0 for changeToCandidate
2019-10-19 01:14:22,797 [Thread-6296] INFO  impl.RoleInfo (RoleInfo.java:updateAndGet(143)) - 2543ffea-c5c6-4af0-856f-eb846bad755a: start LeaderElection
2019-10-19 01:14:22,809 [grpc-default-executor-5] INFO  impl.RaftServerProxy (RaftServerProxy.java:addNew(89)) - 61d14648-e80d-4cd8-9e7c-6deb2f21aca8: addNew group-A3037D40E172:[f143d5cf-4038-4fa8-8601-f5a45f16ca3e:192.168.69.71:40169, 2543ffea-c5c6-4af0-856f-eb846bad755a:192.168.69.71:45287, 61d14648-e80d-4cd8-9e7c-6deb2f21aca8:192.168.69.71:42247] returns group-A3037D40E172:java.util.concurrent.CompletableFuture@7eafd43d[Not completed]
2019-10-19 01:14:22,810 [grpc-default-executor-9] INFO  impl.RaftServerProxy (RaftServerProxy.java:addNew(89)) - f143d5cf-4038-4fa8-8601-f5a45f16ca3e: addNew group-A3037D40E172:[f143d5cf-4038-4fa8-8601-f5a45f16ca3e:192.168.69.71:40169, 2543ffea-c5c6-4af0-856f-eb846bad755a:192.168.69.71:45287, 61d14648-e80d-4cd8-9e7c-6deb2f21aca8:192.168.69.71:42247] returns group-A3037D40E172:java.util.concurrent.CompletableFuture@3adf9c0d[Not completed]
2019-10-19 01:14:22,810 [grpc-default-executor-3] INFO  impl.RaftServerProxy (RaftServerProxy.java:addNew(89)) - 2543ffea-c5c6-4af0-856f-eb846bad755a: addNew group-A3037D40E172:[f143d5cf-4038-4fa8-8601-f5a45f16ca3e:192.168.69.71:40169, 2543ffea-c5c6-4af0-856f-eb846bad755a:192.168.69.71:45287, 61d14648-e80d-4cd8-9e7c-6deb2f21aca8:192.168.69.71:42247] returns group-A3037D40E172:java.util.concurrent.CompletableFuture@10a699f9[Not completed]
2019-10-19 01:14:22,811 [pool-599-thread-1] INFO  impl.RaftServerImpl (RaftServerImpl.java:<init>(104)) - 61d14648-e80d-4cd8-9e7c-6deb2f21aca8: new RaftServerImpl for group-A3037D40E172:[f143d5cf-4038-4fa8-8601-f5a45f16ca3e:192.168.69.71:40169, 2543ffea-c5c6-4af0-856f-eb846bad755a:192.168.69.71:45287, 61d14648-e80d-4cd8-9e7c-6deb2f21aca8:192.168.69.71:42247] with ContainerStateMachine:uninitialized
2019-10-19 01:14:22,811 [pool-599-thread-1] INFO  server.RaftServerConfigKeys (ConfUtils.java:logGet(43)) - raft.server.rpc.timeout.min = 1s (custom)
2019-10-19 01:14:22,811 [pool-599-thread-1] INFO  server.RaftServerConfigKeys (ConfUtils.java:logGet(43)) - raft.server.rpc.timeout.max = 1200ms (custom)
2019-10-19 01:14:22,811 [pool-599-thread-1] INFO  server.RaftServerConfigKeys (ConfUtils.java:logGet(43)) - raft.server.rpcslowness.timeout = 120s (custom)
2019-10-19 01:14:22,811 [pool-599-thread-1] INFO  server.RaftServerConfigKeys (ConfUtils.java:logGet(43)) - raft.server.sleep.deviation.threshold = 300 (default)
2019-10-19 01:14:22,811 [pool-599-thread-1] INFO  server.RaftServerConfigKeys (ConfUtils.java:logGet(43)) - raft.server.log.appender.install.snapshot.enabled = false (custom)
2019-10-19 01:14:22,811 [pool-579-thread-1] INFO  impl.RaftServerImpl (RaftServerImpl.java:<init>(104)) - 2543ffea-c5c6-4af0-856f-eb846bad755a: new RaftServerImpl for group-A3037D40E172:[f143d5cf-4038-4fa8-8601-f5a45f16ca3e:192.168.69.71:40169, 2543ffea-c5c6-4af0-856f-eb846bad755a:192.168.69.71:45287, 61d14648-e80d-4cd8-9e7c-6deb2f21aca8:192.168.69.71:42247] with ContainerStateMachine:uninitialized
2019-10-19 01:14:22,811 [pool-599-thread-1] INFO  impl.RaftServerImpl (ServerState.java:<init>(103)) - 61d14648-e80d-4cd8-9e7c-6deb2f21aca8@group-A3037D40E172: ConfigurationManager, init=-1: [f143d5cf-4038-4fa8-8601-f5a45f16ca3e:192.168.69.71:40169, 2543ffea-c5c6-4af0-856f-eb846bad755a:192.168.69.71:45287, 61d14648-e80d-4cd8-9e7c-6deb2f21aca8:192.168.69.71:42247], old=null, confs=<EMPTY_MAP>
2019-10-19 01:14:22,811 [pool-559-thread-1] INFO  impl.RaftServerImpl (RaftServerImpl.java:<init>(104)) - f143d5cf-4038-4fa8-8601-f5a45f16ca3e: new RaftServerImpl for group-A3037D40E172:[f143d5cf-4038-4fa8-8601-f5a45f16ca3e:192.168.69.71:40169, 2543ffea-c5c6-4af0-856f-eb846bad755a:192.168.69.71:45287, 61d14648-e80d-4cd8-9e7c-6deb2f21aca8:192.168.69.71:42247] with ContainerStateMachine:uninitialized
2019-10-19 01:14:22,811 [pool-579-thread-1] INFO  server.RaftServerConfigKeys (ConfUtils.java:logGet(43)) - raft.server.rpc.timeout.min = 1s (custom)
2019-10-19 01:14:22,811 [pool-559-thread-1] INFO  server.RaftServerConfigKeys (ConfUtils.java:logGet(43)) - raft.server.rpc.timeout.min = 1s (custom)
2019-10-19 01:14:22,811 [pool-599-thread-1] INFO  server.RaftServerConfigKeys (ConfUtils.java:logGet(43)) - raft.server.storage.dir = [/workdir/hadoop-ozone/integration-test/target/test-dir/MiniOzoneClusterImpl-2b25e22a-b484-4e93-9811-5f8cd4460e46/datanode-9/data/ratis] (custom)
2019-10-19 01:14:22,811 [pool-559-thread-1] INFO  server.RaftServerConfigKeys (ConfUtils.java:logGet(43)) - raft.server.rpc.timeout.max = 1200ms (custom)
2019-10-19 01:14:22,811 [pool-579-thread-1] INFO  server.RaftServerConfigKeys (ConfUtils.java:logGet(43)) - raft.server.rpc.timeout.max = 1200ms (custom)
2019-10-19 01:14:22,812 [pool-599-thread-1] INFO  server.RaftServerConfigKeys (ConfUtils.java:logGet(43)) - raft.server.log.corruption.policy = EXCEPTION (default)
2019-10-19 01:14:22,812 [pool-559-thread-1] INFO  server.RaftServerConfigKeys (ConfUtils.java:logGet(43)) - raft.server.rpcslowness.timeout = 120s (custom)
2019-10-19 01:14:22,812 [pool-579-thread-1] INFO  server.RaftServerConfigKeys (ConfUtils.java:logGet(43)) - raft.server.rpcslowness.timeout = 120s (custom)
2019-10-19 01:14:22,812 [pool-559-thread-1] INFO  server.RaftServerConfigKeys (ConfUtils.java:logGet(43)) - raft.server.sleep.deviation.threshold = 300 (default)
2019-10-19 01:14:22,812 [pool-599-thread-1] INFO  storage.RaftStorageDirectory (RaftStorageDirectory.java:analyzeStorage(246)) - The storage directory /workdir/hadoop-ozone/integration-test/target/test-dir/MiniOzoneClusterImpl-2b25e22a-b484-4e93-9811-5f8cd4460e46/datanode-9/data/ratis/1f061db7-894c-4c1f-b7f5-a3037d40e172 does not exist. Creating ...
2019-10-19 01:14:22,812 [pool-559-thread-1] INFO  server.RaftServerConfigKeys (ConfUtils.java:logGet(43)) - raft.server.log.appender.install.snapshot.enabled = false (custom)
2019-10-19 01:14:22,812 [pool-579-thread-1] INFO  server.RaftServerConfigKeys (ConfUtils.java:logGet(43)) - raft.server.sleep.deviation.threshold = 300 (default)
2019-10-19 01:14:22,812 [pool-559-thread-1] INFO  impl.RaftServerImpl (ServerState.java:<init>(103)) - f143d5cf-4038-4fa8-8601-f5a45f16ca3e@group-A3037D40E172: ConfigurationManager, init=-1: [f143d5cf-4038-4fa8-8601-f5a45f16ca3e:192.168.69.71:40169, 2543ffea-c5c6-4af0-856f-eb846bad755a:192.168.69.71:45287, 61d14648-e80d-4cd8-9e7c-6deb2f21aca8:192.168.69.71:42247], old=null, confs=<EMPTY_MAP>
2019-10-19 01:14:22,812 [pool-579-thread-1] INFO  server.RaftServerConfigKeys (ConfUtils.java:logGet(43)) - raft.server.log.appender.install.snapshot.enabled = false (custom)
2019-10-19 01:14:22,812 [pool-559-thread-1] INFO  server.RaftServerConfigKeys (ConfUtils.java:logGet(43)) - raft.server.storage.dir = [/workdir/hadoop-ozone/integration-test/target/test-dir/MiniOzoneClusterImpl-2b25e22a-b484-4e93-9811-5f8cd4460e46/datanode-5/data/ratis] (custom)
2019-10-19 01:14:22,812 [pool-579-thread-1] INFO  impl.RaftServerImpl (ServerState.java:<init>(103)) - 2543ffea-c5c6-4af0-856f-eb846bad755a@group-A3037D40E172: ConfigurationManager, init=-1: [f143d5cf-4038-4fa8-8601-f5a45f16ca3e:192.168.69.71:40169, 2543ffea-c5c6-4af0-856f-eb846bad755a:192.168.69.71:45287, 61d14648-e80d-4cd8-9e7c-6deb2f21aca8:192.168.69.71:42247], old=null, confs=<EMPTY_MAP>
2019-10-19 01:14:22,812 [pool-579-thread-1] INFO  server.RaftServerConfigKeys (ConfUtils.java:logGet(43)) - raft.server.storage.dir = [/workdir/hadoop-ozone/integration-test/target/test-dir/MiniOzoneClusterImpl-2b25e22a-b484-4e93-9811-5f8cd4460e46/datanode-7/data/ratis] (custom)
2019-10-19 01:14:22,812 [pool-559-thread-1] INFO  server.RaftServerConfigKeys (ConfUtils.java:logGet(43)) - raft.server.log.corruption.policy = EXCEPTION (default)
2019-10-19 01:14:22,812 [pool-579-thread-1] INFO  server.RaftServerConfigKeys (ConfUtils.java:logGet(43)) - raft.server.log.corruption.policy = EXCEPTION (default)
2019-10-19 01:14:22,813 [pool-559-thread-1] INFO  storage.RaftStorageDirectory (RaftStorageDirectory.java:analyzeStorage(246)) - The storage directory /workdir/hadoop-ozone/integration-test/target/test-dir/MiniOzoneClusterImpl-2b25e22a-b484-4e93-9811-5f8cd4460e46/datanode-5/data/ratis/1f061db7-894c-4c1f-b7f5-a3037d40e172 does not exist. Creating ...
2019-10-19 01:14:22,813 [pool-579-thread-1] INFO  storage.RaftStorageDirectory (RaftStorageDirectory.java:analyzeStorage(246)) - The storage directory /workdir/hadoop-ozone/integration-test/target/test-dir/MiniOzoneClusterImpl-2b25e22a-b484-4e93-9811-5f8cd4460e46/datanode-7/data/ratis/1f061db7-894c-4c1f-b7f5-a3037d40e172 does not exist. Creating ...
2019-10-19 01:14:22,815 [2543ffea-c5c6-4af0-856f-eb846bad755a@group-F9B096411D9E-LeaderElection621] INFO  impl.LeaderElection (LeaderElection.java:askForVotes(178)) - 2543ffea-c5c6-4af0-856f-eb846bad755a@group-F9B096411D9E-LeaderElection621: begin an election at term 1 for -1: [2543ffea-c5c6-4af0-856f-eb846bad755a:192.168.69.71:45287], old=null
2019-10-19 01:14:22,815 [2543ffea-c5c6-4af0-856f-eb846bad755a@group-F9B096411D9E-LeaderElection621] INFO  impl.RoleInfo (RoleInfo.java:shutdownLeaderElection(134)) - 2543ffea-c5c6-4af0-856f-eb846bad755a: shutdown LeaderElection
2019-10-19 01:14:22,815 [2543ffea-c5c6-4af0-856f-eb846bad755a@group-F9B096411D9E-LeaderElection621] INFO  impl.RaftServerImpl (RaftServerImpl.java:setRole(184)) - 2543ffea-c5c6-4af0-856f-eb846bad755a@group-F9B096411D9E: changes role from CANDIDATE to LEADER at term 1 for changeToLeader
2019-10-19 01:14:22,815 [2543ffea-c5c6-4af0-856f-eb846bad755a@group-F9B096411D9E-LeaderElection621] INFO  impl.RaftServerImpl (ServerState.java:setLeader(256)) - 2543ffea-c5c6-4af0-856f-eb846bad755a@group-F9B096411D9E: change Leader from null to 2543ffea-c5c6-4af0-856f-eb846bad755a at term 1 for becomeLeader, leader elected after 526ms
2019-10-19 01:14:22,815 [2543ffea-c5c6-4af0-856f-eb846bad755a@group-F9B096411D9E-LeaderElection621] INFO  server.RaftServerConfigKeys (ConfUtils.java:logGet(43)) - raft.server.staging.catchup.gap = 1000 (default)
2019-10-19 01:14:22,816 [2543ffea-c5c6-4af0-856f-eb846bad755a@group-F9B096411D9E-LeaderElection621] INFO  server.RaftServerConfigKeys (ConfUtils.java:logGet(43)) - raft.server.rpc.sleep.time = 25ms (default)
2019-10-19 01:14:22,816 [2543ffea-c5c6-4af0-856f-eb846bad755a@group-F9B096411D9E-LeaderElection621] INFO  server.RaftServerConfigKeys (ConfUtils.java:logGet(43)) - raft.server.write.element-limit = 4096 (default)
2019-10-19 01:14:22,816 [2543ffea-c5c6-4af0-856f-eb846bad755a@group-F9B096411D9E-LeaderElection621] INFO  server.RaftServerConfigKeys (ConfUtils.java:logGet(43)) - raft.server.watch.timeout = 10s (default)
2019-10-19 01:14:22,816 [2543ffea-c5c6-4af0-856f-eb846bad755a@group-F9B096411D9E-LeaderElection621] INFO  server.RaftServerConfigKeys (ConfUtils.java:logGet(43)) - raft.server.watch.timeout.denomination = 1s (default)
2019-10-19 01:14:22,816 [2543ffea-c5c6-4af0-856f-eb846bad755a@group-F9B096411D9E-LeaderElection621] INFO  server.RaftServerConfigKeys (ConfUtils.java:logGet(43)) - raft.server.watch.element-limit = 65536 (default)
2019-10-19 01:14:22,816 [pool-559-thread-1] INFO  storage.RaftStorageDirectory (RaftStorageDirectory.java:tryLock(328)) - Lock on /workdir/hadoop-ozone/integration-test/target/test-dir/MiniOzoneClusterImpl-2b25e22a-b484-4e93-9811-5f8cd4460e46/datanode-5/data/ratis/1f061db7-894c-4c1f-b7f5-a3037d40e172/in_use.lock acquired by nodename 10610@pr-hdds-2333-vzxj6-995506542
2019-10-19 01:14:22,816 [pool-599-thread-1] INFO  storage.RaftStorageDirectory (RaftStorageDirectory.java:tryLock(328)) - Lock on /workdir/hadoop-ozone/integration-test/target/test-dir/MiniOzoneClusterImpl-2b25e22a-b484-4e93-9811-5f8cd4460e46/datanode-9/data/ratis/1f061db7-894c-4c1f-b7f5-a3037d40e172/in_use.lock acquired by nodename 10610@pr-hdds-2333-vzxj6-995506542
2019-10-19 01:14:22,816 [pool-579-thread-1] INFO  storage.RaftStorageDirectory (RaftStorageDirectory.java:tryLock(328)) - Lock on /workdir/hadoop-ozone/integration-test/target/test-dir/MiniOzoneClusterImpl-2b25e22a-b484-4e93-9811-5f8cd4460e46/datanode-7/data/ratis/1f061db7-894c-4c1f-b7f5-a3037d40e172/in_use.lock acquired by nodename 10610@pr-hdds-2333-vzxj6-995506542
2019-10-19 01:14:22,817 [2543ffea-c5c6-4af0-856f-eb846bad755a@group-F9B096411D9E-LeaderElection621] INFO  impl.RoleInfo (RoleInfo.java:updateAndGet(143)) - 2543ffea-c5c6-4af0-856f-eb846bad755a: start LeaderState
2019-10-19 01:14:22,817 [2543ffea-c5c6-4af0-856f-eb846bad755a@group-F9B096411D9E-LeaderElection621] INFO  segmented.SegmentedRaftLogWorker (SegmentedRaftLogWorker.java:startLogSegment(385)) - 2543ffea-c5c6-4af0-856f-eb846bad755a@group-F9B096411D9E-SegmentedRaftLogWorker: Starting segment from index:0
2019-10-19 01:14:22,817 [2543ffea-c5c6-4af0-856f-eb846bad755a@group-F9B096411D9E-LeaderElection621] INFO  impl.RaftServerImpl (ServerState.java:setRaftConf(357)) - 2543ffea-c5c6-4af0-856f-eb846bad755a@group-F9B096411D9E: set configuration 0: [2543ffea-c5c6-4af0-856f-eb846bad755a:192.168.69.71:45287], old=null at 0
2019-10-19 01:14:22,824 [Thread-6303] INFO  impl.FollowerState (FollowerState.java:run(108)) - 9c2d914d-67b1-4af9-8080-4d6ee007b506@group-20FCFA0487C4-FollowerState: change to CANDIDATE, lastRpcTime:128ms, electionTimeout:128ms
2019-10-19 01:14:22,824 [Thread-6303] INFO  impl.RoleInfo (RoleInfo.java:shutdownFollowerState(121)) - 9c2d914d-67b1-4af9-8080-4d6ee007b506: shutdown FollowerState
2019-10-19 01:14:22,824 [Thread-6303] INFO  impl.RaftServerImpl (RaftServerImpl.java:setRole(184)) - 9c2d914d-67b1-4af9-8080-4d6ee007b506@group-20FCFA0487C4: changes role from  FOLLOWER to CANDIDATE at term 4 for changeToCandidate
2019-10-19 01:14:22,824 [Thread-6303] INFO  impl.RoleInfo (RoleInfo.java:updateAndGet(143)) - 9c2d914d-67b1-4af9-8080-4d6ee007b506: start LeaderElection
2019-10-19 01:14:22,829 [pool-559-thread-1] INFO  storage.RaftStorage (RaftStorage.java:format(84)) - Storage directory /workdir/hadoop-ozone/integration-test/target/test-dir/MiniOzoneClusterImpl-2b25e22a-b484-4e93-9811-5f8cd4460e46/datanode-5/data/ratis/1f061db7-894c-4c1f-b7f5-a3037d40e172 has been successfully formatted.
2019-10-19 01:14:22,829 [pool-559-thread-1] INFO  ratis.ContainerStateMachine (ContainerStateMachine.java:loadSnapshot(231)) - group-A3037D40E172: The snapshot info is null. Setting the last applied indexto:(t:0, i:~)
2019-10-19 01:14:22,829 [pool-579-thread-1] INFO  storage.RaftStorage (RaftStorage.java:format(84)) - Storage directory /workdir/hadoop-ozone/integration-test/target/test-dir/MiniOzoneClusterImpl-2b25e22a-b484-4e93-9811-5f8cd4460e46/datanode-7/data/ratis/1f061db7-894c-4c1f-b7f5-a3037d40e172 has been successfully formatted.
2019-10-19 01:14:22,829 [pool-559-thread-1] INFO  server.RaftServerConfigKeys (ConfUtils.java:logGet(43)) - raft.server.notification.no-leader.timeout = 120s (custom)
2019-10-19 01:14:22,829 [pool-599-thread-1] INFO  storage.RaftStorage (RaftStorage.java:format(84)) - Storage directory /workdir/hadoop-ozone/integration-test/target/test-dir/MiniOzoneClusterImpl-2b25e22a-b484-4e93-9811-5f8cd4460e46/datanode-9/data/ratis/1f061db7-894c-4c1f-b7f5-a3037d40e172 has been successfully formatted.
2019-10-19 01:14:22,829 [9c2d914d-67b1-4af9-8080-4d6ee007b506@group-20FCFA0487C4-LeaderElection622] INFO  impl.LeaderElection (LeaderElection.java:askForVotes(178)) - 9c2d914d-67b1-4af9-8080-4d6ee007b506@group-20FCFA0487C4-LeaderElection622: begin an election at term 5 for -1: [88be3607-7667-471c-9070-7dfd13eb5ac8:192.168.69.71:32925, 9c2d914d-67b1-4af9-8080-4d6ee007b506:192.168.69.71:35462, 61d0b7dc-5f8b-422f-8693-c58167224d24:192.168.69.71:43479], old=null
2019-10-19 01:14:22,830 [pool-579-thread-1] INFO  ratis.ContainerStateMachine (ContainerStateMachine.java:loadSnapshot(231)) - group-A3037D40E172: The snapshot info is null. Setting the last applied indexto:(t:0, i:~)
2019-10-19 01:14:22,830 [pool-559-thread-1] INFO  server.RaftServerConfigKeys (ConfUtils.java:logGet(43)) - raft.server.log.use.memory = false (default)
2019-10-19 01:14:22,830 [pool-579-thread-1] INFO  server.RaftServerConfigKeys (ConfUtils.java:logGet(43)) - raft.server.notification.no-leader.timeout = 120s (custom)
2019-10-19 01:14:22,830 [pool-599-thread-1] INFO  ratis.ContainerStateMachine (ContainerStateMachine.java:loadSnapshot(231)) - group-A3037D40E172: The snapshot info is null. Setting the last applied indexto:(t:0, i:~)
2019-10-19 01:14:22,830 [pool-579-thread-1] INFO  server.RaftServerConfigKeys (ConfUtils.java:logGet(43)) - raft.server.log.use.memory = false (default)
2019-10-19 01:14:22,830 [pool-559-thread-1] INFO  server.RaftServerConfigKeys (ConfUtils.java:logGet(43)) - raft.server.log.purge.gap = 1000000 (custom)
2019-10-19 01:14:22,830 [pool-579-thread-1] INFO  server.RaftServerConfigKeys (ConfUtils.java:logGet(43)) - raft.server.log.purge.gap = 1000000 (custom)
2019-10-19 01:14:22,830 [pool-599-thread-1] INFO  server.RaftServerConfigKeys (ConfUtils.java:logGet(43)) - raft.server.notification.no-leader.timeout = 120s (custom)
2019-10-19 01:14:22,831 [pool-599-thread-1] INFO  server.RaftServerConfigKeys (ConfUtils.java:logGet(43)) - raft.server.log.use.memory = false (default)
2019-10-19 01:14:22,831 [pool-599-thread-1] INFO  server.RaftServerConfigKeys (ConfUtils.java:logGet(43)) - raft.server.log.purge.gap = 1000000 (custom)
2019-10-19 01:14:22,831 [grpc-default-executor-3] INFO  impl.RaftServerImpl (RaftServerImpl.java:setRole(184)) - 61d0b7dc-5f8b-422f-8693-c58167224d24@group-20FCFA0487C4: changes role from  FOLLOWER to FOLLOWER at term 5 for recognizeCandidate:9c2d914d-67b1-4af9-8080-4d6ee007b506
2019-10-19 01:14:22,831 [pool-579-thread-1] INFO  server.RaftServerConfigKeys (ConfUtils.java:logGet(43)) - raft.server.log.appender.buffer.byte-limit = 33554432 (custom)
2019-10-19 01:14:22,831 [pool-559-thread-1] INFO  server.RaftServerConfigKeys (ConfUtils.java:logGet(43)) - raft.server.log.appender.buffer.byte-limit = 33554432 (custom)
2019-10-19 01:14:22,831 [pool-579-thread-1] INFO  server.RaftServerConfigKeys (ConfUtils.java:logGet(43)) - raft.server.log.segment.size.max = 1048576 (custom)
2019-10-19 01:14:22,831 [grpc-default-executor-3] INFO  impl.RoleInfo (RoleInfo.java:shutdownFollowerState(121)) - 61d0b7dc-5f8b-422f-8693-c58167224d24: shutdown FollowerState
2019-10-19 01:14:22,831 [pool-599-thread-1] INFO  server.RaftServerConfigKeys (ConfUtils.java:logGet(43)) - raft.server.log.appender.buffer.byte-limit = 33554432 (custom)
2019-10-19 01:14:22,831 [grpc-default-executor-9] INFO  impl.RaftServerImpl (RaftServerImpl.java:setRole(184)) - 88be3607-7667-471c-9070-7dfd13eb5ac8@group-20FCFA0487C4: changes role from  FOLLOWER to FOLLOWER at term 5 for recognizeCandidate:9c2d914d-67b1-4af9-8080-4d6ee007b506
2019-10-19 01:14:22,832 [grpc-default-executor-9] INFO  impl.RoleInfo (RoleInfo.java:shutdownFollowerState(121)) - 88be3607-7667-471c-9070-7dfd13eb5ac8: shutdown FollowerState
2019-10-19 01:14:22,832 [Thread-6302] INFO  impl.FollowerState (FollowerState.java:run(117)) - 61d0b7dc-5f8b-422f-8693-c58167224d24@group-20FCFA0487C4-FollowerState was interrupted: java.lang.InterruptedException: sleep interrupted
2019-10-19 01:14:22,832 [pool-599-thread-1] INFO  server.RaftServerConfigKeys (ConfUtils.java:logGet(43)) - raft.server.log.segment.size.max = 1048576 (custom)
2019-10-19 01:14:22,831 [grpc-default-executor-3] INFO  impl.RoleInfo (RoleInfo.java:updateAndGet(143)) - 61d0b7dc-5f8b-422f-8693-c58167224d24: start FollowerState
2019-10-19 01:14:22,831 [pool-579-thread-1] INFO  server.RaftServerConfigKeys (ConfUtils.java:logGet(43)) - raft.server.log.segment.cache.num.max = 2 (custom)
2019-10-19 01:14:22,831 [pool-559-thread-1] INFO  server.RaftServerConfigKeys (ConfUtils.java:logGet(43)) - raft.server.log.segment.size.max = 1048576 (custom)
2019-10-19 01:14:22,832 [pool-579-thread-1] INFO  segmented.SegmentedRaftLogWorker (SegmentedRaftLogWorker.java:<init>(173)) - new 2543ffea-c5c6-4af0-856f-eb846bad755a@group-A3037D40E172-SegmentedRaftLogWorker for RaftStorage:Storage Directory /workdir/hadoop-ozone/integration-test/target/test-dir/MiniOzoneClusterImpl-2b25e22a-b484-4e93-9811-5f8cd4460e46/datanode-7/data/ratis/1f061db7-894c-4c1f-b7f5-a3037d40e172
2019-10-19 01:14:22,832 [pool-599-thread-1] INFO  server.RaftServerConfigKeys (ConfUtils.java:logGet(43)) - raft.server.log.segment.cache.num.max = 2 (custom)
2019-10-19 01:14:22,832 [Thread-6301] INFO  impl.FollowerState (FollowerState.java:run(117)) - 88be3607-7667-471c-9070-7dfd13eb5ac8@group-20FCFA0487C4-FollowerState was interrupted: java.lang.InterruptedException: sleep interrupted
2019-10-19 01:14:22,832 [grpc-default-executor-9] INFO  impl.RoleInfo (RoleInfo.java:updateAndGet(143)) - 88be3607-7667-471c-9070-7dfd13eb5ac8: start FollowerState
2019-10-19 01:14:22,832 [pool-599-thread-1] INFO  segmented.SegmentedRaftLogWorker (SegmentedRaftLogWorker.java:<init>(173)) - new 61d14648-e80d-4cd8-9e7c-6deb2f21aca8@group-A3037D40E172-SegmentedRaftLogWorker for RaftStorage:Storage Directory /workdir/hadoop-ozone/integration-test/target/test-dir/MiniOzoneClusterImpl-2b25e22a-b484-4e93-9811-5f8cd4460e46/datanode-9/data/ratis/1f061db7-894c-4c1f-b7f5-a3037d40e172
2019-10-19 01:14:22,832 [pool-579-thread-1] INFO  server.RaftServerConfigKeys (ConfUtils.java:logGet(43)) - raft.server.log.queue.byte-limit = 2147483647 (custom)
2019-10-19 01:14:22,832 [pool-559-thread-1] INFO  server.RaftServerConfigKeys (ConfUtils.java:logGet(43)) - raft.server.log.segment.cache.num.max = 2 (custom)
2019-10-19 01:14:22,833 [pool-579-thread-1] INFO  server.RaftServerConfigKeys (ConfUtils.java:logGet(43)) - raft.server.log.queue.element-limit = 1024 (custom)
2019-10-19 01:14:22,833 [pool-599-thread-1] INFO  server.RaftServerConfigKeys (ConfUtils.java:logGet(43)) - raft.server.log.queue.byte-limit = 2147483647 (custom)
2019-10-19 01:14:22,833 [pool-579-thread-1] INFO  server.RaftServerConfigKeys (ConfUtils.java:logGet(43)) - raft.server.log.segment.size.max = 1048576 (custom)
2019-10-19 01:14:22,833 [pool-559-thread-1] INFO  segmented.SegmentedRaftLogWorker (SegmentedRaftLogWorker.java:<init>(173)) - new f143d5cf-4038-4fa8-8601-f5a45f16ca3e@group-A3037D40E172-SegmentedRaftLogWorker for RaftStorage:Storage Directory /workdir/hadoop-ozone/integration-test/target/test-dir/MiniOzoneClusterImpl-2b25e22a-b484-4e93-9811-5f8cd4460e46/datanode-5/data/ratis/1f061db7-894c-4c1f-b7f5-a3037d40e172
2019-10-19 01:14:22,833 [pool-579-thread-1] INFO  server.RaftServerConfigKeys (ConfUtils.java:logGet(43)) - raft.server.log.preallocated.size = 16384 (custom)
2019-10-19 01:14:22,833 [pool-599-thread-1] INFO  server.RaftServerConfigKeys (ConfUtils.java:logGet(43)) - raft.server.log.queue.element-limit = 1024 (custom)
2019-10-19 01:14:22,833 [pool-579-thread-1] INFO  server.RaftServerConfigKeys (ConfUtils.java:logGet(43)) - raft.server.log.write.buffer.size = 33554432 (custom)
2019-10-19 01:14:22,833 [pool-559-thread-1] INFO  server.RaftServerConfigKeys (ConfUtils.java:logGet(43)) - raft.server.log.queue.byte-limit = 2147483647 (custom)
2019-10-19 01:14:22,834 [pool-579-thread-1] INFO  server.RaftServerConfigKeys (ConfUtils.java:logGet(43)) - raft.server.log.force.sync.num = 128 (default)
2019-10-19 01:14:22,834 [pool-599-thread-1] INFO  server.RaftServerConfigKeys (ConfUtils.java:logGet(43)) - raft.server.log.segment.size.max = 1048576 (custom)
2019-10-19 01:14:22,834 [pool-579-thread-1] INFO  server.RaftServerConfigKeys (ConfUtils.java:logGet(43)) - raft.server.log.statemachine.data.sync = true (default)
2019-10-19 01:14:22,834 [pool-599-thread-1] INFO  server.RaftServerConfigKeys (ConfUtils.java:logGet(43)) - raft.server.log.preallocated.size = 16384 (custom)
2019-10-19 01:14:22,834 [pool-559-thread-1] INFO  server.RaftServerConfigKeys (ConfUtils.java:logGet(43)) - raft.server.log.queue.element-limit = 1024 (custom)
2019-10-19 01:14:22,834 [pool-599-thread-1] INFO  server.RaftServerConfigKeys (ConfUtils.java:logGet(43)) - raft.server.log.write.buffer.size = 33554432 (custom)
2019-10-19 01:14:22,834 [pool-579-thread-1] INFO  server.RaftServerConfigKeys (ConfUtils.java:logGet(43)) - raft.server.log.statemachine.data.sync.timeout = 10s (default)
2019-10-19 01:14:22,834 [pool-599-thread-1] INFO  server.RaftServerConfigKeys (ConfUtils.java:logGet(43)) - raft.server.log.force.sync.num = 128 (default)
2019-10-19 01:14:22,834 [pool-559-thread-1] INFO  server.RaftServerConfigKeys (ConfUtils.java:logGet(43)) - raft.server.log.segment.size.max = 1048576 (custom)
2019-10-19 01:14:22,835 [pool-559-thread-1] INFO  server.RaftServerConfigKeys (ConfUtils.java:logGet(43)) - raft.server.log.preallocated.size = 16384 (custom)
2019-10-19 01:14:22,835 [pool-599-thread-1] INFO  server.RaftServerConfigKeys (ConfUtils.java:logGet(43)) - raft.server.log.statemachine.data.sync = true (default)
2019-10-19 01:14:22,835 [pool-579-thread-1] INFO  server.RaftServerConfigKeys (ConfUtils.java:logGet(43)) - raft.server.log.statemachine.data.sync.timeout.retry = -1 (default)
2019-10-19 01:14:22,835 [pool-599-thread-1] INFO  server.RaftServerConfigKeys (ConfUtils.java:logGet(43)) - raft.server.log.statemachine.data.sync.timeout = 10s (default)
2019-10-19 01:14:22,835 [pool-559-thread-1] INFO  server.RaftServerConfigKeys (ConfUtils.java:logGet(43)) - raft.server.log.write.buffer.size = 33554432 (custom)
2019-10-19 01:14:22,835 [pool-599-thread-1] INFO  server.RaftServerConfigKeys (ConfUtils.java:logGet(43)) - raft.server.log.statemachine.data.sync.timeout.retry = -1 (default)
2019-10-19 01:14:22,835 [pool-579-thread-1] INFO  server.RaftServerConfigKeys (ConfUtils.java:logGet(43)) - raft.server.log.statemachine.data.caching.enabled = true (custom)
2019-10-19 01:14:22,835 [pool-599-thread-1] INFO  server.RaftServerConfigKeys (ConfUtils.java:logGet(43)) - raft.server.log.statemachine.data.caching.enabled = true (custom)
2019-10-19 01:14:22,835 [pool-559-thread-1] INFO  server.RaftServerConfigKeys (ConfUtils.java:logGet(43)) - raft.server.log.force.sync.num = 128 (default)
2019-10-19 01:14:22,836 [pool-579-thread-1] INFO  segmented.SegmentedRaftLogWorker (SegmentedRaftLogWorker.java:lambda$new$0(128)) - 2543ffea-c5c6-4af0-856f-eb846bad755a@group-A3037D40E172-SegmentedRaftLogWorker: flushIndex: setUnconditionally 0 -> -1
2019-10-19 01:14:22,836 [pool-599-thread-1] INFO  segmented.SegmentedRaftLogWorker (SegmentedRaftLogWorker.java:lambda$new$0(128)) - 61d14648-e80d-4cd8-9e7c-6deb2f21aca8@group-A3037D40E172-SegmentedRaftLogWorker: flushIndex: setUnconditionally 0 -> -1
2019-10-19 01:14:22,836 [pool-559-thread-1] INFO  server.RaftServerConfigKeys (ConfUtils.java:logGet(43)) - raft.server.log.statemachine.data.sync = true (default)
2019-10-19 01:14:22,836 [pool-579-thread-1] INFO  server.RaftServerConfigKeys (ConfUtils.java:logGet(43)) - raft.server.snapshot.auto.trigger.enabled = true (custom)
2019-10-19 01:14:22,836 [pool-599-thread-1] INFO  server.RaftServerConfigKeys (ConfUtils.java:logGet(43)) - raft.server.snapshot.auto.trigger.enabled = true (custom)
2019-10-19 01:14:22,836 [pool-559-thread-1] INFO  server.RaftServerConfigKeys (ConfUtils.java:logGet(43)) - raft.server.log.statemachine.data.sync.timeout = 10s (default)
2019-10-19 01:14:22,836 [pool-599-thread-1] INFO  server.RaftServerConfigKeys (ConfUtils.java:logGet(43)) - raft.server.snapshot.auto.trigger.threshold = 10000 (custom)
2019-10-19 01:14:22,836 [pool-579-thread-1] INFO  server.RaftServerConfigKeys (ConfUtils.java:logGet(43)) - raft.server.snapshot.auto.trigger.threshold = 10000 (custom)
2019-10-19 01:14:22,836 [pool-599-thread-1] INFO  server.RaftServerConfigKeys (ConfUtils.java:logGet(43)) - raft.server.snapshot.retention.file.num = 5 (custom)
2019-10-19 01:14:22,836 [pool-559-thread-1] INFO  server.RaftServerConfigKeys (ConfUtils.java:logGet(43)) - raft.server.log.statemachine.data.sync.timeout.retry = -1 (default)
2019-10-19 01:14:22,837 [pool-599-thread-1] INFO  server.RaftServerConfigKeys (ConfUtils.java:logGet(43)) - raft.server.retrycache.expirytime = 600000ms (custom)
2019-10-19 01:14:22,836 [pool-579-thread-1] INFO  server.RaftServerConfigKeys (ConfUtils.java:logGet(43)) - raft.server.snapshot.retention.file.num = 5 (custom)
2019-10-19 01:14:22,837 [pool-559-thread-1] INFO  server.RaftServerConfigKeys (ConfUtils.java:logGet(43)) - raft.server.log.statemachine.data.caching.enabled = true (custom)
2019-10-19 01:14:22,837 [pool-579-thread-1] INFO  server.RaftServerConfigKeys (ConfUtils.java:logGet(43)) - raft.server.retrycache.expirytime = 600000ms (custom)
2019-10-19 01:14:22,837 [pool-559-thread-1] INFO  segmented.SegmentedRaftLogWorker (SegmentedRaftLogWorker.java:lambda$new$0(128)) - f143d5cf-4038-4fa8-8601-f5a45f16ca3e@group-A3037D40E172-SegmentedRaftLogWorker: flushIndex: setUnconditionally 0 -> -1
2019-10-19 01:14:22,837 [pool-559-thread-1] INFO  server.RaftServerConfigKeys (ConfUtils.java:logGet(43)) - raft.server.snapshot.auto.trigger.enabled = true (custom)
2019-10-19 01:14:22,837 [pool-559-thread-1] INFO  server.RaftServerConfigKeys (ConfUtils.java:logGet(43)) - raft.server.snapshot.auto.trigger.threshold = 10000 (custom)
2019-10-19 01:14:22,837 [pool-559-thread-1] INFO  server.RaftServerConfigKeys (ConfUtils.java:logGet(43)) - raft.server.snapshot.retention.file.num = 5 (custom)
2019-10-19 01:14:22,838 [pool-559-thread-1] INFO  server.RaftServerConfigKeys (ConfUtils.java:logGet(43)) - raft.server.retrycache.expirytime = 600000ms (custom)
2019-10-19 01:14:22,838 [pool-599-thread-1] INFO  impl.RaftServerImpl (RaftServerImpl.java:start(195)) - 61d14648-e80d-4cd8-9e7c-6deb2f21aca8@group-A3037D40E172: start as a follower, conf=-1: [f143d5cf-4038-4fa8-8601-f5a45f16ca3e:192.168.69.71:40169, 2543ffea-c5c6-4af0-856f-eb846bad755a:192.168.69.71:45287, 61d14648-e80d-4cd8-9e7c-6deb2f21aca8:192.168.69.71:42247], old=null
2019-10-19 01:14:22,838 [pool-599-thread-1] INFO  impl.RaftServerImpl (RaftServerImpl.java:setRole(184)) - 61d14648-e80d-4cd8-9e7c-6deb2f21aca8@group-A3037D40E172: changes role from      null to FOLLOWER at term 0 for startAsFollower
2019-10-19 01:14:22,838 [pool-599-thread-1] INFO  impl.RoleInfo (RoleInfo.java:updateAndGet(143)) - 61d14648-e80d-4cd8-9e7c-6deb2f21aca8: start FollowerState
2019-10-19 01:14:22,838 [pool-599-thread-1] INFO  util.JmxRegister (JmxRegister.java:tryRegister(44)) - Successfully registered JMX Bean with object name Ratis:service=RaftServer,group=group-A3037D40E172,id=61d14648-e80d-4cd8-9e7c-6deb2f21aca8
2019-10-19 01:14:22,839 [pool-579-thread-1] INFO  impl.RaftServerImpl (RaftServerImpl.java:start(195)) - 2543ffea-c5c6-4af0-856f-eb846bad755a@group-A3037D40E172: start as a follower, conf=-1: [f143d5cf-4038-4fa8-8601-f5a45f16ca3e:192.168.69.71:40169, 2543ffea-c5c6-4af0-856f-eb846bad755a:192.168.69.71:45287, 61d14648-e80d-4cd8-9e7c-6deb2f21aca8:192.168.69.71:42247], old=null
2019-10-19 01:14:22,839 [pool-579-thread-1] INFO  impl.RaftServerImpl (RaftServerImpl.java:setRole(184)) - 2543ffea-c5c6-4af0-856f-eb846bad755a@group-A3037D40E172: changes role from      null to FOLLOWER at term 0 for startAsFollower
2019-10-19 01:14:22,839 [pool-579-thread-1] INFO  impl.RoleInfo (RoleInfo.java:updateAndGet(143)) - 2543ffea-c5c6-4af0-856f-eb846bad755a: start FollowerState
2019-10-19 01:14:22,840 [pool-579-thread-1] INFO  util.JmxRegister (JmxRegister.java:tryRegister(44)) - Successfully registered JMX Bean with object name Ratis:service=RaftServer,group=group-A3037D40E172,id=2543ffea-c5c6-4af0-856f-eb846bad755a
2019-10-19 01:14:22,840 [pool-559-thread-1] INFO  impl.RaftServerImpl (RaftServerImpl.java:start(195)) - f143d5cf-4038-4fa8-8601-f5a45f16ca3e@group-A3037D40E172: start as a follower, conf=-1: [f143d5cf-4038-4fa8-8601-f5a45f16ca3e:192.168.69.71:40169, 2543ffea-c5c6-4af0-856f-eb846bad755a:192.168.69.71:45287, 61d14648-e80d-4cd8-9e7c-6deb2f21aca8:192.168.69.71:42247], old=null
2019-10-19 01:14:22,841 [pool-559-thread-1] INFO  impl.RaftServerImpl (RaftServerImpl.java:setRole(184)) - f143d5cf-4038-4fa8-8601-f5a45f16ca3e@group-A3037D40E172: changes role from      null to FOLLOWER at term 0 for startAsFollower
2019-10-19 01:14:22,841 [pool-559-thread-1] INFO  impl.RoleInfo (RoleInfo.java:updateAndGet(143)) - f143d5cf-4038-4fa8-8601-f5a45f16ca3e: start FollowerState
2019-10-19 01:14:22,841 [pool-559-thread-1] INFO  util.JmxRegister (JmxRegister.java:tryRegister(44)) - Successfully registered JMX Bean with object name Ratis:service=RaftServer,group=group-A3037D40E172,id=f143d5cf-4038-4fa8-8601-f5a45f16ca3e
2019-10-19 01:14:22,844 [RatisPipelineUtilsThread] INFO  pipeline.PipelineStateManager (PipelineStateManager.java:addPipeline(56)) - Created pipeline Pipeline[ Id: 1f061db7-894c-4c1f-b7f5-a3037d40e172, Nodes: f143d5cf-4038-4fa8-8601-f5a45f16ca3e{ip: 192.168.69.71, host: pr-hdds-2333-vzxj6-995506542, networkLocation: /rack1, certSerialId: null}61d14648-e80d-4cd8-9e7c-6deb2f21aca8{ip: 192.168.69.71, host: pr-hdds-2333-vzxj6-995506542, networkLocation: /rack1, certSerialId: null}2543ffea-c5c6-4af0-856f-eb846bad755a{ip: 192.168.69.71, host: pr-hdds-2333-vzxj6-995506542, networkLocation: /rack1, certSerialId: null}, Type:RATIS, Factor:THREE, State:OPEN]
2019-10-19 01:14:22,852 [Thread-6308] INFO  impl.FollowerState (FollowerState.java:run(108)) - 796958df-e390-450e-98f3-f34b34ce9ba7@group-CDD59EF0320D-FollowerState: change to CANDIDATE, lastRpcTime:62ms, electionTimeout:62ms
2019-10-19 01:14:22,853 [Thread-6308] INFO  impl.RoleInfo (RoleInfo.java:shutdownFollowerState(121)) - 796958df-e390-450e-98f3-f34b34ce9ba7: shutdown FollowerState
2019-10-19 01:14:22,855 [Thread-6320] INFO  impl.FollowerState (FollowerState.java:run(108)) - 61d14648-e80d-4cd8-9e7c-6deb2f21aca8@group-A3037D40E172-FollowerState: change to CANDIDATE, lastRpcTime:16ms, electionTimeout:15ms
2019-10-19 01:14:22,855 [Thread-6308] INFO  impl.RaftServerImpl (RaftServerImpl.java:setRole(184)) - 796958df-e390-450e-98f3-f34b34ce9ba7@group-CDD59EF0320D: changes role from  FOLLOWER to CANDIDATE at term 0 for changeToCandidate
2019-10-19 01:14:22,855 [Thread-6320] INFO  impl.RoleInfo (RoleInfo.java:shutdownFollowerState(121)) - 61d14648-e80d-4cd8-9e7c-6deb2f21aca8: shutdown FollowerState
2019-10-19 01:14:22,855 [Thread-6308] INFO  impl.RoleInfo (RoleInfo.java:updateAndGet(143)) - 796958df-e390-450e-98f3-f34b34ce9ba7: start LeaderElection
2019-10-19 01:14:22,855 [Thread-6320] INFO  impl.RaftServerImpl (RaftServerImpl.java:setRole(184)) - 61d14648-e80d-4cd8-9e7c-6deb2f21aca8@group-A3037D40E172: changes role from  FOLLOWER to CANDIDATE at term 0 for changeToCandidate
2019-10-19 01:14:22,855 [Thread-6320] INFO  impl.RoleInfo (RoleInfo.java:updateAndGet(143)) - 61d14648-e80d-4cd8-9e7c-6deb2f21aca8: start LeaderElection
2019-10-19 01:14:22,864 [grpc-default-executor-5] INFO  impl.RaftServerProxy (RaftServerProxy.java:addNew(89)) - 796958df-e390-450e-98f3-f34b34ce9ba7: addNew group-81880FD2083A:[79f23d4f-854e-4bcb-ad60-b9a83903d995:192.168.69.71:36052, 796958df-e390-450e-98f3-f34b34ce9ba7:192.168.69.71:38850, e5ec12fd-6862-43a4-8f6d-a55a364e5eb4:192.168.69.71:43961] returns group-81880FD2083A:java.util.concurrent.CompletableFuture@5b47d00e[Not completed]
2019-10-19 01:14:22,865 [grpc-default-executor-10] INFO  impl.RaftServerProxy (RaftServerProxy.java:addNew(89)) - 79f23d4f-854e-4bcb-ad60-b9a83903d995: addNew group-81880FD2083A:[79f23d4f-854e-4bcb-ad60-b9a83903d995:192.168.69.71:36052, 796958df-e390-450e-98f3-f34b34ce9ba7:192.168.69.71:38850, e5ec12fd-6862-43a4-8f6d-a55a364e5eb4:192.168.69.71:43961] returns group-81880FD2083A:java.util.concurrent.CompletableFuture@64cffc71[Not completed]
2019-10-19 01:14:22,865 [grpc-default-executor-1] INFO  impl.RaftServerProxy (RaftServerProxy.java:addNew(89)) - e5ec12fd-6862-43a4-8f6d-a55a364e5eb4: addNew group-81880FD2083A:[79f23d4f-854e-4bcb-ad60-b9a83903d995:192.168.69.71:36052, 796958df-e390-450e-98f3-f34b34ce9ba7:192.168.69.71:38850, e5ec12fd-6862-43a4-8f6d-a55a364e5eb4:192.168.69.71:43961] returns group-81880FD2083A:java.util.concurrent.CompletableFuture@6566742c[Not completed]
2019-10-19 01:14:22,864 [2543ffea-c5c6-4af0-856f-eb846bad755a@group-F9B096411D9E-SegmentedRaftLogWorker] INFO  segmented.SegmentedRaftLogWorker (SegmentedRaftLogWorker.java:execute(576)) - 2543ffea-c5c6-4af0-856f-eb846bad755a@group-F9B096411D9E-SegmentedRaftLogWorker: created new log segment /workdir/hadoop-ozone/integration-test/target/test-dir/MiniOzoneClusterImpl-2b25e22a-b484-4e93-9811-5f8cd4460e46/datanode-7/data/ratis/307c3bf6-bfb0-4301-b9e8-f9b096411d9e/current/log_inprogress_0
2019-10-19 01:14:22,865 [9c2d914d-67b1-4af9-8080-4d6ee007b506@group-20FCFA0487C4-LeaderElection622] INFO  impl.LeaderElection (LeaderElection.java:logAndReturn(56)) - 9c2d914d-67b1-4af9-8080-4d6ee007b506@group-20FCFA0487C4-LeaderElection622: Election REJECTED; received 2 response(s) [9c2d914d-67b1-4af9-8080-4d6ee007b506<-88be3607-7667-471c-9070-7dfd13eb5ac8#0:FAIL-t5, 9c2d914d-67b1-4af9-8080-4d6ee007b506<-61d0b7dc-5f8b-422f-8693-c58167224d24#0:FAIL-t5] and 0 exception(s); 9c2d914d-67b1-4af9-8080-4d6ee007b506@group-20FCFA0487C4:t5, leader=null, voted=9c2d914d-67b1-4af9-8080-4d6ee007b506, raftlog=9c2d914d-67b1-4af9-8080-4d6ee007b506@group-20FCFA0487C4-SegmentedRaftLog:OPENED:c-1,f-1,i0, conf=-1: [88be3607-7667-471c-9070-7dfd13eb5ac8:192.168.69.71:32925, 9c2d914d-67b1-4af9-8080-4d6ee007b506:192.168.69.71:35462, 61d0b7dc-5f8b-422f-8693-c58167224d24:192.168.69.71:43479], old=null
2019-10-19 01:14:22,865 [9c2d914d-67b1-4af9-8080-4d6ee007b506@group-20FCFA0487C4-LeaderElection622] INFO  impl.RaftServerImpl (RaftServerImpl.java:setRole(184)) - 9c2d914d-67b1-4af9-8080-4d6ee007b506@group-20FCFA0487C4: changes role from CANDIDATE to FOLLOWER at term 5 for DISCOVERED_A_NEW_TERM
2019-10-19 01:14:22,866 [9c2d914d-67b1-4af9-8080-4d6ee007b506@group-20FCFA0487C4-LeaderElection622] INFO  impl.RoleInfo (RoleInfo.java:shutdownLeaderElection(134)) - 9c2d914d-67b1-4af9-8080-4d6ee007b506: shutdown LeaderElection
2019-10-19 01:14:22,865 [pool-589-thread-1] INFO  impl.RaftServerImpl (RaftServerImpl.java:<init>(104)) - 796958df-e390-450e-98f3-f34b34ce9ba7: new RaftServerImpl for group-81880FD2083A:[79f23d4f-854e-4bcb-ad60-b9a83903d995:192.168.69.71:36052, 796958df-e390-450e-98f3-f34b34ce9ba7:192.168.69.71:38850, e5ec12fd-6862-43a4-8f6d-a55a364e5eb4:192.168.69.71:43961] with ContainerStateMachine:uninitialized
2019-10-19 01:14:22,866 [9c2d914d-67b1-4af9-8080-4d6ee007b506@group-20FCFA0487C4-LeaderElection622] INFO  impl.RoleInfo (RoleInfo.java:updateAndGet(143)) - 9c2d914d-67b1-4af9-8080-4d6ee007b506: start FollowerState
2019-10-19 01:14:22,866 [pool-569-thread-1] INFO  impl.RaftServerImpl (RaftServerImpl.java:<init>(104)) - e5ec12fd-6862-43a4-8f6d-a55a364e5eb4: new RaftServerImpl for group-81880FD2083A:[79f23d4f-854e-4bcb-ad60-b9a83903d995:192.168.69.71:36052, 796958df-e390-450e-98f3-f34b34ce9ba7:192.168.69.71:38850, e5ec12fd-6862-43a4-8f6d-a55a364e5eb4:192.168.69.71:43961] with ContainerStateMachine:uninitialized
2019-10-19 01:14:22,866 [pool-589-thread-1] INFO  server.RaftServerConfigKeys (ConfUtils.java:logGet(43)) - raft.server.rpc.timeout.min = 1s (custom)
2019-10-19 01:14:22,866 [pool-569-thread-1] INFO  server.RaftServerConfigKeys (ConfUtils.java:logGet(43)) - raft.server.rpc.timeout.min = 1s (custom)
2019-10-19 01:14:22,866 [pool-549-thread-1] INFO  impl.RaftServerImpl (RaftServerImpl.java:<init>(104)) - 79f23d4f-854e-4bcb-ad60-b9a83903d995: new RaftServerImpl for group-81880FD2083A:[79f23d4f-854e-4bcb-ad60-b9a83903d995:192.168.69.71:36052, 796958df-e390-450e-98f3-f34b34ce9ba7:192.168.69.71:38850, e5ec12fd-6862-43a4-8f6d-a55a364e5eb4:192.168.69.71:43961] with ContainerStateMachine:uninitialized
2019-10-19 01:14:22,866 [pool-589-thread-1] INFO  server.RaftServerConfigKeys (ConfUtils.java:logGet(43)) - raft.server.rpc.timeout.max = 1200ms (custom)
2019-10-19 01:14:22,866 [pool-549-thread-1] INFO  server.RaftServerConfigKeys (ConfUtils.java:logGet(43)) - raft.server.rpc.timeout.min = 1s (custom)
2019-10-19 01:14:22,866 [pool-569-thread-1] INFO  server.RaftServerConfigKeys (ConfUtils.java:logGet(43)) - raft.server.rpc.timeout.max = 1200ms (custom)
2019-10-19 01:14:22,866 [pool-549-thread-1] INFO  server.RaftServerConfigKeys (ConfUtils.java:logGet(43)) - raft.server.rpc.timeout.max = 1200ms (custom)
2019-10-19 01:14:22,866 [pool-589-thread-1] INFO  server.RaftServerConfigKeys (ConfUtils.java:logGet(43)) - raft.server.rpcslowness.timeout = 120s (custom)
2019-10-19 01:14:22,866 [pool-549-thread-1] INFO  server.RaftServerConfigKeys (ConfUtils.java:logGet(43)) - raft.server.rpcslowness.timeout = 120s (custom)
2019-10-19 01:14:22,866 [pool-569-thread-1] INFO  server.RaftServerConfigKeys (ConfUtils.java:logGet(43)) - raft.server.rpcslowness.timeout = 120s (custom)
2019-10-19 01:14:22,867 [pool-549-thread-1] INFO  server.RaftServerConfigKeys (ConfUtils.java:logGet(43)) - raft.server.sleep.deviation.threshold = 300 (default)
2019-10-19 01:14:22,866 [pool-589-thread-1] INFO  server.RaftServerConfigKeys (ConfUtils.java:logGet(43)) - raft.server.sleep.deviation.threshold = 300 (default)
2019-10-19 01:14:22,867 [pool-549-thread-1] INFO  server.RaftServerConfigKeys (ConfUtils.java:logGet(43)) - raft.server.log.appender.install.snapshot.enabled = false (custom)
2019-10-19 01:14:22,867 [pool-569-thread-1] INFO  server.RaftServerConfigKeys (ConfUtils.java:logGet(43)) - raft.server.sleep.deviation.threshold = 300 (default)
2019-10-19 01:14:22,867 [pool-549-thread-1] INFO  impl.RaftServerImpl (ServerState.java:<init>(103)) - 79f23d4f-854e-4bcb-ad60-b9a83903d995@group-81880FD2083A: ConfigurationManager, init=-1: [79f23d4f-854e-4bcb-ad60-b9a83903d995:192.168.69.71:36052, 796958df-e390-450e-98f3-f34b34ce9ba7:192.168.69.71:38850, e5ec12fd-6862-43a4-8f6d-a55a364e5eb4:192.168.69.71:43961], old=null, confs=<EMPTY_MAP>
2019-10-19 01:14:22,867 [pool-589-thread-1] INFO  server.RaftServerConfigKeys (ConfUtils.java:logGet(43)) - raft.server.log.appender.install.snapshot.enabled = false (custom)
2019-10-19 01:14:22,867 [pool-549-thread-1] INFO  server.RaftServerConfigKeys (ConfUtils.java:logGet(43)) - raft.server.storage.dir = [/workdir/hadoop-ozone/integration-test/target/test-dir/MiniOzoneClusterImpl-2b25e22a-b484-4e93-9811-5f8cd4460e46/datanode-4/data/ratis] (custom)
2019-10-19 01:14:22,867 [pool-569-thread-1] INFO  server.RaftServerConfigKeys (ConfUtils.java:logGet(43)) - raft.server.log.appender.install.snapshot.enabled = false (custom)
2019-10-19 01:14:22,867 [pool-589-thread-1] INFO  impl.RaftServerImpl (ServerState.java:<init>(103)) - 796958df-e390-450e-98f3-f34b34ce9ba7@group-81880FD2083A: ConfigurationManager, init=-1: [79f23d4f-854e-4bcb-ad60-b9a83903d995:192.168.69.71:36052, 796958df-e390-450e-98f3-f34b34ce9ba7:192.168.69.71:38850, e5ec12fd-6862-43a4-8f6d-a55a364e5eb4:192.168.69.71:43961], old=null, confs=<EMPTY_MAP>
2019-10-19 01:14:22,867 [pool-569-thread-1] INFO  impl.RaftServerImpl (ServerState.java:<init>(103)) - e5ec12fd-6862-43a4-8f6d-a55a364e5eb4@group-81880FD2083A: ConfigurationManager, init=-1: [79f23d4f-854e-4bcb-ad60-b9a83903d995:192.168.69.71:36052, 796958df-e390-450e-98f3-f34b34ce9ba7:192.168.69.71:38850, e5ec12fd-6862-43a4-8f6d-a55a364e5eb4:192.168.69.71:43961], old=null, confs=<EMPTY_MAP>
2019-10-19 01:14:22,867 [pool-589-thread-1] INFO  server.RaftServerConfigKeys (ConfUtils.java:logGet(43)) - raft.server.storage.dir = [/workdir/hadoop-ozone/integration-test/target/test-dir/MiniOzoneClusterImpl-2b25e22a-b484-4e93-9811-5f8cd4460e46/datanode-8/data/ratis] (custom)
2019-10-19 01:14:22,867 [pool-549-thread-1] INFO  server.RaftServerConfigKeys (ConfUtils.java:logGet(43)) - raft.server.log.corruption.policy = EXCEPTION (default)
2019-10-19 01:14:22,867 [pool-569-thread-1] INFO  server.RaftServerConfigKeys (ConfUtils.java:logGet(43)) - raft.server.storage.dir = [/workdir/hadoop-ozone/integration-test/target/test-dir/MiniOzoneClusterImpl-2b25e22a-b484-4e93-9811-5f8cd4460e46/datanode-6/data/ratis] (custom)
2019-10-19 01:14:22,867 [pool-589-thread-1] INFO  server.RaftServerConfigKeys (ConfUtils.java:logGet(43)) - raft.server.log.corruption.policy = EXCEPTION (default)
2019-10-19 01:14:22,868 [pool-549-thread-1] INFO  storage.RaftStorageDirectory (RaftStorageDirectory.java:analyzeStorage(246)) - The storage directory /workdir/hadoop-ozone/integration-test/target/test-dir/MiniOzoneClusterImpl-2b25e22a-b484-4e93-9811-5f8cd4460e46/datanode-4/data/ratis/41c032a8-670d-4d43-8a01-81880fd2083a does not exist. Creating ...
2019-10-19 01:14:22,868 [pool-589-thread-1] INFO  storage.RaftStorageDirectory (RaftStorageDirectory.java:analyzeStorage(246)) - The storage directory /workdir/hadoop-ozone/integration-test/target/test-dir/MiniOzoneClusterImpl-2b25e22a-b484-4e93-9811-5f8cd4460e46/datanode-8/data/ratis/41c032a8-670d-4d43-8a01-81880fd2083a does not exist. Creating ...
2019-10-19 01:14:22,868 [pool-569-thread-1] INFO  server.RaftServerConfigKeys (ConfUtils.java:logGet(43)) - raft.server.log.corruption.policy = EXCEPTION (default)
2019-10-19 01:14:22,868 [pool-569-thread-1] INFO  storage.RaftStorageDirectory (RaftStorageDirectory.java:analyzeStorage(246)) - The storage directory /workdir/hadoop-ozone/integration-test/target/test-dir/MiniOzoneClusterImpl-2b25e22a-b484-4e93-9811-5f8cd4460e46/datanode-6/data/ratis/41c032a8-670d-4d43-8a01-81880fd2083a does not exist. Creating ...
2019-10-19 01:14:22,876 [pool-589-thread-1] INFO  storage.RaftStorageDirectory (RaftStorageDirectory.java:tryLock(328)) - Lock on /workdir/hadoop-ozone/integration-test/target/test-dir/MiniOzoneClusterImpl-2b25e22a-b484-4e93-9811-5f8cd4460e46/datanode-8/data/ratis/41c032a8-670d-4d43-8a01-81880fd2083a/in_use.lock acquired by nodename 10610@pr-hdds-2333-vzxj6-995506542
2019-10-19 01:14:22,876 [pool-549-thread-1] INFO  storage.RaftStorageDirectory (RaftStorageDirectory.java:tryLock(328)) - Lock on /workdir/hadoop-ozone/integration-test/target/test-dir/MiniOzoneClusterImpl-2b25e22a-b484-4e93-9811-5f8cd4460e46/datanode-4/data/ratis/41c032a8-670d-4d43-8a01-81880fd2083a/in_use.lock acquired by nodename 10610@pr-hdds-2333-vzxj6-995506542
2019-10-19 01:14:22,876 [pool-569-thread-1] INFO  storage.RaftStorageDirectory (RaftStorageDirectory.java:tryLock(328)) - Lock on /workdir/hadoop-ozone/integration-test/target/test-dir/MiniOzoneClusterImpl-2b25e22a-b484-4e93-9811-5f8cd4460e46/datanode-6/data/ratis/41c032a8-670d-4d43-8a01-81880fd2083a/in_use.lock acquired by nodename 10610@pr-hdds-2333-vzxj6-995506542
2019-10-19 01:14:22,876 [61d14648-e80d-4cd8-9e7c-6deb2f21aca8@group-A3037D40E172-LeaderElection624] INFO  impl.LeaderElection (LeaderElection.java:askForVotes(178)) - 61d14648-e80d-4cd8-9e7c-6deb2f21aca8@group-A3037D40E172-LeaderElection624: begin an election at term 1 for -1: [f143d5cf-4038-4fa8-8601-f5a45f16ca3e:192.168.69.71:40169, 2543ffea-c5c6-4af0-856f-eb846bad755a:192.168.69.71:45287, 61d14648-e80d-4cd8-9e7c-6deb2f21aca8:192.168.69.71:42247], old=null
2019-10-19 01:14:22,876 [796958df-e390-450e-98f3-f34b34ce9ba7@group-CDD59EF0320D-LeaderElection623] INFO  impl.LeaderElection (LeaderElection.java:askForVotes(178)) - 796958df-e390-450e-98f3-f34b34ce9ba7@group-CDD59EF0320D-LeaderElection623: begin an election at term 1 for -1: [796958df-e390-450e-98f3-f34b34ce9ba7:192.168.69.71:38850], old=null
2019-10-19 01:14:22,876 [796958df-e390-450e-98f3-f34b34ce9ba7@group-CDD59EF0320D-LeaderElection623] INFO  impl.RoleInfo (RoleInfo.java:shutdownLeaderElection(134)) - 796958df-e390-450e-98f3-f34b34ce9ba7: shutdown LeaderElection
2019-10-19 01:14:22,877 [796958df-e390-450e-98f3-f34b34ce9ba7@group-CDD59EF0320D-LeaderElection623] INFO  impl.RaftServerImpl (RaftServerImpl.java:setRole(184)) - 796958df-e390-450e-98f3-f34b34ce9ba7@group-CDD59EF0320D: changes role from CANDIDATE to LEADER at term 1 for changeToLeader
2019-10-19 01:14:22,877 [796958df-e390-450e-98f3-f34b34ce9ba7@group-CDD59EF0320D-LeaderElection623] INFO  impl.RaftServerImpl (ServerState.java:setLeader(256)) - 796958df-e390-450e-98f3-f34b34ce9ba7@group-CDD59EF0320D: change Leader from null to 796958df-e390-450e-98f3-f34b34ce9ba7 at term 1 for becomeLeader, leader elected after 93ms
2019-10-19 01:14:22,877 [796958df-e390-450e-98f3-f34b34ce9ba7@group-CDD59EF0320D-LeaderElection623] INFO  server.RaftServerConfigKeys (ConfUtils.java:logGet(43)) - raft.server.staging.catchup.gap = 1000 (default)
2019-10-19 01:14:22,877 [796958df-e390-450e-98f3-f34b34ce9ba7@group-CDD59EF0320D-LeaderElection623] INFO  server.RaftServerConfigKeys (ConfUtils.java:logGet(43)) - raft.server.rpc.sleep.time = 25ms (default)
2019-10-19 01:14:22,877 [796958df-e390-450e-98f3-f34b34ce9ba7@group-CDD59EF0320D-LeaderElection623] INFO  server.RaftServerConfigKeys (ConfUtils.java:logGet(43)) - raft.server.write.element-limit = 4096 (default)
2019-10-19 01:14:22,877 [796958df-e390-450e-98f3-f34b34ce9ba7@group-CDD59EF0320D-LeaderElection623] INFO  server.RaftServerConfigKeys (ConfUtils.java:logGet(43)) - raft.server.watch.timeout = 10s (default)
2019-10-19 01:14:22,877 [796958df-e390-450e-98f3-f34b34ce9ba7@group-CDD59EF0320D-LeaderElection623] INFO  server.RaftServerConfigKeys (ConfUtils.java:logGet(43)) - raft.server.watch.timeout.denomination = 1s (default)
2019-10-19 01:14:22,877 [796958df-e390-450e-98f3-f34b34ce9ba7@group-CDD59EF0320D-LeaderElection623] INFO  server.RaftServerConfigKeys (ConfUtils.java:logGet(43)) - raft.server.watch.element-limit = 65536 (default)
2019-10-19 01:14:22,878 [796958df-e390-450e-98f3-f34b34ce9ba7@group-CDD59EF0320D-LeaderElection623] INFO  impl.RoleInfo (RoleInfo.java:updateAndGet(143)) - 796958df-e390-450e-98f3-f34b34ce9ba7: start LeaderState
2019-10-19 01:14:22,879 [796958df-e390-450e-98f3-f34b34ce9ba7@group-CDD59EF0320D-LeaderElection623] INFO  segmented.SegmentedRaftLogWorker (SegmentedRaftLogWorker.java:startLogSegment(385)) - 796958df-e390-450e-98f3-f34b34ce9ba7@group-CDD59EF0320D-SegmentedRaftLogWorker: Starting segment from index:0
2019-10-19 01:14:22,882 [grpc-default-executor-1] INFO  impl.RaftServerImpl (RaftServerImpl.java:setRole(184)) - f143d5cf-4038-4fa8-8601-f5a45f16ca3e@group-A3037D40E172: changes role from  FOLLOWER to FOLLOWER at term 1 for recognizeCandidate:61d14648-e80d-4cd8-9e7c-6deb2f21aca8
2019-10-19 01:14:22,882 [grpc-default-executor-3] INFO  impl.RaftServerImpl (RaftServerImpl.java:setRole(184)) - 2543ffea-c5c6-4af0-856f-eb846bad755a@group-A3037D40E172: changes role from  FOLLOWER to FOLLOWER at term 1 for recognizeCandidate:61d14648-e80d-4cd8-9e7c-6deb2f21aca8
2019-10-19 01:14:22,882 [grpc-default-executor-3] INFO  impl.RoleInfo (RoleInfo.java:shutdownFollowerState(121)) - 2543ffea-c5c6-4af0-856f-eb846bad755a: shutdown FollowerState
2019-10-19 01:14:22,882 [796958df-e390-450e-98f3-f34b34ce9ba7@group-CDD59EF0320D-LeaderElection623] INFO  impl.RaftServerImpl (ServerState.java:setRaftConf(357)) - 796958df-e390-450e-98f3-f34b34ce9ba7@group-CDD59EF0320D: set configuration 0: [796958df-e390-450e-98f3-f34b34ce9ba7:192.168.69.71:38850], old=null at 0
2019-10-19 01:14:22,882 [grpc-default-executor-1] INFO  impl.RoleInfo (RoleInfo.java:shutdownFollowerState(121)) - f143d5cf-4038-4fa8-8601-f5a45f16ca3e: shutdown FollowerState
2019-10-19 01:14:22,883 [Thread-6321] INFO  impl.FollowerState (FollowerState.java:run(117)) - 2543ffea-c5c6-4af0-856f-eb846bad755a@group-A3037D40E172-FollowerState was interrupted: java.lang.InterruptedException: sleep interrupted
2019-10-19 01:14:22,882 [grpc-default-executor-3] INFO  impl.RoleInfo (RoleInfo.java:updateAndGet(143)) - 2543ffea-c5c6-4af0-856f-eb846bad755a: start FollowerState
2019-10-19 01:14:22,883 [Thread-6322] INFO  impl.FollowerState (FollowerState.java:run(117)) - f143d5cf-4038-4fa8-8601-f5a45f16ca3e@group-A3037D40E172-FollowerState was interrupted: java.lang.InterruptedException: sleep interrupted
2019-10-19 01:14:22,883 [61d14648-e80d-4cd8-9e7c-6deb2f21aca8@group-A3037D40E172-LeaderElection624] INFO  impl.LeaderElection (LeaderElection.java:logAndReturn(56)) - 61d14648-e80d-4cd8-9e7c-6deb2f21aca8@group-A3037D40E172-LeaderElection624: Election TIMEOUT; received 0 response(s) [] and 0 exception(s); 61d14648-e80d-4cd8-9e7c-6deb2f21aca8@group-A3037D40E172:t1, leader=null, voted=61d14648-e80d-4cd8-9e7c-6deb2f21aca8, raftlog=61d14648-e80d-4cd8-9e7c-6deb2f21aca8@group-A3037D40E172-SegmentedRaftLog:OPENED:c-1,f-1,i0, conf=-1: [f143d5cf-4038-4fa8-8601-f5a45f16ca3e:192.168.69.71:40169, 2543ffea-c5c6-4af0-856f-eb846bad755a:192.168.69.71:45287, 61d14648-e80d-4cd8-9e7c-6deb2f21aca8:192.168.69.71:42247], old=null
2019-10-19 01:14:22,883 [grpc-default-executor-1] INFO  impl.RoleInfo (RoleInfo.java:updateAndGet(143)) - f143d5cf-4038-4fa8-8601-f5a45f16ca3e: start FollowerState
2019-10-19 01:14:22,889 [pool-589-thread-1] INFO  storage.RaftStorage (RaftStorage.java:format(84)) - Storage directory /workdir/hadoop-ozone/integration-test/target/test-dir/MiniOzoneClusterImpl-2b25e22a-b484-4e93-9811-5f8cd4460e46/datanode-8/data/ratis/41c032a8-670d-4d43-8a01-81880fd2083a has been successfully formatted.
2019-10-19 01:14:22,889 [pool-569-thread-1] INFO  storage.RaftStorage (RaftStorage.java:format(84)) - Storage directory /workdir/hadoop-ozone/integration-test/target/test-dir/MiniOzoneClusterImpl-2b25e22a-b484-4e93-9811-5f8cd4460e46/datanode-6/data/ratis/41c032a8-670d-4d43-8a01-81880fd2083a has been successfully formatted.
2019-10-19 01:14:22,889 [pool-549-thread-1] INFO  storage.RaftStorage (RaftStorage.java:format(84)) - Storage directory /workdir/hadoop-ozone/integration-test/target/test-dir/MiniOzoneClusterImpl-2b25e22a-b484-4e93-9811-5f8cd4460e46/datanode-4/data/ratis/41c032a8-670d-4d43-8a01-81880fd2083a has been successfully formatted.
2019-10-19 01:14:22,889 [pool-589-thread-1] INFO  ratis.ContainerStateMachine (ContainerStateMachine.java:loadSnapshot(231)) - group-81880FD2083A: The snapshot info is null. Setting the last applied indexto:(t:0, i:~)
2019-10-19 01:14:22,890 [pool-549-thread-1] INFO  ratis.ContainerStateMachine (ContainerStateMachine.java:loadSnapshot(231)) - group-81880FD2083A: The snapshot info is null. Setting the last applied indexto:(t:0, i:~)
2019-10-19 01:14:22,890 [pool-569-thread-1] INFO  ratis.ContainerStateMachine (ContainerStateMachine.java:loadSnapshot(231)) - group-81880FD2083A: The snapshot info is null. Setting the last applied indexto:(t:0, i:~)
2019-10-19 01:14:22,890 [pool-549-thread-1] INFO  server.RaftServerConfigKeys (ConfUtils.java:logGet(43)) - raft.server.notification.no-leader.timeout = 120s (custom)
2019-10-19 01:14:22,890 [pool-589-thread-1] INFO  server.RaftServerConfigKeys (ConfUtils.java:logGet(43)) - raft.server.notification.no-leader.timeout = 120s (custom)
2019-10-19 01:14:22,890 [pool-549-thread-1] INFO  server.RaftServerConfigKeys (ConfUtils.java:logGet(43)) - raft.server.log.use.memory = false (default)
2019-10-19 01:14:22,890 [pool-569-thread-1] INFO  server.RaftServerConfigKeys (ConfUtils.java:logGet(43)) - raft.server.notification.no-leader.timeout = 120s (custom)
2019-10-19 01:14:22,890 [pool-549-thread-1] INFO  server.RaftServerConfigKeys (ConfUtils.java:logGet(43)) - raft.server.log.purge.gap = 1000000 (custom)
2019-10-19 01:14:22,890 [pool-589-thread-1] INFO  server.RaftServerConfigKeys (ConfUtils.java:logGet(43)) - raft.server.log.use.memory = false (default)
2019-10-19 01:14:22,890 [pool-549-thread-1] INFO  server.RaftServerConfigKeys (ConfUtils.java:logGet(43)) - raft.server.log.appender.buffer.byte-limit = 33554432 (custom)
2019-10-19 01:14:22,890 [pool-569-thread-1] INFO  server.RaftServerConfigKeys (ConfUtils.java:logGet(43)) - raft.server.log.use.memory = false (default)
2019-10-19 01:14:22,890 [pool-549-thread-1] INFO  server.RaftServerConfigKeys (ConfUtils.java:logGet(43)) - raft.server.log.segment.size.max = 1048576 (custom)
2019-10-19 01:14:22,890 [pool-589-thread-1] INFO  server.RaftServerConfigKeys (ConfUtils.java:logGet(43)) - raft.server.log.purge.gap = 1000000 (custom)
2019-10-19 01:14:22,890 [pool-549-thread-1] INFO  server.RaftServerConfigKeys (ConfUtils.java:logGet(43)) - raft.server.log.segment.cache.num.max = 2 (custom)
2019-10-19 01:14:22,890 [61d14648-e80d-4cd8-9e7c-6deb2f21aca8@group-A3037D40E172-LeaderElection624] INFO  impl.LeaderElection (LeaderElection.java:askForVotes(178)) - 61d14648-e80d-4cd8-9e7c-6deb2f21aca8@group-A3037D40E172-LeaderElection624: begin an election at term 2 for -1: [f143d5cf-4038-4fa8-8601-f5a45f16ca3e:192.168.69.71:40169, 2543ffea-c5c6-4af0-856f-eb846bad755a:192.168.69.71:45287, 61d14648-e80d-4cd8-9e7c-6deb2f21aca8:192.168.69.71:42247], old=null
2019-10-19 01:14:22,890 [pool-569-thread-1] INFO  server.RaftServerConfigKeys (ConfUtils.java:logGet(43)) - raft.server.log.purge.gap = 1000000 (custom)
2019-10-19 01:14:22,891 [pool-549-thread-1] INFO  segmented.SegmentedRaftLogWorker (SegmentedRaftLogWorker.java:<init>(173)) - new 79f23d4f-854e-4bcb-ad60-b9a83903d995@group-81880FD2083A-SegmentedRaftLogWorker for RaftStorage:Storage Directory /workdir/hadoop-ozone/integration-test/target/test-dir/MiniOzoneClusterImpl-2b25e22a-b484-4e93-9811-5f8cd4460e46/datanode-4/data/ratis/41c032a8-670d-4d43-8a01-81880fd2083a
2019-10-19 01:14:22,891 [pool-589-thread-1] INFO  server.RaftServerConfigKeys (ConfUtils.java:logGet(43)) - raft.server.log.appender.buffer.byte-limit = 33554432 (custom)
2019-10-19 01:14:22,891 [pool-549-thread-1] INFO  server.RaftServerConfigKeys (ConfUtils.java:logGet(43)) - raft.server.log.queue.byte-limit = 2147483647 (custom)
2019-10-19 01:14:22,891 [pool-569-thread-1] INFO  server.RaftServerConfigKeys (ConfUtils.java:logGet(43)) - raft.server.log.appender.buffer.byte-limit = 33554432 (custom)
2019-10-19 01:14:22,891 [pool-549-thread-1] INFO  server.RaftServerConfigKeys (ConfUtils.java:logGet(43)) - raft.server.log.queue.element-limit = 1024 (custom)
2019-10-19 01:14:22,891 [pool-589-thread-1] INFO  server.RaftServerConfigKeys (ConfUtils.java:logGet(43)) - raft.server.log.segment.size.max = 1048576 (custom)
2019-10-19 01:14:22,891 [pool-549-thread-1] INFO  server.RaftServerConfigKeys (ConfUtils.java:logGet(43)) - raft.server.log.segment.size.max = 1048576 (custom)
2019-10-19 01:14:22,891 [pool-569-thread-1] INFO  server.RaftServerConfigKeys (ConfUtils.java:logGet(43)) - raft.server.log.segment.size.max = 1048576 (custom)
2019-10-19 01:14:22,891 [pool-549-thread-1] INFO  server.RaftServerConfigKeys (ConfUtils.java:logGet(43)) - raft.server.log.preallocated.size = 16384 (custom)
2019-10-19 01:14:22,891 [pool-589-thread-1] INFO  server.RaftServerConfigKeys (ConfUtils.java:logGet(43)) - raft.server.log.segment.cache.num.max = 2 (custom)
2019-10-19 01:14:22,910 [Thread-6333] INFO  impl.FollowerState (FollowerState.java:run(108)) - f143d5cf-4038-4fa8-8601-f5a45f16ca3e@group-A3037D40E172-FollowerState: change to CANDIDATE, lastRpcTime:27ms, electionTimeout:8ms
2019-10-19 01:14:22,892 [pool-549-thread-1] INFO  server.RaftServerConfigKeys (ConfUtils.java:logGet(43)) - raft.server.log.write.buffer.size = 33554432 (custom)
2019-10-19 01:14:22,891 [pool-569-thread-1] INFO  server.RaftServerConfigKeys (ConfUtils.java:logGet(43)) - raft.server.log.segment.cache.num.max = 2 (custom)
2019-10-19 01:14:22,911 [pool-549-thread-1] INFO  server.RaftServerConfigKeys (ConfUtils.java:logGet(43)) - raft.server.log.force.sync.num = 128 (default)
2019-10-19 01:14:22,911 [Thread-6333] INFO  impl.RoleInfo (RoleInfo.java:shutdownFollowerState(121)) - f143d5cf-4038-4fa8-8601-f5a45f16ca3e: shutdown FollowerState
2019-10-19 01:14:22,911 [pool-589-thread-1] INFO  segmented.SegmentedRaftLogWorker (SegmentedRaftLogWorker.java:<init>(173)) - new 796958df-e390-450e-98f3-f34b34ce9ba7@group-81880FD2083A-SegmentedRaftLogWorker for RaftStorage:Storage Directory /workdir/hadoop-ozone/integration-test/target/test-dir/MiniOzoneClusterImpl-2b25e22a-b484-4e93-9811-5f8cd4460e46/datanode-8/data/ratis/41c032a8-670d-4d43-8a01-81880fd2083a
2019-10-19 01:14:22,913 [Thread-6333] INFO  impl.RaftServerImpl (RaftServerImpl.java:setRole(184)) - f143d5cf-4038-4fa8-8601-f5a45f16ca3e@group-A3037D40E172: changes role from  FOLLOWER to CANDIDATE at term 1 for changeToCandidate
2019-10-19 01:14:22,913 [grpc-default-executor-1] INFO  impl.RaftServerImpl (RaftServerImpl.java:setRole(184)) - 2543ffea-c5c6-4af0-856f-eb846bad755a@group-A3037D40E172: changes role from  FOLLOWER to FOLLOWER at term 2 for recognizeCandidate:61d14648-e80d-4cd8-9e7c-6deb2f21aca8
2019-10-19 01:14:22,913 [grpc-default-executor-1] INFO  impl.RoleInfo (RoleInfo.java:shutdownFollowerState(121)) - 2543ffea-c5c6-4af0-856f-eb846bad755a: shutdown FollowerState
2019-10-19 01:14:22,911 [pool-549-thread-1] INFO  server.RaftServerConfigKeys (ConfUtils.java:logGet(43)) - raft.server.log.statemachine.data.sync = true (default)
2019-10-19 01:14:22,911 [pool-569-thread-1] INFO  segmented.SegmentedRaftLogWorker (SegmentedRaftLogWorker.java:<init>(173)) - new e5ec12fd-6862-43a4-8f6d-a55a364e5eb4@group-81880FD2083A-SegmentedRaftLogWorker for RaftStorage:Storage Directory /workdir/hadoop-ozone/integration-test/target/test-dir/MiniOzoneClusterImpl-2b25e22a-b484-4e93-9811-5f8cd4460e46/datanode-6/data/ratis/41c032a8-670d-4d43-8a01-81880fd2083a
2019-10-19 01:14:22,913 [pool-549-thread-1] INFO  server.RaftServerConfigKeys (ConfUtils.java:logGet(43)) - raft.server.log.statemachine.data.sync.timeout = 10s (default)
2019-10-19 01:14:22,913 [Thread-6332] INFO  impl.FollowerState (FollowerState.java:run(117)) - 2543ffea-c5c6-4af0-856f-eb846bad755a@group-A3037D40E172-FollowerState was interrupted: java.lang.InterruptedException: sleep interrupted
2019-10-19 01:14:22,913 [grpc-default-executor-1] INFO  impl.RoleInfo (RoleInfo.java:updateAndGet(143)) - 2543ffea-c5c6-4af0-856f-eb846bad755a: start FollowerState
2019-10-19 01:14:22,913 [Thread-6333] INFO  impl.RoleInfo (RoleInfo.java:updateAndGet(143)) - f143d5cf-4038-4fa8-8601-f5a45f16ca3e: start LeaderElection
2019-10-19 01:14:22,913 [pool-589-thread-1] INFO  server.RaftServerConfigKeys (ConfUtils.java:logGet(43)) - raft.server.log.queue.byte-limit = 2147483647 (custom)
2019-10-19 01:14:22,913 [pool-549-thread-1] INFO  server.RaftServerConfigKeys (ConfUtils.java:logGet(43)) - raft.server.log.statemachine.data.sync.timeout.retry = -1 (default)
2019-10-19 01:14:22,913 [pool-569-thread-1] INFO  server.RaftServerConfigKeys (ConfUtils.java:logGet(43)) - raft.server.log.queue.byte-limit = 2147483647 (custom)
2019-10-19 01:14:22,914 [pool-549-thread-1] INFO  server.RaftServerConfigKeys (ConfUtils.java:logGet(43)) - raft.server.log.statemachine.data.caching.enabled = true (custom)
2019-10-19 01:14:22,914 [grpc-default-executor-3] INFO  impl.RaftServerImpl (RaftServerImpl.java:setRole(184)) - f143d5cf-4038-4fa8-8601-f5a45f16ca3e@group-A3037D40E172: changes role from CANDIDATE to FOLLOWER at term 2 for recognizeCandidate:61d14648-e80d-4cd8-9e7c-6deb2f21aca8
2019-10-19 01:14:22,914 [pool-589-thread-1] INFO  server.RaftServerConfigKeys (ConfUtils.java:logGet(43)) - raft.server.log.queue.element-limit = 1024 (custom)
2019-10-19 01:14:22,914 [grpc-default-executor-3] INFO  impl.RoleInfo (RoleInfo.java:shutdownLeaderElection(134)) - f143d5cf-4038-4fa8-8601-f5a45f16ca3e: shutdown LeaderElection
2019-10-19 01:14:22,914 [pool-549-thread-1] INFO  segmented.SegmentedRaftLogWorker (SegmentedRaftLogWorker.java:lambda$new$0(128)) - 79f23d4f-854e-4bcb-ad60-b9a83903d995@group-81880FD2083A-SegmentedRaftLogWorker: flushIndex: setUnconditionally 0 -> -1
2019-10-19 01:14:22,914 [pool-569-thread-1] INFO  server.RaftServerConfigKeys (ConfUtils.java:logGet(43)) - raft.server.log.queue.element-limit = 1024 (custom)
2019-10-19 01:14:22,915 [pool-569-thread-1] INFO  server.RaftServerConfigKeys (ConfUtils.java:logGet(43)) - raft.server.log.segment.size.max = 1048576 (custom)
2019-10-19 01:14:22,915 [pool-569-thread-1] INFO  server.RaftServerConfigKeys (ConfUtils.java:logGet(43)) - raft.server.log.preallocated.size = 16384 (custom)
2019-10-19 01:14:22,915 [pool-569-thread-1] INFO  server.RaftServerConfigKeys (ConfUtils.java:logGet(43)) - raft.server.log.write.buffer.size = 33554432 (custom)
2019-10-19 01:14:22,915 [pool-569-thread-1] INFO  server.RaftServerConfigKeys (ConfUtils.java:logGet(43)) - raft.server.log.force.sync.num = 128 (default)
2019-10-19 01:14:22,915 [pool-569-thread-1] INFO  server.RaftServerConfigKeys (ConfUtils.java:logGet(43)) - raft.server.log.statemachine.data.sync = true (default)
2019-10-19 01:14:22,915 [pool-569-thread-1] INFO  server.RaftServerConfigKeys (ConfUtils.java:logGet(43)) - raft.server.log.statemachine.data.sync.timeout = 10s (default)
2019-10-19 01:14:22,915 [pool-569-thread-1] INFO  server.RaftServerConfigKeys (ConfUtils.java:logGet(43)) - raft.server.log.statemachine.data.sync.timeout.retry = -1 (default)
2019-10-19 01:14:22,915 [pool-569-thread-1] INFO  server.RaftServerConfigKeys (ConfUtils.java:logGet(43)) - raft.server.log.statemachine.data.caching.enabled = true (custom)
2019-10-19 01:14:22,915 [pool-569-thread-1] INFO  segmented.SegmentedRaftLogWorker (SegmentedRaftLogWorker.java:lambda$new$0(128)) - e5ec12fd-6862-43a4-8f6d-a55a364e5eb4@group-81880FD2083A-SegmentedRaftLogWorker: flushIndex: setUnconditionally 0 -> -1
2019-10-19 01:14:22,914 [grpc-default-executor-3] INFO  impl.RoleInfo (RoleInfo.java:updateAndGet(143)) - f143d5cf-4038-4fa8-8601-f5a45f16ca3e: start FollowerState
2019-10-19 01:14:22,914 [pool-589-thread-1] INFO  server.RaftServerConfigKeys (ConfUtils.java:logGet(43)) - raft.server.log.segment.size.max = 1048576 (custom)
2019-10-19 01:14:22,915 [pool-569-thread-1] INFO  server.RaftServerConfigKeys (ConfUtils.java:logGet(43)) - raft.server.snapshot.auto.trigger.enabled = true (custom)
2019-10-19 01:14:22,915 [pool-549-thread-1] INFO  server.RaftServerConfigKeys (ConfUtils.java:logGet(43)) - raft.server.snapshot.auto.trigger.enabled = true (custom)
2019-10-19 01:14:22,916 [pool-569-thread-1] INFO  server.RaftServerConfigKeys (ConfUtils.java:logGet(43)) - raft.server.snapshot.auto.trigger.threshold = 10000 (custom)
2019-10-19 01:14:22,916 [pool-589-thread-1] INFO  server.RaftServerConfigKeys (ConfUtils.java:logGet(43)) - raft.server.log.preallocated.size = 16384 (custom)
2019-10-19 01:14:22,916 [pool-569-thread-1] INFO  server.RaftServerConfigKeys (ConfUtils.java:logGet(43)) - raft.server.snapshot.retention.file.num = 5 (custom)
2019-10-19 01:14:22,916 [pool-549-thread-1] INFO  server.RaftServerConfigKeys (ConfUtils.java:logGet(43)) - raft.server.snapshot.auto.trigger.threshold = 10000 (custom)
2019-10-19 01:14:22,916 [pool-569-thread-1] INFO  server.RaftServerConfigKeys (ConfUtils.java:logGet(43)) - raft.server.retrycache.expirytime = 600000ms (custom)
2019-10-19 01:14:22,916 [pool-589-thread-1] INFO  server.RaftServerConfigKeys (ConfUtils.java:logGet(43)) - raft.server.log.write.buffer.size = 33554432 (custom)
2019-10-19 01:14:22,916 [pool-589-thread-1] INFO  server.RaftServerConfigKeys (ConfUtils.java:logGet(43)) - raft.server.log.force.sync.num = 128 (default)
2019-10-19 01:14:22,916 [pool-549-thread-1] INFO  server.RaftServerConfigKeys (ConfUtils.java:logGet(43)) - raft.server.snapshot.retention.file.num = 5 (custom)
2019-10-19 01:14:22,916 [pool-589-thread-1] INFO  server.RaftServerConfigKeys (ConfUtils.java:logGet(43)) - raft.server.log.statemachine.data.sync = true (default)
2019-10-19 01:14:22,916 [pool-549-thread-1] INFO  server.RaftServerConfigKeys (ConfUtils.java:logGet(43)) - raft.server.retrycache.expirytime = 600000ms (custom)
2019-10-19 01:14:22,916 [pool-589-thread-1] INFO  server.RaftServerConfigKeys (ConfUtils.java:logGet(43)) - raft.server.log.statemachine.data.sync.timeout = 10s (default)
2019-10-19 01:14:22,917 [pool-589-thread-1] INFO  server.RaftServerConfigKeys (ConfUtils.java:logGet(43)) - raft.server.log.statemachine.data.sync.timeout.retry = -1 (default)
2019-10-19 01:14:22,917 [pool-589-thread-1] INFO  server.RaftServerConfigKeys (ConfUtils.java:logGet(43)) - raft.server.log.statemachine.data.caching.enabled = true (custom)
2019-10-19 01:14:22,917 [pool-589-thread-1] INFO  segmented.SegmentedRaftLogWorker (SegmentedRaftLogWorker.java:lambda$new$0(128)) - 796958df-e390-450e-98f3-f34b34ce9ba7@group-81880FD2083A-SegmentedRaftLogWorker: flushIndex: setUnconditionally 0 -> -1
2019-10-19 01:14:22,917 [pool-589-thread-1] INFO  server.RaftServerConfigKeys (ConfUtils.java:logGet(43)) - raft.server.snapshot.auto.trigger.enabled = true (custom)
2019-10-19 01:14:22,917 [pool-589-thread-1] INFO  server.RaftServerConfigKeys (ConfUtils.java:logGet(43)) - raft.server.snapshot.auto.trigger.threshold = 10000 (custom)
2019-10-19 01:14:22,917 [pool-589-thread-1] INFO  server.RaftServerConfigKeys (ConfUtils.java:logGet(43)) - raft.server.snapshot.retention.file.num = 5 (custom)
2019-10-19 01:14:22,918 [pool-589-thread-1] INFO  server.RaftServerConfigKeys (ConfUtils.java:logGet(43)) - raft.server.retrycache.expirytime = 600000ms (custom)
2019-10-19 01:14:22,918 [pool-569-thread-1] INFO  impl.RaftServerImpl (RaftServerImpl.java:start(195)) - e5ec12fd-6862-43a4-8f6d-a55a364e5eb4@group-81880FD2083A: start as a follower, conf=-1: [79f23d4f-854e-4bcb-ad60-b9a83903d995:192.168.69.71:36052, 796958df-e390-450e-98f3-f34b34ce9ba7:192.168.69.71:38850, e5ec12fd-6862-43a4-8f6d-a55a364e5eb4:192.168.69.71:43961], old=null
2019-10-19 01:14:22,918 [pool-569-thread-1] INFO  impl.RaftServerImpl (RaftServerImpl.java:setRole(184)) - e5ec12fd-6862-43a4-8f6d-a55a364e5eb4@group-81880FD2083A: changes role from      null to FOLLOWER at term 0 for startAsFollower
2019-10-19 01:14:22,918 [pool-549-thread-1] INFO  impl.RaftServerImpl (RaftServerImpl.java:start(195)) - 79f23d4f-854e-4bcb-ad60-b9a83903d995@group-81880FD2083A: start as a follower, conf=-1: [79f23d4f-854e-4bcb-ad60-b9a83903d995:192.168.69.71:36052, 796958df-e390-450e-98f3-f34b34ce9ba7:192.168.69.71:38850, e5ec12fd-6862-43a4-8f6d-a55a364e5eb4:192.168.69.71:43961], old=null
2019-10-19 01:14:22,918 [pool-569-thread-1] INFO  impl.RoleInfo (RoleInfo.java:updateAndGet(143)) - e5ec12fd-6862-43a4-8f6d-a55a364e5eb4: start FollowerState
2019-10-19 01:14:22,918 [pool-549-thread-1] INFO  impl.RaftServerImpl (RaftServerImpl.java:setRole(184)) - 79f23d4f-854e-4bcb-ad60-b9a83903d995@group-81880FD2083A: changes role from      null to FOLLOWER at term 0 for startAsFollower
2019-10-19 01:14:22,918 [pool-549-thread-1] INFO  impl.RoleInfo (RoleInfo.java:updateAndGet(143)) - 79f23d4f-854e-4bcb-ad60-b9a83903d995: start FollowerState
2019-10-19 01:14:22,919 [pool-569-thread-1] INFO  util.JmxRegister (JmxRegister.java:tryRegister(44)) - Successfully registered JMX Bean with object name Ratis:service=RaftServer,group=group-81880FD2083A,id=e5ec12fd-6862-43a4-8f6d-a55a364e5eb4
2019-10-19 01:14:22,919 [pool-549-thread-1] INFO  util.JmxRegister (JmxRegister.java:tryRegister(44)) - Successfully registered JMX Bean with object name Ratis:service=RaftServer,group=group-81880FD2083A,id=79f23d4f-854e-4bcb-ad60-b9a83903d995
2019-10-19 01:14:22,919 [pool-589-thread-1] INFO  impl.RaftServerImpl (RaftServerImpl.java:start(195)) - 796958df-e390-450e-98f3-f34b34ce9ba7@group-81880FD2083A: start as a follower, conf=-1: [79f23d4f-854e-4bcb-ad60-b9a83903d995:192.168.69.71:36052, 796958df-e390-450e-98f3-f34b34ce9ba7:192.168.69.71:38850, e5ec12fd-6862-43a4-8f6d-a55a364e5eb4:192.168.69.71:43961], old=null
2019-10-19 01:14:22,919 [pool-589-thread-1] INFO  impl.RaftServerImpl (RaftServerImpl.java:setRole(184)) - 796958df-e390-450e-98f3-f34b34ce9ba7@group-81880FD2083A: changes role from      null to FOLLOWER at term 0 for startAsFollower
2019-10-19 01:14:22,919 [pool-589-thread-1] INFO  impl.RoleInfo (RoleInfo.java:updateAndGet(143)) - 796958df-e390-450e-98f3-f34b34ce9ba7: start FollowerState
2019-10-19 01:14:22,919 [pool-589-thread-1] INFO  util.JmxRegister (JmxRegister.java:tryRegister(44)) - Successfully registered JMX Bean with object name Ratis:service=RaftServer,group=group-81880FD2083A,id=796958df-e390-450e-98f3-f34b34ce9ba7
2019-10-19 01:14:22,923 [RatisPipelineUtilsThread] INFO  pipeline.PipelineStateManager (PipelineStateManager.java:addPipeline(56)) - Created pipeline Pipeline[ Id: 41c032a8-670d-4d43-8a01-81880fd2083a, Nodes: 79f23d4f-854e-4bcb-ad60-b9a83903d995{ip: 192.168.69.71, host: pr-hdds-2333-vzxj6-995506542, networkLocation: /rack1, certSerialId: null}796958df-e390-450e-98f3-f34b34ce9ba7{ip: 192.168.69.71, host: pr-hdds-2333-vzxj6-995506542, networkLocation: /rack1, certSerialId: null}e5ec12fd-6862-43a4-8f6d-a55a364e5eb4{ip: 192.168.69.71, host: pr-hdds-2333-vzxj6-995506542, networkLocation: /rack1, certSerialId: null}, Type:RATIS, Factor:THREE, State:OPEN]
2019-10-19 01:14:22,926 [796958df-e390-450e-98f3-f34b34ce9ba7@group-CDD59EF0320D-SegmentedRaftLogWorker] INFO  segmented.SegmentedRaftLogWorker (SegmentedRaftLogWorker.java:execute(576)) - 796958df-e390-450e-98f3-f34b34ce9ba7@group-CDD59EF0320D-SegmentedRaftLogWorker: created new log segment /workdir/hadoop-ozone/integration-test/target/test-dir/MiniOzoneClusterImpl-2b25e22a-b484-4e93-9811-5f8cd4460e46/datanode-8/data/ratis/8b5b1169-24f6-4c07-8a5a-cdd59ef0320d/current/log_inprogress_0
2019-10-19 01:14:22,927 [61d14648-e80d-4cd8-9e7c-6deb2f21aca8@group-A3037D40E172-LeaderElection624] INFO  impl.LeaderElection (LeaderElection.java:logAndReturn(56)) - 61d14648-e80d-4cd8-9e7c-6deb2f21aca8@group-A3037D40E172-LeaderElection624: Election PASSED; received 1 response(s) [61d14648-e80d-4cd8-9e7c-6deb2f21aca8<-2543ffea-c5c6-4af0-856f-eb846bad755a#0:OK-t2] and 0 exception(s); 61d14648-e80d-4cd8-9e7c-6deb2f21aca8@group-A3037D40E172:t2, leader=null, voted=61d14648-e80d-4cd8-9e7c-6deb2f21aca8, raftlog=61d14648-e80d-4cd8-9e7c-6deb2f21aca8@group-A3037D40E172-SegmentedRaftLog:OPENED:c-1,f-1,i0, conf=-1: [f143d5cf-4038-4fa8-8601-f5a45f16ca3e:192.168.69.71:40169, 2543ffea-c5c6-4af0-856f-eb846bad755a:192.168.69.71:45287, 61d14648-e80d-4cd8-9e7c-6deb2f21aca8:192.168.69.71:42247], old=null
2019-10-19 01:14:22,927 [61d14648-e80d-4cd8-9e7c-6deb2f21aca8@group-A3037D40E172-LeaderElection624] INFO  impl.RoleInfo (RoleInfo.java:shutdownLeaderElection(134)) - 61d14648-e80d-4cd8-9e7c-6deb2f21aca8: shutdown LeaderElection
2019-10-19 01:14:22,927 [61d14648-e80d-4cd8-9e7c-6deb2f21aca8@group-A3037D40E172-LeaderElection624] INFO  impl.RaftServerImpl (RaftServerImpl.java:setRole(184)) - 61d14648-e80d-4cd8-9e7c-6deb2f21aca8@group-A3037D40E172: changes role from CANDIDATE to LEADER at term 2 for changeToLeader
2019-10-19 01:14:22,927 [61d14648-e80d-4cd8-9e7c-6deb2f21aca8@group-A3037D40E172-LeaderElection624] INFO  impl.RaftServerImpl (ServerState.java:setLeader(256)) - 61d14648-e80d-4cd8-9e7c-6deb2f21aca8@group-A3037D40E172: change Leader from null to 61d14648-e80d-4cd8-9e7c-6deb2f21aca8 at term 2 for becomeLeader, leader elected after 96ms
2019-10-19 01:14:22,927 [61d14648-e80d-4cd8-9e7c-6deb2f21aca8@group-A3037D40E172-LeaderElection624] INFO  server.RaftServerConfigKeys (ConfUtils.java:logGet(43)) - raft.server.staging.catchup.gap = 1000 (default)
2019-10-19 01:14:22,927 [61d14648-e80d-4cd8-9e7c-6deb2f21aca8@group-A3037D40E172-LeaderElection624] INFO  server.RaftServerConfigKeys (ConfUtils.java:logGet(43)) - raft.server.rpc.sleep.time = 25ms (default)
2019-10-19 01:14:22,927 [61d14648-e80d-4cd8-9e7c-6deb2f21aca8@group-A3037D40E172-LeaderElection624] INFO  server.RaftServerConfigKeys (ConfUtils.java:logGet(43)) - raft.server.write.element-limit = 4096 (default)
2019-10-19 01:14:22,927 [61d14648-e80d-4cd8-9e7c-6deb2f21aca8@group-A3037D40E172-LeaderElection624] INFO  server.RaftServerConfigKeys (ConfUtils.java:logGet(43)) - raft.server.watch.timeout = 10s (default)
2019-10-19 01:14:22,927 [61d14648-e80d-4cd8-9e7c-6deb2f21aca8@group-A3037D40E172-LeaderElection624] INFO  server.RaftServerConfigKeys (ConfUtils.java:logGet(43)) - raft.server.watch.timeout.denomination = 1s (default)
2019-10-19 01:14:22,927 [61d14648-e80d-4cd8-9e7c-6deb2f21aca8@group-A3037D40E172-LeaderElection624] INFO  server.RaftServerConfigKeys (ConfUtils.java:logGet(43)) - raft.server.watch.element-limit = 65536 (default)
2019-10-19 01:14:22,928 [61d14648-e80d-4cd8-9e7c-6deb2f21aca8@group-A3037D40E172-LeaderElection624] INFO  server.RaftServerConfigKeys (ConfUtils.java:logGet(43)) - raft.server.log.appender.snapshot.chunk.size.max = 16MB (=16777216) (default)
2019-10-19 01:14:22,929 [61d14648-e80d-4cd8-9e7c-6deb2f21aca8@group-A3037D40E172-LeaderElection624] INFO  server.RaftServerConfigKeys (ConfUtils.java:logGet(43)) - raft.server.log.appender.buffer.byte-limit = 33554432 (custom)
2019-10-19 01:14:22,929 [61d14648-e80d-4cd8-9e7c-6deb2f21aca8@group-A3037D40E172-LeaderElection624] INFO  server.RaftServerConfigKeys (ConfUtils.java:logGet(43)) - raft.server.log.appender.buffer.element-limit = 1 (custom)
2019-10-19 01:14:22,929 [61d14648-e80d-4cd8-9e7c-6deb2f21aca8@group-A3037D40E172-LeaderElection624] INFO  grpc.GrpcConfigKeys$Server (ConfUtils.java:logGet(43)) - raft.grpc.server.leader.outstanding.appends.max = 128 (default)
2019-10-19 01:14:22,929 [61d14648-e80d-4cd8-9e7c-6deb2f21aca8@group-A3037D40E172-LeaderElection624] INFO  server.RaftServerConfigKeys (ConfUtils.java:logGet(43)) - raft.server.rpc.request.timeout = 3000ms (default)
2019-10-19 01:14:22,929 [61d14648-e80d-4cd8-9e7c-6deb2f21aca8@group-A3037D40E172-LeaderElection624] INFO  server.RaftServerConfigKeys (ConfUtils.java:logGet(43)) - raft.server.log.appender.install.snapshot.enabled = false (custom)
2019-10-19 01:14:22,930 [61d14648-e80d-4cd8-9e7c-6deb2f21aca8@group-A3037D40E172-LeaderElection624] INFO  server.RaftServerConfigKeys (ConfUtils.java:logGet(43)) - raft.server.log.appender.snapshot.chunk.size.max = 16MB (=16777216) (default)
2019-10-19 01:14:22,930 [61d14648-e80d-4cd8-9e7c-6deb2f21aca8@group-A3037D40E172-LeaderElection624] INFO  server.RaftServerConfigKeys (ConfUtils.java:logGet(43)) - raft.server.log.appender.buffer.byte-limit = 33554432 (custom)
2019-10-19 01:14:22,930 [61d14648-e80d-4cd8-9e7c-6deb2f21aca8@group-A3037D40E172-LeaderElection624] INFO  server.RaftServerConfigKeys (ConfUtils.java:logGet(43)) - raft.server.log.appender.buffer.element-limit = 1 (custom)
2019-10-19 01:14:22,930 [61d14648-e80d-4cd8-9e7c-6deb2f21aca8@group-A3037D40E172-LeaderElection624] INFO  grpc.GrpcConfigKeys$Server (ConfUtils.java:logGet(43)) - raft.grpc.server.leader.outstanding.appends.max = 128 (default)
2019-10-19 01:14:22,931 [61d14648-e80d-4cd8-9e7c-6deb2f21aca8@group-A3037D40E172-LeaderElection624] INFO  server.RaftServerConfigKeys (ConfUtils.java:logGet(43)) - raft.server.rpc.request.timeout = 3000ms (default)
2019-10-19 01:14:22,931 [61d14648-e80d-4cd8-9e7c-6deb2f21aca8@group-A3037D40E172-LeaderElection624] INFO  server.RaftServerConfigKeys (ConfUtils.java:logGet(43)) - raft.server.log.appender.install.snapshot.enabled = false (custom)
2019-10-19 01:14:22,932 [61d14648-e80d-4cd8-9e7c-6deb2f21aca8@group-A3037D40E172-LeaderElection624] INFO  impl.RoleInfo (RoleInfo.java:updateAndGet(143)) - 61d14648-e80d-4cd8-9e7c-6deb2f21aca8: start LeaderState
2019-10-19 01:14:22,932 [61d14648-e80d-4cd8-9e7c-6deb2f21aca8@group-A3037D40E172-LeaderElection624] INFO  segmented.SegmentedRaftLogWorker (SegmentedRaftLogWorker.java:startLogSegment(385)) - 61d14648-e80d-4cd8-9e7c-6deb2f21aca8@group-A3037D40E172-SegmentedRaftLogWorker: Starting segment from index:0
2019-10-19 01:14:22,932 [61d14648-e80d-4cd8-9e7c-6deb2f21aca8@group-A3037D40E172-LeaderElection624] INFO  impl.RaftServerImpl (ServerState.java:setRaftConf(357)) - 61d14648-e80d-4cd8-9e7c-6deb2f21aca8@group-A3037D40E172: set configuration 0: [f143d5cf-4038-4fa8-8601-f5a45f16ca3e:192.168.69.71:40169, 2543ffea-c5c6-4af0-856f-eb846bad755a:192.168.69.71:45287, 61d14648-e80d-4cd8-9e7c-6deb2f21aca8:192.168.69.71:42247], old=null at 0
2019-10-19 01:14:22,933 [grpc-default-executor-1] INFO  impl.RaftServerImpl (ServerState.java:setLeader(256)) - 2543ffea-c5c6-4af0-856f-eb846bad755a@group-A3037D40E172: change Leader from null to 61d14648-e80d-4cd8-9e7c-6deb2f21aca8 at term 2 for appendEntries, leader elected after 102ms
2019-10-19 01:14:22,934 [grpc-default-executor-1] INFO  impl.RaftServerImpl (ServerState.java:setRaftConf(357)) - 2543ffea-c5c6-4af0-856f-eb846bad755a@group-A3037D40E172: set configuration 0: [f143d5cf-4038-4fa8-8601-f5a45f16ca3e:192.168.69.71:40169, 2543ffea-c5c6-4af0-856f-eb846bad755a:192.168.69.71:45287, 61d14648-e80d-4cd8-9e7c-6deb2f21aca8:192.168.69.71:42247], old=null at 0
2019-10-19 01:14:22,934 [grpc-default-executor-1] INFO  segmented.SegmentedRaftLogWorker (SegmentedRaftLogWorker.java:startLogSegment(385)) - 2543ffea-c5c6-4af0-856f-eb846bad755a@group-A3037D40E172-SegmentedRaftLogWorker: Starting segment from index:0
2019-10-19 01:14:22,941 [Thread-6305] INFO  impl.FollowerState (FollowerState.java:run(108)) - 61d14648-e80d-4cd8-9e7c-6deb2f21aca8@group-AF1775C7CE43-FollowerState: change to CANDIDATE, lastRpcTime:195ms, electionTimeout:195ms
2019-10-19 01:14:22,941 [Thread-6305] INFO  impl.RoleInfo (RoleInfo.java:shutdownFollowerState(121)) - 61d14648-e80d-4cd8-9e7c-6deb2f21aca8: shutdown FollowerState
2019-10-19 01:14:22,941 [Thread-6305] INFO  impl.RaftServerImpl (RaftServerImpl.java:setRole(184)) - 61d14648-e80d-4cd8-9e7c-6deb2f21aca8@group-AF1775C7CE43: changes role from  FOLLOWER to CANDIDATE at term 0 for changeToCandidate
2019-10-19 01:14:22,941 [Thread-6305] INFO  impl.RoleInfo (RoleInfo.java:updateAndGet(143)) - 61d14648-e80d-4cd8-9e7c-6deb2f21aca8: start LeaderElection
2019-10-19 01:14:22,969 [Thread-6338] INFO  impl.FollowerState (FollowerState.java:run(108)) - f143d5cf-4038-4fa8-8601-f5a45f16ca3e@group-A3037D40E172-FollowerState: change to CANDIDATE, lastRpcTime:54ms, electionTimeout:40ms
2019-10-19 01:14:22,969 [f143d5cf-4038-4fa8-8601-f5a45f16ca3e@group-A3037D40E172-LeaderElection625] INFO  impl.LeaderElection (LeaderElection.java:askForVotes(178)) - f143d5cf-4038-4fa8-8601-f5a45f16ca3e@group-A3037D40E172-LeaderElection625: begin an election at term 3 for -1: [f143d5cf-4038-4fa8-8601-f5a45f16ca3e:192.168.69.71:40169, 2543ffea-c5c6-4af0-856f-eb846bad755a:192.168.69.71:45287, 61d14648-e80d-4cd8-9e7c-6deb2f21aca8:192.168.69.71:42247], old=null
2019-10-19 01:14:22,969 [Thread-6338] INFO  impl.RoleInfo (RoleInfo.java:shutdownFollowerState(121)) - f143d5cf-4038-4fa8-8601-f5a45f16ca3e: shutdown FollowerState
2019-10-19 01:14:22,969 [Thread-6338] INFO  impl.RaftServerImpl (RaftServerImpl.java:setRole(184)) - f143d5cf-4038-4fa8-8601-f5a45f16ca3e@group-A3037D40E172: changes role from  FOLLOWER to CANDIDATE at term 3 for changeToCandidate
2019-10-19 01:14:22,970 [Thread-6338] INFO  impl.RoleInfo (RoleInfo.java:updateAndGet(143)) - f143d5cf-4038-4fa8-8601-f5a45f16ca3e: start LeaderElection
2019-10-19 01:14:22,970 [Thread-6348] INFO  impl.RaftServerImpl (ServerState.java:setLeader(256)) - 61d14648-e80d-4cd8-9e7c-6deb2f21aca8@group-A3037D40E172: change Leader from 61d14648-e80d-4cd8-9e7c-6deb2f21aca8 to null at term 3 for updateCurrentTerm
2019-10-19 01:14:22,970 [Thread-6348] INFO  impl.RaftServerImpl (RaftServerImpl.java:setRole(184)) - 61d14648-e80d-4cd8-9e7c-6deb2f21aca8@group-A3037D40E172: changes role from    LEADER to FOLLOWER at term 3 for stepDown
2019-10-19 01:14:22,970 [Thread-6348] INFO  impl.RoleInfo (RoleInfo.java:shutdownLeaderState(104)) - 61d14648-e80d-4cd8-9e7c-6deb2f21aca8: shutdown LeaderState
2019-10-19 01:14:22,975 [org.apache.ratis.server.impl.LogAppender$AppenderDaemon$$Lambda$444/2145623288@56390b3] WARN  server.GrpcLogAppender (GrpcLogAppender.java:mayWait(149)) - 61d14648-e80d-4cd8-9e7c-6deb2f21aca8@group-A3037D40E172->2543ffea-c5c6-4af0-856f-eb846bad755a-GrpcLogAppender: Wait interrupted by java.lang.InterruptedException
2019-10-19 01:14:22,975 [Thread-6348] INFO  impl.PendingRequests (PendingRequests.java:sendNotLeaderResponses(202)) - 61d14648-e80d-4cd8-9e7c-6deb2f21aca8@group-A3037D40E172-PendingRequests: sendNotLeaderResponses
2019-10-19 01:14:22,975 [org.apache.ratis.server.impl.LogAppender$AppenderDaemon$$Lambda$444/2145623288@546329da] WARN  server.GrpcLogAppender (GrpcLogAppender.java:mayWait(149)) - 61d14648-e80d-4cd8-9e7c-6deb2f21aca8@group-A3037D40E172->f143d5cf-4038-4fa8-8601-f5a45f16ca3e-GrpcLogAppender: Wait interrupted by java.lang.InterruptedException
2019-10-19 01:14:22,975 [Thread-6348] INFO  impl.RoleInfo (RoleInfo.java:updateAndGet(143)) - 61d14648-e80d-4cd8-9e7c-6deb2f21aca8: start FollowerState
2019-10-19 01:14:22,975 [grpc-default-executor-1] INFO  server.GrpcServerProtocolService (GrpcServerProtocolService.java:onCompleted(113)) - 2543ffea-c5c6-4af0-856f-eb846bad755a: Completed APPEND_ENTRIES, lastRequest: 61d14648-e80d-4cd8-9e7c-6deb2f21aca8->2543ffea-c5c6-4af0-856f-eb846bad755a#1-t2, previous=(t:0, i:0), leaderCommit=-1, initializing? false, entries: size=1, first=(t:2, i:0), CONFIGURATIONENTRY
2019-10-19 01:14:22,975 [grpc-default-executor-10] INFO  server.GrpcServerProtocolService (GrpcServerProtocolService.java:onCompleted(113)) - f143d5cf-4038-4fa8-8601-f5a45f16ca3e: Completed APPEND_ENTRIES, lastRequest: 61d14648-e80d-4cd8-9e7c-6deb2f21aca8->f143d5cf-4038-4fa8-8601-f5a45f16ca3e#0-t2, previous=(t:0, i:0), leaderCommit=-1, initializing? false, entries: <empty>
2019-10-19 01:14:22,975 [grpc-default-executor-1] INFO  server.GrpcLogAppender (GrpcLogAppender.java:onCompleted(308)) - 61d14648-e80d-4cd8-9e7c-6deb2f21aca8@group-A3037D40E172->2543ffea-c5c6-4af0-856f-eb846bad755a-AppendLogResponseHandler: follower responses appendEntries COMPLETED
2019-10-19 01:14:22,977 [grpc-default-executor-10] INFO  server.GrpcLogAppender (GrpcLogAppender.java:onCompleted(308)) - 61d14648-e80d-4cd8-9e7c-6deb2f21aca8@group-A3037D40E172->f143d5cf-4038-4fa8-8601-f5a45f16ca3e-AppendLogResponseHandler: follower responses appendEntries COMPLETED
2019-10-19 01:14:22,978 [grpc-default-executor-1] INFO  impl.FollowerInfo (FollowerInfo.java:lambda$new$0(51)) - 61d14648-e80d-4cd8-9e7c-6deb2f21aca8@group-A3037D40E172->2543ffea-c5c6-4af0-856f-eb846bad755a: nextIndex: updateUnconditionally 1 -> 0
2019-10-19 01:14:22,980 [grpc-default-executor-10] INFO  impl.FollowerInfo (FollowerInfo.java:lambda$new$0(51)) - 61d14648-e80d-4cd8-9e7c-6deb2f21aca8@group-A3037D40E172->f143d5cf-4038-4fa8-8601-f5a45f16ca3e: nextIndex: updateUnconditionally 0 -> 0
2019-10-19 01:14:22,980 [grpc-default-executor-1] INFO  impl.RaftServerImpl (ServerState.java:setLeader(256)) - 2543ffea-c5c6-4af0-856f-eb846bad755a@group-A3037D40E172: change Leader from 61d14648-e80d-4cd8-9e7c-6deb2f21aca8 to null at term 3 for updateCurrentTerm
2019-10-19 01:14:22,980 [grpc-default-executor-1] INFO  impl.RaftServerImpl (RaftServerImpl.java:setRole(184)) - 2543ffea-c5c6-4af0-856f-eb846bad755a@group-A3037D40E172: changes role from  FOLLOWER to FOLLOWER at term 3 for recognizeCandidate:f143d5cf-4038-4fa8-8601-f5a45f16ca3e
2019-10-19 01:14:22,981 [grpc-default-executor-1] INFO  impl.RoleInfo (RoleInfo.java:shutdownFollowerState(121)) - 2543ffea-c5c6-4af0-856f-eb846bad755a: shutdown FollowerState
2019-10-19 01:14:22,981 [grpc-default-executor-1] INFO  impl.RoleInfo (RoleInfo.java:updateAndGet(143)) - 2543ffea-c5c6-4af0-856f-eb846bad755a: start FollowerState
2019-10-19 01:14:22,981 [Thread-6337] INFO  impl.FollowerState (FollowerState.java:run(117)) - 2543ffea-c5c6-4af0-856f-eb846bad755a@group-A3037D40E172-FollowerState was interrupted: java.lang.InterruptedException: sleep interrupted
2019-10-19 01:14:22,989 [Thread-6343] INFO  impl.FollowerState (FollowerState.java:run(108)) - 79f23d4f-854e-4bcb-ad60-b9a83903d995@group-81880FD2083A-FollowerState: change to CANDIDATE, lastRpcTime:70ms, electionTimeout:70ms
2019-10-19 01:14:22,989 [Thread-6343] INFO  impl.RoleInfo (RoleInfo.java:shutdownFollowerState(121)) - 79f23d4f-854e-4bcb-ad60-b9a83903d995: shutdown FollowerState
2019-10-19 01:14:22,989 [Thread-6343] INFO  impl.RaftServerImpl (RaftServerImpl.java:setRole(184)) - 79f23d4f-854e-4bcb-ad60-b9a83903d995@group-81880FD2083A: changes role from  FOLLOWER to CANDIDATE at term 0 for changeToCandidate
2019-10-19 01:14:22,989 [Thread-6343] INFO  impl.RoleInfo (RoleInfo.java:updateAndGet(143)) - 79f23d4f-854e-4bcb-ad60-b9a83903d995: start LeaderElection
2019-10-19 01:14:22,994 [2543ffea-c5c6-4af0-856f-eb846bad755a@group-A3037D40E172-SegmentedRaftLogWorker] INFO  segmented.SegmentedRaftLogWorker (SegmentedRaftLogWorker.java:execute(576)) - 2543ffea-c5c6-4af0-856f-eb846bad755a@group-A3037D40E172-SegmentedRaftLogWorker: created new log segment /workdir/hadoop-ozone/integration-test/target/test-dir/MiniOzoneClusterImpl-2b25e22a-b484-4e93-9811-5f8cd4460e46/datanode-7/data/ratis/1f061db7-894c-4c1f-b7f5-a3037d40e172/current/log_inprogress_0
2019-10-19 01:14:22,994 [61d14648-e80d-4cd8-9e7c-6deb2f21aca8@group-A3037D40E172-SegmentedRaftLogWorker] INFO  segmented.SegmentedRaftLogWorker (SegmentedRaftLogWorker.java:execute(576)) - 61d14648-e80d-4cd8-9e7c-6deb2f21aca8@group-A3037D40E172-SegmentedRaftLogWorker: created new log segment /workdir/hadoop-ozone/integration-test/target/test-dir/MiniOzoneClusterImpl-2b25e22a-b484-4e93-9811-5f8cd4460e46/datanode-9/data/ratis/1f061db7-894c-4c1f-b7f5-a3037d40e172/current/log_inprogress_0
2019-10-19 01:14:22,995 [61d14648-e80d-4cd8-9e7c-6deb2f21aca8@group-AF1775C7CE43-LeaderElection626] INFO  impl.LeaderElection (LeaderElection.java:askForVotes(178)) - 61d14648-e80d-4cd8-9e7c-6deb2f21aca8@group-AF1775C7CE43-LeaderElection626: begin an election at term 1 for -1: [61d14648-e80d-4cd8-9e7c-6deb2f21aca8:192.168.69.71:42247], old=null
2019-10-19 01:14:22,995 [f143d5cf-4038-4fa8-8601-f5a45f16ca3e@group-A3037D40E172-LeaderElection627] INFO  impl.LeaderElection (LeaderElection.java:askForVotes(178)) - f143d5cf-4038-4fa8-8601-f5a45f16ca3e@group-A3037D40E172-LeaderElection627: begin an election at term 4 for -1: [f143d5cf-4038-4fa8-8601-f5a45f16ca3e:192.168.69.71:40169, 2543ffea-c5c6-4af0-856f-eb846bad755a:192.168.69.71:45287, 61d14648-e80d-4cd8-9e7c-6deb2f21aca8:192.168.69.71:42247], old=null
2019-10-19 01:14:22,997 [79f23d4f-854e-4bcb-ad60-b9a83903d995@group-81880FD2083A-LeaderElection628] INFO  impl.LeaderElection (LeaderElection.java:askForVotes(178)) - 79f23d4f-854e-4bcb-ad60-b9a83903d995@group-81880FD2083A-LeaderElection628: begin an election at term 1 for -1: [79f23d4f-854e-4bcb-ad60-b9a83903d995:192.168.69.71:36052, 796958df-e390-450e-98f3-f34b34ce9ba7:192.168.69.71:38850, e5ec12fd-6862-43a4-8f6d-a55a364e5eb4:192.168.69.71:43961], old=null
2019-10-19 01:14:22,997 [f143d5cf-4038-4fa8-8601-f5a45f16ca3e@group-A3037D40E172-LeaderElection625] INFO  impl.LeaderElection (LeaderElection.java:logAndReturn(56)) - f143d5cf-4038-4fa8-8601-f5a45f16ca3e@group-A3037D40E172-LeaderElection625: Election REJECTED; received 0 response(s) [] and 0 exception(s); f143d5cf-4038-4fa8-8601-f5a45f16ca3e@group-A3037D40E172:t4, leader=null, voted=f143d5cf-4038-4fa8-8601-f5a45f16ca3e, raftlog=f143d5cf-4038-4fa8-8601-f5a45f16ca3e@group-A3037D40E172-SegmentedRaftLog:OPENED:c-1,f-1,i0, conf=-1: [f143d5cf-4038-4fa8-8601-f5a45f16ca3e:192.168.69.71:40169, 2543ffea-c5c6-4af0-856f-eb846bad755a:192.168.69.71:45287, 61d14648-e80d-4cd8-9e7c-6deb2f21aca8:192.168.69.71:42247], old=null
2019-10-19 01:14:22,998 [61d14648-e80d-4cd8-9e7c-6deb2f21aca8@group-AF1775C7CE43-LeaderElection626] INFO  impl.RoleInfo (RoleInfo.java:shutdownLeaderElection(134)) - 61d14648-e80d-4cd8-9e7c-6deb2f21aca8: shutdown LeaderElection
2019-10-19 01:14:22,998 [61d14648-e80d-4cd8-9e7c-6deb2f21aca8@group-AF1775C7CE43-LeaderElection626] INFO  impl.RaftServerImpl (RaftServerImpl.java:setRole(184)) - 61d14648-e80d-4cd8-9e7c-6deb2f21aca8@group-AF1775C7CE43: changes role from CANDIDATE to LEADER at term 1 for changeToLeader
2019-10-19 01:14:22,998 [61d14648-e80d-4cd8-9e7c-6deb2f21aca8@group-AF1775C7CE43-LeaderElection626] INFO  impl.RaftServerImpl (ServerState.java:setLeader(256)) - 61d14648-e80d-4cd8-9e7c-6deb2f21aca8@group-AF1775C7CE43: change Leader from null to 61d14648-e80d-4cd8-9e7c-6deb2f21aca8 at term 1 for becomeLeader, leader elected after 257ms
2019-10-19 01:14:22,998 [61d14648-e80d-4cd8-9e7c-6deb2f21aca8@group-AF1775C7CE43-LeaderElection626] INFO  server.RaftServerConfigKeys (ConfUtils.java:logGet(43)) - raft.server.staging.catchup.gap = 1000 (default)
2019-10-19 01:14:23,000 [61d14648-e80d-4cd8-9e7c-6deb2f21aca8@group-AF1775C7CE43-LeaderElection626] INFO  server.RaftServerConfigKeys (ConfUtils.java:logGet(43)) - raft.server.rpc.sleep.time = 25ms (default)
2019-10-19 01:14:23,001 [61d14648-e80d-4cd8-9e7c-6deb2f21aca8@group-AF1775C7CE43-LeaderElection626] INFO  server.RaftServerConfigKeys (ConfUtils.java:logGet(43)) - raft.server.write.element-limit = 4096 (default)
2019-10-19 01:14:23,001 [61d14648-e80d-4cd8-9e7c-6deb2f21aca8@group-AF1775C7CE43-LeaderElection626] INFO  server.RaftServerConfigKeys (ConfUtils.java:logGet(43)) - raft.server.watch.timeout = 10s (default)
2019-10-19 01:14:23,001 [61d14648-e80d-4cd8-9e7c-6deb2f21aca8@group-AF1775C7CE43-LeaderElection626] INFO  server.RaftServerConfigKeys (ConfUtils.java:logGet(43)) - raft.server.watch.timeout.denomination = 1s (default)
2019-10-19 01:14:23,001 [61d14648-e80d-4cd8-9e7c-6deb2f21aca8@group-AF1775C7CE43-LeaderElection626] INFO  server.RaftServerConfigKeys (ConfUtils.java:logGet(43)) - raft.server.watch.element-limit = 65536 (default)
2019-10-19 01:14:23,004 [grpc-default-executor-10] INFO  impl.RaftServerImpl (RaftServerImpl.java:setRole(184)) - 2543ffea-c5c6-4af0-856f-eb846bad755a@group-A3037D40E172: changes role from  FOLLOWER to FOLLOWER at term 4 for recognizeCandidate:f143d5cf-4038-4fa8-8601-f5a45f16ca3e
2019-10-19 01:14:23,004 [grpc-default-executor-10] INFO  impl.RoleInfo (RoleInfo.java:shutdownFollowerState(121)) - 2543ffea-c5c6-4af0-856f-eb846bad755a: shutdown FollowerState
2019-10-19 01:14:23,005 [grpc-default-executor-10] INFO  impl.RoleInfo (RoleInfo.java:updateAndGet(143)) - 2543ffea-c5c6-4af0-856f-eb846bad755a: start FollowerState
2019-10-19 01:14:23,005 [Thread-6358] INFO  impl.FollowerState (FollowerState.java:run(117)) - 2543ffea-c5c6-4af0-856f-eb846bad755a@group-A3037D40E172-FollowerState was interrupted: java.lang.InterruptedException: sleep interrupted
2019-10-19 01:14:23,005 [61d14648-e80d-4cd8-9e7c-6deb2f21aca8@group-AF1775C7CE43-LeaderElection626] INFO  impl.RoleInfo (RoleInfo.java:updateAndGet(143)) - 61d14648-e80d-4cd8-9e7c-6deb2f21aca8: start LeaderState
2019-10-19 01:14:23,007 [grpc-default-executor-3] INFO  impl.RaftServerImpl (RaftServerImpl.java:setRole(184)) - e5ec12fd-6862-43a4-8f6d-a55a364e5eb4@group-81880FD2083A: changes role from  FOLLOWER to FOLLOWER at term 1 for recognizeCandidate:79f23d4f-854e-4bcb-ad60-b9a83903d995
2019-10-19 01:14:23,008 [grpc-default-executor-3] INFO  impl.RoleInfo (RoleInfo.java:shutdownFollowerState(121)) - e5ec12fd-6862-43a4-8f6d-a55a364e5eb4: shutdown FollowerState
2019-10-19 01:14:23,008 [61d14648-e80d-4cd8-9e7c-6deb2f21aca8@group-AF1775C7CE43-LeaderElection626] INFO  segmented.SegmentedRaftLogWorker (SegmentedRaftLogWorker.java:startLogSegment(385)) - 61d14648-e80d-4cd8-9e7c-6deb2f21aca8@group-AF1775C7CE43-SegmentedRaftLogWorker: Starting segment from index:0
2019-10-19 01:14:23,008 [grpc-default-executor-1] INFO  impl.RaftServerImpl (RaftServerImpl.java:setRole(184)) - 61d14648-e80d-4cd8-9e7c-6deb2f21aca8@group-A3037D40E172: changes role from  FOLLOWER to FOLLOWER at term 3 for recognizeCandidate:f143d5cf-4038-4fa8-8601-f5a45f16ca3e
2019-10-19 01:14:23,010 [grpc-default-executor-1] INFO  impl.RoleInfo (RoleInfo.java:shutdownFollowerState(121)) - 61d14648-e80d-4cd8-9e7c-6deb2f21aca8: shutdown FollowerState
2019-10-19 01:14:23,008 [Thread-6342] INFO  impl.FollowerState (FollowerState.java:run(117)) - e5ec12fd-6862-43a4-8f6d-a55a364e5eb4@group-81880FD2083A-FollowerState was interrupted: java.lang.InterruptedException: sleep interrupted
2019-10-19 01:14:23,008 [grpc-default-executor-3] INFO  impl.RoleInfo (RoleInfo.java:updateAndGet(143)) - e5ec12fd-6862-43a4-8f6d-a55a364e5eb4: start FollowerState
2019-10-19 01:14:23,011 [Thread-6357] INFO  impl.FollowerState (FollowerState.java:run(117)) - 61d14648-e80d-4cd8-9e7c-6deb2f21aca8@group-A3037D40E172-FollowerState was interrupted: java.lang.InterruptedException: sleep interrupted
2019-10-19 01:14:23,011 [grpc-default-executor-1] INFO  impl.RoleInfo (RoleInfo.java:updateAndGet(143)) - 61d14648-e80d-4cd8-9e7c-6deb2f21aca8: start FollowerState
2019-10-19 01:14:23,011 [61d14648-e80d-4cd8-9e7c-6deb2f21aca8@group-AF1775C7CE43-LeaderElection626] INFO  impl.RaftServerImpl (ServerState.java:setRaftConf(357)) - 61d14648-e80d-4cd8-9e7c-6deb2f21aca8@group-AF1775C7CE43: set configuration 0: [61d14648-e80d-4cd8-9e7c-6deb2f21aca8:192.168.69.71:42247], old=null at 0
2019-10-19 01:14:23,010 [grpc-default-executor-5] INFO  impl.RaftServerImpl (RaftServerImpl.java:setRole(184)) - 796958df-e390-450e-98f3-f34b34ce9ba7@group-81880FD2083A: changes role from  FOLLOWER to FOLLOWER at term 1 for recognizeCandidate:79f23d4f-854e-4bcb-ad60-b9a83903d995
2019-10-19 01:14:23,011 [grpc-default-executor-5] INFO  impl.RoleInfo (RoleInfo.java:shutdownFollowerState(121)) - 796958df-e390-450e-98f3-f34b34ce9ba7: shutdown FollowerState
2019-10-19 01:14:23,011 [grpc-default-executor-9] INFO  impl.RaftServerImpl (RaftServerImpl.java:setRole(184)) - 61d14648-e80d-4cd8-9e7c-6deb2f21aca8@group-A3037D40E172: changes role from  FOLLOWER to FOLLOWER at term 4 for recognizeCandidate:f143d5cf-4038-4fa8-8601-f5a45f16ca3e
2019-10-19 01:14:23,011 [grpc-default-executor-9] INFO  impl.RoleInfo (RoleInfo.java:shutdownFollowerState(121)) - 61d14648-e80d-4cd8-9e7c-6deb2f21aca8: shutdown FollowerState
2019-10-19 01:14:23,011 [Thread-6344] INFO  impl.FollowerState (FollowerState.java:run(117)) - 796958df-e390-450e-98f3-f34b34ce9ba7@group-81880FD2083A-FollowerState was interrupted: java.lang.InterruptedException: sleep interrupted
2019-10-19 01:14:23,011 [grpc-default-executor-5] INFO  impl.RoleInfo (RoleInfo.java:updateAndGet(143)) - 796958df-e390-450e-98f3-f34b34ce9ba7: start FollowerState
2019-10-19 01:14:23,011 [Thread-6369] INFO  impl.FollowerState (FollowerState.java:run(117)) - 61d14648-e80d-4cd8-9e7c-6deb2f21aca8@group-A3037D40E172-FollowerState was interrupted: java.lang.InterruptedException: sleep interrupted
2019-10-19 01:14:23,011 [grpc-default-executor-9] INFO  impl.RoleInfo (RoleInfo.java:updateAndGet(143)) - 61d14648-e80d-4cd8-9e7c-6deb2f21aca8: start FollowerState
2019-10-19 01:14:23,022 [79f23d4f-854e-4bcb-ad60-b9a83903d995@group-81880FD2083A-LeaderElection628] INFO  impl.LeaderElection (LeaderElection.java:logAndReturn(56)) - 79f23d4f-854e-4bcb-ad60-b9a83903d995@group-81880FD2083A-LeaderElection628: Election PASSED; received 1 response(s) [79f23d4f-854e-4bcb-ad60-b9a83903d995<-e5ec12fd-6862-43a4-8f6d-a55a364e5eb4#0:OK-t1] and 0 exception(s); 79f23d4f-854e-4bcb-ad60-b9a83903d995@group-81880FD2083A:t1, leader=null, voted=79f23d4f-854e-4bcb-ad60-b9a83903d995, raftlog=79f23d4f-854e-4bcb-ad60-b9a83903d995@group-81880FD2083A-SegmentedRaftLog:OPENED:c-1,f-1,i0, conf=-1: [79f23d4f-854e-4bcb-ad60-b9a83903d995:192.168.69.71:36052, 796958df-e390-450e-98f3-f34b34ce9ba7:192.168.69.71:38850, e5ec12fd-6862-43a4-8f6d-a55a364e5eb4:192.168.69.71:43961], old=null
2019-10-19 01:14:23,022 [79f23d4f-854e-4bcb-ad60-b9a83903d995@group-81880FD2083A-LeaderElection628] INFO  impl.RoleInfo (RoleInfo.java:shutdownLeaderElection(134)) - 79f23d4f-854e-4bcb-ad60-b9a83903d995: shutdown LeaderElection
2019-10-19 01:14:23,022 [f143d5cf-4038-4fa8-8601-f5a45f16ca3e@group-A3037D40E172-LeaderElection627] INFO  impl.LeaderElection (LeaderElection.java:logAndReturn(56)) - f143d5cf-4038-4fa8-8601-f5a45f16ca3e@group-A3037D40E172-LeaderElection627: Election REJECTED; received 2 response(s) [f143d5cf-4038-4fa8-8601-f5a45f16ca3e<-2543ffea-c5c6-4af0-856f-eb846bad755a#0:FAIL-t4, f143d5cf-4038-4fa8-8601-f5a45f16ca3e<-61d14648-e80d-4cd8-9e7c-6deb2f21aca8#0:FAIL-t4] and 0 exception(s); f143d5cf-4038-4fa8-8601-f5a45f16ca3e@group-A3037D40E172:t4, leader=null, voted=f143d5cf-4038-4fa8-8601-f5a45f16ca3e, raftlog=f143d5cf-4038-4fa8-8601-f5a45f16ca3e@group-A3037D40E172-SegmentedRaftLog:OPENED:c-1,f-1,i0, conf=-1: [f143d5cf-4038-4fa8-8601-f5a45f16ca3e:192.168.69.71:40169, 2543ffea-c5c6-4af0-856f-eb846bad755a:192.168.69.71:45287, 61d14648-e80d-4cd8-9e7c-6deb2f21aca8:192.168.69.71:42247], old=null
2019-10-19 01:14:23,022 [79f23d4f-854e-4bcb-ad60-b9a83903d995@group-81880FD2083A-LeaderElection628] INFO  impl.RaftServerImpl (RaftServerImpl.java:setRole(184)) - 79f23d4f-854e-4bcb-ad60-b9a83903d995@group-81880FD2083A: changes role from CANDIDATE to LEADER at term 1 for changeToLeader
2019-10-19 01:14:23,022 [f143d5cf-4038-4fa8-8601-f5a45f16ca3e@group-A3037D40E172-LeaderElection627] INFO  impl.RaftServerImpl (RaftServerImpl.java:setRole(184)) - f143d5cf-4038-4fa8-8601-f5a45f16ca3e@group-A3037D40E172: changes role from CANDIDATE to FOLLOWER at term 4 for DISCOVERED_A_NEW_TERM
2019-10-19 01:14:23,022 [79f23d4f-854e-4bcb-ad60-b9a83903d995@group-81880FD2083A-LeaderElection628] INFO  impl.RaftServerImpl (ServerState.java:setLeader(256)) - 79f23d4f-854e-4bcb-ad60-b9a83903d995@group-81880FD2083A: change Leader from null to 79f23d4f-854e-4bcb-ad60-b9a83903d995 at term 1 for becomeLeader, leader elected after 132ms
2019-10-19 01:14:23,022 [f143d5cf-4038-4fa8-8601-f5a45f16ca3e@group-A3037D40E172-LeaderElection627] INFO  impl.RoleInfo (RoleInfo.java:shutdownLeaderElection(134)) - f143d5cf-4038-4fa8-8601-f5a45f16ca3e: shutdown LeaderElection
2019-10-19 01:14:23,023 [79f23d4f-854e-4bcb-ad60-b9a83903d995@group-81880FD2083A-LeaderElection628] INFO  server.RaftServerConfigKeys (ConfUtils.java:logGet(43)) - raft.server.staging.catchup.gap = 1000 (default)
2019-10-19 01:14:23,023 [f143d5cf-4038-4fa8-8601-f5a45f16ca3e@group-A3037D40E172-LeaderElection627] INFO  impl.RoleInfo (RoleInfo.java:updateAndGet(143)) - f143d5cf-4038-4fa8-8601-f5a45f16ca3e: start FollowerState
2019-10-19 01:14:23,023 [79f23d4f-854e-4bcb-ad60-b9a83903d995@group-81880FD2083A-LeaderElection628] INFO  server.RaftServerConfigKeys (ConfUtils.java:logGet(43)) - raft.server.rpc.sleep.time = 25ms (default)
2019-10-19 01:14:23,023 [79f23d4f-854e-4bcb-ad60-b9a83903d995@group-81880FD2083A-LeaderElection628] INFO  server.RaftServerConfigKeys (ConfUtils.java:logGet(43)) - raft.server.write.element-limit = 4096 (default)
2019-10-19 01:14:23,023 [79f23d4f-854e-4bcb-ad60-b9a83903d995@group-81880FD2083A-LeaderElection628] INFO  server.RaftServerConfigKeys (ConfUtils.java:logGet(43)) - raft.server.watch.timeout = 10s (default)
2019-10-19 01:14:23,023 [79f23d4f-854e-4bcb-ad60-b9a83903d995@group-81880FD2083A-LeaderElection628] INFO  server.RaftServerConfigKeys (ConfUtils.java:logGet(43)) - raft.server.watch.timeout.denomination = 1s (default)
2019-10-19 01:14:23,023 [79f23d4f-854e-4bcb-ad60-b9a83903d995@group-81880FD2083A-LeaderElection628] INFO  server.RaftServerConfigKeys (ConfUtils.java:logGet(43)) - raft.server.watch.element-limit = 65536 (default)
2019-10-19 01:14:23,024 [79f23d4f-854e-4bcb-ad60-b9a83903d995@group-81880FD2083A-LeaderElection628] INFO  server.RaftServerConfigKeys (ConfUtils.java:logGet(43)) - raft.server.log.appender.snapshot.chunk.size.max = 16MB (=16777216) (default)
2019-10-19 01:14:23,024 [79f23d4f-854e-4bcb-ad60-b9a83903d995@group-81880FD2083A-LeaderElection628] INFO  server.RaftServerConfigKeys (ConfUtils.java:logGet(43)) - raft.server.log.appender.buffer.byte-limit = 33554432 (custom)
2019-10-19 01:14:23,025 [79f23d4f-854e-4bcb-ad60-b9a83903d995@group-81880FD2083A-LeaderElection628] INFO  server.RaftServerConfigKeys (ConfUtils.java:logGet(43)) - raft.server.log.appender.buffer.element-limit = 1 (custom)
2019-10-19 01:14:23,025 [79f23d4f-854e-4bcb-ad60-b9a83903d995@group-81880FD2083A-LeaderElection628] INFO  grpc.GrpcConfigKeys$Server (ConfUtils.java:logGet(43)) - raft.grpc.server.leader.outstanding.appends.max = 128 (default)
2019-10-19 01:14:23,025 [79f23d4f-854e-4bcb-ad60-b9a83903d995@group-81880FD2083A-LeaderElection628] INFO  server.RaftServerConfigKeys (ConfUtils.java:logGet(43)) - raft.server.rpc.request.timeout = 3000ms (default)
2019-10-19 01:14:23,025 [79f23d4f-854e-4bcb-ad60-b9a83903d995@group-81880FD2083A-LeaderElection628] INFO  server.RaftServerConfigKeys (ConfUtils.java:logGet(43)) - raft.server.log.appender.install.snapshot.enabled = false (custom)
2019-10-19 01:14:23,026 [79f23d4f-854e-4bcb-ad60-b9a83903d995@group-81880FD2083A-LeaderElection628] INFO  server.RaftServerConfigKeys (ConfUtils.java:logGet(43)) - raft.server.log.appender.snapshot.chunk.size.max = 16MB (=16777216) (default)
2019-10-19 01:14:23,026 [79f23d4f-854e-4bcb-ad60-b9a83903d995@group-81880FD2083A-LeaderElection628] INFO  server.RaftServerConfigKeys (ConfUtils.java:logGet(43)) - raft.server.log.appender.buffer.byte-limit = 33554432 (custom)
2019-10-19 01:14:23,026 [79f23d4f-854e-4bcb-ad60-b9a83903d995@group-81880FD2083A-LeaderElection628] INFO  server.RaftServerConfigKeys (ConfUtils.java:logGet(43)) - raft.server.log.appender.buffer.element-limit = 1 (custom)
2019-10-19 01:14:23,026 [79f23d4f-854e-4bcb-ad60-b9a83903d995@group-81880FD2083A-LeaderElection628] INFO  grpc.GrpcConfigKeys$Server (ConfUtils.java:logGet(43)) - raft.grpc.server.leader.outstanding.appends.max = 128 (default)
2019-10-19 01:14:23,026 [79f23d4f-854e-4bcb-ad60-b9a83903d995@group-81880FD2083A-LeaderElection628] INFO  server.RaftServerConfigKeys (ConfUtils.java:logGet(43)) - raft.server.rpc.request.timeout = 3000ms (default)
2019-10-19 01:14:23,026 [79f23d4f-854e-4bcb-ad60-b9a83903d995@group-81880FD2083A-LeaderElection628] INFO  server.RaftServerConfigKeys (ConfUtils.java:logGet(43)) - raft.server.log.appender.install.snapshot.enabled = false (custom)
2019-10-19 01:14:23,027 [79f23d4f-854e-4bcb-ad60-b9a83903d995@group-81880FD2083A-LeaderElection628] INFO  impl.RoleInfo (RoleInfo.java:updateAndGet(143)) - 79f23d4f-854e-4bcb-ad60-b9a83903d995: start LeaderState
2019-10-19 01:14:23,027 [79f23d4f-854e-4bcb-ad60-b9a83903d995@group-81880FD2083A-LeaderElection628] INFO  segmented.SegmentedRaftLogWorker (SegmentedRaftLogWorker.java:startLogSegment(385)) - 79f23d4f-854e-4bcb-ad60-b9a83903d995@group-81880FD2083A-SegmentedRaftLogWorker: Starting segment from index:0
2019-10-19 01:14:23,028 [79f23d4f-854e-4bcb-ad60-b9a83903d995@group-81880FD2083A-LeaderElection628] INFO  impl.RaftServerImpl (ServerState.java:setRaftConf(357)) - 79f23d4f-854e-4bcb-ad60-b9a83903d995@group-81880FD2083A: set configuration 0: [79f23d4f-854e-4bcb-ad60-b9a83903d995:192.168.69.71:36052, 796958df-e390-450e-98f3-f34b34ce9ba7:192.168.69.71:38850, e5ec12fd-6862-43a4-8f6d-a55a364e5eb4:192.168.69.71:43961], old=null at 0
2019-10-19 01:14:23,053 [Thread-6328] INFO  impl.FollowerState (FollowerState.java:run(108)) - 9c2d914d-67b1-4af9-8080-4d6ee007b506@group-20FCFA0487C4-FollowerState: change to CANDIDATE, lastRpcTime:187ms, electionTimeout:186ms
2019-10-19 01:14:23,053 [Thread-6328] INFO  impl.RoleInfo (RoleInfo.java:shutdownFollowerState(121)) - 9c2d914d-67b1-4af9-8080-4d6ee007b506: shutdown FollowerState
2019-10-19 01:14:23,053 [Thread-6328] INFO  impl.RaftServerImpl (RaftServerImpl.java:setRole(184)) - 9c2d914d-67b1-4af9-8080-4d6ee007b506@group-20FCFA0487C4: changes role from  FOLLOWER to CANDIDATE at term 5 for changeToCandidate
2019-10-19 01:14:23,053 [Thread-6328] INFO  impl.RoleInfo (RoleInfo.java:updateAndGet(143)) - 9c2d914d-67b1-4af9-8080-4d6ee007b506: start LeaderElection
2019-10-19 01:14:23,057 [grpc-default-executor-10] INFO  impl.RaftServerImpl (ServerState.java:setLeader(256)) - 796958df-e390-450e-98f3-f34b34ce9ba7@group-81880FD2083A: change Leader from null to 79f23d4f-854e-4bcb-ad60-b9a83903d995 at term 1 for appendEntries, leader elected after 167ms
2019-10-19 01:14:23,057 [grpc-default-executor-3] INFO  impl.RaftServerImpl (ServerState.java:setLeader(256)) - e5ec12fd-6862-43a4-8f6d-a55a364e5eb4@group-81880FD2083A: change Leader from null to 79f23d4f-854e-4bcb-ad60-b9a83903d995 at term 1 for appendEntries, leader elected after 164ms
2019-10-19 01:14:23,061 [grpc-default-executor-10] INFO  impl.RaftServerImpl (ServerState.java:setRaftConf(357)) - 796958df-e390-450e-98f3-f34b34ce9ba7@group-81880FD2083A: set configuration 0: [79f23d4f-854e-4bcb-ad60-b9a83903d995:192.168.69.71:36052, 796958df-e390-450e-98f3-f34b34ce9ba7:192.168.69.71:38850, e5ec12fd-6862-43a4-8f6d-a55a364e5eb4:192.168.69.71:43961], old=null at 0
2019-10-19 01:14:23,061 [grpc-default-executor-3] INFO  impl.RaftServerImpl (ServerState.java:setRaftConf(357)) - e5ec12fd-6862-43a4-8f6d-a55a364e5eb4@group-81880FD2083A: set configuration 0: [79f23d4f-854e-4bcb-ad60-b9a83903d995:192.168.69.71:36052, 796958df-e390-450e-98f3-f34b34ce9ba7:192.168.69.71:38850, e5ec12fd-6862-43a4-8f6d-a55a364e5eb4:192.168.69.71:43961], old=null at 0
2019-10-19 01:14:23,061 [grpc-default-executor-10] INFO  segmented.SegmentedRaftLogWorker (SegmentedRaftLogWorker.java:startLogSegment(385)) - 796958df-e390-450e-98f3-f34b34ce9ba7@group-81880FD2083A-SegmentedRaftLogWorker: Starting segment from index:0
2019-10-19 01:14:23,061 [grpc-default-executor-3] INFO  segmented.SegmentedRaftLogWorker (SegmentedRaftLogWorker.java:startLogSegment(385)) - e5ec12fd-6862-43a4-8f6d-a55a364e5eb4@group-81880FD2083A-SegmentedRaftLogWorker: Starting segment from index:0
2019-10-19 01:14:23,066 [61d14648-e80d-4cd8-9e7c-6deb2f21aca8@group-AF1775C7CE43-SegmentedRaftLogWorker] INFO  segmented.SegmentedRaftLogWorker (SegmentedRaftLogWorker.java:execute(576)) - 61d14648-e80d-4cd8-9e7c-6deb2f21aca8@group-AF1775C7CE43-SegmentedRaftLogWorker: created new log segment /workdir/hadoop-ozone/integration-test/target/test-dir/MiniOzoneClusterImpl-2b25e22a-b484-4e93-9811-5f8cd4460e46/datanode-9/data/ratis/abeb4641-7e7e-41f5-b783-af1775c7ce43/current/log_inprogress_0
2019-10-19 01:14:23,066 [9c2d914d-67b1-4af9-8080-4d6ee007b506@group-20FCFA0487C4-LeaderElection629] INFO  impl.LeaderElection (LeaderElection.java:askForVotes(178)) - 9c2d914d-67b1-4af9-8080-4d6ee007b506@group-20FCFA0487C4-LeaderElection629: begin an election at term 6 for -1: [88be3607-7667-471c-9070-7dfd13eb5ac8:192.168.69.71:32925, 9c2d914d-67b1-4af9-8080-4d6ee007b506:192.168.69.71:35462, 61d0b7dc-5f8b-422f-8693-c58167224d24:192.168.69.71:43479], old=null
2019-10-19 01:14:23,066 [79f23d4f-854e-4bcb-ad60-b9a83903d995@group-81880FD2083A-SegmentedRaftLogWorker] INFO  segmented.SegmentedRaftLogWorker (SegmentedRaftLogWorker.java:execute(576)) - 79f23d4f-854e-4bcb-ad60-b9a83903d995@group-81880FD2083A-SegmentedRaftLogWorker: created new log segment /workdir/hadoop-ozone/integration-test/target/test-dir/MiniOzoneClusterImpl-2b25e22a-b484-4e93-9811-5f8cd4460e46/datanode-4/data/ratis/41c032a8-670d-4d43-8a01-81880fd2083a/current/log_inprogress_0
2019-10-19 01:14:23,068 [grpc-default-executor-10] INFO  impl.RaftServerImpl (RaftServerImpl.java:setRole(184)) - 88be3607-7667-471c-9070-7dfd13eb5ac8@group-20FCFA0487C4: changes role from  FOLLOWER to FOLLOWER at term 6 for recognizeCandidate:9c2d914d-67b1-4af9-8080-4d6ee007b506
2019-10-19 01:14:23,068 [grpc-default-executor-10] INFO  impl.RoleInfo (RoleInfo.java:shutdownFollowerState(121)) - 88be3607-7667-471c-9070-7dfd13eb5ac8: shutdown FollowerState
2019-10-19 01:14:23,068 [grpc-default-executor-3] INFO  impl.RaftServerImpl (RaftServerImpl.java:setRole(184)) - 61d0b7dc-5f8b-422f-8693-c58167224d24@group-20FCFA0487C4: changes role from  FOLLOWER to FOLLOWER at term 6 for recognizeCandidate:9c2d914d-67b1-4af9-8080-4d6ee007b506
2019-10-19 01:14:23,068 [Thread-6316] INFO  impl.FollowerState (FollowerState.java:run(117)) - 88be3607-7667-471c-9070-7dfd13eb5ac8@group-20FCFA0487C4-FollowerState was interrupted: java.lang.InterruptedException: sleep interrupted
2019-10-19 01:14:23,068 [grpc-default-executor-10] INFO  impl.RoleInfo (RoleInfo.java:updateAndGet(143)) - 88be3607-7667-471c-9070-7dfd13eb5ac8: start FollowerState
2019-10-19 01:14:23,068 [grpc-default-executor-3] INFO  impl.RoleInfo (RoleInfo.java:shutdownFollowerState(121)) - 61d0b7dc-5f8b-422f-8693-c58167224d24: shutdown FollowerState
2019-10-19 01:14:23,068 [grpc-default-executor-3] INFO  impl.RoleInfo (RoleInfo.java:updateAndGet(143)) - 61d0b7dc-5f8b-422f-8693-c58167224d24: start FollowerState
2019-10-19 01:14:23,068 [Thread-6315] INFO  impl.FollowerState (FollowerState.java:run(117)) - 61d0b7dc-5f8b-422f-8693-c58167224d24@group-20FCFA0487C4-FollowerState was interrupted: java.lang.InterruptedException: sleep interrupted
2019-10-19 01:14:23,078 [9c2d914d-67b1-4af9-8080-4d6ee007b506@group-20FCFA0487C4-LeaderElection629] INFO  impl.LeaderElection (LeaderElection.java:logAndReturn(56)) - 9c2d914d-67b1-4af9-8080-4d6ee007b506@group-20FCFA0487C4-LeaderElection629: Election REJECTED; received 2 response(s) [9c2d914d-67b1-4af9-8080-4d6ee007b506<-88be3607-7667-471c-9070-7dfd13eb5ac8#0:FAIL-t6, 9c2d914d-67b1-4af9-8080-4d6ee007b506<-61d0b7dc-5f8b-422f-8693-c58167224d24#0:FAIL-t6] and 0 exception(s); 9c2d914d-67b1-4af9-8080-4d6ee007b506@group-20FCFA0487C4:t6, leader=null, voted=9c2d914d-67b1-4af9-8080-4d6ee007b506, raftlog=9c2d914d-67b1-4af9-8080-4d6ee007b506@group-20FCFA0487C4-SegmentedRaftLog:OPENED:c-1,f-1,i0, conf=-1: [88be3607-7667-471c-9070-7dfd13eb5ac8:192.168.69.71:32925, 9c2d914d-67b1-4af9-8080-4d6ee007b506:192.168.69.71:35462, 61d0b7dc-5f8b-422f-8693-c58167224d24:192.168.69.71:43479], old=null
2019-10-19 01:14:23,078 [9c2d914d-67b1-4af9-8080-4d6ee007b506@group-20FCFA0487C4-LeaderElection629] INFO  impl.RaftServerImpl (RaftServerImpl.java:setRole(184)) - 9c2d914d-67b1-4af9-8080-4d6ee007b506@group-20FCFA0487C4: changes role from CANDIDATE to FOLLOWER at term 6 for DISCOVERED_A_NEW_TERM
2019-10-19 01:14:23,078 [9c2d914d-67b1-4af9-8080-4d6ee007b506@group-20FCFA0487C4-LeaderElection629] INFO  impl.RoleInfo (RoleInfo.java:shutdownLeaderElection(134)) - 9c2d914d-67b1-4af9-8080-4d6ee007b506: shutdown LeaderElection
2019-10-19 01:14:23,078 [9c2d914d-67b1-4af9-8080-4d6ee007b506@group-20FCFA0487C4-LeaderElection629] INFO  impl.RoleInfo (RoleInfo.java:updateAndGet(143)) - 9c2d914d-67b1-4af9-8080-4d6ee007b506: start FollowerState
2019-10-19 01:14:23,099 [e5ec12fd-6862-43a4-8f6d-a55a364e5eb4@group-81880FD2083A-SegmentedRaftLogWorker] INFO  segmented.SegmentedRaftLogWorker (SegmentedRaftLogWorker.java:execute(576)) - e5ec12fd-6862-43a4-8f6d-a55a364e5eb4@group-81880FD2083A-SegmentedRaftLogWorker: created new log segment /workdir/hadoop-ozone/integration-test/target/test-dir/MiniOzoneClusterImpl-2b25e22a-b484-4e93-9811-5f8cd4460e46/datanode-6/data/ratis/41c032a8-670d-4d43-8a01-81880fd2083a/current/log_inprogress_0
2019-10-19 01:14:23,099 [796958df-e390-450e-98f3-f34b34ce9ba7@group-81880FD2083A-SegmentedRaftLogWorker] INFO  segmented.SegmentedRaftLogWorker (SegmentedRaftLogWorker.java:execute(576)) - 796958df-e390-450e-98f3-f34b34ce9ba7@group-81880FD2083A-SegmentedRaftLogWorker: created new log segment /workdir/hadoop-ozone/integration-test/target/test-dir/MiniOzoneClusterImpl-2b25e22a-b484-4e93-9811-5f8cd4460e46/datanode-8/data/ratis/41c032a8-670d-4d43-8a01-81880fd2083a/current/log_inprogress_0
2019-10-19 01:14:23,101 [Thread-6372] INFO  impl.FollowerState (FollowerState.java:run(108)) - f143d5cf-4038-4fa8-8601-f5a45f16ca3e@group-A3037D40E172-FollowerState: change to CANDIDATE, lastRpcTime:78ms, electionTimeout:78ms
2019-10-19 01:14:23,101 [Thread-6372] INFO  impl.RoleInfo (RoleInfo.java:shutdownFollowerState(121)) - f143d5cf-4038-4fa8-8601-f5a45f16ca3e: shutdown FollowerState
2019-10-19 01:14:23,101 [Thread-6372] INFO  impl.RaftServerImpl (RaftServerImpl.java:setRole(184)) - f143d5cf-4038-4fa8-8601-f5a45f16ca3e@group-A3037D40E172: changes role from  FOLLOWER to CANDIDATE at term 4 for changeToCandidate
2019-10-19 01:14:23,101 [Thread-6372] INFO  impl.RoleInfo (RoleInfo.java:updateAndGet(143)) - f143d5cf-4038-4fa8-8601-f5a45f16ca3e: start LeaderElection
2019-10-19 01:14:23,115 [f143d5cf-4038-4fa8-8601-f5a45f16ca3e@group-A3037D40E172-LeaderElection630] INFO  impl.LeaderElection (LeaderElection.java:askForVotes(178)) - f143d5cf-4038-4fa8-8601-f5a45f16ca3e@group-A3037D40E172-LeaderElection630: begin an election at term 5 for -1: [f143d5cf-4038-4fa8-8601-f5a45f16ca3e:192.168.69.71:40169, 2543ffea-c5c6-4af0-856f-eb846bad755a:192.168.69.71:45287, 61d14648-e80d-4cd8-9e7c-6deb2f21aca8:192.168.69.71:42247], old=null
2019-10-19 01:14:23,116 [grpc-default-executor-10] INFO  impl.RaftServerImpl (RaftServerImpl.java:setRole(184)) - 61d14648-e80d-4cd8-9e7c-6deb2f21aca8@group-A3037D40E172: changes role from  FOLLOWER to FOLLOWER at term 5 for recognizeCandidate:f143d5cf-4038-4fa8-8601-f5a45f16ca3e
2019-10-19 01:14:23,116 [grpc-default-executor-3] INFO  impl.RaftServerImpl (RaftServerImpl.java:setRole(184)) - 2543ffea-c5c6-4af0-856f-eb846bad755a@group-A3037D40E172: changes role from  FOLLOWER to FOLLOWER at term 5 for recognizeCandidate:f143d5cf-4038-4fa8-8601-f5a45f16ca3e
2019-10-19 01:14:23,116 [grpc-default-executor-3] INFO  impl.RoleInfo (RoleInfo.java:shutdownFollowerState(121)) - 2543ffea-c5c6-4af0-856f-eb846bad755a: shutdown FollowerState
2019-10-19 01:14:23,116 [grpc-default-executor-10] INFO  impl.RoleInfo (RoleInfo.java:shutdownFollowerState(121)) - 61d14648-e80d-4cd8-9e7c-6deb2f21aca8: shutdown FollowerState
2019-10-19 01:14:23,116 [Thread-6367] INFO  impl.FollowerState (FollowerState.java:run(117)) - 2543ffea-c5c6-4af0-856f-eb846bad755a@group-A3037D40E172-FollowerState was interrupted: java.lang.InterruptedException: sleep interrupted
2019-10-19 01:14:23,116 [Thread-6371] INFO  impl.FollowerState (FollowerState.java:run(117)) - 61d14648-e80d-4cd8-9e7c-6deb2f21aca8@group-A3037D40E172-FollowerState was interrupted: java.lang.InterruptedException: sleep interrupted
2019-10-19 01:14:23,116 [grpc-default-executor-3] INFO  impl.RoleInfo (RoleInfo.java:updateAndGet(143)) - 2543ffea-c5c6-4af0-856f-eb846bad755a: start FollowerState
2019-10-19 01:14:23,116 [grpc-default-executor-10] INFO  impl.RoleInfo (RoleInfo.java:updateAndGet(143)) - 61d14648-e80d-4cd8-9e7c-6deb2f21aca8: start FollowerState
2019-10-19 01:14:23,123 [Thread-6385] INFO  impl.FollowerState (FollowerState.java:run(108)) - 9c2d914d-67b1-4af9-8080-4d6ee007b506@group-20FCFA0487C4-FollowerState: change to CANDIDATE, lastRpcTime:45ms, electionTimeout:45ms
2019-10-19 01:14:23,124 [Thread-6385] INFO  impl.RoleInfo (RoleInfo.java:shutdownFollowerState(121)) - 9c2d914d-67b1-4af9-8080-4d6ee007b506: shutdown FollowerState
2019-10-19 01:14:23,124 [Thread-6385] INFO  impl.RaftServerImpl (RaftServerImpl.java:setRole(184)) - 9c2d914d-67b1-4af9-8080-4d6ee007b506@group-20FCFA0487C4: changes role from  FOLLOWER to CANDIDATE at term 6 for changeToCandidate
2019-10-19 01:14:23,124 [Thread-6385] INFO  impl.RoleInfo (RoleInfo.java:updateAndGet(143)) - 9c2d914d-67b1-4af9-8080-4d6ee007b506: start LeaderElection
2019-10-19 01:14:23,131 [9c2d914d-67b1-4af9-8080-4d6ee007b506@group-20FCFA0487C4-LeaderElection631] INFO  impl.LeaderElection (LeaderElection.java:askForVotes(178)) - 9c2d914d-67b1-4af9-8080-4d6ee007b506@group-20FCFA0487C4-LeaderElection631: begin an election at term 7 for -1: [88be3607-7667-471c-9070-7dfd13eb5ac8:192.168.69.71:32925, 9c2d914d-67b1-4af9-8080-4d6ee007b506:192.168.69.71:35462, 61d0b7dc-5f8b-422f-8693-c58167224d24:192.168.69.71:43479], old=null
2019-10-19 01:14:23,131 [f143d5cf-4038-4fa8-8601-f5a45f16ca3e@group-A3037D40E172-LeaderElection630] INFO  impl.LeaderElection (LeaderElection.java:logAndReturn(56)) - f143d5cf-4038-4fa8-8601-f5a45f16ca3e@group-A3037D40E172-LeaderElection630: Election REJECTED; received 2 response(s) [f143d5cf-4038-4fa8-8601-f5a45f16ca3e<-2543ffea-c5c6-4af0-856f-eb846bad755a#0:FAIL-t5, f143d5cf-4038-4fa8-8601-f5a45f16ca3e<-61d14648-e80d-4cd8-9e7c-6deb2f21aca8#0:FAIL-t5] and 0 exception(s); f143d5cf-4038-4fa8-8601-f5a45f16ca3e@group-A3037D40E172:t5, leader=null, voted=f143d5cf-4038-4fa8-8601-f5a45f16ca3e, raftlog=f143d5cf-4038-4fa8-8601-f5a45f16ca3e@group-A3037D40E172-SegmentedRaftLog:OPENED:c-1,f-1,i0, conf=-1: [f143d5cf-4038-4fa8-8601-f5a45f16ca3e:192.168.69.71:40169, 2543ffea-c5c6-4af0-856f-eb846bad755a:192.168.69.71:45287, 61d14648-e80d-4cd8-9e7c-6deb2f21aca8:192.168.69.71:42247], old=null
2019-10-19 01:14:23,131 [f143d5cf-4038-4fa8-8601-f5a45f16ca3e@group-A3037D40E172-LeaderElection630] INFO  impl.RaftServerImpl (RaftServerImpl.java:setRole(184)) - f143d5cf-4038-4fa8-8601-f5a45f16ca3e@group-A3037D40E172: changes role from CANDIDATE to FOLLOWER at term 5 for DISCOVERED_A_NEW_TERM
2019-10-19 01:14:23,131 [f143d5cf-4038-4fa8-8601-f5a45f16ca3e@group-A3037D40E172-LeaderElection630] INFO  impl.RoleInfo (RoleInfo.java:shutdownLeaderElection(134)) - f143d5cf-4038-4fa8-8601-f5a45f16ca3e: shutdown LeaderElection
2019-10-19 01:14:23,132 [grpc-default-executor-10] INFO  impl.RaftServerImpl (RaftServerImpl.java:setRole(184)) - 61d0b7dc-5f8b-422f-8693-c58167224d24@group-20FCFA0487C4: changes role from  FOLLOWER to FOLLOWER at term 7 for recognizeCandidate:9c2d914d-67b1-4af9-8080-4d6ee007b506
2019-10-19 01:14:23,132 [grpc-default-executor-3] INFO  impl.RaftServerImpl (RaftServerImpl.java:setRole(184)) - 88be3607-7667-471c-9070-7dfd13eb5ac8@group-20FCFA0487C4: changes role from  FOLLOWER to FOLLOWER at term 7 for recognizeCandidate:9c2d914d-67b1-4af9-8080-4d6ee007b506
2019-10-19 01:14:23,132 [grpc-default-executor-3] INFO  impl.RoleInfo (RoleInfo.java:shutdownFollowerState(121)) - 88be3607-7667-471c-9070-7dfd13eb5ac8: shutdown FollowerState
2019-10-19 01:14:23,132 [grpc-default-executor-10] INFO  impl.RoleInfo (RoleInfo.java:shutdownFollowerState(121)) - 61d0b7dc-5f8b-422f-8693-c58167224d24: shutdown FollowerState
2019-10-19 01:14:23,132 [f143d5cf-4038-4fa8-8601-f5a45f16ca3e@group-A3037D40E172-LeaderElection630] INFO  impl.RoleInfo (RoleInfo.java:updateAndGet(143)) - f143d5cf-4038-4fa8-8601-f5a45f16ca3e: start FollowerState
2019-10-19 01:14:23,132 [grpc-default-executor-10] INFO  impl.RoleInfo (RoleInfo.java:updateAndGet(143)) - 61d0b7dc-5f8b-422f-8693-c58167224d24: start FollowerState
2019-10-19 01:14:23,132 [Thread-6384] INFO  impl.FollowerState (FollowerState.java:run(117)) - 61d0b7dc-5f8b-422f-8693-c58167224d24@group-20FCFA0487C4-FollowerState was interrupted: java.lang.InterruptedException: sleep interrupted
2019-10-19 01:14:23,132 [Thread-6383] INFO  impl.FollowerState (FollowerState.java:run(117)) - 88be3607-7667-471c-9070-7dfd13eb5ac8@group-20FCFA0487C4-FollowerState was interrupted: java.lang.InterruptedException: sleep interrupted
2019-10-19 01:14:23,132 [grpc-default-executor-3] INFO  impl.RoleInfo (RoleInfo.java:updateAndGet(143)) - 88be3607-7667-471c-9070-7dfd13eb5ac8: start FollowerState
2019-10-19 01:14:23,146 [Thread-6396] INFO  impl.FollowerState (FollowerState.java:run(108)) - f143d5cf-4038-4fa8-8601-f5a45f16ca3e@group-A3037D40E172-FollowerState: change to CANDIDATE, lastRpcTime:14ms, electionTimeout:14ms
2019-10-19 01:14:23,146 [Thread-6396] INFO  impl.RoleInfo (RoleInfo.java:shutdownFollowerState(121)) - f143d5cf-4038-4fa8-8601-f5a45f16ca3e: shutdown FollowerState
2019-10-19 01:14:23,146 [Thread-6396] INFO  impl.RaftServerImpl (RaftServerImpl.java:setRole(184)) - f143d5cf-4038-4fa8-8601-f5a45f16ca3e@group-A3037D40E172: changes role from  FOLLOWER to CANDIDATE at term 5 for changeToCandidate
2019-10-19 01:14:23,146 [Thread-6396] INFO  impl.RoleInfo (RoleInfo.java:updateAndGet(143)) - f143d5cf-4038-4fa8-8601-f5a45f16ca3e: start LeaderElection
2019-10-19 01:14:23,149 [9c2d914d-67b1-4af9-8080-4d6ee007b506@group-20FCFA0487C4-LeaderElection631] INFO  impl.LeaderElection (LeaderElection.java:logAndReturn(56)) - 9c2d914d-67b1-4af9-8080-4d6ee007b506@group-20FCFA0487C4-LeaderElection631: Election REJECTED; received 2 response(s) [9c2d914d-67b1-4af9-8080-4d6ee007b506<-88be3607-7667-471c-9070-7dfd13eb5ac8#0:FAIL-t7, 9c2d914d-67b1-4af9-8080-4d6ee007b506<-61d0b7dc-5f8b-422f-8693-c58167224d24#0:FAIL-t7] and 0 exception(s); 9c2d914d-67b1-4af9-8080-4d6ee007b506@group-20FCFA0487C4:t7, leader=null, voted=9c2d914d-67b1-4af9-8080-4d6ee007b506, raftlog=9c2d914d-67b1-4af9-8080-4d6ee007b506@group-20FCFA0487C4-SegmentedRaftLog:OPENED:c-1,f-1,i0, conf=-1: [88be3607-7667-471c-9070-7dfd13eb5ac8:192.168.69.71:32925, 9c2d914d-67b1-4af9-8080-4d6ee007b506:192.168.69.71:35462, 61d0b7dc-5f8b-422f-8693-c58167224d24:192.168.69.71:43479], old=null
2019-10-19 01:14:23,149 [9c2d914d-67b1-4af9-8080-4d6ee007b506@group-20FCFA0487C4-LeaderElection631] INFO  impl.RaftServerImpl (RaftServerImpl.java:setRole(184)) - 9c2d914d-67b1-4af9-8080-4d6ee007b506@group-20FCFA0487C4: changes role from CANDIDATE to FOLLOWER at term 7 for DISCOVERED_A_NEW_TERM
2019-10-19 01:14:23,149 [9c2d914d-67b1-4af9-8080-4d6ee007b506@group-20FCFA0487C4-LeaderElection631] INFO  impl.RoleInfo (RoleInfo.java:shutdownLeaderElection(134)) - 9c2d914d-67b1-4af9-8080-4d6ee007b506: shutdown LeaderElection
2019-10-19 01:14:23,149 [9c2d914d-67b1-4af9-8080-4d6ee007b506@group-20FCFA0487C4-LeaderElection631] INFO  impl.RoleInfo (RoleInfo.java:updateAndGet(143)) - 9c2d914d-67b1-4af9-8080-4d6ee007b506: start FollowerState
2019-10-19 01:14:23,150 [f143d5cf-4038-4fa8-8601-f5a45f16ca3e@group-A3037D40E172-LeaderElection632] INFO  impl.LeaderElection (LeaderElection.java:askForVotes(178)) - f143d5cf-4038-4fa8-8601-f5a45f16ca3e@group-A3037D40E172-LeaderElection632: begin an election at term 6 for -1: [f143d5cf-4038-4fa8-8601-f5a45f16ca3e:192.168.69.71:40169, 2543ffea-c5c6-4af0-856f-eb846bad755a:192.168.69.71:45287, 61d14648-e80d-4cd8-9e7c-6deb2f21aca8:192.168.69.71:42247], old=null
2019-10-19 01:14:23,151 [grpc-default-executor-3] INFO  impl.RaftServerImpl (RaftServerImpl.java:setRole(184)) - 2543ffea-c5c6-4af0-856f-eb846bad755a@group-A3037D40E172: changes role from  FOLLOWER to FOLLOWER at term 6 for recognizeCandidate:f143d5cf-4038-4fa8-8601-f5a45f16ca3e
2019-10-19 01:14:23,151 [grpc-default-executor-3] INFO  impl.RoleInfo (RoleInfo.java:shutdownFollowerState(121)) - 2543ffea-c5c6-4af0-856f-eb846bad755a: shutdown FollowerState
2019-10-19 01:14:23,151 [grpc-default-executor-10] INFO  impl.RaftServerImpl (RaftServerImpl.java:setRole(184)) - 61d14648-e80d-4cd8-9e7c-6deb2f21aca8@group-A3037D40E172: changes role from  FOLLOWER to FOLLOWER at term 6 for recognizeCandidate:f143d5cf-4038-4fa8-8601-f5a45f16ca3e
2019-10-19 01:14:23,152 [grpc-default-executor-10] INFO  impl.RoleInfo (RoleInfo.java:shutdownFollowerState(121)) - 61d14648-e80d-4cd8-9e7c-6deb2f21aca8: shutdown FollowerState
2019-10-19 01:14:23,151 [Thread-6391] INFO  impl.FollowerState (FollowerState.java:run(117)) - 2543ffea-c5c6-4af0-856f-eb846bad755a@group-A3037D40E172-FollowerState was interrupted: java.lang.InterruptedException: sleep interrupted
2019-10-19 01:14:23,151 [grpc-default-executor-3] INFO  impl.RoleInfo (RoleInfo.java:updateAndGet(143)) - 2543ffea-c5c6-4af0-856f-eb846bad755a: start FollowerState
2019-10-19 01:14:23,152 [Thread-6392] INFO  impl.FollowerState (FollowerState.java:run(117)) - 61d14648-e80d-4cd8-9e7c-6deb2f21aca8@group-A3037D40E172-FollowerState was interrupted: java.lang.InterruptedException: sleep interrupted
2019-10-19 01:14:23,152 [grpc-default-executor-10] INFO  impl.RoleInfo (RoleInfo.java:updateAndGet(143)) - 61d14648-e80d-4cd8-9e7c-6deb2f21aca8: start FollowerState
2019-10-19 01:14:23,167 [f143d5cf-4038-4fa8-8601-f5a45f16ca3e@group-A3037D40E172-LeaderElection632] INFO  impl.LeaderElection (LeaderElection.java:logAndReturn(56)) - f143d5cf-4038-4fa8-8601-f5a45f16ca3e@group-A3037D40E172-LeaderElection632: Election REJECTED; received 2 response(s) [f143d5cf-4038-4fa8-8601-f5a45f16ca3e<-2543ffea-c5c6-4af0-856f-eb846bad755a#0:FAIL-t6, f143d5cf-4038-4fa8-8601-f5a45f16ca3e<-61d14648-e80d-4cd8-9e7c-6deb2f21aca8#0:FAIL-t6] and 0 exception(s); f143d5cf-4038-4fa8-8601-f5a45f16ca3e@group-A3037D40E172:t6, leader=null, voted=f143d5cf-4038-4fa8-8601-f5a45f16ca3e, raftlog=f143d5cf-4038-4fa8-8601-f5a45f16ca3e@group-A3037D40E172-SegmentedRaftLog:OPENED:c-1,f-1,i0, conf=-1: [f143d5cf-4038-4fa8-8601-f5a45f16ca3e:192.168.69.71:40169, 2543ffea-c5c6-4af0-856f-eb846bad755a:192.168.69.71:45287, 61d14648-e80d-4cd8-9e7c-6deb2f21aca8:192.168.69.71:42247], old=null
2019-10-19 01:14:23,167 [f143d5cf-4038-4fa8-8601-f5a45f16ca3e@group-A3037D40E172-LeaderElection632] INFO  impl.RaftServerImpl (RaftServerImpl.java:setRole(184)) - f143d5cf-4038-4fa8-8601-f5a45f16ca3e@group-A3037D40E172: changes role from CANDIDATE to FOLLOWER at term 6 for DISCOVERED_A_NEW_TERM
2019-10-19 01:14:23,167 [f143d5cf-4038-4fa8-8601-f5a45f16ca3e@group-A3037D40E172-LeaderElection632] INFO  impl.RoleInfo (RoleInfo.java:shutdownLeaderElection(134)) - f143d5cf-4038-4fa8-8601-f5a45f16ca3e: shutdown LeaderElection
2019-10-19 01:14:23,167 [f143d5cf-4038-4fa8-8601-f5a45f16ca3e@group-A3037D40E172-LeaderElection632] INFO  impl.RoleInfo (RoleInfo.java:updateAndGet(143)) - f143d5cf-4038-4fa8-8601-f5a45f16ca3e: start FollowerState
2019-10-19 01:14:23,191 [Thread-6400] INFO  impl.FollowerState (FollowerState.java:run(108)) - 9c2d914d-67b1-4af9-8080-4d6ee007b506@group-20FCFA0487C4-FollowerState: change to CANDIDATE, lastRpcTime:42ms, electionTimeout:42ms
2019-10-19 01:14:23,191 [Thread-6400] INFO  impl.RoleInfo (RoleInfo.java:shutdownFollowerState(121)) - 9c2d914d-67b1-4af9-8080-4d6ee007b506: shutdown FollowerState
2019-10-19 01:14:23,191 [Thread-6400] INFO  impl.RaftServerImpl (RaftServerImpl.java:setRole(184)) - 9c2d914d-67b1-4af9-8080-4d6ee007b506@group-20FCFA0487C4: changes role from  FOLLOWER to CANDIDATE at term 7 for changeToCandidate
2019-10-19 01:14:23,191 [Thread-6400] INFO  impl.RoleInfo (RoleInfo.java:updateAndGet(143)) - 9c2d914d-67b1-4af9-8080-4d6ee007b506: start LeaderElection
2019-10-19 01:14:23,204 [9c2d914d-67b1-4af9-8080-4d6ee007b506@group-20FCFA0487C4-LeaderElection633] INFO  impl.LeaderElection (LeaderElection.java:askForVotes(178)) - 9c2d914d-67b1-4af9-8080-4d6ee007b506@group-20FCFA0487C4-LeaderElection633: begin an election at term 8 for -1: [88be3607-7667-471c-9070-7dfd13eb5ac8:192.168.69.71:32925, 9c2d914d-67b1-4af9-8080-4d6ee007b506:192.168.69.71:35462, 61d0b7dc-5f8b-422f-8693-c58167224d24:192.168.69.71:43479], old=null
2019-10-19 01:14:23,205 [grpc-default-executor-10] INFO  impl.RaftServerImpl (RaftServerImpl.java:setRole(184)) - 88be3607-7667-471c-9070-7dfd13eb5ac8@group-20FCFA0487C4: changes role from  FOLLOWER to FOLLOWER at term 8 for recognizeCandidate:9c2d914d-67b1-4af9-8080-4d6ee007b506
2019-10-19 01:14:23,205 [grpc-default-executor-10] INFO  impl.RoleInfo (RoleInfo.java:shutdownFollowerState(121)) - 88be3607-7667-471c-9070-7dfd13eb5ac8: shutdown FollowerState
2019-10-19 01:14:23,205 [grpc-default-executor-10] INFO  impl.RoleInfo (RoleInfo.java:updateAndGet(143)) - 88be3607-7667-471c-9070-7dfd13eb5ac8: start FollowerState
2019-10-19 01:14:23,205 [Thread-6397] INFO  impl.FollowerState (FollowerState.java:run(117)) - 88be3607-7667-471c-9070-7dfd13eb5ac8@group-20FCFA0487C4-FollowerState was interrupted: java.lang.InterruptedException: sleep interrupted
2019-10-19 01:14:23,205 [grpc-default-executor-3] INFO  impl.RaftServerImpl (RaftServerImpl.java:setRole(184)) - 61d0b7dc-5f8b-422f-8693-c58167224d24@group-20FCFA0487C4: changes role from  FOLLOWER to FOLLOWER at term 8 for recognizeCandidate:9c2d914d-67b1-4af9-8080-4d6ee007b506
2019-10-19 01:14:23,206 [grpc-default-executor-3] INFO  impl.RoleInfo (RoleInfo.java:shutdownFollowerState(121)) - 61d0b7dc-5f8b-422f-8693-c58167224d24: shutdown FollowerState
2019-10-19 01:14:23,206 [grpc-default-executor-3] INFO  impl.RoleInfo (RoleInfo.java:updateAndGet(143)) - 61d0b7dc-5f8b-422f-8693-c58167224d24: start FollowerState
2019-10-19 01:14:23,206 [Thread-6398] INFO  impl.FollowerState (FollowerState.java:run(117)) - 61d0b7dc-5f8b-422f-8693-c58167224d24@group-20FCFA0487C4-FollowerState was interrupted: java.lang.InterruptedException: sleep interrupted
2019-10-19 01:14:23,219 [9c2d914d-67b1-4af9-8080-4d6ee007b506@group-20FCFA0487C4-LeaderElection633] INFO  impl.LeaderElection (LeaderElection.java:logAndReturn(56)) - 9c2d914d-67b1-4af9-8080-4d6ee007b506@group-20FCFA0487C4-LeaderElection633: Election REJECTED; received 2 response(s) [9c2d914d-67b1-4af9-8080-4d6ee007b506<-88be3607-7667-471c-9070-7dfd13eb5ac8#0:FAIL-t8, 9c2d914d-67b1-4af9-8080-4d6ee007b506<-61d0b7dc-5f8b-422f-8693-c58167224d24#0:FAIL-t8] and 0 exception(s); 9c2d914d-67b1-4af9-8080-4d6ee007b506@group-20FCFA0487C4:t8, leader=null, voted=9c2d914d-67b1-4af9-8080-4d6ee007b506, raftlog=9c2d914d-67b1-4af9-8080-4d6ee007b506@group-20FCFA0487C4-SegmentedRaftLog:OPENED:c-1,f-1,i0, conf=-1: [88be3607-7667-471c-9070-7dfd13eb5ac8:192.168.69.71:32925, 9c2d914d-67b1-4af9-8080-4d6ee007b506:192.168.69.71:35462, 61d0b7dc-5f8b-422f-8693-c58167224d24:192.168.69.71:43479], old=null
2019-10-19 01:14:23,220 [9c2d914d-67b1-4af9-8080-4d6ee007b506@group-20FCFA0487C4-LeaderElection633] INFO  impl.RaftServerImpl (RaftServerImpl.java:setRole(184)) - 9c2d914d-67b1-4af9-8080-4d6ee007b506@group-20FCFA0487C4: changes role from CANDIDATE to FOLLOWER at term 8 for DISCOVERED_A_NEW_TERM
2019-10-19 01:14:23,220 [9c2d914d-67b1-4af9-8080-4d6ee007b506@group-20FCFA0487C4-LeaderElection633] INFO  impl.RoleInfo (RoleInfo.java:shutdownLeaderElection(134)) - 9c2d914d-67b1-4af9-8080-4d6ee007b506: shutdown LeaderElection
2019-10-19 01:14:23,220 [9c2d914d-67b1-4af9-8080-4d6ee007b506@group-20FCFA0487C4-LeaderElection633] INFO  impl.RoleInfo (RoleInfo.java:updateAndGet(143)) - 9c2d914d-67b1-4af9-8080-4d6ee007b506: start FollowerState
2019-10-19 01:14:23,317 [Thread-6405] INFO  impl.FollowerState (FollowerState.java:run(108)) - f143d5cf-4038-4fa8-8601-f5a45f16ca3e@group-A3037D40E172-FollowerState: change to CANDIDATE, lastRpcTime:149ms, electionTimeout:149ms
2019-10-19 01:14:23,317 [Thread-6405] INFO  impl.RoleInfo (RoleInfo.java:shutdownFollowerState(121)) - f143d5cf-4038-4fa8-8601-f5a45f16ca3e: shutdown FollowerState
2019-10-19 01:14:23,317 [Thread-6405] INFO  impl.RaftServerImpl (RaftServerImpl.java:setRole(184)) - f143d5cf-4038-4fa8-8601-f5a45f16ca3e@group-A3037D40E172: changes role from  FOLLOWER to CANDIDATE at term 6 for changeToCandidate
2019-10-19 01:14:23,317 [Thread-6405] INFO  impl.RoleInfo (RoleInfo.java:updateAndGet(143)) - f143d5cf-4038-4fa8-8601-f5a45f16ca3e: start LeaderElection
2019-10-19 01:14:23,330 [f143d5cf-4038-4fa8-8601-f5a45f16ca3e@group-A3037D40E172-LeaderElection634] INFO  impl.LeaderElection (LeaderElection.java:askForVotes(178)) - f143d5cf-4038-4fa8-8601-f5a45f16ca3e@group-A3037D40E172-LeaderElection634: begin an election at term 7 for -1: [f143d5cf-4038-4fa8-8601-f5a45f16ca3e:192.168.69.71:40169, 2543ffea-c5c6-4af0-856f-eb846bad755a:192.168.69.71:45287, 61d14648-e80d-4cd8-9e7c-6deb2f21aca8:192.168.69.71:42247], old=null
2019-10-19 01:14:23,332 [grpc-default-executor-10] INFO  impl.RaftServerImpl (RaftServerImpl.java:setRole(184)) - 61d14648-e80d-4cd8-9e7c-6deb2f21aca8@group-A3037D40E172: changes role from  FOLLOWER to FOLLOWER at term 7 for recognizeCandidate:f143d5cf-4038-4fa8-8601-f5a45f16ca3e
2019-10-19 01:14:23,332 [grpc-default-executor-10] INFO  impl.RoleInfo (RoleInfo.java:shutdownFollowerState(121)) - 61d14648-e80d-4cd8-9e7c-6deb2f21aca8: shutdown FollowerState
2019-10-19 01:14:23,332 [grpc-default-executor-3] INFO  impl.RaftServerImpl (RaftServerImpl.java:setRole(184)) - 2543ffea-c5c6-4af0-856f-eb846bad755a@group-A3037D40E172: changes role from  FOLLOWER to FOLLOWER at term 7 for recognizeCandidate:f143d5cf-4038-4fa8-8601-f5a45f16ca3e
2019-10-19 01:14:23,332 [Thread-6404] INFO  impl.FollowerState (FollowerState.java:run(117)) - 61d14648-e80d-4cd8-9e7c-6deb2f21aca8@group-A3037D40E172-FollowerState was interrupted: java.lang.InterruptedException: sleep interrupted
2019-10-19 01:14:23,332 [grpc-default-executor-10] INFO  impl.RoleInfo (RoleInfo.java:updateAndGet(143)) - 61d14648-e80d-4cd8-9e7c-6deb2f21aca8: start FollowerState
2019-10-19 01:14:23,332 [grpc-default-executor-3] INFO  impl.RoleInfo (RoleInfo.java:shutdownFollowerState(121)) - 2543ffea-c5c6-4af0-856f-eb846bad755a: shutdown FollowerState
2019-10-19 01:14:23,332 [grpc-default-executor-3] INFO  impl.RoleInfo (RoleInfo.java:updateAndGet(143)) - 2543ffea-c5c6-4af0-856f-eb846bad755a: start FollowerState
2019-10-19 01:14:23,332 [Thread-6403] INFO  impl.FollowerState (FollowerState.java:run(117)) - 2543ffea-c5c6-4af0-856f-eb846bad755a@group-A3037D40E172-FollowerState was interrupted: java.lang.InterruptedException: sleep interrupted
2019-10-19 01:14:23,346 [f143d5cf-4038-4fa8-8601-f5a45f16ca3e@group-A3037D40E172-LeaderElection634] INFO  impl.LeaderElection (LeaderElection.java:logAndReturn(56)) - f143d5cf-4038-4fa8-8601-f5a45f16ca3e@group-A3037D40E172-LeaderElection634: Election REJECTED; received 2 response(s) [f143d5cf-4038-4fa8-8601-f5a45f16ca3e<-2543ffea-c5c6-4af0-856f-eb846bad755a#0:FAIL-t7, f143d5cf-4038-4fa8-8601-f5a45f16ca3e<-61d14648-e80d-4cd8-9e7c-6deb2f21aca8#0:FAIL-t7] and 0 exception(s); f143d5cf-4038-4fa8-8601-f5a45f16ca3e@group-A3037D40E172:t7, leader=null, voted=f143d5cf-4038-4fa8-8601-f5a45f16ca3e, raftlog=f143d5cf-4038-4fa8-8601-f5a45f16ca3e@group-A3037D40E172-SegmentedRaftLog:OPENED:c-1,f-1,i0, conf=-1: [f143d5cf-4038-4fa8-8601-f5a45f16ca3e:192.168.69.71:40169, 2543ffea-c5c6-4af0-856f-eb846bad755a:192.168.69.71:45287, 61d14648-e80d-4cd8-9e7c-6deb2f21aca8:192.168.69.71:42247], old=null
2019-10-19 01:14:23,346 [f143d5cf-4038-4fa8-8601-f5a45f16ca3e@group-A3037D40E172-LeaderElection634] INFO  impl.RaftServerImpl (RaftServerImpl.java:setRole(184)) - f143d5cf-4038-4fa8-8601-f5a45f16ca3e@group-A3037D40E172: changes role from CANDIDATE to FOLLOWER at term 7 for DISCOVERED_A_NEW_TERM
2019-10-19 01:14:23,347 [f143d5cf-4038-4fa8-8601-f5a45f16ca3e@group-A3037D40E172-LeaderElection634] INFO  impl.RoleInfo (RoleInfo.java:shutdownLeaderElection(134)) - f143d5cf-4038-4fa8-8601-f5a45f16ca3e: shutdown LeaderElection
2019-10-19 01:14:23,347 [f143d5cf-4038-4fa8-8601-f5a45f16ca3e@group-A3037D40E172-LeaderElection634] INFO  impl.RoleInfo (RoleInfo.java:updateAndGet(143)) - f143d5cf-4038-4fa8-8601-f5a45f16ca3e: start FollowerState
2019-10-19 01:14:23,409 [Thread-6411] INFO  impl.FollowerState (FollowerState.java:run(108)) - 9c2d914d-67b1-4af9-8080-4d6ee007b506@group-20FCFA0487C4-FollowerState: change to CANDIDATE, lastRpcTime:189ms, electionTimeout:189ms
2019-10-19 01:14:23,409 [Thread-6411] INFO  impl.RoleInfo (RoleInfo.java:shutdownFollowerState(121)) - 9c2d914d-67b1-4af9-8080-4d6ee007b506: shutdown FollowerState
2019-10-19 01:14:23,409 [Thread-6411] INFO  impl.RaftServerImpl (RaftServerImpl.java:setRole(184)) - 9c2d914d-67b1-4af9-8080-4d6ee007b506@group-20FCFA0487C4: changes role from  FOLLOWER to CANDIDATE at term 8 for changeToCandidate
2019-10-19 01:14:23,409 [Thread-6411] INFO  impl.RoleInfo (RoleInfo.java:updateAndGet(143)) - 9c2d914d-67b1-4af9-8080-4d6ee007b506: start LeaderElection
2019-10-19 01:14:23,435 [9c2d914d-67b1-4af9-8080-4d6ee007b506@group-20FCFA0487C4-LeaderElection635] INFO  impl.LeaderElection (LeaderElection.java:askForVotes(178)) - 9c2d914d-67b1-4af9-8080-4d6ee007b506@group-20FCFA0487C4-LeaderElection635: begin an election at term 9 for -1: [88be3607-7667-471c-9070-7dfd13eb5ac8:192.168.69.71:32925, 9c2d914d-67b1-4af9-8080-4d6ee007b506:192.168.69.71:35462, 61d0b7dc-5f8b-422f-8693-c58167224d24:192.168.69.71:43479], old=null
2019-10-19 01:14:23,436 [grpc-default-executor-10] INFO  impl.RaftServerImpl (RaftServerImpl.java:setRole(184)) - 61d0b7dc-5f8b-422f-8693-c58167224d24@group-20FCFA0487C4: changes role from  FOLLOWER to FOLLOWER at term 9 for recognizeCandidate:9c2d914d-67b1-4af9-8080-4d6ee007b506
2019-10-19 01:14:23,436 [grpc-default-executor-10] INFO  impl.RoleInfo (RoleInfo.java:shutdownFollowerState(121)) - 61d0b7dc-5f8b-422f-8693-c58167224d24: shutdown FollowerState
2019-10-19 01:14:23,436 [grpc-default-executor-10] INFO  impl.RoleInfo (RoleInfo.java:updateAndGet(143)) - 61d0b7dc-5f8b-422f-8693-c58167224d24: start FollowerState
2019-10-19 01:14:23,436 [Thread-6410] INFO  impl.FollowerState (FollowerState.java:run(117)) - 61d0b7dc-5f8b-422f-8693-c58167224d24@group-20FCFA0487C4-FollowerState was interrupted: java.lang.InterruptedException: sleep interrupted
2019-10-19 01:14:23,436 [grpc-default-executor-3] INFO  impl.RaftServerImpl (RaftServerImpl.java:setRole(184)) - 88be3607-7667-471c-9070-7dfd13eb5ac8@group-20FCFA0487C4: changes role from  FOLLOWER to FOLLOWER at term 9 for recognizeCandidate:9c2d914d-67b1-4af9-8080-4d6ee007b506
2019-10-19 01:14:23,436 [grpc-default-executor-3] INFO  impl.RoleInfo (RoleInfo.java:shutdownFollowerState(121)) - 88be3607-7667-471c-9070-7dfd13eb5ac8: shutdown FollowerState
2019-10-19 01:14:23,436 [Thread-6409] INFO  impl.FollowerState (FollowerState.java:run(117)) - 88be3607-7667-471c-9070-7dfd13eb5ac8@group-20FCFA0487C4-FollowerState was interrupted: java.lang.InterruptedException: sleep interrupted
2019-10-19 01:14:23,437 [grpc-default-executor-3] INFO  impl.RoleInfo (RoleInfo.java:updateAndGet(143)) - 88be3607-7667-471c-9070-7dfd13eb5ac8: start FollowerState
2019-10-19 01:14:23,448 [Thread-6417] INFO  impl.FollowerState (FollowerState.java:run(108)) - f143d5cf-4038-4fa8-8601-f5a45f16ca3e@group-A3037D40E172-FollowerState: change to CANDIDATE, lastRpcTime:101ms, electionTimeout:101ms
2019-10-19 01:14:23,448 [Thread-6417] INFO  impl.RoleInfo (RoleInfo.java:shutdownFollowerState(121)) - f143d5cf-4038-4fa8-8601-f5a45f16ca3e: shutdown FollowerState
2019-10-19 01:14:23,448 [Thread-6417] INFO  impl.RaftServerImpl (RaftServerImpl.java:setRole(184)) - f143d5cf-4038-4fa8-8601-f5a45f16ca3e@group-A3037D40E172: changes role from  FOLLOWER to CANDIDATE at term 7 for changeToCandidate
2019-10-19 01:14:23,448 [Thread-6417] INFO  impl.RoleInfo (RoleInfo.java:updateAndGet(143)) - f143d5cf-4038-4fa8-8601-f5a45f16ca3e: start LeaderElection
2019-10-19 01:14:23,450 [9c2d914d-67b1-4af9-8080-4d6ee007b506@group-20FCFA0487C4-LeaderElection635] INFO  impl.LeaderElection (LeaderElection.java:logAndReturn(56)) - 9c2d914d-67b1-4af9-8080-4d6ee007b506@group-20FCFA0487C4-LeaderElection635: Election REJECTED; received 2 response(s) [9c2d914d-67b1-4af9-8080-4d6ee007b506<-88be3607-7667-471c-9070-7dfd13eb5ac8#0:FAIL-t9, 9c2d914d-67b1-4af9-8080-4d6ee007b506<-61d0b7dc-5f8b-422f-8693-c58167224d24#0:FAIL-t9] and 0 exception(s); 9c2d914d-67b1-4af9-8080-4d6ee007b506@group-20FCFA0487C4:t9, leader=null, voted=9c2d914d-67b1-4af9-8080-4d6ee007b506, raftlog=9c2d914d-67b1-4af9-8080-4d6ee007b506@group-20FCFA0487C4-SegmentedRaftLog:OPENED:c-1,f-1,i0, conf=-1: [88be3607-7667-471c-9070-7dfd13eb5ac8:192.168.69.71:32925, 9c2d914d-67b1-4af9-8080-4d6ee007b506:192.168.69.71:35462, 61d0b7dc-5f8b-422f-8693-c58167224d24:192.168.69.71:43479], old=null
2019-10-19 01:14:23,450 [9c2d914d-67b1-4af9-8080-4d6ee007b506@group-20FCFA0487C4-LeaderElection635] INFO  impl.RaftServerImpl (RaftServerImpl.java:setRole(184)) - 9c2d914d-67b1-4af9-8080-4d6ee007b506@group-20FCFA0487C4: changes role from CANDIDATE to FOLLOWER at term 9 for DISCOVERED_A_NEW_TERM
2019-10-19 01:14:23,450 [9c2d914d-67b1-4af9-8080-4d6ee007b506@group-20FCFA0487C4-LeaderElection635] INFO  impl.RoleInfo (RoleInfo.java:shutdownLeaderElection(134)) - 9c2d914d-67b1-4af9-8080-4d6ee007b506: shutdown LeaderElection
2019-10-19 01:14:23,450 [9c2d914d-67b1-4af9-8080-4d6ee007b506@group-20FCFA0487C4-LeaderElection635] INFO  impl.RoleInfo (RoleInfo.java:updateAndGet(143)) - 9c2d914d-67b1-4af9-8080-4d6ee007b506: start FollowerState
2019-10-19 01:14:23,452 [f143d5cf-4038-4fa8-8601-f5a45f16ca3e@group-A3037D40E172-LeaderElection636] INFO  impl.LeaderElection (LeaderElection.java:askForVotes(178)) - f143d5cf-4038-4fa8-8601-f5a45f16ca3e@group-A3037D40E172-LeaderElection636: begin an election at term 8 for -1: [f143d5cf-4038-4fa8-8601-f5a45f16ca3e:192.168.69.71:40169, 2543ffea-c5c6-4af0-856f-eb846bad755a:192.168.69.71:45287, 61d14648-e80d-4cd8-9e7c-6deb2f21aca8:192.168.69.71:42247], old=null
2019-10-19 01:14:23,453 [grpc-default-executor-10] INFO  impl.RaftServerImpl (RaftServerImpl.java:setRole(184)) - 2543ffea-c5c6-4af0-856f-eb846bad755a@group-A3037D40E172: changes role from  FOLLOWER to FOLLOWER at term 8 for recognizeCandidate:f143d5cf-4038-4fa8-8601-f5a45f16ca3e
2019-10-19 01:14:23,453 [grpc-default-executor-10] INFO  impl.RoleInfo (RoleInfo.java:shutdownFollowerState(121)) - 2543ffea-c5c6-4af0-856f-eb846bad755a: shutdown FollowerState
2019-10-19 01:14:23,453 [grpc-default-executor-3] INFO  impl.RaftServerImpl (RaftServerImpl.java:setRole(184)) - 61d14648-e80d-4cd8-9e7c-6deb2f21aca8@group-A3037D40E172: changes role from  FOLLOWER to FOLLOWER at term 8 for recognizeCandidate:f143d5cf-4038-4fa8-8601-f5a45f16ca3e
2019-10-19 01:14:23,453 [grpc-default-executor-3] INFO  impl.RoleInfo (RoleInfo.java:shutdownFollowerState(121)) - 61d14648-e80d-4cd8-9e7c-6deb2f21aca8: shutdown FollowerState
2019-10-19 01:14:23,453 [Thread-6416] INFO  impl.FollowerState (FollowerState.java:run(117)) - 2543ffea-c5c6-4af0-856f-eb846bad755a@group-A3037D40E172-FollowerState was interrupted: java.lang.InterruptedException: sleep interrupted
2019-10-19 01:14:23,453 [grpc-default-executor-10] INFO  impl.RoleInfo (RoleInfo.java:updateAndGet(143)) - 2543ffea-c5c6-4af0-856f-eb846bad755a: start FollowerState
2019-10-19 01:14:23,453 [Thread-6415] INFO  impl.FollowerState (FollowerState.java:run(117)) - 61d14648-e80d-4cd8-9e7c-6deb2f21aca8@group-A3037D40E172-FollowerState was interrupted: java.lang.InterruptedException: sleep interrupted
2019-10-19 01:14:23,453 [grpc-default-executor-3] INFO  impl.RoleInfo (RoleInfo.java:updateAndGet(143)) - 61d14648-e80d-4cd8-9e7c-6deb2f21aca8: start FollowerState
2019-10-19 01:14:23,467 [f143d5cf-4038-4fa8-8601-f5a45f16ca3e@group-A3037D40E172-LeaderElection636] INFO  impl.LeaderElection (LeaderElection.java:logAndReturn(56)) - f143d5cf-4038-4fa8-8601-f5a45f16ca3e@group-A3037D40E172-LeaderElection636: Election REJECTED; received 2 response(s) [f143d5cf-4038-4fa8-8601-f5a45f16ca3e<-2543ffea-c5c6-4af0-856f-eb846bad755a#0:FAIL-t8, f143d5cf-4038-4fa8-8601-f5a45f16ca3e<-61d14648-e80d-4cd8-9e7c-6deb2f21aca8#0:FAIL-t8] and 0 exception(s); f143d5cf-4038-4fa8-8601-f5a45f16ca3e@group-A3037D40E172:t8, leader=null, voted=f143d5cf-4038-4fa8-8601-f5a45f16ca3e, raftlog=f143d5cf-4038-4fa8-8601-f5a45f16ca3e@group-A3037D40E172-SegmentedRaftLog:OPENED:c-1,f-1,i0, conf=-1: [f143d5cf-4038-4fa8-8601-f5a45f16ca3e:192.168.69.71:40169, 2543ffea-c5c6-4af0-856f-eb846bad755a:192.168.69.71:45287, 61d14648-e80d-4cd8-9e7c-6deb2f21aca8:192.168.69.71:42247], old=null
2019-10-19 01:14:23,467 [f143d5cf-4038-4fa8-8601-f5a45f16ca3e@group-A3037D40E172-LeaderElection636] INFO  impl.RaftServerImpl (RaftServerImpl.java:setRole(184)) - f143d5cf-4038-4fa8-8601-f5a45f16ca3e@group-A3037D40E172: changes role from CANDIDATE to FOLLOWER at term 8 for DISCOVERED_A_NEW_TERM
2019-10-19 01:14:23,467 [f143d5cf-4038-4fa8-8601-f5a45f16ca3e@group-A3037D40E172-LeaderElection636] INFO  impl.RoleInfo (RoleInfo.java:shutdownLeaderElection(134)) - f143d5cf-4038-4fa8-8601-f5a45f16ca3e: shutdown LeaderElection
2019-10-19 01:14:23,467 [f143d5cf-4038-4fa8-8601-f5a45f16ca3e@group-A3037D40E172-LeaderElection636] INFO  impl.RoleInfo (RoleInfo.java:updateAndGet(143)) - f143d5cf-4038-4fa8-8601-f5a45f16ca3e: start FollowerState
2019-10-19 01:14:23,514 [main] INFO  ozone.MiniOzoneClusterImpl (MiniOzoneClusterImpl.java:lambda$waitForClusterToBeReady$0(147)) - Cluster is ready. Got 10 of 10 DN Heartbeats.
2019-10-19 01:14:23,545 [main] INFO  rpc.RpcClient (RpcClient.java:createVolume(272)) - Creating Volume: datanodefailurehandlingtest, with jenkins1000 as owner.
2019-10-19 01:14:23,547 [IPC Server handler 18 on 38457] INFO  volume.OMVolumeCreateRequest (OMVolumeCreateRequest.java:validateAndUpdateCache(193)) - created volume:datanodefailurehandlingtest for user:jenkins1000
2019-10-19 01:14:23,572 [main] INFO  rpc.RpcClient (RpcClient.java:createBucket(411)) - Creating Bucket: datanodefailurehandlingtest/datanodefailurehandlingtest, with Versioning false and Storage Type set to DISK and Encryption set to false 
2019-10-19 01:14:23,635 [Thread-6429] INFO  impl.FollowerState (FollowerState.java:run(108)) - f143d5cf-4038-4fa8-8601-f5a45f16ca3e@group-A3037D40E172-FollowerState: change to CANDIDATE, lastRpcTime:167ms, electionTimeout:167ms
2019-10-19 01:14:23,635 [Thread-6429] INFO  impl.RoleInfo (RoleInfo.java:shutdownFollowerState(121)) - f143d5cf-4038-4fa8-8601-f5a45f16ca3e: shutdown FollowerState
2019-10-19 01:14:23,635 [Thread-6429] INFO  impl.RaftServerImpl (RaftServerImpl.java:setRole(184)) - f143d5cf-4038-4fa8-8601-f5a45f16ca3e@group-A3037D40E172: changes role from  FOLLOWER to CANDIDATE at term 8 for changeToCandidate
2019-10-19 01:14:23,635 [Thread-6429] INFO  impl.RoleInfo (RoleInfo.java:updateAndGet(143)) - f143d5cf-4038-4fa8-8601-f5a45f16ca3e: start LeaderElection
2019-10-19 01:14:23,644 [Thread-6424] INFO  impl.FollowerState (FollowerState.java:run(108)) - 9c2d914d-67b1-4af9-8080-4d6ee007b506@group-20FCFA0487C4-FollowerState: change to CANDIDATE, lastRpcTime:193ms, electionTimeout:193ms
2019-10-19 01:14:23,649 [f143d5cf-4038-4fa8-8601-f5a45f16ca3e@group-A3037D40E172-LeaderElection637] INFO  impl.LeaderElection (LeaderElection.java:askForVotes(178)) - f143d5cf-4038-4fa8-8601-f5a45f16ca3e@group-A3037D40E172-LeaderElection637: begin an election at term 9 for -1: [f143d5cf-4038-4fa8-8601-f5a45f16ca3e:192.168.69.71:40169, 2543ffea-c5c6-4af0-856f-eb846bad755a:192.168.69.71:45287, 61d14648-e80d-4cd8-9e7c-6deb2f21aca8:192.168.69.71:42247], old=null
2019-10-19 01:14:23,649 [Thread-6424] INFO  impl.RoleInfo (RoleInfo.java:shutdownFollowerState(121)) - 9c2d914d-67b1-4af9-8080-4d6ee007b506: shutdown FollowerState
2019-10-19 01:14:23,649 [Thread-6424] INFO  impl.RaftServerImpl (RaftServerImpl.java:setRole(184)) - 9c2d914d-67b1-4af9-8080-4d6ee007b506@group-20FCFA0487C4: changes role from  FOLLOWER to CANDIDATE at term 9 for changeToCandidate
2019-10-19 01:14:23,651 [Thread-6424] INFO  impl.RoleInfo (RoleInfo.java:updateAndGet(143)) - 9c2d914d-67b1-4af9-8080-4d6ee007b506: start LeaderElection
2019-10-19 01:14:23,652 [grpc-default-executor-3] INFO  impl.RaftServerImpl (RaftServerImpl.java:setRole(184)) - 2543ffea-c5c6-4af0-856f-eb846bad755a@group-A3037D40E172: changes role from  FOLLOWER to FOLLOWER at term 9 for recognizeCandidate:f143d5cf-4038-4fa8-8601-f5a45f16ca3e
2019-10-19 01:14:23,652 [grpc-default-executor-3] INFO  impl.RoleInfo (RoleInfo.java:shutdownFollowerState(121)) - 2543ffea-c5c6-4af0-856f-eb846bad755a: shutdown FollowerState
2019-10-19 01:14:23,652 [grpc-default-executor-10] INFO  impl.RaftServerImpl (RaftServerImpl.java:setRole(184)) - 61d14648-e80d-4cd8-9e7c-6deb2f21aca8@group-A3037D40E172: changes role from  FOLLOWER to FOLLOWER at term 9 for recognizeCandidate:f143d5cf-4038-4fa8-8601-f5a45f16ca3e
2019-10-19 01:14:23,652 [grpc-default-executor-10] INFO  impl.RoleInfo (RoleInfo.java:shutdownFollowerState(121)) - 61d14648-e80d-4cd8-9e7c-6deb2f21aca8: shutdown FollowerState
2019-10-19 01:14:23,652 [Thread-6427] INFO  impl.FollowerState (FollowerState.java:run(117)) - 2543ffea-c5c6-4af0-856f-eb846bad755a@group-A3037D40E172-FollowerState was interrupted: java.lang.InterruptedException: sleep interrupted
2019-10-19 01:14:23,652 [grpc-default-executor-3] INFO  impl.RoleInfo (RoleInfo.java:updateAndGet(143)) - 2543ffea-c5c6-4af0-856f-eb846bad755a: start FollowerState
2019-10-19 01:14:23,652 [Thread-6428] INFO  impl.FollowerState (FollowerState.java:run(117)) - 61d14648-e80d-4cd8-9e7c-6deb2f21aca8@group-A3037D40E172-FollowerState was interrupted: java.lang.InterruptedException: sleep interrupted
2019-10-19 01:14:23,652 [grpc-default-executor-10] INFO  impl.RoleInfo (RoleInfo.java:updateAndGet(143)) - 61d14648-e80d-4cd8-9e7c-6deb2f21aca8: start FollowerState
2019-10-19 01:14:23,667 [f143d5cf-4038-4fa8-8601-f5a45f16ca3e@group-A3037D40E172-LeaderElection637] INFO  impl.LeaderElection (LeaderElection.java:logAndReturn(56)) - f143d5cf-4038-4fa8-8601-f5a45f16ca3e@group-A3037D40E172-LeaderElection637: Election TIMEOUT; received 0 response(s) [] and 0 exception(s); f143d5cf-4038-4fa8-8601-f5a45f16ca3e@group-A3037D40E172:t9, leader=null, voted=f143d5cf-4038-4fa8-8601-f5a45f16ca3e, raftlog=f143d5cf-4038-4fa8-8601-f5a45f16ca3e@group-A3037D40E172-SegmentedRaftLog:OPENED:c-1,f-1,i0, conf=-1: [f143d5cf-4038-4fa8-8601-f5a45f16ca3e:192.168.69.71:40169, 2543ffea-c5c6-4af0-856f-eb846bad755a:192.168.69.71:45287, 61d14648-e80d-4cd8-9e7c-6deb2f21aca8:192.168.69.71:42247], old=null
2019-10-19 01:14:23,671 [f143d5cf-4038-4fa8-8601-f5a45f16ca3e@group-A3037D40E172-LeaderElection637] INFO  impl.LeaderElection (LeaderElection.java:askForVotes(178)) - f143d5cf-4038-4fa8-8601-f5a45f16ca3e@group-A3037D40E172-LeaderElection637: begin an election at term 10 for -1: [f143d5cf-4038-4fa8-8601-f5a45f16ca3e:192.168.69.71:40169, 2543ffea-c5c6-4af0-856f-eb846bad755a:192.168.69.71:45287, 61d14648-e80d-4cd8-9e7c-6deb2f21aca8:192.168.69.71:42247], old=null
2019-10-19 01:14:23,671 [9c2d914d-67b1-4af9-8080-4d6ee007b506@group-20FCFA0487C4-LeaderElection638] INFO  impl.LeaderElection (LeaderElection.java:askForVotes(178)) - 9c2d914d-67b1-4af9-8080-4d6ee007b506@group-20FCFA0487C4-LeaderElection638: begin an election at term 10 for -1: [88be3607-7667-471c-9070-7dfd13eb5ac8:192.168.69.71:32925, 9c2d914d-67b1-4af9-8080-4d6ee007b506:192.168.69.71:35462, 61d0b7dc-5f8b-422f-8693-c58167224d24:192.168.69.71:43479], old=null
2019-10-19 01:14:23,671 [grpc-default-executor-3] INFO  impl.RaftServerImpl (RaftServerImpl.java:setRole(184)) - 2543ffea-c5c6-4af0-856f-eb846bad755a@group-A3037D40E172: changes role from  FOLLOWER to FOLLOWER at term 10 for recognizeCandidate:f143d5cf-4038-4fa8-8601-f5a45f16ca3e
2019-10-19 01:14:23,671 [grpc-default-executor-3] INFO  impl.RoleInfo (RoleInfo.java:shutdownFollowerState(121)) - 2543ffea-c5c6-4af0-856f-eb846bad755a: shutdown FollowerState
2019-10-19 01:14:23,672 [grpc-default-executor-3] INFO  impl.RoleInfo (RoleInfo.java:updateAndGet(143)) - 2543ffea-c5c6-4af0-856f-eb846bad755a: start FollowerState
2019-10-19 01:14:23,672 [Thread-6441] INFO  impl.FollowerState (FollowerState.java:run(117)) - 2543ffea-c5c6-4af0-856f-eb846bad755a@group-A3037D40E172-FollowerState was interrupted: java.lang.InterruptedException: sleep interrupted
2019-10-19 01:14:23,672 [grpc-default-executor-10] INFO  impl.RaftServerImpl (RaftServerImpl.java:setRole(184)) - 88be3607-7667-471c-9070-7dfd13eb5ac8@group-20FCFA0487C4: changes role from  FOLLOWER to FOLLOWER at term 10 for recognizeCandidate:9c2d914d-67b1-4af9-8080-4d6ee007b506
2019-10-19 01:14:23,672 [grpc-default-executor-10] INFO  impl.RoleInfo (RoleInfo.java:shutdownFollowerState(121)) - 88be3607-7667-471c-9070-7dfd13eb5ac8: shutdown FollowerState
2019-10-19 01:14:23,672 [grpc-default-executor-9] INFO  impl.RaftServerImpl (RaftServerImpl.java:setRole(184)) - 61d14648-e80d-4cd8-9e7c-6deb2f21aca8@group-A3037D40E172: changes role from  FOLLOWER to FOLLOWER at term 10 for recognizeCandidate:f143d5cf-4038-4fa8-8601-f5a45f16ca3e
2019-10-19 01:14:23,672 [Thread-6422] INFO  impl.FollowerState (FollowerState.java:run(117)) - 88be3607-7667-471c-9070-7dfd13eb5ac8@group-20FCFA0487C4-FollowerState was interrupted: java.lang.InterruptedException: sleep interrupted
2019-10-19 01:14:23,672 [grpc-default-executor-10] INFO  impl.RoleInfo (RoleInfo.java:updateAndGet(143)) - 88be3607-7667-471c-9070-7dfd13eb5ac8: start FollowerState
2019-10-19 01:14:23,672 [grpc-default-executor-5] INFO  impl.RaftServerImpl (RaftServerImpl.java:setRole(184)) - 61d0b7dc-5f8b-422f-8693-c58167224d24@group-20FCFA0487C4: changes role from  FOLLOWER to FOLLOWER at term 10 for recognizeCandidate:9c2d914d-67b1-4af9-8080-4d6ee007b506
2019-10-19 01:14:23,672 [grpc-default-executor-5] INFO  impl.RoleInfo (RoleInfo.java:shutdownFollowerState(121)) - 61d0b7dc-5f8b-422f-8693-c58167224d24: shutdown FollowerState
2019-10-19 01:14:23,672 [grpc-default-executor-9] INFO  impl.RoleInfo (RoleInfo.java:shutdownFollowerState(121)) - 61d14648-e80d-4cd8-9e7c-6deb2f21aca8: shutdown FollowerState
2019-10-19 01:14:23,672 [Thread-6421] INFO  impl.FollowerState (FollowerState.java:run(117)) - 61d0b7dc-5f8b-422f-8693-c58167224d24@group-20FCFA0487C4-FollowerState was interrupted: java.lang.InterruptedException: sleep interrupted
2019-10-19 01:14:23,672 [grpc-default-executor-5] INFO  impl.RoleInfo (RoleInfo.java:updateAndGet(143)) - 61d0b7dc-5f8b-422f-8693-c58167224d24: start FollowerState
2019-10-19 01:14:23,672 [Thread-6442] INFO  impl.FollowerState (FollowerState.java:run(117)) - 61d14648-e80d-4cd8-9e7c-6deb2f21aca8@group-A3037D40E172-FollowerState was interrupted: java.lang.InterruptedException: sleep interrupted
2019-10-19 01:14:23,672 [grpc-default-executor-9] INFO  impl.RoleInfo (RoleInfo.java:updateAndGet(143)) - 61d14648-e80d-4cd8-9e7c-6deb2f21aca8: start FollowerState
2019-10-19 01:14:23,680 [f143d5cf-4038-4fa8-8601-f5a45f16ca3e@group-A3037D40E172-LeaderElection637] INFO  impl.LeaderElection (LeaderElection.java:logAndReturn(56)) - f143d5cf-4038-4fa8-8601-f5a45f16ca3e@group-A3037D40E172-LeaderElection637: Election REJECTED; received 2 response(s) [f143d5cf-4038-4fa8-8601-f5a45f16ca3e<-2543ffea-c5c6-4af0-856f-eb846bad755a#0:FAIL-t10, f143d5cf-4038-4fa8-8601-f5a45f16ca3e<-61d14648-e80d-4cd8-9e7c-6deb2f21aca8#0:FAIL-t10] and 0 exception(s); f143d5cf-4038-4fa8-8601-f5a45f16ca3e@group-A3037D40E172:t10, leader=null, voted=f143d5cf-4038-4fa8-8601-f5a45f16ca3e, raftlog=f143d5cf-4038-4fa8-8601-f5a45f16ca3e@group-A3037D40E172-SegmentedRaftLog:OPENED:c-1,f-1,i0, conf=-1: [f143d5cf-4038-4fa8-8601-f5a45f16ca3e:192.168.69.71:40169, 2543ffea-c5c6-4af0-856f-eb846bad755a:192.168.69.71:45287, 61d14648-e80d-4cd8-9e7c-6deb2f21aca8:192.168.69.71:42247], old=null
2019-10-19 01:14:23,681 [f143d5cf-4038-4fa8-8601-f5a45f16ca3e@group-A3037D40E172-LeaderElection637] INFO  impl.RaftServerImpl (RaftServerImpl.java:setRole(184)) - f143d5cf-4038-4fa8-8601-f5a45f16ca3e@group-A3037D40E172: changes role from CANDIDATE to FOLLOWER at term 10 for DISCOVERED_A_NEW_TERM
2019-10-19 01:14:23,681 [f143d5cf-4038-4fa8-8601-f5a45f16ca3e@group-A3037D40E172-LeaderElection637] INFO  impl.RoleInfo (RoleInfo.java:shutdownLeaderElection(134)) - f143d5cf-4038-4fa8-8601-f5a45f16ca3e: shutdown LeaderElection
2019-10-19 01:14:23,681 [9c2d914d-67b1-4af9-8080-4d6ee007b506@group-20FCFA0487C4-LeaderElection638] INFO  impl.LeaderElection (LeaderElection.java:logAndReturn(56)) - 9c2d914d-67b1-4af9-8080-4d6ee007b506@group-20FCFA0487C4-LeaderElection638: Election REJECTED; received 2 response(s) [9c2d914d-67b1-4af9-8080-4d6ee007b506<-88be3607-7667-471c-9070-7dfd13eb5ac8#0:FAIL-t10, 9c2d914d-67b1-4af9-8080-4d6ee007b506<-61d0b7dc-5f8b-422f-8693-c58167224d24#0:FAIL-t10] and 0 exception(s); 9c2d914d-67b1-4af9-8080-4d6ee007b506@group-20FCFA0487C4:t10, leader=null, voted=9c2d914d-67b1-4af9-8080-4d6ee007b506, raftlog=9c2d914d-67b1-4af9-8080-4d6ee007b506@group-20FCFA0487C4-SegmentedRaftLog:OPENED:c-1,f-1,i0, conf=-1: [88be3607-7667-471c-9070-7dfd13eb5ac8:192.168.69.71:32925, 9c2d914d-67b1-4af9-8080-4d6ee007b506:192.168.69.71:35462, 61d0b7dc-5f8b-422f-8693-c58167224d24:192.168.69.71:43479], old=null
2019-10-19 01:14:23,681 [f143d5cf-4038-4fa8-8601-f5a45f16ca3e@group-A3037D40E172-LeaderElection637] INFO  impl.RoleInfo (RoleInfo.java:updateAndGet(143)) - f143d5cf-4038-4fa8-8601-f5a45f16ca3e: start FollowerState
2019-10-19 01:14:23,681 [9c2d914d-67b1-4af9-8080-4d6ee007b506@group-20FCFA0487C4-LeaderElection638] INFO  impl.RaftServerImpl (RaftServerImpl.java:setRole(184)) - 9c2d914d-67b1-4af9-8080-4d6ee007b506@group-20FCFA0487C4: changes role from CANDIDATE to FOLLOWER at term 10 for DISCOVERED_A_NEW_TERM
2019-10-19 01:14:23,681 [9c2d914d-67b1-4af9-8080-4d6ee007b506@group-20FCFA0487C4-LeaderElection638] INFO  impl.RoleInfo (RoleInfo.java:shutdownLeaderElection(134)) - 9c2d914d-67b1-4af9-8080-4d6ee007b506: shutdown LeaderElection
2019-10-19 01:14:23,681 [9c2d914d-67b1-4af9-8080-4d6ee007b506@group-20FCFA0487C4-LeaderElection638] INFO  impl.RoleInfo (RoleInfo.java:updateAndGet(143)) - 9c2d914d-67b1-4af9-8080-4d6ee007b506: start FollowerState
2019-10-19 01:14:23,747 [Thread-6452] INFO  impl.FollowerState (FollowerState.java:run(108)) - 9c2d914d-67b1-4af9-8080-4d6ee007b506@group-20FCFA0487C4-FollowerState: change to CANDIDATE, lastRpcTime:66ms, electionTimeout:66ms
2019-10-19 01:14:23,747 [Thread-6452] INFO  impl.RoleInfo (RoleInfo.java:shutdownFollowerState(121)) - 9c2d914d-67b1-4af9-8080-4d6ee007b506: shutdown FollowerState
2019-10-19 01:14:23,747 [Thread-6452] INFO  impl.RaftServerImpl (RaftServerImpl.java:setRole(184)) - 9c2d914d-67b1-4af9-8080-4d6ee007b506@group-20FCFA0487C4: changes role from  FOLLOWER to CANDIDATE at term 10 for changeToCandidate
2019-10-19 01:14:23,747 [Thread-6452] INFO  impl.RoleInfo (RoleInfo.java:updateAndGet(143)) - 9c2d914d-67b1-4af9-8080-4d6ee007b506: start LeaderElection
2019-10-19 01:14:23,769 [9c2d914d-67b1-4af9-8080-4d6ee007b506@group-20FCFA0487C4-LeaderElection639] INFO  impl.LeaderElection (LeaderElection.java:askForVotes(178)) - 9c2d914d-67b1-4af9-8080-4d6ee007b506@group-20FCFA0487C4-LeaderElection639: begin an election at term 11 for -1: [88be3607-7667-471c-9070-7dfd13eb5ac8:192.168.69.71:32925, 9c2d914d-67b1-4af9-8080-4d6ee007b506:192.168.69.71:35462, 61d0b7dc-5f8b-422f-8693-c58167224d24:192.168.69.71:43479], old=null
2019-10-19 01:14:23,770 [grpc-default-executor-5] INFO  impl.RaftServerImpl (RaftServerImpl.java:setRole(184)) - 61d0b7dc-5f8b-422f-8693-c58167224d24@group-20FCFA0487C4: changes role from  FOLLOWER to FOLLOWER at term 11 for recognizeCandidate:9c2d914d-67b1-4af9-8080-4d6ee007b506
2019-10-19 01:14:23,770 [grpc-default-executor-5] INFO  impl.RoleInfo (RoleInfo.java:shutdownFollowerState(121)) - 61d0b7dc-5f8b-422f-8693-c58167224d24: shutdown FollowerState
2019-10-19 01:14:23,770 [grpc-default-executor-10] INFO  impl.RaftServerImpl (RaftServerImpl.java:setRole(184)) - 88be3607-7667-471c-9070-7dfd13eb5ac8@group-20FCFA0487C4: changes role from  FOLLOWER to FOLLOWER at term 11 for recognizeCandidate:9c2d914d-67b1-4af9-8080-4d6ee007b506
2019-10-19 01:14:23,770 [Thread-6449] INFO  impl.FollowerState (FollowerState.java:run(117)) - 61d0b7dc-5f8b-422f-8693-c58167224d24@group-20FCFA0487C4-FollowerState was interrupted: java.lang.InterruptedException: sleep interrupted
2019-10-19 01:14:23,770 [grpc-default-executor-5] INFO  impl.RoleInfo (RoleInfo.java:updateAndGet(143)) - 61d0b7dc-5f8b-422f-8693-c58167224d24: start FollowerState
2019-10-19 01:14:23,770 [grpc-default-executor-10] INFO  impl.RoleInfo (RoleInfo.java:shutdownFollowerState(121)) - 88be3607-7667-471c-9070-7dfd13eb5ac8: shutdown FollowerState
2019-10-19 01:14:23,770 [grpc-default-executor-10] INFO  impl.RoleInfo (RoleInfo.java:updateAndGet(143)) - 88be3607-7667-471c-9070-7dfd13eb5ac8: start FollowerState
2019-10-19 01:14:23,771 [Thread-6448] INFO  impl.FollowerState (FollowerState.java:run(117)) - 88be3607-7667-471c-9070-7dfd13eb5ac8@group-20FCFA0487C4-FollowerState was interrupted: java.lang.InterruptedException: sleep interrupted
2019-10-19 01:14:23,773 [Thread-6451] INFO  impl.FollowerState (FollowerState.java:run(108)) - f143d5cf-4038-4fa8-8601-f5a45f16ca3e@group-A3037D40E172-FollowerState: change to CANDIDATE, lastRpcTime:92ms, electionTimeout:92ms
2019-10-19 01:14:23,773 [Thread-6451] INFO  impl.RoleInfo (RoleInfo.java:shutdownFollowerState(121)) - f143d5cf-4038-4fa8-8601-f5a45f16ca3e: shutdown FollowerState
2019-10-19 01:14:23,773 [Thread-6451] INFO  impl.RaftServerImpl (RaftServerImpl.java:setRole(184)) - f143d5cf-4038-4fa8-8601-f5a45f16ca3e@group-A3037D40E172: changes role from  FOLLOWER to CANDIDATE at term 10 for changeToCandidate
2019-10-19 01:14:23,773 [Thread-6451] INFO  impl.RoleInfo (RoleInfo.java:updateAndGet(143)) - f143d5cf-4038-4fa8-8601-f5a45f16ca3e: start LeaderElection
2019-10-19 01:14:23,784 [f143d5cf-4038-4fa8-8601-f5a45f16ca3e@group-A3037D40E172-LeaderElection640] INFO  impl.LeaderElection (LeaderElection.java:askForVotes(178)) - f143d5cf-4038-4fa8-8601-f5a45f16ca3e@group-A3037D40E172-LeaderElection640: begin an election at term 11 for -1: [f143d5cf-4038-4fa8-8601-f5a45f16ca3e:192.168.69.71:40169, 2543ffea-c5c6-4af0-856f-eb846bad755a:192.168.69.71:45287, 61d14648-e80d-4cd8-9e7c-6deb2f21aca8:192.168.69.71:42247], old=null
2019-10-19 01:14:23,784 [9c2d914d-67b1-4af9-8080-4d6ee007b506@group-20FCFA0487C4-LeaderElection639] INFO  impl.LeaderElection (LeaderElection.java:logAndReturn(56)) - 9c2d914d-67b1-4af9-8080-4d6ee007b506@group-20FCFA0487C4-LeaderElection639: Election REJECTED; received 2 response(s) [9c2d914d-67b1-4af9-8080-4d6ee007b506<-88be3607-7667-471c-9070-7dfd13eb5ac8#0:FAIL-t11, 9c2d914d-67b1-4af9-8080-4d6ee007b506<-61d0b7dc-5f8b-422f-8693-c58167224d24#0:FAIL-t11] and 0 exception(s); 9c2d914d-67b1-4af9-8080-4d6ee007b506@group-20FCFA0487C4:t11, leader=null, voted=9c2d914d-67b1-4af9-8080-4d6ee007b506, raftlog=9c2d914d-67b1-4af9-8080-4d6ee007b506@group-20FCFA0487C4-SegmentedRaftLog:OPENED:c-1,f-1,i0, conf=-1: [88be3607-7667-471c-9070-7dfd13eb5ac8:192.168.69.71:32925, 9c2d914d-67b1-4af9-8080-4d6ee007b506:192.168.69.71:35462, 61d0b7dc-5f8b-422f-8693-c58167224d24:192.168.69.71:43479], old=null
2019-10-19 01:14:23,784 [9c2d914d-67b1-4af9-8080-4d6ee007b506@group-20FCFA0487C4-LeaderElection639] INFO  impl.RaftServerImpl (RaftServerImpl.java:setRole(184)) - 9c2d914d-67b1-4af9-8080-4d6ee007b506@group-20FCFA0487C4: changes role from CANDIDATE to FOLLOWER at term 11 for DISCOVERED_A_NEW_TERM
2019-10-19 01:14:23,784 [9c2d914d-67b1-4af9-8080-4d6ee007b506@group-20FCFA0487C4-LeaderElection639] INFO  impl.RoleInfo (RoleInfo.java:shutdownLeaderElection(134)) - 9c2d914d-67b1-4af9-8080-4d6ee007b506: shutdown LeaderElection
2019-10-19 01:14:23,784 [9c2d914d-67b1-4af9-8080-4d6ee007b506@group-20FCFA0487C4-LeaderElection639] INFO  impl.RoleInfo (RoleInfo.java:updateAndGet(143)) - 9c2d914d-67b1-4af9-8080-4d6ee007b506: start FollowerState
2019-10-19 01:14:23,785 [grpc-default-executor-5] INFO  impl.RaftServerImpl (RaftServerImpl.java:setRole(184)) - 61d14648-e80d-4cd8-9e7c-6deb2f21aca8@group-A3037D40E172: changes role from  FOLLOWER to FOLLOWER at term 11 for recognizeCandidate:f143d5cf-4038-4fa8-8601-f5a45f16ca3e
2019-10-19 01:14:23,785 [grpc-default-executor-5] INFO  impl.RoleInfo (RoleInfo.java:shutdownFollowerState(121)) - 61d14648-e80d-4cd8-9e7c-6deb2f21aca8: shutdown FollowerState
2019-10-19 01:14:23,785 [grpc-default-executor-10] INFO  impl.RaftServerImpl (RaftServerImpl.java:setRole(184)) - 2543ffea-c5c6-4af0-856f-eb846bad755a@group-A3037D40E172: changes role from  FOLLOWER to FOLLOWER at term 11 for recognizeCandidate:f143d5cf-4038-4fa8-8601-f5a45f16ca3e
2019-10-19 01:14:23,785 [grpc-default-executor-10] INFO  impl.RoleInfo (RoleInfo.java:shutdownFollowerState(121)) - 2543ffea-c5c6-4af0-856f-eb846bad755a: shutdown FollowerState
2019-10-19 01:14:23,785 [Thread-6450] INFO  impl.FollowerState (FollowerState.java:run(117)) - 61d14648-e80d-4cd8-9e7c-6deb2f21aca8@group-A3037D40E172-FollowerState was interrupted: java.lang.InterruptedException: sleep interrupted
2019-10-19 01:14:23,785 [grpc-default-executor-5] INFO  impl.RoleInfo (RoleInfo.java:updateAndGet(143)) - 61d14648-e80d-4cd8-9e7c-6deb2f21aca8: start FollowerState
2019-10-19 01:14:23,785 [Thread-6447] INFO  impl.FollowerState (FollowerState.java:run(117)) - 2543ffea-c5c6-4af0-856f-eb846bad755a@group-A3037D40E172-FollowerState was interrupted: java.lang.InterruptedException: sleep interrupted
2019-10-19 01:14:23,785 [grpc-default-executor-10] INFO  impl.RoleInfo (RoleInfo.java:updateAndGet(143)) - 2543ffea-c5c6-4af0-856f-eb846bad755a: start FollowerState
2019-10-19 01:14:23,789 [f143d5cf-4038-4fa8-8601-f5a45f16ca3e@group-A3037D40E172-LeaderElection640] INFO  impl.LeaderElection (LeaderElection.java:logAndReturn(56)) - f143d5cf-4038-4fa8-8601-f5a45f16ca3e@group-A3037D40E172-LeaderElection640: Election TIMEOUT; received 0 response(s) [] and 0 exception(s); f143d5cf-4038-4fa8-8601-f5a45f16ca3e@group-A3037D40E172:t11, leader=null, voted=f143d5cf-4038-4fa8-8601-f5a45f16ca3e, raftlog=f143d5cf-4038-4fa8-8601-f5a45f16ca3e@group-A3037D40E172-SegmentedRaftLog:OPENED:c-1,f-1,i0, conf=-1: [f143d5cf-4038-4fa8-8601-f5a45f16ca3e:192.168.69.71:40169, 2543ffea-c5c6-4af0-856f-eb846bad755a:192.168.69.71:45287, 61d14648-e80d-4cd8-9e7c-6deb2f21aca8:192.168.69.71:42247], old=null
2019-10-19 01:14:23,798 [f143d5cf-4038-4fa8-8601-f5a45f16ca3e@group-A3037D40E172-LeaderElection640] INFO  impl.LeaderElection (LeaderElection.java:askForVotes(178)) - f143d5cf-4038-4fa8-8601-f5a45f16ca3e@group-A3037D40E172-LeaderElection640: begin an election at term 12 for -1: [f143d5cf-4038-4fa8-8601-f5a45f16ca3e:192.168.69.71:40169, 2543ffea-c5c6-4af0-856f-eb846bad755a:192.168.69.71:45287, 61d14648-e80d-4cd8-9e7c-6deb2f21aca8:192.168.69.71:42247], old=null
2019-10-19 01:14:23,799 [grpc-default-executor-10] INFO  impl.RaftServerImpl (RaftServerImpl.java:setRole(184)) - 2543ffea-c5c6-4af0-856f-eb846bad755a@group-A3037D40E172: changes role from  FOLLOWER to FOLLOWER at term 12 for recognizeCandidate:f143d5cf-4038-4fa8-8601-f5a45f16ca3e
2019-10-19 01:14:23,799 [grpc-default-executor-10] INFO  impl.RoleInfo (RoleInfo.java:shutdownFollowerState(121)) - 2543ffea-c5c6-4af0-856f-eb846bad755a: shutdown FollowerState
2019-10-19 01:14:23,800 [grpc-default-executor-5] INFO  impl.RaftServerImpl (RaftServerImpl.java:setRole(184)) - 61d14648-e80d-4cd8-9e7c-6deb2f21aca8@group-A3037D40E172: changes role from  FOLLOWER to FOLLOWER at term 12 for recognizeCandidate:f143d5cf-4038-4fa8-8601-f5a45f16ca3e
2019-10-19 01:14:23,800 [Thread-6463] INFO  impl.FollowerState (FollowerState.java:run(117)) - 2543ffea-c5c6-4af0-856f-eb846bad755a@group-A3037D40E172-FollowerState was interrupted: java.lang.InterruptedException: sleep interrupted
2019-10-19 01:14:23,800 [grpc-default-executor-10] INFO  impl.RoleInfo (RoleInfo.java:updateAndGet(143)) - 2543ffea-c5c6-4af0-856f-eb846bad755a: start FollowerState
2019-10-19 01:14:23,800 [grpc-default-executor-5] INFO  impl.RoleInfo (RoleInfo.java:shutdownFollowerState(121)) - 61d14648-e80d-4cd8-9e7c-6deb2f21aca8: shutdown FollowerState
2019-10-19 01:14:23,800 [grpc-default-executor-5] INFO  impl.RoleInfo (RoleInfo.java:updateAndGet(143)) - 61d14648-e80d-4cd8-9e7c-6deb2f21aca8: start FollowerState
2019-10-19 01:14:23,800 [Thread-6462] INFO  impl.FollowerState (FollowerState.java:run(117)) - 61d14648-e80d-4cd8-9e7c-6deb2f21aca8@group-A3037D40E172-FollowerState was interrupted: java.lang.InterruptedException: sleep interrupted
2019-10-19 01:14:23,807 [Thread-6461] INFO  impl.FollowerState (FollowerState.java:run(108)) - 9c2d914d-67b1-4af9-8080-4d6ee007b506@group-20FCFA0487C4-FollowerState: change to CANDIDATE, lastRpcTime:22ms, electionTimeout:22ms
2019-10-19 01:14:23,807 [Thread-6461] INFO  impl.RoleInfo (RoleInfo.java:shutdownFollowerState(121)) - 9c2d914d-67b1-4af9-8080-4d6ee007b506: shutdown FollowerState
2019-10-19 01:14:23,807 [Thread-6461] INFO  impl.RaftServerImpl (RaftServerImpl.java:setRole(184)) - 9c2d914d-67b1-4af9-8080-4d6ee007b506@group-20FCFA0487C4: changes role from  FOLLOWER to CANDIDATE at term 11 for changeToCandidate
2019-10-19 01:14:23,807 [Thread-6461] INFO  impl.RoleInfo (RoleInfo.java:updateAndGet(143)) - 9c2d914d-67b1-4af9-8080-4d6ee007b506: start LeaderElection
2019-10-19 01:14:23,814 [9c2d914d-67b1-4af9-8080-4d6ee007b506@group-20FCFA0487C4-LeaderElection641] INFO  impl.LeaderElection (LeaderElection.java:askForVotes(178)) - 9c2d914d-67b1-4af9-8080-4d6ee007b506@group-20FCFA0487C4-LeaderElection641: begin an election at term 12 for -1: [88be3607-7667-471c-9070-7dfd13eb5ac8:192.168.69.71:32925, 9c2d914d-67b1-4af9-8080-4d6ee007b506:192.168.69.71:35462, 61d0b7dc-5f8b-422f-8693-c58167224d24:192.168.69.71:43479], old=null
2019-10-19 01:14:23,815 [f143d5cf-4038-4fa8-8601-f5a45f16ca3e@group-A3037D40E172-LeaderElection640] INFO  impl.LeaderElection (LeaderElection.java:logAndReturn(56)) - f143d5cf-4038-4fa8-8601-f5a45f16ca3e@group-A3037D40E172-LeaderElection640: Election REJECTED; received 2 response(s) [f143d5cf-4038-4fa8-8601-f5a45f16ca3e<-2543ffea-c5c6-4af0-856f-eb846bad755a#0:FAIL-t12, f143d5cf-4038-4fa8-8601-f5a45f16ca3e<-61d14648-e80d-4cd8-9e7c-6deb2f21aca8#0:FAIL-t12] and 0 exception(s); f143d5cf-4038-4fa8-8601-f5a45f16ca3e@group-A3037D40E172:t12, leader=null, voted=f143d5cf-4038-4fa8-8601-f5a45f16ca3e, raftlog=f143d5cf-4038-4fa8-8601-f5a45f16ca3e@group-A3037D40E172-SegmentedRaftLog:OPENED:c-1,f-1,i0, conf=-1: [f143d5cf-4038-4fa8-8601-f5a45f16ca3e:192.168.69.71:40169, 2543ffea-c5c6-4af0-856f-eb846bad755a:192.168.69.71:45287, 61d14648-e80d-4cd8-9e7c-6deb2f21aca8:192.168.69.71:42247], old=null
2019-10-19 01:14:23,815 [f143d5cf-4038-4fa8-8601-f5a45f16ca3e@group-A3037D40E172-LeaderElection640] INFO  impl.RaftServerImpl (RaftServerImpl.java:setRole(184)) - f143d5cf-4038-4fa8-8601-f5a45f16ca3e@group-A3037D40E172: changes role from CANDIDATE to FOLLOWER at term 12 for DISCOVERED_A_NEW_TERM
2019-10-19 01:14:23,815 [f143d5cf-4038-4fa8-8601-f5a45f16ca3e@group-A3037D40E172-LeaderElection640] INFO  impl.RoleInfo (RoleInfo.java:shutdownLeaderElection(134)) - f143d5cf-4038-4fa8-8601-f5a45f16ca3e: shutdown LeaderElection
2019-10-19 01:14:23,815 [f143d5cf-4038-4fa8-8601-f5a45f16ca3e@group-A3037D40E172-LeaderElection640] INFO  impl.RoleInfo (RoleInfo.java:updateAndGet(143)) - f143d5cf-4038-4fa8-8601-f5a45f16ca3e: start FollowerState
2019-10-19 01:14:23,815 [grpc-default-executor-10] INFO  impl.RaftServerImpl (RaftServerImpl.java:setRole(184)) - 88be3607-7667-471c-9070-7dfd13eb5ac8@group-20FCFA0487C4: changes role from  FOLLOWER to FOLLOWER at term 12 for recognizeCandidate:9c2d914d-67b1-4af9-8080-4d6ee007b506
2019-10-19 01:14:23,815 [grpc-default-executor-10] INFO  impl.RoleInfo (RoleInfo.java:shutdownFollowerState(121)) - 88be3607-7667-471c-9070-7dfd13eb5ac8: shutdown FollowerState
2019-10-19 01:14:23,815 [grpc-default-executor-10] INFO  impl.RoleInfo (RoleInfo.java:updateAndGet(143)) - 88be3607-7667-471c-9070-7dfd13eb5ac8: start FollowerState
2019-10-19 01:14:23,816 [grpc-default-executor-5] INFO  impl.RaftServerImpl (RaftServerImpl.java:setRole(184)) - 61d0b7dc-5f8b-422f-8693-c58167224d24@group-20FCFA0487C4: changes role from  FOLLOWER to FOLLOWER at term 12 for recognizeCandidate:9c2d914d-67b1-4af9-8080-4d6ee007b506
2019-10-19 01:14:23,816 [grpc-default-executor-5] INFO  impl.RoleInfo (RoleInfo.java:shutdownFollowerState(121)) - 61d0b7dc-5f8b-422f-8693-c58167224d24: shutdown FollowerState
2019-10-19 01:14:23,815 [Thread-6457] INFO  impl.FollowerState (FollowerState.java:run(117)) - 88be3607-7667-471c-9070-7dfd13eb5ac8@group-20FCFA0487C4-FollowerState was interrupted: java.lang.InterruptedException: sleep interrupted
2019-10-19 01:14:23,816 [Thread-6456] INFO  impl.FollowerState (FollowerState.java:run(117)) - 61d0b7dc-5f8b-422f-8693-c58167224d24@group-20FCFA0487C4-FollowerState was interrupted: java.lang.InterruptedException: sleep interrupted
2019-10-19 01:14:23,816 [grpc-default-executor-5] INFO  impl.RoleInfo (RoleInfo.java:updateAndGet(143)) - 61d0b7dc-5f8b-422f-8693-c58167224d24: start FollowerState
2019-10-19 01:14:23,821 [9c2d914d-67b1-4af9-8080-4d6ee007b506@group-20FCFA0487C4-LeaderElection641] INFO  impl.LeaderElection (LeaderElection.java:logAndReturn(56)) - 9c2d914d-67b1-4af9-8080-4d6ee007b506@group-20FCFA0487C4-LeaderElection641: Election TIMEOUT; received 0 response(s) [] and 0 exception(s); 9c2d914d-67b1-4af9-8080-4d6ee007b506@group-20FCFA0487C4:t12, leader=null, voted=9c2d914d-67b1-4af9-8080-4d6ee007b506, raftlog=9c2d914d-67b1-4af9-8080-4d6ee007b506@group-20FCFA0487C4-SegmentedRaftLog:OPENED:c-1,f-1,i0, conf=-1: [88be3607-7667-471c-9070-7dfd13eb5ac8:192.168.69.71:32925, 9c2d914d-67b1-4af9-8080-4d6ee007b506:192.168.69.71:35462, 61d0b7dc-5f8b-422f-8693-c58167224d24:192.168.69.71:43479], old=null
2019-10-19 01:14:23,829 [9c2d914d-67b1-4af9-8080-4d6ee007b506@group-20FCFA0487C4-LeaderElection641] INFO  impl.LeaderElection (LeaderElection.java:askForVotes(178)) - 9c2d914d-67b1-4af9-8080-4d6ee007b506@group-20FCFA0487C4-LeaderElection641: begin an election at term 13 for -1: [88be3607-7667-471c-9070-7dfd13eb5ac8:192.168.69.71:32925, 9c2d914d-67b1-4af9-8080-4d6ee007b506:192.168.69.71:35462, 61d0b7dc-5f8b-422f-8693-c58167224d24:192.168.69.71:43479], old=null
2019-10-19 01:14:23,830 [grpc-default-executor-10] INFO  impl.RaftServerImpl (RaftServerImpl.java:setRole(184)) - 88be3607-7667-471c-9070-7dfd13eb5ac8@group-20FCFA0487C4: changes role from  FOLLOWER to FOLLOWER at term 13 for recognizeCandidate:9c2d914d-67b1-4af9-8080-4d6ee007b506
2019-10-19 01:14:23,830 [grpc-default-executor-10] INFO  impl.RoleInfo (RoleInfo.java:shutdownFollowerState(121)) - 88be3607-7667-471c-9070-7dfd13eb5ac8: shutdown FollowerState
2019-10-19 01:14:23,830 [grpc-default-executor-5] INFO  impl.RaftServerImpl (RaftServerImpl.java:setRole(184)) - 61d0b7dc-5f8b-422f-8693-c58167224d24@group-20FCFA0487C4: changes role from  FOLLOWER to FOLLOWER at term 13 for recognizeCandidate:9c2d914d-67b1-4af9-8080-4d6ee007b506
2019-10-19 01:14:23,830 [grpc-default-executor-5] INFO  impl.RoleInfo (RoleInfo.java:shutdownFollowerState(121)) - 61d0b7dc-5f8b-422f-8693-c58167224d24: shutdown FollowerState
2019-10-19 01:14:23,830 [Thread-6472] INFO  impl.FollowerState (FollowerState.java:run(117)) - 88be3607-7667-471c-9070-7dfd13eb5ac8@group-20FCFA0487C4-FollowerState was interrupted: java.lang.InterruptedException: sleep interrupted
2019-10-19 01:14:23,830 [grpc-default-executor-10] INFO  impl.RoleInfo (RoleInfo.java:updateAndGet(143)) - 88be3607-7667-471c-9070-7dfd13eb5ac8: start FollowerState
2019-10-19 01:14:23,830 [Thread-6473] INFO  impl.FollowerState (FollowerState.java:run(117)) - 61d0b7dc-5f8b-422f-8693-c58167224d24@group-20FCFA0487C4-FollowerState was interrupted: java.lang.InterruptedException: sleep interrupted
2019-10-19 01:14:23,830 [grpc-default-executor-5] INFO  impl.RoleInfo (RoleInfo.java:updateAndGet(143)) - 61d0b7dc-5f8b-422f-8693-c58167224d24: start FollowerState
2019-10-19 01:14:23,844 [9c2d914d-67b1-4af9-8080-4d6ee007b506@group-20FCFA0487C4-LeaderElection641] INFO  impl.LeaderElection (LeaderElection.java:logAndReturn(56)) - 9c2d914d-67b1-4af9-8080-4d6ee007b506@group-20FCFA0487C4-LeaderElection641: Election REJECTED; received 2 response(s) [9c2d914d-67b1-4af9-8080-4d6ee007b506<-88be3607-7667-471c-9070-7dfd13eb5ac8#0:FAIL-t13, 9c2d914d-67b1-4af9-8080-4d6ee007b506<-61d0b7dc-5f8b-422f-8693-c58167224d24#0:FAIL-t13] and 0 exception(s); 9c2d914d-67b1-4af9-8080-4d6ee007b506@group-20FCFA0487C4:t13, leader=null, voted=9c2d914d-67b1-4af9-8080-4d6ee007b506, raftlog=9c2d914d-67b1-4af9-8080-4d6ee007b506@group-20FCFA0487C4-SegmentedRaftLog:OPENED:c-1,f-1,i0, conf=-1: [88be3607-7667-471c-9070-7dfd13eb5ac8:192.168.69.71:32925, 9c2d914d-67b1-4af9-8080-4d6ee007b506:192.168.69.71:35462, 61d0b7dc-5f8b-422f-8693-c58167224d24:192.168.69.71:43479], old=null
2019-10-19 01:14:23,844 [9c2d914d-67b1-4af9-8080-4d6ee007b506@group-20FCFA0487C4-LeaderElection641] INFO  impl.RaftServerImpl (RaftServerImpl.java:setRole(184)) - 9c2d914d-67b1-4af9-8080-4d6ee007b506@group-20FCFA0487C4: changes role from CANDIDATE to FOLLOWER at term 13 for DISCOVERED_A_NEW_TERM
2019-10-19 01:14:23,844 [9c2d914d-67b1-4af9-8080-4d6ee007b506@group-20FCFA0487C4-LeaderElection641] INFO  impl.RoleInfo (RoleInfo.java:shutdownLeaderElection(134)) - 9c2d914d-67b1-4af9-8080-4d6ee007b506: shutdown LeaderElection
2019-10-19 01:14:23,845 [9c2d914d-67b1-4af9-8080-4d6ee007b506@group-20FCFA0487C4-LeaderElection641] INFO  impl.RoleInfo (RoleInfo.java:updateAndGet(143)) - 9c2d914d-67b1-4af9-8080-4d6ee007b506: start FollowerState
2019-10-19 01:14:23,903 [Thread-6478] INFO  impl.FollowerState (FollowerState.java:run(108)) - 9c2d914d-67b1-4af9-8080-4d6ee007b506@group-20FCFA0487C4-FollowerState: change to CANDIDATE, lastRpcTime:58ms, electionTimeout:58ms
2019-10-19 01:14:23,903 [Thread-6478] INFO  impl.RoleInfo (RoleInfo.java:shutdownFollowerState(121)) - 9c2d914d-67b1-4af9-8080-4d6ee007b506: shutdown FollowerState
2019-10-19 01:14:23,903 [Thread-6478] INFO  impl.RaftServerImpl (RaftServerImpl.java:setRole(184)) - 9c2d914d-67b1-4af9-8080-4d6ee007b506@group-20FCFA0487C4: changes role from  FOLLOWER to CANDIDATE at term 13 for changeToCandidate
2019-10-19 01:14:23,903 [Thread-6478] INFO  impl.RoleInfo (RoleInfo.java:updateAndGet(143)) - 9c2d914d-67b1-4af9-8080-4d6ee007b506: start LeaderElection
2019-10-19 01:14:23,916 [9c2d914d-67b1-4af9-8080-4d6ee007b506@group-20FCFA0487C4-LeaderElection642] INFO  impl.LeaderElection (LeaderElection.java:askForVotes(178)) - 9c2d914d-67b1-4af9-8080-4d6ee007b506@group-20FCFA0487C4-LeaderElection642: begin an election at term 14 for -1: [88be3607-7667-471c-9070-7dfd13eb5ac8:192.168.69.71:32925, 9c2d914d-67b1-4af9-8080-4d6ee007b506:192.168.69.71:35462, 61d0b7dc-5f8b-422f-8693-c58167224d24:192.168.69.71:43479], old=null
2019-10-19 01:14:23,917 [grpc-default-executor-5] INFO  impl.RaftServerImpl (RaftServerImpl.java:setRole(184)) - 88be3607-7667-471c-9070-7dfd13eb5ac8@group-20FCFA0487C4: changes role from  FOLLOWER to FOLLOWER at term 14 for recognizeCandidate:9c2d914d-67b1-4af9-8080-4d6ee007b506
2019-10-19 01:14:23,917 [grpc-default-executor-5] INFO  impl.RoleInfo (RoleInfo.java:shutdownFollowerState(121)) - 88be3607-7667-471c-9070-7dfd13eb5ac8: shutdown FollowerState
2019-10-19 01:14:23,917 [grpc-default-executor-10] INFO  impl.RaftServerImpl (RaftServerImpl.java:setRole(184)) - 61d0b7dc-5f8b-422f-8693-c58167224d24@group-20FCFA0487C4: changes role from  FOLLOWER to FOLLOWER at term 14 for recognizeCandidate:9c2d914d-67b1-4af9-8080-4d6ee007b506
2019-10-19 01:14:23,917 [grpc-default-executor-10] INFO  impl.RoleInfo (RoleInfo.java:shutdownFollowerState(121)) - 61d0b7dc-5f8b-422f-8693-c58167224d24: shutdown FollowerState
2019-10-19 01:14:23,917 [Thread-6476] INFO  impl.FollowerState (FollowerState.java:run(117)) - 88be3607-7667-471c-9070-7dfd13eb5ac8@group-20FCFA0487C4-FollowerState was interrupted: java.lang.InterruptedException: sleep interrupted
2019-10-19 01:14:23,917 [grpc-default-executor-5] INFO  impl.RoleInfo (RoleInfo.java:updateAndGet(143)) - 88be3607-7667-471c-9070-7dfd13eb5ac8: start FollowerState
2019-10-19 01:14:23,918 [Thread-6477] INFO  impl.FollowerState (FollowerState.java:run(117)) - 61d0b7dc-5f8b-422f-8693-c58167224d24@group-20FCFA0487C4-FollowerState was interrupted: java.lang.InterruptedException: sleep interrupted
2019-10-19 01:14:23,918 [grpc-default-executor-10] INFO  impl.RoleInfo (RoleInfo.java:updateAndGet(143)) - 61d0b7dc-5f8b-422f-8693-c58167224d24: start FollowerState
2019-10-19 01:14:23,937 [9c2d914d-67b1-4af9-8080-4d6ee007b506@group-20FCFA0487C4-LeaderElection642] INFO  impl.LeaderElection (LeaderElection.java:logAndReturn(56)) - 9c2d914d-67b1-4af9-8080-4d6ee007b506@group-20FCFA0487C4-LeaderElection642: Election REJECTED; received 2 response(s) [9c2d914d-67b1-4af9-8080-4d6ee007b506<-88be3607-7667-471c-9070-7dfd13eb5ac8#0:FAIL-t14, 9c2d914d-67b1-4af9-8080-4d6ee007b506<-61d0b7dc-5f8b-422f-8693-c58167224d24#0:FAIL-t14] and 0 exception(s); 9c2d914d-67b1-4af9-8080-4d6ee007b506@group-20FCFA0487C4:t14, leader=null, voted=9c2d914d-67b1-4af9-8080-4d6ee007b506, raftlog=9c2d914d-67b1-4af9-8080-4d6ee007b506@group-20FCFA0487C4-SegmentedRaftLog:OPENED:c-1,f-1,i0, conf=-1: [88be3607-7667-471c-9070-7dfd13eb5ac8:192.168.69.71:32925, 9c2d914d-67b1-4af9-8080-4d6ee007b506:192.168.69.71:35462, 61d0b7dc-5f8b-422f-8693-c58167224d24:192.168.69.71:43479], old=null
2019-10-19 01:14:23,937 [9c2d914d-67b1-4af9-8080-4d6ee007b506@group-20FCFA0487C4-LeaderElection642] INFO  impl.RaftServerImpl (RaftServerImpl.java:setRole(184)) - 9c2d914d-67b1-4af9-8080-4d6ee007b506@group-20FCFA0487C4: changes role from CANDIDATE to FOLLOWER at term 14 for DISCOVERED_A_NEW_TERM
2019-10-19 01:14:23,937 [9c2d914d-67b1-4af9-8080-4d6ee007b506@group-20FCFA0487C4-LeaderElection642] INFO  impl.RoleInfo (RoleInfo.java:shutdownLeaderElection(134)) - 9c2d914d-67b1-4af9-8080-4d6ee007b506: shutdown LeaderElection
2019-10-19 01:14:23,938 [9c2d914d-67b1-4af9-8080-4d6ee007b506@group-20FCFA0487C4-LeaderElection642] INFO  impl.RoleInfo (RoleInfo.java:updateAndGet(143)) - 9c2d914d-67b1-4af9-8080-4d6ee007b506: start FollowerState
2019-10-19 01:14:23,956 [Thread-6471] INFO  impl.FollowerState (FollowerState.java:run(108)) - f143d5cf-4038-4fa8-8601-f5a45f16ca3e@group-A3037D40E172-FollowerState: change to CANDIDATE, lastRpcTime:141ms, electionTimeout:141ms
2019-10-19 01:14:23,957 [Thread-6471] INFO  impl.RoleInfo (RoleInfo.java:shutdownFollowerState(121)) - f143d5cf-4038-4fa8-8601-f5a45f16ca3e: shutdown FollowerState
2019-10-19 01:14:23,957 [Thread-6471] INFO  impl.RaftServerImpl (RaftServerImpl.java:setRole(184)) - f143d5cf-4038-4fa8-8601-f5a45f16ca3e@group-A3037D40E172: changes role from  FOLLOWER to CANDIDATE at term 12 for changeToCandidate
2019-10-19 01:14:23,957 [Thread-6471] INFO  impl.RoleInfo (RoleInfo.java:updateAndGet(143)) - f143d5cf-4038-4fa8-8601-f5a45f16ca3e: start LeaderElection
2019-10-19 01:14:23,971 [f143d5cf-4038-4fa8-8601-f5a45f16ca3e@group-A3037D40E172-LeaderElection643] INFO  impl.LeaderElection (LeaderElection.java:askForVotes(178)) - f143d5cf-4038-4fa8-8601-f5a45f16ca3e@group-A3037D40E172-LeaderElection643: begin an election at term 13 for -1: [f143d5cf-4038-4fa8-8601-f5a45f16ca3e:192.168.69.71:40169, 2543ffea-c5c6-4af0-856f-eb846bad755a:192.168.69.71:45287, 61d14648-e80d-4cd8-9e7c-6deb2f21aca8:192.168.69.71:42247], old=null
2019-10-19 01:14:23,972 [grpc-default-executor-10] INFO  impl.RaftServerImpl (RaftServerImpl.java:setRole(184)) - 2543ffea-c5c6-4af0-856f-eb846bad755a@group-A3037D40E172: changes role from  FOLLOWER to FOLLOWER at term 13 for recognizeCandidate:f143d5cf-4038-4fa8-8601-f5a45f16ca3e
2019-10-19 01:14:23,972 [grpc-default-executor-10] INFO  impl.RoleInfo (RoleInfo.java:shutdownFollowerState(121)) - 2543ffea-c5c6-4af0-856f-eb846bad755a: shutdown FollowerState
2019-10-19 01:14:23,972 [grpc-default-executor-5] INFO  impl.RaftServerImpl (RaftServerImpl.java:setRole(184)) - 61d14648-e80d-4cd8-9e7c-6deb2f21aca8@group-A3037D40E172: changes role from  FOLLOWER to FOLLOWER at term 13 for recognizeCandidate:f143d5cf-4038-4fa8-8601-f5a45f16ca3e
2019-10-19 01:14:23,972 [grpc-default-executor-5] INFO  impl.RoleInfo (RoleInfo.java:shutdownFollowerState(121)) - 61d14648-e80d-4cd8-9e7c-6deb2f21aca8: shutdown FollowerState
2019-10-19 01:14:23,972 [Thread-6466] INFO  impl.FollowerState (FollowerState.java:run(117)) - 2543ffea-c5c6-4af0-856f-eb846bad755a@group-A3037D40E172-FollowerState was interrupted: java.lang.InterruptedException: sleep interrupted
2019-10-19 01:14:23,972 [grpc-default-executor-10] INFO  impl.RoleInfo (RoleInfo.java:updateAndGet(143)) - 2543ffea-c5c6-4af0-856f-eb846bad755a: start FollowerState
2019-10-19 01:14:23,972 [grpc-default-executor-5] INFO  impl.RoleInfo (RoleInfo.java:updateAndGet(143)) - 61d14648-e80d-4cd8-9e7c-6deb2f21aca8: start FollowerState
2019-10-19 01:14:23,972 [Thread-6467] INFO  impl.FollowerState (FollowerState.java:run(117)) - 61d14648-e80d-4cd8-9e7c-6deb2f21aca8@group-A3037D40E172-FollowerState was interrupted: java.lang.InterruptedException: sleep interrupted
2019-10-19 01:14:23,986 [f143d5cf-4038-4fa8-8601-f5a45f16ca3e@group-A3037D40E172-LeaderElection643] INFO  impl.LeaderElection (LeaderElection.java:logAndReturn(56)) - f143d5cf-4038-4fa8-8601-f5a45f16ca3e@group-A3037D40E172-LeaderElection643: Election REJECTED; received 2 response(s) [f143d5cf-4038-4fa8-8601-f5a45f16ca3e<-2543ffea-c5c6-4af0-856f-eb846bad755a#0:FAIL-t13, f143d5cf-4038-4fa8-8601-f5a45f16ca3e<-61d14648-e80d-4cd8-9e7c-6deb2f21aca8#0:FAIL-t13] and 0 exception(s); f143d5cf-4038-4fa8-8601-f5a45f16ca3e@group-A3037D40E172:t13, leader=null, voted=f143d5cf-4038-4fa8-8601-f5a45f16ca3e, raftlog=f143d5cf-4038-4fa8-8601-f5a45f16ca3e@group-A3037D40E172-SegmentedRaftLog:OPENED:c-1,f-1,i0, conf=-1: [f143d5cf-4038-4fa8-8601-f5a45f16ca3e:192.168.69.71:40169, 2543ffea-c5c6-4af0-856f-eb846bad755a:192.168.69.71:45287, 61d14648-e80d-4cd8-9e7c-6deb2f21aca8:192.168.69.71:42247], old=null
2019-10-19 01:14:23,986 [f143d5cf-4038-4fa8-8601-f5a45f16ca3e@group-A3037D40E172-LeaderElection643] INFO  impl.RaftServerImpl (RaftServerImpl.java:setRole(184)) - f143d5cf-4038-4fa8-8601-f5a45f16ca3e@group-A3037D40E172: changes role from CANDIDATE to FOLLOWER at term 13 for DISCOVERED_A_NEW_TERM
2019-10-19 01:14:23,986 [f143d5cf-4038-4fa8-8601-f5a45f16ca3e@group-A3037D40E172-LeaderElection643] INFO  impl.RoleInfo (RoleInfo.java:shutdownLeaderElection(134)) - f143d5cf-4038-4fa8-8601-f5a45f16ca3e: shutdown LeaderElection
2019-10-19 01:14:23,986 [f143d5cf-4038-4fa8-8601-f5a45f16ca3e@group-A3037D40E172-LeaderElection643] INFO  impl.RoleInfo (RoleInfo.java:updateAndGet(143)) - f143d5cf-4038-4fa8-8601-f5a45f16ca3e: start FollowerState
2019-10-19 01:14:24,017 [Thread-6484] INFO  impl.FollowerState (FollowerState.java:run(108)) - 9c2d914d-67b1-4af9-8080-4d6ee007b506@group-20FCFA0487C4-FollowerState: change to CANDIDATE, lastRpcTime:79ms, electionTimeout:79ms
2019-10-19 01:14:24,017 [Thread-6484] INFO  impl.RoleInfo (RoleInfo.java:shutdownFollowerState(121)) - 9c2d914d-67b1-4af9-8080-4d6ee007b506: shutdown FollowerState
2019-10-19 01:14:24,017 [Thread-6484] INFO  impl.RaftServerImpl (RaftServerImpl.java:setRole(184)) - 9c2d914d-67b1-4af9-8080-4d6ee007b506@group-20FCFA0487C4: changes role from  FOLLOWER to CANDIDATE at term 14 for changeToCandidate
2019-10-19 01:14:24,017 [Thread-6484] INFO  impl.RoleInfo (RoleInfo.java:updateAndGet(143)) - 9c2d914d-67b1-4af9-8080-4d6ee007b506: start LeaderElection
2019-10-19 01:14:24,030 [9c2d914d-67b1-4af9-8080-4d6ee007b506@group-20FCFA0487C4-LeaderElection644] INFO  impl.LeaderElection (LeaderElection.java:askForVotes(178)) - 9c2d914d-67b1-4af9-8080-4d6ee007b506@group-20FCFA0487C4-LeaderElection644: begin an election at term 15 for -1: [88be3607-7667-471c-9070-7dfd13eb5ac8:192.168.69.71:32925, 9c2d914d-67b1-4af9-8080-4d6ee007b506:192.168.69.71:35462, 61d0b7dc-5f8b-422f-8693-c58167224d24:192.168.69.71:43479], old=null
2019-10-19 01:14:24,031 [grpc-default-executor-10] INFO  impl.RaftServerImpl (RaftServerImpl.java:setRole(184)) - 61d0b7dc-5f8b-422f-8693-c58167224d24@group-20FCFA0487C4: changes role from  FOLLOWER to FOLLOWER at term 15 for recognizeCandidate:9c2d914d-67b1-4af9-8080-4d6ee007b506
2019-10-19 01:14:24,031 [grpc-default-executor-10] INFO  impl.RoleInfo (RoleInfo.java:shutdownFollowerState(121)) - 61d0b7dc-5f8b-422f-8693-c58167224d24: shutdown FollowerState
2019-10-19 01:14:24,031 [grpc-default-executor-5] INFO  impl.RaftServerImpl (RaftServerImpl.java:setRole(184)) - 88be3607-7667-471c-9070-7dfd13eb5ac8@group-20FCFA0487C4: changes role from  FOLLOWER to FOLLOWER at term 15 for recognizeCandidate:9c2d914d-67b1-4af9-8080-4d6ee007b506
2019-10-19 01:14:24,031 [Thread-6483] INFO  impl.FollowerState (FollowerState.java:run(117)) - 61d0b7dc-5f8b-422f-8693-c58167224d24@group-20FCFA0487C4-FollowerState was interrupted: java.lang.InterruptedException: sleep interrupted
2019-10-19 01:14:24,031 [grpc-default-executor-10] INFO  impl.RoleInfo (RoleInfo.java:updateAndGet(143)) - 61d0b7dc-5f8b-422f-8693-c58167224d24: start FollowerState
2019-10-19 01:14:24,031 [grpc-default-executor-5] INFO  impl.RoleInfo (RoleInfo.java:shutdownFollowerState(121)) - 88be3607-7667-471c-9070-7dfd13eb5ac8: shutdown FollowerState
2019-10-19 01:14:24,032 [grpc-default-executor-5] INFO  impl.RoleInfo (RoleInfo.java:updateAndGet(143)) - 88be3607-7667-471c-9070-7dfd13eb5ac8: start FollowerState
2019-10-19 01:14:24,032 [Thread-6482] INFO  impl.FollowerState (FollowerState.java:run(117)) - 88be3607-7667-471c-9070-7dfd13eb5ac8@group-20FCFA0487C4-FollowerState was interrupted: java.lang.InterruptedException: sleep interrupted
2019-10-19 01:14:24,046 [9c2d914d-67b1-4af9-8080-4d6ee007b506@group-20FCFA0487C4-LeaderElection644] INFO  impl.LeaderElection (LeaderElection.java:logAndReturn(56)) - 9c2d914d-67b1-4af9-8080-4d6ee007b506@group-20FCFA0487C4-LeaderElection644: Election REJECTED; received 2 response(s) [9c2d914d-67b1-4af9-8080-4d6ee007b506<-88be3607-7667-471c-9070-7dfd13eb5ac8#0:FAIL-t15, 9c2d914d-67b1-4af9-8080-4d6ee007b506<-61d0b7dc-5f8b-422f-8693-c58167224d24#0:FAIL-t15] and 0 exception(s); 9c2d914d-67b1-4af9-8080-4d6ee007b506@group-20FCFA0487C4:t15, leader=null, voted=9c2d914d-67b1-4af9-8080-4d6ee007b506, raftlog=9c2d914d-67b1-4af9-8080-4d6ee007b506@group-20FCFA0487C4-SegmentedRaftLog:OPENED:c-1,f-1,i0, conf=-1: [88be3607-7667-471c-9070-7dfd13eb5ac8:192.168.69.71:32925, 9c2d914d-67b1-4af9-8080-4d6ee007b506:192.168.69.71:35462, 61d0b7dc-5f8b-422f-8693-c58167224d24:192.168.69.71:43479], old=null
2019-10-19 01:14:24,046 [9c2d914d-67b1-4af9-8080-4d6ee007b506@group-20FCFA0487C4-LeaderElection644] INFO  impl.RaftServerImpl (RaftServerImpl.java:setRole(184)) - 9c2d914d-67b1-4af9-8080-4d6ee007b506@group-20FCFA0487C4: changes role from CANDIDATE to FOLLOWER at term 15 for DISCOVERED_A_NEW_TERM
2019-10-19 01:14:24,046 [9c2d914d-67b1-4af9-8080-4d6ee007b506@group-20FCFA0487C4-LeaderElection644] INFO  impl.RoleInfo (RoleInfo.java:shutdownLeaderElection(134)) - 9c2d914d-67b1-4af9-8080-4d6ee007b506: shutdown LeaderElection
2019-10-19 01:14:24,046 [9c2d914d-67b1-4af9-8080-4d6ee007b506@group-20FCFA0487C4-LeaderElection644] INFO  impl.RoleInfo (RoleInfo.java:updateAndGet(143)) - 9c2d914d-67b1-4af9-8080-4d6ee007b506: start FollowerState
2019-10-19 01:14:24,169 [Thread-6490] INFO  impl.FollowerState (FollowerState.java:run(108)) - f143d5cf-4038-4fa8-8601-f5a45f16ca3e@group-A3037D40E172-FollowerState: change to CANDIDATE, lastRpcTime:183ms, electionTimeout:183ms
2019-10-19 01:14:24,169 [Thread-6490] INFO  impl.RoleInfo (RoleInfo.java:shutdownFollowerState(121)) - f143d5cf-4038-4fa8-8601-f5a45f16ca3e: shutdown FollowerState
2019-10-19 01:14:24,169 [Thread-6490] INFO  impl.RaftServerImpl (RaftServerImpl.java:setRole(184)) - f143d5cf-4038-4fa8-8601-f5a45f16ca3e@group-A3037D40E172: changes role from  FOLLOWER to CANDIDATE at term 13 for changeToCandidate
2019-10-19 01:14:24,169 [Thread-6490] INFO  impl.RoleInfo (RoleInfo.java:updateAndGet(143)) - f143d5cf-4038-4fa8-8601-f5a45f16ca3e: start LeaderElection
2019-10-19 01:14:24,182 [f143d5cf-4038-4fa8-8601-f5a45f16ca3e@group-A3037D40E172-LeaderElection645] INFO  impl.LeaderElection (LeaderElection.java:askForVotes(178)) - f143d5cf-4038-4fa8-8601-f5a45f16ca3e@group-A3037D40E172-LeaderElection645: begin an election at term 14 for -1: [f143d5cf-4038-4fa8-8601-f5a45f16ca3e:192.168.69.71:40169, 2543ffea-c5c6-4af0-856f-eb846bad755a:192.168.69.71:45287, 61d14648-e80d-4cd8-9e7c-6deb2f21aca8:192.168.69.71:42247], old=null
2019-10-19 01:14:24,184 [grpc-default-executor-10] INFO  impl.RaftServerImpl (RaftServerImpl.java:setRole(184)) - 61d14648-e80d-4cd8-9e7c-6deb2f21aca8@group-A3037D40E172: changes role from  FOLLOWER to FOLLOWER at term 14 for recognizeCandidate:f143d5cf-4038-4fa8-8601-f5a45f16ca3e
2019-10-19 01:14:24,184 [grpc-default-executor-10] INFO  impl.RoleInfo (RoleInfo.java:shutdownFollowerState(121)) - 61d14648-e80d-4cd8-9e7c-6deb2f21aca8: shutdown FollowerState
2019-10-19 01:14:24,184 [grpc-default-executor-5] INFO  impl.RaftServerImpl (RaftServerImpl.java:setRole(184)) - 2543ffea-c5c6-4af0-856f-eb846bad755a@group-A3037D40E172: changes role from  FOLLOWER to FOLLOWER at term 14 for recognizeCandidate:f143d5cf-4038-4fa8-8601-f5a45f16ca3e
2019-10-19 01:14:24,184 [Thread-6489] INFO  impl.FollowerState (FollowerState.java:run(117)) - 61d14648-e80d-4cd8-9e7c-6deb2f21aca8@group-A3037D40E172-FollowerState was interrupted: java.lang.InterruptedException: sleep interrupted
2019-10-19 01:14:24,184 [grpc-default-executor-10] INFO  impl.RoleInfo (RoleInfo.java:updateAndGet(143)) - 61d14648-e80d-4cd8-9e7c-6deb2f21aca8: start FollowerState
2019-10-19 01:14:24,184 [grpc-default-executor-5] INFO  impl.RoleInfo (RoleInfo.java:shutdownFollowerState(121)) - 2543ffea-c5c6-4af0-856f-eb846bad755a: shutdown FollowerState
2019-10-19 01:14:24,184 [grpc-default-executor-5] INFO  impl.RoleInfo (RoleInfo.java:updateAndGet(143)) - 2543ffea-c5c6-4af0-856f-eb846bad755a: start FollowerState
2019-10-19 01:14:24,184 [Thread-6488] INFO  impl.FollowerState (FollowerState.java:run(117)) - 2543ffea-c5c6-4af0-856f-eb846bad755a@group-A3037D40E172-FollowerState was interrupted: java.lang.InterruptedException: sleep interrupted
2019-10-19 01:14:24,201 [f143d5cf-4038-4fa8-8601-f5a45f16ca3e@group-A3037D40E172-LeaderElection645] INFO  impl.LeaderElection (LeaderElection.java:logAndReturn(56)) - f143d5cf-4038-4fa8-8601-f5a45f16ca3e@group-A3037D40E172-LeaderElection645: Election REJECTED; received 2 response(s) [f143d5cf-4038-4fa8-8601-f5a45f16ca3e<-2543ffea-c5c6-4af0-856f-eb846bad755a#0:FAIL-t14, f143d5cf-4038-4fa8-8601-f5a45f16ca3e<-61d14648-e80d-4cd8-9e7c-6deb2f21aca8#0:FAIL-t14] and 0 exception(s); f143d5cf-4038-4fa8-8601-f5a45f16ca3e@group-A3037D40E172:t14, leader=null, voted=f143d5cf-4038-4fa8-8601-f5a45f16ca3e, raftlog=f143d5cf-4038-4fa8-8601-f5a45f16ca3e@group-A3037D40E172-SegmentedRaftLog:OPENED:c-1,f-1,i0, conf=-1: [f143d5cf-4038-4fa8-8601-f5a45f16ca3e:192.168.69.71:40169, 2543ffea-c5c6-4af0-856f-eb846bad755a:192.168.69.71:45287, 61d14648-e80d-4cd8-9e7c-6deb2f21aca8:192.168.69.71:42247], old=null
2019-10-19 01:14:24,201 [f143d5cf-4038-4fa8-8601-f5a45f16ca3e@group-A3037D40E172-LeaderElection645] INFO  impl.RaftServerImpl (RaftServerImpl.java:setRole(184)) - f143d5cf-4038-4fa8-8601-f5a45f16ca3e@group-A3037D40E172: changes role from CANDIDATE to FOLLOWER at term 14 for DISCOVERED_A_NEW_TERM
2019-10-19 01:14:24,202 [f143d5cf-4038-4fa8-8601-f5a45f16ca3e@group-A3037D40E172-LeaderElection645] INFO  impl.RoleInfo (RoleInfo.java:shutdownLeaderElection(134)) - f143d5cf-4038-4fa8-8601-f5a45f16ca3e: shutdown LeaderElection
2019-10-19 01:14:24,202 [f143d5cf-4038-4fa8-8601-f5a45f16ca3e@group-A3037D40E172-LeaderElection645] INFO  impl.RoleInfo (RoleInfo.java:updateAndGet(143)) - f143d5cf-4038-4fa8-8601-f5a45f16ca3e: start FollowerState
2019-10-19 01:14:24,233 [Thread-6496] INFO  impl.FollowerState (FollowerState.java:run(108)) - 9c2d914d-67b1-4af9-8080-4d6ee007b506@group-20FCFA0487C4-FollowerState: change to CANDIDATE, lastRpcTime:187ms, electionTimeout:187ms
2019-10-19 01:14:24,233 [Thread-6496] INFO  impl.RoleInfo (RoleInfo.java:shutdownFollowerState(121)) - 9c2d914d-67b1-4af9-8080-4d6ee007b506: shutdown FollowerState
2019-10-19 01:14:24,233 [Thread-6496] INFO  impl.RaftServerImpl (RaftServerImpl.java:setRole(184)) - 9c2d914d-67b1-4af9-8080-4d6ee007b506@group-20FCFA0487C4: changes role from  FOLLOWER to CANDIDATE at term 15 for changeToCandidate
2019-10-19 01:14:24,233 [Thread-6496] INFO  impl.RoleInfo (RoleInfo.java:updateAndGet(143)) - 9c2d914d-67b1-4af9-8080-4d6ee007b506: start LeaderElection
2019-10-19 01:14:24,246 [9c2d914d-67b1-4af9-8080-4d6ee007b506@group-20FCFA0487C4-LeaderElection646] INFO  impl.LeaderElection (LeaderElection.java:askForVotes(178)) - 9c2d914d-67b1-4af9-8080-4d6ee007b506@group-20FCFA0487C4-LeaderElection646: begin an election at term 16 for -1: [88be3607-7667-471c-9070-7dfd13eb5ac8:192.168.69.71:32925, 9c2d914d-67b1-4af9-8080-4d6ee007b506:192.168.69.71:35462, 61d0b7dc-5f8b-422f-8693-c58167224d24:192.168.69.71:43479], old=null
2019-10-19 01:14:24,247 [grpc-default-executor-10] INFO  impl.RaftServerImpl (RaftServerImpl.java:setRole(184)) - 61d0b7dc-5f8b-422f-8693-c58167224d24@group-20FCFA0487C4: changes role from  FOLLOWER to FOLLOWER at term 16 for recognizeCandidate:9c2d914d-67b1-4af9-8080-4d6ee007b506
2019-10-19 01:14:24,247 [grpc-default-executor-5] INFO  impl.RaftServerImpl (RaftServerImpl.java:setRole(184)) - 88be3607-7667-471c-9070-7dfd13eb5ac8@group-20FCFA0487C4: changes role from  FOLLOWER to FOLLOWER at term 16 for recognizeCandidate:9c2d914d-67b1-4af9-8080-4d6ee007b506
2019-10-19 01:14:24,247 [grpc-default-executor-5] INFO  impl.RoleInfo (RoleInfo.java:shutdownFollowerState(121)) - 88be3607-7667-471c-9070-7dfd13eb5ac8: shutdown FollowerState
2019-10-19 01:14:24,247 [grpc-default-executor-10] INFO  impl.RoleInfo (RoleInfo.java:shutdownFollowerState(121)) - 61d0b7dc-5f8b-422f-8693-c58167224d24: shutdown FollowerState
2019-10-19 01:14:24,248 [Thread-6495] INFO  impl.FollowerState (FollowerState.java:run(117)) - 88be3607-7667-471c-9070-7dfd13eb5ac8@group-20FCFA0487C4-FollowerState was interrupted: java.lang.InterruptedException: sleep interrupted
2019-10-19 01:14:24,248 [Thread-6494] INFO  impl.FollowerState (FollowerState.java:run(117)) - 61d0b7dc-5f8b-422f-8693-c58167224d24@group-20FCFA0487C4-FollowerState was interrupted: java.lang.InterruptedException: sleep interrupted
2019-10-19 01:14:24,247 [grpc-default-executor-5] INFO  impl.RoleInfo (RoleInfo.java:updateAndGet(143)) - 88be3607-7667-471c-9070-7dfd13eb5ac8: start FollowerState
2019-10-19 01:14:24,248 [grpc-default-executor-10] INFO  impl.RoleInfo (RoleInfo.java:updateAndGet(143)) - 61d0b7dc-5f8b-422f-8693-c58167224d24: start FollowerState
2019-10-19 01:14:24,259 [9c2d914d-67b1-4af9-8080-4d6ee007b506@group-20FCFA0487C4-LeaderElection646] INFO  impl.LeaderElection (LeaderElection.java:logAndReturn(56)) - 9c2d914d-67b1-4af9-8080-4d6ee007b506@group-20FCFA0487C4-LeaderElection646: Election TIMEOUT; received 0 response(s) [] and 0 exception(s); 9c2d914d-67b1-4af9-8080-4d6ee007b506@group-20FCFA0487C4:t16, leader=null, voted=9c2d914d-67b1-4af9-8080-4d6ee007b506, raftlog=9c2d914d-67b1-4af9-8080-4d6ee007b506@group-20FCFA0487C4-SegmentedRaftLog:OPENED:c-1,f-1,i0, conf=-1: [88be3607-7667-471c-9070-7dfd13eb5ac8:192.168.69.71:32925, 9c2d914d-67b1-4af9-8080-4d6ee007b506:192.168.69.71:35462, 61d0b7dc-5f8b-422f-8693-c58167224d24:192.168.69.71:43479], old=null
2019-10-19 01:14:24,263 [9c2d914d-67b1-4af9-8080-4d6ee007b506@group-20FCFA0487C4-LeaderElection646] INFO  impl.LeaderElection (LeaderElection.java:askForVotes(178)) - 9c2d914d-67b1-4af9-8080-4d6ee007b506@group-20FCFA0487C4-LeaderElection646: begin an election at term 17 for -1: [88be3607-7667-471c-9070-7dfd13eb5ac8:192.168.69.71:32925, 9c2d914d-67b1-4af9-8080-4d6ee007b506:192.168.69.71:35462, 61d0b7dc-5f8b-422f-8693-c58167224d24:192.168.69.71:43479], old=null
2019-10-19 01:14:24,263 [grpc-default-executor-10] INFO  impl.RaftServerImpl (RaftServerImpl.java:setRole(184)) - 88be3607-7667-471c-9070-7dfd13eb5ac8@group-20FCFA0487C4: changes role from  FOLLOWER to FOLLOWER at term 17 for recognizeCandidate:9c2d914d-67b1-4af9-8080-4d6ee007b506
2019-10-19 01:14:24,264 [grpc-default-executor-10] INFO  impl.RoleInfo (RoleInfo.java:shutdownFollowerState(121)) - 88be3607-7667-471c-9070-7dfd13eb5ac8: shutdown FollowerState
2019-10-19 01:14:24,264 [grpc-default-executor-5] INFO  impl.RaftServerImpl (RaftServerImpl.java:setRole(184)) - 61d0b7dc-5f8b-422f-8693-c58167224d24@group-20FCFA0487C4: changes role from  FOLLOWER to FOLLOWER at term 17 for recognizeCandidate:9c2d914d-67b1-4af9-8080-4d6ee007b506
2019-10-19 01:14:24,264 [grpc-default-executor-5] INFO  impl.RoleInfo (RoleInfo.java:shutdownFollowerState(121)) - 61d0b7dc-5f8b-422f-8693-c58167224d24: shutdown FollowerState
2019-10-19 01:14:24,264 [Thread-6508] INFO  impl.FollowerState (FollowerState.java:run(117)) - 88be3607-7667-471c-9070-7dfd13eb5ac8@group-20FCFA0487C4-FollowerState was interrupted: java.lang.InterruptedException: sleep interrupted
2019-10-19 01:14:24,264 [grpc-default-executor-10] INFO  impl.RoleInfo (RoleInfo.java:updateAndGet(143)) - 88be3607-7667-471c-9070-7dfd13eb5ac8: start FollowerState
2019-10-19 01:14:24,264 [Thread-6509] INFO  impl.FollowerState (FollowerState.java:run(117)) - 61d0b7dc-5f8b-422f-8693-c58167224d24@group-20FCFA0487C4-FollowerState was interrupted: java.lang.InterruptedException: sleep interrupted
2019-10-19 01:14:24,264 [grpc-default-executor-5] INFO  impl.RoleInfo (RoleInfo.java:updateAndGet(143)) - 61d0b7dc-5f8b-422f-8693-c58167224d24: start FollowerState
2019-10-19 01:14:24,280 [9c2d914d-67b1-4af9-8080-4d6ee007b506@group-20FCFA0487C4-LeaderElection646] INFO  impl.LeaderElection (LeaderElection.java:logAndReturn(56)) - 9c2d914d-67b1-4af9-8080-4d6ee007b506@group-20FCFA0487C4-LeaderElection646: Election REJECTED; received 2 response(s) [9c2d914d-67b1-4af9-8080-4d6ee007b506<-88be3607-7667-471c-9070-7dfd13eb5ac8#0:FAIL-t17, 9c2d914d-67b1-4af9-8080-4d6ee007b506<-61d0b7dc-5f8b-422f-8693-c58167224d24#0:FAIL-t17] and 0 exception(s); 9c2d914d-67b1-4af9-8080-4d6ee007b506@group-20FCFA0487C4:t17, leader=null, voted=9c2d914d-67b1-4af9-8080-4d6ee007b506, raftlog=9c2d914d-67b1-4af9-8080-4d6ee007b506@group-20FCFA0487C4-SegmentedRaftLog:OPENED:c-1,f-1,i0, conf=-1: [88be3607-7667-471c-9070-7dfd13eb5ac8:192.168.69.71:32925, 9c2d914d-67b1-4af9-8080-4d6ee007b506:192.168.69.71:35462, 61d0b7dc-5f8b-422f-8693-c58167224d24:192.168.69.71:43479], old=null
2019-10-19 01:14:24,280 [9c2d914d-67b1-4af9-8080-4d6ee007b506@group-20FCFA0487C4-LeaderElection646] INFO  impl.RaftServerImpl (RaftServerImpl.java:setRole(184)) - 9c2d914d-67b1-4af9-8080-4d6ee007b506@group-20FCFA0487C4: changes role from CANDIDATE to FOLLOWER at term 17 for DISCOVERED_A_NEW_TERM
2019-10-19 01:14:24,280 [9c2d914d-67b1-4af9-8080-4d6ee007b506@group-20FCFA0487C4-LeaderElection646] INFO  impl.RoleInfo (RoleInfo.java:shutdownLeaderElection(134)) - 9c2d914d-67b1-4af9-8080-4d6ee007b506: shutdown LeaderElection
2019-10-19 01:14:24,280 [9c2d914d-67b1-4af9-8080-4d6ee007b506@group-20FCFA0487C4-LeaderElection646] INFO  impl.RoleInfo (RoleInfo.java:updateAndGet(143)) - 9c2d914d-67b1-4af9-8080-4d6ee007b506: start FollowerState
2019-10-19 01:14:24,301 [Thread-6504] INFO  impl.FollowerState (FollowerState.java:run(108)) - f143d5cf-4038-4fa8-8601-f5a45f16ca3e@group-A3037D40E172-FollowerState: change to CANDIDATE, lastRpcTime:99ms, electionTimeout:99ms
2019-10-19 01:14:24,301 [Thread-6504] INFO  impl.RoleInfo (RoleInfo.java:shutdownFollowerState(121)) - f143d5cf-4038-4fa8-8601-f5a45f16ca3e: shutdown FollowerState
2019-10-19 01:14:24,301 [Thread-6504] INFO  impl.RaftServerImpl (RaftServerImpl.java:setRole(184)) - f143d5cf-4038-4fa8-8601-f5a45f16ca3e@group-A3037D40E172: changes role from  FOLLOWER to CANDIDATE at term 14 for changeToCandidate
2019-10-19 01:14:24,301 [Thread-6504] INFO  impl.RoleInfo (RoleInfo.java:updateAndGet(143)) - f143d5cf-4038-4fa8-8601-f5a45f16ca3e: start LeaderElection
2019-10-19 01:14:24,314 [f143d5cf-4038-4fa8-8601-f5a45f16ca3e@group-A3037D40E172-LeaderElection647] INFO  impl.LeaderElection (LeaderElection.java:askForVotes(178)) - f143d5cf-4038-4fa8-8601-f5a45f16ca3e@group-A3037D40E172-LeaderElection647: begin an election at term 15 for -1: [f143d5cf-4038-4fa8-8601-f5a45f16ca3e:192.168.69.71:40169, 2543ffea-c5c6-4af0-856f-eb846bad755a:192.168.69.71:45287, 61d14648-e80d-4cd8-9e7c-6deb2f21aca8:192.168.69.71:42247], old=null
2019-10-19 01:14:24,315 [grpc-default-executor-5] INFO  impl.RaftServerImpl (RaftServerImpl.java:setRole(184)) - 2543ffea-c5c6-4af0-856f-eb846bad755a@group-A3037D40E172: changes role from  FOLLOWER to FOLLOWER at term 15 for recognizeCandidate:f143d5cf-4038-4fa8-8601-f5a45f16ca3e
2019-10-19 01:14:24,315 [grpc-default-executor-10] INFO  impl.RaftServerImpl (RaftServerImpl.java:setRole(184)) - 61d14648-e80d-4cd8-9e7c-6deb2f21aca8@group-A3037D40E172: changes role from  FOLLOWER to FOLLOWER at term 15 for recognizeCandidate:f143d5cf-4038-4fa8-8601-f5a45f16ca3e
2019-10-19 01:14:24,315 [grpc-default-executor-10] INFO  impl.RoleInfo (RoleInfo.java:shutdownFollowerState(121)) - 61d14648-e80d-4cd8-9e7c-6deb2f21aca8: shutdown FollowerState
2019-10-19 01:14:24,315 [grpc-default-executor-5] INFO  impl.RoleInfo (RoleInfo.java:shutdownFollowerState(121)) - 2543ffea-c5c6-4af0-856f-eb846bad755a: shutdown FollowerState
2019-10-19 01:14:24,315 [grpc-default-executor-10] INFO  impl.RoleInfo (RoleInfo.java:updateAndGet(143)) - 61d14648-e80d-4cd8-9e7c-6deb2f21aca8: start FollowerState
2019-10-19 01:14:24,315 [grpc-default-executor-5] INFO  impl.RoleInfo (RoleInfo.java:updateAndGet(143)) - 2543ffea-c5c6-4af0-856f-eb846bad755a: start FollowerState
2019-10-19 01:14:24,315 [Thread-6503] INFO  impl.FollowerState (FollowerState.java:run(117)) - 2543ffea-c5c6-4af0-856f-eb846bad755a@group-A3037D40E172-FollowerState was interrupted: java.lang.InterruptedException: sleep interrupted
2019-10-19 01:14:24,315 [Thread-6502] INFO  impl.FollowerState (FollowerState.java:run(117)) - 61d14648-e80d-4cd8-9e7c-6deb2f21aca8@group-A3037D40E172-FollowerState was interrupted: java.lang.InterruptedException: sleep interrupted
2019-10-19 01:14:24,329 [f143d5cf-4038-4fa8-8601-f5a45f16ca3e@group-A3037D40E172-LeaderElection647] INFO  impl.LeaderElection (LeaderElection.java:logAndReturn(56)) - f143d5cf-4038-4fa8-8601-f5a45f16ca3e@group-A3037D40E172-LeaderElection647: Election REJECTED; received 2 response(s) [f143d5cf-4038-4fa8-8601-f5a45f16ca3e<-2543ffea-c5c6-4af0-856f-eb846bad755a#0:FAIL-t15, f143d5cf-4038-4fa8-8601-f5a45f16ca3e<-61d14648-e80d-4cd8-9e7c-6deb2f21aca8#0:FAIL-t15] and 0 exception(s); f143d5cf-4038-4fa8-8601-f5a45f16ca3e@group-A3037D40E172:t15, leader=null, voted=f143d5cf-4038-4fa8-8601-f5a45f16ca3e, raftlog=f143d5cf-4038-4fa8-8601-f5a45f16ca3e@group-A3037D40E172-SegmentedRaftLog:OPENED:c-1,f-1,i0, conf=-1: [f143d5cf-4038-4fa8-8601-f5a45f16ca3e:192.168.69.71:40169, 2543ffea-c5c6-4af0-856f-eb846bad755a:192.168.69.71:45287, 61d14648-e80d-4cd8-9e7c-6deb2f21aca8:192.168.69.71:42247], old=null
2019-10-19 01:14:24,329 [f143d5cf-4038-4fa8-8601-f5a45f16ca3e@group-A3037D40E172-LeaderElection647] INFO  impl.RaftServerImpl (RaftServerImpl.java:setRole(184)) - f143d5cf-4038-4fa8-8601-f5a45f16ca3e@group-A3037D40E172: changes role from CANDIDATE to FOLLOWER at term 15 for DISCOVERED_A_NEW_TERM
2019-10-19 01:14:24,329 [f143d5cf-4038-4fa8-8601-f5a45f16ca3e@group-A3037D40E172-LeaderElection647] INFO  impl.RoleInfo (RoleInfo.java:shutdownLeaderElection(134)) - f143d5cf-4038-4fa8-8601-f5a45f16ca3e: shutdown LeaderElection
2019-10-19 01:14:24,329 [f143d5cf-4038-4fa8-8601-f5a45f16ca3e@group-A3037D40E172-LeaderElection647] INFO  impl.RoleInfo (RoleInfo.java:updateAndGet(143)) - f143d5cf-4038-4fa8-8601-f5a45f16ca3e: start FollowerState
2019-10-19 01:14:24,383 [Thread-6514] INFO  impl.FollowerState (FollowerState.java:run(108)) - 9c2d914d-67b1-4af9-8080-4d6ee007b506@group-20FCFA0487C4-FollowerState: change to CANDIDATE, lastRpcTime:102ms, electionTimeout:98ms
2019-10-19 01:14:24,383 [Thread-6514] INFO  impl.RoleInfo (RoleInfo.java:shutdownFollowerState(121)) - 9c2d914d-67b1-4af9-8080-4d6ee007b506: shutdown FollowerState
2019-10-19 01:14:24,383 [Thread-6514] INFO  impl.RaftServerImpl (RaftServerImpl.java:setRole(184)) - 9c2d914d-67b1-4af9-8080-4d6ee007b506@group-20FCFA0487C4: changes role from  FOLLOWER to CANDIDATE at term 17 for changeToCandidate
2019-10-19 01:14:24,384 [Thread-6514] INFO  impl.RoleInfo (RoleInfo.java:updateAndGet(143)) - 9c2d914d-67b1-4af9-8080-4d6ee007b506: start LeaderElection
2019-10-19 01:14:24,389 [Thread-6520] INFO  impl.FollowerState (FollowerState.java:run(108)) - f143d5cf-4038-4fa8-8601-f5a45f16ca3e@group-A3037D40E172-FollowerState: change to CANDIDATE, lastRpcTime:59ms, electionTimeout:59ms
2019-10-19 01:14:24,389 [Thread-6520] INFO  impl.RoleInfo (RoleInfo.java:shutdownFollowerState(121)) - f143d5cf-4038-4fa8-8601-f5a45f16ca3e: shutdown FollowerState
2019-10-19 01:14:24,389 [Thread-6520] INFO  impl.RaftServerImpl (RaftServerImpl.java:setRole(184)) - f143d5cf-4038-4fa8-8601-f5a45f16ca3e@group-A3037D40E172: changes role from  FOLLOWER to CANDIDATE at term 15 for changeToCandidate
2019-10-19 01:14:24,389 [Thread-6520] INFO  impl.RoleInfo (RoleInfo.java:updateAndGet(143)) - f143d5cf-4038-4fa8-8601-f5a45f16ca3e: start LeaderElection
2019-10-19 01:14:24,398 [f143d5cf-4038-4fa8-8601-f5a45f16ca3e@group-A3037D40E172-LeaderElection649] INFO  impl.LeaderElection (LeaderElection.java:askForVotes(178)) - f143d5cf-4038-4fa8-8601-f5a45f16ca3e@group-A3037D40E172-LeaderElection649: begin an election at term 16 for -1: [f143d5cf-4038-4fa8-8601-f5a45f16ca3e:192.168.69.71:40169, 2543ffea-c5c6-4af0-856f-eb846bad755a:192.168.69.71:45287, 61d14648-e80d-4cd8-9e7c-6deb2f21aca8:192.168.69.71:42247], old=null
2019-10-19 01:14:24,398 [9c2d914d-67b1-4af9-8080-4d6ee007b506@group-20FCFA0487C4-LeaderElection648] INFO  impl.LeaderElection (LeaderElection.java:askForVotes(178)) - 9c2d914d-67b1-4af9-8080-4d6ee007b506@group-20FCFA0487C4-LeaderElection648: begin an election at term 18 for -1: [88be3607-7667-471c-9070-7dfd13eb5ac8:192.168.69.71:32925, 9c2d914d-67b1-4af9-8080-4d6ee007b506:192.168.69.71:35462, 61d0b7dc-5f8b-422f-8693-c58167224d24:192.168.69.71:43479], old=null
2019-10-19 01:14:24,399 [grpc-default-executor-5] INFO  impl.RaftServerImpl (RaftServerImpl.java:setRole(184)) - 61d14648-e80d-4cd8-9e7c-6deb2f21aca8@group-A3037D40E172: changes role from  FOLLOWER to FOLLOWER at term 16 for recognizeCandidate:f143d5cf-4038-4fa8-8601-f5a45f16ca3e
2019-10-19 01:14:24,399 [grpc-default-executor-10] INFO  impl.RaftServerImpl (RaftServerImpl.java:setRole(184)) - 88be3607-7667-471c-9070-7dfd13eb5ac8@group-20FCFA0487C4: changes role from  FOLLOWER to FOLLOWER at term 18 for recognizeCandidate:9c2d914d-67b1-4af9-8080-4d6ee007b506
2019-10-19 01:14:24,399 [grpc-default-executor-3] INFO  impl.RaftServerImpl (RaftServerImpl.java:setRole(184)) - 2543ffea-c5c6-4af0-856f-eb846bad755a@group-A3037D40E172: changes role from  FOLLOWER to FOLLOWER at term 16 for recognizeCandidate:f143d5cf-4038-4fa8-8601-f5a45f16ca3e
2019-10-19 01:14:24,399 [grpc-default-executor-3] INFO  impl.RoleInfo (RoleInfo.java:shutdownFollowerState(121)) - 2543ffea-c5c6-4af0-856f-eb846bad755a: shutdown FollowerState
2019-10-19 01:14:24,399 [grpc-default-executor-9] INFO  impl.RaftServerImpl (RaftServerImpl.java:setRole(184)) - 61d0b7dc-5f8b-422f-8693-c58167224d24@group-20FCFA0487C4: changes role from  FOLLOWER to FOLLOWER at term 18 for recognizeCandidate:9c2d914d-67b1-4af9-8080-4d6ee007b506
2019-10-19 01:14:24,399 [grpc-default-executor-9] INFO  impl.RoleInfo (RoleInfo.java:shutdownFollowerState(121)) - 61d0b7dc-5f8b-422f-8693-c58167224d24: shutdown FollowerState
2019-10-19 01:14:24,399 [grpc-default-executor-5] INFO  impl.RoleInfo (RoleInfo.java:shutdownFollowerState(121)) - 61d14648-e80d-4cd8-9e7c-6deb2f21aca8: shutdown FollowerState
2019-10-19 01:14:24,400 [Thread-6513] INFO  impl.FollowerState (FollowerState.java:run(117)) - 61d0b7dc-5f8b-422f-8693-c58167224d24@group-20FCFA0487C4-FollowerState was interrupted: java.lang.InterruptedException: sleep interrupted
2019-10-19 01:14:24,400 [grpc-default-executor-9] INFO  impl.RoleInfo (RoleInfo.java:updateAndGet(143)) - 61d0b7dc-5f8b-422f-8693-c58167224d24: start FollowerState
2019-10-19 01:14:24,399 [Thread-6519] INFO  impl.FollowerState (FollowerState.java:run(117)) - 2543ffea-c5c6-4af0-856f-eb846bad755a@group-A3037D40E172-FollowerState was interrupted: java.lang.InterruptedException: sleep interrupted
2019-10-19 01:14:24,399 [grpc-default-executor-3] INFO  impl.RoleInfo (RoleInfo.java:updateAndGet(143)) - 2543ffea-c5c6-4af0-856f-eb846bad755a: start FollowerState
2019-10-19 01:14:24,399 [grpc-default-executor-10] INFO  impl.RoleInfo (RoleInfo.java:shutdownFollowerState(121)) - 88be3607-7667-471c-9070-7dfd13eb5ac8: shutdown FollowerState
2019-10-19 01:14:24,400 [Thread-6518] INFO  impl.FollowerState (FollowerState.java:run(117)) - 61d14648-e80d-4cd8-9e7c-6deb2f21aca8@group-A3037D40E172-FollowerState was interrupted: java.lang.InterruptedException: sleep interrupted
2019-10-19 01:14:24,400 [Thread-6512] INFO  impl.FollowerState (FollowerState.java:run(117)) - 88be3607-7667-471c-9070-7dfd13eb5ac8@group-20FCFA0487C4-FollowerState was interrupted: java.lang.InterruptedException: sleep interrupted
2019-10-19 01:14:24,400 [grpc-default-executor-5] INFO  impl.RoleInfo (RoleInfo.java:updateAndGet(143)) - 61d14648-e80d-4cd8-9e7c-6deb2f21aca8: start FollowerState
2019-10-19 01:14:24,400 [grpc-default-executor-10] INFO  impl.RoleInfo (RoleInfo.java:updateAndGet(143)) - 88be3607-7667-471c-9070-7dfd13eb5ac8: start FollowerState
2019-10-19 01:14:24,414 [9c2d914d-67b1-4af9-8080-4d6ee007b506@group-20FCFA0487C4-LeaderElection648] INFO  impl.LeaderElection (LeaderElection.java:logAndReturn(56)) - 9c2d914d-67b1-4af9-8080-4d6ee007b506@group-20FCFA0487C4-LeaderElection648: Election REJECTED; received 2 response(s) [9c2d914d-67b1-4af9-8080-4d6ee007b506<-88be3607-7667-471c-9070-7dfd13eb5ac8#0:FAIL-t18, 9c2d914d-67b1-4af9-8080-4d6ee007b506<-61d0b7dc-5f8b-422f-8693-c58167224d24#0:FAIL-t18] and 0 exception(s); 9c2d914d-67b1-4af9-8080-4d6ee007b506@group-20FCFA0487C4:t18, leader=null, voted=9c2d914d-67b1-4af9-8080-4d6ee007b506, raftlog=9c2d914d-67b1-4af9-8080-4d6ee007b506@group-20FCFA0487C4-SegmentedRaftLog:OPENED:c-1,f-1,i0, conf=-1: [88be3607-7667-471c-9070-7dfd13eb5ac8:192.168.69.71:32925, 9c2d914d-67b1-4af9-8080-4d6ee007b506:192.168.69.71:35462, 61d0b7dc-5f8b-422f-8693-c58167224d24:192.168.69.71:43479], old=null
2019-10-19 01:14:24,414 [f143d5cf-4038-4fa8-8601-f5a45f16ca3e@group-A3037D40E172-LeaderElection649] INFO  impl.LeaderElection (LeaderElection.java:logAndReturn(56)) - f143d5cf-4038-4fa8-8601-f5a45f16ca3e@group-A3037D40E172-LeaderElection649: Election REJECTED; received 2 response(s) [f143d5cf-4038-4fa8-8601-f5a45f16ca3e<-2543ffea-c5c6-4af0-856f-eb846bad755a#0:FAIL-t16, f143d5cf-4038-4fa8-8601-f5a45f16ca3e<-61d14648-e80d-4cd8-9e7c-6deb2f21aca8#0:FAIL-t16] and 0 exception(s); f143d5cf-4038-4fa8-8601-f5a45f16ca3e@group-A3037D40E172:t16, leader=null, voted=f143d5cf-4038-4fa8-8601-f5a45f16ca3e, raftlog=f143d5cf-4038-4fa8-8601-f5a45f16ca3e@group-A3037D40E172-SegmentedRaftLog:OPENED:c-1,f-1,i0, conf=-1: [f143d5cf-4038-4fa8-8601-f5a45f16ca3e:192.168.69.71:40169, 2543ffea-c5c6-4af0-856f-eb846bad755a:192.168.69.71:45287, 61d14648-e80d-4cd8-9e7c-6deb2f21aca8:192.168.69.71:42247], old=null
2019-10-19 01:14:24,414 [9c2d914d-67b1-4af9-8080-4d6ee007b506@group-20FCFA0487C4-LeaderElection648] INFO  impl.RaftServerImpl (RaftServerImpl.java:setRole(184)) - 9c2d914d-67b1-4af9-8080-4d6ee007b506@group-20FCFA0487C4: changes role from CANDIDATE to FOLLOWER at term 18 for DISCOVERED_A_NEW_TERM
2019-10-19 01:14:24,414 [f143d5cf-4038-4fa8-8601-f5a45f16ca3e@group-A3037D40E172-LeaderElection649] INFO  impl.RaftServerImpl (RaftServerImpl.java:setRole(184)) - f143d5cf-4038-4fa8-8601-f5a45f16ca3e@group-A3037D40E172: changes role from CANDIDATE to FOLLOWER at term 16 for DISCOVERED_A_NEW_TERM
2019-10-19 01:14:24,414 [9c2d914d-67b1-4af9-8080-4d6ee007b506@group-20FCFA0487C4-LeaderElection648] INFO  impl.RoleInfo (RoleInfo.java:shutdownLeaderElection(134)) - 9c2d914d-67b1-4af9-8080-4d6ee007b506: shutdown LeaderElection
2019-10-19 01:14:24,414 [f143d5cf-4038-4fa8-8601-f5a45f16ca3e@group-A3037D40E172-LeaderElection649] INFO  impl.RoleInfo (RoleInfo.java:shutdownLeaderElection(134)) - f143d5cf-4038-4fa8-8601-f5a45f16ca3e: shutdown LeaderElection
2019-10-19 01:14:24,414 [9c2d914d-67b1-4af9-8080-4d6ee007b506@group-20FCFA0487C4-LeaderElection648] INFO  impl.RoleInfo (RoleInfo.java:updateAndGet(143)) - 9c2d914d-67b1-4af9-8080-4d6ee007b506: start FollowerState
2019-10-19 01:14:24,415 [f143d5cf-4038-4fa8-8601-f5a45f16ca3e@group-A3037D40E172-LeaderElection649] INFO  impl.RoleInfo (RoleInfo.java:updateAndGet(143)) - f143d5cf-4038-4fa8-8601-f5a45f16ca3e: start FollowerState
2019-10-19 01:14:24,424 [Thread-6531] INFO  impl.FollowerState (FollowerState.java:run(108)) - 9c2d914d-67b1-4af9-8080-4d6ee007b506@group-20FCFA0487C4-FollowerState: change to CANDIDATE, lastRpcTime:9ms, electionTimeout:9ms
2019-10-19 01:14:24,424 [Thread-6531] INFO  impl.RoleInfo (RoleInfo.java:shutdownFollowerState(121)) - 9c2d914d-67b1-4af9-8080-4d6ee007b506: shutdown FollowerState
2019-10-19 01:14:24,424 [Thread-6531] INFO  impl.RaftServerImpl (RaftServerImpl.java:setRole(184)) - 9c2d914d-67b1-4af9-8080-4d6ee007b506@group-20FCFA0487C4: changes role from  FOLLOWER to CANDIDATE at term 18 for changeToCandidate
2019-10-19 01:14:24,424 [Thread-6531] INFO  impl.RoleInfo (RoleInfo.java:updateAndGet(143)) - 9c2d914d-67b1-4af9-8080-4d6ee007b506: start LeaderElection
2019-10-19 01:14:24,437 [9c2d914d-67b1-4af9-8080-4d6ee007b506@group-20FCFA0487C4-LeaderElection650] INFO  impl.LeaderElection (LeaderElection.java:askForVotes(178)) - 9c2d914d-67b1-4af9-8080-4d6ee007b506@group-20FCFA0487C4-LeaderElection650: begin an election at term 19 for -1: [88be3607-7667-471c-9070-7dfd13eb5ac8:192.168.69.71:32925, 9c2d914d-67b1-4af9-8080-4d6ee007b506:192.168.69.71:35462, 61d0b7dc-5f8b-422f-8693-c58167224d24:192.168.69.71:43479], old=null
2019-10-19 01:14:24,437 [grpc-default-executor-3] INFO  impl.RaftServerImpl (RaftServerImpl.java:setRole(184)) - 88be3607-7667-471c-9070-7dfd13eb5ac8@group-20FCFA0487C4: changes role from  FOLLOWER to FOLLOWER at term 19 for recognizeCandidate:9c2d914d-67b1-4af9-8080-4d6ee007b506
2019-10-19 01:14:24,438 [grpc-default-executor-3] INFO  impl.RoleInfo (RoleInfo.java:shutdownFollowerState(121)) - 88be3607-7667-471c-9070-7dfd13eb5ac8: shutdown FollowerState
2019-10-19 01:14:24,437 [grpc-default-executor-5] INFO  impl.RaftServerImpl (RaftServerImpl.java:setRole(184)) - 61d0b7dc-5f8b-422f-8693-c58167224d24@group-20FCFA0487C4: changes role from  FOLLOWER to FOLLOWER at term 19 for recognizeCandidate:9c2d914d-67b1-4af9-8080-4d6ee007b506
2019-10-19 01:14:24,438 [Thread-6530] INFO  impl.FollowerState (FollowerState.java:run(117)) - 88be3607-7667-471c-9070-7dfd13eb5ac8@group-20FCFA0487C4-FollowerState was interrupted: java.lang.InterruptedException: sleep interrupted
2019-10-19 01:14:24,438 [grpc-default-executor-3] INFO  impl.RoleInfo (RoleInfo.java:updateAndGet(143)) - 88be3607-7667-471c-9070-7dfd13eb5ac8: start FollowerState
2019-10-19 01:14:24,438 [grpc-default-executor-5] INFO  impl.RoleInfo (RoleInfo.java:shutdownFollowerState(121)) - 61d0b7dc-5f8b-422f-8693-c58167224d24: shutdown FollowerState
2019-10-19 01:14:24,438 [grpc-default-executor-5] INFO  impl.RoleInfo (RoleInfo.java:updateAndGet(143)) - 61d0b7dc-5f8b-422f-8693-c58167224d24: start FollowerState
2019-10-19 01:14:24,438 [Thread-6528] INFO  impl.FollowerState (FollowerState.java:run(117)) - 61d0b7dc-5f8b-422f-8693-c58167224d24@group-20FCFA0487C4-FollowerState was interrupted: java.lang.InterruptedException: sleep interrupted
2019-10-19 01:14:24,455 [9c2d914d-67b1-4af9-8080-4d6ee007b506@group-20FCFA0487C4-LeaderElection650] INFO  impl.LeaderElection (LeaderElection.java:logAndReturn(56)) - 9c2d914d-67b1-4af9-8080-4d6ee007b506@group-20FCFA0487C4-LeaderElection650: Election REJECTED; received 2 response(s) [9c2d914d-67b1-4af9-8080-4d6ee007b506<-88be3607-7667-471c-9070-7dfd13eb5ac8#0:FAIL-t19, 9c2d914d-67b1-4af9-8080-4d6ee007b506<-61d0b7dc-5f8b-422f-8693-c58167224d24#0:FAIL-t19] and 0 exception(s); 9c2d914d-67b1-4af9-8080-4d6ee007b506@group-20FCFA0487C4:t19, leader=null, voted=9c2d914d-67b1-4af9-8080-4d6ee007b506, raftlog=9c2d914d-67b1-4af9-8080-4d6ee007b506@group-20FCFA0487C4-SegmentedRaftLog:OPENED:c-1,f-1,i0, conf=-1: [88be3607-7667-471c-9070-7dfd13eb5ac8:192.168.69.71:32925, 9c2d914d-67b1-4af9-8080-4d6ee007b506:192.168.69.71:35462, 61d0b7dc-5f8b-422f-8693-c58167224d24:192.168.69.71:43479], old=null
2019-10-19 01:14:24,455 [9c2d914d-67b1-4af9-8080-4d6ee007b506@group-20FCFA0487C4-LeaderElection650] INFO  impl.RaftServerImpl (RaftServerImpl.java:setRole(184)) - 9c2d914d-67b1-4af9-8080-4d6ee007b506@group-20FCFA0487C4: changes role from CANDIDATE to FOLLOWER at term 19 for DISCOVERED_A_NEW_TERM
2019-10-19 01:14:24,455 [9c2d914d-67b1-4af9-8080-4d6ee007b506@group-20FCFA0487C4-LeaderElection650] INFO  impl.RoleInfo (RoleInfo.java:shutdownLeaderElection(134)) - 9c2d914d-67b1-4af9-8080-4d6ee007b506: shutdown LeaderElection
2019-10-19 01:14:24,455 [9c2d914d-67b1-4af9-8080-4d6ee007b506@group-20FCFA0487C4-LeaderElection650] INFO  impl.RoleInfo (RoleInfo.java:updateAndGet(143)) - 9c2d914d-67b1-4af9-8080-4d6ee007b506: start FollowerState
2019-10-19 01:14:24,458 [Thread-6532] INFO  impl.FollowerState (FollowerState.java:run(108)) - f143d5cf-4038-4fa8-8601-f5a45f16ca3e@group-A3037D40E172-FollowerState: change to CANDIDATE, lastRpcTime:43ms, electionTimeout:43ms
2019-10-19 01:14:24,458 [Thread-6532] INFO  impl.RoleInfo (RoleInfo.java:shutdownFollowerState(121)) - f143d5cf-4038-4fa8-8601-f5a45f16ca3e: shutdown FollowerState
2019-10-19 01:14:24,458 [Thread-6532] INFO  impl.RaftServerImpl (RaftServerImpl.java:setRole(184)) - f143d5cf-4038-4fa8-8601-f5a45f16ca3e@group-A3037D40E172: changes role from  FOLLOWER to CANDIDATE at term 16 for changeToCandidate
2019-10-19 01:14:24,458 [Thread-6532] INFO  impl.RoleInfo (RoleInfo.java:updateAndGet(143)) - f143d5cf-4038-4fa8-8601-f5a45f16ca3e: start LeaderElection
2019-10-19 01:14:24,490 [f143d5cf-4038-4fa8-8601-f5a45f16ca3e@group-A3037D40E172-LeaderElection651] INFO  impl.LeaderElection (LeaderElection.java:askForVotes(178)) - f143d5cf-4038-4fa8-8601-f5a45f16ca3e@group-A3037D40E172-LeaderElection651: begin an election at term 17 for -1: [f143d5cf-4038-4fa8-8601-f5a45f16ca3e:192.168.69.71:40169, 2543ffea-c5c6-4af0-856f-eb846bad755a:192.168.69.71:45287, 61d14648-e80d-4cd8-9e7c-6deb2f21aca8:192.168.69.71:42247], old=null
2019-10-19 01:14:24,491 [grpc-default-executor-3] INFO  impl.RaftServerImpl (RaftServerImpl.java:setRole(184)) - 61d14648-e80d-4cd8-9e7c-6deb2f21aca8@group-A3037D40E172: changes role from  FOLLOWER to FOLLOWER at term 17 for recognizeCandidate:f143d5cf-4038-4fa8-8601-f5a45f16ca3e
2019-10-19 01:14:24,491 [grpc-default-executor-5] INFO  impl.RaftServerImpl (RaftServerImpl.java:setRole(184)) - 2543ffea-c5c6-4af0-856f-eb846bad755a@group-A3037D40E172: changes role from  FOLLOWER to FOLLOWER at term 17 for recognizeCandidate:f143d5cf-4038-4fa8-8601-f5a45f16ca3e
2019-10-19 01:14:24,491 [grpc-default-executor-5] INFO  impl.RoleInfo (RoleInfo.java:shutdownFollowerState(121)) - 2543ffea-c5c6-4af0-856f-eb846bad755a: shutdown FollowerState
2019-10-19 01:14:24,491 [grpc-default-executor-3] INFO  impl.RoleInfo (RoleInfo.java:shutdownFollowerState(121)) - 61d14648-e80d-4cd8-9e7c-6deb2f21aca8: shutdown FollowerState
2019-10-19 01:14:24,491 [Thread-6527] INFO  impl.FollowerState (FollowerState.java:run(117)) - 2543ffea-c5c6-4af0-856f-eb846bad755a@group-A3037D40E172-FollowerState was interrupted: java.lang.InterruptedException: sleep interrupted
2019-10-19 01:14:24,491 [grpc-default-executor-5] INFO  impl.RoleInfo (RoleInfo.java:updateAndGet(143)) - 2543ffea-c5c6-4af0-856f-eb846bad755a: start FollowerState
2019-10-19 01:14:24,491 [Thread-6529] INFO  impl.FollowerState (FollowerState.java:run(117)) - 61d14648-e80d-4cd8-9e7c-6deb2f21aca8@group-A3037D40E172-FollowerState was interrupted: java.lang.InterruptedException: sleep interrupted
2019-10-19 01:14:24,491 [grpc-default-executor-3] INFO  impl.RoleInfo (RoleInfo.java:updateAndGet(143)) - 61d14648-e80d-4cd8-9e7c-6deb2f21aca8: start FollowerState
2019-10-19 01:14:24,505 [f143d5cf-4038-4fa8-8601-f5a45f16ca3e@group-A3037D40E172-LeaderElection651] INFO  impl.LeaderElection (LeaderElection.java:logAndReturn(56)) - f143d5cf-4038-4fa8-8601-f5a45f16ca3e@group-A3037D40E172-LeaderElection651: Election REJECTED; received 2 response(s) [f143d5cf-4038-4fa8-8601-f5a45f16ca3e<-2543ffea-c5c6-4af0-856f-eb846bad755a#0:FAIL-t17, f143d5cf-4038-4fa8-8601-f5a45f16ca3e<-61d14648-e80d-4cd8-9e7c-6deb2f21aca8#0:FAIL-t17] and 0 exception(s); f143d5cf-4038-4fa8-8601-f5a45f16ca3e@group-A3037D40E172:t17, leader=null, voted=f143d5cf-4038-4fa8-8601-f5a45f16ca3e, raftlog=f143d5cf-4038-4fa8-8601-f5a45f16ca3e@group-A3037D40E172-SegmentedRaftLog:OPENED:c-1,f-1,i0, conf=-1: [f143d5cf-4038-4fa8-8601-f5a45f16ca3e:192.168.69.71:40169, 2543ffea-c5c6-4af0-856f-eb846bad755a:192.168.69.71:45287, 61d14648-e80d-4cd8-9e7c-6deb2f21aca8:192.168.69.71:42247], old=null
2019-10-19 01:14:24,505 [f143d5cf-4038-4fa8-8601-f5a45f16ca3e@group-A3037D40E172-LeaderElection651] INFO  impl.RaftServerImpl (RaftServerImpl.java:setRole(184)) - f143d5cf-4038-4fa8-8601-f5a45f16ca3e@group-A3037D40E172: changes role from CANDIDATE to FOLLOWER at term 17 for DISCOVERED_A_NEW_TERM
2019-10-19 01:14:24,505 [f143d5cf-4038-4fa8-8601-f5a45f16ca3e@group-A3037D40E172-LeaderElection651] INFO  impl.RoleInfo (RoleInfo.java:shutdownLeaderElection(134)) - f143d5cf-4038-4fa8-8601-f5a45f16ca3e: shutdown LeaderElection
2019-10-19 01:14:24,505 [f143d5cf-4038-4fa8-8601-f5a45f16ca3e@group-A3037D40E172-LeaderElection651] INFO  impl.RoleInfo (RoleInfo.java:updateAndGet(143)) - f143d5cf-4038-4fa8-8601-f5a45f16ca3e: start FollowerState
2019-10-19 01:14:24,582 [Thread-6538] INFO  impl.FollowerState (FollowerState.java:run(108)) - 9c2d914d-67b1-4af9-8080-4d6ee007b506@group-20FCFA0487C4-FollowerState: change to CANDIDATE, lastRpcTime:127ms, electionTimeout:127ms
2019-10-19 01:14:24,582 [Thread-6538] INFO  impl.RoleInfo (RoleInfo.java:shutdownFollowerState(121)) - 9c2d914d-67b1-4af9-8080-4d6ee007b506: shutdown FollowerState
2019-10-19 01:14:24,582 [Thread-6538] INFO  impl.RaftServerImpl (RaftServerImpl.java:setRole(184)) - 9c2d914d-67b1-4af9-8080-4d6ee007b506@group-20FCFA0487C4: changes role from  FOLLOWER to CANDIDATE at term 19 for changeToCandidate
2019-10-19 01:14:24,582 [Thread-6538] INFO  impl.RoleInfo (RoleInfo.java:updateAndGet(143)) - 9c2d914d-67b1-4af9-8080-4d6ee007b506: start LeaderElection
2019-10-19 01:14:24,590 [Thread-6544] INFO  impl.FollowerState (FollowerState.java:run(108)) - f143d5cf-4038-4fa8-8601-f5a45f16ca3e@group-A3037D40E172-FollowerState: change to CANDIDATE, lastRpcTime:84ms, electionTimeout:84ms
2019-10-19 01:14:24,590 [Thread-6544] INFO  impl.RoleInfo (RoleInfo.java:shutdownFollowerState(121)) - f143d5cf-4038-4fa8-8601-f5a45f16ca3e: shutdown FollowerState
2019-10-19 01:14:24,590 [Thread-6544] INFO  impl.RaftServerImpl (RaftServerImpl.java:setRole(184)) - f143d5cf-4038-4fa8-8601-f5a45f16ca3e@group-A3037D40E172: changes role from  FOLLOWER to CANDIDATE at term 17 for changeToCandidate
2019-10-19 01:14:24,590 [Thread-6544] INFO  impl.RoleInfo (RoleInfo.java:updateAndGet(143)) - f143d5cf-4038-4fa8-8601-f5a45f16ca3e: start LeaderElection
2019-10-19 01:14:24,596 [f143d5cf-4038-4fa8-8601-f5a45f16ca3e@group-A3037D40E172-LeaderElection653] INFO  impl.LeaderElection (LeaderElection.java:askForVotes(178)) - f143d5cf-4038-4fa8-8601-f5a45f16ca3e@group-A3037D40E172-LeaderElection653: begin an election at term 18 for -1: [f143d5cf-4038-4fa8-8601-f5a45f16ca3e:192.168.69.71:40169, 2543ffea-c5c6-4af0-856f-eb846bad755a:192.168.69.71:45287, 61d14648-e80d-4cd8-9e7c-6deb2f21aca8:192.168.69.71:42247], old=null
2019-10-19 01:14:24,596 [9c2d914d-67b1-4af9-8080-4d6ee007b506@group-20FCFA0487C4-LeaderElection652] INFO  impl.LeaderElection (LeaderElection.java:askForVotes(178)) - 9c2d914d-67b1-4af9-8080-4d6ee007b506@group-20FCFA0487C4-LeaderElection652: begin an election at term 20 for -1: [88be3607-7667-471c-9070-7dfd13eb5ac8:192.168.69.71:32925, 9c2d914d-67b1-4af9-8080-4d6ee007b506:192.168.69.71:35462, 61d0b7dc-5f8b-422f-8693-c58167224d24:192.168.69.71:43479], old=null
2019-10-19 01:14:24,597 [grpc-default-executor-5] INFO  impl.RaftServerImpl (RaftServerImpl.java:setRole(184)) - 61d14648-e80d-4cd8-9e7c-6deb2f21aca8@group-A3037D40E172: changes role from  FOLLOWER to FOLLOWER at term 18 for recognizeCandidate:f143d5cf-4038-4fa8-8601-f5a45f16ca3e
2019-10-19 01:14:24,597 [grpc-default-executor-3] INFO  impl.RaftServerImpl (RaftServerImpl.java:setRole(184)) - 88be3607-7667-471c-9070-7dfd13eb5ac8@group-20FCFA0487C4: changes role from  FOLLOWER to FOLLOWER at term 20 for recognizeCandidate:9c2d914d-67b1-4af9-8080-4d6ee007b506
2019-10-19 01:14:24,597 [grpc-default-executor-10] INFO  impl.RaftServerImpl (RaftServerImpl.java:setRole(184)) - 2543ffea-c5c6-4af0-856f-eb846bad755a@group-A3037D40E172: changes role from  FOLLOWER to FOLLOWER at term 18 for recognizeCandidate:f143d5cf-4038-4fa8-8601-f5a45f16ca3e
2019-10-19 01:14:24,597 [grpc-default-executor-3] INFO  impl.RoleInfo (RoleInfo.java:shutdownFollowerState(121)) - 88be3607-7667-471c-9070-7dfd13eb5ac8: shutdown FollowerState
2019-10-19 01:14:24,597 [grpc-default-executor-5] INFO  impl.RoleInfo (RoleInfo.java:shutdownFollowerState(121)) - 61d14648-e80d-4cd8-9e7c-6deb2f21aca8: shutdown FollowerState
2019-10-19 01:14:24,597 [grpc-default-executor-9] INFO  impl.RaftServerImpl (RaftServerImpl.java:setRole(184)) - 61d0b7dc-5f8b-422f-8693-c58167224d24@group-20FCFA0487C4: changes role from  FOLLOWER to FOLLOWER at term 20 for recognizeCandidate:9c2d914d-67b1-4af9-8080-4d6ee007b506
2019-10-19 01:14:24,598 [grpc-default-executor-5] INFO  impl.RoleInfo (RoleInfo.java:updateAndGet(143)) - 61d14648-e80d-4cd8-9e7c-6deb2f21aca8: start FollowerState
2019-10-19 01:14:24,598 [Thread-6543] INFO  impl.FollowerState (FollowerState.java:run(117)) - 61d14648-e80d-4cd8-9e7c-6deb2f21aca8@group-A3037D40E172-FollowerState was interrupted: java.lang.InterruptedException: sleep interrupted
2019-10-19 01:14:24,598 [Thread-6536] INFO  impl.FollowerState (FollowerState.java:run(117)) - 88be3607-7667-471c-9070-7dfd13eb5ac8@group-20FCFA0487C4-FollowerState was interrupted: java.lang.InterruptedException: sleep interrupted
2019-10-19 01:14:24,598 [grpc-default-executor-3] INFO  impl.RoleInfo (RoleInfo.java:updateAndGet(143)) - 88be3607-7667-471c-9070-7dfd13eb5ac8: start FollowerState
2019-10-19 01:14:24,597 [grpc-default-executor-10] INFO  impl.RoleInfo (RoleInfo.java:shutdownFollowerState(121)) - 2543ffea-c5c6-4af0-856f-eb846bad755a: shutdown FollowerState
2019-10-19 01:14:24,598 [grpc-default-executor-10] INFO  impl.RoleInfo (RoleInfo.java:updateAndGet(143)) - 2543ffea-c5c6-4af0-856f-eb846bad755a: start FollowerState
2019-10-19 01:14:24,598 [grpc-default-executor-9] INFO  impl.RoleInfo (RoleInfo.java:shutdownFollowerState(121)) - 61d0b7dc-5f8b-422f-8693-c58167224d24: shutdown FollowerState
2019-10-19 01:14:24,598 [Thread-6542] INFO  impl.FollowerState (FollowerState.java:run(117)) - 2543ffea-c5c6-4af0-856f-eb846bad755a@group-A3037D40E172-FollowerState was interrupted: java.lang.InterruptedException: sleep interrupted
2019-10-19 01:14:24,599 [grpc-default-executor-9] INFO  impl.RoleInfo (RoleInfo.java:updateAndGet(143)) - 61d0b7dc-5f8b-422f-8693-c58167224d24: start FollowerState
2019-10-19 01:14:24,599 [Thread-6537] INFO  impl.FollowerState (FollowerState.java:run(117)) - 61d0b7dc-5f8b-422f-8693-c58167224d24@group-20FCFA0487C4-FollowerState was interrupted: java.lang.InterruptedException: sleep interrupted
2019-10-19 01:14:24,612 [9c2d914d-67b1-4af9-8080-4d6ee007b506@group-20FCFA0487C4-LeaderElection652] INFO  impl.LeaderElection (LeaderElection.java:logAndReturn(56)) - 9c2d914d-67b1-4af9-8080-4d6ee007b506@group-20FCFA0487C4-LeaderElection652: Election REJECTED; received 2 response(s) [9c2d914d-67b1-4af9-8080-4d6ee007b506<-88be3607-7667-471c-9070-7dfd13eb5ac8#0:FAIL-t20, 9c2d914d-67b1-4af9-8080-4d6ee007b506<-61d0b7dc-5f8b-422f-8693-c58167224d24#0:FAIL-t20] and 0 exception(s); 9c2d914d-67b1-4af9-8080-4d6ee007b506@group-20FCFA0487C4:t20, leader=null, voted=9c2d914d-67b1-4af9-8080-4d6ee007b506, raftlog=9c2d914d-67b1-4af9-8080-4d6ee007b506@group-20FCFA0487C4-SegmentedRaftLog:OPENED:c-1,f-1,i0, conf=-1: [88be3607-7667-471c-9070-7dfd13eb5ac8:192.168.69.71:32925, 9c2d914d-67b1-4af9-8080-4d6ee007b506:192.168.69.71:35462, 61d0b7dc-5f8b-422f-8693-c58167224d24:192.168.69.71:43479], old=null
2019-10-19 01:14:24,612 [9c2d914d-67b1-4af9-8080-4d6ee007b506@group-20FCFA0487C4-LeaderElection652] INFO  impl.RaftServerImpl (RaftServerImpl.java:setRole(184)) - 9c2d914d-67b1-4af9-8080-4d6ee007b506@group-20FCFA0487C4: changes role from CANDIDATE to FOLLOWER at term 20 for DISCOVERED_A_NEW_TERM
2019-10-19 01:14:24,612 [9c2d914d-67b1-4af9-8080-4d6ee007b506@group-20FCFA0487C4-LeaderElection652] INFO  impl.RoleInfo (RoleInfo.java:shutdownLeaderElection(134)) - 9c2d914d-67b1-4af9-8080-4d6ee007b506: shutdown LeaderElection
2019-10-19 01:14:24,612 [9c2d914d-67b1-4af9-8080-4d6ee007b506@group-20FCFA0487C4-LeaderElection652] INFO  impl.RoleInfo (RoleInfo.java:updateAndGet(143)) - 9c2d914d-67b1-4af9-8080-4d6ee007b506: start FollowerState
2019-10-19 01:14:24,612 [f143d5cf-4038-4fa8-8601-f5a45f16ca3e@group-A3037D40E172-LeaderElection653] INFO  impl.LeaderElection (LeaderElection.java:logAndReturn(56)) - f143d5cf-4038-4fa8-8601-f5a45f16ca3e@group-A3037D40E172-LeaderElection653: Election REJECTED; received 2 response(s) [f143d5cf-4038-4fa8-8601-f5a45f16ca3e<-2543ffea-c5c6-4af0-856f-eb846bad755a#0:FAIL-t18, f143d5cf-4038-4fa8-8601-f5a45f16ca3e<-61d14648-e80d-4cd8-9e7c-6deb2f21aca8#0:FAIL-t18] and 0 exception(s); f143d5cf-4038-4fa8-8601-f5a45f16ca3e@group-A3037D40E172:t18, leader=null, voted=f143d5cf-4038-4fa8-8601-f5a45f16ca3e, raftlog=f143d5cf-4038-4fa8-8601-f5a45f16ca3e@group-A3037D40E172-SegmentedRaftLog:OPENED:c-1,f-1,i0, conf=-1: [f143d5cf-4038-4fa8-8601-f5a45f16ca3e:192.168.69.71:40169, 2543ffea-c5c6-4af0-856f-eb846bad755a:192.168.69.71:45287, 61d14648-e80d-4cd8-9e7c-6deb2f21aca8:192.168.69.71:42247], old=null
2019-10-19 01:14:24,613 [f143d5cf-4038-4fa8-8601-f5a45f16ca3e@group-A3037D40E172-LeaderElection653] INFO  impl.RaftServerImpl (RaftServerImpl.java:setRole(184)) - f143d5cf-4038-4fa8-8601-f5a45f16ca3e@group-A3037D40E172: changes role from CANDIDATE to FOLLOWER at term 18 for DISCOVERED_A_NEW_TERM
2019-10-19 01:14:24,613 [f143d5cf-4038-4fa8-8601-f5a45f16ca3e@group-A3037D40E172-LeaderElection653] INFO  impl.RoleInfo (RoleInfo.java:shutdownLeaderElection(134)) - f143d5cf-4038-4fa8-8601-f5a45f16ca3e: shutdown LeaderElection
2019-10-19 01:14:24,613 [f143d5cf-4038-4fa8-8601-f5a45f16ca3e@group-A3037D40E172-LeaderElection653] INFO  impl.RoleInfo (RoleInfo.java:updateAndGet(143)) - f143d5cf-4038-4fa8-8601-f5a45f16ca3e: start FollowerState
2019-10-19 01:14:24,618 [Thread-6558] INFO  impl.FollowerState (FollowerState.java:run(108)) - f143d5cf-4038-4fa8-8601-f5a45f16ca3e@group-A3037D40E172-FollowerState: change to CANDIDATE, lastRpcTime:5ms, electionTimeout:5ms
2019-10-19 01:14:24,618 [Thread-6558] INFO  impl.RoleInfo (RoleInfo.java:shutdownFollowerState(121)) - f143d5cf-4038-4fa8-8601-f5a45f16ca3e: shutdown FollowerState
2019-10-19 01:14:24,618 [Thread-6558] INFO  impl.RaftServerImpl (RaftServerImpl.java:setRole(184)) - f143d5cf-4038-4fa8-8601-f5a45f16ca3e@group-A3037D40E172: changes role from  FOLLOWER to CANDIDATE at term 18 for changeToCandidate
2019-10-19 01:14:24,618 [Thread-6558] INFO  impl.RoleInfo (RoleInfo.java:updateAndGet(143)) - f143d5cf-4038-4fa8-8601-f5a45f16ca3e: start LeaderElection
2019-10-19 01:14:24,631 [f143d5cf-4038-4fa8-8601-f5a45f16ca3e@group-A3037D40E172-LeaderElection654] INFO  impl.LeaderElection (LeaderElection.java:askForVotes(178)) - f143d5cf-4038-4fa8-8601-f5a45f16ca3e@group-A3037D40E172-LeaderElection654: begin an election at term 19 for -1: [f143d5cf-4038-4fa8-8601-f5a45f16ca3e:192.168.69.71:40169, 2543ffea-c5c6-4af0-856f-eb846bad755a:192.168.69.71:45287, 61d14648-e80d-4cd8-9e7c-6deb2f21aca8:192.168.69.71:42247], old=null
2019-10-19 01:14:24,632 [grpc-default-executor-5] INFO  impl.RaftServerImpl (RaftServerImpl.java:setRole(184)) - 61d14648-e80d-4cd8-9e7c-6deb2f21aca8@group-A3037D40E172: changes role from  FOLLOWER to FOLLOWER at term 19 for recognizeCandidate:f143d5cf-4038-4fa8-8601-f5a45f16ca3e
2019-10-19 01:14:24,632 [grpc-default-executor-9] INFO  impl.RaftServerImpl (RaftServerImpl.java:setRole(184)) - 2543ffea-c5c6-4af0-856f-eb846bad755a@group-A3037D40E172: changes role from  FOLLOWER to FOLLOWER at term 19 for recognizeCandidate:f143d5cf-4038-4fa8-8601-f5a45f16ca3e
2019-10-19 01:14:24,632 [grpc-default-executor-9] INFO  impl.RoleInfo (RoleInfo.java:shutdownFollowerState(121)) - 2543ffea-c5c6-4af0-856f-eb846bad755a: shutdown FollowerState
2019-10-19 01:14:24,632 [grpc-default-executor-5] INFO  impl.RoleInfo (RoleInfo.java:shutdownFollowerState(121)) - 61d14648-e80d-4cd8-9e7c-6deb2f21aca8: shutdown FollowerState
2019-10-19 01:14:24,633 [Thread-6553] INFO  impl.FollowerState (FollowerState.java:run(117)) - 2543ffea-c5c6-4af0-856f-eb846bad755a@group-A3037D40E172-FollowerState was interrupted: java.lang.InterruptedException: sleep interrupted
2019-10-19 01:14:24,633 [grpc-default-executor-9] INFO  impl.RoleInfo (RoleInfo.java:updateAndGet(143)) - 2543ffea-c5c6-4af0-856f-eb846bad755a: start FollowerState
2019-10-19 01:14:24,633 [grpc-default-executor-5] INFO  impl.RoleInfo (RoleInfo.java:updateAndGet(143)) - 61d14648-e80d-4cd8-9e7c-6deb2f21aca8: start FollowerState
2019-10-19 01:14:24,633 [Thread-6552] INFO  impl.FollowerState (FollowerState.java:run(117)) - 61d14648-e80d-4cd8-9e7c-6deb2f21aca8@group-A3037D40E172-FollowerState was interrupted: java.lang.InterruptedException: sleep interrupted
2019-10-19 01:14:24,646 [f143d5cf-4038-4fa8-8601-f5a45f16ca3e@group-A3037D40E172-LeaderElection654] INFO  impl.LeaderElection (LeaderElection.java:logAndReturn(56)) - f143d5cf-4038-4fa8-8601-f5a45f16ca3e@group-A3037D40E172-LeaderElection654: Election REJECTED; received 2 response(s) [f143d5cf-4038-4fa8-8601-f5a45f16ca3e<-2543ffea-c5c6-4af0-856f-eb846bad755a#0:FAIL-t19, f143d5cf-4038-4fa8-8601-f5a45f16ca3e<-61d14648-e80d-4cd8-9e7c-6deb2f21aca8#0:FAIL-t19] and 0 exception(s); f143d5cf-4038-4fa8-8601-f5a45f16ca3e@group-A3037D40E172:t19, leader=null, voted=f143d5cf-4038-4fa8-8601-f5a45f16ca3e, raftlog=f143d5cf-4038-4fa8-8601-f5a45f16ca3e@group-A3037D40E172-SegmentedRaftLog:OPENED:c-1,f-1,i0, conf=-1: [f143d5cf-4038-4fa8-8601-f5a45f16ca3e:192.168.69.71:40169, 2543ffea-c5c6-4af0-856f-eb846bad755a:192.168.69.71:45287, 61d14648-e80d-4cd8-9e7c-6deb2f21aca8:192.168.69.71:42247], old=null
2019-10-19 01:14:24,646 [f143d5cf-4038-4fa8-8601-f5a45f16ca3e@group-A3037D40E172-LeaderElection654] INFO  impl.RaftServerImpl (RaftServerImpl.java:setRole(184)) - f143d5cf-4038-4fa8-8601-f5a45f16ca3e@group-A3037D40E172: changes role from CANDIDATE to FOLLOWER at term 19 for DISCOVERED_A_NEW_TERM
2019-10-19 01:14:24,646 [f143d5cf-4038-4fa8-8601-f5a45f16ca3e@group-A3037D40E172-LeaderElection654] INFO  impl.RoleInfo (RoleInfo.java:shutdownLeaderElection(134)) - f143d5cf-4038-4fa8-8601-f5a45f16ca3e: shutdown LeaderElection
2019-10-19 01:14:24,646 [f143d5cf-4038-4fa8-8601-f5a45f16ca3e@group-A3037D40E172-LeaderElection654] INFO  impl.RoleInfo (RoleInfo.java:updateAndGet(143)) - f143d5cf-4038-4fa8-8601-f5a45f16ca3e: start FollowerState
2019-10-19 01:14:24,699 [Thread-6225] INFO  container.ReplicationManager (ReplicationManager.java:start(162)) - Starting Replication Monitor Thread.
2019-10-19 01:14:24,702 [Thread-6564] INFO  impl.FollowerState (FollowerState.java:run(108)) - f143d5cf-4038-4fa8-8601-f5a45f16ca3e@group-A3037D40E172-FollowerState: change to CANDIDATE, lastRpcTime:55ms, electionTimeout:53ms
2019-10-19 01:14:24,702 [ReplicationMonitor] INFO  container.ReplicationManager (ReplicationManager.java:run(225)) - Replication Monitor Thread took 0 milliseconds for processing 1 containers.
2019-10-19 01:14:24,702 [Thread-6564] INFO  impl.RoleInfo (RoleInfo.java:shutdownFollowerState(121)) - f143d5cf-4038-4fa8-8601-f5a45f16ca3e: shutdown FollowerState
2019-10-19 01:14:24,702 [Thread-6564] INFO  impl.RaftServerImpl (RaftServerImpl.java:setRole(184)) - f143d5cf-4038-4fa8-8601-f5a45f16ca3e@group-A3037D40E172: changes role from  FOLLOWER to CANDIDATE at term 19 for changeToCandidate
2019-10-19 01:14:24,702 [Thread-6564] INFO  impl.RoleInfo (RoleInfo.java:updateAndGet(143)) - f143d5cf-4038-4fa8-8601-f5a45f16ca3e: start LeaderElection
2019-10-19 01:14:24,714 [f143d5cf-4038-4fa8-8601-f5a45f16ca3e@group-A3037D40E172-LeaderElection655] INFO  impl.LeaderElection (LeaderElection.java:askForVotes(178)) - f143d5cf-4038-4fa8-8601-f5a45f16ca3e@group-A3037D40E172-LeaderElection655: begin an election at term 20 for -1: [f143d5cf-4038-4fa8-8601-f5a45f16ca3e:192.168.69.71:40169, 2543ffea-c5c6-4af0-856f-eb846bad755a:192.168.69.71:45287, 61d14648-e80d-4cd8-9e7c-6deb2f21aca8:192.168.69.71:42247], old=null
2019-10-19 01:14:24,715 [grpc-default-executor-10] INFO  impl.RaftServerImpl (RaftServerImpl.java:setRole(184)) - 2543ffea-c5c6-4af0-856f-eb846bad755a@group-A3037D40E172: changes role from  FOLLOWER to FOLLOWER at term 20 for recognizeCandidate:f143d5cf-4038-4fa8-8601-f5a45f16ca3e
2019-10-19 01:14:24,715 [grpc-default-executor-10] INFO  impl.RoleInfo (RoleInfo.java:shutdownFollowerState(121)) - 2543ffea-c5c6-4af0-856f-eb846bad755a: shutdown FollowerState
2019-10-19 01:14:24,715 [grpc-default-executor-9] INFO  impl.RaftServerImpl (RaftServerImpl.java:setRole(184)) - 61d14648-e80d-4cd8-9e7c-6deb2f21aca8@group-A3037D40E172: changes role from  FOLLOWER to FOLLOWER at term 20 for recognizeCandidate:f143d5cf-4038-4fa8-8601-f5a45f16ca3e
2019-10-19 01:14:24,715 [grpc-default-executor-9] INFO  impl.RoleInfo (RoleInfo.java:shutdownFollowerState(121)) - 61d14648-e80d-4cd8-9e7c-6deb2f21aca8: shutdown FollowerState
2019-10-19 01:14:24,715 [Thread-6562] INFO  impl.FollowerState (FollowerState.java:run(117)) - 2543ffea-c5c6-4af0-856f-eb846bad755a@group-A3037D40E172-FollowerState was interrupted: java.lang.InterruptedException: sleep interrupted
2019-10-19 01:14:24,715 [grpc-default-executor-10] INFO  impl.RoleInfo (RoleInfo.java:updateAndGet(143)) - 2543ffea-c5c6-4af0-856f-eb846bad755a: start FollowerState
2019-10-19 01:14:24,715 [grpc-default-executor-9] INFO  impl.RoleInfo (RoleInfo.java:updateAndGet(143)) - 61d14648-e80d-4cd8-9e7c-6deb2f21aca8: start FollowerState
2019-10-19 01:14:24,715 [Thread-6563] INFO  impl.FollowerState (FollowerState.java:run(117)) - 61d14648-e80d-4cd8-9e7c-6deb2f21aca8@group-A3037D40E172-FollowerState was interrupted: java.lang.InterruptedException: sleep interrupted
2019-10-19 01:14:24,730 [f143d5cf-4038-4fa8-8601-f5a45f16ca3e@group-A3037D40E172-LeaderElection655] INFO  impl.LeaderElection (LeaderElection.java:logAndReturn(56)) - f143d5cf-4038-4fa8-8601-f5a45f16ca3e@group-A3037D40E172-LeaderElection655: Election REJECTED; received 2 response(s) [f143d5cf-4038-4fa8-8601-f5a45f16ca3e<-2543ffea-c5c6-4af0-856f-eb846bad755a#0:FAIL-t20, f143d5cf-4038-4fa8-8601-f5a45f16ca3e<-61d14648-e80d-4cd8-9e7c-6deb2f21aca8#0:FAIL-t20] and 0 exception(s); f143d5cf-4038-4fa8-8601-f5a45f16ca3e@group-A3037D40E172:t20, leader=null, voted=f143d5cf-4038-4fa8-8601-f5a45f16ca3e, raftlog=f143d5cf-4038-4fa8-8601-f5a45f16ca3e@group-A3037D40E172-SegmentedRaftLog:OPENED:c-1,f-1,i0, conf=-1: [f143d5cf-4038-4fa8-8601-f5a45f16ca3e:192.168.69.71:40169, 2543ffea-c5c6-4af0-856f-eb846bad755a:192.168.69.71:45287, 61d14648-e80d-4cd8-9e7c-6deb2f21aca8:192.168.69.71:42247], old=null
2019-10-19 01:14:24,730 [f143d5cf-4038-4fa8-8601-f5a45f16ca3e@group-A3037D40E172-LeaderElection655] INFO  impl.RaftServerImpl (RaftServerImpl.java:setRole(184)) - f143d5cf-4038-4fa8-8601-f5a45f16ca3e@group-A3037D40E172: changes role from CANDIDATE to FOLLOWER at term 20 for DISCOVERED_A_NEW_TERM
2019-10-19 01:14:24,730 [f143d5cf-4038-4fa8-8601-f5a45f16ca3e@group-A3037D40E172-LeaderElection655] INFO  impl.RoleInfo (RoleInfo.java:shutdownLeaderElection(134)) - f143d5cf-4038-4fa8-8601-f5a45f16ca3e: shutdown LeaderElection
2019-10-19 01:14:24,730 [f143d5cf-4038-4fa8-8601-f5a45f16ca3e@group-A3037D40E172-LeaderElection655] INFO  impl.RoleInfo (RoleInfo.java:updateAndGet(143)) - f143d5cf-4038-4fa8-8601-f5a45f16ca3e: start FollowerState
2019-10-19 01:14:24,774 [Thread-6557] INFO  impl.FollowerState (FollowerState.java:run(108)) - 9c2d914d-67b1-4af9-8080-4d6ee007b506@group-20FCFA0487C4-FollowerState: change to CANDIDATE, lastRpcTime:161ms, electionTimeout:161ms
2019-10-19 01:14:24,774 [Thread-6557] INFO  impl.RoleInfo (RoleInfo.java:shutdownFollowerState(121)) - 9c2d914d-67b1-4af9-8080-4d6ee007b506: shutdown FollowerState
2019-10-19 01:14:24,774 [Thread-6557] INFO  impl.RaftServerImpl (RaftServerImpl.java:setRole(184)) - 9c2d914d-67b1-4af9-8080-4d6ee007b506@group-20FCFA0487C4: changes role from  FOLLOWER to CANDIDATE at term 20 for changeToCandidate
2019-10-19 01:14:24,774 [Thread-6557] INFO  impl.RoleInfo (RoleInfo.java:updateAndGet(143)) - 9c2d914d-67b1-4af9-8080-4d6ee007b506: start LeaderElection
2019-10-19 01:14:24,798 [9c2d914d-67b1-4af9-8080-4d6ee007b506@group-20FCFA0487C4-LeaderElection656] INFO  impl.LeaderElection (LeaderElection.java:askForVotes(178)) - 9c2d914d-67b1-4af9-8080-4d6ee007b506@group-20FCFA0487C4-LeaderElection656: begin an election at term 21 for -1: [88be3607-7667-471c-9070-7dfd13eb5ac8:192.168.69.71:32925, 9c2d914d-67b1-4af9-8080-4d6ee007b506:192.168.69.71:35462, 61d0b7dc-5f8b-422f-8693-c58167224d24:192.168.69.71:43479], old=null
2019-10-19 01:14:24,800 [grpc-default-executor-10] INFO  impl.RaftServerImpl (RaftServerImpl.java:setRole(184)) - 88be3607-7667-471c-9070-7dfd13eb5ac8@group-20FCFA0487C4: changes role from  FOLLOWER to FOLLOWER at term 21 for recognizeCandidate:9c2d914d-67b1-4af9-8080-4d6ee007b506
2019-10-19 01:14:24,800 [grpc-default-executor-9] INFO  impl.RaftServerImpl (RaftServerImpl.java:setRole(184)) - 61d0b7dc-5f8b-422f-8693-c58167224d24@group-20FCFA0487C4: changes role from  FOLLOWER to FOLLOWER at term 21 for recognizeCandidate:9c2d914d-67b1-4af9-8080-4d6ee007b506
2019-10-19 01:14:24,800 [grpc-default-executor-9] INFO  impl.RoleInfo (RoleInfo.java:shutdownFollowerState(121)) - 61d0b7dc-5f8b-422f-8693-c58167224d24: shutdown FollowerState
2019-10-19 01:14:24,800 [grpc-default-executor-10] INFO  impl.RoleInfo (RoleInfo.java:shutdownFollowerState(121)) - 88be3607-7667-471c-9070-7dfd13eb5ac8: shutdown FollowerState
2019-10-19 01:14:24,800 [Thread-6554] INFO  impl.FollowerState (FollowerState.java:run(117)) - 61d0b7dc-5f8b-422f-8693-c58167224d24@group-20FCFA0487C4-FollowerState was interrupted: java.lang.InterruptedException: sleep interrupted
2019-10-19 01:14:24,800 [grpc-default-executor-9] INFO  impl.RoleInfo (RoleInfo.java:updateAndGet(143)) - 61d0b7dc-5f8b-422f-8693-c58167224d24: start FollowerState
2019-10-19 01:14:24,800 [grpc-default-executor-10] INFO  impl.RoleInfo (RoleInfo.java:updateAndGet(143)) - 88be3607-7667-471c-9070-7dfd13eb5ac8: start FollowerState
2019-10-19 01:14:24,801 [Thread-6551] INFO  impl.FollowerState (FollowerState.java:run(117)) - 88be3607-7667-471c-9070-7dfd13eb5ac8@group-20FCFA0487C4-FollowerState was interrupted: java.lang.InterruptedException: sleep interrupted
2019-10-19 01:14:24,815 [9c2d914d-67b1-4af9-8080-4d6ee007b506@group-20FCFA0487C4-LeaderElection656] INFO  impl.LeaderElection (LeaderElection.java:logAndReturn(56)) - 9c2d914d-67b1-4af9-8080-4d6ee007b506@group-20FCFA0487C4-LeaderElection656: Election REJECTED; received 2 response(s) [9c2d914d-67b1-4af9-8080-4d6ee007b506<-88be3607-7667-471c-9070-7dfd13eb5ac8#0:FAIL-t21, 9c2d914d-67b1-4af9-8080-4d6ee007b506<-61d0b7dc-5f8b-422f-8693-c58167224d24#0:FAIL-t21] and 0 exception(s); 9c2d914d-67b1-4af9-8080-4d6ee007b506@group-20FCFA0487C4:t21, leader=null, voted=9c2d914d-67b1-4af9-8080-4d6ee007b506, raftlog=9c2d914d-67b1-4af9-8080-4d6ee007b506@group-20FCFA0487C4-SegmentedRaftLog:OPENED:c-1,f-1,i0, conf=-1: [88be3607-7667-471c-9070-7dfd13eb5ac8:192.168.69.71:32925, 9c2d914d-67b1-4af9-8080-4d6ee007b506:192.168.69.71:35462, 61d0b7dc-5f8b-422f-8693-c58167224d24:192.168.69.71:43479], old=null
2019-10-19 01:14:24,815 [9c2d914d-67b1-4af9-8080-4d6ee007b506@group-20FCFA0487C4-LeaderElection656] INFO  impl.RaftServerImpl (RaftServerImpl.java:setRole(184)) - 9c2d914d-67b1-4af9-8080-4d6ee007b506@group-20FCFA0487C4: changes role from CANDIDATE to FOLLOWER at term 21 for DISCOVERED_A_NEW_TERM
2019-10-19 01:14:24,815 [9c2d914d-67b1-4af9-8080-4d6ee007b506@group-20FCFA0487C4-LeaderElection656] INFO  impl.RoleInfo (RoleInfo.java:shutdownLeaderElection(134)) - 9c2d914d-67b1-4af9-8080-4d6ee007b506: shutdown LeaderElection
2019-10-19 01:14:24,815 [9c2d914d-67b1-4af9-8080-4d6ee007b506@group-20FCFA0487C4-LeaderElection656] INFO  impl.RoleInfo (RoleInfo.java:updateAndGet(143)) - 9c2d914d-67b1-4af9-8080-4d6ee007b506: start FollowerState
2019-10-19 01:14:24,844 [Thread-6573] INFO  impl.FollowerState (FollowerState.java:run(108)) - f143d5cf-4038-4fa8-8601-f5a45f16ca3e@group-A3037D40E172-FollowerState: change to CANDIDATE, lastRpcTime:114ms, electionTimeout:114ms
2019-10-19 01:14:24,844 [Thread-6573] INFO  impl.RoleInfo (RoleInfo.java:shutdownFollowerState(121)) - f143d5cf-4038-4fa8-8601-f5a45f16ca3e: shutdown FollowerState
2019-10-19 01:14:24,845 [Thread-6573] INFO  impl.RaftServerImpl (RaftServerImpl.java:setRole(184)) - f143d5cf-4038-4fa8-8601-f5a45f16ca3e@group-A3037D40E172: changes role from  FOLLOWER to CANDIDATE at term 20 for changeToCandidate
2019-10-19 01:14:24,845 [Thread-6573] INFO  impl.RoleInfo (RoleInfo.java:updateAndGet(143)) - f143d5cf-4038-4fa8-8601-f5a45f16ca3e: start LeaderElection
2019-10-19 01:14:24,859 [f143d5cf-4038-4fa8-8601-f5a45f16ca3e@group-A3037D40E172-LeaderElection657] INFO  impl.LeaderElection (LeaderElection.java:askForVotes(178)) - f143d5cf-4038-4fa8-8601-f5a45f16ca3e@group-A3037D40E172-LeaderElection657: begin an election at term 21 for -1: [f143d5cf-4038-4fa8-8601-f5a45f16ca3e:192.168.69.71:40169, 2543ffea-c5c6-4af0-856f-eb846bad755a:192.168.69.71:45287, 61d14648-e80d-4cd8-9e7c-6deb2f21aca8:192.168.69.71:42247], old=null
2019-10-19 01:14:24,860 [grpc-default-executor-9] INFO  impl.RaftServerImpl (RaftServerImpl.java:setRole(184)) - 2543ffea-c5c6-4af0-856f-eb846bad755a@group-A3037D40E172: changes role from  FOLLOWER to FOLLOWER at term 21 for recognizeCandidate:f143d5cf-4038-4fa8-8601-f5a45f16ca3e
2019-10-19 01:14:24,860 [grpc-default-executor-10] INFO  impl.RaftServerImpl (RaftServerImpl.java:setRole(184)) - 61d14648-e80d-4cd8-9e7c-6deb2f21aca8@group-A3037D40E172: changes role from  FOLLOWER to FOLLOWER at term 21 for recognizeCandidate:f143d5cf-4038-4fa8-8601-f5a45f16ca3e
2019-10-19 01:14:24,860 [grpc-default-executor-10] INFO  impl.RoleInfo (RoleInfo.java:shutdownFollowerState(121)) - 61d14648-e80d-4cd8-9e7c-6deb2f21aca8: shutdown FollowerState
2019-10-19 01:14:24,860 [grpc-default-executor-9] INFO  impl.RoleInfo (RoleInfo.java:shutdownFollowerState(121)) - 2543ffea-c5c6-4af0-856f-eb846bad755a: shutdown FollowerState
2019-10-19 01:14:24,860 [Thread-6572] INFO  impl.FollowerState (FollowerState.java:run(117)) - 61d14648-e80d-4cd8-9e7c-6deb2f21aca8@group-A3037D40E172-FollowerState was interrupted: java.lang.InterruptedException: sleep interrupted
2019-10-19 01:14:24,860 [grpc-default-executor-10] INFO  impl.RoleInfo (RoleInfo.java:updateAndGet(143)) - 61d14648-e80d-4cd8-9e7c-6deb2f21aca8: start FollowerState
2019-10-19 01:14:24,860 [Thread-6571] INFO  impl.FollowerState (FollowerState.java:run(117)) - 2543ffea-c5c6-4af0-856f-eb846bad755a@group-A3037D40E172-FollowerState was interrupted: java.lang.InterruptedException: sleep interrupted
2019-10-19 01:14:24,860 [grpc-default-executor-9] INFO  impl.RoleInfo (RoleInfo.java:updateAndGet(143)) - 2543ffea-c5c6-4af0-856f-eb846bad755a: start FollowerState
2019-10-19 01:14:24,875 [f143d5cf-4038-4fa8-8601-f5a45f16ca3e@group-A3037D40E172-LeaderElection657] INFO  impl.LeaderElection (LeaderElection.java:logAndReturn(56)) - f143d5cf-4038-4fa8-8601-f5a45f16ca3e@group-A3037D40E172-LeaderElection657: Election REJECTED; received 2 response(s) [f143d5cf-4038-4fa8-8601-f5a45f16ca3e<-2543ffea-c5c6-4af0-856f-eb846bad755a#0:FAIL-t21, f143d5cf-4038-4fa8-8601-f5a45f16ca3e<-61d14648-e80d-4cd8-9e7c-6deb2f21aca8#0:FAIL-t21] and 0 exception(s); f143d5cf-4038-4fa8-8601-f5a45f16ca3e@group-A3037D40E172:t21, leader=null, voted=f143d5cf-4038-4fa8-8601-f5a45f16ca3e, raftlog=f143d5cf-4038-4fa8-8601-f5a45f16ca3e@group-A3037D40E172-SegmentedRaftLog:OPENED:c-1,f-1,i0, conf=-1: [f143d5cf-4038-4fa8-8601-f5a45f16ca3e:192.168.69.71:40169, 2543ffea-c5c6-4af0-856f-eb846bad755a:192.168.69.71:45287, 61d14648-e80d-4cd8-9e7c-6deb2f21aca8:192.168.69.71:42247], old=null
2019-10-19 01:14:24,875 [f143d5cf-4038-4fa8-8601-f5a45f16ca3e@group-A3037D40E172-LeaderElection657] INFO  impl.RaftServerImpl (RaftServerImpl.java:setRole(184)) - f143d5cf-4038-4fa8-8601-f5a45f16ca3e@group-A3037D40E172: changes role from CANDIDATE to FOLLOWER at term 21 for DISCOVERED_A_NEW_TERM
2019-10-19 01:14:24,875 [f143d5cf-4038-4fa8-8601-f5a45f16ca3e@group-A3037D40E172-LeaderElection657] INFO  impl.RoleInfo (RoleInfo.java:shutdownLeaderElection(134)) - f143d5cf-4038-4fa8-8601-f5a45f16ca3e: shutdown LeaderElection
2019-10-19 01:14:24,875 [f143d5cf-4038-4fa8-8601-f5a45f16ca3e@group-A3037D40E172-LeaderElection657] INFO  impl.RoleInfo (RoleInfo.java:updateAndGet(143)) - f143d5cf-4038-4fa8-8601-f5a45f16ca3e: start FollowerState
2019-10-19 01:14:24,882 [Thread-6585] INFO  impl.FollowerState (FollowerState.java:run(108)) - f143d5cf-4038-4fa8-8601-f5a45f16ca3e@group-A3037D40E172-FollowerState: change to CANDIDATE, lastRpcTime:7ms, electionTimeout:7ms
2019-10-19 01:14:24,882 [Thread-6585] INFO  impl.RoleInfo (RoleInfo.java:shutdownFollowerState(121)) - f143d5cf-4038-4fa8-8601-f5a45f16ca3e: shutdown FollowerState
2019-10-19 01:14:24,882 [Thread-6585] INFO  impl.RaftServerImpl (RaftServerImpl.java:setRole(184)) - f143d5cf-4038-4fa8-8601-f5a45f16ca3e@group-A3037D40E172: changes role from  FOLLOWER to CANDIDATE at term 21 for changeToCandidate
2019-10-19 01:14:24,883 [Thread-6585] INFO  impl.RoleInfo (RoleInfo.java:updateAndGet(143)) - f143d5cf-4038-4fa8-8601-f5a45f16ca3e: start LeaderElection
2019-10-19 01:14:24,896 [f143d5cf-4038-4fa8-8601-f5a45f16ca3e@group-A3037D40E172-LeaderElection658] INFO  impl.LeaderElection (LeaderElection.java:askForVotes(178)) - f143d5cf-4038-4fa8-8601-f5a45f16ca3e@group-A3037D40E172-LeaderElection658: begin an election at term 22 for -1: [f143d5cf-4038-4fa8-8601-f5a45f16ca3e:192.168.69.71:40169, 2543ffea-c5c6-4af0-856f-eb846bad755a:192.168.69.71:45287, 61d14648-e80d-4cd8-9e7c-6deb2f21aca8:192.168.69.71:42247], old=null
2019-10-19 01:14:24,897 [grpc-default-executor-10] INFO  impl.RaftServerImpl (RaftServerImpl.java:setRole(184)) - 2543ffea-c5c6-4af0-856f-eb846bad755a@group-A3037D40E172: changes role from  FOLLOWER to FOLLOWER at term 22 for recognizeCandidate:f143d5cf-4038-4fa8-8601-f5a45f16ca3e
2019-10-19 01:14:24,897 [grpc-default-executor-10] INFO  impl.RoleInfo (RoleInfo.java:shutdownFollowerState(121)) - 2543ffea-c5c6-4af0-856f-eb846bad755a: shutdown FollowerState
2019-10-19 01:14:24,897 [grpc-default-executor-10] INFO  impl.RoleInfo (RoleInfo.java:updateAndGet(143)) - 2543ffea-c5c6-4af0-856f-eb846bad755a: start FollowerState
2019-10-19 01:14:24,898 [grpc-default-executor-9] INFO  impl.RaftServerImpl (RaftServerImpl.java:setRole(184)) - 61d14648-e80d-4cd8-9e7c-6deb2f21aca8@group-A3037D40E172: changes role from  FOLLOWER to FOLLOWER at term 22 for recognizeCandidate:f143d5cf-4038-4fa8-8601-f5a45f16ca3e
2019-10-19 01:14:24,898 [grpc-default-executor-9] INFO  impl.RoleInfo (RoleInfo.java:shutdownFollowerState(121)) - 61d14648-e80d-4cd8-9e7c-6deb2f21aca8: shutdown FollowerState
2019-10-19 01:14:24,898 [grpc-default-executor-9] INFO  impl.RoleInfo (RoleInfo.java:updateAndGet(143)) - 61d14648-e80d-4cd8-9e7c-6deb2f21aca8: start FollowerState
2019-10-19 01:14:24,898 [Thread-6583] INFO  impl.FollowerState (FollowerState.java:run(117)) - 61d14648-e80d-4cd8-9e7c-6deb2f21aca8@group-A3037D40E172-FollowerState was interrupted: java.lang.InterruptedException: sleep interrupted
2019-10-19 01:14:24,898 [Thread-6584] INFO  impl.FollowerState (FollowerState.java:run(117)) - 2543ffea-c5c6-4af0-856f-eb846bad755a@group-A3037D40E172-FollowerState was interrupted: java.lang.InterruptedException: sleep interrupted
2019-10-19 01:14:24,904 [Thread-6579] INFO  impl.FollowerState (FollowerState.java:run(108)) - 9c2d914d-67b1-4af9-8080-4d6ee007b506@group-20FCFA0487C4-FollowerState: change to CANDIDATE, lastRpcTime:89ms, electionTimeout:89ms
2019-10-19 01:14:24,904 [Thread-6579] INFO  impl.RoleInfo (RoleInfo.java:shutdownFollowerState(121)) - 9c2d914d-67b1-4af9-8080-4d6ee007b506: shutdown FollowerState
2019-10-19 01:14:24,904 [Thread-6579] INFO  impl.RaftServerImpl (RaftServerImpl.java:setRole(184)) - 9c2d914d-67b1-4af9-8080-4d6ee007b506@group-20FCFA0487C4: changes role from  FOLLOWER to CANDIDATE at term 21 for changeToCandidate
2019-10-19 01:14:24,904 [Thread-6579] INFO  impl.RoleInfo (RoleInfo.java:updateAndGet(143)) - 9c2d914d-67b1-4af9-8080-4d6ee007b506: start LeaderElection
2019-10-19 01:14:24,911 [9c2d914d-67b1-4af9-8080-4d6ee007b506@group-20FCFA0487C4-LeaderElection659] INFO  impl.LeaderElection (LeaderElection.java:askForVotes(178)) - 9c2d914d-67b1-4af9-8080-4d6ee007b506@group-20FCFA0487C4-LeaderElection659: begin an election at term 22 for -1: [88be3607-7667-471c-9070-7dfd13eb5ac8:192.168.69.71:32925, 9c2d914d-67b1-4af9-8080-4d6ee007b506:192.168.69.71:35462, 61d0b7dc-5f8b-422f-8693-c58167224d24:192.168.69.71:43479], old=null
2019-10-19 01:14:24,911 [f143d5cf-4038-4fa8-8601-f5a45f16ca3e@group-A3037D40E172-LeaderElection658] INFO  impl.LeaderElection (LeaderElection.java:logAndReturn(56)) - f143d5cf-4038-4fa8-8601-f5a45f16ca3e@group-A3037D40E172-LeaderElection658: Election REJECTED; received 2 response(s) [f143d5cf-4038-4fa8-8601-f5a45f16ca3e<-2543ffea-c5c6-4af0-856f-eb846bad755a#0:FAIL-t22, f143d5cf-4038-4fa8-8601-f5a45f16ca3e<-61d14648-e80d-4cd8-9e7c-6deb2f21aca8#0:FAIL-t22] and 0 exception(s); f143d5cf-4038-4fa8-8601-f5a45f16ca3e@group-A3037D40E172:t22, leader=null, voted=f143d5cf-4038-4fa8-8601-f5a45f16ca3e, raftlog=f143d5cf-4038-4fa8-8601-f5a45f16ca3e@group-A3037D40E172-SegmentedRaftLog:OPENED:c-1,f-1,i0, conf=-1: [f143d5cf-4038-4fa8-8601-f5a45f16ca3e:192.168.69.71:40169, 2543ffea-c5c6-4af0-856f-eb846bad755a:192.168.69.71:45287, 61d14648-e80d-4cd8-9e7c-6deb2f21aca8:192.168.69.71:42247], old=null
2019-10-19 01:14:24,911 [f143d5cf-4038-4fa8-8601-f5a45f16ca3e@group-A3037D40E172-LeaderElection658] INFO  impl.RaftServerImpl (RaftServerImpl.java:setRole(184)) - f143d5cf-4038-4fa8-8601-f5a45f16ca3e@group-A3037D40E172: changes role from CANDIDATE to FOLLOWER at term 22 for DISCOVERED_A_NEW_TERM
2019-10-19 01:14:24,911 [grpc-default-executor-10] INFO  impl.RaftServerImpl (RaftServerImpl.java:setRole(184)) - 61d0b7dc-5f8b-422f-8693-c58167224d24@group-20FCFA0487C4: changes role from  FOLLOWER to FOLLOWER at term 22 for recognizeCandidate:9c2d914d-67b1-4af9-8080-4d6ee007b506
2019-10-19 01:14:24,912 [grpc-default-executor-10] INFO  impl.RoleInfo (RoleInfo.java:shutdownFollowerState(121)) - 61d0b7dc-5f8b-422f-8693-c58167224d24: shutdown FollowerState
2019-10-19 01:14:24,911 [grpc-default-executor-9] INFO  impl.RaftServerImpl (RaftServerImpl.java:setRole(184)) - 88be3607-7667-471c-9070-7dfd13eb5ac8@group-20FCFA0487C4: changes role from  FOLLOWER to FOLLOWER at term 22 for recognizeCandidate:9c2d914d-67b1-4af9-8080-4d6ee007b506
2019-10-19 01:14:24,912 [grpc-default-executor-9] INFO  impl.RoleInfo (RoleInfo.java:shutdownFollowerState(121)) - 88be3607-7667-471c-9070-7dfd13eb5ac8: shutdown FollowerState
2019-10-19 01:14:24,911 [f143d5cf-4038-4fa8-8601-f5a45f16ca3e@group-A3037D40E172-LeaderElection658] INFO  impl.RoleInfo (RoleInfo.java:shutdownLeaderElection(134)) - f143d5cf-4038-4fa8-8601-f5a45f16ca3e: shutdown LeaderElection
2019-10-19 01:14:24,912 [Thread-6578] INFO  impl.FollowerState (FollowerState.java:run(117)) - 88be3607-7667-471c-9070-7dfd13eb5ac8@group-20FCFA0487C4-FollowerState was interrupted: java.lang.InterruptedException: sleep interrupted
2019-10-19 01:14:24,912 [grpc-default-executor-9] INFO  impl.RoleInfo (RoleInfo.java:updateAndGet(143)) - 88be3607-7667-471c-9070-7dfd13eb5ac8: start FollowerState
2019-10-19 01:14:24,912 [Thread-6577] INFO  impl.FollowerState (FollowerState.java:run(117)) - 61d0b7dc-5f8b-422f-8693-c58167224d24@group-20FCFA0487C4-FollowerState was interrupted: java.lang.InterruptedException: sleep interrupted
2019-10-19 01:14:24,912 [grpc-default-executor-10] INFO  impl.RoleInfo (RoleInfo.java:updateAndGet(143)) - 61d0b7dc-5f8b-422f-8693-c58167224d24: start FollowerState
2019-10-19 01:14:24,912 [f143d5cf-4038-4fa8-8601-f5a45f16ca3e@group-A3037D40E172-LeaderElection658] INFO  impl.RoleInfo (RoleInfo.java:updateAndGet(143)) - f143d5cf-4038-4fa8-8601-f5a45f16ca3e: start FollowerState
2019-10-19 01:14:24,928 [9c2d914d-67b1-4af9-8080-4d6ee007b506@group-20FCFA0487C4-LeaderElection659] INFO  impl.LeaderElection (LeaderElection.java:logAndReturn(56)) - 9c2d914d-67b1-4af9-8080-4d6ee007b506@group-20FCFA0487C4-LeaderElection659: Election REJECTED; received 2 response(s) [9c2d914d-67b1-4af9-8080-4d6ee007b506<-88be3607-7667-471c-9070-7dfd13eb5ac8#0:FAIL-t22, 9c2d914d-67b1-4af9-8080-4d6ee007b506<-61d0b7dc-5f8b-422f-8693-c58167224d24#0:FAIL-t22] and 0 exception(s); 9c2d914d-67b1-4af9-8080-4d6ee007b506@group-20FCFA0487C4:t22, leader=null, voted=9c2d914d-67b1-4af9-8080-4d6ee007b506, raftlog=9c2d914d-67b1-4af9-8080-4d6ee007b506@group-20FCFA0487C4-SegmentedRaftLog:OPENED:c-1,f-1,i0, conf=-1: [88be3607-7667-471c-9070-7dfd13eb5ac8:192.168.69.71:32925, 9c2d914d-67b1-4af9-8080-4d6ee007b506:192.168.69.71:35462, 61d0b7dc-5f8b-422f-8693-c58167224d24:192.168.69.71:43479], old=null
2019-10-19 01:14:24,929 [9c2d914d-67b1-4af9-8080-4d6ee007b506@group-20FCFA0487C4-LeaderElection659] INFO  impl.RaftServerImpl (RaftServerImpl.java:setRole(184)) - 9c2d914d-67b1-4af9-8080-4d6ee007b506@group-20FCFA0487C4: changes role from CANDIDATE to FOLLOWER at term 22 for DISCOVERED_A_NEW_TERM
2019-10-19 01:14:24,929 [9c2d914d-67b1-4af9-8080-4d6ee007b506@group-20FCFA0487C4-LeaderElection659] INFO  impl.RoleInfo (RoleInfo.java:shutdownLeaderElection(134)) - 9c2d914d-67b1-4af9-8080-4d6ee007b506: shutdown LeaderElection
2019-10-19 01:14:24,929 [9c2d914d-67b1-4af9-8080-4d6ee007b506@group-20FCFA0487C4-LeaderElection659] INFO  impl.RoleInfo (RoleInfo.java:updateAndGet(143)) - 9c2d914d-67b1-4af9-8080-4d6ee007b506: start FollowerState
2019-10-19 01:14:25,007 [Thread-6596] INFO  impl.FollowerState (FollowerState.java:run(108)) - f143d5cf-4038-4fa8-8601-f5a45f16ca3e@group-A3037D40E172-FollowerState: change to CANDIDATE, lastRpcTime:95ms, electionTimeout:95ms
2019-10-19 01:14:25,008 [Thread-6596] INFO  impl.RoleInfo (RoleInfo.java:shutdownFollowerState(121)) - f143d5cf-4038-4fa8-8601-f5a45f16ca3e: shutdown FollowerState
2019-10-19 01:14:25,008 [Thread-6596] INFO  impl.RaftServerImpl (RaftServerImpl.java:setRole(184)) - f143d5cf-4038-4fa8-8601-f5a45f16ca3e@group-A3037D40E172: changes role from  FOLLOWER to CANDIDATE at term 22 for changeToCandidate
2019-10-19 01:14:25,008 [Thread-6596] INFO  impl.RoleInfo (RoleInfo.java:updateAndGet(143)) - f143d5cf-4038-4fa8-8601-f5a45f16ca3e: start LeaderElection
2019-10-19 01:14:25,022 [f143d5cf-4038-4fa8-8601-f5a45f16ca3e@group-A3037D40E172-LeaderElection660] INFO  impl.LeaderElection (LeaderElection.java:askForVotes(178)) - f143d5cf-4038-4fa8-8601-f5a45f16ca3e@group-A3037D40E172-LeaderElection660: begin an election at term 23 for -1: [f143d5cf-4038-4fa8-8601-f5a45f16ca3e:192.168.69.71:40169, 2543ffea-c5c6-4af0-856f-eb846bad755a:192.168.69.71:45287, 61d14648-e80d-4cd8-9e7c-6deb2f21aca8:192.168.69.71:42247], old=null
2019-10-19 01:14:25,026 [grpc-default-executor-9] INFO  impl.RaftServerImpl (RaftServerImpl.java:setRole(184)) - 2543ffea-c5c6-4af0-856f-eb846bad755a@group-A3037D40E172: changes role from  FOLLOWER to FOLLOWER at term 23 for recognizeCandidate:f143d5cf-4038-4fa8-8601-f5a45f16ca3e
2019-10-19 01:14:25,027 [grpc-default-executor-9] INFO  impl.RoleInfo (RoleInfo.java:shutdownFollowerState(121)) - 2543ffea-c5c6-4af0-856f-eb846bad755a: shutdown FollowerState
2019-10-19 01:14:25,026 [grpc-default-executor-10] INFO  impl.RaftServerImpl (RaftServerImpl.java:setRole(184)) - 61d14648-e80d-4cd8-9e7c-6deb2f21aca8@group-A3037D40E172: changes role from  FOLLOWER to FOLLOWER at term 23 for recognizeCandidate:f143d5cf-4038-4fa8-8601-f5a45f16ca3e
2019-10-19 01:14:25,027 [Thread-6589] INFO  impl.FollowerState (FollowerState.java:run(117)) - 2543ffea-c5c6-4af0-856f-eb846bad755a@group-A3037D40E172-FollowerState was interrupted: java.lang.InterruptedException: sleep interrupted
2019-10-19 01:14:25,027 [grpc-default-executor-9] INFO  impl.RoleInfo (RoleInfo.java:updateAndGet(143)) - 2543ffea-c5c6-4af0-856f-eb846bad755a: start FollowerState
2019-10-19 01:14:25,027 [grpc-default-executor-10] INFO  impl.RoleInfo (RoleInfo.java:shutdownFollowerState(121)) - 61d14648-e80d-4cd8-9e7c-6deb2f21aca8: shutdown FollowerState
2019-10-19 01:14:25,027 [grpc-default-executor-10] INFO  impl.RoleInfo (RoleInfo.java:updateAndGet(143)) - 61d14648-e80d-4cd8-9e7c-6deb2f21aca8: start FollowerState
2019-10-19 01:14:25,027 [Thread-6590] INFO  impl.FollowerState (FollowerState.java:run(117)) - 61d14648-e80d-4cd8-9e7c-6deb2f21aca8@group-A3037D40E172-FollowerState was interrupted: java.lang.InterruptedException: sleep interrupted
2019-10-19 01:14:25,034 [Thread-6597] INFO  impl.FollowerState (FollowerState.java:run(108)) - 9c2d914d-67b1-4af9-8080-4d6ee007b506@group-20FCFA0487C4-FollowerState: change to CANDIDATE, lastRpcTime:105ms, electionTimeout:105ms
2019-10-19 01:14:25,034 [Thread-6597] INFO  impl.RoleInfo (RoleInfo.java:shutdownFollowerState(121)) - 9c2d914d-67b1-4af9-8080-4d6ee007b506: shutdown FollowerState
2019-10-19 01:14:25,034 [Thread-6597] INFO  impl.RaftServerImpl (RaftServerImpl.java:setRole(184)) - 9c2d914d-67b1-4af9-8080-4d6ee007b506@group-20FCFA0487C4: changes role from  FOLLOWER to CANDIDATE at term 22 for changeToCandidate
2019-10-19 01:14:25,034 [Thread-6597] INFO  impl.RoleInfo (RoleInfo.java:updateAndGet(143)) - 9c2d914d-67b1-4af9-8080-4d6ee007b506: start LeaderElection
2019-10-19 01:14:25,040 [9c2d914d-67b1-4af9-8080-4d6ee007b506@group-20FCFA0487C4-LeaderElection661] INFO  impl.LeaderElection (LeaderElection.java:askForVotes(178)) - 9c2d914d-67b1-4af9-8080-4d6ee007b506@group-20FCFA0487C4-LeaderElection661: begin an election at term 23 for -1: [88be3607-7667-471c-9070-7dfd13eb5ac8:192.168.69.71:32925, 9c2d914d-67b1-4af9-8080-4d6ee007b506:192.168.69.71:35462, 61d0b7dc-5f8b-422f-8693-c58167224d24:192.168.69.71:43479], old=null
2019-10-19 01:14:25,041 [f143d5cf-4038-4fa8-8601-f5a45f16ca3e@group-A3037D40E172-LeaderElection660] INFO  impl.LeaderElection (LeaderElection.java:logAndReturn(56)) - f143d5cf-4038-4fa8-8601-f5a45f16ca3e@group-A3037D40E172-LeaderElection660: Election REJECTED; received 2 response(s) [f143d5cf-4038-4fa8-8601-f5a45f16ca3e<-2543ffea-c5c6-4af0-856f-eb846bad755a#0:FAIL-t23, f143d5cf-4038-4fa8-8601-f5a45f16ca3e<-61d14648-e80d-4cd8-9e7c-6deb2f21aca8#0:FAIL-t23] and 0 exception(s); f143d5cf-4038-4fa8-8601-f5a45f16ca3e@group-A3037D40E172:t23, leader=null, voted=f143d5cf-4038-4fa8-8601-f5a45f16ca3e, raftlog=f143d5cf-4038-4fa8-8601-f5a45f16ca3e@group-A3037D40E172-SegmentedRaftLog:OPENED:c-1,f-1,i0, conf=-1: [f143d5cf-4038-4fa8-8601-f5a45f16ca3e:192.168.69.71:40169, 2543ffea-c5c6-4af0-856f-eb846bad755a:192.168.69.71:45287, 61d14648-e80d-4cd8-9e7c-6deb2f21aca8:192.168.69.71:42247], old=null
2019-10-19 01:14:25,041 [f143d5cf-4038-4fa8-8601-f5a45f16ca3e@group-A3037D40E172-LeaderElection660] INFO  impl.RaftServerImpl (RaftServerImpl.java:setRole(184)) - f143d5cf-4038-4fa8-8601-f5a45f16ca3e@group-A3037D40E172: changes role from CANDIDATE to FOLLOWER at term 23 for DISCOVERED_A_NEW_TERM
2019-10-19 01:14:25,041 [f143d5cf-4038-4fa8-8601-f5a45f16ca3e@group-A3037D40E172-LeaderElection660] INFO  impl.RoleInfo (RoleInfo.java:shutdownLeaderElection(134)) - f143d5cf-4038-4fa8-8601-f5a45f16ca3e: shutdown LeaderElection
2019-10-19 01:14:25,041 [grpc-default-executor-10] INFO  impl.RaftServerImpl (RaftServerImpl.java:setRole(184)) - 88be3607-7667-471c-9070-7dfd13eb5ac8@group-20FCFA0487C4: changes role from  FOLLOWER to FOLLOWER at term 23 for recognizeCandidate:9c2d914d-67b1-4af9-8080-4d6ee007b506
2019-10-19 01:14:25,041 [grpc-default-executor-10] INFO  impl.RoleInfo (RoleInfo.java:shutdownFollowerState(121)) - 88be3607-7667-471c-9070-7dfd13eb5ac8: shutdown FollowerState
2019-10-19 01:14:25,041 [f143d5cf-4038-4fa8-8601-f5a45f16ca3e@group-A3037D40E172-LeaderElection660] INFO  impl.RoleInfo (RoleInfo.java:updateAndGet(143)) - f143d5cf-4038-4fa8-8601-f5a45f16ca3e: start FollowerState
2019-10-19 01:14:25,041 [Thread-6595] INFO  impl.FollowerState (FollowerState.java:run(117)) - 88be3607-7667-471c-9070-7dfd13eb5ac8@group-20FCFA0487C4-FollowerState was interrupted: java.lang.InterruptedException: sleep interrupted
2019-10-19 01:14:25,041 [grpc-default-executor-10] INFO  impl.RoleInfo (RoleInfo.java:updateAndGet(143)) - 88be3607-7667-471c-9070-7dfd13eb5ac8: start FollowerState
2019-10-19 01:14:25,041 [grpc-default-executor-9] INFO  impl.RaftServerImpl (RaftServerImpl.java:setRole(184)) - 61d0b7dc-5f8b-422f-8693-c58167224d24@group-20FCFA0487C4: changes role from  FOLLOWER to FOLLOWER at term 23 for recognizeCandidate:9c2d914d-67b1-4af9-8080-4d6ee007b506
2019-10-19 01:14:25,042 [grpc-default-executor-9] INFO  impl.RoleInfo (RoleInfo.java:shutdownFollowerState(121)) - 61d0b7dc-5f8b-422f-8693-c58167224d24: shutdown FollowerState
2019-10-19 01:14:25,042 [grpc-default-executor-9] INFO  impl.RoleInfo (RoleInfo.java:updateAndGet(143)) - 61d0b7dc-5f8b-422f-8693-c58167224d24: start FollowerState
2019-10-19 01:14:25,042 [Thread-6594] INFO  impl.FollowerState (FollowerState.java:run(117)) - 61d0b7dc-5f8b-422f-8693-c58167224d24@group-20FCFA0487C4-FollowerState was interrupted: java.lang.InterruptedException: sleep interrupted
2019-10-19 01:14:25,059 [9c2d914d-67b1-4af9-8080-4d6ee007b506@group-20FCFA0487C4-LeaderElection661] INFO  impl.LeaderElection (LeaderElection.java:logAndReturn(56)) - 9c2d914d-67b1-4af9-8080-4d6ee007b506@group-20FCFA0487C4-LeaderElection661: Election REJECTED; received 2 response(s) [9c2d914d-67b1-4af9-8080-4d6ee007b506<-88be3607-7667-471c-9070-7dfd13eb5ac8#0:FAIL-t23, 9c2d914d-67b1-4af9-8080-4d6ee007b506<-61d0b7dc-5f8b-422f-8693-c58167224d24#0:FAIL-t23] and 0 exception(s); 9c2d914d-67b1-4af9-8080-4d6ee007b506@group-20FCFA0487C4:t23, leader=null, voted=9c2d914d-67b1-4af9-8080-4d6ee007b506, raftlog=9c2d914d-67b1-4af9-8080-4d6ee007b506@group-20FCFA0487C4-SegmentedRaftLog:OPENED:c-1,f-1,i0, conf=-1: [88be3607-7667-471c-9070-7dfd13eb5ac8:192.168.69.71:32925, 9c2d914d-67b1-4af9-8080-4d6ee007b506:192.168.69.71:35462, 61d0b7dc-5f8b-422f-8693-c58167224d24:192.168.69.71:43479], old=null
2019-10-19 01:14:25,059 [9c2d914d-67b1-4af9-8080-4d6ee007b506@group-20FCFA0487C4-LeaderElection661] INFO  impl.RaftServerImpl (RaftServerImpl.java:setRole(184)) - 9c2d914d-67b1-4af9-8080-4d6ee007b506@group-20FCFA0487C4: changes role from CANDIDATE to FOLLOWER at term 23 for DISCOVERED_A_NEW_TERM
2019-10-19 01:14:25,059 [9c2d914d-67b1-4af9-8080-4d6ee007b506@group-20FCFA0487C4-LeaderElection661] INFO  impl.RoleInfo (RoleInfo.java:shutdownLeaderElection(134)) - 9c2d914d-67b1-4af9-8080-4d6ee007b506: shutdown LeaderElection
2019-10-19 01:14:25,059 [9c2d914d-67b1-4af9-8080-4d6ee007b506@group-20FCFA0487C4-LeaderElection661] INFO  impl.RoleInfo (RoleInfo.java:updateAndGet(143)) - 9c2d914d-67b1-4af9-8080-4d6ee007b506: start FollowerState
2019-10-19 01:14:25,097 [Thread-6609] INFO  impl.FollowerState (FollowerState.java:run(108)) - 9c2d914d-67b1-4af9-8080-4d6ee007b506@group-20FCFA0487C4-FollowerState: change to CANDIDATE, lastRpcTime:37ms, electionTimeout:37ms
2019-10-19 01:14:25,097 [Thread-6609] INFO  impl.RoleInfo (RoleInfo.java:shutdownFollowerState(121)) - 9c2d914d-67b1-4af9-8080-4d6ee007b506: shutdown FollowerState
2019-10-19 01:14:25,097 [Thread-6609] INFO  impl.RaftServerImpl (RaftServerImpl.java:setRole(184)) - 9c2d914d-67b1-4af9-8080-4d6ee007b506@group-20FCFA0487C4: changes role from  FOLLOWER to CANDIDATE at term 23 for changeToCandidate
2019-10-19 01:14:25,097 [Thread-6609] INFO  impl.RoleInfo (RoleInfo.java:updateAndGet(143)) - 9c2d914d-67b1-4af9-8080-4d6ee007b506: start LeaderElection
2019-10-19 01:14:25,110 [9c2d914d-67b1-4af9-8080-4d6ee007b506@group-20FCFA0487C4-LeaderElection662] INFO  impl.LeaderElection (LeaderElection.java:askForVotes(178)) - 9c2d914d-67b1-4af9-8080-4d6ee007b506@group-20FCFA0487C4-LeaderElection662: begin an election at term 24 for -1: [88be3607-7667-471c-9070-7dfd13eb5ac8:192.168.69.71:32925, 9c2d914d-67b1-4af9-8080-4d6ee007b506:192.168.69.71:35462, 61d0b7dc-5f8b-422f-8693-c58167224d24:192.168.69.71:43479], old=null
2019-10-19 01:14:25,111 [grpc-default-executor-10] INFO  impl.RaftServerImpl (RaftServerImpl.java:setRole(184)) - 88be3607-7667-471c-9070-7dfd13eb5ac8@group-20FCFA0487C4: changes role from  FOLLOWER to FOLLOWER at term 24 for recognizeCandidate:9c2d914d-67b1-4af9-8080-4d6ee007b506
2019-10-19 01:14:25,111 [grpc-default-executor-9] INFO  impl.RaftServerImpl (RaftServerImpl.java:setRole(184)) - 61d0b7dc-5f8b-422f-8693-c58167224d24@group-20FCFA0487C4: changes role from  FOLLOWER to FOLLOWER at term 24 for recognizeCandidate:9c2d914d-67b1-4af9-8080-4d6ee007b506
2019-10-19 01:14:25,111 [grpc-default-executor-9] INFO  impl.RoleInfo (RoleInfo.java:shutdownFollowerState(121)) - 61d0b7dc-5f8b-422f-8693-c58167224d24: shutdown FollowerState
2019-10-19 01:14:25,111 [grpc-default-executor-10] INFO  impl.RoleInfo (RoleInfo.java:shutdownFollowerState(121)) - 88be3607-7667-471c-9070-7dfd13eb5ac8: shutdown FollowerState
2019-10-19 01:14:25,111 [Thread-6608] INFO  impl.FollowerState (FollowerState.java:run(117)) - 61d0b7dc-5f8b-422f-8693-c58167224d24@group-20FCFA0487C4-FollowerState was interrupted: java.lang.InterruptedException: sleep interrupted
2019-10-19 01:14:25,111 [grpc-default-executor-9] INFO  impl.RoleInfo (RoleInfo.java:updateAndGet(143)) - 61d0b7dc-5f8b-422f-8693-c58167224d24: start FollowerState
2019-10-19 01:14:25,112 [Thread-6607] INFO  impl.FollowerState (FollowerState.java:run(117)) - 88be3607-7667-471c-9070-7dfd13eb5ac8@group-20FCFA0487C4-FollowerState was interrupted: java.lang.InterruptedException: sleep interrupted
2019-10-19 01:14:25,111 [grpc-default-executor-10] INFO  impl.RoleInfo (RoleInfo.java:updateAndGet(143)) - 88be3607-7667-471c-9070-7dfd13eb5ac8: start FollowerState
2019-10-19 01:14:25,134 [9c2d914d-67b1-4af9-8080-4d6ee007b506@group-20FCFA0487C4-LeaderElection662] INFO  impl.LeaderElection (LeaderElection.java:logAndReturn(56)) - 9c2d914d-67b1-4af9-8080-4d6ee007b506@group-20FCFA0487C4-LeaderElection662: Election REJECTED; received 2 response(s) [9c2d914d-67b1-4af9-8080-4d6ee007b506<-88be3607-7667-471c-9070-7dfd13eb5ac8#0:FAIL-t24, 9c2d914d-67b1-4af9-8080-4d6ee007b506<-61d0b7dc-5f8b-422f-8693-c58167224d24#0:FAIL-t24] and 0 exception(s); 9c2d914d-67b1-4af9-8080-4d6ee007b506@group-20FCFA0487C4:t24, leader=null, voted=9c2d914d-67b1-4af9-8080-4d6ee007b506, raftlog=9c2d914d-67b1-4af9-8080-4d6ee007b506@group-20FCFA0487C4-SegmentedRaftLog:OPENED:c-1,f-1,i0, conf=-1: [88be3607-7667-471c-9070-7dfd13eb5ac8:192.168.69.71:32925, 9c2d914d-67b1-4af9-8080-4d6ee007b506:192.168.69.71:35462, 61d0b7dc-5f8b-422f-8693-c58167224d24:192.168.69.71:43479], old=null
2019-10-19 01:14:25,134 [9c2d914d-67b1-4af9-8080-4d6ee007b506@group-20FCFA0487C4-LeaderElection662] INFO  impl.RaftServerImpl (RaftServerImpl.java:setRole(184)) - 9c2d914d-67b1-4af9-8080-4d6ee007b506@group-20FCFA0487C4: changes role from CANDIDATE to FOLLOWER at term 24 for DISCOVERED_A_NEW_TERM
2019-10-19 01:14:25,134 [9c2d914d-67b1-4af9-8080-4d6ee007b506@group-20FCFA0487C4-LeaderElection662] INFO  impl.RoleInfo (RoleInfo.java:shutdownLeaderElection(134)) - 9c2d914d-67b1-4af9-8080-4d6ee007b506: shutdown LeaderElection
2019-10-19 01:14:25,134 [9c2d914d-67b1-4af9-8080-4d6ee007b506@group-20FCFA0487C4-LeaderElection662] INFO  impl.RoleInfo (RoleInfo.java:updateAndGet(143)) - 9c2d914d-67b1-4af9-8080-4d6ee007b506: start FollowerState
2019-10-19 01:14:25,204 [Thread-6617] INFO  impl.FollowerState (FollowerState.java:run(108)) - 9c2d914d-67b1-4af9-8080-4d6ee007b506@group-20FCFA0487C4-FollowerState: change to CANDIDATE, lastRpcTime:69ms, electionTimeout:69ms
2019-10-19 01:14:25,204 [Thread-6617] INFO  impl.RoleInfo (RoleInfo.java:shutdownFollowerState(121)) - 9c2d914d-67b1-4af9-8080-4d6ee007b506: shutdown FollowerState
2019-10-19 01:14:25,204 [Thread-6617] INFO  impl.RaftServerImpl (RaftServerImpl.java:setRole(184)) - 9c2d914d-67b1-4af9-8080-4d6ee007b506@group-20FCFA0487C4: changes role from  FOLLOWER to CANDIDATE at term 24 for changeToCandidate
2019-10-19 01:14:25,204 [Thread-6617] INFO  impl.RoleInfo (RoleInfo.java:updateAndGet(143)) - 9c2d914d-67b1-4af9-8080-4d6ee007b506: start LeaderElection
2019-10-19 01:14:25,217 [9c2d914d-67b1-4af9-8080-4d6ee007b506@group-20FCFA0487C4-LeaderElection663] INFO  impl.LeaderElection (LeaderElection.java:askForVotes(178)) - 9c2d914d-67b1-4af9-8080-4d6ee007b506@group-20FCFA0487C4-LeaderElection663: begin an election at term 25 for -1: [88be3607-7667-471c-9070-7dfd13eb5ac8:192.168.69.71:32925, 9c2d914d-67b1-4af9-8080-4d6ee007b506:192.168.69.71:35462, 61d0b7dc-5f8b-422f-8693-c58167224d24:192.168.69.71:43479], old=null
2019-10-19 01:14:25,219 [grpc-default-executor-10] INFO  impl.RaftServerImpl (RaftServerImpl.java:setRole(184)) - 88be3607-7667-471c-9070-7dfd13eb5ac8@group-20FCFA0487C4: changes role from  FOLLOWER to FOLLOWER at term 25 for recognizeCandidate:9c2d914d-67b1-4af9-8080-4d6ee007b506
2019-10-19 01:14:25,219 [grpc-default-executor-9] INFO  impl.RaftServerImpl (RaftServerImpl.java:setRole(184)) - 61d0b7dc-5f8b-422f-8693-c58167224d24@group-20FCFA0487C4: changes role from  FOLLOWER to FOLLOWER at term 25 for recognizeCandidate:9c2d914d-67b1-4af9-8080-4d6ee007b506
2019-10-19 01:14:25,219 [grpc-default-executor-9] INFO  impl.RoleInfo (RoleInfo.java:shutdownFollowerState(121)) - 61d0b7dc-5f8b-422f-8693-c58167224d24: shutdown FollowerState
2019-10-19 01:14:25,219 [grpc-default-executor-10] INFO  impl.RoleInfo (RoleInfo.java:shutdownFollowerState(121)) - 88be3607-7667-471c-9070-7dfd13eb5ac8: shutdown FollowerState
2019-10-19 01:14:25,219 [Thread-6615] INFO  impl.FollowerState (FollowerState.java:run(117)) - 61d0b7dc-5f8b-422f-8693-c58167224d24@group-20FCFA0487C4-FollowerState was interrupted: java.lang.InterruptedException: sleep interrupted
2019-10-19 01:14:25,219 [grpc-default-executor-9] INFO  impl.RoleInfo (RoleInfo.java:updateAndGet(143)) - 61d0b7dc-5f8b-422f-8693-c58167224d24: start FollowerState
2019-10-19 01:14:25,219 [Thread-6616] INFO  impl.FollowerState (FollowerState.java:run(117)) - 88be3607-7667-471c-9070-7dfd13eb5ac8@group-20FCFA0487C4-FollowerState was interrupted: java.lang.InterruptedException: sleep interrupted
2019-10-19 01:14:25,219 [grpc-default-executor-10] INFO  impl.RoleInfo (RoleInfo.java:updateAndGet(143)) - 88be3607-7667-471c-9070-7dfd13eb5ac8: start FollowerState
2019-10-19 01:14:25,228 [Thread-6606] INFO  impl.FollowerState (FollowerState.java:run(108)) - f143d5cf-4038-4fa8-8601-f5a45f16ca3e@group-A3037D40E172-FollowerState: change to CANDIDATE, lastRpcTime:186ms, electionTimeout:186ms
2019-10-19 01:14:25,228 [Thread-6606] INFO  impl.RoleInfo (RoleInfo.java:shutdownFollowerState(121)) - f143d5cf-4038-4fa8-8601-f5a45f16ca3e: shutdown FollowerState
2019-10-19 01:14:25,228 [Thread-6606] INFO  impl.RaftServerImpl (RaftServerImpl.java:setRole(184)) - f143d5cf-4038-4fa8-8601-f5a45f16ca3e@group-A3037D40E172: changes role from  FOLLOWER to CANDIDATE at term 23 for changeToCandidate
2019-10-19 01:14:25,228 [Thread-6606] INFO  impl.RoleInfo (RoleInfo.java:updateAndGet(143)) - f143d5cf-4038-4fa8-8601-f5a45f16ca3e: start LeaderElection
2019-10-19 01:14:25,233 [f143d5cf-4038-4fa8-8601-f5a45f16ca3e@group-A3037D40E172-LeaderElection664] INFO  impl.LeaderElection (LeaderElection.java:askForVotes(178)) - f143d5cf-4038-4fa8-8601-f5a45f16ca3e@group-A3037D40E172-LeaderElection664: begin an election at term 24 for -1: [f143d5cf-4038-4fa8-8601-f5a45f16ca3e:192.168.69.71:40169, 2543ffea-c5c6-4af0-856f-eb846bad755a:192.168.69.71:45287, 61d14648-e80d-4cd8-9e7c-6deb2f21aca8:192.168.69.71:42247], old=null
2019-10-19 01:14:25,234 [9c2d914d-67b1-4af9-8080-4d6ee007b506@group-20FCFA0487C4-LeaderElection663] INFO  impl.LeaderElection (LeaderElection.java:logAndReturn(56)) - 9c2d914d-67b1-4af9-8080-4d6ee007b506@group-20FCFA0487C4-LeaderElection663: Election REJECTED; received 2 response(s) [9c2d914d-67b1-4af9-8080-4d6ee007b506<-88be3607-7667-471c-9070-7dfd13eb5ac8#0:FAIL-t25, 9c2d914d-67b1-4af9-8080-4d6ee007b506<-61d0b7dc-5f8b-422f-8693-c58167224d24#0:FAIL-t25] and 0 exception(s); 9c2d914d-67b1-4af9-8080-4d6ee007b506@group-20FCFA0487C4:t25, leader=null, voted=9c2d914d-67b1-4af9-8080-4d6ee007b506, raftlog=9c2d914d-67b1-4af9-8080-4d6ee007b506@group-20FCFA0487C4-SegmentedRaftLog:OPENED:c-1,f-1,i0, conf=-1: [88be3607-7667-471c-9070-7dfd13eb5ac8:192.168.69.71:32925, 9c2d914d-67b1-4af9-8080-4d6ee007b506:192.168.69.71:35462, 61d0b7dc-5f8b-422f-8693-c58167224d24:192.168.69.71:43479], old=null
2019-10-19 01:14:25,234 [9c2d914d-67b1-4af9-8080-4d6ee007b506@group-20FCFA0487C4-LeaderElection663] INFO  impl.RaftServerImpl (RaftServerImpl.java:setRole(184)) - 9c2d914d-67b1-4af9-8080-4d6ee007b506@group-20FCFA0487C4: changes role from CANDIDATE to FOLLOWER at term 25 for DISCOVERED_A_NEW_TERM
2019-10-19 01:14:25,234 [9c2d914d-67b1-4af9-8080-4d6ee007b506@group-20FCFA0487C4-LeaderElection663] INFO  impl.RoleInfo (RoleInfo.java:shutdownLeaderElection(134)) - 9c2d914d-67b1-4af9-8080-4d6ee007b506: shutdown LeaderElection
2019-10-19 01:14:25,234 [9c2d914d-67b1-4af9-8080-4d6ee007b506@group-20FCFA0487C4-LeaderElection663] INFO  impl.RoleInfo (RoleInfo.java:updateAndGet(143)) - 9c2d914d-67b1-4af9-8080-4d6ee007b506: start FollowerState
2019-10-19 01:14:25,238 [grpc-default-executor-10] INFO  impl.RaftServerImpl (RaftServerImpl.java:setRole(184)) - 2543ffea-c5c6-4af0-856f-eb846bad755a@group-A3037D40E172: changes role from  FOLLOWER to FOLLOWER at term 24 for recognizeCandidate:f143d5cf-4038-4fa8-8601-f5a45f16ca3e
2019-10-19 01:14:25,238 [grpc-default-executor-10] INFO  impl.RoleInfo (RoleInfo.java:shutdownFollowerState(121)) - 2543ffea-c5c6-4af0-856f-eb846bad755a: shutdown FollowerState
2019-10-19 01:14:25,238 [grpc-default-executor-9] INFO  impl.RaftServerImpl (RaftServerImpl.java:setRole(184)) - 61d14648-e80d-4cd8-9e7c-6deb2f21aca8@group-A3037D40E172: changes role from  FOLLOWER to FOLLOWER at term 24 for recognizeCandidate:f143d5cf-4038-4fa8-8601-f5a45f16ca3e
2019-10-19 01:14:25,238 [grpc-default-executor-9] INFO  impl.RoleInfo (RoleInfo.java:shutdownFollowerState(121)) - 61d14648-e80d-4cd8-9e7c-6deb2f21aca8: shutdown FollowerState
2019-10-19 01:14:25,238 [Thread-6601] INFO  impl.FollowerState (FollowerState.java:run(117)) - 2543ffea-c5c6-4af0-856f-eb846bad755a@group-A3037D40E172-FollowerState was interrupted: java.lang.InterruptedException: sleep interrupted
2019-10-19 01:14:25,238 [grpc-default-executor-10] INFO  impl.RoleInfo (RoleInfo.java:updateAndGet(143)) - 2543ffea-c5c6-4af0-856f-eb846bad755a: start FollowerState
2019-10-19 01:14:25,238 [Thread-6602] INFO  impl.FollowerState (FollowerState.java:run(117)) - 61d14648-e80d-4cd8-9e7c-6deb2f21aca8@group-A3037D40E172-FollowerState was interrupted: java.lang.InterruptedException: sleep interrupted
2019-10-19 01:14:25,238 [grpc-default-executor-9] INFO  impl.RoleInfo (RoleInfo.java:updateAndGet(143)) - 61d14648-e80d-4cd8-9e7c-6deb2f21aca8: start FollowerState
2019-10-19 01:14:25,252 [f143d5cf-4038-4fa8-8601-f5a45f16ca3e@group-A3037D40E172-LeaderElection664] INFO  impl.LeaderElection (LeaderElection.java:logAndReturn(56)) - f143d5cf-4038-4fa8-8601-f5a45f16ca3e@group-A3037D40E172-LeaderElection664: Election REJECTED; received 2 response(s) [f143d5cf-4038-4fa8-8601-f5a45f16ca3e<-2543ffea-c5c6-4af0-856f-eb846bad755a#0:FAIL-t24, f143d5cf-4038-4fa8-8601-f5a45f16ca3e<-61d14648-e80d-4cd8-9e7c-6deb2f21aca8#0:FAIL-t24] and 0 exception(s); f143d5cf-4038-4fa8-8601-f5a45f16ca3e@group-A3037D40E172:t24, leader=null, voted=f143d5cf-4038-4fa8-8601-f5a45f16ca3e, raftlog=f143d5cf-4038-4fa8-8601-f5a45f16ca3e@group-A3037D40E172-SegmentedRaftLog:OPENED:c-1,f-1,i0, conf=-1: [f143d5cf-4038-4fa8-8601-f5a45f16ca3e:192.168.69.71:40169, 2543ffea-c5c6-4af0-856f-eb846bad755a:192.168.69.71:45287, 61d14648-e80d-4cd8-9e7c-6deb2f21aca8:192.168.69.71:42247], old=null
2019-10-19 01:14:25,252 [f143d5cf-4038-4fa8-8601-f5a45f16ca3e@group-A3037D40E172-LeaderElection664] INFO  impl.RaftServerImpl (RaftServerImpl.java:setRole(184)) - f143d5cf-4038-4fa8-8601-f5a45f16ca3e@group-A3037D40E172: changes role from CANDIDATE to FOLLOWER at term 24 for DISCOVERED_A_NEW_TERM
2019-10-19 01:14:25,252 [f143d5cf-4038-4fa8-8601-f5a45f16ca3e@group-A3037D40E172-LeaderElection664] INFO  impl.RoleInfo (RoleInfo.java:shutdownLeaderElection(134)) - f143d5cf-4038-4fa8-8601-f5a45f16ca3e: shutdown LeaderElection
2019-10-19 01:14:25,252 [f143d5cf-4038-4fa8-8601-f5a45f16ca3e@group-A3037D40E172-LeaderElection664] INFO  impl.RoleInfo (RoleInfo.java:updateAndGet(143)) - f143d5cf-4038-4fa8-8601-f5a45f16ca3e: start FollowerState
2019-10-19 01:14:25,366 [Thread-6629] INFO  impl.FollowerState (FollowerState.java:run(108)) - f143d5cf-4038-4fa8-8601-f5a45f16ca3e@group-A3037D40E172-FollowerState: change to CANDIDATE, lastRpcTime:114ms, electionTimeout:114ms
2019-10-19 01:14:25,367 [Thread-6629] INFO  impl.RoleInfo (RoleInfo.java:shutdownFollowerState(121)) - f143d5cf-4038-4fa8-8601-f5a45f16ca3e: shutdown FollowerState
2019-10-19 01:14:25,367 [Thread-6629] INFO  impl.RaftServerImpl (RaftServerImpl.java:setRole(184)) - f143d5cf-4038-4fa8-8601-f5a45f16ca3e@group-A3037D40E172: changes role from  FOLLOWER to CANDIDATE at term 24 for changeToCandidate
2019-10-19 01:14:25,367 [Thread-6629] INFO  impl.RoleInfo (RoleInfo.java:updateAndGet(143)) - f143d5cf-4038-4fa8-8601-f5a45f16ca3e: start LeaderElection
2019-10-19 01:14:25,380 [Thread-6626] INFO  impl.FollowerState (FollowerState.java:run(108)) - 9c2d914d-67b1-4af9-8080-4d6ee007b506@group-20FCFA0487C4-FollowerState: change to CANDIDATE, lastRpcTime:145ms, electionTimeout:142ms
2019-10-19 01:14:25,380 [Thread-6626] INFO  impl.RoleInfo (RoleInfo.java:shutdownFollowerState(121)) - 9c2d914d-67b1-4af9-8080-4d6ee007b506: shutdown FollowerState
2019-10-19 01:14:25,380 [Thread-6626] INFO  impl.RaftServerImpl (RaftServerImpl.java:setRole(184)) - 9c2d914d-67b1-4af9-8080-4d6ee007b506@group-20FCFA0487C4: changes role from  FOLLOWER to CANDIDATE at term 25 for changeToCandidate
2019-10-19 01:14:25,380 [Thread-6626] INFO  impl.RoleInfo (RoleInfo.java:updateAndGet(143)) - 9c2d914d-67b1-4af9-8080-4d6ee007b506: start LeaderElection
2019-10-19 01:14:25,392 [f143d5cf-4038-4fa8-8601-f5a45f16ca3e@group-A3037D40E172-LeaderElection665] INFO  impl.LeaderElection (LeaderElection.java:askForVotes(178)) - f143d5cf-4038-4fa8-8601-f5a45f16ca3e@group-A3037D40E172-LeaderElection665: begin an election at term 25 for -1: [f143d5cf-4038-4fa8-8601-f5a45f16ca3e:192.168.69.71:40169, 2543ffea-c5c6-4af0-856f-eb846bad755a:192.168.69.71:45287, 61d14648-e80d-4cd8-9e7c-6deb2f21aca8:192.168.69.71:42247], old=null
2019-10-19 01:14:25,394 [grpc-default-executor-10] INFO  impl.RaftServerImpl (RaftServerImpl.java:setRole(184)) - 61d14648-e80d-4cd8-9e7c-6deb2f21aca8@group-A3037D40E172: changes role from  FOLLOWER to FOLLOWER at term 25 for recognizeCandidate:f143d5cf-4038-4fa8-8601-f5a45f16ca3e
2019-10-19 01:14:25,394 [grpc-default-executor-10] INFO  impl.RoleInfo (RoleInfo.java:shutdownFollowerState(121)) - 61d14648-e80d-4cd8-9e7c-6deb2f21aca8: shutdown FollowerState
2019-10-19 01:14:25,394 [9c2d914d-67b1-4af9-8080-4d6ee007b506@group-20FCFA0487C4-LeaderElection666] INFO  impl.LeaderElection (LeaderElection.java:askForVotes(178)) - 9c2d914d-67b1-4af9-8080-4d6ee007b506@group-20FCFA0487C4-LeaderElection666: begin an election at term 26 for -1: [88be3607-7667-471c-9070-7dfd13eb5ac8:192.168.69.71:32925, 9c2d914d-67b1-4af9-8080-4d6ee007b506:192.168.69.71:35462, 61d0b7dc-5f8b-422f-8693-c58167224d24:192.168.69.71:43479], old=null
2019-10-19 01:14:25,395 [grpc-default-executor-9] INFO  impl.RaftServerImpl (RaftServerImpl.java:setRole(184)) - 2543ffea-c5c6-4af0-856f-eb846bad755a@group-A3037D40E172: changes role from  FOLLOWER to FOLLOWER at term 25 for recognizeCandidate:f143d5cf-4038-4fa8-8601-f5a45f16ca3e
2019-10-19 01:14:25,395 [Thread-6628] INFO  impl.FollowerState (FollowerState.java:run(117)) - 61d14648-e80d-4cd8-9e7c-6deb2f21aca8@group-A3037D40E172-FollowerState was interrupted: java.lang.InterruptedException: sleep interrupted
2019-10-19 01:14:25,394 [grpc-default-executor-10] INFO  impl.RoleInfo (RoleInfo.java:updateAndGet(143)) - 61d14648-e80d-4cd8-9e7c-6deb2f21aca8: start FollowerState
2019-10-19 01:14:25,395 [grpc-default-executor-9] INFO  impl.RoleInfo (RoleInfo.java:shutdownFollowerState(121)) - 2543ffea-c5c6-4af0-856f-eb846bad755a: shutdown FollowerState
2019-10-19 01:14:25,395 [Thread-6627] INFO  impl.FollowerState (FollowerState.java:run(117)) - 2543ffea-c5c6-4af0-856f-eb846bad755a@group-A3037D40E172-FollowerState was interrupted: java.lang.InterruptedException: sleep interrupted
2019-10-19 01:14:25,396 [grpc-default-executor-9] INFO  impl.RoleInfo (RoleInfo.java:updateAndGet(143)) - 2543ffea-c5c6-4af0-856f-eb846bad755a: start FollowerState
2019-10-19 01:14:25,396 [grpc-default-executor-3] INFO  impl.RaftServerImpl (RaftServerImpl.java:setRole(184)) - 61d0b7dc-5f8b-422f-8693-c58167224d24@group-20FCFA0487C4: changes role from  FOLLOWER to FOLLOWER at term 26 for recognizeCandidate:9c2d914d-67b1-4af9-8080-4d6ee007b506
2019-10-19 01:14:25,396 [grpc-default-executor-3] INFO  impl.RoleInfo (RoleInfo.java:shutdownFollowerState(121)) - 61d0b7dc-5f8b-422f-8693-c58167224d24: shutdown FollowerState
2019-10-19 01:14:25,396 [grpc-default-executor-5] INFO  impl.RaftServerImpl (RaftServerImpl.java:setRole(184)) - 88be3607-7667-471c-9070-7dfd13eb5ac8@group-20FCFA0487C4: changes role from  FOLLOWER to FOLLOWER at term 26 for recognizeCandidate:9c2d914d-67b1-4af9-8080-4d6ee007b506
2019-10-19 01:14:25,396 [grpc-default-executor-5] INFO  impl.RoleInfo (RoleInfo.java:shutdownFollowerState(121)) - 88be3607-7667-471c-9070-7dfd13eb5ac8: shutdown FollowerState
2019-10-19 01:14:25,396 [Thread-6621] INFO  impl.FollowerState (FollowerState.java:run(117)) - 61d0b7dc-5f8b-422f-8693-c58167224d24@group-20FCFA0487C4-FollowerState was interrupted: java.lang.InterruptedException: sleep interrupted
2019-10-19 01:14:25,396 [Thread-6622] INFO  impl.FollowerState (FollowerState.java:run(117)) - 88be3607-7667-471c-9070-7dfd13eb5ac8@group-20FCFA0487C4-FollowerState was interrupted: java.lang.InterruptedException: sleep interrupted
2019-10-19 01:14:25,396 [grpc-default-executor-3] INFO  impl.RoleInfo (RoleInfo.java:updateAndGet(143)) - 61d0b7dc-5f8b-422f-8693-c58167224d24: start FollowerState
2019-10-19 01:14:25,396 [grpc-default-executor-5] INFO  impl.RoleInfo (RoleInfo.java:updateAndGet(143)) - 88be3607-7667-471c-9070-7dfd13eb5ac8: start FollowerState
2019-10-19 01:14:25,410 [9c2d914d-67b1-4af9-8080-4d6ee007b506@group-20FCFA0487C4-LeaderElection666] INFO  impl.LeaderElection (LeaderElection.java:logAndReturn(56)) - 9c2d914d-67b1-4af9-8080-4d6ee007b506@group-20FCFA0487C4-LeaderElection666: Election REJECTED; received 2 response(s) [9c2d914d-67b1-4af9-8080-4d6ee007b506<-88be3607-7667-471c-9070-7dfd13eb5ac8#0:FAIL-t26, 9c2d914d-67b1-4af9-8080-4d6ee007b506<-61d0b7dc-5f8b-422f-8693-c58167224d24#0:FAIL-t26] and 0 exception(s); 9c2d914d-67b1-4af9-8080-4d6ee007b506@group-20FCFA0487C4:t26, leader=null, voted=9c2d914d-67b1-4af9-8080-4d6ee007b506, raftlog=9c2d914d-67b1-4af9-8080-4d6ee007b506@group-20FCFA0487C4-SegmentedRaftLog:OPENED:c-1,f-1,i0, conf=-1: [88be3607-7667-471c-9070-7dfd13eb5ac8:192.168.69.71:32925, 9c2d914d-67b1-4af9-8080-4d6ee007b506:192.168.69.71:35462, 61d0b7dc-5f8b-422f-8693-c58167224d24:192.168.69.71:43479], old=null
2019-10-19 01:14:25,410 [f143d5cf-4038-4fa8-8601-f5a45f16ca3e@group-A3037D40E172-LeaderElection665] INFO  impl.LeaderElection (LeaderElection.java:logAndReturn(56)) - f143d5cf-4038-4fa8-8601-f5a45f16ca3e@group-A3037D40E172-LeaderElection665: Election REJECTED; received 2 response(s) [f143d5cf-4038-4fa8-8601-f5a45f16ca3e<-2543ffea-c5c6-4af0-856f-eb846bad755a#0:FAIL-t25, f143d5cf-4038-4fa8-8601-f5a45f16ca3e<-61d14648-e80d-4cd8-9e7c-6deb2f21aca8#0:FAIL-t25] and 0 exception(s); f143d5cf-4038-4fa8-8601-f5a45f16ca3e@group-A3037D40E172:t25, leader=null, voted=f143d5cf-4038-4fa8-8601-f5a45f16ca3e, raftlog=f143d5cf-4038-4fa8-8601-f5a45f16ca3e@group-A3037D40E172-SegmentedRaftLog:OPENED:c-1,f-1,i0, conf=-1: [f143d5cf-4038-4fa8-8601-f5a45f16ca3e:192.168.69.71:40169, 2543ffea-c5c6-4af0-856f-eb846bad755a:192.168.69.71:45287, 61d14648-e80d-4cd8-9e7c-6deb2f21aca8:192.168.69.71:42247], old=null
2019-10-19 01:14:25,410 [9c2d914d-67b1-4af9-8080-4d6ee007b506@group-20FCFA0487C4-LeaderElection666] INFO  impl.RaftServerImpl (RaftServerImpl.java:setRole(184)) - 9c2d914d-67b1-4af9-8080-4d6ee007b506@group-20FCFA0487C4: changes role from CANDIDATE to FOLLOWER at term 26 for DISCOVERED_A_NEW_TERM
2019-10-19 01:14:25,411 [9c2d914d-67b1-4af9-8080-4d6ee007b506@group-20FCFA0487C4-LeaderElection666] INFO  impl.RoleInfo (RoleInfo.java:shutdownLeaderElection(134)) - 9c2d914d-67b1-4af9-8080-4d6ee007b506: shutdown LeaderElection
2019-10-19 01:14:25,410 [f143d5cf-4038-4fa8-8601-f5a45f16ca3e@group-A3037D40E172-LeaderElection665] INFO  impl.RaftServerImpl (RaftServerImpl.java:setRole(184)) - f143d5cf-4038-4fa8-8601-f5a45f16ca3e@group-A3037D40E172: changes role from CANDIDATE to FOLLOWER at term 25 for DISCOVERED_A_NEW_TERM
2019-10-19 01:14:25,411 [f143d5cf-4038-4fa8-8601-f5a45f16ca3e@group-A3037D40E172-LeaderElection665] INFO  impl.RoleInfo (RoleInfo.java:shutdownLeaderElection(134)) - f143d5cf-4038-4fa8-8601-f5a45f16ca3e: shutdown LeaderElection
2019-10-19 01:14:25,411 [f143d5cf-4038-4fa8-8601-f5a45f16ca3e@group-A3037D40E172-LeaderElection665] INFO  impl.RoleInfo (RoleInfo.java:updateAndGet(143)) - f143d5cf-4038-4fa8-8601-f5a45f16ca3e: start FollowerState
2019-10-19 01:14:25,411 [9c2d914d-67b1-4af9-8080-4d6ee007b506@group-20FCFA0487C4-LeaderElection666] INFO  impl.RoleInfo (RoleInfo.java:updateAndGet(143)) - 9c2d914d-67b1-4af9-8080-4d6ee007b506: start FollowerState
2019-10-19 01:14:25,423 [Thread-6641] INFO  impl.FollowerState (FollowerState.java:run(108)) - f143d5cf-4038-4fa8-8601-f5a45f16ca3e@group-A3037D40E172-FollowerState: change to CANDIDATE, lastRpcTime:12ms, electionTimeout:12ms
2019-10-19 01:14:25,423 [Thread-6641] INFO  impl.RoleInfo (RoleInfo.java:shutdownFollowerState(121)) - f143d5cf-4038-4fa8-8601-f5a45f16ca3e: shutdown FollowerState
2019-10-19 01:14:25,423 [Thread-6641] INFO  impl.RaftServerImpl (RaftServerImpl.java:setRole(184)) - f143d5cf-4038-4fa8-8601-f5a45f16ca3e@group-A3037D40E172: changes role from  FOLLOWER to CANDIDATE at term 25 for changeToCandidate
2019-10-19 01:14:25,424 [Thread-6641] INFO  impl.RoleInfo (RoleInfo.java:updateAndGet(143)) - f143d5cf-4038-4fa8-8601-f5a45f16ca3e: start LeaderElection
2019-10-19 01:14:25,437 [f143d5cf-4038-4fa8-8601-f5a45f16ca3e@group-A3037D40E172-LeaderElection667] INFO  impl.LeaderElection (LeaderElection.java:askForVotes(178)) - f143d5cf-4038-4fa8-8601-f5a45f16ca3e@group-A3037D40E172-LeaderElection667: begin an election at term 26 for -1: [f143d5cf-4038-4fa8-8601-f5a45f16ca3e:192.168.69.71:40169, 2543ffea-c5c6-4af0-856f-eb846bad755a:192.168.69.71:45287, 61d14648-e80d-4cd8-9e7c-6deb2f21aca8:192.168.69.71:42247], old=null
2019-10-19 01:14:25,442 [grpc-default-executor-5] INFO  impl.RaftServerImpl (RaftServerImpl.java:setRole(184)) - 2543ffea-c5c6-4af0-856f-eb846bad755a@group-A3037D40E172: changes role from  FOLLOWER to FOLLOWER at term 26 for recognizeCandidate:f143d5cf-4038-4fa8-8601-f5a45f16ca3e
2019-10-19 01:14:25,442 [grpc-default-executor-5] INFO  impl.RoleInfo (RoleInfo.java:shutdownFollowerState(121)) - 2543ffea-c5c6-4af0-856f-eb846bad755a: shutdown FollowerState
2019-10-19 01:14:25,442 [grpc-default-executor-5] INFO  impl.RoleInfo (RoleInfo.java:updateAndGet(143)) - 2543ffea-c5c6-4af0-856f-eb846bad755a: start FollowerState
2019-10-19 01:14:25,442 [grpc-default-executor-3] INFO  impl.RaftServerImpl (RaftServerImpl.java:setRole(184)) - 61d14648-e80d-4cd8-9e7c-6deb2f21aca8@group-A3037D40E172: changes role from  FOLLOWER to FOLLOWER at term 26 for recognizeCandidate:f143d5cf-4038-4fa8-8601-f5a45f16ca3e
2019-10-19 01:14:25,442 [grpc-default-executor-3] INFO  impl.RoleInfo (RoleInfo.java:shutdownFollowerState(121)) - 61d14648-e80d-4cd8-9e7c-6deb2f21aca8: shutdown FollowerState
2019-10-19 01:14:25,442 [Thread-6637] INFO  impl.FollowerState (FollowerState.java:run(117)) - 2543ffea-c5c6-4af0-856f-eb846bad755a@group-A3037D40E172-FollowerState was interrupted: java.lang.InterruptedException: sleep interrupted
2019-10-19 01:14:25,443 [grpc-default-executor-3] INFO  impl.RoleInfo (RoleInfo.java:updateAndGet(143)) - 61d14648-e80d-4cd8-9e7c-6deb2f21aca8: start FollowerState
2019-10-19 01:14:25,443 [Thread-6634] INFO  impl.FollowerState (FollowerState.java:run(117)) - 61d14648-e80d-4cd8-9e7c-6deb2f21aca8@group-A3037D40E172-FollowerState was interrupted: java.lang.InterruptedException: sleep interrupted
2019-10-19 01:14:25,456 [f143d5cf-4038-4fa8-8601-f5a45f16ca3e@group-A3037D40E172-LeaderElection667] INFO  impl.LeaderElection (LeaderElection.java:logAndReturn(56)) - f143d5cf-4038-4fa8-8601-f5a45f16ca3e@group-A3037D40E172-LeaderElection667: Election REJECTED; received 2 response(s) [f143d5cf-4038-4fa8-8601-f5a45f16ca3e<-2543ffea-c5c6-4af0-856f-eb846bad755a#0:FAIL-t26, f143d5cf-4038-4fa8-8601-f5a45f16ca3e<-61d14648-e80d-4cd8-9e7c-6deb2f21aca8#0:FAIL-t26] and 0 exception(s); f143d5cf-4038-4fa8-8601-f5a45f16ca3e@group-A3037D40E172:t26, leader=null, voted=f143d5cf-4038-4fa8-8601-f5a45f16ca3e, raftlog=f143d5cf-4038-4fa8-8601-f5a45f16ca3e@group-A3037D40E172-SegmentedRaftLog:OPENED:c-1,f-1,i0, conf=-1: [f143d5cf-4038-4fa8-8601-f5a45f16ca3e:192.168.69.71:40169, 2543ffea-c5c6-4af0-856f-eb846bad755a:192.168.69.71:45287, 61d14648-e80d-4cd8-9e7c-6deb2f21aca8:192.168.69.71:42247], old=null
2019-10-19 01:14:25,456 [f143d5cf-4038-4fa8-8601-f5a45f16ca3e@group-A3037D40E172-LeaderElection667] INFO  impl.RaftServerImpl (RaftServerImpl.java:setRole(184)) - f143d5cf-4038-4fa8-8601-f5a45f16ca3e@group-A3037D40E172: changes role from CANDIDATE to FOLLOWER at term 26 for DISCOVERED_A_NEW_TERM
2019-10-19 01:14:25,456 [f143d5cf-4038-4fa8-8601-f5a45f16ca3e@group-A3037D40E172-LeaderElection667] INFO  impl.RoleInfo (RoleInfo.java:shutdownLeaderElection(134)) - f143d5cf-4038-4fa8-8601-f5a45f16ca3e: shutdown LeaderElection
2019-10-19 01:14:25,456 [f143d5cf-4038-4fa8-8601-f5a45f16ca3e@group-A3037D40E172-LeaderElection667] INFO  impl.RoleInfo (RoleInfo.java:updateAndGet(143)) - f143d5cf-4038-4fa8-8601-f5a45f16ca3e: start FollowerState
2019-10-19 01:14:25,536 [Thread-6640] INFO  impl.FollowerState (FollowerState.java:run(108)) - 9c2d914d-67b1-4af9-8080-4d6ee007b506@group-20FCFA0487C4-FollowerState: change to CANDIDATE, lastRpcTime:125ms, electionTimeout:124ms
2019-10-19 01:14:25,536 [Thread-6640] INFO  impl.RoleInfo (RoleInfo.java:shutdownFollowerState(121)) - 9c2d914d-67b1-4af9-8080-4d6ee007b506: shutdown FollowerState
2019-10-19 01:14:25,537 [Thread-6640] INFO  impl.RaftServerImpl (RaftServerImpl.java:setRole(184)) - 9c2d914d-67b1-4af9-8080-4d6ee007b506@group-20FCFA0487C4: changes role from  FOLLOWER to CANDIDATE at term 26 for changeToCandidate
2019-10-19 01:14:25,537 [Thread-6640] INFO  impl.RoleInfo (RoleInfo.java:updateAndGet(143)) - 9c2d914d-67b1-4af9-8080-4d6ee007b506: start LeaderElection
2019-10-19 01:14:25,590 [9c2d914d-67b1-4af9-8080-4d6ee007b506@group-20FCFA0487C4-LeaderElection668] INFO  impl.LeaderElection (LeaderElection.java:askForVotes(178)) - 9c2d914d-67b1-4af9-8080-4d6ee007b506@group-20FCFA0487C4-LeaderElection668: begin an election at term 27 for -1: [88be3607-7667-471c-9070-7dfd13eb5ac8:192.168.69.71:32925, 9c2d914d-67b1-4af9-8080-4d6ee007b506:192.168.69.71:35462, 61d0b7dc-5f8b-422f-8693-c58167224d24:192.168.69.71:43479], old=null
2019-10-19 01:14:25,592 [grpc-default-executor-3] INFO  impl.RaftServerImpl (RaftServerImpl.java:setRole(184)) - 61d0b7dc-5f8b-422f-8693-c58167224d24@group-20FCFA0487C4: changes role from  FOLLOWER to FOLLOWER at term 27 for recognizeCandidate:9c2d914d-67b1-4af9-8080-4d6ee007b506
2019-10-19 01:14:25,592 [grpc-default-executor-3] INFO  impl.RoleInfo (RoleInfo.java:shutdownFollowerState(121)) - 61d0b7dc-5f8b-422f-8693-c58167224d24: shutdown FollowerState
2019-10-19 01:14:25,592 [grpc-default-executor-3] INFO  impl.RoleInfo (RoleInfo.java:updateAndGet(143)) - 61d0b7dc-5f8b-422f-8693-c58167224d24: start FollowerState
2019-10-19 01:14:25,592 [Thread-6638] INFO  impl.FollowerState (FollowerState.java:run(117)) - 61d0b7dc-5f8b-422f-8693-c58167224d24@group-20FCFA0487C4-FollowerState was interrupted: java.lang.InterruptedException: sleep interrupted
2019-10-19 01:14:25,592 [grpc-default-executor-5] INFO  impl.RaftServerImpl (RaftServerImpl.java:setRole(184)) - 88be3607-7667-471c-9070-7dfd13eb5ac8@group-20FCFA0487C4: changes role from  FOLLOWER to FOLLOWER at term 27 for recognizeCandidate:9c2d914d-67b1-4af9-8080-4d6ee007b506
2019-10-19 01:14:25,592 [grpc-default-executor-5] INFO  impl.RoleInfo (RoleInfo.java:shutdownFollowerState(121)) - 88be3607-7667-471c-9070-7dfd13eb5ac8: shutdown FollowerState
2019-10-19 01:14:25,592 [grpc-default-executor-5] INFO  impl.RoleInfo (RoleInfo.java:updateAndGet(143)) - 88be3607-7667-471c-9070-7dfd13eb5ac8: start FollowerState
2019-10-19 01:14:25,592 [Thread-6639] INFO  impl.FollowerState (FollowerState.java:run(117)) - 88be3607-7667-471c-9070-7dfd13eb5ac8@group-20FCFA0487C4-FollowerState was interrupted: java.lang.InterruptedException: sleep interrupted
2019-10-19 01:14:25,604 [9c2d914d-67b1-4af9-8080-4d6ee007b506@group-20FCFA0487C4-LeaderElection668] INFO  impl.LeaderElection (LeaderElection.java:logAndReturn(56)) - 9c2d914d-67b1-4af9-8080-4d6ee007b506@group-20FCFA0487C4-LeaderElection668: Election REJECTED; received 2 response(s) [9c2d914d-67b1-4af9-8080-4d6ee007b506<-88be3607-7667-471c-9070-7dfd13eb5ac8#0:FAIL-t27, 9c2d914d-67b1-4af9-8080-4d6ee007b506<-61d0b7dc-5f8b-422f-8693-c58167224d24#0:FAIL-t27] and 0 exception(s); 9c2d914d-67b1-4af9-8080-4d6ee007b506@group-20FCFA0487C4:t27, leader=null, voted=9c2d914d-67b1-4af9-8080-4d6ee007b506, raftlog=9c2d914d-67b1-4af9-8080-4d6ee007b506@group-20FCFA0487C4-SegmentedRaftLog:OPENED:c-1,f-1,i0, conf=-1: [88be3607-7667-471c-9070-7dfd13eb5ac8:192.168.69.71:32925, 9c2d914d-67b1-4af9-8080-4d6ee007b506:192.168.69.71:35462, 61d0b7dc-5f8b-422f-8693-c58167224d24:192.168.69.71:43479], old=null
2019-10-19 01:14:25,604 [9c2d914d-67b1-4af9-8080-4d6ee007b506@group-20FCFA0487C4-LeaderElection668] INFO  impl.RaftServerImpl (RaftServerImpl.java:setRole(184)) - 9c2d914d-67b1-4af9-8080-4d6ee007b506@group-20FCFA0487C4: changes role from CANDIDATE to FOLLOWER at term 27 for DISCOVERED_A_NEW_TERM
2019-10-19 01:14:25,604 [9c2d914d-67b1-4af9-8080-4d6ee007b506@group-20FCFA0487C4-LeaderElection668] INFO  impl.RoleInfo (RoleInfo.java:shutdownLeaderElection(134)) - 9c2d914d-67b1-4af9-8080-4d6ee007b506: shutdown LeaderElection
2019-10-19 01:14:25,605 [9c2d914d-67b1-4af9-8080-4d6ee007b506@group-20FCFA0487C4-LeaderElection668] INFO  impl.RoleInfo (RoleInfo.java:updateAndGet(143)) - 9c2d914d-67b1-4af9-8080-4d6ee007b506: start FollowerState
2019-10-19 01:14:25,652 [Thread-6647] INFO  impl.FollowerState (FollowerState.java:run(108)) - f143d5cf-4038-4fa8-8601-f5a45f16ca3e@group-A3037D40E172-FollowerState: change to CANDIDATE, lastRpcTime:195ms, electionTimeout:195ms
2019-10-19 01:14:25,652 [Thread-6647] INFO  impl.RoleInfo (RoleInfo.java:shutdownFollowerState(121)) - f143d5cf-4038-4fa8-8601-f5a45f16ca3e: shutdown FollowerState
2019-10-19 01:14:25,652 [Thread-6647] INFO  impl.RaftServerImpl (RaftServerImpl.java:setRole(184)) - f143d5cf-4038-4fa8-8601-f5a45f16ca3e@group-A3037D40E172: changes role from  FOLLOWER to CANDIDATE at term 26 for changeToCandidate
2019-10-19 01:14:25,652 [Thread-6647] INFO  impl.RoleInfo (RoleInfo.java:updateAndGet(143)) - f143d5cf-4038-4fa8-8601-f5a45f16ca3e: start LeaderElection
2019-10-19 01:14:25,665 [f143d5cf-4038-4fa8-8601-f5a45f16ca3e@group-A3037D40E172-LeaderElection669] INFO  impl.LeaderElection (LeaderElection.java:askForVotes(178)) - f143d5cf-4038-4fa8-8601-f5a45f16ca3e@group-A3037D40E172-LeaderElection669: begin an election at term 27 for -1: [f143d5cf-4038-4fa8-8601-f5a45f16ca3e:192.168.69.71:40169, 2543ffea-c5c6-4af0-856f-eb846bad755a:192.168.69.71:45287, 61d14648-e80d-4cd8-9e7c-6deb2f21aca8:192.168.69.71:42247], old=null
2019-10-19 01:14:25,666 [grpc-default-executor-3] INFO  impl.RaftServerImpl (RaftServerImpl.java:setRole(184)) - 61d14648-e80d-4cd8-9e7c-6deb2f21aca8@group-A3037D40E172: changes role from  FOLLOWER to FOLLOWER at term 27 for recognizeCandidate:f143d5cf-4038-4fa8-8601-f5a45f16ca3e
2019-10-19 01:14:25,666 [grpc-default-executor-5] INFO  impl.RaftServerImpl (RaftServerImpl.java:setRole(184)) - 2543ffea-c5c6-4af0-856f-eb846bad755a@group-A3037D40E172: changes role from  FOLLOWER to FOLLOWER at term 27 for recognizeCandidate:f143d5cf-4038-4fa8-8601-f5a45f16ca3e
2019-10-19 01:14:25,667 [grpc-default-executor-5] INFO  impl.RoleInfo (RoleInfo.java:shutdownFollowerState(121)) - 2543ffea-c5c6-4af0-856f-eb846bad755a: shutdown FollowerState
2019-10-19 01:14:25,666 [grpc-default-executor-3] INFO  impl.RoleInfo (RoleInfo.java:shutdownFollowerState(121)) - 61d14648-e80d-4cd8-9e7c-6deb2f21aca8: shutdown FollowerState
2019-10-19 01:14:25,667 [grpc-default-executor-5] INFO  impl.RoleInfo (RoleInfo.java:updateAndGet(143)) - 2543ffea-c5c6-4af0-856f-eb846bad755a: start FollowerState
2019-10-19 01:14:25,667 [Thread-6646] INFO  impl.FollowerState (FollowerState.java:run(117)) - 61d14648-e80d-4cd8-9e7c-6deb2f21aca8@group-A3037D40E172-FollowerState was interrupted: java.lang.InterruptedException: sleep interrupted
2019-10-19 01:14:25,667 [Thread-6645] INFO  impl.FollowerState (FollowerState.java:run(117)) - 2543ffea-c5c6-4af0-856f-eb846bad755a@group-A3037D40E172-FollowerState was interrupted: java.lang.InterruptedException: sleep interrupted
2019-10-19 01:14:25,667 [grpc-default-executor-3] INFO  impl.RoleInfo (RoleInfo.java:updateAndGet(143)) - 61d14648-e80d-4cd8-9e7c-6deb2f21aca8: start FollowerState
2019-10-19 01:14:25,682 [f143d5cf-4038-4fa8-8601-f5a45f16ca3e@group-A3037D40E172-LeaderElection669] INFO  impl.LeaderElection (LeaderElection.java:logAndReturn(56)) - f143d5cf-4038-4fa8-8601-f5a45f16ca3e@group-A3037D40E172-LeaderElection669: Election REJECTED; received 2 response(s) [f143d5cf-4038-4fa8-8601-f5a45f16ca3e<-2543ffea-c5c6-4af0-856f-eb846bad755a#0:FAIL-t27, f143d5cf-4038-4fa8-8601-f5a45f16ca3e<-61d14648-e80d-4cd8-9e7c-6deb2f21aca8#0:FAIL-t27] and 0 exception(s); f143d5cf-4038-4fa8-8601-f5a45f16ca3e@group-A3037D40E172:t27, leader=null, voted=f143d5cf-4038-4fa8-8601-f5a45f16ca3e, raftlog=f143d5cf-4038-4fa8-8601-f5a45f16ca3e@group-A3037D40E172-SegmentedRaftLog:OPENED:c-1,f-1,i0, conf=-1: [f143d5cf-4038-4fa8-8601-f5a45f16ca3e:192.168.69.71:40169, 2543ffea-c5c6-4af0-856f-eb846bad755a:192.168.69.71:45287, 61d14648-e80d-4cd8-9e7c-6deb2f21aca8:192.168.69.71:42247], old=null
2019-10-19 01:14:25,682 [f143d5cf-4038-4fa8-8601-f5a45f16ca3e@group-A3037D40E172-LeaderElection669] INFO  impl.RaftServerImpl (RaftServerImpl.java:setRole(184)) - f143d5cf-4038-4fa8-8601-f5a45f16ca3e@group-A3037D40E172: changes role from CANDIDATE to FOLLOWER at term 27 for DISCOVERED_A_NEW_TERM
2019-10-19 01:14:25,686 [f143d5cf-4038-4fa8-8601-f5a45f16ca3e@group-A3037D40E172-LeaderElection669] INFO  impl.RoleInfo (RoleInfo.java:shutdownLeaderElection(134)) - f143d5cf-4038-4fa8-8601-f5a45f16ca3e: shutdown LeaderElection
2019-10-19 01:14:25,688 [f143d5cf-4038-4fa8-8601-f5a45f16ca3e@group-A3037D40E172-LeaderElection669] INFO  impl.RoleInfo (RoleInfo.java:updateAndGet(143)) - f143d5cf-4038-4fa8-8601-f5a45f16ca3e: start FollowerState
2019-10-19 01:14:25,707 [Thread-6653] INFO  impl.FollowerState (FollowerState.java:run(108)) - 9c2d914d-67b1-4af9-8080-4d6ee007b506@group-20FCFA0487C4-FollowerState: change to CANDIDATE, lastRpcTime:102ms, electionTimeout:102ms
2019-10-19 01:14:25,707 [Thread-6653] INFO  impl.RoleInfo (RoleInfo.java:shutdownFollowerState(121)) - 9c2d914d-67b1-4af9-8080-4d6ee007b506: shutdown FollowerState
2019-10-19 01:14:25,707 [Thread-6653] INFO  impl.RaftServerImpl (RaftServerImpl.java:setRole(184)) - 9c2d914d-67b1-4af9-8080-4d6ee007b506@group-20FCFA0487C4: changes role from  FOLLOWER to CANDIDATE at term 27 for changeToCandidate
2019-10-19 01:14:25,707 [Thread-6653] INFO  impl.RoleInfo (RoleInfo.java:updateAndGet(143)) - 9c2d914d-67b1-4af9-8080-4d6ee007b506: start LeaderElection
2019-10-19 01:14:25,720 [9c2d914d-67b1-4af9-8080-4d6ee007b506@group-20FCFA0487C4-LeaderElection670] INFO  impl.LeaderElection (LeaderElection.java:askForVotes(178)) - 9c2d914d-67b1-4af9-8080-4d6ee007b506@group-20FCFA0487C4-LeaderElection670: begin an election at term 28 for -1: [88be3607-7667-471c-9070-7dfd13eb5ac8:192.168.69.71:32925, 9c2d914d-67b1-4af9-8080-4d6ee007b506:192.168.69.71:35462, 61d0b7dc-5f8b-422f-8693-c58167224d24:192.168.69.71:43479], old=null
2019-10-19 01:14:25,721 [grpc-default-executor-3] INFO  impl.RaftServerImpl (RaftServerImpl.java:setRole(184)) - 88be3607-7667-471c-9070-7dfd13eb5ac8@group-20FCFA0487C4: changes role from  FOLLOWER to FOLLOWER at term 28 for recognizeCandidate:9c2d914d-67b1-4af9-8080-4d6ee007b506
2019-10-19 01:14:25,721 [grpc-default-executor-5] INFO  impl.RaftServerImpl (RaftServerImpl.java:setRole(184)) - 61d0b7dc-5f8b-422f-8693-c58167224d24@group-20FCFA0487C4: changes role from  FOLLOWER to FOLLOWER at term 28 for recognizeCandidate:9c2d914d-67b1-4af9-8080-4d6ee007b506
2019-10-19 01:14:25,721 [grpc-default-executor-5] INFO  impl.RoleInfo (RoleInfo.java:shutdownFollowerState(121)) - 61d0b7dc-5f8b-422f-8693-c58167224d24: shutdown FollowerState
2019-10-19 01:14:25,721 [grpc-default-executor-3] INFO  impl.RoleInfo (RoleInfo.java:shutdownFollowerState(121)) - 88be3607-7667-471c-9070-7dfd13eb5ac8: shutdown FollowerState
2019-10-19 01:14:25,721 [Thread-6651] INFO  impl.FollowerState (FollowerState.java:run(117)) - 61d0b7dc-5f8b-422f-8693-c58167224d24@group-20FCFA0487C4-FollowerState was interrupted: java.lang.InterruptedException: sleep interrupted
2019-10-19 01:14:25,721 [grpc-default-executor-5] INFO  impl.RoleInfo (RoleInfo.java:updateAndGet(143)) - 61d0b7dc-5f8b-422f-8693-c58167224d24: start FollowerState
2019-10-19 01:14:25,722 [Thread-6652] INFO  impl.FollowerState (FollowerState.java:run(117)) - 88be3607-7667-471c-9070-7dfd13eb5ac8@group-20FCFA0487C4-FollowerState was interrupted: java.lang.InterruptedException: sleep interrupted
2019-10-19 01:14:25,722 [grpc-default-executor-3] INFO  impl.RoleInfo (RoleInfo.java:updateAndGet(143)) - 88be3607-7667-471c-9070-7dfd13eb5ac8: start FollowerState
2019-10-19 01:14:25,735 [9c2d914d-67b1-4af9-8080-4d6ee007b506@group-20FCFA0487C4-LeaderElection670] INFO  impl.LeaderElection (LeaderElection.java:logAndReturn(56)) - 9c2d914d-67b1-4af9-8080-4d6ee007b506@group-20FCFA0487C4-LeaderElection670: Election REJECTED; received 2 response(s) [9c2d914d-67b1-4af9-8080-4d6ee007b506<-88be3607-7667-471c-9070-7dfd13eb5ac8#0:FAIL-t28, 9c2d914d-67b1-4af9-8080-4d6ee007b506<-61d0b7dc-5f8b-422f-8693-c58167224d24#0:FAIL-t28] and 0 exception(s); 9c2d914d-67b1-4af9-8080-4d6ee007b506@group-20FCFA0487C4:t28, leader=null, voted=9c2d914d-67b1-4af9-8080-4d6ee007b506, raftlog=9c2d914d-67b1-4af9-8080-4d6ee007b506@group-20FCFA0487C4-SegmentedRaftLog:OPENED:c-1,f-1,i0, conf=-1: [88be3607-7667-471c-9070-7dfd13eb5ac8:192.168.69.71:32925, 9c2d914d-67b1-4af9-8080-4d6ee007b506:192.168.69.71:35462, 61d0b7dc-5f8b-422f-8693-c58167224d24:192.168.69.71:43479], old=null
2019-10-19 01:14:25,735 [9c2d914d-67b1-4af9-8080-4d6ee007b506@group-20FCFA0487C4-LeaderElection670] INFO  impl.RaftServerImpl (RaftServerImpl.java:setRole(184)) - 9c2d914d-67b1-4af9-8080-4d6ee007b506@group-20FCFA0487C4: changes role from CANDIDATE to FOLLOWER at term 28 for DISCOVERED_A_NEW_TERM
2019-10-19 01:14:25,736 [9c2d914d-67b1-4af9-8080-4d6ee007b506@group-20FCFA0487C4-LeaderElection670] INFO  impl.RoleInfo (RoleInfo.java:shutdownLeaderElection(134)) - 9c2d914d-67b1-4af9-8080-4d6ee007b506: shutdown LeaderElection
2019-10-19 01:14:25,736 [9c2d914d-67b1-4af9-8080-4d6ee007b506@group-20FCFA0487C4-LeaderElection670] INFO  impl.RoleInfo (RoleInfo.java:updateAndGet(143)) - 9c2d914d-67b1-4af9-8080-4d6ee007b506: start FollowerState
2019-10-19 01:14:25,833 [Thread-6669] INFO  impl.FollowerState (FollowerState.java:run(108)) - 9c2d914d-67b1-4af9-8080-4d6ee007b506@group-20FCFA0487C4-FollowerState: change to CANDIDATE, lastRpcTime:97ms, electionTimeout:97ms
2019-10-19 01:14:25,833 [Thread-6669] INFO  impl.RoleInfo (RoleInfo.java:shutdownFollowerState(121)) - 9c2d914d-67b1-4af9-8080-4d6ee007b506: shutdown FollowerState
2019-10-19 01:14:25,833 [Thread-6669] INFO  impl.RaftServerImpl (RaftServerImpl.java:setRole(184)) - 9c2d914d-67b1-4af9-8080-4d6ee007b506@group-20FCFA0487C4: changes role from  FOLLOWER to CANDIDATE at term 28 for changeToCandidate
2019-10-19 01:14:25,833 [Thread-6669] INFO  impl.RoleInfo (RoleInfo.java:updateAndGet(143)) - 9c2d914d-67b1-4af9-8080-4d6ee007b506: start LeaderElection
2019-10-19 01:14:25,857 [9c2d914d-67b1-4af9-8080-4d6ee007b506@group-20FCFA0487C4-LeaderElection671] INFO  impl.LeaderElection (LeaderElection.java:askForVotes(178)) - 9c2d914d-67b1-4af9-8080-4d6ee007b506@group-20FCFA0487C4-LeaderElection671: begin an election at term 29 for -1: [88be3607-7667-471c-9070-7dfd13eb5ac8:192.168.69.71:32925, 9c2d914d-67b1-4af9-8080-4d6ee007b506:192.168.69.71:35462, 61d0b7dc-5f8b-422f-8693-c58167224d24:192.168.69.71:43479], old=null
2019-10-19 01:14:25,858 [grpc-default-executor-3] INFO  impl.RaftServerImpl (RaftServerImpl.java:setRole(184)) - 88be3607-7667-471c-9070-7dfd13eb5ac8@group-20FCFA0487C4: changes role from  FOLLOWER to FOLLOWER at term 29 for recognizeCandidate:9c2d914d-67b1-4af9-8080-4d6ee007b506
2019-10-19 01:14:25,858 [grpc-default-executor-5] INFO  impl.RaftServerImpl (RaftServerImpl.java:setRole(184)) - 61d0b7dc-5f8b-422f-8693-c58167224d24@group-20FCFA0487C4: changes role from  FOLLOWER to FOLLOWER at term 29 for recognizeCandidate:9c2d914d-67b1-4af9-8080-4d6ee007b506
2019-10-19 01:14:25,858 [grpc-default-executor-3] INFO  impl.RoleInfo (RoleInfo.java:shutdownFollowerState(121)) - 88be3607-7667-471c-9070-7dfd13eb5ac8: shutdown FollowerState
2019-10-19 01:14:25,858 [grpc-default-executor-5] INFO  impl.RoleInfo (RoleInfo.java:shutdownFollowerState(121)) - 61d0b7dc-5f8b-422f-8693-c58167224d24: shutdown FollowerState
2019-10-19 01:14:25,858 [Thread-6668] INFO  impl.FollowerState (FollowerState.java:run(117)) - 88be3607-7667-471c-9070-7dfd13eb5ac8@group-20FCFA0487C4-FollowerState was interrupted: java.lang.InterruptedException: sleep interrupted
2019-10-19 01:14:25,858 [grpc-default-executor-3] INFO  impl.RoleInfo (RoleInfo.java:updateAndGet(143)) - 88be3607-7667-471c-9070-7dfd13eb5ac8: start FollowerState
2019-10-19 01:14:25,858 [Thread-6667] INFO  impl.FollowerState (FollowerState.java:run(117)) - 61d0b7dc-5f8b-422f-8693-c58167224d24@group-20FCFA0487C4-FollowerState was interrupted: java.lang.InterruptedException: sleep interrupted
2019-10-19 01:14:25,858 [grpc-default-executor-5] INFO  impl.RoleInfo (RoleInfo.java:updateAndGet(143)) - 61d0b7dc-5f8b-422f-8693-c58167224d24: start FollowerState
2019-10-19 01:14:25,866 [Thread-6663] INFO  impl.FollowerState (FollowerState.java:run(108)) - f143d5cf-4038-4fa8-8601-f5a45f16ca3e@group-A3037D40E172-FollowerState: change to CANDIDATE, lastRpcTime:178ms, electionTimeout:176ms
2019-10-19 01:14:25,866 [Thread-6663] INFO  impl.RoleInfo (RoleInfo.java:shutdownFollowerState(121)) - f143d5cf-4038-4fa8-8601-f5a45f16ca3e: shutdown FollowerState
2019-10-19 01:14:25,867 [Thread-6663] INFO  impl.RaftServerImpl (RaftServerImpl.java:setRole(184)) - f143d5cf-4038-4fa8-8601-f5a45f16ca3e@group-A3037D40E172: changes role from  FOLLOWER to CANDIDATE at term 27 for changeToCandidate
2019-10-19 01:14:25,867 [Thread-6663] INFO  impl.RoleInfo (RoleInfo.java:updateAndGet(143)) - f143d5cf-4038-4fa8-8601-f5a45f16ca3e: start LeaderElection
2019-10-19 01:14:25,868 [9c2d914d-67b1-4af9-8080-4d6ee007b506@group-20FCFA0487C4-LeaderElection671] INFO  impl.LeaderElection (LeaderElection.java:logAndReturn(56)) - 9c2d914d-67b1-4af9-8080-4d6ee007b506@group-20FCFA0487C4-LeaderElection671: Election REJECTED; received 2 response(s) [9c2d914d-67b1-4af9-8080-4d6ee007b506<-88be3607-7667-471c-9070-7dfd13eb5ac8#0:FAIL-t29, 9c2d914d-67b1-4af9-8080-4d6ee007b506<-61d0b7dc-5f8b-422f-8693-c58167224d24#0:FAIL-t29] and 0 exception(s); 9c2d914d-67b1-4af9-8080-4d6ee007b506@group-20FCFA0487C4:t29, leader=null, voted=9c2d914d-67b1-4af9-8080-4d6ee007b506, raftlog=9c2d914d-67b1-4af9-8080-4d6ee007b506@group-20FCFA0487C4-SegmentedRaftLog:OPENED:c-1,f-1,i0, conf=-1: [88be3607-7667-471c-9070-7dfd13eb5ac8:192.168.69.71:32925, 9c2d914d-67b1-4af9-8080-4d6ee007b506:192.168.69.71:35462, 61d0b7dc-5f8b-422f-8693-c58167224d24:192.168.69.71:43479], old=null
2019-10-19 01:14:25,868 [9c2d914d-67b1-4af9-8080-4d6ee007b506@group-20FCFA0487C4-LeaderElection671] INFO  impl.RaftServerImpl (RaftServerImpl.java:setRole(184)) - 9c2d914d-67b1-4af9-8080-4d6ee007b506@group-20FCFA0487C4: changes role from CANDIDATE to FOLLOWER at term 29 for DISCOVERED_A_NEW_TERM
2019-10-19 01:14:25,868 [9c2d914d-67b1-4af9-8080-4d6ee007b506@group-20FCFA0487C4-LeaderElection671] INFO  impl.RoleInfo (RoleInfo.java:shutdownLeaderElection(134)) - 9c2d914d-67b1-4af9-8080-4d6ee007b506: shutdown LeaderElection
2019-10-19 01:14:25,868 [9c2d914d-67b1-4af9-8080-4d6ee007b506@group-20FCFA0487C4-LeaderElection671] INFO  impl.RoleInfo (RoleInfo.java:updateAndGet(143)) - 9c2d914d-67b1-4af9-8080-4d6ee007b506: start FollowerState
2019-10-19 01:14:25,870 [f143d5cf-4038-4fa8-8601-f5a45f16ca3e@group-A3037D40E172-LeaderElection672] INFO  impl.LeaderElection (LeaderElection.java:askForVotes(178)) - f143d5cf-4038-4fa8-8601-f5a45f16ca3e@group-A3037D40E172-LeaderElection672: begin an election at term 28 for -1: [f143d5cf-4038-4fa8-8601-f5a45f16ca3e:192.168.69.71:40169, 2543ffea-c5c6-4af0-856f-eb846bad755a:192.168.69.71:45287, 61d14648-e80d-4cd8-9e7c-6deb2f21aca8:192.168.69.71:42247], old=null
2019-10-19 01:14:25,870 [f143d5cf-4038-4fa8-8601-f5a45f16ca3e@group-A3037D40E172-LeaderElection672] INFO  impl.LeaderElection (LeaderElection.java:logAndReturn(56)) - f143d5cf-4038-4fa8-8601-f5a45f16ca3e@group-A3037D40E172-LeaderElection672: Election TIMEOUT; received 0 response(s) [] and 0 exception(s); f143d5cf-4038-4fa8-8601-f5a45f16ca3e@group-A3037D40E172:t28, leader=null, voted=f143d5cf-4038-4fa8-8601-f5a45f16ca3e, raftlog=f143d5cf-4038-4fa8-8601-f5a45f16ca3e@group-A3037D40E172-SegmentedRaftLog:OPENED:c-1,f-1,i0, conf=-1: [f143d5cf-4038-4fa8-8601-f5a45f16ca3e:192.168.69.71:40169, 2543ffea-c5c6-4af0-856f-eb846bad755a:192.168.69.71:45287, 61d14648-e80d-4cd8-9e7c-6deb2f21aca8:192.168.69.71:42247], old=null
2019-10-19 01:14:25,871 [grpc-default-executor-3] INFO  impl.RaftServerImpl (RaftServerImpl.java:setRole(184)) - 2543ffea-c5c6-4af0-856f-eb846bad755a@group-A3037D40E172: changes role from  FOLLOWER to FOLLOWER at term 28 for recognizeCandidate:f143d5cf-4038-4fa8-8601-f5a45f16ca3e
2019-10-19 01:14:25,871 [grpc-default-executor-5] INFO  impl.RaftServerImpl (RaftServerImpl.java:setRole(184)) - 61d14648-e80d-4cd8-9e7c-6deb2f21aca8@group-A3037D40E172: changes role from  FOLLOWER to FOLLOWER at term 28 for recognizeCandidate:f143d5cf-4038-4fa8-8601-f5a45f16ca3e
2019-10-19 01:14:25,871 [grpc-default-executor-3] INFO  impl.RoleInfo (RoleInfo.java:shutdownFollowerState(121)) - 2543ffea-c5c6-4af0-856f-eb846bad755a: shutdown FollowerState
2019-10-19 01:14:25,871 [grpc-default-executor-5] INFO  impl.RoleInfo (RoleInfo.java:shutdownFollowerState(121)) - 61d14648-e80d-4cd8-9e7c-6deb2f21aca8: shutdown FollowerState
2019-10-19 01:14:25,871 [Thread-6659] INFO  impl.FollowerState (FollowerState.java:run(117)) - 2543ffea-c5c6-4af0-856f-eb846bad755a@group-A3037D40E172-FollowerState was interrupted: java.lang.InterruptedException: sleep interrupted
2019-10-19 01:14:25,871 [grpc-default-executor-3] INFO  impl.RoleInfo (RoleInfo.java:updateAndGet(143)) - 2543ffea-c5c6-4af0-856f-eb846bad755a: start FollowerState
2019-10-19 01:14:25,871 [Thread-6660] INFO  impl.FollowerState (FollowerState.java:run(117)) - 61d14648-e80d-4cd8-9e7c-6deb2f21aca8@group-A3037D40E172-FollowerState was interrupted: java.lang.InterruptedException: sleep interrupted
2019-10-19 01:14:25,871 [grpc-default-executor-5] INFO  impl.RoleInfo (RoleInfo.java:updateAndGet(143)) - 61d14648-e80d-4cd8-9e7c-6deb2f21aca8: start FollowerState
2019-10-19 01:14:25,877 [Thread-6676] INFO  impl.FollowerState (FollowerState.java:run(108)) - 9c2d914d-67b1-4af9-8080-4d6ee007b506@group-20FCFA0487C4-FollowerState: change to CANDIDATE, lastRpcTime:9ms, electionTimeout:9ms
2019-10-19 01:14:25,877 [Thread-6676] INFO  impl.RoleInfo (RoleInfo.java:shutdownFollowerState(121)) - 9c2d914d-67b1-4af9-8080-4d6ee007b506: shutdown FollowerState
2019-10-19 01:14:25,877 [Thread-6676] INFO  impl.RaftServerImpl (RaftServerImpl.java:setRole(184)) - 9c2d914d-67b1-4af9-8080-4d6ee007b506@group-20FCFA0487C4: changes role from  FOLLOWER to CANDIDATE at term 29 for changeToCandidate
2019-10-19 01:14:25,877 [Thread-6676] INFO  impl.RoleInfo (RoleInfo.java:updateAndGet(143)) - 9c2d914d-67b1-4af9-8080-4d6ee007b506: start LeaderElection
2019-10-19 01:14:25,885 [9c2d914d-67b1-4af9-8080-4d6ee007b506@group-20FCFA0487C4-LeaderElection673] INFO  impl.LeaderElection (LeaderElection.java:askForVotes(178)) - 9c2d914d-67b1-4af9-8080-4d6ee007b506@group-20FCFA0487C4-LeaderElection673: begin an election at term 30 for -1: [88be3607-7667-471c-9070-7dfd13eb5ac8:192.168.69.71:32925, 9c2d914d-67b1-4af9-8080-4d6ee007b506:192.168.69.71:35462, 61d0b7dc-5f8b-422f-8693-c58167224d24:192.168.69.71:43479], old=null
2019-10-19 01:14:25,885 [f143d5cf-4038-4fa8-8601-f5a45f16ca3e@group-A3037D40E172-LeaderElection672] INFO  impl.LeaderElection (LeaderElection.java:askForVotes(178)) - f143d5cf-4038-4fa8-8601-f5a45f16ca3e@group-A3037D40E172-LeaderElection672: begin an election at term 29 for -1: [f143d5cf-4038-4fa8-8601-f5a45f16ca3e:192.168.69.71:40169, 2543ffea-c5c6-4af0-856f-eb846bad755a:192.168.69.71:45287, 61d14648-e80d-4cd8-9e7c-6deb2f21aca8:192.168.69.71:42247], old=null
2019-10-19 01:14:25,885 [grpc-default-executor-5] INFO  impl.RaftServerImpl (RaftServerImpl.java:setRole(184)) - 88be3607-7667-471c-9070-7dfd13eb5ac8@group-20FCFA0487C4: changes role from  FOLLOWER to FOLLOWER at term 30 for recognizeCandidate:9c2d914d-67b1-4af9-8080-4d6ee007b506
2019-10-19 01:14:25,885 [grpc-default-executor-5] INFO  impl.RoleInfo (RoleInfo.java:shutdownFollowerState(121)) - 88be3607-7667-471c-9070-7dfd13eb5ac8: shutdown FollowerState
2019-10-19 01:14:25,886 [grpc-default-executor-3] INFO  impl.RaftServerImpl (RaftServerImpl.java:setRole(184)) - 61d0b7dc-5f8b-422f-8693-c58167224d24@group-20FCFA0487C4: changes role from  FOLLOWER to FOLLOWER at term 30 for recognizeCandidate:9c2d914d-67b1-4af9-8080-4d6ee007b506
2019-10-19 01:14:25,886 [Thread-6673] INFO  impl.FollowerState (FollowerState.java:run(117)) - 88be3607-7667-471c-9070-7dfd13eb5ac8@group-20FCFA0487C4-FollowerState was interrupted: java.lang.InterruptedException: sleep interrupted
2019-10-19 01:14:25,886 [grpc-default-executor-10] INFO  impl.RaftServerImpl (RaftServerImpl.java:setRole(184)) - 61d14648-e80d-4cd8-9e7c-6deb2f21aca8@group-A3037D40E172: changes role from  FOLLOWER to FOLLOWER at term 29 for recognizeCandidate:f143d5cf-4038-4fa8-8601-f5a45f16ca3e
2019-10-19 01:14:25,886 [grpc-default-executor-10] INFO  impl.RoleInfo (RoleInfo.java:shutdownFollowerState(121)) - 61d14648-e80d-4cd8-9e7c-6deb2f21aca8: shutdown FollowerState
2019-10-19 01:14:25,886 [grpc-default-executor-5] INFO  impl.RoleInfo (RoleInfo.java:updateAndGet(143)) - 88be3607-7667-471c-9070-7dfd13eb5ac8: start FollowerState
2019-10-19 01:14:25,886 [Thread-6680] INFO  impl.FollowerState (FollowerState.java:run(117)) - 61d14648-e80d-4cd8-9e7c-6deb2f21aca8@group-A3037D40E172-FollowerState was interrupted: java.lang.InterruptedException: sleep interrupted
2019-10-19 01:14:25,886 [grpc-default-executor-9] INFO  impl.RaftServerImpl (RaftServerImpl.java:setRole(184)) - 2543ffea-c5c6-4af0-856f-eb846bad755a@group-A3037D40E172: changes role from  FOLLOWER to FOLLOWER at term 29 for recognizeCandidate:f143d5cf-4038-4fa8-8601-f5a45f16ca3e
2019-10-19 01:14:25,886 [grpc-default-executor-9] INFO  impl.RoleInfo (RoleInfo.java:shutdownFollowerState(121)) - 2543ffea-c5c6-4af0-856f-eb846bad755a: shutdown FollowerState
2019-10-19 01:14:25,886 [grpc-default-executor-10] INFO  impl.RoleInfo (RoleInfo.java:updateAndGet(143)) - 61d14648-e80d-4cd8-9e7c-6deb2f21aca8: start FollowerState
2019-10-19 01:14:25,886 [grpc-default-executor-3] INFO  impl.RoleInfo (RoleInfo.java:shutdownFollowerState(121)) - 61d0b7dc-5f8b-422f-8693-c58167224d24: shutdown FollowerState
2019-10-19 01:14:25,886 [Thread-6679] INFO  impl.FollowerState (FollowerState.java:run(117)) - 2543ffea-c5c6-4af0-856f-eb846bad755a@group-A3037D40E172-FollowerState was interrupted: java.lang.InterruptedException: sleep interrupted
2019-10-19 01:14:25,886 [grpc-default-executor-9] INFO  impl.RoleInfo (RoleInfo.java:updateAndGet(143)) - 2543ffea-c5c6-4af0-856f-eb846bad755a: start FollowerState
2019-10-19 01:14:25,886 [Thread-6674] INFO  impl.FollowerState (FollowerState.java:run(117)) - 61d0b7dc-5f8b-422f-8693-c58167224d24@group-20FCFA0487C4-FollowerState was interrupted: java.lang.InterruptedException: sleep interrupted
2019-10-19 01:14:25,886 [grpc-default-executor-3] INFO  impl.RoleInfo (RoleInfo.java:updateAndGet(143)) - 61d0b7dc-5f8b-422f-8693-c58167224d24: start FollowerState
2019-10-19 01:14:25,901 [9c2d914d-67b1-4af9-8080-4d6ee007b506@group-20FCFA0487C4-LeaderElection673] INFO  impl.LeaderElection (LeaderElection.java:logAndReturn(56)) - 9c2d914d-67b1-4af9-8080-4d6ee007b506@group-20FCFA0487C4-LeaderElection673: Election REJECTED; received 2 response(s) [9c2d914d-67b1-4af9-8080-4d6ee007b506<-88be3607-7667-471c-9070-7dfd13eb5ac8#0:FAIL-t30, 9c2d914d-67b1-4af9-8080-4d6ee007b506<-61d0b7dc-5f8b-422f-8693-c58167224d24#0:FAIL-t30] and 0 exception(s); 9c2d914d-67b1-4af9-8080-4d6ee007b506@group-20FCFA0487C4:t30, leader=null, voted=9c2d914d-67b1-4af9-8080-4d6ee007b506, raftlog=9c2d914d-67b1-4af9-8080-4d6ee007b506@group-20FCFA0487C4-SegmentedRaftLog:OPENED:c-1,f-1,i0, conf=-1: [88be3607-7667-471c-9070-7dfd13eb5ac8:192.168.69.71:32925, 9c2d914d-67b1-4af9-8080-4d6ee007b506:192.168.69.71:35462, 61d0b7dc-5f8b-422f-8693-c58167224d24:192.168.69.71:43479], old=null
2019-10-19 01:14:25,901 [9c2d914d-67b1-4af9-8080-4d6ee007b506@group-20FCFA0487C4-LeaderElection673] INFO  impl.RaftServerImpl (RaftServerImpl.java:setRole(184)) - 9c2d914d-67b1-4af9-8080-4d6ee007b506@group-20FCFA0487C4: changes role from CANDIDATE to FOLLOWER at term 30 for DISCOVERED_A_NEW_TERM
2019-10-19 01:14:25,901 [f143d5cf-4038-4fa8-8601-f5a45f16ca3e@group-A3037D40E172-LeaderElection672] INFO  impl.LeaderElection (LeaderElection.java:logAndReturn(56)) - f143d5cf-4038-4fa8-8601-f5a45f16ca3e@group-A3037D40E172-LeaderElection672: Election REJECTED; received 2 response(s) [f143d5cf-4038-4fa8-8601-f5a45f16ca3e<-2543ffea-c5c6-4af0-856f-eb846bad755a#0:FAIL-t29, f143d5cf-4038-4fa8-8601-f5a45f16ca3e<-61d14648-e80d-4cd8-9e7c-6deb2f21aca8#0:FAIL-t29] and 0 exception(s); f143d5cf-4038-4fa8-8601-f5a45f16ca3e@group-A3037D40E172:t29, leader=null, voted=f143d5cf-4038-4fa8-8601-f5a45f16ca3e, raftlog=f143d5cf-4038-4fa8-8601-f5a45f16ca3e@group-A3037D40E172-SegmentedRaftLog:OPENED:c-1,f-1,i0, conf=-1: [f143d5cf-4038-4fa8-8601-f5a45f16ca3e:192.168.69.71:40169, 2543ffea-c5c6-4af0-856f-eb846bad755a:192.168.69.71:45287, 61d14648-e80d-4cd8-9e7c-6deb2f21aca8:192.168.69.71:42247], old=null
2019-10-19 01:14:25,901 [9c2d914d-67b1-4af9-8080-4d6ee007b506@group-20FCFA0487C4-LeaderElection673] INFO  impl.RoleInfo (RoleInfo.java:shutdownLeaderElection(134)) - 9c2d914d-67b1-4af9-8080-4d6ee007b506: shutdown LeaderElection
2019-10-19 01:14:25,901 [f143d5cf-4038-4fa8-8601-f5a45f16ca3e@group-A3037D40E172-LeaderElection672] INFO  impl.RaftServerImpl (RaftServerImpl.java:setRole(184)) - f143d5cf-4038-4fa8-8601-f5a45f16ca3e@group-A3037D40E172: changes role from CANDIDATE to FOLLOWER at term 29 for DISCOVERED_A_NEW_TERM
2019-10-19 01:14:25,901 [9c2d914d-67b1-4af9-8080-4d6ee007b506@group-20FCFA0487C4-LeaderElection673] INFO  impl.RoleInfo (RoleInfo.java:updateAndGet(143)) - 9c2d914d-67b1-4af9-8080-4d6ee007b506: start FollowerState
2019-10-19 01:14:25,901 [f143d5cf-4038-4fa8-8601-f5a45f16ca3e@group-A3037D40E172-LeaderElection672] INFO  impl.RoleInfo (RoleInfo.java:shutdownLeaderElection(134)) - f143d5cf-4038-4fa8-8601-f5a45f16ca3e: shutdown LeaderElection
2019-10-19 01:14:25,901 [f143d5cf-4038-4fa8-8601-f5a45f16ca3e@group-A3037D40E172-LeaderElection672] INFO  impl.RoleInfo (RoleInfo.java:updateAndGet(143)) - f143d5cf-4038-4fa8-8601-f5a45f16ca3e: start FollowerState
2019-10-19 01:14:25,912 [Thread-6691] INFO  impl.FollowerState (FollowerState.java:run(108)) - f143d5cf-4038-4fa8-8601-f5a45f16ca3e@group-A3037D40E172-FollowerState: change to CANDIDATE, lastRpcTime:10ms, electionTimeout:10ms
2019-10-19 01:14:25,912 [Thread-6691] INFO  impl.RoleInfo (RoleInfo.java:shutdownFollowerState(121)) - f143d5cf-4038-4fa8-8601-f5a45f16ca3e: shutdown FollowerState
2019-10-19 01:14:25,912 [Thread-6691] INFO  impl.RaftServerImpl (RaftServerImpl.java:setRole(184)) - f143d5cf-4038-4fa8-8601-f5a45f16ca3e@group-A3037D40E172: changes role from  FOLLOWER to CANDIDATE at term 29 for changeToCandidate
2019-10-19 01:14:25,912 [Thread-6691] INFO  impl.RoleInfo (RoleInfo.java:updateAndGet(143)) - f143d5cf-4038-4fa8-8601-f5a45f16ca3e: start LeaderElection
2019-10-19 01:14:25,925 [f143d5cf-4038-4fa8-8601-f5a45f16ca3e@group-A3037D40E172-LeaderElection674] INFO  impl.LeaderElection (LeaderElection.java:askForVotes(178)) - f143d5cf-4038-4fa8-8601-f5a45f16ca3e@group-A3037D40E172-LeaderElection674: begin an election at term 30 for -1: [f143d5cf-4038-4fa8-8601-f5a45f16ca3e:192.168.69.71:40169, 2543ffea-c5c6-4af0-856f-eb846bad755a:192.168.69.71:45287, 61d14648-e80d-4cd8-9e7c-6deb2f21aca8:192.168.69.71:42247], old=null
2019-10-19 01:14:25,932 [grpc-default-executor-10] INFO  impl.RaftServerImpl (RaftServerImpl.java:setRole(184)) - 61d14648-e80d-4cd8-9e7c-6deb2f21aca8@group-A3037D40E172: changes role from  FOLLOWER to FOLLOWER at term 30 for recognizeCandidate:f143d5cf-4038-4fa8-8601-f5a45f16ca3e
2019-10-19 01:14:25,932 [grpc-default-executor-10] INFO  impl.RoleInfo (RoleInfo.java:shutdownFollowerState(121)) - 61d14648-e80d-4cd8-9e7c-6deb2f21aca8: shutdown FollowerState
2019-10-19 01:14:25,932 [grpc-default-executor-5] INFO  impl.RaftServerImpl (RaftServerImpl.java:setRole(184)) - 2543ffea-c5c6-4af0-856f-eb846bad755a@group-A3037D40E172: changes role from  FOLLOWER to FOLLOWER at term 30 for recognizeCandidate:f143d5cf-4038-4fa8-8601-f5a45f16ca3e
2019-10-19 01:14:25,932 [grpc-default-executor-5] INFO  impl.RoleInfo (RoleInfo.java:shutdownFollowerState(121)) - 2543ffea-c5c6-4af0-856f-eb846bad755a: shutdown FollowerState
2019-10-19 01:14:25,932 [Thread-6687] INFO  impl.FollowerState (FollowerState.java:run(117)) - 61d14648-e80d-4cd8-9e7c-6deb2f21aca8@group-A3037D40E172-FollowerState was interrupted: java.lang.InterruptedException: sleep interrupted
2019-10-19 01:14:25,932 [grpc-default-executor-10] INFO  impl.RoleInfo (RoleInfo.java:updateAndGet(143)) - 61d14648-e80d-4cd8-9e7c-6deb2f21aca8: start FollowerState
2019-10-19 01:14:25,932 [Thread-6688] INFO  impl.FollowerState (FollowerState.java:run(117)) - 2543ffea-c5c6-4af0-856f-eb846bad755a@group-A3037D40E172-FollowerState was interrupted: java.lang.InterruptedException: sleep interrupted
2019-10-19 01:14:25,932 [grpc-default-executor-5] INFO  impl.RoleInfo (RoleInfo.java:updateAndGet(143)) - 2543ffea-c5c6-4af0-856f-eb846bad755a: start FollowerState
2019-10-19 01:14:25,946 [f143d5cf-4038-4fa8-8601-f5a45f16ca3e@group-A3037D40E172-LeaderElection674] INFO  impl.LeaderElection (LeaderElection.java:logAndReturn(56)) - f143d5cf-4038-4fa8-8601-f5a45f16ca3e@group-A3037D40E172-LeaderElection674: Election REJECTED; received 2 response(s) [f143d5cf-4038-4fa8-8601-f5a45f16ca3e<-2543ffea-c5c6-4af0-856f-eb846bad755a#0:FAIL-t30, f143d5cf-4038-4fa8-8601-f5a45f16ca3e<-61d14648-e80d-4cd8-9e7c-6deb2f21aca8#0:FAIL-t30] and 0 exception(s); f143d5cf-4038-4fa8-8601-f5a45f16ca3e@group-A3037D40E172:t30, leader=null, voted=f143d5cf-4038-4fa8-8601-f5a45f16ca3e, raftlog=f143d5cf-4038-4fa8-8601-f5a45f16ca3e@group-A3037D40E172-SegmentedRaftLog:OPENED:c-1,f-1,i0, conf=-1: [f143d5cf-4038-4fa8-8601-f5a45f16ca3e:192.168.69.71:40169, 2543ffea-c5c6-4af0-856f-eb846bad755a:192.168.69.71:45287, 61d14648-e80d-4cd8-9e7c-6deb2f21aca8:192.168.69.71:42247], old=null
2019-10-19 01:14:25,946 [f143d5cf-4038-4fa8-8601-f5a45f16ca3e@group-A3037D40E172-LeaderElection674] INFO  impl.RaftServerImpl (RaftServerImpl.java:setRole(184)) - f143d5cf-4038-4fa8-8601-f5a45f16ca3e@group-A3037D40E172: changes role from CANDIDATE to FOLLOWER at term 30 for DISCOVERED_A_NEW_TERM
2019-10-19 01:14:25,946 [f143d5cf-4038-4fa8-8601-f5a45f16ca3e@group-A3037D40E172-LeaderElection674] INFO  impl.RoleInfo (RoleInfo.java:shutdownLeaderElection(134)) - f143d5cf-4038-4fa8-8601-f5a45f16ca3e: shutdown LeaderElection
2019-10-19 01:14:25,947 [f143d5cf-4038-4fa8-8601-f5a45f16ca3e@group-A3037D40E172-LeaderElection674] INFO  impl.RoleInfo (RoleInfo.java:updateAndGet(143)) - f143d5cf-4038-4fa8-8601-f5a45f16ca3e: start FollowerState
2019-10-19 01:14:26,011 [Thread-6690] INFO  impl.FollowerState (FollowerState.java:run(108)) - 9c2d914d-67b1-4af9-8080-4d6ee007b506@group-20FCFA0487C4-FollowerState: change to CANDIDATE, lastRpcTime:109ms, electionTimeout:109ms
2019-10-19 01:14:26,011 [Thread-6690] INFO  impl.RoleInfo (RoleInfo.java:shutdownFollowerState(121)) - 9c2d914d-67b1-4af9-8080-4d6ee007b506: shutdown FollowerState
2019-10-19 01:14:26,011 [Thread-6690] INFO  impl.RaftServerImpl (RaftServerImpl.java:setRole(184)) - 9c2d914d-67b1-4af9-8080-4d6ee007b506@group-20FCFA0487C4: changes role from  FOLLOWER to CANDIDATE at term 30 for changeToCandidate
2019-10-19 01:14:26,011 [Thread-6690] INFO  impl.RoleInfo (RoleInfo.java:updateAndGet(143)) - 9c2d914d-67b1-4af9-8080-4d6ee007b506: start LeaderElection
2019-10-19 01:14:26,024 [9c2d914d-67b1-4af9-8080-4d6ee007b506@group-20FCFA0487C4-LeaderElection675] INFO  impl.LeaderElection (LeaderElection.java:askForVotes(178)) - 9c2d914d-67b1-4af9-8080-4d6ee007b506@group-20FCFA0487C4-LeaderElection675: begin an election at term 31 for -1: [88be3607-7667-471c-9070-7dfd13eb5ac8:192.168.69.71:32925, 9c2d914d-67b1-4af9-8080-4d6ee007b506:192.168.69.71:35462, 61d0b7dc-5f8b-422f-8693-c58167224d24:192.168.69.71:43479], old=null
2019-10-19 01:14:26,026 [grpc-default-executor-5] INFO  impl.RaftServerImpl (RaftServerImpl.java:setRole(184)) - 61d0b7dc-5f8b-422f-8693-c58167224d24@group-20FCFA0487C4: changes role from  FOLLOWER to FOLLOWER at term 31 for recognizeCandidate:9c2d914d-67b1-4af9-8080-4d6ee007b506
2019-10-19 01:14:26,026 [grpc-default-executor-10] INFO  impl.RaftServerImpl (RaftServerImpl.java:setRole(184)) - 88be3607-7667-471c-9070-7dfd13eb5ac8@group-20FCFA0487C4: changes role from  FOLLOWER to FOLLOWER at term 31 for recognizeCandidate:9c2d914d-67b1-4af9-8080-4d6ee007b506
2019-10-19 01:14:26,026 [grpc-default-executor-5] INFO  impl.RoleInfo (RoleInfo.java:shutdownFollowerState(121)) - 61d0b7dc-5f8b-422f-8693-c58167224d24: shutdown FollowerState
2019-10-19 01:14:26,026 [grpc-default-executor-10] INFO  impl.RoleInfo (RoleInfo.java:shutdownFollowerState(121)) - 88be3607-7667-471c-9070-7dfd13eb5ac8: shutdown FollowerState
2019-10-19 01:14:26,026 [grpc-default-executor-5] INFO  impl.RoleInfo (RoleInfo.java:updateAndGet(143)) - 61d0b7dc-5f8b-422f-8693-c58167224d24: start FollowerState
2019-10-19 01:14:26,026 [Thread-6689] INFO  impl.FollowerState (FollowerState.java:run(117)) - 61d0b7dc-5f8b-422f-8693-c58167224d24@group-20FCFA0487C4-FollowerState was interrupted: java.lang.InterruptedException: sleep interrupted
2019-10-19 01:14:26,026 [grpc-default-executor-10] INFO  impl.RoleInfo (RoleInfo.java:updateAndGet(143)) - 88be3607-7667-471c-9070-7dfd13eb5ac8: start FollowerState
2019-10-19 01:14:26,026 [Thread-6686] INFO  impl.FollowerState (FollowerState.java:run(117)) - 88be3607-7667-471c-9070-7dfd13eb5ac8@group-20FCFA0487C4-FollowerState was interrupted: java.lang.InterruptedException: sleep interrupted
2019-10-19 01:14:26,032 [9c2d914d-67b1-4af9-8080-4d6ee007b506@group-20FCFA0487C4-LeaderElection675] INFO  impl.LeaderElection (LeaderElection.java:logAndReturn(56)) - 9c2d914d-67b1-4af9-8080-4d6ee007b506@group-20FCFA0487C4-LeaderElection675: Election TIMEOUT; received 0 response(s) [] and 0 exception(s); 9c2d914d-67b1-4af9-8080-4d6ee007b506@group-20FCFA0487C4:t31, leader=null, voted=9c2d914d-67b1-4af9-8080-4d6ee007b506, raftlog=9c2d914d-67b1-4af9-8080-4d6ee007b506@group-20FCFA0487C4-SegmentedRaftLog:OPENED:c-1,f-1,i0, conf=-1: [88be3607-7667-471c-9070-7dfd13eb5ac8:192.168.69.71:32925, 9c2d914d-67b1-4af9-8080-4d6ee007b506:192.168.69.71:35462, 61d0b7dc-5f8b-422f-8693-c58167224d24:192.168.69.71:43479], old=null
2019-10-19 01:14:26,040 [9c2d914d-67b1-4af9-8080-4d6ee007b506@group-20FCFA0487C4-LeaderElection675] INFO  impl.LeaderElection (LeaderElection.java:askForVotes(178)) - 9c2d914d-67b1-4af9-8080-4d6ee007b506@group-20FCFA0487C4-LeaderElection675: begin an election at term 32 for -1: [88be3607-7667-471c-9070-7dfd13eb5ac8:192.168.69.71:32925, 9c2d914d-67b1-4af9-8080-4d6ee007b506:192.168.69.71:35462, 61d0b7dc-5f8b-422f-8693-c58167224d24:192.168.69.71:43479], old=null
2019-10-19 01:14:26,041 [grpc-default-executor-5] INFO  impl.RaftServerImpl (RaftServerImpl.java:setRole(184)) - 61d0b7dc-5f8b-422f-8693-c58167224d24@group-20FCFA0487C4: changes role from  FOLLOWER to FOLLOWER at term 32 for recognizeCandidate:9c2d914d-67b1-4af9-8080-4d6ee007b506
2019-10-19 01:14:26,041 [grpc-default-executor-5] INFO  impl.RoleInfo (RoleInfo.java:shutdownFollowerState(121)) - 61d0b7dc-5f8b-422f-8693-c58167224d24: shutdown FollowerState
2019-10-19 01:14:26,041 [grpc-default-executor-5] INFO  impl.RoleInfo (RoleInfo.java:updateAndGet(143)) - 61d0b7dc-5f8b-422f-8693-c58167224d24: start FollowerState
2019-10-19 01:14:26,041 [Thread-6701] INFO  impl.FollowerState (FollowerState.java:run(117)) - 61d0b7dc-5f8b-422f-8693-c58167224d24@group-20FCFA0487C4-FollowerState was interrupted: java.lang.InterruptedException: sleep interrupted
2019-10-19 01:14:26,041 [grpc-default-executor-10] INFO  impl.RaftServerImpl (RaftServerImpl.java:setRole(184)) - 88be3607-7667-471c-9070-7dfd13eb5ac8@group-20FCFA0487C4: changes role from  FOLLOWER to FOLLOWER at term 32 for recognizeCandidate:9c2d914d-67b1-4af9-8080-4d6ee007b506
2019-10-19 01:14:26,042 [grpc-default-executor-10] INFO  impl.RoleInfo (RoleInfo.java:shutdownFollowerState(121)) - 88be3607-7667-471c-9070-7dfd13eb5ac8: shutdown FollowerState
2019-10-19 01:14:26,042 [grpc-default-executor-10] INFO  impl.RoleInfo (RoleInfo.java:updateAndGet(143)) - 88be3607-7667-471c-9070-7dfd13eb5ac8: start FollowerState
2019-10-19 01:14:26,042 [Thread-6702] INFO  impl.FollowerState (FollowerState.java:run(117)) - 88be3607-7667-471c-9070-7dfd13eb5ac8@group-20FCFA0487C4-FollowerState was interrupted: java.lang.InterruptedException: sleep interrupted
2019-10-19 01:14:26,061 [9c2d914d-67b1-4af9-8080-4d6ee007b506@group-20FCFA0487C4-LeaderElection675] INFO  impl.LeaderElection (LeaderElection.java:logAndReturn(56)) - 9c2d914d-67b1-4af9-8080-4d6ee007b506@group-20FCFA0487C4-LeaderElection675: Election REJECTED; received 2 response(s) [9c2d914d-67b1-4af9-8080-4d6ee007b506<-88be3607-7667-471c-9070-7dfd13eb5ac8#0:FAIL-t32, 9c2d914d-67b1-4af9-8080-4d6ee007b506<-61d0b7dc-5f8b-422f-8693-c58167224d24#0:FAIL-t32] and 0 exception(s); 9c2d914d-67b1-4af9-8080-4d6ee007b506@group-20FCFA0487C4:t32, leader=null, voted=9c2d914d-67b1-4af9-8080-4d6ee007b506, raftlog=9c2d914d-67b1-4af9-8080-4d6ee007b506@group-20FCFA0487C4-SegmentedRaftLog:OPENED:c-1,f-1,i0, conf=-1: [88be3607-7667-471c-9070-7dfd13eb5ac8:192.168.69.71:32925, 9c2d914d-67b1-4af9-8080-4d6ee007b506:192.168.69.71:35462, 61d0b7dc-5f8b-422f-8693-c58167224d24:192.168.69.71:43479], old=null
2019-10-19 01:14:26,061 [9c2d914d-67b1-4af9-8080-4d6ee007b506@group-20FCFA0487C4-LeaderElection675] INFO  impl.RaftServerImpl (RaftServerImpl.java:setRole(184)) - 9c2d914d-67b1-4af9-8080-4d6ee007b506@group-20FCFA0487C4: changes role from CANDIDATE to FOLLOWER at term 32 for DISCOVERED_A_NEW_TERM
2019-10-19 01:14:26,061 [9c2d914d-67b1-4af9-8080-4d6ee007b506@group-20FCFA0487C4-LeaderElection675] INFO  impl.RoleInfo (RoleInfo.java:shutdownLeaderElection(134)) - 9c2d914d-67b1-4af9-8080-4d6ee007b506: shutdown LeaderElection
2019-10-19 01:14:26,061 [9c2d914d-67b1-4af9-8080-4d6ee007b506@group-20FCFA0487C4-LeaderElection675] INFO  impl.RoleInfo (RoleInfo.java:updateAndGet(143)) - 9c2d914d-67b1-4af9-8080-4d6ee007b506: start FollowerState
2019-10-19 01:14:26,062 [Thread-6707] INFO  impl.FollowerState (FollowerState.java:run(108)) - 9c2d914d-67b1-4af9-8080-4d6ee007b506@group-20FCFA0487C4-FollowerState: change to CANDIDATE, lastRpcTime:0ms, electionTimeout:0ms
2019-10-19 01:14:26,062 [Thread-6707] INFO  impl.RoleInfo (RoleInfo.java:shutdownFollowerState(121)) - 9c2d914d-67b1-4af9-8080-4d6ee007b506: shutdown FollowerState
2019-10-19 01:14:26,062 [Thread-6707] INFO  impl.RaftServerImpl (RaftServerImpl.java:setRole(184)) - 9c2d914d-67b1-4af9-8080-4d6ee007b506@group-20FCFA0487C4: changes role from  FOLLOWER to CANDIDATE at term 32 for changeToCandidate
2019-10-19 01:14:26,062 [Thread-6707] INFO  impl.RoleInfo (RoleInfo.java:updateAndGet(143)) - 9c2d914d-67b1-4af9-8080-4d6ee007b506: start LeaderElection
2019-10-19 01:14:26,071 [Thread-6697] INFO  impl.FollowerState (FollowerState.java:run(108)) - f143d5cf-4038-4fa8-8601-f5a45f16ca3e@group-A3037D40E172-FollowerState: change to CANDIDATE, lastRpcTime:124ms, electionTimeout:124ms
2019-10-19 01:14:26,071 [Thread-6697] INFO  impl.RoleInfo (RoleInfo.java:shutdownFollowerState(121)) - f143d5cf-4038-4fa8-8601-f5a45f16ca3e: shutdown FollowerState
2019-10-19 01:14:26,071 [Thread-6697] INFO  impl.RaftServerImpl (RaftServerImpl.java:setRole(184)) - f143d5cf-4038-4fa8-8601-f5a45f16ca3e@group-A3037D40E172: changes role from  FOLLOWER to CANDIDATE at term 30 for changeToCandidate
2019-10-19 01:14:26,071 [Thread-6697] INFO  impl.RoleInfo (RoleInfo.java:updateAndGet(143)) - f143d5cf-4038-4fa8-8601-f5a45f16ca3e: start LeaderElection
2019-10-19 01:14:26,075 [9c2d914d-67b1-4af9-8080-4d6ee007b506@group-20FCFA0487C4-LeaderElection676] INFO  impl.LeaderElection (LeaderElection.java:askForVotes(178)) - 9c2d914d-67b1-4af9-8080-4d6ee007b506@group-20FCFA0487C4-LeaderElection676: begin an election at term 33 for -1: [88be3607-7667-471c-9070-7dfd13eb5ac8:192.168.69.71:32925, 9c2d914d-67b1-4af9-8080-4d6ee007b506:192.168.69.71:35462, 61d0b7dc-5f8b-422f-8693-c58167224d24:192.168.69.71:43479], old=null
2019-10-19 01:14:26,075 [f143d5cf-4038-4fa8-8601-f5a45f16ca3e@group-A3037D40E172-LeaderElection677] INFO  impl.LeaderElection (LeaderElection.java:askForVotes(178)) - f143d5cf-4038-4fa8-8601-f5a45f16ca3e@group-A3037D40E172-LeaderElection677: begin an election at term 31 for -1: [f143d5cf-4038-4fa8-8601-f5a45f16ca3e:192.168.69.71:40169, 2543ffea-c5c6-4af0-856f-eb846bad755a:192.168.69.71:45287, 61d14648-e80d-4cd8-9e7c-6deb2f21aca8:192.168.69.71:42247], old=null
2019-10-19 01:14:26,076 [grpc-default-executor-5] INFO  impl.RaftServerImpl (RaftServerImpl.java:setRole(184)) - 88be3607-7667-471c-9070-7dfd13eb5ac8@group-20FCFA0487C4: changes role from  FOLLOWER to FOLLOWER at term 33 for recognizeCandidate:9c2d914d-67b1-4af9-8080-4d6ee007b506
2019-10-19 01:14:26,076 [grpc-default-executor-3] INFO  impl.RaftServerImpl (RaftServerImpl.java:setRole(184)) - 61d0b7dc-5f8b-422f-8693-c58167224d24@group-20FCFA0487C4: changes role from  FOLLOWER to FOLLOWER at term 33 for recognizeCandidate:9c2d914d-67b1-4af9-8080-4d6ee007b506
2019-10-19 01:14:26,076 [grpc-default-executor-10] INFO  impl.RaftServerImpl (RaftServerImpl.java:setRole(184)) - 2543ffea-c5c6-4af0-856f-eb846bad755a@group-A3037D40E172: changes role from  FOLLOWER to FOLLOWER at term 31 for recognizeCandidate:f143d5cf-4038-4fa8-8601-f5a45f16ca3e
2019-10-19 01:14:26,076 [grpc-default-executor-10] INFO  impl.RoleInfo (RoleInfo.java:shutdownFollowerState(121)) - 2543ffea-c5c6-4af0-856f-eb846bad755a: shutdown FollowerState
2019-10-19 01:14:26,076 [grpc-default-executor-3] INFO  impl.RoleInfo (RoleInfo.java:shutdownFollowerState(121)) - 61d0b7dc-5f8b-422f-8693-c58167224d24: shutdown FollowerState
2019-10-19 01:14:26,076 [grpc-default-executor-9] INFO  impl.RaftServerImpl (RaftServerImpl.java:setRole(184)) - 61d14648-e80d-4cd8-9e7c-6deb2f21aca8@group-A3037D40E172: changes role from  FOLLOWER to FOLLOWER at term 31 for recognizeCandidate:f143d5cf-4038-4fa8-8601-f5a45f16ca3e
2019-10-19 01:14:26,077 [grpc-default-executor-9] INFO  impl.RoleInfo (RoleInfo.java:shutdownFollowerState(121)) - 61d14648-e80d-4cd8-9e7c-6deb2f21aca8: shutdown FollowerState
2019-10-19 01:14:26,076 [grpc-default-executor-5] INFO  impl.RoleInfo (RoleInfo.java:shutdownFollowerState(121)) - 88be3607-7667-471c-9070-7dfd13eb5ac8: shutdown FollowerState
2019-10-19 01:14:26,077 [grpc-default-executor-9] INFO  impl.RoleInfo (RoleInfo.java:updateAndGet(143)) - 61d14648-e80d-4cd8-9e7c-6deb2f21aca8: start FollowerState
2019-10-19 01:14:26,077 [Thread-6705] INFO  impl.FollowerState (FollowerState.java:run(117)) - 61d0b7dc-5f8b-422f-8693-c58167224d24@group-20FCFA0487C4-FollowerState was interrupted: java.lang.InterruptedException: sleep interrupted
2019-10-19 01:14:26,077 [grpc-default-executor-3] INFO  impl.RoleInfo (RoleInfo.java:updateAndGet(143)) - 61d0b7dc-5f8b-422f-8693-c58167224d24: start FollowerState
2019-10-19 01:14:26,076 [Thread-6696] INFO  impl.FollowerState (FollowerState.java:run(117)) - 2543ffea-c5c6-4af0-856f-eb846bad755a@group-A3037D40E172-FollowerState was interrupted: java.lang.InterruptedException: sleep interrupted
2019-10-19 01:14:26,076 [grpc-default-executor-10] INFO  impl.RoleInfo (RoleInfo.java:updateAndGet(143)) - 2543ffea-c5c6-4af0-856f-eb846bad755a: start FollowerState
2019-10-19 01:14:26,077 [Thread-6695] INFO  impl.FollowerState (FollowerState.java:run(117)) - 61d14648-e80d-4cd8-9e7c-6deb2f21aca8@group-A3037D40E172-FollowerState was interrupted: java.lang.InterruptedException: sleep interrupted
2019-10-19 01:14:26,077 [Thread-6706] INFO  impl.FollowerState (FollowerState.java:run(117)) - 88be3607-7667-471c-9070-7dfd13eb5ac8@group-20FCFA0487C4-FollowerState was interrupted: java.lang.InterruptedException: sleep interrupted
2019-10-19 01:14:26,077 [grpc-default-executor-5] INFO  impl.RoleInfo (RoleInfo.java:updateAndGet(143)) - 88be3607-7667-471c-9070-7dfd13eb5ac8: start FollowerState
2019-10-19 01:14:26,090 [9c2d914d-67b1-4af9-8080-4d6ee007b506@group-20FCFA0487C4-LeaderElection676] INFO  impl.LeaderElection (LeaderElection.java:logAndReturn(56)) - 9c2d914d-67b1-4af9-8080-4d6ee007b506@group-20FCFA0487C4-LeaderElection676: Election REJECTED; received 2 response(s) [9c2d914d-67b1-4af9-8080-4d6ee007b506<-88be3607-7667-471c-9070-7dfd13eb5ac8#0:FAIL-t33, 9c2d914d-67b1-4af9-8080-4d6ee007b506<-61d0b7dc-5f8b-422f-8693-c58167224d24#0:FAIL-t33] and 0 exception(s); 9c2d914d-67b1-4af9-8080-4d6ee007b506@group-20FCFA0487C4:t33, leader=null, voted=9c2d914d-67b1-4af9-8080-4d6ee007b506, raftlog=9c2d914d-67b1-4af9-8080-4d6ee007b506@group-20FCFA0487C4-SegmentedRaftLog:OPENED:c-1,f-1,i0, conf=-1: [88be3607-7667-471c-9070-7dfd13eb5ac8:192.168.69.71:32925, 9c2d914d-67b1-4af9-8080-4d6ee007b506:192.168.69.71:35462, 61d0b7dc-5f8b-422f-8693-c58167224d24:192.168.69.71:43479], old=null
2019-10-19 01:14:26,090 [f143d5cf-4038-4fa8-8601-f5a45f16ca3e@group-A3037D40E172-LeaderElection677] INFO  impl.LeaderElection (LeaderElection.java:logAndReturn(56)) - f143d5cf-4038-4fa8-8601-f5a45f16ca3e@group-A3037D40E172-LeaderElection677: Election REJECTED; received 2 response(s) [f143d5cf-4038-4fa8-8601-f5a45f16ca3e<-2543ffea-c5c6-4af0-856f-eb846bad755a#0:FAIL-t31, f143d5cf-4038-4fa8-8601-f5a45f16ca3e<-61d14648-e80d-4cd8-9e7c-6deb2f21aca8#0:FAIL-t31] and 0 exception(s); f143d5cf-4038-4fa8-8601-f5a45f16ca3e@group-A3037D40E172:t31, leader=null, voted=f143d5cf-4038-4fa8-8601-f5a45f16ca3e, raftlog=f143d5cf-4038-4fa8-8601-f5a45f16ca3e@group-A3037D40E172-SegmentedRaftLog:OPENED:c-1,f-1,i0, conf=-1: [f143d5cf-4038-4fa8-8601-f5a45f16ca3e:192.168.69.71:40169, 2543ffea-c5c6-4af0-856f-eb846bad755a:192.168.69.71:45287, 61d14648-e80d-4cd8-9e7c-6deb2f21aca8:192.168.69.71:42247], old=null
2019-10-19 01:14:26,091 [9c2d914d-67b1-4af9-8080-4d6ee007b506@group-20FCFA0487C4-LeaderElection676] INFO  impl.RaftServerImpl (RaftServerImpl.java:setRole(184)) - 9c2d914d-67b1-4af9-8080-4d6ee007b506@group-20FCFA0487C4: changes role from CANDIDATE to FOLLOWER at term 33 for DISCOVERED_A_NEW_TERM
2019-10-19 01:14:26,091 [f143d5cf-4038-4fa8-8601-f5a45f16ca3e@group-A3037D40E172-LeaderElection677] INFO  impl.RaftServerImpl (RaftServerImpl.java:setRole(184)) - f143d5cf-4038-4fa8-8601-f5a45f16ca3e@group-A3037D40E172: changes role from CANDIDATE to FOLLOWER at term 31 for DISCOVERED_A_NEW_TERM
2019-10-19 01:14:26,091 [9c2d914d-67b1-4af9-8080-4d6ee007b506@group-20FCFA0487C4-LeaderElection676] INFO  impl.RoleInfo (RoleInfo.java:shutdownLeaderElection(134)) - 9c2d914d-67b1-4af9-8080-4d6ee007b506: shutdown LeaderElection
2019-10-19 01:14:26,091 [f143d5cf-4038-4fa8-8601-f5a45f16ca3e@group-A3037D40E172-LeaderElection677] INFO  impl.RoleInfo (RoleInfo.java:shutdownLeaderElection(134)) - f143d5cf-4038-4fa8-8601-f5a45f16ca3e: shutdown LeaderElection
2019-10-19 01:14:26,091 [9c2d914d-67b1-4af9-8080-4d6ee007b506@group-20FCFA0487C4-LeaderElection676] INFO  impl.RoleInfo (RoleInfo.java:updateAndGet(143)) - 9c2d914d-67b1-4af9-8080-4d6ee007b506: start FollowerState
2019-10-19 01:14:26,091 [f143d5cf-4038-4fa8-8601-f5a45f16ca3e@group-A3037D40E172-LeaderElection677] INFO  impl.RoleInfo (RoleInfo.java:updateAndGet(143)) - f143d5cf-4038-4fa8-8601-f5a45f16ca3e: start FollowerState
2019-10-19 01:14:26,105 [Thread-6719] INFO  impl.FollowerState (FollowerState.java:run(108)) - f143d5cf-4038-4fa8-8601-f5a45f16ca3e@group-A3037D40E172-FollowerState: change to CANDIDATE, lastRpcTime:14ms, electionTimeout:14ms
2019-10-19 01:14:26,105 [Thread-6719] INFO  impl.RoleInfo (RoleInfo.java:shutdownFollowerState(121)) - f143d5cf-4038-4fa8-8601-f5a45f16ca3e: shutdown FollowerState
2019-10-19 01:14:26,105 [Thread-6719] INFO  impl.RaftServerImpl (RaftServerImpl.java:setRole(184)) - f143d5cf-4038-4fa8-8601-f5a45f16ca3e@group-A3037D40E172: changes role from  FOLLOWER to CANDIDATE at term 31 for changeToCandidate
2019-10-19 01:14:26,105 [Thread-6719] INFO  impl.RoleInfo (RoleInfo.java:updateAndGet(143)) - f143d5cf-4038-4fa8-8601-f5a45f16ca3e: start LeaderElection
2019-10-19 01:14:26,124 [f143d5cf-4038-4fa8-8601-f5a45f16ca3e@group-A3037D40E172-LeaderElection678] INFO  impl.LeaderElection (LeaderElection.java:askForVotes(178)) - f143d5cf-4038-4fa8-8601-f5a45f16ca3e@group-A3037D40E172-LeaderElection678: begin an election at term 32 for -1: [f143d5cf-4038-4fa8-8601-f5a45f16ca3e:192.168.69.71:40169, 2543ffea-c5c6-4af0-856f-eb846bad755a:192.168.69.71:45287, 61d14648-e80d-4cd8-9e7c-6deb2f21aca8:192.168.69.71:42247], old=null
2019-10-19 01:14:26,130 [grpc-default-executor-5] INFO  impl.RaftServerImpl (RaftServerImpl.java:setRole(184)) - 61d14648-e80d-4cd8-9e7c-6deb2f21aca8@group-A3037D40E172: changes role from  FOLLOWER to FOLLOWER at term 32 for recognizeCandidate:f143d5cf-4038-4fa8-8601-f5a45f16ca3e
2019-10-19 01:14:26,130 [grpc-default-executor-5] INFO  impl.RoleInfo (RoleInfo.java:shutdownFollowerState(121)) - 61d14648-e80d-4cd8-9e7c-6deb2f21aca8: shutdown FollowerState
2019-10-19 01:14:26,130 [grpc-default-executor-3] INFO  impl.RaftServerImpl (RaftServerImpl.java:setRole(184)) - 2543ffea-c5c6-4af0-856f-eb846bad755a@group-A3037D40E172: changes role from  FOLLOWER to FOLLOWER at term 32 for recognizeCandidate:f143d5cf-4038-4fa8-8601-f5a45f16ca3e
2019-10-19 01:14:26,130 [grpc-default-executor-3] INFO  impl.RoleInfo (RoleInfo.java:shutdownFollowerState(121)) - 2543ffea-c5c6-4af0-856f-eb846bad755a: shutdown FollowerState
2019-10-19 01:14:26,130 [Thread-6716] INFO  impl.FollowerState (FollowerState.java:run(117)) - 61d14648-e80d-4cd8-9e7c-6deb2f21aca8@group-A3037D40E172-FollowerState was interrupted: java.lang.InterruptedException: sleep interrupted
2019-10-19 01:14:26,130 [grpc-default-executor-5] INFO  impl.RoleInfo (RoleInfo.java:updateAndGet(143)) - 61d14648-e80d-4cd8-9e7c-6deb2f21aca8: start FollowerState
2019-10-19 01:14:26,130 [Thread-6714] INFO  impl.FollowerState (FollowerState.java:run(117)) - 2543ffea-c5c6-4af0-856f-eb846bad755a@group-A3037D40E172-FollowerState was interrupted: java.lang.InterruptedException: sleep interrupted
2019-10-19 01:14:26,130 [grpc-default-executor-3] INFO  impl.RoleInfo (RoleInfo.java:updateAndGet(143)) - 2543ffea-c5c6-4af0-856f-eb846bad755a: start FollowerState
2019-10-19 01:14:26,163 [Thread-6718] INFO  impl.FollowerState (FollowerState.java:run(108)) - 9c2d914d-67b1-4af9-8080-4d6ee007b506@group-20FCFA0487C4-FollowerState: change to CANDIDATE, lastRpcTime:72ms, electionTimeout:72ms
2019-10-19 01:14:26,163 [Thread-6718] INFO  impl.RoleInfo (RoleInfo.java:shutdownFollowerState(121)) - 9c2d914d-67b1-4af9-8080-4d6ee007b506: shutdown FollowerState
2019-10-19 01:14:26,163 [Thread-6718] INFO  impl.RaftServerImpl (RaftServerImpl.java:setRole(184)) - 9c2d914d-67b1-4af9-8080-4d6ee007b506@group-20FCFA0487C4: changes role from  FOLLOWER to CANDIDATE at term 33 for changeToCandidate
2019-10-19 01:14:26,163 [Thread-6718] INFO  impl.RoleInfo (RoleInfo.java:updateAndGet(143)) - 9c2d914d-67b1-4af9-8080-4d6ee007b506: start LeaderElection
2019-10-19 01:14:26,187 [f143d5cf-4038-4fa8-8601-f5a45f16ca3e@group-A3037D40E172-LeaderElection678] INFO  impl.LeaderElection (LeaderElection.java:logAndReturn(56)) - f143d5cf-4038-4fa8-8601-f5a45f16ca3e@group-A3037D40E172-LeaderElection678: Election REJECTED; received 2 response(s) [f143d5cf-4038-4fa8-8601-f5a45f16ca3e<-2543ffea-c5c6-4af0-856f-eb846bad755a#0:FAIL-t32, f143d5cf-4038-4fa8-8601-f5a45f16ca3e<-61d14648-e80d-4cd8-9e7c-6deb2f21aca8#0:FAIL-t32] and 0 exception(s); f143d5cf-4038-4fa8-8601-f5a45f16ca3e@group-A3037D40E172:t32, leader=null, voted=f143d5cf-4038-4fa8-8601-f5a45f16ca3e, raftlog=f143d5cf-4038-4fa8-8601-f5a45f16ca3e@group-A3037D40E172-SegmentedRaftLog:OPENED:c-1,f-1,i0, conf=-1: [f143d5cf-4038-4fa8-8601-f5a45f16ca3e:192.168.69.71:40169, 2543ffea-c5c6-4af0-856f-eb846bad755a:192.168.69.71:45287, 61d14648-e80d-4cd8-9e7c-6deb2f21aca8:192.168.69.71:42247], old=null
2019-10-19 01:14:26,187 [f143d5cf-4038-4fa8-8601-f5a45f16ca3e@group-A3037D40E172-LeaderElection678] INFO  impl.RaftServerImpl (RaftServerImpl.java:setRole(184)) - f143d5cf-4038-4fa8-8601-f5a45f16ca3e@group-A3037D40E172: changes role from CANDIDATE to FOLLOWER at term 32 for DISCOVERED_A_NEW_TERM
2019-10-19 01:14:26,187 [f143d5cf-4038-4fa8-8601-f5a45f16ca3e@group-A3037D40E172-LeaderElection678] INFO  impl.RoleInfo (RoleInfo.java:shutdownLeaderElection(134)) - f143d5cf-4038-4fa8-8601-f5a45f16ca3e: shutdown LeaderElection
2019-10-19 01:14:26,187 [f143d5cf-4038-4fa8-8601-f5a45f16ca3e@group-A3037D40E172-LeaderElection678] INFO  impl.RoleInfo (RoleInfo.java:updateAndGet(143)) - f143d5cf-4038-4fa8-8601-f5a45f16ca3e: start FollowerState
2019-10-19 01:14:26,189 [9c2d914d-67b1-4af9-8080-4d6ee007b506@group-20FCFA0487C4-LeaderElection679] INFO  impl.LeaderElection (LeaderElection.java:askForVotes(178)) - 9c2d914d-67b1-4af9-8080-4d6ee007b506@group-20FCFA0487C4-LeaderElection679: begin an election at term 34 for -1: [88be3607-7667-471c-9070-7dfd13eb5ac8:192.168.69.71:32925, 9c2d914d-67b1-4af9-8080-4d6ee007b506:192.168.69.71:35462, 61d0b7dc-5f8b-422f-8693-c58167224d24:192.168.69.71:43479], old=null
2019-10-19 01:14:26,189 [grpc-default-executor-5] INFO  impl.RaftServerImpl (RaftServerImpl.java:setRole(184)) - 61d0b7dc-5f8b-422f-8693-c58167224d24@group-20FCFA0487C4: changes role from  FOLLOWER to FOLLOWER at term 34 for recognizeCandidate:9c2d914d-67b1-4af9-8080-4d6ee007b506
2019-10-19 01:14:26,189 [grpc-default-executor-3] INFO  impl.RaftServerImpl (RaftServerImpl.java:setRole(184)) - 88be3607-7667-471c-9070-7dfd13eb5ac8@group-20FCFA0487C4: changes role from  FOLLOWER to FOLLOWER at term 34 for recognizeCandidate:9c2d914d-67b1-4af9-8080-4d6ee007b506
2019-10-19 01:14:26,190 [grpc-default-executor-3] INFO  impl.RoleInfo (RoleInfo.java:shutdownFollowerState(121)) - 88be3607-7667-471c-9070-7dfd13eb5ac8: shutdown FollowerState
2019-10-19 01:14:26,190 [grpc-default-executor-5] INFO  impl.RoleInfo (RoleInfo.java:shutdownFollowerState(121)) - 61d0b7dc-5f8b-422f-8693-c58167224d24: shutdown FollowerState
2019-10-19 01:14:26,190 [Thread-6717] INFO  impl.FollowerState (FollowerState.java:run(117)) - 88be3607-7667-471c-9070-7dfd13eb5ac8@group-20FCFA0487C4-FollowerState was interrupted: java.lang.InterruptedException: sleep interrupted
2019-10-19 01:14:26,190 [grpc-default-executor-3] INFO  impl.RoleInfo (RoleInfo.java:updateAndGet(143)) - 88be3607-7667-471c-9070-7dfd13eb5ac8: start FollowerState
2019-10-19 01:14:26,190 [Thread-6715] INFO  impl.FollowerState (FollowerState.java:run(117)) - 61d0b7dc-5f8b-422f-8693-c58167224d24@group-20FCFA0487C4-FollowerState was interrupted: java.lang.InterruptedException: sleep interrupted
2019-10-19 01:14:26,190 [grpc-default-executor-5] INFO  impl.RoleInfo (RoleInfo.java:updateAndGet(143)) - 61d0b7dc-5f8b-422f-8693-c58167224d24: start FollowerState
2019-10-19 01:14:26,200 [9c2d914d-67b1-4af9-8080-4d6ee007b506@group-20FCFA0487C4-LeaderElection679] INFO  impl.LeaderElection (LeaderElection.java:logAndReturn(56)) - 9c2d914d-67b1-4af9-8080-4d6ee007b506@group-20FCFA0487C4-LeaderElection679: Election REJECTED; received 2 response(s) [9c2d914d-67b1-4af9-8080-4d6ee007b506<-88be3607-7667-471c-9070-7dfd13eb5ac8#0:FAIL-t34, 9c2d914d-67b1-4af9-8080-4d6ee007b506<-61d0b7dc-5f8b-422f-8693-c58167224d24#0:FAIL-t34] and 0 exception(s); 9c2d914d-67b1-4af9-8080-4d6ee007b506@group-20FCFA0487C4:t34, leader=null, voted=9c2d914d-67b1-4af9-8080-4d6ee007b506, raftlog=9c2d914d-67b1-4af9-8080-4d6ee007b506@group-20FCFA0487C4-SegmentedRaftLog:OPENED:c-1,f-1,i0, conf=-1: [88be3607-7667-471c-9070-7dfd13eb5ac8:192.168.69.71:32925, 9c2d914d-67b1-4af9-8080-4d6ee007b506:192.168.69.71:35462, 61d0b7dc-5f8b-422f-8693-c58167224d24:192.168.69.71:43479], old=null
2019-10-19 01:14:26,200 [9c2d914d-67b1-4af9-8080-4d6ee007b506@group-20FCFA0487C4-LeaderElection679] INFO  impl.RaftServerImpl (RaftServerImpl.java:setRole(184)) - 9c2d914d-67b1-4af9-8080-4d6ee007b506@group-20FCFA0487C4: changes role from CANDIDATE to FOLLOWER at term 34 for DISCOVERED_A_NEW_TERM
2019-10-19 01:14:26,200 [9c2d914d-67b1-4af9-8080-4d6ee007b506@group-20FCFA0487C4-LeaderElection679] INFO  impl.RoleInfo (RoleInfo.java:shutdownLeaderElection(134)) - 9c2d914d-67b1-4af9-8080-4d6ee007b506: shutdown LeaderElection
2019-10-19 01:14:26,200 [9c2d914d-67b1-4af9-8080-4d6ee007b506@group-20FCFA0487C4-LeaderElection679] INFO  impl.RoleInfo (RoleInfo.java:updateAndGet(143)) - 9c2d914d-67b1-4af9-8080-4d6ee007b506: start FollowerState
2019-10-19 01:14:26,229 [Thread-6728] INFO  impl.FollowerState (FollowerState.java:run(108)) - f143d5cf-4038-4fa8-8601-f5a45f16ca3e@group-A3037D40E172-FollowerState: change to CANDIDATE, lastRpcTime:42ms, electionTimeout:42ms
2019-10-19 01:14:26,229 [Thread-6728] INFO  impl.RoleInfo (RoleInfo.java:shutdownFollowerState(121)) - f143d5cf-4038-4fa8-8601-f5a45f16ca3e: shutdown FollowerState
2019-10-19 01:14:26,229 [Thread-6728] INFO  impl.RaftServerImpl (RaftServerImpl.java:setRole(184)) - f143d5cf-4038-4fa8-8601-f5a45f16ca3e@group-A3037D40E172: changes role from  FOLLOWER to CANDIDATE at term 32 for changeToCandidate
2019-10-19 01:14:26,229 [Thread-6728] INFO  impl.RoleInfo (RoleInfo.java:updateAndGet(143)) - f143d5cf-4038-4fa8-8601-f5a45f16ca3e: start LeaderElection
2019-10-19 01:14:26,244 [f143d5cf-4038-4fa8-8601-f5a45f16ca3e@group-A3037D40E172-LeaderElection680] INFO  impl.LeaderElection (LeaderElection.java:askForVotes(178)) - f143d5cf-4038-4fa8-8601-f5a45f16ca3e@group-A3037D40E172-LeaderElection680: begin an election at term 33 for -1: [f143d5cf-4038-4fa8-8601-f5a45f16ca3e:192.168.69.71:40169, 2543ffea-c5c6-4af0-856f-eb846bad755a:192.168.69.71:45287, 61d14648-e80d-4cd8-9e7c-6deb2f21aca8:192.168.69.71:42247], old=null
2019-10-19 01:14:26,246 [grpc-default-executor-3] INFO  impl.RaftServerImpl (RaftServerImpl.java:setRole(184)) - 2543ffea-c5c6-4af0-856f-eb846bad755a@group-A3037D40E172: changes role from  FOLLOWER to FOLLOWER at term 33 for recognizeCandidate:f143d5cf-4038-4fa8-8601-f5a45f16ca3e
2019-10-19 01:14:26,246 [grpc-default-executor-3] INFO  impl.RoleInfo (RoleInfo.java:shutdownFollowerState(121)) - 2543ffea-c5c6-4af0-856f-eb846bad755a: shutdown FollowerState
2019-10-19 01:14:26,246 [grpc-default-executor-5] INFO  impl.RaftServerImpl (RaftServerImpl.java:setRole(184)) - 61d14648-e80d-4cd8-9e7c-6deb2f21aca8@group-A3037D40E172: changes role from  FOLLOWER to FOLLOWER at term 33 for recognizeCandidate:f143d5cf-4038-4fa8-8601-f5a45f16ca3e
2019-10-19 01:14:26,246 [Thread-6726] INFO  impl.FollowerState (FollowerState.java:run(117)) - 2543ffea-c5c6-4af0-856f-eb846bad755a@group-A3037D40E172-FollowerState was interrupted: java.lang.InterruptedException: sleep interrupted
2019-10-19 01:14:26,246 [grpc-default-executor-3] INFO  impl.RoleInfo (RoleInfo.java:updateAndGet(143)) - 2543ffea-c5c6-4af0-856f-eb846bad755a: start FollowerState
2019-10-19 01:14:26,246 [grpc-default-executor-5] INFO  impl.RoleInfo (RoleInfo.java:shutdownFollowerState(121)) - 61d14648-e80d-4cd8-9e7c-6deb2f21aca8: shutdown FollowerState
2019-10-19 01:14:26,246 [grpc-default-executor-5] INFO  impl.RoleInfo (RoleInfo.java:updateAndGet(143)) - 61d14648-e80d-4cd8-9e7c-6deb2f21aca8: start FollowerState
2019-10-19 01:14:26,246 [Thread-6725] INFO  impl.FollowerState (FollowerState.java:run(117)) - 61d14648-e80d-4cd8-9e7c-6deb2f21aca8@group-A3037D40E172-FollowerState was interrupted: java.lang.InterruptedException: sleep interrupted
2019-10-19 01:14:26,248 [Thread-6733] INFO  impl.FollowerState (FollowerState.java:run(108)) - 9c2d914d-67b1-4af9-8080-4d6ee007b506@group-20FCFA0487C4-FollowerState: change to CANDIDATE, lastRpcTime:48ms, electionTimeout:48ms
2019-10-19 01:14:26,248 [Thread-6733] INFO  impl.RoleInfo (RoleInfo.java:shutdownFollowerState(121)) - 9c2d914d-67b1-4af9-8080-4d6ee007b506: shutdown FollowerState
2019-10-19 01:14:26,248 [Thread-6733] INFO  impl.RaftServerImpl (RaftServerImpl.java:setRole(184)) - 9c2d914d-67b1-4af9-8080-4d6ee007b506@group-20FCFA0487C4: changes role from  FOLLOWER to CANDIDATE at term 34 for changeToCandidate
2019-10-19 01:14:26,248 [Thread-6733] INFO  impl.RoleInfo (RoleInfo.java:updateAndGet(143)) - 9c2d914d-67b1-4af9-8080-4d6ee007b506: start LeaderElection
2019-10-19 01:14:26,257 [9c2d914d-67b1-4af9-8080-4d6ee007b506@group-20FCFA0487C4-LeaderElection681] INFO  impl.LeaderElection (LeaderElection.java:askForVotes(178)) - 9c2d914d-67b1-4af9-8080-4d6ee007b506@group-20FCFA0487C4-LeaderElection681: begin an election at term 35 for -1: [88be3607-7667-471c-9070-7dfd13eb5ac8:192.168.69.71:32925, 9c2d914d-67b1-4af9-8080-4d6ee007b506:192.168.69.71:35462, 61d0b7dc-5f8b-422f-8693-c58167224d24:192.168.69.71:43479], old=null
2019-10-19 01:14:26,257 [f143d5cf-4038-4fa8-8601-f5a45f16ca3e@group-A3037D40E172-LeaderElection680] INFO  impl.LeaderElection (LeaderElection.java:logAndReturn(56)) - f143d5cf-4038-4fa8-8601-f5a45f16ca3e@group-A3037D40E172-LeaderElection680: Election REJECTED; received 2 response(s) [f143d5cf-4038-4fa8-8601-f5a45f16ca3e<-2543ffea-c5c6-4af0-856f-eb846bad755a#0:FAIL-t33, f143d5cf-4038-4fa8-8601-f5a45f16ca3e<-61d14648-e80d-4cd8-9e7c-6deb2f21aca8#0:FAIL-t33] and 0 exception(s); f143d5cf-4038-4fa8-8601-f5a45f16ca3e@group-A3037D40E172:t33, leader=null, voted=f143d5cf-4038-4fa8-8601-f5a45f16ca3e, raftlog=f143d5cf-4038-4fa8-8601-f5a45f16ca3e@group-A3037D40E172-SegmentedRaftLog:OPENED:c-1,f-1,i0, conf=-1: [f143d5cf-4038-4fa8-8601-f5a45f16ca3e:192.168.69.71:40169, 2543ffea-c5c6-4af0-856f-eb846bad755a:192.168.69.71:45287, 61d14648-e80d-4cd8-9e7c-6deb2f21aca8:192.168.69.71:42247], old=null
2019-10-19 01:14:26,257 [f143d5cf-4038-4fa8-8601-f5a45f16ca3e@group-A3037D40E172-LeaderElection680] INFO  impl.RaftServerImpl (RaftServerImpl.java:setRole(184)) - f143d5cf-4038-4fa8-8601-f5a45f16ca3e@group-A3037D40E172: changes role from CANDIDATE to FOLLOWER at term 33 for DISCOVERED_A_NEW_TERM
2019-10-19 01:14:26,257 [f143d5cf-4038-4fa8-8601-f5a45f16ca3e@group-A3037D40E172-LeaderElection680] INFO  impl.RoleInfo (RoleInfo.java:shutdownLeaderElection(134)) - f143d5cf-4038-4fa8-8601-f5a45f16ca3e: shutdown LeaderElection
2019-10-19 01:14:26,257 [f143d5cf-4038-4fa8-8601-f5a45f16ca3e@group-A3037D40E172-LeaderElection680] INFO  impl.RoleInfo (RoleInfo.java:updateAndGet(143)) - f143d5cf-4038-4fa8-8601-f5a45f16ca3e: start FollowerState
2019-10-19 01:14:26,257 [grpc-default-executor-5] INFO  impl.RaftServerImpl (RaftServerImpl.java:setRole(184)) - 88be3607-7667-471c-9070-7dfd13eb5ac8@group-20FCFA0487C4: changes role from  FOLLOWER to FOLLOWER at term 35 for recognizeCandidate:9c2d914d-67b1-4af9-8080-4d6ee007b506
2019-10-19 01:14:26,258 [grpc-default-executor-5] INFO  impl.RoleInfo (RoleInfo.java:shutdownFollowerState(121)) - 88be3607-7667-471c-9070-7dfd13eb5ac8: shutdown FollowerState
2019-10-19 01:14:26,258 [grpc-default-executor-5] INFO  impl.RoleInfo (RoleInfo.java:updateAndGet(143)) - 88be3607-7667-471c-9070-7dfd13eb5ac8: start FollowerState
2019-10-19 01:14:26,258 [grpc-default-executor-3] INFO  impl.RaftServerImpl (RaftServerImpl.java:setRole(184)) - 61d0b7dc-5f8b-422f-8693-c58167224d24@group-20FCFA0487C4: changes role from  FOLLOWER to FOLLOWER at term 35 for recognizeCandidate:9c2d914d-67b1-4af9-8080-4d6ee007b506
2019-10-19 01:14:26,258 [grpc-default-executor-3] INFO  impl.RoleInfo (RoleInfo.java:shutdownFollowerState(121)) - 61d0b7dc-5f8b-422f-8693-c58167224d24: shutdown FollowerState
2019-10-19 01:14:26,258 [Thread-6731] INFO  impl.FollowerState (FollowerState.java:run(117)) - 88be3607-7667-471c-9070-7dfd13eb5ac8@group-20FCFA0487C4-FollowerState was interrupted: java.lang.InterruptedException: sleep interrupted
2019-10-19 01:14:26,258 [Thread-6732] INFO  impl.FollowerState (FollowerState.java:run(117)) - 61d0b7dc-5f8b-422f-8693-c58167224d24@group-20FCFA0487C4-FollowerState was interrupted: java.lang.InterruptedException: sleep interrupted
2019-10-19 01:14:26,258 [grpc-default-executor-3] INFO  impl.RoleInfo (RoleInfo.java:updateAndGet(143)) - 61d0b7dc-5f8b-422f-8693-c58167224d24: start FollowerState
2019-10-19 01:14:26,273 [9c2d914d-67b1-4af9-8080-4d6ee007b506@group-20FCFA0487C4-LeaderElection681] INFO  impl.LeaderElection (LeaderElection.java:logAndReturn(56)) - 9c2d914d-67b1-4af9-8080-4d6ee007b506@group-20FCFA0487C4-LeaderElection681: Election REJECTED; received 2 response(s) [9c2d914d-67b1-4af9-8080-4d6ee007b506<-88be3607-7667-471c-9070-7dfd13eb5ac8#0:FAIL-t35, 9c2d914d-67b1-4af9-8080-4d6ee007b506<-61d0b7dc-5f8b-422f-8693-c58167224d24#0:FAIL-t35] and 0 exception(s); 9c2d914d-67b1-4af9-8080-4d6ee007b506@group-20FCFA0487C4:t35, leader=null, voted=9c2d914d-67b1-4af9-8080-4d6ee007b506, raftlog=9c2d914d-67b1-4af9-8080-4d6ee007b506@group-20FCFA0487C4-SegmentedRaftLog:OPENED:c-1,f-1,i0, conf=-1: [88be3607-7667-471c-9070-7dfd13eb5ac8:192.168.69.71:32925, 9c2d914d-67b1-4af9-8080-4d6ee007b506:192.168.69.71:35462, 61d0b7dc-5f8b-422f-8693-c58167224d24:192.168.69.71:43479], old=null
2019-10-19 01:14:26,273 [9c2d914d-67b1-4af9-8080-4d6ee007b506@group-20FCFA0487C4-LeaderElection681] INFO  impl.RaftServerImpl (RaftServerImpl.java:setRole(184)) - 9c2d914d-67b1-4af9-8080-4d6ee007b506@group-20FCFA0487C4: changes role from CANDIDATE to FOLLOWER at term 35 for DISCOVERED_A_NEW_TERM
2019-10-19 01:14:26,274 [9c2d914d-67b1-4af9-8080-4d6ee007b506@group-20FCFA0487C4-LeaderElection681] INFO  impl.RoleInfo (RoleInfo.java:shutdownLeaderElection(134)) - 9c2d914d-67b1-4af9-8080-4d6ee007b506: shutdown LeaderElection
2019-10-19 01:14:26,274 [9c2d914d-67b1-4af9-8080-4d6ee007b506@group-20FCFA0487C4-LeaderElection681] INFO  impl.RoleInfo (RoleInfo.java:updateAndGet(143)) - 9c2d914d-67b1-4af9-8080-4d6ee007b506: start FollowerState
2019-10-19 01:14:26,302 [Thread-6745] INFO  impl.FollowerState (FollowerState.java:run(108)) - 9c2d914d-67b1-4af9-8080-4d6ee007b506@group-20FCFA0487C4-FollowerState: change to CANDIDATE, lastRpcTime:28ms, electionTimeout:28ms
2019-10-19 01:14:26,302 [Thread-6745] INFO  impl.RoleInfo (RoleInfo.java:shutdownFollowerState(121)) - 9c2d914d-67b1-4af9-8080-4d6ee007b506: shutdown FollowerState
2019-10-19 01:14:26,302 [Thread-6745] INFO  impl.RaftServerImpl (RaftServerImpl.java:setRole(184)) - 9c2d914d-67b1-4af9-8080-4d6ee007b506@group-20FCFA0487C4: changes role from  FOLLOWER to CANDIDATE at term 35 for changeToCandidate
2019-10-19 01:14:26,302 [Thread-6745] INFO  impl.RoleInfo (RoleInfo.java:updateAndGet(143)) - 9c2d914d-67b1-4af9-8080-4d6ee007b506: start LeaderElection
2019-10-19 01:14:26,333 [9c2d914d-67b1-4af9-8080-4d6ee007b506@group-20FCFA0487C4-LeaderElection682] INFO  impl.LeaderElection (LeaderElection.java:askForVotes(178)) - 9c2d914d-67b1-4af9-8080-4d6ee007b506@group-20FCFA0487C4-LeaderElection682: begin an election at term 36 for -1: [88be3607-7667-471c-9070-7dfd13eb5ac8:192.168.69.71:32925, 9c2d914d-67b1-4af9-8080-4d6ee007b506:192.168.69.71:35462, 61d0b7dc-5f8b-422f-8693-c58167224d24:192.168.69.71:43479], old=null
2019-10-19 01:14:26,334 [grpc-default-executor-3] INFO  impl.RaftServerImpl (RaftServerImpl.java:setRole(184)) - 61d0b7dc-5f8b-422f-8693-c58167224d24@group-20FCFA0487C4: changes role from  FOLLOWER to FOLLOWER at term 36 for recognizeCandidate:9c2d914d-67b1-4af9-8080-4d6ee007b506
2019-10-19 01:14:26,335 [grpc-default-executor-3] INFO  impl.RoleInfo (RoleInfo.java:shutdownFollowerState(121)) - 61d0b7dc-5f8b-422f-8693-c58167224d24: shutdown FollowerState
2019-10-19 01:14:26,334 [grpc-default-executor-5] INFO  impl.RaftServerImpl (RaftServerImpl.java:setRole(184)) - 88be3607-7667-471c-9070-7dfd13eb5ac8@group-20FCFA0487C4: changes role from  FOLLOWER to FOLLOWER at term 36 for recognizeCandidate:9c2d914d-67b1-4af9-8080-4d6ee007b506
2019-10-19 01:14:26,335 [grpc-default-executor-5] INFO  impl.RoleInfo (RoleInfo.java:shutdownFollowerState(121)) - 88be3607-7667-471c-9070-7dfd13eb5ac8: shutdown FollowerState
2019-10-19 01:14:26,335 [Thread-6744] INFO  impl.FollowerState (FollowerState.java:run(117)) - 61d0b7dc-5f8b-422f-8693-c58167224d24@group-20FCFA0487C4-FollowerState was interrupted: java.lang.InterruptedException: sleep interrupted
2019-10-19 01:14:26,335 [Thread-6743] INFO  impl.FollowerState (FollowerState.java:run(117)) - 88be3607-7667-471c-9070-7dfd13eb5ac8@group-20FCFA0487C4-FollowerState was interrupted: java.lang.InterruptedException: sleep interrupted
2019-10-19 01:14:26,335 [grpc-default-executor-3] INFO  impl.RoleInfo (RoleInfo.java:updateAndGet(143)) - 61d0b7dc-5f8b-422f-8693-c58167224d24: start FollowerState
2019-10-19 01:14:26,335 [grpc-default-executor-5] INFO  impl.RoleInfo (RoleInfo.java:updateAndGet(143)) - 88be3607-7667-471c-9070-7dfd13eb5ac8: start FollowerState
2019-10-19 01:14:26,347 [9c2d914d-67b1-4af9-8080-4d6ee007b506@group-20FCFA0487C4-LeaderElection682] INFO  impl.LeaderElection (LeaderElection.java:logAndReturn(56)) - 9c2d914d-67b1-4af9-8080-4d6ee007b506@group-20FCFA0487C4-LeaderElection682: Election REJECTED; received 2 response(s) [9c2d914d-67b1-4af9-8080-4d6ee007b506<-88be3607-7667-471c-9070-7dfd13eb5ac8#0:FAIL-t36, 9c2d914d-67b1-4af9-8080-4d6ee007b506<-61d0b7dc-5f8b-422f-8693-c58167224d24#0:FAIL-t36] and 0 exception(s); 9c2d914d-67b1-4af9-8080-4d6ee007b506@group-20FCFA0487C4:t36, leader=null, voted=9c2d914d-67b1-4af9-8080-4d6ee007b506, raftlog=9c2d914d-67b1-4af9-8080-4d6ee007b506@group-20FCFA0487C4-SegmentedRaftLog:OPENED:c-1,f-1,i0, conf=-1: [88be3607-7667-471c-9070-7dfd13eb5ac8:192.168.69.71:32925, 9c2d914d-67b1-4af9-8080-4d6ee007b506:192.168.69.71:35462, 61d0b7dc-5f8b-422f-8693-c58167224d24:192.168.69.71:43479], old=null
2019-10-19 01:14:26,347 [9c2d914d-67b1-4af9-8080-4d6ee007b506@group-20FCFA0487C4-LeaderElection682] INFO  impl.RaftServerImpl (RaftServerImpl.java:setRole(184)) - 9c2d914d-67b1-4af9-8080-4d6ee007b506@group-20FCFA0487C4: changes role from CANDIDATE to FOLLOWER at term 36 for DISCOVERED_A_NEW_TERM
2019-10-19 01:14:26,347 [9c2d914d-67b1-4af9-8080-4d6ee007b506@group-20FCFA0487C4-LeaderElection682] INFO  impl.RoleInfo (RoleInfo.java:shutdownLeaderElection(134)) - 9c2d914d-67b1-4af9-8080-4d6ee007b506: shutdown LeaderElection
2019-10-19 01:14:26,347 [9c2d914d-67b1-4af9-8080-4d6ee007b506@group-20FCFA0487C4-LeaderElection682] INFO  impl.RoleInfo (RoleInfo.java:updateAndGet(143)) - 9c2d914d-67b1-4af9-8080-4d6ee007b506: start FollowerState
2019-10-19 01:14:26,373 [Thread-6751] INFO  impl.FollowerState (FollowerState.java:run(108)) - 9c2d914d-67b1-4af9-8080-4d6ee007b506@group-20FCFA0487C4-FollowerState: change to CANDIDATE, lastRpcTime:25ms, electionTimeout:25ms
2019-10-19 01:14:26,373 [Thread-6751] INFO  impl.RoleInfo (RoleInfo.java:shutdownFollowerState(121)) - 9c2d914d-67b1-4af9-8080-4d6ee007b506: shutdown FollowerState
2019-10-19 01:14:26,373 [Thread-6751] INFO  impl.RaftServerImpl (RaftServerImpl.java:setRole(184)) - 9c2d914d-67b1-4af9-8080-4d6ee007b506@group-20FCFA0487C4: changes role from  FOLLOWER to CANDIDATE at term 36 for changeToCandidate
2019-10-19 01:14:26,373 [Thread-6751] INFO  impl.RoleInfo (RoleInfo.java:updateAndGet(143)) - 9c2d914d-67b1-4af9-8080-4d6ee007b506: start LeaderElection
2019-10-19 01:14:26,389 [9c2d914d-67b1-4af9-8080-4d6ee007b506@group-20FCFA0487C4-LeaderElection683] INFO  impl.LeaderElection (LeaderElection.java:askForVotes(178)) - 9c2d914d-67b1-4af9-8080-4d6ee007b506@group-20FCFA0487C4-LeaderElection683: begin an election at term 37 for -1: [88be3607-7667-471c-9070-7dfd13eb5ac8:192.168.69.71:32925, 9c2d914d-67b1-4af9-8080-4d6ee007b506:192.168.69.71:35462, 61d0b7dc-5f8b-422f-8693-c58167224d24:192.168.69.71:43479], old=null
2019-10-19 01:14:26,390 [grpc-default-executor-3] INFO  impl.RaftServerImpl (RaftServerImpl.java:setRole(184)) - 88be3607-7667-471c-9070-7dfd13eb5ac8@group-20FCFA0487C4: changes role from  FOLLOWER to FOLLOWER at term 37 for recognizeCandidate:9c2d914d-67b1-4af9-8080-4d6ee007b506
2019-10-19 01:14:26,390 [grpc-default-executor-5] INFO  impl.RaftServerImpl (RaftServerImpl.java:setRole(184)) - 61d0b7dc-5f8b-422f-8693-c58167224d24@group-20FCFA0487C4: changes role from  FOLLOWER to FOLLOWER at term 37 for recognizeCandidate:9c2d914d-67b1-4af9-8080-4d6ee007b506
2019-10-19 01:14:26,390 [grpc-default-executor-3] INFO  impl.RoleInfo (RoleInfo.java:shutdownFollowerState(121)) - 88be3607-7667-471c-9070-7dfd13eb5ac8: shutdown FollowerState
2019-10-19 01:14:26,391 [grpc-default-executor-5] INFO  impl.RoleInfo (RoleInfo.java:shutdownFollowerState(121)) - 61d0b7dc-5f8b-422f-8693-c58167224d24: shutdown FollowerState
2019-10-19 01:14:26,391 [Thread-6750] INFO  impl.FollowerState (FollowerState.java:run(117)) - 88be3607-7667-471c-9070-7dfd13eb5ac8@group-20FCFA0487C4-FollowerState was interrupted: java.lang.InterruptedException: sleep interrupted
2019-10-19 01:14:26,391 [grpc-default-executor-3] INFO  impl.RoleInfo (RoleInfo.java:updateAndGet(143)) - 88be3607-7667-471c-9070-7dfd13eb5ac8: start FollowerState
2019-10-19 01:14:26,391 [Thread-6749] INFO  impl.FollowerState (FollowerState.java:run(117)) - 61d0b7dc-5f8b-422f-8693-c58167224d24@group-20FCFA0487C4-FollowerState was interrupted: java.lang.InterruptedException: sleep interrupted
2019-10-19 01:14:26,391 [grpc-default-executor-5] INFO  impl.RoleInfo (RoleInfo.java:updateAndGet(143)) - 61d0b7dc-5f8b-422f-8693-c58167224d24: start FollowerState
2019-10-19 01:14:26,404 [9c2d914d-67b1-4af9-8080-4d6ee007b506@group-20FCFA0487C4-LeaderElection683] INFO  impl.LeaderElection (LeaderElection.java:logAndReturn(56)) - 9c2d914d-67b1-4af9-8080-4d6ee007b506@group-20FCFA0487C4-LeaderElection683: Election REJECTED; received 2 response(s) [9c2d914d-67b1-4af9-8080-4d6ee007b506<-88be3607-7667-471c-9070-7dfd13eb5ac8#0:FAIL-t37, 9c2d914d-67b1-4af9-8080-4d6ee007b506<-61d0b7dc-5f8b-422f-8693-c58167224d24#0:FAIL-t37] and 0 exception(s); 9c2d914d-67b1-4af9-8080-4d6ee007b506@group-20FCFA0487C4:t37, leader=null, voted=9c2d914d-67b1-4af9-8080-4d6ee007b506, raftlog=9c2d914d-67b1-4af9-8080-4d6ee007b506@group-20FCFA0487C4-SegmentedRaftLog:OPENED:c-1,f-1,i0, conf=-1: [88be3607-7667-471c-9070-7dfd13eb5ac8:192.168.69.71:32925, 9c2d914d-67b1-4af9-8080-4d6ee007b506:192.168.69.71:35462, 61d0b7dc-5f8b-422f-8693-c58167224d24:192.168.69.71:43479], old=null
2019-10-19 01:14:26,404 [9c2d914d-67b1-4af9-8080-4d6ee007b506@group-20FCFA0487C4-LeaderElection683] INFO  impl.RaftServerImpl (RaftServerImpl.java:setRole(184)) - 9c2d914d-67b1-4af9-8080-4d6ee007b506@group-20FCFA0487C4: changes role from CANDIDATE to FOLLOWER at term 37 for DISCOVERED_A_NEW_TERM
2019-10-19 01:14:26,404 [9c2d914d-67b1-4af9-8080-4d6ee007b506@group-20FCFA0487C4-LeaderElection683] INFO  impl.RoleInfo (RoleInfo.java:shutdownLeaderElection(134)) - 9c2d914d-67b1-4af9-8080-4d6ee007b506: shutdown LeaderElection
2019-10-19 01:14:26,404 [9c2d914d-67b1-4af9-8080-4d6ee007b506@group-20FCFA0487C4-LeaderElection683] INFO  impl.RoleInfo (RoleInfo.java:updateAndGet(143)) - 9c2d914d-67b1-4af9-8080-4d6ee007b506: start FollowerState
2019-10-19 01:14:26,406 [Thread-6757] INFO  impl.FollowerState (FollowerState.java:run(108)) - 9c2d914d-67b1-4af9-8080-4d6ee007b506@group-20FCFA0487C4-FollowerState: change to CANDIDATE, lastRpcTime:1ms, electionTimeout:1ms
2019-10-19 01:14:26,406 [Thread-6757] INFO  impl.RoleInfo (RoleInfo.java:shutdownFollowerState(121)) - 9c2d914d-67b1-4af9-8080-4d6ee007b506: shutdown FollowerState
2019-10-19 01:14:26,406 [Thread-6757] INFO  impl.RaftServerImpl (RaftServerImpl.java:setRole(184)) - 9c2d914d-67b1-4af9-8080-4d6ee007b506@group-20FCFA0487C4: changes role from  FOLLOWER to CANDIDATE at term 37 for changeToCandidate
2019-10-19 01:14:26,406 [Thread-6757] INFO  impl.RoleInfo (RoleInfo.java:updateAndGet(143)) - 9c2d914d-67b1-4af9-8080-4d6ee007b506: start LeaderElection
2019-10-19 01:14:26,415 [9c2d914d-67b1-4af9-8080-4d6ee007b506@group-20FCFA0487C4-LeaderElection684] INFO  impl.LeaderElection (LeaderElection.java:askForVotes(178)) - 9c2d914d-67b1-4af9-8080-4d6ee007b506@group-20FCFA0487C4-LeaderElection684: begin an election at term 38 for -1: [88be3607-7667-471c-9070-7dfd13eb5ac8:192.168.69.71:32925, 9c2d914d-67b1-4af9-8080-4d6ee007b506:192.168.69.71:35462, 61d0b7dc-5f8b-422f-8693-c58167224d24:192.168.69.71:43479], old=null
2019-10-19 01:14:26,416 [grpc-default-executor-5] INFO  impl.RaftServerImpl (RaftServerImpl.java:setRole(184)) - 88be3607-7667-471c-9070-7dfd13eb5ac8@group-20FCFA0487C4: changes role from  FOLLOWER to FOLLOWER at term 38 for recognizeCandidate:9c2d914d-67b1-4af9-8080-4d6ee007b506
2019-10-19 01:14:26,416 [grpc-default-executor-3] INFO  impl.RaftServerImpl (RaftServerImpl.java:setRole(184)) - 61d0b7dc-5f8b-422f-8693-c58167224d24@group-20FCFA0487C4: changes role from  FOLLOWER to FOLLOWER at term 38 for recognizeCandidate:9c2d914d-67b1-4af9-8080-4d6ee007b506
2019-10-19 01:14:26,416 [grpc-default-executor-5] INFO  impl.RoleInfo (RoleInfo.java:shutdownFollowerState(121)) - 88be3607-7667-471c-9070-7dfd13eb5ac8: shutdown FollowerState
2019-10-19 01:14:26,416 [grpc-default-executor-3] INFO  impl.RoleInfo (RoleInfo.java:shutdownFollowerState(121)) - 61d0b7dc-5f8b-422f-8693-c58167224d24: shutdown FollowerState
2019-10-19 01:14:26,416 [Thread-6755] INFO  impl.FollowerState (FollowerState.java:run(117)) - 88be3607-7667-471c-9070-7dfd13eb5ac8@group-20FCFA0487C4-FollowerState was interrupted: java.lang.InterruptedException: sleep interrupted
2019-10-19 01:14:26,416 [grpc-default-executor-5] INFO  impl.RoleInfo (RoleInfo.java:updateAndGet(143)) - 88be3607-7667-471c-9070-7dfd13eb5ac8: start FollowerState
2019-10-19 01:14:26,416 [Thread-6756] INFO  impl.FollowerState (FollowerState.java:run(117)) - 61d0b7dc-5f8b-422f-8693-c58167224d24@group-20FCFA0487C4-FollowerState was interrupted: java.lang.InterruptedException: sleep interrupted
2019-10-19 01:14:26,416 [grpc-default-executor-3] INFO  impl.RoleInfo (RoleInfo.java:updateAndGet(143)) - 61d0b7dc-5f8b-422f-8693-c58167224d24: start FollowerState
2019-10-19 01:14:26,432 [9c2d914d-67b1-4af9-8080-4d6ee007b506@group-20FCFA0487C4-LeaderElection684] INFO  impl.LeaderElection (LeaderElection.java:logAndReturn(56)) - 9c2d914d-67b1-4af9-8080-4d6ee007b506@group-20FCFA0487C4-LeaderElection684: Election REJECTED; received 2 response(s) [9c2d914d-67b1-4af9-8080-4d6ee007b506<-88be3607-7667-471c-9070-7dfd13eb5ac8#0:FAIL-t38, 9c2d914d-67b1-4af9-8080-4d6ee007b506<-61d0b7dc-5f8b-422f-8693-c58167224d24#0:FAIL-t38] and 0 exception(s); 9c2d914d-67b1-4af9-8080-4d6ee007b506@group-20FCFA0487C4:t38, leader=null, voted=9c2d914d-67b1-4af9-8080-4d6ee007b506, raftlog=9c2d914d-67b1-4af9-8080-4d6ee007b506@group-20FCFA0487C4-SegmentedRaftLog:OPENED:c-1,f-1,i0, conf=-1: [88be3607-7667-471c-9070-7dfd13eb5ac8:192.168.69.71:32925, 9c2d914d-67b1-4af9-8080-4d6ee007b506:192.168.69.71:35462, 61d0b7dc-5f8b-422f-8693-c58167224d24:192.168.69.71:43479], old=null
2019-10-19 01:14:26,432 [9c2d914d-67b1-4af9-8080-4d6ee007b506@group-20FCFA0487C4-LeaderElection684] INFO  impl.RaftServerImpl (RaftServerImpl.java:setRole(184)) - 9c2d914d-67b1-4af9-8080-4d6ee007b506@group-20FCFA0487C4: changes role from CANDIDATE to FOLLOWER at term 38 for DISCOVERED_A_NEW_TERM
2019-10-19 01:14:26,432 [9c2d914d-67b1-4af9-8080-4d6ee007b506@group-20FCFA0487C4-LeaderElection684] INFO  impl.RoleInfo (RoleInfo.java:shutdownLeaderElection(134)) - 9c2d914d-67b1-4af9-8080-4d6ee007b506: shutdown LeaderElection
2019-10-19 01:14:26,432 [9c2d914d-67b1-4af9-8080-4d6ee007b506@group-20FCFA0487C4-LeaderElection684] INFO  impl.RoleInfo (RoleInfo.java:updateAndGet(143)) - 9c2d914d-67b1-4af9-8080-4d6ee007b506: start FollowerState
2019-10-19 01:14:26,448 [Thread-6742] INFO  impl.FollowerState (FollowerState.java:run(108)) - f143d5cf-4038-4fa8-8601-f5a45f16ca3e@group-A3037D40E172-FollowerState: change to CANDIDATE, lastRpcTime:191ms, electionTimeout:191ms
2019-10-19 01:14:26,449 [Thread-6742] INFO  impl.RoleInfo (RoleInfo.java:shutdownFollowerState(121)) - f143d5cf-4038-4fa8-8601-f5a45f16ca3e: shutdown FollowerState
2019-10-19 01:14:26,449 [Thread-6742] INFO  impl.RaftServerImpl (RaftServerImpl.java:setRole(184)) - f143d5cf-4038-4fa8-8601-f5a45f16ca3e@group-A3037D40E172: changes role from  FOLLOWER to CANDIDATE at term 33 for changeToCandidate
2019-10-19 01:14:26,449 [Thread-6742] INFO  impl.RoleInfo (RoleInfo.java:updateAndGet(143)) - f143d5cf-4038-4fa8-8601-f5a45f16ca3e: start LeaderElection
2019-10-19 01:14:26,455 [f143d5cf-4038-4fa8-8601-f5a45f16ca3e@group-A3037D40E172-LeaderElection685] INFO  impl.LeaderElection (LeaderElection.java:askForVotes(178)) - f143d5cf-4038-4fa8-8601-f5a45f16ca3e@group-A3037D40E172-LeaderElection685: begin an election at term 34 for -1: [f143d5cf-4038-4fa8-8601-f5a45f16ca3e:192.168.69.71:40169, 2543ffea-c5c6-4af0-856f-eb846bad755a:192.168.69.71:45287, 61d14648-e80d-4cd8-9e7c-6deb2f21aca8:192.168.69.71:42247], old=null
2019-10-19 01:14:26,456 [grpc-default-executor-5] INFO  impl.RaftServerImpl (RaftServerImpl.java:setRole(184)) - 2543ffea-c5c6-4af0-856f-eb846bad755a@group-A3037D40E172: changes role from  FOLLOWER to FOLLOWER at term 34 for recognizeCandidate:f143d5cf-4038-4fa8-8601-f5a45f16ca3e
2019-10-19 01:14:26,456 [grpc-default-executor-5] INFO  impl.RoleInfo (RoleInfo.java:shutdownFollowerState(121)) - 2543ffea-c5c6-4af0-856f-eb846bad755a: shutdown FollowerState
2019-10-19 01:14:26,456 [grpc-default-executor-5] INFO  impl.RoleInfo (RoleInfo.java:updateAndGet(143)) - 2543ffea-c5c6-4af0-856f-eb846bad755a: start FollowerState
2019-10-19 01:14:26,456 [grpc-default-executor-3] INFO  impl.RaftServerImpl (RaftServerImpl.java:setRole(184)) - 61d14648-e80d-4cd8-9e7c-6deb2f21aca8@group-A3037D40E172: changes role from  FOLLOWER to FOLLOWER at term 34 for recognizeCandidate:f143d5cf-4038-4fa8-8601-f5a45f16ca3e
2019-10-19 01:14:26,456 [grpc-default-executor-3] INFO  impl.RoleInfo (RoleInfo.java:shutdownFollowerState(121)) - 61d14648-e80d-4cd8-9e7c-6deb2f21aca8: shutdown FollowerState
2019-10-19 01:14:26,456 [Thread-6737] INFO  impl.FollowerState (FollowerState.java:run(117)) - 2543ffea-c5c6-4af0-856f-eb846bad755a@group-A3037D40E172-FollowerState was interrupted: java.lang.InterruptedException: sleep interrupted
2019-10-19 01:14:26,457 [Thread-6738] INFO  impl.FollowerState (FollowerState.java:run(117)) - 61d14648-e80d-4cd8-9e7c-6deb2f21aca8@group-A3037D40E172-FollowerState was interrupted: java.lang.InterruptedException: sleep interrupted
2019-10-19 01:14:26,456 [grpc-default-executor-3] INFO  impl.RoleInfo (RoleInfo.java:updateAndGet(143)) - 61d14648-e80d-4cd8-9e7c-6deb2f21aca8: start FollowerState
2019-10-19 01:14:26,465 [f143d5cf-4038-4fa8-8601-f5a45f16ca3e@group-A3037D40E172-LeaderElection685] INFO  impl.LeaderElection (LeaderElection.java:logAndReturn(56)) - f143d5cf-4038-4fa8-8601-f5a45f16ca3e@group-A3037D40E172-LeaderElection685: Election REJECTED; received 2 response(s) [f143d5cf-4038-4fa8-8601-f5a45f16ca3e<-2543ffea-c5c6-4af0-856f-eb846bad755a#0:FAIL-t34, f143d5cf-4038-4fa8-8601-f5a45f16ca3e<-61d14648-e80d-4cd8-9e7c-6deb2f21aca8#0:FAIL-t34] and 0 exception(s); f143d5cf-4038-4fa8-8601-f5a45f16ca3e@group-A3037D40E172:t34, leader=null, voted=f143d5cf-4038-4fa8-8601-f5a45f16ca3e, raftlog=f143d5cf-4038-4fa8-8601-f5a45f16ca3e@group-A3037D40E172-SegmentedRaftLog:OPENED:c-1,f-1,i0, conf=-1: [f143d5cf-4038-4fa8-8601-f5a45f16ca3e:192.168.69.71:40169, 2543ffea-c5c6-4af0-856f-eb846bad755a:192.168.69.71:45287, 61d14648-e80d-4cd8-9e7c-6deb2f21aca8:192.168.69.71:42247], old=null
2019-10-19 01:14:26,466 [f143d5cf-4038-4fa8-8601-f5a45f16ca3e@group-A3037D40E172-LeaderElection685] INFO  impl.RaftServerImpl (RaftServerImpl.java:setRole(184)) - f143d5cf-4038-4fa8-8601-f5a45f16ca3e@group-A3037D40E172: changes role from CANDIDATE to FOLLOWER at term 34 for DISCOVERED_A_NEW_TERM
2019-10-19 01:14:26,466 [f143d5cf-4038-4fa8-8601-f5a45f16ca3e@group-A3037D40E172-LeaderElection685] INFO  impl.RoleInfo (RoleInfo.java:shutdownLeaderElection(134)) - f143d5cf-4038-4fa8-8601-f5a45f16ca3e: shutdown LeaderElection
2019-10-19 01:14:26,466 [f143d5cf-4038-4fa8-8601-f5a45f16ca3e@group-A3037D40E172-LeaderElection685] INFO  impl.RoleInfo (RoleInfo.java:updateAndGet(143)) - f143d5cf-4038-4fa8-8601-f5a45f16ca3e: start FollowerState
2019-10-19 01:14:26,478 [Thread-6769] INFO  impl.FollowerState (FollowerState.java:run(108)) - f143d5cf-4038-4fa8-8601-f5a45f16ca3e@group-A3037D40E172-FollowerState: change to CANDIDATE, lastRpcTime:12ms, electionTimeout:11ms
2019-10-19 01:14:26,478 [Thread-6769] INFO  impl.RoleInfo (RoleInfo.java:shutdownFollowerState(121)) - f143d5cf-4038-4fa8-8601-f5a45f16ca3e: shutdown FollowerState
2019-10-19 01:14:26,478 [Thread-6769] INFO  impl.RaftServerImpl (RaftServerImpl.java:setRole(184)) - f143d5cf-4038-4fa8-8601-f5a45f16ca3e@group-A3037D40E172: changes role from  FOLLOWER to CANDIDATE at term 34 for changeToCandidate
2019-10-19 01:14:26,478 [Thread-6769] INFO  impl.RoleInfo (RoleInfo.java:updateAndGet(143)) - f143d5cf-4038-4fa8-8601-f5a45f16ca3e: start LeaderElection
2019-10-19 01:14:26,484 [f143d5cf-4038-4fa8-8601-f5a45f16ca3e@group-A3037D40E172-LeaderElection686] INFO  impl.LeaderElection (LeaderElection.java:askForVotes(178)) - f143d5cf-4038-4fa8-8601-f5a45f16ca3e@group-A3037D40E172-LeaderElection686: begin an election at term 35 for -1: [f143d5cf-4038-4fa8-8601-f5a45f16ca3e:192.168.69.71:40169, 2543ffea-c5c6-4af0-856f-eb846bad755a:192.168.69.71:45287, 61d14648-e80d-4cd8-9e7c-6deb2f21aca8:192.168.69.71:42247], old=null
2019-10-19 01:14:26,485 [grpc-default-executor-5] INFO  impl.RaftServerImpl (RaftServerImpl.java:setRole(184)) - 61d14648-e80d-4cd8-9e7c-6deb2f21aca8@group-A3037D40E172: changes role from  FOLLOWER to FOLLOWER at term 35 for recognizeCandidate:f143d5cf-4038-4fa8-8601-f5a45f16ca3e
2019-10-19 01:14:26,485 [grpc-default-executor-3] INFO  impl.RaftServerImpl (RaftServerImpl.java:setRole(184)) - 2543ffea-c5c6-4af0-856f-eb846bad755a@group-A3037D40E172: changes role from  FOLLOWER to FOLLOWER at term 35 for recognizeCandidate:f143d5cf-4038-4fa8-8601-f5a45f16ca3e
2019-10-19 01:14:26,486 [grpc-default-executor-5] INFO  impl.RoleInfo (RoleInfo.java:shutdownFollowerState(121)) - 61d14648-e80d-4cd8-9e7c-6deb2f21aca8: shutdown FollowerState
2019-10-19 01:14:26,486 [grpc-default-executor-3] INFO  impl.RoleInfo (RoleInfo.java:shutdownFollowerState(121)) - 2543ffea-c5c6-4af0-856f-eb846bad755a: shutdown FollowerState
2019-10-19 01:14:26,486 [Thread-6768] INFO  impl.FollowerState (FollowerState.java:run(117)) - 61d14648-e80d-4cd8-9e7c-6deb2f21aca8@group-A3037D40E172-FollowerState was interrupted: java.lang.InterruptedException: sleep interrupted
2019-10-19 01:14:26,486 [grpc-default-executor-5] INFO  impl.RoleInfo (RoleInfo.java:updateAndGet(143)) - 61d14648-e80d-4cd8-9e7c-6deb2f21aca8: start FollowerState
2019-10-19 01:14:26,486 [Thread-6767] INFO  impl.FollowerState (FollowerState.java:run(117)) - 2543ffea-c5c6-4af0-856f-eb846bad755a@group-A3037D40E172-FollowerState was interrupted: java.lang.InterruptedException: sleep interrupted
2019-10-19 01:14:26,486 [grpc-default-executor-3] INFO  impl.RoleInfo (RoleInfo.java:updateAndGet(143)) - 2543ffea-c5c6-4af0-856f-eb846bad755a: start FollowerState
2019-10-19 01:14:26,494 [f143d5cf-4038-4fa8-8601-f5a45f16ca3e@group-A3037D40E172-LeaderElection686] INFO  impl.LeaderElection (LeaderElection.java:logAndReturn(56)) - f143d5cf-4038-4fa8-8601-f5a45f16ca3e@group-A3037D40E172-LeaderElection686: Election REJECTED; received 2 response(s) [f143d5cf-4038-4fa8-8601-f5a45f16ca3e<-2543ffea-c5c6-4af0-856f-eb846bad755a#0:FAIL-t35, f143d5cf-4038-4fa8-8601-f5a45f16ca3e<-61d14648-e80d-4cd8-9e7c-6deb2f21aca8#0:FAIL-t35] and 0 exception(s); f143d5cf-4038-4fa8-8601-f5a45f16ca3e@group-A3037D40E172:t35, leader=null, voted=f143d5cf-4038-4fa8-8601-f5a45f16ca3e, raftlog=f143d5cf-4038-4fa8-8601-f5a45f16ca3e@group-A3037D40E172-SegmentedRaftLog:OPENED:c-1,f-1,i0, conf=-1: [f143d5cf-4038-4fa8-8601-f5a45f16ca3e:192.168.69.71:40169, 2543ffea-c5c6-4af0-856f-eb846bad755a:192.168.69.71:45287, 61d14648-e80d-4cd8-9e7c-6deb2f21aca8:192.168.69.71:42247], old=null
2019-10-19 01:14:26,494 [f143d5cf-4038-4fa8-8601-f5a45f16ca3e@group-A3037D40E172-LeaderElection686] INFO  impl.RaftServerImpl (RaftServerImpl.java:setRole(184)) - f143d5cf-4038-4fa8-8601-f5a45f16ca3e@group-A3037D40E172: changes role from CANDIDATE to FOLLOWER at term 35 for DISCOVERED_A_NEW_TERM
2019-10-19 01:14:26,495 [f143d5cf-4038-4fa8-8601-f5a45f16ca3e@group-A3037D40E172-LeaderElection686] INFO  impl.RoleInfo (RoleInfo.java:shutdownLeaderElection(134)) - f143d5cf-4038-4fa8-8601-f5a45f16ca3e: shutdown LeaderElection
2019-10-19 01:14:26,495 [f143d5cf-4038-4fa8-8601-f5a45f16ca3e@group-A3037D40E172-LeaderElection686] INFO  impl.RoleInfo (RoleInfo.java:updateAndGet(143)) - f143d5cf-4038-4fa8-8601-f5a45f16ca3e: start FollowerState
2019-10-19 01:14:26,560 [Thread-6775] INFO  impl.FollowerState (FollowerState.java:run(108)) - f143d5cf-4038-4fa8-8601-f5a45f16ca3e@group-A3037D40E172-FollowerState: change to CANDIDATE, lastRpcTime:65ms, electionTimeout:65ms
2019-10-19 01:14:26,560 [Thread-6775] INFO  impl.RoleInfo (RoleInfo.java:shutdownFollowerState(121)) - f143d5cf-4038-4fa8-8601-f5a45f16ca3e: shutdown FollowerState
2019-10-19 01:14:26,560 [Thread-6775] INFO  impl.RaftServerImpl (RaftServerImpl.java:setRole(184)) - f143d5cf-4038-4fa8-8601-f5a45f16ca3e@group-A3037D40E172: changes role from  FOLLOWER to CANDIDATE at term 35 for changeToCandidate
2019-10-19 01:14:26,560 [Thread-6775] INFO  impl.RoleInfo (RoleInfo.java:updateAndGet(143)) - f143d5cf-4038-4fa8-8601-f5a45f16ca3e: start LeaderElection
2019-10-19 01:14:26,574 [f143d5cf-4038-4fa8-8601-f5a45f16ca3e@group-A3037D40E172-LeaderElection687] INFO  impl.LeaderElection (LeaderElection.java:askForVotes(178)) - f143d5cf-4038-4fa8-8601-f5a45f16ca3e@group-A3037D40E172-LeaderElection687: begin an election at term 36 for -1: [f143d5cf-4038-4fa8-8601-f5a45f16ca3e:192.168.69.71:40169, 2543ffea-c5c6-4af0-856f-eb846bad755a:192.168.69.71:45287, 61d14648-e80d-4cd8-9e7c-6deb2f21aca8:192.168.69.71:42247], old=null
2019-10-19 01:14:26,579 [grpc-default-executor-5] INFO  impl.RaftServerImpl (RaftServerImpl.java:setRole(184)) - 61d14648-e80d-4cd8-9e7c-6deb2f21aca8@group-A3037D40E172: changes role from  FOLLOWER to FOLLOWER at term 36 for recognizeCandidate:f143d5cf-4038-4fa8-8601-f5a45f16ca3e
2019-10-19 01:14:26,579 [grpc-default-executor-5] INFO  impl.RoleInfo (RoleInfo.java:shutdownFollowerState(121)) - 61d14648-e80d-4cd8-9e7c-6deb2f21aca8: shutdown FollowerState
2019-10-19 01:14:26,579 [grpc-default-executor-3] INFO  impl.RaftServerImpl (RaftServerImpl.java:setRole(184)) - 2543ffea-c5c6-4af0-856f-eb846bad755a@group-A3037D40E172: changes role from  FOLLOWER to FOLLOWER at term 36 for recognizeCandidate:f143d5cf-4038-4fa8-8601-f5a45f16ca3e
2019-10-19 01:14:26,579 [grpc-default-executor-3] INFO  impl.RoleInfo (RoleInfo.java:shutdownFollowerState(121)) - 2543ffea-c5c6-4af0-856f-eb846bad755a: shutdown FollowerState
2019-10-19 01:14:26,579 [grpc-default-executor-3] INFO  impl.RoleInfo (RoleInfo.java:updateAndGet(143)) - 2543ffea-c5c6-4af0-856f-eb846bad755a: start FollowerState
2019-10-19 01:14:26,579 [Thread-6774] INFO  impl.FollowerState (FollowerState.java:run(117)) - 2543ffea-c5c6-4af0-856f-eb846bad755a@group-A3037D40E172-FollowerState was interrupted: java.lang.InterruptedException: sleep interrupted
2019-10-19 01:14:26,580 [Thread-6763] INFO  impl.FollowerState (FollowerState.java:run(108)) - 9c2d914d-67b1-4af9-8080-4d6ee007b506@group-20FCFA0487C4-FollowerState: change to CANDIDATE, lastRpcTime:147ms, electionTimeout:147ms
2019-10-19 01:14:26,580 [Thread-6773] INFO  impl.FollowerState (FollowerState.java:run(117)) - 61d14648-e80d-4cd8-9e7c-6deb2f21aca8@group-A3037D40E172-FollowerState was interrupted: java.lang.InterruptedException: sleep interrupted
2019-10-19 01:14:26,580 [grpc-default-executor-5] INFO  impl.RoleInfo (RoleInfo.java:updateAndGet(143)) - 61d14648-e80d-4cd8-9e7c-6deb2f21aca8: start FollowerState
2019-10-19 01:14:26,580 [Thread-6763] INFO  impl.RoleInfo (RoleInfo.java:shutdownFollowerState(121)) - 9c2d914d-67b1-4af9-8080-4d6ee007b506: shutdown FollowerState
2019-10-19 01:14:26,580 [Thread-6763] INFO  impl.RaftServerImpl (RaftServerImpl.java:setRole(184)) - 9c2d914d-67b1-4af9-8080-4d6ee007b506@group-20FCFA0487C4: changes role from  FOLLOWER to CANDIDATE at term 38 for changeToCandidate
2019-10-19 01:14:26,580 [Thread-6763] INFO  impl.RoleInfo (RoleInfo.java:updateAndGet(143)) - 9c2d914d-67b1-4af9-8080-4d6ee007b506: start LeaderElection
2019-10-19 01:14:26,593 [9c2d914d-67b1-4af9-8080-4d6ee007b506@group-20FCFA0487C4-LeaderElection688] INFO  impl.LeaderElection (LeaderElection.java:askForVotes(178)) - 9c2d914d-67b1-4af9-8080-4d6ee007b506@group-20FCFA0487C4-LeaderElection688: begin an election at term 39 for -1: [88be3607-7667-471c-9070-7dfd13eb5ac8:192.168.69.71:32925, 9c2d914d-67b1-4af9-8080-4d6ee007b506:192.168.69.71:35462, 61d0b7dc-5f8b-422f-8693-c58167224d24:192.168.69.71:43479], old=null
2019-10-19 01:14:26,594 [f143d5cf-4038-4fa8-8601-f5a45f16ca3e@group-A3037D40E172-LeaderElection687] INFO  impl.LeaderElection (LeaderElection.java:logAndReturn(56)) - f143d5cf-4038-4fa8-8601-f5a45f16ca3e@group-A3037D40E172-LeaderElection687: Election REJECTED; received 2 response(s) [f143d5cf-4038-4fa8-8601-f5a45f16ca3e<-2543ffea-c5c6-4af0-856f-eb846bad755a#0:FAIL-t36, f143d5cf-4038-4fa8-8601-f5a45f16ca3e<-61d14648-e80d-4cd8-9e7c-6deb2f21aca8#0:FAIL-t36] and 0 exception(s); f143d5cf-4038-4fa8-8601-f5a45f16ca3e@group-A3037D40E172:t36, leader=null, voted=f143d5cf-4038-4fa8-8601-f5a45f16ca3e, raftlog=f143d5cf-4038-4fa8-8601-f5a45f16ca3e@group-A3037D40E172-SegmentedRaftLog:OPENED:c-1,f-1,i0, conf=-1: [f143d5cf-4038-4fa8-8601-f5a45f16ca3e:192.168.69.71:40169, 2543ffea-c5c6-4af0-856f-eb846bad755a:192.168.69.71:45287, 61d14648-e80d-4cd8-9e7c-6deb2f21aca8:192.168.69.71:42247], old=null
2019-10-19 01:14:26,594 [f143d5cf-4038-4fa8-8601-f5a45f16ca3e@group-A3037D40E172-LeaderElection687] INFO  impl.RaftServerImpl (RaftServerImpl.java:setRole(184)) - f143d5cf-4038-4fa8-8601-f5a45f16ca3e@group-A3037D40E172: changes role from CANDIDATE to FOLLOWER at term 36 for DISCOVERED_A_NEW_TERM
2019-10-19 01:14:26,594 [f143d5cf-4038-4fa8-8601-f5a45f16ca3e@group-A3037D40E172-LeaderElection687] INFO  impl.RoleInfo (RoleInfo.java:shutdownLeaderElection(134)) - f143d5cf-4038-4fa8-8601-f5a45f16ca3e: shutdown LeaderElection
2019-10-19 01:14:26,594 [f143d5cf-4038-4fa8-8601-f5a45f16ca3e@group-A3037D40E172-LeaderElection687] INFO  impl.RoleInfo (RoleInfo.java:updateAndGet(143)) - f143d5cf-4038-4fa8-8601-f5a45f16ca3e: start FollowerState
2019-10-19 01:14:26,594 [grpc-default-executor-3] INFO  impl.RaftServerImpl (RaftServerImpl.java:setRole(184)) - 88be3607-7667-471c-9070-7dfd13eb5ac8@group-20FCFA0487C4: changes role from  FOLLOWER to FOLLOWER at term 39 for recognizeCandidate:9c2d914d-67b1-4af9-8080-4d6ee007b506
2019-10-19 01:14:26,594 [grpc-default-executor-3] INFO  impl.RoleInfo (RoleInfo.java:shutdownFollowerState(121)) - 88be3607-7667-471c-9070-7dfd13eb5ac8: shutdown FollowerState
2019-10-19 01:14:26,594 [grpc-default-executor-5] INFO  impl.RaftServerImpl (RaftServerImpl.java:setRole(184)) - 61d0b7dc-5f8b-422f-8693-c58167224d24@group-20FCFA0487C4: changes role from  FOLLOWER to FOLLOWER at term 39 for recognizeCandidate:9c2d914d-67b1-4af9-8080-4d6ee007b506
2019-10-19 01:14:26,594 [Thread-6761] INFO  impl.FollowerState (FollowerState.java:run(117)) - 88be3607-7667-471c-9070-7dfd13eb5ac8@group-20FCFA0487C4-FollowerState was interrupted: java.lang.InterruptedException: sleep interrupted
2019-10-19 01:14:26,594 [grpc-default-executor-3] INFO  impl.RoleInfo (RoleInfo.java:updateAndGet(143)) - 88be3607-7667-471c-9070-7dfd13eb5ac8: start FollowerState
2019-10-19 01:14:26,594 [grpc-default-executor-5] INFO  impl.RoleInfo (RoleInfo.java:shutdownFollowerState(121)) - 61d0b7dc-5f8b-422f-8693-c58167224d24: shutdown FollowerState
2019-10-19 01:14:26,595 [grpc-default-executor-5] INFO  impl.RoleInfo (RoleInfo.java:updateAndGet(143)) - 61d0b7dc-5f8b-422f-8693-c58167224d24: start FollowerState
2019-10-19 01:14:26,595 [Thread-6762] INFO  impl.FollowerState (FollowerState.java:run(117)) - 61d0b7dc-5f8b-422f-8693-c58167224d24@group-20FCFA0487C4-FollowerState was interrupted: java.lang.InterruptedException: sleep interrupted
2019-10-19 01:14:26,608 [9c2d914d-67b1-4af9-8080-4d6ee007b506@group-20FCFA0487C4-LeaderElection688] INFO  impl.LeaderElection (LeaderElection.java:logAndReturn(56)) - 9c2d914d-67b1-4af9-8080-4d6ee007b506@group-20FCFA0487C4-LeaderElection688: Election REJECTED; received 2 response(s) [9c2d914d-67b1-4af9-8080-4d6ee007b506<-88be3607-7667-471c-9070-7dfd13eb5ac8#0:FAIL-t39, 9c2d914d-67b1-4af9-8080-4d6ee007b506<-61d0b7dc-5f8b-422f-8693-c58167224d24#0:FAIL-t39] and 0 exception(s); 9c2d914d-67b1-4af9-8080-4d6ee007b506@group-20FCFA0487C4:t39, leader=null, voted=9c2d914d-67b1-4af9-8080-4d6ee007b506, raftlog=9c2d914d-67b1-4af9-8080-4d6ee007b506@group-20FCFA0487C4-SegmentedRaftLog:OPENED:c-1,f-1,i0, conf=-1: [88be3607-7667-471c-9070-7dfd13eb5ac8:192.168.69.71:32925, 9c2d914d-67b1-4af9-8080-4d6ee007b506:192.168.69.71:35462, 61d0b7dc-5f8b-422f-8693-c58167224d24:192.168.69.71:43479], old=null
2019-10-19 01:14:26,608 [9c2d914d-67b1-4af9-8080-4d6ee007b506@group-20FCFA0487C4-LeaderElection688] INFO  impl.RaftServerImpl (RaftServerImpl.java:setRole(184)) - 9c2d914d-67b1-4af9-8080-4d6ee007b506@group-20FCFA0487C4: changes role from CANDIDATE to FOLLOWER at term 39 for DISCOVERED_A_NEW_TERM
2019-10-19 01:14:26,608 [9c2d914d-67b1-4af9-8080-4d6ee007b506@group-20FCFA0487C4-LeaderElection688] INFO  impl.RoleInfo (RoleInfo.java:shutdownLeaderElection(134)) - 9c2d914d-67b1-4af9-8080-4d6ee007b506: shutdown LeaderElection
2019-10-19 01:14:26,609 [9c2d914d-67b1-4af9-8080-4d6ee007b506@group-20FCFA0487C4-LeaderElection688] INFO  impl.RoleInfo (RoleInfo.java:updateAndGet(143)) - 9c2d914d-67b1-4af9-8080-4d6ee007b506: start FollowerState
2019-10-19 01:14:26,773 [Thread-6784] INFO  impl.FollowerState (FollowerState.java:run(108)) - f143d5cf-4038-4fa8-8601-f5a45f16ca3e@group-A3037D40E172-FollowerState: change to CANDIDATE, lastRpcTime:179ms, electionTimeout:179ms
2019-10-19 01:14:26,773 [Thread-6784] INFO  impl.RoleInfo (RoleInfo.java:shutdownFollowerState(121)) - f143d5cf-4038-4fa8-8601-f5a45f16ca3e: shutdown FollowerState
2019-10-19 01:14:26,774 [Thread-6784] INFO  impl.RaftServerImpl (RaftServerImpl.java:setRole(184)) - f143d5cf-4038-4fa8-8601-f5a45f16ca3e@group-A3037D40E172: changes role from  FOLLOWER to CANDIDATE at term 36 for changeToCandidate
2019-10-19 01:14:26,774 [Thread-6784] INFO  impl.RoleInfo (RoleInfo.java:updateAndGet(143)) - f143d5cf-4038-4fa8-8601-f5a45f16ca3e: start LeaderElection
2019-10-19 01:14:26,784 [Thread-6789] INFO  impl.FollowerState (FollowerState.java:run(108)) - 9c2d914d-67b1-4af9-8080-4d6ee007b506@group-20FCFA0487C4-FollowerState: change to CANDIDATE, lastRpcTime:175ms, electionTimeout:175ms
2019-10-19 01:14:26,784 [Thread-6789] INFO  impl.RoleInfo (RoleInfo.java:shutdownFollowerState(121)) - 9c2d914d-67b1-4af9-8080-4d6ee007b506: shutdown FollowerState
2019-10-19 01:14:26,785 [Thread-6789] INFO  impl.RaftServerImpl (RaftServerImpl.java:setRole(184)) - 9c2d914d-67b1-4af9-8080-4d6ee007b506@group-20FCFA0487C4: changes role from  FOLLOWER to CANDIDATE at term 39 for changeToCandidate
2019-10-19 01:14:26,785 [Thread-6789] INFO  impl.RoleInfo (RoleInfo.java:updateAndGet(143)) - 9c2d914d-67b1-4af9-8080-4d6ee007b506: start LeaderElection
2019-10-19 01:14:26,788 [f143d5cf-4038-4fa8-8601-f5a45f16ca3e@group-A3037D40E172-LeaderElection689] INFO  impl.LeaderElection (LeaderElection.java:askForVotes(178)) - f143d5cf-4038-4fa8-8601-f5a45f16ca3e@group-A3037D40E172-LeaderElection689: begin an election at term 37 for -1: [f143d5cf-4038-4fa8-8601-f5a45f16ca3e:192.168.69.71:40169, 2543ffea-c5c6-4af0-856f-eb846bad755a:192.168.69.71:45287, 61d14648-e80d-4cd8-9e7c-6deb2f21aca8:192.168.69.71:42247], old=null
2019-10-19 01:14:26,788 [9c2d914d-67b1-4af9-8080-4d6ee007b506@group-20FCFA0487C4-LeaderElection690] INFO  impl.LeaderElection (LeaderElection.java:askForVotes(178)) - 9c2d914d-67b1-4af9-8080-4d6ee007b506@group-20FCFA0487C4-LeaderElection690: begin an election at term 40 for -1: [88be3607-7667-471c-9070-7dfd13eb5ac8:192.168.69.71:32925, 9c2d914d-67b1-4af9-8080-4d6ee007b506:192.168.69.71:35462, 61d0b7dc-5f8b-422f-8693-c58167224d24:192.168.69.71:43479], old=null
2019-10-19 01:14:26,789 [grpc-default-executor-3] INFO  impl.RaftServerImpl (RaftServerImpl.java:setRole(184)) - 2543ffea-c5c6-4af0-856f-eb846bad755a@group-A3037D40E172: changes role from  FOLLOWER to FOLLOWER at term 37 for recognizeCandidate:f143d5cf-4038-4fa8-8601-f5a45f16ca3e
2019-10-19 01:14:26,789 [grpc-default-executor-3] INFO  impl.RoleInfo (RoleInfo.java:shutdownFollowerState(121)) - 2543ffea-c5c6-4af0-856f-eb846bad755a: shutdown FollowerState
2019-10-19 01:14:26,789 [grpc-default-executor-10] INFO  impl.RaftServerImpl (RaftServerImpl.java:setRole(184)) - 61d0b7dc-5f8b-422f-8693-c58167224d24@group-20FCFA0487C4: changes role from  FOLLOWER to FOLLOWER at term 40 for recognizeCandidate:9c2d914d-67b1-4af9-8080-4d6ee007b506
2019-10-19 01:14:26,790 [grpc-default-executor-10] INFO  impl.RoleInfo (RoleInfo.java:shutdownFollowerState(121)) - 61d0b7dc-5f8b-422f-8693-c58167224d24: shutdown FollowerState
2019-10-19 01:14:26,790 [Thread-6779] INFO  impl.FollowerState (FollowerState.java:run(117)) - 2543ffea-c5c6-4af0-856f-eb846bad755a@group-A3037D40E172-FollowerState was interrupted: java.lang.InterruptedException: sleep interrupted
2019-10-19 01:14:26,790 [Thread-6786] INFO  impl.FollowerState (FollowerState.java:run(117)) - 61d0b7dc-5f8b-422f-8693-c58167224d24@group-20FCFA0487C4-FollowerState was interrupted: java.lang.InterruptedException: sleep interrupted
2019-10-19 01:14:26,790 [grpc-default-executor-3] INFO  impl.RoleInfo (RoleInfo.java:updateAndGet(143)) - 2543ffea-c5c6-4af0-856f-eb846bad755a: start FollowerState
2019-10-19 01:14:26,790 [grpc-default-executor-5] INFO  impl.RaftServerImpl (RaftServerImpl.java:setRole(184)) - 61d14648-e80d-4cd8-9e7c-6deb2f21aca8@group-A3037D40E172: changes role from  FOLLOWER to FOLLOWER at term 37 for recognizeCandidate:f143d5cf-4038-4fa8-8601-f5a45f16ca3e
2019-10-19 01:14:26,790 [grpc-default-executor-5] INFO  impl.RoleInfo (RoleInfo.java:shutdownFollowerState(121)) - 61d14648-e80d-4cd8-9e7c-6deb2f21aca8: shutdown FollowerState
2019-10-19 01:14:26,790 [grpc-default-executor-10] INFO  impl.RoleInfo (RoleInfo.java:updateAndGet(143)) - 61d0b7dc-5f8b-422f-8693-c58167224d24: start FollowerState
2019-10-19 01:14:26,790 [grpc-default-executor-9] INFO  impl.RaftServerImpl (RaftServerImpl.java:setRole(184)) - 88be3607-7667-471c-9070-7dfd13eb5ac8@group-20FCFA0487C4: changes role from  FOLLOWER to FOLLOWER at term 40 for recognizeCandidate:9c2d914d-67b1-4af9-8080-4d6ee007b506
2019-10-19 01:14:26,790 [grpc-default-executor-9] INFO  impl.RoleInfo (RoleInfo.java:shutdownFollowerState(121)) - 88be3607-7667-471c-9070-7dfd13eb5ac8: shutdown FollowerState
2019-10-19 01:14:26,790 [Thread-6780] INFO  impl.FollowerState (FollowerState.java:run(117)) - 61d14648-e80d-4cd8-9e7c-6deb2f21aca8@group-A3037D40E172-FollowerState was interrupted: java.lang.InterruptedException: sleep interrupted
2019-10-19 01:14:26,790 [grpc-default-executor-5] INFO  impl.RoleInfo (RoleInfo.java:updateAndGet(143)) - 61d14648-e80d-4cd8-9e7c-6deb2f21aca8: start FollowerState
2019-10-19 01:14:26,790 [Thread-6785] INFO  impl.FollowerState (FollowerState.java:run(117)) - 88be3607-7667-471c-9070-7dfd13eb5ac8@group-20FCFA0487C4-FollowerState was interrupted: java.lang.InterruptedException: sleep interrupted
2019-10-19 01:14:26,790 [grpc-default-executor-9] INFO  impl.RoleInfo (RoleInfo.java:updateAndGet(143)) - 88be3607-7667-471c-9070-7dfd13eb5ac8: start FollowerState
2019-10-19 01:14:26,804 [9c2d914d-67b1-4af9-8080-4d6ee007b506@group-20FCFA0487C4-LeaderElection690] INFO  impl.LeaderElection (LeaderElection.java:logAndReturn(56)) - 9c2d914d-67b1-4af9-8080-4d6ee007b506@group-20FCFA0487C4-LeaderElection690: Election REJECTED; received 2 response(s) [9c2d914d-67b1-4af9-8080-4d6ee007b506<-88be3607-7667-471c-9070-7dfd13eb5ac8#0:FAIL-t40, 9c2d914d-67b1-4af9-8080-4d6ee007b506<-61d0b7dc-5f8b-422f-8693-c58167224d24#0:FAIL-t40] and 0 exception(s); 9c2d914d-67b1-4af9-8080-4d6ee007b506@group-20FCFA0487C4:t40, leader=null, voted=9c2d914d-67b1-4af9-8080-4d6ee007b506, raftlog=9c2d914d-67b1-4af9-8080-4d6ee007b506@group-20FCFA0487C4-SegmentedRaftLog:OPENED:c-1,f-1,i0, conf=-1: [88be3607-7667-471c-9070-7dfd13eb5ac8:192.168.69.71:32925, 9c2d914d-67b1-4af9-8080-4d6ee007b506:192.168.69.71:35462, 61d0b7dc-5f8b-422f-8693-c58167224d24:192.168.69.71:43479], old=null
2019-10-19 01:14:26,804 [f143d5cf-4038-4fa8-8601-f5a45f16ca3e@group-A3037D40E172-LeaderElection689] INFO  impl.LeaderElection (LeaderElection.java:logAndReturn(56)) - f143d5cf-4038-4fa8-8601-f5a45f16ca3e@group-A3037D40E172-LeaderElection689: Election REJECTED; received 2 response(s) [f143d5cf-4038-4fa8-8601-f5a45f16ca3e<-2543ffea-c5c6-4af0-856f-eb846bad755a#0:FAIL-t37, f143d5cf-4038-4fa8-8601-f5a45f16ca3e<-61d14648-e80d-4cd8-9e7c-6deb2f21aca8#0:FAIL-t37] and 0 exception(s); f143d5cf-4038-4fa8-8601-f5a45f16ca3e@group-A3037D40E172:t37, leader=null, voted=f143d5cf-4038-4fa8-8601-f5a45f16ca3e, raftlog=f143d5cf-4038-4fa8-8601-f5a45f16ca3e@group-A3037D40E172-SegmentedRaftLog:OPENED:c-1,f-1,i0, conf=-1: [f143d5cf-4038-4fa8-8601-f5a45f16ca3e:192.168.69.71:40169, 2543ffea-c5c6-4af0-856f-eb846bad755a:192.168.69.71:45287, 61d14648-e80d-4cd8-9e7c-6deb2f21aca8:192.168.69.71:42247], old=null
2019-10-19 01:14:26,804 [9c2d914d-67b1-4af9-8080-4d6ee007b506@group-20FCFA0487C4-LeaderElection690] INFO  impl.RaftServerImpl (RaftServerImpl.java:setRole(184)) - 9c2d914d-67b1-4af9-8080-4d6ee007b506@group-20FCFA0487C4: changes role from CANDIDATE to FOLLOWER at term 40 for DISCOVERED_A_NEW_TERM
2019-10-19 01:14:26,804 [f143d5cf-4038-4fa8-8601-f5a45f16ca3e@group-A3037D40E172-LeaderElection689] INFO  impl.RaftServerImpl (RaftServerImpl.java:setRole(184)) - f143d5cf-4038-4fa8-8601-f5a45f16ca3e@group-A3037D40E172: changes role from CANDIDATE to FOLLOWER at term 37 for DISCOVERED_A_NEW_TERM
2019-10-19 01:14:26,804 [9c2d914d-67b1-4af9-8080-4d6ee007b506@group-20FCFA0487C4-LeaderElection690] INFO  impl.RoleInfo (RoleInfo.java:shutdownLeaderElection(134)) - 9c2d914d-67b1-4af9-8080-4d6ee007b506: shutdown LeaderElection
2019-10-19 01:14:26,804 [f143d5cf-4038-4fa8-8601-f5a45f16ca3e@group-A3037D40E172-LeaderElection689] INFO  impl.RoleInfo (RoleInfo.java:shutdownLeaderElection(134)) - f143d5cf-4038-4fa8-8601-f5a45f16ca3e: shutdown LeaderElection
2019-10-19 01:14:26,804 [9c2d914d-67b1-4af9-8080-4d6ee007b506@group-20FCFA0487C4-LeaderElection690] INFO  impl.RoleInfo (RoleInfo.java:updateAndGet(143)) - 9c2d914d-67b1-4af9-8080-4d6ee007b506: start FollowerState
2019-10-19 01:14:26,804 [f143d5cf-4038-4fa8-8601-f5a45f16ca3e@group-A3037D40E172-LeaderElection689] INFO  impl.RoleInfo (RoleInfo.java:updateAndGet(143)) - f143d5cf-4038-4fa8-8601-f5a45f16ca3e: start FollowerState
2019-10-19 01:14:26,974 [Thread-6802] INFO  impl.FollowerState (FollowerState.java:run(108)) - 9c2d914d-67b1-4af9-8080-4d6ee007b506@group-20FCFA0487C4-FollowerState: change to CANDIDATE, lastRpcTime:170ms, electionTimeout:170ms
2019-10-19 01:14:26,975 [Thread-6802] INFO  impl.RoleInfo (RoleInfo.java:shutdownFollowerState(121)) - 9c2d914d-67b1-4af9-8080-4d6ee007b506: shutdown FollowerState
2019-10-19 01:14:26,975 [Thread-6802] INFO  impl.RaftServerImpl (RaftServerImpl.java:setRole(184)) - 9c2d914d-67b1-4af9-8080-4d6ee007b506@group-20FCFA0487C4: changes role from  FOLLOWER to CANDIDATE at term 40 for changeToCandidate
2019-10-19 01:14:26,975 [Thread-6802] INFO  impl.RoleInfo (RoleInfo.java:updateAndGet(143)) - 9c2d914d-67b1-4af9-8080-4d6ee007b506: start LeaderElection
2019-10-19 01:14:26,988 [9c2d914d-67b1-4af9-8080-4d6ee007b506@group-20FCFA0487C4-LeaderElection691] INFO  impl.LeaderElection (LeaderElection.java:askForVotes(178)) - 9c2d914d-67b1-4af9-8080-4d6ee007b506@group-20FCFA0487C4-LeaderElection691: begin an election at term 41 for -1: [88be3607-7667-471c-9070-7dfd13eb5ac8:192.168.69.71:32925, 9c2d914d-67b1-4af9-8080-4d6ee007b506:192.168.69.71:35462, 61d0b7dc-5f8b-422f-8693-c58167224d24:192.168.69.71:43479], old=null
2019-10-19 01:14:26,989 [grpc-default-executor-3] INFO  impl.RaftServerImpl (RaftServerImpl.java:setRole(184)) - 88be3607-7667-471c-9070-7dfd13eb5ac8@group-20FCFA0487C4: changes role from  FOLLOWER to FOLLOWER at term 41 for recognizeCandidate:9c2d914d-67b1-4af9-8080-4d6ee007b506
2019-10-19 01:14:26,989 [grpc-default-executor-10] INFO  impl.RaftServerImpl (RaftServerImpl.java:setRole(184)) - 61d0b7dc-5f8b-422f-8693-c58167224d24@group-20FCFA0487C4: changes role from  FOLLOWER to FOLLOWER at term 41 for recognizeCandidate:9c2d914d-67b1-4af9-8080-4d6ee007b506
2019-10-19 01:14:26,989 [grpc-default-executor-10] INFO  impl.RoleInfo (RoleInfo.java:shutdownFollowerState(121)) - 61d0b7dc-5f8b-422f-8693-c58167224d24: shutdown FollowerState
2019-10-19 01:14:26,989 [grpc-default-executor-3] INFO  impl.RoleInfo (RoleInfo.java:shutdownFollowerState(121)) - 88be3607-7667-471c-9070-7dfd13eb5ac8: shutdown FollowerState
2019-10-19 01:14:26,989 [Thread-6799] INFO  impl.FollowerState (FollowerState.java:run(117)) - 61d0b7dc-5f8b-422f-8693-c58167224d24@group-20FCFA0487C4-FollowerState was interrupted: java.lang.InterruptedException: sleep interrupted
2019-10-19 01:14:26,990 [Thread-6801] INFO  impl.FollowerState (FollowerState.java:run(117)) - 88be3607-7667-471c-9070-7dfd13eb5ac8@group-20FCFA0487C4-FollowerState was interrupted: java.lang.InterruptedException: sleep interrupted
2019-10-19 01:14:26,989 [grpc-default-executor-10] INFO  impl.RoleInfo (RoleInfo.java:updateAndGet(143)) - 61d0b7dc-5f8b-422f-8693-c58167224d24: start FollowerState
2019-10-19 01:14:26,990 [grpc-default-executor-3] INFO  impl.RoleInfo (RoleInfo.java:updateAndGet(143)) - 88be3607-7667-471c-9070-7dfd13eb5ac8: start FollowerState
2019-10-19 01:14:26,998 [Thread-6803] INFO  impl.FollowerState (FollowerState.java:run(108)) - f143d5cf-4038-4fa8-8601-f5a45f16ca3e@group-A3037D40E172-FollowerState: change to CANDIDATE, lastRpcTime:193ms, electionTimeout:193ms
2019-10-19 01:14:26,998 [Thread-6803] INFO  impl.RoleInfo (RoleInfo.java:shutdownFollowerState(121)) - f143d5cf-4038-4fa8-8601-f5a45f16ca3e: shutdown FollowerState
2019-10-19 01:14:26,998 [Thread-6803] INFO  impl.RaftServerImpl (RaftServerImpl.java:setRole(184)) - f143d5cf-4038-4fa8-8601-f5a45f16ca3e@group-A3037D40E172: changes role from  FOLLOWER to CANDIDATE at term 37 for changeToCandidate
2019-10-19 01:14:26,998 [Thread-6803] INFO  impl.RoleInfo (RoleInfo.java:updateAndGet(143)) - f143d5cf-4038-4fa8-8601-f5a45f16ca3e: start LeaderElection
2019-10-19 01:14:27,005 [f143d5cf-4038-4fa8-8601-f5a45f16ca3e@group-A3037D40E172-LeaderElection692] INFO  impl.LeaderElection (LeaderElection.java:askForVotes(178)) - f143d5cf-4038-4fa8-8601-f5a45f16ca3e@group-A3037D40E172-LeaderElection692: begin an election at term 38 for -1: [f143d5cf-4038-4fa8-8601-f5a45f16ca3e:192.168.69.71:40169, 2543ffea-c5c6-4af0-856f-eb846bad755a:192.168.69.71:45287, 61d14648-e80d-4cd8-9e7c-6deb2f21aca8:192.168.69.71:42247], old=null
2019-10-19 01:14:27,006 [9c2d914d-67b1-4af9-8080-4d6ee007b506@group-20FCFA0487C4-LeaderElection691] INFO  impl.LeaderElection (LeaderElection.java:logAndReturn(56)) - 9c2d914d-67b1-4af9-8080-4d6ee007b506@group-20FCFA0487C4-LeaderElection691: Election REJECTED; received 2 response(s) [9c2d914d-67b1-4af9-8080-4d6ee007b506<-88be3607-7667-471c-9070-7dfd13eb5ac8#0:FAIL-t41, 9c2d914d-67b1-4af9-8080-4d6ee007b506<-61d0b7dc-5f8b-422f-8693-c58167224d24#0:FAIL-t41] and 0 exception(s); 9c2d914d-67b1-4af9-8080-4d6ee007b506@group-20FCFA0487C4:t41, leader=null, voted=9c2d914d-67b1-4af9-8080-4d6ee007b506, raftlog=9c2d914d-67b1-4af9-8080-4d6ee007b506@group-20FCFA0487C4-SegmentedRaftLog:OPENED:c-1,f-1,i0, conf=-1: [88be3607-7667-471c-9070-7dfd13eb5ac8:192.168.69.71:32925, 9c2d914d-67b1-4af9-8080-4d6ee007b506:192.168.69.71:35462, 61d0b7dc-5f8b-422f-8693-c58167224d24:192.168.69.71:43479], old=null
2019-10-19 01:14:27,006 [9c2d914d-67b1-4af9-8080-4d6ee007b506@group-20FCFA0487C4-LeaderElection691] INFO  impl.RaftServerImpl (RaftServerImpl.java:setRole(184)) - 9c2d914d-67b1-4af9-8080-4d6ee007b506@group-20FCFA0487C4: changes role from CANDIDATE to FOLLOWER at term 41 for DISCOVERED_A_NEW_TERM
2019-10-19 01:14:27,006 [9c2d914d-67b1-4af9-8080-4d6ee007b506@group-20FCFA0487C4-LeaderElection691] INFO  impl.RoleInfo (RoleInfo.java:shutdownLeaderElection(134)) - 9c2d914d-67b1-4af9-8080-4d6ee007b506: shutdown LeaderElection
2019-10-19 01:14:27,006 [9c2d914d-67b1-4af9-8080-4d6ee007b506@group-20FCFA0487C4-LeaderElection691] INFO  impl.RoleInfo (RoleInfo.java:updateAndGet(143)) - 9c2d914d-67b1-4af9-8080-4d6ee007b506: start FollowerState
2019-10-19 01:14:27,006 [grpc-default-executor-10] INFO  impl.RaftServerImpl (RaftServerImpl.java:setRole(184)) - 2543ffea-c5c6-4af0-856f-eb846bad755a@group-A3037D40E172: changes role from  FOLLOWER to FOLLOWER at term 38 for recognizeCandidate:f143d5cf-4038-4fa8-8601-f5a45f16ca3e
2019-10-19 01:14:27,006 [grpc-default-executor-10] INFO  impl.RoleInfo (RoleInfo.java:shutdownFollowerState(121)) - 2543ffea-c5c6-4af0-856f-eb846bad755a: shutdown FollowerState
2019-10-19 01:14:27,007 [grpc-default-executor-10] INFO  impl.RoleInfo (RoleInfo.java:updateAndGet(143)) - 2543ffea-c5c6-4af0-856f-eb846bad755a: start FollowerState
2019-10-19 01:14:27,007 [Thread-6798] INFO  impl.FollowerState (FollowerState.java:run(117)) - 2543ffea-c5c6-4af0-856f-eb846bad755a@group-A3037D40E172-FollowerState was interrupted: java.lang.InterruptedException: sleep interrupted
2019-10-19 01:14:27,007 [grpc-default-executor-3] INFO  impl.RaftServerImpl (RaftServerImpl.java:setRole(184)) - 61d14648-e80d-4cd8-9e7c-6deb2f21aca8@group-A3037D40E172: changes role from  FOLLOWER to FOLLOWER at term 38 for recognizeCandidate:f143d5cf-4038-4fa8-8601-f5a45f16ca3e
2019-10-19 01:14:27,007 [grpc-default-executor-3] INFO  impl.RoleInfo (RoleInfo.java:shutdownFollowerState(121)) - 61d14648-e80d-4cd8-9e7c-6deb2f21aca8: shutdown FollowerState
2019-10-19 01:14:27,007 [grpc-default-executor-3] INFO  impl.RoleInfo (RoleInfo.java:updateAndGet(143)) - 61d14648-e80d-4cd8-9e7c-6deb2f21aca8: start FollowerState
2019-10-19 01:14:27,007 [Thread-6800] INFO  impl.FollowerState (FollowerState.java:run(117)) - 61d14648-e80d-4cd8-9e7c-6deb2f21aca8@group-A3037D40E172-FollowerState was interrupted: java.lang.InterruptedException: sleep interrupted
2019-10-19 01:14:27,022 [f143d5cf-4038-4fa8-8601-f5a45f16ca3e@group-A3037D40E172-LeaderElection692] INFO  impl.LeaderElection (LeaderElection.java:logAndReturn(56)) - f143d5cf-4038-4fa8-8601-f5a45f16ca3e@group-A3037D40E172-LeaderElection692: Election REJECTED; received 2 response(s) [f143d5cf-4038-4fa8-8601-f5a45f16ca3e<-2543ffea-c5c6-4af0-856f-eb846bad755a#0:FAIL-t38, f143d5cf-4038-4fa8-8601-f5a45f16ca3e<-61d14648-e80d-4cd8-9e7c-6deb2f21aca8#0:FAIL-t38] and 0 exception(s); f143d5cf-4038-4fa8-8601-f5a45f16ca3e@group-A3037D40E172:t38, leader=null, voted=f143d5cf-4038-4fa8-8601-f5a45f16ca3e, raftlog=f143d5cf-4038-4fa8-8601-f5a45f16ca3e@group-A3037D40E172-SegmentedRaftLog:OPENED:c-1,f-1,i0, conf=-1: [f143d5cf-4038-4fa8-8601-f5a45f16ca3e:192.168.69.71:40169, 2543ffea-c5c6-4af0-856f-eb846bad755a:192.168.69.71:45287, 61d14648-e80d-4cd8-9e7c-6deb2f21aca8:192.168.69.71:42247], old=null
2019-10-19 01:14:27,022 [f143d5cf-4038-4fa8-8601-f5a45f16ca3e@group-A3037D40E172-LeaderElection692] INFO  impl.RaftServerImpl (RaftServerImpl.java:setRole(184)) - f143d5cf-4038-4fa8-8601-f5a45f16ca3e@group-A3037D40E172: changes role from CANDIDATE to FOLLOWER at term 38 for DISCOVERED_A_NEW_TERM
2019-10-19 01:14:27,022 [f143d5cf-4038-4fa8-8601-f5a45f16ca3e@group-A3037D40E172-LeaderElection692] INFO  impl.RoleInfo (RoleInfo.java:shutdownLeaderElection(134)) - f143d5cf-4038-4fa8-8601-f5a45f16ca3e: shutdown LeaderElection
2019-10-19 01:14:27,023 [f143d5cf-4038-4fa8-8601-f5a45f16ca3e@group-A3037D40E172-LeaderElection692] INFO  impl.RoleInfo (RoleInfo.java:updateAndGet(143)) - f143d5cf-4038-4fa8-8601-f5a45f16ca3e: start FollowerState
2019-10-19 01:14:27,083 [Thread-6815] INFO  impl.FollowerState (FollowerState.java:run(108)) - f143d5cf-4038-4fa8-8601-f5a45f16ca3e@group-A3037D40E172-FollowerState: change to CANDIDATE, lastRpcTime:60ms, electionTimeout:60ms
2019-10-19 01:14:27,083 [Thread-6815] INFO  impl.RoleInfo (RoleInfo.java:shutdownFollowerState(121)) - f143d5cf-4038-4fa8-8601-f5a45f16ca3e: shutdown FollowerState
2019-10-19 01:14:27,083 [Thread-6815] INFO  impl.RaftServerImpl (RaftServerImpl.java:setRole(184)) - f143d5cf-4038-4fa8-8601-f5a45f16ca3e@group-A3037D40E172: changes role from  FOLLOWER to CANDIDATE at term 38 for changeToCandidate
2019-10-19 01:14:27,083 [Thread-6815] INFO  impl.RoleInfo (RoleInfo.java:updateAndGet(143)) - f143d5cf-4038-4fa8-8601-f5a45f16ca3e: start LeaderElection
2019-10-19 01:14:27,096 [f143d5cf-4038-4fa8-8601-f5a45f16ca3e@group-A3037D40E172-LeaderElection693] INFO  impl.LeaderElection (LeaderElection.java:askForVotes(178)) - f143d5cf-4038-4fa8-8601-f5a45f16ca3e@group-A3037D40E172-LeaderElection693: begin an election at term 39 for -1: [f143d5cf-4038-4fa8-8601-f5a45f16ca3e:192.168.69.71:40169, 2543ffea-c5c6-4af0-856f-eb846bad755a:192.168.69.71:45287, 61d14648-e80d-4cd8-9e7c-6deb2f21aca8:192.168.69.71:42247], old=null
2019-10-19 01:14:27,103 [grpc-default-executor-10] INFO  impl.RaftServerImpl (RaftServerImpl.java:setRole(184)) - 2543ffea-c5c6-4af0-856f-eb846bad755a@group-A3037D40E172: changes role from  FOLLOWER to FOLLOWER at term 39 for recognizeCandidate:f143d5cf-4038-4fa8-8601-f5a45f16ca3e
2019-10-19 01:14:27,103 [grpc-default-executor-10] INFO  impl.RoleInfo (RoleInfo.java:shutdownFollowerState(121)) - 2543ffea-c5c6-4af0-856f-eb846bad755a: shutdown FollowerState
2019-10-19 01:14:27,103 [grpc-default-executor-3] INFO  impl.RaftServerImpl (RaftServerImpl.java:setRole(184)) - 61d14648-e80d-4cd8-9e7c-6deb2f21aca8@group-A3037D40E172: changes role from  FOLLOWER to FOLLOWER at term 39 for recognizeCandidate:f143d5cf-4038-4fa8-8601-f5a45f16ca3e
2019-10-19 01:14:27,103 [grpc-default-executor-3] INFO  impl.RoleInfo (RoleInfo.java:shutdownFollowerState(121)) - 61d14648-e80d-4cd8-9e7c-6deb2f21aca8: shutdown FollowerState
2019-10-19 01:14:27,103 [Thread-6813] INFO  impl.FollowerState (FollowerState.java:run(117)) - 2543ffea-c5c6-4af0-856f-eb846bad755a@group-A3037D40E172-FollowerState was interrupted: java.lang.InterruptedException: sleep interrupted
2019-10-19 01:14:27,103 [grpc-default-executor-10] INFO  impl.RoleInfo (RoleInfo.java:updateAndGet(143)) - 2543ffea-c5c6-4af0-856f-eb846bad755a: start FollowerState
2019-10-19 01:14:27,103 [Thread-6814] INFO  impl.FollowerState (FollowerState.java:run(117)) - 61d14648-e80d-4cd8-9e7c-6deb2f21aca8@group-A3037D40E172-FollowerState was interrupted: java.lang.InterruptedException: sleep interrupted
2019-10-19 01:14:27,103 [grpc-default-executor-3] INFO  impl.RoleInfo (RoleInfo.java:updateAndGet(143)) - 61d14648-e80d-4cd8-9e7c-6deb2f21aca8: start FollowerState
2019-10-19 01:14:27,117 [f143d5cf-4038-4fa8-8601-f5a45f16ca3e@group-A3037D40E172-LeaderElection693] INFO  impl.LeaderElection (LeaderElection.java:logAndReturn(56)) - f143d5cf-4038-4fa8-8601-f5a45f16ca3e@group-A3037D40E172-LeaderElection693: Election REJECTED; received 2 response(s) [f143d5cf-4038-4fa8-8601-f5a45f16ca3e<-2543ffea-c5c6-4af0-856f-eb846bad755a#0:FAIL-t39, f143d5cf-4038-4fa8-8601-f5a45f16ca3e<-61d14648-e80d-4cd8-9e7c-6deb2f21aca8#0:FAIL-t39] and 0 exception(s); f143d5cf-4038-4fa8-8601-f5a45f16ca3e@group-A3037D40E172:t39, leader=null, voted=f143d5cf-4038-4fa8-8601-f5a45f16ca3e, raftlog=f143d5cf-4038-4fa8-8601-f5a45f16ca3e@group-A3037D40E172-SegmentedRaftLog:OPENED:c-1,f-1,i0, conf=-1: [f143d5cf-4038-4fa8-8601-f5a45f16ca3e:192.168.69.71:40169, 2543ffea-c5c6-4af0-856f-eb846bad755a:192.168.69.71:45287, 61d14648-e80d-4cd8-9e7c-6deb2f21aca8:192.168.69.71:42247], old=null
2019-10-19 01:14:27,117 [f143d5cf-4038-4fa8-8601-f5a45f16ca3e@group-A3037D40E172-LeaderElection693] INFO  impl.RaftServerImpl (RaftServerImpl.java:setRole(184)) - f143d5cf-4038-4fa8-8601-f5a45f16ca3e@group-A3037D40E172: changes role from CANDIDATE to FOLLOWER at term 39 for DISCOVERED_A_NEW_TERM
2019-10-19 01:14:27,117 [f143d5cf-4038-4fa8-8601-f5a45f16ca3e@group-A3037D40E172-LeaderElection693] INFO  impl.RoleInfo (RoleInfo.java:shutdownLeaderElection(134)) - f143d5cf-4038-4fa8-8601-f5a45f16ca3e: shutdown LeaderElection
2019-10-19 01:14:27,117 [f143d5cf-4038-4fa8-8601-f5a45f16ca3e@group-A3037D40E172-LeaderElection693] INFO  impl.RoleInfo (RoleInfo.java:updateAndGet(143)) - f143d5cf-4038-4fa8-8601-f5a45f16ca3e: start FollowerState
2019-10-19 01:14:27,165 [Thread-6812] INFO  impl.FollowerState (FollowerState.java:run(108)) - 9c2d914d-67b1-4af9-8080-4d6ee007b506@group-20FCFA0487C4-FollowerState: change to CANDIDATE, lastRpcTime:159ms, electionTimeout:159ms
2019-10-19 01:14:27,165 [Thread-6812] INFO  impl.RoleInfo (RoleInfo.java:shutdownFollowerState(121)) - 9c2d914d-67b1-4af9-8080-4d6ee007b506: shutdown FollowerState
2019-10-19 01:14:27,165 [Thread-6812] INFO  impl.RaftServerImpl (RaftServerImpl.java:setRole(184)) - 9c2d914d-67b1-4af9-8080-4d6ee007b506@group-20FCFA0487C4: changes role from  FOLLOWER to CANDIDATE at term 41 for changeToCandidate
2019-10-19 01:14:27,166 [Thread-6812] INFO  impl.RoleInfo (RoleInfo.java:updateAndGet(143)) - 9c2d914d-67b1-4af9-8080-4d6ee007b506: start LeaderElection
2019-10-19 01:14:27,179 [9c2d914d-67b1-4af9-8080-4d6ee007b506@group-20FCFA0487C4-LeaderElection694] INFO  impl.LeaderElection (LeaderElection.java:askForVotes(178)) - 9c2d914d-67b1-4af9-8080-4d6ee007b506@group-20FCFA0487C4-LeaderElection694: begin an election at term 42 for -1: [88be3607-7667-471c-9070-7dfd13eb5ac8:192.168.69.71:32925, 9c2d914d-67b1-4af9-8080-4d6ee007b506:192.168.69.71:35462, 61d0b7dc-5f8b-422f-8693-c58167224d24:192.168.69.71:43479], old=null
2019-10-19 01:14:27,180 [grpc-default-executor-3] INFO  impl.RaftServerImpl (RaftServerImpl.java:setRole(184)) - 61d0b7dc-5f8b-422f-8693-c58167224d24@group-20FCFA0487C4: changes role from  FOLLOWER to FOLLOWER at term 42 for recognizeCandidate:9c2d914d-67b1-4af9-8080-4d6ee007b506
2019-10-19 01:14:27,180 [grpc-default-executor-10] INFO  impl.RaftServerImpl (RaftServerImpl.java:setRole(184)) - 88be3607-7667-471c-9070-7dfd13eb5ac8@group-20FCFA0487C4: changes role from  FOLLOWER to FOLLOWER at term 42 for recognizeCandidate:9c2d914d-67b1-4af9-8080-4d6ee007b506
2019-10-19 01:14:27,180 [grpc-default-executor-10] INFO  impl.RoleInfo (RoleInfo.java:shutdownFollowerState(121)) - 88be3607-7667-471c-9070-7dfd13eb5ac8: shutdown FollowerState
2019-10-19 01:14:27,180 [grpc-default-executor-3] INFO  impl.RoleInfo (RoleInfo.java:shutdownFollowerState(121)) - 61d0b7dc-5f8b-422f-8693-c58167224d24: shutdown FollowerState
2019-10-19 01:14:27,180 [grpc-default-executor-10] INFO  impl.RoleInfo (RoleInfo.java:updateAndGet(143)) - 88be3607-7667-471c-9070-7dfd13eb5ac8: start FollowerState
2019-10-19 01:14:27,180 [Thread-6807] INFO  impl.FollowerState (FollowerState.java:run(117)) - 61d0b7dc-5f8b-422f-8693-c58167224d24@group-20FCFA0487C4-FollowerState was interrupted: java.lang.InterruptedException: sleep interrupted
2019-10-19 01:14:27,180 [grpc-default-executor-3] INFO  impl.RoleInfo (RoleInfo.java:updateAndGet(143)) - 61d0b7dc-5f8b-422f-8693-c58167224d24: start FollowerState
2019-10-19 01:14:27,180 [Thread-6808] INFO  impl.FollowerState (FollowerState.java:run(117)) - 88be3607-7667-471c-9070-7dfd13eb5ac8@group-20FCFA0487C4-FollowerState was interrupted: java.lang.InterruptedException: sleep interrupted
2019-10-19 01:14:27,208 [9c2d914d-67b1-4af9-8080-4d6ee007b506@group-20FCFA0487C4-LeaderElection694] INFO  impl.LeaderElection (LeaderElection.java:logAndReturn(56)) - 9c2d914d-67b1-4af9-8080-4d6ee007b506@group-20FCFA0487C4-LeaderElection694: Election REJECTED; received 2 response(s) [9c2d914d-67b1-4af9-8080-4d6ee007b506<-88be3607-7667-471c-9070-7dfd13eb5ac8#0:FAIL-t42, 9c2d914d-67b1-4af9-8080-4d6ee007b506<-61d0b7dc-5f8b-422f-8693-c58167224d24#0:FAIL-t42] and 0 exception(s); 9c2d914d-67b1-4af9-8080-4d6ee007b506@group-20FCFA0487C4:t42, leader=null, voted=9c2d914d-67b1-4af9-8080-4d6ee007b506, raftlog=9c2d914d-67b1-4af9-8080-4d6ee007b506@group-20FCFA0487C4-SegmentedRaftLog:OPENED:c-1,f-1,i0, conf=-1: [88be3607-7667-471c-9070-7dfd13eb5ac8:192.168.69.71:32925, 9c2d914d-67b1-4af9-8080-4d6ee007b506:192.168.69.71:35462, 61d0b7dc-5f8b-422f-8693-c58167224d24:192.168.69.71:43479], old=null
2019-10-19 01:14:27,208 [9c2d914d-67b1-4af9-8080-4d6ee007b506@group-20FCFA0487C4-LeaderElection694] INFO  impl.RaftServerImpl (RaftServerImpl.java:setRole(184)) - 9c2d914d-67b1-4af9-8080-4d6ee007b506@group-20FCFA0487C4: changes role from CANDIDATE to FOLLOWER at term 42 for DISCOVERED_A_NEW_TERM
2019-10-19 01:14:27,208 [9c2d914d-67b1-4af9-8080-4d6ee007b506@group-20FCFA0487C4-LeaderElection694] INFO  impl.RoleInfo (RoleInfo.java:shutdownLeaderElection(134)) - 9c2d914d-67b1-4af9-8080-4d6ee007b506: shutdown LeaderElection
2019-10-19 01:14:27,208 [9c2d914d-67b1-4af9-8080-4d6ee007b506@group-20FCFA0487C4-LeaderElection694] INFO  impl.RoleInfo (RoleInfo.java:updateAndGet(143)) - 9c2d914d-67b1-4af9-8080-4d6ee007b506: start FollowerState
2019-10-19 01:14:27,252 [Thread-6829] INFO  impl.FollowerState (FollowerState.java:run(108)) - 9c2d914d-67b1-4af9-8080-4d6ee007b506@group-20FCFA0487C4-FollowerState: change to CANDIDATE, lastRpcTime:43ms, electionTimeout:43ms
2019-10-19 01:14:27,252 [Thread-6829] INFO  impl.RoleInfo (RoleInfo.java:shutdownFollowerState(121)) - 9c2d914d-67b1-4af9-8080-4d6ee007b506: shutdown FollowerState
2019-10-19 01:14:27,252 [Thread-6829] INFO  impl.RaftServerImpl (RaftServerImpl.java:setRole(184)) - 9c2d914d-67b1-4af9-8080-4d6ee007b506@group-20FCFA0487C4: changes role from  FOLLOWER to CANDIDATE at term 42 for changeToCandidate
2019-10-19 01:14:27,252 [Thread-6829] INFO  impl.RoleInfo (RoleInfo.java:updateAndGet(143)) - 9c2d914d-67b1-4af9-8080-4d6ee007b506: start LeaderElection
2019-10-19 01:14:27,266 [9c2d914d-67b1-4af9-8080-4d6ee007b506@group-20FCFA0487C4-LeaderElection695] INFO  impl.LeaderElection (LeaderElection.java:askForVotes(178)) - 9c2d914d-67b1-4af9-8080-4d6ee007b506@group-20FCFA0487C4-LeaderElection695: begin an election at term 43 for -1: [88be3607-7667-471c-9070-7dfd13eb5ac8:192.168.69.71:32925, 9c2d914d-67b1-4af9-8080-4d6ee007b506:192.168.69.71:35462, 61d0b7dc-5f8b-422f-8693-c58167224d24:192.168.69.71:43479], old=null
2019-10-19 01:14:27,267 [grpc-default-executor-3] INFO  impl.RaftServerImpl (RaftServerImpl.java:setRole(184)) - 88be3607-7667-471c-9070-7dfd13eb5ac8@group-20FCFA0487C4: changes role from  FOLLOWER to FOLLOWER at term 43 for recognizeCandidate:9c2d914d-67b1-4af9-8080-4d6ee007b506
2019-10-19 01:14:27,267 [grpc-default-executor-10] INFO  impl.RaftServerImpl (RaftServerImpl.java:setRole(184)) - 61d0b7dc-5f8b-422f-8693-c58167224d24@group-20FCFA0487C4: changes role from  FOLLOWER to FOLLOWER at term 43 for recognizeCandidate:9c2d914d-67b1-4af9-8080-4d6ee007b506
2019-10-19 01:14:27,267 [grpc-default-executor-10] INFO  impl.RoleInfo (RoleInfo.java:shutdownFollowerState(121)) - 61d0b7dc-5f8b-422f-8693-c58167224d24: shutdown FollowerState
2019-10-19 01:14:27,267 [grpc-default-executor-3] INFO  impl.RoleInfo (RoleInfo.java:shutdownFollowerState(121)) - 88be3607-7667-471c-9070-7dfd13eb5ac8: shutdown FollowerState
2019-10-19 01:14:27,267 [Thread-6828] INFO  impl.FollowerState (FollowerState.java:run(117)) - 61d0b7dc-5f8b-422f-8693-c58167224d24@group-20FCFA0487C4-FollowerState was interrupted: java.lang.InterruptedException: sleep interrupted
2019-10-19 01:14:27,267 [Thread-6827] INFO  impl.FollowerState (FollowerState.java:run(117)) - 88be3607-7667-471c-9070-7dfd13eb5ac8@group-20FCFA0487C4-FollowerState was interrupted: java.lang.InterruptedException: sleep interrupted
2019-10-19 01:14:27,267 [grpc-default-executor-10] INFO  impl.RoleInfo (RoleInfo.java:updateAndGet(143)) - 61d0b7dc-5f8b-422f-8693-c58167224d24: start FollowerState
2019-10-19 01:14:27,267 [grpc-default-executor-3] INFO  impl.RoleInfo (RoleInfo.java:updateAndGet(143)) - 88be3607-7667-471c-9070-7dfd13eb5ac8: start FollowerState
2019-10-19 01:14:27,282 [9c2d914d-67b1-4af9-8080-4d6ee007b506@group-20FCFA0487C4-LeaderElection695] INFO  impl.LeaderElection (LeaderElection.java:logAndReturn(56)) - 9c2d914d-67b1-4af9-8080-4d6ee007b506@group-20FCFA0487C4-LeaderElection695: Election REJECTED; received 2 response(s) [9c2d914d-67b1-4af9-8080-4d6ee007b506<-88be3607-7667-471c-9070-7dfd13eb5ac8#0:FAIL-t43, 9c2d914d-67b1-4af9-8080-4d6ee007b506<-61d0b7dc-5f8b-422f-8693-c58167224d24#0:FAIL-t43] and 0 exception(s); 9c2d914d-67b1-4af9-8080-4d6ee007b506@group-20FCFA0487C4:t43, leader=null, voted=9c2d914d-67b1-4af9-8080-4d6ee007b506, raftlog=9c2d914d-67b1-4af9-8080-4d6ee007b506@group-20FCFA0487C4-SegmentedRaftLog:OPENED:c-1,f-1,i0, conf=-1: [88be3607-7667-471c-9070-7dfd13eb5ac8:192.168.69.71:32925, 9c2d914d-67b1-4af9-8080-4d6ee007b506:192.168.69.71:35462, 61d0b7dc-5f8b-422f-8693-c58167224d24:192.168.69.71:43479], old=null
2019-10-19 01:14:27,282 [9c2d914d-67b1-4af9-8080-4d6ee007b506@group-20FCFA0487C4-LeaderElection695] INFO  impl.RaftServerImpl (RaftServerImpl.java:setRole(184)) - 9c2d914d-67b1-4af9-8080-4d6ee007b506@group-20FCFA0487C4: changes role from CANDIDATE to FOLLOWER at term 43 for DISCOVERED_A_NEW_TERM
2019-10-19 01:14:27,282 [9c2d914d-67b1-4af9-8080-4d6ee007b506@group-20FCFA0487C4-LeaderElection695] INFO  impl.RoleInfo (RoleInfo.java:shutdownLeaderElection(134)) - 9c2d914d-67b1-4af9-8080-4d6ee007b506: shutdown LeaderElection
2019-10-19 01:14:27,282 [9c2d914d-67b1-4af9-8080-4d6ee007b506@group-20FCFA0487C4-LeaderElection695] INFO  impl.RoleInfo (RoleInfo.java:updateAndGet(143)) - 9c2d914d-67b1-4af9-8080-4d6ee007b506: start FollowerState
2019-10-19 01:14:27,299 [Thread-6823] INFO  impl.FollowerState (FollowerState.java:run(108)) - f143d5cf-4038-4fa8-8601-f5a45f16ca3e@group-A3037D40E172-FollowerState: change to CANDIDATE, lastRpcTime:182ms, electionTimeout:182ms
2019-10-19 01:14:27,299 [Thread-6823] INFO  impl.RoleInfo (RoleInfo.java:shutdownFollowerState(121)) - f143d5cf-4038-4fa8-8601-f5a45f16ca3e: shutdown FollowerState
2019-10-19 01:14:27,299 [Thread-6823] INFO  impl.RaftServerImpl (RaftServerImpl.java:setRole(184)) - f143d5cf-4038-4fa8-8601-f5a45f16ca3e@group-A3037D40E172: changes role from  FOLLOWER to CANDIDATE at term 39 for changeToCandidate
2019-10-19 01:14:27,300 [Thread-6823] INFO  impl.RoleInfo (RoleInfo.java:updateAndGet(143)) - f143d5cf-4038-4fa8-8601-f5a45f16ca3e: start LeaderElection
2019-10-19 01:14:27,312 [f143d5cf-4038-4fa8-8601-f5a45f16ca3e@group-A3037D40E172-LeaderElection696] INFO  impl.LeaderElection (LeaderElection.java:askForVotes(178)) - f143d5cf-4038-4fa8-8601-f5a45f16ca3e@group-A3037D40E172-LeaderElection696: begin an election at term 40 for -1: [f143d5cf-4038-4fa8-8601-f5a45f16ca3e:192.168.69.71:40169, 2543ffea-c5c6-4af0-856f-eb846bad755a:192.168.69.71:45287, 61d14648-e80d-4cd8-9e7c-6deb2f21aca8:192.168.69.71:42247], old=null
2019-10-19 01:14:27,317 [grpc-default-executor-3] INFO  impl.RaftServerImpl (RaftServerImpl.java:setRole(184)) - 61d14648-e80d-4cd8-9e7c-6deb2f21aca8@group-A3037D40E172: changes role from  FOLLOWER to FOLLOWER at term 40 for recognizeCandidate:f143d5cf-4038-4fa8-8601-f5a45f16ca3e
2019-10-19 01:14:27,317 [grpc-default-executor-10] INFO  impl.RaftServerImpl (RaftServerImpl.java:setRole(184)) - 2543ffea-c5c6-4af0-856f-eb846bad755a@group-A3037D40E172: changes role from  FOLLOWER to FOLLOWER at term 40 for recognizeCandidate:f143d5cf-4038-4fa8-8601-f5a45f16ca3e
2019-10-19 01:14:27,317 [grpc-default-executor-3] INFO  impl.RoleInfo (RoleInfo.java:shutdownFollowerState(121)) - 61d14648-e80d-4cd8-9e7c-6deb2f21aca8: shutdown FollowerState
2019-10-19 01:14:27,317 [grpc-default-executor-10] INFO  impl.RoleInfo (RoleInfo.java:shutdownFollowerState(121)) - 2543ffea-c5c6-4af0-856f-eb846bad755a: shutdown FollowerState
2019-10-19 01:14:27,317 [Thread-6820] INFO  impl.FollowerState (FollowerState.java:run(117)) - 61d14648-e80d-4cd8-9e7c-6deb2f21aca8@group-A3037D40E172-FollowerState was interrupted: java.lang.InterruptedException: sleep interrupted
2019-10-19 01:14:27,317 [grpc-default-executor-3] INFO  impl.RoleInfo (RoleInfo.java:updateAndGet(143)) - 61d14648-e80d-4cd8-9e7c-6deb2f21aca8: start FollowerState
2019-10-19 01:14:27,317 [Thread-6819] INFO  impl.FollowerState (FollowerState.java:run(117)) - 2543ffea-c5c6-4af0-856f-eb846bad755a@group-A3037D40E172-FollowerState was interrupted: java.lang.InterruptedException: sleep interrupted
2019-10-19 01:14:27,317 [grpc-default-executor-10] INFO  impl.RoleInfo (RoleInfo.java:updateAndGet(143)) - 2543ffea-c5c6-4af0-856f-eb846bad755a: start FollowerState
2019-10-19 01:14:27,330 [f143d5cf-4038-4fa8-8601-f5a45f16ca3e@group-A3037D40E172-LeaderElection696] INFO  impl.LeaderElection (LeaderElection.java:logAndReturn(56)) - f143d5cf-4038-4fa8-8601-f5a45f16ca3e@group-A3037D40E172-LeaderElection696: Election REJECTED; received 2 response(s) [f143d5cf-4038-4fa8-8601-f5a45f16ca3e<-2543ffea-c5c6-4af0-856f-eb846bad755a#0:FAIL-t40, f143d5cf-4038-4fa8-8601-f5a45f16ca3e<-61d14648-e80d-4cd8-9e7c-6deb2f21aca8#0:FAIL-t40] and 0 exception(s); f143d5cf-4038-4fa8-8601-f5a45f16ca3e@group-A3037D40E172:t40, leader=null, voted=f143d5cf-4038-4fa8-8601-f5a45f16ca3e, raftlog=f143d5cf-4038-4fa8-8601-f5a45f16ca3e@group-A3037D40E172-SegmentedRaftLog:OPENED:c-1,f-1,i0, conf=-1: [f143d5cf-4038-4fa8-8601-f5a45f16ca3e:192.168.69.71:40169, 2543ffea-c5c6-4af0-856f-eb846bad755a:192.168.69.71:45287, 61d14648-e80d-4cd8-9e7c-6deb2f21aca8:192.168.69.71:42247], old=null
2019-10-19 01:14:27,330 [f143d5cf-4038-4fa8-8601-f5a45f16ca3e@group-A3037D40E172-LeaderElection696] INFO  impl.RaftServerImpl (RaftServerImpl.java:setRole(184)) - f143d5cf-4038-4fa8-8601-f5a45f16ca3e@group-A3037D40E172: changes role from CANDIDATE to FOLLOWER at term 40 for DISCOVERED_A_NEW_TERM
2019-10-19 01:14:27,330 [f143d5cf-4038-4fa8-8601-f5a45f16ca3e@group-A3037D40E172-LeaderElection696] INFO  impl.RoleInfo (RoleInfo.java:shutdownLeaderElection(134)) - f143d5cf-4038-4fa8-8601-f5a45f16ca3e: shutdown LeaderElection
2019-10-19 01:14:27,330 [f143d5cf-4038-4fa8-8601-f5a45f16ca3e@group-A3037D40E172-LeaderElection696] INFO  impl.RoleInfo (RoleInfo.java:updateAndGet(143)) - f143d5cf-4038-4fa8-8601-f5a45f16ca3e: start FollowerState
2019-10-19 01:14:27,463 [Thread-6835] INFO  impl.FollowerState (FollowerState.java:run(108)) - 9c2d914d-67b1-4af9-8080-4d6ee007b506@group-20FCFA0487C4-FollowerState: change to CANDIDATE, lastRpcTime:181ms, electionTimeout:181ms
2019-10-19 01:14:27,463 [Thread-6835] INFO  impl.RoleInfo (RoleInfo.java:shutdownFollowerState(121)) - 9c2d914d-67b1-4af9-8080-4d6ee007b506: shutdown FollowerState
2019-10-19 01:14:27,463 [Thread-6835] INFO  impl.RaftServerImpl (RaftServerImpl.java:setRole(184)) - 9c2d914d-67b1-4af9-8080-4d6ee007b506@group-20FCFA0487C4: changes role from  FOLLOWER to CANDIDATE at term 43 for changeToCandidate
2019-10-19 01:14:27,464 [Thread-6835] INFO  impl.RoleInfo (RoleInfo.java:updateAndGet(143)) - 9c2d914d-67b1-4af9-8080-4d6ee007b506: start LeaderElection
2019-10-19 01:14:27,468 [Thread-6841] INFO  impl.FollowerState (FollowerState.java:run(108)) - f143d5cf-4038-4fa8-8601-f5a45f16ca3e@group-A3037D40E172-FollowerState: change to CANDIDATE, lastRpcTime:138ms, electionTimeout:138ms
2019-10-19 01:14:27,468 [Thread-6841] INFO  impl.RoleInfo (RoleInfo.java:shutdownFollowerState(121)) - f143d5cf-4038-4fa8-8601-f5a45f16ca3e: shutdown FollowerState
2019-10-19 01:14:27,468 [Thread-6841] INFO  impl.RaftServerImpl (RaftServerImpl.java:setRole(184)) - f143d5cf-4038-4fa8-8601-f5a45f16ca3e@group-A3037D40E172: changes role from  FOLLOWER to CANDIDATE at term 40 for changeToCandidate
2019-10-19 01:14:27,468 [Thread-6841] INFO  impl.RoleInfo (RoleInfo.java:updateAndGet(143)) - f143d5cf-4038-4fa8-8601-f5a45f16ca3e: start LeaderElection
2019-10-19 01:14:27,475 [9c2d914d-67b1-4af9-8080-4d6ee007b506@group-20FCFA0487C4-LeaderElection697] INFO  impl.LeaderElection (LeaderElection.java:askForVotes(178)) - 9c2d914d-67b1-4af9-8080-4d6ee007b506@group-20FCFA0487C4-LeaderElection697: begin an election at term 44 for -1: [88be3607-7667-471c-9070-7dfd13eb5ac8:192.168.69.71:32925, 9c2d914d-67b1-4af9-8080-4d6ee007b506:192.168.69.71:35462, 61d0b7dc-5f8b-422f-8693-c58167224d24:192.168.69.71:43479], old=null
2019-10-19 01:14:27,475 [f143d5cf-4038-4fa8-8601-f5a45f16ca3e@group-A3037D40E172-LeaderElection698] INFO  impl.LeaderElection (LeaderElection.java:askForVotes(178)) - f143d5cf-4038-4fa8-8601-f5a45f16ca3e@group-A3037D40E172-LeaderElection698: begin an election at term 41 for -1: [f143d5cf-4038-4fa8-8601-f5a45f16ca3e:192.168.69.71:40169, 2543ffea-c5c6-4af0-856f-eb846bad755a:192.168.69.71:45287, 61d14648-e80d-4cd8-9e7c-6deb2f21aca8:192.168.69.71:42247], old=null
2019-10-19 01:14:27,477 [grpc-default-executor-10] INFO  impl.RaftServerImpl (RaftServerImpl.java:setRole(184)) - 61d0b7dc-5f8b-422f-8693-c58167224d24@group-20FCFA0487C4: changes role from  FOLLOWER to FOLLOWER at term 44 for recognizeCandidate:9c2d914d-67b1-4af9-8080-4d6ee007b506
2019-10-19 01:14:27,477 [grpc-default-executor-10] INFO  impl.RoleInfo (RoleInfo.java:shutdownFollowerState(121)) - 61d0b7dc-5f8b-422f-8693-c58167224d24: shutdown FollowerState
2019-10-19 01:14:27,477 [grpc-default-executor-3] INFO  impl.RaftServerImpl (RaftServerImpl.java:setRole(184)) - 88be3607-7667-471c-9070-7dfd13eb5ac8@group-20FCFA0487C4: changes role from  FOLLOWER to FOLLOWER at term 44 for recognizeCandidate:9c2d914d-67b1-4af9-8080-4d6ee007b506
2019-10-19 01:14:27,477 [grpc-default-executor-5] INFO  impl.RaftServerImpl (RaftServerImpl.java:setRole(184)) - 2543ffea-c5c6-4af0-856f-eb846bad755a@group-A3037D40E172: changes role from  FOLLOWER to FOLLOWER at term 41 for recognizeCandidate:f143d5cf-4038-4fa8-8601-f5a45f16ca3e
2019-10-19 01:14:27,477 [grpc-default-executor-5] INFO  impl.RoleInfo (RoleInfo.java:shutdownFollowerState(121)) - 2543ffea-c5c6-4af0-856f-eb846bad755a: shutdown FollowerState
2019-10-19 01:14:27,477 [Thread-6833] INFO  impl.FollowerState (FollowerState.java:run(117)) - 61d0b7dc-5f8b-422f-8693-c58167224d24@group-20FCFA0487C4-FollowerState was interrupted: java.lang.InterruptedException: sleep interrupted
2019-10-19 01:14:27,477 [grpc-default-executor-10] INFO  impl.RoleInfo (RoleInfo.java:updateAndGet(143)) - 61d0b7dc-5f8b-422f-8693-c58167224d24: start FollowerState
2019-10-19 01:14:27,477 [Thread-6840] INFO  impl.FollowerState (FollowerState.java:run(117)) - 2543ffea-c5c6-4af0-856f-eb846bad755a@group-A3037D40E172-FollowerState was interrupted: java.lang.InterruptedException: sleep interrupted
2019-10-19 01:14:27,477 [grpc-default-executor-5] INFO  impl.RoleInfo (RoleInfo.java:updateAndGet(143)) - 2543ffea-c5c6-4af0-856f-eb846bad755a: start FollowerState
2019-10-19 01:14:27,477 [grpc-default-executor-3] INFO  impl.RoleInfo (RoleInfo.java:shutdownFollowerState(121)) - 88be3607-7667-471c-9070-7dfd13eb5ac8: shutdown FollowerState
2019-10-19 01:14:27,478 [grpc-default-executor-9] INFO  impl.RaftServerImpl (RaftServerImpl.java:setRole(184)) - 61d14648-e80d-4cd8-9e7c-6deb2f21aca8@group-A3037D40E172: changes role from  FOLLOWER to FOLLOWER at term 41 for recognizeCandidate:f143d5cf-4038-4fa8-8601-f5a45f16ca3e
2019-10-19 01:14:27,478 [grpc-default-executor-9] INFO  impl.RoleInfo (RoleInfo.java:shutdownFollowerState(121)) - 61d14648-e80d-4cd8-9e7c-6deb2f21aca8: shutdown FollowerState
2019-10-19 01:14:27,478 [Thread-6834] INFO  impl.FollowerState (FollowerState.java:run(117)) - 88be3607-7667-471c-9070-7dfd13eb5ac8@group-20FCFA0487C4-FollowerState was interrupted: java.lang.InterruptedException: sleep interrupted
2019-10-19 01:14:27,478 [grpc-default-executor-3] INFO  impl.RoleInfo (RoleInfo.java:updateAndGet(143)) - 88be3607-7667-471c-9070-7dfd13eb5ac8: start FollowerState
2019-10-19 01:14:27,478 [Thread-6839] INFO  impl.FollowerState (FollowerState.java:run(117)) - 61d14648-e80d-4cd8-9e7c-6deb2f21aca8@group-A3037D40E172-FollowerState was interrupted: java.lang.InterruptedException: sleep interrupted
2019-10-19 01:14:27,478 [grpc-default-executor-9] INFO  impl.RoleInfo (RoleInfo.java:updateAndGet(143)) - 61d14648-e80d-4cd8-9e7c-6deb2f21aca8: start FollowerState
2019-10-19 01:14:27,482 [9c2d914d-67b1-4af9-8080-4d6ee007b506@group-20FCFA0487C4-LeaderElection697] INFO  impl.LeaderElection (LeaderElection.java:logAndReturn(56)) - 9c2d914d-67b1-4af9-8080-4d6ee007b506@group-20FCFA0487C4-LeaderElection697: Election REJECTED; received 2 response(s) [9c2d914d-67b1-4af9-8080-4d6ee007b506<-88be3607-7667-471c-9070-7dfd13eb5ac8#0:FAIL-t44, 9c2d914d-67b1-4af9-8080-4d6ee007b506<-61d0b7dc-5f8b-422f-8693-c58167224d24#0:FAIL-t44] and 0 exception(s); 9c2d914d-67b1-4af9-8080-4d6ee007b506@group-20FCFA0487C4:t44, leader=null, voted=9c2d914d-67b1-4af9-8080-4d6ee007b506, raftlog=9c2d914d-67b1-4af9-8080-4d6ee007b506@group-20FCFA0487C4-SegmentedRaftLog:OPENED:c-1,f-1,i0, conf=-1: [88be3607-7667-471c-9070-7dfd13eb5ac8:192.168.69.71:32925, 9c2d914d-67b1-4af9-8080-4d6ee007b506:192.168.69.71:35462, 61d0b7dc-5f8b-422f-8693-c58167224d24:192.168.69.71:43479], old=null
2019-10-19 01:14:27,482 [9c2d914d-67b1-4af9-8080-4d6ee007b506@group-20FCFA0487C4-LeaderElection697] INFO  impl.RaftServerImpl (RaftServerImpl.java:setRole(184)) - 9c2d914d-67b1-4af9-8080-4d6ee007b506@group-20FCFA0487C4: changes role from CANDIDATE to FOLLOWER at term 44 for DISCOVERED_A_NEW_TERM
2019-10-19 01:14:27,482 [f143d5cf-4038-4fa8-8601-f5a45f16ca3e@group-A3037D40E172-LeaderElection698] INFO  impl.LeaderElection (LeaderElection.java:logAndReturn(56)) - f143d5cf-4038-4fa8-8601-f5a45f16ca3e@group-A3037D40E172-LeaderElection698: Election REJECTED; received 2 response(s) [f143d5cf-4038-4fa8-8601-f5a45f16ca3e<-2543ffea-c5c6-4af0-856f-eb846bad755a#0:FAIL-t41, f143d5cf-4038-4fa8-8601-f5a45f16ca3e<-61d14648-e80d-4cd8-9e7c-6deb2f21aca8#0:FAIL-t41] and 0 exception(s); f143d5cf-4038-4fa8-8601-f5a45f16ca3e@group-A3037D40E172:t41, leader=null, voted=f143d5cf-4038-4fa8-8601-f5a45f16ca3e, raftlog=f143d5cf-4038-4fa8-8601-f5a45f16ca3e@group-A3037D40E172-SegmentedRaftLog:OPENED:c-1,f-1,i0, conf=-1: [f143d5cf-4038-4fa8-8601-f5a45f16ca3e:192.168.69.71:40169, 2543ffea-c5c6-4af0-856f-eb846bad755a:192.168.69.71:45287, 61d14648-e80d-4cd8-9e7c-6deb2f21aca8:192.168.69.71:42247], old=null
2019-10-19 01:14:27,483 [9c2d914d-67b1-4af9-8080-4d6ee007b506@group-20FCFA0487C4-LeaderElection697] INFO  impl.RoleInfo (RoleInfo.java:shutdownLeaderElection(134)) - 9c2d914d-67b1-4af9-8080-4d6ee007b506: shutdown LeaderElection
2019-10-19 01:14:27,483 [f143d5cf-4038-4fa8-8601-f5a45f16ca3e@group-A3037D40E172-LeaderElection698] INFO  impl.RaftServerImpl (RaftServerImpl.java:setRole(184)) - f143d5cf-4038-4fa8-8601-f5a45f16ca3e@group-A3037D40E172: changes role from CANDIDATE to FOLLOWER at term 41 for DISCOVERED_A_NEW_TERM
2019-10-19 01:14:27,483 [9c2d914d-67b1-4af9-8080-4d6ee007b506@group-20FCFA0487C4-LeaderElection697] INFO  impl.RoleInfo (RoleInfo.java:updateAndGet(143)) - 9c2d914d-67b1-4af9-8080-4d6ee007b506: start FollowerState
2019-10-19 01:14:27,483 [f143d5cf-4038-4fa8-8601-f5a45f16ca3e@group-A3037D40E172-LeaderElection698] INFO  impl.RoleInfo (RoleInfo.java:shutdownLeaderElection(134)) - f143d5cf-4038-4fa8-8601-f5a45f16ca3e: shutdown LeaderElection
2019-10-19 01:14:27,483 [f143d5cf-4038-4fa8-8601-f5a45f16ca3e@group-A3037D40E172-LeaderElection698] INFO  impl.RoleInfo (RoleInfo.java:updateAndGet(143)) - f143d5cf-4038-4fa8-8601-f5a45f16ca3e: start FollowerState
2019-10-19 01:14:27,644 [Thread-6852] INFO  impl.FollowerState (FollowerState.java:run(108)) - 9c2d914d-67b1-4af9-8080-4d6ee007b506@group-20FCFA0487C4-FollowerState: change to CANDIDATE, lastRpcTime:161ms, electionTimeout:161ms
2019-10-19 01:14:27,644 [Thread-6852] INFO  impl.RoleInfo (RoleInfo.java:shutdownFollowerState(121)) - 9c2d914d-67b1-4af9-8080-4d6ee007b506: shutdown FollowerState
2019-10-19 01:14:27,644 [Thread-6852] INFO  impl.RaftServerImpl (RaftServerImpl.java:setRole(184)) - 9c2d914d-67b1-4af9-8080-4d6ee007b506@group-20FCFA0487C4: changes role from  FOLLOWER to CANDIDATE at term 44 for changeToCandidate
2019-10-19 01:14:27,644 [Thread-6852] INFO  impl.RoleInfo (RoleInfo.java:updateAndGet(143)) - 9c2d914d-67b1-4af9-8080-4d6ee007b506: start LeaderElection
2019-10-19 01:14:27,657 [9c2d914d-67b1-4af9-8080-4d6ee007b506@group-20FCFA0487C4-LeaderElection699] INFO  impl.LeaderElection (LeaderElection.java:askForVotes(178)) - 9c2d914d-67b1-4af9-8080-4d6ee007b506@group-20FCFA0487C4-LeaderElection699: begin an election at term 45 for -1: [88be3607-7667-471c-9070-7dfd13eb5ac8:192.168.69.71:32925, 9c2d914d-67b1-4af9-8080-4d6ee007b506:192.168.69.71:35462, 61d0b7dc-5f8b-422f-8693-c58167224d24:192.168.69.71:43479], old=null
2019-10-19 01:14:27,658 [grpc-default-executor-9] INFO  impl.RaftServerImpl (RaftServerImpl.java:setRole(184)) - 61d0b7dc-5f8b-422f-8693-c58167224d24@group-20FCFA0487C4: changes role from  FOLLOWER to FOLLOWER at term 45 for recognizeCandidate:9c2d914d-67b1-4af9-8080-4d6ee007b506
2019-10-19 01:14:27,658 [grpc-default-executor-9] INFO  impl.RoleInfo (RoleInfo.java:shutdownFollowerState(121)) - 61d0b7dc-5f8b-422f-8693-c58167224d24: shutdown FollowerState
2019-10-19 01:14:27,658 [grpc-default-executor-9] INFO  impl.RoleInfo (RoleInfo.java:updateAndGet(143)) - 61d0b7dc-5f8b-422f-8693-c58167224d24: start FollowerState
2019-10-19 01:14:27,658 [grpc-default-executor-3] INFO  impl.RaftServerImpl (RaftServerImpl.java:setRole(184)) - 88be3607-7667-471c-9070-7dfd13eb5ac8@group-20FCFA0487C4: changes role from  FOLLOWER to FOLLOWER at term 45 for recognizeCandidate:9c2d914d-67b1-4af9-8080-4d6ee007b506
2019-10-19 01:14:27,658 [grpc-default-executor-3] INFO  impl.RoleInfo (RoleInfo.java:shutdownFollowerState(121)) - 88be3607-7667-471c-9070-7dfd13eb5ac8: shutdown FollowerState
2019-10-19 01:14:27,658 [Thread-6848] INFO  impl.FollowerState (FollowerState.java:run(117)) - 61d0b7dc-5f8b-422f-8693-c58167224d24@group-20FCFA0487C4-FollowerState was interrupted: java.lang.InterruptedException: sleep interrupted
2019-10-19 01:14:27,659 [Thread-6850] INFO  impl.FollowerState (FollowerState.java:run(117)) - 88be3607-7667-471c-9070-7dfd13eb5ac8@group-20FCFA0487C4-FollowerState was interrupted: java.lang.InterruptedException: sleep interrupted
2019-10-19 01:14:27,659 [grpc-default-executor-3] INFO  impl.RoleInfo (RoleInfo.java:updateAndGet(143)) - 88be3607-7667-471c-9070-7dfd13eb5ac8: start FollowerState
2019-10-19 01:14:27,672 [9c2d914d-67b1-4af9-8080-4d6ee007b506@group-20FCFA0487C4-LeaderElection699] INFO  impl.LeaderElection (LeaderElection.java:logAndReturn(56)) - 9c2d914d-67b1-4af9-8080-4d6ee007b506@group-20FCFA0487C4-LeaderElection699: Election REJECTED; received 2 response(s) [9c2d914d-67b1-4af9-8080-4d6ee007b506<-88be3607-7667-471c-9070-7dfd13eb5ac8#0:FAIL-t45, 9c2d914d-67b1-4af9-8080-4d6ee007b506<-61d0b7dc-5f8b-422f-8693-c58167224d24#0:FAIL-t45] and 0 exception(s); 9c2d914d-67b1-4af9-8080-4d6ee007b506@group-20FCFA0487C4:t45, leader=null, voted=9c2d914d-67b1-4af9-8080-4d6ee007b506, raftlog=9c2d914d-67b1-4af9-8080-4d6ee007b506@group-20FCFA0487C4-SegmentedRaftLog:OPENED:c-1,f-1,i0, conf=-1: [88be3607-7667-471c-9070-7dfd13eb5ac8:192.168.69.71:32925, 9c2d914d-67b1-4af9-8080-4d6ee007b506:192.168.69.71:35462, 61d0b7dc-5f8b-422f-8693-c58167224d24:192.168.69.71:43479], old=null
2019-10-19 01:14:27,672 [9c2d914d-67b1-4af9-8080-4d6ee007b506@group-20FCFA0487C4-LeaderElection699] INFO  impl.RaftServerImpl (RaftServerImpl.java:setRole(184)) - 9c2d914d-67b1-4af9-8080-4d6ee007b506@group-20FCFA0487C4: changes role from CANDIDATE to FOLLOWER at term 45 for DISCOVERED_A_NEW_TERM
2019-10-19 01:14:27,673 [9c2d914d-67b1-4af9-8080-4d6ee007b506@group-20FCFA0487C4-LeaderElection699] INFO  impl.RoleInfo (RoleInfo.java:shutdownLeaderElection(134)) - 9c2d914d-67b1-4af9-8080-4d6ee007b506: shutdown LeaderElection
2019-10-19 01:14:27,673 [9c2d914d-67b1-4af9-8080-4d6ee007b506@group-20FCFA0487C4-LeaderElection699] INFO  impl.RoleInfo (RoleInfo.java:updateAndGet(143)) - 9c2d914d-67b1-4af9-8080-4d6ee007b506: start FollowerState
2019-10-19 01:14:27,683 [Thread-6853] INFO  impl.FollowerState (FollowerState.java:run(108)) - f143d5cf-4038-4fa8-8601-f5a45f16ca3e@group-A3037D40E172-FollowerState: change to CANDIDATE, lastRpcTime:200ms, electionTimeout:200ms
2019-10-19 01:14:27,683 [Thread-6853] INFO  impl.RoleInfo (RoleInfo.java:shutdownFollowerState(121)) - f143d5cf-4038-4fa8-8601-f5a45f16ca3e: shutdown FollowerState
2019-10-19 01:14:27,683 [Thread-6853] INFO  impl.RaftServerImpl (RaftServerImpl.java:setRole(184)) - f143d5cf-4038-4fa8-8601-f5a45f16ca3e@group-A3037D40E172: changes role from  FOLLOWER to CANDIDATE at term 41 for changeToCandidate
2019-10-19 01:14:27,683 [Thread-6853] INFO  impl.RoleInfo (RoleInfo.java:updateAndGet(143)) - f143d5cf-4038-4fa8-8601-f5a45f16ca3e: start LeaderElection
2019-10-19 01:14:27,696 [f143d5cf-4038-4fa8-8601-f5a45f16ca3e@group-A3037D40E172-LeaderElection700] INFO  impl.LeaderElection (LeaderElection.java:askForVotes(178)) - f143d5cf-4038-4fa8-8601-f5a45f16ca3e@group-A3037D40E172-LeaderElection700: begin an election at term 42 for -1: [f143d5cf-4038-4fa8-8601-f5a45f16ca3e:192.168.69.71:40169, 2543ffea-c5c6-4af0-856f-eb846bad755a:192.168.69.71:45287, 61d14648-e80d-4cd8-9e7c-6deb2f21aca8:192.168.69.71:42247], old=null
2019-10-19 01:14:27,697 [grpc-default-executor-9] INFO  impl.RaftServerImpl (RaftServerImpl.java:setRole(184)) - 2543ffea-c5c6-4af0-856f-eb846bad755a@group-A3037D40E172: changes role from  FOLLOWER to FOLLOWER at term 42 for recognizeCandidate:f143d5cf-4038-4fa8-8601-f5a45f16ca3e
2019-10-19 01:14:27,697 [grpc-default-executor-9] INFO  impl.RoleInfo (RoleInfo.java:shutdownFollowerState(121)) - 2543ffea-c5c6-4af0-856f-eb846bad755a: shutdown FollowerState
2019-10-19 01:14:27,697 [grpc-default-executor-3] INFO  impl.RaftServerImpl (RaftServerImpl.java:setRole(184)) - 61d14648-e80d-4cd8-9e7c-6deb2f21aca8@group-A3037D40E172: changes role from  FOLLOWER to FOLLOWER at term 42 for recognizeCandidate:f143d5cf-4038-4fa8-8601-f5a45f16ca3e
2019-10-19 01:14:27,697 [grpc-default-executor-3] INFO  impl.RoleInfo (RoleInfo.java:shutdownFollowerState(121)) - 61d14648-e80d-4cd8-9e7c-6deb2f21aca8: shutdown FollowerState
2019-10-19 01:14:27,697 [Thread-6849] INFO  impl.FollowerState (FollowerState.java:run(117)) - 2543ffea-c5c6-4af0-856f-eb846bad755a@group-A3037D40E172-FollowerState was interrupted: java.lang.InterruptedException: sleep interrupted
2019-10-19 01:14:27,697 [Thread-6851] INFO  impl.FollowerState (FollowerState.java:run(117)) - 61d14648-e80d-4cd8-9e7c-6deb2f21aca8@group-A3037D40E172-FollowerState was interrupted: java.lang.InterruptedException: sleep interrupted
2019-10-19 01:14:27,697 [grpc-default-executor-9] INFO  impl.RoleInfo (RoleInfo.java:updateAndGet(143)) - 2543ffea-c5c6-4af0-856f-eb846bad755a: start FollowerState
2019-10-19 01:14:27,697 [grpc-default-executor-3] INFO  impl.RoleInfo (RoleInfo.java:updateAndGet(143)) - 61d14648-e80d-4cd8-9e7c-6deb2f21aca8: start FollowerState
2019-10-19 01:14:27,710 [f143d5cf-4038-4fa8-8601-f5a45f16ca3e@group-A3037D40E172-LeaderElection700] INFO  impl.LeaderElection (LeaderElection.java:logAndReturn(56)) - f143d5cf-4038-4fa8-8601-f5a45f16ca3e@group-A3037D40E172-LeaderElection700: Election REJECTED; received 2 response(s) [f143d5cf-4038-4fa8-8601-f5a45f16ca3e<-2543ffea-c5c6-4af0-856f-eb846bad755a#0:FAIL-t42, f143d5cf-4038-4fa8-8601-f5a45f16ca3e<-61d14648-e80d-4cd8-9e7c-6deb2f21aca8#0:FAIL-t42] and 0 exception(s); f143d5cf-4038-4fa8-8601-f5a45f16ca3e@group-A3037D40E172:t42, leader=null, voted=f143d5cf-4038-4fa8-8601-f5a45f16ca3e, raftlog=f143d5cf-4038-4fa8-8601-f5a45f16ca3e@group-A3037D40E172-SegmentedRaftLog:OPENED:c-1,f-1,i0, conf=-1: [f143d5cf-4038-4fa8-8601-f5a45f16ca3e:192.168.69.71:40169, 2543ffea-c5c6-4af0-856f-eb846bad755a:192.168.69.71:45287, 61d14648-e80d-4cd8-9e7c-6deb2f21aca8:192.168.69.71:42247], old=null
2019-10-19 01:14:27,711 [f143d5cf-4038-4fa8-8601-f5a45f16ca3e@group-A3037D40E172-LeaderElection700] INFO  impl.RaftServerImpl (RaftServerImpl.java:setRole(184)) - f143d5cf-4038-4fa8-8601-f5a45f16ca3e@group-A3037D40E172: changes role from CANDIDATE to FOLLOWER at term 42 for DISCOVERED_A_NEW_TERM
2019-10-19 01:14:27,711 [f143d5cf-4038-4fa8-8601-f5a45f16ca3e@group-A3037D40E172-LeaderElection700] INFO  impl.RoleInfo (RoleInfo.java:shutdownLeaderElection(134)) - f143d5cf-4038-4fa8-8601-f5a45f16ca3e: shutdown LeaderElection
2019-10-19 01:14:27,711 [f143d5cf-4038-4fa8-8601-f5a45f16ca3e@group-A3037D40E172-LeaderElection700] INFO  impl.RoleInfo (RoleInfo.java:updateAndGet(143)) - f143d5cf-4038-4fa8-8601-f5a45f16ca3e: start FollowerState
2019-10-19 01:14:27,782 [Thread-6867] INFO  impl.FollowerState (FollowerState.java:run(108)) - f143d5cf-4038-4fa8-8601-f5a45f16ca3e@group-A3037D40E172-FollowerState: change to CANDIDATE, lastRpcTime:71ms, electionTimeout:71ms
2019-10-19 01:14:27,782 [Thread-6867] INFO  impl.RoleInfo (RoleInfo.java:shutdownFollowerState(121)) - f143d5cf-4038-4fa8-8601-f5a45f16ca3e: shutdown FollowerState
2019-10-19 01:14:27,782 [Thread-6867] INFO  impl.RaftServerImpl (RaftServerImpl.java:setRole(184)) - f143d5cf-4038-4fa8-8601-f5a45f16ca3e@group-A3037D40E172: changes role from  FOLLOWER to CANDIDATE at term 42 for changeToCandidate
2019-10-19 01:14:27,782 [Thread-6867] INFO  impl.RoleInfo (RoleInfo.java:updateAndGet(143)) - f143d5cf-4038-4fa8-8601-f5a45f16ca3e: start LeaderElection
2019-10-19 01:14:27,795 [f143d5cf-4038-4fa8-8601-f5a45f16ca3e@group-A3037D40E172-LeaderElection701] INFO  impl.LeaderElection (LeaderElection.java:askForVotes(178)) - f143d5cf-4038-4fa8-8601-f5a45f16ca3e@group-A3037D40E172-LeaderElection701: begin an election at term 43 for -1: [f143d5cf-4038-4fa8-8601-f5a45f16ca3e:192.168.69.71:40169, 2543ffea-c5c6-4af0-856f-eb846bad755a:192.168.69.71:45287, 61d14648-e80d-4cd8-9e7c-6deb2f21aca8:192.168.69.71:42247], old=null
2019-10-19 01:14:27,798 [grpc-default-executor-9] INFO  impl.RaftServerImpl (RaftServerImpl.java:setRole(184)) - 2543ffea-c5c6-4af0-856f-eb846bad755a@group-A3037D40E172: changes role from  FOLLOWER to FOLLOWER at term 43 for recognizeCandidate:f143d5cf-4038-4fa8-8601-f5a45f16ca3e
2019-10-19 01:14:27,798 [grpc-default-executor-9] INFO  impl.RoleInfo (RoleInfo.java:shutdownFollowerState(121)) - 2543ffea-c5c6-4af0-856f-eb846bad755a: shutdown FollowerState
2019-10-19 01:14:27,798 [grpc-default-executor-3] INFO  impl.RaftServerImpl (RaftServerImpl.java:setRole(184)) - 61d14648-e80d-4cd8-9e7c-6deb2f21aca8@group-A3037D40E172: changes role from  FOLLOWER to FOLLOWER at term 43 for recognizeCandidate:f143d5cf-4038-4fa8-8601-f5a45f16ca3e
2019-10-19 01:14:27,799 [grpc-default-executor-3] INFO  impl.RoleInfo (RoleInfo.java:shutdownFollowerState(121)) - 61d14648-e80d-4cd8-9e7c-6deb2f21aca8: shutdown FollowerState
2019-10-19 01:14:27,799 [Thread-6865] INFO  impl.FollowerState (FollowerState.java:run(117)) - 2543ffea-c5c6-4af0-856f-eb846bad755a@group-A3037D40E172-FollowerState was interrupted: java.lang.InterruptedException: sleep interrupted
2019-10-19 01:14:27,799 [grpc-default-executor-9] INFO  impl.RoleInfo (RoleInfo.java:updateAndGet(143)) - 2543ffea-c5c6-4af0-856f-eb846bad755a: start FollowerState
2019-10-19 01:14:27,799 [Thread-6866] INFO  impl.FollowerState (FollowerState.java:run(117)) - 61d14648-e80d-4cd8-9e7c-6deb2f21aca8@group-A3037D40E172-FollowerState was interrupted: java.lang.InterruptedException: sleep interrupted
2019-10-19 01:14:27,799 [grpc-default-executor-3] INFO  impl.RoleInfo (RoleInfo.java:updateAndGet(143)) - 61d14648-e80d-4cd8-9e7c-6deb2f21aca8: start FollowerState
2019-10-19 01:14:27,805 [Thread-6861] INFO  impl.FollowerState (FollowerState.java:run(108)) - 9c2d914d-67b1-4af9-8080-4d6ee007b506@group-20FCFA0487C4-FollowerState: change to CANDIDATE, lastRpcTime:132ms, electionTimeout:132ms
2019-10-19 01:14:27,805 [Thread-6861] INFO  impl.RoleInfo (RoleInfo.java:shutdownFollowerState(121)) - 9c2d914d-67b1-4af9-8080-4d6ee007b506: shutdown FollowerState
2019-10-19 01:14:27,805 [Thread-6861] INFO  impl.RaftServerImpl (RaftServerImpl.java:setRole(184)) - 9c2d914d-67b1-4af9-8080-4d6ee007b506@group-20FCFA0487C4: changes role from  FOLLOWER to CANDIDATE at term 45 for changeToCandidate
2019-10-19 01:14:27,805 [Thread-6861] INFO  impl.RoleInfo (RoleInfo.java:updateAndGet(143)) - 9c2d914d-67b1-4af9-8080-4d6ee007b506: start LeaderElection
2019-10-19 01:14:27,811 [9c2d914d-67b1-4af9-8080-4d6ee007b506@group-20FCFA0487C4-LeaderElection702] INFO  impl.LeaderElection (LeaderElection.java:askForVotes(178)) - 9c2d914d-67b1-4af9-8080-4d6ee007b506@group-20FCFA0487C4-LeaderElection702: begin an election at term 46 for -1: [88be3607-7667-471c-9070-7dfd13eb5ac8:192.168.69.71:32925, 9c2d914d-67b1-4af9-8080-4d6ee007b506:192.168.69.71:35462, 61d0b7dc-5f8b-422f-8693-c58167224d24:192.168.69.71:43479], old=null
2019-10-19 01:14:27,812 [f143d5cf-4038-4fa8-8601-f5a45f16ca3e@group-A3037D40E172-LeaderElection701] INFO  impl.LeaderElection (LeaderElection.java:logAndReturn(56)) - f143d5cf-4038-4fa8-8601-f5a45f16ca3e@group-A3037D40E172-LeaderElection701: Election REJECTED; received 2 response(s) [f143d5cf-4038-4fa8-8601-f5a45f16ca3e<-2543ffea-c5c6-4af0-856f-eb846bad755a#0:FAIL-t43, f143d5cf-4038-4fa8-8601-f5a45f16ca3e<-61d14648-e80d-4cd8-9e7c-6deb2f21aca8#0:FAIL-t43] and 0 exception(s); f143d5cf-4038-4fa8-8601-f5a45f16ca3e@group-A3037D40E172:t43, leader=null, voted=f143d5cf-4038-4fa8-8601-f5a45f16ca3e, raftlog=f143d5cf-4038-4fa8-8601-f5a45f16ca3e@group-A3037D40E172-SegmentedRaftLog:OPENED:c-1,f-1,i0, conf=-1: [f143d5cf-4038-4fa8-8601-f5a45f16ca3e:192.168.69.71:40169, 2543ffea-c5c6-4af0-856f-eb846bad755a:192.168.69.71:45287, 61d14648-e80d-4cd8-9e7c-6deb2f21aca8:192.168.69.71:42247], old=null
2019-10-19 01:14:27,812 [f143d5cf-4038-4fa8-8601-f5a45f16ca3e@group-A3037D40E172-LeaderElection701] INFO  impl.RaftServerImpl (RaftServerImpl.java:setRole(184)) - f143d5cf-4038-4fa8-8601-f5a45f16ca3e@group-A3037D40E172: changes role from CANDIDATE to FOLLOWER at term 43 for DISCOVERED_A_NEW_TERM
2019-10-19 01:14:27,812 [f143d5cf-4038-4fa8-8601-f5a45f16ca3e@group-A3037D40E172-LeaderElection701] INFO  impl.RoleInfo (RoleInfo.java:shutdownLeaderElection(134)) - f143d5cf-4038-4fa8-8601-f5a45f16ca3e: shutdown LeaderElection
2019-10-19 01:14:27,812 [f143d5cf-4038-4fa8-8601-f5a45f16ca3e@group-A3037D40E172-LeaderElection701] INFO  impl.RoleInfo (RoleInfo.java:updateAndGet(143)) - f143d5cf-4038-4fa8-8601-f5a45f16ca3e: start FollowerState
2019-10-19 01:14:27,812 [grpc-default-executor-9] INFO  impl.RaftServerImpl (RaftServerImpl.java:setRole(184)) - 88be3607-7667-471c-9070-7dfd13eb5ac8@group-20FCFA0487C4: changes role from  FOLLOWER to FOLLOWER at term 46 for recognizeCandidate:9c2d914d-67b1-4af9-8080-4d6ee007b506
2019-10-19 01:14:27,812 [grpc-default-executor-9] INFO  impl.RoleInfo (RoleInfo.java:shutdownFollowerState(121)) - 88be3607-7667-471c-9070-7dfd13eb5ac8: shutdown FollowerState
2019-10-19 01:14:27,812 [grpc-default-executor-3] INFO  impl.RaftServerImpl (RaftServerImpl.java:setRole(184)) - 61d0b7dc-5f8b-422f-8693-c58167224d24@group-20FCFA0487C4: changes role from  FOLLOWER to FOLLOWER at term 46 for recognizeCandidate:9c2d914d-67b1-4af9-8080-4d6ee007b506
2019-10-19 01:14:27,812 [grpc-default-executor-9] INFO  impl.RoleInfo (RoleInfo.java:updateAndGet(143)) - 88be3607-7667-471c-9070-7dfd13eb5ac8: start FollowerState
2019-10-19 01:14:27,812 [Thread-6860] INFO  impl.FollowerState (FollowerState.java:run(117)) - 88be3607-7667-471c-9070-7dfd13eb5ac8@group-20FCFA0487C4-FollowerState was interrupted: java.lang.InterruptedException: sleep interrupted
2019-10-19 01:14:27,812 [grpc-default-executor-3] INFO  impl.RoleInfo (RoleInfo.java:shutdownFollowerState(121)) - 61d0b7dc-5f8b-422f-8693-c58167224d24: shutdown FollowerState
2019-10-19 01:14:27,813 [grpc-default-executor-3] INFO  impl.RoleInfo (RoleInfo.java:updateAndGet(143)) - 61d0b7dc-5f8b-422f-8693-c58167224d24: start FollowerState
2019-10-19 01:14:27,813 [Thread-6859] INFO  impl.FollowerState (FollowerState.java:run(117)) - 61d0b7dc-5f8b-422f-8693-c58167224d24@group-20FCFA0487C4-FollowerState was interrupted: java.lang.InterruptedException: sleep interrupted
2019-10-19 01:14:27,822 [9c2d914d-67b1-4af9-8080-4d6ee007b506@group-20FCFA0487C4-LeaderElection702] INFO  impl.LeaderElection (LeaderElection.java:logAndReturn(56)) - 9c2d914d-67b1-4af9-8080-4d6ee007b506@group-20FCFA0487C4-LeaderElection702: Election REJECTED; received 2 response(s) [9c2d914d-67b1-4af9-8080-4d6ee007b506<-88be3607-7667-471c-9070-7dfd13eb5ac8#0:FAIL-t46, 9c2d914d-67b1-4af9-8080-4d6ee007b506<-61d0b7dc-5f8b-422f-8693-c58167224d24#0:FAIL-t46] and 0 exception(s); 9c2d914d-67b1-4af9-8080-4d6ee007b506@group-20FCFA0487C4:t46, leader=null, voted=9c2d914d-67b1-4af9-8080-4d6ee007b506, raftlog=9c2d914d-67b1-4af9-8080-4d6ee007b506@group-20FCFA0487C4-SegmentedRaftLog:OPENED:c-1,f-1,i0, conf=-1: [88be3607-7667-471c-9070-7dfd13eb5ac8:192.168.69.71:32925, 9c2d914d-67b1-4af9-8080-4d6ee007b506:192.168.69.71:35462, 61d0b7dc-5f8b-422f-8693-c58167224d24:192.168.69.71:43479], old=null
2019-10-19 01:14:27,823 [9c2d914d-67b1-4af9-8080-4d6ee007b506@group-20FCFA0487C4-LeaderElection702] INFO  impl.RaftServerImpl (RaftServerImpl.java:setRole(184)) - 9c2d914d-67b1-4af9-8080-4d6ee007b506@group-20FCFA0487C4: changes role from CANDIDATE to FOLLOWER at term 46 for DISCOVERED_A_NEW_TERM
2019-10-19 01:14:27,823 [9c2d914d-67b1-4af9-8080-4d6ee007b506@group-20FCFA0487C4-LeaderElection702] INFO  impl.RoleInfo (RoleInfo.java:shutdownLeaderElection(134)) - 9c2d914d-67b1-4af9-8080-4d6ee007b506: shutdown LeaderElection
2019-10-19 01:14:27,823 [9c2d914d-67b1-4af9-8080-4d6ee007b506@group-20FCFA0487C4-LeaderElection702] INFO  impl.RoleInfo (RoleInfo.java:updateAndGet(143)) - 9c2d914d-67b1-4af9-8080-4d6ee007b506: start FollowerState
2019-10-19 01:14:27,889 [Thread-6878] INFO  impl.FollowerState (FollowerState.java:run(108)) - f143d5cf-4038-4fa8-8601-f5a45f16ca3e@group-A3037D40E172-FollowerState: change to CANDIDATE, lastRpcTime:77ms, electionTimeout:77ms
2019-10-19 01:14:27,889 [Thread-6878] INFO  impl.RoleInfo (RoleInfo.java:shutdownFollowerState(121)) - f143d5cf-4038-4fa8-8601-f5a45f16ca3e: shutdown FollowerState
2019-10-19 01:14:27,890 [Thread-6878] INFO  impl.RaftServerImpl (RaftServerImpl.java:setRole(184)) - f143d5cf-4038-4fa8-8601-f5a45f16ca3e@group-A3037D40E172: changes role from  FOLLOWER to CANDIDATE at term 43 for changeToCandidate
2019-10-19 01:14:27,890 [Thread-6878] INFO  impl.RoleInfo (RoleInfo.java:updateAndGet(143)) - f143d5cf-4038-4fa8-8601-f5a45f16ca3e: start LeaderElection
2019-10-19 01:14:27,902 [f143d5cf-4038-4fa8-8601-f5a45f16ca3e@group-A3037D40E172-LeaderElection703] INFO  impl.LeaderElection (LeaderElection.java:askForVotes(178)) - f143d5cf-4038-4fa8-8601-f5a45f16ca3e@group-A3037D40E172-LeaderElection703: begin an election at term 44 for -1: [f143d5cf-4038-4fa8-8601-f5a45f16ca3e:192.168.69.71:40169, 2543ffea-c5c6-4af0-856f-eb846bad755a:192.168.69.71:45287, 61d14648-e80d-4cd8-9e7c-6deb2f21aca8:192.168.69.71:42247], old=null
2019-10-19 01:14:27,903 [grpc-default-executor-3] INFO  impl.RaftServerImpl (RaftServerImpl.java:setRole(184)) - 61d14648-e80d-4cd8-9e7c-6deb2f21aca8@group-A3037D40E172: changes role from  FOLLOWER to FOLLOWER at term 44 for recognizeCandidate:f143d5cf-4038-4fa8-8601-f5a45f16ca3e
2019-10-19 01:14:27,903 [grpc-default-executor-3] INFO  impl.RoleInfo (RoleInfo.java:shutdownFollowerState(121)) - 61d14648-e80d-4cd8-9e7c-6deb2f21aca8: shutdown FollowerState
2019-10-19 01:14:27,903 [grpc-default-executor-9] INFO  impl.RaftServerImpl (RaftServerImpl.java:setRole(184)) - 2543ffea-c5c6-4af0-856f-eb846bad755a@group-A3037D40E172: changes role from  FOLLOWER to FOLLOWER at term 44 for recognizeCandidate:f143d5cf-4038-4fa8-8601-f5a45f16ca3e
2019-10-19 01:14:27,904 [Thread-6874] INFO  impl.FollowerState (FollowerState.java:run(117)) - 61d14648-e80d-4cd8-9e7c-6deb2f21aca8@group-A3037D40E172-FollowerState was interrupted: java.lang.InterruptedException: sleep interrupted
2019-10-19 01:14:27,904 [grpc-default-executor-3] INFO  impl.RoleInfo (RoleInfo.java:updateAndGet(143)) - 61d14648-e80d-4cd8-9e7c-6deb2f21aca8: start FollowerState
2019-10-19 01:14:27,904 [grpc-default-executor-9] INFO  impl.RoleInfo (RoleInfo.java:shutdownFollowerState(121)) - 2543ffea-c5c6-4af0-856f-eb846bad755a: shutdown FollowerState
2019-10-19 01:14:27,904 [grpc-default-executor-9] INFO  impl.RoleInfo (RoleInfo.java:updateAndGet(143)) - 2543ffea-c5c6-4af0-856f-eb846bad755a: start FollowerState
2019-10-19 01:14:27,904 [Thread-6873] INFO  impl.FollowerState (FollowerState.java:run(117)) - 2543ffea-c5c6-4af0-856f-eb846bad755a@group-A3037D40E172-FollowerState was interrupted: java.lang.InterruptedException: sleep interrupted
2019-10-19 01:14:27,917 [f143d5cf-4038-4fa8-8601-f5a45f16ca3e@group-A3037D40E172-LeaderElection703] INFO  impl.LeaderElection (LeaderElection.java:logAndReturn(56)) - f143d5cf-4038-4fa8-8601-f5a45f16ca3e@group-A3037D40E172-LeaderElection703: Election REJECTED; received 2 response(s) [f143d5cf-4038-4fa8-8601-f5a45f16ca3e<-2543ffea-c5c6-4af0-856f-eb846bad755a#0:FAIL-t44, f143d5cf-4038-4fa8-8601-f5a45f16ca3e<-61d14648-e80d-4cd8-9e7c-6deb2f21aca8#0:FAIL-t44] and 0 exception(s); f143d5cf-4038-4fa8-8601-f5a45f16ca3e@group-A3037D40E172:t44, leader=null, voted=f143d5cf-4038-4fa8-8601-f5a45f16ca3e, raftlog=f143d5cf-4038-4fa8-8601-f5a45f16ca3e@group-A3037D40E172-SegmentedRaftLog:OPENED:c-1,f-1,i0, conf=-1: [f143d5cf-4038-4fa8-8601-f5a45f16ca3e:192.168.69.71:40169, 2543ffea-c5c6-4af0-856f-eb846bad755a:192.168.69.71:45287, 61d14648-e80d-4cd8-9e7c-6deb2f21aca8:192.168.69.71:42247], old=null
2019-10-19 01:14:27,918 [f143d5cf-4038-4fa8-8601-f5a45f16ca3e@group-A3037D40E172-LeaderElection703] INFO  impl.RaftServerImpl (RaftServerImpl.java:setRole(184)) - f143d5cf-4038-4fa8-8601-f5a45f16ca3e@group-A3037D40E172: changes role from CANDIDATE to FOLLOWER at term 44 for DISCOVERED_A_NEW_TERM
2019-10-19 01:14:27,918 [f143d5cf-4038-4fa8-8601-f5a45f16ca3e@group-A3037D40E172-LeaderElection703] INFO  impl.RoleInfo (RoleInfo.java:shutdownLeaderElection(134)) - f143d5cf-4038-4fa8-8601-f5a45f16ca3e: shutdown LeaderElection
2019-10-19 01:14:27,918 [f143d5cf-4038-4fa8-8601-f5a45f16ca3e@group-A3037D40E172-LeaderElection703] INFO  impl.RoleInfo (RoleInfo.java:updateAndGet(143)) - f143d5cf-4038-4fa8-8601-f5a45f16ca3e: start FollowerState
2019-10-19 01:14:27,940 [Thread-6887] INFO  impl.FollowerState (FollowerState.java:run(108)) - f143d5cf-4038-4fa8-8601-f5a45f16ca3e@group-A3037D40E172-FollowerState: change to CANDIDATE, lastRpcTime:22ms, electionTimeout:22ms
2019-10-19 01:14:27,940 [Thread-6887] INFO  impl.RoleInfo (RoleInfo.java:shutdownFollowerState(121)) - f143d5cf-4038-4fa8-8601-f5a45f16ca3e: shutdown FollowerState
2019-10-19 01:14:27,940 [Thread-6887] INFO  impl.RaftServerImpl (RaftServerImpl.java:setRole(184)) - f143d5cf-4038-4fa8-8601-f5a45f16ca3e@group-A3037D40E172: changes role from  FOLLOWER to CANDIDATE at term 44 for changeToCandidate
2019-10-19 01:14:27,940 [Thread-6887] INFO  impl.RoleInfo (RoleInfo.java:updateAndGet(143)) - f143d5cf-4038-4fa8-8601-f5a45f16ca3e: start LeaderElection
2019-10-19 01:14:27,954 [f143d5cf-4038-4fa8-8601-f5a45f16ca3e@group-A3037D40E172-LeaderElection704] INFO  impl.LeaderElection (LeaderElection.java:askForVotes(178)) - f143d5cf-4038-4fa8-8601-f5a45f16ca3e@group-A3037D40E172-LeaderElection704: begin an election at term 45 for -1: [f143d5cf-4038-4fa8-8601-f5a45f16ca3e:192.168.69.71:40169, 2543ffea-c5c6-4af0-856f-eb846bad755a:192.168.69.71:45287, 61d14648-e80d-4cd8-9e7c-6deb2f21aca8:192.168.69.71:42247], old=null
2019-10-19 01:14:27,954 [grpc-default-executor-9] INFO  impl.RaftServerImpl (RaftServerImpl.java:setRole(184)) - 2543ffea-c5c6-4af0-856f-eb846bad755a@group-A3037D40E172: changes role from  FOLLOWER to FOLLOWER at term 45 for recognizeCandidate:f143d5cf-4038-4fa8-8601-f5a45f16ca3e
2019-10-19 01:14:27,954 [grpc-default-executor-9] INFO  impl.RoleInfo (RoleInfo.java:shutdownFollowerState(121)) - 2543ffea-c5c6-4af0-856f-eb846bad755a: shutdown FollowerState
2019-10-19 01:14:27,955 [grpc-default-executor-9] INFO  impl.RoleInfo (RoleInfo.java:updateAndGet(143)) - 2543ffea-c5c6-4af0-856f-eb846bad755a: start FollowerState
2019-10-19 01:14:27,955 [grpc-default-executor-3] INFO  impl.RaftServerImpl (RaftServerImpl.java:setRole(184)) - 61d14648-e80d-4cd8-9e7c-6deb2f21aca8@group-A3037D40E172: changes role from  FOLLOWER to FOLLOWER at term 45 for recognizeCandidate:f143d5cf-4038-4fa8-8601-f5a45f16ca3e
2019-10-19 01:14:27,955 [grpc-default-executor-3] INFO  impl.RoleInfo (RoleInfo.java:shutdownFollowerState(121)) - 61d14648-e80d-4cd8-9e7c-6deb2f21aca8: shutdown FollowerState
2019-10-19 01:14:27,955 [Thread-6886] INFO  impl.FollowerState (FollowerState.java:run(117)) - 2543ffea-c5c6-4af0-856f-eb846bad755a@group-A3037D40E172-FollowerState was interrupted: java.lang.InterruptedException: sleep interrupted
2019-10-19 01:14:27,955 [Thread-6885] INFO  impl.FollowerState (FollowerState.java:run(117)) - 61d14648-e80d-4cd8-9e7c-6deb2f21aca8@group-A3037D40E172-FollowerState was interrupted: java.lang.InterruptedException: sleep interrupted
2019-10-19 01:14:27,955 [grpc-default-executor-3] INFO  impl.RoleInfo (RoleInfo.java:updateAndGet(143)) - 61d14648-e80d-4cd8-9e7c-6deb2f21aca8: start FollowerState
2019-10-19 01:14:27,963 [f143d5cf-4038-4fa8-8601-f5a45f16ca3e@group-A3037D40E172-LeaderElection704] INFO  impl.LeaderElection (LeaderElection.java:logAndReturn(56)) - f143d5cf-4038-4fa8-8601-f5a45f16ca3e@group-A3037D40E172-LeaderElection704: Election TIMEOUT; received 0 response(s) [] and 0 exception(s); f143d5cf-4038-4fa8-8601-f5a45f16ca3e@group-A3037D40E172:t45, leader=null, voted=f143d5cf-4038-4fa8-8601-f5a45f16ca3e, raftlog=f143d5cf-4038-4fa8-8601-f5a45f16ca3e@group-A3037D40E172-SegmentedRaftLog:OPENED:c-1,f-1,i0, conf=-1: [f143d5cf-4038-4fa8-8601-f5a45f16ca3e:192.168.69.71:40169, 2543ffea-c5c6-4af0-856f-eb846bad755a:192.168.69.71:45287, 61d14648-e80d-4cd8-9e7c-6deb2f21aca8:192.168.69.71:42247], old=null
2019-10-19 01:14:27,967 [f143d5cf-4038-4fa8-8601-f5a45f16ca3e@group-A3037D40E172-LeaderElection704] INFO  impl.LeaderElection (LeaderElection.java:askForVotes(178)) - f143d5cf-4038-4fa8-8601-f5a45f16ca3e@group-A3037D40E172-LeaderElection704: begin an election at term 46 for -1: [f143d5cf-4038-4fa8-8601-f5a45f16ca3e:192.168.69.71:40169, 2543ffea-c5c6-4af0-856f-eb846bad755a:192.168.69.71:45287, 61d14648-e80d-4cd8-9e7c-6deb2f21aca8:192.168.69.71:42247], old=null
2019-10-19 01:14:27,971 [Thread-6881] INFO  impl.FollowerState (FollowerState.java:run(108)) - 9c2d914d-67b1-4af9-8080-4d6ee007b506@group-20FCFA0487C4-FollowerState: change to CANDIDATE, lastRpcTime:148ms, electionTimeout:148ms
2019-10-19 01:14:27,971 [Thread-6881] INFO  impl.RoleInfo (RoleInfo.java:shutdownFollowerState(121)) - 9c2d914d-67b1-4af9-8080-4d6ee007b506: shutdown FollowerState
2019-10-19 01:14:27,971 [Thread-6881] INFO  impl.RaftServerImpl (RaftServerImpl.java:setRole(184)) - 9c2d914d-67b1-4af9-8080-4d6ee007b506@group-20FCFA0487C4: changes role from  FOLLOWER to CANDIDATE at term 46 for changeToCandidate
2019-10-19 01:14:27,972 [grpc-default-executor-9] INFO  impl.RaftServerImpl (RaftServerImpl.java:setRole(184)) - 2543ffea-c5c6-4af0-856f-eb846bad755a@group-A3037D40E172: changes role from  FOLLOWER to FOLLOWER at term 46 for recognizeCandidate:f143d5cf-4038-4fa8-8601-f5a45f16ca3e
2019-10-19 01:14:27,972 [grpc-default-executor-9] INFO  impl.RoleInfo (RoleInfo.java:shutdownFollowerState(121)) - 2543ffea-c5c6-4af0-856f-eb846bad755a: shutdown FollowerState
2019-10-19 01:14:27,972 [Thread-6881] INFO  impl.RoleInfo (RoleInfo.java:updateAndGet(143)) - 9c2d914d-67b1-4af9-8080-4d6ee007b506: start LeaderElection
2019-10-19 01:14:27,972 [Thread-6891] INFO  impl.FollowerState (FollowerState.java:run(117)) - 2543ffea-c5c6-4af0-856f-eb846bad755a@group-A3037D40E172-FollowerState was interrupted: java.lang.InterruptedException: sleep interrupted
2019-10-19 01:14:27,972 [grpc-default-executor-3] INFO  impl.RaftServerImpl (RaftServerImpl.java:setRole(184)) - 61d14648-e80d-4cd8-9e7c-6deb2f21aca8@group-A3037D40E172: changes role from  FOLLOWER to FOLLOWER at term 46 for recognizeCandidate:f143d5cf-4038-4fa8-8601-f5a45f16ca3e
2019-10-19 01:14:27,972 [grpc-default-executor-9] INFO  impl.RoleInfo (RoleInfo.java:updateAndGet(143)) - 2543ffea-c5c6-4af0-856f-eb846bad755a: start FollowerState
2019-10-19 01:14:27,972 [grpc-default-executor-3] INFO  impl.RoleInfo (RoleInfo.java:shutdownFollowerState(121)) - 61d14648-e80d-4cd8-9e7c-6deb2f21aca8: shutdown FollowerState
2019-10-19 01:14:27,972 [grpc-default-executor-3] INFO  impl.RoleInfo (RoleInfo.java:updateAndGet(143)) - 61d14648-e80d-4cd8-9e7c-6deb2f21aca8: start FollowerState
2019-10-19 01:14:27,972 [Thread-6892] INFO  impl.FollowerState (FollowerState.java:run(117)) - 61d14648-e80d-4cd8-9e7c-6deb2f21aca8@group-A3037D40E172-FollowerState was interrupted: java.lang.InterruptedException: sleep interrupted
2019-10-19 01:14:27,985 [9c2d914d-67b1-4af9-8080-4d6ee007b506@group-20FCFA0487C4-LeaderElection705] INFO  impl.LeaderElection (LeaderElection.java:askForVotes(178)) - 9c2d914d-67b1-4af9-8080-4d6ee007b506@group-20FCFA0487C4-LeaderElection705: begin an election at term 47 for -1: [88be3607-7667-471c-9070-7dfd13eb5ac8:192.168.69.71:32925, 9c2d914d-67b1-4af9-8080-4d6ee007b506:192.168.69.71:35462, 61d0b7dc-5f8b-422f-8693-c58167224d24:192.168.69.71:43479], old=null
2019-10-19 01:14:27,986 [f143d5cf-4038-4fa8-8601-f5a45f16ca3e@group-A3037D40E172-LeaderElection704] INFO  impl.LeaderElection (LeaderElection.java:logAndReturn(56)) - f143d5cf-4038-4fa8-8601-f5a45f16ca3e@group-A3037D40E172-LeaderElection704: Election REJECTED; received 2 response(s) [f143d5cf-4038-4fa8-8601-f5a45f16ca3e<-2543ffea-c5c6-4af0-856f-eb846bad755a#0:FAIL-t46, f143d5cf-4038-4fa8-8601-f5a45f16ca3e<-61d14648-e80d-4cd8-9e7c-6deb2f21aca8#0:FAIL-t46] and 0 exception(s); f143d5cf-4038-4fa8-8601-f5a45f16ca3e@group-A3037D40E172:t46, leader=null, voted=f143d5cf-4038-4fa8-8601-f5a45f16ca3e, raftlog=f143d5cf-4038-4fa8-8601-f5a45f16ca3e@group-A3037D40E172-SegmentedRaftLog:OPENED:c-1,f-1,i0, conf=-1: [f143d5cf-4038-4fa8-8601-f5a45f16ca3e:192.168.69.71:40169, 2543ffea-c5c6-4af0-856f-eb846bad755a:192.168.69.71:45287, 61d14648-e80d-4cd8-9e7c-6deb2f21aca8:192.168.69.71:42247], old=null
2019-10-19 01:14:27,986 [f143d5cf-4038-4fa8-8601-f5a45f16ca3e@group-A3037D40E172-LeaderElection704] INFO  impl.RaftServerImpl (RaftServerImpl.java:setRole(184)) - f143d5cf-4038-4fa8-8601-f5a45f16ca3e@group-A3037D40E172: changes role from CANDIDATE to FOLLOWER at term 46 for DISCOVERED_A_NEW_TERM
2019-10-19 01:14:27,986 [f143d5cf-4038-4fa8-8601-f5a45f16ca3e@group-A3037D40E172-LeaderElection704] INFO  impl.RoleInfo (RoleInfo.java:shutdownLeaderElection(134)) - f143d5cf-4038-4fa8-8601-f5a45f16ca3e: shutdown LeaderElection
2019-10-19 01:14:27,986 [f143d5cf-4038-4fa8-8601-f5a45f16ca3e@group-A3037D40E172-LeaderElection704] INFO  impl.RoleInfo (RoleInfo.java:updateAndGet(143)) - f143d5cf-4038-4fa8-8601-f5a45f16ca3e: start FollowerState
2019-10-19 01:14:27,986 [grpc-default-executor-3] INFO  impl.RaftServerImpl (RaftServerImpl.java:setRole(184)) - 61d0b7dc-5f8b-422f-8693-c58167224d24@group-20FCFA0487C4: changes role from  FOLLOWER to FOLLOWER at term 47 for recognizeCandidate:9c2d914d-67b1-4af9-8080-4d6ee007b506
2019-10-19 01:14:27,987 [grpc-default-executor-3] INFO  impl.RoleInfo (RoleInfo.java:shutdownFollowerState(121)) - 61d0b7dc-5f8b-422f-8693-c58167224d24: shutdown FollowerState
2019-10-19 01:14:27,987 [grpc-default-executor-9] INFO  impl.RaftServerImpl (RaftServerImpl.java:setRole(184)) - 88be3607-7667-471c-9070-7dfd13eb5ac8@group-20FCFA0487C4: changes role from  FOLLOWER to FOLLOWER at term 47 for recognizeCandidate:9c2d914d-67b1-4af9-8080-4d6ee007b506
2019-10-19 01:14:27,987 [Thread-6880] INFO  impl.FollowerState (FollowerState.java:run(117)) - 61d0b7dc-5f8b-422f-8693-c58167224d24@group-20FCFA0487C4-FollowerState was interrupted: java.lang.InterruptedException: sleep interrupted
2019-10-19 01:14:27,987 [grpc-default-executor-3] INFO  impl.RoleInfo (RoleInfo.java:updateAndGet(143)) - 61d0b7dc-5f8b-422f-8693-c58167224d24: start FollowerState
2019-10-19 01:14:27,987 [grpc-default-executor-9] INFO  impl.RoleInfo (RoleInfo.java:shutdownFollowerState(121)) - 88be3607-7667-471c-9070-7dfd13eb5ac8: shutdown FollowerState
2019-10-19 01:14:27,987 [grpc-default-executor-9] INFO  impl.RoleInfo (RoleInfo.java:updateAndGet(143)) - 88be3607-7667-471c-9070-7dfd13eb5ac8: start FollowerState
2019-10-19 01:14:27,987 [Thread-6879] INFO  impl.FollowerState (FollowerState.java:run(117)) - 88be3607-7667-471c-9070-7dfd13eb5ac8@group-20FCFA0487C4-FollowerState was interrupted: java.lang.InterruptedException: sleep interrupted
2019-10-19 01:14:28,000 [9c2d914d-67b1-4af9-8080-4d6ee007b506@group-20FCFA0487C4-LeaderElection705] INFO  impl.LeaderElection (LeaderElection.java:logAndReturn(56)) - 9c2d914d-67b1-4af9-8080-4d6ee007b506@group-20FCFA0487C4-LeaderElection705: Election REJECTED; received 2 response(s) [9c2d914d-67b1-4af9-8080-4d6ee007b506<-88be3607-7667-471c-9070-7dfd13eb5ac8#0:FAIL-t47, 9c2d914d-67b1-4af9-8080-4d6ee007b506<-61d0b7dc-5f8b-422f-8693-c58167224d24#0:FAIL-t47] and 0 exception(s); 9c2d914d-67b1-4af9-8080-4d6ee007b506@group-20FCFA0487C4:t47, leader=null, voted=9c2d914d-67b1-4af9-8080-4d6ee007b506, raftlog=9c2d914d-67b1-4af9-8080-4d6ee007b506@group-20FCFA0487C4-SegmentedRaftLog:OPENED:c-1,f-1,i0, conf=-1: [88be3607-7667-471c-9070-7dfd13eb5ac8:192.168.69.71:32925, 9c2d914d-67b1-4af9-8080-4d6ee007b506:192.168.69.71:35462, 61d0b7dc-5f8b-422f-8693-c58167224d24:192.168.69.71:43479], old=null
2019-10-19 01:14:28,001 [9c2d914d-67b1-4af9-8080-4d6ee007b506@group-20FCFA0487C4-LeaderElection705] INFO  impl.RaftServerImpl (RaftServerImpl.java:setRole(184)) - 9c2d914d-67b1-4af9-8080-4d6ee007b506@group-20FCFA0487C4: changes role from CANDIDATE to FOLLOWER at term 47 for DISCOVERED_A_NEW_TERM
2019-10-19 01:14:28,001 [9c2d914d-67b1-4af9-8080-4d6ee007b506@group-20FCFA0487C4-LeaderElection705] INFO  impl.RoleInfo (RoleInfo.java:shutdownLeaderElection(134)) - 9c2d914d-67b1-4af9-8080-4d6ee007b506: shutdown LeaderElection
2019-10-19 01:14:28,001 [9c2d914d-67b1-4af9-8080-4d6ee007b506@group-20FCFA0487C4-LeaderElection705] INFO  impl.RoleInfo (RoleInfo.java:updateAndGet(143)) - 9c2d914d-67b1-4af9-8080-4d6ee007b506: start FollowerState
2019-10-19 01:14:28,128 [Thread-6900] INFO  impl.FollowerState (FollowerState.java:run(108)) - f143d5cf-4038-4fa8-8601-f5a45f16ca3e@group-A3037D40E172-FollowerState: change to CANDIDATE, lastRpcTime:142ms, electionTimeout:142ms
2019-10-19 01:14:28,128 [Thread-6900] INFO  impl.RoleInfo (RoleInfo.java:shutdownFollowerState(121)) - f143d5cf-4038-4fa8-8601-f5a45f16ca3e: shutdown FollowerState
2019-10-19 01:14:28,128 [Thread-6900] INFO  impl.RaftServerImpl (RaftServerImpl.java:setRole(184)) - f143d5cf-4038-4fa8-8601-f5a45f16ca3e@group-A3037D40E172: changes role from  FOLLOWER to CANDIDATE at term 46 for changeToCandidate
2019-10-19 01:14:28,128 [Thread-6900] INFO  impl.RoleInfo (RoleInfo.java:updateAndGet(143)) - f143d5cf-4038-4fa8-8601-f5a45f16ca3e: start LeaderElection
2019-10-19 01:14:28,142 [f143d5cf-4038-4fa8-8601-f5a45f16ca3e@group-A3037D40E172-LeaderElection706] INFO  impl.LeaderElection (LeaderElection.java:askForVotes(178)) - f143d5cf-4038-4fa8-8601-f5a45f16ca3e@group-A3037D40E172-LeaderElection706: begin an election at term 47 for -1: [f143d5cf-4038-4fa8-8601-f5a45f16ca3e:192.168.69.71:40169, 2543ffea-c5c6-4af0-856f-eb846bad755a:192.168.69.71:45287, 61d14648-e80d-4cd8-9e7c-6deb2f21aca8:192.168.69.71:42247], old=null
2019-10-19 01:14:28,143 [grpc-default-executor-9] INFO  impl.RaftServerImpl (RaftServerImpl.java:setRole(184)) - 2543ffea-c5c6-4af0-856f-eb846bad755a@group-A3037D40E172: changes role from  FOLLOWER to FOLLOWER at term 47 for recognizeCandidate:f143d5cf-4038-4fa8-8601-f5a45f16ca3e
2019-10-19 01:14:28,143 [grpc-default-executor-9] INFO  impl.RoleInfo (RoleInfo.java:shutdownFollowerState(121)) - 2543ffea-c5c6-4af0-856f-eb846bad755a: shutdown FollowerState
2019-10-19 01:14:28,143 [grpc-default-executor-3] INFO  impl.RaftServerImpl (RaftServerImpl.java:setRole(184)) - 61d14648-e80d-4cd8-9e7c-6deb2f21aca8@group-A3037D40E172: changes role from  FOLLOWER to FOLLOWER at term 47 for recognizeCandidate:f143d5cf-4038-4fa8-8601-f5a45f16ca3e
2019-10-19 01:14:28,143 [Thread-6896] INFO  impl.FollowerState (FollowerState.java:run(117)) - 2543ffea-c5c6-4af0-856f-eb846bad755a@group-A3037D40E172-FollowerState was interrupted: java.lang.InterruptedException: sleep interrupted
2019-10-19 01:14:28,143 [grpc-default-executor-9] INFO  impl.RoleInfo (RoleInfo.java:updateAndGet(143)) - 2543ffea-c5c6-4af0-856f-eb846bad755a: start FollowerState
2019-10-19 01:14:28,143 [grpc-default-executor-3] INFO  impl.RoleInfo (RoleInfo.java:shutdownFollowerState(121)) - 61d14648-e80d-4cd8-9e7c-6deb2f21aca8: shutdown FollowerState
2019-10-19 01:14:28,144 [grpc-default-executor-3] INFO  impl.RoleInfo (RoleInfo.java:updateAndGet(143)) - 61d14648-e80d-4cd8-9e7c-6deb2f21aca8: start FollowerState
2019-10-19 01:14:28,144 [Thread-6897] INFO  impl.FollowerState (FollowerState.java:run(117)) - 61d14648-e80d-4cd8-9e7c-6deb2f21aca8@group-A3037D40E172-FollowerState was interrupted: java.lang.InterruptedException: sleep interrupted
2019-10-19 01:14:28,157 [f143d5cf-4038-4fa8-8601-f5a45f16ca3e@group-A3037D40E172-LeaderElection706] INFO  impl.LeaderElection (LeaderElection.java:logAndReturn(56)) - f143d5cf-4038-4fa8-8601-f5a45f16ca3e@group-A3037D40E172-LeaderElection706: Election REJECTED; received 2 response(s) [f143d5cf-4038-4fa8-8601-f5a45f16ca3e<-2543ffea-c5c6-4af0-856f-eb846bad755a#0:FAIL-t47, f143d5cf-4038-4fa8-8601-f5a45f16ca3e<-61d14648-e80d-4cd8-9e7c-6deb2f21aca8#0:FAIL-t47] and 0 exception(s); f143d5cf-4038-4fa8-8601-f5a45f16ca3e@group-A3037D40E172:t47, leader=null, voted=f143d5cf-4038-4fa8-8601-f5a45f16ca3e, raftlog=f143d5cf-4038-4fa8-8601-f5a45f16ca3e@group-A3037D40E172-SegmentedRaftLog:OPENED:c-1,f-1,i0, conf=-1: [f143d5cf-4038-4fa8-8601-f5a45f16ca3e:192.168.69.71:40169, 2543ffea-c5c6-4af0-856f-eb846bad755a:192.168.69.71:45287, 61d14648-e80d-4cd8-9e7c-6deb2f21aca8:192.168.69.71:42247], old=null
2019-10-19 01:14:28,158 [f143d5cf-4038-4fa8-8601-f5a45f16ca3e@group-A3037D40E172-LeaderElection706] INFO  impl.RaftServerImpl (RaftServerImpl.java:setRole(184)) - f143d5cf-4038-4fa8-8601-f5a45f16ca3e@group-A3037D40E172: changes role from CANDIDATE to FOLLOWER at term 47 for DISCOVERED_A_NEW_TERM
2019-10-19 01:14:28,158 [f143d5cf-4038-4fa8-8601-f5a45f16ca3e@group-A3037D40E172-LeaderElection706] INFO  impl.RoleInfo (RoleInfo.java:shutdownLeaderElection(134)) - f143d5cf-4038-4fa8-8601-f5a45f16ca3e: shutdown LeaderElection
2019-10-19 01:14:28,158 [f143d5cf-4038-4fa8-8601-f5a45f16ca3e@group-A3037D40E172-LeaderElection706] INFO  impl.RoleInfo (RoleInfo.java:updateAndGet(143)) - f143d5cf-4038-4fa8-8601-f5a45f16ca3e: start FollowerState
2019-10-19 01:14:28,183 [Thread-6903] INFO  impl.FollowerState (FollowerState.java:run(108)) - 9c2d914d-67b1-4af9-8080-4d6ee007b506@group-20FCFA0487C4-FollowerState: change to CANDIDATE, lastRpcTime:182ms, electionTimeout:182ms
2019-10-19 01:14:28,184 [Thread-6903] INFO  impl.RoleInfo (RoleInfo.java:shutdownFollowerState(121)) - 9c2d914d-67b1-4af9-8080-4d6ee007b506: shutdown FollowerState
2019-10-19 01:14:28,184 [Thread-6903] INFO  impl.RaftServerImpl (RaftServerImpl.java:setRole(184)) - 9c2d914d-67b1-4af9-8080-4d6ee007b506@group-20FCFA0487C4: changes role from  FOLLOWER to CANDIDATE at term 47 for changeToCandidate
2019-10-19 01:14:28,184 [Thread-6903] INFO  impl.RoleInfo (RoleInfo.java:updateAndGet(143)) - 9c2d914d-67b1-4af9-8080-4d6ee007b506: start LeaderElection
2019-10-19 01:14:28,197 [9c2d914d-67b1-4af9-8080-4d6ee007b506@group-20FCFA0487C4-LeaderElection707] INFO  impl.LeaderElection (LeaderElection.java:askForVotes(178)) - 9c2d914d-67b1-4af9-8080-4d6ee007b506@group-20FCFA0487C4-LeaderElection707: begin an election at term 48 for -1: [88be3607-7667-471c-9070-7dfd13eb5ac8:192.168.69.71:32925, 9c2d914d-67b1-4af9-8080-4d6ee007b506:192.168.69.71:35462, 61d0b7dc-5f8b-422f-8693-c58167224d24:192.168.69.71:43479], old=null
2019-10-19 01:14:28,198 [grpc-default-executor-3] INFO  impl.RaftServerImpl (RaftServerImpl.java:setRole(184)) - 88be3607-7667-471c-9070-7dfd13eb5ac8@group-20FCFA0487C4: changes role from  FOLLOWER to FOLLOWER at term 48 for recognizeCandidate:9c2d914d-67b1-4af9-8080-4d6ee007b506
2019-10-19 01:14:28,198 [grpc-default-executor-9] INFO  impl.RaftServerImpl (RaftServerImpl.java:setRole(184)) - 61d0b7dc-5f8b-422f-8693-c58167224d24@group-20FCFA0487C4: changes role from  FOLLOWER to FOLLOWER at term 48 for recognizeCandidate:9c2d914d-67b1-4af9-8080-4d6ee007b506
2019-10-19 01:14:28,198 [grpc-default-executor-3] INFO  impl.RoleInfo (RoleInfo.java:shutdownFollowerState(121)) - 88be3607-7667-471c-9070-7dfd13eb5ac8: shutdown FollowerState
2019-10-19 01:14:28,198 [grpc-default-executor-9] INFO  impl.RoleInfo (RoleInfo.java:shutdownFollowerState(121)) - 61d0b7dc-5f8b-422f-8693-c58167224d24: shutdown FollowerState
2019-10-19 01:14:28,198 [Thread-6902] INFO  impl.FollowerState (FollowerState.java:run(117)) - 88be3607-7667-471c-9070-7dfd13eb5ac8@group-20FCFA0487C4-FollowerState was interrupted: java.lang.InterruptedException: sleep interrupted
2019-10-19 01:14:28,198 [grpc-default-executor-3] INFO  impl.RoleInfo (RoleInfo.java:updateAndGet(143)) - 88be3607-7667-471c-9070-7dfd13eb5ac8: start FollowerState
2019-10-19 01:14:28,198 [Thread-6901] INFO  impl.FollowerState (FollowerState.java:run(117)) - 61d0b7dc-5f8b-422f-8693-c58167224d24@group-20FCFA0487C4-FollowerState was interrupted: java.lang.InterruptedException: sleep interrupted
2019-10-19 01:14:28,198 [grpc-default-executor-9] INFO  impl.RoleInfo (RoleInfo.java:updateAndGet(143)) - 61d0b7dc-5f8b-422f-8693-c58167224d24: start FollowerState
2019-10-19 01:14:28,212 [9c2d914d-67b1-4af9-8080-4d6ee007b506@group-20FCFA0487C4-LeaderElection707] INFO  impl.LeaderElection (LeaderElection.java:logAndReturn(56)) - 9c2d914d-67b1-4af9-8080-4d6ee007b506@group-20FCFA0487C4-LeaderElection707: Election REJECTED; received 2 response(s) [9c2d914d-67b1-4af9-8080-4d6ee007b506<-88be3607-7667-471c-9070-7dfd13eb5ac8#0:FAIL-t48, 9c2d914d-67b1-4af9-8080-4d6ee007b506<-61d0b7dc-5f8b-422f-8693-c58167224d24#0:FAIL-t48] and 0 exception(s); 9c2d914d-67b1-4af9-8080-4d6ee007b506@group-20FCFA0487C4:t48, leader=null, voted=9c2d914d-67b1-4af9-8080-4d6ee007b506, raftlog=9c2d914d-67b1-4af9-8080-4d6ee007b506@group-20FCFA0487C4-SegmentedRaftLog:OPENED:c-1,f-1,i0, conf=-1: [88be3607-7667-471c-9070-7dfd13eb5ac8:192.168.69.71:32925, 9c2d914d-67b1-4af9-8080-4d6ee007b506:192.168.69.71:35462, 61d0b7dc-5f8b-422f-8693-c58167224d24:192.168.69.71:43479], old=null
2019-10-19 01:14:28,212 [9c2d914d-67b1-4af9-8080-4d6ee007b506@group-20FCFA0487C4-LeaderElection707] INFO  impl.RaftServerImpl (RaftServerImpl.java:setRole(184)) - 9c2d914d-67b1-4af9-8080-4d6ee007b506@group-20FCFA0487C4: changes role from CANDIDATE to FOLLOWER at term 48 for DISCOVERED_A_NEW_TERM
2019-10-19 01:14:28,212 [9c2d914d-67b1-4af9-8080-4d6ee007b506@group-20FCFA0487C4-LeaderElection707] INFO  impl.RoleInfo (RoleInfo.java:shutdownLeaderElection(134)) - 9c2d914d-67b1-4af9-8080-4d6ee007b506: shutdown LeaderElection
2019-10-19 01:14:28,212 [9c2d914d-67b1-4af9-8080-4d6ee007b506@group-20FCFA0487C4-LeaderElection707] INFO  impl.RoleInfo (RoleInfo.java:updateAndGet(143)) - 9c2d914d-67b1-4af9-8080-4d6ee007b506: start FollowerState
2019-10-19 01:14:28,338 [Thread-6911] INFO  impl.FollowerState (FollowerState.java:run(108)) - f143d5cf-4038-4fa8-8601-f5a45f16ca3e@group-A3037D40E172-FollowerState: change to CANDIDATE, lastRpcTime:180ms, electionTimeout:180ms
2019-10-19 01:14:28,338 [Thread-6911] INFO  impl.RoleInfo (RoleInfo.java:shutdownFollowerState(121)) - f143d5cf-4038-4fa8-8601-f5a45f16ca3e: shutdown FollowerState
2019-10-19 01:14:28,338 [Thread-6911] INFO  impl.RaftServerImpl (RaftServerImpl.java:setRole(184)) - f143d5cf-4038-4fa8-8601-f5a45f16ca3e@group-A3037D40E172: changes role from  FOLLOWER to CANDIDATE at term 47 for changeToCandidate
2019-10-19 01:14:28,338 [Thread-6911] INFO  impl.RoleInfo (RoleInfo.java:updateAndGet(143)) - f143d5cf-4038-4fa8-8601-f5a45f16ca3e: start LeaderElection
2019-10-19 01:14:28,352 [f143d5cf-4038-4fa8-8601-f5a45f16ca3e@group-A3037D40E172-LeaderElection708] INFO  impl.LeaderElection (LeaderElection.java:askForVotes(178)) - f143d5cf-4038-4fa8-8601-f5a45f16ca3e@group-A3037D40E172-LeaderElection708: begin an election at term 48 for -1: [f143d5cf-4038-4fa8-8601-f5a45f16ca3e:192.168.69.71:40169, 2543ffea-c5c6-4af0-856f-eb846bad755a:192.168.69.71:45287, 61d14648-e80d-4cd8-9e7c-6deb2f21aca8:192.168.69.71:42247], old=null
2019-10-19 01:14:28,353 [grpc-default-executor-9] INFO  impl.RaftServerImpl (RaftServerImpl.java:setRole(184)) - 61d14648-e80d-4cd8-9e7c-6deb2f21aca8@group-A3037D40E172: changes role from  FOLLOWER to FOLLOWER at term 48 for recognizeCandidate:f143d5cf-4038-4fa8-8601-f5a45f16ca3e
2019-10-19 01:14:28,353 [grpc-default-executor-9] INFO  impl.RoleInfo (RoleInfo.java:shutdownFollowerState(121)) - 61d14648-e80d-4cd8-9e7c-6deb2f21aca8: shutdown FollowerState
2019-10-19 01:14:28,353 [grpc-default-executor-3] INFO  impl.RaftServerImpl (RaftServerImpl.java:setRole(184)) - 2543ffea-c5c6-4af0-856f-eb846bad755a@group-A3037D40E172: changes role from  FOLLOWER to FOLLOWER at term 48 for recognizeCandidate:f143d5cf-4038-4fa8-8601-f5a45f16ca3e
2019-10-19 01:14:28,353 [Thread-6910] INFO  impl.FollowerState (FollowerState.java:run(117)) - 61d14648-e80d-4cd8-9e7c-6deb2f21aca8@group-A3037D40E172-FollowerState was interrupted: java.lang.InterruptedException: sleep interrupted
2019-10-19 01:14:28,353 [grpc-default-executor-9] INFO  impl.RoleInfo (RoleInfo.java:updateAndGet(143)) - 61d14648-e80d-4cd8-9e7c-6deb2f21aca8: start FollowerState
2019-10-19 01:14:28,353 [grpc-default-executor-3] INFO  impl.RoleInfo (RoleInfo.java:shutdownFollowerState(121)) - 2543ffea-c5c6-4af0-856f-eb846bad755a: shutdown FollowerState
2019-10-19 01:14:28,353 [grpc-default-executor-3] INFO  impl.RoleInfo (RoleInfo.java:updateAndGet(143)) - 2543ffea-c5c6-4af0-856f-eb846bad755a: start FollowerState
2019-10-19 01:14:28,354 [Thread-6909] INFO  impl.FollowerState (FollowerState.java:run(117)) - 2543ffea-c5c6-4af0-856f-eb846bad755a@group-A3037D40E172-FollowerState was interrupted: java.lang.InterruptedException: sleep interrupted
2019-10-19 01:14:28,355 [Thread-6917] INFO  impl.FollowerState (FollowerState.java:run(108)) - 9c2d914d-67b1-4af9-8080-4d6ee007b506@group-20FCFA0487C4-FollowerState: change to CANDIDATE, lastRpcTime:143ms, electionTimeout:143ms
2019-10-19 01:14:28,356 [Thread-6917] INFO  impl.RoleInfo (RoleInfo.java:shutdownFollowerState(121)) - 9c2d914d-67b1-4af9-8080-4d6ee007b506: shutdown FollowerState
2019-10-19 01:14:28,356 [Thread-6917] INFO  impl.RaftServerImpl (RaftServerImpl.java:setRole(184)) - 9c2d914d-67b1-4af9-8080-4d6ee007b506@group-20FCFA0487C4: changes role from  FOLLOWER to CANDIDATE at term 48 for changeToCandidate
2019-10-19 01:14:28,356 [Thread-6917] INFO  impl.RoleInfo (RoleInfo.java:updateAndGet(143)) - 9c2d914d-67b1-4af9-8080-4d6ee007b506: start LeaderElection
2019-10-19 01:14:28,373 [9c2d914d-67b1-4af9-8080-4d6ee007b506@group-20FCFA0487C4-LeaderElection709] INFO  impl.LeaderElection (LeaderElection.java:askForVotes(178)) - 9c2d914d-67b1-4af9-8080-4d6ee007b506@group-20FCFA0487C4-LeaderElection709: begin an election at term 49 for -1: [88be3607-7667-471c-9070-7dfd13eb5ac8:192.168.69.71:32925, 9c2d914d-67b1-4af9-8080-4d6ee007b506:192.168.69.71:35462, 61d0b7dc-5f8b-422f-8693-c58167224d24:192.168.69.71:43479], old=null
2019-10-19 01:14:28,373 [f143d5cf-4038-4fa8-8601-f5a45f16ca3e@group-A3037D40E172-LeaderElection708] INFO  impl.LeaderElection (LeaderElection.java:logAndReturn(56)) - f143d5cf-4038-4fa8-8601-f5a45f16ca3e@group-A3037D40E172-LeaderElection708: Election REJECTED; received 2 response(s) [f143d5cf-4038-4fa8-8601-f5a45f16ca3e<-2543ffea-c5c6-4af0-856f-eb846bad755a#0:FAIL-t48, f143d5cf-4038-4fa8-8601-f5a45f16ca3e<-61d14648-e80d-4cd8-9e7c-6deb2f21aca8#0:FAIL-t48] and 0 exception(s); f143d5cf-4038-4fa8-8601-f5a45f16ca3e@group-A3037D40E172:t48, leader=null, voted=f143d5cf-4038-4fa8-8601-f5a45f16ca3e, raftlog=f143d5cf-4038-4fa8-8601-f5a45f16ca3e@group-A3037D40E172-SegmentedRaftLog:OPENED:c-1,f-1,i0, conf=-1: [f143d5cf-4038-4fa8-8601-f5a45f16ca3e:192.168.69.71:40169, 2543ffea-c5c6-4af0-856f-eb846bad755a:192.168.69.71:45287, 61d14648-e80d-4cd8-9e7c-6deb2f21aca8:192.168.69.71:42247], old=null
2019-10-19 01:14:28,373 [f143d5cf-4038-4fa8-8601-f5a45f16ca3e@group-A3037D40E172-LeaderElection708] INFO  impl.RaftServerImpl (RaftServerImpl.java:setRole(184)) - f143d5cf-4038-4fa8-8601-f5a45f16ca3e@group-A3037D40E172: changes role from CANDIDATE to FOLLOWER at term 48 for DISCOVERED_A_NEW_TERM
2019-10-19 01:14:28,373 [f143d5cf-4038-4fa8-8601-f5a45f16ca3e@group-A3037D40E172-LeaderElection708] INFO  impl.RoleInfo (RoleInfo.java:shutdownLeaderElection(134)) - f143d5cf-4038-4fa8-8601-f5a45f16ca3e: shutdown LeaderElection
2019-10-19 01:14:28,373 [f143d5cf-4038-4fa8-8601-f5a45f16ca3e@group-A3037D40E172-LeaderElection708] INFO  impl.RoleInfo (RoleInfo.java:updateAndGet(143)) - f143d5cf-4038-4fa8-8601-f5a45f16ca3e: start FollowerState
2019-10-19 01:14:28,373 [grpc-default-executor-3] INFO  impl.RaftServerImpl (RaftServerImpl.java:setRole(184)) - 88be3607-7667-471c-9070-7dfd13eb5ac8@group-20FCFA0487C4: changes role from  FOLLOWER to FOLLOWER at term 49 for recognizeCandidate:9c2d914d-67b1-4af9-8080-4d6ee007b506
2019-10-19 01:14:28,374 [grpc-default-executor-3] INFO  impl.RoleInfo (RoleInfo.java:shutdownFollowerState(121)) - 88be3607-7667-471c-9070-7dfd13eb5ac8: shutdown FollowerState
2019-10-19 01:14:28,374 [grpc-default-executor-9] INFO  impl.RaftServerImpl (RaftServerImpl.java:setRole(184)) - 61d0b7dc-5f8b-422f-8693-c58167224d24@group-20FCFA0487C4: changes role from  FOLLOWER to FOLLOWER at term 49 for recognizeCandidate:9c2d914d-67b1-4af9-8080-4d6ee007b506
2019-10-19 01:14:28,374 [grpc-default-executor-9] INFO  impl.RoleInfo (RoleInfo.java:shutdownFollowerState(121)) - 61d0b7dc-5f8b-422f-8693-c58167224d24: shutdown FollowerState
2019-10-19 01:14:28,374 [Thread-6915] INFO  impl.FollowerState (FollowerState.java:run(117)) - 88be3607-7667-471c-9070-7dfd13eb5ac8@group-20FCFA0487C4-FollowerState was interrupted: java.lang.InterruptedException: sleep interrupted
2019-10-19 01:14:28,374 [grpc-default-executor-3] INFO  impl.RoleInfo (RoleInfo.java:updateAndGet(143)) - 88be3607-7667-471c-9070-7dfd13eb5ac8: start FollowerState
2019-10-19 01:14:28,374 [Thread-6916] INFO  impl.FollowerState (FollowerState.java:run(117)) - 61d0b7dc-5f8b-422f-8693-c58167224d24@group-20FCFA0487C4-FollowerState was interrupted: java.lang.InterruptedException: sleep interrupted
2019-10-19 01:14:28,374 [grpc-default-executor-9] INFO  impl.RoleInfo (RoleInfo.java:updateAndGet(143)) - 61d0b7dc-5f8b-422f-8693-c58167224d24: start FollowerState
2019-10-19 01:14:28,382 [9c2d914d-67b1-4af9-8080-4d6ee007b506@group-20FCFA0487C4-LeaderElection709] INFO  impl.LeaderElection (LeaderElection.java:logAndReturn(56)) - 9c2d914d-67b1-4af9-8080-4d6ee007b506@group-20FCFA0487C4-LeaderElection709: Election REJECTED; received 2 response(s) [9c2d914d-67b1-4af9-8080-4d6ee007b506<-88be3607-7667-471c-9070-7dfd13eb5ac8#0:FAIL-t49, 9c2d914d-67b1-4af9-8080-4d6ee007b506<-61d0b7dc-5f8b-422f-8693-c58167224d24#0:FAIL-t49] and 0 exception(s); 9c2d914d-67b1-4af9-8080-4d6ee007b506@group-20FCFA0487C4:t49, leader=null, voted=9c2d914d-67b1-4af9-8080-4d6ee007b506, raftlog=9c2d914d-67b1-4af9-8080-4d6ee007b506@group-20FCFA0487C4-SegmentedRaftLog:OPENED:c-1,f-1,i0, conf=-1: [88be3607-7667-471c-9070-7dfd13eb5ac8:192.168.69.71:32925, 9c2d914d-67b1-4af9-8080-4d6ee007b506:192.168.69.71:35462, 61d0b7dc-5f8b-422f-8693-c58167224d24:192.168.69.71:43479], old=null
2019-10-19 01:14:28,382 [9c2d914d-67b1-4af9-8080-4d6ee007b506@group-20FCFA0487C4-LeaderElection709] INFO  impl.RaftServerImpl (RaftServerImpl.java:setRole(184)) - 9c2d914d-67b1-4af9-8080-4d6ee007b506@group-20FCFA0487C4: changes role from CANDIDATE to FOLLOWER at term 49 for DISCOVERED_A_NEW_TERM
2019-10-19 01:14:28,382 [9c2d914d-67b1-4af9-8080-4d6ee007b506@group-20FCFA0487C4-LeaderElection709] INFO  impl.RoleInfo (RoleInfo.java:shutdownLeaderElection(134)) - 9c2d914d-67b1-4af9-8080-4d6ee007b506: shutdown LeaderElection
2019-10-19 01:14:28,383 [9c2d914d-67b1-4af9-8080-4d6ee007b506@group-20FCFA0487C4-LeaderElection709] INFO  impl.RoleInfo (RoleInfo.java:updateAndGet(143)) - 9c2d914d-67b1-4af9-8080-4d6ee007b506: start FollowerState
2019-10-19 01:14:28,391 [Thread-6929] INFO  impl.FollowerState (FollowerState.java:run(108)) - 9c2d914d-67b1-4af9-8080-4d6ee007b506@group-20FCFA0487C4-FollowerState: change to CANDIDATE, lastRpcTime:8ms, electionTimeout:8ms
2019-10-19 01:14:28,391 [Thread-6929] INFO  impl.RoleInfo (RoleInfo.java:shutdownFollowerState(121)) - 9c2d914d-67b1-4af9-8080-4d6ee007b506: shutdown FollowerState
2019-10-19 01:14:28,391 [Thread-6929] INFO  impl.RaftServerImpl (RaftServerImpl.java:setRole(184)) - 9c2d914d-67b1-4af9-8080-4d6ee007b506@group-20FCFA0487C4: changes role from  FOLLOWER to CANDIDATE at term 49 for changeToCandidate
2019-10-19 01:14:28,391 [Thread-6929] INFO  impl.RoleInfo (RoleInfo.java:updateAndGet(143)) - 9c2d914d-67b1-4af9-8080-4d6ee007b506: start LeaderElection
2019-10-19 01:14:28,404 [9c2d914d-67b1-4af9-8080-4d6ee007b506@group-20FCFA0487C4-LeaderElection710] INFO  impl.LeaderElection (LeaderElection.java:askForVotes(178)) - 9c2d914d-67b1-4af9-8080-4d6ee007b506@group-20FCFA0487C4-LeaderElection710: begin an election at term 50 for -1: [88be3607-7667-471c-9070-7dfd13eb5ac8:192.168.69.71:32925, 9c2d914d-67b1-4af9-8080-4d6ee007b506:192.168.69.71:35462, 61d0b7dc-5f8b-422f-8693-c58167224d24:192.168.69.71:43479], old=null
2019-10-19 01:14:28,405 [grpc-default-executor-9] INFO  impl.RaftServerImpl (RaftServerImpl.java:setRole(184)) - 88be3607-7667-471c-9070-7dfd13eb5ac8@group-20FCFA0487C4: changes role from  FOLLOWER to FOLLOWER at term 50 for recognizeCandidate:9c2d914d-67b1-4af9-8080-4d6ee007b506
2019-10-19 01:14:28,405 [grpc-default-executor-9] INFO  impl.RoleInfo (RoleInfo.java:shutdownFollowerState(121)) - 88be3607-7667-471c-9070-7dfd13eb5ac8: shutdown FollowerState
2019-10-19 01:14:28,405 [grpc-default-executor-3] INFO  impl.RaftServerImpl (RaftServerImpl.java:setRole(184)) - 61d0b7dc-5f8b-422f-8693-c58167224d24@group-20FCFA0487C4: changes role from  FOLLOWER to FOLLOWER at term 50 for recognizeCandidate:9c2d914d-67b1-4af9-8080-4d6ee007b506
2019-10-19 01:14:28,405 [Thread-6927] INFO  impl.FollowerState (FollowerState.java:run(117)) - 88be3607-7667-471c-9070-7dfd13eb5ac8@group-20FCFA0487C4-FollowerState was interrupted: java.lang.InterruptedException: sleep interrupted
2019-10-19 01:14:28,405 [grpc-default-executor-9] INFO  impl.RoleInfo (RoleInfo.java:updateAndGet(143)) - 88be3607-7667-471c-9070-7dfd13eb5ac8: start FollowerState
2019-10-19 01:14:28,406 [grpc-default-executor-3] INFO  impl.RoleInfo (RoleInfo.java:shutdownFollowerState(121)) - 61d0b7dc-5f8b-422f-8693-c58167224d24: shutdown FollowerState
2019-10-19 01:14:28,406 [grpc-default-executor-3] INFO  impl.RoleInfo (RoleInfo.java:updateAndGet(143)) - 61d0b7dc-5f8b-422f-8693-c58167224d24: start FollowerState
2019-10-19 01:14:28,406 [Thread-6928] INFO  impl.FollowerState (FollowerState.java:run(117)) - 61d0b7dc-5f8b-422f-8693-c58167224d24@group-20FCFA0487C4-FollowerState was interrupted: java.lang.InterruptedException: sleep interrupted
2019-10-19 01:14:28,419 [9c2d914d-67b1-4af9-8080-4d6ee007b506@group-20FCFA0487C4-LeaderElection710] INFO  impl.LeaderElection (LeaderElection.java:logAndReturn(56)) - 9c2d914d-67b1-4af9-8080-4d6ee007b506@group-20FCFA0487C4-LeaderElection710: Election REJECTED; received 2 response(s) [9c2d914d-67b1-4af9-8080-4d6ee007b506<-88be3607-7667-471c-9070-7dfd13eb5ac8#0:FAIL-t50, 9c2d914d-67b1-4af9-8080-4d6ee007b506<-61d0b7dc-5f8b-422f-8693-c58167224d24#0:FAIL-t50] and 0 exception(s); 9c2d914d-67b1-4af9-8080-4d6ee007b506@group-20FCFA0487C4:t50, leader=null, voted=9c2d914d-67b1-4af9-8080-4d6ee007b506, raftlog=9c2d914d-67b1-4af9-8080-4d6ee007b506@group-20FCFA0487C4-SegmentedRaftLog:OPENED:c-1,f-1,i0, conf=-1: [88be3607-7667-471c-9070-7dfd13eb5ac8:192.168.69.71:32925, 9c2d914d-67b1-4af9-8080-4d6ee007b506:192.168.69.71:35462, 61d0b7dc-5f8b-422f-8693-c58167224d24:192.168.69.71:43479], old=null
2019-10-19 01:14:28,419 [9c2d914d-67b1-4af9-8080-4d6ee007b506@group-20FCFA0487C4-LeaderElection710] INFO  impl.RaftServerImpl (RaftServerImpl.java:setRole(184)) - 9c2d914d-67b1-4af9-8080-4d6ee007b506@group-20FCFA0487C4: changes role from CANDIDATE to FOLLOWER at term 50 for DISCOVERED_A_NEW_TERM
2019-10-19 01:14:28,419 [9c2d914d-67b1-4af9-8080-4d6ee007b506@group-20FCFA0487C4-LeaderElection710] INFO  impl.RoleInfo (RoleInfo.java:shutdownLeaderElection(134)) - 9c2d914d-67b1-4af9-8080-4d6ee007b506: shutdown LeaderElection
2019-10-19 01:14:28,419 [9c2d914d-67b1-4af9-8080-4d6ee007b506@group-20FCFA0487C4-LeaderElection710] INFO  impl.RoleInfo (RoleInfo.java:updateAndGet(143)) - 9c2d914d-67b1-4af9-8080-4d6ee007b506: start FollowerState
2019-10-19 01:14:28,430 [Thread-6926] INFO  impl.FollowerState (FollowerState.java:run(108)) - f143d5cf-4038-4fa8-8601-f5a45f16ca3e@group-A3037D40E172-FollowerState: change to CANDIDATE, lastRpcTime:56ms, electionTimeout:56ms
2019-10-19 01:14:28,430 [Thread-6926] INFO  impl.RoleInfo (RoleInfo.java:shutdownFollowerState(121)) - f143d5cf-4038-4fa8-8601-f5a45f16ca3e: shutdown FollowerState
2019-10-19 01:14:28,430 [Thread-6926] INFO  impl.RaftServerImpl (RaftServerImpl.java:setRole(184)) - f143d5cf-4038-4fa8-8601-f5a45f16ca3e@group-A3037D40E172: changes role from  FOLLOWER to CANDIDATE at term 48 for changeToCandidate
2019-10-19 01:14:28,430 [Thread-6926] INFO  impl.RoleInfo (RoleInfo.java:updateAndGet(143)) - f143d5cf-4038-4fa8-8601-f5a45f16ca3e: start LeaderElection
2019-10-19 01:14:28,441 [Thread-6935] INFO  impl.FollowerState (FollowerState.java:run(108)) - 9c2d914d-67b1-4af9-8080-4d6ee007b506@group-20FCFA0487C4-FollowerState: change to CANDIDATE, lastRpcTime:21ms, electionTimeout:21ms
2019-10-19 01:14:28,441 [Thread-6935] INFO  impl.RoleInfo (RoleInfo.java:shutdownFollowerState(121)) - 9c2d914d-67b1-4af9-8080-4d6ee007b506: shutdown FollowerState
2019-10-19 01:14:28,441 [Thread-6935] INFO  impl.RaftServerImpl (RaftServerImpl.java:setRole(184)) - 9c2d914d-67b1-4af9-8080-4d6ee007b506@group-20FCFA0487C4: changes role from  FOLLOWER to CANDIDATE at term 50 for changeToCandidate
2019-10-19 01:14:28,441 [Thread-6935] INFO  impl.RoleInfo (RoleInfo.java:updateAndGet(143)) - 9c2d914d-67b1-4af9-8080-4d6ee007b506: start LeaderElection
2019-10-19 01:14:28,444 [f143d5cf-4038-4fa8-8601-f5a45f16ca3e@group-A3037D40E172-LeaderElection711] INFO  impl.LeaderElection (LeaderElection.java:askForVotes(178)) - f143d5cf-4038-4fa8-8601-f5a45f16ca3e@group-A3037D40E172-LeaderElection711: begin an election at term 49 for -1: [f143d5cf-4038-4fa8-8601-f5a45f16ca3e:192.168.69.71:40169, 2543ffea-c5c6-4af0-856f-eb846bad755a:192.168.69.71:45287, 61d14648-e80d-4cd8-9e7c-6deb2f21aca8:192.168.69.71:42247], old=null
2019-10-19 01:14:28,444 [9c2d914d-67b1-4af9-8080-4d6ee007b506@group-20FCFA0487C4-LeaderElection712] INFO  impl.LeaderElection (LeaderElection.java:askForVotes(178)) - 9c2d914d-67b1-4af9-8080-4d6ee007b506@group-20FCFA0487C4-LeaderElection712: begin an election at term 51 for -1: [88be3607-7667-471c-9070-7dfd13eb5ac8:192.168.69.71:32925, 9c2d914d-67b1-4af9-8080-4d6ee007b506:192.168.69.71:35462, 61d0b7dc-5f8b-422f-8693-c58167224d24:192.168.69.71:43479], old=null
2019-10-19 01:14:28,445 [grpc-default-executor-9] INFO  impl.RaftServerImpl (RaftServerImpl.java:setRole(184)) - 2543ffea-c5c6-4af0-856f-eb846bad755a@group-A3037D40E172: changes role from  FOLLOWER to FOLLOWER at term 49 for recognizeCandidate:f143d5cf-4038-4fa8-8601-f5a45f16ca3e
2019-10-19 01:14:28,445 [grpc-default-executor-9] INFO  impl.RoleInfo (RoleInfo.java:shutdownFollowerState(121)) - 2543ffea-c5c6-4af0-856f-eb846bad755a: shutdown FollowerState
2019-10-19 01:14:28,445 [grpc-default-executor-9] INFO  impl.RoleInfo (RoleInfo.java:updateAndGet(143)) - 2543ffea-c5c6-4af0-856f-eb846bad755a: start FollowerState
2019-10-19 01:14:28,445 [grpc-default-executor-3] INFO  impl.RaftServerImpl (RaftServerImpl.java:setRole(184)) - 61d14648-e80d-4cd8-9e7c-6deb2f21aca8@group-A3037D40E172: changes role from  FOLLOWER to FOLLOWER at term 49 for recognizeCandidate:f143d5cf-4038-4fa8-8601-f5a45f16ca3e
2019-10-19 01:14:28,445 [grpc-default-executor-3] INFO  impl.RoleInfo (RoleInfo.java:shutdownFollowerState(121)) - 61d14648-e80d-4cd8-9e7c-6deb2f21aca8: shutdown FollowerState
2019-10-19 01:14:28,445 [Thread-6922] INFO  impl.FollowerState (FollowerState.java:run(117)) - 2543ffea-c5c6-4af0-856f-eb846bad755a@group-A3037D40E172-FollowerState was interrupted: java.lang.InterruptedException: sleep interrupted
2019-10-19 01:14:28,445 [grpc-default-executor-3] INFO  impl.RoleInfo (RoleInfo.java:updateAndGet(143)) - 61d14648-e80d-4cd8-9e7c-6deb2f21aca8: start FollowerState
2019-10-19 01:14:28,445 [grpc-default-executor-10] INFO  impl.RaftServerImpl (RaftServerImpl.java:setRole(184)) - 88be3607-7667-471c-9070-7dfd13eb5ac8@group-20FCFA0487C4: changes role from  FOLLOWER to FOLLOWER at term 51 for recognizeCandidate:9c2d914d-67b1-4af9-8080-4d6ee007b506
2019-10-19 01:14:28,445 [grpc-default-executor-5] INFO  impl.RaftServerImpl (RaftServerImpl.java:setRole(184)) - 61d0b7dc-5f8b-422f-8693-c58167224d24@group-20FCFA0487C4: changes role from  FOLLOWER to FOLLOWER at term 51 for recognizeCandidate:9c2d914d-67b1-4af9-8080-4d6ee007b506
2019-10-19 01:14:28,445 [Thread-6921] INFO  impl.FollowerState (FollowerState.java:run(117)) - 61d14648-e80d-4cd8-9e7c-6deb2f21aca8@group-A3037D40E172-FollowerState was interrupted: java.lang.InterruptedException: sleep interrupted
2019-10-19 01:14:28,446 [grpc-default-executor-5] INFO  impl.RoleInfo (RoleInfo.java:shutdownFollowerState(121)) - 61d0b7dc-5f8b-422f-8693-c58167224d24: shutdown FollowerState
2019-10-19 01:14:28,445 [grpc-default-executor-10] INFO  impl.RoleInfo (RoleInfo.java:shutdownFollowerState(121)) - 88be3607-7667-471c-9070-7dfd13eb5ac8: shutdown FollowerState
2019-10-19 01:14:28,446 [Thread-6934] INFO  impl.FollowerState (FollowerState.java:run(117)) - 61d0b7dc-5f8b-422f-8693-c58167224d24@group-20FCFA0487C4-FollowerState was interrupted: java.lang.InterruptedException: sleep interrupted
2019-10-19 01:14:28,446 [grpc-default-executor-5] INFO  impl.RoleInfo (RoleInfo.java:updateAndGet(143)) - 61d0b7dc-5f8b-422f-8693-c58167224d24: start FollowerState
2019-10-19 01:14:28,446 [Thread-6933] INFO  impl.FollowerState (FollowerState.java:run(117)) - 88be3607-7667-471c-9070-7dfd13eb5ac8@group-20FCFA0487C4-FollowerState was interrupted: java.lang.InterruptedException: sleep interrupted
2019-10-19 01:14:28,446 [grpc-default-executor-10] INFO  impl.RoleInfo (RoleInfo.java:updateAndGet(143)) - 88be3607-7667-471c-9070-7dfd13eb5ac8: start FollowerState
2019-10-19 01:14:28,459 [9c2d914d-67b1-4af9-8080-4d6ee007b506@group-20FCFA0487C4-LeaderElection712] INFO  impl.LeaderElection (LeaderElection.java:logAndReturn(56)) - 9c2d914d-67b1-4af9-8080-4d6ee007b506@group-20FCFA0487C4-LeaderElection712: Election REJECTED; received 2 response(s) [9c2d914d-67b1-4af9-8080-4d6ee007b506<-88be3607-7667-471c-9070-7dfd13eb5ac8#0:FAIL-t51, 9c2d914d-67b1-4af9-8080-4d6ee007b506<-61d0b7dc-5f8b-422f-8693-c58167224d24#0:FAIL-t51] and 0 exception(s); 9c2d914d-67b1-4af9-8080-4d6ee007b506@group-20FCFA0487C4:t51, leader=null, voted=9c2d914d-67b1-4af9-8080-4d6ee007b506, raftlog=9c2d914d-67b1-4af9-8080-4d6ee007b506@group-20FCFA0487C4-SegmentedRaftLog:OPENED:c-1,f-1,i0, conf=-1: [88be3607-7667-471c-9070-7dfd13eb5ac8:192.168.69.71:32925, 9c2d914d-67b1-4af9-8080-4d6ee007b506:192.168.69.71:35462, 61d0b7dc-5f8b-422f-8693-c58167224d24:192.168.69.71:43479], old=null
2019-10-19 01:14:28,459 [f143d5cf-4038-4fa8-8601-f5a45f16ca3e@group-A3037D40E172-LeaderElection711] INFO  impl.LeaderElection (LeaderElection.java:logAndReturn(56)) - f143d5cf-4038-4fa8-8601-f5a45f16ca3e@group-A3037D40E172-LeaderElection711: Election REJECTED; received 2 response(s) [f143d5cf-4038-4fa8-8601-f5a45f16ca3e<-2543ffea-c5c6-4af0-856f-eb846bad755a#0:FAIL-t49, f143d5cf-4038-4fa8-8601-f5a45f16ca3e<-61d14648-e80d-4cd8-9e7c-6deb2f21aca8#0:FAIL-t49] and 0 exception(s); f143d5cf-4038-4fa8-8601-f5a45f16ca3e@group-A3037D40E172:t49, leader=null, voted=f143d5cf-4038-4fa8-8601-f5a45f16ca3e, raftlog=f143d5cf-4038-4fa8-8601-f5a45f16ca3e@group-A3037D40E172-SegmentedRaftLog:OPENED:c-1,f-1,i0, conf=-1: [f143d5cf-4038-4fa8-8601-f5a45f16ca3e:192.168.69.71:40169, 2543ffea-c5c6-4af0-856f-eb846bad755a:192.168.69.71:45287, 61d14648-e80d-4cd8-9e7c-6deb2f21aca8:192.168.69.71:42247], old=null
2019-10-19 01:14:28,459 [9c2d914d-67b1-4af9-8080-4d6ee007b506@group-20FCFA0487C4-LeaderElection712] INFO  impl.RaftServerImpl (RaftServerImpl.java:setRole(184)) - 9c2d914d-67b1-4af9-8080-4d6ee007b506@group-20FCFA0487C4: changes role from CANDIDATE to FOLLOWER at term 51 for DISCOVERED_A_NEW_TERM
2019-10-19 01:14:28,459 [f143d5cf-4038-4fa8-8601-f5a45f16ca3e@group-A3037D40E172-LeaderElection711] INFO  impl.RaftServerImpl (RaftServerImpl.java:setRole(184)) - f143d5cf-4038-4fa8-8601-f5a45f16ca3e@group-A3037D40E172: changes role from CANDIDATE to FOLLOWER at term 49 for DISCOVERED_A_NEW_TERM
2019-10-19 01:14:28,459 [9c2d914d-67b1-4af9-8080-4d6ee007b506@group-20FCFA0487C4-LeaderElection712] INFO  impl.RoleInfo (RoleInfo.java:shutdownLeaderElection(134)) - 9c2d914d-67b1-4af9-8080-4d6ee007b506: shutdown LeaderElection
2019-10-19 01:14:28,459 [f143d5cf-4038-4fa8-8601-f5a45f16ca3e@group-A3037D40E172-LeaderElection711] INFO  impl.RoleInfo (RoleInfo.java:shutdownLeaderElection(134)) - f143d5cf-4038-4fa8-8601-f5a45f16ca3e: shutdown LeaderElection
2019-10-19 01:14:28,459 [9c2d914d-67b1-4af9-8080-4d6ee007b506@group-20FCFA0487C4-LeaderElection712] INFO  impl.RoleInfo (RoleInfo.java:updateAndGet(143)) - 9c2d914d-67b1-4af9-8080-4d6ee007b506: start FollowerState
2019-10-19 01:14:28,459 [f143d5cf-4038-4fa8-8601-f5a45f16ca3e@group-A3037D40E172-LeaderElection711] INFO  impl.RoleInfo (RoleInfo.java:updateAndGet(143)) - f143d5cf-4038-4fa8-8601-f5a45f16ca3e: start FollowerState
2019-10-19 01:14:28,461 [Thread-6946] INFO  impl.FollowerState (FollowerState.java:run(108)) - 9c2d914d-67b1-4af9-8080-4d6ee007b506@group-20FCFA0487C4-FollowerState: change to CANDIDATE, lastRpcTime:2ms, electionTimeout:2ms
2019-10-19 01:14:28,461 [Thread-6946] INFO  impl.RoleInfo (RoleInfo.java:shutdownFollowerState(121)) - 9c2d914d-67b1-4af9-8080-4d6ee007b506: shutdown FollowerState
2019-10-19 01:14:28,461 [Thread-6946] INFO  impl.RaftServerImpl (RaftServerImpl.java:setRole(184)) - 9c2d914d-67b1-4af9-8080-4d6ee007b506@group-20FCFA0487C4: changes role from  FOLLOWER to CANDIDATE at term 51 for changeToCandidate
2019-10-19 01:14:28,462 [Thread-6946] INFO  impl.RoleInfo (RoleInfo.java:updateAndGet(143)) - 9c2d914d-67b1-4af9-8080-4d6ee007b506: start LeaderElection
2019-10-19 01:14:28,474 [9c2d914d-67b1-4af9-8080-4d6ee007b506@group-20FCFA0487C4-LeaderElection713] INFO  impl.LeaderElection (LeaderElection.java:askForVotes(178)) - 9c2d914d-67b1-4af9-8080-4d6ee007b506@group-20FCFA0487C4-LeaderElection713: begin an election at term 52 for -1: [88be3607-7667-471c-9070-7dfd13eb5ac8:192.168.69.71:32925, 9c2d914d-67b1-4af9-8080-4d6ee007b506:192.168.69.71:35462, 61d0b7dc-5f8b-422f-8693-c58167224d24:192.168.69.71:43479], old=null
2019-10-19 01:14:28,475 [grpc-default-executor-9] INFO  impl.RaftServerImpl (RaftServerImpl.java:setRole(184)) - 88be3607-7667-471c-9070-7dfd13eb5ac8@group-20FCFA0487C4: changes role from  FOLLOWER to FOLLOWER at term 52 for recognizeCandidate:9c2d914d-67b1-4af9-8080-4d6ee007b506
2019-10-19 01:14:28,476 [grpc-default-executor-9] INFO  impl.RoleInfo (RoleInfo.java:shutdownFollowerState(121)) - 88be3607-7667-471c-9070-7dfd13eb5ac8: shutdown FollowerState
2019-10-19 01:14:28,476 [grpc-default-executor-5] INFO  impl.RaftServerImpl (RaftServerImpl.java:setRole(184)) - 61d0b7dc-5f8b-422f-8693-c58167224d24@group-20FCFA0487C4: changes role from  FOLLOWER to FOLLOWER at term 52 for recognizeCandidate:9c2d914d-67b1-4af9-8080-4d6ee007b506
2019-10-19 01:14:28,476 [grpc-default-executor-5] INFO  impl.RoleInfo (RoleInfo.java:shutdownFollowerState(121)) - 61d0b7dc-5f8b-422f-8693-c58167224d24: shutdown FollowerState
2019-10-19 01:14:28,476 [grpc-default-executor-5] INFO  impl.RoleInfo (RoleInfo.java:updateAndGet(143)) - 61d0b7dc-5f8b-422f-8693-c58167224d24: start FollowerState
2019-10-19 01:14:28,476 [Thread-6945] INFO  impl.FollowerState (FollowerState.java:run(117)) - 88be3607-7667-471c-9070-7dfd13eb5ac8@group-20FCFA0487C4-FollowerState was interrupted: java.lang.InterruptedException: sleep interrupted
2019-10-19 01:14:28,476 [grpc-default-executor-9] INFO  impl.RoleInfo (RoleInfo.java:updateAndGet(143)) - 88be3607-7667-471c-9070-7dfd13eb5ac8: start FollowerState
2019-10-19 01:14:28,476 [Thread-6944] INFO  impl.FollowerState (FollowerState.java:run(117)) - 61d0b7dc-5f8b-422f-8693-c58167224d24@group-20FCFA0487C4-FollowerState was interrupted: java.lang.InterruptedException: sleep interrupted
2019-10-19 01:14:28,490 [Thread-6947] INFO  impl.FollowerState (FollowerState.java:run(108)) - f143d5cf-4038-4fa8-8601-f5a45f16ca3e@group-A3037D40E172-FollowerState: change to CANDIDATE, lastRpcTime:30ms, electionTimeout:30ms
2019-10-19 01:14:28,490 [Thread-6947] INFO  impl.RoleInfo (RoleInfo.java:shutdownFollowerState(121)) - f143d5cf-4038-4fa8-8601-f5a45f16ca3e: shutdown FollowerState
2019-10-19 01:14:28,490 [Thread-6947] INFO  impl.RaftServerImpl (RaftServerImpl.java:setRole(184)) - f143d5cf-4038-4fa8-8601-f5a45f16ca3e@group-A3037D40E172: changes role from  FOLLOWER to CANDIDATE at term 49 for changeToCandidate
2019-10-19 01:14:28,490 [Thread-6947] INFO  impl.RoleInfo (RoleInfo.java:updateAndGet(143)) - f143d5cf-4038-4fa8-8601-f5a45f16ca3e: start LeaderElection
2019-10-19 01:14:28,491 [9c2d914d-67b1-4af9-8080-4d6ee007b506@group-20FCFA0487C4-LeaderElection713] INFO  impl.LeaderElection (LeaderElection.java:logAndReturn(56)) - 9c2d914d-67b1-4af9-8080-4d6ee007b506@group-20FCFA0487C4-LeaderElection713: Election REJECTED; received 2 response(s) [9c2d914d-67b1-4af9-8080-4d6ee007b506<-88be3607-7667-471c-9070-7dfd13eb5ac8#0:FAIL-t52, 9c2d914d-67b1-4af9-8080-4d6ee007b506<-61d0b7dc-5f8b-422f-8693-c58167224d24#0:FAIL-t52] and 0 exception(s); 9c2d914d-67b1-4af9-8080-4d6ee007b506@group-20FCFA0487C4:t52, leader=null, voted=9c2d914d-67b1-4af9-8080-4d6ee007b506, raftlog=9c2d914d-67b1-4af9-8080-4d6ee007b506@group-20FCFA0487C4-SegmentedRaftLog:OPENED:c-1,f-1,i0, conf=-1: [88be3607-7667-471c-9070-7dfd13eb5ac8:192.168.69.71:32925, 9c2d914d-67b1-4af9-8080-4d6ee007b506:192.168.69.71:35462, 61d0b7dc-5f8b-422f-8693-c58167224d24:192.168.69.71:43479], old=null
2019-10-19 01:14:28,491 [9c2d914d-67b1-4af9-8080-4d6ee007b506@group-20FCFA0487C4-LeaderElection713] INFO  impl.RaftServerImpl (RaftServerImpl.java:setRole(184)) - 9c2d914d-67b1-4af9-8080-4d6ee007b506@group-20FCFA0487C4: changes role from CANDIDATE to FOLLOWER at term 52 for DISCOVERED_A_NEW_TERM
2019-10-19 01:14:28,491 [9c2d914d-67b1-4af9-8080-4d6ee007b506@group-20FCFA0487C4-LeaderElection713] INFO  impl.RoleInfo (RoleInfo.java:shutdownLeaderElection(134)) - 9c2d914d-67b1-4af9-8080-4d6ee007b506: shutdown LeaderElection
2019-10-19 01:14:28,491 [9c2d914d-67b1-4af9-8080-4d6ee007b506@group-20FCFA0487C4-LeaderElection713] INFO  impl.RoleInfo (RoleInfo.java:updateAndGet(143)) - 9c2d914d-67b1-4af9-8080-4d6ee007b506: start FollowerState
2019-10-19 01:14:28,493 [f143d5cf-4038-4fa8-8601-f5a45f16ca3e@group-A3037D40E172-LeaderElection714] INFO  impl.LeaderElection (LeaderElection.java:askForVotes(178)) - f143d5cf-4038-4fa8-8601-f5a45f16ca3e@group-A3037D40E172-LeaderElection714: begin an election at term 50 for -1: [f143d5cf-4038-4fa8-8601-f5a45f16ca3e:192.168.69.71:40169, 2543ffea-c5c6-4af0-856f-eb846bad755a:192.168.69.71:45287, 61d14648-e80d-4cd8-9e7c-6deb2f21aca8:192.168.69.71:42247], old=null
2019-10-19 01:14:28,494 [grpc-default-executor-9] INFO  impl.RaftServerImpl (RaftServerImpl.java:setRole(184)) - 2543ffea-c5c6-4af0-856f-eb846bad755a@group-A3037D40E172: changes role from  FOLLOWER to FOLLOWER at term 50 for recognizeCandidate:f143d5cf-4038-4fa8-8601-f5a45f16ca3e
2019-10-19 01:14:28,494 [grpc-default-executor-9] INFO  impl.RoleInfo (RoleInfo.java:shutdownFollowerState(121)) - 2543ffea-c5c6-4af0-856f-eb846bad755a: shutdown FollowerState
2019-10-19 01:14:28,494 [grpc-default-executor-9] INFO  impl.RoleInfo (RoleInfo.java:updateAndGet(143)) - 2543ffea-c5c6-4af0-856f-eb846bad755a: start FollowerState
2019-10-19 01:14:28,494 [grpc-default-executor-5] INFO  impl.RaftServerImpl (RaftServerImpl.java:setRole(184)) - 61d14648-e80d-4cd8-9e7c-6deb2f21aca8@group-A3037D40E172: changes role from  FOLLOWER to FOLLOWER at term 50 for recognizeCandidate:f143d5cf-4038-4fa8-8601-f5a45f16ca3e
2019-10-19 01:14:28,494 [grpc-default-executor-5] INFO  impl.RoleInfo (RoleInfo.java:shutdownFollowerState(121)) - 61d14648-e80d-4cd8-9e7c-6deb2f21aca8: shutdown FollowerState
2019-10-19 01:14:28,494 [Thread-6942] INFO  impl.FollowerState (FollowerState.java:run(117)) - 2543ffea-c5c6-4af0-856f-eb846bad755a@group-A3037D40E172-FollowerState was interrupted: java.lang.InterruptedException: sleep interrupted
2019-10-19 01:14:28,494 [Thread-6943] INFO  impl.FollowerState (FollowerState.java:run(117)) - 61d14648-e80d-4cd8-9e7c-6deb2f21aca8@group-A3037D40E172-FollowerState was interrupted: java.lang.InterruptedException: sleep interrupted
2019-10-19 01:14:28,494 [grpc-default-executor-5] INFO  impl.RoleInfo (RoleInfo.java:updateAndGet(143)) - 61d14648-e80d-4cd8-9e7c-6deb2f21aca8: start FollowerState
2019-10-19 01:14:28,507 [f143d5cf-4038-4fa8-8601-f5a45f16ca3e@group-A3037D40E172-LeaderElection714] INFO  impl.LeaderElection (LeaderElection.java:logAndReturn(56)) - f143d5cf-4038-4fa8-8601-f5a45f16ca3e@group-A3037D40E172-LeaderElection714: Election REJECTED; received 2 response(s) [f143d5cf-4038-4fa8-8601-f5a45f16ca3e<-2543ffea-c5c6-4af0-856f-eb846bad755a#0:FAIL-t50, f143d5cf-4038-4fa8-8601-f5a45f16ca3e<-61d14648-e80d-4cd8-9e7c-6deb2f21aca8#0:FAIL-t50] and 0 exception(s); f143d5cf-4038-4fa8-8601-f5a45f16ca3e@group-A3037D40E172:t50, leader=null, voted=f143d5cf-4038-4fa8-8601-f5a45f16ca3e, raftlog=f143d5cf-4038-4fa8-8601-f5a45f16ca3e@group-A3037D40E172-SegmentedRaftLog:OPENED:c-1,f-1,i0, conf=-1: [f143d5cf-4038-4fa8-8601-f5a45f16ca3e:192.168.69.71:40169, 2543ffea-c5c6-4af0-856f-eb846bad755a:192.168.69.71:45287, 61d14648-e80d-4cd8-9e7c-6deb2f21aca8:192.168.69.71:42247], old=null
2019-10-19 01:14:28,507 [f143d5cf-4038-4fa8-8601-f5a45f16ca3e@group-A3037D40E172-LeaderElection714] INFO  impl.RaftServerImpl (RaftServerImpl.java:setRole(184)) - f143d5cf-4038-4fa8-8601-f5a45f16ca3e@group-A3037D40E172: changes role from CANDIDATE to FOLLOWER at term 50 for DISCOVERED_A_NEW_TERM
2019-10-19 01:14:28,508 [f143d5cf-4038-4fa8-8601-f5a45f16ca3e@group-A3037D40E172-LeaderElection714] INFO  impl.RoleInfo (RoleInfo.java:shutdownLeaderElection(134)) - f143d5cf-4038-4fa8-8601-f5a45f16ca3e: shutdown LeaderElection
2019-10-19 01:14:28,508 [f143d5cf-4038-4fa8-8601-f5a45f16ca3e@group-A3037D40E172-LeaderElection714] INFO  impl.RoleInfo (RoleInfo.java:updateAndGet(143)) - f143d5cf-4038-4fa8-8601-f5a45f16ca3e: start FollowerState
2019-10-19 01:14:28,591 [Thread-6954] INFO  impl.FollowerState (FollowerState.java:run(108)) - 9c2d914d-67b1-4af9-8080-4d6ee007b506@group-20FCFA0487C4-FollowerState: change to CANDIDATE, lastRpcTime:100ms, electionTimeout:100ms
2019-10-19 01:14:28,591 [Thread-6954] INFO  impl.RoleInfo (RoleInfo.java:shutdownFollowerState(121)) - 9c2d914d-67b1-4af9-8080-4d6ee007b506: shutdown FollowerState
2019-10-19 01:14:28,591 [Thread-6954] INFO  impl.RaftServerImpl (RaftServerImpl.java:setRole(184)) - 9c2d914d-67b1-4af9-8080-4d6ee007b506@group-20FCFA0487C4: changes role from  FOLLOWER to CANDIDATE at term 52 for changeToCandidate
2019-10-19 01:14:28,592 [Thread-6954] INFO  impl.RoleInfo (RoleInfo.java:updateAndGet(143)) - 9c2d914d-67b1-4af9-8080-4d6ee007b506: start LeaderElection
2019-10-19 01:14:28,605 [9c2d914d-67b1-4af9-8080-4d6ee007b506@group-20FCFA0487C4-LeaderElection715] INFO  impl.LeaderElection (LeaderElection.java:askForVotes(178)) - 9c2d914d-67b1-4af9-8080-4d6ee007b506@group-20FCFA0487C4-LeaderElection715: begin an election at term 53 for -1: [88be3607-7667-471c-9070-7dfd13eb5ac8:192.168.69.71:32925, 9c2d914d-67b1-4af9-8080-4d6ee007b506:192.168.69.71:35462, 61d0b7dc-5f8b-422f-8693-c58167224d24:192.168.69.71:43479], old=null
2019-10-19 01:14:28,606 [grpc-default-executor-9] INFO  impl.RaftServerImpl (RaftServerImpl.java:setRole(184)) - 61d0b7dc-5f8b-422f-8693-c58167224d24@group-20FCFA0487C4: changes role from  FOLLOWER to FOLLOWER at term 53 for recognizeCandidate:9c2d914d-67b1-4af9-8080-4d6ee007b506
2019-10-19 01:14:28,606 [grpc-default-executor-5] INFO  impl.RaftServerImpl (RaftServerImpl.java:setRole(184)) - 88be3607-7667-471c-9070-7dfd13eb5ac8@group-20FCFA0487C4: changes role from  FOLLOWER to FOLLOWER at term 53 for recognizeCandidate:9c2d914d-67b1-4af9-8080-4d6ee007b506
2019-10-19 01:14:28,606 [grpc-default-executor-5] INFO  impl.RoleInfo (RoleInfo.java:shutdownFollowerState(121)) - 88be3607-7667-471c-9070-7dfd13eb5ac8: shutdown FollowerState
2019-10-19 01:14:28,606 [grpc-default-executor-9] INFO  impl.RoleInfo (RoleInfo.java:shutdownFollowerState(121)) - 61d0b7dc-5f8b-422f-8693-c58167224d24: shutdown FollowerState
2019-10-19 01:14:28,606 [Thread-6951] INFO  impl.FollowerState (FollowerState.java:run(117)) - 88be3607-7667-471c-9070-7dfd13eb5ac8@group-20FCFA0487C4-FollowerState was interrupted: java.lang.InterruptedException: sleep interrupted
2019-10-19 01:14:28,606 [grpc-default-executor-5] INFO  impl.RoleInfo (RoleInfo.java:updateAndGet(143)) - 88be3607-7667-471c-9070-7dfd13eb5ac8: start FollowerState
2019-10-19 01:14:28,606 [Thread-6952] INFO  impl.FollowerState (FollowerState.java:run(117)) - 61d0b7dc-5f8b-422f-8693-c58167224d24@group-20FCFA0487C4-FollowerState was interrupted: java.lang.InterruptedException: sleep interrupted
2019-10-19 01:14:28,606 [grpc-default-executor-9] INFO  impl.RoleInfo (RoleInfo.java:updateAndGet(143)) - 61d0b7dc-5f8b-422f-8693-c58167224d24: start FollowerState
2019-10-19 01:14:28,612 [Thread-6959] INFO  impl.FollowerState (FollowerState.java:run(108)) - f143d5cf-4038-4fa8-8601-f5a45f16ca3e@group-A3037D40E172-FollowerState: change to CANDIDATE, lastRpcTime:104ms, electionTimeout:104ms
2019-10-19 01:14:28,612 [Thread-6959] INFO  impl.RoleInfo (RoleInfo.java:shutdownFollowerState(121)) - f143d5cf-4038-4fa8-8601-f5a45f16ca3e: shutdown FollowerState
2019-10-19 01:14:28,612 [Thread-6959] INFO  impl.RaftServerImpl (RaftServerImpl.java:setRole(184)) - f143d5cf-4038-4fa8-8601-f5a45f16ca3e@group-A3037D40E172: changes role from  FOLLOWER to CANDIDATE at term 50 for changeToCandidate
2019-10-19 01:14:28,612 [Thread-6959] INFO  impl.RoleInfo (RoleInfo.java:updateAndGet(143)) - f143d5cf-4038-4fa8-8601-f5a45f16ca3e: start LeaderElection
2019-10-19 01:14:28,616 [f143d5cf-4038-4fa8-8601-f5a45f16ca3e@group-A3037D40E172-LeaderElection716] INFO  impl.LeaderElection (LeaderElection.java:askForVotes(178)) - f143d5cf-4038-4fa8-8601-f5a45f16ca3e@group-A3037D40E172-LeaderElection716: begin an election at term 51 for -1: [f143d5cf-4038-4fa8-8601-f5a45f16ca3e:192.168.69.71:40169, 2543ffea-c5c6-4af0-856f-eb846bad755a:192.168.69.71:45287, 61d14648-e80d-4cd8-9e7c-6deb2f21aca8:192.168.69.71:42247], old=null
2019-10-19 01:14:28,616 [9c2d914d-67b1-4af9-8080-4d6ee007b506@group-20FCFA0487C4-LeaderElection715] INFO  impl.LeaderElection (LeaderElection.java:logAndReturn(56)) - 9c2d914d-67b1-4af9-8080-4d6ee007b506@group-20FCFA0487C4-LeaderElection715: Election REJECTED; received 2 response(s) [9c2d914d-67b1-4af9-8080-4d6ee007b506<-88be3607-7667-471c-9070-7dfd13eb5ac8#0:FAIL-t53, 9c2d914d-67b1-4af9-8080-4d6ee007b506<-61d0b7dc-5f8b-422f-8693-c58167224d24#0:FAIL-t53] and 0 exception(s); 9c2d914d-67b1-4af9-8080-4d6ee007b506@group-20FCFA0487C4:t53, leader=null, voted=9c2d914d-67b1-4af9-8080-4d6ee007b506, raftlog=9c2d914d-67b1-4af9-8080-4d6ee007b506@group-20FCFA0487C4-SegmentedRaftLog:OPENED:c-1,f-1,i0, conf=-1: [88be3607-7667-471c-9070-7dfd13eb5ac8:192.168.69.71:32925, 9c2d914d-67b1-4af9-8080-4d6ee007b506:192.168.69.71:35462, 61d0b7dc-5f8b-422f-8693-c58167224d24:192.168.69.71:43479], old=null
2019-10-19 01:14:28,616 [9c2d914d-67b1-4af9-8080-4d6ee007b506@group-20FCFA0487C4-LeaderElection715] INFO  impl.RaftServerImpl (RaftServerImpl.java:setRole(184)) - 9c2d914d-67b1-4af9-8080-4d6ee007b506@group-20FCFA0487C4: changes role from CANDIDATE to FOLLOWER at term 53 for DISCOVERED_A_NEW_TERM
2019-10-19 01:14:28,616 [9c2d914d-67b1-4af9-8080-4d6ee007b506@group-20FCFA0487C4-LeaderElection715] INFO  impl.RoleInfo (RoleInfo.java:shutdownLeaderElection(134)) - 9c2d914d-67b1-4af9-8080-4d6ee007b506: shutdown LeaderElection
2019-10-19 01:14:28,616 [9c2d914d-67b1-4af9-8080-4d6ee007b506@group-20FCFA0487C4-LeaderElection715] INFO  impl.RoleInfo (RoleInfo.java:updateAndGet(143)) - 9c2d914d-67b1-4af9-8080-4d6ee007b506: start FollowerState
2019-10-19 01:14:28,617 [grpc-default-executor-5] INFO  impl.RaftServerImpl (RaftServerImpl.java:setRole(184)) - 2543ffea-c5c6-4af0-856f-eb846bad755a@group-A3037D40E172: changes role from  FOLLOWER to FOLLOWER at term 51 for recognizeCandidate:f143d5cf-4038-4fa8-8601-f5a45f16ca3e
2019-10-19 01:14:28,617 [grpc-default-executor-9] INFO  impl.RaftServerImpl (RaftServerImpl.java:setRole(184)) - 61d14648-e80d-4cd8-9e7c-6deb2f21aca8@group-A3037D40E172: changes role from  FOLLOWER to FOLLOWER at term 51 for recognizeCandidate:f143d5cf-4038-4fa8-8601-f5a45f16ca3e
2019-10-19 01:14:28,617 [grpc-default-executor-9] INFO  impl.RoleInfo (RoleInfo.java:shutdownFollowerState(121)) - 61d14648-e80d-4cd8-9e7c-6deb2f21aca8: shutdown FollowerState
2019-10-19 01:14:28,617 [grpc-default-executor-5] INFO  impl.RoleInfo (RoleInfo.java:shutdownFollowerState(121)) - 2543ffea-c5c6-4af0-856f-eb846bad755a: shutdown FollowerState
2019-10-19 01:14:28,617 [Thread-6958] INFO  impl.FollowerState (FollowerState.java:run(117)) - 61d14648-e80d-4cd8-9e7c-6deb2f21aca8@group-A3037D40E172-FollowerState was interrupted: java.lang.InterruptedException: sleep interrupted
2019-10-19 01:14:28,617 [grpc-default-executor-9] INFO  impl.RoleInfo (RoleInfo.java:updateAndGet(143)) - 61d14648-e80d-4cd8-9e7c-6deb2f21aca8: start FollowerState
2019-10-19 01:14:28,617 [Thread-6957] INFO  impl.FollowerState (FollowerState.java:run(117)) - 2543ffea-c5c6-4af0-856f-eb846bad755a@group-A3037D40E172-FollowerState was interrupted: java.lang.InterruptedException: sleep interrupted
2019-10-19 01:14:28,617 [grpc-default-executor-5] INFO  impl.RoleInfo (RoleInfo.java:updateAndGet(143)) - 2543ffea-c5c6-4af0-856f-eb846bad755a: start FollowerState
2019-10-19 01:14:28,625 [f143d5cf-4038-4fa8-8601-f5a45f16ca3e@group-A3037D40E172-LeaderElection716] INFO  impl.LeaderElection (LeaderElection.java:logAndReturn(56)) - f143d5cf-4038-4fa8-8601-f5a45f16ca3e@group-A3037D40E172-LeaderElection716: Election REJECTED; received 2 response(s) [f143d5cf-4038-4fa8-8601-f5a45f16ca3e<-2543ffea-c5c6-4af0-856f-eb846bad755a#0:FAIL-t51, f143d5cf-4038-4fa8-8601-f5a45f16ca3e<-61d14648-e80d-4cd8-9e7c-6deb2f21aca8#0:FAIL-t51] and 0 exception(s); f143d5cf-4038-4fa8-8601-f5a45f16ca3e@group-A3037D40E172:t51, leader=null, voted=f143d5cf-4038-4fa8-8601-f5a45f16ca3e, raftlog=f143d5cf-4038-4fa8-8601-f5a45f16ca3e@group-A3037D40E172-SegmentedRaftLog:OPENED:c-1,f-1,i0, conf=-1: [f143d5cf-4038-4fa8-8601-f5a45f16ca3e:192.168.69.71:40169, 2543ffea-c5c6-4af0-856f-eb846bad755a:192.168.69.71:45287, 61d14648-e80d-4cd8-9e7c-6deb2f21aca8:192.168.69.71:42247], old=null
2019-10-19 01:14:28,625 [f143d5cf-4038-4fa8-8601-f5a45f16ca3e@group-A3037D40E172-LeaderElection716] INFO  impl.RaftServerImpl (RaftServerImpl.java:setRole(184)) - f143d5cf-4038-4fa8-8601-f5a45f16ca3e@group-A3037D40E172: changes role from CANDIDATE to FOLLOWER at term 51 for DISCOVERED_A_NEW_TERM
2019-10-19 01:14:28,625 [f143d5cf-4038-4fa8-8601-f5a45f16ca3e@group-A3037D40E172-LeaderElection716] INFO  impl.RoleInfo (RoleInfo.java:shutdownLeaderElection(134)) - f143d5cf-4038-4fa8-8601-f5a45f16ca3e: shutdown LeaderElection
2019-10-19 01:14:28,625 [f143d5cf-4038-4fa8-8601-f5a45f16ca3e@group-A3037D40E172-LeaderElection716] INFO  impl.RoleInfo (RoleInfo.java:updateAndGet(143)) - f143d5cf-4038-4fa8-8601-f5a45f16ca3e: start FollowerState
2019-10-19 01:14:28,652 [Thread-6970] INFO  impl.FollowerState (FollowerState.java:run(108)) - 9c2d914d-67b1-4af9-8080-4d6ee007b506@group-20FCFA0487C4-FollowerState: change to CANDIDATE, lastRpcTime:35ms, electionTimeout:35ms
2019-10-19 01:14:28,652 [Thread-6970] INFO  impl.RoleInfo (RoleInfo.java:shutdownFollowerState(121)) - 9c2d914d-67b1-4af9-8080-4d6ee007b506: shutdown FollowerState
2019-10-19 01:14:28,652 [Thread-6970] INFO  impl.RaftServerImpl (RaftServerImpl.java:setRole(184)) - 9c2d914d-67b1-4af9-8080-4d6ee007b506@group-20FCFA0487C4: changes role from  FOLLOWER to CANDIDATE at term 53 for changeToCandidate
2019-10-19 01:14:28,652 [Thread-6970] INFO  impl.RoleInfo (RoleInfo.java:updateAndGet(143)) - 9c2d914d-67b1-4af9-8080-4d6ee007b506: start LeaderElection
2019-10-19 01:14:28,669 [Thread-6973] INFO  impl.FollowerState (FollowerState.java:run(108)) - f143d5cf-4038-4fa8-8601-f5a45f16ca3e@group-A3037D40E172-FollowerState: change to CANDIDATE, lastRpcTime:44ms, electionTimeout:44ms
2019-10-19 01:14:28,669 [Thread-6973] INFO  impl.RoleInfo (RoleInfo.java:shutdownFollowerState(121)) - f143d5cf-4038-4fa8-8601-f5a45f16ca3e: shutdown FollowerState
2019-10-19 01:14:28,669 [Thread-6973] INFO  impl.RaftServerImpl (RaftServerImpl.java:setRole(184)) - f143d5cf-4038-4fa8-8601-f5a45f16ca3e@group-A3037D40E172: changes role from  FOLLOWER to CANDIDATE at term 51 for changeToCandidate
2019-10-19 01:14:28,669 [Thread-6973] INFO  impl.RoleInfo (RoleInfo.java:updateAndGet(143)) - f143d5cf-4038-4fa8-8601-f5a45f16ca3e: start LeaderElection
2019-10-19 01:14:28,672 [9c2d914d-67b1-4af9-8080-4d6ee007b506@group-20FCFA0487C4-LeaderElection717] INFO  impl.LeaderElection (LeaderElection.java:askForVotes(178)) - 9c2d914d-67b1-4af9-8080-4d6ee007b506@group-20FCFA0487C4-LeaderElection717: begin an election at term 54 for -1: [88be3607-7667-471c-9070-7dfd13eb5ac8:192.168.69.71:32925, 9c2d914d-67b1-4af9-8080-4d6ee007b506:192.168.69.71:35462, 61d0b7dc-5f8b-422f-8693-c58167224d24:192.168.69.71:43479], old=null
2019-10-19 01:14:28,673 [f143d5cf-4038-4fa8-8601-f5a45f16ca3e@group-A3037D40E172-LeaderElection718] INFO  impl.LeaderElection (LeaderElection.java:askForVotes(178)) - f143d5cf-4038-4fa8-8601-f5a45f16ca3e@group-A3037D40E172-LeaderElection718: begin an election at term 52 for -1: [f143d5cf-4038-4fa8-8601-f5a45f16ca3e:192.168.69.71:40169, 2543ffea-c5c6-4af0-856f-eb846bad755a:192.168.69.71:45287, 61d14648-e80d-4cd8-9e7c-6deb2f21aca8:192.168.69.71:42247], old=null
2019-10-19 01:14:28,673 [grpc-default-executor-5] INFO  impl.RaftServerImpl (RaftServerImpl.java:setRole(184)) - 88be3607-7667-471c-9070-7dfd13eb5ac8@group-20FCFA0487C4: changes role from  FOLLOWER to FOLLOWER at term 54 for recognizeCandidate:9c2d914d-67b1-4af9-8080-4d6ee007b506
2019-10-19 01:14:28,673 [grpc-default-executor-5] INFO  impl.RoleInfo (RoleInfo.java:shutdownFollowerState(121)) - 88be3607-7667-471c-9070-7dfd13eb5ac8: shutdown FollowerState
2019-10-19 01:14:28,674 [grpc-default-executor-5] INFO  impl.RoleInfo (RoleInfo.java:updateAndGet(143)) - 88be3607-7667-471c-9070-7dfd13eb5ac8: start FollowerState
2019-10-19 01:14:28,674 [Thread-6963] INFO  impl.FollowerState (FollowerState.java:run(117)) - 88be3607-7667-471c-9070-7dfd13eb5ac8@group-20FCFA0487C4-FollowerState was interrupted: java.lang.InterruptedException: sleep interrupted
2019-10-19 01:14:28,674 [grpc-default-executor-9] INFO  impl.RaftServerImpl (RaftServerImpl.java:setRole(184)) - 61d0b7dc-5f8b-422f-8693-c58167224d24@group-20FCFA0487C4: changes role from  FOLLOWER to FOLLOWER at term 54 for recognizeCandidate:9c2d914d-67b1-4af9-8080-4d6ee007b506
2019-10-19 01:14:28,674 [grpc-default-executor-9] INFO  impl.RoleInfo (RoleInfo.java:shutdownFollowerState(121)) - 61d0b7dc-5f8b-422f-8693-c58167224d24: shutdown FollowerState
2019-10-19 01:14:28,674 [grpc-default-executor-9] INFO  impl.RoleInfo (RoleInfo.java:updateAndGet(143)) - 61d0b7dc-5f8b-422f-8693-c58167224d24: start FollowerState
2019-10-19 01:14:28,674 [grpc-default-executor-10] INFO  impl.RaftServerImpl (RaftServerImpl.java:setRole(184)) - 2543ffea-c5c6-4af0-856f-eb846bad755a@group-A3037D40E172: changes role from  FOLLOWER to FOLLOWER at term 52 for recognizeCandidate:f143d5cf-4038-4fa8-8601-f5a45f16ca3e
2019-10-19 01:14:28,674 [grpc-default-executor-10] INFO  impl.RoleInfo (RoleInfo.java:shutdownFollowerState(121)) - 2543ffea-c5c6-4af0-856f-eb846bad755a: shutdown FollowerState
2019-10-19 01:14:28,674 [grpc-default-executor-10] INFO  impl.RoleInfo (RoleInfo.java:updateAndGet(143)) - 2543ffea-c5c6-4af0-856f-eb846bad755a: start FollowerState
2019-10-19 01:14:28,674 [Thread-6964] INFO  impl.FollowerState (FollowerState.java:run(117)) - 61d0b7dc-5f8b-422f-8693-c58167224d24@group-20FCFA0487C4-FollowerState was interrupted: java.lang.InterruptedException: sleep interrupted
2019-10-19 01:14:28,674 [grpc-default-executor-3] INFO  impl.RaftServerImpl (RaftServerImpl.java:setRole(184)) - 61d14648-e80d-4cd8-9e7c-6deb2f21aca8@group-A3037D40E172: changes role from  FOLLOWER to FOLLOWER at term 52 for recognizeCandidate:f143d5cf-4038-4fa8-8601-f5a45f16ca3e
2019-10-19 01:14:28,674 [Thread-6972] INFO  impl.FollowerState (FollowerState.java:run(117)) - 2543ffea-c5c6-4af0-856f-eb846bad755a@group-A3037D40E172-FollowerState was interrupted: java.lang.InterruptedException: sleep interrupted
2019-10-19 01:14:28,675 [grpc-default-executor-3] INFO  impl.RoleInfo (RoleInfo.java:shutdownFollowerState(121)) - 61d14648-e80d-4cd8-9e7c-6deb2f21aca8: shutdown FollowerState
2019-10-19 01:14:28,675 [grpc-default-executor-3] INFO  impl.RoleInfo (RoleInfo.java:updateAndGet(143)) - 61d14648-e80d-4cd8-9e7c-6deb2f21aca8: start FollowerState
2019-10-19 01:14:28,675 [Thread-6971] INFO  impl.FollowerState (FollowerState.java:run(117)) - 61d14648-e80d-4cd8-9e7c-6deb2f21aca8@group-A3037D40E172-FollowerState was interrupted: java.lang.InterruptedException: sleep interrupted
2019-10-19 01:14:28,687 [f143d5cf-4038-4fa8-8601-f5a45f16ca3e@group-A3037D40E172-LeaderElection718] INFO  impl.LeaderElection (LeaderElection.java:logAndReturn(56)) - f143d5cf-4038-4fa8-8601-f5a45f16ca3e@group-A3037D40E172-LeaderElection718: Election REJECTED; received 2 response(s) [f143d5cf-4038-4fa8-8601-f5a45f16ca3e<-2543ffea-c5c6-4af0-856f-eb846bad755a#0:FAIL-t52, f143d5cf-4038-4fa8-8601-f5a45f16ca3e<-61d14648-e80d-4cd8-9e7c-6deb2f21aca8#0:FAIL-t52] and 0 exception(s); f143d5cf-4038-4fa8-8601-f5a45f16ca3e@group-A3037D40E172:t52, leader=null, voted=f143d5cf-4038-4fa8-8601-f5a45f16ca3e, raftlog=f143d5cf-4038-4fa8-8601-f5a45f16ca3e@group-A3037D40E172-SegmentedRaftLog:OPENED:c-1,f-1,i0, conf=-1: [f143d5cf-4038-4fa8-8601-f5a45f16ca3e:192.168.69.71:40169, 2543ffea-c5c6-4af0-856f-eb846bad755a:192.168.69.71:45287, 61d14648-e80d-4cd8-9e7c-6deb2f21aca8:192.168.69.71:42247], old=null
2019-10-19 01:14:28,687 [9c2d914d-67b1-4af9-8080-4d6ee007b506@group-20FCFA0487C4-LeaderElection717] INFO  impl.LeaderElection (LeaderElection.java:logAndReturn(56)) - 9c2d914d-67b1-4af9-8080-4d6ee007b506@group-20FCFA0487C4-LeaderElection717: Election REJECTED; received 2 response(s) [9c2d914d-67b1-4af9-8080-4d6ee007b506<-88be3607-7667-471c-9070-7dfd13eb5ac8#0:FAIL-t54, 9c2d914d-67b1-4af9-8080-4d6ee007b506<-61d0b7dc-5f8b-422f-8693-c58167224d24#0:FAIL-t54] and 0 exception(s); 9c2d914d-67b1-4af9-8080-4d6ee007b506@group-20FCFA0487C4:t54, leader=null, voted=9c2d914d-67b1-4af9-8080-4d6ee007b506, raftlog=9c2d914d-67b1-4af9-8080-4d6ee007b506@group-20FCFA0487C4-SegmentedRaftLog:OPENED:c-1,f-1,i0, conf=-1: [88be3607-7667-471c-9070-7dfd13eb5ac8:192.168.69.71:32925, 9c2d914d-67b1-4af9-8080-4d6ee007b506:192.168.69.71:35462, 61d0b7dc-5f8b-422f-8693-c58167224d24:192.168.69.71:43479], old=null
2019-10-19 01:14:28,687 [f143d5cf-4038-4fa8-8601-f5a45f16ca3e@group-A3037D40E172-LeaderElection718] INFO  impl.RaftServerImpl (RaftServerImpl.java:setRole(184)) - f143d5cf-4038-4fa8-8601-f5a45f16ca3e@group-A3037D40E172: changes role from CANDIDATE to FOLLOWER at term 52 for DISCOVERED_A_NEW_TERM
2019-10-19 01:14:28,687 [9c2d914d-67b1-4af9-8080-4d6ee007b506@group-20FCFA0487C4-LeaderElection717] INFO  impl.RaftServerImpl (RaftServerImpl.java:setRole(184)) - 9c2d914d-67b1-4af9-8080-4d6ee007b506@group-20FCFA0487C4: changes role from CANDIDATE to FOLLOWER at term 54 for DISCOVERED_A_NEW_TERM
2019-10-19 01:14:28,687 [f143d5cf-4038-4fa8-8601-f5a45f16ca3e@group-A3037D40E172-LeaderElection718] INFO  impl.RoleInfo (RoleInfo.java:shutdownLeaderElection(134)) - f143d5cf-4038-4fa8-8601-f5a45f16ca3e: shutdown LeaderElection
2019-10-19 01:14:28,688 [9c2d914d-67b1-4af9-8080-4d6ee007b506@group-20FCFA0487C4-LeaderElection717] INFO  impl.RoleInfo (RoleInfo.java:shutdownLeaderElection(134)) - 9c2d914d-67b1-4af9-8080-4d6ee007b506: shutdown LeaderElection
2019-10-19 01:14:28,688 [f143d5cf-4038-4fa8-8601-f5a45f16ca3e@group-A3037D40E172-LeaderElection718] INFO  impl.RoleInfo (RoleInfo.java:updateAndGet(143)) - f143d5cf-4038-4fa8-8601-f5a45f16ca3e: start FollowerState
2019-10-19 01:14:28,688 [9c2d914d-67b1-4af9-8080-4d6ee007b506@group-20FCFA0487C4-LeaderElection717] INFO  impl.RoleInfo (RoleInfo.java:updateAndGet(143)) - 9c2d914d-67b1-4af9-8080-4d6ee007b506: start FollowerState
2019-10-19 01:14:28,757 [Thread-6984] INFO  impl.FollowerState (FollowerState.java:run(108)) - f143d5cf-4038-4fa8-8601-f5a45f16ca3e@group-A3037D40E172-FollowerState: change to CANDIDATE, lastRpcTime:69ms, electionTimeout:69ms
2019-10-19 01:14:28,757 [Thread-6984] INFO  impl.RoleInfo (RoleInfo.java:shutdownFollowerState(121)) - f143d5cf-4038-4fa8-8601-f5a45f16ca3e: shutdown FollowerState
2019-10-19 01:14:28,757 [Thread-6984] INFO  impl.RaftServerImpl (RaftServerImpl.java:setRole(184)) - f143d5cf-4038-4fa8-8601-f5a45f16ca3e@group-A3037D40E172: changes role from  FOLLOWER to CANDIDATE at term 52 for changeToCandidate
2019-10-19 01:14:28,757 [Thread-6984] INFO  impl.RoleInfo (RoleInfo.java:updateAndGet(143)) - f143d5cf-4038-4fa8-8601-f5a45f16ca3e: start LeaderElection
2019-10-19 01:14:28,770 [f143d5cf-4038-4fa8-8601-f5a45f16ca3e@group-A3037D40E172-LeaderElection719] INFO  impl.LeaderElection (LeaderElection.java:askForVotes(178)) - f143d5cf-4038-4fa8-8601-f5a45f16ca3e@group-A3037D40E172-LeaderElection719: begin an election at term 53 for -1: [f143d5cf-4038-4fa8-8601-f5a45f16ca3e:192.168.69.71:40169, 2543ffea-c5c6-4af0-856f-eb846bad755a:192.168.69.71:45287, 61d14648-e80d-4cd8-9e7c-6deb2f21aca8:192.168.69.71:42247], old=null
2019-10-19 01:14:28,774 [grpc-default-executor-5] INFO  impl.RaftServerImpl (RaftServerImpl.java:setRole(184)) - 2543ffea-c5c6-4af0-856f-eb846bad755a@group-A3037D40E172: changes role from  FOLLOWER to FOLLOWER at term 53 for recognizeCandidate:f143d5cf-4038-4fa8-8601-f5a45f16ca3e
2019-10-19 01:14:28,774 [grpc-default-executor-9] INFO  impl.RaftServerImpl (RaftServerImpl.java:setRole(184)) - 61d14648-e80d-4cd8-9e7c-6deb2f21aca8@group-A3037D40E172: changes role from  FOLLOWER to FOLLOWER at term 53 for recognizeCandidate:f143d5cf-4038-4fa8-8601-f5a45f16ca3e
2019-10-19 01:14:28,774 [grpc-default-executor-5] INFO  impl.RoleInfo (RoleInfo.java:shutdownFollowerState(121)) - 2543ffea-c5c6-4af0-856f-eb846bad755a: shutdown FollowerState
2019-10-19 01:14:28,774 [grpc-default-executor-9] INFO  impl.RoleInfo (RoleInfo.java:shutdownFollowerState(121)) - 61d14648-e80d-4cd8-9e7c-6deb2f21aca8: shutdown FollowerState
2019-10-19 01:14:28,774 [grpc-default-executor-9] INFO  impl.RoleInfo (RoleInfo.java:updateAndGet(143)) - 61d14648-e80d-4cd8-9e7c-6deb2f21aca8: start FollowerState
2019-10-19 01:14:28,774 [Thread-6982] INFO  impl.FollowerState (FollowerState.java:run(117)) - 2543ffea-c5c6-4af0-856f-eb846bad755a@group-A3037D40E172-FollowerState was interrupted: java.lang.InterruptedException: sleep interrupted
2019-10-19 01:14:28,774 [grpc-default-executor-5] INFO  impl.RoleInfo (RoleInfo.java:updateAndGet(143)) - 2543ffea-c5c6-4af0-856f-eb846bad755a: start FollowerState
2019-10-19 01:14:28,774 [Thread-6983] INFO  impl.FollowerState (FollowerState.java:run(117)) - 61d14648-e80d-4cd8-9e7c-6deb2f21aca8@group-A3037D40E172-FollowerState was interrupted: java.lang.InterruptedException: sleep interrupted
2019-10-19 01:14:28,789 [f143d5cf-4038-4fa8-8601-f5a45f16ca3e@group-A3037D40E172-LeaderElection719] INFO  impl.LeaderElection (LeaderElection.java:logAndReturn(56)) - f143d5cf-4038-4fa8-8601-f5a45f16ca3e@group-A3037D40E172-LeaderElection719: Election REJECTED; received 2 response(s) [f143d5cf-4038-4fa8-8601-f5a45f16ca3e<-2543ffea-c5c6-4af0-856f-eb846bad755a#0:FAIL-t53, f143d5cf-4038-4fa8-8601-f5a45f16ca3e<-61d14648-e80d-4cd8-9e7c-6deb2f21aca8#0:FAIL-t53] and 0 exception(s); f143d5cf-4038-4fa8-8601-f5a45f16ca3e@group-A3037D40E172:t53, leader=null, voted=f143d5cf-4038-4fa8-8601-f5a45f16ca3e, raftlog=f143d5cf-4038-4fa8-8601-f5a45f16ca3e@group-A3037D40E172-SegmentedRaftLog:OPENED:c-1,f-1,i0, conf=-1: [f143d5cf-4038-4fa8-8601-f5a45f16ca3e:192.168.69.71:40169, 2543ffea-c5c6-4af0-856f-eb846bad755a:192.168.69.71:45287, 61d14648-e80d-4cd8-9e7c-6deb2f21aca8:192.168.69.71:42247], old=null
2019-10-19 01:14:28,789 [f143d5cf-4038-4fa8-8601-f5a45f16ca3e@group-A3037D40E172-LeaderElection719] INFO  impl.RaftServerImpl (RaftServerImpl.java:setRole(184)) - f143d5cf-4038-4fa8-8601-f5a45f16ca3e@group-A3037D40E172: changes role from CANDIDATE to FOLLOWER at term 53 for DISCOVERED_A_NEW_TERM
2019-10-19 01:14:28,789 [f143d5cf-4038-4fa8-8601-f5a45f16ca3e@group-A3037D40E172-LeaderElection719] INFO  impl.RoleInfo (RoleInfo.java:shutdownLeaderElection(134)) - f143d5cf-4038-4fa8-8601-f5a45f16ca3e: shutdown LeaderElection
2019-10-19 01:14:28,789 [f143d5cf-4038-4fa8-8601-f5a45f16ca3e@group-A3037D40E172-LeaderElection719] INFO  impl.RoleInfo (RoleInfo.java:updateAndGet(143)) - f143d5cf-4038-4fa8-8601-f5a45f16ca3e: start FollowerState
2019-10-19 01:14:28,882 [Thread-6985] INFO  impl.FollowerState (FollowerState.java:run(108)) - 9c2d914d-67b1-4af9-8080-4d6ee007b506@group-20FCFA0487C4-FollowerState: change to CANDIDATE, lastRpcTime:194ms, electionTimeout:194ms
2019-10-19 01:14:28,882 [Thread-6985] INFO  impl.RoleInfo (RoleInfo.java:shutdownFollowerState(121)) - 9c2d914d-67b1-4af9-8080-4d6ee007b506: shutdown FollowerState
2019-10-19 01:14:28,882 [Thread-6985] INFO  impl.RaftServerImpl (RaftServerImpl.java:setRole(184)) - 9c2d914d-67b1-4af9-8080-4d6ee007b506@group-20FCFA0487C4: changes role from  FOLLOWER to CANDIDATE at term 54 for changeToCandidate
2019-10-19 01:14:28,883 [Thread-6985] INFO  impl.RoleInfo (RoleInfo.java:updateAndGet(143)) - 9c2d914d-67b1-4af9-8080-4d6ee007b506: start LeaderElection
2019-10-19 01:14:28,896 [9c2d914d-67b1-4af9-8080-4d6ee007b506@group-20FCFA0487C4-LeaderElection720] INFO  impl.LeaderElection (LeaderElection.java:askForVotes(178)) - 9c2d914d-67b1-4af9-8080-4d6ee007b506@group-20FCFA0487C4-LeaderElection720: begin an election at term 55 for -1: [88be3607-7667-471c-9070-7dfd13eb5ac8:192.168.69.71:32925, 9c2d914d-67b1-4af9-8080-4d6ee007b506:192.168.69.71:35462, 61d0b7dc-5f8b-422f-8693-c58167224d24:192.168.69.71:43479], old=null
2019-10-19 01:14:28,897 [grpc-default-executor-9] INFO  impl.RaftServerImpl (RaftServerImpl.java:setRole(184)) - 88be3607-7667-471c-9070-7dfd13eb5ac8@group-20FCFA0487C4: changes role from  FOLLOWER to FOLLOWER at term 55 for recognizeCandidate:9c2d914d-67b1-4af9-8080-4d6ee007b506
2019-10-19 01:14:28,898 [grpc-default-executor-5] INFO  impl.RaftServerImpl (RaftServerImpl.java:setRole(184)) - 61d0b7dc-5f8b-422f-8693-c58167224d24@group-20FCFA0487C4: changes role from  FOLLOWER to FOLLOWER at term 55 for recognizeCandidate:9c2d914d-67b1-4af9-8080-4d6ee007b506
2019-10-19 01:14:28,898 [grpc-default-executor-5] INFO  impl.RoleInfo (RoleInfo.java:shutdownFollowerState(121)) - 61d0b7dc-5f8b-422f-8693-c58167224d24: shutdown FollowerState
2019-10-19 01:14:28,898 [grpc-default-executor-9] INFO  impl.RoleInfo (RoleInfo.java:shutdownFollowerState(121)) - 88be3607-7667-471c-9070-7dfd13eb5ac8: shutdown FollowerState
2019-10-19 01:14:28,898 [grpc-default-executor-5] INFO  impl.RoleInfo (RoleInfo.java:updateAndGet(143)) - 61d0b7dc-5f8b-422f-8693-c58167224d24: start FollowerState
2019-10-19 01:14:28,898 [Thread-6980] INFO  impl.FollowerState (FollowerState.java:run(117)) - 88be3607-7667-471c-9070-7dfd13eb5ac8@group-20FCFA0487C4-FollowerState was interrupted: java.lang.InterruptedException: sleep interrupted
2019-10-19 01:14:28,898 [Thread-6981] INFO  impl.FollowerState (FollowerState.java:run(117)) - 61d0b7dc-5f8b-422f-8693-c58167224d24@group-20FCFA0487C4-FollowerState was interrupted: java.lang.InterruptedException: sleep interrupted
2019-10-19 01:14:28,898 [grpc-default-executor-9] INFO  impl.RoleInfo (RoleInfo.java:updateAndGet(143)) - 88be3607-7667-471c-9070-7dfd13eb5ac8: start FollowerState
2019-10-19 01:14:28,914 [9c2d914d-67b1-4af9-8080-4d6ee007b506@group-20FCFA0487C4-LeaderElection720] INFO  impl.LeaderElection (LeaderElection.java:logAndReturn(56)) - 9c2d914d-67b1-4af9-8080-4d6ee007b506@group-20FCFA0487C4-LeaderElection720: Election REJECTED; received 2 response(s) [9c2d914d-67b1-4af9-8080-4d6ee007b506<-88be3607-7667-471c-9070-7dfd13eb5ac8#0:FAIL-t55, 9c2d914d-67b1-4af9-8080-4d6ee007b506<-61d0b7dc-5f8b-422f-8693-c58167224d24#0:FAIL-t55] and 0 exception(s); 9c2d914d-67b1-4af9-8080-4d6ee007b506@group-20FCFA0487C4:t55, leader=null, voted=9c2d914d-67b1-4af9-8080-4d6ee007b506, raftlog=9c2d914d-67b1-4af9-8080-4d6ee007b506@group-20FCFA0487C4-SegmentedRaftLog:OPENED:c-1,f-1,i0, conf=-1: [88be3607-7667-471c-9070-7dfd13eb5ac8:192.168.69.71:32925, 9c2d914d-67b1-4af9-8080-4d6ee007b506:192.168.69.71:35462, 61d0b7dc-5f8b-422f-8693-c58167224d24:192.168.69.71:43479], old=null
2019-10-19 01:14:28,914 [9c2d914d-67b1-4af9-8080-4d6ee007b506@group-20FCFA0487C4-LeaderElection720] INFO  impl.RaftServerImpl (RaftServerImpl.java:setRole(184)) - 9c2d914d-67b1-4af9-8080-4d6ee007b506@group-20FCFA0487C4: changes role from CANDIDATE to FOLLOWER at term 55 for DISCOVERED_A_NEW_TERM
2019-10-19 01:14:28,915 [9c2d914d-67b1-4af9-8080-4d6ee007b506@group-20FCFA0487C4-LeaderElection720] INFO  impl.RoleInfo (RoleInfo.java:shutdownLeaderElection(134)) - 9c2d914d-67b1-4af9-8080-4d6ee007b506: shutdown LeaderElection
2019-10-19 01:14:28,915 [9c2d914d-67b1-4af9-8080-4d6ee007b506@group-20FCFA0487C4-LeaderElection720] INFO  impl.RoleInfo (RoleInfo.java:updateAndGet(143)) - 9c2d914d-67b1-4af9-8080-4d6ee007b506: start FollowerState
2019-10-19 01:14:28,982 [Thread-6993] INFO  impl.FollowerState (FollowerState.java:run(108)) - f143d5cf-4038-4fa8-8601-f5a45f16ca3e@group-A3037D40E172-FollowerState: change to CANDIDATE, lastRpcTime:193ms, electionTimeout:193ms
2019-10-19 01:14:28,983 [Thread-6993] INFO  impl.RoleInfo (RoleInfo.java:shutdownFollowerState(121)) - f143d5cf-4038-4fa8-8601-f5a45f16ca3e: shutdown FollowerState
2019-10-19 01:14:28,983 [Thread-6993] INFO  impl.RaftServerImpl (RaftServerImpl.java:setRole(184)) - f143d5cf-4038-4fa8-8601-f5a45f16ca3e@group-A3037D40E172: changes role from  FOLLOWER to CANDIDATE at term 53 for changeToCandidate
2019-10-19 01:14:28,983 [Thread-6993] INFO  impl.RoleInfo (RoleInfo.java:updateAndGet(143)) - f143d5cf-4038-4fa8-8601-f5a45f16ca3e: start LeaderElection
2019-10-19 01:14:28,997 [f143d5cf-4038-4fa8-8601-f5a45f16ca3e@group-A3037D40E172-LeaderElection721] INFO  impl.LeaderElection (LeaderElection.java:askForVotes(178)) - f143d5cf-4038-4fa8-8601-f5a45f16ca3e@group-A3037D40E172-LeaderElection721: begin an election at term 54 for -1: [f143d5cf-4038-4fa8-8601-f5a45f16ca3e:192.168.69.71:40169, 2543ffea-c5c6-4af0-856f-eb846bad755a:192.168.69.71:45287, 61d14648-e80d-4cd8-9e7c-6deb2f21aca8:192.168.69.71:42247], old=null
2019-10-19 01:14:28,998 [grpc-default-executor-9] INFO  impl.RaftServerImpl (RaftServerImpl.java:setRole(184)) - 2543ffea-c5c6-4af0-856f-eb846bad755a@group-A3037D40E172: changes role from  FOLLOWER to FOLLOWER at term 54 for recognizeCandidate:f143d5cf-4038-4fa8-8601-f5a45f16ca3e
2019-10-19 01:14:28,998 [grpc-default-executor-5] INFO  impl.RaftServerImpl (RaftServerImpl.java:setRole(184)) - 61d14648-e80d-4cd8-9e7c-6deb2f21aca8@group-A3037D40E172: changes role from  FOLLOWER to FOLLOWER at term 54 for recognizeCandidate:f143d5cf-4038-4fa8-8601-f5a45f16ca3e
2019-10-19 01:14:28,998 [grpc-default-executor-5] INFO  impl.RoleInfo (RoleInfo.java:shutdownFollowerState(121)) - 61d14648-e80d-4cd8-9e7c-6deb2f21aca8: shutdown FollowerState
2019-10-19 01:14:28,998 [grpc-default-executor-9] INFO  impl.RoleInfo (RoleInfo.java:shutdownFollowerState(121)) - 2543ffea-c5c6-4af0-856f-eb846bad755a: shutdown FollowerState
2019-10-19 01:14:28,998 [Thread-6992] INFO  impl.FollowerState (FollowerState.java:run(117)) - 61d14648-e80d-4cd8-9e7c-6deb2f21aca8@group-A3037D40E172-FollowerState was interrupted: java.lang.InterruptedException: sleep interrupted
2019-10-19 01:14:28,998 [grpc-default-executor-5] INFO  impl.RoleInfo (RoleInfo.java:updateAndGet(143)) - 61d14648-e80d-4cd8-9e7c-6deb2f21aca8: start FollowerState
2019-10-19 01:14:28,998 [Thread-6991] INFO  impl.FollowerState (FollowerState.java:run(117)) - 2543ffea-c5c6-4af0-856f-eb846bad755a@group-A3037D40E172-FollowerState was interrupted: java.lang.InterruptedException: sleep interrupted
2019-10-19 01:14:28,998 [grpc-default-executor-9] INFO  impl.RoleInfo (RoleInfo.java:updateAndGet(143)) - 2543ffea-c5c6-4af0-856f-eb846bad755a: start FollowerState
2019-10-19 01:14:29,012 [f143d5cf-4038-4fa8-8601-f5a45f16ca3e@group-A3037D40E172-LeaderElection721] INFO  impl.LeaderElection (LeaderElection.java:logAndReturn(56)) - f143d5cf-4038-4fa8-8601-f5a45f16ca3e@group-A3037D40E172-LeaderElection721: Election REJECTED; received 2 response(s) [f143d5cf-4038-4fa8-8601-f5a45f16ca3e<-2543ffea-c5c6-4af0-856f-eb846bad755a#0:FAIL-t54, f143d5cf-4038-4fa8-8601-f5a45f16ca3e<-61d14648-e80d-4cd8-9e7c-6deb2f21aca8#0:FAIL-t54] and 0 exception(s); f143d5cf-4038-4fa8-8601-f5a45f16ca3e@group-A3037D40E172:t54, leader=null, voted=f143d5cf-4038-4fa8-8601-f5a45f16ca3e, raftlog=f143d5cf-4038-4fa8-8601-f5a45f16ca3e@group-A3037D40E172-SegmentedRaftLog:OPENED:c-1,f-1,i0, conf=-1: [f143d5cf-4038-4fa8-8601-f5a45f16ca3e:192.168.69.71:40169, 2543ffea-c5c6-4af0-856f-eb846bad755a:192.168.69.71:45287, 61d14648-e80d-4cd8-9e7c-6deb2f21aca8:192.168.69.71:42247], old=null
2019-10-19 01:14:29,012 [f143d5cf-4038-4fa8-8601-f5a45f16ca3e@group-A3037D40E172-LeaderElection721] INFO  impl.RaftServerImpl (RaftServerImpl.java:setRole(184)) - f143d5cf-4038-4fa8-8601-f5a45f16ca3e@group-A3037D40E172: changes role from CANDIDATE to FOLLOWER at term 54 for DISCOVERED_A_NEW_TERM
2019-10-19 01:14:29,012 [f143d5cf-4038-4fa8-8601-f5a45f16ca3e@group-A3037D40E172-LeaderElection721] INFO  impl.RoleInfo (RoleInfo.java:shutdownLeaderElection(134)) - f143d5cf-4038-4fa8-8601-f5a45f16ca3e: shutdown LeaderElection
2019-10-19 01:14:29,013 [f143d5cf-4038-4fa8-8601-f5a45f16ca3e@group-A3037D40E172-LeaderElection721] INFO  impl.RoleInfo (RoleInfo.java:updateAndGet(143)) - f143d5cf-4038-4fa8-8601-f5a45f16ca3e: start FollowerState
2019-10-19 01:14:29,020 [Thread-6999] INFO  impl.FollowerState (FollowerState.java:run(108)) - 9c2d914d-67b1-4af9-8080-4d6ee007b506@group-20FCFA0487C4-FollowerState: change to CANDIDATE, lastRpcTime:105ms, electionTimeout:105ms
2019-10-19 01:14:29,020 [Thread-6999] INFO  impl.RoleInfo (RoleInfo.java:shutdownFollowerState(121)) - 9c2d914d-67b1-4af9-8080-4d6ee007b506: shutdown FollowerState
2019-10-19 01:14:29,020 [Thread-6999] INFO  impl.RaftServerImpl (RaftServerImpl.java:setRole(184)) - 9c2d914d-67b1-4af9-8080-4d6ee007b506@group-20FCFA0487C4: changes role from  FOLLOWER to CANDIDATE at term 55 for changeToCandidate
2019-10-19 01:14:29,020 [Thread-6999] INFO  impl.RoleInfo (RoleInfo.java:updateAndGet(143)) - 9c2d914d-67b1-4af9-8080-4d6ee007b506: start LeaderElection
2019-10-19 01:14:29,033 [9c2d914d-67b1-4af9-8080-4d6ee007b506@group-20FCFA0487C4-LeaderElection722] INFO  impl.LeaderElection (LeaderElection.java:askForVotes(178)) - 9c2d914d-67b1-4af9-8080-4d6ee007b506@group-20FCFA0487C4-LeaderElection722: begin an election at term 56 for -1: [88be3607-7667-471c-9070-7dfd13eb5ac8:192.168.69.71:32925, 9c2d914d-67b1-4af9-8080-4d6ee007b506:192.168.69.71:35462, 61d0b7dc-5f8b-422f-8693-c58167224d24:192.168.69.71:43479], old=null
2019-10-19 01:14:29,034 [grpc-default-executor-9] INFO  impl.RaftServerImpl (RaftServerImpl.java:setRole(184)) - 61d0b7dc-5f8b-422f-8693-c58167224d24@group-20FCFA0487C4: changes role from  FOLLOWER to FOLLOWER at term 56 for recognizeCandidate:9c2d914d-67b1-4af9-8080-4d6ee007b506
2019-10-19 01:14:29,034 [grpc-default-executor-5] INFO  impl.RaftServerImpl (RaftServerImpl.java:setRole(184)) - 88be3607-7667-471c-9070-7dfd13eb5ac8@group-20FCFA0487C4: changes role from  FOLLOWER to FOLLOWER at term 56 for recognizeCandidate:9c2d914d-67b1-4af9-8080-4d6ee007b506
2019-10-19 01:14:29,035 [grpc-default-executor-9] INFO  impl.RoleInfo (RoleInfo.java:shutdownFollowerState(121)) - 61d0b7dc-5f8b-422f-8693-c58167224d24: shutdown FollowerState
2019-10-19 01:14:29,035 [grpc-default-executor-5] INFO  impl.RoleInfo (RoleInfo.java:shutdownFollowerState(121)) - 88be3607-7667-471c-9070-7dfd13eb5ac8: shutdown FollowerState
2019-10-19 01:14:29,035 [grpc-default-executor-9] INFO  impl.RoleInfo (RoleInfo.java:updateAndGet(143)) - 61d0b7dc-5f8b-422f-8693-c58167224d24: start FollowerState
2019-10-19 01:14:29,035 [Thread-6998] INFO  impl.FollowerState (FollowerState.java:run(117)) - 88be3607-7667-471c-9070-7dfd13eb5ac8@group-20FCFA0487C4-FollowerState was interrupted: java.lang.InterruptedException: sleep interrupted
2019-10-19 01:14:29,035 [grpc-default-executor-5] INFO  impl.RoleInfo (RoleInfo.java:updateAndGet(143)) - 88be3607-7667-471c-9070-7dfd13eb5ac8: start FollowerState
2019-10-19 01:14:29,035 [Thread-6997] INFO  impl.FollowerState (FollowerState.java:run(117)) - 61d0b7dc-5f8b-422f-8693-c58167224d24@group-20FCFA0487C4-FollowerState was interrupted: java.lang.InterruptedException: sleep interrupted
2019-10-19 01:14:29,049 [9c2d914d-67b1-4af9-8080-4d6ee007b506@group-20FCFA0487C4-LeaderElection722] INFO  impl.LeaderElection (LeaderElection.java:logAndReturn(56)) - 9c2d914d-67b1-4af9-8080-4d6ee007b506@group-20FCFA0487C4-LeaderElection722: Election REJECTED; received 2 response(s) [9c2d914d-67b1-4af9-8080-4d6ee007b506<-88be3607-7667-471c-9070-7dfd13eb5ac8#0:FAIL-t56, 9c2d914d-67b1-4af9-8080-4d6ee007b506<-61d0b7dc-5f8b-422f-8693-c58167224d24#0:FAIL-t56] and 0 exception(s); 9c2d914d-67b1-4af9-8080-4d6ee007b506@group-20FCFA0487C4:t56, leader=null, voted=9c2d914d-67b1-4af9-8080-4d6ee007b506, raftlog=9c2d914d-67b1-4af9-8080-4d6ee007b506@group-20FCFA0487C4-SegmentedRaftLog:OPENED:c-1,f-1,i0, conf=-1: [88be3607-7667-471c-9070-7dfd13eb5ac8:192.168.69.71:32925, 9c2d914d-67b1-4af9-8080-4d6ee007b506:192.168.69.71:35462, 61d0b7dc-5f8b-422f-8693-c58167224d24:192.168.69.71:43479], old=null
2019-10-19 01:14:29,049 [9c2d914d-67b1-4af9-8080-4d6ee007b506@group-20FCFA0487C4-LeaderElection722] INFO  impl.RaftServerImpl (RaftServerImpl.java:setRole(184)) - 9c2d914d-67b1-4af9-8080-4d6ee007b506@group-20FCFA0487C4: changes role from CANDIDATE to FOLLOWER at term 56 for DISCOVERED_A_NEW_TERM
2019-10-19 01:14:29,049 [9c2d914d-67b1-4af9-8080-4d6ee007b506@group-20FCFA0487C4-LeaderElection722] INFO  impl.RoleInfo (RoleInfo.java:shutdownLeaderElection(134)) - 9c2d914d-67b1-4af9-8080-4d6ee007b506: shutdown LeaderElection
2019-10-19 01:14:29,049 [9c2d914d-67b1-4af9-8080-4d6ee007b506@group-20FCFA0487C4-LeaderElection722] INFO  impl.RoleInfo (RoleInfo.java:updateAndGet(143)) - 9c2d914d-67b1-4af9-8080-4d6ee007b506: start FollowerState
2019-10-19 01:14:29,069 [Thread-7005] INFO  impl.FollowerState (FollowerState.java:run(108)) - f143d5cf-4038-4fa8-8601-f5a45f16ca3e@group-A3037D40E172-FollowerState: change to CANDIDATE, lastRpcTime:56ms, electionTimeout:56ms
2019-10-19 01:14:29,069 [Thread-7005] INFO  impl.RoleInfo (RoleInfo.java:shutdownFollowerState(121)) - f143d5cf-4038-4fa8-8601-f5a45f16ca3e: shutdown FollowerState
2019-10-19 01:14:29,069 [Thread-7005] INFO  impl.RaftServerImpl (RaftServerImpl.java:setRole(184)) - f143d5cf-4038-4fa8-8601-f5a45f16ca3e@group-A3037D40E172: changes role from  FOLLOWER to CANDIDATE at term 54 for changeToCandidate
2019-10-19 01:14:29,069 [Thread-7005] INFO  impl.RoleInfo (RoleInfo.java:updateAndGet(143)) - f143d5cf-4038-4fa8-8601-f5a45f16ca3e: start LeaderElection
2019-10-19 01:14:29,083 [f143d5cf-4038-4fa8-8601-f5a45f16ca3e@group-A3037D40E172-LeaderElection723] INFO  impl.LeaderElection (LeaderElection.java:askForVotes(178)) - f143d5cf-4038-4fa8-8601-f5a45f16ca3e@group-A3037D40E172-LeaderElection723: begin an election at term 55 for -1: [f143d5cf-4038-4fa8-8601-f5a45f16ca3e:192.168.69.71:40169, 2543ffea-c5c6-4af0-856f-eb846bad755a:192.168.69.71:45287, 61d14648-e80d-4cd8-9e7c-6deb2f21aca8:192.168.69.71:42247], old=null
2019-10-19 01:14:29,084 [grpc-default-executor-9] INFO  impl.RaftServerImpl (RaftServerImpl.java:setRole(184)) - 61d14648-e80d-4cd8-9e7c-6deb2f21aca8@group-A3037D40E172: changes role from  FOLLOWER to FOLLOWER at term 55 for recognizeCandidate:f143d5cf-4038-4fa8-8601-f5a45f16ca3e
2019-10-19 01:14:29,084 [grpc-default-executor-5] INFO  impl.RaftServerImpl (RaftServerImpl.java:setRole(184)) - 2543ffea-c5c6-4af0-856f-eb846bad755a@group-A3037D40E172: changes role from  FOLLOWER to FOLLOWER at term 55 for recognizeCandidate:f143d5cf-4038-4fa8-8601-f5a45f16ca3e
2019-10-19 01:14:29,084 [grpc-default-executor-9] INFO  impl.RoleInfo (RoleInfo.java:shutdownFollowerState(121)) - 61d14648-e80d-4cd8-9e7c-6deb2f21aca8: shutdown FollowerState
2019-10-19 01:14:29,084 [grpc-default-executor-5] INFO  impl.RoleInfo (RoleInfo.java:shutdownFollowerState(121)) - 2543ffea-c5c6-4af0-856f-eb846bad755a: shutdown FollowerState
2019-10-19 01:14:29,084 [grpc-default-executor-9] INFO  impl.RoleInfo (RoleInfo.java:updateAndGet(143)) - 61d14648-e80d-4cd8-9e7c-6deb2f21aca8: start FollowerState
2019-10-19 01:14:29,084 [Thread-7004] INFO  impl.FollowerState (FollowerState.java:run(117)) - 2543ffea-c5c6-4af0-856f-eb846bad755a@group-A3037D40E172-FollowerState was interrupted: java.lang.InterruptedException: sleep interrupted
2019-10-19 01:14:29,084 [Thread-7003] INFO  impl.FollowerState (FollowerState.java:run(117)) - 61d14648-e80d-4cd8-9e7c-6deb2f21aca8@group-A3037D40E172-FollowerState was interrupted: java.lang.InterruptedException: sleep interrupted
2019-10-19 01:14:29,084 [grpc-default-executor-5] INFO  impl.RoleInfo (RoleInfo.java:updateAndGet(143)) - 2543ffea-c5c6-4af0-856f-eb846bad755a: start FollowerState
2019-10-19 01:14:29,109 [Thread-7011] INFO  impl.FollowerState (FollowerState.java:run(108)) - 9c2d914d-67b1-4af9-8080-4d6ee007b506@group-20FCFA0487C4-FollowerState: change to CANDIDATE, lastRpcTime:60ms, electionTimeout:60ms
2019-10-19 01:14:29,110 [Thread-7011] INFO  impl.RoleInfo (RoleInfo.java:shutdownFollowerState(121)) - 9c2d914d-67b1-4af9-8080-4d6ee007b506: shutdown FollowerState
2019-10-19 01:14:29,110 [Thread-7011] INFO  impl.RaftServerImpl (RaftServerImpl.java:setRole(184)) - 9c2d914d-67b1-4af9-8080-4d6ee007b506@group-20FCFA0487C4: changes role from  FOLLOWER to CANDIDATE at term 56 for changeToCandidate
2019-10-19 01:14:29,110 [Thread-7011] INFO  impl.RoleInfo (RoleInfo.java:updateAndGet(143)) - 9c2d914d-67b1-4af9-8080-4d6ee007b506: start LeaderElection
2019-10-19 01:14:29,135 [f143d5cf-4038-4fa8-8601-f5a45f16ca3e@group-A3037D40E172-LeaderElection723] INFO  impl.LeaderElection (LeaderElection.java:logAndReturn(56)) - f143d5cf-4038-4fa8-8601-f5a45f16ca3e@group-A3037D40E172-LeaderElection723: Election TIMEOUT; received 0 response(s) [] and 0 exception(s); f143d5cf-4038-4fa8-8601-f5a45f16ca3e@group-A3037D40E172:t55, leader=null, voted=f143d5cf-4038-4fa8-8601-f5a45f16ca3e, raftlog=f143d5cf-4038-4fa8-8601-f5a45f16ca3e@group-A3037D40E172-SegmentedRaftLog:OPENED:c-1,f-1,i0, conf=-1: [f143d5cf-4038-4fa8-8601-f5a45f16ca3e:192.168.69.71:40169, 2543ffea-c5c6-4af0-856f-eb846bad755a:192.168.69.71:45287, 61d14648-e80d-4cd8-9e7c-6deb2f21aca8:192.168.69.71:42247], old=null
2019-10-19 01:14:29,154 [9c2d914d-67b1-4af9-8080-4d6ee007b506@group-20FCFA0487C4-LeaderElection724] INFO  impl.LeaderElection (LeaderElection.java:askForVotes(178)) - 9c2d914d-67b1-4af9-8080-4d6ee007b506@group-20FCFA0487C4-LeaderElection724: begin an election at term 57 for -1: [88be3607-7667-471c-9070-7dfd13eb5ac8:192.168.69.71:32925, 9c2d914d-67b1-4af9-8080-4d6ee007b506:192.168.69.71:35462, 61d0b7dc-5f8b-422f-8693-c58167224d24:192.168.69.71:43479], old=null
2019-10-19 01:14:29,154 [f143d5cf-4038-4fa8-8601-f5a45f16ca3e@group-A3037D40E172-LeaderElection723] INFO  impl.LeaderElection (LeaderElection.java:askForVotes(178)) - f143d5cf-4038-4fa8-8601-f5a45f16ca3e@group-A3037D40E172-LeaderElection723: begin an election at term 56 for -1: [f143d5cf-4038-4fa8-8601-f5a45f16ca3e:192.168.69.71:40169, 2543ffea-c5c6-4af0-856f-eb846bad755a:192.168.69.71:45287, 61d14648-e80d-4cd8-9e7c-6deb2f21aca8:192.168.69.71:42247], old=null
2019-10-19 01:14:29,155 [grpc-default-executor-5] INFO  impl.RaftServerImpl (RaftServerImpl.java:setRole(184)) - 88be3607-7667-471c-9070-7dfd13eb5ac8@group-20FCFA0487C4: changes role from  FOLLOWER to FOLLOWER at term 57 for recognizeCandidate:9c2d914d-67b1-4af9-8080-4d6ee007b506
2019-10-19 01:14:29,156 [grpc-default-executor-3] INFO  impl.RaftServerImpl (RaftServerImpl.java:setRole(184)) - 61d14648-e80d-4cd8-9e7c-6deb2f21aca8@group-A3037D40E172: changes role from  FOLLOWER to FOLLOWER at term 56 for recognizeCandidate:f143d5cf-4038-4fa8-8601-f5a45f16ca3e
2019-10-19 01:14:29,156 [grpc-default-executor-3] INFO  impl.RoleInfo (RoleInfo.java:shutdownFollowerState(121)) - 61d14648-e80d-4cd8-9e7c-6deb2f21aca8: shutdown FollowerState
2019-10-19 01:14:29,155 [grpc-default-executor-9] INFO  impl.RaftServerImpl (RaftServerImpl.java:setRole(184)) - 2543ffea-c5c6-4af0-856f-eb846bad755a@group-A3037D40E172: changes role from  FOLLOWER to FOLLOWER at term 56 for recognizeCandidate:f143d5cf-4038-4fa8-8601-f5a45f16ca3e
2019-10-19 01:14:29,156 [Thread-7015] INFO  impl.FollowerState (FollowerState.java:run(117)) - 61d14648-e80d-4cd8-9e7c-6deb2f21aca8@group-A3037D40E172-FollowerState was interrupted: java.lang.InterruptedException: sleep interrupted
2019-10-19 01:14:29,156 [grpc-default-executor-3] INFO  impl.RoleInfo (RoleInfo.java:updateAndGet(143)) - 61d14648-e80d-4cd8-9e7c-6deb2f21aca8: start FollowerState
2019-10-19 01:14:29,156 [grpc-default-executor-10] INFO  impl.RaftServerImpl (RaftServerImpl.java:setRole(184)) - 61d0b7dc-5f8b-422f-8693-c58167224d24@group-20FCFA0487C4: changes role from  FOLLOWER to FOLLOWER at term 57 for recognizeCandidate:9c2d914d-67b1-4af9-8080-4d6ee007b506
2019-10-19 01:14:29,156 [grpc-default-executor-10] INFO  impl.RoleInfo (RoleInfo.java:shutdownFollowerState(121)) - 61d0b7dc-5f8b-422f-8693-c58167224d24: shutdown FollowerState
2019-10-19 01:14:29,156 [grpc-default-executor-5] INFO  impl.RoleInfo (RoleInfo.java:shutdownFollowerState(121)) - 88be3607-7667-471c-9070-7dfd13eb5ac8: shutdown FollowerState
2019-10-19 01:14:29,156 [Thread-7009] INFO  impl.FollowerState (FollowerState.java:run(117)) - 61d0b7dc-5f8b-422f-8693-c58167224d24@group-20FCFA0487C4-FollowerState was interrupted: java.lang.InterruptedException: sleep interrupted
2019-10-19 01:14:29,156 [grpc-default-executor-10] INFO  impl.RoleInfo (RoleInfo.java:updateAndGet(143)) - 61d0b7dc-5f8b-422f-8693-c58167224d24: start FollowerState
2019-10-19 01:14:29,156 [grpc-default-executor-9] INFO  impl.RoleInfo (RoleInfo.java:shutdownFollowerState(121)) - 2543ffea-c5c6-4af0-856f-eb846bad755a: shutdown FollowerState
2019-10-19 01:14:29,156 [Thread-7010] INFO  impl.FollowerState (FollowerState.java:run(117)) - 88be3607-7667-471c-9070-7dfd13eb5ac8@group-20FCFA0487C4-FollowerState was interrupted: java.lang.InterruptedException: sleep interrupted
2019-10-19 01:14:29,156 [grpc-default-executor-5] INFO  impl.RoleInfo (RoleInfo.java:updateAndGet(143)) - 88be3607-7667-471c-9070-7dfd13eb5ac8: start FollowerState
2019-10-19 01:14:29,156 [Thread-7016] INFO  impl.FollowerState (FollowerState.java:run(117)) - 2543ffea-c5c6-4af0-856f-eb846bad755a@group-A3037D40E172-FollowerState was interrupted: java.lang.InterruptedException: sleep interrupted
2019-10-19 01:14:29,156 [grpc-default-executor-9] INFO  impl.RoleInfo (RoleInfo.java:updateAndGet(143)) - 2543ffea-c5c6-4af0-856f-eb846bad755a: start FollowerState
2019-10-19 01:14:29,177 [9c2d914d-67b1-4af9-8080-4d6ee007b506@group-20FCFA0487C4-LeaderElection724] INFO  impl.LeaderElection (LeaderElection.java:logAndReturn(56)) - 9c2d914d-67b1-4af9-8080-4d6ee007b506@group-20FCFA0487C4-LeaderElection724: Election TIMEOUT; received 0 response(s) [] and 0 exception(s); 9c2d914d-67b1-4af9-8080-4d6ee007b506@group-20FCFA0487C4:t57, leader=null, voted=9c2d914d-67b1-4af9-8080-4d6ee007b506, raftlog=9c2d914d-67b1-4af9-8080-4d6ee007b506@group-20FCFA0487C4-SegmentedRaftLog:OPENED:c-1,f-1,i0, conf=-1: [88be3607-7667-471c-9070-7dfd13eb5ac8:192.168.69.71:32925, 9c2d914d-67b1-4af9-8080-4d6ee007b506:192.168.69.71:35462, 61d0b7dc-5f8b-422f-8693-c58167224d24:192.168.69.71:43479], old=null
2019-10-19 01:14:29,177 [f143d5cf-4038-4fa8-8601-f5a45f16ca3e@group-A3037D40E172-LeaderElection723] INFO  impl.LeaderElection (LeaderElection.java:logAndReturn(56)) - f143d5cf-4038-4fa8-8601-f5a45f16ca3e@group-A3037D40E172-LeaderElection723: Election REJECTED; received 2 response(s) [f143d5cf-4038-4fa8-8601-f5a45f16ca3e<-2543ffea-c5c6-4af0-856f-eb846bad755a#0:FAIL-t56, f143d5cf-4038-4fa8-8601-f5a45f16ca3e<-61d14648-e80d-4cd8-9e7c-6deb2f21aca8#0:FAIL-t56] and 0 exception(s); f143d5cf-4038-4fa8-8601-f5a45f16ca3e@group-A3037D40E172:t56, leader=null, voted=f143d5cf-4038-4fa8-8601-f5a45f16ca3e, raftlog=f143d5cf-4038-4fa8-8601-f5a45f16ca3e@group-A3037D40E172-SegmentedRaftLog:OPENED:c-1,f-1,i0, conf=-1: [f143d5cf-4038-4fa8-8601-f5a45f16ca3e:192.168.69.71:40169, 2543ffea-c5c6-4af0-856f-eb846bad755a:192.168.69.71:45287, 61d14648-e80d-4cd8-9e7c-6deb2f21aca8:192.168.69.71:42247], old=null
2019-10-19 01:14:29,177 [f143d5cf-4038-4fa8-8601-f5a45f16ca3e@group-A3037D40E172-LeaderElection723] INFO  impl.RaftServerImpl (RaftServerImpl.java:setRole(184)) - f143d5cf-4038-4fa8-8601-f5a45f16ca3e@group-A3037D40E172: changes role from CANDIDATE to FOLLOWER at term 56 for DISCOVERED_A_NEW_TERM
2019-10-19 01:14:29,177 [f143d5cf-4038-4fa8-8601-f5a45f16ca3e@group-A3037D40E172-LeaderElection723] INFO  impl.RoleInfo (RoleInfo.java:shutdownLeaderElection(134)) - f143d5cf-4038-4fa8-8601-f5a45f16ca3e: shutdown LeaderElection
2019-10-19 01:14:29,177 [f143d5cf-4038-4fa8-8601-f5a45f16ca3e@group-A3037D40E172-LeaderElection723] INFO  impl.RoleInfo (RoleInfo.java:updateAndGet(143)) - f143d5cf-4038-4fa8-8601-f5a45f16ca3e: start FollowerState
2019-10-19 01:14:29,190 [9c2d914d-67b1-4af9-8080-4d6ee007b506@group-20FCFA0487C4-LeaderElection724] INFO  impl.LeaderElection (LeaderElection.java:askForVotes(178)) - 9c2d914d-67b1-4af9-8080-4d6ee007b506@group-20FCFA0487C4-LeaderElection724: begin an election at term 58 for -1: [88be3607-7667-471c-9070-7dfd13eb5ac8:192.168.69.71:32925, 9c2d914d-67b1-4af9-8080-4d6ee007b506:192.168.69.71:35462, 61d0b7dc-5f8b-422f-8693-c58167224d24:192.168.69.71:43479], old=null
2019-10-19 01:14:29,191 [grpc-default-executor-10] INFO  impl.RaftServerImpl (RaftServerImpl.java:setRole(184)) - 88be3607-7667-471c-9070-7dfd13eb5ac8@group-20FCFA0487C4: changes role from  FOLLOWER to FOLLOWER at term 58 for recognizeCandidate:9c2d914d-67b1-4af9-8080-4d6ee007b506
2019-10-19 01:14:29,191 [grpc-default-executor-10] INFO  impl.RoleInfo (RoleInfo.java:shutdownFollowerState(121)) - 88be3607-7667-471c-9070-7dfd13eb5ac8: shutdown FollowerState
2019-10-19 01:14:29,191 [grpc-default-executor-5] INFO  impl.RaftServerImpl (RaftServerImpl.java:setRole(184)) - 61d0b7dc-5f8b-422f-8693-c58167224d24@group-20FCFA0487C4: changes role from  FOLLOWER to FOLLOWER at term 58 for recognizeCandidate:9c2d914d-67b1-4af9-8080-4d6ee007b506
2019-10-19 01:14:29,191 [Thread-7026] INFO  impl.FollowerState (FollowerState.java:run(117)) - 88be3607-7667-471c-9070-7dfd13eb5ac8@group-20FCFA0487C4-FollowerState was interrupted: java.lang.InterruptedException: sleep interrupted
2019-10-19 01:14:29,191 [grpc-default-executor-10] INFO  impl.RoleInfo (RoleInfo.java:updateAndGet(143)) - 88be3607-7667-471c-9070-7dfd13eb5ac8: start FollowerState
2019-10-19 01:14:29,191 [grpc-default-executor-5] INFO  impl.RoleInfo (RoleInfo.java:shutdownFollowerState(121)) - 61d0b7dc-5f8b-422f-8693-c58167224d24: shutdown FollowerState
2019-10-19 01:14:29,192 [grpc-default-executor-5] INFO  impl.RoleInfo (RoleInfo.java:updateAndGet(143)) - 61d0b7dc-5f8b-422f-8693-c58167224d24: start FollowerState
2019-10-19 01:14:29,192 [Thread-7025] INFO  impl.FollowerState (FollowerState.java:run(117)) - 61d0b7dc-5f8b-422f-8693-c58167224d24@group-20FCFA0487C4-FollowerState was interrupted: java.lang.InterruptedException: sleep interrupted
2019-10-19 01:14:29,203 [9c2d914d-67b1-4af9-8080-4d6ee007b506@group-20FCFA0487C4-LeaderElection724] INFO  impl.LeaderElection (LeaderElection.java:logAndReturn(56)) - 9c2d914d-67b1-4af9-8080-4d6ee007b506@group-20FCFA0487C4-LeaderElection724: Election REJECTED; received 2 response(s) [9c2d914d-67b1-4af9-8080-4d6ee007b506<-88be3607-7667-471c-9070-7dfd13eb5ac8#0:FAIL-t58, 9c2d914d-67b1-4af9-8080-4d6ee007b506<-61d0b7dc-5f8b-422f-8693-c58167224d24#0:FAIL-t58] and 0 exception(s); 9c2d914d-67b1-4af9-8080-4d6ee007b506@group-20FCFA0487C4:t58, leader=null, voted=9c2d914d-67b1-4af9-8080-4d6ee007b506, raftlog=9c2d914d-67b1-4af9-8080-4d6ee007b506@group-20FCFA0487C4-SegmentedRaftLog:OPENED:c-1,f-1,i0, conf=-1: [88be3607-7667-471c-9070-7dfd13eb5ac8:192.168.69.71:32925, 9c2d914d-67b1-4af9-8080-4d6ee007b506:192.168.69.71:35462, 61d0b7dc-5f8b-422f-8693-c58167224d24:192.168.69.71:43479], old=null
2019-10-19 01:14:29,203 [9c2d914d-67b1-4af9-8080-4d6ee007b506@group-20FCFA0487C4-LeaderElection724] INFO  impl.RaftServerImpl (RaftServerImpl.java:setRole(184)) - 9c2d914d-67b1-4af9-8080-4d6ee007b506@group-20FCFA0487C4: changes role from CANDIDATE to FOLLOWER at term 58 for DISCOVERED_A_NEW_TERM
2019-10-19 01:14:29,203 [9c2d914d-67b1-4af9-8080-4d6ee007b506@group-20FCFA0487C4-LeaderElection724] INFO  impl.RoleInfo (RoleInfo.java:shutdownLeaderElection(134)) - 9c2d914d-67b1-4af9-8080-4d6ee007b506: shutdown LeaderElection
2019-10-19 01:14:29,203 [9c2d914d-67b1-4af9-8080-4d6ee007b506@group-20FCFA0487C4-LeaderElection724] INFO  impl.RoleInfo (RoleInfo.java:updateAndGet(143)) - 9c2d914d-67b1-4af9-8080-4d6ee007b506: start FollowerState
2019-10-19 01:14:29,331 [Thread-7028] INFO  impl.FollowerState (FollowerState.java:run(108)) - f143d5cf-4038-4fa8-8601-f5a45f16ca3e@group-A3037D40E172-FollowerState: change to CANDIDATE, lastRpcTime:153ms, electionTimeout:153ms
2019-10-19 01:14:29,331 [Thread-7028] INFO  impl.RoleInfo (RoleInfo.java:shutdownFollowerState(121)) - f143d5cf-4038-4fa8-8601-f5a45f16ca3e: shutdown FollowerState
2019-10-19 01:14:29,331 [Thread-7028] INFO  impl.RaftServerImpl (RaftServerImpl.java:setRole(184)) - f143d5cf-4038-4fa8-8601-f5a45f16ca3e@group-A3037D40E172: changes role from  FOLLOWER to CANDIDATE at term 56 for changeToCandidate
2019-10-19 01:14:29,331 [Thread-7028] INFO  impl.RoleInfo (RoleInfo.java:updateAndGet(143)) - f143d5cf-4038-4fa8-8601-f5a45f16ca3e: start LeaderElection
2019-10-19 01:14:29,344 [f143d5cf-4038-4fa8-8601-f5a45f16ca3e@group-A3037D40E172-LeaderElection725] INFO  impl.LeaderElection (LeaderElection.java:askForVotes(178)) - f143d5cf-4038-4fa8-8601-f5a45f16ca3e@group-A3037D40E172-LeaderElection725: begin an election at term 57 for -1: [f143d5cf-4038-4fa8-8601-f5a45f16ca3e:192.168.69.71:40169, 2543ffea-c5c6-4af0-856f-eb846bad755a:192.168.69.71:45287, 61d14648-e80d-4cd8-9e7c-6deb2f21aca8:192.168.69.71:42247], old=null
2019-10-19 01:14:29,345 [grpc-default-executor-10] INFO  impl.RaftServerImpl (RaftServerImpl.java:setRole(184)) - 61d14648-e80d-4cd8-9e7c-6deb2f21aca8@group-A3037D40E172: changes role from  FOLLOWER to FOLLOWER at term 57 for recognizeCandidate:f143d5cf-4038-4fa8-8601-f5a45f16ca3e
2019-10-19 01:14:29,346 [grpc-default-executor-10] INFO  impl.RoleInfo (RoleInfo.java:shutdownFollowerState(121)) - 61d14648-e80d-4cd8-9e7c-6deb2f21aca8: shutdown FollowerState
2019-10-19 01:14:29,345 [grpc-default-executor-5] INFO  impl.RaftServerImpl (RaftServerImpl.java:setRole(184)) - 2543ffea-c5c6-4af0-856f-eb846bad755a@group-A3037D40E172: changes role from  FOLLOWER to FOLLOWER at term 57 for recognizeCandidate:f143d5cf-4038-4fa8-8601-f5a45f16ca3e
2019-10-19 01:14:29,346 [grpc-default-executor-5] INFO  impl.RoleInfo (RoleInfo.java:shutdownFollowerState(121)) - 2543ffea-c5c6-4af0-856f-eb846bad755a: shutdown FollowerState
2019-10-19 01:14:29,346 [Thread-7024] INFO  impl.FollowerState (FollowerState.java:run(117)) - 61d14648-e80d-4cd8-9e7c-6deb2f21aca8@group-A3037D40E172-FollowerState was interrupted: java.lang.InterruptedException: sleep interrupted
2019-10-19 01:14:29,346 [grpc-default-executor-10] INFO  impl.RoleInfo (RoleInfo.java:updateAndGet(143)) - 61d14648-e80d-4cd8-9e7c-6deb2f21aca8: start FollowerState
2019-10-19 01:14:29,346 [grpc-default-executor-5] INFO  impl.RoleInfo (RoleInfo.java:updateAndGet(143)) - 2543ffea-c5c6-4af0-856f-eb846bad755a: start FollowerState
2019-10-19 01:14:29,346 [Thread-7027] INFO  impl.FollowerState (FollowerState.java:run(117)) - 2543ffea-c5c6-4af0-856f-eb846bad755a@group-A3037D40E172-FollowerState was interrupted: java.lang.InterruptedException: sleep interrupted
2019-10-19 01:14:29,359 [f143d5cf-4038-4fa8-8601-f5a45f16ca3e@group-A3037D40E172-LeaderElection725] INFO  impl.LeaderElection (LeaderElection.java:logAndReturn(56)) - f143d5cf-4038-4fa8-8601-f5a45f16ca3e@group-A3037D40E172-LeaderElection725: Election REJECTED; received 2 response(s) [f143d5cf-4038-4fa8-8601-f5a45f16ca3e<-2543ffea-c5c6-4af0-856f-eb846bad755a#0:FAIL-t57, f143d5cf-4038-4fa8-8601-f5a45f16ca3e<-61d14648-e80d-4cd8-9e7c-6deb2f21aca8#0:FAIL-t57] and 0 exception(s); f143d5cf-4038-4fa8-8601-f5a45f16ca3e@group-A3037D40E172:t57, leader=null, voted=f143d5cf-4038-4fa8-8601-f5a45f16ca3e, raftlog=f143d5cf-4038-4fa8-8601-f5a45f16ca3e@group-A3037D40E172-SegmentedRaftLog:OPENED:c-1,f-1,i0, conf=-1: [f143d5cf-4038-4fa8-8601-f5a45f16ca3e:192.168.69.71:40169, 2543ffea-c5c6-4af0-856f-eb846bad755a:192.168.69.71:45287, 61d14648-e80d-4cd8-9e7c-6deb2f21aca8:192.168.69.71:42247], old=null
2019-10-19 01:14:29,360 [f143d5cf-4038-4fa8-8601-f5a45f16ca3e@group-A3037D40E172-LeaderElection725] INFO  impl.RaftServerImpl (RaftServerImpl.java:setRole(184)) - f143d5cf-4038-4fa8-8601-f5a45f16ca3e@group-A3037D40E172: changes role from CANDIDATE to FOLLOWER at term 57 for DISCOVERED_A_NEW_TERM
2019-10-19 01:14:29,360 [f143d5cf-4038-4fa8-8601-f5a45f16ca3e@group-A3037D40E172-LeaderElection725] INFO  impl.RoleInfo (RoleInfo.java:shutdownLeaderElection(134)) - f143d5cf-4038-4fa8-8601-f5a45f16ca3e: shutdown LeaderElection
2019-10-19 01:14:29,360 [f143d5cf-4038-4fa8-8601-f5a45f16ca3e@group-A3037D40E172-LeaderElection725] INFO  impl.RoleInfo (RoleInfo.java:updateAndGet(143)) - f143d5cf-4038-4fa8-8601-f5a45f16ca3e: start FollowerState
2019-10-19 01:14:29,372 [Thread-7033] INFO  impl.FollowerState (FollowerState.java:run(108)) - 9c2d914d-67b1-4af9-8080-4d6ee007b506@group-20FCFA0487C4-FollowerState: change to CANDIDATE, lastRpcTime:169ms, electionTimeout:169ms
2019-10-19 01:14:29,372 [Thread-7033] INFO  impl.RoleInfo (RoleInfo.java:shutdownFollowerState(121)) - 9c2d914d-67b1-4af9-8080-4d6ee007b506: shutdown FollowerState
2019-10-19 01:14:29,373 [Thread-7033] INFO  impl.RaftServerImpl (RaftServerImpl.java:setRole(184)) - 9c2d914d-67b1-4af9-8080-4d6ee007b506@group-20FCFA0487C4: changes role from  FOLLOWER to CANDIDATE at term 58 for changeToCandidate
2019-10-19 01:14:29,373 [Thread-7033] INFO  impl.RoleInfo (RoleInfo.java:updateAndGet(143)) - 9c2d914d-67b1-4af9-8080-4d6ee007b506: start LeaderElection
2019-10-19 01:14:29,375 [Thread-7039] INFO  impl.FollowerState (FollowerState.java:run(108)) - f143d5cf-4038-4fa8-8601-f5a45f16ca3e@group-A3037D40E172-FollowerState: change to CANDIDATE, lastRpcTime:15ms, electionTimeout:15ms
2019-10-19 01:14:29,375 [Thread-7039] INFO  impl.RoleInfo (RoleInfo.java:shutdownFollowerState(121)) - f143d5cf-4038-4fa8-8601-f5a45f16ca3e: shutdown FollowerState
2019-10-19 01:14:29,375 [Thread-7039] INFO  impl.RaftServerImpl (RaftServerImpl.java:setRole(184)) - f143d5cf-4038-4fa8-8601-f5a45f16ca3e@group-A3037D40E172: changes role from  FOLLOWER to CANDIDATE at term 57 for changeToCandidate
2019-10-19 01:14:29,375 [Thread-7039] INFO  impl.RoleInfo (RoleInfo.java:updateAndGet(143)) - f143d5cf-4038-4fa8-8601-f5a45f16ca3e: start LeaderElection
2019-10-19 01:14:29,387 [9c2d914d-67b1-4af9-8080-4d6ee007b506@group-20FCFA0487C4-LeaderElection726] INFO  impl.LeaderElection (LeaderElection.java:askForVotes(178)) - 9c2d914d-67b1-4af9-8080-4d6ee007b506@group-20FCFA0487C4-LeaderElection726: begin an election at term 59 for -1: [88be3607-7667-471c-9070-7dfd13eb5ac8:192.168.69.71:32925, 9c2d914d-67b1-4af9-8080-4d6ee007b506:192.168.69.71:35462, 61d0b7dc-5f8b-422f-8693-c58167224d24:192.168.69.71:43479], old=null
2019-10-19 01:14:29,387 [f143d5cf-4038-4fa8-8601-f5a45f16ca3e@group-A3037D40E172-LeaderElection727] INFO  impl.LeaderElection (LeaderElection.java:askForVotes(178)) - f143d5cf-4038-4fa8-8601-f5a45f16ca3e@group-A3037D40E172-LeaderElection727: begin an election at term 58 for -1: [f143d5cf-4038-4fa8-8601-f5a45f16ca3e:192.168.69.71:40169, 2543ffea-c5c6-4af0-856f-eb846bad755a:192.168.69.71:45287, 61d14648-e80d-4cd8-9e7c-6deb2f21aca8:192.168.69.71:42247], old=null
2019-10-19 01:14:29,388 [grpc-default-executor-5] INFO  impl.RaftServerImpl (RaftServerImpl.java:setRole(184)) - 61d0b7dc-5f8b-422f-8693-c58167224d24@group-20FCFA0487C4: changes role from  FOLLOWER to FOLLOWER at term 59 for recognizeCandidate:9c2d914d-67b1-4af9-8080-4d6ee007b506
2019-10-19 01:14:29,388 [grpc-default-executor-3] INFO  impl.RaftServerImpl (RaftServerImpl.java:setRole(184)) - 88be3607-7667-471c-9070-7dfd13eb5ac8@group-20FCFA0487C4: changes role from  FOLLOWER to FOLLOWER at term 59 for recognizeCandidate:9c2d914d-67b1-4af9-8080-4d6ee007b506
2019-10-19 01:14:29,388 [grpc-default-executor-3] INFO  impl.RoleInfo (RoleInfo.java:shutdownFollowerState(121)) - 88be3607-7667-471c-9070-7dfd13eb5ac8: shutdown FollowerState
2019-10-19 01:14:29,389 [grpc-default-executor-3] INFO  impl.RoleInfo (RoleInfo.java:updateAndGet(143)) - 88be3607-7667-471c-9070-7dfd13eb5ac8: start FollowerState
2019-10-19 01:14:29,388 [grpc-default-executor-10] INFO  impl.RaftServerImpl (RaftServerImpl.java:setRole(184)) - 2543ffea-c5c6-4af0-856f-eb846bad755a@group-A3037D40E172: changes role from  FOLLOWER to FOLLOWER at term 58 for recognizeCandidate:f143d5cf-4038-4fa8-8601-f5a45f16ca3e
2019-10-19 01:14:29,389 [grpc-default-executor-10] INFO  impl.RoleInfo (RoleInfo.java:shutdownFollowerState(121)) - 2543ffea-c5c6-4af0-856f-eb846bad755a: shutdown FollowerState
2019-10-19 01:14:29,389 [Thread-7031] INFO  impl.FollowerState (FollowerState.java:run(117)) - 88be3607-7667-471c-9070-7dfd13eb5ac8@group-20FCFA0487C4-FollowerState was interrupted: java.lang.InterruptedException: sleep interrupted
2019-10-19 01:14:29,388 [grpc-default-executor-5] INFO  impl.RoleInfo (RoleInfo.java:shutdownFollowerState(121)) - 61d0b7dc-5f8b-422f-8693-c58167224d24: shutdown FollowerState
2019-10-19 01:14:29,389 [Thread-7038] INFO  impl.FollowerState (FollowerState.java:run(117)) - 2543ffea-c5c6-4af0-856f-eb846bad755a@group-A3037D40E172-FollowerState was interrupted: java.lang.InterruptedException: sleep interrupted
2019-10-19 01:14:29,389 [grpc-default-executor-10] INFO  impl.RoleInfo (RoleInfo.java:updateAndGet(143)) - 2543ffea-c5c6-4af0-856f-eb846bad755a: start FollowerState
2019-10-19 01:14:29,389 [grpc-default-executor-9] INFO  impl.RaftServerImpl (RaftServerImpl.java:setRole(184)) - 61d14648-e80d-4cd8-9e7c-6deb2f21aca8@group-A3037D40E172: changes role from  FOLLOWER to FOLLOWER at term 58 for recognizeCandidate:f143d5cf-4038-4fa8-8601-f5a45f16ca3e
2019-10-19 01:14:29,389 [grpc-default-executor-5] INFO  impl.RoleInfo (RoleInfo.java:updateAndGet(143)) - 61d0b7dc-5f8b-422f-8693-c58167224d24: start FollowerState
2019-10-19 01:14:29,389 [Thread-7032] INFO  impl.FollowerState (FollowerState.java:run(117)) - 61d0b7dc-5f8b-422f-8693-c58167224d24@group-20FCFA0487C4-FollowerState was interrupted: java.lang.InterruptedException: sleep interrupted
2019-10-19 01:14:29,389 [grpc-default-executor-9] INFO  impl.RoleInfo (RoleInfo.java:shutdownFollowerState(121)) - 61d14648-e80d-4cd8-9e7c-6deb2f21aca8: shutdown FollowerState
2019-10-19 01:14:29,390 [grpc-default-executor-9] INFO  impl.RoleInfo (RoleInfo.java:updateAndGet(143)) - 61d14648-e80d-4cd8-9e7c-6deb2f21aca8: start FollowerState
2019-10-19 01:14:29,390 [Thread-7037] INFO  impl.FollowerState (FollowerState.java:run(117)) - 61d14648-e80d-4cd8-9e7c-6deb2f21aca8@group-A3037D40E172-FollowerState was interrupted: java.lang.InterruptedException: sleep interrupted
2019-10-19 01:14:29,400 [f143d5cf-4038-4fa8-8601-f5a45f16ca3e@group-A3037D40E172-LeaderElection727] INFO  impl.LeaderElection (LeaderElection.java:logAndReturn(56)) - f143d5cf-4038-4fa8-8601-f5a45f16ca3e@group-A3037D40E172-LeaderElection727: Election TIMEOUT; received 0 response(s) [] and 0 exception(s); f143d5cf-4038-4fa8-8601-f5a45f16ca3e@group-A3037D40E172:t58, leader=null, voted=f143d5cf-4038-4fa8-8601-f5a45f16ca3e, raftlog=f143d5cf-4038-4fa8-8601-f5a45f16ca3e@group-A3037D40E172-SegmentedRaftLog:OPENED:c-1,f-1,i0, conf=-1: [f143d5cf-4038-4fa8-8601-f5a45f16ca3e:192.168.69.71:40169, 2543ffea-c5c6-4af0-856f-eb846bad755a:192.168.69.71:45287, 61d14648-e80d-4cd8-9e7c-6deb2f21aca8:192.168.69.71:42247], old=null
2019-10-19 01:14:29,409 [f143d5cf-4038-4fa8-8601-f5a45f16ca3e@group-A3037D40E172-LeaderElection727] INFO  impl.LeaderElection (LeaderElection.java:askForVotes(178)) - f143d5cf-4038-4fa8-8601-f5a45f16ca3e@group-A3037D40E172-LeaderElection727: begin an election at term 59 for -1: [f143d5cf-4038-4fa8-8601-f5a45f16ca3e:192.168.69.71:40169, 2543ffea-c5c6-4af0-856f-eb846bad755a:192.168.69.71:45287, 61d14648-e80d-4cd8-9e7c-6deb2f21aca8:192.168.69.71:42247], old=null
2019-10-19 01:14:29,409 [9c2d914d-67b1-4af9-8080-4d6ee007b506@group-20FCFA0487C4-LeaderElection726] INFO  impl.LeaderElection (LeaderElection.java:logAndReturn(56)) - 9c2d914d-67b1-4af9-8080-4d6ee007b506@group-20FCFA0487C4-LeaderElection726: Election REJECTED; received 2 response(s) [9c2d914d-67b1-4af9-8080-4d6ee007b506<-88be3607-7667-471c-9070-7dfd13eb5ac8#0:FAIL-t59, 9c2d914d-67b1-4af9-8080-4d6ee007b506<-61d0b7dc-5f8b-422f-8693-c58167224d24#0:FAIL-t59] and 0 exception(s); 9c2d914d-67b1-4af9-8080-4d6ee007b506@group-20FCFA0487C4:t59, leader=null, voted=9c2d914d-67b1-4af9-8080-4d6ee007b506, raftlog=9c2d914d-67b1-4af9-8080-4d6ee007b506@group-20FCFA0487C4-SegmentedRaftLog:OPENED:c-1,f-1,i0, conf=-1: [88be3607-7667-471c-9070-7dfd13eb5ac8:192.168.69.71:32925, 9c2d914d-67b1-4af9-8080-4d6ee007b506:192.168.69.71:35462, 61d0b7dc-5f8b-422f-8693-c58167224d24:192.168.69.71:43479], old=null
2019-10-19 01:14:29,410 [9c2d914d-67b1-4af9-8080-4d6ee007b506@group-20FCFA0487C4-LeaderElection726] INFO  impl.RaftServerImpl (RaftServerImpl.java:setRole(184)) - 9c2d914d-67b1-4af9-8080-4d6ee007b506@group-20FCFA0487C4: changes role from CANDIDATE to FOLLOWER at term 59 for DISCOVERED_A_NEW_TERM
2019-10-19 01:14:29,410 [grpc-default-executor-10] INFO  impl.RaftServerImpl (RaftServerImpl.java:setRole(184)) - 2543ffea-c5c6-4af0-856f-eb846bad755a@group-A3037D40E172: changes role from  FOLLOWER to FOLLOWER at term 59 for recognizeCandidate:f143d5cf-4038-4fa8-8601-f5a45f16ca3e
2019-10-19 01:14:29,410 [grpc-default-executor-10] INFO  impl.RoleInfo (RoleInfo.java:shutdownFollowerState(121)) - 2543ffea-c5c6-4af0-856f-eb846bad755a: shutdown FollowerState
2019-10-19 01:14:29,411 [grpc-default-executor-10] INFO  impl.RoleInfo (RoleInfo.java:updateAndGet(143)) - 2543ffea-c5c6-4af0-856f-eb846bad755a: start FollowerState
2019-10-19 01:14:29,410 [grpc-default-executor-5] INFO  impl.RaftServerImpl (RaftServerImpl.java:setRole(184)) - 61d14648-e80d-4cd8-9e7c-6deb2f21aca8@group-A3037D40E172: changes role from  FOLLOWER to FOLLOWER at term 59 for recognizeCandidate:f143d5cf-4038-4fa8-8601-f5a45f16ca3e
2019-10-19 01:14:29,411 [grpc-default-executor-5] INFO  impl.RoleInfo (RoleInfo.java:shutdownFollowerState(121)) - 61d14648-e80d-4cd8-9e7c-6deb2f21aca8: shutdown FollowerState
2019-10-19 01:14:29,411 [Thread-7047] INFO  impl.FollowerState (FollowerState.java:run(117)) - 2543ffea-c5c6-4af0-856f-eb846bad755a@group-A3037D40E172-FollowerState was interrupted: java.lang.InterruptedException: sleep interrupted
2019-10-19 01:14:29,410 [9c2d914d-67b1-4af9-8080-4d6ee007b506@group-20FCFA0487C4-LeaderElection726] INFO  impl.RoleInfo (RoleInfo.java:shutdownLeaderElection(134)) - 9c2d914d-67b1-4af9-8080-4d6ee007b506: shutdown LeaderElection
2019-10-19 01:14:29,412 [grpc-default-executor-5] INFO  impl.RoleInfo (RoleInfo.java:updateAndGet(143)) - 61d14648-e80d-4cd8-9e7c-6deb2f21aca8: start FollowerState
2019-10-19 01:14:29,412 [Thread-7049] INFO  impl.FollowerState (FollowerState.java:run(117)) - 61d14648-e80d-4cd8-9e7c-6deb2f21aca8@group-A3037D40E172-FollowerState was interrupted: java.lang.InterruptedException: sleep interrupted
2019-10-19 01:14:29,412 [9c2d914d-67b1-4af9-8080-4d6ee007b506@group-20FCFA0487C4-LeaderElection726] INFO  impl.RoleInfo (RoleInfo.java:updateAndGet(143)) - 9c2d914d-67b1-4af9-8080-4d6ee007b506: start FollowerState
2019-10-19 01:14:29,421 [f143d5cf-4038-4fa8-8601-f5a45f16ca3e@group-A3037D40E172-LeaderElection727] INFO  impl.LeaderElection (LeaderElection.java:logAndReturn(56)) - f143d5cf-4038-4fa8-8601-f5a45f16ca3e@group-A3037D40E172-LeaderElection727: Election REJECTED; received 2 response(s) [f143d5cf-4038-4fa8-8601-f5a45f16ca3e<-2543ffea-c5c6-4af0-856f-eb846bad755a#0:FAIL-t59, f143d5cf-4038-4fa8-8601-f5a45f16ca3e<-61d14648-e80d-4cd8-9e7c-6deb2f21aca8#0:FAIL-t59] and 0 exception(s); f143d5cf-4038-4fa8-8601-f5a45f16ca3e@group-A3037D40E172:t59, leader=null, voted=f143d5cf-4038-4fa8-8601-f5a45f16ca3e, raftlog=f143d5cf-4038-4fa8-8601-f5a45f16ca3e@group-A3037D40E172-SegmentedRaftLog:OPENED:c-1,f-1,i0, conf=-1: [f143d5cf-4038-4fa8-8601-f5a45f16ca3e:192.168.69.71:40169, 2543ffea-c5c6-4af0-856f-eb846bad755a:192.168.69.71:45287, 61d14648-e80d-4cd8-9e7c-6deb2f21aca8:192.168.69.71:42247], old=null
2019-10-19 01:14:29,421 [f143d5cf-4038-4fa8-8601-f5a45f16ca3e@group-A3037D40E172-LeaderElection727] INFO  impl.RaftServerImpl (RaftServerImpl.java:setRole(184)) - f143d5cf-4038-4fa8-8601-f5a45f16ca3e@group-A3037D40E172: changes role from CANDIDATE to FOLLOWER at term 59 for DISCOVERED_A_NEW_TERM
2019-10-19 01:14:29,421 [f143d5cf-4038-4fa8-8601-f5a45f16ca3e@group-A3037D40E172-LeaderElection727] INFO  impl.RoleInfo (RoleInfo.java:shutdownLeaderElection(134)) - f143d5cf-4038-4fa8-8601-f5a45f16ca3e: shutdown LeaderElection
2019-10-19 01:14:29,421 [f143d5cf-4038-4fa8-8601-f5a45f16ca3e@group-A3037D40E172-LeaderElection727] INFO  impl.RoleInfo (RoleInfo.java:updateAndGet(143)) - f143d5cf-4038-4fa8-8601-f5a45f16ca3e: start FollowerState
2019-10-19 01:14:29,568 [Thread-7054] INFO  impl.FollowerState (FollowerState.java:run(108)) - 9c2d914d-67b1-4af9-8080-4d6ee007b506@group-20FCFA0487C4-FollowerState: change to CANDIDATE, lastRpcTime:156ms, electionTimeout:156ms
2019-10-19 01:14:29,569 [Thread-7054] INFO  impl.RoleInfo (RoleInfo.java:shutdownFollowerState(121)) - 9c2d914d-67b1-4af9-8080-4d6ee007b506: shutdown FollowerState
2019-10-19 01:14:29,569 [Thread-7054] INFO  impl.RaftServerImpl (RaftServerImpl.java:setRole(184)) - 9c2d914d-67b1-4af9-8080-4d6ee007b506@group-20FCFA0487C4: changes role from  FOLLOWER to CANDIDATE at term 59 for changeToCandidate
2019-10-19 01:14:29,569 [Thread-7054] INFO  impl.RoleInfo (RoleInfo.java:updateAndGet(143)) - 9c2d914d-67b1-4af9-8080-4d6ee007b506: start LeaderElection
2019-10-19 01:14:29,583 [9c2d914d-67b1-4af9-8080-4d6ee007b506@group-20FCFA0487C4-LeaderElection728] INFO  impl.LeaderElection (LeaderElection.java:askForVotes(178)) - 9c2d914d-67b1-4af9-8080-4d6ee007b506@group-20FCFA0487C4-LeaderElection728: begin an election at term 60 for -1: [88be3607-7667-471c-9070-7dfd13eb5ac8:192.168.69.71:32925, 9c2d914d-67b1-4af9-8080-4d6ee007b506:192.168.69.71:35462, 61d0b7dc-5f8b-422f-8693-c58167224d24:192.168.69.71:43479], old=null
2019-10-19 01:14:29,585 [grpc-default-executor-5] INFO  impl.RaftServerImpl (RaftServerImpl.java:setRole(184)) - 88be3607-7667-471c-9070-7dfd13eb5ac8@group-20FCFA0487C4: changes role from  FOLLOWER to FOLLOWER at term 60 for recognizeCandidate:9c2d914d-67b1-4af9-8080-4d6ee007b506
2019-10-19 01:14:29,585 [grpc-default-executor-10] INFO  impl.RaftServerImpl (RaftServerImpl.java:setRole(184)) - 61d0b7dc-5f8b-422f-8693-c58167224d24@group-20FCFA0487C4: changes role from  FOLLOWER to FOLLOWER at term 60 for recognizeCandidate:9c2d914d-67b1-4af9-8080-4d6ee007b506
2019-10-19 01:14:29,585 [grpc-default-executor-10] INFO  impl.RoleInfo (RoleInfo.java:shutdownFollowerState(121)) - 61d0b7dc-5f8b-422f-8693-c58167224d24: shutdown FollowerState
2019-10-19 01:14:29,585 [grpc-default-executor-5] INFO  impl.RoleInfo (RoleInfo.java:shutdownFollowerState(121)) - 88be3607-7667-471c-9070-7dfd13eb5ac8: shutdown FollowerState
2019-10-19 01:14:29,585 [grpc-default-executor-10] INFO  impl.RoleInfo (RoleInfo.java:updateAndGet(143)) - 61d0b7dc-5f8b-422f-8693-c58167224d24: start FollowerState
2019-10-19 01:14:29,585 [Thread-7048] INFO  impl.FollowerState (FollowerState.java:run(117)) - 61d0b7dc-5f8b-422f-8693-c58167224d24@group-20FCFA0487C4-FollowerState was interrupted: java.lang.InterruptedException: sleep interrupted
2019-10-19 01:14:29,585 [grpc-default-executor-5] INFO  impl.RoleInfo (RoleInfo.java:updateAndGet(143)) - 88be3607-7667-471c-9070-7dfd13eb5ac8: start FollowerState
2019-10-19 01:14:29,585 [Thread-7046] INFO  impl.FollowerState (FollowerState.java:run(117)) - 88be3607-7667-471c-9070-7dfd13eb5ac8@group-20FCFA0487C4-FollowerState was interrupted: java.lang.InterruptedException: sleep interrupted
2019-10-19 01:14:29,600 [9c2d914d-67b1-4af9-8080-4d6ee007b506@group-20FCFA0487C4-LeaderElection728] INFO  impl.LeaderElection (LeaderElection.java:logAndReturn(56)) - 9c2d914d-67b1-4af9-8080-4d6ee007b506@group-20FCFA0487C4-LeaderElection728: Election REJECTED; received 2 response(s) [9c2d914d-67b1-4af9-8080-4d6ee007b506<-88be3607-7667-471c-9070-7dfd13eb5ac8#0:FAIL-t60, 9c2d914d-67b1-4af9-8080-4d6ee007b506<-61d0b7dc-5f8b-422f-8693-c58167224d24#0:FAIL-t60] and 0 exception(s); 9c2d914d-67b1-4af9-8080-4d6ee007b506@group-20FCFA0487C4:t60, leader=null, voted=9c2d914d-67b1-4af9-8080-4d6ee007b506, raftlog=9c2d914d-67b1-4af9-8080-4d6ee007b506@group-20FCFA0487C4-SegmentedRaftLog:OPENED:c-1,f-1,i0, conf=-1: [88be3607-7667-471c-9070-7dfd13eb5ac8:192.168.69.71:32925, 9c2d914d-67b1-4af9-8080-4d6ee007b506:192.168.69.71:35462, 61d0b7dc-5f8b-422f-8693-c58167224d24:192.168.69.71:43479], old=null
2019-10-19 01:14:29,600 [9c2d914d-67b1-4af9-8080-4d6ee007b506@group-20FCFA0487C4-LeaderElection728] INFO  impl.RaftServerImpl (RaftServerImpl.java:setRole(184)) - 9c2d914d-67b1-4af9-8080-4d6ee007b506@group-20FCFA0487C4: changes role from CANDIDATE to FOLLOWER at term 60 for DISCOVERED_A_NEW_TERM
2019-10-19 01:14:29,600 [9c2d914d-67b1-4af9-8080-4d6ee007b506@group-20FCFA0487C4-LeaderElection728] INFO  impl.RoleInfo (RoleInfo.java:shutdownLeaderElection(134)) - 9c2d914d-67b1-4af9-8080-4d6ee007b506: shutdown LeaderElection
2019-10-19 01:14:29,601 [9c2d914d-67b1-4af9-8080-4d6ee007b506@group-20FCFA0487C4-LeaderElection728] INFO  impl.RoleInfo (RoleInfo.java:updateAndGet(143)) - 9c2d914d-67b1-4af9-8080-4d6ee007b506: start FollowerState
2019-10-19 01:14:29,602 [Thread-7055] INFO  impl.FollowerState (FollowerState.java:run(108)) - f143d5cf-4038-4fa8-8601-f5a45f16ca3e@group-A3037D40E172-FollowerState: change to CANDIDATE, lastRpcTime:181ms, electionTimeout:181ms
2019-10-19 01:14:29,602 [Thread-7055] INFO  impl.RoleInfo (RoleInfo.java:shutdownFollowerState(121)) - f143d5cf-4038-4fa8-8601-f5a45f16ca3e: shutdown FollowerState
2019-10-19 01:14:29,603 [Thread-7055] INFO  impl.RaftServerImpl (RaftServerImpl.java:setRole(184)) - f143d5cf-4038-4fa8-8601-f5a45f16ca3e@group-A3037D40E172: changes role from  FOLLOWER to CANDIDATE at term 59 for changeToCandidate
2019-10-19 01:14:29,603 [Thread-7055] INFO  impl.RoleInfo (RoleInfo.java:updateAndGet(143)) - f143d5cf-4038-4fa8-8601-f5a45f16ca3e: start LeaderElection
2019-10-19 01:14:29,616 [f143d5cf-4038-4fa8-8601-f5a45f16ca3e@group-A3037D40E172-LeaderElection729] INFO  impl.LeaderElection (LeaderElection.java:askForVotes(178)) - f143d5cf-4038-4fa8-8601-f5a45f16ca3e@group-A3037D40E172-LeaderElection729: begin an election at term 60 for -1: [f143d5cf-4038-4fa8-8601-f5a45f16ca3e:192.168.69.71:40169, 2543ffea-c5c6-4af0-856f-eb846bad755a:192.168.69.71:45287, 61d14648-e80d-4cd8-9e7c-6deb2f21aca8:192.168.69.71:42247], old=null
2019-10-19 01:14:29,617 [grpc-default-executor-10] INFO  impl.RaftServerImpl (RaftServerImpl.java:setRole(184)) - 2543ffea-c5c6-4af0-856f-eb846bad755a@group-A3037D40E172: changes role from  FOLLOWER to FOLLOWER at term 60 for recognizeCandidate:f143d5cf-4038-4fa8-8601-f5a45f16ca3e
2019-10-19 01:14:29,617 [grpc-default-executor-5] INFO  impl.RaftServerImpl (RaftServerImpl.java:setRole(184)) - 61d14648-e80d-4cd8-9e7c-6deb2f21aca8@group-A3037D40E172: changes role from  FOLLOWER to FOLLOWER at term 60 for recognizeCandidate:f143d5cf-4038-4fa8-8601-f5a45f16ca3e
2019-10-19 01:14:29,618 [grpc-default-executor-10] INFO  impl.RoleInfo (RoleInfo.java:shutdownFollowerState(121)) - 2543ffea-c5c6-4af0-856f-eb846bad755a: shutdown FollowerState
2019-10-19 01:14:29,618 [grpc-default-executor-5] INFO  impl.RoleInfo (RoleInfo.java:shutdownFollowerState(121)) - 61d14648-e80d-4cd8-9e7c-6deb2f21aca8: shutdown FollowerState
2019-10-19 01:14:29,618 [Thread-7052] INFO  impl.FollowerState (FollowerState.java:run(117)) - 2543ffea-c5c6-4af0-856f-eb846bad755a@group-A3037D40E172-FollowerState was interrupted: java.lang.InterruptedException: sleep interrupted
2019-10-19 01:14:29,618 [grpc-default-executor-10] INFO  impl.RoleInfo (RoleInfo.java:updateAndGet(143)) - 2543ffea-c5c6-4af0-856f-eb846bad755a: start FollowerState
2019-10-19 01:14:29,618 [Thread-7053] INFO  impl.FollowerState (FollowerState.java:run(117)) - 61d14648-e80d-4cd8-9e7c-6deb2f21aca8@group-A3037D40E172-FollowerState was interrupted: java.lang.InterruptedException: sleep interrupted
2019-10-19 01:14:29,618 [grpc-default-executor-5] INFO  impl.RoleInfo (RoleInfo.java:updateAndGet(143)) - 61d14648-e80d-4cd8-9e7c-6deb2f21aca8: start FollowerState
2019-10-19 01:14:29,632 [f143d5cf-4038-4fa8-8601-f5a45f16ca3e@group-A3037D40E172-LeaderElection729] INFO  impl.LeaderElection (LeaderElection.java:logAndReturn(56)) - f143d5cf-4038-4fa8-8601-f5a45f16ca3e@group-A3037D40E172-LeaderElection729: Election REJECTED; received 2 response(s) [f143d5cf-4038-4fa8-8601-f5a45f16ca3e<-2543ffea-c5c6-4af0-856f-eb846bad755a#0:FAIL-t60, f143d5cf-4038-4fa8-8601-f5a45f16ca3e<-61d14648-e80d-4cd8-9e7c-6deb2f21aca8#0:FAIL-t60] and 0 exception(s); f143d5cf-4038-4fa8-8601-f5a45f16ca3e@group-A3037D40E172:t60, leader=null, voted=f143d5cf-4038-4fa8-8601-f5a45f16ca3e, raftlog=f143d5cf-4038-4fa8-8601-f5a45f16ca3e@group-A3037D40E172-SegmentedRaftLog:OPENED:c-1,f-1,i0, conf=-1: [f143d5cf-4038-4fa8-8601-f5a45f16ca3e:192.168.69.71:40169, 2543ffea-c5c6-4af0-856f-eb846bad755a:192.168.69.71:45287, 61d14648-e80d-4cd8-9e7c-6deb2f21aca8:192.168.69.71:42247], old=null
2019-10-19 01:14:29,632 [f143d5cf-4038-4fa8-8601-f5a45f16ca3e@group-A3037D40E172-LeaderElection729] INFO  impl.RaftServerImpl (RaftServerImpl.java:setRole(184)) - f143d5cf-4038-4fa8-8601-f5a45f16ca3e@group-A3037D40E172: changes role from CANDIDATE to FOLLOWER at term 60 for DISCOVERED_A_NEW_TERM
2019-10-19 01:14:29,632 [f143d5cf-4038-4fa8-8601-f5a45f16ca3e@group-A3037D40E172-LeaderElection729] INFO  impl.RoleInfo (RoleInfo.java:shutdownLeaderElection(134)) - f143d5cf-4038-4fa8-8601-f5a45f16ca3e: shutdown LeaderElection
2019-10-19 01:14:29,632 [f143d5cf-4038-4fa8-8601-f5a45f16ca3e@group-A3037D40E172-LeaderElection729] INFO  impl.RoleInfo (RoleInfo.java:updateAndGet(143)) - f143d5cf-4038-4fa8-8601-f5a45f16ca3e: start FollowerState
2019-10-19 01:14:29,743 [Thread-7069] INFO  impl.FollowerState (FollowerState.java:run(108)) - f143d5cf-4038-4fa8-8601-f5a45f16ca3e@group-A3037D40E172-FollowerState: change to CANDIDATE, lastRpcTime:111ms, electionTimeout:111ms
2019-10-19 01:14:29,744 [Thread-7069] INFO  impl.RoleInfo (RoleInfo.java:shutdownFollowerState(121)) - f143d5cf-4038-4fa8-8601-f5a45f16ca3e: shutdown FollowerState
2019-10-19 01:14:29,744 [Thread-7069] INFO  impl.RaftServerImpl (RaftServerImpl.java:setRole(184)) - f143d5cf-4038-4fa8-8601-f5a45f16ca3e@group-A3037D40E172: changes role from  FOLLOWER to CANDIDATE at term 60 for changeToCandidate
2019-10-19 01:14:29,744 [Thread-7069] INFO  impl.RoleInfo (RoleInfo.java:updateAndGet(143)) - f143d5cf-4038-4fa8-8601-f5a45f16ca3e: start LeaderElection
2019-10-19 01:14:29,758 [f143d5cf-4038-4fa8-8601-f5a45f16ca3e@group-A3037D40E172-LeaderElection730] INFO  impl.LeaderElection (LeaderElection.java:askForVotes(178)) - f143d5cf-4038-4fa8-8601-f5a45f16ca3e@group-A3037D40E172-LeaderElection730: begin an election at term 61 for -1: [f143d5cf-4038-4fa8-8601-f5a45f16ca3e:192.168.69.71:40169, 2543ffea-c5c6-4af0-856f-eb846bad755a:192.168.69.71:45287, 61d14648-e80d-4cd8-9e7c-6deb2f21aca8:192.168.69.71:42247], old=null
2019-10-19 01:14:29,759 [grpc-default-executor-5] INFO  impl.RaftServerImpl (RaftServerImpl.java:setRole(184)) - 61d14648-e80d-4cd8-9e7c-6deb2f21aca8@group-A3037D40E172: changes role from  FOLLOWER to FOLLOWER at term 61 for recognizeCandidate:f143d5cf-4038-4fa8-8601-f5a45f16ca3e
2019-10-19 01:14:29,759 [grpc-default-executor-5] INFO  impl.RoleInfo (RoleInfo.java:shutdownFollowerState(121)) - 61d14648-e80d-4cd8-9e7c-6deb2f21aca8: shutdown FollowerState
2019-10-19 01:14:29,759 [grpc-default-executor-9] INFO  impl.RaftServerImpl (RaftServerImpl.java:setRole(184)) - 2543ffea-c5c6-4af0-856f-eb846bad755a@group-A3037D40E172: changes role from  FOLLOWER to FOLLOWER at term 61 for recognizeCandidate:f143d5cf-4038-4fa8-8601-f5a45f16ca3e
2019-10-19 01:14:29,759 [grpc-default-executor-9] INFO  impl.RoleInfo (RoleInfo.java:shutdownFollowerState(121)) - 2543ffea-c5c6-4af0-856f-eb846bad755a: shutdown FollowerState
2019-10-19 01:14:29,759 [Thread-7068] INFO  impl.FollowerState (FollowerState.java:run(117)) - 61d14648-e80d-4cd8-9e7c-6deb2f21aca8@group-A3037D40E172-FollowerState was interrupted: java.lang.InterruptedException: sleep interrupted
2019-10-19 01:14:29,759 [grpc-default-executor-5] INFO  impl.RoleInfo (RoleInfo.java:updateAndGet(143)) - 61d14648-e80d-4cd8-9e7c-6deb2f21aca8: start FollowerState
2019-10-19 01:14:29,760 [Thread-7067] INFO  impl.FollowerState (FollowerState.java:run(117)) - 2543ffea-c5c6-4af0-856f-eb846bad755a@group-A3037D40E172-FollowerState was interrupted: java.lang.InterruptedException: sleep interrupted
2019-10-19 01:14:29,760 [grpc-default-executor-9] INFO  impl.RoleInfo (RoleInfo.java:updateAndGet(143)) - 2543ffea-c5c6-4af0-856f-eb846bad755a: start FollowerState
2019-10-19 01:14:29,776 [Thread-7061] INFO  impl.FollowerState (FollowerState.java:run(108)) - 9c2d914d-67b1-4af9-8080-4d6ee007b506@group-20FCFA0487C4-FollowerState: change to CANDIDATE, lastRpcTime:175ms, electionTimeout:173ms
2019-10-19 01:14:29,776 [Thread-7061] INFO  impl.RoleInfo (RoleInfo.java:shutdownFollowerState(121)) - 9c2d914d-67b1-4af9-8080-4d6ee007b506: shutdown FollowerState
2019-10-19 01:14:29,783 [Thread-7061] INFO  impl.RaftServerImpl (RaftServerImpl.java:setRole(184)) - 9c2d914d-67b1-4af9-8080-4d6ee007b506@group-20FCFA0487C4: changes role from  FOLLOWER to CANDIDATE at term 60 for changeToCandidate
2019-10-19 01:14:29,783 [Thread-7061] INFO  impl.RoleInfo (RoleInfo.java:updateAndGet(143)) - 9c2d914d-67b1-4af9-8080-4d6ee007b506: start LeaderElection
2019-10-19 01:14:29,783 [f143d5cf-4038-4fa8-8601-f5a45f16ca3e@group-A3037D40E172-LeaderElection730] INFO  impl.LeaderElection (LeaderElection.java:logAndReturn(56)) - f143d5cf-4038-4fa8-8601-f5a45f16ca3e@group-A3037D40E172-LeaderElection730: Election REJECTED; received 2 response(s) [f143d5cf-4038-4fa8-8601-f5a45f16ca3e<-2543ffea-c5c6-4af0-856f-eb846bad755a#0:FAIL-t61, f143d5cf-4038-4fa8-8601-f5a45f16ca3e<-61d14648-e80d-4cd8-9e7c-6deb2f21aca8#0:FAIL-t61] and 0 exception(s); f143d5cf-4038-4fa8-8601-f5a45f16ca3e@group-A3037D40E172:t61, leader=null, voted=f143d5cf-4038-4fa8-8601-f5a45f16ca3e, raftlog=f143d5cf-4038-4fa8-8601-f5a45f16ca3e@group-A3037D40E172-SegmentedRaftLog:OPENED:c-1,f-1,i0, conf=-1: [f143d5cf-4038-4fa8-8601-f5a45f16ca3e:192.168.69.71:40169, 2543ffea-c5c6-4af0-856f-eb846bad755a:192.168.69.71:45287, 61d14648-e80d-4cd8-9e7c-6deb2f21aca8:192.168.69.71:42247], old=null
2019-10-19 01:14:29,787 [f143d5cf-4038-4fa8-8601-f5a45f16ca3e@group-A3037D40E172-LeaderElection730] INFO  impl.RaftServerImpl (RaftServerImpl.java:setRole(184)) - f143d5cf-4038-4fa8-8601-f5a45f16ca3e@group-A3037D40E172: changes role from CANDIDATE to FOLLOWER at term 61 for DISCOVERED_A_NEW_TERM
2019-10-19 01:14:29,787 [f143d5cf-4038-4fa8-8601-f5a45f16ca3e@group-A3037D40E172-LeaderElection730] INFO  impl.RoleInfo (RoleInfo.java:shutdownLeaderElection(134)) - f143d5cf-4038-4fa8-8601-f5a45f16ca3e: shutdown LeaderElection
2019-10-19 01:14:29,787 [f143d5cf-4038-4fa8-8601-f5a45f16ca3e@group-A3037D40E172-LeaderElection730] INFO  impl.RoleInfo (RoleInfo.java:updateAndGet(143)) - f143d5cf-4038-4fa8-8601-f5a45f16ca3e: start FollowerState
2019-10-19 01:14:29,799 [9c2d914d-67b1-4af9-8080-4d6ee007b506@group-20FCFA0487C4-LeaderElection731] INFO  impl.LeaderElection (LeaderElection.java:askForVotes(178)) - 9c2d914d-67b1-4af9-8080-4d6ee007b506@group-20FCFA0487C4-LeaderElection731: begin an election at term 61 for -1: [88be3607-7667-471c-9070-7dfd13eb5ac8:192.168.69.71:32925, 9c2d914d-67b1-4af9-8080-4d6ee007b506:192.168.69.71:35462, 61d0b7dc-5f8b-422f-8693-c58167224d24:192.168.69.71:43479], old=null
2019-10-19 01:14:29,801 [grpc-default-executor-10] INFO  impl.RaftServerImpl (RaftServerImpl.java:setRole(184)) - 61d0b7dc-5f8b-422f-8693-c58167224d24@group-20FCFA0487C4: changes role from  FOLLOWER to FOLLOWER at term 61 for recognizeCandidate:9c2d914d-67b1-4af9-8080-4d6ee007b506
2019-10-19 01:14:29,801 [grpc-default-executor-10] INFO  impl.RoleInfo (RoleInfo.java:shutdownFollowerState(121)) - 61d0b7dc-5f8b-422f-8693-c58167224d24: shutdown FollowerState
2019-10-19 01:14:29,801 [grpc-default-executor-9] INFO  impl.RaftServerImpl (RaftServerImpl.java:setRole(184)) - 88be3607-7667-471c-9070-7dfd13eb5ac8@group-20FCFA0487C4: changes role from  FOLLOWER to FOLLOWER at term 61 for recognizeCandidate:9c2d914d-67b1-4af9-8080-4d6ee007b506
2019-10-19 01:14:29,801 [grpc-default-executor-9] INFO  impl.RoleInfo (RoleInfo.java:shutdownFollowerState(121)) - 88be3607-7667-471c-9070-7dfd13eb5ac8: shutdown FollowerState
2019-10-19 01:14:29,801 [Thread-7059] INFO  impl.FollowerState (FollowerState.java:run(117)) - 61d0b7dc-5f8b-422f-8693-c58167224d24@group-20FCFA0487C4-FollowerState was interrupted: java.lang.InterruptedException: sleep interrupted
2019-10-19 01:14:29,801 [grpc-default-executor-10] INFO  impl.RoleInfo (RoleInfo.java:updateAndGet(143)) - 61d0b7dc-5f8b-422f-8693-c58167224d24: start FollowerState
2019-10-19 01:14:29,801 [Thread-7060] INFO  impl.FollowerState (FollowerState.java:run(117)) - 88be3607-7667-471c-9070-7dfd13eb5ac8@group-20FCFA0487C4-FollowerState was interrupted: java.lang.InterruptedException: sleep interrupted
2019-10-19 01:14:29,801 [grpc-default-executor-9] INFO  impl.RoleInfo (RoleInfo.java:updateAndGet(143)) - 88be3607-7667-471c-9070-7dfd13eb5ac8: start FollowerState
2019-10-19 01:14:29,815 [9c2d914d-67b1-4af9-8080-4d6ee007b506@group-20FCFA0487C4-LeaderElection731] INFO  impl.LeaderElection (LeaderElection.java:logAndReturn(56)) - 9c2d914d-67b1-4af9-8080-4d6ee007b506@group-20FCFA0487C4-LeaderElection731: Election REJECTED; received 2 response(s) [9c2d914d-67b1-4af9-8080-4d6ee007b506<-88be3607-7667-471c-9070-7dfd13eb5ac8#0:FAIL-t61, 9c2d914d-67b1-4af9-8080-4d6ee007b506<-61d0b7dc-5f8b-422f-8693-c58167224d24#0:FAIL-t61] and 0 exception(s); 9c2d914d-67b1-4af9-8080-4d6ee007b506@group-20FCFA0487C4:t61, leader=null, voted=9c2d914d-67b1-4af9-8080-4d6ee007b506, raftlog=9c2d914d-67b1-4af9-8080-4d6ee007b506@group-20FCFA0487C4-SegmentedRaftLog:OPENED:c-1,f-1,i0, conf=-1: [88be3607-7667-471c-9070-7dfd13eb5ac8:192.168.69.71:32925, 9c2d914d-67b1-4af9-8080-4d6ee007b506:192.168.69.71:35462, 61d0b7dc-5f8b-422f-8693-c58167224d24:192.168.69.71:43479], old=null
2019-10-19 01:14:29,815 [9c2d914d-67b1-4af9-8080-4d6ee007b506@group-20FCFA0487C4-LeaderElection731] INFO  impl.RaftServerImpl (RaftServerImpl.java:setRole(184)) - 9c2d914d-67b1-4af9-8080-4d6ee007b506@group-20FCFA0487C4: changes role from CANDIDATE to FOLLOWER at term 61 for DISCOVERED_A_NEW_TERM
2019-10-19 01:14:29,816 [9c2d914d-67b1-4af9-8080-4d6ee007b506@group-20FCFA0487C4-LeaderElection731] INFO  impl.RoleInfo (RoleInfo.java:shutdownLeaderElection(134)) - 9c2d914d-67b1-4af9-8080-4d6ee007b506: shutdown LeaderElection
2019-10-19 01:14:29,816 [9c2d914d-67b1-4af9-8080-4d6ee007b506@group-20FCFA0487C4-LeaderElection731] INFO  impl.RoleInfo (RoleInfo.java:updateAndGet(143)) - 9c2d914d-67b1-4af9-8080-4d6ee007b506: start FollowerState
2019-10-19 01:14:29,859 [Thread-7078] INFO  impl.FollowerState (FollowerState.java:run(108)) - f143d5cf-4038-4fa8-8601-f5a45f16ca3e@group-A3037D40E172-FollowerState: change to CANDIDATE, lastRpcTime:72ms, electionTimeout:72ms
2019-10-19 01:14:29,859 [Thread-7078] INFO  impl.RoleInfo (RoleInfo.java:shutdownFollowerState(121)) - f143d5cf-4038-4fa8-8601-f5a45f16ca3e: shutdown FollowerState
2019-10-19 01:14:29,859 [Thread-7078] INFO  impl.RaftServerImpl (RaftServerImpl.java:setRole(184)) - f143d5cf-4038-4fa8-8601-f5a45f16ca3e@group-A3037D40E172: changes role from  FOLLOWER to CANDIDATE at term 61 for changeToCandidate
2019-10-19 01:14:29,859 [Thread-7078] INFO  impl.RoleInfo (RoleInfo.java:updateAndGet(143)) - f143d5cf-4038-4fa8-8601-f5a45f16ca3e: start LeaderElection
2019-10-19 01:14:29,873 [f143d5cf-4038-4fa8-8601-f5a45f16ca3e@group-A3037D40E172-LeaderElection732] INFO  impl.LeaderElection (LeaderElection.java:askForVotes(178)) - f143d5cf-4038-4fa8-8601-f5a45f16ca3e@group-A3037D40E172-LeaderElection732: begin an election at term 62 for -1: [f143d5cf-4038-4fa8-8601-f5a45f16ca3e:192.168.69.71:40169, 2543ffea-c5c6-4af0-856f-eb846bad755a:192.168.69.71:45287, 61d14648-e80d-4cd8-9e7c-6deb2f21aca8:192.168.69.71:42247], old=null
2019-10-19 01:14:29,874 [grpc-default-executor-10] INFO  impl.RaftServerImpl (RaftServerImpl.java:setRole(184)) - 61d14648-e80d-4cd8-9e7c-6deb2f21aca8@group-A3037D40E172: changes role from  FOLLOWER to FOLLOWER at term 62 for recognizeCandidate:f143d5cf-4038-4fa8-8601-f5a45f16ca3e
2019-10-19 01:14:29,874 [grpc-default-executor-10] INFO  impl.RoleInfo (RoleInfo.java:shutdownFollowerState(121)) - 61d14648-e80d-4cd8-9e7c-6deb2f21aca8: shutdown FollowerState
2019-10-19 01:14:29,874 [grpc-default-executor-9] INFO  impl.RaftServerImpl (RaftServerImpl.java:setRole(184)) - 2543ffea-c5c6-4af0-856f-eb846bad755a@group-A3037D40E172: changes role from  FOLLOWER to FOLLOWER at term 62 for recognizeCandidate:f143d5cf-4038-4fa8-8601-f5a45f16ca3e
2019-10-19 01:14:29,874 [grpc-default-executor-9] INFO  impl.RoleInfo (RoleInfo.java:shutdownFollowerState(121)) - 2543ffea-c5c6-4af0-856f-eb846bad755a: shutdown FollowerState
2019-10-19 01:14:29,874 [Thread-7074] INFO  impl.FollowerState (FollowerState.java:run(117)) - 61d14648-e80d-4cd8-9e7c-6deb2f21aca8@group-A3037D40E172-FollowerState was interrupted: java.lang.InterruptedException: sleep interrupted
2019-10-19 01:14:29,874 [grpc-default-executor-10] INFO  impl.RoleInfo (RoleInfo.java:updateAndGet(143)) - 61d14648-e80d-4cd8-9e7c-6deb2f21aca8: start FollowerState
2019-10-19 01:14:29,874 [Thread-7076] INFO  impl.FollowerState (FollowerState.java:run(117)) - 2543ffea-c5c6-4af0-856f-eb846bad755a@group-A3037D40E172-FollowerState was interrupted: java.lang.InterruptedException: sleep interrupted
2019-10-19 01:14:29,874 [grpc-default-executor-9] INFO  impl.RoleInfo (RoleInfo.java:updateAndGet(143)) - 2543ffea-c5c6-4af0-856f-eb846bad755a: start FollowerState
2019-10-19 01:14:29,889 [f143d5cf-4038-4fa8-8601-f5a45f16ca3e@group-A3037D40E172-LeaderElection732] INFO  impl.LeaderElection (LeaderElection.java:logAndReturn(56)) - f143d5cf-4038-4fa8-8601-f5a45f16ca3e@group-A3037D40E172-LeaderElection732: Election REJECTED; received 2 response(s) [f143d5cf-4038-4fa8-8601-f5a45f16ca3e<-2543ffea-c5c6-4af0-856f-eb846bad755a#0:FAIL-t62, f143d5cf-4038-4fa8-8601-f5a45f16ca3e<-61d14648-e80d-4cd8-9e7c-6deb2f21aca8#0:FAIL-t62] and 0 exception(s); f143d5cf-4038-4fa8-8601-f5a45f16ca3e@group-A3037D40E172:t62, leader=null, voted=f143d5cf-4038-4fa8-8601-f5a45f16ca3e, raftlog=f143d5cf-4038-4fa8-8601-f5a45f16ca3e@group-A3037D40E172-SegmentedRaftLog:OPENED:c-1,f-1,i0, conf=-1: [f143d5cf-4038-4fa8-8601-f5a45f16ca3e:192.168.69.71:40169, 2543ffea-c5c6-4af0-856f-eb846bad755a:192.168.69.71:45287, 61d14648-e80d-4cd8-9e7c-6deb2f21aca8:192.168.69.71:42247], old=null
2019-10-19 01:14:29,889 [f143d5cf-4038-4fa8-8601-f5a45f16ca3e@group-A3037D40E172-LeaderElection732] INFO  impl.RaftServerImpl (RaftServerImpl.java:setRole(184)) - f143d5cf-4038-4fa8-8601-f5a45f16ca3e@group-A3037D40E172: changes role from CANDIDATE to FOLLOWER at term 62 for DISCOVERED_A_NEW_TERM
2019-10-19 01:14:29,889 [f143d5cf-4038-4fa8-8601-f5a45f16ca3e@group-A3037D40E172-LeaderElection732] INFO  impl.RoleInfo (RoleInfo.java:shutdownLeaderElection(134)) - f143d5cf-4038-4fa8-8601-f5a45f16ca3e: shutdown LeaderElection
2019-10-19 01:14:29,889 [f143d5cf-4038-4fa8-8601-f5a45f16ca3e@group-A3037D40E172-LeaderElection732] INFO  impl.RoleInfo (RoleInfo.java:updateAndGet(143)) - f143d5cf-4038-4fa8-8601-f5a45f16ca3e: start FollowerState
2019-10-19 01:14:29,968 [Thread-7083] INFO  impl.FollowerState (FollowerState.java:run(108)) - 9c2d914d-67b1-4af9-8080-4d6ee007b506@group-20FCFA0487C4-FollowerState: change to CANDIDATE, lastRpcTime:152ms, electionTimeout:152ms
2019-10-19 01:14:29,968 [Thread-7083] INFO  impl.RoleInfo (RoleInfo.java:shutdownFollowerState(121)) - 9c2d914d-67b1-4af9-8080-4d6ee007b506: shutdown FollowerState
2019-10-19 01:14:29,969 [Thread-7083] INFO  impl.RaftServerImpl (RaftServerImpl.java:setRole(184)) - 9c2d914d-67b1-4af9-8080-4d6ee007b506@group-20FCFA0487C4: changes role from  FOLLOWER to CANDIDATE at term 61 for changeToCandidate
2019-10-19 01:14:29,969 [Thread-7083] INFO  impl.RoleInfo (RoleInfo.java:updateAndGet(143)) - 9c2d914d-67b1-4af9-8080-4d6ee007b506: start LeaderElection
2019-10-19 01:14:29,982 [9c2d914d-67b1-4af9-8080-4d6ee007b506@group-20FCFA0487C4-LeaderElection733] INFO  impl.LeaderElection (LeaderElection.java:askForVotes(178)) - 9c2d914d-67b1-4af9-8080-4d6ee007b506@group-20FCFA0487C4-LeaderElection733: begin an election at term 62 for -1: [88be3607-7667-471c-9070-7dfd13eb5ac8:192.168.69.71:32925, 9c2d914d-67b1-4af9-8080-4d6ee007b506:192.168.69.71:35462, 61d0b7dc-5f8b-422f-8693-c58167224d24:192.168.69.71:43479], old=null
2019-10-19 01:14:29,986 [grpc-default-executor-10] INFO  impl.RaftServerImpl (RaftServerImpl.java:setRole(184)) - 61d0b7dc-5f8b-422f-8693-c58167224d24@group-20FCFA0487C4: changes role from  FOLLOWER to FOLLOWER at term 62 for recognizeCandidate:9c2d914d-67b1-4af9-8080-4d6ee007b506
2019-10-19 01:14:29,986 [grpc-default-executor-9] INFO  impl.RaftServerImpl (RaftServerImpl.java:setRole(184)) - 88be3607-7667-471c-9070-7dfd13eb5ac8@group-20FCFA0487C4: changes role from  FOLLOWER to FOLLOWER at term 62 for recognizeCandidate:9c2d914d-67b1-4af9-8080-4d6ee007b506
2019-10-19 01:14:29,986 [grpc-default-executor-10] INFO  impl.RoleInfo (RoleInfo.java:shutdownFollowerState(121)) - 61d0b7dc-5f8b-422f-8693-c58167224d24: shutdown FollowerState
2019-10-19 01:14:29,986 [grpc-default-executor-9] INFO  impl.RoleInfo (RoleInfo.java:shutdownFollowerState(121)) - 88be3607-7667-471c-9070-7dfd13eb5ac8: shutdown FollowerState
2019-10-19 01:14:29,987 [grpc-default-executor-10] INFO  impl.RoleInfo (RoleInfo.java:updateAndGet(143)) - 61d0b7dc-5f8b-422f-8693-c58167224d24: start FollowerState
2019-10-19 01:14:29,987 [Thread-7082] INFO  impl.FollowerState (FollowerState.java:run(117)) - 88be3607-7667-471c-9070-7dfd13eb5ac8@group-20FCFA0487C4-FollowerState was interrupted: java.lang.InterruptedException: sleep interrupted
2019-10-19 01:14:29,987 [Thread-7081] INFO  impl.FollowerState (FollowerState.java:run(117)) - 61d0b7dc-5f8b-422f-8693-c58167224d24@group-20FCFA0487C4-FollowerState was interrupted: java.lang.InterruptedException: sleep interrupted
2019-10-19 01:14:29,987 [grpc-default-executor-9] INFO  impl.RoleInfo (RoleInfo.java:updateAndGet(143)) - 88be3607-7667-471c-9070-7dfd13eb5ac8: start FollowerState
2019-10-19 01:14:29,999 [9c2d914d-67b1-4af9-8080-4d6ee007b506@group-20FCFA0487C4-LeaderElection733] INFO  impl.LeaderElection (LeaderElection.java:logAndReturn(56)) - 9c2d914d-67b1-4af9-8080-4d6ee007b506@group-20FCFA0487C4-LeaderElection733: Election REJECTED; received 2 response(s) [9c2d914d-67b1-4af9-8080-4d6ee007b506<-88be3607-7667-471c-9070-7dfd13eb5ac8#0:FAIL-t62, 9c2d914d-67b1-4af9-8080-4d6ee007b506<-61d0b7dc-5f8b-422f-8693-c58167224d24#0:FAIL-t62] and 0 exception(s); 9c2d914d-67b1-4af9-8080-4d6ee007b506@group-20FCFA0487C4:t62, leader=null, voted=9c2d914d-67b1-4af9-8080-4d6ee007b506, raftlog=9c2d914d-67b1-4af9-8080-4d6ee007b506@group-20FCFA0487C4-SegmentedRaftLog:OPENED:c-1,f-1,i0, conf=-1: [88be3607-7667-471c-9070-7dfd13eb5ac8:192.168.69.71:32925, 9c2d914d-67b1-4af9-8080-4d6ee007b506:192.168.69.71:35462, 61d0b7dc-5f8b-422f-8693-c58167224d24:192.168.69.71:43479], old=null
2019-10-19 01:14:29,999 [9c2d914d-67b1-4af9-8080-4d6ee007b506@group-20FCFA0487C4-LeaderElection733] INFO  impl.RaftServerImpl (RaftServerImpl.java:setRole(184)) - 9c2d914d-67b1-4af9-8080-4d6ee007b506@group-20FCFA0487C4: changes role from CANDIDATE to FOLLOWER at term 62 for DISCOVERED_A_NEW_TERM
2019-10-19 01:14:29,999 [9c2d914d-67b1-4af9-8080-4d6ee007b506@group-20FCFA0487C4-LeaderElection733] INFO  impl.RoleInfo (RoleInfo.java:shutdownLeaderElection(134)) - 9c2d914d-67b1-4af9-8080-4d6ee007b506: shutdown LeaderElection
2019-10-19 01:14:29,999 [9c2d914d-67b1-4af9-8080-4d6ee007b506@group-20FCFA0487C4-LeaderElection733] INFO  impl.RoleInfo (RoleInfo.java:updateAndGet(143)) - 9c2d914d-67b1-4af9-8080-4d6ee007b506: start FollowerState
2019-10-19 01:14:30,032 [Thread-7089] INFO  impl.FollowerState (FollowerState.java:run(108)) - f143d5cf-4038-4fa8-8601-f5a45f16ca3e@group-A3037D40E172-FollowerState: change to CANDIDATE, lastRpcTime:143ms, electionTimeout:143ms
2019-10-19 01:14:30,032 [Thread-7089] INFO  impl.RoleInfo (RoleInfo.java:shutdownFollowerState(121)) - f143d5cf-4038-4fa8-8601-f5a45f16ca3e: shutdown FollowerState
2019-10-19 01:14:30,032 [Thread-7089] INFO  impl.RaftServerImpl (RaftServerImpl.java:setRole(184)) - f143d5cf-4038-4fa8-8601-f5a45f16ca3e@group-A3037D40E172: changes role from  FOLLOWER to CANDIDATE at term 62 for changeToCandidate
2019-10-19 01:14:30,032 [Thread-7089] INFO  impl.RoleInfo (RoleInfo.java:updateAndGet(143)) - f143d5cf-4038-4fa8-8601-f5a45f16ca3e: start LeaderElection
2019-10-19 01:14:30,046 [f143d5cf-4038-4fa8-8601-f5a45f16ca3e@group-A3037D40E172-LeaderElection734] INFO  impl.LeaderElection (LeaderElection.java:askForVotes(178)) - f143d5cf-4038-4fa8-8601-f5a45f16ca3e@group-A3037D40E172-LeaderElection734: begin an election at term 63 for -1: [f143d5cf-4038-4fa8-8601-f5a45f16ca3e:192.168.69.71:40169, 2543ffea-c5c6-4af0-856f-eb846bad755a:192.168.69.71:45287, 61d14648-e80d-4cd8-9e7c-6deb2f21aca8:192.168.69.71:42247], old=null
2019-10-19 01:14:30,047 [grpc-default-executor-9] INFO  impl.RaftServerImpl (RaftServerImpl.java:setRole(184)) - 2543ffea-c5c6-4af0-856f-eb846bad755a@group-A3037D40E172: changes role from  FOLLOWER to FOLLOWER at term 63 for recognizeCandidate:f143d5cf-4038-4fa8-8601-f5a45f16ca3e
2019-10-19 01:14:30,047 [grpc-default-executor-9] INFO  impl.RoleInfo (RoleInfo.java:shutdownFollowerState(121)) - 2543ffea-c5c6-4af0-856f-eb846bad755a: shutdown FollowerState
2019-10-19 01:14:30,047 [grpc-default-executor-10] INFO  impl.RaftServerImpl (RaftServerImpl.java:setRole(184)) - 61d14648-e80d-4cd8-9e7c-6deb2f21aca8@group-A3037D40E172: changes role from  FOLLOWER to FOLLOWER at term 63 for recognizeCandidate:f143d5cf-4038-4fa8-8601-f5a45f16ca3e
2019-10-19 01:14:30,047 [Thread-7088] INFO  impl.FollowerState (FollowerState.java:run(117)) - 2543ffea-c5c6-4af0-856f-eb846bad755a@group-A3037D40E172-FollowerState was interrupted: java.lang.InterruptedException: sleep interrupted
2019-10-19 01:14:30,047 [grpc-default-executor-9] INFO  impl.RoleInfo (RoleInfo.java:updateAndGet(143)) - 2543ffea-c5c6-4af0-856f-eb846bad755a: start FollowerState
2019-10-19 01:14:30,048 [grpc-default-executor-10] INFO  impl.RoleInfo (RoleInfo.java:shutdownFollowerState(121)) - 61d14648-e80d-4cd8-9e7c-6deb2f21aca8: shutdown FollowerState
2019-10-19 01:14:30,048 [grpc-default-executor-10] INFO  impl.RoleInfo (RoleInfo.java:updateAndGet(143)) - 61d14648-e80d-4cd8-9e7c-6deb2f21aca8: start FollowerState
2019-10-19 01:14:30,048 [Thread-7087] INFO  impl.FollowerState (FollowerState.java:run(117)) - 61d14648-e80d-4cd8-9e7c-6deb2f21aca8@group-A3037D40E172-FollowerState was interrupted: java.lang.InterruptedException: sleep interrupted
2019-10-19 01:14:30,049 [Thread-7095] INFO  impl.FollowerState (FollowerState.java:run(108)) - 9c2d914d-67b1-4af9-8080-4d6ee007b506@group-20FCFA0487C4-FollowerState: change to CANDIDATE, lastRpcTime:50ms, electionTimeout:50ms
2019-10-19 01:14:30,049 [Thread-7095] INFO  impl.RoleInfo (RoleInfo.java:shutdownFollowerState(121)) - 9c2d914d-67b1-4af9-8080-4d6ee007b506: shutdown FollowerState
2019-10-19 01:14:30,049 [Thread-7095] INFO  impl.RaftServerImpl (RaftServerImpl.java:setRole(184)) - 9c2d914d-67b1-4af9-8080-4d6ee007b506@group-20FCFA0487C4: changes role from  FOLLOWER to CANDIDATE at term 62 for changeToCandidate
2019-10-19 01:14:30,050 [Thread-7095] INFO  impl.RoleInfo (RoleInfo.java:updateAndGet(143)) - 9c2d914d-67b1-4af9-8080-4d6ee007b506: start LeaderElection
2019-10-19 01:14:30,061 [9c2d914d-67b1-4af9-8080-4d6ee007b506@group-20FCFA0487C4-LeaderElection735] INFO  impl.LeaderElection (LeaderElection.java:askForVotes(178)) - 9c2d914d-67b1-4af9-8080-4d6ee007b506@group-20FCFA0487C4-LeaderElection735: begin an election at term 63 for -1: [88be3607-7667-471c-9070-7dfd13eb5ac8:192.168.69.71:32925, 9c2d914d-67b1-4af9-8080-4d6ee007b506:192.168.69.71:35462, 61d0b7dc-5f8b-422f-8693-c58167224d24:192.168.69.71:43479], old=null
2019-10-19 01:14:30,061 [f143d5cf-4038-4fa8-8601-f5a45f16ca3e@group-A3037D40E172-LeaderElection734] INFO  impl.LeaderElection (LeaderElection.java:logAndReturn(56)) - f143d5cf-4038-4fa8-8601-f5a45f16ca3e@group-A3037D40E172-LeaderElection734: Election REJECTED; received 2 response(s) [f143d5cf-4038-4fa8-8601-f5a45f16ca3e<-2543ffea-c5c6-4af0-856f-eb846bad755a#0:FAIL-t63, f143d5cf-4038-4fa8-8601-f5a45f16ca3e<-61d14648-e80d-4cd8-9e7c-6deb2f21aca8#0:FAIL-t63] and 0 exception(s); f143d5cf-4038-4fa8-8601-f5a45f16ca3e@group-A3037D40E172:t63, leader=null, voted=f143d5cf-4038-4fa8-8601-f5a45f16ca3e, raftlog=f143d5cf-4038-4fa8-8601-f5a45f16ca3e@group-A3037D40E172-SegmentedRaftLog:OPENED:c-1,f-1,i0, conf=-1: [f143d5cf-4038-4fa8-8601-f5a45f16ca3e:192.168.69.71:40169, 2543ffea-c5c6-4af0-856f-eb846bad755a:192.168.69.71:45287, 61d14648-e80d-4cd8-9e7c-6deb2f21aca8:192.168.69.71:42247], old=null
2019-10-19 01:14:30,062 [f143d5cf-4038-4fa8-8601-f5a45f16ca3e@group-A3037D40E172-LeaderElection734] INFO  impl.RaftServerImpl (RaftServerImpl.java:setRole(184)) - f143d5cf-4038-4fa8-8601-f5a45f16ca3e@group-A3037D40E172: changes role from CANDIDATE to FOLLOWER at term 63 for DISCOVERED_A_NEW_TERM
2019-10-19 01:14:30,062 [f143d5cf-4038-4fa8-8601-f5a45f16ca3e@group-A3037D40E172-LeaderElection734] INFO  impl.RoleInfo (RoleInfo.java:shutdownLeaderElection(134)) - f143d5cf-4038-4fa8-8601-f5a45f16ca3e: shutdown LeaderElection
2019-10-19 01:14:30,062 [f143d5cf-4038-4fa8-8601-f5a45f16ca3e@group-A3037D40E172-LeaderElection734] INFO  impl.RoleInfo (RoleInfo.java:updateAndGet(143)) - f143d5cf-4038-4fa8-8601-f5a45f16ca3e: start FollowerState
2019-10-19 01:14:30,062 [grpc-default-executor-9] INFO  impl.RaftServerImpl (RaftServerImpl.java:setRole(184)) - 88be3607-7667-471c-9070-7dfd13eb5ac8@group-20FCFA0487C4: changes role from  FOLLOWER to FOLLOWER at term 63 for recognizeCandidate:9c2d914d-67b1-4af9-8080-4d6ee007b506
2019-10-19 01:14:30,062 [grpc-default-executor-10] INFO  impl.RaftServerImpl (RaftServerImpl.java:setRole(184)) - 61d0b7dc-5f8b-422f-8693-c58167224d24@group-20FCFA0487C4: changes role from  FOLLOWER to FOLLOWER at term 63 for recognizeCandidate:9c2d914d-67b1-4af9-8080-4d6ee007b506
2019-10-19 01:14:30,062 [grpc-default-executor-9] INFO  impl.RoleInfo (RoleInfo.java:shutdownFollowerState(121)) - 88be3607-7667-471c-9070-7dfd13eb5ac8: shutdown FollowerState
2019-10-19 01:14:30,062 [grpc-default-executor-10] INFO  impl.RoleInfo (RoleInfo.java:shutdownFollowerState(121)) - 61d0b7dc-5f8b-422f-8693-c58167224d24: shutdown FollowerState
2019-10-19 01:14:30,062 [Thread-7094] INFO  impl.FollowerState (FollowerState.java:run(117)) - 88be3607-7667-471c-9070-7dfd13eb5ac8@group-20FCFA0487C4-FollowerState was interrupted: java.lang.InterruptedException: sleep interrupted
2019-10-19 01:14:30,062 [grpc-default-executor-9] INFO  impl.RoleInfo (RoleInfo.java:updateAndGet(143)) - 88be3607-7667-471c-9070-7dfd13eb5ac8: start FollowerState
2019-10-19 01:14:30,062 [Thread-7093] INFO  impl.FollowerState (FollowerState.java:run(117)) - 61d0b7dc-5f8b-422f-8693-c58167224d24@group-20FCFA0487C4-FollowerState was interrupted: java.lang.InterruptedException: sleep interrupted
2019-10-19 01:14:30,062 [grpc-default-executor-10] INFO  impl.RoleInfo (RoleInfo.java:updateAndGet(143)) - 61d0b7dc-5f8b-422f-8693-c58167224d24: start FollowerState
2019-10-19 01:14:30,076 [9c2d914d-67b1-4af9-8080-4d6ee007b506@group-20FCFA0487C4-LeaderElection735] INFO  impl.LeaderElection (LeaderElection.java:logAndReturn(56)) - 9c2d914d-67b1-4af9-8080-4d6ee007b506@group-20FCFA0487C4-LeaderElection735: Election REJECTED; received 2 response(s) [9c2d914d-67b1-4af9-8080-4d6ee007b506<-88be3607-7667-471c-9070-7dfd13eb5ac8#0:FAIL-t63, 9c2d914d-67b1-4af9-8080-4d6ee007b506<-61d0b7dc-5f8b-422f-8693-c58167224d24#0:FAIL-t63] and 0 exception(s); 9c2d914d-67b1-4af9-8080-4d6ee007b506@group-20FCFA0487C4:t63, leader=null, voted=9c2d914d-67b1-4af9-8080-4d6ee007b506, raftlog=9c2d914d-67b1-4af9-8080-4d6ee007b506@group-20FCFA0487C4-SegmentedRaftLog:OPENED:c-1,f-1,i0, conf=-1: [88be3607-7667-471c-9070-7dfd13eb5ac8:192.168.69.71:32925, 9c2d914d-67b1-4af9-8080-4d6ee007b506:192.168.69.71:35462, 61d0b7dc-5f8b-422f-8693-c58167224d24:192.168.69.71:43479], old=null
2019-10-19 01:14:30,077 [9c2d914d-67b1-4af9-8080-4d6ee007b506@group-20FCFA0487C4-LeaderElection735] INFO  impl.RaftServerImpl (RaftServerImpl.java:setRole(184)) - 9c2d914d-67b1-4af9-8080-4d6ee007b506@group-20FCFA0487C4: changes role from CANDIDATE to FOLLOWER at term 63 for DISCOVERED_A_NEW_TERM
2019-10-19 01:14:30,077 [9c2d914d-67b1-4af9-8080-4d6ee007b506@group-20FCFA0487C4-LeaderElection735] INFO  impl.RoleInfo (RoleInfo.java:shutdownLeaderElection(134)) - 9c2d914d-67b1-4af9-8080-4d6ee007b506: shutdown LeaderElection
2019-10-19 01:14:30,077 [9c2d914d-67b1-4af9-8080-4d6ee007b506@group-20FCFA0487C4-LeaderElection735] INFO  impl.RoleInfo (RoleInfo.java:updateAndGet(143)) - 9c2d914d-67b1-4af9-8080-4d6ee007b506: start FollowerState
2019-10-19 01:14:30,124 [Thread-7104] INFO  impl.FollowerState (FollowerState.java:run(108)) - f143d5cf-4038-4fa8-8601-f5a45f16ca3e@group-A3037D40E172-FollowerState: change to CANDIDATE, lastRpcTime:62ms, electionTimeout:62ms
2019-10-19 01:14:30,124 [Thread-7104] INFO  impl.RoleInfo (RoleInfo.java:shutdownFollowerState(121)) - f143d5cf-4038-4fa8-8601-f5a45f16ca3e: shutdown FollowerState
2019-10-19 01:14:30,124 [Thread-7104] INFO  impl.RaftServerImpl (RaftServerImpl.java:setRole(184)) - f143d5cf-4038-4fa8-8601-f5a45f16ca3e@group-A3037D40E172: changes role from  FOLLOWER to CANDIDATE at term 63 for changeToCandidate
2019-10-19 01:14:30,124 [Thread-7104] INFO  impl.RoleInfo (RoleInfo.java:updateAndGet(143)) - f143d5cf-4038-4fa8-8601-f5a45f16ca3e: start LeaderElection
2019-10-19 01:14:30,134 [Thread-7107] INFO  impl.FollowerState (FollowerState.java:run(108)) - 9c2d914d-67b1-4af9-8080-4d6ee007b506@group-20FCFA0487C4-FollowerState: change to CANDIDATE, lastRpcTime:57ms, electionTimeout:57ms
2019-10-19 01:14:30,134 [Thread-7107] INFO  impl.RoleInfo (RoleInfo.java:shutdownFollowerState(121)) - 9c2d914d-67b1-4af9-8080-4d6ee007b506: shutdown FollowerState
2019-10-19 01:14:30,134 [Thread-7107] INFO  impl.RaftServerImpl (RaftServerImpl.java:setRole(184)) - 9c2d914d-67b1-4af9-8080-4d6ee007b506@group-20FCFA0487C4: changes role from  FOLLOWER to CANDIDATE at term 63 for changeToCandidate
2019-10-19 01:14:30,134 [Thread-7107] INFO  impl.RoleInfo (RoleInfo.java:updateAndGet(143)) - 9c2d914d-67b1-4af9-8080-4d6ee007b506: start LeaderElection
2019-10-19 01:14:30,139 [9c2d914d-67b1-4af9-8080-4d6ee007b506@group-20FCFA0487C4-LeaderElection737] INFO  impl.LeaderElection (LeaderElection.java:askForVotes(178)) - 9c2d914d-67b1-4af9-8080-4d6ee007b506@group-20FCFA0487C4-LeaderElection737: begin an election at term 64 for -1: [88be3607-7667-471c-9070-7dfd13eb5ac8:192.168.69.71:32925, 9c2d914d-67b1-4af9-8080-4d6ee007b506:192.168.69.71:35462, 61d0b7dc-5f8b-422f-8693-c58167224d24:192.168.69.71:43479], old=null
2019-10-19 01:14:30,139 [f143d5cf-4038-4fa8-8601-f5a45f16ca3e@group-A3037D40E172-LeaderElection736] INFO  impl.LeaderElection (LeaderElection.java:askForVotes(178)) - f143d5cf-4038-4fa8-8601-f5a45f16ca3e@group-A3037D40E172-LeaderElection736: begin an election at term 64 for -1: [f143d5cf-4038-4fa8-8601-f5a45f16ca3e:192.168.69.71:40169, 2543ffea-c5c6-4af0-856f-eb846bad755a:192.168.69.71:45287, 61d14648-e80d-4cd8-9e7c-6deb2f21aca8:192.168.69.71:42247], old=null
2019-10-19 01:14:30,140 [grpc-default-executor-9] INFO  impl.RaftServerImpl (RaftServerImpl.java:setRole(184)) - 88be3607-7667-471c-9070-7dfd13eb5ac8@group-20FCFA0487C4: changes role from  FOLLOWER to FOLLOWER at term 64 for recognizeCandidate:9c2d914d-67b1-4af9-8080-4d6ee007b506
2019-10-19 01:14:30,140 [grpc-default-executor-9] INFO  impl.RoleInfo (RoleInfo.java:shutdownFollowerState(121)) - 88be3607-7667-471c-9070-7dfd13eb5ac8: shutdown FollowerState
2019-10-19 01:14:30,140 [grpc-default-executor-10] INFO  impl.RaftServerImpl (RaftServerImpl.java:setRole(184)) - 61d0b7dc-5f8b-422f-8693-c58167224d24@group-20FCFA0487C4: changes role from  FOLLOWER to FOLLOWER at term 64 for recognizeCandidate:9c2d914d-67b1-4af9-8080-4d6ee007b506
2019-10-19 01:14:30,140 [grpc-default-executor-5] INFO  impl.RaftServerImpl (RaftServerImpl.java:setRole(184)) - 61d14648-e80d-4cd8-9e7c-6deb2f21aca8@group-A3037D40E172: changes role from  FOLLOWER to FOLLOWER at term 64 for recognizeCandidate:f143d5cf-4038-4fa8-8601-f5a45f16ca3e
2019-10-19 01:14:30,141 [grpc-default-executor-5] INFO  impl.RoleInfo (RoleInfo.java:shutdownFollowerState(121)) - 61d14648-e80d-4cd8-9e7c-6deb2f21aca8: shutdown FollowerState
2019-10-19 01:14:30,140 [Thread-7105] INFO  impl.FollowerState (FollowerState.java:run(117)) - 88be3607-7667-471c-9070-7dfd13eb5ac8@group-20FCFA0487C4-FollowerState was interrupted: java.lang.InterruptedException: sleep interrupted
2019-10-19 01:14:30,140 [grpc-default-executor-9] INFO  impl.RoleInfo (RoleInfo.java:updateAndGet(143)) - 88be3607-7667-471c-9070-7dfd13eb5ac8: start FollowerState
2019-10-19 01:14:30,141 [Thread-7100] INFO  impl.FollowerState (FollowerState.java:run(117)) - 61d14648-e80d-4cd8-9e7c-6deb2f21aca8@group-A3037D40E172-FollowerState was interrupted: java.lang.InterruptedException: sleep interrupted
2019-10-19 01:14:30,141 [grpc-default-executor-3] INFO  impl.RaftServerImpl (RaftServerImpl.java:setRole(184)) - 2543ffea-c5c6-4af0-856f-eb846bad755a@group-A3037D40E172: changes role from  FOLLOWER to FOLLOWER at term 64 for recognizeCandidate:f143d5cf-4038-4fa8-8601-f5a45f16ca3e
2019-10-19 01:14:30,141 [grpc-default-executor-3] INFO  impl.RoleInfo (RoleInfo.java:shutdownFollowerState(121)) - 2543ffea-c5c6-4af0-856f-eb846bad755a: shutdown FollowerState
2019-10-19 01:14:30,141 [grpc-default-executor-5] INFO  impl.RoleInfo (RoleInfo.java:updateAndGet(143)) - 61d14648-e80d-4cd8-9e7c-6deb2f21aca8: start FollowerState
2019-10-19 01:14:30,141 [grpc-default-executor-10] INFO  impl.RoleInfo (RoleInfo.java:shutdownFollowerState(121)) - 61d0b7dc-5f8b-422f-8693-c58167224d24: shutdown FollowerState
2019-10-19 01:14:30,141 [Thread-7099] INFO  impl.FollowerState (FollowerState.java:run(117)) - 2543ffea-c5c6-4af0-856f-eb846bad755a@group-A3037D40E172-FollowerState was interrupted: java.lang.InterruptedException: sleep interrupted
2019-10-19 01:14:30,142 [Thread-7106] INFO  impl.FollowerState (FollowerState.java:run(117)) - 61d0b7dc-5f8b-422f-8693-c58167224d24@group-20FCFA0487C4-FollowerState was interrupted: java.lang.InterruptedException: sleep interrupted
2019-10-19 01:14:30,141 [grpc-default-executor-3] INFO  impl.RoleInfo (RoleInfo.java:updateAndGet(143)) - 2543ffea-c5c6-4af0-856f-eb846bad755a: start FollowerState
2019-10-19 01:14:30,142 [grpc-default-executor-10] INFO  impl.RoleInfo (RoleInfo.java:updateAndGet(143)) - 61d0b7dc-5f8b-422f-8693-c58167224d24: start FollowerState
2019-10-19 01:14:30,151 [9c2d914d-67b1-4af9-8080-4d6ee007b506@group-20FCFA0487C4-LeaderElection737] INFO  impl.LeaderElection (LeaderElection.java:logAndReturn(56)) - 9c2d914d-67b1-4af9-8080-4d6ee007b506@group-20FCFA0487C4-LeaderElection737: Election TIMEOUT; received 0 response(s) [] and 0 exception(s); 9c2d914d-67b1-4af9-8080-4d6ee007b506@group-20FCFA0487C4:t64, leader=null, voted=9c2d914d-67b1-4af9-8080-4d6ee007b506, raftlog=9c2d914d-67b1-4af9-8080-4d6ee007b506@group-20FCFA0487C4-SegmentedRaftLog:OPENED:c-1,f-1,i0, conf=-1: [88be3607-7667-471c-9070-7dfd13eb5ac8:192.168.69.71:32925, 9c2d914d-67b1-4af9-8080-4d6ee007b506:192.168.69.71:35462, 61d0b7dc-5f8b-422f-8693-c58167224d24:192.168.69.71:43479], old=null
2019-10-19 01:14:30,154 [9c2d914d-67b1-4af9-8080-4d6ee007b506@group-20FCFA0487C4-LeaderElection737] INFO  impl.LeaderElection (LeaderElection.java:askForVotes(178)) - 9c2d914d-67b1-4af9-8080-4d6ee007b506@group-20FCFA0487C4-LeaderElection737: begin an election at term 65 for -1: [88be3607-7667-471c-9070-7dfd13eb5ac8:192.168.69.71:32925, 9c2d914d-67b1-4af9-8080-4d6ee007b506:192.168.69.71:35462, 61d0b7dc-5f8b-422f-8693-c58167224d24:192.168.69.71:43479], old=null
2019-10-19 01:14:30,155 [f143d5cf-4038-4fa8-8601-f5a45f16ca3e@group-A3037D40E172-LeaderElection736] INFO  impl.LeaderElection (LeaderElection.java:logAndReturn(56)) - f143d5cf-4038-4fa8-8601-f5a45f16ca3e@group-A3037D40E172-LeaderElection736: Election REJECTED; received 2 response(s) [f143d5cf-4038-4fa8-8601-f5a45f16ca3e<-2543ffea-c5c6-4af0-856f-eb846bad755a#0:FAIL-t64, f143d5cf-4038-4fa8-8601-f5a45f16ca3e<-61d14648-e80d-4cd8-9e7c-6deb2f21aca8#0:FAIL-t64] and 0 exception(s); f143d5cf-4038-4fa8-8601-f5a45f16ca3e@group-A3037D40E172:t64, leader=null, voted=f143d5cf-4038-4fa8-8601-f5a45f16ca3e, raftlog=f143d5cf-4038-4fa8-8601-f5a45f16ca3e@group-A3037D40E172-SegmentedRaftLog:OPENED:c-1,f-1,i0, conf=-1: [f143d5cf-4038-4fa8-8601-f5a45f16ca3e:192.168.69.71:40169, 2543ffea-c5c6-4af0-856f-eb846bad755a:192.168.69.71:45287, 61d14648-e80d-4cd8-9e7c-6deb2f21aca8:192.168.69.71:42247], old=null
2019-10-19 01:14:30,155 [f143d5cf-4038-4fa8-8601-f5a45f16ca3e@group-A3037D40E172-LeaderElection736] INFO  impl.RaftServerImpl (RaftServerImpl.java:setRole(184)) - f143d5cf-4038-4fa8-8601-f5a45f16ca3e@group-A3037D40E172: changes role from CANDIDATE to FOLLOWER at term 64 for DISCOVERED_A_NEW_TERM
2019-10-19 01:14:30,155 [grpc-default-executor-3] INFO  impl.RaftServerImpl (RaftServerImpl.java:setRole(184)) - 88be3607-7667-471c-9070-7dfd13eb5ac8@group-20FCFA0487C4: changes role from  FOLLOWER to FOLLOWER at term 65 for recognizeCandidate:9c2d914d-67b1-4af9-8080-4d6ee007b506
2019-10-19 01:14:30,155 [grpc-default-executor-3] INFO  impl.RoleInfo (RoleInfo.java:shutdownFollowerState(121)) - 88be3607-7667-471c-9070-7dfd13eb5ac8: shutdown FollowerState
2019-10-19 01:14:30,155 [grpc-default-executor-10] INFO  impl.RaftServerImpl (RaftServerImpl.java:setRole(184)) - 61d0b7dc-5f8b-422f-8693-c58167224d24@group-20FCFA0487C4: changes role from  FOLLOWER to FOLLOWER at term 65 for recognizeCandidate:9c2d914d-67b1-4af9-8080-4d6ee007b506
2019-10-19 01:14:30,155 [f143d5cf-4038-4fa8-8601-f5a45f16ca3e@group-A3037D40E172-LeaderElection736] INFO  impl.RoleInfo (RoleInfo.java:shutdownLeaderElection(134)) - f143d5cf-4038-4fa8-8601-f5a45f16ca3e: shutdown LeaderElection
2019-10-19 01:14:30,156 [grpc-default-executor-10] INFO  impl.RoleInfo (RoleInfo.java:shutdownFollowerState(121)) - 61d0b7dc-5f8b-422f-8693-c58167224d24: shutdown FollowerState
2019-10-19 01:14:30,156 [Thread-7116] INFO  impl.FollowerState (FollowerState.java:run(117)) - 88be3607-7667-471c-9070-7dfd13eb5ac8@group-20FCFA0487C4-FollowerState was interrupted: java.lang.InterruptedException: sleep interrupted
2019-10-19 01:14:30,156 [grpc-default-executor-3] INFO  impl.RoleInfo (RoleInfo.java:updateAndGet(143)) - 88be3607-7667-471c-9070-7dfd13eb5ac8: start FollowerState
2019-10-19 01:14:30,156 [Thread-7119] INFO  impl.FollowerState (FollowerState.java:run(117)) - 61d0b7dc-5f8b-422f-8693-c58167224d24@group-20FCFA0487C4-FollowerState was interrupted: java.lang.InterruptedException: sleep interrupted
2019-10-19 01:14:30,156 [grpc-default-executor-10] INFO  impl.RoleInfo (RoleInfo.java:updateAndGet(143)) - 61d0b7dc-5f8b-422f-8693-c58167224d24: start FollowerState
2019-10-19 01:14:30,156 [f143d5cf-4038-4fa8-8601-f5a45f16ca3e@group-A3037D40E172-LeaderElection736] INFO  impl.RoleInfo (RoleInfo.java:updateAndGet(143)) - f143d5cf-4038-4fa8-8601-f5a45f16ca3e: start FollowerState
2019-10-19 01:14:30,171 [9c2d914d-67b1-4af9-8080-4d6ee007b506@group-20FCFA0487C4-LeaderElection737] INFO  impl.LeaderElection (LeaderElection.java:logAndReturn(56)) - 9c2d914d-67b1-4af9-8080-4d6ee007b506@group-20FCFA0487C4-LeaderElection737: Election REJECTED; received 2 response(s) [9c2d914d-67b1-4af9-8080-4d6ee007b506<-88be3607-7667-471c-9070-7dfd13eb5ac8#0:FAIL-t65, 9c2d914d-67b1-4af9-8080-4d6ee007b506<-61d0b7dc-5f8b-422f-8693-c58167224d24#0:FAIL-t65] and 0 exception(s); 9c2d914d-67b1-4af9-8080-4d6ee007b506@group-20FCFA0487C4:t65, leader=null, voted=9c2d914d-67b1-4af9-8080-4d6ee007b506, raftlog=9c2d914d-67b1-4af9-8080-4d6ee007b506@group-20FCFA0487C4-SegmentedRaftLog:OPENED:c-1,f-1,i0, conf=-1: [88be3607-7667-471c-9070-7dfd13eb5ac8:192.168.69.71:32925, 9c2d914d-67b1-4af9-8080-4d6ee007b506:192.168.69.71:35462, 61d0b7dc-5f8b-422f-8693-c58167224d24:192.168.69.71:43479], old=null
2019-10-19 01:14:30,172 [9c2d914d-67b1-4af9-8080-4d6ee007b506@group-20FCFA0487C4-LeaderElection737] INFO  impl.RaftServerImpl (RaftServerImpl.java:setRole(184)) - 9c2d914d-67b1-4af9-8080-4d6ee007b506@group-20FCFA0487C4: changes role from CANDIDATE to FOLLOWER at term 65 for DISCOVERED_A_NEW_TERM
2019-10-19 01:14:30,172 [9c2d914d-67b1-4af9-8080-4d6ee007b506@group-20FCFA0487C4-LeaderElection737] INFO  impl.RoleInfo (RoleInfo.java:shutdownLeaderElection(134)) - 9c2d914d-67b1-4af9-8080-4d6ee007b506: shutdown LeaderElection
2019-10-19 01:14:30,172 [9c2d914d-67b1-4af9-8080-4d6ee007b506@group-20FCFA0487C4-LeaderElection737] INFO  impl.RoleInfo (RoleInfo.java:updateAndGet(143)) - 9c2d914d-67b1-4af9-8080-4d6ee007b506: start FollowerState
2019-10-19 01:14:30,199 [Thread-7125] INFO  impl.FollowerState (FollowerState.java:run(108)) - 9c2d914d-67b1-4af9-8080-4d6ee007b506@group-20FCFA0487C4-FollowerState: change to CANDIDATE, lastRpcTime:26ms, electionTimeout:26ms
2019-10-19 01:14:30,199 [Thread-7125] INFO  impl.RoleInfo (RoleInfo.java:shutdownFollowerState(121)) - 9c2d914d-67b1-4af9-8080-4d6ee007b506: shutdown FollowerState
2019-10-19 01:14:30,199 [Thread-7125] INFO  impl.RaftServerImpl (RaftServerImpl.java:setRole(184)) - 9c2d914d-67b1-4af9-8080-4d6ee007b506@group-20FCFA0487C4: changes role from  FOLLOWER to CANDIDATE at term 65 for changeToCandidate
2019-10-19 01:14:30,199 [Thread-7125] INFO  impl.RoleInfo (RoleInfo.java:updateAndGet(143)) - 9c2d914d-67b1-4af9-8080-4d6ee007b506: start LeaderElection
2019-10-19 01:14:30,213 [9c2d914d-67b1-4af9-8080-4d6ee007b506@group-20FCFA0487C4-LeaderElection738] INFO  impl.LeaderElection (LeaderElection.java:askForVotes(178)) - 9c2d914d-67b1-4af9-8080-4d6ee007b506@group-20FCFA0487C4-LeaderElection738: begin an election at term 66 for -1: [88be3607-7667-471c-9070-7dfd13eb5ac8:192.168.69.71:32925, 9c2d914d-67b1-4af9-8080-4d6ee007b506:192.168.69.71:35462, 61d0b7dc-5f8b-422f-8693-c58167224d24:192.168.69.71:43479], old=null
2019-10-19 01:14:30,214 [grpc-default-executor-3] INFO  impl.RaftServerImpl (RaftServerImpl.java:setRole(184)) - 88be3607-7667-471c-9070-7dfd13eb5ac8@group-20FCFA0487C4: changes role from  FOLLOWER to FOLLOWER at term 66 for recognizeCandidate:9c2d914d-67b1-4af9-8080-4d6ee007b506
2019-10-19 01:14:30,214 [grpc-default-executor-3] INFO  impl.RoleInfo (RoleInfo.java:shutdownFollowerState(121)) - 88be3607-7667-471c-9070-7dfd13eb5ac8: shutdown FollowerState
2019-10-19 01:14:30,214 [grpc-default-executor-10] INFO  impl.RaftServerImpl (RaftServerImpl.java:setRole(184)) - 61d0b7dc-5f8b-422f-8693-c58167224d24@group-20FCFA0487C4: changes role from  FOLLOWER to FOLLOWER at term 66 for recognizeCandidate:9c2d914d-67b1-4af9-8080-4d6ee007b506
2019-10-19 01:14:30,214 [grpc-default-executor-10] INFO  impl.RoleInfo (RoleInfo.java:shutdownFollowerState(121)) - 61d0b7dc-5f8b-422f-8693-c58167224d24: shutdown FollowerState
2019-10-19 01:14:30,214 [Thread-7122] INFO  impl.FollowerState (FollowerState.java:run(117)) - 88be3607-7667-471c-9070-7dfd13eb5ac8@group-20FCFA0487C4-FollowerState was interrupted: java.lang.InterruptedException: sleep interrupted
2019-10-19 01:14:30,214 [grpc-default-executor-3] INFO  impl.RoleInfo (RoleInfo.java:updateAndGet(143)) - 88be3607-7667-471c-9070-7dfd13eb5ac8: start FollowerState
2019-10-19 01:14:30,215 [Thread-7124] INFO  impl.FollowerState (FollowerState.java:run(117)) - 61d0b7dc-5f8b-422f-8693-c58167224d24@group-20FCFA0487C4-FollowerState was interrupted: java.lang.InterruptedException: sleep interrupted
2019-10-19 01:14:30,214 [grpc-default-executor-10] INFO  impl.RoleInfo (RoleInfo.java:updateAndGet(143)) - 61d0b7dc-5f8b-422f-8693-c58167224d24: start FollowerState
2019-10-19 01:14:30,228 [9c2d914d-67b1-4af9-8080-4d6ee007b506@group-20FCFA0487C4-LeaderElection738] INFO  impl.LeaderElection (LeaderElection.java:logAndReturn(56)) - 9c2d914d-67b1-4af9-8080-4d6ee007b506@group-20FCFA0487C4-LeaderElection738: Election REJECTED; received 2 response(s) [9c2d914d-67b1-4af9-8080-4d6ee007b506<-88be3607-7667-471c-9070-7dfd13eb5ac8#0:FAIL-t66, 9c2d914d-67b1-4af9-8080-4d6ee007b506<-61d0b7dc-5f8b-422f-8693-c58167224d24#0:FAIL-t66] and 0 exception(s); 9c2d914d-67b1-4af9-8080-4d6ee007b506@group-20FCFA0487C4:t66, leader=null, voted=9c2d914d-67b1-4af9-8080-4d6ee007b506, raftlog=9c2d914d-67b1-4af9-8080-4d6ee007b506@group-20FCFA0487C4-SegmentedRaftLog:OPENED:c-1,f-1,i0, conf=-1: [88be3607-7667-471c-9070-7dfd13eb5ac8:192.168.69.71:32925, 9c2d914d-67b1-4af9-8080-4d6ee007b506:192.168.69.71:35462, 61d0b7dc-5f8b-422f-8693-c58167224d24:192.168.69.71:43479], old=null
2019-10-19 01:14:30,229 [9c2d914d-67b1-4af9-8080-4d6ee007b506@group-20FCFA0487C4-LeaderElection738] INFO  impl.RaftServerImpl (RaftServerImpl.java:setRole(184)) - 9c2d914d-67b1-4af9-8080-4d6ee007b506@group-20FCFA0487C4: changes role from CANDIDATE to FOLLOWER at term 66 for DISCOVERED_A_NEW_TERM
2019-10-19 01:14:30,229 [9c2d914d-67b1-4af9-8080-4d6ee007b506@group-20FCFA0487C4-LeaderElection738] INFO  impl.RoleInfo (RoleInfo.java:shutdownLeaderElection(134)) - 9c2d914d-67b1-4af9-8080-4d6ee007b506: shutdown LeaderElection
2019-10-19 01:14:30,229 [9c2d914d-67b1-4af9-8080-4d6ee007b506@group-20FCFA0487C4-LeaderElection738] INFO  impl.RoleInfo (RoleInfo.java:updateAndGet(143)) - 9c2d914d-67b1-4af9-8080-4d6ee007b506: start FollowerState
2019-10-19 01:14:30,253 [Thread-7123] INFO  impl.FollowerState (FollowerState.java:run(108)) - f143d5cf-4038-4fa8-8601-f5a45f16ca3e@group-A3037D40E172-FollowerState: change to CANDIDATE, lastRpcTime:96ms, electionTimeout:95ms
2019-10-19 01:14:30,253 [Thread-7123] INFO  impl.RoleInfo (RoleInfo.java:shutdownFollowerState(121)) - f143d5cf-4038-4fa8-8601-f5a45f16ca3e: shutdown FollowerState
2019-10-19 01:14:30,253 [Thread-7123] INFO  impl.RaftServerImpl (RaftServerImpl.java:setRole(184)) - f143d5cf-4038-4fa8-8601-f5a45f16ca3e@group-A3037D40E172: changes role from  FOLLOWER to CANDIDATE at term 64 for changeToCandidate
2019-10-19 01:14:30,253 [Thread-7123] INFO  impl.RoleInfo (RoleInfo.java:updateAndGet(143)) - f143d5cf-4038-4fa8-8601-f5a45f16ca3e: start LeaderElection
2019-10-19 01:14:30,266 [f143d5cf-4038-4fa8-8601-f5a45f16ca3e@group-A3037D40E172-LeaderElection739] INFO  impl.LeaderElection (LeaderElection.java:askForVotes(178)) - f143d5cf-4038-4fa8-8601-f5a45f16ca3e@group-A3037D40E172-LeaderElection739: begin an election at term 65 for -1: [f143d5cf-4038-4fa8-8601-f5a45f16ca3e:192.168.69.71:40169, 2543ffea-c5c6-4af0-856f-eb846bad755a:192.168.69.71:45287, 61d14648-e80d-4cd8-9e7c-6deb2f21aca8:192.168.69.71:42247], old=null
2019-10-19 01:14:30,267 [grpc-default-executor-10] INFO  impl.RaftServerImpl (RaftServerImpl.java:setRole(184)) - 61d14648-e80d-4cd8-9e7c-6deb2f21aca8@group-A3037D40E172: changes role from  FOLLOWER to FOLLOWER at term 65 for recognizeCandidate:f143d5cf-4038-4fa8-8601-f5a45f16ca3e
2019-10-19 01:14:30,267 [grpc-default-executor-3] INFO  impl.RaftServerImpl (RaftServerImpl.java:setRole(184)) - 2543ffea-c5c6-4af0-856f-eb846bad755a@group-A3037D40E172: changes role from  FOLLOWER to FOLLOWER at term 65 for recognizeCandidate:f143d5cf-4038-4fa8-8601-f5a45f16ca3e
2019-10-19 01:14:30,267 [grpc-default-executor-10] INFO  impl.RoleInfo (RoleInfo.java:shutdownFollowerState(121)) - 61d14648-e80d-4cd8-9e7c-6deb2f21aca8: shutdown FollowerState
2019-10-19 01:14:30,268 [grpc-default-executor-3] INFO  impl.RoleInfo (RoleInfo.java:shutdownFollowerState(121)) - 2543ffea-c5c6-4af0-856f-eb846bad755a: shutdown FollowerState
2019-10-19 01:14:30,268 [Thread-7117] INFO  impl.FollowerState (FollowerState.java:run(117)) - 61d14648-e80d-4cd8-9e7c-6deb2f21aca8@group-A3037D40E172-FollowerState was interrupted: java.lang.InterruptedException: sleep interrupted
2019-10-19 01:14:30,268 [grpc-default-executor-10] INFO  impl.RoleInfo (RoleInfo.java:updateAndGet(143)) - 61d14648-e80d-4cd8-9e7c-6deb2f21aca8: start FollowerState
2019-10-19 01:14:30,268 [Thread-7118] INFO  impl.FollowerState (FollowerState.java:run(117)) - 2543ffea-c5c6-4af0-856f-eb846bad755a@group-A3037D40E172-FollowerState was interrupted: java.lang.InterruptedException: sleep interrupted
2019-10-19 01:14:30,268 [grpc-default-executor-3] INFO  impl.RoleInfo (RoleInfo.java:updateAndGet(143)) - 2543ffea-c5c6-4af0-856f-eb846bad755a: start FollowerState
2019-10-19 01:14:30,282 [f143d5cf-4038-4fa8-8601-f5a45f16ca3e@group-A3037D40E172-LeaderElection739] INFO  impl.LeaderElection (LeaderElection.java:logAndReturn(56)) - f143d5cf-4038-4fa8-8601-f5a45f16ca3e@group-A3037D40E172-LeaderElection739: Election REJECTED; received 2 response(s) [f143d5cf-4038-4fa8-8601-f5a45f16ca3e<-2543ffea-c5c6-4af0-856f-eb846bad755a#0:FAIL-t65, f143d5cf-4038-4fa8-8601-f5a45f16ca3e<-61d14648-e80d-4cd8-9e7c-6deb2f21aca8#0:FAIL-t65] and 0 exception(s); f143d5cf-4038-4fa8-8601-f5a45f16ca3e@group-A3037D40E172:t65, leader=null, voted=f143d5cf-4038-4fa8-8601-f5a45f16ca3e, raftlog=f143d5cf-4038-4fa8-8601-f5a45f16ca3e@group-A3037D40E172-SegmentedRaftLog:OPENED:c-1,f-1,i0, conf=-1: [f143d5cf-4038-4fa8-8601-f5a45f16ca3e:192.168.69.71:40169, 2543ffea-c5c6-4af0-856f-eb846bad755a:192.168.69.71:45287, 61d14648-e80d-4cd8-9e7c-6deb2f21aca8:192.168.69.71:42247], old=null
2019-10-19 01:14:30,282 [f143d5cf-4038-4fa8-8601-f5a45f16ca3e@group-A3037D40E172-LeaderElection739] INFO  impl.RaftServerImpl (RaftServerImpl.java:setRole(184)) - f143d5cf-4038-4fa8-8601-f5a45f16ca3e@group-A3037D40E172: changes role from CANDIDATE to FOLLOWER at term 65 for DISCOVERED_A_NEW_TERM
2019-10-19 01:14:30,282 [f143d5cf-4038-4fa8-8601-f5a45f16ca3e@group-A3037D40E172-LeaderElection739] INFO  impl.RoleInfo (RoleInfo.java:shutdownLeaderElection(134)) - f143d5cf-4038-4fa8-8601-f5a45f16ca3e: shutdown LeaderElection
2019-10-19 01:14:30,282 [f143d5cf-4038-4fa8-8601-f5a45f16ca3e@group-A3037D40E172-LeaderElection739] INFO  impl.RoleInfo (RoleInfo.java:updateAndGet(143)) - f143d5cf-4038-4fa8-8601-f5a45f16ca3e: start FollowerState
2019-10-19 01:14:30,334 [Thread-7131] INFO  impl.FollowerState (FollowerState.java:run(108)) - 9c2d914d-67b1-4af9-8080-4d6ee007b506@group-20FCFA0487C4-FollowerState: change to CANDIDATE, lastRpcTime:105ms, electionTimeout:105ms
2019-10-19 01:14:30,334 [Thread-7131] INFO  impl.RoleInfo (RoleInfo.java:shutdownFollowerState(121)) - 9c2d914d-67b1-4af9-8080-4d6ee007b506: shutdown FollowerState
2019-10-19 01:14:30,334 [Thread-7131] INFO  impl.RaftServerImpl (RaftServerImpl.java:setRole(184)) - 9c2d914d-67b1-4af9-8080-4d6ee007b506@group-20FCFA0487C4: changes role from  FOLLOWER to CANDIDATE at term 66 for changeToCandidate
2019-10-19 01:14:30,334 [Thread-7131] INFO  impl.RoleInfo (RoleInfo.java:updateAndGet(143)) - 9c2d914d-67b1-4af9-8080-4d6ee007b506: start LeaderElection
2019-10-19 01:14:30,348 [9c2d914d-67b1-4af9-8080-4d6ee007b506@group-20FCFA0487C4-LeaderElection740] INFO  impl.LeaderElection (LeaderElection.java:askForVotes(178)) - 9c2d914d-67b1-4af9-8080-4d6ee007b506@group-20FCFA0487C4-LeaderElection740: begin an election at term 67 for -1: [88be3607-7667-471c-9070-7dfd13eb5ac8:192.168.69.71:32925, 9c2d914d-67b1-4af9-8080-4d6ee007b506:192.168.69.71:35462, 61d0b7dc-5f8b-422f-8693-c58167224d24:192.168.69.71:43479], old=null
2019-10-19 01:14:30,350 [grpc-default-executor-10] INFO  impl.RaftServerImpl (RaftServerImpl.java:setRole(184)) - 88be3607-7667-471c-9070-7dfd13eb5ac8@group-20FCFA0487C4: changes role from  FOLLOWER to FOLLOWER at term 67 for recognizeCandidate:9c2d914d-67b1-4af9-8080-4d6ee007b506
2019-10-19 01:14:30,350 [grpc-default-executor-3] INFO  impl.RaftServerImpl (RaftServerImpl.java:setRole(184)) - 61d0b7dc-5f8b-422f-8693-c58167224d24@group-20FCFA0487C4: changes role from  FOLLOWER to FOLLOWER at term 67 for recognizeCandidate:9c2d914d-67b1-4af9-8080-4d6ee007b506
2019-10-19 01:14:30,350 [grpc-default-executor-10] INFO  impl.RoleInfo (RoleInfo.java:shutdownFollowerState(121)) - 88be3607-7667-471c-9070-7dfd13eb5ac8: shutdown FollowerState
2019-10-19 01:14:30,350 [grpc-default-executor-3] INFO  impl.RoleInfo (RoleInfo.java:shutdownFollowerState(121)) - 61d0b7dc-5f8b-422f-8693-c58167224d24: shutdown FollowerState
2019-10-19 01:14:30,350 [grpc-default-executor-10] INFO  impl.RoleInfo (RoleInfo.java:updateAndGet(143)) - 88be3607-7667-471c-9070-7dfd13eb5ac8: start FollowerState
2019-10-19 01:14:30,350 [Thread-7130] INFO  impl.FollowerState (FollowerState.java:run(117)) - 61d0b7dc-5f8b-422f-8693-c58167224d24@group-20FCFA0487C4-FollowerState was interrupted: java.lang.InterruptedException: sleep interrupted
2019-10-19 01:14:30,350 [grpc-default-executor-3] INFO  impl.RoleInfo (RoleInfo.java:updateAndGet(143)) - 61d0b7dc-5f8b-422f-8693-c58167224d24: start FollowerState
2019-10-19 01:14:30,350 [Thread-7129] INFO  impl.FollowerState (FollowerState.java:run(117)) - 88be3607-7667-471c-9070-7dfd13eb5ac8@group-20FCFA0487C4-FollowerState was interrupted: java.lang.InterruptedException: sleep interrupted
2019-10-19 01:14:30,365 [9c2d914d-67b1-4af9-8080-4d6ee007b506@group-20FCFA0487C4-LeaderElection740] INFO  impl.LeaderElection (LeaderElection.java:logAndReturn(56)) - 9c2d914d-67b1-4af9-8080-4d6ee007b506@group-20FCFA0487C4-LeaderElection740: Election REJECTED; received 2 response(s) [9c2d914d-67b1-4af9-8080-4d6ee007b506<-88be3607-7667-471c-9070-7dfd13eb5ac8#0:FAIL-t67, 9c2d914d-67b1-4af9-8080-4d6ee007b506<-61d0b7dc-5f8b-422f-8693-c58167224d24#0:FAIL-t67] and 0 exception(s); 9c2d914d-67b1-4af9-8080-4d6ee007b506@group-20FCFA0487C4:t67, leader=null, voted=9c2d914d-67b1-4af9-8080-4d6ee007b506, raftlog=9c2d914d-67b1-4af9-8080-4d6ee007b506@group-20FCFA0487C4-SegmentedRaftLog:OPENED:c-1,f-1,i0, conf=-1: [88be3607-7667-471c-9070-7dfd13eb5ac8:192.168.69.71:32925, 9c2d914d-67b1-4af9-8080-4d6ee007b506:192.168.69.71:35462, 61d0b7dc-5f8b-422f-8693-c58167224d24:192.168.69.71:43479], old=null
2019-10-19 01:14:30,365 [9c2d914d-67b1-4af9-8080-4d6ee007b506@group-20FCFA0487C4-LeaderElection740] INFO  impl.RaftServerImpl (RaftServerImpl.java:setRole(184)) - 9c2d914d-67b1-4af9-8080-4d6ee007b506@group-20FCFA0487C4: changes role from CANDIDATE to FOLLOWER at term 67 for DISCOVERED_A_NEW_TERM
2019-10-19 01:14:30,365 [9c2d914d-67b1-4af9-8080-4d6ee007b506@group-20FCFA0487C4-LeaderElection740] INFO  impl.RoleInfo (RoleInfo.java:shutdownLeaderElection(134)) - 9c2d914d-67b1-4af9-8080-4d6ee007b506: shutdown LeaderElection
2019-10-19 01:14:30,365 [9c2d914d-67b1-4af9-8080-4d6ee007b506@group-20FCFA0487C4-LeaderElection740] INFO  impl.RoleInfo (RoleInfo.java:updateAndGet(143)) - 9c2d914d-67b1-4af9-8080-4d6ee007b506: start FollowerState
2019-10-19 01:14:30,396 [Thread-7137] INFO  impl.FollowerState (FollowerState.java:run(108)) - f143d5cf-4038-4fa8-8601-f5a45f16ca3e@group-A3037D40E172-FollowerState: change to CANDIDATE, lastRpcTime:114ms, electionTimeout:114ms
2019-10-19 01:14:30,396 [Thread-7137] INFO  impl.RoleInfo (RoleInfo.java:shutdownFollowerState(121)) - f143d5cf-4038-4fa8-8601-f5a45f16ca3e: shutdown FollowerState
2019-10-19 01:14:30,396 [Thread-7137] INFO  impl.RaftServerImpl (RaftServerImpl.java:setRole(184)) - f143d5cf-4038-4fa8-8601-f5a45f16ca3e@group-A3037D40E172: changes role from  FOLLOWER to CANDIDATE at term 65 for changeToCandidate
2019-10-19 01:14:30,397 [Thread-7137] INFO  impl.RoleInfo (RoleInfo.java:updateAndGet(143)) - f143d5cf-4038-4fa8-8601-f5a45f16ca3e: start LeaderElection
2019-10-19 01:14:30,410 [f143d5cf-4038-4fa8-8601-f5a45f16ca3e@group-A3037D40E172-LeaderElection741] INFO  impl.LeaderElection (LeaderElection.java:askForVotes(178)) - f143d5cf-4038-4fa8-8601-f5a45f16ca3e@group-A3037D40E172-LeaderElection741: begin an election at term 66 for -1: [f143d5cf-4038-4fa8-8601-f5a45f16ca3e:192.168.69.71:40169, 2543ffea-c5c6-4af0-856f-eb846bad755a:192.168.69.71:45287, 61d14648-e80d-4cd8-9e7c-6deb2f21aca8:192.168.69.71:42247], old=null
2019-10-19 01:14:30,411 [grpc-default-executor-10] INFO  impl.RaftServerImpl (RaftServerImpl.java:setRole(184)) - 61d14648-e80d-4cd8-9e7c-6deb2f21aca8@group-A3037D40E172: changes role from  FOLLOWER to FOLLOWER at term 66 for recognizeCandidate:f143d5cf-4038-4fa8-8601-f5a45f16ca3e
2019-10-19 01:14:30,411 [grpc-default-executor-10] INFO  impl.RoleInfo (RoleInfo.java:shutdownFollowerState(121)) - 61d14648-e80d-4cd8-9e7c-6deb2f21aca8: shutdown FollowerState
2019-10-19 01:14:30,411 [grpc-default-executor-3] INFO  impl.RaftServerImpl (RaftServerImpl.java:setRole(184)) - 2543ffea-c5c6-4af0-856f-eb846bad755a@group-A3037D40E172: changes role from  FOLLOWER to FOLLOWER at term 66 for recognizeCandidate:f143d5cf-4038-4fa8-8601-f5a45f16ca3e
2019-10-19 01:14:30,412 [grpc-default-executor-3] INFO  impl.RoleInfo (RoleInfo.java:shutdownFollowerState(121)) - 2543ffea-c5c6-4af0-856f-eb846bad755a: shutdown FollowerState
2019-10-19 01:14:30,412 [Thread-7135] INFO  impl.FollowerState (FollowerState.java:run(117)) - 61d14648-e80d-4cd8-9e7c-6deb2f21aca8@group-A3037D40E172-FollowerState was interrupted: java.lang.InterruptedException: sleep interrupted
2019-10-19 01:14:30,412 [grpc-default-executor-10] INFO  impl.RoleInfo (RoleInfo.java:updateAndGet(143)) - 61d14648-e80d-4cd8-9e7c-6deb2f21aca8: start FollowerState
2019-10-19 01:14:30,412 [Thread-7136] INFO  impl.FollowerState (FollowerState.java:run(117)) - 2543ffea-c5c6-4af0-856f-eb846bad755a@group-A3037D40E172-FollowerState was interrupted: java.lang.InterruptedException: sleep interrupted
2019-10-19 01:14:30,412 [grpc-default-executor-3] INFO  impl.RoleInfo (RoleInfo.java:updateAndGet(143)) - 2543ffea-c5c6-4af0-856f-eb846bad755a: start FollowerState
2019-10-19 01:14:30,426 [f143d5cf-4038-4fa8-8601-f5a45f16ca3e@group-A3037D40E172-LeaderElection741] INFO  impl.LeaderElection (LeaderElection.java:logAndReturn(56)) - f143d5cf-4038-4fa8-8601-f5a45f16ca3e@group-A3037D40E172-LeaderElection741: Election REJECTED; received 2 response(s) [f143d5cf-4038-4fa8-8601-f5a45f16ca3e<-2543ffea-c5c6-4af0-856f-eb846bad755a#0:FAIL-t66, f143d5cf-4038-4fa8-8601-f5a45f16ca3e<-61d14648-e80d-4cd8-9e7c-6deb2f21aca8#0:FAIL-t66] and 0 exception(s); f143d5cf-4038-4fa8-8601-f5a45f16ca3e@group-A3037D40E172:t66, leader=null, voted=f143d5cf-4038-4fa8-8601-f5a45f16ca3e, raftlog=f143d5cf-4038-4fa8-8601-f5a45f16ca3e@group-A3037D40E172-SegmentedRaftLog:OPENED:c-1,f-1,i0, conf=-1: [f143d5cf-4038-4fa8-8601-f5a45f16ca3e:192.168.69.71:40169, 2543ffea-c5c6-4af0-856f-eb846bad755a:192.168.69.71:45287, 61d14648-e80d-4cd8-9e7c-6deb2f21aca8:192.168.69.71:42247], old=null
2019-10-19 01:14:30,426 [f143d5cf-4038-4fa8-8601-f5a45f16ca3e@group-A3037D40E172-LeaderElection741] INFO  impl.RaftServerImpl (RaftServerImpl.java:setRole(184)) - f143d5cf-4038-4fa8-8601-f5a45f16ca3e@group-A3037D40E172: changes role from CANDIDATE to FOLLOWER at term 66 for DISCOVERED_A_NEW_TERM
2019-10-19 01:14:30,426 [f143d5cf-4038-4fa8-8601-f5a45f16ca3e@group-A3037D40E172-LeaderElection741] INFO  impl.RoleInfo (RoleInfo.java:shutdownLeaderElection(134)) - f143d5cf-4038-4fa8-8601-f5a45f16ca3e: shutdown LeaderElection
2019-10-19 01:14:30,426 [f143d5cf-4038-4fa8-8601-f5a45f16ca3e@group-A3037D40E172-LeaderElection741] INFO  impl.RoleInfo (RoleInfo.java:updateAndGet(143)) - f143d5cf-4038-4fa8-8601-f5a45f16ca3e: start FollowerState
2019-10-19 01:14:30,457 [Thread-7149] INFO  impl.FollowerState (FollowerState.java:run(108)) - f143d5cf-4038-4fa8-8601-f5a45f16ca3e@group-A3037D40E172-FollowerState: change to CANDIDATE, lastRpcTime:30ms, electionTimeout:30ms
2019-10-19 01:14:30,457 [Thread-7149] INFO  impl.RoleInfo (RoleInfo.java:shutdownFollowerState(121)) - f143d5cf-4038-4fa8-8601-f5a45f16ca3e: shutdown FollowerState
2019-10-19 01:14:30,457 [Thread-7149] INFO  impl.RaftServerImpl (RaftServerImpl.java:setRole(184)) - f143d5cf-4038-4fa8-8601-f5a45f16ca3e@group-A3037D40E172: changes role from  FOLLOWER to CANDIDATE at term 66 for changeToCandidate
2019-10-19 01:14:30,457 [Thread-7149] INFO  impl.RoleInfo (RoleInfo.java:updateAndGet(143)) - f143d5cf-4038-4fa8-8601-f5a45f16ca3e: start LeaderElection
2019-10-19 01:14:30,470 [f143d5cf-4038-4fa8-8601-f5a45f16ca3e@group-A3037D40E172-LeaderElection742] INFO  impl.LeaderElection (LeaderElection.java:askForVotes(178)) - f143d5cf-4038-4fa8-8601-f5a45f16ca3e@group-A3037D40E172-LeaderElection742: begin an election at term 67 for -1: [f143d5cf-4038-4fa8-8601-f5a45f16ca3e:192.168.69.71:40169, 2543ffea-c5c6-4af0-856f-eb846bad755a:192.168.69.71:45287, 61d14648-e80d-4cd8-9e7c-6deb2f21aca8:192.168.69.71:42247], old=null
2019-10-19 01:14:30,471 [grpc-default-executor-10] INFO  impl.RaftServerImpl (RaftServerImpl.java:setRole(184)) - 2543ffea-c5c6-4af0-856f-eb846bad755a@group-A3037D40E172: changes role from  FOLLOWER to FOLLOWER at term 67 for recognizeCandidate:f143d5cf-4038-4fa8-8601-f5a45f16ca3e
2019-10-19 01:14:30,471 [grpc-default-executor-3] INFO  impl.RaftServerImpl (RaftServerImpl.java:setRole(184)) - 61d14648-e80d-4cd8-9e7c-6deb2f21aca8@group-A3037D40E172: changes role from  FOLLOWER to FOLLOWER at term 67 for recognizeCandidate:f143d5cf-4038-4fa8-8601-f5a45f16ca3e
2019-10-19 01:14:30,472 [grpc-default-executor-3] INFO  impl.RoleInfo (RoleInfo.java:shutdownFollowerState(121)) - 61d14648-e80d-4cd8-9e7c-6deb2f21aca8: shutdown FollowerState
2019-10-19 01:14:30,472 [grpc-default-executor-10] INFO  impl.RoleInfo (RoleInfo.java:shutdownFollowerState(121)) - 2543ffea-c5c6-4af0-856f-eb846bad755a: shutdown FollowerState
2019-10-19 01:14:30,472 [Thread-7147] INFO  impl.FollowerState (FollowerState.java:run(117)) - 61d14648-e80d-4cd8-9e7c-6deb2f21aca8@group-A3037D40E172-FollowerState was interrupted: java.lang.InterruptedException: sleep interrupted
2019-10-19 01:14:30,472 [grpc-default-executor-3] INFO  impl.RoleInfo (RoleInfo.java:updateAndGet(143)) - 61d14648-e80d-4cd8-9e7c-6deb2f21aca8: start FollowerState
2019-10-19 01:14:30,472 [Thread-7148] INFO  impl.FollowerState (FollowerState.java:run(117)) - 2543ffea-c5c6-4af0-856f-eb846bad755a@group-A3037D40E172-FollowerState was interrupted: java.lang.InterruptedException: sleep interrupted
2019-10-19 01:14:30,472 [grpc-default-executor-10] INFO  impl.RoleInfo (RoleInfo.java:updateAndGet(143)) - 2543ffea-c5c6-4af0-856f-eb846bad755a: start FollowerState
2019-10-19 01:14:30,472 [Thread-7143] INFO  impl.FollowerState (FollowerState.java:run(108)) - 9c2d914d-67b1-4af9-8080-4d6ee007b506@group-20FCFA0487C4-FollowerState: change to CANDIDATE, lastRpcTime:107ms, electionTimeout:107ms
2019-10-19 01:14:30,473 [Thread-7143] INFO  impl.RoleInfo (RoleInfo.java:shutdownFollowerState(121)) - 9c2d914d-67b1-4af9-8080-4d6ee007b506: shutdown FollowerState
2019-10-19 01:14:30,473 [Thread-7143] INFO  impl.RaftServerImpl (RaftServerImpl.java:setRole(184)) - 9c2d914d-67b1-4af9-8080-4d6ee007b506@group-20FCFA0487C4: changes role from  FOLLOWER to CANDIDATE at term 67 for changeToCandidate
2019-10-19 01:14:30,473 [Thread-7143] INFO  impl.RoleInfo (RoleInfo.java:updateAndGet(143)) - 9c2d914d-67b1-4af9-8080-4d6ee007b506: start LeaderElection
2019-10-19 01:14:30,485 [9c2d914d-67b1-4af9-8080-4d6ee007b506@group-20FCFA0487C4-LeaderElection743] INFO  impl.LeaderElection (LeaderElection.java:askForVotes(178)) - 9c2d914d-67b1-4af9-8080-4d6ee007b506@group-20FCFA0487C4-LeaderElection743: begin an election at term 68 for -1: [88be3607-7667-471c-9070-7dfd13eb5ac8:192.168.69.71:32925, 9c2d914d-67b1-4af9-8080-4d6ee007b506:192.168.69.71:35462, 61d0b7dc-5f8b-422f-8693-c58167224d24:192.168.69.71:43479], old=null
2019-10-19 01:14:30,486 [f143d5cf-4038-4fa8-8601-f5a45f16ca3e@group-A3037D40E172-LeaderElection742] INFO  impl.LeaderElection (LeaderElection.java:logAndReturn(56)) - f143d5cf-4038-4fa8-8601-f5a45f16ca3e@group-A3037D40E172-LeaderElection742: Election REJECTED; received 2 response(s) [f143d5cf-4038-4fa8-8601-f5a45f16ca3e<-2543ffea-c5c6-4af0-856f-eb846bad755a#0:FAIL-t67, f143d5cf-4038-4fa8-8601-f5a45f16ca3e<-61d14648-e80d-4cd8-9e7c-6deb2f21aca8#0:FAIL-t67] and 0 exception(s); f143d5cf-4038-4fa8-8601-f5a45f16ca3e@group-A3037D40E172:t67, leader=null, voted=f143d5cf-4038-4fa8-8601-f5a45f16ca3e, raftlog=f143d5cf-4038-4fa8-8601-f5a45f16ca3e@group-A3037D40E172-SegmentedRaftLog:OPENED:c-1,f-1,i0, conf=-1: [f143d5cf-4038-4fa8-8601-f5a45f16ca3e:192.168.69.71:40169, 2543ffea-c5c6-4af0-856f-eb846bad755a:192.168.69.71:45287, 61d14648-e80d-4cd8-9e7c-6deb2f21aca8:192.168.69.71:42247], old=null
2019-10-19 01:14:30,486 [f143d5cf-4038-4fa8-8601-f5a45f16ca3e@group-A3037D40E172-LeaderElection742] INFO  impl.RaftServerImpl (RaftServerImpl.java:setRole(184)) - f143d5cf-4038-4fa8-8601-f5a45f16ca3e@group-A3037D40E172: changes role from CANDIDATE to FOLLOWER at term 67 for DISCOVERED_A_NEW_TERM
2019-10-19 01:14:30,486 [grpc-default-executor-3] INFO  impl.RaftServerImpl (RaftServerImpl.java:setRole(184)) - 88be3607-7667-471c-9070-7dfd13eb5ac8@group-20FCFA0487C4: changes role from  FOLLOWER to FOLLOWER at term 68 for recognizeCandidate:9c2d914d-67b1-4af9-8080-4d6ee007b506
2019-10-19 01:14:30,487 [grpc-default-executor-3] INFO  impl.RoleInfo (RoleInfo.java:shutdownFollowerState(121)) - 88be3607-7667-471c-9070-7dfd13eb5ac8: shutdown FollowerState
2019-10-19 01:14:30,486 [f143d5cf-4038-4fa8-8601-f5a45f16ca3e@group-A3037D40E172-LeaderElection742] INFO  impl.RoleInfo (RoleInfo.java:shutdownLeaderElection(134)) - f143d5cf-4038-4fa8-8601-f5a45f16ca3e: shutdown LeaderElection
2019-10-19 01:14:30,487 [grpc-default-executor-3] INFO  impl.RoleInfo (RoleInfo.java:updateAndGet(143)) - 88be3607-7667-471c-9070-7dfd13eb5ac8: start FollowerState
2019-10-19 01:14:30,487 [grpc-default-executor-10] INFO  impl.RaftServerImpl (RaftServerImpl.java:setRole(184)) - 61d0b7dc-5f8b-422f-8693-c58167224d24@group-20FCFA0487C4: changes role from  FOLLOWER to FOLLOWER at term 68 for recognizeCandidate:9c2d914d-67b1-4af9-8080-4d6ee007b506
2019-10-19 01:14:30,487 [grpc-default-executor-10] INFO  impl.RoleInfo (RoleInfo.java:shutdownFollowerState(121)) - 61d0b7dc-5f8b-422f-8693-c58167224d24: shutdown FollowerState
2019-10-19 01:14:30,487 [Thread-7141] INFO  impl.FollowerState (FollowerState.java:run(117)) - 88be3607-7667-471c-9070-7dfd13eb5ac8@group-20FCFA0487C4-FollowerState was interrupted: java.lang.InterruptedException: sleep interrupted
2019-10-19 01:14:30,487 [f143d5cf-4038-4fa8-8601-f5a45f16ca3e@group-A3037D40E172-LeaderElection742] INFO  impl.RoleInfo (RoleInfo.java:updateAndGet(143)) - f143d5cf-4038-4fa8-8601-f5a45f16ca3e: start FollowerState
2019-10-19 01:14:30,487 [Thread-7142] INFO  impl.FollowerState (FollowerState.java:run(117)) - 61d0b7dc-5f8b-422f-8693-c58167224d24@group-20FCFA0487C4-FollowerState was interrupted: java.lang.InterruptedException: sleep interrupted
2019-10-19 01:14:30,487 [grpc-default-executor-10] INFO  impl.RoleInfo (RoleInfo.java:updateAndGet(143)) - 61d0b7dc-5f8b-422f-8693-c58167224d24: start FollowerState
2019-10-19 01:14:30,513 [9c2d914d-67b1-4af9-8080-4d6ee007b506@group-20FCFA0487C4-LeaderElection743] INFO  impl.LeaderElection (LeaderElection.java:logAndReturn(56)) - 9c2d914d-67b1-4af9-8080-4d6ee007b506@group-20FCFA0487C4-LeaderElection743: Election REJECTED; received 2 response(s) [9c2d914d-67b1-4af9-8080-4d6ee007b506<-88be3607-7667-471c-9070-7dfd13eb5ac8#0:FAIL-t68, 9c2d914d-67b1-4af9-8080-4d6ee007b506<-61d0b7dc-5f8b-422f-8693-c58167224d24#0:FAIL-t68] and 0 exception(s); 9c2d914d-67b1-4af9-8080-4d6ee007b506@group-20FCFA0487C4:t68, leader=null, voted=9c2d914d-67b1-4af9-8080-4d6ee007b506, raftlog=9c2d914d-67b1-4af9-8080-4d6ee007b506@group-20FCFA0487C4-SegmentedRaftLog:OPENED:c-1,f-1,i0, conf=-1: [88be3607-7667-471c-9070-7dfd13eb5ac8:192.168.69.71:32925, 9c2d914d-67b1-4af9-8080-4d6ee007b506:192.168.69.71:35462, 61d0b7dc-5f8b-422f-8693-c58167224d24:192.168.69.71:43479], old=null
2019-10-19 01:14:30,513 [9c2d914d-67b1-4af9-8080-4d6ee007b506@group-20FCFA0487C4-LeaderElection743] INFO  impl.RaftServerImpl (RaftServerImpl.java:setRole(184)) - 9c2d914d-67b1-4af9-8080-4d6ee007b506@group-20FCFA0487C4: changes role from CANDIDATE to FOLLOWER at term 68 for DISCOVERED_A_NEW_TERM
2019-10-19 01:14:30,513 [9c2d914d-67b1-4af9-8080-4d6ee007b506@group-20FCFA0487C4-LeaderElection743] INFO  impl.RoleInfo (RoleInfo.java:shutdownLeaderElection(134)) - 9c2d914d-67b1-4af9-8080-4d6ee007b506: shutdown LeaderElection
2019-10-19 01:14:30,513 [9c2d914d-67b1-4af9-8080-4d6ee007b506@group-20FCFA0487C4-LeaderElection743] INFO  impl.RoleInfo (RoleInfo.java:updateAndGet(143)) - 9c2d914d-67b1-4af9-8080-4d6ee007b506: start FollowerState
2019-10-19 01:14:30,547 [Thread-7161] INFO  impl.FollowerState (FollowerState.java:run(108)) - 9c2d914d-67b1-4af9-8080-4d6ee007b506@group-20FCFA0487C4-FollowerState: change to CANDIDATE, lastRpcTime:34ms, electionTimeout:34ms
2019-10-19 01:14:30,547 [Thread-7161] INFO  impl.RoleInfo (RoleInfo.java:shutdownFollowerState(121)) - 9c2d914d-67b1-4af9-8080-4d6ee007b506: shutdown FollowerState
2019-10-19 01:14:30,547 [Thread-7161] INFO  impl.RaftServerImpl (RaftServerImpl.java:setRole(184)) - 9c2d914d-67b1-4af9-8080-4d6ee007b506@group-20FCFA0487C4: changes role from  FOLLOWER to CANDIDATE at term 68 for changeToCandidate
2019-10-19 01:14:30,548 [Thread-7161] INFO  impl.RoleInfo (RoleInfo.java:updateAndGet(143)) - 9c2d914d-67b1-4af9-8080-4d6ee007b506: start LeaderElection
2019-10-19 01:14:30,561 [9c2d914d-67b1-4af9-8080-4d6ee007b506@group-20FCFA0487C4-LeaderElection744] INFO  impl.LeaderElection (LeaderElection.java:askForVotes(178)) - 9c2d914d-67b1-4af9-8080-4d6ee007b506@group-20FCFA0487C4-LeaderElection744: begin an election at term 69 for -1: [88be3607-7667-471c-9070-7dfd13eb5ac8:192.168.69.71:32925, 9c2d914d-67b1-4af9-8080-4d6ee007b506:192.168.69.71:35462, 61d0b7dc-5f8b-422f-8693-c58167224d24:192.168.69.71:43479], old=null
2019-10-19 01:14:30,562 [grpc-default-executor-10] INFO  impl.RaftServerImpl (RaftServerImpl.java:setRole(184)) - 61d0b7dc-5f8b-422f-8693-c58167224d24@group-20FCFA0487C4: changes role from  FOLLOWER to FOLLOWER at term 69 for recognizeCandidate:9c2d914d-67b1-4af9-8080-4d6ee007b506
2019-10-19 01:14:30,562 [grpc-default-executor-3] INFO  impl.RaftServerImpl (RaftServerImpl.java:setRole(184)) - 88be3607-7667-471c-9070-7dfd13eb5ac8@group-20FCFA0487C4: changes role from  FOLLOWER to FOLLOWER at term 69 for recognizeCandidate:9c2d914d-67b1-4af9-8080-4d6ee007b506
2019-10-19 01:14:30,562 [grpc-default-executor-10] INFO  impl.RoleInfo (RoleInfo.java:shutdownFollowerState(121)) - 61d0b7dc-5f8b-422f-8693-c58167224d24: shutdown FollowerState
2019-10-19 01:14:30,562 [grpc-default-executor-3] INFO  impl.RoleInfo (RoleInfo.java:shutdownFollowerState(121)) - 88be3607-7667-471c-9070-7dfd13eb5ac8: shutdown FollowerState
2019-10-19 01:14:30,562 [grpc-default-executor-10] INFO  impl.RoleInfo (RoleInfo.java:updateAndGet(143)) - 61d0b7dc-5f8b-422f-8693-c58167224d24: start FollowerState
2019-10-19 01:14:30,563 [Thread-7158] INFO  impl.FollowerState (FollowerState.java:run(117)) - 88be3607-7667-471c-9070-7dfd13eb5ac8@group-20FCFA0487C4-FollowerState was interrupted: java.lang.InterruptedException: sleep interrupted
2019-10-19 01:14:30,563 [grpc-default-executor-3] INFO  impl.RoleInfo (RoleInfo.java:updateAndGet(143)) - 88be3607-7667-471c-9070-7dfd13eb5ac8: start FollowerState
2019-10-19 01:14:30,563 [Thread-7160] INFO  impl.FollowerState (FollowerState.java:run(117)) - 61d0b7dc-5f8b-422f-8693-c58167224d24@group-20FCFA0487C4-FollowerState was interrupted: java.lang.InterruptedException: sleep interrupted
2019-10-19 01:14:30,577 [9c2d914d-67b1-4af9-8080-4d6ee007b506@group-20FCFA0487C4-LeaderElection744] INFO  impl.LeaderElection (LeaderElection.java:logAndReturn(56)) - 9c2d914d-67b1-4af9-8080-4d6ee007b506@group-20FCFA0487C4-LeaderElection744: Election REJECTED; received 2 response(s) [9c2d914d-67b1-4af9-8080-4d6ee007b506<-88be3607-7667-471c-9070-7dfd13eb5ac8#0:FAIL-t69, 9c2d914d-67b1-4af9-8080-4d6ee007b506<-61d0b7dc-5f8b-422f-8693-c58167224d24#0:FAIL-t69] and 0 exception(s); 9c2d914d-67b1-4af9-8080-4d6ee007b506@group-20FCFA0487C4:t69, leader=null, voted=9c2d914d-67b1-4af9-8080-4d6ee007b506, raftlog=9c2d914d-67b1-4af9-8080-4d6ee007b506@group-20FCFA0487C4-SegmentedRaftLog:OPENED:c-1,f-1,i0, conf=-1: [88be3607-7667-471c-9070-7dfd13eb5ac8:192.168.69.71:32925, 9c2d914d-67b1-4af9-8080-4d6ee007b506:192.168.69.71:35462, 61d0b7dc-5f8b-422f-8693-c58167224d24:192.168.69.71:43479], old=null
2019-10-19 01:14:30,577 [9c2d914d-67b1-4af9-8080-4d6ee007b506@group-20FCFA0487C4-LeaderElection744] INFO  impl.RaftServerImpl (RaftServerImpl.java:setRole(184)) - 9c2d914d-67b1-4af9-8080-4d6ee007b506@group-20FCFA0487C4: changes role from CANDIDATE to FOLLOWER at term 69 for DISCOVERED_A_NEW_TERM
2019-10-19 01:14:30,578 [9c2d914d-67b1-4af9-8080-4d6ee007b506@group-20FCFA0487C4-LeaderElection744] INFO  impl.RoleInfo (RoleInfo.java:shutdownLeaderElection(134)) - 9c2d914d-67b1-4af9-8080-4d6ee007b506: shutdown LeaderElection
2019-10-19 01:14:30,578 [9c2d914d-67b1-4af9-8080-4d6ee007b506@group-20FCFA0487C4-LeaderElection744] INFO  impl.RoleInfo (RoleInfo.java:updateAndGet(143)) - 9c2d914d-67b1-4af9-8080-4d6ee007b506: start FollowerState
2019-10-19 01:14:30,630 [Thread-7159] INFO  impl.FollowerState (FollowerState.java:run(108)) - f143d5cf-4038-4fa8-8601-f5a45f16ca3e@group-A3037D40E172-FollowerState: change to CANDIDATE, lastRpcTime:143ms, electionTimeout:143ms
2019-10-19 01:14:30,630 [Thread-7159] INFO  impl.RoleInfo (RoleInfo.java:shutdownFollowerState(121)) - f143d5cf-4038-4fa8-8601-f5a45f16ca3e: shutdown FollowerState
2019-10-19 01:14:30,631 [Thread-7159] INFO  impl.RaftServerImpl (RaftServerImpl.java:setRole(184)) - f143d5cf-4038-4fa8-8601-f5a45f16ca3e@group-A3037D40E172: changes role from  FOLLOWER to CANDIDATE at term 67 for changeToCandidate
2019-10-19 01:14:30,631 [Thread-7159] INFO  impl.RoleInfo (RoleInfo.java:updateAndGet(143)) - f143d5cf-4038-4fa8-8601-f5a45f16ca3e: start LeaderElection
2019-10-19 01:14:30,643 [f143d5cf-4038-4fa8-8601-f5a45f16ca3e@group-A3037D40E172-LeaderElection745] INFO  impl.LeaderElection (LeaderElection.java:askForVotes(178)) - f143d5cf-4038-4fa8-8601-f5a45f16ca3e@group-A3037D40E172-LeaderElection745: begin an election at term 68 for -1: [f143d5cf-4038-4fa8-8601-f5a45f16ca3e:192.168.69.71:40169, 2543ffea-c5c6-4af0-856f-eb846bad755a:192.168.69.71:45287, 61d14648-e80d-4cd8-9e7c-6deb2f21aca8:192.168.69.71:42247], old=null
2019-10-19 01:14:30,645 [grpc-default-executor-10] INFO  impl.RaftServerImpl (RaftServerImpl.java:setRole(184)) - 61d14648-e80d-4cd8-9e7c-6deb2f21aca8@group-A3037D40E172: changes role from  FOLLOWER to FOLLOWER at term 68 for recognizeCandidate:f143d5cf-4038-4fa8-8601-f5a45f16ca3e
2019-10-19 01:14:30,645 [grpc-default-executor-10] INFO  impl.RoleInfo (RoleInfo.java:shutdownFollowerState(121)) - 61d14648-e80d-4cd8-9e7c-6deb2f21aca8: shutdown FollowerState
2019-10-19 01:14:30,645 [grpc-default-executor-3] INFO  impl.RaftServerImpl (RaftServerImpl.java:setRole(184)) - 2543ffea-c5c6-4af0-856f-eb846bad755a@group-A3037D40E172: changes role from  FOLLOWER to FOLLOWER at term 68 for recognizeCandidate:f143d5cf-4038-4fa8-8601-f5a45f16ca3e
2019-10-19 01:14:30,645 [Thread-7153] INFO  impl.FollowerState (FollowerState.java:run(117)) - 61d14648-e80d-4cd8-9e7c-6deb2f21aca8@group-A3037D40E172-FollowerState was interrupted: java.lang.InterruptedException: sleep interrupted
2019-10-19 01:14:30,645 [grpc-default-executor-10] INFO  impl.RoleInfo (RoleInfo.java:updateAndGet(143)) - 61d14648-e80d-4cd8-9e7c-6deb2f21aca8: start FollowerState
2019-10-19 01:14:30,645 [grpc-default-executor-3] INFO  impl.RoleInfo (RoleInfo.java:shutdownFollowerState(121)) - 2543ffea-c5c6-4af0-856f-eb846bad755a: shutdown FollowerState
2019-10-19 01:14:30,645 [grpc-default-executor-3] INFO  impl.RoleInfo (RoleInfo.java:updateAndGet(143)) - 2543ffea-c5c6-4af0-856f-eb846bad755a: start FollowerState
2019-10-19 01:14:30,645 [Thread-7154] INFO  impl.FollowerState (FollowerState.java:run(117)) - 2543ffea-c5c6-4af0-856f-eb846bad755a@group-A3037D40E172-FollowerState was interrupted: java.lang.InterruptedException: sleep interrupted
2019-10-19 01:14:30,660 [f143d5cf-4038-4fa8-8601-f5a45f16ca3e@group-A3037D40E172-LeaderElection745] INFO  impl.LeaderElection (LeaderElection.java:logAndReturn(56)) - f143d5cf-4038-4fa8-8601-f5a45f16ca3e@group-A3037D40E172-LeaderElection745: Election REJECTED; received 2 response(s) [f143d5cf-4038-4fa8-8601-f5a45f16ca3e<-2543ffea-c5c6-4af0-856f-eb846bad755a#0:FAIL-t68, f143d5cf-4038-4fa8-8601-f5a45f16ca3e<-61d14648-e80d-4cd8-9e7c-6deb2f21aca8#0:FAIL-t68] and 0 exception(s); f143d5cf-4038-4fa8-8601-f5a45f16ca3e@group-A3037D40E172:t68, leader=null, voted=f143d5cf-4038-4fa8-8601-f5a45f16ca3e, raftlog=f143d5cf-4038-4fa8-8601-f5a45f16ca3e@group-A3037D40E172-SegmentedRaftLog:OPENED:c-1,f-1,i0, conf=-1: [f143d5cf-4038-4fa8-8601-f5a45f16ca3e:192.168.69.71:40169, 2543ffea-c5c6-4af0-856f-eb846bad755a:192.168.69.71:45287, 61d14648-e80d-4cd8-9e7c-6deb2f21aca8:192.168.69.71:42247], old=null
2019-10-19 01:14:30,660 [f143d5cf-4038-4fa8-8601-f5a45f16ca3e@group-A3037D40E172-LeaderElection745] INFO  impl.RaftServerImpl (RaftServerImpl.java:setRole(184)) - f143d5cf-4038-4fa8-8601-f5a45f16ca3e@group-A3037D40E172: changes role from CANDIDATE to FOLLOWER at term 68 for DISCOVERED_A_NEW_TERM
2019-10-19 01:14:30,660 [f143d5cf-4038-4fa8-8601-f5a45f16ca3e@group-A3037D40E172-LeaderElection745] INFO  impl.RoleInfo (RoleInfo.java:shutdownLeaderElection(134)) - f143d5cf-4038-4fa8-8601-f5a45f16ca3e: shutdown LeaderElection
2019-10-19 01:14:30,660 [f143d5cf-4038-4fa8-8601-f5a45f16ca3e@group-A3037D40E172-LeaderElection745] INFO  impl.RoleInfo (RoleInfo.java:updateAndGet(143)) - f143d5cf-4038-4fa8-8601-f5a45f16ca3e: start FollowerState
2019-10-19 01:14:30,689 [Thread-7175] INFO  impl.FollowerState (FollowerState.java:run(108)) - f143d5cf-4038-4fa8-8601-f5a45f16ca3e@group-A3037D40E172-FollowerState: change to CANDIDATE, lastRpcTime:29ms, electionTimeout:29ms
2019-10-19 01:14:30,689 [Thread-7175] INFO  impl.RoleInfo (RoleInfo.java:shutdownFollowerState(121)) - f143d5cf-4038-4fa8-8601-f5a45f16ca3e: shutdown FollowerState
2019-10-19 01:14:30,690 [Thread-7175] INFO  impl.RaftServerImpl (RaftServerImpl.java:setRole(184)) - f143d5cf-4038-4fa8-8601-f5a45f16ca3e@group-A3037D40E172: changes role from  FOLLOWER to CANDIDATE at term 68 for changeToCandidate
2019-10-19 01:14:30,690 [Thread-7175] INFO  impl.RoleInfo (RoleInfo.java:updateAndGet(143)) - f143d5cf-4038-4fa8-8601-f5a45f16ca3e: start LeaderElection
2019-10-19 01:14:30,703 [f143d5cf-4038-4fa8-8601-f5a45f16ca3e@group-A3037D40E172-LeaderElection746] INFO  impl.LeaderElection (LeaderElection.java:askForVotes(178)) - f143d5cf-4038-4fa8-8601-f5a45f16ca3e@group-A3037D40E172-LeaderElection746: begin an election at term 69 for -1: [f143d5cf-4038-4fa8-8601-f5a45f16ca3e:192.168.69.71:40169, 2543ffea-c5c6-4af0-856f-eb846bad755a:192.168.69.71:45287, 61d14648-e80d-4cd8-9e7c-6deb2f21aca8:192.168.69.71:42247], old=null
2019-10-19 01:14:30,704 [grpc-default-executor-10] INFO  impl.RaftServerImpl (RaftServerImpl.java:setRole(184)) - 2543ffea-c5c6-4af0-856f-eb846bad755a@group-A3037D40E172: changes role from  FOLLOWER to FOLLOWER at term 69 for recognizeCandidate:f143d5cf-4038-4fa8-8601-f5a45f16ca3e
2019-10-19 01:14:30,704 [grpc-default-executor-10] INFO  impl.RoleInfo (RoleInfo.java:shutdownFollowerState(121)) - 2543ffea-c5c6-4af0-856f-eb846bad755a: shutdown FollowerState
2019-10-19 01:14:30,704 [grpc-default-executor-3] INFO  impl.RaftServerImpl (RaftServerImpl.java:setRole(184)) - 61d14648-e80d-4cd8-9e7c-6deb2f21aca8@group-A3037D40E172: changes role from  FOLLOWER to FOLLOWER at term 69 for recognizeCandidate:f143d5cf-4038-4fa8-8601-f5a45f16ca3e
2019-10-19 01:14:30,705 [grpc-default-executor-3] INFO  impl.RoleInfo (RoleInfo.java:shutdownFollowerState(121)) - 61d14648-e80d-4cd8-9e7c-6deb2f21aca8: shutdown FollowerState
2019-10-19 01:14:30,704 [Thread-7174] INFO  impl.FollowerState (FollowerState.java:run(117)) - 2543ffea-c5c6-4af0-856f-eb846bad755a@group-A3037D40E172-FollowerState was interrupted: java.lang.InterruptedException: sleep interrupted
2019-10-19 01:14:30,704 [grpc-default-executor-10] INFO  impl.RoleInfo (RoleInfo.java:updateAndGet(143)) - 2543ffea-c5c6-4af0-856f-eb846bad755a: start FollowerState
2019-10-19 01:14:30,705 [Thread-7173] INFO  impl.FollowerState (FollowerState.java:run(117)) - 61d14648-e80d-4cd8-9e7c-6deb2f21aca8@group-A3037D40E172-FollowerState was interrupted: java.lang.InterruptedException: sleep interrupted
2019-10-19 01:14:30,705 [grpc-default-executor-3] INFO  impl.RoleInfo (RoleInfo.java:updateAndGet(143)) - 61d14648-e80d-4cd8-9e7c-6deb2f21aca8: start FollowerState
2019-10-19 01:14:30,719 [f143d5cf-4038-4fa8-8601-f5a45f16ca3e@group-A3037D40E172-LeaderElection746] INFO  impl.LeaderElection (LeaderElection.java:logAndReturn(56)) - f143d5cf-4038-4fa8-8601-f5a45f16ca3e@group-A3037D40E172-LeaderElection746: Election REJECTED; received 2 response(s) [f143d5cf-4038-4fa8-8601-f5a45f16ca3e<-2543ffea-c5c6-4af0-856f-eb846bad755a#0:FAIL-t69, f143d5cf-4038-4fa8-8601-f5a45f16ca3e<-61d14648-e80d-4cd8-9e7c-6deb2f21aca8#0:FAIL-t69] and 0 exception(s); f143d5cf-4038-4fa8-8601-f5a45f16ca3e@group-A3037D40E172:t69, leader=null, voted=f143d5cf-4038-4fa8-8601-f5a45f16ca3e, raftlog=f143d5cf-4038-4fa8-8601-f5a45f16ca3e@group-A3037D40E172-SegmentedRaftLog:OPENED:c-1,f-1,i0, conf=-1: [f143d5cf-4038-4fa8-8601-f5a45f16ca3e:192.168.69.71:40169, 2543ffea-c5c6-4af0-856f-eb846bad755a:192.168.69.71:45287, 61d14648-e80d-4cd8-9e7c-6deb2f21aca8:192.168.69.71:42247], old=null
2019-10-19 01:14:30,719 [f143d5cf-4038-4fa8-8601-f5a45f16ca3e@group-A3037D40E172-LeaderElection746] INFO  impl.RaftServerImpl (RaftServerImpl.java:setRole(184)) - f143d5cf-4038-4fa8-8601-f5a45f16ca3e@group-A3037D40E172: changes role from CANDIDATE to FOLLOWER at term 69 for DISCOVERED_A_NEW_TERM
2019-10-19 01:14:30,719 [f143d5cf-4038-4fa8-8601-f5a45f16ca3e@group-A3037D40E172-LeaderElection746] INFO  impl.RoleInfo (RoleInfo.java:shutdownLeaderElection(134)) - f143d5cf-4038-4fa8-8601-f5a45f16ca3e: shutdown LeaderElection
2019-10-19 01:14:30,719 [f143d5cf-4038-4fa8-8601-f5a45f16ca3e@group-A3037D40E172-LeaderElection746] INFO  impl.RoleInfo (RoleInfo.java:updateAndGet(143)) - f143d5cf-4038-4fa8-8601-f5a45f16ca3e: start FollowerState
2019-10-19 01:14:30,738 [Thread-7181] INFO  impl.FollowerState (FollowerState.java:run(108)) - f143d5cf-4038-4fa8-8601-f5a45f16ca3e@group-A3037D40E172-FollowerState: change to CANDIDATE, lastRpcTime:19ms, electionTimeout:19ms
2019-10-19 01:14:30,738 [Thread-7181] INFO  impl.RoleInfo (RoleInfo.java:shutdownFollowerState(121)) - f143d5cf-4038-4fa8-8601-f5a45f16ca3e: shutdown FollowerState
2019-10-19 01:14:30,738 [Thread-7181] INFO  impl.RaftServerImpl (RaftServerImpl.java:setRole(184)) - f143d5cf-4038-4fa8-8601-f5a45f16ca3e@group-A3037D40E172: changes role from  FOLLOWER to CANDIDATE at term 69 for changeToCandidate
2019-10-19 01:14:30,738 [Thread-7181] INFO  impl.RoleInfo (RoleInfo.java:updateAndGet(143)) - f143d5cf-4038-4fa8-8601-f5a45f16ca3e: start LeaderElection
2019-10-19 01:14:30,751 [f143d5cf-4038-4fa8-8601-f5a45f16ca3e@group-A3037D40E172-LeaderElection747] INFO  impl.LeaderElection (LeaderElection.java:askForVotes(178)) - f143d5cf-4038-4fa8-8601-f5a45f16ca3e@group-A3037D40E172-LeaderElection747: begin an election at term 70 for -1: [f143d5cf-4038-4fa8-8601-f5a45f16ca3e:192.168.69.71:40169, 2543ffea-c5c6-4af0-856f-eb846bad755a:192.168.69.71:45287, 61d14648-e80d-4cd8-9e7c-6deb2f21aca8:192.168.69.71:42247], old=null
2019-10-19 01:14:30,752 [grpc-default-executor-10] INFO  impl.RaftServerImpl (RaftServerImpl.java:setRole(184)) - 2543ffea-c5c6-4af0-856f-eb846bad755a@group-A3037D40E172: changes role from  FOLLOWER to FOLLOWER at term 70 for recognizeCandidate:f143d5cf-4038-4fa8-8601-f5a45f16ca3e
2019-10-19 01:14:30,753 [grpc-default-executor-3] INFO  impl.RaftServerImpl (RaftServerImpl.java:setRole(184)) - 61d14648-e80d-4cd8-9e7c-6deb2f21aca8@group-A3037D40E172: changes role from  FOLLOWER to FOLLOWER at term 70 for recognizeCandidate:f143d5cf-4038-4fa8-8601-f5a45f16ca3e
2019-10-19 01:14:30,753 [grpc-default-executor-3] INFO  impl.RoleInfo (RoleInfo.java:shutdownFollowerState(121)) - 61d14648-e80d-4cd8-9e7c-6deb2f21aca8: shutdown FollowerState
2019-10-19 01:14:30,753 [grpc-default-executor-10] INFO  impl.RoleInfo (RoleInfo.java:shutdownFollowerState(121)) - 2543ffea-c5c6-4af0-856f-eb846bad755a: shutdown FollowerState
2019-10-19 01:14:30,753 [grpc-default-executor-10] INFO  impl.RoleInfo (RoleInfo.java:updateAndGet(143)) - 2543ffea-c5c6-4af0-856f-eb846bad755a: start FollowerState
2019-10-19 01:14:30,753 [Thread-7180] INFO  impl.FollowerState (FollowerState.java:run(117)) - 61d14648-e80d-4cd8-9e7c-6deb2f21aca8@group-A3037D40E172-FollowerState was interrupted: java.lang.InterruptedException: sleep interrupted
2019-10-19 01:14:30,753 [grpc-default-executor-3] INFO  impl.RoleInfo (RoleInfo.java:updateAndGet(143)) - 61d14648-e80d-4cd8-9e7c-6deb2f21aca8: start FollowerState
2019-10-19 01:14:30,753 [Thread-7179] INFO  impl.FollowerState (FollowerState.java:run(117)) - 2543ffea-c5c6-4af0-856f-eb846bad755a@group-A3037D40E172-FollowerState was interrupted: java.lang.InterruptedException: sleep interrupted
2019-10-19 01:14:30,768 [Thread-7167] INFO  impl.FollowerState (FollowerState.java:run(108)) - 9c2d914d-67b1-4af9-8080-4d6ee007b506@group-20FCFA0487C4-FollowerState: change to CANDIDATE, lastRpcTime:190ms, electionTimeout:190ms
2019-10-19 01:14:30,769 [Thread-7167] INFO  impl.RoleInfo (RoleInfo.java:shutdownFollowerState(121)) - 9c2d914d-67b1-4af9-8080-4d6ee007b506: shutdown FollowerState
2019-10-19 01:14:30,769 [Thread-7167] INFO  impl.RaftServerImpl (RaftServerImpl.java:setRole(184)) - 9c2d914d-67b1-4af9-8080-4d6ee007b506@group-20FCFA0487C4: changes role from  FOLLOWER to CANDIDATE at term 69 for changeToCandidate
2019-10-19 01:14:30,769 [Thread-7167] INFO  impl.RoleInfo (RoleInfo.java:updateAndGet(143)) - 9c2d914d-67b1-4af9-8080-4d6ee007b506: start LeaderElection
2019-10-19 01:14:30,772 [9c2d914d-67b1-4af9-8080-4d6ee007b506@group-20FCFA0487C4-LeaderElection748] INFO  impl.LeaderElection (LeaderElection.java:askForVotes(178)) - 9c2d914d-67b1-4af9-8080-4d6ee007b506@group-20FCFA0487C4-LeaderElection748: begin an election at term 70 for -1: [88be3607-7667-471c-9070-7dfd13eb5ac8:192.168.69.71:32925, 9c2d914d-67b1-4af9-8080-4d6ee007b506:192.168.69.71:35462, 61d0b7dc-5f8b-422f-8693-c58167224d24:192.168.69.71:43479], old=null
2019-10-19 01:14:30,772 [f143d5cf-4038-4fa8-8601-f5a45f16ca3e@group-A3037D40E172-LeaderElection747] INFO  impl.LeaderElection (LeaderElection.java:logAndReturn(56)) - f143d5cf-4038-4fa8-8601-f5a45f16ca3e@group-A3037D40E172-LeaderElection747: Election REJECTED; received 2 response(s) [f143d5cf-4038-4fa8-8601-f5a45f16ca3e<-2543ffea-c5c6-4af0-856f-eb846bad755a#0:FAIL-t70, f143d5cf-4038-4fa8-8601-f5a45f16ca3e<-61d14648-e80d-4cd8-9e7c-6deb2f21aca8#0:FAIL-t70] and 0 exception(s); f143d5cf-4038-4fa8-8601-f5a45f16ca3e@group-A3037D40E172:t70, leader=null, voted=f143d5cf-4038-4fa8-8601-f5a45f16ca3e, raftlog=f143d5cf-4038-4fa8-8601-f5a45f16ca3e@group-A3037D40E172-SegmentedRaftLog:OPENED:c-1,f-1,i0, conf=-1: [f143d5cf-4038-4fa8-8601-f5a45f16ca3e:192.168.69.71:40169, 2543ffea-c5c6-4af0-856f-eb846bad755a:192.168.69.71:45287, 61d14648-e80d-4cd8-9e7c-6deb2f21aca8:192.168.69.71:42247], old=null
2019-10-19 01:14:30,772 [f143d5cf-4038-4fa8-8601-f5a45f16ca3e@group-A3037D40E172-LeaderElection747] INFO  impl.RaftServerImpl (RaftServerImpl.java:setRole(184)) - f143d5cf-4038-4fa8-8601-f5a45f16ca3e@group-A3037D40E172: changes role from CANDIDATE to FOLLOWER at term 70 for DISCOVERED_A_NEW_TERM
2019-10-19 01:14:30,773 [f143d5cf-4038-4fa8-8601-f5a45f16ca3e@group-A3037D40E172-LeaderElection747] INFO  impl.RoleInfo (RoleInfo.java:shutdownLeaderElection(134)) - f143d5cf-4038-4fa8-8601-f5a45f16ca3e: shutdown LeaderElection
2019-10-19 01:14:30,773 [f143d5cf-4038-4fa8-8601-f5a45f16ca3e@group-A3037D40E172-LeaderElection747] INFO  impl.RoleInfo (RoleInfo.java:updateAndGet(143)) - f143d5cf-4038-4fa8-8601-f5a45f16ca3e: start FollowerState
2019-10-19 01:14:30,773 [grpc-default-executor-10] INFO  impl.RaftServerImpl (RaftServerImpl.java:setRole(184)) - 88be3607-7667-471c-9070-7dfd13eb5ac8@group-20FCFA0487C4: changes role from  FOLLOWER to FOLLOWER at term 70 for recognizeCandidate:9c2d914d-67b1-4af9-8080-4d6ee007b506
2019-10-19 01:14:30,773 [grpc-default-executor-10] INFO  impl.RoleInfo (RoleInfo.java:shutdownFollowerState(121)) - 88be3607-7667-471c-9070-7dfd13eb5ac8: shutdown FollowerState
2019-10-19 01:14:30,773 [grpc-default-executor-3] INFO  impl.RaftServerImpl (RaftServerImpl.java:setRole(184)) - 61d0b7dc-5f8b-422f-8693-c58167224d24@group-20FCFA0487C4: changes role from  FOLLOWER to FOLLOWER at term 70 for recognizeCandidate:9c2d914d-67b1-4af9-8080-4d6ee007b506
2019-10-19 01:14:30,773 [grpc-default-executor-3] INFO  impl.RoleInfo (RoleInfo.java:shutdownFollowerState(121)) - 61d0b7dc-5f8b-422f-8693-c58167224d24: shutdown FollowerState
2019-10-19 01:14:30,773 [grpc-default-executor-10] INFO  impl.RoleInfo (RoleInfo.java:updateAndGet(143)) - 88be3607-7667-471c-9070-7dfd13eb5ac8: start FollowerState
2019-10-19 01:14:30,773 [Thread-7166] INFO  impl.FollowerState (FollowerState.java:run(117)) - 88be3607-7667-471c-9070-7dfd13eb5ac8@group-20FCFA0487C4-FollowerState was interrupted: java.lang.InterruptedException: sleep interrupted
2019-10-19 01:14:30,773 [Thread-7165] INFO  impl.FollowerState (FollowerState.java:run(117)) - 61d0b7dc-5f8b-422f-8693-c58167224d24@group-20FCFA0487C4-FollowerState was interrupted: java.lang.InterruptedException: sleep interrupted
2019-10-19 01:14:30,773 [grpc-default-executor-3] INFO  impl.RoleInfo (RoleInfo.java:updateAndGet(143)) - 61d0b7dc-5f8b-422f-8693-c58167224d24: start FollowerState
2019-10-19 01:14:30,783 [9c2d914d-67b1-4af9-8080-4d6ee007b506@group-20FCFA0487C4-LeaderElection748] INFO  impl.LeaderElection (LeaderElection.java:logAndReturn(56)) - 9c2d914d-67b1-4af9-8080-4d6ee007b506@group-20FCFA0487C4-LeaderElection748: Election REJECTED; received 2 response(s) [9c2d914d-67b1-4af9-8080-4d6ee007b506<-88be3607-7667-471c-9070-7dfd13eb5ac8#0:FAIL-t70, 9c2d914d-67b1-4af9-8080-4d6ee007b506<-61d0b7dc-5f8b-422f-8693-c58167224d24#0:FAIL-t70] and 0 exception(s); 9c2d914d-67b1-4af9-8080-4d6ee007b506@group-20FCFA0487C4:t70, leader=null, voted=9c2d914d-67b1-4af9-8080-4d6ee007b506, raftlog=9c2d914d-67b1-4af9-8080-4d6ee007b506@group-20FCFA0487C4-SegmentedRaftLog:OPENED:c-1,f-1,i0, conf=-1: [88be3607-7667-471c-9070-7dfd13eb5ac8:192.168.69.71:32925, 9c2d914d-67b1-4af9-8080-4d6ee007b506:192.168.69.71:35462, 61d0b7dc-5f8b-422f-8693-c58167224d24:192.168.69.71:43479], old=null
2019-10-19 01:14:30,783 [9c2d914d-67b1-4af9-8080-4d6ee007b506@group-20FCFA0487C4-LeaderElection748] INFO  impl.RaftServerImpl (RaftServerImpl.java:setRole(184)) - 9c2d914d-67b1-4af9-8080-4d6ee007b506@group-20FCFA0487C4: changes role from CANDIDATE to FOLLOWER at term 70 for DISCOVERED_A_NEW_TERM
2019-10-19 01:14:30,783 [9c2d914d-67b1-4af9-8080-4d6ee007b506@group-20FCFA0487C4-LeaderElection748] INFO  impl.RoleInfo (RoleInfo.java:shutdownLeaderElection(134)) - 9c2d914d-67b1-4af9-8080-4d6ee007b506: shutdown LeaderElection
2019-10-19 01:14:30,783 [9c2d914d-67b1-4af9-8080-4d6ee007b506@group-20FCFA0487C4-LeaderElection748] INFO  impl.RoleInfo (RoleInfo.java:updateAndGet(143)) - 9c2d914d-67b1-4af9-8080-4d6ee007b506: start FollowerState
2019-10-19 01:14:30,843 [Thread-7193] INFO  impl.FollowerState (FollowerState.java:run(108)) - 9c2d914d-67b1-4af9-8080-4d6ee007b506@group-20FCFA0487C4-FollowerState: change to CANDIDATE, lastRpcTime:59ms, electionTimeout:59ms
2019-10-19 01:14:30,843 [Thread-7193] INFO  impl.RoleInfo (RoleInfo.java:shutdownFollowerState(121)) - 9c2d914d-67b1-4af9-8080-4d6ee007b506: shutdown FollowerState
2019-10-19 01:14:30,843 [Thread-7193] INFO  impl.RaftServerImpl (RaftServerImpl.java:setRole(184)) - 9c2d914d-67b1-4af9-8080-4d6ee007b506@group-20FCFA0487C4: changes role from  FOLLOWER to CANDIDATE at term 70 for changeToCandidate
2019-10-19 01:14:30,843 [Thread-7193] INFO  impl.RoleInfo (RoleInfo.java:updateAndGet(143)) - 9c2d914d-67b1-4af9-8080-4d6ee007b506: start LeaderElection
2019-10-19 01:14:30,856 [9c2d914d-67b1-4af9-8080-4d6ee007b506@group-20FCFA0487C4-LeaderElection749] INFO  impl.LeaderElection (LeaderElection.java:askForVotes(178)) - 9c2d914d-67b1-4af9-8080-4d6ee007b506@group-20FCFA0487C4-LeaderElection749: begin an election at term 71 for -1: [88be3607-7667-471c-9070-7dfd13eb5ac8:192.168.69.71:32925, 9c2d914d-67b1-4af9-8080-4d6ee007b506:192.168.69.71:35462, 61d0b7dc-5f8b-422f-8693-c58167224d24:192.168.69.71:43479], old=null
2019-10-19 01:14:30,857 [grpc-default-executor-3] INFO  impl.RaftServerImpl (RaftServerImpl.java:setRole(184)) - 88be3607-7667-471c-9070-7dfd13eb5ac8@group-20FCFA0487C4: changes role from  FOLLOWER to FOLLOWER at term 71 for recognizeCandidate:9c2d914d-67b1-4af9-8080-4d6ee007b506
2019-10-19 01:14:30,857 [grpc-default-executor-3] INFO  impl.RoleInfo (RoleInfo.java:shutdownFollowerState(121)) - 88be3607-7667-471c-9070-7dfd13eb5ac8: shutdown FollowerState
2019-10-19 01:14:30,857 [grpc-default-executor-3] INFO  impl.RoleInfo (RoleInfo.java:updateAndGet(143)) - 88be3607-7667-471c-9070-7dfd13eb5ac8: start FollowerState
2019-10-19 01:14:30,857 [grpc-default-executor-10] INFO  impl.RaftServerImpl (RaftServerImpl.java:setRole(184)) - 61d0b7dc-5f8b-422f-8693-c58167224d24@group-20FCFA0487C4: changes role from  FOLLOWER to FOLLOWER at term 71 for recognizeCandidate:9c2d914d-67b1-4af9-8080-4d6ee007b506
2019-10-19 01:14:30,857 [grpc-default-executor-10] INFO  impl.RoleInfo (RoleInfo.java:shutdownFollowerState(121)) - 61d0b7dc-5f8b-422f-8693-c58167224d24: shutdown FollowerState
2019-10-19 01:14:30,857 [Thread-7191] INFO  impl.FollowerState (FollowerState.java:run(117)) - 88be3607-7667-471c-9070-7dfd13eb5ac8@group-20FCFA0487C4-FollowerState was interrupted: java.lang.InterruptedException: sleep interrupted
2019-10-19 01:14:30,857 [Thread-7192] INFO  impl.FollowerState (FollowerState.java:run(117)) - 61d0b7dc-5f8b-422f-8693-c58167224d24@group-20FCFA0487C4-FollowerState was interrupted: java.lang.InterruptedException: sleep interrupted
2019-10-19 01:14:30,857 [grpc-default-executor-10] INFO  impl.RoleInfo (RoleInfo.java:updateAndGet(143)) - 61d0b7dc-5f8b-422f-8693-c58167224d24: start FollowerState
2019-10-19 01:14:30,871 [9c2d914d-67b1-4af9-8080-4d6ee007b506@group-20FCFA0487C4-LeaderElection749] INFO  impl.LeaderElection (LeaderElection.java:logAndReturn(56)) - 9c2d914d-67b1-4af9-8080-4d6ee007b506@group-20FCFA0487C4-LeaderElection749: Election REJECTED; received 2 response(s) [9c2d914d-67b1-4af9-8080-4d6ee007b506<-88be3607-7667-471c-9070-7dfd13eb5ac8#0:FAIL-t71, 9c2d914d-67b1-4af9-8080-4d6ee007b506<-61d0b7dc-5f8b-422f-8693-c58167224d24#0:FAIL-t71] and 0 exception(s); 9c2d914d-67b1-4af9-8080-4d6ee007b506@group-20FCFA0487C4:t71, leader=null, voted=9c2d914d-67b1-4af9-8080-4d6ee007b506, raftlog=9c2d914d-67b1-4af9-8080-4d6ee007b506@group-20FCFA0487C4-SegmentedRaftLog:OPENED:c-1,f-1,i0, conf=-1: [88be3607-7667-471c-9070-7dfd13eb5ac8:192.168.69.71:32925, 9c2d914d-67b1-4af9-8080-4d6ee007b506:192.168.69.71:35462, 61d0b7dc-5f8b-422f-8693-c58167224d24:192.168.69.71:43479], old=null
2019-10-19 01:14:30,871 [9c2d914d-67b1-4af9-8080-4d6ee007b506@group-20FCFA0487C4-LeaderElection749] INFO  impl.RaftServerImpl (RaftServerImpl.java:setRole(184)) - 9c2d914d-67b1-4af9-8080-4d6ee007b506@group-20FCFA0487C4: changes role from CANDIDATE to FOLLOWER at term 71 for DISCOVERED_A_NEW_TERM
2019-10-19 01:14:30,871 [9c2d914d-67b1-4af9-8080-4d6ee007b506@group-20FCFA0487C4-LeaderElection749] INFO  impl.RoleInfo (RoleInfo.java:shutdownLeaderElection(134)) - 9c2d914d-67b1-4af9-8080-4d6ee007b506: shutdown LeaderElection
2019-10-19 01:14:30,871 [9c2d914d-67b1-4af9-8080-4d6ee007b506@group-20FCFA0487C4-LeaderElection749] INFO  impl.RoleInfo (RoleInfo.java:updateAndGet(143)) - 9c2d914d-67b1-4af9-8080-4d6ee007b506: start FollowerState
2019-10-19 01:14:30,893 [Thread-7190] INFO  impl.FollowerState (FollowerState.java:run(108)) - f143d5cf-4038-4fa8-8601-f5a45f16ca3e@group-A3037D40E172-FollowerState: change to CANDIDATE, lastRpcTime:120ms, electionTimeout:120ms
2019-10-19 01:14:30,893 [Thread-7190] INFO  impl.RoleInfo (RoleInfo.java:shutdownFollowerState(121)) - f143d5cf-4038-4fa8-8601-f5a45f16ca3e: shutdown FollowerState
2019-10-19 01:14:30,893 [Thread-7190] INFO  impl.RaftServerImpl (RaftServerImpl.java:setRole(184)) - f143d5cf-4038-4fa8-8601-f5a45f16ca3e@group-A3037D40E172: changes role from  FOLLOWER to CANDIDATE at term 70 for changeToCandidate
2019-10-19 01:14:30,893 [Thread-7190] INFO  impl.RoleInfo (RoleInfo.java:updateAndGet(143)) - f143d5cf-4038-4fa8-8601-f5a45f16ca3e: start LeaderElection
2019-10-19 01:14:30,906 [f143d5cf-4038-4fa8-8601-f5a45f16ca3e@group-A3037D40E172-LeaderElection750] INFO  impl.LeaderElection (LeaderElection.java:askForVotes(178)) - f143d5cf-4038-4fa8-8601-f5a45f16ca3e@group-A3037D40E172-LeaderElection750: begin an election at term 71 for -1: [f143d5cf-4038-4fa8-8601-f5a45f16ca3e:192.168.69.71:40169, 2543ffea-c5c6-4af0-856f-eb846bad755a:192.168.69.71:45287, 61d14648-e80d-4cd8-9e7c-6deb2f21aca8:192.168.69.71:42247], old=null
2019-10-19 01:14:30,907 [grpc-default-executor-3] INFO  impl.RaftServerImpl (RaftServerImpl.java:setRole(184)) - 61d14648-e80d-4cd8-9e7c-6deb2f21aca8@group-A3037D40E172: changes role from  FOLLOWER to FOLLOWER at term 71 for recognizeCandidate:f143d5cf-4038-4fa8-8601-f5a45f16ca3e
2019-10-19 01:14:30,907 [grpc-default-executor-3] INFO  impl.RoleInfo (RoleInfo.java:shutdownFollowerState(121)) - 61d14648-e80d-4cd8-9e7c-6deb2f21aca8: shutdown FollowerState
2019-10-19 01:14:30,907 [grpc-default-executor-10] INFO  impl.RaftServerImpl (RaftServerImpl.java:setRole(184)) - 2543ffea-c5c6-4af0-856f-eb846bad755a@group-A3037D40E172: changes role from  FOLLOWER to FOLLOWER at term 71 for recognizeCandidate:f143d5cf-4038-4fa8-8601-f5a45f16ca3e
2019-10-19 01:14:30,908 [grpc-default-executor-10] INFO  impl.RoleInfo (RoleInfo.java:shutdownFollowerState(121)) - 2543ffea-c5c6-4af0-856f-eb846bad755a: shutdown FollowerState
2019-10-19 01:14:30,908 [grpc-default-executor-10] INFO  impl.RoleInfo (RoleInfo.java:updateAndGet(143)) - 2543ffea-c5c6-4af0-856f-eb846bad755a: start FollowerState
2019-10-19 01:14:30,908 [Thread-7185] INFO  impl.FollowerState (FollowerState.java:run(117)) - 61d14648-e80d-4cd8-9e7c-6deb2f21aca8@group-A3037D40E172-FollowerState was interrupted: java.lang.InterruptedException: sleep interrupted
2019-10-19 01:14:30,908 [grpc-default-executor-3] INFO  impl.RoleInfo (RoleInfo.java:updateAndGet(143)) - 61d14648-e80d-4cd8-9e7c-6deb2f21aca8: start FollowerState
2019-10-19 01:14:30,908 [Thread-7186] INFO  impl.FollowerState (FollowerState.java:run(117)) - 2543ffea-c5c6-4af0-856f-eb846bad755a@group-A3037D40E172-FollowerState was interrupted: java.lang.InterruptedException: sleep interrupted
2019-10-19 01:14:30,921 [f143d5cf-4038-4fa8-8601-f5a45f16ca3e@group-A3037D40E172-LeaderElection750] INFO  impl.LeaderElection (LeaderElection.java:logAndReturn(56)) - f143d5cf-4038-4fa8-8601-f5a45f16ca3e@group-A3037D40E172-LeaderElection750: Election REJECTED; received 2 response(s) [f143d5cf-4038-4fa8-8601-f5a45f16ca3e<-2543ffea-c5c6-4af0-856f-eb846bad755a#0:FAIL-t71, f143d5cf-4038-4fa8-8601-f5a45f16ca3e<-61d14648-e80d-4cd8-9e7c-6deb2f21aca8#0:FAIL-t71] and 0 exception(s); f143d5cf-4038-4fa8-8601-f5a45f16ca3e@group-A3037D40E172:t71, leader=null, voted=f143d5cf-4038-4fa8-8601-f5a45f16ca3e, raftlog=f143d5cf-4038-4fa8-8601-f5a45f16ca3e@group-A3037D40E172-SegmentedRaftLog:OPENED:c-1,f-1,i0, conf=-1: [f143d5cf-4038-4fa8-8601-f5a45f16ca3e:192.168.69.71:40169, 2543ffea-c5c6-4af0-856f-eb846bad755a:192.168.69.71:45287, 61d14648-e80d-4cd8-9e7c-6deb2f21aca8:192.168.69.71:42247], old=null
2019-10-19 01:14:30,922 [f143d5cf-4038-4fa8-8601-f5a45f16ca3e@group-A3037D40E172-LeaderElection750] INFO  impl.RaftServerImpl (RaftServerImpl.java:setRole(184)) - f143d5cf-4038-4fa8-8601-f5a45f16ca3e@group-A3037D40E172: changes role from CANDIDATE to FOLLOWER at term 71 for DISCOVERED_A_NEW_TERM
2019-10-19 01:14:30,922 [f143d5cf-4038-4fa8-8601-f5a45f16ca3e@group-A3037D40E172-LeaderElection750] INFO  impl.RoleInfo (RoleInfo.java:shutdownLeaderElection(134)) - f143d5cf-4038-4fa8-8601-f5a45f16ca3e: shutdown LeaderElection
2019-10-19 01:14:30,922 [f143d5cf-4038-4fa8-8601-f5a45f16ca3e@group-A3037D40E172-LeaderElection750] INFO  impl.RoleInfo (RoleInfo.java:updateAndGet(143)) - f143d5cf-4038-4fa8-8601-f5a45f16ca3e: start FollowerState
2019-10-19 01:14:31,043 [Thread-7201] INFO  impl.FollowerState (FollowerState.java:run(108)) - 9c2d914d-67b1-4af9-8080-4d6ee007b506@group-20FCFA0487C4-FollowerState: change to CANDIDATE, lastRpcTime:171ms, electionTimeout:171ms
2019-10-19 01:14:31,043 [Thread-7201] INFO  impl.RoleInfo (RoleInfo.java:shutdownFollowerState(121)) - 9c2d914d-67b1-4af9-8080-4d6ee007b506: shutdown FollowerState
2019-10-19 01:14:31,043 [Thread-7201] INFO  impl.RaftServerImpl (RaftServerImpl.java:setRole(184)) - 9c2d914d-67b1-4af9-8080-4d6ee007b506@group-20FCFA0487C4: changes role from  FOLLOWER to CANDIDATE at term 71 for changeToCandidate
2019-10-19 01:14:31,043 [Thread-7201] INFO  impl.RoleInfo (RoleInfo.java:updateAndGet(143)) - 9c2d914d-67b1-4af9-8080-4d6ee007b506: start LeaderElection
2019-10-19 01:14:31,050 [Thread-7207] INFO  impl.FollowerState (FollowerState.java:run(108)) - f143d5cf-4038-4fa8-8601-f5a45f16ca3e@group-A3037D40E172-FollowerState: change to CANDIDATE, lastRpcTime:128ms, electionTimeout:128ms
2019-10-19 01:14:31,050 [Thread-7207] INFO  impl.RoleInfo (RoleInfo.java:shutdownFollowerState(121)) - f143d5cf-4038-4fa8-8601-f5a45f16ca3e: shutdown FollowerState
2019-10-19 01:14:31,050 [Thread-7207] INFO  impl.RaftServerImpl (RaftServerImpl.java:setRole(184)) - f143d5cf-4038-4fa8-8601-f5a45f16ca3e@group-A3037D40E172: changes role from  FOLLOWER to CANDIDATE at term 71 for changeToCandidate
2019-10-19 01:14:31,050 [Thread-7207] INFO  impl.RoleInfo (RoleInfo.java:updateAndGet(143)) - f143d5cf-4038-4fa8-8601-f5a45f16ca3e: start LeaderElection
2019-10-19 01:14:31,087 [f143d5cf-4038-4fa8-8601-f5a45f16ca3e@group-A3037D40E172-LeaderElection752] INFO  impl.LeaderElection (LeaderElection.java:askForVotes(178)) - f143d5cf-4038-4fa8-8601-f5a45f16ca3e@group-A3037D40E172-LeaderElection752: begin an election at term 72 for -1: [f143d5cf-4038-4fa8-8601-f5a45f16ca3e:192.168.69.71:40169, 2543ffea-c5c6-4af0-856f-eb846bad755a:192.168.69.71:45287, 61d14648-e80d-4cd8-9e7c-6deb2f21aca8:192.168.69.71:42247], old=null
2019-10-19 01:14:31,087 [9c2d914d-67b1-4af9-8080-4d6ee007b506@group-20FCFA0487C4-LeaderElection751] INFO  impl.LeaderElection (LeaderElection.java:askForVotes(178)) - 9c2d914d-67b1-4af9-8080-4d6ee007b506@group-20FCFA0487C4-LeaderElection751: begin an election at term 72 for -1: [88be3607-7667-471c-9070-7dfd13eb5ac8:192.168.69.71:32925, 9c2d914d-67b1-4af9-8080-4d6ee007b506:192.168.69.71:35462, 61d0b7dc-5f8b-422f-8693-c58167224d24:192.168.69.71:43479], old=null
2019-10-19 01:14:31,089 [grpc-default-executor-3] INFO  impl.RaftServerImpl (RaftServerImpl.java:setRole(184)) - 2543ffea-c5c6-4af0-856f-eb846bad755a@group-A3037D40E172: changes role from  FOLLOWER to FOLLOWER at term 72 for recognizeCandidate:f143d5cf-4038-4fa8-8601-f5a45f16ca3e
2019-10-19 01:14:31,089 [grpc-default-executor-3] INFO  impl.RoleInfo (RoleInfo.java:shutdownFollowerState(121)) - 2543ffea-c5c6-4af0-856f-eb846bad755a: shutdown FollowerState
2019-10-19 01:14:31,089 [grpc-default-executor-3] INFO  impl.RoleInfo (RoleInfo.java:updateAndGet(143)) - 2543ffea-c5c6-4af0-856f-eb846bad755a: start FollowerState
2019-10-19 01:14:31,089 [Thread-7206] INFO  impl.FollowerState (FollowerState.java:run(117)) - 2543ffea-c5c6-4af0-856f-eb846bad755a@group-A3037D40E172-FollowerState was interrupted: java.lang.InterruptedException: sleep interrupted
2019-10-19 01:14:31,089 [grpc-default-executor-10] INFO  impl.RaftServerImpl (RaftServerImpl.java:setRole(184)) - 88be3607-7667-471c-9070-7dfd13eb5ac8@group-20FCFA0487C4: changes role from  FOLLOWER to FOLLOWER at term 72 for recognizeCandidate:9c2d914d-67b1-4af9-8080-4d6ee007b506
2019-10-19 01:14:31,090 [grpc-default-executor-10] INFO  impl.RoleInfo (RoleInfo.java:shutdownFollowerState(121)) - 88be3607-7667-471c-9070-7dfd13eb5ac8: shutdown FollowerState
2019-10-19 01:14:31,090 [grpc-default-executor-10] INFO  impl.RoleInfo (RoleInfo.java:updateAndGet(143)) - 88be3607-7667-471c-9070-7dfd13eb5ac8: start FollowerState
2019-10-19 01:14:31,090 [Thread-7199] INFO  impl.FollowerState (FollowerState.java:run(117)) - 88be3607-7667-471c-9070-7dfd13eb5ac8@group-20FCFA0487C4-FollowerState was interrupted: java.lang.InterruptedException: sleep interrupted
2019-10-19 01:14:31,090 [grpc-default-executor-9] INFO  impl.RaftServerImpl (RaftServerImpl.java:setRole(184)) - 61d0b7dc-5f8b-422f-8693-c58167224d24@group-20FCFA0487C4: changes role from  FOLLOWER to FOLLOWER at term 72 for recognizeCandidate:9c2d914d-67b1-4af9-8080-4d6ee007b506
2019-10-19 01:14:31,090 [grpc-default-executor-9] INFO  impl.RoleInfo (RoleInfo.java:shutdownFollowerState(121)) - 61d0b7dc-5f8b-422f-8693-c58167224d24: shutdown FollowerState
2019-10-19 01:14:31,090 [grpc-default-executor-5] INFO  impl.RaftServerImpl (RaftServerImpl.java:setRole(184)) - 61d14648-e80d-4cd8-9e7c-6deb2f21aca8@group-A3037D40E172: changes role from  FOLLOWER to FOLLOWER at term 72 for recognizeCandidate:f143d5cf-4038-4fa8-8601-f5a45f16ca3e
2019-10-19 01:14:31,090 [grpc-default-executor-5] INFO  impl.RoleInfo (RoleInfo.java:shutdownFollowerState(121)) - 61d14648-e80d-4cd8-9e7c-6deb2f21aca8: shutdown FollowerState
2019-10-19 01:14:31,090 [Thread-7200] INFO  impl.FollowerState (FollowerState.java:run(117)) - 61d0b7dc-5f8b-422f-8693-c58167224d24@group-20FCFA0487C4-FollowerState was interrupted: java.lang.InterruptedException: sleep interrupted
2019-10-19 01:14:31,090 [grpc-default-executor-9] INFO  impl.RoleInfo (RoleInfo.java:updateAndGet(143)) - 61d0b7dc-5f8b-422f-8693-c58167224d24: start FollowerState
2019-10-19 01:14:31,090 [grpc-default-executor-5] INFO  impl.RoleInfo (RoleInfo.java:updateAndGet(143)) - 61d14648-e80d-4cd8-9e7c-6deb2f21aca8: start FollowerState
2019-10-19 01:14:31,090 [Thread-7205] INFO  impl.FollowerState (FollowerState.java:run(117)) - 61d14648-e80d-4cd8-9e7c-6deb2f21aca8@group-A3037D40E172-FollowerState was interrupted: java.lang.InterruptedException: sleep interrupted
2019-10-19 01:14:31,104 [9c2d914d-67b1-4af9-8080-4d6ee007b506@group-20FCFA0487C4-LeaderElection751] INFO  impl.LeaderElection (LeaderElection.java:logAndReturn(56)) - 9c2d914d-67b1-4af9-8080-4d6ee007b506@group-20FCFA0487C4-LeaderElection751: Election REJECTED; received 2 response(s) [9c2d914d-67b1-4af9-8080-4d6ee007b506<-88be3607-7667-471c-9070-7dfd13eb5ac8#0:FAIL-t72, 9c2d914d-67b1-4af9-8080-4d6ee007b506<-61d0b7dc-5f8b-422f-8693-c58167224d24#0:FAIL-t72] and 0 exception(s); 9c2d914d-67b1-4af9-8080-4d6ee007b506@group-20FCFA0487C4:t72, leader=null, voted=9c2d914d-67b1-4af9-8080-4d6ee007b506, raftlog=9c2d914d-67b1-4af9-8080-4d6ee007b506@group-20FCFA0487C4-SegmentedRaftLog:OPENED:c-1,f-1,i0, conf=-1: [88be3607-7667-471c-9070-7dfd13eb5ac8:192.168.69.71:32925, 9c2d914d-67b1-4af9-8080-4d6ee007b506:192.168.69.71:35462, 61d0b7dc-5f8b-422f-8693-c58167224d24:192.168.69.71:43479], old=null
2019-10-19 01:14:31,104 [f143d5cf-4038-4fa8-8601-f5a45f16ca3e@group-A3037D40E172-LeaderElection752] INFO  impl.LeaderElection (LeaderElection.java:logAndReturn(56)) - f143d5cf-4038-4fa8-8601-f5a45f16ca3e@group-A3037D40E172-LeaderElection752: Election REJECTED; received 2 response(s) [f143d5cf-4038-4fa8-8601-f5a45f16ca3e<-2543ffea-c5c6-4af0-856f-eb846bad755a#0:FAIL-t72, f143d5cf-4038-4fa8-8601-f5a45f16ca3e<-61d14648-e80d-4cd8-9e7c-6deb2f21aca8#0:FAIL-t72] and 0 exception(s); f143d5cf-4038-4fa8-8601-f5a45f16ca3e@group-A3037D40E172:t72, leader=null, voted=f143d5cf-4038-4fa8-8601-f5a45f16ca3e, raftlog=f143d5cf-4038-4fa8-8601-f5a45f16ca3e@group-A3037D40E172-SegmentedRaftLog:OPENED:c-1,f-1,i0, conf=-1: [f143d5cf-4038-4fa8-8601-f5a45f16ca3e:192.168.69.71:40169, 2543ffea-c5c6-4af0-856f-eb846bad755a:192.168.69.71:45287, 61d14648-e80d-4cd8-9e7c-6deb2f21aca8:192.168.69.71:42247], old=null
2019-10-19 01:14:31,104 [9c2d914d-67b1-4af9-8080-4d6ee007b506@group-20FCFA0487C4-LeaderElection751] INFO  impl.RaftServerImpl (RaftServerImpl.java:setRole(184)) - 9c2d914d-67b1-4af9-8080-4d6ee007b506@group-20FCFA0487C4: changes role from CANDIDATE to FOLLOWER at term 72 for DISCOVERED_A_NEW_TERM
2019-10-19 01:14:31,104 [f143d5cf-4038-4fa8-8601-f5a45f16ca3e@group-A3037D40E172-LeaderElection752] INFO  impl.RaftServerImpl (RaftServerImpl.java:setRole(184)) - f143d5cf-4038-4fa8-8601-f5a45f16ca3e@group-A3037D40E172: changes role from CANDIDATE to FOLLOWER at term 72 for DISCOVERED_A_NEW_TERM
2019-10-19 01:14:31,104 [9c2d914d-67b1-4af9-8080-4d6ee007b506@group-20FCFA0487C4-LeaderElection751] INFO  impl.RoleInfo (RoleInfo.java:shutdownLeaderElection(134)) - 9c2d914d-67b1-4af9-8080-4d6ee007b506: shutdown LeaderElection
2019-10-19 01:14:31,104 [f143d5cf-4038-4fa8-8601-f5a45f16ca3e@group-A3037D40E172-LeaderElection752] INFO  impl.RoleInfo (RoleInfo.java:shutdownLeaderElection(134)) - f143d5cf-4038-4fa8-8601-f5a45f16ca3e: shutdown LeaderElection
2019-10-19 01:14:31,104 [9c2d914d-67b1-4af9-8080-4d6ee007b506@group-20FCFA0487C4-LeaderElection751] INFO  impl.RoleInfo (RoleInfo.java:updateAndGet(143)) - 9c2d914d-67b1-4af9-8080-4d6ee007b506: start FollowerState
2019-10-19 01:14:31,104 [f143d5cf-4038-4fa8-8601-f5a45f16ca3e@group-A3037D40E172-LeaderElection752] INFO  impl.RoleInfo (RoleInfo.java:updateAndGet(143)) - f143d5cf-4038-4fa8-8601-f5a45f16ca3e: start FollowerState
2019-10-19 01:14:31,178 [Thread-7219] INFO  impl.FollowerState (FollowerState.java:run(108)) - f143d5cf-4038-4fa8-8601-f5a45f16ca3e@group-A3037D40E172-FollowerState: change to CANDIDATE, lastRpcTime:73ms, electionTimeout:73ms
2019-10-19 01:14:31,178 [Thread-7219] INFO  impl.RoleInfo (RoleInfo.java:shutdownFollowerState(121)) - f143d5cf-4038-4fa8-8601-f5a45f16ca3e: shutdown FollowerState
2019-10-19 01:14:31,178 [Thread-7219] INFO  impl.RaftServerImpl (RaftServerImpl.java:setRole(184)) - f143d5cf-4038-4fa8-8601-f5a45f16ca3e@group-A3037D40E172: changes role from  FOLLOWER to CANDIDATE at term 72 for changeToCandidate
2019-10-19 01:14:31,178 [Thread-7219] INFO  impl.RoleInfo (RoleInfo.java:updateAndGet(143)) - f143d5cf-4038-4fa8-8601-f5a45f16ca3e: start LeaderElection
2019-10-19 01:14:31,191 [f143d5cf-4038-4fa8-8601-f5a45f16ca3e@group-A3037D40E172-LeaderElection753] INFO  impl.LeaderElection (LeaderElection.java:askForVotes(178)) - f143d5cf-4038-4fa8-8601-f5a45f16ca3e@group-A3037D40E172-LeaderElection753: begin an election at term 73 for -1: [f143d5cf-4038-4fa8-8601-f5a45f16ca3e:192.168.69.71:40169, 2543ffea-c5c6-4af0-856f-eb846bad755a:192.168.69.71:45287, 61d14648-e80d-4cd8-9e7c-6deb2f21aca8:192.168.69.71:42247], old=null
2019-10-19 01:14:31,193 [grpc-default-executor-5] INFO  impl.RaftServerImpl (RaftServerImpl.java:setRole(184)) - 2543ffea-c5c6-4af0-856f-eb846bad755a@group-A3037D40E172: changes role from  FOLLOWER to FOLLOWER at term 73 for recognizeCandidate:f143d5cf-4038-4fa8-8601-f5a45f16ca3e
2019-10-19 01:14:31,193 [grpc-default-executor-9] INFO  impl.RaftServerImpl (RaftServerImpl.java:setRole(184)) - 61d14648-e80d-4cd8-9e7c-6deb2f21aca8@group-A3037D40E172: changes role from  FOLLOWER to FOLLOWER at term 73 for recognizeCandidate:f143d5cf-4038-4fa8-8601-f5a45f16ca3e
2019-10-19 01:14:31,193 [grpc-default-executor-5] INFO  impl.RoleInfo (RoleInfo.java:shutdownFollowerState(121)) - 2543ffea-c5c6-4af0-856f-eb846bad755a: shutdown FollowerState
2019-10-19 01:14:31,193 [grpc-default-executor-9] INFO  impl.RoleInfo (RoleInfo.java:shutdownFollowerState(121)) - 61d14648-e80d-4cd8-9e7c-6deb2f21aca8: shutdown FollowerState
2019-10-19 01:14:31,193 [Thread-7214] INFO  impl.FollowerState (FollowerState.java:run(117)) - 2543ffea-c5c6-4af0-856f-eb846bad755a@group-A3037D40E172-FollowerState was interrupted: java.lang.InterruptedException: sleep interrupted
2019-10-19 01:14:31,193 [grpc-default-executor-5] INFO  impl.RoleInfo (RoleInfo.java:updateAndGet(143)) - 2543ffea-c5c6-4af0-856f-eb846bad755a: start FollowerState
2019-10-19 01:14:31,193 [Thread-7217] INFO  impl.FollowerState (FollowerState.java:run(117)) - 61d14648-e80d-4cd8-9e7c-6deb2f21aca8@group-A3037D40E172-FollowerState was interrupted: java.lang.InterruptedException: sleep interrupted
2019-10-19 01:14:31,193 [grpc-default-executor-9] INFO  impl.RoleInfo (RoleInfo.java:updateAndGet(143)) - 61d14648-e80d-4cd8-9e7c-6deb2f21aca8: start FollowerState
2019-10-19 01:14:31,210 [Thread-7218] INFO  impl.FollowerState (FollowerState.java:run(108)) - 9c2d914d-67b1-4af9-8080-4d6ee007b506@group-20FCFA0487C4-FollowerState: change to CANDIDATE, lastRpcTime:105ms, electionTimeout:105ms
2019-10-19 01:14:31,210 [Thread-7218] INFO  impl.RoleInfo (RoleInfo.java:shutdownFollowerState(121)) - 9c2d914d-67b1-4af9-8080-4d6ee007b506: shutdown FollowerState
2019-10-19 01:14:31,210 [Thread-7218] INFO  impl.RaftServerImpl (RaftServerImpl.java:setRole(184)) - 9c2d914d-67b1-4af9-8080-4d6ee007b506@group-20FCFA0487C4: changes role from  FOLLOWER to CANDIDATE at term 72 for changeToCandidate
2019-10-19 01:14:31,210 [Thread-7218] INFO  impl.RoleInfo (RoleInfo.java:updateAndGet(143)) - 9c2d914d-67b1-4af9-8080-4d6ee007b506: start LeaderElection
2019-10-19 01:14:31,215 [f143d5cf-4038-4fa8-8601-f5a45f16ca3e@group-A3037D40E172-LeaderElection753] INFO  impl.LeaderElection (LeaderElection.java:logAndReturn(56)) - f143d5cf-4038-4fa8-8601-f5a45f16ca3e@group-A3037D40E172-LeaderElection753: Election TIMEOUT; received 0 response(s) [] and 0 exception(s); f143d5cf-4038-4fa8-8601-f5a45f16ca3e@group-A3037D40E172:t73, leader=null, voted=f143d5cf-4038-4fa8-8601-f5a45f16ca3e, raftlog=f143d5cf-4038-4fa8-8601-f5a45f16ca3e@group-A3037D40E172-SegmentedRaftLog:OPENED:c-1,f-1,i0, conf=-1: [f143d5cf-4038-4fa8-8601-f5a45f16ca3e:192.168.69.71:40169, 2543ffea-c5c6-4af0-856f-eb846bad755a:192.168.69.71:45287, 61d14648-e80d-4cd8-9e7c-6deb2f21aca8:192.168.69.71:42247], old=null
2019-10-19 01:14:31,216 [9c2d914d-67b1-4af9-8080-4d6ee007b506@group-20FCFA0487C4-LeaderElection754] INFO  impl.LeaderElection (LeaderElection.java:askForVotes(178)) - 9c2d914d-67b1-4af9-8080-4d6ee007b506@group-20FCFA0487C4-LeaderElection754: begin an election at term 73 for -1: [88be3607-7667-471c-9070-7dfd13eb5ac8:192.168.69.71:32925, 9c2d914d-67b1-4af9-8080-4d6ee007b506:192.168.69.71:35462, 61d0b7dc-5f8b-422f-8693-c58167224d24:192.168.69.71:43479], old=null
2019-10-19 01:14:31,218 [grpc-default-executor-5] INFO  impl.RaftServerImpl (RaftServerImpl.java:setRole(184)) - 88be3607-7667-471c-9070-7dfd13eb5ac8@group-20FCFA0487C4: changes role from  FOLLOWER to FOLLOWER at term 73 for recognizeCandidate:9c2d914d-67b1-4af9-8080-4d6ee007b506
2019-10-19 01:14:31,218 [grpc-default-executor-9] INFO  impl.RaftServerImpl (RaftServerImpl.java:setRole(184)) - 61d0b7dc-5f8b-422f-8693-c58167224d24@group-20FCFA0487C4: changes role from  FOLLOWER to FOLLOWER at term 73 for recognizeCandidate:9c2d914d-67b1-4af9-8080-4d6ee007b506
2019-10-19 01:14:31,218 [grpc-default-executor-9] INFO  impl.RoleInfo (RoleInfo.java:shutdownFollowerState(121)) - 61d0b7dc-5f8b-422f-8693-c58167224d24: shutdown FollowerState
2019-10-19 01:14:31,218 [grpc-default-executor-5] INFO  impl.RoleInfo (RoleInfo.java:shutdownFollowerState(121)) - 88be3607-7667-471c-9070-7dfd13eb5ac8: shutdown FollowerState
2019-10-19 01:14:31,218 [Thread-7216] INFO  impl.FollowerState (FollowerState.java:run(117)) - 61d0b7dc-5f8b-422f-8693-c58167224d24@group-20FCFA0487C4-FollowerState was interrupted: java.lang.InterruptedException: sleep interrupted
2019-10-19 01:14:31,218 [grpc-default-executor-9] INFO  impl.RoleInfo (RoleInfo.java:updateAndGet(143)) - 61d0b7dc-5f8b-422f-8693-c58167224d24: start FollowerState
2019-10-19 01:14:31,218 [grpc-default-executor-5] INFO  impl.RoleInfo (RoleInfo.java:updateAndGet(143)) - 88be3607-7667-471c-9070-7dfd13eb5ac8: start FollowerState
2019-10-19 01:14:31,218 [Thread-7215] INFO  impl.FollowerState (FollowerState.java:run(117)) - 88be3607-7667-471c-9070-7dfd13eb5ac8@group-20FCFA0487C4-FollowerState was interrupted: java.lang.InterruptedException: sleep interrupted
2019-10-19 01:14:31,219 [f143d5cf-4038-4fa8-8601-f5a45f16ca3e@group-A3037D40E172-LeaderElection753] INFO  impl.LeaderElection (LeaderElection.java:askForVotes(178)) - f143d5cf-4038-4fa8-8601-f5a45f16ca3e@group-A3037D40E172-LeaderElection753: begin an election at term 74 for -1: [f143d5cf-4038-4fa8-8601-f5a45f16ca3e:192.168.69.71:40169, 2543ffea-c5c6-4af0-856f-eb846bad755a:192.168.69.71:45287, 61d14648-e80d-4cd8-9e7c-6deb2f21aca8:192.168.69.71:42247], old=null
2019-10-19 01:14:31,220 [grpc-default-executor-3] INFO  impl.RaftServerImpl (RaftServerImpl.java:setRole(184)) - 2543ffea-c5c6-4af0-856f-eb846bad755a@group-A3037D40E172: changes role from  FOLLOWER to FOLLOWER at term 74 for recognizeCandidate:f143d5cf-4038-4fa8-8601-f5a45f16ca3e
2019-10-19 01:14:31,220 [grpc-default-executor-10] INFO  impl.RaftServerImpl (RaftServerImpl.java:setRole(184)) - 61d14648-e80d-4cd8-9e7c-6deb2f21aca8@group-A3037D40E172: changes role from  FOLLOWER to FOLLOWER at term 74 for recognizeCandidate:f143d5cf-4038-4fa8-8601-f5a45f16ca3e
2019-10-19 01:14:31,221 [grpc-default-executor-10] INFO  impl.RoleInfo (RoleInfo.java:shutdownFollowerState(121)) - 61d14648-e80d-4cd8-9e7c-6deb2f21aca8: shutdown FollowerState
2019-10-19 01:14:31,220 [grpc-default-executor-3] INFO  impl.RoleInfo (RoleInfo.java:shutdownFollowerState(121)) - 2543ffea-c5c6-4af0-856f-eb846bad755a: shutdown FollowerState
2019-10-19 01:14:31,221 [Thread-7226] INFO  impl.FollowerState (FollowerState.java:run(117)) - 61d14648-e80d-4cd8-9e7c-6deb2f21aca8@group-A3037D40E172-FollowerState was interrupted: java.lang.InterruptedException: sleep interrupted
2019-10-19 01:14:31,221 [grpc-default-executor-10] INFO  impl.RoleInfo (RoleInfo.java:updateAndGet(143)) - 61d14648-e80d-4cd8-9e7c-6deb2f21aca8: start FollowerState
2019-10-19 01:14:31,221 [Thread-7225] INFO  impl.FollowerState (FollowerState.java:run(117)) - 2543ffea-c5c6-4af0-856f-eb846bad755a@group-A3037D40E172-FollowerState was interrupted: java.lang.InterruptedException: sleep interrupted
2019-10-19 01:14:31,221 [grpc-default-executor-3] INFO  impl.RoleInfo (RoleInfo.java:updateAndGet(143)) - 2543ffea-c5c6-4af0-856f-eb846bad755a: start FollowerState
2019-10-19 01:14:31,222 [9c2d914d-67b1-4af9-8080-4d6ee007b506@group-20FCFA0487C4-LeaderElection754] INFO  impl.LeaderElection (LeaderElection.java:logAndReturn(56)) - 9c2d914d-67b1-4af9-8080-4d6ee007b506@group-20FCFA0487C4-LeaderElection754: Election REJECTED; received 2 response(s) [9c2d914d-67b1-4af9-8080-4d6ee007b506<-88be3607-7667-471c-9070-7dfd13eb5ac8#0:FAIL-t73, 9c2d914d-67b1-4af9-8080-4d6ee007b506<-61d0b7dc-5f8b-422f-8693-c58167224d24#0:FAIL-t73] and 0 exception(s); 9c2d914d-67b1-4af9-8080-4d6ee007b506@group-20FCFA0487C4:t73, leader=null, voted=9c2d914d-67b1-4af9-8080-4d6ee007b506, raftlog=9c2d914d-67b1-4af9-8080-4d6ee007b506@group-20FCFA0487C4-SegmentedRaftLog:OPENED:c-1,f-1,i0, conf=-1: [88be3607-7667-471c-9070-7dfd13eb5ac8:192.168.69.71:32925, 9c2d914d-67b1-4af9-8080-4d6ee007b506:192.168.69.71:35462, 61d0b7dc-5f8b-422f-8693-c58167224d24:192.168.69.71:43479], old=null
2019-10-19 01:14:31,222 [9c2d914d-67b1-4af9-8080-4d6ee007b506@group-20FCFA0487C4-LeaderElection754] INFO  impl.RaftServerImpl (RaftServerImpl.java:setRole(184)) - 9c2d914d-67b1-4af9-8080-4d6ee007b506@group-20FCFA0487C4: changes role from CANDIDATE to FOLLOWER at term 73 for DISCOVERED_A_NEW_TERM
2019-10-19 01:14:31,222 [9c2d914d-67b1-4af9-8080-4d6ee007b506@group-20FCFA0487C4-LeaderElection754] INFO  impl.RoleInfo (RoleInfo.java:shutdownLeaderElection(134)) - 9c2d914d-67b1-4af9-8080-4d6ee007b506: shutdown LeaderElection
2019-10-19 01:14:31,222 [9c2d914d-67b1-4af9-8080-4d6ee007b506@group-20FCFA0487C4-LeaderElection754] INFO  impl.RoleInfo (RoleInfo.java:updateAndGet(143)) - 9c2d914d-67b1-4af9-8080-4d6ee007b506: start FollowerState
2019-10-19 01:14:31,226 [f143d5cf-4038-4fa8-8601-f5a45f16ca3e@group-A3037D40E172-LeaderElection753] INFO  impl.LeaderElection (LeaderElection.java:logAndReturn(56)) - f143d5cf-4038-4fa8-8601-f5a45f16ca3e@group-A3037D40E172-LeaderElection753: Election REJECTED; received 2 response(s) [f143d5cf-4038-4fa8-8601-f5a45f16ca3e<-2543ffea-c5c6-4af0-856f-eb846bad755a#0:FAIL-t74, f143d5cf-4038-4fa8-8601-f5a45f16ca3e<-61d14648-e80d-4cd8-9e7c-6deb2f21aca8#0:FAIL-t74] and 0 exception(s); f143d5cf-4038-4fa8-8601-f5a45f16ca3e@group-A3037D40E172:t74, leader=null, voted=f143d5cf-4038-4fa8-8601-f5a45f16ca3e, raftlog=f143d5cf-4038-4fa8-8601-f5a45f16ca3e@group-A3037D40E172-SegmentedRaftLog:OPENED:c-1,f-1,i0, conf=-1: [f143d5cf-4038-4fa8-8601-f5a45f16ca3e:192.168.69.71:40169, 2543ffea-c5c6-4af0-856f-eb846bad755a:192.168.69.71:45287, 61d14648-e80d-4cd8-9e7c-6deb2f21aca8:192.168.69.71:42247], old=null
2019-10-19 01:14:31,226 [f143d5cf-4038-4fa8-8601-f5a45f16ca3e@group-A3037D40E172-LeaderElection753] INFO  impl.RaftServerImpl (RaftServerImpl.java:setRole(184)) - f143d5cf-4038-4fa8-8601-f5a45f16ca3e@group-A3037D40E172: changes role from CANDIDATE to FOLLOWER at term 74 for DISCOVERED_A_NEW_TERM
2019-10-19 01:14:31,226 [f143d5cf-4038-4fa8-8601-f5a45f16ca3e@group-A3037D40E172-LeaderElection753] INFO  impl.RoleInfo (RoleInfo.java:shutdownLeaderElection(134)) - f143d5cf-4038-4fa8-8601-f5a45f16ca3e: shutdown LeaderElection
2019-10-19 01:14:31,226 [f143d5cf-4038-4fa8-8601-f5a45f16ca3e@group-A3037D40E172-LeaderElection753] INFO  impl.RoleInfo (RoleInfo.java:updateAndGet(143)) - f143d5cf-4038-4fa8-8601-f5a45f16ca3e: start FollowerState
2019-10-19 01:14:31,240 [Thread-7237] INFO  impl.FollowerState (FollowerState.java:run(108)) - f143d5cf-4038-4fa8-8601-f5a45f16ca3e@group-A3037D40E172-FollowerState: change to CANDIDATE, lastRpcTime:13ms, electionTimeout:13ms
2019-10-19 01:14:31,240 [Thread-7237] INFO  impl.RoleInfo (RoleInfo.java:shutdownFollowerState(121)) - f143d5cf-4038-4fa8-8601-f5a45f16ca3e: shutdown FollowerState
2019-10-19 01:14:31,240 [Thread-7237] INFO  impl.RaftServerImpl (RaftServerImpl.java:setRole(184)) - f143d5cf-4038-4fa8-8601-f5a45f16ca3e@group-A3037D40E172: changes role from  FOLLOWER to CANDIDATE at term 74 for changeToCandidate
2019-10-19 01:14:31,240 [Thread-7237] INFO  impl.RoleInfo (RoleInfo.java:updateAndGet(143)) - f143d5cf-4038-4fa8-8601-f5a45f16ca3e: start LeaderElection
2019-10-19 01:14:31,253 [f143d5cf-4038-4fa8-8601-f5a45f16ca3e@group-A3037D40E172-LeaderElection755] INFO  impl.LeaderElection (LeaderElection.java:askForVotes(178)) - f143d5cf-4038-4fa8-8601-f5a45f16ca3e@group-A3037D40E172-LeaderElection755: begin an election at term 75 for -1: [f143d5cf-4038-4fa8-8601-f5a45f16ca3e:192.168.69.71:40169, 2543ffea-c5c6-4af0-856f-eb846bad755a:192.168.69.71:45287, 61d14648-e80d-4cd8-9e7c-6deb2f21aca8:192.168.69.71:42247], old=null
2019-10-19 01:14:31,254 [grpc-default-executor-3] INFO  impl.RaftServerImpl (RaftServerImpl.java:setRole(184)) - 2543ffea-c5c6-4af0-856f-eb846bad755a@group-A3037D40E172: changes role from  FOLLOWER to FOLLOWER at term 75 for recognizeCandidate:f143d5cf-4038-4fa8-8601-f5a45f16ca3e
2019-10-19 01:14:31,254 [grpc-default-executor-3] INFO  impl.RoleInfo (RoleInfo.java:shutdownFollowerState(121)) - 2543ffea-c5c6-4af0-856f-eb846bad755a: shutdown FollowerState
2019-10-19 01:14:31,254 [grpc-default-executor-10] INFO  impl.RaftServerImpl (RaftServerImpl.java:setRole(184)) - 61d14648-e80d-4cd8-9e7c-6deb2f21aca8@group-A3037D40E172: changes role from  FOLLOWER to FOLLOWER at term 75 for recognizeCandidate:f143d5cf-4038-4fa8-8601-f5a45f16ca3e
2019-10-19 01:14:31,254 [Thread-7235] INFO  impl.FollowerState (FollowerState.java:run(117)) - 2543ffea-c5c6-4af0-856f-eb846bad755a@group-A3037D40E172-FollowerState was interrupted: java.lang.InterruptedException: sleep interrupted
2019-10-19 01:14:31,254 [grpc-default-executor-3] INFO  impl.RoleInfo (RoleInfo.java:updateAndGet(143)) - 2543ffea-c5c6-4af0-856f-eb846bad755a: start FollowerState
2019-10-19 01:14:31,255 [grpc-default-executor-10] INFO  impl.RoleInfo (RoleInfo.java:shutdownFollowerState(121)) - 61d14648-e80d-4cd8-9e7c-6deb2f21aca8: shutdown FollowerState
2019-10-19 01:14:31,255 [grpc-default-executor-10] INFO  impl.RoleInfo (RoleInfo.java:updateAndGet(143)) - 61d14648-e80d-4cd8-9e7c-6deb2f21aca8: start FollowerState
2019-10-19 01:14:31,255 [Thread-7234] INFO  impl.FollowerState (FollowerState.java:run(117)) - 61d14648-e80d-4cd8-9e7c-6deb2f21aca8@group-A3037D40E172-FollowerState was interrupted: java.lang.InterruptedException: sleep interrupted
2019-10-19 01:14:31,263 [Thread-7236] INFO  impl.FollowerState (FollowerState.java:run(108)) - 9c2d914d-67b1-4af9-8080-4d6ee007b506@group-20FCFA0487C4-FollowerState: change to CANDIDATE, lastRpcTime:41ms, electionTimeout:41ms
2019-10-19 01:14:31,263 [Thread-7236] INFO  impl.RoleInfo (RoleInfo.java:shutdownFollowerState(121)) - 9c2d914d-67b1-4af9-8080-4d6ee007b506: shutdown FollowerState
2019-10-19 01:14:31,263 [Thread-7236] INFO  impl.RaftServerImpl (RaftServerImpl.java:setRole(184)) - 9c2d914d-67b1-4af9-8080-4d6ee007b506@group-20FCFA0487C4: changes role from  FOLLOWER to CANDIDATE at term 73 for changeToCandidate
2019-10-19 01:14:31,263 [Thread-7236] INFO  impl.RoleInfo (RoleInfo.java:updateAndGet(143)) - 9c2d914d-67b1-4af9-8080-4d6ee007b506: start LeaderElection
2019-10-19 01:14:31,269 [9c2d914d-67b1-4af9-8080-4d6ee007b506@group-20FCFA0487C4-LeaderElection756] INFO  impl.LeaderElection (LeaderElection.java:askForVotes(178)) - 9c2d914d-67b1-4af9-8080-4d6ee007b506@group-20FCFA0487C4-LeaderElection756: begin an election at term 74 for -1: [88be3607-7667-471c-9070-7dfd13eb5ac8:192.168.69.71:32925, 9c2d914d-67b1-4af9-8080-4d6ee007b506:192.168.69.71:35462, 61d0b7dc-5f8b-422f-8693-c58167224d24:192.168.69.71:43479], old=null
2019-10-19 01:14:31,269 [f143d5cf-4038-4fa8-8601-f5a45f16ca3e@group-A3037D40E172-LeaderElection755] INFO  impl.LeaderElection (LeaderElection.java:logAndReturn(56)) - f143d5cf-4038-4fa8-8601-f5a45f16ca3e@group-A3037D40E172-LeaderElection755: Election REJECTED; received 2 response(s) [f143d5cf-4038-4fa8-8601-f5a45f16ca3e<-2543ffea-c5c6-4af0-856f-eb846bad755a#0:FAIL-t75, f143d5cf-4038-4fa8-8601-f5a45f16ca3e<-61d14648-e80d-4cd8-9e7c-6deb2f21aca8#0:FAIL-t75] and 0 exception(s); f143d5cf-4038-4fa8-8601-f5a45f16ca3e@group-A3037D40E172:t75, leader=null, voted=f143d5cf-4038-4fa8-8601-f5a45f16ca3e, raftlog=f143d5cf-4038-4fa8-8601-f5a45f16ca3e@group-A3037D40E172-SegmentedRaftLog:OPENED:c-1,f-1,i0, conf=-1: [f143d5cf-4038-4fa8-8601-f5a45f16ca3e:192.168.69.71:40169, 2543ffea-c5c6-4af0-856f-eb846bad755a:192.168.69.71:45287, 61d14648-e80d-4cd8-9e7c-6deb2f21aca8:192.168.69.71:42247], old=null
2019-10-19 01:14:31,269 [f143d5cf-4038-4fa8-8601-f5a45f16ca3e@group-A3037D40E172-LeaderElection755] INFO  impl.RaftServerImpl (RaftServerImpl.java:setRole(184)) - f143d5cf-4038-4fa8-8601-f5a45f16ca3e@group-A3037D40E172: changes role from CANDIDATE to FOLLOWER at term 75 for DISCOVERED_A_NEW_TERM
2019-10-19 01:14:31,269 [f143d5cf-4038-4fa8-8601-f5a45f16ca3e@group-A3037D40E172-LeaderElection755] INFO  impl.RoleInfo (RoleInfo.java:shutdownLeaderElection(134)) - f143d5cf-4038-4fa8-8601-f5a45f16ca3e: shutdown LeaderElection
2019-10-19 01:14:31,269 [f143d5cf-4038-4fa8-8601-f5a45f16ca3e@group-A3037D40E172-LeaderElection755] INFO  impl.RoleInfo (RoleInfo.java:updateAndGet(143)) - f143d5cf-4038-4fa8-8601-f5a45f16ca3e: start FollowerState
2019-10-19 01:14:31,270 [grpc-default-executor-3] INFO  impl.RaftServerImpl (RaftServerImpl.java:setRole(184)) - 88be3607-7667-471c-9070-7dfd13eb5ac8@group-20FCFA0487C4: changes role from  FOLLOWER to FOLLOWER at term 74 for recognizeCandidate:9c2d914d-67b1-4af9-8080-4d6ee007b506
2019-10-19 01:14:31,270 [grpc-default-executor-3] INFO  impl.RoleInfo (RoleInfo.java:shutdownFollowerState(121)) - 88be3607-7667-471c-9070-7dfd13eb5ac8: shutdown FollowerState
2019-10-19 01:14:31,270 [grpc-default-executor-3] INFO  impl.RoleInfo (RoleInfo.java:updateAndGet(143)) - 88be3607-7667-471c-9070-7dfd13eb5ac8: start FollowerState
2019-10-19 01:14:31,270 [Thread-7231] INFO  impl.FollowerState (FollowerState.java:run(117)) - 88be3607-7667-471c-9070-7dfd13eb5ac8@group-20FCFA0487C4-FollowerState was interrupted: java.lang.InterruptedException: sleep interrupted
2019-10-19 01:14:31,270 [grpc-default-executor-10] INFO  impl.RaftServerImpl (RaftServerImpl.java:setRole(184)) - 61d0b7dc-5f8b-422f-8693-c58167224d24@group-20FCFA0487C4: changes role from  FOLLOWER to FOLLOWER at term 74 for recognizeCandidate:9c2d914d-67b1-4af9-8080-4d6ee007b506
2019-10-19 01:14:31,270 [grpc-default-executor-10] INFO  impl.RoleInfo (RoleInfo.java:shutdownFollowerState(121)) - 61d0b7dc-5f8b-422f-8693-c58167224d24: shutdown FollowerState
2019-10-19 01:14:31,270 [grpc-default-executor-10] INFO  impl.RoleInfo (RoleInfo.java:updateAndGet(143)) - 61d0b7dc-5f8b-422f-8693-c58167224d24: start FollowerState
2019-10-19 01:14:31,270 [Thread-7230] INFO  impl.FollowerState (FollowerState.java:run(117)) - 61d0b7dc-5f8b-422f-8693-c58167224d24@group-20FCFA0487C4-FollowerState was interrupted: java.lang.InterruptedException: sleep interrupted
2019-10-19 01:14:31,284 [9c2d914d-67b1-4af9-8080-4d6ee007b506@group-20FCFA0487C4-LeaderElection756] INFO  impl.LeaderElection (LeaderElection.java:logAndReturn(56)) - 9c2d914d-67b1-4af9-8080-4d6ee007b506@group-20FCFA0487C4-LeaderElection756: Election REJECTED; received 2 response(s) [9c2d914d-67b1-4af9-8080-4d6ee007b506<-88be3607-7667-471c-9070-7dfd13eb5ac8#0:FAIL-t74, 9c2d914d-67b1-4af9-8080-4d6ee007b506<-61d0b7dc-5f8b-422f-8693-c58167224d24#0:FAIL-t74] and 0 exception(s); 9c2d914d-67b1-4af9-8080-4d6ee007b506@group-20FCFA0487C4:t74, leader=null, voted=9c2d914d-67b1-4af9-8080-4d6ee007b506, raftlog=9c2d914d-67b1-4af9-8080-4d6ee007b506@group-20FCFA0487C4-SegmentedRaftLog:OPENED:c-1,f-1,i0, conf=-1: [88be3607-7667-471c-9070-7dfd13eb5ac8:192.168.69.71:32925, 9c2d914d-67b1-4af9-8080-4d6ee007b506:192.168.69.71:35462, 61d0b7dc-5f8b-422f-8693-c58167224d24:192.168.69.71:43479], old=null
2019-10-19 01:14:31,284 [9c2d914d-67b1-4af9-8080-4d6ee007b506@group-20FCFA0487C4-LeaderElection756] INFO  impl.RaftServerImpl (RaftServerImpl.java:setRole(184)) - 9c2d914d-67b1-4af9-8080-4d6ee007b506@group-20FCFA0487C4: changes role from CANDIDATE to FOLLOWER at term 74 for DISCOVERED_A_NEW_TERM
2019-10-19 01:14:31,284 [9c2d914d-67b1-4af9-8080-4d6ee007b506@group-20FCFA0487C4-LeaderElection756] INFO  impl.RoleInfo (RoleInfo.java:shutdownLeaderElection(134)) - 9c2d914d-67b1-4af9-8080-4d6ee007b506: shutdown LeaderElection
2019-10-19 01:14:31,284 [9c2d914d-67b1-4af9-8080-4d6ee007b506@group-20FCFA0487C4-LeaderElection756] INFO  impl.RoleInfo (RoleInfo.java:updateAndGet(143)) - 9c2d914d-67b1-4af9-8080-4d6ee007b506: start FollowerState
2019-10-19 01:14:31,305 [Thread-7249] INFO  impl.FollowerState (FollowerState.java:run(108)) - 9c2d914d-67b1-4af9-8080-4d6ee007b506@group-20FCFA0487C4-FollowerState: change to CANDIDATE, lastRpcTime:21ms, electionTimeout:21ms
2019-10-19 01:14:31,305 [Thread-7249] INFO  impl.RoleInfo (RoleInfo.java:shutdownFollowerState(121)) - 9c2d914d-67b1-4af9-8080-4d6ee007b506: shutdown FollowerState
2019-10-19 01:14:31,305 [Thread-7249] INFO  impl.RaftServerImpl (RaftServerImpl.java:setRole(184)) - 9c2d914d-67b1-4af9-8080-4d6ee007b506@group-20FCFA0487C4: changes role from  FOLLOWER to CANDIDATE at term 74 for changeToCandidate
2019-10-19 01:14:31,305 [Thread-7249] INFO  impl.RoleInfo (RoleInfo.java:updateAndGet(143)) - 9c2d914d-67b1-4af9-8080-4d6ee007b506: start LeaderElection
2019-10-19 01:14:31,318 [9c2d914d-67b1-4af9-8080-4d6ee007b506@group-20FCFA0487C4-LeaderElection757] INFO  impl.LeaderElection (LeaderElection.java:askForVotes(178)) - 9c2d914d-67b1-4af9-8080-4d6ee007b506@group-20FCFA0487C4-LeaderElection757: begin an election at term 75 for -1: [88be3607-7667-471c-9070-7dfd13eb5ac8:192.168.69.71:32925, 9c2d914d-67b1-4af9-8080-4d6ee007b506:192.168.69.71:35462, 61d0b7dc-5f8b-422f-8693-c58167224d24:192.168.69.71:43479], old=null
2019-10-19 01:14:31,319 [grpc-default-executor-3] INFO  impl.RaftServerImpl (RaftServerImpl.java:setRole(184)) - 88be3607-7667-471c-9070-7dfd13eb5ac8@group-20FCFA0487C4: changes role from  FOLLOWER to FOLLOWER at term 75 for recognizeCandidate:9c2d914d-67b1-4af9-8080-4d6ee007b506
2019-10-19 01:14:31,319 [grpc-default-executor-3] INFO  impl.RoleInfo (RoleInfo.java:shutdownFollowerState(121)) - 88be3607-7667-471c-9070-7dfd13eb5ac8: shutdown FollowerState
2019-10-19 01:14:31,319 [grpc-default-executor-3] INFO  impl.RoleInfo (RoleInfo.java:updateAndGet(143)) - 88be3607-7667-471c-9070-7dfd13eb5ac8: start FollowerState
2019-10-19 01:14:31,319 [Thread-7247] INFO  impl.FollowerState (FollowerState.java:run(117)) - 88be3607-7667-471c-9070-7dfd13eb5ac8@group-20FCFA0487C4-FollowerState was interrupted: java.lang.InterruptedException: sleep interrupted
2019-10-19 01:14:31,319 [grpc-default-executor-10] INFO  impl.RaftServerImpl (RaftServerImpl.java:setRole(184)) - 61d0b7dc-5f8b-422f-8693-c58167224d24@group-20FCFA0487C4: changes role from  FOLLOWER to FOLLOWER at term 75 for recognizeCandidate:9c2d914d-67b1-4af9-8080-4d6ee007b506
2019-10-19 01:14:31,320 [grpc-default-executor-10] INFO  impl.RoleInfo (RoleInfo.java:shutdownFollowerState(121)) - 61d0b7dc-5f8b-422f-8693-c58167224d24: shutdown FollowerState
2019-10-19 01:14:31,320 [grpc-default-executor-10] INFO  impl.RoleInfo (RoleInfo.java:updateAndGet(143)) - 61d0b7dc-5f8b-422f-8693-c58167224d24: start FollowerState
2019-10-19 01:14:31,320 [Thread-7248] INFO  impl.FollowerState (FollowerState.java:run(117)) - 61d0b7dc-5f8b-422f-8693-c58167224d24@group-20FCFA0487C4-FollowerState was interrupted: java.lang.InterruptedException: sleep interrupted
2019-10-19 01:14:31,340 [9c2d914d-67b1-4af9-8080-4d6ee007b506@group-20FCFA0487C4-LeaderElection757] INFO  impl.LeaderElection (LeaderElection.java:logAndReturn(56)) - 9c2d914d-67b1-4af9-8080-4d6ee007b506@group-20FCFA0487C4-LeaderElection757: Election REJECTED; received 2 response(s) [9c2d914d-67b1-4af9-8080-4d6ee007b506<-88be3607-7667-471c-9070-7dfd13eb5ac8#0:FAIL-t75, 9c2d914d-67b1-4af9-8080-4d6ee007b506<-61d0b7dc-5f8b-422f-8693-c58167224d24#0:FAIL-t75] and 0 exception(s); 9c2d914d-67b1-4af9-8080-4d6ee007b506@group-20FCFA0487C4:t75, leader=null, voted=9c2d914d-67b1-4af9-8080-4d6ee007b506, raftlog=9c2d914d-67b1-4af9-8080-4d6ee007b506@group-20FCFA0487C4-SegmentedRaftLog:OPENED:c-1,f-1,i0, conf=-1: [88be3607-7667-471c-9070-7dfd13eb5ac8:192.168.69.71:32925, 9c2d914d-67b1-4af9-8080-4d6ee007b506:192.168.69.71:35462, 61d0b7dc-5f8b-422f-8693-c58167224d24:192.168.69.71:43479], old=null
2019-10-19 01:14:31,340 [9c2d914d-67b1-4af9-8080-4d6ee007b506@group-20FCFA0487C4-LeaderElection757] INFO  impl.RaftServerImpl (RaftServerImpl.java:setRole(184)) - 9c2d914d-67b1-4af9-8080-4d6ee007b506@group-20FCFA0487C4: changes role from CANDIDATE to FOLLOWER at term 75 for DISCOVERED_A_NEW_TERM
2019-10-19 01:14:31,340 [9c2d914d-67b1-4af9-8080-4d6ee007b506@group-20FCFA0487C4-LeaderElection757] INFO  impl.RoleInfo (RoleInfo.java:shutdownLeaderElection(134)) - 9c2d914d-67b1-4af9-8080-4d6ee007b506: shutdown LeaderElection
2019-10-19 01:14:31,341 [9c2d914d-67b1-4af9-8080-4d6ee007b506@group-20FCFA0487C4-LeaderElection757] INFO  impl.RoleInfo (RoleInfo.java:updateAndGet(143)) - 9c2d914d-67b1-4af9-8080-4d6ee007b506: start FollowerState
2019-10-19 01:14:31,370 [Thread-7246] INFO  impl.FollowerState (FollowerState.java:run(108)) - f143d5cf-4038-4fa8-8601-f5a45f16ca3e@group-A3037D40E172-FollowerState: change to CANDIDATE, lastRpcTime:100ms, electionTimeout:100ms
2019-10-19 01:14:31,370 [Thread-7246] INFO  impl.RoleInfo (RoleInfo.java:shutdownFollowerState(121)) - f143d5cf-4038-4fa8-8601-f5a45f16ca3e: shutdown FollowerState
2019-10-19 01:14:31,370 [Thread-7246] INFO  impl.RaftServerImpl (RaftServerImpl.java:setRole(184)) - f143d5cf-4038-4fa8-8601-f5a45f16ca3e@group-A3037D40E172: changes role from  FOLLOWER to CANDIDATE at term 75 for changeToCandidate
2019-10-19 01:14:31,370 [Thread-7246] INFO  impl.RoleInfo (RoleInfo.java:updateAndGet(143)) - f143d5cf-4038-4fa8-8601-f5a45f16ca3e: start LeaderElection
2019-10-19 01:14:31,379 [Thread-7255] INFO  impl.FollowerState (FollowerState.java:run(108)) - 9c2d914d-67b1-4af9-8080-4d6ee007b506@group-20FCFA0487C4-FollowerState: change to CANDIDATE, lastRpcTime:38ms, electionTimeout:38ms
2019-10-19 01:14:31,379 [Thread-7255] INFO  impl.RoleInfo (RoleInfo.java:shutdownFollowerState(121)) - 9c2d914d-67b1-4af9-8080-4d6ee007b506: shutdown FollowerState
2019-10-19 01:14:31,379 [Thread-7255] INFO  impl.RaftServerImpl (RaftServerImpl.java:setRole(184)) - 9c2d914d-67b1-4af9-8080-4d6ee007b506@group-20FCFA0487C4: changes role from  FOLLOWER to CANDIDATE at term 75 for changeToCandidate
2019-10-19 01:14:31,379 [Thread-7255] INFO  impl.RoleInfo (RoleInfo.java:updateAndGet(143)) - 9c2d914d-67b1-4af9-8080-4d6ee007b506: start LeaderElection
2019-10-19 01:14:31,384 [9c2d914d-67b1-4af9-8080-4d6ee007b506@group-20FCFA0487C4-LeaderElection759] INFO  impl.LeaderElection (LeaderElection.java:askForVotes(178)) - 9c2d914d-67b1-4af9-8080-4d6ee007b506@group-20FCFA0487C4-LeaderElection759: begin an election at term 76 for -1: [88be3607-7667-471c-9070-7dfd13eb5ac8:192.168.69.71:32925, 9c2d914d-67b1-4af9-8080-4d6ee007b506:192.168.69.71:35462, 61d0b7dc-5f8b-422f-8693-c58167224d24:192.168.69.71:43479], old=null
2019-10-19 01:14:31,384 [f143d5cf-4038-4fa8-8601-f5a45f16ca3e@group-A3037D40E172-LeaderElection758] INFO  impl.LeaderElection (LeaderElection.java:askForVotes(178)) - f143d5cf-4038-4fa8-8601-f5a45f16ca3e@group-A3037D40E172-LeaderElection758: begin an election at term 76 for -1: [f143d5cf-4038-4fa8-8601-f5a45f16ca3e:192.168.69.71:40169, 2543ffea-c5c6-4af0-856f-eb846bad755a:192.168.69.71:45287, 61d14648-e80d-4cd8-9e7c-6deb2f21aca8:192.168.69.71:42247], old=null
2019-10-19 01:14:31,385 [grpc-default-executor-3] INFO  impl.RaftServerImpl (RaftServerImpl.java:setRole(184)) - 88be3607-7667-471c-9070-7dfd13eb5ac8@group-20FCFA0487C4: changes role from  FOLLOWER to FOLLOWER at term 76 for recognizeCandidate:9c2d914d-67b1-4af9-8080-4d6ee007b506
2019-10-19 01:14:31,385 [grpc-default-executor-3] INFO  impl.RoleInfo (RoleInfo.java:shutdownFollowerState(121)) - 88be3607-7667-471c-9070-7dfd13eb5ac8: shutdown FollowerState
2019-10-19 01:14:31,386 [grpc-default-executor-5] INFO  impl.RaftServerImpl (RaftServerImpl.java:setRole(184)) - 61d14648-e80d-4cd8-9e7c-6deb2f21aca8@group-A3037D40E172: changes role from  FOLLOWER to FOLLOWER at term 76 for recognizeCandidate:f143d5cf-4038-4fa8-8601-f5a45f16ca3e
2019-10-19 01:14:31,385 [grpc-default-executor-10] INFO  impl.RaftServerImpl (RaftServerImpl.java:setRole(184)) - 61d0b7dc-5f8b-422f-8693-c58167224d24@group-20FCFA0487C4: changes role from  FOLLOWER to FOLLOWER at term 76 for recognizeCandidate:9c2d914d-67b1-4af9-8080-4d6ee007b506
2019-10-19 01:14:31,386 [grpc-default-executor-10] INFO  impl.RoleInfo (RoleInfo.java:shutdownFollowerState(121)) - 61d0b7dc-5f8b-422f-8693-c58167224d24: shutdown FollowerState
2019-10-19 01:14:31,386 [grpc-default-executor-5] INFO  impl.RoleInfo (RoleInfo.java:shutdownFollowerState(121)) - 61d14648-e80d-4cd8-9e7c-6deb2f21aca8: shutdown FollowerState
2019-10-19 01:14:31,386 [grpc-default-executor-9] INFO  impl.RaftServerImpl (RaftServerImpl.java:setRole(184)) - 2543ffea-c5c6-4af0-856f-eb846bad755a@group-A3037D40E172: changes role from  FOLLOWER to FOLLOWER at term 76 for recognizeCandidate:f143d5cf-4038-4fa8-8601-f5a45f16ca3e
2019-10-19 01:14:31,386 [grpc-default-executor-9] INFO  impl.RoleInfo (RoleInfo.java:shutdownFollowerState(121)) - 2543ffea-c5c6-4af0-856f-eb846bad755a: shutdown FollowerState
2019-10-19 01:14:31,386 [Thread-7253] INFO  impl.FollowerState (FollowerState.java:run(117)) - 88be3607-7667-471c-9070-7dfd13eb5ac8@group-20FCFA0487C4-FollowerState was interrupted: java.lang.InterruptedException: sleep interrupted
2019-10-19 01:14:31,386 [grpc-default-executor-3] INFO  impl.RoleInfo (RoleInfo.java:updateAndGet(143)) - 88be3607-7667-471c-9070-7dfd13eb5ac8: start FollowerState
2019-10-19 01:14:31,386 [Thread-7241] INFO  impl.FollowerState (FollowerState.java:run(117)) - 2543ffea-c5c6-4af0-856f-eb846bad755a@group-A3037D40E172-FollowerState was interrupted: java.lang.InterruptedException: sleep interrupted
2019-10-19 01:14:31,386 [grpc-default-executor-9] INFO  impl.RoleInfo (RoleInfo.java:updateAndGet(143)) - 2543ffea-c5c6-4af0-856f-eb846bad755a: start FollowerState
2019-10-19 01:14:31,386 [Thread-7242] INFO  impl.FollowerState (FollowerState.java:run(117)) - 61d14648-e80d-4cd8-9e7c-6deb2f21aca8@group-A3037D40E172-FollowerState was interrupted: java.lang.InterruptedException: sleep interrupted
2019-10-19 01:14:31,386 [grpc-default-executor-5] INFO  impl.RoleInfo (RoleInfo.java:updateAndGet(143)) - 61d14648-e80d-4cd8-9e7c-6deb2f21aca8: start FollowerState
2019-10-19 01:14:31,386 [Thread-7254] INFO  impl.FollowerState (FollowerState.java:run(117)) - 61d0b7dc-5f8b-422f-8693-c58167224d24@group-20FCFA0487C4-FollowerState was interrupted: java.lang.InterruptedException: sleep interrupted
2019-10-19 01:14:31,386 [grpc-default-executor-10] INFO  impl.RoleInfo (RoleInfo.java:updateAndGet(143)) - 61d0b7dc-5f8b-422f-8693-c58167224d24: start FollowerState
2019-10-19 01:14:31,400 [f143d5cf-4038-4fa8-8601-f5a45f16ca3e@group-A3037D40E172-LeaderElection758] INFO  impl.LeaderElection (LeaderElection.java:logAndReturn(56)) - f143d5cf-4038-4fa8-8601-f5a45f16ca3e@group-A3037D40E172-LeaderElection758: Election REJECTED; received 2 response(s) [f143d5cf-4038-4fa8-8601-f5a45f16ca3e<-2543ffea-c5c6-4af0-856f-eb846bad755a#0:FAIL-t76, f143d5cf-4038-4fa8-8601-f5a45f16ca3e<-61d14648-e80d-4cd8-9e7c-6deb2f21aca8#0:FAIL-t76] and 0 exception(s); f143d5cf-4038-4fa8-8601-f5a45f16ca3e@group-A3037D40E172:t76, leader=null, voted=f143d5cf-4038-4fa8-8601-f5a45f16ca3e, raftlog=f143d5cf-4038-4fa8-8601-f5a45f16ca3e@group-A3037D40E172-SegmentedRaftLog:OPENED:c-1,f-1,i0, conf=-1: [f143d5cf-4038-4fa8-8601-f5a45f16ca3e:192.168.69.71:40169, 2543ffea-c5c6-4af0-856f-eb846bad755a:192.168.69.71:45287, 61d14648-e80d-4cd8-9e7c-6deb2f21aca8:192.168.69.71:42247], old=null
2019-10-19 01:14:31,400 [9c2d914d-67b1-4af9-8080-4d6ee007b506@group-20FCFA0487C4-LeaderElection759] INFO  impl.LeaderElection (LeaderElection.java:logAndReturn(56)) - 9c2d914d-67b1-4af9-8080-4d6ee007b506@group-20FCFA0487C4-LeaderElection759: Election REJECTED; received 2 response(s) [9c2d914d-67b1-4af9-8080-4d6ee007b506<-88be3607-7667-471c-9070-7dfd13eb5ac8#0:FAIL-t76, 9c2d914d-67b1-4af9-8080-4d6ee007b506<-61d0b7dc-5f8b-422f-8693-c58167224d24#0:FAIL-t76] and 0 exception(s); 9c2d914d-67b1-4af9-8080-4d6ee007b506@group-20FCFA0487C4:t76, leader=null, voted=9c2d914d-67b1-4af9-8080-4d6ee007b506, raftlog=9c2d914d-67b1-4af9-8080-4d6ee007b506@group-20FCFA0487C4-SegmentedRaftLog:OPENED:c-1,f-1,i0, conf=-1: [88be3607-7667-471c-9070-7dfd13eb5ac8:192.168.69.71:32925, 9c2d914d-67b1-4af9-8080-4d6ee007b506:192.168.69.71:35462, 61d0b7dc-5f8b-422f-8693-c58167224d24:192.168.69.71:43479], old=null
2019-10-19 01:14:31,400 [f143d5cf-4038-4fa8-8601-f5a45f16ca3e@group-A3037D40E172-LeaderElection758] INFO  impl.RaftServerImpl (RaftServerImpl.java:setRole(184)) - f143d5cf-4038-4fa8-8601-f5a45f16ca3e@group-A3037D40E172: changes role from CANDIDATE to FOLLOWER at term 76 for DISCOVERED_A_NEW_TERM
2019-10-19 01:14:31,400 [9c2d914d-67b1-4af9-8080-4d6ee007b506@group-20FCFA0487C4-LeaderElection759] INFO  impl.RaftServerImpl (RaftServerImpl.java:setRole(184)) - 9c2d914d-67b1-4af9-8080-4d6ee007b506@group-20FCFA0487C4: changes role from CANDIDATE to FOLLOWER at term 76 for DISCOVERED_A_NEW_TERM
2019-10-19 01:14:31,401 [9c2d914d-67b1-4af9-8080-4d6ee007b506@group-20FCFA0487C4-LeaderElection759] INFO  impl.RoleInfo (RoleInfo.java:shutdownLeaderElection(134)) - 9c2d914d-67b1-4af9-8080-4d6ee007b506: shutdown LeaderElection
2019-10-19 01:14:31,401 [f143d5cf-4038-4fa8-8601-f5a45f16ca3e@group-A3037D40E172-LeaderElection758] INFO  impl.RoleInfo (RoleInfo.java:shutdownLeaderElection(134)) - f143d5cf-4038-4fa8-8601-f5a45f16ca3e: shutdown LeaderElection
2019-10-19 01:14:31,401 [9c2d914d-67b1-4af9-8080-4d6ee007b506@group-20FCFA0487C4-LeaderElection759] INFO  impl.RoleInfo (RoleInfo.java:updateAndGet(143)) - 9c2d914d-67b1-4af9-8080-4d6ee007b506: start FollowerState
2019-10-19 01:14:31,401 [f143d5cf-4038-4fa8-8601-f5a45f16ca3e@group-A3037D40E172-LeaderElection758] INFO  impl.RoleInfo (RoleInfo.java:updateAndGet(143)) - f143d5cf-4038-4fa8-8601-f5a45f16ca3e: start FollowerState
2019-10-19 01:14:31,524 [Thread-7266] INFO  impl.FollowerState (FollowerState.java:run(108)) - 9c2d914d-67b1-4af9-8080-4d6ee007b506@group-20FCFA0487C4-FollowerState: change to CANDIDATE, lastRpcTime:122ms, electionTimeout:122ms
2019-10-19 01:14:31,524 [Thread-7266] INFO  impl.RoleInfo (RoleInfo.java:shutdownFollowerState(121)) - 9c2d914d-67b1-4af9-8080-4d6ee007b506: shutdown FollowerState
2019-10-19 01:14:31,524 [Thread-7266] INFO  impl.RaftServerImpl (RaftServerImpl.java:setRole(184)) - 9c2d914d-67b1-4af9-8080-4d6ee007b506@group-20FCFA0487C4: changes role from  FOLLOWER to CANDIDATE at term 76 for changeToCandidate
2019-10-19 01:14:31,524 [Thread-7266] INFO  impl.RoleInfo (RoleInfo.java:updateAndGet(143)) - 9c2d914d-67b1-4af9-8080-4d6ee007b506: start LeaderElection
2019-10-19 01:14:31,537 [9c2d914d-67b1-4af9-8080-4d6ee007b506@group-20FCFA0487C4-LeaderElection760] INFO  impl.LeaderElection (LeaderElection.java:askForVotes(178)) - 9c2d914d-67b1-4af9-8080-4d6ee007b506@group-20FCFA0487C4-LeaderElection760: begin an election at term 77 for -1: [88be3607-7667-471c-9070-7dfd13eb5ac8:192.168.69.71:32925, 9c2d914d-67b1-4af9-8080-4d6ee007b506:192.168.69.71:35462, 61d0b7dc-5f8b-422f-8693-c58167224d24:192.168.69.71:43479], old=null
2019-10-19 01:14:31,539 [grpc-default-executor-5] INFO  impl.RaftServerImpl (RaftServerImpl.java:setRole(184)) - 88be3607-7667-471c-9070-7dfd13eb5ac8@group-20FCFA0487C4: changes role from  FOLLOWER to FOLLOWER at term 77 for recognizeCandidate:9c2d914d-67b1-4af9-8080-4d6ee007b506
2019-10-19 01:14:31,539 [grpc-default-executor-3] INFO  impl.RaftServerImpl (RaftServerImpl.java:setRole(184)) - 61d0b7dc-5f8b-422f-8693-c58167224d24@group-20FCFA0487C4: changes role from  FOLLOWER to FOLLOWER at term 77 for recognizeCandidate:9c2d914d-67b1-4af9-8080-4d6ee007b506
2019-10-19 01:14:31,539 [grpc-default-executor-5] INFO  impl.RoleInfo (RoleInfo.java:shutdownFollowerState(121)) - 88be3607-7667-471c-9070-7dfd13eb5ac8: shutdown FollowerState
2019-10-19 01:14:31,539 [grpc-default-executor-3] INFO  impl.RoleInfo (RoleInfo.java:shutdownFollowerState(121)) - 61d0b7dc-5f8b-422f-8693-c58167224d24: shutdown FollowerState
2019-10-19 01:14:31,539 [Thread-7262] INFO  impl.FollowerState (FollowerState.java:run(117)) - 88be3607-7667-471c-9070-7dfd13eb5ac8@group-20FCFA0487C4-FollowerState was interrupted: java.lang.InterruptedException: sleep interrupted
2019-10-19 01:14:31,539 [grpc-default-executor-5] INFO  impl.RoleInfo (RoleInfo.java:updateAndGet(143)) - 88be3607-7667-471c-9070-7dfd13eb5ac8: start FollowerState
2019-10-19 01:14:31,539 [Thread-7263] INFO  impl.FollowerState (FollowerState.java:run(117)) - 61d0b7dc-5f8b-422f-8693-c58167224d24@group-20FCFA0487C4-FollowerState was interrupted: java.lang.InterruptedException: sleep interrupted
2019-10-19 01:14:31,539 [grpc-default-executor-3] INFO  impl.RoleInfo (RoleInfo.java:updateAndGet(143)) - 61d0b7dc-5f8b-422f-8693-c58167224d24: start FollowerState
2019-10-19 01:14:31,554 [9c2d914d-67b1-4af9-8080-4d6ee007b506@group-20FCFA0487C4-LeaderElection760] INFO  impl.LeaderElection (LeaderElection.java:logAndReturn(56)) - 9c2d914d-67b1-4af9-8080-4d6ee007b506@group-20FCFA0487C4-LeaderElection760: Election REJECTED; received 2 response(s) [9c2d914d-67b1-4af9-8080-4d6ee007b506<-88be3607-7667-471c-9070-7dfd13eb5ac8#0:FAIL-t77, 9c2d914d-67b1-4af9-8080-4d6ee007b506<-61d0b7dc-5f8b-422f-8693-c58167224d24#0:FAIL-t77] and 0 exception(s); 9c2d914d-67b1-4af9-8080-4d6ee007b506@group-20FCFA0487C4:t77, leader=null, voted=9c2d914d-67b1-4af9-8080-4d6ee007b506, raftlog=9c2d914d-67b1-4af9-8080-4d6ee007b506@group-20FCFA0487C4-SegmentedRaftLog:OPENED:c-1,f-1,i0, conf=-1: [88be3607-7667-471c-9070-7dfd13eb5ac8:192.168.69.71:32925, 9c2d914d-67b1-4af9-8080-4d6ee007b506:192.168.69.71:35462, 61d0b7dc-5f8b-422f-8693-c58167224d24:192.168.69.71:43479], old=null
2019-10-19 01:14:31,554 [9c2d914d-67b1-4af9-8080-4d6ee007b506@group-20FCFA0487C4-LeaderElection760] INFO  impl.RaftServerImpl (RaftServerImpl.java:setRole(184)) - 9c2d914d-67b1-4af9-8080-4d6ee007b506@group-20FCFA0487C4: changes role from CANDIDATE to FOLLOWER at term 77 for DISCOVERED_A_NEW_TERM
2019-10-19 01:14:31,554 [9c2d914d-67b1-4af9-8080-4d6ee007b506@group-20FCFA0487C4-LeaderElection760] INFO  impl.RoleInfo (RoleInfo.java:shutdownLeaderElection(134)) - 9c2d914d-67b1-4af9-8080-4d6ee007b506: shutdown LeaderElection
2019-10-19 01:14:31,555 [9c2d914d-67b1-4af9-8080-4d6ee007b506@group-20FCFA0487C4-LeaderElection760] INFO  impl.RoleInfo (RoleInfo.java:updateAndGet(143)) - 9c2d914d-67b1-4af9-8080-4d6ee007b506: start FollowerState
2019-10-19 01:14:31,555 [Thread-7267] INFO  impl.FollowerState (FollowerState.java:run(108)) - f143d5cf-4038-4fa8-8601-f5a45f16ca3e@group-A3037D40E172-FollowerState: change to CANDIDATE, lastRpcTime:153ms, electionTimeout:153ms
2019-10-19 01:14:31,555 [Thread-7267] INFO  impl.RoleInfo (RoleInfo.java:shutdownFollowerState(121)) - f143d5cf-4038-4fa8-8601-f5a45f16ca3e: shutdown FollowerState
2019-10-19 01:14:31,555 [Thread-7267] INFO  impl.RaftServerImpl (RaftServerImpl.java:setRole(184)) - f143d5cf-4038-4fa8-8601-f5a45f16ca3e@group-A3037D40E172: changes role from  FOLLOWER to CANDIDATE at term 76 for changeToCandidate
2019-10-19 01:14:31,555 [Thread-7267] INFO  impl.RoleInfo (RoleInfo.java:updateAndGet(143)) - f143d5cf-4038-4fa8-8601-f5a45f16ca3e: start LeaderElection
2019-10-19 01:14:31,568 [f143d5cf-4038-4fa8-8601-f5a45f16ca3e@group-A3037D40E172-LeaderElection761] INFO  impl.LeaderElection (LeaderElection.java:askForVotes(178)) - f143d5cf-4038-4fa8-8601-f5a45f16ca3e@group-A3037D40E172-LeaderElection761: begin an election at term 77 for -1: [f143d5cf-4038-4fa8-8601-f5a45f16ca3e:192.168.69.71:40169, 2543ffea-c5c6-4af0-856f-eb846bad755a:192.168.69.71:45287, 61d14648-e80d-4cd8-9e7c-6deb2f21aca8:192.168.69.71:42247], old=null
2019-10-19 01:14:31,569 [grpc-default-executor-3] INFO  impl.RaftServerImpl (RaftServerImpl.java:setRole(184)) - 61d14648-e80d-4cd8-9e7c-6deb2f21aca8@group-A3037D40E172: changes role from  FOLLOWER to FOLLOWER at term 77 for recognizeCandidate:f143d5cf-4038-4fa8-8601-f5a45f16ca3e
2019-10-19 01:14:31,569 [grpc-default-executor-5] INFO  impl.RaftServerImpl (RaftServerImpl.java:setRole(184)) - 2543ffea-c5c6-4af0-856f-eb846bad755a@group-A3037D40E172: changes role from  FOLLOWER to FOLLOWER at term 77 for recognizeCandidate:f143d5cf-4038-4fa8-8601-f5a45f16ca3e
2019-10-19 01:14:31,569 [grpc-default-executor-5] INFO  impl.RoleInfo (RoleInfo.java:shutdownFollowerState(121)) - 2543ffea-c5c6-4af0-856f-eb846bad755a: shutdown FollowerState
2019-10-19 01:14:31,569 [grpc-default-executor-3] INFO  impl.RoleInfo (RoleInfo.java:shutdownFollowerState(121)) - 61d14648-e80d-4cd8-9e7c-6deb2f21aca8: shutdown FollowerState
2019-10-19 01:14:31,569 [Thread-7265] INFO  impl.FollowerState (FollowerState.java:run(117)) - 2543ffea-c5c6-4af0-856f-eb846bad755a@group-A3037D40E172-FollowerState was interrupted: java.lang.InterruptedException: sleep interrupted
2019-10-19 01:14:31,569 [grpc-default-executor-5] INFO  impl.RoleInfo (RoleInfo.java:updateAndGet(143)) - 2543ffea-c5c6-4af0-856f-eb846bad755a: start FollowerState
2019-10-19 01:14:31,569 [Thread-7264] INFO  impl.FollowerState (FollowerState.java:run(117)) - 61d14648-e80d-4cd8-9e7c-6deb2f21aca8@group-A3037D40E172-FollowerState was interrupted: java.lang.InterruptedException: sleep interrupted
2019-10-19 01:14:31,569 [grpc-default-executor-3] INFO  impl.RoleInfo (RoleInfo.java:updateAndGet(143)) - 61d14648-e80d-4cd8-9e7c-6deb2f21aca8: start FollowerState
2019-10-19 01:14:31,587 [f143d5cf-4038-4fa8-8601-f5a45f16ca3e@group-A3037D40E172-LeaderElection761] INFO  impl.LeaderElection (LeaderElection.java:logAndReturn(56)) - f143d5cf-4038-4fa8-8601-f5a45f16ca3e@group-A3037D40E172-LeaderElection761: Election REJECTED; received 2 response(s) [f143d5cf-4038-4fa8-8601-f5a45f16ca3e<-2543ffea-c5c6-4af0-856f-eb846bad755a#0:FAIL-t77, f143d5cf-4038-4fa8-8601-f5a45f16ca3e<-61d14648-e80d-4cd8-9e7c-6deb2f21aca8#0:FAIL-t77] and 0 exception(s); f143d5cf-4038-4fa8-8601-f5a45f16ca3e@group-A3037D40E172:t77, leader=null, voted=f143d5cf-4038-4fa8-8601-f5a45f16ca3e, raftlog=f143d5cf-4038-4fa8-8601-f5a45f16ca3e@group-A3037D40E172-SegmentedRaftLog:OPENED:c-1,f-1,i0, conf=-1: [f143d5cf-4038-4fa8-8601-f5a45f16ca3e:192.168.69.71:40169, 2543ffea-c5c6-4af0-856f-eb846bad755a:192.168.69.71:45287, 61d14648-e80d-4cd8-9e7c-6deb2f21aca8:192.168.69.71:42247], old=null
2019-10-19 01:14:31,588 [f143d5cf-4038-4fa8-8601-f5a45f16ca3e@group-A3037D40E172-LeaderElection761] INFO  impl.RaftServerImpl (RaftServerImpl.java:setRole(184)) - f143d5cf-4038-4fa8-8601-f5a45f16ca3e@group-A3037D40E172: changes role from CANDIDATE to FOLLOWER at term 77 for DISCOVERED_A_NEW_TERM
2019-10-19 01:14:31,588 [f143d5cf-4038-4fa8-8601-f5a45f16ca3e@group-A3037D40E172-LeaderElection761] INFO  impl.RoleInfo (RoleInfo.java:shutdownLeaderElection(134)) - f143d5cf-4038-4fa8-8601-f5a45f16ca3e: shutdown LeaderElection
2019-10-19 01:14:31,588 [f143d5cf-4038-4fa8-8601-f5a45f16ca3e@group-A3037D40E172-LeaderElection761] INFO  impl.RoleInfo (RoleInfo.java:updateAndGet(143)) - f143d5cf-4038-4fa8-8601-f5a45f16ca3e: start FollowerState
2019-10-19 01:14:31,698 [Thread-7279] INFO  impl.FollowerState (FollowerState.java:run(108)) - f143d5cf-4038-4fa8-8601-f5a45f16ca3e@group-A3037D40E172-FollowerState: change to CANDIDATE, lastRpcTime:110ms, electionTimeout:110ms
2019-10-19 01:14:31,698 [Thread-7279] INFO  impl.RoleInfo (RoleInfo.java:shutdownFollowerState(121)) - f143d5cf-4038-4fa8-8601-f5a45f16ca3e: shutdown FollowerState
2019-10-19 01:14:31,698 [Thread-7279] INFO  impl.RaftServerImpl (RaftServerImpl.java:setRole(184)) - f143d5cf-4038-4fa8-8601-f5a45f16ca3e@group-A3037D40E172: changes role from  FOLLOWER to CANDIDATE at term 77 for changeToCandidate
2019-10-19 01:14:31,698 [Thread-7279] INFO  impl.RoleInfo (RoleInfo.java:updateAndGet(143)) - f143d5cf-4038-4fa8-8601-f5a45f16ca3e: start LeaderElection
2019-10-19 01:14:31,706 [Thread-7273] INFO  impl.FollowerState (FollowerState.java:run(108)) - 9c2d914d-67b1-4af9-8080-4d6ee007b506@group-20FCFA0487C4-FollowerState: change to CANDIDATE, lastRpcTime:151ms, electionTimeout:151ms
2019-10-19 01:14:31,706 [Thread-7273] INFO  impl.RoleInfo (RoleInfo.java:shutdownFollowerState(121)) - 9c2d914d-67b1-4af9-8080-4d6ee007b506: shutdown FollowerState
2019-10-19 01:14:31,706 [Thread-7273] INFO  impl.RaftServerImpl (RaftServerImpl.java:setRole(184)) - 9c2d914d-67b1-4af9-8080-4d6ee007b506@group-20FCFA0487C4: changes role from  FOLLOWER to CANDIDATE at term 77 for changeToCandidate
2019-10-19 01:14:31,706 [Thread-7273] INFO  impl.RoleInfo (RoleInfo.java:updateAndGet(143)) - 9c2d914d-67b1-4af9-8080-4d6ee007b506: start LeaderElection
2019-10-19 01:14:31,712 [f143d5cf-4038-4fa8-8601-f5a45f16ca3e@group-A3037D40E172-LeaderElection762] INFO  impl.LeaderElection (LeaderElection.java:askForVotes(178)) - f143d5cf-4038-4fa8-8601-f5a45f16ca3e@group-A3037D40E172-LeaderElection762: begin an election at term 78 for -1: [f143d5cf-4038-4fa8-8601-f5a45f16ca3e:192.168.69.71:40169, 2543ffea-c5c6-4af0-856f-eb846bad755a:192.168.69.71:45287, 61d14648-e80d-4cd8-9e7c-6deb2f21aca8:192.168.69.71:42247], old=null
2019-10-19 01:14:31,712 [9c2d914d-67b1-4af9-8080-4d6ee007b506@group-20FCFA0487C4-LeaderElection763] INFO  impl.LeaderElection (LeaderElection.java:askForVotes(178)) - 9c2d914d-67b1-4af9-8080-4d6ee007b506@group-20FCFA0487C4-LeaderElection763: begin an election at term 78 for -1: [88be3607-7667-471c-9070-7dfd13eb5ac8:192.168.69.71:32925, 9c2d914d-67b1-4af9-8080-4d6ee007b506:192.168.69.71:35462, 61d0b7dc-5f8b-422f-8693-c58167224d24:192.168.69.71:43479], old=null
2019-10-19 01:14:31,713 [grpc-default-executor-3] INFO  impl.RaftServerImpl (RaftServerImpl.java:setRole(184)) - 88be3607-7667-471c-9070-7dfd13eb5ac8@group-20FCFA0487C4: changes role from  FOLLOWER to FOLLOWER at term 78 for recognizeCandidate:9c2d914d-67b1-4af9-8080-4d6ee007b506
2019-10-19 01:14:31,714 [grpc-default-executor-10] INFO  impl.RaftServerImpl (RaftServerImpl.java:setRole(184)) - 61d14648-e80d-4cd8-9e7c-6deb2f21aca8@group-A3037D40E172: changes role from  FOLLOWER to FOLLOWER at term 78 for recognizeCandidate:f143d5cf-4038-4fa8-8601-f5a45f16ca3e
2019-10-19 01:14:31,713 [grpc-default-executor-5] INFO  impl.RaftServerImpl (RaftServerImpl.java:setRole(184)) - 61d0b7dc-5f8b-422f-8693-c58167224d24@group-20FCFA0487C4: changes role from  FOLLOWER to FOLLOWER at term 78 for recognizeCandidate:9c2d914d-67b1-4af9-8080-4d6ee007b506
2019-10-19 01:14:31,714 [grpc-default-executor-5] INFO  impl.RoleInfo (RoleInfo.java:shutdownFollowerState(121)) - 61d0b7dc-5f8b-422f-8693-c58167224d24: shutdown FollowerState
2019-10-19 01:14:31,714 [grpc-default-executor-9] INFO  impl.RaftServerImpl (RaftServerImpl.java:setRole(184)) - 2543ffea-c5c6-4af0-856f-eb846bad755a@group-A3037D40E172: changes role from  FOLLOWER to FOLLOWER at term 78 for recognizeCandidate:f143d5cf-4038-4fa8-8601-f5a45f16ca3e
2019-10-19 01:14:31,714 [grpc-default-executor-9] INFO  impl.RoleInfo (RoleInfo.java:shutdownFollowerState(121)) - 2543ffea-c5c6-4af0-856f-eb846bad755a: shutdown FollowerState
2019-10-19 01:14:31,714 [grpc-default-executor-10] INFO  impl.RoleInfo (RoleInfo.java:shutdownFollowerState(121)) - 61d14648-e80d-4cd8-9e7c-6deb2f21aca8: shutdown FollowerState
2019-10-19 01:14:31,714 [grpc-default-executor-3] INFO  impl.RoleInfo (RoleInfo.java:shutdownFollowerState(121)) - 88be3607-7667-471c-9070-7dfd13eb5ac8: shutdown FollowerState
2019-10-19 01:14:31,714 [Thread-7278] INFO  impl.FollowerState (FollowerState.java:run(117)) - 61d14648-e80d-4cd8-9e7c-6deb2f21aca8@group-A3037D40E172-FollowerState was interrupted: java.lang.InterruptedException: sleep interrupted
2019-10-19 01:14:31,714 [Thread-7271] INFO  impl.FollowerState (FollowerState.java:run(117)) - 88be3607-7667-471c-9070-7dfd13eb5ac8@group-20FCFA0487C4-FollowerState was interrupted: java.lang.InterruptedException: sleep interrupted
2019-10-19 01:14:31,714 [grpc-default-executor-10] INFO  impl.RoleInfo (RoleInfo.java:updateAndGet(143)) - 61d14648-e80d-4cd8-9e7c-6deb2f21aca8: start FollowerState
2019-10-19 01:14:31,714 [Thread-7277] INFO  impl.FollowerState (FollowerState.java:run(117)) - 2543ffea-c5c6-4af0-856f-eb846bad755a@group-A3037D40E172-FollowerState was interrupted: java.lang.InterruptedException: sleep interrupted
2019-10-19 01:14:31,714 [grpc-default-executor-9] INFO  impl.RoleInfo (RoleInfo.java:updateAndGet(143)) - 2543ffea-c5c6-4af0-856f-eb846bad755a: start FollowerState
2019-10-19 01:14:31,714 [Thread-7272] INFO  impl.FollowerState (FollowerState.java:run(117)) - 61d0b7dc-5f8b-422f-8693-c58167224d24@group-20FCFA0487C4-FollowerState was interrupted: java.lang.InterruptedException: sleep interrupted
2019-10-19 01:14:31,714 [grpc-default-executor-5] INFO  impl.RoleInfo (RoleInfo.java:updateAndGet(143)) - 61d0b7dc-5f8b-422f-8693-c58167224d24: start FollowerState
2019-10-19 01:14:31,714 [grpc-default-executor-3] INFO  impl.RoleInfo (RoleInfo.java:updateAndGet(143)) - 88be3607-7667-471c-9070-7dfd13eb5ac8: start FollowerState
2019-10-19 01:14:31,722 [f143d5cf-4038-4fa8-8601-f5a45f16ca3e@group-A3037D40E172-LeaderElection762] INFO  impl.LeaderElection (LeaderElection.java:logAndReturn(56)) - f143d5cf-4038-4fa8-8601-f5a45f16ca3e@group-A3037D40E172-LeaderElection762: Election TIMEOUT; received 0 response(s) [] and 0 exception(s); f143d5cf-4038-4fa8-8601-f5a45f16ca3e@group-A3037D40E172:t78, leader=null, voted=f143d5cf-4038-4fa8-8601-f5a45f16ca3e, raftlog=f143d5cf-4038-4fa8-8601-f5a45f16ca3e@group-A3037D40E172-SegmentedRaftLog:OPENED:c-1,f-1,i0, conf=-1: [f143d5cf-4038-4fa8-8601-f5a45f16ca3e:192.168.69.71:40169, 2543ffea-c5c6-4af0-856f-eb846bad755a:192.168.69.71:45287, 61d14648-e80d-4cd8-9e7c-6deb2f21aca8:192.168.69.71:42247], old=null
2019-10-19 01:14:31,727 [f143d5cf-4038-4fa8-8601-f5a45f16ca3e@group-A3037D40E172-LeaderElection762] INFO  impl.LeaderElection (LeaderElection.java:askForVotes(178)) - f143d5cf-4038-4fa8-8601-f5a45f16ca3e@group-A3037D40E172-LeaderElection762: begin an election at term 79 for -1: [f143d5cf-4038-4fa8-8601-f5a45f16ca3e:192.168.69.71:40169, 2543ffea-c5c6-4af0-856f-eb846bad755a:192.168.69.71:45287, 61d14648-e80d-4cd8-9e7c-6deb2f21aca8:192.168.69.71:42247], old=null
2019-10-19 01:14:31,727 [9c2d914d-67b1-4af9-8080-4d6ee007b506@group-20FCFA0487C4-LeaderElection763] INFO  impl.LeaderElection (LeaderElection.java:logAndReturn(56)) - 9c2d914d-67b1-4af9-8080-4d6ee007b506@group-20FCFA0487C4-LeaderElection763: Election REJECTED; received 2 response(s) [9c2d914d-67b1-4af9-8080-4d6ee007b506<-88be3607-7667-471c-9070-7dfd13eb5ac8#0:FAIL-t78, 9c2d914d-67b1-4af9-8080-4d6ee007b506<-61d0b7dc-5f8b-422f-8693-c58167224d24#0:FAIL-t78] and 0 exception(s); 9c2d914d-67b1-4af9-8080-4d6ee007b506@group-20FCFA0487C4:t78, leader=null, voted=9c2d914d-67b1-4af9-8080-4d6ee007b506, raftlog=9c2d914d-67b1-4af9-8080-4d6ee007b506@group-20FCFA0487C4-SegmentedRaftLog:OPENED:c-1,f-1,i0, conf=-1: [88be3607-7667-471c-9070-7dfd13eb5ac8:192.168.69.71:32925, 9c2d914d-67b1-4af9-8080-4d6ee007b506:192.168.69.71:35462, 61d0b7dc-5f8b-422f-8693-c58167224d24:192.168.69.71:43479], old=null
2019-10-19 01:14:31,728 [9c2d914d-67b1-4af9-8080-4d6ee007b506@group-20FCFA0487C4-LeaderElection763] INFO  impl.RaftServerImpl (RaftServerImpl.java:setRole(184)) - 9c2d914d-67b1-4af9-8080-4d6ee007b506@group-20FCFA0487C4: changes role from CANDIDATE to FOLLOWER at term 78 for DISCOVERED_A_NEW_TERM
2019-10-19 01:14:31,728 [9c2d914d-67b1-4af9-8080-4d6ee007b506@group-20FCFA0487C4-LeaderElection763] INFO  impl.RoleInfo (RoleInfo.java:shutdownLeaderElection(134)) - 9c2d914d-67b1-4af9-8080-4d6ee007b506: shutdown LeaderElection
2019-10-19 01:14:31,728 [9c2d914d-67b1-4af9-8080-4d6ee007b506@group-20FCFA0487C4-LeaderElection763] INFO  impl.RoleInfo (RoleInfo.java:updateAndGet(143)) - 9c2d914d-67b1-4af9-8080-4d6ee007b506: start FollowerState
2019-10-19 01:14:31,728 [grpc-default-executor-3] INFO  impl.RaftServerImpl (RaftServerImpl.java:setRole(184)) - 2543ffea-c5c6-4af0-856f-eb846bad755a@group-A3037D40E172: changes role from  FOLLOWER to FOLLOWER at term 79 for recognizeCandidate:f143d5cf-4038-4fa8-8601-f5a45f16ca3e
2019-10-19 01:14:31,728 [grpc-default-executor-3] INFO  impl.RoleInfo (RoleInfo.java:shutdownFollowerState(121)) - 2543ffea-c5c6-4af0-856f-eb846bad755a: shutdown FollowerState
2019-10-19 01:14:31,728 [grpc-default-executor-3] INFO  impl.RoleInfo (RoleInfo.java:updateAndGet(143)) - 2543ffea-c5c6-4af0-856f-eb846bad755a: start FollowerState
2019-10-19 01:14:31,728 [Thread-7289] INFO  impl.FollowerState (FollowerState.java:run(117)) - 2543ffea-c5c6-4af0-856f-eb846bad755a@group-A3037D40E172-FollowerState was interrupted: java.lang.InterruptedException: sleep interrupted
2019-10-19 01:14:31,728 [grpc-default-executor-10] INFO  impl.RaftServerImpl (RaftServerImpl.java:setRole(184)) - 61d14648-e80d-4cd8-9e7c-6deb2f21aca8@group-A3037D40E172: changes role from  FOLLOWER to FOLLOWER at term 79 for recognizeCandidate:f143d5cf-4038-4fa8-8601-f5a45f16ca3e
2019-10-19 01:14:31,729 [grpc-default-executor-10] INFO  impl.RoleInfo (RoleInfo.java:shutdownFollowerState(121)) - 61d14648-e80d-4cd8-9e7c-6deb2f21aca8: shutdown FollowerState
2019-10-19 01:14:31,729 [grpc-default-executor-10] INFO  impl.RoleInfo (RoleInfo.java:updateAndGet(143)) - 61d14648-e80d-4cd8-9e7c-6deb2f21aca8: start FollowerState
2019-10-19 01:14:31,729 [Thread-7290] INFO  impl.FollowerState (FollowerState.java:run(117)) - 61d14648-e80d-4cd8-9e7c-6deb2f21aca8@group-A3037D40E172-FollowerState was interrupted: java.lang.InterruptedException: sleep interrupted
2019-10-19 01:14:31,743 [f143d5cf-4038-4fa8-8601-f5a45f16ca3e@group-A3037D40E172-LeaderElection762] INFO  impl.LeaderElection (LeaderElection.java:logAndReturn(56)) - f143d5cf-4038-4fa8-8601-f5a45f16ca3e@group-A3037D40E172-LeaderElection762: Election REJECTED; received 2 response(s) [f143d5cf-4038-4fa8-8601-f5a45f16ca3e<-2543ffea-c5c6-4af0-856f-eb846bad755a#0:FAIL-t79, f143d5cf-4038-4fa8-8601-f5a45f16ca3e<-61d14648-e80d-4cd8-9e7c-6deb2f21aca8#0:FAIL-t79] and 0 exception(s); f143d5cf-4038-4fa8-8601-f5a45f16ca3e@group-A3037D40E172:t79, leader=null, voted=f143d5cf-4038-4fa8-8601-f5a45f16ca3e, raftlog=f143d5cf-4038-4fa8-8601-f5a45f16ca3e@group-A3037D40E172-SegmentedRaftLog:OPENED:c-1,f-1,i0, conf=-1: [f143d5cf-4038-4fa8-8601-f5a45f16ca3e:192.168.69.71:40169, 2543ffea-c5c6-4af0-856f-eb846bad755a:192.168.69.71:45287, 61d14648-e80d-4cd8-9e7c-6deb2f21aca8:192.168.69.71:42247], old=null
2019-10-19 01:14:31,743 [f143d5cf-4038-4fa8-8601-f5a45f16ca3e@group-A3037D40E172-LeaderElection762] INFO  impl.RaftServerImpl (RaftServerImpl.java:setRole(184)) - f143d5cf-4038-4fa8-8601-f5a45f16ca3e@group-A3037D40E172: changes role from CANDIDATE to FOLLOWER at term 79 for DISCOVERED_A_NEW_TERM
2019-10-19 01:14:31,743 [f143d5cf-4038-4fa8-8601-f5a45f16ca3e@group-A3037D40E172-LeaderElection762] INFO  impl.RoleInfo (RoleInfo.java:shutdownLeaderElection(134)) - f143d5cf-4038-4fa8-8601-f5a45f16ca3e: shutdown LeaderElection
2019-10-19 01:14:31,743 [f143d5cf-4038-4fa8-8601-f5a45f16ca3e@group-A3037D40E172-LeaderElection762] INFO  impl.RoleInfo (RoleInfo.java:updateAndGet(143)) - f143d5cf-4038-4fa8-8601-f5a45f16ca3e: start FollowerState
2019-10-19 01:14:31,793 [Thread-7294] INFO  impl.FollowerState (FollowerState.java:run(108)) - 9c2d914d-67b1-4af9-8080-4d6ee007b506@group-20FCFA0487C4-FollowerState: change to CANDIDATE, lastRpcTime:65ms, electionTimeout:65ms
2019-10-19 01:14:31,793 [Thread-7294] INFO  impl.RoleInfo (RoleInfo.java:shutdownFollowerState(121)) - 9c2d914d-67b1-4af9-8080-4d6ee007b506: shutdown FollowerState
2019-10-19 01:14:31,793 [Thread-7294] INFO  impl.RaftServerImpl (RaftServerImpl.java:setRole(184)) - 9c2d914d-67b1-4af9-8080-4d6ee007b506@group-20FCFA0487C4: changes role from  FOLLOWER to CANDIDATE at term 78 for changeToCandidate
2019-10-19 01:14:31,793 [Thread-7294] INFO  impl.RoleInfo (RoleInfo.java:updateAndGet(143)) - 9c2d914d-67b1-4af9-8080-4d6ee007b506: start LeaderElection
2019-10-19 01:14:31,807 [9c2d914d-67b1-4af9-8080-4d6ee007b506@group-20FCFA0487C4-LeaderElection764] INFO  impl.LeaderElection (LeaderElection.java:askForVotes(178)) - 9c2d914d-67b1-4af9-8080-4d6ee007b506@group-20FCFA0487C4-LeaderElection764: begin an election at term 79 for -1: [88be3607-7667-471c-9070-7dfd13eb5ac8:192.168.69.71:32925, 9c2d914d-67b1-4af9-8080-4d6ee007b506:192.168.69.71:35462, 61d0b7dc-5f8b-422f-8693-c58167224d24:192.168.69.71:43479], old=null
2019-10-19 01:14:31,808 [grpc-default-executor-3] INFO  impl.RaftServerImpl (RaftServerImpl.java:setRole(184)) - 88be3607-7667-471c-9070-7dfd13eb5ac8@group-20FCFA0487C4: changes role from  FOLLOWER to FOLLOWER at term 79 for recognizeCandidate:9c2d914d-67b1-4af9-8080-4d6ee007b506
2019-10-19 01:14:31,808 [grpc-default-executor-3] INFO  impl.RoleInfo (RoleInfo.java:shutdownFollowerState(121)) - 88be3607-7667-471c-9070-7dfd13eb5ac8: shutdown FollowerState
2019-10-19 01:14:31,808 [grpc-default-executor-10] INFO  impl.RaftServerImpl (RaftServerImpl.java:setRole(184)) - 61d0b7dc-5f8b-422f-8693-c58167224d24@group-20FCFA0487C4: changes role from  FOLLOWER to FOLLOWER at term 79 for recognizeCandidate:9c2d914d-67b1-4af9-8080-4d6ee007b506
2019-10-19 01:14:31,808 [Thread-7291] INFO  impl.FollowerState (FollowerState.java:run(117)) - 88be3607-7667-471c-9070-7dfd13eb5ac8@group-20FCFA0487C4-FollowerState was interrupted: java.lang.InterruptedException: sleep interrupted
2019-10-19 01:14:31,808 [grpc-default-executor-3] INFO  impl.RoleInfo (RoleInfo.java:updateAndGet(143)) - 88be3607-7667-471c-9070-7dfd13eb5ac8: start FollowerState
2019-10-19 01:14:31,808 [grpc-default-executor-10] INFO  impl.RoleInfo (RoleInfo.java:shutdownFollowerState(121)) - 61d0b7dc-5f8b-422f-8693-c58167224d24: shutdown FollowerState
2019-10-19 01:14:31,808 [grpc-default-executor-10] INFO  impl.RoleInfo (RoleInfo.java:updateAndGet(143)) - 61d0b7dc-5f8b-422f-8693-c58167224d24: start FollowerState
2019-10-19 01:14:31,808 [Thread-7288] INFO  impl.FollowerState (FollowerState.java:run(117)) - 61d0b7dc-5f8b-422f-8693-c58167224d24@group-20FCFA0487C4-FollowerState was interrupted: java.lang.InterruptedException: sleep interrupted
2019-10-19 01:14:31,822 [9c2d914d-67b1-4af9-8080-4d6ee007b506@group-20FCFA0487C4-LeaderElection764] INFO  impl.LeaderElection (LeaderElection.java:logAndReturn(56)) - 9c2d914d-67b1-4af9-8080-4d6ee007b506@group-20FCFA0487C4-LeaderElection764: Election REJECTED; received 2 response(s) [9c2d914d-67b1-4af9-8080-4d6ee007b506<-88be3607-7667-471c-9070-7dfd13eb5ac8#0:FAIL-t79, 9c2d914d-67b1-4af9-8080-4d6ee007b506<-61d0b7dc-5f8b-422f-8693-c58167224d24#0:FAIL-t79] and 0 exception(s); 9c2d914d-67b1-4af9-8080-4d6ee007b506@group-20FCFA0487C4:t79, leader=null, voted=9c2d914d-67b1-4af9-8080-4d6ee007b506, raftlog=9c2d914d-67b1-4af9-8080-4d6ee007b506@group-20FCFA0487C4-SegmentedRaftLog:OPENED:c-1,f-1,i0, conf=-1: [88be3607-7667-471c-9070-7dfd13eb5ac8:192.168.69.71:32925, 9c2d914d-67b1-4af9-8080-4d6ee007b506:192.168.69.71:35462, 61d0b7dc-5f8b-422f-8693-c58167224d24:192.168.69.71:43479], old=null
2019-10-19 01:14:31,822 [9c2d914d-67b1-4af9-8080-4d6ee007b506@group-20FCFA0487C4-LeaderElection764] INFO  impl.RaftServerImpl (RaftServerImpl.java:setRole(184)) - 9c2d914d-67b1-4af9-8080-4d6ee007b506@group-20FCFA0487C4: changes role from CANDIDATE to FOLLOWER at term 79 for DISCOVERED_A_NEW_TERM
2019-10-19 01:14:31,822 [9c2d914d-67b1-4af9-8080-4d6ee007b506@group-20FCFA0487C4-LeaderElection764] INFO  impl.RoleInfo (RoleInfo.java:shutdownLeaderElection(134)) - 9c2d914d-67b1-4af9-8080-4d6ee007b506: shutdown LeaderElection
2019-10-19 01:14:31,822 [9c2d914d-67b1-4af9-8080-4d6ee007b506@group-20FCFA0487C4-LeaderElection764] INFO  impl.RoleInfo (RoleInfo.java:updateAndGet(143)) - 9c2d914d-67b1-4af9-8080-4d6ee007b506: start FollowerState
2019-10-19 01:14:31,941 [Thread-7297] INFO  impl.FollowerState (FollowerState.java:run(108)) - f143d5cf-4038-4fa8-8601-f5a45f16ca3e@group-A3037D40E172-FollowerState: change to CANDIDATE, lastRpcTime:198ms, electionTimeout:198ms
2019-10-19 01:14:31,941 [Thread-7297] INFO  impl.RoleInfo (RoleInfo.java:shutdownFollowerState(121)) - f143d5cf-4038-4fa8-8601-f5a45f16ca3e: shutdown FollowerState
2019-10-19 01:14:31,941 [Thread-7297] INFO  impl.RaftServerImpl (RaftServerImpl.java:setRole(184)) - f143d5cf-4038-4fa8-8601-f5a45f16ca3e@group-A3037D40E172: changes role from  FOLLOWER to CANDIDATE at term 79 for changeToCandidate
2019-10-19 01:14:31,941 [Thread-7297] INFO  impl.RoleInfo (RoleInfo.java:updateAndGet(143)) - f143d5cf-4038-4fa8-8601-f5a45f16ca3e: start LeaderElection
2019-10-19 01:14:31,942 [Thread-7303] INFO  impl.FollowerState (FollowerState.java:run(108)) - 9c2d914d-67b1-4af9-8080-4d6ee007b506@group-20FCFA0487C4-FollowerState: change to CANDIDATE, lastRpcTime:120ms, electionTimeout:120ms
2019-10-19 01:14:31,942 [Thread-7303] INFO  impl.RoleInfo (RoleInfo.java:shutdownFollowerState(121)) - 9c2d914d-67b1-4af9-8080-4d6ee007b506: shutdown FollowerState
2019-10-19 01:14:31,942 [Thread-7303] INFO  impl.RaftServerImpl (RaftServerImpl.java:setRole(184)) - 9c2d914d-67b1-4af9-8080-4d6ee007b506@group-20FCFA0487C4: changes role from  FOLLOWER to CANDIDATE at term 79 for changeToCandidate
2019-10-19 01:14:31,942 [Thread-7303] INFO  impl.RoleInfo (RoleInfo.java:updateAndGet(143)) - 9c2d914d-67b1-4af9-8080-4d6ee007b506: start LeaderElection
2019-10-19 01:14:31,956 [f143d5cf-4038-4fa8-8601-f5a45f16ca3e@group-A3037D40E172-LeaderElection765] INFO  impl.LeaderElection (LeaderElection.java:askForVotes(178)) - f143d5cf-4038-4fa8-8601-f5a45f16ca3e@group-A3037D40E172-LeaderElection765: begin an election at term 80 for -1: [f143d5cf-4038-4fa8-8601-f5a45f16ca3e:192.168.69.71:40169, 2543ffea-c5c6-4af0-856f-eb846bad755a:192.168.69.71:45287, 61d14648-e80d-4cd8-9e7c-6deb2f21aca8:192.168.69.71:42247], old=null
2019-10-19 01:14:31,956 [9c2d914d-67b1-4af9-8080-4d6ee007b506@group-20FCFA0487C4-LeaderElection766] INFO  impl.LeaderElection (LeaderElection.java:askForVotes(178)) - 9c2d914d-67b1-4af9-8080-4d6ee007b506@group-20FCFA0487C4-LeaderElection766: begin an election at term 80 for -1: [88be3607-7667-471c-9070-7dfd13eb5ac8:192.168.69.71:32925, 9c2d914d-67b1-4af9-8080-4d6ee007b506:192.168.69.71:35462, 61d0b7dc-5f8b-422f-8693-c58167224d24:192.168.69.71:43479], old=null
2019-10-19 01:14:31,957 [grpc-default-executor-10] INFO  impl.RaftServerImpl (RaftServerImpl.java:setRole(184)) - 2543ffea-c5c6-4af0-856f-eb846bad755a@group-A3037D40E172: changes role from  FOLLOWER to FOLLOWER at term 80 for recognizeCandidate:f143d5cf-4038-4fa8-8601-f5a45f16ca3e
2019-10-19 01:14:31,958 [grpc-default-executor-10] INFO  impl.RoleInfo (RoleInfo.java:shutdownFollowerState(121)) - 2543ffea-c5c6-4af0-856f-eb846bad755a: shutdown FollowerState
2019-10-19 01:14:31,958 [grpc-default-executor-9] INFO  impl.RaftServerImpl (RaftServerImpl.java:setRole(184)) - 61d0b7dc-5f8b-422f-8693-c58167224d24@group-20FCFA0487C4: changes role from  FOLLOWER to FOLLOWER at term 80 for recognizeCandidate:9c2d914d-67b1-4af9-8080-4d6ee007b506
2019-10-19 01:14:31,958 [Thread-7295] INFO  impl.FollowerState (FollowerState.java:run(117)) - 2543ffea-c5c6-4af0-856f-eb846bad755a@group-A3037D40E172-FollowerState was interrupted: java.lang.InterruptedException: sleep interrupted
2019-10-19 01:14:31,958 [grpc-default-executor-10] INFO  impl.RoleInfo (RoleInfo.java:updateAndGet(143)) - 2543ffea-c5c6-4af0-856f-eb846bad755a: start FollowerState
2019-10-19 01:14:31,958 [grpc-default-executor-3] INFO  impl.RaftServerImpl (RaftServerImpl.java:setRole(184)) - 61d14648-e80d-4cd8-9e7c-6deb2f21aca8@group-A3037D40E172: changes role from  FOLLOWER to FOLLOWER at term 80 for recognizeCandidate:f143d5cf-4038-4fa8-8601-f5a45f16ca3e
2019-10-19 01:14:31,958 [grpc-default-executor-3] INFO  impl.RoleInfo (RoleInfo.java:shutdownFollowerState(121)) - 61d14648-e80d-4cd8-9e7c-6deb2f21aca8: shutdown FollowerState
2019-10-19 01:14:31,958 [grpc-default-executor-9] INFO  impl.RoleInfo (RoleInfo.java:shutdownFollowerState(121)) - 61d0b7dc-5f8b-422f-8693-c58167224d24: shutdown FollowerState
2019-10-19 01:14:31,958 [Thread-7296] INFO  impl.FollowerState (FollowerState.java:run(117)) - 61d14648-e80d-4cd8-9e7c-6deb2f21aca8@group-A3037D40E172-FollowerState was interrupted: java.lang.InterruptedException: sleep interrupted
2019-10-19 01:14:31,958 [grpc-default-executor-3] INFO  impl.RoleInfo (RoleInfo.java:updateAndGet(143)) - 61d14648-e80d-4cd8-9e7c-6deb2f21aca8: start FollowerState
2019-10-19 01:14:31,958 [Thread-7302] INFO  impl.FollowerState (FollowerState.java:run(117)) - 61d0b7dc-5f8b-422f-8693-c58167224d24@group-20FCFA0487C4-FollowerState was interrupted: java.lang.InterruptedException: sleep interrupted
2019-10-19 01:14:31,958 [grpc-default-executor-9] INFO  impl.RoleInfo (RoleInfo.java:updateAndGet(143)) - 61d0b7dc-5f8b-422f-8693-c58167224d24: start FollowerState
2019-10-19 01:14:31,959 [grpc-default-executor-5] INFO  impl.RaftServerImpl (RaftServerImpl.java:setRole(184)) - 88be3607-7667-471c-9070-7dfd13eb5ac8@group-20FCFA0487C4: changes role from  FOLLOWER to FOLLOWER at term 80 for recognizeCandidate:9c2d914d-67b1-4af9-8080-4d6ee007b506
2019-10-19 01:14:31,959 [grpc-default-executor-5] INFO  impl.RoleInfo (RoleInfo.java:shutdownFollowerState(121)) - 88be3607-7667-471c-9070-7dfd13eb5ac8: shutdown FollowerState
2019-10-19 01:14:31,959 [grpc-default-executor-5] INFO  impl.RoleInfo (RoleInfo.java:updateAndGet(143)) - 88be3607-7667-471c-9070-7dfd13eb5ac8: start FollowerState
2019-10-19 01:14:31,959 [Thread-7301] INFO  impl.FollowerState (FollowerState.java:run(117)) - 88be3607-7667-471c-9070-7dfd13eb5ac8@group-20FCFA0487C4-FollowerState was interrupted: java.lang.InterruptedException: sleep interrupted
2019-10-19 01:14:31,959 [9c2d914d-67b1-4af9-8080-4d6ee007b506@group-20FCFA0487C4-LeaderElection766] INFO  impl.LeaderElection (LeaderElection.java:logAndReturn(56)) - 9c2d914d-67b1-4af9-8080-4d6ee007b506@group-20FCFA0487C4-LeaderElection766: Election TIMEOUT; received 0 response(s) [] and 0 exception(s); 9c2d914d-67b1-4af9-8080-4d6ee007b506@group-20FCFA0487C4:t80, leader=null, voted=9c2d914d-67b1-4af9-8080-4d6ee007b506, raftlog=9c2d914d-67b1-4af9-8080-4d6ee007b506@group-20FCFA0487C4-SegmentedRaftLog:OPENED:c-1,f-1,i0, conf=-1: [88be3607-7667-471c-9070-7dfd13eb5ac8:192.168.69.71:32925, 9c2d914d-67b1-4af9-8080-4d6ee007b506:192.168.69.71:35462, 61d0b7dc-5f8b-422f-8693-c58167224d24:192.168.69.71:43479], old=null
2019-10-19 01:14:31,971 [9c2d914d-67b1-4af9-8080-4d6ee007b506@group-20FCFA0487C4-LeaderElection766] INFO  impl.LeaderElection (LeaderElection.java:askForVotes(178)) - 9c2d914d-67b1-4af9-8080-4d6ee007b506@group-20FCFA0487C4-LeaderElection766: begin an election at term 81 for -1: [88be3607-7667-471c-9070-7dfd13eb5ac8:192.168.69.71:32925, 9c2d914d-67b1-4af9-8080-4d6ee007b506:192.168.69.71:35462, 61d0b7dc-5f8b-422f-8693-c58167224d24:192.168.69.71:43479], old=null
2019-10-19 01:14:31,971 [f143d5cf-4038-4fa8-8601-f5a45f16ca3e@group-A3037D40E172-LeaderElection765] INFO  impl.LeaderElection (LeaderElection.java:logAndReturn(56)) - f143d5cf-4038-4fa8-8601-f5a45f16ca3e@group-A3037D40E172-LeaderElection765: Election REJECTED; received 2 response(s) [f143d5cf-4038-4fa8-8601-f5a45f16ca3e<-2543ffea-c5c6-4af0-856f-eb846bad755a#0:FAIL-t80, f143d5cf-4038-4fa8-8601-f5a45f16ca3e<-61d14648-e80d-4cd8-9e7c-6deb2f21aca8#0:FAIL-t80] and 0 exception(s); f143d5cf-4038-4fa8-8601-f5a45f16ca3e@group-A3037D40E172:t80, leader=null, voted=f143d5cf-4038-4fa8-8601-f5a45f16ca3e, raftlog=f143d5cf-4038-4fa8-8601-f5a45f16ca3e@group-A3037D40E172-SegmentedRaftLog:OPENED:c-1,f-1,i0, conf=-1: [f143d5cf-4038-4fa8-8601-f5a45f16ca3e:192.168.69.71:40169, 2543ffea-c5c6-4af0-856f-eb846bad755a:192.168.69.71:45287, 61d14648-e80d-4cd8-9e7c-6deb2f21aca8:192.168.69.71:42247], old=null
2019-10-19 01:14:31,972 [f143d5cf-4038-4fa8-8601-f5a45f16ca3e@group-A3037D40E172-LeaderElection765] INFO  impl.RaftServerImpl (RaftServerImpl.java:setRole(184)) - f143d5cf-4038-4fa8-8601-f5a45f16ca3e@group-A3037D40E172: changes role from CANDIDATE to FOLLOWER at term 80 for DISCOVERED_A_NEW_TERM
2019-10-19 01:14:31,972 [f143d5cf-4038-4fa8-8601-f5a45f16ca3e@group-A3037D40E172-LeaderElection765] INFO  impl.RoleInfo (RoleInfo.java:shutdownLeaderElection(134)) - f143d5cf-4038-4fa8-8601-f5a45f16ca3e: shutdown LeaderElection
2019-10-19 01:14:31,972 [f143d5cf-4038-4fa8-8601-f5a45f16ca3e@group-A3037D40E172-LeaderElection765] INFO  impl.RoleInfo (RoleInfo.java:updateAndGet(143)) - f143d5cf-4038-4fa8-8601-f5a45f16ca3e: start FollowerState
2019-10-19 01:14:31,972 [grpc-default-executor-10] INFO  impl.RaftServerImpl (RaftServerImpl.java:setRole(184)) - 88be3607-7667-471c-9070-7dfd13eb5ac8@group-20FCFA0487C4: changes role from  FOLLOWER to FOLLOWER at term 81 for recognizeCandidate:9c2d914d-67b1-4af9-8080-4d6ee007b506
2019-10-19 01:14:31,972 [grpc-default-executor-10] INFO  impl.RoleInfo (RoleInfo.java:shutdownFollowerState(121)) - 88be3607-7667-471c-9070-7dfd13eb5ac8: shutdown FollowerState
2019-10-19 01:14:31,972 [grpc-default-executor-10] INFO  impl.RoleInfo (RoleInfo.java:updateAndGet(143)) - 88be3607-7667-471c-9070-7dfd13eb5ac8: start FollowerState
2019-10-19 01:14:31,972 [Thread-7315] INFO  impl.FollowerState (FollowerState.java:run(117)) - 88be3607-7667-471c-9070-7dfd13eb5ac8@group-20FCFA0487C4-FollowerState was interrupted: java.lang.InterruptedException: sleep interrupted
2019-10-19 01:14:31,973 [grpc-default-executor-9] INFO  impl.RaftServerImpl (RaftServerImpl.java:setRole(184)) - 61d0b7dc-5f8b-422f-8693-c58167224d24@group-20FCFA0487C4: changes role from  FOLLOWER to FOLLOWER at term 81 for recognizeCandidate:9c2d914d-67b1-4af9-8080-4d6ee007b506
2019-10-19 01:14:31,973 [grpc-default-executor-9] INFO  impl.RoleInfo (RoleInfo.java:shutdownFollowerState(121)) - 61d0b7dc-5f8b-422f-8693-c58167224d24: shutdown FollowerState
2019-10-19 01:14:31,973 [grpc-default-executor-9] INFO  impl.RoleInfo (RoleInfo.java:updateAndGet(143)) - 61d0b7dc-5f8b-422f-8693-c58167224d24: start FollowerState
2019-10-19 01:14:31,973 [Thread-7314] INFO  impl.FollowerState (FollowerState.java:run(117)) - 61d0b7dc-5f8b-422f-8693-c58167224d24@group-20FCFA0487C4-FollowerState was interrupted: java.lang.InterruptedException: sleep interrupted
2019-10-19 01:14:31,975 [Thread-7318] INFO  impl.FollowerState (FollowerState.java:run(108)) - f143d5cf-4038-4fa8-8601-f5a45f16ca3e@group-A3037D40E172-FollowerState: change to CANDIDATE, lastRpcTime:3ms, electionTimeout:3ms
2019-10-19 01:14:31,975 [Thread-7318] INFO  impl.RoleInfo (RoleInfo.java:shutdownFollowerState(121)) - f143d5cf-4038-4fa8-8601-f5a45f16ca3e: shutdown FollowerState
2019-10-19 01:14:31,975 [Thread-7318] INFO  impl.RaftServerImpl (RaftServerImpl.java:setRole(184)) - f143d5cf-4038-4fa8-8601-f5a45f16ca3e@group-A3037D40E172: changes role from  FOLLOWER to CANDIDATE at term 80 for changeToCandidate
2019-10-19 01:14:31,975 [Thread-7318] INFO  impl.RoleInfo (RoleInfo.java:updateAndGet(143)) - f143d5cf-4038-4fa8-8601-f5a45f16ca3e: start LeaderElection
2019-10-19 01:14:31,986 [f143d5cf-4038-4fa8-8601-f5a45f16ca3e@group-A3037D40E172-LeaderElection767] INFO  impl.LeaderElection (LeaderElection.java:askForVotes(178)) - f143d5cf-4038-4fa8-8601-f5a45f16ca3e@group-A3037D40E172-LeaderElection767: begin an election at term 81 for -1: [f143d5cf-4038-4fa8-8601-f5a45f16ca3e:192.168.69.71:40169, 2543ffea-c5c6-4af0-856f-eb846bad755a:192.168.69.71:45287, 61d14648-e80d-4cd8-9e7c-6deb2f21aca8:192.168.69.71:42247], old=null
2019-10-19 01:14:31,987 [9c2d914d-67b1-4af9-8080-4d6ee007b506@group-20FCFA0487C4-LeaderElection766] INFO  impl.LeaderElection (LeaderElection.java:logAndReturn(56)) - 9c2d914d-67b1-4af9-8080-4d6ee007b506@group-20FCFA0487C4-LeaderElection766: Election REJECTED; received 2 response(s) [9c2d914d-67b1-4af9-8080-4d6ee007b506<-88be3607-7667-471c-9070-7dfd13eb5ac8#0:FAIL-t81, 9c2d914d-67b1-4af9-8080-4d6ee007b506<-61d0b7dc-5f8b-422f-8693-c58167224d24#0:FAIL-t81] and 0 exception(s); 9c2d914d-67b1-4af9-8080-4d6ee007b506@group-20FCFA0487C4:t81, leader=null, voted=9c2d914d-67b1-4af9-8080-4d6ee007b506, raftlog=9c2d914d-67b1-4af9-8080-4d6ee007b506@group-20FCFA0487C4-SegmentedRaftLog:OPENED:c-1,f-1,i0, conf=-1: [88be3607-7667-471c-9070-7dfd13eb5ac8:192.168.69.71:32925, 9c2d914d-67b1-4af9-8080-4d6ee007b506:192.168.69.71:35462, 61d0b7dc-5f8b-422f-8693-c58167224d24:192.168.69.71:43479], old=null
2019-10-19 01:14:31,987 [9c2d914d-67b1-4af9-8080-4d6ee007b506@group-20FCFA0487C4-LeaderElection766] INFO  impl.RaftServerImpl (RaftServerImpl.java:setRole(184)) - 9c2d914d-67b1-4af9-8080-4d6ee007b506@group-20FCFA0487C4: changes role from CANDIDATE to FOLLOWER at term 81 for DISCOVERED_A_NEW_TERM
2019-10-19 01:14:31,987 [9c2d914d-67b1-4af9-8080-4d6ee007b506@group-20FCFA0487C4-LeaderElection766] INFO  impl.RoleInfo (RoleInfo.java:shutdownLeaderElection(134)) - 9c2d914d-67b1-4af9-8080-4d6ee007b506: shutdown LeaderElection
2019-10-19 01:14:31,987 [9c2d914d-67b1-4af9-8080-4d6ee007b506@group-20FCFA0487C4-LeaderElection766] INFO  impl.RoleInfo (RoleInfo.java:updateAndGet(143)) - 9c2d914d-67b1-4af9-8080-4d6ee007b506: start FollowerState
2019-10-19 01:14:31,988 [grpc-default-executor-9] INFO  impl.RaftServerImpl (RaftServerImpl.java:setRole(184)) - 2543ffea-c5c6-4af0-856f-eb846bad755a@group-A3037D40E172: changes role from  FOLLOWER to FOLLOWER at term 81 for recognizeCandidate:f143d5cf-4038-4fa8-8601-f5a45f16ca3e
2019-10-19 01:14:31,988 [grpc-default-executor-9] INFO  impl.RoleInfo (RoleInfo.java:shutdownFollowerState(121)) - 2543ffea-c5c6-4af0-856f-eb846bad755a: shutdown FollowerState
2019-10-19 01:14:31,988 [grpc-default-executor-9] INFO  impl.RoleInfo (RoleInfo.java:updateAndGet(143)) - 2543ffea-c5c6-4af0-856f-eb846bad755a: start FollowerState
2019-10-19 01:14:31,988 [Thread-7312] INFO  impl.FollowerState (FollowerState.java:run(117)) - 2543ffea-c5c6-4af0-856f-eb846bad755a@group-A3037D40E172-FollowerState was interrupted: java.lang.InterruptedException: sleep interrupted
2019-10-19 01:14:31,988 [grpc-default-executor-10] INFO  impl.RaftServerImpl (RaftServerImpl.java:setRole(184)) - 61d14648-e80d-4cd8-9e7c-6deb2f21aca8@group-A3037D40E172: changes role from  FOLLOWER to FOLLOWER at term 81 for recognizeCandidate:f143d5cf-4038-4fa8-8601-f5a45f16ca3e
2019-10-19 01:14:31,988 [grpc-default-executor-10] INFO  impl.RoleInfo (RoleInfo.java:shutdownFollowerState(121)) - 61d14648-e80d-4cd8-9e7c-6deb2f21aca8: shutdown FollowerState
2019-10-19 01:14:31,988 [grpc-default-executor-10] INFO  impl.RoleInfo (RoleInfo.java:updateAndGet(143)) - 61d14648-e80d-4cd8-9e7c-6deb2f21aca8: start FollowerState
2019-10-19 01:14:31,988 [Thread-7313] INFO  impl.FollowerState (FollowerState.java:run(117)) - 61d14648-e80d-4cd8-9e7c-6deb2f21aca8@group-A3037D40E172-FollowerState was interrupted: java.lang.InterruptedException: sleep interrupted
2019-10-19 01:14:32,002 [f143d5cf-4038-4fa8-8601-f5a45f16ca3e@group-A3037D40E172-LeaderElection767] INFO  impl.LeaderElection (LeaderElection.java:logAndReturn(56)) - f143d5cf-4038-4fa8-8601-f5a45f16ca3e@group-A3037D40E172-LeaderElection767: Election REJECTED; received 2 response(s) [f143d5cf-4038-4fa8-8601-f5a45f16ca3e<-2543ffea-c5c6-4af0-856f-eb846bad755a#0:FAIL-t81, f143d5cf-4038-4fa8-8601-f5a45f16ca3e<-61d14648-e80d-4cd8-9e7c-6deb2f21aca8#0:FAIL-t81] and 0 exception(s); f143d5cf-4038-4fa8-8601-f5a45f16ca3e@group-A3037D40E172:t81, leader=null, voted=f143d5cf-4038-4fa8-8601-f5a45f16ca3e, raftlog=f143d5cf-4038-4fa8-8601-f5a45f16ca3e@group-A3037D40E172-SegmentedRaftLog:OPENED:c-1,f-1,i0, conf=-1: [f143d5cf-4038-4fa8-8601-f5a45f16ca3e:192.168.69.71:40169, 2543ffea-c5c6-4af0-856f-eb846bad755a:192.168.69.71:45287, 61d14648-e80d-4cd8-9e7c-6deb2f21aca8:192.168.69.71:42247], old=null
2019-10-19 01:14:32,002 [f143d5cf-4038-4fa8-8601-f5a45f16ca3e@group-A3037D40E172-LeaderElection767] INFO  impl.RaftServerImpl (RaftServerImpl.java:setRole(184)) - f143d5cf-4038-4fa8-8601-f5a45f16ca3e@group-A3037D40E172: changes role from CANDIDATE to FOLLOWER at term 81 for DISCOVERED_A_NEW_TERM
2019-10-19 01:14:32,002 [f143d5cf-4038-4fa8-8601-f5a45f16ca3e@group-A3037D40E172-LeaderElection767] INFO  impl.RoleInfo (RoleInfo.java:shutdownLeaderElection(134)) - f143d5cf-4038-4fa8-8601-f5a45f16ca3e: shutdown LeaderElection
2019-10-19 01:14:32,002 [f143d5cf-4038-4fa8-8601-f5a45f16ca3e@group-A3037D40E172-LeaderElection767] INFO  impl.RoleInfo (RoleInfo.java:updateAndGet(143)) - f143d5cf-4038-4fa8-8601-f5a45f16ca3e: start FollowerState
2019-10-19 01:14:32,026 [Thread-7327] INFO  impl.FollowerState (FollowerState.java:run(108)) - f143d5cf-4038-4fa8-8601-f5a45f16ca3e@group-A3037D40E172-FollowerState: change to CANDIDATE, lastRpcTime:24ms, electionTimeout:24ms
2019-10-19 01:14:32,026 [Thread-7327] INFO  impl.RoleInfo (RoleInfo.java:shutdownFollowerState(121)) - f143d5cf-4038-4fa8-8601-f5a45f16ca3e: shutdown FollowerState
2019-10-19 01:14:32,027 [Thread-7327] INFO  impl.RaftServerImpl (RaftServerImpl.java:setRole(184)) - f143d5cf-4038-4fa8-8601-f5a45f16ca3e@group-A3037D40E172: changes role from  FOLLOWER to CANDIDATE at term 81 for changeToCandidate
2019-10-19 01:14:32,027 [Thread-7327] INFO  impl.RoleInfo (RoleInfo.java:updateAndGet(143)) - f143d5cf-4038-4fa8-8601-f5a45f16ca3e: start LeaderElection
2019-10-19 01:14:32,040 [f143d5cf-4038-4fa8-8601-f5a45f16ca3e@group-A3037D40E172-LeaderElection768] INFO  impl.LeaderElection (LeaderElection.java:askForVotes(178)) - f143d5cf-4038-4fa8-8601-f5a45f16ca3e@group-A3037D40E172-LeaderElection768: begin an election at term 82 for -1: [f143d5cf-4038-4fa8-8601-f5a45f16ca3e:192.168.69.71:40169, 2543ffea-c5c6-4af0-856f-eb846bad755a:192.168.69.71:45287, 61d14648-e80d-4cd8-9e7c-6deb2f21aca8:192.168.69.71:42247], old=null
2019-10-19 01:14:32,041 [grpc-default-executor-9] INFO  impl.RaftServerImpl (RaftServerImpl.java:setRole(184)) - 2543ffea-c5c6-4af0-856f-eb846bad755a@group-A3037D40E172: changes role from  FOLLOWER to FOLLOWER at term 82 for recognizeCandidate:f143d5cf-4038-4fa8-8601-f5a45f16ca3e
2019-10-19 01:14:32,041 [grpc-default-executor-9] INFO  impl.RoleInfo (RoleInfo.java:shutdownFollowerState(121)) - 2543ffea-c5c6-4af0-856f-eb846bad755a: shutdown FollowerState
2019-10-19 01:14:32,041 [grpc-default-executor-10] INFO  impl.RaftServerImpl (RaftServerImpl.java:setRole(184)) - 61d14648-e80d-4cd8-9e7c-6deb2f21aca8@group-A3037D40E172: changes role from  FOLLOWER to FOLLOWER at term 82 for recognizeCandidate:f143d5cf-4038-4fa8-8601-f5a45f16ca3e
2019-10-19 01:14:32,041 [Thread-7325] INFO  impl.FollowerState (FollowerState.java:run(117)) - 2543ffea-c5c6-4af0-856f-eb846bad755a@group-A3037D40E172-FollowerState was interrupted: java.lang.InterruptedException: sleep interrupted
2019-10-19 01:14:32,041 [grpc-default-executor-9] INFO  impl.RoleInfo (RoleInfo.java:updateAndGet(143)) - 2543ffea-c5c6-4af0-856f-eb846bad755a: start FollowerState
2019-10-19 01:14:32,042 [grpc-default-executor-10] INFO  impl.RoleInfo (RoleInfo.java:shutdownFollowerState(121)) - 61d14648-e80d-4cd8-9e7c-6deb2f21aca8: shutdown FollowerState
2019-10-19 01:14:32,042 [grpc-default-executor-10] INFO  impl.RoleInfo (RoleInfo.java:updateAndGet(143)) - 61d14648-e80d-4cd8-9e7c-6deb2f21aca8: start FollowerState
2019-10-19 01:14:32,042 [Thread-7326] INFO  impl.FollowerState (FollowerState.java:run(117)) - 61d14648-e80d-4cd8-9e7c-6deb2f21aca8@group-A3037D40E172-FollowerState was interrupted: java.lang.InterruptedException: sleep interrupted
2019-10-19 01:14:32,056 [f143d5cf-4038-4fa8-8601-f5a45f16ca3e@group-A3037D40E172-LeaderElection768] INFO  impl.LeaderElection (LeaderElection.java:logAndReturn(56)) - f143d5cf-4038-4fa8-8601-f5a45f16ca3e@group-A3037D40E172-LeaderElection768: Election REJECTED; received 2 response(s) [f143d5cf-4038-4fa8-8601-f5a45f16ca3e<-2543ffea-c5c6-4af0-856f-eb846bad755a#0:FAIL-t82, f143d5cf-4038-4fa8-8601-f5a45f16ca3e<-61d14648-e80d-4cd8-9e7c-6deb2f21aca8#0:FAIL-t82] and 0 exception(s); f143d5cf-4038-4fa8-8601-f5a45f16ca3e@group-A3037D40E172:t82, leader=null, voted=f143d5cf-4038-4fa8-8601-f5a45f16ca3e, raftlog=f143d5cf-4038-4fa8-8601-f5a45f16ca3e@group-A3037D40E172-SegmentedRaftLog:OPENED:c-1,f-1,i0, conf=-1: [f143d5cf-4038-4fa8-8601-f5a45f16ca3e:192.168.69.71:40169, 2543ffea-c5c6-4af0-856f-eb846bad755a:192.168.69.71:45287, 61d14648-e80d-4cd8-9e7c-6deb2f21aca8:192.168.69.71:42247], old=null
2019-10-19 01:14:32,056 [f143d5cf-4038-4fa8-8601-f5a45f16ca3e@group-A3037D40E172-LeaderElection768] INFO  impl.RaftServerImpl (RaftServerImpl.java:setRole(184)) - f143d5cf-4038-4fa8-8601-f5a45f16ca3e@group-A3037D40E172: changes role from CANDIDATE to FOLLOWER at term 82 for DISCOVERED_A_NEW_TERM
2019-10-19 01:14:32,056 [f143d5cf-4038-4fa8-8601-f5a45f16ca3e@group-A3037D40E172-LeaderElection768] INFO  impl.RoleInfo (RoleInfo.java:shutdownLeaderElection(134)) - f143d5cf-4038-4fa8-8601-f5a45f16ca3e: shutdown LeaderElection
2019-10-19 01:14:32,056 [f143d5cf-4038-4fa8-8601-f5a45f16ca3e@group-A3037D40E172-LeaderElection768] INFO  impl.RoleInfo (RoleInfo.java:updateAndGet(143)) - f143d5cf-4038-4fa8-8601-f5a45f16ca3e: start FollowerState
2019-10-19 01:14:32,102 [Thread-7333] INFO  impl.FollowerState (FollowerState.java:run(108)) - f143d5cf-4038-4fa8-8601-f5a45f16ca3e@group-A3037D40E172-FollowerState: change to CANDIDATE, lastRpcTime:46ms, electionTimeout:46ms
2019-10-19 01:14:32,103 [Thread-7333] INFO  impl.RoleInfo (RoleInfo.java:shutdownFollowerState(121)) - f143d5cf-4038-4fa8-8601-f5a45f16ca3e: shutdown FollowerState
2019-10-19 01:14:32,103 [Thread-7333] INFO  impl.RaftServerImpl (RaftServerImpl.java:setRole(184)) - f143d5cf-4038-4fa8-8601-f5a45f16ca3e@group-A3037D40E172: changes role from  FOLLOWER to CANDIDATE at term 82 for changeToCandidate
2019-10-19 01:14:32,103 [Thread-7333] INFO  impl.RoleInfo (RoleInfo.java:updateAndGet(143)) - f143d5cf-4038-4fa8-8601-f5a45f16ca3e: start LeaderElection
2019-10-19 01:14:32,144 [f143d5cf-4038-4fa8-8601-f5a45f16ca3e@group-A3037D40E172-LeaderElection769] INFO  impl.LeaderElection (LeaderElection.java:askForVotes(178)) - f143d5cf-4038-4fa8-8601-f5a45f16ca3e@group-A3037D40E172-LeaderElection769: begin an election at term 83 for -1: [f143d5cf-4038-4fa8-8601-f5a45f16ca3e:192.168.69.71:40169, 2543ffea-c5c6-4af0-856f-eb846bad755a:192.168.69.71:45287, 61d14648-e80d-4cd8-9e7c-6deb2f21aca8:192.168.69.71:42247], old=null
2019-10-19 01:14:32,145 [grpc-default-executor-9] INFO  impl.RaftServerImpl (RaftServerImpl.java:setRole(184)) - 2543ffea-c5c6-4af0-856f-eb846bad755a@group-A3037D40E172: changes role from  FOLLOWER to FOLLOWER at term 83 for recognizeCandidate:f143d5cf-4038-4fa8-8601-f5a45f16ca3e
2019-10-19 01:14:32,145 [grpc-default-executor-9] INFO  impl.RoleInfo (RoleInfo.java:shutdownFollowerState(121)) - 2543ffea-c5c6-4af0-856f-eb846bad755a: shutdown FollowerState
2019-10-19 01:14:32,145 [grpc-default-executor-9] INFO  impl.RoleInfo (RoleInfo.java:updateAndGet(143)) - 2543ffea-c5c6-4af0-856f-eb846bad755a: start FollowerState
2019-10-19 01:14:32,145 [Thread-7331] INFO  impl.FollowerState (FollowerState.java:run(117)) - 2543ffea-c5c6-4af0-856f-eb846bad755a@group-A3037D40E172-FollowerState was interrupted: java.lang.InterruptedException: sleep interrupted
2019-10-19 01:14:32,145 [grpc-default-executor-10] INFO  impl.RaftServerImpl (RaftServerImpl.java:setRole(184)) - 61d14648-e80d-4cd8-9e7c-6deb2f21aca8@group-A3037D40E172: changes role from  FOLLOWER to FOLLOWER at term 83 for recognizeCandidate:f143d5cf-4038-4fa8-8601-f5a45f16ca3e
2019-10-19 01:14:32,145 [grpc-default-executor-10] INFO  impl.RoleInfo (RoleInfo.java:shutdownFollowerState(121)) - 61d14648-e80d-4cd8-9e7c-6deb2f21aca8: shutdown FollowerState
2019-10-19 01:14:32,146 [grpc-default-executor-10] INFO  impl.RoleInfo (RoleInfo.java:updateAndGet(143)) - 61d14648-e80d-4cd8-9e7c-6deb2f21aca8: start FollowerState
2019-10-19 01:14:32,146 [Thread-7332] INFO  impl.FollowerState (FollowerState.java:run(117)) - 61d14648-e80d-4cd8-9e7c-6deb2f21aca8@group-A3037D40E172-FollowerState was interrupted: java.lang.InterruptedException: sleep interrupted
2019-10-19 01:14:32,156 [f143d5cf-4038-4fa8-8601-f5a45f16ca3e@group-A3037D40E172-LeaderElection769] INFO  impl.LeaderElection (LeaderElection.java:logAndReturn(56)) - f143d5cf-4038-4fa8-8601-f5a45f16ca3e@group-A3037D40E172-LeaderElection769: Election REJECTED; received 2 response(s) [f143d5cf-4038-4fa8-8601-f5a45f16ca3e<-2543ffea-c5c6-4af0-856f-eb846bad755a#0:FAIL-t83, f143d5cf-4038-4fa8-8601-f5a45f16ca3e<-61d14648-e80d-4cd8-9e7c-6deb2f21aca8#0:FAIL-t83] and 0 exception(s); f143d5cf-4038-4fa8-8601-f5a45f16ca3e@group-A3037D40E172:t83, leader=null, voted=f143d5cf-4038-4fa8-8601-f5a45f16ca3e, raftlog=f143d5cf-4038-4fa8-8601-f5a45f16ca3e@group-A3037D40E172-SegmentedRaftLog:OPENED:c-1,f-1,i0, conf=-1: [f143d5cf-4038-4fa8-8601-f5a45f16ca3e:192.168.69.71:40169, 2543ffea-c5c6-4af0-856f-eb846bad755a:192.168.69.71:45287, 61d14648-e80d-4cd8-9e7c-6deb2f21aca8:192.168.69.71:42247], old=null
2019-10-19 01:14:32,156 [f143d5cf-4038-4fa8-8601-f5a45f16ca3e@group-A3037D40E172-LeaderElection769] INFO  impl.RaftServerImpl (RaftServerImpl.java:setRole(184)) - f143d5cf-4038-4fa8-8601-f5a45f16ca3e@group-A3037D40E172: changes role from CANDIDATE to FOLLOWER at term 83 for DISCOVERED_A_NEW_TERM
2019-10-19 01:14:32,156 [f143d5cf-4038-4fa8-8601-f5a45f16ca3e@group-A3037D40E172-LeaderElection769] INFO  impl.RoleInfo (RoleInfo.java:shutdownLeaderElection(134)) - f143d5cf-4038-4fa8-8601-f5a45f16ca3e: shutdown LeaderElection
2019-10-19 01:14:32,156 [f143d5cf-4038-4fa8-8601-f5a45f16ca3e@group-A3037D40E172-LeaderElection769] INFO  impl.RoleInfo (RoleInfo.java:updateAndGet(143)) - f143d5cf-4038-4fa8-8601-f5a45f16ca3e: start FollowerState
2019-10-19 01:14:32,169 [Thread-7324] INFO  impl.FollowerState (FollowerState.java:run(108)) - 9c2d914d-67b1-4af9-8080-4d6ee007b506@group-20FCFA0487C4-FollowerState: change to CANDIDATE, lastRpcTime:182ms, electionTimeout:182ms
2019-10-19 01:14:32,170 [Thread-7324] INFO  impl.RoleInfo (RoleInfo.java:shutdownFollowerState(121)) - 9c2d914d-67b1-4af9-8080-4d6ee007b506: shutdown FollowerState
2019-10-19 01:14:32,170 [Thread-7324] INFO  impl.RaftServerImpl (RaftServerImpl.java:setRole(184)) - 9c2d914d-67b1-4af9-8080-4d6ee007b506@group-20FCFA0487C4: changes role from  FOLLOWER to CANDIDATE at term 81 for changeToCandidate
2019-10-19 01:14:32,170 [Thread-7324] INFO  impl.RoleInfo (RoleInfo.java:updateAndGet(143)) - 9c2d914d-67b1-4af9-8080-4d6ee007b506: start LeaderElection
2019-10-19 01:14:32,185 [9c2d914d-67b1-4af9-8080-4d6ee007b506@group-20FCFA0487C4-LeaderElection770] INFO  impl.LeaderElection (LeaderElection.java:askForVotes(178)) - 9c2d914d-67b1-4af9-8080-4d6ee007b506@group-20FCFA0487C4-LeaderElection770: begin an election at term 82 for -1: [88be3607-7667-471c-9070-7dfd13eb5ac8:192.168.69.71:32925, 9c2d914d-67b1-4af9-8080-4d6ee007b506:192.168.69.71:35462, 61d0b7dc-5f8b-422f-8693-c58167224d24:192.168.69.71:43479], old=null
2019-10-19 01:14:32,186 [grpc-default-executor-10] INFO  impl.RaftServerImpl (RaftServerImpl.java:setRole(184)) - 88be3607-7667-471c-9070-7dfd13eb5ac8@group-20FCFA0487C4: changes role from  FOLLOWER to FOLLOWER at term 82 for recognizeCandidate:9c2d914d-67b1-4af9-8080-4d6ee007b506
2019-10-19 01:14:32,186 [grpc-default-executor-10] INFO  impl.RoleInfo (RoleInfo.java:shutdownFollowerState(121)) - 88be3607-7667-471c-9070-7dfd13eb5ac8: shutdown FollowerState
2019-10-19 01:14:32,186 [grpc-default-executor-9] INFO  impl.RaftServerImpl (RaftServerImpl.java:setRole(184)) - 61d0b7dc-5f8b-422f-8693-c58167224d24@group-20FCFA0487C4: changes role from  FOLLOWER to FOLLOWER at term 82 for recognizeCandidate:9c2d914d-67b1-4af9-8080-4d6ee007b506
2019-10-19 01:14:32,186 [grpc-default-executor-9] INFO  impl.RoleInfo (RoleInfo.java:shutdownFollowerState(121)) - 61d0b7dc-5f8b-422f-8693-c58167224d24: shutdown FollowerState
2019-10-19 01:14:32,186 [Thread-7319] INFO  impl.FollowerState (FollowerState.java:run(117)) - 88be3607-7667-471c-9070-7dfd13eb5ac8@group-20FCFA0487C4-FollowerState was interrupted: java.lang.InterruptedException: sleep interrupted
2019-10-19 01:14:32,187 [Thread-7320] INFO  impl.FollowerState (FollowerState.java:run(117)) - 61d0b7dc-5f8b-422f-8693-c58167224d24@group-20FCFA0487C4-FollowerState was interrupted: java.lang.InterruptedException: sleep interrupted
2019-10-19 01:14:32,186 [grpc-default-executor-10] INFO  impl.RoleInfo (RoleInfo.java:updateAndGet(143)) - 88be3607-7667-471c-9070-7dfd13eb5ac8: start FollowerState
2019-10-19 01:14:32,187 [grpc-default-executor-9] INFO  impl.RoleInfo (RoleInfo.java:updateAndGet(143)) - 61d0b7dc-5f8b-422f-8693-c58167224d24: start FollowerState
2019-10-19 01:14:32,197 [9c2d914d-67b1-4af9-8080-4d6ee007b506@group-20FCFA0487C4-LeaderElection770] INFO  impl.LeaderElection (LeaderElection.java:logAndReturn(56)) - 9c2d914d-67b1-4af9-8080-4d6ee007b506@group-20FCFA0487C4-LeaderElection770: Election REJECTED; received 2 response(s) [9c2d914d-67b1-4af9-8080-4d6ee007b506<-88be3607-7667-471c-9070-7dfd13eb5ac8#0:FAIL-t82, 9c2d914d-67b1-4af9-8080-4d6ee007b506<-61d0b7dc-5f8b-422f-8693-c58167224d24#0:FAIL-t82] and 0 exception(s); 9c2d914d-67b1-4af9-8080-4d6ee007b506@group-20FCFA0487C4:t82, leader=null, voted=9c2d914d-67b1-4af9-8080-4d6ee007b506, raftlog=9c2d914d-67b1-4af9-8080-4d6ee007b506@group-20FCFA0487C4-SegmentedRaftLog:OPENED:c-1,f-1,i0, conf=-1: [88be3607-7667-471c-9070-7dfd13eb5ac8:192.168.69.71:32925, 9c2d914d-67b1-4af9-8080-4d6ee007b506:192.168.69.71:35462, 61d0b7dc-5f8b-422f-8693-c58167224d24:192.168.69.71:43479], old=null
2019-10-19 01:14:32,197 [9c2d914d-67b1-4af9-8080-4d6ee007b506@group-20FCFA0487C4-LeaderElection770] INFO  impl.RaftServerImpl (RaftServerImpl.java:setRole(184)) - 9c2d914d-67b1-4af9-8080-4d6ee007b506@group-20FCFA0487C4: changes role from CANDIDATE to FOLLOWER at term 82 for DISCOVERED_A_NEW_TERM
2019-10-19 01:14:32,197 [9c2d914d-67b1-4af9-8080-4d6ee007b506@group-20FCFA0487C4-LeaderElection770] INFO  impl.RoleInfo (RoleInfo.java:shutdownLeaderElection(134)) - 9c2d914d-67b1-4af9-8080-4d6ee007b506: shutdown LeaderElection
2019-10-19 01:14:32,197 [9c2d914d-67b1-4af9-8080-4d6ee007b506@group-20FCFA0487C4-LeaderElection770] INFO  impl.RoleInfo (RoleInfo.java:updateAndGet(143)) - 9c2d914d-67b1-4af9-8080-4d6ee007b506: start FollowerState
2019-10-19 01:14:32,288 [Thread-7347] INFO  impl.FollowerState (FollowerState.java:run(108)) - 9c2d914d-67b1-4af9-8080-4d6ee007b506@group-20FCFA0487C4-FollowerState: change to CANDIDATE, lastRpcTime:91ms, electionTimeout:91ms
2019-10-19 01:14:32,288 [Thread-7347] INFO  impl.RoleInfo (RoleInfo.java:shutdownFollowerState(121)) - 9c2d914d-67b1-4af9-8080-4d6ee007b506: shutdown FollowerState
2019-10-19 01:14:32,288 [Thread-7347] INFO  impl.RaftServerImpl (RaftServerImpl.java:setRole(184)) - 9c2d914d-67b1-4af9-8080-4d6ee007b506@group-20FCFA0487C4: changes role from  FOLLOWER to CANDIDATE at term 82 for changeToCandidate
2019-10-19 01:14:32,289 [Thread-7347] INFO  impl.RoleInfo (RoleInfo.java:updateAndGet(143)) - 9c2d914d-67b1-4af9-8080-4d6ee007b506: start LeaderElection
2019-10-19 01:14:32,300 [Thread-7341] INFO  impl.FollowerState (FollowerState.java:run(108)) - f143d5cf-4038-4fa8-8601-f5a45f16ca3e@group-A3037D40E172-FollowerState: change to CANDIDATE, lastRpcTime:143ms, electionTimeout:143ms
2019-10-19 01:14:32,300 [Thread-7341] INFO  impl.RoleInfo (RoleInfo.java:shutdownFollowerState(121)) - f143d5cf-4038-4fa8-8601-f5a45f16ca3e: shutdown FollowerState
2019-10-19 01:14:32,300 [Thread-7341] INFO  impl.RaftServerImpl (RaftServerImpl.java:setRole(184)) - f143d5cf-4038-4fa8-8601-f5a45f16ca3e@group-A3037D40E172: changes role from  FOLLOWER to CANDIDATE at term 83 for changeToCandidate
2019-10-19 01:14:32,300 [Thread-7341] INFO  impl.RoleInfo (RoleInfo.java:updateAndGet(143)) - f143d5cf-4038-4fa8-8601-f5a45f16ca3e: start LeaderElection
2019-10-19 01:14:32,302 [9c2d914d-67b1-4af9-8080-4d6ee007b506@group-20FCFA0487C4-LeaderElection771] INFO  impl.LeaderElection (LeaderElection.java:askForVotes(178)) - 9c2d914d-67b1-4af9-8080-4d6ee007b506@group-20FCFA0487C4-LeaderElection771: begin an election at term 83 for -1: [88be3607-7667-471c-9070-7dfd13eb5ac8:192.168.69.71:32925, 9c2d914d-67b1-4af9-8080-4d6ee007b506:192.168.69.71:35462, 61d0b7dc-5f8b-422f-8693-c58167224d24:192.168.69.71:43479], old=null
2019-10-19 01:14:32,304 [grpc-default-executor-9] INFO  impl.RaftServerImpl (RaftServerImpl.java:setRole(184)) - 88be3607-7667-471c-9070-7dfd13eb5ac8@group-20FCFA0487C4: changes role from  FOLLOWER to FOLLOWER at term 83 for recognizeCandidate:9c2d914d-67b1-4af9-8080-4d6ee007b506
2019-10-19 01:14:32,304 [grpc-default-executor-9] INFO  impl.RoleInfo (RoleInfo.java:shutdownFollowerState(121)) - 88be3607-7667-471c-9070-7dfd13eb5ac8: shutdown FollowerState
2019-10-19 01:14:32,304 [grpc-default-executor-10] INFO  impl.RaftServerImpl (RaftServerImpl.java:setRole(184)) - 61d0b7dc-5f8b-422f-8693-c58167224d24@group-20FCFA0487C4: changes role from  FOLLOWER to FOLLOWER at term 83 for recognizeCandidate:9c2d914d-67b1-4af9-8080-4d6ee007b506
2019-10-19 01:14:32,304 [Thread-7345] INFO  impl.FollowerState (FollowerState.java:run(117)) - 88be3607-7667-471c-9070-7dfd13eb5ac8@group-20FCFA0487C4-FollowerState was interrupted: java.lang.InterruptedException: sleep interrupted
2019-10-19 01:14:32,304 [grpc-default-executor-9] INFO  impl.RoleInfo (RoleInfo.java:updateAndGet(143)) - 88be3607-7667-471c-9070-7dfd13eb5ac8: start FollowerState
2019-10-19 01:14:32,304 [f143d5cf-4038-4fa8-8601-f5a45f16ca3e@group-A3037D40E172-LeaderElection772] INFO  impl.LeaderElection (LeaderElection.java:askForVotes(178)) - f143d5cf-4038-4fa8-8601-f5a45f16ca3e@group-A3037D40E172-LeaderElection772: begin an election at term 84 for -1: [f143d5cf-4038-4fa8-8601-f5a45f16ca3e:192.168.69.71:40169, 2543ffea-c5c6-4af0-856f-eb846bad755a:192.168.69.71:45287, 61d14648-e80d-4cd8-9e7c-6deb2f21aca8:192.168.69.71:42247], old=null
2019-10-19 01:14:32,304 [grpc-default-executor-10] INFO  impl.RoleInfo (RoleInfo.java:shutdownFollowerState(121)) - 61d0b7dc-5f8b-422f-8693-c58167224d24: shutdown FollowerState
2019-10-19 01:14:32,305 [Thread-7346] INFO  impl.FollowerState (FollowerState.java:run(117)) - 61d0b7dc-5f8b-422f-8693-c58167224d24@group-20FCFA0487C4-FollowerState was interrupted: java.lang.InterruptedException: sleep interrupted
2019-10-19 01:14:32,305 [grpc-default-executor-10] INFO  impl.RoleInfo (RoleInfo.java:updateAndGet(143)) - 61d0b7dc-5f8b-422f-8693-c58167224d24: start FollowerState
2019-10-19 01:14:32,305 [grpc-default-executor-5] INFO  impl.RaftServerImpl (RaftServerImpl.java:setRole(184)) - 2543ffea-c5c6-4af0-856f-eb846bad755a@group-A3037D40E172: changes role from  FOLLOWER to FOLLOWER at term 84 for recognizeCandidate:f143d5cf-4038-4fa8-8601-f5a45f16ca3e
2019-10-19 01:14:32,305 [grpc-default-executor-5] INFO  impl.RoleInfo (RoleInfo.java:shutdownFollowerState(121)) - 2543ffea-c5c6-4af0-856f-eb846bad755a: shutdown FollowerState
2019-10-19 01:14:32,305 [grpc-default-executor-3] INFO  impl.RaftServerImpl (RaftServerImpl.java:setRole(184)) - 61d14648-e80d-4cd8-9e7c-6deb2f21aca8@group-A3037D40E172: changes role from  FOLLOWER to FOLLOWER at term 84 for recognizeCandidate:f143d5cf-4038-4fa8-8601-f5a45f16ca3e
2019-10-19 01:14:32,306 [Thread-7339] INFO  impl.FollowerState (FollowerState.java:run(117)) - 2543ffea-c5c6-4af0-856f-eb846bad755a@group-A3037D40E172-FollowerState was interrupted: java.lang.InterruptedException: sleep interrupted
2019-10-19 01:14:32,305 [grpc-default-executor-5] INFO  impl.RoleInfo (RoleInfo.java:updateAndGet(143)) - 2543ffea-c5c6-4af0-856f-eb846bad755a: start FollowerState
2019-10-19 01:14:32,306 [grpc-default-executor-3] INFO  impl.RoleInfo (RoleInfo.java:shutdownFollowerState(121)) - 61d14648-e80d-4cd8-9e7c-6deb2f21aca8: shutdown FollowerState
2019-10-19 01:14:32,306 [grpc-default-executor-3] INFO  impl.RoleInfo (RoleInfo.java:updateAndGet(143)) - 61d14648-e80d-4cd8-9e7c-6deb2f21aca8: start FollowerState
2019-10-19 01:14:32,306 [Thread-7340] INFO  impl.FollowerState (FollowerState.java:run(117)) - 61d14648-e80d-4cd8-9e7c-6deb2f21aca8@group-A3037D40E172-FollowerState was interrupted: java.lang.InterruptedException: sleep interrupted
2019-10-19 01:14:32,319 [9c2d914d-67b1-4af9-8080-4d6ee007b506@group-20FCFA0487C4-LeaderElection771] INFO  impl.LeaderElection (LeaderElection.java:logAndReturn(56)) - 9c2d914d-67b1-4af9-8080-4d6ee007b506@group-20FCFA0487C4-LeaderElection771: Election REJECTED; received 2 response(s) [9c2d914d-67b1-4af9-8080-4d6ee007b506<-88be3607-7667-471c-9070-7dfd13eb5ac8#0:FAIL-t83, 9c2d914d-67b1-4af9-8080-4d6ee007b506<-61d0b7dc-5f8b-422f-8693-c58167224d24#0:FAIL-t83] and 0 exception(s); 9c2d914d-67b1-4af9-8080-4d6ee007b506@group-20FCFA0487C4:t83, leader=null, voted=9c2d914d-67b1-4af9-8080-4d6ee007b506, raftlog=9c2d914d-67b1-4af9-8080-4d6ee007b506@group-20FCFA0487C4-SegmentedRaftLog:OPENED:c-1,f-1,i0, conf=-1: [88be3607-7667-471c-9070-7dfd13eb5ac8:192.168.69.71:32925, 9c2d914d-67b1-4af9-8080-4d6ee007b506:192.168.69.71:35462, 61d0b7dc-5f8b-422f-8693-c58167224d24:192.168.69.71:43479], old=null
2019-10-19 01:14:32,319 [f143d5cf-4038-4fa8-8601-f5a45f16ca3e@group-A3037D40E172-LeaderElection772] INFO  impl.LeaderElection (LeaderElection.java:logAndReturn(56)) - f143d5cf-4038-4fa8-8601-f5a45f16ca3e@group-A3037D40E172-LeaderElection772: Election REJECTED; received 2 response(s) [f143d5cf-4038-4fa8-8601-f5a45f16ca3e<-2543ffea-c5c6-4af0-856f-eb846bad755a#0:FAIL-t84, f143d5cf-4038-4fa8-8601-f5a45f16ca3e<-61d14648-e80d-4cd8-9e7c-6deb2f21aca8#0:FAIL-t84] and 0 exception(s); f143d5cf-4038-4fa8-8601-f5a45f16ca3e@group-A3037D40E172:t84, leader=null, voted=f143d5cf-4038-4fa8-8601-f5a45f16ca3e, raftlog=f143d5cf-4038-4fa8-8601-f5a45f16ca3e@group-A3037D40E172-SegmentedRaftLog:OPENED:c-1,f-1,i0, conf=-1: [f143d5cf-4038-4fa8-8601-f5a45f16ca3e:192.168.69.71:40169, 2543ffea-c5c6-4af0-856f-eb846bad755a:192.168.69.71:45287, 61d14648-e80d-4cd8-9e7c-6deb2f21aca8:192.168.69.71:42247], old=null
2019-10-19 01:14:32,319 [9c2d914d-67b1-4af9-8080-4d6ee007b506@group-20FCFA0487C4-LeaderElection771] INFO  impl.RaftServerImpl (RaftServerImpl.java:setRole(184)) - 9c2d914d-67b1-4af9-8080-4d6ee007b506@group-20FCFA0487C4: changes role from CANDIDATE to FOLLOWER at term 83 for DISCOVERED_A_NEW_TERM
2019-10-19 01:14:32,319 [f143d5cf-4038-4fa8-8601-f5a45f16ca3e@group-A3037D40E172-LeaderElection772] INFO  impl.RaftServerImpl (RaftServerImpl.java:setRole(184)) - f143d5cf-4038-4fa8-8601-f5a45f16ca3e@group-A3037D40E172: changes role from CANDIDATE to FOLLOWER at term 84 for DISCOVERED_A_NEW_TERM
2019-10-19 01:14:32,319 [9c2d914d-67b1-4af9-8080-4d6ee007b506@group-20FCFA0487C4-LeaderElection771] INFO  impl.RoleInfo (RoleInfo.java:shutdownLeaderElection(134)) - 9c2d914d-67b1-4af9-8080-4d6ee007b506: shutdown LeaderElection
2019-10-19 01:14:32,319 [f143d5cf-4038-4fa8-8601-f5a45f16ca3e@group-A3037D40E172-LeaderElection772] INFO  impl.RoleInfo (RoleInfo.java:shutdownLeaderElection(134)) - f143d5cf-4038-4fa8-8601-f5a45f16ca3e: shutdown LeaderElection
2019-10-19 01:14:32,320 [9c2d914d-67b1-4af9-8080-4d6ee007b506@group-20FCFA0487C4-LeaderElection771] INFO  impl.RoleInfo (RoleInfo.java:updateAndGet(143)) - 9c2d914d-67b1-4af9-8080-4d6ee007b506: start FollowerState
2019-10-19 01:14:32,320 [f143d5cf-4038-4fa8-8601-f5a45f16ca3e@group-A3037D40E172-LeaderElection772] INFO  impl.RoleInfo (RoleInfo.java:updateAndGet(143)) - f143d5cf-4038-4fa8-8601-f5a45f16ca3e: start FollowerState
2019-10-19 01:14:32,468 [Thread-7358] INFO  impl.FollowerState (FollowerState.java:run(108)) - 9c2d914d-67b1-4af9-8080-4d6ee007b506@group-20FCFA0487C4-FollowerState: change to CANDIDATE, lastRpcTime:148ms, electionTimeout:148ms
2019-10-19 01:14:32,468 [Thread-7358] INFO  impl.RoleInfo (RoleInfo.java:shutdownFollowerState(121)) - 9c2d914d-67b1-4af9-8080-4d6ee007b506: shutdown FollowerState
2019-10-19 01:14:32,468 [Thread-7358] INFO  impl.RaftServerImpl (RaftServerImpl.java:setRole(184)) - 9c2d914d-67b1-4af9-8080-4d6ee007b506@group-20FCFA0487C4: changes role from  FOLLOWER to CANDIDATE at term 83 for changeToCandidate
2019-10-19 01:14:32,468 [Thread-7358] INFO  impl.RoleInfo (RoleInfo.java:updateAndGet(143)) - 9c2d914d-67b1-4af9-8080-4d6ee007b506: start LeaderElection
2019-10-19 01:14:32,481 [9c2d914d-67b1-4af9-8080-4d6ee007b506@group-20FCFA0487C4-LeaderElection773] INFO  impl.LeaderElection (LeaderElection.java:askForVotes(178)) - 9c2d914d-67b1-4af9-8080-4d6ee007b506@group-20FCFA0487C4-LeaderElection773: begin an election at term 84 for -1: [88be3607-7667-471c-9070-7dfd13eb5ac8:192.168.69.71:32925, 9c2d914d-67b1-4af9-8080-4d6ee007b506:192.168.69.71:35462, 61d0b7dc-5f8b-422f-8693-c58167224d24:192.168.69.71:43479], old=null
2019-10-19 01:14:32,483 [grpc-default-executor-10] INFO  impl.RaftServerImpl (RaftServerImpl.java:setRole(184)) - 88be3607-7667-471c-9070-7dfd13eb5ac8@group-20FCFA0487C4: changes role from  FOLLOWER to FOLLOWER at term 84 for recognizeCandidate:9c2d914d-67b1-4af9-8080-4d6ee007b506
2019-10-19 01:14:32,483 [grpc-default-executor-3] INFO  impl.RaftServerImpl (RaftServerImpl.java:setRole(184)) - 61d0b7dc-5f8b-422f-8693-c58167224d24@group-20FCFA0487C4: changes role from  FOLLOWER to FOLLOWER at term 84 for recognizeCandidate:9c2d914d-67b1-4af9-8080-4d6ee007b506
2019-10-19 01:14:32,483 [grpc-default-executor-3] INFO  impl.RoleInfo (RoleInfo.java:shutdownFollowerState(121)) - 61d0b7dc-5f8b-422f-8693-c58167224d24: shutdown FollowerState
2019-10-19 01:14:32,483 [grpc-default-executor-10] INFO  impl.RoleInfo (RoleInfo.java:shutdownFollowerState(121)) - 88be3607-7667-471c-9070-7dfd13eb5ac8: shutdown FollowerState
2019-10-19 01:14:32,484 [Thread-7355] INFO  impl.FollowerState (FollowerState.java:run(117)) - 61d0b7dc-5f8b-422f-8693-c58167224d24@group-20FCFA0487C4-FollowerState was interrupted: java.lang.InterruptedException: sleep interrupted
2019-10-19 01:14:32,483 [grpc-default-executor-3] INFO  impl.RoleInfo (RoleInfo.java:updateAndGet(143)) - 61d0b7dc-5f8b-422f-8693-c58167224d24: start FollowerState
2019-10-19 01:14:32,484 [Thread-7352] INFO  impl.FollowerState (FollowerState.java:run(117)) - 88be3607-7667-471c-9070-7dfd13eb5ac8@group-20FCFA0487C4-FollowerState was interrupted: java.lang.InterruptedException: sleep interrupted
2019-10-19 01:14:32,484 [grpc-default-executor-10] INFO  impl.RoleInfo (RoleInfo.java:updateAndGet(143)) - 88be3607-7667-471c-9070-7dfd13eb5ac8: start FollowerState
2019-10-19 01:14:32,490 [9c2d914d-67b1-4af9-8080-4d6ee007b506@group-20FCFA0487C4-LeaderElection773] INFO  impl.LeaderElection (LeaderElection.java:logAndReturn(56)) - 9c2d914d-67b1-4af9-8080-4d6ee007b506@group-20FCFA0487C4-LeaderElection773: Election TIMEOUT; received 0 response(s) [] and 0 exception(s); 9c2d914d-67b1-4af9-8080-4d6ee007b506@group-20FCFA0487C4:t84, leader=null, voted=9c2d914d-67b1-4af9-8080-4d6ee007b506, raftlog=9c2d914d-67b1-4af9-8080-4d6ee007b506@group-20FCFA0487C4-SegmentedRaftLog:OPENED:c-1,f-1,i0, conf=-1: [88be3607-7667-471c-9070-7dfd13eb5ac8:192.168.69.71:32925, 9c2d914d-67b1-4af9-8080-4d6ee007b506:192.168.69.71:35462, 61d0b7dc-5f8b-422f-8693-c58167224d24:192.168.69.71:43479], old=null
2019-10-19 01:14:32,497 [9c2d914d-67b1-4af9-8080-4d6ee007b506@group-20FCFA0487C4-LeaderElection773] INFO  impl.LeaderElection (LeaderElection.java:askForVotes(178)) - 9c2d914d-67b1-4af9-8080-4d6ee007b506@group-20FCFA0487C4-LeaderElection773: begin an election at term 85 for -1: [88be3607-7667-471c-9070-7dfd13eb5ac8:192.168.69.71:32925, 9c2d914d-67b1-4af9-8080-4d6ee007b506:192.168.69.71:35462, 61d0b7dc-5f8b-422f-8693-c58167224d24:192.168.69.71:43479], old=null
2019-10-19 01:14:32,498 [grpc-default-executor-3] INFO  impl.RaftServerImpl (RaftServerImpl.java:setRole(184)) - 88be3607-7667-471c-9070-7dfd13eb5ac8@group-20FCFA0487C4: changes role from  FOLLOWER to FOLLOWER at term 85 for recognizeCandidate:9c2d914d-67b1-4af9-8080-4d6ee007b506
2019-10-19 01:14:32,498 [grpc-default-executor-3] INFO  impl.RoleInfo (RoleInfo.java:shutdownFollowerState(121)) - 88be3607-7667-471c-9070-7dfd13eb5ac8: shutdown FollowerState
2019-10-19 01:14:32,498 [grpc-default-executor-10] INFO  impl.RaftServerImpl (RaftServerImpl.java:setRole(184)) - 61d0b7dc-5f8b-422f-8693-c58167224d24@group-20FCFA0487C4: changes role from  FOLLOWER to FOLLOWER at term 85 for recognizeCandidate:9c2d914d-67b1-4af9-8080-4d6ee007b506
2019-10-19 01:14:32,499 [grpc-default-executor-10] INFO  impl.RoleInfo (RoleInfo.java:shutdownFollowerState(121)) - 61d0b7dc-5f8b-422f-8693-c58167224d24: shutdown FollowerState
2019-10-19 01:14:32,499 [Thread-7364] INFO  impl.FollowerState (FollowerState.java:run(117)) - 88be3607-7667-471c-9070-7dfd13eb5ac8@group-20FCFA0487C4-FollowerState was interrupted: java.lang.InterruptedException: sleep interrupted
2019-10-19 01:14:32,498 [grpc-default-executor-3] INFO  impl.RoleInfo (RoleInfo.java:updateAndGet(143)) - 88be3607-7667-471c-9070-7dfd13eb5ac8: start FollowerState
2019-10-19 01:14:32,499 [Thread-7363] INFO  impl.FollowerState (FollowerState.java:run(117)) - 61d0b7dc-5f8b-422f-8693-c58167224d24@group-20FCFA0487C4-FollowerState was interrupted: java.lang.InterruptedException: sleep interrupted
2019-10-19 01:14:32,499 [grpc-default-executor-10] INFO  impl.RoleInfo (RoleInfo.java:updateAndGet(143)) - 61d0b7dc-5f8b-422f-8693-c58167224d24: start FollowerState
2019-10-19 01:14:32,506 [9c2d914d-67b1-4af9-8080-4d6ee007b506@group-20FCFA0487C4-LeaderElection773] INFO  impl.LeaderElection (LeaderElection.java:logAndReturn(56)) - 9c2d914d-67b1-4af9-8080-4d6ee007b506@group-20FCFA0487C4-LeaderElection773: Election REJECTED; received 2 response(s) [9c2d914d-67b1-4af9-8080-4d6ee007b506<-88be3607-7667-471c-9070-7dfd13eb5ac8#0:FAIL-t85, 9c2d914d-67b1-4af9-8080-4d6ee007b506<-61d0b7dc-5f8b-422f-8693-c58167224d24#0:FAIL-t85] and 0 exception(s); 9c2d914d-67b1-4af9-8080-4d6ee007b506@group-20FCFA0487C4:t85, leader=null, voted=9c2d914d-67b1-4af9-8080-4d6ee007b506, raftlog=9c2d914d-67b1-4af9-8080-4d6ee007b506@group-20FCFA0487C4-SegmentedRaftLog:OPENED:c-1,f-1,i0, conf=-1: [88be3607-7667-471c-9070-7dfd13eb5ac8:192.168.69.71:32925, 9c2d914d-67b1-4af9-8080-4d6ee007b506:192.168.69.71:35462, 61d0b7dc-5f8b-422f-8693-c58167224d24:192.168.69.71:43479], old=null
2019-10-19 01:14:32,506 [9c2d914d-67b1-4af9-8080-4d6ee007b506@group-20FCFA0487C4-LeaderElection773] INFO  impl.RaftServerImpl (RaftServerImpl.java:setRole(184)) - 9c2d914d-67b1-4af9-8080-4d6ee007b506@group-20FCFA0487C4: changes role from CANDIDATE to FOLLOWER at term 85 for DISCOVERED_A_NEW_TERM
2019-10-19 01:14:32,506 [9c2d914d-67b1-4af9-8080-4d6ee007b506@group-20FCFA0487C4-LeaderElection773] INFO  impl.RoleInfo (RoleInfo.java:shutdownLeaderElection(134)) - 9c2d914d-67b1-4af9-8080-4d6ee007b506: shutdown LeaderElection
2019-10-19 01:14:32,506 [9c2d914d-67b1-4af9-8080-4d6ee007b506@group-20FCFA0487C4-LeaderElection773] INFO  impl.RoleInfo (RoleInfo.java:updateAndGet(143)) - 9c2d914d-67b1-4af9-8080-4d6ee007b506: start FollowerState
2019-10-19 01:14:32,515 [Thread-7359] INFO  impl.FollowerState (FollowerState.java:run(108)) - f143d5cf-4038-4fa8-8601-f5a45f16ca3e@group-A3037D40E172-FollowerState: change to CANDIDATE, lastRpcTime:195ms, electionTimeout:195ms
2019-10-19 01:14:32,515 [Thread-7359] INFO  impl.RoleInfo (RoleInfo.java:shutdownFollowerState(121)) - f143d5cf-4038-4fa8-8601-f5a45f16ca3e: shutdown FollowerState
2019-10-19 01:14:32,515 [Thread-7359] INFO  impl.RaftServerImpl (RaftServerImpl.java:setRole(184)) - f143d5cf-4038-4fa8-8601-f5a45f16ca3e@group-A3037D40E172: changes role from  FOLLOWER to CANDIDATE at term 84 for changeToCandidate
2019-10-19 01:14:32,515 [Thread-7359] INFO  impl.RoleInfo (RoleInfo.java:updateAndGet(143)) - f143d5cf-4038-4fa8-8601-f5a45f16ca3e: start LeaderElection
2019-10-19 01:14:32,522 [f143d5cf-4038-4fa8-8601-f5a45f16ca3e@group-A3037D40E172-LeaderElection774] INFO  impl.LeaderElection (LeaderElection.java:askForVotes(178)) - f143d5cf-4038-4fa8-8601-f5a45f16ca3e@group-A3037D40E172-LeaderElection774: begin an election at term 85 for -1: [f143d5cf-4038-4fa8-8601-f5a45f16ca3e:192.168.69.71:40169, 2543ffea-c5c6-4af0-856f-eb846bad755a:192.168.69.71:45287, 61d14648-e80d-4cd8-9e7c-6deb2f21aca8:192.168.69.71:42247], old=null
2019-10-19 01:14:32,523 [grpc-default-executor-3] INFO  impl.RaftServerImpl (RaftServerImpl.java:setRole(184)) - 2543ffea-c5c6-4af0-856f-eb846bad755a@group-A3037D40E172: changes role from  FOLLOWER to FOLLOWER at term 85 for recognizeCandidate:f143d5cf-4038-4fa8-8601-f5a45f16ca3e
2019-10-19 01:14:32,523 [grpc-default-executor-3] INFO  impl.RoleInfo (RoleInfo.java:shutdownFollowerState(121)) - 2543ffea-c5c6-4af0-856f-eb846bad755a: shutdown FollowerState
2019-10-19 01:14:32,523 [grpc-default-executor-10] INFO  impl.RaftServerImpl (RaftServerImpl.java:setRole(184)) - 61d14648-e80d-4cd8-9e7c-6deb2f21aca8@group-A3037D40E172: changes role from  FOLLOWER to FOLLOWER at term 85 for recognizeCandidate:f143d5cf-4038-4fa8-8601-f5a45f16ca3e
2019-10-19 01:14:32,523 [Thread-7356] INFO  impl.FollowerState (FollowerState.java:run(117)) - 2543ffea-c5c6-4af0-856f-eb846bad755a@group-A3037D40E172-FollowerState was interrupted: java.lang.InterruptedException: sleep interrupted
2019-10-19 01:14:32,523 [grpc-default-executor-3] INFO  impl.RoleInfo (RoleInfo.java:updateAndGet(143)) - 2543ffea-c5c6-4af0-856f-eb846bad755a: start FollowerState
2019-10-19 01:14:32,523 [grpc-default-executor-10] INFO  impl.RoleInfo (RoleInfo.java:shutdownFollowerState(121)) - 61d14648-e80d-4cd8-9e7c-6deb2f21aca8: shutdown FollowerState
2019-10-19 01:14:32,524 [grpc-default-executor-10] INFO  impl.RoleInfo (RoleInfo.java:updateAndGet(143)) - 61d14648-e80d-4cd8-9e7c-6deb2f21aca8: start FollowerState
2019-10-19 01:14:32,524 [Thread-7357] INFO  impl.FollowerState (FollowerState.java:run(117)) - 61d14648-e80d-4cd8-9e7c-6deb2f21aca8@group-A3037D40E172-FollowerState was interrupted: java.lang.InterruptedException: sleep interrupted
2019-10-19 01:14:32,537 [f143d5cf-4038-4fa8-8601-f5a45f16ca3e@group-A3037D40E172-LeaderElection774] INFO  impl.LeaderElection (LeaderElection.java:logAndReturn(56)) - f143d5cf-4038-4fa8-8601-f5a45f16ca3e@group-A3037D40E172-LeaderElection774: Election REJECTED; received 2 response(s) [f143d5cf-4038-4fa8-8601-f5a45f16ca3e<-2543ffea-c5c6-4af0-856f-eb846bad755a#0:FAIL-t85, f143d5cf-4038-4fa8-8601-f5a45f16ca3e<-61d14648-e80d-4cd8-9e7c-6deb2f21aca8#0:FAIL-t85] and 0 exception(s); f143d5cf-4038-4fa8-8601-f5a45f16ca3e@group-A3037D40E172:t85, leader=null, voted=f143d5cf-4038-4fa8-8601-f5a45f16ca3e, raftlog=f143d5cf-4038-4fa8-8601-f5a45f16ca3e@group-A3037D40E172-SegmentedRaftLog:OPENED:c-1,f-1,i0, conf=-1: [f143d5cf-4038-4fa8-8601-f5a45f16ca3e:192.168.69.71:40169, 2543ffea-c5c6-4af0-856f-eb846bad755a:192.168.69.71:45287, 61d14648-e80d-4cd8-9e7c-6deb2f21aca8:192.168.69.71:42247], old=null
2019-10-19 01:14:32,538 [f143d5cf-4038-4fa8-8601-f5a45f16ca3e@group-A3037D40E172-LeaderElection774] INFO  impl.RaftServerImpl (RaftServerImpl.java:setRole(184)) - f143d5cf-4038-4fa8-8601-f5a45f16ca3e@group-A3037D40E172: changes role from CANDIDATE to FOLLOWER at term 85 for DISCOVERED_A_NEW_TERM
2019-10-19 01:14:32,538 [f143d5cf-4038-4fa8-8601-f5a45f16ca3e@group-A3037D40E172-LeaderElection774] INFO  impl.RoleInfo (RoleInfo.java:shutdownLeaderElection(134)) - f143d5cf-4038-4fa8-8601-f5a45f16ca3e: shutdown LeaderElection
2019-10-19 01:14:32,538 [f143d5cf-4038-4fa8-8601-f5a45f16ca3e@group-A3037D40E172-LeaderElection774] INFO  impl.RoleInfo (RoleInfo.java:updateAndGet(143)) - f143d5cf-4038-4fa8-8601-f5a45f16ca3e: start FollowerState
2019-10-19 01:14:32,620 [Thread-7375] INFO  impl.FollowerState (FollowerState.java:run(108)) - f143d5cf-4038-4fa8-8601-f5a45f16ca3e@group-A3037D40E172-FollowerState: change to CANDIDATE, lastRpcTime:82ms, electionTimeout:82ms
2019-10-19 01:14:32,620 [Thread-7375] INFO  impl.RoleInfo (RoleInfo.java:shutdownFollowerState(121)) - f143d5cf-4038-4fa8-8601-f5a45f16ca3e: shutdown FollowerState
2019-10-19 01:14:32,620 [Thread-7375] INFO  impl.RaftServerImpl (RaftServerImpl.java:setRole(184)) - f143d5cf-4038-4fa8-8601-f5a45f16ca3e@group-A3037D40E172: changes role from  FOLLOWER to CANDIDATE at term 85 for changeToCandidate
2019-10-19 01:14:32,621 [Thread-7375] INFO  impl.RoleInfo (RoleInfo.java:updateAndGet(143)) - f143d5cf-4038-4fa8-8601-f5a45f16ca3e: start LeaderElection
2019-10-19 01:14:32,634 [f143d5cf-4038-4fa8-8601-f5a45f16ca3e@group-A3037D40E172-LeaderElection775] INFO  impl.LeaderElection (LeaderElection.java:askForVotes(178)) - f143d5cf-4038-4fa8-8601-f5a45f16ca3e@group-A3037D40E172-LeaderElection775: begin an election at term 86 for -1: [f143d5cf-4038-4fa8-8601-f5a45f16ca3e:192.168.69.71:40169, 2543ffea-c5c6-4af0-856f-eb846bad755a:192.168.69.71:45287, 61d14648-e80d-4cd8-9e7c-6deb2f21aca8:192.168.69.71:42247], old=null
2019-10-19 01:14:32,635 [grpc-default-executor-3] INFO  impl.RaftServerImpl (RaftServerImpl.java:setRole(184)) - 2543ffea-c5c6-4af0-856f-eb846bad755a@group-A3037D40E172: changes role from  FOLLOWER to FOLLOWER at term 86 for recognizeCandidate:f143d5cf-4038-4fa8-8601-f5a45f16ca3e
2019-10-19 01:14:32,635 [grpc-default-executor-3] INFO  impl.RoleInfo (RoleInfo.java:shutdownFollowerState(121)) - 2543ffea-c5c6-4af0-856f-eb846bad755a: shutdown FollowerState
2019-10-19 01:14:32,635 [grpc-default-executor-3] INFO  impl.RoleInfo (RoleInfo.java:updateAndGet(143)) - 2543ffea-c5c6-4af0-856f-eb846bad755a: start FollowerState
2019-10-19 01:14:32,635 [Thread-7373] INFO  impl.FollowerState (FollowerState.java:run(117)) - 2543ffea-c5c6-4af0-856f-eb846bad755a@group-A3037D40E172-FollowerState was interrupted: java.lang.InterruptedException: sleep interrupted
2019-10-19 01:14:32,636 [grpc-default-executor-10] INFO  impl.RaftServerImpl (RaftServerImpl.java:setRole(184)) - 61d14648-e80d-4cd8-9e7c-6deb2f21aca8@group-A3037D40E172: changes role from  FOLLOWER to FOLLOWER at term 86 for recognizeCandidate:f143d5cf-4038-4fa8-8601-f5a45f16ca3e
2019-10-19 01:14:32,636 [grpc-default-executor-10] INFO  impl.RoleInfo (RoleInfo.java:shutdownFollowerState(121)) - 61d14648-e80d-4cd8-9e7c-6deb2f21aca8: shutdown FollowerState
2019-10-19 01:14:32,636 [grpc-default-executor-10] INFO  impl.RoleInfo (RoleInfo.java:updateAndGet(143)) - 61d14648-e80d-4cd8-9e7c-6deb2f21aca8: start FollowerState
2019-10-19 01:14:32,636 [Thread-7374] INFO  impl.FollowerState (FollowerState.java:run(117)) - 61d14648-e80d-4cd8-9e7c-6deb2f21aca8@group-A3037D40E172-FollowerState was interrupted: java.lang.InterruptedException: sleep interrupted
2019-10-19 01:14:32,650 [f143d5cf-4038-4fa8-8601-f5a45f16ca3e@group-A3037D40E172-LeaderElection775] INFO  impl.LeaderElection (LeaderElection.java:logAndReturn(56)) - f143d5cf-4038-4fa8-8601-f5a45f16ca3e@group-A3037D40E172-LeaderElection775: Election REJECTED; received 2 response(s) [f143d5cf-4038-4fa8-8601-f5a45f16ca3e<-2543ffea-c5c6-4af0-856f-eb846bad755a#0:FAIL-t86, f143d5cf-4038-4fa8-8601-f5a45f16ca3e<-61d14648-e80d-4cd8-9e7c-6deb2f21aca8#0:FAIL-t86] and 0 exception(s); f143d5cf-4038-4fa8-8601-f5a45f16ca3e@group-A3037D40E172:t86, leader=null, voted=f143d5cf-4038-4fa8-8601-f5a45f16ca3e, raftlog=f143d5cf-4038-4fa8-8601-f5a45f16ca3e@group-A3037D40E172-SegmentedRaftLog:OPENED:c-1,f-1,i0, conf=-1: [f143d5cf-4038-4fa8-8601-f5a45f16ca3e:192.168.69.71:40169, 2543ffea-c5c6-4af0-856f-eb846bad755a:192.168.69.71:45287, 61d14648-e80d-4cd8-9e7c-6deb2f21aca8:192.168.69.71:42247], old=null
2019-10-19 01:14:32,650 [f143d5cf-4038-4fa8-8601-f5a45f16ca3e@group-A3037D40E172-LeaderElection775] INFO  impl.RaftServerImpl (RaftServerImpl.java:setRole(184)) - f143d5cf-4038-4fa8-8601-f5a45f16ca3e@group-A3037D40E172: changes role from CANDIDATE to FOLLOWER at term 86 for DISCOVERED_A_NEW_TERM
2019-10-19 01:14:32,650 [f143d5cf-4038-4fa8-8601-f5a45f16ca3e@group-A3037D40E172-LeaderElection775] INFO  impl.RoleInfo (RoleInfo.java:shutdownLeaderElection(134)) - f143d5cf-4038-4fa8-8601-f5a45f16ca3e: shutdown LeaderElection
2019-10-19 01:14:32,650 [f143d5cf-4038-4fa8-8601-f5a45f16ca3e@group-A3037D40E172-LeaderElection775] INFO  impl.RoleInfo (RoleInfo.java:updateAndGet(143)) - f143d5cf-4038-4fa8-8601-f5a45f16ca3e: start FollowerState
2019-10-19 01:14:32,661 [Thread-7383] INFO  impl.FollowerState (FollowerState.java:run(108)) - f143d5cf-4038-4fa8-8601-f5a45f16ca3e@group-A3037D40E172-FollowerState: change to CANDIDATE, lastRpcTime:11ms, electionTimeout:11ms
2019-10-19 01:14:32,661 [Thread-7383] INFO  impl.RoleInfo (RoleInfo.java:shutdownFollowerState(121)) - f143d5cf-4038-4fa8-8601-f5a45f16ca3e: shutdown FollowerState
2019-10-19 01:14:32,661 [Thread-7383] INFO  impl.RaftServerImpl (RaftServerImpl.java:setRole(184)) - f143d5cf-4038-4fa8-8601-f5a45f16ca3e@group-A3037D40E172: changes role from  FOLLOWER to CANDIDATE at term 86 for changeToCandidate
2019-10-19 01:14:32,662 [Thread-7383] INFO  impl.RoleInfo (RoleInfo.java:updateAndGet(143)) - f143d5cf-4038-4fa8-8601-f5a45f16ca3e: start LeaderElection
2019-10-19 01:14:32,675 [f143d5cf-4038-4fa8-8601-f5a45f16ca3e@group-A3037D40E172-LeaderElection776] INFO  impl.LeaderElection (LeaderElection.java:askForVotes(178)) - f143d5cf-4038-4fa8-8601-f5a45f16ca3e@group-A3037D40E172-LeaderElection776: begin an election at term 87 for -1: [f143d5cf-4038-4fa8-8601-f5a45f16ca3e:192.168.69.71:40169, 2543ffea-c5c6-4af0-856f-eb846bad755a:192.168.69.71:45287, 61d14648-e80d-4cd8-9e7c-6deb2f21aca8:192.168.69.71:42247], old=null
2019-10-19 01:14:32,676 [grpc-default-executor-3] INFO  impl.RaftServerImpl (RaftServerImpl.java:setRole(184)) - 61d14648-e80d-4cd8-9e7c-6deb2f21aca8@group-A3037D40E172: changes role from  FOLLOWER to FOLLOWER at term 87 for recognizeCandidate:f143d5cf-4038-4fa8-8601-f5a45f16ca3e
2019-10-19 01:14:32,676 [grpc-default-executor-3] INFO  impl.RoleInfo (RoleInfo.java:shutdownFollowerState(121)) - 61d14648-e80d-4cd8-9e7c-6deb2f21aca8: shutdown FollowerState
2019-10-19 01:14:32,676 [grpc-default-executor-10] INFO  impl.RaftServerImpl (RaftServerImpl.java:setRole(184)) - 2543ffea-c5c6-4af0-856f-eb846bad755a@group-A3037D40E172: changes role from  FOLLOWER to FOLLOWER at term 87 for recognizeCandidate:f143d5cf-4038-4fa8-8601-f5a45f16ca3e
2019-10-19 01:14:32,676 [grpc-default-executor-10] INFO  impl.RoleInfo (RoleInfo.java:shutdownFollowerState(121)) - 2543ffea-c5c6-4af0-856f-eb846bad755a: shutdown FollowerState
2019-10-19 01:14:32,676 [grpc-default-executor-3] INFO  impl.RoleInfo (RoleInfo.java:updateAndGet(143)) - 61d14648-e80d-4cd8-9e7c-6deb2f21aca8: start FollowerState
2019-10-19 01:14:32,676 [Thread-7381] INFO  impl.FollowerState (FollowerState.java:run(117)) - 2543ffea-c5c6-4af0-856f-eb846bad755a@group-A3037D40E172-FollowerState was interrupted: java.lang.InterruptedException: sleep interrupted
2019-10-19 01:14:32,676 [grpc-default-executor-10] INFO  impl.RoleInfo (RoleInfo.java:updateAndGet(143)) - 2543ffea-c5c6-4af0-856f-eb846bad755a: start FollowerState
2019-10-19 01:14:32,676 [Thread-7382] INFO  impl.FollowerState (FollowerState.java:run(117)) - 61d14648-e80d-4cd8-9e7c-6deb2f21aca8@group-A3037D40E172-FollowerState was interrupted: java.lang.InterruptedException: sleep interrupted
2019-10-19 01:14:32,690 [f143d5cf-4038-4fa8-8601-f5a45f16ca3e@group-A3037D40E172-LeaderElection776] INFO  impl.LeaderElection (LeaderElection.java:logAndReturn(56)) - f143d5cf-4038-4fa8-8601-f5a45f16ca3e@group-A3037D40E172-LeaderElection776: Election REJECTED; received 2 response(s) [f143d5cf-4038-4fa8-8601-f5a45f16ca3e<-2543ffea-c5c6-4af0-856f-eb846bad755a#0:FAIL-t87, f143d5cf-4038-4fa8-8601-f5a45f16ca3e<-61d14648-e80d-4cd8-9e7c-6deb2f21aca8#0:FAIL-t87] and 0 exception(s); f143d5cf-4038-4fa8-8601-f5a45f16ca3e@group-A3037D40E172:t87, leader=null, voted=f143d5cf-4038-4fa8-8601-f5a45f16ca3e, raftlog=f143d5cf-4038-4fa8-8601-f5a45f16ca3e@group-A3037D40E172-SegmentedRaftLog:OPENED:c-1,f-1,i0, conf=-1: [f143d5cf-4038-4fa8-8601-f5a45f16ca3e:192.168.69.71:40169, 2543ffea-c5c6-4af0-856f-eb846bad755a:192.168.69.71:45287, 61d14648-e80d-4cd8-9e7c-6deb2f21aca8:192.168.69.71:42247], old=null
2019-10-19 01:14:32,690 [f143d5cf-4038-4fa8-8601-f5a45f16ca3e@group-A3037D40E172-LeaderElection776] INFO  impl.RaftServerImpl (RaftServerImpl.java:setRole(184)) - f143d5cf-4038-4fa8-8601-f5a45f16ca3e@group-A3037D40E172: changes role from CANDIDATE to FOLLOWER at term 87 for DISCOVERED_A_NEW_TERM
2019-10-19 01:14:32,690 [f143d5cf-4038-4fa8-8601-f5a45f16ca3e@group-A3037D40E172-LeaderElection776] INFO  impl.RoleInfo (RoleInfo.java:shutdownLeaderElection(134)) - f143d5cf-4038-4fa8-8601-f5a45f16ca3e: shutdown LeaderElection
2019-10-19 01:14:32,690 [f143d5cf-4038-4fa8-8601-f5a45f16ca3e@group-A3037D40E172-LeaderElection776] INFO  impl.RoleInfo (RoleInfo.java:updateAndGet(143)) - f143d5cf-4038-4fa8-8601-f5a45f16ca3e: start FollowerState
2019-10-19 01:14:32,704 [Thread-7369] INFO  impl.FollowerState (FollowerState.java:run(108)) - 9c2d914d-67b1-4af9-8080-4d6ee007b506@group-20FCFA0487C4-FollowerState: change to CANDIDATE, lastRpcTime:197ms, electionTimeout:197ms
2019-10-19 01:14:32,704 [Thread-7369] INFO  impl.RoleInfo (RoleInfo.java:shutdownFollowerState(121)) - 9c2d914d-67b1-4af9-8080-4d6ee007b506: shutdown FollowerState
2019-10-19 01:14:32,704 [Thread-7369] INFO  impl.RaftServerImpl (RaftServerImpl.java:setRole(184)) - 9c2d914d-67b1-4af9-8080-4d6ee007b506@group-20FCFA0487C4: changes role from  FOLLOWER to CANDIDATE at term 85 for changeToCandidate
2019-10-19 01:14:32,704 [Thread-7369] INFO  impl.RoleInfo (RoleInfo.java:updateAndGet(143)) - 9c2d914d-67b1-4af9-8080-4d6ee007b506: start LeaderElection
2019-10-19 01:14:32,717 [9c2d914d-67b1-4af9-8080-4d6ee007b506@group-20FCFA0487C4-LeaderElection777] INFO  impl.LeaderElection (LeaderElection.java:askForVotes(178)) - 9c2d914d-67b1-4af9-8080-4d6ee007b506@group-20FCFA0487C4-LeaderElection777: begin an election at term 86 for -1: [88be3607-7667-471c-9070-7dfd13eb5ac8:192.168.69.71:32925, 9c2d914d-67b1-4af9-8080-4d6ee007b506:192.168.69.71:35462, 61d0b7dc-5f8b-422f-8693-c58167224d24:192.168.69.71:43479], old=null
2019-10-19 01:14:32,718 [grpc-default-executor-10] INFO  impl.RaftServerImpl (RaftServerImpl.java:setRole(184)) - 61d0b7dc-5f8b-422f-8693-c58167224d24@group-20FCFA0487C4: changes role from  FOLLOWER to FOLLOWER at term 86 for recognizeCandidate:9c2d914d-67b1-4af9-8080-4d6ee007b506
2019-10-19 01:14:32,718 [grpc-default-executor-10] INFO  impl.RoleInfo (RoleInfo.java:shutdownFollowerState(121)) - 61d0b7dc-5f8b-422f-8693-c58167224d24: shutdown FollowerState
2019-10-19 01:14:32,719 [grpc-default-executor-10] INFO  impl.RoleInfo (RoleInfo.java:updateAndGet(143)) - 61d0b7dc-5f8b-422f-8693-c58167224d24: start FollowerState
2019-10-19 01:14:32,719 [Thread-7368] INFO  impl.FollowerState (FollowerState.java:run(117)) - 61d0b7dc-5f8b-422f-8693-c58167224d24@group-20FCFA0487C4-FollowerState was interrupted: java.lang.InterruptedException: sleep interrupted
2019-10-19 01:14:32,719 [grpc-default-executor-3] INFO  impl.RaftServerImpl (RaftServerImpl.java:setRole(184)) - 88be3607-7667-471c-9070-7dfd13eb5ac8@group-20FCFA0487C4: changes role from  FOLLOWER to FOLLOWER at term 86 for recognizeCandidate:9c2d914d-67b1-4af9-8080-4d6ee007b506
2019-10-19 01:14:32,719 [grpc-default-executor-3] INFO  impl.RoleInfo (RoleInfo.java:shutdownFollowerState(121)) - 88be3607-7667-471c-9070-7dfd13eb5ac8: shutdown FollowerState
2019-10-19 01:14:32,719 [grpc-default-executor-3] INFO  impl.RoleInfo (RoleInfo.java:updateAndGet(143)) - 88be3607-7667-471c-9070-7dfd13eb5ac8: start FollowerState
2019-10-19 01:14:32,719 [Thread-7367] INFO  impl.FollowerState (FollowerState.java:run(117)) - 88be3607-7667-471c-9070-7dfd13eb5ac8@group-20FCFA0487C4-FollowerState was interrupted: java.lang.InterruptedException: sleep interrupted
2019-10-19 01:14:32,725 [9c2d914d-67b1-4af9-8080-4d6ee007b506@group-20FCFA0487C4-LeaderElection777] INFO  impl.LeaderElection (LeaderElection.java:logAndReturn(56)) - 9c2d914d-67b1-4af9-8080-4d6ee007b506@group-20FCFA0487C4-LeaderElection777: Election TIMEOUT; received 0 response(s) [] and 0 exception(s); 9c2d914d-67b1-4af9-8080-4d6ee007b506@group-20FCFA0487C4:t86, leader=null, voted=9c2d914d-67b1-4af9-8080-4d6ee007b506, raftlog=9c2d914d-67b1-4af9-8080-4d6ee007b506@group-20FCFA0487C4-SegmentedRaftLog:OPENED:c-1,f-1,i0, conf=-1: [88be3607-7667-471c-9070-7dfd13eb5ac8:192.168.69.71:32925, 9c2d914d-67b1-4af9-8080-4d6ee007b506:192.168.69.71:35462, 61d0b7dc-5f8b-422f-8693-c58167224d24:192.168.69.71:43479], old=null
2019-10-19 01:14:32,732 [9c2d914d-67b1-4af9-8080-4d6ee007b506@group-20FCFA0487C4-LeaderElection777] INFO  impl.LeaderElection (LeaderElection.java:askForVotes(178)) - 9c2d914d-67b1-4af9-8080-4d6ee007b506@group-20FCFA0487C4-LeaderElection777: begin an election at term 87 for -1: [88be3607-7667-471c-9070-7dfd13eb5ac8:192.168.69.71:32925, 9c2d914d-67b1-4af9-8080-4d6ee007b506:192.168.69.71:35462, 61d0b7dc-5f8b-422f-8693-c58167224d24:192.168.69.71:43479], old=null
2019-10-19 01:14:32,733 [grpc-default-executor-10] INFO  impl.RaftServerImpl (RaftServerImpl.java:setRole(184)) - 88be3607-7667-471c-9070-7dfd13eb5ac8@group-20FCFA0487C4: changes role from  FOLLOWER to FOLLOWER at term 87 for recognizeCandidate:9c2d914d-67b1-4af9-8080-4d6ee007b506
2019-10-19 01:14:32,733 [grpc-default-executor-10] INFO  impl.RoleInfo (RoleInfo.java:shutdownFollowerState(121)) - 88be3607-7667-471c-9070-7dfd13eb5ac8: shutdown FollowerState
2019-10-19 01:14:32,733 [grpc-default-executor-10] INFO  impl.RoleInfo (RoleInfo.java:updateAndGet(143)) - 88be3607-7667-471c-9070-7dfd13eb5ac8: start FollowerState
2019-10-19 01:14:32,733 [Thread-7394] INFO  impl.FollowerState (FollowerState.java:run(117)) - 88be3607-7667-471c-9070-7dfd13eb5ac8@group-20FCFA0487C4-FollowerState was interrupted: java.lang.InterruptedException: sleep interrupted
2019-10-19 01:14:32,734 [grpc-default-executor-3] INFO  impl.RaftServerImpl (RaftServerImpl.java:setRole(184)) - 61d0b7dc-5f8b-422f-8693-c58167224d24@group-20FCFA0487C4: changes role from  FOLLOWER to FOLLOWER at term 87 for recognizeCandidate:9c2d914d-67b1-4af9-8080-4d6ee007b506
2019-10-19 01:14:32,734 [grpc-default-executor-3] INFO  impl.RoleInfo (RoleInfo.java:shutdownFollowerState(121)) - 61d0b7dc-5f8b-422f-8693-c58167224d24: shutdown FollowerState
2019-10-19 01:14:32,734 [grpc-default-executor-3] INFO  impl.RoleInfo (RoleInfo.java:updateAndGet(143)) - 61d0b7dc-5f8b-422f-8693-c58167224d24: start FollowerState
2019-10-19 01:14:32,734 [Thread-7393] INFO  impl.FollowerState (FollowerState.java:run(117)) - 61d0b7dc-5f8b-422f-8693-c58167224d24@group-20FCFA0487C4-FollowerState was interrupted: java.lang.InterruptedException: sleep interrupted
2019-10-19 01:14:32,749 [9c2d914d-67b1-4af9-8080-4d6ee007b506@group-20FCFA0487C4-LeaderElection777] INFO  impl.LeaderElection (LeaderElection.java:logAndReturn(56)) - 9c2d914d-67b1-4af9-8080-4d6ee007b506@group-20FCFA0487C4-LeaderElection777: Election REJECTED; received 2 response(s) [9c2d914d-67b1-4af9-8080-4d6ee007b506<-88be3607-7667-471c-9070-7dfd13eb5ac8#0:FAIL-t87, 9c2d914d-67b1-4af9-8080-4d6ee007b506<-61d0b7dc-5f8b-422f-8693-c58167224d24#0:FAIL-t87] and 0 exception(s); 9c2d914d-67b1-4af9-8080-4d6ee007b506@group-20FCFA0487C4:t87, leader=null, voted=9c2d914d-67b1-4af9-8080-4d6ee007b506, raftlog=9c2d914d-67b1-4af9-8080-4d6ee007b506@group-20FCFA0487C4-SegmentedRaftLog:OPENED:c-1,f-1,i0, conf=-1: [88be3607-7667-471c-9070-7dfd13eb5ac8:192.168.69.71:32925, 9c2d914d-67b1-4af9-8080-4d6ee007b506:192.168.69.71:35462, 61d0b7dc-5f8b-422f-8693-c58167224d24:192.168.69.71:43479], old=null
2019-10-19 01:14:32,749 [9c2d914d-67b1-4af9-8080-4d6ee007b506@group-20FCFA0487C4-LeaderElection777] INFO  impl.RaftServerImpl (RaftServerImpl.java:setRole(184)) - 9c2d914d-67b1-4af9-8080-4d6ee007b506@group-20FCFA0487C4: changes role from CANDIDATE to FOLLOWER at term 87 for DISCOVERED_A_NEW_TERM
2019-10-19 01:14:32,749 [9c2d914d-67b1-4af9-8080-4d6ee007b506@group-20FCFA0487C4-LeaderElection777] INFO  impl.RoleInfo (RoleInfo.java:shutdownLeaderElection(134)) - 9c2d914d-67b1-4af9-8080-4d6ee007b506: shutdown LeaderElection
2019-10-19 01:14:32,749 [9c2d914d-67b1-4af9-8080-4d6ee007b506@group-20FCFA0487C4-LeaderElection777] INFO  impl.RoleInfo (RoleInfo.java:updateAndGet(143)) - 9c2d914d-67b1-4af9-8080-4d6ee007b506: start FollowerState
2019-10-19 01:14:32,822 [Thread-7399] INFO  impl.FollowerState (FollowerState.java:run(108)) - 9c2d914d-67b1-4af9-8080-4d6ee007b506@group-20FCFA0487C4-FollowerState: change to CANDIDATE, lastRpcTime:73ms, electionTimeout:73ms
2019-10-19 01:14:32,823 [Thread-7399] INFO  impl.RoleInfo (RoleInfo.java:shutdownFollowerState(121)) - 9c2d914d-67b1-4af9-8080-4d6ee007b506: shutdown FollowerState
2019-10-19 01:14:32,823 [Thread-7399] INFO  impl.RaftServerImpl (RaftServerImpl.java:setRole(184)) - 9c2d914d-67b1-4af9-8080-4d6ee007b506@group-20FCFA0487C4: changes role from  FOLLOWER to CANDIDATE at term 87 for changeToCandidate
2019-10-19 01:14:32,823 [Thread-7399] INFO  impl.RoleInfo (RoleInfo.java:updateAndGet(143)) - 9c2d914d-67b1-4af9-8080-4d6ee007b506: start LeaderElection
2019-10-19 01:14:32,834 [Thread-7389] INFO  impl.FollowerState (FollowerState.java:run(108)) - f143d5cf-4038-4fa8-8601-f5a45f16ca3e@group-A3037D40E172-FollowerState: change to CANDIDATE, lastRpcTime:144ms, electionTimeout:144ms
2019-10-19 01:14:32,834 [Thread-7389] INFO  impl.RoleInfo (RoleInfo.java:shutdownFollowerState(121)) - f143d5cf-4038-4fa8-8601-f5a45f16ca3e: shutdown FollowerState
2019-10-19 01:14:32,834 [Thread-7389] INFO  impl.RaftServerImpl (RaftServerImpl.java:setRole(184)) - f143d5cf-4038-4fa8-8601-f5a45f16ca3e@group-A3037D40E172: changes role from  FOLLOWER to CANDIDATE at term 87 for changeToCandidate
2019-10-19 01:14:32,835 [Thread-7389] INFO  impl.RoleInfo (RoleInfo.java:updateAndGet(143)) - f143d5cf-4038-4fa8-8601-f5a45f16ca3e: start LeaderElection
2019-10-19 01:14:32,848 [9c2d914d-67b1-4af9-8080-4d6ee007b506@group-20FCFA0487C4-LeaderElection778] INFO  impl.LeaderElection (LeaderElection.java:askForVotes(178)) - 9c2d914d-67b1-4af9-8080-4d6ee007b506@group-20FCFA0487C4-LeaderElection778: begin an election at term 88 for -1: [88be3607-7667-471c-9070-7dfd13eb5ac8:192.168.69.71:32925, 9c2d914d-67b1-4af9-8080-4d6ee007b506:192.168.69.71:35462, 61d0b7dc-5f8b-422f-8693-c58167224d24:192.168.69.71:43479], old=null
2019-10-19 01:14:32,849 [grpc-default-executor-10] INFO  impl.RaftServerImpl (RaftServerImpl.java:setRole(184)) - 61d0b7dc-5f8b-422f-8693-c58167224d24@group-20FCFA0487C4: changes role from  FOLLOWER to FOLLOWER at term 88 for recognizeCandidate:9c2d914d-67b1-4af9-8080-4d6ee007b506
2019-10-19 01:14:32,849 [f143d5cf-4038-4fa8-8601-f5a45f16ca3e@group-A3037D40E172-LeaderElection779] INFO  impl.LeaderElection (LeaderElection.java:askForVotes(178)) - f143d5cf-4038-4fa8-8601-f5a45f16ca3e@group-A3037D40E172-LeaderElection779: begin an election at term 88 for -1: [f143d5cf-4038-4fa8-8601-f5a45f16ca3e:192.168.69.71:40169, 2543ffea-c5c6-4af0-856f-eb846bad755a:192.168.69.71:45287, 61d14648-e80d-4cd8-9e7c-6deb2f21aca8:192.168.69.71:42247], old=null
2019-10-19 01:14:32,850 [grpc-default-executor-10] INFO  impl.RoleInfo (RoleInfo.java:shutdownFollowerState(121)) - 61d0b7dc-5f8b-422f-8693-c58167224d24: shutdown FollowerState
2019-10-19 01:14:32,850 [Thread-7398] INFO  impl.FollowerState (FollowerState.java:run(117)) - 61d0b7dc-5f8b-422f-8693-c58167224d24@group-20FCFA0487C4-FollowerState was interrupted: java.lang.InterruptedException: sleep interrupted
2019-10-19 01:14:32,850 [grpc-default-executor-10] INFO  impl.RoleInfo (RoleInfo.java:updateAndGet(143)) - 61d0b7dc-5f8b-422f-8693-c58167224d24: start FollowerState
2019-10-19 01:14:32,850 [grpc-default-executor-3] INFO  impl.RaftServerImpl (RaftServerImpl.java:setRole(184)) - 88be3607-7667-471c-9070-7dfd13eb5ac8@group-20FCFA0487C4: changes role from  FOLLOWER to FOLLOWER at term 88 for recognizeCandidate:9c2d914d-67b1-4af9-8080-4d6ee007b506
2019-10-19 01:14:32,850 [grpc-default-executor-3] INFO  impl.RoleInfo (RoleInfo.java:shutdownFollowerState(121)) - 88be3607-7667-471c-9070-7dfd13eb5ac8: shutdown FollowerState
2019-10-19 01:14:32,850 [grpc-default-executor-3] INFO  impl.RoleInfo (RoleInfo.java:updateAndGet(143)) - 88be3607-7667-471c-9070-7dfd13eb5ac8: start FollowerState
2019-10-19 01:14:32,850 [Thread-7397] INFO  impl.FollowerState (FollowerState.java:run(117)) - 88be3607-7667-471c-9070-7dfd13eb5ac8@group-20FCFA0487C4-FollowerState was interrupted: java.lang.InterruptedException: sleep interrupted
2019-10-19 01:14:32,851 [grpc-default-executor-5] INFO  impl.RaftServerImpl (RaftServerImpl.java:setRole(184)) - 2543ffea-c5c6-4af0-856f-eb846bad755a@group-A3037D40E172: changes role from  FOLLOWER to FOLLOWER at term 88 for recognizeCandidate:f143d5cf-4038-4fa8-8601-f5a45f16ca3e
2019-10-19 01:14:32,851 [grpc-default-executor-5] INFO  impl.RoleInfo (RoleInfo.java:shutdownFollowerState(121)) - 2543ffea-c5c6-4af0-856f-eb846bad755a: shutdown FollowerState
2019-10-19 01:14:32,852 [grpc-default-executor-5] INFO  impl.RoleInfo (RoleInfo.java:updateAndGet(143)) - 2543ffea-c5c6-4af0-856f-eb846bad755a: start FollowerState
2019-10-19 01:14:32,852 [Thread-7388] INFO  impl.FollowerState (FollowerState.java:run(117)) - 2543ffea-c5c6-4af0-856f-eb846bad755a@group-A3037D40E172-FollowerState was interrupted: java.lang.InterruptedException: sleep interrupted
2019-10-19 01:14:32,852 [grpc-default-executor-9] INFO  impl.RaftServerImpl (RaftServerImpl.java:setRole(184)) - 61d14648-e80d-4cd8-9e7c-6deb2f21aca8@group-A3037D40E172: changes role from  FOLLOWER to FOLLOWER at term 88 for recognizeCandidate:f143d5cf-4038-4fa8-8601-f5a45f16ca3e
2019-10-19 01:14:32,852 [grpc-default-executor-9] INFO  impl.RoleInfo (RoleInfo.java:shutdownFollowerState(121)) - 61d14648-e80d-4cd8-9e7c-6deb2f21aca8: shutdown FollowerState
2019-10-19 01:14:32,852 [grpc-default-executor-9] INFO  impl.RoleInfo (RoleInfo.java:updateAndGet(143)) - 61d14648-e80d-4cd8-9e7c-6deb2f21aca8: start FollowerState
2019-10-19 01:14:32,852 [Thread-7387] INFO  impl.FollowerState (FollowerState.java:run(117)) - 61d14648-e80d-4cd8-9e7c-6deb2f21aca8@group-A3037D40E172-FollowerState was interrupted: java.lang.InterruptedException: sleep interrupted
2019-10-19 01:14:32,854 [9c2d914d-67b1-4af9-8080-4d6ee007b506@group-20FCFA0487C4-LeaderElection778] INFO  impl.LeaderElection (LeaderElection.java:logAndReturn(56)) - 9c2d914d-67b1-4af9-8080-4d6ee007b506@group-20FCFA0487C4-LeaderElection778: Election TIMEOUT; received 0 response(s) [] and 0 exception(s); 9c2d914d-67b1-4af9-8080-4d6ee007b506@group-20FCFA0487C4:t88, leader=null, voted=9c2d914d-67b1-4af9-8080-4d6ee007b506, raftlog=9c2d914d-67b1-4af9-8080-4d6ee007b506@group-20FCFA0487C4-SegmentedRaftLog:OPENED:c-1,f-1,i0, conf=-1: [88be3607-7667-471c-9070-7dfd13eb5ac8:192.168.69.71:32925, 9c2d914d-67b1-4af9-8080-4d6ee007b506:192.168.69.71:35462, 61d0b7dc-5f8b-422f-8693-c58167224d24:192.168.69.71:43479], old=null
2019-10-19 01:14:32,864 [9c2d914d-67b1-4af9-8080-4d6ee007b506@group-20FCFA0487C4-LeaderElection778] INFO  impl.LeaderElection (LeaderElection.java:askForVotes(178)) - 9c2d914d-67b1-4af9-8080-4d6ee007b506@group-20FCFA0487C4-LeaderElection778: begin an election at term 89 for -1: [88be3607-7667-471c-9070-7dfd13eb5ac8:192.168.69.71:32925, 9c2d914d-67b1-4af9-8080-4d6ee007b506:192.168.69.71:35462, 61d0b7dc-5f8b-422f-8693-c58167224d24:192.168.69.71:43479], old=null
2019-10-19 01:14:32,864 [f143d5cf-4038-4fa8-8601-f5a45f16ca3e@group-A3037D40E172-LeaderElection779] INFO  impl.LeaderElection (LeaderElection.java:logAndReturn(56)) - f143d5cf-4038-4fa8-8601-f5a45f16ca3e@group-A3037D40E172-LeaderElection779: Election REJECTED; received 2 response(s) [f143d5cf-4038-4fa8-8601-f5a45f16ca3e<-2543ffea-c5c6-4af0-856f-eb846bad755a#0:FAIL-t88, f143d5cf-4038-4fa8-8601-f5a45f16ca3e<-61d14648-e80d-4cd8-9e7c-6deb2f21aca8#0:FAIL-t88] and 0 exception(s); f143d5cf-4038-4fa8-8601-f5a45f16ca3e@group-A3037D40E172:t88, leader=null, voted=f143d5cf-4038-4fa8-8601-f5a45f16ca3e, raftlog=f143d5cf-4038-4fa8-8601-f5a45f16ca3e@group-A3037D40E172-SegmentedRaftLog:OPENED:c-1,f-1,i0, conf=-1: [f143d5cf-4038-4fa8-8601-f5a45f16ca3e:192.168.69.71:40169, 2543ffea-c5c6-4af0-856f-eb846bad755a:192.168.69.71:45287, 61d14648-e80d-4cd8-9e7c-6deb2f21aca8:192.168.69.71:42247], old=null
2019-10-19 01:14:32,864 [f143d5cf-4038-4fa8-8601-f5a45f16ca3e@group-A3037D40E172-LeaderElection779] INFO  impl.RaftServerImpl (RaftServerImpl.java:setRole(184)) - f143d5cf-4038-4fa8-8601-f5a45f16ca3e@group-A3037D40E172: changes role from CANDIDATE to FOLLOWER at term 88 for DISCOVERED_A_NEW_TERM
2019-10-19 01:14:32,865 [f143d5cf-4038-4fa8-8601-f5a45f16ca3e@group-A3037D40E172-LeaderElection779] INFO  impl.RoleInfo (RoleInfo.java:shutdownLeaderElection(134)) - f143d5cf-4038-4fa8-8601-f5a45f16ca3e: shutdown LeaderElection
2019-10-19 01:14:32,865 [f143d5cf-4038-4fa8-8601-f5a45f16ca3e@group-A3037D40E172-LeaderElection779] INFO  impl.RoleInfo (RoleInfo.java:updateAndGet(143)) - f143d5cf-4038-4fa8-8601-f5a45f16ca3e: start FollowerState
2019-10-19 01:14:32,871 [grpc-default-executor-9] INFO  impl.RaftServerImpl (RaftServerImpl.java:setRole(184)) - 88be3607-7667-471c-9070-7dfd13eb5ac8@group-20FCFA0487C4: changes role from  FOLLOWER to FOLLOWER at term 89 for recognizeCandidate:9c2d914d-67b1-4af9-8080-4d6ee007b506
2019-10-19 01:14:32,871 [grpc-default-executor-9] INFO  impl.RoleInfo (RoleInfo.java:shutdownFollowerState(121)) - 88be3607-7667-471c-9070-7dfd13eb5ac8: shutdown FollowerState
2019-10-19 01:14:32,871 [grpc-default-executor-10] INFO  impl.RaftServerImpl (RaftServerImpl.java:setRole(184)) - 61d0b7dc-5f8b-422f-8693-c58167224d24@group-20FCFA0487C4: changes role from  FOLLOWER to FOLLOWER at term 89 for recognizeCandidate:9c2d914d-67b1-4af9-8080-4d6ee007b506
2019-10-19 01:14:32,871 [grpc-default-executor-10] INFO  impl.RoleInfo (RoleInfo.java:shutdownFollowerState(121)) - 61d0b7dc-5f8b-422f-8693-c58167224d24: shutdown FollowerState
2019-10-19 01:14:32,871 [Thread-7407] INFO  impl.FollowerState (FollowerState.java:run(117)) - 88be3607-7667-471c-9070-7dfd13eb5ac8@group-20FCFA0487C4-FollowerState was interrupted: java.lang.InterruptedException: sleep interrupted
2019-10-19 01:14:32,871 [grpc-default-executor-9] INFO  impl.RoleInfo (RoleInfo.java:updateAndGet(143)) - 88be3607-7667-471c-9070-7dfd13eb5ac8: start FollowerState
2019-10-19 01:14:32,871 [Thread-7406] INFO  impl.FollowerState (FollowerState.java:run(117)) - 61d0b7dc-5f8b-422f-8693-c58167224d24@group-20FCFA0487C4-FollowerState was interrupted: java.lang.InterruptedException: sleep interrupted
2019-10-19 01:14:32,871 [grpc-default-executor-10] INFO  impl.RoleInfo (RoleInfo.java:updateAndGet(143)) - 61d0b7dc-5f8b-422f-8693-c58167224d24: start FollowerState
2019-10-19 01:14:32,885 [9c2d914d-67b1-4af9-8080-4d6ee007b506@group-20FCFA0487C4-LeaderElection778] INFO  impl.LeaderElection (LeaderElection.java:logAndReturn(56)) - 9c2d914d-67b1-4af9-8080-4d6ee007b506@group-20FCFA0487C4-LeaderElection778: Election REJECTED; received 2 response(s) [9c2d914d-67b1-4af9-8080-4d6ee007b506<-88be3607-7667-471c-9070-7dfd13eb5ac8#0:FAIL-t89, 9c2d914d-67b1-4af9-8080-4d6ee007b506<-61d0b7dc-5f8b-422f-8693-c58167224d24#0:FAIL-t89] and 0 exception(s); 9c2d914d-67b1-4af9-8080-4d6ee007b506@group-20FCFA0487C4:t89, leader=null, voted=9c2d914d-67b1-4af9-8080-4d6ee007b506, raftlog=9c2d914d-67b1-4af9-8080-4d6ee007b506@group-20FCFA0487C4-SegmentedRaftLog:OPENED:c-1,f-1,i0, conf=-1: [88be3607-7667-471c-9070-7dfd13eb5ac8:192.168.69.71:32925, 9c2d914d-67b1-4af9-8080-4d6ee007b506:192.168.69.71:35462, 61d0b7dc-5f8b-422f-8693-c58167224d24:192.168.69.71:43479], old=null
2019-10-19 01:14:32,886 [9c2d914d-67b1-4af9-8080-4d6ee007b506@group-20FCFA0487C4-LeaderElection778] INFO  impl.RaftServerImpl (RaftServerImpl.java:setRole(184)) - 9c2d914d-67b1-4af9-8080-4d6ee007b506@group-20FCFA0487C4: changes role from CANDIDATE to FOLLOWER at term 89 for DISCOVERED_A_NEW_TERM
2019-10-19 01:14:32,886 [9c2d914d-67b1-4af9-8080-4d6ee007b506@group-20FCFA0487C4-LeaderElection778] INFO  impl.RoleInfo (RoleInfo.java:shutdownLeaderElection(134)) - 9c2d914d-67b1-4af9-8080-4d6ee007b506: shutdown LeaderElection
2019-10-19 01:14:32,886 [9c2d914d-67b1-4af9-8080-4d6ee007b506@group-20FCFA0487C4-LeaderElection778] INFO  impl.RoleInfo (RoleInfo.java:updateAndGet(143)) - 9c2d914d-67b1-4af9-8080-4d6ee007b506: start FollowerState
2019-10-19 01:14:32,902 [main] WARN  io.KeyOutputStream (KeyOutputStream.java:handleException(274)) - Encountered exception java.io.IOException: Unexpected Storage Container Exception: java.util.concurrent.CompletionException: java.util.concurrent.CompletionException: org.apache.ratis.protocol.RaftRetryFailureException: Failed RaftClientRequest:client-4D6535F89830->9c2d914d-67b1-4af9-8080-4d6ee007b506@group-20FCFA0487C4, cid=119, seq=1*, RW, cmdType: WriteChunk
traceID: "a8d562c4730a34d9:a8d562c4730a34d9:0:0"
containerID: 1
datanodeUuid: "9c2d914d-67b1-4af9-8080-4d6ee007b506"
writeChunk {
  blockID {
    containerID: 1
    localID: 102986394081361932
    blockCommitSequenceId: 0
  }
  chunkData {
    chunkName: "102986394081361932_chunk_1"
    offset: 0
    len: 1048576
    checksumData {
      type: CRC32
      bytesPerChecksum: 1048576
      checksums: "\253\303\360\317"
    }
  }
}
, data.size=1048576 for 10 attempts with RetryLimited(maxAttempts=10, sleepTime=1000ms) on the pipeline Pipeline[ Id: 8f83394e-0d1b-40fa-ac78-20fcfa0487c4, Nodes: 9c2d914d-67b1-4af9-8080-4d6ee007b506{ip: 192.168.69.71, host: pr-hdds-2333-vzxj6-995506542, networkLocation: /rack1, certSerialId: null}88be3607-7667-471c-9070-7dfd13eb5ac8{ip: 192.168.69.71, host: pr-hdds-2333-vzxj6-995506542, networkLocation: /rack1, certSerialId: null}61d0b7dc-5f8b-422f-8693-c58167224d24{ip: 192.168.69.71, host: pr-hdds-2333-vzxj6-995506542, networkLocation: /rack1, certSerialId: null}, Type:RATIS, Factor:THREE, State:OPEN]. The last committed block length is 0, uncommitted data length is 1048576 retry count 0
2019-10-19 01:14:33,030 [Thread-7412] INFO  impl.FollowerState (FollowerState.java:run(108)) - f143d5cf-4038-4fa8-8601-f5a45f16ca3e@group-A3037D40E172-FollowerState: change to CANDIDATE, lastRpcTime:164ms, electionTimeout:159ms
2019-10-19 01:14:33,030 [Thread-7412] INFO  impl.RoleInfo (RoleInfo.java:shutdownFollowerState(121)) - f143d5cf-4038-4fa8-8601-f5a45f16ca3e: shutdown FollowerState
2019-10-19 01:14:33,030 [Thread-7412] INFO  impl.RaftServerImpl (RaftServerImpl.java:setRole(184)) - f143d5cf-4038-4fa8-8601-f5a45f16ca3e@group-A3037D40E172: changes role from  FOLLOWER to CANDIDATE at term 88 for changeToCandidate
2019-10-19 01:14:33,030 [Thread-7412] INFO  impl.RoleInfo (RoleInfo.java:updateAndGet(143)) - f143d5cf-4038-4fa8-8601-f5a45f16ca3e: start LeaderElection
2019-10-19 01:14:33,033 [f143d5cf-4038-4fa8-8601-f5a45f16ca3e@group-A3037D40E172-LeaderElection780] INFO  impl.LeaderElection (LeaderElection.java:askForVotes(178)) - f143d5cf-4038-4fa8-8601-f5a45f16ca3e@group-A3037D40E172-LeaderElection780: begin an election at term 89 for -1: [f143d5cf-4038-4fa8-8601-f5a45f16ca3e:192.168.69.71:40169, 2543ffea-c5c6-4af0-856f-eb846bad755a:192.168.69.71:45287, 61d14648-e80d-4cd8-9e7c-6deb2f21aca8:192.168.69.71:42247], old=null
2019-10-19 01:14:33,034 [grpc-default-executor-10] INFO  impl.RaftServerImpl (RaftServerImpl.java:setRole(184)) - 2543ffea-c5c6-4af0-856f-eb846bad755a@group-A3037D40E172: changes role from  FOLLOWER to FOLLOWER at term 89 for recognizeCandidate:f143d5cf-4038-4fa8-8601-f5a45f16ca3e
2019-10-19 01:14:33,034 [grpc-default-executor-10] INFO  impl.RoleInfo (RoleInfo.java:shutdownFollowerState(121)) - 2543ffea-c5c6-4af0-856f-eb846bad755a: shutdown FollowerState
2019-10-19 01:14:33,034 [grpc-default-executor-10] INFO  impl.RoleInfo (RoleInfo.java:updateAndGet(143)) - 2543ffea-c5c6-4af0-856f-eb846bad755a: start FollowerState
2019-10-19 01:14:33,034 [Thread-7408] INFO  impl.FollowerState (FollowerState.java:run(117)) - 2543ffea-c5c6-4af0-856f-eb846bad755a@group-A3037D40E172-FollowerState was interrupted: java.lang.InterruptedException: sleep interrupted
2019-10-19 01:14:33,034 [grpc-default-executor-5] INFO  impl.RaftServerImpl (RaftServerImpl.java:setRole(184)) - 61d14648-e80d-4cd8-9e7c-6deb2f21aca8@group-A3037D40E172: changes role from  FOLLOWER to FOLLOWER at term 89 for recognizeCandidate:f143d5cf-4038-4fa8-8601-f5a45f16ca3e
2019-10-19 01:14:33,035 [grpc-default-executor-5] INFO  impl.RoleInfo (RoleInfo.java:shutdownFollowerState(121)) - 61d14648-e80d-4cd8-9e7c-6deb2f21aca8: shutdown FollowerState
2019-10-19 01:14:33,035 [grpc-default-executor-5] INFO  impl.RoleInfo (RoleInfo.java:updateAndGet(143)) - 61d14648-e80d-4cd8-9e7c-6deb2f21aca8: start FollowerState
2019-10-19 01:14:33,035 [Thread-7409] INFO  impl.FollowerState (FollowerState.java:run(117)) - 61d14648-e80d-4cd8-9e7c-6deb2f21aca8@group-A3037D40E172-FollowerState was interrupted: java.lang.InterruptedException: sleep interrupted
2019-10-19 01:14:33,038 [f143d5cf-4038-4fa8-8601-f5a45f16ca3e@group-A3037D40E172-LeaderElection780] INFO  impl.LeaderElection (LeaderElection.java:logAndReturn(56)) - f143d5cf-4038-4fa8-8601-f5a45f16ca3e@group-A3037D40E172-LeaderElection780: Election REJECTED; received 2 response(s) [f143d5cf-4038-4fa8-8601-f5a45f16ca3e<-2543ffea-c5c6-4af0-856f-eb846bad755a#0:FAIL-t89, f143d5cf-4038-4fa8-8601-f5a45f16ca3e<-61d14648-e80d-4cd8-9e7c-6deb2f21aca8#0:FAIL-t89] and 0 exception(s); f143d5cf-4038-4fa8-8601-f5a45f16ca3e@group-A3037D40E172:t89, leader=null, voted=f143d5cf-4038-4fa8-8601-f5a45f16ca3e, raftlog=f143d5cf-4038-4fa8-8601-f5a45f16ca3e@group-A3037D40E172-SegmentedRaftLog:OPENED:c-1,f-1,i0, conf=-1: [f143d5cf-4038-4fa8-8601-f5a45f16ca3e:192.168.69.71:40169, 2543ffea-c5c6-4af0-856f-eb846bad755a:192.168.69.71:45287, 61d14648-e80d-4cd8-9e7c-6deb2f21aca8:192.168.69.71:42247], old=null
2019-10-19 01:14:33,038 [f143d5cf-4038-4fa8-8601-f5a45f16ca3e@group-A3037D40E172-LeaderElection780] INFO  impl.RaftServerImpl (RaftServerImpl.java:setRole(184)) - f143d5cf-4038-4fa8-8601-f5a45f16ca3e@group-A3037D40E172: changes role from CANDIDATE to FOLLOWER at term 89 for DISCOVERED_A_NEW_TERM
2019-10-19 01:14:33,038 [f143d5cf-4038-4fa8-8601-f5a45f16ca3e@group-A3037D40E172-LeaderElection780] INFO  impl.RoleInfo (RoleInfo.java:shutdownLeaderElection(134)) - f143d5cf-4038-4fa8-8601-f5a45f16ca3e: shutdown LeaderElection
2019-10-19 01:14:33,038 [f143d5cf-4038-4fa8-8601-f5a45f16ca3e@group-A3037D40E172-LeaderElection780] INFO  impl.RoleInfo (RoleInfo.java:updateAndGet(143)) - f143d5cf-4038-4fa8-8601-f5a45f16ca3e: start FollowerState
2019-10-19 01:14:33,050 [Thread-7417] INFO  impl.FollowerState (FollowerState.java:run(108)) - 9c2d914d-67b1-4af9-8080-4d6ee007b506@group-20FCFA0487C4-FollowerState: change to CANDIDATE, lastRpcTime:164ms, electionTimeout:164ms
2019-10-19 01:14:33,050 [Thread-7417] INFO  impl.RoleInfo (RoleInfo.java:shutdownFollowerState(121)) - 9c2d914d-67b1-4af9-8080-4d6ee007b506: shutdown FollowerState
2019-10-19 01:14:33,050 [Thread-7417] INFO  impl.RaftServerImpl (RaftServerImpl.java:setRole(184)) - 9c2d914d-67b1-4af9-8080-4d6ee007b506@group-20FCFA0487C4: changes role from  FOLLOWER to CANDIDATE at term 89 for changeToCandidate
2019-10-19 01:14:33,050 [Thread-7417] INFO  impl.RoleInfo (RoleInfo.java:updateAndGet(143)) - 9c2d914d-67b1-4af9-8080-4d6ee007b506: start LeaderElection
2019-10-19 01:14:33,062 [9c2d914d-67b1-4af9-8080-4d6ee007b506@group-20FCFA0487C4-LeaderElection781] INFO  impl.LeaderElection (LeaderElection.java:askForVotes(178)) - 9c2d914d-67b1-4af9-8080-4d6ee007b506@group-20FCFA0487C4-LeaderElection781: begin an election at term 90 for -1: [88be3607-7667-471c-9070-7dfd13eb5ac8:192.168.69.71:32925, 9c2d914d-67b1-4af9-8080-4d6ee007b506:192.168.69.71:35462, 61d0b7dc-5f8b-422f-8693-c58167224d24:192.168.69.71:43479], old=null
2019-10-19 01:14:33,064 [grpc-default-executor-5] INFO  impl.RaftServerImpl (RaftServerImpl.java:setRole(184)) - 88be3607-7667-471c-9070-7dfd13eb5ac8@group-20FCFA0487C4: changes role from  FOLLOWER to FOLLOWER at term 90 for recognizeCandidate:9c2d914d-67b1-4af9-8080-4d6ee007b506
2019-10-19 01:14:33,064 [grpc-default-executor-5] INFO  impl.RoleInfo (RoleInfo.java:shutdownFollowerState(121)) - 88be3607-7667-471c-9070-7dfd13eb5ac8: shutdown FollowerState
2019-10-19 01:14:33,064 [grpc-default-executor-10] INFO  impl.RaftServerImpl (RaftServerImpl.java:setRole(184)) - 61d0b7dc-5f8b-422f-8693-c58167224d24@group-20FCFA0487C4: changes role from  FOLLOWER to FOLLOWER at term 90 for recognizeCandidate:9c2d914d-67b1-4af9-8080-4d6ee007b506
2019-10-19 01:14:33,064 [Thread-7413] INFO  impl.FollowerState (FollowerState.java:run(117)) - 88be3607-7667-471c-9070-7dfd13eb5ac8@group-20FCFA0487C4-FollowerState was interrupted: java.lang.InterruptedException: sleep interrupted
2019-10-19 01:14:33,064 [grpc-default-executor-5] INFO  impl.RoleInfo (RoleInfo.java:updateAndGet(143)) - 88be3607-7667-471c-9070-7dfd13eb5ac8: start FollowerState
2019-10-19 01:14:33,064 [grpc-default-executor-10] INFO  impl.RoleInfo (RoleInfo.java:shutdownFollowerState(121)) - 61d0b7dc-5f8b-422f-8693-c58167224d24: shutdown FollowerState
2019-10-19 01:14:33,064 [grpc-default-executor-10] INFO  impl.RoleInfo (RoleInfo.java:updateAndGet(143)) - 61d0b7dc-5f8b-422f-8693-c58167224d24: start FollowerState
2019-10-19 01:14:33,064 [Thread-7414] INFO  impl.FollowerState (FollowerState.java:run(117)) - 61d0b7dc-5f8b-422f-8693-c58167224d24@group-20FCFA0487C4-FollowerState was interrupted: java.lang.InterruptedException: sleep interrupted
2019-10-19 01:14:33,068 [9c2d914d-67b1-4af9-8080-4d6ee007b506@group-20FCFA0487C4-LeaderElection781] INFO  impl.LeaderElection (LeaderElection.java:logAndReturn(56)) - 9c2d914d-67b1-4af9-8080-4d6ee007b506@group-20FCFA0487C4-LeaderElection781: Election REJECTED; received 2 response(s) [9c2d914d-67b1-4af9-8080-4d6ee007b506<-88be3607-7667-471c-9070-7dfd13eb5ac8#0:FAIL-t90, 9c2d914d-67b1-4af9-8080-4d6ee007b506<-61d0b7dc-5f8b-422f-8693-c58167224d24#0:FAIL-t90] and 0 exception(s); 9c2d914d-67b1-4af9-8080-4d6ee007b506@group-20FCFA0487C4:t90, leader=null, voted=9c2d914d-67b1-4af9-8080-4d6ee007b506, raftlog=9c2d914d-67b1-4af9-8080-4d6ee007b506@group-20FCFA0487C4-SegmentedRaftLog:OPENED:c-1,f-1,i0, conf=-1: [88be3607-7667-471c-9070-7dfd13eb5ac8:192.168.69.71:32925, 9c2d914d-67b1-4af9-8080-4d6ee007b506:192.168.69.71:35462, 61d0b7dc-5f8b-422f-8693-c58167224d24:192.168.69.71:43479], old=null
2019-10-19 01:14:33,068 [9c2d914d-67b1-4af9-8080-4d6ee007b506@group-20FCFA0487C4-LeaderElection781] INFO  impl.RaftServerImpl (RaftServerImpl.java:setRole(184)) - 9c2d914d-67b1-4af9-8080-4d6ee007b506@group-20FCFA0487C4: changes role from CANDIDATE to FOLLOWER at term 90 for DISCOVERED_A_NEW_TERM
2019-10-19 01:14:33,068 [9c2d914d-67b1-4af9-8080-4d6ee007b506@group-20FCFA0487C4-LeaderElection781] INFO  impl.RoleInfo (RoleInfo.java:shutdownLeaderElection(134)) - 9c2d914d-67b1-4af9-8080-4d6ee007b506: shutdown LeaderElection
2019-10-19 01:14:33,069 [9c2d914d-67b1-4af9-8080-4d6ee007b506@group-20FCFA0487C4-LeaderElection781] INFO  impl.RoleInfo (RoleInfo.java:updateAndGet(143)) - 9c2d914d-67b1-4af9-8080-4d6ee007b506: start FollowerState
2019-10-19 01:14:33,113 [Thread-7426] INFO  impl.FollowerState (FollowerState.java:run(108)) - f143d5cf-4038-4fa8-8601-f5a45f16ca3e@group-A3037D40E172-FollowerState: change to CANDIDATE, lastRpcTime:74ms, electionTimeout:74ms
2019-10-19 01:14:33,113 [Thread-7426] INFO  impl.RoleInfo (RoleInfo.java:shutdownFollowerState(121)) - f143d5cf-4038-4fa8-8601-f5a45f16ca3e: shutdown FollowerState
2019-10-19 01:14:33,113 [Thread-7426] INFO  impl.RaftServerImpl (RaftServerImpl.java:setRole(184)) - f143d5cf-4038-4fa8-8601-f5a45f16ca3e@group-A3037D40E172: changes role from  FOLLOWER to CANDIDATE at term 89 for changeToCandidate
2019-10-19 01:14:33,113 [Thread-7426] INFO  impl.RoleInfo (RoleInfo.java:updateAndGet(143)) - f143d5cf-4038-4fa8-8601-f5a45f16ca3e: start LeaderElection
2019-10-19 01:14:33,126 [f143d5cf-4038-4fa8-8601-f5a45f16ca3e@group-A3037D40E172-LeaderElection782] INFO  impl.LeaderElection (LeaderElection.java:askForVotes(178)) - f143d5cf-4038-4fa8-8601-f5a45f16ca3e@group-A3037D40E172-LeaderElection782: begin an election at term 90 for -1: [f143d5cf-4038-4fa8-8601-f5a45f16ca3e:192.168.69.71:40169, 2543ffea-c5c6-4af0-856f-eb846bad755a:192.168.69.71:45287, 61d14648-e80d-4cd8-9e7c-6deb2f21aca8:192.168.69.71:42247], old=null
2019-10-19 01:14:33,127 [grpc-default-executor-5] INFO  impl.RaftServerImpl (RaftServerImpl.java:setRole(184)) - 61d14648-e80d-4cd8-9e7c-6deb2f21aca8@group-A3037D40E172: changes role from  FOLLOWER to FOLLOWER at term 90 for recognizeCandidate:f143d5cf-4038-4fa8-8601-f5a45f16ca3e
2019-10-19 01:14:33,128 [grpc-default-executor-5] INFO  impl.RoleInfo (RoleInfo.java:shutdownFollowerState(121)) - 61d14648-e80d-4cd8-9e7c-6deb2f21aca8: shutdown FollowerState
2019-10-19 01:14:33,128 [grpc-default-executor-5] INFO  impl.RoleInfo (RoleInfo.java:updateAndGet(143)) - 61d14648-e80d-4cd8-9e7c-6deb2f21aca8: start FollowerState
2019-10-19 01:14:33,128 [Thread-7425] INFO  impl.FollowerState (FollowerState.java:run(117)) - 61d14648-e80d-4cd8-9e7c-6deb2f21aca8@group-A3037D40E172-FollowerState was interrupted: java.lang.InterruptedException: sleep interrupted
2019-10-19 01:14:33,128 [grpc-default-executor-9] INFO  impl.RaftServerImpl (RaftServerImpl.java:setRole(184)) - 2543ffea-c5c6-4af0-856f-eb846bad755a@group-A3037D40E172: changes role from  FOLLOWER to FOLLOWER at term 90 for recognizeCandidate:f143d5cf-4038-4fa8-8601-f5a45f16ca3e
2019-10-19 01:14:33,128 [grpc-default-executor-9] INFO  impl.RoleInfo (RoleInfo.java:shutdownFollowerState(121)) - 2543ffea-c5c6-4af0-856f-eb846bad755a: shutdown FollowerState
2019-10-19 01:14:33,128 [grpc-default-executor-9] INFO  impl.RoleInfo (RoleInfo.java:updateAndGet(143)) - 2543ffea-c5c6-4af0-856f-eb846bad755a: start FollowerState
2019-10-19 01:14:33,128 [Thread-7424] INFO  impl.FollowerState (FollowerState.java:run(117)) - 2543ffea-c5c6-4af0-856f-eb846bad755a@group-A3037D40E172-FollowerState was interrupted: java.lang.InterruptedException: sleep interrupted
2019-10-19 01:14:33,132 [f143d5cf-4038-4fa8-8601-f5a45f16ca3e@group-A3037D40E172-LeaderElection782] INFO  impl.LeaderElection (LeaderElection.java:logAndReturn(56)) - f143d5cf-4038-4fa8-8601-f5a45f16ca3e@group-A3037D40E172-LeaderElection782: Election REJECTED; received 2 response(s) [f143d5cf-4038-4fa8-8601-f5a45f16ca3e<-2543ffea-c5c6-4af0-856f-eb846bad755a#0:FAIL-t90, f143d5cf-4038-4fa8-8601-f5a45f16ca3e<-61d14648-e80d-4cd8-9e7c-6deb2f21aca8#0:FAIL-t90] and 0 exception(s); f143d5cf-4038-4fa8-8601-f5a45f16ca3e@group-A3037D40E172:t90, leader=null, voted=f143d5cf-4038-4fa8-8601-f5a45f16ca3e, raftlog=f143d5cf-4038-4fa8-8601-f5a45f16ca3e@group-A3037D40E172-SegmentedRaftLog:OPENED:c-1,f-1,i0, conf=-1: [f143d5cf-4038-4fa8-8601-f5a45f16ca3e:192.168.69.71:40169, 2543ffea-c5c6-4af0-856f-eb846bad755a:192.168.69.71:45287, 61d14648-e80d-4cd8-9e7c-6deb2f21aca8:192.168.69.71:42247], old=null
2019-10-19 01:14:33,132 [f143d5cf-4038-4fa8-8601-f5a45f16ca3e@group-A3037D40E172-LeaderElection782] INFO  impl.RaftServerImpl (RaftServerImpl.java:setRole(184)) - f143d5cf-4038-4fa8-8601-f5a45f16ca3e@group-A3037D40E172: changes role from CANDIDATE to FOLLOWER at term 90 for DISCOVERED_A_NEW_TERM
2019-10-19 01:14:33,132 [f143d5cf-4038-4fa8-8601-f5a45f16ca3e@group-A3037D40E172-LeaderElection782] INFO  impl.RoleInfo (RoleInfo.java:shutdownLeaderElection(134)) - f143d5cf-4038-4fa8-8601-f5a45f16ca3e: shutdown LeaderElection
2019-10-19 01:14:33,132 [f143d5cf-4038-4fa8-8601-f5a45f16ca3e@group-A3037D40E172-LeaderElection782] INFO  impl.RoleInfo (RoleInfo.java:updateAndGet(143)) - f143d5cf-4038-4fa8-8601-f5a45f16ca3e: start FollowerState
2019-10-19 01:14:33,245 [Thread-7432] INFO  impl.FollowerState (FollowerState.java:run(108)) - 9c2d914d-67b1-4af9-8080-4d6ee007b506@group-20FCFA0487C4-FollowerState: change to CANDIDATE, lastRpcTime:176ms, electionTimeout:176ms
2019-10-19 01:14:33,245 [Thread-7432] INFO  impl.RoleInfo (RoleInfo.java:shutdownFollowerState(121)) - 9c2d914d-67b1-4af9-8080-4d6ee007b506: shutdown FollowerState
2019-10-19 01:14:33,245 [Thread-7432] INFO  impl.RaftServerImpl (RaftServerImpl.java:setRole(184)) - 9c2d914d-67b1-4af9-8080-4d6ee007b506@group-20FCFA0487C4: changes role from  FOLLOWER to CANDIDATE at term 90 for changeToCandidate
2019-10-19 01:14:33,245 [Thread-7432] INFO  impl.RoleInfo (RoleInfo.java:updateAndGet(143)) - 9c2d914d-67b1-4af9-8080-4d6ee007b506: start LeaderElection
2019-10-19 01:14:33,257 [9c2d914d-67b1-4af9-8080-4d6ee007b506@group-20FCFA0487C4-LeaderElection783] INFO  impl.LeaderElection (LeaderElection.java:askForVotes(178)) - 9c2d914d-67b1-4af9-8080-4d6ee007b506@group-20FCFA0487C4-LeaderElection783: begin an election at term 91 for -1: [88be3607-7667-471c-9070-7dfd13eb5ac8:192.168.69.71:32925, 9c2d914d-67b1-4af9-8080-4d6ee007b506:192.168.69.71:35462, 61d0b7dc-5f8b-422f-8693-c58167224d24:192.168.69.71:43479], old=null
2019-10-19 01:14:33,258 [grpc-default-executor-5] INFO  impl.RaftServerImpl (RaftServerImpl.java:setRole(184)) - 88be3607-7667-471c-9070-7dfd13eb5ac8@group-20FCFA0487C4: changes role from  FOLLOWER to FOLLOWER at term 91 for recognizeCandidate:9c2d914d-67b1-4af9-8080-4d6ee007b506
2019-10-19 01:14:33,258 [grpc-default-executor-5] INFO  impl.RoleInfo (RoleInfo.java:shutdownFollowerState(121)) - 88be3607-7667-471c-9070-7dfd13eb5ac8: shutdown FollowerState
2019-10-19 01:14:33,258 [grpc-default-executor-9] INFO  impl.RaftServerImpl (RaftServerImpl.java:setRole(184)) - 61d0b7dc-5f8b-422f-8693-c58167224d24@group-20FCFA0487C4: changes role from  FOLLOWER to FOLLOWER at term 91 for recognizeCandidate:9c2d914d-67b1-4af9-8080-4d6ee007b506
2019-10-19 01:14:33,258 [grpc-default-executor-9] INFO  impl.RoleInfo (RoleInfo.java:shutdownFollowerState(121)) - 61d0b7dc-5f8b-422f-8693-c58167224d24: shutdown FollowerState
2019-10-19 01:14:33,258 [Thread-7430] INFO  impl.FollowerState (FollowerState.java:run(117)) - 88be3607-7667-471c-9070-7dfd13eb5ac8@group-20FCFA0487C4-FollowerState was interrupted: java.lang.InterruptedException: sleep interrupted
2019-10-19 01:14:33,258 [grpc-default-executor-5] INFO  impl.RoleInfo (RoleInfo.java:updateAndGet(143)) - 88be3607-7667-471c-9070-7dfd13eb5ac8: start FollowerState
2019-10-19 01:14:33,258 [Thread-7431] INFO  impl.FollowerState (FollowerState.java:run(117)) - 61d0b7dc-5f8b-422f-8693-c58167224d24@group-20FCFA0487C4-FollowerState was interrupted: java.lang.InterruptedException: sleep interrupted
2019-10-19 01:14:33,258 [grpc-default-executor-9] INFO  impl.RoleInfo (RoleInfo.java:updateAndGet(143)) - 61d0b7dc-5f8b-422f-8693-c58167224d24: start FollowerState
2019-10-19 01:14:33,269 [9c2d914d-67b1-4af9-8080-4d6ee007b506@group-20FCFA0487C4-LeaderElection783] INFO  impl.LeaderElection (LeaderElection.java:logAndReturn(56)) - 9c2d914d-67b1-4af9-8080-4d6ee007b506@group-20FCFA0487C4-LeaderElection783: Election REJECTED; received 2 response(s) [9c2d914d-67b1-4af9-8080-4d6ee007b506<-88be3607-7667-471c-9070-7dfd13eb5ac8#0:FAIL-t91, 9c2d914d-67b1-4af9-8080-4d6ee007b506<-61d0b7dc-5f8b-422f-8693-c58167224d24#0:FAIL-t91] and 0 exception(s); 9c2d914d-67b1-4af9-8080-4d6ee007b506@group-20FCFA0487C4:t91, leader=null, voted=9c2d914d-67b1-4af9-8080-4d6ee007b506, raftlog=9c2d914d-67b1-4af9-8080-4d6ee007b506@group-20FCFA0487C4-SegmentedRaftLog:OPENED:c-1,f-1,i0, conf=-1: [88be3607-7667-471c-9070-7dfd13eb5ac8:192.168.69.71:32925, 9c2d914d-67b1-4af9-8080-4d6ee007b506:192.168.69.71:35462, 61d0b7dc-5f8b-422f-8693-c58167224d24:192.168.69.71:43479], old=null
2019-10-19 01:14:33,269 [9c2d914d-67b1-4af9-8080-4d6ee007b506@group-20FCFA0487C4-LeaderElection783] INFO  impl.RaftServerImpl (RaftServerImpl.java:setRole(184)) - 9c2d914d-67b1-4af9-8080-4d6ee007b506@group-20FCFA0487C4: changes role from CANDIDATE to FOLLOWER at term 91 for DISCOVERED_A_NEW_TERM
2019-10-19 01:14:33,269 [9c2d914d-67b1-4af9-8080-4d6ee007b506@group-20FCFA0487C4-LeaderElection783] INFO  impl.RoleInfo (RoleInfo.java:shutdownLeaderElection(134)) - 9c2d914d-67b1-4af9-8080-4d6ee007b506: shutdown LeaderElection
2019-10-19 01:14:33,269 [9c2d914d-67b1-4af9-8080-4d6ee007b506@group-20FCFA0487C4-LeaderElection783] INFO  impl.RoleInfo (RoleInfo.java:updateAndGet(143)) - 9c2d914d-67b1-4af9-8080-4d6ee007b506: start FollowerState
2019-10-19 01:14:33,275 [Thread-7446] INFO  impl.FollowerState (FollowerState.java:run(108)) - 9c2d914d-67b1-4af9-8080-4d6ee007b506@group-20FCFA0487C4-FollowerState: change to CANDIDATE, lastRpcTime:5ms, electionTimeout:5ms
2019-10-19 01:14:33,275 [Thread-7446] INFO  impl.RoleInfo (RoleInfo.java:shutdownFollowerState(121)) - 9c2d914d-67b1-4af9-8080-4d6ee007b506: shutdown FollowerState
2019-10-19 01:14:33,275 [Thread-7446] INFO  impl.RaftServerImpl (RaftServerImpl.java:setRole(184)) - 9c2d914d-67b1-4af9-8080-4d6ee007b506@group-20FCFA0487C4: changes role from  FOLLOWER to CANDIDATE at term 91 for changeToCandidate
2019-10-19 01:14:33,275 [Thread-7446] INFO  impl.RoleInfo (RoleInfo.java:updateAndGet(143)) - 9c2d914d-67b1-4af9-8080-4d6ee007b506: start LeaderElection
2019-10-19 01:14:33,282 [Thread-7440] INFO  impl.FollowerState (FollowerState.java:run(108)) - f143d5cf-4038-4fa8-8601-f5a45f16ca3e@group-A3037D40E172-FollowerState: change to CANDIDATE, lastRpcTime:149ms, electionTimeout:149ms
2019-10-19 01:14:33,282 [Thread-7440] INFO  impl.RoleInfo (RoleInfo.java:shutdownFollowerState(121)) - f143d5cf-4038-4fa8-8601-f5a45f16ca3e: shutdown FollowerState
2019-10-19 01:14:33,282 [Thread-7440] INFO  impl.RaftServerImpl (RaftServerImpl.java:setRole(184)) - f143d5cf-4038-4fa8-8601-f5a45f16ca3e@group-A3037D40E172: changes role from  FOLLOWER to CANDIDATE at term 90 for changeToCandidate
2019-10-19 01:14:33,282 [Thread-7440] INFO  impl.RoleInfo (RoleInfo.java:updateAndGet(143)) - f143d5cf-4038-4fa8-8601-f5a45f16ca3e: start LeaderElection
2019-10-19 01:14:33,287 [9c2d914d-67b1-4af9-8080-4d6ee007b506@group-20FCFA0487C4-LeaderElection784] INFO  impl.LeaderElection (LeaderElection.java:askForVotes(178)) - 9c2d914d-67b1-4af9-8080-4d6ee007b506@group-20FCFA0487C4-LeaderElection784: begin an election at term 92 for -1: [88be3607-7667-471c-9070-7dfd13eb5ac8:192.168.69.71:32925, 9c2d914d-67b1-4af9-8080-4d6ee007b506:192.168.69.71:35462, 61d0b7dc-5f8b-422f-8693-c58167224d24:192.168.69.71:43479], old=null
2019-10-19 01:14:33,287 [f143d5cf-4038-4fa8-8601-f5a45f16ca3e@group-A3037D40E172-LeaderElection785] INFO  impl.LeaderElection (LeaderElection.java:askForVotes(178)) - f143d5cf-4038-4fa8-8601-f5a45f16ca3e@group-A3037D40E172-LeaderElection785: begin an election at term 91 for -1: [f143d5cf-4038-4fa8-8601-f5a45f16ca3e:192.168.69.71:40169, 2543ffea-c5c6-4af0-856f-eb846bad755a:192.168.69.71:45287, 61d14648-e80d-4cd8-9e7c-6deb2f21aca8:192.168.69.71:42247], old=null
2019-10-19 01:14:33,288 [grpc-default-executor-5] INFO  impl.RaftServerImpl (RaftServerImpl.java:setRole(184)) - 88be3607-7667-471c-9070-7dfd13eb5ac8@group-20FCFA0487C4: changes role from  FOLLOWER to FOLLOWER at term 92 for recognizeCandidate:9c2d914d-67b1-4af9-8080-4d6ee007b506
2019-10-19 01:14:33,288 [grpc-default-executor-5] INFO  impl.RoleInfo (RoleInfo.java:shutdownFollowerState(121)) - 88be3607-7667-471c-9070-7dfd13eb5ac8: shutdown FollowerState
2019-10-19 01:14:33,288 [grpc-default-executor-5] INFO  impl.RoleInfo (RoleInfo.java:updateAndGet(143)) - 88be3607-7667-471c-9070-7dfd13eb5ac8: start FollowerState
2019-10-19 01:14:33,288 [grpc-default-executor-9] INFO  impl.RaftServerImpl (RaftServerImpl.java:setRole(184)) - 61d14648-e80d-4cd8-9e7c-6deb2f21aca8@group-A3037D40E172: changes role from  FOLLOWER to FOLLOWER at term 91 for recognizeCandidate:f143d5cf-4038-4fa8-8601-f5a45f16ca3e
2019-10-19 01:14:33,288 [grpc-default-executor-3] INFO  impl.RaftServerImpl (RaftServerImpl.java:setRole(184)) - 61d0b7dc-5f8b-422f-8693-c58167224d24@group-20FCFA0487C4: changes role from  FOLLOWER to FOLLOWER at term 92 for recognizeCandidate:9c2d914d-67b1-4af9-8080-4d6ee007b506
2019-10-19 01:14:33,289 [grpc-default-executor-3] INFO  impl.RoleInfo (RoleInfo.java:shutdownFollowerState(121)) - 61d0b7dc-5f8b-422f-8693-c58167224d24: shutdown FollowerState
2019-10-19 01:14:33,288 [grpc-default-executor-10] INFO  impl.RaftServerImpl (RaftServerImpl.java:setRole(184)) - 2543ffea-c5c6-4af0-856f-eb846bad755a@group-A3037D40E172: changes role from  FOLLOWER to FOLLOWER at term 91 for recognizeCandidate:f143d5cf-4038-4fa8-8601-f5a45f16ca3e
2019-10-19 01:14:33,289 [grpc-default-executor-10] INFO  impl.RoleInfo (RoleInfo.java:shutdownFollowerState(121)) - 2543ffea-c5c6-4af0-856f-eb846bad755a: shutdown FollowerState
2019-10-19 01:14:33,288 [Thread-7444] INFO  impl.FollowerState (FollowerState.java:run(117)) - 88be3607-7667-471c-9070-7dfd13eb5ac8@group-20FCFA0487C4-FollowerState was interrupted: java.lang.InterruptedException: sleep interrupted
2019-10-19 01:14:33,289 [grpc-default-executor-10] INFO  impl.RoleInfo (RoleInfo.java:updateAndGet(143)) - 2543ffea-c5c6-4af0-856f-eb846bad755a: start FollowerState
2019-10-19 01:14:33,289 [Thread-7445] INFO  impl.FollowerState (FollowerState.java:run(117)) - 61d0b7dc-5f8b-422f-8693-c58167224d24@group-20FCFA0487C4-FollowerState was interrupted: java.lang.InterruptedException: sleep interrupted
2019-10-19 01:14:33,289 [grpc-default-executor-3] INFO  impl.RoleInfo (RoleInfo.java:updateAndGet(143)) - 61d0b7dc-5f8b-422f-8693-c58167224d24: start FollowerState
2019-10-19 01:14:33,288 [grpc-default-executor-9] INFO  impl.RoleInfo (RoleInfo.java:shutdownFollowerState(121)) - 61d14648-e80d-4cd8-9e7c-6deb2f21aca8: shutdown FollowerState
2019-10-19 01:14:33,289 [Thread-7439] INFO  impl.FollowerState (FollowerState.java:run(117)) - 2543ffea-c5c6-4af0-856f-eb846bad755a@group-A3037D40E172-FollowerState was interrupted: java.lang.InterruptedException: sleep interrupted
2019-10-19 01:14:33,289 [Thread-7437] INFO  impl.FollowerState (FollowerState.java:run(117)) - 61d14648-e80d-4cd8-9e7c-6deb2f21aca8@group-A3037D40E172-FollowerState was interrupted: java.lang.InterruptedException: sleep interrupted
2019-10-19 01:14:33,289 [grpc-default-executor-9] INFO  impl.RoleInfo (RoleInfo.java:updateAndGet(143)) - 61d14648-e80d-4cd8-9e7c-6deb2f21aca8: start FollowerState
2019-10-19 01:14:33,303 [9c2d914d-67b1-4af9-8080-4d6ee007b506@group-20FCFA0487C4-LeaderElection784] INFO  impl.LeaderElection (LeaderElection.java:logAndReturn(56)) - 9c2d914d-67b1-4af9-8080-4d6ee007b506@group-20FCFA0487C4-LeaderElection784: Election REJECTED; received 2 response(s) [9c2d914d-67b1-4af9-8080-4d6ee007b506<-88be3607-7667-471c-9070-7dfd13eb5ac8#0:FAIL-t92, 9c2d914d-67b1-4af9-8080-4d6ee007b506<-61d0b7dc-5f8b-422f-8693-c58167224d24#0:FAIL-t92] and 0 exception(s); 9c2d914d-67b1-4af9-8080-4d6ee007b506@group-20FCFA0487C4:t92, leader=null, voted=9c2d914d-67b1-4af9-8080-4d6ee007b506, raftlog=9c2d914d-67b1-4af9-8080-4d6ee007b506@group-20FCFA0487C4-SegmentedRaftLog:OPENED:c-1,f-1,i0, conf=-1: [88be3607-7667-471c-9070-7dfd13eb5ac8:192.168.69.71:32925, 9c2d914d-67b1-4af9-8080-4d6ee007b506:192.168.69.71:35462, 61d0b7dc-5f8b-422f-8693-c58167224d24:192.168.69.71:43479], old=null
2019-10-19 01:14:33,303 [9c2d914d-67b1-4af9-8080-4d6ee007b506@group-20FCFA0487C4-LeaderElection784] INFO  impl.RaftServerImpl (RaftServerImpl.java:setRole(184)) - 9c2d914d-67b1-4af9-8080-4d6ee007b506@group-20FCFA0487C4: changes role from CANDIDATE to FOLLOWER at term 92 for DISCOVERED_A_NEW_TERM
2019-10-19 01:14:33,303 [9c2d914d-67b1-4af9-8080-4d6ee007b506@group-20FCFA0487C4-LeaderElection784] INFO  impl.RoleInfo (RoleInfo.java:shutdownLeaderElection(134)) - 9c2d914d-67b1-4af9-8080-4d6ee007b506: shutdown LeaderElection
2019-10-19 01:14:33,304 [f143d5cf-4038-4fa8-8601-f5a45f16ca3e@group-A3037D40E172-LeaderElection785] INFO  impl.LeaderElection (LeaderElection.java:logAndReturn(56)) - f143d5cf-4038-4fa8-8601-f5a45f16ca3e@group-A3037D40E172-LeaderElection785: Election REJECTED; received 2 response(s) [f143d5cf-4038-4fa8-8601-f5a45f16ca3e<-2543ffea-c5c6-4af0-856f-eb846bad755a#0:FAIL-t91, f143d5cf-4038-4fa8-8601-f5a45f16ca3e<-61d14648-e80d-4cd8-9e7c-6deb2f21aca8#0:FAIL-t91] and 0 exception(s); f143d5cf-4038-4fa8-8601-f5a45f16ca3e@group-A3037D40E172:t91, leader=null, voted=f143d5cf-4038-4fa8-8601-f5a45f16ca3e, raftlog=f143d5cf-4038-4fa8-8601-f5a45f16ca3e@group-A3037D40E172-SegmentedRaftLog:OPENED:c-1,f-1,i0, conf=-1: [f143d5cf-4038-4fa8-8601-f5a45f16ca3e:192.168.69.71:40169, 2543ffea-c5c6-4af0-856f-eb846bad755a:192.168.69.71:45287, 61d14648-e80d-4cd8-9e7c-6deb2f21aca8:192.168.69.71:42247], old=null
2019-10-19 01:14:33,304 [9c2d914d-67b1-4af9-8080-4d6ee007b506@group-20FCFA0487C4-LeaderElection784] INFO  impl.RoleInfo (RoleInfo.java:updateAndGet(143)) - 9c2d914d-67b1-4af9-8080-4d6ee007b506: start FollowerState
2019-10-19 01:14:33,304 [f143d5cf-4038-4fa8-8601-f5a45f16ca3e@group-A3037D40E172-LeaderElection785] INFO  impl.RaftServerImpl (RaftServerImpl.java:setRole(184)) - f143d5cf-4038-4fa8-8601-f5a45f16ca3e@group-A3037D40E172: changes role from CANDIDATE to FOLLOWER at term 91 for DISCOVERED_A_NEW_TERM
2019-10-19 01:14:33,304 [f143d5cf-4038-4fa8-8601-f5a45f16ca3e@group-A3037D40E172-LeaderElection785] INFO  impl.RoleInfo (RoleInfo.java:shutdownLeaderElection(134)) - f143d5cf-4038-4fa8-8601-f5a45f16ca3e: shutdown LeaderElection
2019-10-19 01:14:33,304 [f143d5cf-4038-4fa8-8601-f5a45f16ca3e@group-A3037D40E172-LeaderElection785] INFO  impl.RoleInfo (RoleInfo.java:updateAndGet(143)) - f143d5cf-4038-4fa8-8601-f5a45f16ca3e: start FollowerState
2019-10-19 01:14:33,326 [Thread-7458] INFO  impl.FollowerState (FollowerState.java:run(108)) - f143d5cf-4038-4fa8-8601-f5a45f16ca3e@group-A3037D40E172-FollowerState: change to CANDIDATE, lastRpcTime:22ms, electionTimeout:22ms
2019-10-19 01:14:33,326 [Thread-7458] INFO  impl.RoleInfo (RoleInfo.java:shutdownFollowerState(121)) - f143d5cf-4038-4fa8-8601-f5a45f16ca3e: shutdown FollowerState
2019-10-19 01:14:33,326 [Thread-7458] INFO  impl.RaftServerImpl (RaftServerImpl.java:setRole(184)) - f143d5cf-4038-4fa8-8601-f5a45f16ca3e@group-A3037D40E172: changes role from  FOLLOWER to CANDIDATE at term 91 for changeToCandidate
2019-10-19 01:14:33,326 [Thread-7458] INFO  impl.RoleInfo (RoleInfo.java:updateAndGet(143)) - f143d5cf-4038-4fa8-8601-f5a45f16ca3e: start LeaderElection
2019-10-19 01:14:33,339 [f143d5cf-4038-4fa8-8601-f5a45f16ca3e@group-A3037D40E172-LeaderElection786] INFO  impl.LeaderElection (LeaderElection.java:askForVotes(178)) - f143d5cf-4038-4fa8-8601-f5a45f16ca3e@group-A3037D40E172-LeaderElection786: begin an election at term 92 for -1: [f143d5cf-4038-4fa8-8601-f5a45f16ca3e:192.168.69.71:40169, 2543ffea-c5c6-4af0-856f-eb846bad755a:192.168.69.71:45287, 61d14648-e80d-4cd8-9e7c-6deb2f21aca8:192.168.69.71:42247], old=null
2019-10-19 01:14:33,341 [grpc-default-executor-5] INFO  impl.RaftServerImpl (RaftServerImpl.java:setRole(184)) - 2543ffea-c5c6-4af0-856f-eb846bad755a@group-A3037D40E172: changes role from  FOLLOWER to FOLLOWER at term 92 for recognizeCandidate:f143d5cf-4038-4fa8-8601-f5a45f16ca3e
2019-10-19 01:14:33,341 [grpc-default-executor-5] INFO  impl.RoleInfo (RoleInfo.java:shutdownFollowerState(121)) - 2543ffea-c5c6-4af0-856f-eb846bad755a: shutdown FollowerState
2019-10-19 01:14:33,341 [grpc-default-executor-5] INFO  impl.RoleInfo (RoleInfo.java:updateAndGet(143)) - 2543ffea-c5c6-4af0-856f-eb846bad755a: start FollowerState
2019-10-19 01:14:33,341 [Thread-7455] INFO  impl.FollowerState (FollowerState.java:run(117)) - 2543ffea-c5c6-4af0-856f-eb846bad755a@group-A3037D40E172-FollowerState was interrupted: java.lang.InterruptedException: sleep interrupted
2019-10-19 01:14:33,341 [grpc-default-executor-10] INFO  impl.RaftServerImpl (RaftServerImpl.java:setRole(184)) - 61d14648-e80d-4cd8-9e7c-6deb2f21aca8@group-A3037D40E172: changes role from  FOLLOWER to FOLLOWER at term 92 for recognizeCandidate:f143d5cf-4038-4fa8-8601-f5a45f16ca3e
2019-10-19 01:14:33,341 [grpc-default-executor-10] INFO  impl.RoleInfo (RoleInfo.java:shutdownFollowerState(121)) - 61d14648-e80d-4cd8-9e7c-6deb2f21aca8: shutdown FollowerState
2019-10-19 01:14:33,341 [grpc-default-executor-10] INFO  impl.RoleInfo (RoleInfo.java:updateAndGet(143)) - 61d14648-e80d-4cd8-9e7c-6deb2f21aca8: start FollowerState
2019-10-19 01:14:33,341 [Thread-7456] INFO  impl.FollowerState (FollowerState.java:run(117)) - 61d14648-e80d-4cd8-9e7c-6deb2f21aca8@group-A3037D40E172-FollowerState was interrupted: java.lang.InterruptedException: sleep interrupted
2019-10-19 01:14:33,355 [f143d5cf-4038-4fa8-8601-f5a45f16ca3e@group-A3037D40E172-LeaderElection786] INFO  impl.LeaderElection (LeaderElection.java:logAndReturn(56)) - f143d5cf-4038-4fa8-8601-f5a45f16ca3e@group-A3037D40E172-LeaderElection786: Election REJECTED; received 2 response(s) [f143d5cf-4038-4fa8-8601-f5a45f16ca3e<-2543ffea-c5c6-4af0-856f-eb846bad755a#0:FAIL-t92, f143d5cf-4038-4fa8-8601-f5a45f16ca3e<-61d14648-e80d-4cd8-9e7c-6deb2f21aca8#0:FAIL-t92] and 0 exception(s); f143d5cf-4038-4fa8-8601-f5a45f16ca3e@group-A3037D40E172:t92, leader=null, voted=f143d5cf-4038-4fa8-8601-f5a45f16ca3e, raftlog=f143d5cf-4038-4fa8-8601-f5a45f16ca3e@group-A3037D40E172-SegmentedRaftLog:OPENED:c-1,f-1,i0, conf=-1: [f143d5cf-4038-4fa8-8601-f5a45f16ca3e:192.168.69.71:40169, 2543ffea-c5c6-4af0-856f-eb846bad755a:192.168.69.71:45287, 61d14648-e80d-4cd8-9e7c-6deb2f21aca8:192.168.69.71:42247], old=null
2019-10-19 01:14:33,355 [f143d5cf-4038-4fa8-8601-f5a45f16ca3e@group-A3037D40E172-LeaderElection786] INFO  impl.RaftServerImpl (RaftServerImpl.java:setRole(184)) - f143d5cf-4038-4fa8-8601-f5a45f16ca3e@group-A3037D40E172: changes role from CANDIDATE to FOLLOWER at term 92 for DISCOVERED_A_NEW_TERM
2019-10-19 01:14:33,355 [f143d5cf-4038-4fa8-8601-f5a45f16ca3e@group-A3037D40E172-LeaderElection786] INFO  impl.RoleInfo (RoleInfo.java:shutdownLeaderElection(134)) - f143d5cf-4038-4fa8-8601-f5a45f16ca3e: shutdown LeaderElection
2019-10-19 01:14:33,355 [f143d5cf-4038-4fa8-8601-f5a45f16ca3e@group-A3037D40E172-LeaderElection786] INFO  impl.RoleInfo (RoleInfo.java:updateAndGet(143)) - f143d5cf-4038-4fa8-8601-f5a45f16ca3e: start FollowerState
2019-10-19 01:14:33,434 [Thread-7464] INFO  impl.FollowerState (FollowerState.java:run(108)) - f143d5cf-4038-4fa8-8601-f5a45f16ca3e@group-A3037D40E172-FollowerState: change to CANDIDATE, lastRpcTime:79ms, electionTimeout:79ms
2019-10-19 01:14:33,435 [Thread-7464] INFO  impl.RoleInfo (RoleInfo.java:shutdownFollowerState(121)) - f143d5cf-4038-4fa8-8601-f5a45f16ca3e: shutdown FollowerState
2019-10-19 01:14:33,435 [Thread-7464] INFO  impl.RaftServerImpl (RaftServerImpl.java:setRole(184)) - f143d5cf-4038-4fa8-8601-f5a45f16ca3e@group-A3037D40E172: changes role from  FOLLOWER to CANDIDATE at term 92 for changeToCandidate
2019-10-19 01:14:33,435 [Thread-7464] INFO  impl.RoleInfo (RoleInfo.java:updateAndGet(143)) - f143d5cf-4038-4fa8-8601-f5a45f16ca3e: start LeaderElection
2019-10-19 01:14:33,448 [f143d5cf-4038-4fa8-8601-f5a45f16ca3e@group-A3037D40E172-LeaderElection787] INFO  impl.LeaderElection (LeaderElection.java:askForVotes(178)) - f143d5cf-4038-4fa8-8601-f5a45f16ca3e@group-A3037D40E172-LeaderElection787: begin an election at term 93 for -1: [f143d5cf-4038-4fa8-8601-f5a45f16ca3e:192.168.69.71:40169, 2543ffea-c5c6-4af0-856f-eb846bad755a:192.168.69.71:45287, 61d14648-e80d-4cd8-9e7c-6deb2f21aca8:192.168.69.71:42247], old=null
2019-10-19 01:14:33,450 [grpc-default-executor-10] INFO  impl.RaftServerImpl (RaftServerImpl.java:setRole(184)) - 2543ffea-c5c6-4af0-856f-eb846bad755a@group-A3037D40E172: changes role from  FOLLOWER to FOLLOWER at term 93 for recognizeCandidate:f143d5cf-4038-4fa8-8601-f5a45f16ca3e
2019-10-19 01:14:33,450 [grpc-default-executor-10] INFO  impl.RoleInfo (RoleInfo.java:shutdownFollowerState(121)) - 2543ffea-c5c6-4af0-856f-eb846bad755a: shutdown FollowerState
2019-10-19 01:14:33,450 [grpc-default-executor-5] INFO  impl.RaftServerImpl (RaftServerImpl.java:setRole(184)) - 61d14648-e80d-4cd8-9e7c-6deb2f21aca8@group-A3037D40E172: changes role from  FOLLOWER to FOLLOWER at term 93 for recognizeCandidate:f143d5cf-4038-4fa8-8601-f5a45f16ca3e
2019-10-19 01:14:33,450 [grpc-default-executor-5] INFO  impl.RoleInfo (RoleInfo.java:shutdownFollowerState(121)) - 61d14648-e80d-4cd8-9e7c-6deb2f21aca8: shutdown FollowerState
2019-10-19 01:14:33,450 [Thread-7462] INFO  impl.FollowerState (FollowerState.java:run(117)) - 2543ffea-c5c6-4af0-856f-eb846bad755a@group-A3037D40E172-FollowerState was interrupted: java.lang.InterruptedException: sleep interrupted
2019-10-19 01:14:33,450 [grpc-default-executor-10] INFO  impl.RoleInfo (RoleInfo.java:updateAndGet(143)) - 2543ffea-c5c6-4af0-856f-eb846bad755a: start FollowerState
2019-10-19 01:14:33,450 [Thread-7463] INFO  impl.FollowerState (FollowerState.java:run(117)) - 61d14648-e80d-4cd8-9e7c-6deb2f21aca8@group-A3037D40E172-FollowerState was interrupted: java.lang.InterruptedException: sleep interrupted
2019-10-19 01:14:33,450 [grpc-default-executor-5] INFO  impl.RoleInfo (RoleInfo.java:updateAndGet(143)) - 61d14648-e80d-4cd8-9e7c-6deb2f21aca8: start FollowerState
2019-10-19 01:14:33,464 [f143d5cf-4038-4fa8-8601-f5a45f16ca3e@group-A3037D40E172-LeaderElection787] INFO  impl.LeaderElection (LeaderElection.java:logAndReturn(56)) - f143d5cf-4038-4fa8-8601-f5a45f16ca3e@group-A3037D40E172-LeaderElection787: Election REJECTED; received 2 response(s) [f143d5cf-4038-4fa8-8601-f5a45f16ca3e<-2543ffea-c5c6-4af0-856f-eb846bad755a#0:FAIL-t93, f143d5cf-4038-4fa8-8601-f5a45f16ca3e<-61d14648-e80d-4cd8-9e7c-6deb2f21aca8#0:FAIL-t93] and 0 exception(s); f143d5cf-4038-4fa8-8601-f5a45f16ca3e@group-A3037D40E172:t93, leader=null, voted=f143d5cf-4038-4fa8-8601-f5a45f16ca3e, raftlog=f143d5cf-4038-4fa8-8601-f5a45f16ca3e@group-A3037D40E172-SegmentedRaftLog:OPENED:c-1,f-1,i0, conf=-1: [f143d5cf-4038-4fa8-8601-f5a45f16ca3e:192.168.69.71:40169, 2543ffea-c5c6-4af0-856f-eb846bad755a:192.168.69.71:45287, 61d14648-e80d-4cd8-9e7c-6deb2f21aca8:192.168.69.71:42247], old=null
2019-10-19 01:14:33,464 [f143d5cf-4038-4fa8-8601-f5a45f16ca3e@group-A3037D40E172-LeaderElection787] INFO  impl.RaftServerImpl (RaftServerImpl.java:setRole(184)) - f143d5cf-4038-4fa8-8601-f5a45f16ca3e@group-A3037D40E172: changes role from CANDIDATE to FOLLOWER at term 93 for DISCOVERED_A_NEW_TERM
2019-10-19 01:14:33,464 [f143d5cf-4038-4fa8-8601-f5a45f16ca3e@group-A3037D40E172-LeaderElection787] INFO  impl.RoleInfo (RoleInfo.java:shutdownLeaderElection(134)) - f143d5cf-4038-4fa8-8601-f5a45f16ca3e: shutdown LeaderElection
2019-10-19 01:14:33,464 [f143d5cf-4038-4fa8-8601-f5a45f16ca3e@group-A3037D40E172-LeaderElection787] INFO  impl.RoleInfo (RoleInfo.java:updateAndGet(143)) - f143d5cf-4038-4fa8-8601-f5a45f16ca3e: start FollowerState
2019-10-19 01:14:33,476 [Thread-7457] INFO  impl.FollowerState (FollowerState.java:run(108)) - 9c2d914d-67b1-4af9-8080-4d6ee007b506@group-20FCFA0487C4-FollowerState: change to CANDIDATE, lastRpcTime:172ms, electionTimeout:172ms
2019-10-19 01:14:33,476 [Thread-7457] INFO  impl.RoleInfo (RoleInfo.java:shutdownFollowerState(121)) - 9c2d914d-67b1-4af9-8080-4d6ee007b506: shutdown FollowerState
2019-10-19 01:14:33,476 [Thread-7457] INFO  impl.RaftServerImpl (RaftServerImpl.java:setRole(184)) - 9c2d914d-67b1-4af9-8080-4d6ee007b506@group-20FCFA0487C4: changes role from  FOLLOWER to CANDIDATE at term 92 for changeToCandidate
2019-10-19 01:14:33,476 [Thread-7457] INFO  impl.RoleInfo (RoleInfo.java:updateAndGet(143)) - 9c2d914d-67b1-4af9-8080-4d6ee007b506: start LeaderElection
2019-10-19 01:14:33,489 [9c2d914d-67b1-4af9-8080-4d6ee007b506@group-20FCFA0487C4-LeaderElection788] INFO  impl.LeaderElection (LeaderElection.java:askForVotes(178)) - 9c2d914d-67b1-4af9-8080-4d6ee007b506@group-20FCFA0487C4-LeaderElection788: begin an election at term 93 for -1: [88be3607-7667-471c-9070-7dfd13eb5ac8:192.168.69.71:32925, 9c2d914d-67b1-4af9-8080-4d6ee007b506:192.168.69.71:35462, 61d0b7dc-5f8b-422f-8693-c58167224d24:192.168.69.71:43479], old=null
2019-10-19 01:14:33,491 [grpc-default-executor-10] INFO  impl.RaftServerImpl (RaftServerImpl.java:setRole(184)) - 61d0b7dc-5f8b-422f-8693-c58167224d24@group-20FCFA0487C4: changes role from  FOLLOWER to FOLLOWER at term 93 for recognizeCandidate:9c2d914d-67b1-4af9-8080-4d6ee007b506
2019-10-19 01:14:33,491 [grpc-default-executor-10] INFO  impl.RoleInfo (RoleInfo.java:shutdownFollowerState(121)) - 61d0b7dc-5f8b-422f-8693-c58167224d24: shutdown FollowerState
2019-10-19 01:14:33,491 [grpc-default-executor-10] INFO  impl.RoleInfo (RoleInfo.java:updateAndGet(143)) - 61d0b7dc-5f8b-422f-8693-c58167224d24: start FollowerState
2019-10-19 01:14:33,491 [Thread-7454] INFO  impl.FollowerState (FollowerState.java:run(117)) - 61d0b7dc-5f8b-422f-8693-c58167224d24@group-20FCFA0487C4-FollowerState was interrupted: java.lang.InterruptedException: sleep interrupted
2019-10-19 01:14:33,491 [grpc-default-executor-5] INFO  impl.RaftServerImpl (RaftServerImpl.java:setRole(184)) - 88be3607-7667-471c-9070-7dfd13eb5ac8@group-20FCFA0487C4: changes role from  FOLLOWER to FOLLOWER at term 93 for recognizeCandidate:9c2d914d-67b1-4af9-8080-4d6ee007b506
2019-10-19 01:14:33,491 [grpc-default-executor-5] INFO  impl.RoleInfo (RoleInfo.java:shutdownFollowerState(121)) - 88be3607-7667-471c-9070-7dfd13eb5ac8: shutdown FollowerState
2019-10-19 01:14:33,492 [grpc-default-executor-5] INFO  impl.RoleInfo (RoleInfo.java:updateAndGet(143)) - 88be3607-7667-471c-9070-7dfd13eb5ac8: start FollowerState
2019-10-19 01:14:33,492 [Thread-7453] INFO  impl.FollowerState (FollowerState.java:run(117)) - 88be3607-7667-471c-9070-7dfd13eb5ac8@group-20FCFA0487C4-FollowerState was interrupted: java.lang.InterruptedException: sleep interrupted
2019-10-19 01:14:33,504 [Thread-7470] INFO  impl.FollowerState (FollowerState.java:run(108)) - f143d5cf-4038-4fa8-8601-f5a45f16ca3e@group-A3037D40E172-FollowerState: change to CANDIDATE, lastRpcTime:40ms, electionTimeout:40ms
2019-10-19 01:14:33,505 [Thread-7470] INFO  impl.RoleInfo (RoleInfo.java:shutdownFollowerState(121)) - f143d5cf-4038-4fa8-8601-f5a45f16ca3e: shutdown FollowerState
2019-10-19 01:14:33,505 [Thread-7470] INFO  impl.RaftServerImpl (RaftServerImpl.java:setRole(184)) - f143d5cf-4038-4fa8-8601-f5a45f16ca3e@group-A3037D40E172: changes role from  FOLLOWER to CANDIDATE at term 93 for changeToCandidate
2019-10-19 01:14:33,505 [Thread-7470] INFO  impl.RoleInfo (RoleInfo.java:updateAndGet(143)) - f143d5cf-4038-4fa8-8601-f5a45f16ca3e: start LeaderElection
2019-10-19 01:14:33,505 [9c2d914d-67b1-4af9-8080-4d6ee007b506@group-20FCFA0487C4-LeaderElection788] INFO  impl.LeaderElection (LeaderElection.java:logAndReturn(56)) - 9c2d914d-67b1-4af9-8080-4d6ee007b506@group-20FCFA0487C4-LeaderElection788: Election REJECTED; received 2 response(s) [9c2d914d-67b1-4af9-8080-4d6ee007b506<-88be3607-7667-471c-9070-7dfd13eb5ac8#0:FAIL-t93, 9c2d914d-67b1-4af9-8080-4d6ee007b506<-61d0b7dc-5f8b-422f-8693-c58167224d24#0:FAIL-t93] and 0 exception(s); 9c2d914d-67b1-4af9-8080-4d6ee007b506@group-20FCFA0487C4:t93, leader=null, voted=9c2d914d-67b1-4af9-8080-4d6ee007b506, raftlog=9c2d914d-67b1-4af9-8080-4d6ee007b506@group-20FCFA0487C4-SegmentedRaftLog:OPENED:c-1,f-1,i0, conf=-1: [88be3607-7667-471c-9070-7dfd13eb5ac8:192.168.69.71:32925, 9c2d914d-67b1-4af9-8080-4d6ee007b506:192.168.69.71:35462, 61d0b7dc-5f8b-422f-8693-c58167224d24:192.168.69.71:43479], old=null
2019-10-19 01:14:33,505 [9c2d914d-67b1-4af9-8080-4d6ee007b506@group-20FCFA0487C4-LeaderElection788] INFO  impl.RaftServerImpl (RaftServerImpl.java:setRole(184)) - 9c2d914d-67b1-4af9-8080-4d6ee007b506@group-20FCFA0487C4: changes role from CANDIDATE to FOLLOWER at term 93 for DISCOVERED_A_NEW_TERM
2019-10-19 01:14:33,505 [9c2d914d-67b1-4af9-8080-4d6ee007b506@group-20FCFA0487C4-LeaderElection788] INFO  impl.RoleInfo (RoleInfo.java:shutdownLeaderElection(134)) - 9c2d914d-67b1-4af9-8080-4d6ee007b506: shutdown LeaderElection
2019-10-19 01:14:33,506 [9c2d914d-67b1-4af9-8080-4d6ee007b506@group-20FCFA0487C4-LeaderElection788] INFO  impl.RoleInfo (RoleInfo.java:updateAndGet(143)) - 9c2d914d-67b1-4af9-8080-4d6ee007b506: start FollowerState
2019-10-19 01:14:33,527 [f143d5cf-4038-4fa8-8601-f5a45f16ca3e@group-A3037D40E172-LeaderElection789] INFO  impl.LeaderElection (LeaderElection.java:askForVotes(178)) - f143d5cf-4038-4fa8-8601-f5a45f16ca3e@group-A3037D40E172-LeaderElection789: begin an election at term 94 for -1: [f143d5cf-4038-4fa8-8601-f5a45f16ca3e:192.168.69.71:40169, 2543ffea-c5c6-4af0-856f-eb846bad755a:192.168.69.71:45287, 61d14648-e80d-4cd8-9e7c-6deb2f21aca8:192.168.69.71:42247], old=null
2019-10-19 01:14:33,529 [grpc-default-executor-10] INFO  impl.RaftServerImpl (RaftServerImpl.java:setRole(184)) - 2543ffea-c5c6-4af0-856f-eb846bad755a@group-A3037D40E172: changes role from  FOLLOWER to FOLLOWER at term 94 for recognizeCandidate:f143d5cf-4038-4fa8-8601-f5a45f16ca3e
2019-10-19 01:14:33,529 [grpc-default-executor-10] INFO  impl.RoleInfo (RoleInfo.java:shutdownFollowerState(121)) - 2543ffea-c5c6-4af0-856f-eb846bad755a: shutdown FollowerState
2019-10-19 01:14:33,529 [grpc-default-executor-10] INFO  impl.RoleInfo (RoleInfo.java:updateAndGet(143)) - 2543ffea-c5c6-4af0-856f-eb846bad755a: start FollowerState
2019-10-19 01:14:33,529 [Thread-7468] INFO  impl.FollowerState (FollowerState.java:run(117)) - 2543ffea-c5c6-4af0-856f-eb846bad755a@group-A3037D40E172-FollowerState was interrupted: java.lang.InterruptedException: sleep interrupted
2019-10-19 01:14:33,529 [grpc-default-executor-5] INFO  impl.RaftServerImpl (RaftServerImpl.java:setRole(184)) - 61d14648-e80d-4cd8-9e7c-6deb2f21aca8@group-A3037D40E172: changes role from  FOLLOWER to FOLLOWER at term 94 for recognizeCandidate:f143d5cf-4038-4fa8-8601-f5a45f16ca3e
2019-10-19 01:14:33,529 [grpc-default-executor-5] INFO  impl.RoleInfo (RoleInfo.java:shutdownFollowerState(121)) - 61d14648-e80d-4cd8-9e7c-6deb2f21aca8: shutdown FollowerState
2019-10-19 01:14:33,530 [grpc-default-executor-5] INFO  impl.RoleInfo (RoleInfo.java:updateAndGet(143)) - 61d14648-e80d-4cd8-9e7c-6deb2f21aca8: start FollowerState
2019-10-19 01:14:33,530 [Thread-7469] INFO  impl.FollowerState (FollowerState.java:run(117)) - 61d14648-e80d-4cd8-9e7c-6deb2f21aca8@group-A3037D40E172-FollowerState was interrupted: java.lang.InterruptedException: sleep interrupted
2019-10-19 01:14:33,545 [Thread-7477] INFO  impl.FollowerState (FollowerState.java:run(108)) - 9c2d914d-67b1-4af9-8080-4d6ee007b506@group-20FCFA0487C4-FollowerState: change to CANDIDATE, lastRpcTime:39ms, electionTimeout:39ms
2019-10-19 01:14:33,545 [Thread-7477] INFO  impl.RoleInfo (RoleInfo.java:shutdownFollowerState(121)) - 9c2d914d-67b1-4af9-8080-4d6ee007b506: shutdown FollowerState
2019-10-19 01:14:33,545 [Thread-7477] INFO  impl.RaftServerImpl (RaftServerImpl.java:setRole(184)) - 9c2d914d-67b1-4af9-8080-4d6ee007b506@group-20FCFA0487C4: changes role from  FOLLOWER to CANDIDATE at term 93 for changeToCandidate
2019-10-19 01:14:33,545 [Thread-7477] INFO  impl.RoleInfo (RoleInfo.java:updateAndGet(143)) - 9c2d914d-67b1-4af9-8080-4d6ee007b506: start LeaderElection
2019-10-19 01:14:33,555 [9c2d914d-67b1-4af9-8080-4d6ee007b506@group-20FCFA0487C4-LeaderElection790] INFO  impl.LeaderElection (LeaderElection.java:askForVotes(178)) - 9c2d914d-67b1-4af9-8080-4d6ee007b506@group-20FCFA0487C4-LeaderElection790: begin an election at term 94 for -1: [88be3607-7667-471c-9070-7dfd13eb5ac8:192.168.69.71:32925, 9c2d914d-67b1-4af9-8080-4d6ee007b506:192.168.69.71:35462, 61d0b7dc-5f8b-422f-8693-c58167224d24:192.168.69.71:43479], old=null
2019-10-19 01:14:33,556 [f143d5cf-4038-4fa8-8601-f5a45f16ca3e@group-A3037D40E172-LeaderElection789] INFO  impl.LeaderElection (LeaderElection.java:logAndReturn(56)) - f143d5cf-4038-4fa8-8601-f5a45f16ca3e@group-A3037D40E172-LeaderElection789: Election REJECTED; received 2 response(s) [f143d5cf-4038-4fa8-8601-f5a45f16ca3e<-2543ffea-c5c6-4af0-856f-eb846bad755a#0:FAIL-t94, f143d5cf-4038-4fa8-8601-f5a45f16ca3e<-61d14648-e80d-4cd8-9e7c-6deb2f21aca8#0:FAIL-t94] and 0 exception(s); f143d5cf-4038-4fa8-8601-f5a45f16ca3e@group-A3037D40E172:t94, leader=null, voted=f143d5cf-4038-4fa8-8601-f5a45f16ca3e, raftlog=f143d5cf-4038-4fa8-8601-f5a45f16ca3e@group-A3037D40E172-SegmentedRaftLog:OPENED:c-1,f-1,i0, conf=-1: [f143d5cf-4038-4fa8-8601-f5a45f16ca3e:192.168.69.71:40169, 2543ffea-c5c6-4af0-856f-eb846bad755a:192.168.69.71:45287, 61d14648-e80d-4cd8-9e7c-6deb2f21aca8:192.168.69.71:42247], old=null
2019-10-19 01:14:33,556 [f143d5cf-4038-4fa8-8601-f5a45f16ca3e@group-A3037D40E172-LeaderElection789] INFO  impl.RaftServerImpl (RaftServerImpl.java:setRole(184)) - f143d5cf-4038-4fa8-8601-f5a45f16ca3e@group-A3037D40E172: changes role from CANDIDATE to FOLLOWER at term 94 for DISCOVERED_A_NEW_TERM
2019-10-19 01:14:33,556 [f143d5cf-4038-4fa8-8601-f5a45f16ca3e@group-A3037D40E172-LeaderElection789] INFO  impl.RoleInfo (RoleInfo.java:shutdownLeaderElection(134)) - f143d5cf-4038-4fa8-8601-f5a45f16ca3e: shutdown LeaderElection
2019-10-19 01:14:33,556 [f143d5cf-4038-4fa8-8601-f5a45f16ca3e@group-A3037D40E172-LeaderElection789] INFO  impl.RoleInfo (RoleInfo.java:updateAndGet(143)) - f143d5cf-4038-4fa8-8601-f5a45f16ca3e: start FollowerState
2019-10-19 01:14:33,556 [grpc-default-executor-5] INFO  impl.RaftServerImpl (RaftServerImpl.java:setRole(184)) - 61d0b7dc-5f8b-422f-8693-c58167224d24@group-20FCFA0487C4: changes role from  FOLLOWER to FOLLOWER at term 94 for recognizeCandidate:9c2d914d-67b1-4af9-8080-4d6ee007b506
2019-10-19 01:14:33,556 [grpc-default-executor-5] INFO  impl.RoleInfo (RoleInfo.java:shutdownFollowerState(121)) - 61d0b7dc-5f8b-422f-8693-c58167224d24: shutdown FollowerState
2019-10-19 01:14:33,556 [grpc-default-executor-10] INFO  impl.RaftServerImpl (RaftServerImpl.java:setRole(184)) - 88be3607-7667-471c-9070-7dfd13eb5ac8@group-20FCFA0487C4: changes role from  FOLLOWER to FOLLOWER at term 94 for recognizeCandidate:9c2d914d-67b1-4af9-8080-4d6ee007b506
2019-10-19 01:14:33,556 [grpc-default-executor-10] INFO  impl.RoleInfo (RoleInfo.java:shutdownFollowerState(121)) - 88be3607-7667-471c-9070-7dfd13eb5ac8: shutdown FollowerState
2019-10-19 01:14:33,556 [Thread-7474] INFO  impl.FollowerState (FollowerState.java:run(117)) - 61d0b7dc-5f8b-422f-8693-c58167224d24@group-20FCFA0487C4-FollowerState was interrupted: java.lang.InterruptedException: sleep interrupted
2019-10-19 01:14:33,556 [grpc-default-executor-5] INFO  impl.RoleInfo (RoleInfo.java:updateAndGet(143)) - 61d0b7dc-5f8b-422f-8693-c58167224d24: start FollowerState
2019-10-19 01:14:33,557 [Thread-7475] INFO  impl.FollowerState (FollowerState.java:run(117)) - 88be3607-7667-471c-9070-7dfd13eb5ac8@group-20FCFA0487C4-FollowerState was interrupted: java.lang.InterruptedException: sleep interrupted
2019-10-19 01:14:33,557 [grpc-default-executor-10] INFO  impl.RoleInfo (RoleInfo.java:updateAndGet(143)) - 88be3607-7667-471c-9070-7dfd13eb5ac8: start FollowerState
2019-10-19 01:14:33,571 [9c2d914d-67b1-4af9-8080-4d6ee007b506@group-20FCFA0487C4-LeaderElection790] INFO  impl.LeaderElection (LeaderElection.java:logAndReturn(56)) - 9c2d914d-67b1-4af9-8080-4d6ee007b506@group-20FCFA0487C4-LeaderElection790: Election REJECTED; received 2 response(s) [9c2d914d-67b1-4af9-8080-4d6ee007b506<-88be3607-7667-471c-9070-7dfd13eb5ac8#0:FAIL-t94, 9c2d914d-67b1-4af9-8080-4d6ee007b506<-61d0b7dc-5f8b-422f-8693-c58167224d24#0:FAIL-t94] and 0 exception(s); 9c2d914d-67b1-4af9-8080-4d6ee007b506@group-20FCFA0487C4:t94, leader=null, voted=9c2d914d-67b1-4af9-8080-4d6ee007b506, raftlog=9c2d914d-67b1-4af9-8080-4d6ee007b506@group-20FCFA0487C4-SegmentedRaftLog:OPENED:c-1,f-1,i0, conf=-1: [88be3607-7667-471c-9070-7dfd13eb5ac8:192.168.69.71:32925, 9c2d914d-67b1-4af9-8080-4d6ee007b506:192.168.69.71:35462, 61d0b7dc-5f8b-422f-8693-c58167224d24:192.168.69.71:43479], old=null
2019-10-19 01:14:33,571 [9c2d914d-67b1-4af9-8080-4d6ee007b506@group-20FCFA0487C4-LeaderElection790] INFO  impl.RaftServerImpl (RaftServerImpl.java:setRole(184)) - 9c2d914d-67b1-4af9-8080-4d6ee007b506@group-20FCFA0487C4: changes role from CANDIDATE to FOLLOWER at term 94 for DISCOVERED_A_NEW_TERM
2019-10-19 01:14:33,571 [9c2d914d-67b1-4af9-8080-4d6ee007b506@group-20FCFA0487C4-LeaderElection790] INFO  impl.RoleInfo (RoleInfo.java:shutdownLeaderElection(134)) - 9c2d914d-67b1-4af9-8080-4d6ee007b506: shutdown LeaderElection
2019-10-19 01:14:33,571 [9c2d914d-67b1-4af9-8080-4d6ee007b506@group-20FCFA0487C4-LeaderElection790] INFO  impl.RoleInfo (RoleInfo.java:updateAndGet(143)) - 9c2d914d-67b1-4af9-8080-4d6ee007b506: start FollowerState
2019-10-19 01:14:33,642 [Thread-7485] INFO  impl.FollowerState (FollowerState.java:run(108)) - f143d5cf-4038-4fa8-8601-f5a45f16ca3e@group-A3037D40E172-FollowerState: change to CANDIDATE, lastRpcTime:86ms, electionTimeout:86ms
2019-10-19 01:14:33,643 [Thread-7485] INFO  impl.RoleInfo (RoleInfo.java:shutdownFollowerState(121)) - f143d5cf-4038-4fa8-8601-f5a45f16ca3e: shutdown FollowerState
2019-10-19 01:14:33,643 [Thread-7485] INFO  impl.RaftServerImpl (RaftServerImpl.java:setRole(184)) - f143d5cf-4038-4fa8-8601-f5a45f16ca3e@group-A3037D40E172: changes role from  FOLLOWER to CANDIDATE at term 94 for changeToCandidate
2019-10-19 01:14:33,644 [Thread-7485] INFO  impl.RoleInfo (RoleInfo.java:updateAndGet(143)) - f143d5cf-4038-4fa8-8601-f5a45f16ca3e: start LeaderElection
2019-10-19 01:14:33,657 [f143d5cf-4038-4fa8-8601-f5a45f16ca3e@group-A3037D40E172-LeaderElection791] INFO  impl.LeaderElection (LeaderElection.java:askForVotes(178)) - f143d5cf-4038-4fa8-8601-f5a45f16ca3e@group-A3037D40E172-LeaderElection791: begin an election at term 95 for -1: [f143d5cf-4038-4fa8-8601-f5a45f16ca3e:192.168.69.71:40169, 2543ffea-c5c6-4af0-856f-eb846bad755a:192.168.69.71:45287, 61d14648-e80d-4cd8-9e7c-6deb2f21aca8:192.168.69.71:42247], old=null
2019-10-19 01:14:33,664 [grpc-default-executor-10] INFO  impl.RaftServerImpl (RaftServerImpl.java:setRole(184)) - 61d14648-e80d-4cd8-9e7c-6deb2f21aca8@group-A3037D40E172: changes role from  FOLLOWER to FOLLOWER at term 95 for recognizeCandidate:f143d5cf-4038-4fa8-8601-f5a45f16ca3e
2019-10-19 01:14:33,664 [grpc-default-executor-5] INFO  impl.RaftServerImpl (RaftServerImpl.java:setRole(184)) - 2543ffea-c5c6-4af0-856f-eb846bad755a@group-A3037D40E172: changes role from  FOLLOWER to FOLLOWER at term 95 for recognizeCandidate:f143d5cf-4038-4fa8-8601-f5a45f16ca3e
2019-10-19 01:14:33,664 [grpc-default-executor-10] INFO  impl.RoleInfo (RoleInfo.java:shutdownFollowerState(121)) - 61d14648-e80d-4cd8-9e7c-6deb2f21aca8: shutdown FollowerState
2019-10-19 01:14:33,664 [grpc-default-executor-5] INFO  impl.RoleInfo (RoleInfo.java:shutdownFollowerState(121)) - 2543ffea-c5c6-4af0-856f-eb846bad755a: shutdown FollowerState
2019-10-19 01:14:33,665 [grpc-default-executor-10] INFO  impl.RoleInfo (RoleInfo.java:updateAndGet(143)) - 61d14648-e80d-4cd8-9e7c-6deb2f21aca8: start FollowerState
2019-10-19 01:14:33,665 [Thread-7481] INFO  impl.FollowerState (FollowerState.java:run(117)) - 61d14648-e80d-4cd8-9e7c-6deb2f21aca8@group-A3037D40E172-FollowerState was interrupted: java.lang.InterruptedException: sleep interrupted
2019-10-19 01:14:33,665 [Thread-7480] INFO  impl.FollowerState (FollowerState.java:run(117)) - 2543ffea-c5c6-4af0-856f-eb846bad755a@group-A3037D40E172-FollowerState was interrupted: java.lang.InterruptedException: sleep interrupted
2019-10-19 01:14:33,665 [grpc-default-executor-5] INFO  impl.RoleInfo (RoleInfo.java:updateAndGet(143)) - 2543ffea-c5c6-4af0-856f-eb846bad755a: start FollowerState
2019-10-19 01:14:33,680 [Thread-7488] INFO  impl.FollowerState (FollowerState.java:run(108)) - 9c2d914d-67b1-4af9-8080-4d6ee007b506@group-20FCFA0487C4-FollowerState: change to CANDIDATE, lastRpcTime:109ms, electionTimeout:109ms
2019-10-19 01:14:33,681 [Thread-7488] INFO  impl.RoleInfo (RoleInfo.java:shutdownFollowerState(121)) - 9c2d914d-67b1-4af9-8080-4d6ee007b506: shutdown FollowerState
2019-10-19 01:14:33,681 [Thread-7488] INFO  impl.RaftServerImpl (RaftServerImpl.java:setRole(184)) - 9c2d914d-67b1-4af9-8080-4d6ee007b506@group-20FCFA0487C4: changes role from  FOLLOWER to CANDIDATE at term 94 for changeToCandidate
2019-10-19 01:14:33,681 [Thread-7488] INFO  impl.RoleInfo (RoleInfo.java:updateAndGet(143)) - 9c2d914d-67b1-4af9-8080-4d6ee007b506: start LeaderElection
2019-10-19 01:14:33,681 [f143d5cf-4038-4fa8-8601-f5a45f16ca3e@group-A3037D40E172-LeaderElection791] INFO  impl.LeaderElection (LeaderElection.java:logAndReturn(56)) - f143d5cf-4038-4fa8-8601-f5a45f16ca3e@group-A3037D40E172-LeaderElection791: Election REJECTED; received 2 response(s) [f143d5cf-4038-4fa8-8601-f5a45f16ca3e<-2543ffea-c5c6-4af0-856f-eb846bad755a#0:FAIL-t95, f143d5cf-4038-4fa8-8601-f5a45f16ca3e<-61d14648-e80d-4cd8-9e7c-6deb2f21aca8#0:FAIL-t95] and 0 exception(s); f143d5cf-4038-4fa8-8601-f5a45f16ca3e@group-A3037D40E172:t95, leader=null, voted=f143d5cf-4038-4fa8-8601-f5a45f16ca3e, raftlog=f143d5cf-4038-4fa8-8601-f5a45f16ca3e@group-A3037D40E172-SegmentedRaftLog:OPENED:c-1,f-1,i0, conf=-1: [f143d5cf-4038-4fa8-8601-f5a45f16ca3e:192.168.69.71:40169, 2543ffea-c5c6-4af0-856f-eb846bad755a:192.168.69.71:45287, 61d14648-e80d-4cd8-9e7c-6deb2f21aca8:192.168.69.71:42247], old=null
2019-10-19 01:14:33,681 [f143d5cf-4038-4fa8-8601-f5a45f16ca3e@group-A3037D40E172-LeaderElection791] INFO  impl.RaftServerImpl (RaftServerImpl.java:setRole(184)) - f143d5cf-4038-4fa8-8601-f5a45f16ca3e@group-A3037D40E172: changes role from CANDIDATE to FOLLOWER at term 95 for DISCOVERED_A_NEW_TERM
2019-10-19 01:14:33,681 [f143d5cf-4038-4fa8-8601-f5a45f16ca3e@group-A3037D40E172-LeaderElection791] INFO  impl.RoleInfo (RoleInfo.java:shutdownLeaderElection(134)) - f143d5cf-4038-4fa8-8601-f5a45f16ca3e: shutdown LeaderElection
2019-10-19 01:14:33,681 [f143d5cf-4038-4fa8-8601-f5a45f16ca3e@group-A3037D40E172-LeaderElection791] INFO  impl.RoleInfo (RoleInfo.java:updateAndGet(143)) - f143d5cf-4038-4fa8-8601-f5a45f16ca3e: start FollowerState
2019-10-19 01:14:33,694 [9c2d914d-67b1-4af9-8080-4d6ee007b506@group-20FCFA0487C4-LeaderElection792] INFO  impl.LeaderElection (LeaderElection.java:askForVotes(178)) - 9c2d914d-67b1-4af9-8080-4d6ee007b506@group-20FCFA0487C4-LeaderElection792: begin an election at term 95 for -1: [88be3607-7667-471c-9070-7dfd13eb5ac8:192.168.69.71:32925, 9c2d914d-67b1-4af9-8080-4d6ee007b506:192.168.69.71:35462, 61d0b7dc-5f8b-422f-8693-c58167224d24:192.168.69.71:43479], old=null
2019-10-19 01:14:33,696 [grpc-default-executor-5] INFO  impl.RaftServerImpl (RaftServerImpl.java:setRole(184)) - 88be3607-7667-471c-9070-7dfd13eb5ac8@group-20FCFA0487C4: changes role from  FOLLOWER to FOLLOWER at term 95 for recognizeCandidate:9c2d914d-67b1-4af9-8080-4d6ee007b506
2019-10-19 01:14:33,696 [grpc-default-executor-5] INFO  impl.RoleInfo (RoleInfo.java:shutdownFollowerState(121)) - 88be3607-7667-471c-9070-7dfd13eb5ac8: shutdown FollowerState
2019-10-19 01:14:33,696 [grpc-default-executor-5] INFO  impl.RoleInfo (RoleInfo.java:updateAndGet(143)) - 88be3607-7667-471c-9070-7dfd13eb5ac8: start FollowerState
2019-10-19 01:14:33,696 [Thread-7487] INFO  impl.FollowerState (FollowerState.java:run(117)) - 88be3607-7667-471c-9070-7dfd13eb5ac8@group-20FCFA0487C4-FollowerState was interrupted: java.lang.InterruptedException: sleep interrupted
2019-10-19 01:14:33,696 [grpc-default-executor-10] INFO  impl.RaftServerImpl (RaftServerImpl.java:setRole(184)) - 61d0b7dc-5f8b-422f-8693-c58167224d24@group-20FCFA0487C4: changes role from  FOLLOWER to FOLLOWER at term 95 for recognizeCandidate:9c2d914d-67b1-4af9-8080-4d6ee007b506
2019-10-19 01:14:33,696 [grpc-default-executor-10] INFO  impl.RoleInfo (RoleInfo.java:shutdownFollowerState(121)) - 61d0b7dc-5f8b-422f-8693-c58167224d24: shutdown FollowerState
2019-10-19 01:14:33,697 [grpc-default-executor-10] INFO  impl.RoleInfo (RoleInfo.java:updateAndGet(143)) - 61d0b7dc-5f8b-422f-8693-c58167224d24: start FollowerState
2019-10-19 01:14:33,697 [Thread-7486] INFO  impl.FollowerState (FollowerState.java:run(117)) - 61d0b7dc-5f8b-422f-8693-c58167224d24@group-20FCFA0487C4-FollowerState was interrupted: java.lang.InterruptedException: sleep interrupted
2019-10-19 01:14:33,710 [9c2d914d-67b1-4af9-8080-4d6ee007b506@group-20FCFA0487C4-LeaderElection792] INFO  impl.LeaderElection (LeaderElection.java:logAndReturn(56)) - 9c2d914d-67b1-4af9-8080-4d6ee007b506@group-20FCFA0487C4-LeaderElection792: Election REJECTED; received 2 response(s) [9c2d914d-67b1-4af9-8080-4d6ee007b506<-88be3607-7667-471c-9070-7dfd13eb5ac8#0:FAIL-t95, 9c2d914d-67b1-4af9-8080-4d6ee007b506<-61d0b7dc-5f8b-422f-8693-c58167224d24#0:FAIL-t95] and 0 exception(s); 9c2d914d-67b1-4af9-8080-4d6ee007b506@group-20FCFA0487C4:t95, leader=null, voted=9c2d914d-67b1-4af9-8080-4d6ee007b506, raftlog=9c2d914d-67b1-4af9-8080-4d6ee007b506@group-20FCFA0487C4-SegmentedRaftLog:OPENED:c-1,f-1,i0, conf=-1: [88be3607-7667-471c-9070-7dfd13eb5ac8:192.168.69.71:32925, 9c2d914d-67b1-4af9-8080-4d6ee007b506:192.168.69.71:35462, 61d0b7dc-5f8b-422f-8693-c58167224d24:192.168.69.71:43479], old=null
2019-10-19 01:14:33,711 [9c2d914d-67b1-4af9-8080-4d6ee007b506@group-20FCFA0487C4-LeaderElection792] INFO  impl.RaftServerImpl (RaftServerImpl.java:setRole(184)) - 9c2d914d-67b1-4af9-8080-4d6ee007b506@group-20FCFA0487C4: changes role from CANDIDATE to FOLLOWER at term 95 for DISCOVERED_A_NEW_TERM
2019-10-19 01:14:33,711 [9c2d914d-67b1-4af9-8080-4d6ee007b506@group-20FCFA0487C4-LeaderElection792] INFO  impl.RoleInfo (RoleInfo.java:shutdownLeaderElection(134)) - 9c2d914d-67b1-4af9-8080-4d6ee007b506: shutdown LeaderElection
2019-10-19 01:14:33,711 [9c2d914d-67b1-4af9-8080-4d6ee007b506@group-20FCFA0487C4-LeaderElection792] INFO  impl.RoleInfo (RoleInfo.java:updateAndGet(143)) - 9c2d914d-67b1-4af9-8080-4d6ee007b506: start FollowerState
2019-10-19 01:14:33,719 [Thread-7497] INFO  impl.FollowerState (FollowerState.java:run(108)) - f143d5cf-4038-4fa8-8601-f5a45f16ca3e@group-A3037D40E172-FollowerState: change to CANDIDATE, lastRpcTime:37ms, electionTimeout:37ms
2019-10-19 01:14:33,719 [Thread-7497] INFO  impl.RoleInfo (RoleInfo.java:shutdownFollowerState(121)) - f143d5cf-4038-4fa8-8601-f5a45f16ca3e: shutdown FollowerState
2019-10-19 01:14:33,719 [Thread-7497] INFO  impl.RaftServerImpl (RaftServerImpl.java:setRole(184)) - f143d5cf-4038-4fa8-8601-f5a45f16ca3e@group-A3037D40E172: changes role from  FOLLOWER to CANDIDATE at term 95 for changeToCandidate
2019-10-19 01:14:33,719 [Thread-7497] INFO  impl.RoleInfo (RoleInfo.java:updateAndGet(143)) - f143d5cf-4038-4fa8-8601-f5a45f16ca3e: start LeaderElection
2019-10-19 01:14:33,733 [f143d5cf-4038-4fa8-8601-f5a45f16ca3e@group-A3037D40E172-LeaderElection793] INFO  impl.LeaderElection (LeaderElection.java:askForVotes(178)) - f143d5cf-4038-4fa8-8601-f5a45f16ca3e@group-A3037D40E172-LeaderElection793: begin an election at term 96 for -1: [f143d5cf-4038-4fa8-8601-f5a45f16ca3e:192.168.69.71:40169, 2543ffea-c5c6-4af0-856f-eb846bad755a:192.168.69.71:45287, 61d14648-e80d-4cd8-9e7c-6deb2f21aca8:192.168.69.71:42247], old=null
2019-10-19 01:14:33,734 [grpc-default-executor-10] INFO  impl.RaftServerImpl (RaftServerImpl.java:setRole(184)) - 2543ffea-c5c6-4af0-856f-eb846bad755a@group-A3037D40E172: changes role from  FOLLOWER to FOLLOWER at term 96 for recognizeCandidate:f143d5cf-4038-4fa8-8601-f5a45f16ca3e
2019-10-19 01:14:33,734 [grpc-default-executor-10] INFO  impl.RoleInfo (RoleInfo.java:shutdownFollowerState(121)) - 2543ffea-c5c6-4af0-856f-eb846bad755a: shutdown FollowerState
2019-10-19 01:14:33,735 [grpc-default-executor-10] INFO  impl.RoleInfo (RoleInfo.java:updateAndGet(143)) - 2543ffea-c5c6-4af0-856f-eb846bad755a: start FollowerState
2019-10-19 01:14:33,735 [Thread-7495] INFO  impl.FollowerState (FollowerState.java:run(117)) - 2543ffea-c5c6-4af0-856f-eb846bad755a@group-A3037D40E172-FollowerState was interrupted: java.lang.InterruptedException: sleep interrupted
2019-10-19 01:14:33,735 [grpc-default-executor-5] INFO  impl.RaftServerImpl (RaftServerImpl.java:setRole(184)) - 61d14648-e80d-4cd8-9e7c-6deb2f21aca8@group-A3037D40E172: changes role from  FOLLOWER to FOLLOWER at term 96 for recognizeCandidate:f143d5cf-4038-4fa8-8601-f5a45f16ca3e
2019-10-19 01:14:33,735 [grpc-default-executor-5] INFO  impl.RoleInfo (RoleInfo.java:shutdownFollowerState(121)) - 61d14648-e80d-4cd8-9e7c-6deb2f21aca8: shutdown FollowerState
2019-10-19 01:14:33,735 [grpc-default-executor-5] INFO  impl.RoleInfo (RoleInfo.java:updateAndGet(143)) - 61d14648-e80d-4cd8-9e7c-6deb2f21aca8: start FollowerState
2019-10-19 01:14:33,735 [Thread-7494] INFO  impl.FollowerState (FollowerState.java:run(117)) - 61d14648-e80d-4cd8-9e7c-6deb2f21aca8@group-A3037D40E172-FollowerState was interrupted: java.lang.InterruptedException: sleep interrupted
2019-10-19 01:14:33,749 [f143d5cf-4038-4fa8-8601-f5a45f16ca3e@group-A3037D40E172-LeaderElection793] INFO  impl.LeaderElection (LeaderElection.java:logAndReturn(56)) - f143d5cf-4038-4fa8-8601-f5a45f16ca3e@group-A3037D40E172-LeaderElection793: Election REJECTED; received 2 response(s) [f143d5cf-4038-4fa8-8601-f5a45f16ca3e<-2543ffea-c5c6-4af0-856f-eb846bad755a#0:FAIL-t96, f143d5cf-4038-4fa8-8601-f5a45f16ca3e<-61d14648-e80d-4cd8-9e7c-6deb2f21aca8#0:FAIL-t96] and 0 exception(s); f143d5cf-4038-4fa8-8601-f5a45f16ca3e@group-A3037D40E172:t96, leader=null, voted=f143d5cf-4038-4fa8-8601-f5a45f16ca3e, raftlog=f143d5cf-4038-4fa8-8601-f5a45f16ca3e@group-A3037D40E172-SegmentedRaftLog:OPENED:c-1,f-1,i0, conf=-1: [f143d5cf-4038-4fa8-8601-f5a45f16ca3e:192.168.69.71:40169, 2543ffea-c5c6-4af0-856f-eb846bad755a:192.168.69.71:45287, 61d14648-e80d-4cd8-9e7c-6deb2f21aca8:192.168.69.71:42247], old=null
2019-10-19 01:14:33,749 [f143d5cf-4038-4fa8-8601-f5a45f16ca3e@group-A3037D40E172-LeaderElection793] INFO  impl.RaftServerImpl (RaftServerImpl.java:setRole(184)) - f143d5cf-4038-4fa8-8601-f5a45f16ca3e@group-A3037D40E172: changes role from CANDIDATE to FOLLOWER at term 96 for DISCOVERED_A_NEW_TERM
2019-10-19 01:14:33,749 [f143d5cf-4038-4fa8-8601-f5a45f16ca3e@group-A3037D40E172-LeaderElection793] INFO  impl.RoleInfo (RoleInfo.java:shutdownLeaderElection(134)) - f143d5cf-4038-4fa8-8601-f5a45f16ca3e: shutdown LeaderElection
2019-10-19 01:14:33,749 [f143d5cf-4038-4fa8-8601-f5a45f16ca3e@group-A3037D40E172-LeaderElection793] INFO  impl.RoleInfo (RoleInfo.java:updateAndGet(143)) - f143d5cf-4038-4fa8-8601-f5a45f16ca3e: start FollowerState
2019-10-19 01:14:33,820 [Thread-7502] INFO  impl.FollowerState (FollowerState.java:run(108)) - 9c2d914d-67b1-4af9-8080-4d6ee007b506@group-20FCFA0487C4-FollowerState: change to CANDIDATE, lastRpcTime:109ms, electionTimeout:109ms
2019-10-19 01:14:33,820 [Thread-7502] INFO  impl.RoleInfo (RoleInfo.java:shutdownFollowerState(121)) - 9c2d914d-67b1-4af9-8080-4d6ee007b506: shutdown FollowerState
2019-10-19 01:14:33,821 [Thread-7502] INFO  impl.RaftServerImpl (RaftServerImpl.java:setRole(184)) - 9c2d914d-67b1-4af9-8080-4d6ee007b506@group-20FCFA0487C4: changes role from  FOLLOWER to CANDIDATE at term 95 for changeToCandidate
2019-10-19 01:14:33,821 [Thread-7502] INFO  impl.RoleInfo (RoleInfo.java:updateAndGet(143)) - 9c2d914d-67b1-4af9-8080-4d6ee007b506: start LeaderElection
2019-10-19 01:14:33,846 [9c2d914d-67b1-4af9-8080-4d6ee007b506@group-20FCFA0487C4-LeaderElection794] INFO  impl.LeaderElection (LeaderElection.java:askForVotes(178)) - 9c2d914d-67b1-4af9-8080-4d6ee007b506@group-20FCFA0487C4-LeaderElection794: begin an election at term 96 for -1: [88be3607-7667-471c-9070-7dfd13eb5ac8:192.168.69.71:32925, 9c2d914d-67b1-4af9-8080-4d6ee007b506:192.168.69.71:35462, 61d0b7dc-5f8b-422f-8693-c58167224d24:192.168.69.71:43479], old=null
2019-10-19 01:14:33,848 [grpc-default-executor-10] INFO  impl.RaftServerImpl (RaftServerImpl.java:setRole(184)) - 88be3607-7667-471c-9070-7dfd13eb5ac8@group-20FCFA0487C4: changes role from  FOLLOWER to FOLLOWER at term 96 for recognizeCandidate:9c2d914d-67b1-4af9-8080-4d6ee007b506
2019-10-19 01:14:33,849 [grpc-default-executor-10] INFO  impl.RoleInfo (RoleInfo.java:shutdownFollowerState(121)) - 88be3607-7667-471c-9070-7dfd13eb5ac8: shutdown FollowerState
2019-10-19 01:14:33,849 [grpc-default-executor-10] INFO  impl.RoleInfo (RoleInfo.java:updateAndGet(143)) - 88be3607-7667-471c-9070-7dfd13eb5ac8: start FollowerState
2019-10-19 01:14:33,849 [Thread-7500] INFO  impl.FollowerState (FollowerState.java:run(117)) - 88be3607-7667-471c-9070-7dfd13eb5ac8@group-20FCFA0487C4-FollowerState was interrupted: java.lang.InterruptedException: sleep interrupted
2019-10-19 01:14:33,849 [grpc-default-executor-5] INFO  impl.RaftServerImpl (RaftServerImpl.java:setRole(184)) - 61d0b7dc-5f8b-422f-8693-c58167224d24@group-20FCFA0487C4: changes role from  FOLLOWER to FOLLOWER at term 96 for recognizeCandidate:9c2d914d-67b1-4af9-8080-4d6ee007b506
2019-10-19 01:14:33,849 [grpc-default-executor-5] INFO  impl.RoleInfo (RoleInfo.java:shutdownFollowerState(121)) - 61d0b7dc-5f8b-422f-8693-c58167224d24: shutdown FollowerState
2019-10-19 01:14:33,849 [grpc-default-executor-5] INFO  impl.RoleInfo (RoleInfo.java:updateAndGet(143)) - 61d0b7dc-5f8b-422f-8693-c58167224d24: start FollowerState
2019-10-19 01:14:33,849 [Thread-7501] INFO  impl.FollowerState (FollowerState.java:run(117)) - 61d0b7dc-5f8b-422f-8693-c58167224d24@group-20FCFA0487C4-FollowerState was interrupted: java.lang.InterruptedException: sleep interrupted
2019-10-19 01:14:33,863 [9c2d914d-67b1-4af9-8080-4d6ee007b506@group-20FCFA0487C4-LeaderElection794] INFO  impl.LeaderElection (LeaderElection.java:logAndReturn(56)) - 9c2d914d-67b1-4af9-8080-4d6ee007b506@group-20FCFA0487C4-LeaderElection794: Election REJECTED; received 2 response(s) [9c2d914d-67b1-4af9-8080-4d6ee007b506<-88be3607-7667-471c-9070-7dfd13eb5ac8#0:FAIL-t96, 9c2d914d-67b1-4af9-8080-4d6ee007b506<-61d0b7dc-5f8b-422f-8693-c58167224d24#0:FAIL-t96] and 0 exception(s); 9c2d914d-67b1-4af9-8080-4d6ee007b506@group-20FCFA0487C4:t96, leader=null, voted=9c2d914d-67b1-4af9-8080-4d6ee007b506, raftlog=9c2d914d-67b1-4af9-8080-4d6ee007b506@group-20FCFA0487C4-SegmentedRaftLog:OPENED:c-1,f-1,i0, conf=-1: [88be3607-7667-471c-9070-7dfd13eb5ac8:192.168.69.71:32925, 9c2d914d-67b1-4af9-8080-4d6ee007b506:192.168.69.71:35462, 61d0b7dc-5f8b-422f-8693-c58167224d24:192.168.69.71:43479], old=null
2019-10-19 01:14:33,864 [9c2d914d-67b1-4af9-8080-4d6ee007b506@group-20FCFA0487C4-LeaderElection794] INFO  impl.RaftServerImpl (RaftServerImpl.java:setRole(184)) - 9c2d914d-67b1-4af9-8080-4d6ee007b506@group-20FCFA0487C4: changes role from CANDIDATE to FOLLOWER at term 96 for DISCOVERED_A_NEW_TERM
2019-10-19 01:14:33,864 [9c2d914d-67b1-4af9-8080-4d6ee007b506@group-20FCFA0487C4-LeaderElection794] INFO  impl.RoleInfo (RoleInfo.java:shutdownLeaderElection(134)) - 9c2d914d-67b1-4af9-8080-4d6ee007b506: shutdown LeaderElection
2019-10-19 01:14:33,864 [9c2d914d-67b1-4af9-8080-4d6ee007b506@group-20FCFA0487C4-LeaderElection794] INFO  impl.RoleInfo (RoleInfo.java:updateAndGet(143)) - 9c2d914d-67b1-4af9-8080-4d6ee007b506: start FollowerState
2019-10-19 01:14:33,942 [Thread-7508] INFO  impl.FollowerState (FollowerState.java:run(108)) - f143d5cf-4038-4fa8-8601-f5a45f16ca3e@group-A3037D40E172-FollowerState: change to CANDIDATE, lastRpcTime:193ms, electionTimeout:193ms
2019-10-19 01:14:33,942 [Thread-7508] INFO  impl.RoleInfo (RoleInfo.java:shutdownFollowerState(121)) - f143d5cf-4038-4fa8-8601-f5a45f16ca3e: shutdown FollowerState
2019-10-19 01:14:33,943 [Thread-7508] INFO  impl.RaftServerImpl (RaftServerImpl.java:setRole(184)) - f143d5cf-4038-4fa8-8601-f5a45f16ca3e@group-A3037D40E172: changes role from  FOLLOWER to CANDIDATE at term 96 for changeToCandidate
2019-10-19 01:14:33,943 [Thread-7508] INFO  impl.RoleInfo (RoleInfo.java:updateAndGet(143)) - f143d5cf-4038-4fa8-8601-f5a45f16ca3e: start LeaderElection
2019-10-19 01:14:33,957 [f143d5cf-4038-4fa8-8601-f5a45f16ca3e@group-A3037D40E172-LeaderElection795] INFO  impl.LeaderElection (LeaderElection.java:askForVotes(178)) - f143d5cf-4038-4fa8-8601-f5a45f16ca3e@group-A3037D40E172-LeaderElection795: begin an election at term 97 for -1: [f143d5cf-4038-4fa8-8601-f5a45f16ca3e:192.168.69.71:40169, 2543ffea-c5c6-4af0-856f-eb846bad755a:192.168.69.71:45287, 61d14648-e80d-4cd8-9e7c-6deb2f21aca8:192.168.69.71:42247], old=null
2019-10-19 01:14:33,958 [grpc-default-executor-10] INFO  impl.RaftServerImpl (RaftServerImpl.java:setRole(184)) - 61d14648-e80d-4cd8-9e7c-6deb2f21aca8@group-A3037D40E172: changes role from  FOLLOWER to FOLLOWER at term 97 for recognizeCandidate:f143d5cf-4038-4fa8-8601-f5a45f16ca3e
2019-10-19 01:14:33,964 [Thread-7514] INFO  impl.FollowerState (FollowerState.java:run(108)) - 9c2d914d-67b1-4af9-8080-4d6ee007b506@group-20FCFA0487C4-FollowerState: change to CANDIDATE, lastRpcTime:100ms, electionTimeout:97ms
2019-10-19 01:14:33,964 [grpc-default-executor-10] INFO  impl.RoleInfo (RoleInfo.java:shutdownFollowerState(121)) - 61d14648-e80d-4cd8-9e7c-6deb2f21aca8: shutdown FollowerState
2019-10-19 01:14:33,964 [Thread-7514] INFO  impl.RoleInfo (RoleInfo.java:shutdownFollowerState(121)) - 9c2d914d-67b1-4af9-8080-4d6ee007b506: shutdown FollowerState
2019-10-19 01:14:33,965 [Thread-7507] INFO  impl.FollowerState (FollowerState.java:run(117)) - 61d14648-e80d-4cd8-9e7c-6deb2f21aca8@group-A3037D40E172-FollowerState was interrupted: java.lang.InterruptedException: sleep interrupted
2019-10-19 01:14:33,965 [grpc-default-executor-5] INFO  impl.RaftServerImpl (RaftServerImpl.java:setRole(184)) - 2543ffea-c5c6-4af0-856f-eb846bad755a@group-A3037D40E172: changes role from  FOLLOWER to FOLLOWER at term 97 for recognizeCandidate:f143d5cf-4038-4fa8-8601-f5a45f16ca3e
2019-10-19 01:14:33,965 [grpc-default-executor-10] INFO  impl.RoleInfo (RoleInfo.java:updateAndGet(143)) - 61d14648-e80d-4cd8-9e7c-6deb2f21aca8: start FollowerState
2019-10-19 01:14:33,965 [grpc-default-executor-5] INFO  impl.RoleInfo (RoleInfo.java:shutdownFollowerState(121)) - 2543ffea-c5c6-4af0-856f-eb846bad755a: shutdown FollowerState
2019-10-19 01:14:33,965 [Thread-7514] INFO  impl.RaftServerImpl (RaftServerImpl.java:setRole(184)) - 9c2d914d-67b1-4af9-8080-4d6ee007b506@group-20FCFA0487C4: changes role from  FOLLOWER to CANDIDATE at term 96 for changeToCandidate
2019-10-19 01:14:33,965 [Thread-7506] INFO  impl.FollowerState (FollowerState.java:run(117)) - 2543ffea-c5c6-4af0-856f-eb846bad755a@group-A3037D40E172-FollowerState was interrupted: java.lang.InterruptedException: sleep interrupted
2019-10-19 01:14:33,965 [grpc-default-executor-5] INFO  impl.RoleInfo (RoleInfo.java:updateAndGet(143)) - 2543ffea-c5c6-4af0-856f-eb846bad755a: start FollowerState
2019-10-19 01:14:33,965 [Thread-7514] INFO  impl.RoleInfo (RoleInfo.java:updateAndGet(143)) - 9c2d914d-67b1-4af9-8080-4d6ee007b506: start LeaderElection
2019-10-19 01:14:33,981 [9c2d914d-67b1-4af9-8080-4d6ee007b506@group-20FCFA0487C4-LeaderElection796] INFO  impl.LeaderElection (LeaderElection.java:askForVotes(178)) - 9c2d914d-67b1-4af9-8080-4d6ee007b506@group-20FCFA0487C4-LeaderElection796: begin an election at term 97 for -1: [88be3607-7667-471c-9070-7dfd13eb5ac8:192.168.69.71:32925, 9c2d914d-67b1-4af9-8080-4d6ee007b506:192.168.69.71:35462, 61d0b7dc-5f8b-422f-8693-c58167224d24:192.168.69.71:43479], old=null
2019-10-19 01:14:33,981 [f143d5cf-4038-4fa8-8601-f5a45f16ca3e@group-A3037D40E172-LeaderElection795] INFO  impl.LeaderElection (LeaderElection.java:logAndReturn(56)) - f143d5cf-4038-4fa8-8601-f5a45f16ca3e@group-A3037D40E172-LeaderElection795: Election REJECTED; received 2 response(s) [f143d5cf-4038-4fa8-8601-f5a45f16ca3e<-2543ffea-c5c6-4af0-856f-eb846bad755a#0:FAIL-t97, f143d5cf-4038-4fa8-8601-f5a45f16ca3e<-61d14648-e80d-4cd8-9e7c-6deb2f21aca8#0:FAIL-t97] and 0 exception(s); f143d5cf-4038-4fa8-8601-f5a45f16ca3e@group-A3037D40E172:t97, leader=null, voted=f143d5cf-4038-4fa8-8601-f5a45f16ca3e, raftlog=f143d5cf-4038-4fa8-8601-f5a45f16ca3e@group-A3037D40E172-SegmentedRaftLog:OPENED:c-1,f-1,i0, conf=-1: [f143d5cf-4038-4fa8-8601-f5a45f16ca3e:192.168.69.71:40169, 2543ffea-c5c6-4af0-856f-eb846bad755a:192.168.69.71:45287, 61d14648-e80d-4cd8-9e7c-6deb2f21aca8:192.168.69.71:42247], old=null
2019-10-19 01:14:33,982 [f143d5cf-4038-4fa8-8601-f5a45f16ca3e@group-A3037D40E172-LeaderElection795] INFO  impl.RaftServerImpl (RaftServerImpl.java:setRole(184)) - f143d5cf-4038-4fa8-8601-f5a45f16ca3e@group-A3037D40E172: changes role from CANDIDATE to FOLLOWER at term 97 for DISCOVERED_A_NEW_TERM
2019-10-19 01:14:33,982 [f143d5cf-4038-4fa8-8601-f5a45f16ca3e@group-A3037D40E172-LeaderElection795] INFO  impl.RoleInfo (RoleInfo.java:shutdownLeaderElection(134)) - f143d5cf-4038-4fa8-8601-f5a45f16ca3e: shutdown LeaderElection
2019-10-19 01:14:33,982 [f143d5cf-4038-4fa8-8601-f5a45f16ca3e@group-A3037D40E172-LeaderElection795] INFO  impl.RoleInfo (RoleInfo.java:updateAndGet(143)) - f143d5cf-4038-4fa8-8601-f5a45f16ca3e: start FollowerState
2019-10-19 01:14:33,989 [grpc-default-executor-10] INFO  impl.RaftServerImpl (RaftServerImpl.java:setRole(184)) - 88be3607-7667-471c-9070-7dfd13eb5ac8@group-20FCFA0487C4: changes role from  FOLLOWER to FOLLOWER at term 97 for recognizeCandidate:9c2d914d-67b1-4af9-8080-4d6ee007b506
2019-10-19 01:14:33,992 [grpc-default-executor-10] INFO  impl.RoleInfo (RoleInfo.java:shutdownFollowerState(121)) - 88be3607-7667-471c-9070-7dfd13eb5ac8: shutdown FollowerState
2019-10-19 01:14:33,989 [grpc-default-executor-3] INFO  impl.RaftServerImpl (RaftServerImpl.java:setRole(184)) - 61d0b7dc-5f8b-422f-8693-c58167224d24@group-20FCFA0487C4: changes role from  FOLLOWER to FOLLOWER at term 97 for recognizeCandidate:9c2d914d-67b1-4af9-8080-4d6ee007b506
2019-10-19 01:14:33,992 [grpc-default-executor-10] INFO  impl.RoleInfo (RoleInfo.java:updateAndGet(143)) - 88be3607-7667-471c-9070-7dfd13eb5ac8: start FollowerState
2019-10-19 01:14:33,992 [Thread-7512] INFO  impl.FollowerState (FollowerState.java:run(117)) - 88be3607-7667-471c-9070-7dfd13eb5ac8@group-20FCFA0487C4-FollowerState was interrupted: java.lang.InterruptedException: sleep interrupted
2019-10-19 01:14:33,992 [grpc-default-executor-3] INFO  impl.RoleInfo (RoleInfo.java:shutdownFollowerState(121)) - 61d0b7dc-5f8b-422f-8693-c58167224d24: shutdown FollowerState
2019-10-19 01:14:34,004 [grpc-default-executor-3] INFO  impl.RoleInfo (RoleInfo.java:updateAndGet(143)) - 61d0b7dc-5f8b-422f-8693-c58167224d24: start FollowerState
2019-10-19 01:14:34,004 [Thread-7513] INFO  impl.FollowerState (FollowerState.java:run(117)) - 61d0b7dc-5f8b-422f-8693-c58167224d24@group-20FCFA0487C4-FollowerState was interrupted: java.lang.InterruptedException: sleep interrupted
2019-10-19 01:14:34,018 [9c2d914d-67b1-4af9-8080-4d6ee007b506@group-20FCFA0487C4-LeaderElection796] INFO  impl.LeaderElection (LeaderElection.java:logAndReturn(56)) - 9c2d914d-67b1-4af9-8080-4d6ee007b506@group-20FCFA0487C4-LeaderElection796: Election REJECTED; received 2 response(s) [9c2d914d-67b1-4af9-8080-4d6ee007b506<-88be3607-7667-471c-9070-7dfd13eb5ac8#0:FAIL-t97, 9c2d914d-67b1-4af9-8080-4d6ee007b506<-61d0b7dc-5f8b-422f-8693-c58167224d24#0:FAIL-t97] and 0 exception(s); 9c2d914d-67b1-4af9-8080-4d6ee007b506@group-20FCFA0487C4:t97, leader=null, voted=9c2d914d-67b1-4af9-8080-4d6ee007b506, raftlog=9c2d914d-67b1-4af9-8080-4d6ee007b506@group-20FCFA0487C4-SegmentedRaftLog:OPENED:c-1,f-1,i0, conf=-1: [88be3607-7667-471c-9070-7dfd13eb5ac8:192.168.69.71:32925, 9c2d914d-67b1-4af9-8080-4d6ee007b506:192.168.69.71:35462, 61d0b7dc-5f8b-422f-8693-c58167224d24:192.168.69.71:43479], old=null
2019-10-19 01:14:34,018 [9c2d914d-67b1-4af9-8080-4d6ee007b506@group-20FCFA0487C4-LeaderElection796] INFO  impl.RaftServerImpl (RaftServerImpl.java:setRole(184)) - 9c2d914d-67b1-4af9-8080-4d6ee007b506@group-20FCFA0487C4: changes role from CANDIDATE to FOLLOWER at term 97 for DISCOVERED_A_NEW_TERM
2019-10-19 01:14:34,018 [9c2d914d-67b1-4af9-8080-4d6ee007b506@group-20FCFA0487C4-LeaderElection796] INFO  impl.RoleInfo (RoleInfo.java:shutdownLeaderElection(134)) - 9c2d914d-67b1-4af9-8080-4d6ee007b506: shutdown LeaderElection
2019-10-19 01:14:34,018 [9c2d914d-67b1-4af9-8080-4d6ee007b506@group-20FCFA0487C4-LeaderElection796] INFO  impl.RoleInfo (RoleInfo.java:updateAndGet(143)) - 9c2d914d-67b1-4af9-8080-4d6ee007b506: start FollowerState
2019-10-19 01:14:34,105 [Thread-7528] INFO  impl.FollowerState (FollowerState.java:run(108)) - 9c2d914d-67b1-4af9-8080-4d6ee007b506@group-20FCFA0487C4-FollowerState: change to CANDIDATE, lastRpcTime:87ms, electionTimeout:87ms
2019-10-19 01:14:34,106 [Thread-7528] INFO  impl.RoleInfo (RoleInfo.java:shutdownFollowerState(121)) - 9c2d914d-67b1-4af9-8080-4d6ee007b506: shutdown FollowerState
2019-10-19 01:14:34,106 [Thread-7528] INFO  impl.RaftServerImpl (RaftServerImpl.java:setRole(184)) - 9c2d914d-67b1-4af9-8080-4d6ee007b506@group-20FCFA0487C4: changes role from  FOLLOWER to CANDIDATE at term 97 for changeToCandidate
2019-10-19 01:14:34,106 [Thread-7528] INFO  impl.RoleInfo (RoleInfo.java:updateAndGet(143)) - 9c2d914d-67b1-4af9-8080-4d6ee007b506: start LeaderElection
2019-10-19 01:14:34,127 [9c2d914d-67b1-4af9-8080-4d6ee007b506@group-20FCFA0487C4-LeaderElection797] INFO  impl.LeaderElection (LeaderElection.java:askForVotes(178)) - 9c2d914d-67b1-4af9-8080-4d6ee007b506@group-20FCFA0487C4-LeaderElection797: begin an election at term 98 for -1: [88be3607-7667-471c-9070-7dfd13eb5ac8:192.168.69.71:32925, 9c2d914d-67b1-4af9-8080-4d6ee007b506:192.168.69.71:35462, 61d0b7dc-5f8b-422f-8693-c58167224d24:192.168.69.71:43479], old=null
2019-10-19 01:14:34,129 [grpc-default-executor-10] INFO  impl.RaftServerImpl (RaftServerImpl.java:setRole(184)) - 88be3607-7667-471c-9070-7dfd13eb5ac8@group-20FCFA0487C4: changes role from  FOLLOWER to FOLLOWER at term 98 for recognizeCandidate:9c2d914d-67b1-4af9-8080-4d6ee007b506
2019-10-19 01:14:34,129 [grpc-default-executor-10] INFO  impl.RoleInfo (RoleInfo.java:shutdownFollowerState(121)) - 88be3607-7667-471c-9070-7dfd13eb5ac8: shutdown FollowerState
2019-10-19 01:14:34,129 [grpc-default-executor-3] INFO  impl.RaftServerImpl (RaftServerImpl.java:setRole(184)) - 61d0b7dc-5f8b-422f-8693-c58167224d24@group-20FCFA0487C4: changes role from  FOLLOWER to FOLLOWER at term 98 for recognizeCandidate:9c2d914d-67b1-4af9-8080-4d6ee007b506
2019-10-19 01:14:34,129 [Thread-7526] INFO  impl.FollowerState (FollowerState.java:run(117)) - 88be3607-7667-471c-9070-7dfd13eb5ac8@group-20FCFA0487C4-FollowerState was interrupted: java.lang.InterruptedException: sleep interrupted
2019-10-19 01:14:34,129 [grpc-default-executor-10] INFO  impl.RoleInfo (RoleInfo.java:updateAndGet(143)) - 88be3607-7667-471c-9070-7dfd13eb5ac8: start FollowerState
2019-10-19 01:14:34,129 [grpc-default-executor-3] INFO  impl.RoleInfo (RoleInfo.java:shutdownFollowerState(121)) - 61d0b7dc-5f8b-422f-8693-c58167224d24: shutdown FollowerState
2019-10-19 01:14:34,129 [grpc-default-executor-3] INFO  impl.RoleInfo (RoleInfo.java:updateAndGet(143)) - 61d0b7dc-5f8b-422f-8693-c58167224d24: start FollowerState
2019-10-19 01:14:34,129 [Thread-7527] INFO  impl.FollowerState (FollowerState.java:run(117)) - 61d0b7dc-5f8b-422f-8693-c58167224d24@group-20FCFA0487C4-FollowerState was interrupted: java.lang.InterruptedException: sleep interrupted
2019-10-19 01:14:34,143 [9c2d914d-67b1-4af9-8080-4d6ee007b506@group-20FCFA0487C4-LeaderElection797] INFO  impl.LeaderElection (LeaderElection.java:logAndReturn(56)) - 9c2d914d-67b1-4af9-8080-4d6ee007b506@group-20FCFA0487C4-LeaderElection797: Election REJECTED; received 2 response(s) [9c2d914d-67b1-4af9-8080-4d6ee007b506<-88be3607-7667-471c-9070-7dfd13eb5ac8#0:FAIL-t98, 9c2d914d-67b1-4af9-8080-4d6ee007b506<-61d0b7dc-5f8b-422f-8693-c58167224d24#0:FAIL-t98] and 0 exception(s); 9c2d914d-67b1-4af9-8080-4d6ee007b506@group-20FCFA0487C4:t98, leader=null, voted=9c2d914d-67b1-4af9-8080-4d6ee007b506, raftlog=9c2d914d-67b1-4af9-8080-4d6ee007b506@group-20FCFA0487C4-SegmentedRaftLog:OPENED:c-1,f-1,i0, conf=-1: [88be3607-7667-471c-9070-7dfd13eb5ac8:192.168.69.71:32925, 9c2d914d-67b1-4af9-8080-4d6ee007b506:192.168.69.71:35462, 61d0b7dc-5f8b-422f-8693-c58167224d24:192.168.69.71:43479], old=null
2019-10-19 01:14:34,143 [9c2d914d-67b1-4af9-8080-4d6ee007b506@group-20FCFA0487C4-LeaderElection797] INFO  impl.RaftServerImpl (RaftServerImpl.java:setRole(184)) - 9c2d914d-67b1-4af9-8080-4d6ee007b506@group-20FCFA0487C4: changes role from CANDIDATE to FOLLOWER at term 98 for DISCOVERED_A_NEW_TERM
2019-10-19 01:14:34,143 [9c2d914d-67b1-4af9-8080-4d6ee007b506@group-20FCFA0487C4-LeaderElection797] INFO  impl.RoleInfo (RoleInfo.java:shutdownLeaderElection(134)) - 9c2d914d-67b1-4af9-8080-4d6ee007b506: shutdown LeaderElection
2019-10-19 01:14:34,144 [9c2d914d-67b1-4af9-8080-4d6ee007b506@group-20FCFA0487C4-LeaderElection797] INFO  impl.RoleInfo (RoleInfo.java:updateAndGet(143)) - 9c2d914d-67b1-4af9-8080-4d6ee007b506: start FollowerState
2019-10-19 01:14:34,153 [Thread-7525] INFO  impl.FollowerState (FollowerState.java:run(108)) - f143d5cf-4038-4fa8-8601-f5a45f16ca3e@group-A3037D40E172-FollowerState: change to CANDIDATE, lastRpcTime:171ms, electionTimeout:168ms
2019-10-19 01:14:34,153 [Thread-7525] INFO  impl.RoleInfo (RoleInfo.java:shutdownFollowerState(121)) - f143d5cf-4038-4fa8-8601-f5a45f16ca3e: shutdown FollowerState
2019-10-19 01:14:34,153 [Thread-7525] INFO  impl.RaftServerImpl (RaftServerImpl.java:setRole(184)) - f143d5cf-4038-4fa8-8601-f5a45f16ca3e@group-A3037D40E172: changes role from  FOLLOWER to CANDIDATE at term 97 for changeToCandidate
2019-10-19 01:14:34,153 [Thread-7525] INFO  impl.RoleInfo (RoleInfo.java:updateAndGet(143)) - f143d5cf-4038-4fa8-8601-f5a45f16ca3e: start LeaderElection
2019-10-19 01:14:34,167 [f143d5cf-4038-4fa8-8601-f5a45f16ca3e@group-A3037D40E172-LeaderElection798] INFO  impl.LeaderElection (LeaderElection.java:askForVotes(178)) - f143d5cf-4038-4fa8-8601-f5a45f16ca3e@group-A3037D40E172-LeaderElection798: begin an election at term 98 for -1: [f143d5cf-4038-4fa8-8601-f5a45f16ca3e:192.168.69.71:40169, 2543ffea-c5c6-4af0-856f-eb846bad755a:192.168.69.71:45287, 61d14648-e80d-4cd8-9e7c-6deb2f21aca8:192.168.69.71:42247], old=null
2019-10-19 01:14:34,167 [grpc-default-executor-10] INFO  impl.RaftServerImpl (RaftServerImpl.java:setRole(184)) - 2543ffea-c5c6-4af0-856f-eb846bad755a@group-A3037D40E172: changes role from  FOLLOWER to FOLLOWER at term 98 for recognizeCandidate:f143d5cf-4038-4fa8-8601-f5a45f16ca3e
2019-10-19 01:14:34,168 [grpc-default-executor-10] INFO  impl.RoleInfo (RoleInfo.java:shutdownFollowerState(121)) - 2543ffea-c5c6-4af0-856f-eb846bad755a: shutdown FollowerState
2019-10-19 01:14:34,168 [grpc-default-executor-10] INFO  impl.RoleInfo (RoleInfo.java:updateAndGet(143)) - 2543ffea-c5c6-4af0-856f-eb846bad755a: start FollowerState
2019-10-19 01:14:34,168 [grpc-default-executor-3] INFO  impl.RaftServerImpl (RaftServerImpl.java:setRole(184)) - 61d14648-e80d-4cd8-9e7c-6deb2f21aca8@group-A3037D40E172: changes role from  FOLLOWER to FOLLOWER at term 98 for recognizeCandidate:f143d5cf-4038-4fa8-8601-f5a45f16ca3e
2019-10-19 01:14:34,168 [grpc-default-executor-3] INFO  impl.RoleInfo (RoleInfo.java:shutdownFollowerState(121)) - 61d14648-e80d-4cd8-9e7c-6deb2f21aca8: shutdown FollowerState
2019-10-19 01:14:34,168 [Thread-7519] INFO  impl.FollowerState (FollowerState.java:run(117)) - 2543ffea-c5c6-4af0-856f-eb846bad755a@group-A3037D40E172-FollowerState was interrupted: java.lang.InterruptedException: sleep interrupted
2019-10-19 01:14:34,168 [grpc-default-executor-3] INFO  impl.RoleInfo (RoleInfo.java:updateAndGet(143)) - 61d14648-e80d-4cd8-9e7c-6deb2f21aca8: start FollowerState
2019-10-19 01:14:34,168 [Thread-7518] INFO  impl.FollowerState (FollowerState.java:run(117)) - 61d14648-e80d-4cd8-9e7c-6deb2f21aca8@group-A3037D40E172-FollowerState was interrupted: java.lang.InterruptedException: sleep interrupted
2019-10-19 01:14:34,181 [f143d5cf-4038-4fa8-8601-f5a45f16ca3e@group-A3037D40E172-LeaderElection798] INFO  impl.LeaderElection (LeaderElection.java:logAndReturn(56)) - f143d5cf-4038-4fa8-8601-f5a45f16ca3e@group-A3037D40E172-LeaderElection798: Election TIMEOUT; received 0 response(s) [] and 0 exception(s); f143d5cf-4038-4fa8-8601-f5a45f16ca3e@group-A3037D40E172:t98, leader=null, voted=f143d5cf-4038-4fa8-8601-f5a45f16ca3e, raftlog=f143d5cf-4038-4fa8-8601-f5a45f16ca3e@group-A3037D40E172-SegmentedRaftLog:OPENED:c-1,f-1,i0, conf=-1: [f143d5cf-4038-4fa8-8601-f5a45f16ca3e:192.168.69.71:40169, 2543ffea-c5c6-4af0-856f-eb846bad755a:192.168.69.71:45287, 61d14648-e80d-4cd8-9e7c-6deb2f21aca8:192.168.69.71:42247], old=null
2019-10-19 01:14:34,195 [f143d5cf-4038-4fa8-8601-f5a45f16ca3e@group-A3037D40E172-LeaderElection798] INFO  impl.LeaderElection (LeaderElection.java:askForVotes(178)) - f143d5cf-4038-4fa8-8601-f5a45f16ca3e@group-A3037D40E172-LeaderElection798: begin an election at term 99 for -1: [f143d5cf-4038-4fa8-8601-f5a45f16ca3e:192.168.69.71:40169, 2543ffea-c5c6-4af0-856f-eb846bad755a:192.168.69.71:45287, 61d14648-e80d-4cd8-9e7c-6deb2f21aca8:192.168.69.71:42247], old=null
2019-10-19 01:14:34,196 [grpc-default-executor-10] INFO  impl.RaftServerImpl (RaftServerImpl.java:setRole(184)) - 2543ffea-c5c6-4af0-856f-eb846bad755a@group-A3037D40E172: changes role from  FOLLOWER to FOLLOWER at term 99 for recognizeCandidate:f143d5cf-4038-4fa8-8601-f5a45f16ca3e
2019-10-19 01:14:34,196 [grpc-default-executor-10] INFO  impl.RoleInfo (RoleInfo.java:shutdownFollowerState(121)) - 2543ffea-c5c6-4af0-856f-eb846bad755a: shutdown FollowerState
2019-10-19 01:14:34,196 [grpc-default-executor-3] INFO  impl.RaftServerImpl (RaftServerImpl.java:setRole(184)) - 61d14648-e80d-4cd8-9e7c-6deb2f21aca8@group-A3037D40E172: changes role from  FOLLOWER to FOLLOWER at term 99 for recognizeCandidate:f143d5cf-4038-4fa8-8601-f5a45f16ca3e
2019-10-19 01:14:34,197 [Thread-7540] INFO  impl.FollowerState (FollowerState.java:run(117)) - 2543ffea-c5c6-4af0-856f-eb846bad755a@group-A3037D40E172-FollowerState was interrupted: java.lang.InterruptedException: sleep interrupted
2019-10-19 01:14:34,197 [grpc-default-executor-10] INFO  impl.RoleInfo (RoleInfo.java:updateAndGet(143)) - 2543ffea-c5c6-4af0-856f-eb846bad755a: start FollowerState
2019-10-19 01:14:34,197 [grpc-default-executor-3] INFO  impl.RoleInfo (RoleInfo.java:shutdownFollowerState(121)) - 61d14648-e80d-4cd8-9e7c-6deb2f21aca8: shutdown FollowerState
2019-10-19 01:14:34,197 [grpc-default-executor-3] INFO  impl.RoleInfo (RoleInfo.java:updateAndGet(143)) - 61d14648-e80d-4cd8-9e7c-6deb2f21aca8: start FollowerState
2019-10-19 01:14:34,197 [Thread-7541] INFO  impl.FollowerState (FollowerState.java:run(117)) - 61d14648-e80d-4cd8-9e7c-6deb2f21aca8@group-A3037D40E172-FollowerState was interrupted: java.lang.InterruptedException: sleep interrupted
2019-10-19 01:14:34,211 [f143d5cf-4038-4fa8-8601-f5a45f16ca3e@group-A3037D40E172-LeaderElection798] INFO  impl.LeaderElection (LeaderElection.java:logAndReturn(56)) - f143d5cf-4038-4fa8-8601-f5a45f16ca3e@group-A3037D40E172-LeaderElection798: Election REJECTED; received 2 response(s) [f143d5cf-4038-4fa8-8601-f5a45f16ca3e<-2543ffea-c5c6-4af0-856f-eb846bad755a#0:FAIL-t99, f143d5cf-4038-4fa8-8601-f5a45f16ca3e<-61d14648-e80d-4cd8-9e7c-6deb2f21aca8#0:FAIL-t99] and 0 exception(s); f143d5cf-4038-4fa8-8601-f5a45f16ca3e@group-A3037D40E172:t99, leader=null, voted=f143d5cf-4038-4fa8-8601-f5a45f16ca3e, raftlog=f143d5cf-4038-4fa8-8601-f5a45f16ca3e@group-A3037D40E172-SegmentedRaftLog:OPENED:c-1,f-1,i0, conf=-1: [f143d5cf-4038-4fa8-8601-f5a45f16ca3e:192.168.69.71:40169, 2543ffea-c5c6-4af0-856f-eb846bad755a:192.168.69.71:45287, 61d14648-e80d-4cd8-9e7c-6deb2f21aca8:192.168.69.71:42247], old=null
2019-10-19 01:14:34,211 [f143d5cf-4038-4fa8-8601-f5a45f16ca3e@group-A3037D40E172-LeaderElection798] INFO  impl.RaftServerImpl (RaftServerImpl.java:setRole(184)) - f143d5cf-4038-4fa8-8601-f5a45f16ca3e@group-A3037D40E172: changes role from CANDIDATE to FOLLOWER at term 99 for DISCOVERED_A_NEW_TERM
2019-10-19 01:14:34,211 [f143d5cf-4038-4fa8-8601-f5a45f16ca3e@group-A3037D40E172-LeaderElection798] INFO  impl.RoleInfo (RoleInfo.java:shutdownLeaderElection(134)) - f143d5cf-4038-4fa8-8601-f5a45f16ca3e: shutdown LeaderElection
2019-10-19 01:14:34,211 [f143d5cf-4038-4fa8-8601-f5a45f16ca3e@group-A3037D40E172-LeaderElection798] INFO  impl.RoleInfo (RoleInfo.java:updateAndGet(143)) - f143d5cf-4038-4fa8-8601-f5a45f16ca3e: start FollowerState
2019-10-19 01:14:34,335 [Thread-7536] INFO  impl.FollowerState (FollowerState.java:run(108)) - 9c2d914d-67b1-4af9-8080-4d6ee007b506@group-20FCFA0487C4-FollowerState: change to CANDIDATE, lastRpcTime:191ms, electionTimeout:191ms
2019-10-19 01:14:34,335 [Thread-7536] INFO  impl.RoleInfo (RoleInfo.java:shutdownFollowerState(121)) - 9c2d914d-67b1-4af9-8080-4d6ee007b506: shutdown FollowerState
2019-10-19 01:14:34,335 [Thread-7536] INFO  impl.RaftServerImpl (RaftServerImpl.java:setRole(184)) - 9c2d914d-67b1-4af9-8080-4d6ee007b506@group-20FCFA0487C4: changes role from  FOLLOWER to CANDIDATE at term 98 for changeToCandidate
2019-10-19 01:14:34,335 [Thread-7536] INFO  impl.RoleInfo (RoleInfo.java:updateAndGet(143)) - 9c2d914d-67b1-4af9-8080-4d6ee007b506: start LeaderElection
2019-10-19 01:14:34,349 [9c2d914d-67b1-4af9-8080-4d6ee007b506@group-20FCFA0487C4-LeaderElection799] INFO  impl.LeaderElection (LeaderElection.java:askForVotes(178)) - 9c2d914d-67b1-4af9-8080-4d6ee007b506@group-20FCFA0487C4-LeaderElection799: begin an election at term 99 for -1: [88be3607-7667-471c-9070-7dfd13eb5ac8:192.168.69.71:32925, 9c2d914d-67b1-4af9-8080-4d6ee007b506:192.168.69.71:35462, 61d0b7dc-5f8b-422f-8693-c58167224d24:192.168.69.71:43479], old=null
2019-10-19 01:14:34,350 [grpc-default-executor-3] INFO  impl.RaftServerImpl (RaftServerImpl.java:setRole(184)) - 61d0b7dc-5f8b-422f-8693-c58167224d24@group-20FCFA0487C4: changes role from  FOLLOWER to FOLLOWER at term 99 for recognizeCandidate:9c2d914d-67b1-4af9-8080-4d6ee007b506
2019-10-19 01:14:34,351 [grpc-default-executor-3] INFO  impl.RoleInfo (RoleInfo.java:shutdownFollowerState(121)) - 61d0b7dc-5f8b-422f-8693-c58167224d24: shutdown FollowerState
2019-10-19 01:14:34,351 [grpc-default-executor-10] INFO  impl.RaftServerImpl (RaftServerImpl.java:setRole(184)) - 88be3607-7667-471c-9070-7dfd13eb5ac8@group-20FCFA0487C4: changes role from  FOLLOWER to FOLLOWER at term 99 for recognizeCandidate:9c2d914d-67b1-4af9-8080-4d6ee007b506
2019-10-19 01:14:34,351 [grpc-default-executor-10] INFO  impl.RoleInfo (RoleInfo.java:shutdownFollowerState(121)) - 88be3607-7667-471c-9070-7dfd13eb5ac8: shutdown FollowerState
2019-10-19 01:14:34,351 [grpc-default-executor-3] INFO  impl.RoleInfo (RoleInfo.java:updateAndGet(143)) - 61d0b7dc-5f8b-422f-8693-c58167224d24: start FollowerState
2019-10-19 01:14:34,351 [Thread-7533] INFO  impl.FollowerState (FollowerState.java:run(117)) - 61d0b7dc-5f8b-422f-8693-c58167224d24@group-20FCFA0487C4-FollowerState was interrupted: java.lang.InterruptedException: sleep interrupted
2019-10-19 01:14:34,351 [Thread-7532] INFO  impl.FollowerState (FollowerState.java:run(117)) - 88be3607-7667-471c-9070-7dfd13eb5ac8@group-20FCFA0487C4-FollowerState was interrupted: java.lang.InterruptedException: sleep interrupted
2019-10-19 01:14:34,351 [grpc-default-executor-10] INFO  impl.RoleInfo (RoleInfo.java:updateAndGet(143)) - 88be3607-7667-471c-9070-7dfd13eb5ac8: start FollowerState
2019-10-19 01:14:34,363 [9c2d914d-67b1-4af9-8080-4d6ee007b506@group-20FCFA0487C4-LeaderElection799] INFO  impl.LeaderElection (LeaderElection.java:logAndReturn(56)) - 9c2d914d-67b1-4af9-8080-4d6ee007b506@group-20FCFA0487C4-LeaderElection799: Election REJECTED; received 2 response(s) [9c2d914d-67b1-4af9-8080-4d6ee007b506<-88be3607-7667-471c-9070-7dfd13eb5ac8#0:FAIL-t99, 9c2d914d-67b1-4af9-8080-4d6ee007b506<-61d0b7dc-5f8b-422f-8693-c58167224d24#0:FAIL-t99] and 0 exception(s); 9c2d914d-67b1-4af9-8080-4d6ee007b506@group-20FCFA0487C4:t99, leader=null, voted=9c2d914d-67b1-4af9-8080-4d6ee007b506, raftlog=9c2d914d-67b1-4af9-8080-4d6ee007b506@group-20FCFA0487C4-SegmentedRaftLog:OPENED:c-1,f-1,i0, conf=-1: [88be3607-7667-471c-9070-7dfd13eb5ac8:192.168.69.71:32925, 9c2d914d-67b1-4af9-8080-4d6ee007b506:192.168.69.71:35462, 61d0b7dc-5f8b-422f-8693-c58167224d24:192.168.69.71:43479], old=null
2019-10-19 01:14:34,363 [9c2d914d-67b1-4af9-8080-4d6ee007b506@group-20FCFA0487C4-LeaderElection799] INFO  impl.RaftServerImpl (RaftServerImpl.java:setRole(184)) - 9c2d914d-67b1-4af9-8080-4d6ee007b506@group-20FCFA0487C4: changes role from CANDIDATE to FOLLOWER at term 99 for DISCOVERED_A_NEW_TERM
2019-10-19 01:14:34,363 [9c2d914d-67b1-4af9-8080-4d6ee007b506@group-20FCFA0487C4-LeaderElection799] INFO  impl.RoleInfo (RoleInfo.java:shutdownLeaderElection(134)) - 9c2d914d-67b1-4af9-8080-4d6ee007b506: shutdown LeaderElection
2019-10-19 01:14:34,363 [9c2d914d-67b1-4af9-8080-4d6ee007b506@group-20FCFA0487C4-LeaderElection799] INFO  impl.RoleInfo (RoleInfo.java:updateAndGet(143)) - 9c2d914d-67b1-4af9-8080-4d6ee007b506: start FollowerState
2019-10-19 01:14:34,379 [Thread-7546] INFO  impl.FollowerState (FollowerState.java:run(108)) - f143d5cf-4038-4fa8-8601-f5a45f16ca3e@group-A3037D40E172-FollowerState: change to CANDIDATE, lastRpcTime:168ms, electionTimeout:168ms
2019-10-19 01:14:34,379 [Thread-7546] INFO  impl.RoleInfo (RoleInfo.java:shutdownFollowerState(121)) - f143d5cf-4038-4fa8-8601-f5a45f16ca3e: shutdown FollowerState
2019-10-19 01:14:34,379 [Thread-7546] INFO  impl.RaftServerImpl (RaftServerImpl.java:setRole(184)) - f143d5cf-4038-4fa8-8601-f5a45f16ca3e@group-A3037D40E172: changes role from  FOLLOWER to CANDIDATE at term 99 for changeToCandidate
2019-10-19 01:14:34,379 [Thread-7546] INFO  impl.RoleInfo (RoleInfo.java:updateAndGet(143)) - f143d5cf-4038-4fa8-8601-f5a45f16ca3e: start LeaderElection
2019-10-19 01:14:34,393 [f143d5cf-4038-4fa8-8601-f5a45f16ca3e@group-A3037D40E172-LeaderElection800] INFO  impl.LeaderElection (LeaderElection.java:askForVotes(178)) - f143d5cf-4038-4fa8-8601-f5a45f16ca3e@group-A3037D40E172-LeaderElection800: begin an election at term 100 for -1: [f143d5cf-4038-4fa8-8601-f5a45f16ca3e:192.168.69.71:40169, 2543ffea-c5c6-4af0-856f-eb846bad755a:192.168.69.71:45287, 61d14648-e80d-4cd8-9e7c-6deb2f21aca8:192.168.69.71:42247], old=null
2019-10-19 01:14:34,395 [grpc-default-executor-3] INFO  impl.RaftServerImpl (RaftServerImpl.java:setRole(184)) - 2543ffea-c5c6-4af0-856f-eb846bad755a@group-A3037D40E172: changes role from  FOLLOWER to FOLLOWER at term 100 for recognizeCandidate:f143d5cf-4038-4fa8-8601-f5a45f16ca3e
2019-10-19 01:14:34,395 [grpc-default-executor-3] INFO  impl.RoleInfo (RoleInfo.java:shutdownFollowerState(121)) - 2543ffea-c5c6-4af0-856f-eb846bad755a: shutdown FollowerState
2019-10-19 01:14:34,395 [grpc-default-executor-10] INFO  impl.RaftServerImpl (RaftServerImpl.java:setRole(184)) - 61d14648-e80d-4cd8-9e7c-6deb2f21aca8@group-A3037D40E172: changes role from  FOLLOWER to FOLLOWER at term 100 for recognizeCandidate:f143d5cf-4038-4fa8-8601-f5a45f16ca3e
2019-10-19 01:14:34,395 [grpc-default-executor-10] INFO  impl.RoleInfo (RoleInfo.java:shutdownFollowerState(121)) - 61d14648-e80d-4cd8-9e7c-6deb2f21aca8: shutdown FollowerState
2019-10-19 01:14:34,395 [Thread-7544] INFO  impl.FollowerState (FollowerState.java:run(117)) - 2543ffea-c5c6-4af0-856f-eb846bad755a@group-A3037D40E172-FollowerState was interrupted: java.lang.InterruptedException: sleep interrupted
2019-10-19 01:14:34,395 [grpc-default-executor-3] INFO  impl.RoleInfo (RoleInfo.java:updateAndGet(143)) - 2543ffea-c5c6-4af0-856f-eb846bad755a: start FollowerState
2019-10-19 01:14:34,395 [Thread-7545] INFO  impl.FollowerState (FollowerState.java:run(117)) - 61d14648-e80d-4cd8-9e7c-6deb2f21aca8@group-A3037D40E172-FollowerState was interrupted: java.lang.InterruptedException: sleep interrupted
2019-10-19 01:14:34,395 [grpc-default-executor-10] INFO  impl.RoleInfo (RoleInfo.java:updateAndGet(143)) - 61d14648-e80d-4cd8-9e7c-6deb2f21aca8: start FollowerState
2019-10-19 01:14:34,409 [f143d5cf-4038-4fa8-8601-f5a45f16ca3e@group-A3037D40E172-LeaderElection800] INFO  impl.LeaderElection (LeaderElection.java:logAndReturn(56)) - f143d5cf-4038-4fa8-8601-f5a45f16ca3e@group-A3037D40E172-LeaderElection800: Election REJECTED; received 2 response(s) [f143d5cf-4038-4fa8-8601-f5a45f16ca3e<-2543ffea-c5c6-4af0-856f-eb846bad755a#0:FAIL-t100, f143d5cf-4038-4fa8-8601-f5a45f16ca3e<-61d14648-e80d-4cd8-9e7c-6deb2f21aca8#0:FAIL-t100] and 0 exception(s); f143d5cf-4038-4fa8-8601-f5a45f16ca3e@group-A3037D40E172:t100, leader=null, voted=f143d5cf-4038-4fa8-8601-f5a45f16ca3e, raftlog=f143d5cf-4038-4fa8-8601-f5a45f16ca3e@group-A3037D40E172-SegmentedRaftLog:OPENED:c-1,f-1,i0, conf=-1: [f143d5cf-4038-4fa8-8601-f5a45f16ca3e:192.168.69.71:40169, 2543ffea-c5c6-4af0-856f-eb846bad755a:192.168.69.71:45287, 61d14648-e80d-4cd8-9e7c-6deb2f21aca8:192.168.69.71:42247], old=null
2019-10-19 01:14:34,409 [f143d5cf-4038-4fa8-8601-f5a45f16ca3e@group-A3037D40E172-LeaderElection800] INFO  impl.RaftServerImpl (RaftServerImpl.java:setRole(184)) - f143d5cf-4038-4fa8-8601-f5a45f16ca3e@group-A3037D40E172: changes role from CANDIDATE to FOLLOWER at term 100 for DISCOVERED_A_NEW_TERM
2019-10-19 01:14:34,409 [f143d5cf-4038-4fa8-8601-f5a45f16ca3e@group-A3037D40E172-LeaderElection800] INFO  impl.RoleInfo (RoleInfo.java:shutdownLeaderElection(134)) - f143d5cf-4038-4fa8-8601-f5a45f16ca3e: shutdown LeaderElection
2019-10-19 01:14:34,409 [f143d5cf-4038-4fa8-8601-f5a45f16ca3e@group-A3037D40E172-LeaderElection800] INFO  impl.RoleInfo (RoleInfo.java:updateAndGet(143)) - f143d5cf-4038-4fa8-8601-f5a45f16ca3e: start FollowerState
2019-10-19 01:14:34,456 [Thread-7552] INFO  impl.FollowerState (FollowerState.java:run(108)) - 9c2d914d-67b1-4af9-8080-4d6ee007b506@group-20FCFA0487C4-FollowerState: change to CANDIDATE, lastRpcTime:92ms, electionTimeout:92ms
2019-10-19 01:14:34,456 [Thread-7552] INFO  impl.RoleInfo (RoleInfo.java:shutdownFollowerState(121)) - 9c2d914d-67b1-4af9-8080-4d6ee007b506: shutdown FollowerState
2019-10-19 01:14:34,456 [Thread-7552] INFO  impl.RaftServerImpl (RaftServerImpl.java:setRole(184)) - 9c2d914d-67b1-4af9-8080-4d6ee007b506@group-20FCFA0487C4: changes role from  FOLLOWER to CANDIDATE at term 99 for changeToCandidate
2019-10-19 01:14:34,456 [Thread-7552] INFO  impl.RoleInfo (RoleInfo.java:updateAndGet(143)) - 9c2d914d-67b1-4af9-8080-4d6ee007b506: start LeaderElection
2019-10-19 01:14:34,469 [9c2d914d-67b1-4af9-8080-4d6ee007b506@group-20FCFA0487C4-LeaderElection801] INFO  impl.LeaderElection (LeaderElection.java:askForVotes(178)) - 9c2d914d-67b1-4af9-8080-4d6ee007b506@group-20FCFA0487C4-LeaderElection801: begin an election at term 100 for -1: [88be3607-7667-471c-9070-7dfd13eb5ac8:192.168.69.71:32925, 9c2d914d-67b1-4af9-8080-4d6ee007b506:192.168.69.71:35462, 61d0b7dc-5f8b-422f-8693-c58167224d24:192.168.69.71:43479], old=null
2019-10-19 01:14:34,471 [grpc-default-executor-3] INFO  impl.RaftServerImpl (RaftServerImpl.java:setRole(184)) - 88be3607-7667-471c-9070-7dfd13eb5ac8@group-20FCFA0487C4: changes role from  FOLLOWER to FOLLOWER at term 100 for recognizeCandidate:9c2d914d-67b1-4af9-8080-4d6ee007b506
2019-10-19 01:14:34,471 [grpc-default-executor-3] INFO  impl.RoleInfo (RoleInfo.java:shutdownFollowerState(121)) - 88be3607-7667-471c-9070-7dfd13eb5ac8: shutdown FollowerState
2019-10-19 01:14:34,471 [grpc-default-executor-3] INFO  impl.RoleInfo (RoleInfo.java:updateAndGet(143)) - 88be3607-7667-471c-9070-7dfd13eb5ac8: start FollowerState
2019-10-19 01:14:34,471 [grpc-default-executor-10] INFO  impl.RaftServerImpl (RaftServerImpl.java:setRole(184)) - 61d0b7dc-5f8b-422f-8693-c58167224d24@group-20FCFA0487C4: changes role from  FOLLOWER to FOLLOWER at term 100 for recognizeCandidate:9c2d914d-67b1-4af9-8080-4d6ee007b506
2019-10-19 01:14:34,471 [grpc-default-executor-10] INFO  impl.RoleInfo (RoleInfo.java:shutdownFollowerState(121)) - 61d0b7dc-5f8b-422f-8693-c58167224d24: shutdown FollowerState
2019-10-19 01:14:34,471 [Thread-7551] INFO  impl.FollowerState (FollowerState.java:run(117)) - 88be3607-7667-471c-9070-7dfd13eb5ac8@group-20FCFA0487C4-FollowerState was interrupted: java.lang.InterruptedException: sleep interrupted
2019-10-19 01:14:34,472 [grpc-default-executor-10] INFO  impl.RoleInfo (RoleInfo.java:updateAndGet(143)) - 61d0b7dc-5f8b-422f-8693-c58167224d24: start FollowerState
2019-10-19 01:14:34,472 [Thread-7550] INFO  impl.FollowerState (FollowerState.java:run(117)) - 61d0b7dc-5f8b-422f-8693-c58167224d24@group-20FCFA0487C4-FollowerState was interrupted: java.lang.InterruptedException: sleep interrupted
2019-10-19 01:14:34,485 [9c2d914d-67b1-4af9-8080-4d6ee007b506@group-20FCFA0487C4-LeaderElection801] INFO  impl.LeaderElection (LeaderElection.java:logAndReturn(56)) - 9c2d914d-67b1-4af9-8080-4d6ee007b506@group-20FCFA0487C4-LeaderElection801: Election REJECTED; received 2 response(s) [9c2d914d-67b1-4af9-8080-4d6ee007b506<-88be3607-7667-471c-9070-7dfd13eb5ac8#0:FAIL-t100, 9c2d914d-67b1-4af9-8080-4d6ee007b506<-61d0b7dc-5f8b-422f-8693-c58167224d24#0:FAIL-t100] and 0 exception(s); 9c2d914d-67b1-4af9-8080-4d6ee007b506@group-20FCFA0487C4:t100, leader=null, voted=9c2d914d-67b1-4af9-8080-4d6ee007b506, raftlog=9c2d914d-67b1-4af9-8080-4d6ee007b506@group-20FCFA0487C4-SegmentedRaftLog:OPENED:c-1,f-1,i0, conf=-1: [88be3607-7667-471c-9070-7dfd13eb5ac8:192.168.69.71:32925, 9c2d914d-67b1-4af9-8080-4d6ee007b506:192.168.69.71:35462, 61d0b7dc-5f8b-422f-8693-c58167224d24:192.168.69.71:43479], old=null
2019-10-19 01:14:34,486 [9c2d914d-67b1-4af9-8080-4d6ee007b506@group-20FCFA0487C4-LeaderElection801] INFO  impl.RaftServerImpl (RaftServerImpl.java:setRole(184)) - 9c2d914d-67b1-4af9-8080-4d6ee007b506@group-20FCFA0487C4: changes role from CANDIDATE to FOLLOWER at term 100 for DISCOVERED_A_NEW_TERM
2019-10-19 01:14:34,486 [9c2d914d-67b1-4af9-8080-4d6ee007b506@group-20FCFA0487C4-LeaderElection801] INFO  impl.RoleInfo (RoleInfo.java:shutdownLeaderElection(134)) - 9c2d914d-67b1-4af9-8080-4d6ee007b506: shutdown LeaderElection
2019-10-19 01:14:34,486 [9c2d914d-67b1-4af9-8080-4d6ee007b506@group-20FCFA0487C4-LeaderElection801] INFO  impl.RoleInfo (RoleInfo.java:updateAndGet(143)) - 9c2d914d-67b1-4af9-8080-4d6ee007b506: start FollowerState
2019-10-19 01:14:34,552 [Thread-7558] INFO  impl.FollowerState (FollowerState.java:run(108)) - f143d5cf-4038-4fa8-8601-f5a45f16ca3e@group-A3037D40E172-FollowerState: change to CANDIDATE, lastRpcTime:143ms, electionTimeout:143ms
2019-10-19 01:14:34,553 [Thread-7558] INFO  impl.RoleInfo (RoleInfo.java:shutdownFollowerState(121)) - f143d5cf-4038-4fa8-8601-f5a45f16ca3e: shutdown FollowerState
2019-10-19 01:14:34,553 [Thread-7558] INFO  impl.RaftServerImpl (RaftServerImpl.java:setRole(184)) - f143d5cf-4038-4fa8-8601-f5a45f16ca3e@group-A3037D40E172: changes role from  FOLLOWER to CANDIDATE at term 100 for changeToCandidate
2019-10-19 01:14:34,553 [Thread-7558] INFO  impl.RoleInfo (RoleInfo.java:updateAndGet(143)) - f143d5cf-4038-4fa8-8601-f5a45f16ca3e: start LeaderElection
2019-10-19 01:14:34,566 [f143d5cf-4038-4fa8-8601-f5a45f16ca3e@group-A3037D40E172-LeaderElection802] INFO  impl.LeaderElection (LeaderElection.java:askForVotes(178)) - f143d5cf-4038-4fa8-8601-f5a45f16ca3e@group-A3037D40E172-LeaderElection802: begin an election at term 101 for -1: [f143d5cf-4038-4fa8-8601-f5a45f16ca3e:192.168.69.71:40169, 2543ffea-c5c6-4af0-856f-eb846bad755a:192.168.69.71:45287, 61d14648-e80d-4cd8-9e7c-6deb2f21aca8:192.168.69.71:42247], old=null
2019-10-19 01:14:34,568 [grpc-default-executor-10] INFO  impl.RaftServerImpl (RaftServerImpl.java:setRole(184)) - 61d14648-e80d-4cd8-9e7c-6deb2f21aca8@group-A3037D40E172: changes role from  FOLLOWER to FOLLOWER at term 101 for recognizeCandidate:f143d5cf-4038-4fa8-8601-f5a45f16ca3e
2019-10-19 01:14:34,568 [grpc-default-executor-10] INFO  impl.RoleInfo (RoleInfo.java:shutdownFollowerState(121)) - 61d14648-e80d-4cd8-9e7c-6deb2f21aca8: shutdown FollowerState
2019-10-19 01:14:34,568 [grpc-default-executor-10] INFO  impl.RoleInfo (RoleInfo.java:updateAndGet(143)) - 61d14648-e80d-4cd8-9e7c-6deb2f21aca8: start FollowerState
2019-10-19 01:14:34,568 [Thread-7557] INFO  impl.FollowerState (FollowerState.java:run(117)) - 61d14648-e80d-4cd8-9e7c-6deb2f21aca8@group-A3037D40E172-FollowerState was interrupted: java.lang.InterruptedException: sleep interrupted
2019-10-19 01:14:34,568 [grpc-default-executor-3] INFO  impl.RaftServerImpl (RaftServerImpl.java:setRole(184)) - 2543ffea-c5c6-4af0-856f-eb846bad755a@group-A3037D40E172: changes role from  FOLLOWER to FOLLOWER at term 101 for recognizeCandidate:f143d5cf-4038-4fa8-8601-f5a45f16ca3e
2019-10-19 01:14:34,568 [grpc-default-executor-3] INFO  impl.RoleInfo (RoleInfo.java:shutdownFollowerState(121)) - 2543ffea-c5c6-4af0-856f-eb846bad755a: shutdown FollowerState
2019-10-19 01:14:34,568 [grpc-default-executor-3] INFO  impl.RoleInfo (RoleInfo.java:updateAndGet(143)) - 2543ffea-c5c6-4af0-856f-eb846bad755a: start FollowerState
2019-10-19 01:14:34,568 [Thread-7556] INFO  impl.FollowerState (FollowerState.java:run(117)) - 2543ffea-c5c6-4af0-856f-eb846bad755a@group-A3037D40E172-FollowerState was interrupted: java.lang.InterruptedException: sleep interrupted
2019-10-19 01:14:34,581 [f143d5cf-4038-4fa8-8601-f5a45f16ca3e@group-A3037D40E172-LeaderElection802] INFO  impl.LeaderElection (LeaderElection.java:logAndReturn(56)) - f143d5cf-4038-4fa8-8601-f5a45f16ca3e@group-A3037D40E172-LeaderElection802: Election REJECTED; received 2 response(s) [f143d5cf-4038-4fa8-8601-f5a45f16ca3e<-2543ffea-c5c6-4af0-856f-eb846bad755a#0:FAIL-t101, f143d5cf-4038-4fa8-8601-f5a45f16ca3e<-61d14648-e80d-4cd8-9e7c-6deb2f21aca8#0:FAIL-t101] and 0 exception(s); f143d5cf-4038-4fa8-8601-f5a45f16ca3e@group-A3037D40E172:t101, leader=null, voted=f143d5cf-4038-4fa8-8601-f5a45f16ca3e, raftlog=f143d5cf-4038-4fa8-8601-f5a45f16ca3e@group-A3037D40E172-SegmentedRaftLog:OPENED:c-1,f-1,i0, conf=-1: [f143d5cf-4038-4fa8-8601-f5a45f16ca3e:192.168.69.71:40169, 2543ffea-c5c6-4af0-856f-eb846bad755a:192.168.69.71:45287, 61d14648-e80d-4cd8-9e7c-6deb2f21aca8:192.168.69.71:42247], old=null
2019-10-19 01:14:34,582 [f143d5cf-4038-4fa8-8601-f5a45f16ca3e@group-A3037D40E172-LeaderElection802] INFO  impl.RaftServerImpl (RaftServerImpl.java:setRole(184)) - f143d5cf-4038-4fa8-8601-f5a45f16ca3e@group-A3037D40E172: changes role from CANDIDATE to FOLLOWER at term 101 for DISCOVERED_A_NEW_TERM
2019-10-19 01:14:34,582 [f143d5cf-4038-4fa8-8601-f5a45f16ca3e@group-A3037D40E172-LeaderElection802] INFO  impl.RoleInfo (RoleInfo.java:shutdownLeaderElection(134)) - f143d5cf-4038-4fa8-8601-f5a45f16ca3e: shutdown LeaderElection
2019-10-19 01:14:34,582 [f143d5cf-4038-4fa8-8601-f5a45f16ca3e@group-A3037D40E172-LeaderElection802] INFO  impl.RoleInfo (RoleInfo.java:updateAndGet(143)) - f143d5cf-4038-4fa8-8601-f5a45f16ca3e: start FollowerState
2019-10-19 01:14:34,614 [Thread-7570] INFO  impl.FollowerState (FollowerState.java:run(108)) - f143d5cf-4038-4fa8-8601-f5a45f16ca3e@group-A3037D40E172-FollowerState: change to CANDIDATE, lastRpcTime:32ms, electionTimeout:32ms
2019-10-19 01:14:34,614 [Thread-7570] INFO  impl.RoleInfo (RoleInfo.java:shutdownFollowerState(121)) - f143d5cf-4038-4fa8-8601-f5a45f16ca3e: shutdown FollowerState
2019-10-19 01:14:34,614 [Thread-7570] INFO  impl.RaftServerImpl (RaftServerImpl.java:setRole(184)) - f143d5cf-4038-4fa8-8601-f5a45f16ca3e@group-A3037D40E172: changes role from  FOLLOWER to CANDIDATE at term 101 for changeToCandidate
2019-10-19 01:14:34,614 [Thread-7570] INFO  impl.RoleInfo (RoleInfo.java:updateAndGet(143)) - f143d5cf-4038-4fa8-8601-f5a45f16ca3e: start LeaderElection
2019-10-19 01:14:34,615 [Thread-7564] INFO  impl.FollowerState (FollowerState.java:run(108)) - 9c2d914d-67b1-4af9-8080-4d6ee007b506@group-20FCFA0487C4-FollowerState: change to CANDIDATE, lastRpcTime:129ms, electionTimeout:129ms
2019-10-19 01:14:34,615 [Thread-7564] INFO  impl.RoleInfo (RoleInfo.java:shutdownFollowerState(121)) - 9c2d914d-67b1-4af9-8080-4d6ee007b506: shutdown FollowerState
2019-10-19 01:14:34,615 [Thread-7564] INFO  impl.RaftServerImpl (RaftServerImpl.java:setRole(184)) - 9c2d914d-67b1-4af9-8080-4d6ee007b506@group-20FCFA0487C4: changes role from  FOLLOWER to CANDIDATE at term 100 for changeToCandidate
2019-10-19 01:14:34,615 [Thread-7564] INFO  impl.RoleInfo (RoleInfo.java:updateAndGet(143)) - 9c2d914d-67b1-4af9-8080-4d6ee007b506: start LeaderElection
2019-10-19 01:14:34,628 [f143d5cf-4038-4fa8-8601-f5a45f16ca3e@group-A3037D40E172-LeaderElection803] INFO  impl.LeaderElection (LeaderElection.java:askForVotes(178)) - f143d5cf-4038-4fa8-8601-f5a45f16ca3e@group-A3037D40E172-LeaderElection803: begin an election at term 102 for -1: [f143d5cf-4038-4fa8-8601-f5a45f16ca3e:192.168.69.71:40169, 2543ffea-c5c6-4af0-856f-eb846bad755a:192.168.69.71:45287, 61d14648-e80d-4cd8-9e7c-6deb2f21aca8:192.168.69.71:42247], old=null
2019-10-19 01:14:34,628 [9c2d914d-67b1-4af9-8080-4d6ee007b506@group-20FCFA0487C4-LeaderElection804] INFO  impl.LeaderElection (LeaderElection.java:askForVotes(178)) - 9c2d914d-67b1-4af9-8080-4d6ee007b506@group-20FCFA0487C4-LeaderElection804: begin an election at term 101 for -1: [88be3607-7667-471c-9070-7dfd13eb5ac8:192.168.69.71:32925, 9c2d914d-67b1-4af9-8080-4d6ee007b506:192.168.69.71:35462, 61d0b7dc-5f8b-422f-8693-c58167224d24:192.168.69.71:43479], old=null
2019-10-19 01:14:34,629 [grpc-default-executor-3] INFO  impl.RaftServerImpl (RaftServerImpl.java:setRole(184)) - 2543ffea-c5c6-4af0-856f-eb846bad755a@group-A3037D40E172: changes role from  FOLLOWER to FOLLOWER at term 102 for recognizeCandidate:f143d5cf-4038-4fa8-8601-f5a45f16ca3e
2019-10-19 01:14:34,629 [grpc-default-executor-5] INFO  impl.RaftServerImpl (RaftServerImpl.java:setRole(184)) - 61d14648-e80d-4cd8-9e7c-6deb2f21aca8@group-A3037D40E172: changes role from  FOLLOWER to FOLLOWER at term 102 for recognizeCandidate:f143d5cf-4038-4fa8-8601-f5a45f16ca3e
2019-10-19 01:14:34,629 [grpc-default-executor-10] INFO  impl.RaftServerImpl (RaftServerImpl.java:setRole(184)) - 61d0b7dc-5f8b-422f-8693-c58167224d24@group-20FCFA0487C4: changes role from  FOLLOWER to FOLLOWER at term 101 for recognizeCandidate:9c2d914d-67b1-4af9-8080-4d6ee007b506
2019-10-19 01:14:34,629 [grpc-default-executor-5] INFO  impl.RoleInfo (RoleInfo.java:shutdownFollowerState(121)) - 61d14648-e80d-4cd8-9e7c-6deb2f21aca8: shutdown FollowerState
2019-10-19 01:14:34,629 [grpc-default-executor-3] INFO  impl.RoleInfo (RoleInfo.java:shutdownFollowerState(121)) - 2543ffea-c5c6-4af0-856f-eb846bad755a: shutdown FollowerState
2019-10-19 01:14:34,630 [Thread-7568] INFO  impl.FollowerState (FollowerState.java:run(117)) - 61d14648-e80d-4cd8-9e7c-6deb2f21aca8@group-A3037D40E172-FollowerState was interrupted: java.lang.InterruptedException: sleep interrupted
2019-10-19 01:14:34,630 [grpc-default-executor-9] INFO  impl.RaftServerImpl (RaftServerImpl.java:setRole(184)) - 88be3607-7667-471c-9070-7dfd13eb5ac8@group-20FCFA0487C4: changes role from  FOLLOWER to FOLLOWER at term 101 for recognizeCandidate:9c2d914d-67b1-4af9-8080-4d6ee007b506
2019-10-19 01:14:34,630 [grpc-default-executor-9] INFO  impl.RoleInfo (RoleInfo.java:shutdownFollowerState(121)) - 88be3607-7667-471c-9070-7dfd13eb5ac8: shutdown FollowerState
2019-10-19 01:14:34,630 [grpc-default-executor-5] INFO  impl.RoleInfo (RoleInfo.java:updateAndGet(143)) - 61d14648-e80d-4cd8-9e7c-6deb2f21aca8: start FollowerState
2019-10-19 01:14:34,629 [grpc-default-executor-10] INFO  impl.RoleInfo (RoleInfo.java:shutdownFollowerState(121)) - 61d0b7dc-5f8b-422f-8693-c58167224d24: shutdown FollowerState
2019-10-19 01:14:34,630 [Thread-7562] INFO  impl.FollowerState (FollowerState.java:run(117)) - 88be3607-7667-471c-9070-7dfd13eb5ac8@group-20FCFA0487C4-FollowerState was interrupted: java.lang.InterruptedException: sleep interrupted
2019-10-19 01:14:34,630 [Thread-7563] INFO  impl.FollowerState (FollowerState.java:run(117)) - 61d0b7dc-5f8b-422f-8693-c58167224d24@group-20FCFA0487C4-FollowerState was interrupted: java.lang.InterruptedException: sleep interrupted
2019-10-19 01:14:34,630 [grpc-default-executor-9] INFO  impl.RoleInfo (RoleInfo.java:updateAndGet(143)) - 88be3607-7667-471c-9070-7dfd13eb5ac8: start FollowerState
2019-10-19 01:14:34,630 [Thread-7569] INFO  impl.FollowerState (FollowerState.java:run(117)) - 2543ffea-c5c6-4af0-856f-eb846bad755a@group-A3037D40E172-FollowerState was interrupted: java.lang.InterruptedException: sleep interrupted
2019-10-19 01:14:34,630 [grpc-default-executor-3] INFO  impl.RoleInfo (RoleInfo.java:updateAndGet(143)) - 2543ffea-c5c6-4af0-856f-eb846bad755a: start FollowerState
2019-10-19 01:14:34,630 [grpc-default-executor-10] INFO  impl.RoleInfo (RoleInfo.java:updateAndGet(143)) - 61d0b7dc-5f8b-422f-8693-c58167224d24: start FollowerState
2019-10-19 01:14:34,646 [9c2d914d-67b1-4af9-8080-4d6ee007b506@group-20FCFA0487C4-LeaderElection804] INFO  impl.LeaderElection (LeaderElection.java:logAndReturn(56)) - 9c2d914d-67b1-4af9-8080-4d6ee007b506@group-20FCFA0487C4-LeaderElection804: Election REJECTED; received 2 response(s) [9c2d914d-67b1-4af9-8080-4d6ee007b506<-88be3607-7667-471c-9070-7dfd13eb5ac8#0:FAIL-t101, 9c2d914d-67b1-4af9-8080-4d6ee007b506<-61d0b7dc-5f8b-422f-8693-c58167224d24#0:FAIL-t101] and 0 exception(s); 9c2d914d-67b1-4af9-8080-4d6ee007b506@group-20FCFA0487C4:t101, leader=null, voted=9c2d914d-67b1-4af9-8080-4d6ee007b506, raftlog=9c2d914d-67b1-4af9-8080-4d6ee007b506@group-20FCFA0487C4-SegmentedRaftLog:OPENED:c-1,f-1,i0, conf=-1: [88be3607-7667-471c-9070-7dfd13eb5ac8:192.168.69.71:32925, 9c2d914d-67b1-4af9-8080-4d6ee007b506:192.168.69.71:35462, 61d0b7dc-5f8b-422f-8693-c58167224d24:192.168.69.71:43479], old=null
2019-10-19 01:14:34,646 [f143d5cf-4038-4fa8-8601-f5a45f16ca3e@group-A3037D40E172-LeaderElection803] INFO  impl.LeaderElection (LeaderElection.java:logAndReturn(56)) - f143d5cf-4038-4fa8-8601-f5a45f16ca3e@group-A3037D40E172-LeaderElection803: Election REJECTED; received 2 response(s) [f143d5cf-4038-4fa8-8601-f5a45f16ca3e<-2543ffea-c5c6-4af0-856f-eb846bad755a#0:FAIL-t102, f143d5cf-4038-4fa8-8601-f5a45f16ca3e<-61d14648-e80d-4cd8-9e7c-6deb2f21aca8#0:FAIL-t102] and 0 exception(s); f143d5cf-4038-4fa8-8601-f5a45f16ca3e@group-A3037D40E172:t102, leader=null, voted=f143d5cf-4038-4fa8-8601-f5a45f16ca3e, raftlog=f143d5cf-4038-4fa8-8601-f5a45f16ca3e@group-A3037D40E172-SegmentedRaftLog:OPENED:c-1,f-1,i0, conf=-1: [f143d5cf-4038-4fa8-8601-f5a45f16ca3e:192.168.69.71:40169, 2543ffea-c5c6-4af0-856f-eb846bad755a:192.168.69.71:45287, 61d14648-e80d-4cd8-9e7c-6deb2f21aca8:192.168.69.71:42247], old=null
2019-10-19 01:14:34,647 [9c2d914d-67b1-4af9-8080-4d6ee007b506@group-20FCFA0487C4-LeaderElection804] INFO  impl.RaftServerImpl (RaftServerImpl.java:setRole(184)) - 9c2d914d-67b1-4af9-8080-4d6ee007b506@group-20FCFA0487C4: changes role from CANDIDATE to FOLLOWER at term 101 for DISCOVERED_A_NEW_TERM
2019-10-19 01:14:34,647 [f143d5cf-4038-4fa8-8601-f5a45f16ca3e@group-A3037D40E172-LeaderElection803] INFO  impl.RaftServerImpl (RaftServerImpl.java:setRole(184)) - f143d5cf-4038-4fa8-8601-f5a45f16ca3e@group-A3037D40E172: changes role from CANDIDATE to FOLLOWER at term 102 for DISCOVERED_A_NEW_TERM
2019-10-19 01:14:34,647 [9c2d914d-67b1-4af9-8080-4d6ee007b506@group-20FCFA0487C4-LeaderElection804] INFO  impl.RoleInfo (RoleInfo.java:shutdownLeaderElection(134)) - 9c2d914d-67b1-4af9-8080-4d6ee007b506: shutdown LeaderElection
2019-10-19 01:14:34,647 [f143d5cf-4038-4fa8-8601-f5a45f16ca3e@group-A3037D40E172-LeaderElection803] INFO  impl.RoleInfo (RoleInfo.java:shutdownLeaderElection(134)) - f143d5cf-4038-4fa8-8601-f5a45f16ca3e: shutdown LeaderElection
2019-10-19 01:14:34,647 [9c2d914d-67b1-4af9-8080-4d6ee007b506@group-20FCFA0487C4-LeaderElection804] INFO  impl.RoleInfo (RoleInfo.java:updateAndGet(143)) - 9c2d914d-67b1-4af9-8080-4d6ee007b506: start FollowerState
2019-10-19 01:14:34,647 [f143d5cf-4038-4fa8-8601-f5a45f16ca3e@group-A3037D40E172-LeaderElection803] INFO  impl.RoleInfo (RoleInfo.java:updateAndGet(143)) - f143d5cf-4038-4fa8-8601-f5a45f16ca3e: start FollowerState
2019-10-19 01:14:34,758 [Thread-7583] INFO  impl.FollowerState (FollowerState.java:run(108)) - 9c2d914d-67b1-4af9-8080-4d6ee007b506@group-20FCFA0487C4-FollowerState: change to CANDIDATE, lastRpcTime:111ms, electionTimeout:111ms
2019-10-19 01:14:34,759 [Thread-7583] INFO  impl.RoleInfo (RoleInfo.java:shutdownFollowerState(121)) - 9c2d914d-67b1-4af9-8080-4d6ee007b506: shutdown FollowerState
2019-10-19 01:14:34,759 [Thread-7583] INFO  impl.RaftServerImpl (RaftServerImpl.java:setRole(184)) - 9c2d914d-67b1-4af9-8080-4d6ee007b506@group-20FCFA0487C4: changes role from  FOLLOWER to CANDIDATE at term 101 for changeToCandidate
2019-10-19 01:14:34,759 [Thread-7583] INFO  impl.RoleInfo (RoleInfo.java:updateAndGet(143)) - 9c2d914d-67b1-4af9-8080-4d6ee007b506: start LeaderElection
2019-10-19 01:14:34,773 [9c2d914d-67b1-4af9-8080-4d6ee007b506@group-20FCFA0487C4-LeaderElection805] INFO  impl.LeaderElection (LeaderElection.java:askForVotes(178)) - 9c2d914d-67b1-4af9-8080-4d6ee007b506@group-20FCFA0487C4-LeaderElection805: begin an election at term 102 for -1: [88be3607-7667-471c-9070-7dfd13eb5ac8:192.168.69.71:32925, 9c2d914d-67b1-4af9-8080-4d6ee007b506:192.168.69.71:35462, 61d0b7dc-5f8b-422f-8693-c58167224d24:192.168.69.71:43479], old=null
2019-10-19 01:14:34,774 [grpc-default-executor-3] INFO  impl.RaftServerImpl (RaftServerImpl.java:setRole(184)) - 88be3607-7667-471c-9070-7dfd13eb5ac8@group-20FCFA0487C4: changes role from  FOLLOWER to FOLLOWER at term 102 for recognizeCandidate:9c2d914d-67b1-4af9-8080-4d6ee007b506
2019-10-19 01:14:34,775 [grpc-default-executor-3] INFO  impl.RoleInfo (RoleInfo.java:shutdownFollowerState(121)) - 88be3607-7667-471c-9070-7dfd13eb5ac8: shutdown FollowerState
2019-10-19 01:14:34,775 [grpc-default-executor-3] INFO  impl.RoleInfo (RoleInfo.java:updateAndGet(143)) - 88be3607-7667-471c-9070-7dfd13eb5ac8: start FollowerState
2019-10-19 01:14:34,775 [Thread-7579] INFO  impl.FollowerState (FollowerState.java:run(117)) - 88be3607-7667-471c-9070-7dfd13eb5ac8@group-20FCFA0487C4-FollowerState was interrupted: java.lang.InterruptedException: sleep interrupted
2019-10-19 01:14:34,785 [grpc-default-executor-5] INFO  impl.RaftServerImpl (RaftServerImpl.java:setRole(184)) - 61d0b7dc-5f8b-422f-8693-c58167224d24@group-20FCFA0487C4: changes role from  FOLLOWER to FOLLOWER at term 102 for recognizeCandidate:9c2d914d-67b1-4af9-8080-4d6ee007b506
2019-10-19 01:14:34,785 [grpc-default-executor-5] INFO  impl.RoleInfo (RoleInfo.java:shutdownFollowerState(121)) - 61d0b7dc-5f8b-422f-8693-c58167224d24: shutdown FollowerState
2019-10-19 01:14:34,786 [grpc-default-executor-5] INFO  impl.RoleInfo (RoleInfo.java:updateAndGet(143)) - 61d0b7dc-5f8b-422f-8693-c58167224d24: start FollowerState
2019-10-19 01:14:34,786 [Thread-7580] INFO  impl.FollowerState (FollowerState.java:run(117)) - 61d0b7dc-5f8b-422f-8693-c58167224d24@group-20FCFA0487C4-FollowerState was interrupted: java.lang.InterruptedException: sleep interrupted
2019-10-19 01:14:34,790 [9c2d914d-67b1-4af9-8080-4d6ee007b506@group-20FCFA0487C4-LeaderElection805] INFO  impl.LeaderElection (LeaderElection.java:logAndReturn(56)) - 9c2d914d-67b1-4af9-8080-4d6ee007b506@group-20FCFA0487C4-LeaderElection805: Election REJECTED; received 2 response(s) [9c2d914d-67b1-4af9-8080-4d6ee007b506<-88be3607-7667-471c-9070-7dfd13eb5ac8#0:FAIL-t102, 9c2d914d-67b1-4af9-8080-4d6ee007b506<-61d0b7dc-5f8b-422f-8693-c58167224d24#0:FAIL-t102] and 0 exception(s); 9c2d914d-67b1-4af9-8080-4d6ee007b506@group-20FCFA0487C4:t102, leader=null, voted=9c2d914d-67b1-4af9-8080-4d6ee007b506, raftlog=9c2d914d-67b1-4af9-8080-4d6ee007b506@group-20FCFA0487C4-SegmentedRaftLog:OPENED:c-1,f-1,i0, conf=-1: [88be3607-7667-471c-9070-7dfd13eb5ac8:192.168.69.71:32925, 9c2d914d-67b1-4af9-8080-4d6ee007b506:192.168.69.71:35462, 61d0b7dc-5f8b-422f-8693-c58167224d24:192.168.69.71:43479], old=null
2019-10-19 01:14:34,790 [9c2d914d-67b1-4af9-8080-4d6ee007b506@group-20FCFA0487C4-LeaderElection805] INFO  impl.RaftServerImpl (RaftServerImpl.java:setRole(184)) - 9c2d914d-67b1-4af9-8080-4d6ee007b506@group-20FCFA0487C4: changes role from CANDIDATE to FOLLOWER at term 102 for DISCOVERED_A_NEW_TERM
2019-10-19 01:14:34,790 [9c2d914d-67b1-4af9-8080-4d6ee007b506@group-20FCFA0487C4-LeaderElection805] INFO  impl.RoleInfo (RoleInfo.java:shutdownLeaderElection(134)) - 9c2d914d-67b1-4af9-8080-4d6ee007b506: shutdown LeaderElection
2019-10-19 01:14:34,791 [9c2d914d-67b1-4af9-8080-4d6ee007b506@group-20FCFA0487C4-LeaderElection805] INFO  impl.RoleInfo (RoleInfo.java:updateAndGet(143)) - 9c2d914d-67b1-4af9-8080-4d6ee007b506: start FollowerState
2019-10-19 01:14:34,819 [Thread-7584] INFO  impl.FollowerState (FollowerState.java:run(108)) - f143d5cf-4038-4fa8-8601-f5a45f16ca3e@group-A3037D40E172-FollowerState: change to CANDIDATE, lastRpcTime:172ms, electionTimeout:172ms
2019-10-19 01:14:34,819 [Thread-7584] INFO  impl.RoleInfo (RoleInfo.java:shutdownFollowerState(121)) - f143d5cf-4038-4fa8-8601-f5a45f16ca3e: shutdown FollowerState
2019-10-19 01:14:34,820 [Thread-7584] INFO  impl.RaftServerImpl (RaftServerImpl.java:setRole(184)) - f143d5cf-4038-4fa8-8601-f5a45f16ca3e@group-A3037D40E172: changes role from  FOLLOWER to CANDIDATE at term 102 for changeToCandidate
2019-10-19 01:14:34,820 [Thread-7584] INFO  impl.RoleInfo (RoleInfo.java:updateAndGet(143)) - f143d5cf-4038-4fa8-8601-f5a45f16ca3e: start LeaderElection
2019-10-19 01:14:34,833 [f143d5cf-4038-4fa8-8601-f5a45f16ca3e@group-A3037D40E172-LeaderElection806] INFO  impl.LeaderElection (LeaderElection.java:askForVotes(178)) - f143d5cf-4038-4fa8-8601-f5a45f16ca3e@group-A3037D40E172-LeaderElection806: begin an election at term 103 for -1: [f143d5cf-4038-4fa8-8601-f5a45f16ca3e:192.168.69.71:40169, 2543ffea-c5c6-4af0-856f-eb846bad755a:192.168.69.71:45287, 61d14648-e80d-4cd8-9e7c-6deb2f21aca8:192.168.69.71:42247], old=null
2019-10-19 01:14:34,834 [grpc-default-executor-3] INFO  impl.RaftServerImpl (RaftServerImpl.java:setRole(184)) - 61d14648-e80d-4cd8-9e7c-6deb2f21aca8@group-A3037D40E172: changes role from  FOLLOWER to FOLLOWER at term 103 for recognizeCandidate:f143d5cf-4038-4fa8-8601-f5a45f16ca3e
2019-10-19 01:14:34,834 [grpc-default-executor-5] INFO  impl.RaftServerImpl (RaftServerImpl.java:setRole(184)) - 2543ffea-c5c6-4af0-856f-eb846bad755a@group-A3037D40E172: changes role from  FOLLOWER to FOLLOWER at term 103 for recognizeCandidate:f143d5cf-4038-4fa8-8601-f5a45f16ca3e
2019-10-19 01:14:34,834 [grpc-default-executor-5] INFO  impl.RoleInfo (RoleInfo.java:shutdownFollowerState(121)) - 2543ffea-c5c6-4af0-856f-eb846bad755a: shutdown FollowerState
2019-10-19 01:14:34,834 [grpc-default-executor-3] INFO  impl.RoleInfo (RoleInfo.java:shutdownFollowerState(121)) - 61d14648-e80d-4cd8-9e7c-6deb2f21aca8: shutdown FollowerState
2019-10-19 01:14:34,835 [Thread-7578] INFO  impl.FollowerState (FollowerState.java:run(117)) - 2543ffea-c5c6-4af0-856f-eb846bad755a@group-A3037D40E172-FollowerState was interrupted: java.lang.InterruptedException: sleep interrupted
2019-10-19 01:14:34,835 [Thread-7577] INFO  impl.FollowerState (FollowerState.java:run(117)) - 61d14648-e80d-4cd8-9e7c-6deb2f21aca8@group-A3037D40E172-FollowerState was interrupted: java.lang.InterruptedException: sleep interrupted
2019-10-19 01:14:34,834 [grpc-default-executor-5] INFO  impl.RoleInfo (RoleInfo.java:updateAndGet(143)) - 2543ffea-c5c6-4af0-856f-eb846bad755a: start FollowerState
2019-10-19 01:14:34,835 [grpc-default-executor-3] INFO  impl.RoleInfo (RoleInfo.java:updateAndGet(143)) - 61d14648-e80d-4cd8-9e7c-6deb2f21aca8: start FollowerState
2019-10-19 01:14:34,848 [f143d5cf-4038-4fa8-8601-f5a45f16ca3e@group-A3037D40E172-LeaderElection806] INFO  impl.LeaderElection (LeaderElection.java:logAndReturn(56)) - f143d5cf-4038-4fa8-8601-f5a45f16ca3e@group-A3037D40E172-LeaderElection806: Election REJECTED; received 2 response(s) [f143d5cf-4038-4fa8-8601-f5a45f16ca3e<-2543ffea-c5c6-4af0-856f-eb846bad755a#0:FAIL-t103, f143d5cf-4038-4fa8-8601-f5a45f16ca3e<-61d14648-e80d-4cd8-9e7c-6deb2f21aca8#0:FAIL-t103] and 0 exception(s); f143d5cf-4038-4fa8-8601-f5a45f16ca3e@group-A3037D40E172:t103, leader=null, voted=f143d5cf-4038-4fa8-8601-f5a45f16ca3e, raftlog=f143d5cf-4038-4fa8-8601-f5a45f16ca3e@group-A3037D40E172-SegmentedRaftLog:OPENED:c-1,f-1,i0, conf=-1: [f143d5cf-4038-4fa8-8601-f5a45f16ca3e:192.168.69.71:40169, 2543ffea-c5c6-4af0-856f-eb846bad755a:192.168.69.71:45287, 61d14648-e80d-4cd8-9e7c-6deb2f21aca8:192.168.69.71:42247], old=null
2019-10-19 01:14:34,848 [f143d5cf-4038-4fa8-8601-f5a45f16ca3e@group-A3037D40E172-LeaderElection806] INFO  impl.RaftServerImpl (RaftServerImpl.java:setRole(184)) - f143d5cf-4038-4fa8-8601-f5a45f16ca3e@group-A3037D40E172: changes role from CANDIDATE to FOLLOWER at term 103 for DISCOVERED_A_NEW_TERM
2019-10-19 01:14:34,848 [f143d5cf-4038-4fa8-8601-f5a45f16ca3e@group-A3037D40E172-LeaderElection806] INFO  impl.RoleInfo (RoleInfo.java:shutdownLeaderElection(134)) - f143d5cf-4038-4fa8-8601-f5a45f16ca3e: shutdown LeaderElection
2019-10-19 01:14:34,849 [f143d5cf-4038-4fa8-8601-f5a45f16ca3e@group-A3037D40E172-LeaderElection806] INFO  impl.RoleInfo (RoleInfo.java:updateAndGet(143)) - f143d5cf-4038-4fa8-8601-f5a45f16ca3e: start FollowerState
2019-10-19 01:14:34,918 [Thread-7596] INFO  impl.FollowerState (FollowerState.java:run(108)) - f143d5cf-4038-4fa8-8601-f5a45f16ca3e@group-A3037D40E172-FollowerState: change to CANDIDATE, lastRpcTime:69ms, electionTimeout:69ms
2019-10-19 01:14:34,918 [Thread-7596] INFO  impl.RoleInfo (RoleInfo.java:shutdownFollowerState(121)) - f143d5cf-4038-4fa8-8601-f5a45f16ca3e: shutdown FollowerState
2019-10-19 01:14:34,918 [Thread-7596] INFO  impl.RaftServerImpl (RaftServerImpl.java:setRole(184)) - f143d5cf-4038-4fa8-8601-f5a45f16ca3e@group-A3037D40E172: changes role from  FOLLOWER to CANDIDATE at term 103 for changeToCandidate
2019-10-19 01:14:34,918 [Thread-7596] INFO  impl.RoleInfo (RoleInfo.java:updateAndGet(143)) - f143d5cf-4038-4fa8-8601-f5a45f16ca3e: start LeaderElection
2019-10-19 01:14:34,936 [f143d5cf-4038-4fa8-8601-f5a45f16ca3e@group-A3037D40E172-LeaderElection807] INFO  impl.LeaderElection (LeaderElection.java:askForVotes(178)) - f143d5cf-4038-4fa8-8601-f5a45f16ca3e@group-A3037D40E172-LeaderElection807: begin an election at term 104 for -1: [f143d5cf-4038-4fa8-8601-f5a45f16ca3e:192.168.69.71:40169, 2543ffea-c5c6-4af0-856f-eb846bad755a:192.168.69.71:45287, 61d14648-e80d-4cd8-9e7c-6deb2f21aca8:192.168.69.71:42247], old=null
2019-10-19 01:14:34,937 [grpc-default-executor-3] INFO  impl.RaftServerImpl (RaftServerImpl.java:setRole(184)) - 61d14648-e80d-4cd8-9e7c-6deb2f21aca8@group-A3037D40E172: changes role from  FOLLOWER to FOLLOWER at term 104 for recognizeCandidate:f143d5cf-4038-4fa8-8601-f5a45f16ca3e
2019-10-19 01:14:34,937 [grpc-default-executor-5] INFO  impl.RaftServerImpl (RaftServerImpl.java:setRole(184)) - 2543ffea-c5c6-4af0-856f-eb846bad755a@group-A3037D40E172: changes role from  FOLLOWER to FOLLOWER at term 104 for recognizeCandidate:f143d5cf-4038-4fa8-8601-f5a45f16ca3e
2019-10-19 01:14:34,938 [grpc-default-executor-5] INFO  impl.RoleInfo (RoleInfo.java:shutdownFollowerState(121)) - 2543ffea-c5c6-4af0-856f-eb846bad755a: shutdown FollowerState
2019-10-19 01:14:34,937 [grpc-default-executor-3] INFO  impl.RoleInfo (RoleInfo.java:shutdownFollowerState(121)) - 61d14648-e80d-4cd8-9e7c-6deb2f21aca8: shutdown FollowerState
2019-10-19 01:14:34,938 [Thread-7594] INFO  impl.FollowerState (FollowerState.java:run(117)) - 2543ffea-c5c6-4af0-856f-eb846bad755a@group-A3037D40E172-FollowerState was interrupted: java.lang.InterruptedException: sleep interrupted
2019-10-19 01:14:34,938 [grpc-default-executor-5] INFO  impl.RoleInfo (RoleInfo.java:updateAndGet(143)) - 2543ffea-c5c6-4af0-856f-eb846bad755a: start FollowerState
2019-10-19 01:14:34,938 [Thread-7595] INFO  impl.FollowerState (FollowerState.java:run(117)) - 61d14648-e80d-4cd8-9e7c-6deb2f21aca8@group-A3037D40E172-FollowerState was interrupted: java.lang.InterruptedException: sleep interrupted
2019-10-19 01:14:34,938 [grpc-default-executor-3] INFO  impl.RoleInfo (RoleInfo.java:updateAndGet(143)) - 61d14648-e80d-4cd8-9e7c-6deb2f21aca8: start FollowerState
2019-10-19 01:14:34,949 [f143d5cf-4038-4fa8-8601-f5a45f16ca3e@group-A3037D40E172-LeaderElection807] INFO  impl.LeaderElection (LeaderElection.java:logAndReturn(56)) - f143d5cf-4038-4fa8-8601-f5a45f16ca3e@group-A3037D40E172-LeaderElection807: Election TIMEOUT; received 0 response(s) [] and 0 exception(s); f143d5cf-4038-4fa8-8601-f5a45f16ca3e@group-A3037D40E172:t104, leader=null, voted=f143d5cf-4038-4fa8-8601-f5a45f16ca3e, raftlog=f143d5cf-4038-4fa8-8601-f5a45f16ca3e@group-A3037D40E172-SegmentedRaftLog:OPENED:c-1,f-1,i0, conf=-1: [f143d5cf-4038-4fa8-8601-f5a45f16ca3e:192.168.69.71:40169, 2543ffea-c5c6-4af0-856f-eb846bad755a:192.168.69.71:45287, 61d14648-e80d-4cd8-9e7c-6deb2f21aca8:192.168.69.71:42247], old=null
2019-10-19 01:14:34,953 [f143d5cf-4038-4fa8-8601-f5a45f16ca3e@group-A3037D40E172-LeaderElection807] INFO  impl.LeaderElection (LeaderElection.java:askForVotes(178)) - f143d5cf-4038-4fa8-8601-f5a45f16ca3e@group-A3037D40E172-LeaderElection807: begin an election at term 105 for -1: [f143d5cf-4038-4fa8-8601-f5a45f16ca3e:192.168.69.71:40169, 2543ffea-c5c6-4af0-856f-eb846bad755a:192.168.69.71:45287, 61d14648-e80d-4cd8-9e7c-6deb2f21aca8:192.168.69.71:42247], old=null
2019-10-19 01:14:34,955 [grpc-default-executor-3] INFO  impl.RaftServerImpl (RaftServerImpl.java:setRole(184)) - 2543ffea-c5c6-4af0-856f-eb846bad755a@group-A3037D40E172: changes role from  FOLLOWER to FOLLOWER at term 105 for recognizeCandidate:f143d5cf-4038-4fa8-8601-f5a45f16ca3e
2019-10-19 01:14:34,955 [grpc-default-executor-5] INFO  impl.RaftServerImpl (RaftServerImpl.java:setRole(184)) - 61d14648-e80d-4cd8-9e7c-6deb2f21aca8@group-A3037D40E172: changes role from  FOLLOWER to FOLLOWER at term 105 for recognizeCandidate:f143d5cf-4038-4fa8-8601-f5a45f16ca3e
2019-10-19 01:14:34,955 [grpc-default-executor-3] INFO  impl.RoleInfo (RoleInfo.java:shutdownFollowerState(121)) - 2543ffea-c5c6-4af0-856f-eb846bad755a: shutdown FollowerState
2019-10-19 01:14:34,955 [grpc-default-executor-5] INFO  impl.RoleInfo (RoleInfo.java:shutdownFollowerState(121)) - 61d14648-e80d-4cd8-9e7c-6deb2f21aca8: shutdown FollowerState
2019-10-19 01:14:34,955 [Thread-7600] INFO  impl.FollowerState (FollowerState.java:run(117)) - 2543ffea-c5c6-4af0-856f-eb846bad755a@group-A3037D40E172-FollowerState was interrupted: java.lang.InterruptedException: sleep interrupted
2019-10-19 01:14:34,955 [Thread-7590] INFO  impl.FollowerState (FollowerState.java:run(108)) - 9c2d914d-67b1-4af9-8080-4d6ee007b506@group-20FCFA0487C4-FollowerState: change to CANDIDATE, lastRpcTime:164ms, electionTimeout:164ms
2019-10-19 01:14:34,955 [grpc-default-executor-3] INFO  impl.RoleInfo (RoleInfo.java:updateAndGet(143)) - 2543ffea-c5c6-4af0-856f-eb846bad755a: start FollowerState
2019-10-19 01:14:34,955 [Thread-7590] INFO  impl.RoleInfo (RoleInfo.java:shutdownFollowerState(121)) - 9c2d914d-67b1-4af9-8080-4d6ee007b506: shutdown FollowerState
2019-10-19 01:14:34,955 [Thread-7601] INFO  impl.FollowerState (FollowerState.java:run(117)) - 61d14648-e80d-4cd8-9e7c-6deb2f21aca8@group-A3037D40E172-FollowerState was interrupted: java.lang.InterruptedException: sleep interrupted
2019-10-19 01:14:34,955 [grpc-default-executor-5] INFO  impl.RoleInfo (RoleInfo.java:updateAndGet(143)) - 61d14648-e80d-4cd8-9e7c-6deb2f21aca8: start FollowerState
2019-10-19 01:14:34,955 [Thread-7590] INFO  impl.RaftServerImpl (RaftServerImpl.java:setRole(184)) - 9c2d914d-67b1-4af9-8080-4d6ee007b506@group-20FCFA0487C4: changes role from  FOLLOWER to CANDIDATE at term 102 for changeToCandidate
2019-10-19 01:14:34,956 [Thread-7590] INFO  impl.RoleInfo (RoleInfo.java:updateAndGet(143)) - 9c2d914d-67b1-4af9-8080-4d6ee007b506: start LeaderElection
2019-10-19 01:14:34,968 [9c2d914d-67b1-4af9-8080-4d6ee007b506@group-20FCFA0487C4-LeaderElection808] INFO  impl.LeaderElection (LeaderElection.java:askForVotes(178)) - 9c2d914d-67b1-4af9-8080-4d6ee007b506@group-20FCFA0487C4-LeaderElection808: begin an election at term 103 for -1: [88be3607-7667-471c-9070-7dfd13eb5ac8:192.168.69.71:32925, 9c2d914d-67b1-4af9-8080-4d6ee007b506:192.168.69.71:35462, 61d0b7dc-5f8b-422f-8693-c58167224d24:192.168.69.71:43479], old=null
2019-10-19 01:14:34,969 [grpc-default-executor-3] INFO  impl.RaftServerImpl (RaftServerImpl.java:setRole(184)) - 88be3607-7667-471c-9070-7dfd13eb5ac8@group-20FCFA0487C4: changes role from  FOLLOWER to FOLLOWER at term 103 for recognizeCandidate:9c2d914d-67b1-4af9-8080-4d6ee007b506
2019-10-19 01:14:34,969 [grpc-default-executor-5] INFO  impl.RaftServerImpl (RaftServerImpl.java:setRole(184)) - 61d0b7dc-5f8b-422f-8693-c58167224d24@group-20FCFA0487C4: changes role from  FOLLOWER to FOLLOWER at term 103 for recognizeCandidate:9c2d914d-67b1-4af9-8080-4d6ee007b506
2019-10-19 01:14:34,970 [f143d5cf-4038-4fa8-8601-f5a45f16ca3e@group-A3037D40E172-LeaderElection807] INFO  impl.LeaderElection (LeaderElection.java:logAndReturn(56)) - f143d5cf-4038-4fa8-8601-f5a45f16ca3e@group-A3037D40E172-LeaderElection807: Election REJECTED; received 2 response(s) [f143d5cf-4038-4fa8-8601-f5a45f16ca3e<-2543ffea-c5c6-4af0-856f-eb846bad755a#0:FAIL-t105, f143d5cf-4038-4fa8-8601-f5a45f16ca3e<-61d14648-e80d-4cd8-9e7c-6deb2f21aca8#0:FAIL-t105] and 0 exception(s); f143d5cf-4038-4fa8-8601-f5a45f16ca3e@group-A3037D40E172:t105, leader=null, voted=f143d5cf-4038-4fa8-8601-f5a45f16ca3e, raftlog=f143d5cf-4038-4fa8-8601-f5a45f16ca3e@group-A3037D40E172-SegmentedRaftLog:OPENED:c-1,f-1,i0, conf=-1: [f143d5cf-4038-4fa8-8601-f5a45f16ca3e:192.168.69.71:40169, 2543ffea-c5c6-4af0-856f-eb846bad755a:192.168.69.71:45287, 61d14648-e80d-4cd8-9e7c-6deb2f21aca8:192.168.69.71:42247], old=null
2019-10-19 01:14:34,969 [grpc-default-executor-3] INFO  impl.RoleInfo (RoleInfo.java:shutdownFollowerState(121)) - 88be3607-7667-471c-9070-7dfd13eb5ac8: shutdown FollowerState
2019-10-19 01:14:34,970 [grpc-default-executor-5] INFO  impl.RoleInfo (RoleInfo.java:shutdownFollowerState(121)) - 61d0b7dc-5f8b-422f-8693-c58167224d24: shutdown FollowerState
2019-10-19 01:14:34,970 [grpc-default-executor-3] INFO  impl.RoleInfo (RoleInfo.java:updateAndGet(143)) - 88be3607-7667-471c-9070-7dfd13eb5ac8: start FollowerState
2019-10-19 01:14:34,970 [f143d5cf-4038-4fa8-8601-f5a45f16ca3e@group-A3037D40E172-LeaderElection807] INFO  impl.RaftServerImpl (RaftServerImpl.java:setRole(184)) - f143d5cf-4038-4fa8-8601-f5a45f16ca3e@group-A3037D40E172: changes role from CANDIDATE to FOLLOWER at term 105 for DISCOVERED_A_NEW_TERM
2019-10-19 01:14:34,970 [Thread-7589] INFO  impl.FollowerState (FollowerState.java:run(117)) - 61d0b7dc-5f8b-422f-8693-c58167224d24@group-20FCFA0487C4-FollowerState was interrupted: java.lang.InterruptedException: sleep interrupted
2019-10-19 01:14:34,970 [grpc-default-executor-5] INFO  impl.RoleInfo (RoleInfo.java:updateAndGet(143)) - 61d0b7dc-5f8b-422f-8693-c58167224d24: start FollowerState
2019-10-19 01:14:34,970 [f143d5cf-4038-4fa8-8601-f5a45f16ca3e@group-A3037D40E172-LeaderElection807] INFO  impl.RoleInfo (RoleInfo.java:shutdownLeaderElection(134)) - f143d5cf-4038-4fa8-8601-f5a45f16ca3e: shutdown LeaderElection
2019-10-19 01:14:34,970 [f143d5cf-4038-4fa8-8601-f5a45f16ca3e@group-A3037D40E172-LeaderElection807] INFO  impl.RoleInfo (RoleInfo.java:updateAndGet(143)) - f143d5cf-4038-4fa8-8601-f5a45f16ca3e: start FollowerState
2019-10-19 01:14:34,971 [Thread-7588] INFO  impl.FollowerState (FollowerState.java:run(117)) - 88be3607-7667-471c-9070-7dfd13eb5ac8@group-20FCFA0487C4-FollowerState was interrupted: java.lang.InterruptedException: sleep interrupted
2019-10-19 01:14:34,984 [9c2d914d-67b1-4af9-8080-4d6ee007b506@group-20FCFA0487C4-LeaderElection808] INFO  impl.LeaderElection (LeaderElection.java:logAndReturn(56)) - 9c2d914d-67b1-4af9-8080-4d6ee007b506@group-20FCFA0487C4-LeaderElection808: Election REJECTED; received 2 response(s) [9c2d914d-67b1-4af9-8080-4d6ee007b506<-88be3607-7667-471c-9070-7dfd13eb5ac8#0:FAIL-t103, 9c2d914d-67b1-4af9-8080-4d6ee007b506<-61d0b7dc-5f8b-422f-8693-c58167224d24#0:FAIL-t103] and 0 exception(s); 9c2d914d-67b1-4af9-8080-4d6ee007b506@group-20FCFA0487C4:t103, leader=null, voted=9c2d914d-67b1-4af9-8080-4d6ee007b506, raftlog=9c2d914d-67b1-4af9-8080-4d6ee007b506@group-20FCFA0487C4-SegmentedRaftLog:OPENED:c-1,f-1,i0, conf=-1: [88be3607-7667-471c-9070-7dfd13eb5ac8:192.168.69.71:32925, 9c2d914d-67b1-4af9-8080-4d6ee007b506:192.168.69.71:35462, 61d0b7dc-5f8b-422f-8693-c58167224d24:192.168.69.71:43479], old=null
2019-10-19 01:14:34,984 [9c2d914d-67b1-4af9-8080-4d6ee007b506@group-20FCFA0487C4-LeaderElection808] INFO  impl.RaftServerImpl (RaftServerImpl.java:setRole(184)) - 9c2d914d-67b1-4af9-8080-4d6ee007b506@group-20FCFA0487C4: changes role from CANDIDATE to FOLLOWER at term 103 for DISCOVERED_A_NEW_TERM
2019-10-19 01:14:34,984 [9c2d914d-67b1-4af9-8080-4d6ee007b506@group-20FCFA0487C4-LeaderElection808] INFO  impl.RoleInfo (RoleInfo.java:shutdownLeaderElection(134)) - 9c2d914d-67b1-4af9-8080-4d6ee007b506: shutdown LeaderElection
2019-10-19 01:14:34,984 [9c2d914d-67b1-4af9-8080-4d6ee007b506@group-20FCFA0487C4-LeaderElection808] INFO  impl.RoleInfo (RoleInfo.java:updateAndGet(143)) - 9c2d914d-67b1-4af9-8080-4d6ee007b506: start FollowerState
2019-10-19 01:14:35,111 [Thread-7611] INFO  impl.FollowerState (FollowerState.java:run(108)) - f143d5cf-4038-4fa8-8601-f5a45f16ca3e@group-A3037D40E172-FollowerState: change to CANDIDATE, lastRpcTime:140ms, electionTimeout:140ms
2019-10-19 01:14:35,111 [Thread-7611] INFO  impl.RoleInfo (RoleInfo.java:shutdownFollowerState(121)) - f143d5cf-4038-4fa8-8601-f5a45f16ca3e: shutdown FollowerState
2019-10-19 01:14:35,111 [Thread-7611] INFO  impl.RaftServerImpl (RaftServerImpl.java:setRole(184)) - f143d5cf-4038-4fa8-8601-f5a45f16ca3e@group-A3037D40E172: changes role from  FOLLOWER to CANDIDATE at term 105 for changeToCandidate
2019-10-19 01:14:35,111 [Thread-7611] INFO  impl.RoleInfo (RoleInfo.java:updateAndGet(143)) - f143d5cf-4038-4fa8-8601-f5a45f16ca3e: start LeaderElection
2019-10-19 01:14:35,125 [f143d5cf-4038-4fa8-8601-f5a45f16ca3e@group-A3037D40E172-LeaderElection809] INFO  impl.LeaderElection (LeaderElection.java:askForVotes(178)) - f143d5cf-4038-4fa8-8601-f5a45f16ca3e@group-A3037D40E172-LeaderElection809: begin an election at term 106 for -1: [f143d5cf-4038-4fa8-8601-f5a45f16ca3e:192.168.69.71:40169, 2543ffea-c5c6-4af0-856f-eb846bad755a:192.168.69.71:45287, 61d14648-e80d-4cd8-9e7c-6deb2f21aca8:192.168.69.71:42247], old=null
2019-10-19 01:14:35,126 [grpc-default-executor-5] INFO  impl.RaftServerImpl (RaftServerImpl.java:setRole(184)) - 2543ffea-c5c6-4af0-856f-eb846bad755a@group-A3037D40E172: changes role from  FOLLOWER to FOLLOWER at term 106 for recognizeCandidate:f143d5cf-4038-4fa8-8601-f5a45f16ca3e
2019-10-19 01:14:35,126 [grpc-default-executor-5] INFO  impl.RoleInfo (RoleInfo.java:shutdownFollowerState(121)) - 2543ffea-c5c6-4af0-856f-eb846bad755a: shutdown FollowerState
2019-10-19 01:14:35,126 [grpc-default-executor-3] INFO  impl.RaftServerImpl (RaftServerImpl.java:setRole(184)) - 61d14648-e80d-4cd8-9e7c-6deb2f21aca8@group-A3037D40E172: changes role from  FOLLOWER to FOLLOWER at term 106 for recognizeCandidate:f143d5cf-4038-4fa8-8601-f5a45f16ca3e
2019-10-19 01:14:35,127 [grpc-default-executor-3] INFO  impl.RoleInfo (RoleInfo.java:shutdownFollowerState(121)) - 61d14648-e80d-4cd8-9e7c-6deb2f21aca8: shutdown FollowerState
2019-10-19 01:14:35,127 [Thread-7604] INFO  impl.FollowerState (FollowerState.java:run(117)) - 2543ffea-c5c6-4af0-856f-eb846bad755a@group-A3037D40E172-FollowerState was interrupted: java.lang.InterruptedException: sleep interrupted
2019-10-19 01:14:35,127 [grpc-default-executor-5] INFO  impl.RoleInfo (RoleInfo.java:updateAndGet(143)) - 2543ffea-c5c6-4af0-856f-eb846bad755a: start FollowerState
2019-10-19 01:14:35,127 [Thread-7605] INFO  impl.FollowerState (FollowerState.java:run(117)) - 61d14648-e80d-4cd8-9e7c-6deb2f21aca8@group-A3037D40E172-FollowerState was interrupted: java.lang.InterruptedException: sleep interrupted
2019-10-19 01:14:35,127 [grpc-default-executor-3] INFO  impl.RoleInfo (RoleInfo.java:updateAndGet(143)) - 61d14648-e80d-4cd8-9e7c-6deb2f21aca8: start FollowerState
2019-10-19 01:14:35,140 [f143d5cf-4038-4fa8-8601-f5a45f16ca3e@group-A3037D40E172-LeaderElection809] INFO  impl.LeaderElection (LeaderElection.java:logAndReturn(56)) - f143d5cf-4038-4fa8-8601-f5a45f16ca3e@group-A3037D40E172-LeaderElection809: Election REJECTED; received 2 response(s) [f143d5cf-4038-4fa8-8601-f5a45f16ca3e<-2543ffea-c5c6-4af0-856f-eb846bad755a#0:FAIL-t106, f143d5cf-4038-4fa8-8601-f5a45f16ca3e<-61d14648-e80d-4cd8-9e7c-6deb2f21aca8#0:FAIL-t106] and 0 exception(s); f143d5cf-4038-4fa8-8601-f5a45f16ca3e@group-A3037D40E172:t106, leader=null, voted=f143d5cf-4038-4fa8-8601-f5a45f16ca3e, raftlog=f143d5cf-4038-4fa8-8601-f5a45f16ca3e@group-A3037D40E172-SegmentedRaftLog:OPENED:c-1,f-1,i0, conf=-1: [f143d5cf-4038-4fa8-8601-f5a45f16ca3e:192.168.69.71:40169, 2543ffea-c5c6-4af0-856f-eb846bad755a:192.168.69.71:45287, 61d14648-e80d-4cd8-9e7c-6deb2f21aca8:192.168.69.71:42247], old=null
2019-10-19 01:14:35,140 [f143d5cf-4038-4fa8-8601-f5a45f16ca3e@group-A3037D40E172-LeaderElection809] INFO  impl.RaftServerImpl (RaftServerImpl.java:setRole(184)) - f143d5cf-4038-4fa8-8601-f5a45f16ca3e@group-A3037D40E172: changes role from CANDIDATE to FOLLOWER at term 106 for DISCOVERED_A_NEW_TERM
2019-10-19 01:14:35,140 [f143d5cf-4038-4fa8-8601-f5a45f16ca3e@group-A3037D40E172-LeaderElection809] INFO  impl.RoleInfo (RoleInfo.java:shutdownLeaderElection(134)) - f143d5cf-4038-4fa8-8601-f5a45f16ca3e: shutdown LeaderElection
2019-10-19 01:14:35,141 [f143d5cf-4038-4fa8-8601-f5a45f16ca3e@group-A3037D40E172-LeaderElection809] INFO  impl.RoleInfo (RoleInfo.java:updateAndGet(143)) - f143d5cf-4038-4fa8-8601-f5a45f16ca3e: start FollowerState
2019-10-19 01:14:35,156 [Thread-7612] INFO  impl.FollowerState (FollowerState.java:run(108)) - 9c2d914d-67b1-4af9-8080-4d6ee007b506@group-20FCFA0487C4-FollowerState: change to CANDIDATE, lastRpcTime:171ms, electionTimeout:171ms
2019-10-19 01:14:35,156 [Thread-7612] INFO  impl.RoleInfo (RoleInfo.java:shutdownFollowerState(121)) - 9c2d914d-67b1-4af9-8080-4d6ee007b506: shutdown FollowerState
2019-10-19 01:14:35,156 [Thread-7612] INFO  impl.RaftServerImpl (RaftServerImpl.java:setRole(184)) - 9c2d914d-67b1-4af9-8080-4d6ee007b506@group-20FCFA0487C4: changes role from  FOLLOWER to CANDIDATE at term 103 for changeToCandidate
2019-10-19 01:14:35,156 [Thread-7612] INFO  impl.RoleInfo (RoleInfo.java:updateAndGet(143)) - 9c2d914d-67b1-4af9-8080-4d6ee007b506: start LeaderElection
2019-10-19 01:14:35,170 [9c2d914d-67b1-4af9-8080-4d6ee007b506@group-20FCFA0487C4-LeaderElection810] INFO  impl.LeaderElection (LeaderElection.java:askForVotes(178)) - 9c2d914d-67b1-4af9-8080-4d6ee007b506@group-20FCFA0487C4-LeaderElection810: begin an election at term 104 for -1: [88be3607-7667-471c-9070-7dfd13eb5ac8:192.168.69.71:32925, 9c2d914d-67b1-4af9-8080-4d6ee007b506:192.168.69.71:35462, 61d0b7dc-5f8b-422f-8693-c58167224d24:192.168.69.71:43479], old=null
2019-10-19 01:14:35,171 [grpc-default-executor-5] INFO  impl.RaftServerImpl (RaftServerImpl.java:setRole(184)) - 88be3607-7667-471c-9070-7dfd13eb5ac8@group-20FCFA0487C4: changes role from  FOLLOWER to FOLLOWER at term 104 for recognizeCandidate:9c2d914d-67b1-4af9-8080-4d6ee007b506
2019-10-19 01:14:35,171 [grpc-default-executor-5] INFO  impl.RoleInfo (RoleInfo.java:shutdownFollowerState(121)) - 88be3607-7667-471c-9070-7dfd13eb5ac8: shutdown FollowerState
2019-10-19 01:14:35,171 [grpc-default-executor-3] INFO  impl.RaftServerImpl (RaftServerImpl.java:setRole(184)) - 61d0b7dc-5f8b-422f-8693-c58167224d24@group-20FCFA0487C4: changes role from  FOLLOWER to FOLLOWER at term 104 for recognizeCandidate:9c2d914d-67b1-4af9-8080-4d6ee007b506
2019-10-19 01:14:35,171 [grpc-default-executor-3] INFO  impl.RoleInfo (RoleInfo.java:shutdownFollowerState(121)) - 61d0b7dc-5f8b-422f-8693-c58167224d24: shutdown FollowerState
2019-10-19 01:14:35,171 [grpc-default-executor-5] INFO  impl.RoleInfo (RoleInfo.java:updateAndGet(143)) - 88be3607-7667-471c-9070-7dfd13eb5ac8: start FollowerState
2019-10-19 01:14:35,171 [Thread-7610] INFO  impl.FollowerState (FollowerState.java:run(117)) - 61d0b7dc-5f8b-422f-8693-c58167224d24@group-20FCFA0487C4-FollowerState was interrupted: java.lang.InterruptedException: sleep interrupted
2019-10-19 01:14:35,171 [grpc-default-executor-3] INFO  impl.RoleInfo (RoleInfo.java:updateAndGet(143)) - 61d0b7dc-5f8b-422f-8693-c58167224d24: start FollowerState
2019-10-19 01:14:35,171 [Thread-7609] INFO  impl.FollowerState (FollowerState.java:run(117)) - 88be3607-7667-471c-9070-7dfd13eb5ac8@group-20FCFA0487C4-FollowerState was interrupted: java.lang.InterruptedException: sleep interrupted
2019-10-19 01:14:35,184 [9c2d914d-67b1-4af9-8080-4d6ee007b506@group-20FCFA0487C4-LeaderElection810] INFO  impl.LeaderElection (LeaderElection.java:logAndReturn(56)) - 9c2d914d-67b1-4af9-8080-4d6ee007b506@group-20FCFA0487C4-LeaderElection810: Election REJECTED; received 2 response(s) [9c2d914d-67b1-4af9-8080-4d6ee007b506<-88be3607-7667-471c-9070-7dfd13eb5ac8#0:FAIL-t104, 9c2d914d-67b1-4af9-8080-4d6ee007b506<-61d0b7dc-5f8b-422f-8693-c58167224d24#0:FAIL-t104] and 0 exception(s); 9c2d914d-67b1-4af9-8080-4d6ee007b506@group-20FCFA0487C4:t104, leader=null, voted=9c2d914d-67b1-4af9-8080-4d6ee007b506, raftlog=9c2d914d-67b1-4af9-8080-4d6ee007b506@group-20FCFA0487C4-SegmentedRaftLog:OPENED:c-1,f-1,i0, conf=-1: [88be3607-7667-471c-9070-7dfd13eb5ac8:192.168.69.71:32925, 9c2d914d-67b1-4af9-8080-4d6ee007b506:192.168.69.71:35462, 61d0b7dc-5f8b-422f-8693-c58167224d24:192.168.69.71:43479], old=null
2019-10-19 01:14:35,185 [9c2d914d-67b1-4af9-8080-4d6ee007b506@group-20FCFA0487C4-LeaderElection810] INFO  impl.RaftServerImpl (RaftServerImpl.java:setRole(184)) - 9c2d914d-67b1-4af9-8080-4d6ee007b506@group-20FCFA0487C4: changes role from CANDIDATE to FOLLOWER at term 104 for DISCOVERED_A_NEW_TERM
2019-10-19 01:14:35,185 [9c2d914d-67b1-4af9-8080-4d6ee007b506@group-20FCFA0487C4-LeaderElection810] INFO  impl.RoleInfo (RoleInfo.java:shutdownLeaderElection(134)) - 9c2d914d-67b1-4af9-8080-4d6ee007b506: shutdown LeaderElection
2019-10-19 01:14:35,185 [9c2d914d-67b1-4af9-8080-4d6ee007b506@group-20FCFA0487C4-LeaderElection810] INFO  impl.RoleInfo (RoleInfo.java:updateAndGet(143)) - 9c2d914d-67b1-4af9-8080-4d6ee007b506: start FollowerState
2019-10-19 01:14:35,339 [Thread-7622] INFO  impl.FollowerState (FollowerState.java:run(108)) - f143d5cf-4038-4fa8-8601-f5a45f16ca3e@group-A3037D40E172-FollowerState: change to CANDIDATE, lastRpcTime:198ms, electionTimeout:198ms
2019-10-19 01:14:35,339 [Thread-7622] INFO  impl.RoleInfo (RoleInfo.java:shutdownFollowerState(121)) - f143d5cf-4038-4fa8-8601-f5a45f16ca3e: shutdown FollowerState
2019-10-19 01:14:35,339 [Thread-7622] INFO  impl.RaftServerImpl (RaftServerImpl.java:setRole(184)) - f143d5cf-4038-4fa8-8601-f5a45f16ca3e@group-A3037D40E172: changes role from  FOLLOWER to CANDIDATE at term 106 for changeToCandidate
2019-10-19 01:14:35,339 [Thread-7622] INFO  impl.RoleInfo (RoleInfo.java:updateAndGet(143)) - f143d5cf-4038-4fa8-8601-f5a45f16ca3e: start LeaderElection
2019-10-19 01:14:35,341 [Thread-7628] INFO  impl.FollowerState (FollowerState.java:run(108)) - 9c2d914d-67b1-4af9-8080-4d6ee007b506@group-20FCFA0487C4-FollowerState: change to CANDIDATE, lastRpcTime:156ms, electionTimeout:156ms
2019-10-19 01:14:35,341 [Thread-7628] INFO  impl.RoleInfo (RoleInfo.java:shutdownFollowerState(121)) - 9c2d914d-67b1-4af9-8080-4d6ee007b506: shutdown FollowerState
2019-10-19 01:14:35,341 [Thread-7628] INFO  impl.RaftServerImpl (RaftServerImpl.java:setRole(184)) - 9c2d914d-67b1-4af9-8080-4d6ee007b506@group-20FCFA0487C4: changes role from  FOLLOWER to CANDIDATE at term 104 for changeToCandidate
2019-10-19 01:14:35,341 [Thread-7628] INFO  impl.RoleInfo (RoleInfo.java:updateAndGet(143)) - 9c2d914d-67b1-4af9-8080-4d6ee007b506: start LeaderElection
2019-10-19 01:14:35,353 [f143d5cf-4038-4fa8-8601-f5a45f16ca3e@group-A3037D40E172-LeaderElection811] INFO  impl.LeaderElection (LeaderElection.java:askForVotes(178)) - f143d5cf-4038-4fa8-8601-f5a45f16ca3e@group-A3037D40E172-LeaderElection811: begin an election at term 107 for -1: [f143d5cf-4038-4fa8-8601-f5a45f16ca3e:192.168.69.71:40169, 2543ffea-c5c6-4af0-856f-eb846bad755a:192.168.69.71:45287, 61d14648-e80d-4cd8-9e7c-6deb2f21aca8:192.168.69.71:42247], old=null
2019-10-19 01:14:35,353 [9c2d914d-67b1-4af9-8080-4d6ee007b506@group-20FCFA0487C4-LeaderElection812] INFO  impl.LeaderElection (LeaderElection.java:askForVotes(178)) - 9c2d914d-67b1-4af9-8080-4d6ee007b506@group-20FCFA0487C4-LeaderElection812: begin an election at term 105 for -1: [88be3607-7667-471c-9070-7dfd13eb5ac8:192.168.69.71:32925, 9c2d914d-67b1-4af9-8080-4d6ee007b506:192.168.69.71:35462, 61d0b7dc-5f8b-422f-8693-c58167224d24:192.168.69.71:43479], old=null
2019-10-19 01:14:35,355 [grpc-default-executor-3] INFO  impl.RaftServerImpl (RaftServerImpl.java:setRole(184)) - 88be3607-7667-471c-9070-7dfd13eb5ac8@group-20FCFA0487C4: changes role from  FOLLOWER to FOLLOWER at term 105 for recognizeCandidate:9c2d914d-67b1-4af9-8080-4d6ee007b506
2019-10-19 01:14:35,355 [grpc-default-executor-3] INFO  impl.RoleInfo (RoleInfo.java:shutdownFollowerState(121)) - 88be3607-7667-471c-9070-7dfd13eb5ac8: shutdown FollowerState
2019-10-19 01:14:35,355 [grpc-default-executor-5] INFO  impl.RaftServerImpl (RaftServerImpl.java:setRole(184)) - 61d14648-e80d-4cd8-9e7c-6deb2f21aca8@group-A3037D40E172: changes role from  FOLLOWER to FOLLOWER at term 107 for recognizeCandidate:f143d5cf-4038-4fa8-8601-f5a45f16ca3e
2019-10-19 01:14:35,356 [Thread-7626] INFO  impl.FollowerState (FollowerState.java:run(117)) - 88be3607-7667-471c-9070-7dfd13eb5ac8@group-20FCFA0487C4-FollowerState was interrupted: java.lang.InterruptedException: sleep interrupted
2019-10-19 01:14:35,356 [grpc-default-executor-3] INFO  impl.RoleInfo (RoleInfo.java:updateAndGet(143)) - 88be3607-7667-471c-9070-7dfd13eb5ac8: start FollowerState
2019-10-19 01:14:35,356 [grpc-default-executor-9] INFO  impl.RaftServerImpl (RaftServerImpl.java:setRole(184)) - 2543ffea-c5c6-4af0-856f-eb846bad755a@group-A3037D40E172: changes role from  FOLLOWER to FOLLOWER at term 107 for recognizeCandidate:f143d5cf-4038-4fa8-8601-f5a45f16ca3e
2019-10-19 01:14:35,356 [grpc-default-executor-9] INFO  impl.RoleInfo (RoleInfo.java:shutdownFollowerState(121)) - 2543ffea-c5c6-4af0-856f-eb846bad755a: shutdown FollowerState
2019-10-19 01:14:35,356 [grpc-default-executor-10] INFO  impl.RaftServerImpl (RaftServerImpl.java:setRole(184)) - 61d0b7dc-5f8b-422f-8693-c58167224d24@group-20FCFA0487C4: changes role from  FOLLOWER to FOLLOWER at term 105 for recognizeCandidate:9c2d914d-67b1-4af9-8080-4d6ee007b506
2019-10-19 01:14:35,356 [grpc-default-executor-5] INFO  impl.RoleInfo (RoleInfo.java:shutdownFollowerState(121)) - 61d14648-e80d-4cd8-9e7c-6deb2f21aca8: shutdown FollowerState
2019-10-19 01:14:35,356 [grpc-default-executor-10] INFO  impl.RoleInfo (RoleInfo.java:shutdownFollowerState(121)) - 61d0b7dc-5f8b-422f-8693-c58167224d24: shutdown FollowerState
2019-10-19 01:14:35,356 [Thread-7618] INFO  impl.FollowerState (FollowerState.java:run(117)) - 2543ffea-c5c6-4af0-856f-eb846bad755a@group-A3037D40E172-FollowerState was interrupted: java.lang.InterruptedException: sleep interrupted
2019-10-19 01:14:35,356 [grpc-default-executor-9] INFO  impl.RoleInfo (RoleInfo.java:updateAndGet(143)) - 2543ffea-c5c6-4af0-856f-eb846bad755a: start FollowerState
2019-10-19 01:14:35,356 [Thread-7627] INFO  impl.FollowerState (FollowerState.java:run(117)) - 61d0b7dc-5f8b-422f-8693-c58167224d24@group-20FCFA0487C4-FollowerState was interrupted: java.lang.InterruptedException: sleep interrupted
2019-10-19 01:14:35,356 [grpc-default-executor-10] INFO  impl.RoleInfo (RoleInfo.java:updateAndGet(143)) - 61d0b7dc-5f8b-422f-8693-c58167224d24: start FollowerState
2019-10-19 01:14:35,356 [grpc-default-executor-5] INFO  impl.RoleInfo (RoleInfo.java:updateAndGet(143)) - 61d14648-e80d-4cd8-9e7c-6deb2f21aca8: start FollowerState
2019-10-19 01:14:35,356 [Thread-7619] INFO  impl.FollowerState (FollowerState.java:run(117)) - 61d14648-e80d-4cd8-9e7c-6deb2f21aca8@group-A3037D40E172-FollowerState was interrupted: java.lang.InterruptedException: sleep interrupted
2019-10-19 01:14:35,371 [9c2d914d-67b1-4af9-8080-4d6ee007b506@group-20FCFA0487C4-LeaderElection812] INFO  impl.LeaderElection (LeaderElection.java:logAndReturn(56)) - 9c2d914d-67b1-4af9-8080-4d6ee007b506@group-20FCFA0487C4-LeaderElection812: Election REJECTED; received 2 response(s) [9c2d914d-67b1-4af9-8080-4d6ee007b506<-88be3607-7667-471c-9070-7dfd13eb5ac8#0:FAIL-t105, 9c2d914d-67b1-4af9-8080-4d6ee007b506<-61d0b7dc-5f8b-422f-8693-c58167224d24#0:FAIL-t105] and 0 exception(s); 9c2d914d-67b1-4af9-8080-4d6ee007b506@group-20FCFA0487C4:t105, leader=null, voted=9c2d914d-67b1-4af9-8080-4d6ee007b506, raftlog=9c2d914d-67b1-4af9-8080-4d6ee007b506@group-20FCFA0487C4-SegmentedRaftLog:OPENED:c-1,f-1,i0, conf=-1: [88be3607-7667-471c-9070-7dfd13eb5ac8:192.168.69.71:32925, 9c2d914d-67b1-4af9-8080-4d6ee007b506:192.168.69.71:35462, 61d0b7dc-5f8b-422f-8693-c58167224d24:192.168.69.71:43479], old=null
2019-10-19 01:14:35,371 [f143d5cf-4038-4fa8-8601-f5a45f16ca3e@group-A3037D40E172-LeaderElection811] INFO  impl.LeaderElection (LeaderElection.java:logAndReturn(56)) - f143d5cf-4038-4fa8-8601-f5a45f16ca3e@group-A3037D40E172-LeaderElection811: Election REJECTED; received 2 response(s) [f143d5cf-4038-4fa8-8601-f5a45f16ca3e<-2543ffea-c5c6-4af0-856f-eb846bad755a#0:FAIL-t107, f143d5cf-4038-4fa8-8601-f5a45f16ca3e<-61d14648-e80d-4cd8-9e7c-6deb2f21aca8#0:FAIL-t107] and 0 exception(s); f143d5cf-4038-4fa8-8601-f5a45f16ca3e@group-A3037D40E172:t107, leader=null, voted=f143d5cf-4038-4fa8-8601-f5a45f16ca3e, raftlog=f143d5cf-4038-4fa8-8601-f5a45f16ca3e@group-A3037D40E172-SegmentedRaftLog:OPENED:c-1,f-1,i0, conf=-1: [f143d5cf-4038-4fa8-8601-f5a45f16ca3e:192.168.69.71:40169, 2543ffea-c5c6-4af0-856f-eb846bad755a:192.168.69.71:45287, 61d14648-e80d-4cd8-9e7c-6deb2f21aca8:192.168.69.71:42247], old=null
2019-10-19 01:14:35,371 [f143d5cf-4038-4fa8-8601-f5a45f16ca3e@group-A3037D40E172-LeaderElection811] INFO  impl.RaftServerImpl (RaftServerImpl.java:setRole(184)) - f143d5cf-4038-4fa8-8601-f5a45f16ca3e@group-A3037D40E172: changes role from CANDIDATE to FOLLOWER at term 107 for DISCOVERED_A_NEW_TERM
2019-10-19 01:14:35,371 [f143d5cf-4038-4fa8-8601-f5a45f16ca3e@group-A3037D40E172-LeaderElection811] INFO  impl.RoleInfo (RoleInfo.java:shutdownLeaderElection(134)) - f143d5cf-4038-4fa8-8601-f5a45f16ca3e: shutdown LeaderElection
2019-10-19 01:14:35,371 [9c2d914d-67b1-4af9-8080-4d6ee007b506@group-20FCFA0487C4-LeaderElection812] INFO  impl.RaftServerImpl (RaftServerImpl.java:setRole(184)) - 9c2d914d-67b1-4af9-8080-4d6ee007b506@group-20FCFA0487C4: changes role from CANDIDATE to FOLLOWER at term 105 for DISCOVERED_A_NEW_TERM
2019-10-19 01:14:35,371 [f143d5cf-4038-4fa8-8601-f5a45f16ca3e@group-A3037D40E172-LeaderElection811] INFO  impl.RoleInfo (RoleInfo.java:updateAndGet(143)) - f143d5cf-4038-4fa8-8601-f5a45f16ca3e: start FollowerState
2019-10-19 01:14:35,371 [9c2d914d-67b1-4af9-8080-4d6ee007b506@group-20FCFA0487C4-LeaderElection812] INFO  impl.RoleInfo (RoleInfo.java:shutdownLeaderElection(134)) - 9c2d914d-67b1-4af9-8080-4d6ee007b506: shutdown LeaderElection
2019-10-19 01:14:35,372 [9c2d914d-67b1-4af9-8080-4d6ee007b506@group-20FCFA0487C4-LeaderElection812] INFO  impl.RoleInfo (RoleInfo.java:updateAndGet(143)) - 9c2d914d-67b1-4af9-8080-4d6ee007b506: start FollowerState
2019-10-19 01:14:35,501 [Thread-7640] INFO  impl.FollowerState (FollowerState.java:run(108)) - 9c2d914d-67b1-4af9-8080-4d6ee007b506@group-20FCFA0487C4-FollowerState: change to CANDIDATE, lastRpcTime:128ms, electionTimeout:128ms
2019-10-19 01:14:35,501 [Thread-7639] INFO  impl.FollowerState (FollowerState.java:run(108)) - f143d5cf-4038-4fa8-8601-f5a45f16ca3e@group-A3037D40E172-FollowerState: change to CANDIDATE, lastRpcTime:129ms, electionTimeout:129ms
2019-10-19 01:14:35,501 [Thread-7639] INFO  impl.RoleInfo (RoleInfo.java:shutdownFollowerState(121)) - f143d5cf-4038-4fa8-8601-f5a45f16ca3e: shutdown FollowerState
2019-10-19 01:14:35,501 [Thread-7640] INFO  impl.RoleInfo (RoleInfo.java:shutdownFollowerState(121)) - 9c2d914d-67b1-4af9-8080-4d6ee007b506: shutdown FollowerState
2019-10-19 01:14:35,501 [Thread-7639] INFO  impl.RaftServerImpl (RaftServerImpl.java:setRole(184)) - f143d5cf-4038-4fa8-8601-f5a45f16ca3e@group-A3037D40E172: changes role from  FOLLOWER to CANDIDATE at term 107 for changeToCandidate
2019-10-19 01:14:35,501 [Thread-7640] INFO  impl.RaftServerImpl (RaftServerImpl.java:setRole(184)) - 9c2d914d-67b1-4af9-8080-4d6ee007b506@group-20FCFA0487C4: changes role from  FOLLOWER to CANDIDATE at term 105 for changeToCandidate
2019-10-19 01:14:35,501 [Thread-7639] INFO  impl.RoleInfo (RoleInfo.java:updateAndGet(143)) - f143d5cf-4038-4fa8-8601-f5a45f16ca3e: start LeaderElection
2019-10-19 01:14:35,501 [Thread-7640] INFO  impl.RoleInfo (RoleInfo.java:updateAndGet(143)) - 9c2d914d-67b1-4af9-8080-4d6ee007b506: start LeaderElection
2019-10-19 01:14:35,515 [9c2d914d-67b1-4af9-8080-4d6ee007b506@group-20FCFA0487C4-LeaderElection814] INFO  impl.LeaderElection (LeaderElection.java:askForVotes(178)) - 9c2d914d-67b1-4af9-8080-4d6ee007b506@group-20FCFA0487C4-LeaderElection814: begin an election at term 106 for -1: [88be3607-7667-471c-9070-7dfd13eb5ac8:192.168.69.71:32925, 9c2d914d-67b1-4af9-8080-4d6ee007b506:192.168.69.71:35462, 61d0b7dc-5f8b-422f-8693-c58167224d24:192.168.69.71:43479], old=null
2019-10-19 01:14:35,515 [f143d5cf-4038-4fa8-8601-f5a45f16ca3e@group-A3037D40E172-LeaderElection813] INFO  impl.LeaderElection (LeaderElection.java:askForVotes(178)) - f143d5cf-4038-4fa8-8601-f5a45f16ca3e@group-A3037D40E172-LeaderElection813: begin an election at term 108 for -1: [f143d5cf-4038-4fa8-8601-f5a45f16ca3e:192.168.69.71:40169, 2543ffea-c5c6-4af0-856f-eb846bad755a:192.168.69.71:45287, 61d14648-e80d-4cd8-9e7c-6deb2f21aca8:192.168.69.71:42247], old=null
2019-10-19 01:14:35,517 [grpc-default-executor-10] INFO  impl.RaftServerImpl (RaftServerImpl.java:setRole(184)) - 88be3607-7667-471c-9070-7dfd13eb5ac8@group-20FCFA0487C4: changes role from  FOLLOWER to FOLLOWER at term 106 for recognizeCandidate:9c2d914d-67b1-4af9-8080-4d6ee007b506
2019-10-19 01:14:35,517 [grpc-default-executor-3] INFO  impl.RaftServerImpl (RaftServerImpl.java:setRole(184)) - 61d14648-e80d-4cd8-9e7c-6deb2f21aca8@group-A3037D40E172: changes role from  FOLLOWER to FOLLOWER at term 108 for recognizeCandidate:f143d5cf-4038-4fa8-8601-f5a45f16ca3e
2019-10-19 01:14:35,517 [grpc-default-executor-10] INFO  impl.RoleInfo (RoleInfo.java:shutdownFollowerState(121)) - 88be3607-7667-471c-9070-7dfd13eb5ac8: shutdown FollowerState
2019-10-19 01:14:35,517 [grpc-default-executor-3] INFO  impl.RoleInfo (RoleInfo.java:shutdownFollowerState(121)) - 61d14648-e80d-4cd8-9e7c-6deb2f21aca8: shutdown FollowerState
2019-10-19 01:14:35,517 [grpc-default-executor-9] INFO  impl.RaftServerImpl (RaftServerImpl.java:setRole(184)) - 61d0b7dc-5f8b-422f-8693-c58167224d24@group-20FCFA0487C4: changes role from  FOLLOWER to FOLLOWER at term 106 for recognizeCandidate:9c2d914d-67b1-4af9-8080-4d6ee007b506
2019-10-19 01:14:35,517 [grpc-default-executor-9] INFO  impl.RoleInfo (RoleInfo.java:shutdownFollowerState(121)) - 61d0b7dc-5f8b-422f-8693-c58167224d24: shutdown FollowerState
2019-10-19 01:14:35,517 [Thread-7637] INFO  impl.FollowerState (FollowerState.java:run(117)) - 61d14648-e80d-4cd8-9e7c-6deb2f21aca8@group-A3037D40E172-FollowerState was interrupted: java.lang.InterruptedException: sleep interrupted
2019-10-19 01:14:35,517 [grpc-default-executor-3] INFO  impl.RoleInfo (RoleInfo.java:updateAndGet(143)) - 61d14648-e80d-4cd8-9e7c-6deb2f21aca8: start FollowerState
2019-10-19 01:14:35,518 [grpc-default-executor-5] INFO  impl.RaftServerImpl (RaftServerImpl.java:setRole(184)) - 2543ffea-c5c6-4af0-856f-eb846bad755a@group-A3037D40E172: changes role from  FOLLOWER to FOLLOWER at term 108 for recognizeCandidate:f143d5cf-4038-4fa8-8601-f5a45f16ca3e
2019-10-19 01:14:35,518 [grpc-default-executor-5] INFO  impl.RoleInfo (RoleInfo.java:shutdownFollowerState(121)) - 2543ffea-c5c6-4af0-856f-eb846bad755a: shutdown FollowerState
2019-10-19 01:14:35,517 [Thread-7635] INFO  impl.FollowerState (FollowerState.java:run(117)) - 88be3607-7667-471c-9070-7dfd13eb5ac8@group-20FCFA0487C4-FollowerState was interrupted: java.lang.InterruptedException: sleep interrupted
2019-10-19 01:14:35,517 [grpc-default-executor-10] INFO  impl.RoleInfo (RoleInfo.java:updateAndGet(143)) - 88be3607-7667-471c-9070-7dfd13eb5ac8: start FollowerState
2019-10-19 01:14:35,518 [Thread-7636] INFO  impl.FollowerState (FollowerState.java:run(117)) - 2543ffea-c5c6-4af0-856f-eb846bad755a@group-A3037D40E172-FollowerState was interrupted: java.lang.InterruptedException: sleep interrupted
2019-10-19 01:14:35,518 [grpc-default-executor-5] INFO  impl.RoleInfo (RoleInfo.java:updateAndGet(143)) - 2543ffea-c5c6-4af0-856f-eb846bad755a: start FollowerState
2019-10-19 01:14:35,518 [Thread-7638] INFO  impl.FollowerState (FollowerState.java:run(117)) - 61d0b7dc-5f8b-422f-8693-c58167224d24@group-20FCFA0487C4-FollowerState was interrupted: java.lang.InterruptedException: sleep interrupted
2019-10-19 01:14:35,518 [grpc-default-executor-9] INFO  impl.RoleInfo (RoleInfo.java:updateAndGet(143)) - 61d0b7dc-5f8b-422f-8693-c58167224d24: start FollowerState
2019-10-19 01:14:35,531 [9c2d914d-67b1-4af9-8080-4d6ee007b506@group-20FCFA0487C4-LeaderElection814] INFO  impl.LeaderElection (LeaderElection.java:logAndReturn(56)) - 9c2d914d-67b1-4af9-8080-4d6ee007b506@group-20FCFA0487C4-LeaderElection814: Election REJECTED; received 2 response(s) [9c2d914d-67b1-4af9-8080-4d6ee007b506<-88be3607-7667-471c-9070-7dfd13eb5ac8#0:FAIL-t106, 9c2d914d-67b1-4af9-8080-4d6ee007b506<-61d0b7dc-5f8b-422f-8693-c58167224d24#0:FAIL-t106] and 0 exception(s); 9c2d914d-67b1-4af9-8080-4d6ee007b506@group-20FCFA0487C4:t106, leader=null, voted=9c2d914d-67b1-4af9-8080-4d6ee007b506, raftlog=9c2d914d-67b1-4af9-8080-4d6ee007b506@group-20FCFA0487C4-SegmentedRaftLog:OPENED:c-1,f-1,i0, conf=-1: [88be3607-7667-471c-9070-7dfd13eb5ac8:192.168.69.71:32925, 9c2d914d-67b1-4af9-8080-4d6ee007b506:192.168.69.71:35462, 61d0b7dc-5f8b-422f-8693-c58167224d24:192.168.69.71:43479], old=null
2019-10-19 01:14:35,531 [f143d5cf-4038-4fa8-8601-f5a45f16ca3e@group-A3037D40E172-LeaderElection813] INFO  impl.LeaderElection (LeaderElection.java:logAndReturn(56)) - f143d5cf-4038-4fa8-8601-f5a45f16ca3e@group-A3037D40E172-LeaderElection813: Election REJECTED; received 2 response(s) [f143d5cf-4038-4fa8-8601-f5a45f16ca3e<-2543ffea-c5c6-4af0-856f-eb846bad755a#0:FAIL-t108, f143d5cf-4038-4fa8-8601-f5a45f16ca3e<-61d14648-e80d-4cd8-9e7c-6deb2f21aca8#0:FAIL-t108] and 0 exception(s); f143d5cf-4038-4fa8-8601-f5a45f16ca3e@group-A3037D40E172:t108, leader=null, voted=f143d5cf-4038-4fa8-8601-f5a45f16ca3e, raftlog=f143d5cf-4038-4fa8-8601-f5a45f16ca3e@group-A3037D40E172-SegmentedRaftLog:OPENED:c-1,f-1,i0, conf=-1: [f143d5cf-4038-4fa8-8601-f5a45f16ca3e:192.168.69.71:40169, 2543ffea-c5c6-4af0-856f-eb846bad755a:192.168.69.71:45287, 61d14648-e80d-4cd8-9e7c-6deb2f21aca8:192.168.69.71:42247], old=null
2019-10-19 01:14:35,531 [9c2d914d-67b1-4af9-8080-4d6ee007b506@group-20FCFA0487C4-LeaderElection814] INFO  impl.RaftServerImpl (RaftServerImpl.java:setRole(184)) - 9c2d914d-67b1-4af9-8080-4d6ee007b506@group-20FCFA0487C4: changes role from CANDIDATE to FOLLOWER at term 106 for DISCOVERED_A_NEW_TERM
2019-10-19 01:14:35,532 [f143d5cf-4038-4fa8-8601-f5a45f16ca3e@group-A3037D40E172-LeaderElection813] INFO  impl.RaftServerImpl (RaftServerImpl.java:setRole(184)) - f143d5cf-4038-4fa8-8601-f5a45f16ca3e@group-A3037D40E172: changes role from CANDIDATE to FOLLOWER at term 108 for DISCOVERED_A_NEW_TERM
2019-10-19 01:14:35,532 [9c2d914d-67b1-4af9-8080-4d6ee007b506@group-20FCFA0487C4-LeaderElection814] INFO  impl.RoleInfo (RoleInfo.java:shutdownLeaderElection(134)) - 9c2d914d-67b1-4af9-8080-4d6ee007b506: shutdown LeaderElection
2019-10-19 01:14:35,532 [f143d5cf-4038-4fa8-8601-f5a45f16ca3e@group-A3037D40E172-LeaderElection813] INFO  impl.RoleInfo (RoleInfo.java:shutdownLeaderElection(134)) - f143d5cf-4038-4fa8-8601-f5a45f16ca3e: shutdown LeaderElection
2019-10-19 01:14:35,532 [9c2d914d-67b1-4af9-8080-4d6ee007b506@group-20FCFA0487C4-LeaderElection814] INFO  impl.RoleInfo (RoleInfo.java:updateAndGet(143)) - 9c2d914d-67b1-4af9-8080-4d6ee007b506: start FollowerState
2019-10-19 01:14:35,532 [f143d5cf-4038-4fa8-8601-f5a45f16ca3e@group-A3037D40E172-LeaderElection813] INFO  impl.RoleInfo (RoleInfo.java:updateAndGet(143)) - f143d5cf-4038-4fa8-8601-f5a45f16ca3e: start FollowerState
2019-10-19 01:14:35,616 [Thread-7652] INFO  impl.FollowerState (FollowerState.java:run(108)) - f143d5cf-4038-4fa8-8601-f5a45f16ca3e@group-A3037D40E172-FollowerState: change to CANDIDATE, lastRpcTime:84ms, electionTimeout:84ms
2019-10-19 01:14:35,616 [Thread-7652] INFO  impl.RoleInfo (RoleInfo.java:shutdownFollowerState(121)) - f143d5cf-4038-4fa8-8601-f5a45f16ca3e: shutdown FollowerState
2019-10-19 01:14:35,616 [Thread-7652] INFO  impl.RaftServerImpl (RaftServerImpl.java:setRole(184)) - f143d5cf-4038-4fa8-8601-f5a45f16ca3e@group-A3037D40E172: changes role from  FOLLOWER to CANDIDATE at term 108 for changeToCandidate
2019-10-19 01:14:35,617 [Thread-7652] INFO  impl.RoleInfo (RoleInfo.java:updateAndGet(143)) - f143d5cf-4038-4fa8-8601-f5a45f16ca3e: start LeaderElection
2019-10-19 01:14:35,630 [f143d5cf-4038-4fa8-8601-f5a45f16ca3e@group-A3037D40E172-LeaderElection815] INFO  impl.LeaderElection (LeaderElection.java:askForVotes(178)) - f143d5cf-4038-4fa8-8601-f5a45f16ca3e@group-A3037D40E172-LeaderElection815: begin an election at term 109 for -1: [f143d5cf-4038-4fa8-8601-f5a45f16ca3e:192.168.69.71:40169, 2543ffea-c5c6-4af0-856f-eb846bad755a:192.168.69.71:45287, 61d14648-e80d-4cd8-9e7c-6deb2f21aca8:192.168.69.71:42247], old=null
2019-10-19 01:14:35,632 [grpc-default-executor-10] INFO  impl.RaftServerImpl (RaftServerImpl.java:setRole(184)) - 2543ffea-c5c6-4af0-856f-eb846bad755a@group-A3037D40E172: changes role from  FOLLOWER to FOLLOWER at term 109 for recognizeCandidate:f143d5cf-4038-4fa8-8601-f5a45f16ca3e
2019-10-19 01:14:35,632 [grpc-default-executor-10] INFO  impl.RoleInfo (RoleInfo.java:shutdownFollowerState(121)) - 2543ffea-c5c6-4af0-856f-eb846bad755a: shutdown FollowerState
2019-10-19 01:14:35,632 [grpc-default-executor-9] INFO  impl.RaftServerImpl (RaftServerImpl.java:setRole(184)) - 61d14648-e80d-4cd8-9e7c-6deb2f21aca8@group-A3037D40E172: changes role from  FOLLOWER to FOLLOWER at term 109 for recognizeCandidate:f143d5cf-4038-4fa8-8601-f5a45f16ca3e
2019-10-19 01:14:35,632 [Thread-7650] INFO  impl.FollowerState (FollowerState.java:run(117)) - 2543ffea-c5c6-4af0-856f-eb846bad755a@group-A3037D40E172-FollowerState was interrupted: java.lang.InterruptedException: sleep interrupted
2019-10-19 01:14:35,632 [grpc-default-executor-10] INFO  impl.RoleInfo (RoleInfo.java:updateAndGet(143)) - 2543ffea-c5c6-4af0-856f-eb846bad755a: start FollowerState
2019-10-19 01:14:35,632 [grpc-default-executor-9] INFO  impl.RoleInfo (RoleInfo.java:shutdownFollowerState(121)) - 61d14648-e80d-4cd8-9e7c-6deb2f21aca8: shutdown FollowerState
2019-10-19 01:14:35,632 [grpc-default-executor-9] INFO  impl.RoleInfo (RoleInfo.java:updateAndGet(143)) - 61d14648-e80d-4cd8-9e7c-6deb2f21aca8: start FollowerState
2019-10-19 01:14:35,632 [Thread-7648] INFO  impl.FollowerState (FollowerState.java:run(117)) - 61d14648-e80d-4cd8-9e7c-6deb2f21aca8@group-A3037D40E172-FollowerState was interrupted: java.lang.InterruptedException: sleep interrupted
2019-10-19 01:14:35,646 [f143d5cf-4038-4fa8-8601-f5a45f16ca3e@group-A3037D40E172-LeaderElection815] INFO  impl.LeaderElection (LeaderElection.java:logAndReturn(56)) - f143d5cf-4038-4fa8-8601-f5a45f16ca3e@group-A3037D40E172-LeaderElection815: Election REJECTED; received 2 response(s) [f143d5cf-4038-4fa8-8601-f5a45f16ca3e<-2543ffea-c5c6-4af0-856f-eb846bad755a#0:FAIL-t109, f143d5cf-4038-4fa8-8601-f5a45f16ca3e<-61d14648-e80d-4cd8-9e7c-6deb2f21aca8#0:FAIL-t109] and 0 exception(s); f143d5cf-4038-4fa8-8601-f5a45f16ca3e@group-A3037D40E172:t109, leader=null, voted=f143d5cf-4038-4fa8-8601-f5a45f16ca3e, raftlog=f143d5cf-4038-4fa8-8601-f5a45f16ca3e@group-A3037D40E172-SegmentedRaftLog:OPENED:c-1,f-1,i0, conf=-1: [f143d5cf-4038-4fa8-8601-f5a45f16ca3e:192.168.69.71:40169, 2543ffea-c5c6-4af0-856f-eb846bad755a:192.168.69.71:45287, 61d14648-e80d-4cd8-9e7c-6deb2f21aca8:192.168.69.71:42247], old=null
2019-10-19 01:14:35,646 [f143d5cf-4038-4fa8-8601-f5a45f16ca3e@group-A3037D40E172-LeaderElection815] INFO  impl.RaftServerImpl (RaftServerImpl.java:setRole(184)) - f143d5cf-4038-4fa8-8601-f5a45f16ca3e@group-A3037D40E172: changes role from CANDIDATE to FOLLOWER at term 109 for DISCOVERED_A_NEW_TERM
2019-10-19 01:14:35,646 [f143d5cf-4038-4fa8-8601-f5a45f16ca3e@group-A3037D40E172-LeaderElection815] INFO  impl.RoleInfo (RoleInfo.java:shutdownLeaderElection(134)) - f143d5cf-4038-4fa8-8601-f5a45f16ca3e: shutdown LeaderElection
2019-10-19 01:14:35,646 [f143d5cf-4038-4fa8-8601-f5a45f16ca3e@group-A3037D40E172-LeaderElection815] INFO  impl.RoleInfo (RoleInfo.java:updateAndGet(143)) - f143d5cf-4038-4fa8-8601-f5a45f16ca3e: start FollowerState
2019-10-19 01:14:35,678 [Thread-7651] INFO  impl.FollowerState (FollowerState.java:run(108)) - 9c2d914d-67b1-4af9-8080-4d6ee007b506@group-20FCFA0487C4-FollowerState: change to CANDIDATE, lastRpcTime:146ms, electionTimeout:146ms
2019-10-19 01:14:35,678 [Thread-7651] INFO  impl.RoleInfo (RoleInfo.java:shutdownFollowerState(121)) - 9c2d914d-67b1-4af9-8080-4d6ee007b506: shutdown FollowerState
2019-10-19 01:14:35,678 [Thread-7651] INFO  impl.RaftServerImpl (RaftServerImpl.java:setRole(184)) - 9c2d914d-67b1-4af9-8080-4d6ee007b506@group-20FCFA0487C4: changes role from  FOLLOWER to CANDIDATE at term 106 for changeToCandidate
2019-10-19 01:14:35,678 [Thread-7651] INFO  impl.RoleInfo (RoleInfo.java:updateAndGet(143)) - 9c2d914d-67b1-4af9-8080-4d6ee007b506: start LeaderElection
2019-10-19 01:14:35,691 [9c2d914d-67b1-4af9-8080-4d6ee007b506@group-20FCFA0487C4-LeaderElection816] INFO  impl.LeaderElection (LeaderElection.java:askForVotes(178)) - 9c2d914d-67b1-4af9-8080-4d6ee007b506@group-20FCFA0487C4-LeaderElection816: begin an election at term 107 for -1: [88be3607-7667-471c-9070-7dfd13eb5ac8:192.168.69.71:32925, 9c2d914d-67b1-4af9-8080-4d6ee007b506:192.168.69.71:35462, 61d0b7dc-5f8b-422f-8693-c58167224d24:192.168.69.71:43479], old=null
2019-10-19 01:14:35,692 [grpc-default-executor-10] INFO  impl.RaftServerImpl (RaftServerImpl.java:setRole(184)) - 88be3607-7667-471c-9070-7dfd13eb5ac8@group-20FCFA0487C4: changes role from  FOLLOWER to FOLLOWER at term 107 for recognizeCandidate:9c2d914d-67b1-4af9-8080-4d6ee007b506
2019-10-19 01:14:35,692 [grpc-default-executor-10] INFO  impl.RoleInfo (RoleInfo.java:shutdownFollowerState(121)) - 88be3607-7667-471c-9070-7dfd13eb5ac8: shutdown FollowerState
2019-10-19 01:14:35,692 [grpc-default-executor-10] INFO  impl.RoleInfo (RoleInfo.java:updateAndGet(143)) - 88be3607-7667-471c-9070-7dfd13eb5ac8: start FollowerState
2019-10-19 01:14:35,692 [Thread-7647] INFO  impl.FollowerState (FollowerState.java:run(117)) - 88be3607-7667-471c-9070-7dfd13eb5ac8@group-20FCFA0487C4-FollowerState was interrupted: java.lang.InterruptedException: sleep interrupted
2019-10-19 01:14:35,692 [grpc-default-executor-9] INFO  impl.RaftServerImpl (RaftServerImpl.java:setRole(184)) - 61d0b7dc-5f8b-422f-8693-c58167224d24@group-20FCFA0487C4: changes role from  FOLLOWER to FOLLOWER at term 107 for recognizeCandidate:9c2d914d-67b1-4af9-8080-4d6ee007b506
2019-10-19 01:14:35,692 [grpc-default-executor-9] INFO  impl.RoleInfo (RoleInfo.java:shutdownFollowerState(121)) - 61d0b7dc-5f8b-422f-8693-c58167224d24: shutdown FollowerState
2019-10-19 01:14:35,692 [grpc-default-executor-9] INFO  impl.RoleInfo (RoleInfo.java:updateAndGet(143)) - 61d0b7dc-5f8b-422f-8693-c58167224d24: start FollowerState
2019-10-19 01:14:35,693 [Thread-7649] INFO  impl.FollowerState (FollowerState.java:run(117)) - 61d0b7dc-5f8b-422f-8693-c58167224d24@group-20FCFA0487C4-FollowerState was interrupted: java.lang.InterruptedException: sleep interrupted
2019-10-19 01:14:35,702 [9c2d914d-67b1-4af9-8080-4d6ee007b506@group-20FCFA0487C4-LeaderElection816] INFO  impl.LeaderElection (LeaderElection.java:logAndReturn(56)) - 9c2d914d-67b1-4af9-8080-4d6ee007b506@group-20FCFA0487C4-LeaderElection816: Election TIMEOUT; received 0 response(s) [] and 0 exception(s); 9c2d914d-67b1-4af9-8080-4d6ee007b506@group-20FCFA0487C4:t107, leader=null, voted=9c2d914d-67b1-4af9-8080-4d6ee007b506, raftlog=9c2d914d-67b1-4af9-8080-4d6ee007b506@group-20FCFA0487C4-SegmentedRaftLog:OPENED:c-1,f-1,i0, conf=-1: [88be3607-7667-471c-9070-7dfd13eb5ac8:192.168.69.71:32925, 9c2d914d-67b1-4af9-8080-4d6ee007b506:192.168.69.71:35462, 61d0b7dc-5f8b-422f-8693-c58167224d24:192.168.69.71:43479], old=null
2019-10-19 01:14:35,713 [9c2d914d-67b1-4af9-8080-4d6ee007b506@group-20FCFA0487C4-LeaderElection816] INFO  impl.LeaderElection (LeaderElection.java:askForVotes(178)) - 9c2d914d-67b1-4af9-8080-4d6ee007b506@group-20FCFA0487C4-LeaderElection816: begin an election at term 108 for -1: [88be3607-7667-471c-9070-7dfd13eb5ac8:192.168.69.71:32925, 9c2d914d-67b1-4af9-8080-4d6ee007b506:192.168.69.71:35462, 61d0b7dc-5f8b-422f-8693-c58167224d24:192.168.69.71:43479], old=null
2019-10-19 01:14:35,714 [grpc-default-executor-9] INFO  impl.RaftServerImpl (RaftServerImpl.java:setRole(184)) - 88be3607-7667-471c-9070-7dfd13eb5ac8@group-20FCFA0487C4: changes role from  FOLLOWER to FOLLOWER at term 108 for recognizeCandidate:9c2d914d-67b1-4af9-8080-4d6ee007b506
2019-10-19 01:14:35,714 [grpc-default-executor-9] INFO  impl.RoleInfo (RoleInfo.java:shutdownFollowerState(121)) - 88be3607-7667-471c-9070-7dfd13eb5ac8: shutdown FollowerState
2019-10-19 01:14:35,714 [grpc-default-executor-9] INFO  impl.RoleInfo (RoleInfo.java:updateAndGet(143)) - 88be3607-7667-471c-9070-7dfd13eb5ac8: start FollowerState
2019-10-19 01:14:35,714 [grpc-default-executor-10] INFO  impl.RaftServerImpl (RaftServerImpl.java:setRole(184)) - 61d0b7dc-5f8b-422f-8693-c58167224d24@group-20FCFA0487C4: changes role from  FOLLOWER to FOLLOWER at term 108 for recognizeCandidate:9c2d914d-67b1-4af9-8080-4d6ee007b506
2019-10-19 01:14:35,714 [grpc-default-executor-10] INFO  impl.RoleInfo (RoleInfo.java:shutdownFollowerState(121)) - 61d0b7dc-5f8b-422f-8693-c58167224d24: shutdown FollowerState
2019-10-19 01:14:35,714 [Thread-7664] INFO  impl.FollowerState (FollowerState.java:run(117)) - 88be3607-7667-471c-9070-7dfd13eb5ac8@group-20FCFA0487C4-FollowerState was interrupted: java.lang.InterruptedException: sleep interrupted
2019-10-19 01:14:35,714 [Thread-7665] INFO  impl.FollowerState (FollowerState.java:run(117)) - 61d0b7dc-5f8b-422f-8693-c58167224d24@group-20FCFA0487C4-FollowerState was interrupted: java.lang.InterruptedException: sleep interrupted
2019-10-19 01:14:35,714 [grpc-default-executor-10] INFO  impl.RoleInfo (RoleInfo.java:updateAndGet(143)) - 61d0b7dc-5f8b-422f-8693-c58167224d24: start FollowerState
2019-10-19 01:14:35,722 [9c2d914d-67b1-4af9-8080-4d6ee007b506@group-20FCFA0487C4-LeaderElection816] INFO  impl.LeaderElection (LeaderElection.java:logAndReturn(56)) - 9c2d914d-67b1-4af9-8080-4d6ee007b506@group-20FCFA0487C4-LeaderElection816: Election REJECTED; received 2 response(s) [9c2d914d-67b1-4af9-8080-4d6ee007b506<-88be3607-7667-471c-9070-7dfd13eb5ac8#0:FAIL-t108, 9c2d914d-67b1-4af9-8080-4d6ee007b506<-61d0b7dc-5f8b-422f-8693-c58167224d24#0:FAIL-t108] and 0 exception(s); 9c2d914d-67b1-4af9-8080-4d6ee007b506@group-20FCFA0487C4:t108, leader=null, voted=9c2d914d-67b1-4af9-8080-4d6ee007b506, raftlog=9c2d914d-67b1-4af9-8080-4d6ee007b506@group-20FCFA0487C4-SegmentedRaftLog:OPENED:c-1,f-1,i0, conf=-1: [88be3607-7667-471c-9070-7dfd13eb5ac8:192.168.69.71:32925, 9c2d914d-67b1-4af9-8080-4d6ee007b506:192.168.69.71:35462, 61d0b7dc-5f8b-422f-8693-c58167224d24:192.168.69.71:43479], old=null
2019-10-19 01:14:35,722 [9c2d914d-67b1-4af9-8080-4d6ee007b506@group-20FCFA0487C4-LeaderElection816] INFO  impl.RaftServerImpl (RaftServerImpl.java:setRole(184)) - 9c2d914d-67b1-4af9-8080-4d6ee007b506@group-20FCFA0487C4: changes role from CANDIDATE to FOLLOWER at term 108 for DISCOVERED_A_NEW_TERM
2019-10-19 01:14:35,722 [9c2d914d-67b1-4af9-8080-4d6ee007b506@group-20FCFA0487C4-LeaderElection816] INFO  impl.RoleInfo (RoleInfo.java:shutdownLeaderElection(134)) - 9c2d914d-67b1-4af9-8080-4d6ee007b506: shutdown LeaderElection
2019-10-19 01:14:35,722 [9c2d914d-67b1-4af9-8080-4d6ee007b506@group-20FCFA0487C4-LeaderElection816] INFO  impl.RoleInfo (RoleInfo.java:updateAndGet(143)) - 9c2d914d-67b1-4af9-8080-4d6ee007b506: start FollowerState
2019-10-19 01:14:35,728 [Thread-7660] INFO  impl.FollowerState (FollowerState.java:run(108)) - f143d5cf-4038-4fa8-8601-f5a45f16ca3e@group-A3037D40E172-FollowerState: change to CANDIDATE, lastRpcTime:81ms, electionTimeout:81ms
2019-10-19 01:14:35,728 [Thread-7660] INFO  impl.RoleInfo (RoleInfo.java:shutdownFollowerState(121)) - f143d5cf-4038-4fa8-8601-f5a45f16ca3e: shutdown FollowerState
2019-10-19 01:14:35,728 [Thread-7660] INFO  impl.RaftServerImpl (RaftServerImpl.java:setRole(184)) - f143d5cf-4038-4fa8-8601-f5a45f16ca3e@group-A3037D40E172: changes role from  FOLLOWER to CANDIDATE at term 109 for changeToCandidate
2019-10-19 01:14:35,728 [Thread-7660] INFO  impl.RoleInfo (RoleInfo.java:updateAndGet(143)) - f143d5cf-4038-4fa8-8601-f5a45f16ca3e: start LeaderElection
2019-10-19 01:14:35,741 [f143d5cf-4038-4fa8-8601-f5a45f16ca3e@group-A3037D40E172-LeaderElection817] INFO  impl.LeaderElection (LeaderElection.java:askForVotes(178)) - f143d5cf-4038-4fa8-8601-f5a45f16ca3e@group-A3037D40E172-LeaderElection817: begin an election at term 110 for -1: [f143d5cf-4038-4fa8-8601-f5a45f16ca3e:192.168.69.71:40169, 2543ffea-c5c6-4af0-856f-eb846bad755a:192.168.69.71:45287, 61d14648-e80d-4cd8-9e7c-6deb2f21aca8:192.168.69.71:42247], old=null
2019-10-19 01:14:35,742 [grpc-default-executor-9] INFO  impl.RaftServerImpl (RaftServerImpl.java:setRole(184)) - 2543ffea-c5c6-4af0-856f-eb846bad755a@group-A3037D40E172: changes role from  FOLLOWER to FOLLOWER at term 110 for recognizeCandidate:f143d5cf-4038-4fa8-8601-f5a45f16ca3e
2019-10-19 01:14:35,742 [grpc-default-executor-9] INFO  impl.RoleInfo (RoleInfo.java:shutdownFollowerState(121)) - 2543ffea-c5c6-4af0-856f-eb846bad755a: shutdown FollowerState
2019-10-19 01:14:35,742 [grpc-default-executor-9] INFO  impl.RoleInfo (RoleInfo.java:updateAndGet(143)) - 2543ffea-c5c6-4af0-856f-eb846bad755a: start FollowerState
2019-10-19 01:14:35,742 [Thread-7656] INFO  impl.FollowerState (FollowerState.java:run(117)) - 2543ffea-c5c6-4af0-856f-eb846bad755a@group-A3037D40E172-FollowerState was interrupted: java.lang.InterruptedException: sleep interrupted
2019-10-19 01:14:35,743 [grpc-default-executor-10] INFO  impl.RaftServerImpl (RaftServerImpl.java:setRole(184)) - 61d14648-e80d-4cd8-9e7c-6deb2f21aca8@group-A3037D40E172: changes role from  FOLLOWER to FOLLOWER at term 110 for recognizeCandidate:f143d5cf-4038-4fa8-8601-f5a45f16ca3e
2019-10-19 01:14:35,743 [grpc-default-executor-10] INFO  impl.RoleInfo (RoleInfo.java:shutdownFollowerState(121)) - 61d14648-e80d-4cd8-9e7c-6deb2f21aca8: shutdown FollowerState
2019-10-19 01:14:35,743 [grpc-default-executor-10] INFO  impl.RoleInfo (RoleInfo.java:updateAndGet(143)) - 61d14648-e80d-4cd8-9e7c-6deb2f21aca8: start FollowerState
2019-10-19 01:14:35,743 [Thread-7657] INFO  impl.FollowerState (FollowerState.java:run(117)) - 61d14648-e80d-4cd8-9e7c-6deb2f21aca8@group-A3037D40E172-FollowerState was interrupted: java.lang.InterruptedException: sleep interrupted
2019-10-19 01:14:35,757 [f143d5cf-4038-4fa8-8601-f5a45f16ca3e@group-A3037D40E172-LeaderElection817] INFO  impl.LeaderElection (LeaderElection.java:logAndReturn(56)) - f143d5cf-4038-4fa8-8601-f5a45f16ca3e@group-A3037D40E172-LeaderElection817: Election REJECTED; received 2 response(s) [f143d5cf-4038-4fa8-8601-f5a45f16ca3e<-2543ffea-c5c6-4af0-856f-eb846bad755a#0:FAIL-t110, f143d5cf-4038-4fa8-8601-f5a45f16ca3e<-61d14648-e80d-4cd8-9e7c-6deb2f21aca8#0:FAIL-t110] and 0 exception(s); f143d5cf-4038-4fa8-8601-f5a45f16ca3e@group-A3037D40E172:t110, leader=null, voted=f143d5cf-4038-4fa8-8601-f5a45f16ca3e, raftlog=f143d5cf-4038-4fa8-8601-f5a45f16ca3e@group-A3037D40E172-SegmentedRaftLog:OPENED:c-1,f-1,i0, conf=-1: [f143d5cf-4038-4fa8-8601-f5a45f16ca3e:192.168.69.71:40169, 2543ffea-c5c6-4af0-856f-eb846bad755a:192.168.69.71:45287, 61d14648-e80d-4cd8-9e7c-6deb2f21aca8:192.168.69.71:42247], old=null
2019-10-19 01:14:35,757 [f143d5cf-4038-4fa8-8601-f5a45f16ca3e@group-A3037D40E172-LeaderElection817] INFO  impl.RaftServerImpl (RaftServerImpl.java:setRole(184)) - f143d5cf-4038-4fa8-8601-f5a45f16ca3e@group-A3037D40E172: changes role from CANDIDATE to FOLLOWER at term 110 for DISCOVERED_A_NEW_TERM
2019-10-19 01:14:35,757 [f143d5cf-4038-4fa8-8601-f5a45f16ca3e@group-A3037D40E172-LeaderElection817] INFO  impl.RoleInfo (RoleInfo.java:shutdownLeaderElection(134)) - f143d5cf-4038-4fa8-8601-f5a45f16ca3e: shutdown LeaderElection
2019-10-19 01:14:35,757 [f143d5cf-4038-4fa8-8601-f5a45f16ca3e@group-A3037D40E172-LeaderElection817] INFO  impl.RoleInfo (RoleInfo.java:updateAndGet(143)) - f143d5cf-4038-4fa8-8601-f5a45f16ca3e: start FollowerState
2019-10-19 01:14:35,788 [Thread-7676] INFO  impl.FollowerState (FollowerState.java:run(108)) - f143d5cf-4038-4fa8-8601-f5a45f16ca3e@group-A3037D40E172-FollowerState: change to CANDIDATE, lastRpcTime:31ms, electionTimeout:31ms
2019-10-19 01:14:35,788 [Thread-7676] INFO  impl.RoleInfo (RoleInfo.java:shutdownFollowerState(121)) - f143d5cf-4038-4fa8-8601-f5a45f16ca3e: shutdown FollowerState
2019-10-19 01:14:35,789 [Thread-7676] INFO  impl.RaftServerImpl (RaftServerImpl.java:setRole(184)) - f143d5cf-4038-4fa8-8601-f5a45f16ca3e@group-A3037D40E172: changes role from  FOLLOWER to CANDIDATE at term 110 for changeToCandidate
2019-10-19 01:14:35,789 [Thread-7676] INFO  impl.RoleInfo (RoleInfo.java:updateAndGet(143)) - f143d5cf-4038-4fa8-8601-f5a45f16ca3e: start LeaderElection
2019-10-19 01:14:35,802 [f143d5cf-4038-4fa8-8601-f5a45f16ca3e@group-A3037D40E172-LeaderElection818] INFO  impl.LeaderElection (LeaderElection.java:askForVotes(178)) - f143d5cf-4038-4fa8-8601-f5a45f16ca3e@group-A3037D40E172-LeaderElection818: begin an election at term 111 for -1: [f143d5cf-4038-4fa8-8601-f5a45f16ca3e:192.168.69.71:40169, 2543ffea-c5c6-4af0-856f-eb846bad755a:192.168.69.71:45287, 61d14648-e80d-4cd8-9e7c-6deb2f21aca8:192.168.69.71:42247], old=null
2019-10-19 01:14:35,804 [grpc-default-executor-10] INFO  impl.RaftServerImpl (RaftServerImpl.java:setRole(184)) - 2543ffea-c5c6-4af0-856f-eb846bad755a@group-A3037D40E172: changes role from  FOLLOWER to FOLLOWER at term 111 for recognizeCandidate:f143d5cf-4038-4fa8-8601-f5a45f16ca3e
2019-10-19 01:14:35,804 [grpc-default-executor-10] INFO  impl.RoleInfo (RoleInfo.java:shutdownFollowerState(121)) - 2543ffea-c5c6-4af0-856f-eb846bad755a: shutdown FollowerState
2019-10-19 01:14:35,804 [grpc-default-executor-9] INFO  impl.RaftServerImpl (RaftServerImpl.java:setRole(184)) - 61d14648-e80d-4cd8-9e7c-6deb2f21aca8@group-A3037D40E172: changes role from  FOLLOWER to FOLLOWER at term 111 for recognizeCandidate:f143d5cf-4038-4fa8-8601-f5a45f16ca3e
2019-10-19 01:14:35,804 [grpc-default-executor-9] INFO  impl.RoleInfo (RoleInfo.java:shutdownFollowerState(121)) - 61d14648-e80d-4cd8-9e7c-6deb2f21aca8: shutdown FollowerState
2019-10-19 01:14:35,804 [grpc-default-executor-9] INFO  impl.RoleInfo (RoleInfo.java:updateAndGet(143)) - 61d14648-e80d-4cd8-9e7c-6deb2f21aca8: start FollowerState
2019-10-19 01:14:35,804 [Thread-7674] INFO  impl.FollowerState (FollowerState.java:run(117)) - 2543ffea-c5c6-4af0-856f-eb846bad755a@group-A3037D40E172-FollowerState was interrupted: java.lang.InterruptedException: sleep interrupted
2019-10-19 01:14:35,804 [grpc-default-executor-10] INFO  impl.RoleInfo (RoleInfo.java:updateAndGet(143)) - 2543ffea-c5c6-4af0-856f-eb846bad755a: start FollowerState
2019-10-19 01:14:35,804 [Thread-7675] INFO  impl.FollowerState (FollowerState.java:run(117)) - 61d14648-e80d-4cd8-9e7c-6deb2f21aca8@group-A3037D40E172-FollowerState was interrupted: java.lang.InterruptedException: sleep interrupted
2019-10-19 01:14:35,818 [f143d5cf-4038-4fa8-8601-f5a45f16ca3e@group-A3037D40E172-LeaderElection818] INFO  impl.LeaderElection (LeaderElection.java:logAndReturn(56)) - f143d5cf-4038-4fa8-8601-f5a45f16ca3e@group-A3037D40E172-LeaderElection818: Election REJECTED; received 2 response(s) [f143d5cf-4038-4fa8-8601-f5a45f16ca3e<-2543ffea-c5c6-4af0-856f-eb846bad755a#0:FAIL-t111, f143d5cf-4038-4fa8-8601-f5a45f16ca3e<-61d14648-e80d-4cd8-9e7c-6deb2f21aca8#0:FAIL-t111] and 0 exception(s); f143d5cf-4038-4fa8-8601-f5a45f16ca3e@group-A3037D40E172:t111, leader=null, voted=f143d5cf-4038-4fa8-8601-f5a45f16ca3e, raftlog=f143d5cf-4038-4fa8-8601-f5a45f16ca3e@group-A3037D40E172-SegmentedRaftLog:OPENED:c-1,f-1,i0, conf=-1: [f143d5cf-4038-4fa8-8601-f5a45f16ca3e:192.168.69.71:40169, 2543ffea-c5c6-4af0-856f-eb846bad755a:192.168.69.71:45287, 61d14648-e80d-4cd8-9e7c-6deb2f21aca8:192.168.69.71:42247], old=null
2019-10-19 01:14:35,818 [f143d5cf-4038-4fa8-8601-f5a45f16ca3e@group-A3037D40E172-LeaderElection818] INFO  impl.RaftServerImpl (RaftServerImpl.java:setRole(184)) - f143d5cf-4038-4fa8-8601-f5a45f16ca3e@group-A3037D40E172: changes role from CANDIDATE to FOLLOWER at term 111 for DISCOVERED_A_NEW_TERM
2019-10-19 01:14:35,818 [f143d5cf-4038-4fa8-8601-f5a45f16ca3e@group-A3037D40E172-LeaderElection818] INFO  impl.RoleInfo (RoleInfo.java:shutdownLeaderElection(134)) - f143d5cf-4038-4fa8-8601-f5a45f16ca3e: shutdown LeaderElection
2019-10-19 01:14:35,818 [f143d5cf-4038-4fa8-8601-f5a45f16ca3e@group-A3037D40E172-LeaderElection818] INFO  impl.RoleInfo (RoleInfo.java:updateAndGet(143)) - f143d5cf-4038-4fa8-8601-f5a45f16ca3e: start FollowerState
2019-10-19 01:14:35,834 [Thread-7682] INFO  impl.FollowerState (FollowerState.java:run(108)) - f143d5cf-4038-4fa8-8601-f5a45f16ca3e@group-A3037D40E172-FollowerState: change to CANDIDATE, lastRpcTime:16ms, electionTimeout:16ms
2019-10-19 01:14:35,834 [Thread-7682] INFO  impl.RoleInfo (RoleInfo.java:shutdownFollowerState(121)) - f143d5cf-4038-4fa8-8601-f5a45f16ca3e: shutdown FollowerState
2019-10-19 01:14:35,834 [Thread-7682] INFO  impl.RaftServerImpl (RaftServerImpl.java:setRole(184)) - f143d5cf-4038-4fa8-8601-f5a45f16ca3e@group-A3037D40E172: changes role from  FOLLOWER to CANDIDATE at term 111 for changeToCandidate
2019-10-19 01:14:35,834 [Thread-7682] INFO  impl.RoleInfo (RoleInfo.java:updateAndGet(143)) - f143d5cf-4038-4fa8-8601-f5a45f16ca3e: start LeaderElection
2019-10-19 01:14:35,848 [f143d5cf-4038-4fa8-8601-f5a45f16ca3e@group-A3037D40E172-LeaderElection819] INFO  impl.LeaderElection (LeaderElection.java:askForVotes(178)) - f143d5cf-4038-4fa8-8601-f5a45f16ca3e@group-A3037D40E172-LeaderElection819: begin an election at term 112 for -1: [f143d5cf-4038-4fa8-8601-f5a45f16ca3e:192.168.69.71:40169, 2543ffea-c5c6-4af0-856f-eb846bad755a:192.168.69.71:45287, 61d14648-e80d-4cd8-9e7c-6deb2f21aca8:192.168.69.71:42247], old=null
2019-10-19 01:14:35,849 [grpc-default-executor-10] INFO  impl.RaftServerImpl (RaftServerImpl.java:setRole(184)) - 61d14648-e80d-4cd8-9e7c-6deb2f21aca8@group-A3037D40E172: changes role from  FOLLOWER to FOLLOWER at term 112 for recognizeCandidate:f143d5cf-4038-4fa8-8601-f5a45f16ca3e
2019-10-19 01:14:35,849 [grpc-default-executor-10] INFO  impl.RoleInfo (RoleInfo.java:shutdownFollowerState(121)) - 61d14648-e80d-4cd8-9e7c-6deb2f21aca8: shutdown FollowerState
2019-10-19 01:14:35,849 [grpc-default-executor-9] INFO  impl.RaftServerImpl (RaftServerImpl.java:setRole(184)) - 2543ffea-c5c6-4af0-856f-eb846bad755a@group-A3037D40E172: changes role from  FOLLOWER to FOLLOWER at term 112 for recognizeCandidate:f143d5cf-4038-4fa8-8601-f5a45f16ca3e
2019-10-19 01:14:35,849 [grpc-default-executor-9] INFO  impl.RoleInfo (RoleInfo.java:shutdownFollowerState(121)) - 2543ffea-c5c6-4af0-856f-eb846bad755a: shutdown FollowerState
2019-10-19 01:14:35,849 [grpc-default-executor-9] INFO  impl.RoleInfo (RoleInfo.java:updateAndGet(143)) - 2543ffea-c5c6-4af0-856f-eb846bad755a: start FollowerState
2019-10-19 01:14:35,849 [Thread-7681] INFO  impl.FollowerState (FollowerState.java:run(117)) - 61d14648-e80d-4cd8-9e7c-6deb2f21aca8@group-A3037D40E172-FollowerState was interrupted: java.lang.InterruptedException: sleep interrupted
2019-10-19 01:14:35,849 [grpc-default-executor-10] INFO  impl.RoleInfo (RoleInfo.java:updateAndGet(143)) - 61d14648-e80d-4cd8-9e7c-6deb2f21aca8: start FollowerState
2019-10-19 01:14:35,849 [Thread-7680] INFO  impl.FollowerState (FollowerState.java:run(117)) - 2543ffea-c5c6-4af0-856f-eb846bad755a@group-A3037D40E172-FollowerState was interrupted: java.lang.InterruptedException: sleep interrupted
2019-10-19 01:14:35,863 [f143d5cf-4038-4fa8-8601-f5a45f16ca3e@group-A3037D40E172-LeaderElection819] INFO  impl.LeaderElection (LeaderElection.java:logAndReturn(56)) - f143d5cf-4038-4fa8-8601-f5a45f16ca3e@group-A3037D40E172-LeaderElection819: Election REJECTED; received 2 response(s) [f143d5cf-4038-4fa8-8601-f5a45f16ca3e<-2543ffea-c5c6-4af0-856f-eb846bad755a#0:FAIL-t112, f143d5cf-4038-4fa8-8601-f5a45f16ca3e<-61d14648-e80d-4cd8-9e7c-6deb2f21aca8#0:FAIL-t112] and 0 exception(s); f143d5cf-4038-4fa8-8601-f5a45f16ca3e@group-A3037D40E172:t112, leader=null, voted=f143d5cf-4038-4fa8-8601-f5a45f16ca3e, raftlog=f143d5cf-4038-4fa8-8601-f5a45f16ca3e@group-A3037D40E172-SegmentedRaftLog:OPENED:c-1,f-1,i0, conf=-1: [f143d5cf-4038-4fa8-8601-f5a45f16ca3e:192.168.69.71:40169, 2543ffea-c5c6-4af0-856f-eb846bad755a:192.168.69.71:45287, 61d14648-e80d-4cd8-9e7c-6deb2f21aca8:192.168.69.71:42247], old=null
2019-10-19 01:14:35,863 [f143d5cf-4038-4fa8-8601-f5a45f16ca3e@group-A3037D40E172-LeaderElection819] INFO  impl.RaftServerImpl (RaftServerImpl.java:setRole(184)) - f143d5cf-4038-4fa8-8601-f5a45f16ca3e@group-A3037D40E172: changes role from CANDIDATE to FOLLOWER at term 112 for DISCOVERED_A_NEW_TERM
2019-10-19 01:14:35,863 [f143d5cf-4038-4fa8-8601-f5a45f16ca3e@group-A3037D40E172-LeaderElection819] INFO  impl.RoleInfo (RoleInfo.java:shutdownLeaderElection(134)) - f143d5cf-4038-4fa8-8601-f5a45f16ca3e: shutdown LeaderElection
2019-10-19 01:14:35,863 [f143d5cf-4038-4fa8-8601-f5a45f16ca3e@group-A3037D40E172-LeaderElection819] INFO  impl.RoleInfo (RoleInfo.java:updateAndGet(143)) - f143d5cf-4038-4fa8-8601-f5a45f16ca3e: start FollowerState
2019-10-19 01:14:35,921 [Thread-7670] INFO  impl.FollowerState (FollowerState.java:run(108)) - 9c2d914d-67b1-4af9-8080-4d6ee007b506@group-20FCFA0487C4-FollowerState: change to CANDIDATE, lastRpcTime:199ms, electionTimeout:199ms
2019-10-19 01:14:35,921 [Thread-7670] INFO  impl.RoleInfo (RoleInfo.java:shutdownFollowerState(121)) - 9c2d914d-67b1-4af9-8080-4d6ee007b506: shutdown FollowerState
2019-10-19 01:14:35,921 [Thread-7670] INFO  impl.RaftServerImpl (RaftServerImpl.java:setRole(184)) - 9c2d914d-67b1-4af9-8080-4d6ee007b506@group-20FCFA0487C4: changes role from  FOLLOWER to CANDIDATE at term 108 for changeToCandidate
2019-10-19 01:14:35,922 [Thread-7670] INFO  impl.RoleInfo (RoleInfo.java:updateAndGet(143)) - 9c2d914d-67b1-4af9-8080-4d6ee007b506: start LeaderElection
2019-10-19 01:14:35,935 [9c2d914d-67b1-4af9-8080-4d6ee007b506@group-20FCFA0487C4-LeaderElection820] INFO  impl.LeaderElection (LeaderElection.java:askForVotes(178)) - 9c2d914d-67b1-4af9-8080-4d6ee007b506@group-20FCFA0487C4-LeaderElection820: begin an election at term 109 for -1: [88be3607-7667-471c-9070-7dfd13eb5ac8:192.168.69.71:32925, 9c2d914d-67b1-4af9-8080-4d6ee007b506:192.168.69.71:35462, 61d0b7dc-5f8b-422f-8693-c58167224d24:192.168.69.71:43479], old=null
2019-10-19 01:14:35,936 [grpc-default-executor-9] INFO  impl.RaftServerImpl (RaftServerImpl.java:setRole(184)) - 61d0b7dc-5f8b-422f-8693-c58167224d24@group-20FCFA0487C4: changes role from  FOLLOWER to FOLLOWER at term 109 for recognizeCandidate:9c2d914d-67b1-4af9-8080-4d6ee007b506
2019-10-19 01:14:35,936 [grpc-default-executor-9] INFO  impl.RoleInfo (RoleInfo.java:shutdownFollowerState(121)) - 61d0b7dc-5f8b-422f-8693-c58167224d24: shutdown FollowerState
2019-10-19 01:14:35,936 [grpc-default-executor-10] INFO  impl.RaftServerImpl (RaftServerImpl.java:setRole(184)) - 88be3607-7667-471c-9070-7dfd13eb5ac8@group-20FCFA0487C4: changes role from  FOLLOWER to FOLLOWER at term 109 for recognizeCandidate:9c2d914d-67b1-4af9-8080-4d6ee007b506
2019-10-19 01:14:35,936 [grpc-default-executor-10] INFO  impl.RoleInfo (RoleInfo.java:shutdownFollowerState(121)) - 88be3607-7667-471c-9070-7dfd13eb5ac8: shutdown FollowerState
2019-10-19 01:14:35,936 [Thread-7669] INFO  impl.FollowerState (FollowerState.java:run(117)) - 61d0b7dc-5f8b-422f-8693-c58167224d24@group-20FCFA0487C4-FollowerState was interrupted: java.lang.InterruptedException: sleep interrupted
2019-10-19 01:14:35,936 [grpc-default-executor-9] INFO  impl.RoleInfo (RoleInfo.java:updateAndGet(143)) - 61d0b7dc-5f8b-422f-8693-c58167224d24: start FollowerState
2019-10-19 01:14:35,936 [Thread-7668] INFO  impl.FollowerState (FollowerState.java:run(117)) - 88be3607-7667-471c-9070-7dfd13eb5ac8@group-20FCFA0487C4-FollowerState was interrupted: java.lang.InterruptedException: sleep interrupted
2019-10-19 01:14:35,936 [grpc-default-executor-10] INFO  impl.RoleInfo (RoleInfo.java:updateAndGet(143)) - 88be3607-7667-471c-9070-7dfd13eb5ac8: start FollowerState
2019-10-19 01:14:35,950 [9c2d914d-67b1-4af9-8080-4d6ee007b506@group-20FCFA0487C4-LeaderElection820] INFO  impl.LeaderElection (LeaderElection.java:logAndReturn(56)) - 9c2d914d-67b1-4af9-8080-4d6ee007b506@group-20FCFA0487C4-LeaderElection820: Election REJECTED; received 2 response(s) [9c2d914d-67b1-4af9-8080-4d6ee007b506<-88be3607-7667-471c-9070-7dfd13eb5ac8#0:FAIL-t109, 9c2d914d-67b1-4af9-8080-4d6ee007b506<-61d0b7dc-5f8b-422f-8693-c58167224d24#0:FAIL-t109] and 0 exception(s); 9c2d914d-67b1-4af9-8080-4d6ee007b506@group-20FCFA0487C4:t109, leader=null, voted=9c2d914d-67b1-4af9-8080-4d6ee007b506, raftlog=9c2d914d-67b1-4af9-8080-4d6ee007b506@group-20FCFA0487C4-SegmentedRaftLog:OPENED:c-1,f-1,i0, conf=-1: [88be3607-7667-471c-9070-7dfd13eb5ac8:192.168.69.71:32925, 9c2d914d-67b1-4af9-8080-4d6ee007b506:192.168.69.71:35462, 61d0b7dc-5f8b-422f-8693-c58167224d24:192.168.69.71:43479], old=null
2019-10-19 01:14:35,950 [9c2d914d-67b1-4af9-8080-4d6ee007b506@group-20FCFA0487C4-LeaderElection820] INFO  impl.RaftServerImpl (RaftServerImpl.java:setRole(184)) - 9c2d914d-67b1-4af9-8080-4d6ee007b506@group-20FCFA0487C4: changes role from CANDIDATE to FOLLOWER at term 109 for DISCOVERED_A_NEW_TERM
2019-10-19 01:14:35,950 [9c2d914d-67b1-4af9-8080-4d6ee007b506@group-20FCFA0487C4-LeaderElection820] INFO  impl.RoleInfo (RoleInfo.java:shutdownLeaderElection(134)) - 9c2d914d-67b1-4af9-8080-4d6ee007b506: shutdown LeaderElection
2019-10-19 01:14:35,950 [9c2d914d-67b1-4af9-8080-4d6ee007b506@group-20FCFA0487C4-LeaderElection820] INFO  impl.RoleInfo (RoleInfo.java:updateAndGet(143)) - 9c2d914d-67b1-4af9-8080-4d6ee007b506: start FollowerState
2019-10-19 01:14:35,994 [Thread-7694] INFO  impl.FollowerState (FollowerState.java:run(108)) - 9c2d914d-67b1-4af9-8080-4d6ee007b506@group-20FCFA0487C4-FollowerState: change to CANDIDATE, lastRpcTime:44ms, electionTimeout:44ms
2019-10-19 01:14:35,995 [Thread-7694] INFO  impl.RoleInfo (RoleInfo.java:shutdownFollowerState(121)) - 9c2d914d-67b1-4af9-8080-4d6ee007b506: shutdown FollowerState
2019-10-19 01:14:35,995 [Thread-7694] INFO  impl.RaftServerImpl (RaftServerImpl.java:setRole(184)) - 9c2d914d-67b1-4af9-8080-4d6ee007b506@group-20FCFA0487C4: changes role from  FOLLOWER to CANDIDATE at term 109 for changeToCandidate
2019-10-19 01:14:35,995 [Thread-7694] INFO  impl.RoleInfo (RoleInfo.java:updateAndGet(143)) - 9c2d914d-67b1-4af9-8080-4d6ee007b506: start LeaderElection
2019-10-19 01:14:36,008 [9c2d914d-67b1-4af9-8080-4d6ee007b506@group-20FCFA0487C4-LeaderElection821] INFO  impl.LeaderElection (LeaderElection.java:askForVotes(178)) - 9c2d914d-67b1-4af9-8080-4d6ee007b506@group-20FCFA0487C4-LeaderElection821: begin an election at term 110 for -1: [88be3607-7667-471c-9070-7dfd13eb5ac8:192.168.69.71:32925, 9c2d914d-67b1-4af9-8080-4d6ee007b506:192.168.69.71:35462, 61d0b7dc-5f8b-422f-8693-c58167224d24:192.168.69.71:43479], old=null
2019-10-19 01:14:36,009 [grpc-default-executor-9] INFO  impl.RaftServerImpl (RaftServerImpl.java:setRole(184)) - 61d0b7dc-5f8b-422f-8693-c58167224d24@group-20FCFA0487C4: changes role from  FOLLOWER to FOLLOWER at term 110 for recognizeCandidate:9c2d914d-67b1-4af9-8080-4d6ee007b506
2019-10-19 01:14:36,009 [grpc-default-executor-9] INFO  impl.RoleInfo (RoleInfo.java:shutdownFollowerState(121)) - 61d0b7dc-5f8b-422f-8693-c58167224d24: shutdown FollowerState
2019-10-19 01:14:36,010 [grpc-default-executor-9] INFO  impl.RoleInfo (RoleInfo.java:updateAndGet(143)) - 61d0b7dc-5f8b-422f-8693-c58167224d24: start FollowerState
2019-10-19 01:14:36,010 [Thread-7692] INFO  impl.FollowerState (FollowerState.java:run(117)) - 61d0b7dc-5f8b-422f-8693-c58167224d24@group-20FCFA0487C4-FollowerState was interrupted: java.lang.InterruptedException: sleep interrupted
2019-10-19 01:14:36,010 [grpc-default-executor-10] INFO  impl.RaftServerImpl (RaftServerImpl.java:setRole(184)) - 88be3607-7667-471c-9070-7dfd13eb5ac8@group-20FCFA0487C4: changes role from  FOLLOWER to FOLLOWER at term 110 for recognizeCandidate:9c2d914d-67b1-4af9-8080-4d6ee007b506
2019-10-19 01:14:36,010 [grpc-default-executor-10] INFO  impl.RoleInfo (RoleInfo.java:shutdownFollowerState(121)) - 88be3607-7667-471c-9070-7dfd13eb5ac8: shutdown FollowerState
2019-10-19 01:14:36,010 [grpc-default-executor-10] INFO  impl.RoleInfo (RoleInfo.java:updateAndGet(143)) - 88be3607-7667-471c-9070-7dfd13eb5ac8: start FollowerState
2019-10-19 01:14:36,010 [Thread-7693] INFO  impl.FollowerState (FollowerState.java:run(117)) - 88be3607-7667-471c-9070-7dfd13eb5ac8@group-20FCFA0487C4-FollowerState was interrupted: java.lang.InterruptedException: sleep interrupted
2019-10-19 01:14:36,018 [Thread-7688] INFO  impl.FollowerState (FollowerState.java:run(108)) - f143d5cf-4038-4fa8-8601-f5a45f16ca3e@group-A3037D40E172-FollowerState: change to CANDIDATE, lastRpcTime:155ms, electionTimeout:155ms
2019-10-19 01:14:36,018 [Thread-7688] INFO  impl.RoleInfo (RoleInfo.java:shutdownFollowerState(121)) - f143d5cf-4038-4fa8-8601-f5a45f16ca3e: shutdown FollowerState
2019-10-19 01:14:36,018 [Thread-7688] INFO  impl.RaftServerImpl (RaftServerImpl.java:setRole(184)) - f143d5cf-4038-4fa8-8601-f5a45f16ca3e@group-A3037D40E172: changes role from  FOLLOWER to CANDIDATE at term 112 for changeToCandidate
2019-10-19 01:14:36,018 [Thread-7688] INFO  impl.RoleInfo (RoleInfo.java:updateAndGet(143)) - f143d5cf-4038-4fa8-8601-f5a45f16ca3e: start LeaderElection
2019-10-19 01:14:36,023 [f143d5cf-4038-4fa8-8601-f5a45f16ca3e@group-A3037D40E172-LeaderElection822] INFO  impl.LeaderElection (LeaderElection.java:askForVotes(178)) - f143d5cf-4038-4fa8-8601-f5a45f16ca3e@group-A3037D40E172-LeaderElection822: begin an election at term 113 for -1: [f143d5cf-4038-4fa8-8601-f5a45f16ca3e:192.168.69.71:40169, 2543ffea-c5c6-4af0-856f-eb846bad755a:192.168.69.71:45287, 61d14648-e80d-4cd8-9e7c-6deb2f21aca8:192.168.69.71:42247], old=null
2019-10-19 01:14:36,023 [9c2d914d-67b1-4af9-8080-4d6ee007b506@group-20FCFA0487C4-LeaderElection821] INFO  impl.LeaderElection (LeaderElection.java:logAndReturn(56)) - 9c2d914d-67b1-4af9-8080-4d6ee007b506@group-20FCFA0487C4-LeaderElection821: Election REJECTED; received 2 response(s) [9c2d914d-67b1-4af9-8080-4d6ee007b506<-88be3607-7667-471c-9070-7dfd13eb5ac8#0:FAIL-t110, 9c2d914d-67b1-4af9-8080-4d6ee007b506<-61d0b7dc-5f8b-422f-8693-c58167224d24#0:FAIL-t110] and 0 exception(s); 9c2d914d-67b1-4af9-8080-4d6ee007b506@group-20FCFA0487C4:t110, leader=null, voted=9c2d914d-67b1-4af9-8080-4d6ee007b506, raftlog=9c2d914d-67b1-4af9-8080-4d6ee007b506@group-20FCFA0487C4-SegmentedRaftLog:OPENED:c-1,f-1,i0, conf=-1: [88be3607-7667-471c-9070-7dfd13eb5ac8:192.168.69.71:32925, 9c2d914d-67b1-4af9-8080-4d6ee007b506:192.168.69.71:35462, 61d0b7dc-5f8b-422f-8693-c58167224d24:192.168.69.71:43479], old=null
2019-10-19 01:14:36,023 [9c2d914d-67b1-4af9-8080-4d6ee007b506@group-20FCFA0487C4-LeaderElection821] INFO  impl.RaftServerImpl (RaftServerImpl.java:setRole(184)) - 9c2d914d-67b1-4af9-8080-4d6ee007b506@group-20FCFA0487C4: changes role from CANDIDATE to FOLLOWER at term 110 for DISCOVERED_A_NEW_TERM
2019-10-19 01:14:36,023 [9c2d914d-67b1-4af9-8080-4d6ee007b506@group-20FCFA0487C4-LeaderElection821] INFO  impl.RoleInfo (RoleInfo.java:shutdownLeaderElection(134)) - 9c2d914d-67b1-4af9-8080-4d6ee007b506: shutdown LeaderElection
2019-10-19 01:14:36,023 [9c2d914d-67b1-4af9-8080-4d6ee007b506@group-20FCFA0487C4-LeaderElection821] INFO  impl.RoleInfo (RoleInfo.java:updateAndGet(143)) - 9c2d914d-67b1-4af9-8080-4d6ee007b506: start FollowerState
2019-10-19 01:14:36,024 [grpc-default-executor-10] INFO  impl.RaftServerImpl (RaftServerImpl.java:setRole(184)) - 2543ffea-c5c6-4af0-856f-eb846bad755a@group-A3037D40E172: changes role from  FOLLOWER to FOLLOWER at term 113 for recognizeCandidate:f143d5cf-4038-4fa8-8601-f5a45f16ca3e
2019-10-19 01:14:36,024 [grpc-default-executor-9] INFO  impl.RaftServerImpl (RaftServerImpl.java:setRole(184)) - 61d14648-e80d-4cd8-9e7c-6deb2f21aca8@group-A3037D40E172: changes role from  FOLLOWER to FOLLOWER at term 113 for recognizeCandidate:f143d5cf-4038-4fa8-8601-f5a45f16ca3e
2019-10-19 01:14:36,024 [grpc-default-executor-10] INFO  impl.RoleInfo (RoleInfo.java:shutdownFollowerState(121)) - 2543ffea-c5c6-4af0-856f-eb846bad755a: shutdown FollowerState
2019-10-19 01:14:36,024 [grpc-default-executor-9] INFO  impl.RoleInfo (RoleInfo.java:shutdownFollowerState(121)) - 61d14648-e80d-4cd8-9e7c-6deb2f21aca8: shutdown FollowerState
2019-10-19 01:14:36,024 [grpc-default-executor-9] INFO  impl.RoleInfo (RoleInfo.java:updateAndGet(143)) - 61d14648-e80d-4cd8-9e7c-6deb2f21aca8: start FollowerState
2019-10-19 01:14:36,024 [Thread-7687] INFO  impl.FollowerState (FollowerState.java:run(117)) - 2543ffea-c5c6-4af0-856f-eb846bad755a@group-A3037D40E172-FollowerState was interrupted: java.lang.InterruptedException: sleep interrupted
2019-10-19 01:14:36,024 [grpc-default-executor-10] INFO  impl.RoleInfo (RoleInfo.java:updateAndGet(143)) - 2543ffea-c5c6-4af0-856f-eb846bad755a: start FollowerState
2019-10-19 01:14:36,024 [Thread-7686] INFO  impl.FollowerState (FollowerState.java:run(117)) - 61d14648-e80d-4cd8-9e7c-6deb2f21aca8@group-A3037D40E172-FollowerState was interrupted: java.lang.InterruptedException: sleep interrupted
2019-10-19 01:14:36,049 [f143d5cf-4038-4fa8-8601-f5a45f16ca3e@group-A3037D40E172-LeaderElection822] INFO  impl.LeaderElection (LeaderElection.java:logAndReturn(56)) - f143d5cf-4038-4fa8-8601-f5a45f16ca3e@group-A3037D40E172-LeaderElection822: Election REJECTED; received 2 response(s) [f143d5cf-4038-4fa8-8601-f5a45f16ca3e<-2543ffea-c5c6-4af0-856f-eb846bad755a#0:FAIL-t113, f143d5cf-4038-4fa8-8601-f5a45f16ca3e<-61d14648-e80d-4cd8-9e7c-6deb2f21aca8#0:FAIL-t113] and 0 exception(s); f143d5cf-4038-4fa8-8601-f5a45f16ca3e@group-A3037D40E172:t113, leader=null, voted=f143d5cf-4038-4fa8-8601-f5a45f16ca3e, raftlog=f143d5cf-4038-4fa8-8601-f5a45f16ca3e@group-A3037D40E172-SegmentedRaftLog:OPENED:c-1,f-1,i0, conf=-1: [f143d5cf-4038-4fa8-8601-f5a45f16ca3e:192.168.69.71:40169, 2543ffea-c5c6-4af0-856f-eb846bad755a:192.168.69.71:45287, 61d14648-e80d-4cd8-9e7c-6deb2f21aca8:192.168.69.71:42247], old=null
2019-10-19 01:14:36,056 [f143d5cf-4038-4fa8-8601-f5a45f16ca3e@group-A3037D40E172-LeaderElection822] INFO  impl.RaftServerImpl (RaftServerImpl.java:setRole(184)) - f143d5cf-4038-4fa8-8601-f5a45f16ca3e@group-A3037D40E172: changes role from CANDIDATE to FOLLOWER at term 113 for DISCOVERED_A_NEW_TERM
2019-10-19 01:14:36,062 [f143d5cf-4038-4fa8-8601-f5a45f16ca3e@group-A3037D40E172-LeaderElection822] INFO  impl.RoleInfo (RoleInfo.java:shutdownLeaderElection(134)) - f143d5cf-4038-4fa8-8601-f5a45f16ca3e: shutdown LeaderElection
2019-10-19 01:14:36,062 [f143d5cf-4038-4fa8-8601-f5a45f16ca3e@group-A3037D40E172-LeaderElection822] INFO  impl.RoleInfo (RoleInfo.java:updateAndGet(143)) - f143d5cf-4038-4fa8-8601-f5a45f16ca3e: start FollowerState
2019-10-19 01:14:36,111 [Thread-7703] INFO  impl.FollowerState (FollowerState.java:run(108)) - 9c2d914d-67b1-4af9-8080-4d6ee007b506@group-20FCFA0487C4-FollowerState: change to CANDIDATE, lastRpcTime:87ms, electionTimeout:87ms
2019-10-19 01:14:36,111 [Thread-7703] INFO  impl.RoleInfo (RoleInfo.java:shutdownFollowerState(121)) - 9c2d914d-67b1-4af9-8080-4d6ee007b506: shutdown FollowerState
2019-10-19 01:14:36,111 [Thread-7703] INFO  impl.RaftServerImpl (RaftServerImpl.java:setRole(184)) - 9c2d914d-67b1-4af9-8080-4d6ee007b506@group-20FCFA0487C4: changes role from  FOLLOWER to CANDIDATE at term 110 for changeToCandidate
2019-10-19 01:14:36,111 [Thread-7703] INFO  impl.RoleInfo (RoleInfo.java:updateAndGet(143)) - 9c2d914d-67b1-4af9-8080-4d6ee007b506: start LeaderElection
2019-10-19 01:14:36,125 [9c2d914d-67b1-4af9-8080-4d6ee007b506@group-20FCFA0487C4-LeaderElection823] INFO  impl.LeaderElection (LeaderElection.java:askForVotes(178)) - 9c2d914d-67b1-4af9-8080-4d6ee007b506@group-20FCFA0487C4-LeaderElection823: begin an election at term 111 for -1: [88be3607-7667-471c-9070-7dfd13eb5ac8:192.168.69.71:32925, 9c2d914d-67b1-4af9-8080-4d6ee007b506:192.168.69.71:35462, 61d0b7dc-5f8b-422f-8693-c58167224d24:192.168.69.71:43479], old=null
2019-10-19 01:14:36,126 [grpc-default-executor-10] INFO  impl.RaftServerImpl (RaftServerImpl.java:setRole(184)) - 88be3607-7667-471c-9070-7dfd13eb5ac8@group-20FCFA0487C4: changes role from  FOLLOWER to FOLLOWER at term 111 for recognizeCandidate:9c2d914d-67b1-4af9-8080-4d6ee007b506
2019-10-19 01:14:36,126 [grpc-default-executor-10] INFO  impl.RoleInfo (RoleInfo.java:shutdownFollowerState(121)) - 88be3607-7667-471c-9070-7dfd13eb5ac8: shutdown FollowerState
2019-10-19 01:14:36,126 [grpc-default-executor-9] INFO  impl.RaftServerImpl (RaftServerImpl.java:setRole(184)) - 61d0b7dc-5f8b-422f-8693-c58167224d24@group-20FCFA0487C4: changes role from  FOLLOWER to FOLLOWER at term 111 for recognizeCandidate:9c2d914d-67b1-4af9-8080-4d6ee007b506
2019-10-19 01:14:36,126 [grpc-default-executor-9] INFO  impl.RoleInfo (RoleInfo.java:shutdownFollowerState(121)) - 61d0b7dc-5f8b-422f-8693-c58167224d24: shutdown FollowerState
2019-10-19 01:14:36,126 [Thread-7699] INFO  impl.FollowerState (FollowerState.java:run(117)) - 88be3607-7667-471c-9070-7dfd13eb5ac8@group-20FCFA0487C4-FollowerState was interrupted: java.lang.InterruptedException: sleep interrupted
2019-10-19 01:14:36,126 [grpc-default-executor-10] INFO  impl.RoleInfo (RoleInfo.java:updateAndGet(143)) - 88be3607-7667-471c-9070-7dfd13eb5ac8: start FollowerState
2019-10-19 01:14:36,126 [Thread-7698] INFO  impl.FollowerState (FollowerState.java:run(117)) - 61d0b7dc-5f8b-422f-8693-c58167224d24@group-20FCFA0487C4-FollowerState was interrupted: java.lang.InterruptedException: sleep interrupted
2019-10-19 01:14:36,126 [grpc-default-executor-9] INFO  impl.RoleInfo (RoleInfo.java:updateAndGet(143)) - 61d0b7dc-5f8b-422f-8693-c58167224d24: start FollowerState
2019-10-19 01:14:36,140 [9c2d914d-67b1-4af9-8080-4d6ee007b506@group-20FCFA0487C4-LeaderElection823] INFO  impl.LeaderElection (LeaderElection.java:logAndReturn(56)) - 9c2d914d-67b1-4af9-8080-4d6ee007b506@group-20FCFA0487C4-LeaderElection823: Election REJECTED; received 2 response(s) [9c2d914d-67b1-4af9-8080-4d6ee007b506<-88be3607-7667-471c-9070-7dfd13eb5ac8#0:FAIL-t111, 9c2d914d-67b1-4af9-8080-4d6ee007b506<-61d0b7dc-5f8b-422f-8693-c58167224d24#0:FAIL-t111] and 0 exception(s); 9c2d914d-67b1-4af9-8080-4d6ee007b506@group-20FCFA0487C4:t111, leader=null, voted=9c2d914d-67b1-4af9-8080-4d6ee007b506, raftlog=9c2d914d-67b1-4af9-8080-4d6ee007b506@group-20FCFA0487C4-SegmentedRaftLog:OPENED:c-1,f-1,i0, conf=-1: [88be3607-7667-471c-9070-7dfd13eb5ac8:192.168.69.71:32925, 9c2d914d-67b1-4af9-8080-4d6ee007b506:192.168.69.71:35462, 61d0b7dc-5f8b-422f-8693-c58167224d24:192.168.69.71:43479], old=null
2019-10-19 01:14:36,140 [9c2d914d-67b1-4af9-8080-4d6ee007b506@group-20FCFA0487C4-LeaderElection823] INFO  impl.RaftServerImpl (RaftServerImpl.java:setRole(184)) - 9c2d914d-67b1-4af9-8080-4d6ee007b506@group-20FCFA0487C4: changes role from CANDIDATE to FOLLOWER at term 111 for DISCOVERED_A_NEW_TERM
2019-10-19 01:14:36,140 [9c2d914d-67b1-4af9-8080-4d6ee007b506@group-20FCFA0487C4-LeaderElection823] INFO  impl.RoleInfo (RoleInfo.java:shutdownLeaderElection(134)) - 9c2d914d-67b1-4af9-8080-4d6ee007b506: shutdown LeaderElection
2019-10-19 01:14:36,140 [9c2d914d-67b1-4af9-8080-4d6ee007b506@group-20FCFA0487C4-LeaderElection823] INFO  impl.RoleInfo (RoleInfo.java:updateAndGet(143)) - 9c2d914d-67b1-4af9-8080-4d6ee007b506: start FollowerState
2019-10-19 01:14:36,146 [Thread-7708] INFO  impl.FollowerState (FollowerState.java:run(108)) - f143d5cf-4038-4fa8-8601-f5a45f16ca3e@group-A3037D40E172-FollowerState: change to CANDIDATE, lastRpcTime:83ms, electionTimeout:80ms
2019-10-19 01:14:36,146 [Thread-7708] INFO  impl.RoleInfo (RoleInfo.java:shutdownFollowerState(121)) - f143d5cf-4038-4fa8-8601-f5a45f16ca3e: shutdown FollowerState
2019-10-19 01:14:36,146 [Thread-7708] INFO  impl.RaftServerImpl (RaftServerImpl.java:setRole(184)) - f143d5cf-4038-4fa8-8601-f5a45f16ca3e@group-A3037D40E172: changes role from  FOLLOWER to CANDIDATE at term 113 for changeToCandidate
2019-10-19 01:14:36,146 [Thread-7708] INFO  impl.RoleInfo (RoleInfo.java:updateAndGet(143)) - f143d5cf-4038-4fa8-8601-f5a45f16ca3e: start LeaderElection
2019-10-19 01:14:36,160 [f143d5cf-4038-4fa8-8601-f5a45f16ca3e@group-A3037D40E172-LeaderElection824] INFO  impl.LeaderElection (LeaderElection.java:askForVotes(178)) - f143d5cf-4038-4fa8-8601-f5a45f16ca3e@group-A3037D40E172-LeaderElection824: begin an election at term 114 for -1: [f143d5cf-4038-4fa8-8601-f5a45f16ca3e:192.168.69.71:40169, 2543ffea-c5c6-4af0-856f-eb846bad755a:192.168.69.71:45287, 61d14648-e80d-4cd8-9e7c-6deb2f21aca8:192.168.69.71:42247], old=null
2019-10-19 01:14:36,160 [grpc-default-executor-10] INFO  impl.RaftServerImpl (RaftServerImpl.java:setRole(184)) - 61d14648-e80d-4cd8-9e7c-6deb2f21aca8@group-A3037D40E172: changes role from  FOLLOWER to FOLLOWER at term 114 for recognizeCandidate:f143d5cf-4038-4fa8-8601-f5a45f16ca3e
2019-10-19 01:14:36,161 [grpc-default-executor-10] INFO  impl.RoleInfo (RoleInfo.java:shutdownFollowerState(121)) - 61d14648-e80d-4cd8-9e7c-6deb2f21aca8: shutdown FollowerState
2019-10-19 01:14:36,160 [grpc-default-executor-9] INFO  impl.RaftServerImpl (RaftServerImpl.java:setRole(184)) - 2543ffea-c5c6-4af0-856f-eb846bad755a@group-A3037D40E172: changes role from  FOLLOWER to FOLLOWER at term 114 for recognizeCandidate:f143d5cf-4038-4fa8-8601-f5a45f16ca3e
2019-10-19 01:14:36,161 [Thread-7705] INFO  impl.FollowerState (FollowerState.java:run(117)) - 61d14648-e80d-4cd8-9e7c-6deb2f21aca8@group-A3037D40E172-FollowerState was interrupted: java.lang.InterruptedException: sleep interrupted
2019-10-19 01:14:36,161 [grpc-default-executor-10] INFO  impl.RoleInfo (RoleInfo.java:updateAndGet(143)) - 61d14648-e80d-4cd8-9e7c-6deb2f21aca8: start FollowerState
2019-10-19 01:14:36,161 [grpc-default-executor-9] INFO  impl.RoleInfo (RoleInfo.java:shutdownFollowerState(121)) - 2543ffea-c5c6-4af0-856f-eb846bad755a: shutdown FollowerState
2019-10-19 01:14:36,161 [grpc-default-executor-9] INFO  impl.RoleInfo (RoleInfo.java:updateAndGet(143)) - 2543ffea-c5c6-4af0-856f-eb846bad755a: start FollowerState
2019-10-19 01:14:36,161 [Thread-7704] INFO  impl.FollowerState (FollowerState.java:run(117)) - 2543ffea-c5c6-4af0-856f-eb846bad755a@group-A3037D40E172-FollowerState was interrupted: java.lang.InterruptedException: sleep interrupted
2019-10-19 01:14:36,174 [f143d5cf-4038-4fa8-8601-f5a45f16ca3e@group-A3037D40E172-LeaderElection824] INFO  impl.LeaderElection (LeaderElection.java:logAndReturn(56)) - f143d5cf-4038-4fa8-8601-f5a45f16ca3e@group-A3037D40E172-LeaderElection824: Election REJECTED; received 2 response(s) [f143d5cf-4038-4fa8-8601-f5a45f16ca3e<-2543ffea-c5c6-4af0-856f-eb846bad755a#0:FAIL-t114, f143d5cf-4038-4fa8-8601-f5a45f16ca3e<-61d14648-e80d-4cd8-9e7c-6deb2f21aca8#0:FAIL-t114] and 0 exception(s); f143d5cf-4038-4fa8-8601-f5a45f16ca3e@group-A3037D40E172:t114, leader=null, voted=f143d5cf-4038-4fa8-8601-f5a45f16ca3e, raftlog=f143d5cf-4038-4fa8-8601-f5a45f16ca3e@group-A3037D40E172-SegmentedRaftLog:OPENED:c-1,f-1,i0, conf=-1: [f143d5cf-4038-4fa8-8601-f5a45f16ca3e:192.168.69.71:40169, 2543ffea-c5c6-4af0-856f-eb846bad755a:192.168.69.71:45287, 61d14648-e80d-4cd8-9e7c-6deb2f21aca8:192.168.69.71:42247], old=null
2019-10-19 01:14:36,174 [f143d5cf-4038-4fa8-8601-f5a45f16ca3e@group-A3037D40E172-LeaderElection824] INFO  impl.RaftServerImpl (RaftServerImpl.java:setRole(184)) - f143d5cf-4038-4fa8-8601-f5a45f16ca3e@group-A3037D40E172: changes role from CANDIDATE to FOLLOWER at term 114 for DISCOVERED_A_NEW_TERM
2019-10-19 01:14:36,174 [f143d5cf-4038-4fa8-8601-f5a45f16ca3e@group-A3037D40E172-LeaderElection824] INFO  impl.RoleInfo (RoleInfo.java:shutdownLeaderElection(134)) - f143d5cf-4038-4fa8-8601-f5a45f16ca3e: shutdown LeaderElection
2019-10-19 01:14:36,174 [f143d5cf-4038-4fa8-8601-f5a45f16ca3e@group-A3037D40E172-LeaderElection824] INFO  impl.RoleInfo (RoleInfo.java:updateAndGet(143)) - f143d5cf-4038-4fa8-8601-f5a45f16ca3e: start FollowerState
2019-10-19 01:14:36,181 [Thread-7722] INFO  impl.FollowerState (FollowerState.java:run(108)) - f143d5cf-4038-4fa8-8601-f5a45f16ca3e@group-A3037D40E172-FollowerState: change to CANDIDATE, lastRpcTime:6ms, electionTimeout:6ms
2019-10-19 01:14:36,181 [Thread-7722] INFO  impl.RoleInfo (RoleInfo.java:shutdownFollowerState(121)) - f143d5cf-4038-4fa8-8601-f5a45f16ca3e: shutdown FollowerState
2019-10-19 01:14:36,181 [Thread-7722] INFO  impl.RaftServerImpl (RaftServerImpl.java:setRole(184)) - f143d5cf-4038-4fa8-8601-f5a45f16ca3e@group-A3037D40E172: changes role from  FOLLOWER to CANDIDATE at term 114 for changeToCandidate
2019-10-19 01:14:36,181 [Thread-7722] INFO  impl.RoleInfo (RoleInfo.java:updateAndGet(143)) - f143d5cf-4038-4fa8-8601-f5a45f16ca3e: start LeaderElection
2019-10-19 01:14:36,193 [f143d5cf-4038-4fa8-8601-f5a45f16ca3e@group-A3037D40E172-LeaderElection825] INFO  impl.LeaderElection (LeaderElection.java:askForVotes(178)) - f143d5cf-4038-4fa8-8601-f5a45f16ca3e@group-A3037D40E172-LeaderElection825: begin an election at term 115 for -1: [f143d5cf-4038-4fa8-8601-f5a45f16ca3e:192.168.69.71:40169, 2543ffea-c5c6-4af0-856f-eb846bad755a:192.168.69.71:45287, 61d14648-e80d-4cd8-9e7c-6deb2f21aca8:192.168.69.71:42247], old=null
2019-10-19 01:14:36,194 [grpc-default-executor-9] INFO  impl.RaftServerImpl (RaftServerImpl.java:setRole(184)) - 2543ffea-c5c6-4af0-856f-eb846bad755a@group-A3037D40E172: changes role from  FOLLOWER to FOLLOWER at term 115 for recognizeCandidate:f143d5cf-4038-4fa8-8601-f5a45f16ca3e
2019-10-19 01:14:36,194 [grpc-default-executor-9] INFO  impl.RoleInfo (RoleInfo.java:shutdownFollowerState(121)) - 2543ffea-c5c6-4af0-856f-eb846bad755a: shutdown FollowerState
2019-10-19 01:14:36,194 [grpc-default-executor-10] INFO  impl.RaftServerImpl (RaftServerImpl.java:setRole(184)) - 61d14648-e80d-4cd8-9e7c-6deb2f21aca8@group-A3037D40E172: changes role from  FOLLOWER to FOLLOWER at term 115 for recognizeCandidate:f143d5cf-4038-4fa8-8601-f5a45f16ca3e
2019-10-19 01:14:36,194 [Thread-7721] INFO  impl.FollowerState (FollowerState.java:run(117)) - 2543ffea-c5c6-4af0-856f-eb846bad755a@group-A3037D40E172-FollowerState was interrupted: java.lang.InterruptedException: sleep interrupted
2019-10-19 01:14:36,194 [grpc-default-executor-9] INFO  impl.RoleInfo (RoleInfo.java:updateAndGet(143)) - 2543ffea-c5c6-4af0-856f-eb846bad755a: start FollowerState
2019-10-19 01:14:36,194 [grpc-default-executor-10] INFO  impl.RoleInfo (RoleInfo.java:shutdownFollowerState(121)) - 61d14648-e80d-4cd8-9e7c-6deb2f21aca8: shutdown FollowerState
2019-10-19 01:14:36,195 [grpc-default-executor-10] INFO  impl.RoleInfo (RoleInfo.java:updateAndGet(143)) - 61d14648-e80d-4cd8-9e7c-6deb2f21aca8: start FollowerState
2019-10-19 01:14:36,195 [Thread-7720] INFO  impl.FollowerState (FollowerState.java:run(117)) - 61d14648-e80d-4cd8-9e7c-6deb2f21aca8@group-A3037D40E172-FollowerState was interrupted: java.lang.InterruptedException: sleep interrupted
2019-10-19 01:14:36,208 [f143d5cf-4038-4fa8-8601-f5a45f16ca3e@group-A3037D40E172-LeaderElection825] INFO  impl.LeaderElection (LeaderElection.java:logAndReturn(56)) - f143d5cf-4038-4fa8-8601-f5a45f16ca3e@group-A3037D40E172-LeaderElection825: Election REJECTED; received 2 response(s) [f143d5cf-4038-4fa8-8601-f5a45f16ca3e<-2543ffea-c5c6-4af0-856f-eb846bad755a#0:FAIL-t115, f143d5cf-4038-4fa8-8601-f5a45f16ca3e<-61d14648-e80d-4cd8-9e7c-6deb2f21aca8#0:FAIL-t115] and 0 exception(s); f143d5cf-4038-4fa8-8601-f5a45f16ca3e@group-A3037D40E172:t115, leader=null, voted=f143d5cf-4038-4fa8-8601-f5a45f16ca3e, raftlog=f143d5cf-4038-4fa8-8601-f5a45f16ca3e@group-A3037D40E172-SegmentedRaftLog:OPENED:c-1,f-1,i0, conf=-1: [f143d5cf-4038-4fa8-8601-f5a45f16ca3e:192.168.69.71:40169, 2543ffea-c5c6-4af0-856f-eb846bad755a:192.168.69.71:45287, 61d14648-e80d-4cd8-9e7c-6deb2f21aca8:192.168.69.71:42247], old=null
2019-10-19 01:14:36,208 [f143d5cf-4038-4fa8-8601-f5a45f16ca3e@group-A3037D40E172-LeaderElection825] INFO  impl.RaftServerImpl (RaftServerImpl.java:setRole(184)) - f143d5cf-4038-4fa8-8601-f5a45f16ca3e@group-A3037D40E172: changes role from CANDIDATE to FOLLOWER at term 115 for DISCOVERED_A_NEW_TERM
2019-10-19 01:14:36,208 [f143d5cf-4038-4fa8-8601-f5a45f16ca3e@group-A3037D40E172-LeaderElection825] INFO  impl.RoleInfo (RoleInfo.java:shutdownLeaderElection(134)) - f143d5cf-4038-4fa8-8601-f5a45f16ca3e: shutdown LeaderElection
2019-10-19 01:14:36,208 [f143d5cf-4038-4fa8-8601-f5a45f16ca3e@group-A3037D40E172-LeaderElection825] INFO  impl.RoleInfo (RoleInfo.java:updateAndGet(143)) - f143d5cf-4038-4fa8-8601-f5a45f16ca3e: start FollowerState
2019-10-19 01:14:36,231 [Thread-7728] INFO  impl.FollowerState (FollowerState.java:run(108)) - f143d5cf-4038-4fa8-8601-f5a45f16ca3e@group-A3037D40E172-FollowerState: change to CANDIDATE, lastRpcTime:22ms, electionTimeout:22ms
2019-10-19 01:14:36,231 [Thread-7728] INFO  impl.RoleInfo (RoleInfo.java:shutdownFollowerState(121)) - f143d5cf-4038-4fa8-8601-f5a45f16ca3e: shutdown FollowerState
2019-10-19 01:14:36,231 [Thread-7728] INFO  impl.RaftServerImpl (RaftServerImpl.java:setRole(184)) - f143d5cf-4038-4fa8-8601-f5a45f16ca3e@group-A3037D40E172: changes role from  FOLLOWER to CANDIDATE at term 115 for changeToCandidate
2019-10-19 01:14:36,231 [Thread-7728] INFO  impl.RoleInfo (RoleInfo.java:updateAndGet(143)) - f143d5cf-4038-4fa8-8601-f5a45f16ca3e: start LeaderElection
2019-10-19 01:14:36,258 [f143d5cf-4038-4fa8-8601-f5a45f16ca3e@group-A3037D40E172-LeaderElection826] INFO  impl.LeaderElection (LeaderElection.java:askForVotes(178)) - f143d5cf-4038-4fa8-8601-f5a45f16ca3e@group-A3037D40E172-LeaderElection826: begin an election at term 116 for -1: [f143d5cf-4038-4fa8-8601-f5a45f16ca3e:192.168.69.71:40169, 2543ffea-c5c6-4af0-856f-eb846bad755a:192.168.69.71:45287, 61d14648-e80d-4cd8-9e7c-6deb2f21aca8:192.168.69.71:42247], old=null
2019-10-19 01:14:36,259 [grpc-default-executor-9] INFO  impl.RaftServerImpl (RaftServerImpl.java:setRole(184)) - 61d14648-e80d-4cd8-9e7c-6deb2f21aca8@group-A3037D40E172: changes role from  FOLLOWER to FOLLOWER at term 116 for recognizeCandidate:f143d5cf-4038-4fa8-8601-f5a45f16ca3e
2019-10-19 01:14:36,259 [grpc-default-executor-10] INFO  impl.RaftServerImpl (RaftServerImpl.java:setRole(184)) - 2543ffea-c5c6-4af0-856f-eb846bad755a@group-A3037D40E172: changes role from  FOLLOWER to FOLLOWER at term 116 for recognizeCandidate:f143d5cf-4038-4fa8-8601-f5a45f16ca3e
2019-10-19 01:14:36,259 [grpc-default-executor-9] INFO  impl.RoleInfo (RoleInfo.java:shutdownFollowerState(121)) - 61d14648-e80d-4cd8-9e7c-6deb2f21aca8: shutdown FollowerState
2019-10-19 01:14:36,259 [grpc-default-executor-10] INFO  impl.RoleInfo (RoleInfo.java:shutdownFollowerState(121)) - 2543ffea-c5c6-4af0-856f-eb846bad755a: shutdown FollowerState
2019-10-19 01:14:36,259 [Thread-7727] INFO  impl.FollowerState (FollowerState.java:run(117)) - 61d14648-e80d-4cd8-9e7c-6deb2f21aca8@group-A3037D40E172-FollowerState was interrupted: java.lang.InterruptedException: sleep interrupted
2019-10-19 01:14:36,259 [Thread-7726] INFO  impl.FollowerState (FollowerState.java:run(117)) - 2543ffea-c5c6-4af0-856f-eb846bad755a@group-A3037D40E172-FollowerState was interrupted: java.lang.InterruptedException: sleep interrupted
2019-10-19 01:14:36,259 [grpc-default-executor-9] INFO  impl.RoleInfo (RoleInfo.java:updateAndGet(143)) - 61d14648-e80d-4cd8-9e7c-6deb2f21aca8: start FollowerState
2019-10-19 01:14:36,259 [grpc-default-executor-10] INFO  impl.RoleInfo (RoleInfo.java:updateAndGet(143)) - 2543ffea-c5c6-4af0-856f-eb846bad755a: start FollowerState
2019-10-19 01:14:36,273 [f143d5cf-4038-4fa8-8601-f5a45f16ca3e@group-A3037D40E172-LeaderElection826] INFO  impl.LeaderElection (LeaderElection.java:logAndReturn(56)) - f143d5cf-4038-4fa8-8601-f5a45f16ca3e@group-A3037D40E172-LeaderElection826: Election REJECTED; received 2 response(s) [f143d5cf-4038-4fa8-8601-f5a45f16ca3e<-2543ffea-c5c6-4af0-856f-eb846bad755a#0:FAIL-t116, f143d5cf-4038-4fa8-8601-f5a45f16ca3e<-61d14648-e80d-4cd8-9e7c-6deb2f21aca8#0:FAIL-t116] and 0 exception(s); f143d5cf-4038-4fa8-8601-f5a45f16ca3e@group-A3037D40E172:t116, leader=null, voted=f143d5cf-4038-4fa8-8601-f5a45f16ca3e, raftlog=f143d5cf-4038-4fa8-8601-f5a45f16ca3e@group-A3037D40E172-SegmentedRaftLog:OPENED:c-1,f-1,i0, conf=-1: [f143d5cf-4038-4fa8-8601-f5a45f16ca3e:192.168.69.71:40169, 2543ffea-c5c6-4af0-856f-eb846bad755a:192.168.69.71:45287, 61d14648-e80d-4cd8-9e7c-6deb2f21aca8:192.168.69.71:42247], old=null
2019-10-19 01:14:36,273 [f143d5cf-4038-4fa8-8601-f5a45f16ca3e@group-A3037D40E172-LeaderElection826] INFO  impl.RaftServerImpl (RaftServerImpl.java:setRole(184)) - f143d5cf-4038-4fa8-8601-f5a45f16ca3e@group-A3037D40E172: changes role from CANDIDATE to FOLLOWER at term 116 for DISCOVERED_A_NEW_TERM
2019-10-19 01:14:36,273 [f143d5cf-4038-4fa8-8601-f5a45f16ca3e@group-A3037D40E172-LeaderElection826] INFO  impl.RoleInfo (RoleInfo.java:shutdownLeaderElection(134)) - f143d5cf-4038-4fa8-8601-f5a45f16ca3e: shutdown LeaderElection
2019-10-19 01:14:36,273 [f143d5cf-4038-4fa8-8601-f5a45f16ca3e@group-A3037D40E172-LeaderElection826] INFO  impl.RoleInfo (RoleInfo.java:updateAndGet(143)) - f143d5cf-4038-4fa8-8601-f5a45f16ca3e: start FollowerState
2019-10-19 01:14:36,297 [Thread-7716] INFO  impl.FollowerState (FollowerState.java:run(108)) - 9c2d914d-67b1-4af9-8080-4d6ee007b506@group-20FCFA0487C4-FollowerState: change to CANDIDATE, lastRpcTime:156ms, electionTimeout:156ms
2019-10-19 01:14:36,297 [Thread-7716] INFO  impl.RoleInfo (RoleInfo.java:shutdownFollowerState(121)) - 9c2d914d-67b1-4af9-8080-4d6ee007b506: shutdown FollowerState
2019-10-19 01:14:36,297 [Thread-7716] INFO  impl.RaftServerImpl (RaftServerImpl.java:setRole(184)) - 9c2d914d-67b1-4af9-8080-4d6ee007b506@group-20FCFA0487C4: changes role from  FOLLOWER to CANDIDATE at term 111 for changeToCandidate
2019-10-19 01:14:36,297 [Thread-7716] INFO  impl.RoleInfo (RoleInfo.java:updateAndGet(143)) - 9c2d914d-67b1-4af9-8080-4d6ee007b506: start LeaderElection
2019-10-19 01:14:36,297 [Thread-7734] INFO  impl.FollowerState (FollowerState.java:run(108)) - f143d5cf-4038-4fa8-8601-f5a45f16ca3e@group-A3037D40E172-FollowerState: change to CANDIDATE, lastRpcTime:24ms, electionTimeout:24ms
2019-10-19 01:14:36,297 [Thread-7734] INFO  impl.RoleInfo (RoleInfo.java:shutdownFollowerState(121)) - f143d5cf-4038-4fa8-8601-f5a45f16ca3e: shutdown FollowerState
2019-10-19 01:14:36,297 [Thread-7734] INFO  impl.RaftServerImpl (RaftServerImpl.java:setRole(184)) - f143d5cf-4038-4fa8-8601-f5a45f16ca3e@group-A3037D40E172: changes role from  FOLLOWER to CANDIDATE at term 116 for changeToCandidate
2019-10-19 01:14:36,297 [Thread-7734] INFO  impl.RoleInfo (RoleInfo.java:updateAndGet(143)) - f143d5cf-4038-4fa8-8601-f5a45f16ca3e: start LeaderElection
2019-10-19 01:14:36,311 [9c2d914d-67b1-4af9-8080-4d6ee007b506@group-20FCFA0487C4-LeaderElection827] INFO  impl.LeaderElection (LeaderElection.java:askForVotes(178)) - 9c2d914d-67b1-4af9-8080-4d6ee007b506@group-20FCFA0487C4-LeaderElection827: begin an election at term 112 for -1: [88be3607-7667-471c-9070-7dfd13eb5ac8:192.168.69.71:32925, 9c2d914d-67b1-4af9-8080-4d6ee007b506:192.168.69.71:35462, 61d0b7dc-5f8b-422f-8693-c58167224d24:192.168.69.71:43479], old=null
2019-10-19 01:14:36,311 [f143d5cf-4038-4fa8-8601-f5a45f16ca3e@group-A3037D40E172-LeaderElection828] INFO  impl.LeaderElection (LeaderElection.java:askForVotes(178)) - f143d5cf-4038-4fa8-8601-f5a45f16ca3e@group-A3037D40E172-LeaderElection828: begin an election at term 117 for -1: [f143d5cf-4038-4fa8-8601-f5a45f16ca3e:192.168.69.71:40169, 2543ffea-c5c6-4af0-856f-eb846bad755a:192.168.69.71:45287, 61d14648-e80d-4cd8-9e7c-6deb2f21aca8:192.168.69.71:42247], old=null
2019-10-19 01:14:36,312 [grpc-default-executor-10] INFO  impl.RaftServerImpl (RaftServerImpl.java:setRole(184)) - 88be3607-7667-471c-9070-7dfd13eb5ac8@group-20FCFA0487C4: changes role from  FOLLOWER to FOLLOWER at term 112 for recognizeCandidate:9c2d914d-67b1-4af9-8080-4d6ee007b506
2019-10-19 01:14:36,312 [grpc-default-executor-10] INFO  impl.RoleInfo (RoleInfo.java:shutdownFollowerState(121)) - 88be3607-7667-471c-9070-7dfd13eb5ac8: shutdown FollowerState
2019-10-19 01:14:36,312 [grpc-default-executor-10] INFO  impl.RoleInfo (RoleInfo.java:updateAndGet(143)) - 88be3607-7667-471c-9070-7dfd13eb5ac8: start FollowerState
2019-10-19 01:14:36,312 [Thread-7712] INFO  impl.FollowerState (FollowerState.java:run(117)) - 88be3607-7667-471c-9070-7dfd13eb5ac8@group-20FCFA0487C4-FollowerState was interrupted: java.lang.InterruptedException: sleep interrupted
2019-10-19 01:14:36,312 [grpc-default-executor-9] INFO  impl.RaftServerImpl (RaftServerImpl.java:setRole(184)) - 61d0b7dc-5f8b-422f-8693-c58167224d24@group-20FCFA0487C4: changes role from  FOLLOWER to FOLLOWER at term 112 for recognizeCandidate:9c2d914d-67b1-4af9-8080-4d6ee007b506
2019-10-19 01:14:36,312 [grpc-default-executor-9] INFO  impl.RoleInfo (RoleInfo.java:shutdownFollowerState(121)) - 61d0b7dc-5f8b-422f-8693-c58167224d24: shutdown FollowerState
2019-10-19 01:14:36,312 [grpc-default-executor-9] INFO  impl.RoleInfo (RoleInfo.java:updateAndGet(143)) - 61d0b7dc-5f8b-422f-8693-c58167224d24: start FollowerState
2019-10-19 01:14:36,312 [Thread-7713] INFO  impl.FollowerState (FollowerState.java:run(117)) - 61d0b7dc-5f8b-422f-8693-c58167224d24@group-20FCFA0487C4-FollowerState was interrupted: java.lang.InterruptedException: sleep interrupted
2019-10-19 01:14:36,313 [grpc-default-executor-5] INFO  impl.RaftServerImpl (RaftServerImpl.java:setRole(184)) - 2543ffea-c5c6-4af0-856f-eb846bad755a@group-A3037D40E172: changes role from  FOLLOWER to FOLLOWER at term 117 for recognizeCandidate:f143d5cf-4038-4fa8-8601-f5a45f16ca3e
2019-10-19 01:14:36,313 [grpc-default-executor-5] INFO  impl.RoleInfo (RoleInfo.java:shutdownFollowerState(121)) - 2543ffea-c5c6-4af0-856f-eb846bad755a: shutdown FollowerState
2019-10-19 01:14:36,313 [grpc-default-executor-5] INFO  impl.RoleInfo (RoleInfo.java:updateAndGet(143)) - 2543ffea-c5c6-4af0-856f-eb846bad755a: start FollowerState
2019-10-19 01:14:36,313 [Thread-7733] INFO  impl.FollowerState (FollowerState.java:run(117)) - 2543ffea-c5c6-4af0-856f-eb846bad755a@group-A3037D40E172-FollowerState was interrupted: java.lang.InterruptedException: sleep interrupted
2019-10-19 01:14:36,313 [grpc-default-executor-3] INFO  impl.RaftServerImpl (RaftServerImpl.java:setRole(184)) - 61d14648-e80d-4cd8-9e7c-6deb2f21aca8@group-A3037D40E172: changes role from  FOLLOWER to FOLLOWER at term 117 for recognizeCandidate:f143d5cf-4038-4fa8-8601-f5a45f16ca3e
2019-10-19 01:14:36,313 [grpc-default-executor-3] INFO  impl.RoleInfo (RoleInfo.java:shutdownFollowerState(121)) - 61d14648-e80d-4cd8-9e7c-6deb2f21aca8: shutdown FollowerState
2019-10-19 01:14:36,313 [grpc-default-executor-3] INFO  impl.RoleInfo (RoleInfo.java:updateAndGet(143)) - 61d14648-e80d-4cd8-9e7c-6deb2f21aca8: start FollowerState
2019-10-19 01:14:36,313 [Thread-7732] INFO  impl.FollowerState (FollowerState.java:run(117)) - 61d14648-e80d-4cd8-9e7c-6deb2f21aca8@group-A3037D40E172-FollowerState was interrupted: java.lang.InterruptedException: sleep interrupted
2019-10-19 01:14:36,326 [f143d5cf-4038-4fa8-8601-f5a45f16ca3e@group-A3037D40E172-LeaderElection828] INFO  impl.LeaderElection (LeaderElection.java:logAndReturn(56)) - f143d5cf-4038-4fa8-8601-f5a45f16ca3e@group-A3037D40E172-LeaderElection828: Election REJECTED; received 2 response(s) [f143d5cf-4038-4fa8-8601-f5a45f16ca3e<-2543ffea-c5c6-4af0-856f-eb846bad755a#0:FAIL-t117, f143d5cf-4038-4fa8-8601-f5a45f16ca3e<-61d14648-e80d-4cd8-9e7c-6deb2f21aca8#0:FAIL-t117] and 0 exception(s); f143d5cf-4038-4fa8-8601-f5a45f16ca3e@group-A3037D40E172:t117, leader=null, voted=f143d5cf-4038-4fa8-8601-f5a45f16ca3e, raftlog=f143d5cf-4038-4fa8-8601-f5a45f16ca3e@group-A3037D40E172-SegmentedRaftLog:OPENED:c-1,f-1,i0, conf=-1: [f143d5cf-4038-4fa8-8601-f5a45f16ca3e:192.168.69.71:40169, 2543ffea-c5c6-4af0-856f-eb846bad755a:192.168.69.71:45287, 61d14648-e80d-4cd8-9e7c-6deb2f21aca8:192.168.69.71:42247], old=null
2019-10-19 01:14:36,326 [9c2d914d-67b1-4af9-8080-4d6ee007b506@group-20FCFA0487C4-LeaderElection827] INFO  impl.LeaderElection (LeaderElection.java:logAndReturn(56)) - 9c2d914d-67b1-4af9-8080-4d6ee007b506@group-20FCFA0487C4-LeaderElection827: Election REJECTED; received 2 response(s) [9c2d914d-67b1-4af9-8080-4d6ee007b506<-88be3607-7667-471c-9070-7dfd13eb5ac8#0:FAIL-t112, 9c2d914d-67b1-4af9-8080-4d6ee007b506<-61d0b7dc-5f8b-422f-8693-c58167224d24#0:FAIL-t112] and 0 exception(s); 9c2d914d-67b1-4af9-8080-4d6ee007b506@group-20FCFA0487C4:t112, leader=null, voted=9c2d914d-67b1-4af9-8080-4d6ee007b506, raftlog=9c2d914d-67b1-4af9-8080-4d6ee007b506@group-20FCFA0487C4-SegmentedRaftLog:OPENED:c-1,f-1,i0, conf=-1: [88be3607-7667-471c-9070-7dfd13eb5ac8:192.168.69.71:32925, 9c2d914d-67b1-4af9-8080-4d6ee007b506:192.168.69.71:35462, 61d0b7dc-5f8b-422f-8693-c58167224d24:192.168.69.71:43479], old=null
2019-10-19 01:14:36,326 [f143d5cf-4038-4fa8-8601-f5a45f16ca3e@group-A3037D40E172-LeaderElection828] INFO  impl.RaftServerImpl (RaftServerImpl.java:setRole(184)) - f143d5cf-4038-4fa8-8601-f5a45f16ca3e@group-A3037D40E172: changes role from CANDIDATE to FOLLOWER at term 117 for DISCOVERED_A_NEW_TERM
2019-10-19 01:14:36,326 [f143d5cf-4038-4fa8-8601-f5a45f16ca3e@group-A3037D40E172-LeaderElection828] INFO  impl.RoleInfo (RoleInfo.java:shutdownLeaderElection(134)) - f143d5cf-4038-4fa8-8601-f5a45f16ca3e: shutdown LeaderElection
2019-10-19 01:14:36,326 [9c2d914d-67b1-4af9-8080-4d6ee007b506@group-20FCFA0487C4-LeaderElection827] INFO  impl.RaftServerImpl (RaftServerImpl.java:setRole(184)) - 9c2d914d-67b1-4af9-8080-4d6ee007b506@group-20FCFA0487C4: changes role from CANDIDATE to FOLLOWER at term 112 for DISCOVERED_A_NEW_TERM
2019-10-19 01:14:36,326 [f143d5cf-4038-4fa8-8601-f5a45f16ca3e@group-A3037D40E172-LeaderElection828] INFO  impl.RoleInfo (RoleInfo.java:updateAndGet(143)) - f143d5cf-4038-4fa8-8601-f5a45f16ca3e: start FollowerState
2019-10-19 01:14:36,327 [9c2d914d-67b1-4af9-8080-4d6ee007b506@group-20FCFA0487C4-LeaderElection827] INFO  impl.RoleInfo (RoleInfo.java:shutdownLeaderElection(134)) - 9c2d914d-67b1-4af9-8080-4d6ee007b506: shutdown LeaderElection
2019-10-19 01:14:36,327 [9c2d914d-67b1-4af9-8080-4d6ee007b506@group-20FCFA0487C4-LeaderElection827] INFO  impl.RoleInfo (RoleInfo.java:updateAndGet(143)) - 9c2d914d-67b1-4af9-8080-4d6ee007b506: start FollowerState
2019-10-19 01:14:36,430 [Thread-7746] INFO  impl.FollowerState (FollowerState.java:run(108)) - 9c2d914d-67b1-4af9-8080-4d6ee007b506@group-20FCFA0487C4-FollowerState: change to CANDIDATE, lastRpcTime:103ms, electionTimeout:103ms
2019-10-19 01:14:36,430 [Thread-7746] INFO  impl.RoleInfo (RoleInfo.java:shutdownFollowerState(121)) - 9c2d914d-67b1-4af9-8080-4d6ee007b506: shutdown FollowerState
2019-10-19 01:14:36,430 [Thread-7746] INFO  impl.RaftServerImpl (RaftServerImpl.java:setRole(184)) - 9c2d914d-67b1-4af9-8080-4d6ee007b506@group-20FCFA0487C4: changes role from  FOLLOWER to CANDIDATE at term 112 for changeToCandidate
2019-10-19 01:14:36,430 [Thread-7746] INFO  impl.RoleInfo (RoleInfo.java:updateAndGet(143)) - 9c2d914d-67b1-4af9-8080-4d6ee007b506: start LeaderElection
2019-10-19 01:14:36,444 [Thread-7745] INFO  impl.FollowerState (FollowerState.java:run(108)) - f143d5cf-4038-4fa8-8601-f5a45f16ca3e@group-A3037D40E172-FollowerState: change to CANDIDATE, lastRpcTime:117ms, electionTimeout:117ms
2019-10-19 01:14:36,444 [Thread-7745] INFO  impl.RoleInfo (RoleInfo.java:shutdownFollowerState(121)) - f143d5cf-4038-4fa8-8601-f5a45f16ca3e: shutdown FollowerState
2019-10-19 01:14:36,444 [Thread-7745] INFO  impl.RaftServerImpl (RaftServerImpl.java:setRole(184)) - f143d5cf-4038-4fa8-8601-f5a45f16ca3e@group-A3037D40E172: changes role from  FOLLOWER to CANDIDATE at term 117 for changeToCandidate
2019-10-19 01:14:36,444 [Thread-7745] INFO  impl.RoleInfo (RoleInfo.java:updateAndGet(143)) - f143d5cf-4038-4fa8-8601-f5a45f16ca3e: start LeaderElection
2019-10-19 01:14:36,445 [9c2d914d-67b1-4af9-8080-4d6ee007b506@group-20FCFA0487C4-LeaderElection829] INFO  impl.LeaderElection (LeaderElection.java:askForVotes(178)) - 9c2d914d-67b1-4af9-8080-4d6ee007b506@group-20FCFA0487C4-LeaderElection829: begin an election at term 113 for -1: [88be3607-7667-471c-9070-7dfd13eb5ac8:192.168.69.71:32925, 9c2d914d-67b1-4af9-8080-4d6ee007b506:192.168.69.71:35462, 61d0b7dc-5f8b-422f-8693-c58167224d24:192.168.69.71:43479], old=null
2019-10-19 01:14:36,446 [grpc-default-executor-9] INFO  impl.RaftServerImpl (RaftServerImpl.java:setRole(184)) - 88be3607-7667-471c-9070-7dfd13eb5ac8@group-20FCFA0487C4: changes role from  FOLLOWER to FOLLOWER at term 113 for recognizeCandidate:9c2d914d-67b1-4af9-8080-4d6ee007b506
2019-10-19 01:14:36,446 [grpc-default-executor-9] INFO  impl.RoleInfo (RoleInfo.java:shutdownFollowerState(121)) - 88be3607-7667-471c-9070-7dfd13eb5ac8: shutdown FollowerState
2019-10-19 01:14:36,446 [grpc-default-executor-5] INFO  impl.RaftServerImpl (RaftServerImpl.java:setRole(184)) - 61d0b7dc-5f8b-422f-8693-c58167224d24@group-20FCFA0487C4: changes role from  FOLLOWER to FOLLOWER at term 113 for recognizeCandidate:9c2d914d-67b1-4af9-8080-4d6ee007b506
2019-10-19 01:14:36,446 [Thread-7741] INFO  impl.FollowerState (FollowerState.java:run(117)) - 88be3607-7667-471c-9070-7dfd13eb5ac8@group-20FCFA0487C4-FollowerState was interrupted: java.lang.InterruptedException: sleep interrupted
2019-10-19 01:14:36,446 [grpc-default-executor-9] INFO  impl.RoleInfo (RoleInfo.java:updateAndGet(143)) - 88be3607-7667-471c-9070-7dfd13eb5ac8: start FollowerState
2019-10-19 01:14:36,446 [grpc-default-executor-5] INFO  impl.RoleInfo (RoleInfo.java:shutdownFollowerState(121)) - 61d0b7dc-5f8b-422f-8693-c58167224d24: shutdown FollowerState
2019-10-19 01:14:36,447 [grpc-default-executor-5] INFO  impl.RoleInfo (RoleInfo.java:updateAndGet(143)) - 61d0b7dc-5f8b-422f-8693-c58167224d24: start FollowerState
2019-10-19 01:14:36,447 [Thread-7742] INFO  impl.FollowerState (FollowerState.java:run(117)) - 61d0b7dc-5f8b-422f-8693-c58167224d24@group-20FCFA0487C4-FollowerState was interrupted: java.lang.InterruptedException: sleep interrupted
2019-10-19 01:14:36,459 [f143d5cf-4038-4fa8-8601-f5a45f16ca3e@group-A3037D40E172-LeaderElection830] INFO  impl.LeaderElection (LeaderElection.java:askForVotes(178)) - f143d5cf-4038-4fa8-8601-f5a45f16ca3e@group-A3037D40E172-LeaderElection830: begin an election at term 118 for -1: [f143d5cf-4038-4fa8-8601-f5a45f16ca3e:192.168.69.71:40169, 2543ffea-c5c6-4af0-856f-eb846bad755a:192.168.69.71:45287, 61d14648-e80d-4cd8-9e7c-6deb2f21aca8:192.168.69.71:42247], old=null
2019-10-19 01:14:36,459 [9c2d914d-67b1-4af9-8080-4d6ee007b506@group-20FCFA0487C4-LeaderElection829] INFO  impl.LeaderElection (LeaderElection.java:logAndReturn(56)) - 9c2d914d-67b1-4af9-8080-4d6ee007b506@group-20FCFA0487C4-LeaderElection829: Election REJECTED; received 2 response(s) [9c2d914d-67b1-4af9-8080-4d6ee007b506<-88be3607-7667-471c-9070-7dfd13eb5ac8#0:FAIL-t113, 9c2d914d-67b1-4af9-8080-4d6ee007b506<-61d0b7dc-5f8b-422f-8693-c58167224d24#0:FAIL-t113] and 0 exception(s); 9c2d914d-67b1-4af9-8080-4d6ee007b506@group-20FCFA0487C4:t113, leader=null, voted=9c2d914d-67b1-4af9-8080-4d6ee007b506, raftlog=9c2d914d-67b1-4af9-8080-4d6ee007b506@group-20FCFA0487C4-SegmentedRaftLog:OPENED:c-1,f-1,i0, conf=-1: [88be3607-7667-471c-9070-7dfd13eb5ac8:192.168.69.71:32925, 9c2d914d-67b1-4af9-8080-4d6ee007b506:192.168.69.71:35462, 61d0b7dc-5f8b-422f-8693-c58167224d24:192.168.69.71:43479], old=null
2019-10-19 01:14:36,460 [9c2d914d-67b1-4af9-8080-4d6ee007b506@group-20FCFA0487C4-LeaderElection829] INFO  impl.RaftServerImpl (RaftServerImpl.java:setRole(184)) - 9c2d914d-67b1-4af9-8080-4d6ee007b506@group-20FCFA0487C4: changes role from CANDIDATE to FOLLOWER at term 113 for DISCOVERED_A_NEW_TERM
2019-10-19 01:14:36,460 [9c2d914d-67b1-4af9-8080-4d6ee007b506@group-20FCFA0487C4-LeaderElection829] INFO  impl.RoleInfo (RoleInfo.java:shutdownLeaderElection(134)) - 9c2d914d-67b1-4af9-8080-4d6ee007b506: shutdown LeaderElection
2019-10-19 01:14:36,460 [9c2d914d-67b1-4af9-8080-4d6ee007b506@group-20FCFA0487C4-LeaderElection829] INFO  impl.RoleInfo (RoleInfo.java:updateAndGet(143)) - 9c2d914d-67b1-4af9-8080-4d6ee007b506: start FollowerState
2019-10-19 01:14:36,460 [grpc-default-executor-9] INFO  impl.RaftServerImpl (RaftServerImpl.java:setRole(184)) - 2543ffea-c5c6-4af0-856f-eb846bad755a@group-A3037D40E172: changes role from  FOLLOWER to FOLLOWER at term 118 for recognizeCandidate:f143d5cf-4038-4fa8-8601-f5a45f16ca3e
2019-10-19 01:14:36,460 [grpc-default-executor-9] INFO  impl.RoleInfo (RoleInfo.java:shutdownFollowerState(121)) - 2543ffea-c5c6-4af0-856f-eb846bad755a: shutdown FollowerState
2019-10-19 01:14:36,461 [grpc-default-executor-9] INFO  impl.RoleInfo (RoleInfo.java:updateAndGet(143)) - 2543ffea-c5c6-4af0-856f-eb846bad755a: start FollowerState
2019-10-19 01:14:36,461 [Thread-7743] INFO  impl.FollowerState (FollowerState.java:run(117)) - 2543ffea-c5c6-4af0-856f-eb846bad755a@group-A3037D40E172-FollowerState was interrupted: java.lang.InterruptedException: sleep interrupted
2019-10-19 01:14:36,461 [grpc-default-executor-5] INFO  impl.RaftServerImpl (RaftServerImpl.java:setRole(184)) - 61d14648-e80d-4cd8-9e7c-6deb2f21aca8@group-A3037D40E172: changes role from  FOLLOWER to FOLLOWER at term 118 for recognizeCandidate:f143d5cf-4038-4fa8-8601-f5a45f16ca3e
2019-10-19 01:14:36,461 [grpc-default-executor-5] INFO  impl.RoleInfo (RoleInfo.java:shutdownFollowerState(121)) - 61d14648-e80d-4cd8-9e7c-6deb2f21aca8: shutdown FollowerState
2019-10-19 01:14:36,461 [grpc-default-executor-5] INFO  impl.RoleInfo (RoleInfo.java:updateAndGet(143)) - 61d14648-e80d-4cd8-9e7c-6deb2f21aca8: start FollowerState
2019-10-19 01:14:36,461 [Thread-7744] INFO  impl.FollowerState (FollowerState.java:run(117)) - 61d14648-e80d-4cd8-9e7c-6deb2f21aca8@group-A3037D40E172-FollowerState was interrupted: java.lang.InterruptedException: sleep interrupted
2019-10-19 01:14:36,483 [f143d5cf-4038-4fa8-8601-f5a45f16ca3e@group-A3037D40E172-LeaderElection830] INFO  impl.LeaderElection (LeaderElection.java:logAndReturn(56)) - f143d5cf-4038-4fa8-8601-f5a45f16ca3e@group-A3037D40E172-LeaderElection830: Election REJECTED; received 2 response(s) [f143d5cf-4038-4fa8-8601-f5a45f16ca3e<-2543ffea-c5c6-4af0-856f-eb846bad755a#0:FAIL-t118, f143d5cf-4038-4fa8-8601-f5a45f16ca3e<-61d14648-e80d-4cd8-9e7c-6deb2f21aca8#0:FAIL-t118] and 0 exception(s); f143d5cf-4038-4fa8-8601-f5a45f16ca3e@group-A3037D40E172:t118, leader=null, voted=f143d5cf-4038-4fa8-8601-f5a45f16ca3e, raftlog=f143d5cf-4038-4fa8-8601-f5a45f16ca3e@group-A3037D40E172-SegmentedRaftLog:OPENED:c-1,f-1,i0, conf=-1: [f143d5cf-4038-4fa8-8601-f5a45f16ca3e:192.168.69.71:40169, 2543ffea-c5c6-4af0-856f-eb846bad755a:192.168.69.71:45287, 61d14648-e80d-4cd8-9e7c-6deb2f21aca8:192.168.69.71:42247], old=null
2019-10-19 01:14:36,483 [f143d5cf-4038-4fa8-8601-f5a45f16ca3e@group-A3037D40E172-LeaderElection830] INFO  impl.RaftServerImpl (RaftServerImpl.java:setRole(184)) - f143d5cf-4038-4fa8-8601-f5a45f16ca3e@group-A3037D40E172: changes role from CANDIDATE to FOLLOWER at term 118 for DISCOVERED_A_NEW_TERM
2019-10-19 01:14:36,483 [f143d5cf-4038-4fa8-8601-f5a45f16ca3e@group-A3037D40E172-LeaderElection830] INFO  impl.RoleInfo (RoleInfo.java:shutdownLeaderElection(134)) - f143d5cf-4038-4fa8-8601-f5a45f16ca3e: shutdown LeaderElection
2019-10-19 01:14:36,483 [f143d5cf-4038-4fa8-8601-f5a45f16ca3e@group-A3037D40E172-LeaderElection830] INFO  impl.RoleInfo (RoleInfo.java:updateAndGet(143)) - f143d5cf-4038-4fa8-8601-f5a45f16ca3e: start FollowerState
2019-10-19 01:14:36,544 [Thread-7755] INFO  impl.FollowerState (FollowerState.java:run(108)) - 9c2d914d-67b1-4af9-8080-4d6ee007b506@group-20FCFA0487C4-FollowerState: change to CANDIDATE, lastRpcTime:84ms, electionTimeout:84ms
2019-10-19 01:14:36,544 [Thread-7755] INFO  impl.RoleInfo (RoleInfo.java:shutdownFollowerState(121)) - 9c2d914d-67b1-4af9-8080-4d6ee007b506: shutdown FollowerState
2019-10-19 01:14:36,544 [Thread-7755] INFO  impl.RaftServerImpl (RaftServerImpl.java:setRole(184)) - 9c2d914d-67b1-4af9-8080-4d6ee007b506@group-20FCFA0487C4: changes role from  FOLLOWER to CANDIDATE at term 113 for changeToCandidate
2019-10-19 01:14:36,544 [Thread-7755] INFO  impl.RoleInfo (RoleInfo.java:updateAndGet(143)) - 9c2d914d-67b1-4af9-8080-4d6ee007b506: start LeaderElection
2019-10-19 01:14:36,558 [9c2d914d-67b1-4af9-8080-4d6ee007b506@group-20FCFA0487C4-LeaderElection831] INFO  impl.LeaderElection (LeaderElection.java:askForVotes(178)) - 9c2d914d-67b1-4af9-8080-4d6ee007b506@group-20FCFA0487C4-LeaderElection831: begin an election at term 114 for -1: [88be3607-7667-471c-9070-7dfd13eb5ac8:192.168.69.71:32925, 9c2d914d-67b1-4af9-8080-4d6ee007b506:192.168.69.71:35462, 61d0b7dc-5f8b-422f-8693-c58167224d24:192.168.69.71:43479], old=null
2019-10-19 01:14:36,559 [grpc-default-executor-9] INFO  impl.RaftServerImpl (RaftServerImpl.java:setRole(184)) - 61d0b7dc-5f8b-422f-8693-c58167224d24@group-20FCFA0487C4: changes role from  FOLLOWER to FOLLOWER at term 114 for recognizeCandidate:9c2d914d-67b1-4af9-8080-4d6ee007b506
2019-10-19 01:14:36,559 [grpc-default-executor-9] INFO  impl.RoleInfo (RoleInfo.java:shutdownFollowerState(121)) - 61d0b7dc-5f8b-422f-8693-c58167224d24: shutdown FollowerState
2019-10-19 01:14:36,559 [grpc-default-executor-5] INFO  impl.RaftServerImpl (RaftServerImpl.java:setRole(184)) - 88be3607-7667-471c-9070-7dfd13eb5ac8@group-20FCFA0487C4: changes role from  FOLLOWER to FOLLOWER at term 114 for recognizeCandidate:9c2d914d-67b1-4af9-8080-4d6ee007b506
2019-10-19 01:14:36,559 [Thread-7752] INFO  impl.FollowerState (FollowerState.java:run(117)) - 61d0b7dc-5f8b-422f-8693-c58167224d24@group-20FCFA0487C4-FollowerState was interrupted: java.lang.InterruptedException: sleep interrupted
2019-10-19 01:14:36,559 [grpc-default-executor-9] INFO  impl.RoleInfo (RoleInfo.java:updateAndGet(143)) - 61d0b7dc-5f8b-422f-8693-c58167224d24: start FollowerState
2019-10-19 01:14:36,560 [grpc-default-executor-5] INFO  impl.RoleInfo (RoleInfo.java:shutdownFollowerState(121)) - 88be3607-7667-471c-9070-7dfd13eb5ac8: shutdown FollowerState
2019-10-19 01:14:36,560 [grpc-default-executor-5] INFO  impl.RoleInfo (RoleInfo.java:updateAndGet(143)) - 88be3607-7667-471c-9070-7dfd13eb5ac8: start FollowerState
2019-10-19 01:14:36,560 [Thread-7751] INFO  impl.FollowerState (FollowerState.java:run(117)) - 88be3607-7667-471c-9070-7dfd13eb5ac8@group-20FCFA0487C4-FollowerState was interrupted: java.lang.InterruptedException: sleep interrupted
2019-10-19 01:14:36,584 [9c2d914d-67b1-4af9-8080-4d6ee007b506@group-20FCFA0487C4-LeaderElection831] INFO  impl.LeaderElection (LeaderElection.java:logAndReturn(56)) - 9c2d914d-67b1-4af9-8080-4d6ee007b506@group-20FCFA0487C4-LeaderElection831: Election REJECTED; received 2 response(s) [9c2d914d-67b1-4af9-8080-4d6ee007b506<-88be3607-7667-471c-9070-7dfd13eb5ac8#0:FAIL-t114, 9c2d914d-67b1-4af9-8080-4d6ee007b506<-61d0b7dc-5f8b-422f-8693-c58167224d24#0:FAIL-t114] and 0 exception(s); 9c2d914d-67b1-4af9-8080-4d6ee007b506@group-20FCFA0487C4:t114, leader=null, voted=9c2d914d-67b1-4af9-8080-4d6ee007b506, raftlog=9c2d914d-67b1-4af9-8080-4d6ee007b506@group-20FCFA0487C4-SegmentedRaftLog:OPENED:c-1,f-1,i0, conf=-1: [88be3607-7667-471c-9070-7dfd13eb5ac8:192.168.69.71:32925, 9c2d914d-67b1-4af9-8080-4d6ee007b506:192.168.69.71:35462, 61d0b7dc-5f8b-422f-8693-c58167224d24:192.168.69.71:43479], old=null
2019-10-19 01:14:36,585 [9c2d914d-67b1-4af9-8080-4d6ee007b506@group-20FCFA0487C4-LeaderElection831] INFO  impl.RaftServerImpl (RaftServerImpl.java:setRole(184)) - 9c2d914d-67b1-4af9-8080-4d6ee007b506@group-20FCFA0487C4: changes role from CANDIDATE to FOLLOWER at term 114 for DISCOVERED_A_NEW_TERM
2019-10-19 01:14:36,585 [9c2d914d-67b1-4af9-8080-4d6ee007b506@group-20FCFA0487C4-LeaderElection831] INFO  impl.RoleInfo (RoleInfo.java:shutdownLeaderElection(134)) - 9c2d914d-67b1-4af9-8080-4d6ee007b506: shutdown LeaderElection
2019-10-19 01:14:36,585 [9c2d914d-67b1-4af9-8080-4d6ee007b506@group-20FCFA0487C4-LeaderElection831] INFO  impl.RoleInfo (RoleInfo.java:updateAndGet(143)) - 9c2d914d-67b1-4af9-8080-4d6ee007b506: start FollowerState
2019-10-19 01:14:36,585 [Thread-7758] INFO  impl.FollowerState (FollowerState.java:run(108)) - f143d5cf-4038-4fa8-8601-f5a45f16ca3e@group-A3037D40E172-FollowerState: change to CANDIDATE, lastRpcTime:102ms, electionTimeout:102ms
2019-10-19 01:14:36,585 [Thread-7758] INFO  impl.RoleInfo (RoleInfo.java:shutdownFollowerState(121)) - f143d5cf-4038-4fa8-8601-f5a45f16ca3e: shutdown FollowerState
2019-10-19 01:14:36,585 [Thread-7758] INFO  impl.RaftServerImpl (RaftServerImpl.java:setRole(184)) - f143d5cf-4038-4fa8-8601-f5a45f16ca3e@group-A3037D40E172: changes role from  FOLLOWER to CANDIDATE at term 118 for changeToCandidate
2019-10-19 01:14:36,585 [Thread-7758] INFO  impl.RoleInfo (RoleInfo.java:updateAndGet(143)) - f143d5cf-4038-4fa8-8601-f5a45f16ca3e: start LeaderElection
2019-10-19 01:14:36,598 [f143d5cf-4038-4fa8-8601-f5a45f16ca3e@group-A3037D40E172-LeaderElection832] INFO  impl.LeaderElection (LeaderElection.java:askForVotes(178)) - f143d5cf-4038-4fa8-8601-f5a45f16ca3e@group-A3037D40E172-LeaderElection832: begin an election at term 119 for -1: [f143d5cf-4038-4fa8-8601-f5a45f16ca3e:192.168.69.71:40169, 2543ffea-c5c6-4af0-856f-eb846bad755a:192.168.69.71:45287, 61d14648-e80d-4cd8-9e7c-6deb2f21aca8:192.168.69.71:42247], old=null
2019-10-19 01:14:36,600 [grpc-default-executor-5] INFO  impl.RaftServerImpl (RaftServerImpl.java:setRole(184)) - 2543ffea-c5c6-4af0-856f-eb846bad755a@group-A3037D40E172: changes role from  FOLLOWER to FOLLOWER at term 119 for recognizeCandidate:f143d5cf-4038-4fa8-8601-f5a45f16ca3e
2019-10-19 01:14:36,600 [grpc-default-executor-5] INFO  impl.RoleInfo (RoleInfo.java:shutdownFollowerState(121)) - 2543ffea-c5c6-4af0-856f-eb846bad755a: shutdown FollowerState
2019-10-19 01:14:36,600 [grpc-default-executor-5] INFO  impl.RoleInfo (RoleInfo.java:updateAndGet(143)) - 2543ffea-c5c6-4af0-856f-eb846bad755a: start FollowerState
2019-10-19 01:14:36,600 [Thread-7756] INFO  impl.FollowerState (FollowerState.java:run(117)) - 2543ffea-c5c6-4af0-856f-eb846bad755a@group-A3037D40E172-FollowerState was interrupted: java.lang.InterruptedException: sleep interrupted
2019-10-19 01:14:36,600 [grpc-default-executor-9] INFO  impl.RaftServerImpl (RaftServerImpl.java:setRole(184)) - 61d14648-e80d-4cd8-9e7c-6deb2f21aca8@group-A3037D40E172: changes role from  FOLLOWER to FOLLOWER at term 119 for recognizeCandidate:f143d5cf-4038-4fa8-8601-f5a45f16ca3e
2019-10-19 01:14:36,600 [grpc-default-executor-9] INFO  impl.RoleInfo (RoleInfo.java:shutdownFollowerState(121)) - 61d14648-e80d-4cd8-9e7c-6deb2f21aca8: shutdown FollowerState
2019-10-19 01:14:36,601 [grpc-default-executor-9] INFO  impl.RoleInfo (RoleInfo.java:updateAndGet(143)) - 61d14648-e80d-4cd8-9e7c-6deb2f21aca8: start FollowerState
2019-10-19 01:14:36,601 [Thread-7757] INFO  impl.FollowerState (FollowerState.java:run(117)) - 61d14648-e80d-4cd8-9e7c-6deb2f21aca8@group-A3037D40E172-FollowerState was interrupted: java.lang.InterruptedException: sleep interrupted
2019-10-19 01:14:36,614 [f143d5cf-4038-4fa8-8601-f5a45f16ca3e@group-A3037D40E172-LeaderElection832] INFO  impl.LeaderElection (LeaderElection.java:logAndReturn(56)) - f143d5cf-4038-4fa8-8601-f5a45f16ca3e@group-A3037D40E172-LeaderElection832: Election REJECTED; received 2 response(s) [f143d5cf-4038-4fa8-8601-f5a45f16ca3e<-2543ffea-c5c6-4af0-856f-eb846bad755a#0:FAIL-t119, f143d5cf-4038-4fa8-8601-f5a45f16ca3e<-61d14648-e80d-4cd8-9e7c-6deb2f21aca8#0:FAIL-t119] and 0 exception(s); f143d5cf-4038-4fa8-8601-f5a45f16ca3e@group-A3037D40E172:t119, leader=null, voted=f143d5cf-4038-4fa8-8601-f5a45f16ca3e, raftlog=f143d5cf-4038-4fa8-8601-f5a45f16ca3e@group-A3037D40E172-SegmentedRaftLog:OPENED:c-1,f-1,i0, conf=-1: [f143d5cf-4038-4fa8-8601-f5a45f16ca3e:192.168.69.71:40169, 2543ffea-c5c6-4af0-856f-eb846bad755a:192.168.69.71:45287, 61d14648-e80d-4cd8-9e7c-6deb2f21aca8:192.168.69.71:42247], old=null
2019-10-19 01:14:36,614 [f143d5cf-4038-4fa8-8601-f5a45f16ca3e@group-A3037D40E172-LeaderElection832] INFO  impl.RaftServerImpl (RaftServerImpl.java:setRole(184)) - f143d5cf-4038-4fa8-8601-f5a45f16ca3e@group-A3037D40E172: changes role from CANDIDATE to FOLLOWER at term 119 for DISCOVERED_A_NEW_TERM
2019-10-19 01:14:36,614 [f143d5cf-4038-4fa8-8601-f5a45f16ca3e@group-A3037D40E172-LeaderElection832] INFO  impl.RoleInfo (RoleInfo.java:shutdownLeaderElection(134)) - f143d5cf-4038-4fa8-8601-f5a45f16ca3e: shutdown LeaderElection
2019-10-19 01:14:36,614 [f143d5cf-4038-4fa8-8601-f5a45f16ca3e@group-A3037D40E172-LeaderElection832] INFO  impl.RoleInfo (RoleInfo.java:updateAndGet(143)) - f143d5cf-4038-4fa8-8601-f5a45f16ca3e: start FollowerState
2019-10-19 01:14:36,642 [Thread-7770] INFO  impl.FollowerState (FollowerState.java:run(108)) - f143d5cf-4038-4fa8-8601-f5a45f16ca3e@group-A3037D40E172-FollowerState: change to CANDIDATE, lastRpcTime:28ms, electionTimeout:28ms
2019-10-19 01:14:36,643 [Thread-7770] INFO  impl.RoleInfo (RoleInfo.java:shutdownFollowerState(121)) - f143d5cf-4038-4fa8-8601-f5a45f16ca3e: shutdown FollowerState
2019-10-19 01:14:36,643 [Thread-7770] INFO  impl.RaftServerImpl (RaftServerImpl.java:setRole(184)) - f143d5cf-4038-4fa8-8601-f5a45f16ca3e@group-A3037D40E172: changes role from  FOLLOWER to CANDIDATE at term 119 for changeToCandidate
2019-10-19 01:14:36,643 [Thread-7770] INFO  impl.RoleInfo (RoleInfo.java:updateAndGet(143)) - f143d5cf-4038-4fa8-8601-f5a45f16ca3e: start LeaderElection
2019-10-19 01:14:36,657 [f143d5cf-4038-4fa8-8601-f5a45f16ca3e@group-A3037D40E172-LeaderElection833] INFO  impl.LeaderElection (LeaderElection.java:askForVotes(178)) - f143d5cf-4038-4fa8-8601-f5a45f16ca3e@group-A3037D40E172-LeaderElection833: begin an election at term 120 for -1: [f143d5cf-4038-4fa8-8601-f5a45f16ca3e:192.168.69.71:40169, 2543ffea-c5c6-4af0-856f-eb846bad755a:192.168.69.71:45287, 61d14648-e80d-4cd8-9e7c-6deb2f21aca8:192.168.69.71:42247], old=null
2019-10-19 01:14:36,658 [grpc-default-executor-9] INFO  impl.RaftServerImpl (RaftServerImpl.java:setRole(184)) - 2543ffea-c5c6-4af0-856f-eb846bad755a@group-A3037D40E172: changes role from  FOLLOWER to FOLLOWER at term 120 for recognizeCandidate:f143d5cf-4038-4fa8-8601-f5a45f16ca3e
2019-10-19 01:14:36,658 [grpc-default-executor-5] INFO  impl.RaftServerImpl (RaftServerImpl.java:setRole(184)) - 61d14648-e80d-4cd8-9e7c-6deb2f21aca8@group-A3037D40E172: changes role from  FOLLOWER to FOLLOWER at term 120 for recognizeCandidate:f143d5cf-4038-4fa8-8601-f5a45f16ca3e
2019-10-19 01:14:36,658 [grpc-default-executor-9] INFO  impl.RoleInfo (RoleInfo.java:shutdownFollowerState(121)) - 2543ffea-c5c6-4af0-856f-eb846bad755a: shutdown FollowerState
2019-10-19 01:14:36,658 [grpc-default-executor-5] INFO  impl.RoleInfo (RoleInfo.java:shutdownFollowerState(121)) - 61d14648-e80d-4cd8-9e7c-6deb2f21aca8: shutdown FollowerState
2019-10-19 01:14:36,659 [Thread-7768] INFO  impl.FollowerState (FollowerState.java:run(117)) - 2543ffea-c5c6-4af0-856f-eb846bad755a@group-A3037D40E172-FollowerState was interrupted: java.lang.InterruptedException: sleep interrupted
2019-10-19 01:14:36,659 [grpc-default-executor-9] INFO  impl.RoleInfo (RoleInfo.java:updateAndGet(143)) - 2543ffea-c5c6-4af0-856f-eb846bad755a: start FollowerState
2019-10-19 01:14:36,659 [Thread-7769] INFO  impl.FollowerState (FollowerState.java:run(117)) - 61d14648-e80d-4cd8-9e7c-6deb2f21aca8@group-A3037D40E172-FollowerState was interrupted: java.lang.InterruptedException: sleep interrupted
2019-10-19 01:14:36,659 [grpc-default-executor-5] INFO  impl.RoleInfo (RoleInfo.java:updateAndGet(143)) - 61d14648-e80d-4cd8-9e7c-6deb2f21aca8: start FollowerState
2019-10-19 01:14:36,673 [f143d5cf-4038-4fa8-8601-f5a45f16ca3e@group-A3037D40E172-LeaderElection833] INFO  impl.LeaderElection (LeaderElection.java:logAndReturn(56)) - f143d5cf-4038-4fa8-8601-f5a45f16ca3e@group-A3037D40E172-LeaderElection833: Election REJECTED; received 2 response(s) [f143d5cf-4038-4fa8-8601-f5a45f16ca3e<-2543ffea-c5c6-4af0-856f-eb846bad755a#0:FAIL-t120, f143d5cf-4038-4fa8-8601-f5a45f16ca3e<-61d14648-e80d-4cd8-9e7c-6deb2f21aca8#0:FAIL-t120] and 0 exception(s); f143d5cf-4038-4fa8-8601-f5a45f16ca3e@group-A3037D40E172:t120, leader=null, voted=f143d5cf-4038-4fa8-8601-f5a45f16ca3e, raftlog=f143d5cf-4038-4fa8-8601-f5a45f16ca3e@group-A3037D40E172-SegmentedRaftLog:OPENED:c-1,f-1,i0, conf=-1: [f143d5cf-4038-4fa8-8601-f5a45f16ca3e:192.168.69.71:40169, 2543ffea-c5c6-4af0-856f-eb846bad755a:192.168.69.71:45287, 61d14648-e80d-4cd8-9e7c-6deb2f21aca8:192.168.69.71:42247], old=null
2019-10-19 01:14:36,673 [f143d5cf-4038-4fa8-8601-f5a45f16ca3e@group-A3037D40E172-LeaderElection833] INFO  impl.RaftServerImpl (RaftServerImpl.java:setRole(184)) - f143d5cf-4038-4fa8-8601-f5a45f16ca3e@group-A3037D40E172: changes role from CANDIDATE to FOLLOWER at term 120 for DISCOVERED_A_NEW_TERM
2019-10-19 01:14:36,673 [f143d5cf-4038-4fa8-8601-f5a45f16ca3e@group-A3037D40E172-LeaderElection833] INFO  impl.RoleInfo (RoleInfo.java:shutdownLeaderElection(134)) - f143d5cf-4038-4fa8-8601-f5a45f16ca3e: shutdown LeaderElection
2019-10-19 01:14:36,673 [f143d5cf-4038-4fa8-8601-f5a45f16ca3e@group-A3037D40E172-LeaderElection833] INFO  impl.RoleInfo (RoleInfo.java:updateAndGet(143)) - f143d5cf-4038-4fa8-8601-f5a45f16ca3e: start FollowerState
2019-10-19 01:14:36,783 [Thread-7764] INFO  impl.FollowerState (FollowerState.java:run(108)) - 9c2d914d-67b1-4af9-8080-4d6ee007b506@group-20FCFA0487C4-FollowerState: change to CANDIDATE, lastRpcTime:198ms, electionTimeout:198ms
2019-10-19 01:14:36,783 [Thread-7764] INFO  impl.RoleInfo (RoleInfo.java:shutdownFollowerState(121)) - 9c2d914d-67b1-4af9-8080-4d6ee007b506: shutdown FollowerState
2019-10-19 01:14:36,783 [Thread-7764] INFO  impl.RaftServerImpl (RaftServerImpl.java:setRole(184)) - 9c2d914d-67b1-4af9-8080-4d6ee007b506@group-20FCFA0487C4: changes role from  FOLLOWER to CANDIDATE at term 114 for changeToCandidate
2019-10-19 01:14:36,784 [Thread-7764] INFO  impl.RoleInfo (RoleInfo.java:updateAndGet(143)) - 9c2d914d-67b1-4af9-8080-4d6ee007b506: start LeaderElection
2019-10-19 01:14:36,798 [9c2d914d-67b1-4af9-8080-4d6ee007b506@group-20FCFA0487C4-LeaderElection834] INFO  impl.LeaderElection (LeaderElection.java:askForVotes(178)) - 9c2d914d-67b1-4af9-8080-4d6ee007b506@group-20FCFA0487C4-LeaderElection834: begin an election at term 115 for -1: [88be3607-7667-471c-9070-7dfd13eb5ac8:192.168.69.71:32925, 9c2d914d-67b1-4af9-8080-4d6ee007b506:192.168.69.71:35462, 61d0b7dc-5f8b-422f-8693-c58167224d24:192.168.69.71:43479], old=null
2019-10-19 01:14:36,799 [grpc-default-executor-9] INFO  impl.RaftServerImpl (RaftServerImpl.java:setRole(184)) - 61d0b7dc-5f8b-422f-8693-c58167224d24@group-20FCFA0487C4: changes role from  FOLLOWER to FOLLOWER at term 115 for recognizeCandidate:9c2d914d-67b1-4af9-8080-4d6ee007b506
2019-10-19 01:14:36,799 [grpc-default-executor-9] INFO  impl.RoleInfo (RoleInfo.java:shutdownFollowerState(121)) - 61d0b7dc-5f8b-422f-8693-c58167224d24: shutdown FollowerState
2019-10-19 01:14:36,799 [grpc-default-executor-9] INFO  impl.RoleInfo (RoleInfo.java:updateAndGet(143)) - 61d0b7dc-5f8b-422f-8693-c58167224d24: start FollowerState
2019-10-19 01:14:36,799 [grpc-default-executor-5] INFO  impl.RaftServerImpl (RaftServerImpl.java:setRole(184)) - 88be3607-7667-471c-9070-7dfd13eb5ac8@group-20FCFA0487C4: changes role from  FOLLOWER to FOLLOWER at term 115 for recognizeCandidate:9c2d914d-67b1-4af9-8080-4d6ee007b506
2019-10-19 01:14:36,799 [Thread-7762] INFO  impl.FollowerState (FollowerState.java:run(117)) - 61d0b7dc-5f8b-422f-8693-c58167224d24@group-20FCFA0487C4-FollowerState was interrupted: java.lang.InterruptedException: sleep interrupted
2019-10-19 01:14:36,800 [grpc-default-executor-5] INFO  impl.RoleInfo (RoleInfo.java:shutdownFollowerState(121)) - 88be3607-7667-471c-9070-7dfd13eb5ac8: shutdown FollowerState
2019-10-19 01:14:36,800 [Thread-7763] INFO  impl.FollowerState (FollowerState.java:run(117)) - 88be3607-7667-471c-9070-7dfd13eb5ac8@group-20FCFA0487C4-FollowerState was interrupted: java.lang.InterruptedException: sleep interrupted
2019-10-19 01:14:36,800 [grpc-default-executor-5] INFO  impl.RoleInfo (RoleInfo.java:updateAndGet(143)) - 88be3607-7667-471c-9070-7dfd13eb5ac8: start FollowerState
2019-10-19 01:14:36,813 [9c2d914d-67b1-4af9-8080-4d6ee007b506@group-20FCFA0487C4-LeaderElection834] INFO  impl.LeaderElection (LeaderElection.java:logAndReturn(56)) - 9c2d914d-67b1-4af9-8080-4d6ee007b506@group-20FCFA0487C4-LeaderElection834: Election REJECTED; received 2 response(s) [9c2d914d-67b1-4af9-8080-4d6ee007b506<-88be3607-7667-471c-9070-7dfd13eb5ac8#0:FAIL-t115, 9c2d914d-67b1-4af9-8080-4d6ee007b506<-61d0b7dc-5f8b-422f-8693-c58167224d24#0:FAIL-t115] and 0 exception(s); 9c2d914d-67b1-4af9-8080-4d6ee007b506@group-20FCFA0487C4:t115, leader=null, voted=9c2d914d-67b1-4af9-8080-4d6ee007b506, raftlog=9c2d914d-67b1-4af9-8080-4d6ee007b506@group-20FCFA0487C4-SegmentedRaftLog:OPENED:c-1,f-1,i0, conf=-1: [88be3607-7667-471c-9070-7dfd13eb5ac8:192.168.69.71:32925, 9c2d914d-67b1-4af9-8080-4d6ee007b506:192.168.69.71:35462, 61d0b7dc-5f8b-422f-8693-c58167224d24:192.168.69.71:43479], old=null
2019-10-19 01:14:36,813 [9c2d914d-67b1-4af9-8080-4d6ee007b506@group-20FCFA0487C4-LeaderElection834] INFO  impl.RaftServerImpl (RaftServerImpl.java:setRole(184)) - 9c2d914d-67b1-4af9-8080-4d6ee007b506@group-20FCFA0487C4: changes role from CANDIDATE to FOLLOWER at term 115 for DISCOVERED_A_NEW_TERM
2019-10-19 01:14:36,813 [9c2d914d-67b1-4af9-8080-4d6ee007b506@group-20FCFA0487C4-LeaderElection834] INFO  impl.RoleInfo (RoleInfo.java:shutdownLeaderElection(134)) - 9c2d914d-67b1-4af9-8080-4d6ee007b506: shutdown LeaderElection
2019-10-19 01:14:36,814 [9c2d914d-67b1-4af9-8080-4d6ee007b506@group-20FCFA0487C4-LeaderElection834] INFO  impl.RoleInfo (RoleInfo.java:updateAndGet(143)) - 9c2d914d-67b1-4af9-8080-4d6ee007b506: start FollowerState
2019-10-19 01:14:36,859 [Thread-7778] INFO  impl.FollowerState (FollowerState.java:run(108)) - f143d5cf-4038-4fa8-8601-f5a45f16ca3e@group-A3037D40E172-FollowerState: change to CANDIDATE, lastRpcTime:186ms, electionTimeout:186ms
2019-10-19 01:14:36,859 [Thread-7778] INFO  impl.RoleInfo (RoleInfo.java:shutdownFollowerState(121)) - f143d5cf-4038-4fa8-8601-f5a45f16ca3e: shutdown FollowerState
2019-10-19 01:14:36,859 [Thread-7778] INFO  impl.RaftServerImpl (RaftServerImpl.java:setRole(184)) - f143d5cf-4038-4fa8-8601-f5a45f16ca3e@group-A3037D40E172: changes role from  FOLLOWER to CANDIDATE at term 120 for changeToCandidate
2019-10-19 01:14:36,860 [Thread-7778] INFO  impl.RoleInfo (RoleInfo.java:updateAndGet(143)) - f143d5cf-4038-4fa8-8601-f5a45f16ca3e: start LeaderElection
2019-10-19 01:14:36,872 [f143d5cf-4038-4fa8-8601-f5a45f16ca3e@group-A3037D40E172-LeaderElection835] INFO  impl.LeaderElection (LeaderElection.java:askForVotes(178)) - f143d5cf-4038-4fa8-8601-f5a45f16ca3e@group-A3037D40E172-LeaderElection835: begin an election at term 121 for -1: [f143d5cf-4038-4fa8-8601-f5a45f16ca3e:192.168.69.71:40169, 2543ffea-c5c6-4af0-856f-eb846bad755a:192.168.69.71:45287, 61d14648-e80d-4cd8-9e7c-6deb2f21aca8:192.168.69.71:42247], old=null
2019-10-19 01:14:36,873 [grpc-default-executor-9] INFO  impl.RaftServerImpl (RaftServerImpl.java:setRole(184)) - 2543ffea-c5c6-4af0-856f-eb846bad755a@group-A3037D40E172: changes role from  FOLLOWER to FOLLOWER at term 121 for recognizeCandidate:f143d5cf-4038-4fa8-8601-f5a45f16ca3e
2019-10-19 01:14:36,873 [grpc-default-executor-5] INFO  impl.RaftServerImpl (RaftServerImpl.java:setRole(184)) - 61d14648-e80d-4cd8-9e7c-6deb2f21aca8@group-A3037D40E172: changes role from  FOLLOWER to FOLLOWER at term 121 for recognizeCandidate:f143d5cf-4038-4fa8-8601-f5a45f16ca3e
2019-10-19 01:14:36,874 [grpc-default-executor-5] INFO  impl.RoleInfo (RoleInfo.java:shutdownFollowerState(121)) - 61d14648-e80d-4cd8-9e7c-6deb2f21aca8: shutdown FollowerState
2019-10-19 01:14:36,874 [grpc-default-executor-9] INFO  impl.RoleInfo (RoleInfo.java:shutdownFollowerState(121)) - 2543ffea-c5c6-4af0-856f-eb846bad755a: shutdown FollowerState
2019-10-19 01:14:36,874 [Thread-7777] INFO  impl.FollowerState (FollowerState.java:run(117)) - 61d14648-e80d-4cd8-9e7c-6deb2f21aca8@group-A3037D40E172-FollowerState was interrupted: java.lang.InterruptedException: sleep interrupted
2019-10-19 01:14:36,874 [grpc-default-executor-5] INFO  impl.RoleInfo (RoleInfo.java:updateAndGet(143)) - 61d14648-e80d-4cd8-9e7c-6deb2f21aca8: start FollowerState
2019-10-19 01:14:36,874 [Thread-7776] INFO  impl.FollowerState (FollowerState.java:run(117)) - 2543ffea-c5c6-4af0-856f-eb846bad755a@group-A3037D40E172-FollowerState was interrupted: java.lang.InterruptedException: sleep interrupted
2019-10-19 01:14:36,874 [grpc-default-executor-9] INFO  impl.RoleInfo (RoleInfo.java:updateAndGet(143)) - 2543ffea-c5c6-4af0-856f-eb846bad755a: start FollowerState
2019-10-19 01:14:36,888 [f143d5cf-4038-4fa8-8601-f5a45f16ca3e@group-A3037D40E172-LeaderElection835] INFO  impl.LeaderElection (LeaderElection.java:logAndReturn(56)) - f143d5cf-4038-4fa8-8601-f5a45f16ca3e@group-A3037D40E172-LeaderElection835: Election REJECTED; received 2 response(s) [f143d5cf-4038-4fa8-8601-f5a45f16ca3e<-2543ffea-c5c6-4af0-856f-eb846bad755a#0:FAIL-t121, f143d5cf-4038-4fa8-8601-f5a45f16ca3e<-61d14648-e80d-4cd8-9e7c-6deb2f21aca8#0:FAIL-t121] and 0 exception(s); f143d5cf-4038-4fa8-8601-f5a45f16ca3e@group-A3037D40E172:t121, leader=null, voted=f143d5cf-4038-4fa8-8601-f5a45f16ca3e, raftlog=f143d5cf-4038-4fa8-8601-f5a45f16ca3e@group-A3037D40E172-SegmentedRaftLog:OPENED:c-1,f-1,i0, conf=-1: [f143d5cf-4038-4fa8-8601-f5a45f16ca3e:192.168.69.71:40169, 2543ffea-c5c6-4af0-856f-eb846bad755a:192.168.69.71:45287, 61d14648-e80d-4cd8-9e7c-6deb2f21aca8:192.168.69.71:42247], old=null
2019-10-19 01:14:36,888 [f143d5cf-4038-4fa8-8601-f5a45f16ca3e@group-A3037D40E172-LeaderElection835] INFO  impl.RaftServerImpl (RaftServerImpl.java:setRole(184)) - f143d5cf-4038-4fa8-8601-f5a45f16ca3e@group-A3037D40E172: changes role from CANDIDATE to FOLLOWER at term 121 for DISCOVERED_A_NEW_TERM
2019-10-19 01:14:36,888 [f143d5cf-4038-4fa8-8601-f5a45f16ca3e@group-A3037D40E172-LeaderElection835] INFO  impl.RoleInfo (RoleInfo.java:shutdownLeaderElection(134)) - f143d5cf-4038-4fa8-8601-f5a45f16ca3e: shutdown LeaderElection
2019-10-19 01:14:36,888 [f143d5cf-4038-4fa8-8601-f5a45f16ca3e@group-A3037D40E172-LeaderElection835] INFO  impl.RoleInfo (RoleInfo.java:updateAndGet(143)) - f143d5cf-4038-4fa8-8601-f5a45f16ca3e: start FollowerState
2019-10-19 01:14:36,935 [Thread-7790] INFO  impl.FollowerState (FollowerState.java:run(108)) - f143d5cf-4038-4fa8-8601-f5a45f16ca3e@group-A3037D40E172-FollowerState: change to CANDIDATE, lastRpcTime:47ms, electionTimeout:47ms
2019-10-19 01:14:36,935 [Thread-7790] INFO  impl.RoleInfo (RoleInfo.java:shutdownFollowerState(121)) - f143d5cf-4038-4fa8-8601-f5a45f16ca3e: shutdown FollowerState
2019-10-19 01:14:36,935 [Thread-7790] INFO  impl.RaftServerImpl (RaftServerImpl.java:setRole(184)) - f143d5cf-4038-4fa8-8601-f5a45f16ca3e@group-A3037D40E172: changes role from  FOLLOWER to CANDIDATE at term 121 for changeToCandidate
2019-10-19 01:14:36,936 [Thread-7790] INFO  impl.RoleInfo (RoleInfo.java:updateAndGet(143)) - f143d5cf-4038-4fa8-8601-f5a45f16ca3e: start LeaderElection
2019-10-19 01:14:36,948 [f143d5cf-4038-4fa8-8601-f5a45f16ca3e@group-A3037D40E172-LeaderElection836] INFO  impl.LeaderElection (LeaderElection.java:askForVotes(178)) - f143d5cf-4038-4fa8-8601-f5a45f16ca3e@group-A3037D40E172-LeaderElection836: begin an election at term 122 for -1: [f143d5cf-4038-4fa8-8601-f5a45f16ca3e:192.168.69.71:40169, 2543ffea-c5c6-4af0-856f-eb846bad755a:192.168.69.71:45287, 61d14648-e80d-4cd8-9e7c-6deb2f21aca8:192.168.69.71:42247], old=null
2019-10-19 01:14:36,949 [grpc-default-executor-9] INFO  impl.RaftServerImpl (RaftServerImpl.java:setRole(184)) - 2543ffea-c5c6-4af0-856f-eb846bad755a@group-A3037D40E172: changes role from  FOLLOWER to FOLLOWER at term 122 for recognizeCandidate:f143d5cf-4038-4fa8-8601-f5a45f16ca3e
2019-10-19 01:14:36,949 [grpc-default-executor-9] INFO  impl.RoleInfo (RoleInfo.java:shutdownFollowerState(121)) - 2543ffea-c5c6-4af0-856f-eb846bad755a: shutdown FollowerState
2019-10-19 01:14:36,949 [grpc-default-executor-5] INFO  impl.RaftServerImpl (RaftServerImpl.java:setRole(184)) - 61d14648-e80d-4cd8-9e7c-6deb2f21aca8@group-A3037D40E172: changes role from  FOLLOWER to FOLLOWER at term 122 for recognizeCandidate:f143d5cf-4038-4fa8-8601-f5a45f16ca3e
2019-10-19 01:14:36,949 [Thread-7789] INFO  impl.FollowerState (FollowerState.java:run(117)) - 2543ffea-c5c6-4af0-856f-eb846bad755a@group-A3037D40E172-FollowerState was interrupted: java.lang.InterruptedException: sleep interrupted
2019-10-19 01:14:36,949 [grpc-default-executor-9] INFO  impl.RoleInfo (RoleInfo.java:updateAndGet(143)) - 2543ffea-c5c6-4af0-856f-eb846bad755a: start FollowerState
2019-10-19 01:14:36,949 [grpc-default-executor-5] INFO  impl.RoleInfo (RoleInfo.java:shutdownFollowerState(121)) - 61d14648-e80d-4cd8-9e7c-6deb2f21aca8: shutdown FollowerState
2019-10-19 01:14:36,950 [grpc-default-executor-5] INFO  impl.RoleInfo (RoleInfo.java:updateAndGet(143)) - 61d14648-e80d-4cd8-9e7c-6deb2f21aca8: start FollowerState
2019-10-19 01:14:36,950 [Thread-7788] INFO  impl.FollowerState (FollowerState.java:run(117)) - 61d14648-e80d-4cd8-9e7c-6deb2f21aca8@group-A3037D40E172-FollowerState was interrupted: java.lang.InterruptedException: sleep interrupted
2019-10-19 01:14:36,963 [f143d5cf-4038-4fa8-8601-f5a45f16ca3e@group-A3037D40E172-LeaderElection836] INFO  impl.LeaderElection (LeaderElection.java:logAndReturn(56)) - f143d5cf-4038-4fa8-8601-f5a45f16ca3e@group-A3037D40E172-LeaderElection836: Election REJECTED; received 2 response(s) [f143d5cf-4038-4fa8-8601-f5a45f16ca3e<-2543ffea-c5c6-4af0-856f-eb846bad755a#0:FAIL-t122, f143d5cf-4038-4fa8-8601-f5a45f16ca3e<-61d14648-e80d-4cd8-9e7c-6deb2f21aca8#0:FAIL-t122] and 0 exception(s); f143d5cf-4038-4fa8-8601-f5a45f16ca3e@group-A3037D40E172:t122, leader=null, voted=f143d5cf-4038-4fa8-8601-f5a45f16ca3e, raftlog=f143d5cf-4038-4fa8-8601-f5a45f16ca3e@group-A3037D40E172-SegmentedRaftLog:OPENED:c-1,f-1,i0, conf=-1: [f143d5cf-4038-4fa8-8601-f5a45f16ca3e:192.168.69.71:40169, 2543ffea-c5c6-4af0-856f-eb846bad755a:192.168.69.71:45287, 61d14648-e80d-4cd8-9e7c-6deb2f21aca8:192.168.69.71:42247], old=null
2019-10-19 01:14:36,964 [f143d5cf-4038-4fa8-8601-f5a45f16ca3e@group-A3037D40E172-LeaderElection836] INFO  impl.RaftServerImpl (RaftServerImpl.java:setRole(184)) - f143d5cf-4038-4fa8-8601-f5a45f16ca3e@group-A3037D40E172: changes role from CANDIDATE to FOLLOWER at term 122 for DISCOVERED_A_NEW_TERM
2019-10-19 01:14:36,964 [f143d5cf-4038-4fa8-8601-f5a45f16ca3e@group-A3037D40E172-LeaderElection836] INFO  impl.RoleInfo (RoleInfo.java:shutdownLeaderElection(134)) - f143d5cf-4038-4fa8-8601-f5a45f16ca3e: shutdown LeaderElection
2019-10-19 01:14:36,964 [f143d5cf-4038-4fa8-8601-f5a45f16ca3e@group-A3037D40E172-LeaderElection836] INFO  impl.RoleInfo (RoleInfo.java:updateAndGet(143)) - f143d5cf-4038-4fa8-8601-f5a45f16ca3e: start FollowerState
2019-10-19 01:14:36,992 [Thread-7784] INFO  impl.FollowerState (FollowerState.java:run(108)) - 9c2d914d-67b1-4af9-8080-4d6ee007b506@group-20FCFA0487C4-FollowerState: change to CANDIDATE, lastRpcTime:178ms, electionTimeout:178ms
2019-10-19 01:14:36,992 [Thread-7784] INFO  impl.RoleInfo (RoleInfo.java:shutdownFollowerState(121)) - 9c2d914d-67b1-4af9-8080-4d6ee007b506: shutdown FollowerState
2019-10-19 01:14:36,992 [Thread-7784] INFO  impl.RaftServerImpl (RaftServerImpl.java:setRole(184)) - 9c2d914d-67b1-4af9-8080-4d6ee007b506@group-20FCFA0487C4: changes role from  FOLLOWER to CANDIDATE at term 115 for changeToCandidate
2019-10-19 01:14:36,992 [Thread-7784] INFO  impl.RoleInfo (RoleInfo.java:updateAndGet(143)) - 9c2d914d-67b1-4af9-8080-4d6ee007b506: start LeaderElection
2019-10-19 01:14:37,005 [9c2d914d-67b1-4af9-8080-4d6ee007b506@group-20FCFA0487C4-LeaderElection837] INFO  impl.LeaderElection (LeaderElection.java:askForVotes(178)) - 9c2d914d-67b1-4af9-8080-4d6ee007b506@group-20FCFA0487C4-LeaderElection837: begin an election at term 116 for -1: [88be3607-7667-471c-9070-7dfd13eb5ac8:192.168.69.71:32925, 9c2d914d-67b1-4af9-8080-4d6ee007b506:192.168.69.71:35462, 61d0b7dc-5f8b-422f-8693-c58167224d24:192.168.69.71:43479], old=null
2019-10-19 01:14:37,010 [grpc-default-executor-9] INFO  impl.RaftServerImpl (RaftServerImpl.java:setRole(184)) - 88be3607-7667-471c-9070-7dfd13eb5ac8@group-20FCFA0487C4: changes role from  FOLLOWER to FOLLOWER at term 116 for recognizeCandidate:9c2d914d-67b1-4af9-8080-4d6ee007b506
2019-10-19 01:14:37,010 [grpc-default-executor-5] INFO  impl.RaftServerImpl (RaftServerImpl.java:setRole(184)) - 61d0b7dc-5f8b-422f-8693-c58167224d24@group-20FCFA0487C4: changes role from  FOLLOWER to FOLLOWER at term 116 for recognizeCandidate:9c2d914d-67b1-4af9-8080-4d6ee007b506
2019-10-19 01:14:37,010 [grpc-default-executor-5] INFO  impl.RoleInfo (RoleInfo.java:shutdownFollowerState(121)) - 61d0b7dc-5f8b-422f-8693-c58167224d24: shutdown FollowerState
2019-10-19 01:14:37,010 [grpc-default-executor-9] INFO  impl.RoleInfo (RoleInfo.java:shutdownFollowerState(121)) - 88be3607-7667-471c-9070-7dfd13eb5ac8: shutdown FollowerState
2019-10-19 01:14:37,010 [Thread-7782] INFO  impl.FollowerState (FollowerState.java:run(117)) - 61d0b7dc-5f8b-422f-8693-c58167224d24@group-20FCFA0487C4-FollowerState was interrupted: java.lang.InterruptedException: sleep interrupted
2019-10-19 01:14:37,010 [Thread-7783] INFO  impl.FollowerState (FollowerState.java:run(117)) - 88be3607-7667-471c-9070-7dfd13eb5ac8@group-20FCFA0487C4-FollowerState was interrupted: java.lang.InterruptedException: sleep interrupted
2019-10-19 01:14:37,010 [grpc-default-executor-5] INFO  impl.RoleInfo (RoleInfo.java:updateAndGet(143)) - 61d0b7dc-5f8b-422f-8693-c58167224d24: start FollowerState
2019-10-19 01:14:37,010 [grpc-default-executor-9] INFO  impl.RoleInfo (RoleInfo.java:updateAndGet(143)) - 88be3607-7667-471c-9070-7dfd13eb5ac8: start FollowerState
2019-10-19 01:14:37,023 [9c2d914d-67b1-4af9-8080-4d6ee007b506@group-20FCFA0487C4-LeaderElection837] INFO  impl.LeaderElection (LeaderElection.java:logAndReturn(56)) - 9c2d914d-67b1-4af9-8080-4d6ee007b506@group-20FCFA0487C4-LeaderElection837: Election REJECTED; received 2 response(s) [9c2d914d-67b1-4af9-8080-4d6ee007b506<-88be3607-7667-471c-9070-7dfd13eb5ac8#0:FAIL-t116, 9c2d914d-67b1-4af9-8080-4d6ee007b506<-61d0b7dc-5f8b-422f-8693-c58167224d24#0:FAIL-t116] and 0 exception(s); 9c2d914d-67b1-4af9-8080-4d6ee007b506@group-20FCFA0487C4:t116, leader=null, voted=9c2d914d-67b1-4af9-8080-4d6ee007b506, raftlog=9c2d914d-67b1-4af9-8080-4d6ee007b506@group-20FCFA0487C4-SegmentedRaftLog:OPENED:c-1,f-1,i0, conf=-1: [88be3607-7667-471c-9070-7dfd13eb5ac8:192.168.69.71:32925, 9c2d914d-67b1-4af9-8080-4d6ee007b506:192.168.69.71:35462, 61d0b7dc-5f8b-422f-8693-c58167224d24:192.168.69.71:43479], old=null
2019-10-19 01:14:37,023 [9c2d914d-67b1-4af9-8080-4d6ee007b506@group-20FCFA0487C4-LeaderElection837] INFO  impl.RaftServerImpl (RaftServerImpl.java:setRole(184)) - 9c2d914d-67b1-4af9-8080-4d6ee007b506@group-20FCFA0487C4: changes role from CANDIDATE to FOLLOWER at term 116 for DISCOVERED_A_NEW_TERM
2019-10-19 01:14:37,024 [9c2d914d-67b1-4af9-8080-4d6ee007b506@group-20FCFA0487C4-LeaderElection837] INFO  impl.RoleInfo (RoleInfo.java:shutdownLeaderElection(134)) - 9c2d914d-67b1-4af9-8080-4d6ee007b506: shutdown LeaderElection
2019-10-19 01:14:37,024 [9c2d914d-67b1-4af9-8080-4d6ee007b506@group-20FCFA0487C4-LeaderElection837] INFO  impl.RoleInfo (RoleInfo.java:updateAndGet(143)) - 9c2d914d-67b1-4af9-8080-4d6ee007b506: start FollowerState
2019-10-19 01:14:37,089 [Thread-7796] INFO  impl.FollowerState (FollowerState.java:run(108)) - f143d5cf-4038-4fa8-8601-f5a45f16ca3e@group-A3037D40E172-FollowerState: change to CANDIDATE, lastRpcTime:125ms, electionTimeout:125ms
2019-10-19 01:14:37,089 [Thread-7796] INFO  impl.RoleInfo (RoleInfo.java:shutdownFollowerState(121)) - f143d5cf-4038-4fa8-8601-f5a45f16ca3e: shutdown FollowerState
2019-10-19 01:14:37,089 [Thread-7796] INFO  impl.RaftServerImpl (RaftServerImpl.java:setRole(184)) - f143d5cf-4038-4fa8-8601-f5a45f16ca3e@group-A3037D40E172: changes role from  FOLLOWER to CANDIDATE at term 122 for changeToCandidate
2019-10-19 01:14:37,089 [Thread-7796] INFO  impl.RoleInfo (RoleInfo.java:updateAndGet(143)) - f143d5cf-4038-4fa8-8601-f5a45f16ca3e: start LeaderElection
2019-10-19 01:14:37,103 [f143d5cf-4038-4fa8-8601-f5a45f16ca3e@group-A3037D40E172-LeaderElection838] INFO  impl.LeaderElection (LeaderElection.java:askForVotes(178)) - f143d5cf-4038-4fa8-8601-f5a45f16ca3e@group-A3037D40E172-LeaderElection838: begin an election at term 123 for -1: [f143d5cf-4038-4fa8-8601-f5a45f16ca3e:192.168.69.71:40169, 2543ffea-c5c6-4af0-856f-eb846bad755a:192.168.69.71:45287, 61d14648-e80d-4cd8-9e7c-6deb2f21aca8:192.168.69.71:42247], old=null
2019-10-19 01:14:37,104 [grpc-default-executor-5] INFO  impl.RaftServerImpl (RaftServerImpl.java:setRole(184)) - 61d14648-e80d-4cd8-9e7c-6deb2f21aca8@group-A3037D40E172: changes role from  FOLLOWER to FOLLOWER at term 123 for recognizeCandidate:f143d5cf-4038-4fa8-8601-f5a45f16ca3e
2019-10-19 01:14:37,104 [grpc-default-executor-5] INFO  impl.RoleInfo (RoleInfo.java:shutdownFollowerState(121)) - 61d14648-e80d-4cd8-9e7c-6deb2f21aca8: shutdown FollowerState
2019-10-19 01:14:37,104 [grpc-default-executor-5] INFO  impl.RoleInfo (RoleInfo.java:updateAndGet(143)) - 61d14648-e80d-4cd8-9e7c-6deb2f21aca8: start FollowerState
2019-10-19 01:14:37,105 [Thread-7795] INFO  impl.FollowerState (FollowerState.java:run(117)) - 61d14648-e80d-4cd8-9e7c-6deb2f21aca8@group-A3037D40E172-FollowerState was interrupted: java.lang.InterruptedException: sleep interrupted
2019-10-19 01:14:37,105 [grpc-default-executor-9] INFO  impl.RaftServerImpl (RaftServerImpl.java:setRole(184)) - 2543ffea-c5c6-4af0-856f-eb846bad755a@group-A3037D40E172: changes role from  FOLLOWER to FOLLOWER at term 123 for recognizeCandidate:f143d5cf-4038-4fa8-8601-f5a45f16ca3e
2019-10-19 01:14:37,105 [grpc-default-executor-9] INFO  impl.RoleInfo (RoleInfo.java:shutdownFollowerState(121)) - 2543ffea-c5c6-4af0-856f-eb846bad755a: shutdown FollowerState
2019-10-19 01:14:37,105 [grpc-default-executor-9] INFO  impl.RoleInfo (RoleInfo.java:updateAndGet(143)) - 2543ffea-c5c6-4af0-856f-eb846bad755a: start FollowerState
2019-10-19 01:14:37,105 [Thread-7794] INFO  impl.FollowerState (FollowerState.java:run(117)) - 2543ffea-c5c6-4af0-856f-eb846bad755a@group-A3037D40E172-FollowerState was interrupted: java.lang.InterruptedException: sleep interrupted
2019-10-19 01:14:37,118 [f143d5cf-4038-4fa8-8601-f5a45f16ca3e@group-A3037D40E172-LeaderElection838] INFO  impl.LeaderElection (LeaderElection.java:logAndReturn(56)) - f143d5cf-4038-4fa8-8601-f5a45f16ca3e@group-A3037D40E172-LeaderElection838: Election REJECTED; received 2 response(s) [f143d5cf-4038-4fa8-8601-f5a45f16ca3e<-2543ffea-c5c6-4af0-856f-eb846bad755a#0:FAIL-t123, f143d5cf-4038-4fa8-8601-f5a45f16ca3e<-61d14648-e80d-4cd8-9e7c-6deb2f21aca8#0:FAIL-t123] and 0 exception(s); f143d5cf-4038-4fa8-8601-f5a45f16ca3e@group-A3037D40E172:t123, leader=null, voted=f143d5cf-4038-4fa8-8601-f5a45f16ca3e, raftlog=f143d5cf-4038-4fa8-8601-f5a45f16ca3e@group-A3037D40E172-SegmentedRaftLog:OPENED:c-1,f-1,i0, conf=-1: [f143d5cf-4038-4fa8-8601-f5a45f16ca3e:192.168.69.71:40169, 2543ffea-c5c6-4af0-856f-eb846bad755a:192.168.69.71:45287, 61d14648-e80d-4cd8-9e7c-6deb2f21aca8:192.168.69.71:42247], old=null
2019-10-19 01:14:37,118 [f143d5cf-4038-4fa8-8601-f5a45f16ca3e@group-A3037D40E172-LeaderElection838] INFO  impl.RaftServerImpl (RaftServerImpl.java:setRole(184)) - f143d5cf-4038-4fa8-8601-f5a45f16ca3e@group-A3037D40E172: changes role from CANDIDATE to FOLLOWER at term 123 for DISCOVERED_A_NEW_TERM
2019-10-19 01:14:37,118 [f143d5cf-4038-4fa8-8601-f5a45f16ca3e@group-A3037D40E172-LeaderElection838] INFO  impl.RoleInfo (RoleInfo.java:shutdownLeaderElection(134)) - f143d5cf-4038-4fa8-8601-f5a45f16ca3e: shutdown LeaderElection
2019-10-19 01:14:37,118 [f143d5cf-4038-4fa8-8601-f5a45f16ca3e@group-A3037D40E172-LeaderElection838] INFO  impl.RoleInfo (RoleInfo.java:updateAndGet(143)) - f143d5cf-4038-4fa8-8601-f5a45f16ca3e: start FollowerState
2019-10-19 01:14:37,201 [Thread-7802] INFO  impl.FollowerState (FollowerState.java:run(108)) - 9c2d914d-67b1-4af9-8080-4d6ee007b506@group-20FCFA0487C4-FollowerState: change to CANDIDATE, lastRpcTime:177ms, electionTimeout:177ms
2019-10-19 01:14:37,201 [Thread-7802] INFO  impl.RoleInfo (RoleInfo.java:shutdownFollowerState(121)) - 9c2d914d-67b1-4af9-8080-4d6ee007b506: shutdown FollowerState
2019-10-19 01:14:37,201 [Thread-7802] INFO  impl.RaftServerImpl (RaftServerImpl.java:setRole(184)) - 9c2d914d-67b1-4af9-8080-4d6ee007b506@group-20FCFA0487C4: changes role from  FOLLOWER to CANDIDATE at term 116 for changeToCandidate
2019-10-19 01:14:37,201 [Thread-7802] INFO  impl.RoleInfo (RoleInfo.java:updateAndGet(143)) - 9c2d914d-67b1-4af9-8080-4d6ee007b506: start LeaderElection
2019-10-19 01:14:37,215 [9c2d914d-67b1-4af9-8080-4d6ee007b506@group-20FCFA0487C4-LeaderElection839] INFO  impl.LeaderElection (LeaderElection.java:askForVotes(178)) - 9c2d914d-67b1-4af9-8080-4d6ee007b506@group-20FCFA0487C4-LeaderElection839: begin an election at term 117 for -1: [88be3607-7667-471c-9070-7dfd13eb5ac8:192.168.69.71:32925, 9c2d914d-67b1-4af9-8080-4d6ee007b506:192.168.69.71:35462, 61d0b7dc-5f8b-422f-8693-c58167224d24:192.168.69.71:43479], old=null
2019-10-19 01:14:37,217 [grpc-default-executor-9] INFO  impl.RaftServerImpl (RaftServerImpl.java:setRole(184)) - 61d0b7dc-5f8b-422f-8693-c58167224d24@group-20FCFA0487C4: changes role from  FOLLOWER to FOLLOWER at term 117 for recognizeCandidate:9c2d914d-67b1-4af9-8080-4d6ee007b506
2019-10-19 01:14:37,217 [grpc-default-executor-9] INFO  impl.RoleInfo (RoleInfo.java:shutdownFollowerState(121)) - 61d0b7dc-5f8b-422f-8693-c58167224d24: shutdown FollowerState
2019-10-19 01:14:37,217 [grpc-default-executor-9] INFO  impl.RoleInfo (RoleInfo.java:updateAndGet(143)) - 61d0b7dc-5f8b-422f-8693-c58167224d24: start FollowerState
2019-10-19 01:14:37,217 [Thread-7800] INFO  impl.FollowerState (FollowerState.java:run(117)) - 61d0b7dc-5f8b-422f-8693-c58167224d24@group-20FCFA0487C4-FollowerState was interrupted: java.lang.InterruptedException: sleep interrupted
2019-10-19 01:14:37,217 [grpc-default-executor-5] INFO  impl.RaftServerImpl (RaftServerImpl.java:setRole(184)) - 88be3607-7667-471c-9070-7dfd13eb5ac8@group-20FCFA0487C4: changes role from  FOLLOWER to FOLLOWER at term 117 for recognizeCandidate:9c2d914d-67b1-4af9-8080-4d6ee007b506
2019-10-19 01:14:37,218 [grpc-default-executor-5] INFO  impl.RoleInfo (RoleInfo.java:shutdownFollowerState(121)) - 88be3607-7667-471c-9070-7dfd13eb5ac8: shutdown FollowerState
2019-10-19 01:14:37,218 [grpc-default-executor-5] INFO  impl.RoleInfo (RoleInfo.java:updateAndGet(143)) - 88be3607-7667-471c-9070-7dfd13eb5ac8: start FollowerState
2019-10-19 01:14:37,218 [Thread-7801] INFO  impl.FollowerState (FollowerState.java:run(117)) - 88be3607-7667-471c-9070-7dfd13eb5ac8@group-20FCFA0487C4-FollowerState was interrupted: java.lang.InterruptedException: sleep interrupted
2019-10-19 01:14:37,220 [Thread-7810] INFO  impl.FollowerState (FollowerState.java:run(108)) - f143d5cf-4038-4fa8-8601-f5a45f16ca3e@group-A3037D40E172-FollowerState: change to CANDIDATE, lastRpcTime:101ms, electionTimeout:101ms
2019-10-19 01:14:37,220 [Thread-7810] INFO  impl.RoleInfo (RoleInfo.java:shutdownFollowerState(121)) - f143d5cf-4038-4fa8-8601-f5a45f16ca3e: shutdown FollowerState
2019-10-19 01:14:37,220 [Thread-7810] INFO  impl.RaftServerImpl (RaftServerImpl.java:setRole(184)) - f143d5cf-4038-4fa8-8601-f5a45f16ca3e@group-A3037D40E172: changes role from  FOLLOWER to CANDIDATE at term 123 for changeToCandidate
2019-10-19 01:14:37,220 [Thread-7810] INFO  impl.RoleInfo (RoleInfo.java:updateAndGet(143)) - f143d5cf-4038-4fa8-8601-f5a45f16ca3e: start LeaderElection
2019-10-19 01:14:37,231 [f143d5cf-4038-4fa8-8601-f5a45f16ca3e@group-A3037D40E172-LeaderElection840] INFO  impl.LeaderElection (LeaderElection.java:askForVotes(178)) - f143d5cf-4038-4fa8-8601-f5a45f16ca3e@group-A3037D40E172-LeaderElection840: begin an election at term 124 for -1: [f143d5cf-4038-4fa8-8601-f5a45f16ca3e:192.168.69.71:40169, 2543ffea-c5c6-4af0-856f-eb846bad755a:192.168.69.71:45287, 61d14648-e80d-4cd8-9e7c-6deb2f21aca8:192.168.69.71:42247], old=null
2019-10-19 01:14:37,231 [9c2d914d-67b1-4af9-8080-4d6ee007b506@group-20FCFA0487C4-LeaderElection839] INFO  impl.LeaderElection (LeaderElection.java:logAndReturn(56)) - 9c2d914d-67b1-4af9-8080-4d6ee007b506@group-20FCFA0487C4-LeaderElection839: Election REJECTED; received 2 response(s) [9c2d914d-67b1-4af9-8080-4d6ee007b506<-88be3607-7667-471c-9070-7dfd13eb5ac8#0:FAIL-t117, 9c2d914d-67b1-4af9-8080-4d6ee007b506<-61d0b7dc-5f8b-422f-8693-c58167224d24#0:FAIL-t117] and 0 exception(s); 9c2d914d-67b1-4af9-8080-4d6ee007b506@group-20FCFA0487C4:t117, leader=null, voted=9c2d914d-67b1-4af9-8080-4d6ee007b506, raftlog=9c2d914d-67b1-4af9-8080-4d6ee007b506@group-20FCFA0487C4-SegmentedRaftLog:OPENED:c-1,f-1,i0, conf=-1: [88be3607-7667-471c-9070-7dfd13eb5ac8:192.168.69.71:32925, 9c2d914d-67b1-4af9-8080-4d6ee007b506:192.168.69.71:35462, 61d0b7dc-5f8b-422f-8693-c58167224d24:192.168.69.71:43479], old=null
2019-10-19 01:14:37,232 [9c2d914d-67b1-4af9-8080-4d6ee007b506@group-20FCFA0487C4-LeaderElection839] INFO  impl.RaftServerImpl (RaftServerImpl.java:setRole(184)) - 9c2d914d-67b1-4af9-8080-4d6ee007b506@group-20FCFA0487C4: changes role from CANDIDATE to FOLLOWER at term 117 for DISCOVERED_A_NEW_TERM
2019-10-19 01:14:37,232 [9c2d914d-67b1-4af9-8080-4d6ee007b506@group-20FCFA0487C4-LeaderElection839] INFO  impl.RoleInfo (RoleInfo.java:shutdownLeaderElection(134)) - 9c2d914d-67b1-4af9-8080-4d6ee007b506: shutdown LeaderElection
2019-10-19 01:14:37,232 [9c2d914d-67b1-4af9-8080-4d6ee007b506@group-20FCFA0487C4-LeaderElection839] INFO  impl.RoleInfo (RoleInfo.java:updateAndGet(143)) - 9c2d914d-67b1-4af9-8080-4d6ee007b506: start FollowerState
2019-10-19 01:14:37,232 [grpc-default-executor-9] INFO  impl.RaftServerImpl (RaftServerImpl.java:setRole(184)) - 2543ffea-c5c6-4af0-856f-eb846bad755a@group-A3037D40E172: changes role from  FOLLOWER to FOLLOWER at term 124 for recognizeCandidate:f143d5cf-4038-4fa8-8601-f5a45f16ca3e
2019-10-19 01:14:37,232 [grpc-default-executor-9] INFO  impl.RoleInfo (RoleInfo.java:shutdownFollowerState(121)) - 2543ffea-c5c6-4af0-856f-eb846bad755a: shutdown FollowerState
2019-10-19 01:14:37,233 [grpc-default-executor-5] INFO  impl.RaftServerImpl (RaftServerImpl.java:setRole(184)) - 61d14648-e80d-4cd8-9e7c-6deb2f21aca8@group-A3037D40E172: changes role from  FOLLOWER to FOLLOWER at term 124 for recognizeCandidate:f143d5cf-4038-4fa8-8601-f5a45f16ca3e
2019-10-19 01:14:37,233 [grpc-default-executor-5] INFO  impl.RoleInfo (RoleInfo.java:shutdownFollowerState(121)) - 61d14648-e80d-4cd8-9e7c-6deb2f21aca8: shutdown FollowerState
2019-10-19 01:14:37,233 [Thread-7809] INFO  impl.FollowerState (FollowerState.java:run(117)) - 2543ffea-c5c6-4af0-856f-eb846bad755a@group-A3037D40E172-FollowerState was interrupted: java.lang.InterruptedException: sleep interrupted
2019-10-19 01:14:37,233 [grpc-default-executor-9] INFO  impl.RoleInfo (RoleInfo.java:updateAndGet(143)) - 2543ffea-c5c6-4af0-856f-eb846bad755a: start FollowerState
2019-10-19 01:14:37,233 [Thread-7808] INFO  impl.FollowerState (FollowerState.java:run(117)) - 61d14648-e80d-4cd8-9e7c-6deb2f21aca8@group-A3037D40E172-FollowerState was interrupted: java.lang.InterruptedException: sleep interrupted
2019-10-19 01:14:37,233 [grpc-default-executor-5] INFO  impl.RoleInfo (RoleInfo.java:updateAndGet(143)) - 61d14648-e80d-4cd8-9e7c-6deb2f21aca8: start FollowerState
2019-10-19 01:14:37,248 [f143d5cf-4038-4fa8-8601-f5a45f16ca3e@group-A3037D40E172-LeaderElection840] INFO  impl.LeaderElection (LeaderElection.java:logAndReturn(56)) - f143d5cf-4038-4fa8-8601-f5a45f16ca3e@group-A3037D40E172-LeaderElection840: Election REJECTED; received 2 response(s) [f143d5cf-4038-4fa8-8601-f5a45f16ca3e<-2543ffea-c5c6-4af0-856f-eb846bad755a#0:FAIL-t124, f143d5cf-4038-4fa8-8601-f5a45f16ca3e<-61d14648-e80d-4cd8-9e7c-6deb2f21aca8#0:FAIL-t124] and 0 exception(s); f143d5cf-4038-4fa8-8601-f5a45f16ca3e@group-A3037D40E172:t124, leader=null, voted=f143d5cf-4038-4fa8-8601-f5a45f16ca3e, raftlog=f143d5cf-4038-4fa8-8601-f5a45f16ca3e@group-A3037D40E172-SegmentedRaftLog:OPENED:c-1,f-1,i0, conf=-1: [f143d5cf-4038-4fa8-8601-f5a45f16ca3e:192.168.69.71:40169, 2543ffea-c5c6-4af0-856f-eb846bad755a:192.168.69.71:45287, 61d14648-e80d-4cd8-9e7c-6deb2f21aca8:192.168.69.71:42247], old=null
2019-10-19 01:14:37,248 [f143d5cf-4038-4fa8-8601-f5a45f16ca3e@group-A3037D40E172-LeaderElection840] INFO  impl.RaftServerImpl (RaftServerImpl.java:setRole(184)) - f143d5cf-4038-4fa8-8601-f5a45f16ca3e@group-A3037D40E172: changes role from CANDIDATE to FOLLOWER at term 124 for DISCOVERED_A_NEW_TERM
2019-10-19 01:14:37,248 [f143d5cf-4038-4fa8-8601-f5a45f16ca3e@group-A3037D40E172-LeaderElection840] INFO  impl.RoleInfo (RoleInfo.java:shutdownLeaderElection(134)) - f143d5cf-4038-4fa8-8601-f5a45f16ca3e: shutdown LeaderElection
2019-10-19 01:14:37,248 [f143d5cf-4038-4fa8-8601-f5a45f16ca3e@group-A3037D40E172-LeaderElection840] INFO  impl.RoleInfo (RoleInfo.java:updateAndGet(143)) - f143d5cf-4038-4fa8-8601-f5a45f16ca3e: start FollowerState
2019-10-19 01:14:37,311 [Thread-7824] INFO  impl.FollowerState (FollowerState.java:run(108)) - f143d5cf-4038-4fa8-8601-f5a45f16ca3e@group-A3037D40E172-FollowerState: change to CANDIDATE, lastRpcTime:63ms, electionTimeout:63ms
2019-10-19 01:14:37,311 [Thread-7824] INFO  impl.RoleInfo (RoleInfo.java:shutdownFollowerState(121)) - f143d5cf-4038-4fa8-8601-f5a45f16ca3e: shutdown FollowerState
2019-10-19 01:14:37,311 [Thread-7824] INFO  impl.RaftServerImpl (RaftServerImpl.java:setRole(184)) - f143d5cf-4038-4fa8-8601-f5a45f16ca3e@group-A3037D40E172: changes role from  FOLLOWER to CANDIDATE at term 124 for changeToCandidate
2019-10-19 01:14:37,312 [Thread-7824] INFO  impl.RoleInfo (RoleInfo.java:updateAndGet(143)) - f143d5cf-4038-4fa8-8601-f5a45f16ca3e: start LeaderElection
2019-10-19 01:14:37,337 [f143d5cf-4038-4fa8-8601-f5a45f16ca3e@group-A3037D40E172-LeaderElection841] INFO  impl.LeaderElection (LeaderElection.java:askForVotes(178)) - f143d5cf-4038-4fa8-8601-f5a45f16ca3e@group-A3037D40E172-LeaderElection841: begin an election at term 125 for -1: [f143d5cf-4038-4fa8-8601-f5a45f16ca3e:192.168.69.71:40169, 2543ffea-c5c6-4af0-856f-eb846bad755a:192.168.69.71:45287, 61d14648-e80d-4cd8-9e7c-6deb2f21aca8:192.168.69.71:42247], old=null
2019-10-19 01:14:37,338 [grpc-default-executor-5] INFO  impl.RaftServerImpl (RaftServerImpl.java:setRole(184)) - 2543ffea-c5c6-4af0-856f-eb846bad755a@group-A3037D40E172: changes role from  FOLLOWER to FOLLOWER at term 125 for recognizeCandidate:f143d5cf-4038-4fa8-8601-f5a45f16ca3e
2019-10-19 01:14:37,338 [grpc-default-executor-5] INFO  impl.RoleInfo (RoleInfo.java:shutdownFollowerState(121)) - 2543ffea-c5c6-4af0-856f-eb846bad755a: shutdown FollowerState
2019-10-19 01:14:37,338 [grpc-default-executor-9] INFO  impl.RaftServerImpl (RaftServerImpl.java:setRole(184)) - 61d14648-e80d-4cd8-9e7c-6deb2f21aca8@group-A3037D40E172: changes role from  FOLLOWER to FOLLOWER at term 125 for recognizeCandidate:f143d5cf-4038-4fa8-8601-f5a45f16ca3e
2019-10-19 01:14:37,338 [grpc-default-executor-9] INFO  impl.RoleInfo (RoleInfo.java:shutdownFollowerState(121)) - 61d14648-e80d-4cd8-9e7c-6deb2f21aca8: shutdown FollowerState
2019-10-19 01:14:37,338 [Thread-7822] INFO  impl.FollowerState (FollowerState.java:run(117)) - 2543ffea-c5c6-4af0-856f-eb846bad755a@group-A3037D40E172-FollowerState was interrupted: java.lang.InterruptedException: sleep interrupted
2019-10-19 01:14:37,338 [grpc-default-executor-5] INFO  impl.RoleInfo (RoleInfo.java:updateAndGet(143)) - 2543ffea-c5c6-4af0-856f-eb846bad755a: start FollowerState
2019-10-19 01:14:37,338 [Thread-7823] INFO  impl.FollowerState (FollowerState.java:run(117)) - 61d14648-e80d-4cd8-9e7c-6deb2f21aca8@group-A3037D40E172-FollowerState was interrupted: java.lang.InterruptedException: sleep interrupted
2019-10-19 01:14:37,338 [grpc-default-executor-9] INFO  impl.RoleInfo (RoleInfo.java:updateAndGet(143)) - 61d14648-e80d-4cd8-9e7c-6deb2f21aca8: start FollowerState
2019-10-19 01:14:37,352 [f143d5cf-4038-4fa8-8601-f5a45f16ca3e@group-A3037D40E172-LeaderElection841] INFO  impl.LeaderElection (LeaderElection.java:logAndReturn(56)) - f143d5cf-4038-4fa8-8601-f5a45f16ca3e@group-A3037D40E172-LeaderElection841: Election REJECTED; received 2 response(s) [f143d5cf-4038-4fa8-8601-f5a45f16ca3e<-2543ffea-c5c6-4af0-856f-eb846bad755a#0:FAIL-t125, f143d5cf-4038-4fa8-8601-f5a45f16ca3e<-61d14648-e80d-4cd8-9e7c-6deb2f21aca8#0:FAIL-t125] and 0 exception(s); f143d5cf-4038-4fa8-8601-f5a45f16ca3e@group-A3037D40E172:t125, leader=null, voted=f143d5cf-4038-4fa8-8601-f5a45f16ca3e, raftlog=f143d5cf-4038-4fa8-8601-f5a45f16ca3e@group-A3037D40E172-SegmentedRaftLog:OPENED:c-1,f-1,i0, conf=-1: [f143d5cf-4038-4fa8-8601-f5a45f16ca3e:192.168.69.71:40169, 2543ffea-c5c6-4af0-856f-eb846bad755a:192.168.69.71:45287, 61d14648-e80d-4cd8-9e7c-6deb2f21aca8:192.168.69.71:42247], old=null
2019-10-19 01:14:37,352 [f143d5cf-4038-4fa8-8601-f5a45f16ca3e@group-A3037D40E172-LeaderElection841] INFO  impl.RaftServerImpl (RaftServerImpl.java:setRole(184)) - f143d5cf-4038-4fa8-8601-f5a45f16ca3e@group-A3037D40E172: changes role from CANDIDATE to FOLLOWER at term 125 for DISCOVERED_A_NEW_TERM
2019-10-19 01:14:37,352 [f143d5cf-4038-4fa8-8601-f5a45f16ca3e@group-A3037D40E172-LeaderElection841] INFO  impl.RoleInfo (RoleInfo.java:shutdownLeaderElection(134)) - f143d5cf-4038-4fa8-8601-f5a45f16ca3e: shutdown LeaderElection
2019-10-19 01:14:37,353 [f143d5cf-4038-4fa8-8601-f5a45f16ca3e@group-A3037D40E172-LeaderElection841] INFO  impl.RoleInfo (RoleInfo.java:updateAndGet(143)) - f143d5cf-4038-4fa8-8601-f5a45f16ca3e: start FollowerState
2019-10-19 01:14:37,427 [Thread-7821] INFO  impl.FollowerState (FollowerState.java:run(108)) - 9c2d914d-67b1-4af9-8080-4d6ee007b506@group-20FCFA0487C4-FollowerState: change to CANDIDATE, lastRpcTime:195ms, electionTimeout:195ms
2019-10-19 01:14:37,427 [Thread-7821] INFO  impl.RoleInfo (RoleInfo.java:shutdownFollowerState(121)) - 9c2d914d-67b1-4af9-8080-4d6ee007b506: shutdown FollowerState
2019-10-19 01:14:37,428 [Thread-7821] INFO  impl.RaftServerImpl (RaftServerImpl.java:setRole(184)) - 9c2d914d-67b1-4af9-8080-4d6ee007b506@group-20FCFA0487C4: changes role from  FOLLOWER to CANDIDATE at term 117 for changeToCandidate
2019-10-19 01:14:37,428 [Thread-7821] INFO  impl.RoleInfo (RoleInfo.java:updateAndGet(143)) - 9c2d914d-67b1-4af9-8080-4d6ee007b506: start LeaderElection
2019-10-19 01:14:37,449 [9c2d914d-67b1-4af9-8080-4d6ee007b506@group-20FCFA0487C4-LeaderElection842] INFO  impl.LeaderElection (LeaderElection.java:askForVotes(178)) - 9c2d914d-67b1-4af9-8080-4d6ee007b506@group-20FCFA0487C4-LeaderElection842: begin an election at term 118 for -1: [88be3607-7667-471c-9070-7dfd13eb5ac8:192.168.69.71:32925, 9c2d914d-67b1-4af9-8080-4d6ee007b506:192.168.69.71:35462, 61d0b7dc-5f8b-422f-8693-c58167224d24:192.168.69.71:43479], old=null
2019-10-19 01:14:37,450 [grpc-default-executor-5] INFO  impl.RaftServerImpl (RaftServerImpl.java:setRole(184)) - 88be3607-7667-471c-9070-7dfd13eb5ac8@group-20FCFA0487C4: changes role from  FOLLOWER to FOLLOWER at term 118 for recognizeCandidate:9c2d914d-67b1-4af9-8080-4d6ee007b506
2019-10-19 01:14:37,451 [grpc-default-executor-5] INFO  impl.RoleInfo (RoleInfo.java:shutdownFollowerState(121)) - 88be3607-7667-471c-9070-7dfd13eb5ac8: shutdown FollowerState
2019-10-19 01:14:37,451 [grpc-default-executor-9] INFO  impl.RaftServerImpl (RaftServerImpl.java:setRole(184)) - 61d0b7dc-5f8b-422f-8693-c58167224d24@group-20FCFA0487C4: changes role from  FOLLOWER to FOLLOWER at term 118 for recognizeCandidate:9c2d914d-67b1-4af9-8080-4d6ee007b506
2019-10-19 01:14:37,451 [Thread-7817] INFO  impl.FollowerState (FollowerState.java:run(117)) - 88be3607-7667-471c-9070-7dfd13eb5ac8@group-20FCFA0487C4-FollowerState was interrupted: java.lang.InterruptedException: sleep interrupted
2019-10-19 01:14:37,451 [grpc-default-executor-5] INFO  impl.RoleInfo (RoleInfo.java:updateAndGet(143)) - 88be3607-7667-471c-9070-7dfd13eb5ac8: start FollowerState
2019-10-19 01:14:37,451 [grpc-default-executor-9] INFO  impl.RoleInfo (RoleInfo.java:shutdownFollowerState(121)) - 61d0b7dc-5f8b-422f-8693-c58167224d24: shutdown FollowerState
2019-10-19 01:14:37,451 [grpc-default-executor-9] INFO  impl.RoleInfo (RoleInfo.java:updateAndGet(143)) - 61d0b7dc-5f8b-422f-8693-c58167224d24: start FollowerState
2019-10-19 01:14:37,451 [Thread-7816] INFO  impl.FollowerState (FollowerState.java:run(117)) - 61d0b7dc-5f8b-422f-8693-c58167224d24@group-20FCFA0487C4-FollowerState was interrupted: java.lang.InterruptedException: sleep interrupted
2019-10-19 01:14:37,465 [9c2d914d-67b1-4af9-8080-4d6ee007b506@group-20FCFA0487C4-LeaderElection842] INFO  impl.LeaderElection (LeaderElection.java:logAndReturn(56)) - 9c2d914d-67b1-4af9-8080-4d6ee007b506@group-20FCFA0487C4-LeaderElection842: Election REJECTED; received 2 response(s) [9c2d914d-67b1-4af9-8080-4d6ee007b506<-88be3607-7667-471c-9070-7dfd13eb5ac8#0:FAIL-t118, 9c2d914d-67b1-4af9-8080-4d6ee007b506<-61d0b7dc-5f8b-422f-8693-c58167224d24#0:FAIL-t118] and 0 exception(s); 9c2d914d-67b1-4af9-8080-4d6ee007b506@group-20FCFA0487C4:t118, leader=null, voted=9c2d914d-67b1-4af9-8080-4d6ee007b506, raftlog=9c2d914d-67b1-4af9-8080-4d6ee007b506@group-20FCFA0487C4-SegmentedRaftLog:OPENED:c-1,f-1,i0, conf=-1: [88be3607-7667-471c-9070-7dfd13eb5ac8:192.168.69.71:32925, 9c2d914d-67b1-4af9-8080-4d6ee007b506:192.168.69.71:35462, 61d0b7dc-5f8b-422f-8693-c58167224d24:192.168.69.71:43479], old=null
2019-10-19 01:14:37,465 [9c2d914d-67b1-4af9-8080-4d6ee007b506@group-20FCFA0487C4-LeaderElection842] INFO  impl.RaftServerImpl (RaftServerImpl.java:setRole(184)) - 9c2d914d-67b1-4af9-8080-4d6ee007b506@group-20FCFA0487C4: changes role from CANDIDATE to FOLLOWER at term 118 for DISCOVERED_A_NEW_TERM
2019-10-19 01:14:37,465 [9c2d914d-67b1-4af9-8080-4d6ee007b506@group-20FCFA0487C4-LeaderElection842] INFO  impl.RoleInfo (RoleInfo.java:shutdownLeaderElection(134)) - 9c2d914d-67b1-4af9-8080-4d6ee007b506: shutdown LeaderElection
2019-10-19 01:14:37,465 [9c2d914d-67b1-4af9-8080-4d6ee007b506@group-20FCFA0487C4-LeaderElection842] INFO  impl.RoleInfo (RoleInfo.java:updateAndGet(143)) - 9c2d914d-67b1-4af9-8080-4d6ee007b506: start FollowerState
2019-10-19 01:14:37,540 [Thread-7830] INFO  impl.FollowerState (FollowerState.java:run(108)) - f143d5cf-4038-4fa8-8601-f5a45f16ca3e@group-A3037D40E172-FollowerState: change to CANDIDATE, lastRpcTime:187ms, electionTimeout:187ms
2019-10-19 01:14:37,540 [Thread-7830] INFO  impl.RoleInfo (RoleInfo.java:shutdownFollowerState(121)) - f143d5cf-4038-4fa8-8601-f5a45f16ca3e: shutdown FollowerState
2019-10-19 01:14:37,540 [Thread-7830] INFO  impl.RaftServerImpl (RaftServerImpl.java:setRole(184)) - f143d5cf-4038-4fa8-8601-f5a45f16ca3e@group-A3037D40E172: changes role from  FOLLOWER to CANDIDATE at term 125 for changeToCandidate
2019-10-19 01:14:37,540 [Thread-7830] INFO  impl.RoleInfo (RoleInfo.java:updateAndGet(143)) - f143d5cf-4038-4fa8-8601-f5a45f16ca3e: start LeaderElection
2019-10-19 01:14:37,560 [f143d5cf-4038-4fa8-8601-f5a45f16ca3e@group-A3037D40E172-LeaderElection843] INFO  impl.LeaderElection (LeaderElection.java:askForVotes(178)) - f143d5cf-4038-4fa8-8601-f5a45f16ca3e@group-A3037D40E172-LeaderElection843: begin an election at term 126 for -1: [f143d5cf-4038-4fa8-8601-f5a45f16ca3e:192.168.69.71:40169, 2543ffea-c5c6-4af0-856f-eb846bad755a:192.168.69.71:45287, 61d14648-e80d-4cd8-9e7c-6deb2f21aca8:192.168.69.71:42247], old=null
2019-10-19 01:14:37,561 [grpc-default-executor-5] INFO  impl.RaftServerImpl (RaftServerImpl.java:setRole(184)) - 2543ffea-c5c6-4af0-856f-eb846bad755a@group-A3037D40E172: changes role from  FOLLOWER to FOLLOWER at term 126 for recognizeCandidate:f143d5cf-4038-4fa8-8601-f5a45f16ca3e
2019-10-19 01:14:37,561 [grpc-default-executor-5] INFO  impl.RoleInfo (RoleInfo.java:shutdownFollowerState(121)) - 2543ffea-c5c6-4af0-856f-eb846bad755a: shutdown FollowerState
2019-10-19 01:14:37,561 [grpc-default-executor-9] INFO  impl.RaftServerImpl (RaftServerImpl.java:setRole(184)) - 61d14648-e80d-4cd8-9e7c-6deb2f21aca8@group-A3037D40E172: changes role from  FOLLOWER to FOLLOWER at term 126 for recognizeCandidate:f143d5cf-4038-4fa8-8601-f5a45f16ca3e
2019-10-19 01:14:37,561 [Thread-7828] INFO  impl.FollowerState (FollowerState.java:run(117)) - 2543ffea-c5c6-4af0-856f-eb846bad755a@group-A3037D40E172-FollowerState was interrupted: java.lang.InterruptedException: sleep interrupted
2019-10-19 01:14:37,561 [grpc-default-executor-5] INFO  impl.RoleInfo (RoleInfo.java:updateAndGet(143)) - 2543ffea-c5c6-4af0-856f-eb846bad755a: start FollowerState
2019-10-19 01:14:37,561 [grpc-default-executor-9] INFO  impl.RoleInfo (RoleInfo.java:shutdownFollowerState(121)) - 61d14648-e80d-4cd8-9e7c-6deb2f21aca8: shutdown FollowerState
2019-10-19 01:14:37,562 [grpc-default-executor-9] INFO  impl.RoleInfo (RoleInfo.java:updateAndGet(143)) - 61d14648-e80d-4cd8-9e7c-6deb2f21aca8: start FollowerState
2019-10-19 01:14:37,562 [Thread-7829] INFO  impl.FollowerState (FollowerState.java:run(117)) - 61d14648-e80d-4cd8-9e7c-6deb2f21aca8@group-A3037D40E172-FollowerState was interrupted: java.lang.InterruptedException: sleep interrupted
2019-10-19 01:14:37,577 [f143d5cf-4038-4fa8-8601-f5a45f16ca3e@group-A3037D40E172-LeaderElection843] INFO  impl.LeaderElection (LeaderElection.java:logAndReturn(56)) - f143d5cf-4038-4fa8-8601-f5a45f16ca3e@group-A3037D40E172-LeaderElection843: Election REJECTED; received 2 response(s) [f143d5cf-4038-4fa8-8601-f5a45f16ca3e<-2543ffea-c5c6-4af0-856f-eb846bad755a#0:FAIL-t126, f143d5cf-4038-4fa8-8601-f5a45f16ca3e<-61d14648-e80d-4cd8-9e7c-6deb2f21aca8#0:FAIL-t126] and 0 exception(s); f143d5cf-4038-4fa8-8601-f5a45f16ca3e@group-A3037D40E172:t126, leader=null, voted=f143d5cf-4038-4fa8-8601-f5a45f16ca3e, raftlog=f143d5cf-4038-4fa8-8601-f5a45f16ca3e@group-A3037D40E172-SegmentedRaftLog:OPENED:c-1,f-1,i0, conf=-1: [f143d5cf-4038-4fa8-8601-f5a45f16ca3e:192.168.69.71:40169, 2543ffea-c5c6-4af0-856f-eb846bad755a:192.168.69.71:45287, 61d14648-e80d-4cd8-9e7c-6deb2f21aca8:192.168.69.71:42247], old=null
2019-10-19 01:14:37,577 [f143d5cf-4038-4fa8-8601-f5a45f16ca3e@group-A3037D40E172-LeaderElection843] INFO  impl.RaftServerImpl (RaftServerImpl.java:setRole(184)) - f143d5cf-4038-4fa8-8601-f5a45f16ca3e@group-A3037D40E172: changes role from CANDIDATE to FOLLOWER at term 126 for DISCOVERED_A_NEW_TERM
2019-10-19 01:14:37,577 [f143d5cf-4038-4fa8-8601-f5a45f16ca3e@group-A3037D40E172-LeaderElection843] INFO  impl.RoleInfo (RoleInfo.java:shutdownLeaderElection(134)) - f143d5cf-4038-4fa8-8601-f5a45f16ca3e: shutdown LeaderElection
2019-10-19 01:14:37,577 [f143d5cf-4038-4fa8-8601-f5a45f16ca3e@group-A3037D40E172-LeaderElection843] INFO  impl.RoleInfo (RoleInfo.java:updateAndGet(143)) - f143d5cf-4038-4fa8-8601-f5a45f16ca3e: start FollowerState
2019-10-19 01:14:37,630 [Thread-7836] INFO  impl.FollowerState (FollowerState.java:run(108)) - 9c2d914d-67b1-4af9-8080-4d6ee007b506@group-20FCFA0487C4-FollowerState: change to CANDIDATE, lastRpcTime:165ms, electionTimeout:165ms
2019-10-19 01:14:37,631 [Thread-7836] INFO  impl.RoleInfo (RoleInfo.java:shutdownFollowerState(121)) - 9c2d914d-67b1-4af9-8080-4d6ee007b506: shutdown FollowerState
2019-10-19 01:14:37,631 [Thread-7836] INFO  impl.RaftServerImpl (RaftServerImpl.java:setRole(184)) - 9c2d914d-67b1-4af9-8080-4d6ee007b506@group-20FCFA0487C4: changes role from  FOLLOWER to CANDIDATE at term 118 for changeToCandidate
2019-10-19 01:14:37,631 [Thread-7836] INFO  impl.RoleInfo (RoleInfo.java:updateAndGet(143)) - 9c2d914d-67b1-4af9-8080-4d6ee007b506: start LeaderElection
2019-10-19 01:14:37,644 [9c2d914d-67b1-4af9-8080-4d6ee007b506@group-20FCFA0487C4-LeaderElection844] INFO  impl.LeaderElection (LeaderElection.java:askForVotes(178)) - 9c2d914d-67b1-4af9-8080-4d6ee007b506@group-20FCFA0487C4-LeaderElection844: begin an election at term 119 for -1: [88be3607-7667-471c-9070-7dfd13eb5ac8:192.168.69.71:32925, 9c2d914d-67b1-4af9-8080-4d6ee007b506:192.168.69.71:35462, 61d0b7dc-5f8b-422f-8693-c58167224d24:192.168.69.71:43479], old=null
2019-10-19 01:14:37,645 [grpc-default-executor-5] INFO  impl.RaftServerImpl (RaftServerImpl.java:setRole(184)) - 88be3607-7667-471c-9070-7dfd13eb5ac8@group-20FCFA0487C4: changes role from  FOLLOWER to FOLLOWER at term 119 for recognizeCandidate:9c2d914d-67b1-4af9-8080-4d6ee007b506
2019-10-19 01:14:37,645 [grpc-default-executor-9] INFO  impl.RaftServerImpl (RaftServerImpl.java:setRole(184)) - 61d0b7dc-5f8b-422f-8693-c58167224d24@group-20FCFA0487C4: changes role from  FOLLOWER to FOLLOWER at term 119 for recognizeCandidate:9c2d914d-67b1-4af9-8080-4d6ee007b506
2019-10-19 01:14:37,645 [grpc-default-executor-5] INFO  impl.RoleInfo (RoleInfo.java:shutdownFollowerState(121)) - 88be3607-7667-471c-9070-7dfd13eb5ac8: shutdown FollowerState
2019-10-19 01:14:37,645 [grpc-default-executor-9] INFO  impl.RoleInfo (RoleInfo.java:shutdownFollowerState(121)) - 61d0b7dc-5f8b-422f-8693-c58167224d24: shutdown FollowerState
2019-10-19 01:14:37,645 [grpc-default-executor-5] INFO  impl.RoleInfo (RoleInfo.java:updateAndGet(143)) - 88be3607-7667-471c-9070-7dfd13eb5ac8: start FollowerState
2019-10-19 01:14:37,645 [grpc-default-executor-9] INFO  impl.RoleInfo (RoleInfo.java:updateAndGet(143)) - 61d0b7dc-5f8b-422f-8693-c58167224d24: start FollowerState
2019-10-19 01:14:37,645 [Thread-7834] INFO  impl.FollowerState (FollowerState.java:run(117)) - 88be3607-7667-471c-9070-7dfd13eb5ac8@group-20FCFA0487C4-FollowerState was interrupted: java.lang.InterruptedException: sleep interrupted
2019-10-19 01:14:37,645 [Thread-7835] INFO  impl.FollowerState (FollowerState.java:run(117)) - 61d0b7dc-5f8b-422f-8693-c58167224d24@group-20FCFA0487C4-FollowerState was interrupted: java.lang.InterruptedException: sleep interrupted
2019-10-19 01:14:37,660 [9c2d914d-67b1-4af9-8080-4d6ee007b506@group-20FCFA0487C4-LeaderElection844] INFO  impl.LeaderElection (LeaderElection.java:logAndReturn(56)) - 9c2d914d-67b1-4af9-8080-4d6ee007b506@group-20FCFA0487C4-LeaderElection844: Election REJECTED; received 2 response(s) [9c2d914d-67b1-4af9-8080-4d6ee007b506<-88be3607-7667-471c-9070-7dfd13eb5ac8#0:FAIL-t119, 9c2d914d-67b1-4af9-8080-4d6ee007b506<-61d0b7dc-5f8b-422f-8693-c58167224d24#0:FAIL-t119] and 0 exception(s); 9c2d914d-67b1-4af9-8080-4d6ee007b506@group-20FCFA0487C4:t119, leader=null, voted=9c2d914d-67b1-4af9-8080-4d6ee007b506, raftlog=9c2d914d-67b1-4af9-8080-4d6ee007b506@group-20FCFA0487C4-SegmentedRaftLog:OPENED:c-1,f-1,i0, conf=-1: [88be3607-7667-471c-9070-7dfd13eb5ac8:192.168.69.71:32925, 9c2d914d-67b1-4af9-8080-4d6ee007b506:192.168.69.71:35462, 61d0b7dc-5f8b-422f-8693-c58167224d24:192.168.69.71:43479], old=null
2019-10-19 01:14:37,660 [9c2d914d-67b1-4af9-8080-4d6ee007b506@group-20FCFA0487C4-LeaderElection844] INFO  impl.RaftServerImpl (RaftServerImpl.java:setRole(184)) - 9c2d914d-67b1-4af9-8080-4d6ee007b506@group-20FCFA0487C4: changes role from CANDIDATE to FOLLOWER at term 119 for DISCOVERED_A_NEW_TERM
2019-10-19 01:14:37,660 [9c2d914d-67b1-4af9-8080-4d6ee007b506@group-20FCFA0487C4-LeaderElection844] INFO  impl.RoleInfo (RoleInfo.java:shutdownLeaderElection(134)) - 9c2d914d-67b1-4af9-8080-4d6ee007b506: shutdown LeaderElection
2019-10-19 01:14:37,661 [9c2d914d-67b1-4af9-8080-4d6ee007b506@group-20FCFA0487C4-LeaderElection844] INFO  impl.RoleInfo (RoleInfo.java:updateAndGet(143)) - 9c2d914d-67b1-4af9-8080-4d6ee007b506: start FollowerState
2019-10-19 01:14:37,677 [Thread-7850] INFO  impl.FollowerState (FollowerState.java:run(108)) - 9c2d914d-67b1-4af9-8080-4d6ee007b506@group-20FCFA0487C4-FollowerState: change to CANDIDATE, lastRpcTime:16ms, electionTimeout:16ms
2019-10-19 01:14:37,677 [Thread-7850] INFO  impl.RoleInfo (RoleInfo.java:shutdownFollowerState(121)) - 9c2d914d-67b1-4af9-8080-4d6ee007b506: shutdown FollowerState
2019-10-19 01:14:37,677 [Thread-7850] INFO  impl.RaftServerImpl (RaftServerImpl.java:setRole(184)) - 9c2d914d-67b1-4af9-8080-4d6ee007b506@group-20FCFA0487C4: changes role from  FOLLOWER to CANDIDATE at term 119 for changeToCandidate
2019-10-19 01:14:37,677 [Thread-7850] INFO  impl.RoleInfo (RoleInfo.java:updateAndGet(143)) - 9c2d914d-67b1-4af9-8080-4d6ee007b506: start LeaderElection
2019-10-19 01:14:37,691 [9c2d914d-67b1-4af9-8080-4d6ee007b506@group-20FCFA0487C4-LeaderElection845] INFO  impl.LeaderElection (LeaderElection.java:askForVotes(178)) - 9c2d914d-67b1-4af9-8080-4d6ee007b506@group-20FCFA0487C4-LeaderElection845: begin an election at term 120 for -1: [88be3607-7667-471c-9070-7dfd13eb5ac8:192.168.69.71:32925, 9c2d914d-67b1-4af9-8080-4d6ee007b506:192.168.69.71:35462, 61d0b7dc-5f8b-422f-8693-c58167224d24:192.168.69.71:43479], old=null
2019-10-19 01:14:37,692 [grpc-default-executor-5] INFO  impl.RaftServerImpl (RaftServerImpl.java:setRole(184)) - 88be3607-7667-471c-9070-7dfd13eb5ac8@group-20FCFA0487C4: changes role from  FOLLOWER to FOLLOWER at term 120 for recognizeCandidate:9c2d914d-67b1-4af9-8080-4d6ee007b506
2019-10-19 01:14:37,692 [grpc-default-executor-5] INFO  impl.RoleInfo (RoleInfo.java:shutdownFollowerState(121)) - 88be3607-7667-471c-9070-7dfd13eb5ac8: shutdown FollowerState
2019-10-19 01:14:37,692 [grpc-default-executor-5] INFO  impl.RoleInfo (RoleInfo.java:updateAndGet(143)) - 88be3607-7667-471c-9070-7dfd13eb5ac8: start FollowerState
2019-10-19 01:14:37,692 [Thread-7848] INFO  impl.FollowerState (FollowerState.java:run(117)) - 88be3607-7667-471c-9070-7dfd13eb5ac8@group-20FCFA0487C4-FollowerState was interrupted: java.lang.InterruptedException: sleep interrupted
2019-10-19 01:14:37,693 [grpc-default-executor-9] INFO  impl.RaftServerImpl (RaftServerImpl.java:setRole(184)) - 61d0b7dc-5f8b-422f-8693-c58167224d24@group-20FCFA0487C4: changes role from  FOLLOWER to FOLLOWER at term 120 for recognizeCandidate:9c2d914d-67b1-4af9-8080-4d6ee007b506
2019-10-19 01:14:37,693 [grpc-default-executor-9] INFO  impl.RoleInfo (RoleInfo.java:shutdownFollowerState(121)) - 61d0b7dc-5f8b-422f-8693-c58167224d24: shutdown FollowerState
2019-10-19 01:14:37,693 [grpc-default-executor-9] INFO  impl.RoleInfo (RoleInfo.java:updateAndGet(143)) - 61d0b7dc-5f8b-422f-8693-c58167224d24: start FollowerState
2019-10-19 01:14:37,693 [Thread-7849] INFO  impl.FollowerState (FollowerState.java:run(117)) - 61d0b7dc-5f8b-422f-8693-c58167224d24@group-20FCFA0487C4-FollowerState was interrupted: java.lang.InterruptedException: sleep interrupted
2019-10-19 01:14:37,706 [9c2d914d-67b1-4af9-8080-4d6ee007b506@group-20FCFA0487C4-LeaderElection845] INFO  impl.LeaderElection (LeaderElection.java:logAndReturn(56)) - 9c2d914d-67b1-4af9-8080-4d6ee007b506@group-20FCFA0487C4-LeaderElection845: Election REJECTED; received 2 response(s) [9c2d914d-67b1-4af9-8080-4d6ee007b506<-88be3607-7667-471c-9070-7dfd13eb5ac8#0:FAIL-t120, 9c2d914d-67b1-4af9-8080-4d6ee007b506<-61d0b7dc-5f8b-422f-8693-c58167224d24#0:FAIL-t120] and 0 exception(s); 9c2d914d-67b1-4af9-8080-4d6ee007b506@group-20FCFA0487C4:t120, leader=null, voted=9c2d914d-67b1-4af9-8080-4d6ee007b506, raftlog=9c2d914d-67b1-4af9-8080-4d6ee007b506@group-20FCFA0487C4-SegmentedRaftLog:OPENED:c-1,f-1,i0, conf=-1: [88be3607-7667-471c-9070-7dfd13eb5ac8:192.168.69.71:32925, 9c2d914d-67b1-4af9-8080-4d6ee007b506:192.168.69.71:35462, 61d0b7dc-5f8b-422f-8693-c58167224d24:192.168.69.71:43479], old=null
2019-10-19 01:14:37,706 [9c2d914d-67b1-4af9-8080-4d6ee007b506@group-20FCFA0487C4-LeaderElection845] INFO  impl.RaftServerImpl (RaftServerImpl.java:setRole(184)) - 9c2d914d-67b1-4af9-8080-4d6ee007b506@group-20FCFA0487C4: changes role from CANDIDATE to FOLLOWER at term 120 for DISCOVERED_A_NEW_TERM
2019-10-19 01:14:37,706 [9c2d914d-67b1-4af9-8080-4d6ee007b506@group-20FCFA0487C4-LeaderElection845] INFO  impl.RoleInfo (RoleInfo.java:shutdownLeaderElection(134)) - 9c2d914d-67b1-4af9-8080-4d6ee007b506: shutdown LeaderElection
2019-10-19 01:14:37,706 [9c2d914d-67b1-4af9-8080-4d6ee007b506@group-20FCFA0487C4-LeaderElection845] INFO  impl.RoleInfo (RoleInfo.java:updateAndGet(143)) - 9c2d914d-67b1-4af9-8080-4d6ee007b506: start FollowerState
2019-10-19 01:14:37,747 [Thread-7842] INFO  impl.FollowerState (FollowerState.java:run(108)) - f143d5cf-4038-4fa8-8601-f5a45f16ca3e@group-A3037D40E172-FollowerState: change to CANDIDATE, lastRpcTime:170ms, electionTimeout:170ms
2019-10-19 01:14:37,747 [Thread-7842] INFO  impl.RoleInfo (RoleInfo.java:shutdownFollowerState(121)) - f143d5cf-4038-4fa8-8601-f5a45f16ca3e: shutdown FollowerState
2019-10-19 01:14:37,748 [Thread-7842] INFO  impl.RaftServerImpl (RaftServerImpl.java:setRole(184)) - f143d5cf-4038-4fa8-8601-f5a45f16ca3e@group-A3037D40E172: changes role from  FOLLOWER to CANDIDATE at term 126 for changeToCandidate
2019-10-19 01:14:37,748 [Thread-7842] INFO  impl.RoleInfo (RoleInfo.java:updateAndGet(143)) - f143d5cf-4038-4fa8-8601-f5a45f16ca3e: start LeaderElection
2019-10-19 01:14:37,761 [f143d5cf-4038-4fa8-8601-f5a45f16ca3e@group-A3037D40E172-LeaderElection846] INFO  impl.LeaderElection (LeaderElection.java:askForVotes(178)) - f143d5cf-4038-4fa8-8601-f5a45f16ca3e@group-A3037D40E172-LeaderElection846: begin an election at term 127 for -1: [f143d5cf-4038-4fa8-8601-f5a45f16ca3e:192.168.69.71:40169, 2543ffea-c5c6-4af0-856f-eb846bad755a:192.168.69.71:45287, 61d14648-e80d-4cd8-9e7c-6deb2f21aca8:192.168.69.71:42247], old=null
2019-10-19 01:14:37,765 [grpc-default-executor-9] INFO  impl.RaftServerImpl (RaftServerImpl.java:setRole(184)) - 2543ffea-c5c6-4af0-856f-eb846bad755a@group-A3037D40E172: changes role from  FOLLOWER to FOLLOWER at term 127 for recognizeCandidate:f143d5cf-4038-4fa8-8601-f5a45f16ca3e
2019-10-19 01:14:37,766 [grpc-default-executor-9] INFO  impl.RoleInfo (RoleInfo.java:shutdownFollowerState(121)) - 2543ffea-c5c6-4af0-856f-eb846bad755a: shutdown FollowerState
2019-10-19 01:14:37,765 [grpc-default-executor-5] INFO  impl.RaftServerImpl (RaftServerImpl.java:setRole(184)) - 61d14648-e80d-4cd8-9e7c-6deb2f21aca8@group-A3037D40E172: changes role from  FOLLOWER to FOLLOWER at term 127 for recognizeCandidate:f143d5cf-4038-4fa8-8601-f5a45f16ca3e
2019-10-19 01:14:37,766 [Thread-7840] INFO  impl.FollowerState (FollowerState.java:run(117)) - 2543ffea-c5c6-4af0-856f-eb846bad755a@group-A3037D40E172-FollowerState was interrupted: java.lang.InterruptedException: sleep interrupted
2019-10-19 01:14:37,766 [grpc-default-executor-9] INFO  impl.RoleInfo (RoleInfo.java:updateAndGet(143)) - 2543ffea-c5c6-4af0-856f-eb846bad755a: start FollowerState
2019-10-19 01:14:37,766 [grpc-default-executor-5] INFO  impl.RoleInfo (RoleInfo.java:shutdownFollowerState(121)) - 61d14648-e80d-4cd8-9e7c-6deb2f21aca8: shutdown FollowerState
2019-10-19 01:14:37,766 [grpc-default-executor-5] INFO  impl.RoleInfo (RoleInfo.java:updateAndGet(143)) - 61d14648-e80d-4cd8-9e7c-6deb2f21aca8: start FollowerState
2019-10-19 01:14:37,766 [Thread-7841] INFO  impl.FollowerState (FollowerState.java:run(117)) - 61d14648-e80d-4cd8-9e7c-6deb2f21aca8@group-A3037D40E172-FollowerState was interrupted: java.lang.InterruptedException: sleep interrupted
2019-10-19 01:14:37,780 [f143d5cf-4038-4fa8-8601-f5a45f16ca3e@group-A3037D40E172-LeaderElection846] INFO  impl.LeaderElection (LeaderElection.java:logAndReturn(56)) - f143d5cf-4038-4fa8-8601-f5a45f16ca3e@group-A3037D40E172-LeaderElection846: Election REJECTED; received 2 response(s) [f143d5cf-4038-4fa8-8601-f5a45f16ca3e<-2543ffea-c5c6-4af0-856f-eb846bad755a#0:FAIL-t127, f143d5cf-4038-4fa8-8601-f5a45f16ca3e<-61d14648-e80d-4cd8-9e7c-6deb2f21aca8#0:FAIL-t127] and 0 exception(s); f143d5cf-4038-4fa8-8601-f5a45f16ca3e@group-A3037D40E172:t127, leader=null, voted=f143d5cf-4038-4fa8-8601-f5a45f16ca3e, raftlog=f143d5cf-4038-4fa8-8601-f5a45f16ca3e@group-A3037D40E172-SegmentedRaftLog:OPENED:c-1,f-1,i0, conf=-1: [f143d5cf-4038-4fa8-8601-f5a45f16ca3e:192.168.69.71:40169, 2543ffea-c5c6-4af0-856f-eb846bad755a:192.168.69.71:45287, 61d14648-e80d-4cd8-9e7c-6deb2f21aca8:192.168.69.71:42247], old=null
2019-10-19 01:14:37,780 [f143d5cf-4038-4fa8-8601-f5a45f16ca3e@group-A3037D40E172-LeaderElection846] INFO  impl.RaftServerImpl (RaftServerImpl.java:setRole(184)) - f143d5cf-4038-4fa8-8601-f5a45f16ca3e@group-A3037D40E172: changes role from CANDIDATE to FOLLOWER at term 127 for DISCOVERED_A_NEW_TERM
2019-10-19 01:14:37,780 [f143d5cf-4038-4fa8-8601-f5a45f16ca3e@group-A3037D40E172-LeaderElection846] INFO  impl.RoleInfo (RoleInfo.java:shutdownLeaderElection(134)) - f143d5cf-4038-4fa8-8601-f5a45f16ca3e: shutdown LeaderElection
2019-10-19 01:14:37,781 [f143d5cf-4038-4fa8-8601-f5a45f16ca3e@group-A3037D40E172-LeaderElection846] INFO  impl.RoleInfo (RoleInfo.java:updateAndGet(143)) - f143d5cf-4038-4fa8-8601-f5a45f16ca3e: start FollowerState
2019-10-19 01:14:37,850 [Thread-7856] INFO  impl.FollowerState (FollowerState.java:run(108)) - 9c2d914d-67b1-4af9-8080-4d6ee007b506@group-20FCFA0487C4-FollowerState: change to CANDIDATE, lastRpcTime:144ms, electionTimeout:144ms
2019-10-19 01:14:37,850 [Thread-7856] INFO  impl.RoleInfo (RoleInfo.java:shutdownFollowerState(121)) - 9c2d914d-67b1-4af9-8080-4d6ee007b506: shutdown FollowerState
2019-10-19 01:14:37,850 [Thread-7856] INFO  impl.RaftServerImpl (RaftServerImpl.java:setRole(184)) - 9c2d914d-67b1-4af9-8080-4d6ee007b506@group-20FCFA0487C4: changes role from  FOLLOWER to CANDIDATE at term 120 for changeToCandidate
2019-10-19 01:14:37,850 [Thread-7856] INFO  impl.RoleInfo (RoleInfo.java:updateAndGet(143)) - 9c2d914d-67b1-4af9-8080-4d6ee007b506: start LeaderElection
2019-10-19 01:14:37,856 [9c2d914d-67b1-4af9-8080-4d6ee007b506@group-20FCFA0487C4-LeaderElection847] INFO  impl.LeaderElection (LeaderElection.java:askForVotes(178)) - 9c2d914d-67b1-4af9-8080-4d6ee007b506@group-20FCFA0487C4-LeaderElection847: begin an election at term 121 for -1: [88be3607-7667-471c-9070-7dfd13eb5ac8:192.168.69.71:32925, 9c2d914d-67b1-4af9-8080-4d6ee007b506:192.168.69.71:35462, 61d0b7dc-5f8b-422f-8693-c58167224d24:192.168.69.71:43479], old=null
2019-10-19 01:14:37,858 [grpc-default-executor-5] INFO  impl.RaftServerImpl (RaftServerImpl.java:setRole(184)) - 61d0b7dc-5f8b-422f-8693-c58167224d24@group-20FCFA0487C4: changes role from  FOLLOWER to FOLLOWER at term 121 for recognizeCandidate:9c2d914d-67b1-4af9-8080-4d6ee007b506
2019-10-19 01:14:37,858 [grpc-default-executor-9] INFO  impl.RaftServerImpl (RaftServerImpl.java:setRole(184)) - 88be3607-7667-471c-9070-7dfd13eb5ac8@group-20FCFA0487C4: changes role from  FOLLOWER to FOLLOWER at term 121 for recognizeCandidate:9c2d914d-67b1-4af9-8080-4d6ee007b506
2019-10-19 01:14:37,858 [grpc-default-executor-9] INFO  impl.RoleInfo (RoleInfo.java:shutdownFollowerState(121)) - 88be3607-7667-471c-9070-7dfd13eb5ac8: shutdown FollowerState
2019-10-19 01:14:37,858 [grpc-default-executor-5] INFO  impl.RoleInfo (RoleInfo.java:shutdownFollowerState(121)) - 61d0b7dc-5f8b-422f-8693-c58167224d24: shutdown FollowerState
2019-10-19 01:14:37,858 [Thread-7854] INFO  impl.FollowerState (FollowerState.java:run(117)) - 88be3607-7667-471c-9070-7dfd13eb5ac8@group-20FCFA0487C4-FollowerState was interrupted: java.lang.InterruptedException: sleep interrupted
2019-10-19 01:14:37,858 [grpc-default-executor-9] INFO  impl.RoleInfo (RoleInfo.java:updateAndGet(143)) - 88be3607-7667-471c-9070-7dfd13eb5ac8: start FollowerState
2019-10-19 01:14:37,858 [Thread-7855] INFO  impl.FollowerState (FollowerState.java:run(117)) - 61d0b7dc-5f8b-422f-8693-c58167224d24@group-20FCFA0487C4-FollowerState was interrupted: java.lang.InterruptedException: sleep interrupted
2019-10-19 01:14:37,858 [grpc-default-executor-5] INFO  impl.RoleInfo (RoleInfo.java:updateAndGet(143)) - 61d0b7dc-5f8b-422f-8693-c58167224d24: start FollowerState
2019-10-19 01:14:37,872 [9c2d914d-67b1-4af9-8080-4d6ee007b506@group-20FCFA0487C4-LeaderElection847] INFO  impl.LeaderElection (LeaderElection.java:logAndReturn(56)) - 9c2d914d-67b1-4af9-8080-4d6ee007b506@group-20FCFA0487C4-LeaderElection847: Election REJECTED; received 2 response(s) [9c2d914d-67b1-4af9-8080-4d6ee007b506<-88be3607-7667-471c-9070-7dfd13eb5ac8#0:FAIL-t121, 9c2d914d-67b1-4af9-8080-4d6ee007b506<-61d0b7dc-5f8b-422f-8693-c58167224d24#0:FAIL-t121] and 0 exception(s); 9c2d914d-67b1-4af9-8080-4d6ee007b506@group-20FCFA0487C4:t121, leader=null, voted=9c2d914d-67b1-4af9-8080-4d6ee007b506, raftlog=9c2d914d-67b1-4af9-8080-4d6ee007b506@group-20FCFA0487C4-SegmentedRaftLog:OPENED:c-1,f-1,i0, conf=-1: [88be3607-7667-471c-9070-7dfd13eb5ac8:192.168.69.71:32925, 9c2d914d-67b1-4af9-8080-4d6ee007b506:192.168.69.71:35462, 61d0b7dc-5f8b-422f-8693-c58167224d24:192.168.69.71:43479], old=null
2019-10-19 01:14:37,872 [9c2d914d-67b1-4af9-8080-4d6ee007b506@group-20FCFA0487C4-LeaderElection847] INFO  impl.RaftServerImpl (RaftServerImpl.java:setRole(184)) - 9c2d914d-67b1-4af9-8080-4d6ee007b506@group-20FCFA0487C4: changes role from CANDIDATE to FOLLOWER at term 121 for DISCOVERED_A_NEW_TERM
2019-10-19 01:14:37,872 [9c2d914d-67b1-4af9-8080-4d6ee007b506@group-20FCFA0487C4-LeaderElection847] INFO  impl.RoleInfo (RoleInfo.java:shutdownLeaderElection(134)) - 9c2d914d-67b1-4af9-8080-4d6ee007b506: shutdown LeaderElection
2019-10-19 01:14:37,872 [9c2d914d-67b1-4af9-8080-4d6ee007b506@group-20FCFA0487C4-LeaderElection847] INFO  impl.RoleInfo (RoleInfo.java:updateAndGet(143)) - 9c2d914d-67b1-4af9-8080-4d6ee007b506: start FollowerState
2019-10-19 01:14:37,897 [Thread-7868] INFO  impl.FollowerState (FollowerState.java:run(108)) - 9c2d914d-67b1-4af9-8080-4d6ee007b506@group-20FCFA0487C4-FollowerState: change to CANDIDATE, lastRpcTime:25ms, electionTimeout:25ms
2019-10-19 01:14:37,897 [Thread-7868] INFO  impl.RoleInfo (RoleInfo.java:shutdownFollowerState(121)) - 9c2d914d-67b1-4af9-8080-4d6ee007b506: shutdown FollowerState
2019-10-19 01:14:37,897 [Thread-7868] INFO  impl.RaftServerImpl (RaftServerImpl.java:setRole(184)) - 9c2d914d-67b1-4af9-8080-4d6ee007b506@group-20FCFA0487C4: changes role from  FOLLOWER to CANDIDATE at term 121 for changeToCandidate
2019-10-19 01:14:37,898 [Thread-7868] INFO  impl.RoleInfo (RoleInfo.java:updateAndGet(143)) - 9c2d914d-67b1-4af9-8080-4d6ee007b506: start LeaderElection
2019-10-19 01:14:37,911 [9c2d914d-67b1-4af9-8080-4d6ee007b506@group-20FCFA0487C4-LeaderElection848] INFO  impl.LeaderElection (LeaderElection.java:askForVotes(178)) - 9c2d914d-67b1-4af9-8080-4d6ee007b506@group-20FCFA0487C4-LeaderElection848: begin an election at term 122 for -1: [88be3607-7667-471c-9070-7dfd13eb5ac8:192.168.69.71:32925, 9c2d914d-67b1-4af9-8080-4d6ee007b506:192.168.69.71:35462, 61d0b7dc-5f8b-422f-8693-c58167224d24:192.168.69.71:43479], old=null
2019-10-19 01:14:37,912 [grpc-default-executor-9] INFO  impl.RaftServerImpl (RaftServerImpl.java:setRole(184)) - 88be3607-7667-471c-9070-7dfd13eb5ac8@group-20FCFA0487C4: changes role from  FOLLOWER to FOLLOWER at term 122 for recognizeCandidate:9c2d914d-67b1-4af9-8080-4d6ee007b506
2019-10-19 01:14:37,912 [grpc-default-executor-5] INFO  impl.RaftServerImpl (RaftServerImpl.java:setRole(184)) - 61d0b7dc-5f8b-422f-8693-c58167224d24@group-20FCFA0487C4: changes role from  FOLLOWER to FOLLOWER at term 122 for recognizeCandidate:9c2d914d-67b1-4af9-8080-4d6ee007b506
2019-10-19 01:14:37,912 [grpc-default-executor-9] INFO  impl.RoleInfo (RoleInfo.java:shutdownFollowerState(121)) - 88be3607-7667-471c-9070-7dfd13eb5ac8: shutdown FollowerState
2019-10-19 01:14:37,912 [grpc-default-executor-5] INFO  impl.RoleInfo (RoleInfo.java:shutdownFollowerState(121)) - 61d0b7dc-5f8b-422f-8693-c58167224d24: shutdown FollowerState
2019-10-19 01:14:37,912 [Thread-7866] INFO  impl.FollowerState (FollowerState.java:run(117)) - 88be3607-7667-471c-9070-7dfd13eb5ac8@group-20FCFA0487C4-FollowerState was interrupted: java.lang.InterruptedException: sleep interrupted
2019-10-19 01:14:37,912 [grpc-default-executor-9] INFO  impl.RoleInfo (RoleInfo.java:updateAndGet(143)) - 88be3607-7667-471c-9070-7dfd13eb5ac8: start FollowerState
2019-10-19 01:14:37,912 [grpc-default-executor-5] INFO  impl.RoleInfo (RoleInfo.java:updateAndGet(143)) - 61d0b7dc-5f8b-422f-8693-c58167224d24: start FollowerState
2019-10-19 01:14:37,912 [Thread-7867] INFO  impl.FollowerState (FollowerState.java:run(117)) - 61d0b7dc-5f8b-422f-8693-c58167224d24@group-20FCFA0487C4-FollowerState was interrupted: java.lang.InterruptedException: sleep interrupted
2019-10-19 01:14:37,926 [9c2d914d-67b1-4af9-8080-4d6ee007b506@group-20FCFA0487C4-LeaderElection848] INFO  impl.LeaderElection (LeaderElection.java:logAndReturn(56)) - 9c2d914d-67b1-4af9-8080-4d6ee007b506@group-20FCFA0487C4-LeaderElection848: Election REJECTED; received 2 response(s) [9c2d914d-67b1-4af9-8080-4d6ee007b506<-88be3607-7667-471c-9070-7dfd13eb5ac8#0:FAIL-t122, 9c2d914d-67b1-4af9-8080-4d6ee007b506<-61d0b7dc-5f8b-422f-8693-c58167224d24#0:FAIL-t122] and 0 exception(s); 9c2d914d-67b1-4af9-8080-4d6ee007b506@group-20FCFA0487C4:t122, leader=null, voted=9c2d914d-67b1-4af9-8080-4d6ee007b506, raftlog=9c2d914d-67b1-4af9-8080-4d6ee007b506@group-20FCFA0487C4-SegmentedRaftLog:OPENED:c-1,f-1,i0, conf=-1: [88be3607-7667-471c-9070-7dfd13eb5ac8:192.168.69.71:32925, 9c2d914d-67b1-4af9-8080-4d6ee007b506:192.168.69.71:35462, 61d0b7dc-5f8b-422f-8693-c58167224d24:192.168.69.71:43479], old=null
2019-10-19 01:14:37,926 [9c2d914d-67b1-4af9-8080-4d6ee007b506@group-20FCFA0487C4-LeaderElection848] INFO  impl.RaftServerImpl (RaftServerImpl.java:setRole(184)) - 9c2d914d-67b1-4af9-8080-4d6ee007b506@group-20FCFA0487C4: changes role from CANDIDATE to FOLLOWER at term 122 for DISCOVERED_A_NEW_TERM
2019-10-19 01:14:37,926 [9c2d914d-67b1-4af9-8080-4d6ee007b506@group-20FCFA0487C4-LeaderElection848] INFO  impl.RoleInfo (RoleInfo.java:shutdownLeaderElection(134)) - 9c2d914d-67b1-4af9-8080-4d6ee007b506: shutdown LeaderElection
2019-10-19 01:14:37,926 [9c2d914d-67b1-4af9-8080-4d6ee007b506@group-20FCFA0487C4-LeaderElection848] INFO  impl.RoleInfo (RoleInfo.java:updateAndGet(143)) - 9c2d914d-67b1-4af9-8080-4d6ee007b506: start FollowerState
2019-10-19 01:14:37,949 [Thread-7862] INFO  impl.FollowerState (FollowerState.java:run(108)) - f143d5cf-4038-4fa8-8601-f5a45f16ca3e@group-A3037D40E172-FollowerState: change to CANDIDATE, lastRpcTime:168ms, electionTimeout:168ms
2019-10-19 01:14:37,949 [Thread-7862] INFO  impl.RoleInfo (RoleInfo.java:shutdownFollowerState(121)) - f143d5cf-4038-4fa8-8601-f5a45f16ca3e: shutdown FollowerState
2019-10-19 01:14:37,949 [Thread-7862] INFO  impl.RaftServerImpl (RaftServerImpl.java:setRole(184)) - f143d5cf-4038-4fa8-8601-f5a45f16ca3e@group-A3037D40E172: changes role from  FOLLOWER to CANDIDATE at term 127 for changeToCandidate
2019-10-19 01:14:37,949 [Thread-7862] INFO  impl.RoleInfo (RoleInfo.java:updateAndGet(143)) - f143d5cf-4038-4fa8-8601-f5a45f16ca3e: start LeaderElection
2019-10-19 01:14:37,962 [f143d5cf-4038-4fa8-8601-f5a45f16ca3e@group-A3037D40E172-LeaderElection849] INFO  impl.LeaderElection (LeaderElection.java:askForVotes(178)) - f143d5cf-4038-4fa8-8601-f5a45f16ca3e@group-A3037D40E172-LeaderElection849: begin an election at term 128 for -1: [f143d5cf-4038-4fa8-8601-f5a45f16ca3e:192.168.69.71:40169, 2543ffea-c5c6-4af0-856f-eb846bad755a:192.168.69.71:45287, 61d14648-e80d-4cd8-9e7c-6deb2f21aca8:192.168.69.71:42247], old=null
2019-10-19 01:14:37,963 [grpc-default-executor-9] INFO  impl.RaftServerImpl (RaftServerImpl.java:setRole(184)) - 2543ffea-c5c6-4af0-856f-eb846bad755a@group-A3037D40E172: changes role from  FOLLOWER to FOLLOWER at term 128 for recognizeCandidate:f143d5cf-4038-4fa8-8601-f5a45f16ca3e
2019-10-19 01:14:37,963 [grpc-default-executor-5] INFO  impl.RaftServerImpl (RaftServerImpl.java:setRole(184)) - 61d14648-e80d-4cd8-9e7c-6deb2f21aca8@group-A3037D40E172: changes role from  FOLLOWER to FOLLOWER at term 128 for recognizeCandidate:f143d5cf-4038-4fa8-8601-f5a45f16ca3e
2019-10-19 01:14:37,963 [grpc-default-executor-5] INFO  impl.RoleInfo (RoleInfo.java:shutdownFollowerState(121)) - 61d14648-e80d-4cd8-9e7c-6deb2f21aca8: shutdown FollowerState
2019-10-19 01:14:37,963 [grpc-default-executor-9] INFO  impl.RoleInfo (RoleInfo.java:shutdownFollowerState(121)) - 2543ffea-c5c6-4af0-856f-eb846bad755a: shutdown FollowerState
2019-10-19 01:14:37,964 [Thread-7861] INFO  impl.FollowerState (FollowerState.java:run(117)) - 61d14648-e80d-4cd8-9e7c-6deb2f21aca8@group-A3037D40E172-FollowerState was interrupted: java.lang.InterruptedException: sleep interrupted
2019-10-19 01:14:37,963 [grpc-default-executor-5] INFO  impl.RoleInfo (RoleInfo.java:updateAndGet(143)) - 61d14648-e80d-4cd8-9e7c-6deb2f21aca8: start FollowerState
2019-10-19 01:14:37,964 [Thread-7860] INFO  impl.FollowerState (FollowerState.java:run(117)) - 2543ffea-c5c6-4af0-856f-eb846bad755a@group-A3037D40E172-FollowerState was interrupted: java.lang.InterruptedException: sleep interrupted
2019-10-19 01:14:37,964 [grpc-default-executor-9] INFO  impl.RoleInfo (RoleInfo.java:updateAndGet(143)) - 2543ffea-c5c6-4af0-856f-eb846bad755a: start FollowerState
2019-10-19 01:14:37,978 [f143d5cf-4038-4fa8-8601-f5a45f16ca3e@group-A3037D40E172-LeaderElection849] INFO  impl.LeaderElection (LeaderElection.java:logAndReturn(56)) - f143d5cf-4038-4fa8-8601-f5a45f16ca3e@group-A3037D40E172-LeaderElection849: Election REJECTED; received 2 response(s) [f143d5cf-4038-4fa8-8601-f5a45f16ca3e<-2543ffea-c5c6-4af0-856f-eb846bad755a#0:FAIL-t128, f143d5cf-4038-4fa8-8601-f5a45f16ca3e<-61d14648-e80d-4cd8-9e7c-6deb2f21aca8#0:FAIL-t128] and 0 exception(s); f143d5cf-4038-4fa8-8601-f5a45f16ca3e@group-A3037D40E172:t128, leader=null, voted=f143d5cf-4038-4fa8-8601-f5a45f16ca3e, raftlog=f143d5cf-4038-4fa8-8601-f5a45f16ca3e@group-A3037D40E172-SegmentedRaftLog:OPENED:c-1,f-1,i0, conf=-1: [f143d5cf-4038-4fa8-8601-f5a45f16ca3e:192.168.69.71:40169, 2543ffea-c5c6-4af0-856f-eb846bad755a:192.168.69.71:45287, 61d14648-e80d-4cd8-9e7c-6deb2f21aca8:192.168.69.71:42247], old=null
2019-10-19 01:14:37,978 [f143d5cf-4038-4fa8-8601-f5a45f16ca3e@group-A3037D40E172-LeaderElection849] INFO  impl.RaftServerImpl (RaftServerImpl.java:setRole(184)) - f143d5cf-4038-4fa8-8601-f5a45f16ca3e@group-A3037D40E172: changes role from CANDIDATE to FOLLOWER at term 128 for DISCOVERED_A_NEW_TERM
2019-10-19 01:14:37,978 [f143d5cf-4038-4fa8-8601-f5a45f16ca3e@group-A3037D40E172-LeaderElection849] INFO  impl.RoleInfo (RoleInfo.java:shutdownLeaderElection(134)) - f143d5cf-4038-4fa8-8601-f5a45f16ca3e: shutdown LeaderElection
2019-10-19 01:14:37,978 [f143d5cf-4038-4fa8-8601-f5a45f16ca3e@group-A3037D40E172-LeaderElection849] INFO  impl.RoleInfo (RoleInfo.java:updateAndGet(143)) - f143d5cf-4038-4fa8-8601-f5a45f16ca3e: start FollowerState
2019-10-19 01:14:38,049 [Thread-7880] INFO  impl.FollowerState (FollowerState.java:run(108)) - f143d5cf-4038-4fa8-8601-f5a45f16ca3e@group-A3037D40E172-FollowerState: change to CANDIDATE, lastRpcTime:71ms, electionTimeout:71ms
2019-10-19 01:14:38,049 [Thread-7880] INFO  impl.RoleInfo (RoleInfo.java:shutdownFollowerState(121)) - f143d5cf-4038-4fa8-8601-f5a45f16ca3e: shutdown FollowerState
2019-10-19 01:14:38,050 [Thread-7880] INFO  impl.RaftServerImpl (RaftServerImpl.java:setRole(184)) - f143d5cf-4038-4fa8-8601-f5a45f16ca3e@group-A3037D40E172: changes role from  FOLLOWER to CANDIDATE at term 128 for changeToCandidate
2019-10-19 01:14:38,050 [Thread-7880] INFO  impl.RoleInfo (RoleInfo.java:updateAndGet(143)) - f143d5cf-4038-4fa8-8601-f5a45f16ca3e: start LeaderElection
2019-10-19 01:14:38,062 [f143d5cf-4038-4fa8-8601-f5a45f16ca3e@group-A3037D40E172-LeaderElection850] INFO  impl.LeaderElection (LeaderElection.java:askForVotes(178)) - f143d5cf-4038-4fa8-8601-f5a45f16ca3e@group-A3037D40E172-LeaderElection850: begin an election at term 129 for -1: [f143d5cf-4038-4fa8-8601-f5a45f16ca3e:192.168.69.71:40169, 2543ffea-c5c6-4af0-856f-eb846bad755a:192.168.69.71:45287, 61d14648-e80d-4cd8-9e7c-6deb2f21aca8:192.168.69.71:42247], old=null
2019-10-19 01:14:38,063 [f143d5cf-4038-4fa8-8601-f5a45f16ca3e@group-A3037D40E172-LeaderElection850] INFO  impl.LeaderElection (LeaderElection.java:logAndReturn(56)) - f143d5cf-4038-4fa8-8601-f5a45f16ca3e@group-A3037D40E172-LeaderElection850: Election TIMEOUT; received 0 response(s) [] and 0 exception(s); f143d5cf-4038-4fa8-8601-f5a45f16ca3e@group-A3037D40E172:t129, leader=null, voted=f143d5cf-4038-4fa8-8601-f5a45f16ca3e, raftlog=f143d5cf-4038-4fa8-8601-f5a45f16ca3e@group-A3037D40E172-SegmentedRaftLog:OPENED:c-1,f-1,i0, conf=-1: [f143d5cf-4038-4fa8-8601-f5a45f16ca3e:192.168.69.71:40169, 2543ffea-c5c6-4af0-856f-eb846bad755a:192.168.69.71:45287, 61d14648-e80d-4cd8-9e7c-6deb2f21aca8:192.168.69.71:42247], old=null
2019-10-19 01:14:38,064 [grpc-default-executor-5] INFO  impl.RaftServerImpl (RaftServerImpl.java:setRole(184)) - 2543ffea-c5c6-4af0-856f-eb846bad755a@group-A3037D40E172: changes role from  FOLLOWER to FOLLOWER at term 129 for recognizeCandidate:f143d5cf-4038-4fa8-8601-f5a45f16ca3e
2019-10-19 01:14:38,064 [grpc-default-executor-9] INFO  impl.RaftServerImpl (RaftServerImpl.java:setRole(184)) - 61d14648-e80d-4cd8-9e7c-6deb2f21aca8@group-A3037D40E172: changes role from  FOLLOWER to FOLLOWER at term 129 for recognizeCandidate:f143d5cf-4038-4fa8-8601-f5a45f16ca3e
2019-10-19 01:14:38,064 [grpc-default-executor-9] INFO  impl.RoleInfo (RoleInfo.java:shutdownFollowerState(121)) - 61d14648-e80d-4cd8-9e7c-6deb2f21aca8: shutdown FollowerState
2019-10-19 01:14:38,064 [grpc-default-executor-5] INFO  impl.RoleInfo (RoleInfo.java:shutdownFollowerState(121)) - 2543ffea-c5c6-4af0-856f-eb846bad755a: shutdown FollowerState
2019-10-19 01:14:38,064 [Thread-7878] INFO  impl.FollowerState (FollowerState.java:run(117)) - 61d14648-e80d-4cd8-9e7c-6deb2f21aca8@group-A3037D40E172-FollowerState was interrupted: java.lang.InterruptedException: sleep interrupted
2019-10-19 01:14:38,064 [grpc-default-executor-9] INFO  impl.RoleInfo (RoleInfo.java:updateAndGet(143)) - 61d14648-e80d-4cd8-9e7c-6deb2f21aca8: start FollowerState
2019-10-19 01:14:38,064 [Thread-7879] INFO  impl.FollowerState (FollowerState.java:run(117)) - 2543ffea-c5c6-4af0-856f-eb846bad755a@group-A3037D40E172-FollowerState was interrupted: java.lang.InterruptedException: sleep interrupted
2019-10-19 01:14:38,064 [grpc-default-executor-5] INFO  impl.RoleInfo (RoleInfo.java:updateAndGet(143)) - 2543ffea-c5c6-4af0-856f-eb846bad755a: start FollowerState
2019-10-19 01:14:38,066 [Thread-7874] INFO  impl.FollowerState (FollowerState.java:run(108)) - 9c2d914d-67b1-4af9-8080-4d6ee007b506@group-20FCFA0487C4-FollowerState: change to CANDIDATE, lastRpcTime:140ms, electionTimeout:140ms
2019-10-19 01:14:38,066 [Thread-7874] INFO  impl.RoleInfo (RoleInfo.java:shutdownFollowerState(121)) - 9c2d914d-67b1-4af9-8080-4d6ee007b506: shutdown FollowerState
2019-10-19 01:14:38,067 [Thread-7874] INFO  impl.RaftServerImpl (RaftServerImpl.java:setRole(184)) - 9c2d914d-67b1-4af9-8080-4d6ee007b506@group-20FCFA0487C4: changes role from  FOLLOWER to CANDIDATE at term 122 for changeToCandidate
2019-10-19 01:14:38,067 [Thread-7874] INFO  impl.RoleInfo (RoleInfo.java:updateAndGet(143)) - 9c2d914d-67b1-4af9-8080-4d6ee007b506: start LeaderElection
2019-10-19 01:14:38,076 [f143d5cf-4038-4fa8-8601-f5a45f16ca3e@group-A3037D40E172-LeaderElection850] INFO  impl.LeaderElection (LeaderElection.java:askForVotes(178)) - f143d5cf-4038-4fa8-8601-f5a45f16ca3e@group-A3037D40E172-LeaderElection850: begin an election at term 130 for -1: [f143d5cf-4038-4fa8-8601-f5a45f16ca3e:192.168.69.71:40169, 2543ffea-c5c6-4af0-856f-eb846bad755a:192.168.69.71:45287, 61d14648-e80d-4cd8-9e7c-6deb2f21aca8:192.168.69.71:42247], old=null
2019-10-19 01:14:38,076 [9c2d914d-67b1-4af9-8080-4d6ee007b506@group-20FCFA0487C4-LeaderElection851] INFO  impl.LeaderElection (LeaderElection.java:askForVotes(178)) - 9c2d914d-67b1-4af9-8080-4d6ee007b506@group-20FCFA0487C4-LeaderElection851: begin an election at term 123 for -1: [88be3607-7667-471c-9070-7dfd13eb5ac8:192.168.69.71:32925, 9c2d914d-67b1-4af9-8080-4d6ee007b506:192.168.69.71:35462, 61d0b7dc-5f8b-422f-8693-c58167224d24:192.168.69.71:43479], old=null
2019-10-19 01:14:38,078 [grpc-default-executor-5] INFO  impl.RaftServerImpl (RaftServerImpl.java:setRole(184)) - 2543ffea-c5c6-4af0-856f-eb846bad755a@group-A3037D40E172: changes role from  FOLLOWER to FOLLOWER at term 130 for recognizeCandidate:f143d5cf-4038-4fa8-8601-f5a45f16ca3e
2019-10-19 01:14:38,078 [grpc-default-executor-5] INFO  impl.RoleInfo (RoleInfo.java:shutdownFollowerState(121)) - 2543ffea-c5c6-4af0-856f-eb846bad755a: shutdown FollowerState
2019-10-19 01:14:38,078 [grpc-default-executor-5] INFO  impl.RoleInfo (RoleInfo.java:updateAndGet(143)) - 2543ffea-c5c6-4af0-856f-eb846bad755a: start FollowerState
2019-10-19 01:14:38,078 [Thread-7885] INFO  impl.FollowerState (FollowerState.java:run(117)) - 2543ffea-c5c6-4af0-856f-eb846bad755a@group-A3037D40E172-FollowerState was interrupted: java.lang.InterruptedException: sleep interrupted
2019-10-19 01:14:38,078 [grpc-default-executor-9] INFO  impl.RaftServerImpl (RaftServerImpl.java:setRole(184)) - 61d0b7dc-5f8b-422f-8693-c58167224d24@group-20FCFA0487C4: changes role from  FOLLOWER to FOLLOWER at term 123 for recognizeCandidate:9c2d914d-67b1-4af9-8080-4d6ee007b506
2019-10-19 01:14:38,078 [grpc-default-executor-9] INFO  impl.RoleInfo (RoleInfo.java:shutdownFollowerState(121)) - 61d0b7dc-5f8b-422f-8693-c58167224d24: shutdown FollowerState
2019-10-19 01:14:38,078 [grpc-default-executor-9] INFO  impl.RoleInfo (RoleInfo.java:updateAndGet(143)) - 61d0b7dc-5f8b-422f-8693-c58167224d24: start FollowerState
2019-10-19 01:14:38,078 [Thread-7873] INFO  impl.FollowerState (FollowerState.java:run(117)) - 61d0b7dc-5f8b-422f-8693-c58167224d24@group-20FCFA0487C4-FollowerState was interrupted: java.lang.InterruptedException: sleep interrupted
2019-10-19 01:14:38,079 [grpc-default-executor-3] INFO  impl.RaftServerImpl (RaftServerImpl.java:setRole(184)) - 88be3607-7667-471c-9070-7dfd13eb5ac8@group-20FCFA0487C4: changes role from  FOLLOWER to FOLLOWER at term 123 for recognizeCandidate:9c2d914d-67b1-4af9-8080-4d6ee007b506
2019-10-19 01:14:38,079 [grpc-default-executor-3] INFO  impl.RoleInfo (RoleInfo.java:shutdownFollowerState(121)) - 88be3607-7667-471c-9070-7dfd13eb5ac8: shutdown FollowerState
2019-10-19 01:14:38,079 [grpc-default-executor-3] INFO  impl.RoleInfo (RoleInfo.java:updateAndGet(143)) - 88be3607-7667-471c-9070-7dfd13eb5ac8: start FollowerState
2019-10-19 01:14:38,079 [Thread-7872] INFO  impl.FollowerState (FollowerState.java:run(117)) - 88be3607-7667-471c-9070-7dfd13eb5ac8@group-20FCFA0487C4-FollowerState was interrupted: java.lang.InterruptedException: sleep interrupted
2019-10-19 01:14:38,079 [grpc-default-executor-10] INFO  impl.RaftServerImpl (RaftServerImpl.java:setRole(184)) - 61d14648-e80d-4cd8-9e7c-6deb2f21aca8@group-A3037D40E172: changes role from  FOLLOWER to FOLLOWER at term 130 for recognizeCandidate:f143d5cf-4038-4fa8-8601-f5a45f16ca3e
2019-10-19 01:14:38,079 [grpc-default-executor-10] INFO  impl.RoleInfo (RoleInfo.java:shutdownFollowerState(121)) - 61d14648-e80d-4cd8-9e7c-6deb2f21aca8: shutdown FollowerState
2019-10-19 01:14:38,079 [grpc-default-executor-10] INFO  impl.RoleInfo (RoleInfo.java:updateAndGet(143)) - 61d14648-e80d-4cd8-9e7c-6deb2f21aca8: start FollowerState
2019-10-19 01:14:38,079 [Thread-7884] INFO  impl.FollowerState (FollowerState.java:run(117)) - 61d14648-e80d-4cd8-9e7c-6deb2f21aca8@group-A3037D40E172-FollowerState was interrupted: java.lang.InterruptedException: sleep interrupted
2019-10-19 01:14:38,092 [9c2d914d-67b1-4af9-8080-4d6ee007b506@group-20FCFA0487C4-LeaderElection851] INFO  impl.LeaderElection (LeaderElection.java:logAndReturn(56)) - 9c2d914d-67b1-4af9-8080-4d6ee007b506@group-20FCFA0487C4-LeaderElection851: Election REJECTED; received 2 response(s) [9c2d914d-67b1-4af9-8080-4d6ee007b506<-88be3607-7667-471c-9070-7dfd13eb5ac8#0:FAIL-t123, 9c2d914d-67b1-4af9-8080-4d6ee007b506<-61d0b7dc-5f8b-422f-8693-c58167224d24#0:FAIL-t123] and 0 exception(s); 9c2d914d-67b1-4af9-8080-4d6ee007b506@group-20FCFA0487C4:t123, leader=null, voted=9c2d914d-67b1-4af9-8080-4d6ee007b506, raftlog=9c2d914d-67b1-4af9-8080-4d6ee007b506@group-20FCFA0487C4-SegmentedRaftLog:OPENED:c-1,f-1,i0, conf=-1: [88be3607-7667-471c-9070-7dfd13eb5ac8:192.168.69.71:32925, 9c2d914d-67b1-4af9-8080-4d6ee007b506:192.168.69.71:35462, 61d0b7dc-5f8b-422f-8693-c58167224d24:192.168.69.71:43479], old=null
2019-10-19 01:14:38,092 [f143d5cf-4038-4fa8-8601-f5a45f16ca3e@group-A3037D40E172-LeaderElection850] INFO  impl.LeaderElection (LeaderElection.java:logAndReturn(56)) - f143d5cf-4038-4fa8-8601-f5a45f16ca3e@group-A3037D40E172-LeaderElection850: Election REJECTED; received 2 response(s) [f143d5cf-4038-4fa8-8601-f5a45f16ca3e<-2543ffea-c5c6-4af0-856f-eb846bad755a#0:FAIL-t130, f143d5cf-4038-4fa8-8601-f5a45f16ca3e<-61d14648-e80d-4cd8-9e7c-6deb2f21aca8#0:FAIL-t130] and 0 exception(s); f143d5cf-4038-4fa8-8601-f5a45f16ca3e@group-A3037D40E172:t130, leader=null, voted=f143d5cf-4038-4fa8-8601-f5a45f16ca3e, raftlog=f143d5cf-4038-4fa8-8601-f5a45f16ca3e@group-A3037D40E172-SegmentedRaftLog:OPENED:c-1,f-1,i0, conf=-1: [f143d5cf-4038-4fa8-8601-f5a45f16ca3e:192.168.69.71:40169, 2543ffea-c5c6-4af0-856f-eb846bad755a:192.168.69.71:45287, 61d14648-e80d-4cd8-9e7c-6deb2f21aca8:192.168.69.71:42247], old=null
2019-10-19 01:14:38,092 [9c2d914d-67b1-4af9-8080-4d6ee007b506@group-20FCFA0487C4-LeaderElection851] INFO  impl.RaftServerImpl (RaftServerImpl.java:setRole(184)) - 9c2d914d-67b1-4af9-8080-4d6ee007b506@group-20FCFA0487C4: changes role from CANDIDATE to FOLLOWER at term 123 for DISCOVERED_A_NEW_TERM
2019-10-19 01:14:38,092 [f143d5cf-4038-4fa8-8601-f5a45f16ca3e@group-A3037D40E172-LeaderElection850] INFO  impl.RaftServerImpl (RaftServerImpl.java:setRole(184)) - f143d5cf-4038-4fa8-8601-f5a45f16ca3e@group-A3037D40E172: changes role from CANDIDATE to FOLLOWER at term 130 for DISCOVERED_A_NEW_TERM
2019-10-19 01:14:38,092 [9c2d914d-67b1-4af9-8080-4d6ee007b506@group-20FCFA0487C4-LeaderElection851] INFO  impl.RoleInfo (RoleInfo.java:shutdownLeaderElection(134)) - 9c2d914d-67b1-4af9-8080-4d6ee007b506: shutdown LeaderElection
2019-10-19 01:14:38,092 [f143d5cf-4038-4fa8-8601-f5a45f16ca3e@group-A3037D40E172-LeaderElection850] INFO  impl.RoleInfo (RoleInfo.java:shutdownLeaderElection(134)) - f143d5cf-4038-4fa8-8601-f5a45f16ca3e: shutdown LeaderElection
2019-10-19 01:14:38,092 [9c2d914d-67b1-4af9-8080-4d6ee007b506@group-20FCFA0487C4-LeaderElection851] INFO  impl.RoleInfo (RoleInfo.java:updateAndGet(143)) - 9c2d914d-67b1-4af9-8080-4d6ee007b506: start FollowerState
2019-10-19 01:14:38,092 [f143d5cf-4038-4fa8-8601-f5a45f16ca3e@group-A3037D40E172-LeaderElection850] INFO  impl.RoleInfo (RoleInfo.java:updateAndGet(143)) - f143d5cf-4038-4fa8-8601-f5a45f16ca3e: start FollowerState
2019-10-19 01:14:38,112 [Thread-7896] INFO  impl.FollowerState (FollowerState.java:run(108)) - 9c2d914d-67b1-4af9-8080-4d6ee007b506@group-20FCFA0487C4-FollowerState: change to CANDIDATE, lastRpcTime:19ms, electionTimeout:18ms
2019-10-19 01:14:38,112 [Thread-7896] INFO  impl.RoleInfo (RoleInfo.java:shutdownFollowerState(121)) - 9c2d914d-67b1-4af9-8080-4d6ee007b506: shutdown FollowerState
2019-10-19 01:14:38,112 [Thread-7896] INFO  impl.RaftServerImpl (RaftServerImpl.java:setRole(184)) - 9c2d914d-67b1-4af9-8080-4d6ee007b506@group-20FCFA0487C4: changes role from  FOLLOWER to CANDIDATE at term 123 for changeToCandidate
2019-10-19 01:14:38,112 [Thread-7896] INFO  impl.RoleInfo (RoleInfo.java:updateAndGet(143)) - 9c2d914d-67b1-4af9-8080-4d6ee007b506: start LeaderElection
2019-10-19 01:14:38,128 [9c2d914d-67b1-4af9-8080-4d6ee007b506@group-20FCFA0487C4-LeaderElection852] INFO  impl.LeaderElection (LeaderElection.java:askForVotes(178)) - 9c2d914d-67b1-4af9-8080-4d6ee007b506@group-20FCFA0487C4-LeaderElection852: begin an election at term 124 for -1: [88be3607-7667-471c-9070-7dfd13eb5ac8:192.168.69.71:32925, 9c2d914d-67b1-4af9-8080-4d6ee007b506:192.168.69.71:35462, 61d0b7dc-5f8b-422f-8693-c58167224d24:192.168.69.71:43479], old=null
2019-10-19 01:14:38,130 [grpc-default-executor-1] INFO  impl.RaftServerImpl (RaftServerImpl.java:setRole(184)) - 88be3607-7667-471c-9070-7dfd13eb5ac8@group-20FCFA0487C4: changes role from  FOLLOWER to FOLLOWER at term 124 for recognizeCandidate:9c2d914d-67b1-4af9-8080-4d6ee007b506
2019-10-19 01:14:38,130 [grpc-default-executor-9] INFO  impl.RaftServerImpl (RaftServerImpl.java:setRole(184)) - 61d0b7dc-5f8b-422f-8693-c58167224d24@group-20FCFA0487C4: changes role from  FOLLOWER to FOLLOWER at term 124 for recognizeCandidate:9c2d914d-67b1-4af9-8080-4d6ee007b506
2019-10-19 01:14:38,130 [grpc-default-executor-9] INFO  impl.RoleInfo (RoleInfo.java:shutdownFollowerState(121)) - 61d0b7dc-5f8b-422f-8693-c58167224d24: shutdown FollowerState
2019-10-19 01:14:38,130 [grpc-default-executor-1] INFO  impl.RoleInfo (RoleInfo.java:shutdownFollowerState(121)) - 88be3607-7667-471c-9070-7dfd13eb5ac8: shutdown FollowerState
2019-10-19 01:14:38,130 [Thread-7892] INFO  impl.FollowerState (FollowerState.java:run(117)) - 61d0b7dc-5f8b-422f-8693-c58167224d24@group-20FCFA0487C4-FollowerState was interrupted: java.lang.InterruptedException: sleep interrupted
2019-10-19 01:14:38,131 [Thread-7893] INFO  impl.FollowerState (FollowerState.java:run(117)) - 88be3607-7667-471c-9070-7dfd13eb5ac8@group-20FCFA0487C4-FollowerState was interrupted: java.lang.InterruptedException: sleep interrupted
2019-10-19 01:14:38,130 [grpc-default-executor-9] INFO  impl.RoleInfo (RoleInfo.java:updateAndGet(143)) - 61d0b7dc-5f8b-422f-8693-c58167224d24: start FollowerState
2019-10-19 01:14:38,130 [grpc-default-executor-1] INFO  impl.RoleInfo (RoleInfo.java:updateAndGet(143)) - 88be3607-7667-471c-9070-7dfd13eb5ac8: start FollowerState
2019-10-19 01:14:38,144 [9c2d914d-67b1-4af9-8080-4d6ee007b506@group-20FCFA0487C4-LeaderElection852] INFO  impl.LeaderElection (LeaderElection.java:logAndReturn(56)) - 9c2d914d-67b1-4af9-8080-4d6ee007b506@group-20FCFA0487C4-LeaderElection852: Election REJECTED; received 2 response(s) [9c2d914d-67b1-4af9-8080-4d6ee007b506<-88be3607-7667-471c-9070-7dfd13eb5ac8#0:FAIL-t124, 9c2d914d-67b1-4af9-8080-4d6ee007b506<-61d0b7dc-5f8b-422f-8693-c58167224d24#0:FAIL-t124] and 0 exception(s); 9c2d914d-67b1-4af9-8080-4d6ee007b506@group-20FCFA0487C4:t124, leader=null, voted=9c2d914d-67b1-4af9-8080-4d6ee007b506, raftlog=9c2d914d-67b1-4af9-8080-4d6ee007b506@group-20FCFA0487C4-SegmentedRaftLog:OPENED:c-1,f-1,i0, conf=-1: [88be3607-7667-471c-9070-7dfd13eb5ac8:192.168.69.71:32925, 9c2d914d-67b1-4af9-8080-4d6ee007b506:192.168.69.71:35462, 61d0b7dc-5f8b-422f-8693-c58167224d24:192.168.69.71:43479], old=null
2019-10-19 01:14:38,144 [9c2d914d-67b1-4af9-8080-4d6ee007b506@group-20FCFA0487C4-LeaderElection852] INFO  impl.RaftServerImpl (RaftServerImpl.java:setRole(184)) - 9c2d914d-67b1-4af9-8080-4d6ee007b506@group-20FCFA0487C4: changes role from CANDIDATE to FOLLOWER at term 124 for DISCOVERED_A_NEW_TERM
2019-10-19 01:14:38,144 [9c2d914d-67b1-4af9-8080-4d6ee007b506@group-20FCFA0487C4-LeaderElection852] INFO  impl.RoleInfo (RoleInfo.java:shutdownLeaderElection(134)) - 9c2d914d-67b1-4af9-8080-4d6ee007b506: shutdown LeaderElection
2019-10-19 01:14:38,144 [9c2d914d-67b1-4af9-8080-4d6ee007b506@group-20FCFA0487C4-LeaderElection852] INFO  impl.RoleInfo (RoleInfo.java:updateAndGet(143)) - 9c2d914d-67b1-4af9-8080-4d6ee007b506: start FollowerState
2019-10-19 01:14:38,217 [Thread-7897] INFO  impl.FollowerState (FollowerState.java:run(108)) - f143d5cf-4038-4fa8-8601-f5a45f16ca3e@group-A3037D40E172-FollowerState: change to CANDIDATE, lastRpcTime:124ms, electionTimeout:124ms
2019-10-19 01:14:38,217 [Thread-7897] INFO  impl.RoleInfo (RoleInfo.java:shutdownFollowerState(121)) - f143d5cf-4038-4fa8-8601-f5a45f16ca3e: shutdown FollowerState
2019-10-19 01:14:38,217 [Thread-7897] INFO  impl.RaftServerImpl (RaftServerImpl.java:setRole(184)) - f143d5cf-4038-4fa8-8601-f5a45f16ca3e@group-A3037D40E172: changes role from  FOLLOWER to CANDIDATE at term 130 for changeToCandidate
2019-10-19 01:14:38,217 [Thread-7897] INFO  impl.RoleInfo (RoleInfo.java:updateAndGet(143)) - f143d5cf-4038-4fa8-8601-f5a45f16ca3e: start LeaderElection
2019-10-19 01:14:38,230 [f143d5cf-4038-4fa8-8601-f5a45f16ca3e@group-A3037D40E172-LeaderElection853] INFO  impl.LeaderElection (LeaderElection.java:askForVotes(178)) - f143d5cf-4038-4fa8-8601-f5a45f16ca3e@group-A3037D40E172-LeaderElection853: begin an election at term 131 for -1: [f143d5cf-4038-4fa8-8601-f5a45f16ca3e:192.168.69.71:40169, 2543ffea-c5c6-4af0-856f-eb846bad755a:192.168.69.71:45287, 61d14648-e80d-4cd8-9e7c-6deb2f21aca8:192.168.69.71:42247], old=null
2019-10-19 01:14:38,231 [grpc-default-executor-9] INFO  impl.RaftServerImpl (RaftServerImpl.java:setRole(184)) - 2543ffea-c5c6-4af0-856f-eb846bad755a@group-A3037D40E172: changes role from  FOLLOWER to FOLLOWER at term 131 for recognizeCandidate:f143d5cf-4038-4fa8-8601-f5a45f16ca3e
2019-10-19 01:14:38,232 [grpc-default-executor-9] INFO  impl.RoleInfo (RoleInfo.java:shutdownFollowerState(121)) - 2543ffea-c5c6-4af0-856f-eb846bad755a: shutdown FollowerState
2019-10-19 01:14:38,231 [grpc-default-executor-1] INFO  impl.RaftServerImpl (RaftServerImpl.java:setRole(184)) - 61d14648-e80d-4cd8-9e7c-6deb2f21aca8@group-A3037D40E172: changes role from  FOLLOWER to FOLLOWER at term 131 for recognizeCandidate:f143d5cf-4038-4fa8-8601-f5a45f16ca3e
2019-10-19 01:14:38,232 [Thread-7891] INFO  impl.FollowerState (FollowerState.java:run(117)) - 2543ffea-c5c6-4af0-856f-eb846bad755a@group-A3037D40E172-FollowerState was interrupted: java.lang.InterruptedException: sleep interrupted
2019-10-19 01:14:38,232 [grpc-default-executor-9] INFO  impl.RoleInfo (RoleInfo.java:updateAndGet(143)) - 2543ffea-c5c6-4af0-856f-eb846bad755a: start FollowerState
2019-10-19 01:14:38,232 [grpc-default-executor-1] INFO  impl.RoleInfo (RoleInfo.java:shutdownFollowerState(121)) - 61d14648-e80d-4cd8-9e7c-6deb2f21aca8: shutdown FollowerState
2019-10-19 01:14:38,232 [grpc-default-executor-1] INFO  impl.RoleInfo (RoleInfo.java:updateAndGet(143)) - 61d14648-e80d-4cd8-9e7c-6deb2f21aca8: start FollowerState
2019-10-19 01:14:38,232 [Thread-7894] INFO  impl.FollowerState (FollowerState.java:run(117)) - 61d14648-e80d-4cd8-9e7c-6deb2f21aca8@group-A3037D40E172-FollowerState was interrupted: java.lang.InterruptedException: sleep interrupted
2019-10-19 01:14:38,246 [f143d5cf-4038-4fa8-8601-f5a45f16ca3e@group-A3037D40E172-LeaderElection853] INFO  impl.LeaderElection (LeaderElection.java:logAndReturn(56)) - f143d5cf-4038-4fa8-8601-f5a45f16ca3e@group-A3037D40E172-LeaderElection853: Election REJECTED; received 2 response(s) [f143d5cf-4038-4fa8-8601-f5a45f16ca3e<-2543ffea-c5c6-4af0-856f-eb846bad755a#0:FAIL-t131, f143d5cf-4038-4fa8-8601-f5a45f16ca3e<-61d14648-e80d-4cd8-9e7c-6deb2f21aca8#0:FAIL-t131] and 0 exception(s); f143d5cf-4038-4fa8-8601-f5a45f16ca3e@group-A3037D40E172:t131, leader=null, voted=f143d5cf-4038-4fa8-8601-f5a45f16ca3e, raftlog=f143d5cf-4038-4fa8-8601-f5a45f16ca3e@group-A3037D40E172-SegmentedRaftLog:OPENED:c-1,f-1,i0, conf=-1: [f143d5cf-4038-4fa8-8601-f5a45f16ca3e:192.168.69.71:40169, 2543ffea-c5c6-4af0-856f-eb846bad755a:192.168.69.71:45287, 61d14648-e80d-4cd8-9e7c-6deb2f21aca8:192.168.69.71:42247], old=null
2019-10-19 01:14:38,246 [f143d5cf-4038-4fa8-8601-f5a45f16ca3e@group-A3037D40E172-LeaderElection853] INFO  impl.RaftServerImpl (RaftServerImpl.java:setRole(184)) - f143d5cf-4038-4fa8-8601-f5a45f16ca3e@group-A3037D40E172: changes role from CANDIDATE to FOLLOWER at term 131 for DISCOVERED_A_NEW_TERM
2019-10-19 01:14:38,246 [f143d5cf-4038-4fa8-8601-f5a45f16ca3e@group-A3037D40E172-LeaderElection853] INFO  impl.RoleInfo (RoleInfo.java:shutdownLeaderElection(134)) - f143d5cf-4038-4fa8-8601-f5a45f16ca3e: shutdown LeaderElection
2019-10-19 01:14:38,246 [f143d5cf-4038-4fa8-8601-f5a45f16ca3e@group-A3037D40E172-LeaderElection853] INFO  impl.RoleInfo (RoleInfo.java:updateAndGet(143)) - f143d5cf-4038-4fa8-8601-f5a45f16ca3e: start FollowerState
2019-10-19 01:14:38,278 [Thread-7906] INFO  impl.FollowerState (FollowerState.java:run(108)) - 9c2d914d-67b1-4af9-8080-4d6ee007b506@group-20FCFA0487C4-FollowerState: change to CANDIDATE, lastRpcTime:134ms, electionTimeout:134ms
2019-10-19 01:14:38,278 [Thread-7906] INFO  impl.RoleInfo (RoleInfo.java:shutdownFollowerState(121)) - 9c2d914d-67b1-4af9-8080-4d6ee007b506: shutdown FollowerState
2019-10-19 01:14:38,278 [Thread-7906] INFO  impl.RaftServerImpl (RaftServerImpl.java:setRole(184)) - 9c2d914d-67b1-4af9-8080-4d6ee007b506@group-20FCFA0487C4: changes role from  FOLLOWER to CANDIDATE at term 124 for changeToCandidate
2019-10-19 01:14:38,278 [Thread-7906] INFO  impl.RoleInfo (RoleInfo.java:updateAndGet(143)) - 9c2d914d-67b1-4af9-8080-4d6ee007b506: start LeaderElection
2019-10-19 01:14:38,291 [Thread-7912] INFO  impl.FollowerState (FollowerState.java:run(108)) - f143d5cf-4038-4fa8-8601-f5a45f16ca3e@group-A3037D40E172-FollowerState: change to CANDIDATE, lastRpcTime:44ms, electionTimeout:44ms
2019-10-19 01:14:38,291 [Thread-7912] INFO  impl.RoleInfo (RoleInfo.java:shutdownFollowerState(121)) - f143d5cf-4038-4fa8-8601-f5a45f16ca3e: shutdown FollowerState
2019-10-19 01:14:38,291 [Thread-7912] INFO  impl.RaftServerImpl (RaftServerImpl.java:setRole(184)) - f143d5cf-4038-4fa8-8601-f5a45f16ca3e@group-A3037D40E172: changes role from  FOLLOWER to CANDIDATE at term 131 for changeToCandidate
2019-10-19 01:14:38,291 [Thread-7912] INFO  impl.RoleInfo (RoleInfo.java:updateAndGet(143)) - f143d5cf-4038-4fa8-8601-f5a45f16ca3e: start LeaderElection
2019-10-19 01:14:38,291 [9c2d914d-67b1-4af9-8080-4d6ee007b506@group-20FCFA0487C4-LeaderElection854] INFO  impl.LeaderElection (LeaderElection.java:askForVotes(178)) - 9c2d914d-67b1-4af9-8080-4d6ee007b506@group-20FCFA0487C4-LeaderElection854: begin an election at term 125 for -1: [88be3607-7667-471c-9070-7dfd13eb5ac8:192.168.69.71:32925, 9c2d914d-67b1-4af9-8080-4d6ee007b506:192.168.69.71:35462, 61d0b7dc-5f8b-422f-8693-c58167224d24:192.168.69.71:43479], old=null
2019-10-19 01:14:38,292 [grpc-default-executor-1] INFO  impl.RaftServerImpl (RaftServerImpl.java:setRole(184)) - 88be3607-7667-471c-9070-7dfd13eb5ac8@group-20FCFA0487C4: changes role from  FOLLOWER to FOLLOWER at term 125 for recognizeCandidate:9c2d914d-67b1-4af9-8080-4d6ee007b506
2019-10-19 01:14:38,292 [grpc-default-executor-1] INFO  impl.RoleInfo (RoleInfo.java:shutdownFollowerState(121)) - 88be3607-7667-471c-9070-7dfd13eb5ac8: shutdown FollowerState
2019-10-19 01:14:38,292 [grpc-default-executor-1] INFO  impl.RoleInfo (RoleInfo.java:updateAndGet(143)) - 88be3607-7667-471c-9070-7dfd13eb5ac8: start FollowerState
2019-10-19 01:14:38,293 [grpc-default-executor-9] INFO  impl.RaftServerImpl (RaftServerImpl.java:setRole(184)) - 61d0b7dc-5f8b-422f-8693-c58167224d24@group-20FCFA0487C4: changes role from  FOLLOWER to FOLLOWER at term 125 for recognizeCandidate:9c2d914d-67b1-4af9-8080-4d6ee007b506
2019-10-19 01:14:38,293 [Thread-7903] INFO  impl.FollowerState (FollowerState.java:run(117)) - 88be3607-7667-471c-9070-7dfd13eb5ac8@group-20FCFA0487C4-FollowerState was interrupted: java.lang.InterruptedException: sleep interrupted
2019-10-19 01:14:38,293 [grpc-default-executor-9] INFO  impl.RoleInfo (RoleInfo.java:shutdownFollowerState(121)) - 61d0b7dc-5f8b-422f-8693-c58167224d24: shutdown FollowerState
2019-10-19 01:14:38,293 [grpc-default-executor-9] INFO  impl.RoleInfo (RoleInfo.java:updateAndGet(143)) - 61d0b7dc-5f8b-422f-8693-c58167224d24: start FollowerState
2019-10-19 01:14:38,293 [Thread-7902] INFO  impl.FollowerState (FollowerState.java:run(117)) - 61d0b7dc-5f8b-422f-8693-c58167224d24@group-20FCFA0487C4-FollowerState was interrupted: java.lang.InterruptedException: sleep interrupted
2019-10-19 01:14:38,305 [f143d5cf-4038-4fa8-8601-f5a45f16ca3e@group-A3037D40E172-LeaderElection855] INFO  impl.LeaderElection (LeaderElection.java:askForVotes(178)) - f143d5cf-4038-4fa8-8601-f5a45f16ca3e@group-A3037D40E172-LeaderElection855: begin an election at term 132 for -1: [f143d5cf-4038-4fa8-8601-f5a45f16ca3e:192.168.69.71:40169, 2543ffea-c5c6-4af0-856f-eb846bad755a:192.168.69.71:45287, 61d14648-e80d-4cd8-9e7c-6deb2f21aca8:192.168.69.71:42247], old=null
2019-10-19 01:14:38,305 [9c2d914d-67b1-4af9-8080-4d6ee007b506@group-20FCFA0487C4-LeaderElection854] INFO  impl.LeaderElection (LeaderElection.java:logAndReturn(56)) - 9c2d914d-67b1-4af9-8080-4d6ee007b506@group-20FCFA0487C4-LeaderElection854: Election REJECTED; received 2 response(s) [9c2d914d-67b1-4af9-8080-4d6ee007b506<-88be3607-7667-471c-9070-7dfd13eb5ac8#0:FAIL-t125, 9c2d914d-67b1-4af9-8080-4d6ee007b506<-61d0b7dc-5f8b-422f-8693-c58167224d24#0:FAIL-t125] and 0 exception(s); 9c2d914d-67b1-4af9-8080-4d6ee007b506@group-20FCFA0487C4:t125, leader=null, voted=9c2d914d-67b1-4af9-8080-4d6ee007b506, raftlog=9c2d914d-67b1-4af9-8080-4d6ee007b506@group-20FCFA0487C4-SegmentedRaftLog:OPENED:c-1,f-1,i0, conf=-1: [88be3607-7667-471c-9070-7dfd13eb5ac8:192.168.69.71:32925, 9c2d914d-67b1-4af9-8080-4d6ee007b506:192.168.69.71:35462, 61d0b7dc-5f8b-422f-8693-c58167224d24:192.168.69.71:43479], old=null
2019-10-19 01:14:38,305 [9c2d914d-67b1-4af9-8080-4d6ee007b506@group-20FCFA0487C4-LeaderElection854] INFO  impl.RaftServerImpl (RaftServerImpl.java:setRole(184)) - 9c2d914d-67b1-4af9-8080-4d6ee007b506@group-20FCFA0487C4: changes role from CANDIDATE to FOLLOWER at term 125 for DISCOVERED_A_NEW_TERM
2019-10-19 01:14:38,306 [9c2d914d-67b1-4af9-8080-4d6ee007b506@group-20FCFA0487C4-LeaderElection854] INFO  impl.RoleInfo (RoleInfo.java:shutdownLeaderElection(134)) - 9c2d914d-67b1-4af9-8080-4d6ee007b506: shutdown LeaderElection
2019-10-19 01:14:38,306 [9c2d914d-67b1-4af9-8080-4d6ee007b506@group-20FCFA0487C4-LeaderElection854] INFO  impl.RoleInfo (RoleInfo.java:updateAndGet(143)) - 9c2d914d-67b1-4af9-8080-4d6ee007b506: start FollowerState
2019-10-19 01:14:38,306 [grpc-default-executor-9] INFO  impl.RaftServerImpl (RaftServerImpl.java:setRole(184)) - 61d14648-e80d-4cd8-9e7c-6deb2f21aca8@group-A3037D40E172: changes role from  FOLLOWER to FOLLOWER at term 132 for recognizeCandidate:f143d5cf-4038-4fa8-8601-f5a45f16ca3e
2019-10-19 01:14:38,306 [grpc-default-executor-9] INFO  impl.RoleInfo (RoleInfo.java:shutdownFollowerState(121)) - 61d14648-e80d-4cd8-9e7c-6deb2f21aca8: shutdown FollowerState
2019-10-19 01:14:38,306 [grpc-default-executor-9] INFO  impl.RoleInfo (RoleInfo.java:updateAndGet(143)) - 61d14648-e80d-4cd8-9e7c-6deb2f21aca8: start FollowerState
2019-10-19 01:14:38,306 [Thread-7911] INFO  impl.FollowerState (FollowerState.java:run(117)) - 61d14648-e80d-4cd8-9e7c-6deb2f21aca8@group-A3037D40E172-FollowerState was interrupted: java.lang.InterruptedException: sleep interrupted
2019-10-19 01:14:38,306 [grpc-default-executor-1] INFO  impl.RaftServerImpl (RaftServerImpl.java:setRole(184)) - 2543ffea-c5c6-4af0-856f-eb846bad755a@group-A3037D40E172: changes role from  FOLLOWER to FOLLOWER at term 132 for recognizeCandidate:f143d5cf-4038-4fa8-8601-f5a45f16ca3e
2019-10-19 01:14:38,306 [grpc-default-executor-1] INFO  impl.RoleInfo (RoleInfo.java:shutdownFollowerState(121)) - 2543ffea-c5c6-4af0-856f-eb846bad755a: shutdown FollowerState
2019-10-19 01:14:38,306 [Thread-7910] INFO  impl.FollowerState (FollowerState.java:run(117)) - 2543ffea-c5c6-4af0-856f-eb846bad755a@group-A3037D40E172-FollowerState was interrupted: java.lang.InterruptedException: sleep interrupted
2019-10-19 01:14:38,306 [grpc-default-executor-1] INFO  impl.RoleInfo (RoleInfo.java:updateAndGet(143)) - 2543ffea-c5c6-4af0-856f-eb846bad755a: start FollowerState
2019-10-19 01:14:38,320 [f143d5cf-4038-4fa8-8601-f5a45f16ca3e@group-A3037D40E172-LeaderElection855] INFO  impl.LeaderElection (LeaderElection.java:logAndReturn(56)) - f143d5cf-4038-4fa8-8601-f5a45f16ca3e@group-A3037D40E172-LeaderElection855: Election REJECTED; received 2 response(s) [f143d5cf-4038-4fa8-8601-f5a45f16ca3e<-2543ffea-c5c6-4af0-856f-eb846bad755a#0:FAIL-t132, f143d5cf-4038-4fa8-8601-f5a45f16ca3e<-61d14648-e80d-4cd8-9e7c-6deb2f21aca8#0:FAIL-t132] and 0 exception(s); f143d5cf-4038-4fa8-8601-f5a45f16ca3e@group-A3037D40E172:t132, leader=null, voted=f143d5cf-4038-4fa8-8601-f5a45f16ca3e, raftlog=f143d5cf-4038-4fa8-8601-f5a45f16ca3e@group-A3037D40E172-SegmentedRaftLog:OPENED:c-1,f-1,i0, conf=-1: [f143d5cf-4038-4fa8-8601-f5a45f16ca3e:192.168.69.71:40169, 2543ffea-c5c6-4af0-856f-eb846bad755a:192.168.69.71:45287, 61d14648-e80d-4cd8-9e7c-6deb2f21aca8:192.168.69.71:42247], old=null
2019-10-19 01:14:38,320 [f143d5cf-4038-4fa8-8601-f5a45f16ca3e@group-A3037D40E172-LeaderElection855] INFO  impl.RaftServerImpl (RaftServerImpl.java:setRole(184)) - f143d5cf-4038-4fa8-8601-f5a45f16ca3e@group-A3037D40E172: changes role from CANDIDATE to FOLLOWER at term 132 for DISCOVERED_A_NEW_TERM
2019-10-19 01:14:38,320 [f143d5cf-4038-4fa8-8601-f5a45f16ca3e@group-A3037D40E172-LeaderElection855] INFO  impl.RoleInfo (RoleInfo.java:shutdownLeaderElection(134)) - f143d5cf-4038-4fa8-8601-f5a45f16ca3e: shutdown LeaderElection
2019-10-19 01:14:38,320 [f143d5cf-4038-4fa8-8601-f5a45f16ca3e@group-A3037D40E172-LeaderElection855] INFO  impl.RoleInfo (RoleInfo.java:updateAndGet(143)) - f143d5cf-4038-4fa8-8601-f5a45f16ca3e: start FollowerState
2019-10-19 01:14:38,482 [Thread-7921] INFO  impl.FollowerState (FollowerState.java:run(108)) - 9c2d914d-67b1-4af9-8080-4d6ee007b506@group-20FCFA0487C4-FollowerState: change to CANDIDATE, lastRpcTime:176ms, electionTimeout:176ms
2019-10-19 01:14:38,482 [Thread-7921] INFO  impl.RoleInfo (RoleInfo.java:shutdownFollowerState(121)) - 9c2d914d-67b1-4af9-8080-4d6ee007b506: shutdown FollowerState
2019-10-19 01:14:38,482 [Thread-7921] INFO  impl.RaftServerImpl (RaftServerImpl.java:setRole(184)) - 9c2d914d-67b1-4af9-8080-4d6ee007b506@group-20FCFA0487C4: changes role from  FOLLOWER to CANDIDATE at term 125 for changeToCandidate
2019-10-19 01:14:38,482 [Thread-7921] INFO  impl.RoleInfo (RoleInfo.java:updateAndGet(143)) - 9c2d914d-67b1-4af9-8080-4d6ee007b506: start LeaderElection
2019-10-19 01:14:38,496 [9c2d914d-67b1-4af9-8080-4d6ee007b506@group-20FCFA0487C4-LeaderElection856] INFO  impl.LeaderElection (LeaderElection.java:askForVotes(178)) - 9c2d914d-67b1-4af9-8080-4d6ee007b506@group-20FCFA0487C4-LeaderElection856: begin an election at term 126 for -1: [88be3607-7667-471c-9070-7dfd13eb5ac8:192.168.69.71:32925, 9c2d914d-67b1-4af9-8080-4d6ee007b506:192.168.69.71:35462, 61d0b7dc-5f8b-422f-8693-c58167224d24:192.168.69.71:43479], old=null
2019-10-19 01:14:38,498 [grpc-default-executor-9] INFO  impl.RaftServerImpl (RaftServerImpl.java:setRole(184)) - 88be3607-7667-471c-9070-7dfd13eb5ac8@group-20FCFA0487C4: changes role from  FOLLOWER to FOLLOWER at term 126 for recognizeCandidate:9c2d914d-67b1-4af9-8080-4d6ee007b506
2019-10-19 01:14:38,498 [grpc-default-executor-9] INFO  impl.RoleInfo (RoleInfo.java:shutdownFollowerState(121)) - 88be3607-7667-471c-9070-7dfd13eb5ac8: shutdown FollowerState
2019-10-19 01:14:38,498 [grpc-default-executor-1] INFO  impl.RaftServerImpl (RaftServerImpl.java:setRole(184)) - 61d0b7dc-5f8b-422f-8693-c58167224d24@group-20FCFA0487C4: changes role from  FOLLOWER to FOLLOWER at term 126 for recognizeCandidate:9c2d914d-67b1-4af9-8080-4d6ee007b506
2019-10-19 01:14:38,498 [Thread-7917] INFO  impl.FollowerState (FollowerState.java:run(117)) - 88be3607-7667-471c-9070-7dfd13eb5ac8@group-20FCFA0487C4-FollowerState was interrupted: java.lang.InterruptedException: sleep interrupted
2019-10-19 01:14:38,498 [grpc-default-executor-9] INFO  impl.RoleInfo (RoleInfo.java:updateAndGet(143)) - 88be3607-7667-471c-9070-7dfd13eb5ac8: start FollowerState
2019-10-19 01:14:38,498 [grpc-default-executor-1] INFO  impl.RoleInfo (RoleInfo.java:shutdownFollowerState(121)) - 61d0b7dc-5f8b-422f-8693-c58167224d24: shutdown FollowerState
2019-10-19 01:14:38,499 [grpc-default-executor-1] INFO  impl.RoleInfo (RoleInfo.java:updateAndGet(143)) - 61d0b7dc-5f8b-422f-8693-c58167224d24: start FollowerState
2019-10-19 01:14:38,499 [Thread-7918] INFO  impl.FollowerState (FollowerState.java:run(117)) - 61d0b7dc-5f8b-422f-8693-c58167224d24@group-20FCFA0487C4-FollowerState was interrupted: java.lang.InterruptedException: sleep interrupted
2019-10-19 01:14:38,512 [9c2d914d-67b1-4af9-8080-4d6ee007b506@group-20FCFA0487C4-LeaderElection856] INFO  impl.LeaderElection (LeaderElection.java:logAndReturn(56)) - 9c2d914d-67b1-4af9-8080-4d6ee007b506@group-20FCFA0487C4-LeaderElection856: Election REJECTED; received 2 response(s) [9c2d914d-67b1-4af9-8080-4d6ee007b506<-88be3607-7667-471c-9070-7dfd13eb5ac8#0:FAIL-t126, 9c2d914d-67b1-4af9-8080-4d6ee007b506<-61d0b7dc-5f8b-422f-8693-c58167224d24#0:FAIL-t126] and 0 exception(s); 9c2d914d-67b1-4af9-8080-4d6ee007b506@group-20FCFA0487C4:t126, leader=null, voted=9c2d914d-67b1-4af9-8080-4d6ee007b506, raftlog=9c2d914d-67b1-4af9-8080-4d6ee007b506@group-20FCFA0487C4-SegmentedRaftLog:OPENED:c-1,f-1,i0, conf=-1: [88be3607-7667-471c-9070-7dfd13eb5ac8:192.168.69.71:32925, 9c2d914d-67b1-4af9-8080-4d6ee007b506:192.168.69.71:35462, 61d0b7dc-5f8b-422f-8693-c58167224d24:192.168.69.71:43479], old=null
2019-10-19 01:14:38,512 [9c2d914d-67b1-4af9-8080-4d6ee007b506@group-20FCFA0487C4-LeaderElection856] INFO  impl.RaftServerImpl (RaftServerImpl.java:setRole(184)) - 9c2d914d-67b1-4af9-8080-4d6ee007b506@group-20FCFA0487C4: changes role from CANDIDATE to FOLLOWER at term 126 for DISCOVERED_A_NEW_TERM
2019-10-19 01:14:38,513 [9c2d914d-67b1-4af9-8080-4d6ee007b506@group-20FCFA0487C4-LeaderElection856] INFO  impl.RoleInfo (RoleInfo.java:shutdownLeaderElection(134)) - 9c2d914d-67b1-4af9-8080-4d6ee007b506: shutdown LeaderElection
2019-10-19 01:14:38,513 [9c2d914d-67b1-4af9-8080-4d6ee007b506@group-20FCFA0487C4-LeaderElection856] INFO  impl.RoleInfo (RoleInfo.java:updateAndGet(143)) - 9c2d914d-67b1-4af9-8080-4d6ee007b506: start FollowerState
2019-10-19 01:14:38,520 [Thread-7924] INFO  impl.FollowerState (FollowerState.java:run(108)) - f143d5cf-4038-4fa8-8601-f5a45f16ca3e@group-A3037D40E172-FollowerState: change to CANDIDATE, lastRpcTime:200ms, electionTimeout:200ms
2019-10-19 01:14:38,520 [Thread-7924] INFO  impl.RoleInfo (RoleInfo.java:shutdownFollowerState(121)) - f143d5cf-4038-4fa8-8601-f5a45f16ca3e: shutdown FollowerState
2019-10-19 01:14:38,520 [Thread-7924] INFO  impl.RaftServerImpl (RaftServerImpl.java:setRole(184)) - f143d5cf-4038-4fa8-8601-f5a45f16ca3e@group-A3037D40E172: changes role from  FOLLOWER to CANDIDATE at term 132 for changeToCandidate
2019-10-19 01:14:38,520 [Thread-7924] INFO  impl.RoleInfo (RoleInfo.java:updateAndGet(143)) - f143d5cf-4038-4fa8-8601-f5a45f16ca3e: start LeaderElection
2019-10-19 01:14:38,534 [f143d5cf-4038-4fa8-8601-f5a45f16ca3e@group-A3037D40E172-LeaderElection857] INFO  impl.LeaderElection (LeaderElection.java:askForVotes(178)) - f143d5cf-4038-4fa8-8601-f5a45f16ca3e@group-A3037D40E172-LeaderElection857: begin an election at term 133 for -1: [f143d5cf-4038-4fa8-8601-f5a45f16ca3e:192.168.69.71:40169, 2543ffea-c5c6-4af0-856f-eb846bad755a:192.168.69.71:45287, 61d14648-e80d-4cd8-9e7c-6deb2f21aca8:192.168.69.71:42247], old=null
2019-10-19 01:14:38,535 [grpc-default-executor-9] INFO  impl.RaftServerImpl (RaftServerImpl.java:setRole(184)) - 2543ffea-c5c6-4af0-856f-eb846bad755a@group-A3037D40E172: changes role from  FOLLOWER to FOLLOWER at term 133 for recognizeCandidate:f143d5cf-4038-4fa8-8601-f5a45f16ca3e
2019-10-19 01:14:38,535 [grpc-default-executor-9] INFO  impl.RoleInfo (RoleInfo.java:shutdownFollowerState(121)) - 2543ffea-c5c6-4af0-856f-eb846bad755a: shutdown FollowerState
2019-10-19 01:14:38,535 [grpc-default-executor-1] INFO  impl.RaftServerImpl (RaftServerImpl.java:setRole(184)) - 61d14648-e80d-4cd8-9e7c-6deb2f21aca8@group-A3037D40E172: changes role from  FOLLOWER to FOLLOWER at term 133 for recognizeCandidate:f143d5cf-4038-4fa8-8601-f5a45f16ca3e
2019-10-19 01:14:38,536 [grpc-default-executor-1] INFO  impl.RoleInfo (RoleInfo.java:shutdownFollowerState(121)) - 61d14648-e80d-4cd8-9e7c-6deb2f21aca8: shutdown FollowerState
2019-10-19 01:14:38,535 [Thread-7923] INFO  impl.FollowerState (FollowerState.java:run(117)) - 2543ffea-c5c6-4af0-856f-eb846bad755a@group-A3037D40E172-FollowerState was interrupted: java.lang.InterruptedException: sleep interrupted
2019-10-19 01:14:38,536 [Thread-7922] INFO  impl.FollowerState (FollowerState.java:run(117)) - 61d14648-e80d-4cd8-9e7c-6deb2f21aca8@group-A3037D40E172-FollowerState was interrupted: java.lang.InterruptedException: sleep interrupted
2019-10-19 01:14:38,535 [grpc-default-executor-9] INFO  impl.RoleInfo (RoleInfo.java:updateAndGet(143)) - 2543ffea-c5c6-4af0-856f-eb846bad755a: start FollowerState
2019-10-19 01:14:38,536 [grpc-default-executor-1] INFO  impl.RoleInfo (RoleInfo.java:updateAndGet(143)) - 61d14648-e80d-4cd8-9e7c-6deb2f21aca8: start FollowerState
2019-10-19 01:14:38,550 [f143d5cf-4038-4fa8-8601-f5a45f16ca3e@group-A3037D40E172-LeaderElection857] INFO  impl.LeaderElection (LeaderElection.java:logAndReturn(56)) - f143d5cf-4038-4fa8-8601-f5a45f16ca3e@group-A3037D40E172-LeaderElection857: Election REJECTED; received 2 response(s) [f143d5cf-4038-4fa8-8601-f5a45f16ca3e<-2543ffea-c5c6-4af0-856f-eb846bad755a#0:FAIL-t133, f143d5cf-4038-4fa8-8601-f5a45f16ca3e<-61d14648-e80d-4cd8-9e7c-6deb2f21aca8#0:FAIL-t133] and 0 exception(s); f143d5cf-4038-4fa8-8601-f5a45f16ca3e@group-A3037D40E172:t133, leader=null, voted=f143d5cf-4038-4fa8-8601-f5a45f16ca3e, raftlog=f143d5cf-4038-4fa8-8601-f5a45f16ca3e@group-A3037D40E172-SegmentedRaftLog:OPENED:c-1,f-1,i0, conf=-1: [f143d5cf-4038-4fa8-8601-f5a45f16ca3e:192.168.69.71:40169, 2543ffea-c5c6-4af0-856f-eb846bad755a:192.168.69.71:45287, 61d14648-e80d-4cd8-9e7c-6deb2f21aca8:192.168.69.71:42247], old=null
2019-10-19 01:14:38,550 [f143d5cf-4038-4fa8-8601-f5a45f16ca3e@group-A3037D40E172-LeaderElection857] INFO  impl.RaftServerImpl (RaftServerImpl.java:setRole(184)) - f143d5cf-4038-4fa8-8601-f5a45f16ca3e@group-A3037D40E172: changes role from CANDIDATE to FOLLOWER at term 133 for DISCOVERED_A_NEW_TERM
2019-10-19 01:14:38,550 [f143d5cf-4038-4fa8-8601-f5a45f16ca3e@group-A3037D40E172-LeaderElection857] INFO  impl.RoleInfo (RoleInfo.java:shutdownLeaderElection(134)) - f143d5cf-4038-4fa8-8601-f5a45f16ca3e: shutdown LeaderElection
2019-10-19 01:14:38,550 [f143d5cf-4038-4fa8-8601-f5a45f16ca3e@group-A3037D40E172-LeaderElection857] INFO  impl.RoleInfo (RoleInfo.java:updateAndGet(143)) - f143d5cf-4038-4fa8-8601-f5a45f16ca3e: start FollowerState
2019-10-19 01:14:38,675 [Thread-7930] INFO  impl.FollowerState (FollowerState.java:run(108)) - 9c2d914d-67b1-4af9-8080-4d6ee007b506@group-20FCFA0487C4-FollowerState: change to CANDIDATE, lastRpcTime:162ms, electionTimeout:162ms
2019-10-19 01:14:38,675 [Thread-7930] INFO  impl.RoleInfo (RoleInfo.java:shutdownFollowerState(121)) - 9c2d914d-67b1-4af9-8080-4d6ee007b506: shutdown FollowerState
2019-10-19 01:14:38,675 [Thread-7930] INFO  impl.RaftServerImpl (RaftServerImpl.java:setRole(184)) - 9c2d914d-67b1-4af9-8080-4d6ee007b506@group-20FCFA0487C4: changes role from  FOLLOWER to CANDIDATE at term 126 for changeToCandidate
2019-10-19 01:14:38,675 [Thread-7930] INFO  impl.RoleInfo (RoleInfo.java:updateAndGet(143)) - 9c2d914d-67b1-4af9-8080-4d6ee007b506: start LeaderElection
2019-10-19 01:14:38,688 [9c2d914d-67b1-4af9-8080-4d6ee007b506@group-20FCFA0487C4-LeaderElection858] INFO  impl.LeaderElection (LeaderElection.java:askForVotes(178)) - 9c2d914d-67b1-4af9-8080-4d6ee007b506@group-20FCFA0487C4-LeaderElection858: begin an election at term 127 for -1: [88be3607-7667-471c-9070-7dfd13eb5ac8:192.168.69.71:32925, 9c2d914d-67b1-4af9-8080-4d6ee007b506:192.168.69.71:35462, 61d0b7dc-5f8b-422f-8693-c58167224d24:192.168.69.71:43479], old=null
2019-10-19 01:14:38,690 [grpc-default-executor-1] INFO  impl.RaftServerImpl (RaftServerImpl.java:setRole(184)) - 88be3607-7667-471c-9070-7dfd13eb5ac8@group-20FCFA0487C4: changes role from  FOLLOWER to FOLLOWER at term 127 for recognizeCandidate:9c2d914d-67b1-4af9-8080-4d6ee007b506
2019-10-19 01:14:38,690 [grpc-default-executor-9] INFO  impl.RaftServerImpl (RaftServerImpl.java:setRole(184)) - 61d0b7dc-5f8b-422f-8693-c58167224d24@group-20FCFA0487C4: changes role from  FOLLOWER to FOLLOWER at term 127 for recognizeCandidate:9c2d914d-67b1-4af9-8080-4d6ee007b506
2019-10-19 01:14:38,690 [grpc-default-executor-9] INFO  impl.RoleInfo (RoleInfo.java:shutdownFollowerState(121)) - 61d0b7dc-5f8b-422f-8693-c58167224d24: shutdown FollowerState
2019-10-19 01:14:38,690 [grpc-default-executor-1] INFO  impl.RoleInfo (RoleInfo.java:shutdownFollowerState(121)) - 88be3607-7667-471c-9070-7dfd13eb5ac8: shutdown FollowerState
2019-10-19 01:14:38,690 [Thread-7929] INFO  impl.FollowerState (FollowerState.java:run(117)) - 61d0b7dc-5f8b-422f-8693-c58167224d24@group-20FCFA0487C4-FollowerState was interrupted: java.lang.InterruptedException: sleep interrupted
2019-10-19 01:14:38,690 [grpc-default-executor-9] INFO  impl.RoleInfo (RoleInfo.java:updateAndGet(143)) - 61d0b7dc-5f8b-422f-8693-c58167224d24: start FollowerState
2019-10-19 01:14:38,690 [Thread-7928] INFO  impl.FollowerState (FollowerState.java:run(117)) - 88be3607-7667-471c-9070-7dfd13eb5ac8@group-20FCFA0487C4-FollowerState was interrupted: java.lang.InterruptedException: sleep interrupted
2019-10-19 01:14:38,690 [grpc-default-executor-1] INFO  impl.RoleInfo (RoleInfo.java:updateAndGet(143)) - 88be3607-7667-471c-9070-7dfd13eb5ac8: start FollowerState
2019-10-19 01:14:38,714 [9c2d914d-67b1-4af9-8080-4d6ee007b506@group-20FCFA0487C4-LeaderElection858] INFO  impl.LeaderElection (LeaderElection.java:logAndReturn(56)) - 9c2d914d-67b1-4af9-8080-4d6ee007b506@group-20FCFA0487C4-LeaderElection858: Election TIMEOUT; received 0 response(s) [] and 0 exception(s); 9c2d914d-67b1-4af9-8080-4d6ee007b506@group-20FCFA0487C4:t127, leader=null, voted=9c2d914d-67b1-4af9-8080-4d6ee007b506, raftlog=9c2d914d-67b1-4af9-8080-4d6ee007b506@group-20FCFA0487C4-SegmentedRaftLog:OPENED:c-1,f-1,i0, conf=-1: [88be3607-7667-471c-9070-7dfd13eb5ac8:192.168.69.71:32925, 9c2d914d-67b1-4af9-8080-4d6ee007b506:192.168.69.71:35462, 61d0b7dc-5f8b-422f-8693-c58167224d24:192.168.69.71:43479], old=null
2019-10-19 01:14:38,720 [Thread-7936] INFO  impl.FollowerState (FollowerState.java:run(108)) - f143d5cf-4038-4fa8-8601-f5a45f16ca3e@group-A3037D40E172-FollowerState: change to CANDIDATE, lastRpcTime:169ms, electionTimeout:169ms
2019-10-19 01:14:38,720 [Thread-7936] INFO  impl.RoleInfo (RoleInfo.java:shutdownFollowerState(121)) - f143d5cf-4038-4fa8-8601-f5a45f16ca3e: shutdown FollowerState
2019-10-19 01:14:38,720 [Thread-7936] INFO  impl.RaftServerImpl (RaftServerImpl.java:setRole(184)) - f143d5cf-4038-4fa8-8601-f5a45f16ca3e@group-A3037D40E172: changes role from  FOLLOWER to CANDIDATE at term 133 for changeToCandidate
2019-10-19 01:14:38,720 [Thread-7936] INFO  impl.RoleInfo (RoleInfo.java:updateAndGet(143)) - f143d5cf-4038-4fa8-8601-f5a45f16ca3e: start LeaderElection
2019-10-19 01:14:38,729 [9c2d914d-67b1-4af9-8080-4d6ee007b506@group-20FCFA0487C4-LeaderElection858] INFO  impl.LeaderElection (LeaderElection.java:askForVotes(178)) - 9c2d914d-67b1-4af9-8080-4d6ee007b506@group-20FCFA0487C4-LeaderElection858: begin an election at term 128 for -1: [88be3607-7667-471c-9070-7dfd13eb5ac8:192.168.69.71:32925, 9c2d914d-67b1-4af9-8080-4d6ee007b506:192.168.69.71:35462, 61d0b7dc-5f8b-422f-8693-c58167224d24:192.168.69.71:43479], old=null
2019-10-19 01:14:38,729 [f143d5cf-4038-4fa8-8601-f5a45f16ca3e@group-A3037D40E172-LeaderElection859] INFO  impl.LeaderElection (LeaderElection.java:askForVotes(178)) - f143d5cf-4038-4fa8-8601-f5a45f16ca3e@group-A3037D40E172-LeaderElection859: begin an election at term 134 for -1: [f143d5cf-4038-4fa8-8601-f5a45f16ca3e:192.168.69.71:40169, 2543ffea-c5c6-4af0-856f-eb846bad755a:192.168.69.71:45287, 61d14648-e80d-4cd8-9e7c-6deb2f21aca8:192.168.69.71:42247], old=null
2019-10-19 01:14:38,730 [grpc-default-executor-1] INFO  impl.RaftServerImpl (RaftServerImpl.java:setRole(184)) - 88be3607-7667-471c-9070-7dfd13eb5ac8@group-20FCFA0487C4: changes role from  FOLLOWER to FOLLOWER at term 128 for recognizeCandidate:9c2d914d-67b1-4af9-8080-4d6ee007b506
2019-10-19 01:14:38,731 [grpc-default-executor-1] INFO  impl.RoleInfo (RoleInfo.java:shutdownFollowerState(121)) - 88be3607-7667-471c-9070-7dfd13eb5ac8: shutdown FollowerState
2019-10-19 01:14:38,731 [grpc-default-executor-1] INFO  impl.RoleInfo (RoleInfo.java:updateAndGet(143)) - 88be3607-7667-471c-9070-7dfd13eb5ac8: start FollowerState
2019-10-19 01:14:38,731 [Thread-7943] INFO  impl.FollowerState (FollowerState.java:run(117)) - 88be3607-7667-471c-9070-7dfd13eb5ac8@group-20FCFA0487C4-FollowerState was interrupted: java.lang.InterruptedException: sleep interrupted
2019-10-19 01:14:38,731 [grpc-default-executor-9] INFO  impl.RaftServerImpl (RaftServerImpl.java:setRole(184)) - 61d14648-e80d-4cd8-9e7c-6deb2f21aca8@group-A3037D40E172: changes role from  FOLLOWER to FOLLOWER at term 134 for recognizeCandidate:f143d5cf-4038-4fa8-8601-f5a45f16ca3e
2019-10-19 01:14:38,731 [grpc-default-executor-9] INFO  impl.RoleInfo (RoleInfo.java:shutdownFollowerState(121)) - 61d14648-e80d-4cd8-9e7c-6deb2f21aca8: shutdown FollowerState
2019-10-19 01:14:38,731 [grpc-default-executor-3] INFO  impl.RaftServerImpl (RaftServerImpl.java:setRole(184)) - 61d0b7dc-5f8b-422f-8693-c58167224d24@group-20FCFA0487C4: changes role from  FOLLOWER to FOLLOWER at term 128 for recognizeCandidate:9c2d914d-67b1-4af9-8080-4d6ee007b506
2019-10-19 01:14:38,731 [grpc-default-executor-3] INFO  impl.RoleInfo (RoleInfo.java:shutdownFollowerState(121)) - 61d0b7dc-5f8b-422f-8693-c58167224d24: shutdown FollowerState
2019-10-19 01:14:38,731 [grpc-default-executor-9] INFO  impl.RoleInfo (RoleInfo.java:updateAndGet(143)) - 61d14648-e80d-4cd8-9e7c-6deb2f21aca8: start FollowerState
2019-10-19 01:14:38,731 [Thread-7935] INFO  impl.FollowerState (FollowerState.java:run(117)) - 61d14648-e80d-4cd8-9e7c-6deb2f21aca8@group-A3037D40E172-FollowerState was interrupted: java.lang.InterruptedException: sleep interrupted
2019-10-19 01:14:38,731 [Thread-7942] INFO  impl.FollowerState (FollowerState.java:run(117)) - 61d0b7dc-5f8b-422f-8693-c58167224d24@group-20FCFA0487C4-FollowerState was interrupted: java.lang.InterruptedException: sleep interrupted
2019-10-19 01:14:38,731 [grpc-default-executor-3] INFO  impl.RoleInfo (RoleInfo.java:updateAndGet(143)) - 61d0b7dc-5f8b-422f-8693-c58167224d24: start FollowerState
2019-10-19 01:14:38,731 [grpc-default-executor-10] INFO  impl.RaftServerImpl (RaftServerImpl.java:setRole(184)) - 2543ffea-c5c6-4af0-856f-eb846bad755a@group-A3037D40E172: changes role from  FOLLOWER to FOLLOWER at term 134 for recognizeCandidate:f143d5cf-4038-4fa8-8601-f5a45f16ca3e
2019-10-19 01:14:38,732 [grpc-default-executor-10] INFO  impl.RoleInfo (RoleInfo.java:shutdownFollowerState(121)) - 2543ffea-c5c6-4af0-856f-eb846bad755a: shutdown FollowerState
2019-10-19 01:14:38,732 [grpc-default-executor-10] INFO  impl.RoleInfo (RoleInfo.java:updateAndGet(143)) - 2543ffea-c5c6-4af0-856f-eb846bad755a: start FollowerState
2019-10-19 01:14:38,732 [Thread-7934] INFO  impl.FollowerState (FollowerState.java:run(117)) - 2543ffea-c5c6-4af0-856f-eb846bad755a@group-A3037D40E172-FollowerState was interrupted: java.lang.InterruptedException: sleep interrupted
2019-10-19 01:14:38,741 [f143d5cf-4038-4fa8-8601-f5a45f16ca3e@group-A3037D40E172-LeaderElection859] INFO  impl.LeaderElection (LeaderElection.java:logAndReturn(56)) - f143d5cf-4038-4fa8-8601-f5a45f16ca3e@group-A3037D40E172-LeaderElection859: Election REJECTED; received 2 response(s) [f143d5cf-4038-4fa8-8601-f5a45f16ca3e<-2543ffea-c5c6-4af0-856f-eb846bad755a#0:FAIL-t134, f143d5cf-4038-4fa8-8601-f5a45f16ca3e<-61d14648-e80d-4cd8-9e7c-6deb2f21aca8#0:FAIL-t134] and 0 exception(s); f143d5cf-4038-4fa8-8601-f5a45f16ca3e@group-A3037D40E172:t134, leader=null, voted=f143d5cf-4038-4fa8-8601-f5a45f16ca3e, raftlog=f143d5cf-4038-4fa8-8601-f5a45f16ca3e@group-A3037D40E172-SegmentedRaftLog:OPENED:c-1,f-1,i0, conf=-1: [f143d5cf-4038-4fa8-8601-f5a45f16ca3e:192.168.69.71:40169, 2543ffea-c5c6-4af0-856f-eb846bad755a:192.168.69.71:45287, 61d14648-e80d-4cd8-9e7c-6deb2f21aca8:192.168.69.71:42247], old=null
2019-10-19 01:14:38,741 [f143d5cf-4038-4fa8-8601-f5a45f16ca3e@group-A3037D40E172-LeaderElection859] INFO  impl.RaftServerImpl (RaftServerImpl.java:setRole(184)) - f143d5cf-4038-4fa8-8601-f5a45f16ca3e@group-A3037D40E172: changes role from CANDIDATE to FOLLOWER at term 134 for DISCOVERED_A_NEW_TERM
2019-10-19 01:14:38,741 [f143d5cf-4038-4fa8-8601-f5a45f16ca3e@group-A3037D40E172-LeaderElection859] INFO  impl.RoleInfo (RoleInfo.java:shutdownLeaderElection(134)) - f143d5cf-4038-4fa8-8601-f5a45f16ca3e: shutdown LeaderElection
2019-10-19 01:14:38,741 [9c2d914d-67b1-4af9-8080-4d6ee007b506@group-20FCFA0487C4-LeaderElection858] INFO  impl.LeaderElection (LeaderElection.java:logAndReturn(56)) - 9c2d914d-67b1-4af9-8080-4d6ee007b506@group-20FCFA0487C4-LeaderElection858: Election REJECTED; received 2 response(s) [9c2d914d-67b1-4af9-8080-4d6ee007b506<-88be3607-7667-471c-9070-7dfd13eb5ac8#0:FAIL-t128, 9c2d914d-67b1-4af9-8080-4d6ee007b506<-61d0b7dc-5f8b-422f-8693-c58167224d24#0:FAIL-t128] and 0 exception(s); 9c2d914d-67b1-4af9-8080-4d6ee007b506@group-20FCFA0487C4:t128, leader=null, voted=9c2d914d-67b1-4af9-8080-4d6ee007b506, raftlog=9c2d914d-67b1-4af9-8080-4d6ee007b506@group-20FCFA0487C4-SegmentedRaftLog:OPENED:c-1,f-1,i0, conf=-1: [88be3607-7667-471c-9070-7dfd13eb5ac8:192.168.69.71:32925, 9c2d914d-67b1-4af9-8080-4d6ee007b506:192.168.69.71:35462, 61d0b7dc-5f8b-422f-8693-c58167224d24:192.168.69.71:43479], old=null
2019-10-19 01:14:38,741 [f143d5cf-4038-4fa8-8601-f5a45f16ca3e@group-A3037D40E172-LeaderElection859] INFO  impl.RoleInfo (RoleInfo.java:updateAndGet(143)) - f143d5cf-4038-4fa8-8601-f5a45f16ca3e: start FollowerState
2019-10-19 01:14:38,741 [9c2d914d-67b1-4af9-8080-4d6ee007b506@group-20FCFA0487C4-LeaderElection858] INFO  impl.RaftServerImpl (RaftServerImpl.java:setRole(184)) - 9c2d914d-67b1-4af9-8080-4d6ee007b506@group-20FCFA0487C4: changes role from CANDIDATE to FOLLOWER at term 128 for DISCOVERED_A_NEW_TERM
2019-10-19 01:14:38,741 [9c2d914d-67b1-4af9-8080-4d6ee007b506@group-20FCFA0487C4-LeaderElection858] INFO  impl.RoleInfo (RoleInfo.java:shutdownLeaderElection(134)) - 9c2d914d-67b1-4af9-8080-4d6ee007b506: shutdown LeaderElection
2019-10-19 01:14:38,741 [9c2d914d-67b1-4af9-8080-4d6ee007b506@group-20FCFA0487C4-LeaderElection858] INFO  impl.RoleInfo (RoleInfo.java:updateAndGet(143)) - 9c2d914d-67b1-4af9-8080-4d6ee007b506: start FollowerState
2019-10-19 01:14:38,753 [Thread-7953] INFO  impl.FollowerState (FollowerState.java:run(108)) - f143d5cf-4038-4fa8-8601-f5a45f16ca3e@group-A3037D40E172-FollowerState: change to CANDIDATE, lastRpcTime:12ms, electionTimeout:12ms
2019-10-19 01:14:38,753 [Thread-7953] INFO  impl.RoleInfo (RoleInfo.java:shutdownFollowerState(121)) - f143d5cf-4038-4fa8-8601-f5a45f16ca3e: shutdown FollowerState
2019-10-19 01:14:38,753 [Thread-7953] INFO  impl.RaftServerImpl (RaftServerImpl.java:setRole(184)) - f143d5cf-4038-4fa8-8601-f5a45f16ca3e@group-A3037D40E172: changes role from  FOLLOWER to CANDIDATE at term 134 for changeToCandidate
2019-10-19 01:14:38,753 [Thread-7953] INFO  impl.RoleInfo (RoleInfo.java:updateAndGet(143)) - f143d5cf-4038-4fa8-8601-f5a45f16ca3e: start LeaderElection
2019-10-19 01:14:38,767 [f143d5cf-4038-4fa8-8601-f5a45f16ca3e@group-A3037D40E172-LeaderElection860] INFO  impl.LeaderElection (LeaderElection.java:askForVotes(178)) - f143d5cf-4038-4fa8-8601-f5a45f16ca3e@group-A3037D40E172-LeaderElection860: begin an election at term 135 for -1: [f143d5cf-4038-4fa8-8601-f5a45f16ca3e:192.168.69.71:40169, 2543ffea-c5c6-4af0-856f-eb846bad755a:192.168.69.71:45287, 61d14648-e80d-4cd8-9e7c-6deb2f21aca8:192.168.69.71:42247], old=null
2019-10-19 01:14:38,768 [grpc-default-executor-1] INFO  impl.RaftServerImpl (RaftServerImpl.java:setRole(184)) - 61d14648-e80d-4cd8-9e7c-6deb2f21aca8@group-A3037D40E172: changes role from  FOLLOWER to FOLLOWER at term 135 for recognizeCandidate:f143d5cf-4038-4fa8-8601-f5a45f16ca3e
2019-10-19 01:14:38,768 [grpc-default-executor-1] INFO  impl.RoleInfo (RoleInfo.java:shutdownFollowerState(121)) - 61d14648-e80d-4cd8-9e7c-6deb2f21aca8: shutdown FollowerState
2019-10-19 01:14:38,768 [grpc-default-executor-10] INFO  impl.RaftServerImpl (RaftServerImpl.java:setRole(184)) - 2543ffea-c5c6-4af0-856f-eb846bad755a@group-A3037D40E172: changes role from  FOLLOWER to FOLLOWER at term 135 for recognizeCandidate:f143d5cf-4038-4fa8-8601-f5a45f16ca3e
2019-10-19 01:14:38,769 [grpc-default-executor-10] INFO  impl.RoleInfo (RoleInfo.java:shutdownFollowerState(121)) - 2543ffea-c5c6-4af0-856f-eb846bad755a: shutdown FollowerState
2019-10-19 01:14:38,768 [Thread-7950] INFO  impl.FollowerState (FollowerState.java:run(117)) - 61d14648-e80d-4cd8-9e7c-6deb2f21aca8@group-A3037D40E172-FollowerState was interrupted: java.lang.InterruptedException: sleep interrupted
2019-10-19 01:14:38,768 [grpc-default-executor-1] INFO  impl.RoleInfo (RoleInfo.java:updateAndGet(143)) - 61d14648-e80d-4cd8-9e7c-6deb2f21aca8: start FollowerState
2019-10-19 01:14:38,769 [Thread-7952] INFO  impl.FollowerState (FollowerState.java:run(117)) - 2543ffea-c5c6-4af0-856f-eb846bad755a@group-A3037D40E172-FollowerState was interrupted: java.lang.InterruptedException: sleep interrupted
2019-10-19 01:14:38,769 [grpc-default-executor-10] INFO  impl.RoleInfo (RoleInfo.java:updateAndGet(143)) - 2543ffea-c5c6-4af0-856f-eb846bad755a: start FollowerState
2019-10-19 01:14:38,783 [f143d5cf-4038-4fa8-8601-f5a45f16ca3e@group-A3037D40E172-LeaderElection860] INFO  impl.LeaderElection (LeaderElection.java:logAndReturn(56)) - f143d5cf-4038-4fa8-8601-f5a45f16ca3e@group-A3037D40E172-LeaderElection860: Election REJECTED; received 2 response(s) [f143d5cf-4038-4fa8-8601-f5a45f16ca3e<-2543ffea-c5c6-4af0-856f-eb846bad755a#0:FAIL-t135, f143d5cf-4038-4fa8-8601-f5a45f16ca3e<-61d14648-e80d-4cd8-9e7c-6deb2f21aca8#0:FAIL-t135] and 0 exception(s); f143d5cf-4038-4fa8-8601-f5a45f16ca3e@group-A3037D40E172:t135, leader=null, voted=f143d5cf-4038-4fa8-8601-f5a45f16ca3e, raftlog=f143d5cf-4038-4fa8-8601-f5a45f16ca3e@group-A3037D40E172-SegmentedRaftLog:OPENED:c-1,f-1,i0, conf=-1: [f143d5cf-4038-4fa8-8601-f5a45f16ca3e:192.168.69.71:40169, 2543ffea-c5c6-4af0-856f-eb846bad755a:192.168.69.71:45287, 61d14648-e80d-4cd8-9e7c-6deb2f21aca8:192.168.69.71:42247], old=null
2019-10-19 01:14:38,783 [f143d5cf-4038-4fa8-8601-f5a45f16ca3e@group-A3037D40E172-LeaderElection860] INFO  impl.RaftServerImpl (RaftServerImpl.java:setRole(184)) - f143d5cf-4038-4fa8-8601-f5a45f16ca3e@group-A3037D40E172: changes role from CANDIDATE to FOLLOWER at term 135 for DISCOVERED_A_NEW_TERM
2019-10-19 01:14:38,783 [f143d5cf-4038-4fa8-8601-f5a45f16ca3e@group-A3037D40E172-LeaderElection860] INFO  impl.RoleInfo (RoleInfo.java:shutdownLeaderElection(134)) - f143d5cf-4038-4fa8-8601-f5a45f16ca3e: shutdown LeaderElection
2019-10-19 01:14:38,783 [f143d5cf-4038-4fa8-8601-f5a45f16ca3e@group-A3037D40E172-LeaderElection860] INFO  impl.RoleInfo (RoleInfo.java:updateAndGet(143)) - f143d5cf-4038-4fa8-8601-f5a45f16ca3e: start FollowerState
2019-10-19 01:14:38,879 [Thread-7954] INFO  impl.FollowerState (FollowerState.java:run(108)) - 9c2d914d-67b1-4af9-8080-4d6ee007b506@group-20FCFA0487C4-FollowerState: change to CANDIDATE, lastRpcTime:138ms, electionTimeout:138ms
2019-10-19 01:14:38,880 [Thread-7954] INFO  impl.RoleInfo (RoleInfo.java:shutdownFollowerState(121)) - 9c2d914d-67b1-4af9-8080-4d6ee007b506: shutdown FollowerState
2019-10-19 01:14:38,880 [Thread-7954] INFO  impl.RaftServerImpl (RaftServerImpl.java:setRole(184)) - 9c2d914d-67b1-4af9-8080-4d6ee007b506@group-20FCFA0487C4: changes role from  FOLLOWER to CANDIDATE at term 128 for changeToCandidate
2019-10-19 01:14:38,880 [Thread-7954] INFO  impl.RoleInfo (RoleInfo.java:updateAndGet(143)) - 9c2d914d-67b1-4af9-8080-4d6ee007b506: start LeaderElection
2019-10-19 01:14:38,891 [Thread-7960] INFO  impl.FollowerState (FollowerState.java:run(108)) - f143d5cf-4038-4fa8-8601-f5a45f16ca3e@group-A3037D40E172-FollowerState: change to CANDIDATE, lastRpcTime:107ms, electionTimeout:107ms
2019-10-19 01:14:38,891 [Thread-7960] INFO  impl.RoleInfo (RoleInfo.java:shutdownFollowerState(121)) - f143d5cf-4038-4fa8-8601-f5a45f16ca3e: shutdown FollowerState
2019-10-19 01:14:38,891 [Thread-7960] INFO  impl.RaftServerImpl (RaftServerImpl.java:setRole(184)) - f143d5cf-4038-4fa8-8601-f5a45f16ca3e@group-A3037D40E172: changes role from  FOLLOWER to CANDIDATE at term 135 for changeToCandidate
2019-10-19 01:14:38,891 [Thread-7960] INFO  impl.RoleInfo (RoleInfo.java:updateAndGet(143)) - f143d5cf-4038-4fa8-8601-f5a45f16ca3e: start LeaderElection
2019-10-19 01:14:38,893 [9c2d914d-67b1-4af9-8080-4d6ee007b506@group-20FCFA0487C4-LeaderElection861] INFO  impl.LeaderElection (LeaderElection.java:askForVotes(178)) - 9c2d914d-67b1-4af9-8080-4d6ee007b506@group-20FCFA0487C4-LeaderElection861: begin an election at term 129 for -1: [88be3607-7667-471c-9070-7dfd13eb5ac8:192.168.69.71:32925, 9c2d914d-67b1-4af9-8080-4d6ee007b506:192.168.69.71:35462, 61d0b7dc-5f8b-422f-8693-c58167224d24:192.168.69.71:43479], old=null
2019-10-19 01:14:38,894 [grpc-default-executor-1] INFO  impl.RaftServerImpl (RaftServerImpl.java:setRole(184)) - 61d0b7dc-5f8b-422f-8693-c58167224d24@group-20FCFA0487C4: changes role from  FOLLOWER to FOLLOWER at term 129 for recognizeCandidate:9c2d914d-67b1-4af9-8080-4d6ee007b506
2019-10-19 01:14:38,894 [grpc-default-executor-10] INFO  impl.RaftServerImpl (RaftServerImpl.java:setRole(184)) - 88be3607-7667-471c-9070-7dfd13eb5ac8@group-20FCFA0487C4: changes role from  FOLLOWER to FOLLOWER at term 129 for recognizeCandidate:9c2d914d-67b1-4af9-8080-4d6ee007b506
2019-10-19 01:14:38,894 [grpc-default-executor-10] INFO  impl.RoleInfo (RoleInfo.java:shutdownFollowerState(121)) - 88be3607-7667-471c-9070-7dfd13eb5ac8: shutdown FollowerState
2019-10-19 01:14:38,894 [grpc-default-executor-1] INFO  impl.RoleInfo (RoleInfo.java:shutdownFollowerState(121)) - 61d0b7dc-5f8b-422f-8693-c58167224d24: shutdown FollowerState
2019-10-19 01:14:38,895 [Thread-7949] INFO  impl.FollowerState (FollowerState.java:run(117)) - 88be3607-7667-471c-9070-7dfd13eb5ac8@group-20FCFA0487C4-FollowerState was interrupted: java.lang.InterruptedException: sleep interrupted
2019-10-19 01:14:38,895 [grpc-default-executor-10] INFO  impl.RoleInfo (RoleInfo.java:updateAndGet(143)) - 88be3607-7667-471c-9070-7dfd13eb5ac8: start FollowerState
2019-10-19 01:14:38,895 [Thread-7951] INFO  impl.FollowerState (FollowerState.java:run(117)) - 61d0b7dc-5f8b-422f-8693-c58167224d24@group-20FCFA0487C4-FollowerState was interrupted: java.lang.InterruptedException: sleep interrupted
2019-10-19 01:14:38,895 [f143d5cf-4038-4fa8-8601-f5a45f16ca3e@group-A3037D40E172-LeaderElection862] INFO  impl.LeaderElection (LeaderElection.java:askForVotes(178)) - f143d5cf-4038-4fa8-8601-f5a45f16ca3e@group-A3037D40E172-LeaderElection862: begin an election at term 136 for -1: [f143d5cf-4038-4fa8-8601-f5a45f16ca3e:192.168.69.71:40169, 2543ffea-c5c6-4af0-856f-eb846bad755a:192.168.69.71:45287, 61d14648-e80d-4cd8-9e7c-6deb2f21aca8:192.168.69.71:42247], old=null
2019-10-19 01:14:38,895 [grpc-default-executor-1] INFO  impl.RoleInfo (RoleInfo.java:updateAndGet(143)) - 61d0b7dc-5f8b-422f-8693-c58167224d24: start FollowerState
2019-10-19 01:14:38,896 [grpc-default-executor-9] INFO  impl.RaftServerImpl (RaftServerImpl.java:setRole(184)) - 2543ffea-c5c6-4af0-856f-eb846bad755a@group-A3037D40E172: changes role from  FOLLOWER to FOLLOWER at term 136 for recognizeCandidate:f143d5cf-4038-4fa8-8601-f5a45f16ca3e
2019-10-19 01:14:38,896 [grpc-default-executor-3] INFO  impl.RaftServerImpl (RaftServerImpl.java:setRole(184)) - 61d14648-e80d-4cd8-9e7c-6deb2f21aca8@group-A3037D40E172: changes role from  FOLLOWER to FOLLOWER at term 136 for recognizeCandidate:f143d5cf-4038-4fa8-8601-f5a45f16ca3e
2019-10-19 01:14:38,896 [grpc-default-executor-3] INFO  impl.RoleInfo (RoleInfo.java:shutdownFollowerState(121)) - 61d14648-e80d-4cd8-9e7c-6deb2f21aca8: shutdown FollowerState
2019-10-19 01:14:38,896 [grpc-default-executor-9] INFO  impl.RoleInfo (RoleInfo.java:shutdownFollowerState(121)) - 2543ffea-c5c6-4af0-856f-eb846bad755a: shutdown FollowerState
2019-10-19 01:14:38,896 [Thread-7958] INFO  impl.FollowerState (FollowerState.java:run(117)) - 61d14648-e80d-4cd8-9e7c-6deb2f21aca8@group-A3037D40E172-FollowerState was interrupted: java.lang.InterruptedException: sleep interrupted
2019-10-19 01:14:38,896 [grpc-default-executor-3] INFO  impl.RoleInfo (RoleInfo.java:updateAndGet(143)) - 61d14648-e80d-4cd8-9e7c-6deb2f21aca8: start FollowerState
2019-10-19 01:14:38,897 [Thread-7959] INFO  impl.FollowerState (FollowerState.java:run(117)) - 2543ffea-c5c6-4af0-856f-eb846bad755a@group-A3037D40E172-FollowerState was interrupted: java.lang.InterruptedException: sleep interrupted
2019-10-19 01:14:38,897 [grpc-default-executor-9] INFO  impl.RoleInfo (RoleInfo.java:updateAndGet(143)) - 2543ffea-c5c6-4af0-856f-eb846bad755a: start FollowerState
2019-10-19 01:14:38,909 [f143d5cf-4038-4fa8-8601-f5a45f16ca3e@group-A3037D40E172-LeaderElection862] INFO  impl.LeaderElection (LeaderElection.java:logAndReturn(56)) - f143d5cf-4038-4fa8-8601-f5a45f16ca3e@group-A3037D40E172-LeaderElection862: Election REJECTED; received 2 response(s) [f143d5cf-4038-4fa8-8601-f5a45f16ca3e<-2543ffea-c5c6-4af0-856f-eb846bad755a#0:FAIL-t136, f143d5cf-4038-4fa8-8601-f5a45f16ca3e<-61d14648-e80d-4cd8-9e7c-6deb2f21aca8#0:FAIL-t136] and 0 exception(s); f143d5cf-4038-4fa8-8601-f5a45f16ca3e@group-A3037D40E172:t136, leader=null, voted=f143d5cf-4038-4fa8-8601-f5a45f16ca3e, raftlog=f143d5cf-4038-4fa8-8601-f5a45f16ca3e@group-A3037D40E172-SegmentedRaftLog:OPENED:c-1,f-1,i0, conf=-1: [f143d5cf-4038-4fa8-8601-f5a45f16ca3e:192.168.69.71:40169, 2543ffea-c5c6-4af0-856f-eb846bad755a:192.168.69.71:45287, 61d14648-e80d-4cd8-9e7c-6deb2f21aca8:192.168.69.71:42247], old=null
2019-10-19 01:14:38,909 [9c2d914d-67b1-4af9-8080-4d6ee007b506@group-20FCFA0487C4-LeaderElection861] INFO  impl.LeaderElection (LeaderElection.java:logAndReturn(56)) - 9c2d914d-67b1-4af9-8080-4d6ee007b506@group-20FCFA0487C4-LeaderElection861: Election REJECTED; received 2 response(s) [9c2d914d-67b1-4af9-8080-4d6ee007b506<-88be3607-7667-471c-9070-7dfd13eb5ac8#0:FAIL-t129, 9c2d914d-67b1-4af9-8080-4d6ee007b506<-61d0b7dc-5f8b-422f-8693-c58167224d24#0:FAIL-t129] and 0 exception(s); 9c2d914d-67b1-4af9-8080-4d6ee007b506@group-20FCFA0487C4:t129, leader=null, voted=9c2d914d-67b1-4af9-8080-4d6ee007b506, raftlog=9c2d914d-67b1-4af9-8080-4d6ee007b506@group-20FCFA0487C4-SegmentedRaftLog:OPENED:c-1,f-1,i0, conf=-1: [88be3607-7667-471c-9070-7dfd13eb5ac8:192.168.69.71:32925, 9c2d914d-67b1-4af9-8080-4d6ee007b506:192.168.69.71:35462, 61d0b7dc-5f8b-422f-8693-c58167224d24:192.168.69.71:43479], old=null
2019-10-19 01:14:38,909 [f143d5cf-4038-4fa8-8601-f5a45f16ca3e@group-A3037D40E172-LeaderElection862] INFO  impl.RaftServerImpl (RaftServerImpl.java:setRole(184)) - f143d5cf-4038-4fa8-8601-f5a45f16ca3e@group-A3037D40E172: changes role from CANDIDATE to FOLLOWER at term 136 for DISCOVERED_A_NEW_TERM
2019-10-19 01:14:38,909 [9c2d914d-67b1-4af9-8080-4d6ee007b506@group-20FCFA0487C4-LeaderElection861] INFO  impl.RaftServerImpl (RaftServerImpl.java:setRole(184)) - 9c2d914d-67b1-4af9-8080-4d6ee007b506@group-20FCFA0487C4: changes role from CANDIDATE to FOLLOWER at term 129 for DISCOVERED_A_NEW_TERM
2019-10-19 01:14:38,909 [f143d5cf-4038-4fa8-8601-f5a45f16ca3e@group-A3037D40E172-LeaderElection862] INFO  impl.RoleInfo (RoleInfo.java:shutdownLeaderElection(134)) - f143d5cf-4038-4fa8-8601-f5a45f16ca3e: shutdown LeaderElection
2019-10-19 01:14:38,909 [9c2d914d-67b1-4af9-8080-4d6ee007b506@group-20FCFA0487C4-LeaderElection861] INFO  impl.RoleInfo (RoleInfo.java:shutdownLeaderElection(134)) - 9c2d914d-67b1-4af9-8080-4d6ee007b506: shutdown LeaderElection
2019-10-19 01:14:38,909 [f143d5cf-4038-4fa8-8601-f5a45f16ca3e@group-A3037D40E172-LeaderElection862] INFO  impl.RoleInfo (RoleInfo.java:updateAndGet(143)) - f143d5cf-4038-4fa8-8601-f5a45f16ca3e: start FollowerState
2019-10-19 01:14:38,909 [9c2d914d-67b1-4af9-8080-4d6ee007b506@group-20FCFA0487C4-LeaderElection861] INFO  impl.RoleInfo (RoleInfo.java:updateAndGet(143)) - 9c2d914d-67b1-4af9-8080-4d6ee007b506: start FollowerState
2019-10-19 01:14:38,948 [Thread-7971] INFO  impl.FollowerState (FollowerState.java:run(108)) - f143d5cf-4038-4fa8-8601-f5a45f16ca3e@group-A3037D40E172-FollowerState: change to CANDIDATE, lastRpcTime:38ms, electionTimeout:38ms
2019-10-19 01:14:38,948 [Thread-7971] INFO  impl.RoleInfo (RoleInfo.java:shutdownFollowerState(121)) - f143d5cf-4038-4fa8-8601-f5a45f16ca3e: shutdown FollowerState
2019-10-19 01:14:38,948 [Thread-7971] INFO  impl.RaftServerImpl (RaftServerImpl.java:setRole(184)) - f143d5cf-4038-4fa8-8601-f5a45f16ca3e@group-A3037D40E172: changes role from  FOLLOWER to CANDIDATE at term 136 for changeToCandidate
2019-10-19 01:14:38,948 [Thread-7971] INFO  impl.RoleInfo (RoleInfo.java:updateAndGet(143)) - f143d5cf-4038-4fa8-8601-f5a45f16ca3e: start LeaderElection
2019-10-19 01:14:38,963 [f143d5cf-4038-4fa8-8601-f5a45f16ca3e@group-A3037D40E172-LeaderElection863] INFO  impl.LeaderElection (LeaderElection.java:askForVotes(178)) - f143d5cf-4038-4fa8-8601-f5a45f16ca3e@group-A3037D40E172-LeaderElection863: begin an election at term 137 for -1: [f143d5cf-4038-4fa8-8601-f5a45f16ca3e:192.168.69.71:40169, 2543ffea-c5c6-4af0-856f-eb846bad755a:192.168.69.71:45287, 61d14648-e80d-4cd8-9e7c-6deb2f21aca8:192.168.69.71:42247], old=null
2019-10-19 01:14:38,965 [grpc-default-executor-10] INFO  impl.RaftServerImpl (RaftServerImpl.java:setRole(184)) - 2543ffea-c5c6-4af0-856f-eb846bad755a@group-A3037D40E172: changes role from  FOLLOWER to FOLLOWER at term 137 for recognizeCandidate:f143d5cf-4038-4fa8-8601-f5a45f16ca3e
2019-10-19 01:14:38,965 [grpc-default-executor-10] INFO  impl.RoleInfo (RoleInfo.java:shutdownFollowerState(121)) - 2543ffea-c5c6-4af0-856f-eb846bad755a: shutdown FollowerState
2019-10-19 01:14:38,965 [grpc-default-executor-1] INFO  impl.RaftServerImpl (RaftServerImpl.java:setRole(184)) - 61d14648-e80d-4cd8-9e7c-6deb2f21aca8@group-A3037D40E172: changes role from  FOLLOWER to FOLLOWER at term 137 for recognizeCandidate:f143d5cf-4038-4fa8-8601-f5a45f16ca3e
2019-10-19 01:14:38,965 [Thread-7970] INFO  impl.FollowerState (FollowerState.java:run(117)) - 2543ffea-c5c6-4af0-856f-eb846bad755a@group-A3037D40E172-FollowerState was interrupted: java.lang.InterruptedException: sleep interrupted
2019-10-19 01:14:38,965 [grpc-default-executor-10] INFO  impl.RoleInfo (RoleInfo.java:updateAndGet(143)) - 2543ffea-c5c6-4af0-856f-eb846bad755a: start FollowerState
2019-10-19 01:14:38,965 [grpc-default-executor-1] INFO  impl.RoleInfo (RoleInfo.java:shutdownFollowerState(121)) - 61d14648-e80d-4cd8-9e7c-6deb2f21aca8: shutdown FollowerState
2019-10-19 01:14:38,965 [grpc-default-executor-1] INFO  impl.RoleInfo (RoleInfo.java:updateAndGet(143)) - 61d14648-e80d-4cd8-9e7c-6deb2f21aca8: start FollowerState
2019-10-19 01:14:38,965 [Thread-7969] INFO  impl.FollowerState (FollowerState.java:run(117)) - 61d14648-e80d-4cd8-9e7c-6deb2f21aca8@group-A3037D40E172-FollowerState was interrupted: java.lang.InterruptedException: sleep interrupted
2019-10-19 01:14:38,979 [f143d5cf-4038-4fa8-8601-f5a45f16ca3e@group-A3037D40E172-LeaderElection863] INFO  impl.LeaderElection (LeaderElection.java:logAndReturn(56)) - f143d5cf-4038-4fa8-8601-f5a45f16ca3e@group-A3037D40E172-LeaderElection863: Election REJECTED; received 2 response(s) [f143d5cf-4038-4fa8-8601-f5a45f16ca3e<-2543ffea-c5c6-4af0-856f-eb846bad755a#0:FAIL-t137, f143d5cf-4038-4fa8-8601-f5a45f16ca3e<-61d14648-e80d-4cd8-9e7c-6deb2f21aca8#0:FAIL-t137] and 0 exception(s); f143d5cf-4038-4fa8-8601-f5a45f16ca3e@group-A3037D40E172:t137, leader=null, voted=f143d5cf-4038-4fa8-8601-f5a45f16ca3e, raftlog=f143d5cf-4038-4fa8-8601-f5a45f16ca3e@group-A3037D40E172-SegmentedRaftLog:OPENED:c-1,f-1,i0, conf=-1: [f143d5cf-4038-4fa8-8601-f5a45f16ca3e:192.168.69.71:40169, 2543ffea-c5c6-4af0-856f-eb846bad755a:192.168.69.71:45287, 61d14648-e80d-4cd8-9e7c-6deb2f21aca8:192.168.69.71:42247], old=null
2019-10-19 01:14:38,979 [f143d5cf-4038-4fa8-8601-f5a45f16ca3e@group-A3037D40E172-LeaderElection863] INFO  impl.RaftServerImpl (RaftServerImpl.java:setRole(184)) - f143d5cf-4038-4fa8-8601-f5a45f16ca3e@group-A3037D40E172: changes role from CANDIDATE to FOLLOWER at term 137 for DISCOVERED_A_NEW_TERM
2019-10-19 01:14:38,979 [f143d5cf-4038-4fa8-8601-f5a45f16ca3e@group-A3037D40E172-LeaderElection863] INFO  impl.RoleInfo (RoleInfo.java:shutdownLeaderElection(134)) - f143d5cf-4038-4fa8-8601-f5a45f16ca3e: shutdown LeaderElection
2019-10-19 01:14:38,979 [f143d5cf-4038-4fa8-8601-f5a45f16ca3e@group-A3037D40E172-LeaderElection863] INFO  impl.RoleInfo (RoleInfo.java:updateAndGet(143)) - f143d5cf-4038-4fa8-8601-f5a45f16ca3e: start FollowerState
2019-10-19 01:14:39,023 [Thread-7972] INFO  impl.FollowerState (FollowerState.java:run(108)) - 9c2d914d-67b1-4af9-8080-4d6ee007b506@group-20FCFA0487C4-FollowerState: change to CANDIDATE, lastRpcTime:113ms, electionTimeout:113ms
2019-10-19 01:14:39,023 [Thread-7972] INFO  impl.RoleInfo (RoleInfo.java:shutdownFollowerState(121)) - 9c2d914d-67b1-4af9-8080-4d6ee007b506: shutdown FollowerState
2019-10-19 01:14:39,023 [Thread-7972] INFO  impl.RaftServerImpl (RaftServerImpl.java:setRole(184)) - 9c2d914d-67b1-4af9-8080-4d6ee007b506@group-20FCFA0487C4: changes role from  FOLLOWER to CANDIDATE at term 129 for changeToCandidate
2019-10-19 01:14:39,023 [Thread-7972] INFO  impl.RoleInfo (RoleInfo.java:updateAndGet(143)) - 9c2d914d-67b1-4af9-8080-4d6ee007b506: start LeaderElection
2019-10-19 01:14:39,036 [9c2d914d-67b1-4af9-8080-4d6ee007b506@group-20FCFA0487C4-LeaderElection864] INFO  impl.LeaderElection (LeaderElection.java:askForVotes(178)) - 9c2d914d-67b1-4af9-8080-4d6ee007b506@group-20FCFA0487C4-LeaderElection864: begin an election at term 130 for -1: [88be3607-7667-471c-9070-7dfd13eb5ac8:192.168.69.71:32925, 9c2d914d-67b1-4af9-8080-4d6ee007b506:192.168.69.71:35462, 61d0b7dc-5f8b-422f-8693-c58167224d24:192.168.69.71:43479], old=null
2019-10-19 01:14:39,037 [grpc-default-executor-10] INFO  impl.RaftServerImpl (RaftServerImpl.java:setRole(184)) - 88be3607-7667-471c-9070-7dfd13eb5ac8@group-20FCFA0487C4: changes role from  FOLLOWER to FOLLOWER at term 130 for recognizeCandidate:9c2d914d-67b1-4af9-8080-4d6ee007b506
2019-10-19 01:14:39,037 [grpc-default-executor-10] INFO  impl.RoleInfo (RoleInfo.java:shutdownFollowerState(121)) - 88be3607-7667-471c-9070-7dfd13eb5ac8: shutdown FollowerState
2019-10-19 01:14:39,037 [grpc-default-executor-10] INFO  impl.RoleInfo (RoleInfo.java:updateAndGet(143)) - 88be3607-7667-471c-9070-7dfd13eb5ac8: start FollowerState
2019-10-19 01:14:39,037 [grpc-default-executor-1] INFO  impl.RaftServerImpl (RaftServerImpl.java:setRole(184)) - 61d0b7dc-5f8b-422f-8693-c58167224d24@group-20FCFA0487C4: changes role from  FOLLOWER to FOLLOWER at term 130 for recognizeCandidate:9c2d914d-67b1-4af9-8080-4d6ee007b506
2019-10-19 01:14:39,038 [grpc-default-executor-1] INFO  impl.RoleInfo (RoleInfo.java:shutdownFollowerState(121)) - 61d0b7dc-5f8b-422f-8693-c58167224d24: shutdown FollowerState
2019-10-19 01:14:39,037 [Thread-7965] INFO  impl.FollowerState (FollowerState.java:run(117)) - 88be3607-7667-471c-9070-7dfd13eb5ac8@group-20FCFA0487C4-FollowerState was interrupted: java.lang.InterruptedException: sleep interrupted
2019-10-19 01:14:39,038 [Thread-7966] INFO  impl.FollowerState (FollowerState.java:run(117)) - 61d0b7dc-5f8b-422f-8693-c58167224d24@group-20FCFA0487C4-FollowerState was interrupted: java.lang.InterruptedException: sleep interrupted
2019-10-19 01:14:39,038 [grpc-default-executor-1] INFO  impl.RoleInfo (RoleInfo.java:updateAndGet(143)) - 61d0b7dc-5f8b-422f-8693-c58167224d24: start FollowerState
2019-10-19 01:14:39,042 [9c2d914d-67b1-4af9-8080-4d6ee007b506@group-20FCFA0487C4-LeaderElection864] INFO  impl.LeaderElection (LeaderElection.java:logAndReturn(56)) - 9c2d914d-67b1-4af9-8080-4d6ee007b506@group-20FCFA0487C4-LeaderElection864: Election TIMEOUT; received 0 response(s) [] and 0 exception(s); 9c2d914d-67b1-4af9-8080-4d6ee007b506@group-20FCFA0487C4:t130, leader=null, voted=9c2d914d-67b1-4af9-8080-4d6ee007b506, raftlog=9c2d914d-67b1-4af9-8080-4d6ee007b506@group-20FCFA0487C4-SegmentedRaftLog:OPENED:c-1,f-1,i0, conf=-1: [88be3607-7667-471c-9070-7dfd13eb5ac8:192.168.69.71:32925, 9c2d914d-67b1-4af9-8080-4d6ee007b506:192.168.69.71:35462, 61d0b7dc-5f8b-422f-8693-c58167224d24:192.168.69.71:43479], old=null
2019-10-19 01:14:39,051 [9c2d914d-67b1-4af9-8080-4d6ee007b506@group-20FCFA0487C4-LeaderElection864] INFO  impl.LeaderElection (LeaderElection.java:askForVotes(178)) - 9c2d914d-67b1-4af9-8080-4d6ee007b506@group-20FCFA0487C4-LeaderElection864: begin an election at term 131 for -1: [88be3607-7667-471c-9070-7dfd13eb5ac8:192.168.69.71:32925, 9c2d914d-67b1-4af9-8080-4d6ee007b506:192.168.69.71:35462, 61d0b7dc-5f8b-422f-8693-c58167224d24:192.168.69.71:43479], old=null
2019-10-19 01:14:39,052 [grpc-default-executor-1] INFO  impl.RaftServerImpl (RaftServerImpl.java:setRole(184)) - 88be3607-7667-471c-9070-7dfd13eb5ac8@group-20FCFA0487C4: changes role from  FOLLOWER to FOLLOWER at term 131 for recognizeCandidate:9c2d914d-67b1-4af9-8080-4d6ee007b506
2019-10-19 01:14:39,052 [grpc-default-executor-1] INFO  impl.RoleInfo (RoleInfo.java:shutdownFollowerState(121)) - 88be3607-7667-471c-9070-7dfd13eb5ac8: shutdown FollowerState
2019-10-19 01:14:39,052 [grpc-default-executor-1] INFO  impl.RoleInfo (RoleInfo.java:updateAndGet(143)) - 88be3607-7667-471c-9070-7dfd13eb5ac8: start FollowerState
2019-10-19 01:14:39,052 [Thread-7982] INFO  impl.FollowerState (FollowerState.java:run(117)) - 88be3607-7667-471c-9070-7dfd13eb5ac8@group-20FCFA0487C4-FollowerState was interrupted: java.lang.InterruptedException: sleep interrupted
2019-10-19 01:14:39,052 [grpc-default-executor-10] INFO  impl.RaftServerImpl (RaftServerImpl.java:setRole(184)) - 61d0b7dc-5f8b-422f-8693-c58167224d24@group-20FCFA0487C4: changes role from  FOLLOWER to FOLLOWER at term 131 for recognizeCandidate:9c2d914d-67b1-4af9-8080-4d6ee007b506
2019-10-19 01:14:39,052 [grpc-default-executor-10] INFO  impl.RoleInfo (RoleInfo.java:shutdownFollowerState(121)) - 61d0b7dc-5f8b-422f-8693-c58167224d24: shutdown FollowerState
2019-10-19 01:14:39,052 [grpc-default-executor-10] INFO  impl.RoleInfo (RoleInfo.java:updateAndGet(143)) - 61d0b7dc-5f8b-422f-8693-c58167224d24: start FollowerState
2019-10-19 01:14:39,053 [Thread-7983] INFO  impl.FollowerState (FollowerState.java:run(117)) - 61d0b7dc-5f8b-422f-8693-c58167224d24@group-20FCFA0487C4-FollowerState was interrupted: java.lang.InterruptedException: sleep interrupted
2019-10-19 01:14:39,066 [9c2d914d-67b1-4af9-8080-4d6ee007b506@group-20FCFA0487C4-LeaderElection864] INFO  impl.LeaderElection (LeaderElection.java:logAndReturn(56)) - 9c2d914d-67b1-4af9-8080-4d6ee007b506@group-20FCFA0487C4-LeaderElection864: Election REJECTED; received 2 response(s) [9c2d914d-67b1-4af9-8080-4d6ee007b506<-88be3607-7667-471c-9070-7dfd13eb5ac8#0:FAIL-t131, 9c2d914d-67b1-4af9-8080-4d6ee007b506<-61d0b7dc-5f8b-422f-8693-c58167224d24#0:FAIL-t131] and 0 exception(s); 9c2d914d-67b1-4af9-8080-4d6ee007b506@group-20FCFA0487C4:t131, leader=null, voted=9c2d914d-67b1-4af9-8080-4d6ee007b506, raftlog=9c2d914d-67b1-4af9-8080-4d6ee007b506@group-20FCFA0487C4-SegmentedRaftLog:OPENED:c-1,f-1,i0, conf=-1: [88be3607-7667-471c-9070-7dfd13eb5ac8:192.168.69.71:32925, 9c2d914d-67b1-4af9-8080-4d6ee007b506:192.168.69.71:35462, 61d0b7dc-5f8b-422f-8693-c58167224d24:192.168.69.71:43479], old=null
2019-10-19 01:14:39,066 [9c2d914d-67b1-4af9-8080-4d6ee007b506@group-20FCFA0487C4-LeaderElection864] INFO  impl.RaftServerImpl (RaftServerImpl.java:setRole(184)) - 9c2d914d-67b1-4af9-8080-4d6ee007b506@group-20FCFA0487C4: changes role from CANDIDATE to FOLLOWER at term 131 for DISCOVERED_A_NEW_TERM
2019-10-19 01:14:39,067 [9c2d914d-67b1-4af9-8080-4d6ee007b506@group-20FCFA0487C4-LeaderElection864] INFO  impl.RoleInfo (RoleInfo.java:shutdownLeaderElection(134)) - 9c2d914d-67b1-4af9-8080-4d6ee007b506: shutdown LeaderElection
2019-10-19 01:14:39,067 [9c2d914d-67b1-4af9-8080-4d6ee007b506@group-20FCFA0487C4-LeaderElection864] INFO  impl.RoleInfo (RoleInfo.java:updateAndGet(143)) - 9c2d914d-67b1-4af9-8080-4d6ee007b506: start FollowerState
2019-10-19 01:14:39,073 [Thread-7978] INFO  impl.FollowerState (FollowerState.java:run(108)) - f143d5cf-4038-4fa8-8601-f5a45f16ca3e@group-A3037D40E172-FollowerState: change to CANDIDATE, lastRpcTime:94ms, electionTimeout:94ms
2019-10-19 01:14:39,073 [Thread-7978] INFO  impl.RoleInfo (RoleInfo.java:shutdownFollowerState(121)) - f143d5cf-4038-4fa8-8601-f5a45f16ca3e: shutdown FollowerState
2019-10-19 01:14:39,074 [Thread-7978] INFO  impl.RaftServerImpl (RaftServerImpl.java:setRole(184)) - f143d5cf-4038-4fa8-8601-f5a45f16ca3e@group-A3037D40E172: changes role from  FOLLOWER to CANDIDATE at term 137 for changeToCandidate
2019-10-19 01:14:39,074 [Thread-7978] INFO  impl.RoleInfo (RoleInfo.java:updateAndGet(143)) - f143d5cf-4038-4fa8-8601-f5a45f16ca3e: start LeaderElection
2019-10-19 01:14:39,086 [f143d5cf-4038-4fa8-8601-f5a45f16ca3e@group-A3037D40E172-LeaderElection865] INFO  impl.LeaderElection (LeaderElection.java:askForVotes(178)) - f143d5cf-4038-4fa8-8601-f5a45f16ca3e@group-A3037D40E172-LeaderElection865: begin an election at term 138 for -1: [f143d5cf-4038-4fa8-8601-f5a45f16ca3e:192.168.69.71:40169, 2543ffea-c5c6-4af0-856f-eb846bad755a:192.168.69.71:45287, 61d14648-e80d-4cd8-9e7c-6deb2f21aca8:192.168.69.71:42247], old=null
2019-10-19 01:14:39,087 [grpc-default-executor-1] INFO  impl.RaftServerImpl (RaftServerImpl.java:setRole(184)) - 61d14648-e80d-4cd8-9e7c-6deb2f21aca8@group-A3037D40E172: changes role from  FOLLOWER to FOLLOWER at term 138 for recognizeCandidate:f143d5cf-4038-4fa8-8601-f5a45f16ca3e
2019-10-19 01:14:39,087 [grpc-default-executor-1] INFO  impl.RoleInfo (RoleInfo.java:shutdownFollowerState(121)) - 61d14648-e80d-4cd8-9e7c-6deb2f21aca8: shutdown FollowerState
2019-10-19 01:14:39,087 [grpc-default-executor-10] INFO  impl.RaftServerImpl (RaftServerImpl.java:setRole(184)) - 2543ffea-c5c6-4af0-856f-eb846bad755a@group-A3037D40E172: changes role from  FOLLOWER to FOLLOWER at term 138 for recognizeCandidate:f143d5cf-4038-4fa8-8601-f5a45f16ca3e
2019-10-19 01:14:39,087 [grpc-default-executor-10] INFO  impl.RoleInfo (RoleInfo.java:shutdownFollowerState(121)) - 2543ffea-c5c6-4af0-856f-eb846bad755a: shutdown FollowerState
2019-10-19 01:14:39,087 [Thread-7977] INFO  impl.FollowerState (FollowerState.java:run(117)) - 61d14648-e80d-4cd8-9e7c-6deb2f21aca8@group-A3037D40E172-FollowerState was interrupted: java.lang.InterruptedException: sleep interrupted
2019-10-19 01:14:39,087 [grpc-default-executor-1] INFO  impl.RoleInfo (RoleInfo.java:updateAndGet(143)) - 61d14648-e80d-4cd8-9e7c-6deb2f21aca8: start FollowerState
2019-10-19 01:14:39,087 [Thread-7976] INFO  impl.FollowerState (FollowerState.java:run(117)) - 2543ffea-c5c6-4af0-856f-eb846bad755a@group-A3037D40E172-FollowerState was interrupted: java.lang.InterruptedException: sleep interrupted
2019-10-19 01:14:39,087 [grpc-default-executor-10] INFO  impl.RoleInfo (RoleInfo.java:updateAndGet(143)) - 2543ffea-c5c6-4af0-856f-eb846bad755a: start FollowerState
2019-10-19 01:14:39,102 [f143d5cf-4038-4fa8-8601-f5a45f16ca3e@group-A3037D40E172-LeaderElection865] INFO  impl.LeaderElection (LeaderElection.java:logAndReturn(56)) - f143d5cf-4038-4fa8-8601-f5a45f16ca3e@group-A3037D40E172-LeaderElection865: Election REJECTED; received 2 response(s) [f143d5cf-4038-4fa8-8601-f5a45f16ca3e<-2543ffea-c5c6-4af0-856f-eb846bad755a#0:FAIL-t138, f143d5cf-4038-4fa8-8601-f5a45f16ca3e<-61d14648-e80d-4cd8-9e7c-6deb2f21aca8#0:FAIL-t138] and 0 exception(s); f143d5cf-4038-4fa8-8601-f5a45f16ca3e@group-A3037D40E172:t138, leader=null, voted=f143d5cf-4038-4fa8-8601-f5a45f16ca3e, raftlog=f143d5cf-4038-4fa8-8601-f5a45f16ca3e@group-A3037D40E172-SegmentedRaftLog:OPENED:c-1,f-1,i0, conf=-1: [f143d5cf-4038-4fa8-8601-f5a45f16ca3e:192.168.69.71:40169, 2543ffea-c5c6-4af0-856f-eb846bad755a:192.168.69.71:45287, 61d14648-e80d-4cd8-9e7c-6deb2f21aca8:192.168.69.71:42247], old=null
2019-10-19 01:14:39,102 [f143d5cf-4038-4fa8-8601-f5a45f16ca3e@group-A3037D40E172-LeaderElection865] INFO  impl.RaftServerImpl (RaftServerImpl.java:setRole(184)) - f143d5cf-4038-4fa8-8601-f5a45f16ca3e@group-A3037D40E172: changes role from CANDIDATE to FOLLOWER at term 138 for DISCOVERED_A_NEW_TERM
2019-10-19 01:14:39,102 [f143d5cf-4038-4fa8-8601-f5a45f16ca3e@group-A3037D40E172-LeaderElection865] INFO  impl.RoleInfo (RoleInfo.java:shutdownLeaderElection(134)) - f143d5cf-4038-4fa8-8601-f5a45f16ca3e: shutdown LeaderElection
2019-10-19 01:14:39,102 [f143d5cf-4038-4fa8-8601-f5a45f16ca3e@group-A3037D40E172-LeaderElection865] INFO  impl.RoleInfo (RoleInfo.java:updateAndGet(143)) - f143d5cf-4038-4fa8-8601-f5a45f16ca3e: start FollowerState
2019-10-19 01:14:39,245 [Thread-7988] INFO  impl.FollowerState (FollowerState.java:run(108)) - 9c2d914d-67b1-4af9-8080-4d6ee007b506@group-20FCFA0487C4-FollowerState: change to CANDIDATE, lastRpcTime:178ms, electionTimeout:178ms
2019-10-19 01:14:39,245 [Thread-7988] INFO  impl.RoleInfo (RoleInfo.java:shutdownFollowerState(121)) - 9c2d914d-67b1-4af9-8080-4d6ee007b506: shutdown FollowerState
2019-10-19 01:14:39,245 [Thread-7988] INFO  impl.RaftServerImpl (RaftServerImpl.java:setRole(184)) - 9c2d914d-67b1-4af9-8080-4d6ee007b506@group-20FCFA0487C4: changes role from  FOLLOWER to CANDIDATE at term 131 for changeToCandidate
2019-10-19 01:14:39,245 [Thread-7988] INFO  impl.RoleInfo (RoleInfo.java:updateAndGet(143)) - 9c2d914d-67b1-4af9-8080-4d6ee007b506: start LeaderElection
2019-10-19 01:14:39,276 [9c2d914d-67b1-4af9-8080-4d6ee007b506@group-20FCFA0487C4-LeaderElection866] INFO  impl.LeaderElection (LeaderElection.java:askForVotes(178)) - 9c2d914d-67b1-4af9-8080-4d6ee007b506@group-20FCFA0487C4-LeaderElection866: begin an election at term 132 for -1: [88be3607-7667-471c-9070-7dfd13eb5ac8:192.168.69.71:32925, 9c2d914d-67b1-4af9-8080-4d6ee007b506:192.168.69.71:35462, 61d0b7dc-5f8b-422f-8693-c58167224d24:192.168.69.71:43479], old=null
2019-10-19 01:14:39,279 [grpc-default-executor-10] INFO  impl.RaftServerImpl (RaftServerImpl.java:setRole(184)) - 88be3607-7667-471c-9070-7dfd13eb5ac8@group-20FCFA0487C4: changes role from  FOLLOWER to FOLLOWER at term 132 for recognizeCandidate:9c2d914d-67b1-4af9-8080-4d6ee007b506
2019-10-19 01:14:39,279 [grpc-default-executor-10] INFO  impl.RoleInfo (RoleInfo.java:shutdownFollowerState(121)) - 88be3607-7667-471c-9070-7dfd13eb5ac8: shutdown FollowerState
2019-10-19 01:14:39,279 [grpc-default-executor-10] INFO  impl.RoleInfo (RoleInfo.java:updateAndGet(143)) - 88be3607-7667-471c-9070-7dfd13eb5ac8: start FollowerState
2019-10-19 01:14:39,279 [Thread-7986] INFO  impl.FollowerState (FollowerState.java:run(117)) - 88be3607-7667-471c-9070-7dfd13eb5ac8@group-20FCFA0487C4-FollowerState was interrupted: java.lang.InterruptedException: sleep interrupted
2019-10-19 01:14:39,279 [grpc-default-executor-1] INFO  impl.RaftServerImpl (RaftServerImpl.java:setRole(184)) - 61d0b7dc-5f8b-422f-8693-c58167224d24@group-20FCFA0487C4: changes role from  FOLLOWER to FOLLOWER at term 132 for recognizeCandidate:9c2d914d-67b1-4af9-8080-4d6ee007b506
2019-10-19 01:14:39,280 [grpc-default-executor-1] INFO  impl.RoleInfo (RoleInfo.java:shutdownFollowerState(121)) - 61d0b7dc-5f8b-422f-8693-c58167224d24: shutdown FollowerState
2019-10-19 01:14:39,280 [grpc-default-executor-1] INFO  impl.RoleInfo (RoleInfo.java:updateAndGet(143)) - 61d0b7dc-5f8b-422f-8693-c58167224d24: start FollowerState
2019-10-19 01:14:39,280 [Thread-7987] INFO  impl.FollowerState (FollowerState.java:run(117)) - 61d0b7dc-5f8b-422f-8693-c58167224d24@group-20FCFA0487C4-FollowerState was interrupted: java.lang.InterruptedException: sleep interrupted
2019-10-19 01:14:39,291 [9c2d914d-67b1-4af9-8080-4d6ee007b506@group-20FCFA0487C4-LeaderElection866] INFO  impl.LeaderElection (LeaderElection.java:logAndReturn(56)) - 9c2d914d-67b1-4af9-8080-4d6ee007b506@group-20FCFA0487C4-LeaderElection866: Election REJECTED; received 2 response(s) [9c2d914d-67b1-4af9-8080-4d6ee007b506<-88be3607-7667-471c-9070-7dfd13eb5ac8#0:FAIL-t132, 9c2d914d-67b1-4af9-8080-4d6ee007b506<-61d0b7dc-5f8b-422f-8693-c58167224d24#0:FAIL-t132] and 0 exception(s); 9c2d914d-67b1-4af9-8080-4d6ee007b506@group-20FCFA0487C4:t132, leader=null, voted=9c2d914d-67b1-4af9-8080-4d6ee007b506, raftlog=9c2d914d-67b1-4af9-8080-4d6ee007b506@group-20FCFA0487C4-SegmentedRaftLog:OPENED:c-1,f-1,i0, conf=-1: [88be3607-7667-471c-9070-7dfd13eb5ac8:192.168.69.71:32925, 9c2d914d-67b1-4af9-8080-4d6ee007b506:192.168.69.71:35462, 61d0b7dc-5f8b-422f-8693-c58167224d24:192.168.69.71:43479], old=null
2019-10-19 01:14:39,292 [9c2d914d-67b1-4af9-8080-4d6ee007b506@group-20FCFA0487C4-LeaderElection866] INFO  impl.RaftServerImpl (RaftServerImpl.java:setRole(184)) - 9c2d914d-67b1-4af9-8080-4d6ee007b506@group-20FCFA0487C4: changes role from CANDIDATE to FOLLOWER at term 132 for DISCOVERED_A_NEW_TERM
2019-10-19 01:14:39,292 [9c2d914d-67b1-4af9-8080-4d6ee007b506@group-20FCFA0487C4-LeaderElection866] INFO  impl.RoleInfo (RoleInfo.java:shutdownLeaderElection(134)) - 9c2d914d-67b1-4af9-8080-4d6ee007b506: shutdown LeaderElection
2019-10-19 01:14:39,292 [9c2d914d-67b1-4af9-8080-4d6ee007b506@group-20FCFA0487C4-LeaderElection866] INFO  impl.RoleInfo (RoleInfo.java:updateAndGet(143)) - 9c2d914d-67b1-4af9-8080-4d6ee007b506: start FollowerState
2019-10-19 01:14:39,295 [Thread-7994] INFO  impl.FollowerState (FollowerState.java:run(108)) - f143d5cf-4038-4fa8-8601-f5a45f16ca3e@group-A3037D40E172-FollowerState: change to CANDIDATE, lastRpcTime:193ms, electionTimeout:193ms
2019-10-19 01:14:39,295 [Thread-7994] INFO  impl.RoleInfo (RoleInfo.java:shutdownFollowerState(121)) - f143d5cf-4038-4fa8-8601-f5a45f16ca3e: shutdown FollowerState
2019-10-19 01:14:39,296 [Thread-7994] INFO  impl.RaftServerImpl (RaftServerImpl.java:setRole(184)) - f143d5cf-4038-4fa8-8601-f5a45f16ca3e@group-A3037D40E172: changes role from  FOLLOWER to CANDIDATE at term 138 for changeToCandidate
2019-10-19 01:14:39,296 [Thread-7994] INFO  impl.RoleInfo (RoleInfo.java:updateAndGet(143)) - f143d5cf-4038-4fa8-8601-f5a45f16ca3e: start LeaderElection
2019-10-19 01:14:39,309 [f143d5cf-4038-4fa8-8601-f5a45f16ca3e@group-A3037D40E172-LeaderElection867] INFO  impl.LeaderElection (LeaderElection.java:askForVotes(178)) - f143d5cf-4038-4fa8-8601-f5a45f16ca3e@group-A3037D40E172-LeaderElection867: begin an election at term 139 for -1: [f143d5cf-4038-4fa8-8601-f5a45f16ca3e:192.168.69.71:40169, 2543ffea-c5c6-4af0-856f-eb846bad755a:192.168.69.71:45287, 61d14648-e80d-4cd8-9e7c-6deb2f21aca8:192.168.69.71:42247], old=null
2019-10-19 01:14:39,311 [grpc-default-executor-10] INFO  impl.RaftServerImpl (RaftServerImpl.java:setRole(184)) - 2543ffea-c5c6-4af0-856f-eb846bad755a@group-A3037D40E172: changes role from  FOLLOWER to FOLLOWER at term 139 for recognizeCandidate:f143d5cf-4038-4fa8-8601-f5a45f16ca3e
2019-10-19 01:14:39,311 [grpc-default-executor-1] INFO  impl.RaftServerImpl (RaftServerImpl.java:setRole(184)) - 61d14648-e80d-4cd8-9e7c-6deb2f21aca8@group-A3037D40E172: changes role from  FOLLOWER to FOLLOWER at term 139 for recognizeCandidate:f143d5cf-4038-4fa8-8601-f5a45f16ca3e
2019-10-19 01:14:39,311 [grpc-default-executor-1] INFO  impl.RoleInfo (RoleInfo.java:shutdownFollowerState(121)) - 61d14648-e80d-4cd8-9e7c-6deb2f21aca8: shutdown FollowerState
2019-10-19 01:14:39,311 [grpc-default-executor-10] INFO  impl.RoleInfo (RoleInfo.java:shutdownFollowerState(121)) - 2543ffea-c5c6-4af0-856f-eb846bad755a: shutdown FollowerState
2019-10-19 01:14:39,311 [Thread-7992] INFO  impl.FollowerState (FollowerState.java:run(117)) - 61d14648-e80d-4cd8-9e7c-6deb2f21aca8@group-A3037D40E172-FollowerState was interrupted: java.lang.InterruptedException: sleep interrupted
2019-10-19 01:14:39,311 [Thread-7993] INFO  impl.FollowerState (FollowerState.java:run(117)) - 2543ffea-c5c6-4af0-856f-eb846bad755a@group-A3037D40E172-FollowerState was interrupted: java.lang.InterruptedException: sleep interrupted
2019-10-19 01:14:39,311 [grpc-default-executor-10] INFO  impl.RoleInfo (RoleInfo.java:updateAndGet(143)) - 2543ffea-c5c6-4af0-856f-eb846bad755a: start FollowerState
2019-10-19 01:14:39,311 [grpc-default-executor-1] INFO  impl.RoleInfo (RoleInfo.java:updateAndGet(143)) - 61d14648-e80d-4cd8-9e7c-6deb2f21aca8: start FollowerState
2019-10-19 01:14:39,324 [Thread-8004] INFO  impl.FollowerState (FollowerState.java:run(108)) - 9c2d914d-67b1-4af9-8080-4d6ee007b506@group-20FCFA0487C4-FollowerState: change to CANDIDATE, lastRpcTime:32ms, electionTimeout:32ms
2019-10-19 01:14:39,324 [Thread-8004] INFO  impl.RoleInfo (RoleInfo.java:shutdownFollowerState(121)) - 9c2d914d-67b1-4af9-8080-4d6ee007b506: shutdown FollowerState
2019-10-19 01:14:39,324 [Thread-8004] INFO  impl.RaftServerImpl (RaftServerImpl.java:setRole(184)) - 9c2d914d-67b1-4af9-8080-4d6ee007b506@group-20FCFA0487C4: changes role from  FOLLOWER to CANDIDATE at term 132 for changeToCandidate
2019-10-19 01:14:39,325 [Thread-8004] INFO  impl.RoleInfo (RoleInfo.java:updateAndGet(143)) - 9c2d914d-67b1-4af9-8080-4d6ee007b506: start LeaderElection
2019-10-19 01:14:39,325 [f143d5cf-4038-4fa8-8601-f5a45f16ca3e@group-A3037D40E172-LeaderElection867] INFO  impl.LeaderElection (LeaderElection.java:logAndReturn(56)) - f143d5cf-4038-4fa8-8601-f5a45f16ca3e@group-A3037D40E172-LeaderElection867: Election REJECTED; received 2 response(s) [f143d5cf-4038-4fa8-8601-f5a45f16ca3e<-2543ffea-c5c6-4af0-856f-eb846bad755a#0:FAIL-t139, f143d5cf-4038-4fa8-8601-f5a45f16ca3e<-61d14648-e80d-4cd8-9e7c-6deb2f21aca8#0:FAIL-t139] and 0 exception(s); f143d5cf-4038-4fa8-8601-f5a45f16ca3e@group-A3037D40E172:t139, leader=null, voted=f143d5cf-4038-4fa8-8601-f5a45f16ca3e, raftlog=f143d5cf-4038-4fa8-8601-f5a45f16ca3e@group-A3037D40E172-SegmentedRaftLog:OPENED:c-1,f-1,i0, conf=-1: [f143d5cf-4038-4fa8-8601-f5a45f16ca3e:192.168.69.71:40169, 2543ffea-c5c6-4af0-856f-eb846bad755a:192.168.69.71:45287, 61d14648-e80d-4cd8-9e7c-6deb2f21aca8:192.168.69.71:42247], old=null
2019-10-19 01:14:39,325 [f143d5cf-4038-4fa8-8601-f5a45f16ca3e@group-A3037D40E172-LeaderElection867] INFO  impl.RaftServerImpl (RaftServerImpl.java:setRole(184)) - f143d5cf-4038-4fa8-8601-f5a45f16ca3e@group-A3037D40E172: changes role from CANDIDATE to FOLLOWER at term 139 for DISCOVERED_A_NEW_TERM
2019-10-19 01:14:39,325 [f143d5cf-4038-4fa8-8601-f5a45f16ca3e@group-A3037D40E172-LeaderElection867] INFO  impl.RoleInfo (RoleInfo.java:shutdownLeaderElection(134)) - f143d5cf-4038-4fa8-8601-f5a45f16ca3e: shutdown LeaderElection
2019-10-19 01:14:39,325 [f143d5cf-4038-4fa8-8601-f5a45f16ca3e@group-A3037D40E172-LeaderElection867] INFO  impl.RoleInfo (RoleInfo.java:updateAndGet(143)) - f143d5cf-4038-4fa8-8601-f5a45f16ca3e: start FollowerState
2019-10-19 01:14:39,338 [9c2d914d-67b1-4af9-8080-4d6ee007b506@group-20FCFA0487C4-LeaderElection868] INFO  impl.LeaderElection (LeaderElection.java:askForVotes(178)) - 9c2d914d-67b1-4af9-8080-4d6ee007b506@group-20FCFA0487C4-LeaderElection868: begin an election at term 133 for -1: [88be3607-7667-471c-9070-7dfd13eb5ac8:192.168.69.71:32925, 9c2d914d-67b1-4af9-8080-4d6ee007b506:192.168.69.71:35462, 61d0b7dc-5f8b-422f-8693-c58167224d24:192.168.69.71:43479], old=null
2019-10-19 01:14:39,339 [grpc-default-executor-10] INFO  impl.RaftServerImpl (RaftServerImpl.java:setRole(184)) - 88be3607-7667-471c-9070-7dfd13eb5ac8@group-20FCFA0487C4: changes role from  FOLLOWER to FOLLOWER at term 133 for recognizeCandidate:9c2d914d-67b1-4af9-8080-4d6ee007b506
2019-10-19 01:14:39,339 [grpc-default-executor-1] INFO  impl.RaftServerImpl (RaftServerImpl.java:setRole(184)) - 61d0b7dc-5f8b-422f-8693-c58167224d24@group-20FCFA0487C4: changes role from  FOLLOWER to FOLLOWER at term 133 for recognizeCandidate:9c2d914d-67b1-4af9-8080-4d6ee007b506
2019-10-19 01:14:39,339 [grpc-default-executor-1] INFO  impl.RoleInfo (RoleInfo.java:shutdownFollowerState(121)) - 61d0b7dc-5f8b-422f-8693-c58167224d24: shutdown FollowerState
2019-10-19 01:14:39,339 [grpc-default-executor-10] INFO  impl.RoleInfo (RoleInfo.java:shutdownFollowerState(121)) - 88be3607-7667-471c-9070-7dfd13eb5ac8: shutdown FollowerState
2019-10-19 01:14:39,339 [Thread-8003] INFO  impl.FollowerState (FollowerState.java:run(117)) - 61d0b7dc-5f8b-422f-8693-c58167224d24@group-20FCFA0487C4-FollowerState was interrupted: java.lang.InterruptedException: sleep interrupted
2019-10-19 01:14:39,339 [grpc-default-executor-1] INFO  impl.RoleInfo (RoleInfo.java:updateAndGet(143)) - 61d0b7dc-5f8b-422f-8693-c58167224d24: start FollowerState
2019-10-19 01:14:39,340 [Thread-8002] INFO  impl.FollowerState (FollowerState.java:run(117)) - 88be3607-7667-471c-9070-7dfd13eb5ac8@group-20FCFA0487C4-FollowerState was interrupted: java.lang.InterruptedException: sleep interrupted
2019-10-19 01:14:39,339 [grpc-default-executor-10] INFO  impl.RoleInfo (RoleInfo.java:updateAndGet(143)) - 88be3607-7667-471c-9070-7dfd13eb5ac8: start FollowerState
2019-10-19 01:14:39,355 [9c2d914d-67b1-4af9-8080-4d6ee007b506@group-20FCFA0487C4-LeaderElection868] INFO  impl.LeaderElection (LeaderElection.java:logAndReturn(56)) - 9c2d914d-67b1-4af9-8080-4d6ee007b506@group-20FCFA0487C4-LeaderElection868: Election REJECTED; received 2 response(s) [9c2d914d-67b1-4af9-8080-4d6ee007b506<-88be3607-7667-471c-9070-7dfd13eb5ac8#0:FAIL-t133, 9c2d914d-67b1-4af9-8080-4d6ee007b506<-61d0b7dc-5f8b-422f-8693-c58167224d24#0:FAIL-t133] and 0 exception(s); 9c2d914d-67b1-4af9-8080-4d6ee007b506@group-20FCFA0487C4:t133, leader=null, voted=9c2d914d-67b1-4af9-8080-4d6ee007b506, raftlog=9c2d914d-67b1-4af9-8080-4d6ee007b506@group-20FCFA0487C4-SegmentedRaftLog:OPENED:c-1,f-1,i0, conf=-1: [88be3607-7667-471c-9070-7dfd13eb5ac8:192.168.69.71:32925, 9c2d914d-67b1-4af9-8080-4d6ee007b506:192.168.69.71:35462, 61d0b7dc-5f8b-422f-8693-c58167224d24:192.168.69.71:43479], old=null
2019-10-19 01:14:39,355 [9c2d914d-67b1-4af9-8080-4d6ee007b506@group-20FCFA0487C4-LeaderElection868] INFO  impl.RaftServerImpl (RaftServerImpl.java:setRole(184)) - 9c2d914d-67b1-4af9-8080-4d6ee007b506@group-20FCFA0487C4: changes role from CANDIDATE to FOLLOWER at term 133 for DISCOVERED_A_NEW_TERM
2019-10-19 01:14:39,355 [9c2d914d-67b1-4af9-8080-4d6ee007b506@group-20FCFA0487C4-LeaderElection868] INFO  impl.RoleInfo (RoleInfo.java:shutdownLeaderElection(134)) - 9c2d914d-67b1-4af9-8080-4d6ee007b506: shutdown LeaderElection
2019-10-19 01:14:39,355 [9c2d914d-67b1-4af9-8080-4d6ee007b506@group-20FCFA0487C4-LeaderElection868] INFO  impl.RoleInfo (RoleInfo.java:updateAndGet(143)) - 9c2d914d-67b1-4af9-8080-4d6ee007b506: start FollowerState
2019-10-19 01:14:39,396 [Thread-8016] INFO  impl.FollowerState (FollowerState.java:run(108)) - 9c2d914d-67b1-4af9-8080-4d6ee007b506@group-20FCFA0487C4-FollowerState: change to CANDIDATE, lastRpcTime:41ms, electionTimeout:41ms
2019-10-19 01:14:39,396 [Thread-8016] INFO  impl.RoleInfo (RoleInfo.java:shutdownFollowerState(121)) - 9c2d914d-67b1-4af9-8080-4d6ee007b506: shutdown FollowerState
2019-10-19 01:14:39,396 [Thread-8016] INFO  impl.RaftServerImpl (RaftServerImpl.java:setRole(184)) - 9c2d914d-67b1-4af9-8080-4d6ee007b506@group-20FCFA0487C4: changes role from  FOLLOWER to CANDIDATE at term 133 for changeToCandidate
2019-10-19 01:14:39,396 [Thread-8016] INFO  impl.RoleInfo (RoleInfo.java:updateAndGet(143)) - 9c2d914d-67b1-4af9-8080-4d6ee007b506: start LeaderElection
2019-10-19 01:14:39,409 [9c2d914d-67b1-4af9-8080-4d6ee007b506@group-20FCFA0487C4-LeaderElection869] INFO  impl.LeaderElection (LeaderElection.java:askForVotes(178)) - 9c2d914d-67b1-4af9-8080-4d6ee007b506@group-20FCFA0487C4-LeaderElection869: begin an election at term 134 for -1: [88be3607-7667-471c-9070-7dfd13eb5ac8:192.168.69.71:32925, 9c2d914d-67b1-4af9-8080-4d6ee007b506:192.168.69.71:35462, 61d0b7dc-5f8b-422f-8693-c58167224d24:192.168.69.71:43479], old=null
2019-10-19 01:14:39,411 [grpc-default-executor-10] INFO  impl.RaftServerImpl (RaftServerImpl.java:setRole(184)) - 88be3607-7667-471c-9070-7dfd13eb5ac8@group-20FCFA0487C4: changes role from  FOLLOWER to FOLLOWER at term 134 for recognizeCandidate:9c2d914d-67b1-4af9-8080-4d6ee007b506
2019-10-19 01:14:39,411 [grpc-default-executor-1] INFO  impl.RaftServerImpl (RaftServerImpl.java:setRole(184)) - 61d0b7dc-5f8b-422f-8693-c58167224d24@group-20FCFA0487C4: changes role from  FOLLOWER to FOLLOWER at term 134 for recognizeCandidate:9c2d914d-67b1-4af9-8080-4d6ee007b506
2019-10-19 01:14:39,411 [grpc-default-executor-10] INFO  impl.RoleInfo (RoleInfo.java:shutdownFollowerState(121)) - 88be3607-7667-471c-9070-7dfd13eb5ac8: shutdown FollowerState
2019-10-19 01:14:39,411 [grpc-default-executor-1] INFO  impl.RoleInfo (RoleInfo.java:shutdownFollowerState(121)) - 61d0b7dc-5f8b-422f-8693-c58167224d24: shutdown FollowerState
2019-10-19 01:14:39,411 [grpc-default-executor-10] INFO  impl.RoleInfo (RoleInfo.java:updateAndGet(143)) - 88be3607-7667-471c-9070-7dfd13eb5ac8: start FollowerState
2019-10-19 01:14:39,411 [grpc-default-executor-1] INFO  impl.RoleInfo (RoleInfo.java:updateAndGet(143)) - 61d0b7dc-5f8b-422f-8693-c58167224d24: start FollowerState
2019-10-19 01:14:39,411 [Thread-8015] INFO  impl.FollowerState (FollowerState.java:run(117)) - 88be3607-7667-471c-9070-7dfd13eb5ac8@group-20FCFA0487C4-FollowerState was interrupted: java.lang.InterruptedException: sleep interrupted
2019-10-19 01:14:39,411 [Thread-8014] INFO  impl.FollowerState (FollowerState.java:run(117)) - 61d0b7dc-5f8b-422f-8693-c58167224d24@group-20FCFA0487C4-FollowerState was interrupted: java.lang.InterruptedException: sleep interrupted
2019-10-19 01:14:39,425 [9c2d914d-67b1-4af9-8080-4d6ee007b506@group-20FCFA0487C4-LeaderElection869] INFO  impl.LeaderElection (LeaderElection.java:logAndReturn(56)) - 9c2d914d-67b1-4af9-8080-4d6ee007b506@group-20FCFA0487C4-LeaderElection869: Election REJECTED; received 2 response(s) [9c2d914d-67b1-4af9-8080-4d6ee007b506<-88be3607-7667-471c-9070-7dfd13eb5ac8#0:FAIL-t134, 9c2d914d-67b1-4af9-8080-4d6ee007b506<-61d0b7dc-5f8b-422f-8693-c58167224d24#0:FAIL-t134] and 0 exception(s); 9c2d914d-67b1-4af9-8080-4d6ee007b506@group-20FCFA0487C4:t134, leader=null, voted=9c2d914d-67b1-4af9-8080-4d6ee007b506, raftlog=9c2d914d-67b1-4af9-8080-4d6ee007b506@group-20FCFA0487C4-SegmentedRaftLog:OPENED:c-1,f-1,i0, conf=-1: [88be3607-7667-471c-9070-7dfd13eb5ac8:192.168.69.71:32925, 9c2d914d-67b1-4af9-8080-4d6ee007b506:192.168.69.71:35462, 61d0b7dc-5f8b-422f-8693-c58167224d24:192.168.69.71:43479], old=null
2019-10-19 01:14:39,426 [9c2d914d-67b1-4af9-8080-4d6ee007b506@group-20FCFA0487C4-LeaderElection869] INFO  impl.RaftServerImpl (RaftServerImpl.java:setRole(184)) - 9c2d914d-67b1-4af9-8080-4d6ee007b506@group-20FCFA0487C4: changes role from CANDIDATE to FOLLOWER at term 134 for DISCOVERED_A_NEW_TERM
2019-10-19 01:14:39,426 [9c2d914d-67b1-4af9-8080-4d6ee007b506@group-20FCFA0487C4-LeaderElection869] INFO  impl.RoleInfo (RoleInfo.java:shutdownLeaderElection(134)) - 9c2d914d-67b1-4af9-8080-4d6ee007b506: shutdown LeaderElection
2019-10-19 01:14:39,426 [9c2d914d-67b1-4af9-8080-4d6ee007b506@group-20FCFA0487C4-LeaderElection869] INFO  impl.RoleInfo (RoleInfo.java:updateAndGet(143)) - 9c2d914d-67b1-4af9-8080-4d6ee007b506: start FollowerState
2019-10-19 01:14:39,436 [Thread-8011] INFO  impl.FollowerState (FollowerState.java:run(108)) - f143d5cf-4038-4fa8-8601-f5a45f16ca3e@group-A3037D40E172-FollowerState: change to CANDIDATE, lastRpcTime:110ms, electionTimeout:110ms
2019-10-19 01:14:39,436 [Thread-8011] INFO  impl.RoleInfo (RoleInfo.java:shutdownFollowerState(121)) - f143d5cf-4038-4fa8-8601-f5a45f16ca3e: shutdown FollowerState
2019-10-19 01:14:39,436 [Thread-8011] INFO  impl.RaftServerImpl (RaftServerImpl.java:setRole(184)) - f143d5cf-4038-4fa8-8601-f5a45f16ca3e@group-A3037D40E172: changes role from  FOLLOWER to CANDIDATE at term 139 for changeToCandidate
2019-10-19 01:14:39,436 [Thread-8011] INFO  impl.RoleInfo (RoleInfo.java:updateAndGet(143)) - f143d5cf-4038-4fa8-8601-f5a45f16ca3e: start LeaderElection
2019-10-19 01:14:39,449 [f143d5cf-4038-4fa8-8601-f5a45f16ca3e@group-A3037D40E172-LeaderElection870] INFO  impl.LeaderElection (LeaderElection.java:askForVotes(178)) - f143d5cf-4038-4fa8-8601-f5a45f16ca3e@group-A3037D40E172-LeaderElection870: begin an election at term 140 for -1: [f143d5cf-4038-4fa8-8601-f5a45f16ca3e:192.168.69.71:40169, 2543ffea-c5c6-4af0-856f-eb846bad755a:192.168.69.71:45287, 61d14648-e80d-4cd8-9e7c-6deb2f21aca8:192.168.69.71:42247], old=null
2019-10-19 01:14:39,451 [grpc-default-executor-1] INFO  impl.RaftServerImpl (RaftServerImpl.java:setRole(184)) - 61d14648-e80d-4cd8-9e7c-6deb2f21aca8@group-A3037D40E172: changes role from  FOLLOWER to FOLLOWER at term 140 for recognizeCandidate:f143d5cf-4038-4fa8-8601-f5a45f16ca3e
2019-10-19 01:14:39,451 [grpc-default-executor-1] INFO  impl.RoleInfo (RoleInfo.java:shutdownFollowerState(121)) - 61d14648-e80d-4cd8-9e7c-6deb2f21aca8: shutdown FollowerState
2019-10-19 01:14:39,451 [grpc-default-executor-10] INFO  impl.RaftServerImpl (RaftServerImpl.java:setRole(184)) - 2543ffea-c5c6-4af0-856f-eb846bad755a@group-A3037D40E172: changes role from  FOLLOWER to FOLLOWER at term 140 for recognizeCandidate:f143d5cf-4038-4fa8-8601-f5a45f16ca3e
2019-10-19 01:14:39,451 [Thread-8008] INFO  impl.FollowerState (FollowerState.java:run(117)) - 61d14648-e80d-4cd8-9e7c-6deb2f21aca8@group-A3037D40E172-FollowerState was interrupted: java.lang.InterruptedException: sleep interrupted
2019-10-19 01:14:39,451 [grpc-default-executor-1] INFO  impl.RoleInfo (RoleInfo.java:updateAndGet(143)) - 61d14648-e80d-4cd8-9e7c-6deb2f21aca8: start FollowerState
2019-10-19 01:14:39,451 [grpc-default-executor-10] INFO  impl.RoleInfo (RoleInfo.java:shutdownFollowerState(121)) - 2543ffea-c5c6-4af0-856f-eb846bad755a: shutdown FollowerState
2019-10-19 01:14:39,451 [grpc-default-executor-10] INFO  impl.RoleInfo (RoleInfo.java:updateAndGet(143)) - 2543ffea-c5c6-4af0-856f-eb846bad755a: start FollowerState
2019-10-19 01:14:39,451 [Thread-8009] INFO  impl.FollowerState (FollowerState.java:run(117)) - 2543ffea-c5c6-4af0-856f-eb846bad755a@group-A3037D40E172-FollowerState was interrupted: java.lang.InterruptedException: sleep interrupted
2019-10-19 01:14:39,466 [f143d5cf-4038-4fa8-8601-f5a45f16ca3e@group-A3037D40E172-LeaderElection870] INFO  impl.LeaderElection (LeaderElection.java:logAndReturn(56)) - f143d5cf-4038-4fa8-8601-f5a45f16ca3e@group-A3037D40E172-LeaderElection870: Election REJECTED; received 2 response(s) [f143d5cf-4038-4fa8-8601-f5a45f16ca3e<-2543ffea-c5c6-4af0-856f-eb846bad755a#0:FAIL-t140, f143d5cf-4038-4fa8-8601-f5a45f16ca3e<-61d14648-e80d-4cd8-9e7c-6deb2f21aca8#0:FAIL-t140] and 0 exception(s); f143d5cf-4038-4fa8-8601-f5a45f16ca3e@group-A3037D40E172:t140, leader=null, voted=f143d5cf-4038-4fa8-8601-f5a45f16ca3e, raftlog=f143d5cf-4038-4fa8-8601-f5a45f16ca3e@group-A3037D40E172-SegmentedRaftLog:OPENED:c-1,f-1,i0, conf=-1: [f143d5cf-4038-4fa8-8601-f5a45f16ca3e:192.168.69.71:40169, 2543ffea-c5c6-4af0-856f-eb846bad755a:192.168.69.71:45287, 61d14648-e80d-4cd8-9e7c-6deb2f21aca8:192.168.69.71:42247], old=null
2019-10-19 01:14:39,467 [f143d5cf-4038-4fa8-8601-f5a45f16ca3e@group-A3037D40E172-LeaderElection870] INFO  impl.RaftServerImpl (RaftServerImpl.java:setRole(184)) - f143d5cf-4038-4fa8-8601-f5a45f16ca3e@group-A3037D40E172: changes role from CANDIDATE to FOLLOWER at term 140 for DISCOVERED_A_NEW_TERM
2019-10-19 01:14:39,467 [f143d5cf-4038-4fa8-8601-f5a45f16ca3e@group-A3037D40E172-LeaderElection870] INFO  impl.RoleInfo (RoleInfo.java:shutdownLeaderElection(134)) - f143d5cf-4038-4fa8-8601-f5a45f16ca3e: shutdown LeaderElection
2019-10-19 01:14:39,467 [f143d5cf-4038-4fa8-8601-f5a45f16ca3e@group-A3037D40E172-LeaderElection870] INFO  impl.RoleInfo (RoleInfo.java:updateAndGet(143)) - f143d5cf-4038-4fa8-8601-f5a45f16ca3e: start FollowerState
2019-10-19 01:14:39,531 [Thread-8028] INFO  impl.FollowerState (FollowerState.java:run(108)) - f143d5cf-4038-4fa8-8601-f5a45f16ca3e@group-A3037D40E172-FollowerState: change to CANDIDATE, lastRpcTime:64ms, electionTimeout:64ms
2019-10-19 01:14:39,531 [Thread-8028] INFO  impl.RoleInfo (RoleInfo.java:shutdownFollowerState(121)) - f143d5cf-4038-4fa8-8601-f5a45f16ca3e: shutdown FollowerState
2019-10-19 01:14:39,531 [Thread-8028] INFO  impl.RaftServerImpl (RaftServerImpl.java:setRole(184)) - f143d5cf-4038-4fa8-8601-f5a45f16ca3e@group-A3037D40E172: changes role from  FOLLOWER to CANDIDATE at term 140 for changeToCandidate
2019-10-19 01:14:39,532 [Thread-8028] INFO  impl.RoleInfo (RoleInfo.java:updateAndGet(143)) - f143d5cf-4038-4fa8-8601-f5a45f16ca3e: start LeaderElection
2019-10-19 01:14:39,545 [f143d5cf-4038-4fa8-8601-f5a45f16ca3e@group-A3037D40E172-LeaderElection871] INFO  impl.LeaderElection (LeaderElection.java:askForVotes(178)) - f143d5cf-4038-4fa8-8601-f5a45f16ca3e@group-A3037D40E172-LeaderElection871: begin an election at term 141 for -1: [f143d5cf-4038-4fa8-8601-f5a45f16ca3e:192.168.69.71:40169, 2543ffea-c5c6-4af0-856f-eb846bad755a:192.168.69.71:45287, 61d14648-e80d-4cd8-9e7c-6deb2f21aca8:192.168.69.71:42247], old=null
2019-10-19 01:14:39,546 [grpc-default-executor-10] INFO  impl.RaftServerImpl (RaftServerImpl.java:setRole(184)) - 2543ffea-c5c6-4af0-856f-eb846bad755a@group-A3037D40E172: changes role from  FOLLOWER to FOLLOWER at term 141 for recognizeCandidate:f143d5cf-4038-4fa8-8601-f5a45f16ca3e
2019-10-19 01:14:39,546 [grpc-default-executor-1] INFO  impl.RaftServerImpl (RaftServerImpl.java:setRole(184)) - 61d14648-e80d-4cd8-9e7c-6deb2f21aca8@group-A3037D40E172: changes role from  FOLLOWER to FOLLOWER at term 141 for recognizeCandidate:f143d5cf-4038-4fa8-8601-f5a45f16ca3e
2019-10-19 01:14:39,546 [grpc-default-executor-1] INFO  impl.RoleInfo (RoleInfo.java:shutdownFollowerState(121)) - 61d14648-e80d-4cd8-9e7c-6deb2f21aca8: shutdown FollowerState
2019-10-19 01:14:39,546 [grpc-default-executor-10] INFO  impl.RoleInfo (RoleInfo.java:shutdownFollowerState(121)) - 2543ffea-c5c6-4af0-856f-eb846bad755a: shutdown FollowerState
2019-10-19 01:14:39,547 [Thread-8026] INFO  impl.FollowerState (FollowerState.java:run(117)) - 61d14648-e80d-4cd8-9e7c-6deb2f21aca8@group-A3037D40E172-FollowerState was interrupted: java.lang.InterruptedException: sleep interrupted
2019-10-19 01:14:39,547 [Thread-8027] INFO  impl.FollowerState (FollowerState.java:run(117)) - 2543ffea-c5c6-4af0-856f-eb846bad755a@group-A3037D40E172-FollowerState was interrupted: java.lang.InterruptedException: sleep interrupted
2019-10-19 01:14:39,547 [grpc-default-executor-10] INFO  impl.RoleInfo (RoleInfo.java:updateAndGet(143)) - 2543ffea-c5c6-4af0-856f-eb846bad755a: start FollowerState
2019-10-19 01:14:39,546 [grpc-default-executor-1] INFO  impl.RoleInfo (RoleInfo.java:updateAndGet(143)) - 61d14648-e80d-4cd8-9e7c-6deb2f21aca8: start FollowerState
2019-10-19 01:14:39,575 [f143d5cf-4038-4fa8-8601-f5a45f16ca3e@group-A3037D40E172-LeaderElection871] INFO  impl.LeaderElection (LeaderElection.java:logAndReturn(56)) - f143d5cf-4038-4fa8-8601-f5a45f16ca3e@group-A3037D40E172-LeaderElection871: Election REJECTED; received 2 response(s) [f143d5cf-4038-4fa8-8601-f5a45f16ca3e<-2543ffea-c5c6-4af0-856f-eb846bad755a#0:FAIL-t141, f143d5cf-4038-4fa8-8601-f5a45f16ca3e<-61d14648-e80d-4cd8-9e7c-6deb2f21aca8#0:FAIL-t141] and 0 exception(s); f143d5cf-4038-4fa8-8601-f5a45f16ca3e@group-A3037D40E172:t141, leader=null, voted=f143d5cf-4038-4fa8-8601-f5a45f16ca3e, raftlog=f143d5cf-4038-4fa8-8601-f5a45f16ca3e@group-A3037D40E172-SegmentedRaftLog:OPENED:c-1,f-1,i0, conf=-1: [f143d5cf-4038-4fa8-8601-f5a45f16ca3e:192.168.69.71:40169, 2543ffea-c5c6-4af0-856f-eb846bad755a:192.168.69.71:45287, 61d14648-e80d-4cd8-9e7c-6deb2f21aca8:192.168.69.71:42247], old=null
2019-10-19 01:14:39,575 [f143d5cf-4038-4fa8-8601-f5a45f16ca3e@group-A3037D40E172-LeaderElection871] INFO  impl.RaftServerImpl (RaftServerImpl.java:setRole(184)) - f143d5cf-4038-4fa8-8601-f5a45f16ca3e@group-A3037D40E172: changes role from CANDIDATE to FOLLOWER at term 141 for DISCOVERED_A_NEW_TERM
2019-10-19 01:14:39,575 [f143d5cf-4038-4fa8-8601-f5a45f16ca3e@group-A3037D40E172-LeaderElection871] INFO  impl.RoleInfo (RoleInfo.java:shutdownLeaderElection(134)) - f143d5cf-4038-4fa8-8601-f5a45f16ca3e: shutdown LeaderElection
2019-10-19 01:14:39,575 [f143d5cf-4038-4fa8-8601-f5a45f16ca3e@group-A3037D40E172-LeaderElection871] INFO  impl.RoleInfo (RoleInfo.java:updateAndGet(143)) - f143d5cf-4038-4fa8-8601-f5a45f16ca3e: start FollowerState
2019-10-19 01:14:39,608 [Thread-8022] INFO  impl.FollowerState (FollowerState.java:run(108)) - 9c2d914d-67b1-4af9-8080-4d6ee007b506@group-20FCFA0487C4-FollowerState: change to CANDIDATE, lastRpcTime:181ms, electionTimeout:180ms
2019-10-19 01:14:39,608 [Thread-8022] INFO  impl.RoleInfo (RoleInfo.java:shutdownFollowerState(121)) - 9c2d914d-67b1-4af9-8080-4d6ee007b506: shutdown FollowerState
2019-10-19 01:14:39,608 [Thread-8022] INFO  impl.RaftServerImpl (RaftServerImpl.java:setRole(184)) - 9c2d914d-67b1-4af9-8080-4d6ee007b506@group-20FCFA0487C4: changes role from  FOLLOWER to CANDIDATE at term 134 for changeToCandidate
2019-10-19 01:14:39,608 [Thread-8022] INFO  impl.RoleInfo (RoleInfo.java:updateAndGet(143)) - 9c2d914d-67b1-4af9-8080-4d6ee007b506: start LeaderElection
2019-10-19 01:14:39,621 [9c2d914d-67b1-4af9-8080-4d6ee007b506@group-20FCFA0487C4-LeaderElection872] INFO  impl.LeaderElection (LeaderElection.java:askForVotes(178)) - 9c2d914d-67b1-4af9-8080-4d6ee007b506@group-20FCFA0487C4-LeaderElection872: begin an election at term 135 for -1: [88be3607-7667-471c-9070-7dfd13eb5ac8:192.168.69.71:32925, 9c2d914d-67b1-4af9-8080-4d6ee007b506:192.168.69.71:35462, 61d0b7dc-5f8b-422f-8693-c58167224d24:192.168.69.71:43479], old=null
2019-10-19 01:14:39,623 [grpc-default-executor-1] INFO  impl.RaftServerImpl (RaftServerImpl.java:setRole(184)) - 61d0b7dc-5f8b-422f-8693-c58167224d24@group-20FCFA0487C4: changes role from  FOLLOWER to FOLLOWER at term 135 for recognizeCandidate:9c2d914d-67b1-4af9-8080-4d6ee007b506
2019-10-19 01:14:39,623 [grpc-default-executor-10] INFO  impl.RaftServerImpl (RaftServerImpl.java:setRole(184)) - 88be3607-7667-471c-9070-7dfd13eb5ac8@group-20FCFA0487C4: changes role from  FOLLOWER to FOLLOWER at term 135 for recognizeCandidate:9c2d914d-67b1-4af9-8080-4d6ee007b506
2019-10-19 01:14:39,623 [grpc-default-executor-1] INFO  impl.RoleInfo (RoleInfo.java:shutdownFollowerState(121)) - 61d0b7dc-5f8b-422f-8693-c58167224d24: shutdown FollowerState
2019-10-19 01:14:39,623 [grpc-default-executor-10] INFO  impl.RoleInfo (RoleInfo.java:shutdownFollowerState(121)) - 88be3607-7667-471c-9070-7dfd13eb5ac8: shutdown FollowerState
2019-10-19 01:14:39,623 [Thread-8021] INFO  impl.FollowerState (FollowerState.java:run(117)) - 61d0b7dc-5f8b-422f-8693-c58167224d24@group-20FCFA0487C4-FollowerState was interrupted: java.lang.InterruptedException: sleep interrupted
2019-10-19 01:14:39,623 [grpc-default-executor-1] INFO  impl.RoleInfo (RoleInfo.java:updateAndGet(143)) - 61d0b7dc-5f8b-422f-8693-c58167224d24: start FollowerState
2019-10-19 01:14:39,623 [Thread-8020] INFO  impl.FollowerState (FollowerState.java:run(117)) - 88be3607-7667-471c-9070-7dfd13eb5ac8@group-20FCFA0487C4-FollowerState was interrupted: java.lang.InterruptedException: sleep interrupted
2019-10-19 01:14:39,623 [grpc-default-executor-10] INFO  impl.RoleInfo (RoleInfo.java:updateAndGet(143)) - 88be3607-7667-471c-9070-7dfd13eb5ac8: start FollowerState
2019-10-19 01:14:39,645 [9c2d914d-67b1-4af9-8080-4d6ee007b506@group-20FCFA0487C4-LeaderElection872] INFO  impl.LeaderElection (LeaderElection.java:logAndReturn(56)) - 9c2d914d-67b1-4af9-8080-4d6ee007b506@group-20FCFA0487C4-LeaderElection872: Election REJECTED; received 2 response(s) [9c2d914d-67b1-4af9-8080-4d6ee007b506<-88be3607-7667-471c-9070-7dfd13eb5ac8#0:FAIL-t135, 9c2d914d-67b1-4af9-8080-4d6ee007b506<-61d0b7dc-5f8b-422f-8693-c58167224d24#0:FAIL-t135] and 0 exception(s); 9c2d914d-67b1-4af9-8080-4d6ee007b506@group-20FCFA0487C4:t135, leader=null, voted=9c2d914d-67b1-4af9-8080-4d6ee007b506, raftlog=9c2d914d-67b1-4af9-8080-4d6ee007b506@group-20FCFA0487C4-SegmentedRaftLog:OPENED:c-1,f-1,i0, conf=-1: [88be3607-7667-471c-9070-7dfd13eb5ac8:192.168.69.71:32925, 9c2d914d-67b1-4af9-8080-4d6ee007b506:192.168.69.71:35462, 61d0b7dc-5f8b-422f-8693-c58167224d24:192.168.69.71:43479], old=null
2019-10-19 01:14:39,645 [9c2d914d-67b1-4af9-8080-4d6ee007b506@group-20FCFA0487C4-LeaderElection872] INFO  impl.RaftServerImpl (RaftServerImpl.java:setRole(184)) - 9c2d914d-67b1-4af9-8080-4d6ee007b506@group-20FCFA0487C4: changes role from CANDIDATE to FOLLOWER at term 135 for DISCOVERED_A_NEW_TERM
2019-10-19 01:14:39,645 [9c2d914d-67b1-4af9-8080-4d6ee007b506@group-20FCFA0487C4-LeaderElection872] INFO  impl.RoleInfo (RoleInfo.java:shutdownLeaderElection(134)) - 9c2d914d-67b1-4af9-8080-4d6ee007b506: shutdown LeaderElection
2019-10-19 01:14:39,645 [9c2d914d-67b1-4af9-8080-4d6ee007b506@group-20FCFA0487C4-LeaderElection872] INFO  impl.RoleInfo (RoleInfo.java:updateAndGet(143)) - 9c2d914d-67b1-4af9-8080-4d6ee007b506: start FollowerState
2019-10-19 01:14:39,664 [Thread-8034] INFO  impl.FollowerState (FollowerState.java:run(108)) - f143d5cf-4038-4fa8-8601-f5a45f16ca3e@group-A3037D40E172-FollowerState: change to CANDIDATE, lastRpcTime:89ms, electionTimeout:89ms
2019-10-19 01:14:39,664 [Thread-8034] INFO  impl.RoleInfo (RoleInfo.java:shutdownFollowerState(121)) - f143d5cf-4038-4fa8-8601-f5a45f16ca3e: shutdown FollowerState
2019-10-19 01:14:39,664 [Thread-8034] INFO  impl.RaftServerImpl (RaftServerImpl.java:setRole(184)) - f143d5cf-4038-4fa8-8601-f5a45f16ca3e@group-A3037D40E172: changes role from  FOLLOWER to CANDIDATE at term 141 for changeToCandidate
2019-10-19 01:14:39,664 [Thread-8034] INFO  impl.RoleInfo (RoleInfo.java:updateAndGet(143)) - f143d5cf-4038-4fa8-8601-f5a45f16ca3e: start LeaderElection
2019-10-19 01:14:39,671 [Thread-8040] INFO  impl.FollowerState (FollowerState.java:run(108)) - 9c2d914d-67b1-4af9-8080-4d6ee007b506@group-20FCFA0487C4-FollowerState: change to CANDIDATE, lastRpcTime:26ms, electionTimeout:26ms
2019-10-19 01:14:39,671 [Thread-8040] INFO  impl.RoleInfo (RoleInfo.java:shutdownFollowerState(121)) - 9c2d914d-67b1-4af9-8080-4d6ee007b506: shutdown FollowerState
2019-10-19 01:14:39,671 [Thread-8040] INFO  impl.RaftServerImpl (RaftServerImpl.java:setRole(184)) - 9c2d914d-67b1-4af9-8080-4d6ee007b506@group-20FCFA0487C4: changes role from  FOLLOWER to CANDIDATE at term 135 for changeToCandidate
2019-10-19 01:14:39,672 [Thread-8040] INFO  impl.RoleInfo (RoleInfo.java:updateAndGet(143)) - 9c2d914d-67b1-4af9-8080-4d6ee007b506: start LeaderElection
2019-10-19 01:14:39,678 [9c2d914d-67b1-4af9-8080-4d6ee007b506@group-20FCFA0487C4-LeaderElection874] INFO  impl.LeaderElection (LeaderElection.java:askForVotes(178)) - 9c2d914d-67b1-4af9-8080-4d6ee007b506@group-20FCFA0487C4-LeaderElection874: begin an election at term 136 for -1: [88be3607-7667-471c-9070-7dfd13eb5ac8:192.168.69.71:32925, 9c2d914d-67b1-4af9-8080-4d6ee007b506:192.168.69.71:35462, 61d0b7dc-5f8b-422f-8693-c58167224d24:192.168.69.71:43479], old=null
2019-10-19 01:14:39,678 [f143d5cf-4038-4fa8-8601-f5a45f16ca3e@group-A3037D40E172-LeaderElection873] INFO  impl.LeaderElection (LeaderElection.java:askForVotes(178)) - f143d5cf-4038-4fa8-8601-f5a45f16ca3e@group-A3037D40E172-LeaderElection873: begin an election at term 142 for -1: [f143d5cf-4038-4fa8-8601-f5a45f16ca3e:192.168.69.71:40169, 2543ffea-c5c6-4af0-856f-eb846bad755a:192.168.69.71:45287, 61d14648-e80d-4cd8-9e7c-6deb2f21aca8:192.168.69.71:42247], old=null
2019-10-19 01:14:39,679 [grpc-default-executor-10] INFO  impl.RaftServerImpl (RaftServerImpl.java:setRole(184)) - 88be3607-7667-471c-9070-7dfd13eb5ac8@group-20FCFA0487C4: changes role from  FOLLOWER to FOLLOWER at term 136 for recognizeCandidate:9c2d914d-67b1-4af9-8080-4d6ee007b506
2019-10-19 01:14:39,679 [grpc-default-executor-10] INFO  impl.RoleInfo (RoleInfo.java:shutdownFollowerState(121)) - 88be3607-7667-471c-9070-7dfd13eb5ac8: shutdown FollowerState
2019-10-19 01:14:39,679 [grpc-default-executor-1] INFO  impl.RaftServerImpl (RaftServerImpl.java:setRole(184)) - 61d14648-e80d-4cd8-9e7c-6deb2f21aca8@group-A3037D40E172: changes role from  FOLLOWER to FOLLOWER at term 142 for recognizeCandidate:f143d5cf-4038-4fa8-8601-f5a45f16ca3e
2019-10-19 01:14:39,680 [grpc-default-executor-1] INFO  impl.RoleInfo (RoleInfo.java:shutdownFollowerState(121)) - 61d14648-e80d-4cd8-9e7c-6deb2f21aca8: shutdown FollowerState
2019-10-19 01:14:39,680 [grpc-default-executor-9] INFO  impl.RaftServerImpl (RaftServerImpl.java:setRole(184)) - 61d0b7dc-5f8b-422f-8693-c58167224d24@group-20FCFA0487C4: changes role from  FOLLOWER to FOLLOWER at term 136 for recognizeCandidate:9c2d914d-67b1-4af9-8080-4d6ee007b506
2019-10-19 01:14:39,680 [Thread-8039] INFO  impl.FollowerState (FollowerState.java:run(117)) - 88be3607-7667-471c-9070-7dfd13eb5ac8@group-20FCFA0487C4-FollowerState was interrupted: java.lang.InterruptedException: sleep interrupted
2019-10-19 01:14:39,679 [grpc-default-executor-10] INFO  impl.RoleInfo (RoleInfo.java:updateAndGet(143)) - 88be3607-7667-471c-9070-7dfd13eb5ac8: start FollowerState
2019-10-19 01:14:39,679 [grpc-default-executor-3] INFO  impl.RaftServerImpl (RaftServerImpl.java:setRole(184)) - 2543ffea-c5c6-4af0-856f-eb846bad755a@group-A3037D40E172: changes role from  FOLLOWER to FOLLOWER at term 142 for recognizeCandidate:f143d5cf-4038-4fa8-8601-f5a45f16ca3e
2019-10-19 01:14:39,680 [grpc-default-executor-3] INFO  impl.RoleInfo (RoleInfo.java:shutdownFollowerState(121)) - 2543ffea-c5c6-4af0-856f-eb846bad755a: shutdown FollowerState
2019-10-19 01:14:39,680 [grpc-default-executor-9] INFO  impl.RoleInfo (RoleInfo.java:shutdownFollowerState(121)) - 61d0b7dc-5f8b-422f-8693-c58167224d24: shutdown FollowerState
2019-10-19 01:14:39,680 [grpc-default-executor-1] INFO  impl.RoleInfo (RoleInfo.java:updateAndGet(143)) - 61d14648-e80d-4cd8-9e7c-6deb2f21aca8: start FollowerState
2019-10-19 01:14:39,680 [Thread-8032] INFO  impl.FollowerState (FollowerState.java:run(117)) - 61d14648-e80d-4cd8-9e7c-6deb2f21aca8@group-A3037D40E172-FollowerState was interrupted: java.lang.InterruptedException: sleep interrupted
2019-10-19 01:14:39,680 [Thread-8038] INFO  impl.FollowerState (FollowerState.java:run(117)) - 61d0b7dc-5f8b-422f-8693-c58167224d24@group-20FCFA0487C4-FollowerState was interrupted: java.lang.InterruptedException: sleep interrupted
2019-10-19 01:14:39,680 [grpc-default-executor-9] INFO  impl.RoleInfo (RoleInfo.java:updateAndGet(143)) - 61d0b7dc-5f8b-422f-8693-c58167224d24: start FollowerState
2019-10-19 01:14:39,680 [Thread-8033] INFO  impl.FollowerState (FollowerState.java:run(117)) - 2543ffea-c5c6-4af0-856f-eb846bad755a@group-A3037D40E172-FollowerState was interrupted: java.lang.InterruptedException: sleep interrupted
2019-10-19 01:14:39,680 [grpc-default-executor-3] INFO  impl.RoleInfo (RoleInfo.java:updateAndGet(143)) - 2543ffea-c5c6-4af0-856f-eb846bad755a: start FollowerState
2019-10-19 01:14:39,684 [f143d5cf-4038-4fa8-8601-f5a45f16ca3e@group-A3037D40E172-LeaderElection873] INFO  impl.LeaderElection (LeaderElection.java:logAndReturn(56)) - f143d5cf-4038-4fa8-8601-f5a45f16ca3e@group-A3037D40E172-LeaderElection873: Election TIMEOUT; received 0 response(s) [] and 0 exception(s); f143d5cf-4038-4fa8-8601-f5a45f16ca3e@group-A3037D40E172:t142, leader=null, voted=f143d5cf-4038-4fa8-8601-f5a45f16ca3e, raftlog=f143d5cf-4038-4fa8-8601-f5a45f16ca3e@group-A3037D40E172-SegmentedRaftLog:OPENED:c-1,f-1,i0, conf=-1: [f143d5cf-4038-4fa8-8601-f5a45f16ca3e:192.168.69.71:40169, 2543ffea-c5c6-4af0-856f-eb846bad755a:192.168.69.71:45287, 61d14648-e80d-4cd8-9e7c-6deb2f21aca8:192.168.69.71:42247], old=null
2019-10-19 01:14:39,694 [f143d5cf-4038-4fa8-8601-f5a45f16ca3e@group-A3037D40E172-LeaderElection873] INFO  impl.LeaderElection (LeaderElection.java:askForVotes(178)) - f143d5cf-4038-4fa8-8601-f5a45f16ca3e@group-A3037D40E172-LeaderElection873: begin an election at term 143 for -1: [f143d5cf-4038-4fa8-8601-f5a45f16ca3e:192.168.69.71:40169, 2543ffea-c5c6-4af0-856f-eb846bad755a:192.168.69.71:45287, 61d14648-e80d-4cd8-9e7c-6deb2f21aca8:192.168.69.71:42247], old=null
2019-10-19 01:14:39,694 [9c2d914d-67b1-4af9-8080-4d6ee007b506@group-20FCFA0487C4-LeaderElection874] INFO  impl.LeaderElection (LeaderElection.java:logAndReturn(56)) - 9c2d914d-67b1-4af9-8080-4d6ee007b506@group-20FCFA0487C4-LeaderElection874: Election REJECTED; received 2 response(s) [9c2d914d-67b1-4af9-8080-4d6ee007b506<-88be3607-7667-471c-9070-7dfd13eb5ac8#0:FAIL-t136, 9c2d914d-67b1-4af9-8080-4d6ee007b506<-61d0b7dc-5f8b-422f-8693-c58167224d24#0:FAIL-t136] and 0 exception(s); 9c2d914d-67b1-4af9-8080-4d6ee007b506@group-20FCFA0487C4:t136, leader=null, voted=9c2d914d-67b1-4af9-8080-4d6ee007b506, raftlog=9c2d914d-67b1-4af9-8080-4d6ee007b506@group-20FCFA0487C4-SegmentedRaftLog:OPENED:c-1,f-1,i0, conf=-1: [88be3607-7667-471c-9070-7dfd13eb5ac8:192.168.69.71:32925, 9c2d914d-67b1-4af9-8080-4d6ee007b506:192.168.69.71:35462, 61d0b7dc-5f8b-422f-8693-c58167224d24:192.168.69.71:43479], old=null
2019-10-19 01:14:39,694 [9c2d914d-67b1-4af9-8080-4d6ee007b506@group-20FCFA0487C4-LeaderElection874] INFO  impl.RaftServerImpl (RaftServerImpl.java:setRole(184)) - 9c2d914d-67b1-4af9-8080-4d6ee007b506@group-20FCFA0487C4: changes role from CANDIDATE to FOLLOWER at term 136 for DISCOVERED_A_NEW_TERM
2019-10-19 01:14:39,694 [9c2d914d-67b1-4af9-8080-4d6ee007b506@group-20FCFA0487C4-LeaderElection874] INFO  impl.RoleInfo (RoleInfo.java:shutdownLeaderElection(134)) - 9c2d914d-67b1-4af9-8080-4d6ee007b506: shutdown LeaderElection
2019-10-19 01:14:39,694 [grpc-default-executor-3] INFO  impl.RaftServerImpl (RaftServerImpl.java:setRole(184)) - 2543ffea-c5c6-4af0-856f-eb846bad755a@group-A3037D40E172: changes role from  FOLLOWER to FOLLOWER at term 143 for recognizeCandidate:f143d5cf-4038-4fa8-8601-f5a45f16ca3e
2019-10-19 01:14:39,695 [grpc-default-executor-3] INFO  impl.RoleInfo (RoleInfo.java:shutdownFollowerState(121)) - 2543ffea-c5c6-4af0-856f-eb846bad755a: shutdown FollowerState
2019-10-19 01:14:39,695 [9c2d914d-67b1-4af9-8080-4d6ee007b506@group-20FCFA0487C4-LeaderElection874] INFO  impl.RoleInfo (RoleInfo.java:updateAndGet(143)) - 9c2d914d-67b1-4af9-8080-4d6ee007b506: start FollowerState
2019-10-19 01:14:39,695 [Thread-8051] INFO  impl.FollowerState (FollowerState.java:run(117)) - 2543ffea-c5c6-4af0-856f-eb846bad755a@group-A3037D40E172-FollowerState was interrupted: java.lang.InterruptedException: sleep interrupted
2019-10-19 01:14:39,695 [grpc-default-executor-3] INFO  impl.RoleInfo (RoleInfo.java:updateAndGet(143)) - 2543ffea-c5c6-4af0-856f-eb846bad755a: start FollowerState
2019-10-19 01:14:39,695 [grpc-default-executor-9] INFO  impl.RaftServerImpl (RaftServerImpl.java:setRole(184)) - 61d14648-e80d-4cd8-9e7c-6deb2f21aca8@group-A3037D40E172: changes role from  FOLLOWER to FOLLOWER at term 143 for recognizeCandidate:f143d5cf-4038-4fa8-8601-f5a45f16ca3e
2019-10-19 01:14:39,695 [grpc-default-executor-9] INFO  impl.RoleInfo (RoleInfo.java:shutdownFollowerState(121)) - 61d14648-e80d-4cd8-9e7c-6deb2f21aca8: shutdown FollowerState
2019-10-19 01:14:39,695 [grpc-default-executor-9] INFO  impl.RoleInfo (RoleInfo.java:updateAndGet(143)) - 61d14648-e80d-4cd8-9e7c-6deb2f21aca8: start FollowerState
2019-10-19 01:14:39,695 [Thread-8050] INFO  impl.FollowerState (FollowerState.java:run(117)) - 61d14648-e80d-4cd8-9e7c-6deb2f21aca8@group-A3037D40E172-FollowerState was interrupted: java.lang.InterruptedException: sleep interrupted
2019-10-19 01:14:39,709 [f143d5cf-4038-4fa8-8601-f5a45f16ca3e@group-A3037D40E172-LeaderElection873] INFO  impl.LeaderElection (LeaderElection.java:logAndReturn(56)) - f143d5cf-4038-4fa8-8601-f5a45f16ca3e@group-A3037D40E172-LeaderElection873: Election REJECTED; received 2 response(s) [f143d5cf-4038-4fa8-8601-f5a45f16ca3e<-2543ffea-c5c6-4af0-856f-eb846bad755a#0:FAIL-t143, f143d5cf-4038-4fa8-8601-f5a45f16ca3e<-61d14648-e80d-4cd8-9e7c-6deb2f21aca8#0:FAIL-t143] and 0 exception(s); f143d5cf-4038-4fa8-8601-f5a45f16ca3e@group-A3037D40E172:t143, leader=null, voted=f143d5cf-4038-4fa8-8601-f5a45f16ca3e, raftlog=f143d5cf-4038-4fa8-8601-f5a45f16ca3e@group-A3037D40E172-SegmentedRaftLog:OPENED:c-1,f-1,i0, conf=-1: [f143d5cf-4038-4fa8-8601-f5a45f16ca3e:192.168.69.71:40169, 2543ffea-c5c6-4af0-856f-eb846bad755a:192.168.69.71:45287, 61d14648-e80d-4cd8-9e7c-6deb2f21aca8:192.168.69.71:42247], old=null
2019-10-19 01:14:39,709 [f143d5cf-4038-4fa8-8601-f5a45f16ca3e@group-A3037D40E172-LeaderElection873] INFO  impl.RaftServerImpl (RaftServerImpl.java:setRole(184)) - f143d5cf-4038-4fa8-8601-f5a45f16ca3e@group-A3037D40E172: changes role from CANDIDATE to FOLLOWER at term 143 for DISCOVERED_A_NEW_TERM
2019-10-19 01:14:39,709 [f143d5cf-4038-4fa8-8601-f5a45f16ca3e@group-A3037D40E172-LeaderElection873] INFO  impl.RoleInfo (RoleInfo.java:shutdownLeaderElection(134)) - f143d5cf-4038-4fa8-8601-f5a45f16ca3e: shutdown LeaderElection
2019-10-19 01:14:39,709 [f143d5cf-4038-4fa8-8601-f5a45f16ca3e@group-A3037D40E172-LeaderElection873] INFO  impl.RoleInfo (RoleInfo.java:updateAndGet(143)) - f143d5cf-4038-4fa8-8601-f5a45f16ca3e: start FollowerState
2019-10-19 01:14:39,800 [Thread-8055] INFO  impl.FollowerState (FollowerState.java:run(108)) - 9c2d914d-67b1-4af9-8080-4d6ee007b506@group-20FCFA0487C4-FollowerState: change to CANDIDATE, lastRpcTime:105ms, electionTimeout:105ms
2019-10-19 01:14:39,800 [Thread-8055] INFO  impl.RoleInfo (RoleInfo.java:shutdownFollowerState(121)) - 9c2d914d-67b1-4af9-8080-4d6ee007b506: shutdown FollowerState
2019-10-19 01:14:39,800 [Thread-8055] INFO  impl.RaftServerImpl (RaftServerImpl.java:setRole(184)) - 9c2d914d-67b1-4af9-8080-4d6ee007b506@group-20FCFA0487C4: changes role from  FOLLOWER to CANDIDATE at term 136 for changeToCandidate
2019-10-19 01:14:39,800 [Thread-8055] INFO  impl.RoleInfo (RoleInfo.java:updateAndGet(143)) - 9c2d914d-67b1-4af9-8080-4d6ee007b506: start LeaderElection
2019-10-19 01:14:39,809 [9c2d914d-67b1-4af9-8080-4d6ee007b506@group-20FCFA0487C4-LeaderElection875] INFO  impl.LeaderElection (LeaderElection.java:askForVotes(178)) - 9c2d914d-67b1-4af9-8080-4d6ee007b506@group-20FCFA0487C4-LeaderElection875: begin an election at term 137 for -1: [88be3607-7667-471c-9070-7dfd13eb5ac8:192.168.69.71:32925, 9c2d914d-67b1-4af9-8080-4d6ee007b506:192.168.69.71:35462, 61d0b7dc-5f8b-422f-8693-c58167224d24:192.168.69.71:43479], old=null
2019-10-19 01:14:39,810 [grpc-default-executor-9] INFO  impl.RaftServerImpl (RaftServerImpl.java:setRole(184)) - 61d0b7dc-5f8b-422f-8693-c58167224d24@group-20FCFA0487C4: changes role from  FOLLOWER to FOLLOWER at term 137 for recognizeCandidate:9c2d914d-67b1-4af9-8080-4d6ee007b506
2019-10-19 01:14:39,811 [grpc-default-executor-9] INFO  impl.RoleInfo (RoleInfo.java:shutdownFollowerState(121)) - 61d0b7dc-5f8b-422f-8693-c58167224d24: shutdown FollowerState
2019-10-19 01:14:39,811 [grpc-default-executor-3] INFO  impl.RaftServerImpl (RaftServerImpl.java:setRole(184)) - 88be3607-7667-471c-9070-7dfd13eb5ac8@group-20FCFA0487C4: changes role from  FOLLOWER to FOLLOWER at term 137 for recognizeCandidate:9c2d914d-67b1-4af9-8080-4d6ee007b506
2019-10-19 01:14:39,811 [Thread-8052] INFO  impl.FollowerState (FollowerState.java:run(117)) - 61d0b7dc-5f8b-422f-8693-c58167224d24@group-20FCFA0487C4-FollowerState was interrupted: java.lang.InterruptedException: sleep interrupted
2019-10-19 01:14:39,811 [grpc-default-executor-9] INFO  impl.RoleInfo (RoleInfo.java:updateAndGet(143)) - 61d0b7dc-5f8b-422f-8693-c58167224d24: start FollowerState
2019-10-19 01:14:39,811 [grpc-default-executor-3] INFO  impl.RoleInfo (RoleInfo.java:shutdownFollowerState(121)) - 88be3607-7667-471c-9070-7dfd13eb5ac8: shutdown FollowerState
2019-10-19 01:14:39,811 [grpc-default-executor-3] INFO  impl.RoleInfo (RoleInfo.java:updateAndGet(143)) - 88be3607-7667-471c-9070-7dfd13eb5ac8: start FollowerState
2019-10-19 01:14:39,811 [Thread-8049] INFO  impl.FollowerState (FollowerState.java:run(117)) - 88be3607-7667-471c-9070-7dfd13eb5ac8@group-20FCFA0487C4-FollowerState was interrupted: java.lang.InterruptedException: sleep interrupted
2019-10-19 01:14:39,825 [9c2d914d-67b1-4af9-8080-4d6ee007b506@group-20FCFA0487C4-LeaderElection875] INFO  impl.LeaderElection (LeaderElection.java:logAndReturn(56)) - 9c2d914d-67b1-4af9-8080-4d6ee007b506@group-20FCFA0487C4-LeaderElection875: Election REJECTED; received 2 response(s) [9c2d914d-67b1-4af9-8080-4d6ee007b506<-88be3607-7667-471c-9070-7dfd13eb5ac8#0:FAIL-t137, 9c2d914d-67b1-4af9-8080-4d6ee007b506<-61d0b7dc-5f8b-422f-8693-c58167224d24#0:FAIL-t137] and 0 exception(s); 9c2d914d-67b1-4af9-8080-4d6ee007b506@group-20FCFA0487C4:t137, leader=null, voted=9c2d914d-67b1-4af9-8080-4d6ee007b506, raftlog=9c2d914d-67b1-4af9-8080-4d6ee007b506@group-20FCFA0487C4-SegmentedRaftLog:OPENED:c-1,f-1,i0, conf=-1: [88be3607-7667-471c-9070-7dfd13eb5ac8:192.168.69.71:32925, 9c2d914d-67b1-4af9-8080-4d6ee007b506:192.168.69.71:35462, 61d0b7dc-5f8b-422f-8693-c58167224d24:192.168.69.71:43479], old=null
2019-10-19 01:14:39,825 [9c2d914d-67b1-4af9-8080-4d6ee007b506@group-20FCFA0487C4-LeaderElection875] INFO  impl.RaftServerImpl (RaftServerImpl.java:setRole(184)) - 9c2d914d-67b1-4af9-8080-4d6ee007b506@group-20FCFA0487C4: changes role from CANDIDATE to FOLLOWER at term 137 for DISCOVERED_A_NEW_TERM
2019-10-19 01:14:39,825 [9c2d914d-67b1-4af9-8080-4d6ee007b506@group-20FCFA0487C4-LeaderElection875] INFO  impl.RoleInfo (RoleInfo.java:shutdownLeaderElection(134)) - 9c2d914d-67b1-4af9-8080-4d6ee007b506: shutdown LeaderElection
2019-10-19 01:14:39,825 [9c2d914d-67b1-4af9-8080-4d6ee007b506@group-20FCFA0487C4-LeaderElection875] INFO  impl.RoleInfo (RoleInfo.java:updateAndGet(143)) - 9c2d914d-67b1-4af9-8080-4d6ee007b506: start FollowerState
2019-10-19 01:14:39,908 [Thread-8058] INFO  impl.FollowerState (FollowerState.java:run(108)) - f143d5cf-4038-4fa8-8601-f5a45f16ca3e@group-A3037D40E172-FollowerState: change to CANDIDATE, lastRpcTime:199ms, electionTimeout:199ms
2019-10-19 01:14:39,908 [Thread-8058] INFO  impl.RoleInfo (RoleInfo.java:shutdownFollowerState(121)) - f143d5cf-4038-4fa8-8601-f5a45f16ca3e: shutdown FollowerState
2019-10-19 01:14:39,908 [Thread-8058] INFO  impl.RaftServerImpl (RaftServerImpl.java:setRole(184)) - f143d5cf-4038-4fa8-8601-f5a45f16ca3e@group-A3037D40E172: changes role from  FOLLOWER to CANDIDATE at term 143 for changeToCandidate
2019-10-19 01:14:39,909 [Thread-8058] INFO  impl.RoleInfo (RoleInfo.java:updateAndGet(143)) - f143d5cf-4038-4fa8-8601-f5a45f16ca3e: start LeaderElection
2019-10-19 01:14:39,922 [f143d5cf-4038-4fa8-8601-f5a45f16ca3e@group-A3037D40E172-LeaderElection876] INFO  impl.LeaderElection (LeaderElection.java:askForVotes(178)) - f143d5cf-4038-4fa8-8601-f5a45f16ca3e@group-A3037D40E172-LeaderElection876: begin an election at term 144 for -1: [f143d5cf-4038-4fa8-8601-f5a45f16ca3e:192.168.69.71:40169, 2543ffea-c5c6-4af0-856f-eb846bad755a:192.168.69.71:45287, 61d14648-e80d-4cd8-9e7c-6deb2f21aca8:192.168.69.71:42247], old=null
2019-10-19 01:14:39,924 [grpc-default-executor-3] INFO  impl.RaftServerImpl (RaftServerImpl.java:setRole(184)) - 61d14648-e80d-4cd8-9e7c-6deb2f21aca8@group-A3037D40E172: changes role from  FOLLOWER to FOLLOWER at term 144 for recognizeCandidate:f143d5cf-4038-4fa8-8601-f5a45f16ca3e
2019-10-19 01:14:39,924 [grpc-default-executor-3] INFO  impl.RoleInfo (RoleInfo.java:shutdownFollowerState(121)) - 61d14648-e80d-4cd8-9e7c-6deb2f21aca8: shutdown FollowerState
2019-10-19 01:14:39,924 [grpc-default-executor-3] INFO  impl.RoleInfo (RoleInfo.java:updateAndGet(143)) - 61d14648-e80d-4cd8-9e7c-6deb2f21aca8: start FollowerState
2019-10-19 01:14:39,924 [Thread-8057] INFO  impl.FollowerState (FollowerState.java:run(117)) - 61d14648-e80d-4cd8-9e7c-6deb2f21aca8@group-A3037D40E172-FollowerState was interrupted: java.lang.InterruptedException: sleep interrupted
2019-10-19 01:14:39,924 [grpc-default-executor-9] INFO  impl.RaftServerImpl (RaftServerImpl.java:setRole(184)) - 2543ffea-c5c6-4af0-856f-eb846bad755a@group-A3037D40E172: changes role from  FOLLOWER to FOLLOWER at term 144 for recognizeCandidate:f143d5cf-4038-4fa8-8601-f5a45f16ca3e
2019-10-19 01:14:39,924 [grpc-default-executor-9] INFO  impl.RoleInfo (RoleInfo.java:shutdownFollowerState(121)) - 2543ffea-c5c6-4af0-856f-eb846bad755a: shutdown FollowerState
2019-10-19 01:14:39,924 [grpc-default-executor-9] INFO  impl.RoleInfo (RoleInfo.java:updateAndGet(143)) - 2543ffea-c5c6-4af0-856f-eb846bad755a: start FollowerState
2019-10-19 01:14:39,925 [Thread-8056] INFO  impl.FollowerState (FollowerState.java:run(117)) - 2543ffea-c5c6-4af0-856f-eb846bad755a@group-A3037D40E172-FollowerState was interrupted: java.lang.InterruptedException: sleep interrupted
2019-10-19 01:14:39,939 [f143d5cf-4038-4fa8-8601-f5a45f16ca3e@group-A3037D40E172-LeaderElection876] INFO  impl.LeaderElection (LeaderElection.java:logAndReturn(56)) - f143d5cf-4038-4fa8-8601-f5a45f16ca3e@group-A3037D40E172-LeaderElection876: Election REJECTED; received 2 response(s) [f143d5cf-4038-4fa8-8601-f5a45f16ca3e<-2543ffea-c5c6-4af0-856f-eb846bad755a#0:FAIL-t144, f143d5cf-4038-4fa8-8601-f5a45f16ca3e<-61d14648-e80d-4cd8-9e7c-6deb2f21aca8#0:FAIL-t144] and 0 exception(s); f143d5cf-4038-4fa8-8601-f5a45f16ca3e@group-A3037D40E172:t144, leader=null, voted=f143d5cf-4038-4fa8-8601-f5a45f16ca3e, raftlog=f143d5cf-4038-4fa8-8601-f5a45f16ca3e@group-A3037D40E172-SegmentedRaftLog:OPENED:c-1,f-1,i0, conf=-1: [f143d5cf-4038-4fa8-8601-f5a45f16ca3e:192.168.69.71:40169, 2543ffea-c5c6-4af0-856f-eb846bad755a:192.168.69.71:45287, 61d14648-e80d-4cd8-9e7c-6deb2f21aca8:192.168.69.71:42247], old=null
2019-10-19 01:14:39,939 [f143d5cf-4038-4fa8-8601-f5a45f16ca3e@group-A3037D40E172-LeaderElection876] INFO  impl.RaftServerImpl (RaftServerImpl.java:setRole(184)) - f143d5cf-4038-4fa8-8601-f5a45f16ca3e@group-A3037D40E172: changes role from CANDIDATE to FOLLOWER at term 144 for DISCOVERED_A_NEW_TERM
2019-10-19 01:14:39,939 [f143d5cf-4038-4fa8-8601-f5a45f16ca3e@group-A3037D40E172-LeaderElection876] INFO  impl.RoleInfo (RoleInfo.java:shutdownLeaderElection(134)) - f143d5cf-4038-4fa8-8601-f5a45f16ca3e: shutdown LeaderElection
2019-10-19 01:14:39,939 [f143d5cf-4038-4fa8-8601-f5a45f16ca3e@group-A3037D40E172-LeaderElection876] INFO  impl.RoleInfo (RoleInfo.java:updateAndGet(143)) - f143d5cf-4038-4fa8-8601-f5a45f16ca3e: start FollowerState
2019-10-19 01:14:40,015 [Thread-8064] INFO  impl.FollowerState (FollowerState.java:run(108)) - 9c2d914d-67b1-4af9-8080-4d6ee007b506@group-20FCFA0487C4-FollowerState: change to CANDIDATE, lastRpcTime:189ms, electionTimeout:189ms
2019-10-19 01:14:40,015 [Thread-8064] INFO  impl.RoleInfo (RoleInfo.java:shutdownFollowerState(121)) - 9c2d914d-67b1-4af9-8080-4d6ee007b506: shutdown FollowerState
2019-10-19 01:14:40,015 [Thread-8064] INFO  impl.RaftServerImpl (RaftServerImpl.java:setRole(184)) - 9c2d914d-67b1-4af9-8080-4d6ee007b506@group-20FCFA0487C4: changes role from  FOLLOWER to CANDIDATE at term 137 for changeToCandidate
2019-10-19 01:14:40,015 [Thread-8064] INFO  impl.RoleInfo (RoleInfo.java:updateAndGet(143)) - 9c2d914d-67b1-4af9-8080-4d6ee007b506: start LeaderElection
2019-10-19 01:14:40,028 [9c2d914d-67b1-4af9-8080-4d6ee007b506@group-20FCFA0487C4-LeaderElection877] INFO  impl.LeaderElection (LeaderElection.java:askForVotes(178)) - 9c2d914d-67b1-4af9-8080-4d6ee007b506@group-20FCFA0487C4-LeaderElection877: begin an election at term 138 for -1: [88be3607-7667-471c-9070-7dfd13eb5ac8:192.168.69.71:32925, 9c2d914d-67b1-4af9-8080-4d6ee007b506:192.168.69.71:35462, 61d0b7dc-5f8b-422f-8693-c58167224d24:192.168.69.71:43479], old=null
2019-10-19 01:14:40,030 [grpc-default-executor-3] INFO  impl.RaftServerImpl (RaftServerImpl.java:setRole(184)) - 88be3607-7667-471c-9070-7dfd13eb5ac8@group-20FCFA0487C4: changes role from  FOLLOWER to FOLLOWER at term 138 for recognizeCandidate:9c2d914d-67b1-4af9-8080-4d6ee007b506
2019-10-19 01:14:40,030 [grpc-default-executor-3] INFO  impl.RoleInfo (RoleInfo.java:shutdownFollowerState(121)) - 88be3607-7667-471c-9070-7dfd13eb5ac8: shutdown FollowerState
2019-10-19 01:14:40,030 [grpc-default-executor-9] INFO  impl.RaftServerImpl (RaftServerImpl.java:setRole(184)) - 61d0b7dc-5f8b-422f-8693-c58167224d24@group-20FCFA0487C4: changes role from  FOLLOWER to FOLLOWER at term 138 for recognizeCandidate:9c2d914d-67b1-4af9-8080-4d6ee007b506
2019-10-19 01:14:40,030 [Thread-8063] INFO  impl.FollowerState (FollowerState.java:run(117)) - 88be3607-7667-471c-9070-7dfd13eb5ac8@group-20FCFA0487C4-FollowerState was interrupted: java.lang.InterruptedException: sleep interrupted
2019-10-19 01:14:40,030 [grpc-default-executor-3] INFO  impl.RoleInfo (RoleInfo.java:updateAndGet(143)) - 88be3607-7667-471c-9070-7dfd13eb5ac8: start FollowerState
2019-10-19 01:14:40,030 [grpc-default-executor-9] INFO  impl.RoleInfo (RoleInfo.java:shutdownFollowerState(121)) - 61d0b7dc-5f8b-422f-8693-c58167224d24: shutdown FollowerState
2019-10-19 01:14:40,030 [grpc-default-executor-9] INFO  impl.RoleInfo (RoleInfo.java:updateAndGet(143)) - 61d0b7dc-5f8b-422f-8693-c58167224d24: start FollowerState
2019-10-19 01:14:40,030 [Thread-8062] INFO  impl.FollowerState (FollowerState.java:run(117)) - 61d0b7dc-5f8b-422f-8693-c58167224d24@group-20FCFA0487C4-FollowerState was interrupted: java.lang.InterruptedException: sleep interrupted
2019-10-19 01:14:40,043 [9c2d914d-67b1-4af9-8080-4d6ee007b506@group-20FCFA0487C4-LeaderElection877] INFO  impl.LeaderElection (LeaderElection.java:logAndReturn(56)) - 9c2d914d-67b1-4af9-8080-4d6ee007b506@group-20FCFA0487C4-LeaderElection877: Election REJECTED; received 2 response(s) [9c2d914d-67b1-4af9-8080-4d6ee007b506<-88be3607-7667-471c-9070-7dfd13eb5ac8#0:FAIL-t138, 9c2d914d-67b1-4af9-8080-4d6ee007b506<-61d0b7dc-5f8b-422f-8693-c58167224d24#0:FAIL-t138] and 0 exception(s); 9c2d914d-67b1-4af9-8080-4d6ee007b506@group-20FCFA0487C4:t138, leader=null, voted=9c2d914d-67b1-4af9-8080-4d6ee007b506, raftlog=9c2d914d-67b1-4af9-8080-4d6ee007b506@group-20FCFA0487C4-SegmentedRaftLog:OPENED:c-1,f-1,i0, conf=-1: [88be3607-7667-471c-9070-7dfd13eb5ac8:192.168.69.71:32925, 9c2d914d-67b1-4af9-8080-4d6ee007b506:192.168.69.71:35462, 61d0b7dc-5f8b-422f-8693-c58167224d24:192.168.69.71:43479], old=null
2019-10-19 01:14:40,043 [9c2d914d-67b1-4af9-8080-4d6ee007b506@group-20FCFA0487C4-LeaderElection877] INFO  impl.RaftServerImpl (RaftServerImpl.java:setRole(184)) - 9c2d914d-67b1-4af9-8080-4d6ee007b506@group-20FCFA0487C4: changes role from CANDIDATE to FOLLOWER at term 138 for DISCOVERED_A_NEW_TERM
2019-10-19 01:14:40,043 [9c2d914d-67b1-4af9-8080-4d6ee007b506@group-20FCFA0487C4-LeaderElection877] INFO  impl.RoleInfo (RoleInfo.java:shutdownLeaderElection(134)) - 9c2d914d-67b1-4af9-8080-4d6ee007b506: shutdown LeaderElection
2019-10-19 01:14:40,044 [9c2d914d-67b1-4af9-8080-4d6ee007b506@group-20FCFA0487C4-LeaderElection877] INFO  impl.RoleInfo (RoleInfo.java:updateAndGet(143)) - 9c2d914d-67b1-4af9-8080-4d6ee007b506: start FollowerState
2019-10-19 01:14:40,110 [Thread-8070] INFO  impl.FollowerState (FollowerState.java:run(108)) - f143d5cf-4038-4fa8-8601-f5a45f16ca3e@group-A3037D40E172-FollowerState: change to CANDIDATE, lastRpcTime:170ms, electionTimeout:170ms
2019-10-19 01:14:40,110 [Thread-8070] INFO  impl.RoleInfo (RoleInfo.java:shutdownFollowerState(121)) - f143d5cf-4038-4fa8-8601-f5a45f16ca3e: shutdown FollowerState
2019-10-19 01:14:40,110 [Thread-8070] INFO  impl.RaftServerImpl (RaftServerImpl.java:setRole(184)) - f143d5cf-4038-4fa8-8601-f5a45f16ca3e@group-A3037D40E172: changes role from  FOLLOWER to CANDIDATE at term 144 for changeToCandidate
2019-10-19 01:14:40,110 [Thread-8070] INFO  impl.RoleInfo (RoleInfo.java:updateAndGet(143)) - f143d5cf-4038-4fa8-8601-f5a45f16ca3e: start LeaderElection
2019-10-19 01:14:40,123 [f143d5cf-4038-4fa8-8601-f5a45f16ca3e@group-A3037D40E172-LeaderElection878] INFO  impl.LeaderElection (LeaderElection.java:askForVotes(178)) - f143d5cf-4038-4fa8-8601-f5a45f16ca3e@group-A3037D40E172-LeaderElection878: begin an election at term 145 for -1: [f143d5cf-4038-4fa8-8601-f5a45f16ca3e:192.168.69.71:40169, 2543ffea-c5c6-4af0-856f-eb846bad755a:192.168.69.71:45287, 61d14648-e80d-4cd8-9e7c-6deb2f21aca8:192.168.69.71:42247], old=null
2019-10-19 01:14:40,125 [grpc-default-executor-9] INFO  impl.RaftServerImpl (RaftServerImpl.java:setRole(184)) - 2543ffea-c5c6-4af0-856f-eb846bad755a@group-A3037D40E172: changes role from  FOLLOWER to FOLLOWER at term 145 for recognizeCandidate:f143d5cf-4038-4fa8-8601-f5a45f16ca3e
2019-10-19 01:14:40,125 [grpc-default-executor-9] INFO  impl.RoleInfo (RoleInfo.java:shutdownFollowerState(121)) - 2543ffea-c5c6-4af0-856f-eb846bad755a: shutdown FollowerState
2019-10-19 01:14:40,126 [grpc-default-executor-9] INFO  impl.RoleInfo (RoleInfo.java:updateAndGet(143)) - 2543ffea-c5c6-4af0-856f-eb846bad755a: start FollowerState
2019-10-19 01:14:40,126 [Thread-8069] INFO  impl.FollowerState (FollowerState.java:run(117)) - 2543ffea-c5c6-4af0-856f-eb846bad755a@group-A3037D40E172-FollowerState was interrupted: java.lang.InterruptedException: sleep interrupted
2019-10-19 01:14:40,129 [grpc-default-executor-3] INFO  impl.RaftServerImpl (RaftServerImpl.java:setRole(184)) - 61d14648-e80d-4cd8-9e7c-6deb2f21aca8@group-A3037D40E172: changes role from  FOLLOWER to FOLLOWER at term 145 for recognizeCandidate:f143d5cf-4038-4fa8-8601-f5a45f16ca3e
2019-10-19 01:14:40,129 [grpc-default-executor-3] INFO  impl.RoleInfo (RoleInfo.java:shutdownFollowerState(121)) - 61d14648-e80d-4cd8-9e7c-6deb2f21aca8: shutdown FollowerState
2019-10-19 01:14:40,129 [grpc-default-executor-3] INFO  impl.RoleInfo (RoleInfo.java:updateAndGet(143)) - 61d14648-e80d-4cd8-9e7c-6deb2f21aca8: start FollowerState
2019-10-19 01:14:40,129 [Thread-8068] INFO  impl.FollowerState (FollowerState.java:run(117)) - 61d14648-e80d-4cd8-9e7c-6deb2f21aca8@group-A3037D40E172-FollowerState was interrupted: java.lang.InterruptedException: sleep interrupted
2019-10-19 01:14:40,143 [f143d5cf-4038-4fa8-8601-f5a45f16ca3e@group-A3037D40E172-LeaderElection878] INFO  impl.LeaderElection (LeaderElection.java:logAndReturn(56)) - f143d5cf-4038-4fa8-8601-f5a45f16ca3e@group-A3037D40E172-LeaderElection878: Election TIMEOUT; received 0 response(s) [] and 0 exception(s); f143d5cf-4038-4fa8-8601-f5a45f16ca3e@group-A3037D40E172:t145, leader=null, voted=f143d5cf-4038-4fa8-8601-f5a45f16ca3e, raftlog=f143d5cf-4038-4fa8-8601-f5a45f16ca3e@group-A3037D40E172-SegmentedRaftLog:OPENED:c-1,f-1,i0, conf=-1: [f143d5cf-4038-4fa8-8601-f5a45f16ca3e:192.168.69.71:40169, 2543ffea-c5c6-4af0-856f-eb846bad755a:192.168.69.71:45287, 61d14648-e80d-4cd8-9e7c-6deb2f21aca8:192.168.69.71:42247], old=null
2019-10-19 01:14:40,153 [Thread-8076] INFO  impl.FollowerState (FollowerState.java:run(108)) - 9c2d914d-67b1-4af9-8080-4d6ee007b506@group-20FCFA0487C4-FollowerState: change to CANDIDATE, lastRpcTime:109ms, electionTimeout:109ms
2019-10-19 01:14:40,154 [Thread-8076] INFO  impl.RoleInfo (RoleInfo.java:shutdownFollowerState(121)) - 9c2d914d-67b1-4af9-8080-4d6ee007b506: shutdown FollowerState
2019-10-19 01:14:40,154 [Thread-8076] INFO  impl.RaftServerImpl (RaftServerImpl.java:setRole(184)) - 9c2d914d-67b1-4af9-8080-4d6ee007b506@group-20FCFA0487C4: changes role from  FOLLOWER to CANDIDATE at term 138 for changeToCandidate
2019-10-19 01:14:40,159 [f143d5cf-4038-4fa8-8601-f5a45f16ca3e@group-A3037D40E172-LeaderElection878] INFO  impl.LeaderElection (LeaderElection.java:askForVotes(178)) - f143d5cf-4038-4fa8-8601-f5a45f16ca3e@group-A3037D40E172-LeaderElection878: begin an election at term 146 for -1: [f143d5cf-4038-4fa8-8601-f5a45f16ca3e:192.168.69.71:40169, 2543ffea-c5c6-4af0-856f-eb846bad755a:192.168.69.71:45287, 61d14648-e80d-4cd8-9e7c-6deb2f21aca8:192.168.69.71:42247], old=null
2019-10-19 01:14:40,159 [Thread-8076] INFO  impl.RoleInfo (RoleInfo.java:updateAndGet(143)) - 9c2d914d-67b1-4af9-8080-4d6ee007b506: start LeaderElection
2019-10-19 01:14:40,161 [grpc-default-executor-3] INFO  impl.RaftServerImpl (RaftServerImpl.java:setRole(184)) - 2543ffea-c5c6-4af0-856f-eb846bad755a@group-A3037D40E172: changes role from  FOLLOWER to FOLLOWER at term 146 for recognizeCandidate:f143d5cf-4038-4fa8-8601-f5a45f16ca3e
2019-10-19 01:14:40,162 [grpc-default-executor-3] INFO  impl.RoleInfo (RoleInfo.java:shutdownFollowerState(121)) - 2543ffea-c5c6-4af0-856f-eb846bad755a: shutdown FollowerState
2019-10-19 01:14:40,162 [grpc-default-executor-9] INFO  impl.RaftServerImpl (RaftServerImpl.java:setRole(184)) - 61d14648-e80d-4cd8-9e7c-6deb2f21aca8@group-A3037D40E172: changes role from  FOLLOWER to FOLLOWER at term 146 for recognizeCandidate:f143d5cf-4038-4fa8-8601-f5a45f16ca3e
2019-10-19 01:14:40,162 [grpc-default-executor-9] INFO  impl.RoleInfo (RoleInfo.java:shutdownFollowerState(121)) - 61d14648-e80d-4cd8-9e7c-6deb2f21aca8: shutdown FollowerState
2019-10-19 01:14:40,162 [Thread-8080] INFO  impl.FollowerState (FollowerState.java:run(117)) - 2543ffea-c5c6-4af0-856f-eb846bad755a@group-A3037D40E172-FollowerState was interrupted: java.lang.InterruptedException: sleep interrupted
2019-10-19 01:14:40,162 [grpc-default-executor-3] INFO  impl.RoleInfo (RoleInfo.java:updateAndGet(143)) - 2543ffea-c5c6-4af0-856f-eb846bad755a: start FollowerState
2019-10-19 01:14:40,162 [Thread-8081] INFO  impl.FollowerState (FollowerState.java:run(117)) - 61d14648-e80d-4cd8-9e7c-6deb2f21aca8@group-A3037D40E172-FollowerState was interrupted: java.lang.InterruptedException: sleep interrupted
2019-10-19 01:14:40,162 [grpc-default-executor-9] INFO  impl.RoleInfo (RoleInfo.java:updateAndGet(143)) - 61d14648-e80d-4cd8-9e7c-6deb2f21aca8: start FollowerState
2019-10-19 01:14:40,174 [9c2d914d-67b1-4af9-8080-4d6ee007b506@group-20FCFA0487C4-LeaderElection879] INFO  impl.LeaderElection (LeaderElection.java:askForVotes(178)) - 9c2d914d-67b1-4af9-8080-4d6ee007b506@group-20FCFA0487C4-LeaderElection879: begin an election at term 139 for -1: [88be3607-7667-471c-9070-7dfd13eb5ac8:192.168.69.71:32925, 9c2d914d-67b1-4af9-8080-4d6ee007b506:192.168.69.71:35462, 61d0b7dc-5f8b-422f-8693-c58167224d24:192.168.69.71:43479], old=null
2019-10-19 01:14:40,174 [f143d5cf-4038-4fa8-8601-f5a45f16ca3e@group-A3037D40E172-LeaderElection878] INFO  impl.LeaderElection (LeaderElection.java:logAndReturn(56)) - f143d5cf-4038-4fa8-8601-f5a45f16ca3e@group-A3037D40E172-LeaderElection878: Election REJECTED; received 2 response(s) [f143d5cf-4038-4fa8-8601-f5a45f16ca3e<-2543ffea-c5c6-4af0-856f-eb846bad755a#0:FAIL-t146, f143d5cf-4038-4fa8-8601-f5a45f16ca3e<-61d14648-e80d-4cd8-9e7c-6deb2f21aca8#0:FAIL-t146] and 0 exception(s); f143d5cf-4038-4fa8-8601-f5a45f16ca3e@group-A3037D40E172:t146, leader=null, voted=f143d5cf-4038-4fa8-8601-f5a45f16ca3e, raftlog=f143d5cf-4038-4fa8-8601-f5a45f16ca3e@group-A3037D40E172-SegmentedRaftLog:OPENED:c-1,f-1,i0, conf=-1: [f143d5cf-4038-4fa8-8601-f5a45f16ca3e:192.168.69.71:40169, 2543ffea-c5c6-4af0-856f-eb846bad755a:192.168.69.71:45287, 61d14648-e80d-4cd8-9e7c-6deb2f21aca8:192.168.69.71:42247], old=null
2019-10-19 01:14:40,175 [f143d5cf-4038-4fa8-8601-f5a45f16ca3e@group-A3037D40E172-LeaderElection878] INFO  impl.RaftServerImpl (RaftServerImpl.java:setRole(184)) - f143d5cf-4038-4fa8-8601-f5a45f16ca3e@group-A3037D40E172: changes role from CANDIDATE to FOLLOWER at term 146 for DISCOVERED_A_NEW_TERM
2019-10-19 01:14:40,175 [f143d5cf-4038-4fa8-8601-f5a45f16ca3e@group-A3037D40E172-LeaderElection878] INFO  impl.RoleInfo (RoleInfo.java:shutdownLeaderElection(134)) - f143d5cf-4038-4fa8-8601-f5a45f16ca3e: shutdown LeaderElection
2019-10-19 01:14:40,175 [f143d5cf-4038-4fa8-8601-f5a45f16ca3e@group-A3037D40E172-LeaderElection878] INFO  impl.RoleInfo (RoleInfo.java:updateAndGet(143)) - f143d5cf-4038-4fa8-8601-f5a45f16ca3e: start FollowerState
2019-10-19 01:14:40,175 [grpc-default-executor-9] INFO  impl.RaftServerImpl (RaftServerImpl.java:setRole(184)) - 88be3607-7667-471c-9070-7dfd13eb5ac8@group-20FCFA0487C4: changes role from  FOLLOWER to FOLLOWER at term 139 for recognizeCandidate:9c2d914d-67b1-4af9-8080-4d6ee007b506
2019-10-19 01:14:40,175 [grpc-default-executor-9] INFO  impl.RoleInfo (RoleInfo.java:shutdownFollowerState(121)) - 88be3607-7667-471c-9070-7dfd13eb5ac8: shutdown FollowerState
2019-10-19 01:14:40,175 [grpc-default-executor-9] INFO  impl.RoleInfo (RoleInfo.java:updateAndGet(143)) - 88be3607-7667-471c-9070-7dfd13eb5ac8: start FollowerState
2019-10-19 01:14:40,175 [Thread-8074] INFO  impl.FollowerState (FollowerState.java:run(117)) - 88be3607-7667-471c-9070-7dfd13eb5ac8@group-20FCFA0487C4-FollowerState was interrupted: java.lang.InterruptedException: sleep interrupted
2019-10-19 01:14:40,175 [grpc-default-executor-3] INFO  impl.RaftServerImpl (RaftServerImpl.java:setRole(184)) - 61d0b7dc-5f8b-422f-8693-c58167224d24@group-20FCFA0487C4: changes role from  FOLLOWER to FOLLOWER at term 139 for recognizeCandidate:9c2d914d-67b1-4af9-8080-4d6ee007b506
2019-10-19 01:14:40,175 [grpc-default-executor-3] INFO  impl.RoleInfo (RoleInfo.java:shutdownFollowerState(121)) - 61d0b7dc-5f8b-422f-8693-c58167224d24: shutdown FollowerState
2019-10-19 01:14:40,175 [grpc-default-executor-3] INFO  impl.RoleInfo (RoleInfo.java:updateAndGet(143)) - 61d0b7dc-5f8b-422f-8693-c58167224d24: start FollowerState
2019-10-19 01:14:40,175 [Thread-8075] INFO  impl.FollowerState (FollowerState.java:run(117)) - 61d0b7dc-5f8b-422f-8693-c58167224d24@group-20FCFA0487C4-FollowerState was interrupted: java.lang.InterruptedException: sleep interrupted
2019-10-19 01:14:40,188 [9c2d914d-67b1-4af9-8080-4d6ee007b506@group-20FCFA0487C4-LeaderElection879] INFO  impl.LeaderElection (LeaderElection.java:logAndReturn(56)) - 9c2d914d-67b1-4af9-8080-4d6ee007b506@group-20FCFA0487C4-LeaderElection879: Election REJECTED; received 2 response(s) [9c2d914d-67b1-4af9-8080-4d6ee007b506<-88be3607-7667-471c-9070-7dfd13eb5ac8#0:FAIL-t139, 9c2d914d-67b1-4af9-8080-4d6ee007b506<-61d0b7dc-5f8b-422f-8693-c58167224d24#0:FAIL-t139] and 0 exception(s); 9c2d914d-67b1-4af9-8080-4d6ee007b506@group-20FCFA0487C4:t139, leader=null, voted=9c2d914d-67b1-4af9-8080-4d6ee007b506, raftlog=9c2d914d-67b1-4af9-8080-4d6ee007b506@group-20FCFA0487C4-SegmentedRaftLog:OPENED:c-1,f-1,i0, conf=-1: [88be3607-7667-471c-9070-7dfd13eb5ac8:192.168.69.71:32925, 9c2d914d-67b1-4af9-8080-4d6ee007b506:192.168.69.71:35462, 61d0b7dc-5f8b-422f-8693-c58167224d24:192.168.69.71:43479], old=null
2019-10-19 01:14:40,188 [9c2d914d-67b1-4af9-8080-4d6ee007b506@group-20FCFA0487C4-LeaderElection879] INFO  impl.RaftServerImpl (RaftServerImpl.java:setRole(184)) - 9c2d914d-67b1-4af9-8080-4d6ee007b506@group-20FCFA0487C4: changes role from CANDIDATE to FOLLOWER at term 139 for DISCOVERED_A_NEW_TERM
2019-10-19 01:14:40,188 [9c2d914d-67b1-4af9-8080-4d6ee007b506@group-20FCFA0487C4-LeaderElection879] INFO  impl.RoleInfo (RoleInfo.java:shutdownLeaderElection(134)) - 9c2d914d-67b1-4af9-8080-4d6ee007b506: shutdown LeaderElection
2019-10-19 01:14:40,189 [9c2d914d-67b1-4af9-8080-4d6ee007b506@group-20FCFA0487C4-LeaderElection879] INFO  impl.RoleInfo (RoleInfo.java:updateAndGet(143)) - 9c2d914d-67b1-4af9-8080-4d6ee007b506: start FollowerState
2019-10-19 01:14:40,330 [Thread-8096] INFO  impl.FollowerState (FollowerState.java:run(108)) - 9c2d914d-67b1-4af9-8080-4d6ee007b506@group-20FCFA0487C4-FollowerState: change to CANDIDATE, lastRpcTime:141ms, electionTimeout:141ms
2019-10-19 01:14:40,330 [Thread-8096] INFO  impl.RoleInfo (RoleInfo.java:shutdownFollowerState(121)) - 9c2d914d-67b1-4af9-8080-4d6ee007b506: shutdown FollowerState
2019-10-19 01:14:40,330 [Thread-8096] INFO  impl.RaftServerImpl (RaftServerImpl.java:setRole(184)) - 9c2d914d-67b1-4af9-8080-4d6ee007b506@group-20FCFA0487C4: changes role from  FOLLOWER to CANDIDATE at term 139 for changeToCandidate
2019-10-19 01:14:40,332 [Thread-8096] INFO  impl.RoleInfo (RoleInfo.java:updateAndGet(143)) - 9c2d914d-67b1-4af9-8080-4d6ee007b506: start LeaderElection
2019-10-19 01:14:40,345 [9c2d914d-67b1-4af9-8080-4d6ee007b506@group-20FCFA0487C4-LeaderElection880] INFO  impl.LeaderElection (LeaderElection.java:askForVotes(178)) - 9c2d914d-67b1-4af9-8080-4d6ee007b506@group-20FCFA0487C4-LeaderElection880: begin an election at term 140 for -1: [88be3607-7667-471c-9070-7dfd13eb5ac8:192.168.69.71:32925, 9c2d914d-67b1-4af9-8080-4d6ee007b506:192.168.69.71:35462, 61d0b7dc-5f8b-422f-8693-c58167224d24:192.168.69.71:43479], old=null
2019-10-19 01:14:40,346 [grpc-default-executor-3] INFO  impl.RaftServerImpl (RaftServerImpl.java:setRole(184)) - 61d0b7dc-5f8b-422f-8693-c58167224d24@group-20FCFA0487C4: changes role from  FOLLOWER to FOLLOWER at term 140 for recognizeCandidate:9c2d914d-67b1-4af9-8080-4d6ee007b506
2019-10-19 01:14:40,346 [grpc-default-executor-9] INFO  impl.RaftServerImpl (RaftServerImpl.java:setRole(184)) - 88be3607-7667-471c-9070-7dfd13eb5ac8@group-20FCFA0487C4: changes role from  FOLLOWER to FOLLOWER at term 140 for recognizeCandidate:9c2d914d-67b1-4af9-8080-4d6ee007b506
2019-10-19 01:14:40,347 [grpc-default-executor-3] INFO  impl.RoleInfo (RoleInfo.java:shutdownFollowerState(121)) - 61d0b7dc-5f8b-422f-8693-c58167224d24: shutdown FollowerState
2019-10-19 01:14:40,347 [grpc-default-executor-9] INFO  impl.RoleInfo (RoleInfo.java:shutdownFollowerState(121)) - 88be3607-7667-471c-9070-7dfd13eb5ac8: shutdown FollowerState
2019-10-19 01:14:40,347 [Thread-8095] INFO  impl.FollowerState (FollowerState.java:run(117)) - 61d0b7dc-5f8b-422f-8693-c58167224d24@group-20FCFA0487C4-FollowerState was interrupted: java.lang.InterruptedException: sleep interrupted
2019-10-19 01:14:40,347 [grpc-default-executor-3] INFO  impl.RoleInfo (RoleInfo.java:updateAndGet(143)) - 61d0b7dc-5f8b-422f-8693-c58167224d24: start FollowerState
2019-10-19 01:14:40,347 [Thread-8094] INFO  impl.FollowerState (FollowerState.java:run(117)) - 88be3607-7667-471c-9070-7dfd13eb5ac8@group-20FCFA0487C4-FollowerState was interrupted: java.lang.InterruptedException: sleep interrupted
2019-10-19 01:14:40,347 [grpc-default-executor-9] INFO  impl.RoleInfo (RoleInfo.java:updateAndGet(143)) - 88be3607-7667-471c-9070-7dfd13eb5ac8: start FollowerState
2019-10-19 01:14:40,358 [Thread-8093] INFO  impl.FollowerState (FollowerState.java:run(108)) - f143d5cf-4038-4fa8-8601-f5a45f16ca3e@group-A3037D40E172-FollowerState: change to CANDIDATE, lastRpcTime:183ms, electionTimeout:183ms
2019-10-19 01:14:40,358 [Thread-8093] INFO  impl.RoleInfo (RoleInfo.java:shutdownFollowerState(121)) - f143d5cf-4038-4fa8-8601-f5a45f16ca3e: shutdown FollowerState
2019-10-19 01:14:40,358 [Thread-8093] INFO  impl.RaftServerImpl (RaftServerImpl.java:setRole(184)) - f143d5cf-4038-4fa8-8601-f5a45f16ca3e@group-A3037D40E172: changes role from  FOLLOWER to CANDIDATE at term 146 for changeToCandidate
2019-10-19 01:14:40,358 [Thread-8093] INFO  impl.RoleInfo (RoleInfo.java:updateAndGet(143)) - f143d5cf-4038-4fa8-8601-f5a45f16ca3e: start LeaderElection
2019-10-19 01:14:40,367 [f143d5cf-4038-4fa8-8601-f5a45f16ca3e@group-A3037D40E172-LeaderElection881] INFO  impl.LeaderElection (LeaderElection.java:askForVotes(178)) - f143d5cf-4038-4fa8-8601-f5a45f16ca3e@group-A3037D40E172-LeaderElection881: begin an election at term 147 for -1: [f143d5cf-4038-4fa8-8601-f5a45f16ca3e:192.168.69.71:40169, 2543ffea-c5c6-4af0-856f-eb846bad755a:192.168.69.71:45287, 61d14648-e80d-4cd8-9e7c-6deb2f21aca8:192.168.69.71:42247], old=null
2019-10-19 01:14:40,367 [9c2d914d-67b1-4af9-8080-4d6ee007b506@group-20FCFA0487C4-LeaderElection880] INFO  impl.LeaderElection (LeaderElection.java:logAndReturn(56)) - 9c2d914d-67b1-4af9-8080-4d6ee007b506@group-20FCFA0487C4-LeaderElection880: Election REJECTED; received 2 response(s) [9c2d914d-67b1-4af9-8080-4d6ee007b506<-88be3607-7667-471c-9070-7dfd13eb5ac8#0:FAIL-t140, 9c2d914d-67b1-4af9-8080-4d6ee007b506<-61d0b7dc-5f8b-422f-8693-c58167224d24#0:FAIL-t140] and 0 exception(s); 9c2d914d-67b1-4af9-8080-4d6ee007b506@group-20FCFA0487C4:t140, leader=null, voted=9c2d914d-67b1-4af9-8080-4d6ee007b506, raftlog=9c2d914d-67b1-4af9-8080-4d6ee007b506@group-20FCFA0487C4-SegmentedRaftLog:OPENED:c-1,f-1,i0, conf=-1: [88be3607-7667-471c-9070-7dfd13eb5ac8:192.168.69.71:32925, 9c2d914d-67b1-4af9-8080-4d6ee007b506:192.168.69.71:35462, 61d0b7dc-5f8b-422f-8693-c58167224d24:192.168.69.71:43479], old=null
2019-10-19 01:14:40,367 [9c2d914d-67b1-4af9-8080-4d6ee007b506@group-20FCFA0487C4-LeaderElection880] INFO  impl.RaftServerImpl (RaftServerImpl.java:setRole(184)) - 9c2d914d-67b1-4af9-8080-4d6ee007b506@group-20FCFA0487C4: changes role from CANDIDATE to FOLLOWER at term 140 for DISCOVERED_A_NEW_TERM
2019-10-19 01:14:40,367 [9c2d914d-67b1-4af9-8080-4d6ee007b506@group-20FCFA0487C4-LeaderElection880] INFO  impl.RoleInfo (RoleInfo.java:shutdownLeaderElection(134)) - 9c2d914d-67b1-4af9-8080-4d6ee007b506: shutdown LeaderElection
2019-10-19 01:14:40,367 [9c2d914d-67b1-4af9-8080-4d6ee007b506@group-20FCFA0487C4-LeaderElection880] INFO  impl.RoleInfo (RoleInfo.java:updateAndGet(143)) - 9c2d914d-67b1-4af9-8080-4d6ee007b506: start FollowerState
2019-10-19 01:14:40,368 [grpc-default-executor-9] INFO  impl.RaftServerImpl (RaftServerImpl.java:setRole(184)) - 2543ffea-c5c6-4af0-856f-eb846bad755a@group-A3037D40E172: changes role from  FOLLOWER to FOLLOWER at term 147 for recognizeCandidate:f143d5cf-4038-4fa8-8601-f5a45f16ca3e
2019-10-19 01:14:40,368 [grpc-default-executor-9] INFO  impl.RoleInfo (RoleInfo.java:shutdownFollowerState(121)) - 2543ffea-c5c6-4af0-856f-eb846bad755a: shutdown FollowerState
2019-10-19 01:14:40,368 [grpc-default-executor-3] INFO  impl.RaftServerImpl (RaftServerImpl.java:setRole(184)) - 61d14648-e80d-4cd8-9e7c-6deb2f21aca8@group-A3037D40E172: changes role from  FOLLOWER to FOLLOWER at term 147 for recognizeCandidate:f143d5cf-4038-4fa8-8601-f5a45f16ca3e
2019-10-19 01:14:40,368 [grpc-default-executor-3] INFO  impl.RoleInfo (RoleInfo.java:shutdownFollowerState(121)) - 61d14648-e80d-4cd8-9e7c-6deb2f21aca8: shutdown FollowerState
2019-10-19 01:14:40,368 [Thread-8089] INFO  impl.FollowerState (FollowerState.java:run(117)) - 2543ffea-c5c6-4af0-856f-eb846bad755a@group-A3037D40E172-FollowerState was interrupted: java.lang.InterruptedException: sleep interrupted
2019-10-19 01:14:40,368 [grpc-default-executor-9] INFO  impl.RoleInfo (RoleInfo.java:updateAndGet(143)) - 2543ffea-c5c6-4af0-856f-eb846bad755a: start FollowerState
2019-10-19 01:14:40,368 [Thread-8090] INFO  impl.FollowerState (FollowerState.java:run(117)) - 61d14648-e80d-4cd8-9e7c-6deb2f21aca8@group-A3037D40E172-FollowerState was interrupted: java.lang.InterruptedException: sleep interrupted
2019-10-19 01:14:40,368 [grpc-default-executor-3] INFO  impl.RoleInfo (RoleInfo.java:updateAndGet(143)) - 61d14648-e80d-4cd8-9e7c-6deb2f21aca8: start FollowerState
2019-10-19 01:14:40,407 [f143d5cf-4038-4fa8-8601-f5a45f16ca3e@group-A3037D40E172-LeaderElection881] INFO  impl.LeaderElection (LeaderElection.java:logAndReturn(56)) - f143d5cf-4038-4fa8-8601-f5a45f16ca3e@group-A3037D40E172-LeaderElection881: Election REJECTED; received 2 response(s) [f143d5cf-4038-4fa8-8601-f5a45f16ca3e<-2543ffea-c5c6-4af0-856f-eb846bad755a#0:FAIL-t147, f143d5cf-4038-4fa8-8601-f5a45f16ca3e<-61d14648-e80d-4cd8-9e7c-6deb2f21aca8#0:FAIL-t147] and 0 exception(s); f143d5cf-4038-4fa8-8601-f5a45f16ca3e@group-A3037D40E172:t147, leader=null, voted=f143d5cf-4038-4fa8-8601-f5a45f16ca3e, raftlog=f143d5cf-4038-4fa8-8601-f5a45f16ca3e@group-A3037D40E172-SegmentedRaftLog:OPENED:c-1,f-1,i0, conf=-1: [f143d5cf-4038-4fa8-8601-f5a45f16ca3e:192.168.69.71:40169, 2543ffea-c5c6-4af0-856f-eb846bad755a:192.168.69.71:45287, 61d14648-e80d-4cd8-9e7c-6deb2f21aca8:192.168.69.71:42247], old=null
2019-10-19 01:14:40,407 [f143d5cf-4038-4fa8-8601-f5a45f16ca3e@group-A3037D40E172-LeaderElection881] INFO  impl.RaftServerImpl (RaftServerImpl.java:setRole(184)) - f143d5cf-4038-4fa8-8601-f5a45f16ca3e@group-A3037D40E172: changes role from CANDIDATE to FOLLOWER at term 147 for DISCOVERED_A_NEW_TERM
2019-10-19 01:14:40,407 [f143d5cf-4038-4fa8-8601-f5a45f16ca3e@group-A3037D40E172-LeaderElection881] INFO  impl.RoleInfo (RoleInfo.java:shutdownLeaderElection(134)) - f143d5cf-4038-4fa8-8601-f5a45f16ca3e: shutdown LeaderElection
2019-10-19 01:14:40,407 [f143d5cf-4038-4fa8-8601-f5a45f16ca3e@group-A3037D40E172-LeaderElection881] INFO  impl.RoleInfo (RoleInfo.java:updateAndGet(143)) - f143d5cf-4038-4fa8-8601-f5a45f16ca3e: start FollowerState
2019-10-19 01:14:40,552 [Thread-8105] INFO  impl.FollowerState (FollowerState.java:run(108)) - 9c2d914d-67b1-4af9-8080-4d6ee007b506@group-20FCFA0487C4-FollowerState: change to CANDIDATE, lastRpcTime:184ms, electionTimeout:184ms
2019-10-19 01:14:40,552 [Thread-8105] INFO  impl.RoleInfo (RoleInfo.java:shutdownFollowerState(121)) - 9c2d914d-67b1-4af9-8080-4d6ee007b506: shutdown FollowerState
2019-10-19 01:14:40,552 [Thread-8105] INFO  impl.RaftServerImpl (RaftServerImpl.java:setRole(184)) - 9c2d914d-67b1-4af9-8080-4d6ee007b506@group-20FCFA0487C4: changes role from  FOLLOWER to CANDIDATE at term 140 for changeToCandidate
2019-10-19 01:14:40,552 [Thread-8105] INFO  impl.RoleInfo (RoleInfo.java:updateAndGet(143)) - 9c2d914d-67b1-4af9-8080-4d6ee007b506: start LeaderElection
2019-10-19 01:14:40,579 [9c2d914d-67b1-4af9-8080-4d6ee007b506@group-20FCFA0487C4-LeaderElection882] INFO  impl.LeaderElection (LeaderElection.java:askForVotes(178)) - 9c2d914d-67b1-4af9-8080-4d6ee007b506@group-20FCFA0487C4-LeaderElection882: begin an election at term 141 for -1: [88be3607-7667-471c-9070-7dfd13eb5ac8:192.168.69.71:32925, 9c2d914d-67b1-4af9-8080-4d6ee007b506:192.168.69.71:35462, 61d0b7dc-5f8b-422f-8693-c58167224d24:192.168.69.71:43479], old=null
2019-10-19 01:14:40,580 [grpc-default-executor-9] INFO  impl.RaftServerImpl (RaftServerImpl.java:setRole(184)) - 61d0b7dc-5f8b-422f-8693-c58167224d24@group-20FCFA0487C4: changes role from  FOLLOWER to FOLLOWER at term 141 for recognizeCandidate:9c2d914d-67b1-4af9-8080-4d6ee007b506
2019-10-19 01:14:40,580 [grpc-default-executor-9] INFO  impl.RoleInfo (RoleInfo.java:shutdownFollowerState(121)) - 61d0b7dc-5f8b-422f-8693-c58167224d24: shutdown FollowerState
2019-10-19 01:14:40,580 [grpc-default-executor-9] INFO  impl.RoleInfo (RoleInfo.java:updateAndGet(143)) - 61d0b7dc-5f8b-422f-8693-c58167224d24: start FollowerState
2019-10-19 01:14:40,580 [Thread-8100] INFO  impl.FollowerState (FollowerState.java:run(117)) - 61d0b7dc-5f8b-422f-8693-c58167224d24@group-20FCFA0487C4-FollowerState was interrupted: java.lang.InterruptedException: sleep interrupted
2019-10-19 01:14:40,580 [grpc-default-executor-3] INFO  impl.RaftServerImpl (RaftServerImpl.java:setRole(184)) - 88be3607-7667-471c-9070-7dfd13eb5ac8@group-20FCFA0487C4: changes role from  FOLLOWER to FOLLOWER at term 141 for recognizeCandidate:9c2d914d-67b1-4af9-8080-4d6ee007b506
2019-10-19 01:14:40,581 [grpc-default-executor-3] INFO  impl.RoleInfo (RoleInfo.java:shutdownFollowerState(121)) - 88be3607-7667-471c-9070-7dfd13eb5ac8: shutdown FollowerState
2019-10-19 01:14:40,581 [grpc-default-executor-3] INFO  impl.RoleInfo (RoleInfo.java:updateAndGet(143)) - 88be3607-7667-471c-9070-7dfd13eb5ac8: start FollowerState
2019-10-19 01:14:40,581 [Thread-8101] INFO  impl.FollowerState (FollowerState.java:run(117)) - 88be3607-7667-471c-9070-7dfd13eb5ac8@group-20FCFA0487C4-FollowerState was interrupted: java.lang.InterruptedException: sleep interrupted
2019-10-19 01:14:40,595 [9c2d914d-67b1-4af9-8080-4d6ee007b506@group-20FCFA0487C4-LeaderElection882] INFO  impl.LeaderElection (LeaderElection.java:logAndReturn(56)) - 9c2d914d-67b1-4af9-8080-4d6ee007b506@group-20FCFA0487C4-LeaderElection882: Election REJECTED; received 2 response(s) [9c2d914d-67b1-4af9-8080-4d6ee007b506<-88be3607-7667-471c-9070-7dfd13eb5ac8#0:FAIL-t141, 9c2d914d-67b1-4af9-8080-4d6ee007b506<-61d0b7dc-5f8b-422f-8693-c58167224d24#0:FAIL-t141] and 0 exception(s); 9c2d914d-67b1-4af9-8080-4d6ee007b506@group-20FCFA0487C4:t141, leader=null, voted=9c2d914d-67b1-4af9-8080-4d6ee007b506, raftlog=9c2d914d-67b1-4af9-8080-4d6ee007b506@group-20FCFA0487C4-SegmentedRaftLog:OPENED:c-1,f-1,i0, conf=-1: [88be3607-7667-471c-9070-7dfd13eb5ac8:192.168.69.71:32925, 9c2d914d-67b1-4af9-8080-4d6ee007b506:192.168.69.71:35462, 61d0b7dc-5f8b-422f-8693-c58167224d24:192.168.69.71:43479], old=null
2019-10-19 01:14:40,595 [9c2d914d-67b1-4af9-8080-4d6ee007b506@group-20FCFA0487C4-LeaderElection882] INFO  impl.RaftServerImpl (RaftServerImpl.java:setRole(184)) - 9c2d914d-67b1-4af9-8080-4d6ee007b506@group-20FCFA0487C4: changes role from CANDIDATE to FOLLOWER at term 141 for DISCOVERED_A_NEW_TERM
2019-10-19 01:14:40,595 [9c2d914d-67b1-4af9-8080-4d6ee007b506@group-20FCFA0487C4-LeaderElection882] INFO  impl.RoleInfo (RoleInfo.java:shutdownLeaderElection(134)) - 9c2d914d-67b1-4af9-8080-4d6ee007b506: shutdown LeaderElection
2019-10-19 01:14:40,595 [9c2d914d-67b1-4af9-8080-4d6ee007b506@group-20FCFA0487C4-LeaderElection882] INFO  impl.RoleInfo (RoleInfo.java:updateAndGet(143)) - 9c2d914d-67b1-4af9-8080-4d6ee007b506: start FollowerState
2019-10-19 01:14:40,603 [Thread-8108] INFO  impl.FollowerState (FollowerState.java:run(108)) - f143d5cf-4038-4fa8-8601-f5a45f16ca3e@group-A3037D40E172-FollowerState: change to CANDIDATE, lastRpcTime:196ms, electionTimeout:196ms
2019-10-19 01:14:40,604 [Thread-8108] INFO  impl.RoleInfo (RoleInfo.java:shutdownFollowerState(121)) - f143d5cf-4038-4fa8-8601-f5a45f16ca3e: shutdown FollowerState
2019-10-19 01:14:40,604 [Thread-8108] INFO  impl.RaftServerImpl (RaftServerImpl.java:setRole(184)) - f143d5cf-4038-4fa8-8601-f5a45f16ca3e@group-A3037D40E172: changes role from  FOLLOWER to CANDIDATE at term 147 for changeToCandidate
2019-10-19 01:14:40,604 [Thread-8108] INFO  impl.RoleInfo (RoleInfo.java:updateAndGet(143)) - f143d5cf-4038-4fa8-8601-f5a45f16ca3e: start LeaderElection
2019-10-19 01:14:40,622 [f143d5cf-4038-4fa8-8601-f5a45f16ca3e@group-A3037D40E172-LeaderElection883] INFO  impl.LeaderElection (LeaderElection.java:askForVotes(178)) - f143d5cf-4038-4fa8-8601-f5a45f16ca3e@group-A3037D40E172-LeaderElection883: begin an election at term 148 for -1: [f143d5cf-4038-4fa8-8601-f5a45f16ca3e:192.168.69.71:40169, 2543ffea-c5c6-4af0-856f-eb846bad755a:192.168.69.71:45287, 61d14648-e80d-4cd8-9e7c-6deb2f21aca8:192.168.69.71:42247], old=null
2019-10-19 01:14:40,623 [grpc-default-executor-9] INFO  impl.RaftServerImpl (RaftServerImpl.java:setRole(184)) - 2543ffea-c5c6-4af0-856f-eb846bad755a@group-A3037D40E172: changes role from  FOLLOWER to FOLLOWER at term 148 for recognizeCandidate:f143d5cf-4038-4fa8-8601-f5a45f16ca3e
2019-10-19 01:14:40,623 [grpc-default-executor-3] INFO  impl.RaftServerImpl (RaftServerImpl.java:setRole(184)) - 61d14648-e80d-4cd8-9e7c-6deb2f21aca8@group-A3037D40E172: changes role from  FOLLOWER to FOLLOWER at term 148 for recognizeCandidate:f143d5cf-4038-4fa8-8601-f5a45f16ca3e
2019-10-19 01:14:40,623 [grpc-default-executor-9] INFO  impl.RoleInfo (RoleInfo.java:shutdownFollowerState(121)) - 2543ffea-c5c6-4af0-856f-eb846bad755a: shutdown FollowerState
2019-10-19 01:14:40,623 [grpc-default-executor-3] INFO  impl.RoleInfo (RoleInfo.java:shutdownFollowerState(121)) - 61d14648-e80d-4cd8-9e7c-6deb2f21aca8: shutdown FollowerState
2019-10-19 01:14:40,623 [Thread-8106] INFO  impl.FollowerState (FollowerState.java:run(117)) - 2543ffea-c5c6-4af0-856f-eb846bad755a@group-A3037D40E172-FollowerState was interrupted: java.lang.InterruptedException: sleep interrupted
2019-10-19 01:14:40,623 [grpc-default-executor-9] INFO  impl.RoleInfo (RoleInfo.java:updateAndGet(143)) - 2543ffea-c5c6-4af0-856f-eb846bad755a: start FollowerState
2019-10-19 01:14:40,623 [Thread-8107] INFO  impl.FollowerState (FollowerState.java:run(117)) - 61d14648-e80d-4cd8-9e7c-6deb2f21aca8@group-A3037D40E172-FollowerState was interrupted: java.lang.InterruptedException: sleep interrupted
2019-10-19 01:14:40,623 [grpc-default-executor-3] INFO  impl.RoleInfo (RoleInfo.java:updateAndGet(143)) - 61d14648-e80d-4cd8-9e7c-6deb2f21aca8: start FollowerState
2019-10-19 01:14:40,639 [f143d5cf-4038-4fa8-8601-f5a45f16ca3e@group-A3037D40E172-LeaderElection883] INFO  impl.LeaderElection (LeaderElection.java:logAndReturn(56)) - f143d5cf-4038-4fa8-8601-f5a45f16ca3e@group-A3037D40E172-LeaderElection883: Election REJECTED; received 2 response(s) [f143d5cf-4038-4fa8-8601-f5a45f16ca3e<-2543ffea-c5c6-4af0-856f-eb846bad755a#0:FAIL-t148, f143d5cf-4038-4fa8-8601-f5a45f16ca3e<-61d14648-e80d-4cd8-9e7c-6deb2f21aca8#0:FAIL-t148] and 0 exception(s); f143d5cf-4038-4fa8-8601-f5a45f16ca3e@group-A3037D40E172:t148, leader=null, voted=f143d5cf-4038-4fa8-8601-f5a45f16ca3e, raftlog=f143d5cf-4038-4fa8-8601-f5a45f16ca3e@group-A3037D40E172-SegmentedRaftLog:OPENED:c-1,f-1,i0, conf=-1: [f143d5cf-4038-4fa8-8601-f5a45f16ca3e:192.168.69.71:40169, 2543ffea-c5c6-4af0-856f-eb846bad755a:192.168.69.71:45287, 61d14648-e80d-4cd8-9e7c-6deb2f21aca8:192.168.69.71:42247], old=null
2019-10-19 01:14:40,639 [f143d5cf-4038-4fa8-8601-f5a45f16ca3e@group-A3037D40E172-LeaderElection883] INFO  impl.RaftServerImpl (RaftServerImpl.java:setRole(184)) - f143d5cf-4038-4fa8-8601-f5a45f16ca3e@group-A3037D40E172: changes role from CANDIDATE to FOLLOWER at term 148 for DISCOVERED_A_NEW_TERM
2019-10-19 01:14:40,639 [f143d5cf-4038-4fa8-8601-f5a45f16ca3e@group-A3037D40E172-LeaderElection883] INFO  impl.RoleInfo (RoleInfo.java:shutdownLeaderElection(134)) - f143d5cf-4038-4fa8-8601-f5a45f16ca3e: shutdown LeaderElection
2019-10-19 01:14:40,639 [f143d5cf-4038-4fa8-8601-f5a45f16ca3e@group-A3037D40E172-LeaderElection883] INFO  impl.RoleInfo (RoleInfo.java:updateAndGet(143)) - f143d5cf-4038-4fa8-8601-f5a45f16ca3e: start FollowerState
2019-10-19 01:14:40,699 [Thread-8114] INFO  impl.FollowerState (FollowerState.java:run(108)) - 9c2d914d-67b1-4af9-8080-4d6ee007b506@group-20FCFA0487C4-FollowerState: change to CANDIDATE, lastRpcTime:103ms, electionTimeout:103ms
2019-10-19 01:14:40,699 [Thread-8114] INFO  impl.RoleInfo (RoleInfo.java:shutdownFollowerState(121)) - 9c2d914d-67b1-4af9-8080-4d6ee007b506: shutdown FollowerState
2019-10-19 01:14:40,699 [Thread-8114] INFO  impl.RaftServerImpl (RaftServerImpl.java:setRole(184)) - 9c2d914d-67b1-4af9-8080-4d6ee007b506@group-20FCFA0487C4: changes role from  FOLLOWER to CANDIDATE at term 141 for changeToCandidate
2019-10-19 01:14:40,699 [Thread-8114] INFO  impl.RoleInfo (RoleInfo.java:updateAndGet(143)) - 9c2d914d-67b1-4af9-8080-4d6ee007b506: start LeaderElection
2019-10-19 01:14:40,713 [9c2d914d-67b1-4af9-8080-4d6ee007b506@group-20FCFA0487C4-LeaderElection884] INFO  impl.LeaderElection (LeaderElection.java:askForVotes(178)) - 9c2d914d-67b1-4af9-8080-4d6ee007b506@group-20FCFA0487C4-LeaderElection884: begin an election at term 142 for -1: [88be3607-7667-471c-9070-7dfd13eb5ac8:192.168.69.71:32925, 9c2d914d-67b1-4af9-8080-4d6ee007b506:192.168.69.71:35462, 61d0b7dc-5f8b-422f-8693-c58167224d24:192.168.69.71:43479], old=null
2019-10-19 01:14:40,714 [grpc-default-executor-3] INFO  impl.RaftServerImpl (RaftServerImpl.java:setRole(184)) - 88be3607-7667-471c-9070-7dfd13eb5ac8@group-20FCFA0487C4: changes role from  FOLLOWER to FOLLOWER at term 142 for recognizeCandidate:9c2d914d-67b1-4af9-8080-4d6ee007b506
2019-10-19 01:14:40,714 [grpc-default-executor-3] INFO  impl.RoleInfo (RoleInfo.java:shutdownFollowerState(121)) - 88be3607-7667-471c-9070-7dfd13eb5ac8: shutdown FollowerState
2019-10-19 01:14:40,714 [grpc-default-executor-3] INFO  impl.RoleInfo (RoleInfo.java:updateAndGet(143)) - 88be3607-7667-471c-9070-7dfd13eb5ac8: start FollowerState
2019-10-19 01:14:40,714 [Thread-8113] INFO  impl.FollowerState (FollowerState.java:run(117)) - 88be3607-7667-471c-9070-7dfd13eb5ac8@group-20FCFA0487C4-FollowerState was interrupted: java.lang.InterruptedException: sleep interrupted
2019-10-19 01:14:40,714 [grpc-default-executor-9] INFO  impl.RaftServerImpl (RaftServerImpl.java:setRole(184)) - 61d0b7dc-5f8b-422f-8693-c58167224d24@group-20FCFA0487C4: changes role from  FOLLOWER to FOLLOWER at term 142 for recognizeCandidate:9c2d914d-67b1-4af9-8080-4d6ee007b506
2019-10-19 01:14:40,714 [grpc-default-executor-9] INFO  impl.RoleInfo (RoleInfo.java:shutdownFollowerState(121)) - 61d0b7dc-5f8b-422f-8693-c58167224d24: shutdown FollowerState
2019-10-19 01:14:40,715 [grpc-default-executor-9] INFO  impl.RoleInfo (RoleInfo.java:updateAndGet(143)) - 61d0b7dc-5f8b-422f-8693-c58167224d24: start FollowerState
2019-10-19 01:14:40,715 [Thread-8112] INFO  impl.FollowerState (FollowerState.java:run(117)) - 61d0b7dc-5f8b-422f-8693-c58167224d24@group-20FCFA0487C4-FollowerState was interrupted: java.lang.InterruptedException: sleep interrupted
2019-10-19 01:14:40,728 [9c2d914d-67b1-4af9-8080-4d6ee007b506@group-20FCFA0487C4-LeaderElection884] INFO  impl.LeaderElection (LeaderElection.java:logAndReturn(56)) - 9c2d914d-67b1-4af9-8080-4d6ee007b506@group-20FCFA0487C4-LeaderElection884: Election REJECTED; received 2 response(s) [9c2d914d-67b1-4af9-8080-4d6ee007b506<-88be3607-7667-471c-9070-7dfd13eb5ac8#0:FAIL-t142, 9c2d914d-67b1-4af9-8080-4d6ee007b506<-61d0b7dc-5f8b-422f-8693-c58167224d24#0:FAIL-t142] and 0 exception(s); 9c2d914d-67b1-4af9-8080-4d6ee007b506@group-20FCFA0487C4:t142, leader=null, voted=9c2d914d-67b1-4af9-8080-4d6ee007b506, raftlog=9c2d914d-67b1-4af9-8080-4d6ee007b506@group-20FCFA0487C4-SegmentedRaftLog:OPENED:c-1,f-1,i0, conf=-1: [88be3607-7667-471c-9070-7dfd13eb5ac8:192.168.69.71:32925, 9c2d914d-67b1-4af9-8080-4d6ee007b506:192.168.69.71:35462, 61d0b7dc-5f8b-422f-8693-c58167224d24:192.168.69.71:43479], old=null
2019-10-19 01:14:40,728 [9c2d914d-67b1-4af9-8080-4d6ee007b506@group-20FCFA0487C4-LeaderElection884] INFO  impl.RaftServerImpl (RaftServerImpl.java:setRole(184)) - 9c2d914d-67b1-4af9-8080-4d6ee007b506@group-20FCFA0487C4: changes role from CANDIDATE to FOLLOWER at term 142 for DISCOVERED_A_NEW_TERM
2019-10-19 01:14:40,729 [9c2d914d-67b1-4af9-8080-4d6ee007b506@group-20FCFA0487C4-LeaderElection884] INFO  impl.RoleInfo (RoleInfo.java:shutdownLeaderElection(134)) - 9c2d914d-67b1-4af9-8080-4d6ee007b506: shutdown LeaderElection
2019-10-19 01:14:40,729 [9c2d914d-67b1-4af9-8080-4d6ee007b506@group-20FCFA0487C4-LeaderElection884] INFO  impl.RoleInfo (RoleInfo.java:updateAndGet(143)) - 9c2d914d-67b1-4af9-8080-4d6ee007b506: start FollowerState
2019-10-19 01:14:40,741 [Thread-8128] INFO  impl.FollowerState (FollowerState.java:run(108)) - 9c2d914d-67b1-4af9-8080-4d6ee007b506@group-20FCFA0487C4-FollowerState: change to CANDIDATE, lastRpcTime:12ms, electionTimeout:12ms
2019-10-19 01:14:40,741 [Thread-8128] INFO  impl.RoleInfo (RoleInfo.java:shutdownFollowerState(121)) - 9c2d914d-67b1-4af9-8080-4d6ee007b506: shutdown FollowerState
2019-10-19 01:14:40,741 [Thread-8128] INFO  impl.RaftServerImpl (RaftServerImpl.java:setRole(184)) - 9c2d914d-67b1-4af9-8080-4d6ee007b506@group-20FCFA0487C4: changes role from  FOLLOWER to CANDIDATE at term 142 for changeToCandidate
2019-10-19 01:14:40,741 [Thread-8128] INFO  impl.RoleInfo (RoleInfo.java:updateAndGet(143)) - 9c2d914d-67b1-4af9-8080-4d6ee007b506: start LeaderElection
2019-10-19 01:14:40,754 [9c2d914d-67b1-4af9-8080-4d6ee007b506@group-20FCFA0487C4-LeaderElection885] INFO  impl.LeaderElection (LeaderElection.java:askForVotes(178)) - 9c2d914d-67b1-4af9-8080-4d6ee007b506@group-20FCFA0487C4-LeaderElection885: begin an election at term 143 for -1: [88be3607-7667-471c-9070-7dfd13eb5ac8:192.168.69.71:32925, 9c2d914d-67b1-4af9-8080-4d6ee007b506:192.168.69.71:35462, 61d0b7dc-5f8b-422f-8693-c58167224d24:192.168.69.71:43479], old=null
2019-10-19 01:14:40,755 [grpc-default-executor-3] INFO  impl.RaftServerImpl (RaftServerImpl.java:setRole(184)) - 61d0b7dc-5f8b-422f-8693-c58167224d24@group-20FCFA0487C4: changes role from  FOLLOWER to FOLLOWER at term 143 for recognizeCandidate:9c2d914d-67b1-4af9-8080-4d6ee007b506
2019-10-19 01:14:40,755 [grpc-default-executor-3] INFO  impl.RoleInfo (RoleInfo.java:shutdownFollowerState(121)) - 61d0b7dc-5f8b-422f-8693-c58167224d24: shutdown FollowerState
2019-10-19 01:14:40,755 [grpc-default-executor-9] INFO  impl.RaftServerImpl (RaftServerImpl.java:setRole(184)) - 88be3607-7667-471c-9070-7dfd13eb5ac8@group-20FCFA0487C4: changes role from  FOLLOWER to FOLLOWER at term 143 for recognizeCandidate:9c2d914d-67b1-4af9-8080-4d6ee007b506
2019-10-19 01:14:40,755 [grpc-default-executor-9] INFO  impl.RoleInfo (RoleInfo.java:shutdownFollowerState(121)) - 88be3607-7667-471c-9070-7dfd13eb5ac8: shutdown FollowerState
2019-10-19 01:14:40,755 [Thread-8127] INFO  impl.FollowerState (FollowerState.java:run(117)) - 61d0b7dc-5f8b-422f-8693-c58167224d24@group-20FCFA0487C4-FollowerState was interrupted: java.lang.InterruptedException: sleep interrupted
2019-10-19 01:14:40,755 [grpc-default-executor-3] INFO  impl.RoleInfo (RoleInfo.java:updateAndGet(143)) - 61d0b7dc-5f8b-422f-8693-c58167224d24: start FollowerState
2019-10-19 01:14:40,756 [Thread-8126] INFO  impl.FollowerState (FollowerState.java:run(117)) - 88be3607-7667-471c-9070-7dfd13eb5ac8@group-20FCFA0487C4-FollowerState was interrupted: java.lang.InterruptedException: sleep interrupted
2019-10-19 01:14:40,755 [grpc-default-executor-9] INFO  impl.RoleInfo (RoleInfo.java:updateAndGet(143)) - 88be3607-7667-471c-9070-7dfd13eb5ac8: start FollowerState
2019-10-19 01:14:40,771 [9c2d914d-67b1-4af9-8080-4d6ee007b506@group-20FCFA0487C4-LeaderElection885] INFO  impl.LeaderElection (LeaderElection.java:logAndReturn(56)) - 9c2d914d-67b1-4af9-8080-4d6ee007b506@group-20FCFA0487C4-LeaderElection885: Election REJECTED; received 2 response(s) [9c2d914d-67b1-4af9-8080-4d6ee007b506<-88be3607-7667-471c-9070-7dfd13eb5ac8#0:FAIL-t143, 9c2d914d-67b1-4af9-8080-4d6ee007b506<-61d0b7dc-5f8b-422f-8693-c58167224d24#0:FAIL-t143] and 0 exception(s); 9c2d914d-67b1-4af9-8080-4d6ee007b506@group-20FCFA0487C4:t143, leader=null, voted=9c2d914d-67b1-4af9-8080-4d6ee007b506, raftlog=9c2d914d-67b1-4af9-8080-4d6ee007b506@group-20FCFA0487C4-SegmentedRaftLog:OPENED:c-1,f-1,i0, conf=-1: [88be3607-7667-471c-9070-7dfd13eb5ac8:192.168.69.71:32925, 9c2d914d-67b1-4af9-8080-4d6ee007b506:192.168.69.71:35462, 61d0b7dc-5f8b-422f-8693-c58167224d24:192.168.69.71:43479], old=null
2019-10-19 01:14:40,771 [9c2d914d-67b1-4af9-8080-4d6ee007b506@group-20FCFA0487C4-LeaderElection885] INFO  impl.RaftServerImpl (RaftServerImpl.java:setRole(184)) - 9c2d914d-67b1-4af9-8080-4d6ee007b506@group-20FCFA0487C4: changes role from CANDIDATE to FOLLOWER at term 143 for DISCOVERED_A_NEW_TERM
2019-10-19 01:14:40,771 [9c2d914d-67b1-4af9-8080-4d6ee007b506@group-20FCFA0487C4-LeaderElection885] INFO  impl.RoleInfo (RoleInfo.java:shutdownLeaderElection(134)) - 9c2d914d-67b1-4af9-8080-4d6ee007b506: shutdown LeaderElection
2019-10-19 01:14:40,771 [9c2d914d-67b1-4af9-8080-4d6ee007b506@group-20FCFA0487C4-LeaderElection885] INFO  impl.RoleInfo (RoleInfo.java:updateAndGet(143)) - 9c2d914d-67b1-4af9-8080-4d6ee007b506: start FollowerState
2019-10-19 01:14:40,778 [Thread-8120] INFO  impl.FollowerState (FollowerState.java:run(108)) - f143d5cf-4038-4fa8-8601-f5a45f16ca3e@group-A3037D40E172-FollowerState: change to CANDIDATE, lastRpcTime:138ms, electionTimeout:138ms
2019-10-19 01:14:40,778 [Thread-8120] INFO  impl.RoleInfo (RoleInfo.java:shutdownFollowerState(121)) - f143d5cf-4038-4fa8-8601-f5a45f16ca3e: shutdown FollowerState
2019-10-19 01:14:40,778 [Thread-8120] INFO  impl.RaftServerImpl (RaftServerImpl.java:setRole(184)) - f143d5cf-4038-4fa8-8601-f5a45f16ca3e@group-A3037D40E172: changes role from  FOLLOWER to CANDIDATE at term 148 for changeToCandidate
2019-10-19 01:14:40,778 [Thread-8120] INFO  impl.RoleInfo (RoleInfo.java:updateAndGet(143)) - f143d5cf-4038-4fa8-8601-f5a45f16ca3e: start LeaderElection
2019-10-19 01:14:40,799 [f143d5cf-4038-4fa8-8601-f5a45f16ca3e@group-A3037D40E172-LeaderElection886] INFO  impl.LeaderElection (LeaderElection.java:askForVotes(178)) - f143d5cf-4038-4fa8-8601-f5a45f16ca3e@group-A3037D40E172-LeaderElection886: begin an election at term 149 for -1: [f143d5cf-4038-4fa8-8601-f5a45f16ca3e:192.168.69.71:40169, 2543ffea-c5c6-4af0-856f-eb846bad755a:192.168.69.71:45287, 61d14648-e80d-4cd8-9e7c-6deb2f21aca8:192.168.69.71:42247], old=null
2019-10-19 01:14:40,800 [grpc-default-executor-9] INFO  impl.RaftServerImpl (RaftServerImpl.java:setRole(184)) - 2543ffea-c5c6-4af0-856f-eb846bad755a@group-A3037D40E172: changes role from  FOLLOWER to FOLLOWER at term 149 for recognizeCandidate:f143d5cf-4038-4fa8-8601-f5a45f16ca3e
2019-10-19 01:14:40,800 [grpc-default-executor-9] INFO  impl.RoleInfo (RoleInfo.java:shutdownFollowerState(121)) - 2543ffea-c5c6-4af0-856f-eb846bad755a: shutdown FollowerState
2019-10-19 01:14:40,800 [grpc-default-executor-3] INFO  impl.RaftServerImpl (RaftServerImpl.java:setRole(184)) - 61d14648-e80d-4cd8-9e7c-6deb2f21aca8@group-A3037D40E172: changes role from  FOLLOWER to FOLLOWER at term 149 for recognizeCandidate:f143d5cf-4038-4fa8-8601-f5a45f16ca3e
2019-10-19 01:14:40,800 [Thread-8118] INFO  impl.FollowerState (FollowerState.java:run(117)) - 2543ffea-c5c6-4af0-856f-eb846bad755a@group-A3037D40E172-FollowerState was interrupted: java.lang.InterruptedException: sleep interrupted
2019-10-19 01:14:40,800 [grpc-default-executor-9] INFO  impl.RoleInfo (RoleInfo.java:updateAndGet(143)) - 2543ffea-c5c6-4af0-856f-eb846bad755a: start FollowerState
2019-10-19 01:14:40,800 [grpc-default-executor-3] INFO  impl.RoleInfo (RoleInfo.java:shutdownFollowerState(121)) - 61d14648-e80d-4cd8-9e7c-6deb2f21aca8: shutdown FollowerState
2019-10-19 01:14:40,800 [grpc-default-executor-3] INFO  impl.RoleInfo (RoleInfo.java:updateAndGet(143)) - 61d14648-e80d-4cd8-9e7c-6deb2f21aca8: start FollowerState
2019-10-19 01:14:40,800 [Thread-8119] INFO  impl.FollowerState (FollowerState.java:run(117)) - 61d14648-e80d-4cd8-9e7c-6deb2f21aca8@group-A3037D40E172-FollowerState was interrupted: java.lang.InterruptedException: sleep interrupted
2019-10-19 01:14:40,822 [f143d5cf-4038-4fa8-8601-f5a45f16ca3e@group-A3037D40E172-LeaderElection886] INFO  impl.LeaderElection (LeaderElection.java:logAndReturn(56)) - f143d5cf-4038-4fa8-8601-f5a45f16ca3e@group-A3037D40E172-LeaderElection886: Election REJECTED; received 2 response(s) [f143d5cf-4038-4fa8-8601-f5a45f16ca3e<-2543ffea-c5c6-4af0-856f-eb846bad755a#0:FAIL-t149, f143d5cf-4038-4fa8-8601-f5a45f16ca3e<-61d14648-e80d-4cd8-9e7c-6deb2f21aca8#0:FAIL-t149] and 0 exception(s); f143d5cf-4038-4fa8-8601-f5a45f16ca3e@group-A3037D40E172:t149, leader=null, voted=f143d5cf-4038-4fa8-8601-f5a45f16ca3e, raftlog=f143d5cf-4038-4fa8-8601-f5a45f16ca3e@group-A3037D40E172-SegmentedRaftLog:OPENED:c-1,f-1,i0, conf=-1: [f143d5cf-4038-4fa8-8601-f5a45f16ca3e:192.168.69.71:40169, 2543ffea-c5c6-4af0-856f-eb846bad755a:192.168.69.71:45287, 61d14648-e80d-4cd8-9e7c-6deb2f21aca8:192.168.69.71:42247], old=null
2019-10-19 01:14:40,822 [f143d5cf-4038-4fa8-8601-f5a45f16ca3e@group-A3037D40E172-LeaderElection886] INFO  impl.RaftServerImpl (RaftServerImpl.java:setRole(184)) - f143d5cf-4038-4fa8-8601-f5a45f16ca3e@group-A3037D40E172: changes role from CANDIDATE to FOLLOWER at term 149 for DISCOVERED_A_NEW_TERM
2019-10-19 01:14:40,822 [f143d5cf-4038-4fa8-8601-f5a45f16ca3e@group-A3037D40E172-LeaderElection886] INFO  impl.RoleInfo (RoleInfo.java:shutdownLeaderElection(134)) - f143d5cf-4038-4fa8-8601-f5a45f16ca3e: shutdown LeaderElection
2019-10-19 01:14:40,822 [f143d5cf-4038-4fa8-8601-f5a45f16ca3e@group-A3037D40E172-LeaderElection886] INFO  impl.RoleInfo (RoleInfo.java:updateAndGet(143)) - f143d5cf-4038-4fa8-8601-f5a45f16ca3e: start FollowerState
2019-10-19 01:14:40,935 [Thread-8134] INFO  impl.FollowerState (FollowerState.java:run(108)) - 9c2d914d-67b1-4af9-8080-4d6ee007b506@group-20FCFA0487C4-FollowerState: change to CANDIDATE, lastRpcTime:163ms, electionTimeout:163ms
2019-10-19 01:14:40,935 [Thread-8134] INFO  impl.RoleInfo (RoleInfo.java:shutdownFollowerState(121)) - 9c2d914d-67b1-4af9-8080-4d6ee007b506: shutdown FollowerState
2019-10-19 01:14:40,935 [Thread-8134] INFO  impl.RaftServerImpl (RaftServerImpl.java:setRole(184)) - 9c2d914d-67b1-4af9-8080-4d6ee007b506@group-20FCFA0487C4: changes role from  FOLLOWER to CANDIDATE at term 143 for changeToCandidate
2019-10-19 01:14:40,935 [Thread-8134] INFO  impl.RoleInfo (RoleInfo.java:updateAndGet(143)) - 9c2d914d-67b1-4af9-8080-4d6ee007b506: start LeaderElection
2019-10-19 01:14:40,949 [9c2d914d-67b1-4af9-8080-4d6ee007b506@group-20FCFA0487C4-LeaderElection887] INFO  impl.LeaderElection (LeaderElection.java:askForVotes(178)) - 9c2d914d-67b1-4af9-8080-4d6ee007b506@group-20FCFA0487C4-LeaderElection887: begin an election at term 144 for -1: [88be3607-7667-471c-9070-7dfd13eb5ac8:192.168.69.71:32925, 9c2d914d-67b1-4af9-8080-4d6ee007b506:192.168.69.71:35462, 61d0b7dc-5f8b-422f-8693-c58167224d24:192.168.69.71:43479], old=null
2019-10-19 01:14:40,950 [grpc-default-executor-9] INFO  impl.RaftServerImpl (RaftServerImpl.java:setRole(184)) - 61d0b7dc-5f8b-422f-8693-c58167224d24@group-20FCFA0487C4: changes role from  FOLLOWER to FOLLOWER at term 144 for recognizeCandidate:9c2d914d-67b1-4af9-8080-4d6ee007b506
2019-10-19 01:14:40,950 [grpc-default-executor-9] INFO  impl.RoleInfo (RoleInfo.java:shutdownFollowerState(121)) - 61d0b7dc-5f8b-422f-8693-c58167224d24: shutdown FollowerState
2019-10-19 01:14:40,950 [grpc-default-executor-9] INFO  impl.RoleInfo (RoleInfo.java:updateAndGet(143)) - 61d0b7dc-5f8b-422f-8693-c58167224d24: start FollowerState
2019-10-19 01:14:40,950 [Thread-8132] INFO  impl.FollowerState (FollowerState.java:run(117)) - 61d0b7dc-5f8b-422f-8693-c58167224d24@group-20FCFA0487C4-FollowerState was interrupted: java.lang.InterruptedException: sleep interrupted
2019-10-19 01:14:40,950 [grpc-default-executor-3] INFO  impl.RaftServerImpl (RaftServerImpl.java:setRole(184)) - 88be3607-7667-471c-9070-7dfd13eb5ac8@group-20FCFA0487C4: changes role from  FOLLOWER to FOLLOWER at term 144 for recognizeCandidate:9c2d914d-67b1-4af9-8080-4d6ee007b506
2019-10-19 01:14:40,951 [grpc-default-executor-3] INFO  impl.RoleInfo (RoleInfo.java:shutdownFollowerState(121)) - 88be3607-7667-471c-9070-7dfd13eb5ac8: shutdown FollowerState
2019-10-19 01:14:40,951 [grpc-default-executor-3] INFO  impl.RoleInfo (RoleInfo.java:updateAndGet(143)) - 88be3607-7667-471c-9070-7dfd13eb5ac8: start FollowerState
2019-10-19 01:14:40,951 [Thread-8133] INFO  impl.FollowerState (FollowerState.java:run(117)) - 88be3607-7667-471c-9070-7dfd13eb5ac8@group-20FCFA0487C4-FollowerState was interrupted: java.lang.InterruptedException: sleep interrupted
2019-10-19 01:14:40,965 [9c2d914d-67b1-4af9-8080-4d6ee007b506@group-20FCFA0487C4-LeaderElection887] INFO  impl.LeaderElection (LeaderElection.java:logAndReturn(56)) - 9c2d914d-67b1-4af9-8080-4d6ee007b506@group-20FCFA0487C4-LeaderElection887: Election REJECTED; received 2 response(s) [9c2d914d-67b1-4af9-8080-4d6ee007b506<-88be3607-7667-471c-9070-7dfd13eb5ac8#0:FAIL-t144, 9c2d914d-67b1-4af9-8080-4d6ee007b506<-61d0b7dc-5f8b-422f-8693-c58167224d24#0:FAIL-t144] and 0 exception(s); 9c2d914d-67b1-4af9-8080-4d6ee007b506@group-20FCFA0487C4:t144, leader=null, voted=9c2d914d-67b1-4af9-8080-4d6ee007b506, raftlog=9c2d914d-67b1-4af9-8080-4d6ee007b506@group-20FCFA0487C4-SegmentedRaftLog:OPENED:c-1,f-1,i0, conf=-1: [88be3607-7667-471c-9070-7dfd13eb5ac8:192.168.69.71:32925, 9c2d914d-67b1-4af9-8080-4d6ee007b506:192.168.69.71:35462, 61d0b7dc-5f8b-422f-8693-c58167224d24:192.168.69.71:43479], old=null
2019-10-19 01:14:40,965 [9c2d914d-67b1-4af9-8080-4d6ee007b506@group-20FCFA0487C4-LeaderElection887] INFO  impl.RaftServerImpl (RaftServerImpl.java:setRole(184)) - 9c2d914d-67b1-4af9-8080-4d6ee007b506@group-20FCFA0487C4: changes role from CANDIDATE to FOLLOWER at term 144 for DISCOVERED_A_NEW_TERM
2019-10-19 01:14:40,965 [9c2d914d-67b1-4af9-8080-4d6ee007b506@group-20FCFA0487C4-LeaderElection887] INFO  impl.RoleInfo (RoleInfo.java:shutdownLeaderElection(134)) - 9c2d914d-67b1-4af9-8080-4d6ee007b506: shutdown LeaderElection
2019-10-19 01:14:40,965 [9c2d914d-67b1-4af9-8080-4d6ee007b506@group-20FCFA0487C4-LeaderElection887] INFO  impl.RoleInfo (RoleInfo.java:updateAndGet(143)) - 9c2d914d-67b1-4af9-8080-4d6ee007b506: start FollowerState
2019-10-19 01:14:40,971 [Thread-8140] INFO  impl.FollowerState (FollowerState.java:run(108)) - f143d5cf-4038-4fa8-8601-f5a45f16ca3e@group-A3037D40E172-FollowerState: change to CANDIDATE, lastRpcTime:148ms, electionTimeout:148ms
2019-10-19 01:14:40,971 [Thread-8140] INFO  impl.RoleInfo (RoleInfo.java:shutdownFollowerState(121)) - f143d5cf-4038-4fa8-8601-f5a45f16ca3e: shutdown FollowerState
2019-10-19 01:14:40,971 [Thread-8140] INFO  impl.RaftServerImpl (RaftServerImpl.java:setRole(184)) - f143d5cf-4038-4fa8-8601-f5a45f16ca3e@group-A3037D40E172: changes role from  FOLLOWER to CANDIDATE at term 149 for changeToCandidate
2019-10-19 01:14:40,971 [Thread-8140] INFO  impl.RoleInfo (RoleInfo.java:updateAndGet(143)) - f143d5cf-4038-4fa8-8601-f5a45f16ca3e: start LeaderElection
2019-10-19 01:14:40,985 [f143d5cf-4038-4fa8-8601-f5a45f16ca3e@group-A3037D40E172-LeaderElection888] INFO  impl.LeaderElection (LeaderElection.java:askForVotes(178)) - f143d5cf-4038-4fa8-8601-f5a45f16ca3e@group-A3037D40E172-LeaderElection888: begin an election at term 150 for -1: [f143d5cf-4038-4fa8-8601-f5a45f16ca3e:192.168.69.71:40169, 2543ffea-c5c6-4af0-856f-eb846bad755a:192.168.69.71:45287, 61d14648-e80d-4cd8-9e7c-6deb2f21aca8:192.168.69.71:42247], old=null
2019-10-19 01:14:40,986 [grpc-default-executor-9] INFO  impl.RaftServerImpl (RaftServerImpl.java:setRole(184)) - 2543ffea-c5c6-4af0-856f-eb846bad755a@group-A3037D40E172: changes role from  FOLLOWER to FOLLOWER at term 150 for recognizeCandidate:f143d5cf-4038-4fa8-8601-f5a45f16ca3e
2019-10-19 01:14:40,987 [grpc-default-executor-9] INFO  impl.RoleInfo (RoleInfo.java:shutdownFollowerState(121)) - 2543ffea-c5c6-4af0-856f-eb846bad755a: shutdown FollowerState
2019-10-19 01:14:40,986 [grpc-default-executor-3] INFO  impl.RaftServerImpl (RaftServerImpl.java:setRole(184)) - 61d14648-e80d-4cd8-9e7c-6deb2f21aca8@group-A3037D40E172: changes role from  FOLLOWER to FOLLOWER at term 150 for recognizeCandidate:f143d5cf-4038-4fa8-8601-f5a45f16ca3e
2019-10-19 01:14:40,987 [grpc-default-executor-3] INFO  impl.RoleInfo (RoleInfo.java:shutdownFollowerState(121)) - 61d14648-e80d-4cd8-9e7c-6deb2f21aca8: shutdown FollowerState
2019-10-19 01:14:40,987 [Thread-8138] INFO  impl.FollowerState (FollowerState.java:run(117)) - 2543ffea-c5c6-4af0-856f-eb846bad755a@group-A3037D40E172-FollowerState was interrupted: java.lang.InterruptedException: sleep interrupted
2019-10-19 01:14:40,987 [grpc-default-executor-9] INFO  impl.RoleInfo (RoleInfo.java:updateAndGet(143)) - 2543ffea-c5c6-4af0-856f-eb846bad755a: start FollowerState
2019-10-19 01:14:40,987 [grpc-default-executor-3] INFO  impl.RoleInfo (RoleInfo.java:updateAndGet(143)) - 61d14648-e80d-4cd8-9e7c-6deb2f21aca8: start FollowerState
2019-10-19 01:14:40,987 [Thread-8139] INFO  impl.FollowerState (FollowerState.java:run(117)) - 61d14648-e80d-4cd8-9e7c-6deb2f21aca8@group-A3037D40E172-FollowerState was interrupted: java.lang.InterruptedException: sleep interrupted
2019-10-19 01:14:41,001 [f143d5cf-4038-4fa8-8601-f5a45f16ca3e@group-A3037D40E172-LeaderElection888] INFO  impl.LeaderElection (LeaderElection.java:logAndReturn(56)) - f143d5cf-4038-4fa8-8601-f5a45f16ca3e@group-A3037D40E172-LeaderElection888: Election REJECTED; received 2 response(s) [f143d5cf-4038-4fa8-8601-f5a45f16ca3e<-2543ffea-c5c6-4af0-856f-eb846bad755a#0:FAIL-t150, f143d5cf-4038-4fa8-8601-f5a45f16ca3e<-61d14648-e80d-4cd8-9e7c-6deb2f21aca8#0:FAIL-t150] and 0 exception(s); f143d5cf-4038-4fa8-8601-f5a45f16ca3e@group-A3037D40E172:t150, leader=null, voted=f143d5cf-4038-4fa8-8601-f5a45f16ca3e, raftlog=f143d5cf-4038-4fa8-8601-f5a45f16ca3e@group-A3037D40E172-SegmentedRaftLog:OPENED:c-1,f-1,i0, conf=-1: [f143d5cf-4038-4fa8-8601-f5a45f16ca3e:192.168.69.71:40169, 2543ffea-c5c6-4af0-856f-eb846bad755a:192.168.69.71:45287, 61d14648-e80d-4cd8-9e7c-6deb2f21aca8:192.168.69.71:42247], old=null
2019-10-19 01:14:41,001 [f143d5cf-4038-4fa8-8601-f5a45f16ca3e@group-A3037D40E172-LeaderElection888] INFO  impl.RaftServerImpl (RaftServerImpl.java:setRole(184)) - f143d5cf-4038-4fa8-8601-f5a45f16ca3e@group-A3037D40E172: changes role from CANDIDATE to FOLLOWER at term 150 for DISCOVERED_A_NEW_TERM
2019-10-19 01:14:41,001 [f143d5cf-4038-4fa8-8601-f5a45f16ca3e@group-A3037D40E172-LeaderElection888] INFO  impl.RoleInfo (RoleInfo.java:shutdownLeaderElection(134)) - f143d5cf-4038-4fa8-8601-f5a45f16ca3e: shutdown LeaderElection
2019-10-19 01:14:41,001 [f143d5cf-4038-4fa8-8601-f5a45f16ca3e@group-A3037D40E172-LeaderElection888] INFO  impl.RoleInfo (RoleInfo.java:updateAndGet(143)) - f143d5cf-4038-4fa8-8601-f5a45f16ca3e: start FollowerState
2019-10-19 01:14:41,006 [Thread-8152] INFO  impl.FollowerState (FollowerState.java:run(108)) - f143d5cf-4038-4fa8-8601-f5a45f16ca3e@group-A3037D40E172-FollowerState: change to CANDIDATE, lastRpcTime:4ms, electionTimeout:4ms
2019-10-19 01:14:41,006 [Thread-8152] INFO  impl.RoleInfo (RoleInfo.java:shutdownFollowerState(121)) - f143d5cf-4038-4fa8-8601-f5a45f16ca3e: shutdown FollowerState
2019-10-19 01:14:41,006 [Thread-8152] INFO  impl.RaftServerImpl (RaftServerImpl.java:setRole(184)) - f143d5cf-4038-4fa8-8601-f5a45f16ca3e@group-A3037D40E172: changes role from  FOLLOWER to CANDIDATE at term 150 for changeToCandidate
2019-10-19 01:14:41,006 [Thread-8152] INFO  impl.RoleInfo (RoleInfo.java:updateAndGet(143)) - f143d5cf-4038-4fa8-8601-f5a45f16ca3e: start LeaderElection
2019-10-19 01:14:41,018 [f143d5cf-4038-4fa8-8601-f5a45f16ca3e@group-A3037D40E172-LeaderElection889] INFO  impl.LeaderElection (LeaderElection.java:askForVotes(178)) - f143d5cf-4038-4fa8-8601-f5a45f16ca3e@group-A3037D40E172-LeaderElection889: begin an election at term 151 for -1: [f143d5cf-4038-4fa8-8601-f5a45f16ca3e:192.168.69.71:40169, 2543ffea-c5c6-4af0-856f-eb846bad755a:192.168.69.71:45287, 61d14648-e80d-4cd8-9e7c-6deb2f21aca8:192.168.69.71:42247], old=null
2019-10-19 01:14:41,019 [grpc-default-executor-9] INFO  impl.RaftServerImpl (RaftServerImpl.java:setRole(184)) - 2543ffea-c5c6-4af0-856f-eb846bad755a@group-A3037D40E172: changes role from  FOLLOWER to FOLLOWER at term 151 for recognizeCandidate:f143d5cf-4038-4fa8-8601-f5a45f16ca3e
2019-10-19 01:14:41,020 [grpc-default-executor-9] INFO  impl.RoleInfo (RoleInfo.java:shutdownFollowerState(121)) - 2543ffea-c5c6-4af0-856f-eb846bad755a: shutdown FollowerState
2019-10-19 01:14:41,019 [grpc-default-executor-3] INFO  impl.RaftServerImpl (RaftServerImpl.java:setRole(184)) - 61d14648-e80d-4cd8-9e7c-6deb2f21aca8@group-A3037D40E172: changes role from  FOLLOWER to FOLLOWER at term 151 for recognizeCandidate:f143d5cf-4038-4fa8-8601-f5a45f16ca3e
2019-10-19 01:14:41,020 [grpc-default-executor-3] INFO  impl.RoleInfo (RoleInfo.java:shutdownFollowerState(121)) - 61d14648-e80d-4cd8-9e7c-6deb2f21aca8: shutdown FollowerState
2019-10-19 01:14:41,020 [Thread-8150] INFO  impl.FollowerState (FollowerState.java:run(117)) - 2543ffea-c5c6-4af0-856f-eb846bad755a@group-A3037D40E172-FollowerState was interrupted: java.lang.InterruptedException: sleep interrupted
2019-10-19 01:14:41,020 [grpc-default-executor-9] INFO  impl.RoleInfo (RoleInfo.java:updateAndGet(143)) - 2543ffea-c5c6-4af0-856f-eb846bad755a: start FollowerState
2019-10-19 01:14:41,020 [Thread-8151] INFO  impl.FollowerState (FollowerState.java:run(117)) - 61d14648-e80d-4cd8-9e7c-6deb2f21aca8@group-A3037D40E172-FollowerState was interrupted: java.lang.InterruptedException: sleep interrupted
2019-10-19 01:14:41,020 [grpc-default-executor-3] INFO  impl.RoleInfo (RoleInfo.java:updateAndGet(143)) - 61d14648-e80d-4cd8-9e7c-6deb2f21aca8: start FollowerState
2019-10-19 01:14:41,035 [f143d5cf-4038-4fa8-8601-f5a45f16ca3e@group-A3037D40E172-LeaderElection889] INFO  impl.LeaderElection (LeaderElection.java:logAndReturn(56)) - f143d5cf-4038-4fa8-8601-f5a45f16ca3e@group-A3037D40E172-LeaderElection889: Election REJECTED; received 2 response(s) [f143d5cf-4038-4fa8-8601-f5a45f16ca3e<-2543ffea-c5c6-4af0-856f-eb846bad755a#0:FAIL-t151, f143d5cf-4038-4fa8-8601-f5a45f16ca3e<-61d14648-e80d-4cd8-9e7c-6deb2f21aca8#0:FAIL-t151] and 0 exception(s); f143d5cf-4038-4fa8-8601-f5a45f16ca3e@group-A3037D40E172:t151, leader=null, voted=f143d5cf-4038-4fa8-8601-f5a45f16ca3e, raftlog=f143d5cf-4038-4fa8-8601-f5a45f16ca3e@group-A3037D40E172-SegmentedRaftLog:OPENED:c-1,f-1,i0, conf=-1: [f143d5cf-4038-4fa8-8601-f5a45f16ca3e:192.168.69.71:40169, 2543ffea-c5c6-4af0-856f-eb846bad755a:192.168.69.71:45287, 61d14648-e80d-4cd8-9e7c-6deb2f21aca8:192.168.69.71:42247], old=null
2019-10-19 01:14:41,035 [f143d5cf-4038-4fa8-8601-f5a45f16ca3e@group-A3037D40E172-LeaderElection889] INFO  impl.RaftServerImpl (RaftServerImpl.java:setRole(184)) - f143d5cf-4038-4fa8-8601-f5a45f16ca3e@group-A3037D40E172: changes role from CANDIDATE to FOLLOWER at term 151 for DISCOVERED_A_NEW_TERM
2019-10-19 01:14:41,035 [f143d5cf-4038-4fa8-8601-f5a45f16ca3e@group-A3037D40E172-LeaderElection889] INFO  impl.RoleInfo (RoleInfo.java:shutdownLeaderElection(134)) - f143d5cf-4038-4fa8-8601-f5a45f16ca3e: shutdown LeaderElection
2019-10-19 01:14:41,035 [f143d5cf-4038-4fa8-8601-f5a45f16ca3e@group-A3037D40E172-LeaderElection889] INFO  impl.RoleInfo (RoleInfo.java:updateAndGet(143)) - f143d5cf-4038-4fa8-8601-f5a45f16ca3e: start FollowerState
2019-10-19 01:14:41,088 [Thread-8146] INFO  impl.FollowerState (FollowerState.java:run(108)) - 9c2d914d-67b1-4af9-8080-4d6ee007b506@group-20FCFA0487C4-FollowerState: change to CANDIDATE, lastRpcTime:123ms, electionTimeout:123ms
2019-10-19 01:14:41,089 [Thread-8146] INFO  impl.RoleInfo (RoleInfo.java:shutdownFollowerState(121)) - 9c2d914d-67b1-4af9-8080-4d6ee007b506: shutdown FollowerState
2019-10-19 01:14:41,089 [Thread-8146] INFO  impl.RaftServerImpl (RaftServerImpl.java:setRole(184)) - 9c2d914d-67b1-4af9-8080-4d6ee007b506@group-20FCFA0487C4: changes role from  FOLLOWER to CANDIDATE at term 144 for changeToCandidate
2019-10-19 01:14:41,089 [Thread-8146] INFO  impl.RoleInfo (RoleInfo.java:updateAndGet(143)) - 9c2d914d-67b1-4af9-8080-4d6ee007b506: start LeaderElection
2019-10-19 01:14:41,110 [9c2d914d-67b1-4af9-8080-4d6ee007b506@group-20FCFA0487C4-LeaderElection890] INFO  impl.LeaderElection (LeaderElection.java:askForVotes(178)) - 9c2d914d-67b1-4af9-8080-4d6ee007b506@group-20FCFA0487C4-LeaderElection890: begin an election at term 145 for -1: [88be3607-7667-471c-9070-7dfd13eb5ac8:192.168.69.71:32925, 9c2d914d-67b1-4af9-8080-4d6ee007b506:192.168.69.71:35462, 61d0b7dc-5f8b-422f-8693-c58167224d24:192.168.69.71:43479], old=null
2019-10-19 01:14:41,112 [grpc-default-executor-9] INFO  impl.RaftServerImpl (RaftServerImpl.java:setRole(184)) - 61d0b7dc-5f8b-422f-8693-c58167224d24@group-20FCFA0487C4: changes role from  FOLLOWER to FOLLOWER at term 145 for recognizeCandidate:9c2d914d-67b1-4af9-8080-4d6ee007b506
2019-10-19 01:14:41,112 [grpc-default-executor-3] INFO  impl.RaftServerImpl (RaftServerImpl.java:setRole(184)) - 88be3607-7667-471c-9070-7dfd13eb5ac8@group-20FCFA0487C4: changes role from  FOLLOWER to FOLLOWER at term 145 for recognizeCandidate:9c2d914d-67b1-4af9-8080-4d6ee007b506
2019-10-19 01:14:41,112 [grpc-default-executor-3] INFO  impl.RoleInfo (RoleInfo.java:shutdownFollowerState(121)) - 88be3607-7667-471c-9070-7dfd13eb5ac8: shutdown FollowerState
2019-10-19 01:14:41,112 [grpc-default-executor-9] INFO  impl.RoleInfo (RoleInfo.java:shutdownFollowerState(121)) - 61d0b7dc-5f8b-422f-8693-c58167224d24: shutdown FollowerState
2019-10-19 01:14:41,112 [Thread-8145] INFO  impl.FollowerState (FollowerState.java:run(117)) - 88be3607-7667-471c-9070-7dfd13eb5ac8@group-20FCFA0487C4-FollowerState was interrupted: java.lang.InterruptedException: sleep interrupted
2019-10-19 01:14:41,112 [grpc-default-executor-3] INFO  impl.RoleInfo (RoleInfo.java:updateAndGet(143)) - 88be3607-7667-471c-9070-7dfd13eb5ac8: start FollowerState
2019-10-19 01:14:41,112 [Thread-8144] INFO  impl.FollowerState (FollowerState.java:run(117)) - 61d0b7dc-5f8b-422f-8693-c58167224d24@group-20FCFA0487C4-FollowerState was interrupted: java.lang.InterruptedException: sleep interrupted
2019-10-19 01:14:41,112 [grpc-default-executor-9] INFO  impl.RoleInfo (RoleInfo.java:updateAndGet(143)) - 61d0b7dc-5f8b-422f-8693-c58167224d24: start FollowerState
2019-10-19 01:14:41,126 [9c2d914d-67b1-4af9-8080-4d6ee007b506@group-20FCFA0487C4-LeaderElection890] INFO  impl.LeaderElection (LeaderElection.java:logAndReturn(56)) - 9c2d914d-67b1-4af9-8080-4d6ee007b506@group-20FCFA0487C4-LeaderElection890: Election REJECTED; received 2 response(s) [9c2d914d-67b1-4af9-8080-4d6ee007b506<-88be3607-7667-471c-9070-7dfd13eb5ac8#0:FAIL-t145, 9c2d914d-67b1-4af9-8080-4d6ee007b506<-61d0b7dc-5f8b-422f-8693-c58167224d24#0:FAIL-t145] and 0 exception(s); 9c2d914d-67b1-4af9-8080-4d6ee007b506@group-20FCFA0487C4:t145, leader=null, voted=9c2d914d-67b1-4af9-8080-4d6ee007b506, raftlog=9c2d914d-67b1-4af9-8080-4d6ee007b506@group-20FCFA0487C4-SegmentedRaftLog:OPENED:c-1,f-1,i0, conf=-1: [88be3607-7667-471c-9070-7dfd13eb5ac8:192.168.69.71:32925, 9c2d914d-67b1-4af9-8080-4d6ee007b506:192.168.69.71:35462, 61d0b7dc-5f8b-422f-8693-c58167224d24:192.168.69.71:43479], old=null
2019-10-19 01:14:41,126 [9c2d914d-67b1-4af9-8080-4d6ee007b506@group-20FCFA0487C4-LeaderElection890] INFO  impl.RaftServerImpl (RaftServerImpl.java:setRole(184)) - 9c2d914d-67b1-4af9-8080-4d6ee007b506@group-20FCFA0487C4: changes role from CANDIDATE to FOLLOWER at term 145 for DISCOVERED_A_NEW_TERM
2019-10-19 01:14:41,126 [9c2d914d-67b1-4af9-8080-4d6ee007b506@group-20FCFA0487C4-LeaderElection890] INFO  impl.RoleInfo (RoleInfo.java:shutdownLeaderElection(134)) - 9c2d914d-67b1-4af9-8080-4d6ee007b506: shutdown LeaderElection
2019-10-19 01:14:41,126 [9c2d914d-67b1-4af9-8080-4d6ee007b506@group-20FCFA0487C4-LeaderElection890] INFO  impl.RoleInfo (RoleInfo.java:updateAndGet(143)) - 9c2d914d-67b1-4af9-8080-4d6ee007b506: start FollowerState
2019-10-19 01:14:41,131 [Thread-8164] INFO  impl.FollowerState (FollowerState.java:run(108)) - 9c2d914d-67b1-4af9-8080-4d6ee007b506@group-20FCFA0487C4-FollowerState: change to CANDIDATE, lastRpcTime:4ms, electionTimeout:4ms
2019-10-19 01:14:41,131 [Thread-8164] INFO  impl.RoleInfo (RoleInfo.java:shutdownFollowerState(121)) - 9c2d914d-67b1-4af9-8080-4d6ee007b506: shutdown FollowerState
2019-10-19 01:14:41,131 [Thread-8164] INFO  impl.RaftServerImpl (RaftServerImpl.java:setRole(184)) - 9c2d914d-67b1-4af9-8080-4d6ee007b506@group-20FCFA0487C4: changes role from  FOLLOWER to CANDIDATE at term 145 for changeToCandidate
2019-10-19 01:14:41,131 [Thread-8164] INFO  impl.RoleInfo (RoleInfo.java:updateAndGet(143)) - 9c2d914d-67b1-4af9-8080-4d6ee007b506: start LeaderElection
2019-10-19 01:14:41,144 [9c2d914d-67b1-4af9-8080-4d6ee007b506@group-20FCFA0487C4-LeaderElection891] INFO  impl.LeaderElection (LeaderElection.java:askForVotes(178)) - 9c2d914d-67b1-4af9-8080-4d6ee007b506@group-20FCFA0487C4-LeaderElection891: begin an election at term 146 for -1: [88be3607-7667-471c-9070-7dfd13eb5ac8:192.168.69.71:32925, 9c2d914d-67b1-4af9-8080-4d6ee007b506:192.168.69.71:35462, 61d0b7dc-5f8b-422f-8693-c58167224d24:192.168.69.71:43479], old=null
2019-10-19 01:14:41,145 [grpc-default-executor-9] INFO  impl.RaftServerImpl (RaftServerImpl.java:setRole(184)) - 88be3607-7667-471c-9070-7dfd13eb5ac8@group-20FCFA0487C4: changes role from  FOLLOWER to FOLLOWER at term 146 for recognizeCandidate:9c2d914d-67b1-4af9-8080-4d6ee007b506
2019-10-19 01:14:41,145 [grpc-default-executor-3] INFO  impl.RaftServerImpl (RaftServerImpl.java:setRole(184)) - 61d0b7dc-5f8b-422f-8693-c58167224d24@group-20FCFA0487C4: changes role from  FOLLOWER to FOLLOWER at term 146 for recognizeCandidate:9c2d914d-67b1-4af9-8080-4d6ee007b506
2019-10-19 01:14:41,145 [grpc-default-executor-3] INFO  impl.RoleInfo (RoleInfo.java:shutdownFollowerState(121)) - 61d0b7dc-5f8b-422f-8693-c58167224d24: shutdown FollowerState
2019-10-19 01:14:41,145 [grpc-default-executor-9] INFO  impl.RoleInfo (RoleInfo.java:shutdownFollowerState(121)) - 88be3607-7667-471c-9070-7dfd13eb5ac8: shutdown FollowerState
2019-10-19 01:14:41,145 [Thread-8163] INFO  impl.FollowerState (FollowerState.java:run(117)) - 61d0b7dc-5f8b-422f-8693-c58167224d24@group-20FCFA0487C4-FollowerState was interrupted: java.lang.InterruptedException: sleep interrupted
2019-10-19 01:14:41,145 [grpc-default-executor-3] INFO  impl.RoleInfo (RoleInfo.java:updateAndGet(143)) - 61d0b7dc-5f8b-422f-8693-c58167224d24: start FollowerState
2019-10-19 01:14:41,145 [Thread-8162] INFO  impl.FollowerState (FollowerState.java:run(117)) - 88be3607-7667-471c-9070-7dfd13eb5ac8@group-20FCFA0487C4-FollowerState was interrupted: java.lang.InterruptedException: sleep interrupted
2019-10-19 01:14:41,145 [grpc-default-executor-9] INFO  impl.RoleInfo (RoleInfo.java:updateAndGet(143)) - 88be3607-7667-471c-9070-7dfd13eb5ac8: start FollowerState
2019-10-19 01:14:41,146 [Thread-8158] INFO  impl.FollowerState (FollowerState.java:run(108)) - f143d5cf-4038-4fa8-8601-f5a45f16ca3e@group-A3037D40E172-FollowerState: change to CANDIDATE, lastRpcTime:111ms, electionTimeout:111ms
2019-10-19 01:14:41,146 [Thread-8158] INFO  impl.RoleInfo (RoleInfo.java:shutdownFollowerState(121)) - f143d5cf-4038-4fa8-8601-f5a45f16ca3e: shutdown FollowerState
2019-10-19 01:14:41,146 [Thread-8158] INFO  impl.RaftServerImpl (RaftServerImpl.java:setRole(184)) - f143d5cf-4038-4fa8-8601-f5a45f16ca3e@group-A3037D40E172: changes role from  FOLLOWER to CANDIDATE at term 151 for changeToCandidate
2019-10-19 01:14:41,146 [Thread-8158] INFO  impl.RoleInfo (RoleInfo.java:updateAndGet(143)) - f143d5cf-4038-4fa8-8601-f5a45f16ca3e: start LeaderElection
2019-10-19 01:14:41,165 [f143d5cf-4038-4fa8-8601-f5a45f16ca3e@group-A3037D40E172-LeaderElection892] INFO  impl.LeaderElection (LeaderElection.java:askForVotes(178)) - f143d5cf-4038-4fa8-8601-f5a45f16ca3e@group-A3037D40E172-LeaderElection892: begin an election at term 152 for -1: [f143d5cf-4038-4fa8-8601-f5a45f16ca3e:192.168.69.71:40169, 2543ffea-c5c6-4af0-856f-eb846bad755a:192.168.69.71:45287, 61d14648-e80d-4cd8-9e7c-6deb2f21aca8:192.168.69.71:42247], old=null
2019-10-19 01:14:41,166 [grpc-default-executor-9] INFO  impl.RaftServerImpl (RaftServerImpl.java:setRole(184)) - 61d14648-e80d-4cd8-9e7c-6deb2f21aca8@group-A3037D40E172: changes role from  FOLLOWER to FOLLOWER at term 152 for recognizeCandidate:f143d5cf-4038-4fa8-8601-f5a45f16ca3e
2019-10-19 01:14:41,166 [grpc-default-executor-9] INFO  impl.RoleInfo (RoleInfo.java:shutdownFollowerState(121)) - 61d14648-e80d-4cd8-9e7c-6deb2f21aca8: shutdown FollowerState
2019-10-19 01:14:41,166 [grpc-default-executor-9] INFO  impl.RoleInfo (RoleInfo.java:updateAndGet(143)) - 61d14648-e80d-4cd8-9e7c-6deb2f21aca8: start FollowerState
2019-10-19 01:14:41,166 [Thread-8157] INFO  impl.FollowerState (FollowerState.java:run(117)) - 61d14648-e80d-4cd8-9e7c-6deb2f21aca8@group-A3037D40E172-FollowerState was interrupted: java.lang.InterruptedException: sleep interrupted
2019-10-19 01:14:41,167 [9c2d914d-67b1-4af9-8080-4d6ee007b506@group-20FCFA0487C4-LeaderElection891] INFO  impl.LeaderElection (LeaderElection.java:logAndReturn(56)) - 9c2d914d-67b1-4af9-8080-4d6ee007b506@group-20FCFA0487C4-LeaderElection891: Election REJECTED; received 2 response(s) [9c2d914d-67b1-4af9-8080-4d6ee007b506<-88be3607-7667-471c-9070-7dfd13eb5ac8#0:FAIL-t146, 9c2d914d-67b1-4af9-8080-4d6ee007b506<-61d0b7dc-5f8b-422f-8693-c58167224d24#0:FAIL-t146] and 0 exception(s); 9c2d914d-67b1-4af9-8080-4d6ee007b506@group-20FCFA0487C4:t146, leader=null, voted=9c2d914d-67b1-4af9-8080-4d6ee007b506, raftlog=9c2d914d-67b1-4af9-8080-4d6ee007b506@group-20FCFA0487C4-SegmentedRaftLog:OPENED:c-1,f-1,i0, conf=-1: [88be3607-7667-471c-9070-7dfd13eb5ac8:192.168.69.71:32925, 9c2d914d-67b1-4af9-8080-4d6ee007b506:192.168.69.71:35462, 61d0b7dc-5f8b-422f-8693-c58167224d24:192.168.69.71:43479], old=null
2019-10-19 01:14:41,167 [9c2d914d-67b1-4af9-8080-4d6ee007b506@group-20FCFA0487C4-LeaderElection891] INFO  impl.RaftServerImpl (RaftServerImpl.java:setRole(184)) - 9c2d914d-67b1-4af9-8080-4d6ee007b506@group-20FCFA0487C4: changes role from CANDIDATE to FOLLOWER at term 146 for DISCOVERED_A_NEW_TERM
2019-10-19 01:14:41,167 [9c2d914d-67b1-4af9-8080-4d6ee007b506@group-20FCFA0487C4-LeaderElection891] INFO  impl.RoleInfo (RoleInfo.java:shutdownLeaderElection(134)) - 9c2d914d-67b1-4af9-8080-4d6ee007b506: shutdown LeaderElection
2019-10-19 01:14:41,167 [grpc-default-executor-10] INFO  impl.RaftServerImpl (RaftServerImpl.java:setRole(184)) - 2543ffea-c5c6-4af0-856f-eb846bad755a@group-A3037D40E172: changes role from  FOLLOWER to FOLLOWER at term 152 for recognizeCandidate:f143d5cf-4038-4fa8-8601-f5a45f16ca3e
2019-10-19 01:14:41,167 [grpc-default-executor-10] INFO  impl.RoleInfo (RoleInfo.java:shutdownFollowerState(121)) - 2543ffea-c5c6-4af0-856f-eb846bad755a: shutdown FollowerState
2019-10-19 01:14:41,167 [9c2d914d-67b1-4af9-8080-4d6ee007b506@group-20FCFA0487C4-LeaderElection891] INFO  impl.RoleInfo (RoleInfo.java:updateAndGet(143)) - 9c2d914d-67b1-4af9-8080-4d6ee007b506: start FollowerState
2019-10-19 01:14:41,167 [Thread-8156] INFO  impl.FollowerState (FollowerState.java:run(117)) - 2543ffea-c5c6-4af0-856f-eb846bad755a@group-A3037D40E172-FollowerState was interrupted: java.lang.InterruptedException: sleep interrupted
2019-10-19 01:14:41,167 [grpc-default-executor-10] INFO  impl.RoleInfo (RoleInfo.java:updateAndGet(143)) - 2543ffea-c5c6-4af0-856f-eb846bad755a: start FollowerState
2019-10-19 01:14:41,182 [f143d5cf-4038-4fa8-8601-f5a45f16ca3e@group-A3037D40E172-LeaderElection892] INFO  impl.LeaderElection (LeaderElection.java:logAndReturn(56)) - f143d5cf-4038-4fa8-8601-f5a45f16ca3e@group-A3037D40E172-LeaderElection892: Election REJECTED; received 2 response(s) [f143d5cf-4038-4fa8-8601-f5a45f16ca3e<-2543ffea-c5c6-4af0-856f-eb846bad755a#0:FAIL-t152, f143d5cf-4038-4fa8-8601-f5a45f16ca3e<-61d14648-e80d-4cd8-9e7c-6deb2f21aca8#0:FAIL-t152] and 0 exception(s); f143d5cf-4038-4fa8-8601-f5a45f16ca3e@group-A3037D40E172:t152, leader=null, voted=f143d5cf-4038-4fa8-8601-f5a45f16ca3e, raftlog=f143d5cf-4038-4fa8-8601-f5a45f16ca3e@group-A3037D40E172-SegmentedRaftLog:OPENED:c-1,f-1,i0, conf=-1: [f143d5cf-4038-4fa8-8601-f5a45f16ca3e:192.168.69.71:40169, 2543ffea-c5c6-4af0-856f-eb846bad755a:192.168.69.71:45287, 61d14648-e80d-4cd8-9e7c-6deb2f21aca8:192.168.69.71:42247], old=null
2019-10-19 01:14:41,182 [f143d5cf-4038-4fa8-8601-f5a45f16ca3e@group-A3037D40E172-LeaderElection892] INFO  impl.RaftServerImpl (RaftServerImpl.java:setRole(184)) - f143d5cf-4038-4fa8-8601-f5a45f16ca3e@group-A3037D40E172: changes role from CANDIDATE to FOLLOWER at term 152 for DISCOVERED_A_NEW_TERM
2019-10-19 01:14:41,184 [f143d5cf-4038-4fa8-8601-f5a45f16ca3e@group-A3037D40E172-LeaderElection892] INFO  impl.RoleInfo (RoleInfo.java:shutdownLeaderElection(134)) - f143d5cf-4038-4fa8-8601-f5a45f16ca3e: shutdown LeaderElection
2019-10-19 01:14:41,184 [f143d5cf-4038-4fa8-8601-f5a45f16ca3e@group-A3037D40E172-LeaderElection892] INFO  impl.RoleInfo (RoleInfo.java:updateAndGet(143)) - f143d5cf-4038-4fa8-8601-f5a45f16ca3e: start FollowerState
2019-10-19 01:14:41,214 [Thread-8177] INFO  impl.FollowerState (FollowerState.java:run(108)) - 9c2d914d-67b1-4af9-8080-4d6ee007b506@group-20FCFA0487C4-FollowerState: change to CANDIDATE, lastRpcTime:46ms, electionTimeout:46ms
2019-10-19 01:14:41,214 [Thread-8177] INFO  impl.RoleInfo (RoleInfo.java:shutdownFollowerState(121)) - 9c2d914d-67b1-4af9-8080-4d6ee007b506: shutdown FollowerState
2019-10-19 01:14:41,214 [Thread-8177] INFO  impl.RaftServerImpl (RaftServerImpl.java:setRole(184)) - 9c2d914d-67b1-4af9-8080-4d6ee007b506@group-20FCFA0487C4: changes role from  FOLLOWER to CANDIDATE at term 146 for changeToCandidate
2019-10-19 01:14:41,214 [Thread-8177] INFO  impl.RoleInfo (RoleInfo.java:updateAndGet(143)) - 9c2d914d-67b1-4af9-8080-4d6ee007b506: start LeaderElection
2019-10-19 01:14:41,265 [9c2d914d-67b1-4af9-8080-4d6ee007b506@group-20FCFA0487C4-LeaderElection893] INFO  impl.LeaderElection (LeaderElection.java:askForVotes(178)) - 9c2d914d-67b1-4af9-8080-4d6ee007b506@group-20FCFA0487C4-LeaderElection893: begin an election at term 147 for -1: [88be3607-7667-471c-9070-7dfd13eb5ac8:192.168.69.71:32925, 9c2d914d-67b1-4af9-8080-4d6ee007b506:192.168.69.71:35462, 61d0b7dc-5f8b-422f-8693-c58167224d24:192.168.69.71:43479], old=null
2019-10-19 01:14:41,267 [grpc-default-executor-3] INFO  impl.RaftServerImpl (RaftServerImpl.java:setRole(184)) - 61d0b7dc-5f8b-422f-8693-c58167224d24@group-20FCFA0487C4: changes role from  FOLLOWER to FOLLOWER at term 147 for recognizeCandidate:9c2d914d-67b1-4af9-8080-4d6ee007b506
2019-10-19 01:14:41,267 [grpc-default-executor-3] INFO  impl.RoleInfo (RoleInfo.java:shutdownFollowerState(121)) - 61d0b7dc-5f8b-422f-8693-c58167224d24: shutdown FollowerState
2019-10-19 01:14:41,267 [grpc-default-executor-3] INFO  impl.RoleInfo (RoleInfo.java:updateAndGet(143)) - 61d0b7dc-5f8b-422f-8693-c58167224d24: start FollowerState
2019-10-19 01:14:41,267 [grpc-default-executor-10] INFO  impl.RaftServerImpl (RaftServerImpl.java:setRole(184)) - 88be3607-7667-471c-9070-7dfd13eb5ac8@group-20FCFA0487C4: changes role from  FOLLOWER to FOLLOWER at term 147 for recognizeCandidate:9c2d914d-67b1-4af9-8080-4d6ee007b506
2019-10-19 01:14:41,267 [grpc-default-executor-10] INFO  impl.RoleInfo (RoleInfo.java:shutdownFollowerState(121)) - 88be3607-7667-471c-9070-7dfd13eb5ac8: shutdown FollowerState
2019-10-19 01:14:41,267 [Thread-8168] INFO  impl.FollowerState (FollowerState.java:run(117)) - 61d0b7dc-5f8b-422f-8693-c58167224d24@group-20FCFA0487C4-FollowerState was interrupted: java.lang.InterruptedException: sleep interrupted
2019-10-19 01:14:41,267 [Thread-8169] INFO  impl.FollowerState (FollowerState.java:run(117)) - 88be3607-7667-471c-9070-7dfd13eb5ac8@group-20FCFA0487C4-FollowerState was interrupted: java.lang.InterruptedException: sleep interrupted
2019-10-19 01:14:41,267 [grpc-default-executor-10] INFO  impl.RoleInfo (RoleInfo.java:updateAndGet(143)) - 88be3607-7667-471c-9070-7dfd13eb5ac8: start FollowerState
2019-10-19 01:14:41,287 [9c2d914d-67b1-4af9-8080-4d6ee007b506@group-20FCFA0487C4-LeaderElection893] INFO  impl.LeaderElection (LeaderElection.java:logAndReturn(56)) - 9c2d914d-67b1-4af9-8080-4d6ee007b506@group-20FCFA0487C4-LeaderElection893: Election REJECTED; received 2 response(s) [9c2d914d-67b1-4af9-8080-4d6ee007b506<-88be3607-7667-471c-9070-7dfd13eb5ac8#0:FAIL-t147, 9c2d914d-67b1-4af9-8080-4d6ee007b506<-61d0b7dc-5f8b-422f-8693-c58167224d24#0:FAIL-t147] and 0 exception(s); 9c2d914d-67b1-4af9-8080-4d6ee007b506@group-20FCFA0487C4:t147, leader=null, voted=9c2d914d-67b1-4af9-8080-4d6ee007b506, raftlog=9c2d914d-67b1-4af9-8080-4d6ee007b506@group-20FCFA0487C4-SegmentedRaftLog:OPENED:c-1,f-1,i0, conf=-1: [88be3607-7667-471c-9070-7dfd13eb5ac8:192.168.69.71:32925, 9c2d914d-67b1-4af9-8080-4d6ee007b506:192.168.69.71:35462, 61d0b7dc-5f8b-422f-8693-c58167224d24:192.168.69.71:43479], old=null
2019-10-19 01:14:41,287 [9c2d914d-67b1-4af9-8080-4d6ee007b506@group-20FCFA0487C4-LeaderElection893] INFO  impl.RaftServerImpl (RaftServerImpl.java:setRole(184)) - 9c2d914d-67b1-4af9-8080-4d6ee007b506@group-20FCFA0487C4: changes role from CANDIDATE to FOLLOWER at term 147 for DISCOVERED_A_NEW_TERM
2019-10-19 01:14:41,287 [9c2d914d-67b1-4af9-8080-4d6ee007b506@group-20FCFA0487C4-LeaderElection893] INFO  impl.RoleInfo (RoleInfo.java:shutdownLeaderElection(134)) - 9c2d914d-67b1-4af9-8080-4d6ee007b506: shutdown LeaderElection
2019-10-19 01:14:41,287 [9c2d914d-67b1-4af9-8080-4d6ee007b506@group-20FCFA0487C4-LeaderElection893] INFO  impl.RoleInfo (RoleInfo.java:updateAndGet(143)) - 9c2d914d-67b1-4af9-8080-4d6ee007b506: start FollowerState
2019-10-19 01:14:41,343 [Thread-8180] INFO  impl.FollowerState (FollowerState.java:run(108)) - f143d5cf-4038-4fa8-8601-f5a45f16ca3e@group-A3037D40E172-FollowerState: change to CANDIDATE, lastRpcTime:158ms, electionTimeout:158ms
2019-10-19 01:14:41,343 [Thread-8180] INFO  impl.RoleInfo (RoleInfo.java:shutdownFollowerState(121)) - f143d5cf-4038-4fa8-8601-f5a45f16ca3e: shutdown FollowerState
2019-10-19 01:14:41,343 [Thread-8180] INFO  impl.RaftServerImpl (RaftServerImpl.java:setRole(184)) - f143d5cf-4038-4fa8-8601-f5a45f16ca3e@group-A3037D40E172: changes role from  FOLLOWER to CANDIDATE at term 152 for changeToCandidate
2019-10-19 01:14:41,343 [Thread-8180] INFO  impl.RoleInfo (RoleInfo.java:updateAndGet(143)) - f143d5cf-4038-4fa8-8601-f5a45f16ca3e: start LeaderElection
2019-10-19 01:14:41,360 [f143d5cf-4038-4fa8-8601-f5a45f16ca3e@group-A3037D40E172-LeaderElection894] INFO  impl.LeaderElection (LeaderElection.java:askForVotes(178)) - f143d5cf-4038-4fa8-8601-f5a45f16ca3e@group-A3037D40E172-LeaderElection894: begin an election at term 153 for -1: [f143d5cf-4038-4fa8-8601-f5a45f16ca3e:192.168.69.71:40169, 2543ffea-c5c6-4af0-856f-eb846bad755a:192.168.69.71:45287, 61d14648-e80d-4cd8-9e7c-6deb2f21aca8:192.168.69.71:42247], old=null
2019-10-19 01:14:41,361 [grpc-default-executor-10] INFO  impl.RaftServerImpl (RaftServerImpl.java:setRole(184)) - 61d14648-e80d-4cd8-9e7c-6deb2f21aca8@group-A3037D40E172: changes role from  FOLLOWER to FOLLOWER at term 153 for recognizeCandidate:f143d5cf-4038-4fa8-8601-f5a45f16ca3e
2019-10-19 01:14:41,361 [grpc-default-executor-3] INFO  impl.RaftServerImpl (RaftServerImpl.java:setRole(184)) - 2543ffea-c5c6-4af0-856f-eb846bad755a@group-A3037D40E172: changes role from  FOLLOWER to FOLLOWER at term 153 for recognizeCandidate:f143d5cf-4038-4fa8-8601-f5a45f16ca3e
2019-10-19 01:14:41,361 [grpc-default-executor-3] INFO  impl.RoleInfo (RoleInfo.java:shutdownFollowerState(121)) - 2543ffea-c5c6-4af0-856f-eb846bad755a: shutdown FollowerState
2019-10-19 01:14:41,361 [grpc-default-executor-10] INFO  impl.RoleInfo (RoleInfo.java:shutdownFollowerState(121)) - 61d14648-e80d-4cd8-9e7c-6deb2f21aca8: shutdown FollowerState
2019-10-19 01:14:41,362 [Thread-8178] INFO  impl.FollowerState (FollowerState.java:run(117)) - 2543ffea-c5c6-4af0-856f-eb846bad755a@group-A3037D40E172-FollowerState was interrupted: java.lang.InterruptedException: sleep interrupted
2019-10-19 01:14:41,362 [grpc-default-executor-3] INFO  impl.RoleInfo (RoleInfo.java:updateAndGet(143)) - 2543ffea-c5c6-4af0-856f-eb846bad755a: start FollowerState
2019-10-19 01:14:41,362 [Thread-8176] INFO  impl.FollowerState (FollowerState.java:run(117)) - 61d14648-e80d-4cd8-9e7c-6deb2f21aca8@group-A3037D40E172-FollowerState was interrupted: java.lang.InterruptedException: sleep interrupted
2019-10-19 01:14:41,362 [grpc-default-executor-10] INFO  impl.RoleInfo (RoleInfo.java:updateAndGet(143)) - 61d14648-e80d-4cd8-9e7c-6deb2f21aca8: start FollowerState
2019-10-19 01:14:41,373 [f143d5cf-4038-4fa8-8601-f5a45f16ca3e@group-A3037D40E172-LeaderElection894] INFO  impl.LeaderElection (LeaderElection.java:logAndReturn(56)) - f143d5cf-4038-4fa8-8601-f5a45f16ca3e@group-A3037D40E172-LeaderElection894: Election REJECTED; received 2 response(s) [f143d5cf-4038-4fa8-8601-f5a45f16ca3e<-2543ffea-c5c6-4af0-856f-eb846bad755a#0:FAIL-t153, f143d5cf-4038-4fa8-8601-f5a45f16ca3e<-61d14648-e80d-4cd8-9e7c-6deb2f21aca8#0:FAIL-t153] and 0 exception(s); f143d5cf-4038-4fa8-8601-f5a45f16ca3e@group-A3037D40E172:t153, leader=null, voted=f143d5cf-4038-4fa8-8601-f5a45f16ca3e, raftlog=f143d5cf-4038-4fa8-8601-f5a45f16ca3e@group-A3037D40E172-SegmentedRaftLog:OPENED:c-1,f-1,i0, conf=-1: [f143d5cf-4038-4fa8-8601-f5a45f16ca3e:192.168.69.71:40169, 2543ffea-c5c6-4af0-856f-eb846bad755a:192.168.69.71:45287, 61d14648-e80d-4cd8-9e7c-6deb2f21aca8:192.168.69.71:42247], old=null
2019-10-19 01:14:41,373 [f143d5cf-4038-4fa8-8601-f5a45f16ca3e@group-A3037D40E172-LeaderElection894] INFO  impl.RaftServerImpl (RaftServerImpl.java:setRole(184)) - f143d5cf-4038-4fa8-8601-f5a45f16ca3e@group-A3037D40E172: changes role from CANDIDATE to FOLLOWER at term 153 for DISCOVERED_A_NEW_TERM
2019-10-19 01:14:41,374 [f143d5cf-4038-4fa8-8601-f5a45f16ca3e@group-A3037D40E172-LeaderElection894] INFO  impl.RoleInfo (RoleInfo.java:shutdownLeaderElection(134)) - f143d5cf-4038-4fa8-8601-f5a45f16ca3e: shutdown LeaderElection
2019-10-19 01:14:41,374 [f143d5cf-4038-4fa8-8601-f5a45f16ca3e@group-A3037D40E172-LeaderElection894] INFO  impl.RoleInfo (RoleInfo.java:updateAndGet(143)) - f143d5cf-4038-4fa8-8601-f5a45f16ca3e: start FollowerState
2019-10-19 01:14:41,401 [Thread-8186] INFO  impl.FollowerState (FollowerState.java:run(108)) - 9c2d914d-67b1-4af9-8080-4d6ee007b506@group-20FCFA0487C4-FollowerState: change to CANDIDATE, lastRpcTime:113ms, electionTimeout:112ms
2019-10-19 01:14:41,401 [Thread-8186] INFO  impl.RoleInfo (RoleInfo.java:shutdownFollowerState(121)) - 9c2d914d-67b1-4af9-8080-4d6ee007b506: shutdown FollowerState
2019-10-19 01:14:41,401 [Thread-8186] INFO  impl.RaftServerImpl (RaftServerImpl.java:setRole(184)) - 9c2d914d-67b1-4af9-8080-4d6ee007b506@group-20FCFA0487C4: changes role from  FOLLOWER to CANDIDATE at term 147 for changeToCandidate
2019-10-19 01:14:41,401 [Thread-8186] INFO  impl.RoleInfo (RoleInfo.java:updateAndGet(143)) - 9c2d914d-67b1-4af9-8080-4d6ee007b506: start LeaderElection
2019-10-19 01:14:41,426 [Thread-8192] INFO  impl.FollowerState (FollowerState.java:run(108)) - f143d5cf-4038-4fa8-8601-f5a45f16ca3e@group-A3037D40E172-FollowerState: change to CANDIDATE, lastRpcTime:52ms, electionTimeout:52ms
2019-10-19 01:14:41,426 [Thread-8192] INFO  impl.RoleInfo (RoleInfo.java:shutdownFollowerState(121)) - f143d5cf-4038-4fa8-8601-f5a45f16ca3e: shutdown FollowerState
2019-10-19 01:14:41,426 [Thread-8192] INFO  impl.RaftServerImpl (RaftServerImpl.java:setRole(184)) - f143d5cf-4038-4fa8-8601-f5a45f16ca3e@group-A3037D40E172: changes role from  FOLLOWER to CANDIDATE at term 153 for changeToCandidate
2019-10-19 01:14:41,426 [Thread-8192] INFO  impl.RoleInfo (RoleInfo.java:updateAndGet(143)) - f143d5cf-4038-4fa8-8601-f5a45f16ca3e: start LeaderElection
2019-10-19 01:14:41,446 [f143d5cf-4038-4fa8-8601-f5a45f16ca3e@group-A3037D40E172-LeaderElection896] INFO  impl.LeaderElection (LeaderElection.java:askForVotes(178)) - f143d5cf-4038-4fa8-8601-f5a45f16ca3e@group-A3037D40E172-LeaderElection896: begin an election at term 154 for -1: [f143d5cf-4038-4fa8-8601-f5a45f16ca3e:192.168.69.71:40169, 2543ffea-c5c6-4af0-856f-eb846bad755a:192.168.69.71:45287, 61d14648-e80d-4cd8-9e7c-6deb2f21aca8:192.168.69.71:42247], old=null
2019-10-19 01:14:41,446 [9c2d914d-67b1-4af9-8080-4d6ee007b506@group-20FCFA0487C4-LeaderElection895] INFO  impl.LeaderElection (LeaderElection.java:askForVotes(178)) - 9c2d914d-67b1-4af9-8080-4d6ee007b506@group-20FCFA0487C4-LeaderElection895: begin an election at term 148 for -1: [88be3607-7667-471c-9070-7dfd13eb5ac8:192.168.69.71:32925, 9c2d914d-67b1-4af9-8080-4d6ee007b506:192.168.69.71:35462, 61d0b7dc-5f8b-422f-8693-c58167224d24:192.168.69.71:43479], old=null
2019-10-19 01:14:41,447 [grpc-default-executor-3] INFO  impl.RaftServerImpl (RaftServerImpl.java:setRole(184)) - 2543ffea-c5c6-4af0-856f-eb846bad755a@group-A3037D40E172: changes role from  FOLLOWER to FOLLOWER at term 154 for recognizeCandidate:f143d5cf-4038-4fa8-8601-f5a45f16ca3e
2019-10-19 01:14:41,447 [grpc-default-executor-10] INFO  impl.RaftServerImpl (RaftServerImpl.java:setRole(184)) - 61d0b7dc-5f8b-422f-8693-c58167224d24@group-20FCFA0487C4: changes role from  FOLLOWER to FOLLOWER at term 148 for recognizeCandidate:9c2d914d-67b1-4af9-8080-4d6ee007b506
2019-10-19 01:14:41,447 [grpc-default-executor-10] INFO  impl.RoleInfo (RoleInfo.java:shutdownFollowerState(121)) - 61d0b7dc-5f8b-422f-8693-c58167224d24: shutdown FollowerState
2019-10-19 01:14:41,447 [grpc-default-executor-3] INFO  impl.RoleInfo (RoleInfo.java:shutdownFollowerState(121)) - 2543ffea-c5c6-4af0-856f-eb846bad755a: shutdown FollowerState
2019-10-19 01:14:41,448 [Thread-8184] INFO  impl.FollowerState (FollowerState.java:run(117)) - 61d0b7dc-5f8b-422f-8693-c58167224d24@group-20FCFA0487C4-FollowerState was interrupted: java.lang.InterruptedException: sleep interrupted
2019-10-19 01:14:41,448 [grpc-default-executor-10] INFO  impl.RoleInfo (RoleInfo.java:updateAndGet(143)) - 61d0b7dc-5f8b-422f-8693-c58167224d24: start FollowerState
2019-10-19 01:14:41,447 [grpc-default-executor-9] INFO  impl.RaftServerImpl (RaftServerImpl.java:setRole(184)) - 61d14648-e80d-4cd8-9e7c-6deb2f21aca8@group-A3037D40E172: changes role from  FOLLOWER to FOLLOWER at term 154 for recognizeCandidate:f143d5cf-4038-4fa8-8601-f5a45f16ca3e
2019-10-19 01:14:41,448 [grpc-default-executor-9] INFO  impl.RoleInfo (RoleInfo.java:shutdownFollowerState(121)) - 61d14648-e80d-4cd8-9e7c-6deb2f21aca8: shutdown FollowerState
2019-10-19 01:14:41,448 [Thread-8190] INFO  impl.FollowerState (FollowerState.java:run(117)) - 2543ffea-c5c6-4af0-856f-eb846bad755a@group-A3037D40E172-FollowerState was interrupted: java.lang.InterruptedException: sleep interrupted
2019-10-19 01:14:41,448 [grpc-default-executor-3] INFO  impl.RoleInfo (RoleInfo.java:updateAndGet(143)) - 2543ffea-c5c6-4af0-856f-eb846bad755a: start FollowerState
2019-10-19 01:14:41,448 [grpc-default-executor-1] INFO  impl.RaftServerImpl (RaftServerImpl.java:setRole(184)) - 88be3607-7667-471c-9070-7dfd13eb5ac8@group-20FCFA0487C4: changes role from  FOLLOWER to FOLLOWER at term 148 for recognizeCandidate:9c2d914d-67b1-4af9-8080-4d6ee007b506
2019-10-19 01:14:41,448 [grpc-default-executor-1] INFO  impl.RoleInfo (RoleInfo.java:shutdownFollowerState(121)) - 88be3607-7667-471c-9070-7dfd13eb5ac8: shutdown FollowerState
2019-10-19 01:14:41,448 [Thread-8191] INFO  impl.FollowerState (FollowerState.java:run(117)) - 61d14648-e80d-4cd8-9e7c-6deb2f21aca8@group-A3037D40E172-FollowerState was interrupted: java.lang.InterruptedException: sleep interrupted
2019-10-19 01:14:41,448 [Thread-8185] INFO  impl.FollowerState (FollowerState.java:run(117)) - 88be3607-7667-471c-9070-7dfd13eb5ac8@group-20FCFA0487C4-FollowerState was interrupted: java.lang.InterruptedException: sleep interrupted
2019-10-19 01:14:41,448 [grpc-default-executor-9] INFO  impl.RoleInfo (RoleInfo.java:updateAndGet(143)) - 61d14648-e80d-4cd8-9e7c-6deb2f21aca8: start FollowerState
2019-10-19 01:14:41,448 [grpc-default-executor-1] INFO  impl.RoleInfo (RoleInfo.java:updateAndGet(143)) - 88be3607-7667-471c-9070-7dfd13eb5ac8: start FollowerState
2019-10-19 01:14:41,459 [9c2d914d-67b1-4af9-8080-4d6ee007b506@group-20FCFA0487C4-LeaderElection895] INFO  impl.LeaderElection (LeaderElection.java:logAndReturn(56)) - 9c2d914d-67b1-4af9-8080-4d6ee007b506@group-20FCFA0487C4-LeaderElection895: Election REJECTED; received 2 response(s) [9c2d914d-67b1-4af9-8080-4d6ee007b506<-88be3607-7667-471c-9070-7dfd13eb5ac8#0:FAIL-t148, 9c2d914d-67b1-4af9-8080-4d6ee007b506<-61d0b7dc-5f8b-422f-8693-c58167224d24#0:FAIL-t148] and 0 exception(s); 9c2d914d-67b1-4af9-8080-4d6ee007b506@group-20FCFA0487C4:t148, leader=null, voted=9c2d914d-67b1-4af9-8080-4d6ee007b506, raftlog=9c2d914d-67b1-4af9-8080-4d6ee007b506@group-20FCFA0487C4-SegmentedRaftLog:OPENED:c-1,f-1,i0, conf=-1: [88be3607-7667-471c-9070-7dfd13eb5ac8:192.168.69.71:32925, 9c2d914d-67b1-4af9-8080-4d6ee007b506:192.168.69.71:35462, 61d0b7dc-5f8b-422f-8693-c58167224d24:192.168.69.71:43479], old=null
2019-10-19 01:14:41,459 [f143d5cf-4038-4fa8-8601-f5a45f16ca3e@group-A3037D40E172-LeaderElection896] INFO  impl.LeaderElection (LeaderElection.java:logAndReturn(56)) - f143d5cf-4038-4fa8-8601-f5a45f16ca3e@group-A3037D40E172-LeaderElection896: Election REJECTED; received 2 response(s) [f143d5cf-4038-4fa8-8601-f5a45f16ca3e<-2543ffea-c5c6-4af0-856f-eb846bad755a#0:FAIL-t154, f143d5cf-4038-4fa8-8601-f5a45f16ca3e<-61d14648-e80d-4cd8-9e7c-6deb2f21aca8#0:FAIL-t154] and 0 exception(s); f143d5cf-4038-4fa8-8601-f5a45f16ca3e@group-A3037D40E172:t154, leader=null, voted=f143d5cf-4038-4fa8-8601-f5a45f16ca3e, raftlog=f143d5cf-4038-4fa8-8601-f5a45f16ca3e@group-A3037D40E172-SegmentedRaftLog:OPENED:c-1,f-1,i0, conf=-1: [f143d5cf-4038-4fa8-8601-f5a45f16ca3e:192.168.69.71:40169, 2543ffea-c5c6-4af0-856f-eb846bad755a:192.168.69.71:45287, 61d14648-e80d-4cd8-9e7c-6deb2f21aca8:192.168.69.71:42247], old=null
2019-10-19 01:14:41,459 [9c2d914d-67b1-4af9-8080-4d6ee007b506@group-20FCFA0487C4-LeaderElection895] INFO  impl.RaftServerImpl (RaftServerImpl.java:setRole(184)) - 9c2d914d-67b1-4af9-8080-4d6ee007b506@group-20FCFA0487C4: changes role from CANDIDATE to FOLLOWER at term 148 for DISCOVERED_A_NEW_TERM
2019-10-19 01:14:41,459 [f143d5cf-4038-4fa8-8601-f5a45f16ca3e@group-A3037D40E172-LeaderElection896] INFO  impl.RaftServerImpl (RaftServerImpl.java:setRole(184)) - f143d5cf-4038-4fa8-8601-f5a45f16ca3e@group-A3037D40E172: changes role from CANDIDATE to FOLLOWER at term 154 for DISCOVERED_A_NEW_TERM
2019-10-19 01:14:41,459 [9c2d914d-67b1-4af9-8080-4d6ee007b506@group-20FCFA0487C4-LeaderElection895] INFO  impl.RoleInfo (RoleInfo.java:shutdownLeaderElection(134)) - 9c2d914d-67b1-4af9-8080-4d6ee007b506: shutdown LeaderElection
2019-10-19 01:14:41,459 [f143d5cf-4038-4fa8-8601-f5a45f16ca3e@group-A3037D40E172-LeaderElection896] INFO  impl.RoleInfo (RoleInfo.java:shutdownLeaderElection(134)) - f143d5cf-4038-4fa8-8601-f5a45f16ca3e: shutdown LeaderElection
2019-10-19 01:14:41,459 [9c2d914d-67b1-4af9-8080-4d6ee007b506@group-20FCFA0487C4-LeaderElection895] INFO  impl.RoleInfo (RoleInfo.java:updateAndGet(143)) - 9c2d914d-67b1-4af9-8080-4d6ee007b506: start FollowerState
2019-10-19 01:14:41,459 [f143d5cf-4038-4fa8-8601-f5a45f16ca3e@group-A3037D40E172-LeaderElection896] INFO  impl.RoleInfo (RoleInfo.java:updateAndGet(143)) - f143d5cf-4038-4fa8-8601-f5a45f16ca3e: start FollowerState
2019-10-19 01:14:41,558 [Thread-8203] INFO  impl.FollowerState (FollowerState.java:run(108)) - 9c2d914d-67b1-4af9-8080-4d6ee007b506@group-20FCFA0487C4-FollowerState: change to CANDIDATE, lastRpcTime:98ms, electionTimeout:97ms
2019-10-19 01:14:41,558 [Thread-8203] INFO  impl.RoleInfo (RoleInfo.java:shutdownFollowerState(121)) - 9c2d914d-67b1-4af9-8080-4d6ee007b506: shutdown FollowerState
2019-10-19 01:14:41,558 [Thread-8203] INFO  impl.RaftServerImpl (RaftServerImpl.java:setRole(184)) - 9c2d914d-67b1-4af9-8080-4d6ee007b506@group-20FCFA0487C4: changes role from  FOLLOWER to CANDIDATE at term 148 for changeToCandidate
2019-10-19 01:14:41,558 [Thread-8203] INFO  impl.RoleInfo (RoleInfo.java:updateAndGet(143)) - 9c2d914d-67b1-4af9-8080-4d6ee007b506: start LeaderElection
2019-10-19 01:14:41,560 [Thread-8204] INFO  impl.FollowerState (FollowerState.java:run(108)) - f143d5cf-4038-4fa8-8601-f5a45f16ca3e@group-A3037D40E172-FollowerState: change to CANDIDATE, lastRpcTime:100ms, electionTimeout:100ms
2019-10-19 01:14:41,560 [Thread-8204] INFO  impl.RoleInfo (RoleInfo.java:shutdownFollowerState(121)) - f143d5cf-4038-4fa8-8601-f5a45f16ca3e: shutdown FollowerState
2019-10-19 01:14:41,560 [Thread-8204] INFO  impl.RaftServerImpl (RaftServerImpl.java:setRole(184)) - f143d5cf-4038-4fa8-8601-f5a45f16ca3e@group-A3037D40E172: changes role from  FOLLOWER to CANDIDATE at term 154 for changeToCandidate
2019-10-19 01:14:41,560 [Thread-8204] INFO  impl.RoleInfo (RoleInfo.java:updateAndGet(143)) - f143d5cf-4038-4fa8-8601-f5a45f16ca3e: start LeaderElection
2019-10-19 01:14:41,568 [9c2d914d-67b1-4af9-8080-4d6ee007b506@group-20FCFA0487C4-LeaderElection897] INFO  impl.LeaderElection (LeaderElection.java:askForVotes(178)) - 9c2d914d-67b1-4af9-8080-4d6ee007b506@group-20FCFA0487C4-LeaderElection897: begin an election at term 149 for -1: [88be3607-7667-471c-9070-7dfd13eb5ac8:192.168.69.71:32925, 9c2d914d-67b1-4af9-8080-4d6ee007b506:192.168.69.71:35462, 61d0b7dc-5f8b-422f-8693-c58167224d24:192.168.69.71:43479], old=null
2019-10-19 01:14:41,568 [f143d5cf-4038-4fa8-8601-f5a45f16ca3e@group-A3037D40E172-LeaderElection898] INFO  impl.LeaderElection (LeaderElection.java:askForVotes(178)) - f143d5cf-4038-4fa8-8601-f5a45f16ca3e@group-A3037D40E172-LeaderElection898: begin an election at term 155 for -1: [f143d5cf-4038-4fa8-8601-f5a45f16ca3e:192.168.69.71:40169, 2543ffea-c5c6-4af0-856f-eb846bad755a:192.168.69.71:45287, 61d14648-e80d-4cd8-9e7c-6deb2f21aca8:192.168.69.71:42247], old=null
2019-10-19 01:14:41,569 [grpc-default-executor-9] INFO  impl.RaftServerImpl (RaftServerImpl.java:setRole(184)) - 88be3607-7667-471c-9070-7dfd13eb5ac8@group-20FCFA0487C4: changes role from  FOLLOWER to FOLLOWER at term 149 for recognizeCandidate:9c2d914d-67b1-4af9-8080-4d6ee007b506
2019-10-19 01:14:41,569 [grpc-default-executor-9] INFO  impl.RoleInfo (RoleInfo.java:shutdownFollowerState(121)) - 88be3607-7667-471c-9070-7dfd13eb5ac8: shutdown FollowerState
2019-10-19 01:14:41,569 [grpc-default-executor-1] INFO  impl.RaftServerImpl (RaftServerImpl.java:setRole(184)) - 61d0b7dc-5f8b-422f-8693-c58167224d24@group-20FCFA0487C4: changes role from  FOLLOWER to FOLLOWER at term 149 for recognizeCandidate:9c2d914d-67b1-4af9-8080-4d6ee007b506
2019-10-19 01:14:41,569 [Thread-8202] INFO  impl.FollowerState (FollowerState.java:run(117)) - 88be3607-7667-471c-9070-7dfd13eb5ac8@group-20FCFA0487C4-FollowerState was interrupted: java.lang.InterruptedException: sleep interrupted
2019-10-19 01:14:41,570 [grpc-default-executor-10] INFO  impl.RaftServerImpl (RaftServerImpl.java:setRole(184)) - 2543ffea-c5c6-4af0-856f-eb846bad755a@group-A3037D40E172: changes role from  FOLLOWER to FOLLOWER at term 155 for recognizeCandidate:f143d5cf-4038-4fa8-8601-f5a45f16ca3e
2019-10-19 01:14:41,570 [grpc-default-executor-10] INFO  impl.RoleInfo (RoleInfo.java:shutdownFollowerState(121)) - 2543ffea-c5c6-4af0-856f-eb846bad755a: shutdown FollowerState
2019-10-19 01:14:41,569 [grpc-default-executor-3] INFO  impl.RaftServerImpl (RaftServerImpl.java:setRole(184)) - 61d14648-e80d-4cd8-9e7c-6deb2f21aca8@group-A3037D40E172: changes role from  FOLLOWER to FOLLOWER at term 155 for recognizeCandidate:f143d5cf-4038-4fa8-8601-f5a45f16ca3e
2019-10-19 01:14:41,570 [grpc-default-executor-3] INFO  impl.RoleInfo (RoleInfo.java:shutdownFollowerState(121)) - 61d14648-e80d-4cd8-9e7c-6deb2f21aca8: shutdown FollowerState
2019-10-19 01:14:41,569 [grpc-default-executor-9] INFO  impl.RoleInfo (RoleInfo.java:updateAndGet(143)) - 88be3607-7667-471c-9070-7dfd13eb5ac8: start FollowerState
2019-10-19 01:14:41,570 [Thread-8201] INFO  impl.FollowerState (FollowerState.java:run(117)) - 61d14648-e80d-4cd8-9e7c-6deb2f21aca8@group-A3037D40E172-FollowerState was interrupted: java.lang.InterruptedException: sleep interrupted
2019-10-19 01:14:41,570 [grpc-default-executor-3] INFO  impl.RoleInfo (RoleInfo.java:updateAndGet(143)) - 61d14648-e80d-4cd8-9e7c-6deb2f21aca8: start FollowerState
2019-10-19 01:14:41,570 [Thread-8200] INFO  impl.FollowerState (FollowerState.java:run(117)) - 2543ffea-c5c6-4af0-856f-eb846bad755a@group-A3037D40E172-FollowerState was interrupted: java.lang.InterruptedException: sleep interrupted
2019-10-19 01:14:41,570 [grpc-default-executor-10] INFO  impl.RoleInfo (RoleInfo.java:updateAndGet(143)) - 2543ffea-c5c6-4af0-856f-eb846bad755a: start FollowerState
2019-10-19 01:14:41,570 [grpc-default-executor-1] INFO  impl.RoleInfo (RoleInfo.java:shutdownFollowerState(121)) - 61d0b7dc-5f8b-422f-8693-c58167224d24: shutdown FollowerState
2019-10-19 01:14:41,570 [Thread-8199] INFO  impl.FollowerState (FollowerState.java:run(117)) - 61d0b7dc-5f8b-422f-8693-c58167224d24@group-20FCFA0487C4-FollowerState was interrupted: java.lang.InterruptedException: sleep interrupted
2019-10-19 01:14:41,570 [grpc-default-executor-1] INFO  impl.RoleInfo (RoleInfo.java:updateAndGet(143)) - 61d0b7dc-5f8b-422f-8693-c58167224d24: start FollowerState
2019-10-19 01:14:41,588 [f143d5cf-4038-4fa8-8601-f5a45f16ca3e@group-A3037D40E172-LeaderElection898] INFO  impl.LeaderElection (LeaderElection.java:logAndReturn(56)) - f143d5cf-4038-4fa8-8601-f5a45f16ca3e@group-A3037D40E172-LeaderElection898: Election REJECTED; received 2 response(s) [f143d5cf-4038-4fa8-8601-f5a45f16ca3e<-2543ffea-c5c6-4af0-856f-eb846bad755a#0:FAIL-t155, f143d5cf-4038-4fa8-8601-f5a45f16ca3e<-61d14648-e80d-4cd8-9e7c-6deb2f21aca8#0:FAIL-t155] and 0 exception(s); f143d5cf-4038-4fa8-8601-f5a45f16ca3e@group-A3037D40E172:t155, leader=null, voted=f143d5cf-4038-4fa8-8601-f5a45f16ca3e, raftlog=f143d5cf-4038-4fa8-8601-f5a45f16ca3e@group-A3037D40E172-SegmentedRaftLog:OPENED:c-1,f-1,i0, conf=-1: [f143d5cf-4038-4fa8-8601-f5a45f16ca3e:192.168.69.71:40169, 2543ffea-c5c6-4af0-856f-eb846bad755a:192.168.69.71:45287, 61d14648-e80d-4cd8-9e7c-6deb2f21aca8:192.168.69.71:42247], old=null
2019-10-19 01:14:41,588 [9c2d914d-67b1-4af9-8080-4d6ee007b506@group-20FCFA0487C4-LeaderElection897] INFO  impl.LeaderElection (LeaderElection.java:logAndReturn(56)) - 9c2d914d-67b1-4af9-8080-4d6ee007b506@group-20FCFA0487C4-LeaderElection897: Election REJECTED; received 2 response(s) [9c2d914d-67b1-4af9-8080-4d6ee007b506<-88be3607-7667-471c-9070-7dfd13eb5ac8#0:FAIL-t149, 9c2d914d-67b1-4af9-8080-4d6ee007b506<-61d0b7dc-5f8b-422f-8693-c58167224d24#0:FAIL-t149] and 0 exception(s); 9c2d914d-67b1-4af9-8080-4d6ee007b506@group-20FCFA0487C4:t149, leader=null, voted=9c2d914d-67b1-4af9-8080-4d6ee007b506, raftlog=9c2d914d-67b1-4af9-8080-4d6ee007b506@group-20FCFA0487C4-SegmentedRaftLog:OPENED:c-1,f-1,i0, conf=-1: [88be3607-7667-471c-9070-7dfd13eb5ac8:192.168.69.71:32925, 9c2d914d-67b1-4af9-8080-4d6ee007b506:192.168.69.71:35462, 61d0b7dc-5f8b-422f-8693-c58167224d24:192.168.69.71:43479], old=null
2019-10-19 01:14:41,588 [f143d5cf-4038-4fa8-8601-f5a45f16ca3e@group-A3037D40E172-LeaderElection898] INFO  impl.RaftServerImpl (RaftServerImpl.java:setRole(184)) - f143d5cf-4038-4fa8-8601-f5a45f16ca3e@group-A3037D40E172: changes role from CANDIDATE to FOLLOWER at term 155 for DISCOVERED_A_NEW_TERM
2019-10-19 01:14:41,588 [9c2d914d-67b1-4af9-8080-4d6ee007b506@group-20FCFA0487C4-LeaderElection897] INFO  impl.RaftServerImpl (RaftServerImpl.java:setRole(184)) - 9c2d914d-67b1-4af9-8080-4d6ee007b506@group-20FCFA0487C4: changes role from CANDIDATE to FOLLOWER at term 149 for DISCOVERED_A_NEW_TERM
2019-10-19 01:14:41,588 [f143d5cf-4038-4fa8-8601-f5a45f16ca3e@group-A3037D40E172-LeaderElection898] INFO  impl.RoleInfo (RoleInfo.java:shutdownLeaderElection(134)) - f143d5cf-4038-4fa8-8601-f5a45f16ca3e: shutdown LeaderElection
2019-10-19 01:14:41,588 [9c2d914d-67b1-4af9-8080-4d6ee007b506@group-20FCFA0487C4-LeaderElection897] INFO  impl.RoleInfo (RoleInfo.java:shutdownLeaderElection(134)) - 9c2d914d-67b1-4af9-8080-4d6ee007b506: shutdown LeaderElection
2019-10-19 01:14:41,588 [f143d5cf-4038-4fa8-8601-f5a45f16ca3e@group-A3037D40E172-LeaderElection898] INFO  impl.RoleInfo (RoleInfo.java:updateAndGet(143)) - f143d5cf-4038-4fa8-8601-f5a45f16ca3e: start FollowerState
2019-10-19 01:14:41,588 [9c2d914d-67b1-4af9-8080-4d6ee007b506@group-20FCFA0487C4-LeaderElection897] INFO  impl.RoleInfo (RoleInfo.java:updateAndGet(143)) - 9c2d914d-67b1-4af9-8080-4d6ee007b506: start FollowerState
2019-10-19 01:14:41,699 [Thread-8216] INFO  impl.FollowerState (FollowerState.java:run(108)) - 9c2d914d-67b1-4af9-8080-4d6ee007b506@group-20FCFA0487C4-FollowerState: change to CANDIDATE, lastRpcTime:110ms, electionTimeout:110ms
2019-10-19 01:14:41,699 [Thread-8216] INFO  impl.RoleInfo (RoleInfo.java:shutdownFollowerState(121)) - 9c2d914d-67b1-4af9-8080-4d6ee007b506: shutdown FollowerState
2019-10-19 01:14:41,699 [Thread-8216] INFO  impl.RaftServerImpl (RaftServerImpl.java:setRole(184)) - 9c2d914d-67b1-4af9-8080-4d6ee007b506@group-20FCFA0487C4: changes role from  FOLLOWER to CANDIDATE at term 149 for changeToCandidate
2019-10-19 01:14:41,699 [Thread-8216] INFO  impl.RoleInfo (RoleInfo.java:updateAndGet(143)) - 9c2d914d-67b1-4af9-8080-4d6ee007b506: start LeaderElection
2019-10-19 01:14:41,713 [9c2d914d-67b1-4af9-8080-4d6ee007b506@group-20FCFA0487C4-LeaderElection899] INFO  impl.LeaderElection (LeaderElection.java:askForVotes(178)) - 9c2d914d-67b1-4af9-8080-4d6ee007b506@group-20FCFA0487C4-LeaderElection899: begin an election at term 150 for -1: [88be3607-7667-471c-9070-7dfd13eb5ac8:192.168.69.71:32925, 9c2d914d-67b1-4af9-8080-4d6ee007b506:192.168.69.71:35462, 61d0b7dc-5f8b-422f-8693-c58167224d24:192.168.69.71:43479], old=null
2019-10-19 01:14:41,714 [grpc-default-executor-1] INFO  impl.RaftServerImpl (RaftServerImpl.java:setRole(184)) - 88be3607-7667-471c-9070-7dfd13eb5ac8@group-20FCFA0487C4: changes role from  FOLLOWER to FOLLOWER at term 150 for recognizeCandidate:9c2d914d-67b1-4af9-8080-4d6ee007b506
2019-10-19 01:14:41,714 [grpc-default-executor-3] INFO  impl.RaftServerImpl (RaftServerImpl.java:setRole(184)) - 61d0b7dc-5f8b-422f-8693-c58167224d24@group-20FCFA0487C4: changes role from  FOLLOWER to FOLLOWER at term 150 for recognizeCandidate:9c2d914d-67b1-4af9-8080-4d6ee007b506
2019-10-19 01:14:41,714 [grpc-default-executor-1] INFO  impl.RoleInfo (RoleInfo.java:shutdownFollowerState(121)) - 88be3607-7667-471c-9070-7dfd13eb5ac8: shutdown FollowerState
2019-10-19 01:14:41,714 [grpc-default-executor-3] INFO  impl.RoleInfo (RoleInfo.java:shutdownFollowerState(121)) - 61d0b7dc-5f8b-422f-8693-c58167224d24: shutdown FollowerState
2019-10-19 01:14:41,715 [Thread-8211] INFO  impl.FollowerState (FollowerState.java:run(117)) - 88be3607-7667-471c-9070-7dfd13eb5ac8@group-20FCFA0487C4-FollowerState was interrupted: java.lang.InterruptedException: sleep interrupted
2019-10-19 01:14:41,714 [grpc-default-executor-1] INFO  impl.RoleInfo (RoleInfo.java:updateAndGet(143)) - 88be3607-7667-471c-9070-7dfd13eb5ac8: start FollowerState
2019-10-19 01:14:41,715 [Thread-8214] INFO  impl.FollowerState (FollowerState.java:run(117)) - 61d0b7dc-5f8b-422f-8693-c58167224d24@group-20FCFA0487C4-FollowerState was interrupted: java.lang.InterruptedException: sleep interrupted
2019-10-19 01:14:41,715 [grpc-default-executor-3] INFO  impl.RoleInfo (RoleInfo.java:updateAndGet(143)) - 61d0b7dc-5f8b-422f-8693-c58167224d24: start FollowerState
2019-10-19 01:14:41,730 [9c2d914d-67b1-4af9-8080-4d6ee007b506@group-20FCFA0487C4-LeaderElection899] INFO  impl.LeaderElection (LeaderElection.java:logAndReturn(56)) - 9c2d914d-67b1-4af9-8080-4d6ee007b506@group-20FCFA0487C4-LeaderElection899: Election REJECTED; received 2 response(s) [9c2d914d-67b1-4af9-8080-4d6ee007b506<-88be3607-7667-471c-9070-7dfd13eb5ac8#0:FAIL-t150, 9c2d914d-67b1-4af9-8080-4d6ee007b506<-61d0b7dc-5f8b-422f-8693-c58167224d24#0:FAIL-t150] and 0 exception(s); 9c2d914d-67b1-4af9-8080-4d6ee007b506@group-20FCFA0487C4:t150, leader=null, voted=9c2d914d-67b1-4af9-8080-4d6ee007b506, raftlog=9c2d914d-67b1-4af9-8080-4d6ee007b506@group-20FCFA0487C4-SegmentedRaftLog:OPENED:c-1,f-1,i0, conf=-1: [88be3607-7667-471c-9070-7dfd13eb5ac8:192.168.69.71:32925, 9c2d914d-67b1-4af9-8080-4d6ee007b506:192.168.69.71:35462, 61d0b7dc-5f8b-422f-8693-c58167224d24:192.168.69.71:43479], old=null
2019-10-19 01:14:41,730 [9c2d914d-67b1-4af9-8080-4d6ee007b506@group-20FCFA0487C4-LeaderElection899] INFO  impl.RaftServerImpl (RaftServerImpl.java:setRole(184)) - 9c2d914d-67b1-4af9-8080-4d6ee007b506@group-20FCFA0487C4: changes role from CANDIDATE to FOLLOWER at term 150 for DISCOVERED_A_NEW_TERM
2019-10-19 01:14:41,730 [9c2d914d-67b1-4af9-8080-4d6ee007b506@group-20FCFA0487C4-LeaderElection899] INFO  impl.RoleInfo (RoleInfo.java:shutdownLeaderElection(134)) - 9c2d914d-67b1-4af9-8080-4d6ee007b506: shutdown LeaderElection
2019-10-19 01:14:41,730 [9c2d914d-67b1-4af9-8080-4d6ee007b506@group-20FCFA0487C4-LeaderElection899] INFO  impl.RoleInfo (RoleInfo.java:updateAndGet(143)) - 9c2d914d-67b1-4af9-8080-4d6ee007b506: start FollowerState
2019-10-19 01:14:41,748 [Thread-8215] INFO  impl.FollowerState (FollowerState.java:run(108)) - f143d5cf-4038-4fa8-8601-f5a45f16ca3e@group-A3037D40E172-FollowerState: change to CANDIDATE, lastRpcTime:159ms, electionTimeout:159ms
2019-10-19 01:14:41,748 [Thread-8215] INFO  impl.RoleInfo (RoleInfo.java:shutdownFollowerState(121)) - f143d5cf-4038-4fa8-8601-f5a45f16ca3e: shutdown FollowerState
2019-10-19 01:14:41,748 [Thread-8215] INFO  impl.RaftServerImpl (RaftServerImpl.java:setRole(184)) - f143d5cf-4038-4fa8-8601-f5a45f16ca3e@group-A3037D40E172: changes role from  FOLLOWER to CANDIDATE at term 155 for changeToCandidate
2019-10-19 01:14:41,748 [Thread-8215] INFO  impl.RoleInfo (RoleInfo.java:updateAndGet(143)) - f143d5cf-4038-4fa8-8601-f5a45f16ca3e: start LeaderElection
2019-10-19 01:14:41,760 [f143d5cf-4038-4fa8-8601-f5a45f16ca3e@group-A3037D40E172-LeaderElection900] INFO  impl.LeaderElection (LeaderElection.java:askForVotes(178)) - f143d5cf-4038-4fa8-8601-f5a45f16ca3e@group-A3037D40E172-LeaderElection900: begin an election at term 156 for -1: [f143d5cf-4038-4fa8-8601-f5a45f16ca3e:192.168.69.71:40169, 2543ffea-c5c6-4af0-856f-eb846bad755a:192.168.69.71:45287, 61d14648-e80d-4cd8-9e7c-6deb2f21aca8:192.168.69.71:42247], old=null
2019-10-19 01:14:41,762 [grpc-default-executor-3] INFO  impl.RaftServerImpl (RaftServerImpl.java:setRole(184)) - 2543ffea-c5c6-4af0-856f-eb846bad755a@group-A3037D40E172: changes role from  FOLLOWER to FOLLOWER at term 156 for recognizeCandidate:f143d5cf-4038-4fa8-8601-f5a45f16ca3e
2019-10-19 01:14:41,762 [grpc-default-executor-3] INFO  impl.RoleInfo (RoleInfo.java:shutdownFollowerState(121)) - 2543ffea-c5c6-4af0-856f-eb846bad755a: shutdown FollowerState
2019-10-19 01:14:41,762 [grpc-default-executor-1] INFO  impl.RaftServerImpl (RaftServerImpl.java:setRole(184)) - 61d14648-e80d-4cd8-9e7c-6deb2f21aca8@group-A3037D40E172: changes role from  FOLLOWER to FOLLOWER at term 156 for recognizeCandidate:f143d5cf-4038-4fa8-8601-f5a45f16ca3e
2019-10-19 01:14:41,762 [Thread-8212] INFO  impl.FollowerState (FollowerState.java:run(117)) - 2543ffea-c5c6-4af0-856f-eb846bad755a@group-A3037D40E172-FollowerState was interrupted: java.lang.InterruptedException: sleep interrupted
2019-10-19 01:14:41,762 [grpc-default-executor-3] INFO  impl.RoleInfo (RoleInfo.java:updateAndGet(143)) - 2543ffea-c5c6-4af0-856f-eb846bad755a: start FollowerState
2019-10-19 01:14:41,762 [grpc-default-executor-1] INFO  impl.RoleInfo (RoleInfo.java:shutdownFollowerState(121)) - 61d14648-e80d-4cd8-9e7c-6deb2f21aca8: shutdown FollowerState
2019-10-19 01:14:41,762 [grpc-default-executor-1] INFO  impl.RoleInfo (RoleInfo.java:updateAndGet(143)) - 61d14648-e80d-4cd8-9e7c-6deb2f21aca8: start FollowerState
2019-10-19 01:14:41,762 [Thread-8213] INFO  impl.FollowerState (FollowerState.java:run(117)) - 61d14648-e80d-4cd8-9e7c-6deb2f21aca8@group-A3037D40E172-FollowerState was interrupted: java.lang.InterruptedException: sleep interrupted
2019-10-19 01:14:41,771 [Thread-8224] INFO  impl.FollowerState (FollowerState.java:run(108)) - 9c2d914d-67b1-4af9-8080-4d6ee007b506@group-20FCFA0487C4-FollowerState: change to CANDIDATE, lastRpcTime:41ms, electionTimeout:41ms
2019-10-19 01:14:41,772 [Thread-8224] INFO  impl.RoleInfo (RoleInfo.java:shutdownFollowerState(121)) - 9c2d914d-67b1-4af9-8080-4d6ee007b506: shutdown FollowerState
2019-10-19 01:14:41,772 [Thread-8224] INFO  impl.RaftServerImpl (RaftServerImpl.java:setRole(184)) - 9c2d914d-67b1-4af9-8080-4d6ee007b506@group-20FCFA0487C4: changes role from  FOLLOWER to CANDIDATE at term 150 for changeToCandidate
2019-10-19 01:14:41,772 [Thread-8224] INFO  impl.RoleInfo (RoleInfo.java:updateAndGet(143)) - 9c2d914d-67b1-4af9-8080-4d6ee007b506: start LeaderElection
2019-10-19 01:14:41,775 [9c2d914d-67b1-4af9-8080-4d6ee007b506@group-20FCFA0487C4-LeaderElection901] INFO  impl.LeaderElection (LeaderElection.java:askForVotes(178)) - 9c2d914d-67b1-4af9-8080-4d6ee007b506@group-20FCFA0487C4-LeaderElection901: begin an election at term 151 for -1: [88be3607-7667-471c-9070-7dfd13eb5ac8:192.168.69.71:32925, 9c2d914d-67b1-4af9-8080-4d6ee007b506:192.168.69.71:35462, 61d0b7dc-5f8b-422f-8693-c58167224d24:192.168.69.71:43479], old=null
2019-10-19 01:14:41,776 [f143d5cf-4038-4fa8-8601-f5a45f16ca3e@group-A3037D40E172-LeaderElection900] INFO  impl.LeaderElection (LeaderElection.java:logAndReturn(56)) - f143d5cf-4038-4fa8-8601-f5a45f16ca3e@group-A3037D40E172-LeaderElection900: Election REJECTED; received 2 response(s) [f143d5cf-4038-4fa8-8601-f5a45f16ca3e<-2543ffea-c5c6-4af0-856f-eb846bad755a#0:FAIL-t156, f143d5cf-4038-4fa8-8601-f5a45f16ca3e<-61d14648-e80d-4cd8-9e7c-6deb2f21aca8#0:FAIL-t156] and 0 exception(s); f143d5cf-4038-4fa8-8601-f5a45f16ca3e@group-A3037D40E172:t156, leader=null, voted=f143d5cf-4038-4fa8-8601-f5a45f16ca3e, raftlog=f143d5cf-4038-4fa8-8601-f5a45f16ca3e@group-A3037D40E172-SegmentedRaftLog:OPENED:c-1,f-1,i0, conf=-1: [f143d5cf-4038-4fa8-8601-f5a45f16ca3e:192.168.69.71:40169, 2543ffea-c5c6-4af0-856f-eb846bad755a:192.168.69.71:45287, 61d14648-e80d-4cd8-9e7c-6deb2f21aca8:192.168.69.71:42247], old=null
2019-10-19 01:14:41,776 [f143d5cf-4038-4fa8-8601-f5a45f16ca3e@group-A3037D40E172-LeaderElection900] INFO  impl.RaftServerImpl (RaftServerImpl.java:setRole(184)) - f143d5cf-4038-4fa8-8601-f5a45f16ca3e@group-A3037D40E172: changes role from CANDIDATE to FOLLOWER at term 156 for DISCOVERED_A_NEW_TERM
2019-10-19 01:14:41,776 [f143d5cf-4038-4fa8-8601-f5a45f16ca3e@group-A3037D40E172-LeaderElection900] INFO  impl.RoleInfo (RoleInfo.java:shutdownLeaderElection(134)) - f143d5cf-4038-4fa8-8601-f5a45f16ca3e: shutdown LeaderElection
2019-10-19 01:14:41,776 [f143d5cf-4038-4fa8-8601-f5a45f16ca3e@group-A3037D40E172-LeaderElection900] INFO  impl.RoleInfo (RoleInfo.java:updateAndGet(143)) - f143d5cf-4038-4fa8-8601-f5a45f16ca3e: start FollowerState
2019-10-19 01:14:41,776 [grpc-default-executor-1] INFO  impl.RaftServerImpl (RaftServerImpl.java:setRole(184)) - 61d0b7dc-5f8b-422f-8693-c58167224d24@group-20FCFA0487C4: changes role from  FOLLOWER to FOLLOWER at term 151 for recognizeCandidate:9c2d914d-67b1-4af9-8080-4d6ee007b506
2019-10-19 01:14:41,776 [grpc-default-executor-1] INFO  impl.RoleInfo (RoleInfo.java:shutdownFollowerState(121)) - 61d0b7dc-5f8b-422f-8693-c58167224d24: shutdown FollowerState
2019-10-19 01:14:41,776 [grpc-default-executor-3] INFO  impl.RaftServerImpl (RaftServerImpl.java:setRole(184)) - 88be3607-7667-471c-9070-7dfd13eb5ac8@group-20FCFA0487C4: changes role from  FOLLOWER to FOLLOWER at term 151 for recognizeCandidate:9c2d914d-67b1-4af9-8080-4d6ee007b506
2019-10-19 01:14:41,777 [grpc-default-executor-3] INFO  impl.RoleInfo (RoleInfo.java:shutdownFollowerState(121)) - 88be3607-7667-471c-9070-7dfd13eb5ac8: shutdown FollowerState
2019-10-19 01:14:41,777 [Thread-8223] INFO  impl.FollowerState (FollowerState.java:run(117)) - 61d0b7dc-5f8b-422f-8693-c58167224d24@group-20FCFA0487C4-FollowerState was interrupted: java.lang.InterruptedException: sleep interrupted
2019-10-19 01:14:41,777 [grpc-default-executor-1] INFO  impl.RoleInfo (RoleInfo.java:updateAndGet(143)) - 61d0b7dc-5f8b-422f-8693-c58167224d24: start FollowerState
2019-10-19 01:14:41,777 [Thread-8222] INFO  impl.FollowerState (FollowerState.java:run(117)) - 88be3607-7667-471c-9070-7dfd13eb5ac8@group-20FCFA0487C4-FollowerState was interrupted: java.lang.InterruptedException: sleep interrupted
2019-10-19 01:14:41,777 [grpc-default-executor-3] INFO  impl.RoleInfo (RoleInfo.java:updateAndGet(143)) - 88be3607-7667-471c-9070-7dfd13eb5ac8: start FollowerState
2019-10-19 01:14:41,784 [Thread-8233] INFO  impl.FollowerState (FollowerState.java:run(108)) - f143d5cf-4038-4fa8-8601-f5a45f16ca3e@group-A3037D40E172-FollowerState: change to CANDIDATE, lastRpcTime:8ms, electionTimeout:8ms
2019-10-19 01:14:41,784 [Thread-8233] INFO  impl.RoleInfo (RoleInfo.java:shutdownFollowerState(121)) - f143d5cf-4038-4fa8-8601-f5a45f16ca3e: shutdown FollowerState
2019-10-19 01:14:41,784 [Thread-8233] INFO  impl.RaftServerImpl (RaftServerImpl.java:setRole(184)) - f143d5cf-4038-4fa8-8601-f5a45f16ca3e@group-A3037D40E172: changes role from  FOLLOWER to CANDIDATE at term 156 for changeToCandidate
2019-10-19 01:14:41,784 [Thread-8233] INFO  impl.RoleInfo (RoleInfo.java:updateAndGet(143)) - f143d5cf-4038-4fa8-8601-f5a45f16ca3e: start LeaderElection
2019-10-19 01:14:41,793 [f143d5cf-4038-4fa8-8601-f5a45f16ca3e@group-A3037D40E172-LeaderElection902] INFO  impl.LeaderElection (LeaderElection.java:askForVotes(178)) - f143d5cf-4038-4fa8-8601-f5a45f16ca3e@group-A3037D40E172-LeaderElection902: begin an election at term 157 for -1: [f143d5cf-4038-4fa8-8601-f5a45f16ca3e:192.168.69.71:40169, 2543ffea-c5c6-4af0-856f-eb846bad755a:192.168.69.71:45287, 61d14648-e80d-4cd8-9e7c-6deb2f21aca8:192.168.69.71:42247], old=null
2019-10-19 01:14:41,794 [9c2d914d-67b1-4af9-8080-4d6ee007b506@group-20FCFA0487C4-LeaderElection901] INFO  impl.LeaderElection (LeaderElection.java:logAndReturn(56)) - 9c2d914d-67b1-4af9-8080-4d6ee007b506@group-20FCFA0487C4-LeaderElection901: Election REJECTED; received 2 response(s) [9c2d914d-67b1-4af9-8080-4d6ee007b506<-88be3607-7667-471c-9070-7dfd13eb5ac8#0:FAIL-t151, 9c2d914d-67b1-4af9-8080-4d6ee007b506<-61d0b7dc-5f8b-422f-8693-c58167224d24#0:FAIL-t151] and 0 exception(s); 9c2d914d-67b1-4af9-8080-4d6ee007b506@group-20FCFA0487C4:t151, leader=null, voted=9c2d914d-67b1-4af9-8080-4d6ee007b506, raftlog=9c2d914d-67b1-4af9-8080-4d6ee007b506@group-20FCFA0487C4-SegmentedRaftLog:OPENED:c-1,f-1,i0, conf=-1: [88be3607-7667-471c-9070-7dfd13eb5ac8:192.168.69.71:32925, 9c2d914d-67b1-4af9-8080-4d6ee007b506:192.168.69.71:35462, 61d0b7dc-5f8b-422f-8693-c58167224d24:192.168.69.71:43479], old=null
2019-10-19 01:14:41,794 [9c2d914d-67b1-4af9-8080-4d6ee007b506@group-20FCFA0487C4-LeaderElection901] INFO  impl.RaftServerImpl (RaftServerImpl.java:setRole(184)) - 9c2d914d-67b1-4af9-8080-4d6ee007b506@group-20FCFA0487C4: changes role from CANDIDATE to FOLLOWER at term 151 for DISCOVERED_A_NEW_TERM
2019-10-19 01:14:41,795 [9c2d914d-67b1-4af9-8080-4d6ee007b506@group-20FCFA0487C4-LeaderElection901] INFO  impl.RoleInfo (RoleInfo.java:shutdownLeaderElection(134)) - 9c2d914d-67b1-4af9-8080-4d6ee007b506: shutdown LeaderElection
2019-10-19 01:14:41,795 [9c2d914d-67b1-4af9-8080-4d6ee007b506@group-20FCFA0487C4-LeaderElection901] INFO  impl.RoleInfo (RoleInfo.java:updateAndGet(143)) - 9c2d914d-67b1-4af9-8080-4d6ee007b506: start FollowerState
2019-10-19 01:14:41,795 [grpc-default-executor-1] INFO  impl.RaftServerImpl (RaftServerImpl.java:setRole(184)) - 61d14648-e80d-4cd8-9e7c-6deb2f21aca8@group-A3037D40E172: changes role from  FOLLOWER to FOLLOWER at term 157 for recognizeCandidate:f143d5cf-4038-4fa8-8601-f5a45f16ca3e
2019-10-19 01:14:41,795 [grpc-default-executor-3] INFO  impl.RaftServerImpl (RaftServerImpl.java:setRole(184)) - 2543ffea-c5c6-4af0-856f-eb846bad755a@group-A3037D40E172: changes role from  FOLLOWER to FOLLOWER at term 157 for recognizeCandidate:f143d5cf-4038-4fa8-8601-f5a45f16ca3e
2019-10-19 01:14:41,796 [grpc-default-executor-3] INFO  impl.RoleInfo (RoleInfo.java:shutdownFollowerState(121)) - 2543ffea-c5c6-4af0-856f-eb846bad755a: shutdown FollowerState
2019-10-19 01:14:41,796 [grpc-default-executor-1] INFO  impl.RoleInfo (RoleInfo.java:shutdownFollowerState(121)) - 61d14648-e80d-4cd8-9e7c-6deb2f21aca8: shutdown FollowerState
2019-10-19 01:14:41,796 [grpc-default-executor-3] INFO  impl.RoleInfo (RoleInfo.java:updateAndGet(143)) - 2543ffea-c5c6-4af0-856f-eb846bad755a: start FollowerState
2019-10-19 01:14:41,796 [grpc-default-executor-1] INFO  impl.RoleInfo (RoleInfo.java:updateAndGet(143)) - 61d14648-e80d-4cd8-9e7c-6deb2f21aca8: start FollowerState
2019-10-19 01:14:41,796 [Thread-8228] INFO  impl.FollowerState (FollowerState.java:run(117)) - 2543ffea-c5c6-4af0-856f-eb846bad755a@group-A3037D40E172-FollowerState was interrupted: java.lang.InterruptedException: sleep interrupted
2019-10-19 01:14:41,796 [Thread-8229] INFO  impl.FollowerState (FollowerState.java:run(117)) - 61d14648-e80d-4cd8-9e7c-6deb2f21aca8@group-A3037D40E172-FollowerState was interrupted: java.lang.InterruptedException: sleep interrupted
2019-10-19 01:14:41,816 [f143d5cf-4038-4fa8-8601-f5a45f16ca3e@group-A3037D40E172-LeaderElection902] INFO  impl.LeaderElection (LeaderElection.java:logAndReturn(56)) - f143d5cf-4038-4fa8-8601-f5a45f16ca3e@group-A3037D40E172-LeaderElection902: Election REJECTED; received 2 response(s) [f143d5cf-4038-4fa8-8601-f5a45f16ca3e<-2543ffea-c5c6-4af0-856f-eb846bad755a#0:FAIL-t157, f143d5cf-4038-4fa8-8601-f5a45f16ca3e<-61d14648-e80d-4cd8-9e7c-6deb2f21aca8#0:FAIL-t157] and 0 exception(s); f143d5cf-4038-4fa8-8601-f5a45f16ca3e@group-A3037D40E172:t157, leader=null, voted=f143d5cf-4038-4fa8-8601-f5a45f16ca3e, raftlog=f143d5cf-4038-4fa8-8601-f5a45f16ca3e@group-A3037D40E172-SegmentedRaftLog:OPENED:c-1,f-1,i0, conf=-1: [f143d5cf-4038-4fa8-8601-f5a45f16ca3e:192.168.69.71:40169, 2543ffea-c5c6-4af0-856f-eb846bad755a:192.168.69.71:45287, 61d14648-e80d-4cd8-9e7c-6deb2f21aca8:192.168.69.71:42247], old=null
2019-10-19 01:14:41,816 [f143d5cf-4038-4fa8-8601-f5a45f16ca3e@group-A3037D40E172-LeaderElection902] INFO  impl.RaftServerImpl (RaftServerImpl.java:setRole(184)) - f143d5cf-4038-4fa8-8601-f5a45f16ca3e@group-A3037D40E172: changes role from CANDIDATE to FOLLOWER at term 157 for DISCOVERED_A_NEW_TERM
2019-10-19 01:14:41,816 [f143d5cf-4038-4fa8-8601-f5a45f16ca3e@group-A3037D40E172-LeaderElection902] INFO  impl.RoleInfo (RoleInfo.java:shutdownLeaderElection(134)) - f143d5cf-4038-4fa8-8601-f5a45f16ca3e: shutdown LeaderElection
2019-10-19 01:14:41,816 [f143d5cf-4038-4fa8-8601-f5a45f16ca3e@group-A3037D40E172-LeaderElection902] INFO  impl.RoleInfo (RoleInfo.java:updateAndGet(143)) - f143d5cf-4038-4fa8-8601-f5a45f16ca3e: start FollowerState
2019-10-19 01:14:41,972 [Thread-8239] INFO  impl.FollowerState (FollowerState.java:run(108)) - 9c2d914d-67b1-4af9-8080-4d6ee007b506@group-20FCFA0487C4-FollowerState: change to CANDIDATE, lastRpcTime:177ms, electionTimeout:177ms
2019-10-19 01:14:41,972 [Thread-8239] INFO  impl.RoleInfo (RoleInfo.java:shutdownFollowerState(121)) - 9c2d914d-67b1-4af9-8080-4d6ee007b506: shutdown FollowerState
2019-10-19 01:14:41,972 [Thread-8239] INFO  impl.RaftServerImpl (RaftServerImpl.java:setRole(184)) - 9c2d914d-67b1-4af9-8080-4d6ee007b506@group-20FCFA0487C4: changes role from  FOLLOWER to CANDIDATE at term 151 for changeToCandidate
2019-10-19 01:14:41,972 [Thread-8239] INFO  impl.RoleInfo (RoleInfo.java:updateAndGet(143)) - 9c2d914d-67b1-4af9-8080-4d6ee007b506: start LeaderElection
2019-10-19 01:14:41,976 [Thread-8242] INFO  impl.FollowerState (FollowerState.java:run(108)) - f143d5cf-4038-4fa8-8601-f5a45f16ca3e@group-A3037D40E172-FollowerState: change to CANDIDATE, lastRpcTime:159ms, electionTimeout:159ms
2019-10-19 01:14:41,976 [Thread-8242] INFO  impl.RoleInfo (RoleInfo.java:shutdownFollowerState(121)) - f143d5cf-4038-4fa8-8601-f5a45f16ca3e: shutdown FollowerState
2019-10-19 01:14:41,976 [Thread-8242] INFO  impl.RaftServerImpl (RaftServerImpl.java:setRole(184)) - f143d5cf-4038-4fa8-8601-f5a45f16ca3e@group-A3037D40E172: changes role from  FOLLOWER to CANDIDATE at term 157 for changeToCandidate
2019-10-19 01:14:41,976 [Thread-8242] INFO  impl.RoleInfo (RoleInfo.java:updateAndGet(143)) - f143d5cf-4038-4fa8-8601-f5a45f16ca3e: start LeaderElection
2019-10-19 01:14:41,987 [f143d5cf-4038-4fa8-8601-f5a45f16ca3e@group-A3037D40E172-LeaderElection904] INFO  impl.LeaderElection (LeaderElection.java:askForVotes(178)) - f143d5cf-4038-4fa8-8601-f5a45f16ca3e@group-A3037D40E172-LeaderElection904: begin an election at term 158 for -1: [f143d5cf-4038-4fa8-8601-f5a45f16ca3e:192.168.69.71:40169, 2543ffea-c5c6-4af0-856f-eb846bad755a:192.168.69.71:45287, 61d14648-e80d-4cd8-9e7c-6deb2f21aca8:192.168.69.71:42247], old=null
2019-10-19 01:14:41,987 [9c2d914d-67b1-4af9-8080-4d6ee007b506@group-20FCFA0487C4-LeaderElection903] INFO  impl.LeaderElection (LeaderElection.java:askForVotes(178)) - 9c2d914d-67b1-4af9-8080-4d6ee007b506@group-20FCFA0487C4-LeaderElection903: begin an election at term 152 for -1: [88be3607-7667-471c-9070-7dfd13eb5ac8:192.168.69.71:32925, 9c2d914d-67b1-4af9-8080-4d6ee007b506:192.168.69.71:35462, 61d0b7dc-5f8b-422f-8693-c58167224d24:192.168.69.71:43479], old=null
2019-10-19 01:14:41,988 [grpc-default-executor-1] INFO  impl.RaftServerImpl (RaftServerImpl.java:setRole(184)) - 61d14648-e80d-4cd8-9e7c-6deb2f21aca8@group-A3037D40E172: changes role from  FOLLOWER to FOLLOWER at term 158 for recognizeCandidate:f143d5cf-4038-4fa8-8601-f5a45f16ca3e
2019-10-19 01:14:41,989 [grpc-default-executor-1] INFO  impl.RoleInfo (RoleInfo.java:shutdownFollowerState(121)) - 61d14648-e80d-4cd8-9e7c-6deb2f21aca8: shutdown FollowerState
2019-10-19 01:14:41,989 [grpc-default-executor-3] INFO  impl.RaftServerImpl (RaftServerImpl.java:setRole(184)) - 88be3607-7667-471c-9070-7dfd13eb5ac8@group-20FCFA0487C4: changes role from  FOLLOWER to FOLLOWER at term 152 for recognizeCandidate:9c2d914d-67b1-4af9-8080-4d6ee007b506
2019-10-19 01:14:41,989 [Thread-8241] INFO  impl.FollowerState (FollowerState.java:run(117)) - 61d14648-e80d-4cd8-9e7c-6deb2f21aca8@group-A3037D40E172-FollowerState was interrupted: java.lang.InterruptedException: sleep interrupted
2019-10-19 01:14:41,989 [grpc-default-executor-1] INFO  impl.RoleInfo (RoleInfo.java:updateAndGet(143)) - 61d14648-e80d-4cd8-9e7c-6deb2f21aca8: start FollowerState
2019-10-19 01:14:41,989 [grpc-default-executor-9] INFO  impl.RaftServerImpl (RaftServerImpl.java:setRole(184)) - 61d0b7dc-5f8b-422f-8693-c58167224d24@group-20FCFA0487C4: changes role from  FOLLOWER to FOLLOWER at term 152 for recognizeCandidate:9c2d914d-67b1-4af9-8080-4d6ee007b506
2019-10-19 01:14:41,989 [grpc-default-executor-9] INFO  impl.RoleInfo (RoleInfo.java:shutdownFollowerState(121)) - 61d0b7dc-5f8b-422f-8693-c58167224d24: shutdown FollowerState
2019-10-19 01:14:41,989 [grpc-default-executor-3] INFO  impl.RoleInfo (RoleInfo.java:shutdownFollowerState(121)) - 88be3607-7667-471c-9070-7dfd13eb5ac8: shutdown FollowerState
2019-10-19 01:14:41,989 [Thread-8234] INFO  impl.FollowerState (FollowerState.java:run(117)) - 61d0b7dc-5f8b-422f-8693-c58167224d24@group-20FCFA0487C4-FollowerState was interrupted: java.lang.InterruptedException: sleep interrupted
2019-10-19 01:14:41,989 [grpc-default-executor-9] INFO  impl.RoleInfo (RoleInfo.java:updateAndGet(143)) - 61d0b7dc-5f8b-422f-8693-c58167224d24: start FollowerState
2019-10-19 01:14:41,989 [grpc-default-executor-10] INFO  impl.RaftServerImpl (RaftServerImpl.java:setRole(184)) - 2543ffea-c5c6-4af0-856f-eb846bad755a@group-A3037D40E172: changes role from  FOLLOWER to FOLLOWER at term 158 for recognizeCandidate:f143d5cf-4038-4fa8-8601-f5a45f16ca3e
2019-10-19 01:14:41,989 [Thread-8235] INFO  impl.FollowerState (FollowerState.java:run(117)) - 88be3607-7667-471c-9070-7dfd13eb5ac8@group-20FCFA0487C4-FollowerState was interrupted: java.lang.InterruptedException: sleep interrupted
2019-10-19 01:14:41,989 [grpc-default-executor-3] INFO  impl.RoleInfo (RoleInfo.java:updateAndGet(143)) - 88be3607-7667-471c-9070-7dfd13eb5ac8: start FollowerState
2019-10-19 01:14:41,990 [grpc-default-executor-10] INFO  impl.RoleInfo (RoleInfo.java:shutdownFollowerState(121)) - 2543ffea-c5c6-4af0-856f-eb846bad755a: shutdown FollowerState
2019-10-19 01:14:41,990 [grpc-default-executor-10] INFO  impl.RoleInfo (RoleInfo.java:updateAndGet(143)) - 2543ffea-c5c6-4af0-856f-eb846bad755a: start FollowerState
2019-10-19 01:14:41,990 [Thread-8240] INFO  impl.FollowerState (FollowerState.java:run(117)) - 2543ffea-c5c6-4af0-856f-eb846bad755a@group-A3037D40E172-FollowerState was interrupted: java.lang.InterruptedException: sleep interrupted
2019-10-19 01:14:42,003 [9c2d914d-67b1-4af9-8080-4d6ee007b506@group-20FCFA0487C4-LeaderElection903] INFO  impl.LeaderElection (LeaderElection.java:logAndReturn(56)) - 9c2d914d-67b1-4af9-8080-4d6ee007b506@group-20FCFA0487C4-LeaderElection903: Election REJECTED; received 2 response(s) [9c2d914d-67b1-4af9-8080-4d6ee007b506<-88be3607-7667-471c-9070-7dfd13eb5ac8#0:FAIL-t152, 9c2d914d-67b1-4af9-8080-4d6ee007b506<-61d0b7dc-5f8b-422f-8693-c58167224d24#0:FAIL-t152] and 0 exception(s); 9c2d914d-67b1-4af9-8080-4d6ee007b506@group-20FCFA0487C4:t152, leader=null, voted=9c2d914d-67b1-4af9-8080-4d6ee007b506, raftlog=9c2d914d-67b1-4af9-8080-4d6ee007b506@group-20FCFA0487C4-SegmentedRaftLog:OPENED:c-1,f-1,i0, conf=-1: [88be3607-7667-471c-9070-7dfd13eb5ac8:192.168.69.71:32925, 9c2d914d-67b1-4af9-8080-4d6ee007b506:192.168.69.71:35462, 61d0b7dc-5f8b-422f-8693-c58167224d24:192.168.69.71:43479], old=null
2019-10-19 01:14:42,003 [f143d5cf-4038-4fa8-8601-f5a45f16ca3e@group-A3037D40E172-LeaderElection904] INFO  impl.LeaderElection (LeaderElection.java:logAndReturn(56)) - f143d5cf-4038-4fa8-8601-f5a45f16ca3e@group-A3037D40E172-LeaderElection904: Election REJECTED; received 2 response(s) [f143d5cf-4038-4fa8-8601-f5a45f16ca3e<-2543ffea-c5c6-4af0-856f-eb846bad755a#0:FAIL-t158, f143d5cf-4038-4fa8-8601-f5a45f16ca3e<-61d14648-e80d-4cd8-9e7c-6deb2f21aca8#0:FAIL-t158] and 0 exception(s); f143d5cf-4038-4fa8-8601-f5a45f16ca3e@group-A3037D40E172:t158, leader=null, voted=f143d5cf-4038-4fa8-8601-f5a45f16ca3e, raftlog=f143d5cf-4038-4fa8-8601-f5a45f16ca3e@group-A3037D40E172-SegmentedRaftLog:OPENED:c-1,f-1,i0, conf=-1: [f143d5cf-4038-4fa8-8601-f5a45f16ca3e:192.168.69.71:40169, 2543ffea-c5c6-4af0-856f-eb846bad755a:192.168.69.71:45287, 61d14648-e80d-4cd8-9e7c-6deb2f21aca8:192.168.69.71:42247], old=null
2019-10-19 01:14:42,003 [9c2d914d-67b1-4af9-8080-4d6ee007b506@group-20FCFA0487C4-LeaderElection903] INFO  impl.RaftServerImpl (RaftServerImpl.java:setRole(184)) - 9c2d914d-67b1-4af9-8080-4d6ee007b506@group-20FCFA0487C4: changes role from CANDIDATE to FOLLOWER at term 152 for DISCOVERED_A_NEW_TERM
2019-10-19 01:14:42,003 [f143d5cf-4038-4fa8-8601-f5a45f16ca3e@group-A3037D40E172-LeaderElection904] INFO  impl.RaftServerImpl (RaftServerImpl.java:setRole(184)) - f143d5cf-4038-4fa8-8601-f5a45f16ca3e@group-A3037D40E172: changes role from CANDIDATE to FOLLOWER at term 158 for DISCOVERED_A_NEW_TERM
2019-10-19 01:14:42,003 [9c2d914d-67b1-4af9-8080-4d6ee007b506@group-20FCFA0487C4-LeaderElection903] INFO  impl.RoleInfo (RoleInfo.java:shutdownLeaderElection(134)) - 9c2d914d-67b1-4af9-8080-4d6ee007b506: shutdown LeaderElection
2019-10-19 01:14:42,003 [f143d5cf-4038-4fa8-8601-f5a45f16ca3e@group-A3037D40E172-LeaderElection904] INFO  impl.RoleInfo (RoleInfo.java:shutdownLeaderElection(134)) - f143d5cf-4038-4fa8-8601-f5a45f16ca3e: shutdown LeaderElection
2019-10-19 01:14:42,003 [9c2d914d-67b1-4af9-8080-4d6ee007b506@group-20FCFA0487C4-LeaderElection903] INFO  impl.RoleInfo (RoleInfo.java:updateAndGet(143)) - 9c2d914d-67b1-4af9-8080-4d6ee007b506: start FollowerState
2019-10-19 01:14:42,003 [f143d5cf-4038-4fa8-8601-f5a45f16ca3e@group-A3037D40E172-LeaderElection904] INFO  impl.RoleInfo (RoleInfo.java:updateAndGet(143)) - f143d5cf-4038-4fa8-8601-f5a45f16ca3e: start FollowerState
2019-10-19 01:14:42,101 [Thread-8254] INFO  impl.FollowerState (FollowerState.java:run(108)) - f143d5cf-4038-4fa8-8601-f5a45f16ca3e@group-A3037D40E172-FollowerState: change to CANDIDATE, lastRpcTime:97ms, electionTimeout:97ms
2019-10-19 01:14:42,101 [Thread-8254] INFO  impl.RoleInfo (RoleInfo.java:shutdownFollowerState(121)) - f143d5cf-4038-4fa8-8601-f5a45f16ca3e: shutdown FollowerState
2019-10-19 01:14:42,101 [Thread-8254] INFO  impl.RaftServerImpl (RaftServerImpl.java:setRole(184)) - f143d5cf-4038-4fa8-8601-f5a45f16ca3e@group-A3037D40E172: changes role from  FOLLOWER to CANDIDATE at term 158 for changeToCandidate
2019-10-19 01:14:42,101 [Thread-8254] INFO  impl.RoleInfo (RoleInfo.java:updateAndGet(143)) - f143d5cf-4038-4fa8-8601-f5a45f16ca3e: start LeaderElection
2019-10-19 01:14:42,106 [f143d5cf-4038-4fa8-8601-f5a45f16ca3e@group-A3037D40E172-LeaderElection905] INFO  impl.LeaderElection (LeaderElection.java:askForVotes(178)) - f143d5cf-4038-4fa8-8601-f5a45f16ca3e@group-A3037D40E172-LeaderElection905: begin an election at term 159 for -1: [f143d5cf-4038-4fa8-8601-f5a45f16ca3e:192.168.69.71:40169, 2543ffea-c5c6-4af0-856f-eb846bad755a:192.168.69.71:45287, 61d14648-e80d-4cd8-9e7c-6deb2f21aca8:192.168.69.71:42247], old=null
2019-10-19 01:14:42,108 [grpc-default-executor-9] INFO  impl.RaftServerImpl (RaftServerImpl.java:setRole(184)) - 2543ffea-c5c6-4af0-856f-eb846bad755a@group-A3037D40E172: changes role from  FOLLOWER to FOLLOWER at term 159 for recognizeCandidate:f143d5cf-4038-4fa8-8601-f5a45f16ca3e
2019-10-19 01:14:42,108 [grpc-default-executor-9] INFO  impl.RoleInfo (RoleInfo.java:shutdownFollowerState(121)) - 2543ffea-c5c6-4af0-856f-eb846bad755a: shutdown FollowerState
2019-10-19 01:14:42,108 [grpc-default-executor-1] INFO  impl.RaftServerImpl (RaftServerImpl.java:setRole(184)) - 61d14648-e80d-4cd8-9e7c-6deb2f21aca8@group-A3037D40E172: changes role from  FOLLOWER to FOLLOWER at term 159 for recognizeCandidate:f143d5cf-4038-4fa8-8601-f5a45f16ca3e
2019-10-19 01:14:42,108 [grpc-default-executor-1] INFO  impl.RoleInfo (RoleInfo.java:shutdownFollowerState(121)) - 61d14648-e80d-4cd8-9e7c-6deb2f21aca8: shutdown FollowerState
2019-10-19 01:14:42,108 [Thread-8252] INFO  impl.FollowerState (FollowerState.java:run(117)) - 2543ffea-c5c6-4af0-856f-eb846bad755a@group-A3037D40E172-FollowerState was interrupted: java.lang.InterruptedException: sleep interrupted
2019-10-19 01:14:42,108 [grpc-default-executor-9] INFO  impl.RoleInfo (RoleInfo.java:updateAndGet(143)) - 2543ffea-c5c6-4af0-856f-eb846bad755a: start FollowerState
2019-10-19 01:14:42,108 [grpc-default-executor-1] INFO  impl.RoleInfo (RoleInfo.java:updateAndGet(143)) - 61d14648-e80d-4cd8-9e7c-6deb2f21aca8: start FollowerState
2019-10-19 01:14:42,108 [Thread-8249] INFO  impl.FollowerState (FollowerState.java:run(117)) - 61d14648-e80d-4cd8-9e7c-6deb2f21aca8@group-A3037D40E172-FollowerState was interrupted: java.lang.InterruptedException: sleep interrupted
2019-10-19 01:14:42,114 [Thread-8253] INFO  impl.FollowerState (FollowerState.java:run(108)) - 9c2d914d-67b1-4af9-8080-4d6ee007b506@group-20FCFA0487C4-FollowerState: change to CANDIDATE, lastRpcTime:110ms, electionTimeout:110ms
2019-10-19 01:14:42,114 [Thread-8253] INFO  impl.RoleInfo (RoleInfo.java:shutdownFollowerState(121)) - 9c2d914d-67b1-4af9-8080-4d6ee007b506: shutdown FollowerState
2019-10-19 01:14:42,114 [Thread-8253] INFO  impl.RaftServerImpl (RaftServerImpl.java:setRole(184)) - 9c2d914d-67b1-4af9-8080-4d6ee007b506@group-20FCFA0487C4: changes role from  FOLLOWER to CANDIDATE at term 152 for changeToCandidate
2019-10-19 01:14:42,114 [Thread-8253] INFO  impl.RoleInfo (RoleInfo.java:updateAndGet(143)) - 9c2d914d-67b1-4af9-8080-4d6ee007b506: start LeaderElection
2019-10-19 01:14:42,122 [9c2d914d-67b1-4af9-8080-4d6ee007b506@group-20FCFA0487C4-LeaderElection906] INFO  impl.LeaderElection (LeaderElection.java:askForVotes(178)) - 9c2d914d-67b1-4af9-8080-4d6ee007b506@group-20FCFA0487C4-LeaderElection906: begin an election at term 153 for -1: [88be3607-7667-471c-9070-7dfd13eb5ac8:192.168.69.71:32925, 9c2d914d-67b1-4af9-8080-4d6ee007b506:192.168.69.71:35462, 61d0b7dc-5f8b-422f-8693-c58167224d24:192.168.69.71:43479], old=null
2019-10-19 01:14:42,123 [f143d5cf-4038-4fa8-8601-f5a45f16ca3e@group-A3037D40E172-LeaderElection905] INFO  impl.LeaderElection (LeaderElection.java:logAndReturn(56)) - f143d5cf-4038-4fa8-8601-f5a45f16ca3e@group-A3037D40E172-LeaderElection905: Election REJECTED; received 2 response(s) [f143d5cf-4038-4fa8-8601-f5a45f16ca3e<-2543ffea-c5c6-4af0-856f-eb846bad755a#0:FAIL-t159, f143d5cf-4038-4fa8-8601-f5a45f16ca3e<-61d14648-e80d-4cd8-9e7c-6deb2f21aca8#0:FAIL-t159] and 0 exception(s); f143d5cf-4038-4fa8-8601-f5a45f16ca3e@group-A3037D40E172:t159, leader=null, voted=f143d5cf-4038-4fa8-8601-f5a45f16ca3e, raftlog=f143d5cf-4038-4fa8-8601-f5a45f16ca3e@group-A3037D40E172-SegmentedRaftLog:OPENED:c-1,f-1,i0, conf=-1: [f143d5cf-4038-4fa8-8601-f5a45f16ca3e:192.168.69.71:40169, 2543ffea-c5c6-4af0-856f-eb846bad755a:192.168.69.71:45287, 61d14648-e80d-4cd8-9e7c-6deb2f21aca8:192.168.69.71:42247], old=null
2019-10-19 01:14:42,123 [f143d5cf-4038-4fa8-8601-f5a45f16ca3e@group-A3037D40E172-LeaderElection905] INFO  impl.RaftServerImpl (RaftServerImpl.java:setRole(184)) - f143d5cf-4038-4fa8-8601-f5a45f16ca3e@group-A3037D40E172: changes role from CANDIDATE to FOLLOWER at term 159 for DISCOVERED_A_NEW_TERM
2019-10-19 01:14:42,123 [f143d5cf-4038-4fa8-8601-f5a45f16ca3e@group-A3037D40E172-LeaderElection905] INFO  impl.RoleInfo (RoleInfo.java:shutdownLeaderElection(134)) - f143d5cf-4038-4fa8-8601-f5a45f16ca3e: shutdown LeaderElection
2019-10-19 01:14:42,123 [f143d5cf-4038-4fa8-8601-f5a45f16ca3e@group-A3037D40E172-LeaderElection905] INFO  impl.RoleInfo (RoleInfo.java:updateAndGet(143)) - f143d5cf-4038-4fa8-8601-f5a45f16ca3e: start FollowerState
2019-10-19 01:14:42,124 [grpc-default-executor-1] INFO  impl.RaftServerImpl (RaftServerImpl.java:setRole(184)) - 88be3607-7667-471c-9070-7dfd13eb5ac8@group-20FCFA0487C4: changes role from  FOLLOWER to FOLLOWER at term 153 for recognizeCandidate:9c2d914d-67b1-4af9-8080-4d6ee007b506
2019-10-19 01:14:42,124 [grpc-default-executor-9] INFO  impl.RaftServerImpl (RaftServerImpl.java:setRole(184)) - 61d0b7dc-5f8b-422f-8693-c58167224d24@group-20FCFA0487C4: changes role from  FOLLOWER to FOLLOWER at term 153 for recognizeCandidate:9c2d914d-67b1-4af9-8080-4d6ee007b506
2019-10-19 01:14:42,124 [grpc-default-executor-9] INFO  impl.RoleInfo (RoleInfo.java:shutdownFollowerState(121)) - 61d0b7dc-5f8b-422f-8693-c58167224d24: shutdown FollowerState
2019-10-19 01:14:42,124 [grpc-default-executor-1] INFO  impl.RoleInfo (RoleInfo.java:shutdownFollowerState(121)) - 88be3607-7667-471c-9070-7dfd13eb5ac8: shutdown FollowerState
2019-10-19 01:14:42,124 [Thread-8250] INFO  impl.FollowerState (FollowerState.java:run(117)) - 61d0b7dc-5f8b-422f-8693-c58167224d24@group-20FCFA0487C4-FollowerState was interrupted: java.lang.InterruptedException: sleep interrupted
2019-10-19 01:14:42,124 [Thread-8251] INFO  impl.FollowerState (FollowerState.java:run(117)) - 88be3607-7667-471c-9070-7dfd13eb5ac8@group-20FCFA0487C4-FollowerState was interrupted: java.lang.InterruptedException: sleep interrupted
2019-10-19 01:14:42,124 [grpc-default-executor-9] INFO  impl.RoleInfo (RoleInfo.java:updateAndGet(143)) - 61d0b7dc-5f8b-422f-8693-c58167224d24: start FollowerState
2019-10-19 01:14:42,124 [grpc-default-executor-1] INFO  impl.RoleInfo (RoleInfo.java:updateAndGet(143)) - 88be3607-7667-471c-9070-7dfd13eb5ac8: start FollowerState
2019-10-19 01:14:42,138 [9c2d914d-67b1-4af9-8080-4d6ee007b506@group-20FCFA0487C4-LeaderElection906] INFO  impl.LeaderElection (LeaderElection.java:logAndReturn(56)) - 9c2d914d-67b1-4af9-8080-4d6ee007b506@group-20FCFA0487C4-LeaderElection906: Election REJECTED; received 2 response(s) [9c2d914d-67b1-4af9-8080-4d6ee007b506<-88be3607-7667-471c-9070-7dfd13eb5ac8#0:FAIL-t153, 9c2d914d-67b1-4af9-8080-4d6ee007b506<-61d0b7dc-5f8b-422f-8693-c58167224d24#0:FAIL-t153] and 0 exception(s); 9c2d914d-67b1-4af9-8080-4d6ee007b506@group-20FCFA0487C4:t153, leader=null, voted=9c2d914d-67b1-4af9-8080-4d6ee007b506, raftlog=9c2d914d-67b1-4af9-8080-4d6ee007b506@group-20FCFA0487C4-SegmentedRaftLog:OPENED:c-1,f-1,i0, conf=-1: [88be3607-7667-471c-9070-7dfd13eb5ac8:192.168.69.71:32925, 9c2d914d-67b1-4af9-8080-4d6ee007b506:192.168.69.71:35462, 61d0b7dc-5f8b-422f-8693-c58167224d24:192.168.69.71:43479], old=null
2019-10-19 01:14:42,138 [9c2d914d-67b1-4af9-8080-4d6ee007b506@group-20FCFA0487C4-LeaderElection906] INFO  impl.RaftServerImpl (RaftServerImpl.java:setRole(184)) - 9c2d914d-67b1-4af9-8080-4d6ee007b506@group-20FCFA0487C4: changes role from CANDIDATE to FOLLOWER at term 153 for DISCOVERED_A_NEW_TERM
2019-10-19 01:14:42,138 [9c2d914d-67b1-4af9-8080-4d6ee007b506@group-20FCFA0487C4-LeaderElection906] INFO  impl.RoleInfo (RoleInfo.java:shutdownLeaderElection(134)) - 9c2d914d-67b1-4af9-8080-4d6ee007b506: shutdown LeaderElection
2019-10-19 01:14:42,138 [9c2d914d-67b1-4af9-8080-4d6ee007b506@group-20FCFA0487C4-LeaderElection906] INFO  impl.RoleInfo (RoleInfo.java:updateAndGet(143)) - 9c2d914d-67b1-4af9-8080-4d6ee007b506: start FollowerState
2019-10-19 01:14:42,164 [Thread-8266] INFO  impl.FollowerState (FollowerState.java:run(108)) - 9c2d914d-67b1-4af9-8080-4d6ee007b506@group-20FCFA0487C4-FollowerState: change to CANDIDATE, lastRpcTime:26ms, electionTimeout:26ms
2019-10-19 01:14:42,164 [Thread-8266] INFO  impl.RoleInfo (RoleInfo.java:shutdownFollowerState(121)) - 9c2d914d-67b1-4af9-8080-4d6ee007b506: shutdown FollowerState
2019-10-19 01:14:42,165 [Thread-8266] INFO  impl.RaftServerImpl (RaftServerImpl.java:setRole(184)) - 9c2d914d-67b1-4af9-8080-4d6ee007b506@group-20FCFA0487C4: changes role from  FOLLOWER to CANDIDATE at term 153 for changeToCandidate
2019-10-19 01:14:42,165 [Thread-8266] INFO  impl.RoleInfo (RoleInfo.java:updateAndGet(143)) - 9c2d914d-67b1-4af9-8080-4d6ee007b506: start LeaderElection
2019-10-19 01:14:42,178 [9c2d914d-67b1-4af9-8080-4d6ee007b506@group-20FCFA0487C4-LeaderElection907] INFO  impl.LeaderElection (LeaderElection.java:askForVotes(178)) - 9c2d914d-67b1-4af9-8080-4d6ee007b506@group-20FCFA0487C4-LeaderElection907: begin an election at term 154 for -1: [88be3607-7667-471c-9070-7dfd13eb5ac8:192.168.69.71:32925, 9c2d914d-67b1-4af9-8080-4d6ee007b506:192.168.69.71:35462, 61d0b7dc-5f8b-422f-8693-c58167224d24:192.168.69.71:43479], old=null
2019-10-19 01:14:42,179 [grpc-default-executor-1] INFO  impl.RaftServerImpl (RaftServerImpl.java:setRole(184)) - 88be3607-7667-471c-9070-7dfd13eb5ac8@group-20FCFA0487C4: changes role from  FOLLOWER to FOLLOWER at term 154 for recognizeCandidate:9c2d914d-67b1-4af9-8080-4d6ee007b506
2019-10-19 01:14:42,179 [grpc-default-executor-1] INFO  impl.RoleInfo (RoleInfo.java:shutdownFollowerState(121)) - 88be3607-7667-471c-9070-7dfd13eb5ac8: shutdown FollowerState
2019-10-19 01:14:42,179 [grpc-default-executor-9] INFO  impl.RaftServerImpl (RaftServerImpl.java:setRole(184)) - 61d0b7dc-5f8b-422f-8693-c58167224d24@group-20FCFA0487C4: changes role from  FOLLOWER to FOLLOWER at term 154 for recognizeCandidate:9c2d914d-67b1-4af9-8080-4d6ee007b506
2019-10-19 01:14:42,179 [Thread-8265] INFO  impl.FollowerState (FollowerState.java:run(117)) - 88be3607-7667-471c-9070-7dfd13eb5ac8@group-20FCFA0487C4-FollowerState was interrupted: java.lang.InterruptedException: sleep interrupted
2019-10-19 01:14:42,179 [grpc-default-executor-1] INFO  impl.RoleInfo (RoleInfo.java:updateAndGet(143)) - 88be3607-7667-471c-9070-7dfd13eb5ac8: start FollowerState
2019-10-19 01:14:42,179 [grpc-default-executor-9] INFO  impl.RoleInfo (RoleInfo.java:shutdownFollowerState(121)) - 61d0b7dc-5f8b-422f-8693-c58167224d24: shutdown FollowerState
2019-10-19 01:14:42,180 [grpc-default-executor-9] INFO  impl.RoleInfo (RoleInfo.java:updateAndGet(143)) - 61d0b7dc-5f8b-422f-8693-c58167224d24: start FollowerState
2019-10-19 01:14:42,180 [Thread-8264] INFO  impl.FollowerState (FollowerState.java:run(117)) - 61d0b7dc-5f8b-422f-8693-c58167224d24@group-20FCFA0487C4-FollowerState was interrupted: java.lang.InterruptedException: sleep interrupted
2019-10-19 01:14:42,192 [9c2d914d-67b1-4af9-8080-4d6ee007b506@group-20FCFA0487C4-LeaderElection907] INFO  impl.LeaderElection (LeaderElection.java:logAndReturn(56)) - 9c2d914d-67b1-4af9-8080-4d6ee007b506@group-20FCFA0487C4-LeaderElection907: Election REJECTED; received 2 response(s) [9c2d914d-67b1-4af9-8080-4d6ee007b506<-88be3607-7667-471c-9070-7dfd13eb5ac8#0:FAIL-t154, 9c2d914d-67b1-4af9-8080-4d6ee007b506<-61d0b7dc-5f8b-422f-8693-c58167224d24#0:FAIL-t154] and 0 exception(s); 9c2d914d-67b1-4af9-8080-4d6ee007b506@group-20FCFA0487C4:t154, leader=null, voted=9c2d914d-67b1-4af9-8080-4d6ee007b506, raftlog=9c2d914d-67b1-4af9-8080-4d6ee007b506@group-20FCFA0487C4-SegmentedRaftLog:OPENED:c-1,f-1,i0, conf=-1: [88be3607-7667-471c-9070-7dfd13eb5ac8:192.168.69.71:32925, 9c2d914d-67b1-4af9-8080-4d6ee007b506:192.168.69.71:35462, 61d0b7dc-5f8b-422f-8693-c58167224d24:192.168.69.71:43479], old=null
2019-10-19 01:14:42,193 [9c2d914d-67b1-4af9-8080-4d6ee007b506@group-20FCFA0487C4-LeaderElection907] INFO  impl.RaftServerImpl (RaftServerImpl.java:setRole(184)) - 9c2d914d-67b1-4af9-8080-4d6ee007b506@group-20FCFA0487C4: changes role from CANDIDATE to FOLLOWER at term 154 for DISCOVERED_A_NEW_TERM
2019-10-19 01:14:42,193 [9c2d914d-67b1-4af9-8080-4d6ee007b506@group-20FCFA0487C4-LeaderElection907] INFO  impl.RoleInfo (RoleInfo.java:shutdownLeaderElection(134)) - 9c2d914d-67b1-4af9-8080-4d6ee007b506: shutdown LeaderElection
2019-10-19 01:14:42,193 [9c2d914d-67b1-4af9-8080-4d6ee007b506@group-20FCFA0487C4-LeaderElection907] INFO  impl.RoleInfo (RoleInfo.java:updateAndGet(143)) - 9c2d914d-67b1-4af9-8080-4d6ee007b506: start FollowerState
2019-10-19 01:14:42,212 [main] WARN  io.KeyOutputStream (KeyOutputStream.java:handleException(274)) - Encountered exception java.io.IOException: Unexpected Storage Container Exception: java.util.concurrent.CompletionException: java.util.concurrent.CompletionException: org.apache.ratis.protocol.RaftRetryFailureException: Failed RaftClientRequest:client-F5C9AF859E68->2543ffea-c5c6-4af0-856f-eb846bad755a@group-A3037D40E172, cid=121, seq=1*, RW, cmdType: WriteChunk
traceID: "5d2a7d367efa9927:5d2a7d367efa9927:0:0"
containerID: 2
datanodeUuid: "f143d5cf-4038-4fa8-8601-f5a45f16ca3e"
writeChunk {
  blockID {
    containerID: 2
    localID: 102986394692485134
    blockCommitSequenceId: 0
  }
  chunkData {
    chunkName: "102986394692485134_chunk_1"
    offset: 0
    len: 1048576
    checksumData {
      type: CRC32
      bytesPerChecksum: 1048576
      checksums: "\253\303\360\317"
    }
  }
}
, data.size=1048576 for 10 attempts with RetryLimited(maxAttempts=10, sleepTime=1000ms) on the pipeline Pipeline[ Id: 1f061db7-894c-4c1f-b7f5-a3037d40e172, Nodes: f143d5cf-4038-4fa8-8601-f5a45f16ca3e{ip: 192.168.69.71, host: pr-hdds-2333-vzxj6-995506542, networkLocation: /rack1, certSerialId: null}61d14648-e80d-4cd8-9e7c-6deb2f21aca8{ip: 192.168.69.71, host: pr-hdds-2333-vzxj6-995506542, networkLocation: /rack1, certSerialId: null}2543ffea-c5c6-4af0-856f-eb846bad755a{ip: 192.168.69.71, host: pr-hdds-2333-vzxj6-995506542, networkLocation: /rack1, certSerialId: null}, Type:RATIS, Factor:THREE, State:OPEN]. The last committed block length is 0, uncommitted data length is 1048576 retry count 0
2019-10-19 01:14:42,216 [Thread-8263] INFO  impl.FollowerState (FollowerState.java:run(108)) - f143d5cf-4038-4fa8-8601-f5a45f16ca3e@group-A3037D40E172-FollowerState: change to CANDIDATE, lastRpcTime:92ms, electionTimeout:92ms
2019-10-19 01:14:42,218 [Thread-8263] INFO  impl.RoleInfo (RoleInfo.java:shutdownFollowerState(121)) - f143d5cf-4038-4fa8-8601-f5a45f16ca3e: shutdown FollowerState
2019-10-19 01:14:42,218 [Thread-8263] INFO  impl.RaftServerImpl (RaftServerImpl.java:setRole(184)) - f143d5cf-4038-4fa8-8601-f5a45f16ca3e@group-A3037D40E172: changes role from  FOLLOWER to CANDIDATE at term 159 for changeToCandidate
2019-10-19 01:14:42,218 [Thread-8263] INFO  impl.RoleInfo (RoleInfo.java:updateAndGet(143)) - f143d5cf-4038-4fa8-8601-f5a45f16ca3e: start LeaderElection
2019-10-19 01:14:42,231 [f143d5cf-4038-4fa8-8601-f5a45f16ca3e@group-A3037D40E172-LeaderElection908] INFO  impl.LeaderElection (LeaderElection.java:askForVotes(178)) - f143d5cf-4038-4fa8-8601-f5a45f16ca3e@group-A3037D40E172-LeaderElection908: begin an election at term 160 for -1: [f143d5cf-4038-4fa8-8601-f5a45f16ca3e:192.168.69.71:40169, 2543ffea-c5c6-4af0-856f-eb846bad755a:192.168.69.71:45287, 61d14648-e80d-4cd8-9e7c-6deb2f21aca8:192.168.69.71:42247], old=null
2019-10-19 01:14:42,233 [grpc-default-executor-1] INFO  impl.RaftServerImpl (RaftServerImpl.java:setRole(184)) - 2543ffea-c5c6-4af0-856f-eb846bad755a@group-A3037D40E172: changes role from  FOLLOWER to FOLLOWER at term 160 for recognizeCandidate:f143d5cf-4038-4fa8-8601-f5a45f16ca3e
2019-10-19 01:14:42,233 [grpc-default-executor-9] INFO  impl.RaftServerImpl (RaftServerImpl.java:setRole(184)) - 61d14648-e80d-4cd8-9e7c-6deb2f21aca8@group-A3037D40E172: changes role from  FOLLOWER to FOLLOWER at term 160 for recognizeCandidate:f143d5cf-4038-4fa8-8601-f5a45f16ca3e
2019-10-19 01:14:42,233 [grpc-default-executor-9] INFO  impl.RoleInfo (RoleInfo.java:shutdownFollowerState(121)) - 61d14648-e80d-4cd8-9e7c-6deb2f21aca8: shutdown FollowerState
2019-10-19 01:14:42,233 [grpc-default-executor-1] INFO  impl.RoleInfo (RoleInfo.java:shutdownFollowerState(121)) - 2543ffea-c5c6-4af0-856f-eb846bad755a: shutdown FollowerState
2019-10-19 01:14:42,233 [Thread-8259] INFO  impl.FollowerState (FollowerState.java:run(117)) - 61d14648-e80d-4cd8-9e7c-6deb2f21aca8@group-A3037D40E172-FollowerState was interrupted: java.lang.InterruptedException: sleep interrupted
2019-10-19 01:14:42,233 [grpc-default-executor-9] INFO  impl.RoleInfo (RoleInfo.java:updateAndGet(143)) - 61d14648-e80d-4cd8-9e7c-6deb2f21aca8: start FollowerState
2019-10-19 01:14:42,233 [Thread-8258] INFO  impl.FollowerState (FollowerState.java:run(117)) - 2543ffea-c5c6-4af0-856f-eb846bad755a@group-A3037D40E172-FollowerState was interrupted: java.lang.InterruptedException: sleep interrupted
2019-10-19 01:14:42,233 [grpc-default-executor-1] INFO  impl.RoleInfo (RoleInfo.java:updateAndGet(143)) - 2543ffea-c5c6-4af0-856f-eb846bad755a: start FollowerState
2019-10-19 01:14:42,246 [f143d5cf-4038-4fa8-8601-f5a45f16ca3e@group-A3037D40E172-LeaderElection908] INFO  impl.LeaderElection (LeaderElection.java:logAndReturn(56)) - f143d5cf-4038-4fa8-8601-f5a45f16ca3e@group-A3037D40E172-LeaderElection908: Election REJECTED; received 2 response(s) [f143d5cf-4038-4fa8-8601-f5a45f16ca3e<-2543ffea-c5c6-4af0-856f-eb846bad755a#0:FAIL-t160, f143d5cf-4038-4fa8-8601-f5a45f16ca3e<-61d14648-e80d-4cd8-9e7c-6deb2f21aca8#0:FAIL-t160] and 0 exception(s); f143d5cf-4038-4fa8-8601-f5a45f16ca3e@group-A3037D40E172:t160, leader=null, voted=f143d5cf-4038-4fa8-8601-f5a45f16ca3e, raftlog=f143d5cf-4038-4fa8-8601-f5a45f16ca3e@group-A3037D40E172-SegmentedRaftLog:OPENED:c-1,f-1,i0, conf=-1: [f143d5cf-4038-4fa8-8601-f5a45f16ca3e:192.168.69.71:40169, 2543ffea-c5c6-4af0-856f-eb846bad755a:192.168.69.71:45287, 61d14648-e80d-4cd8-9e7c-6deb2f21aca8:192.168.69.71:42247], old=null
2019-10-19 01:14:42,246 [f143d5cf-4038-4fa8-8601-f5a45f16ca3e@group-A3037D40E172-LeaderElection908] INFO  impl.RaftServerImpl (RaftServerImpl.java:setRole(184)) - f143d5cf-4038-4fa8-8601-f5a45f16ca3e@group-A3037D40E172: changes role from CANDIDATE to FOLLOWER at term 160 for DISCOVERED_A_NEW_TERM
2019-10-19 01:14:42,246 [f143d5cf-4038-4fa8-8601-f5a45f16ca3e@group-A3037D40E172-LeaderElection908] INFO  impl.RoleInfo (RoleInfo.java:shutdownLeaderElection(134)) - f143d5cf-4038-4fa8-8601-f5a45f16ca3e: shutdown LeaderElection
2019-10-19 01:14:42,246 [f143d5cf-4038-4fa8-8601-f5a45f16ca3e@group-A3037D40E172-LeaderElection908] INFO  impl.RoleInfo (RoleInfo.java:updateAndGet(143)) - f143d5cf-4038-4fa8-8601-f5a45f16ca3e: start FollowerState
2019-10-19 01:14:42,293 [Thread-8275] INFO  impl.FollowerState (FollowerState.java:run(108)) - 9c2d914d-67b1-4af9-8080-4d6ee007b506@group-20FCFA0487C4-FollowerState: change to CANDIDATE, lastRpcTime:100ms, electionTimeout:100ms
2019-10-19 01:14:42,293 [Thread-8275] INFO  impl.RoleInfo (RoleInfo.java:shutdownFollowerState(121)) - 9c2d914d-67b1-4af9-8080-4d6ee007b506: shutdown FollowerState
2019-10-19 01:14:42,293 [Thread-8275] INFO  impl.RaftServerImpl (RaftServerImpl.java:setRole(184)) - 9c2d914d-67b1-4af9-8080-4d6ee007b506@group-20FCFA0487C4: changes role from  FOLLOWER to CANDIDATE at term 154 for changeToCandidate
2019-10-19 01:14:42,293 [Thread-8275] INFO  impl.RoleInfo (RoleInfo.java:updateAndGet(143)) - 9c2d914d-67b1-4af9-8080-4d6ee007b506: start LeaderElection
2019-10-19 01:14:42,317 [9c2d914d-67b1-4af9-8080-4d6ee007b506@group-20FCFA0487C4-LeaderElection909] INFO  impl.LeaderElection (LeaderElection.java:askForVotes(178)) - 9c2d914d-67b1-4af9-8080-4d6ee007b506@group-20FCFA0487C4-LeaderElection909: begin an election at term 155 for -1: [88be3607-7667-471c-9070-7dfd13eb5ac8:192.168.69.71:32925, 9c2d914d-67b1-4af9-8080-4d6ee007b506:192.168.69.71:35462, 61d0b7dc-5f8b-422f-8693-c58167224d24:192.168.69.71:43479], old=null
2019-10-19 01:14:42,319 [grpc-default-executor-9] INFO  impl.RaftServerImpl (RaftServerImpl.java:setRole(184)) - 88be3607-7667-471c-9070-7dfd13eb5ac8@group-20FCFA0487C4: changes role from  FOLLOWER to FOLLOWER at term 155 for recognizeCandidate:9c2d914d-67b1-4af9-8080-4d6ee007b506
2019-10-19 01:14:42,319 [grpc-default-executor-9] INFO  impl.RoleInfo (RoleInfo.java:shutdownFollowerState(121)) - 88be3607-7667-471c-9070-7dfd13eb5ac8: shutdown FollowerState
2019-10-19 01:14:42,319 [grpc-default-executor-9] INFO  impl.RoleInfo (RoleInfo.java:updateAndGet(143)) - 88be3607-7667-471c-9070-7dfd13eb5ac8: start FollowerState
2019-10-19 01:14:42,319 [grpc-default-executor-1] INFO  impl.RaftServerImpl (RaftServerImpl.java:setRole(184)) - 61d0b7dc-5f8b-422f-8693-c58167224d24@group-20FCFA0487C4: changes role from  FOLLOWER to FOLLOWER at term 155 for recognizeCandidate:9c2d914d-67b1-4af9-8080-4d6ee007b506
2019-10-19 01:14:42,320 [grpc-default-executor-1] INFO  impl.RoleInfo (RoleInfo.java:shutdownFollowerState(121)) - 61d0b7dc-5f8b-422f-8693-c58167224d24: shutdown FollowerState
2019-10-19 01:14:42,319 [Thread-8272] INFO  impl.FollowerState (FollowerState.java:run(117)) - 88be3607-7667-471c-9070-7dfd13eb5ac8@group-20FCFA0487C4-FollowerState was interrupted: java.lang.InterruptedException: sleep interrupted
2019-10-19 01:14:42,320 [Thread-8273] INFO  impl.FollowerState (FollowerState.java:run(117)) - 61d0b7dc-5f8b-422f-8693-c58167224d24@group-20FCFA0487C4-FollowerState was interrupted: java.lang.InterruptedException: sleep interrupted
2019-10-19 01:14:42,320 [grpc-default-executor-1] INFO  impl.RoleInfo (RoleInfo.java:updateAndGet(143)) - 61d0b7dc-5f8b-422f-8693-c58167224d24: start FollowerState
2019-10-19 01:14:42,331 [9c2d914d-67b1-4af9-8080-4d6ee007b506@group-20FCFA0487C4-LeaderElection909] INFO  impl.LeaderElection (LeaderElection.java:logAndReturn(56)) - 9c2d914d-67b1-4af9-8080-4d6ee007b506@group-20FCFA0487C4-LeaderElection909: Election REJECTED; received 2 response(s) [9c2d914d-67b1-4af9-8080-4d6ee007b506<-88be3607-7667-471c-9070-7dfd13eb5ac8#0:FAIL-t155, 9c2d914d-67b1-4af9-8080-4d6ee007b506<-61d0b7dc-5f8b-422f-8693-c58167224d24#0:FAIL-t155] and 0 exception(s); 9c2d914d-67b1-4af9-8080-4d6ee007b506@group-20FCFA0487C4:t155, leader=null, voted=9c2d914d-67b1-4af9-8080-4d6ee007b506, raftlog=9c2d914d-67b1-4af9-8080-4d6ee007b506@group-20FCFA0487C4-SegmentedRaftLog:OPENED:c-1,f-1,i0, conf=-1: [88be3607-7667-471c-9070-7dfd13eb5ac8:192.168.69.71:32925, 9c2d914d-67b1-4af9-8080-4d6ee007b506:192.168.69.71:35462, 61d0b7dc-5f8b-422f-8693-c58167224d24:192.168.69.71:43479], old=null
2019-10-19 01:14:42,331 [9c2d914d-67b1-4af9-8080-4d6ee007b506@group-20FCFA0487C4-LeaderElection909] INFO  impl.RaftServerImpl (RaftServerImpl.java:setRole(184)) - 9c2d914d-67b1-4af9-8080-4d6ee007b506@group-20FCFA0487C4: changes role from CANDIDATE to FOLLOWER at term 155 for DISCOVERED_A_NEW_TERM
2019-10-19 01:14:42,331 [9c2d914d-67b1-4af9-8080-4d6ee007b506@group-20FCFA0487C4-LeaderElection909] INFO  impl.RoleInfo (RoleInfo.java:shutdownLeaderElection(134)) - 9c2d914d-67b1-4af9-8080-4d6ee007b506: shutdown LeaderElection
2019-10-19 01:14:42,331 [9c2d914d-67b1-4af9-8080-4d6ee007b506@group-20FCFA0487C4-LeaderElection909] INFO  impl.RoleInfo (RoleInfo.java:updateAndGet(143)) - 9c2d914d-67b1-4af9-8080-4d6ee007b506: start FollowerState
2019-10-19 01:14:42,333 [Thread-8282] INFO  impl.FollowerState (FollowerState.java:run(108)) - f143d5cf-4038-4fa8-8601-f5a45f16ca3e@group-A3037D40E172-FollowerState: change to CANDIDATE, lastRpcTime:87ms, electionTimeout:87ms
2019-10-19 01:14:42,333 [Thread-8282] INFO  impl.RoleInfo (RoleInfo.java:shutdownFollowerState(121)) - f143d5cf-4038-4fa8-8601-f5a45f16ca3e: shutdown FollowerState
2019-10-19 01:14:42,333 [Thread-8282] INFO  impl.RaftServerImpl (RaftServerImpl.java:setRole(184)) - f143d5cf-4038-4fa8-8601-f5a45f16ca3e@group-A3037D40E172: changes role from  FOLLOWER to CANDIDATE at term 160 for changeToCandidate
2019-10-19 01:14:42,334 [Thread-8282] INFO  impl.RoleInfo (RoleInfo.java:updateAndGet(143)) - f143d5cf-4038-4fa8-8601-f5a45f16ca3e: start LeaderElection
2019-10-19 01:14:42,342 [f143d5cf-4038-4fa8-8601-f5a45f16ca3e@group-A3037D40E172-LeaderElection910] INFO  impl.LeaderElection (LeaderElection.java:askForVotes(178)) - f143d5cf-4038-4fa8-8601-f5a45f16ca3e@group-A3037D40E172-LeaderElection910: begin an election at term 161 for -1: [f143d5cf-4038-4fa8-8601-f5a45f16ca3e:192.168.69.71:40169, 2543ffea-c5c6-4af0-856f-eb846bad755a:192.168.69.71:45287, 61d14648-e80d-4cd8-9e7c-6deb2f21aca8:192.168.69.71:42247], old=null
2019-10-19 01:14:42,344 [grpc-default-executor-9] INFO  impl.RaftServerImpl (RaftServerImpl.java:setRole(184)) - 2543ffea-c5c6-4af0-856f-eb846bad755a@group-A3037D40E172: changes role from  FOLLOWER to FOLLOWER at term 161 for recognizeCandidate:f143d5cf-4038-4fa8-8601-f5a45f16ca3e
2019-10-19 01:14:42,344 [grpc-default-executor-9] INFO  impl.RoleInfo (RoleInfo.java:shutdownFollowerState(121)) - 2543ffea-c5c6-4af0-856f-eb846bad755a: shutdown FollowerState
2019-10-19 01:14:42,344 [grpc-default-executor-9] INFO  impl.RoleInfo (RoleInfo.java:updateAndGet(143)) - 2543ffea-c5c6-4af0-856f-eb846bad755a: start FollowerState
2019-10-19 01:14:42,344 [Thread-8281] INFO  impl.FollowerState (FollowerState.java:run(117)) - 2543ffea-c5c6-4af0-856f-eb846bad755a@group-A3037D40E172-FollowerState was interrupted: java.lang.InterruptedException: sleep interrupted
2019-10-19 01:14:42,344 [grpc-default-executor-1] INFO  impl.RaftServerImpl (RaftServerImpl.java:setRole(184)) - 61d14648-e80d-4cd8-9e7c-6deb2f21aca8@group-A3037D40E172: changes role from  FOLLOWER to FOLLOWER at term 161 for recognizeCandidate:f143d5cf-4038-4fa8-8601-f5a45f16ca3e
2019-10-19 01:14:42,344 [grpc-default-executor-1] INFO  impl.RoleInfo (RoleInfo.java:shutdownFollowerState(121)) - 61d14648-e80d-4cd8-9e7c-6deb2f21aca8: shutdown FollowerState
2019-10-19 01:14:42,344 [grpc-default-executor-1] INFO  impl.RoleInfo (RoleInfo.java:updateAndGet(143)) - 61d14648-e80d-4cd8-9e7c-6deb2f21aca8: start FollowerState
2019-10-19 01:14:42,344 [Thread-8280] INFO  impl.FollowerState (FollowerState.java:run(117)) - 61d14648-e80d-4cd8-9e7c-6deb2f21aca8@group-A3037D40E172-FollowerState was interrupted: java.lang.InterruptedException: sleep interrupted
2019-10-19 01:14:42,352 [f143d5cf-4038-4fa8-8601-f5a45f16ca3e@group-A3037D40E172-LeaderElection910] INFO  impl.LeaderElection (LeaderElection.java:logAndReturn(56)) - f143d5cf-4038-4fa8-8601-f5a45f16ca3e@group-A3037D40E172-LeaderElection910: Election REJECTED; received 2 response(s) [f143d5cf-4038-4fa8-8601-f5a45f16ca3e<-2543ffea-c5c6-4af0-856f-eb846bad755a#0:FAIL-t161, f143d5cf-4038-4fa8-8601-f5a45f16ca3e<-61d14648-e80d-4cd8-9e7c-6deb2f21aca8#0:FAIL-t161] and 0 exception(s); f143d5cf-4038-4fa8-8601-f5a45f16ca3e@group-A3037D40E172:t161, leader=null, voted=f143d5cf-4038-4fa8-8601-f5a45f16ca3e, raftlog=f143d5cf-4038-4fa8-8601-f5a45f16ca3e@group-A3037D40E172-SegmentedRaftLog:OPENED:c-1,f-1,i0, conf=-1: [f143d5cf-4038-4fa8-8601-f5a45f16ca3e:192.168.69.71:40169, 2543ffea-c5c6-4af0-856f-eb846bad755a:192.168.69.71:45287, 61d14648-e80d-4cd8-9e7c-6deb2f21aca8:192.168.69.71:42247], old=null
2019-10-19 01:14:42,352 [f143d5cf-4038-4fa8-8601-f5a45f16ca3e@group-A3037D40E172-LeaderElection910] INFO  impl.RaftServerImpl (RaftServerImpl.java:setRole(184)) - f143d5cf-4038-4fa8-8601-f5a45f16ca3e@group-A3037D40E172: changes role from CANDIDATE to FOLLOWER at term 161 for DISCOVERED_A_NEW_TERM
2019-10-19 01:14:42,352 [f143d5cf-4038-4fa8-8601-f5a45f16ca3e@group-A3037D40E172-LeaderElection910] INFO  impl.RoleInfo (RoleInfo.java:shutdownLeaderElection(134)) - f143d5cf-4038-4fa8-8601-f5a45f16ca3e: shutdown LeaderElection
2019-10-19 01:14:42,353 [f143d5cf-4038-4fa8-8601-f5a45f16ca3e@group-A3037D40E172-LeaderElection910] INFO  impl.RoleInfo (RoleInfo.java:updateAndGet(143)) - f143d5cf-4038-4fa8-8601-f5a45f16ca3e: start FollowerState
2019-10-19 01:14:42,444 [Thread-8300] INFO  impl.FollowerState (FollowerState.java:run(108)) - f143d5cf-4038-4fa8-8601-f5a45f16ca3e@group-A3037D40E172-FollowerState: change to CANDIDATE, lastRpcTime:91ms, electionTimeout:87ms
2019-10-19 01:14:42,444 [Thread-8300] INFO  impl.RoleInfo (RoleInfo.java:shutdownFollowerState(121)) - f143d5cf-4038-4fa8-8601-f5a45f16ca3e: shutdown FollowerState
2019-10-19 01:14:42,444 [Thread-8300] INFO  impl.RaftServerImpl (RaftServerImpl.java:setRole(184)) - f143d5cf-4038-4fa8-8601-f5a45f16ca3e@group-A3037D40E172: changes role from  FOLLOWER to CANDIDATE at term 161 for changeToCandidate
2019-10-19 01:14:42,444 [Thread-8300] INFO  impl.RoleInfo (RoleInfo.java:updateAndGet(143)) - f143d5cf-4038-4fa8-8601-f5a45f16ca3e: start LeaderElection
2019-10-19 01:14:42,453 [f143d5cf-4038-4fa8-8601-f5a45f16ca3e@group-A3037D40E172-LeaderElection911] INFO  impl.LeaderElection (LeaderElection.java:askForVotes(178)) - f143d5cf-4038-4fa8-8601-f5a45f16ca3e@group-A3037D40E172-LeaderElection911: begin an election at term 162 for -1: [f143d5cf-4038-4fa8-8601-f5a45f16ca3e:192.168.69.71:40169, 2543ffea-c5c6-4af0-856f-eb846bad755a:192.168.69.71:45287, 61d14648-e80d-4cd8-9e7c-6deb2f21aca8:192.168.69.71:42247], old=null
2019-10-19 01:14:42,456 [grpc-default-executor-10] INFO  impl.RaftServerImpl (RaftServerImpl.java:setRole(184)) - 2543ffea-c5c6-4af0-856f-eb846bad755a@group-A3037D40E172: changes role from  FOLLOWER to FOLLOWER at term 162 for recognizeCandidate:f143d5cf-4038-4fa8-8601-f5a45f16ca3e
2019-10-19 01:14:42,456 [grpc-default-executor-3] INFO  impl.RaftServerImpl (RaftServerImpl.java:setRole(184)) - 61d14648-e80d-4cd8-9e7c-6deb2f21aca8@group-A3037D40E172: changes role from  FOLLOWER to FOLLOWER at term 162 for recognizeCandidate:f143d5cf-4038-4fa8-8601-f5a45f16ca3e
2019-10-19 01:14:42,456 [grpc-default-executor-3] INFO  impl.RoleInfo (RoleInfo.java:shutdownFollowerState(121)) - 61d14648-e80d-4cd8-9e7c-6deb2f21aca8: shutdown FollowerState
2019-10-19 01:14:42,456 [grpc-default-executor-10] INFO  impl.RoleInfo (RoleInfo.java:shutdownFollowerState(121)) - 2543ffea-c5c6-4af0-856f-eb846bad755a: shutdown FollowerState
2019-10-19 01:14:42,456 [Thread-8295] INFO  impl.FollowerState (FollowerState.java:run(117)) - 61d14648-e80d-4cd8-9e7c-6deb2f21aca8@group-A3037D40E172-FollowerState was interrupted: java.lang.InterruptedException: sleep interrupted
2019-10-19 01:14:42,456 [grpc-default-executor-3] INFO  impl.RoleInfo (RoleInfo.java:updateAndGet(143)) - 61d14648-e80d-4cd8-9e7c-6deb2f21aca8: start FollowerState
2019-10-19 01:14:42,456 [Thread-8294] INFO  impl.FollowerState (FollowerState.java:run(117)) - 2543ffea-c5c6-4af0-856f-eb846bad755a@group-A3037D40E172-FollowerState was interrupted: java.lang.InterruptedException: sleep interrupted
2019-10-19 01:14:42,456 [grpc-default-executor-10] INFO  impl.RoleInfo (RoleInfo.java:updateAndGet(143)) - 2543ffea-c5c6-4af0-856f-eb846bad755a: start FollowerState
2019-10-19 01:14:42,471 [f143d5cf-4038-4fa8-8601-f5a45f16ca3e@group-A3037D40E172-LeaderElection911] INFO  impl.LeaderElection (LeaderElection.java:logAndReturn(56)) - f143d5cf-4038-4fa8-8601-f5a45f16ca3e@group-A3037D40E172-LeaderElection911: Election REJECTED; received 2 response(s) [f143d5cf-4038-4fa8-8601-f5a45f16ca3e<-2543ffea-c5c6-4af0-856f-eb846bad755a#0:FAIL-t162, f143d5cf-4038-4fa8-8601-f5a45f16ca3e<-61d14648-e80d-4cd8-9e7c-6deb2f21aca8#0:FAIL-t162] and 0 exception(s); f143d5cf-4038-4fa8-8601-f5a45f16ca3e@group-A3037D40E172:t162, leader=null, voted=f143d5cf-4038-4fa8-8601-f5a45f16ca3e, raftlog=f143d5cf-4038-4fa8-8601-f5a45f16ca3e@group-A3037D40E172-SegmentedRaftLog:OPENED:c-1,f-1,i0, conf=-1: [f143d5cf-4038-4fa8-8601-f5a45f16ca3e:192.168.69.71:40169, 2543ffea-c5c6-4af0-856f-eb846bad755a:192.168.69.71:45287, 61d14648-e80d-4cd8-9e7c-6deb2f21aca8:192.168.69.71:42247], old=null
2019-10-19 01:14:42,471 [f143d5cf-4038-4fa8-8601-f5a45f16ca3e@group-A3037D40E172-LeaderElection911] INFO  impl.RaftServerImpl (RaftServerImpl.java:setRole(184)) - f143d5cf-4038-4fa8-8601-f5a45f16ca3e@group-A3037D40E172: changes role from CANDIDATE to FOLLOWER at term 162 for DISCOVERED_A_NEW_TERM
2019-10-19 01:14:42,471 [f143d5cf-4038-4fa8-8601-f5a45f16ca3e@group-A3037D40E172-LeaderElection911] INFO  impl.RoleInfo (RoleInfo.java:shutdownLeaderElection(134)) - f143d5cf-4038-4fa8-8601-f5a45f16ca3e: shutdown LeaderElection
2019-10-19 01:14:42,471 [f143d5cf-4038-4fa8-8601-f5a45f16ca3e@group-A3037D40E172-LeaderElection911] INFO  impl.RoleInfo (RoleInfo.java:updateAndGet(143)) - f143d5cf-4038-4fa8-8601-f5a45f16ca3e: start FollowerState
2019-10-19 01:14:42,528 [Thread-8289] INFO  impl.FollowerState (FollowerState.java:run(108)) - 9c2d914d-67b1-4af9-8080-4d6ee007b506@group-20FCFA0487C4-FollowerState: change to CANDIDATE, lastRpcTime:196ms, electionTimeout:196ms
2019-10-19 01:14:42,528 [Thread-8289] INFO  impl.RoleInfo (RoleInfo.java:shutdownFollowerState(121)) - 9c2d914d-67b1-4af9-8080-4d6ee007b506: shutdown FollowerState
2019-10-19 01:14:42,528 [Thread-8289] INFO  impl.RaftServerImpl (RaftServerImpl.java:setRole(184)) - 9c2d914d-67b1-4af9-8080-4d6ee007b506@group-20FCFA0487C4: changes role from  FOLLOWER to CANDIDATE at term 155 for changeToCandidate
2019-10-19 01:14:42,528 [Thread-8289] INFO  impl.RoleInfo (RoleInfo.java:updateAndGet(143)) - 9c2d914d-67b1-4af9-8080-4d6ee007b506: start LeaderElection
2019-10-19 01:14:42,541 [9c2d914d-67b1-4af9-8080-4d6ee007b506@group-20FCFA0487C4-LeaderElection912] INFO  impl.LeaderElection (LeaderElection.java:askForVotes(178)) - 9c2d914d-67b1-4af9-8080-4d6ee007b506@group-20FCFA0487C4-LeaderElection912: begin an election at term 156 for -1: [88be3607-7667-471c-9070-7dfd13eb5ac8:192.168.69.71:32925, 9c2d914d-67b1-4af9-8080-4d6ee007b506:192.168.69.71:35462, 61d0b7dc-5f8b-422f-8693-c58167224d24:192.168.69.71:43479], old=null
2019-10-19 01:14:42,541 [Thread-8315] INFO  impl.FollowerState (FollowerState.java:run(108)) - f143d5cf-4038-4fa8-8601-f5a45f16ca3e@group-A3037D40E172-FollowerState: change to CANDIDATE, lastRpcTime:70ms, electionTimeout:70ms
2019-10-19 01:14:42,541 [Thread-8315] INFO  impl.RoleInfo (RoleInfo.java:shutdownFollowerState(121)) - f143d5cf-4038-4fa8-8601-f5a45f16ca3e: shutdown FollowerState
2019-10-19 01:14:42,541 [Thread-8315] INFO  impl.RaftServerImpl (RaftServerImpl.java:setRole(184)) - f143d5cf-4038-4fa8-8601-f5a45f16ca3e@group-A3037D40E172: changes role from  FOLLOWER to CANDIDATE at term 162 for changeToCandidate
2019-10-19 01:14:42,542 [Thread-8315] INFO  impl.RoleInfo (RoleInfo.java:updateAndGet(143)) - f143d5cf-4038-4fa8-8601-f5a45f16ca3e: start LeaderElection
2019-10-19 01:14:42,542 [grpc-default-executor-3] INFO  impl.RaftServerImpl (RaftServerImpl.java:setRole(184)) - 88be3607-7667-471c-9070-7dfd13eb5ac8@group-20FCFA0487C4: changes role from  FOLLOWER to FOLLOWER at term 156 for recognizeCandidate:9c2d914d-67b1-4af9-8080-4d6ee007b506
2019-10-19 01:14:42,542 [grpc-default-executor-3] INFO  impl.RoleInfo (RoleInfo.java:shutdownFollowerState(121)) - 88be3607-7667-471c-9070-7dfd13eb5ac8: shutdown FollowerState
2019-10-19 01:14:42,542 [grpc-default-executor-10] INFO  impl.RaftServerImpl (RaftServerImpl.java:setRole(184)) - 61d0b7dc-5f8b-422f-8693-c58167224d24@group-20FCFA0487C4: changes role from  FOLLOWER to FOLLOWER at term 156 for recognizeCandidate:9c2d914d-67b1-4af9-8080-4d6ee007b506
2019-10-19 01:14:42,542 [grpc-default-executor-10] INFO  impl.RoleInfo (RoleInfo.java:shutdownFollowerState(121)) - 61d0b7dc-5f8b-422f-8693-c58167224d24: shutdown FollowerState
2019-10-19 01:14:42,542 [Thread-8287] INFO  impl.FollowerState (FollowerState.java:run(117)) - 88be3607-7667-471c-9070-7dfd13eb5ac8@group-20FCFA0487C4-FollowerState was interrupted: java.lang.InterruptedException: sleep interrupted
2019-10-19 01:14:42,542 [Thread-8288] INFO  impl.FollowerState (FollowerState.java:run(117)) - 61d0b7dc-5f8b-422f-8693-c58167224d24@group-20FCFA0487C4-FollowerState was interrupted: java.lang.InterruptedException: sleep interrupted
2019-10-19 01:14:42,542 [grpc-default-executor-3] INFO  impl.RoleInfo (RoleInfo.java:updateAndGet(143)) - 88be3607-7667-471c-9070-7dfd13eb5ac8: start FollowerState
2019-10-19 01:14:42,542 [grpc-default-executor-10] INFO  impl.RoleInfo (RoleInfo.java:updateAndGet(143)) - 61d0b7dc-5f8b-422f-8693-c58167224d24: start FollowerState
2019-10-19 01:14:42,557 [f143d5cf-4038-4fa8-8601-f5a45f16ca3e@group-A3037D40E172-LeaderElection913] INFO  impl.LeaderElection (LeaderElection.java:askForVotes(178)) - f143d5cf-4038-4fa8-8601-f5a45f16ca3e@group-A3037D40E172-LeaderElection913: begin an election at term 163 for -1: [f143d5cf-4038-4fa8-8601-f5a45f16ca3e:192.168.69.71:40169, 2543ffea-c5c6-4af0-856f-eb846bad755a:192.168.69.71:45287, 61d14648-e80d-4cd8-9e7c-6deb2f21aca8:192.168.69.71:42247], old=null
2019-10-19 01:14:42,557 [9c2d914d-67b1-4af9-8080-4d6ee007b506@group-20FCFA0487C4-LeaderElection912] INFO  impl.LeaderElection (LeaderElection.java:logAndReturn(56)) - 9c2d914d-67b1-4af9-8080-4d6ee007b506@group-20FCFA0487C4-LeaderElection912: Election REJECTED; received 2 response(s) [9c2d914d-67b1-4af9-8080-4d6ee007b506<-88be3607-7667-471c-9070-7dfd13eb5ac8#0:FAIL-t156, 9c2d914d-67b1-4af9-8080-4d6ee007b506<-61d0b7dc-5f8b-422f-8693-c58167224d24#0:FAIL-t156] and 0 exception(s); 9c2d914d-67b1-4af9-8080-4d6ee007b506@group-20FCFA0487C4:t156, leader=null, voted=9c2d914d-67b1-4af9-8080-4d6ee007b506, raftlog=9c2d914d-67b1-4af9-8080-4d6ee007b506@group-20FCFA0487C4-SegmentedRaftLog:OPENED:c-1,f-1,i0, conf=-1: [88be3607-7667-471c-9070-7dfd13eb5ac8:192.168.69.71:32925, 9c2d914d-67b1-4af9-8080-4d6ee007b506:192.168.69.71:35462, 61d0b7dc-5f8b-422f-8693-c58167224d24:192.168.69.71:43479], old=null
2019-10-19 01:14:42,557 [9c2d914d-67b1-4af9-8080-4d6ee007b506@group-20FCFA0487C4-LeaderElection912] INFO  impl.RaftServerImpl (RaftServerImpl.java:setRole(184)) - 9c2d914d-67b1-4af9-8080-4d6ee007b506@group-20FCFA0487C4: changes role from CANDIDATE to FOLLOWER at term 156 for DISCOVERED_A_NEW_TERM
2019-10-19 01:14:42,557 [9c2d914d-67b1-4af9-8080-4d6ee007b506@group-20FCFA0487C4-LeaderElection912] INFO  impl.RoleInfo (RoleInfo.java:shutdownLeaderElection(134)) - 9c2d914d-67b1-4af9-8080-4d6ee007b506: shutdown LeaderElection
2019-10-19 01:14:42,558 [9c2d914d-67b1-4af9-8080-4d6ee007b506@group-20FCFA0487C4-LeaderElection912] INFO  impl.RoleInfo (RoleInfo.java:updateAndGet(143)) - 9c2d914d-67b1-4af9-8080-4d6ee007b506: start FollowerState
2019-10-19 01:14:42,558 [grpc-default-executor-3] INFO  impl.RaftServerImpl (RaftServerImpl.java:setRole(184)) - 2543ffea-c5c6-4af0-856f-eb846bad755a@group-A3037D40E172: changes role from  FOLLOWER to FOLLOWER at term 163 for recognizeCandidate:f143d5cf-4038-4fa8-8601-f5a45f16ca3e
2019-10-19 01:14:42,558 [grpc-default-executor-3] INFO  impl.RoleInfo (RoleInfo.java:shutdownFollowerState(121)) - 2543ffea-c5c6-4af0-856f-eb846bad755a: shutdown FollowerState
2019-10-19 01:14:42,558 [grpc-default-executor-3] INFO  impl.RoleInfo (RoleInfo.java:updateAndGet(143)) - 2543ffea-c5c6-4af0-856f-eb846bad755a: start FollowerState
2019-10-19 01:14:42,558 [Thread-8314] INFO  impl.FollowerState (FollowerState.java:run(117)) - 2543ffea-c5c6-4af0-856f-eb846bad755a@group-A3037D40E172-FollowerState was interrupted: java.lang.InterruptedException: sleep interrupted
2019-10-19 01:14:42,558 [grpc-default-executor-1] INFO  impl.RaftServerImpl (RaftServerImpl.java:setRole(184)) - 61d14648-e80d-4cd8-9e7c-6deb2f21aca8@group-A3037D40E172: changes role from  FOLLOWER to FOLLOWER at term 163 for recognizeCandidate:f143d5cf-4038-4fa8-8601-f5a45f16ca3e
2019-10-19 01:14:42,558 [grpc-default-executor-1] INFO  impl.RoleInfo (RoleInfo.java:shutdownFollowerState(121)) - 61d14648-e80d-4cd8-9e7c-6deb2f21aca8: shutdown FollowerState
2019-10-19 01:14:42,558 [grpc-default-executor-1] INFO  impl.RoleInfo (RoleInfo.java:updateAndGet(143)) - 61d14648-e80d-4cd8-9e7c-6deb2f21aca8: start FollowerState
2019-10-19 01:14:42,558 [Thread-8313] INFO  impl.FollowerState (FollowerState.java:run(117)) - 61d14648-e80d-4cd8-9e7c-6deb2f21aca8@group-A3037D40E172-FollowerState was interrupted: java.lang.InterruptedException: sleep interrupted
2019-10-19 01:14:42,565 [f143d5cf-4038-4fa8-8601-f5a45f16ca3e@group-A3037D40E172-LeaderElection913] INFO  impl.LeaderElection (LeaderElection.java:logAndReturn(56)) - f143d5cf-4038-4fa8-8601-f5a45f16ca3e@group-A3037D40E172-LeaderElection913: Election REJECTED; received 2 response(s) [f143d5cf-4038-4fa8-8601-f5a45f16ca3e<-2543ffea-c5c6-4af0-856f-eb846bad755a#0:FAIL-t163, f143d5cf-4038-4fa8-8601-f5a45f16ca3e<-61d14648-e80d-4cd8-9e7c-6deb2f21aca8#0:FAIL-t163] and 0 exception(s); f143d5cf-4038-4fa8-8601-f5a45f16ca3e@group-A3037D40E172:t163, leader=null, voted=f143d5cf-4038-4fa8-8601-f5a45f16ca3e, raftlog=f143d5cf-4038-4fa8-8601-f5a45f16ca3e@group-A3037D40E172-SegmentedRaftLog:OPENED:c-1,f-1,i0, conf=-1: [f143d5cf-4038-4fa8-8601-f5a45f16ca3e:192.168.69.71:40169, 2543ffea-c5c6-4af0-856f-eb846bad755a:192.168.69.71:45287, 61d14648-e80d-4cd8-9e7c-6deb2f21aca8:192.168.69.71:42247], old=null
2019-10-19 01:14:42,565 [f143d5cf-4038-4fa8-8601-f5a45f16ca3e@group-A3037D40E172-LeaderElection913] INFO  impl.RaftServerImpl (RaftServerImpl.java:setRole(184)) - f143d5cf-4038-4fa8-8601-f5a45f16ca3e@group-A3037D40E172: changes role from CANDIDATE to FOLLOWER at term 163 for DISCOVERED_A_NEW_TERM
2019-10-19 01:14:42,565 [f143d5cf-4038-4fa8-8601-f5a45f16ca3e@group-A3037D40E172-LeaderElection913] INFO  impl.RoleInfo (RoleInfo.java:shutdownLeaderElection(134)) - f143d5cf-4038-4fa8-8601-f5a45f16ca3e: shutdown LeaderElection
2019-10-19 01:14:42,565 [f143d5cf-4038-4fa8-8601-f5a45f16ca3e@group-A3037D40E172-LeaderElection913] INFO  impl.RoleInfo (RoleInfo.java:updateAndGet(143)) - f143d5cf-4038-4fa8-8601-f5a45f16ca3e: start FollowerState
2019-10-19 01:14:42,625 [Thread-8327] INFO  impl.FollowerState (FollowerState.java:run(108)) - f143d5cf-4038-4fa8-8601-f5a45f16ca3e@group-A3037D40E172-FollowerState: change to CANDIDATE, lastRpcTime:59ms, electionTimeout:59ms
2019-10-19 01:14:42,625 [Thread-8327] INFO  impl.RoleInfo (RoleInfo.java:shutdownFollowerState(121)) - f143d5cf-4038-4fa8-8601-f5a45f16ca3e: shutdown FollowerState
2019-10-19 01:14:42,625 [Thread-8327] INFO  impl.RaftServerImpl (RaftServerImpl.java:setRole(184)) - f143d5cf-4038-4fa8-8601-f5a45f16ca3e@group-A3037D40E172: changes role from  FOLLOWER to CANDIDATE at term 163 for changeToCandidate
2019-10-19 01:14:42,625 [Thread-8327] INFO  impl.RoleInfo (RoleInfo.java:updateAndGet(143)) - f143d5cf-4038-4fa8-8601-f5a45f16ca3e: start LeaderElection
2019-10-19 01:14:42,639 [f143d5cf-4038-4fa8-8601-f5a45f16ca3e@group-A3037D40E172-LeaderElection914] INFO  impl.LeaderElection (LeaderElection.java:askForVotes(178)) - f143d5cf-4038-4fa8-8601-f5a45f16ca3e@group-A3037D40E172-LeaderElection914: begin an election at term 164 for -1: [f143d5cf-4038-4fa8-8601-f5a45f16ca3e:192.168.69.71:40169, 2543ffea-c5c6-4af0-856f-eb846bad755a:192.168.69.71:45287, 61d14648-e80d-4cd8-9e7c-6deb2f21aca8:192.168.69.71:42247], old=null
2019-10-19 01:14:42,640 [grpc-default-executor-1] INFO  impl.RaftServerImpl (RaftServerImpl.java:setRole(184)) - 61d14648-e80d-4cd8-9e7c-6deb2f21aca8@group-A3037D40E172: changes role from  FOLLOWER to FOLLOWER at term 164 for recognizeCandidate:f143d5cf-4038-4fa8-8601-f5a45f16ca3e
2019-10-19 01:14:42,641 [grpc-default-executor-1] INFO  impl.RoleInfo (RoleInfo.java:shutdownFollowerState(121)) - 61d14648-e80d-4cd8-9e7c-6deb2f21aca8: shutdown FollowerState
2019-10-19 01:14:42,640 [grpc-default-executor-3] INFO  impl.RaftServerImpl (RaftServerImpl.java:setRole(184)) - 2543ffea-c5c6-4af0-856f-eb846bad755a@group-A3037D40E172: changes role from  FOLLOWER to FOLLOWER at term 164 for recognizeCandidate:f143d5cf-4038-4fa8-8601-f5a45f16ca3e
2019-10-19 01:14:42,641 [Thread-8326] INFO  impl.FollowerState (FollowerState.java:run(117)) - 61d14648-e80d-4cd8-9e7c-6deb2f21aca8@group-A3037D40E172-FollowerState was interrupted: java.lang.InterruptedException: sleep interrupted
2019-10-19 01:14:42,641 [grpc-default-executor-1] INFO  impl.RoleInfo (RoleInfo.java:updateAndGet(143)) - 61d14648-e80d-4cd8-9e7c-6deb2f21aca8: start FollowerState
2019-10-19 01:14:42,641 [grpc-default-executor-3] INFO  impl.RoleInfo (RoleInfo.java:shutdownFollowerState(121)) - 2543ffea-c5c6-4af0-856f-eb846bad755a: shutdown FollowerState
2019-10-19 01:14:42,641 [grpc-default-executor-3] INFO  impl.RoleInfo (RoleInfo.java:updateAndGet(143)) - 2543ffea-c5c6-4af0-856f-eb846bad755a: start FollowerState
2019-10-19 01:14:42,641 [Thread-8325] INFO  impl.FollowerState (FollowerState.java:run(117)) - 2543ffea-c5c6-4af0-856f-eb846bad755a@group-A3037D40E172-FollowerState was interrupted: java.lang.InterruptedException: sleep interrupted
2019-10-19 01:14:42,654 [f143d5cf-4038-4fa8-8601-f5a45f16ca3e@group-A3037D40E172-LeaderElection914] INFO  impl.LeaderElection (LeaderElection.java:logAndReturn(56)) - f143d5cf-4038-4fa8-8601-f5a45f16ca3e@group-A3037D40E172-LeaderElection914: Election REJECTED; received 2 response(s) [f143d5cf-4038-4fa8-8601-f5a45f16ca3e<-2543ffea-c5c6-4af0-856f-eb846bad755a#0:FAIL-t164, f143d5cf-4038-4fa8-8601-f5a45f16ca3e<-61d14648-e80d-4cd8-9e7c-6deb2f21aca8#0:FAIL-t164] and 0 exception(s); f143d5cf-4038-4fa8-8601-f5a45f16ca3e@group-A3037D40E172:t164, leader=null, voted=f143d5cf-4038-4fa8-8601-f5a45f16ca3e, raftlog=f143d5cf-4038-4fa8-8601-f5a45f16ca3e@group-A3037D40E172-SegmentedRaftLog:OPENED:c-1,f-1,i0, conf=-1: [f143d5cf-4038-4fa8-8601-f5a45f16ca3e:192.168.69.71:40169, 2543ffea-c5c6-4af0-856f-eb846bad755a:192.168.69.71:45287, 61d14648-e80d-4cd8-9e7c-6deb2f21aca8:192.168.69.71:42247], old=null
2019-10-19 01:14:42,654 [f143d5cf-4038-4fa8-8601-f5a45f16ca3e@group-A3037D40E172-LeaderElection914] INFO  impl.RaftServerImpl (RaftServerImpl.java:setRole(184)) - f143d5cf-4038-4fa8-8601-f5a45f16ca3e@group-A3037D40E172: changes role from CANDIDATE to FOLLOWER at term 164 for DISCOVERED_A_NEW_TERM
2019-10-19 01:14:42,654 [f143d5cf-4038-4fa8-8601-f5a45f16ca3e@group-A3037D40E172-LeaderElection914] INFO  impl.RoleInfo (RoleInfo.java:shutdownLeaderElection(134)) - f143d5cf-4038-4fa8-8601-f5a45f16ca3e: shutdown LeaderElection
2019-10-19 01:14:42,654 [f143d5cf-4038-4fa8-8601-f5a45f16ca3e@group-A3037D40E172-LeaderElection914] INFO  impl.RoleInfo (RoleInfo.java:updateAndGet(143)) - f143d5cf-4038-4fa8-8601-f5a45f16ca3e: start FollowerState
2019-10-19 01:14:42,757 [Thread-8324] INFO  impl.FollowerState (FollowerState.java:run(108)) - 9c2d914d-67b1-4af9-8080-4d6ee007b506@group-20FCFA0487C4-FollowerState: change to CANDIDATE, lastRpcTime:199ms, electionTimeout:199ms
2019-10-19 01:14:42,757 [Thread-8324] INFO  impl.RoleInfo (RoleInfo.java:shutdownFollowerState(121)) - 9c2d914d-67b1-4af9-8080-4d6ee007b506: shutdown FollowerState
2019-10-19 01:14:42,757 [Thread-8324] INFO  impl.RaftServerImpl (RaftServerImpl.java:setRole(184)) - 9c2d914d-67b1-4af9-8080-4d6ee007b506@group-20FCFA0487C4: changes role from  FOLLOWER to CANDIDATE at term 156 for changeToCandidate
2019-10-19 01:14:42,757 [Thread-8324] INFO  impl.RoleInfo (RoleInfo.java:updateAndGet(143)) - 9c2d914d-67b1-4af9-8080-4d6ee007b506: start LeaderElection
2019-10-19 01:14:42,770 [9c2d914d-67b1-4af9-8080-4d6ee007b506@group-20FCFA0487C4-LeaderElection915] INFO  impl.LeaderElection (LeaderElection.java:askForVotes(178)) - 9c2d914d-67b1-4af9-8080-4d6ee007b506@group-20FCFA0487C4-LeaderElection915: begin an election at term 157 for -1: [88be3607-7667-471c-9070-7dfd13eb5ac8:192.168.69.71:32925, 9c2d914d-67b1-4af9-8080-4d6ee007b506:192.168.69.71:35462, 61d0b7dc-5f8b-422f-8693-c58167224d24:192.168.69.71:43479], old=null
2019-10-19 01:14:42,771 [grpc-default-executor-1] INFO  impl.RaftServerImpl (RaftServerImpl.java:setRole(184)) - 88be3607-7667-471c-9070-7dfd13eb5ac8@group-20FCFA0487C4: changes role from  FOLLOWER to FOLLOWER at term 157 for recognizeCandidate:9c2d914d-67b1-4af9-8080-4d6ee007b506
2019-10-19 01:14:42,772 [grpc-default-executor-3] INFO  impl.RaftServerImpl (RaftServerImpl.java:setRole(184)) - 61d0b7dc-5f8b-422f-8693-c58167224d24@group-20FCFA0487C4: changes role from  FOLLOWER to FOLLOWER at term 157 for recognizeCandidate:9c2d914d-67b1-4af9-8080-4d6ee007b506
2019-10-19 01:14:42,772 [grpc-default-executor-3] INFO  impl.RoleInfo (RoleInfo.java:shutdownFollowerState(121)) - 61d0b7dc-5f8b-422f-8693-c58167224d24: shutdown FollowerState
2019-10-19 01:14:42,772 [grpc-default-executor-1] INFO  impl.RoleInfo (RoleInfo.java:shutdownFollowerState(121)) - 88be3607-7667-471c-9070-7dfd13eb5ac8: shutdown FollowerState
2019-10-19 01:14:42,772 [Thread-8321] INFO  impl.FollowerState (FollowerState.java:run(117)) - 61d0b7dc-5f8b-422f-8693-c58167224d24@group-20FCFA0487C4-FollowerState was interrupted: java.lang.InterruptedException: sleep interrupted
2019-10-19 01:14:42,772 [Thread-8320] INFO  impl.FollowerState (FollowerState.java:run(117)) - 88be3607-7667-471c-9070-7dfd13eb5ac8@group-20FCFA0487C4-FollowerState was interrupted: java.lang.InterruptedException: sleep interrupted
2019-10-19 01:14:42,772 [grpc-default-executor-3] INFO  impl.RoleInfo (RoleInfo.java:updateAndGet(143)) - 61d0b7dc-5f8b-422f-8693-c58167224d24: start FollowerState
2019-10-19 01:14:42,772 [grpc-default-executor-1] INFO  impl.RoleInfo (RoleInfo.java:updateAndGet(143)) - 88be3607-7667-471c-9070-7dfd13eb5ac8: start FollowerState
2019-10-19 01:14:42,786 [9c2d914d-67b1-4af9-8080-4d6ee007b506@group-20FCFA0487C4-LeaderElection915] INFO  impl.LeaderElection (LeaderElection.java:logAndReturn(56)) - 9c2d914d-67b1-4af9-8080-4d6ee007b506@group-20FCFA0487C4-LeaderElection915: Election REJECTED; received 2 response(s) [9c2d914d-67b1-4af9-8080-4d6ee007b506<-88be3607-7667-471c-9070-7dfd13eb5ac8#0:FAIL-t157, 9c2d914d-67b1-4af9-8080-4d6ee007b506<-61d0b7dc-5f8b-422f-8693-c58167224d24#0:FAIL-t157] and 0 exception(s); 9c2d914d-67b1-4af9-8080-4d6ee007b506@group-20FCFA0487C4:t157, leader=null, voted=9c2d914d-67b1-4af9-8080-4d6ee007b506, raftlog=9c2d914d-67b1-4af9-8080-4d6ee007b506@group-20FCFA0487C4-SegmentedRaftLog:OPENED:c-1,f-1,i0, conf=-1: [88be3607-7667-471c-9070-7dfd13eb5ac8:192.168.69.71:32925, 9c2d914d-67b1-4af9-8080-4d6ee007b506:192.168.69.71:35462, 61d0b7dc-5f8b-422f-8693-c58167224d24:192.168.69.71:43479], old=null
2019-10-19 01:14:42,786 [9c2d914d-67b1-4af9-8080-4d6ee007b506@group-20FCFA0487C4-LeaderElection915] INFO  impl.RaftServerImpl (RaftServerImpl.java:setRole(184)) - 9c2d914d-67b1-4af9-8080-4d6ee007b506@group-20FCFA0487C4: changes role from CANDIDATE to FOLLOWER at term 157 for DISCOVERED_A_NEW_TERM
2019-10-19 01:14:42,786 [9c2d914d-67b1-4af9-8080-4d6ee007b506@group-20FCFA0487C4-LeaderElection915] INFO  impl.RoleInfo (RoleInfo.java:shutdownLeaderElection(134)) - 9c2d914d-67b1-4af9-8080-4d6ee007b506: shutdown LeaderElection
2019-10-19 01:14:42,786 [9c2d914d-67b1-4af9-8080-4d6ee007b506@group-20FCFA0487C4-LeaderElection915] INFO  impl.RoleInfo (RoleInfo.java:updateAndGet(143)) - 9c2d914d-67b1-4af9-8080-4d6ee007b506: start FollowerState
2019-10-19 01:14:42,789 [Thread-8333] INFO  impl.FollowerState (FollowerState.java:run(108)) - f143d5cf-4038-4fa8-8601-f5a45f16ca3e@group-A3037D40E172-FollowerState: change to CANDIDATE, lastRpcTime:135ms, electionTimeout:135ms
2019-10-19 01:14:42,790 [Thread-8333] INFO  impl.RoleInfo (RoleInfo.java:shutdownFollowerState(121)) - f143d5cf-4038-4fa8-8601-f5a45f16ca3e: shutdown FollowerState
2019-10-19 01:14:42,790 [Thread-8333] INFO  impl.RaftServerImpl (RaftServerImpl.java:setRole(184)) - f143d5cf-4038-4fa8-8601-f5a45f16ca3e@group-A3037D40E172: changes role from  FOLLOWER to CANDIDATE at term 164 for changeToCandidate
2019-10-19 01:14:42,790 [Thread-8333] INFO  impl.RoleInfo (RoleInfo.java:updateAndGet(143)) - f143d5cf-4038-4fa8-8601-f5a45f16ca3e: start LeaderElection
2019-10-19 01:14:42,800 [f143d5cf-4038-4fa8-8601-f5a45f16ca3e@group-A3037D40E172-LeaderElection916] INFO  impl.LeaderElection (LeaderElection.java:askForVotes(178)) - f143d5cf-4038-4fa8-8601-f5a45f16ca3e@group-A3037D40E172-LeaderElection916: begin an election at term 165 for -1: [f143d5cf-4038-4fa8-8601-f5a45f16ca3e:192.168.69.71:40169, 2543ffea-c5c6-4af0-856f-eb846bad755a:192.168.69.71:45287, 61d14648-e80d-4cd8-9e7c-6deb2f21aca8:192.168.69.71:42247], old=null
2019-10-19 01:14:42,801 [grpc-default-executor-3] INFO  impl.RaftServerImpl (RaftServerImpl.java:setRole(184)) - 61d14648-e80d-4cd8-9e7c-6deb2f21aca8@group-A3037D40E172: changes role from  FOLLOWER to FOLLOWER at term 165 for recognizeCandidate:f143d5cf-4038-4fa8-8601-f5a45f16ca3e
2019-10-19 01:14:42,801 [grpc-default-executor-3] INFO  impl.RoleInfo (RoleInfo.java:shutdownFollowerState(121)) - 61d14648-e80d-4cd8-9e7c-6deb2f21aca8: shutdown FollowerState
2019-10-19 01:14:42,801 [grpc-default-executor-1] INFO  impl.RaftServerImpl (RaftServerImpl.java:setRole(184)) - 2543ffea-c5c6-4af0-856f-eb846bad755a@group-A3037D40E172: changes role from  FOLLOWER to FOLLOWER at term 165 for recognizeCandidate:f143d5cf-4038-4fa8-8601-f5a45f16ca3e
2019-10-19 01:14:42,801 [grpc-default-executor-1] INFO  impl.RoleInfo (RoleInfo.java:shutdownFollowerState(121)) - 2543ffea-c5c6-4af0-856f-eb846bad755a: shutdown FollowerState
2019-10-19 01:14:42,801 [Thread-8331] INFO  impl.FollowerState (FollowerState.java:run(117)) - 61d14648-e80d-4cd8-9e7c-6deb2f21aca8@group-A3037D40E172-FollowerState was interrupted: java.lang.InterruptedException: sleep interrupted
2019-10-19 01:14:42,801 [grpc-default-executor-3] INFO  impl.RoleInfo (RoleInfo.java:updateAndGet(143)) - 61d14648-e80d-4cd8-9e7c-6deb2f21aca8: start FollowerState
2019-10-19 01:14:42,801 [Thread-8332] INFO  impl.FollowerState (FollowerState.java:run(117)) - 2543ffea-c5c6-4af0-856f-eb846bad755a@group-A3037D40E172-FollowerState was interrupted: java.lang.InterruptedException: sleep interrupted
2019-10-19 01:14:42,801 [grpc-default-executor-1] INFO  impl.RoleInfo (RoleInfo.java:updateAndGet(143)) - 2543ffea-c5c6-4af0-856f-eb846bad755a: start FollowerState
2019-10-19 01:14:42,812 [f143d5cf-4038-4fa8-8601-f5a45f16ca3e@group-A3037D40E172-LeaderElection916] INFO  impl.LeaderElection (LeaderElection.java:logAndReturn(56)) - f143d5cf-4038-4fa8-8601-f5a45f16ca3e@group-A3037D40E172-LeaderElection916: Election REJECTED; received 2 response(s) [f143d5cf-4038-4fa8-8601-f5a45f16ca3e<-2543ffea-c5c6-4af0-856f-eb846bad755a#0:FAIL-t165, f143d5cf-4038-4fa8-8601-f5a45f16ca3e<-61d14648-e80d-4cd8-9e7c-6deb2f21aca8#0:FAIL-t165] and 0 exception(s); f143d5cf-4038-4fa8-8601-f5a45f16ca3e@group-A3037D40E172:t165, leader=null, voted=f143d5cf-4038-4fa8-8601-f5a45f16ca3e, raftlog=f143d5cf-4038-4fa8-8601-f5a45f16ca3e@group-A3037D40E172-SegmentedRaftLog:OPENED:c-1,f-1,i0, conf=-1: [f143d5cf-4038-4fa8-8601-f5a45f16ca3e:192.168.69.71:40169, 2543ffea-c5c6-4af0-856f-eb846bad755a:192.168.69.71:45287, 61d14648-e80d-4cd8-9e7c-6deb2f21aca8:192.168.69.71:42247], old=null
2019-10-19 01:14:42,812 [f143d5cf-4038-4fa8-8601-f5a45f16ca3e@group-A3037D40E172-LeaderElection916] INFO  impl.RaftServerImpl (RaftServerImpl.java:setRole(184)) - f143d5cf-4038-4fa8-8601-f5a45f16ca3e@group-A3037D40E172: changes role from CANDIDATE to FOLLOWER at term 165 for DISCOVERED_A_NEW_TERM
2019-10-19 01:14:42,812 [f143d5cf-4038-4fa8-8601-f5a45f16ca3e@group-A3037D40E172-LeaderElection916] INFO  impl.RoleInfo (RoleInfo.java:shutdownLeaderElection(134)) - f143d5cf-4038-4fa8-8601-f5a45f16ca3e: shutdown LeaderElection
2019-10-19 01:14:42,812 [f143d5cf-4038-4fa8-8601-f5a45f16ca3e@group-A3037D40E172-LeaderElection916] INFO  impl.RoleInfo (RoleInfo.java:updateAndGet(143)) - f143d5cf-4038-4fa8-8601-f5a45f16ca3e: start FollowerState
2019-10-19 01:14:42,837 [Datanode State Machine Thread - 0] INFO  statemachine.DatanodeStateMachine (DatanodeStateMachine.java:lambda$startDaemon$0(350)) - Ozone container server started.
2019-10-19 01:14:42,914 [Thread-8339] INFO  impl.FollowerState (FollowerState.java:run(108)) - 9c2d914d-67b1-4af9-8080-4d6ee007b506@group-20FCFA0487C4-FollowerState: change to CANDIDATE, lastRpcTime:128ms, electionTimeout:128ms
2019-10-19 01:14:42,914 [Thread-8339] INFO  impl.RoleInfo (RoleInfo.java:shutdownFollowerState(121)) - 9c2d914d-67b1-4af9-8080-4d6ee007b506: shutdown FollowerState
2019-10-19 01:14:42,914 [Thread-8339] INFO  impl.RaftServerImpl (RaftServerImpl.java:setRole(184)) - 9c2d914d-67b1-4af9-8080-4d6ee007b506@group-20FCFA0487C4: changes role from  FOLLOWER to CANDIDATE at term 157 for changeToCandidate
2019-10-19 01:14:42,914 [Thread-8339] INFO  impl.RoleInfo (RoleInfo.java:updateAndGet(143)) - 9c2d914d-67b1-4af9-8080-4d6ee007b506: start LeaderElection
2019-10-19 01:14:42,928 [9c2d914d-67b1-4af9-8080-4d6ee007b506@group-20FCFA0487C4-LeaderElection917] INFO  impl.LeaderElection (LeaderElection.java:askForVotes(178)) - 9c2d914d-67b1-4af9-8080-4d6ee007b506@group-20FCFA0487C4-LeaderElection917: begin an election at term 158 for -1: [88be3607-7667-471c-9070-7dfd13eb5ac8:192.168.69.71:32925, 9c2d914d-67b1-4af9-8080-4d6ee007b506:192.168.69.71:35462, 61d0b7dc-5f8b-422f-8693-c58167224d24:192.168.69.71:43479], old=null
2019-10-19 01:14:42,929 [grpc-default-executor-1] INFO  impl.RaftServerImpl (RaftServerImpl.java:setRole(184)) - 88be3607-7667-471c-9070-7dfd13eb5ac8@group-20FCFA0487C4: changes role from  FOLLOWER to FOLLOWER at term 158 for recognizeCandidate:9c2d914d-67b1-4af9-8080-4d6ee007b506
2019-10-19 01:14:42,929 [grpc-default-executor-1] INFO  impl.RoleInfo (RoleInfo.java:shutdownFollowerState(121)) - 88be3607-7667-471c-9070-7dfd13eb5ac8: shutdown FollowerState
2019-10-19 01:14:42,929 [grpc-default-executor-3] INFO  impl.RaftServerImpl (RaftServerImpl.java:setRole(184)) - 61d0b7dc-5f8b-422f-8693-c58167224d24@group-20FCFA0487C4: changes role from  FOLLOWER to FOLLOWER at term 158 for recognizeCandidate:9c2d914d-67b1-4af9-8080-4d6ee007b506
2019-10-19 01:14:42,929 [Thread-8338] INFO  impl.FollowerState (FollowerState.java:run(117)) - 88be3607-7667-471c-9070-7dfd13eb5ac8@group-20FCFA0487C4-FollowerState was interrupted: java.lang.InterruptedException: sleep interrupted
2019-10-19 01:14:42,929 [grpc-default-executor-1] INFO  impl.RoleInfo (RoleInfo.java:updateAndGet(143)) - 88be3607-7667-471c-9070-7dfd13eb5ac8: start FollowerState
2019-10-19 01:14:42,929 [grpc-default-executor-3] INFO  impl.RoleInfo (RoleInfo.java:shutdownFollowerState(121)) - 61d0b7dc-5f8b-422f-8693-c58167224d24: shutdown FollowerState
2019-10-19 01:14:42,930 [grpc-default-executor-3] INFO  impl.RoleInfo (RoleInfo.java:updateAndGet(143)) - 61d0b7dc-5f8b-422f-8693-c58167224d24: start FollowerState
2019-10-19 01:14:42,930 [Thread-8337] INFO  impl.FollowerState (FollowerState.java:run(117)) - 61d0b7dc-5f8b-422f-8693-c58167224d24@group-20FCFA0487C4-FollowerState was interrupted: java.lang.InterruptedException: sleep interrupted
2019-10-19 01:14:42,942 [9c2d914d-67b1-4af9-8080-4d6ee007b506@group-20FCFA0487C4-LeaderElection917] INFO  impl.LeaderElection (LeaderElection.java:logAndReturn(56)) - 9c2d914d-67b1-4af9-8080-4d6ee007b506@group-20FCFA0487C4-LeaderElection917: Election REJECTED; received 2 response(s) [9c2d914d-67b1-4af9-8080-4d6ee007b506<-88be3607-7667-471c-9070-7dfd13eb5ac8#0:FAIL-t158, 9c2d914d-67b1-4af9-8080-4d6ee007b506<-61d0b7dc-5f8b-422f-8693-c58167224d24#0:FAIL-t158] and 0 exception(s); 9c2d914d-67b1-4af9-8080-4d6ee007b506@group-20FCFA0487C4:t158, leader=null, voted=9c2d914d-67b1-4af9-8080-4d6ee007b506, raftlog=9c2d914d-67b1-4af9-8080-4d6ee007b506@group-20FCFA0487C4-SegmentedRaftLog:OPENED:c-1,f-1,i0, conf=-1: [88be3607-7667-471c-9070-7dfd13eb5ac8:192.168.69.71:32925, 9c2d914d-67b1-4af9-8080-4d6ee007b506:192.168.69.71:35462, 61d0b7dc-5f8b-422f-8693-c58167224d24:192.168.69.71:43479], old=null
2019-10-19 01:14:42,942 [9c2d914d-67b1-4af9-8080-4d6ee007b506@group-20FCFA0487C4-LeaderElection917] INFO  impl.RaftServerImpl (RaftServerImpl.java:setRole(184)) - 9c2d914d-67b1-4af9-8080-4d6ee007b506@group-20FCFA0487C4: changes role from CANDIDATE to FOLLOWER at term 158 for DISCOVERED_A_NEW_TERM
2019-10-19 01:14:42,942 [9c2d914d-67b1-4af9-8080-4d6ee007b506@group-20FCFA0487C4-LeaderElection917] INFO  impl.RoleInfo (RoleInfo.java:shutdownLeaderElection(134)) - 9c2d914d-67b1-4af9-8080-4d6ee007b506: shutdown LeaderElection
2019-10-19 01:14:42,942 [9c2d914d-67b1-4af9-8080-4d6ee007b506@group-20FCFA0487C4-LeaderElection917] INFO  impl.RoleInfo (RoleInfo.java:updateAndGet(143)) - 9c2d914d-67b1-4af9-8080-4d6ee007b506: start FollowerState
2019-10-19 01:14:42,955 [Thread-8345] INFO  impl.FollowerState (FollowerState.java:run(108)) - f143d5cf-4038-4fa8-8601-f5a45f16ca3e@group-A3037D40E172-FollowerState: change to CANDIDATE, lastRpcTime:143ms, electionTimeout:143ms
2019-10-19 01:14:42,956 [Thread-8345] INFO  impl.RoleInfo (RoleInfo.java:shutdownFollowerState(121)) - f143d5cf-4038-4fa8-8601-f5a45f16ca3e: shutdown FollowerState
2019-10-19 01:14:42,956 [Thread-8345] INFO  impl.RaftServerImpl (RaftServerImpl.java:setRole(184)) - f143d5cf-4038-4fa8-8601-f5a45f16ca3e@group-A3037D40E172: changes role from  FOLLOWER to CANDIDATE at term 165 for changeToCandidate
2019-10-19 01:14:42,956 [Thread-8345] INFO  impl.RoleInfo (RoleInfo.java:updateAndGet(143)) - f143d5cf-4038-4fa8-8601-f5a45f16ca3e: start LeaderElection
2019-10-19 01:14:42,969 [f143d5cf-4038-4fa8-8601-f5a45f16ca3e@group-A3037D40E172-LeaderElection918] INFO  impl.LeaderElection (LeaderElection.java:askForVotes(178)) - f143d5cf-4038-4fa8-8601-f5a45f16ca3e@group-A3037D40E172-LeaderElection918: begin an election at term 166 for -1: [f143d5cf-4038-4fa8-8601-f5a45f16ca3e:192.168.69.71:40169, 2543ffea-c5c6-4af0-856f-eb846bad755a:192.168.69.71:45287, 61d14648-e80d-4cd8-9e7c-6deb2f21aca8:192.168.69.71:42247], old=null
2019-10-19 01:14:42,970 [grpc-default-executor-1] INFO  impl.RaftServerImpl (RaftServerImpl.java:setRole(184)) - 2543ffea-c5c6-4af0-856f-eb846bad755a@group-A3037D40E172: changes role from  FOLLOWER to FOLLOWER at term 166 for recognizeCandidate:f143d5cf-4038-4fa8-8601-f5a45f16ca3e
2019-10-19 01:14:42,970 [grpc-default-executor-3] INFO  impl.RaftServerImpl (RaftServerImpl.java:setRole(184)) - 61d14648-e80d-4cd8-9e7c-6deb2f21aca8@group-A3037D40E172: changes role from  FOLLOWER to FOLLOWER at term 166 for recognizeCandidate:f143d5cf-4038-4fa8-8601-f5a45f16ca3e
2019-10-19 01:14:42,971 [grpc-default-executor-3] INFO  impl.RoleInfo (RoleInfo.java:shutdownFollowerState(121)) - 61d14648-e80d-4cd8-9e7c-6deb2f21aca8: shutdown FollowerState
2019-10-19 01:14:42,970 [grpc-default-executor-1] INFO  impl.RoleInfo (RoleInfo.java:shutdownFollowerState(121)) - 2543ffea-c5c6-4af0-856f-eb846bad755a: shutdown FollowerState
2019-10-19 01:14:42,971 [grpc-default-executor-3] INFO  impl.RoleInfo (RoleInfo.java:updateAndGet(143)) - 61d14648-e80d-4cd8-9e7c-6deb2f21aca8: start FollowerState
2019-10-19 01:14:42,971 [Thread-8344] INFO  impl.FollowerState (FollowerState.java:run(117)) - 2543ffea-c5c6-4af0-856f-eb846bad755a@group-A3037D40E172-FollowerState was interrupted: java.lang.InterruptedException: sleep interrupted
2019-10-19 01:14:42,971 [grpc-default-executor-1] INFO  impl.RoleInfo (RoleInfo.java:updateAndGet(143)) - 2543ffea-c5c6-4af0-856f-eb846bad755a: start FollowerState
2019-10-19 01:14:42,971 [Thread-8343] INFO  impl.FollowerState (FollowerState.java:run(117)) - 61d14648-e80d-4cd8-9e7c-6deb2f21aca8@group-A3037D40E172-FollowerState was interrupted: java.lang.InterruptedException: sleep interrupted
2019-10-19 01:14:42,984 [f143d5cf-4038-4fa8-8601-f5a45f16ca3e@group-A3037D40E172-LeaderElection918] INFO  impl.LeaderElection (LeaderElection.java:logAndReturn(56)) - f143d5cf-4038-4fa8-8601-f5a45f16ca3e@group-A3037D40E172-LeaderElection918: Election REJECTED; received 2 response(s) [f143d5cf-4038-4fa8-8601-f5a45f16ca3e<-2543ffea-c5c6-4af0-856f-eb846bad755a#0:FAIL-t166, f143d5cf-4038-4fa8-8601-f5a45f16ca3e<-61d14648-e80d-4cd8-9e7c-6deb2f21aca8#0:FAIL-t166] and 0 exception(s); f143d5cf-4038-4fa8-8601-f5a45f16ca3e@group-A3037D40E172:t166, leader=null, voted=f143d5cf-4038-4fa8-8601-f5a45f16ca3e, raftlog=f143d5cf-4038-4fa8-8601-f5a45f16ca3e@group-A3037D40E172-SegmentedRaftLog:OPENED:c-1,f-1,i0, conf=-1: [f143d5cf-4038-4fa8-8601-f5a45f16ca3e:192.168.69.71:40169, 2543ffea-c5c6-4af0-856f-eb846bad755a:192.168.69.71:45287, 61d14648-e80d-4cd8-9e7c-6deb2f21aca8:192.168.69.71:42247], old=null
2019-10-19 01:14:42,984 [f143d5cf-4038-4fa8-8601-f5a45f16ca3e@group-A3037D40E172-LeaderElection918] INFO  impl.RaftServerImpl (RaftServerImpl.java:setRole(184)) - f143d5cf-4038-4fa8-8601-f5a45f16ca3e@group-A3037D40E172: changes role from CANDIDATE to FOLLOWER at term 166 for DISCOVERED_A_NEW_TERM
2019-10-19 01:14:42,985 [f143d5cf-4038-4fa8-8601-f5a45f16ca3e@group-A3037D40E172-LeaderElection918] INFO  impl.RoleInfo (RoleInfo.java:shutdownLeaderElection(134)) - f143d5cf-4038-4fa8-8601-f5a45f16ca3e: shutdown LeaderElection
2019-10-19 01:14:42,985 [f143d5cf-4038-4fa8-8601-f5a45f16ca3e@group-A3037D40E172-LeaderElection918] INFO  impl.RoleInfo (RoleInfo.java:updateAndGet(143)) - f143d5cf-4038-4fa8-8601-f5a45f16ca3e: start FollowerState
2019-10-19 01:14:42,990 [Thread-8353] INFO  impl.FollowerState (FollowerState.java:run(108)) - 9c2d914d-67b1-4af9-8080-4d6ee007b506@group-20FCFA0487C4-FollowerState: change to CANDIDATE, lastRpcTime:48ms, electionTimeout:48ms
2019-10-19 01:14:42,990 [Thread-8353] INFO  impl.RoleInfo (RoleInfo.java:shutdownFollowerState(121)) - 9c2d914d-67b1-4af9-8080-4d6ee007b506: shutdown FollowerState
2019-10-19 01:14:42,990 [Thread-8353] INFO  impl.RaftServerImpl (RaftServerImpl.java:setRole(184)) - 9c2d914d-67b1-4af9-8080-4d6ee007b506@group-20FCFA0487C4: changes role from  FOLLOWER to CANDIDATE at term 158 for changeToCandidate
2019-10-19 01:14:42,990 [Thread-8353] INFO  impl.RoleInfo (RoleInfo.java:updateAndGet(143)) - 9c2d914d-67b1-4af9-8080-4d6ee007b506: start LeaderElection
2019-10-19 01:14:43,003 [9c2d914d-67b1-4af9-8080-4d6ee007b506@group-20FCFA0487C4-LeaderElection919] INFO  impl.LeaderElection (LeaderElection.java:askForVotes(178)) - 9c2d914d-67b1-4af9-8080-4d6ee007b506@group-20FCFA0487C4-LeaderElection919: begin an election at term 159 for -1: [88be3607-7667-471c-9070-7dfd13eb5ac8:192.168.69.71:32925, 9c2d914d-67b1-4af9-8080-4d6ee007b506:192.168.69.71:35462, 61d0b7dc-5f8b-422f-8693-c58167224d24:192.168.69.71:43479], old=null
2019-10-19 01:14:43,004 [grpc-default-executor-3] INFO  impl.RaftServerImpl (RaftServerImpl.java:setRole(184)) - 61d0b7dc-5f8b-422f-8693-c58167224d24@group-20FCFA0487C4: changes role from  FOLLOWER to FOLLOWER at term 159 for recognizeCandidate:9c2d914d-67b1-4af9-8080-4d6ee007b506
2019-10-19 01:14:43,004 [grpc-default-executor-3] INFO  impl.RoleInfo (RoleInfo.java:shutdownFollowerState(121)) - 61d0b7dc-5f8b-422f-8693-c58167224d24: shutdown FollowerState
2019-10-19 01:14:43,004 [grpc-default-executor-3] INFO  impl.RoleInfo (RoleInfo.java:updateAndGet(143)) - 61d0b7dc-5f8b-422f-8693-c58167224d24: start FollowerState
2019-10-19 01:14:43,004 [Thread-8352] INFO  impl.FollowerState (FollowerState.java:run(117)) - 61d0b7dc-5f8b-422f-8693-c58167224d24@group-20FCFA0487C4-FollowerState was interrupted: java.lang.InterruptedException: sleep interrupted
2019-10-19 01:14:43,004 [grpc-default-executor-1] INFO  impl.RaftServerImpl (RaftServerImpl.java:setRole(184)) - 88be3607-7667-471c-9070-7dfd13eb5ac8@group-20FCFA0487C4: changes role from  FOLLOWER to FOLLOWER at term 159 for recognizeCandidate:9c2d914d-67b1-4af9-8080-4d6ee007b506
2019-10-19 01:14:43,004 [grpc-default-executor-1] INFO  impl.RoleInfo (RoleInfo.java:shutdownFollowerState(121)) - 88be3607-7667-471c-9070-7dfd13eb5ac8: shutdown FollowerState
2019-10-19 01:14:43,004 [grpc-default-executor-1] INFO  impl.RoleInfo (RoleInfo.java:updateAndGet(143)) - 88be3607-7667-471c-9070-7dfd13eb5ac8: start FollowerState
2019-10-19 01:14:43,004 [Thread-8351] INFO  impl.FollowerState (FollowerState.java:run(117)) - 88be3607-7667-471c-9070-7dfd13eb5ac8@group-20FCFA0487C4-FollowerState was interrupted: java.lang.InterruptedException: sleep interrupted
2019-10-19 01:14:43,011 [9c2d914d-67b1-4af9-8080-4d6ee007b506@group-20FCFA0487C4-LeaderElection919] INFO  impl.LeaderElection (LeaderElection.java:logAndReturn(56)) - 9c2d914d-67b1-4af9-8080-4d6ee007b506@group-20FCFA0487C4-LeaderElection919: Election TIMEOUT; received 0 response(s) [] and 0 exception(s); 9c2d914d-67b1-4af9-8080-4d6ee007b506@group-20FCFA0487C4:t159, leader=null, voted=9c2d914d-67b1-4af9-8080-4d6ee007b506, raftlog=9c2d914d-67b1-4af9-8080-4d6ee007b506@group-20FCFA0487C4-SegmentedRaftLog:OPENED:c-1,f-1,i0, conf=-1: [88be3607-7667-471c-9070-7dfd13eb5ac8:192.168.69.71:32925, 9c2d914d-67b1-4af9-8080-4d6ee007b506:192.168.69.71:35462, 61d0b7dc-5f8b-422f-8693-c58167224d24:192.168.69.71:43479], old=null
2019-10-19 01:14:43,015 [9c2d914d-67b1-4af9-8080-4d6ee007b506@group-20FCFA0487C4-LeaderElection919] INFO  impl.LeaderElection (LeaderElection.java:askForVotes(178)) - 9c2d914d-67b1-4af9-8080-4d6ee007b506@group-20FCFA0487C4-LeaderElection919: begin an election at term 160 for -1: [88be3607-7667-471c-9070-7dfd13eb5ac8:192.168.69.71:32925, 9c2d914d-67b1-4af9-8080-4d6ee007b506:192.168.69.71:35462, 61d0b7dc-5f8b-422f-8693-c58167224d24:192.168.69.71:43479], old=null
2019-10-19 01:14:43,016 [grpc-default-executor-3] INFO  impl.RaftServerImpl (RaftServerImpl.java:setRole(184)) - 88be3607-7667-471c-9070-7dfd13eb5ac8@group-20FCFA0487C4: changes role from  FOLLOWER to FOLLOWER at term 160 for recognizeCandidate:9c2d914d-67b1-4af9-8080-4d6ee007b506
2019-10-19 01:14:43,016 [grpc-default-executor-3] INFO  impl.RoleInfo (RoleInfo.java:shutdownFollowerState(121)) - 88be3607-7667-471c-9070-7dfd13eb5ac8: shutdown FollowerState
2019-10-19 01:14:43,016 [grpc-default-executor-3] INFO  impl.RoleInfo (RoleInfo.java:updateAndGet(143)) - 88be3607-7667-471c-9070-7dfd13eb5ac8: start FollowerState
2019-10-19 01:14:43,016 [Thread-8364] INFO  impl.FollowerState (FollowerState.java:run(117)) - 88be3607-7667-471c-9070-7dfd13eb5ac8@group-20FCFA0487C4-FollowerState was interrupted: java.lang.InterruptedException: sleep interrupted
2019-10-19 01:14:43,017 [grpc-default-executor-1] INFO  impl.RaftServerImpl (RaftServerImpl.java:setRole(184)) - 61d0b7dc-5f8b-422f-8693-c58167224d24@group-20FCFA0487C4: changes role from  FOLLOWER to FOLLOWER at term 160 for recognizeCandidate:9c2d914d-67b1-4af9-8080-4d6ee007b506
2019-10-19 01:14:43,017 [grpc-default-executor-1] INFO  impl.RoleInfo (RoleInfo.java:shutdownFollowerState(121)) - 61d0b7dc-5f8b-422f-8693-c58167224d24: shutdown FollowerState
2019-10-19 01:14:43,017 [grpc-default-executor-1] INFO  impl.RoleInfo (RoleInfo.java:updateAndGet(143)) - 61d0b7dc-5f8b-422f-8693-c58167224d24: start FollowerState
2019-10-19 01:14:43,017 [Thread-8363] INFO  impl.FollowerState (FollowerState.java:run(117)) - 61d0b7dc-5f8b-422f-8693-c58167224d24@group-20FCFA0487C4-FollowerState was interrupted: java.lang.InterruptedException: sleep interrupted
2019-10-19 01:14:43,029 [9c2d914d-67b1-4af9-8080-4d6ee007b506@group-20FCFA0487C4-LeaderElection919] INFO  impl.LeaderElection (LeaderElection.java:logAndReturn(56)) - 9c2d914d-67b1-4af9-8080-4d6ee007b506@group-20FCFA0487C4-LeaderElection919: Election REJECTED; received 2 response(s) [9c2d914d-67b1-4af9-8080-4d6ee007b506<-88be3607-7667-471c-9070-7dfd13eb5ac8#0:FAIL-t160, 9c2d914d-67b1-4af9-8080-4d6ee007b506<-61d0b7dc-5f8b-422f-8693-c58167224d24#0:FAIL-t160] and 0 exception(s); 9c2d914d-67b1-4af9-8080-4d6ee007b506@group-20FCFA0487C4:t160, leader=null, voted=9c2d914d-67b1-4af9-8080-4d6ee007b506, raftlog=9c2d914d-67b1-4af9-8080-4d6ee007b506@group-20FCFA0487C4-SegmentedRaftLog:OPENED:c-1,f-1,i0, conf=-1: [88be3607-7667-471c-9070-7dfd13eb5ac8:192.168.69.71:32925, 9c2d914d-67b1-4af9-8080-4d6ee007b506:192.168.69.71:35462, 61d0b7dc-5f8b-422f-8693-c58167224d24:192.168.69.71:43479], old=null
2019-10-19 01:14:43,029 [9c2d914d-67b1-4af9-8080-4d6ee007b506@group-20FCFA0487C4-LeaderElection919] INFO  impl.RaftServerImpl (RaftServerImpl.java:setRole(184)) - 9c2d914d-67b1-4af9-8080-4d6ee007b506@group-20FCFA0487C4: changes role from CANDIDATE to FOLLOWER at term 160 for DISCOVERED_A_NEW_TERM
2019-10-19 01:14:43,029 [9c2d914d-67b1-4af9-8080-4d6ee007b506@group-20FCFA0487C4-LeaderElection919] INFO  impl.RoleInfo (RoleInfo.java:shutdownLeaderElection(134)) - 9c2d914d-67b1-4af9-8080-4d6ee007b506: shutdown LeaderElection
2019-10-19 01:14:43,029 [9c2d914d-67b1-4af9-8080-4d6ee007b506@group-20FCFA0487C4-LeaderElection919] INFO  impl.RoleInfo (RoleInfo.java:updateAndGet(143)) - 9c2d914d-67b1-4af9-8080-4d6ee007b506: start FollowerState
2019-10-19 01:14:43,080 [Thread-8359] INFO  impl.FollowerState (FollowerState.java:run(108)) - f143d5cf-4038-4fa8-8601-f5a45f16ca3e@group-A3037D40E172-FollowerState: change to CANDIDATE, lastRpcTime:95ms, electionTimeout:95ms
2019-10-19 01:14:43,080 [Thread-8359] INFO  impl.RoleInfo (RoleInfo.java:shutdownFollowerState(121)) - f143d5cf-4038-4fa8-8601-f5a45f16ca3e: shutdown FollowerState
2019-10-19 01:14:43,080 [Thread-8359] INFO  impl.RaftServerImpl (RaftServerImpl.java:setRole(184)) - f143d5cf-4038-4fa8-8601-f5a45f16ca3e@group-A3037D40E172: changes role from  FOLLOWER to CANDIDATE at term 166 for changeToCandidate
2019-10-19 01:14:43,080 [Thread-8359] INFO  impl.RoleInfo (RoleInfo.java:updateAndGet(143)) - f143d5cf-4038-4fa8-8601-f5a45f16ca3e: start LeaderElection
2019-10-19 01:14:43,094 [f143d5cf-4038-4fa8-8601-f5a45f16ca3e@group-A3037D40E172-LeaderElection920] INFO  impl.LeaderElection (LeaderElection.java:askForVotes(178)) - f143d5cf-4038-4fa8-8601-f5a45f16ca3e@group-A3037D40E172-LeaderElection920: begin an election at term 167 for -1: [f143d5cf-4038-4fa8-8601-f5a45f16ca3e:192.168.69.71:40169, 2543ffea-c5c6-4af0-856f-eb846bad755a:192.168.69.71:45287, 61d14648-e80d-4cd8-9e7c-6deb2f21aca8:192.168.69.71:42247], old=null
2019-10-19 01:14:43,095 [grpc-default-executor-3] INFO  impl.RaftServerImpl (RaftServerImpl.java:setRole(184)) - 2543ffea-c5c6-4af0-856f-eb846bad755a@group-A3037D40E172: changes role from  FOLLOWER to FOLLOWER at term 167 for recognizeCandidate:f143d5cf-4038-4fa8-8601-f5a45f16ca3e
2019-10-19 01:14:43,096 [grpc-default-executor-3] INFO  impl.RoleInfo (RoleInfo.java:shutdownFollowerState(121)) - 2543ffea-c5c6-4af0-856f-eb846bad755a: shutdown FollowerState
2019-10-19 01:14:43,096 [grpc-default-executor-1] INFO  impl.RaftServerImpl (RaftServerImpl.java:setRole(184)) - 61d14648-e80d-4cd8-9e7c-6deb2f21aca8@group-A3037D40E172: changes role from  FOLLOWER to FOLLOWER at term 167 for recognizeCandidate:f143d5cf-4038-4fa8-8601-f5a45f16ca3e
2019-10-19 01:14:43,096 [grpc-default-executor-1] INFO  impl.RoleInfo (RoleInfo.java:shutdownFollowerState(121)) - 61d14648-e80d-4cd8-9e7c-6deb2f21aca8: shutdown FollowerState
2019-10-19 01:14:43,096 [Thread-8358] INFO  impl.FollowerState (FollowerState.java:run(117)) - 2543ffea-c5c6-4af0-856f-eb846bad755a@group-A3037D40E172-FollowerState was interrupted: java.lang.InterruptedException: sleep interrupted
2019-10-19 01:14:43,096 [Thread-8357] INFO  impl.FollowerState (FollowerState.java:run(117)) - 61d14648-e80d-4cd8-9e7c-6deb2f21aca8@group-A3037D40E172-FollowerState was interrupted: java.lang.InterruptedException: sleep interrupted
2019-10-19 01:14:43,096 [grpc-default-executor-3] INFO  impl.RoleInfo (RoleInfo.java:updateAndGet(143)) - 2543ffea-c5c6-4af0-856f-eb846bad755a: start FollowerState
2019-10-19 01:14:43,096 [grpc-default-executor-1] INFO  impl.RoleInfo (RoleInfo.java:updateAndGet(143)) - 61d14648-e80d-4cd8-9e7c-6deb2f21aca8: start FollowerState
2019-10-19 01:14:43,110 [f143d5cf-4038-4fa8-8601-f5a45f16ca3e@group-A3037D40E172-LeaderElection920] INFO  impl.LeaderElection (LeaderElection.java:logAndReturn(56)) - f143d5cf-4038-4fa8-8601-f5a45f16ca3e@group-A3037D40E172-LeaderElection920: Election REJECTED; received 2 response(s) [f143d5cf-4038-4fa8-8601-f5a45f16ca3e<-2543ffea-c5c6-4af0-856f-eb846bad755a#0:FAIL-t167, f143d5cf-4038-4fa8-8601-f5a45f16ca3e<-61d14648-e80d-4cd8-9e7c-6deb2f21aca8#0:FAIL-t167] and 0 exception(s); f143d5cf-4038-4fa8-8601-f5a45f16ca3e@group-A3037D40E172:t167, leader=null, voted=f143d5cf-4038-4fa8-8601-f5a45f16ca3e, raftlog=f143d5cf-4038-4fa8-8601-f5a45f16ca3e@group-A3037D40E172-SegmentedRaftLog:OPENED:c-1,f-1,i0, conf=-1: [f143d5cf-4038-4fa8-8601-f5a45f16ca3e:192.168.69.71:40169, 2543ffea-c5c6-4af0-856f-eb846bad755a:192.168.69.71:45287, 61d14648-e80d-4cd8-9e7c-6deb2f21aca8:192.168.69.71:42247], old=null
2019-10-19 01:14:43,110 [f143d5cf-4038-4fa8-8601-f5a45f16ca3e@group-A3037D40E172-LeaderElection920] INFO  impl.RaftServerImpl (RaftServerImpl.java:setRole(184)) - f143d5cf-4038-4fa8-8601-f5a45f16ca3e@group-A3037D40E172: changes role from CANDIDATE to FOLLOWER at term 167 for DISCOVERED_A_NEW_TERM
2019-10-19 01:14:43,110 [f143d5cf-4038-4fa8-8601-f5a45f16ca3e@group-A3037D40E172-LeaderElection920] INFO  impl.RoleInfo (RoleInfo.java:shutdownLeaderElection(134)) - f143d5cf-4038-4fa8-8601-f5a45f16ca3e: shutdown LeaderElection
2019-10-19 01:14:43,110 [f143d5cf-4038-4fa8-8601-f5a45f16ca3e@group-A3037D40E172-LeaderElection920] INFO  impl.RoleInfo (RoleInfo.java:updateAndGet(143)) - f143d5cf-4038-4fa8-8601-f5a45f16ca3e: start FollowerState
2019-10-19 01:14:43,195 [Thread-8375] INFO  impl.FollowerState (FollowerState.java:run(108)) - f143d5cf-4038-4fa8-8601-f5a45f16ca3e@group-A3037D40E172-FollowerState: change to CANDIDATE, lastRpcTime:85ms, electionTimeout:85ms
2019-10-19 01:14:43,195 [Thread-8375] INFO  impl.RoleInfo (RoleInfo.java:shutdownFollowerState(121)) - f143d5cf-4038-4fa8-8601-f5a45f16ca3e: shutdown FollowerState
2019-10-19 01:14:43,195 [Thread-8375] INFO  impl.RaftServerImpl (RaftServerImpl.java:setRole(184)) - f143d5cf-4038-4fa8-8601-f5a45f16ca3e@group-A3037D40E172: changes role from  FOLLOWER to CANDIDATE at term 167 for changeToCandidate
2019-10-19 01:14:43,196 [Thread-8375] INFO  impl.RoleInfo (RoleInfo.java:updateAndGet(143)) - f143d5cf-4038-4fa8-8601-f5a45f16ca3e: start LeaderElection
2019-10-19 01:14:43,209 [f143d5cf-4038-4fa8-8601-f5a45f16ca3e@group-A3037D40E172-LeaderElection921] INFO  impl.LeaderElection (LeaderElection.java:askForVotes(178)) - f143d5cf-4038-4fa8-8601-f5a45f16ca3e@group-A3037D40E172-LeaderElection921: begin an election at term 168 for -1: [f143d5cf-4038-4fa8-8601-f5a45f16ca3e:192.168.69.71:40169, 2543ffea-c5c6-4af0-856f-eb846bad755a:192.168.69.71:45287, 61d14648-e80d-4cd8-9e7c-6deb2f21aca8:192.168.69.71:42247], old=null
2019-10-19 01:14:43,210 [grpc-default-executor-3] INFO  impl.RaftServerImpl (RaftServerImpl.java:setRole(184)) - 2543ffea-c5c6-4af0-856f-eb846bad755a@group-A3037D40E172: changes role from  FOLLOWER to FOLLOWER at term 168 for recognizeCandidate:f143d5cf-4038-4fa8-8601-f5a45f16ca3e
2019-10-19 01:14:43,210 [grpc-default-executor-1] INFO  impl.RaftServerImpl (RaftServerImpl.java:setRole(184)) - 61d14648-e80d-4cd8-9e7c-6deb2f21aca8@group-A3037D40E172: changes role from  FOLLOWER to FOLLOWER at term 168 for recognizeCandidate:f143d5cf-4038-4fa8-8601-f5a45f16ca3e
2019-10-19 01:14:43,210 [grpc-default-executor-1] INFO  impl.RoleInfo (RoleInfo.java:shutdownFollowerState(121)) - 61d14648-e80d-4cd8-9e7c-6deb2f21aca8: shutdown FollowerState
2019-10-19 01:14:43,210 [grpc-default-executor-3] INFO  impl.RoleInfo (RoleInfo.java:shutdownFollowerState(121)) - 2543ffea-c5c6-4af0-856f-eb846bad755a: shutdown FollowerState
2019-10-19 01:14:43,211 [Thread-8374] INFO  impl.FollowerState (FollowerState.java:run(117)) - 61d14648-e80d-4cd8-9e7c-6deb2f21aca8@group-A3037D40E172-FollowerState was interrupted: java.lang.InterruptedException: sleep interrupted
2019-10-19 01:14:43,211 [Thread-8373] INFO  impl.FollowerState (FollowerState.java:run(117)) - 2543ffea-c5c6-4af0-856f-eb846bad755a@group-A3037D40E172-FollowerState was interrupted: java.lang.InterruptedException: sleep interrupted
2019-10-19 01:14:43,211 [grpc-default-executor-1] INFO  impl.RoleInfo (RoleInfo.java:updateAndGet(143)) - 61d14648-e80d-4cd8-9e7c-6deb2f21aca8: start FollowerState
2019-10-19 01:14:43,211 [grpc-default-executor-3] INFO  impl.RoleInfo (RoleInfo.java:updateAndGet(143)) - 2543ffea-c5c6-4af0-856f-eb846bad755a: start FollowerState
2019-10-19 01:14:43,225 [f143d5cf-4038-4fa8-8601-f5a45f16ca3e@group-A3037D40E172-LeaderElection921] INFO  impl.LeaderElection (LeaderElection.java:logAndReturn(56)) - f143d5cf-4038-4fa8-8601-f5a45f16ca3e@group-A3037D40E172-LeaderElection921: Election REJECTED; received 2 response(s) [f143d5cf-4038-4fa8-8601-f5a45f16ca3e<-2543ffea-c5c6-4af0-856f-eb846bad755a#0:FAIL-t168, f143d5cf-4038-4fa8-8601-f5a45f16ca3e<-61d14648-e80d-4cd8-9e7c-6deb2f21aca8#0:FAIL-t168] and 0 exception(s); f143d5cf-4038-4fa8-8601-f5a45f16ca3e@group-A3037D40E172:t168, leader=null, voted=f143d5cf-4038-4fa8-8601-f5a45f16ca3e, raftlog=f143d5cf-4038-4fa8-8601-f5a45f16ca3e@group-A3037D40E172-SegmentedRaftLog:OPENED:c-1,f-1,i0, conf=-1: [f143d5cf-4038-4fa8-8601-f5a45f16ca3e:192.168.69.71:40169, 2543ffea-c5c6-4af0-856f-eb846bad755a:192.168.69.71:45287, 61d14648-e80d-4cd8-9e7c-6deb2f21aca8:192.168.69.71:42247], old=null
2019-10-19 01:14:43,225 [f143d5cf-4038-4fa8-8601-f5a45f16ca3e@group-A3037D40E172-LeaderElection921] INFO  impl.RaftServerImpl (RaftServerImpl.java:setRole(184)) - f143d5cf-4038-4fa8-8601-f5a45f16ca3e@group-A3037D40E172: changes role from CANDIDATE to FOLLOWER at term 168 for DISCOVERED_A_NEW_TERM
2019-10-19 01:14:43,225 [f143d5cf-4038-4fa8-8601-f5a45f16ca3e@group-A3037D40E172-LeaderElection921] INFO  impl.RoleInfo (RoleInfo.java:shutdownLeaderElection(134)) - f143d5cf-4038-4fa8-8601-f5a45f16ca3e: shutdown LeaderElection
2019-10-19 01:14:43,225 [f143d5cf-4038-4fa8-8601-f5a45f16ca3e@group-A3037D40E172-LeaderElection921] INFO  impl.RoleInfo (RoleInfo.java:updateAndGet(143)) - f143d5cf-4038-4fa8-8601-f5a45f16ca3e: start FollowerState
2019-10-19 01:14:43,227 [Thread-8369] INFO  impl.FollowerState (FollowerState.java:run(108)) - 9c2d914d-67b1-4af9-8080-4d6ee007b506@group-20FCFA0487C4-FollowerState: change to CANDIDATE, lastRpcTime:198ms, electionTimeout:198ms
2019-10-19 01:14:43,228 [Thread-8369] INFO  impl.RoleInfo (RoleInfo.java:shutdownFollowerState(121)) - 9c2d914d-67b1-4af9-8080-4d6ee007b506: shutdown FollowerState
2019-10-19 01:14:43,228 [Thread-8369] INFO  impl.RaftServerImpl (RaftServerImpl.java:setRole(184)) - 9c2d914d-67b1-4af9-8080-4d6ee007b506@group-20FCFA0487C4: changes role from  FOLLOWER to CANDIDATE at term 160 for changeToCandidate
2019-10-19 01:14:43,228 [Thread-8369] INFO  impl.RoleInfo (RoleInfo.java:updateAndGet(143)) - 9c2d914d-67b1-4af9-8080-4d6ee007b506: start LeaderElection
2019-10-19 01:14:43,241 [9c2d914d-67b1-4af9-8080-4d6ee007b506@group-20FCFA0487C4-LeaderElection922] INFO  impl.LeaderElection (LeaderElection.java:askForVotes(178)) - 9c2d914d-67b1-4af9-8080-4d6ee007b506@group-20FCFA0487C4-LeaderElection922: begin an election at term 161 for -1: [88be3607-7667-471c-9070-7dfd13eb5ac8:192.168.69.71:32925, 9c2d914d-67b1-4af9-8080-4d6ee007b506:192.168.69.71:35462, 61d0b7dc-5f8b-422f-8693-c58167224d24:192.168.69.71:43479], old=null
2019-10-19 01:14:43,242 [grpc-default-executor-3] INFO  impl.RaftServerImpl (RaftServerImpl.java:setRole(184)) - 88be3607-7667-471c-9070-7dfd13eb5ac8@group-20FCFA0487C4: changes role from  FOLLOWER to FOLLOWER at term 161 for recognizeCandidate:9c2d914d-67b1-4af9-8080-4d6ee007b506
2019-10-19 01:14:43,242 [grpc-default-executor-1] INFO  impl.RaftServerImpl (RaftServerImpl.java:setRole(184)) - 61d0b7dc-5f8b-422f-8693-c58167224d24@group-20FCFA0487C4: changes role from  FOLLOWER to FOLLOWER at term 161 for recognizeCandidate:9c2d914d-67b1-4af9-8080-4d6ee007b506
2019-10-19 01:14:43,242 [grpc-default-executor-3] INFO  impl.RoleInfo (RoleInfo.java:shutdownFollowerState(121)) - 88be3607-7667-471c-9070-7dfd13eb5ac8: shutdown FollowerState
2019-10-19 01:14:43,242 [grpc-default-executor-1] INFO  impl.RoleInfo (RoleInfo.java:shutdownFollowerState(121)) - 61d0b7dc-5f8b-422f-8693-c58167224d24: shutdown FollowerState
2019-10-19 01:14:43,242 [Thread-8367] INFO  impl.FollowerState (FollowerState.java:run(117)) - 88be3607-7667-471c-9070-7dfd13eb5ac8@group-20FCFA0487C4-FollowerState was interrupted: java.lang.InterruptedException: sleep interrupted
2019-10-19 01:14:43,242 [Thread-8368] INFO  impl.FollowerState (FollowerState.java:run(117)) - 61d0b7dc-5f8b-422f-8693-c58167224d24@group-20FCFA0487C4-FollowerState was interrupted: java.lang.InterruptedException: sleep interrupted
2019-10-19 01:14:43,242 [grpc-default-executor-3] INFO  impl.RoleInfo (RoleInfo.java:updateAndGet(143)) - 88be3607-7667-471c-9070-7dfd13eb5ac8: start FollowerState
2019-10-19 01:14:43,242 [grpc-default-executor-1] INFO  impl.RoleInfo (RoleInfo.java:updateAndGet(143)) - 61d0b7dc-5f8b-422f-8693-c58167224d24: start FollowerState
2019-10-19 01:14:43,258 [9c2d914d-67b1-4af9-8080-4d6ee007b506@group-20FCFA0487C4-LeaderElection922] INFO  impl.LeaderElection (LeaderElection.java:logAndReturn(56)) - 9c2d914d-67b1-4af9-8080-4d6ee007b506@group-20FCFA0487C4-LeaderElection922: Election REJECTED; received 2 response(s) [9c2d914d-67b1-4af9-8080-4d6ee007b506<-88be3607-7667-471c-9070-7dfd13eb5ac8#0:FAIL-t161, 9c2d914d-67b1-4af9-8080-4d6ee007b506<-61d0b7dc-5f8b-422f-8693-c58167224d24#0:FAIL-t161] and 0 exception(s); 9c2d914d-67b1-4af9-8080-4d6ee007b506@group-20FCFA0487C4:t161, leader=null, voted=9c2d914d-67b1-4af9-8080-4d6ee007b506, raftlog=9c2d914d-67b1-4af9-8080-4d6ee007b506@group-20FCFA0487C4-SegmentedRaftLog:OPENED:c-1,f-1,i0, conf=-1: [88be3607-7667-471c-9070-7dfd13eb5ac8:192.168.69.71:32925, 9c2d914d-67b1-4af9-8080-4d6ee007b506:192.168.69.71:35462, 61d0b7dc-5f8b-422f-8693-c58167224d24:192.168.69.71:43479], old=null
2019-10-19 01:14:43,258 [9c2d914d-67b1-4af9-8080-4d6ee007b506@group-20FCFA0487C4-LeaderElection922] INFO  impl.RaftServerImpl (RaftServerImpl.java:setRole(184)) - 9c2d914d-67b1-4af9-8080-4d6ee007b506@group-20FCFA0487C4: changes role from CANDIDATE to FOLLOWER at term 161 for DISCOVERED_A_NEW_TERM
2019-10-19 01:14:43,258 [9c2d914d-67b1-4af9-8080-4d6ee007b506@group-20FCFA0487C4-LeaderElection922] INFO  impl.RoleInfo (RoleInfo.java:shutdownLeaderElection(134)) - 9c2d914d-67b1-4af9-8080-4d6ee007b506: shutdown LeaderElection
2019-10-19 01:14:43,258 [9c2d914d-67b1-4af9-8080-4d6ee007b506@group-20FCFA0487C4-LeaderElection922] INFO  impl.RoleInfo (RoleInfo.java:updateAndGet(143)) - 9c2d914d-67b1-4af9-8080-4d6ee007b506: start FollowerState
2019-10-19 01:14:43,270 [Thread-8387] INFO  impl.FollowerState (FollowerState.java:run(108)) - 9c2d914d-67b1-4af9-8080-4d6ee007b506@group-20FCFA0487C4-FollowerState: change to CANDIDATE, lastRpcTime:12ms, electionTimeout:12ms
2019-10-19 01:14:43,271 [Thread-8387] INFO  impl.RoleInfo (RoleInfo.java:shutdownFollowerState(121)) - 9c2d914d-67b1-4af9-8080-4d6ee007b506: shutdown FollowerState
2019-10-19 01:14:43,271 [Thread-8387] INFO  impl.RaftServerImpl (RaftServerImpl.java:setRole(184)) - 9c2d914d-67b1-4af9-8080-4d6ee007b506@group-20FCFA0487C4: changes role from  FOLLOWER to CANDIDATE at term 161 for changeToCandidate
2019-10-19 01:14:43,271 [Thread-8387] INFO  impl.RoleInfo (RoleInfo.java:updateAndGet(143)) - 9c2d914d-67b1-4af9-8080-4d6ee007b506: start LeaderElection
2019-10-19 01:14:43,284 [9c2d914d-67b1-4af9-8080-4d6ee007b506@group-20FCFA0487C4-LeaderElection923] INFO  impl.LeaderElection (LeaderElection.java:askForVotes(178)) - 9c2d914d-67b1-4af9-8080-4d6ee007b506@group-20FCFA0487C4-LeaderElection923: begin an election at term 162 for -1: [88be3607-7667-471c-9070-7dfd13eb5ac8:192.168.69.71:32925, 9c2d914d-67b1-4af9-8080-4d6ee007b506:192.168.69.71:35462, 61d0b7dc-5f8b-422f-8693-c58167224d24:192.168.69.71:43479], old=null
2019-10-19 01:14:43,284 [grpc-default-executor-1] INFO  impl.RaftServerImpl (RaftServerImpl.java:setRole(184)) - 88be3607-7667-471c-9070-7dfd13eb5ac8@group-20FCFA0487C4: changes role from  FOLLOWER to FOLLOWER at term 162 for recognizeCandidate:9c2d914d-67b1-4af9-8080-4d6ee007b506
2019-10-19 01:14:43,285 [grpc-default-executor-1] INFO  impl.RoleInfo (RoleInfo.java:shutdownFollowerState(121)) - 88be3607-7667-471c-9070-7dfd13eb5ac8: shutdown FollowerState
2019-10-19 01:14:43,285 [grpc-default-executor-3] INFO  impl.RaftServerImpl (RaftServerImpl.java:setRole(184)) - 61d0b7dc-5f8b-422f-8693-c58167224d24@group-20FCFA0487C4: changes role from  FOLLOWER to FOLLOWER at term 162 for recognizeCandidate:9c2d914d-67b1-4af9-8080-4d6ee007b506
2019-10-19 01:14:43,285 [grpc-default-executor-3] INFO  impl.RoleInfo (RoleInfo.java:shutdownFollowerState(121)) - 61d0b7dc-5f8b-422f-8693-c58167224d24: shutdown FollowerState
2019-10-19 01:14:43,285 [Thread-8385] INFO  impl.FollowerState (FollowerState.java:run(117)) - 88be3607-7667-471c-9070-7dfd13eb5ac8@group-20FCFA0487C4-FollowerState was interrupted: java.lang.InterruptedException: sleep interrupted
2019-10-19 01:14:43,285 [grpc-default-executor-1] INFO  impl.RoleInfo (RoleInfo.java:updateAndGet(143)) - 88be3607-7667-471c-9070-7dfd13eb5ac8: start FollowerState
2019-10-19 01:14:43,285 [Thread-8386] INFO  impl.FollowerState (FollowerState.java:run(117)) - 61d0b7dc-5f8b-422f-8693-c58167224d24@group-20FCFA0487C4-FollowerState was interrupted: java.lang.InterruptedException: sleep interrupted
2019-10-19 01:14:43,285 [grpc-default-executor-3] INFO  impl.RoleInfo (RoleInfo.java:updateAndGet(143)) - 61d0b7dc-5f8b-422f-8693-c58167224d24: start FollowerState
2019-10-19 01:14:43,302 [9c2d914d-67b1-4af9-8080-4d6ee007b506@group-20FCFA0487C4-LeaderElection923] INFO  impl.LeaderElection (LeaderElection.java:logAndReturn(56)) - 9c2d914d-67b1-4af9-8080-4d6ee007b506@group-20FCFA0487C4-LeaderElection923: Election REJECTED; received 2 response(s) [9c2d914d-67b1-4af9-8080-4d6ee007b506<-88be3607-7667-471c-9070-7dfd13eb5ac8#0:FAIL-t162, 9c2d914d-67b1-4af9-8080-4d6ee007b506<-61d0b7dc-5f8b-422f-8693-c58167224d24#0:FAIL-t162] and 0 exception(s); 9c2d914d-67b1-4af9-8080-4d6ee007b506@group-20FCFA0487C4:t162, leader=null, voted=9c2d914d-67b1-4af9-8080-4d6ee007b506, raftlog=9c2d914d-67b1-4af9-8080-4d6ee007b506@group-20FCFA0487C4-SegmentedRaftLog:OPENED:c-1,f-1,i0, conf=-1: [88be3607-7667-471c-9070-7dfd13eb5ac8:192.168.69.71:32925, 9c2d914d-67b1-4af9-8080-4d6ee007b506:192.168.69.71:35462, 61d0b7dc-5f8b-422f-8693-c58167224d24:192.168.69.71:43479], old=null
2019-10-19 01:14:43,303 [9c2d914d-67b1-4af9-8080-4d6ee007b506@group-20FCFA0487C4-LeaderElection923] INFO  impl.RaftServerImpl (RaftServerImpl.java:setRole(184)) - 9c2d914d-67b1-4af9-8080-4d6ee007b506@group-20FCFA0487C4: changes role from CANDIDATE to FOLLOWER at term 162 for DISCOVERED_A_NEW_TERM
2019-10-19 01:14:43,303 [9c2d914d-67b1-4af9-8080-4d6ee007b506@group-20FCFA0487C4-LeaderElection923] INFO  impl.RoleInfo (RoleInfo.java:shutdownLeaderElection(134)) - 9c2d914d-67b1-4af9-8080-4d6ee007b506: shutdown LeaderElection
2019-10-19 01:14:43,303 [9c2d914d-67b1-4af9-8080-4d6ee007b506@group-20FCFA0487C4-LeaderElection923] INFO  impl.RoleInfo (RoleInfo.java:updateAndGet(143)) - 9c2d914d-67b1-4af9-8080-4d6ee007b506: start FollowerState
2019-10-19 01:14:43,352 [Thread-8381] INFO  impl.FollowerState (FollowerState.java:run(108)) - f143d5cf-4038-4fa8-8601-f5a45f16ca3e@group-A3037D40E172-FollowerState: change to CANDIDATE, lastRpcTime:126ms, electionTimeout:126ms
2019-10-19 01:14:43,352 [Thread-8381] INFO  impl.RoleInfo (RoleInfo.java:shutdownFollowerState(121)) - f143d5cf-4038-4fa8-8601-f5a45f16ca3e: shutdown FollowerState
2019-10-19 01:14:43,352 [Thread-8381] INFO  impl.RaftServerImpl (RaftServerImpl.java:setRole(184)) - f143d5cf-4038-4fa8-8601-f5a45f16ca3e@group-A3037D40E172: changes role from  FOLLOWER to CANDIDATE at term 168 for changeToCandidate
2019-10-19 01:14:43,352 [Thread-8381] INFO  impl.RoleInfo (RoleInfo.java:updateAndGet(143)) - f143d5cf-4038-4fa8-8601-f5a45f16ca3e: start LeaderElection
2019-10-19 01:14:43,365 [f143d5cf-4038-4fa8-8601-f5a45f16ca3e@group-A3037D40E172-LeaderElection924] INFO  impl.LeaderElection (LeaderElection.java:askForVotes(178)) - f143d5cf-4038-4fa8-8601-f5a45f16ca3e@group-A3037D40E172-LeaderElection924: begin an election at term 169 for -1: [f143d5cf-4038-4fa8-8601-f5a45f16ca3e:192.168.69.71:40169, 2543ffea-c5c6-4af0-856f-eb846bad755a:192.168.69.71:45287, 61d14648-e80d-4cd8-9e7c-6deb2f21aca8:192.168.69.71:42247], old=null
2019-10-19 01:14:43,367 [grpc-default-executor-3] INFO  impl.RaftServerImpl (RaftServerImpl.java:setRole(184)) - 2543ffea-c5c6-4af0-856f-eb846bad755a@group-A3037D40E172: changes role from  FOLLOWER to FOLLOWER at term 169 for recognizeCandidate:f143d5cf-4038-4fa8-8601-f5a45f16ca3e
2019-10-19 01:14:43,367 [grpc-default-executor-3] INFO  impl.RoleInfo (RoleInfo.java:shutdownFollowerState(121)) - 2543ffea-c5c6-4af0-856f-eb846bad755a: shutdown FollowerState
2019-10-19 01:14:43,367 [grpc-default-executor-1] INFO  impl.RaftServerImpl (RaftServerImpl.java:setRole(184)) - 61d14648-e80d-4cd8-9e7c-6deb2f21aca8@group-A3037D40E172: changes role from  FOLLOWER to FOLLOWER at term 169 for recognizeCandidate:f143d5cf-4038-4fa8-8601-f5a45f16ca3e
2019-10-19 01:14:43,367 [Thread-8380] INFO  impl.FollowerState (FollowerState.java:run(117)) - 2543ffea-c5c6-4af0-856f-eb846bad755a@group-A3037D40E172-FollowerState was interrupted: java.lang.InterruptedException: sleep interrupted
2019-10-19 01:14:43,367 [grpc-default-executor-3] INFO  impl.RoleInfo (RoleInfo.java:updateAndGet(143)) - 2543ffea-c5c6-4af0-856f-eb846bad755a: start FollowerState
2019-10-19 01:14:43,368 [grpc-default-executor-1] INFO  impl.RoleInfo (RoleInfo.java:shutdownFollowerState(121)) - 61d14648-e80d-4cd8-9e7c-6deb2f21aca8: shutdown FollowerState
2019-10-19 01:14:43,368 [Thread-8379] INFO  impl.FollowerState (FollowerState.java:run(117)) - 61d14648-e80d-4cd8-9e7c-6deb2f21aca8@group-A3037D40E172-FollowerState was interrupted: java.lang.InterruptedException: sleep interrupted
2019-10-19 01:14:43,368 [grpc-default-executor-1] INFO  impl.RoleInfo (RoleInfo.java:updateAndGet(143)) - 61d14648-e80d-4cd8-9e7c-6deb2f21aca8: start FollowerState
2019-10-19 01:14:43,381 [f143d5cf-4038-4fa8-8601-f5a45f16ca3e@group-A3037D40E172-LeaderElection924] INFO  impl.LeaderElection (LeaderElection.java:logAndReturn(56)) - f143d5cf-4038-4fa8-8601-f5a45f16ca3e@group-A3037D40E172-LeaderElection924: Election REJECTED; received 2 response(s) [f143d5cf-4038-4fa8-8601-f5a45f16ca3e<-2543ffea-c5c6-4af0-856f-eb846bad755a#0:FAIL-t169, f143d5cf-4038-4fa8-8601-f5a45f16ca3e<-61d14648-e80d-4cd8-9e7c-6deb2f21aca8#0:FAIL-t169] and 0 exception(s); f143d5cf-4038-4fa8-8601-f5a45f16ca3e@group-A3037D40E172:t169, leader=null, voted=f143d5cf-4038-4fa8-8601-f5a45f16ca3e, raftlog=f143d5cf-4038-4fa8-8601-f5a45f16ca3e@group-A3037D40E172-SegmentedRaftLog:OPENED:c-1,f-1,i0, conf=-1: [f143d5cf-4038-4fa8-8601-f5a45f16ca3e:192.168.69.71:40169, 2543ffea-c5c6-4af0-856f-eb846bad755a:192.168.69.71:45287, 61d14648-e80d-4cd8-9e7c-6deb2f21aca8:192.168.69.71:42247], old=null
2019-10-19 01:14:43,381 [f143d5cf-4038-4fa8-8601-f5a45f16ca3e@group-A3037D40E172-LeaderElection924] INFO  impl.RaftServerImpl (RaftServerImpl.java:setRole(184)) - f143d5cf-4038-4fa8-8601-f5a45f16ca3e@group-A3037D40E172: changes role from CANDIDATE to FOLLOWER at term 169 for DISCOVERED_A_NEW_TERM
2019-10-19 01:14:43,382 [f143d5cf-4038-4fa8-8601-f5a45f16ca3e@group-A3037D40E172-LeaderElection924] INFO  impl.RoleInfo (RoleInfo.java:shutdownLeaderElection(134)) - f143d5cf-4038-4fa8-8601-f5a45f16ca3e: shutdown LeaderElection
2019-10-19 01:14:43,382 [f143d5cf-4038-4fa8-8601-f5a45f16ca3e@group-A3037D40E172-LeaderElection924] INFO  impl.RoleInfo (RoleInfo.java:updateAndGet(143)) - f143d5cf-4038-4fa8-8601-f5a45f16ca3e: start FollowerState
2019-10-19 01:14:43,398 [Thread-8393] INFO  impl.FollowerState (FollowerState.java:run(108)) - 9c2d914d-67b1-4af9-8080-4d6ee007b506@group-20FCFA0487C4-FollowerState: change to CANDIDATE, lastRpcTime:95ms, electionTimeout:95ms
2019-10-19 01:14:43,398 [Thread-8393] INFO  impl.RoleInfo (RoleInfo.java:shutdownFollowerState(121)) - 9c2d914d-67b1-4af9-8080-4d6ee007b506: shutdown FollowerState
2019-10-19 01:14:43,398 [Thread-8393] INFO  impl.RaftServerImpl (RaftServerImpl.java:setRole(184)) - 9c2d914d-67b1-4af9-8080-4d6ee007b506@group-20FCFA0487C4: changes role from  FOLLOWER to CANDIDATE at term 162 for changeToCandidate
2019-10-19 01:14:43,399 [Thread-8393] INFO  impl.RoleInfo (RoleInfo.java:updateAndGet(143)) - 9c2d914d-67b1-4af9-8080-4d6ee007b506: start LeaderElection
2019-10-19 01:14:43,400 [Thread-8399] INFO  impl.FollowerState (FollowerState.java:run(108)) - f143d5cf-4038-4fa8-8601-f5a45f16ca3e@group-A3037D40E172-FollowerState: change to CANDIDATE, lastRpcTime:18ms, electionTimeout:18ms
2019-10-19 01:14:43,400 [Thread-8399] INFO  impl.RoleInfo (RoleInfo.java:shutdownFollowerState(121)) - f143d5cf-4038-4fa8-8601-f5a45f16ca3e: shutdown FollowerState
2019-10-19 01:14:43,400 [Thread-8399] INFO  impl.RaftServerImpl (RaftServerImpl.java:setRole(184)) - f143d5cf-4038-4fa8-8601-f5a45f16ca3e@group-A3037D40E172: changes role from  FOLLOWER to CANDIDATE at term 169 for changeToCandidate
2019-10-19 01:14:43,400 [Thread-8399] INFO  impl.RoleInfo (RoleInfo.java:updateAndGet(143)) - f143d5cf-4038-4fa8-8601-f5a45f16ca3e: start LeaderElection
2019-10-19 01:14:43,412 [9c2d914d-67b1-4af9-8080-4d6ee007b506@group-20FCFA0487C4-LeaderElection925] INFO  impl.LeaderElection (LeaderElection.java:askForVotes(178)) - 9c2d914d-67b1-4af9-8080-4d6ee007b506@group-20FCFA0487C4-LeaderElection925: begin an election at term 163 for -1: [88be3607-7667-471c-9070-7dfd13eb5ac8:192.168.69.71:32925, 9c2d914d-67b1-4af9-8080-4d6ee007b506:192.168.69.71:35462, 61d0b7dc-5f8b-422f-8693-c58167224d24:192.168.69.71:43479], old=null
2019-10-19 01:14:43,412 [f143d5cf-4038-4fa8-8601-f5a45f16ca3e@group-A3037D40E172-LeaderElection926] INFO  impl.LeaderElection (LeaderElection.java:askForVotes(178)) - f143d5cf-4038-4fa8-8601-f5a45f16ca3e@group-A3037D40E172-LeaderElection926: begin an election at term 170 for -1: [f143d5cf-4038-4fa8-8601-f5a45f16ca3e:192.168.69.71:40169, 2543ffea-c5c6-4af0-856f-eb846bad755a:192.168.69.71:45287, 61d14648-e80d-4cd8-9e7c-6deb2f21aca8:192.168.69.71:42247], old=null
2019-10-19 01:14:43,413 [grpc-default-executor-3] INFO  impl.RaftServerImpl (RaftServerImpl.java:setRole(184)) - 88be3607-7667-471c-9070-7dfd13eb5ac8@group-20FCFA0487C4: changes role from  FOLLOWER to FOLLOWER at term 163 for recognizeCandidate:9c2d914d-67b1-4af9-8080-4d6ee007b506
2019-10-19 01:14:43,413 [grpc-default-executor-3] INFO  impl.RoleInfo (RoleInfo.java:shutdownFollowerState(121)) - 88be3607-7667-471c-9070-7dfd13eb5ac8: shutdown FollowerState
2019-10-19 01:14:43,414 [grpc-default-executor-10] INFO  impl.RaftServerImpl (RaftServerImpl.java:setRole(184)) - 61d0b7dc-5f8b-422f-8693-c58167224d24@group-20FCFA0487C4: changes role from  FOLLOWER to FOLLOWER at term 163 for recognizeCandidate:9c2d914d-67b1-4af9-8080-4d6ee007b506
2019-10-19 01:14:43,414 [grpc-default-executor-3] INFO  impl.RoleInfo (RoleInfo.java:updateAndGet(143)) - 88be3607-7667-471c-9070-7dfd13eb5ac8: start FollowerState
2019-10-19 01:14:43,414 [grpc-default-executor-1] INFO  impl.RaftServerImpl (RaftServerImpl.java:setRole(184)) - 61d14648-e80d-4cd8-9e7c-6deb2f21aca8@group-A3037D40E172: changes role from  FOLLOWER to FOLLOWER at term 170 for recognizeCandidate:f143d5cf-4038-4fa8-8601-f5a45f16ca3e
2019-10-19 01:14:43,414 [grpc-default-executor-1] INFO  impl.RoleInfo (RoleInfo.java:shutdownFollowerState(121)) - 61d14648-e80d-4cd8-9e7c-6deb2f21aca8: shutdown FollowerState
2019-10-19 01:14:43,414 [Thread-8391] INFO  impl.FollowerState (FollowerState.java:run(117)) - 88be3607-7667-471c-9070-7dfd13eb5ac8@group-20FCFA0487C4-FollowerState was interrupted: java.lang.InterruptedException: sleep interrupted
2019-10-19 01:14:43,414 [grpc-default-executor-9] INFO  impl.RaftServerImpl (RaftServerImpl.java:setRole(184)) - 2543ffea-c5c6-4af0-856f-eb846bad755a@group-A3037D40E172: changes role from  FOLLOWER to FOLLOWER at term 170 for recognizeCandidate:f143d5cf-4038-4fa8-8601-f5a45f16ca3e
2019-10-19 01:14:43,414 [grpc-default-executor-9] INFO  impl.RoleInfo (RoleInfo.java:shutdownFollowerState(121)) - 2543ffea-c5c6-4af0-856f-eb846bad755a: shutdown FollowerState
2019-10-19 01:14:43,414 [grpc-default-executor-10] INFO  impl.RoleInfo (RoleInfo.java:shutdownFollowerState(121)) - 61d0b7dc-5f8b-422f-8693-c58167224d24: shutdown FollowerState
2019-10-19 01:14:43,414 [Thread-8397] INFO  impl.FollowerState (FollowerState.java:run(117)) - 2543ffea-c5c6-4af0-856f-eb846bad755a@group-A3037D40E172-FollowerState was interrupted: java.lang.InterruptedException: sleep interrupted
2019-10-19 01:14:43,414 [grpc-default-executor-9] INFO  impl.RoleInfo (RoleInfo.java:updateAndGet(143)) - 2543ffea-c5c6-4af0-856f-eb846bad755a: start FollowerState
2019-10-19 01:14:43,414 [Thread-8398] INFO  impl.FollowerState (FollowerState.java:run(117)) - 61d14648-e80d-4cd8-9e7c-6deb2f21aca8@group-A3037D40E172-FollowerState was interrupted: java.lang.InterruptedException: sleep interrupted
2019-10-19 01:14:43,414 [grpc-default-executor-1] INFO  impl.RoleInfo (RoleInfo.java:updateAndGet(143)) - 61d14648-e80d-4cd8-9e7c-6deb2f21aca8: start FollowerState
2019-10-19 01:14:43,414 [Thread-8392] INFO  impl.FollowerState (FollowerState.java:run(117)) - 61d0b7dc-5f8b-422f-8693-c58167224d24@group-20FCFA0487C4-FollowerState was interrupted: java.lang.InterruptedException: sleep interrupted
2019-10-19 01:14:43,414 [grpc-default-executor-10] INFO  impl.RoleInfo (RoleInfo.java:updateAndGet(143)) - 61d0b7dc-5f8b-422f-8693-c58167224d24: start FollowerState
2019-10-19 01:14:43,427 [f143d5cf-4038-4fa8-8601-f5a45f16ca3e@group-A3037D40E172-LeaderElection926] INFO  impl.LeaderElection (LeaderElection.java:logAndReturn(56)) - f143d5cf-4038-4fa8-8601-f5a45f16ca3e@group-A3037D40E172-LeaderElection926: Election REJECTED; received 2 response(s) [f143d5cf-4038-4fa8-8601-f5a45f16ca3e<-2543ffea-c5c6-4af0-856f-eb846bad755a#0:FAIL-t170, f143d5cf-4038-4fa8-8601-f5a45f16ca3e<-61d14648-e80d-4cd8-9e7c-6deb2f21aca8#0:FAIL-t170] and 0 exception(s); f143d5cf-4038-4fa8-8601-f5a45f16ca3e@group-A3037D40E172:t170, leader=null, voted=f143d5cf-4038-4fa8-8601-f5a45f16ca3e, raftlog=f143d5cf-4038-4fa8-8601-f5a45f16ca3e@group-A3037D40E172-SegmentedRaftLog:OPENED:c-1,f-1,i0, conf=-1: [f143d5cf-4038-4fa8-8601-f5a45f16ca3e:192.168.69.71:40169, 2543ffea-c5c6-4af0-856f-eb846bad755a:192.168.69.71:45287, 61d14648-e80d-4cd8-9e7c-6deb2f21aca8:192.168.69.71:42247], old=null
2019-10-19 01:14:43,427 [9c2d914d-67b1-4af9-8080-4d6ee007b506@group-20FCFA0487C4-LeaderElection925] INFO  impl.LeaderElection (LeaderElection.java:logAndReturn(56)) - 9c2d914d-67b1-4af9-8080-4d6ee007b506@group-20FCFA0487C4-LeaderElection925: Election REJECTED; received 2 response(s) [9c2d914d-67b1-4af9-8080-4d6ee007b506<-88be3607-7667-471c-9070-7dfd13eb5ac8#0:FAIL-t163, 9c2d914d-67b1-4af9-8080-4d6ee007b506<-61d0b7dc-5f8b-422f-8693-c58167224d24#0:FAIL-t163] and 0 exception(s); 9c2d914d-67b1-4af9-8080-4d6ee007b506@group-20FCFA0487C4:t163, leader=null, voted=9c2d914d-67b1-4af9-8080-4d6ee007b506, raftlog=9c2d914d-67b1-4af9-8080-4d6ee007b506@group-20FCFA0487C4-SegmentedRaftLog:OPENED:c-1,f-1,i0, conf=-1: [88be3607-7667-471c-9070-7dfd13eb5ac8:192.168.69.71:32925, 9c2d914d-67b1-4af9-8080-4d6ee007b506:192.168.69.71:35462, 61d0b7dc-5f8b-422f-8693-c58167224d24:192.168.69.71:43479], old=null
2019-10-19 01:14:43,427 [f143d5cf-4038-4fa8-8601-f5a45f16ca3e@group-A3037D40E172-LeaderElection926] INFO  impl.RaftServerImpl (RaftServerImpl.java:setRole(184)) - f143d5cf-4038-4fa8-8601-f5a45f16ca3e@group-A3037D40E172: changes role from CANDIDATE to FOLLOWER at term 170 for DISCOVERED_A_NEW_TERM
2019-10-19 01:14:43,428 [f143d5cf-4038-4fa8-8601-f5a45f16ca3e@group-A3037D40E172-LeaderElection926] INFO  impl.RoleInfo (RoleInfo.java:shutdownLeaderElection(134)) - f143d5cf-4038-4fa8-8601-f5a45f16ca3e: shutdown LeaderElection
2019-10-19 01:14:43,428 [9c2d914d-67b1-4af9-8080-4d6ee007b506@group-20FCFA0487C4-LeaderElection925] INFO  impl.RaftServerImpl (RaftServerImpl.java:setRole(184)) - 9c2d914d-67b1-4af9-8080-4d6ee007b506@group-20FCFA0487C4: changes role from CANDIDATE to FOLLOWER at term 163 for DISCOVERED_A_NEW_TERM
2019-10-19 01:14:43,428 [f143d5cf-4038-4fa8-8601-f5a45f16ca3e@group-A3037D40E172-LeaderElection926] INFO  impl.RoleInfo (RoleInfo.java:updateAndGet(143)) - f143d5cf-4038-4fa8-8601-f5a45f16ca3e: start FollowerState
2019-10-19 01:14:43,428 [9c2d914d-67b1-4af9-8080-4d6ee007b506@group-20FCFA0487C4-LeaderElection925] INFO  impl.RoleInfo (RoleInfo.java:shutdownLeaderElection(134)) - 9c2d914d-67b1-4af9-8080-4d6ee007b506: shutdown LeaderElection
2019-10-19 01:14:43,428 [9c2d914d-67b1-4af9-8080-4d6ee007b506@group-20FCFA0487C4-LeaderElection925] INFO  impl.RoleInfo (RoleInfo.java:updateAndGet(143)) - 9c2d914d-67b1-4af9-8080-4d6ee007b506: start FollowerState
2019-10-19 01:14:43,440 [Thread-8413] INFO  impl.FollowerState (FollowerState.java:run(108)) - 9c2d914d-67b1-4af9-8080-4d6ee007b506@group-20FCFA0487C4-FollowerState: change to CANDIDATE, lastRpcTime:12ms, electionTimeout:12ms
2019-10-19 01:14:43,440 [Thread-8413] INFO  impl.RoleInfo (RoleInfo.java:shutdownFollowerState(121)) - 9c2d914d-67b1-4af9-8080-4d6ee007b506: shutdown FollowerState
2019-10-19 01:14:43,441 [Thread-8413] INFO  impl.RaftServerImpl (RaftServerImpl.java:setRole(184)) - 9c2d914d-67b1-4af9-8080-4d6ee007b506@group-20FCFA0487C4: changes role from  FOLLOWER to CANDIDATE at term 163 for changeToCandidate
2019-10-19 01:14:43,441 [Thread-8413] INFO  impl.RoleInfo (RoleInfo.java:updateAndGet(143)) - 9c2d914d-67b1-4af9-8080-4d6ee007b506: start LeaderElection
2019-10-19 01:14:43,460 [9c2d914d-67b1-4af9-8080-4d6ee007b506@group-20FCFA0487C4-LeaderElection927] INFO  impl.LeaderElection (LeaderElection.java:askForVotes(178)) - 9c2d914d-67b1-4af9-8080-4d6ee007b506@group-20FCFA0487C4-LeaderElection927: begin an election at term 164 for -1: [88be3607-7667-471c-9070-7dfd13eb5ac8:192.168.69.71:32925, 9c2d914d-67b1-4af9-8080-4d6ee007b506:192.168.69.71:35462, 61d0b7dc-5f8b-422f-8693-c58167224d24:192.168.69.71:43479], old=null
2019-10-19 01:14:43,461 [grpc-default-executor-3] INFO  impl.RaftServerImpl (RaftServerImpl.java:setRole(184)) - 88be3607-7667-471c-9070-7dfd13eb5ac8@group-20FCFA0487C4: changes role from  FOLLOWER to FOLLOWER at term 164 for recognizeCandidate:9c2d914d-67b1-4af9-8080-4d6ee007b506
2019-10-19 01:14:43,461 [grpc-default-executor-10] INFO  impl.RaftServerImpl (RaftServerImpl.java:setRole(184)) - 61d0b7dc-5f8b-422f-8693-c58167224d24@group-20FCFA0487C4: changes role from  FOLLOWER to FOLLOWER at term 164 for recognizeCandidate:9c2d914d-67b1-4af9-8080-4d6ee007b506
2019-10-19 01:14:43,461 [grpc-default-executor-10] INFO  impl.RoleInfo (RoleInfo.java:shutdownFollowerState(121)) - 61d0b7dc-5f8b-422f-8693-c58167224d24: shutdown FollowerState
2019-10-19 01:14:43,461 [grpc-default-executor-3] INFO  impl.RoleInfo (RoleInfo.java:shutdownFollowerState(121)) - 88be3607-7667-471c-9070-7dfd13eb5ac8: shutdown FollowerState
2019-10-19 01:14:43,461 [Thread-8411] INFO  impl.FollowerState (FollowerState.java:run(117)) - 61d0b7dc-5f8b-422f-8693-c58167224d24@group-20FCFA0487C4-FollowerState was interrupted: java.lang.InterruptedException: sleep interrupted
2019-10-19 01:14:43,461 [grpc-default-executor-10] INFO  impl.RoleInfo (RoleInfo.java:updateAndGet(143)) - 61d0b7dc-5f8b-422f-8693-c58167224d24: start FollowerState
2019-10-19 01:14:43,461 [Thread-8408] INFO  impl.FollowerState (FollowerState.java:run(117)) - 88be3607-7667-471c-9070-7dfd13eb5ac8@group-20FCFA0487C4-FollowerState was interrupted: java.lang.InterruptedException: sleep interrupted
2019-10-19 01:14:43,461 [grpc-default-executor-3] INFO  impl.RoleInfo (RoleInfo.java:updateAndGet(143)) - 88be3607-7667-471c-9070-7dfd13eb5ac8: start FollowerState
2019-10-19 01:14:43,474 [9c2d914d-67b1-4af9-8080-4d6ee007b506@group-20FCFA0487C4-LeaderElection927] INFO  impl.LeaderElection (LeaderElection.java:logAndReturn(56)) - 9c2d914d-67b1-4af9-8080-4d6ee007b506@group-20FCFA0487C4-LeaderElection927: Election REJECTED; received 2 response(s) [9c2d914d-67b1-4af9-8080-4d6ee007b506<-88be3607-7667-471c-9070-7dfd13eb5ac8#0:FAIL-t164, 9c2d914d-67b1-4af9-8080-4d6ee007b506<-61d0b7dc-5f8b-422f-8693-c58167224d24#0:FAIL-t164] and 0 exception(s); 9c2d914d-67b1-4af9-8080-4d6ee007b506@group-20FCFA0487C4:t164, leader=null, voted=9c2d914d-67b1-4af9-8080-4d6ee007b506, raftlog=9c2d914d-67b1-4af9-8080-4d6ee007b506@group-20FCFA0487C4-SegmentedRaftLog:OPENED:c-1,f-1,i0, conf=-1: [88be3607-7667-471c-9070-7dfd13eb5ac8:192.168.69.71:32925, 9c2d914d-67b1-4af9-8080-4d6ee007b506:192.168.69.71:35462, 61d0b7dc-5f8b-422f-8693-c58167224d24:192.168.69.71:43479], old=null
2019-10-19 01:14:43,474 [9c2d914d-67b1-4af9-8080-4d6ee007b506@group-20FCFA0487C4-LeaderElection927] INFO  impl.RaftServerImpl (RaftServerImpl.java:setRole(184)) - 9c2d914d-67b1-4af9-8080-4d6ee007b506@group-20FCFA0487C4: changes role from CANDIDATE to FOLLOWER at term 164 for DISCOVERED_A_NEW_TERM
2019-10-19 01:14:43,474 [9c2d914d-67b1-4af9-8080-4d6ee007b506@group-20FCFA0487C4-LeaderElection927] INFO  impl.RoleInfo (RoleInfo.java:shutdownLeaderElection(134)) - 9c2d914d-67b1-4af9-8080-4d6ee007b506: shutdown LeaderElection
2019-10-19 01:14:43,475 [9c2d914d-67b1-4af9-8080-4d6ee007b506@group-20FCFA0487C4-LeaderElection927] INFO  impl.RoleInfo (RoleInfo.java:updateAndGet(143)) - 9c2d914d-67b1-4af9-8080-4d6ee007b506: start FollowerState
2019-10-19 01:14:43,494 [Thread-8412] INFO  impl.FollowerState (FollowerState.java:run(108)) - f143d5cf-4038-4fa8-8601-f5a45f16ca3e@group-A3037D40E172-FollowerState: change to CANDIDATE, lastRpcTime:66ms, electionTimeout:66ms
2019-10-19 01:14:43,494 [Thread-8412] INFO  impl.RoleInfo (RoleInfo.java:shutdownFollowerState(121)) - f143d5cf-4038-4fa8-8601-f5a45f16ca3e: shutdown FollowerState
2019-10-19 01:14:43,494 [Thread-8412] INFO  impl.RaftServerImpl (RaftServerImpl.java:setRole(184)) - f143d5cf-4038-4fa8-8601-f5a45f16ca3e@group-A3037D40E172: changes role from  FOLLOWER to CANDIDATE at term 170 for changeToCandidate
2019-10-19 01:14:43,494 [Thread-8412] INFO  impl.RoleInfo (RoleInfo.java:updateAndGet(143)) - f143d5cf-4038-4fa8-8601-f5a45f16ca3e: start LeaderElection
2019-10-19 01:14:43,508 [f143d5cf-4038-4fa8-8601-f5a45f16ca3e@group-A3037D40E172-LeaderElection928] INFO  impl.LeaderElection (LeaderElection.java:askForVotes(178)) - f143d5cf-4038-4fa8-8601-f5a45f16ca3e@group-A3037D40E172-LeaderElection928: begin an election at term 171 for -1: [f143d5cf-4038-4fa8-8601-f5a45f16ca3e:192.168.69.71:40169, 2543ffea-c5c6-4af0-856f-eb846bad755a:192.168.69.71:45287, 61d14648-e80d-4cd8-9e7c-6deb2f21aca8:192.168.69.71:42247], old=null
2019-10-19 01:14:43,509 [grpc-default-executor-3] INFO  impl.RaftServerImpl (RaftServerImpl.java:setRole(184)) - 2543ffea-c5c6-4af0-856f-eb846bad755a@group-A3037D40E172: changes role from  FOLLOWER to FOLLOWER at term 171 for recognizeCandidate:f143d5cf-4038-4fa8-8601-f5a45f16ca3e
2019-10-19 01:14:43,510 [grpc-default-executor-3] INFO  impl.RoleInfo (RoleInfo.java:shutdownFollowerState(121)) - 2543ffea-c5c6-4af0-856f-eb846bad755a: shutdown FollowerState
2019-10-19 01:14:43,510 [grpc-default-executor-3] INFO  impl.RoleInfo (RoleInfo.java:updateAndGet(143)) - 2543ffea-c5c6-4af0-856f-eb846bad755a: start FollowerState
2019-10-19 01:14:43,510 [grpc-default-executor-10] INFO  impl.RaftServerImpl (RaftServerImpl.java:setRole(184)) - 61d14648-e80d-4cd8-9e7c-6deb2f21aca8@group-A3037D40E172: changes role from  FOLLOWER to FOLLOWER at term 171 for recognizeCandidate:f143d5cf-4038-4fa8-8601-f5a45f16ca3e
2019-10-19 01:14:43,510 [grpc-default-executor-10] INFO  impl.RoleInfo (RoleInfo.java:shutdownFollowerState(121)) - 61d14648-e80d-4cd8-9e7c-6deb2f21aca8: shutdown FollowerState
2019-10-19 01:14:43,510 [Thread-8410] INFO  impl.FollowerState (FollowerState.java:run(117)) - 2543ffea-c5c6-4af0-856f-eb846bad755a@group-A3037D40E172-FollowerState was interrupted: java.lang.InterruptedException: sleep interrupted
2019-10-19 01:14:43,510 [Thread-8409] INFO  impl.FollowerState (FollowerState.java:run(117)) - 61d14648-e80d-4cd8-9e7c-6deb2f21aca8@group-A3037D40E172-FollowerState was interrupted: java.lang.InterruptedException: sleep interrupted
2019-10-19 01:14:43,510 [grpc-default-executor-10] INFO  impl.RoleInfo (RoleInfo.java:updateAndGet(143)) - 61d14648-e80d-4cd8-9e7c-6deb2f21aca8: start FollowerState
2019-10-19 01:14:43,524 [f143d5cf-4038-4fa8-8601-f5a45f16ca3e@group-A3037D40E172-LeaderElection928] INFO  impl.LeaderElection (LeaderElection.java:logAndReturn(56)) - f143d5cf-4038-4fa8-8601-f5a45f16ca3e@group-A3037D40E172-LeaderElection928: Election REJECTED; received 2 response(s) [f143d5cf-4038-4fa8-8601-f5a45f16ca3e<-2543ffea-c5c6-4af0-856f-eb846bad755a#0:FAIL-t171, f143d5cf-4038-4fa8-8601-f5a45f16ca3e<-61d14648-e80d-4cd8-9e7c-6deb2f21aca8#0:FAIL-t171] and 0 exception(s); f143d5cf-4038-4fa8-8601-f5a45f16ca3e@group-A3037D40E172:t171, leader=null, voted=f143d5cf-4038-4fa8-8601-f5a45f16ca3e, raftlog=f143d5cf-4038-4fa8-8601-f5a45f16ca3e@group-A3037D40E172-SegmentedRaftLog:OPENED:c-1,f-1,i0, conf=-1: [f143d5cf-4038-4fa8-8601-f5a45f16ca3e:192.168.69.71:40169, 2543ffea-c5c6-4af0-856f-eb846bad755a:192.168.69.71:45287, 61d14648-e80d-4cd8-9e7c-6deb2f21aca8:192.168.69.71:42247], old=null
2019-10-19 01:14:43,524 [f143d5cf-4038-4fa8-8601-f5a45f16ca3e@group-A3037D40E172-LeaderElection928] INFO  impl.RaftServerImpl (RaftServerImpl.java:setRole(184)) - f143d5cf-4038-4fa8-8601-f5a45f16ca3e@group-A3037D40E172: changes role from CANDIDATE to FOLLOWER at term 171 for DISCOVERED_A_NEW_TERM
2019-10-19 01:14:43,524 [f143d5cf-4038-4fa8-8601-f5a45f16ca3e@group-A3037D40E172-LeaderElection928] INFO  impl.RoleInfo (RoleInfo.java:shutdownLeaderElection(134)) - f143d5cf-4038-4fa8-8601-f5a45f16ca3e: shutdown LeaderElection
2019-10-19 01:14:43,524 [f143d5cf-4038-4fa8-8601-f5a45f16ca3e@group-A3037D40E172-LeaderElection928] INFO  impl.RoleInfo (RoleInfo.java:updateAndGet(143)) - f143d5cf-4038-4fa8-8601-f5a45f16ca3e: start FollowerState
2019-10-19 01:14:43,633 [Thread-8419] INFO  impl.FollowerState (FollowerState.java:run(108)) - 9c2d914d-67b1-4af9-8080-4d6ee007b506@group-20FCFA0487C4-FollowerState: change to CANDIDATE, lastRpcTime:158ms, electionTimeout:158ms
2019-10-19 01:14:43,633 [Thread-8419] INFO  impl.RoleInfo (RoleInfo.java:shutdownFollowerState(121)) - 9c2d914d-67b1-4af9-8080-4d6ee007b506: shutdown FollowerState
2019-10-19 01:14:43,633 [Thread-8419] INFO  impl.RaftServerImpl (RaftServerImpl.java:setRole(184)) - 9c2d914d-67b1-4af9-8080-4d6ee007b506@group-20FCFA0487C4: changes role from  FOLLOWER to CANDIDATE at term 164 for changeToCandidate
2019-10-19 01:14:43,633 [Thread-8419] INFO  impl.RoleInfo (RoleInfo.java:updateAndGet(143)) - 9c2d914d-67b1-4af9-8080-4d6ee007b506: start LeaderElection
2019-10-19 01:14:43,646 [9c2d914d-67b1-4af9-8080-4d6ee007b506@group-20FCFA0487C4-LeaderElection929] INFO  impl.LeaderElection (LeaderElection.java:askForVotes(178)) - 9c2d914d-67b1-4af9-8080-4d6ee007b506@group-20FCFA0487C4-LeaderElection929: begin an election at term 165 for -1: [88be3607-7667-471c-9070-7dfd13eb5ac8:192.168.69.71:32925, 9c2d914d-67b1-4af9-8080-4d6ee007b506:192.168.69.71:35462, 61d0b7dc-5f8b-422f-8693-c58167224d24:192.168.69.71:43479], old=null
2019-10-19 01:14:43,647 [grpc-default-executor-3] INFO  impl.RaftServerImpl (RaftServerImpl.java:setRole(184)) - 88be3607-7667-471c-9070-7dfd13eb5ac8@group-20FCFA0487C4: changes role from  FOLLOWER to FOLLOWER at term 165 for recognizeCandidate:9c2d914d-67b1-4af9-8080-4d6ee007b506
2019-10-19 01:14:43,648 [grpc-default-executor-10] INFO  impl.RaftServerImpl (RaftServerImpl.java:setRole(184)) - 61d0b7dc-5f8b-422f-8693-c58167224d24@group-20FCFA0487C4: changes role from  FOLLOWER to FOLLOWER at term 165 for recognizeCandidate:9c2d914d-67b1-4af9-8080-4d6ee007b506
2019-10-19 01:14:43,648 [grpc-default-executor-10] INFO  impl.RoleInfo (RoleInfo.java:shutdownFollowerState(121)) - 61d0b7dc-5f8b-422f-8693-c58167224d24: shutdown FollowerState
2019-10-19 01:14:43,648 [grpc-default-executor-3] INFO  impl.RoleInfo (RoleInfo.java:shutdownFollowerState(121)) - 88be3607-7667-471c-9070-7dfd13eb5ac8: shutdown FollowerState
2019-10-19 01:14:43,648 [Thread-8417] INFO  impl.FollowerState (FollowerState.java:run(117)) - 61d0b7dc-5f8b-422f-8693-c58167224d24@group-20FCFA0487C4-FollowerState was interrupted: java.lang.InterruptedException: sleep interrupted
2019-10-19 01:14:43,648 [Thread-8418] INFO  impl.FollowerState (FollowerState.java:run(117)) - 88be3607-7667-471c-9070-7dfd13eb5ac8@group-20FCFA0487C4-FollowerState was interrupted: java.lang.InterruptedException: sleep interrupted
2019-10-19 01:14:43,648 [grpc-default-executor-10] INFO  impl.RoleInfo (RoleInfo.java:updateAndGet(143)) - 61d0b7dc-5f8b-422f-8693-c58167224d24: start FollowerState
2019-10-19 01:14:43,648 [grpc-default-executor-3] INFO  impl.RoleInfo (RoleInfo.java:updateAndGet(143)) - 88be3607-7667-471c-9070-7dfd13eb5ac8: start FollowerState
2019-10-19 01:14:43,661 [9c2d914d-67b1-4af9-8080-4d6ee007b506@group-20FCFA0487C4-LeaderElection929] INFO  impl.LeaderElection (LeaderElection.java:logAndReturn(56)) - 9c2d914d-67b1-4af9-8080-4d6ee007b506@group-20FCFA0487C4-LeaderElection929: Election REJECTED; received 2 response(s) [9c2d914d-67b1-4af9-8080-4d6ee007b506<-88be3607-7667-471c-9070-7dfd13eb5ac8#0:FAIL-t165, 9c2d914d-67b1-4af9-8080-4d6ee007b506<-61d0b7dc-5f8b-422f-8693-c58167224d24#0:FAIL-t165] and 0 exception(s); 9c2d914d-67b1-4af9-8080-4d6ee007b506@group-20FCFA0487C4:t165, leader=null, voted=9c2d914d-67b1-4af9-8080-4d6ee007b506, raftlog=9c2d914d-67b1-4af9-8080-4d6ee007b506@group-20FCFA0487C4-SegmentedRaftLog:OPENED:c-1,f-1,i0, conf=-1: [88be3607-7667-471c-9070-7dfd13eb5ac8:192.168.69.71:32925, 9c2d914d-67b1-4af9-8080-4d6ee007b506:192.168.69.71:35462, 61d0b7dc-5f8b-422f-8693-c58167224d24:192.168.69.71:43479], old=null
2019-10-19 01:14:43,662 [9c2d914d-67b1-4af9-8080-4d6ee007b506@group-20FCFA0487C4-LeaderElection929] INFO  impl.RaftServerImpl (RaftServerImpl.java:setRole(184)) - 9c2d914d-67b1-4af9-8080-4d6ee007b506@group-20FCFA0487C4: changes role from CANDIDATE to FOLLOWER at term 165 for DISCOVERED_A_NEW_TERM
2019-10-19 01:14:43,662 [9c2d914d-67b1-4af9-8080-4d6ee007b506@group-20FCFA0487C4-LeaderElection929] INFO  impl.RoleInfo (RoleInfo.java:shutdownLeaderElection(134)) - 9c2d914d-67b1-4af9-8080-4d6ee007b506: shutdown LeaderElection
2019-10-19 01:14:43,662 [9c2d914d-67b1-4af9-8080-4d6ee007b506@group-20FCFA0487C4-LeaderElection929] INFO  impl.RoleInfo (RoleInfo.java:updateAndGet(143)) - 9c2d914d-67b1-4af9-8080-4d6ee007b506: start FollowerState
2019-10-19 01:14:43,698 [Thread-8425] INFO  impl.FollowerState (FollowerState.java:run(108)) - f143d5cf-4038-4fa8-8601-f5a45f16ca3e@group-A3037D40E172-FollowerState: change to CANDIDATE, lastRpcTime:174ms, electionTimeout:174ms
2019-10-19 01:14:43,699 [Thread-8425] INFO  impl.RoleInfo (RoleInfo.java:shutdownFollowerState(121)) - f143d5cf-4038-4fa8-8601-f5a45f16ca3e: shutdown FollowerState
2019-10-19 01:14:43,699 [Thread-8425] INFO  impl.RaftServerImpl (RaftServerImpl.java:setRole(184)) - f143d5cf-4038-4fa8-8601-f5a45f16ca3e@group-A3037D40E172: changes role from  FOLLOWER to CANDIDATE at term 171 for changeToCandidate
2019-10-19 01:14:43,699 [Thread-8425] INFO  impl.RoleInfo (RoleInfo.java:updateAndGet(143)) - f143d5cf-4038-4fa8-8601-f5a45f16ca3e: start LeaderElection
2019-10-19 01:14:43,713 [f143d5cf-4038-4fa8-8601-f5a45f16ca3e@group-A3037D40E172-LeaderElection930] INFO  impl.LeaderElection (LeaderElection.java:askForVotes(178)) - f143d5cf-4038-4fa8-8601-f5a45f16ca3e@group-A3037D40E172-LeaderElection930: begin an election at term 172 for -1: [f143d5cf-4038-4fa8-8601-f5a45f16ca3e:192.168.69.71:40169, 2543ffea-c5c6-4af0-856f-eb846bad755a:192.168.69.71:45287, 61d14648-e80d-4cd8-9e7c-6deb2f21aca8:192.168.69.71:42247], old=null
2019-10-19 01:14:43,714 [grpc-default-executor-3] INFO  impl.RaftServerImpl (RaftServerImpl.java:setRole(184)) - 61d14648-e80d-4cd8-9e7c-6deb2f21aca8@group-A3037D40E172: changes role from  FOLLOWER to FOLLOWER at term 172 for recognizeCandidate:f143d5cf-4038-4fa8-8601-f5a45f16ca3e
2019-10-19 01:14:43,714 [grpc-default-executor-3] INFO  impl.RoleInfo (RoleInfo.java:shutdownFollowerState(121)) - 61d14648-e80d-4cd8-9e7c-6deb2f21aca8: shutdown FollowerState
2019-10-19 01:14:43,714 [grpc-default-executor-3] INFO  impl.RoleInfo (RoleInfo.java:updateAndGet(143)) - 61d14648-e80d-4cd8-9e7c-6deb2f21aca8: start FollowerState
2019-10-19 01:14:43,714 [Thread-8424] INFO  impl.FollowerState (FollowerState.java:run(117)) - 61d14648-e80d-4cd8-9e7c-6deb2f21aca8@group-A3037D40E172-FollowerState was interrupted: java.lang.InterruptedException: sleep interrupted
2019-10-19 01:14:43,714 [grpc-default-executor-10] INFO  impl.RaftServerImpl (RaftServerImpl.java:setRole(184)) - 2543ffea-c5c6-4af0-856f-eb846bad755a@group-A3037D40E172: changes role from  FOLLOWER to FOLLOWER at term 172 for recognizeCandidate:f143d5cf-4038-4fa8-8601-f5a45f16ca3e
2019-10-19 01:14:43,715 [grpc-default-executor-10] INFO  impl.RoleInfo (RoleInfo.java:shutdownFollowerState(121)) - 2543ffea-c5c6-4af0-856f-eb846bad755a: shutdown FollowerState
2019-10-19 01:14:43,715 [grpc-default-executor-10] INFO  impl.RoleInfo (RoleInfo.java:updateAndGet(143)) - 2543ffea-c5c6-4af0-856f-eb846bad755a: start FollowerState
2019-10-19 01:14:43,715 [Thread-8423] INFO  impl.FollowerState (FollowerState.java:run(117)) - 2543ffea-c5c6-4af0-856f-eb846bad755a@group-A3037D40E172-FollowerState was interrupted: java.lang.InterruptedException: sleep interrupted
2019-10-19 01:14:43,728 [f143d5cf-4038-4fa8-8601-f5a45f16ca3e@group-A3037D40E172-LeaderElection930] INFO  impl.LeaderElection (LeaderElection.java:logAndReturn(56)) - f143d5cf-4038-4fa8-8601-f5a45f16ca3e@group-A3037D40E172-LeaderElection930: Election REJECTED; received 2 response(s) [f143d5cf-4038-4fa8-8601-f5a45f16ca3e<-2543ffea-c5c6-4af0-856f-eb846bad755a#0:FAIL-t172, f143d5cf-4038-4fa8-8601-f5a45f16ca3e<-61d14648-e80d-4cd8-9e7c-6deb2f21aca8#0:FAIL-t172] and 0 exception(s); f143d5cf-4038-4fa8-8601-f5a45f16ca3e@group-A3037D40E172:t172, leader=null, voted=f143d5cf-4038-4fa8-8601-f5a45f16ca3e, raftlog=f143d5cf-4038-4fa8-8601-f5a45f16ca3e@group-A3037D40E172-SegmentedRaftLog:OPENED:c-1,f-1,i0, conf=-1: [f143d5cf-4038-4fa8-8601-f5a45f16ca3e:192.168.69.71:40169, 2543ffea-c5c6-4af0-856f-eb846bad755a:192.168.69.71:45287, 61d14648-e80d-4cd8-9e7c-6deb2f21aca8:192.168.69.71:42247], old=null
2019-10-19 01:14:43,728 [f143d5cf-4038-4fa8-8601-f5a45f16ca3e@group-A3037D40E172-LeaderElection930] INFO  impl.RaftServerImpl (RaftServerImpl.java:setRole(184)) - f143d5cf-4038-4fa8-8601-f5a45f16ca3e@group-A3037D40E172: changes role from CANDIDATE to FOLLOWER at term 172 for DISCOVERED_A_NEW_TERM
2019-10-19 01:14:43,728 [f143d5cf-4038-4fa8-8601-f5a45f16ca3e@group-A3037D40E172-LeaderElection930] INFO  impl.RoleInfo (RoleInfo.java:shutdownLeaderElection(134)) - f143d5cf-4038-4fa8-8601-f5a45f16ca3e: shutdown LeaderElection
2019-10-19 01:14:43,728 [f143d5cf-4038-4fa8-8601-f5a45f16ca3e@group-A3037D40E172-LeaderElection930] INFO  impl.RoleInfo (RoleInfo.java:updateAndGet(143)) - f143d5cf-4038-4fa8-8601-f5a45f16ca3e: start FollowerState
2019-10-19 01:14:43,730 [Thread-8431] INFO  impl.FollowerState (FollowerState.java:run(108)) - 9c2d914d-67b1-4af9-8080-4d6ee007b506@group-20FCFA0487C4-FollowerState: change to CANDIDATE, lastRpcTime:68ms, electionTimeout:68ms
2019-10-19 01:14:43,731 [Thread-8431] INFO  impl.RoleInfo (RoleInfo.java:shutdownFollowerState(121)) - 9c2d914d-67b1-4af9-8080-4d6ee007b506: shutdown FollowerState
2019-10-19 01:14:43,731 [Thread-8431] INFO  impl.RaftServerImpl (RaftServerImpl.java:setRole(184)) - 9c2d914d-67b1-4af9-8080-4d6ee007b506@group-20FCFA0487C4: changes role from  FOLLOWER to CANDIDATE at term 165 for changeToCandidate
2019-10-19 01:14:43,731 [Thread-8431] INFO  impl.RoleInfo (RoleInfo.java:updateAndGet(143)) - 9c2d914d-67b1-4af9-8080-4d6ee007b506: start LeaderElection
2019-10-19 01:14:43,743 [9c2d914d-67b1-4af9-8080-4d6ee007b506@group-20FCFA0487C4-LeaderElection931] INFO  impl.LeaderElection (LeaderElection.java:askForVotes(178)) - 9c2d914d-67b1-4af9-8080-4d6ee007b506@group-20FCFA0487C4-LeaderElection931: begin an election at term 166 for -1: [88be3607-7667-471c-9070-7dfd13eb5ac8:192.168.69.71:32925, 9c2d914d-67b1-4af9-8080-4d6ee007b506:192.168.69.71:35462, 61d0b7dc-5f8b-422f-8693-c58167224d24:192.168.69.71:43479], old=null
2019-10-19 01:14:43,744 [grpc-default-executor-3] INFO  impl.RaftServerImpl (RaftServerImpl.java:setRole(184)) - 88be3607-7667-471c-9070-7dfd13eb5ac8@group-20FCFA0487C4: changes role from  FOLLOWER to FOLLOWER at term 166 for recognizeCandidate:9c2d914d-67b1-4af9-8080-4d6ee007b506
2019-10-19 01:14:43,744 [grpc-default-executor-3] INFO  impl.RoleInfo (RoleInfo.java:shutdownFollowerState(121)) - 88be3607-7667-471c-9070-7dfd13eb5ac8: shutdown FollowerState
2019-10-19 01:14:43,744 [grpc-default-executor-10] INFO  impl.RaftServerImpl (RaftServerImpl.java:setRole(184)) - 61d0b7dc-5f8b-422f-8693-c58167224d24@group-20FCFA0487C4: changes role from  FOLLOWER to FOLLOWER at term 166 for recognizeCandidate:9c2d914d-67b1-4af9-8080-4d6ee007b506
2019-10-19 01:14:43,744 [grpc-default-executor-10] INFO  impl.RoleInfo (RoleInfo.java:shutdownFollowerState(121)) - 61d0b7dc-5f8b-422f-8693-c58167224d24: shutdown FollowerState
2019-10-19 01:14:43,744 [Thread-8430] INFO  impl.FollowerState (FollowerState.java:run(117)) - 88be3607-7667-471c-9070-7dfd13eb5ac8@group-20FCFA0487C4-FollowerState was interrupted: java.lang.InterruptedException: sleep interrupted
2019-10-19 01:14:43,744 [Thread-8429] INFO  impl.FollowerState (FollowerState.java:run(117)) - 61d0b7dc-5f8b-422f-8693-c58167224d24@group-20FCFA0487C4-FollowerState was interrupted: java.lang.InterruptedException: sleep interrupted
2019-10-19 01:14:43,744 [grpc-default-executor-3] INFO  impl.RoleInfo (RoleInfo.java:updateAndGet(143)) - 88be3607-7667-471c-9070-7dfd13eb5ac8: start FollowerState
2019-10-19 01:14:43,744 [grpc-default-executor-10] INFO  impl.RoleInfo (RoleInfo.java:updateAndGet(143)) - 61d0b7dc-5f8b-422f-8693-c58167224d24: start FollowerState
2019-10-19 01:14:43,759 [9c2d914d-67b1-4af9-8080-4d6ee007b506@group-20FCFA0487C4-LeaderElection931] INFO  impl.LeaderElection (LeaderElection.java:logAndReturn(56)) - 9c2d914d-67b1-4af9-8080-4d6ee007b506@group-20FCFA0487C4-LeaderElection931: Election REJECTED; received 2 response(s) [9c2d914d-67b1-4af9-8080-4d6ee007b506<-88be3607-7667-471c-9070-7dfd13eb5ac8#0:FAIL-t166, 9c2d914d-67b1-4af9-8080-4d6ee007b506<-61d0b7dc-5f8b-422f-8693-c58167224d24#0:FAIL-t166] and 0 exception(s); 9c2d914d-67b1-4af9-8080-4d6ee007b506@group-20FCFA0487C4:t166, leader=null, voted=9c2d914d-67b1-4af9-8080-4d6ee007b506, raftlog=9c2d914d-67b1-4af9-8080-4d6ee007b506@group-20FCFA0487C4-SegmentedRaftLog:OPENED:c-1,f-1,i0, conf=-1: [88be3607-7667-471c-9070-7dfd13eb5ac8:192.168.69.71:32925, 9c2d914d-67b1-4af9-8080-4d6ee007b506:192.168.69.71:35462, 61d0b7dc-5f8b-422f-8693-c58167224d24:192.168.69.71:43479], old=null
2019-10-19 01:14:43,760 [9c2d914d-67b1-4af9-8080-4d6ee007b506@group-20FCFA0487C4-LeaderElection931] INFO  impl.RaftServerImpl (RaftServerImpl.java:setRole(184)) - 9c2d914d-67b1-4af9-8080-4d6ee007b506@group-20FCFA0487C4: changes role from CANDIDATE to FOLLOWER at term 166 for DISCOVERED_A_NEW_TERM
2019-10-19 01:14:43,760 [9c2d914d-67b1-4af9-8080-4d6ee007b506@group-20FCFA0487C4-LeaderElection931] INFO  impl.RoleInfo (RoleInfo.java:shutdownLeaderElection(134)) - 9c2d914d-67b1-4af9-8080-4d6ee007b506: shutdown LeaderElection
2019-10-19 01:14:43,760 [9c2d914d-67b1-4af9-8080-4d6ee007b506@group-20FCFA0487C4-LeaderElection931] INFO  impl.RoleInfo (RoleInfo.java:updateAndGet(143)) - 9c2d914d-67b1-4af9-8080-4d6ee007b506: start FollowerState
2019-10-19 01:14:43,782 [Thread-8443] INFO  impl.FollowerState (FollowerState.java:run(108)) - 9c2d914d-67b1-4af9-8080-4d6ee007b506@group-20FCFA0487C4-FollowerState: change to CANDIDATE, lastRpcTime:22ms, electionTimeout:22ms
2019-10-19 01:14:43,782 [Thread-8443] INFO  impl.RoleInfo (RoleInfo.java:shutdownFollowerState(121)) - 9c2d914d-67b1-4af9-8080-4d6ee007b506: shutdown FollowerState
2019-10-19 01:14:43,782 [Thread-8443] INFO  impl.RaftServerImpl (RaftServerImpl.java:setRole(184)) - 9c2d914d-67b1-4af9-8080-4d6ee007b506@group-20FCFA0487C4: changes role from  FOLLOWER to CANDIDATE at term 166 for changeToCandidate
2019-10-19 01:14:43,782 [Thread-8443] INFO  impl.RoleInfo (RoleInfo.java:updateAndGet(143)) - 9c2d914d-67b1-4af9-8080-4d6ee007b506: start LeaderElection
2019-10-19 01:14:43,796 [9c2d914d-67b1-4af9-8080-4d6ee007b506@group-20FCFA0487C4-LeaderElection932] INFO  impl.LeaderElection (LeaderElection.java:askForVotes(178)) - 9c2d914d-67b1-4af9-8080-4d6ee007b506@group-20FCFA0487C4-LeaderElection932: begin an election at term 167 for -1: [88be3607-7667-471c-9070-7dfd13eb5ac8:192.168.69.71:32925, 9c2d914d-67b1-4af9-8080-4d6ee007b506:192.168.69.71:35462, 61d0b7dc-5f8b-422f-8693-c58167224d24:192.168.69.71:43479], old=null
2019-10-19 01:14:43,797 [grpc-default-executor-10] INFO  impl.RaftServerImpl (RaftServerImpl.java:setRole(184)) - 88be3607-7667-471c-9070-7dfd13eb5ac8@group-20FCFA0487C4: changes role from  FOLLOWER to FOLLOWER at term 167 for recognizeCandidate:9c2d914d-67b1-4af9-8080-4d6ee007b506
2019-10-19 01:14:43,797 [grpc-default-executor-3] INFO  impl.RaftServerImpl (RaftServerImpl.java:setRole(184)) - 61d0b7dc-5f8b-422f-8693-c58167224d24@group-20FCFA0487C4: changes role from  FOLLOWER to FOLLOWER at term 167 for recognizeCandidate:9c2d914d-67b1-4af9-8080-4d6ee007b506
2019-10-19 01:14:43,797 [grpc-default-executor-3] INFO  impl.RoleInfo (RoleInfo.java:shutdownFollowerState(121)) - 61d0b7dc-5f8b-422f-8693-c58167224d24: shutdown FollowerState
2019-10-19 01:14:43,797 [grpc-default-executor-10] INFO  impl.RoleInfo (RoleInfo.java:shutdownFollowerState(121)) - 88be3607-7667-471c-9070-7dfd13eb5ac8: shutdown FollowerState
2019-10-19 01:14:43,797 [Thread-8442] INFO  impl.FollowerState (FollowerState.java:run(117)) - 61d0b7dc-5f8b-422f-8693-c58167224d24@group-20FCFA0487C4-FollowerState was interrupted: java.lang.InterruptedException: sleep interrupted
2019-10-19 01:14:43,797 [grpc-default-executor-3] INFO  impl.RoleInfo (RoleInfo.java:updateAndGet(143)) - 61d0b7dc-5f8b-422f-8693-c58167224d24: start FollowerState
2019-10-19 01:14:43,797 [grpc-default-executor-10] INFO  impl.RoleInfo (RoleInfo.java:updateAndGet(143)) - 88be3607-7667-471c-9070-7dfd13eb5ac8: start FollowerState
2019-10-19 01:14:43,797 [Thread-8441] INFO  impl.FollowerState (FollowerState.java:run(117)) - 88be3607-7667-471c-9070-7dfd13eb5ac8@group-20FCFA0487C4-FollowerState was interrupted: java.lang.InterruptedException: sleep interrupted
2019-10-19 01:14:43,810 [9c2d914d-67b1-4af9-8080-4d6ee007b506@group-20FCFA0487C4-LeaderElection932] INFO  impl.LeaderElection (LeaderElection.java:logAndReturn(56)) - 9c2d914d-67b1-4af9-8080-4d6ee007b506@group-20FCFA0487C4-LeaderElection932: Election REJECTED; received 2 response(s) [9c2d914d-67b1-4af9-8080-4d6ee007b506<-88be3607-7667-471c-9070-7dfd13eb5ac8#0:FAIL-t167, 9c2d914d-67b1-4af9-8080-4d6ee007b506<-61d0b7dc-5f8b-422f-8693-c58167224d24#0:FAIL-t167] and 0 exception(s); 9c2d914d-67b1-4af9-8080-4d6ee007b506@group-20FCFA0487C4:t167, leader=null, voted=9c2d914d-67b1-4af9-8080-4d6ee007b506, raftlog=9c2d914d-67b1-4af9-8080-4d6ee007b506@group-20FCFA0487C4-SegmentedRaftLog:OPENED:c-1,f-1,i0, conf=-1: [88be3607-7667-471c-9070-7dfd13eb5ac8:192.168.69.71:32925, 9c2d914d-67b1-4af9-8080-4d6ee007b506:192.168.69.71:35462, 61d0b7dc-5f8b-422f-8693-c58167224d24:192.168.69.71:43479], old=null
2019-10-19 01:14:43,811 [9c2d914d-67b1-4af9-8080-4d6ee007b506@group-20FCFA0487C4-LeaderElection932] INFO  impl.RaftServerImpl (RaftServerImpl.java:setRole(184)) - 9c2d914d-67b1-4af9-8080-4d6ee007b506@group-20FCFA0487C4: changes role from CANDIDATE to FOLLOWER at term 167 for DISCOVERED_A_NEW_TERM
2019-10-19 01:14:43,811 [9c2d914d-67b1-4af9-8080-4d6ee007b506@group-20FCFA0487C4-LeaderElection932] INFO  impl.RoleInfo (RoleInfo.java:shutdownLeaderElection(134)) - 9c2d914d-67b1-4af9-8080-4d6ee007b506: shutdown LeaderElection
2019-10-19 01:14:43,811 [9c2d914d-67b1-4af9-8080-4d6ee007b506@group-20FCFA0487C4-LeaderElection932] INFO  impl.RoleInfo (RoleInfo.java:updateAndGet(143)) - 9c2d914d-67b1-4af9-8080-4d6ee007b506: start FollowerState
2019-10-19 01:14:43,818 [Thread-8437] INFO  impl.FollowerState (FollowerState.java:run(108)) - f143d5cf-4038-4fa8-8601-f5a45f16ca3e@group-A3037D40E172-FollowerState: change to CANDIDATE, lastRpcTime:89ms, electionTimeout:89ms
2019-10-19 01:14:43,818 [Thread-8437] INFO  impl.RoleInfo (RoleInfo.java:shutdownFollowerState(121)) - f143d5cf-4038-4fa8-8601-f5a45f16ca3e: shutdown FollowerState
2019-10-19 01:14:43,818 [Thread-8437] INFO  impl.RaftServerImpl (RaftServerImpl.java:setRole(184)) - f143d5cf-4038-4fa8-8601-f5a45f16ca3e@group-A3037D40E172: changes role from  FOLLOWER to CANDIDATE at term 172 for changeToCandidate
2019-10-19 01:14:43,818 [Thread-8437] INFO  impl.RoleInfo (RoleInfo.java:updateAndGet(143)) - f143d5cf-4038-4fa8-8601-f5a45f16ca3e: start LeaderElection
2019-10-19 01:14:43,831 [f143d5cf-4038-4fa8-8601-f5a45f16ca3e@group-A3037D40E172-LeaderElection933] INFO  impl.LeaderElection (LeaderElection.java:askForVotes(178)) - f143d5cf-4038-4fa8-8601-f5a45f16ca3e@group-A3037D40E172-LeaderElection933: begin an election at term 173 for -1: [f143d5cf-4038-4fa8-8601-f5a45f16ca3e:192.168.69.71:40169, 2543ffea-c5c6-4af0-856f-eb846bad755a:192.168.69.71:45287, 61d14648-e80d-4cd8-9e7c-6deb2f21aca8:192.168.69.71:42247], old=null
2019-10-19 01:14:43,832 [grpc-default-executor-3] INFO  impl.RaftServerImpl (RaftServerImpl.java:setRole(184)) - 2543ffea-c5c6-4af0-856f-eb846bad755a@group-A3037D40E172: changes role from  FOLLOWER to FOLLOWER at term 173 for recognizeCandidate:f143d5cf-4038-4fa8-8601-f5a45f16ca3e
2019-10-19 01:14:43,832 [grpc-default-executor-3] INFO  impl.RoleInfo (RoleInfo.java:shutdownFollowerState(121)) - 2543ffea-c5c6-4af0-856f-eb846bad755a: shutdown FollowerState
2019-10-19 01:14:43,832 [grpc-default-executor-10] INFO  impl.RaftServerImpl (RaftServerImpl.java:setRole(184)) - 61d14648-e80d-4cd8-9e7c-6deb2f21aca8@group-A3037D40E172: changes role from  FOLLOWER to FOLLOWER at term 173 for recognizeCandidate:f143d5cf-4038-4fa8-8601-f5a45f16ca3e
2019-10-19 01:14:43,832 [Thread-8436] INFO  impl.FollowerState (FollowerState.java:run(117)) - 2543ffea-c5c6-4af0-856f-eb846bad755a@group-A3037D40E172-FollowerState was interrupted: java.lang.InterruptedException: sleep interrupted
2019-10-19 01:14:43,832 [grpc-default-executor-3] INFO  impl.RoleInfo (RoleInfo.java:updateAndGet(143)) - 2543ffea-c5c6-4af0-856f-eb846bad755a: start FollowerState
2019-10-19 01:14:43,832 [grpc-default-executor-10] INFO  impl.RoleInfo (RoleInfo.java:shutdownFollowerState(121)) - 61d14648-e80d-4cd8-9e7c-6deb2f21aca8: shutdown FollowerState
2019-10-19 01:14:43,832 [grpc-default-executor-10] INFO  impl.RoleInfo (RoleInfo.java:updateAndGet(143)) - 61d14648-e80d-4cd8-9e7c-6deb2f21aca8: start FollowerState
2019-10-19 01:14:43,832 [Thread-8435] INFO  impl.FollowerState (FollowerState.java:run(117)) - 61d14648-e80d-4cd8-9e7c-6deb2f21aca8@group-A3037D40E172-FollowerState was interrupted: java.lang.InterruptedException: sleep interrupted
2019-10-19 01:14:43,846 [f143d5cf-4038-4fa8-8601-f5a45f16ca3e@group-A3037D40E172-LeaderElection933] INFO  impl.LeaderElection (LeaderElection.java:logAndReturn(56)) - f143d5cf-4038-4fa8-8601-f5a45f16ca3e@group-A3037D40E172-LeaderElection933: Election REJECTED; received 2 response(s) [f143d5cf-4038-4fa8-8601-f5a45f16ca3e<-2543ffea-c5c6-4af0-856f-eb846bad755a#0:FAIL-t173, f143d5cf-4038-4fa8-8601-f5a45f16ca3e<-61d14648-e80d-4cd8-9e7c-6deb2f21aca8#0:FAIL-t173] and 0 exception(s); f143d5cf-4038-4fa8-8601-f5a45f16ca3e@group-A3037D40E172:t173, leader=null, voted=f143d5cf-4038-4fa8-8601-f5a45f16ca3e, raftlog=f143d5cf-4038-4fa8-8601-f5a45f16ca3e@group-A3037D40E172-SegmentedRaftLog:OPENED:c-1,f-1,i0, conf=-1: [f143d5cf-4038-4fa8-8601-f5a45f16ca3e:192.168.69.71:40169, 2543ffea-c5c6-4af0-856f-eb846bad755a:192.168.69.71:45287, 61d14648-e80d-4cd8-9e7c-6deb2f21aca8:192.168.69.71:42247], old=null
2019-10-19 01:14:43,846 [f143d5cf-4038-4fa8-8601-f5a45f16ca3e@group-A3037D40E172-LeaderElection933] INFO  impl.RaftServerImpl (RaftServerImpl.java:setRole(184)) - f143d5cf-4038-4fa8-8601-f5a45f16ca3e@group-A3037D40E172: changes role from CANDIDATE to FOLLOWER at term 173 for DISCOVERED_A_NEW_TERM
2019-10-19 01:14:43,846 [f143d5cf-4038-4fa8-8601-f5a45f16ca3e@group-A3037D40E172-LeaderElection933] INFO  impl.RoleInfo (RoleInfo.java:shutdownLeaderElection(134)) - f143d5cf-4038-4fa8-8601-f5a45f16ca3e: shutdown LeaderElection
2019-10-19 01:14:43,846 [f143d5cf-4038-4fa8-8601-f5a45f16ca3e@group-A3037D40E172-LeaderElection933] INFO  impl.RoleInfo (RoleInfo.java:updateAndGet(143)) - f143d5cf-4038-4fa8-8601-f5a45f16ca3e: start FollowerState
2019-10-19 01:14:43,875 [Thread-8449] INFO  impl.FollowerState (FollowerState.java:run(108)) - 9c2d914d-67b1-4af9-8080-4d6ee007b506@group-20FCFA0487C4-FollowerState: change to CANDIDATE, lastRpcTime:64ms, electionTimeout:64ms
2019-10-19 01:14:43,875 [Thread-8449] INFO  impl.RoleInfo (RoleInfo.java:shutdownFollowerState(121)) - 9c2d914d-67b1-4af9-8080-4d6ee007b506: shutdown FollowerState
2019-10-19 01:14:43,875 [Thread-8449] INFO  impl.RaftServerImpl (RaftServerImpl.java:setRole(184)) - 9c2d914d-67b1-4af9-8080-4d6ee007b506@group-20FCFA0487C4: changes role from  FOLLOWER to CANDIDATE at term 167 for changeToCandidate
2019-10-19 01:14:43,875 [Thread-8449] INFO  impl.RoleInfo (RoleInfo.java:updateAndGet(143)) - 9c2d914d-67b1-4af9-8080-4d6ee007b506: start LeaderElection
2019-10-19 01:14:43,888 [9c2d914d-67b1-4af9-8080-4d6ee007b506@group-20FCFA0487C4-LeaderElection934] INFO  impl.LeaderElection (LeaderElection.java:askForVotes(178)) - 9c2d914d-67b1-4af9-8080-4d6ee007b506@group-20FCFA0487C4-LeaderElection934: begin an election at term 168 for -1: [88be3607-7667-471c-9070-7dfd13eb5ac8:192.168.69.71:32925, 9c2d914d-67b1-4af9-8080-4d6ee007b506:192.168.69.71:35462, 61d0b7dc-5f8b-422f-8693-c58167224d24:192.168.69.71:43479], old=null
2019-10-19 01:14:43,889 [grpc-default-executor-10] INFO  impl.RaftServerImpl (RaftServerImpl.java:setRole(184)) - 61d0b7dc-5f8b-422f-8693-c58167224d24@group-20FCFA0487C4: changes role from  FOLLOWER to FOLLOWER at term 168 for recognizeCandidate:9c2d914d-67b1-4af9-8080-4d6ee007b506
2019-10-19 01:14:43,889 [grpc-default-executor-10] INFO  impl.RoleInfo (RoleInfo.java:shutdownFollowerState(121)) - 61d0b7dc-5f8b-422f-8693-c58167224d24: shutdown FollowerState
2019-10-19 01:14:43,889 [grpc-default-executor-3] INFO  impl.RaftServerImpl (RaftServerImpl.java:setRole(184)) - 88be3607-7667-471c-9070-7dfd13eb5ac8@group-20FCFA0487C4: changes role from  FOLLOWER to FOLLOWER at term 168 for recognizeCandidate:9c2d914d-67b1-4af9-8080-4d6ee007b506
2019-10-19 01:14:43,889 [Thread-8447] INFO  impl.FollowerState (FollowerState.java:run(117)) - 61d0b7dc-5f8b-422f-8693-c58167224d24@group-20FCFA0487C4-FollowerState was interrupted: java.lang.InterruptedException: sleep interrupted
2019-10-19 01:14:43,889 [grpc-default-executor-10] INFO  impl.RoleInfo (RoleInfo.java:updateAndGet(143)) - 61d0b7dc-5f8b-422f-8693-c58167224d24: start FollowerState
2019-10-19 01:14:43,890 [grpc-default-executor-3] INFO  impl.RoleInfo (RoleInfo.java:shutdownFollowerState(121)) - 88be3607-7667-471c-9070-7dfd13eb5ac8: shutdown FollowerState
2019-10-19 01:14:43,890 [grpc-default-executor-3] INFO  impl.RoleInfo (RoleInfo.java:updateAndGet(143)) - 88be3607-7667-471c-9070-7dfd13eb5ac8: start FollowerState
2019-10-19 01:14:43,890 [Thread-8448] INFO  impl.FollowerState (FollowerState.java:run(117)) - 88be3607-7667-471c-9070-7dfd13eb5ac8@group-20FCFA0487C4-FollowerState was interrupted: java.lang.InterruptedException: sleep interrupted
2019-10-19 01:14:43,899 [Thread-8455] INFO  impl.FollowerState (FollowerState.java:run(108)) - f143d5cf-4038-4fa8-8601-f5a45f16ca3e@group-A3037D40E172-FollowerState: change to CANDIDATE, lastRpcTime:53ms, electionTimeout:53ms
2019-10-19 01:14:43,899 [Thread-8455] INFO  impl.RoleInfo (RoleInfo.java:shutdownFollowerState(121)) - f143d5cf-4038-4fa8-8601-f5a45f16ca3e: shutdown FollowerState
2019-10-19 01:14:43,899 [Thread-8455] INFO  impl.RaftServerImpl (RaftServerImpl.java:setRole(184)) - f143d5cf-4038-4fa8-8601-f5a45f16ca3e@group-A3037D40E172: changes role from  FOLLOWER to CANDIDATE at term 173 for changeToCandidate
2019-10-19 01:14:43,899 [Thread-8455] INFO  impl.RoleInfo (RoleInfo.java:updateAndGet(143)) - f143d5cf-4038-4fa8-8601-f5a45f16ca3e: start LeaderElection
2019-10-19 01:14:43,904 [f143d5cf-4038-4fa8-8601-f5a45f16ca3e@group-A3037D40E172-LeaderElection935] INFO  impl.LeaderElection (LeaderElection.java:askForVotes(178)) - f143d5cf-4038-4fa8-8601-f5a45f16ca3e@group-A3037D40E172-LeaderElection935: begin an election at term 174 for -1: [f143d5cf-4038-4fa8-8601-f5a45f16ca3e:192.168.69.71:40169, 2543ffea-c5c6-4af0-856f-eb846bad755a:192.168.69.71:45287, 61d14648-e80d-4cd8-9e7c-6deb2f21aca8:192.168.69.71:42247], old=null
2019-10-19 01:14:43,904 [9c2d914d-67b1-4af9-8080-4d6ee007b506@group-20FCFA0487C4-LeaderElection934] INFO  impl.LeaderElection (LeaderElection.java:logAndReturn(56)) - 9c2d914d-67b1-4af9-8080-4d6ee007b506@group-20FCFA0487C4-LeaderElection934: Election REJECTED; received 2 response(s) [9c2d914d-67b1-4af9-8080-4d6ee007b506<-88be3607-7667-471c-9070-7dfd13eb5ac8#0:FAIL-t168, 9c2d914d-67b1-4af9-8080-4d6ee007b506<-61d0b7dc-5f8b-422f-8693-c58167224d24#0:FAIL-t168] and 0 exception(s); 9c2d914d-67b1-4af9-8080-4d6ee007b506@group-20FCFA0487C4:t168, leader=null, voted=9c2d914d-67b1-4af9-8080-4d6ee007b506, raftlog=9c2d914d-67b1-4af9-8080-4d6ee007b506@group-20FCFA0487C4-SegmentedRaftLog:OPENED:c-1,f-1,i0, conf=-1: [88be3607-7667-471c-9070-7dfd13eb5ac8:192.168.69.71:32925, 9c2d914d-67b1-4af9-8080-4d6ee007b506:192.168.69.71:35462, 61d0b7dc-5f8b-422f-8693-c58167224d24:192.168.69.71:43479], old=null
2019-10-19 01:14:43,904 [9c2d914d-67b1-4af9-8080-4d6ee007b506@group-20FCFA0487C4-LeaderElection934] INFO  impl.RaftServerImpl (RaftServerImpl.java:setRole(184)) - 9c2d914d-67b1-4af9-8080-4d6ee007b506@group-20FCFA0487C4: changes role from CANDIDATE to FOLLOWER at term 168 for DISCOVERED_A_NEW_TERM
2019-10-19 01:14:43,904 [9c2d914d-67b1-4af9-8080-4d6ee007b506@group-20FCFA0487C4-LeaderElection934] INFO  impl.RoleInfo (RoleInfo.java:shutdownLeaderElection(134)) - 9c2d914d-67b1-4af9-8080-4d6ee007b506: shutdown LeaderElection
2019-10-19 01:14:43,904 [9c2d914d-67b1-4af9-8080-4d6ee007b506@group-20FCFA0487C4-LeaderElection934] INFO  impl.RoleInfo (RoleInfo.java:updateAndGet(143)) - 9c2d914d-67b1-4af9-8080-4d6ee007b506: start FollowerState
2019-10-19 01:14:43,905 [grpc-default-executor-3] INFO  impl.RaftServerImpl (RaftServerImpl.java:setRole(184)) - 2543ffea-c5c6-4af0-856f-eb846bad755a@group-A3037D40E172: changes role from  FOLLOWER to FOLLOWER at term 174 for recognizeCandidate:f143d5cf-4038-4fa8-8601-f5a45f16ca3e
2019-10-19 01:14:43,905 [grpc-default-executor-3] INFO  impl.RoleInfo (RoleInfo.java:shutdownFollowerState(121)) - 2543ffea-c5c6-4af0-856f-eb846bad755a: shutdown FollowerState
2019-10-19 01:14:43,905 [grpc-default-executor-3] INFO  impl.RoleInfo (RoleInfo.java:updateAndGet(143)) - 2543ffea-c5c6-4af0-856f-eb846bad755a: start FollowerState
2019-10-19 01:14:43,906 [Thread-8453] INFO  impl.FollowerState (FollowerState.java:run(117)) - 2543ffea-c5c6-4af0-856f-eb846bad755a@group-A3037D40E172-FollowerState was interrupted: java.lang.InterruptedException: sleep interrupted
2019-10-19 01:14:43,906 [grpc-default-executor-10] INFO  impl.RaftServerImpl (RaftServerImpl.java:setRole(184)) - 61d14648-e80d-4cd8-9e7c-6deb2f21aca8@group-A3037D40E172: changes role from  FOLLOWER to FOLLOWER at term 174 for recognizeCandidate:f143d5cf-4038-4fa8-8601-f5a45f16ca3e
2019-10-19 01:14:43,906 [grpc-default-executor-10] INFO  impl.RoleInfo (RoleInfo.java:shutdownFollowerState(121)) - 61d14648-e80d-4cd8-9e7c-6deb2f21aca8: shutdown FollowerState
2019-10-19 01:14:43,906 [grpc-default-executor-10] INFO  impl.RoleInfo (RoleInfo.java:updateAndGet(143)) - 61d14648-e80d-4cd8-9e7c-6deb2f21aca8: start FollowerState
2019-10-19 01:14:43,906 [Thread-8454] INFO  impl.FollowerState (FollowerState.java:run(117)) - 61d14648-e80d-4cd8-9e7c-6deb2f21aca8@group-A3037D40E172-FollowerState was interrupted: java.lang.InterruptedException: sleep interrupted
2019-10-19 01:14:43,920 [f143d5cf-4038-4fa8-8601-f5a45f16ca3e@group-A3037D40E172-LeaderElection935] INFO  impl.LeaderElection (LeaderElection.java:logAndReturn(56)) - f143d5cf-4038-4fa8-8601-f5a45f16ca3e@group-A3037D40E172-LeaderElection935: Election REJECTED; received 2 response(s) [f143d5cf-4038-4fa8-8601-f5a45f16ca3e<-2543ffea-c5c6-4af0-856f-eb846bad755a#0:FAIL-t174, f143d5cf-4038-4fa8-8601-f5a45f16ca3e<-61d14648-e80d-4cd8-9e7c-6deb2f21aca8#0:FAIL-t174] and 0 exception(s); f143d5cf-4038-4fa8-8601-f5a45f16ca3e@group-A3037D40E172:t174, leader=null, voted=f143d5cf-4038-4fa8-8601-f5a45f16ca3e, raftlog=f143d5cf-4038-4fa8-8601-f5a45f16ca3e@group-A3037D40E172-SegmentedRaftLog:OPENED:c-1,f-1,i0, conf=-1: [f143d5cf-4038-4fa8-8601-f5a45f16ca3e:192.168.69.71:40169, 2543ffea-c5c6-4af0-856f-eb846bad755a:192.168.69.71:45287, 61d14648-e80d-4cd8-9e7c-6deb2f21aca8:192.168.69.71:42247], old=null
2019-10-19 01:14:43,920 [f143d5cf-4038-4fa8-8601-f5a45f16ca3e@group-A3037D40E172-LeaderElection935] INFO  impl.RaftServerImpl (RaftServerImpl.java:setRole(184)) - f143d5cf-4038-4fa8-8601-f5a45f16ca3e@group-A3037D40E172: changes role from CANDIDATE to FOLLOWER at term 174 for DISCOVERED_A_NEW_TERM
2019-10-19 01:14:43,920 [f143d5cf-4038-4fa8-8601-f5a45f16ca3e@group-A3037D40E172-LeaderElection935] INFO  impl.RoleInfo (RoleInfo.java:shutdownLeaderElection(134)) - f143d5cf-4038-4fa8-8601-f5a45f16ca3e: shutdown LeaderElection
2019-10-19 01:14:43,920 [f143d5cf-4038-4fa8-8601-f5a45f16ca3e@group-A3037D40E172-LeaderElection935] INFO  impl.RoleInfo (RoleInfo.java:updateAndGet(143)) - f143d5cf-4038-4fa8-8601-f5a45f16ca3e: start FollowerState
2019-10-19 01:14:44,004 [Thread-8469] INFO  impl.FollowerState (FollowerState.java:run(108)) - f143d5cf-4038-4fa8-8601-f5a45f16ca3e@group-A3037D40E172-FollowerState: change to CANDIDATE, lastRpcTime:83ms, electionTimeout:83ms
2019-10-19 01:14:44,004 [Thread-8469] INFO  impl.RoleInfo (RoleInfo.java:shutdownFollowerState(121)) - f143d5cf-4038-4fa8-8601-f5a45f16ca3e: shutdown FollowerState
2019-10-19 01:14:44,004 [Thread-8469] INFO  impl.RaftServerImpl (RaftServerImpl.java:setRole(184)) - f143d5cf-4038-4fa8-8601-f5a45f16ca3e@group-A3037D40E172: changes role from  FOLLOWER to CANDIDATE at term 174 for changeToCandidate
2019-10-19 01:14:44,005 [Thread-8469] INFO  impl.RoleInfo (RoleInfo.java:updateAndGet(143)) - f143d5cf-4038-4fa8-8601-f5a45f16ca3e: start LeaderElection
2019-10-19 01:14:44,022 [f143d5cf-4038-4fa8-8601-f5a45f16ca3e@group-A3037D40E172-LeaderElection936] INFO  impl.LeaderElection (LeaderElection.java:askForVotes(178)) - f143d5cf-4038-4fa8-8601-f5a45f16ca3e@group-A3037D40E172-LeaderElection936: begin an election at term 175 for -1: [f143d5cf-4038-4fa8-8601-f5a45f16ca3e:192.168.69.71:40169, 2543ffea-c5c6-4af0-856f-eb846bad755a:192.168.69.71:45287, 61d14648-e80d-4cd8-9e7c-6deb2f21aca8:192.168.69.71:42247], old=null
2019-10-19 01:14:44,024 [grpc-default-executor-3] INFO  impl.RaftServerImpl (RaftServerImpl.java:setRole(184)) - 61d14648-e80d-4cd8-9e7c-6deb2f21aca8@group-A3037D40E172: changes role from  FOLLOWER to FOLLOWER at term 175 for recognizeCandidate:f143d5cf-4038-4fa8-8601-f5a45f16ca3e
2019-10-19 01:14:44,024 [grpc-default-executor-10] INFO  impl.RaftServerImpl (RaftServerImpl.java:setRole(184)) - 2543ffea-c5c6-4af0-856f-eb846bad755a@group-A3037D40E172: changes role from  FOLLOWER to FOLLOWER at term 175 for recognizeCandidate:f143d5cf-4038-4fa8-8601-f5a45f16ca3e
2019-10-19 01:14:44,024 [grpc-default-executor-10] INFO  impl.RoleInfo (RoleInfo.java:shutdownFollowerState(121)) - 2543ffea-c5c6-4af0-856f-eb846bad755a: shutdown FollowerState
2019-10-19 01:14:44,024 [grpc-default-executor-3] INFO  impl.RoleInfo (RoleInfo.java:shutdownFollowerState(121)) - 61d14648-e80d-4cd8-9e7c-6deb2f21aca8: shutdown FollowerState
2019-10-19 01:14:44,024 [Thread-8467] INFO  impl.FollowerState (FollowerState.java:run(117)) - 2543ffea-c5c6-4af0-856f-eb846bad755a@group-A3037D40E172-FollowerState was interrupted: java.lang.InterruptedException: sleep interrupted
2019-10-19 01:14:44,024 [Thread-8468] INFO  impl.FollowerState (FollowerState.java:run(117)) - 61d14648-e80d-4cd8-9e7c-6deb2f21aca8@group-A3037D40E172-FollowerState was interrupted: java.lang.InterruptedException: sleep interrupted
2019-10-19 01:14:44,024 [grpc-default-executor-10] INFO  impl.RoleInfo (RoleInfo.java:updateAndGet(143)) - 2543ffea-c5c6-4af0-856f-eb846bad755a: start FollowerState
2019-10-19 01:14:44,024 [grpc-default-executor-3] INFO  impl.RoleInfo (RoleInfo.java:updateAndGet(143)) - 61d14648-e80d-4cd8-9e7c-6deb2f21aca8: start FollowerState
2019-10-19 01:14:44,048 [f143d5cf-4038-4fa8-8601-f5a45f16ca3e@group-A3037D40E172-LeaderElection936] INFO  impl.LeaderElection (LeaderElection.java:logAndReturn(56)) - f143d5cf-4038-4fa8-8601-f5a45f16ca3e@group-A3037D40E172-LeaderElection936: Election TIMEOUT; received 0 response(s) [] and 0 exception(s); f143d5cf-4038-4fa8-8601-f5a45f16ca3e@group-A3037D40E172:t175, leader=null, voted=f143d5cf-4038-4fa8-8601-f5a45f16ca3e, raftlog=f143d5cf-4038-4fa8-8601-f5a45f16ca3e@group-A3037D40E172-SegmentedRaftLog:OPENED:c-1,f-1,i0, conf=-1: [f143d5cf-4038-4fa8-8601-f5a45f16ca3e:192.168.69.71:40169, 2543ffea-c5c6-4af0-856f-eb846bad755a:192.168.69.71:45287, 61d14648-e80d-4cd8-9e7c-6deb2f21aca8:192.168.69.71:42247], old=null
2019-10-19 01:14:44,052 [f143d5cf-4038-4fa8-8601-f5a45f16ca3e@group-A3037D40E172-LeaderElection936] INFO  impl.LeaderElection (LeaderElection.java:askForVotes(178)) - f143d5cf-4038-4fa8-8601-f5a45f16ca3e@group-A3037D40E172-LeaderElection936: begin an election at term 176 for -1: [f143d5cf-4038-4fa8-8601-f5a45f16ca3e:192.168.69.71:40169, 2543ffea-c5c6-4af0-856f-eb846bad755a:192.168.69.71:45287, 61d14648-e80d-4cd8-9e7c-6deb2f21aca8:192.168.69.71:42247], old=null
2019-10-19 01:14:44,053 [grpc-default-executor-3] INFO  impl.RaftServerImpl (RaftServerImpl.java:setRole(184)) - 2543ffea-c5c6-4af0-856f-eb846bad755a@group-A3037D40E172: changes role from  FOLLOWER to FOLLOWER at term 176 for recognizeCandidate:f143d5cf-4038-4fa8-8601-f5a45f16ca3e
2019-10-19 01:14:44,053 [grpc-default-executor-3] INFO  impl.RoleInfo (RoleInfo.java:shutdownFollowerState(121)) - 2543ffea-c5c6-4af0-856f-eb846bad755a: shutdown FollowerState
2019-10-19 01:14:44,053 [grpc-default-executor-10] INFO  impl.RaftServerImpl (RaftServerImpl.java:setRole(184)) - 61d14648-e80d-4cd8-9e7c-6deb2f21aca8@group-A3037D40E172: changes role from  FOLLOWER to FOLLOWER at term 176 for recognizeCandidate:f143d5cf-4038-4fa8-8601-f5a45f16ca3e
2019-10-19 01:14:44,053 [Thread-8473] INFO  impl.FollowerState (FollowerState.java:run(117)) - 2543ffea-c5c6-4af0-856f-eb846bad755a@group-A3037D40E172-FollowerState was interrupted: java.lang.InterruptedException: sleep interrupted
2019-10-19 01:14:44,053 [grpc-default-executor-3] INFO  impl.RoleInfo (RoleInfo.java:updateAndGet(143)) - 2543ffea-c5c6-4af0-856f-eb846bad755a: start FollowerState
2019-10-19 01:14:44,053 [grpc-default-executor-10] INFO  impl.RoleInfo (RoleInfo.java:shutdownFollowerState(121)) - 61d14648-e80d-4cd8-9e7c-6deb2f21aca8: shutdown FollowerState
2019-10-19 01:14:44,053 [grpc-default-executor-10] INFO  impl.RoleInfo (RoleInfo.java:updateAndGet(143)) - 61d14648-e80d-4cd8-9e7c-6deb2f21aca8: start FollowerState
2019-10-19 01:14:44,053 [Thread-8474] INFO  impl.FollowerState (FollowerState.java:run(117)) - 61d14648-e80d-4cd8-9e7c-6deb2f21aca8@group-A3037D40E172-FollowerState was interrupted: java.lang.InterruptedException: sleep interrupted
2019-10-19 01:14:44,067 [f143d5cf-4038-4fa8-8601-f5a45f16ca3e@group-A3037D40E172-LeaderElection936] INFO  impl.LeaderElection (LeaderElection.java:logAndReturn(56)) - f143d5cf-4038-4fa8-8601-f5a45f16ca3e@group-A3037D40E172-LeaderElection936: Election REJECTED; received 2 response(s) [f143d5cf-4038-4fa8-8601-f5a45f16ca3e<-2543ffea-c5c6-4af0-856f-eb846bad755a#0:FAIL-t176, f143d5cf-4038-4fa8-8601-f5a45f16ca3e<-61d14648-e80d-4cd8-9e7c-6deb2f21aca8#0:FAIL-t176] and 0 exception(s); f143d5cf-4038-4fa8-8601-f5a45f16ca3e@group-A3037D40E172:t176, leader=null, voted=f143d5cf-4038-4fa8-8601-f5a45f16ca3e, raftlog=f143d5cf-4038-4fa8-8601-f5a45f16ca3e@group-A3037D40E172-SegmentedRaftLog:OPENED:c-1,f-1,i0, conf=-1: [f143d5cf-4038-4fa8-8601-f5a45f16ca3e:192.168.69.71:40169, 2543ffea-c5c6-4af0-856f-eb846bad755a:192.168.69.71:45287, 61d14648-e80d-4cd8-9e7c-6deb2f21aca8:192.168.69.71:42247], old=null
2019-10-19 01:14:44,067 [f143d5cf-4038-4fa8-8601-f5a45f16ca3e@group-A3037D40E172-LeaderElection936] INFO  impl.RaftServerImpl (RaftServerImpl.java:setRole(184)) - f143d5cf-4038-4fa8-8601-f5a45f16ca3e@group-A3037D40E172: changes role from CANDIDATE to FOLLOWER at term 176 for DISCOVERED_A_NEW_TERM
2019-10-19 01:14:44,067 [f143d5cf-4038-4fa8-8601-f5a45f16ca3e@group-A3037D40E172-LeaderElection936] INFO  impl.RoleInfo (RoleInfo.java:shutdownLeaderElection(134)) - f143d5cf-4038-4fa8-8601-f5a45f16ca3e: shutdown LeaderElection
2019-10-19 01:14:44,067 [f143d5cf-4038-4fa8-8601-f5a45f16ca3e@group-A3037D40E172-LeaderElection936] INFO  impl.RoleInfo (RoleInfo.java:updateAndGet(143)) - f143d5cf-4038-4fa8-8601-f5a45f16ca3e: start FollowerState
2019-10-19 01:14:44,096 [Thread-8466] INFO  impl.FollowerState (FollowerState.java:run(108)) - 9c2d914d-67b1-4af9-8080-4d6ee007b506@group-20FCFA0487C4-FollowerState: change to CANDIDATE, lastRpcTime:191ms, electionTimeout:191ms
2019-10-19 01:14:44,096 [Thread-8466] INFO  impl.RoleInfo (RoleInfo.java:shutdownFollowerState(121)) - 9c2d914d-67b1-4af9-8080-4d6ee007b506: shutdown FollowerState
2019-10-19 01:14:44,096 [Thread-8466] INFO  impl.RaftServerImpl (RaftServerImpl.java:setRole(184)) - 9c2d914d-67b1-4af9-8080-4d6ee007b506@group-20FCFA0487C4: changes role from  FOLLOWER to CANDIDATE at term 168 for changeToCandidate
2019-10-19 01:14:44,096 [Thread-8466] INFO  impl.RoleInfo (RoleInfo.java:updateAndGet(143)) - 9c2d914d-67b1-4af9-8080-4d6ee007b506: start LeaderElection
2019-10-19 01:14:44,109 [9c2d914d-67b1-4af9-8080-4d6ee007b506@group-20FCFA0487C4-LeaderElection937] INFO  impl.LeaderElection (LeaderElection.java:askForVotes(178)) - 9c2d914d-67b1-4af9-8080-4d6ee007b506@group-20FCFA0487C4-LeaderElection937: begin an election at term 169 for -1: [88be3607-7667-471c-9070-7dfd13eb5ac8:192.168.69.71:32925, 9c2d914d-67b1-4af9-8080-4d6ee007b506:192.168.69.71:35462, 61d0b7dc-5f8b-422f-8693-c58167224d24:192.168.69.71:43479], old=null
2019-10-19 01:14:44,110 [grpc-default-executor-3] INFO  impl.RaftServerImpl (RaftServerImpl.java:setRole(184)) - 88be3607-7667-471c-9070-7dfd13eb5ac8@group-20FCFA0487C4: changes role from  FOLLOWER to FOLLOWER at term 169 for recognizeCandidate:9c2d914d-67b1-4af9-8080-4d6ee007b506
2019-10-19 01:14:44,110 [grpc-default-executor-10] INFO  impl.RaftServerImpl (RaftServerImpl.java:setRole(184)) - 61d0b7dc-5f8b-422f-8693-c58167224d24@group-20FCFA0487C4: changes role from  FOLLOWER to FOLLOWER at term 169 for recognizeCandidate:9c2d914d-67b1-4af9-8080-4d6ee007b506
2019-10-19 01:14:44,111 [grpc-default-executor-10] INFO  impl.RoleInfo (RoleInfo.java:shutdownFollowerState(121)) - 61d0b7dc-5f8b-422f-8693-c58167224d24: shutdown FollowerState
2019-10-19 01:14:44,111 [grpc-default-executor-3] INFO  impl.RoleInfo (RoleInfo.java:shutdownFollowerState(121)) - 88be3607-7667-471c-9070-7dfd13eb5ac8: shutdown FollowerState
2019-10-19 01:14:44,111 [grpc-default-executor-10] INFO  impl.RoleInfo (RoleInfo.java:updateAndGet(143)) - 61d0b7dc-5f8b-422f-8693-c58167224d24: start FollowerState
2019-10-19 01:14:44,111 [Thread-8459] INFO  impl.FollowerState (FollowerState.java:run(117)) - 61d0b7dc-5f8b-422f-8693-c58167224d24@group-20FCFA0487C4-FollowerState was interrupted: java.lang.InterruptedException: sleep interrupted
2019-10-19 01:14:44,111 [Thread-8460] INFO  impl.FollowerState (FollowerState.java:run(117)) - 88be3607-7667-471c-9070-7dfd13eb5ac8@group-20FCFA0487C4-FollowerState was interrupted: java.lang.InterruptedException: sleep interrupted
2019-10-19 01:14:44,111 [grpc-default-executor-3] INFO  impl.RoleInfo (RoleInfo.java:updateAndGet(143)) - 88be3607-7667-471c-9070-7dfd13eb5ac8: start FollowerState
2019-10-19 01:14:44,125 [9c2d914d-67b1-4af9-8080-4d6ee007b506@group-20FCFA0487C4-LeaderElection937] INFO  impl.LeaderElection (LeaderElection.java:logAndReturn(56)) - 9c2d914d-67b1-4af9-8080-4d6ee007b506@group-20FCFA0487C4-LeaderElection937: Election REJECTED; received 2 response(s) [9c2d914d-67b1-4af9-8080-4d6ee007b506<-88be3607-7667-471c-9070-7dfd13eb5ac8#0:FAIL-t169, 9c2d914d-67b1-4af9-8080-4d6ee007b506<-61d0b7dc-5f8b-422f-8693-c58167224d24#0:FAIL-t169] and 0 exception(s); 9c2d914d-67b1-4af9-8080-4d6ee007b506@group-20FCFA0487C4:t169, leader=null, voted=9c2d914d-67b1-4af9-8080-4d6ee007b506, raftlog=9c2d914d-67b1-4af9-8080-4d6ee007b506@group-20FCFA0487C4-SegmentedRaftLog:OPENED:c-1,f-1,i0, conf=-1: [88be3607-7667-471c-9070-7dfd13eb5ac8:192.168.69.71:32925, 9c2d914d-67b1-4af9-8080-4d6ee007b506:192.168.69.71:35462, 61d0b7dc-5f8b-422f-8693-c58167224d24:192.168.69.71:43479], old=null
2019-10-19 01:14:44,125 [9c2d914d-67b1-4af9-8080-4d6ee007b506@group-20FCFA0487C4-LeaderElection937] INFO  impl.RaftServerImpl (RaftServerImpl.java:setRole(184)) - 9c2d914d-67b1-4af9-8080-4d6ee007b506@group-20FCFA0487C4: changes role from CANDIDATE to FOLLOWER at term 169 for DISCOVERED_A_NEW_TERM
2019-10-19 01:14:44,125 [9c2d914d-67b1-4af9-8080-4d6ee007b506@group-20FCFA0487C4-LeaderElection937] INFO  impl.RoleInfo (RoleInfo.java:shutdownLeaderElection(134)) - 9c2d914d-67b1-4af9-8080-4d6ee007b506: shutdown LeaderElection
2019-10-19 01:14:44,125 [9c2d914d-67b1-4af9-8080-4d6ee007b506@group-20FCFA0487C4-LeaderElection937] INFO  impl.RoleInfo (RoleInfo.java:updateAndGet(143)) - 9c2d914d-67b1-4af9-8080-4d6ee007b506: start FollowerState
2019-10-19 01:14:44,243 [Thread-8479] INFO  impl.FollowerState (FollowerState.java:run(108)) - f143d5cf-4038-4fa8-8601-f5a45f16ca3e@group-A3037D40E172-FollowerState: change to CANDIDATE, lastRpcTime:175ms, electionTimeout:175ms
2019-10-19 01:14:44,243 [Thread-8479] INFO  impl.RoleInfo (RoleInfo.java:shutdownFollowerState(121)) - f143d5cf-4038-4fa8-8601-f5a45f16ca3e: shutdown FollowerState
2019-10-19 01:14:44,243 [Thread-8479] INFO  impl.RaftServerImpl (RaftServerImpl.java:setRole(184)) - f143d5cf-4038-4fa8-8601-f5a45f16ca3e@group-A3037D40E172: changes role from  FOLLOWER to CANDIDATE at term 176 for changeToCandidate
2019-10-19 01:14:44,243 [Thread-8479] INFO  impl.RoleInfo (RoleInfo.java:updateAndGet(143)) - f143d5cf-4038-4fa8-8601-f5a45f16ca3e: start LeaderElection
2019-10-19 01:14:44,246 [Thread-8485] INFO  impl.FollowerState (FollowerState.java:run(108)) - 9c2d914d-67b1-4af9-8080-4d6ee007b506@group-20FCFA0487C4-FollowerState: change to CANDIDATE, lastRpcTime:120ms, electionTimeout:120ms
2019-10-19 01:14:44,246 [Thread-8485] INFO  impl.RoleInfo (RoleInfo.java:shutdownFollowerState(121)) - 9c2d914d-67b1-4af9-8080-4d6ee007b506: shutdown FollowerState
2019-10-19 01:14:44,246 [Thread-8485] INFO  impl.RaftServerImpl (RaftServerImpl.java:setRole(184)) - 9c2d914d-67b1-4af9-8080-4d6ee007b506@group-20FCFA0487C4: changes role from  FOLLOWER to CANDIDATE at term 169 for changeToCandidate
2019-10-19 01:14:44,246 [Thread-8485] INFO  impl.RoleInfo (RoleInfo.java:updateAndGet(143)) - 9c2d914d-67b1-4af9-8080-4d6ee007b506: start LeaderElection
2019-10-19 01:14:44,256 [f143d5cf-4038-4fa8-8601-f5a45f16ca3e@group-A3037D40E172-LeaderElection938] INFO  impl.LeaderElection (LeaderElection.java:askForVotes(178)) - f143d5cf-4038-4fa8-8601-f5a45f16ca3e@group-A3037D40E172-LeaderElection938: begin an election at term 177 for -1: [f143d5cf-4038-4fa8-8601-f5a45f16ca3e:192.168.69.71:40169, 2543ffea-c5c6-4af0-856f-eb846bad755a:192.168.69.71:45287, 61d14648-e80d-4cd8-9e7c-6deb2f21aca8:192.168.69.71:42247], old=null
2019-10-19 01:14:44,256 [9c2d914d-67b1-4af9-8080-4d6ee007b506@group-20FCFA0487C4-LeaderElection939] INFO  impl.LeaderElection (LeaderElection.java:askForVotes(178)) - 9c2d914d-67b1-4af9-8080-4d6ee007b506@group-20FCFA0487C4-LeaderElection939: begin an election at term 170 for -1: [88be3607-7667-471c-9070-7dfd13eb5ac8:192.168.69.71:32925, 9c2d914d-67b1-4af9-8080-4d6ee007b506:192.168.69.71:35462, 61d0b7dc-5f8b-422f-8693-c58167224d24:192.168.69.71:43479], old=null
2019-10-19 01:14:44,257 [grpc-default-executor-10] INFO  impl.RaftServerImpl (RaftServerImpl.java:setRole(184)) - 88be3607-7667-471c-9070-7dfd13eb5ac8@group-20FCFA0487C4: changes role from  FOLLOWER to FOLLOWER at term 170 for recognizeCandidate:9c2d914d-67b1-4af9-8080-4d6ee007b506
2019-10-19 01:14:44,257 [grpc-default-executor-10] INFO  impl.RoleInfo (RoleInfo.java:shutdownFollowerState(121)) - 88be3607-7667-471c-9070-7dfd13eb5ac8: shutdown FollowerState
2019-10-19 01:14:44,258 [grpc-default-executor-1] INFO  impl.RaftServerImpl (RaftServerImpl.java:setRole(184)) - 61d0b7dc-5f8b-422f-8693-c58167224d24@group-20FCFA0487C4: changes role from  FOLLOWER to FOLLOWER at term 170 for recognizeCandidate:9c2d914d-67b1-4af9-8080-4d6ee007b506
2019-10-19 01:14:44,258 [grpc-default-executor-3] INFO  impl.RaftServerImpl (RaftServerImpl.java:setRole(184)) - 61d14648-e80d-4cd8-9e7c-6deb2f21aca8@group-A3037D40E172: changes role from  FOLLOWER to FOLLOWER at term 177 for recognizeCandidate:f143d5cf-4038-4fa8-8601-f5a45f16ca3e
2019-10-19 01:14:44,258 [grpc-default-executor-3] INFO  impl.RoleInfo (RoleInfo.java:shutdownFollowerState(121)) - 61d14648-e80d-4cd8-9e7c-6deb2f21aca8: shutdown FollowerState
2019-10-19 01:14:44,258 [grpc-default-executor-1] INFO  impl.RoleInfo (RoleInfo.java:shutdownFollowerState(121)) - 61d0b7dc-5f8b-422f-8693-c58167224d24: shutdown FollowerState
2019-10-19 01:14:44,258 [Thread-8484] INFO  impl.FollowerState (FollowerState.java:run(117)) - 88be3607-7667-471c-9070-7dfd13eb5ac8@group-20FCFA0487C4-FollowerState was interrupted: java.lang.InterruptedException: sleep interrupted
2019-10-19 01:14:44,258 [Thread-8483] INFO  impl.FollowerState (FollowerState.java:run(117)) - 61d0b7dc-5f8b-422f-8693-c58167224d24@group-20FCFA0487C4-FollowerState was interrupted: java.lang.InterruptedException: sleep interrupted
2019-10-19 01:14:44,258 [grpc-default-executor-10] INFO  impl.RoleInfo (RoleInfo.java:updateAndGet(143)) - 88be3607-7667-471c-9070-7dfd13eb5ac8: start FollowerState
2019-10-19 01:14:44,258 [grpc-default-executor-9] INFO  impl.RaftServerImpl (RaftServerImpl.java:setRole(184)) - 2543ffea-c5c6-4af0-856f-eb846bad755a@group-A3037D40E172: changes role from  FOLLOWER to FOLLOWER at term 177 for recognizeCandidate:f143d5cf-4038-4fa8-8601-f5a45f16ca3e
2019-10-19 01:14:44,258 [grpc-default-executor-9] INFO  impl.RoleInfo (RoleInfo.java:shutdownFollowerState(121)) - 2543ffea-c5c6-4af0-856f-eb846bad755a: shutdown FollowerState
2019-10-19 01:14:44,258 [grpc-default-executor-1] INFO  impl.RoleInfo (RoleInfo.java:updateAndGet(143)) - 61d0b7dc-5f8b-422f-8693-c58167224d24: start FollowerState
2019-10-19 01:14:44,258 [Thread-8478] INFO  impl.FollowerState (FollowerState.java:run(117)) - 61d14648-e80d-4cd8-9e7c-6deb2f21aca8@group-A3037D40E172-FollowerState was interrupted: java.lang.InterruptedException: sleep interrupted
2019-10-19 01:14:44,258 [grpc-default-executor-3] INFO  impl.RoleInfo (RoleInfo.java:updateAndGet(143)) - 61d14648-e80d-4cd8-9e7c-6deb2f21aca8: start FollowerState
2019-10-19 01:14:44,258 [Thread-8477] INFO  impl.FollowerState (FollowerState.java:run(117)) - 2543ffea-c5c6-4af0-856f-eb846bad755a@group-A3037D40E172-FollowerState was interrupted: java.lang.InterruptedException: sleep interrupted
2019-10-19 01:14:44,258 [grpc-default-executor-9] INFO  impl.RoleInfo (RoleInfo.java:updateAndGet(143)) - 2543ffea-c5c6-4af0-856f-eb846bad755a: start FollowerState
2019-10-19 01:14:44,277 [f143d5cf-4038-4fa8-8601-f5a45f16ca3e@group-A3037D40E172-LeaderElection938] INFO  impl.LeaderElection (LeaderElection.java:logAndReturn(56)) - f143d5cf-4038-4fa8-8601-f5a45f16ca3e@group-A3037D40E172-LeaderElection938: Election REJECTED; received 2 response(s) [f143d5cf-4038-4fa8-8601-f5a45f16ca3e<-2543ffea-c5c6-4af0-856f-eb846bad755a#0:FAIL-t177, f143d5cf-4038-4fa8-8601-f5a45f16ca3e<-61d14648-e80d-4cd8-9e7c-6deb2f21aca8#0:FAIL-t177] and 0 exception(s); f143d5cf-4038-4fa8-8601-f5a45f16ca3e@group-A3037D40E172:t177, leader=null, voted=f143d5cf-4038-4fa8-8601-f5a45f16ca3e, raftlog=f143d5cf-4038-4fa8-8601-f5a45f16ca3e@group-A3037D40E172-SegmentedRaftLog:OPENED:c-1,f-1,i0, conf=-1: [f143d5cf-4038-4fa8-8601-f5a45f16ca3e:192.168.69.71:40169, 2543ffea-c5c6-4af0-856f-eb846bad755a:192.168.69.71:45287, 61d14648-e80d-4cd8-9e7c-6deb2f21aca8:192.168.69.71:42247], old=null
2019-10-19 01:14:44,277 [9c2d914d-67b1-4af9-8080-4d6ee007b506@group-20FCFA0487C4-LeaderElection939] INFO  impl.LeaderElection (LeaderElection.java:logAndReturn(56)) - 9c2d914d-67b1-4af9-8080-4d6ee007b506@group-20FCFA0487C4-LeaderElection939: Election REJECTED; received 2 response(s) [9c2d914d-67b1-4af9-8080-4d6ee007b506<-88be3607-7667-471c-9070-7dfd13eb5ac8#0:FAIL-t170, 9c2d914d-67b1-4af9-8080-4d6ee007b506<-61d0b7dc-5f8b-422f-8693-c58167224d24#0:FAIL-t170] and 0 exception(s); 9c2d914d-67b1-4af9-8080-4d6ee007b506@group-20FCFA0487C4:t170, leader=null, voted=9c2d914d-67b1-4af9-8080-4d6ee007b506, raftlog=9c2d914d-67b1-4af9-8080-4d6ee007b506@group-20FCFA0487C4-SegmentedRaftLog:OPENED:c-1,f-1,i0, conf=-1: [88be3607-7667-471c-9070-7dfd13eb5ac8:192.168.69.71:32925, 9c2d914d-67b1-4af9-8080-4d6ee007b506:192.168.69.71:35462, 61d0b7dc-5f8b-422f-8693-c58167224d24:192.168.69.71:43479], old=null
2019-10-19 01:14:44,277 [f143d5cf-4038-4fa8-8601-f5a45f16ca3e@group-A3037D40E172-LeaderElection938] INFO  impl.RaftServerImpl (RaftServerImpl.java:setRole(184)) - f143d5cf-4038-4fa8-8601-f5a45f16ca3e@group-A3037D40E172: changes role from CANDIDATE to FOLLOWER at term 177 for DISCOVERED_A_NEW_TERM
2019-10-19 01:14:44,277 [9c2d914d-67b1-4af9-8080-4d6ee007b506@group-20FCFA0487C4-LeaderElection939] INFO  impl.RaftServerImpl (RaftServerImpl.java:setRole(184)) - 9c2d914d-67b1-4af9-8080-4d6ee007b506@group-20FCFA0487C4: changes role from CANDIDATE to FOLLOWER at term 170 for DISCOVERED_A_NEW_TERM
2019-10-19 01:14:44,277 [f143d5cf-4038-4fa8-8601-f5a45f16ca3e@group-A3037D40E172-LeaderElection938] INFO  impl.RoleInfo (RoleInfo.java:shutdownLeaderElection(134)) - f143d5cf-4038-4fa8-8601-f5a45f16ca3e: shutdown LeaderElection
2019-10-19 01:14:44,277 [9c2d914d-67b1-4af9-8080-4d6ee007b506@group-20FCFA0487C4-LeaderElection939] INFO  impl.RoleInfo (RoleInfo.java:shutdownLeaderElection(134)) - 9c2d914d-67b1-4af9-8080-4d6ee007b506: shutdown LeaderElection
2019-10-19 01:14:44,277 [f143d5cf-4038-4fa8-8601-f5a45f16ca3e@group-A3037D40E172-LeaderElection938] INFO  impl.RoleInfo (RoleInfo.java:updateAndGet(143)) - f143d5cf-4038-4fa8-8601-f5a45f16ca3e: start FollowerState
2019-10-19 01:14:44,277 [9c2d914d-67b1-4af9-8080-4d6ee007b506@group-20FCFA0487C4-LeaderElection939] INFO  impl.RoleInfo (RoleInfo.java:updateAndGet(143)) - 9c2d914d-67b1-4af9-8080-4d6ee007b506: start FollowerState
2019-10-19 01:14:44,298 [Thread-8496] INFO  impl.FollowerState (FollowerState.java:run(108)) - f143d5cf-4038-4fa8-8601-f5a45f16ca3e@group-A3037D40E172-FollowerState: change to CANDIDATE, lastRpcTime:20ms, electionTimeout:20ms
2019-10-19 01:14:44,298 [Thread-8496] INFO  impl.RoleInfo (RoleInfo.java:shutdownFollowerState(121)) - f143d5cf-4038-4fa8-8601-f5a45f16ca3e: shutdown FollowerState
2019-10-19 01:14:44,298 [Thread-8496] INFO  impl.RaftServerImpl (RaftServerImpl.java:setRole(184)) - f143d5cf-4038-4fa8-8601-f5a45f16ca3e@group-A3037D40E172: changes role from  FOLLOWER to CANDIDATE at term 177 for changeToCandidate
2019-10-19 01:14:44,298 [Thread-8496] INFO  impl.RoleInfo (RoleInfo.java:updateAndGet(143)) - f143d5cf-4038-4fa8-8601-f5a45f16ca3e: start LeaderElection
2019-10-19 01:14:44,314 [f143d5cf-4038-4fa8-8601-f5a45f16ca3e@group-A3037D40E172-LeaderElection940] INFO  impl.LeaderElection (LeaderElection.java:askForVotes(178)) - f143d5cf-4038-4fa8-8601-f5a45f16ca3e@group-A3037D40E172-LeaderElection940: begin an election at term 178 for -1: [f143d5cf-4038-4fa8-8601-f5a45f16ca3e:192.168.69.71:40169, 2543ffea-c5c6-4af0-856f-eb846bad755a:192.168.69.71:45287, 61d14648-e80d-4cd8-9e7c-6deb2f21aca8:192.168.69.71:42247], old=null
2019-10-19 01:14:44,315 [grpc-default-executor-10] INFO  impl.RaftServerImpl (RaftServerImpl.java:setRole(184)) - 2543ffea-c5c6-4af0-856f-eb846bad755a@group-A3037D40E172: changes role from  FOLLOWER to FOLLOWER at term 178 for recognizeCandidate:f143d5cf-4038-4fa8-8601-f5a45f16ca3e
2019-10-19 01:14:44,316 [grpc-default-executor-9] INFO  impl.RaftServerImpl (RaftServerImpl.java:setRole(184)) - 61d14648-e80d-4cd8-9e7c-6deb2f21aca8@group-A3037D40E172: changes role from  FOLLOWER to FOLLOWER at term 178 for recognizeCandidate:f143d5cf-4038-4fa8-8601-f5a45f16ca3e
2019-10-19 01:14:44,316 [grpc-default-executor-9] INFO  impl.RoleInfo (RoleInfo.java:shutdownFollowerState(121)) - 61d14648-e80d-4cd8-9e7c-6deb2f21aca8: shutdown FollowerState
2019-10-19 01:14:44,316 [grpc-default-executor-10] INFO  impl.RoleInfo (RoleInfo.java:shutdownFollowerState(121)) - 2543ffea-c5c6-4af0-856f-eb846bad755a: shutdown FollowerState
2019-10-19 01:14:44,316 [Thread-8493] INFO  impl.FollowerState (FollowerState.java:run(117)) - 61d14648-e80d-4cd8-9e7c-6deb2f21aca8@group-A3037D40E172-FollowerState was interrupted: java.lang.InterruptedException: sleep interrupted
2019-10-19 01:14:44,316 [grpc-default-executor-9] INFO  impl.RoleInfo (RoleInfo.java:updateAndGet(143)) - 61d14648-e80d-4cd8-9e7c-6deb2f21aca8: start FollowerState
2019-10-19 01:14:44,316 [grpc-default-executor-10] INFO  impl.RoleInfo (RoleInfo.java:updateAndGet(143)) - 2543ffea-c5c6-4af0-856f-eb846bad755a: start FollowerState
2019-10-19 01:14:44,316 [Thread-8495] INFO  impl.FollowerState (FollowerState.java:run(117)) - 2543ffea-c5c6-4af0-856f-eb846bad755a@group-A3037D40E172-FollowerState was interrupted: java.lang.InterruptedException: sleep interrupted
2019-10-19 01:14:44,330 [f143d5cf-4038-4fa8-8601-f5a45f16ca3e@group-A3037D40E172-LeaderElection940] INFO  impl.LeaderElection (LeaderElection.java:logAndReturn(56)) - f143d5cf-4038-4fa8-8601-f5a45f16ca3e@group-A3037D40E172-LeaderElection940: Election REJECTED; received 2 response(s) [f143d5cf-4038-4fa8-8601-f5a45f16ca3e<-2543ffea-c5c6-4af0-856f-eb846bad755a#0:FAIL-t178, f143d5cf-4038-4fa8-8601-f5a45f16ca3e<-61d14648-e80d-4cd8-9e7c-6deb2f21aca8#0:FAIL-t178] and 0 exception(s); f143d5cf-4038-4fa8-8601-f5a45f16ca3e@group-A3037D40E172:t178, leader=null, voted=f143d5cf-4038-4fa8-8601-f5a45f16ca3e, raftlog=f143d5cf-4038-4fa8-8601-f5a45f16ca3e@group-A3037D40E172-SegmentedRaftLog:OPENED:c-1,f-1,i0, conf=-1: [f143d5cf-4038-4fa8-8601-f5a45f16ca3e:192.168.69.71:40169, 2543ffea-c5c6-4af0-856f-eb846bad755a:192.168.69.71:45287, 61d14648-e80d-4cd8-9e7c-6deb2f21aca8:192.168.69.71:42247], old=null
2019-10-19 01:14:44,330 [f143d5cf-4038-4fa8-8601-f5a45f16ca3e@group-A3037D40E172-LeaderElection940] INFO  impl.RaftServerImpl (RaftServerImpl.java:setRole(184)) - f143d5cf-4038-4fa8-8601-f5a45f16ca3e@group-A3037D40E172: changes role from CANDIDATE to FOLLOWER at term 178 for DISCOVERED_A_NEW_TERM
2019-10-19 01:14:44,330 [f143d5cf-4038-4fa8-8601-f5a45f16ca3e@group-A3037D40E172-LeaderElection940] INFO  impl.RoleInfo (RoleInfo.java:shutdownLeaderElection(134)) - f143d5cf-4038-4fa8-8601-f5a45f16ca3e: shutdown LeaderElection
2019-10-19 01:14:44,330 [f143d5cf-4038-4fa8-8601-f5a45f16ca3e@group-A3037D40E172-LeaderElection940] INFO  impl.RoleInfo (RoleInfo.java:updateAndGet(143)) - f143d5cf-4038-4fa8-8601-f5a45f16ca3e: start FollowerState
2019-10-19 01:14:44,387 [Thread-8497] INFO  impl.FollowerState (FollowerState.java:run(108)) - 9c2d914d-67b1-4af9-8080-4d6ee007b506@group-20FCFA0487C4-FollowerState: change to CANDIDATE, lastRpcTime:109ms, electionTimeout:109ms
2019-10-19 01:14:44,387 [Thread-8497] INFO  impl.RoleInfo (RoleInfo.java:shutdownFollowerState(121)) - 9c2d914d-67b1-4af9-8080-4d6ee007b506: shutdown FollowerState
2019-10-19 01:14:44,387 [Thread-8497] INFO  impl.RaftServerImpl (RaftServerImpl.java:setRole(184)) - 9c2d914d-67b1-4af9-8080-4d6ee007b506@group-20FCFA0487C4: changes role from  FOLLOWER to CANDIDATE at term 170 for changeToCandidate
2019-10-19 01:14:44,387 [Thread-8497] INFO  impl.RoleInfo (RoleInfo.java:updateAndGet(143)) - 9c2d914d-67b1-4af9-8080-4d6ee007b506: start LeaderElection
2019-10-19 01:14:44,401 [9c2d914d-67b1-4af9-8080-4d6ee007b506@group-20FCFA0487C4-LeaderElection941] INFO  impl.LeaderElection (LeaderElection.java:askForVotes(178)) - 9c2d914d-67b1-4af9-8080-4d6ee007b506@group-20FCFA0487C4-LeaderElection941: begin an election at term 171 for -1: [88be3607-7667-471c-9070-7dfd13eb5ac8:192.168.69.71:32925, 9c2d914d-67b1-4af9-8080-4d6ee007b506:192.168.69.71:35462, 61d0b7dc-5f8b-422f-8693-c58167224d24:192.168.69.71:43479], old=null
2019-10-19 01:14:44,402 [grpc-default-executor-9] INFO  impl.RaftServerImpl (RaftServerImpl.java:setRole(184)) - 88be3607-7667-471c-9070-7dfd13eb5ac8@group-20FCFA0487C4: changes role from  FOLLOWER to FOLLOWER at term 171 for recognizeCandidate:9c2d914d-67b1-4af9-8080-4d6ee007b506
2019-10-19 01:14:44,403 [grpc-default-executor-9] INFO  impl.RoleInfo (RoleInfo.java:shutdownFollowerState(121)) - 88be3607-7667-471c-9070-7dfd13eb5ac8: shutdown FollowerState
2019-10-19 01:14:44,403 [grpc-default-executor-9] INFO  impl.RoleInfo (RoleInfo.java:updateAndGet(143)) - 88be3607-7667-471c-9070-7dfd13eb5ac8: start FollowerState
2019-10-19 01:14:44,403 [Thread-8492] INFO  impl.FollowerState (FollowerState.java:run(117)) - 88be3607-7667-471c-9070-7dfd13eb5ac8@group-20FCFA0487C4-FollowerState was interrupted: java.lang.InterruptedException: sleep interrupted
2019-10-19 01:14:44,403 [grpc-default-executor-10] INFO  impl.RaftServerImpl (RaftServerImpl.java:setRole(184)) - 61d0b7dc-5f8b-422f-8693-c58167224d24@group-20FCFA0487C4: changes role from  FOLLOWER to FOLLOWER at term 171 for recognizeCandidate:9c2d914d-67b1-4af9-8080-4d6ee007b506
2019-10-19 01:14:44,403 [grpc-default-executor-10] INFO  impl.RoleInfo (RoleInfo.java:shutdownFollowerState(121)) - 61d0b7dc-5f8b-422f-8693-c58167224d24: shutdown FollowerState
2019-10-19 01:14:44,403 [grpc-default-executor-10] INFO  impl.RoleInfo (RoleInfo.java:updateAndGet(143)) - 61d0b7dc-5f8b-422f-8693-c58167224d24: start FollowerState
2019-10-19 01:14:44,403 [Thread-8494] INFO  impl.FollowerState (FollowerState.java:run(117)) - 61d0b7dc-5f8b-422f-8693-c58167224d24@group-20FCFA0487C4-FollowerState was interrupted: java.lang.InterruptedException: sleep interrupted
2019-10-19 01:14:44,417 [9c2d914d-67b1-4af9-8080-4d6ee007b506@group-20FCFA0487C4-LeaderElection941] INFO  impl.LeaderElection (LeaderElection.java:logAndReturn(56)) - 9c2d914d-67b1-4af9-8080-4d6ee007b506@group-20FCFA0487C4-LeaderElection941: Election REJECTED; received 2 response(s) [9c2d914d-67b1-4af9-8080-4d6ee007b506<-88be3607-7667-471c-9070-7dfd13eb5ac8#0:FAIL-t171, 9c2d914d-67b1-4af9-8080-4d6ee007b506<-61d0b7dc-5f8b-422f-8693-c58167224d24#0:FAIL-t171] and 0 exception(s); 9c2d914d-67b1-4af9-8080-4d6ee007b506@group-20FCFA0487C4:t171, leader=null, voted=9c2d914d-67b1-4af9-8080-4d6ee007b506, raftlog=9c2d914d-67b1-4af9-8080-4d6ee007b506@group-20FCFA0487C4-SegmentedRaftLog:OPENED:c-1,f-1,i0, conf=-1: [88be3607-7667-471c-9070-7dfd13eb5ac8:192.168.69.71:32925, 9c2d914d-67b1-4af9-8080-4d6ee007b506:192.168.69.71:35462, 61d0b7dc-5f8b-422f-8693-c58167224d24:192.168.69.71:43479], old=null
2019-10-19 01:14:44,417 [9c2d914d-67b1-4af9-8080-4d6ee007b506@group-20FCFA0487C4-LeaderElection941] INFO  impl.RaftServerImpl (RaftServerImpl.java:setRole(184)) - 9c2d914d-67b1-4af9-8080-4d6ee007b506@group-20FCFA0487C4: changes role from CANDIDATE to FOLLOWER at term 171 for DISCOVERED_A_NEW_TERM
2019-10-19 01:14:44,417 [9c2d914d-67b1-4af9-8080-4d6ee007b506@group-20FCFA0487C4-LeaderElection941] INFO  impl.RoleInfo (RoleInfo.java:shutdownLeaderElection(134)) - 9c2d914d-67b1-4af9-8080-4d6ee007b506: shutdown LeaderElection
2019-10-19 01:14:44,417 [9c2d914d-67b1-4af9-8080-4d6ee007b506@group-20FCFA0487C4-LeaderElection941] INFO  impl.RoleInfo (RoleInfo.java:updateAndGet(143)) - 9c2d914d-67b1-4af9-8080-4d6ee007b506: start FollowerState
2019-10-19 01:14:44,422 [Thread-8503] INFO  impl.FollowerState (FollowerState.java:run(108)) - f143d5cf-4038-4fa8-8601-f5a45f16ca3e@group-A3037D40E172-FollowerState: change to CANDIDATE, lastRpcTime:92ms, electionTimeout:92ms
2019-10-19 01:14:44,422 [Thread-8503] INFO  impl.RoleInfo (RoleInfo.java:shutdownFollowerState(121)) - f143d5cf-4038-4fa8-8601-f5a45f16ca3e: shutdown FollowerState
2019-10-19 01:14:44,422 [Thread-8503] INFO  impl.RaftServerImpl (RaftServerImpl.java:setRole(184)) - f143d5cf-4038-4fa8-8601-f5a45f16ca3e@group-A3037D40E172: changes role from  FOLLOWER to CANDIDATE at term 178 for changeToCandidate
2019-10-19 01:14:44,423 [Thread-8503] INFO  impl.RoleInfo (RoleInfo.java:updateAndGet(143)) - f143d5cf-4038-4fa8-8601-f5a45f16ca3e: start LeaderElection
2019-10-19 01:14:44,435 [f143d5cf-4038-4fa8-8601-f5a45f16ca3e@group-A3037D40E172-LeaderElection942] INFO  impl.LeaderElection (LeaderElection.java:askForVotes(178)) - f143d5cf-4038-4fa8-8601-f5a45f16ca3e@group-A3037D40E172-LeaderElection942: begin an election at term 179 for -1: [f143d5cf-4038-4fa8-8601-f5a45f16ca3e:192.168.69.71:40169, 2543ffea-c5c6-4af0-856f-eb846bad755a:192.168.69.71:45287, 61d14648-e80d-4cd8-9e7c-6deb2f21aca8:192.168.69.71:42247], old=null
2019-10-19 01:14:44,436 [grpc-default-executor-9] INFO  impl.RaftServerImpl (RaftServerImpl.java:setRole(184)) - 2543ffea-c5c6-4af0-856f-eb846bad755a@group-A3037D40E172: changes role from  FOLLOWER to FOLLOWER at term 179 for recognizeCandidate:f143d5cf-4038-4fa8-8601-f5a45f16ca3e
2019-10-19 01:14:44,436 [grpc-default-executor-10] INFO  impl.RaftServerImpl (RaftServerImpl.java:setRole(184)) - 61d14648-e80d-4cd8-9e7c-6deb2f21aca8@group-A3037D40E172: changes role from  FOLLOWER to FOLLOWER at term 179 for recognizeCandidate:f143d5cf-4038-4fa8-8601-f5a45f16ca3e
2019-10-19 01:14:44,436 [grpc-default-executor-10] INFO  impl.RoleInfo (RoleInfo.java:shutdownFollowerState(121)) - 61d14648-e80d-4cd8-9e7c-6deb2f21aca8: shutdown FollowerState
2019-10-19 01:14:44,436 [grpc-default-executor-9] INFO  impl.RoleInfo (RoleInfo.java:shutdownFollowerState(121)) - 2543ffea-c5c6-4af0-856f-eb846bad755a: shutdown FollowerState
2019-10-19 01:14:44,436 [Thread-8501] INFO  impl.FollowerState (FollowerState.java:run(117)) - 61d14648-e80d-4cd8-9e7c-6deb2f21aca8@group-A3037D40E172-FollowerState was interrupted: java.lang.InterruptedException: sleep interrupted
2019-10-19 01:14:44,436 [grpc-default-executor-10] INFO  impl.RoleInfo (RoleInfo.java:updateAndGet(143)) - 61d14648-e80d-4cd8-9e7c-6deb2f21aca8: start FollowerState
2019-10-19 01:14:44,437 [grpc-default-executor-9] INFO  impl.RoleInfo (RoleInfo.java:updateAndGet(143)) - 2543ffea-c5c6-4af0-856f-eb846bad755a: start FollowerState
2019-10-19 01:14:44,437 [Thread-8502] INFO  impl.FollowerState (FollowerState.java:run(117)) - 2543ffea-c5c6-4af0-856f-eb846bad755a@group-A3037D40E172-FollowerState was interrupted: java.lang.InterruptedException: sleep interrupted
2019-10-19 01:14:44,450 [f143d5cf-4038-4fa8-8601-f5a45f16ca3e@group-A3037D40E172-LeaderElection942] INFO  impl.LeaderElection (LeaderElection.java:logAndReturn(56)) - f143d5cf-4038-4fa8-8601-f5a45f16ca3e@group-A3037D40E172-LeaderElection942: Election REJECTED; received 2 response(s) [f143d5cf-4038-4fa8-8601-f5a45f16ca3e<-2543ffea-c5c6-4af0-856f-eb846bad755a#0:FAIL-t179, f143d5cf-4038-4fa8-8601-f5a45f16ca3e<-61d14648-e80d-4cd8-9e7c-6deb2f21aca8#0:FAIL-t179] and 0 exception(s); f143d5cf-4038-4fa8-8601-f5a45f16ca3e@group-A3037D40E172:t179, leader=null, voted=f143d5cf-4038-4fa8-8601-f5a45f16ca3e, raftlog=f143d5cf-4038-4fa8-8601-f5a45f16ca3e@group-A3037D40E172-SegmentedRaftLog:OPENED:c-1,f-1,i0, conf=-1: [f143d5cf-4038-4fa8-8601-f5a45f16ca3e:192.168.69.71:40169, 2543ffea-c5c6-4af0-856f-eb846bad755a:192.168.69.71:45287, 61d14648-e80d-4cd8-9e7c-6deb2f21aca8:192.168.69.71:42247], old=null
2019-10-19 01:14:44,450 [f143d5cf-4038-4fa8-8601-f5a45f16ca3e@group-A3037D40E172-LeaderElection942] INFO  impl.RaftServerImpl (RaftServerImpl.java:setRole(184)) - f143d5cf-4038-4fa8-8601-f5a45f16ca3e@group-A3037D40E172: changes role from CANDIDATE to FOLLOWER at term 179 for DISCOVERED_A_NEW_TERM
2019-10-19 01:14:44,450 [f143d5cf-4038-4fa8-8601-f5a45f16ca3e@group-A3037D40E172-LeaderElection942] INFO  impl.RoleInfo (RoleInfo.java:shutdownLeaderElection(134)) - f143d5cf-4038-4fa8-8601-f5a45f16ca3e: shutdown LeaderElection
2019-10-19 01:14:44,450 [f143d5cf-4038-4fa8-8601-f5a45f16ca3e@group-A3037D40E172-LeaderElection942] INFO  impl.RoleInfo (RoleInfo.java:updateAndGet(143)) - f143d5cf-4038-4fa8-8601-f5a45f16ca3e: start FollowerState
2019-10-19 01:14:44,572 [Thread-8511] INFO  impl.FollowerState (FollowerState.java:run(108)) - 9c2d914d-67b1-4af9-8080-4d6ee007b506@group-20FCFA0487C4-FollowerState: change to CANDIDATE, lastRpcTime:155ms, electionTimeout:155ms
2019-10-19 01:14:44,573 [Thread-8511] INFO  impl.RoleInfo (RoleInfo.java:shutdownFollowerState(121)) - 9c2d914d-67b1-4af9-8080-4d6ee007b506: shutdown FollowerState
2019-10-19 01:14:44,573 [Thread-8511] INFO  impl.RaftServerImpl (RaftServerImpl.java:setRole(184)) - 9c2d914d-67b1-4af9-8080-4d6ee007b506@group-20FCFA0487C4: changes role from  FOLLOWER to CANDIDATE at term 171 for changeToCandidate
2019-10-19 01:14:44,573 [Thread-8511] INFO  impl.RoleInfo (RoleInfo.java:updateAndGet(143)) - 9c2d914d-67b1-4af9-8080-4d6ee007b506: start LeaderElection
2019-10-19 01:14:44,584 [9c2d914d-67b1-4af9-8080-4d6ee007b506@group-20FCFA0487C4-LeaderElection943] INFO  impl.LeaderElection (LeaderElection.java:askForVotes(178)) - 9c2d914d-67b1-4af9-8080-4d6ee007b506@group-20FCFA0487C4-LeaderElection943: begin an election at term 172 for -1: [88be3607-7667-471c-9070-7dfd13eb5ac8:192.168.69.71:32925, 9c2d914d-67b1-4af9-8080-4d6ee007b506:192.168.69.71:35462, 61d0b7dc-5f8b-422f-8693-c58167224d24:192.168.69.71:43479], old=null
2019-10-19 01:14:44,585 [grpc-default-executor-9] INFO  impl.RaftServerImpl (RaftServerImpl.java:setRole(184)) - 88be3607-7667-471c-9070-7dfd13eb5ac8@group-20FCFA0487C4: changes role from  FOLLOWER to FOLLOWER at term 172 for recognizeCandidate:9c2d914d-67b1-4af9-8080-4d6ee007b506
2019-10-19 01:14:44,585 [grpc-default-executor-10] INFO  impl.RaftServerImpl (RaftServerImpl.java:setRole(184)) - 61d0b7dc-5f8b-422f-8693-c58167224d24@group-20FCFA0487C4: changes role from  FOLLOWER to FOLLOWER at term 172 for recognizeCandidate:9c2d914d-67b1-4af9-8080-4d6ee007b506
2019-10-19 01:14:44,585 [grpc-default-executor-10] INFO  impl.RoleInfo (RoleInfo.java:shutdownFollowerState(121)) - 61d0b7dc-5f8b-422f-8693-c58167224d24: shutdown FollowerState
2019-10-19 01:14:44,585 [grpc-default-executor-9] INFO  impl.RoleInfo (RoleInfo.java:shutdownFollowerState(121)) - 88be3607-7667-471c-9070-7dfd13eb5ac8: shutdown FollowerState
2019-10-19 01:14:44,586 [Thread-8510] INFO  impl.FollowerState (FollowerState.java:run(117)) - 61d0b7dc-5f8b-422f-8693-c58167224d24@group-20FCFA0487C4-FollowerState was interrupted: java.lang.InterruptedException: sleep interrupted
2019-10-19 01:14:44,586 [Thread-8509] INFO  impl.FollowerState (FollowerState.java:run(117)) - 88be3607-7667-471c-9070-7dfd13eb5ac8@group-20FCFA0487C4-FollowerState was interrupted: java.lang.InterruptedException: sleep interrupted
2019-10-19 01:14:44,586 [grpc-default-executor-10] INFO  impl.RoleInfo (RoleInfo.java:updateAndGet(143)) - 61d0b7dc-5f8b-422f-8693-c58167224d24: start FollowerState
2019-10-19 01:14:44,586 [grpc-default-executor-9] INFO  impl.RoleInfo (RoleInfo.java:updateAndGet(143)) - 88be3607-7667-471c-9070-7dfd13eb5ac8: start FollowerState
2019-10-19 01:14:44,600 [9c2d914d-67b1-4af9-8080-4d6ee007b506@group-20FCFA0487C4-LeaderElection943] INFO  impl.LeaderElection (LeaderElection.java:logAndReturn(56)) - 9c2d914d-67b1-4af9-8080-4d6ee007b506@group-20FCFA0487C4-LeaderElection943: Election REJECTED; received 2 response(s) [9c2d914d-67b1-4af9-8080-4d6ee007b506<-88be3607-7667-471c-9070-7dfd13eb5ac8#0:FAIL-t172, 9c2d914d-67b1-4af9-8080-4d6ee007b506<-61d0b7dc-5f8b-422f-8693-c58167224d24#0:FAIL-t172] and 0 exception(s); 9c2d914d-67b1-4af9-8080-4d6ee007b506@group-20FCFA0487C4:t172, leader=null, voted=9c2d914d-67b1-4af9-8080-4d6ee007b506, raftlog=9c2d914d-67b1-4af9-8080-4d6ee007b506@group-20FCFA0487C4-SegmentedRaftLog:OPENED:c-1,f-1,i0, conf=-1: [88be3607-7667-471c-9070-7dfd13eb5ac8:192.168.69.71:32925, 9c2d914d-67b1-4af9-8080-4d6ee007b506:192.168.69.71:35462, 61d0b7dc-5f8b-422f-8693-c58167224d24:192.168.69.71:43479], old=null
2019-10-19 01:14:44,600 [9c2d914d-67b1-4af9-8080-4d6ee007b506@group-20FCFA0487C4-LeaderElection943] INFO  impl.RaftServerImpl (RaftServerImpl.java:setRole(184)) - 9c2d914d-67b1-4af9-8080-4d6ee007b506@group-20FCFA0487C4: changes role from CANDIDATE to FOLLOWER at term 172 for DISCOVERED_A_NEW_TERM
2019-10-19 01:14:44,600 [9c2d914d-67b1-4af9-8080-4d6ee007b506@group-20FCFA0487C4-LeaderElection943] INFO  impl.RoleInfo (RoleInfo.java:shutdownLeaderElection(134)) - 9c2d914d-67b1-4af9-8080-4d6ee007b506: shutdown LeaderElection
2019-10-19 01:14:44,600 [9c2d914d-67b1-4af9-8080-4d6ee007b506@group-20FCFA0487C4-LeaderElection943] INFO  impl.RoleInfo (RoleInfo.java:updateAndGet(143)) - 9c2d914d-67b1-4af9-8080-4d6ee007b506: start FollowerState
2019-10-19 01:14:44,603 [Thread-8517] INFO  impl.FollowerState (FollowerState.java:run(108)) - f143d5cf-4038-4fa8-8601-f5a45f16ca3e@group-A3037D40E172-FollowerState: change to CANDIDATE, lastRpcTime:152ms, electionTimeout:152ms
2019-10-19 01:14:44,603 [Thread-8517] INFO  impl.RoleInfo (RoleInfo.java:shutdownFollowerState(121)) - f143d5cf-4038-4fa8-8601-f5a45f16ca3e: shutdown FollowerState
2019-10-19 01:14:44,603 [Thread-8517] INFO  impl.RaftServerImpl (RaftServerImpl.java:setRole(184)) - f143d5cf-4038-4fa8-8601-f5a45f16ca3e@group-A3037D40E172: changes role from  FOLLOWER to CANDIDATE at term 179 for changeToCandidate
2019-10-19 01:14:44,603 [Thread-8517] INFO  impl.RoleInfo (RoleInfo.java:updateAndGet(143)) - f143d5cf-4038-4fa8-8601-f5a45f16ca3e: start LeaderElection
2019-10-19 01:14:44,615 [f143d5cf-4038-4fa8-8601-f5a45f16ca3e@group-A3037D40E172-LeaderElection944] INFO  impl.LeaderElection (LeaderElection.java:askForVotes(178)) - f143d5cf-4038-4fa8-8601-f5a45f16ca3e@group-A3037D40E172-LeaderElection944: begin an election at term 180 for -1: [f143d5cf-4038-4fa8-8601-f5a45f16ca3e:192.168.69.71:40169, 2543ffea-c5c6-4af0-856f-eb846bad755a:192.168.69.71:45287, 61d14648-e80d-4cd8-9e7c-6deb2f21aca8:192.168.69.71:42247], old=null
2019-10-19 01:14:44,616 [grpc-default-executor-10] INFO  impl.RaftServerImpl (RaftServerImpl.java:setRole(184)) - 2543ffea-c5c6-4af0-856f-eb846bad755a@group-A3037D40E172: changes role from  FOLLOWER to FOLLOWER at term 180 for recognizeCandidate:f143d5cf-4038-4fa8-8601-f5a45f16ca3e
2019-10-19 01:14:44,616 [grpc-default-executor-10] INFO  impl.RoleInfo (RoleInfo.java:shutdownFollowerState(121)) - 2543ffea-c5c6-4af0-856f-eb846bad755a: shutdown FollowerState
2019-10-19 01:14:44,616 [grpc-default-executor-9] INFO  impl.RaftServerImpl (RaftServerImpl.java:setRole(184)) - 61d14648-e80d-4cd8-9e7c-6deb2f21aca8@group-A3037D40E172: changes role from  FOLLOWER to FOLLOWER at term 180 for recognizeCandidate:f143d5cf-4038-4fa8-8601-f5a45f16ca3e
2019-10-19 01:14:44,617 [grpc-default-executor-9] INFO  impl.RoleInfo (RoleInfo.java:shutdownFollowerState(121)) - 61d14648-e80d-4cd8-9e7c-6deb2f21aca8: shutdown FollowerState
2019-10-19 01:14:44,616 [grpc-default-executor-10] INFO  impl.RoleInfo (RoleInfo.java:updateAndGet(143)) - 2543ffea-c5c6-4af0-856f-eb846bad755a: start FollowerState
2019-10-19 01:14:44,617 [Thread-8515] INFO  impl.FollowerState (FollowerState.java:run(117)) - 61d14648-e80d-4cd8-9e7c-6deb2f21aca8@group-A3037D40E172-FollowerState was interrupted: java.lang.InterruptedException: sleep interrupted
2019-10-19 01:14:44,616 [Thread-8516] INFO  impl.FollowerState (FollowerState.java:run(117)) - 2543ffea-c5c6-4af0-856f-eb846bad755a@group-A3037D40E172-FollowerState was interrupted: java.lang.InterruptedException: sleep interrupted
2019-10-19 01:14:44,617 [grpc-default-executor-9] INFO  impl.RoleInfo (RoleInfo.java:updateAndGet(143)) - 61d14648-e80d-4cd8-9e7c-6deb2f21aca8: start FollowerState
2019-10-19 01:14:44,656 [f143d5cf-4038-4fa8-8601-f5a45f16ca3e@group-A3037D40E172-LeaderElection944] INFO  impl.LeaderElection (LeaderElection.java:logAndReturn(56)) - f143d5cf-4038-4fa8-8601-f5a45f16ca3e@group-A3037D40E172-LeaderElection944: Election TIMEOUT; received 0 response(s) [] and 0 exception(s); f143d5cf-4038-4fa8-8601-f5a45f16ca3e@group-A3037D40E172:t180, leader=null, voted=f143d5cf-4038-4fa8-8601-f5a45f16ca3e, raftlog=f143d5cf-4038-4fa8-8601-f5a45f16ca3e@group-A3037D40E172-SegmentedRaftLog:OPENED:c-1,f-1,i0, conf=-1: [f143d5cf-4038-4fa8-8601-f5a45f16ca3e:192.168.69.71:40169, 2543ffea-c5c6-4af0-856f-eb846bad755a:192.168.69.71:45287, 61d14648-e80d-4cd8-9e7c-6deb2f21aca8:192.168.69.71:42247], old=null
2019-10-19 01:14:44,667 [f143d5cf-4038-4fa8-8601-f5a45f16ca3e@group-A3037D40E172-LeaderElection944] INFO  impl.LeaderElection (LeaderElection.java:askForVotes(178)) - f143d5cf-4038-4fa8-8601-f5a45f16ca3e@group-A3037D40E172-LeaderElection944: begin an election at term 181 for -1: [f143d5cf-4038-4fa8-8601-f5a45f16ca3e:192.168.69.71:40169, 2543ffea-c5c6-4af0-856f-eb846bad755a:192.168.69.71:45287, 61d14648-e80d-4cd8-9e7c-6deb2f21aca8:192.168.69.71:42247], old=null
2019-10-19 01:14:44,669 [grpc-default-executor-10] INFO  impl.RaftServerImpl (RaftServerImpl.java:setRole(184)) - 61d14648-e80d-4cd8-9e7c-6deb2f21aca8@group-A3037D40E172: changes role from  FOLLOWER to FOLLOWER at term 181 for recognizeCandidate:f143d5cf-4038-4fa8-8601-f5a45f16ca3e
2019-10-19 01:14:44,669 [grpc-default-executor-9] INFO  impl.RaftServerImpl (RaftServerImpl.java:setRole(184)) - 2543ffea-c5c6-4af0-856f-eb846bad755a@group-A3037D40E172: changes role from  FOLLOWER to FOLLOWER at term 181 for recognizeCandidate:f143d5cf-4038-4fa8-8601-f5a45f16ca3e
2019-10-19 01:14:44,669 [grpc-default-executor-9] INFO  impl.RoleInfo (RoleInfo.java:shutdownFollowerState(121)) - 2543ffea-c5c6-4af0-856f-eb846bad755a: shutdown FollowerState
2019-10-19 01:14:44,669 [grpc-default-executor-10] INFO  impl.RoleInfo (RoleInfo.java:shutdownFollowerState(121)) - 61d14648-e80d-4cd8-9e7c-6deb2f21aca8: shutdown FollowerState
2019-10-19 01:14:44,669 [Thread-8527] INFO  impl.FollowerState (FollowerState.java:run(117)) - 2543ffea-c5c6-4af0-856f-eb846bad755a@group-A3037D40E172-FollowerState was interrupted: java.lang.InterruptedException: sleep interrupted
2019-10-19 01:14:44,669 [grpc-default-executor-10] INFO  impl.RoleInfo (RoleInfo.java:updateAndGet(143)) - 61d14648-e80d-4cd8-9e7c-6deb2f21aca8: start FollowerState
2019-10-19 01:14:44,669 [Thread-8528] INFO  impl.FollowerState (FollowerState.java:run(117)) - 61d14648-e80d-4cd8-9e7c-6deb2f21aca8@group-A3037D40E172-FollowerState was interrupted: java.lang.InterruptedException: sleep interrupted
2019-10-19 01:14:44,669 [grpc-default-executor-9] INFO  impl.RoleInfo (RoleInfo.java:updateAndGet(143)) - 2543ffea-c5c6-4af0-856f-eb846bad755a: start FollowerState
2019-10-19 01:14:44,686 [f143d5cf-4038-4fa8-8601-f5a45f16ca3e@group-A3037D40E172-LeaderElection944] INFO  impl.LeaderElection (LeaderElection.java:logAndReturn(56)) - f143d5cf-4038-4fa8-8601-f5a45f16ca3e@group-A3037D40E172-LeaderElection944: Election REJECTED; received 2 response(s) [f143d5cf-4038-4fa8-8601-f5a45f16ca3e<-2543ffea-c5c6-4af0-856f-eb846bad755a#0:FAIL-t181, f143d5cf-4038-4fa8-8601-f5a45f16ca3e<-61d14648-e80d-4cd8-9e7c-6deb2f21aca8#0:FAIL-t181] and 0 exception(s); f143d5cf-4038-4fa8-8601-f5a45f16ca3e@group-A3037D40E172:t181, leader=null, voted=f143d5cf-4038-4fa8-8601-f5a45f16ca3e, raftlog=f143d5cf-4038-4fa8-8601-f5a45f16ca3e@group-A3037D40E172-SegmentedRaftLog:OPENED:c-1,f-1,i0, conf=-1: [f143d5cf-4038-4fa8-8601-f5a45f16ca3e:192.168.69.71:40169, 2543ffea-c5c6-4af0-856f-eb846bad755a:192.168.69.71:45287, 61d14648-e80d-4cd8-9e7c-6deb2f21aca8:192.168.69.71:42247], old=null
2019-10-19 01:14:44,686 [f143d5cf-4038-4fa8-8601-f5a45f16ca3e@group-A3037D40E172-LeaderElection944] INFO  impl.RaftServerImpl (RaftServerImpl.java:setRole(184)) - f143d5cf-4038-4fa8-8601-f5a45f16ca3e@group-A3037D40E172: changes role from CANDIDATE to FOLLOWER at term 181 for DISCOVERED_A_NEW_TERM
2019-10-19 01:14:44,686 [f143d5cf-4038-4fa8-8601-f5a45f16ca3e@group-A3037D40E172-LeaderElection944] INFO  impl.RoleInfo (RoleInfo.java:shutdownLeaderElection(134)) - f143d5cf-4038-4fa8-8601-f5a45f16ca3e: shutdown LeaderElection
2019-10-19 01:14:44,686 [f143d5cf-4038-4fa8-8601-f5a45f16ca3e@group-A3037D40E172-LeaderElection944] INFO  impl.RoleInfo (RoleInfo.java:updateAndGet(143)) - f143d5cf-4038-4fa8-8601-f5a45f16ca3e: start FollowerState
2019-10-19 01:14:44,777 [Thread-8523] INFO  impl.FollowerState (FollowerState.java:run(108)) - 9c2d914d-67b1-4af9-8080-4d6ee007b506@group-20FCFA0487C4-FollowerState: change to CANDIDATE, lastRpcTime:177ms, electionTimeout:177ms
2019-10-19 01:14:44,778 [Thread-8523] INFO  impl.RoleInfo (RoleInfo.java:shutdownFollowerState(121)) - 9c2d914d-67b1-4af9-8080-4d6ee007b506: shutdown FollowerState
2019-10-19 01:14:44,778 [Thread-8523] INFO  impl.RaftServerImpl (RaftServerImpl.java:setRole(184)) - 9c2d914d-67b1-4af9-8080-4d6ee007b506@group-20FCFA0487C4: changes role from  FOLLOWER to CANDIDATE at term 172 for changeToCandidate
2019-10-19 01:14:44,778 [Thread-8523] INFO  impl.RoleInfo (RoleInfo.java:updateAndGet(143)) - 9c2d914d-67b1-4af9-8080-4d6ee007b506: start LeaderElection
2019-10-19 01:14:44,798 [Thread-8533] INFO  impl.FollowerState (FollowerState.java:run(108)) - f143d5cf-4038-4fa8-8601-f5a45f16ca3e@group-A3037D40E172-FollowerState: change to CANDIDATE, lastRpcTime:112ms, electionTimeout:112ms
2019-10-19 01:14:44,798 [Thread-8533] INFO  impl.RoleInfo (RoleInfo.java:shutdownFollowerState(121)) - f143d5cf-4038-4fa8-8601-f5a45f16ca3e: shutdown FollowerState
2019-10-19 01:14:44,798 [Thread-8533] INFO  impl.RaftServerImpl (RaftServerImpl.java:setRole(184)) - f143d5cf-4038-4fa8-8601-f5a45f16ca3e@group-A3037D40E172: changes role from  FOLLOWER to CANDIDATE at term 181 for changeToCandidate
2019-10-19 01:14:44,798 [Thread-8533] INFO  impl.RoleInfo (RoleInfo.java:updateAndGet(143)) - f143d5cf-4038-4fa8-8601-f5a45f16ca3e: start LeaderElection
2019-10-19 01:14:45,208 [9c2d914d-67b1-4af9-8080-4d6ee007b506@group-20FCFA0487C4-LeaderElection945] INFO  impl.LeaderElection (LeaderElection.java:askForVotes(178)) - 9c2d914d-67b1-4af9-8080-4d6ee007b506@group-20FCFA0487C4-LeaderElection945: begin an election at term 173 for -1: [88be3607-7667-471c-9070-7dfd13eb5ac8:192.168.69.71:32925, 9c2d914d-67b1-4af9-8080-4d6ee007b506:192.168.69.71:35462, 61d0b7dc-5f8b-422f-8693-c58167224d24:192.168.69.71:43479], old=null
2019-10-19 01:14:45,210 [grpc-default-executor-10] INFO  impl.RaftServerImpl (RaftServerImpl.java:setRole(184)) - 88be3607-7667-471c-9070-7dfd13eb5ac8@group-20FCFA0487C4: changes role from  FOLLOWER to FOLLOWER at term 173 for recognizeCandidate:9c2d914d-67b1-4af9-8080-4d6ee007b506
2019-10-19 01:14:45,210 [grpc-default-executor-9] INFO  impl.RaftServerImpl (RaftServerImpl.java:setRole(184)) - 61d0b7dc-5f8b-422f-8693-c58167224d24@group-20FCFA0487C4: changes role from  FOLLOWER to FOLLOWER at term 173 for recognizeCandidate:9c2d914d-67b1-4af9-8080-4d6ee007b506
2019-10-19 01:14:45,211 [grpc-default-executor-9] INFO  impl.RoleInfo (RoleInfo.java:shutdownFollowerState(121)) - 61d0b7dc-5f8b-422f-8693-c58167224d24: shutdown FollowerState
2019-10-19 01:14:45,210 [grpc-default-executor-10] INFO  impl.RoleInfo (RoleInfo.java:shutdownFollowerState(121)) - 88be3607-7667-471c-9070-7dfd13eb5ac8: shutdown FollowerState
2019-10-19 01:14:45,211 [Thread-8521] INFO  impl.FollowerState (FollowerState.java:run(117)) - 61d0b7dc-5f8b-422f-8693-c58167224d24@group-20FCFA0487C4-FollowerState was interrupted: java.lang.InterruptedException: sleep interrupted
2019-10-19 01:14:45,211 [grpc-default-executor-9] INFO  impl.RoleInfo (RoleInfo.java:updateAndGet(143)) - 61d0b7dc-5f8b-422f-8693-c58167224d24: start FollowerState
2019-10-19 01:14:45,211 [Thread-8522] INFO  impl.FollowerState (FollowerState.java:run(117)) - 88be3607-7667-471c-9070-7dfd13eb5ac8@group-20FCFA0487C4-FollowerState was interrupted: java.lang.InterruptedException: sleep interrupted
2019-10-19 01:14:45,211 [grpc-default-executor-10] INFO  impl.RoleInfo (RoleInfo.java:updateAndGet(143)) - 88be3607-7667-471c-9070-7dfd13eb5ac8: start FollowerState
2019-10-19 01:14:45,216 [f143d5cf-4038-4fa8-8601-f5a45f16ca3e@group-A3037D40E172-LeaderElection946] INFO  impl.LeaderElection (LeaderElection.java:askForVotes(178)) - f143d5cf-4038-4fa8-8601-f5a45f16ca3e@group-A3037D40E172-LeaderElection946: begin an election at term 182 for -1: [f143d5cf-4038-4fa8-8601-f5a45f16ca3e:192.168.69.71:40169, 2543ffea-c5c6-4af0-856f-eb846bad755a:192.168.69.71:45287, 61d14648-e80d-4cd8-9e7c-6deb2f21aca8:192.168.69.71:42247], old=null
2019-10-19 01:14:45,217 [grpc-default-executor-1] INFO  impl.RaftServerImpl (RaftServerImpl.java:setRole(184)) - 2543ffea-c5c6-4af0-856f-eb846bad755a@group-A3037D40E172: changes role from  FOLLOWER to FOLLOWER at term 182 for recognizeCandidate:f143d5cf-4038-4fa8-8601-f5a45f16ca3e
2019-10-19 01:14:45,217 [grpc-default-executor-3] INFO  impl.RaftServerImpl (RaftServerImpl.java:setRole(184)) - 61d14648-e80d-4cd8-9e7c-6deb2f21aca8@group-A3037D40E172: changes role from  FOLLOWER to FOLLOWER at term 182 for recognizeCandidate:f143d5cf-4038-4fa8-8601-f5a45f16ca3e
2019-10-19 01:14:45,217 [grpc-default-executor-1] INFO  impl.RoleInfo (RoleInfo.java:shutdownFollowerState(121)) - 2543ffea-c5c6-4af0-856f-eb846bad755a: shutdown FollowerState
2019-10-19 01:14:45,217 [grpc-default-executor-3] INFO  impl.RoleInfo (RoleInfo.java:shutdownFollowerState(121)) - 61d14648-e80d-4cd8-9e7c-6deb2f21aca8: shutdown FollowerState
2019-10-19 01:14:45,217 [Thread-8531] INFO  impl.FollowerState (FollowerState.java:run(117)) - 2543ffea-c5c6-4af0-856f-eb846bad755a@group-A3037D40E172-FollowerState was interrupted: java.lang.InterruptedException: sleep interrupted
2019-10-19 01:14:45,217 [grpc-default-executor-1] INFO  impl.RoleInfo (RoleInfo.java:updateAndGet(143)) - 2543ffea-c5c6-4af0-856f-eb846bad755a: start FollowerState
2019-10-19 01:14:45,217 [Thread-8532] INFO  impl.FollowerState (FollowerState.java:run(117)) - 61d14648-e80d-4cd8-9e7c-6deb2f21aca8@group-A3037D40E172-FollowerState was interrupted: java.lang.InterruptedException: sleep interrupted
2019-10-19 01:14:45,217 [grpc-default-executor-3] INFO  impl.RoleInfo (RoleInfo.java:updateAndGet(143)) - 61d14648-e80d-4cd8-9e7c-6deb2f21aca8: start FollowerState
2019-10-19 01:14:45,225 [f143d5cf-4038-4fa8-8601-f5a45f16ca3e@group-A3037D40E172-LeaderElection946] INFO  impl.LeaderElection (LeaderElection.java:logAndReturn(56)) - f143d5cf-4038-4fa8-8601-f5a45f16ca3e@group-A3037D40E172-LeaderElection946: Election REJECTED; received 2 response(s) [f143d5cf-4038-4fa8-8601-f5a45f16ca3e<-2543ffea-c5c6-4af0-856f-eb846bad755a#0:FAIL-t182, f143d5cf-4038-4fa8-8601-f5a45f16ca3e<-61d14648-e80d-4cd8-9e7c-6deb2f21aca8#0:FAIL-t182] and 0 exception(s); f143d5cf-4038-4fa8-8601-f5a45f16ca3e@group-A3037D40E172:t182, leader=null, voted=f143d5cf-4038-4fa8-8601-f5a45f16ca3e, raftlog=f143d5cf-4038-4fa8-8601-f5a45f16ca3e@group-A3037D40E172-SegmentedRaftLog:OPENED:c-1,f-1,i0, conf=-1: [f143d5cf-4038-4fa8-8601-f5a45f16ca3e:192.168.69.71:40169, 2543ffea-c5c6-4af0-856f-eb846bad755a:192.168.69.71:45287, 61d14648-e80d-4cd8-9e7c-6deb2f21aca8:192.168.69.71:42247], old=null
2019-10-19 01:14:45,225 [9c2d914d-67b1-4af9-8080-4d6ee007b506@group-20FCFA0487C4-LeaderElection945] INFO  impl.LeaderElection (LeaderElection.java:logAndReturn(56)) - 9c2d914d-67b1-4af9-8080-4d6ee007b506@group-20FCFA0487C4-LeaderElection945: Election REJECTED; received 2 response(s) [9c2d914d-67b1-4af9-8080-4d6ee007b506<-88be3607-7667-471c-9070-7dfd13eb5ac8#0:FAIL-t173, 9c2d914d-67b1-4af9-8080-4d6ee007b506<-61d0b7dc-5f8b-422f-8693-c58167224d24#0:FAIL-t173] and 0 exception(s); 9c2d914d-67b1-4af9-8080-4d6ee007b506@group-20FCFA0487C4:t173, leader=null, voted=9c2d914d-67b1-4af9-8080-4d6ee007b506, raftlog=9c2d914d-67b1-4af9-8080-4d6ee007b506@group-20FCFA0487C4-SegmentedRaftLog:OPENED:c-1,f-1,i0, conf=-1: [88be3607-7667-471c-9070-7dfd13eb5ac8:192.168.69.71:32925, 9c2d914d-67b1-4af9-8080-4d6ee007b506:192.168.69.71:35462, 61d0b7dc-5f8b-422f-8693-c58167224d24:192.168.69.71:43479], old=null
2019-10-19 01:14:45,225 [f143d5cf-4038-4fa8-8601-f5a45f16ca3e@group-A3037D40E172-LeaderElection946] INFO  impl.RaftServerImpl (RaftServerImpl.java:setRole(184)) - f143d5cf-4038-4fa8-8601-f5a45f16ca3e@group-A3037D40E172: changes role from CANDIDATE to FOLLOWER at term 182 for DISCOVERED_A_NEW_TERM
2019-10-19 01:14:45,225 [9c2d914d-67b1-4af9-8080-4d6ee007b506@group-20FCFA0487C4-LeaderElection945] INFO  impl.RaftServerImpl (RaftServerImpl.java:setRole(184)) - 9c2d914d-67b1-4af9-8080-4d6ee007b506@group-20FCFA0487C4: changes role from CANDIDATE to FOLLOWER at term 173 for DISCOVERED_A_NEW_TERM
2019-10-19 01:14:45,225 [9c2d914d-67b1-4af9-8080-4d6ee007b506@group-20FCFA0487C4-LeaderElection945] INFO  impl.RoleInfo (RoleInfo.java:shutdownLeaderElection(134)) - 9c2d914d-67b1-4af9-8080-4d6ee007b506: shutdown LeaderElection
2019-10-19 01:14:45,225 [f143d5cf-4038-4fa8-8601-f5a45f16ca3e@group-A3037D40E172-LeaderElection946] INFO  impl.RoleInfo (RoleInfo.java:shutdownLeaderElection(134)) - f143d5cf-4038-4fa8-8601-f5a45f16ca3e: shutdown LeaderElection
2019-10-19 01:14:45,225 [9c2d914d-67b1-4af9-8080-4d6ee007b506@group-20FCFA0487C4-LeaderElection945] INFO  impl.RoleInfo (RoleInfo.java:updateAndGet(143)) - 9c2d914d-67b1-4af9-8080-4d6ee007b506: start FollowerState
2019-10-19 01:14:45,226 [f143d5cf-4038-4fa8-8601-f5a45f16ca3e@group-A3037D40E172-LeaderElection946] INFO  impl.RoleInfo (RoleInfo.java:updateAndGet(143)) - f143d5cf-4038-4fa8-8601-f5a45f16ca3e: start FollowerState
2019-10-19 01:14:45,299 [Thread-8547] INFO  impl.FollowerState (FollowerState.java:run(108)) - f143d5cf-4038-4fa8-8601-f5a45f16ca3e@group-A3037D40E172-FollowerState: change to CANDIDATE, lastRpcTime:73ms, electionTimeout:73ms
2019-10-19 01:14:45,299 [Thread-8547] INFO  impl.RoleInfo (RoleInfo.java:shutdownFollowerState(121)) - f143d5cf-4038-4fa8-8601-f5a45f16ca3e: shutdown FollowerState
2019-10-19 01:14:45,299 [Thread-8547] INFO  impl.RaftServerImpl (RaftServerImpl.java:setRole(184)) - f143d5cf-4038-4fa8-8601-f5a45f16ca3e@group-A3037D40E172: changes role from  FOLLOWER to CANDIDATE at term 182 for changeToCandidate
2019-10-19 01:14:45,299 [Thread-8547] INFO  impl.RoleInfo (RoleInfo.java:updateAndGet(143)) - f143d5cf-4038-4fa8-8601-f5a45f16ca3e: start LeaderElection
2019-10-19 01:14:45,312 [f143d5cf-4038-4fa8-8601-f5a45f16ca3e@group-A3037D40E172-LeaderElection947] INFO  impl.LeaderElection (LeaderElection.java:askForVotes(178)) - f143d5cf-4038-4fa8-8601-f5a45f16ca3e@group-A3037D40E172-LeaderElection947: begin an election at term 183 for -1: [f143d5cf-4038-4fa8-8601-f5a45f16ca3e:192.168.69.71:40169, 2543ffea-c5c6-4af0-856f-eb846bad755a:192.168.69.71:45287, 61d14648-e80d-4cd8-9e7c-6deb2f21aca8:192.168.69.71:42247], old=null
2019-10-19 01:14:45,314 [grpc-default-executor-3] INFO  impl.RaftServerImpl (RaftServerImpl.java:setRole(184)) - 61d14648-e80d-4cd8-9e7c-6deb2f21aca8@group-A3037D40E172: changes role from  FOLLOWER to FOLLOWER at term 183 for recognizeCandidate:f143d5cf-4038-4fa8-8601-f5a45f16ca3e
2019-10-19 01:14:45,314 [grpc-default-executor-9] INFO  impl.RaftServerImpl (RaftServerImpl.java:setRole(184)) - 2543ffea-c5c6-4af0-856f-eb846bad755a@group-A3037D40E172: changes role from  FOLLOWER to FOLLOWER at term 183 for recognizeCandidate:f143d5cf-4038-4fa8-8601-f5a45f16ca3e
2019-10-19 01:14:45,314 [grpc-default-executor-9] INFO  impl.RoleInfo (RoleInfo.java:shutdownFollowerState(121)) - 2543ffea-c5c6-4af0-856f-eb846bad755a: shutdown FollowerState
2019-10-19 01:14:45,314 [grpc-default-executor-3] INFO  impl.RoleInfo (RoleInfo.java:shutdownFollowerState(121)) - 61d14648-e80d-4cd8-9e7c-6deb2f21aca8: shutdown FollowerState
2019-10-19 01:14:45,314 [Thread-8544] INFO  impl.FollowerState (FollowerState.java:run(117)) - 2543ffea-c5c6-4af0-856f-eb846bad755a@group-A3037D40E172-FollowerState was interrupted: java.lang.InterruptedException: sleep interrupted
2019-10-19 01:14:45,314 [grpc-default-executor-9] INFO  impl.RoleInfo (RoleInfo.java:updateAndGet(143)) - 2543ffea-c5c6-4af0-856f-eb846bad755a: start FollowerState
2019-10-19 01:14:45,314 [Thread-8545] INFO  impl.FollowerState (FollowerState.java:run(117)) - 61d14648-e80d-4cd8-9e7c-6deb2f21aca8@group-A3037D40E172-FollowerState was interrupted: java.lang.InterruptedException: sleep interrupted
2019-10-19 01:14:45,314 [grpc-default-executor-3] INFO  impl.RoleInfo (RoleInfo.java:updateAndGet(143)) - 61d14648-e80d-4cd8-9e7c-6deb2f21aca8: start FollowerState
2019-10-19 01:14:45,328 [f143d5cf-4038-4fa8-8601-f5a45f16ca3e@group-A3037D40E172-LeaderElection947] INFO  impl.LeaderElection (LeaderElection.java:logAndReturn(56)) - f143d5cf-4038-4fa8-8601-f5a45f16ca3e@group-A3037D40E172-LeaderElection947: Election REJECTED; received 2 response(s) [f143d5cf-4038-4fa8-8601-f5a45f16ca3e<-2543ffea-c5c6-4af0-856f-eb846bad755a#0:FAIL-t183, f143d5cf-4038-4fa8-8601-f5a45f16ca3e<-61d14648-e80d-4cd8-9e7c-6deb2f21aca8#0:FAIL-t183] and 0 exception(s); f143d5cf-4038-4fa8-8601-f5a45f16ca3e@group-A3037D40E172:t183, leader=null, voted=f143d5cf-4038-4fa8-8601-f5a45f16ca3e, raftlog=f143d5cf-4038-4fa8-8601-f5a45f16ca3e@group-A3037D40E172-SegmentedRaftLog:OPENED:c-1,f-1,i0, conf=-1: [f143d5cf-4038-4fa8-8601-f5a45f16ca3e:192.168.69.71:40169, 2543ffea-c5c6-4af0-856f-eb846bad755a:192.168.69.71:45287, 61d14648-e80d-4cd8-9e7c-6deb2f21aca8:192.168.69.71:42247], old=null
2019-10-19 01:14:45,328 [f143d5cf-4038-4fa8-8601-f5a45f16ca3e@group-A3037D40E172-LeaderElection947] INFO  impl.RaftServerImpl (RaftServerImpl.java:setRole(184)) - f143d5cf-4038-4fa8-8601-f5a45f16ca3e@group-A3037D40E172: changes role from CANDIDATE to FOLLOWER at term 183 for DISCOVERED_A_NEW_TERM
2019-10-19 01:14:45,328 [f143d5cf-4038-4fa8-8601-f5a45f16ca3e@group-A3037D40E172-LeaderElection947] INFO  impl.RoleInfo (RoleInfo.java:shutdownLeaderElection(134)) - f143d5cf-4038-4fa8-8601-f5a45f16ca3e: shutdown LeaderElection
2019-10-19 01:14:45,328 [f143d5cf-4038-4fa8-8601-f5a45f16ca3e@group-A3037D40E172-LeaderElection947] INFO  impl.RoleInfo (RoleInfo.java:updateAndGet(143)) - f143d5cf-4038-4fa8-8601-f5a45f16ca3e: start FollowerState
2019-10-19 01:14:45,416 [Thread-8546] INFO  impl.FollowerState (FollowerState.java:run(108)) - 9c2d914d-67b1-4af9-8080-4d6ee007b506@group-20FCFA0487C4-FollowerState: change to CANDIDATE, lastRpcTime:190ms, electionTimeout:190ms
2019-10-19 01:14:45,416 [Thread-8546] INFO  impl.RoleInfo (RoleInfo.java:shutdownFollowerState(121)) - 9c2d914d-67b1-4af9-8080-4d6ee007b506: shutdown FollowerState
2019-10-19 01:14:45,416 [Thread-8546] INFO  impl.RaftServerImpl (RaftServerImpl.java:setRole(184)) - 9c2d914d-67b1-4af9-8080-4d6ee007b506@group-20FCFA0487C4: changes role from  FOLLOWER to CANDIDATE at term 173 for changeToCandidate
2019-10-19 01:14:45,416 [Thread-8546] INFO  impl.RoleInfo (RoleInfo.java:updateAndGet(143)) - 9c2d914d-67b1-4af9-8080-4d6ee007b506: start LeaderElection
2019-10-19 01:14:45,431 [9c2d914d-67b1-4af9-8080-4d6ee007b506@group-20FCFA0487C4-LeaderElection948] INFO  impl.LeaderElection (LeaderElection.java:askForVotes(178)) - 9c2d914d-67b1-4af9-8080-4d6ee007b506@group-20FCFA0487C4-LeaderElection948: begin an election at term 174 for -1: [88be3607-7667-471c-9070-7dfd13eb5ac8:192.168.69.71:32925, 9c2d914d-67b1-4af9-8080-4d6ee007b506:192.168.69.71:35462, 61d0b7dc-5f8b-422f-8693-c58167224d24:192.168.69.71:43479], old=null
2019-10-19 01:14:45,432 [grpc-default-executor-3] INFO  impl.RaftServerImpl (RaftServerImpl.java:setRole(184)) - 61d0b7dc-5f8b-422f-8693-c58167224d24@group-20FCFA0487C4: changes role from  FOLLOWER to FOLLOWER at term 174 for recognizeCandidate:9c2d914d-67b1-4af9-8080-4d6ee007b506
2019-10-19 01:14:45,432 [grpc-default-executor-9] INFO  impl.RaftServerImpl (RaftServerImpl.java:setRole(184)) - 88be3607-7667-471c-9070-7dfd13eb5ac8@group-20FCFA0487C4: changes role from  FOLLOWER to FOLLOWER at term 174 for recognizeCandidate:9c2d914d-67b1-4af9-8080-4d6ee007b506
2019-10-19 01:14:45,432 [grpc-default-executor-9] INFO  impl.RoleInfo (RoleInfo.java:shutdownFollowerState(121)) - 88be3607-7667-471c-9070-7dfd13eb5ac8: shutdown FollowerState
2019-10-19 01:14:45,432 [grpc-default-executor-3] INFO  impl.RoleInfo (RoleInfo.java:shutdownFollowerState(121)) - 61d0b7dc-5f8b-422f-8693-c58167224d24: shutdown FollowerState
2019-10-19 01:14:45,433 [Thread-8539] INFO  impl.FollowerState (FollowerState.java:run(117)) - 88be3607-7667-471c-9070-7dfd13eb5ac8@group-20FCFA0487C4-FollowerState was interrupted: java.lang.InterruptedException: sleep interrupted
2019-10-19 01:14:45,433 [grpc-default-executor-9] INFO  impl.RoleInfo (RoleInfo.java:updateAndGet(143)) - 88be3607-7667-471c-9070-7dfd13eb5ac8: start FollowerState
2019-10-19 01:14:45,433 [Thread-8538] INFO  impl.FollowerState (FollowerState.java:run(117)) - 61d0b7dc-5f8b-422f-8693-c58167224d24@group-20FCFA0487C4-FollowerState was interrupted: java.lang.InterruptedException: sleep interrupted
2019-10-19 01:14:45,433 [grpc-default-executor-3] INFO  impl.RoleInfo (RoleInfo.java:updateAndGet(143)) - 61d0b7dc-5f8b-422f-8693-c58167224d24: start FollowerState
2019-10-19 01:14:45,434 [Thread-8553] INFO  impl.FollowerState (FollowerState.java:run(108)) - f143d5cf-4038-4fa8-8601-f5a45f16ca3e@group-A3037D40E172-FollowerState: change to CANDIDATE, lastRpcTime:105ms, electionTimeout:105ms
2019-10-19 01:14:45,434 [Thread-8553] INFO  impl.RoleInfo (RoleInfo.java:shutdownFollowerState(121)) - f143d5cf-4038-4fa8-8601-f5a45f16ca3e: shutdown FollowerState
2019-10-19 01:14:45,434 [Thread-8553] INFO  impl.RaftServerImpl (RaftServerImpl.java:setRole(184)) - f143d5cf-4038-4fa8-8601-f5a45f16ca3e@group-A3037D40E172: changes role from  FOLLOWER to CANDIDATE at term 183 for changeToCandidate
2019-10-19 01:14:45,434 [Thread-8553] INFO  impl.RoleInfo (RoleInfo.java:updateAndGet(143)) - f143d5cf-4038-4fa8-8601-f5a45f16ca3e: start LeaderElection
2019-10-19 01:14:45,448 [f143d5cf-4038-4fa8-8601-f5a45f16ca3e@group-A3037D40E172-LeaderElection949] INFO  impl.LeaderElection (LeaderElection.java:askForVotes(178)) - f143d5cf-4038-4fa8-8601-f5a45f16ca3e@group-A3037D40E172-LeaderElection949: begin an election at term 184 for -1: [f143d5cf-4038-4fa8-8601-f5a45f16ca3e:192.168.69.71:40169, 2543ffea-c5c6-4af0-856f-eb846bad755a:192.168.69.71:45287, 61d14648-e80d-4cd8-9e7c-6deb2f21aca8:192.168.69.71:42247], old=null
2019-10-19 01:14:45,448 [9c2d914d-67b1-4af9-8080-4d6ee007b506@group-20FCFA0487C4-LeaderElection948] INFO  impl.LeaderElection (LeaderElection.java:logAndReturn(56)) - 9c2d914d-67b1-4af9-8080-4d6ee007b506@group-20FCFA0487C4-LeaderElection948: Election REJECTED; received 2 response(s) [9c2d914d-67b1-4af9-8080-4d6ee007b506<-88be3607-7667-471c-9070-7dfd13eb5ac8#0:FAIL-t174, 9c2d914d-67b1-4af9-8080-4d6ee007b506<-61d0b7dc-5f8b-422f-8693-c58167224d24#0:FAIL-t174] and 0 exception(s); 9c2d914d-67b1-4af9-8080-4d6ee007b506@group-20FCFA0487C4:t174, leader=null, voted=9c2d914d-67b1-4af9-8080-4d6ee007b506, raftlog=9c2d914d-67b1-4af9-8080-4d6ee007b506@group-20FCFA0487C4-SegmentedRaftLog:OPENED:c-1,f-1,i0, conf=-1: [88be3607-7667-471c-9070-7dfd13eb5ac8:192.168.69.71:32925, 9c2d914d-67b1-4af9-8080-4d6ee007b506:192.168.69.71:35462, 61d0b7dc-5f8b-422f-8693-c58167224d24:192.168.69.71:43479], old=null
2019-10-19 01:14:45,448 [9c2d914d-67b1-4af9-8080-4d6ee007b506@group-20FCFA0487C4-LeaderElection948] INFO  impl.RaftServerImpl (RaftServerImpl.java:setRole(184)) - 9c2d914d-67b1-4af9-8080-4d6ee007b506@group-20FCFA0487C4: changes role from CANDIDATE to FOLLOWER at term 174 for DISCOVERED_A_NEW_TERM
2019-10-19 01:14:45,448 [9c2d914d-67b1-4af9-8080-4d6ee007b506@group-20FCFA0487C4-LeaderElection948] INFO  impl.RoleInfo (RoleInfo.java:shutdownLeaderElection(134)) - 9c2d914d-67b1-4af9-8080-4d6ee007b506: shutdown LeaderElection
2019-10-19 01:14:45,448 [9c2d914d-67b1-4af9-8080-4d6ee007b506@group-20FCFA0487C4-LeaderElection948] INFO  impl.RoleInfo (RoleInfo.java:updateAndGet(143)) - 9c2d914d-67b1-4af9-8080-4d6ee007b506: start FollowerState
2019-10-19 01:14:45,449 [grpc-default-executor-9] INFO  impl.RaftServerImpl (RaftServerImpl.java:setRole(184)) - 2543ffea-c5c6-4af0-856f-eb846bad755a@group-A3037D40E172: changes role from  FOLLOWER to FOLLOWER at term 184 for recognizeCandidate:f143d5cf-4038-4fa8-8601-f5a45f16ca3e
2019-10-19 01:14:45,449 [grpc-default-executor-9] INFO  impl.RoleInfo (RoleInfo.java:shutdownFollowerState(121)) - 2543ffea-c5c6-4af0-856f-eb846bad755a: shutdown FollowerState
2019-10-19 01:14:45,449 [grpc-default-executor-3] INFO  impl.RaftServerImpl (RaftServerImpl.java:setRole(184)) - 61d14648-e80d-4cd8-9e7c-6deb2f21aca8@group-A3037D40E172: changes role from  FOLLOWER to FOLLOWER at term 184 for recognizeCandidate:f143d5cf-4038-4fa8-8601-f5a45f16ca3e
2019-10-19 01:14:45,449 [grpc-default-executor-3] INFO  impl.RoleInfo (RoleInfo.java:shutdownFollowerState(121)) - 61d14648-e80d-4cd8-9e7c-6deb2f21aca8: shutdown FollowerState
2019-10-19 01:14:45,449 [Thread-8551] INFO  impl.FollowerState (FollowerState.java:run(117)) - 2543ffea-c5c6-4af0-856f-eb846bad755a@group-A3037D40E172-FollowerState was interrupted: java.lang.InterruptedException: sleep interrupted
2019-10-19 01:14:45,449 [grpc-default-executor-9] INFO  impl.RoleInfo (RoleInfo.java:updateAndGet(143)) - 2543ffea-c5c6-4af0-856f-eb846bad755a: start FollowerState
2019-10-19 01:14:45,449 [Thread-8552] INFO  impl.FollowerState (FollowerState.java:run(117)) - 61d14648-e80d-4cd8-9e7c-6deb2f21aca8@group-A3037D40E172-FollowerState was interrupted: java.lang.InterruptedException: sleep interrupted
2019-10-19 01:14:45,449 [grpc-default-executor-3] INFO  impl.RoleInfo (RoleInfo.java:updateAndGet(143)) - 61d14648-e80d-4cd8-9e7c-6deb2f21aca8: start FollowerState
2019-10-19 01:14:45,468 [f143d5cf-4038-4fa8-8601-f5a45f16ca3e@group-A3037D40E172-LeaderElection949] INFO  impl.LeaderElection (LeaderElection.java:logAndReturn(56)) - f143d5cf-4038-4fa8-8601-f5a45f16ca3e@group-A3037D40E172-LeaderElection949: Election REJECTED; received 2 response(s) [f143d5cf-4038-4fa8-8601-f5a45f16ca3e<-2543ffea-c5c6-4af0-856f-eb846bad755a#0:FAIL-t184, f143d5cf-4038-4fa8-8601-f5a45f16ca3e<-61d14648-e80d-4cd8-9e7c-6deb2f21aca8#0:FAIL-t184] and 0 exception(s); f143d5cf-4038-4fa8-8601-f5a45f16ca3e@group-A3037D40E172:t184, leader=null, voted=f143d5cf-4038-4fa8-8601-f5a45f16ca3e, raftlog=f143d5cf-4038-4fa8-8601-f5a45f16ca3e@group-A3037D40E172-SegmentedRaftLog:OPENED:c-1,f-1,i0, conf=-1: [f143d5cf-4038-4fa8-8601-f5a45f16ca3e:192.168.69.71:40169, 2543ffea-c5c6-4af0-856f-eb846bad755a:192.168.69.71:45287, 61d14648-e80d-4cd8-9e7c-6deb2f21aca8:192.168.69.71:42247], old=null
2019-10-19 01:14:45,468 [f143d5cf-4038-4fa8-8601-f5a45f16ca3e@group-A3037D40E172-LeaderElection949] INFO  impl.RaftServerImpl (RaftServerImpl.java:setRole(184)) - f143d5cf-4038-4fa8-8601-f5a45f16ca3e@group-A3037D40E172: changes role from CANDIDATE to FOLLOWER at term 184 for DISCOVERED_A_NEW_TERM
2019-10-19 01:14:45,468 [f143d5cf-4038-4fa8-8601-f5a45f16ca3e@group-A3037D40E172-LeaderElection949] INFO  impl.RoleInfo (RoleInfo.java:shutdownLeaderElection(134)) - f143d5cf-4038-4fa8-8601-f5a45f16ca3e: shutdown LeaderElection
2019-10-19 01:14:45,468 [f143d5cf-4038-4fa8-8601-f5a45f16ca3e@group-A3037D40E172-LeaderElection949] INFO  impl.RoleInfo (RoleInfo.java:updateAndGet(143)) - f143d5cf-4038-4fa8-8601-f5a45f16ca3e: start FollowerState
2019-10-19 01:14:45,478 [Thread-8562] INFO  impl.FollowerState (FollowerState.java:run(108)) - 9c2d914d-67b1-4af9-8080-4d6ee007b506@group-20FCFA0487C4-FollowerState: change to CANDIDATE, lastRpcTime:29ms, electionTimeout:29ms
2019-10-19 01:14:45,478 [Thread-8562] INFO  impl.RoleInfo (RoleInfo.java:shutdownFollowerState(121)) - 9c2d914d-67b1-4af9-8080-4d6ee007b506: shutdown FollowerState
2019-10-19 01:14:45,478 [Thread-8562] INFO  impl.RaftServerImpl (RaftServerImpl.java:setRole(184)) - 9c2d914d-67b1-4af9-8080-4d6ee007b506@group-20FCFA0487C4: changes role from  FOLLOWER to CANDIDATE at term 174 for changeToCandidate
2019-10-19 01:14:45,478 [Thread-8562] INFO  impl.RoleInfo (RoleInfo.java:updateAndGet(143)) - 9c2d914d-67b1-4af9-8080-4d6ee007b506: start LeaderElection
2019-10-19 01:14:45,499 [9c2d914d-67b1-4af9-8080-4d6ee007b506@group-20FCFA0487C4-LeaderElection950] INFO  impl.LeaderElection (LeaderElection.java:askForVotes(178)) - 9c2d914d-67b1-4af9-8080-4d6ee007b506@group-20FCFA0487C4-LeaderElection950: begin an election at term 175 for -1: [88be3607-7667-471c-9070-7dfd13eb5ac8:192.168.69.71:32925, 9c2d914d-67b1-4af9-8080-4d6ee007b506:192.168.69.71:35462, 61d0b7dc-5f8b-422f-8693-c58167224d24:192.168.69.71:43479], old=null
2019-10-19 01:14:45,500 [grpc-default-executor-9] INFO  impl.RaftServerImpl (RaftServerImpl.java:setRole(184)) - 61d0b7dc-5f8b-422f-8693-c58167224d24@group-20FCFA0487C4: changes role from  FOLLOWER to FOLLOWER at term 175 for recognizeCandidate:9c2d914d-67b1-4af9-8080-4d6ee007b506
2019-10-19 01:14:45,500 [grpc-default-executor-3] INFO  impl.RaftServerImpl (RaftServerImpl.java:setRole(184)) - 88be3607-7667-471c-9070-7dfd13eb5ac8@group-20FCFA0487C4: changes role from  FOLLOWER to FOLLOWER at term 175 for recognizeCandidate:9c2d914d-67b1-4af9-8080-4d6ee007b506
2019-10-19 01:14:45,500 [grpc-default-executor-3] INFO  impl.RoleInfo (RoleInfo.java:shutdownFollowerState(121)) - 88be3607-7667-471c-9070-7dfd13eb5ac8: shutdown FollowerState
2019-10-19 01:14:45,500 [grpc-default-executor-9] INFO  impl.RoleInfo (RoleInfo.java:shutdownFollowerState(121)) - 61d0b7dc-5f8b-422f-8693-c58167224d24: shutdown FollowerState
2019-10-19 01:14:45,500 [Thread-8557] INFO  impl.FollowerState (FollowerState.java:run(117)) - 88be3607-7667-471c-9070-7dfd13eb5ac8@group-20FCFA0487C4-FollowerState was interrupted: java.lang.InterruptedException: sleep interrupted
2019-10-19 01:14:45,500 [grpc-default-executor-3] INFO  impl.RoleInfo (RoleInfo.java:updateAndGet(143)) - 88be3607-7667-471c-9070-7dfd13eb5ac8: start FollowerState
2019-10-19 01:14:45,500 [Thread-8558] INFO  impl.FollowerState (FollowerState.java:run(117)) - 61d0b7dc-5f8b-422f-8693-c58167224d24@group-20FCFA0487C4-FollowerState was interrupted: java.lang.InterruptedException: sleep interrupted
2019-10-19 01:14:45,500 [grpc-default-executor-9] INFO  impl.RoleInfo (RoleInfo.java:updateAndGet(143)) - 61d0b7dc-5f8b-422f-8693-c58167224d24: start FollowerState
2019-10-19 01:14:45,511 [Thread-8565] INFO  impl.FollowerState (FollowerState.java:run(108)) - f143d5cf-4038-4fa8-8601-f5a45f16ca3e@group-A3037D40E172-FollowerState: change to CANDIDATE, lastRpcTime:43ms, electionTimeout:43ms
2019-10-19 01:14:45,511 [Thread-8565] INFO  impl.RoleInfo (RoleInfo.java:shutdownFollowerState(121)) - f143d5cf-4038-4fa8-8601-f5a45f16ca3e: shutdown FollowerState
2019-10-19 01:14:45,511 [Thread-8565] INFO  impl.RaftServerImpl (RaftServerImpl.java:setRole(184)) - f143d5cf-4038-4fa8-8601-f5a45f16ca3e@group-A3037D40E172: changes role from  FOLLOWER to CANDIDATE at term 184 for changeToCandidate
2019-10-19 01:14:45,511 [Thread-8565] INFO  impl.RoleInfo (RoleInfo.java:updateAndGet(143)) - f143d5cf-4038-4fa8-8601-f5a45f16ca3e: start LeaderElection
2019-10-19 01:14:45,514 [9c2d914d-67b1-4af9-8080-4d6ee007b506@group-20FCFA0487C4-LeaderElection950] INFO  impl.LeaderElection (LeaderElection.java:logAndReturn(56)) - 9c2d914d-67b1-4af9-8080-4d6ee007b506@group-20FCFA0487C4-LeaderElection950: Election REJECTED; received 2 response(s) [9c2d914d-67b1-4af9-8080-4d6ee007b506<-88be3607-7667-471c-9070-7dfd13eb5ac8#0:FAIL-t175, 9c2d914d-67b1-4af9-8080-4d6ee007b506<-61d0b7dc-5f8b-422f-8693-c58167224d24#0:FAIL-t175] and 0 exception(s); 9c2d914d-67b1-4af9-8080-4d6ee007b506@group-20FCFA0487C4:t175, leader=null, voted=9c2d914d-67b1-4af9-8080-4d6ee007b506, raftlog=9c2d914d-67b1-4af9-8080-4d6ee007b506@group-20FCFA0487C4-SegmentedRaftLog:OPENED:c-1,f-1,i0, conf=-1: [88be3607-7667-471c-9070-7dfd13eb5ac8:192.168.69.71:32925, 9c2d914d-67b1-4af9-8080-4d6ee007b506:192.168.69.71:35462, 61d0b7dc-5f8b-422f-8693-c58167224d24:192.168.69.71:43479], old=null
2019-10-19 01:14:45,514 [9c2d914d-67b1-4af9-8080-4d6ee007b506@group-20FCFA0487C4-LeaderElection950] INFO  impl.RaftServerImpl (RaftServerImpl.java:setRole(184)) - 9c2d914d-67b1-4af9-8080-4d6ee007b506@group-20FCFA0487C4: changes role from CANDIDATE to FOLLOWER at term 175 for DISCOVERED_A_NEW_TERM
2019-10-19 01:14:45,514 [9c2d914d-67b1-4af9-8080-4d6ee007b506@group-20FCFA0487C4-LeaderElection950] INFO  impl.RoleInfo (RoleInfo.java:shutdownLeaderElection(134)) - 9c2d914d-67b1-4af9-8080-4d6ee007b506: shutdown LeaderElection
2019-10-19 01:14:45,514 [9c2d914d-67b1-4af9-8080-4d6ee007b506@group-20FCFA0487C4-LeaderElection950] INFO  impl.RoleInfo (RoleInfo.java:updateAndGet(143)) - 9c2d914d-67b1-4af9-8080-4d6ee007b506: start FollowerState
2019-10-19 01:14:45,516 [f143d5cf-4038-4fa8-8601-f5a45f16ca3e@group-A3037D40E172-LeaderElection951] INFO  impl.LeaderElection (LeaderElection.java:askForVotes(178)) - f143d5cf-4038-4fa8-8601-f5a45f16ca3e@group-A3037D40E172-LeaderElection951: begin an election at term 185 for -1: [f143d5cf-4038-4fa8-8601-f5a45f16ca3e:192.168.69.71:40169, 2543ffea-c5c6-4af0-856f-eb846bad755a:192.168.69.71:45287, 61d14648-e80d-4cd8-9e7c-6deb2f21aca8:192.168.69.71:42247], old=null
2019-10-19 01:14:45,517 [grpc-default-executor-3] INFO  impl.RaftServerImpl (RaftServerImpl.java:setRole(184)) - 2543ffea-c5c6-4af0-856f-eb846bad755a@group-A3037D40E172: changes role from  FOLLOWER to FOLLOWER at term 185 for recognizeCandidate:f143d5cf-4038-4fa8-8601-f5a45f16ca3e
2019-10-19 01:14:45,517 [grpc-default-executor-3] INFO  impl.RoleInfo (RoleInfo.java:shutdownFollowerState(121)) - 2543ffea-c5c6-4af0-856f-eb846bad755a: shutdown FollowerState
2019-10-19 01:14:45,517 [grpc-default-executor-9] INFO  impl.RaftServerImpl (RaftServerImpl.java:setRole(184)) - 61d14648-e80d-4cd8-9e7c-6deb2f21aca8@group-A3037D40E172: changes role from  FOLLOWER to FOLLOWER at term 185 for recognizeCandidate:f143d5cf-4038-4fa8-8601-f5a45f16ca3e
2019-10-19 01:14:45,517 [grpc-default-executor-9] INFO  impl.RoleInfo (RoleInfo.java:shutdownFollowerState(121)) - 61d14648-e80d-4cd8-9e7c-6deb2f21aca8: shutdown FollowerState
2019-10-19 01:14:45,517 [Thread-8563] INFO  impl.FollowerState (FollowerState.java:run(117)) - 2543ffea-c5c6-4af0-856f-eb846bad755a@group-A3037D40E172-FollowerState was interrupted: java.lang.InterruptedException: sleep interrupted
2019-10-19 01:14:45,517 [grpc-default-executor-3] INFO  impl.RoleInfo (RoleInfo.java:updateAndGet(143)) - 2543ffea-c5c6-4af0-856f-eb846bad755a: start FollowerState
2019-10-19 01:14:45,517 [Thread-8564] INFO  impl.FollowerState (FollowerState.java:run(117)) - 61d14648-e80d-4cd8-9e7c-6deb2f21aca8@group-A3037D40E172-FollowerState was interrupted: java.lang.InterruptedException: sleep interrupted
2019-10-19 01:14:45,517 [grpc-default-executor-9] INFO  impl.RoleInfo (RoleInfo.java:updateAndGet(143)) - 61d14648-e80d-4cd8-9e7c-6deb2f21aca8: start FollowerState
2019-10-19 01:14:45,531 [f143d5cf-4038-4fa8-8601-f5a45f16ca3e@group-A3037D40E172-LeaderElection951] INFO  impl.LeaderElection (LeaderElection.java:logAndReturn(56)) - f143d5cf-4038-4fa8-8601-f5a45f16ca3e@group-A3037D40E172-LeaderElection951: Election REJECTED; received 2 response(s) [f143d5cf-4038-4fa8-8601-f5a45f16ca3e<-2543ffea-c5c6-4af0-856f-eb846bad755a#0:FAIL-t185, f143d5cf-4038-4fa8-8601-f5a45f16ca3e<-61d14648-e80d-4cd8-9e7c-6deb2f21aca8#0:FAIL-t185] and 0 exception(s); f143d5cf-4038-4fa8-8601-f5a45f16ca3e@group-A3037D40E172:t185, leader=null, voted=f143d5cf-4038-4fa8-8601-f5a45f16ca3e, raftlog=f143d5cf-4038-4fa8-8601-f5a45f16ca3e@group-A3037D40E172-SegmentedRaftLog:OPENED:c-1,f-1,i0, conf=-1: [f143d5cf-4038-4fa8-8601-f5a45f16ca3e:192.168.69.71:40169, 2543ffea-c5c6-4af0-856f-eb846bad755a:192.168.69.71:45287, 61d14648-e80d-4cd8-9e7c-6deb2f21aca8:192.168.69.71:42247], old=null
2019-10-19 01:14:45,531 [f143d5cf-4038-4fa8-8601-f5a45f16ca3e@group-A3037D40E172-LeaderElection951] INFO  impl.RaftServerImpl (RaftServerImpl.java:setRole(184)) - f143d5cf-4038-4fa8-8601-f5a45f16ca3e@group-A3037D40E172: changes role from CANDIDATE to FOLLOWER at term 185 for DISCOVERED_A_NEW_TERM
2019-10-19 01:14:45,531 [f143d5cf-4038-4fa8-8601-f5a45f16ca3e@group-A3037D40E172-LeaderElection951] INFO  impl.RoleInfo (RoleInfo.java:shutdownLeaderElection(134)) - f143d5cf-4038-4fa8-8601-f5a45f16ca3e: shutdown LeaderElection
2019-10-19 01:14:45,531 [f143d5cf-4038-4fa8-8601-f5a45f16ca3e@group-A3037D40E172-LeaderElection951] INFO  impl.RoleInfo (RoleInfo.java:updateAndGet(143)) - f143d5cf-4038-4fa8-8601-f5a45f16ca3e: start FollowerState
2019-10-19 01:14:45,620 [Thread-8572] INFO  impl.FollowerState (FollowerState.java:run(108)) - 9c2d914d-67b1-4af9-8080-4d6ee007b506@group-20FCFA0487C4-FollowerState: change to CANDIDATE, lastRpcTime:105ms, electionTimeout:105ms
2019-10-19 01:14:45,620 [Thread-8572] INFO  impl.RoleInfo (RoleInfo.java:shutdownFollowerState(121)) - 9c2d914d-67b1-4af9-8080-4d6ee007b506: shutdown FollowerState
2019-10-19 01:14:45,620 [Thread-8572] INFO  impl.RaftServerImpl (RaftServerImpl.java:setRole(184)) - 9c2d914d-67b1-4af9-8080-4d6ee007b506@group-20FCFA0487C4: changes role from  FOLLOWER to CANDIDATE at term 175 for changeToCandidate
2019-10-19 01:14:45,620 [Thread-8572] INFO  impl.RoleInfo (RoleInfo.java:updateAndGet(143)) - 9c2d914d-67b1-4af9-8080-4d6ee007b506: start LeaderElection
2019-10-19 01:14:45,633 [9c2d914d-67b1-4af9-8080-4d6ee007b506@group-20FCFA0487C4-LeaderElection952] INFO  impl.LeaderElection (LeaderElection.java:askForVotes(178)) - 9c2d914d-67b1-4af9-8080-4d6ee007b506@group-20FCFA0487C4-LeaderElection952: begin an election at term 176 for -1: [88be3607-7667-471c-9070-7dfd13eb5ac8:192.168.69.71:32925, 9c2d914d-67b1-4af9-8080-4d6ee007b506:192.168.69.71:35462, 61d0b7dc-5f8b-422f-8693-c58167224d24:192.168.69.71:43479], old=null
2019-10-19 01:14:45,634 [grpc-default-executor-3] INFO  impl.RaftServerImpl (RaftServerImpl.java:setRole(184)) - 61d0b7dc-5f8b-422f-8693-c58167224d24@group-20FCFA0487C4: changes role from  FOLLOWER to FOLLOWER at term 176 for recognizeCandidate:9c2d914d-67b1-4af9-8080-4d6ee007b506
2019-10-19 01:14:45,635 [grpc-default-executor-3] INFO  impl.RoleInfo (RoleInfo.java:shutdownFollowerState(121)) - 61d0b7dc-5f8b-422f-8693-c58167224d24: shutdown FollowerState
2019-10-19 01:14:45,634 [grpc-default-executor-9] INFO  impl.RaftServerImpl (RaftServerImpl.java:setRole(184)) - 88be3607-7667-471c-9070-7dfd13eb5ac8@group-20FCFA0487C4: changes role from  FOLLOWER to FOLLOWER at term 176 for recognizeCandidate:9c2d914d-67b1-4af9-8080-4d6ee007b506
2019-10-19 01:14:45,635 [Thread-8570] INFO  impl.FollowerState (FollowerState.java:run(117)) - 61d0b7dc-5f8b-422f-8693-c58167224d24@group-20FCFA0487C4-FollowerState was interrupted: java.lang.InterruptedException: sleep interrupted
2019-10-19 01:14:45,635 [grpc-default-executor-3] INFO  impl.RoleInfo (RoleInfo.java:updateAndGet(143)) - 61d0b7dc-5f8b-422f-8693-c58167224d24: start FollowerState
2019-10-19 01:14:45,635 [grpc-default-executor-9] INFO  impl.RoleInfo (RoleInfo.java:shutdownFollowerState(121)) - 88be3607-7667-471c-9070-7dfd13eb5ac8: shutdown FollowerState
2019-10-19 01:14:45,635 [grpc-default-executor-9] INFO  impl.RoleInfo (RoleInfo.java:updateAndGet(143)) - 88be3607-7667-471c-9070-7dfd13eb5ac8: start FollowerState
2019-10-19 01:14:45,635 [Thread-8569] INFO  impl.FollowerState (FollowerState.java:run(117)) - 88be3607-7667-471c-9070-7dfd13eb5ac8@group-20FCFA0487C4-FollowerState was interrupted: java.lang.InterruptedException: sleep interrupted
2019-10-19 01:14:45,649 [9c2d914d-67b1-4af9-8080-4d6ee007b506@group-20FCFA0487C4-LeaderElection952] INFO  impl.LeaderElection (LeaderElection.java:logAndReturn(56)) - 9c2d914d-67b1-4af9-8080-4d6ee007b506@group-20FCFA0487C4-LeaderElection952: Election REJECTED; received 2 response(s) [9c2d914d-67b1-4af9-8080-4d6ee007b506<-88be3607-7667-471c-9070-7dfd13eb5ac8#0:FAIL-t176, 9c2d914d-67b1-4af9-8080-4d6ee007b506<-61d0b7dc-5f8b-422f-8693-c58167224d24#0:FAIL-t176] and 0 exception(s); 9c2d914d-67b1-4af9-8080-4d6ee007b506@group-20FCFA0487C4:t176, leader=null, voted=9c2d914d-67b1-4af9-8080-4d6ee007b506, raftlog=9c2d914d-67b1-4af9-8080-4d6ee007b506@group-20FCFA0487C4-SegmentedRaftLog:OPENED:c-1,f-1,i0, conf=-1: [88be3607-7667-471c-9070-7dfd13eb5ac8:192.168.69.71:32925, 9c2d914d-67b1-4af9-8080-4d6ee007b506:192.168.69.71:35462, 61d0b7dc-5f8b-422f-8693-c58167224d24:192.168.69.71:43479], old=null
2019-10-19 01:14:45,650 [9c2d914d-67b1-4af9-8080-4d6ee007b506@group-20FCFA0487C4-LeaderElection952] INFO  impl.RaftServerImpl (RaftServerImpl.java:setRole(184)) - 9c2d914d-67b1-4af9-8080-4d6ee007b506@group-20FCFA0487C4: changes role from CANDIDATE to FOLLOWER at term 176 for DISCOVERED_A_NEW_TERM
2019-10-19 01:14:45,650 [9c2d914d-67b1-4af9-8080-4d6ee007b506@group-20FCFA0487C4-LeaderElection952] INFO  impl.RoleInfo (RoleInfo.java:shutdownLeaderElection(134)) - 9c2d914d-67b1-4af9-8080-4d6ee007b506: shutdown LeaderElection
2019-10-19 01:14:45,650 [9c2d914d-67b1-4af9-8080-4d6ee007b506@group-20FCFA0487C4-LeaderElection952] INFO  impl.RoleInfo (RoleInfo.java:updateAndGet(143)) - 9c2d914d-67b1-4af9-8080-4d6ee007b506: start FollowerState
2019-10-19 01:14:45,672 [Thread-8577] INFO  impl.FollowerState (FollowerState.java:run(108)) - f143d5cf-4038-4fa8-8601-f5a45f16ca3e@group-A3037D40E172-FollowerState: change to CANDIDATE, lastRpcTime:140ms, electionTimeout:140ms
2019-10-19 01:14:45,672 [Thread-8577] INFO  impl.RoleInfo (RoleInfo.java:shutdownFollowerState(121)) - f143d5cf-4038-4fa8-8601-f5a45f16ca3e: shutdown FollowerState
2019-10-19 01:14:45,672 [Thread-8577] INFO  impl.RaftServerImpl (RaftServerImpl.java:setRole(184)) - f143d5cf-4038-4fa8-8601-f5a45f16ca3e@group-A3037D40E172: changes role from  FOLLOWER to CANDIDATE at term 185 for changeToCandidate
2019-10-19 01:14:45,672 [Thread-8577] INFO  impl.RoleInfo (RoleInfo.java:updateAndGet(143)) - f143d5cf-4038-4fa8-8601-f5a45f16ca3e: start LeaderElection
2019-10-19 01:14:45,687 [f143d5cf-4038-4fa8-8601-f5a45f16ca3e@group-A3037D40E172-LeaderElection953] INFO  impl.LeaderElection (LeaderElection.java:askForVotes(178)) - f143d5cf-4038-4fa8-8601-f5a45f16ca3e@group-A3037D40E172-LeaderElection953: begin an election at term 186 for -1: [f143d5cf-4038-4fa8-8601-f5a45f16ca3e:192.168.69.71:40169, 2543ffea-c5c6-4af0-856f-eb846bad755a:192.168.69.71:45287, 61d14648-e80d-4cd8-9e7c-6deb2f21aca8:192.168.69.71:42247], old=null
2019-10-19 01:14:45,687 [grpc-default-executor-3] INFO  impl.RaftServerImpl (RaftServerImpl.java:setRole(184)) - 61d14648-e80d-4cd8-9e7c-6deb2f21aca8@group-A3037D40E172: changes role from  FOLLOWER to FOLLOWER at term 186 for recognizeCandidate:f143d5cf-4038-4fa8-8601-f5a45f16ca3e
2019-10-19 01:14:45,688 [grpc-default-executor-3] INFO  impl.RoleInfo (RoleInfo.java:shutdownFollowerState(121)) - 61d14648-e80d-4cd8-9e7c-6deb2f21aca8: shutdown FollowerState
2019-10-19 01:14:45,687 [grpc-default-executor-9] INFO  impl.RaftServerImpl (RaftServerImpl.java:setRole(184)) - 2543ffea-c5c6-4af0-856f-eb846bad755a@group-A3037D40E172: changes role from  FOLLOWER to FOLLOWER at term 186 for recognizeCandidate:f143d5cf-4038-4fa8-8601-f5a45f16ca3e
2019-10-19 01:14:45,688 [grpc-default-executor-9] INFO  impl.RoleInfo (RoleInfo.java:shutdownFollowerState(121)) - 2543ffea-c5c6-4af0-856f-eb846bad755a: shutdown FollowerState
2019-10-19 01:14:45,688 [Thread-8576] INFO  impl.FollowerState (FollowerState.java:run(117)) - 61d14648-e80d-4cd8-9e7c-6deb2f21aca8@group-A3037D40E172-FollowerState was interrupted: java.lang.InterruptedException: sleep interrupted
2019-10-19 01:14:45,688 [grpc-default-executor-3] INFO  impl.RoleInfo (RoleInfo.java:updateAndGet(143)) - 61d14648-e80d-4cd8-9e7c-6deb2f21aca8: start FollowerState
2019-10-19 01:14:45,688 [Thread-8575] INFO  impl.FollowerState (FollowerState.java:run(117)) - 2543ffea-c5c6-4af0-856f-eb846bad755a@group-A3037D40E172-FollowerState was interrupted: java.lang.InterruptedException: sleep interrupted
2019-10-19 01:14:45,688 [grpc-default-executor-9] INFO  impl.RoleInfo (RoleInfo.java:updateAndGet(143)) - 2543ffea-c5c6-4af0-856f-eb846bad755a: start FollowerState
2019-10-19 01:14:45,708 [Thread-8583] INFO  impl.FollowerState (FollowerState.java:run(108)) - 9c2d914d-67b1-4af9-8080-4d6ee007b506@group-20FCFA0487C4-FollowerState: change to CANDIDATE, lastRpcTime:58ms, electionTimeout:58ms
2019-10-19 01:14:45,708 [Thread-8583] INFO  impl.RoleInfo (RoleInfo.java:shutdownFollowerState(121)) - 9c2d914d-67b1-4af9-8080-4d6ee007b506: shutdown FollowerState
2019-10-19 01:14:45,708 [Thread-8583] INFO  impl.RaftServerImpl (RaftServerImpl.java:setRole(184)) - 9c2d914d-67b1-4af9-8080-4d6ee007b506@group-20FCFA0487C4: changes role from  FOLLOWER to CANDIDATE at term 176 for changeToCandidate
2019-10-19 01:14:45,708 [Thread-8583] INFO  impl.RoleInfo (RoleInfo.java:updateAndGet(143)) - 9c2d914d-67b1-4af9-8080-4d6ee007b506: start LeaderElection
2019-10-19 01:14:45,711 [f143d5cf-4038-4fa8-8601-f5a45f16ca3e@group-A3037D40E172-LeaderElection953] INFO  impl.LeaderElection (LeaderElection.java:logAndReturn(56)) - f143d5cf-4038-4fa8-8601-f5a45f16ca3e@group-A3037D40E172-LeaderElection953: Election REJECTED; received 2 response(s) [f143d5cf-4038-4fa8-8601-f5a45f16ca3e<-2543ffea-c5c6-4af0-856f-eb846bad755a#0:FAIL-t186, f143d5cf-4038-4fa8-8601-f5a45f16ca3e<-61d14648-e80d-4cd8-9e7c-6deb2f21aca8#0:FAIL-t186] and 0 exception(s); f143d5cf-4038-4fa8-8601-f5a45f16ca3e@group-A3037D40E172:t186, leader=null, voted=f143d5cf-4038-4fa8-8601-f5a45f16ca3e, raftlog=f143d5cf-4038-4fa8-8601-f5a45f16ca3e@group-A3037D40E172-SegmentedRaftLog:OPENED:c-1,f-1,i0, conf=-1: [f143d5cf-4038-4fa8-8601-f5a45f16ca3e:192.168.69.71:40169, 2543ffea-c5c6-4af0-856f-eb846bad755a:192.168.69.71:45287, 61d14648-e80d-4cd8-9e7c-6deb2f21aca8:192.168.69.71:42247], old=null
2019-10-19 01:14:45,711 [f143d5cf-4038-4fa8-8601-f5a45f16ca3e@group-A3037D40E172-LeaderElection953] INFO  impl.RaftServerImpl (RaftServerImpl.java:setRole(184)) - f143d5cf-4038-4fa8-8601-f5a45f16ca3e@group-A3037D40E172: changes role from CANDIDATE to FOLLOWER at term 186 for DISCOVERED_A_NEW_TERM
2019-10-19 01:14:45,711 [f143d5cf-4038-4fa8-8601-f5a45f16ca3e@group-A3037D40E172-LeaderElection953] INFO  impl.RoleInfo (RoleInfo.java:shutdownLeaderElection(134)) - f143d5cf-4038-4fa8-8601-f5a45f16ca3e: shutdown LeaderElection
2019-10-19 01:14:45,711 [f143d5cf-4038-4fa8-8601-f5a45f16ca3e@group-A3037D40E172-LeaderElection953] INFO  impl.RoleInfo (RoleInfo.java:updateAndGet(143)) - f143d5cf-4038-4fa8-8601-f5a45f16ca3e: start FollowerState
2019-10-19 01:14:45,712 [9c2d914d-67b1-4af9-8080-4d6ee007b506@group-20FCFA0487C4-LeaderElection954] INFO  impl.LeaderElection (LeaderElection.java:askForVotes(178)) - 9c2d914d-67b1-4af9-8080-4d6ee007b506@group-20FCFA0487C4-LeaderElection954: begin an election at term 177 for -1: [88be3607-7667-471c-9070-7dfd13eb5ac8:192.168.69.71:32925, 9c2d914d-67b1-4af9-8080-4d6ee007b506:192.168.69.71:35462, 61d0b7dc-5f8b-422f-8693-c58167224d24:192.168.69.71:43479], old=null
2019-10-19 01:14:45,713 [grpc-default-executor-3] INFO  impl.RaftServerImpl (RaftServerImpl.java:setRole(184)) - 88be3607-7667-471c-9070-7dfd13eb5ac8@group-20FCFA0487C4: changes role from  FOLLOWER to FOLLOWER at term 177 for recognizeCandidate:9c2d914d-67b1-4af9-8080-4d6ee007b506
2019-10-19 01:14:45,713 [grpc-default-executor-3] INFO  impl.RoleInfo (RoleInfo.java:shutdownFollowerState(121)) - 88be3607-7667-471c-9070-7dfd13eb5ac8: shutdown FollowerState
2019-10-19 01:14:45,713 [grpc-default-executor-9] INFO  impl.RaftServerImpl (RaftServerImpl.java:setRole(184)) - 61d0b7dc-5f8b-422f-8693-c58167224d24@group-20FCFA0487C4: changes role from  FOLLOWER to FOLLOWER at term 177 for recognizeCandidate:9c2d914d-67b1-4af9-8080-4d6ee007b506
2019-10-19 01:14:45,713 [Thread-8582] INFO  impl.FollowerState (FollowerState.java:run(117)) - 88be3607-7667-471c-9070-7dfd13eb5ac8@group-20FCFA0487C4-FollowerState was interrupted: java.lang.InterruptedException: sleep interrupted
2019-10-19 01:14:45,713 [grpc-default-executor-3] INFO  impl.RoleInfo (RoleInfo.java:updateAndGet(143)) - 88be3607-7667-471c-9070-7dfd13eb5ac8: start FollowerState
2019-10-19 01:14:45,713 [grpc-default-executor-9] INFO  impl.RoleInfo (RoleInfo.java:shutdownFollowerState(121)) - 61d0b7dc-5f8b-422f-8693-c58167224d24: shutdown FollowerState
2019-10-19 01:14:45,714 [grpc-default-executor-9] INFO  impl.RoleInfo (RoleInfo.java:updateAndGet(143)) - 61d0b7dc-5f8b-422f-8693-c58167224d24: start FollowerState
2019-10-19 01:14:45,714 [Thread-8581] INFO  impl.FollowerState (FollowerState.java:run(117)) - 61d0b7dc-5f8b-422f-8693-c58167224d24@group-20FCFA0487C4-FollowerState was interrupted: java.lang.InterruptedException: sleep interrupted
2019-10-19 01:14:45,721 [9c2d914d-67b1-4af9-8080-4d6ee007b506@group-20FCFA0487C4-LeaderElection954] INFO  impl.LeaderElection (LeaderElection.java:logAndReturn(56)) - 9c2d914d-67b1-4af9-8080-4d6ee007b506@group-20FCFA0487C4-LeaderElection954: Election TIMEOUT; received 0 response(s) [] and 0 exception(s); 9c2d914d-67b1-4af9-8080-4d6ee007b506@group-20FCFA0487C4:t177, leader=null, voted=9c2d914d-67b1-4af9-8080-4d6ee007b506, raftlog=9c2d914d-67b1-4af9-8080-4d6ee007b506@group-20FCFA0487C4-SegmentedRaftLog:OPENED:c-1,f-1,i0, conf=-1: [88be3607-7667-471c-9070-7dfd13eb5ac8:192.168.69.71:32925, 9c2d914d-67b1-4af9-8080-4d6ee007b506:192.168.69.71:35462, 61d0b7dc-5f8b-422f-8693-c58167224d24:192.168.69.71:43479], old=null
2019-10-19 01:14:45,731 [9c2d914d-67b1-4af9-8080-4d6ee007b506@group-20FCFA0487C4-LeaderElection954] INFO  impl.LeaderElection (LeaderElection.java:askForVotes(178)) - 9c2d914d-67b1-4af9-8080-4d6ee007b506@group-20FCFA0487C4-LeaderElection954: begin an election at term 178 for -1: [88be3607-7667-471c-9070-7dfd13eb5ac8:192.168.69.71:32925, 9c2d914d-67b1-4af9-8080-4d6ee007b506:192.168.69.71:35462, 61d0b7dc-5f8b-422f-8693-c58167224d24:192.168.69.71:43479], old=null
2019-10-19 01:14:45,732 [grpc-default-executor-3] INFO  impl.RaftServerImpl (RaftServerImpl.java:setRole(184)) - 88be3607-7667-471c-9070-7dfd13eb5ac8@group-20FCFA0487C4: changes role from  FOLLOWER to FOLLOWER at term 178 for recognizeCandidate:9c2d914d-67b1-4af9-8080-4d6ee007b506
2019-10-19 01:14:45,732 [grpc-default-executor-9] INFO  impl.RaftServerImpl (RaftServerImpl.java:setRole(184)) - 61d0b7dc-5f8b-422f-8693-c58167224d24@group-20FCFA0487C4: changes role from  FOLLOWER to FOLLOWER at term 178 for recognizeCandidate:9c2d914d-67b1-4af9-8080-4d6ee007b506
2019-10-19 01:14:45,732 [grpc-default-executor-3] INFO  impl.RoleInfo (RoleInfo.java:shutdownFollowerState(121)) - 88be3607-7667-471c-9070-7dfd13eb5ac8: shutdown FollowerState
2019-10-19 01:14:45,732 [grpc-default-executor-9] INFO  impl.RoleInfo (RoleInfo.java:shutdownFollowerState(121)) - 61d0b7dc-5f8b-422f-8693-c58167224d24: shutdown FollowerState
2019-10-19 01:14:45,732 [Thread-8593] INFO  impl.FollowerState (FollowerState.java:run(117)) - 88be3607-7667-471c-9070-7dfd13eb5ac8@group-20FCFA0487C4-FollowerState was interrupted: java.lang.InterruptedException: sleep interrupted
2019-10-19 01:14:45,732 [grpc-default-executor-3] INFO  impl.RoleInfo (RoleInfo.java:updateAndGet(143)) - 88be3607-7667-471c-9070-7dfd13eb5ac8: start FollowerState
2019-10-19 01:14:45,733 [Thread-8594] INFO  impl.FollowerState (FollowerState.java:run(117)) - 61d0b7dc-5f8b-422f-8693-c58167224d24@group-20FCFA0487C4-FollowerState was interrupted: java.lang.InterruptedException: sleep interrupted
2019-10-19 01:14:45,733 [grpc-default-executor-9] INFO  impl.RoleInfo (RoleInfo.java:updateAndGet(143)) - 61d0b7dc-5f8b-422f-8693-c58167224d24: start FollowerState
2019-10-19 01:14:45,758 [9c2d914d-67b1-4af9-8080-4d6ee007b506@group-20FCFA0487C4-LeaderElection954] INFO  impl.LeaderElection (LeaderElection.java:logAndReturn(56)) - 9c2d914d-67b1-4af9-8080-4d6ee007b506@group-20FCFA0487C4-LeaderElection954: Election REJECTED; received 2 response(s) [9c2d914d-67b1-4af9-8080-4d6ee007b506<-88be3607-7667-471c-9070-7dfd13eb5ac8#0:FAIL-t178, 9c2d914d-67b1-4af9-8080-4d6ee007b506<-61d0b7dc-5f8b-422f-8693-c58167224d24#0:FAIL-t178] and 0 exception(s); 9c2d914d-67b1-4af9-8080-4d6ee007b506@group-20FCFA0487C4:t178, leader=null, voted=9c2d914d-67b1-4af9-8080-4d6ee007b506, raftlog=9c2d914d-67b1-4af9-8080-4d6ee007b506@group-20FCFA0487C4-SegmentedRaftLog:OPENED:c-1,f-1,i0, conf=-1: [88be3607-7667-471c-9070-7dfd13eb5ac8:192.168.69.71:32925, 9c2d914d-67b1-4af9-8080-4d6ee007b506:192.168.69.71:35462, 61d0b7dc-5f8b-422f-8693-c58167224d24:192.168.69.71:43479], old=null
2019-10-19 01:14:45,759 [9c2d914d-67b1-4af9-8080-4d6ee007b506@group-20FCFA0487C4-LeaderElection954] INFO  impl.RaftServerImpl (RaftServerImpl.java:setRole(184)) - 9c2d914d-67b1-4af9-8080-4d6ee007b506@group-20FCFA0487C4: changes role from CANDIDATE to FOLLOWER at term 178 for DISCOVERED_A_NEW_TERM
2019-10-19 01:14:45,759 [9c2d914d-67b1-4af9-8080-4d6ee007b506@group-20FCFA0487C4-LeaderElection954] INFO  impl.RoleInfo (RoleInfo.java:shutdownLeaderElection(134)) - 9c2d914d-67b1-4af9-8080-4d6ee007b506: shutdown LeaderElection
2019-10-19 01:14:45,759 [9c2d914d-67b1-4af9-8080-4d6ee007b506@group-20FCFA0487C4-LeaderElection954] INFO  impl.RoleInfo (RoleInfo.java:updateAndGet(143)) - 9c2d914d-67b1-4af9-8080-4d6ee007b506: start FollowerState
2019-10-19 01:14:45,867 [Thread-8590] INFO  impl.FollowerState (FollowerState.java:run(108)) - f143d5cf-4038-4fa8-8601-f5a45f16ca3e@group-A3037D40E172-FollowerState: change to CANDIDATE, lastRpcTime:156ms, electionTimeout:156ms
2019-10-19 01:14:45,867 [Thread-8590] INFO  impl.RoleInfo (RoleInfo.java:shutdownFollowerState(121)) - f143d5cf-4038-4fa8-8601-f5a45f16ca3e: shutdown FollowerState
2019-10-19 01:14:45,868 [Thread-8590] INFO  impl.RaftServerImpl (RaftServerImpl.java:setRole(184)) - f143d5cf-4038-4fa8-8601-f5a45f16ca3e@group-A3037D40E172: changes role from  FOLLOWER to CANDIDATE at term 186 for changeToCandidate
2019-10-19 01:14:45,868 [Thread-8590] INFO  impl.RoleInfo (RoleInfo.java:updateAndGet(143)) - f143d5cf-4038-4fa8-8601-f5a45f16ca3e: start LeaderElection
2019-10-19 01:14:45,875 [Thread-8601] INFO  impl.FollowerState (FollowerState.java:run(108)) - 9c2d914d-67b1-4af9-8080-4d6ee007b506@group-20FCFA0487C4-FollowerState: change to CANDIDATE, lastRpcTime:116ms, electionTimeout:116ms
2019-10-19 01:14:45,875 [Thread-8601] INFO  impl.RoleInfo (RoleInfo.java:shutdownFollowerState(121)) - 9c2d914d-67b1-4af9-8080-4d6ee007b506: shutdown FollowerState
2019-10-19 01:14:45,875 [Thread-8601] INFO  impl.RaftServerImpl (RaftServerImpl.java:setRole(184)) - 9c2d914d-67b1-4af9-8080-4d6ee007b506@group-20FCFA0487C4: changes role from  FOLLOWER to CANDIDATE at term 178 for changeToCandidate
2019-10-19 01:14:45,875 [Thread-8601] INFO  impl.RoleInfo (RoleInfo.java:updateAndGet(143)) - 9c2d914d-67b1-4af9-8080-4d6ee007b506: start LeaderElection
2019-10-19 01:14:45,882 [f143d5cf-4038-4fa8-8601-f5a45f16ca3e@group-A3037D40E172-LeaderElection955] INFO  impl.LeaderElection (LeaderElection.java:askForVotes(178)) - f143d5cf-4038-4fa8-8601-f5a45f16ca3e@group-A3037D40E172-LeaderElection955: begin an election at term 187 for -1: [f143d5cf-4038-4fa8-8601-f5a45f16ca3e:192.168.69.71:40169, 2543ffea-c5c6-4af0-856f-eb846bad755a:192.168.69.71:45287, 61d14648-e80d-4cd8-9e7c-6deb2f21aca8:192.168.69.71:42247], old=null
2019-10-19 01:14:45,882 [9c2d914d-67b1-4af9-8080-4d6ee007b506@group-20FCFA0487C4-LeaderElection956] INFO  impl.LeaderElection (LeaderElection.java:askForVotes(178)) - 9c2d914d-67b1-4af9-8080-4d6ee007b506@group-20FCFA0487C4-LeaderElection956: begin an election at term 179 for -1: [88be3607-7667-471c-9070-7dfd13eb5ac8:192.168.69.71:32925, 9c2d914d-67b1-4af9-8080-4d6ee007b506:192.168.69.71:35462, 61d0b7dc-5f8b-422f-8693-c58167224d24:192.168.69.71:43479], old=null
2019-10-19 01:14:45,884 [grpc-default-executor-3] INFO  impl.RaftServerImpl (RaftServerImpl.java:setRole(184)) - 61d14648-e80d-4cd8-9e7c-6deb2f21aca8@group-A3037D40E172: changes role from  FOLLOWER to FOLLOWER at term 187 for recognizeCandidate:f143d5cf-4038-4fa8-8601-f5a45f16ca3e
2019-10-19 01:14:45,884 [grpc-default-executor-3] INFO  impl.RoleInfo (RoleInfo.java:shutdownFollowerState(121)) - 61d14648-e80d-4cd8-9e7c-6deb2f21aca8: shutdown FollowerState
2019-10-19 01:14:45,884 [grpc-default-executor-9] INFO  impl.RaftServerImpl (RaftServerImpl.java:setRole(184)) - 2543ffea-c5c6-4af0-856f-eb846bad755a@group-A3037D40E172: changes role from  FOLLOWER to FOLLOWER at term 187 for recognizeCandidate:f143d5cf-4038-4fa8-8601-f5a45f16ca3e
2019-10-19 01:14:45,884 [grpc-default-executor-3] INFO  impl.RoleInfo (RoleInfo.java:updateAndGet(143)) - 61d14648-e80d-4cd8-9e7c-6deb2f21aca8: start FollowerState
2019-10-19 01:14:45,884 [Thread-8587] INFO  impl.FollowerState (FollowerState.java:run(117)) - 61d14648-e80d-4cd8-9e7c-6deb2f21aca8@group-A3037D40E172-FollowerState was interrupted: java.lang.InterruptedException: sleep interrupted
2019-10-19 01:14:45,884 [grpc-default-executor-1] INFO  impl.RaftServerImpl (RaftServerImpl.java:setRole(184)) - 61d0b7dc-5f8b-422f-8693-c58167224d24@group-20FCFA0487C4: changes role from  FOLLOWER to FOLLOWER at term 179 for recognizeCandidate:9c2d914d-67b1-4af9-8080-4d6ee007b506
2019-10-19 01:14:45,884 [grpc-default-executor-1] INFO  impl.RoleInfo (RoleInfo.java:shutdownFollowerState(121)) - 61d0b7dc-5f8b-422f-8693-c58167224d24: shutdown FollowerState
2019-10-19 01:14:45,885 [grpc-default-executor-1] INFO  impl.RoleInfo (RoleInfo.java:updateAndGet(143)) - 61d0b7dc-5f8b-422f-8693-c58167224d24: start FollowerState
2019-10-19 01:14:45,884 [grpc-default-executor-10] INFO  impl.RaftServerImpl (RaftServerImpl.java:setRole(184)) - 88be3607-7667-471c-9070-7dfd13eb5ac8@group-20FCFA0487C4: changes role from  FOLLOWER to FOLLOWER at term 179 for recognizeCandidate:9c2d914d-67b1-4af9-8080-4d6ee007b506
2019-10-19 01:14:45,885 [grpc-default-executor-10] INFO  impl.RoleInfo (RoleInfo.java:shutdownFollowerState(121)) - 88be3607-7667-471c-9070-7dfd13eb5ac8: shutdown FollowerState
2019-10-19 01:14:45,885 [grpc-default-executor-10] INFO  impl.RoleInfo (RoleInfo.java:updateAndGet(143)) - 88be3607-7667-471c-9070-7dfd13eb5ac8: start FollowerState
2019-10-19 01:14:45,885 [Thread-8600] INFO  impl.FollowerState (FollowerState.java:run(117)) - 61d0b7dc-5f8b-422f-8693-c58167224d24@group-20FCFA0487C4-FollowerState was interrupted: java.lang.InterruptedException: sleep interrupted
2019-10-19 01:14:45,884 [grpc-default-executor-9] INFO  impl.RoleInfo (RoleInfo.java:shutdownFollowerState(121)) - 2543ffea-c5c6-4af0-856f-eb846bad755a: shutdown FollowerState
2019-10-19 01:14:45,885 [Thread-8599] INFO  impl.FollowerState (FollowerState.java:run(117)) - 88be3607-7667-471c-9070-7dfd13eb5ac8@group-20FCFA0487C4-FollowerState was interrupted: java.lang.InterruptedException: sleep interrupted
2019-10-19 01:14:45,885 [grpc-default-executor-9] INFO  impl.RoleInfo (RoleInfo.java:updateAndGet(143)) - 2543ffea-c5c6-4af0-856f-eb846bad755a: start FollowerState
2019-10-19 01:14:45,885 [Thread-8588] INFO  impl.FollowerState (FollowerState.java:run(117)) - 2543ffea-c5c6-4af0-856f-eb846bad755a@group-A3037D40E172-FollowerState was interrupted: java.lang.InterruptedException: sleep interrupted
2019-10-19 01:14:45,898 [f143d5cf-4038-4fa8-8601-f5a45f16ca3e@group-A3037D40E172-LeaderElection955] INFO  impl.LeaderElection (LeaderElection.java:logAndReturn(56)) - f143d5cf-4038-4fa8-8601-f5a45f16ca3e@group-A3037D40E172-LeaderElection955: Election REJECTED; received 2 response(s) [f143d5cf-4038-4fa8-8601-f5a45f16ca3e<-2543ffea-c5c6-4af0-856f-eb846bad755a#0:FAIL-t187, f143d5cf-4038-4fa8-8601-f5a45f16ca3e<-61d14648-e80d-4cd8-9e7c-6deb2f21aca8#0:FAIL-t187] and 0 exception(s); f143d5cf-4038-4fa8-8601-f5a45f16ca3e@group-A3037D40E172:t187, leader=null, voted=f143d5cf-4038-4fa8-8601-f5a45f16ca3e, raftlog=f143d5cf-4038-4fa8-8601-f5a45f16ca3e@group-A3037D40E172-SegmentedRaftLog:OPENED:c-1,f-1,i0, conf=-1: [f143d5cf-4038-4fa8-8601-f5a45f16ca3e:192.168.69.71:40169, 2543ffea-c5c6-4af0-856f-eb846bad755a:192.168.69.71:45287, 61d14648-e80d-4cd8-9e7c-6deb2f21aca8:192.168.69.71:42247], old=null
2019-10-19 01:14:45,898 [f143d5cf-4038-4fa8-8601-f5a45f16ca3e@group-A3037D40E172-LeaderElection955] INFO  impl.RaftServerImpl (RaftServerImpl.java:setRole(184)) - f143d5cf-4038-4fa8-8601-f5a45f16ca3e@group-A3037D40E172: changes role from CANDIDATE to FOLLOWER at term 187 for DISCOVERED_A_NEW_TERM
2019-10-19 01:14:45,898 [f143d5cf-4038-4fa8-8601-f5a45f16ca3e@group-A3037D40E172-LeaderElection955] INFO  impl.RoleInfo (RoleInfo.java:shutdownLeaderElection(134)) - f143d5cf-4038-4fa8-8601-f5a45f16ca3e: shutdown LeaderElection
2019-10-19 01:14:45,898 [9c2d914d-67b1-4af9-8080-4d6ee007b506@group-20FCFA0487C4-LeaderElection956] INFO  impl.LeaderElection (LeaderElection.java:logAndReturn(56)) - 9c2d914d-67b1-4af9-8080-4d6ee007b506@group-20FCFA0487C4-LeaderElection956: Election REJECTED; received 2 response(s) [9c2d914d-67b1-4af9-8080-4d6ee007b506<-88be3607-7667-471c-9070-7dfd13eb5ac8#0:FAIL-t179, 9c2d914d-67b1-4af9-8080-4d6ee007b506<-61d0b7dc-5f8b-422f-8693-c58167224d24#0:FAIL-t179] and 0 exception(s); 9c2d914d-67b1-4af9-8080-4d6ee007b506@group-20FCFA0487C4:t179, leader=null, voted=9c2d914d-67b1-4af9-8080-4d6ee007b506, raftlog=9c2d914d-67b1-4af9-8080-4d6ee007b506@group-20FCFA0487C4-SegmentedRaftLog:OPENED:c-1,f-1,i0, conf=-1: [88be3607-7667-471c-9070-7dfd13eb5ac8:192.168.69.71:32925, 9c2d914d-67b1-4af9-8080-4d6ee007b506:192.168.69.71:35462, 61d0b7dc-5f8b-422f-8693-c58167224d24:192.168.69.71:43479], old=null
2019-10-19 01:14:45,899 [f143d5cf-4038-4fa8-8601-f5a45f16ca3e@group-A3037D40E172-LeaderElection955] INFO  impl.RoleInfo (RoleInfo.java:updateAndGet(143)) - f143d5cf-4038-4fa8-8601-f5a45f16ca3e: start FollowerState
2019-10-19 01:14:45,899 [9c2d914d-67b1-4af9-8080-4d6ee007b506@group-20FCFA0487C4-LeaderElection956] INFO  impl.RaftServerImpl (RaftServerImpl.java:setRole(184)) - 9c2d914d-67b1-4af9-8080-4d6ee007b506@group-20FCFA0487C4: changes role from CANDIDATE to FOLLOWER at term 179 for DISCOVERED_A_NEW_TERM
2019-10-19 01:14:45,899 [9c2d914d-67b1-4af9-8080-4d6ee007b506@group-20FCFA0487C4-LeaderElection956] INFO  impl.RoleInfo (RoleInfo.java:shutdownLeaderElection(134)) - 9c2d914d-67b1-4af9-8080-4d6ee007b506: shutdown LeaderElection
2019-10-19 01:14:45,899 [9c2d914d-67b1-4af9-8080-4d6ee007b506@group-20FCFA0487C4-LeaderElection956] INFO  impl.RoleInfo (RoleInfo.java:updateAndGet(143)) - 9c2d914d-67b1-4af9-8080-4d6ee007b506: start FollowerState
2019-10-19 01:14:45,912 [Thread-8612] INFO  impl.FollowerState (FollowerState.java:run(108)) - f143d5cf-4038-4fa8-8601-f5a45f16ca3e@group-A3037D40E172-FollowerState: change to CANDIDATE, lastRpcTime:13ms, electionTimeout:13ms
2019-10-19 01:14:45,912 [Thread-8612] INFO  impl.RoleInfo (RoleInfo.java:shutdownFollowerState(121)) - f143d5cf-4038-4fa8-8601-f5a45f16ca3e: shutdown FollowerState
2019-10-19 01:14:45,912 [Thread-8612] INFO  impl.RaftServerImpl (RaftServerImpl.java:setRole(184)) - f143d5cf-4038-4fa8-8601-f5a45f16ca3e@group-A3037D40E172: changes role from  FOLLOWER to CANDIDATE at term 187 for changeToCandidate
2019-10-19 01:14:45,912 [Thread-8612] INFO  impl.RoleInfo (RoleInfo.java:updateAndGet(143)) - f143d5cf-4038-4fa8-8601-f5a45f16ca3e: start LeaderElection
2019-10-19 01:14:45,925 [f143d5cf-4038-4fa8-8601-f5a45f16ca3e@group-A3037D40E172-LeaderElection957] INFO  impl.LeaderElection (LeaderElection.java:askForVotes(178)) - f143d5cf-4038-4fa8-8601-f5a45f16ca3e@group-A3037D40E172-LeaderElection957: begin an election at term 188 for -1: [f143d5cf-4038-4fa8-8601-f5a45f16ca3e:192.168.69.71:40169, 2543ffea-c5c6-4af0-856f-eb846bad755a:192.168.69.71:45287, 61d14648-e80d-4cd8-9e7c-6deb2f21aca8:192.168.69.71:42247], old=null
2019-10-19 01:14:45,926 [grpc-default-executor-9] INFO  impl.RaftServerImpl (RaftServerImpl.java:setRole(184)) - 2543ffea-c5c6-4af0-856f-eb846bad755a@group-A3037D40E172: changes role from  FOLLOWER to FOLLOWER at term 188 for recognizeCandidate:f143d5cf-4038-4fa8-8601-f5a45f16ca3e
2019-10-19 01:14:45,926 [grpc-default-executor-9] INFO  impl.RoleInfo (RoleInfo.java:shutdownFollowerState(121)) - 2543ffea-c5c6-4af0-856f-eb846bad755a: shutdown FollowerState
2019-10-19 01:14:45,926 [grpc-default-executor-9] INFO  impl.RoleInfo (RoleInfo.java:updateAndGet(143)) - 2543ffea-c5c6-4af0-856f-eb846bad755a: start FollowerState
2019-10-19 01:14:45,926 [grpc-default-executor-3] INFO  impl.RaftServerImpl (RaftServerImpl.java:setRole(184)) - 61d14648-e80d-4cd8-9e7c-6deb2f21aca8@group-A3037D40E172: changes role from  FOLLOWER to FOLLOWER at term 188 for recognizeCandidate:f143d5cf-4038-4fa8-8601-f5a45f16ca3e
2019-10-19 01:14:45,926 [grpc-default-executor-3] INFO  impl.RoleInfo (RoleInfo.java:shutdownFollowerState(121)) - 61d14648-e80d-4cd8-9e7c-6deb2f21aca8: shutdown FollowerState
2019-10-19 01:14:45,926 [grpc-default-executor-3] INFO  impl.RoleInfo (RoleInfo.java:updateAndGet(143)) - 61d14648-e80d-4cd8-9e7c-6deb2f21aca8: start FollowerState
2019-10-19 01:14:45,926 [Thread-8608] INFO  impl.FollowerState (FollowerState.java:run(117)) - 61d14648-e80d-4cd8-9e7c-6deb2f21aca8@group-A3037D40E172-FollowerState was interrupted: java.lang.InterruptedException: sleep interrupted
2019-10-19 01:14:45,927 [Thread-8611] INFO  impl.FollowerState (FollowerState.java:run(117)) - 2543ffea-c5c6-4af0-856f-eb846bad755a@group-A3037D40E172-FollowerState was interrupted: java.lang.InterruptedException: sleep interrupted
2019-10-19 01:14:45,937 [Thread-8613] INFO  impl.FollowerState (FollowerState.java:run(108)) - 9c2d914d-67b1-4af9-8080-4d6ee007b506@group-20FCFA0487C4-FollowerState: change to CANDIDATE, lastRpcTime:38ms, electionTimeout:38ms
2019-10-19 01:14:45,937 [Thread-8613] INFO  impl.RoleInfo (RoleInfo.java:shutdownFollowerState(121)) - 9c2d914d-67b1-4af9-8080-4d6ee007b506: shutdown FollowerState
2019-10-19 01:14:45,937 [Thread-8613] INFO  impl.RaftServerImpl (RaftServerImpl.java:setRole(184)) - 9c2d914d-67b1-4af9-8080-4d6ee007b506@group-20FCFA0487C4: changes role from  FOLLOWER to CANDIDATE at term 179 for changeToCandidate
2019-10-19 01:14:45,937 [Thread-8613] INFO  impl.RoleInfo (RoleInfo.java:updateAndGet(143)) - 9c2d914d-67b1-4af9-8080-4d6ee007b506: start LeaderElection
2019-10-19 01:14:45,940 [f143d5cf-4038-4fa8-8601-f5a45f16ca3e@group-A3037D40E172-LeaderElection957] INFO  impl.LeaderElection (LeaderElection.java:logAndReturn(56)) - f143d5cf-4038-4fa8-8601-f5a45f16ca3e@group-A3037D40E172-LeaderElection957: Election REJECTED; received 2 response(s) [f143d5cf-4038-4fa8-8601-f5a45f16ca3e<-2543ffea-c5c6-4af0-856f-eb846bad755a#0:FAIL-t188, f143d5cf-4038-4fa8-8601-f5a45f16ca3e<-61d14648-e80d-4cd8-9e7c-6deb2f21aca8#0:FAIL-t188] and 0 exception(s); f143d5cf-4038-4fa8-8601-f5a45f16ca3e@group-A3037D40E172:t188, leader=null, voted=f143d5cf-4038-4fa8-8601-f5a45f16ca3e, raftlog=f143d5cf-4038-4fa8-8601-f5a45f16ca3e@group-A3037D40E172-SegmentedRaftLog:OPENED:c-1,f-1,i0, conf=-1: [f143d5cf-4038-4fa8-8601-f5a45f16ca3e:192.168.69.71:40169, 2543ffea-c5c6-4af0-856f-eb846bad755a:192.168.69.71:45287, 61d14648-e80d-4cd8-9e7c-6deb2f21aca8:192.168.69.71:42247], old=null
2019-10-19 01:14:45,940 [f143d5cf-4038-4fa8-8601-f5a45f16ca3e@group-A3037D40E172-LeaderElection957] INFO  impl.RaftServerImpl (RaftServerImpl.java:setRole(184)) - f143d5cf-4038-4fa8-8601-f5a45f16ca3e@group-A3037D40E172: changes role from CANDIDATE to FOLLOWER at term 188 for DISCOVERED_A_NEW_TERM
2019-10-19 01:14:45,940 [f143d5cf-4038-4fa8-8601-f5a45f16ca3e@group-A3037D40E172-LeaderElection957] INFO  impl.RoleInfo (RoleInfo.java:shutdownLeaderElection(134)) - f143d5cf-4038-4fa8-8601-f5a45f16ca3e: shutdown LeaderElection
2019-10-19 01:14:45,940 [f143d5cf-4038-4fa8-8601-f5a45f16ca3e@group-A3037D40E172-LeaderElection957] INFO  impl.RoleInfo (RoleInfo.java:updateAndGet(143)) - f143d5cf-4038-4fa8-8601-f5a45f16ca3e: start FollowerState
2019-10-19 01:14:45,942 [9c2d914d-67b1-4af9-8080-4d6ee007b506@group-20FCFA0487C4-LeaderElection958] INFO  impl.LeaderElection (LeaderElection.java:askForVotes(178)) - 9c2d914d-67b1-4af9-8080-4d6ee007b506@group-20FCFA0487C4-LeaderElection958: begin an election at term 180 for -1: [88be3607-7667-471c-9070-7dfd13eb5ac8:192.168.69.71:32925, 9c2d914d-67b1-4af9-8080-4d6ee007b506:192.168.69.71:35462, 61d0b7dc-5f8b-422f-8693-c58167224d24:192.168.69.71:43479], old=null
2019-10-19 01:14:45,943 [grpc-default-executor-9] INFO  impl.RaftServerImpl (RaftServerImpl.java:setRole(184)) - 88be3607-7667-471c-9070-7dfd13eb5ac8@group-20FCFA0487C4: changes role from  FOLLOWER to FOLLOWER at term 180 for recognizeCandidate:9c2d914d-67b1-4af9-8080-4d6ee007b506
2019-10-19 01:14:45,943 [grpc-default-executor-9] INFO  impl.RoleInfo (RoleInfo.java:shutdownFollowerState(121)) - 88be3607-7667-471c-9070-7dfd13eb5ac8: shutdown FollowerState
2019-10-19 01:14:45,943 [grpc-default-executor-3] INFO  impl.RaftServerImpl (RaftServerImpl.java:setRole(184)) - 61d0b7dc-5f8b-422f-8693-c58167224d24@group-20FCFA0487C4: changes role from  FOLLOWER to FOLLOWER at term 180 for recognizeCandidate:9c2d914d-67b1-4af9-8080-4d6ee007b506
2019-10-19 01:14:45,943 [grpc-default-executor-3] INFO  impl.RoleInfo (RoleInfo.java:shutdownFollowerState(121)) - 61d0b7dc-5f8b-422f-8693-c58167224d24: shutdown FollowerState
2019-10-19 01:14:45,943 [Thread-8610] INFO  impl.FollowerState (FollowerState.java:run(117)) - 88be3607-7667-471c-9070-7dfd13eb5ac8@group-20FCFA0487C4-FollowerState was interrupted: java.lang.InterruptedException: sleep interrupted
2019-10-19 01:14:45,943 [grpc-default-executor-9] INFO  impl.RoleInfo (RoleInfo.java:updateAndGet(143)) - 88be3607-7667-471c-9070-7dfd13eb5ac8: start FollowerState
2019-10-19 01:14:45,943 [grpc-default-executor-3] INFO  impl.RoleInfo (RoleInfo.java:updateAndGet(143)) - 61d0b7dc-5f8b-422f-8693-c58167224d24: start FollowerState
2019-10-19 01:14:45,943 [Thread-8609] INFO  impl.FollowerState (FollowerState.java:run(117)) - 61d0b7dc-5f8b-422f-8693-c58167224d24@group-20FCFA0487C4-FollowerState was interrupted: java.lang.InterruptedException: sleep interrupted
2019-10-19 01:14:45,955 [Thread-8620] INFO  impl.FollowerState (FollowerState.java:run(108)) - f143d5cf-4038-4fa8-8601-f5a45f16ca3e@group-A3037D40E172-FollowerState: change to CANDIDATE, lastRpcTime:15ms, electionTimeout:15ms
2019-10-19 01:14:45,955 [Thread-8620] INFO  impl.RoleInfo (RoleInfo.java:shutdownFollowerState(121)) - f143d5cf-4038-4fa8-8601-f5a45f16ca3e: shutdown FollowerState
2019-10-19 01:14:45,956 [Thread-8620] INFO  impl.RaftServerImpl (RaftServerImpl.java:setRole(184)) - f143d5cf-4038-4fa8-8601-f5a45f16ca3e@group-A3037D40E172: changes role from  FOLLOWER to CANDIDATE at term 188 for changeToCandidate
2019-10-19 01:14:45,956 [Thread-8620] INFO  impl.RoleInfo (RoleInfo.java:updateAndGet(143)) - f143d5cf-4038-4fa8-8601-f5a45f16ca3e: start LeaderElection
2019-10-19 01:14:45,960 [9c2d914d-67b1-4af9-8080-4d6ee007b506@group-20FCFA0487C4-LeaderElection958] INFO  impl.LeaderElection (LeaderElection.java:logAndReturn(56)) - 9c2d914d-67b1-4af9-8080-4d6ee007b506@group-20FCFA0487C4-LeaderElection958: Election TIMEOUT; received 0 response(s) [] and 0 exception(s); 9c2d914d-67b1-4af9-8080-4d6ee007b506@group-20FCFA0487C4:t180, leader=null, voted=9c2d914d-67b1-4af9-8080-4d6ee007b506, raftlog=9c2d914d-67b1-4af9-8080-4d6ee007b506@group-20FCFA0487C4-SegmentedRaftLog:OPENED:c-1,f-1,i0, conf=-1: [88be3607-7667-471c-9070-7dfd13eb5ac8:192.168.69.71:32925, 9c2d914d-67b1-4af9-8080-4d6ee007b506:192.168.69.71:35462, 61d0b7dc-5f8b-422f-8693-c58167224d24:192.168.69.71:43479], old=null
2019-10-19 01:14:45,987 [f143d5cf-4038-4fa8-8601-f5a45f16ca3e@group-A3037D40E172-LeaderElection959] INFO  impl.LeaderElection (LeaderElection.java:askForVotes(178)) - f143d5cf-4038-4fa8-8601-f5a45f16ca3e@group-A3037D40E172-LeaderElection959: begin an election at term 189 for -1: [f143d5cf-4038-4fa8-8601-f5a45f16ca3e:192.168.69.71:40169, 2543ffea-c5c6-4af0-856f-eb846bad755a:192.168.69.71:45287, 61d14648-e80d-4cd8-9e7c-6deb2f21aca8:192.168.69.71:42247], old=null
2019-10-19 01:14:45,987 [9c2d914d-67b1-4af9-8080-4d6ee007b506@group-20FCFA0487C4-LeaderElection958] INFO  impl.LeaderElection (LeaderElection.java:askForVotes(178)) - 9c2d914d-67b1-4af9-8080-4d6ee007b506@group-20FCFA0487C4-LeaderElection958: begin an election at term 181 for -1: [88be3607-7667-471c-9070-7dfd13eb5ac8:192.168.69.71:32925, 9c2d914d-67b1-4af9-8080-4d6ee007b506:192.168.69.71:35462, 61d0b7dc-5f8b-422f-8693-c58167224d24:192.168.69.71:43479], old=null
2019-10-19 01:14:45,990 [grpc-default-executor-9] INFO  impl.RaftServerImpl (RaftServerImpl.java:setRole(184)) - 61d14648-e80d-4cd8-9e7c-6deb2f21aca8@group-A3037D40E172: changes role from  FOLLOWER to FOLLOWER at term 189 for recognizeCandidate:f143d5cf-4038-4fa8-8601-f5a45f16ca3e
2019-10-19 01:14:45,990 [grpc-default-executor-1] INFO  impl.RaftServerImpl (RaftServerImpl.java:setRole(184)) - 2543ffea-c5c6-4af0-856f-eb846bad755a@group-A3037D40E172: changes role from  FOLLOWER to FOLLOWER at term 189 for recognizeCandidate:f143d5cf-4038-4fa8-8601-f5a45f16ca3e
2019-10-19 01:14:45,990 [grpc-default-executor-10] INFO  impl.RaftServerImpl (RaftServerImpl.java:setRole(184)) - 61d0b7dc-5f8b-422f-8693-c58167224d24@group-20FCFA0487C4: changes role from  FOLLOWER to FOLLOWER at term 181 for recognizeCandidate:9c2d914d-67b1-4af9-8080-4d6ee007b506
2019-10-19 01:14:45,990 [grpc-default-executor-10] INFO  impl.RoleInfo (RoleInfo.java:shutdownFollowerState(121)) - 61d0b7dc-5f8b-422f-8693-c58167224d24: shutdown FollowerState
2019-10-19 01:14:45,990 [grpc-default-executor-3] INFO  impl.RaftServerImpl (RaftServerImpl.java:setRole(184)) - 88be3607-7667-471c-9070-7dfd13eb5ac8@group-20FCFA0487C4: changes role from  FOLLOWER to FOLLOWER at term 181 for recognizeCandidate:9c2d914d-67b1-4af9-8080-4d6ee007b506
2019-10-19 01:14:45,990 [grpc-default-executor-10] INFO  impl.RoleInfo (RoleInfo.java:updateAndGet(143)) - 61d0b7dc-5f8b-422f-8693-c58167224d24: start FollowerState
2019-10-19 01:14:45,990 [grpc-default-executor-1] INFO  impl.RoleInfo (RoleInfo.java:shutdownFollowerState(121)) - 2543ffea-c5c6-4af0-856f-eb846bad755a: shutdown FollowerState
2019-10-19 01:14:45,990 [grpc-default-executor-9] INFO  impl.RoleInfo (RoleInfo.java:shutdownFollowerState(121)) - 61d14648-e80d-4cd8-9e7c-6deb2f21aca8: shutdown FollowerState
2019-10-19 01:14:45,990 [Thread-8624] INFO  impl.FollowerState (FollowerState.java:run(117)) - 61d0b7dc-5f8b-422f-8693-c58167224d24@group-20FCFA0487C4-FollowerState was interrupted: java.lang.InterruptedException: sleep interrupted
2019-10-19 01:14:45,990 [grpc-default-executor-3] INFO  impl.RoleInfo (RoleInfo.java:shutdownFollowerState(121)) - 88be3607-7667-471c-9070-7dfd13eb5ac8: shutdown FollowerState
2019-10-19 01:14:45,991 [Thread-8618] INFO  impl.FollowerState (FollowerState.java:run(117)) - 61d14648-e80d-4cd8-9e7c-6deb2f21aca8@group-A3037D40E172-FollowerState was interrupted: java.lang.InterruptedException: sleep interrupted
2019-10-19 01:14:45,991 [grpc-default-executor-1] INFO  impl.RoleInfo (RoleInfo.java:updateAndGet(143)) - 2543ffea-c5c6-4af0-856f-eb846bad755a: start FollowerState
2019-10-19 01:14:45,991 [grpc-default-executor-9] INFO  impl.RoleInfo (RoleInfo.java:updateAndGet(143)) - 61d14648-e80d-4cd8-9e7c-6deb2f21aca8: start FollowerState
2019-10-19 01:14:45,991 [Thread-8617] INFO  impl.FollowerState (FollowerState.java:run(117)) - 2543ffea-c5c6-4af0-856f-eb846bad755a@group-A3037D40E172-FollowerState was interrupted: java.lang.InterruptedException: sleep interrupted
2019-10-19 01:14:45,991 [Thread-8623] INFO  impl.FollowerState (FollowerState.java:run(117)) - 88be3607-7667-471c-9070-7dfd13eb5ac8@group-20FCFA0487C4-FollowerState was interrupted: java.lang.InterruptedException: sleep interrupted
2019-10-19 01:14:45,991 [grpc-default-executor-3] INFO  impl.RoleInfo (RoleInfo.java:updateAndGet(143)) - 88be3607-7667-471c-9070-7dfd13eb5ac8: start FollowerState
2019-10-19 01:14:46,004 [9c2d914d-67b1-4af9-8080-4d6ee007b506@group-20FCFA0487C4-LeaderElection958] INFO  impl.LeaderElection (LeaderElection.java:logAndReturn(56)) - 9c2d914d-67b1-4af9-8080-4d6ee007b506@group-20FCFA0487C4-LeaderElection958: Election REJECTED; received 2 response(s) [9c2d914d-67b1-4af9-8080-4d6ee007b506<-88be3607-7667-471c-9070-7dfd13eb5ac8#0:FAIL-t181, 9c2d914d-67b1-4af9-8080-4d6ee007b506<-61d0b7dc-5f8b-422f-8693-c58167224d24#0:FAIL-t181] and 0 exception(s); 9c2d914d-67b1-4af9-8080-4d6ee007b506@group-20FCFA0487C4:t181, leader=null, voted=9c2d914d-67b1-4af9-8080-4d6ee007b506, raftlog=9c2d914d-67b1-4af9-8080-4d6ee007b506@group-20FCFA0487C4-SegmentedRaftLog:OPENED:c-1,f-1,i0, conf=-1: [88be3607-7667-471c-9070-7dfd13eb5ac8:192.168.69.71:32925, 9c2d914d-67b1-4af9-8080-4d6ee007b506:192.168.69.71:35462, 61d0b7dc-5f8b-422f-8693-c58167224d24:192.168.69.71:43479], old=null
2019-10-19 01:14:46,004 [f143d5cf-4038-4fa8-8601-f5a45f16ca3e@group-A3037D40E172-LeaderElection959] INFO  impl.LeaderElection (LeaderElection.java:logAndReturn(56)) - f143d5cf-4038-4fa8-8601-f5a45f16ca3e@group-A3037D40E172-LeaderElection959: Election REJECTED; received 2 response(s) [f143d5cf-4038-4fa8-8601-f5a45f16ca3e<-2543ffea-c5c6-4af0-856f-eb846bad755a#0:FAIL-t189, f143d5cf-4038-4fa8-8601-f5a45f16ca3e<-61d14648-e80d-4cd8-9e7c-6deb2f21aca8#0:FAIL-t189] and 0 exception(s); f143d5cf-4038-4fa8-8601-f5a45f16ca3e@group-A3037D40E172:t189, leader=null, voted=f143d5cf-4038-4fa8-8601-f5a45f16ca3e, raftlog=f143d5cf-4038-4fa8-8601-f5a45f16ca3e@group-A3037D40E172-SegmentedRaftLog:OPENED:c-1,f-1,i0, conf=-1: [f143d5cf-4038-4fa8-8601-f5a45f16ca3e:192.168.69.71:40169, 2543ffea-c5c6-4af0-856f-eb846bad755a:192.168.69.71:45287, 61d14648-e80d-4cd8-9e7c-6deb2f21aca8:192.168.69.71:42247], old=null
2019-10-19 01:14:46,004 [9c2d914d-67b1-4af9-8080-4d6ee007b506@group-20FCFA0487C4-LeaderElection958] INFO  impl.RaftServerImpl (RaftServerImpl.java:setRole(184)) - 9c2d914d-67b1-4af9-8080-4d6ee007b506@group-20FCFA0487C4: changes role from CANDIDATE to FOLLOWER at term 181 for DISCOVERED_A_NEW_TERM
2019-10-19 01:14:46,004 [f143d5cf-4038-4fa8-8601-f5a45f16ca3e@group-A3037D40E172-LeaderElection959] INFO  impl.RaftServerImpl (RaftServerImpl.java:setRole(184)) - f143d5cf-4038-4fa8-8601-f5a45f16ca3e@group-A3037D40E172: changes role from CANDIDATE to FOLLOWER at term 189 for DISCOVERED_A_NEW_TERM
2019-10-19 01:14:46,005 [9c2d914d-67b1-4af9-8080-4d6ee007b506@group-20FCFA0487C4-LeaderElection958] INFO  impl.RoleInfo (RoleInfo.java:shutdownLeaderElection(134)) - 9c2d914d-67b1-4af9-8080-4d6ee007b506: shutdown LeaderElection
2019-10-19 01:14:46,005 [f143d5cf-4038-4fa8-8601-f5a45f16ca3e@group-A3037D40E172-LeaderElection959] INFO  impl.RoleInfo (RoleInfo.java:shutdownLeaderElection(134)) - f143d5cf-4038-4fa8-8601-f5a45f16ca3e: shutdown LeaderElection
2019-10-19 01:14:46,005 [9c2d914d-67b1-4af9-8080-4d6ee007b506@group-20FCFA0487C4-LeaderElection958] INFO  impl.RoleInfo (RoleInfo.java:updateAndGet(143)) - 9c2d914d-67b1-4af9-8080-4d6ee007b506: start FollowerState
2019-10-19 01:14:46,005 [f143d5cf-4038-4fa8-8601-f5a45f16ca3e@group-A3037D40E172-LeaderElection959] INFO  impl.RoleInfo (RoleInfo.java:updateAndGet(143)) - f143d5cf-4038-4fa8-8601-f5a45f16ca3e: start FollowerState
2019-10-19 01:14:46,147 [Thread-8635] INFO  impl.FollowerState (FollowerState.java:run(108)) - f143d5cf-4038-4fa8-8601-f5a45f16ca3e@group-A3037D40E172-FollowerState: change to CANDIDATE, lastRpcTime:142ms, electionTimeout:142ms
2019-10-19 01:14:46,148 [Thread-8635] INFO  impl.RoleInfo (RoleInfo.java:shutdownFollowerState(121)) - f143d5cf-4038-4fa8-8601-f5a45f16ca3e: shutdown FollowerState
2019-10-19 01:14:46,148 [Thread-8635] INFO  impl.RaftServerImpl (RaftServerImpl.java:setRole(184)) - f143d5cf-4038-4fa8-8601-f5a45f16ca3e@group-A3037D40E172: changes role from  FOLLOWER to CANDIDATE at term 189 for changeToCandidate
2019-10-19 01:14:46,148 [Thread-8635] INFO  impl.RoleInfo (RoleInfo.java:updateAndGet(143)) - f143d5cf-4038-4fa8-8601-f5a45f16ca3e: start LeaderElection
2019-10-19 01:14:46,154 [Thread-8634] INFO  impl.FollowerState (FollowerState.java:run(108)) - 9c2d914d-67b1-4af9-8080-4d6ee007b506@group-20FCFA0487C4-FollowerState: change to CANDIDATE, lastRpcTime:149ms, electionTimeout:149ms
2019-10-19 01:14:46,154 [Thread-8634] INFO  impl.RoleInfo (RoleInfo.java:shutdownFollowerState(121)) - 9c2d914d-67b1-4af9-8080-4d6ee007b506: shutdown FollowerState
2019-10-19 01:14:46,154 [Thread-8634] INFO  impl.RaftServerImpl (RaftServerImpl.java:setRole(184)) - 9c2d914d-67b1-4af9-8080-4d6ee007b506@group-20FCFA0487C4: changes role from  FOLLOWER to CANDIDATE at term 181 for changeToCandidate
2019-10-19 01:14:46,154 [Thread-8634] INFO  impl.RoleInfo (RoleInfo.java:updateAndGet(143)) - 9c2d914d-67b1-4af9-8080-4d6ee007b506: start LeaderElection
2019-10-19 01:14:46,165 [9c2d914d-67b1-4af9-8080-4d6ee007b506@group-20FCFA0487C4-LeaderElection961] INFO  impl.LeaderElection (LeaderElection.java:askForVotes(178)) - 9c2d914d-67b1-4af9-8080-4d6ee007b506@group-20FCFA0487C4-LeaderElection961: begin an election at term 182 for -1: [88be3607-7667-471c-9070-7dfd13eb5ac8:192.168.69.71:32925, 9c2d914d-67b1-4af9-8080-4d6ee007b506:192.168.69.71:35462, 61d0b7dc-5f8b-422f-8693-c58167224d24:192.168.69.71:43479], old=null
2019-10-19 01:14:46,165 [f143d5cf-4038-4fa8-8601-f5a45f16ca3e@group-A3037D40E172-LeaderElection960] INFO  impl.LeaderElection (LeaderElection.java:askForVotes(178)) - f143d5cf-4038-4fa8-8601-f5a45f16ca3e@group-A3037D40E172-LeaderElection960: begin an election at term 190 for -1: [f143d5cf-4038-4fa8-8601-f5a45f16ca3e:192.168.69.71:40169, 2543ffea-c5c6-4af0-856f-eb846bad755a:192.168.69.71:45287, 61d14648-e80d-4cd8-9e7c-6deb2f21aca8:192.168.69.71:42247], old=null
2019-10-19 01:14:46,166 [grpc-default-executor-10] INFO  impl.RaftServerImpl (RaftServerImpl.java:setRole(184)) - 88be3607-7667-471c-9070-7dfd13eb5ac8@group-20FCFA0487C4: changes role from  FOLLOWER to FOLLOWER at term 182 for recognizeCandidate:9c2d914d-67b1-4af9-8080-4d6ee007b506
2019-10-19 01:14:46,167 [grpc-default-executor-10] INFO  impl.RoleInfo (RoleInfo.java:shutdownFollowerState(121)) - 88be3607-7667-471c-9070-7dfd13eb5ac8: shutdown FollowerState
2019-10-19 01:14:46,166 [grpc-default-executor-3] INFO  impl.RaftServerImpl (RaftServerImpl.java:setRole(184)) - 61d14648-e80d-4cd8-9e7c-6deb2f21aca8@group-A3037D40E172: changes role from  FOLLOWER to FOLLOWER at term 190 for recognizeCandidate:f143d5cf-4038-4fa8-8601-f5a45f16ca3e
2019-10-19 01:14:46,167 [Thread-8633] INFO  impl.FollowerState (FollowerState.java:run(117)) - 88be3607-7667-471c-9070-7dfd13eb5ac8@group-20FCFA0487C4-FollowerState was interrupted: java.lang.InterruptedException: sleep interrupted
2019-10-19 01:14:46,167 [grpc-default-executor-10] INFO  impl.RoleInfo (RoleInfo.java:updateAndGet(143)) - 88be3607-7667-471c-9070-7dfd13eb5ac8: start FollowerState
2019-10-19 01:14:46,167 [grpc-default-executor-3] INFO  impl.RoleInfo (RoleInfo.java:shutdownFollowerState(121)) - 61d14648-e80d-4cd8-9e7c-6deb2f21aca8: shutdown FollowerState
2019-10-19 01:14:46,167 [grpc-default-executor-1] INFO  impl.RaftServerImpl (RaftServerImpl.java:setRole(184)) - 2543ffea-c5c6-4af0-856f-eb846bad755a@group-A3037D40E172: changes role from  FOLLOWER to FOLLOWER at term 190 for recognizeCandidate:f143d5cf-4038-4fa8-8601-f5a45f16ca3e
2019-10-19 01:14:46,167 [grpc-default-executor-1] INFO  impl.RoleInfo (RoleInfo.java:shutdownFollowerState(121)) - 2543ffea-c5c6-4af0-856f-eb846bad755a: shutdown FollowerState
2019-10-19 01:14:46,167 [grpc-default-executor-1] INFO  impl.RoleInfo (RoleInfo.java:updateAndGet(143)) - 2543ffea-c5c6-4af0-856f-eb846bad755a: start FollowerState
2019-10-19 01:14:46,167 [Thread-8631] INFO  impl.FollowerState (FollowerState.java:run(117)) - 2543ffea-c5c6-4af0-856f-eb846bad755a@group-A3037D40E172-FollowerState was interrupted: java.lang.InterruptedException: sleep interrupted
2019-10-19 01:14:46,168 [grpc-default-executor-3] INFO  impl.RoleInfo (RoleInfo.java:updateAndGet(143)) - 61d14648-e80d-4cd8-9e7c-6deb2f21aca8: start FollowerState
2019-10-19 01:14:46,168 [Thread-8632] INFO  impl.FollowerState (FollowerState.java:run(117)) - 61d14648-e80d-4cd8-9e7c-6deb2f21aca8@group-A3037D40E172-FollowerState was interrupted: java.lang.InterruptedException: sleep interrupted
2019-10-19 01:14:46,168 [grpc-default-executor-9] INFO  impl.RaftServerImpl (RaftServerImpl.java:setRole(184)) - 61d0b7dc-5f8b-422f-8693-c58167224d24@group-20FCFA0487C4: changes role from  FOLLOWER to FOLLOWER at term 182 for recognizeCandidate:9c2d914d-67b1-4af9-8080-4d6ee007b506
2019-10-19 01:14:46,168 [grpc-default-executor-9] INFO  impl.RoleInfo (RoleInfo.java:shutdownFollowerState(121)) - 61d0b7dc-5f8b-422f-8693-c58167224d24: shutdown FollowerState
2019-10-19 01:14:46,169 [grpc-default-executor-9] INFO  impl.RoleInfo (RoleInfo.java:updateAndGet(143)) - 61d0b7dc-5f8b-422f-8693-c58167224d24: start FollowerState
2019-10-19 01:14:46,169 [Thread-8630] INFO  impl.FollowerState (FollowerState.java:run(117)) - 61d0b7dc-5f8b-422f-8693-c58167224d24@group-20FCFA0487C4-FollowerState was interrupted: java.lang.InterruptedException: sleep interrupted
2019-10-19 01:14:46,181 [9c2d914d-67b1-4af9-8080-4d6ee007b506@group-20FCFA0487C4-LeaderElection961] INFO  impl.LeaderElection (LeaderElection.java:logAndReturn(56)) - 9c2d914d-67b1-4af9-8080-4d6ee007b506@group-20FCFA0487C4-LeaderElection961: Election REJECTED; received 2 response(s) [9c2d914d-67b1-4af9-8080-4d6ee007b506<-88be3607-7667-471c-9070-7dfd13eb5ac8#0:FAIL-t182, 9c2d914d-67b1-4af9-8080-4d6ee007b506<-61d0b7dc-5f8b-422f-8693-c58167224d24#0:FAIL-t182] and 0 exception(s); 9c2d914d-67b1-4af9-8080-4d6ee007b506@group-20FCFA0487C4:t182, leader=null, voted=9c2d914d-67b1-4af9-8080-4d6ee007b506, raftlog=9c2d914d-67b1-4af9-8080-4d6ee007b506@group-20FCFA0487C4-SegmentedRaftLog:OPENED:c-1,f-1,i0, conf=-1: [88be3607-7667-471c-9070-7dfd13eb5ac8:192.168.69.71:32925, 9c2d914d-67b1-4af9-8080-4d6ee007b506:192.168.69.71:35462, 61d0b7dc-5f8b-422f-8693-c58167224d24:192.168.69.71:43479], old=null
2019-10-19 01:14:46,182 [9c2d914d-67b1-4af9-8080-4d6ee007b506@group-20FCFA0487C4-LeaderElection961] INFO  impl.RaftServerImpl (RaftServerImpl.java:setRole(184)) - 9c2d914d-67b1-4af9-8080-4d6ee007b506@group-20FCFA0487C4: changes role from CANDIDATE to FOLLOWER at term 182 for DISCOVERED_A_NEW_TERM
2019-10-19 01:14:46,182 [f143d5cf-4038-4fa8-8601-f5a45f16ca3e@group-A3037D40E172-LeaderElection960] INFO  impl.LeaderElection (LeaderElection.java:logAndReturn(56)) - f143d5cf-4038-4fa8-8601-f5a45f16ca3e@group-A3037D40E172-LeaderElection960: Election REJECTED; received 2 response(s) [f143d5cf-4038-4fa8-8601-f5a45f16ca3e<-2543ffea-c5c6-4af0-856f-eb846bad755a#0:FAIL-t190, f143d5cf-4038-4fa8-8601-f5a45f16ca3e<-61d14648-e80d-4cd8-9e7c-6deb2f21aca8#0:FAIL-t190] and 0 exception(s); f143d5cf-4038-4fa8-8601-f5a45f16ca3e@group-A3037D40E172:t190, leader=null, voted=f143d5cf-4038-4fa8-8601-f5a45f16ca3e, raftlog=f143d5cf-4038-4fa8-8601-f5a45f16ca3e@group-A3037D40E172-SegmentedRaftLog:OPENED:c-1,f-1,i0, conf=-1: [f143d5cf-4038-4fa8-8601-f5a45f16ca3e:192.168.69.71:40169, 2543ffea-c5c6-4af0-856f-eb846bad755a:192.168.69.71:45287, 61d14648-e80d-4cd8-9e7c-6deb2f21aca8:192.168.69.71:42247], old=null
2019-10-19 01:14:46,182 [9c2d914d-67b1-4af9-8080-4d6ee007b506@group-20FCFA0487C4-LeaderElection961] INFO  impl.RoleInfo (RoleInfo.java:shutdownLeaderElection(134)) - 9c2d914d-67b1-4af9-8080-4d6ee007b506: shutdown LeaderElection
2019-10-19 01:14:46,182 [f143d5cf-4038-4fa8-8601-f5a45f16ca3e@group-A3037D40E172-LeaderElection960] INFO  impl.RaftServerImpl (RaftServerImpl.java:setRole(184)) - f143d5cf-4038-4fa8-8601-f5a45f16ca3e@group-A3037D40E172: changes role from CANDIDATE to FOLLOWER at term 190 for DISCOVERED_A_NEW_TERM
2019-10-19 01:14:46,182 [9c2d914d-67b1-4af9-8080-4d6ee007b506@group-20FCFA0487C4-LeaderElection961] INFO  impl.RoleInfo (RoleInfo.java:updateAndGet(143)) - 9c2d914d-67b1-4af9-8080-4d6ee007b506: start FollowerState
2019-10-19 01:14:46,182 [f143d5cf-4038-4fa8-8601-f5a45f16ca3e@group-A3037D40E172-LeaderElection960] INFO  impl.RoleInfo (RoleInfo.java:shutdownLeaderElection(134)) - f143d5cf-4038-4fa8-8601-f5a45f16ca3e: shutdown LeaderElection
2019-10-19 01:14:46,182 [f143d5cf-4038-4fa8-8601-f5a45f16ca3e@group-A3037D40E172-LeaderElection960] INFO  impl.RoleInfo (RoleInfo.java:updateAndGet(143)) - f143d5cf-4038-4fa8-8601-f5a45f16ca3e: start FollowerState
2019-10-19 01:14:46,195 [Thread-8647] INFO  impl.FollowerState (FollowerState.java:run(108)) - f143d5cf-4038-4fa8-8601-f5a45f16ca3e@group-A3037D40E172-FollowerState: change to CANDIDATE, lastRpcTime:12ms, electionTimeout:12ms
2019-10-19 01:14:46,195 [Thread-8647] INFO  impl.RoleInfo (RoleInfo.java:shutdownFollowerState(121)) - f143d5cf-4038-4fa8-8601-f5a45f16ca3e: shutdown FollowerState
2019-10-19 01:14:46,195 [Thread-8647] INFO  impl.RaftServerImpl (RaftServerImpl.java:setRole(184)) - f143d5cf-4038-4fa8-8601-f5a45f16ca3e@group-A3037D40E172: changes role from  FOLLOWER to CANDIDATE at term 190 for changeToCandidate
2019-10-19 01:14:46,195 [Thread-8647] INFO  impl.RoleInfo (RoleInfo.java:updateAndGet(143)) - f143d5cf-4038-4fa8-8601-f5a45f16ca3e: start LeaderElection
2019-10-19 01:14:46,208 [f143d5cf-4038-4fa8-8601-f5a45f16ca3e@group-A3037D40E172-LeaderElection962] INFO  impl.LeaderElection (LeaderElection.java:askForVotes(178)) - f143d5cf-4038-4fa8-8601-f5a45f16ca3e@group-A3037D40E172-LeaderElection962: begin an election at term 191 for -1: [f143d5cf-4038-4fa8-8601-f5a45f16ca3e:192.168.69.71:40169, 2543ffea-c5c6-4af0-856f-eb846bad755a:192.168.69.71:45287, 61d14648-e80d-4cd8-9e7c-6deb2f21aca8:192.168.69.71:42247], old=null
2019-10-19 01:14:46,217 [grpc-default-executor-9] INFO  impl.RaftServerImpl (RaftServerImpl.java:setRole(184)) - 2543ffea-c5c6-4af0-856f-eb846bad755a@group-A3037D40E172: changes role from  FOLLOWER to FOLLOWER at term 191 for recognizeCandidate:f143d5cf-4038-4fa8-8601-f5a45f16ca3e
2019-10-19 01:14:46,217 [grpc-default-executor-9] INFO  impl.RoleInfo (RoleInfo.java:shutdownFollowerState(121)) - 2543ffea-c5c6-4af0-856f-eb846bad755a: shutdown FollowerState
2019-10-19 01:14:46,217 [grpc-default-executor-3] INFO  impl.RaftServerImpl (RaftServerImpl.java:setRole(184)) - 61d14648-e80d-4cd8-9e7c-6deb2f21aca8@group-A3037D40E172: changes role from  FOLLOWER to FOLLOWER at term 191 for recognizeCandidate:f143d5cf-4038-4fa8-8601-f5a45f16ca3e
2019-10-19 01:14:46,217 [grpc-default-executor-3] INFO  impl.RoleInfo (RoleInfo.java:shutdownFollowerState(121)) - 61d14648-e80d-4cd8-9e7c-6deb2f21aca8: shutdown FollowerState
2019-10-19 01:14:46,217 [grpc-default-executor-9] INFO  impl.RoleInfo (RoleInfo.java:updateAndGet(143)) - 2543ffea-c5c6-4af0-856f-eb846bad755a: start FollowerState
2019-10-19 01:14:46,217 [Thread-8643] INFO  impl.FollowerState (FollowerState.java:run(117)) - 2543ffea-c5c6-4af0-856f-eb846bad755a@group-A3037D40E172-FollowerState was interrupted: java.lang.InterruptedException: sleep interrupted
2019-10-19 01:14:46,218 [Thread-8644] INFO  impl.FollowerState (FollowerState.java:run(117)) - 61d14648-e80d-4cd8-9e7c-6deb2f21aca8@group-A3037D40E172-FollowerState was interrupted: java.lang.InterruptedException: sleep interrupted
2019-10-19 01:14:46,218 [grpc-default-executor-3] INFO  impl.RoleInfo (RoleInfo.java:updateAndGet(143)) - 61d14648-e80d-4cd8-9e7c-6deb2f21aca8: start FollowerState
2019-10-19 01:14:46,228 [f143d5cf-4038-4fa8-8601-f5a45f16ca3e@group-A3037D40E172-LeaderElection962] INFO  impl.LeaderElection (LeaderElection.java:logAndReturn(56)) - f143d5cf-4038-4fa8-8601-f5a45f16ca3e@group-A3037D40E172-LeaderElection962: Election REJECTED; received 2 response(s) [f143d5cf-4038-4fa8-8601-f5a45f16ca3e<-2543ffea-c5c6-4af0-856f-eb846bad755a#0:FAIL-t191, f143d5cf-4038-4fa8-8601-f5a45f16ca3e<-61d14648-e80d-4cd8-9e7c-6deb2f21aca8#0:FAIL-t191] and 0 exception(s); f143d5cf-4038-4fa8-8601-f5a45f16ca3e@group-A3037D40E172:t191, leader=null, voted=f143d5cf-4038-4fa8-8601-f5a45f16ca3e, raftlog=f143d5cf-4038-4fa8-8601-f5a45f16ca3e@group-A3037D40E172-SegmentedRaftLog:OPENED:c-1,f-1,i0, conf=-1: [f143d5cf-4038-4fa8-8601-f5a45f16ca3e:192.168.69.71:40169, 2543ffea-c5c6-4af0-856f-eb846bad755a:192.168.69.71:45287, 61d14648-e80d-4cd8-9e7c-6deb2f21aca8:192.168.69.71:42247], old=null
2019-10-19 01:14:46,228 [f143d5cf-4038-4fa8-8601-f5a45f16ca3e@group-A3037D40E172-LeaderElection962] INFO  impl.RaftServerImpl (RaftServerImpl.java:setRole(184)) - f143d5cf-4038-4fa8-8601-f5a45f16ca3e@group-A3037D40E172: changes role from CANDIDATE to FOLLOWER at term 191 for DISCOVERED_A_NEW_TERM
2019-10-19 01:14:46,228 [f143d5cf-4038-4fa8-8601-f5a45f16ca3e@group-A3037D40E172-LeaderElection962] INFO  impl.RoleInfo (RoleInfo.java:shutdownLeaderElection(134)) - f143d5cf-4038-4fa8-8601-f5a45f16ca3e: shutdown LeaderElection
2019-10-19 01:14:46,228 [f143d5cf-4038-4fa8-8601-f5a45f16ca3e@group-A3037D40E172-LeaderElection962] INFO  impl.RoleInfo (RoleInfo.java:updateAndGet(143)) - f143d5cf-4038-4fa8-8601-f5a45f16ca3e: start FollowerState
2019-10-19 01:14:46,380 [Thread-8646] INFO  impl.FollowerState (FollowerState.java:run(108)) - 9c2d914d-67b1-4af9-8080-4d6ee007b506@group-20FCFA0487C4-FollowerState: change to CANDIDATE, lastRpcTime:198ms, electionTimeout:198ms
2019-10-19 01:14:46,381 [Thread-8646] INFO  impl.RoleInfo (RoleInfo.java:shutdownFollowerState(121)) - 9c2d914d-67b1-4af9-8080-4d6ee007b506: shutdown FollowerState
2019-10-19 01:14:46,381 [Thread-8646] INFO  impl.RaftServerImpl (RaftServerImpl.java:setRole(184)) - 9c2d914d-67b1-4af9-8080-4d6ee007b506@group-20FCFA0487C4: changes role from  FOLLOWER to CANDIDATE at term 182 for changeToCandidate
2019-10-19 01:14:46,381 [Thread-8646] INFO  impl.RoleInfo (RoleInfo.java:updateAndGet(143)) - 9c2d914d-67b1-4af9-8080-4d6ee007b506: start LeaderElection
2019-10-19 01:14:46,393 [Thread-8655] INFO  impl.FollowerState (FollowerState.java:run(108)) - f143d5cf-4038-4fa8-8601-f5a45f16ca3e@group-A3037D40E172-FollowerState: change to CANDIDATE, lastRpcTime:165ms, electionTimeout:165ms
2019-10-19 01:14:46,393 [Thread-8655] INFO  impl.RoleInfo (RoleInfo.java:shutdownFollowerState(121)) - f143d5cf-4038-4fa8-8601-f5a45f16ca3e: shutdown FollowerState
2019-10-19 01:14:46,394 [Thread-8655] INFO  impl.RaftServerImpl (RaftServerImpl.java:setRole(184)) - f143d5cf-4038-4fa8-8601-f5a45f16ca3e@group-A3037D40E172: changes role from  FOLLOWER to CANDIDATE at term 191 for changeToCandidate
2019-10-19 01:14:46,394 [Thread-8655] INFO  impl.RoleInfo (RoleInfo.java:updateAndGet(143)) - f143d5cf-4038-4fa8-8601-f5a45f16ca3e: start LeaderElection
2019-10-19 01:14:46,394 [9c2d914d-67b1-4af9-8080-4d6ee007b506@group-20FCFA0487C4-LeaderElection963] INFO  impl.LeaderElection (LeaderElection.java:askForVotes(178)) - 9c2d914d-67b1-4af9-8080-4d6ee007b506@group-20FCFA0487C4-LeaderElection963: begin an election at term 183 for -1: [88be3607-7667-471c-9070-7dfd13eb5ac8:192.168.69.71:32925, 9c2d914d-67b1-4af9-8080-4d6ee007b506:192.168.69.71:35462, 61d0b7dc-5f8b-422f-8693-c58167224d24:192.168.69.71:43479], old=null
2019-10-19 01:14:46,395 [grpc-default-executor-3] INFO  impl.RaftServerImpl (RaftServerImpl.java:setRole(184)) - 61d0b7dc-5f8b-422f-8693-c58167224d24@group-20FCFA0487C4: changes role from  FOLLOWER to FOLLOWER at term 183 for recognizeCandidate:9c2d914d-67b1-4af9-8080-4d6ee007b506
2019-10-19 01:14:46,395 [grpc-default-executor-3] INFO  impl.RoleInfo (RoleInfo.java:shutdownFollowerState(121)) - 61d0b7dc-5f8b-422f-8693-c58167224d24: shutdown FollowerState
2019-10-19 01:14:46,395 [grpc-default-executor-9] INFO  impl.RaftServerImpl (RaftServerImpl.java:setRole(184)) - 88be3607-7667-471c-9070-7dfd13eb5ac8@group-20FCFA0487C4: changes role from  FOLLOWER to FOLLOWER at term 183 for recognizeCandidate:9c2d914d-67b1-4af9-8080-4d6ee007b506
2019-10-19 01:14:46,396 [grpc-default-executor-3] INFO  impl.RoleInfo (RoleInfo.java:updateAndGet(143)) - 61d0b7dc-5f8b-422f-8693-c58167224d24: start FollowerState
2019-10-19 01:14:46,396 [Thread-8645] INFO  impl.FollowerState (FollowerState.java:run(117)) - 61d0b7dc-5f8b-422f-8693-c58167224d24@group-20FCFA0487C4-FollowerState was interrupted: java.lang.InterruptedException: sleep interrupted
2019-10-19 01:14:46,396 [grpc-default-executor-9] INFO  impl.RoleInfo (RoleInfo.java:shutdownFollowerState(121)) - 88be3607-7667-471c-9070-7dfd13eb5ac8: shutdown FollowerState
2019-10-19 01:14:46,396 [Thread-8642] INFO  impl.FollowerState (FollowerState.java:run(117)) - 88be3607-7667-471c-9070-7dfd13eb5ac8@group-20FCFA0487C4-FollowerState was interrupted: java.lang.InterruptedException: sleep interrupted
2019-10-19 01:14:46,396 [grpc-default-executor-9] INFO  impl.RoleInfo (RoleInfo.java:updateAndGet(143)) - 88be3607-7667-471c-9070-7dfd13eb5ac8: start FollowerState
2019-10-19 01:14:46,408 [f143d5cf-4038-4fa8-8601-f5a45f16ca3e@group-A3037D40E172-LeaderElection964] INFO  impl.LeaderElection (LeaderElection.java:askForVotes(178)) - f143d5cf-4038-4fa8-8601-f5a45f16ca3e@group-A3037D40E172-LeaderElection964: begin an election at term 192 for -1: [f143d5cf-4038-4fa8-8601-f5a45f16ca3e:192.168.69.71:40169, 2543ffea-c5c6-4af0-856f-eb846bad755a:192.168.69.71:45287, 61d14648-e80d-4cd8-9e7c-6deb2f21aca8:192.168.69.71:42247], old=null
2019-10-19 01:14:46,409 [9c2d914d-67b1-4af9-8080-4d6ee007b506@group-20FCFA0487C4-LeaderElection963] INFO  impl.LeaderElection (LeaderElection.java:logAndReturn(56)) - 9c2d914d-67b1-4af9-8080-4d6ee007b506@group-20FCFA0487C4-LeaderElection963: Election REJECTED; received 2 response(s) [9c2d914d-67b1-4af9-8080-4d6ee007b506<-88be3607-7667-471c-9070-7dfd13eb5ac8#0:FAIL-t183, 9c2d914d-67b1-4af9-8080-4d6ee007b506<-61d0b7dc-5f8b-422f-8693-c58167224d24#0:FAIL-t183] and 0 exception(s); 9c2d914d-67b1-4af9-8080-4d6ee007b506@group-20FCFA0487C4:t183, leader=null, voted=9c2d914d-67b1-4af9-8080-4d6ee007b506, raftlog=9c2d914d-67b1-4af9-8080-4d6ee007b506@group-20FCFA0487C4-SegmentedRaftLog:OPENED:c-1,f-1,i0, conf=-1: [88be3607-7667-471c-9070-7dfd13eb5ac8:192.168.69.71:32925, 9c2d914d-67b1-4af9-8080-4d6ee007b506:192.168.69.71:35462, 61d0b7dc-5f8b-422f-8693-c58167224d24:192.168.69.71:43479], old=null
2019-10-19 01:14:46,409 [9c2d914d-67b1-4af9-8080-4d6ee007b506@group-20FCFA0487C4-LeaderElection963] INFO  impl.RaftServerImpl (RaftServerImpl.java:setRole(184)) - 9c2d914d-67b1-4af9-8080-4d6ee007b506@group-20FCFA0487C4: changes role from CANDIDATE to FOLLOWER at term 183 for DISCOVERED_A_NEW_TERM
2019-10-19 01:14:46,409 [9c2d914d-67b1-4af9-8080-4d6ee007b506@group-20FCFA0487C4-LeaderElection963] INFO  impl.RoleInfo (RoleInfo.java:shutdownLeaderElection(134)) - 9c2d914d-67b1-4af9-8080-4d6ee007b506: shutdown LeaderElection
2019-10-19 01:14:46,409 [9c2d914d-67b1-4af9-8080-4d6ee007b506@group-20FCFA0487C4-LeaderElection963] INFO  impl.RoleInfo (RoleInfo.java:updateAndGet(143)) - 9c2d914d-67b1-4af9-8080-4d6ee007b506: start FollowerState
2019-10-19 01:14:46,409 [grpc-default-executor-9] INFO  impl.RaftServerImpl (RaftServerImpl.java:setRole(184)) - 61d14648-e80d-4cd8-9e7c-6deb2f21aca8@group-A3037D40E172: changes role from  FOLLOWER to FOLLOWER at term 192 for recognizeCandidate:f143d5cf-4038-4fa8-8601-f5a45f16ca3e
2019-10-19 01:14:46,409 [grpc-default-executor-9] INFO  impl.RoleInfo (RoleInfo.java:shutdownFollowerState(121)) - 61d14648-e80d-4cd8-9e7c-6deb2f21aca8: shutdown FollowerState
2019-10-19 01:14:46,409 [grpc-default-executor-3] INFO  impl.RaftServerImpl (RaftServerImpl.java:setRole(184)) - 2543ffea-c5c6-4af0-856f-eb846bad755a@group-A3037D40E172: changes role from  FOLLOWER to FOLLOWER at term 192 for recognizeCandidate:f143d5cf-4038-4fa8-8601-f5a45f16ca3e
2019-10-19 01:14:46,410 [grpc-default-executor-3] INFO  impl.RoleInfo (RoleInfo.java:shutdownFollowerState(121)) - 2543ffea-c5c6-4af0-856f-eb846bad755a: shutdown FollowerState
2019-10-19 01:14:46,410 [Thread-8654] INFO  impl.FollowerState (FollowerState.java:run(117)) - 61d14648-e80d-4cd8-9e7c-6deb2f21aca8@group-A3037D40E172-FollowerState was interrupted: java.lang.InterruptedException: sleep interrupted
2019-10-19 01:14:46,409 [grpc-default-executor-9] INFO  impl.RoleInfo (RoleInfo.java:updateAndGet(143)) - 61d14648-e80d-4cd8-9e7c-6deb2f21aca8: start FollowerState
2019-10-19 01:14:46,410 [Thread-8653] INFO  impl.FollowerState (FollowerState.java:run(117)) - 2543ffea-c5c6-4af0-856f-eb846bad755a@group-A3037D40E172-FollowerState was interrupted: java.lang.InterruptedException: sleep interrupted
2019-10-19 01:14:46,410 [grpc-default-executor-3] INFO  impl.RoleInfo (RoleInfo.java:updateAndGet(143)) - 2543ffea-c5c6-4af0-856f-eb846bad755a: start FollowerState
2019-10-19 01:14:46,424 [f143d5cf-4038-4fa8-8601-f5a45f16ca3e@group-A3037D40E172-LeaderElection964] INFO  impl.LeaderElection (LeaderElection.java:logAndReturn(56)) - f143d5cf-4038-4fa8-8601-f5a45f16ca3e@group-A3037D40E172-LeaderElection964: Election REJECTED; received 2 response(s) [f143d5cf-4038-4fa8-8601-f5a45f16ca3e<-2543ffea-c5c6-4af0-856f-eb846bad755a#0:FAIL-t192, f143d5cf-4038-4fa8-8601-f5a45f16ca3e<-61d14648-e80d-4cd8-9e7c-6deb2f21aca8#0:FAIL-t192] and 0 exception(s); f143d5cf-4038-4fa8-8601-f5a45f16ca3e@group-A3037D40E172:t192, leader=null, voted=f143d5cf-4038-4fa8-8601-f5a45f16ca3e, raftlog=f143d5cf-4038-4fa8-8601-f5a45f16ca3e@group-A3037D40E172-SegmentedRaftLog:OPENED:c-1,f-1,i0, conf=-1: [f143d5cf-4038-4fa8-8601-f5a45f16ca3e:192.168.69.71:40169, 2543ffea-c5c6-4af0-856f-eb846bad755a:192.168.69.71:45287, 61d14648-e80d-4cd8-9e7c-6deb2f21aca8:192.168.69.71:42247], old=null
2019-10-19 01:14:46,424 [f143d5cf-4038-4fa8-8601-f5a45f16ca3e@group-A3037D40E172-LeaderElection964] INFO  impl.RaftServerImpl (RaftServerImpl.java:setRole(184)) - f143d5cf-4038-4fa8-8601-f5a45f16ca3e@group-A3037D40E172: changes role from CANDIDATE to FOLLOWER at term 192 for DISCOVERED_A_NEW_TERM
2019-10-19 01:14:46,425 [f143d5cf-4038-4fa8-8601-f5a45f16ca3e@group-A3037D40E172-LeaderElection964] INFO  impl.RoleInfo (RoleInfo.java:shutdownLeaderElection(134)) - f143d5cf-4038-4fa8-8601-f5a45f16ca3e: shutdown LeaderElection
2019-10-19 01:14:46,425 [f143d5cf-4038-4fa8-8601-f5a45f16ca3e@group-A3037D40E172-LeaderElection964] INFO  impl.RoleInfo (RoleInfo.java:updateAndGet(143)) - f143d5cf-4038-4fa8-8601-f5a45f16ca3e: start FollowerState
2019-10-19 01:14:46,526 [Thread-8667] INFO  impl.FollowerState (FollowerState.java:run(108)) - f143d5cf-4038-4fa8-8601-f5a45f16ca3e@group-A3037D40E172-FollowerState: change to CANDIDATE, lastRpcTime:101ms, electionTimeout:101ms
2019-10-19 01:14:46,526 [Thread-8667] INFO  impl.RoleInfo (RoleInfo.java:shutdownFollowerState(121)) - f143d5cf-4038-4fa8-8601-f5a45f16ca3e: shutdown FollowerState
2019-10-19 01:14:46,526 [Thread-8667] INFO  impl.RaftServerImpl (RaftServerImpl.java:setRole(184)) - f143d5cf-4038-4fa8-8601-f5a45f16ca3e@group-A3037D40E172: changes role from  FOLLOWER to CANDIDATE at term 192 for changeToCandidate
2019-10-19 01:14:46,526 [Thread-8667] INFO  impl.RoleInfo (RoleInfo.java:updateAndGet(143)) - f143d5cf-4038-4fa8-8601-f5a45f16ca3e: start LeaderElection
2019-10-19 01:14:46,545 [Thread-8664] INFO  impl.FollowerState (FollowerState.java:run(108)) - 9c2d914d-67b1-4af9-8080-4d6ee007b506@group-20FCFA0487C4-FollowerState: change to CANDIDATE, lastRpcTime:136ms, electionTimeout:136ms
2019-10-19 01:14:46,545 [Thread-8664] INFO  impl.RoleInfo (RoleInfo.java:shutdownFollowerState(121)) - 9c2d914d-67b1-4af9-8080-4d6ee007b506: shutdown FollowerState
2019-10-19 01:14:46,545 [Thread-8664] INFO  impl.RaftServerImpl (RaftServerImpl.java:setRole(184)) - 9c2d914d-67b1-4af9-8080-4d6ee007b506@group-20FCFA0487C4: changes role from  FOLLOWER to CANDIDATE at term 183 for changeToCandidate
2019-10-19 01:14:46,546 [Thread-8664] INFO  impl.RoleInfo (RoleInfo.java:updateAndGet(143)) - 9c2d914d-67b1-4af9-8080-4d6ee007b506: start LeaderElection
2019-10-19 01:14:46,552 [f143d5cf-4038-4fa8-8601-f5a45f16ca3e@group-A3037D40E172-LeaderElection965] INFO  impl.LeaderElection (LeaderElection.java:askForVotes(178)) - f143d5cf-4038-4fa8-8601-f5a45f16ca3e@group-A3037D40E172-LeaderElection965: begin an election at term 193 for -1: [f143d5cf-4038-4fa8-8601-f5a45f16ca3e:192.168.69.71:40169, 2543ffea-c5c6-4af0-856f-eb846bad755a:192.168.69.71:45287, 61d14648-e80d-4cd8-9e7c-6deb2f21aca8:192.168.69.71:42247], old=null
2019-10-19 01:14:46,553 [grpc-default-executor-3] INFO  impl.RaftServerImpl (RaftServerImpl.java:setRole(184)) - 2543ffea-c5c6-4af0-856f-eb846bad755a@group-A3037D40E172: changes role from  FOLLOWER to FOLLOWER at term 193 for recognizeCandidate:f143d5cf-4038-4fa8-8601-f5a45f16ca3e
2019-10-19 01:14:46,553 [grpc-default-executor-3] INFO  impl.RoleInfo (RoleInfo.java:shutdownFollowerState(121)) - 2543ffea-c5c6-4af0-856f-eb846bad755a: shutdown FollowerState
2019-10-19 01:14:46,553 [grpc-default-executor-9] INFO  impl.RaftServerImpl (RaftServerImpl.java:setRole(184)) - 61d14648-e80d-4cd8-9e7c-6deb2f21aca8@group-A3037D40E172: changes role from  FOLLOWER to FOLLOWER at term 193 for recognizeCandidate:f143d5cf-4038-4fa8-8601-f5a45f16ca3e
2019-10-19 01:14:46,553 [grpc-default-executor-9] INFO  impl.RoleInfo (RoleInfo.java:shutdownFollowerState(121)) - 61d14648-e80d-4cd8-9e7c-6deb2f21aca8: shutdown FollowerState
2019-10-19 01:14:46,553 [Thread-8666] INFO  impl.FollowerState (FollowerState.java:run(117)) - 2543ffea-c5c6-4af0-856f-eb846bad755a@group-A3037D40E172-FollowerState was interrupted: java.lang.InterruptedException: sleep interrupted
2019-10-19 01:14:46,553 [Thread-8665] INFO  impl.FollowerState (FollowerState.java:run(117)) - 61d14648-e80d-4cd8-9e7c-6deb2f21aca8@group-A3037D40E172-FollowerState was interrupted: java.lang.InterruptedException: sleep interrupted
2019-10-19 01:14:46,553 [grpc-default-executor-3] INFO  impl.RoleInfo (RoleInfo.java:updateAndGet(143)) - 2543ffea-c5c6-4af0-856f-eb846bad755a: start FollowerState
2019-10-19 01:14:46,553 [grpc-default-executor-9] INFO  impl.RoleInfo (RoleInfo.java:updateAndGet(143)) - 61d14648-e80d-4cd8-9e7c-6deb2f21aca8: start FollowerState
2019-10-19 01:14:46,554 [9c2d914d-67b1-4af9-8080-4d6ee007b506@group-20FCFA0487C4-LeaderElection966] INFO  impl.LeaderElection (LeaderElection.java:askForVotes(178)) - 9c2d914d-67b1-4af9-8080-4d6ee007b506@group-20FCFA0487C4-LeaderElection966: begin an election at term 184 for -1: [88be3607-7667-471c-9070-7dfd13eb5ac8:192.168.69.71:32925, 9c2d914d-67b1-4af9-8080-4d6ee007b506:192.168.69.71:35462, 61d0b7dc-5f8b-422f-8693-c58167224d24:192.168.69.71:43479], old=null
2019-10-19 01:14:46,554 [grpc-default-executor-1] INFO  impl.RaftServerImpl (RaftServerImpl.java:setRole(184)) - 88be3607-7667-471c-9070-7dfd13eb5ac8@group-20FCFA0487C4: changes role from  FOLLOWER to FOLLOWER at term 184 for recognizeCandidate:9c2d914d-67b1-4af9-8080-4d6ee007b506
2019-10-19 01:14:46,554 [grpc-default-executor-1] INFO  impl.RoleInfo (RoleInfo.java:shutdownFollowerState(121)) - 88be3607-7667-471c-9070-7dfd13eb5ac8: shutdown FollowerState
2019-10-19 01:14:46,555 [grpc-default-executor-10] INFO  impl.RaftServerImpl (RaftServerImpl.java:setRole(184)) - 61d0b7dc-5f8b-422f-8693-c58167224d24@group-20FCFA0487C4: changes role from  FOLLOWER to FOLLOWER at term 184 for recognizeCandidate:9c2d914d-67b1-4af9-8080-4d6ee007b506
2019-10-19 01:14:46,555 [grpc-default-executor-10] INFO  impl.RoleInfo (RoleInfo.java:shutdownFollowerState(121)) - 61d0b7dc-5f8b-422f-8693-c58167224d24: shutdown FollowerState
2019-10-19 01:14:46,555 [Thread-8661] INFO  impl.FollowerState (FollowerState.java:run(117)) - 88be3607-7667-471c-9070-7dfd13eb5ac8@group-20FCFA0487C4-FollowerState was interrupted: java.lang.InterruptedException: sleep interrupted
2019-10-19 01:14:46,555 [grpc-default-executor-1] INFO  impl.RoleInfo (RoleInfo.java:updateAndGet(143)) - 88be3607-7667-471c-9070-7dfd13eb5ac8: start FollowerState
2019-10-19 01:14:46,555 [Thread-8660] INFO  impl.FollowerState (FollowerState.java:run(117)) - 61d0b7dc-5f8b-422f-8693-c58167224d24@group-20FCFA0487C4-FollowerState was interrupted: java.lang.InterruptedException: sleep interrupted
2019-10-19 01:14:46,555 [grpc-default-executor-10] INFO  impl.RoleInfo (RoleInfo.java:updateAndGet(143)) - 61d0b7dc-5f8b-422f-8693-c58167224d24: start FollowerState
2019-10-19 01:14:46,557 [f143d5cf-4038-4fa8-8601-f5a45f16ca3e@group-A3037D40E172-LeaderElection965] INFO  impl.LeaderElection (LeaderElection.java:logAndReturn(56)) - f143d5cf-4038-4fa8-8601-f5a45f16ca3e@group-A3037D40E172-LeaderElection965: Election REJECTED; received 2 response(s) [f143d5cf-4038-4fa8-8601-f5a45f16ca3e<-2543ffea-c5c6-4af0-856f-eb846bad755a#0:FAIL-t193, f143d5cf-4038-4fa8-8601-f5a45f16ca3e<-61d14648-e80d-4cd8-9e7c-6deb2f21aca8#0:FAIL-t193] and 0 exception(s); f143d5cf-4038-4fa8-8601-f5a45f16ca3e@group-A3037D40E172:t193, leader=null, voted=f143d5cf-4038-4fa8-8601-f5a45f16ca3e, raftlog=f143d5cf-4038-4fa8-8601-f5a45f16ca3e@group-A3037D40E172-SegmentedRaftLog:OPENED:c-1,f-1,i0, conf=-1: [f143d5cf-4038-4fa8-8601-f5a45f16ca3e:192.168.69.71:40169, 2543ffea-c5c6-4af0-856f-eb846bad755a:192.168.69.71:45287, 61d14648-e80d-4cd8-9e7c-6deb2f21aca8:192.168.69.71:42247], old=null
2019-10-19 01:14:46,557 [f143d5cf-4038-4fa8-8601-f5a45f16ca3e@group-A3037D40E172-LeaderElection965] INFO  impl.RaftServerImpl (RaftServerImpl.java:setRole(184)) - f143d5cf-4038-4fa8-8601-f5a45f16ca3e@group-A3037D40E172: changes role from CANDIDATE to FOLLOWER at term 193 for DISCOVERED_A_NEW_TERM
2019-10-19 01:14:46,557 [f143d5cf-4038-4fa8-8601-f5a45f16ca3e@group-A3037D40E172-LeaderElection965] INFO  impl.RoleInfo (RoleInfo.java:shutdownLeaderElection(134)) - f143d5cf-4038-4fa8-8601-f5a45f16ca3e: shutdown LeaderElection
2019-10-19 01:14:46,557 [f143d5cf-4038-4fa8-8601-f5a45f16ca3e@group-A3037D40E172-LeaderElection965] INFO  impl.RoleInfo (RoleInfo.java:updateAndGet(143)) - f143d5cf-4038-4fa8-8601-f5a45f16ca3e: start FollowerState
2019-10-19 01:14:46,559 [9c2d914d-67b1-4af9-8080-4d6ee007b506@group-20FCFA0487C4-LeaderElection966] INFO  impl.LeaderElection (LeaderElection.java:logAndReturn(56)) - 9c2d914d-67b1-4af9-8080-4d6ee007b506@group-20FCFA0487C4-LeaderElection966: Election REJECTED; received 2 response(s) [9c2d914d-67b1-4af9-8080-4d6ee007b506<-88be3607-7667-471c-9070-7dfd13eb5ac8#0:FAIL-t184, 9c2d914d-67b1-4af9-8080-4d6ee007b506<-61d0b7dc-5f8b-422f-8693-c58167224d24#0:FAIL-t184] and 0 exception(s); 9c2d914d-67b1-4af9-8080-4d6ee007b506@group-20FCFA0487C4:t184, leader=null, voted=9c2d914d-67b1-4af9-8080-4d6ee007b506, raftlog=9c2d914d-67b1-4af9-8080-4d6ee007b506@group-20FCFA0487C4-SegmentedRaftLog:OPENED:c-1,f-1,i0, conf=-1: [88be3607-7667-471c-9070-7dfd13eb5ac8:192.168.69.71:32925, 9c2d914d-67b1-4af9-8080-4d6ee007b506:192.168.69.71:35462, 61d0b7dc-5f8b-422f-8693-c58167224d24:192.168.69.71:43479], old=null
2019-10-19 01:14:46,559 [9c2d914d-67b1-4af9-8080-4d6ee007b506@group-20FCFA0487C4-LeaderElection966] INFO  impl.RaftServerImpl (RaftServerImpl.java:setRole(184)) - 9c2d914d-67b1-4af9-8080-4d6ee007b506@group-20FCFA0487C4: changes role from CANDIDATE to FOLLOWER at term 184 for DISCOVERED_A_NEW_TERM
2019-10-19 01:14:46,559 [9c2d914d-67b1-4af9-8080-4d6ee007b506@group-20FCFA0487C4-LeaderElection966] INFO  impl.RoleInfo (RoleInfo.java:shutdownLeaderElection(134)) - 9c2d914d-67b1-4af9-8080-4d6ee007b506: shutdown LeaderElection
2019-10-19 01:14:46,559 [9c2d914d-67b1-4af9-8080-4d6ee007b506@group-20FCFA0487C4-LeaderElection966] INFO  impl.RoleInfo (RoleInfo.java:updateAndGet(143)) - 9c2d914d-67b1-4af9-8080-4d6ee007b506: start FollowerState
2019-10-19 01:14:46,592 [Thread-8679] INFO  impl.FollowerState (FollowerState.java:run(108)) - 9c2d914d-67b1-4af9-8080-4d6ee007b506@group-20FCFA0487C4-FollowerState: change to CANDIDATE, lastRpcTime:32ms, electionTimeout:32ms
2019-10-19 01:14:46,592 [Thread-8679] INFO  impl.RoleInfo (RoleInfo.java:shutdownFollowerState(121)) - 9c2d914d-67b1-4af9-8080-4d6ee007b506: shutdown FollowerState
2019-10-19 01:14:46,592 [Thread-8679] INFO  impl.RaftServerImpl (RaftServerImpl.java:setRole(184)) - 9c2d914d-67b1-4af9-8080-4d6ee007b506@group-20FCFA0487C4: changes role from  FOLLOWER to CANDIDATE at term 184 for changeToCandidate
2019-10-19 01:14:46,592 [Thread-8679] INFO  impl.RoleInfo (RoleInfo.java:updateAndGet(143)) - 9c2d914d-67b1-4af9-8080-4d6ee007b506: start LeaderElection
2019-10-19 01:14:46,605 [9c2d914d-67b1-4af9-8080-4d6ee007b506@group-20FCFA0487C4-LeaderElection967] INFO  impl.LeaderElection (LeaderElection.java:askForVotes(178)) - 9c2d914d-67b1-4af9-8080-4d6ee007b506@group-20FCFA0487C4-LeaderElection967: begin an election at term 185 for -1: [88be3607-7667-471c-9070-7dfd13eb5ac8:192.168.69.71:32925, 9c2d914d-67b1-4af9-8080-4d6ee007b506:192.168.69.71:35462, 61d0b7dc-5f8b-422f-8693-c58167224d24:192.168.69.71:43479], old=null
2019-10-19 01:14:46,606 [grpc-default-executor-10] INFO  impl.RaftServerImpl (RaftServerImpl.java:setRole(184)) - 61d0b7dc-5f8b-422f-8693-c58167224d24@group-20FCFA0487C4: changes role from  FOLLOWER to FOLLOWER at term 185 for recognizeCandidate:9c2d914d-67b1-4af9-8080-4d6ee007b506
2019-10-19 01:14:46,606 [grpc-default-executor-10] INFO  impl.RoleInfo (RoleInfo.java:shutdownFollowerState(121)) - 61d0b7dc-5f8b-422f-8693-c58167224d24: shutdown FollowerState
2019-10-19 01:14:46,606 [grpc-default-executor-1] INFO  impl.RaftServerImpl (RaftServerImpl.java:setRole(184)) - 88be3607-7667-471c-9070-7dfd13eb5ac8@group-20FCFA0487C4: changes role from  FOLLOWER to FOLLOWER at term 185 for recognizeCandidate:9c2d914d-67b1-4af9-8080-4d6ee007b506
2019-10-19 01:14:46,607 [Thread-8677] INFO  impl.FollowerState (FollowerState.java:run(117)) - 61d0b7dc-5f8b-422f-8693-c58167224d24@group-20FCFA0487C4-FollowerState was interrupted: java.lang.InterruptedException: sleep interrupted
2019-10-19 01:14:46,606 [grpc-default-executor-10] INFO  impl.RoleInfo (RoleInfo.java:updateAndGet(143)) - 61d0b7dc-5f8b-422f-8693-c58167224d24: start FollowerState
2019-10-19 01:14:46,607 [grpc-default-executor-1] INFO  impl.RoleInfo (RoleInfo.java:shutdownFollowerState(121)) - 88be3607-7667-471c-9070-7dfd13eb5ac8: shutdown FollowerState
2019-10-19 01:14:46,607 [Thread-8676] INFO  impl.FollowerState (FollowerState.java:run(117)) - 88be3607-7667-471c-9070-7dfd13eb5ac8@group-20FCFA0487C4-FollowerState was interrupted: java.lang.InterruptedException: sleep interrupted
2019-10-19 01:14:46,607 [grpc-default-executor-1] INFO  impl.RoleInfo (RoleInfo.java:updateAndGet(143)) - 88be3607-7667-471c-9070-7dfd13eb5ac8: start FollowerState
2019-10-19 01:14:46,621 [9c2d914d-67b1-4af9-8080-4d6ee007b506@group-20FCFA0487C4-LeaderElection967] INFO  impl.LeaderElection (LeaderElection.java:logAndReturn(56)) - 9c2d914d-67b1-4af9-8080-4d6ee007b506@group-20FCFA0487C4-LeaderElection967: Election REJECTED; received 2 response(s) [9c2d914d-67b1-4af9-8080-4d6ee007b506<-88be3607-7667-471c-9070-7dfd13eb5ac8#0:FAIL-t185, 9c2d914d-67b1-4af9-8080-4d6ee007b506<-61d0b7dc-5f8b-422f-8693-c58167224d24#0:FAIL-t185] and 0 exception(s); 9c2d914d-67b1-4af9-8080-4d6ee007b506@group-20FCFA0487C4:t185, leader=null, voted=9c2d914d-67b1-4af9-8080-4d6ee007b506, raftlog=9c2d914d-67b1-4af9-8080-4d6ee007b506@group-20FCFA0487C4-SegmentedRaftLog:OPENED:c-1,f-1,i0, conf=-1: [88be3607-7667-471c-9070-7dfd13eb5ac8:192.168.69.71:32925, 9c2d914d-67b1-4af9-8080-4d6ee007b506:192.168.69.71:35462, 61d0b7dc-5f8b-422f-8693-c58167224d24:192.168.69.71:43479], old=null
2019-10-19 01:14:46,622 [9c2d914d-67b1-4af9-8080-4d6ee007b506@group-20FCFA0487C4-LeaderElection967] INFO  impl.RaftServerImpl (RaftServerImpl.java:setRole(184)) - 9c2d914d-67b1-4af9-8080-4d6ee007b506@group-20FCFA0487C4: changes role from CANDIDATE to FOLLOWER at term 185 for DISCOVERED_A_NEW_TERM
2019-10-19 01:14:46,622 [9c2d914d-67b1-4af9-8080-4d6ee007b506@group-20FCFA0487C4-LeaderElection967] INFO  impl.RoleInfo (RoleInfo.java:shutdownLeaderElection(134)) - 9c2d914d-67b1-4af9-8080-4d6ee007b506: shutdown LeaderElection
2019-10-19 01:14:46,622 [9c2d914d-67b1-4af9-8080-4d6ee007b506@group-20FCFA0487C4-LeaderElection967] INFO  impl.RoleInfo (RoleInfo.java:updateAndGet(143)) - 9c2d914d-67b1-4af9-8080-4d6ee007b506: start FollowerState
2019-10-19 01:14:46,650 [Thread-8678] INFO  impl.FollowerState (FollowerState.java:run(108)) - f143d5cf-4038-4fa8-8601-f5a45f16ca3e@group-A3037D40E172-FollowerState: change to CANDIDATE, lastRpcTime:93ms, electionTimeout:93ms
2019-10-19 01:14:46,650 [Thread-8678] INFO  impl.RoleInfo (RoleInfo.java:shutdownFollowerState(121)) - f143d5cf-4038-4fa8-8601-f5a45f16ca3e: shutdown FollowerState
2019-10-19 01:14:46,651 [Thread-8678] INFO  impl.RaftServerImpl (RaftServerImpl.java:setRole(184)) - f143d5cf-4038-4fa8-8601-f5a45f16ca3e@group-A3037D40E172: changes role from  FOLLOWER to CANDIDATE at term 193 for changeToCandidate
2019-10-19 01:14:46,651 [Thread-8678] INFO  impl.RoleInfo (RoleInfo.java:updateAndGet(143)) - f143d5cf-4038-4fa8-8601-f5a45f16ca3e: start LeaderElection
2019-10-19 01:14:46,663 [f143d5cf-4038-4fa8-8601-f5a45f16ca3e@group-A3037D40E172-LeaderElection968] INFO  impl.LeaderElection (LeaderElection.java:askForVotes(178)) - f143d5cf-4038-4fa8-8601-f5a45f16ca3e@group-A3037D40E172-LeaderElection968: begin an election at term 194 for -1: [f143d5cf-4038-4fa8-8601-f5a45f16ca3e:192.168.69.71:40169, 2543ffea-c5c6-4af0-856f-eb846bad755a:192.168.69.71:45287, 61d14648-e80d-4cd8-9e7c-6deb2f21aca8:192.168.69.71:42247], old=null
2019-10-19 01:14:46,664 [grpc-default-executor-10] INFO  impl.RaftServerImpl (RaftServerImpl.java:setRole(184)) - 61d14648-e80d-4cd8-9e7c-6deb2f21aca8@group-A3037D40E172: changes role from  FOLLOWER to FOLLOWER at term 194 for recognizeCandidate:f143d5cf-4038-4fa8-8601-f5a45f16ca3e
2019-10-19 01:14:46,665 [grpc-default-executor-10] INFO  impl.RoleInfo (RoleInfo.java:shutdownFollowerState(121)) - 61d14648-e80d-4cd8-9e7c-6deb2f21aca8: shutdown FollowerState
2019-10-19 01:14:46,664 [grpc-default-executor-1] INFO  impl.RaftServerImpl (RaftServerImpl.java:setRole(184)) - 2543ffea-c5c6-4af0-856f-eb846bad755a@group-A3037D40E172: changes role from  FOLLOWER to FOLLOWER at term 194 for recognizeCandidate:f143d5cf-4038-4fa8-8601-f5a45f16ca3e
2019-10-19 01:14:46,665 [grpc-default-executor-1] INFO  impl.RoleInfo (RoleInfo.java:shutdownFollowerState(121)) - 2543ffea-c5c6-4af0-856f-eb846bad755a: shutdown FollowerState
2019-10-19 01:14:46,665 [Thread-8673] INFO  impl.FollowerState (FollowerState.java:run(117)) - 61d14648-e80d-4cd8-9e7c-6deb2f21aca8@group-A3037D40E172-FollowerState was interrupted: java.lang.InterruptedException: sleep interrupted
2019-10-19 01:14:46,665 [grpc-default-executor-10] INFO  impl.RoleInfo (RoleInfo.java:updateAndGet(143)) - 61d14648-e80d-4cd8-9e7c-6deb2f21aca8: start FollowerState
2019-10-19 01:14:46,665 [Thread-8672] INFO  impl.FollowerState (FollowerState.java:run(117)) - 2543ffea-c5c6-4af0-856f-eb846bad755a@group-A3037D40E172-FollowerState was interrupted: java.lang.InterruptedException: sleep interrupted
2019-10-19 01:14:46,665 [grpc-default-executor-1] INFO  impl.RoleInfo (RoleInfo.java:updateAndGet(143)) - 2543ffea-c5c6-4af0-856f-eb846bad755a: start FollowerState
2019-10-19 01:14:46,678 [f143d5cf-4038-4fa8-8601-f5a45f16ca3e@group-A3037D40E172-LeaderElection968] INFO  impl.LeaderElection (LeaderElection.java:logAndReturn(56)) - f143d5cf-4038-4fa8-8601-f5a45f16ca3e@group-A3037D40E172-LeaderElection968: Election REJECTED; received 2 response(s) [f143d5cf-4038-4fa8-8601-f5a45f16ca3e<-2543ffea-c5c6-4af0-856f-eb846bad755a#0:FAIL-t194, f143d5cf-4038-4fa8-8601-f5a45f16ca3e<-61d14648-e80d-4cd8-9e7c-6deb2f21aca8#0:FAIL-t194] and 0 exception(s); f143d5cf-4038-4fa8-8601-f5a45f16ca3e@group-A3037D40E172:t194, leader=null, voted=f143d5cf-4038-4fa8-8601-f5a45f16ca3e, raftlog=f143d5cf-4038-4fa8-8601-f5a45f16ca3e@group-A3037D40E172-SegmentedRaftLog:OPENED:c-1,f-1,i0, conf=-1: [f143d5cf-4038-4fa8-8601-f5a45f16ca3e:192.168.69.71:40169, 2543ffea-c5c6-4af0-856f-eb846bad755a:192.168.69.71:45287, 61d14648-e80d-4cd8-9e7c-6deb2f21aca8:192.168.69.71:42247], old=null
2019-10-19 01:14:46,678 [f143d5cf-4038-4fa8-8601-f5a45f16ca3e@group-A3037D40E172-LeaderElection968] INFO  impl.RaftServerImpl (RaftServerImpl.java:setRole(184)) - f143d5cf-4038-4fa8-8601-f5a45f16ca3e@group-A3037D40E172: changes role from CANDIDATE to FOLLOWER at term 194 for DISCOVERED_A_NEW_TERM
2019-10-19 01:14:46,678 [f143d5cf-4038-4fa8-8601-f5a45f16ca3e@group-A3037D40E172-LeaderElection968] INFO  impl.RoleInfo (RoleInfo.java:shutdownLeaderElection(134)) - f143d5cf-4038-4fa8-8601-f5a45f16ca3e: shutdown LeaderElection
2019-10-19 01:14:46,678 [f143d5cf-4038-4fa8-8601-f5a45f16ca3e@group-A3037D40E172-LeaderElection968] INFO  impl.RoleInfo (RoleInfo.java:updateAndGet(143)) - f143d5cf-4038-4fa8-8601-f5a45f16ca3e: start FollowerState
2019-10-19 01:14:46,749 [Thread-8691] INFO  impl.FollowerState (FollowerState.java:run(108)) - f143d5cf-4038-4fa8-8601-f5a45f16ca3e@group-A3037D40E172-FollowerState: change to CANDIDATE, lastRpcTime:70ms, electionTimeout:70ms
2019-10-19 01:14:46,749 [Thread-8691] INFO  impl.RoleInfo (RoleInfo.java:shutdownFollowerState(121)) - f143d5cf-4038-4fa8-8601-f5a45f16ca3e: shutdown FollowerState
2019-10-19 01:14:46,749 [Thread-8691] INFO  impl.RaftServerImpl (RaftServerImpl.java:setRole(184)) - f143d5cf-4038-4fa8-8601-f5a45f16ca3e@group-A3037D40E172: changes role from  FOLLOWER to CANDIDATE at term 194 for changeToCandidate
2019-10-19 01:14:46,749 [Thread-8691] INFO  impl.RoleInfo (RoleInfo.java:updateAndGet(143)) - f143d5cf-4038-4fa8-8601-f5a45f16ca3e: start LeaderElection
2019-10-19 01:14:46,762 [f143d5cf-4038-4fa8-8601-f5a45f16ca3e@group-A3037D40E172-LeaderElection969] INFO  impl.LeaderElection (LeaderElection.java:askForVotes(178)) - f143d5cf-4038-4fa8-8601-f5a45f16ca3e@group-A3037D40E172-LeaderElection969: begin an election at term 195 for -1: [f143d5cf-4038-4fa8-8601-f5a45f16ca3e:192.168.69.71:40169, 2543ffea-c5c6-4af0-856f-eb846bad755a:192.168.69.71:45287, 61d14648-e80d-4cd8-9e7c-6deb2f21aca8:192.168.69.71:42247], old=null
2019-10-19 01:14:46,763 [grpc-default-executor-1] INFO  impl.RaftServerImpl (RaftServerImpl.java:setRole(184)) - 2543ffea-c5c6-4af0-856f-eb846bad755a@group-A3037D40E172: changes role from  FOLLOWER to FOLLOWER at term 195 for recognizeCandidate:f143d5cf-4038-4fa8-8601-f5a45f16ca3e
2019-10-19 01:14:46,763 [grpc-default-executor-1] INFO  impl.RoleInfo (RoleInfo.java:shutdownFollowerState(121)) - 2543ffea-c5c6-4af0-856f-eb846bad755a: shutdown FollowerState
2019-10-19 01:14:46,763 [grpc-default-executor-10] INFO  impl.RaftServerImpl (RaftServerImpl.java:setRole(184)) - 61d14648-e80d-4cd8-9e7c-6deb2f21aca8@group-A3037D40E172: changes role from  FOLLOWER to FOLLOWER at term 195 for recognizeCandidate:f143d5cf-4038-4fa8-8601-f5a45f16ca3e
2019-10-19 01:14:46,763 [Thread-8690] INFO  impl.FollowerState (FollowerState.java:run(117)) - 2543ffea-c5c6-4af0-856f-eb846bad755a@group-A3037D40E172-FollowerState was interrupted: java.lang.InterruptedException: sleep interrupted
2019-10-19 01:14:46,763 [grpc-default-executor-1] INFO  impl.RoleInfo (RoleInfo.java:updateAndGet(143)) - 2543ffea-c5c6-4af0-856f-eb846bad755a: start FollowerState
2019-10-19 01:14:46,764 [grpc-default-executor-10] INFO  impl.RoleInfo (RoleInfo.java:shutdownFollowerState(121)) - 61d14648-e80d-4cd8-9e7c-6deb2f21aca8: shutdown FollowerState
2019-10-19 01:14:46,764 [grpc-default-executor-10] INFO  impl.RoleInfo (RoleInfo.java:updateAndGet(143)) - 61d14648-e80d-4cd8-9e7c-6deb2f21aca8: start FollowerState
2019-10-19 01:14:46,764 [Thread-8689] INFO  impl.FollowerState (FollowerState.java:run(117)) - 61d14648-e80d-4cd8-9e7c-6deb2f21aca8@group-A3037D40E172-FollowerState was interrupted: java.lang.InterruptedException: sleep interrupted
2019-10-19 01:14:46,766 [Thread-8685] INFO  impl.FollowerState (FollowerState.java:run(108)) - 9c2d914d-67b1-4af9-8080-4d6ee007b506@group-20FCFA0487C4-FollowerState: change to CANDIDATE, lastRpcTime:144ms, electionTimeout:144ms
2019-10-19 01:14:46,766 [Thread-8685] INFO  impl.RoleInfo (RoleInfo.java:shutdownFollowerState(121)) - 9c2d914d-67b1-4af9-8080-4d6ee007b506: shutdown FollowerState
2019-10-19 01:14:46,766 [Thread-8685] INFO  impl.RaftServerImpl (RaftServerImpl.java:setRole(184)) - 9c2d914d-67b1-4af9-8080-4d6ee007b506@group-20FCFA0487C4: changes role from  FOLLOWER to CANDIDATE at term 185 for changeToCandidate
2019-10-19 01:14:46,766 [Thread-8685] INFO  impl.RoleInfo (RoleInfo.java:updateAndGet(143)) - 9c2d914d-67b1-4af9-8080-4d6ee007b506: start LeaderElection
2019-10-19 01:14:46,782 [9c2d914d-67b1-4af9-8080-4d6ee007b506@group-20FCFA0487C4-LeaderElection970] INFO  impl.LeaderElection (LeaderElection.java:askForVotes(178)) - 9c2d914d-67b1-4af9-8080-4d6ee007b506@group-20FCFA0487C4-LeaderElection970: begin an election at term 186 for -1: [88be3607-7667-471c-9070-7dfd13eb5ac8:192.168.69.71:32925, 9c2d914d-67b1-4af9-8080-4d6ee007b506:192.168.69.71:35462, 61d0b7dc-5f8b-422f-8693-c58167224d24:192.168.69.71:43479], old=null
2019-10-19 01:14:46,783 [f143d5cf-4038-4fa8-8601-f5a45f16ca3e@group-A3037D40E172-LeaderElection969] INFO  impl.LeaderElection (LeaderElection.java:logAndReturn(56)) - f143d5cf-4038-4fa8-8601-f5a45f16ca3e@group-A3037D40E172-LeaderElection969: Election REJECTED; received 2 response(s) [f143d5cf-4038-4fa8-8601-f5a45f16ca3e<-2543ffea-c5c6-4af0-856f-eb846bad755a#0:FAIL-t195, f143d5cf-4038-4fa8-8601-f5a45f16ca3e<-61d14648-e80d-4cd8-9e7c-6deb2f21aca8#0:FAIL-t195] and 0 exception(s); f143d5cf-4038-4fa8-8601-f5a45f16ca3e@group-A3037D40E172:t195, leader=null, voted=f143d5cf-4038-4fa8-8601-f5a45f16ca3e, raftlog=f143d5cf-4038-4fa8-8601-f5a45f16ca3e@group-A3037D40E172-SegmentedRaftLog:OPENED:c-1,f-1,i0, conf=-1: [f143d5cf-4038-4fa8-8601-f5a45f16ca3e:192.168.69.71:40169, 2543ffea-c5c6-4af0-856f-eb846bad755a:192.168.69.71:45287, 61d14648-e80d-4cd8-9e7c-6deb2f21aca8:192.168.69.71:42247], old=null
2019-10-19 01:14:46,783 [f143d5cf-4038-4fa8-8601-f5a45f16ca3e@group-A3037D40E172-LeaderElection969] INFO  impl.RaftServerImpl (RaftServerImpl.java:setRole(184)) - f143d5cf-4038-4fa8-8601-f5a45f16ca3e@group-A3037D40E172: changes role from CANDIDATE to FOLLOWER at term 195 for DISCOVERED_A_NEW_TERM
2019-10-19 01:14:46,783 [f143d5cf-4038-4fa8-8601-f5a45f16ca3e@group-A3037D40E172-LeaderElection969] INFO  impl.RoleInfo (RoleInfo.java:shutdownLeaderElection(134)) - f143d5cf-4038-4fa8-8601-f5a45f16ca3e: shutdown LeaderElection
2019-10-19 01:14:46,783 [f143d5cf-4038-4fa8-8601-f5a45f16ca3e@group-A3037D40E172-LeaderElection969] INFO  impl.RoleInfo (RoleInfo.java:updateAndGet(143)) - f143d5cf-4038-4fa8-8601-f5a45f16ca3e: start FollowerState
2019-10-19 01:14:46,783 [grpc-default-executor-10] INFO  impl.RaftServerImpl (RaftServerImpl.java:setRole(184)) - 88be3607-7667-471c-9070-7dfd13eb5ac8@group-20FCFA0487C4: changes role from  FOLLOWER to FOLLOWER at term 186 for recognizeCandidate:9c2d914d-67b1-4af9-8080-4d6ee007b506
2019-10-19 01:14:46,784 [grpc-default-executor-10] INFO  impl.RoleInfo (RoleInfo.java:shutdownFollowerState(121)) - 88be3607-7667-471c-9070-7dfd13eb5ac8: shutdown FollowerState
2019-10-19 01:14:46,784 [grpc-default-executor-1] INFO  impl.RaftServerImpl (RaftServerImpl.java:setRole(184)) - 61d0b7dc-5f8b-422f-8693-c58167224d24@group-20FCFA0487C4: changes role from  FOLLOWER to FOLLOWER at term 186 for recognizeCandidate:9c2d914d-67b1-4af9-8080-4d6ee007b506
2019-10-19 01:14:46,784 [grpc-default-executor-1] INFO  impl.RoleInfo (RoleInfo.java:shutdownFollowerState(121)) - 61d0b7dc-5f8b-422f-8693-c58167224d24: shutdown FollowerState
2019-10-19 01:14:46,784 [Thread-8684] INFO  impl.FollowerState (FollowerState.java:run(117)) - 88be3607-7667-471c-9070-7dfd13eb5ac8@group-20FCFA0487C4-FollowerState was interrupted: java.lang.InterruptedException: sleep interrupted
2019-10-19 01:14:46,784 [grpc-default-executor-10] INFO  impl.RoleInfo (RoleInfo.java:updateAndGet(143)) - 88be3607-7667-471c-9070-7dfd13eb5ac8: start FollowerState
2019-10-19 01:14:46,784 [Thread-8683] INFO  impl.FollowerState (FollowerState.java:run(117)) - 61d0b7dc-5f8b-422f-8693-c58167224d24@group-20FCFA0487C4-FollowerState was interrupted: java.lang.InterruptedException: sleep interrupted
2019-10-19 01:14:46,784 [grpc-default-executor-1] INFO  impl.RoleInfo (RoleInfo.java:updateAndGet(143)) - 61d0b7dc-5f8b-422f-8693-c58167224d24: start FollowerState
2019-10-19 01:14:46,818 [9c2d914d-67b1-4af9-8080-4d6ee007b506@group-20FCFA0487C4-LeaderElection970] INFO  impl.LeaderElection (LeaderElection.java:logAndReturn(56)) - 9c2d914d-67b1-4af9-8080-4d6ee007b506@group-20FCFA0487C4-LeaderElection970: Election REJECTED; received 2 response(s) [9c2d914d-67b1-4af9-8080-4d6ee007b506<-88be3607-7667-471c-9070-7dfd13eb5ac8#0:FAIL-t186, 9c2d914d-67b1-4af9-8080-4d6ee007b506<-61d0b7dc-5f8b-422f-8693-c58167224d24#0:FAIL-t186] and 0 exception(s); 9c2d914d-67b1-4af9-8080-4d6ee007b506@group-20FCFA0487C4:t186, leader=null, voted=9c2d914d-67b1-4af9-8080-4d6ee007b506, raftlog=9c2d914d-67b1-4af9-8080-4d6ee007b506@group-20FCFA0487C4-SegmentedRaftLog:OPENED:c-1,f-1,i0, conf=-1: [88be3607-7667-471c-9070-7dfd13eb5ac8:192.168.69.71:32925, 9c2d914d-67b1-4af9-8080-4d6ee007b506:192.168.69.71:35462, 61d0b7dc-5f8b-422f-8693-c58167224d24:192.168.69.71:43479], old=null
2019-10-19 01:14:46,818 [9c2d914d-67b1-4af9-8080-4d6ee007b506@group-20FCFA0487C4-LeaderElection970] INFO  impl.RaftServerImpl (RaftServerImpl.java:setRole(184)) - 9c2d914d-67b1-4af9-8080-4d6ee007b506@group-20FCFA0487C4: changes role from CANDIDATE to FOLLOWER at term 186 for DISCOVERED_A_NEW_TERM
2019-10-19 01:14:46,818 [9c2d914d-67b1-4af9-8080-4d6ee007b506@group-20FCFA0487C4-LeaderElection970] INFO  impl.RoleInfo (RoleInfo.java:shutdownLeaderElection(134)) - 9c2d914d-67b1-4af9-8080-4d6ee007b506: shutdown LeaderElection
2019-10-19 01:14:46,818 [9c2d914d-67b1-4af9-8080-4d6ee007b506@group-20FCFA0487C4-LeaderElection970] INFO  impl.RoleInfo (RoleInfo.java:updateAndGet(143)) - 9c2d914d-67b1-4af9-8080-4d6ee007b506: start FollowerState
2019-10-19 01:14:46,845 [Thread-8702] INFO  impl.FollowerState (FollowerState.java:run(108)) - f143d5cf-4038-4fa8-8601-f5a45f16ca3e@group-A3037D40E172-FollowerState: change to CANDIDATE, lastRpcTime:62ms, electionTimeout:62ms
2019-10-19 01:14:46,845 [Thread-8702] INFO  impl.RoleInfo (RoleInfo.java:shutdownFollowerState(121)) - f143d5cf-4038-4fa8-8601-f5a45f16ca3e: shutdown FollowerState
2019-10-19 01:14:46,846 [Thread-8702] INFO  impl.RaftServerImpl (RaftServerImpl.java:setRole(184)) - f143d5cf-4038-4fa8-8601-f5a45f16ca3e@group-A3037D40E172: changes role from  FOLLOWER to CANDIDATE at term 195 for changeToCandidate
2019-10-19 01:14:46,846 [Thread-8702] INFO  impl.RoleInfo (RoleInfo.java:updateAndGet(143)) - f143d5cf-4038-4fa8-8601-f5a45f16ca3e: start LeaderElection
2019-10-19 01:14:46,859 [f143d5cf-4038-4fa8-8601-f5a45f16ca3e@group-A3037D40E172-LeaderElection971] INFO  impl.LeaderElection (LeaderElection.java:askForVotes(178)) - f143d5cf-4038-4fa8-8601-f5a45f16ca3e@group-A3037D40E172-LeaderElection971: begin an election at term 196 for -1: [f143d5cf-4038-4fa8-8601-f5a45f16ca3e:192.168.69.71:40169, 2543ffea-c5c6-4af0-856f-eb846bad755a:192.168.69.71:45287, 61d14648-e80d-4cd8-9e7c-6deb2f21aca8:192.168.69.71:42247], old=null
2019-10-19 01:14:46,860 [grpc-default-executor-1] INFO  impl.RaftServerImpl (RaftServerImpl.java:setRole(184)) - 61d14648-e80d-4cd8-9e7c-6deb2f21aca8@group-A3037D40E172: changes role from  FOLLOWER to FOLLOWER at term 196 for recognizeCandidate:f143d5cf-4038-4fa8-8601-f5a45f16ca3e
2019-10-19 01:14:46,860 [grpc-default-executor-1] INFO  impl.RoleInfo (RoleInfo.java:shutdownFollowerState(121)) - 61d14648-e80d-4cd8-9e7c-6deb2f21aca8: shutdown FollowerState
2019-10-19 01:14:46,860 [grpc-default-executor-10] INFO  impl.RaftServerImpl (RaftServerImpl.java:setRole(184)) - 2543ffea-c5c6-4af0-856f-eb846bad755a@group-A3037D40E172: changes role from  FOLLOWER to FOLLOWER at term 196 for recognizeCandidate:f143d5cf-4038-4fa8-8601-f5a45f16ca3e
2019-10-19 01:14:46,861 [grpc-default-executor-10] INFO  impl.RoleInfo (RoleInfo.java:shutdownFollowerState(121)) - 2543ffea-c5c6-4af0-856f-eb846bad755a: shutdown FollowerState
2019-10-19 01:14:46,860 [Thread-8698] INFO  impl.FollowerState (FollowerState.java:run(117)) - 61d14648-e80d-4cd8-9e7c-6deb2f21aca8@group-A3037D40E172-FollowerState was interrupted: java.lang.InterruptedException: sleep interrupted
2019-10-19 01:14:46,860 [grpc-default-executor-1] INFO  impl.RoleInfo (RoleInfo.java:updateAndGet(143)) - 61d14648-e80d-4cd8-9e7c-6deb2f21aca8: start FollowerState
2019-10-19 01:14:46,861 [Thread-8697] INFO  impl.FollowerState (FollowerState.java:run(117)) - 2543ffea-c5c6-4af0-856f-eb846bad755a@group-A3037D40E172-FollowerState was interrupted: java.lang.InterruptedException: sleep interrupted
2019-10-19 01:14:46,861 [grpc-default-executor-10] INFO  impl.RoleInfo (RoleInfo.java:updateAndGet(143)) - 2543ffea-c5c6-4af0-856f-eb846bad755a: start FollowerState
2019-10-19 01:14:46,875 [f143d5cf-4038-4fa8-8601-f5a45f16ca3e@group-A3037D40E172-LeaderElection971] INFO  impl.LeaderElection (LeaderElection.java:logAndReturn(56)) - f143d5cf-4038-4fa8-8601-f5a45f16ca3e@group-A3037D40E172-LeaderElection971: Election REJECTED; received 2 response(s) [f143d5cf-4038-4fa8-8601-f5a45f16ca3e<-2543ffea-c5c6-4af0-856f-eb846bad755a#0:FAIL-t196, f143d5cf-4038-4fa8-8601-f5a45f16ca3e<-61d14648-e80d-4cd8-9e7c-6deb2f21aca8#0:FAIL-t196] and 0 exception(s); f143d5cf-4038-4fa8-8601-f5a45f16ca3e@group-A3037D40E172:t196, leader=null, voted=f143d5cf-4038-4fa8-8601-f5a45f16ca3e, raftlog=f143d5cf-4038-4fa8-8601-f5a45f16ca3e@group-A3037D40E172-SegmentedRaftLog:OPENED:c-1,f-1,i0, conf=-1: [f143d5cf-4038-4fa8-8601-f5a45f16ca3e:192.168.69.71:40169, 2543ffea-c5c6-4af0-856f-eb846bad755a:192.168.69.71:45287, 61d14648-e80d-4cd8-9e7c-6deb2f21aca8:192.168.69.71:42247], old=null
2019-10-19 01:14:46,875 [f143d5cf-4038-4fa8-8601-f5a45f16ca3e@group-A3037D40E172-LeaderElection971] INFO  impl.RaftServerImpl (RaftServerImpl.java:setRole(184)) - f143d5cf-4038-4fa8-8601-f5a45f16ca3e@group-A3037D40E172: changes role from CANDIDATE to FOLLOWER at term 196 for DISCOVERED_A_NEW_TERM
2019-10-19 01:14:46,875 [f143d5cf-4038-4fa8-8601-f5a45f16ca3e@group-A3037D40E172-LeaderElection971] INFO  impl.RoleInfo (RoleInfo.java:shutdownLeaderElection(134)) - f143d5cf-4038-4fa8-8601-f5a45f16ca3e: shutdown LeaderElection
2019-10-19 01:14:46,875 [f143d5cf-4038-4fa8-8601-f5a45f16ca3e@group-A3037D40E172-LeaderElection971] INFO  impl.RoleInfo (RoleInfo.java:updateAndGet(143)) - f143d5cf-4038-4fa8-8601-f5a45f16ca3e: start FollowerState
2019-10-19 01:14:46,914 [Thread-8705] INFO  impl.FollowerState (FollowerState.java:run(108)) - 9c2d914d-67b1-4af9-8080-4d6ee007b506@group-20FCFA0487C4-FollowerState: change to CANDIDATE, lastRpcTime:96ms, electionTimeout:96ms
2019-10-19 01:14:46,914 [Thread-8705] INFO  impl.RoleInfo (RoleInfo.java:shutdownFollowerState(121)) - 9c2d914d-67b1-4af9-8080-4d6ee007b506: shutdown FollowerState
2019-10-19 01:14:46,914 [Thread-8705] INFO  impl.RaftServerImpl (RaftServerImpl.java:setRole(184)) - 9c2d914d-67b1-4af9-8080-4d6ee007b506@group-20FCFA0487C4: changes role from  FOLLOWER to CANDIDATE at term 186 for changeToCandidate
2019-10-19 01:14:46,915 [Thread-8705] INFO  impl.RoleInfo (RoleInfo.java:updateAndGet(143)) - 9c2d914d-67b1-4af9-8080-4d6ee007b506: start LeaderElection
2019-10-19 01:14:46,928 [9c2d914d-67b1-4af9-8080-4d6ee007b506@group-20FCFA0487C4-LeaderElection972] INFO  impl.LeaderElection (LeaderElection.java:askForVotes(178)) - 9c2d914d-67b1-4af9-8080-4d6ee007b506@group-20FCFA0487C4-LeaderElection972: begin an election at term 187 for -1: [88be3607-7667-471c-9070-7dfd13eb5ac8:192.168.69.71:32925, 9c2d914d-67b1-4af9-8080-4d6ee007b506:192.168.69.71:35462, 61d0b7dc-5f8b-422f-8693-c58167224d24:192.168.69.71:43479], old=null
2019-10-19 01:14:46,928 [grpc-default-executor-10] INFO  impl.RaftServerImpl (RaftServerImpl.java:setRole(184)) - 88be3607-7667-471c-9070-7dfd13eb5ac8@group-20FCFA0487C4: changes role from  FOLLOWER to FOLLOWER at term 187 for recognizeCandidate:9c2d914d-67b1-4af9-8080-4d6ee007b506
2019-10-19 01:14:46,929 [grpc-default-executor-10] INFO  impl.RoleInfo (RoleInfo.java:shutdownFollowerState(121)) - 88be3607-7667-471c-9070-7dfd13eb5ac8: shutdown FollowerState
2019-10-19 01:14:46,929 [grpc-default-executor-1] INFO  impl.RaftServerImpl (RaftServerImpl.java:setRole(184)) - 61d0b7dc-5f8b-422f-8693-c58167224d24@group-20FCFA0487C4: changes role from  FOLLOWER to FOLLOWER at term 187 for recognizeCandidate:9c2d914d-67b1-4af9-8080-4d6ee007b506
2019-10-19 01:14:46,929 [grpc-default-executor-1] INFO  impl.RoleInfo (RoleInfo.java:shutdownFollowerState(121)) - 61d0b7dc-5f8b-422f-8693-c58167224d24: shutdown FollowerState
2019-10-19 01:14:46,929 [Thread-8703] INFO  impl.FollowerState (FollowerState.java:run(117)) - 88be3607-7667-471c-9070-7dfd13eb5ac8@group-20FCFA0487C4-FollowerState was interrupted: java.lang.InterruptedException: sleep interrupted
2019-10-19 01:14:46,929 [grpc-default-executor-10] INFO  impl.RoleInfo (RoleInfo.java:updateAndGet(143)) - 88be3607-7667-471c-9070-7dfd13eb5ac8: start FollowerState
2019-10-19 01:14:46,929 [Thread-8704] INFO  impl.FollowerState (FollowerState.java:run(117)) - 61d0b7dc-5f8b-422f-8693-c58167224d24@group-20FCFA0487C4-FollowerState was interrupted: java.lang.InterruptedException: sleep interrupted
2019-10-19 01:14:46,929 [grpc-default-executor-1] INFO  impl.RoleInfo (RoleInfo.java:updateAndGet(143)) - 61d0b7dc-5f8b-422f-8693-c58167224d24: start FollowerState
2019-10-19 01:14:46,930 [Thread-8711] INFO  impl.FollowerState (FollowerState.java:run(108)) - f143d5cf-4038-4fa8-8601-f5a45f16ca3e@group-A3037D40E172-FollowerState: change to CANDIDATE, lastRpcTime:55ms, electionTimeout:55ms
2019-10-19 01:14:46,930 [Thread-8711] INFO  impl.RoleInfo (RoleInfo.java:shutdownFollowerState(121)) - f143d5cf-4038-4fa8-8601-f5a45f16ca3e: shutdown FollowerState
2019-10-19 01:14:46,931 [Thread-8711] INFO  impl.RaftServerImpl (RaftServerImpl.java:setRole(184)) - f143d5cf-4038-4fa8-8601-f5a45f16ca3e@group-A3037D40E172: changes role from  FOLLOWER to CANDIDATE at term 196 for changeToCandidate
2019-10-19 01:14:46,931 [Thread-8711] INFO  impl.RoleInfo (RoleInfo.java:updateAndGet(143)) - f143d5cf-4038-4fa8-8601-f5a45f16ca3e: start LeaderElection
2019-10-19 01:14:46,942 [f143d5cf-4038-4fa8-8601-f5a45f16ca3e@group-A3037D40E172-LeaderElection973] INFO  impl.LeaderElection (LeaderElection.java:askForVotes(178)) - f143d5cf-4038-4fa8-8601-f5a45f16ca3e@group-A3037D40E172-LeaderElection973: begin an election at term 197 for -1: [f143d5cf-4038-4fa8-8601-f5a45f16ca3e:192.168.69.71:40169, 2543ffea-c5c6-4af0-856f-eb846bad755a:192.168.69.71:45287, 61d14648-e80d-4cd8-9e7c-6deb2f21aca8:192.168.69.71:42247], old=null
2019-10-19 01:14:46,943 [9c2d914d-67b1-4af9-8080-4d6ee007b506@group-20FCFA0487C4-LeaderElection972] INFO  impl.LeaderElection (LeaderElection.java:logAndReturn(56)) - 9c2d914d-67b1-4af9-8080-4d6ee007b506@group-20FCFA0487C4-LeaderElection972: Election REJECTED; received 2 response(s) [9c2d914d-67b1-4af9-8080-4d6ee007b506<-88be3607-7667-471c-9070-7dfd13eb5ac8#0:FAIL-t187, 9c2d914d-67b1-4af9-8080-4d6ee007b506<-61d0b7dc-5f8b-422f-8693-c58167224d24#0:FAIL-t187] and 0 exception(s); 9c2d914d-67b1-4af9-8080-4d6ee007b506@group-20FCFA0487C4:t187, leader=null, voted=9c2d914d-67b1-4af9-8080-4d6ee007b506, raftlog=9c2d914d-67b1-4af9-8080-4d6ee007b506@group-20FCFA0487C4-SegmentedRaftLog:OPENED:c-1,f-1,i0, conf=-1: [88be3607-7667-471c-9070-7dfd13eb5ac8:192.168.69.71:32925, 9c2d914d-67b1-4af9-8080-4d6ee007b506:192.168.69.71:35462, 61d0b7dc-5f8b-422f-8693-c58167224d24:192.168.69.71:43479], old=null
2019-10-19 01:14:46,943 [9c2d914d-67b1-4af9-8080-4d6ee007b506@group-20FCFA0487C4-LeaderElection972] INFO  impl.RaftServerImpl (RaftServerImpl.java:setRole(184)) - 9c2d914d-67b1-4af9-8080-4d6ee007b506@group-20FCFA0487C4: changes role from CANDIDATE to FOLLOWER at term 187 for DISCOVERED_A_NEW_TERM
2019-10-19 01:14:46,943 [9c2d914d-67b1-4af9-8080-4d6ee007b506@group-20FCFA0487C4-LeaderElection972] INFO  impl.RoleInfo (RoleInfo.java:shutdownLeaderElection(134)) - 9c2d914d-67b1-4af9-8080-4d6ee007b506: shutdown LeaderElection
2019-10-19 01:14:46,943 [9c2d914d-67b1-4af9-8080-4d6ee007b506@group-20FCFA0487C4-LeaderElection972] INFO  impl.RoleInfo (RoleInfo.java:updateAndGet(143)) - 9c2d914d-67b1-4af9-8080-4d6ee007b506: start FollowerState
2019-10-19 01:14:46,943 [grpc-default-executor-10] INFO  impl.RaftServerImpl (RaftServerImpl.java:setRole(184)) - 2543ffea-c5c6-4af0-856f-eb846bad755a@group-A3037D40E172: changes role from  FOLLOWER to FOLLOWER at term 197 for recognizeCandidate:f143d5cf-4038-4fa8-8601-f5a45f16ca3e
2019-10-19 01:14:46,943 [grpc-default-executor-10] INFO  impl.RoleInfo (RoleInfo.java:shutdownFollowerState(121)) - 2543ffea-c5c6-4af0-856f-eb846bad755a: shutdown FollowerState
2019-10-19 01:14:46,943 [grpc-default-executor-10] INFO  impl.RoleInfo (RoleInfo.java:updateAndGet(143)) - 2543ffea-c5c6-4af0-856f-eb846bad755a: start FollowerState
2019-10-19 01:14:46,943 [Thread-8710] INFO  impl.FollowerState (FollowerState.java:run(117)) - 2543ffea-c5c6-4af0-856f-eb846bad755a@group-A3037D40E172-FollowerState was interrupted: java.lang.InterruptedException: sleep interrupted
2019-10-19 01:14:46,943 [grpc-default-executor-1] INFO  impl.RaftServerImpl (RaftServerImpl.java:setRole(184)) - 61d14648-e80d-4cd8-9e7c-6deb2f21aca8@group-A3037D40E172: changes role from  FOLLOWER to FOLLOWER at term 197 for recognizeCandidate:f143d5cf-4038-4fa8-8601-f5a45f16ca3e
2019-10-19 01:14:46,944 [grpc-default-executor-1] INFO  impl.RoleInfo (RoleInfo.java:shutdownFollowerState(121)) - 61d14648-e80d-4cd8-9e7c-6deb2f21aca8: shutdown FollowerState
2019-10-19 01:14:46,944 [grpc-default-executor-1] INFO  impl.RoleInfo (RoleInfo.java:updateAndGet(143)) - 61d14648-e80d-4cd8-9e7c-6deb2f21aca8: start FollowerState
2019-10-19 01:14:46,944 [f143d5cf-4038-4fa8-8601-f5a45f16ca3e@group-A3037D40E172-LeaderElection973] INFO  impl.LeaderElection (LeaderElection.java:logAndReturn(56)) - f143d5cf-4038-4fa8-8601-f5a45f16ca3e@group-A3037D40E172-LeaderElection973: Election TIMEOUT; received 0 response(s) [] and 0 exception(s); f143d5cf-4038-4fa8-8601-f5a45f16ca3e@group-A3037D40E172:t197, leader=null, voted=f143d5cf-4038-4fa8-8601-f5a45f16ca3e, raftlog=f143d5cf-4038-4fa8-8601-f5a45f16ca3e@group-A3037D40E172-SegmentedRaftLog:OPENED:c-1,f-1,i0, conf=-1: [f143d5cf-4038-4fa8-8601-f5a45f16ca3e:192.168.69.71:40169, 2543ffea-c5c6-4af0-856f-eb846bad755a:192.168.69.71:45287, 61d14648-e80d-4cd8-9e7c-6deb2f21aca8:192.168.69.71:42247], old=null
2019-10-19 01:14:46,944 [Thread-8709] INFO  impl.FollowerState (FollowerState.java:run(117)) - 61d14648-e80d-4cd8-9e7c-6deb2f21aca8@group-A3037D40E172-FollowerState was interrupted: java.lang.InterruptedException: sleep interrupted
2019-10-19 01:14:46,957 [f143d5cf-4038-4fa8-8601-f5a45f16ca3e@group-A3037D40E172-LeaderElection973] INFO  impl.LeaderElection (LeaderElection.java:askForVotes(178)) - f143d5cf-4038-4fa8-8601-f5a45f16ca3e@group-A3037D40E172-LeaderElection973: begin an election at term 198 for -1: [f143d5cf-4038-4fa8-8601-f5a45f16ca3e:192.168.69.71:40169, 2543ffea-c5c6-4af0-856f-eb846bad755a:192.168.69.71:45287, 61d14648-e80d-4cd8-9e7c-6deb2f21aca8:192.168.69.71:42247], old=null
2019-10-19 01:14:46,958 [grpc-default-executor-10] INFO  impl.RaftServerImpl (RaftServerImpl.java:setRole(184)) - 61d14648-e80d-4cd8-9e7c-6deb2f21aca8@group-A3037D40E172: changes role from  FOLLOWER to FOLLOWER at term 198 for recognizeCandidate:f143d5cf-4038-4fa8-8601-f5a45f16ca3e
2019-10-19 01:14:46,958 [grpc-default-executor-10] INFO  impl.RoleInfo (RoleInfo.java:shutdownFollowerState(121)) - 61d14648-e80d-4cd8-9e7c-6deb2f21aca8: shutdown FollowerState
2019-10-19 01:14:46,958 [grpc-default-executor-1] INFO  impl.RaftServerImpl (RaftServerImpl.java:setRole(184)) - 2543ffea-c5c6-4af0-856f-eb846bad755a@group-A3037D40E172: changes role from  FOLLOWER to FOLLOWER at term 198 for recognizeCandidate:f143d5cf-4038-4fa8-8601-f5a45f16ca3e
2019-10-19 01:14:46,958 [grpc-default-executor-1] INFO  impl.RoleInfo (RoleInfo.java:shutdownFollowerState(121)) - 2543ffea-c5c6-4af0-856f-eb846bad755a: shutdown FollowerState
2019-10-19 01:14:46,958 [Thread-8722] INFO  impl.FollowerState (FollowerState.java:run(117)) - 61d14648-e80d-4cd8-9e7c-6deb2f21aca8@group-A3037D40E172-FollowerState was interrupted: java.lang.InterruptedException: sleep interrupted
2019-10-19 01:14:46,958 [grpc-default-executor-10] INFO  impl.RoleInfo (RoleInfo.java:updateAndGet(143)) - 61d14648-e80d-4cd8-9e7c-6deb2f21aca8: start FollowerState
2019-10-19 01:14:46,958 [Thread-8721] INFO  impl.FollowerState (FollowerState.java:run(117)) - 2543ffea-c5c6-4af0-856f-eb846bad755a@group-A3037D40E172-FollowerState was interrupted: java.lang.InterruptedException: sleep interrupted
2019-10-19 01:14:46,958 [grpc-default-executor-1] INFO  impl.RoleInfo (RoleInfo.java:updateAndGet(143)) - 2543ffea-c5c6-4af0-856f-eb846bad755a: start FollowerState
2019-10-19 01:14:46,972 [f143d5cf-4038-4fa8-8601-f5a45f16ca3e@group-A3037D40E172-LeaderElection973] INFO  impl.LeaderElection (LeaderElection.java:logAndReturn(56)) - f143d5cf-4038-4fa8-8601-f5a45f16ca3e@group-A3037D40E172-LeaderElection973: Election REJECTED; received 2 response(s) [f143d5cf-4038-4fa8-8601-f5a45f16ca3e<-2543ffea-c5c6-4af0-856f-eb846bad755a#0:FAIL-t198, f143d5cf-4038-4fa8-8601-f5a45f16ca3e<-61d14648-e80d-4cd8-9e7c-6deb2f21aca8#0:FAIL-t198] and 0 exception(s); f143d5cf-4038-4fa8-8601-f5a45f16ca3e@group-A3037D40E172:t198, leader=null, voted=f143d5cf-4038-4fa8-8601-f5a45f16ca3e, raftlog=f143d5cf-4038-4fa8-8601-f5a45f16ca3e@group-A3037D40E172-SegmentedRaftLog:OPENED:c-1,f-1,i0, conf=-1: [f143d5cf-4038-4fa8-8601-f5a45f16ca3e:192.168.69.71:40169, 2543ffea-c5c6-4af0-856f-eb846bad755a:192.168.69.71:45287, 61d14648-e80d-4cd8-9e7c-6deb2f21aca8:192.168.69.71:42247], old=null
2019-10-19 01:14:46,973 [f143d5cf-4038-4fa8-8601-f5a45f16ca3e@group-A3037D40E172-LeaderElection973] INFO  impl.RaftServerImpl (RaftServerImpl.java:setRole(184)) - f143d5cf-4038-4fa8-8601-f5a45f16ca3e@group-A3037D40E172: changes role from CANDIDATE to FOLLOWER at term 198 for DISCOVERED_A_NEW_TERM
2019-10-19 01:14:46,973 [f143d5cf-4038-4fa8-8601-f5a45f16ca3e@group-A3037D40E172-LeaderElection973] INFO  impl.RoleInfo (RoleInfo.java:shutdownLeaderElection(134)) - f143d5cf-4038-4fa8-8601-f5a45f16ca3e: shutdown LeaderElection
2019-10-19 01:14:46,973 [f143d5cf-4038-4fa8-8601-f5a45f16ca3e@group-A3037D40E172-LeaderElection973] INFO  impl.RoleInfo (RoleInfo.java:updateAndGet(143)) - f143d5cf-4038-4fa8-8601-f5a45f16ca3e: start FollowerState
2019-10-19 01:14:46,988 [Thread-8727] INFO  impl.FollowerState (FollowerState.java:run(108)) - f143d5cf-4038-4fa8-8601-f5a45f16ca3e@group-A3037D40E172-FollowerState: change to CANDIDATE, lastRpcTime:15ms, electionTimeout:15ms
2019-10-19 01:14:46,988 [Thread-8727] INFO  impl.RoleInfo (RoleInfo.java:shutdownFollowerState(121)) - f143d5cf-4038-4fa8-8601-f5a45f16ca3e: shutdown FollowerState
2019-10-19 01:14:46,988 [Thread-8727] INFO  impl.RaftServerImpl (RaftServerImpl.java:setRole(184)) - f143d5cf-4038-4fa8-8601-f5a45f16ca3e@group-A3037D40E172: changes role from  FOLLOWER to CANDIDATE at term 198 for changeToCandidate
2019-10-19 01:14:46,988 [Thread-8727] INFO  impl.RoleInfo (RoleInfo.java:updateAndGet(143)) - f143d5cf-4038-4fa8-8601-f5a45f16ca3e: start LeaderElection
2019-10-19 01:14:47,001 [f143d5cf-4038-4fa8-8601-f5a45f16ca3e@group-A3037D40E172-LeaderElection974] INFO  impl.LeaderElection (LeaderElection.java:askForVotes(178)) - f143d5cf-4038-4fa8-8601-f5a45f16ca3e@group-A3037D40E172-LeaderElection974: begin an election at term 199 for -1: [f143d5cf-4038-4fa8-8601-f5a45f16ca3e:192.168.69.71:40169, 2543ffea-c5c6-4af0-856f-eb846bad755a:192.168.69.71:45287, 61d14648-e80d-4cd8-9e7c-6deb2f21aca8:192.168.69.71:42247], old=null
2019-10-19 01:14:47,002 [grpc-default-executor-10] INFO  impl.RaftServerImpl (RaftServerImpl.java:setRole(184)) - 2543ffea-c5c6-4af0-856f-eb846bad755a@group-A3037D40E172: changes role from  FOLLOWER to FOLLOWER at term 199 for recognizeCandidate:f143d5cf-4038-4fa8-8601-f5a45f16ca3e
2019-10-19 01:14:47,002 [grpc-default-executor-10] INFO  impl.RoleInfo (RoleInfo.java:shutdownFollowerState(121)) - 2543ffea-c5c6-4af0-856f-eb846bad755a: shutdown FollowerState
2019-10-19 01:14:47,002 [grpc-default-executor-10] INFO  impl.RoleInfo (RoleInfo.java:updateAndGet(143)) - 2543ffea-c5c6-4af0-856f-eb846bad755a: start FollowerState
2019-10-19 01:14:47,002 [grpc-default-executor-1] INFO  impl.RaftServerImpl (RaftServerImpl.java:setRole(184)) - 61d14648-e80d-4cd8-9e7c-6deb2f21aca8@group-A3037D40E172: changes role from  FOLLOWER to FOLLOWER at term 199 for recognizeCandidate:f143d5cf-4038-4fa8-8601-f5a45f16ca3e
2019-10-19 01:14:47,002 [Thread-8726] INFO  impl.FollowerState (FollowerState.java:run(117)) - 2543ffea-c5c6-4af0-856f-eb846bad755a@group-A3037D40E172-FollowerState was interrupted: java.lang.InterruptedException: sleep interrupted
2019-10-19 01:14:47,002 [grpc-default-executor-1] INFO  impl.RoleInfo (RoleInfo.java:shutdownFollowerState(121)) - 61d14648-e80d-4cd8-9e7c-6deb2f21aca8: shutdown FollowerState
2019-10-19 01:14:47,002 [grpc-default-executor-1] INFO  impl.RoleInfo (RoleInfo.java:updateAndGet(143)) - 61d14648-e80d-4cd8-9e7c-6deb2f21aca8: start FollowerState
2019-10-19 01:14:47,002 [Thread-8725] INFO  impl.FollowerState (FollowerState.java:run(117)) - 61d14648-e80d-4cd8-9e7c-6deb2f21aca8@group-A3037D40E172-FollowerState was interrupted: java.lang.InterruptedException: sleep interrupted
2019-10-19 01:14:47,022 [f143d5cf-4038-4fa8-8601-f5a45f16ca3e@group-A3037D40E172-LeaderElection974] INFO  impl.LeaderElection (LeaderElection.java:logAndReturn(56)) - f143d5cf-4038-4fa8-8601-f5a45f16ca3e@group-A3037D40E172-LeaderElection974: Election REJECTED; received 2 response(s) [f143d5cf-4038-4fa8-8601-f5a45f16ca3e<-2543ffea-c5c6-4af0-856f-eb846bad755a#0:FAIL-t199, f143d5cf-4038-4fa8-8601-f5a45f16ca3e<-61d14648-e80d-4cd8-9e7c-6deb2f21aca8#0:FAIL-t199] and 0 exception(s); f143d5cf-4038-4fa8-8601-f5a45f16ca3e@group-A3037D40E172:t199, leader=null, voted=f143d5cf-4038-4fa8-8601-f5a45f16ca3e, raftlog=f143d5cf-4038-4fa8-8601-f5a45f16ca3e@group-A3037D40E172-SegmentedRaftLog:OPENED:c-1,f-1,i0, conf=-1: [f143d5cf-4038-4fa8-8601-f5a45f16ca3e:192.168.69.71:40169, 2543ffea-c5c6-4af0-856f-eb846bad755a:192.168.69.71:45287, 61d14648-e80d-4cd8-9e7c-6deb2f21aca8:192.168.69.71:42247], old=null
2019-10-19 01:14:47,022 [f143d5cf-4038-4fa8-8601-f5a45f16ca3e@group-A3037D40E172-LeaderElection974] INFO  impl.RaftServerImpl (RaftServerImpl.java:setRole(184)) - f143d5cf-4038-4fa8-8601-f5a45f16ca3e@group-A3037D40E172: changes role from CANDIDATE to FOLLOWER at term 199 for DISCOVERED_A_NEW_TERM
2019-10-19 01:14:47,022 [f143d5cf-4038-4fa8-8601-f5a45f16ca3e@group-A3037D40E172-LeaderElection974] INFO  impl.RoleInfo (RoleInfo.java:shutdownLeaderElection(134)) - f143d5cf-4038-4fa8-8601-f5a45f16ca3e: shutdown LeaderElection
2019-10-19 01:14:47,023 [f143d5cf-4038-4fa8-8601-f5a45f16ca3e@group-A3037D40E172-LeaderElection974] INFO  impl.RoleInfo (RoleInfo.java:updateAndGet(143)) - f143d5cf-4038-4fa8-8601-f5a45f16ca3e: start FollowerState
2019-10-19 01:14:47,107 [Thread-8733] INFO  impl.FollowerState (FollowerState.java:run(108)) - f143d5cf-4038-4fa8-8601-f5a45f16ca3e@group-A3037D40E172-FollowerState: change to CANDIDATE, lastRpcTime:84ms, electionTimeout:84ms
2019-10-19 01:14:47,107 [Thread-8733] INFO  impl.RoleInfo (RoleInfo.java:shutdownFollowerState(121)) - f143d5cf-4038-4fa8-8601-f5a45f16ca3e: shutdown FollowerState
2019-10-19 01:14:47,107 [Thread-8733] INFO  impl.RaftServerImpl (RaftServerImpl.java:setRole(184)) - f143d5cf-4038-4fa8-8601-f5a45f16ca3e@group-A3037D40E172: changes role from  FOLLOWER to CANDIDATE at term 199 for changeToCandidate
2019-10-19 01:14:47,107 [Thread-8733] INFO  impl.RoleInfo (RoleInfo.java:updateAndGet(143)) - f143d5cf-4038-4fa8-8601-f5a45f16ca3e: start LeaderElection
2019-10-19 01:14:47,114 [Thread-8720] INFO  impl.FollowerState (FollowerState.java:run(108)) - 9c2d914d-67b1-4af9-8080-4d6ee007b506@group-20FCFA0487C4-FollowerState: change to CANDIDATE, lastRpcTime:171ms, electionTimeout:171ms
2019-10-19 01:14:47,115 [Thread-8720] INFO  impl.RoleInfo (RoleInfo.java:shutdownFollowerState(121)) - 9c2d914d-67b1-4af9-8080-4d6ee007b506: shutdown FollowerState
2019-10-19 01:14:47,115 [Thread-8720] INFO  impl.RaftServerImpl (RaftServerImpl.java:setRole(184)) - 9c2d914d-67b1-4af9-8080-4d6ee007b506@group-20FCFA0487C4: changes role from  FOLLOWER to CANDIDATE at term 187 for changeToCandidate
2019-10-19 01:14:47,115 [Thread-8720] INFO  impl.RoleInfo (RoleInfo.java:updateAndGet(143)) - 9c2d914d-67b1-4af9-8080-4d6ee007b506: start LeaderElection
2019-10-19 01:14:47,121 [9c2d914d-67b1-4af9-8080-4d6ee007b506@group-20FCFA0487C4-LeaderElection976] INFO  impl.LeaderElection (LeaderElection.java:askForVotes(178)) - 9c2d914d-67b1-4af9-8080-4d6ee007b506@group-20FCFA0487C4-LeaderElection976: begin an election at term 188 for -1: [88be3607-7667-471c-9070-7dfd13eb5ac8:192.168.69.71:32925, 9c2d914d-67b1-4af9-8080-4d6ee007b506:192.168.69.71:35462, 61d0b7dc-5f8b-422f-8693-c58167224d24:192.168.69.71:43479], old=null
2019-10-19 01:14:47,121 [f143d5cf-4038-4fa8-8601-f5a45f16ca3e@group-A3037D40E172-LeaderElection975] INFO  impl.LeaderElection (LeaderElection.java:askForVotes(178)) - f143d5cf-4038-4fa8-8601-f5a45f16ca3e@group-A3037D40E172-LeaderElection975: begin an election at term 200 for -1: [f143d5cf-4038-4fa8-8601-f5a45f16ca3e:192.168.69.71:40169, 2543ffea-c5c6-4af0-856f-eb846bad755a:192.168.69.71:45287, 61d14648-e80d-4cd8-9e7c-6deb2f21aca8:192.168.69.71:42247], old=null
2019-10-19 01:14:47,122 [grpc-default-executor-10] INFO  impl.RaftServerImpl (RaftServerImpl.java:setRole(184)) - 2543ffea-c5c6-4af0-856f-eb846bad755a@group-A3037D40E172: changes role from  FOLLOWER to FOLLOWER at term 200 for recognizeCandidate:f143d5cf-4038-4fa8-8601-f5a45f16ca3e
2019-10-19 01:14:47,122 [grpc-default-executor-10] INFO  impl.RoleInfo (RoleInfo.java:shutdownFollowerState(121)) - 2543ffea-c5c6-4af0-856f-eb846bad755a: shutdown FollowerState
2019-10-19 01:14:47,122 [grpc-default-executor-9] INFO  impl.RaftServerImpl (RaftServerImpl.java:setRole(184)) - 61d14648-e80d-4cd8-9e7c-6deb2f21aca8@group-A3037D40E172: changes role from  FOLLOWER to FOLLOWER at term 200 for recognizeCandidate:f143d5cf-4038-4fa8-8601-f5a45f16ca3e
2019-10-19 01:14:47,122 [grpc-default-executor-1] INFO  impl.RaftServerImpl (RaftServerImpl.java:setRole(184)) - 61d0b7dc-5f8b-422f-8693-c58167224d24@group-20FCFA0487C4: changes role from  FOLLOWER to FOLLOWER at term 188 for recognizeCandidate:9c2d914d-67b1-4af9-8080-4d6ee007b506
2019-10-19 01:14:47,123 [grpc-default-executor-1] INFO  impl.RoleInfo (RoleInfo.java:shutdownFollowerState(121)) - 61d0b7dc-5f8b-422f-8693-c58167224d24: shutdown FollowerState
2019-10-19 01:14:47,123 [grpc-default-executor-9] INFO  impl.RoleInfo (RoleInfo.java:shutdownFollowerState(121)) - 61d14648-e80d-4cd8-9e7c-6deb2f21aca8: shutdown FollowerState
2019-10-19 01:14:47,123 [grpc-default-executor-3] INFO  impl.RaftServerImpl (RaftServerImpl.java:setRole(184)) - 88be3607-7667-471c-9070-7dfd13eb5ac8@group-20FCFA0487C4: changes role from  FOLLOWER to FOLLOWER at term 188 for recognizeCandidate:9c2d914d-67b1-4af9-8080-4d6ee007b506
2019-10-19 01:14:47,123 [Thread-8732] INFO  impl.FollowerState (FollowerState.java:run(117)) - 61d14648-e80d-4cd8-9e7c-6deb2f21aca8@group-A3037D40E172-FollowerState was interrupted: java.lang.InterruptedException: sleep interrupted
2019-10-19 01:14:47,123 [Thread-8731] INFO  impl.FollowerState (FollowerState.java:run(117)) - 2543ffea-c5c6-4af0-856f-eb846bad755a@group-A3037D40E172-FollowerState was interrupted: java.lang.InterruptedException: sleep interrupted
2019-10-19 01:14:47,123 [grpc-default-executor-10] INFO  impl.RoleInfo (RoleInfo.java:updateAndGet(143)) - 2543ffea-c5c6-4af0-856f-eb846bad755a: start FollowerState
2019-10-19 01:14:47,123 [grpc-default-executor-3] INFO  impl.RoleInfo (RoleInfo.java:shutdownFollowerState(121)) - 88be3607-7667-471c-9070-7dfd13eb5ac8: shutdown FollowerState
2019-10-19 01:14:47,123 [grpc-default-executor-9] INFO  impl.RoleInfo (RoleInfo.java:updateAndGet(143)) - 61d14648-e80d-4cd8-9e7c-6deb2f21aca8: start FollowerState
2019-10-19 01:14:47,123 [Thread-8716] INFO  impl.FollowerState (FollowerState.java:run(117)) - 61d0b7dc-5f8b-422f-8693-c58167224d24@group-20FCFA0487C4-FollowerState was interrupted: java.lang.InterruptedException: sleep interrupted
2019-10-19 01:14:47,123 [grpc-default-executor-1] INFO  impl.RoleInfo (RoleInfo.java:updateAndGet(143)) - 61d0b7dc-5f8b-422f-8693-c58167224d24: start FollowerState
2019-10-19 01:14:47,123 [Thread-8715] INFO  impl.FollowerState (FollowerState.java:run(117)) - 88be3607-7667-471c-9070-7dfd13eb5ac8@group-20FCFA0487C4-FollowerState was interrupted: java.lang.InterruptedException: sleep interrupted
2019-10-19 01:14:47,123 [grpc-default-executor-3] INFO  impl.RoleInfo (RoleInfo.java:updateAndGet(143)) - 88be3607-7667-471c-9070-7dfd13eb5ac8: start FollowerState
2019-10-19 01:14:47,137 [9c2d914d-67b1-4af9-8080-4d6ee007b506@group-20FCFA0487C4-LeaderElection976] INFO  impl.LeaderElection (LeaderElection.java:logAndReturn(56)) - 9c2d914d-67b1-4af9-8080-4d6ee007b506@group-20FCFA0487C4-LeaderElection976: Election REJECTED; received 2 response(s) [9c2d914d-67b1-4af9-8080-4d6ee007b506<-88be3607-7667-471c-9070-7dfd13eb5ac8#0:FAIL-t188, 9c2d914d-67b1-4af9-8080-4d6ee007b506<-61d0b7dc-5f8b-422f-8693-c58167224d24#0:FAIL-t188] and 0 exception(s); 9c2d914d-67b1-4af9-8080-4d6ee007b506@group-20FCFA0487C4:t188, leader=null, voted=9c2d914d-67b1-4af9-8080-4d6ee007b506, raftlog=9c2d914d-67b1-4af9-8080-4d6ee007b506@group-20FCFA0487C4-SegmentedRaftLog:OPENED:c-1,f-1,i0, conf=-1: [88be3607-7667-471c-9070-7dfd13eb5ac8:192.168.69.71:32925, 9c2d914d-67b1-4af9-8080-4d6ee007b506:192.168.69.71:35462, 61d0b7dc-5f8b-422f-8693-c58167224d24:192.168.69.71:43479], old=null
2019-10-19 01:14:47,137 [f143d5cf-4038-4fa8-8601-f5a45f16ca3e@group-A3037D40E172-LeaderElection975] INFO  impl.LeaderElection (LeaderElection.java:logAndReturn(56)) - f143d5cf-4038-4fa8-8601-f5a45f16ca3e@group-A3037D40E172-LeaderElection975: Election REJECTED; received 2 response(s) [f143d5cf-4038-4fa8-8601-f5a45f16ca3e<-2543ffea-c5c6-4af0-856f-eb846bad755a#0:FAIL-t200, f143d5cf-4038-4fa8-8601-f5a45f16ca3e<-61d14648-e80d-4cd8-9e7c-6deb2f21aca8#0:FAIL-t200] and 0 exception(s); f143d5cf-4038-4fa8-8601-f5a45f16ca3e@group-A3037D40E172:t200, leader=null, voted=f143d5cf-4038-4fa8-8601-f5a45f16ca3e, raftlog=f143d5cf-4038-4fa8-8601-f5a45f16ca3e@group-A3037D40E172-SegmentedRaftLog:OPENED:c-1,f-1,i0, conf=-1: [f143d5cf-4038-4fa8-8601-f5a45f16ca3e:192.168.69.71:40169, 2543ffea-c5c6-4af0-856f-eb846bad755a:192.168.69.71:45287, 61d14648-e80d-4cd8-9e7c-6deb2f21aca8:192.168.69.71:42247], old=null
2019-10-19 01:14:47,137 [9c2d914d-67b1-4af9-8080-4d6ee007b506@group-20FCFA0487C4-LeaderElection976] INFO  impl.RaftServerImpl (RaftServerImpl.java:setRole(184)) - 9c2d914d-67b1-4af9-8080-4d6ee007b506@group-20FCFA0487C4: changes role from CANDIDATE to FOLLOWER at term 188 for DISCOVERED_A_NEW_TERM
2019-10-19 01:14:47,137 [f143d5cf-4038-4fa8-8601-f5a45f16ca3e@group-A3037D40E172-LeaderElection975] INFO  impl.RaftServerImpl (RaftServerImpl.java:setRole(184)) - f143d5cf-4038-4fa8-8601-f5a45f16ca3e@group-A3037D40E172: changes role from CANDIDATE to FOLLOWER at term 200 for DISCOVERED_A_NEW_TERM
2019-10-19 01:14:47,137 [9c2d914d-67b1-4af9-8080-4d6ee007b506@group-20FCFA0487C4-LeaderElection976] INFO  impl.RoleInfo (RoleInfo.java:shutdownLeaderElection(134)) - 9c2d914d-67b1-4af9-8080-4d6ee007b506: shutdown LeaderElection
2019-10-19 01:14:47,137 [f143d5cf-4038-4fa8-8601-f5a45f16ca3e@group-A3037D40E172-LeaderElection975] INFO  impl.RoleInfo (RoleInfo.java:shutdownLeaderElection(134)) - f143d5cf-4038-4fa8-8601-f5a45f16ca3e: shutdown LeaderElection
2019-10-19 01:14:47,137 [9c2d914d-67b1-4af9-8080-4d6ee007b506@group-20FCFA0487C4-LeaderElection976] INFO  impl.RoleInfo (RoleInfo.java:updateAndGet(143)) - 9c2d914d-67b1-4af9-8080-4d6ee007b506: start FollowerState
2019-10-19 01:14:47,137 [f143d5cf-4038-4fa8-8601-f5a45f16ca3e@group-A3037D40E172-LeaderElection975] INFO  impl.RoleInfo (RoleInfo.java:updateAndGet(143)) - f143d5cf-4038-4fa8-8601-f5a45f16ca3e: start FollowerState
2019-10-19 01:14:47,219 [Thread-8744] INFO  impl.FollowerState (FollowerState.java:run(108)) - 9c2d914d-67b1-4af9-8080-4d6ee007b506@group-20FCFA0487C4-FollowerState: change to CANDIDATE, lastRpcTime:81ms, electionTimeout:80ms
2019-10-19 01:14:47,219 [Thread-8744] INFO  impl.RoleInfo (RoleInfo.java:shutdownFollowerState(121)) - 9c2d914d-67b1-4af9-8080-4d6ee007b506: shutdown FollowerState
2019-10-19 01:14:47,219 [Thread-8744] INFO  impl.RaftServerImpl (RaftServerImpl.java:setRole(184)) - 9c2d914d-67b1-4af9-8080-4d6ee007b506@group-20FCFA0487C4: changes role from  FOLLOWER to CANDIDATE at term 188 for changeToCandidate
2019-10-19 01:14:47,219 [Thread-8744] INFO  impl.RoleInfo (RoleInfo.java:updateAndGet(143)) - 9c2d914d-67b1-4af9-8080-4d6ee007b506: start LeaderElection
2019-10-19 01:14:47,299 [Thread-8745] INFO  impl.FollowerState (FollowerState.java:run(108)) - f143d5cf-4038-4fa8-8601-f5a45f16ca3e@group-A3037D40E172-FollowerState: change to CANDIDATE, lastRpcTime:162ms, electionTimeout:162ms
2019-10-19 01:14:47,300 [Thread-8745] INFO  impl.RoleInfo (RoleInfo.java:shutdownFollowerState(121)) - f143d5cf-4038-4fa8-8601-f5a45f16ca3e: shutdown FollowerState
2019-10-19 01:14:47,300 [Thread-8745] INFO  impl.RaftServerImpl (RaftServerImpl.java:setRole(184)) - f143d5cf-4038-4fa8-8601-f5a45f16ca3e@group-A3037D40E172: changes role from  FOLLOWER to CANDIDATE at term 200 for changeToCandidate
2019-10-19 01:14:47,300 [Thread-8745] INFO  impl.RoleInfo (RoleInfo.java:updateAndGet(143)) - f143d5cf-4038-4fa8-8601-f5a45f16ca3e: start LeaderElection
2019-10-19 01:14:47,335 [f143d5cf-4038-4fa8-8601-f5a45f16ca3e@group-A3037D40E172-LeaderElection978] INFO  impl.LeaderElection (LeaderElection.java:askForVotes(178)) - f143d5cf-4038-4fa8-8601-f5a45f16ca3e@group-A3037D40E172-LeaderElection978: begin an election at term 201 for -1: [f143d5cf-4038-4fa8-8601-f5a45f16ca3e:192.168.69.71:40169, 2543ffea-c5c6-4af0-856f-eb846bad755a:192.168.69.71:45287, 61d14648-e80d-4cd8-9e7c-6deb2f21aca8:192.168.69.71:42247], old=null
2019-10-19 01:14:47,336 [9c2d914d-67b1-4af9-8080-4d6ee007b506@group-20FCFA0487C4-LeaderElection977] INFO  impl.LeaderElection (LeaderElection.java:askForVotes(178)) - 9c2d914d-67b1-4af9-8080-4d6ee007b506@group-20FCFA0487C4-LeaderElection977: begin an election at term 189 for -1: [88be3607-7667-471c-9070-7dfd13eb5ac8:192.168.69.71:32925, 9c2d914d-67b1-4af9-8080-4d6ee007b506:192.168.69.71:35462, 61d0b7dc-5f8b-422f-8693-c58167224d24:192.168.69.71:43479], old=null
2019-10-19 01:14:47,337 [grpc-default-executor-3] INFO  impl.RaftServerImpl (RaftServerImpl.java:setRole(184)) - 88be3607-7667-471c-9070-7dfd13eb5ac8@group-20FCFA0487C4: changes role from  FOLLOWER to FOLLOWER at term 189 for recognizeCandidate:9c2d914d-67b1-4af9-8080-4d6ee007b506
2019-10-19 01:14:47,337 [grpc-default-executor-1] INFO  impl.RaftServerImpl (RaftServerImpl.java:setRole(184)) - 2543ffea-c5c6-4af0-856f-eb846bad755a@group-A3037D40E172: changes role from  FOLLOWER to FOLLOWER at term 201 for recognizeCandidate:f143d5cf-4038-4fa8-8601-f5a45f16ca3e
2019-10-19 01:14:47,337 [grpc-default-executor-1] INFO  impl.RoleInfo (RoleInfo.java:shutdownFollowerState(121)) - 2543ffea-c5c6-4af0-856f-eb846bad755a: shutdown FollowerState
2019-10-19 01:14:47,338 [grpc-default-executor-1] INFO  impl.RoleInfo (RoleInfo.java:updateAndGet(143)) - 2543ffea-c5c6-4af0-856f-eb846bad755a: start FollowerState
2019-10-19 01:14:47,337 [grpc-default-executor-9] INFO  impl.RaftServerImpl (RaftServerImpl.java:setRole(184)) - 61d0b7dc-5f8b-422f-8693-c58167224d24@group-20FCFA0487C4: changes role from  FOLLOWER to FOLLOWER at term 189 for recognizeCandidate:9c2d914d-67b1-4af9-8080-4d6ee007b506
2019-10-19 01:14:47,338 [grpc-default-executor-9] INFO  impl.RoleInfo (RoleInfo.java:shutdownFollowerState(121)) - 61d0b7dc-5f8b-422f-8693-c58167224d24: shutdown FollowerState
2019-10-19 01:14:47,337 [grpc-default-executor-3] INFO  impl.RoleInfo (RoleInfo.java:shutdownFollowerState(121)) - 88be3607-7667-471c-9070-7dfd13eb5ac8: shutdown FollowerState
2019-10-19 01:14:47,338 [grpc-default-executor-9] INFO  impl.RoleInfo (RoleInfo.java:updateAndGet(143)) - 61d0b7dc-5f8b-422f-8693-c58167224d24: start FollowerState
2019-10-19 01:14:47,338 [Thread-8741] INFO  impl.FollowerState (FollowerState.java:run(117)) - 61d0b7dc-5f8b-422f-8693-c58167224d24@group-20FCFA0487C4-FollowerState was interrupted: java.lang.InterruptedException: sleep interrupted
2019-10-19 01:14:47,338 [grpc-default-executor-10] INFO  impl.RaftServerImpl (RaftServerImpl.java:setRole(184)) - 61d14648-e80d-4cd8-9e7c-6deb2f21aca8@group-A3037D40E172: changes role from  FOLLOWER to FOLLOWER at term 201 for recognizeCandidate:f143d5cf-4038-4fa8-8601-f5a45f16ca3e
2019-10-19 01:14:47,338 [grpc-default-executor-10] INFO  impl.RoleInfo (RoleInfo.java:shutdownFollowerState(121)) - 61d14648-e80d-4cd8-9e7c-6deb2f21aca8: shutdown FollowerState
2019-10-19 01:14:47,338 [Thread-8740] INFO  impl.FollowerState (FollowerState.java:run(117)) - 2543ffea-c5c6-4af0-856f-eb846bad755a@group-A3037D40E172-FollowerState was interrupted: java.lang.InterruptedException: sleep interrupted
2019-10-19 01:14:47,338 [grpc-default-executor-10] INFO  impl.RoleInfo (RoleInfo.java:updateAndGet(143)) - 61d14648-e80d-4cd8-9e7c-6deb2f21aca8: start FollowerState
2019-10-19 01:14:47,338 [Thread-8743] INFO  impl.FollowerState (FollowerState.java:run(117)) - 88be3607-7667-471c-9070-7dfd13eb5ac8@group-20FCFA0487C4-FollowerState was interrupted: java.lang.InterruptedException: sleep interrupted
2019-10-19 01:14:47,338 [grpc-default-executor-3] INFO  impl.RoleInfo (RoleInfo.java:updateAndGet(143)) - 88be3607-7667-471c-9070-7dfd13eb5ac8: start FollowerState
2019-10-19 01:14:47,340 [Thread-8742] INFO  impl.FollowerState (FollowerState.java:run(117)) - 61d14648-e80d-4cd8-9e7c-6deb2f21aca8@group-A3037D40E172-FollowerState was interrupted: java.lang.InterruptedException: sleep interrupted
2019-10-19 01:14:47,358 [f143d5cf-4038-4fa8-8601-f5a45f16ca3e@group-A3037D40E172-LeaderElection978] INFO  impl.LeaderElection (LeaderElection.java:logAndReturn(56)) - f143d5cf-4038-4fa8-8601-f5a45f16ca3e@group-A3037D40E172-LeaderElection978: Election REJECTED; received 2 response(s) [f143d5cf-4038-4fa8-8601-f5a45f16ca3e<-2543ffea-c5c6-4af0-856f-eb846bad755a#0:FAIL-t201, f143d5cf-4038-4fa8-8601-f5a45f16ca3e<-61d14648-e80d-4cd8-9e7c-6deb2f21aca8#0:FAIL-t201] and 0 exception(s); f143d5cf-4038-4fa8-8601-f5a45f16ca3e@group-A3037D40E172:t201, leader=null, voted=f143d5cf-4038-4fa8-8601-f5a45f16ca3e, raftlog=f143d5cf-4038-4fa8-8601-f5a45f16ca3e@group-A3037D40E172-SegmentedRaftLog:OPENED:c-1,f-1,i0, conf=-1: [f143d5cf-4038-4fa8-8601-f5a45f16ca3e:192.168.69.71:40169, 2543ffea-c5c6-4af0-856f-eb846bad755a:192.168.69.71:45287, 61d14648-e80d-4cd8-9e7c-6deb2f21aca8:192.168.69.71:42247], old=null
2019-10-19 01:14:47,358 [9c2d914d-67b1-4af9-8080-4d6ee007b506@group-20FCFA0487C4-LeaderElection977] INFO  impl.LeaderElection (LeaderElection.java:logAndReturn(56)) - 9c2d914d-67b1-4af9-8080-4d6ee007b506@group-20FCFA0487C4-LeaderElection977: Election REJECTED; received 2 response(s) [9c2d914d-67b1-4af9-8080-4d6ee007b506<-88be3607-7667-471c-9070-7dfd13eb5ac8#0:FAIL-t189, 9c2d914d-67b1-4af9-8080-4d6ee007b506<-61d0b7dc-5f8b-422f-8693-c58167224d24#0:FAIL-t189] and 0 exception(s); 9c2d914d-67b1-4af9-8080-4d6ee007b506@group-20FCFA0487C4:t189, leader=null, voted=9c2d914d-67b1-4af9-8080-4d6ee007b506, raftlog=9c2d914d-67b1-4af9-8080-4d6ee007b506@group-20FCFA0487C4-SegmentedRaftLog:OPENED:c-1,f-1,i0, conf=-1: [88be3607-7667-471c-9070-7dfd13eb5ac8:192.168.69.71:32925, 9c2d914d-67b1-4af9-8080-4d6ee007b506:192.168.69.71:35462, 61d0b7dc-5f8b-422f-8693-c58167224d24:192.168.69.71:43479], old=null
2019-10-19 01:14:47,358 [f143d5cf-4038-4fa8-8601-f5a45f16ca3e@group-A3037D40E172-LeaderElection978] INFO  impl.RaftServerImpl (RaftServerImpl.java:setRole(184)) - f143d5cf-4038-4fa8-8601-f5a45f16ca3e@group-A3037D40E172: changes role from CANDIDATE to FOLLOWER at term 201 for DISCOVERED_A_NEW_TERM
2019-10-19 01:14:47,358 [9c2d914d-67b1-4af9-8080-4d6ee007b506@group-20FCFA0487C4-LeaderElection977] INFO  impl.RaftServerImpl (RaftServerImpl.java:setRole(184)) - 9c2d914d-67b1-4af9-8080-4d6ee007b506@group-20FCFA0487C4: changes role from CANDIDATE to FOLLOWER at term 189 for DISCOVERED_A_NEW_TERM
2019-10-19 01:14:47,359 [f143d5cf-4038-4fa8-8601-f5a45f16ca3e@group-A3037D40E172-LeaderElection978] INFO  impl.RoleInfo (RoleInfo.java:shutdownLeaderElection(134)) - f143d5cf-4038-4fa8-8601-f5a45f16ca3e: shutdown LeaderElection
2019-10-19 01:14:47,359 [9c2d914d-67b1-4af9-8080-4d6ee007b506@group-20FCFA0487C4-LeaderElection977] INFO  impl.RoleInfo (RoleInfo.java:shutdownLeaderElection(134)) - 9c2d914d-67b1-4af9-8080-4d6ee007b506: shutdown LeaderElection
2019-10-19 01:14:47,359 [f143d5cf-4038-4fa8-8601-f5a45f16ca3e@group-A3037D40E172-LeaderElection978] INFO  impl.RoleInfo (RoleInfo.java:updateAndGet(143)) - f143d5cf-4038-4fa8-8601-f5a45f16ca3e: start FollowerState
2019-10-19 01:14:47,359 [9c2d914d-67b1-4af9-8080-4d6ee007b506@group-20FCFA0487C4-LeaderElection977] INFO  impl.RoleInfo (RoleInfo.java:updateAndGet(143)) - 9c2d914d-67b1-4af9-8080-4d6ee007b506: start FollowerState
2019-10-19 01:14:47,387 [Thread-8759] INFO  impl.FollowerState (FollowerState.java:run(108)) - 9c2d914d-67b1-4af9-8080-4d6ee007b506@group-20FCFA0487C4-FollowerState: change to CANDIDATE, lastRpcTime:28ms, electionTimeout:28ms
2019-10-19 01:14:47,387 [Thread-8759] INFO  impl.RoleInfo (RoleInfo.java:shutdownFollowerState(121)) - 9c2d914d-67b1-4af9-8080-4d6ee007b506: shutdown FollowerState
2019-10-19 01:14:47,387 [Thread-8759] INFO  impl.RaftServerImpl (RaftServerImpl.java:setRole(184)) - 9c2d914d-67b1-4af9-8080-4d6ee007b506@group-20FCFA0487C4: changes role from  FOLLOWER to CANDIDATE at term 189 for changeToCandidate
2019-10-19 01:14:47,388 [Thread-8759] INFO  impl.RoleInfo (RoleInfo.java:updateAndGet(143)) - 9c2d914d-67b1-4af9-8080-4d6ee007b506: start LeaderElection
2019-10-19 01:14:47,404 [9c2d914d-67b1-4af9-8080-4d6ee007b506@group-20FCFA0487C4-LeaderElection979] INFO  impl.LeaderElection (LeaderElection.java:askForVotes(178)) - 9c2d914d-67b1-4af9-8080-4d6ee007b506@group-20FCFA0487C4-LeaderElection979: begin an election at term 190 for -1: [88be3607-7667-471c-9070-7dfd13eb5ac8:192.168.69.71:32925, 9c2d914d-67b1-4af9-8080-4d6ee007b506:192.168.69.71:35462, 61d0b7dc-5f8b-422f-8693-c58167224d24:192.168.69.71:43479], old=null
2019-10-19 01:14:47,406 [grpc-default-executor-1] INFO  impl.RaftServerImpl (RaftServerImpl.java:setRole(184)) - 88be3607-7667-471c-9070-7dfd13eb5ac8@group-20FCFA0487C4: changes role from  FOLLOWER to FOLLOWER at term 190 for recognizeCandidate:9c2d914d-67b1-4af9-8080-4d6ee007b506
2019-10-19 01:14:47,406 [grpc-default-executor-1] INFO  impl.RoleInfo (RoleInfo.java:shutdownFollowerState(121)) - 88be3607-7667-471c-9070-7dfd13eb5ac8: shutdown FollowerState
2019-10-19 01:14:47,406 [grpc-default-executor-3] INFO  impl.RaftServerImpl (RaftServerImpl.java:setRole(184)) - 61d0b7dc-5f8b-422f-8693-c58167224d24@group-20FCFA0487C4: changes role from  FOLLOWER to FOLLOWER at term 190 for recognizeCandidate:9c2d914d-67b1-4af9-8080-4d6ee007b506
2019-10-19 01:14:47,406 [Thread-8756] INFO  impl.FollowerState (FollowerState.java:run(117)) - 88be3607-7667-471c-9070-7dfd13eb5ac8@group-20FCFA0487C4-FollowerState was interrupted: java.lang.InterruptedException: sleep interrupted
2019-10-19 01:14:47,406 [grpc-default-executor-1] INFO  impl.RoleInfo (RoleInfo.java:updateAndGet(143)) - 88be3607-7667-471c-9070-7dfd13eb5ac8: start FollowerState
2019-10-19 01:14:47,406 [grpc-default-executor-3] INFO  impl.RoleInfo (RoleInfo.java:shutdownFollowerState(121)) - 61d0b7dc-5f8b-422f-8693-c58167224d24: shutdown FollowerState
2019-10-19 01:14:47,406 [grpc-default-executor-3] INFO  impl.RoleInfo (RoleInfo.java:updateAndGet(143)) - 61d0b7dc-5f8b-422f-8693-c58167224d24: start FollowerState
2019-10-19 01:14:47,406 [Thread-8755] INFO  impl.FollowerState (FollowerState.java:run(117)) - 61d0b7dc-5f8b-422f-8693-c58167224d24@group-20FCFA0487C4-FollowerState was interrupted: java.lang.InterruptedException: sleep interrupted
2019-10-19 01:14:47,415 [9c2d914d-67b1-4af9-8080-4d6ee007b506@group-20FCFA0487C4-LeaderElection979] INFO  impl.LeaderElection (LeaderElection.java:logAndReturn(56)) - 9c2d914d-67b1-4af9-8080-4d6ee007b506@group-20FCFA0487C4-LeaderElection979: Election REJECTED; received 2 response(s) [9c2d914d-67b1-4af9-8080-4d6ee007b506<-88be3607-7667-471c-9070-7dfd13eb5ac8#0:FAIL-t190, 9c2d914d-67b1-4af9-8080-4d6ee007b506<-61d0b7dc-5f8b-422f-8693-c58167224d24#0:FAIL-t190] and 0 exception(s); 9c2d914d-67b1-4af9-8080-4d6ee007b506@group-20FCFA0487C4:t190, leader=null, voted=9c2d914d-67b1-4af9-8080-4d6ee007b506, raftlog=9c2d914d-67b1-4af9-8080-4d6ee007b506@group-20FCFA0487C4-SegmentedRaftLog:OPENED:c-1,f-1,i0, conf=-1: [88be3607-7667-471c-9070-7dfd13eb5ac8:192.168.69.71:32925, 9c2d914d-67b1-4af9-8080-4d6ee007b506:192.168.69.71:35462, 61d0b7dc-5f8b-422f-8693-c58167224d24:192.168.69.71:43479], old=null
2019-10-19 01:14:47,415 [9c2d914d-67b1-4af9-8080-4d6ee007b506@group-20FCFA0487C4-LeaderElection979] INFO  impl.RaftServerImpl (RaftServerImpl.java:setRole(184)) - 9c2d914d-67b1-4af9-8080-4d6ee007b506@group-20FCFA0487C4: changes role from CANDIDATE to FOLLOWER at term 190 for DISCOVERED_A_NEW_TERM
2019-10-19 01:14:47,415 [9c2d914d-67b1-4af9-8080-4d6ee007b506@group-20FCFA0487C4-LeaderElection979] INFO  impl.RoleInfo (RoleInfo.java:shutdownLeaderElection(134)) - 9c2d914d-67b1-4af9-8080-4d6ee007b506: shutdown LeaderElection
2019-10-19 01:14:47,415 [9c2d914d-67b1-4af9-8080-4d6ee007b506@group-20FCFA0487C4-LeaderElection979] INFO  impl.RoleInfo (RoleInfo.java:updateAndGet(143)) - 9c2d914d-67b1-4af9-8080-4d6ee007b506: start FollowerState
2019-10-19 01:14:47,445 [main] INFO  ozoneimpl.OzoneContainer (OzoneContainer.java:stop(227)) - Attempting to stop container services.
2019-10-19 01:14:47,445 [main] INFO  impl.RaftServerProxy (RaftServerProxy.java:lambda$close$4(314)) - 9c2d914d-67b1-4af9-8080-4d6ee007b506: close
2019-10-19 01:14:47,446 [main] INFO  impl.RaftServerImpl (RaftServerImpl.java:lambda$shutdown$3(261)) - 9c2d914d-67b1-4af9-8080-4d6ee007b506@group-20FCFA0487C4: shutdown
2019-10-19 01:14:47,446 [main] INFO  util.JmxRegister (JmxRegister.java:unregister(73)) - Successfully un-registered JMX Bean with object name Ratis:service=RaftServer,group=group-20FCFA0487C4,id=9c2d914d-67b1-4af9-8080-4d6ee007b506
2019-10-19 01:14:47,446 [main] INFO  impl.RoleInfo (RoleInfo.java:shutdownFollowerState(121)) - 9c2d914d-67b1-4af9-8080-4d6ee007b506: shutdown FollowerState
2019-10-19 01:14:47,447 [main] INFO  impl.StateMachineUpdater (StateMachineUpdater.java:stopAndJoin(136)) - 9c2d914d-67b1-4af9-8080-4d6ee007b506@group-20FCFA0487C4-StateMachineUpdater: set stopIndex = -1
2019-10-19 01:14:47,447 [Thread-8765] INFO  impl.FollowerState (FollowerState.java:run(117)) - 9c2d914d-67b1-4af9-8080-4d6ee007b506@group-20FCFA0487C4-FollowerState was interrupted: java.lang.InterruptedException: sleep interrupted
2019-10-19 01:14:47,447 [main] INFO  impl.RaftServerImpl (ServerState.java:close(388)) - 9c2d914d-67b1-4af9-8080-4d6ee007b506@group-20FCFA0487C4: closes. applyIndex: -1
2019-10-19 01:14:47,447 [9c2d914d-67b1-4af9-8080-4d6ee007b506@group-20FCFA0487C4-SegmentedRaftLogWorker] INFO  segmented.SegmentedRaftLogWorker (SegmentedRaftLogWorker.java:run(316)) - 9c2d914d-67b1-4af9-8080-4d6ee007b506@group-20FCFA0487C4-SegmentedRaftLogWorker was interrupted, exiting. There are 0 tasks remaining in the queue.
2019-10-19 01:14:47,447 [main] INFO  segmented.SegmentedRaftLogWorker (SegmentedRaftLogWorker.java:close(224)) - 9c2d914d-67b1-4af9-8080-4d6ee007b506@group-20FCFA0487C4-SegmentedRaftLogWorker close()
2019-10-19 01:14:47,452 [main] INFO  impl.RaftServerImpl (RaftServerImpl.java:lambda$shutdown$3(261)) - 9c2d914d-67b1-4af9-8080-4d6ee007b506@group-06976CB79277: shutdown
2019-10-19 01:14:47,452 [main] INFO  util.JmxRegister (JmxRegister.java:unregister(73)) - Successfully un-registered JMX Bean with object name Ratis:service=RaftServer,group=group-06976CB79277,id=9c2d914d-67b1-4af9-8080-4d6ee007b506
2019-10-19 01:14:47,453 [main] INFO  impl.RoleInfo (RoleInfo.java:shutdownLeaderState(104)) - 9c2d914d-67b1-4af9-8080-4d6ee007b506: shutdown LeaderState
2019-10-19 01:14:47,453 [main] INFO  impl.PendingRequests (PendingRequests.java:sendNotLeaderResponses(202)) - 9c2d914d-67b1-4af9-8080-4d6ee007b506@group-06976CB79277-PendingRequests: sendNotLeaderResponses
2019-10-19 01:14:47,453 [main] INFO  impl.StateMachineUpdater (StateMachineUpdater.java:stopAndJoin(136)) - 9c2d914d-67b1-4af9-8080-4d6ee007b506@group-06976CB79277-StateMachineUpdater: set stopIndex = 0
2019-10-19 01:14:47,454 [main] INFO  impl.RaftServerImpl (ServerState.java:close(388)) - 9c2d914d-67b1-4af9-8080-4d6ee007b506@group-06976CB79277: closes. applyIndex: 0
2019-10-19 01:14:47,454 [9c2d914d-67b1-4af9-8080-4d6ee007b506@group-06976CB79277-SegmentedRaftLogWorker] INFO  segmented.SegmentedRaftLogWorker (SegmentedRaftLogWorker.java:run(316)) - 9c2d914d-67b1-4af9-8080-4d6ee007b506@group-06976CB79277-SegmentedRaftLogWorker was interrupted, exiting. There are 0 tasks remaining in the queue.
2019-10-19 01:14:47,456 [main] INFO  segmented.SegmentedRaftLogWorker (SegmentedRaftLogWorker.java:close(224)) - 9c2d914d-67b1-4af9-8080-4d6ee007b506@group-06976CB79277-SegmentedRaftLogWorker close()
2019-10-19 01:14:47,459 [main] INFO  server.GrpcService (GrpcService.java:closeImpl(164)) - 9c2d914d-67b1-4af9-8080-4d6ee007b506: shutdown server with port 35462 now
2019-10-19 01:14:47,464 [main] INFO  server.GrpcService (GrpcService.java:closeImpl(172)) - 9c2d914d-67b1-4af9-8080-4d6ee007b506: shutdown server with port 35462 successfully
2019-10-19 01:14:47,465 [refreshUsed-/workdir/hadoop-ozone/integration-test/target/test-dir/MiniOzoneClusterImpl-2b25e22a-b484-4e93-9811-5f8cd4460e46/datanode-2/data/containers] WARN  fs.CachingGetSpaceUsed (CachingGetSpaceUsed.java:run(183)) - Thread Interrupted waiting to refresh disk information: sleep interrupted
2019-10-19 01:14:47,478 [main] INFO  utils.BackgroundService (BackgroundService.java:shutdown(151)) - Shutting down service BlockDeletingService
2019-10-19 01:14:47,485 [main] INFO  statemachine.DatanodeStateMachine (DatanodeStateMachine.java:stopDaemon(395)) - Ozone container server stopped.
2019-10-19 01:14:47,487 [main] INFO  handler.ContextHandler (ContextHandler.java:doStop(910)) - Stopped o.e.j.w.WebAppContext@66451058{/,null,UNAVAILABLE}{/hddsDatanode}
2019-10-19 01:14:47,487 [main] INFO  server.AbstractConnector (AbstractConnector.java:doStop(318)) - Stopped ServerConnector@3db6dd52{HTTP/1.1,[http/1.1]}{0.0.0.0:0}
2019-10-19 01:14:47,488 [main] INFO  handler.ContextHandler (ContextHandler.java:doStop(910)) - Stopped o.e.j.s.ServletContextHandler@1ec88aa1{/static,jar:file:/home/user/.m2/repository/org/apache/hadoop/hadoop-hdds-container-service/0.5.0-SNAPSHOT/hadoop-hdds-container-service-0.5.0-SNAPSHOT.jar!/webapps/static,UNAVAILABLE}
2019-10-19 01:14:47,488 [main] INFO  handler.ContextHandler (ContextHandler.java:doStop(910)) - Stopped o.e.j.s.ServletContextHandler@5f193335{/logs,file:///workdir/hadoop-ozone/integration-test/target/log,UNAVAILABLE}
2019-10-19 01:14:47,519 [Thread-8758] INFO  impl.FollowerState (FollowerState.java:run(108)) - f143d5cf-4038-4fa8-8601-f5a45f16ca3e@group-A3037D40E172-FollowerState: change to CANDIDATE, lastRpcTime:160ms, electionTimeout:160ms
2019-10-19 01:14:47,519 [Thread-8758] INFO  impl.RoleInfo (RoleInfo.java:shutdownFollowerState(121)) - f143d5cf-4038-4fa8-8601-f5a45f16ca3e: shutdown FollowerState
2019-10-19 01:14:47,519 [Thread-8758] INFO  impl.RaftServerImpl (RaftServerImpl.java:setRole(184)) - f143d5cf-4038-4fa8-8601-f5a45f16ca3e@group-A3037D40E172: changes role from  FOLLOWER to CANDIDATE at term 201 for changeToCandidate
2019-10-19 01:14:47,519 [Thread-8758] INFO  impl.RoleInfo (RoleInfo.java:updateAndGet(143)) - f143d5cf-4038-4fa8-8601-f5a45f16ca3e: start LeaderElection
2019-10-19 01:14:47,530 [f143d5cf-4038-4fa8-8601-f5a45f16ca3e@group-A3037D40E172-LeaderElection980] INFO  impl.LeaderElection (LeaderElection.java:askForVotes(178)) - f143d5cf-4038-4fa8-8601-f5a45f16ca3e@group-A3037D40E172-LeaderElection980: begin an election at term 202 for -1: [f143d5cf-4038-4fa8-8601-f5a45f16ca3e:192.168.69.71:40169, 2543ffea-c5c6-4af0-856f-eb846bad755a:192.168.69.71:45287, 61d14648-e80d-4cd8-9e7c-6deb2f21aca8:192.168.69.71:42247], old=null
2019-10-19 01:14:47,554 [grpc-default-executor-9] INFO  impl.RaftServerImpl (RaftServerImpl.java:setRole(184)) - 61d14648-e80d-4cd8-9e7c-6deb2f21aca8@group-A3037D40E172: changes role from  FOLLOWER to FOLLOWER at term 202 for recognizeCandidate:f143d5cf-4038-4fa8-8601-f5a45f16ca3e
2019-10-19 01:14:47,554 [grpc-default-executor-1] INFO  impl.RaftServerImpl (RaftServerImpl.java:setRole(184)) - 2543ffea-c5c6-4af0-856f-eb846bad755a@group-A3037D40E172: changes role from  FOLLOWER to FOLLOWER at term 202 for recognizeCandidate:f143d5cf-4038-4fa8-8601-f5a45f16ca3e
2019-10-19 01:14:47,557 [grpc-default-executor-9] INFO  impl.RoleInfo (RoleInfo.java:shutdownFollowerState(121)) - 61d14648-e80d-4cd8-9e7c-6deb2f21aca8: shutdown FollowerState
2019-10-19 01:14:47,557 [grpc-default-executor-1] INFO  impl.RoleInfo (RoleInfo.java:shutdownFollowerState(121)) - 2543ffea-c5c6-4af0-856f-eb846bad755a: shutdown FollowerState
2019-10-19 01:14:47,558 [Thread-8757] INFO  impl.FollowerState (FollowerState.java:run(117)) - 61d14648-e80d-4cd8-9e7c-6deb2f21aca8@group-A3037D40E172-FollowerState was interrupted: java.lang.InterruptedException: sleep interrupted
2019-10-19 01:14:47,558 [Thread-8754] INFO  impl.FollowerState (FollowerState.java:run(117)) - 2543ffea-c5c6-4af0-856f-eb846bad755a@group-A3037D40E172-FollowerState was interrupted: java.lang.InterruptedException: sleep interrupted
2019-10-19 01:14:47,558 [grpc-default-executor-9] INFO  impl.RoleInfo (RoleInfo.java:updateAndGet(143)) - 61d14648-e80d-4cd8-9e7c-6deb2f21aca8: start FollowerState
2019-10-19 01:14:47,558 [grpc-default-executor-1] INFO  impl.RoleInfo (RoleInfo.java:updateAndGet(143)) - 2543ffea-c5c6-4af0-856f-eb846bad755a: start FollowerState
2019-10-19 01:14:47,563 [main] INFO  ozone.MiniOzoneClusterImpl (MiniOzoneClusterImpl.java:shutdown(314)) - Shutting down the Mini Ozone Cluster
2019-10-19 01:14:47,563 [main] INFO  ozone.MiniOzoneClusterImpl (MiniOzoneClusterImpl.java:stop(330)) - Stopping the Mini Ozone Cluster
2019-10-19 01:14:47,564 [main] INFO  ozone.MiniOzoneClusterImpl (MiniOzoneClusterImpl.java:stopOM(400)) - Stopping the OzoneManager
2019-10-19 01:14:47,564 [main] INFO  ipc.Server (Server.java:stop(3082)) - Stopping server on 38457
2019-10-19 01:14:47,587 [IPC Server listener on 38457] INFO  ipc.Server (Server.java:run(1185)) - Stopping IPC Server listener on 38457
2019-10-19 01:14:47,590 [main] INFO  ratis.OzoneManagerDoubleBuffer (OzoneManagerDoubleBuffer.java:stop(255)) - Stopping OMDoubleBuffer flush thread
2019-10-19 01:14:47,604 [IPC Server Responder] INFO  ipc.Server (Server.java:run(1319)) - Stopping IPC Server Responder
2019-10-19 01:14:47,604 [f143d5cf-4038-4fa8-8601-f5a45f16ca3e@group-A3037D40E172-LeaderElection980] INFO  impl.LeaderElection (LeaderElection.java:logAndReturn(56)) - f143d5cf-4038-4fa8-8601-f5a45f16ca3e@group-A3037D40E172-LeaderElection980: Election TIMEOUT; received 0 response(s) [] and 0 exception(s); f143d5cf-4038-4fa8-8601-f5a45f16ca3e@group-A3037D40E172:t202, leader=null, voted=f143d5cf-4038-4fa8-8601-f5a45f16ca3e, raftlog=f143d5cf-4038-4fa8-8601-f5a45f16ca3e@group-A3037D40E172-SegmentedRaftLog:OPENED:c-1,f-1,i0, conf=-1: [f143d5cf-4038-4fa8-8601-f5a45f16ca3e:192.168.69.71:40169, 2543ffea-c5c6-4af0-856f-eb846bad755a:192.168.69.71:45287, 61d14648-e80d-4cd8-9e7c-6deb2f21aca8:192.168.69.71:42247], old=null
2019-10-19 01:14:47,605 [OMDoubleBufferFlushThread] INFO  ratis.OzoneManagerDoubleBuffer (OzoneManagerDoubleBuffer.java:flushTransactions(198)) - OMDoubleBuffer flush thread OMDoubleBufferFlushThread is interrupted and will exit. OMDoubleBufferFlushThread
2019-10-19 01:14:47,605 [main] INFO  utils.BackgroundService (BackgroundService.java:shutdown(151)) - Shutting down service KeyDeletingService
2019-10-19 01:14:47,606 [main] INFO  handler.ContextHandler (ContextHandler.java:doStop(910)) - Stopped o.e.j.w.WebAppContext@79add732{/,null,UNAVAILABLE}{/ozoneManager}
2019-10-19 01:14:47,606 [main] INFO  server.AbstractConnector (AbstractConnector.java:doStop(318)) - Stopped ServerConnector@3be3e76c{HTTP/1.1,[http/1.1]}{0.0.0.0:0}
2019-10-19 01:14:47,606 [main] INFO  handler.ContextHandler (ContextHandler.java:doStop(910)) - Stopped o.e.j.s.ServletContextHandler@149aa7b2{/static,file:///workdir/hadoop-ozone/integration-test/target/test-classes/webapps/static,UNAVAILABLE}
2019-10-19 01:14:47,606 [main] INFO  handler.ContextHandler (ContextHandler.java:doStop(910)) - Stopped o.e.j.s.ServletContextHandler@56cfe6be{/logs,file:///workdir/hadoop-ozone/integration-test/target/log,UNAVAILABLE}
2019-10-19 01:14:47,609 [main] INFO  ozone.MiniOzoneClusterImpl (MiniOzoneClusterImpl.java:stopDatanodes(377)) - Stopping the HddsDatanodes
2019-10-19 01:14:47,628 [f143d5cf-4038-4fa8-8601-f5a45f16ca3e@group-A3037D40E172-LeaderElection980] INFO  impl.LeaderElection (LeaderElection.java:askForVotes(178)) - f143d5cf-4038-4fa8-8601-f5a45f16ca3e@group-A3037D40E172-LeaderElection980: begin an election at term 203 for -1: [f143d5cf-4038-4fa8-8601-f5a45f16ca3e:192.168.69.71:40169, 2543ffea-c5c6-4af0-856f-eb846bad755a:192.168.69.71:45287, 61d14648-e80d-4cd8-9e7c-6deb2f21aca8:192.168.69.71:42247], old=null
2019-10-19 01:14:47,629 [grpc-default-executor-1] INFO  impl.RaftServerImpl (RaftServerImpl.java:setRole(184)) - 61d14648-e80d-4cd8-9e7c-6deb2f21aca8@group-A3037D40E172: changes role from  FOLLOWER to FOLLOWER at term 203 for recognizeCandidate:f143d5cf-4038-4fa8-8601-f5a45f16ca3e
2019-10-19 01:14:47,629 [grpc-default-executor-1] INFO  impl.RoleInfo (RoleInfo.java:shutdownFollowerState(121)) - 61d14648-e80d-4cd8-9e7c-6deb2f21aca8: shutdown FollowerState
2019-10-19 01:14:47,629 [grpc-default-executor-9] INFO  impl.RaftServerImpl (RaftServerImpl.java:setRole(184)) - 2543ffea-c5c6-4af0-856f-eb846bad755a@group-A3037D40E172: changes role from  FOLLOWER to FOLLOWER at term 203 for recognizeCandidate:f143d5cf-4038-4fa8-8601-f5a45f16ca3e
2019-10-19 01:14:47,629 [Thread-8789] INFO  impl.FollowerState (FollowerState.java:run(117)) - 61d14648-e80d-4cd8-9e7c-6deb2f21aca8@group-A3037D40E172-FollowerState was interrupted: java.lang.InterruptedException: sleep interrupted
2019-10-19 01:14:47,629 [grpc-default-executor-1] INFO  impl.RoleInfo (RoleInfo.java:updateAndGet(143)) - 61d14648-e80d-4cd8-9e7c-6deb2f21aca8: start FollowerState
2019-10-19 01:14:47,629 [grpc-default-executor-9] INFO  impl.RoleInfo (RoleInfo.java:shutdownFollowerState(121)) - 2543ffea-c5c6-4af0-856f-eb846bad755a: shutdown FollowerState
2019-10-19 01:14:47,629 [grpc-default-executor-9] INFO  impl.RoleInfo (RoleInfo.java:updateAndGet(143)) - 2543ffea-c5c6-4af0-856f-eb846bad755a: start FollowerState
2019-10-19 01:14:47,629 [Thread-8790] INFO  impl.FollowerState (FollowerState.java:run(117)) - 2543ffea-c5c6-4af0-856f-eb846bad755a@group-A3037D40E172-FollowerState was interrupted: java.lang.InterruptedException: sleep interrupted
2019-10-19 01:14:47,652 [f143d5cf-4038-4fa8-8601-f5a45f16ca3e@group-A3037D40E172-LeaderElection980] INFO  impl.LeaderElection (LeaderElection.java:logAndReturn(56)) - f143d5cf-4038-4fa8-8601-f5a45f16ca3e@group-A3037D40E172-LeaderElection980: Election REJECTED; received 2 response(s) [f143d5cf-4038-4fa8-8601-f5a45f16ca3e<-2543ffea-c5c6-4af0-856f-eb846bad755a#0:FAIL-t203, f143d5cf-4038-4fa8-8601-f5a45f16ca3e<-61d14648-e80d-4cd8-9e7c-6deb2f21aca8#0:FAIL-t203] and 0 exception(s); f143d5cf-4038-4fa8-8601-f5a45f16ca3e@group-A3037D40E172:t203, leader=null, voted=f143d5cf-4038-4fa8-8601-f5a45f16ca3e, raftlog=f143d5cf-4038-4fa8-8601-f5a45f16ca3e@group-A3037D40E172-SegmentedRaftLog:OPENED:c-1,f-1,i0, conf=-1: [f143d5cf-4038-4fa8-8601-f5a45f16ca3e:192.168.69.71:40169, 2543ffea-c5c6-4af0-856f-eb846bad755a:192.168.69.71:45287, 61d14648-e80d-4cd8-9e7c-6deb2f21aca8:192.168.69.71:42247], old=null
2019-10-19 01:14:47,652 [f143d5cf-4038-4fa8-8601-f5a45f16ca3e@group-A3037D40E172-LeaderElection980] INFO  impl.RaftServerImpl (RaftServerImpl.java:setRole(184)) - f143d5cf-4038-4fa8-8601-f5a45f16ca3e@group-A3037D40E172: changes role from CANDIDATE to FOLLOWER at term 203 for DISCOVERED_A_NEW_TERM
2019-10-19 01:14:47,652 [f143d5cf-4038-4fa8-8601-f5a45f16ca3e@group-A3037D40E172-LeaderElection980] INFO  impl.RoleInfo (RoleInfo.java:shutdownLeaderElection(134)) - f143d5cf-4038-4fa8-8601-f5a45f16ca3e: shutdown LeaderElection
2019-10-19 01:14:47,652 [f143d5cf-4038-4fa8-8601-f5a45f16ca3e@group-A3037D40E172-LeaderElection980] INFO  impl.RoleInfo (RoleInfo.java:updateAndGet(143)) - f143d5cf-4038-4fa8-8601-f5a45f16ca3e: start FollowerState
2019-10-19 01:14:47,755 [Thread-8799] INFO  impl.FollowerState (FollowerState.java:run(108)) - f143d5cf-4038-4fa8-8601-f5a45f16ca3e@group-A3037D40E172-FollowerState: change to CANDIDATE, lastRpcTime:103ms, electionTimeout:103ms
2019-10-19 01:14:47,755 [Thread-8799] INFO  impl.RoleInfo (RoleInfo.java:shutdownFollowerState(121)) - f143d5cf-4038-4fa8-8601-f5a45f16ca3e: shutdown FollowerState
2019-10-19 01:14:47,755 [Thread-8799] INFO  impl.RaftServerImpl (RaftServerImpl.java:setRole(184)) - f143d5cf-4038-4fa8-8601-f5a45f16ca3e@group-A3037D40E172: changes role from  FOLLOWER to CANDIDATE at term 203 for changeToCandidate
2019-10-19 01:14:47,755 [Thread-8799] INFO  impl.RoleInfo (RoleInfo.java:updateAndGet(143)) - f143d5cf-4038-4fa8-8601-f5a45f16ca3e: start LeaderElection
2019-10-19 01:14:47,769 [f143d5cf-4038-4fa8-8601-f5a45f16ca3e@group-A3037D40E172-LeaderElection981] INFO  impl.LeaderElection (LeaderElection.java:askForVotes(178)) - f143d5cf-4038-4fa8-8601-f5a45f16ca3e@group-A3037D40E172-LeaderElection981: begin an election at term 204 for -1: [f143d5cf-4038-4fa8-8601-f5a45f16ca3e:192.168.69.71:40169, 2543ffea-c5c6-4af0-856f-eb846bad755a:192.168.69.71:45287, 61d14648-e80d-4cd8-9e7c-6deb2f21aca8:192.168.69.71:42247], old=null
2019-10-19 01:14:47,770 [grpc-default-executor-1] INFO  impl.RaftServerImpl (RaftServerImpl.java:setRole(184)) - 2543ffea-c5c6-4af0-856f-eb846bad755a@group-A3037D40E172: changes role from  FOLLOWER to FOLLOWER at term 204 for recognizeCandidate:f143d5cf-4038-4fa8-8601-f5a45f16ca3e
2019-10-19 01:14:47,770 [grpc-default-executor-9] INFO  impl.RaftServerImpl (RaftServerImpl.java:setRole(184)) - 61d14648-e80d-4cd8-9e7c-6deb2f21aca8@group-A3037D40E172: changes role from  FOLLOWER to FOLLOWER at term 204 for recognizeCandidate:f143d5cf-4038-4fa8-8601-f5a45f16ca3e
2019-10-19 01:14:47,770 [grpc-default-executor-9] INFO  impl.RoleInfo (RoleInfo.java:shutdownFollowerState(121)) - 61d14648-e80d-4cd8-9e7c-6deb2f21aca8: shutdown FollowerState
2019-10-19 01:14:47,770 [grpc-default-executor-1] INFO  impl.RoleInfo (RoleInfo.java:shutdownFollowerState(121)) - 2543ffea-c5c6-4af0-856f-eb846bad755a: shutdown FollowerState
2019-10-19 01:14:47,770 [Thread-8797] INFO  impl.FollowerState (FollowerState.java:run(117)) - 61d14648-e80d-4cd8-9e7c-6deb2f21aca8@group-A3037D40E172-FollowerState was interrupted: java.lang.InterruptedException: sleep interrupted
2019-10-19 01:14:47,770 [grpc-default-executor-9] INFO  impl.RoleInfo (RoleInfo.java:updateAndGet(143)) - 61d14648-e80d-4cd8-9e7c-6deb2f21aca8: start FollowerState
2019-10-19 01:14:47,771 [Thread-8798] INFO  impl.FollowerState (FollowerState.java:run(117)) - 2543ffea-c5c6-4af0-856f-eb846bad755a@group-A3037D40E172-FollowerState was interrupted: java.lang.InterruptedException: sleep interrupted
2019-10-19 01:14:47,771 [grpc-default-executor-1] INFO  impl.RoleInfo (RoleInfo.java:updateAndGet(143)) - 2543ffea-c5c6-4af0-856f-eb846bad755a: start FollowerState
2019-10-19 01:14:47,783 [f143d5cf-4038-4fa8-8601-f5a45f16ca3e@group-A3037D40E172-LeaderElection981] INFO  impl.LeaderElection (LeaderElection.java:logAndReturn(56)) - f143d5cf-4038-4fa8-8601-f5a45f16ca3e@group-A3037D40E172-LeaderElection981: Election REJECTED; received 2 response(s) [f143d5cf-4038-4fa8-8601-f5a45f16ca3e<-2543ffea-c5c6-4af0-856f-eb846bad755a#0:FAIL-t204, f143d5cf-4038-4fa8-8601-f5a45f16ca3e<-61d14648-e80d-4cd8-9e7c-6deb2f21aca8#0:FAIL-t204] and 0 exception(s); f143d5cf-4038-4fa8-8601-f5a45f16ca3e@group-A3037D40E172:t204, leader=null, voted=f143d5cf-4038-4fa8-8601-f5a45f16ca3e, raftlog=f143d5cf-4038-4fa8-8601-f5a45f16ca3e@group-A3037D40E172-SegmentedRaftLog:OPENED:c-1,f-1,i0, conf=-1: [f143d5cf-4038-4fa8-8601-f5a45f16ca3e:192.168.69.71:40169, 2543ffea-c5c6-4af0-856f-eb846bad755a:192.168.69.71:45287, 61d14648-e80d-4cd8-9e7c-6deb2f21aca8:192.168.69.71:42247], old=null
2019-10-19 01:14:47,784 [f143d5cf-4038-4fa8-8601-f5a45f16ca3e@group-A3037D40E172-LeaderElection981] INFO  impl.RaftServerImpl (RaftServerImpl.java:setRole(184)) - f143d5cf-4038-4fa8-8601-f5a45f16ca3e@group-A3037D40E172: changes role from CANDIDATE to FOLLOWER at term 204 for DISCOVERED_A_NEW_TERM
2019-10-19 01:14:47,784 [f143d5cf-4038-4fa8-8601-f5a45f16ca3e@group-A3037D40E172-LeaderElection981] INFO  impl.RoleInfo (RoleInfo.java:shutdownLeaderElection(134)) - f143d5cf-4038-4fa8-8601-f5a45f16ca3e: shutdown LeaderElection
2019-10-19 01:14:47,784 [f143d5cf-4038-4fa8-8601-f5a45f16ca3e@group-A3037D40E172-LeaderElection981] INFO  impl.RoleInfo (RoleInfo.java:updateAndGet(143)) - f143d5cf-4038-4fa8-8601-f5a45f16ca3e: start FollowerState
2019-10-19 01:14:47,975 [Thread-8805] INFO  impl.FollowerState (FollowerState.java:run(108)) - f143d5cf-4038-4fa8-8601-f5a45f16ca3e@group-A3037D40E172-FollowerState: change to CANDIDATE, lastRpcTime:191ms, electionTimeout:191ms
2019-10-19 01:14:47,975 [Thread-8805] INFO  impl.RoleInfo (RoleInfo.java:shutdownFollowerState(121)) - f143d5cf-4038-4fa8-8601-f5a45f16ca3e: shutdown FollowerState
2019-10-19 01:14:47,975 [Thread-8805] INFO  impl.RaftServerImpl (RaftServerImpl.java:setRole(184)) - f143d5cf-4038-4fa8-8601-f5a45f16ca3e@group-A3037D40E172: changes role from  FOLLOWER to CANDIDATE at term 204 for changeToCandidate
2019-10-19 01:14:47,975 [Thread-8805] INFO  impl.RoleInfo (RoleInfo.java:updateAndGet(143)) - f143d5cf-4038-4fa8-8601-f5a45f16ca3e: start LeaderElection
2019-10-19 01:14:47,989 [f143d5cf-4038-4fa8-8601-f5a45f16ca3e@group-A3037D40E172-LeaderElection982] INFO  impl.LeaderElection (LeaderElection.java:askForVotes(178)) - f143d5cf-4038-4fa8-8601-f5a45f16ca3e@group-A3037D40E172-LeaderElection982: begin an election at term 205 for -1: [f143d5cf-4038-4fa8-8601-f5a45f16ca3e:192.168.69.71:40169, 2543ffea-c5c6-4af0-856f-eb846bad755a:192.168.69.71:45287, 61d14648-e80d-4cd8-9e7c-6deb2f21aca8:192.168.69.71:42247], old=null
2019-10-19 01:14:47,990 [grpc-default-executor-9] INFO  impl.RaftServerImpl (RaftServerImpl.java:setRole(184)) - 2543ffea-c5c6-4af0-856f-eb846bad755a@group-A3037D40E172: changes role from  FOLLOWER to FOLLOWER at term 205 for recognizeCandidate:f143d5cf-4038-4fa8-8601-f5a45f16ca3e
2019-10-19 01:14:47,990 [grpc-default-executor-9] INFO  impl.RoleInfo (RoleInfo.java:shutdownFollowerState(121)) - 2543ffea-c5c6-4af0-856f-eb846bad755a: shutdown FollowerState
2019-10-19 01:14:47,990 [grpc-default-executor-1] INFO  impl.RaftServerImpl (RaftServerImpl.java:setRole(184)) - 61d14648-e80d-4cd8-9e7c-6deb2f21aca8@group-A3037D40E172: changes role from  FOLLOWER to FOLLOWER at term 205 for recognizeCandidate:f143d5cf-4038-4fa8-8601-f5a45f16ca3e
2019-10-19 01:14:47,990 [Thread-8804] INFO  impl.FollowerState (FollowerState.java:run(117)) - 2543ffea-c5c6-4af0-856f-eb846bad755a@group-A3037D40E172-FollowerState was interrupted: java.lang.InterruptedException: sleep interrupted
2019-10-19 01:14:47,990 [grpc-default-executor-9] INFO  impl.RoleInfo (RoleInfo.java:updateAndGet(143)) - 2543ffea-c5c6-4af0-856f-eb846bad755a: start FollowerState
2019-10-19 01:14:47,990 [grpc-default-executor-1] INFO  impl.RoleInfo (RoleInfo.java:shutdownFollowerState(121)) - 61d14648-e80d-4cd8-9e7c-6deb2f21aca8: shutdown FollowerState
2019-10-19 01:14:47,991 [grpc-default-executor-1] INFO  impl.RoleInfo (RoleInfo.java:updateAndGet(143)) - 61d14648-e80d-4cd8-9e7c-6deb2f21aca8: start FollowerState
2019-10-19 01:14:47,991 [Thread-8803] INFO  impl.FollowerState (FollowerState.java:run(117)) - 61d14648-e80d-4cd8-9e7c-6deb2f21aca8@group-A3037D40E172-FollowerState was interrupted: java.lang.InterruptedException: sleep interrupted
2019-10-19 01:14:48,016 [f143d5cf-4038-4fa8-8601-f5a45f16ca3e@group-A3037D40E172-LeaderElection982] INFO  impl.LeaderElection (LeaderElection.java:logAndReturn(56)) - f143d5cf-4038-4fa8-8601-f5a45f16ca3e@group-A3037D40E172-LeaderElection982: Election REJECTED; received 2 response(s) [f143d5cf-4038-4fa8-8601-f5a45f16ca3e<-2543ffea-c5c6-4af0-856f-eb846bad755a#0:FAIL-t205, f143d5cf-4038-4fa8-8601-f5a45f16ca3e<-61d14648-e80d-4cd8-9e7c-6deb2f21aca8#0:FAIL-t205] and 0 exception(s); f143d5cf-4038-4fa8-8601-f5a45f16ca3e@group-A3037D40E172:t205, leader=null, voted=f143d5cf-4038-4fa8-8601-f5a45f16ca3e, raftlog=f143d5cf-4038-4fa8-8601-f5a45f16ca3e@group-A3037D40E172-SegmentedRaftLog:OPENED:c-1,f-1,i0, conf=-1: [f143d5cf-4038-4fa8-8601-f5a45f16ca3e:192.168.69.71:40169, 2543ffea-c5c6-4af0-856f-eb846bad755a:192.168.69.71:45287, 61d14648-e80d-4cd8-9e7c-6deb2f21aca8:192.168.69.71:42247], old=null
2019-10-19 01:14:48,016 [f143d5cf-4038-4fa8-8601-f5a45f16ca3e@group-A3037D40E172-LeaderElection982] INFO  impl.RaftServerImpl (RaftServerImpl.java:setRole(184)) - f143d5cf-4038-4fa8-8601-f5a45f16ca3e@group-A3037D40E172: changes role from CANDIDATE to FOLLOWER at term 205 for DISCOVERED_A_NEW_TERM
2019-10-19 01:14:48,016 [f143d5cf-4038-4fa8-8601-f5a45f16ca3e@group-A3037D40E172-LeaderElection982] INFO  impl.RoleInfo (RoleInfo.java:shutdownLeaderElection(134)) - f143d5cf-4038-4fa8-8601-f5a45f16ca3e: shutdown LeaderElection
2019-10-19 01:14:48,016 [f143d5cf-4038-4fa8-8601-f5a45f16ca3e@group-A3037D40E172-LeaderElection982] INFO  impl.RoleInfo (RoleInfo.java:updateAndGet(143)) - f143d5cf-4038-4fa8-8601-f5a45f16ca3e: start FollowerState
2019-10-19 01:14:48,069 [Thread-8811] INFO  impl.FollowerState (FollowerState.java:run(108)) - f143d5cf-4038-4fa8-8601-f5a45f16ca3e@group-A3037D40E172-FollowerState: change to CANDIDATE, lastRpcTime:53ms, electionTimeout:53ms
2019-10-19 01:14:48,069 [Thread-8811] INFO  impl.RoleInfo (RoleInfo.java:shutdownFollowerState(121)) - f143d5cf-4038-4fa8-8601-f5a45f16ca3e: shutdown FollowerState
2019-10-19 01:14:48,069 [Thread-8811] INFO  impl.RaftServerImpl (RaftServerImpl.java:setRole(184)) - f143d5cf-4038-4fa8-8601-f5a45f16ca3e@group-A3037D40E172: changes role from  FOLLOWER to CANDIDATE at term 205 for changeToCandidate
2019-10-19 01:14:48,069 [Thread-8811] INFO  impl.RoleInfo (RoleInfo.java:updateAndGet(143)) - f143d5cf-4038-4fa8-8601-f5a45f16ca3e: start LeaderElection
2019-10-19 01:14:48,091 [f143d5cf-4038-4fa8-8601-f5a45f16ca3e@group-A3037D40E172-LeaderElection983] INFO  impl.LeaderElection (LeaderElection.java:askForVotes(178)) - f143d5cf-4038-4fa8-8601-f5a45f16ca3e@group-A3037D40E172-LeaderElection983: begin an election at term 206 for -1: [f143d5cf-4038-4fa8-8601-f5a45f16ca3e:192.168.69.71:40169, 2543ffea-c5c6-4af0-856f-eb846bad755a:192.168.69.71:45287, 61d14648-e80d-4cd8-9e7c-6deb2f21aca8:192.168.69.71:42247], old=null
2019-10-19 01:14:48,092 [grpc-default-executor-9] INFO  impl.RaftServerImpl (RaftServerImpl.java:setRole(184)) - 61d14648-e80d-4cd8-9e7c-6deb2f21aca8@group-A3037D40E172: changes role from  FOLLOWER to FOLLOWER at term 206 for recognizeCandidate:f143d5cf-4038-4fa8-8601-f5a45f16ca3e
2019-10-19 01:14:48,092 [grpc-default-executor-9] INFO  impl.RoleInfo (RoleInfo.java:shutdownFollowerState(121)) - 61d14648-e80d-4cd8-9e7c-6deb2f21aca8: shutdown FollowerState
2019-10-19 01:14:48,092 [grpc-default-executor-1] INFO  impl.RaftServerImpl (RaftServerImpl.java:setRole(184)) - 2543ffea-c5c6-4af0-856f-eb846bad755a@group-A3037D40E172: changes role from  FOLLOWER to FOLLOWER at term 206 for recognizeCandidate:f143d5cf-4038-4fa8-8601-f5a45f16ca3e
2019-10-19 01:14:48,092 [grpc-default-executor-1] INFO  impl.RoleInfo (RoleInfo.java:shutdownFollowerState(121)) - 2543ffea-c5c6-4af0-856f-eb846bad755a: shutdown FollowerState
2019-10-19 01:14:48,092 [Thread-8810] INFO  impl.FollowerState (FollowerState.java:run(117)) - 61d14648-e80d-4cd8-9e7c-6deb2f21aca8@group-A3037D40E172-FollowerState was interrupted: java.lang.InterruptedException: sleep interrupted
2019-10-19 01:14:48,092 [grpc-default-executor-9] INFO  impl.RoleInfo (RoleInfo.java:updateAndGet(143)) - 61d14648-e80d-4cd8-9e7c-6deb2f21aca8: start FollowerState
2019-10-19 01:14:48,092 [Thread-8809] INFO  impl.FollowerState (FollowerState.java:run(117)) - 2543ffea-c5c6-4af0-856f-eb846bad755a@group-A3037D40E172-FollowerState was interrupted: java.lang.InterruptedException: sleep interrupted
2019-10-19 01:14:48,092 [grpc-default-executor-1] INFO  impl.RoleInfo (RoleInfo.java:updateAndGet(143)) - 2543ffea-c5c6-4af0-856f-eb846bad755a: start FollowerState
2019-10-19 01:14:48,106 [f143d5cf-4038-4fa8-8601-f5a45f16ca3e@group-A3037D40E172-LeaderElection983] INFO  impl.LeaderElection (LeaderElection.java:logAndReturn(56)) - f143d5cf-4038-4fa8-8601-f5a45f16ca3e@group-A3037D40E172-LeaderElection983: Election REJECTED; received 2 response(s) [f143d5cf-4038-4fa8-8601-f5a45f16ca3e<-2543ffea-c5c6-4af0-856f-eb846bad755a#0:FAIL-t206, f143d5cf-4038-4fa8-8601-f5a45f16ca3e<-61d14648-e80d-4cd8-9e7c-6deb2f21aca8#0:FAIL-t206] and 0 exception(s); f143d5cf-4038-4fa8-8601-f5a45f16ca3e@group-A3037D40E172:t206, leader=null, voted=f143d5cf-4038-4fa8-8601-f5a45f16ca3e, raftlog=f143d5cf-4038-4fa8-8601-f5a45f16ca3e@group-A3037D40E172-SegmentedRaftLog:OPENED:c-1,f-1,i0, conf=-1: [f143d5cf-4038-4fa8-8601-f5a45f16ca3e:192.168.69.71:40169, 2543ffea-c5c6-4af0-856f-eb846bad755a:192.168.69.71:45287, 61d14648-e80d-4cd8-9e7c-6deb2f21aca8:192.168.69.71:42247], old=null
2019-10-19 01:14:48,106 [f143d5cf-4038-4fa8-8601-f5a45f16ca3e@group-A3037D40E172-LeaderElection983] INFO  impl.RaftServerImpl (RaftServerImpl.java:setRole(184)) - f143d5cf-4038-4fa8-8601-f5a45f16ca3e@group-A3037D40E172: changes role from CANDIDATE to FOLLOWER at term 206 for DISCOVERED_A_NEW_TERM
2019-10-19 01:14:48,106 [f143d5cf-4038-4fa8-8601-f5a45f16ca3e@group-A3037D40E172-LeaderElection983] INFO  impl.RoleInfo (RoleInfo.java:shutdownLeaderElection(134)) - f143d5cf-4038-4fa8-8601-f5a45f16ca3e: shutdown LeaderElection
2019-10-19 01:14:48,106 [f143d5cf-4038-4fa8-8601-f5a45f16ca3e@group-A3037D40E172-LeaderElection983] INFO  impl.RoleInfo (RoleInfo.java:updateAndGet(143)) - f143d5cf-4038-4fa8-8601-f5a45f16ca3e: start FollowerState
2019-10-19 01:14:48,160 [Thread-8819] INFO  impl.FollowerState (FollowerState.java:run(108)) - f143d5cf-4038-4fa8-8601-f5a45f16ca3e@group-A3037D40E172-FollowerState: change to CANDIDATE, lastRpcTime:54ms, electionTimeout:54ms
2019-10-19 01:14:48,160 [Thread-8819] INFO  impl.RoleInfo (RoleInfo.java:shutdownFollowerState(121)) - f143d5cf-4038-4fa8-8601-f5a45f16ca3e: shutdown FollowerState
2019-10-19 01:14:48,161 [Thread-8819] INFO  impl.RaftServerImpl (RaftServerImpl.java:setRole(184)) - f143d5cf-4038-4fa8-8601-f5a45f16ca3e@group-A3037D40E172: changes role from  FOLLOWER to CANDIDATE at term 206 for changeToCandidate
2019-10-19 01:14:48,161 [Thread-8819] INFO  impl.RoleInfo (RoleInfo.java:updateAndGet(143)) - f143d5cf-4038-4fa8-8601-f5a45f16ca3e: start LeaderElection
2019-10-19 01:14:48,174 [f143d5cf-4038-4fa8-8601-f5a45f16ca3e@group-A3037D40E172-LeaderElection984] INFO  impl.LeaderElection (LeaderElection.java:askForVotes(178)) - f143d5cf-4038-4fa8-8601-f5a45f16ca3e@group-A3037D40E172-LeaderElection984: begin an election at term 207 for -1: [f143d5cf-4038-4fa8-8601-f5a45f16ca3e:192.168.69.71:40169, 2543ffea-c5c6-4af0-856f-eb846bad755a:192.168.69.71:45287, 61d14648-e80d-4cd8-9e7c-6deb2f21aca8:192.168.69.71:42247], old=null
2019-10-19 01:14:48,175 [grpc-default-executor-9] INFO  impl.RaftServerImpl (RaftServerImpl.java:setRole(184)) - 61d14648-e80d-4cd8-9e7c-6deb2f21aca8@group-A3037D40E172: changes role from  FOLLOWER to FOLLOWER at term 207 for recognizeCandidate:f143d5cf-4038-4fa8-8601-f5a45f16ca3e
2019-10-19 01:14:48,176 [grpc-default-executor-9] INFO  impl.RoleInfo (RoleInfo.java:shutdownFollowerState(121)) - 61d14648-e80d-4cd8-9e7c-6deb2f21aca8: shutdown FollowerState
2019-10-19 01:14:48,175 [grpc-default-executor-1] INFO  impl.RaftServerImpl (RaftServerImpl.java:setRole(184)) - 2543ffea-c5c6-4af0-856f-eb846bad755a@group-A3037D40E172: changes role from  FOLLOWER to FOLLOWER at term 207 for recognizeCandidate:f143d5cf-4038-4fa8-8601-f5a45f16ca3e
2019-10-19 01:14:48,176 [Thread-8817] INFO  impl.FollowerState (FollowerState.java:run(117)) - 61d14648-e80d-4cd8-9e7c-6deb2f21aca8@group-A3037D40E172-FollowerState was interrupted: java.lang.InterruptedException: sleep interrupted
2019-10-19 01:14:48,176 [grpc-default-executor-9] INFO  impl.RoleInfo (RoleInfo.java:updateAndGet(143)) - 61d14648-e80d-4cd8-9e7c-6deb2f21aca8: start FollowerState
2019-10-19 01:14:48,176 [grpc-default-executor-1] INFO  impl.RoleInfo (RoleInfo.java:shutdownFollowerState(121)) - 2543ffea-c5c6-4af0-856f-eb846bad755a: shutdown FollowerState
2019-10-19 01:14:48,176 [grpc-default-executor-1] INFO  impl.RoleInfo (RoleInfo.java:updateAndGet(143)) - 2543ffea-c5c6-4af0-856f-eb846bad755a: start FollowerState
2019-10-19 01:14:48,176 [Thread-8818] INFO  impl.FollowerState (FollowerState.java:run(117)) - 2543ffea-c5c6-4af0-856f-eb846bad755a@group-A3037D40E172-FollowerState was interrupted: java.lang.InterruptedException: sleep interrupted
2019-10-19 01:14:48,190 [f143d5cf-4038-4fa8-8601-f5a45f16ca3e@group-A3037D40E172-LeaderElection984] INFO  impl.LeaderElection (LeaderElection.java:logAndReturn(56)) - f143d5cf-4038-4fa8-8601-f5a45f16ca3e@group-A3037D40E172-LeaderElection984: Election REJECTED; received 2 response(s) [f143d5cf-4038-4fa8-8601-f5a45f16ca3e<-2543ffea-c5c6-4af0-856f-eb846bad755a#0:FAIL-t207, f143d5cf-4038-4fa8-8601-f5a45f16ca3e<-61d14648-e80d-4cd8-9e7c-6deb2f21aca8#0:FAIL-t207] and 0 exception(s); f143d5cf-4038-4fa8-8601-f5a45f16ca3e@group-A3037D40E172:t207, leader=null, voted=f143d5cf-4038-4fa8-8601-f5a45f16ca3e, raftlog=f143d5cf-4038-4fa8-8601-f5a45f16ca3e@group-A3037D40E172-SegmentedRaftLog:OPENED:c-1,f-1,i0, conf=-1: [f143d5cf-4038-4fa8-8601-f5a45f16ca3e:192.168.69.71:40169, 2543ffea-c5c6-4af0-856f-eb846bad755a:192.168.69.71:45287, 61d14648-e80d-4cd8-9e7c-6deb2f21aca8:192.168.69.71:42247], old=null
2019-10-19 01:14:48,190 [f143d5cf-4038-4fa8-8601-f5a45f16ca3e@group-A3037D40E172-LeaderElection984] INFO  impl.RaftServerImpl (RaftServerImpl.java:setRole(184)) - f143d5cf-4038-4fa8-8601-f5a45f16ca3e@group-A3037D40E172: changes role from CANDIDATE to FOLLOWER at term 207 for DISCOVERED_A_NEW_TERM
2019-10-19 01:14:48,190 [f143d5cf-4038-4fa8-8601-f5a45f16ca3e@group-A3037D40E172-LeaderElection984] INFO  impl.RoleInfo (RoleInfo.java:shutdownLeaderElection(134)) - f143d5cf-4038-4fa8-8601-f5a45f16ca3e: shutdown LeaderElection
2019-10-19 01:14:48,190 [f143d5cf-4038-4fa8-8601-f5a45f16ca3e@group-A3037D40E172-LeaderElection984] INFO  impl.RoleInfo (RoleInfo.java:updateAndGet(143)) - f143d5cf-4038-4fa8-8601-f5a45f16ca3e: start FollowerState
2019-10-19 01:14:48,220 [Datanode State Machine Thread - 0] INFO  statemachine.DatanodeStateMachine (DatanodeStateMachine.java:lambda$startDaemon$0(350)) - Ozone container server started.
2019-10-19 01:14:48,220 [Datanode State Machine Thread - 0] INFO  statemachine.DatanodeStateMachine (DatanodeStateMachine.java:lambda$startDaemon$0(350)) - Ozone container server started.
2019-10-19 01:14:48,231 [Thread-8825] INFO  impl.FollowerState (FollowerState.java:run(108)) - f143d5cf-4038-4fa8-8601-f5a45f16ca3e@group-A3037D40E172-FollowerState: change to CANDIDATE, lastRpcTime:40ms, electionTimeout:40ms
2019-10-19 01:14:48,231 [Thread-8825] INFO  impl.RoleInfo (RoleInfo.java:shutdownFollowerState(121)) - f143d5cf-4038-4fa8-8601-f5a45f16ca3e: shutdown FollowerState
2019-10-19 01:14:48,231 [Thread-8825] INFO  impl.RaftServerImpl (RaftServerImpl.java:setRole(184)) - f143d5cf-4038-4fa8-8601-f5a45f16ca3e@group-A3037D40E172: changes role from  FOLLOWER to CANDIDATE at term 207 for changeToCandidate
2019-10-19 01:14:48,231 [Thread-8825] INFO  impl.RoleInfo (RoleInfo.java:updateAndGet(143)) - f143d5cf-4038-4fa8-8601-f5a45f16ca3e: start LeaderElection
2019-10-19 01:14:48,243 [f143d5cf-4038-4fa8-8601-f5a45f16ca3e@group-A3037D40E172-LeaderElection985] INFO  impl.LeaderElection (LeaderElection.java:askForVotes(178)) - f143d5cf-4038-4fa8-8601-f5a45f16ca3e@group-A3037D40E172-LeaderElection985: begin an election at term 208 for -1: [f143d5cf-4038-4fa8-8601-f5a45f16ca3e:192.168.69.71:40169, 2543ffea-c5c6-4af0-856f-eb846bad755a:192.168.69.71:45287, 61d14648-e80d-4cd8-9e7c-6deb2f21aca8:192.168.69.71:42247], old=null
2019-10-19 01:14:48,244 [grpc-default-executor-1] INFO  impl.RaftServerImpl (RaftServerImpl.java:setRole(184)) - 61d14648-e80d-4cd8-9e7c-6deb2f21aca8@group-A3037D40E172: changes role from  FOLLOWER to FOLLOWER at term 208 for recognizeCandidate:f143d5cf-4038-4fa8-8601-f5a45f16ca3e
2019-10-19 01:14:48,244 [grpc-default-executor-1] INFO  impl.RoleInfo (RoleInfo.java:shutdownFollowerState(121)) - 61d14648-e80d-4cd8-9e7c-6deb2f21aca8: shutdown FollowerState
2019-10-19 01:14:48,244 [grpc-default-executor-1] INFO  impl.RoleInfo (RoleInfo.java:updateAndGet(143)) - 61d14648-e80d-4cd8-9e7c-6deb2f21aca8: start FollowerState
2019-10-19 01:14:48,244 [grpc-default-executor-9] INFO  impl.RaftServerImpl (RaftServerImpl.java:setRole(184)) - 2543ffea-c5c6-4af0-856f-eb846bad755a@group-A3037D40E172: changes role from  FOLLOWER to FOLLOWER at term 208 for recognizeCandidate:f143d5cf-4038-4fa8-8601-f5a45f16ca3e
2019-10-19 01:14:48,244 [Thread-8823] INFO  impl.FollowerState (FollowerState.java:run(117)) - 61d14648-e80d-4cd8-9e7c-6deb2f21aca8@group-A3037D40E172-FollowerState was interrupted: java.lang.InterruptedException: sleep interrupted
2019-10-19 01:14:48,244 [grpc-default-executor-9] INFO  impl.RoleInfo (RoleInfo.java:shutdownFollowerState(121)) - 2543ffea-c5c6-4af0-856f-eb846bad755a: shutdown FollowerState
2019-10-19 01:14:48,245 [grpc-default-executor-9] INFO  impl.RoleInfo (RoleInfo.java:updateAndGet(143)) - 2543ffea-c5c6-4af0-856f-eb846bad755a: start FollowerState
2019-10-19 01:14:48,245 [Thread-8824] INFO  impl.FollowerState (FollowerState.java:run(117)) - 2543ffea-c5c6-4af0-856f-eb846bad755a@group-A3037D40E172-FollowerState was interrupted: java.lang.InterruptedException: sleep interrupted
2019-10-19 01:14:48,271 [f143d5cf-4038-4fa8-8601-f5a45f16ca3e@group-A3037D40E172-LeaderElection985] INFO  impl.LeaderElection (LeaderElection.java:logAndReturn(56)) - f143d5cf-4038-4fa8-8601-f5a45f16ca3e@group-A3037D40E172-LeaderElection985: Election REJECTED; received 2 response(s) [f143d5cf-4038-4fa8-8601-f5a45f16ca3e<-2543ffea-c5c6-4af0-856f-eb846bad755a#0:FAIL-t208, f143d5cf-4038-4fa8-8601-f5a45f16ca3e<-61d14648-e80d-4cd8-9e7c-6deb2f21aca8#0:FAIL-t208] and 0 exception(s); f143d5cf-4038-4fa8-8601-f5a45f16ca3e@group-A3037D40E172:t208, leader=null, voted=f143d5cf-4038-4fa8-8601-f5a45f16ca3e, raftlog=f143d5cf-4038-4fa8-8601-f5a45f16ca3e@group-A3037D40E172-SegmentedRaftLog:OPENED:c-1,f-1,i0, conf=-1: [f143d5cf-4038-4fa8-8601-f5a45f16ca3e:192.168.69.71:40169, 2543ffea-c5c6-4af0-856f-eb846bad755a:192.168.69.71:45287, 61d14648-e80d-4cd8-9e7c-6deb2f21aca8:192.168.69.71:42247], old=null
2019-10-19 01:14:48,271 [f143d5cf-4038-4fa8-8601-f5a45f16ca3e@group-A3037D40E172-LeaderElection985] INFO  impl.RaftServerImpl (RaftServerImpl.java:setRole(184)) - f143d5cf-4038-4fa8-8601-f5a45f16ca3e@group-A3037D40E172: changes role from CANDIDATE to FOLLOWER at term 208 for DISCOVERED_A_NEW_TERM
2019-10-19 01:14:48,271 [f143d5cf-4038-4fa8-8601-f5a45f16ca3e@group-A3037D40E172-LeaderElection985] INFO  impl.RoleInfo (RoleInfo.java:shutdownLeaderElection(134)) - f143d5cf-4038-4fa8-8601-f5a45f16ca3e: shutdown LeaderElection
2019-10-19 01:14:48,271 [f143d5cf-4038-4fa8-8601-f5a45f16ca3e@group-A3037D40E172-LeaderElection985] INFO  impl.RoleInfo (RoleInfo.java:updateAndGet(143)) - f143d5cf-4038-4fa8-8601-f5a45f16ca3e: start FollowerState
2019-10-19 01:14:48,316 [Thread-8831] INFO  impl.FollowerState (FollowerState.java:run(108)) - f143d5cf-4038-4fa8-8601-f5a45f16ca3e@group-A3037D40E172-FollowerState: change to CANDIDATE, lastRpcTime:45ms, electionTimeout:45ms
2019-10-19 01:14:48,316 [Thread-8831] INFO  impl.RoleInfo (RoleInfo.java:shutdownFollowerState(121)) - f143d5cf-4038-4fa8-8601-f5a45f16ca3e: shutdown FollowerState
2019-10-19 01:14:48,316 [Thread-8831] INFO  impl.RaftServerImpl (RaftServerImpl.java:setRole(184)) - f143d5cf-4038-4fa8-8601-f5a45f16ca3e@group-A3037D40E172: changes role from  FOLLOWER to CANDIDATE at term 208 for changeToCandidate
2019-10-19 01:14:48,316 [Thread-8831] INFO  impl.RoleInfo (RoleInfo.java:updateAndGet(143)) - f143d5cf-4038-4fa8-8601-f5a45f16ca3e: start LeaderElection
2019-10-19 01:14:48,329 [f143d5cf-4038-4fa8-8601-f5a45f16ca3e@group-A3037D40E172-LeaderElection986] INFO  impl.LeaderElection (LeaderElection.java:askForVotes(178)) - f143d5cf-4038-4fa8-8601-f5a45f16ca3e@group-A3037D40E172-LeaderElection986: begin an election at term 209 for -1: [f143d5cf-4038-4fa8-8601-f5a45f16ca3e:192.168.69.71:40169, 2543ffea-c5c6-4af0-856f-eb846bad755a:192.168.69.71:45287, 61d14648-e80d-4cd8-9e7c-6deb2f21aca8:192.168.69.71:42247], old=null
2019-10-19 01:14:48,331 [grpc-default-executor-9] INFO  impl.RaftServerImpl (RaftServerImpl.java:setRole(184)) - 61d14648-e80d-4cd8-9e7c-6deb2f21aca8@group-A3037D40E172: changes role from  FOLLOWER to FOLLOWER at term 209 for recognizeCandidate:f143d5cf-4038-4fa8-8601-f5a45f16ca3e
2019-10-19 01:14:48,331 [grpc-default-executor-9] INFO  impl.RoleInfo (RoleInfo.java:shutdownFollowerState(121)) - 61d14648-e80d-4cd8-9e7c-6deb2f21aca8: shutdown FollowerState
2019-10-19 01:14:48,331 [grpc-default-executor-1] INFO  impl.RaftServerImpl (RaftServerImpl.java:setRole(184)) - 2543ffea-c5c6-4af0-856f-eb846bad755a@group-A3037D40E172: changes role from  FOLLOWER to FOLLOWER at term 209 for recognizeCandidate:f143d5cf-4038-4fa8-8601-f5a45f16ca3e
2019-10-19 01:14:48,331 [Thread-8829] INFO  impl.FollowerState (FollowerState.java:run(117)) - 61d14648-e80d-4cd8-9e7c-6deb2f21aca8@group-A3037D40E172-FollowerState was interrupted: java.lang.InterruptedException: sleep interrupted
2019-10-19 01:14:48,331 [grpc-default-executor-9] INFO  impl.RoleInfo (RoleInfo.java:updateAndGet(143)) - 61d14648-e80d-4cd8-9e7c-6deb2f21aca8: start FollowerState
2019-10-19 01:14:48,331 [grpc-default-executor-1] INFO  impl.RoleInfo (RoleInfo.java:shutdownFollowerState(121)) - 2543ffea-c5c6-4af0-856f-eb846bad755a: shutdown FollowerState
2019-10-19 01:14:48,331 [grpc-default-executor-1] INFO  impl.RoleInfo (RoleInfo.java:updateAndGet(143)) - 2543ffea-c5c6-4af0-856f-eb846bad755a: start FollowerState
2019-10-19 01:14:48,331 [Thread-8830] INFO  impl.FollowerState (FollowerState.java:run(117)) - 2543ffea-c5c6-4af0-856f-eb846bad755a@group-A3037D40E172-FollowerState was interrupted: java.lang.InterruptedException: sleep interrupted
2019-10-19 01:14:48,361 [f143d5cf-4038-4fa8-8601-f5a45f16ca3e@group-A3037D40E172-LeaderElection986] INFO  impl.LeaderElection (LeaderElection.java:logAndReturn(56)) - f143d5cf-4038-4fa8-8601-f5a45f16ca3e@group-A3037D40E172-LeaderElection986: Election REJECTED; received 2 response(s) [f143d5cf-4038-4fa8-8601-f5a45f16ca3e<-2543ffea-c5c6-4af0-856f-eb846bad755a#0:FAIL-t209, f143d5cf-4038-4fa8-8601-f5a45f16ca3e<-61d14648-e80d-4cd8-9e7c-6deb2f21aca8#0:FAIL-t209] and 0 exception(s); f143d5cf-4038-4fa8-8601-f5a45f16ca3e@group-A3037D40E172:t209, leader=null, voted=f143d5cf-4038-4fa8-8601-f5a45f16ca3e, raftlog=f143d5cf-4038-4fa8-8601-f5a45f16ca3e@group-A3037D40E172-SegmentedRaftLog:OPENED:c-1,f-1,i0, conf=-1: [f143d5cf-4038-4fa8-8601-f5a45f16ca3e:192.168.69.71:40169, 2543ffea-c5c6-4af0-856f-eb846bad755a:192.168.69.71:45287, 61d14648-e80d-4cd8-9e7c-6deb2f21aca8:192.168.69.71:42247], old=null
2019-10-19 01:14:48,362 [f143d5cf-4038-4fa8-8601-f5a45f16ca3e@group-A3037D40E172-LeaderElection986] INFO  impl.RaftServerImpl (RaftServerImpl.java:setRole(184)) - f143d5cf-4038-4fa8-8601-f5a45f16ca3e@group-A3037D40E172: changes role from CANDIDATE to FOLLOWER at term 209 for DISCOVERED_A_NEW_TERM
2019-10-19 01:14:48,362 [f143d5cf-4038-4fa8-8601-f5a45f16ca3e@group-A3037D40E172-LeaderElection986] INFO  impl.RoleInfo (RoleInfo.java:shutdownLeaderElection(134)) - f143d5cf-4038-4fa8-8601-f5a45f16ca3e: shutdown LeaderElection
2019-10-19 01:14:48,362 [f143d5cf-4038-4fa8-8601-f5a45f16ca3e@group-A3037D40E172-LeaderElection986] INFO  impl.RoleInfo (RoleInfo.java:updateAndGet(143)) - f143d5cf-4038-4fa8-8601-f5a45f16ca3e: start FollowerState
2019-10-19 01:14:48,430 [Thread-8763] INFO  impl.FollowerState (FollowerState.java:run(108)) - 88be3607-7667-471c-9070-7dfd13eb5ac8@group-20FCFA0487C4-FollowerState: change to CANDIDATE, lastRpcTime:1024ms, electionTimeout:1024ms
2019-10-19 01:14:48,430 [Thread-8763] INFO  impl.RoleInfo (RoleInfo.java:shutdownFollowerState(121)) - 88be3607-7667-471c-9070-7dfd13eb5ac8: shutdown FollowerState
2019-10-19 01:14:48,430 [Thread-8763] INFO  impl.RaftServerImpl (RaftServerImpl.java:setRole(184)) - 88be3607-7667-471c-9070-7dfd13eb5ac8@group-20FCFA0487C4: changes role from  FOLLOWER to CANDIDATE at term 190 for changeToCandidate
2019-10-19 01:14:48,431 [Thread-8763] INFO  impl.RoleInfo (RoleInfo.java:updateAndGet(143)) - 88be3607-7667-471c-9070-7dfd13eb5ac8: start LeaderElection
2019-10-19 01:14:48,457 [88be3607-7667-471c-9070-7dfd13eb5ac8@group-20FCFA0487C4-LeaderElection987] INFO  impl.LeaderElection (LeaderElection.java:askForVotes(178)) - 88be3607-7667-471c-9070-7dfd13eb5ac8@group-20FCFA0487C4-LeaderElection987: begin an election at term 191 for 0: [88be3607-7667-471c-9070-7dfd13eb5ac8:192.168.69.71:32925, 9c2d914d-67b1-4af9-8080-4d6ee007b506:192.168.69.71:35462, 61d0b7dc-5f8b-422f-8693-c58167224d24:192.168.69.71:43479], old=null
2019-10-19 01:14:48,460 [88be3607-7667-471c-9070-7dfd13eb5ac8@group-20FCFA0487C4-LeaderElection987] INFO  impl.LeaderElection (LogUtils.java:infoOrTrace(149)) - 88be3607-7667-471c-9070-7dfd13eb5ac8@group-20FCFA0487C4-LeaderElection987 got exception when requesting votes: {}
java.util.concurrent.ExecutionException: org.apache.ratis.thirdparty.io.grpc.StatusRuntimeException: UNAVAILABLE: io exception
	at java.util.concurrent.FutureTask.report(FutureTask.java:122)
	at java.util.concurrent.FutureTask.get(FutureTask.java:192)
	at org.apache.ratis.server.impl.LeaderElection.waitForResults(LeaderElection.java:259)
	at org.apache.ratis.server.impl.LeaderElection.askForVotes(LeaderElection.java:197)
	at org.apache.ratis.server.impl.LeaderElection.run(LeaderElection.java:133)
	at java.lang.Thread.run(Thread.java:748)
Caused by: org.apache.ratis.thirdparty.io.grpc.StatusRuntimeException: UNAVAILABLE: io exception
	at org.apache.ratis.thirdparty.io.grpc.stub.ClientCalls.toStatusRuntimeException(ClientCalls.java:233)
	at org.apache.ratis.thirdparty.io.grpc.stub.ClientCalls.getUnchecked(ClientCalls.java:214)
	at org.apache.ratis.thirdparty.io.grpc.stub.ClientCalls.blockingUnaryCall(ClientCalls.java:139)
	at org.apache.ratis.proto.grpc.RaftServerProtocolServiceGrpc$RaftServerProtocolServiceBlockingStub.requestVote(RaftServerProtocolServiceGrpc.java:265)
	at org.apache.ratis.grpc.server.GrpcServerProtocolClient.requestVote(GrpcServerProtocolClient.java:99)
	at org.apache.ratis.grpc.server.GrpcService.requestVote(GrpcService.java:204)
	at org.apache.ratis.server.impl.LeaderElection.lambda$submitRequests$1(LeaderElection.java:234)
	at java.util.concurrent.FutureTask.run(FutureTask.java:266)
	at java.util.concurrent.Executors$RunnableAdapter.call(Executors.java:511)
	at java.util.concurrent.FutureTask.run(FutureTask.java:266)
	at java.util.concurrent.ThreadPoolExecutor.runWorker(ThreadPoolExecutor.java:1149)
	at java.util.concurrent.ThreadPoolExecutor$Worker.run(ThreadPoolExecutor.java:624)
	... 1 more
Caused by: org.apache.ratis.thirdparty.io.netty.channel.AbstractChannel$AnnotatedConnectException: Connection refused: /192.168.69.71:35462
	at sun.nio.ch.SocketChannelImpl.checkConnect(Native Method)
	at sun.nio.ch.SocketChannelImpl.finishConnect(SocketChannelImpl.java:717)
	at org.apache.ratis.thirdparty.io.netty.channel.socket.nio.NioSocketChannel.doFinishConnect(NioSocketChannel.java:327)
	at org.apache.ratis.thirdparty.io.netty.channel.nio.AbstractNioChannel$AbstractNioUnsafe.finishConnect(AbstractNioChannel.java:340)
	at org.apache.ratis.thirdparty.io.netty.channel.nio.NioEventLoop.processSelectedKey(NioEventLoop.java:632)
	at org.apache.ratis.thirdparty.io.netty.channel.nio.NioEventLoop.processSelectedKeysOptimized(NioEventLoop.java:579)
	at org.apache.ratis.thirdparty.io.netty.channel.nio.NioEventLoop.processSelectedKeys(NioEventLoop.java:496)
	at org.apache.ratis.thirdparty.io.netty.channel.nio.NioEventLoop.run(NioEventLoop.java:458)
	at org.apache.ratis.thirdparty.io.netty.util.concurrent.SingleThreadEventExecutor$5.run(SingleThreadEventExecutor.java:897)
	at org.apache.ratis.thirdparty.io.netty.util.concurrent.FastThreadLocalRunnable.run(FastThreadLocalRunnable.java:30)
	... 1 more
Caused by: java.net.ConnectException: Connection refused
	... 11 more
2019-10-19 01:14:48,461 [grpc-default-executor-1] INFO  impl.RaftServerImpl (RaftServerImpl.java:setRole(184)) - 61d0b7dc-5f8b-422f-8693-c58167224d24@group-20FCFA0487C4: changes role from  FOLLOWER to FOLLOWER at term 191 for recognizeCandidate:88be3607-7667-471c-9070-7dfd13eb5ac8
2019-10-19 01:14:48,461 [grpc-default-executor-1] INFO  impl.RoleInfo (RoleInfo.java:shutdownFollowerState(121)) - 61d0b7dc-5f8b-422f-8693-c58167224d24: shutdown FollowerState
2019-10-19 01:14:48,461 [grpc-default-executor-1] INFO  impl.RoleInfo (RoleInfo.java:updateAndGet(143)) - 61d0b7dc-5f8b-422f-8693-c58167224d24: start FollowerState
2019-10-19 01:14:48,461 [Thread-8764] INFO  impl.FollowerState (FollowerState.java:run(117)) - 61d0b7dc-5f8b-422f-8693-c58167224d24@group-20FCFA0487C4-FollowerState was interrupted: java.lang.InterruptedException: sleep interrupted
2019-10-19 01:14:48,475 [88be3607-7667-471c-9070-7dfd13eb5ac8@group-20FCFA0487C4-LeaderElection987] INFO  impl.LeaderElection (LeaderElection.java:logAndReturn(56)) - 88be3607-7667-471c-9070-7dfd13eb5ac8@group-20FCFA0487C4-LeaderElection987: Election PASSED; received 1 response(s) [88be3607-7667-471c-9070-7dfd13eb5ac8<-61d0b7dc-5f8b-422f-8693-c58167224d24#0:OK-t191] and 1 exception(s); 88be3607-7667-471c-9070-7dfd13eb5ac8@group-20FCFA0487C4:t191, leader=null, voted=88be3607-7667-471c-9070-7dfd13eb5ac8, raftlog=88be3607-7667-471c-9070-7dfd13eb5ac8@group-20FCFA0487C4-SegmentedRaftLog:OPENED:c-1,f0,i0, conf=0: [88be3607-7667-471c-9070-7dfd13eb5ac8:192.168.69.71:32925, 9c2d914d-67b1-4af9-8080-4d6ee007b506:192.168.69.71:35462, 61d0b7dc-5f8b-422f-8693-c58167224d24:192.168.69.71:43479], old=null
2019-10-19 01:14:48,475 [88be3607-7667-471c-9070-7dfd13eb5ac8@group-20FCFA0487C4-LeaderElection987] INFO  impl.LeaderElection (LogUtils.java:infoOrTrace(149)) -   Exception 0: {}
java.util.concurrent.ExecutionException: org.apache.ratis.thirdparty.io.grpc.StatusRuntimeException: UNAVAILABLE: io exception
	at java.util.concurrent.FutureTask.report(FutureTask.java:122)
	at java.util.concurrent.FutureTask.get(FutureTask.java:192)
	at org.apache.ratis.server.impl.LeaderElection.waitForResults(LeaderElection.java:259)
	at org.apache.ratis.server.impl.LeaderElection.askForVotes(LeaderElection.java:197)
	at org.apache.ratis.server.impl.LeaderElection.run(LeaderElection.java:133)
	at java.lang.Thread.run(Thread.java:748)
Caused by: org.apache.ratis.thirdparty.io.grpc.StatusRuntimeException: UNAVAILABLE: io exception
	at org.apache.ratis.thirdparty.io.grpc.stub.ClientCalls.toStatusRuntimeException(ClientCalls.java:233)
	at org.apache.ratis.thirdparty.io.grpc.stub.ClientCalls.getUnchecked(ClientCalls.java:214)
	at org.apache.ratis.thirdparty.io.grpc.stub.ClientCalls.blockingUnaryCall(ClientCalls.java:139)
	at org.apache.ratis.proto.grpc.RaftServerProtocolServiceGrpc$RaftServerProtocolServiceBlockingStub.requestVote(RaftServerProtocolServiceGrpc.java:265)
	at org.apache.ratis.grpc.server.GrpcServerProtocolClient.requestVote(GrpcServerProtocolClient.java:99)
	at org.apache.ratis.grpc.server.GrpcService.requestVote(GrpcService.java:204)
	at org.apache.ratis.server.impl.LeaderElection.lambda$submitRequests$1(LeaderElection.java:234)
	at java.util.concurrent.FutureTask.run(FutureTask.java:266)
	at java.util.concurrent.Executors$RunnableAdapter.call(Executors.java:511)
	at java.util.concurrent.FutureTask.run(FutureTask.java:266)
	at java.util.concurrent.ThreadPoolExecutor.runWorker(ThreadPoolExecutor.java:1149)
	at java.util.concurrent.ThreadPoolExecutor$Worker.run(ThreadPoolExecutor.java:624)
	... 1 more
Caused by: org.apache.ratis.thirdparty.io.netty.channel.AbstractChannel$AnnotatedConnectException: Connection refused: /192.168.69.71:35462
	at sun.nio.ch.SocketChannelImpl.checkConnect(Native Method)
	at sun.nio.ch.SocketChannelImpl.finishConnect(SocketChannelImpl.java:717)
	at org.apache.ratis.thirdparty.io.netty.channel.socket.nio.NioSocketChannel.doFinishConnect(NioSocketChannel.java:327)
	at org.apache.ratis.thirdparty.io.netty.channel.nio.AbstractNioChannel$AbstractNioUnsafe.finishConnect(AbstractNioChannel.java:340)
	at org.apache.ratis.thirdparty.io.netty.channel.nio.NioEventLoop.processSelectedKey(NioEventLoop.java:632)
	at org.apache.ratis.thirdparty.io.netty.channel.nio.NioEventLoop.processSelectedKeysOptimized(NioEventLoop.java:579)
	at org.apache.ratis.thirdparty.io.netty.channel.nio.NioEventLoop.processSelectedKeys(NioEventLoop.java:496)
	at org.apache.ratis.thirdparty.io.netty.channel.nio.NioEventLoop.run(NioEventLoop.java:458)
	at org.apache.ratis.thirdparty.io.netty.util.concurrent.SingleThreadEventExecutor$5.run(SingleThreadEventExecutor.java:897)
	at org.apache.ratis.thirdparty.io.netty.util.concurrent.FastThreadLocalRunnable.run(FastThreadLocalRunnable.java:30)
	... 1 more
Caused by: java.net.ConnectException: Connection refused
	... 11 more
2019-10-19 01:14:48,476 [88be3607-7667-471c-9070-7dfd13eb5ac8@group-20FCFA0487C4-LeaderElection987] INFO  impl.RoleInfo (RoleInfo.java:shutdownLeaderElection(134)) - 88be3607-7667-471c-9070-7dfd13eb5ac8: shutdown LeaderElection
2019-10-19 01:14:48,476 [88be3607-7667-471c-9070-7dfd13eb5ac8@group-20FCFA0487C4-LeaderElection987] INFO  impl.RaftServerImpl (RaftServerImpl.java:setRole(184)) - 88be3607-7667-471c-9070-7dfd13eb5ac8@group-20FCFA0487C4: changes role from CANDIDATE to LEADER at term 191 for changeToLeader
2019-10-19 01:14:48,476 [88be3607-7667-471c-9070-7dfd13eb5ac8@group-20FCFA0487C4-LeaderElection987] INFO  impl.RaftServerImpl (ServerState.java:setLeader(256)) - 88be3607-7667-471c-9070-7dfd13eb5ac8@group-20FCFA0487C4: change Leader from null to 88be3607-7667-471c-9070-7dfd13eb5ac8 at term 191 for becomeLeader, leader elected after 26397ms
2019-10-19 01:14:48,476 [88be3607-7667-471c-9070-7dfd13eb5ac8@group-20FCFA0487C4-LeaderElection987] INFO  server.RaftServerConfigKeys (ConfUtils.java:logGet(43)) - raft.server.staging.catchup.gap = 1000 (default)
2019-10-19 01:14:48,476 [88be3607-7667-471c-9070-7dfd13eb5ac8@group-20FCFA0487C4-LeaderElection987] INFO  server.RaftServerConfigKeys (ConfUtils.java:logGet(43)) - raft.server.rpc.sleep.time = 25ms (default)
2019-10-19 01:14:48,477 [88be3607-7667-471c-9070-7dfd13eb5ac8@group-20FCFA0487C4-LeaderElection987] INFO  server.RaftServerConfigKeys (ConfUtils.java:logGet(43)) - raft.server.write.element-limit = 4096 (default)
2019-10-19 01:14:48,477 [88be3607-7667-471c-9070-7dfd13eb5ac8@group-20FCFA0487C4-LeaderElection987] INFO  server.RaftServerConfigKeys (ConfUtils.java:logGet(43)) - raft.server.watch.timeout = 10s (default)
2019-10-19 01:14:48,477 [88be3607-7667-471c-9070-7dfd13eb5ac8@group-20FCFA0487C4-LeaderElection987] INFO  server.RaftServerConfigKeys (ConfUtils.java:logGet(43)) - raft.server.watch.timeout.denomination = 1s (default)
2019-10-19 01:14:48,477 [88be3607-7667-471c-9070-7dfd13eb5ac8@group-20FCFA0487C4-LeaderElection987] INFO  server.RaftServerConfigKeys (ConfUtils.java:logGet(43)) - raft.server.watch.element-limit = 65536 (default)
2019-10-19 01:14:48,477 [88be3607-7667-471c-9070-7dfd13eb5ac8@group-20FCFA0487C4-LeaderElection987] INFO  server.RaftServerConfigKeys (ConfUtils.java:logGet(43)) - raft.server.log.appender.snapshot.chunk.size.max = 16MB (=16777216) (default)
2019-10-19 01:14:48,478 [88be3607-7667-471c-9070-7dfd13eb5ac8@group-20FCFA0487C4-LeaderElection987] INFO  server.RaftServerConfigKeys (ConfUtils.java:logGet(43)) - raft.server.log.appender.buffer.byte-limit = 33554432 (custom)
2019-10-19 01:14:48,478 [88be3607-7667-471c-9070-7dfd13eb5ac8@group-20FCFA0487C4-LeaderElection987] INFO  server.RaftServerConfigKeys (ConfUtils.java:logGet(43)) - raft.server.log.appender.buffer.element-limit = 1 (custom)
2019-10-19 01:14:48,478 [88be3607-7667-471c-9070-7dfd13eb5ac8@group-20FCFA0487C4-LeaderElection987] INFO  grpc.GrpcConfigKeys$Server (ConfUtils.java:logGet(43)) - raft.grpc.server.leader.outstanding.appends.max = 128 (default)
2019-10-19 01:14:48,478 [88be3607-7667-471c-9070-7dfd13eb5ac8@group-20FCFA0487C4-LeaderElection987] INFO  server.RaftServerConfigKeys (ConfUtils.java:logGet(43)) - raft.server.rpc.request.timeout = 3000ms (default)
2019-10-19 01:14:48,479 [88be3607-7667-471c-9070-7dfd13eb5ac8@group-20FCFA0487C4-LeaderElection987] INFO  server.RaftServerConfigKeys (ConfUtils.java:logGet(43)) - raft.server.log.appender.install.snapshot.enabled = false (custom)
2019-10-19 01:14:48,481 [88be3607-7667-471c-9070-7dfd13eb5ac8@group-20FCFA0487C4-LeaderElection987] INFO  server.RaftServerConfigKeys (ConfUtils.java:logGet(43)) - raft.server.log.appender.snapshot.chunk.size.max = 16MB (=16777216) (default)
2019-10-19 01:14:48,481 [88be3607-7667-471c-9070-7dfd13eb5ac8@group-20FCFA0487C4-LeaderElection987] INFO  server.RaftServerConfigKeys (ConfUtils.java:logGet(43)) - raft.server.log.appender.buffer.byte-limit = 33554432 (custom)
2019-10-19 01:14:48,482 [88be3607-7667-471c-9070-7dfd13eb5ac8@group-20FCFA0487C4-LeaderElection987] INFO  server.RaftServerConfigKeys (ConfUtils.java:logGet(43)) - raft.server.log.appender.buffer.element-limit = 1 (custom)
2019-10-19 01:14:48,482 [88be3607-7667-471c-9070-7dfd13eb5ac8@group-20FCFA0487C4-LeaderElection987] INFO  grpc.GrpcConfigKeys$Server (ConfUtils.java:logGet(43)) - raft.grpc.server.leader.outstanding.appends.max = 128 (default)
2019-10-19 01:14:48,482 [88be3607-7667-471c-9070-7dfd13eb5ac8@group-20FCFA0487C4-LeaderElection987] INFO  server.RaftServerConfigKeys (ConfUtils.java:logGet(43)) - raft.server.rpc.request.timeout = 3000ms (default)
2019-10-19 01:14:48,482 [88be3607-7667-471c-9070-7dfd13eb5ac8@group-20FCFA0487C4-LeaderElection987] INFO  server.RaftServerConfigKeys (ConfUtils.java:logGet(43)) - raft.server.log.appender.install.snapshot.enabled = false (custom)
2019-10-19 01:14:48,483 [88be3607-7667-471c-9070-7dfd13eb5ac8@group-20FCFA0487C4-LeaderElection987] INFO  impl.RoleInfo (RoleInfo.java:updateAndGet(143)) - 88be3607-7667-471c-9070-7dfd13eb5ac8: start LeaderState
2019-10-19 01:14:48,484 [88be3607-7667-471c-9070-7dfd13eb5ac8@group-20FCFA0487C4-LeaderElection987] INFO  segmented.SegmentedRaftLogWorker (SegmentedRaftLogWorker.java:rollLogSegment(390)) - 88be3607-7667-471c-9070-7dfd13eb5ac8@group-20FCFA0487C4-SegmentedRaftLogWorker: Rolling segment log-0_0 to index:0
2019-10-19 01:14:48,484 [88be3607-7667-471c-9070-7dfd13eb5ac8@group-20FCFA0487C4-SegmentedRaftLogWorker] INFO  segmented.SegmentedRaftLogWorker (SegmentedRaftLogWorker.java:execute(533)) - 88be3607-7667-471c-9070-7dfd13eb5ac8@group-20FCFA0487C4-SegmentedRaftLogWorker: Rolled log segment from /workdir/hadoop-ozone/integration-test/target/test-dir/MiniOzoneClusterImpl-2b25e22a-b484-4e93-9811-5f8cd4460e46/datanode-0/data/ratis/8f83394e-0d1b-40fa-ac78-20fcfa0487c4/current/log_inprogress_0 to /workdir/hadoop-ozone/integration-test/target/test-dir/MiniOzoneClusterImpl-2b25e22a-b484-4e93-9811-5f8cd4460e46/datanode-0/data/ratis/8f83394e-0d1b-40fa-ac78-20fcfa0487c4/current/log_0-0
2019-10-19 01:14:48,484 [88be3607-7667-471c-9070-7dfd13eb5ac8@group-20FCFA0487C4-LeaderElection987] INFO  impl.RaftServerImpl (ServerState.java:setRaftConf(357)) - 88be3607-7667-471c-9070-7dfd13eb5ac8@group-20FCFA0487C4: set configuration 1: [88be3607-7667-471c-9070-7dfd13eb5ac8:192.168.69.71:32925, 9c2d914d-67b1-4af9-8080-4d6ee007b506:192.168.69.71:35462, 61d0b7dc-5f8b-422f-8693-c58167224d24:192.168.69.71:43479], old=null at 1
2019-10-19 01:14:48,485 [grpc-default-executor-1] WARN  server.GrpcLogAppender (LogUtils.java:warn(134)) - 88be3607-7667-471c-9070-7dfd13eb5ac8@group-20FCFA0487C4->9c2d914d-67b1-4af9-8080-4d6ee007b506-AppendLogResponseHandler: Failed appendEntries: org.apache.ratis.thirdparty.io.grpc.StatusRuntimeException: UNAVAILABLE: io exception
2019-10-19 01:14:48,519 [grpc-default-executor-9] INFO  impl.RaftServerImpl (ServerState.java:setLeader(256)) - 61d0b7dc-5f8b-422f-8693-c58167224d24@group-20FCFA0487C4: change Leader from null to 88be3607-7667-471c-9070-7dfd13eb5ac8 at term 191 for appendEntries, leader elected after 26428ms
2019-10-19 01:14:48,520 [grpc-default-executor-1] INFO  impl.RaftServerImpl (ServerState.java:setRaftConf(357)) - 61d0b7dc-5f8b-422f-8693-c58167224d24@group-20FCFA0487C4: set configuration 1: [88be3607-7667-471c-9070-7dfd13eb5ac8:192.168.69.71:32925, 9c2d914d-67b1-4af9-8080-4d6ee007b506:192.168.69.71:35462, 61d0b7dc-5f8b-422f-8693-c58167224d24:192.168.69.71:43479], old=null at 1
2019-10-19 01:14:48,520 [grpc-default-executor-1] INFO  segmented.SegmentedRaftLogWorker (SegmentedRaftLogWorker.java:rollLogSegment(390)) - 61d0b7dc-5f8b-422f-8693-c58167224d24@group-20FCFA0487C4-SegmentedRaftLogWorker: Rolling segment log-0_0 to index:0
2019-10-19 01:14:48,521 [61d0b7dc-5f8b-422f-8693-c58167224d24@group-20FCFA0487C4-SegmentedRaftLogWorker] INFO  segmented.SegmentedRaftLogWorker (SegmentedRaftLogWorker.java:execute(533)) - 61d0b7dc-5f8b-422f-8693-c58167224d24@group-20FCFA0487C4-SegmentedRaftLogWorker: Rolled log segment from /workdir/hadoop-ozone/integration-test/target/test-dir/MiniOzoneClusterImpl-2b25e22a-b484-4e93-9811-5f8cd4460e46/datanode-1/data/ratis/8f83394e-0d1b-40fa-ac78-20fcfa0487c4/current/log_inprogress_0 to /workdir/hadoop-ozone/integration-test/target/test-dir/MiniOzoneClusterImpl-2b25e22a-b484-4e93-9811-5f8cd4460e46/datanode-1/data/ratis/8f83394e-0d1b-40fa-ac78-20fcfa0487c4/current/log_0-0
2019-10-19 01:14:48,530 [Thread-8837] INFO  impl.FollowerState (FollowerState.java:run(108)) - f143d5cf-4038-4fa8-8601-f5a45f16ca3e@group-A3037D40E172-FollowerState: change to CANDIDATE, lastRpcTime:168ms, electionTimeout:168ms
2019-10-19 01:14:48,530 [Thread-8837] INFO  impl.RoleInfo (RoleInfo.java:shutdownFollowerState(121)) - f143d5cf-4038-4fa8-8601-f5a45f16ca3e: shutdown FollowerState
2019-10-19 01:14:48,530 [Thread-8837] INFO  impl.RaftServerImpl (RaftServerImpl.java:setRole(184)) - f143d5cf-4038-4fa8-8601-f5a45f16ca3e@group-A3037D40E172: changes role from  FOLLOWER to CANDIDATE at term 209 for changeToCandidate
2019-10-19 01:14:48,530 [Thread-8837] INFO  impl.RoleInfo (RoleInfo.java:updateAndGet(143)) - f143d5cf-4038-4fa8-8601-f5a45f16ca3e: start LeaderElection
2019-10-19 01:14:48,543 [88be3607-7667-471c-9070-7dfd13eb5ac8@group-20FCFA0487C4-SegmentedRaftLogWorker] INFO  segmented.SegmentedRaftLogWorker (SegmentedRaftLogWorker.java:execute(576)) - 88be3607-7667-471c-9070-7dfd13eb5ac8@group-20FCFA0487C4-SegmentedRaftLogWorker: created new log segment /workdir/hadoop-ozone/integration-test/target/test-dir/MiniOzoneClusterImpl-2b25e22a-b484-4e93-9811-5f8cd4460e46/datanode-0/data/ratis/8f83394e-0d1b-40fa-ac78-20fcfa0487c4/current/log_inprogress_1
2019-10-19 01:14:48,559 [f143d5cf-4038-4fa8-8601-f5a45f16ca3e@group-A3037D40E172-LeaderElection988] INFO  impl.LeaderElection (LeaderElection.java:askForVotes(178)) - f143d5cf-4038-4fa8-8601-f5a45f16ca3e@group-A3037D40E172-LeaderElection988: begin an election at term 210 for -1: [f143d5cf-4038-4fa8-8601-f5a45f16ca3e:192.168.69.71:40169, 2543ffea-c5c6-4af0-856f-eb846bad755a:192.168.69.71:45287, 61d14648-e80d-4cd8-9e7c-6deb2f21aca8:192.168.69.71:42247], old=null
2019-10-19 01:14:48,560 [grpc-default-executor-1] INFO  impl.RaftServerImpl (RaftServerImpl.java:setRole(184)) - 2543ffea-c5c6-4af0-856f-eb846bad755a@group-A3037D40E172: changes role from  FOLLOWER to FOLLOWER at term 210 for recognizeCandidate:f143d5cf-4038-4fa8-8601-f5a45f16ca3e
2019-10-19 01:14:48,560 [grpc-default-executor-9] INFO  impl.RaftServerImpl (RaftServerImpl.java:setRole(184)) - 61d14648-e80d-4cd8-9e7c-6deb2f21aca8@group-A3037D40E172: changes role from  FOLLOWER to FOLLOWER at term 210 for recognizeCandidate:f143d5cf-4038-4fa8-8601-f5a45f16ca3e
2019-10-19 01:14:48,560 [grpc-default-executor-9] INFO  impl.RoleInfo (RoleInfo.java:shutdownFollowerState(121)) - 61d14648-e80d-4cd8-9e7c-6deb2f21aca8: shutdown FollowerState
2019-10-19 01:14:48,560 [grpc-default-executor-1] INFO  impl.RoleInfo (RoleInfo.java:shutdownFollowerState(121)) - 2543ffea-c5c6-4af0-856f-eb846bad755a: shutdown FollowerState
2019-10-19 01:14:48,560 [Thread-8835] INFO  impl.FollowerState (FollowerState.java:run(117)) - 61d14648-e80d-4cd8-9e7c-6deb2f21aca8@group-A3037D40E172-FollowerState was interrupted: java.lang.InterruptedException: sleep interrupted
2019-10-19 01:14:48,560 [grpc-default-executor-9] INFO  impl.RoleInfo (RoleInfo.java:updateAndGet(143)) - 61d14648-e80d-4cd8-9e7c-6deb2f21aca8: start FollowerState
2019-10-19 01:14:48,560 [Thread-8836] INFO  impl.FollowerState (FollowerState.java:run(117)) - 2543ffea-c5c6-4af0-856f-eb846bad755a@group-A3037D40E172-FollowerState was interrupted: java.lang.InterruptedException: sleep interrupted
2019-10-19 01:14:48,560 [grpc-default-executor-1] INFO  impl.RoleInfo (RoleInfo.java:updateAndGet(143)) - 2543ffea-c5c6-4af0-856f-eb846bad755a: start FollowerState
2019-10-19 01:14:48,572 [61d0b7dc-5f8b-422f-8693-c58167224d24@group-20FCFA0487C4-SegmentedRaftLogWorker] INFO  segmented.SegmentedRaftLogWorker (SegmentedRaftLogWorker.java:execute(576)) - 61d0b7dc-5f8b-422f-8693-c58167224d24@group-20FCFA0487C4-SegmentedRaftLogWorker: created new log segment /workdir/hadoop-ozone/integration-test/target/test-dir/MiniOzoneClusterImpl-2b25e22a-b484-4e93-9811-5f8cd4460e46/datanode-1/data/ratis/8f83394e-0d1b-40fa-ac78-20fcfa0487c4/current/log_inprogress_1
2019-10-19 01:14:48,573 [f143d5cf-4038-4fa8-8601-f5a45f16ca3e@group-A3037D40E172-LeaderElection988] INFO  impl.LeaderElection (LeaderElection.java:logAndReturn(56)) - f143d5cf-4038-4fa8-8601-f5a45f16ca3e@group-A3037D40E172-LeaderElection988: Election REJECTED; received 2 response(s) [f143d5cf-4038-4fa8-8601-f5a45f16ca3e<-2543ffea-c5c6-4af0-856f-eb846bad755a#0:FAIL-t210, f143d5cf-4038-4fa8-8601-f5a45f16ca3e<-61d14648-e80d-4cd8-9e7c-6deb2f21aca8#0:FAIL-t210] and 0 exception(s); f143d5cf-4038-4fa8-8601-f5a45f16ca3e@group-A3037D40E172:t210, leader=null, voted=f143d5cf-4038-4fa8-8601-f5a45f16ca3e, raftlog=f143d5cf-4038-4fa8-8601-f5a45f16ca3e@group-A3037D40E172-SegmentedRaftLog:OPENED:c-1,f-1,i0, conf=-1: [f143d5cf-4038-4fa8-8601-f5a45f16ca3e:192.168.69.71:40169, 2543ffea-c5c6-4af0-856f-eb846bad755a:192.168.69.71:45287, 61d14648-e80d-4cd8-9e7c-6deb2f21aca8:192.168.69.71:42247], old=null
2019-10-19 01:14:48,573 [f143d5cf-4038-4fa8-8601-f5a45f16ca3e@group-A3037D40E172-LeaderElection988] INFO  impl.RaftServerImpl (RaftServerImpl.java:setRole(184)) - f143d5cf-4038-4fa8-8601-f5a45f16ca3e@group-A3037D40E172: changes role from CANDIDATE to FOLLOWER at term 210 for DISCOVERED_A_NEW_TERM
2019-10-19 01:14:48,573 [f143d5cf-4038-4fa8-8601-f5a45f16ca3e@group-A3037D40E172-LeaderElection988] INFO  impl.RoleInfo (RoleInfo.java:shutdownLeaderElection(134)) - f143d5cf-4038-4fa8-8601-f5a45f16ca3e: shutdown LeaderElection
2019-10-19 01:14:48,573 [f143d5cf-4038-4fa8-8601-f5a45f16ca3e@group-A3037D40E172-LeaderElection988] INFO  impl.RoleInfo (RoleInfo.java:updateAndGet(143)) - f143d5cf-4038-4fa8-8601-f5a45f16ca3e: start FollowerState
2019-10-19 01:14:48,738 [Thread-8856] INFO  impl.FollowerState (FollowerState.java:run(108)) - f143d5cf-4038-4fa8-8601-f5a45f16ca3e@group-A3037D40E172-FollowerState: change to CANDIDATE, lastRpcTime:165ms, electionTimeout:165ms
2019-10-19 01:14:48,739 [Thread-8856] INFO  impl.RoleInfo (RoleInfo.java:shutdownFollowerState(121)) - f143d5cf-4038-4fa8-8601-f5a45f16ca3e: shutdown FollowerState
2019-10-19 01:14:48,739 [Thread-8856] INFO  impl.RaftServerImpl (RaftServerImpl.java:setRole(184)) - f143d5cf-4038-4fa8-8601-f5a45f16ca3e@group-A3037D40E172: changes role from  FOLLOWER to CANDIDATE at term 210 for changeToCandidate
2019-10-19 01:14:48,739 [Thread-8856] INFO  impl.RoleInfo (RoleInfo.java:updateAndGet(143)) - f143d5cf-4038-4fa8-8601-f5a45f16ca3e: start LeaderElection
2019-10-19 01:14:48,761 [f143d5cf-4038-4fa8-8601-f5a45f16ca3e@group-A3037D40E172-LeaderElection989] INFO  impl.LeaderElection (LeaderElection.java:askForVotes(178)) - f143d5cf-4038-4fa8-8601-f5a45f16ca3e@group-A3037D40E172-LeaderElection989: begin an election at term 211 for -1: [f143d5cf-4038-4fa8-8601-f5a45f16ca3e:192.168.69.71:40169, 2543ffea-c5c6-4af0-856f-eb846bad755a:192.168.69.71:45287, 61d14648-e80d-4cd8-9e7c-6deb2f21aca8:192.168.69.71:42247], old=null
2019-10-19 01:14:48,762 [grpc-default-executor-9] INFO  impl.RaftServerImpl (RaftServerImpl.java:setRole(184)) - 61d14648-e80d-4cd8-9e7c-6deb2f21aca8@group-A3037D40E172: changes role from  FOLLOWER to FOLLOWER at term 211 for recognizeCandidate:f143d5cf-4038-4fa8-8601-f5a45f16ca3e
2019-10-19 01:14:48,762 [grpc-default-executor-9] INFO  impl.RoleInfo (RoleInfo.java:shutdownFollowerState(121)) - 61d14648-e80d-4cd8-9e7c-6deb2f21aca8: shutdown FollowerState
2019-10-19 01:14:48,762 [grpc-default-executor-1] INFO  impl.RaftServerImpl (RaftServerImpl.java:setRole(184)) - 2543ffea-c5c6-4af0-856f-eb846bad755a@group-A3037D40E172: changes role from  FOLLOWER to FOLLOWER at term 211 for recognizeCandidate:f143d5cf-4038-4fa8-8601-f5a45f16ca3e
2019-10-19 01:14:48,762 [grpc-default-executor-1] INFO  impl.RoleInfo (RoleInfo.java:shutdownFollowerState(121)) - 2543ffea-c5c6-4af0-856f-eb846bad755a: shutdown FollowerState
2019-10-19 01:14:48,762 [grpc-default-executor-1] INFO  impl.RoleInfo (RoleInfo.java:updateAndGet(143)) - 2543ffea-c5c6-4af0-856f-eb846bad755a: start FollowerState
2019-10-19 01:14:48,762 [grpc-default-executor-9] INFO  impl.RoleInfo (RoleInfo.java:updateAndGet(143)) - 61d14648-e80d-4cd8-9e7c-6deb2f21aca8: start FollowerState
2019-10-19 01:14:48,763 [Thread-8854] INFO  impl.FollowerState (FollowerState.java:run(117)) - 2543ffea-c5c6-4af0-856f-eb846bad755a@group-A3037D40E172-FollowerState was interrupted: java.lang.InterruptedException: sleep interrupted
2019-10-19 01:14:48,762 [Thread-8853] INFO  impl.FollowerState (FollowerState.java:run(117)) - 61d14648-e80d-4cd8-9e7c-6deb2f21aca8@group-A3037D40E172-FollowerState was interrupted: java.lang.InterruptedException: sleep interrupted
2019-10-19 01:14:48,775 [f143d5cf-4038-4fa8-8601-f5a45f16ca3e@group-A3037D40E172-LeaderElection989] INFO  impl.LeaderElection (LeaderElection.java:logAndReturn(56)) - f143d5cf-4038-4fa8-8601-f5a45f16ca3e@group-A3037D40E172-LeaderElection989: Election REJECTED; received 2 response(s) [f143d5cf-4038-4fa8-8601-f5a45f16ca3e<-2543ffea-c5c6-4af0-856f-eb846bad755a#0:FAIL-t211, f143d5cf-4038-4fa8-8601-f5a45f16ca3e<-61d14648-e80d-4cd8-9e7c-6deb2f21aca8#0:FAIL-t211] and 0 exception(s); f143d5cf-4038-4fa8-8601-f5a45f16ca3e@group-A3037D40E172:t211, leader=null, voted=f143d5cf-4038-4fa8-8601-f5a45f16ca3e, raftlog=f143d5cf-4038-4fa8-8601-f5a45f16ca3e@group-A3037D40E172-SegmentedRaftLog:OPENED:c-1,f-1,i0, conf=-1: [f143d5cf-4038-4fa8-8601-f5a45f16ca3e:192.168.69.71:40169, 2543ffea-c5c6-4af0-856f-eb846bad755a:192.168.69.71:45287, 61d14648-e80d-4cd8-9e7c-6deb2f21aca8:192.168.69.71:42247], old=null
2019-10-19 01:14:48,776 [f143d5cf-4038-4fa8-8601-f5a45f16ca3e@group-A3037D40E172-LeaderElection989] INFO  impl.RaftServerImpl (RaftServerImpl.java:setRole(184)) - f143d5cf-4038-4fa8-8601-f5a45f16ca3e@group-A3037D40E172: changes role from CANDIDATE to FOLLOWER at term 211 for DISCOVERED_A_NEW_TERM
2019-10-19 01:14:48,776 [f143d5cf-4038-4fa8-8601-f5a45f16ca3e@group-A3037D40E172-LeaderElection989] INFO  impl.RoleInfo (RoleInfo.java:shutdownLeaderElection(134)) - f143d5cf-4038-4fa8-8601-f5a45f16ca3e: shutdown LeaderElection
2019-10-19 01:14:48,776 [f143d5cf-4038-4fa8-8601-f5a45f16ca3e@group-A3037D40E172-LeaderElection989] INFO  impl.RoleInfo (RoleInfo.java:updateAndGet(143)) - f143d5cf-4038-4fa8-8601-f5a45f16ca3e: start FollowerState
2019-10-19 01:14:48,910 [Thread-8863] INFO  impl.FollowerState (FollowerState.java:run(108)) - f143d5cf-4038-4fa8-8601-f5a45f16ca3e@group-A3037D40E172-FollowerState: change to CANDIDATE, lastRpcTime:134ms, electionTimeout:134ms
2019-10-19 01:14:48,910 [Thread-8863] INFO  impl.RoleInfo (RoleInfo.java:shutdownFollowerState(121)) - f143d5cf-4038-4fa8-8601-f5a45f16ca3e: shutdown FollowerState
2019-10-19 01:14:48,910 [Thread-8863] INFO  impl.RaftServerImpl (RaftServerImpl.java:setRole(184)) - f143d5cf-4038-4fa8-8601-f5a45f16ca3e@group-A3037D40E172: changes role from  FOLLOWER to CANDIDATE at term 211 for changeToCandidate
2019-10-19 01:14:48,910 [Thread-8863] INFO  impl.RoleInfo (RoleInfo.java:updateAndGet(143)) - f143d5cf-4038-4fa8-8601-f5a45f16ca3e: start LeaderElection
2019-10-19 01:14:48,931 [f143d5cf-4038-4fa8-8601-f5a45f16ca3e@group-A3037D40E172-LeaderElection990] INFO  impl.LeaderElection (LeaderElection.java:askForVotes(178)) - f143d5cf-4038-4fa8-8601-f5a45f16ca3e@group-A3037D40E172-LeaderElection990: begin an election at term 212 for -1: [f143d5cf-4038-4fa8-8601-f5a45f16ca3e:192.168.69.71:40169, 2543ffea-c5c6-4af0-856f-eb846bad755a:192.168.69.71:45287, 61d14648-e80d-4cd8-9e7c-6deb2f21aca8:192.168.69.71:42247], old=null
2019-10-19 01:14:48,932 [grpc-default-executor-9] INFO  impl.RaftServerImpl (RaftServerImpl.java:setRole(184)) - 2543ffea-c5c6-4af0-856f-eb846bad755a@group-A3037D40E172: changes role from  FOLLOWER to FOLLOWER at term 212 for recognizeCandidate:f143d5cf-4038-4fa8-8601-f5a45f16ca3e
2019-10-19 01:14:48,932 [grpc-default-executor-1] INFO  impl.RaftServerImpl (RaftServerImpl.java:setRole(184)) - 61d14648-e80d-4cd8-9e7c-6deb2f21aca8@group-A3037D40E172: changes role from  FOLLOWER to FOLLOWER at term 212 for recognizeCandidate:f143d5cf-4038-4fa8-8601-f5a45f16ca3e
2019-10-19 01:14:48,933 [grpc-default-executor-1] INFO  impl.RoleInfo (RoleInfo.java:shutdownFollowerState(121)) - 61d14648-e80d-4cd8-9e7c-6deb2f21aca8: shutdown FollowerState
2019-10-19 01:14:48,933 [grpc-default-executor-9] INFO  impl.RoleInfo (RoleInfo.java:shutdownFollowerState(121)) - 2543ffea-c5c6-4af0-856f-eb846bad755a: shutdown FollowerState
2019-10-19 01:14:48,933 [Thread-8861] INFO  impl.FollowerState (FollowerState.java:run(117)) - 61d14648-e80d-4cd8-9e7c-6deb2f21aca8@group-A3037D40E172-FollowerState was interrupted: java.lang.InterruptedException: sleep interrupted
2019-10-19 01:14:48,933 [grpc-default-executor-1] INFO  impl.RoleInfo (RoleInfo.java:updateAndGet(143)) - 61d14648-e80d-4cd8-9e7c-6deb2f21aca8: start FollowerState
2019-10-19 01:14:48,933 [Thread-8862] INFO  impl.FollowerState (FollowerState.java:run(117)) - 2543ffea-c5c6-4af0-856f-eb846bad755a@group-A3037D40E172-FollowerState was interrupted: java.lang.InterruptedException: sleep interrupted
2019-10-19 01:14:48,933 [grpc-default-executor-9] INFO  impl.RoleInfo (RoleInfo.java:updateAndGet(143)) - 2543ffea-c5c6-4af0-856f-eb846bad755a: start FollowerState
2019-10-19 01:14:48,939 [f143d5cf-4038-4fa8-8601-f5a45f16ca3e@group-A3037D40E172-LeaderElection990] INFO  impl.LeaderElection (LeaderElection.java:logAndReturn(56)) - f143d5cf-4038-4fa8-8601-f5a45f16ca3e@group-A3037D40E172-LeaderElection990: Election REJECTED; received 2 response(s) [f143d5cf-4038-4fa8-8601-f5a45f16ca3e<-2543ffea-c5c6-4af0-856f-eb846bad755a#0:FAIL-t212, f143d5cf-4038-4fa8-8601-f5a45f16ca3e<-61d14648-e80d-4cd8-9e7c-6deb2f21aca8#0:FAIL-t212] and 0 exception(s); f143d5cf-4038-4fa8-8601-f5a45f16ca3e@group-A3037D40E172:t212, leader=null, voted=f143d5cf-4038-4fa8-8601-f5a45f16ca3e, raftlog=f143d5cf-4038-4fa8-8601-f5a45f16ca3e@group-A3037D40E172-SegmentedRaftLog:OPENED:c-1,f-1,i0, conf=-1: [f143d5cf-4038-4fa8-8601-f5a45f16ca3e:192.168.69.71:40169, 2543ffea-c5c6-4af0-856f-eb846bad755a:192.168.69.71:45287, 61d14648-e80d-4cd8-9e7c-6deb2f21aca8:192.168.69.71:42247], old=null
2019-10-19 01:14:48,939 [f143d5cf-4038-4fa8-8601-f5a45f16ca3e@group-A3037D40E172-LeaderElection990] INFO  impl.RaftServerImpl (RaftServerImpl.java:setRole(184)) - f143d5cf-4038-4fa8-8601-f5a45f16ca3e@group-A3037D40E172: changes role from CANDIDATE to FOLLOWER at term 212 for DISCOVERED_A_NEW_TERM
2019-10-19 01:14:48,939 [f143d5cf-4038-4fa8-8601-f5a45f16ca3e@group-A3037D40E172-LeaderElection990] INFO  impl.RoleInfo (RoleInfo.java:shutdownLeaderElection(134)) - f143d5cf-4038-4fa8-8601-f5a45f16ca3e: shutdown LeaderElection
2019-10-19 01:14:48,939 [f143d5cf-4038-4fa8-8601-f5a45f16ca3e@group-A3037D40E172-LeaderElection990] INFO  impl.RoleInfo (RoleInfo.java:updateAndGet(143)) - f143d5cf-4038-4fa8-8601-f5a45f16ca3e: start FollowerState
2019-10-19 01:14:49,091 [Thread-8869] INFO  impl.FollowerState (FollowerState.java:run(108)) - f143d5cf-4038-4fa8-8601-f5a45f16ca3e@group-A3037D40E172-FollowerState: change to CANDIDATE, lastRpcTime:151ms, electionTimeout:151ms
2019-10-19 01:14:49,091 [Thread-8869] INFO  impl.RoleInfo (RoleInfo.java:shutdownFollowerState(121)) - f143d5cf-4038-4fa8-8601-f5a45f16ca3e: shutdown FollowerState
2019-10-19 01:14:49,091 [Thread-8869] INFO  impl.RaftServerImpl (RaftServerImpl.java:setRole(184)) - f143d5cf-4038-4fa8-8601-f5a45f16ca3e@group-A3037D40E172: changes role from  FOLLOWER to CANDIDATE at term 212 for changeToCandidate
2019-10-19 01:14:49,091 [Thread-8869] INFO  impl.RoleInfo (RoleInfo.java:updateAndGet(143)) - f143d5cf-4038-4fa8-8601-f5a45f16ca3e: start LeaderElection
2019-10-19 01:14:49,103 [f143d5cf-4038-4fa8-8601-f5a45f16ca3e@group-A3037D40E172-LeaderElection991] INFO  impl.LeaderElection (LeaderElection.java:askForVotes(178)) - f143d5cf-4038-4fa8-8601-f5a45f16ca3e@group-A3037D40E172-LeaderElection991: begin an election at term 213 for -1: [f143d5cf-4038-4fa8-8601-f5a45f16ca3e:192.168.69.71:40169, 2543ffea-c5c6-4af0-856f-eb846bad755a:192.168.69.71:45287, 61d14648-e80d-4cd8-9e7c-6deb2f21aca8:192.168.69.71:42247], old=null
2019-10-19 01:14:49,104 [grpc-default-executor-9] INFO  impl.RaftServerImpl (RaftServerImpl.java:setRole(184)) - 2543ffea-c5c6-4af0-856f-eb846bad755a@group-A3037D40E172: changes role from  FOLLOWER to FOLLOWER at term 213 for recognizeCandidate:f143d5cf-4038-4fa8-8601-f5a45f16ca3e
2019-10-19 01:14:49,104 [grpc-default-executor-1] INFO  impl.RaftServerImpl (RaftServerImpl.java:setRole(184)) - 61d14648-e80d-4cd8-9e7c-6deb2f21aca8@group-A3037D40E172: changes role from  FOLLOWER to FOLLOWER at term 213 for recognizeCandidate:f143d5cf-4038-4fa8-8601-f5a45f16ca3e
2019-10-19 01:14:49,104 [grpc-default-executor-1] INFO  impl.RoleInfo (RoleInfo.java:shutdownFollowerState(121)) - 61d14648-e80d-4cd8-9e7c-6deb2f21aca8: shutdown FollowerState
2019-10-19 01:14:49,104 [grpc-default-executor-9] INFO  impl.RoleInfo (RoleInfo.java:shutdownFollowerState(121)) - 2543ffea-c5c6-4af0-856f-eb846bad755a: shutdown FollowerState
2019-10-19 01:14:49,104 [Thread-8867] INFO  impl.FollowerState (FollowerState.java:run(117)) - 61d14648-e80d-4cd8-9e7c-6deb2f21aca8@group-A3037D40E172-FollowerState was interrupted: java.lang.InterruptedException: sleep interrupted
2019-10-19 01:14:49,104 [grpc-default-executor-1] INFO  impl.RoleInfo (RoleInfo.java:updateAndGet(143)) - 61d14648-e80d-4cd8-9e7c-6deb2f21aca8: start FollowerState
2019-10-19 01:14:49,105 [Thread-8868] INFO  impl.FollowerState (FollowerState.java:run(117)) - 2543ffea-c5c6-4af0-856f-eb846bad755a@group-A3037D40E172-FollowerState was interrupted: java.lang.InterruptedException: sleep interrupted
2019-10-19 01:14:49,104 [grpc-default-executor-9] INFO  impl.RoleInfo (RoleInfo.java:updateAndGet(143)) - 2543ffea-c5c6-4af0-856f-eb846bad755a: start FollowerState
2019-10-19 01:14:49,109 [f143d5cf-4038-4fa8-8601-f5a45f16ca3e@group-A3037D40E172-LeaderElection991] INFO  impl.LeaderElection (LeaderElection.java:logAndReturn(56)) - f143d5cf-4038-4fa8-8601-f5a45f16ca3e@group-A3037D40E172-LeaderElection991: Election TIMEOUT; received 0 response(s) [] and 0 exception(s); f143d5cf-4038-4fa8-8601-f5a45f16ca3e@group-A3037D40E172:t213, leader=null, voted=f143d5cf-4038-4fa8-8601-f5a45f16ca3e, raftlog=f143d5cf-4038-4fa8-8601-f5a45f16ca3e@group-A3037D40E172-SegmentedRaftLog:OPENED:c-1,f-1,i0, conf=-1: [f143d5cf-4038-4fa8-8601-f5a45f16ca3e:192.168.69.71:40169, 2543ffea-c5c6-4af0-856f-eb846bad755a:192.168.69.71:45287, 61d14648-e80d-4cd8-9e7c-6deb2f21aca8:192.168.69.71:42247], old=null
2019-10-19 01:14:49,128 [f143d5cf-4038-4fa8-8601-f5a45f16ca3e@group-A3037D40E172-LeaderElection991] INFO  impl.LeaderElection (LeaderElection.java:askForVotes(178)) - f143d5cf-4038-4fa8-8601-f5a45f16ca3e@group-A3037D40E172-LeaderElection991: begin an election at term 214 for -1: [f143d5cf-4038-4fa8-8601-f5a45f16ca3e:192.168.69.71:40169, 2543ffea-c5c6-4af0-856f-eb846bad755a:192.168.69.71:45287, 61d14648-e80d-4cd8-9e7c-6deb2f21aca8:192.168.69.71:42247], old=null
2019-10-19 01:14:49,128 [grpc-default-executor-1] INFO  impl.RaftServerImpl (RaftServerImpl.java:setRole(184)) - 2543ffea-c5c6-4af0-856f-eb846bad755a@group-A3037D40E172: changes role from  FOLLOWER to FOLLOWER at term 214 for recognizeCandidate:f143d5cf-4038-4fa8-8601-f5a45f16ca3e
2019-10-19 01:14:49,128 [grpc-default-executor-1] INFO  impl.RoleInfo (RoleInfo.java:shutdownFollowerState(121)) - 2543ffea-c5c6-4af0-856f-eb846bad755a: shutdown FollowerState
2019-10-19 01:14:49,128 [grpc-default-executor-1] INFO  impl.RoleInfo (RoleInfo.java:updateAndGet(143)) - 2543ffea-c5c6-4af0-856f-eb846bad755a: start FollowerState
2019-10-19 01:14:49,128 [grpc-default-executor-9] INFO  impl.RaftServerImpl (RaftServerImpl.java:setRole(184)) - 61d14648-e80d-4cd8-9e7c-6deb2f21aca8@group-A3037D40E172: changes role from  FOLLOWER to FOLLOWER at term 214 for recognizeCandidate:f143d5cf-4038-4fa8-8601-f5a45f16ca3e
2019-10-19 01:14:49,128 [Thread-8877] INFO  impl.FollowerState (FollowerState.java:run(117)) - 2543ffea-c5c6-4af0-856f-eb846bad755a@group-A3037D40E172-FollowerState was interrupted: java.lang.InterruptedException: sleep interrupted
2019-10-19 01:14:49,129 [grpc-default-executor-9] INFO  impl.RoleInfo (RoleInfo.java:shutdownFollowerState(121)) - 61d14648-e80d-4cd8-9e7c-6deb2f21aca8: shutdown FollowerState
2019-10-19 01:14:49,129 [grpc-default-executor-9] INFO  impl.RoleInfo (RoleInfo.java:updateAndGet(143)) - 61d14648-e80d-4cd8-9e7c-6deb2f21aca8: start FollowerState
2019-10-19 01:14:49,129 [Thread-8876] INFO  impl.FollowerState (FollowerState.java:run(117)) - 61d14648-e80d-4cd8-9e7c-6deb2f21aca8@group-A3037D40E172-FollowerState was interrupted: java.lang.InterruptedException: sleep interrupted
2019-10-19 01:14:49,148 [f143d5cf-4038-4fa8-8601-f5a45f16ca3e@group-A3037D40E172-LeaderElection991] INFO  impl.LeaderElection (LeaderElection.java:logAndReturn(56)) - f143d5cf-4038-4fa8-8601-f5a45f16ca3e@group-A3037D40E172-LeaderElection991: Election REJECTED; received 2 response(s) [f143d5cf-4038-4fa8-8601-f5a45f16ca3e<-2543ffea-c5c6-4af0-856f-eb846bad755a#0:FAIL-t214, f143d5cf-4038-4fa8-8601-f5a45f16ca3e<-61d14648-e80d-4cd8-9e7c-6deb2f21aca8#0:FAIL-t214] and 0 exception(s); f143d5cf-4038-4fa8-8601-f5a45f16ca3e@group-A3037D40E172:t214, leader=null, voted=f143d5cf-4038-4fa8-8601-f5a45f16ca3e, raftlog=f143d5cf-4038-4fa8-8601-f5a45f16ca3e@group-A3037D40E172-SegmentedRaftLog:OPENED:c-1,f-1,i0, conf=-1: [f143d5cf-4038-4fa8-8601-f5a45f16ca3e:192.168.69.71:40169, 2543ffea-c5c6-4af0-856f-eb846bad755a:192.168.69.71:45287, 61d14648-e80d-4cd8-9e7c-6deb2f21aca8:192.168.69.71:42247], old=null
2019-10-19 01:14:49,148 [f143d5cf-4038-4fa8-8601-f5a45f16ca3e@group-A3037D40E172-LeaderElection991] INFO  impl.RaftServerImpl (RaftServerImpl.java:setRole(184)) - f143d5cf-4038-4fa8-8601-f5a45f16ca3e@group-A3037D40E172: changes role from CANDIDATE to FOLLOWER at term 214 for DISCOVERED_A_NEW_TERM
2019-10-19 01:14:49,148 [f143d5cf-4038-4fa8-8601-f5a45f16ca3e@group-A3037D40E172-LeaderElection991] INFO  impl.RoleInfo (RoleInfo.java:shutdownLeaderElection(134)) - f143d5cf-4038-4fa8-8601-f5a45f16ca3e: shutdown LeaderElection
2019-10-19 01:14:49,148 [f143d5cf-4038-4fa8-8601-f5a45f16ca3e@group-A3037D40E172-LeaderElection991] INFO  impl.RoleInfo (RoleInfo.java:updateAndGet(143)) - f143d5cf-4038-4fa8-8601-f5a45f16ca3e: start FollowerState
2019-10-19 01:14:49,329 [Thread-8882] INFO  impl.FollowerState (FollowerState.java:run(108)) - f143d5cf-4038-4fa8-8601-f5a45f16ca3e@group-A3037D40E172-FollowerState: change to CANDIDATE, lastRpcTime:180ms, electionTimeout:180ms
2019-10-19 01:14:49,329 [Thread-8882] INFO  impl.RoleInfo (RoleInfo.java:shutdownFollowerState(121)) - f143d5cf-4038-4fa8-8601-f5a45f16ca3e: shutdown FollowerState
2019-10-19 01:14:49,329 [Thread-8882] INFO  impl.RaftServerImpl (RaftServerImpl.java:setRole(184)) - f143d5cf-4038-4fa8-8601-f5a45f16ca3e@group-A3037D40E172: changes role from  FOLLOWER to CANDIDATE at term 214 for changeToCandidate
2019-10-19 01:14:49,329 [Thread-8882] INFO  impl.RoleInfo (RoleInfo.java:updateAndGet(143)) - f143d5cf-4038-4fa8-8601-f5a45f16ca3e: start LeaderElection
2019-10-19 01:14:49,343 [f143d5cf-4038-4fa8-8601-f5a45f16ca3e@group-A3037D40E172-LeaderElection992] INFO  impl.LeaderElection (LeaderElection.java:askForVotes(178)) - f143d5cf-4038-4fa8-8601-f5a45f16ca3e@group-A3037D40E172-LeaderElection992: begin an election at term 215 for -1: [f143d5cf-4038-4fa8-8601-f5a45f16ca3e:192.168.69.71:40169, 2543ffea-c5c6-4af0-856f-eb846bad755a:192.168.69.71:45287, 61d14648-e80d-4cd8-9e7c-6deb2f21aca8:192.168.69.71:42247], old=null
2019-10-19 01:14:49,345 [grpc-default-executor-1] INFO  impl.RaftServerImpl (RaftServerImpl.java:setRole(184)) - 61d14648-e80d-4cd8-9e7c-6deb2f21aca8@group-A3037D40E172: changes role from  FOLLOWER to FOLLOWER at term 215 for recognizeCandidate:f143d5cf-4038-4fa8-8601-f5a45f16ca3e
2019-10-19 01:14:49,345 [grpc-default-executor-1] INFO  impl.RoleInfo (RoleInfo.java:shutdownFollowerState(121)) - 61d14648-e80d-4cd8-9e7c-6deb2f21aca8: shutdown FollowerState
2019-10-19 01:14:49,345 [grpc-default-executor-9] INFO  impl.RaftServerImpl (RaftServerImpl.java:setRole(184)) - 2543ffea-c5c6-4af0-856f-eb846bad755a@group-A3037D40E172: changes role from  FOLLOWER to FOLLOWER at term 215 for recognizeCandidate:f143d5cf-4038-4fa8-8601-f5a45f16ca3e
2019-10-19 01:14:49,345 [Thread-8881] INFO  impl.FollowerState (FollowerState.java:run(117)) - 61d14648-e80d-4cd8-9e7c-6deb2f21aca8@group-A3037D40E172-FollowerState was interrupted: java.lang.InterruptedException: sleep interrupted
2019-10-19 01:14:49,345 [grpc-default-executor-1] INFO  impl.RoleInfo (RoleInfo.java:updateAndGet(143)) - 61d14648-e80d-4cd8-9e7c-6deb2f21aca8: start FollowerState
2019-10-19 01:14:49,345 [grpc-default-executor-9] INFO  impl.RoleInfo (RoleInfo.java:shutdownFollowerState(121)) - 2543ffea-c5c6-4af0-856f-eb846bad755a: shutdown FollowerState
2019-10-19 01:14:49,345 [grpc-default-executor-9] INFO  impl.RoleInfo (RoleInfo.java:updateAndGet(143)) - 2543ffea-c5c6-4af0-856f-eb846bad755a: start FollowerState
2019-10-19 01:14:49,345 [Thread-8880] INFO  impl.FollowerState (FollowerState.java:run(117)) - 2543ffea-c5c6-4af0-856f-eb846bad755a@group-A3037D40E172-FollowerState was interrupted: java.lang.InterruptedException: sleep interrupted
2019-10-19 01:14:49,357 [f143d5cf-4038-4fa8-8601-f5a45f16ca3e@group-A3037D40E172-LeaderElection992] INFO  impl.LeaderElection (LeaderElection.java:logAndReturn(56)) - f143d5cf-4038-4fa8-8601-f5a45f16ca3e@group-A3037D40E172-LeaderElection992: Election REJECTED; received 2 response(s) [f143d5cf-4038-4fa8-8601-f5a45f16ca3e<-2543ffea-c5c6-4af0-856f-eb846bad755a#0:FAIL-t215, f143d5cf-4038-4fa8-8601-f5a45f16ca3e<-61d14648-e80d-4cd8-9e7c-6deb2f21aca8#0:FAIL-t215] and 0 exception(s); f143d5cf-4038-4fa8-8601-f5a45f16ca3e@group-A3037D40E172:t215, leader=null, voted=f143d5cf-4038-4fa8-8601-f5a45f16ca3e, raftlog=f143d5cf-4038-4fa8-8601-f5a45f16ca3e@group-A3037D40E172-SegmentedRaftLog:OPENED:c-1,f-1,i0, conf=-1: [f143d5cf-4038-4fa8-8601-f5a45f16ca3e:192.168.69.71:40169, 2543ffea-c5c6-4af0-856f-eb846bad755a:192.168.69.71:45287, 61d14648-e80d-4cd8-9e7c-6deb2f21aca8:192.168.69.71:42247], old=null
2019-10-19 01:14:49,357 [f143d5cf-4038-4fa8-8601-f5a45f16ca3e@group-A3037D40E172-LeaderElection992] INFO  impl.RaftServerImpl (RaftServerImpl.java:setRole(184)) - f143d5cf-4038-4fa8-8601-f5a45f16ca3e@group-A3037D40E172: changes role from CANDIDATE to FOLLOWER at term 215 for DISCOVERED_A_NEW_TERM
2019-10-19 01:14:49,357 [f143d5cf-4038-4fa8-8601-f5a45f16ca3e@group-A3037D40E172-LeaderElection992] INFO  impl.RoleInfo (RoleInfo.java:shutdownLeaderElection(134)) - f143d5cf-4038-4fa8-8601-f5a45f16ca3e: shutdown LeaderElection
2019-10-19 01:14:49,357 [f143d5cf-4038-4fa8-8601-f5a45f16ca3e@group-A3037D40E172-LeaderElection992] INFO  impl.RoleInfo (RoleInfo.java:updateAndGet(143)) - f143d5cf-4038-4fa8-8601-f5a45f16ca3e: start FollowerState
2019-10-19 01:14:49,549 [Thread-8888] INFO  impl.FollowerState (FollowerState.java:run(108)) - f143d5cf-4038-4fa8-8601-f5a45f16ca3e@group-A3037D40E172-FollowerState: change to CANDIDATE, lastRpcTime:192ms, electionTimeout:191ms
2019-10-19 01:14:49,550 [Thread-8888] INFO  impl.RoleInfo (RoleInfo.java:shutdownFollowerState(121)) - f143d5cf-4038-4fa8-8601-f5a45f16ca3e: shutdown FollowerState
2019-10-19 01:14:49,550 [Thread-8888] INFO  impl.RaftServerImpl (RaftServerImpl.java:setRole(184)) - f143d5cf-4038-4fa8-8601-f5a45f16ca3e@group-A3037D40E172: changes role from  FOLLOWER to CANDIDATE at term 215 for changeToCandidate
2019-10-19 01:14:49,550 [Thread-8888] INFO  impl.RoleInfo (RoleInfo.java:updateAndGet(143)) - f143d5cf-4038-4fa8-8601-f5a45f16ca3e: start LeaderElection
2019-10-19 01:14:49,563 [f143d5cf-4038-4fa8-8601-f5a45f16ca3e@group-A3037D40E172-LeaderElection993] INFO  impl.LeaderElection (LeaderElection.java:askForVotes(178)) - f143d5cf-4038-4fa8-8601-f5a45f16ca3e@group-A3037D40E172-LeaderElection993: begin an election at term 216 for -1: [f143d5cf-4038-4fa8-8601-f5a45f16ca3e:192.168.69.71:40169, 2543ffea-c5c6-4af0-856f-eb846bad755a:192.168.69.71:45287, 61d14648-e80d-4cd8-9e7c-6deb2f21aca8:192.168.69.71:42247], old=null
2019-10-19 01:14:49,564 [grpc-default-executor-1] INFO  impl.RaftServerImpl (RaftServerImpl.java:setRole(184)) - 61d14648-e80d-4cd8-9e7c-6deb2f21aca8@group-A3037D40E172: changes role from  FOLLOWER to FOLLOWER at term 216 for recognizeCandidate:f143d5cf-4038-4fa8-8601-f5a45f16ca3e
2019-10-19 01:14:49,564 [grpc-default-executor-9] INFO  impl.RaftServerImpl (RaftServerImpl.java:setRole(184)) - 2543ffea-c5c6-4af0-856f-eb846bad755a@group-A3037D40E172: changes role from  FOLLOWER to FOLLOWER at term 216 for recognizeCandidate:f143d5cf-4038-4fa8-8601-f5a45f16ca3e
2019-10-19 01:14:49,564 [grpc-default-executor-1] INFO  impl.RoleInfo (RoleInfo.java:shutdownFollowerState(121)) - 61d14648-e80d-4cd8-9e7c-6deb2f21aca8: shutdown FollowerState
2019-10-19 01:14:49,564 [grpc-default-executor-9] INFO  impl.RoleInfo (RoleInfo.java:shutdownFollowerState(121)) - 2543ffea-c5c6-4af0-856f-eb846bad755a: shutdown FollowerState
2019-10-19 01:14:49,564 [Thread-8886] INFO  impl.FollowerState (FollowerState.java:run(117)) - 61d14648-e80d-4cd8-9e7c-6deb2f21aca8@group-A3037D40E172-FollowerState was interrupted: java.lang.InterruptedException: sleep interrupted
2019-10-19 01:14:49,564 [Thread-8887] INFO  impl.FollowerState (FollowerState.java:run(117)) - 2543ffea-c5c6-4af0-856f-eb846bad755a@group-A3037D40E172-FollowerState was interrupted: java.lang.InterruptedException: sleep interrupted
2019-10-19 01:14:49,564 [grpc-default-executor-9] INFO  impl.RoleInfo (RoleInfo.java:updateAndGet(143)) - 2543ffea-c5c6-4af0-856f-eb846bad755a: start FollowerState
2019-10-19 01:14:49,564 [grpc-default-executor-1] INFO  impl.RoleInfo (RoleInfo.java:updateAndGet(143)) - 61d14648-e80d-4cd8-9e7c-6deb2f21aca8: start FollowerState
2019-10-19 01:14:49,578 [f143d5cf-4038-4fa8-8601-f5a45f16ca3e@group-A3037D40E172-LeaderElection993] INFO  impl.LeaderElection (LeaderElection.java:logAndReturn(56)) - f143d5cf-4038-4fa8-8601-f5a45f16ca3e@group-A3037D40E172-LeaderElection993: Election REJECTED; received 2 response(s) [f143d5cf-4038-4fa8-8601-f5a45f16ca3e<-2543ffea-c5c6-4af0-856f-eb846bad755a#0:FAIL-t216, f143d5cf-4038-4fa8-8601-f5a45f16ca3e<-61d14648-e80d-4cd8-9e7c-6deb2f21aca8#0:FAIL-t216] and 0 exception(s); f143d5cf-4038-4fa8-8601-f5a45f16ca3e@group-A3037D40E172:t216, leader=null, voted=f143d5cf-4038-4fa8-8601-f5a45f16ca3e, raftlog=f143d5cf-4038-4fa8-8601-f5a45f16ca3e@group-A3037D40E172-SegmentedRaftLog:OPENED:c-1,f-1,i0, conf=-1: [f143d5cf-4038-4fa8-8601-f5a45f16ca3e:192.168.69.71:40169, 2543ffea-c5c6-4af0-856f-eb846bad755a:192.168.69.71:45287, 61d14648-e80d-4cd8-9e7c-6deb2f21aca8:192.168.69.71:42247], old=null
2019-10-19 01:14:49,579 [f143d5cf-4038-4fa8-8601-f5a45f16ca3e@group-A3037D40E172-LeaderElection993] INFO  impl.RaftServerImpl (RaftServerImpl.java:setRole(184)) - f143d5cf-4038-4fa8-8601-f5a45f16ca3e@group-A3037D40E172: changes role from CANDIDATE to FOLLOWER at term 216 for DISCOVERED_A_NEW_TERM
2019-10-19 01:14:49,579 [f143d5cf-4038-4fa8-8601-f5a45f16ca3e@group-A3037D40E172-LeaderElection993] INFO  impl.RoleInfo (RoleInfo.java:shutdownLeaderElection(134)) - f143d5cf-4038-4fa8-8601-f5a45f16ca3e: shutdown LeaderElection
2019-10-19 01:14:49,579 [f143d5cf-4038-4fa8-8601-f5a45f16ca3e@group-A3037D40E172-LeaderElection993] INFO  impl.RoleInfo (RoleInfo.java:updateAndGet(143)) - f143d5cf-4038-4fa8-8601-f5a45f16ca3e: start FollowerState
2019-10-19 01:14:49,769 [Thread-8896] INFO  impl.FollowerState (FollowerState.java:run(108)) - f143d5cf-4038-4fa8-8601-f5a45f16ca3e@group-A3037D40E172-FollowerState: change to CANDIDATE, lastRpcTime:190ms, electionTimeout:190ms
2019-10-19 01:14:49,769 [Thread-8896] INFO  impl.RoleInfo (RoleInfo.java:shutdownFollowerState(121)) - f143d5cf-4038-4fa8-8601-f5a45f16ca3e: shutdown FollowerState
2019-10-19 01:14:49,769 [Thread-8896] INFO  impl.RaftServerImpl (RaftServerImpl.java:setRole(184)) - f143d5cf-4038-4fa8-8601-f5a45f16ca3e@group-A3037D40E172: changes role from  FOLLOWER to CANDIDATE at term 216 for changeToCandidate
2019-10-19 01:14:49,770 [Thread-8896] INFO  impl.RoleInfo (RoleInfo.java:updateAndGet(143)) - f143d5cf-4038-4fa8-8601-f5a45f16ca3e: start LeaderElection
2019-10-19 01:14:49,792 [f143d5cf-4038-4fa8-8601-f5a45f16ca3e@group-A3037D40E172-LeaderElection994] INFO  impl.LeaderElection (LeaderElection.java:askForVotes(178)) - f143d5cf-4038-4fa8-8601-f5a45f16ca3e@group-A3037D40E172-LeaderElection994: begin an election at term 217 for -1: [f143d5cf-4038-4fa8-8601-f5a45f16ca3e:192.168.69.71:40169, 2543ffea-c5c6-4af0-856f-eb846bad755a:192.168.69.71:45287, 61d14648-e80d-4cd8-9e7c-6deb2f21aca8:192.168.69.71:42247], old=null
2019-10-19 01:14:49,793 [grpc-default-executor-1] INFO  impl.RaftServerImpl (RaftServerImpl.java:setRole(184)) - 2543ffea-c5c6-4af0-856f-eb846bad755a@group-A3037D40E172: changes role from  FOLLOWER to FOLLOWER at term 217 for recognizeCandidate:f143d5cf-4038-4fa8-8601-f5a45f16ca3e
2019-10-19 01:14:49,793 [grpc-default-executor-9] INFO  impl.RaftServerImpl (RaftServerImpl.java:setRole(184)) - 61d14648-e80d-4cd8-9e7c-6deb2f21aca8@group-A3037D40E172: changes role from  FOLLOWER to FOLLOWER at term 217 for recognizeCandidate:f143d5cf-4038-4fa8-8601-f5a45f16ca3e
2019-10-19 01:14:49,793 [grpc-default-executor-9] INFO  impl.RoleInfo (RoleInfo.java:shutdownFollowerState(121)) - 61d14648-e80d-4cd8-9e7c-6deb2f21aca8: shutdown FollowerState
2019-10-19 01:14:49,793 [grpc-default-executor-1] INFO  impl.RoleInfo (RoleInfo.java:shutdownFollowerState(121)) - 2543ffea-c5c6-4af0-856f-eb846bad755a: shutdown FollowerState
2019-10-19 01:14:49,793 [Thread-8894] INFO  impl.FollowerState (FollowerState.java:run(117)) - 61d14648-e80d-4cd8-9e7c-6deb2f21aca8@group-A3037D40E172-FollowerState was interrupted: java.lang.InterruptedException: sleep interrupted
2019-10-19 01:14:49,793 [grpc-default-executor-9] INFO  impl.RoleInfo (RoleInfo.java:updateAndGet(143)) - 61d14648-e80d-4cd8-9e7c-6deb2f21aca8: start FollowerState
2019-10-19 01:14:49,793 [grpc-default-executor-1] INFO  impl.RoleInfo (RoleInfo.java:updateAndGet(143)) - 2543ffea-c5c6-4af0-856f-eb846bad755a: start FollowerState
2019-10-19 01:14:49,793 [Thread-8895] INFO  impl.FollowerState (FollowerState.java:run(117)) - 2543ffea-c5c6-4af0-856f-eb846bad755a@group-A3037D40E172-FollowerState was interrupted: java.lang.InterruptedException: sleep interrupted
2019-10-19 01:14:49,820 [f143d5cf-4038-4fa8-8601-f5a45f16ca3e@group-A3037D40E172-LeaderElection994] INFO  impl.LeaderElection (LeaderElection.java:logAndReturn(56)) - f143d5cf-4038-4fa8-8601-f5a45f16ca3e@group-A3037D40E172-LeaderElection994: Election REJECTED; received 2 response(s) [f143d5cf-4038-4fa8-8601-f5a45f16ca3e<-2543ffea-c5c6-4af0-856f-eb846bad755a#0:FAIL-t217, f143d5cf-4038-4fa8-8601-f5a45f16ca3e<-61d14648-e80d-4cd8-9e7c-6deb2f21aca8#0:FAIL-t217] and 0 exception(s); f143d5cf-4038-4fa8-8601-f5a45f16ca3e@group-A3037D40E172:t217, leader=null, voted=f143d5cf-4038-4fa8-8601-f5a45f16ca3e, raftlog=f143d5cf-4038-4fa8-8601-f5a45f16ca3e@group-A3037D40E172-SegmentedRaftLog:OPENED:c-1,f-1,i0, conf=-1: [f143d5cf-4038-4fa8-8601-f5a45f16ca3e:192.168.69.71:40169, 2543ffea-c5c6-4af0-856f-eb846bad755a:192.168.69.71:45287, 61d14648-e80d-4cd8-9e7c-6deb2f21aca8:192.168.69.71:42247], old=null
2019-10-19 01:14:49,820 [f143d5cf-4038-4fa8-8601-f5a45f16ca3e@group-A3037D40E172-LeaderElection994] INFO  impl.RaftServerImpl (RaftServerImpl.java:setRole(184)) - f143d5cf-4038-4fa8-8601-f5a45f16ca3e@group-A3037D40E172: changes role from CANDIDATE to FOLLOWER at term 217 for DISCOVERED_A_NEW_TERM
2019-10-19 01:14:49,820 [f143d5cf-4038-4fa8-8601-f5a45f16ca3e@group-A3037D40E172-LeaderElection994] INFO  impl.RoleInfo (RoleInfo.java:shutdownLeaderElection(134)) - f143d5cf-4038-4fa8-8601-f5a45f16ca3e: shutdown LeaderElection
2019-10-19 01:14:49,820 [f143d5cf-4038-4fa8-8601-f5a45f16ca3e@group-A3037D40E172-LeaderElection994] INFO  impl.RoleInfo (RoleInfo.java:updateAndGet(143)) - f143d5cf-4038-4fa8-8601-f5a45f16ca3e: start FollowerState
2019-10-19 01:14:49,971 [Thread-8903] INFO  impl.FollowerState (FollowerState.java:run(108)) - f143d5cf-4038-4fa8-8601-f5a45f16ca3e@group-A3037D40E172-FollowerState: change to CANDIDATE, lastRpcTime:151ms, electionTimeout:151ms
2019-10-19 01:14:49,972 [Thread-8903] INFO  impl.RoleInfo (RoleInfo.java:shutdownFollowerState(121)) - f143d5cf-4038-4fa8-8601-f5a45f16ca3e: shutdown FollowerState
2019-10-19 01:14:49,972 [Thread-8903] INFO  impl.RaftServerImpl (RaftServerImpl.java:setRole(184)) - f143d5cf-4038-4fa8-8601-f5a45f16ca3e@group-A3037D40E172: changes role from  FOLLOWER to CANDIDATE at term 217 for changeToCandidate
2019-10-19 01:14:49,972 [Thread-8903] INFO  impl.RoleInfo (RoleInfo.java:updateAndGet(143)) - f143d5cf-4038-4fa8-8601-f5a45f16ca3e: start LeaderElection
2019-10-19 01:14:49,987 [f143d5cf-4038-4fa8-8601-f5a45f16ca3e@group-A3037D40E172-LeaderElection995] INFO  impl.LeaderElection (LeaderElection.java:askForVotes(178)) - f143d5cf-4038-4fa8-8601-f5a45f16ca3e@group-A3037D40E172-LeaderElection995: begin an election at term 218 for -1: [f143d5cf-4038-4fa8-8601-f5a45f16ca3e:192.168.69.71:40169, 2543ffea-c5c6-4af0-856f-eb846bad755a:192.168.69.71:45287, 61d14648-e80d-4cd8-9e7c-6deb2f21aca8:192.168.69.71:42247], old=null
2019-10-19 01:14:49,988 [grpc-default-executor-9] INFO  impl.RaftServerImpl (RaftServerImpl.java:setRole(184)) - 61d14648-e80d-4cd8-9e7c-6deb2f21aca8@group-A3037D40E172: changes role from  FOLLOWER to FOLLOWER at term 218 for recognizeCandidate:f143d5cf-4038-4fa8-8601-f5a45f16ca3e
2019-10-19 01:14:49,988 [grpc-default-executor-1] INFO  impl.RaftServerImpl (RaftServerImpl.java:setRole(184)) - 2543ffea-c5c6-4af0-856f-eb846bad755a@group-A3037D40E172: changes role from  FOLLOWER to FOLLOWER at term 218 for recognizeCandidate:f143d5cf-4038-4fa8-8601-f5a45f16ca3e
2019-10-19 01:14:49,988 [grpc-default-executor-9] INFO  impl.RoleInfo (RoleInfo.java:shutdownFollowerState(121)) - 61d14648-e80d-4cd8-9e7c-6deb2f21aca8: shutdown FollowerState
2019-10-19 01:14:49,988 [grpc-default-executor-1] INFO  impl.RoleInfo (RoleInfo.java:shutdownFollowerState(121)) - 2543ffea-c5c6-4af0-856f-eb846bad755a: shutdown FollowerState
2019-10-19 01:14:49,988 [Thread-8901] INFO  impl.FollowerState (FollowerState.java:run(117)) - 61d14648-e80d-4cd8-9e7c-6deb2f21aca8@group-A3037D40E172-FollowerState was interrupted: java.lang.InterruptedException: sleep interrupted
2019-10-19 01:14:49,988 [grpc-default-executor-9] INFO  impl.RoleInfo (RoleInfo.java:updateAndGet(143)) - 61d14648-e80d-4cd8-9e7c-6deb2f21aca8: start FollowerState
2019-10-19 01:14:49,988 [Thread-8902] INFO  impl.FollowerState (FollowerState.java:run(117)) - 2543ffea-c5c6-4af0-856f-eb846bad755a@group-A3037D40E172-FollowerState was interrupted: java.lang.InterruptedException: sleep interrupted
2019-10-19 01:14:49,988 [grpc-default-executor-1] INFO  impl.RoleInfo (RoleInfo.java:updateAndGet(143)) - 2543ffea-c5c6-4af0-856f-eb846bad755a: start FollowerState
2019-10-19 01:14:50,002 [f143d5cf-4038-4fa8-8601-f5a45f16ca3e@group-A3037D40E172-LeaderElection995] INFO  impl.LeaderElection (LeaderElection.java:logAndReturn(56)) - f143d5cf-4038-4fa8-8601-f5a45f16ca3e@group-A3037D40E172-LeaderElection995: Election REJECTED; received 2 response(s) [f143d5cf-4038-4fa8-8601-f5a45f16ca3e<-2543ffea-c5c6-4af0-856f-eb846bad755a#0:FAIL-t218, f143d5cf-4038-4fa8-8601-f5a45f16ca3e<-61d14648-e80d-4cd8-9e7c-6deb2f21aca8#0:FAIL-t218] and 0 exception(s); f143d5cf-4038-4fa8-8601-f5a45f16ca3e@group-A3037D40E172:t218, leader=null, voted=f143d5cf-4038-4fa8-8601-f5a45f16ca3e, raftlog=f143d5cf-4038-4fa8-8601-f5a45f16ca3e@group-A3037D40E172-SegmentedRaftLog:OPENED:c-1,f-1,i0, conf=-1: [f143d5cf-4038-4fa8-8601-f5a45f16ca3e:192.168.69.71:40169, 2543ffea-c5c6-4af0-856f-eb846bad755a:192.168.69.71:45287, 61d14648-e80d-4cd8-9e7c-6deb2f21aca8:192.168.69.71:42247], old=null
2019-10-19 01:14:50,002 [f143d5cf-4038-4fa8-8601-f5a45f16ca3e@group-A3037D40E172-LeaderElection995] INFO  impl.RaftServerImpl (RaftServerImpl.java:setRole(184)) - f143d5cf-4038-4fa8-8601-f5a45f16ca3e@group-A3037D40E172: changes role from CANDIDATE to FOLLOWER at term 218 for DISCOVERED_A_NEW_TERM
2019-10-19 01:14:50,002 [f143d5cf-4038-4fa8-8601-f5a45f16ca3e@group-A3037D40E172-LeaderElection995] INFO  impl.RoleInfo (RoleInfo.java:shutdownLeaderElection(134)) - f143d5cf-4038-4fa8-8601-f5a45f16ca3e: shutdown LeaderElection
2019-10-19 01:14:50,002 [f143d5cf-4038-4fa8-8601-f5a45f16ca3e@group-A3037D40E172-LeaderElection995] INFO  impl.RoleInfo (RoleInfo.java:updateAndGet(143)) - f143d5cf-4038-4fa8-8601-f5a45f16ca3e: start FollowerState
2019-10-19 01:14:50,097 [Thread-8909] INFO  impl.FollowerState (FollowerState.java:run(108)) - f143d5cf-4038-4fa8-8601-f5a45f16ca3e@group-A3037D40E172-FollowerState: change to CANDIDATE, lastRpcTime:94ms, electionTimeout:94ms
2019-10-19 01:14:50,097 [Thread-8909] INFO  impl.RoleInfo (RoleInfo.java:shutdownFollowerState(121)) - f143d5cf-4038-4fa8-8601-f5a45f16ca3e: shutdown FollowerState
2019-10-19 01:14:50,097 [Thread-8909] INFO  impl.RaftServerImpl (RaftServerImpl.java:setRole(184)) - f143d5cf-4038-4fa8-8601-f5a45f16ca3e@group-A3037D40E172: changes role from  FOLLOWER to CANDIDATE at term 218 for changeToCandidate
2019-10-19 01:14:50,097 [Thread-8909] INFO  impl.RoleInfo (RoleInfo.java:updateAndGet(143)) - f143d5cf-4038-4fa8-8601-f5a45f16ca3e: start LeaderElection
2019-10-19 01:14:50,111 [f143d5cf-4038-4fa8-8601-f5a45f16ca3e@group-A3037D40E172-LeaderElection996] INFO  impl.LeaderElection (LeaderElection.java:askForVotes(178)) - f143d5cf-4038-4fa8-8601-f5a45f16ca3e@group-A3037D40E172-LeaderElection996: begin an election at term 219 for -1: [f143d5cf-4038-4fa8-8601-f5a45f16ca3e:192.168.69.71:40169, 2543ffea-c5c6-4af0-856f-eb846bad755a:192.168.69.71:45287, 61d14648-e80d-4cd8-9e7c-6deb2f21aca8:192.168.69.71:42247], old=null
2019-10-19 01:14:50,112 [grpc-default-executor-1] INFO  impl.RaftServerImpl (RaftServerImpl.java:setRole(184)) - 2543ffea-c5c6-4af0-856f-eb846bad755a@group-A3037D40E172: changes role from  FOLLOWER to FOLLOWER at term 219 for recognizeCandidate:f143d5cf-4038-4fa8-8601-f5a45f16ca3e
2019-10-19 01:14:50,112 [grpc-default-executor-1] INFO  impl.RoleInfo (RoleInfo.java:shutdownFollowerState(121)) - 2543ffea-c5c6-4af0-856f-eb846bad755a: shutdown FollowerState
2019-10-19 01:14:50,112 [grpc-default-executor-9] INFO  impl.RaftServerImpl (RaftServerImpl.java:setRole(184)) - 61d14648-e80d-4cd8-9e7c-6deb2f21aca8@group-A3037D40E172: changes role from  FOLLOWER to FOLLOWER at term 219 for recognizeCandidate:f143d5cf-4038-4fa8-8601-f5a45f16ca3e
2019-10-19 01:14:50,112 [Thread-8908] INFO  impl.FollowerState (FollowerState.java:run(117)) - 2543ffea-c5c6-4af0-856f-eb846bad755a@group-A3037D40E172-FollowerState was interrupted: java.lang.InterruptedException: sleep interrupted
2019-10-19 01:14:50,112 [grpc-default-executor-1] INFO  impl.RoleInfo (RoleInfo.java:updateAndGet(143)) - 2543ffea-c5c6-4af0-856f-eb846bad755a: start FollowerState
2019-10-19 01:14:50,112 [grpc-default-executor-9] INFO  impl.RoleInfo (RoleInfo.java:shutdownFollowerState(121)) - 61d14648-e80d-4cd8-9e7c-6deb2f21aca8: shutdown FollowerState
2019-10-19 01:14:50,113 [grpc-default-executor-9] INFO  impl.RoleInfo (RoleInfo.java:updateAndGet(143)) - 61d14648-e80d-4cd8-9e7c-6deb2f21aca8: start FollowerState
2019-10-19 01:14:50,113 [Thread-8907] INFO  impl.FollowerState (FollowerState.java:run(117)) - 61d14648-e80d-4cd8-9e7c-6deb2f21aca8@group-A3037D40E172-FollowerState was interrupted: java.lang.InterruptedException: sleep interrupted
2019-10-19 01:14:50,127 [f143d5cf-4038-4fa8-8601-f5a45f16ca3e@group-A3037D40E172-LeaderElection996] INFO  impl.LeaderElection (LeaderElection.java:logAndReturn(56)) - f143d5cf-4038-4fa8-8601-f5a45f16ca3e@group-A3037D40E172-LeaderElection996: Election REJECTED; received 2 response(s) [f143d5cf-4038-4fa8-8601-f5a45f16ca3e<-2543ffea-c5c6-4af0-856f-eb846bad755a#0:FAIL-t219, f143d5cf-4038-4fa8-8601-f5a45f16ca3e<-61d14648-e80d-4cd8-9e7c-6deb2f21aca8#0:FAIL-t219] and 0 exception(s); f143d5cf-4038-4fa8-8601-f5a45f16ca3e@group-A3037D40E172:t219, leader=null, voted=f143d5cf-4038-4fa8-8601-f5a45f16ca3e, raftlog=f143d5cf-4038-4fa8-8601-f5a45f16ca3e@group-A3037D40E172-SegmentedRaftLog:OPENED:c-1,f-1,i0, conf=-1: [f143d5cf-4038-4fa8-8601-f5a45f16ca3e:192.168.69.71:40169, 2543ffea-c5c6-4af0-856f-eb846bad755a:192.168.69.71:45287, 61d14648-e80d-4cd8-9e7c-6deb2f21aca8:192.168.69.71:42247], old=null
2019-10-19 01:14:50,127 [f143d5cf-4038-4fa8-8601-f5a45f16ca3e@group-A3037D40E172-LeaderElection996] INFO  impl.RaftServerImpl (RaftServerImpl.java:setRole(184)) - f143d5cf-4038-4fa8-8601-f5a45f16ca3e@group-A3037D40E172: changes role from CANDIDATE to FOLLOWER at term 219 for DISCOVERED_A_NEW_TERM
2019-10-19 01:14:50,127 [f143d5cf-4038-4fa8-8601-f5a45f16ca3e@group-A3037D40E172-LeaderElection996] INFO  impl.RoleInfo (RoleInfo.java:shutdownLeaderElection(134)) - f143d5cf-4038-4fa8-8601-f5a45f16ca3e: shutdown LeaderElection
2019-10-19 01:14:50,127 [f143d5cf-4038-4fa8-8601-f5a45f16ca3e@group-A3037D40E172-LeaderElection996] INFO  impl.RoleInfo (RoleInfo.java:updateAndGet(143)) - f143d5cf-4038-4fa8-8601-f5a45f16ca3e: start FollowerState
2019-10-19 01:14:50,268 [Thread-8918] INFO  impl.FollowerState (FollowerState.java:run(108)) - f143d5cf-4038-4fa8-8601-f5a45f16ca3e@group-A3037D40E172-FollowerState: change to CANDIDATE, lastRpcTime:141ms, electionTimeout:141ms
2019-10-19 01:14:50,268 [Thread-8918] INFO  impl.RoleInfo (RoleInfo.java:shutdownFollowerState(121)) - f143d5cf-4038-4fa8-8601-f5a45f16ca3e: shutdown FollowerState
2019-10-19 01:14:50,269 [Thread-8918] INFO  impl.RaftServerImpl (RaftServerImpl.java:setRole(184)) - f143d5cf-4038-4fa8-8601-f5a45f16ca3e@group-A3037D40E172: changes role from  FOLLOWER to CANDIDATE at term 219 for changeToCandidate
2019-10-19 01:14:50,269 [Thread-8918] INFO  impl.RoleInfo (RoleInfo.java:updateAndGet(143)) - f143d5cf-4038-4fa8-8601-f5a45f16ca3e: start LeaderElection
2019-10-19 01:14:50,282 [f143d5cf-4038-4fa8-8601-f5a45f16ca3e@group-A3037D40E172-LeaderElection997] INFO  impl.LeaderElection (LeaderElection.java:askForVotes(178)) - f143d5cf-4038-4fa8-8601-f5a45f16ca3e@group-A3037D40E172-LeaderElection997: begin an election at term 220 for -1: [f143d5cf-4038-4fa8-8601-f5a45f16ca3e:192.168.69.71:40169, 2543ffea-c5c6-4af0-856f-eb846bad755a:192.168.69.71:45287, 61d14648-e80d-4cd8-9e7c-6deb2f21aca8:192.168.69.71:42247], old=null
2019-10-19 01:14:50,283 [grpc-default-executor-1] INFO  impl.RaftServerImpl (RaftServerImpl.java:setRole(184)) - 2543ffea-c5c6-4af0-856f-eb846bad755a@group-A3037D40E172: changes role from  FOLLOWER to FOLLOWER at term 220 for recognizeCandidate:f143d5cf-4038-4fa8-8601-f5a45f16ca3e
2019-10-19 01:14:50,283 [grpc-default-executor-1] INFO  impl.RoleInfo (RoleInfo.java:shutdownFollowerState(121)) - 2543ffea-c5c6-4af0-856f-eb846bad755a: shutdown FollowerState
2019-10-19 01:14:50,283 [grpc-default-executor-9] INFO  impl.RaftServerImpl (RaftServerImpl.java:setRole(184)) - 61d14648-e80d-4cd8-9e7c-6deb2f21aca8@group-A3037D40E172: changes role from  FOLLOWER to FOLLOWER at term 220 for recognizeCandidate:f143d5cf-4038-4fa8-8601-f5a45f16ca3e
2019-10-19 01:14:50,284 [Thread-8916] INFO  impl.FollowerState (FollowerState.java:run(117)) - 2543ffea-c5c6-4af0-856f-eb846bad755a@group-A3037D40E172-FollowerState was interrupted: java.lang.InterruptedException: sleep interrupted
2019-10-19 01:14:50,284 [grpc-default-executor-1] INFO  impl.RoleInfo (RoleInfo.java:updateAndGet(143)) - 2543ffea-c5c6-4af0-856f-eb846bad755a: start FollowerState
2019-10-19 01:14:50,284 [grpc-default-executor-9] INFO  impl.RoleInfo (RoleInfo.java:shutdownFollowerState(121)) - 61d14648-e80d-4cd8-9e7c-6deb2f21aca8: shutdown FollowerState
2019-10-19 01:14:50,284 [grpc-default-executor-9] INFO  impl.RoleInfo (RoleInfo.java:updateAndGet(143)) - 61d14648-e80d-4cd8-9e7c-6deb2f21aca8: start FollowerState
2019-10-19 01:14:50,284 [Thread-8917] INFO  impl.FollowerState (FollowerState.java:run(117)) - 61d14648-e80d-4cd8-9e7c-6deb2f21aca8@group-A3037D40E172-FollowerState was interrupted: java.lang.InterruptedException: sleep interrupted
2019-10-19 01:14:50,299 [f143d5cf-4038-4fa8-8601-f5a45f16ca3e@group-A3037D40E172-LeaderElection997] INFO  impl.LeaderElection (LeaderElection.java:logAndReturn(56)) - f143d5cf-4038-4fa8-8601-f5a45f16ca3e@group-A3037D40E172-LeaderElection997: Election REJECTED; received 2 response(s) [f143d5cf-4038-4fa8-8601-f5a45f16ca3e<-2543ffea-c5c6-4af0-856f-eb846bad755a#0:FAIL-t220, f143d5cf-4038-4fa8-8601-f5a45f16ca3e<-61d14648-e80d-4cd8-9e7c-6deb2f21aca8#0:FAIL-t220] and 0 exception(s); f143d5cf-4038-4fa8-8601-f5a45f16ca3e@group-A3037D40E172:t220, leader=null, voted=f143d5cf-4038-4fa8-8601-f5a45f16ca3e, raftlog=f143d5cf-4038-4fa8-8601-f5a45f16ca3e@group-A3037D40E172-SegmentedRaftLog:OPENED:c-1,f-1,i0, conf=-1: [f143d5cf-4038-4fa8-8601-f5a45f16ca3e:192.168.69.71:40169, 2543ffea-c5c6-4af0-856f-eb846bad755a:192.168.69.71:45287, 61d14648-e80d-4cd8-9e7c-6deb2f21aca8:192.168.69.71:42247], old=null
2019-10-19 01:14:50,299 [f143d5cf-4038-4fa8-8601-f5a45f16ca3e@group-A3037D40E172-LeaderElection997] INFO  impl.RaftServerImpl (RaftServerImpl.java:setRole(184)) - f143d5cf-4038-4fa8-8601-f5a45f16ca3e@group-A3037D40E172: changes role from CANDIDATE to FOLLOWER at term 220 for DISCOVERED_A_NEW_TERM
2019-10-19 01:14:50,299 [f143d5cf-4038-4fa8-8601-f5a45f16ca3e@group-A3037D40E172-LeaderElection997] INFO  impl.RoleInfo (RoleInfo.java:shutdownLeaderElection(134)) - f143d5cf-4038-4fa8-8601-f5a45f16ca3e: shutdown LeaderElection
2019-10-19 01:14:50,299 [f143d5cf-4038-4fa8-8601-f5a45f16ca3e@group-A3037D40E172-LeaderElection997] INFO  impl.RoleInfo (RoleInfo.java:updateAndGet(143)) - f143d5cf-4038-4fa8-8601-f5a45f16ca3e: start FollowerState
2019-10-19 01:14:50,377 [Thread-8924] INFO  impl.FollowerState (FollowerState.java:run(108)) - f143d5cf-4038-4fa8-8601-f5a45f16ca3e@group-A3037D40E172-FollowerState: change to CANDIDATE, lastRpcTime:77ms, electionTimeout:77ms
2019-10-19 01:14:50,377 [Thread-8924] INFO  impl.RoleInfo (RoleInfo.java:shutdownFollowerState(121)) - f143d5cf-4038-4fa8-8601-f5a45f16ca3e: shutdown FollowerState
2019-10-19 01:14:50,377 [Thread-8924] INFO  impl.RaftServerImpl (RaftServerImpl.java:setRole(184)) - f143d5cf-4038-4fa8-8601-f5a45f16ca3e@group-A3037D40E172: changes role from  FOLLOWER to CANDIDATE at term 220 for changeToCandidate
2019-10-19 01:14:50,377 [Thread-8924] INFO  impl.RoleInfo (RoleInfo.java:updateAndGet(143)) - f143d5cf-4038-4fa8-8601-f5a45f16ca3e: start LeaderElection
2019-10-19 01:14:50,390 [f143d5cf-4038-4fa8-8601-f5a45f16ca3e@group-A3037D40E172-LeaderElection998] INFO  impl.LeaderElection (LeaderElection.java:askForVotes(178)) - f143d5cf-4038-4fa8-8601-f5a45f16ca3e@group-A3037D40E172-LeaderElection998: begin an election at term 221 for -1: [f143d5cf-4038-4fa8-8601-f5a45f16ca3e:192.168.69.71:40169, 2543ffea-c5c6-4af0-856f-eb846bad755a:192.168.69.71:45287, 61d14648-e80d-4cd8-9e7c-6deb2f21aca8:192.168.69.71:42247], old=null
2019-10-19 01:14:50,391 [grpc-default-executor-1] INFO  impl.RaftServerImpl (RaftServerImpl.java:setRole(184)) - 2543ffea-c5c6-4af0-856f-eb846bad755a@group-A3037D40E172: changes role from  FOLLOWER to FOLLOWER at term 221 for recognizeCandidate:f143d5cf-4038-4fa8-8601-f5a45f16ca3e
2019-10-19 01:14:50,391 [grpc-default-executor-1] INFO  impl.RoleInfo (RoleInfo.java:shutdownFollowerState(121)) - 2543ffea-c5c6-4af0-856f-eb846bad755a: shutdown FollowerState
2019-10-19 01:14:50,391 [grpc-default-executor-9] INFO  impl.RaftServerImpl (RaftServerImpl.java:setRole(184)) - 61d14648-e80d-4cd8-9e7c-6deb2f21aca8@group-A3037D40E172: changes role from  FOLLOWER to FOLLOWER at term 221 for recognizeCandidate:f143d5cf-4038-4fa8-8601-f5a45f16ca3e
2019-10-19 01:14:50,391 [grpc-default-executor-9] INFO  impl.RoleInfo (RoleInfo.java:shutdownFollowerState(121)) - 61d14648-e80d-4cd8-9e7c-6deb2f21aca8: shutdown FollowerState
2019-10-19 01:14:50,391 [Thread-8922] INFO  impl.FollowerState (FollowerState.java:run(117)) - 2543ffea-c5c6-4af0-856f-eb846bad755a@group-A3037D40E172-FollowerState was interrupted: java.lang.InterruptedException: sleep interrupted
2019-10-19 01:14:50,391 [grpc-default-executor-1] INFO  impl.RoleInfo (RoleInfo.java:updateAndGet(143)) - 2543ffea-c5c6-4af0-856f-eb846bad755a: start FollowerState
2019-10-19 01:14:50,392 [Thread-8923] INFO  impl.FollowerState (FollowerState.java:run(117)) - 61d14648-e80d-4cd8-9e7c-6deb2f21aca8@group-A3037D40E172-FollowerState was interrupted: java.lang.InterruptedException: sleep interrupted
2019-10-19 01:14:50,392 [grpc-default-executor-9] INFO  impl.RoleInfo (RoleInfo.java:updateAndGet(143)) - 61d14648-e80d-4cd8-9e7c-6deb2f21aca8: start FollowerState
2019-10-19 01:14:50,405 [f143d5cf-4038-4fa8-8601-f5a45f16ca3e@group-A3037D40E172-LeaderElection998] INFO  impl.LeaderElection (LeaderElection.java:logAndReturn(56)) - f143d5cf-4038-4fa8-8601-f5a45f16ca3e@group-A3037D40E172-LeaderElection998: Election REJECTED; received 2 response(s) [f143d5cf-4038-4fa8-8601-f5a45f16ca3e<-2543ffea-c5c6-4af0-856f-eb846bad755a#0:FAIL-t221, f143d5cf-4038-4fa8-8601-f5a45f16ca3e<-61d14648-e80d-4cd8-9e7c-6deb2f21aca8#0:FAIL-t221] and 0 exception(s); f143d5cf-4038-4fa8-8601-f5a45f16ca3e@group-A3037D40E172:t221, leader=null, voted=f143d5cf-4038-4fa8-8601-f5a45f16ca3e, raftlog=f143d5cf-4038-4fa8-8601-f5a45f16ca3e@group-A3037D40E172-SegmentedRaftLog:OPENED:c-1,f-1,i0, conf=-1: [f143d5cf-4038-4fa8-8601-f5a45f16ca3e:192.168.69.71:40169, 2543ffea-c5c6-4af0-856f-eb846bad755a:192.168.69.71:45287, 61d14648-e80d-4cd8-9e7c-6deb2f21aca8:192.168.69.71:42247], old=null
2019-10-19 01:14:50,406 [f143d5cf-4038-4fa8-8601-f5a45f16ca3e@group-A3037D40E172-LeaderElection998] INFO  impl.RaftServerImpl (RaftServerImpl.java:setRole(184)) - f143d5cf-4038-4fa8-8601-f5a45f16ca3e@group-A3037D40E172: changes role from CANDIDATE to FOLLOWER at term 221 for DISCOVERED_A_NEW_TERM
2019-10-19 01:14:50,406 [f143d5cf-4038-4fa8-8601-f5a45f16ca3e@group-A3037D40E172-LeaderElection998] INFO  impl.RoleInfo (RoleInfo.java:shutdownLeaderElection(134)) - f143d5cf-4038-4fa8-8601-f5a45f16ca3e: shutdown LeaderElection
2019-10-19 01:14:50,406 [f143d5cf-4038-4fa8-8601-f5a45f16ca3e@group-A3037D40E172-LeaderElection998] INFO  impl.RoleInfo (RoleInfo.java:updateAndGet(143)) - f143d5cf-4038-4fa8-8601-f5a45f16ca3e: start FollowerState
2019-10-19 01:14:50,566 [Thread-8930] INFO  impl.FollowerState (FollowerState.java:run(108)) - f143d5cf-4038-4fa8-8601-f5a45f16ca3e@group-A3037D40E172-FollowerState: change to CANDIDATE, lastRpcTime:160ms, electionTimeout:160ms
2019-10-19 01:14:50,566 [Thread-8930] INFO  impl.RoleInfo (RoleInfo.java:shutdownFollowerState(121)) - f143d5cf-4038-4fa8-8601-f5a45f16ca3e: shutdown FollowerState
2019-10-19 01:14:50,566 [Thread-8930] INFO  impl.RaftServerImpl (RaftServerImpl.java:setRole(184)) - f143d5cf-4038-4fa8-8601-f5a45f16ca3e@group-A3037D40E172: changes role from  FOLLOWER to CANDIDATE at term 221 for changeToCandidate
2019-10-19 01:14:50,566 [Thread-8930] INFO  impl.RoleInfo (RoleInfo.java:updateAndGet(143)) - f143d5cf-4038-4fa8-8601-f5a45f16ca3e: start LeaderElection
2019-10-19 01:14:50,588 [f143d5cf-4038-4fa8-8601-f5a45f16ca3e@group-A3037D40E172-LeaderElection999] INFO  impl.LeaderElection (LeaderElection.java:askForVotes(178)) - f143d5cf-4038-4fa8-8601-f5a45f16ca3e@group-A3037D40E172-LeaderElection999: begin an election at term 222 for -1: [f143d5cf-4038-4fa8-8601-f5a45f16ca3e:192.168.69.71:40169, 2543ffea-c5c6-4af0-856f-eb846bad755a:192.168.69.71:45287, 61d14648-e80d-4cd8-9e7c-6deb2f21aca8:192.168.69.71:42247], old=null
2019-10-19 01:14:50,589 [grpc-default-executor-9] INFO  impl.RaftServerImpl (RaftServerImpl.java:setRole(184)) - 61d14648-e80d-4cd8-9e7c-6deb2f21aca8@group-A3037D40E172: changes role from  FOLLOWER to FOLLOWER at term 222 for recognizeCandidate:f143d5cf-4038-4fa8-8601-f5a45f16ca3e
2019-10-19 01:14:50,589 [grpc-default-executor-9] INFO  impl.RoleInfo (RoleInfo.java:shutdownFollowerState(121)) - 61d14648-e80d-4cd8-9e7c-6deb2f21aca8: shutdown FollowerState
2019-10-19 01:14:50,589 [grpc-default-executor-1] INFO  impl.RaftServerImpl (RaftServerImpl.java:setRole(184)) - 2543ffea-c5c6-4af0-856f-eb846bad755a@group-A3037D40E172: changes role from  FOLLOWER to FOLLOWER at term 222 for recognizeCandidate:f143d5cf-4038-4fa8-8601-f5a45f16ca3e
2019-10-19 01:14:50,590 [grpc-default-executor-1] INFO  impl.RoleInfo (RoleInfo.java:shutdownFollowerState(121)) - 2543ffea-c5c6-4af0-856f-eb846bad755a: shutdown FollowerState
2019-10-19 01:14:50,589 [Thread-8929] INFO  impl.FollowerState (FollowerState.java:run(117)) - 61d14648-e80d-4cd8-9e7c-6deb2f21aca8@group-A3037D40E172-FollowerState was interrupted: java.lang.InterruptedException: sleep interrupted
2019-10-19 01:14:50,589 [grpc-default-executor-9] INFO  impl.RoleInfo (RoleInfo.java:updateAndGet(143)) - 61d14648-e80d-4cd8-9e7c-6deb2f21aca8: start FollowerState
2019-10-19 01:14:50,590 [grpc-default-executor-1] INFO  impl.RoleInfo (RoleInfo.java:updateAndGet(143)) - 2543ffea-c5c6-4af0-856f-eb846bad755a: start FollowerState
2019-10-19 01:14:50,591 [Thread-8928] INFO  impl.FollowerState (FollowerState.java:run(117)) - 2543ffea-c5c6-4af0-856f-eb846bad755a@group-A3037D40E172-FollowerState was interrupted: java.lang.InterruptedException: sleep interrupted
2019-10-19 01:14:50,603 [f143d5cf-4038-4fa8-8601-f5a45f16ca3e@group-A3037D40E172-LeaderElection999] INFO  impl.LeaderElection (LeaderElection.java:logAndReturn(56)) - f143d5cf-4038-4fa8-8601-f5a45f16ca3e@group-A3037D40E172-LeaderElection999: Election REJECTED; received 2 response(s) [f143d5cf-4038-4fa8-8601-f5a45f16ca3e<-2543ffea-c5c6-4af0-856f-eb846bad755a#0:FAIL-t222, f143d5cf-4038-4fa8-8601-f5a45f16ca3e<-61d14648-e80d-4cd8-9e7c-6deb2f21aca8#0:FAIL-t222] and 0 exception(s); f143d5cf-4038-4fa8-8601-f5a45f16ca3e@group-A3037D40E172:t222, leader=null, voted=f143d5cf-4038-4fa8-8601-f5a45f16ca3e, raftlog=f143d5cf-4038-4fa8-8601-f5a45f16ca3e@group-A3037D40E172-SegmentedRaftLog:OPENED:c-1,f-1,i0, conf=-1: [f143d5cf-4038-4fa8-8601-f5a45f16ca3e:192.168.69.71:40169, 2543ffea-c5c6-4af0-856f-eb846bad755a:192.168.69.71:45287, 61d14648-e80d-4cd8-9e7c-6deb2f21aca8:192.168.69.71:42247], old=null
2019-10-19 01:14:50,604 [f143d5cf-4038-4fa8-8601-f5a45f16ca3e@group-A3037D40E172-LeaderElection999] INFO  impl.RaftServerImpl (RaftServerImpl.java:setRole(184)) - f143d5cf-4038-4fa8-8601-f5a45f16ca3e@group-A3037D40E172: changes role from CANDIDATE to FOLLOWER at term 222 for DISCOVERED_A_NEW_TERM
2019-10-19 01:14:50,604 [f143d5cf-4038-4fa8-8601-f5a45f16ca3e@group-A3037D40E172-LeaderElection999] INFO  impl.RoleInfo (RoleInfo.java:shutdownLeaderElection(134)) - f143d5cf-4038-4fa8-8601-f5a45f16ca3e: shutdown LeaderElection
2019-10-19 01:14:50,604 [f143d5cf-4038-4fa8-8601-f5a45f16ca3e@group-A3037D40E172-LeaderElection999] INFO  impl.RoleInfo (RoleInfo.java:updateAndGet(143)) - f143d5cf-4038-4fa8-8601-f5a45f16ca3e: start FollowerState
2019-10-19 01:14:50,640 [Thread-8939] INFO  impl.FollowerState (FollowerState.java:run(108)) - f143d5cf-4038-4fa8-8601-f5a45f16ca3e@group-A3037D40E172-FollowerState: change to CANDIDATE, lastRpcTime:36ms, electionTimeout:36ms
2019-10-19 01:14:50,640 [Thread-8939] INFO  impl.RoleInfo (RoleInfo.java:shutdownFollowerState(121)) - f143d5cf-4038-4fa8-8601-f5a45f16ca3e: shutdown FollowerState
2019-10-19 01:14:50,640 [Thread-8939] INFO  impl.RaftServerImpl (RaftServerImpl.java:setRole(184)) - f143d5cf-4038-4fa8-8601-f5a45f16ca3e@group-A3037D40E172: changes role from  FOLLOWER to CANDIDATE at term 222 for changeToCandidate
2019-10-19 01:14:50,640 [Thread-8939] INFO  impl.RoleInfo (RoleInfo.java:updateAndGet(143)) - f143d5cf-4038-4fa8-8601-f5a45f16ca3e: start LeaderElection
2019-10-19 01:14:50,654 [f143d5cf-4038-4fa8-8601-f5a45f16ca3e@group-A3037D40E172-LeaderElection1000] INFO  impl.LeaderElection (LeaderElection.java:askForVotes(178)) - f143d5cf-4038-4fa8-8601-f5a45f16ca3e@group-A3037D40E172-LeaderElection1000: begin an election at term 223 for -1: [f143d5cf-4038-4fa8-8601-f5a45f16ca3e:192.168.69.71:40169, 2543ffea-c5c6-4af0-856f-eb846bad755a:192.168.69.71:45287, 61d14648-e80d-4cd8-9e7c-6deb2f21aca8:192.168.69.71:42247], old=null
2019-10-19 01:14:50,655 [grpc-default-executor-9] INFO  impl.RaftServerImpl (RaftServerImpl.java:setRole(184)) - 61d14648-e80d-4cd8-9e7c-6deb2f21aca8@group-A3037D40E172: changes role from  FOLLOWER to FOLLOWER at term 223 for recognizeCandidate:f143d5cf-4038-4fa8-8601-f5a45f16ca3e
2019-10-19 01:14:50,656 [grpc-default-executor-9] INFO  impl.RoleInfo (RoleInfo.java:shutdownFollowerState(121)) - 61d14648-e80d-4cd8-9e7c-6deb2f21aca8: shutdown FollowerState
2019-10-19 01:14:50,655 [grpc-default-executor-1] INFO  impl.RaftServerImpl (RaftServerImpl.java:setRole(184)) - 2543ffea-c5c6-4af0-856f-eb846bad755a@group-A3037D40E172: changes role from  FOLLOWER to FOLLOWER at term 223 for recognizeCandidate:f143d5cf-4038-4fa8-8601-f5a45f16ca3e
2019-10-19 01:14:50,656 [Thread-8936] INFO  impl.FollowerState (FollowerState.java:run(117)) - 61d14648-e80d-4cd8-9e7c-6deb2f21aca8@group-A3037D40E172-FollowerState was interrupted: java.lang.InterruptedException: sleep interrupted
2019-10-19 01:14:50,656 [grpc-default-executor-9] INFO  impl.RoleInfo (RoleInfo.java:updateAndGet(143)) - 61d14648-e80d-4cd8-9e7c-6deb2f21aca8: start FollowerState
2019-10-19 01:14:50,656 [grpc-default-executor-1] INFO  impl.RoleInfo (RoleInfo.java:shutdownFollowerState(121)) - 2543ffea-c5c6-4af0-856f-eb846bad755a: shutdown FollowerState
2019-10-19 01:14:50,656 [grpc-default-executor-1] INFO  impl.RoleInfo (RoleInfo.java:updateAndGet(143)) - 2543ffea-c5c6-4af0-856f-eb846bad755a: start FollowerState
2019-10-19 01:14:50,656 [Thread-8937] INFO  impl.FollowerState (FollowerState.java:run(117)) - 2543ffea-c5c6-4af0-856f-eb846bad755a@group-A3037D40E172-FollowerState was interrupted: java.lang.InterruptedException: sleep interrupted
2019-10-19 01:14:50,683 [f143d5cf-4038-4fa8-8601-f5a45f16ca3e@group-A3037D40E172-LeaderElection1000] INFO  impl.LeaderElection (LeaderElection.java:logAndReturn(56)) - f143d5cf-4038-4fa8-8601-f5a45f16ca3e@group-A3037D40E172-LeaderElection1000: Election REJECTED; received 2 response(s) [f143d5cf-4038-4fa8-8601-f5a45f16ca3e<-2543ffea-c5c6-4af0-856f-eb846bad755a#0:FAIL-t223, f143d5cf-4038-4fa8-8601-f5a45f16ca3e<-61d14648-e80d-4cd8-9e7c-6deb2f21aca8#0:FAIL-t223] and 0 exception(s); f143d5cf-4038-4fa8-8601-f5a45f16ca3e@group-A3037D40E172:t223, leader=null, voted=f143d5cf-4038-4fa8-8601-f5a45f16ca3e, raftlog=f143d5cf-4038-4fa8-8601-f5a45f16ca3e@group-A3037D40E172-SegmentedRaftLog:OPENED:c-1,f-1,i0, conf=-1: [f143d5cf-4038-4fa8-8601-f5a45f16ca3e:192.168.69.71:40169, 2543ffea-c5c6-4af0-856f-eb846bad755a:192.168.69.71:45287, 61d14648-e80d-4cd8-9e7c-6deb2f21aca8:192.168.69.71:42247], old=null
2019-10-19 01:14:50,683 [f143d5cf-4038-4fa8-8601-f5a45f16ca3e@group-A3037D40E172-LeaderElection1000] INFO  impl.RaftServerImpl (RaftServerImpl.java:setRole(184)) - f143d5cf-4038-4fa8-8601-f5a45f16ca3e@group-A3037D40E172: changes role from CANDIDATE to FOLLOWER at term 223 for DISCOVERED_A_NEW_TERM
2019-10-19 01:14:50,683 [f143d5cf-4038-4fa8-8601-f5a45f16ca3e@group-A3037D40E172-LeaderElection1000] INFO  impl.RoleInfo (RoleInfo.java:shutdownLeaderElection(134)) - f143d5cf-4038-4fa8-8601-f5a45f16ca3e: shutdown LeaderElection
2019-10-19 01:14:50,683 [f143d5cf-4038-4fa8-8601-f5a45f16ca3e@group-A3037D40E172-LeaderElection1000] INFO  impl.RoleInfo (RoleInfo.java:updateAndGet(143)) - f143d5cf-4038-4fa8-8601-f5a45f16ca3e: start FollowerState
2019-10-19 01:14:50,853 [Thread-8945] INFO  impl.FollowerState (FollowerState.java:run(108)) - f143d5cf-4038-4fa8-8601-f5a45f16ca3e@group-A3037D40E172-FollowerState: change to CANDIDATE, lastRpcTime:169ms, electionTimeout:169ms
2019-10-19 01:14:50,853 [Thread-8945] INFO  impl.RoleInfo (RoleInfo.java:shutdownFollowerState(121)) - f143d5cf-4038-4fa8-8601-f5a45f16ca3e: shutdown FollowerState
2019-10-19 01:14:50,853 [Thread-8945] INFO  impl.RaftServerImpl (RaftServerImpl.java:setRole(184)) - f143d5cf-4038-4fa8-8601-f5a45f16ca3e@group-A3037D40E172: changes role from  FOLLOWER to CANDIDATE at term 223 for changeToCandidate
2019-10-19 01:14:50,853 [Thread-8945] INFO  impl.RoleInfo (RoleInfo.java:updateAndGet(143)) - f143d5cf-4038-4fa8-8601-f5a45f16ca3e: start LeaderElection
2019-10-19 01:14:50,878 [f143d5cf-4038-4fa8-8601-f5a45f16ca3e@group-A3037D40E172-LeaderElection1001] INFO  impl.LeaderElection (LeaderElection.java:askForVotes(178)) - f143d5cf-4038-4fa8-8601-f5a45f16ca3e@group-A3037D40E172-LeaderElection1001: begin an election at term 224 for -1: [f143d5cf-4038-4fa8-8601-f5a45f16ca3e:192.168.69.71:40169, 2543ffea-c5c6-4af0-856f-eb846bad755a:192.168.69.71:45287, 61d14648-e80d-4cd8-9e7c-6deb2f21aca8:192.168.69.71:42247], old=null
2019-10-19 01:14:50,880 [grpc-default-executor-9] INFO  impl.RaftServerImpl (RaftServerImpl.java:setRole(184)) - 2543ffea-c5c6-4af0-856f-eb846bad755a@group-A3037D40E172: changes role from  FOLLOWER to FOLLOWER at term 224 for recognizeCandidate:f143d5cf-4038-4fa8-8601-f5a45f16ca3e
2019-10-19 01:14:50,880 [grpc-default-executor-9] INFO  impl.RoleInfo (RoleInfo.java:shutdownFollowerState(121)) - 2543ffea-c5c6-4af0-856f-eb846bad755a: shutdown FollowerState
2019-10-19 01:14:50,880 [grpc-default-executor-1] INFO  impl.RaftServerImpl (RaftServerImpl.java:setRole(184)) - 61d14648-e80d-4cd8-9e7c-6deb2f21aca8@group-A3037D40E172: changes role from  FOLLOWER to FOLLOWER at term 224 for recognizeCandidate:f143d5cf-4038-4fa8-8601-f5a45f16ca3e
2019-10-19 01:14:50,880 [Thread-8944] INFO  impl.FollowerState (FollowerState.java:run(117)) - 2543ffea-c5c6-4af0-856f-eb846bad755a@group-A3037D40E172-FollowerState was interrupted: java.lang.InterruptedException: sleep interrupted
2019-10-19 01:14:50,880 [grpc-default-executor-9] INFO  impl.RoleInfo (RoleInfo.java:updateAndGet(143)) - 2543ffea-c5c6-4af0-856f-eb846bad755a: start FollowerState
2019-10-19 01:14:50,880 [grpc-default-executor-1] INFO  impl.RoleInfo (RoleInfo.java:shutdownFollowerState(121)) - 61d14648-e80d-4cd8-9e7c-6deb2f21aca8: shutdown FollowerState
2019-10-19 01:14:50,881 [grpc-default-executor-1] INFO  impl.RoleInfo (RoleInfo.java:updateAndGet(143)) - 61d14648-e80d-4cd8-9e7c-6deb2f21aca8: start FollowerState
2019-10-19 01:14:50,881 [Thread-8943] INFO  impl.FollowerState (FollowerState.java:run(117)) - 61d14648-e80d-4cd8-9e7c-6deb2f21aca8@group-A3037D40E172-FollowerState was interrupted: java.lang.InterruptedException: sleep interrupted
2019-10-19 01:14:50,907 [f143d5cf-4038-4fa8-8601-f5a45f16ca3e@group-A3037D40E172-LeaderElection1001] INFO  impl.LeaderElection (LeaderElection.java:logAndReturn(56)) - f143d5cf-4038-4fa8-8601-f5a45f16ca3e@group-A3037D40E172-LeaderElection1001: Election REJECTED; received 2 response(s) [f143d5cf-4038-4fa8-8601-f5a45f16ca3e<-2543ffea-c5c6-4af0-856f-eb846bad755a#0:FAIL-t224, f143d5cf-4038-4fa8-8601-f5a45f16ca3e<-61d14648-e80d-4cd8-9e7c-6deb2f21aca8#0:FAIL-t224] and 0 exception(s); f143d5cf-4038-4fa8-8601-f5a45f16ca3e@group-A3037D40E172:t224, leader=null, voted=f143d5cf-4038-4fa8-8601-f5a45f16ca3e, raftlog=f143d5cf-4038-4fa8-8601-f5a45f16ca3e@group-A3037D40E172-SegmentedRaftLog:OPENED:c-1,f-1,i0, conf=-1: [f143d5cf-4038-4fa8-8601-f5a45f16ca3e:192.168.69.71:40169, 2543ffea-c5c6-4af0-856f-eb846bad755a:192.168.69.71:45287, 61d14648-e80d-4cd8-9e7c-6deb2f21aca8:192.168.69.71:42247], old=null
2019-10-19 01:14:50,907 [f143d5cf-4038-4fa8-8601-f5a45f16ca3e@group-A3037D40E172-LeaderElection1001] INFO  impl.RaftServerImpl (RaftServerImpl.java:setRole(184)) - f143d5cf-4038-4fa8-8601-f5a45f16ca3e@group-A3037D40E172: changes role from CANDIDATE to FOLLOWER at term 224 for DISCOVERED_A_NEW_TERM
2019-10-19 01:14:50,907 [f143d5cf-4038-4fa8-8601-f5a45f16ca3e@group-A3037D40E172-LeaderElection1001] INFO  impl.RoleInfo (RoleInfo.java:shutdownLeaderElection(134)) - f143d5cf-4038-4fa8-8601-f5a45f16ca3e: shutdown LeaderElection
2019-10-19 01:14:50,907 [f143d5cf-4038-4fa8-8601-f5a45f16ca3e@group-A3037D40E172-LeaderElection1001] INFO  impl.RoleInfo (RoleInfo.java:updateAndGet(143)) - f143d5cf-4038-4fa8-8601-f5a45f16ca3e: start FollowerState
2019-10-19 01:14:51,072 [Thread-8951] INFO  impl.FollowerState (FollowerState.java:run(108)) - f143d5cf-4038-4fa8-8601-f5a45f16ca3e@group-A3037D40E172-FollowerState: change to CANDIDATE, lastRpcTime:165ms, electionTimeout:165ms
2019-10-19 01:14:51,073 [Thread-8951] INFO  impl.RoleInfo (RoleInfo.java:shutdownFollowerState(121)) - f143d5cf-4038-4fa8-8601-f5a45f16ca3e: shutdown FollowerState
2019-10-19 01:14:51,073 [Thread-8951] INFO  impl.RaftServerImpl (RaftServerImpl.java:setRole(184)) - f143d5cf-4038-4fa8-8601-f5a45f16ca3e@group-A3037D40E172: changes role from  FOLLOWER to CANDIDATE at term 224 for changeToCandidate
2019-10-19 01:14:51,073 [Thread-8951] INFO  impl.RoleInfo (RoleInfo.java:updateAndGet(143)) - f143d5cf-4038-4fa8-8601-f5a45f16ca3e: start LeaderElection
2019-10-19 01:14:51,087 [f143d5cf-4038-4fa8-8601-f5a45f16ca3e@group-A3037D40E172-LeaderElection1002] INFO  impl.LeaderElection (LeaderElection.java:askForVotes(178)) - f143d5cf-4038-4fa8-8601-f5a45f16ca3e@group-A3037D40E172-LeaderElection1002: begin an election at term 225 for -1: [f143d5cf-4038-4fa8-8601-f5a45f16ca3e:192.168.69.71:40169, 2543ffea-c5c6-4af0-856f-eb846bad755a:192.168.69.71:45287, 61d14648-e80d-4cd8-9e7c-6deb2f21aca8:192.168.69.71:42247], old=null
2019-10-19 01:14:51,089 [grpc-default-executor-1] INFO  impl.RaftServerImpl (RaftServerImpl.java:setRole(184)) - 2543ffea-c5c6-4af0-856f-eb846bad755a@group-A3037D40E172: changes role from  FOLLOWER to FOLLOWER at term 225 for recognizeCandidate:f143d5cf-4038-4fa8-8601-f5a45f16ca3e
2019-10-19 01:14:51,089 [grpc-default-executor-1] INFO  impl.RoleInfo (RoleInfo.java:shutdownFollowerState(121)) - 2543ffea-c5c6-4af0-856f-eb846bad755a: shutdown FollowerState
2019-10-19 01:14:51,089 [grpc-default-executor-9] INFO  impl.RaftServerImpl (RaftServerImpl.java:setRole(184)) - 61d14648-e80d-4cd8-9e7c-6deb2f21aca8@group-A3037D40E172: changes role from  FOLLOWER to FOLLOWER at term 225 for recognizeCandidate:f143d5cf-4038-4fa8-8601-f5a45f16ca3e
2019-10-19 01:14:51,089 [grpc-default-executor-9] INFO  impl.RoleInfo (RoleInfo.java:shutdownFollowerState(121)) - 61d14648-e80d-4cd8-9e7c-6deb2f21aca8: shutdown FollowerState
2019-10-19 01:14:51,089 [Thread-8949] INFO  impl.FollowerState (FollowerState.java:run(117)) - 2543ffea-c5c6-4af0-856f-eb846bad755a@group-A3037D40E172-FollowerState was interrupted: java.lang.InterruptedException: sleep interrupted
2019-10-19 01:14:51,089 [grpc-default-executor-1] INFO  impl.RoleInfo (RoleInfo.java:updateAndGet(143)) - 2543ffea-c5c6-4af0-856f-eb846bad755a: start FollowerState
2019-10-19 01:14:51,089 [Thread-8950] INFO  impl.FollowerState (FollowerState.java:run(117)) - 61d14648-e80d-4cd8-9e7c-6deb2f21aca8@group-A3037D40E172-FollowerState was interrupted: java.lang.InterruptedException: sleep interrupted
2019-10-19 01:14:51,089 [grpc-default-executor-9] INFO  impl.RoleInfo (RoleInfo.java:updateAndGet(143)) - 61d14648-e80d-4cd8-9e7c-6deb2f21aca8: start FollowerState
2019-10-19 01:14:51,133 [f143d5cf-4038-4fa8-8601-f5a45f16ca3e@group-A3037D40E172-LeaderElection1002] INFO  impl.LeaderElection (LeaderElection.java:logAndReturn(56)) - f143d5cf-4038-4fa8-8601-f5a45f16ca3e@group-A3037D40E172-LeaderElection1002: Election REJECTED; received 2 response(s) [f143d5cf-4038-4fa8-8601-f5a45f16ca3e<-2543ffea-c5c6-4af0-856f-eb846bad755a#0:FAIL-t225, f143d5cf-4038-4fa8-8601-f5a45f16ca3e<-61d14648-e80d-4cd8-9e7c-6deb2f21aca8#0:FAIL-t225] and 0 exception(s); f143d5cf-4038-4fa8-8601-f5a45f16ca3e@group-A3037D40E172:t225, leader=null, voted=f143d5cf-4038-4fa8-8601-f5a45f16ca3e, raftlog=f143d5cf-4038-4fa8-8601-f5a45f16ca3e@group-A3037D40E172-SegmentedRaftLog:OPENED:c-1,f-1,i0, conf=-1: [f143d5cf-4038-4fa8-8601-f5a45f16ca3e:192.168.69.71:40169, 2543ffea-c5c6-4af0-856f-eb846bad755a:192.168.69.71:45287, 61d14648-e80d-4cd8-9e7c-6deb2f21aca8:192.168.69.71:42247], old=null
2019-10-19 01:14:51,133 [f143d5cf-4038-4fa8-8601-f5a45f16ca3e@group-A3037D40E172-LeaderElection1002] INFO  impl.RaftServerImpl (RaftServerImpl.java:setRole(184)) - f143d5cf-4038-4fa8-8601-f5a45f16ca3e@group-A3037D40E172: changes role from CANDIDATE to FOLLOWER at term 225 for DISCOVERED_A_NEW_TERM
2019-10-19 01:14:51,133 [f143d5cf-4038-4fa8-8601-f5a45f16ca3e@group-A3037D40E172-LeaderElection1002] INFO  impl.RoleInfo (RoleInfo.java:shutdownLeaderElection(134)) - f143d5cf-4038-4fa8-8601-f5a45f16ca3e: shutdown LeaderElection
2019-10-19 01:14:51,133 [f143d5cf-4038-4fa8-8601-f5a45f16ca3e@group-A3037D40E172-LeaderElection1002] INFO  impl.RoleInfo (RoleInfo.java:updateAndGet(143)) - f143d5cf-4038-4fa8-8601-f5a45f16ca3e: start FollowerState
2019-10-19 01:14:51,256 [Thread-8960] INFO  impl.FollowerState (FollowerState.java:run(108)) - f143d5cf-4038-4fa8-8601-f5a45f16ca3e@group-A3037D40E172-FollowerState: change to CANDIDATE, lastRpcTime:122ms, electionTimeout:122ms
2019-10-19 01:14:51,256 [Thread-8960] INFO  impl.RoleInfo (RoleInfo.java:shutdownFollowerState(121)) - f143d5cf-4038-4fa8-8601-f5a45f16ca3e: shutdown FollowerState
2019-10-19 01:14:51,256 [Thread-8960] INFO  impl.RaftServerImpl (RaftServerImpl.java:setRole(184)) - f143d5cf-4038-4fa8-8601-f5a45f16ca3e@group-A3037D40E172: changes role from  FOLLOWER to CANDIDATE at term 225 for changeToCandidate
2019-10-19 01:14:51,256 [Thread-8960] INFO  impl.RoleInfo (RoleInfo.java:updateAndGet(143)) - f143d5cf-4038-4fa8-8601-f5a45f16ca3e: start LeaderElection
2019-10-19 01:14:51,281 [f143d5cf-4038-4fa8-8601-f5a45f16ca3e@group-A3037D40E172-LeaderElection1003] INFO  impl.LeaderElection (LeaderElection.java:askForVotes(178)) - f143d5cf-4038-4fa8-8601-f5a45f16ca3e@group-A3037D40E172-LeaderElection1003: begin an election at term 226 for -1: [f143d5cf-4038-4fa8-8601-f5a45f16ca3e:192.168.69.71:40169, 2543ffea-c5c6-4af0-856f-eb846bad755a:192.168.69.71:45287, 61d14648-e80d-4cd8-9e7c-6deb2f21aca8:192.168.69.71:42247], old=null
2019-10-19 01:14:51,282 [grpc-default-executor-9] INFO  impl.RaftServerImpl (RaftServerImpl.java:setRole(184)) - 2543ffea-c5c6-4af0-856f-eb846bad755a@group-A3037D40E172: changes role from  FOLLOWER to FOLLOWER at term 226 for recognizeCandidate:f143d5cf-4038-4fa8-8601-f5a45f16ca3e
2019-10-19 01:14:51,282 [grpc-default-executor-1] INFO  impl.RaftServerImpl (RaftServerImpl.java:setRole(184)) - 61d14648-e80d-4cd8-9e7c-6deb2f21aca8@group-A3037D40E172: changes role from  FOLLOWER to FOLLOWER at term 226 for recognizeCandidate:f143d5cf-4038-4fa8-8601-f5a45f16ca3e
2019-10-19 01:14:51,282 [grpc-default-executor-1] INFO  impl.RoleInfo (RoleInfo.java:shutdownFollowerState(121)) - 61d14648-e80d-4cd8-9e7c-6deb2f21aca8: shutdown FollowerState
2019-10-19 01:14:51,282 [grpc-default-executor-9] INFO  impl.RoleInfo (RoleInfo.java:shutdownFollowerState(121)) - 2543ffea-c5c6-4af0-856f-eb846bad755a: shutdown FollowerState
2019-10-19 01:14:51,282 [Thread-8958] INFO  impl.FollowerState (FollowerState.java:run(117)) - 61d14648-e80d-4cd8-9e7c-6deb2f21aca8@group-A3037D40E172-FollowerState was interrupted: java.lang.InterruptedException: sleep interrupted
2019-10-19 01:14:51,283 [Thread-8957] INFO  impl.FollowerState (FollowerState.java:run(117)) - 2543ffea-c5c6-4af0-856f-eb846bad755a@group-A3037D40E172-FollowerState was interrupted: java.lang.InterruptedException: sleep interrupted
2019-10-19 01:14:51,282 [grpc-default-executor-1] INFO  impl.RoleInfo (RoleInfo.java:updateAndGet(143)) - 61d14648-e80d-4cd8-9e7c-6deb2f21aca8: start FollowerState
2019-10-19 01:14:51,283 [grpc-default-executor-9] INFO  impl.RoleInfo (RoleInfo.java:updateAndGet(143)) - 2543ffea-c5c6-4af0-856f-eb846bad755a: start FollowerState
2019-10-19 01:14:51,297 [f143d5cf-4038-4fa8-8601-f5a45f16ca3e@group-A3037D40E172-LeaderElection1003] INFO  impl.LeaderElection (LeaderElection.java:logAndReturn(56)) - f143d5cf-4038-4fa8-8601-f5a45f16ca3e@group-A3037D40E172-LeaderElection1003: Election REJECTED; received 2 response(s) [f143d5cf-4038-4fa8-8601-f5a45f16ca3e<-2543ffea-c5c6-4af0-856f-eb846bad755a#0:FAIL-t226, f143d5cf-4038-4fa8-8601-f5a45f16ca3e<-61d14648-e80d-4cd8-9e7c-6deb2f21aca8#0:FAIL-t226] and 0 exception(s); f143d5cf-4038-4fa8-8601-f5a45f16ca3e@group-A3037D40E172:t226, leader=null, voted=f143d5cf-4038-4fa8-8601-f5a45f16ca3e, raftlog=f143d5cf-4038-4fa8-8601-f5a45f16ca3e@group-A3037D40E172-SegmentedRaftLog:OPENED:c-1,f-1,i0, conf=-1: [f143d5cf-4038-4fa8-8601-f5a45f16ca3e:192.168.69.71:40169, 2543ffea-c5c6-4af0-856f-eb846bad755a:192.168.69.71:45287, 61d14648-e80d-4cd8-9e7c-6deb2f21aca8:192.168.69.71:42247], old=null
2019-10-19 01:14:51,297 [f143d5cf-4038-4fa8-8601-f5a45f16ca3e@group-A3037D40E172-LeaderElection1003] INFO  impl.RaftServerImpl (RaftServerImpl.java:setRole(184)) - f143d5cf-4038-4fa8-8601-f5a45f16ca3e@group-A3037D40E172: changes role from CANDIDATE to FOLLOWER at term 226 for DISCOVERED_A_NEW_TERM
2019-10-19 01:14:51,297 [f143d5cf-4038-4fa8-8601-f5a45f16ca3e@group-A3037D40E172-LeaderElection1003] INFO  impl.RoleInfo (RoleInfo.java:shutdownLeaderElection(134)) - f143d5cf-4038-4fa8-8601-f5a45f16ca3e: shutdown LeaderElection
2019-10-19 01:14:51,298 [f143d5cf-4038-4fa8-8601-f5a45f16ca3e@group-A3037D40E172-LeaderElection1003] INFO  impl.RoleInfo (RoleInfo.java:updateAndGet(143)) - f143d5cf-4038-4fa8-8601-f5a45f16ca3e: start FollowerState
2019-10-19 01:14:51,422 [Thread-8966] INFO  impl.FollowerState (FollowerState.java:run(108)) - f143d5cf-4038-4fa8-8601-f5a45f16ca3e@group-A3037D40E172-FollowerState: change to CANDIDATE, lastRpcTime:124ms, electionTimeout:124ms
2019-10-19 01:14:51,422 [Thread-8966] INFO  impl.RoleInfo (RoleInfo.java:shutdownFollowerState(121)) - f143d5cf-4038-4fa8-8601-f5a45f16ca3e: shutdown FollowerState
2019-10-19 01:14:51,422 [Thread-8966] INFO  impl.RaftServerImpl (RaftServerImpl.java:setRole(184)) - f143d5cf-4038-4fa8-8601-f5a45f16ca3e@group-A3037D40E172: changes role from  FOLLOWER to CANDIDATE at term 226 for changeToCandidate
2019-10-19 01:14:51,422 [Thread-8966] INFO  impl.RoleInfo (RoleInfo.java:updateAndGet(143)) - f143d5cf-4038-4fa8-8601-f5a45f16ca3e: start LeaderElection
2019-10-19 01:14:51,448 [f143d5cf-4038-4fa8-8601-f5a45f16ca3e@group-A3037D40E172-LeaderElection1004] INFO  impl.LeaderElection (LeaderElection.java:askForVotes(178)) - f143d5cf-4038-4fa8-8601-f5a45f16ca3e@group-A3037D40E172-LeaderElection1004: begin an election at term 227 for -1: [f143d5cf-4038-4fa8-8601-f5a45f16ca3e:192.168.69.71:40169, 2543ffea-c5c6-4af0-856f-eb846bad755a:192.168.69.71:45287, 61d14648-e80d-4cd8-9e7c-6deb2f21aca8:192.168.69.71:42247], old=null
2019-10-19 01:14:51,449 [grpc-default-executor-1] INFO  impl.RaftServerImpl (RaftServerImpl.java:setRole(184)) - 2543ffea-c5c6-4af0-856f-eb846bad755a@group-A3037D40E172: changes role from  FOLLOWER to FOLLOWER at term 227 for recognizeCandidate:f143d5cf-4038-4fa8-8601-f5a45f16ca3e
2019-10-19 01:14:51,449 [grpc-default-executor-1] INFO  impl.RoleInfo (RoleInfo.java:shutdownFollowerState(121)) - 2543ffea-c5c6-4af0-856f-eb846bad755a: shutdown FollowerState
2019-10-19 01:14:51,449 [grpc-default-executor-9] INFO  impl.RaftServerImpl (RaftServerImpl.java:setRole(184)) - 61d14648-e80d-4cd8-9e7c-6deb2f21aca8@group-A3037D40E172: changes role from  FOLLOWER to FOLLOWER at term 227 for recognizeCandidate:f143d5cf-4038-4fa8-8601-f5a45f16ca3e
2019-10-19 01:14:51,449 [grpc-default-executor-9] INFO  impl.RoleInfo (RoleInfo.java:shutdownFollowerState(121)) - 61d14648-e80d-4cd8-9e7c-6deb2f21aca8: shutdown FollowerState
2019-10-19 01:14:51,449 [Thread-8965] INFO  impl.FollowerState (FollowerState.java:run(117)) - 2543ffea-c5c6-4af0-856f-eb846bad755a@group-A3037D40E172-FollowerState was interrupted: java.lang.InterruptedException: sleep interrupted
2019-10-19 01:14:51,449 [grpc-default-executor-1] INFO  impl.RoleInfo (RoleInfo.java:updateAndGet(143)) - 2543ffea-c5c6-4af0-856f-eb846bad755a: start FollowerState
2019-10-19 01:14:51,450 [Thread-8964] INFO  impl.FollowerState (FollowerState.java:run(117)) - 61d14648-e80d-4cd8-9e7c-6deb2f21aca8@group-A3037D40E172-FollowerState was interrupted: java.lang.InterruptedException: sleep interrupted
2019-10-19 01:14:51,450 [grpc-default-executor-9] INFO  impl.RoleInfo (RoleInfo.java:updateAndGet(143)) - 61d14648-e80d-4cd8-9e7c-6deb2f21aca8: start FollowerState
2019-10-19 01:14:51,464 [f143d5cf-4038-4fa8-8601-f5a45f16ca3e@group-A3037D40E172-LeaderElection1004] INFO  impl.LeaderElection (LeaderElection.java:logAndReturn(56)) - f143d5cf-4038-4fa8-8601-f5a45f16ca3e@group-A3037D40E172-LeaderElection1004: Election REJECTED; received 2 response(s) [f143d5cf-4038-4fa8-8601-f5a45f16ca3e<-2543ffea-c5c6-4af0-856f-eb846bad755a#0:FAIL-t227, f143d5cf-4038-4fa8-8601-f5a45f16ca3e<-61d14648-e80d-4cd8-9e7c-6deb2f21aca8#0:FAIL-t227] and 0 exception(s); f143d5cf-4038-4fa8-8601-f5a45f16ca3e@group-A3037D40E172:t227, leader=null, voted=f143d5cf-4038-4fa8-8601-f5a45f16ca3e, raftlog=f143d5cf-4038-4fa8-8601-f5a45f16ca3e@group-A3037D40E172-SegmentedRaftLog:OPENED:c-1,f-1,i0, conf=-1: [f143d5cf-4038-4fa8-8601-f5a45f16ca3e:192.168.69.71:40169, 2543ffea-c5c6-4af0-856f-eb846bad755a:192.168.69.71:45287, 61d14648-e80d-4cd8-9e7c-6deb2f21aca8:192.168.69.71:42247], old=null
2019-10-19 01:14:51,464 [f143d5cf-4038-4fa8-8601-f5a45f16ca3e@group-A3037D40E172-LeaderElection1004] INFO  impl.RaftServerImpl (RaftServerImpl.java:setRole(184)) - f143d5cf-4038-4fa8-8601-f5a45f16ca3e@group-A3037D40E172: changes role from CANDIDATE to FOLLOWER at term 227 for DISCOVERED_A_NEW_TERM
2019-10-19 01:14:51,464 [f143d5cf-4038-4fa8-8601-f5a45f16ca3e@group-A3037D40E172-LeaderElection1004] INFO  impl.RoleInfo (RoleInfo.java:shutdownLeaderElection(134)) - f143d5cf-4038-4fa8-8601-f5a45f16ca3e: shutdown LeaderElection
2019-10-19 01:14:51,464 [f143d5cf-4038-4fa8-8601-f5a45f16ca3e@group-A3037D40E172-LeaderElection1004] INFO  impl.RoleInfo (RoleInfo.java:updateAndGet(143)) - f143d5cf-4038-4fa8-8601-f5a45f16ca3e: start FollowerState
2019-10-19 01:14:51,465 [Thread-8972] INFO  impl.FollowerState (FollowerState.java:run(108)) - f143d5cf-4038-4fa8-8601-f5a45f16ca3e@group-A3037D40E172-FollowerState: change to CANDIDATE, lastRpcTime:1ms, electionTimeout:1ms
2019-10-19 01:14:51,465 [Thread-8972] INFO  impl.RoleInfo (RoleInfo.java:shutdownFollowerState(121)) - f143d5cf-4038-4fa8-8601-f5a45f16ca3e: shutdown FollowerState
2019-10-19 01:14:51,465 [Thread-8972] INFO  impl.RaftServerImpl (RaftServerImpl.java:setRole(184)) - f143d5cf-4038-4fa8-8601-f5a45f16ca3e@group-A3037D40E172: changes role from  FOLLOWER to CANDIDATE at term 227 for changeToCandidate
2019-10-19 01:14:51,465 [Thread-8972] INFO  impl.RoleInfo (RoleInfo.java:updateAndGet(143)) - f143d5cf-4038-4fa8-8601-f5a45f16ca3e: start LeaderElection
2019-10-19 01:14:51,479 [f143d5cf-4038-4fa8-8601-f5a45f16ca3e@group-A3037D40E172-LeaderElection1005] INFO  impl.LeaderElection (LeaderElection.java:askForVotes(178)) - f143d5cf-4038-4fa8-8601-f5a45f16ca3e@group-A3037D40E172-LeaderElection1005: begin an election at term 228 for -1: [f143d5cf-4038-4fa8-8601-f5a45f16ca3e:192.168.69.71:40169, 2543ffea-c5c6-4af0-856f-eb846bad755a:192.168.69.71:45287, 61d14648-e80d-4cd8-9e7c-6deb2f21aca8:192.168.69.71:42247], old=null
2019-10-19 01:14:51,480 [grpc-default-executor-9] INFO  impl.RaftServerImpl (RaftServerImpl.java:setRole(184)) - 2543ffea-c5c6-4af0-856f-eb846bad755a@group-A3037D40E172: changes role from  FOLLOWER to FOLLOWER at term 228 for recognizeCandidate:f143d5cf-4038-4fa8-8601-f5a45f16ca3e
2019-10-19 01:14:51,480 [grpc-default-executor-1] INFO  impl.RaftServerImpl (RaftServerImpl.java:setRole(184)) - 61d14648-e80d-4cd8-9e7c-6deb2f21aca8@group-A3037D40E172: changes role from  FOLLOWER to FOLLOWER at term 228 for recognizeCandidate:f143d5cf-4038-4fa8-8601-f5a45f16ca3e
2019-10-19 01:14:51,480 [grpc-default-executor-9] INFO  impl.RoleInfo (RoleInfo.java:shutdownFollowerState(121)) - 2543ffea-c5c6-4af0-856f-eb846bad755a: shutdown FollowerState
2019-10-19 01:14:51,481 [grpc-default-executor-1] INFO  impl.RoleInfo (RoleInfo.java:shutdownFollowerState(121)) - 61d14648-e80d-4cd8-9e7c-6deb2f21aca8: shutdown FollowerState
2019-10-19 01:14:51,481 [Thread-8970] INFO  impl.FollowerState (FollowerState.java:run(117)) - 2543ffea-c5c6-4af0-856f-eb846bad755a@group-A3037D40E172-FollowerState was interrupted: java.lang.InterruptedException: sleep interrupted
2019-10-19 01:14:51,481 [grpc-default-executor-9] INFO  impl.RoleInfo (RoleInfo.java:updateAndGet(143)) - 2543ffea-c5c6-4af0-856f-eb846bad755a: start FollowerState
2019-10-19 01:14:51,481 [Thread-8971] INFO  impl.FollowerState (FollowerState.java:run(117)) - 61d14648-e80d-4cd8-9e7c-6deb2f21aca8@group-A3037D40E172-FollowerState was interrupted: java.lang.InterruptedException: sleep interrupted
2019-10-19 01:14:51,481 [grpc-default-executor-1] INFO  impl.RoleInfo (RoleInfo.java:updateAndGet(143)) - 61d14648-e80d-4cd8-9e7c-6deb2f21aca8: start FollowerState
2019-10-19 01:14:51,485 [java.util.concurrent.ThreadPoolExecutor$Worker@4a01913f[State = -1, empty queue]] WARN  server.GrpcLogAppender (GrpcLogAppender.java:timeoutAppendRequest(209)) - 88be3607-7667-471c-9070-7dfd13eb5ac8@group-20FCFA0487C4->9c2d914d-67b1-4af9-8080-4d6ee007b506-GrpcLogAppender: appendEntries Timeout, request=88be3607-7667-471c-9070-7dfd13eb5ac8->9c2d914d-67b1-4af9-8080-4d6ee007b506#0-t191, previous=(t:1, i:0), leaderCommit=-1, initializing? false, entries: <empty>
2019-10-19 01:14:51,495 [f143d5cf-4038-4fa8-8601-f5a45f16ca3e@group-A3037D40E172-LeaderElection1005] INFO  impl.LeaderElection (LeaderElection.java:logAndReturn(56)) - f143d5cf-4038-4fa8-8601-f5a45f16ca3e@group-A3037D40E172-LeaderElection1005: Election REJECTED; received 2 response(s) [f143d5cf-4038-4fa8-8601-f5a45f16ca3e<-2543ffea-c5c6-4af0-856f-eb846bad755a#0:FAIL-t228, f143d5cf-4038-4fa8-8601-f5a45f16ca3e<-61d14648-e80d-4cd8-9e7c-6deb2f21aca8#0:FAIL-t228] and 0 exception(s); f143d5cf-4038-4fa8-8601-f5a45f16ca3e@group-A3037D40E172:t228, leader=null, voted=f143d5cf-4038-4fa8-8601-f5a45f16ca3e, raftlog=f143d5cf-4038-4fa8-8601-f5a45f16ca3e@group-A3037D40E172-SegmentedRaftLog:OPENED:c-1,f-1,i0, conf=-1: [f143d5cf-4038-4fa8-8601-f5a45f16ca3e:192.168.69.71:40169, 2543ffea-c5c6-4af0-856f-eb846bad755a:192.168.69.71:45287, 61d14648-e80d-4cd8-9e7c-6deb2f21aca8:192.168.69.71:42247], old=null
2019-10-19 01:14:51,495 [f143d5cf-4038-4fa8-8601-f5a45f16ca3e@group-A3037D40E172-LeaderElection1005] INFO  impl.RaftServerImpl (RaftServerImpl.java:setRole(184)) - f143d5cf-4038-4fa8-8601-f5a45f16ca3e@group-A3037D40E172: changes role from CANDIDATE to FOLLOWER at term 228 for DISCOVERED_A_NEW_TERM
2019-10-19 01:14:51,495 [f143d5cf-4038-4fa8-8601-f5a45f16ca3e@group-A3037D40E172-LeaderElection1005] INFO  impl.RoleInfo (RoleInfo.java:shutdownLeaderElection(134)) - f143d5cf-4038-4fa8-8601-f5a45f16ca3e: shutdown LeaderElection
2019-10-19 01:14:51,495 [f143d5cf-4038-4fa8-8601-f5a45f16ca3e@group-A3037D40E172-LeaderElection1005] INFO  impl.RoleInfo (RoleInfo.java:updateAndGet(143)) - f143d5cf-4038-4fa8-8601-f5a45f16ca3e: start FollowerState
2019-10-19 01:14:51,656 [Thread-8978] INFO  impl.FollowerState (FollowerState.java:run(108)) - f143d5cf-4038-4fa8-8601-f5a45f16ca3e@group-A3037D40E172-FollowerState: change to CANDIDATE, lastRpcTime:161ms, electionTimeout:161ms
2019-10-19 01:14:51,657 [Thread-8978] INFO  impl.RoleInfo (RoleInfo.java:shutdownFollowerState(121)) - f143d5cf-4038-4fa8-8601-f5a45f16ca3e: shutdown FollowerState
2019-10-19 01:14:51,657 [Thread-8978] INFO  impl.RaftServerImpl (RaftServerImpl.java:setRole(184)) - f143d5cf-4038-4fa8-8601-f5a45f16ca3e@group-A3037D40E172: changes role from  FOLLOWER to CANDIDATE at term 228 for changeToCandidate
2019-10-19 01:14:51,657 [Thread-8978] INFO  impl.RoleInfo (RoleInfo.java:updateAndGet(143)) - f143d5cf-4038-4fa8-8601-f5a45f16ca3e: start LeaderElection
2019-10-19 01:14:51,672 [f143d5cf-4038-4fa8-8601-f5a45f16ca3e@group-A3037D40E172-LeaderElection1006] INFO  impl.LeaderElection (LeaderElection.java:askForVotes(178)) - f143d5cf-4038-4fa8-8601-f5a45f16ca3e@group-A3037D40E172-LeaderElection1006: begin an election at term 229 for -1: [f143d5cf-4038-4fa8-8601-f5a45f16ca3e:192.168.69.71:40169, 2543ffea-c5c6-4af0-856f-eb846bad755a:192.168.69.71:45287, 61d14648-e80d-4cd8-9e7c-6deb2f21aca8:192.168.69.71:42247], old=null
2019-10-19 01:14:51,673 [grpc-default-executor-1] INFO  impl.RaftServerImpl (RaftServerImpl.java:setRole(184)) - 2543ffea-c5c6-4af0-856f-eb846bad755a@group-A3037D40E172: changes role from  FOLLOWER to FOLLOWER at term 229 for recognizeCandidate:f143d5cf-4038-4fa8-8601-f5a45f16ca3e
2019-10-19 01:14:51,673 [grpc-default-executor-9] INFO  impl.RaftServerImpl (RaftServerImpl.java:setRole(184)) - 61d14648-e80d-4cd8-9e7c-6deb2f21aca8@group-A3037D40E172: changes role from  FOLLOWER to FOLLOWER at term 229 for recognizeCandidate:f143d5cf-4038-4fa8-8601-f5a45f16ca3e
2019-10-19 01:14:51,673 [grpc-default-executor-9] INFO  impl.RoleInfo (RoleInfo.java:shutdownFollowerState(121)) - 61d14648-e80d-4cd8-9e7c-6deb2f21aca8: shutdown FollowerState
2019-10-19 01:14:51,673 [grpc-default-executor-1] INFO  impl.RoleInfo (RoleInfo.java:shutdownFollowerState(121)) - 2543ffea-c5c6-4af0-856f-eb846bad755a: shutdown FollowerState
2019-10-19 01:14:51,673 [Thread-8977] INFO  impl.FollowerState (FollowerState.java:run(117)) - 61d14648-e80d-4cd8-9e7c-6deb2f21aca8@group-A3037D40E172-FollowerState was interrupted: java.lang.InterruptedException: sleep interrupted
2019-10-19 01:14:51,673 [grpc-default-executor-9] INFO  impl.RoleInfo (RoleInfo.java:updateAndGet(143)) - 61d14648-e80d-4cd8-9e7c-6deb2f21aca8: start FollowerState
2019-10-19 01:14:51,673 [Thread-8976] INFO  impl.FollowerState (FollowerState.java:run(117)) - 2543ffea-c5c6-4af0-856f-eb846bad755a@group-A3037D40E172-FollowerState was interrupted: java.lang.InterruptedException: sleep interrupted
2019-10-19 01:14:51,673 [grpc-default-executor-1] INFO  impl.RoleInfo (RoleInfo.java:updateAndGet(143)) - 2543ffea-c5c6-4af0-856f-eb846bad755a: start FollowerState
2019-10-19 01:14:51,689 [f143d5cf-4038-4fa8-8601-f5a45f16ca3e@group-A3037D40E172-LeaderElection1006] INFO  impl.LeaderElection (LeaderElection.java:logAndReturn(56)) - f143d5cf-4038-4fa8-8601-f5a45f16ca3e@group-A3037D40E172-LeaderElection1006: Election REJECTED; received 2 response(s) [f143d5cf-4038-4fa8-8601-f5a45f16ca3e<-2543ffea-c5c6-4af0-856f-eb846bad755a#0:FAIL-t229, f143d5cf-4038-4fa8-8601-f5a45f16ca3e<-61d14648-e80d-4cd8-9e7c-6deb2f21aca8#0:FAIL-t229] and 0 exception(s); f143d5cf-4038-4fa8-8601-f5a45f16ca3e@group-A3037D40E172:t229, leader=null, voted=f143d5cf-4038-4fa8-8601-f5a45f16ca3e, raftlog=f143d5cf-4038-4fa8-8601-f5a45f16ca3e@group-A3037D40E172-SegmentedRaftLog:OPENED:c-1,f-1,i0, conf=-1: [f143d5cf-4038-4fa8-8601-f5a45f16ca3e:192.168.69.71:40169, 2543ffea-c5c6-4af0-856f-eb846bad755a:192.168.69.71:45287, 61d14648-e80d-4cd8-9e7c-6deb2f21aca8:192.168.69.71:42247], old=null
2019-10-19 01:14:51,689 [f143d5cf-4038-4fa8-8601-f5a45f16ca3e@group-A3037D40E172-LeaderElection1006] INFO  impl.RaftServerImpl (RaftServerImpl.java:setRole(184)) - f143d5cf-4038-4fa8-8601-f5a45f16ca3e@group-A3037D40E172: changes role from CANDIDATE to FOLLOWER at term 229 for DISCOVERED_A_NEW_TERM
2019-10-19 01:14:51,689 [f143d5cf-4038-4fa8-8601-f5a45f16ca3e@group-A3037D40E172-LeaderElection1006] INFO  impl.RoleInfo (RoleInfo.java:shutdownLeaderElection(134)) - f143d5cf-4038-4fa8-8601-f5a45f16ca3e: shutdown LeaderElection
2019-10-19 01:14:51,689 [f143d5cf-4038-4fa8-8601-f5a45f16ca3e@group-A3037D40E172-LeaderElection1006] INFO  impl.RoleInfo (RoleInfo.java:updateAndGet(143)) - f143d5cf-4038-4fa8-8601-f5a45f16ca3e: start FollowerState
2019-10-19 01:14:51,866 [Thread-8987] INFO  impl.FollowerState (FollowerState.java:run(108)) - f143d5cf-4038-4fa8-8601-f5a45f16ca3e@group-A3037D40E172-FollowerState: change to CANDIDATE, lastRpcTime:177ms, electionTimeout:177ms
2019-10-19 01:14:51,866 [Thread-8987] INFO  impl.RoleInfo (RoleInfo.java:shutdownFollowerState(121)) - f143d5cf-4038-4fa8-8601-f5a45f16ca3e: shutdown FollowerState
2019-10-19 01:14:51,866 [Thread-8987] INFO  impl.RaftServerImpl (RaftServerImpl.java:setRole(184)) - f143d5cf-4038-4fa8-8601-f5a45f16ca3e@group-A3037D40E172: changes role from  FOLLOWER to CANDIDATE at term 229 for changeToCandidate
2019-10-19 01:14:51,866 [Thread-8987] INFO  impl.RoleInfo (RoleInfo.java:updateAndGet(143)) - f143d5cf-4038-4fa8-8601-f5a45f16ca3e: start LeaderElection
2019-10-19 01:14:51,880 [f143d5cf-4038-4fa8-8601-f5a45f16ca3e@group-A3037D40E172-LeaderElection1007] INFO  impl.LeaderElection (LeaderElection.java:askForVotes(178)) - f143d5cf-4038-4fa8-8601-f5a45f16ca3e@group-A3037D40E172-LeaderElection1007: begin an election at term 230 for -1: [f143d5cf-4038-4fa8-8601-f5a45f16ca3e:192.168.69.71:40169, 2543ffea-c5c6-4af0-856f-eb846bad755a:192.168.69.71:45287, 61d14648-e80d-4cd8-9e7c-6deb2f21aca8:192.168.69.71:42247], old=null
2019-10-19 01:14:51,881 [grpc-default-executor-1] INFO  impl.RaftServerImpl (RaftServerImpl.java:setRole(184)) - 61d14648-e80d-4cd8-9e7c-6deb2f21aca8@group-A3037D40E172: changes role from  FOLLOWER to FOLLOWER at term 230 for recognizeCandidate:f143d5cf-4038-4fa8-8601-f5a45f16ca3e
2019-10-19 01:14:51,881 [grpc-default-executor-1] INFO  impl.RoleInfo (RoleInfo.java:shutdownFollowerState(121)) - 61d14648-e80d-4cd8-9e7c-6deb2f21aca8: shutdown FollowerState
2019-10-19 01:14:51,881 [grpc-default-executor-9] INFO  impl.RaftServerImpl (RaftServerImpl.java:setRole(184)) - 2543ffea-c5c6-4af0-856f-eb846bad755a@group-A3037D40E172: changes role from  FOLLOWER to FOLLOWER at term 230 for recognizeCandidate:f143d5cf-4038-4fa8-8601-f5a45f16ca3e
2019-10-19 01:14:51,881 [Thread-8985] INFO  impl.FollowerState (FollowerState.java:run(117)) - 61d14648-e80d-4cd8-9e7c-6deb2f21aca8@group-A3037D40E172-FollowerState was interrupted: java.lang.InterruptedException: sleep interrupted
2019-10-19 01:14:51,881 [grpc-default-executor-1] INFO  impl.RoleInfo (RoleInfo.java:updateAndGet(143)) - 61d14648-e80d-4cd8-9e7c-6deb2f21aca8: start FollowerState
2019-10-19 01:14:51,882 [grpc-default-executor-9] INFO  impl.RoleInfo (RoleInfo.java:shutdownFollowerState(121)) - 2543ffea-c5c6-4af0-856f-eb846bad755a: shutdown FollowerState
2019-10-19 01:14:51,882 [Thread-8986] INFO  impl.FollowerState (FollowerState.java:run(117)) - 2543ffea-c5c6-4af0-856f-eb846bad755a@group-A3037D40E172-FollowerState was interrupted: java.lang.InterruptedException: sleep interrupted
2019-10-19 01:14:51,882 [grpc-default-executor-9] INFO  impl.RoleInfo (RoleInfo.java:updateAndGet(143)) - 2543ffea-c5c6-4af0-856f-eb846bad755a: start FollowerState
2019-10-19 01:14:51,895 [f143d5cf-4038-4fa8-8601-f5a45f16ca3e@group-A3037D40E172-LeaderElection1007] INFO  impl.LeaderElection (LeaderElection.java:logAndReturn(56)) - f143d5cf-4038-4fa8-8601-f5a45f16ca3e@group-A3037D40E172-LeaderElection1007: Election REJECTED; received 2 response(s) [f143d5cf-4038-4fa8-8601-f5a45f16ca3e<-2543ffea-c5c6-4af0-856f-eb846bad755a#0:FAIL-t230, f143d5cf-4038-4fa8-8601-f5a45f16ca3e<-61d14648-e80d-4cd8-9e7c-6deb2f21aca8#0:FAIL-t230] and 0 exception(s); f143d5cf-4038-4fa8-8601-f5a45f16ca3e@group-A3037D40E172:t230, leader=null, voted=f143d5cf-4038-4fa8-8601-f5a45f16ca3e, raftlog=f143d5cf-4038-4fa8-8601-f5a45f16ca3e@group-A3037D40E172-SegmentedRaftLog:OPENED:c-1,f-1,i0, conf=-1: [f143d5cf-4038-4fa8-8601-f5a45f16ca3e:192.168.69.71:40169, 2543ffea-c5c6-4af0-856f-eb846bad755a:192.168.69.71:45287, 61d14648-e80d-4cd8-9e7c-6deb2f21aca8:192.168.69.71:42247], old=null
2019-10-19 01:14:51,896 [f143d5cf-4038-4fa8-8601-f5a45f16ca3e@group-A3037D40E172-LeaderElection1007] INFO  impl.RaftServerImpl (RaftServerImpl.java:setRole(184)) - f143d5cf-4038-4fa8-8601-f5a45f16ca3e@group-A3037D40E172: changes role from CANDIDATE to FOLLOWER at term 230 for DISCOVERED_A_NEW_TERM
2019-10-19 01:14:51,896 [f143d5cf-4038-4fa8-8601-f5a45f16ca3e@group-A3037D40E172-LeaderElection1007] INFO  impl.RoleInfo (RoleInfo.java:shutdownLeaderElection(134)) - f143d5cf-4038-4fa8-8601-f5a45f16ca3e: shutdown LeaderElection
2019-10-19 01:14:51,896 [f143d5cf-4038-4fa8-8601-f5a45f16ca3e@group-A3037D40E172-LeaderElection1007] INFO  impl.RoleInfo (RoleInfo.java:updateAndGet(143)) - f143d5cf-4038-4fa8-8601-f5a45f16ca3e: start FollowerState
2019-10-19 01:14:52,083 [Thread-8993] INFO  impl.FollowerState (FollowerState.java:run(108)) - f143d5cf-4038-4fa8-8601-f5a45f16ca3e@group-A3037D40E172-FollowerState: change to CANDIDATE, lastRpcTime:187ms, electionTimeout:187ms
2019-10-19 01:14:52,083 [Thread-8993] INFO  impl.RoleInfo (RoleInfo.java:shutdownFollowerState(121)) - f143d5cf-4038-4fa8-8601-f5a45f16ca3e: shutdown FollowerState
2019-10-19 01:14:52,083 [Thread-8993] INFO  impl.RaftServerImpl (RaftServerImpl.java:setRole(184)) - f143d5cf-4038-4fa8-8601-f5a45f16ca3e@group-A3037D40E172: changes role from  FOLLOWER to CANDIDATE at term 230 for changeToCandidate
2019-10-19 01:14:52,083 [Thread-8993] INFO  impl.RoleInfo (RoleInfo.java:updateAndGet(143)) - f143d5cf-4038-4fa8-8601-f5a45f16ca3e: start LeaderElection
2019-10-19 01:14:52,105 [f143d5cf-4038-4fa8-8601-f5a45f16ca3e@group-A3037D40E172-LeaderElection1008] INFO  impl.LeaderElection (LeaderElection.java:askForVotes(178)) - f143d5cf-4038-4fa8-8601-f5a45f16ca3e@group-A3037D40E172-LeaderElection1008: begin an election at term 231 for -1: [f143d5cf-4038-4fa8-8601-f5a45f16ca3e:192.168.69.71:40169, 2543ffea-c5c6-4af0-856f-eb846bad755a:192.168.69.71:45287, 61d14648-e80d-4cd8-9e7c-6deb2f21aca8:192.168.69.71:42247], old=null
2019-10-19 01:14:52,107 [grpc-default-executor-1] INFO  impl.RaftServerImpl (RaftServerImpl.java:setRole(184)) - 2543ffea-c5c6-4af0-856f-eb846bad755a@group-A3037D40E172: changes role from  FOLLOWER to FOLLOWER at term 231 for recognizeCandidate:f143d5cf-4038-4fa8-8601-f5a45f16ca3e
2019-10-19 01:14:52,107 [grpc-default-executor-1] INFO  impl.RoleInfo (RoleInfo.java:shutdownFollowerState(121)) - 2543ffea-c5c6-4af0-856f-eb846bad755a: shutdown FollowerState
2019-10-19 01:14:52,107 [grpc-default-executor-9] INFO  impl.RaftServerImpl (RaftServerImpl.java:setRole(184)) - 61d14648-e80d-4cd8-9e7c-6deb2f21aca8@group-A3037D40E172: changes role from  FOLLOWER to FOLLOWER at term 231 for recognizeCandidate:f143d5cf-4038-4fa8-8601-f5a45f16ca3e
2019-10-19 01:14:52,107 [grpc-default-executor-9] INFO  impl.RoleInfo (RoleInfo.java:shutdownFollowerState(121)) - 61d14648-e80d-4cd8-9e7c-6deb2f21aca8: shutdown FollowerState
2019-10-19 01:14:52,107 [Thread-8992] INFO  impl.FollowerState (FollowerState.java:run(117)) - 2543ffea-c5c6-4af0-856f-eb846bad755a@group-A3037D40E172-FollowerState was interrupted: java.lang.InterruptedException: sleep interrupted
2019-10-19 01:14:52,107 [grpc-default-executor-1] INFO  impl.RoleInfo (RoleInfo.java:updateAndGet(143)) - 2543ffea-c5c6-4af0-856f-eb846bad755a: start FollowerState
2019-10-19 01:14:52,107 [Thread-8991] INFO  impl.FollowerState (FollowerState.java:run(117)) - 61d14648-e80d-4cd8-9e7c-6deb2f21aca8@group-A3037D40E172-FollowerState was interrupted: java.lang.InterruptedException: sleep interrupted
2019-10-19 01:14:52,107 [grpc-default-executor-9] INFO  impl.RoleInfo (RoleInfo.java:updateAndGet(143)) - 61d14648-e80d-4cd8-9e7c-6deb2f21aca8: start FollowerState
2019-10-19 01:14:52,120 [f143d5cf-4038-4fa8-8601-f5a45f16ca3e@group-A3037D40E172-LeaderElection1008] INFO  impl.LeaderElection (LeaderElection.java:logAndReturn(56)) - f143d5cf-4038-4fa8-8601-f5a45f16ca3e@group-A3037D40E172-LeaderElection1008: Election REJECTED; received 2 response(s) [f143d5cf-4038-4fa8-8601-f5a45f16ca3e<-2543ffea-c5c6-4af0-856f-eb846bad755a#0:FAIL-t231, f143d5cf-4038-4fa8-8601-f5a45f16ca3e<-61d14648-e80d-4cd8-9e7c-6deb2f21aca8#0:FAIL-t231] and 0 exception(s); f143d5cf-4038-4fa8-8601-f5a45f16ca3e@group-A3037D40E172:t231, leader=null, voted=f143d5cf-4038-4fa8-8601-f5a45f16ca3e, raftlog=f143d5cf-4038-4fa8-8601-f5a45f16ca3e@group-A3037D40E172-SegmentedRaftLog:OPENED:c-1,f-1,i0, conf=-1: [f143d5cf-4038-4fa8-8601-f5a45f16ca3e:192.168.69.71:40169, 2543ffea-c5c6-4af0-856f-eb846bad755a:192.168.69.71:45287, 61d14648-e80d-4cd8-9e7c-6deb2f21aca8:192.168.69.71:42247], old=null
2019-10-19 01:14:52,120 [f143d5cf-4038-4fa8-8601-f5a45f16ca3e@group-A3037D40E172-LeaderElection1008] INFO  impl.RaftServerImpl (RaftServerImpl.java:setRole(184)) - f143d5cf-4038-4fa8-8601-f5a45f16ca3e@group-A3037D40E172: changes role from CANDIDATE to FOLLOWER at term 231 for DISCOVERED_A_NEW_TERM
2019-10-19 01:14:52,120 [f143d5cf-4038-4fa8-8601-f5a45f16ca3e@group-A3037D40E172-LeaderElection1008] INFO  impl.RoleInfo (RoleInfo.java:shutdownLeaderElection(134)) - f143d5cf-4038-4fa8-8601-f5a45f16ca3e: shutdown LeaderElection
2019-10-19 01:14:52,121 [f143d5cf-4038-4fa8-8601-f5a45f16ca3e@group-A3037D40E172-LeaderElection1008] INFO  impl.RoleInfo (RoleInfo.java:updateAndGet(143)) - f143d5cf-4038-4fa8-8601-f5a45f16ca3e: start FollowerState
2019-10-19 01:14:52,317 [Thread-9002] INFO  impl.FollowerState (FollowerState.java:run(108)) - f143d5cf-4038-4fa8-8601-f5a45f16ca3e@group-A3037D40E172-FollowerState: change to CANDIDATE, lastRpcTime:196ms, electionTimeout:196ms
2019-10-19 01:14:52,317 [Thread-9002] INFO  impl.RoleInfo (RoleInfo.java:shutdownFollowerState(121)) - f143d5cf-4038-4fa8-8601-f5a45f16ca3e: shutdown FollowerState
2019-10-19 01:14:52,317 [Thread-9002] INFO  impl.RaftServerImpl (RaftServerImpl.java:setRole(184)) - f143d5cf-4038-4fa8-8601-f5a45f16ca3e@group-A3037D40E172: changes role from  FOLLOWER to CANDIDATE at term 231 for changeToCandidate
2019-10-19 01:14:52,317 [Thread-9002] INFO  impl.RoleInfo (RoleInfo.java:updateAndGet(143)) - f143d5cf-4038-4fa8-8601-f5a45f16ca3e: start LeaderElection
2019-10-19 01:14:52,331 [f143d5cf-4038-4fa8-8601-f5a45f16ca3e@group-A3037D40E172-LeaderElection1009] INFO  impl.LeaderElection (LeaderElection.java:askForVotes(178)) - f143d5cf-4038-4fa8-8601-f5a45f16ca3e@group-A3037D40E172-LeaderElection1009: begin an election at term 232 for -1: [f143d5cf-4038-4fa8-8601-f5a45f16ca3e:192.168.69.71:40169, 2543ffea-c5c6-4af0-856f-eb846bad755a:192.168.69.71:45287, 61d14648-e80d-4cd8-9e7c-6deb2f21aca8:192.168.69.71:42247], old=null
2019-10-19 01:14:52,332 [grpc-default-executor-9] INFO  impl.RaftServerImpl (RaftServerImpl.java:setRole(184)) - 2543ffea-c5c6-4af0-856f-eb846bad755a@group-A3037D40E172: changes role from  FOLLOWER to FOLLOWER at term 232 for recognizeCandidate:f143d5cf-4038-4fa8-8601-f5a45f16ca3e
2019-10-19 01:14:52,332 [grpc-default-executor-9] INFO  impl.RoleInfo (RoleInfo.java:shutdownFollowerState(121)) - 2543ffea-c5c6-4af0-856f-eb846bad755a: shutdown FollowerState
2019-10-19 01:14:52,333 [grpc-default-executor-9] INFO  impl.RoleInfo (RoleInfo.java:updateAndGet(143)) - 2543ffea-c5c6-4af0-856f-eb846bad755a: start FollowerState
2019-10-19 01:14:52,333 [Thread-9000] INFO  impl.FollowerState (FollowerState.java:run(117)) - 2543ffea-c5c6-4af0-856f-eb846bad755a@group-A3037D40E172-FollowerState was interrupted: java.lang.InterruptedException: sleep interrupted
2019-10-19 01:14:52,333 [grpc-default-executor-1] INFO  impl.RaftServerImpl (RaftServerImpl.java:setRole(184)) - 61d14648-e80d-4cd8-9e7c-6deb2f21aca8@group-A3037D40E172: changes role from  FOLLOWER to FOLLOWER at term 232 for recognizeCandidate:f143d5cf-4038-4fa8-8601-f5a45f16ca3e
2019-10-19 01:14:52,333 [grpc-default-executor-1] INFO  impl.RoleInfo (RoleInfo.java:shutdownFollowerState(121)) - 61d14648-e80d-4cd8-9e7c-6deb2f21aca8: shutdown FollowerState
2019-10-19 01:14:52,333 [grpc-default-executor-1] INFO  impl.RoleInfo (RoleInfo.java:updateAndGet(143)) - 61d14648-e80d-4cd8-9e7c-6deb2f21aca8: start FollowerState
2019-10-19 01:14:52,333 [Thread-9001] INFO  impl.FollowerState (FollowerState.java:run(117)) - 61d14648-e80d-4cd8-9e7c-6deb2f21aca8@group-A3037D40E172-FollowerState was interrupted: java.lang.InterruptedException: sleep interrupted
2019-10-19 01:14:52,346 [f143d5cf-4038-4fa8-8601-f5a45f16ca3e@group-A3037D40E172-LeaderElection1009] INFO  impl.LeaderElection (LeaderElection.java:logAndReturn(56)) - f143d5cf-4038-4fa8-8601-f5a45f16ca3e@group-A3037D40E172-LeaderElection1009: Election REJECTED; received 2 response(s) [f143d5cf-4038-4fa8-8601-f5a45f16ca3e<-2543ffea-c5c6-4af0-856f-eb846bad755a#0:FAIL-t232, f143d5cf-4038-4fa8-8601-f5a45f16ca3e<-61d14648-e80d-4cd8-9e7c-6deb2f21aca8#0:FAIL-t232] and 0 exception(s); f143d5cf-4038-4fa8-8601-f5a45f16ca3e@group-A3037D40E172:t232, leader=null, voted=f143d5cf-4038-4fa8-8601-f5a45f16ca3e, raftlog=f143d5cf-4038-4fa8-8601-f5a45f16ca3e@group-A3037D40E172-SegmentedRaftLog:OPENED:c-1,f-1,i0, conf=-1: [f143d5cf-4038-4fa8-8601-f5a45f16ca3e:192.168.69.71:40169, 2543ffea-c5c6-4af0-856f-eb846bad755a:192.168.69.71:45287, 61d14648-e80d-4cd8-9e7c-6deb2f21aca8:192.168.69.71:42247], old=null
2019-10-19 01:14:52,347 [f143d5cf-4038-4fa8-8601-f5a45f16ca3e@group-A3037D40E172-LeaderElection1009] INFO  impl.RaftServerImpl (RaftServerImpl.java:setRole(184)) - f143d5cf-4038-4fa8-8601-f5a45f16ca3e@group-A3037D40E172: changes role from CANDIDATE to FOLLOWER at term 232 for DISCOVERED_A_NEW_TERM
2019-10-19 01:14:52,347 [f143d5cf-4038-4fa8-8601-f5a45f16ca3e@group-A3037D40E172-LeaderElection1009] INFO  impl.RoleInfo (RoleInfo.java:shutdownLeaderElection(134)) - f143d5cf-4038-4fa8-8601-f5a45f16ca3e: shutdown LeaderElection
2019-10-19 01:14:52,347 [f143d5cf-4038-4fa8-8601-f5a45f16ca3e@group-A3037D40E172-LeaderElection1009] INFO  impl.RoleInfo (RoleInfo.java:updateAndGet(143)) - f143d5cf-4038-4fa8-8601-f5a45f16ca3e: start FollowerState
2019-10-19 01:14:52,538 [Thread-9008] INFO  impl.FollowerState (FollowerState.java:run(108)) - f143d5cf-4038-4fa8-8601-f5a45f16ca3e@group-A3037D40E172-FollowerState: change to CANDIDATE, lastRpcTime:191ms, electionTimeout:191ms
2019-10-19 01:14:52,538 [Thread-9008] INFO  impl.RoleInfo (RoleInfo.java:shutdownFollowerState(121)) - f143d5cf-4038-4fa8-8601-f5a45f16ca3e: shutdown FollowerState
2019-10-19 01:14:52,538 [Thread-9008] INFO  impl.RaftServerImpl (RaftServerImpl.java:setRole(184)) - f143d5cf-4038-4fa8-8601-f5a45f16ca3e@group-A3037D40E172: changes role from  FOLLOWER to CANDIDATE at term 232 for changeToCandidate
2019-10-19 01:14:52,539 [Thread-9008] INFO  impl.RoleInfo (RoleInfo.java:updateAndGet(143)) - f143d5cf-4038-4fa8-8601-f5a45f16ca3e: start LeaderElection
2019-10-19 01:14:52,556 [f143d5cf-4038-4fa8-8601-f5a45f16ca3e@group-A3037D40E172-LeaderElection1010] INFO  impl.LeaderElection (LeaderElection.java:askForVotes(178)) - f143d5cf-4038-4fa8-8601-f5a45f16ca3e@group-A3037D40E172-LeaderElection1010: begin an election at term 233 for -1: [f143d5cf-4038-4fa8-8601-f5a45f16ca3e:192.168.69.71:40169, 2543ffea-c5c6-4af0-856f-eb846bad755a:192.168.69.71:45287, 61d14648-e80d-4cd8-9e7c-6deb2f21aca8:192.168.69.71:42247], old=null
2019-10-19 01:14:52,558 [grpc-default-executor-9] INFO  impl.RaftServerImpl (RaftServerImpl.java:setRole(184)) - 61d14648-e80d-4cd8-9e7c-6deb2f21aca8@group-A3037D40E172: changes role from  FOLLOWER to FOLLOWER at term 233 for recognizeCandidate:f143d5cf-4038-4fa8-8601-f5a45f16ca3e
2019-10-19 01:14:52,558 [grpc-default-executor-1] INFO  impl.RaftServerImpl (RaftServerImpl.java:setRole(184)) - 2543ffea-c5c6-4af0-856f-eb846bad755a@group-A3037D40E172: changes role from  FOLLOWER to FOLLOWER at term 233 for recognizeCandidate:f143d5cf-4038-4fa8-8601-f5a45f16ca3e
2019-10-19 01:14:52,558 [grpc-default-executor-9] INFO  impl.RoleInfo (RoleInfo.java:shutdownFollowerState(121)) - 61d14648-e80d-4cd8-9e7c-6deb2f21aca8: shutdown FollowerState
2019-10-19 01:14:52,558 [grpc-default-executor-1] INFO  impl.RoleInfo (RoleInfo.java:shutdownFollowerState(121)) - 2543ffea-c5c6-4af0-856f-eb846bad755a: shutdown FollowerState
2019-10-19 01:14:52,558 [grpc-default-executor-9] INFO  impl.RoleInfo (RoleInfo.java:updateAndGet(143)) - 61d14648-e80d-4cd8-9e7c-6deb2f21aca8: start FollowerState
2019-10-19 01:14:52,558 [Thread-9006] INFO  impl.FollowerState (FollowerState.java:run(117)) - 2543ffea-c5c6-4af0-856f-eb846bad755a@group-A3037D40E172-FollowerState was interrupted: java.lang.InterruptedException: sleep interrupted
2019-10-19 01:14:52,558 [grpc-default-executor-1] INFO  impl.RoleInfo (RoleInfo.java:updateAndGet(143)) - 2543ffea-c5c6-4af0-856f-eb846bad755a: start FollowerState
2019-10-19 01:14:52,558 [Thread-9007] INFO  impl.FollowerState (FollowerState.java:run(117)) - 61d14648-e80d-4cd8-9e7c-6deb2f21aca8@group-A3037D40E172-FollowerState was interrupted: java.lang.InterruptedException: sleep interrupted
2019-10-19 01:14:52,572 [f143d5cf-4038-4fa8-8601-f5a45f16ca3e@group-A3037D40E172-LeaderElection1010] INFO  impl.LeaderElection (LeaderElection.java:logAndReturn(56)) - f143d5cf-4038-4fa8-8601-f5a45f16ca3e@group-A3037D40E172-LeaderElection1010: Election REJECTED; received 2 response(s) [f143d5cf-4038-4fa8-8601-f5a45f16ca3e<-2543ffea-c5c6-4af0-856f-eb846bad755a#0:FAIL-t233, f143d5cf-4038-4fa8-8601-f5a45f16ca3e<-61d14648-e80d-4cd8-9e7c-6deb2f21aca8#0:FAIL-t233] and 0 exception(s); f143d5cf-4038-4fa8-8601-f5a45f16ca3e@group-A3037D40E172:t233, leader=null, voted=f143d5cf-4038-4fa8-8601-f5a45f16ca3e, raftlog=f143d5cf-4038-4fa8-8601-f5a45f16ca3e@group-A3037D40E172-SegmentedRaftLog:OPENED:c-1,f-1,i0, conf=-1: [f143d5cf-4038-4fa8-8601-f5a45f16ca3e:192.168.69.71:40169, 2543ffea-c5c6-4af0-856f-eb846bad755a:192.168.69.71:45287, 61d14648-e80d-4cd8-9e7c-6deb2f21aca8:192.168.69.71:42247], old=null
2019-10-19 01:14:52,572 [f143d5cf-4038-4fa8-8601-f5a45f16ca3e@group-A3037D40E172-LeaderElection1010] INFO  impl.RaftServerImpl (RaftServerImpl.java:setRole(184)) - f143d5cf-4038-4fa8-8601-f5a45f16ca3e@group-A3037D40E172: changes role from CANDIDATE to FOLLOWER at term 233 for DISCOVERED_A_NEW_TERM
2019-10-19 01:14:52,572 [f143d5cf-4038-4fa8-8601-f5a45f16ca3e@group-A3037D40E172-LeaderElection1010] INFO  impl.RoleInfo (RoleInfo.java:shutdownLeaderElection(134)) - f143d5cf-4038-4fa8-8601-f5a45f16ca3e: shutdown LeaderElection
2019-10-19 01:14:52,573 [f143d5cf-4038-4fa8-8601-f5a45f16ca3e@group-A3037D40E172-LeaderElection1010] INFO  impl.RoleInfo (RoleInfo.java:updateAndGet(143)) - f143d5cf-4038-4fa8-8601-f5a45f16ca3e: start FollowerState
2019-10-19 01:14:52,609 [main] INFO  ozoneimpl.OzoneContainer (OzoneContainer.java:stop(227)) - Attempting to stop container services.
2019-10-19 01:14:52,610 [ForkJoinPool.commonPool-worker-1] INFO  ozoneimpl.OzoneContainer (OzoneContainer.java:stop(227)) - Attempting to stop container services.
2019-10-19 01:14:52,610 [main] INFO  impl.RaftServerProxy (RaftServerProxy.java:lambda$close$4(314)) - f143d5cf-4038-4fa8-8601-f5a45f16ca3e: close
2019-10-19 01:14:52,610 [ForkJoinPool.commonPool-worker-1] INFO  impl.RaftServerProxy (RaftServerProxy.java:lambda$close$4(314)) - 481c33f5-8212-4ec9-a494-633b8160f9c0: close
2019-10-19 01:14:52,610 [main] INFO  impl.RaftServerImpl (RaftServerImpl.java:lambda$shutdown$3(261)) - f143d5cf-4038-4fa8-8601-f5a45f16ca3e@group-EFC1A5572408: shutdown
2019-10-19 01:14:52,610 [ForkJoinPool.commonPool-worker-1] INFO  impl.RaftServerImpl (RaftServerImpl.java:lambda$shutdown$3(261)) - 481c33f5-8212-4ec9-a494-633b8160f9c0@group-387A02668279: shutdown
2019-10-19 01:14:52,611 [main] INFO  util.JmxRegister (JmxRegister.java:unregister(73)) - Successfully un-registered JMX Bean with object name Ratis:service=RaftServer,group=group-EFC1A5572408,id=f143d5cf-4038-4fa8-8601-f5a45f16ca3e
2019-10-19 01:14:52,611 [ForkJoinPool.commonPool-worker-1] INFO  util.JmxRegister (JmxRegister.java:unregister(73)) - Successfully un-registered JMX Bean with object name Ratis:service=RaftServer,group=group-387A02668279,id=481c33f5-8212-4ec9-a494-633b8160f9c0
2019-10-19 01:14:52,611 [main] INFO  impl.RoleInfo (RoleInfo.java:shutdownLeaderState(104)) - f143d5cf-4038-4fa8-8601-f5a45f16ca3e: shutdown LeaderState
2019-10-19 01:14:52,611 [ForkJoinPool.commonPool-worker-1] INFO  impl.RoleInfo (RoleInfo.java:shutdownLeaderState(104)) - 481c33f5-8212-4ec9-a494-633b8160f9c0: shutdown LeaderState
2019-10-19 01:14:52,611 [main] INFO  impl.PendingRequests (PendingRequests.java:sendNotLeaderResponses(202)) - f143d5cf-4038-4fa8-8601-f5a45f16ca3e@group-EFC1A5572408-PendingRequests: sendNotLeaderResponses
2019-10-19 01:14:52,611 [ForkJoinPool.commonPool-worker-1] INFO  impl.PendingRequests (PendingRequests.java:sendNotLeaderResponses(202)) - 481c33f5-8212-4ec9-a494-633b8160f9c0@group-387A02668279-PendingRequests: sendNotLeaderResponses
2019-10-19 01:14:52,612 [main] INFO  impl.StateMachineUpdater (StateMachineUpdater.java:stopAndJoin(136)) - f143d5cf-4038-4fa8-8601-f5a45f16ca3e@group-EFC1A5572408-StateMachineUpdater: set stopIndex = 0
2019-10-19 01:14:52,612 [ForkJoinPool.commonPool-worker-1] INFO  impl.StateMachineUpdater (StateMachineUpdater.java:stopAndJoin(136)) - 481c33f5-8212-4ec9-a494-633b8160f9c0@group-387A02668279-StateMachineUpdater: set stopIndex = 0
2019-10-19 01:14:52,612 [main] INFO  impl.RaftServerImpl (ServerState.java:close(388)) - f143d5cf-4038-4fa8-8601-f5a45f16ca3e@group-EFC1A5572408: closes. applyIndex: 0
2019-10-19 01:14:52,612 [ForkJoinPool.commonPool-worker-1] INFO  impl.RaftServerImpl (ServerState.java:close(388)) - 481c33f5-8212-4ec9-a494-633b8160f9c0@group-387A02668279: closes. applyIndex: 0
2019-10-19 01:14:52,612 [f143d5cf-4038-4fa8-8601-f5a45f16ca3e@group-EFC1A5572408-SegmentedRaftLogWorker] INFO  segmented.SegmentedRaftLogWorker (SegmentedRaftLogWorker.java:run(316)) - f143d5cf-4038-4fa8-8601-f5a45f16ca3e@group-EFC1A5572408-SegmentedRaftLogWorker was interrupted, exiting. There are 0 tasks remaining in the queue.
2019-10-19 01:14:52,612 [481c33f5-8212-4ec9-a494-633b8160f9c0@group-387A02668279-SegmentedRaftLogWorker] INFO  segmented.SegmentedRaftLogWorker (SegmentedRaftLogWorker.java:run(316)) - 481c33f5-8212-4ec9-a494-633b8160f9c0@group-387A02668279-SegmentedRaftLogWorker was interrupted, exiting. There are 0 tasks remaining in the queue.
2019-10-19 01:14:52,616 [main] INFO  segmented.SegmentedRaftLogWorker (SegmentedRaftLogWorker.java:close(224)) - f143d5cf-4038-4fa8-8601-f5a45f16ca3e@group-EFC1A5572408-SegmentedRaftLogWorker close()
2019-10-19 01:14:52,618 [ForkJoinPool.commonPool-worker-1] INFO  segmented.SegmentedRaftLogWorker (SegmentedRaftLogWorker.java:close(224)) - 481c33f5-8212-4ec9-a494-633b8160f9c0@group-387A02668279-SegmentedRaftLogWorker close()
2019-10-19 01:14:52,622 [main] INFO  impl.RaftServerImpl (RaftServerImpl.java:lambda$shutdown$3(261)) - f143d5cf-4038-4fa8-8601-f5a45f16ca3e@group-A3037D40E172: shutdown
2019-10-19 01:14:52,626 [ForkJoinPool.commonPool-worker-1] INFO  server.GrpcService (GrpcService.java:closeImpl(164)) - 481c33f5-8212-4ec9-a494-633b8160f9c0: shutdown server with port 45454 now
2019-10-19 01:14:52,626 [main] INFO  util.JmxRegister (JmxRegister.java:unregister(73)) - Successfully un-registered JMX Bean with object name Ratis:service=RaftServer,group=group-A3037D40E172,id=f143d5cf-4038-4fa8-8601-f5a45f16ca3e
2019-10-19 01:14:52,628 [ForkJoinPool.commonPool-worker-1] INFO  server.GrpcService (GrpcService.java:closeImpl(172)) - 481c33f5-8212-4ec9-a494-633b8160f9c0: shutdown server with port 45454 successfully
2019-10-19 01:14:52,628 [main] INFO  impl.RoleInfo (RoleInfo.java:shutdownFollowerState(121)) - f143d5cf-4038-4fa8-8601-f5a45f16ca3e: shutdown FollowerState
2019-10-19 01:14:52,628 [main] INFO  impl.StateMachineUpdater (StateMachineUpdater.java:stopAndJoin(136)) - f143d5cf-4038-4fa8-8601-f5a45f16ca3e@group-A3037D40E172-StateMachineUpdater: set stopIndex = -1
2019-10-19 01:14:52,629 [main] INFO  impl.RaftServerImpl (ServerState.java:close(388)) - f143d5cf-4038-4fa8-8601-f5a45f16ca3e@group-A3037D40E172: closes. applyIndex: -1
2019-10-19 01:14:52,629 [Thread-9016] INFO  impl.FollowerState (FollowerState.java:run(117)) - f143d5cf-4038-4fa8-8601-f5a45f16ca3e@group-A3037D40E172-FollowerState was interrupted: java.lang.InterruptedException: sleep interrupted
2019-10-19 01:14:52,629 [f143d5cf-4038-4fa8-8601-f5a45f16ca3e@group-A3037D40E172-SegmentedRaftLogWorker] INFO  segmented.SegmentedRaftLogWorker (SegmentedRaftLogWorker.java:run(316)) - f143d5cf-4038-4fa8-8601-f5a45f16ca3e@group-A3037D40E172-SegmentedRaftLogWorker was interrupted, exiting. There are 0 tasks remaining in the queue.
2019-10-19 01:14:52,629 [main] INFO  segmented.SegmentedRaftLogWorker (SegmentedRaftLogWorker.java:close(224)) - f143d5cf-4038-4fa8-8601-f5a45f16ca3e@group-A3037D40E172-SegmentedRaftLogWorker close()
2019-10-19 01:14:52,630 [refreshUsed-/workdir/hadoop-ozone/integration-test/target/test-dir/MiniOzoneClusterImpl-2b25e22a-b484-4e93-9811-5f8cd4460e46/datanode-3/data/containers] WARN  fs.CachingGetSpaceUsed (CachingGetSpaceUsed.java:run(183)) - Thread Interrupted waiting to refresh disk information: sleep interrupted
2019-10-19 01:14:52,634 [main] INFO  server.GrpcService (GrpcService.java:closeImpl(164)) - f143d5cf-4038-4fa8-8601-f5a45f16ca3e: shutdown server with port 40169 now
2019-10-19 01:14:52,648 [main] INFO  server.GrpcService (GrpcService.java:closeImpl(172)) - f143d5cf-4038-4fa8-8601-f5a45f16ca3e: shutdown server with port 40169 successfully
2019-10-19 01:14:52,651 [refreshUsed-/workdir/hadoop-ozone/integration-test/target/test-dir/MiniOzoneClusterImpl-2b25e22a-b484-4e93-9811-5f8cd4460e46/datanode-5/data/containers] WARN  fs.CachingGetSpaceUsed (CachingGetSpaceUsed.java:run(183)) - Thread Interrupted waiting to refresh disk information: sleep interrupted
2019-10-19 01:14:52,662 [main] INFO  utils.BackgroundService (BackgroundService.java:shutdown(151)) - Shutting down service BlockDeletingService
2019-10-19 01:14:52,680 [main] INFO  statemachine.DatanodeStateMachine (DatanodeStateMachine.java:stopDaemon(395)) - Ozone container server stopped.
2019-10-19 01:14:52,680 [ForkJoinPool.commonPool-worker-1] INFO  utils.BackgroundService (BackgroundService.java:shutdown(151)) - Shutting down service BlockDeletingService
2019-10-19 01:14:52,685 [ForkJoinPool.commonPool-worker-1] INFO  statemachine.DatanodeStateMachine (DatanodeStateMachine.java:stopDaemon(395)) - Ozone container server stopped.
2019-10-19 01:14:52,685 [main] INFO  handler.ContextHandler (ContextHandler.java:doStop(910)) - Stopped o.e.j.w.WebAppContext@37d699a1{/,null,UNAVAILABLE}{/hddsDatanode}
2019-10-19 01:14:52,689 [main] INFO  server.AbstractConnector (AbstractConnector.java:doStop(318)) - Stopped ServerConnector@7f42b194{HTTP/1.1,[http/1.1]}{0.0.0.0:0}
2019-10-19 01:14:52,690 [ForkJoinPool.commonPool-worker-1] INFO  handler.ContextHandler (ContextHandler.java:doStop(910)) - Stopped o.e.j.w.WebAppContext@3915e7c3{/,null,UNAVAILABLE}{/hddsDatanode}
2019-10-19 01:14:52,691 [main] INFO  handler.ContextHandler (ContextHandler.java:doStop(910)) - Stopped o.e.j.s.ServletContextHandler@3cc3f13e{/static,jar:file:/home/user/.m2/repository/org/apache/hadoop/hadoop-hdds-container-service/0.5.0-SNAPSHOT/hadoop-hdds-container-service-0.5.0-SNAPSHOT.jar!/webapps/static,UNAVAILABLE}
2019-10-19 01:14:52,691 [main] INFO  handler.ContextHandler (ContextHandler.java:doStop(910)) - Stopped o.e.j.s.ServletContextHandler@424f02b8{/logs,file:///workdir/hadoop-ozone/integration-test/target/log,UNAVAILABLE}
2019-10-19 01:14:52,691 [ForkJoinPool.commonPool-worker-1] INFO  server.AbstractConnector (AbstractConnector.java:doStop(318)) - Stopped ServerConnector@167a21b{HTTP/1.1,[http/1.1]}{0.0.0.0:0}
2019-10-19 01:14:52,693 [ForkJoinPool.commonPool-worker-1] INFO  handler.ContextHandler (ContextHandler.java:doStop(910)) - Stopped o.e.j.s.ServletContextHandler@2776fd8f{/static,jar:file:/home/user/.m2/repository/org/apache/hadoop/hadoop-hdds-container-service/0.5.0-SNAPSHOT/hadoop-hdds-container-service-0.5.0-SNAPSHOT.jar!/webapps/static,UNAVAILABLE}
2019-10-19 01:14:52,695 [ForkJoinPool.commonPool-worker-1] INFO  handler.ContextHandler (ContextHandler.java:doStop(910)) - Stopped o.e.j.s.ServletContextHandler@24197b13{/logs,file:///workdir/hadoop-ozone/integration-test/target/log,UNAVAILABLE}
2019-10-19 01:14:53,331 [Datanode State Machine Thread - 0] INFO  statemachine.DatanodeStateMachine (DatanodeStateMachine.java:lambda$startDaemon$0(350)) - Ozone container server started.
2019-10-19 01:14:53,343 [Datanode State Machine Thread - 0] INFO  statemachine.DatanodeStateMachine (DatanodeStateMachine.java:lambda$startDaemon$0(350)) - Ozone container server started.
2019-10-19 01:14:53,720 [Thread-9012] INFO  impl.FollowerState (FollowerState.java:run(108)) - 61d14648-e80d-4cd8-9e7c-6deb2f21aca8@group-A3037D40E172-FollowerState: change to CANDIDATE, lastRpcTime:1161ms, electionTimeout:1161ms
2019-10-19 01:14:53,720 [Thread-9012] INFO  impl.RoleInfo (RoleInfo.java:shutdownFollowerState(121)) - 61d14648-e80d-4cd8-9e7c-6deb2f21aca8: shutdown FollowerState
2019-10-19 01:14:53,720 [Thread-9012] INFO  impl.RaftServerImpl (RaftServerImpl.java:setRole(184)) - 61d14648-e80d-4cd8-9e7c-6deb2f21aca8@group-A3037D40E172: changes role from  FOLLOWER to CANDIDATE at term 233 for changeToCandidate
2019-10-19 01:14:53,720 [Thread-9012] INFO  impl.RoleInfo (RoleInfo.java:updateAndGet(143)) - 61d14648-e80d-4cd8-9e7c-6deb2f21aca8: start LeaderElection
2019-10-19 01:14:53,729 [Thread-9013] INFO  impl.FollowerState (FollowerState.java:run(108)) - 2543ffea-c5c6-4af0-856f-eb846bad755a@group-A3037D40E172-FollowerState: change to CANDIDATE, lastRpcTime:1170ms, electionTimeout:1170ms
2019-10-19 01:14:53,729 [Thread-9013] INFO  impl.RoleInfo (RoleInfo.java:shutdownFollowerState(121)) - 2543ffea-c5c6-4af0-856f-eb846bad755a: shutdown FollowerState
2019-10-19 01:14:53,729 [Thread-9013] INFO  impl.RaftServerImpl (RaftServerImpl.java:setRole(184)) - 2543ffea-c5c6-4af0-856f-eb846bad755a@group-A3037D40E172: changes role from  FOLLOWER to CANDIDATE at term 233 for changeToCandidate
2019-10-19 01:14:53,729 [Thread-9013] INFO  impl.RoleInfo (RoleInfo.java:updateAndGet(143)) - 2543ffea-c5c6-4af0-856f-eb846bad755a: start LeaderElection
2019-10-19 01:14:53,747 [2543ffea-c5c6-4af0-856f-eb846bad755a@group-A3037D40E172-LeaderElection1012] INFO  impl.LeaderElection (LeaderElection.java:askForVotes(178)) - 2543ffea-c5c6-4af0-856f-eb846bad755a@group-A3037D40E172-LeaderElection1012: begin an election at term 234 for 0: [f143d5cf-4038-4fa8-8601-f5a45f16ca3e:192.168.69.71:40169, 2543ffea-c5c6-4af0-856f-eb846bad755a:192.168.69.71:45287, 61d14648-e80d-4cd8-9e7c-6deb2f21aca8:192.168.69.71:42247], old=null
2019-10-19 01:14:53,747 [61d14648-e80d-4cd8-9e7c-6deb2f21aca8@group-A3037D40E172-LeaderElection1011] INFO  impl.LeaderElection (LeaderElection.java:askForVotes(178)) - 61d14648-e80d-4cd8-9e7c-6deb2f21aca8@group-A3037D40E172-LeaderElection1011: begin an election at term 234 for 0: [f143d5cf-4038-4fa8-8601-f5a45f16ca3e:192.168.69.71:40169, 2543ffea-c5c6-4af0-856f-eb846bad755a:192.168.69.71:45287, 61d14648-e80d-4cd8-9e7c-6deb2f21aca8:192.168.69.71:42247], old=null
2019-10-19 01:14:53,749 [2543ffea-c5c6-4af0-856f-eb846bad755a@group-A3037D40E172-LeaderElection1012] INFO  impl.LeaderElection (LogUtils.java:infoOrTrace(149)) - 2543ffea-c5c6-4af0-856f-eb846bad755a@group-A3037D40E172-LeaderElection1012 got exception when requesting votes: {}
java.util.concurrent.ExecutionException: org.apache.ratis.thirdparty.io.grpc.StatusRuntimeException: UNAVAILABLE: io exception
	at java.util.concurrent.FutureTask.report(FutureTask.java:122)
	at java.util.concurrent.FutureTask.get(FutureTask.java:192)
	at org.apache.ratis.server.impl.LeaderElection.waitForResults(LeaderElection.java:259)
	at org.apache.ratis.server.impl.LeaderElection.askForVotes(LeaderElection.java:197)
	at org.apache.ratis.server.impl.LeaderElection.run(LeaderElection.java:133)
	at java.lang.Thread.run(Thread.java:748)
Caused by: org.apache.ratis.thirdparty.io.grpc.StatusRuntimeException: UNAVAILABLE: io exception
	at org.apache.ratis.thirdparty.io.grpc.stub.ClientCalls.toStatusRuntimeException(ClientCalls.java:233)
	at org.apache.ratis.thirdparty.io.grpc.stub.ClientCalls.getUnchecked(ClientCalls.java:214)
	at org.apache.ratis.thirdparty.io.grpc.stub.ClientCalls.blockingUnaryCall(ClientCalls.java:139)
	at org.apache.ratis.proto.grpc.RaftServerProtocolServiceGrpc$RaftServerProtocolServiceBlockingStub.requestVote(RaftServerProtocolServiceGrpc.java:265)
	at org.apache.ratis.grpc.server.GrpcServerProtocolClient.requestVote(GrpcServerProtocolClient.java:99)
	at org.apache.ratis.grpc.server.GrpcService.requestVote(GrpcService.java:204)
	at org.apache.ratis.server.impl.LeaderElection.lambda$submitRequests$1(LeaderElection.java:234)
	at java.util.concurrent.FutureTask.run(FutureTask.java:266)
	at java.util.concurrent.Executors$RunnableAdapter.call(Executors.java:511)
	at java.util.concurrent.FutureTask.run(FutureTask.java:266)
	at java.util.concurrent.ThreadPoolExecutor.runWorker(ThreadPoolExecutor.java:1149)
	at java.util.concurrent.ThreadPoolExecutor$Worker.run(ThreadPoolExecutor.java:624)
	... 1 more
Caused by: org.apache.ratis.thirdparty.io.netty.channel.AbstractChannel$AnnotatedConnectException: Connection refused: /192.168.69.71:40169
	at sun.nio.ch.SocketChannelImpl.checkConnect(Native Method)
	at sun.nio.ch.SocketChannelImpl.finishConnect(SocketChannelImpl.java:717)
	at org.apache.ratis.thirdparty.io.netty.channel.socket.nio.NioSocketChannel.doFinishConnect(NioSocketChannel.java:327)
	at org.apache.ratis.thirdparty.io.netty.channel.nio.AbstractNioChannel$AbstractNioUnsafe.finishConnect(AbstractNioChannel.java:340)
	at org.apache.ratis.thirdparty.io.netty.channel.nio.NioEventLoop.processSelectedKey(NioEventLoop.java:632)
	at org.apache.ratis.thirdparty.io.netty.channel.nio.NioEventLoop.processSelectedKeysOptimized(NioEventLoop.java:579)
	at org.apache.ratis.thirdparty.io.netty.channel.nio.NioEventLoop.processSelectedKeys(NioEventLoop.java:496)
	at org.apache.ratis.thirdparty.io.netty.channel.nio.NioEventLoop.run(NioEventLoop.java:458)
	at org.apache.ratis.thirdparty.io.netty.util.concurrent.SingleThreadEventExecutor$5.run(SingleThreadEventExecutor.java:897)
	at org.apache.ratis.thirdparty.io.netty.util.concurrent.FastThreadLocalRunnable.run(FastThreadLocalRunnable.java:30)
	... 1 more
Caused by: java.net.ConnectException: Connection refused
	... 11 more
2019-10-19 01:14:53,750 [61d14648-e80d-4cd8-9e7c-6deb2f21aca8@group-A3037D40E172-LeaderElection1011] INFO  impl.LeaderElection (LogUtils.java:infoOrTrace(149)) - 61d14648-e80d-4cd8-9e7c-6deb2f21aca8@group-A3037D40E172-LeaderElection1011 got exception when requesting votes: {}
java.util.concurrent.ExecutionException: org.apache.ratis.thirdparty.io.grpc.StatusRuntimeException: UNAVAILABLE: io exception
	at java.util.concurrent.FutureTask.report(FutureTask.java:122)
	at java.util.concurrent.FutureTask.get(FutureTask.java:192)
	at org.apache.ratis.server.impl.LeaderElection.waitForResults(LeaderElection.java:259)
	at org.apache.ratis.server.impl.LeaderElection.askForVotes(LeaderElection.java:197)
	at org.apache.ratis.server.impl.LeaderElection.run(LeaderElection.java:133)
	at java.lang.Thread.run(Thread.java:748)
Caused by: org.apache.ratis.thirdparty.io.grpc.StatusRuntimeException: UNAVAILABLE: io exception
	at org.apache.ratis.thirdparty.io.grpc.stub.ClientCalls.toStatusRuntimeException(ClientCalls.java:233)
	at org.apache.ratis.thirdparty.io.grpc.stub.ClientCalls.getUnchecked(ClientCalls.java:214)
	at org.apache.ratis.thirdparty.io.grpc.stub.ClientCalls.blockingUnaryCall(ClientCalls.java:139)
	at org.apache.ratis.proto.grpc.RaftServerProtocolServiceGrpc$RaftServerProtocolServiceBlockingStub.requestVote(RaftServerProtocolServiceGrpc.java:265)
	at org.apache.ratis.grpc.server.GrpcServerProtocolClient.requestVote(GrpcServerProtocolClient.java:99)
	at org.apache.ratis.grpc.server.GrpcService.requestVote(GrpcService.java:204)
	at org.apache.ratis.server.impl.LeaderElection.lambda$submitRequests$1(LeaderElection.java:234)
	at java.util.concurrent.FutureTask.run(FutureTask.java:266)
	at java.util.concurrent.Executors$RunnableAdapter.call(Executors.java:511)
	at java.util.concurrent.FutureTask.run(FutureTask.java:266)
	at java.util.concurrent.ThreadPoolExecutor.runWorker(ThreadPoolExecutor.java:1149)
	at java.util.concurrent.ThreadPoolExecutor$Worker.run(ThreadPoolExecutor.java:624)
	... 1 more
Caused by: org.apache.ratis.thirdparty.io.netty.channel.AbstractChannel$AnnotatedConnectException: Connection refused: /192.168.69.71:40169
	at sun.nio.ch.SocketChannelImpl.checkConnect(Native Method)
	at sun.nio.ch.SocketChannelImpl.finishConnect(SocketChannelImpl.java:717)
	at org.apache.ratis.thirdparty.io.netty.channel.socket.nio.NioSocketChannel.doFinishConnect(NioSocketChannel.java:327)
	at org.apache.ratis.thirdparty.io.netty.channel.nio.AbstractNioChannel$AbstractNioUnsafe.finishConnect(AbstractNioChannel.java:340)
	at org.apache.ratis.thirdparty.io.netty.channel.nio.NioEventLoop.processSelectedKey(NioEventLoop.java:632)
	at org.apache.ratis.thirdparty.io.netty.channel.nio.NioEventLoop.processSelectedKeysOptimized(NioEventLoop.java:579)
	at org.apache.ratis.thirdparty.io.netty.channel.nio.NioEventLoop.processSelectedKeys(NioEventLoop.java:496)
	at org.apache.ratis.thirdparty.io.netty.channel.nio.NioEventLoop.run(NioEventLoop.java:458)
	at org.apache.ratis.thirdparty.io.netty.util.concurrent.SingleThreadEventExecutor$5.run(SingleThreadEventExecutor.java:897)
	at org.apache.ratis.thirdparty.io.netty.util.concurrent.FastThreadLocalRunnable.run(FastThreadLocalRunnable.java:30)
	... 1 more
Caused by: java.net.ConnectException: Connection refused
	... 11 more
2019-10-19 01:14:53,750 [2543ffea-c5c6-4af0-856f-eb846bad755a@group-A3037D40E172-LeaderElection1012] INFO  impl.LeaderElection (LeaderElection.java:logAndReturn(56)) - 2543ffea-c5c6-4af0-856f-eb846bad755a@group-A3037D40E172-LeaderElection1012: Election REJECTED; received 1 response(s) [2543ffea-c5c6-4af0-856f-eb846bad755a<-61d14648-e80d-4cd8-9e7c-6deb2f21aca8#0:FAIL-t234] and 1 exception(s); 2543ffea-c5c6-4af0-856f-eb846bad755a@group-A3037D40E172:t234, leader=null, voted=2543ffea-c5c6-4af0-856f-eb846bad755a, raftlog=2543ffea-c5c6-4af0-856f-eb846bad755a@group-A3037D40E172-SegmentedRaftLog:OPENED:c-1,f0,i0, conf=0: [f143d5cf-4038-4fa8-8601-f5a45f16ca3e:192.168.69.71:40169, 2543ffea-c5c6-4af0-856f-eb846bad755a:192.168.69.71:45287, 61d14648-e80d-4cd8-9e7c-6deb2f21aca8:192.168.69.71:42247], old=null
2019-10-19 01:14:53,750 [2543ffea-c5c6-4af0-856f-eb846bad755a@group-A3037D40E172-LeaderElection1012] INFO  impl.LeaderElection (LogUtils.java:infoOrTrace(149)) -   Exception 0: {}
java.util.concurrent.ExecutionException: org.apache.ratis.thirdparty.io.grpc.StatusRuntimeException: UNAVAILABLE: io exception
	at java.util.concurrent.FutureTask.report(FutureTask.java:122)
	at java.util.concurrent.FutureTask.get(FutureTask.java:192)
	at org.apache.ratis.server.impl.LeaderElection.waitForResults(LeaderElection.java:259)
	at org.apache.ratis.server.impl.LeaderElection.askForVotes(LeaderElection.java:197)
	at org.apache.ratis.server.impl.LeaderElection.run(LeaderElection.java:133)
	at java.lang.Thread.run(Thread.java:748)
Caused by: org.apache.ratis.thirdparty.io.grpc.StatusRuntimeException: UNAVAILABLE: io exception
	at org.apache.ratis.thirdparty.io.grpc.stub.ClientCalls.toStatusRuntimeException(ClientCalls.java:233)
	at org.apache.ratis.thirdparty.io.grpc.stub.ClientCalls.getUnchecked(ClientCalls.java:214)
	at org.apache.ratis.thirdparty.io.grpc.stub.ClientCalls.blockingUnaryCall(ClientCalls.java:139)
	at org.apache.ratis.proto.grpc.RaftServerProtocolServiceGrpc$RaftServerProtocolServiceBlockingStub.requestVote(RaftServerProtocolServiceGrpc.java:265)
	at org.apache.ratis.grpc.server.GrpcServerProtocolClient.requestVote(GrpcServerProtocolClient.java:99)
	at org.apache.ratis.grpc.server.GrpcService.requestVote(GrpcService.java:204)
	at org.apache.ratis.server.impl.LeaderElection.lambda$submitRequests$1(LeaderElection.java:234)
	at java.util.concurrent.FutureTask.run(FutureTask.java:266)
	at java.util.concurrent.Executors$RunnableAdapter.call(Executors.java:511)
	at java.util.concurrent.FutureTask.run(FutureTask.java:266)
	at java.util.concurrent.ThreadPoolExecutor.runWorker(ThreadPoolExecutor.java:1149)
	at java.util.concurrent.ThreadPoolExecutor$Worker.run(ThreadPoolExecutor.java:624)
	... 1 more
Caused by: org.apache.ratis.thirdparty.io.netty.channel.AbstractChannel$AnnotatedConnectException: Connection refused: /192.168.69.71:40169
	at sun.nio.ch.SocketChannelImpl.checkConnect(Native Method)
	at sun.nio.ch.SocketChannelImpl.finishConnect(SocketChannelImpl.java:717)
	at org.apache.ratis.thirdparty.io.netty.channel.socket.nio.NioSocketChannel.doFinishConnect(NioSocketChannel.java:327)
	at org.apache.ratis.thirdparty.io.netty.channel.nio.AbstractNioChannel$AbstractNioUnsafe.finishConnect(AbstractNioChannel.java:340)
	at org.apache.ratis.thirdparty.io.netty.channel.nio.NioEventLoop.processSelectedKey(NioEventLoop.java:632)
	at org.apache.ratis.thirdparty.io.netty.channel.nio.NioEventLoop.processSelectedKeysOptimized(NioEventLoop.java:579)
	at org.apache.ratis.thirdparty.io.netty.channel.nio.NioEventLoop.processSelectedKeys(NioEventLoop.java:496)
	at org.apache.ratis.thirdparty.io.netty.channel.nio.NioEventLoop.run(NioEventLoop.java:458)
	at org.apache.ratis.thirdparty.io.netty.util.concurrent.SingleThreadEventExecutor$5.run(SingleThreadEventExecutor.java:897)
	at org.apache.ratis.thirdparty.io.netty.util.concurrent.FastThreadLocalRunnable.run(FastThreadLocalRunnable.java:30)
	... 1 more
Caused by: java.net.ConnectException: Connection refused
	... 11 more
2019-10-19 01:14:53,751 [61d14648-e80d-4cd8-9e7c-6deb2f21aca8@group-A3037D40E172-LeaderElection1011] INFO  impl.LeaderElection (LeaderElection.java:logAndReturn(56)) - 61d14648-e80d-4cd8-9e7c-6deb2f21aca8@group-A3037D40E172-LeaderElection1011: Election REJECTED; received 1 response(s) [61d14648-e80d-4cd8-9e7c-6deb2f21aca8<-2543ffea-c5c6-4af0-856f-eb846bad755a#0:FAIL-t234] and 1 exception(s); 61d14648-e80d-4cd8-9e7c-6deb2f21aca8@group-A3037D40E172:t234, leader=null, voted=61d14648-e80d-4cd8-9e7c-6deb2f21aca8, raftlog=61d14648-e80d-4cd8-9e7c-6deb2f21aca8@group-A3037D40E172-SegmentedRaftLog:OPENED:c-1,f0,i0, conf=0: [f143d5cf-4038-4fa8-8601-f5a45f16ca3e:192.168.69.71:40169, 2543ffea-c5c6-4af0-856f-eb846bad755a:192.168.69.71:45287, 61d14648-e80d-4cd8-9e7c-6deb2f21aca8:192.168.69.71:42247], old=null
2019-10-19 01:14:53,751 [61d14648-e80d-4cd8-9e7c-6deb2f21aca8@group-A3037D40E172-LeaderElection1011] INFO  impl.LeaderElection (LogUtils.java:infoOrTrace(149)) -   Exception 0: {}
java.util.concurrent.ExecutionException: org.apache.ratis.thirdparty.io.grpc.StatusRuntimeException: UNAVAILABLE: io exception
	at java.util.concurrent.FutureTask.report(FutureTask.java:122)
	at java.util.concurrent.FutureTask.get(FutureTask.java:192)
	at org.apache.ratis.server.impl.LeaderElection.waitForResults(LeaderElection.java:259)
	at org.apache.ratis.server.impl.LeaderElection.askForVotes(LeaderElection.java:197)
	at org.apache.ratis.server.impl.LeaderElection.run(LeaderElection.java:133)
	at java.lang.Thread.run(Thread.java:748)
Caused by: org.apache.ratis.thirdparty.io.grpc.StatusRuntimeException: UNAVAILABLE: io exception
	at org.apache.ratis.thirdparty.io.grpc.stub.ClientCalls.toStatusRuntimeException(ClientCalls.java:233)
	at org.apache.ratis.thirdparty.io.grpc.stub.ClientCalls.getUnchecked(ClientCalls.java:214)
	at org.apache.ratis.thirdparty.io.grpc.stub.ClientCalls.blockingUnaryCall(ClientCalls.java:139)
	at org.apache.ratis.proto.grpc.RaftServerProtocolServiceGrpc$RaftServerProtocolServiceBlockingStub.requestVote(RaftServerProtocolServiceGrpc.java:265)
	at org.apache.ratis.grpc.server.GrpcServerProtocolClient.requestVote(GrpcServerProtocolClient.java:99)
	at org.apache.ratis.grpc.server.GrpcService.requestVote(GrpcService.java:204)
	at org.apache.ratis.server.impl.LeaderElection.lambda$submitRequests$1(LeaderElection.java:234)
	at java.util.concurrent.FutureTask.run(FutureTask.java:266)
	at java.util.concurrent.Executors$RunnableAdapter.call(Executors.java:511)
	at java.util.concurrent.FutureTask.run(FutureTask.java:266)
	at java.util.concurrent.ThreadPoolExecutor.runWorker(ThreadPoolExecutor.java:1149)
	at java.util.concurrent.ThreadPoolExecutor$Worker.run(ThreadPoolExecutor.java:624)
	... 1 more
Caused by: org.apache.ratis.thirdparty.io.netty.channel.AbstractChannel$AnnotatedConnectException: Connection refused: /192.168.69.71:40169
	at sun.nio.ch.SocketChannelImpl.checkConnect(Native Method)
	at sun.nio.ch.SocketChannelImpl.finishConnect(SocketChannelImpl.java:717)
	at org.apache.ratis.thirdparty.io.netty.channel.socket.nio.NioSocketChannel.doFinishConnect(NioSocketChannel.java:327)
	at org.apache.ratis.thirdparty.io.netty.channel.nio.AbstractNioChannel$AbstractNioUnsafe.finishConnect(AbstractNioChannel.java:340)
	at org.apache.ratis.thirdparty.io.netty.channel.nio.NioEventLoop.processSelectedKey(NioEventLoop.java:632)
	at org.apache.ratis.thirdparty.io.netty.channel.nio.NioEventLoop.processSelectedKeysOptimized(NioEventLoop.java:579)
	at org.apache.ratis.thirdparty.io.netty.channel.nio.NioEventLoop.processSelectedKeys(NioEventLoop.java:496)
	at org.apache.ratis.thirdparty.io.netty.channel.nio.NioEventLoop.run(NioEventLoop.java:458)
	at org.apache.ratis.thirdparty.io.netty.util.concurrent.SingleThreadEventExecutor$5.run(SingleThreadEventExecutor.java:897)
	at org.apache.ratis.thirdparty.io.netty.util.concurrent.FastThreadLocalRunnable.run(FastThreadLocalRunnable.java:30)
	... 1 more
Caused by: java.net.ConnectException: Connection refused
	... 11 more
2019-10-19 01:14:53,751 [2543ffea-c5c6-4af0-856f-eb846bad755a@group-A3037D40E172-LeaderElection1012] INFO  impl.RaftServerImpl (RaftServerImpl.java:setRole(184)) - 2543ffea-c5c6-4af0-856f-eb846bad755a@group-A3037D40E172: changes role from CANDIDATE to FOLLOWER at term 234 for DISCOVERED_A_NEW_TERM
2019-10-19 01:14:53,751 [61d14648-e80d-4cd8-9e7c-6deb2f21aca8@group-A3037D40E172-LeaderElection1011] INFO  impl.RaftServerImpl (RaftServerImpl.java:setRole(184)) - 61d14648-e80d-4cd8-9e7c-6deb2f21aca8@group-A3037D40E172: changes role from CANDIDATE to FOLLOWER at term 234 for DISCOVERED_A_NEW_TERM
2019-10-19 01:14:53,751 [2543ffea-c5c6-4af0-856f-eb846bad755a@group-A3037D40E172-LeaderElection1012] INFO  impl.RoleInfo (RoleInfo.java:shutdownLeaderElection(134)) - 2543ffea-c5c6-4af0-856f-eb846bad755a: shutdown LeaderElection
2019-10-19 01:14:53,751 [61d14648-e80d-4cd8-9e7c-6deb2f21aca8@group-A3037D40E172-LeaderElection1011] INFO  impl.RoleInfo (RoleInfo.java:shutdownLeaderElection(134)) - 61d14648-e80d-4cd8-9e7c-6deb2f21aca8: shutdown LeaderElection
2019-10-19 01:14:53,751 [2543ffea-c5c6-4af0-856f-eb846bad755a@group-A3037D40E172-LeaderElection1012] INFO  impl.RoleInfo (RoleInfo.java:updateAndGet(143)) - 2543ffea-c5c6-4af0-856f-eb846bad755a: start FollowerState
2019-10-19 01:14:53,751 [61d14648-e80d-4cd8-9e7c-6deb2f21aca8@group-A3037D40E172-LeaderElection1011] INFO  impl.RoleInfo (RoleInfo.java:updateAndGet(143)) - 61d14648-e80d-4cd8-9e7c-6deb2f21aca8: start FollowerState
2019-10-19 01:14:54,593 [java.util.concurrent.ThreadPoolExecutor$Worker@4a01913f[State = -1, empty queue]] WARN  server.GrpcLogAppender (GrpcLogAppender.java:timeoutAppendRequest(209)) - 88be3607-7667-471c-9070-7dfd13eb5ac8@group-20FCFA0487C4->9c2d914d-67b1-4af9-8080-4d6ee007b506-GrpcLogAppender: appendEntries Timeout, request=88be3607-7667-471c-9070-7dfd13eb5ac8->9c2d914d-67b1-4af9-8080-4d6ee007b506#1-t191, previous=(t:1, i:0), leaderCommit=2, initializing? false, entries: <empty>
2019-10-19 01:14:54,774 [Thread-9031] INFO  impl.FollowerState (FollowerState.java:run(108)) - 61d14648-e80d-4cd8-9e7c-6deb2f21aca8@group-A3037D40E172-FollowerState: change to CANDIDATE, lastRpcTime:1022ms, electionTimeout:1022ms
2019-10-19 01:14:54,774 [Thread-9031] INFO  impl.RoleInfo (RoleInfo.java:shutdownFollowerState(121)) - 61d14648-e80d-4cd8-9e7c-6deb2f21aca8: shutdown FollowerState
2019-10-19 01:14:54,774 [Thread-9031] INFO  impl.RaftServerImpl (RaftServerImpl.java:setRole(184)) - 61d14648-e80d-4cd8-9e7c-6deb2f21aca8@group-A3037D40E172: changes role from  FOLLOWER to CANDIDATE at term 234 for changeToCandidate
2019-10-19 01:14:54,774 [Thread-9031] INFO  impl.RoleInfo (RoleInfo.java:updateAndGet(143)) - 61d14648-e80d-4cd8-9e7c-6deb2f21aca8: start LeaderElection
2019-10-19 01:14:54,789 [61d14648-e80d-4cd8-9e7c-6deb2f21aca8@group-A3037D40E172-LeaderElection1013] INFO  impl.LeaderElection (LeaderElection.java:askForVotes(178)) - 61d14648-e80d-4cd8-9e7c-6deb2f21aca8@group-A3037D40E172-LeaderElection1013: begin an election at term 235 for 0: [f143d5cf-4038-4fa8-8601-f5a45f16ca3e:192.168.69.71:40169, 2543ffea-c5c6-4af0-856f-eb846bad755a:192.168.69.71:45287, 61d14648-e80d-4cd8-9e7c-6deb2f21aca8:192.168.69.71:42247], old=null
2019-10-19 01:14:54,790 [61d14648-e80d-4cd8-9e7c-6deb2f21aca8@group-A3037D40E172-LeaderElection1013] INFO  impl.LeaderElection (LogUtils.java:infoOrTrace(149)) - 61d14648-e80d-4cd8-9e7c-6deb2f21aca8@group-A3037D40E172-LeaderElection1013 got exception when requesting votes: {}
java.util.concurrent.ExecutionException: org.apache.ratis.thirdparty.io.grpc.StatusRuntimeException: UNAVAILABLE: io exception
	at java.util.concurrent.FutureTask.report(FutureTask.java:122)
	at java.util.concurrent.FutureTask.get(FutureTask.java:192)
	at org.apache.ratis.server.impl.LeaderElection.waitForResults(LeaderElection.java:259)
	at org.apache.ratis.server.impl.LeaderElection.askForVotes(LeaderElection.java:197)
	at org.apache.ratis.server.impl.LeaderElection.run(LeaderElection.java:133)
	at java.lang.Thread.run(Thread.java:748)
Caused by: org.apache.ratis.thirdparty.io.grpc.StatusRuntimeException: UNAVAILABLE: io exception
	at org.apache.ratis.thirdparty.io.grpc.stub.ClientCalls.toStatusRuntimeException(ClientCalls.java:233)
	at org.apache.ratis.thirdparty.io.grpc.stub.ClientCalls.getUnchecked(ClientCalls.java:214)
	at org.apache.ratis.thirdparty.io.grpc.stub.ClientCalls.blockingUnaryCall(ClientCalls.java:139)
	at org.apache.ratis.proto.grpc.RaftServerProtocolServiceGrpc$RaftServerProtocolServiceBlockingStub.requestVote(RaftServerProtocolServiceGrpc.java:265)
	at org.apache.ratis.grpc.server.GrpcServerProtocolClient.requestVote(GrpcServerProtocolClient.java:99)
	at org.apache.ratis.grpc.server.GrpcService.requestVote(GrpcService.java:204)
	at org.apache.ratis.server.impl.LeaderElection.lambda$submitRequests$1(LeaderElection.java:234)
	at java.util.concurrent.FutureTask.run(FutureTask.java:266)
	at java.util.concurrent.Executors$RunnableAdapter.call(Executors.java:511)
	at java.util.concurrent.FutureTask.run(FutureTask.java:266)
	at java.util.concurrent.ThreadPoolExecutor.runWorker(ThreadPoolExecutor.java:1149)
	at java.util.concurrent.ThreadPoolExecutor$Worker.run(ThreadPoolExecutor.java:624)
	... 1 more
Caused by: org.apache.ratis.thirdparty.io.netty.channel.AbstractChannel$AnnotatedConnectException: Connection refused: /192.168.69.71:40169
	at sun.nio.ch.SocketChannelImpl.checkConnect(Native Method)
	at sun.nio.ch.SocketChannelImpl.finishConnect(SocketChannelImpl.java:717)
	at org.apache.ratis.thirdparty.io.netty.channel.socket.nio.NioSocketChannel.doFinishConnect(NioSocketChannel.java:327)
	at org.apache.ratis.thirdparty.io.netty.channel.nio.AbstractNioChannel$AbstractNioUnsafe.finishConnect(AbstractNioChannel.java:340)
	at org.apache.ratis.thirdparty.io.netty.channel.nio.NioEventLoop.processSelectedKey(NioEventLoop.java:632)
	at org.apache.ratis.thirdparty.io.netty.channel.nio.NioEventLoop.processSelectedKeysOptimized(NioEventLoop.java:579)
	at org.apache.ratis.thirdparty.io.netty.channel.nio.NioEventLoop.processSelectedKeys(NioEventLoop.java:496)
	at org.apache.ratis.thirdparty.io.netty.channel.nio.NioEventLoop.run(NioEventLoop.java:458)
	at org.apache.ratis.thirdparty.io.netty.util.concurrent.SingleThreadEventExecutor$5.run(SingleThreadEventExecutor.java:897)
	at org.apache.ratis.thirdparty.io.netty.util.concurrent.FastThreadLocalRunnable.run(FastThreadLocalRunnable.java:30)
	... 1 more
Caused by: java.net.ConnectException: Connection refused
	... 11 more
2019-10-19 01:14:54,790 [grpc-default-executor-1] INFO  impl.RaftServerImpl (RaftServerImpl.java:setRole(184)) - 2543ffea-c5c6-4af0-856f-eb846bad755a@group-A3037D40E172: changes role from  FOLLOWER to FOLLOWER at term 235 for recognizeCandidate:61d14648-e80d-4cd8-9e7c-6deb2f21aca8
2019-10-19 01:14:54,791 [grpc-default-executor-1] INFO  impl.RoleInfo (RoleInfo.java:shutdownFollowerState(121)) - 2543ffea-c5c6-4af0-856f-eb846bad755a: shutdown FollowerState
2019-10-19 01:14:54,791 [grpc-default-executor-1] INFO  impl.RoleInfo (RoleInfo.java:updateAndGet(143)) - 2543ffea-c5c6-4af0-856f-eb846bad755a: start FollowerState
2019-10-19 01:14:54,791 [Thread-9030] INFO  impl.FollowerState (FollowerState.java:run(117)) - 2543ffea-c5c6-4af0-856f-eb846bad755a@group-A3037D40E172-FollowerState was interrupted: java.lang.InterruptedException: sleep interrupted
2019-10-19 01:14:54,804 [61d14648-e80d-4cd8-9e7c-6deb2f21aca8@group-A3037D40E172-LeaderElection1013] INFO  impl.LeaderElection (LeaderElection.java:logAndReturn(56)) - 61d14648-e80d-4cd8-9e7c-6deb2f21aca8@group-A3037D40E172-LeaderElection1013: Election PASSED; received 1 response(s) [61d14648-e80d-4cd8-9e7c-6deb2f21aca8<-2543ffea-c5c6-4af0-856f-eb846bad755a#0:OK-t235] and 1 exception(s); 61d14648-e80d-4cd8-9e7c-6deb2f21aca8@group-A3037D40E172:t235, leader=null, voted=61d14648-e80d-4cd8-9e7c-6deb2f21aca8, raftlog=61d14648-e80d-4cd8-9e7c-6deb2f21aca8@group-A3037D40E172-SegmentedRaftLog:OPENED:c-1,f0,i0, conf=0: [f143d5cf-4038-4fa8-8601-f5a45f16ca3e:192.168.69.71:40169, 2543ffea-c5c6-4af0-856f-eb846bad755a:192.168.69.71:45287, 61d14648-e80d-4cd8-9e7c-6deb2f21aca8:192.168.69.71:42247], old=null
2019-10-19 01:14:54,804 [61d14648-e80d-4cd8-9e7c-6deb2f21aca8@group-A3037D40E172-LeaderElection1013] INFO  impl.LeaderElection (LogUtils.java:infoOrTrace(149)) -   Exception 0: {}
java.util.concurrent.ExecutionException: org.apache.ratis.thirdparty.io.grpc.StatusRuntimeException: UNAVAILABLE: io exception
	at java.util.concurrent.FutureTask.report(FutureTask.java:122)
	at java.util.concurrent.FutureTask.get(FutureTask.java:192)
	at org.apache.ratis.server.impl.LeaderElection.waitForResults(LeaderElection.java:259)
	at org.apache.ratis.server.impl.LeaderElection.askForVotes(LeaderElection.java:197)
	at org.apache.ratis.server.impl.LeaderElection.run(LeaderElection.java:133)
	at java.lang.Thread.run(Thread.java:748)
Caused by: org.apache.ratis.thirdparty.io.grpc.StatusRuntimeException: UNAVAILABLE: io exception
	at org.apache.ratis.thirdparty.io.grpc.stub.ClientCalls.toStatusRuntimeException(ClientCalls.java:233)
	at org.apache.ratis.thirdparty.io.grpc.stub.ClientCalls.getUnchecked(ClientCalls.java:214)
	at org.apache.ratis.thirdparty.io.grpc.stub.ClientCalls.blockingUnaryCall(ClientCalls.java:139)
	at org.apache.ratis.proto.grpc.RaftServerProtocolServiceGrpc$RaftServerProtocolServiceBlockingStub.requestVote(RaftServerProtocolServiceGrpc.java:265)
	at org.apache.ratis.grpc.server.GrpcServerProtocolClient.requestVote(GrpcServerProtocolClient.java:99)
	at org.apache.ratis.grpc.server.GrpcService.requestVote(GrpcService.java:204)
	at org.apache.ratis.server.impl.LeaderElection.lambda$submitRequests$1(LeaderElection.java:234)
	at java.util.concurrent.FutureTask.run(FutureTask.java:266)
	at java.util.concurrent.Executors$RunnableAdapter.call(Executors.java:511)
	at java.util.concurrent.FutureTask.run(FutureTask.java:266)
	at java.util.concurrent.ThreadPoolExecutor.runWorker(ThreadPoolExecutor.java:1149)
	at java.util.concurrent.ThreadPoolExecutor$Worker.run(ThreadPoolExecutor.java:624)
	... 1 more
Caused by: org.apache.ratis.thirdparty.io.netty.channel.AbstractChannel$AnnotatedConnectException: Connection refused: /192.168.69.71:40169
	at sun.nio.ch.SocketChannelImpl.checkConnect(Native Method)
	at sun.nio.ch.SocketChannelImpl.finishConnect(SocketChannelImpl.java:717)
	at org.apache.ratis.thirdparty.io.netty.channel.socket.nio.NioSocketChannel.doFinishConnect(NioSocketChannel.java:327)
	at org.apache.ratis.thirdparty.io.netty.channel.nio.AbstractNioChannel$AbstractNioUnsafe.finishConnect(AbstractNioChannel.java:340)
	at org.apache.ratis.thirdparty.io.netty.channel.nio.NioEventLoop.processSelectedKey(NioEventLoop.java:632)
	at org.apache.ratis.thirdparty.io.netty.channel.nio.NioEventLoop.processSelectedKeysOptimized(NioEventLoop.java:579)
	at org.apache.ratis.thirdparty.io.netty.channel.nio.NioEventLoop.processSelectedKeys(NioEventLoop.java:496)
	at org.apache.ratis.thirdparty.io.netty.channel.nio.NioEventLoop.run(NioEventLoop.java:458)
	at org.apache.ratis.thirdparty.io.netty.util.concurrent.SingleThreadEventExecutor$5.run(SingleThreadEventExecutor.java:897)
	at org.apache.ratis.thirdparty.io.netty.util.concurrent.FastThreadLocalRunnable.run(FastThreadLocalRunnable.java:30)
	... 1 more
Caused by: java.net.ConnectException: Connection refused
	... 11 more
2019-10-19 01:14:54,804 [61d14648-e80d-4cd8-9e7c-6deb2f21aca8@group-A3037D40E172-LeaderElection1013] INFO  impl.RoleInfo (RoleInfo.java:shutdownLeaderElection(134)) - 61d14648-e80d-4cd8-9e7c-6deb2f21aca8: shutdown LeaderElection
2019-10-19 01:14:54,804 [61d14648-e80d-4cd8-9e7c-6deb2f21aca8@group-A3037D40E172-LeaderElection1013] INFO  impl.RaftServerImpl (RaftServerImpl.java:setRole(184)) - 61d14648-e80d-4cd8-9e7c-6deb2f21aca8@group-A3037D40E172: changes role from CANDIDATE to LEADER at term 235 for changeToLeader
2019-10-19 01:14:54,804 [61d14648-e80d-4cd8-9e7c-6deb2f21aca8@group-A3037D40E172-LeaderElection1013] INFO  impl.RaftServerImpl (ServerState.java:setLeader(256)) - 61d14648-e80d-4cd8-9e7c-6deb2f21aca8@group-A3037D40E172: change Leader from null to 61d14648-e80d-4cd8-9e7c-6deb2f21aca8 at term 235 for becomeLeader, leader elected after 31833ms
2019-10-19 01:14:54,804 [61d14648-e80d-4cd8-9e7c-6deb2f21aca8@group-A3037D40E172-LeaderElection1013] INFO  server.RaftServerConfigKeys (ConfUtils.java:logGet(43)) - raft.server.staging.catchup.gap = 1000 (default)
2019-10-19 01:14:54,804 [61d14648-e80d-4cd8-9e7c-6deb2f21aca8@group-A3037D40E172-LeaderElection1013] INFO  server.RaftServerConfigKeys (ConfUtils.java:logGet(43)) - raft.server.rpc.sleep.time = 25ms (default)
2019-10-19 01:14:54,805 [61d14648-e80d-4cd8-9e7c-6deb2f21aca8@group-A3037D40E172-LeaderElection1013] INFO  server.RaftServerConfigKeys (ConfUtils.java:logGet(43)) - raft.server.write.element-limit = 4096 (default)
2019-10-19 01:14:54,805 [61d14648-e80d-4cd8-9e7c-6deb2f21aca8@group-A3037D40E172-LeaderElection1013] INFO  server.RaftServerConfigKeys (ConfUtils.java:logGet(43)) - raft.server.watch.timeout = 10s (default)
2019-10-19 01:14:54,805 [61d14648-e80d-4cd8-9e7c-6deb2f21aca8@group-A3037D40E172-LeaderElection1013] INFO  server.RaftServerConfigKeys (ConfUtils.java:logGet(43)) - raft.server.watch.timeout.denomination = 1s (default)
2019-10-19 01:14:54,805 [61d14648-e80d-4cd8-9e7c-6deb2f21aca8@group-A3037D40E172-LeaderElection1013] INFO  server.RaftServerConfigKeys (ConfUtils.java:logGet(43)) - raft.server.watch.element-limit = 65536 (default)
2019-10-19 01:14:54,805 [61d14648-e80d-4cd8-9e7c-6deb2f21aca8@group-A3037D40E172-LeaderElection1013] INFO  server.RaftServerConfigKeys (ConfUtils.java:logGet(43)) - raft.server.log.appender.snapshot.chunk.size.max = 16MB (=16777216) (default)
2019-10-19 01:14:54,805 [61d14648-e80d-4cd8-9e7c-6deb2f21aca8@group-A3037D40E172-LeaderElection1013] INFO  server.RaftServerConfigKeys (ConfUtils.java:logGet(43)) - raft.server.log.appender.buffer.byte-limit = 33554432 (custom)
2019-10-19 01:14:54,805 [61d14648-e80d-4cd8-9e7c-6deb2f21aca8@group-A3037D40E172-LeaderElection1013] INFO  server.RaftServerConfigKeys (ConfUtils.java:logGet(43)) - raft.server.log.appender.buffer.element-limit = 1 (custom)
2019-10-19 01:14:54,806 [61d14648-e80d-4cd8-9e7c-6deb2f21aca8@group-A3037D40E172-LeaderElection1013] INFO  grpc.GrpcConfigKeys$Server (ConfUtils.java:logGet(43)) - raft.grpc.server.leader.outstanding.appends.max = 128 (default)
2019-10-19 01:14:54,806 [61d14648-e80d-4cd8-9e7c-6deb2f21aca8@group-A3037D40E172-LeaderElection1013] INFO  server.RaftServerConfigKeys (ConfUtils.java:logGet(43)) - raft.server.rpc.request.timeout = 3000ms (default)
2019-10-19 01:14:54,806 [61d14648-e80d-4cd8-9e7c-6deb2f21aca8@group-A3037D40E172-LeaderElection1013] INFO  server.RaftServerConfigKeys (ConfUtils.java:logGet(43)) - raft.server.log.appender.install.snapshot.enabled = false (custom)
2019-10-19 01:14:54,808 [61d14648-e80d-4cd8-9e7c-6deb2f21aca8@group-A3037D40E172-LeaderElection1013] INFO  server.RaftServerConfigKeys (ConfUtils.java:logGet(43)) - raft.server.log.appender.snapshot.chunk.size.max = 16MB (=16777216) (default)
2019-10-19 01:14:54,808 [61d14648-e80d-4cd8-9e7c-6deb2f21aca8@group-A3037D40E172-LeaderElection1013] INFO  server.RaftServerConfigKeys (ConfUtils.java:logGet(43)) - raft.server.log.appender.buffer.byte-limit = 33554432 (custom)
2019-10-19 01:14:54,808 [61d14648-e80d-4cd8-9e7c-6deb2f21aca8@group-A3037D40E172-LeaderElection1013] INFO  server.RaftServerConfigKeys (ConfUtils.java:logGet(43)) - raft.server.log.appender.buffer.element-limit = 1 (custom)
2019-10-19 01:14:54,808 [61d14648-e80d-4cd8-9e7c-6deb2f21aca8@group-A3037D40E172-LeaderElection1013] INFO  grpc.GrpcConfigKeys$Server (ConfUtils.java:logGet(43)) - raft.grpc.server.leader.outstanding.appends.max = 128 (default)
2019-10-19 01:14:54,808 [61d14648-e80d-4cd8-9e7c-6deb2f21aca8@group-A3037D40E172-LeaderElection1013] INFO  server.RaftServerConfigKeys (ConfUtils.java:logGet(43)) - raft.server.rpc.request.timeout = 3000ms (default)
2019-10-19 01:14:54,808 [61d14648-e80d-4cd8-9e7c-6deb2f21aca8@group-A3037D40E172-LeaderElection1013] INFO  server.RaftServerConfigKeys (ConfUtils.java:logGet(43)) - raft.server.log.appender.install.snapshot.enabled = false (custom)
2019-10-19 01:14:54,809 [61d14648-e80d-4cd8-9e7c-6deb2f21aca8@group-A3037D40E172-LeaderElection1013] INFO  impl.RoleInfo (RoleInfo.java:updateAndGet(143)) - 61d14648-e80d-4cd8-9e7c-6deb2f21aca8: start LeaderState
2019-10-19 01:14:54,809 [61d14648-e80d-4cd8-9e7c-6deb2f21aca8@group-A3037D40E172-LeaderElection1013] INFO  segmented.SegmentedRaftLogWorker (SegmentedRaftLogWorker.java:rollLogSegment(390)) - 61d14648-e80d-4cd8-9e7c-6deb2f21aca8@group-A3037D40E172-SegmentedRaftLogWorker: Rolling segment log-0_0 to index:0
2019-10-19 01:14:54,810 [61d14648-e80d-4cd8-9e7c-6deb2f21aca8@group-A3037D40E172-LeaderElection1013] INFO  impl.RaftServerImpl (ServerState.java:setRaftConf(357)) - 61d14648-e80d-4cd8-9e7c-6deb2f21aca8@group-A3037D40E172: set configuration 1: [f143d5cf-4038-4fa8-8601-f5a45f16ca3e:192.168.69.71:40169, 2543ffea-c5c6-4af0-856f-eb846bad755a:192.168.69.71:45287, 61d14648-e80d-4cd8-9e7c-6deb2f21aca8:192.168.69.71:42247], old=null at 1
2019-10-19 01:14:54,810 [grpc-default-executor-1] WARN  server.GrpcLogAppender (LogUtils.java:warn(134)) - 61d14648-e80d-4cd8-9e7c-6deb2f21aca8@group-A3037D40E172->f143d5cf-4038-4fa8-8601-f5a45f16ca3e-AppendLogResponseHandler: Failed appendEntries: org.apache.ratis.thirdparty.io.grpc.StatusRuntimeException: UNAVAILABLE: io exception
2019-10-19 01:14:54,811 [61d14648-e80d-4cd8-9e7c-6deb2f21aca8@group-A3037D40E172-SegmentedRaftLogWorker] INFO  segmented.SegmentedRaftLogWorker (SegmentedRaftLogWorker.java:execute(533)) - 61d14648-e80d-4cd8-9e7c-6deb2f21aca8@group-A3037D40E172-SegmentedRaftLogWorker: Rolled log segment from /workdir/hadoop-ozone/integration-test/target/test-dir/MiniOzoneClusterImpl-2b25e22a-b484-4e93-9811-5f8cd4460e46/datanode-9/data/ratis/1f061db7-894c-4c1f-b7f5-a3037d40e172/current/log_inprogress_0 to /workdir/hadoop-ozone/integration-test/target/test-dir/MiniOzoneClusterImpl-2b25e22a-b484-4e93-9811-5f8cd4460e46/datanode-9/data/ratis/1f061db7-894c-4c1f-b7f5-a3037d40e172/current/log_0-0
2019-10-19 01:14:54,811 [grpc-default-executor-10] INFO  impl.RaftServerImpl (ServerState.java:setLeader(256)) - 2543ffea-c5c6-4af0-856f-eb846bad755a@group-A3037D40E172: change Leader from null to 61d14648-e80d-4cd8-9e7c-6deb2f21aca8 at term 235 for appendEntries, leader elected after 31830ms
2019-10-19 01:14:54,812 [grpc-default-executor-10] INFO  impl.RaftServerImpl (ServerState.java:setRaftConf(357)) - 2543ffea-c5c6-4af0-856f-eb846bad755a@group-A3037D40E172: set configuration 1: [f143d5cf-4038-4fa8-8601-f5a45f16ca3e:192.168.69.71:40169, 2543ffea-c5c6-4af0-856f-eb846bad755a:192.168.69.71:45287, 61d14648-e80d-4cd8-9e7c-6deb2f21aca8:192.168.69.71:42247], old=null at 1
2019-10-19 01:14:54,812 [grpc-default-executor-10] INFO  segmented.SegmentedRaftLogWorker (SegmentedRaftLogWorker.java:rollLogSegment(390)) - 2543ffea-c5c6-4af0-856f-eb846bad755a@group-A3037D40E172-SegmentedRaftLogWorker: Rolling segment log-0_0 to index:0
2019-10-19 01:14:54,813 [2543ffea-c5c6-4af0-856f-eb846bad755a@group-A3037D40E172-SegmentedRaftLogWorker] INFO  segmented.SegmentedRaftLogWorker (SegmentedRaftLogWorker.java:execute(533)) - 2543ffea-c5c6-4af0-856f-eb846bad755a@group-A3037D40E172-SegmentedRaftLogWorker: Rolled log segment from /workdir/hadoop-ozone/integration-test/target/test-dir/MiniOzoneClusterImpl-2b25e22a-b484-4e93-9811-5f8cd4460e46/datanode-7/data/ratis/1f061db7-894c-4c1f-b7f5-a3037d40e172/current/log_inprogress_0 to /workdir/hadoop-ozone/integration-test/target/test-dir/MiniOzoneClusterImpl-2b25e22a-b484-4e93-9811-5f8cd4460e46/datanode-7/data/ratis/1f061db7-894c-4c1f-b7f5-a3037d40e172/current/log_0-0
2019-10-19 01:14:54,850 [2543ffea-c5c6-4af0-856f-eb846bad755a@group-A3037D40E172-SegmentedRaftLogWorker] INFO  segmented.SegmentedRaftLogWorker (SegmentedRaftLogWorker.java:execute(576)) - 2543ffea-c5c6-4af0-856f-eb846bad755a@group-A3037D40E172-SegmentedRaftLogWorker: created new log segment /workdir/hadoop-ozone/integration-test/target/test-dir/MiniOzoneClusterImpl-2b25e22a-b484-4e93-9811-5f8cd4460e46/datanode-7/data/ratis/1f061db7-894c-4c1f-b7f5-a3037d40e172/current/log_inprogress_1
2019-10-19 01:14:54,850 [61d14648-e80d-4cd8-9e7c-6deb2f21aca8@group-A3037D40E172-SegmentedRaftLogWorker] INFO  segmented.SegmentedRaftLogWorker (SegmentedRaftLogWorker.java:execute(576)) - 61d14648-e80d-4cd8-9e7c-6deb2f21aca8@group-A3037D40E172-SegmentedRaftLogWorker: created new log segment /workdir/hadoop-ozone/integration-test/target/test-dir/MiniOzoneClusterImpl-2b25e22a-b484-4e93-9811-5f8cd4460e46/datanode-9/data/ratis/1f061db7-894c-4c1f-b7f5-a3037d40e172/current/log_inprogress_1
2019-10-19 01:14:57,696 [main] INFO  ozoneimpl.OzoneContainer (OzoneContainer.java:stop(227)) - Attempting to stop container services.
2019-10-19 01:14:57,697 [ForkJoinPool.commonPool-worker-1] INFO  ozoneimpl.OzoneContainer (OzoneContainer.java:stop(227)) - Attempting to stop container services.
2019-10-19 01:14:57,698 [main] INFO  impl.RaftServerProxy (RaftServerProxy.java:lambda$close$4(314)) - e5ec12fd-6862-43a4-8f6d-a55a364e5eb4: close
2019-10-19 01:14:57,698 [ForkJoinPool.commonPool-worker-1] INFO  impl.RaftServerProxy (RaftServerProxy.java:lambda$close$4(314)) - 79f23d4f-854e-4bcb-ad60-b9a83903d995: close
2019-10-19 01:14:57,699 [main] INFO  impl.RaftServerImpl (RaftServerImpl.java:lambda$shutdown$3(261)) - e5ec12fd-6862-43a4-8f6d-a55a364e5eb4@group-0E8931D44062: shutdown
2019-10-19 01:14:57,699 [ForkJoinPool.commonPool-worker-1] INFO  impl.RaftServerImpl (RaftServerImpl.java:lambda$shutdown$3(261)) - 79f23d4f-854e-4bcb-ad60-b9a83903d995@group-5023954FE45C: shutdown
2019-10-19 01:14:57,699 [main] INFO  util.JmxRegister (JmxRegister.java:unregister(73)) - Successfully un-registered JMX Bean with object name Ratis:service=RaftServer,group=group-0E8931D44062,id=e5ec12fd-6862-43a4-8f6d-a55a364e5eb4
2019-10-19 01:14:57,699 [ForkJoinPool.commonPool-worker-1] INFO  util.JmxRegister (JmxRegister.java:unregister(73)) - Successfully un-registered JMX Bean with object name Ratis:service=RaftServer,group=group-5023954FE45C,id=79f23d4f-854e-4bcb-ad60-b9a83903d995
2019-10-19 01:14:57,700 [main] INFO  impl.RoleInfo (RoleInfo.java:shutdownLeaderState(104)) - e5ec12fd-6862-43a4-8f6d-a55a364e5eb4: shutdown LeaderState
2019-10-19 01:14:57,700 [ForkJoinPool.commonPool-worker-1] INFO  impl.RoleInfo (RoleInfo.java:shutdownLeaderState(104)) - 79f23d4f-854e-4bcb-ad60-b9a83903d995: shutdown LeaderState
2019-10-19 01:14:57,700 [main] INFO  impl.PendingRequests (PendingRequests.java:sendNotLeaderResponses(202)) - e5ec12fd-6862-43a4-8f6d-a55a364e5eb4@group-0E8931D44062-PendingRequests: sendNotLeaderResponses
2019-10-19 01:14:57,700 [ForkJoinPool.commonPool-worker-1] INFO  impl.PendingRequests (PendingRequests.java:sendNotLeaderResponses(202)) - 79f23d4f-854e-4bcb-ad60-b9a83903d995@group-5023954FE45C-PendingRequests: sendNotLeaderResponses
2019-10-19 01:14:57,701 [main] INFO  impl.StateMachineUpdater (StateMachineUpdater.java:stopAndJoin(136)) - e5ec12fd-6862-43a4-8f6d-a55a364e5eb4@group-0E8931D44062-StateMachineUpdater: set stopIndex = 0
2019-10-19 01:14:57,701 [ForkJoinPool.commonPool-worker-1] INFO  impl.StateMachineUpdater (StateMachineUpdater.java:stopAndJoin(136)) - 79f23d4f-854e-4bcb-ad60-b9a83903d995@group-5023954FE45C-StateMachineUpdater: set stopIndex = 0
2019-10-19 01:14:57,702 [main] INFO  impl.RaftServerImpl (ServerState.java:close(388)) - e5ec12fd-6862-43a4-8f6d-a55a364e5eb4@group-0E8931D44062: closes. applyIndex: 0
2019-10-19 01:14:57,702 [ForkJoinPool.commonPool-worker-1] INFO  impl.RaftServerImpl (ServerState.java:close(388)) - 79f23d4f-854e-4bcb-ad60-b9a83903d995@group-5023954FE45C: closes. applyIndex: 0
2019-10-19 01:14:57,702 [e5ec12fd-6862-43a4-8f6d-a55a364e5eb4@group-0E8931D44062-SegmentedRaftLogWorker] INFO  segmented.SegmentedRaftLogWorker (SegmentedRaftLogWorker.java:run(316)) - e5ec12fd-6862-43a4-8f6d-a55a364e5eb4@group-0E8931D44062-SegmentedRaftLogWorker was interrupted, exiting. There are 0 tasks remaining in the queue.
2019-10-19 01:14:57,702 [79f23d4f-854e-4bcb-ad60-b9a83903d995@group-5023954FE45C-SegmentedRaftLogWorker] INFO  segmented.SegmentedRaftLogWorker (SegmentedRaftLogWorker.java:run(316)) - 79f23d4f-854e-4bcb-ad60-b9a83903d995@group-5023954FE45C-SegmentedRaftLogWorker was interrupted, exiting. There are 0 tasks remaining in the queue.
2019-10-19 01:14:57,707 [main] INFO  segmented.SegmentedRaftLogWorker (SegmentedRaftLogWorker.java:close(224)) - e5ec12fd-6862-43a4-8f6d-a55a364e5eb4@group-0E8931D44062-SegmentedRaftLogWorker close()
2019-10-19 01:14:57,707 [ForkJoinPool.commonPool-worker-1] INFO  segmented.SegmentedRaftLogWorker (SegmentedRaftLogWorker.java:close(224)) - 79f23d4f-854e-4bcb-ad60-b9a83903d995@group-5023954FE45C-SegmentedRaftLogWorker close()
2019-10-19 01:14:57,711 [main] INFO  impl.RaftServerImpl (RaftServerImpl.java:lambda$shutdown$3(261)) - e5ec12fd-6862-43a4-8f6d-a55a364e5eb4@group-81880FD2083A: shutdown
2019-10-19 01:14:57,714 [ForkJoinPool.commonPool-worker-1] INFO  impl.RaftServerImpl (RaftServerImpl.java:lambda$shutdown$3(261)) - 79f23d4f-854e-4bcb-ad60-b9a83903d995@group-81880FD2083A: shutdown
2019-10-19 01:14:57,714 [main] INFO  util.JmxRegister (JmxRegister.java:unregister(73)) - Successfully un-registered JMX Bean with object name Ratis:service=RaftServer,group=group-81880FD2083A,id=e5ec12fd-6862-43a4-8f6d-a55a364e5eb4
2019-10-19 01:14:57,714 [ForkJoinPool.commonPool-worker-1] INFO  util.JmxRegister (JmxRegister.java:unregister(73)) - Successfully un-registered JMX Bean with object name Ratis:service=RaftServer,group=group-81880FD2083A,id=79f23d4f-854e-4bcb-ad60-b9a83903d995
2019-10-19 01:14:57,714 [main] INFO  impl.RoleInfo (RoleInfo.java:shutdownFollowerState(121)) - e5ec12fd-6862-43a4-8f6d-a55a364e5eb4: shutdown FollowerState
2019-10-19 01:14:57,715 [ForkJoinPool.commonPool-worker-1] INFO  impl.RoleInfo (RoleInfo.java:shutdownLeaderState(104)) - 79f23d4f-854e-4bcb-ad60-b9a83903d995: shutdown LeaderState
2019-10-19 01:14:57,715 [Thread-6368] INFO  impl.FollowerState (FollowerState.java:run(117)) - e5ec12fd-6862-43a4-8f6d-a55a364e5eb4@group-81880FD2083A-FollowerState was interrupted: java.lang.InterruptedException: sleep interrupted
2019-10-19 01:14:57,715 [main] INFO  impl.StateMachineUpdater (StateMachineUpdater.java:stopAndJoin(136)) - e5ec12fd-6862-43a4-8f6d-a55a364e5eb4@group-81880FD2083A-StateMachineUpdater: set stopIndex = 12
2019-10-19 01:14:57,730 [org.apache.ratis.server.impl.LogAppender$AppenderDaemon$$Lambda$444/2145623288@507650c0] WARN  server.GrpcLogAppender (GrpcLogAppender.java:mayWait(149)) - 79f23d4f-854e-4bcb-ad60-b9a83903d995@group-81880FD2083A->796958df-e390-450e-98f3-f34b34ce9ba7-GrpcLogAppender: Wait interrupted by java.lang.InterruptedException
2019-10-19 01:14:57,729 [org.apache.ratis.server.impl.LogAppender$AppenderDaemon$$Lambda$444/2145623288@61ec81ed] WARN  server.GrpcLogAppender (GrpcLogAppender.java:mayWait(149)) - 79f23d4f-854e-4bcb-ad60-b9a83903d995@group-81880FD2083A->e5ec12fd-6862-43a4-8f6d-a55a364e5eb4-GrpcLogAppender: Wait interrupted by java.lang.InterruptedException
2019-10-19 01:14:57,729 [ForkJoinPool.commonPool-worker-1] INFO  impl.PendingRequests (PendingRequests.java:sendNotLeaderResponses(202)) - 79f23d4f-854e-4bcb-ad60-b9a83903d995@group-81880FD2083A-PendingRequests: sendNotLeaderResponses
2019-10-19 01:14:57,715 [e5ec12fd-6862-43a4-8f6d-a55a364e5eb4@group-81880FD2083A-StateMachineUpdater] INFO  ratis.ContainerStateMachine (ContainerStateMachine.java:takeSnapshot(294)) - group-81880FD2083A: Taking a snapshot at:(t:1, i:8) file /workdir/hadoop-ozone/integration-test/target/test-dir/MiniOzoneClusterImpl-2b25e22a-b484-4e93-9811-5f8cd4460e46/datanode-6/data/ratis/41c032a8-670d-4d43-8a01-81880fd2083a/sm/snapshot.1_8
2019-10-19 01:14:57,731 [grpc-default-executor-10] INFO  server.GrpcServerProtocolService (GrpcServerProtocolService.java:onCompleted(113)) - 796958df-e390-450e-98f3-f34b34ce9ba7: Completed APPEND_ENTRIES, lastRequest: 79f23d4f-854e-4bcb-ad60-b9a83903d995->796958df-e390-450e-98f3-f34b34ce9ba7#80-t1, previous=(t:1, i:12), leaderCommit=12, initializing? false, entries: <empty>
2019-10-19 01:14:57,734 [ForkJoinPool.commonPool-worker-1] INFO  impl.StateMachineUpdater (StateMachineUpdater.java:stopAndJoin(136)) - 79f23d4f-854e-4bcb-ad60-b9a83903d995@group-81880FD2083A-StateMachineUpdater: set stopIndex = 12
2019-10-19 01:14:57,731 [grpc-default-executor-1] INFO  server.GrpcServerProtocolService (GrpcServerProtocolService.java:onCompleted(113)) - e5ec12fd-6862-43a4-8f6d-a55a364e5eb4: Completed APPEND_ENTRIES, lastRequest: 79f23d4f-854e-4bcb-ad60-b9a83903d995->e5ec12fd-6862-43a4-8f6d-a55a364e5eb4#80-t1, previous=(t:1, i:12), leaderCommit=12, initializing? false, entries: <empty>
2019-10-19 01:14:57,735 [79f23d4f-854e-4bcb-ad60-b9a83903d995@group-81880FD2083A-StateMachineUpdater] INFO  ratis.ContainerStateMachine (ContainerStateMachine.java:takeSnapshot(294)) - group-81880FD2083A: Taking a snapshot at:(t:1, i:10) file /workdir/hadoop-ozone/integration-test/target/test-dir/MiniOzoneClusterImpl-2b25e22a-b484-4e93-9811-5f8cd4460e46/datanode-4/data/ratis/41c032a8-670d-4d43-8a01-81880fd2083a/sm/snapshot.1_10
2019-10-19 01:14:57,735 [grpc-default-executor-1] INFO  server.GrpcLogAppender (GrpcLogAppender.java:onCompleted(308)) - 79f23d4f-854e-4bcb-ad60-b9a83903d995@group-81880FD2083A->e5ec12fd-6862-43a4-8f6d-a55a364e5eb4-AppendLogResponseHandler: follower responses appendEntries COMPLETED
2019-10-19 01:14:57,735 [grpc-default-executor-10] INFO  server.GrpcLogAppender (GrpcLogAppender.java:onCompleted(308)) - 79f23d4f-854e-4bcb-ad60-b9a83903d995@group-81880FD2083A->796958df-e390-450e-98f3-f34b34ce9ba7-AppendLogResponseHandler: follower responses appendEntries COMPLETED
2019-10-19 01:14:57,736 [grpc-default-executor-1] INFO  impl.FollowerInfo (FollowerInfo.java:lambda$new$0(51)) - 79f23d4f-854e-4bcb-ad60-b9a83903d995@group-81880FD2083A->e5ec12fd-6862-43a4-8f6d-a55a364e5eb4: nextIndex: updateUnconditionally 13 -> 12
2019-10-19 01:14:57,736 [grpc-default-executor-10] INFO  impl.FollowerInfo (FollowerInfo.java:lambda$new$0(51)) - 79f23d4f-854e-4bcb-ad60-b9a83903d995@group-81880FD2083A->796958df-e390-450e-98f3-f34b34ce9ba7: nextIndex: updateUnconditionally 13 -> 12
2019-10-19 01:14:57,760 [79f23d4f-854e-4bcb-ad60-b9a83903d995@group-81880FD2083A-StateMachineUpdater] INFO  ratis.ContainerStateMachine (ContainerStateMachine.java:takeSnapshot(305)) - group-81880FD2083A: Finished taking a snapshot at:(t:1, i:10) file:/workdir/hadoop-ozone/integration-test/target/test-dir/MiniOzoneClusterImpl-2b25e22a-b484-4e93-9811-5f8cd4460e46/datanode-4/data/ratis/41c032a8-670d-4d43-8a01-81880fd2083a/sm/snapshot.1_10 time:25
2019-10-19 01:14:57,760 [e5ec12fd-6862-43a4-8f6d-a55a364e5eb4@group-81880FD2083A-StateMachineUpdater] INFO  ratis.ContainerStateMachine (ContainerStateMachine.java:takeSnapshot(305)) - group-81880FD2083A: Finished taking a snapshot at:(t:1, i:8) file:/workdir/hadoop-ozone/integration-test/target/test-dir/MiniOzoneClusterImpl-2b25e22a-b484-4e93-9811-5f8cd4460e46/datanode-6/data/ratis/41c032a8-670d-4d43-8a01-81880fd2083a/sm/snapshot.1_8 time:44
2019-10-19 01:14:57,760 [79f23d4f-854e-4bcb-ad60-b9a83903d995@group-81880FD2083A-StateMachineUpdater] INFO  impl.StateMachineUpdater (StateMachineUpdater.java:takeSnapshot(269)) - 79f23d4f-854e-4bcb-ad60-b9a83903d995@group-81880FD2083A-StateMachineUpdater: Took a snapshot at index 10
2019-10-19 01:14:57,760 [79f23d4f-854e-4bcb-ad60-b9a83903d995@group-81880FD2083A-StateMachineUpdater] INFO  impl.StateMachineUpdater (StateMachineUpdater.java:lambda$new$0(84)) - 79f23d4f-854e-4bcb-ad60-b9a83903d995@group-81880FD2083A-StateMachineUpdater: snapshotIndex: updateIncreasingly -1 -> 10
2019-10-19 01:14:57,760 [e5ec12fd-6862-43a4-8f6d-a55a364e5eb4@group-81880FD2083A-StateMachineUpdater] INFO  impl.StateMachineUpdater (StateMachineUpdater.java:takeSnapshot(269)) - e5ec12fd-6862-43a4-8f6d-a55a364e5eb4@group-81880FD2083A-StateMachineUpdater: Took a snapshot at index 8
2019-10-19 01:14:57,760 [e5ec12fd-6862-43a4-8f6d-a55a364e5eb4@group-81880FD2083A-StateMachineUpdater] INFO  impl.StateMachineUpdater (StateMachineUpdater.java:lambda$new$0(84)) - e5ec12fd-6862-43a4-8f6d-a55a364e5eb4@group-81880FD2083A-StateMachineUpdater: snapshotIndex: updateIncreasingly -1 -> 8
2019-10-19 01:14:57,760 [79f23d4f-854e-4bcb-ad60-b9a83903d995@group-81880FD2083A-StateMachineUpdater] INFO  ratis.ContainerStateMachine (ContainerStateMachine.java:takeSnapshot(294)) - group-81880FD2083A: Taking a snapshot at:(t:1, i:10) file /workdir/hadoop-ozone/integration-test/target/test-dir/MiniOzoneClusterImpl-2b25e22a-b484-4e93-9811-5f8cd4460e46/datanode-4/data/ratis/41c032a8-670d-4d43-8a01-81880fd2083a/sm/snapshot.1_10
2019-10-19 01:14:57,761 [e5ec12fd-6862-43a4-8f6d-a55a364e5eb4@group-81880FD2083A-StateMachineUpdater] INFO  ratis.ContainerStateMachine (ContainerStateMachine.java:takeSnapshot(294)) - group-81880FD2083A: Taking a snapshot at:(t:1, i:8) file /workdir/hadoop-ozone/integration-test/target/test-dir/MiniOzoneClusterImpl-2b25e22a-b484-4e93-9811-5f8cd4460e46/datanode-6/data/ratis/41c032a8-670d-4d43-8a01-81880fd2083a/sm/snapshot.1_8
2019-10-19 01:14:57,785 [79f23d4f-854e-4bcb-ad60-b9a83903d995@group-81880FD2083A-StateMachineUpdater] INFO  ratis.ContainerStateMachine (ContainerStateMachine.java:takeSnapshot(305)) - group-81880FD2083A: Finished taking a snapshot at:(t:1, i:10) file:/workdir/hadoop-ozone/integration-test/target/test-dir/MiniOzoneClusterImpl-2b25e22a-b484-4e93-9811-5f8cd4460e46/datanode-4/data/ratis/41c032a8-670d-4d43-8a01-81880fd2083a/sm/snapshot.1_10 time:24
2019-10-19 01:14:57,785 [e5ec12fd-6862-43a4-8f6d-a55a364e5eb4@group-81880FD2083A-StateMachineUpdater] INFO  ratis.ContainerStateMachine (ContainerStateMachine.java:takeSnapshot(305)) - group-81880FD2083A: Finished taking a snapshot at:(t:1, i:8) file:/workdir/hadoop-ozone/integration-test/target/test-dir/MiniOzoneClusterImpl-2b25e22a-b484-4e93-9811-5f8cd4460e46/datanode-6/data/ratis/41c032a8-670d-4d43-8a01-81880fd2083a/sm/snapshot.1_8 time:24
2019-10-19 01:14:57,785 [79f23d4f-854e-4bcb-ad60-b9a83903d995@group-81880FD2083A-StateMachineUpdater] INFO  impl.StateMachineUpdater (StateMachineUpdater.java:takeSnapshot(269)) - 79f23d4f-854e-4bcb-ad60-b9a83903d995@group-81880FD2083A-StateMachineUpdater: Took a snapshot at index 10
2019-10-19 01:14:57,785 [79f23d4f-854e-4bcb-ad60-b9a83903d995@group-81880FD2083A-StateMachineUpdater] INFO  impl.StateMachineUpdater (StateMachineUpdater.java:lambda$new$0(84)) - 79f23d4f-854e-4bcb-ad60-b9a83903d995@group-81880FD2083A-StateMachineUpdater: snapshotIndex: updateIncreasingly 10 -> 10
2019-10-19 01:14:57,785 [e5ec12fd-6862-43a4-8f6d-a55a364e5eb4@group-81880FD2083A-StateMachineUpdater] INFO  impl.StateMachineUpdater (StateMachineUpdater.java:takeSnapshot(269)) - e5ec12fd-6862-43a4-8f6d-a55a364e5eb4@group-81880FD2083A-StateMachineUpdater: Took a snapshot at index 8
2019-10-19 01:14:57,785 [ForkJoinPool.commonPool-worker-1] INFO  impl.RaftServerImpl (ServerState.java:close(388)) - 79f23d4f-854e-4bcb-ad60-b9a83903d995@group-81880FD2083A: closes. applyIndex: 12
2019-10-19 01:14:57,785 [e5ec12fd-6862-43a4-8f6d-a55a364e5eb4@group-81880FD2083A-StateMachineUpdater] INFO  impl.StateMachineUpdater (StateMachineUpdater.java:lambda$new$0(84)) - e5ec12fd-6862-43a4-8f6d-a55a364e5eb4@group-81880FD2083A-StateMachineUpdater: snapshotIndex: updateIncreasingly 8 -> 8
2019-10-19 01:14:57,786 [79f23d4f-854e-4bcb-ad60-b9a83903d995@group-81880FD2083A-SegmentedRaftLogWorker] INFO  segmented.SegmentedRaftLogWorker (SegmentedRaftLogWorker.java:run(316)) - 79f23d4f-854e-4bcb-ad60-b9a83903d995@group-81880FD2083A-SegmentedRaftLogWorker was interrupted, exiting. There are 0 tasks remaining in the queue.
2019-10-19 01:14:57,786 [main] INFO  impl.RaftServerImpl (ServerState.java:close(388)) - e5ec12fd-6862-43a4-8f6d-a55a364e5eb4@group-81880FD2083A: closes. applyIndex: 12
2019-10-19 01:14:57,789 [ForkJoinPool.commonPool-worker-1] INFO  segmented.SegmentedRaftLogWorker (SegmentedRaftLogWorker.java:close(224)) - 79f23d4f-854e-4bcb-ad60-b9a83903d995@group-81880FD2083A-SegmentedRaftLogWorker close()
2019-10-19 01:14:57,789 [e5ec12fd-6862-43a4-8f6d-a55a364e5eb4@group-81880FD2083A-SegmentedRaftLogWorker] INFO  segmented.SegmentedRaftLogWorker (SegmentedRaftLogWorker.java:run(316)) - e5ec12fd-6862-43a4-8f6d-a55a364e5eb4@group-81880FD2083A-SegmentedRaftLogWorker was interrupted, exiting. There are 0 tasks remaining in the queue.
2019-10-19 01:14:57,792 [ForkJoinPool.commonPool-worker-1] INFO  server.GrpcService (GrpcService.java:closeImpl(164)) - 79f23d4f-854e-4bcb-ad60-b9a83903d995: shutdown server with port 36052 now
2019-10-19 01:14:57,794 [main] INFO  segmented.SegmentedRaftLogWorker (SegmentedRaftLogWorker.java:close(224)) - e5ec12fd-6862-43a4-8f6d-a55a364e5eb4@group-81880FD2083A-SegmentedRaftLogWorker close()
2019-10-19 01:14:57,798 [main] INFO  server.GrpcService (GrpcService.java:closeImpl(164)) - e5ec12fd-6862-43a4-8f6d-a55a364e5eb4: shutdown server with port 43961 now
2019-10-19 01:14:57,798 [ForkJoinPool.commonPool-worker-1] INFO  server.GrpcService (GrpcService.java:closeImpl(172)) - 79f23d4f-854e-4bcb-ad60-b9a83903d995: shutdown server with port 36052 successfully
2019-10-19 01:14:57,798 [grpc-default-executor-1] WARN  client.GrpcClientProtocolService (LogUtils.java:warn(134)) - 1-UnorderedRequestStreamObserver1: onError: org.apache.ratis.thirdparty.io.grpc.StatusRuntimeException: CANCELLED: cancelled before receiving half close
2019-10-19 01:14:57,800 [main] INFO  server.GrpcService (GrpcService.java:closeImpl(172)) - e5ec12fd-6862-43a4-8f6d-a55a364e5eb4: shutdown server with port 43961 successfully
2019-10-19 01:14:57,804 [refreshUsed-/workdir/hadoop-ozone/integration-test/target/test-dir/MiniOzoneClusterImpl-2b25e22a-b484-4e93-9811-5f8cd4460e46/datanode-4/data/containers] WARN  fs.CachingGetSpaceUsed (CachingGetSpaceUsed.java:run(183)) - Thread Interrupted waiting to refresh disk information: sleep interrupted
2019-10-19 01:14:57,805 [refreshUsed-/workdir/hadoop-ozone/integration-test/target/test-dir/MiniOzoneClusterImpl-2b25e22a-b484-4e93-9811-5f8cd4460e46/datanode-6/data/containers] WARN  fs.CachingGetSpaceUsed (CachingGetSpaceUsed.java:run(183)) - Thread Interrupted waiting to refresh disk information: sleep interrupted
2019-10-19 01:14:57,810 [java.util.concurrent.ThreadPoolExecutor$Worker@9a1e533[State = -1, empty queue]] WARN  server.GrpcLogAppender (GrpcLogAppender.java:timeoutAppendRequest(209)) - 61d14648-e80d-4cd8-9e7c-6deb2f21aca8@group-A3037D40E172->f143d5cf-4038-4fa8-8601-f5a45f16ca3e-GrpcLogAppender: appendEntries Timeout, request=61d14648-e80d-4cd8-9e7c-6deb2f21aca8->f143d5cf-4038-4fa8-8601-f5a45f16ca3e#0-t235, previous=(t:2, i:0), leaderCommit=-1, initializing? false, entries: <empty>
2019-10-19 01:14:57,825 [ForkJoinPool.commonPool-worker-1] INFO  utils.BackgroundService (BackgroundService.java:shutdown(151)) - Shutting down service BlockDeletingService
2019-10-19 01:14:57,827 [ForkJoinPool.commonPool-worker-1] INFO  statemachine.DatanodeStateMachine (DatanodeStateMachine.java:stopDaemon(395)) - Ozone container server stopped.
2019-10-19 01:14:57,842 [ForkJoinPool.commonPool-worker-1] INFO  handler.ContextHandler (ContextHandler.java:doStop(910)) - Stopped o.e.j.w.WebAppContext@63f9ddf9{/,null,UNAVAILABLE}{/hddsDatanode}
2019-10-19 01:14:57,843 [ForkJoinPool.commonPool-worker-1] INFO  server.AbstractConnector (AbstractConnector.java:doStop(318)) - Stopped ServerConnector@410fc508{HTTP/1.1,[http/1.1]}{0.0.0.0:0}
2019-10-19 01:14:57,844 [main] INFO  utils.BackgroundService (BackgroundService.java:shutdown(151)) - Shutting down service BlockDeletingService
2019-10-19 01:14:57,844 [ForkJoinPool.commonPool-worker-1] INFO  handler.ContextHandler (ContextHandler.java:doStop(910)) - Stopped o.e.j.s.ServletContextHandler@6befbb12{/static,jar:file:/home/user/.m2/repository/org/apache/hadoop/hadoop-hdds-container-service/0.5.0-SNAPSHOT/hadoop-hdds-container-service-0.5.0-SNAPSHOT.jar!/webapps/static,UNAVAILABLE}
2019-10-19 01:14:57,846 [ForkJoinPool.commonPool-worker-1] INFO  handler.ContextHandler (ContextHandler.java:doStop(910)) - Stopped o.e.j.s.ServletContextHandler@2e4eda17{/logs,file:///workdir/hadoop-ozone/integration-test/target/log,UNAVAILABLE}
2019-10-19 01:14:57,848 [main] INFO  statemachine.DatanodeStateMachine (DatanodeStateMachine.java:stopDaemon(395)) - Ozone container server stopped.
2019-10-19 01:14:57,849 [main] INFO  handler.ContextHandler (ContextHandler.java:doStop(910)) - Stopped o.e.j.w.WebAppContext@1ab53860{/,null,UNAVAILABLE}{/hddsDatanode}
2019-10-19 01:14:57,850 [main] INFO  server.AbstractConnector (AbstractConnector.java:doStop(318)) - Stopped ServerConnector@7b5ac347{HTTP/1.1,[http/1.1]}{0.0.0.0:0}
2019-10-19 01:14:57,850 [main] INFO  handler.ContextHandler (ContextHandler.java:doStop(910)) - Stopped o.e.j.s.ServletContextHandler@7772d266{/static,jar:file:/home/user/.m2/repository/org/apache/hadoop/hadoop-hdds-container-service/0.5.0-SNAPSHOT/hadoop-hdds-container-service-0.5.0-SNAPSHOT.jar!/webapps/static,UNAVAILABLE}
2019-10-19 01:14:57,850 [main] INFO  handler.ContextHandler (ContextHandler.java:doStop(910)) - Stopped o.e.j.s.ServletContextHandler@733f1395{/logs,file:///workdir/hadoop-ozone/integration-test/target/log,UNAVAILABLE}
2019-10-19 01:14:58,092 [java.util.concurrent.ThreadPoolExecutor$Worker@4a01913f[State = -1, empty queue]] WARN  server.GrpcLogAppender (GrpcLogAppender.java:timeoutAppendRequest(209)) - 88be3607-7667-471c-9070-7dfd13eb5ac8@group-20FCFA0487C4->9c2d914d-67b1-4af9-8080-4d6ee007b506-GrpcLogAppender: appendEntries Timeout, request=88be3607-7667-471c-9070-7dfd13eb5ac8->9c2d914d-67b1-4af9-8080-4d6ee007b506#2-t191, previous=(t:1, i:0), leaderCommit=2, initializing? false, entries: <empty>
2019-10-19 01:14:58,344 [Datanode State Machine Thread - 0] INFO  statemachine.DatanodeStateMachine (DatanodeStateMachine.java:lambda$startDaemon$0(350)) - Ozone container server started.
2019-10-19 01:14:58,694 [Datanode State Machine Thread - 0] INFO  statemachine.DatanodeStateMachine (DatanodeStateMachine.java:lambda$startDaemon$0(350)) - Ozone container server started.
2019-10-19 01:14:59,486 [Thread-6370] INFO  impl.FollowerState (FollowerState.java:run(108)) - 796958df-e390-450e-98f3-f34b34ce9ba7@group-81880FD2083A-FollowerState: change to CANDIDATE, lastRpcTime:1900ms, electionTimeout:1161ms
2019-10-19 01:14:59,487 [Thread-6370] INFO  impl.RoleInfo (RoleInfo.java:shutdownFollowerState(121)) - 796958df-e390-450e-98f3-f34b34ce9ba7: shutdown FollowerState
2019-10-19 01:14:59,487 [Thread-6370] INFO  impl.RaftServerImpl (RaftServerImpl.java:setRole(184)) - 796958df-e390-450e-98f3-f34b34ce9ba7@group-81880FD2083A: changes role from  FOLLOWER to CANDIDATE at term 1 for changeToCandidate
2019-10-19 01:14:59,487 [Thread-6370] INFO  impl.RoleInfo (RoleInfo.java:updateAndGet(143)) - 796958df-e390-450e-98f3-f34b34ce9ba7: start LeaderElection
2019-10-19 01:14:59,488 [796958df-e390-450e-98f3-f34b34ce9ba7@group-81880FD2083A-LeaderElection1014] INFO  impl.RaftServerImpl (ServerState.java:setLeader(256)) - 796958df-e390-450e-98f3-f34b34ce9ba7@group-81880FD2083A: change Leader from 79f23d4f-854e-4bcb-ad60-b9a83903d995 to null at term 1 for initElection
2019-10-19 01:14:59,511 [796958df-e390-450e-98f3-f34b34ce9ba7@group-81880FD2083A-LeaderElection1014] INFO  impl.LeaderElection (LeaderElection.java:askForVotes(178)) - 796958df-e390-450e-98f3-f34b34ce9ba7@group-81880FD2083A-LeaderElection1014: begin an election at term 2 for 0: [79f23d4f-854e-4bcb-ad60-b9a83903d995:192.168.69.71:36052, 796958df-e390-450e-98f3-f34b34ce9ba7:192.168.69.71:38850, e5ec12fd-6862-43a4-8f6d-a55a364e5eb4:192.168.69.71:43961], old=null
2019-10-19 01:14:59,518 [796958df-e390-450e-98f3-f34b34ce9ba7@group-81880FD2083A-LeaderElection1014] INFO  impl.LeaderElection (LogUtils.java:infoOrTrace(149)) - 796958df-e390-450e-98f3-f34b34ce9ba7@group-81880FD2083A-LeaderElection1014 got exception when requesting votes: {}
java.util.concurrent.ExecutionException: org.apache.ratis.thirdparty.io.grpc.StatusRuntimeException: UNAVAILABLE: io exception
	at java.util.concurrent.FutureTask.report(FutureTask.java:122)
	at java.util.concurrent.FutureTask.get(FutureTask.java:192)
	at org.apache.ratis.server.impl.LeaderElection.waitForResults(LeaderElection.java:259)
	at org.apache.ratis.server.impl.LeaderElection.askForVotes(LeaderElection.java:197)
	at org.apache.ratis.server.impl.LeaderElection.run(LeaderElection.java:133)
	at java.lang.Thread.run(Thread.java:748)
Caused by: org.apache.ratis.thirdparty.io.grpc.StatusRuntimeException: UNAVAILABLE: io exception
	at org.apache.ratis.thirdparty.io.grpc.stub.ClientCalls.toStatusRuntimeException(ClientCalls.java:233)
	at org.apache.ratis.thirdparty.io.grpc.stub.ClientCalls.getUnchecked(ClientCalls.java:214)
	at org.apache.ratis.thirdparty.io.grpc.stub.ClientCalls.blockingUnaryCall(ClientCalls.java:139)
	at org.apache.ratis.proto.grpc.RaftServerProtocolServiceGrpc$RaftServerProtocolServiceBlockingStub.requestVote(RaftServerProtocolServiceGrpc.java:265)
	at org.apache.ratis.grpc.server.GrpcServerProtocolClient.requestVote(GrpcServerProtocolClient.java:99)
	at org.apache.ratis.grpc.server.GrpcService.requestVote(GrpcService.java:204)
	at org.apache.ratis.server.impl.LeaderElection.lambda$submitRequests$1(LeaderElection.java:234)
	at java.util.concurrent.FutureTask.run(FutureTask.java:266)
	at java.util.concurrent.Executors$RunnableAdapter.call(Executors.java:511)
	at java.util.concurrent.FutureTask.run(FutureTask.java:266)
	at java.util.concurrent.ThreadPoolExecutor.runWorker(ThreadPoolExecutor.java:1149)
	at java.util.concurrent.ThreadPoolExecutor$Worker.run(ThreadPoolExecutor.java:624)
	... 1 more
Caused by: org.apache.ratis.thirdparty.io.netty.channel.AbstractChannel$AnnotatedConnectException: Connection refused: /192.168.69.71:36052
	at sun.nio.ch.SocketChannelImpl.checkConnect(Native Method)
	at sun.nio.ch.SocketChannelImpl.finishConnect(SocketChannelImpl.java:717)
	at org.apache.ratis.thirdparty.io.netty.channel.socket.nio.NioSocketChannel.doFinishConnect(NioSocketChannel.java:327)
	at org.apache.ratis.thirdparty.io.netty.channel.nio.AbstractNioChannel$AbstractNioUnsafe.finishConnect(AbstractNioChannel.java:340)
	at org.apache.ratis.thirdparty.io.netty.channel.nio.NioEventLoop.processSelectedKey(NioEventLoop.java:632)
	at org.apache.ratis.thirdparty.io.netty.channel.nio.NioEventLoop.processSelectedKeysOptimized(NioEventLoop.java:579)
	at org.apache.ratis.thirdparty.io.netty.channel.nio.NioEventLoop.processSelectedKeys(NioEventLoop.java:496)
	at org.apache.ratis.thirdparty.io.netty.channel.nio.NioEventLoop.run(NioEventLoop.java:458)
	at org.apache.ratis.thirdparty.io.netty.util.concurrent.SingleThreadEventExecutor$5.run(SingleThreadEventExecutor.java:897)
	at org.apache.ratis.thirdparty.io.netty.util.concurrent.FastThreadLocalRunnable.run(FastThreadLocalRunnable.java:30)
	... 1 more
Caused by: java.net.ConnectException: Connection refused
	... 11 more
2019-10-19 01:14:59,519 [796958df-e390-450e-98f3-f34b34ce9ba7@group-81880FD2083A-LeaderElection1014] INFO  impl.LeaderElection (LogUtils.java:infoOrTrace(149)) - 796958df-e390-450e-98f3-f34b34ce9ba7@group-81880FD2083A-LeaderElection1014 got exception when requesting votes: {}
java.util.concurrent.ExecutionException: org.apache.ratis.thirdparty.io.grpc.StatusRuntimeException: UNAVAILABLE: io exception
	at java.util.concurrent.FutureTask.report(FutureTask.java:122)
	at java.util.concurrent.FutureTask.get(FutureTask.java:192)
	at org.apache.ratis.server.impl.LeaderElection.waitForResults(LeaderElection.java:259)
	at org.apache.ratis.server.impl.LeaderElection.askForVotes(LeaderElection.java:197)
	at org.apache.ratis.server.impl.LeaderElection.run(LeaderElection.java:133)
	at java.lang.Thread.run(Thread.java:748)
Caused by: org.apache.ratis.thirdparty.io.grpc.StatusRuntimeException: UNAVAILABLE: io exception
	at org.apache.ratis.thirdparty.io.grpc.stub.ClientCalls.toStatusRuntimeException(ClientCalls.java:233)
	at org.apache.ratis.thirdparty.io.grpc.stub.ClientCalls.getUnchecked(ClientCalls.java:214)
	at org.apache.ratis.thirdparty.io.grpc.stub.ClientCalls.blockingUnaryCall(ClientCalls.java:139)
	at org.apache.ratis.proto.grpc.RaftServerProtocolServiceGrpc$RaftServerProtocolServiceBlockingStub.requestVote(RaftServerProtocolServiceGrpc.java:265)
	at org.apache.ratis.grpc.server.GrpcServerProtocolClient.requestVote(GrpcServerProtocolClient.java:99)
	at org.apache.ratis.grpc.server.GrpcService.requestVote(GrpcService.java:204)
	at org.apache.ratis.server.impl.LeaderElection.lambda$submitRequests$1(LeaderElection.java:234)
	at java.util.concurrent.FutureTask.run(FutureTask.java:266)
	at java.util.concurrent.Executors$RunnableAdapter.call(Executors.java:511)
	at java.util.concurrent.FutureTask.run(FutureTask.java:266)
	at java.util.concurrent.ThreadPoolExecutor.runWorker(ThreadPoolExecutor.java:1149)
	at java.util.concurrent.ThreadPoolExecutor$Worker.run(ThreadPoolExecutor.java:624)
	... 1 more
Caused by: org.apache.ratis.thirdparty.io.netty.channel.AbstractChannel$AnnotatedConnectException: Connection refused: /192.168.69.71:43961
	at sun.nio.ch.SocketChannelImpl.checkConnect(Native Method)
	at sun.nio.ch.SocketChannelImpl.finishConnect(SocketChannelImpl.java:717)
	at org.apache.ratis.thirdparty.io.netty.channel.socket.nio.NioSocketChannel.doFinishConnect(NioSocketChannel.java:327)
	at org.apache.ratis.thirdparty.io.netty.channel.nio.AbstractNioChannel$AbstractNioUnsafe.finishConnect(AbstractNioChannel.java:340)
	at org.apache.ratis.thirdparty.io.netty.channel.nio.NioEventLoop.processSelectedKey(NioEventLoop.java:632)
	at org.apache.ratis.thirdparty.io.netty.channel.nio.NioEventLoop.processSelectedKeysOptimized(NioEventLoop.java:579)
	at org.apache.ratis.thirdparty.io.netty.channel.nio.NioEventLoop.processSelectedKeys(NioEventLoop.java:496)
	at org.apache.ratis.thirdparty.io.netty.channel.nio.NioEventLoop.run(NioEventLoop.java:458)
	at org.apache.ratis.thirdparty.io.netty.util.concurrent.SingleThreadEventExecutor$5.run(SingleThreadEventExecutor.java:897)
	at org.apache.ratis.thirdparty.io.netty.util.concurrent.FastThreadLocalRunnable.run(FastThreadLocalRunnable.java:30)
	... 1 more
Caused by: java.net.ConnectException: Connection refused
	... 11 more
2019-10-19 01:14:59,519 [796958df-e390-450e-98f3-f34b34ce9ba7@group-81880FD2083A-LeaderElection1014] INFO  impl.LeaderElection (LeaderElection.java:logAndReturn(56)) - 796958df-e390-450e-98f3-f34b34ce9ba7@group-81880FD2083A-LeaderElection1014: Election REJECTED; received 0 response(s) [] and 2 exception(s); 796958df-e390-450e-98f3-f34b34ce9ba7@group-81880FD2083A:t2, leader=null, voted=796958df-e390-450e-98f3-f34b34ce9ba7, raftlog=796958df-e390-450e-98f3-f34b34ce9ba7@group-81880FD2083A-SegmentedRaftLog:OPENED:c12,f12,i12, conf=0: [79f23d4f-854e-4bcb-ad60-b9a83903d995:192.168.69.71:36052, 796958df-e390-450e-98f3-f34b34ce9ba7:192.168.69.71:38850, e5ec12fd-6862-43a4-8f6d-a55a364e5eb4:192.168.69.71:43961], old=null
2019-10-19 01:14:59,519 [796958df-e390-450e-98f3-f34b34ce9ba7@group-81880FD2083A-LeaderElection1014] INFO  impl.LeaderElection (LogUtils.java:infoOrTrace(149)) -   Exception 0: {}
java.util.concurrent.ExecutionException: org.apache.ratis.thirdparty.io.grpc.StatusRuntimeException: UNAVAILABLE: io exception
	at java.util.concurrent.FutureTask.report(FutureTask.java:122)
	at java.util.concurrent.FutureTask.get(FutureTask.java:192)
	at org.apache.ratis.server.impl.LeaderElection.waitForResults(LeaderElection.java:259)
	at org.apache.ratis.server.impl.LeaderElection.askForVotes(LeaderElection.java:197)
	at org.apache.ratis.server.impl.LeaderElection.run(LeaderElection.java:133)
	at java.lang.Thread.run(Thread.java:748)
Caused by: org.apache.ratis.thirdparty.io.grpc.StatusRuntimeException: UNAVAILABLE: io exception
	at org.apache.ratis.thirdparty.io.grpc.stub.ClientCalls.toStatusRuntimeException(ClientCalls.java:233)
	at org.apache.ratis.thirdparty.io.grpc.stub.ClientCalls.getUnchecked(ClientCalls.java:214)
	at org.apache.ratis.thirdparty.io.grpc.stub.ClientCalls.blockingUnaryCall(ClientCalls.java:139)
	at org.apache.ratis.proto.grpc.RaftServerProtocolServiceGrpc$RaftServerProtocolServiceBlockingStub.requestVote(RaftServerProtocolServiceGrpc.java:265)
	at org.apache.ratis.grpc.server.GrpcServerProtocolClient.requestVote(GrpcServerProtocolClient.java:99)
	at org.apache.ratis.grpc.server.GrpcService.requestVote(GrpcService.java:204)
	at org.apache.ratis.server.impl.LeaderElection.lambda$submitRequests$1(LeaderElection.java:234)
	at java.util.concurrent.FutureTask.run(FutureTask.java:266)
	at java.util.concurrent.Executors$RunnableAdapter.call(Executors.java:511)
	at java.util.concurrent.FutureTask.run(FutureTask.java:266)
	at java.util.concurrent.ThreadPoolExecutor.runWorker(ThreadPoolExecutor.java:1149)
	at java.util.concurrent.ThreadPoolExecutor$Worker.run(ThreadPoolExecutor.java:624)
	... 1 more
Caused by: org.apache.ratis.thirdparty.io.netty.channel.AbstractChannel$AnnotatedConnectException: Connection refused: /192.168.69.71:36052
	at sun.nio.ch.SocketChannelImpl.checkConnect(Native Method)
	at sun.nio.ch.SocketChannelImpl.finishConnect(SocketChannelImpl.java:717)
	at org.apache.ratis.thirdparty.io.netty.channel.socket.nio.NioSocketChannel.doFinishConnect(NioSocketChannel.java:327)
	at org.apache.ratis.thirdparty.io.netty.channel.nio.AbstractNioChannel$AbstractNioUnsafe.finishConnect(AbstractNioChannel.java:340)
	at org.apache.ratis.thirdparty.io.netty.channel.nio.NioEventLoop.processSelectedKey(NioEventLoop.java:632)
	at org.apache.ratis.thirdparty.io.netty.channel.nio.NioEventLoop.processSelectedKeysOptimized(NioEventLoop.java:579)
	at org.apache.ratis.thirdparty.io.netty.channel.nio.NioEventLoop.processSelectedKeys(NioEventLoop.java:496)
	at org.apache.ratis.thirdparty.io.netty.channel.nio.NioEventLoop.run(NioEventLoop.java:458)
	at org.apache.ratis.thirdparty.io.netty.util.concurrent.SingleThreadEventExecutor$5.run(SingleThreadEventExecutor.java:897)
	at org.apache.ratis.thirdparty.io.netty.util.concurrent.FastThreadLocalRunnable.run(FastThreadLocalRunnable.java:30)
	... 1 more
Caused by: java.net.ConnectException: Connection refused
	... 11 more
2019-10-19 01:14:59,520 [796958df-e390-450e-98f3-f34b34ce9ba7@group-81880FD2083A-LeaderElection1014] INFO  impl.LeaderElection (LogUtils.java:infoOrTrace(149)) -   Exception 1: {}
java.util.concurrent.ExecutionException: org.apache.ratis.thirdparty.io.grpc.StatusRuntimeException: UNAVAILABLE: io exception
	at java.util.concurrent.FutureTask.report(FutureTask.java:122)
	at java.util.concurrent.FutureTask.get(FutureTask.java:192)
	at org.apache.ratis.server.impl.LeaderElection.waitForResults(LeaderElection.java:259)
	at org.apache.ratis.server.impl.LeaderElection.askForVotes(LeaderElection.java:197)
	at org.apache.ratis.server.impl.LeaderElection.run(LeaderElection.java:133)
	at java.lang.Thread.run(Thread.java:748)
Caused by: org.apache.ratis.thirdparty.io.grpc.StatusRuntimeException: UNAVAILABLE: io exception
	at org.apache.ratis.thirdparty.io.grpc.stub.ClientCalls.toStatusRuntimeException(ClientCalls.java:233)
	at org.apache.ratis.thirdparty.io.grpc.stub.ClientCalls.getUnchecked(ClientCalls.java:214)
	at org.apache.ratis.thirdparty.io.grpc.stub.ClientCalls.blockingUnaryCall(ClientCalls.java:139)
	at org.apache.ratis.proto.grpc.RaftServerProtocolServiceGrpc$RaftServerProtocolServiceBlockingStub.requestVote(RaftServerProtocolServiceGrpc.java:265)
	at org.apache.ratis.grpc.server.GrpcServerProtocolClient.requestVote(GrpcServerProtocolClient.java:99)
	at org.apache.ratis.grpc.server.GrpcService.requestVote(GrpcService.java:204)
	at org.apache.ratis.server.impl.LeaderElection.lambda$submitRequests$1(LeaderElection.java:234)
	at java.util.concurrent.FutureTask.run(FutureTask.java:266)
	at java.util.concurrent.Executors$RunnableAdapter.call(Executors.java:511)
	at java.util.concurrent.FutureTask.run(FutureTask.java:266)
	at java.util.concurrent.ThreadPoolExecutor.runWorker(ThreadPoolExecutor.java:1149)
	at java.util.concurrent.ThreadPoolExecutor$Worker.run(ThreadPoolExecutor.java:624)
	... 1 more
Caused by: org.apache.ratis.thirdparty.io.netty.channel.AbstractChannel$AnnotatedConnectException: Connection refused: /192.168.69.71:43961
	at sun.nio.ch.SocketChannelImpl.checkConnect(Native Method)
	at sun.nio.ch.SocketChannelImpl.finishConnect(SocketChannelImpl.java:717)
	at org.apache.ratis.thirdparty.io.netty.channel.socket.nio.NioSocketChannel.doFinishConnect(NioSocketChannel.java:327)
	at org.apache.ratis.thirdparty.io.netty.channel.nio.AbstractNioChannel$AbstractNioUnsafe.finishConnect(AbstractNioChannel.java:340)
	at org.apache.ratis.thirdparty.io.netty.channel.nio.NioEventLoop.processSelectedKey(NioEventLoop.java:632)
	at org.apache.ratis.thirdparty.io.netty.channel.nio.NioEventLoop.processSelectedKeysOptimized(NioEventLoop.java:579)
	at org.apache.ratis.thirdparty.io.netty.channel.nio.NioEventLoop.processSelectedKeys(NioEventLoop.java:496)
	at org.apache.ratis.thirdparty.io.netty.channel.nio.NioEventLoop.run(NioEventLoop.java:458)
	at org.apache.ratis.thirdparty.io.netty.util.concurrent.SingleThreadEventExecutor$5.run(SingleThreadEventExecutor.java:897)
	at org.apache.ratis.thirdparty.io.netty.util.concurrent.FastThreadLocalRunnable.run(FastThreadLocalRunnable.java:30)
	... 1 more
Caused by: java.net.ConnectException: Connection refused
	... 11 more
2019-10-19 01:14:59,520 [796958df-e390-450e-98f3-f34b34ce9ba7@group-81880FD2083A-LeaderElection1014] INFO  impl.RaftServerImpl (RaftServerImpl.java:setRole(184)) - 796958df-e390-450e-98f3-f34b34ce9ba7@group-81880FD2083A: changes role from CANDIDATE to FOLLOWER at term 2 for DISCOVERED_A_NEW_TERM
2019-10-19 01:14:59,520 [796958df-e390-450e-98f3-f34b34ce9ba7@group-81880FD2083A-LeaderElection1014] INFO  impl.RoleInfo (RoleInfo.java:shutdownLeaderElection(134)) - 796958df-e390-450e-98f3-f34b34ce9ba7: shutdown LeaderElection
2019-10-19 01:14:59,520 [796958df-e390-450e-98f3-f34b34ce9ba7@group-81880FD2083A-LeaderElection1014] INFO  impl.RoleInfo (RoleInfo.java:updateAndGet(143)) - 796958df-e390-450e-98f3-f34b34ce9ba7: start FollowerState
2019-10-19 01:15:00,651 [Thread-9083] INFO  impl.FollowerState (FollowerState.java:run(108)) - 796958df-e390-450e-98f3-f34b34ce9ba7@group-81880FD2083A-FollowerState: change to CANDIDATE, lastRpcTime:1130ms, electionTimeout:1130ms
2019-10-19 01:15:00,651 [Thread-9083] INFO  impl.RoleInfo (RoleInfo.java:shutdownFollowerState(121)) - 796958df-e390-450e-98f3-f34b34ce9ba7: shutdown FollowerState
2019-10-19 01:15:00,651 [Thread-9083] INFO  impl.RaftServerImpl (RaftServerImpl.java:setRole(184)) - 796958df-e390-450e-98f3-f34b34ce9ba7@group-81880FD2083A: changes role from  FOLLOWER to CANDIDATE at term 2 for changeToCandidate
2019-10-19 01:15:00,651 [Thread-9083] INFO  impl.RoleInfo (RoleInfo.java:updateAndGet(143)) - 796958df-e390-450e-98f3-f34b34ce9ba7: start LeaderElection
2019-10-19 01:15:00,665 [796958df-e390-450e-98f3-f34b34ce9ba7@group-81880FD2083A-LeaderElection1015] INFO  impl.LeaderElection (LeaderElection.java:askForVotes(178)) - 796958df-e390-450e-98f3-f34b34ce9ba7@group-81880FD2083A-LeaderElection1015: begin an election at term 3 for 0: [79f23d4f-854e-4bcb-ad60-b9a83903d995:192.168.69.71:36052, 796958df-e390-450e-98f3-f34b34ce9ba7:192.168.69.71:38850, e5ec12fd-6862-43a4-8f6d-a55a364e5eb4:192.168.69.71:43961], old=null
2019-10-19 01:15:00,666 [796958df-e390-450e-98f3-f34b34ce9ba7@group-81880FD2083A-LeaderElection1015] INFO  impl.LeaderElection (LogUtils.java:infoOrTrace(149)) - 796958df-e390-450e-98f3-f34b34ce9ba7@group-81880FD2083A-LeaderElection1015 got exception when requesting votes: {}
java.util.concurrent.ExecutionException: org.apache.ratis.thirdparty.io.grpc.StatusRuntimeException: UNAVAILABLE: io exception
	at java.util.concurrent.FutureTask.report(FutureTask.java:122)
	at java.util.concurrent.FutureTask.get(FutureTask.java:192)
	at org.apache.ratis.server.impl.LeaderElection.waitForResults(LeaderElection.java:259)
	at org.apache.ratis.server.impl.LeaderElection.askForVotes(LeaderElection.java:197)
	at org.apache.ratis.server.impl.LeaderElection.run(LeaderElection.java:133)
	at java.lang.Thread.run(Thread.java:748)
Caused by: org.apache.ratis.thirdparty.io.grpc.StatusRuntimeException: UNAVAILABLE: io exception
	at org.apache.ratis.thirdparty.io.grpc.stub.ClientCalls.toStatusRuntimeException(ClientCalls.java:233)
	at org.apache.ratis.thirdparty.io.grpc.stub.ClientCalls.getUnchecked(ClientCalls.java:214)
	at org.apache.ratis.thirdparty.io.grpc.stub.ClientCalls.blockingUnaryCall(ClientCalls.java:139)
	at org.apache.ratis.proto.grpc.RaftServerProtocolServiceGrpc$RaftServerProtocolServiceBlockingStub.requestVote(RaftServerProtocolServiceGrpc.java:265)
	at org.apache.ratis.grpc.server.GrpcServerProtocolClient.requestVote(GrpcServerProtocolClient.java:99)
	at org.apache.ratis.grpc.server.GrpcService.requestVote(GrpcService.java:204)
	at org.apache.ratis.server.impl.LeaderElection.lambda$submitRequests$1(LeaderElection.java:234)
	at java.util.concurrent.FutureTask.run(FutureTask.java:266)
	at java.util.concurrent.Executors$RunnableAdapter.call(Executors.java:511)
	at java.util.concurrent.FutureTask.run(FutureTask.java:266)
	at java.util.concurrent.ThreadPoolExecutor.runWorker(ThreadPoolExecutor.java:1149)
	at java.util.concurrent.ThreadPoolExecutor$Worker.run(ThreadPoolExecutor.java:624)
	... 1 more
Caused by: org.apache.ratis.thirdparty.io.netty.channel.AbstractChannel$AnnotatedConnectException: Connection refused: /192.168.69.71:43961
	at sun.nio.ch.SocketChannelImpl.checkConnect(Native Method)
	at sun.nio.ch.SocketChannelImpl.finishConnect(SocketChannelImpl.java:717)
	at org.apache.ratis.thirdparty.io.netty.channel.socket.nio.NioSocketChannel.doFinishConnect(NioSocketChannel.java:327)
	at org.apache.ratis.thirdparty.io.netty.channel.nio.AbstractNioChannel$AbstractNioUnsafe.finishConnect(AbstractNioChannel.java:340)
	at org.apache.ratis.thirdparty.io.netty.channel.nio.NioEventLoop.processSelectedKey(NioEventLoop.java:632)
	at org.apache.ratis.thirdparty.io.netty.channel.nio.NioEventLoop.processSelectedKeysOptimized(NioEventLoop.java:579)
	at org.apache.ratis.thirdparty.io.netty.channel.nio.NioEventLoop.processSelectedKeys(NioEventLoop.java:496)
	at org.apache.ratis.thirdparty.io.netty.channel.nio.NioEventLoop.run(NioEventLoop.java:458)
	at org.apache.ratis.thirdparty.io.netty.util.concurrent.SingleThreadEventExecutor$5.run(SingleThreadEventExecutor.java:897)
	at org.apache.ratis.thirdparty.io.netty.util.concurrent.FastThreadLocalRunnable.run(FastThreadLocalRunnable.java:30)
	... 1 more
Caused by: java.net.ConnectException: Connection refused
	... 11 more
2019-10-19 01:15:00,666 [796958df-e390-450e-98f3-f34b34ce9ba7@group-81880FD2083A-LeaderElection1015] INFO  impl.LeaderElection (LogUtils.java:infoOrTrace(149)) - 796958df-e390-450e-98f3-f34b34ce9ba7@group-81880FD2083A-LeaderElection1015 got exception when requesting votes: {}
java.util.concurrent.ExecutionException: org.apache.ratis.thirdparty.io.grpc.StatusRuntimeException: UNAVAILABLE: io exception
	at java.util.concurrent.FutureTask.report(FutureTask.java:122)
	at java.util.concurrent.FutureTask.get(FutureTask.java:192)
	at org.apache.ratis.server.impl.LeaderElection.waitForResults(LeaderElection.java:259)
	at org.apache.ratis.server.impl.LeaderElection.askForVotes(LeaderElection.java:197)
	at org.apache.ratis.server.impl.LeaderElection.run(LeaderElection.java:133)
	at java.lang.Thread.run(Thread.java:748)
Caused by: org.apache.ratis.thirdparty.io.grpc.StatusRuntimeException: UNAVAILABLE: io exception
	at org.apache.ratis.thirdparty.io.grpc.stub.ClientCalls.toStatusRuntimeException(ClientCalls.java:233)
	at org.apache.ratis.thirdparty.io.grpc.stub.ClientCalls.getUnchecked(ClientCalls.java:214)
	at org.apache.ratis.thirdparty.io.grpc.stub.ClientCalls.blockingUnaryCall(ClientCalls.java:139)
	at org.apache.ratis.proto.grpc.RaftServerProtocolServiceGrpc$RaftServerProtocolServiceBlockingStub.requestVote(RaftServerProtocolServiceGrpc.java:265)
	at org.apache.ratis.grpc.server.GrpcServerProtocolClient.requestVote(GrpcServerProtocolClient.java:99)
	at org.apache.ratis.grpc.server.GrpcService.requestVote(GrpcService.java:204)
	at org.apache.ratis.server.impl.LeaderElection.lambda$submitRequests$1(LeaderElection.java:234)
	at java.util.concurrent.FutureTask.run(FutureTask.java:266)
	at java.util.concurrent.Executors$RunnableAdapter.call(Executors.java:511)
	at java.util.concurrent.FutureTask.run(FutureTask.java:266)
	at java.util.concurrent.ThreadPoolExecutor.runWorker(ThreadPoolExecutor.java:1149)
	at java.util.concurrent.ThreadPoolExecutor$Worker.run(ThreadPoolExecutor.java:624)
	... 1 more
Caused by: org.apache.ratis.thirdparty.io.netty.channel.AbstractChannel$AnnotatedConnectException: Connection refused: /192.168.69.71:36052
	at sun.nio.ch.SocketChannelImpl.checkConnect(Native Method)
	at sun.nio.ch.SocketChannelImpl.finishConnect(SocketChannelImpl.java:717)
	at org.apache.ratis.thirdparty.io.netty.channel.socket.nio.NioSocketChannel.doFinishConnect(NioSocketChannel.java:327)
	at org.apache.ratis.thirdparty.io.netty.channel.nio.AbstractNioChannel$AbstractNioUnsafe.finishConnect(AbstractNioChannel.java:340)
	at org.apache.ratis.thirdparty.io.netty.channel.nio.NioEventLoop.processSelectedKey(NioEventLoop.java:632)
	at org.apache.ratis.thirdparty.io.netty.channel.nio.NioEventLoop.processSelectedKeysOptimized(NioEventLoop.java:579)
	at org.apache.ratis.thirdparty.io.netty.channel.nio.NioEventLoop.processSelectedKeys(NioEventLoop.java:496)
	at org.apache.ratis.thirdparty.io.netty.channel.nio.NioEventLoop.run(NioEventLoop.java:458)
	at org.apache.ratis.thirdparty.io.netty.util.concurrent.SingleThreadEventExecutor$5.run(SingleThreadEventExecutor.java:897)
	at org.apache.ratis.thirdparty.io.netty.util.concurrent.FastThreadLocalRunnable.run(FastThreadLocalRunnable.java:30)
	... 1 more
Caused by: java.net.ConnectException: Connection refused
	... 11 more
2019-10-19 01:15:00,666 [796958df-e390-450e-98f3-f34b34ce9ba7@group-81880FD2083A-LeaderElection1015] INFO  impl.LeaderElection (LeaderElection.java:logAndReturn(56)) - 796958df-e390-450e-98f3-f34b34ce9ba7@group-81880FD2083A-LeaderElection1015: Election REJECTED; received 0 response(s) [] and 2 exception(s); 796958df-e390-450e-98f3-f34b34ce9ba7@group-81880FD2083A:t3, leader=null, voted=796958df-e390-450e-98f3-f34b34ce9ba7, raftlog=796958df-e390-450e-98f3-f34b34ce9ba7@group-81880FD2083A-SegmentedRaftLog:OPENED:c12,f12,i12, conf=0: [79f23d4f-854e-4bcb-ad60-b9a83903d995:192.168.69.71:36052, 796958df-e390-450e-98f3-f34b34ce9ba7:192.168.69.71:38850, e5ec12fd-6862-43a4-8f6d-a55a364e5eb4:192.168.69.71:43961], old=null
2019-10-19 01:15:00,666 [796958df-e390-450e-98f3-f34b34ce9ba7@group-81880FD2083A-LeaderElection1015] INFO  impl.LeaderElection (LogUtils.java:infoOrTrace(149)) -   Exception 0: {}
java.util.concurrent.ExecutionException: org.apache.ratis.thirdparty.io.grpc.StatusRuntimeException: UNAVAILABLE: io exception
	at java.util.concurrent.FutureTask.report(FutureTask.java:122)
	at java.util.concurrent.FutureTask.get(FutureTask.java:192)
	at org.apache.ratis.server.impl.LeaderElection.waitForResults(LeaderElection.java:259)
	at org.apache.ratis.server.impl.LeaderElection.askForVotes(LeaderElection.java:197)
	at org.apache.ratis.server.impl.LeaderElection.run(LeaderElection.java:133)
	at java.lang.Thread.run(Thread.java:748)
Caused by: org.apache.ratis.thirdparty.io.grpc.StatusRuntimeException: UNAVAILABLE: io exception
	at org.apache.ratis.thirdparty.io.grpc.stub.ClientCalls.toStatusRuntimeException(ClientCalls.java:233)
	at org.apache.ratis.thirdparty.io.grpc.stub.ClientCalls.getUnchecked(ClientCalls.java:214)
	at org.apache.ratis.thirdparty.io.grpc.stub.ClientCalls.blockingUnaryCall(ClientCalls.java:139)
	at org.apache.ratis.proto.grpc.RaftServerProtocolServiceGrpc$RaftServerProtocolServiceBlockingStub.requestVote(RaftServerProtocolServiceGrpc.java:265)
	at org.apache.ratis.grpc.server.GrpcServerProtocolClient.requestVote(GrpcServerProtocolClient.java:99)
	at org.apache.ratis.grpc.server.GrpcService.requestVote(GrpcService.java:204)
	at org.apache.ratis.server.impl.LeaderElection.lambda$submitRequests$1(LeaderElection.java:234)
	at java.util.concurrent.FutureTask.run(FutureTask.java:266)
	at java.util.concurrent.Executors$RunnableAdapter.call(Executors.java:511)
	at java.util.concurrent.FutureTask.run(FutureTask.java:266)
	at java.util.concurrent.ThreadPoolExecutor.runWorker(ThreadPoolExecutor.java:1149)
	at java.util.concurrent.ThreadPoolExecutor$Worker.run(ThreadPoolExecutor.java:624)
	... 1 more
Caused by: org.apache.ratis.thirdparty.io.netty.channel.AbstractChannel$AnnotatedConnectException: Connection refused: /192.168.69.71:43961
	at sun.nio.ch.SocketChannelImpl.checkConnect(Native Method)
	at sun.nio.ch.SocketChannelImpl.finishConnect(SocketChannelImpl.java:717)
	at org.apache.ratis.thirdparty.io.netty.channel.socket.nio.NioSocketChannel.doFinishConnect(NioSocketChannel.java:327)
	at org.apache.ratis.thirdparty.io.netty.channel.nio.AbstractNioChannel$AbstractNioUnsafe.finishConnect(AbstractNioChannel.java:340)
	at org.apache.ratis.thirdparty.io.netty.channel.nio.NioEventLoop.processSelectedKey(NioEventLoop.java:632)
	at org.apache.ratis.thirdparty.io.netty.channel.nio.NioEventLoop.processSelectedKeysOptimized(NioEventLoop.java:579)
	at org.apache.ratis.thirdparty.io.netty.channel.nio.NioEventLoop.processSelectedKeys(NioEventLoop.java:496)
	at org.apache.ratis.thirdparty.io.netty.channel.nio.NioEventLoop.run(NioEventLoop.java:458)
	at org.apache.ratis.thirdparty.io.netty.util.concurrent.SingleThreadEventExecutor$5.run(SingleThreadEventExecutor.java:897)
	at org.apache.ratis.thirdparty.io.netty.util.concurrent.FastThreadLocalRunnable.run(FastThreadLocalRunnable.java:30)
	... 1 more
Caused by: java.net.ConnectException: Connection refused
	... 11 more
2019-10-19 01:15:00,666 [796958df-e390-450e-98f3-f34b34ce9ba7@group-81880FD2083A-LeaderElection1015] INFO  impl.LeaderElection (LogUtils.java:infoOrTrace(149)) -   Exception 1: {}
java.util.concurrent.ExecutionException: org.apache.ratis.thirdparty.io.grpc.StatusRuntimeException: UNAVAILABLE: io exception
	at java.util.concurrent.FutureTask.report(FutureTask.java:122)
	at java.util.concurrent.FutureTask.get(FutureTask.java:192)
	at org.apache.ratis.server.impl.LeaderElection.waitForResults(LeaderElection.java:259)
	at org.apache.ratis.server.impl.LeaderElection.askForVotes(LeaderElection.java:197)
	at org.apache.ratis.server.impl.LeaderElection.run(LeaderElection.java:133)
	at java.lang.Thread.run(Thread.java:748)
Caused by: org.apache.ratis.thirdparty.io.grpc.StatusRuntimeException: UNAVAILABLE: io exception
	at org.apache.ratis.thirdparty.io.grpc.stub.ClientCalls.toStatusRuntimeException(ClientCalls.java:233)
	at org.apache.ratis.thirdparty.io.grpc.stub.ClientCalls.getUnchecked(ClientCalls.java:214)
	at org.apache.ratis.thirdparty.io.grpc.stub.ClientCalls.blockingUnaryCall(ClientCalls.java:139)
	at org.apache.ratis.proto.grpc.RaftServerProtocolServiceGrpc$RaftServerProtocolServiceBlockingStub.requestVote(RaftServerProtocolServiceGrpc.java:265)
	at org.apache.ratis.grpc.server.GrpcServerProtocolClient.requestVote(GrpcServerProtocolClient.java:99)
	at org.apache.ratis.grpc.server.GrpcService.requestVote(GrpcService.java:204)
	at org.apache.ratis.server.impl.LeaderElection.lambda$submitRequests$1(LeaderElection.java:234)
	at java.util.concurrent.FutureTask.run(FutureTask.java:266)
	at java.util.concurrent.Executors$RunnableAdapter.call(Executors.java:511)
	at java.util.concurrent.FutureTask.run(FutureTask.java:266)
	at java.util.concurrent.ThreadPoolExecutor.runWorker(ThreadPoolExecutor.java:1149)
	at java.util.concurrent.ThreadPoolExecutor$Worker.run(ThreadPoolExecutor.java:624)
	... 1 more
Caused by: org.apache.ratis.thirdparty.io.netty.channel.AbstractChannel$AnnotatedConnectException: Connection refused: /192.168.69.71:36052
	at sun.nio.ch.SocketChannelImpl.checkConnect(Native Method)
	at sun.nio.ch.SocketChannelImpl.finishConnect(SocketChannelImpl.java:717)
	at org.apache.ratis.thirdparty.io.netty.channel.socket.nio.NioSocketChannel.doFinishConnect(NioSocketChannel.java:327)
	at org.apache.ratis.thirdparty.io.netty.channel.nio.AbstractNioChannel$AbstractNioUnsafe.finishConnect(AbstractNioChannel.java:340)
	at org.apache.ratis.thirdparty.io.netty.channel.nio.NioEventLoop.processSelectedKey(NioEventLoop.java:632)
	at org.apache.ratis.thirdparty.io.netty.channel.nio.NioEventLoop.processSelectedKeysOptimized(NioEventLoop.java:579)
	at org.apache.ratis.thirdparty.io.netty.channel.nio.NioEventLoop.processSelectedKeys(NioEventLoop.java:496)
	at org.apache.ratis.thirdparty.io.netty.channel.nio.NioEventLoop.run(NioEventLoop.java:458)
	at org.apache.ratis.thirdparty.io.netty.util.concurrent.SingleThreadEventExecutor$5.run(SingleThreadEventExecutor.java:897)
	at org.apache.ratis.thirdparty.io.netty.util.concurrent.FastThreadLocalRunnable.run(FastThreadLocalRunnable.java:30)
	... 1 more
Caused by: java.net.ConnectException: Connection refused
	... 11 more
2019-10-19 01:15:00,667 [796958df-e390-450e-98f3-f34b34ce9ba7@group-81880FD2083A-LeaderElection1015] INFO  impl.RaftServerImpl (RaftServerImpl.java:setRole(184)) - 796958df-e390-450e-98f3-f34b34ce9ba7@group-81880FD2083A: changes role from CANDIDATE to FOLLOWER at term 3 for DISCOVERED_A_NEW_TERM
2019-10-19 01:15:00,667 [796958df-e390-450e-98f3-f34b34ce9ba7@group-81880FD2083A-LeaderElection1015] INFO  impl.RoleInfo (RoleInfo.java:shutdownLeaderElection(134)) - 796958df-e390-450e-98f3-f34b34ce9ba7: shutdown LeaderElection
2019-10-19 01:15:00,667 [796958df-e390-450e-98f3-f34b34ce9ba7@group-81880FD2083A-LeaderElection1015] INFO  impl.RoleInfo (RoleInfo.java:updateAndGet(143)) - 796958df-e390-450e-98f3-f34b34ce9ba7: start FollowerState
2019-10-19 01:15:00,875 [java.util.concurrent.ThreadPoolExecutor$Worker@9a1e533[State = -1, empty queue]] WARN  server.GrpcLogAppender (GrpcLogAppender.java:timeoutAppendRequest(209)) - 61d14648-e80d-4cd8-9e7c-6deb2f21aca8@group-A3037D40E172->f143d5cf-4038-4fa8-8601-f5a45f16ca3e-GrpcLogAppender: appendEntries Timeout, request=61d14648-e80d-4cd8-9e7c-6deb2f21aca8->f143d5cf-4038-4fa8-8601-f5a45f16ca3e#1-t235, previous=(t:2, i:0), leaderCommit=2, initializing? false, entries: <empty>
2019-10-19 01:15:01,093 [java.util.concurrent.ThreadPoolExecutor$Worker@4a01913f[State = -1, empty queue]] WARN  server.GrpcLogAppender (GrpcLogAppender.java:timeoutAppendRequest(209)) - 88be3607-7667-471c-9070-7dfd13eb5ac8@group-20FCFA0487C4->9c2d914d-67b1-4af9-8080-4d6ee007b506-GrpcLogAppender: appendEntries Timeout, request=88be3607-7667-471c-9070-7dfd13eb5ac8->9c2d914d-67b1-4af9-8080-4d6ee007b506#3-t191, previous=(t:1, i:0), leaderCommit=2, initializing? false, entries: <empty>
2019-10-19 01:15:01,724 [Thread-9092] INFO  impl.FollowerState (FollowerState.java:run(108)) - 796958df-e390-450e-98f3-f34b34ce9ba7@group-81880FD2083A-FollowerState: change to CANDIDATE, lastRpcTime:1057ms, electionTimeout:1057ms
2019-10-19 01:15:01,724 [Thread-9092] INFO  impl.RoleInfo (RoleInfo.java:shutdownFollowerState(121)) - 796958df-e390-450e-98f3-f34b34ce9ba7: shutdown FollowerState
2019-10-19 01:15:01,724 [Thread-9092] INFO  impl.RaftServerImpl (RaftServerImpl.java:setRole(184)) - 796958df-e390-450e-98f3-f34b34ce9ba7@group-81880FD2083A: changes role from  FOLLOWER to CANDIDATE at term 3 for changeToCandidate
2019-10-19 01:15:01,725 [Thread-9092] INFO  impl.RoleInfo (RoleInfo.java:updateAndGet(143)) - 796958df-e390-450e-98f3-f34b34ce9ba7: start LeaderElection
2019-10-19 01:15:01,738 [796958df-e390-450e-98f3-f34b34ce9ba7@group-81880FD2083A-LeaderElection1016] INFO  impl.LeaderElection (LeaderElection.java:askForVotes(178)) - 796958df-e390-450e-98f3-f34b34ce9ba7@group-81880FD2083A-LeaderElection1016: begin an election at term 4 for 0: [79f23d4f-854e-4bcb-ad60-b9a83903d995:192.168.69.71:36052, 796958df-e390-450e-98f3-f34b34ce9ba7:192.168.69.71:38850, e5ec12fd-6862-43a4-8f6d-a55a364e5eb4:192.168.69.71:43961], old=null
2019-10-19 01:15:01,739 [796958df-e390-450e-98f3-f34b34ce9ba7@group-81880FD2083A-LeaderElection1016] INFO  impl.LeaderElection (LogUtils.java:infoOrTrace(149)) - 796958df-e390-450e-98f3-f34b34ce9ba7@group-81880FD2083A-LeaderElection1016 got exception when requesting votes: {}
java.util.concurrent.ExecutionException: org.apache.ratis.thirdparty.io.grpc.StatusRuntimeException: UNAVAILABLE: io exception
	at java.util.concurrent.FutureTask.report(FutureTask.java:122)
	at java.util.concurrent.FutureTask.get(FutureTask.java:192)
	at org.apache.ratis.server.impl.LeaderElection.waitForResults(LeaderElection.java:259)
	at org.apache.ratis.server.impl.LeaderElection.askForVotes(LeaderElection.java:197)
	at org.apache.ratis.server.impl.LeaderElection.run(LeaderElection.java:133)
	at java.lang.Thread.run(Thread.java:748)
Caused by: org.apache.ratis.thirdparty.io.grpc.StatusRuntimeException: UNAVAILABLE: io exception
	at org.apache.ratis.thirdparty.io.grpc.stub.ClientCalls.toStatusRuntimeException(ClientCalls.java:233)
	at org.apache.ratis.thirdparty.io.grpc.stub.ClientCalls.getUnchecked(ClientCalls.java:214)
	at org.apache.ratis.thirdparty.io.grpc.stub.ClientCalls.blockingUnaryCall(ClientCalls.java:139)
	at org.apache.ratis.proto.grpc.RaftServerProtocolServiceGrpc$RaftServerProtocolServiceBlockingStub.requestVote(RaftServerProtocolServiceGrpc.java:265)
	at org.apache.ratis.grpc.server.GrpcServerProtocolClient.requestVote(GrpcServerProtocolClient.java:99)
	at org.apache.ratis.grpc.server.GrpcService.requestVote(GrpcService.java:204)
	at org.apache.ratis.server.impl.LeaderElection.lambda$submitRequests$1(LeaderElection.java:234)
	at java.util.concurrent.FutureTask.run(FutureTask.java:266)
	at java.util.concurrent.Executors$RunnableAdapter.call(Executors.java:511)
	at java.util.concurrent.FutureTask.run(FutureTask.java:266)
	at java.util.concurrent.ThreadPoolExecutor.runWorker(ThreadPoolExecutor.java:1149)
	at java.util.concurrent.ThreadPoolExecutor$Worker.run(ThreadPoolExecutor.java:624)
	... 1 more
Caused by: org.apache.ratis.thirdparty.io.netty.channel.AbstractChannel$AnnotatedConnectException: Connection refused: /192.168.69.71:43961
	at sun.nio.ch.SocketChannelImpl.checkConnect(Native Method)
	at sun.nio.ch.SocketChannelImpl.finishConnect(SocketChannelImpl.java:717)
	at org.apache.ratis.thirdparty.io.netty.channel.socket.nio.NioSocketChannel.doFinishConnect(NioSocketChannel.java:327)
	at org.apache.ratis.thirdparty.io.netty.channel.nio.AbstractNioChannel$AbstractNioUnsafe.finishConnect(AbstractNioChannel.java:340)
	at org.apache.ratis.thirdparty.io.netty.channel.nio.NioEventLoop.processSelectedKey(NioEventLoop.java:632)
	at org.apache.ratis.thirdparty.io.netty.channel.nio.NioEventLoop.processSelectedKeysOptimized(NioEventLoop.java:579)
	at org.apache.ratis.thirdparty.io.netty.channel.nio.NioEventLoop.processSelectedKeys(NioEventLoop.java:496)
	at org.apache.ratis.thirdparty.io.netty.channel.nio.NioEventLoop.run(NioEventLoop.java:458)
	at org.apache.ratis.thirdparty.io.netty.util.concurrent.SingleThreadEventExecutor$5.run(SingleThreadEventExecutor.java:897)
	at org.apache.ratis.thirdparty.io.netty.util.concurrent.FastThreadLocalRunnable.run(FastThreadLocalRunnable.java:30)
	... 1 more
Caused by: java.net.ConnectException: Connection refused
	... 11 more
2019-10-19 01:15:01,740 [796958df-e390-450e-98f3-f34b34ce9ba7@group-81880FD2083A-LeaderElection1016] INFO  impl.LeaderElection (LogUtils.java:infoOrTrace(149)) - 796958df-e390-450e-98f3-f34b34ce9ba7@group-81880FD2083A-LeaderElection1016 got exception when requesting votes: {}
java.util.concurrent.ExecutionException: org.apache.ratis.thirdparty.io.grpc.StatusRuntimeException: UNAVAILABLE: io exception
	at java.util.concurrent.FutureTask.report(FutureTask.java:122)
	at java.util.concurrent.FutureTask.get(FutureTask.java:192)
	at org.apache.ratis.server.impl.LeaderElection.waitForResults(LeaderElection.java:259)
	at org.apache.ratis.server.impl.LeaderElection.askForVotes(LeaderElection.java:197)
	at org.apache.ratis.server.impl.LeaderElection.run(LeaderElection.java:133)
	at java.lang.Thread.run(Thread.java:748)
Caused by: org.apache.ratis.thirdparty.io.grpc.StatusRuntimeException: UNAVAILABLE: io exception
	at org.apache.ratis.thirdparty.io.grpc.stub.ClientCalls.toStatusRuntimeException(ClientCalls.java:233)
	at org.apache.ratis.thirdparty.io.grpc.stub.ClientCalls.getUnchecked(ClientCalls.java:214)
	at org.apache.ratis.thirdparty.io.grpc.stub.ClientCalls.blockingUnaryCall(ClientCalls.java:139)
	at org.apache.ratis.proto.grpc.RaftServerProtocolServiceGrpc$RaftServerProtocolServiceBlockingStub.requestVote(RaftServerProtocolServiceGrpc.java:265)
	at org.apache.ratis.grpc.server.GrpcServerProtocolClient.requestVote(GrpcServerProtocolClient.java:99)
	at org.apache.ratis.grpc.server.GrpcService.requestVote(GrpcService.java:204)
	at org.apache.ratis.server.impl.LeaderElection.lambda$submitRequests$1(LeaderElection.java:234)
	at java.util.concurrent.FutureTask.run(FutureTask.java:266)
	at java.util.concurrent.Executors$RunnableAdapter.call(Executors.java:511)
	at java.util.concurrent.FutureTask.run(FutureTask.java:266)
	at java.util.concurrent.ThreadPoolExecutor.runWorker(ThreadPoolExecutor.java:1149)
	at java.util.concurrent.ThreadPoolExecutor$Worker.run(ThreadPoolExecutor.java:624)
	... 1 more
Caused by: org.apache.ratis.thirdparty.io.netty.channel.AbstractChannel$AnnotatedConnectException: Connection refused: /192.168.69.71:36052
	at sun.nio.ch.SocketChannelImpl.checkConnect(Native Method)
	at sun.nio.ch.SocketChannelImpl.finishConnect(SocketChannelImpl.java:717)
	at org.apache.ratis.thirdparty.io.netty.channel.socket.nio.NioSocketChannel.doFinishConnect(NioSocketChannel.java:327)
	at org.apache.ratis.thirdparty.io.netty.channel.nio.AbstractNioChannel$AbstractNioUnsafe.finishConnect(AbstractNioChannel.java:340)
	at org.apache.ratis.thirdparty.io.netty.channel.nio.NioEventLoop.processSelectedKey(NioEventLoop.java:632)
	at org.apache.ratis.thirdparty.io.netty.channel.nio.NioEventLoop.processSelectedKeysOptimized(NioEventLoop.java:579)
	at org.apache.ratis.thirdparty.io.netty.channel.nio.NioEventLoop.processSelectedKeys(NioEventLoop.java:496)
	at org.apache.ratis.thirdparty.io.netty.channel.nio.NioEventLoop.run(NioEventLoop.java:458)
	at org.apache.ratis.thirdparty.io.netty.util.concurrent.SingleThreadEventExecutor$5.run(SingleThreadEventExecutor.java:897)
	at org.apache.ratis.thirdparty.io.netty.util.concurrent.FastThreadLocalRunnable.run(FastThreadLocalRunnable.java:30)
	... 1 more
Caused by: java.net.ConnectException: Connection refused
	... 11 more
2019-10-19 01:15:01,740 [796958df-e390-450e-98f3-f34b34ce9ba7@group-81880FD2083A-LeaderElection1016] INFO  impl.LeaderElection (LeaderElection.java:logAndReturn(56)) - 796958df-e390-450e-98f3-f34b34ce9ba7@group-81880FD2083A-LeaderElection1016: Election REJECTED; received 0 response(s) [] and 2 exception(s); 796958df-e390-450e-98f3-f34b34ce9ba7@group-81880FD2083A:t4, leader=null, voted=796958df-e390-450e-98f3-f34b34ce9ba7, raftlog=796958df-e390-450e-98f3-f34b34ce9ba7@group-81880FD2083A-SegmentedRaftLog:OPENED:c12,f12,i12, conf=0: [79f23d4f-854e-4bcb-ad60-b9a83903d995:192.168.69.71:36052, 796958df-e390-450e-98f3-f34b34ce9ba7:192.168.69.71:38850, e5ec12fd-6862-43a4-8f6d-a55a364e5eb4:192.168.69.71:43961], old=null
2019-10-19 01:15:01,740 [796958df-e390-450e-98f3-f34b34ce9ba7@group-81880FD2083A-LeaderElection1016] INFO  impl.LeaderElection (LogUtils.java:infoOrTrace(149)) -   Exception 0: {}
java.util.concurrent.ExecutionException: org.apache.ratis.thirdparty.io.grpc.StatusRuntimeException: UNAVAILABLE: io exception
	at java.util.concurrent.FutureTask.report(FutureTask.java:122)
	at java.util.concurrent.FutureTask.get(FutureTask.java:192)
	at org.apache.ratis.server.impl.LeaderElection.waitForResults(LeaderElection.java:259)
	at org.apache.ratis.server.impl.LeaderElection.askForVotes(LeaderElection.java:197)
	at org.apache.ratis.server.impl.LeaderElection.run(LeaderElection.java:133)
	at java.lang.Thread.run(Thread.java:748)
Caused by: org.apache.ratis.thirdparty.io.grpc.StatusRuntimeException: UNAVAILABLE: io exception
	at org.apache.ratis.thirdparty.io.grpc.stub.ClientCalls.toStatusRuntimeException(ClientCalls.java:233)
	at org.apache.ratis.thirdparty.io.grpc.stub.ClientCalls.getUnchecked(ClientCalls.java:214)
	at org.apache.ratis.thirdparty.io.grpc.stub.ClientCalls.blockingUnaryCall(ClientCalls.java:139)
	at org.apache.ratis.proto.grpc.RaftServerProtocolServiceGrpc$RaftServerProtocolServiceBlockingStub.requestVote(RaftServerProtocolServiceGrpc.java:265)
	at org.apache.ratis.grpc.server.GrpcServerProtocolClient.requestVote(GrpcServerProtocolClient.java:99)
	at org.apache.ratis.grpc.server.GrpcService.requestVote(GrpcService.java:204)
	at org.apache.ratis.server.impl.LeaderElection.lambda$submitRequests$1(LeaderElection.java:234)
	at java.util.concurrent.FutureTask.run(FutureTask.java:266)
	at java.util.concurrent.Executors$RunnableAdapter.call(Executors.java:511)
	at java.util.concurrent.FutureTask.run(FutureTask.java:266)
	at java.util.concurrent.ThreadPoolExecutor.runWorker(ThreadPoolExecutor.java:1149)
	at java.util.concurrent.ThreadPoolExecutor$Worker.run(ThreadPoolExecutor.java:624)
	... 1 more
Caused by: org.apache.ratis.thirdparty.io.netty.channel.AbstractChannel$AnnotatedConnectException: Connection refused: /192.168.69.71:43961
	at sun.nio.ch.SocketChannelImpl.checkConnect(Native Method)
	at sun.nio.ch.SocketChannelImpl.finishConnect(SocketChannelImpl.java:717)
	at org.apache.ratis.thirdparty.io.netty.channel.socket.nio.NioSocketChannel.doFinishConnect(NioSocketChannel.java:327)
	at org.apache.ratis.thirdparty.io.netty.channel.nio.AbstractNioChannel$AbstractNioUnsafe.finishConnect(AbstractNioChannel.java:340)
	at org.apache.ratis.thirdparty.io.netty.channel.nio.NioEventLoop.processSelectedKey(NioEventLoop.java:632)
	at org.apache.ratis.thirdparty.io.netty.channel.nio.NioEventLoop.processSelectedKeysOptimized(NioEventLoop.java:579)
	at org.apache.ratis.thirdparty.io.netty.channel.nio.NioEventLoop.processSelectedKeys(NioEventLoop.java:496)
	at org.apache.ratis.thirdparty.io.netty.channel.nio.NioEventLoop.run(NioEventLoop.java:458)
	at org.apache.ratis.thirdparty.io.netty.util.concurrent.SingleThreadEventExecutor$5.run(SingleThreadEventExecutor.java:897)
	at org.apache.ratis.thirdparty.io.netty.util.concurrent.FastThreadLocalRunnable.run(FastThreadLocalRunnable.java:30)
	... 1 more
Caused by: java.net.ConnectException: Connection refused
	... 11 more
2019-10-19 01:15:01,740 [796958df-e390-450e-98f3-f34b34ce9ba7@group-81880FD2083A-LeaderElection1016] INFO  impl.LeaderElection (LogUtils.java:infoOrTrace(149)) -   Exception 1: {}
java.util.concurrent.ExecutionException: org.apache.ratis.thirdparty.io.grpc.StatusRuntimeException: UNAVAILABLE: io exception
	at java.util.concurrent.FutureTask.report(FutureTask.java:122)
	at java.util.concurrent.FutureTask.get(FutureTask.java:192)
	at org.apache.ratis.server.impl.LeaderElection.waitForResults(LeaderElection.java:259)
	at org.apache.ratis.server.impl.LeaderElection.askForVotes(LeaderElection.java:197)
	at org.apache.ratis.server.impl.LeaderElection.run(LeaderElection.java:133)
	at java.lang.Thread.run(Thread.java:748)
Caused by: org.apache.ratis.thirdparty.io.grpc.StatusRuntimeException: UNAVAILABLE: io exception
	at org.apache.ratis.thirdparty.io.grpc.stub.ClientCalls.toStatusRuntimeException(ClientCalls.java:233)
	at org.apache.ratis.thirdparty.io.grpc.stub.ClientCalls.getUnchecked(ClientCalls.java:214)
	at org.apache.ratis.thirdparty.io.grpc.stub.ClientCalls.blockingUnaryCall(ClientCalls.java:139)
	at org.apache.ratis.proto.grpc.RaftServerProtocolServiceGrpc$RaftServerProtocolServiceBlockingStub.requestVote(RaftServerProtocolServiceGrpc.java:265)
	at org.apache.ratis.grpc.server.GrpcServerProtocolClient.requestVote(GrpcServerProtocolClient.java:99)
	at org.apache.ratis.grpc.server.GrpcService.requestVote(GrpcService.java:204)
	at org.apache.ratis.server.impl.LeaderElection.lambda$submitRequests$1(LeaderElection.java:234)
	at java.util.concurrent.FutureTask.run(FutureTask.java:266)
	at java.util.concurrent.Executors$RunnableAdapter.call(Executors.java:511)
	at java.util.concurrent.FutureTask.run(FutureTask.java:266)
	at java.util.concurrent.ThreadPoolExecutor.runWorker(ThreadPoolExecutor.java:1149)
	at java.util.concurrent.ThreadPoolExecutor$Worker.run(ThreadPoolExecutor.java:624)
	... 1 more
Caused by: org.apache.ratis.thirdparty.io.netty.channel.AbstractChannel$AnnotatedConnectException: Connection refused: /192.168.69.71:36052
	at sun.nio.ch.SocketChannelImpl.checkConnect(Native Method)
	at sun.nio.ch.SocketChannelImpl.finishConnect(SocketChannelImpl.java:717)
	at org.apache.ratis.thirdparty.io.netty.channel.socket.nio.NioSocketChannel.doFinishConnect(NioSocketChannel.java:327)
	at org.apache.ratis.thirdparty.io.netty.channel.nio.AbstractNioChannel$AbstractNioUnsafe.finishConnect(AbstractNioChannel.java:340)
	at org.apache.ratis.thirdparty.io.netty.channel.nio.NioEventLoop.processSelectedKey(NioEventLoop.java:632)
	at org.apache.ratis.thirdparty.io.netty.channel.nio.NioEventLoop.processSelectedKeysOptimized(NioEventLoop.java:579)
	at org.apache.ratis.thirdparty.io.netty.channel.nio.NioEventLoop.processSelectedKeys(NioEventLoop.java:496)
	at org.apache.ratis.thirdparty.io.netty.channel.nio.NioEventLoop.run(NioEventLoop.java:458)
	at org.apache.ratis.thirdparty.io.netty.util.concurrent.SingleThreadEventExecutor$5.run(SingleThreadEventExecutor.java:897)
	at org.apache.ratis.thirdparty.io.netty.util.concurrent.FastThreadLocalRunnable.run(FastThreadLocalRunnable.java:30)
	... 1 more
Caused by: java.net.ConnectException: Connection refused
	... 11 more
2019-10-19 01:15:01,741 [796958df-e390-450e-98f3-f34b34ce9ba7@group-81880FD2083A-LeaderElection1016] INFO  impl.RaftServerImpl (RaftServerImpl.java:setRole(184)) - 796958df-e390-450e-98f3-f34b34ce9ba7@group-81880FD2083A: changes role from CANDIDATE to FOLLOWER at term 4 for DISCOVERED_A_NEW_TERM
2019-10-19 01:15:01,741 [796958df-e390-450e-98f3-f34b34ce9ba7@group-81880FD2083A-LeaderElection1016] INFO  impl.RoleInfo (RoleInfo.java:shutdownLeaderElection(134)) - 796958df-e390-450e-98f3-f34b34ce9ba7: shutdown LeaderElection
2019-10-19 01:15:01,741 [796958df-e390-450e-98f3-f34b34ce9ba7@group-81880FD2083A-LeaderElection1016] INFO  impl.RoleInfo (RoleInfo.java:updateAndGet(143)) - 796958df-e390-450e-98f3-f34b34ce9ba7: start FollowerState
2019-10-19 01:15:02,850 [ForkJoinPool.commonPool-worker-1] INFO  ozoneimpl.OzoneContainer (OzoneContainer.java:stop(227)) - Attempting to stop container services.
2019-10-19 01:15:02,851 [ForkJoinPool.commonPool-worker-1] INFO  impl.RaftServerProxy (RaftServerProxy.java:lambda$close$4(314)) - 88be3607-7667-471c-9070-7dfd13eb5ac8: close
2019-10-19 01:15:02,851 [Thread-9100] INFO  impl.FollowerState (FollowerState.java:run(108)) - 796958df-e390-450e-98f3-f34b34ce9ba7@group-81880FD2083A-FollowerState: change to CANDIDATE, lastRpcTime:1110ms, electionTimeout:1110ms
2019-10-19 01:15:02,851 [Thread-9100] INFO  impl.RoleInfo (RoleInfo.java:shutdownFollowerState(121)) - 796958df-e390-450e-98f3-f34b34ce9ba7: shutdown FollowerState
2019-10-19 01:15:02,851 [Thread-9100] INFO  impl.RaftServerImpl (RaftServerImpl.java:setRole(184)) - 796958df-e390-450e-98f3-f34b34ce9ba7@group-81880FD2083A: changes role from  FOLLOWER to CANDIDATE at term 4 for changeToCandidate
2019-10-19 01:15:02,852 [ForkJoinPool.commonPool-worker-1] INFO  impl.RaftServerImpl (RaftServerImpl.java:lambda$shutdown$3(261)) - 88be3607-7667-471c-9070-7dfd13eb5ac8@group-91D5B6F41ECA: shutdown
2019-10-19 01:15:02,852 [main] INFO  ozoneimpl.OzoneContainer (OzoneContainer.java:stop(227)) - Attempting to stop container services.
2019-10-19 01:15:02,852 [Thread-9100] INFO  impl.RoleInfo (RoleInfo.java:updateAndGet(143)) - 796958df-e390-450e-98f3-f34b34ce9ba7: start LeaderElection
2019-10-19 01:15:02,852 [ForkJoinPool.commonPool-worker-1] INFO  util.JmxRegister (JmxRegister.java:unregister(73)) - Successfully un-registered JMX Bean with object name Ratis:service=RaftServer,group=group-91D5B6F41ECA,id=88be3607-7667-471c-9070-7dfd13eb5ac8
2019-10-19 01:15:02,853 [main] INFO  impl.RaftServerProxy (RaftServerProxy.java:lambda$close$4(314)) - 796958df-e390-450e-98f3-f34b34ce9ba7: close
2019-10-19 01:15:02,853 [ForkJoinPool.commonPool-worker-1] INFO  impl.RoleInfo (RoleInfo.java:shutdownLeaderState(104)) - 88be3607-7667-471c-9070-7dfd13eb5ac8: shutdown LeaderState
2019-10-19 01:15:02,853 [main] INFO  impl.RaftServerImpl (RaftServerImpl.java:lambda$shutdown$3(261)) - 796958df-e390-450e-98f3-f34b34ce9ba7@group-CDD59EF0320D: shutdown
2019-10-19 01:15:02,854 [ForkJoinPool.commonPool-worker-1] INFO  impl.PendingRequests (PendingRequests.java:sendNotLeaderResponses(202)) - 88be3607-7667-471c-9070-7dfd13eb5ac8@group-91D5B6F41ECA-PendingRequests: sendNotLeaderResponses
2019-10-19 01:15:02,854 [main] INFO  util.JmxRegister (JmxRegister.java:unregister(73)) - Successfully un-registered JMX Bean with object name Ratis:service=RaftServer,group=group-CDD59EF0320D,id=796958df-e390-450e-98f3-f34b34ce9ba7
2019-10-19 01:15:02,854 [main] INFO  impl.RoleInfo (RoleInfo.java:shutdownLeaderState(104)) - 796958df-e390-450e-98f3-f34b34ce9ba7: shutdown LeaderState
2019-10-19 01:15:02,854 [ForkJoinPool.commonPool-worker-1] INFO  impl.StateMachineUpdater (StateMachineUpdater.java:stopAndJoin(136)) - 88be3607-7667-471c-9070-7dfd13eb5ac8@group-91D5B6F41ECA-StateMachineUpdater: set stopIndex = 0
2019-10-19 01:15:02,855 [main] INFO  impl.PendingRequests (PendingRequests.java:sendNotLeaderResponses(202)) - 796958df-e390-450e-98f3-f34b34ce9ba7@group-CDD59EF0320D-PendingRequests: sendNotLeaderResponses
2019-10-19 01:15:02,855 [ForkJoinPool.commonPool-worker-1] INFO  impl.RaftServerImpl (ServerState.java:close(388)) - 88be3607-7667-471c-9070-7dfd13eb5ac8@group-91D5B6F41ECA: closes. applyIndex: 0
2019-10-19 01:15:02,856 [main] INFO  impl.StateMachineUpdater (StateMachineUpdater.java:stopAndJoin(136)) - 796958df-e390-450e-98f3-f34b34ce9ba7@group-CDD59EF0320D-StateMachineUpdater: set stopIndex = 0
2019-10-19 01:15:02,856 [88be3607-7667-471c-9070-7dfd13eb5ac8@group-91D5B6F41ECA-SegmentedRaftLogWorker] INFO  segmented.SegmentedRaftLogWorker (SegmentedRaftLogWorker.java:run(316)) - 88be3607-7667-471c-9070-7dfd13eb5ac8@group-91D5B6F41ECA-SegmentedRaftLogWorker was interrupted, exiting. There are 0 tasks remaining in the queue.
2019-10-19 01:15:02,856 [main] INFO  impl.RaftServerImpl (ServerState.java:close(388)) - 796958df-e390-450e-98f3-f34b34ce9ba7@group-CDD59EF0320D: closes. applyIndex: 0
2019-10-19 01:15:02,861 [ForkJoinPool.commonPool-worker-1] INFO  segmented.SegmentedRaftLogWorker (SegmentedRaftLogWorker.java:close(224)) - 88be3607-7667-471c-9070-7dfd13eb5ac8@group-91D5B6F41ECA-SegmentedRaftLogWorker close()
2019-10-19 01:15:02,862 [796958df-e390-450e-98f3-f34b34ce9ba7@group-CDD59EF0320D-SegmentedRaftLogWorker] INFO  segmented.SegmentedRaftLogWorker (SegmentedRaftLogWorker.java:run(316)) - 796958df-e390-450e-98f3-f34b34ce9ba7@group-CDD59EF0320D-SegmentedRaftLogWorker was interrupted, exiting. There are 0 tasks remaining in the queue.
2019-10-19 01:15:02,866 [main] INFO  segmented.SegmentedRaftLogWorker (SegmentedRaftLogWorker.java:close(224)) - 796958df-e390-450e-98f3-f34b34ce9ba7@group-CDD59EF0320D-SegmentedRaftLogWorker close()
2019-10-19 01:15:02,867 [ForkJoinPool.commonPool-worker-1] INFO  impl.RaftServerImpl (RaftServerImpl.java:lambda$shutdown$3(261)) - 88be3607-7667-471c-9070-7dfd13eb5ac8@group-20FCFA0487C4: shutdown
2019-10-19 01:15:02,881 [796958df-e390-450e-98f3-f34b34ce9ba7@group-81880FD2083A-LeaderElection1017] INFO  impl.LeaderElection (LeaderElection.java:askForVotes(178)) - 796958df-e390-450e-98f3-f34b34ce9ba7@group-81880FD2083A-LeaderElection1017: begin an election at term 5 for 0: [79f23d4f-854e-4bcb-ad60-b9a83903d995:192.168.69.71:36052, 796958df-e390-450e-98f3-f34b34ce9ba7:192.168.69.71:38850, e5ec12fd-6862-43a4-8f6d-a55a364e5eb4:192.168.69.71:43961], old=null
2019-10-19 01:15:02,881 [main] INFO  impl.RaftServerImpl (RaftServerImpl.java:lambda$shutdown$3(261)) - 796958df-e390-450e-98f3-f34b34ce9ba7@group-81880FD2083A: shutdown
2019-10-19 01:15:02,882 [ForkJoinPool.commonPool-worker-1] INFO  util.JmxRegister (JmxRegister.java:unregister(73)) - Successfully un-registered JMX Bean with object name Ratis:service=RaftServer,group=group-20FCFA0487C4,id=88be3607-7667-471c-9070-7dfd13eb5ac8
2019-10-19 01:15:02,883 [796958df-e390-450e-98f3-f34b34ce9ba7@group-81880FD2083A-LeaderElection1017] INFO  impl.LeaderElection (LeaderElection.java:logAndReturn(56)) - 796958df-e390-450e-98f3-f34b34ce9ba7@group-81880FD2083A-LeaderElection1017: Election REJECTED; received 0 response(s) [] and 0 exception(s); 796958df-e390-450e-98f3-f34b34ce9ba7@group-81880FD2083A:t5, leader=null, voted=796958df-e390-450e-98f3-f34b34ce9ba7, raftlog=796958df-e390-450e-98f3-f34b34ce9ba7@group-81880FD2083A-SegmentedRaftLog:OPENED:c12,f12,i12, conf=0: [79f23d4f-854e-4bcb-ad60-b9a83903d995:192.168.69.71:36052, 796958df-e390-450e-98f3-f34b34ce9ba7:192.168.69.71:38850, e5ec12fd-6862-43a4-8f6d-a55a364e5eb4:192.168.69.71:43961], old=null
2019-10-19 01:15:02,882 [main] INFO  util.JmxRegister (JmxRegister.java:unregister(73)) - Successfully un-registered JMX Bean with object name Ratis:service=RaftServer,group=group-81880FD2083A,id=796958df-e390-450e-98f3-f34b34ce9ba7
2019-10-19 01:15:02,883 [main] INFO  impl.RoleInfo (RoleInfo.java:shutdownLeaderElection(134)) - 796958df-e390-450e-98f3-f34b34ce9ba7: shutdown LeaderElection
2019-10-19 01:15:02,883 [main] INFO  impl.StateMachineUpdater (StateMachineUpdater.java:stopAndJoin(136)) - 796958df-e390-450e-98f3-f34b34ce9ba7@group-81880FD2083A-StateMachineUpdater: set stopIndex = 12
2019-10-19 01:15:02,883 [ForkJoinPool.commonPool-worker-1] INFO  impl.RoleInfo (RoleInfo.java:shutdownLeaderState(104)) - 88be3607-7667-471c-9070-7dfd13eb5ac8: shutdown LeaderState
2019-10-19 01:15:02,884 [796958df-e390-450e-98f3-f34b34ce9ba7@group-81880FD2083A-StateMachineUpdater] INFO  ratis.ContainerStateMachine (ContainerStateMachine.java:takeSnapshot(294)) - group-81880FD2083A: Taking a snapshot at:(t:1, i:8) file /workdir/hadoop-ozone/integration-test/target/test-dir/MiniOzoneClusterImpl-2b25e22a-b484-4e93-9811-5f8cd4460e46/datanode-8/data/ratis/41c032a8-670d-4d43-8a01-81880fd2083a/sm/snapshot.1_8
2019-10-19 01:15:02,884 [org.apache.ratis.server.impl.LogAppender$AppenderDaemon$$Lambda$444/2145623288@400ac338] WARN  server.GrpcLogAppender (GrpcLogAppender.java:mayWait(149)) - 88be3607-7667-471c-9070-7dfd13eb5ac8@group-20FCFA0487C4->61d0b7dc-5f8b-422f-8693-c58167224d24-GrpcLogAppender: Wait interrupted by java.lang.InterruptedException
2019-10-19 01:15:02,884 [org.apache.ratis.server.impl.LogAppender$AppenderDaemon$$Lambda$444/2145623288@381f2be9] WARN  server.GrpcLogAppender (GrpcLogAppender.java:mayWait(149)) - 88be3607-7667-471c-9070-7dfd13eb5ac8@group-20FCFA0487C4->9c2d914d-67b1-4af9-8080-4d6ee007b506-GrpcLogAppender: Wait interrupted by java.lang.InterruptedException
2019-10-19 01:15:02,884 [ForkJoinPool.commonPool-worker-1] INFO  impl.PendingRequests (PendingRequests.java:sendNotLeaderResponses(202)) - 88be3607-7667-471c-9070-7dfd13eb5ac8@group-20FCFA0487C4-PendingRequests: sendNotLeaderResponses
2019-10-19 01:15:02,890 [ForkJoinPool.commonPool-worker-1] INFO  impl.StateMachineUpdater (StateMachineUpdater.java:stopAndJoin(136)) - 88be3607-7667-471c-9070-7dfd13eb5ac8@group-20FCFA0487C4-StateMachineUpdater: set stopIndex = 2
2019-10-19 01:15:02,890 [grpc-default-executor-1] INFO  server.GrpcServerProtocolService (GrpcServerProtocolService.java:onCompleted(113)) - 61d0b7dc-5f8b-422f-8693-c58167224d24: Completed APPEND_ENTRIES, lastRequest: 88be3607-7667-471c-9070-7dfd13eb5ac8->61d0b7dc-5f8b-422f-8693-c58167224d24#30-t191, previous=(t:191, i:2), leaderCommit=2, initializing? false, entries: <empty>
2019-10-19 01:15:02,891 [ForkJoinPool.commonPool-worker-1] INFO  impl.RaftServerImpl (ServerState.java:close(388)) - 88be3607-7667-471c-9070-7dfd13eb5ac8@group-20FCFA0487C4: closes. applyIndex: 2
2019-10-19 01:15:02,891 [grpc-default-executor-1] INFO  server.GrpcLogAppender (GrpcLogAppender.java:onCompleted(308)) - 88be3607-7667-471c-9070-7dfd13eb5ac8@group-20FCFA0487C4->61d0b7dc-5f8b-422f-8693-c58167224d24-AppendLogResponseHandler: follower responses appendEntries COMPLETED
2019-10-19 01:15:02,891 [88be3607-7667-471c-9070-7dfd13eb5ac8@group-20FCFA0487C4-SegmentedRaftLogWorker] INFO  segmented.SegmentedRaftLogWorker (SegmentedRaftLogWorker.java:run(316)) - 88be3607-7667-471c-9070-7dfd13eb5ac8@group-20FCFA0487C4-SegmentedRaftLogWorker was interrupted, exiting. There are 0 tasks remaining in the queue.
2019-10-19 01:15:02,892 [ForkJoinPool.commonPool-worker-1] INFO  segmented.SegmentedRaftLogWorker (SegmentedRaftLogWorker.java:close(224)) - 88be3607-7667-471c-9070-7dfd13eb5ac8@group-20FCFA0487C4-SegmentedRaftLogWorker close()
2019-10-19 01:15:02,894 [ForkJoinPool.commonPool-worker-1] INFO  server.GrpcService (GrpcService.java:closeImpl(164)) - 88be3607-7667-471c-9070-7dfd13eb5ac8: shutdown server with port 32925 now
2019-10-19 01:15:02,894 [grpc-default-executor-1] INFO  impl.FollowerInfo (FollowerInfo.java:lambda$new$0(51)) - 88be3607-7667-471c-9070-7dfd13eb5ac8@group-20FCFA0487C4->61d0b7dc-5f8b-422f-8693-c58167224d24: nextIndex: updateUnconditionally 3 -> 2
2019-10-19 01:15:02,894 [ForkJoinPool.commonPool-worker-1] INFO  server.GrpcService (GrpcService.java:closeImpl(172)) - 88be3607-7667-471c-9070-7dfd13eb5ac8: shutdown server with port 32925 successfully
2019-10-19 01:15:02,897 [refreshUsed-/workdir/hadoop-ozone/integration-test/target/test-dir/MiniOzoneClusterImpl-2b25e22a-b484-4e93-9811-5f8cd4460e46/datanode-0/data/containers] WARN  fs.CachingGetSpaceUsed (CachingGetSpaceUsed.java:run(183)) - Thread Interrupted waiting to refresh disk information: sleep interrupted
2019-10-19 01:15:02,902 [796958df-e390-450e-98f3-f34b34ce9ba7@group-81880FD2083A-StateMachineUpdater] INFO  ratis.ContainerStateMachine (ContainerStateMachine.java:takeSnapshot(305)) - group-81880FD2083A: Finished taking a snapshot at:(t:1, i:8) file:/workdir/hadoop-ozone/integration-test/target/test-dir/MiniOzoneClusterImpl-2b25e22a-b484-4e93-9811-5f8cd4460e46/datanode-8/data/ratis/41c032a8-670d-4d43-8a01-81880fd2083a/sm/snapshot.1_8 time:19
2019-10-19 01:15:02,903 [796958df-e390-450e-98f3-f34b34ce9ba7@group-81880FD2083A-StateMachineUpdater] INFO  impl.StateMachineUpdater (StateMachineUpdater.java:takeSnapshot(269)) - 796958df-e390-450e-98f3-f34b34ce9ba7@group-81880FD2083A-StateMachineUpdater: Took a snapshot at index 8
2019-10-19 01:15:02,903 [796958df-e390-450e-98f3-f34b34ce9ba7@group-81880FD2083A-StateMachineUpdater] INFO  impl.StateMachineUpdater (StateMachineUpdater.java:lambda$new$0(84)) - 796958df-e390-450e-98f3-f34b34ce9ba7@group-81880FD2083A-StateMachineUpdater: snapshotIndex: updateIncreasingly -1 -> 8
2019-10-19 01:15:02,904 [796958df-e390-450e-98f3-f34b34ce9ba7@group-81880FD2083A-StateMachineUpdater] INFO  ratis.ContainerStateMachine (ContainerStateMachine.java:takeSnapshot(294)) - group-81880FD2083A: Taking a snapshot at:(t:1, i:8) file /workdir/hadoop-ozone/integration-test/target/test-dir/MiniOzoneClusterImpl-2b25e22a-b484-4e93-9811-5f8cd4460e46/datanode-8/data/ratis/41c032a8-670d-4d43-8a01-81880fd2083a/sm/snapshot.1_8
2019-10-19 01:15:02,914 [796958df-e390-450e-98f3-f34b34ce9ba7@group-81880FD2083A-StateMachineUpdater] INFO  ratis.ContainerStateMachine (ContainerStateMachine.java:takeSnapshot(305)) - group-81880FD2083A: Finished taking a snapshot at:(t:1, i:8) file:/workdir/hadoop-ozone/integration-test/target/test-dir/MiniOzoneClusterImpl-2b25e22a-b484-4e93-9811-5f8cd4460e46/datanode-8/data/ratis/41c032a8-670d-4d43-8a01-81880fd2083a/sm/snapshot.1_8 time:11
2019-10-19 01:15:02,915 [796958df-e390-450e-98f3-f34b34ce9ba7@group-81880FD2083A-StateMachineUpdater] INFO  impl.StateMachineUpdater (StateMachineUpdater.java:takeSnapshot(269)) - 796958df-e390-450e-98f3-f34b34ce9ba7@group-81880FD2083A-StateMachineUpdater: Took a snapshot at index 8
2019-10-19 01:15:02,915 [796958df-e390-450e-98f3-f34b34ce9ba7@group-81880FD2083A-StateMachineUpdater] INFO  impl.StateMachineUpdater (StateMachineUpdater.java:lambda$new$0(84)) - 796958df-e390-450e-98f3-f34b34ce9ba7@group-81880FD2083A-StateMachineUpdater: snapshotIndex: updateIncreasingly 8 -> 8
2019-10-19 01:15:02,915 [main] INFO  impl.RaftServerImpl (ServerState.java:close(388)) - 796958df-e390-450e-98f3-f34b34ce9ba7@group-81880FD2083A: closes. applyIndex: 12
2019-10-19 01:15:02,916 [796958df-e390-450e-98f3-f34b34ce9ba7@group-81880FD2083A-SegmentedRaftLogWorker] INFO  segmented.SegmentedRaftLogWorker (SegmentedRaftLogWorker.java:run(316)) - 796958df-e390-450e-98f3-f34b34ce9ba7@group-81880FD2083A-SegmentedRaftLogWorker was interrupted, exiting. There are 0 tasks remaining in the queue.
2019-10-19 01:15:02,916 [main] INFO  segmented.SegmentedRaftLogWorker (SegmentedRaftLogWorker.java:close(224)) - 796958df-e390-450e-98f3-f34b34ce9ba7@group-81880FD2083A-SegmentedRaftLogWorker close()
2019-10-19 01:15:02,918 [main] INFO  server.GrpcService (GrpcService.java:closeImpl(164)) - 796958df-e390-450e-98f3-f34b34ce9ba7: shutdown server with port 38850 now
2019-10-19 01:15:02,921 [main] INFO  server.GrpcService (GrpcService.java:closeImpl(172)) - 796958df-e390-450e-98f3-f34b34ce9ba7: shutdown server with port 38850 successfully
2019-10-19 01:15:02,926 [refreshUsed-/workdir/hadoop-ozone/integration-test/target/test-dir/MiniOzoneClusterImpl-2b25e22a-b484-4e93-9811-5f8cd4460e46/datanode-8/data/containers] WARN  fs.CachingGetSpaceUsed (CachingGetSpaceUsed.java:run(183)) - Thread Interrupted waiting to refresh disk information: sleep interrupted
2019-10-19 01:15:02,929 [ForkJoinPool.commonPool-worker-1] INFO  utils.BackgroundService (BackgroundService.java:shutdown(151)) - Shutting down service BlockDeletingService
2019-10-19 01:15:02,931 [ForkJoinPool.commonPool-worker-1] INFO  statemachine.DatanodeStateMachine (DatanodeStateMachine.java:stopDaemon(395)) - Ozone container server stopped.
2019-10-19 01:15:02,935 [ForkJoinPool.commonPool-worker-1] INFO  handler.ContextHandler (ContextHandler.java:doStop(910)) - Stopped o.e.j.w.WebAppContext@684ce74c{/,null,UNAVAILABLE}{/hddsDatanode}
2019-10-19 01:15:02,936 [ForkJoinPool.commonPool-worker-1] INFO  server.AbstractConnector (AbstractConnector.java:doStop(318)) - Stopped ServerConnector@65593327{HTTP/1.1,[http/1.1]}{0.0.0.0:0}
2019-10-19 01:15:02,938 [ForkJoinPool.commonPool-worker-1] INFO  handler.ContextHandler (ContextHandler.java:doStop(910)) - Stopped o.e.j.s.ServletContextHandler@31881aa2{/static,jar:file:/home/user/.m2/repository/org/apache/hadoop/hadoop-hdds-container-service/0.5.0-SNAPSHOT/hadoop-hdds-container-service-0.5.0-SNAPSHOT.jar!/webapps/static,UNAVAILABLE}
2019-10-19 01:15:02,940 [ForkJoinPool.commonPool-worker-1] INFO  handler.ContextHandler (ContextHandler.java:doStop(910)) - Stopped o.e.j.s.ServletContextHandler@60deefed{/logs,file:///workdir/hadoop-ozone/integration-test/target/log,UNAVAILABLE}
2019-10-19 01:15:02,945 [main] INFO  utils.BackgroundService (BackgroundService.java:shutdown(151)) - Shutting down service BlockDeletingService
2019-10-19 01:15:02,947 [main] INFO  statemachine.DatanodeStateMachine (DatanodeStateMachine.java:stopDaemon(395)) - Ozone container server stopped.
2019-10-19 01:15:02,948 [main] INFO  handler.ContextHandler (ContextHandler.java:doStop(910)) - Stopped o.e.j.w.WebAppContext@5f56424d{/,null,UNAVAILABLE}{/hddsDatanode}
2019-10-19 01:15:02,948 [main] INFO  server.AbstractConnector (AbstractConnector.java:doStop(318)) - Stopped ServerConnector@237b2852{HTTP/1.1,[http/1.1]}{0.0.0.0:0}
2019-10-19 01:15:02,949 [main] INFO  handler.ContextHandler (ContextHandler.java:doStop(910)) - Stopped o.e.j.s.ServletContextHandler@50f4b83d{/static,jar:file:/home/user/.m2/repository/org/apache/hadoop/hadoop-hdds-container-service/0.5.0-SNAPSHOT/hadoop-hdds-container-service-0.5.0-SNAPSHOT.jar!/webapps/static,UNAVAILABLE}
2019-10-19 01:15:02,949 [main] INFO  handler.ContextHandler (ContextHandler.java:doStop(910)) - Stopped o.e.j.s.ServletContextHandler@30159886{/logs,file:///workdir/hadoop-ozone/integration-test/target/log,UNAVAILABLE}
2019-10-19 01:15:03,525 [Datanode State Machine Thread - 0] INFO  statemachine.DatanodeStateMachine (DatanodeStateMachine.java:lambda$startDaemon$0(350)) - Ozone container server started.
2019-10-19 01:15:03,782 [Datanode State Machine Thread - 0] INFO  statemachine.DatanodeStateMachine (DatanodeStateMachine.java:lambda$startDaemon$0(350)) - Ozone container server started.
2019-10-19 01:15:03,821 [Thread-8841] INFO  impl.FollowerState (FollowerState.java:run(108)) - 61d0b7dc-5f8b-422f-8693-c58167224d24@group-20FCFA0487C4-FollowerState: change to CANDIDATE, lastRpcTime:1197ms, electionTimeout:1187ms
2019-10-19 01:15:03,822 [Thread-8841] INFO  impl.RoleInfo (RoleInfo.java:shutdownFollowerState(121)) - 61d0b7dc-5f8b-422f-8693-c58167224d24: shutdown FollowerState
2019-10-19 01:15:03,822 [Thread-8841] INFO  impl.RaftServerImpl (RaftServerImpl.java:setRole(184)) - 61d0b7dc-5f8b-422f-8693-c58167224d24@group-20FCFA0487C4: changes role from  FOLLOWER to CANDIDATE at term 191 for changeToCandidate
2019-10-19 01:15:03,822 [Thread-8841] INFO  impl.RoleInfo (RoleInfo.java:updateAndGet(143)) - 61d0b7dc-5f8b-422f-8693-c58167224d24: start LeaderElection
2019-10-19 01:15:03,822 [61d0b7dc-5f8b-422f-8693-c58167224d24@group-20FCFA0487C4-LeaderElection1018] INFO  impl.RaftServerImpl (ServerState.java:setLeader(256)) - 61d0b7dc-5f8b-422f-8693-c58167224d24@group-20FCFA0487C4: change Leader from 88be3607-7667-471c-9070-7dfd13eb5ac8 to null at term 191 for initElection
2019-10-19 01:15:03,836 [61d0b7dc-5f8b-422f-8693-c58167224d24@group-20FCFA0487C4-LeaderElection1018] INFO  impl.LeaderElection (LeaderElection.java:askForVotes(178)) - 61d0b7dc-5f8b-422f-8693-c58167224d24@group-20FCFA0487C4-LeaderElection1018: begin an election at term 192 for 1: [88be3607-7667-471c-9070-7dfd13eb5ac8:192.168.69.71:32925, 9c2d914d-67b1-4af9-8080-4d6ee007b506:192.168.69.71:35462, 61d0b7dc-5f8b-422f-8693-c58167224d24:192.168.69.71:43479], old=null
2019-10-19 01:15:03,839 [61d0b7dc-5f8b-422f-8693-c58167224d24@group-20FCFA0487C4-LeaderElection1018] INFO  impl.LeaderElection (LogUtils.java:infoOrTrace(149)) - 61d0b7dc-5f8b-422f-8693-c58167224d24@group-20FCFA0487C4-LeaderElection1018 got exception when requesting votes: {}
java.util.concurrent.ExecutionException: org.apache.ratis.thirdparty.io.grpc.StatusRuntimeException: UNAVAILABLE: io exception
	at java.util.concurrent.FutureTask.report(FutureTask.java:122)
	at java.util.concurrent.FutureTask.get(FutureTask.java:192)
	at org.apache.ratis.server.impl.LeaderElection.waitForResults(LeaderElection.java:259)
	at org.apache.ratis.server.impl.LeaderElection.askForVotes(LeaderElection.java:197)
	at org.apache.ratis.server.impl.LeaderElection.run(LeaderElection.java:133)
	at java.lang.Thread.run(Thread.java:748)
Caused by: org.apache.ratis.thirdparty.io.grpc.StatusRuntimeException: UNAVAILABLE: io exception
	at org.apache.ratis.thirdparty.io.grpc.stub.ClientCalls.toStatusRuntimeException(ClientCalls.java:233)
	at org.apache.ratis.thirdparty.io.grpc.stub.ClientCalls.getUnchecked(ClientCalls.java:214)
	at org.apache.ratis.thirdparty.io.grpc.stub.ClientCalls.blockingUnaryCall(ClientCalls.java:139)
	at org.apache.ratis.proto.grpc.RaftServerProtocolServiceGrpc$RaftServerProtocolServiceBlockingStub.requestVote(RaftServerProtocolServiceGrpc.java:265)
	at org.apache.ratis.grpc.server.GrpcServerProtocolClient.requestVote(GrpcServerProtocolClient.java:99)
	at org.apache.ratis.grpc.server.GrpcService.requestVote(GrpcService.java:204)
	at org.apache.ratis.server.impl.LeaderElection.lambda$submitRequests$1(LeaderElection.java:234)
	at java.util.concurrent.FutureTask.run(FutureTask.java:266)
	at java.util.concurrent.Executors$RunnableAdapter.call(Executors.java:511)
	at java.util.concurrent.FutureTask.run(FutureTask.java:266)
	at java.util.concurrent.ThreadPoolExecutor.runWorker(ThreadPoolExecutor.java:1149)
	at java.util.concurrent.ThreadPoolExecutor$Worker.run(ThreadPoolExecutor.java:624)
	... 1 more
Caused by: org.apache.ratis.thirdparty.io.netty.channel.AbstractChannel$AnnotatedConnectException: Connection refused: /192.168.69.71:32925
	at sun.nio.ch.SocketChannelImpl.checkConnect(Native Method)
	at sun.nio.ch.SocketChannelImpl.finishConnect(SocketChannelImpl.java:717)
	at org.apache.ratis.thirdparty.io.netty.channel.socket.nio.NioSocketChannel.doFinishConnect(NioSocketChannel.java:327)
	at org.apache.ratis.thirdparty.io.netty.channel.nio.AbstractNioChannel$AbstractNioUnsafe.finishConnect(AbstractNioChannel.java:340)
	at org.apache.ratis.thirdparty.io.netty.channel.nio.NioEventLoop.processSelectedKey(NioEventLoop.java:632)
	at org.apache.ratis.thirdparty.io.netty.channel.nio.NioEventLoop.processSelectedKeysOptimized(NioEventLoop.java:579)
	at org.apache.ratis.thirdparty.io.netty.channel.nio.NioEventLoop.processSelectedKeys(NioEventLoop.java:496)
	at org.apache.ratis.thirdparty.io.netty.channel.nio.NioEventLoop.run(NioEventLoop.java:458)
	at org.apache.ratis.thirdparty.io.netty.util.concurrent.SingleThreadEventExecutor$5.run(SingleThreadEventExecutor.java:897)
	at org.apache.ratis.thirdparty.io.netty.util.concurrent.FastThreadLocalRunnable.run(FastThreadLocalRunnable.java:30)
	... 1 more
Caused by: java.net.ConnectException: Connection refused
	... 11 more
2019-10-19 01:15:03,840 [61d0b7dc-5f8b-422f-8693-c58167224d24@group-20FCFA0487C4-LeaderElection1018] INFO  impl.LeaderElection (LogUtils.java:infoOrTrace(149)) - 61d0b7dc-5f8b-422f-8693-c58167224d24@group-20FCFA0487C4-LeaderElection1018 got exception when requesting votes: {}
java.util.concurrent.ExecutionException: org.apache.ratis.thirdparty.io.grpc.StatusRuntimeException: UNAVAILABLE: io exception
	at java.util.concurrent.FutureTask.report(FutureTask.java:122)
	at java.util.concurrent.FutureTask.get(FutureTask.java:192)
	at org.apache.ratis.server.impl.LeaderElection.waitForResults(LeaderElection.java:259)
	at org.apache.ratis.server.impl.LeaderElection.askForVotes(LeaderElection.java:197)
	at org.apache.ratis.server.impl.LeaderElection.run(LeaderElection.java:133)
	at java.lang.Thread.run(Thread.java:748)
Caused by: org.apache.ratis.thirdparty.io.grpc.StatusRuntimeException: UNAVAILABLE: io exception
	at org.apache.ratis.thirdparty.io.grpc.stub.ClientCalls.toStatusRuntimeException(ClientCalls.java:233)
	at org.apache.ratis.thirdparty.io.grpc.stub.ClientCalls.getUnchecked(ClientCalls.java:214)
	at org.apache.ratis.thirdparty.io.grpc.stub.ClientCalls.blockingUnaryCall(ClientCalls.java:139)
	at org.apache.ratis.proto.grpc.RaftServerProtocolServiceGrpc$RaftServerProtocolServiceBlockingStub.requestVote(RaftServerProtocolServiceGrpc.java:265)
	at org.apache.ratis.grpc.server.GrpcServerProtocolClient.requestVote(GrpcServerProtocolClient.java:99)
	at org.apache.ratis.grpc.server.GrpcService.requestVote(GrpcService.java:204)
	at org.apache.ratis.server.impl.LeaderElection.lambda$submitRequests$1(LeaderElection.java:234)
	at java.util.concurrent.FutureTask.run(FutureTask.java:266)
	at java.util.concurrent.Executors$RunnableAdapter.call(Executors.java:511)
	at java.util.concurrent.FutureTask.run(FutureTask.java:266)
	at java.util.concurrent.ThreadPoolExecutor.runWorker(ThreadPoolExecutor.java:1149)
	at java.util.concurrent.ThreadPoolExecutor$Worker.run(ThreadPoolExecutor.java:624)
	... 1 more
Caused by: org.apache.ratis.thirdparty.io.netty.channel.AbstractChannel$AnnotatedConnectException: Connection refused: /192.168.69.71:35462
	at sun.nio.ch.SocketChannelImpl.checkConnect(Native Method)
	at sun.nio.ch.SocketChannelImpl.finishConnect(SocketChannelImpl.java:717)
	at org.apache.ratis.thirdparty.io.netty.channel.socket.nio.NioSocketChannel.doFinishConnect(NioSocketChannel.java:327)
	at org.apache.ratis.thirdparty.io.netty.channel.nio.AbstractNioChannel$AbstractNioUnsafe.finishConnect(AbstractNioChannel.java:340)
	at org.apache.ratis.thirdparty.io.netty.channel.nio.NioEventLoop.processSelectedKey(NioEventLoop.java:632)
	at org.apache.ratis.thirdparty.io.netty.channel.nio.NioEventLoop.processSelectedKeysOptimized(NioEventLoop.java:579)
	at org.apache.ratis.thirdparty.io.netty.channel.nio.NioEventLoop.processSelectedKeys(NioEventLoop.java:496)
	at org.apache.ratis.thirdparty.io.netty.channel.nio.NioEventLoop.run(NioEventLoop.java:458)
	at org.apache.ratis.thirdparty.io.netty.util.concurrent.SingleThreadEventExecutor$5.run(SingleThreadEventExecutor.java:897)
	at org.apache.ratis.thirdparty.io.netty.util.concurrent.FastThreadLocalRunnable.run(FastThreadLocalRunnable.java:30)
	... 1 more
Caused by: java.net.ConnectException: Connection refused
	... 11 more
2019-10-19 01:15:03,840 [61d0b7dc-5f8b-422f-8693-c58167224d24@group-20FCFA0487C4-LeaderElection1018] INFO  impl.LeaderElection (LeaderElection.java:logAndReturn(56)) - 61d0b7dc-5f8b-422f-8693-c58167224d24@group-20FCFA0487C4-LeaderElection1018: Election REJECTED; received 0 response(s) [] and 2 exception(s); 61d0b7dc-5f8b-422f-8693-c58167224d24@group-20FCFA0487C4:t192, leader=null, voted=61d0b7dc-5f8b-422f-8693-c58167224d24, raftlog=61d0b7dc-5f8b-422f-8693-c58167224d24@group-20FCFA0487C4-SegmentedRaftLog:OPENED:c2,f2,i2, conf=1: [88be3607-7667-471c-9070-7dfd13eb5ac8:192.168.69.71:32925, 9c2d914d-67b1-4af9-8080-4d6ee007b506:192.168.69.71:35462, 61d0b7dc-5f8b-422f-8693-c58167224d24:192.168.69.71:43479], old=null
2019-10-19 01:15:03,840 [61d0b7dc-5f8b-422f-8693-c58167224d24@group-20FCFA0487C4-LeaderElection1018] INFO  impl.LeaderElection (LogUtils.java:infoOrTrace(149)) -   Exception 0: {}
java.util.concurrent.ExecutionException: org.apache.ratis.thirdparty.io.grpc.StatusRuntimeException: UNAVAILABLE: io exception
	at java.util.concurrent.FutureTask.report(FutureTask.java:122)
	at java.util.concurrent.FutureTask.get(FutureTask.java:192)
	at org.apache.ratis.server.impl.LeaderElection.waitForResults(LeaderElection.java:259)
	at org.apache.ratis.server.impl.LeaderElection.askForVotes(LeaderElection.java:197)
	at org.apache.ratis.server.impl.LeaderElection.run(LeaderElection.java:133)
	at java.lang.Thread.run(Thread.java:748)
Caused by: org.apache.ratis.thirdparty.io.grpc.StatusRuntimeException: UNAVAILABLE: io exception
	at org.apache.ratis.thirdparty.io.grpc.stub.ClientCalls.toStatusRuntimeException(ClientCalls.java:233)
	at org.apache.ratis.thirdparty.io.grpc.stub.ClientCalls.getUnchecked(ClientCalls.java:214)
	at org.apache.ratis.thirdparty.io.grpc.stub.ClientCalls.blockingUnaryCall(ClientCalls.java:139)
	at org.apache.ratis.proto.grpc.RaftServerProtocolServiceGrpc$RaftServerProtocolServiceBlockingStub.requestVote(RaftServerProtocolServiceGrpc.java:265)
	at org.apache.ratis.grpc.server.GrpcServerProtocolClient.requestVote(GrpcServerProtocolClient.java:99)
	at org.apache.ratis.grpc.server.GrpcService.requestVote(GrpcService.java:204)
	at org.apache.ratis.server.impl.LeaderElection.lambda$submitRequests$1(LeaderElection.java:234)
	at java.util.concurrent.FutureTask.run(FutureTask.java:266)
	at java.util.concurrent.Executors$RunnableAdapter.call(Executors.java:511)
	at java.util.concurrent.FutureTask.run(FutureTask.java:266)
	at java.util.concurrent.ThreadPoolExecutor.runWorker(ThreadPoolExecutor.java:1149)
	at java.util.concurrent.ThreadPoolExecutor$Worker.run(ThreadPoolExecutor.java:624)
	... 1 more
Caused by: org.apache.ratis.thirdparty.io.netty.channel.AbstractChannel$AnnotatedConnectException: Connection refused: /192.168.69.71:32925
	at sun.nio.ch.SocketChannelImpl.checkConnect(Native Method)
	at sun.nio.ch.SocketChannelImpl.finishConnect(SocketChannelImpl.java:717)
	at org.apache.ratis.thirdparty.io.netty.channel.socket.nio.NioSocketChannel.doFinishConnect(NioSocketChannel.java:327)
	at org.apache.ratis.thirdparty.io.netty.channel.nio.AbstractNioChannel$AbstractNioUnsafe.finishConnect(AbstractNioChannel.java:340)
	at org.apache.ratis.thirdparty.io.netty.channel.nio.NioEventLoop.processSelectedKey(NioEventLoop.java:632)
	at org.apache.ratis.thirdparty.io.netty.channel.nio.NioEventLoop.processSelectedKeysOptimized(NioEventLoop.java:579)
	at org.apache.ratis.thirdparty.io.netty.channel.nio.NioEventLoop.processSelectedKeys(NioEventLoop.java:496)
	at org.apache.ratis.thirdparty.io.netty.channel.nio.NioEventLoop.run(NioEventLoop.java:458)
	at org.apache.ratis.thirdparty.io.netty.util.concurrent.SingleThreadEventExecutor$5.run(SingleThreadEventExecutor.java:897)
	at org.apache.ratis.thirdparty.io.netty.util.concurrent.FastThreadLocalRunnable.run(FastThreadLocalRunnable.java:30)
	... 1 more
Caused by: java.net.ConnectException: Connection refused
	... 11 more
2019-10-19 01:15:03,840 [61d0b7dc-5f8b-422f-8693-c58167224d24@group-20FCFA0487C4-LeaderElection1018] INFO  impl.LeaderElection (LogUtils.java:infoOrTrace(149)) -   Exception 1: {}
java.util.concurrent.ExecutionException: org.apache.ratis.thirdparty.io.grpc.StatusRuntimeException: UNAVAILABLE: io exception
	at java.util.concurrent.FutureTask.report(FutureTask.java:122)
	at java.util.concurrent.FutureTask.get(FutureTask.java:192)
	at org.apache.ratis.server.impl.LeaderElection.waitForResults(LeaderElection.java:259)
	at org.apache.ratis.server.impl.LeaderElection.askForVotes(LeaderElection.java:197)
	at org.apache.ratis.server.impl.LeaderElection.run(LeaderElection.java:133)
	at java.lang.Thread.run(Thread.java:748)
Caused by: org.apache.ratis.thirdparty.io.grpc.StatusRuntimeException: UNAVAILABLE: io exception
	at org.apache.ratis.thirdparty.io.grpc.stub.ClientCalls.toStatusRuntimeException(ClientCalls.java:233)
	at org.apache.ratis.thirdparty.io.grpc.stub.ClientCalls.getUnchecked(ClientCalls.java:214)
	at org.apache.ratis.thirdparty.io.grpc.stub.ClientCalls.blockingUnaryCall(ClientCalls.java:139)
	at org.apache.ratis.proto.grpc.RaftServerProtocolServiceGrpc$RaftServerProtocolServiceBlockingStub.requestVote(RaftServerProtocolServiceGrpc.java:265)
	at org.apache.ratis.grpc.server.GrpcServerProtocolClient.requestVote(GrpcServerProtocolClient.java:99)
	at org.apache.ratis.grpc.server.GrpcService.requestVote(GrpcService.java:204)
	at org.apache.ratis.server.impl.LeaderElection.lambda$submitRequests$1(LeaderElection.java:234)
	at java.util.concurrent.FutureTask.run(FutureTask.java:266)
	at java.util.concurrent.Executors$RunnableAdapter.call(Executors.java:511)
	at java.util.concurrent.FutureTask.run(FutureTask.java:266)
	at java.util.concurrent.ThreadPoolExecutor.runWorker(ThreadPoolExecutor.java:1149)
	at java.util.concurrent.ThreadPoolExecutor$Worker.run(ThreadPoolExecutor.java:624)
	... 1 more
Caused by: org.apache.ratis.thirdparty.io.netty.channel.AbstractChannel$AnnotatedConnectException: Connection refused: /192.168.69.71:35462
	at sun.nio.ch.SocketChannelImpl.checkConnect(Native Method)
	at sun.nio.ch.SocketChannelImpl.finishConnect(SocketChannelImpl.java:717)
	at org.apache.ratis.thirdparty.io.netty.channel.socket.nio.NioSocketChannel.doFinishConnect(NioSocketChannel.java:327)
	at org.apache.ratis.thirdparty.io.netty.channel.nio.AbstractNioChannel$AbstractNioUnsafe.finishConnect(AbstractNioChannel.java:340)
	at org.apache.ratis.thirdparty.io.netty.channel.nio.NioEventLoop.processSelectedKey(NioEventLoop.java:632)
	at org.apache.ratis.thirdparty.io.netty.channel.nio.NioEventLoop.processSelectedKeysOptimized(NioEventLoop.java:579)
	at org.apache.ratis.thirdparty.io.netty.channel.nio.NioEventLoop.processSelectedKeys(NioEventLoop.java:496)
	at org.apache.ratis.thirdparty.io.netty.channel.nio.NioEventLoop.run(NioEventLoop.java:458)
	at org.apache.ratis.thirdparty.io.netty.util.concurrent.SingleThreadEventExecutor$5.run(SingleThreadEventExecutor.java:897)
	at org.apache.ratis.thirdparty.io.netty.util.concurrent.FastThreadLocalRunnable.run(FastThreadLocalRunnable.java:30)
	... 1 more
Caused by: java.net.ConnectException: Connection refused
	... 11 more
2019-10-19 01:15:03,841 [61d0b7dc-5f8b-422f-8693-c58167224d24@group-20FCFA0487C4-LeaderElection1018] INFO  impl.RaftServerImpl (RaftServerImpl.java:setRole(184)) - 61d0b7dc-5f8b-422f-8693-c58167224d24@group-20FCFA0487C4: changes role from CANDIDATE to FOLLOWER at term 192 for DISCOVERED_A_NEW_TERM
2019-10-19 01:15:03,841 [61d0b7dc-5f8b-422f-8693-c58167224d24@group-20FCFA0487C4-LeaderElection1018] INFO  impl.RoleInfo (RoleInfo.java:shutdownLeaderElection(134)) - 61d0b7dc-5f8b-422f-8693-c58167224d24: shutdown LeaderElection
2019-10-19 01:15:03,841 [61d0b7dc-5f8b-422f-8693-c58167224d24@group-20FCFA0487C4-LeaderElection1018] INFO  impl.RoleInfo (RoleInfo.java:updateAndGet(143)) - 61d0b7dc-5f8b-422f-8693-c58167224d24: start FollowerState
2019-10-19 01:15:03,876 [java.util.concurrent.ThreadPoolExecutor$Worker@9a1e533[State = -1, empty queue]] WARN  server.GrpcLogAppender (GrpcLogAppender.java:timeoutAppendRequest(209)) - 61d14648-e80d-4cd8-9e7c-6deb2f21aca8@group-A3037D40E172->f143d5cf-4038-4fa8-8601-f5a45f16ca3e-GrpcLogAppender: appendEntries Timeout, request=61d14648-e80d-4cd8-9e7c-6deb2f21aca8->f143d5cf-4038-4fa8-8601-f5a45f16ca3e#2-t235, previous=(t:2, i:0), leaderCommit=2, initializing? false, entries: <empty>
2019-10-19 01:15:04,095 [java.util.concurrent.ThreadPoolExecutor$Worker@4a01913f[State = -1, empty queue]] WARN  server.GrpcLogAppender (GrpcLogAppender.java:timeoutAppendRequest(209)) - 88be3607-7667-471c-9070-7dfd13eb5ac8@group-20FCFA0487C4->9c2d914d-67b1-4af9-8080-4d6ee007b506-GrpcLogAppender: appendEntries Timeout, request=88be3607-7667-471c-9070-7dfd13eb5ac8->9c2d914d-67b1-4af9-8080-4d6ee007b506#4-t191, previous=(t:1, i:0), leaderCommit=2, initializing? false, entries: <empty>
2019-10-19 01:15:04,894 [Thread-9113] INFO  impl.FollowerState (FollowerState.java:run(108)) - 61d0b7dc-5f8b-422f-8693-c58167224d24@group-20FCFA0487C4-FollowerState: change to CANDIDATE, lastRpcTime:1053ms, electionTimeout:1053ms
2019-10-19 01:15:04,894 [Thread-9113] INFO  impl.RoleInfo (RoleInfo.java:shutdownFollowerState(121)) - 61d0b7dc-5f8b-422f-8693-c58167224d24: shutdown FollowerState
2019-10-19 01:15:04,895 [Thread-9113] INFO  impl.RaftServerImpl (RaftServerImpl.java:setRole(184)) - 61d0b7dc-5f8b-422f-8693-c58167224d24@group-20FCFA0487C4: changes role from  FOLLOWER to CANDIDATE at term 192 for changeToCandidate
2019-10-19 01:15:04,895 [Thread-9113] INFO  impl.RoleInfo (RoleInfo.java:updateAndGet(143)) - 61d0b7dc-5f8b-422f-8693-c58167224d24: start LeaderElection
2019-10-19 01:15:05,225 [61d0b7dc-5f8b-422f-8693-c58167224d24@group-20FCFA0487C4-LeaderElection1019] INFO  impl.LeaderElection (LeaderElection.java:askForVotes(178)) - 61d0b7dc-5f8b-422f-8693-c58167224d24@group-20FCFA0487C4-LeaderElection1019: begin an election at term 193 for 1: [88be3607-7667-471c-9070-7dfd13eb5ac8:192.168.69.71:32925, 9c2d914d-67b1-4af9-8080-4d6ee007b506:192.168.69.71:35462, 61d0b7dc-5f8b-422f-8693-c58167224d24:192.168.69.71:43479], old=null
2019-10-19 01:15:05,228 [61d0b7dc-5f8b-422f-8693-c58167224d24@group-20FCFA0487C4-LeaderElection1019] INFO  impl.LeaderElection (LogUtils.java:infoOrTrace(149)) - 61d0b7dc-5f8b-422f-8693-c58167224d24@group-20FCFA0487C4-LeaderElection1019 got exception when requesting votes: {}
java.util.concurrent.ExecutionException: org.apache.ratis.thirdparty.io.grpc.StatusRuntimeException: UNAVAILABLE: io exception
	at java.util.concurrent.FutureTask.report(FutureTask.java:122)
	at java.util.concurrent.FutureTask.get(FutureTask.java:192)
	at org.apache.ratis.server.impl.LeaderElection.waitForResults(LeaderElection.java:259)
	at org.apache.ratis.server.impl.LeaderElection.askForVotes(LeaderElection.java:197)
	at org.apache.ratis.server.impl.LeaderElection.run(LeaderElection.java:133)
	at java.lang.Thread.run(Thread.java:748)
Caused by: org.apache.ratis.thirdparty.io.grpc.StatusRuntimeException: UNAVAILABLE: io exception
	at org.apache.ratis.thirdparty.io.grpc.stub.ClientCalls.toStatusRuntimeException(ClientCalls.java:233)
	at org.apache.ratis.thirdparty.io.grpc.stub.ClientCalls.getUnchecked(ClientCalls.java:214)
	at org.apache.ratis.thirdparty.io.grpc.stub.ClientCalls.blockingUnaryCall(ClientCalls.java:139)
	at org.apache.ratis.proto.grpc.RaftServerProtocolServiceGrpc$RaftServerProtocolServiceBlockingStub.requestVote(RaftServerProtocolServiceGrpc.java:265)
	at org.apache.ratis.grpc.server.GrpcServerProtocolClient.requestVote(GrpcServerProtocolClient.java:99)
	at org.apache.ratis.grpc.server.GrpcService.requestVote(GrpcService.java:204)
	at org.apache.ratis.server.impl.LeaderElection.lambda$submitRequests$1(LeaderElection.java:234)
	at java.util.concurrent.FutureTask.run(FutureTask.java:266)
	at java.util.concurrent.Executors$RunnableAdapter.call(Executors.java:511)
	at java.util.concurrent.FutureTask.run(FutureTask.java:266)
	at java.util.concurrent.ThreadPoolExecutor.runWorker(ThreadPoolExecutor.java:1149)
	at java.util.concurrent.ThreadPoolExecutor$Worker.run(ThreadPoolExecutor.java:624)
	... 1 more
Caused by: org.apache.ratis.thirdparty.io.netty.channel.AbstractChannel$AnnotatedConnectException: Connection refused: /192.168.69.71:32925
	at sun.nio.ch.SocketChannelImpl.checkConnect(Native Method)
	at sun.nio.ch.SocketChannelImpl.finishConnect(SocketChannelImpl.java:717)
	at org.apache.ratis.thirdparty.io.netty.channel.socket.nio.NioSocketChannel.doFinishConnect(NioSocketChannel.java:327)
	at org.apache.ratis.thirdparty.io.netty.channel.nio.AbstractNioChannel$AbstractNioUnsafe.finishConnect(AbstractNioChannel.java:340)
	at org.apache.ratis.thirdparty.io.netty.channel.nio.NioEventLoop.processSelectedKey(NioEventLoop.java:632)
	at org.apache.ratis.thirdparty.io.netty.channel.nio.NioEventLoop.processSelectedKeysOptimized(NioEventLoop.java:579)
	at org.apache.ratis.thirdparty.io.netty.channel.nio.NioEventLoop.processSelectedKeys(NioEventLoop.java:496)
	at org.apache.ratis.thirdparty.io.netty.channel.nio.NioEventLoop.run(NioEventLoop.java:458)
	at org.apache.ratis.thirdparty.io.netty.util.concurrent.SingleThreadEventExecutor$5.run(SingleThreadEventExecutor.java:897)
	at org.apache.ratis.thirdparty.io.netty.util.concurrent.FastThreadLocalRunnable.run(FastThreadLocalRunnable.java:30)
	... 1 more
Caused by: java.net.ConnectException: Connection refused
	... 11 more
2019-10-19 01:15:05,228 [61d0b7dc-5f8b-422f-8693-c58167224d24@group-20FCFA0487C4-LeaderElection1019] INFO  impl.LeaderElection (LogUtils.java:infoOrTrace(149)) - 61d0b7dc-5f8b-422f-8693-c58167224d24@group-20FCFA0487C4-LeaderElection1019 got exception when requesting votes: {}
java.util.concurrent.ExecutionException: org.apache.ratis.thirdparty.io.grpc.StatusRuntimeException: UNAVAILABLE: io exception
	at java.util.concurrent.FutureTask.report(FutureTask.java:122)
	at java.util.concurrent.FutureTask.get(FutureTask.java:192)
	at org.apache.ratis.server.impl.LeaderElection.waitForResults(LeaderElection.java:259)
	at org.apache.ratis.server.impl.LeaderElection.askForVotes(LeaderElection.java:197)
	at org.apache.ratis.server.impl.LeaderElection.run(LeaderElection.java:133)
	at java.lang.Thread.run(Thread.java:748)
Caused by: org.apache.ratis.thirdparty.io.grpc.StatusRuntimeException: UNAVAILABLE: io exception
	at org.apache.ratis.thirdparty.io.grpc.stub.ClientCalls.toStatusRuntimeException(ClientCalls.java:233)
	at org.apache.ratis.thirdparty.io.grpc.stub.ClientCalls.getUnchecked(ClientCalls.java:214)
	at org.apache.ratis.thirdparty.io.grpc.stub.ClientCalls.blockingUnaryCall(ClientCalls.java:139)
	at org.apache.ratis.proto.grpc.RaftServerProtocolServiceGrpc$RaftServerProtocolServiceBlockingStub.requestVote(RaftServerProtocolServiceGrpc.java:265)
	at org.apache.ratis.grpc.server.GrpcServerProtocolClient.requestVote(GrpcServerProtocolClient.java:99)
	at org.apache.ratis.grpc.server.GrpcService.requestVote(GrpcService.java:204)
	at org.apache.ratis.server.impl.LeaderElection.lambda$submitRequests$1(LeaderElection.java:234)
	at java.util.concurrent.FutureTask.run(FutureTask.java:266)
	at java.util.concurrent.Executors$RunnableAdapter.call(Executors.java:511)
	at java.util.concurrent.FutureTask.run(FutureTask.java:266)
	at java.util.concurrent.ThreadPoolExecutor.runWorker(ThreadPoolExecutor.java:1149)
	at java.util.concurrent.ThreadPoolExecutor$Worker.run(ThreadPoolExecutor.java:624)
	... 1 more
Caused by: org.apache.ratis.thirdparty.io.netty.channel.AbstractChannel$AnnotatedConnectException: Connection refused: /192.168.69.71:35462
	at sun.nio.ch.SocketChannelImpl.checkConnect(Native Method)
	at sun.nio.ch.SocketChannelImpl.finishConnect(SocketChannelImpl.java:717)
	at org.apache.ratis.thirdparty.io.netty.channel.socket.nio.NioSocketChannel.doFinishConnect(NioSocketChannel.java:327)
	at org.apache.ratis.thirdparty.io.netty.channel.nio.AbstractNioChannel$AbstractNioUnsafe.finishConnect(AbstractNioChannel.java:340)
	at org.apache.ratis.thirdparty.io.netty.channel.nio.NioEventLoop.processSelectedKey(NioEventLoop.java:632)
	at org.apache.ratis.thirdparty.io.netty.channel.nio.NioEventLoop.processSelectedKeysOptimized(NioEventLoop.java:579)
	at org.apache.ratis.thirdparty.io.netty.channel.nio.NioEventLoop.processSelectedKeys(NioEventLoop.java:496)
	at org.apache.ratis.thirdparty.io.netty.channel.nio.NioEventLoop.run(NioEventLoop.java:458)
	at org.apache.ratis.thirdparty.io.netty.util.concurrent.SingleThreadEventExecutor$5.run(SingleThreadEventExecutor.java:897)
	at org.apache.ratis.thirdparty.io.netty.util.concurrent.FastThreadLocalRunnable.run(FastThreadLocalRunnable.java:30)
	... 1 more
Caused by: java.net.ConnectException: Connection refused
	... 11 more
2019-10-19 01:15:05,229 [61d0b7dc-5f8b-422f-8693-c58167224d24@group-20FCFA0487C4-LeaderElection1019] INFO  impl.LeaderElection (LeaderElection.java:logAndReturn(56)) - 61d0b7dc-5f8b-422f-8693-c58167224d24@group-20FCFA0487C4-LeaderElection1019: Election REJECTED; received 0 response(s) [] and 2 exception(s); 61d0b7dc-5f8b-422f-8693-c58167224d24@group-20FCFA0487C4:t193, leader=null, voted=61d0b7dc-5f8b-422f-8693-c58167224d24, raftlog=61d0b7dc-5f8b-422f-8693-c58167224d24@group-20FCFA0487C4-SegmentedRaftLog:OPENED:c2,f2,i2, conf=1: [88be3607-7667-471c-9070-7dfd13eb5ac8:192.168.69.71:32925, 9c2d914d-67b1-4af9-8080-4d6ee007b506:192.168.69.71:35462, 61d0b7dc-5f8b-422f-8693-c58167224d24:192.168.69.71:43479], old=null
2019-10-19 01:15:05,229 [61d0b7dc-5f8b-422f-8693-c58167224d24@group-20FCFA0487C4-LeaderElection1019] INFO  impl.LeaderElection (LogUtils.java:infoOrTrace(149)) -   Exception 0: {}
java.util.concurrent.ExecutionException: org.apache.ratis.thirdparty.io.grpc.StatusRuntimeException: UNAVAILABLE: io exception
	at java.util.concurrent.FutureTask.report(FutureTask.java:122)
	at java.util.concurrent.FutureTask.get(FutureTask.java:192)
	at org.apache.ratis.server.impl.LeaderElection.waitForResults(LeaderElection.java:259)
	at org.apache.ratis.server.impl.LeaderElection.askForVotes(LeaderElection.java:197)
	at org.apache.ratis.server.impl.LeaderElection.run(LeaderElection.java:133)
	at java.lang.Thread.run(Thread.java:748)
Caused by: org.apache.ratis.thirdparty.io.grpc.StatusRuntimeException: UNAVAILABLE: io exception
	at org.apache.ratis.thirdparty.io.grpc.stub.ClientCalls.toStatusRuntimeException(ClientCalls.java:233)
	at org.apache.ratis.thirdparty.io.grpc.stub.ClientCalls.getUnchecked(ClientCalls.java:214)
	at org.apache.ratis.thirdparty.io.grpc.stub.ClientCalls.blockingUnaryCall(ClientCalls.java:139)
	at org.apache.ratis.proto.grpc.RaftServerProtocolServiceGrpc$RaftServerProtocolServiceBlockingStub.requestVote(RaftServerProtocolServiceGrpc.java:265)
	at org.apache.ratis.grpc.server.GrpcServerProtocolClient.requestVote(GrpcServerProtocolClient.java:99)
	at org.apache.ratis.grpc.server.GrpcService.requestVote(GrpcService.java:204)
	at org.apache.ratis.server.impl.LeaderElection.lambda$submitRequests$1(LeaderElection.java:234)
	at java.util.concurrent.FutureTask.run(FutureTask.java:266)
	at java.util.concurrent.Executors$RunnableAdapter.call(Executors.java:511)
	at java.util.concurrent.FutureTask.run(FutureTask.java:266)
	at java.util.concurrent.ThreadPoolExecutor.runWorker(ThreadPoolExecutor.java:1149)
	at java.util.concurrent.ThreadPoolExecutor$Worker.run(ThreadPoolExecutor.java:624)
	... 1 more
Caused by: org.apache.ratis.thirdparty.io.netty.channel.AbstractChannel$AnnotatedConnectException: Connection refused: /192.168.69.71:32925
	at sun.nio.ch.SocketChannelImpl.checkConnect(Native Method)
	at sun.nio.ch.SocketChannelImpl.finishConnect(SocketChannelImpl.java:717)
	at org.apache.ratis.thirdparty.io.netty.channel.socket.nio.NioSocketChannel.doFinishConnect(NioSocketChannel.java:327)
	at org.apache.ratis.thirdparty.io.netty.channel.nio.AbstractNioChannel$AbstractNioUnsafe.finishConnect(AbstractNioChannel.java:340)
	at org.apache.ratis.thirdparty.io.netty.channel.nio.NioEventLoop.processSelectedKey(NioEventLoop.java:632)
	at org.apache.ratis.thirdparty.io.netty.channel.nio.NioEventLoop.processSelectedKeysOptimized(NioEventLoop.java:579)
	at org.apache.ratis.thirdparty.io.netty.channel.nio.NioEventLoop.processSelectedKeys(NioEventLoop.java:496)
	at org.apache.ratis.thirdparty.io.netty.channel.nio.NioEventLoop.run(NioEventLoop.java:458)
	at org.apache.ratis.thirdparty.io.netty.util.concurrent.SingleThreadEventExecutor$5.run(SingleThreadEventExecutor.java:897)
	at org.apache.ratis.thirdparty.io.netty.util.concurrent.FastThreadLocalRunnable.run(FastThreadLocalRunnable.java:30)
	... 1 more
Caused by: java.net.ConnectException: Connection refused
	... 11 more
2019-10-19 01:15:05,229 [61d0b7dc-5f8b-422f-8693-c58167224d24@group-20FCFA0487C4-LeaderElection1019] INFO  impl.LeaderElection (LogUtils.java:infoOrTrace(149)) -   Exception 1: {}
java.util.concurrent.ExecutionException: org.apache.ratis.thirdparty.io.grpc.StatusRuntimeException: UNAVAILABLE: io exception
	at java.util.concurrent.FutureTask.report(FutureTask.java:122)
	at java.util.concurrent.FutureTask.get(FutureTask.java:192)
	at org.apache.ratis.server.impl.LeaderElection.waitForResults(LeaderElection.java:259)
	at org.apache.ratis.server.impl.LeaderElection.askForVotes(LeaderElection.java:197)
	at org.apache.ratis.server.impl.LeaderElection.run(LeaderElection.java:133)
	at java.lang.Thread.run(Thread.java:748)
Caused by: org.apache.ratis.thirdparty.io.grpc.StatusRuntimeException: UNAVAILABLE: io exception
	at org.apache.ratis.thirdparty.io.grpc.stub.ClientCalls.toStatusRuntimeException(ClientCalls.java:233)
	at org.apache.ratis.thirdparty.io.grpc.stub.ClientCalls.getUnchecked(ClientCalls.java:214)
	at org.apache.ratis.thirdparty.io.grpc.stub.ClientCalls.blockingUnaryCall(ClientCalls.java:139)
	at org.apache.ratis.proto.grpc.RaftServerProtocolServiceGrpc$RaftServerProtocolServiceBlockingStub.requestVote(RaftServerProtocolServiceGrpc.java:265)
	at org.apache.ratis.grpc.server.GrpcServerProtocolClient.requestVote(GrpcServerProtocolClient.java:99)
	at org.apache.ratis.grpc.server.GrpcService.requestVote(GrpcService.java:204)
	at org.apache.ratis.server.impl.LeaderElection.lambda$submitRequests$1(LeaderElection.java:234)
	at java.util.concurrent.FutureTask.run(FutureTask.java:266)
	at java.util.concurrent.Executors$RunnableAdapter.call(Executors.java:511)
	at java.util.concurrent.FutureTask.run(FutureTask.java:266)
	at java.util.concurrent.ThreadPoolExecutor.runWorker(ThreadPoolExecutor.java:1149)
	at java.util.concurrent.ThreadPoolExecutor$Worker.run(ThreadPoolExecutor.java:624)
	... 1 more
Caused by: org.apache.ratis.thirdparty.io.netty.channel.AbstractChannel$AnnotatedConnectException: Connection refused: /192.168.69.71:35462
	at sun.nio.ch.SocketChannelImpl.checkConnect(Native Method)
	at sun.nio.ch.SocketChannelImpl.finishConnect(SocketChannelImpl.java:717)
	at org.apache.ratis.thirdparty.io.netty.channel.socket.nio.NioSocketChannel.doFinishConnect(NioSocketChannel.java:327)
	at org.apache.ratis.thirdparty.io.netty.channel.nio.AbstractNioChannel$AbstractNioUnsafe.finishConnect(AbstractNioChannel.java:340)
	at org.apache.ratis.thirdparty.io.netty.channel.nio.NioEventLoop.processSelectedKey(NioEventLoop.java:632)
	at org.apache.ratis.thirdparty.io.netty.channel.nio.NioEventLoop.processSelectedKeysOptimized(NioEventLoop.java:579)
	at org.apache.ratis.thirdparty.io.netty.channel.nio.NioEventLoop.processSelectedKeys(NioEventLoop.java:496)
	at org.apache.ratis.thirdparty.io.netty.channel.nio.NioEventLoop.run(NioEventLoop.java:458)
	at org.apache.ratis.thirdparty.io.netty.util.concurrent.SingleThreadEventExecutor$5.run(SingleThreadEventExecutor.java:897)
	at org.apache.ratis.thirdparty.io.netty.util.concurrent.FastThreadLocalRunnable.run(FastThreadLocalRunnable.java:30)
	... 1 more
Caused by: java.net.ConnectException: Connection refused
	... 11 more
2019-10-19 01:15:05,230 [61d0b7dc-5f8b-422f-8693-c58167224d24@group-20FCFA0487C4-LeaderElection1019] INFO  impl.RaftServerImpl (RaftServerImpl.java:setRole(184)) - 61d0b7dc-5f8b-422f-8693-c58167224d24@group-20FCFA0487C4: changes role from CANDIDATE to FOLLOWER at term 193 for DISCOVERED_A_NEW_TERM
2019-10-19 01:15:05,230 [61d0b7dc-5f8b-422f-8693-c58167224d24@group-20FCFA0487C4-LeaderElection1019] INFO  impl.RoleInfo (RoleInfo.java:shutdownLeaderElection(134)) - 61d0b7dc-5f8b-422f-8693-c58167224d24: shutdown LeaderElection
2019-10-19 01:15:05,230 [61d0b7dc-5f8b-422f-8693-c58167224d24@group-20FCFA0487C4-LeaderElection1019] INFO  impl.RoleInfo (RoleInfo.java:updateAndGet(143)) - 61d0b7dc-5f8b-422f-8693-c58167224d24: start FollowerState
2019-10-19 01:15:06,362 [Thread-9120] INFO  impl.FollowerState (FollowerState.java:run(108)) - 61d0b7dc-5f8b-422f-8693-c58167224d24@group-20FCFA0487C4-FollowerState: change to CANDIDATE, lastRpcTime:1132ms, electionTimeout:1132ms
2019-10-19 01:15:06,363 [Thread-9120] INFO  impl.RoleInfo (RoleInfo.java:shutdownFollowerState(121)) - 61d0b7dc-5f8b-422f-8693-c58167224d24: shutdown FollowerState
2019-10-19 01:15:06,363 [Thread-9120] INFO  impl.RaftServerImpl (RaftServerImpl.java:setRole(184)) - 61d0b7dc-5f8b-422f-8693-c58167224d24@group-20FCFA0487C4: changes role from  FOLLOWER to CANDIDATE at term 193 for changeToCandidate
2019-10-19 01:15:06,363 [Thread-9120] INFO  impl.RoleInfo (RoleInfo.java:updateAndGet(143)) - 61d0b7dc-5f8b-422f-8693-c58167224d24: start LeaderElection
2019-10-19 01:15:06,378 [61d0b7dc-5f8b-422f-8693-c58167224d24@group-20FCFA0487C4-LeaderElection1020] INFO  impl.LeaderElection (LeaderElection.java:askForVotes(178)) - 61d0b7dc-5f8b-422f-8693-c58167224d24@group-20FCFA0487C4-LeaderElection1020: begin an election at term 194 for 1: [88be3607-7667-471c-9070-7dfd13eb5ac8:192.168.69.71:32925, 9c2d914d-67b1-4af9-8080-4d6ee007b506:192.168.69.71:35462, 61d0b7dc-5f8b-422f-8693-c58167224d24:192.168.69.71:43479], old=null
2019-10-19 01:15:06,379 [61d0b7dc-5f8b-422f-8693-c58167224d24@group-20FCFA0487C4-LeaderElection1020] INFO  impl.LeaderElection (LogUtils.java:infoOrTrace(149)) - 61d0b7dc-5f8b-422f-8693-c58167224d24@group-20FCFA0487C4-LeaderElection1020 got exception when requesting votes: {}
java.util.concurrent.ExecutionException: org.apache.ratis.thirdparty.io.grpc.StatusRuntimeException: UNAVAILABLE: io exception
	at java.util.concurrent.FutureTask.report(FutureTask.java:122)
	at java.util.concurrent.FutureTask.get(FutureTask.java:192)
	at org.apache.ratis.server.impl.LeaderElection.waitForResults(LeaderElection.java:259)
	at org.apache.ratis.server.impl.LeaderElection.askForVotes(LeaderElection.java:197)
	at org.apache.ratis.server.impl.LeaderElection.run(LeaderElection.java:133)
	at java.lang.Thread.run(Thread.java:748)
Caused by: org.apache.ratis.thirdparty.io.grpc.StatusRuntimeException: UNAVAILABLE: io exception
	at org.apache.ratis.thirdparty.io.grpc.stub.ClientCalls.toStatusRuntimeException(ClientCalls.java:233)
	at org.apache.ratis.thirdparty.io.grpc.stub.ClientCalls.getUnchecked(ClientCalls.java:214)
	at org.apache.ratis.thirdparty.io.grpc.stub.ClientCalls.blockingUnaryCall(ClientCalls.java:139)
	at org.apache.ratis.proto.grpc.RaftServerProtocolServiceGrpc$RaftServerProtocolServiceBlockingStub.requestVote(RaftServerProtocolServiceGrpc.java:265)
	at org.apache.ratis.grpc.server.GrpcServerProtocolClient.requestVote(GrpcServerProtocolClient.java:99)
	at org.apache.ratis.grpc.server.GrpcService.requestVote(GrpcService.java:204)
	at org.apache.ratis.server.impl.LeaderElection.lambda$submitRequests$1(LeaderElection.java:234)
	at java.util.concurrent.FutureTask.run(FutureTask.java:266)
	at java.util.concurrent.Executors$RunnableAdapter.call(Executors.java:511)
	at java.util.concurrent.FutureTask.run(FutureTask.java:266)
	at java.util.concurrent.ThreadPoolExecutor.runWorker(ThreadPoolExecutor.java:1149)
	at java.util.concurrent.ThreadPoolExecutor$Worker.run(ThreadPoolExecutor.java:624)
	... 1 more
Caused by: org.apache.ratis.thirdparty.io.netty.channel.AbstractChannel$AnnotatedConnectException: Connection refused: /192.168.69.71:32925
	at sun.nio.ch.SocketChannelImpl.checkConnect(Native Method)
	at sun.nio.ch.SocketChannelImpl.finishConnect(SocketChannelImpl.java:717)
	at org.apache.ratis.thirdparty.io.netty.channel.socket.nio.NioSocketChannel.doFinishConnect(NioSocketChannel.java:327)
	at org.apache.ratis.thirdparty.io.netty.channel.nio.AbstractNioChannel$AbstractNioUnsafe.finishConnect(AbstractNioChannel.java:340)
	at org.apache.ratis.thirdparty.io.netty.channel.nio.NioEventLoop.processSelectedKey(NioEventLoop.java:632)
	at org.apache.ratis.thirdparty.io.netty.channel.nio.NioEventLoop.processSelectedKeysOptimized(NioEventLoop.java:579)
	at org.apache.ratis.thirdparty.io.netty.channel.nio.NioEventLoop.processSelectedKeys(NioEventLoop.java:496)
	at org.apache.ratis.thirdparty.io.netty.channel.nio.NioEventLoop.run(NioEventLoop.java:458)
	at org.apache.ratis.thirdparty.io.netty.util.concurrent.SingleThreadEventExecutor$5.run(SingleThreadEventExecutor.java:897)
	at org.apache.ratis.thirdparty.io.netty.util.concurrent.FastThreadLocalRunnable.run(FastThreadLocalRunnable.java:30)
	... 1 more
Caused by: java.net.ConnectException: Connection refused
	... 11 more
2019-10-19 01:15:06,379 [61d0b7dc-5f8b-422f-8693-c58167224d24@group-20FCFA0487C4-LeaderElection1020] INFO  impl.LeaderElection (LogUtils.java:infoOrTrace(149)) - 61d0b7dc-5f8b-422f-8693-c58167224d24@group-20FCFA0487C4-LeaderElection1020 got exception when requesting votes: {}
java.util.concurrent.ExecutionException: org.apache.ratis.thirdparty.io.grpc.StatusRuntimeException: UNAVAILABLE: io exception
	at java.util.concurrent.FutureTask.report(FutureTask.java:122)
	at java.util.concurrent.FutureTask.get(FutureTask.java:192)
	at org.apache.ratis.server.impl.LeaderElection.waitForResults(LeaderElection.java:259)
	at org.apache.ratis.server.impl.LeaderElection.askForVotes(LeaderElection.java:197)
	at org.apache.ratis.server.impl.LeaderElection.run(LeaderElection.java:133)
	at java.lang.Thread.run(Thread.java:748)
Caused by: org.apache.ratis.thirdparty.io.grpc.StatusRuntimeException: UNAVAILABLE: io exception
	at org.apache.ratis.thirdparty.io.grpc.stub.ClientCalls.toStatusRuntimeException(ClientCalls.java:233)
	at org.apache.ratis.thirdparty.io.grpc.stub.ClientCalls.getUnchecked(ClientCalls.java:214)
	at org.apache.ratis.thirdparty.io.grpc.stub.ClientCalls.blockingUnaryCall(ClientCalls.java:139)
	at org.apache.ratis.proto.grpc.RaftServerProtocolServiceGrpc$RaftServerProtocolServiceBlockingStub.requestVote(RaftServerProtocolServiceGrpc.java:265)
	at org.apache.ratis.grpc.server.GrpcServerProtocolClient.requestVote(GrpcServerProtocolClient.java:99)
	at org.apache.ratis.grpc.server.GrpcService.requestVote(GrpcService.java:204)
	at org.apache.ratis.server.impl.LeaderElection.lambda$submitRequests$1(LeaderElection.java:234)
	at java.util.concurrent.FutureTask.run(FutureTask.java:266)
	at java.util.concurrent.Executors$RunnableAdapter.call(Executors.java:511)
	at java.util.concurrent.FutureTask.run(FutureTask.java:266)
	at java.util.concurrent.ThreadPoolExecutor.runWorker(ThreadPoolExecutor.java:1149)
	at java.util.concurrent.ThreadPoolExecutor$Worker.run(ThreadPoolExecutor.java:624)
	... 1 more
Caused by: org.apache.ratis.thirdparty.io.netty.channel.AbstractChannel$AnnotatedConnectException: Connection refused: /192.168.69.71:35462
	at sun.nio.ch.SocketChannelImpl.checkConnect(Native Method)
	at sun.nio.ch.SocketChannelImpl.finishConnect(SocketChannelImpl.java:717)
	at org.apache.ratis.thirdparty.io.netty.channel.socket.nio.NioSocketChannel.doFinishConnect(NioSocketChannel.java:327)
	at org.apache.ratis.thirdparty.io.netty.channel.nio.AbstractNioChannel$AbstractNioUnsafe.finishConnect(AbstractNioChannel.java:340)
	at org.apache.ratis.thirdparty.io.netty.channel.nio.NioEventLoop.processSelectedKey(NioEventLoop.java:632)
	at org.apache.ratis.thirdparty.io.netty.channel.nio.NioEventLoop.processSelectedKeysOptimized(NioEventLoop.java:579)
	at org.apache.ratis.thirdparty.io.netty.channel.nio.NioEventLoop.processSelectedKeys(NioEventLoop.java:496)
	at org.apache.ratis.thirdparty.io.netty.channel.nio.NioEventLoop.run(NioEventLoop.java:458)
	at org.apache.ratis.thirdparty.io.netty.util.concurrent.SingleThreadEventExecutor$5.run(SingleThreadEventExecutor.java:897)
	at org.apache.ratis.thirdparty.io.netty.util.concurrent.FastThreadLocalRunnable.run(FastThreadLocalRunnable.java:30)
	... 1 more
Caused by: java.net.ConnectException: Connection refused
	... 11 more
2019-10-19 01:15:06,380 [61d0b7dc-5f8b-422f-8693-c58167224d24@group-20FCFA0487C4-LeaderElection1020] INFO  impl.LeaderElection (LeaderElection.java:logAndReturn(56)) - 61d0b7dc-5f8b-422f-8693-c58167224d24@group-20FCFA0487C4-LeaderElection1020: Election REJECTED; received 0 response(s) [] and 2 exception(s); 61d0b7dc-5f8b-422f-8693-c58167224d24@group-20FCFA0487C4:t194, leader=null, voted=61d0b7dc-5f8b-422f-8693-c58167224d24, raftlog=61d0b7dc-5f8b-422f-8693-c58167224d24@group-20FCFA0487C4-SegmentedRaftLog:OPENED:c2,f2,i2, conf=1: [88be3607-7667-471c-9070-7dfd13eb5ac8:192.168.69.71:32925, 9c2d914d-67b1-4af9-8080-4d6ee007b506:192.168.69.71:35462, 61d0b7dc-5f8b-422f-8693-c58167224d24:192.168.69.71:43479], old=null
2019-10-19 01:15:06,380 [61d0b7dc-5f8b-422f-8693-c58167224d24@group-20FCFA0487C4-LeaderElection1020] INFO  impl.LeaderElection (LogUtils.java:infoOrTrace(149)) -   Exception 0: {}
java.util.concurrent.ExecutionException: org.apache.ratis.thirdparty.io.grpc.StatusRuntimeException: UNAVAILABLE: io exception
	at java.util.concurrent.FutureTask.report(FutureTask.java:122)
	at java.util.concurrent.FutureTask.get(FutureTask.java:192)
	at org.apache.ratis.server.impl.LeaderElection.waitForResults(LeaderElection.java:259)
	at org.apache.ratis.server.impl.LeaderElection.askForVotes(LeaderElection.java:197)
	at org.apache.ratis.server.impl.LeaderElection.run(LeaderElection.java:133)
	at java.lang.Thread.run(Thread.java:748)
Caused by: org.apache.ratis.thirdparty.io.grpc.StatusRuntimeException: UNAVAILABLE: io exception
	at org.apache.ratis.thirdparty.io.grpc.stub.ClientCalls.toStatusRuntimeException(ClientCalls.java:233)
	at org.apache.ratis.thirdparty.io.grpc.stub.ClientCalls.getUnchecked(ClientCalls.java:214)
	at org.apache.ratis.thirdparty.io.grpc.stub.ClientCalls.blockingUnaryCall(ClientCalls.java:139)
	at org.apache.ratis.proto.grpc.RaftServerProtocolServiceGrpc$RaftServerProtocolServiceBlockingStub.requestVote(RaftServerProtocolServiceGrpc.java:265)
	at org.apache.ratis.grpc.server.GrpcServerProtocolClient.requestVote(GrpcServerProtocolClient.java:99)
	at org.apache.ratis.grpc.server.GrpcService.requestVote(GrpcService.java:204)
	at org.apache.ratis.server.impl.LeaderElection.lambda$submitRequests$1(LeaderElection.java:234)
	at java.util.concurrent.FutureTask.run(FutureTask.java:266)
	at java.util.concurrent.Executors$RunnableAdapter.call(Executors.java:511)
	at java.util.concurrent.FutureTask.run(FutureTask.java:266)
	at java.util.concurrent.ThreadPoolExecutor.runWorker(ThreadPoolExecutor.java:1149)
	at java.util.concurrent.ThreadPoolExecutor$Worker.run(ThreadPoolExecutor.java:624)
	... 1 more
Caused by: org.apache.ratis.thirdparty.io.netty.channel.AbstractChannel$AnnotatedConnectException: Connection refused: /192.168.69.71:32925
	at sun.nio.ch.SocketChannelImpl.checkConnect(Native Method)
	at sun.nio.ch.SocketChannelImpl.finishConnect(SocketChannelImpl.java:717)
	at org.apache.ratis.thirdparty.io.netty.channel.socket.nio.NioSocketChannel.doFinishConnect(NioSocketChannel.java:327)
	at org.apache.ratis.thirdparty.io.netty.channel.nio.AbstractNioChannel$AbstractNioUnsafe.finishConnect(AbstractNioChannel.java:340)
	at org.apache.ratis.thirdparty.io.netty.channel.nio.NioEventLoop.processSelectedKey(NioEventLoop.java:632)
	at org.apache.ratis.thirdparty.io.netty.channel.nio.NioEventLoop.processSelectedKeysOptimized(NioEventLoop.java:579)
	at org.apache.ratis.thirdparty.io.netty.channel.nio.NioEventLoop.processSelectedKeys(NioEventLoop.java:496)
	at org.apache.ratis.thirdparty.io.netty.channel.nio.NioEventLoop.run(NioEventLoop.java:458)
	at org.apache.ratis.thirdparty.io.netty.util.concurrent.SingleThreadEventExecutor$5.run(SingleThreadEventExecutor.java:897)
	at org.apache.ratis.thirdparty.io.netty.util.concurrent.FastThreadLocalRunnable.run(FastThreadLocalRunnable.java:30)
	... 1 more
Caused by: java.net.ConnectException: Connection refused
	... 11 more
2019-10-19 01:15:06,380 [61d0b7dc-5f8b-422f-8693-c58167224d24@group-20FCFA0487C4-LeaderElection1020] INFO  impl.LeaderElection (LogUtils.java:infoOrTrace(149)) -   Exception 1: {}
java.util.concurrent.ExecutionException: org.apache.ratis.thirdparty.io.grpc.StatusRuntimeException: UNAVAILABLE: io exception
	at java.util.concurrent.FutureTask.report(FutureTask.java:122)
	at java.util.concurrent.FutureTask.get(FutureTask.java:192)
	at org.apache.ratis.server.impl.LeaderElection.waitForResults(LeaderElection.java:259)
	at org.apache.ratis.server.impl.LeaderElection.askForVotes(LeaderElection.java:197)
	at org.apache.ratis.server.impl.LeaderElection.run(LeaderElection.java:133)
	at java.lang.Thread.run(Thread.java:748)
Caused by: org.apache.ratis.thirdparty.io.grpc.StatusRuntimeException: UNAVAILABLE: io exception
	at org.apache.ratis.thirdparty.io.grpc.stub.ClientCalls.toStatusRuntimeException(ClientCalls.java:233)
	at org.apache.ratis.thirdparty.io.grpc.stub.ClientCalls.getUnchecked(ClientCalls.java:214)
	at org.apache.ratis.thirdparty.io.grpc.stub.ClientCalls.blockingUnaryCall(ClientCalls.java:139)
	at org.apache.ratis.proto.grpc.RaftServerProtocolServiceGrpc$RaftServerProtocolServiceBlockingStub.requestVote(RaftServerProtocolServiceGrpc.java:265)
	at org.apache.ratis.grpc.server.GrpcServerProtocolClient.requestVote(GrpcServerProtocolClient.java:99)
	at org.apache.ratis.grpc.server.GrpcService.requestVote(GrpcService.java:204)
	at org.apache.ratis.server.impl.LeaderElection.lambda$submitRequests$1(LeaderElection.java:234)
	at java.util.concurrent.FutureTask.run(FutureTask.java:266)
	at java.util.concurrent.Executors$RunnableAdapter.call(Executors.java:511)
	at java.util.concurrent.FutureTask.run(FutureTask.java:266)
	at java.util.concurrent.ThreadPoolExecutor.runWorker(ThreadPoolExecutor.java:1149)
	at java.util.concurrent.ThreadPoolExecutor$Worker.run(ThreadPoolExecutor.java:624)
	... 1 more
Caused by: org.apache.ratis.thirdparty.io.netty.channel.AbstractChannel$AnnotatedConnectException: Connection refused: /192.168.69.71:35462
	at sun.nio.ch.SocketChannelImpl.checkConnect(Native Method)
	at sun.nio.ch.SocketChannelImpl.finishConnect(SocketChannelImpl.java:717)
	at org.apache.ratis.thirdparty.io.netty.channel.socket.nio.NioSocketChannel.doFinishConnect(NioSocketChannel.java:327)
	at org.apache.ratis.thirdparty.io.netty.channel.nio.AbstractNioChannel$AbstractNioUnsafe.finishConnect(AbstractNioChannel.java:340)
	at org.apache.ratis.thirdparty.io.netty.channel.nio.NioEventLoop.processSelectedKey(NioEventLoop.java:632)
	at org.apache.ratis.thirdparty.io.netty.channel.nio.NioEventLoop.processSelectedKeysOptimized(NioEventLoop.java:579)
	at org.apache.ratis.thirdparty.io.netty.channel.nio.NioEventLoop.processSelectedKeys(NioEventLoop.java:496)
	at org.apache.ratis.thirdparty.io.netty.channel.nio.NioEventLoop.run(NioEventLoop.java:458)
	at org.apache.ratis.thirdparty.io.netty.util.concurrent.SingleThreadEventExecutor$5.run(SingleThreadEventExecutor.java:897)
	at org.apache.ratis.thirdparty.io.netty.util.concurrent.FastThreadLocalRunnable.run(FastThreadLocalRunnable.java:30)
	... 1 more
Caused by: java.net.ConnectException: Connection refused
	... 11 more
2019-10-19 01:15:06,381 [61d0b7dc-5f8b-422f-8693-c58167224d24@group-20FCFA0487C4-LeaderElection1020] INFO  impl.RaftServerImpl (RaftServerImpl.java:setRole(184)) - 61d0b7dc-5f8b-422f-8693-c58167224d24@group-20FCFA0487C4: changes role from CANDIDATE to FOLLOWER at term 194 for DISCOVERED_A_NEW_TERM
2019-10-19 01:15:06,381 [61d0b7dc-5f8b-422f-8693-c58167224d24@group-20FCFA0487C4-LeaderElection1020] INFO  impl.RoleInfo (RoleInfo.java:shutdownLeaderElection(134)) - 61d0b7dc-5f8b-422f-8693-c58167224d24: shutdown LeaderElection
2019-10-19 01:15:06,381 [61d0b7dc-5f8b-422f-8693-c58167224d24@group-20FCFA0487C4-LeaderElection1020] INFO  impl.RoleInfo (RoleInfo.java:updateAndGet(143)) - 61d0b7dc-5f8b-422f-8693-c58167224d24: start FollowerState
2019-10-19 01:15:06,882 [java.util.concurrent.ThreadPoolExecutor$Worker@9a1e533[State = -1, empty queue]] WARN  server.GrpcLogAppender (GrpcLogAppender.java:timeoutAppendRequest(209)) - 61d14648-e80d-4cd8-9e7c-6deb2f21aca8@group-A3037D40E172->f143d5cf-4038-4fa8-8601-f5a45f16ca3e-GrpcLogAppender: appendEntries Timeout, request=61d14648-e80d-4cd8-9e7c-6deb2f21aca8->f143d5cf-4038-4fa8-8601-f5a45f16ca3e#3-t235, previous=(t:2, i:0), leaderCommit=2, initializing? false, entries: <empty>
2019-10-19 01:15:07,392 [Thread-9126] INFO  impl.FollowerState (FollowerState.java:run(108)) - 61d0b7dc-5f8b-422f-8693-c58167224d24@group-20FCFA0487C4-FollowerState: change to CANDIDATE, lastRpcTime:1011ms, electionTimeout:1011ms
2019-10-19 01:15:07,393 [Thread-9126] INFO  impl.RoleInfo (RoleInfo.java:shutdownFollowerState(121)) - 61d0b7dc-5f8b-422f-8693-c58167224d24: shutdown FollowerState
2019-10-19 01:15:07,393 [Thread-9126] INFO  impl.RaftServerImpl (RaftServerImpl.java:setRole(184)) - 61d0b7dc-5f8b-422f-8693-c58167224d24@group-20FCFA0487C4: changes role from  FOLLOWER to CANDIDATE at term 194 for changeToCandidate
2019-10-19 01:15:07,394 [Thread-9126] INFO  impl.RoleInfo (RoleInfo.java:updateAndGet(143)) - 61d0b7dc-5f8b-422f-8693-c58167224d24: start LeaderElection
2019-10-19 01:15:07,409 [61d0b7dc-5f8b-422f-8693-c58167224d24@group-20FCFA0487C4-LeaderElection1021] INFO  impl.LeaderElection (LeaderElection.java:askForVotes(178)) - 61d0b7dc-5f8b-422f-8693-c58167224d24@group-20FCFA0487C4-LeaderElection1021: begin an election at term 195 for 1: [88be3607-7667-471c-9070-7dfd13eb5ac8:192.168.69.71:32925, 9c2d914d-67b1-4af9-8080-4d6ee007b506:192.168.69.71:35462, 61d0b7dc-5f8b-422f-8693-c58167224d24:192.168.69.71:43479], old=null
2019-10-19 01:15:07,410 [61d0b7dc-5f8b-422f-8693-c58167224d24@group-20FCFA0487C4-LeaderElection1021] INFO  impl.LeaderElection (LogUtils.java:infoOrTrace(149)) - 61d0b7dc-5f8b-422f-8693-c58167224d24@group-20FCFA0487C4-LeaderElection1021 got exception when requesting votes: {}
java.util.concurrent.ExecutionException: org.apache.ratis.thirdparty.io.grpc.StatusRuntimeException: UNAVAILABLE: io exception
	at java.util.concurrent.FutureTask.report(FutureTask.java:122)
	at java.util.concurrent.FutureTask.get(FutureTask.java:192)
	at org.apache.ratis.server.impl.LeaderElection.waitForResults(LeaderElection.java:259)
	at org.apache.ratis.server.impl.LeaderElection.askForVotes(LeaderElection.java:197)
	at org.apache.ratis.server.impl.LeaderElection.run(LeaderElection.java:133)
	at java.lang.Thread.run(Thread.java:748)
Caused by: org.apache.ratis.thirdparty.io.grpc.StatusRuntimeException: UNAVAILABLE: io exception
	at org.apache.ratis.thirdparty.io.grpc.stub.ClientCalls.toStatusRuntimeException(ClientCalls.java:233)
	at org.apache.ratis.thirdparty.io.grpc.stub.ClientCalls.getUnchecked(ClientCalls.java:214)
	at org.apache.ratis.thirdparty.io.grpc.stub.ClientCalls.blockingUnaryCall(ClientCalls.java:139)
	at org.apache.ratis.proto.grpc.RaftServerProtocolServiceGrpc$RaftServerProtocolServiceBlockingStub.requestVote(RaftServerProtocolServiceGrpc.java:265)
	at org.apache.ratis.grpc.server.GrpcServerProtocolClient.requestVote(GrpcServerProtocolClient.java:99)
	at org.apache.ratis.grpc.server.GrpcService.requestVote(GrpcService.java:204)
	at org.apache.ratis.server.impl.LeaderElection.lambda$submitRequests$1(LeaderElection.java:234)
	at java.util.concurrent.FutureTask.run(FutureTask.java:266)
	at java.util.concurrent.Executors$RunnableAdapter.call(Executors.java:511)
	at java.util.concurrent.FutureTask.run(FutureTask.java:266)
	at java.util.concurrent.ThreadPoolExecutor.runWorker(ThreadPoolExecutor.java:1149)
	at java.util.concurrent.ThreadPoolExecutor$Worker.run(ThreadPoolExecutor.java:624)
	... 1 more
Caused by: org.apache.ratis.thirdparty.io.netty.channel.AbstractChannel$AnnotatedConnectException: Connection refused: /192.168.69.71:32925
	at sun.nio.ch.SocketChannelImpl.checkConnect(Native Method)
	at sun.nio.ch.SocketChannelImpl.finishConnect(SocketChannelImpl.java:717)
	at org.apache.ratis.thirdparty.io.netty.channel.socket.nio.NioSocketChannel.doFinishConnect(NioSocketChannel.java:327)
	at org.apache.ratis.thirdparty.io.netty.channel.nio.AbstractNioChannel$AbstractNioUnsafe.finishConnect(AbstractNioChannel.java:340)
	at org.apache.ratis.thirdparty.io.netty.channel.nio.NioEventLoop.processSelectedKey(NioEventLoop.java:632)
	at org.apache.ratis.thirdparty.io.netty.channel.nio.NioEventLoop.processSelectedKeysOptimized(NioEventLoop.java:579)
	at org.apache.ratis.thirdparty.io.netty.channel.nio.NioEventLoop.processSelectedKeys(NioEventLoop.java:496)
	at org.apache.ratis.thirdparty.io.netty.channel.nio.NioEventLoop.run(NioEventLoop.java:458)
	at org.apache.ratis.thirdparty.io.netty.util.concurrent.SingleThreadEventExecutor$5.run(SingleThreadEventExecutor.java:897)
	at org.apache.ratis.thirdparty.io.netty.util.concurrent.FastThreadLocalRunnable.run(FastThreadLocalRunnable.java:30)
	... 1 more
Caused by: java.net.ConnectException: Connection refused
	... 11 more
2019-10-19 01:15:07,411 [61d0b7dc-5f8b-422f-8693-c58167224d24@group-20FCFA0487C4-LeaderElection1021] INFO  impl.LeaderElection (LogUtils.java:infoOrTrace(149)) - 61d0b7dc-5f8b-422f-8693-c58167224d24@group-20FCFA0487C4-LeaderElection1021 got exception when requesting votes: {}
java.util.concurrent.ExecutionException: org.apache.ratis.thirdparty.io.grpc.StatusRuntimeException: UNAVAILABLE: io exception
	at java.util.concurrent.FutureTask.report(FutureTask.java:122)
	at java.util.concurrent.FutureTask.get(FutureTask.java:192)
	at org.apache.ratis.server.impl.LeaderElection.waitForResults(LeaderElection.java:259)
	at org.apache.ratis.server.impl.LeaderElection.askForVotes(LeaderElection.java:197)
	at org.apache.ratis.server.impl.LeaderElection.run(LeaderElection.java:133)
	at java.lang.Thread.run(Thread.java:748)
Caused by: org.apache.ratis.thirdparty.io.grpc.StatusRuntimeException: UNAVAILABLE: io exception
	at org.apache.ratis.thirdparty.io.grpc.stub.ClientCalls.toStatusRuntimeException(ClientCalls.java:233)
	at org.apache.ratis.thirdparty.io.grpc.stub.ClientCalls.getUnchecked(ClientCalls.java:214)
	at org.apache.ratis.thirdparty.io.grpc.stub.ClientCalls.blockingUnaryCall(ClientCalls.java:139)
	at org.apache.ratis.proto.grpc.RaftServerProtocolServiceGrpc$RaftServerProtocolServiceBlockingStub.requestVote(RaftServerProtocolServiceGrpc.java:265)
	at org.apache.ratis.grpc.server.GrpcServerProtocolClient.requestVote(GrpcServerProtocolClient.java:99)
	at org.apache.ratis.grpc.server.GrpcService.requestVote(GrpcService.java:204)
	at org.apache.ratis.server.impl.LeaderElection.lambda$submitRequests$1(LeaderElection.java:234)
	at java.util.concurrent.FutureTask.run(FutureTask.java:266)
	at java.util.concurrent.Executors$RunnableAdapter.call(Executors.java:511)
	at java.util.concurrent.FutureTask.run(FutureTask.java:266)
	at java.util.concurrent.ThreadPoolExecutor.runWorker(ThreadPoolExecutor.java:1149)
	at java.util.concurrent.ThreadPoolExecutor$Worker.run(ThreadPoolExecutor.java:624)
	... 1 more
Caused by: org.apache.ratis.thirdparty.io.netty.channel.AbstractChannel$AnnotatedConnectException: Connection refused: /192.168.69.71:35462
	at sun.nio.ch.SocketChannelImpl.checkConnect(Native Method)
	at sun.nio.ch.SocketChannelImpl.finishConnect(SocketChannelImpl.java:717)
	at org.apache.ratis.thirdparty.io.netty.channel.socket.nio.NioSocketChannel.doFinishConnect(NioSocketChannel.java:327)
	at org.apache.ratis.thirdparty.io.netty.channel.nio.AbstractNioChannel$AbstractNioUnsafe.finishConnect(AbstractNioChannel.java:340)
	at org.apache.ratis.thirdparty.io.netty.channel.nio.NioEventLoop.processSelectedKey(NioEventLoop.java:632)
	at org.apache.ratis.thirdparty.io.netty.channel.nio.NioEventLoop.processSelectedKeysOptimized(NioEventLoop.java:579)
	at org.apache.ratis.thirdparty.io.netty.channel.nio.NioEventLoop.processSelectedKeys(NioEventLoop.java:496)
	at org.apache.ratis.thirdparty.io.netty.channel.nio.NioEventLoop.run(NioEventLoop.java:458)
	at org.apache.ratis.thirdparty.io.netty.util.concurrent.SingleThreadEventExecutor$5.run(SingleThreadEventExecutor.java:897)
	at org.apache.ratis.thirdparty.io.netty.util.concurrent.FastThreadLocalRunnable.run(FastThreadLocalRunnable.java:30)
	... 1 more
Caused by: java.net.ConnectException: Connection refused
	... 11 more
2019-10-19 01:15:07,412 [61d0b7dc-5f8b-422f-8693-c58167224d24@group-20FCFA0487C4-LeaderElection1021] INFO  impl.LeaderElection (LeaderElection.java:logAndReturn(56)) - 61d0b7dc-5f8b-422f-8693-c58167224d24@group-20FCFA0487C4-LeaderElection1021: Election REJECTED; received 0 response(s) [] and 2 exception(s); 61d0b7dc-5f8b-422f-8693-c58167224d24@group-20FCFA0487C4:t195, leader=null, voted=61d0b7dc-5f8b-422f-8693-c58167224d24, raftlog=61d0b7dc-5f8b-422f-8693-c58167224d24@group-20FCFA0487C4-SegmentedRaftLog:OPENED:c2,f2,i2, conf=1: [88be3607-7667-471c-9070-7dfd13eb5ac8:192.168.69.71:32925, 9c2d914d-67b1-4af9-8080-4d6ee007b506:192.168.69.71:35462, 61d0b7dc-5f8b-422f-8693-c58167224d24:192.168.69.71:43479], old=null
2019-10-19 01:15:07,412 [61d0b7dc-5f8b-422f-8693-c58167224d24@group-20FCFA0487C4-LeaderElection1021] INFO  impl.LeaderElection (LogUtils.java:infoOrTrace(149)) -   Exception 0: {}
java.util.concurrent.ExecutionException: org.apache.ratis.thirdparty.io.grpc.StatusRuntimeException: UNAVAILABLE: io exception
	at java.util.concurrent.FutureTask.report(FutureTask.java:122)
	at java.util.concurrent.FutureTask.get(FutureTask.java:192)
	at org.apache.ratis.server.impl.LeaderElection.waitForResults(LeaderElection.java:259)
	at org.apache.ratis.server.impl.LeaderElection.askForVotes(LeaderElection.java:197)
	at org.apache.ratis.server.impl.LeaderElection.run(LeaderElection.java:133)
	at java.lang.Thread.run(Thread.java:748)
Caused by: org.apache.ratis.thirdparty.io.grpc.StatusRuntimeException: UNAVAILABLE: io exception
	at org.apache.ratis.thirdparty.io.grpc.stub.ClientCalls.toStatusRuntimeException(ClientCalls.java:233)
	at org.apache.ratis.thirdparty.io.grpc.stub.ClientCalls.getUnchecked(ClientCalls.java:214)
	at org.apache.ratis.thirdparty.io.grpc.stub.ClientCalls.blockingUnaryCall(ClientCalls.java:139)
	at org.apache.ratis.proto.grpc.RaftServerProtocolServiceGrpc$RaftServerProtocolServiceBlockingStub.requestVote(RaftServerProtocolServiceGrpc.java:265)
	at org.apache.ratis.grpc.server.GrpcServerProtocolClient.requestVote(GrpcServerProtocolClient.java:99)
	at org.apache.ratis.grpc.server.GrpcService.requestVote(GrpcService.java:204)
	at org.apache.ratis.server.impl.LeaderElection.lambda$submitRequests$1(LeaderElection.java:234)
	at java.util.concurrent.FutureTask.run(FutureTask.java:266)
	at java.util.concurrent.Executors$RunnableAdapter.call(Executors.java:511)
	at java.util.concurrent.FutureTask.run(FutureTask.java:266)
	at java.util.concurrent.ThreadPoolExecutor.runWorker(ThreadPoolExecutor.java:1149)
	at java.util.concurrent.ThreadPoolExecutor$Worker.run(ThreadPoolExecutor.java:624)
	... 1 more
Caused by: org.apache.ratis.thirdparty.io.netty.channel.AbstractChannel$AnnotatedConnectException: Connection refused: /192.168.69.71:32925
	at sun.nio.ch.SocketChannelImpl.checkConnect(Native Method)
	at sun.nio.ch.SocketChannelImpl.finishConnect(SocketChannelImpl.java:717)
	at org.apache.ratis.thirdparty.io.netty.channel.socket.nio.NioSocketChannel.doFinishConnect(NioSocketChannel.java:327)
	at org.apache.ratis.thirdparty.io.netty.channel.nio.AbstractNioChannel$AbstractNioUnsafe.finishConnect(AbstractNioChannel.java:340)
	at org.apache.ratis.thirdparty.io.netty.channel.nio.NioEventLoop.processSelectedKey(NioEventLoop.java:632)
	at org.apache.ratis.thirdparty.io.netty.channel.nio.NioEventLoop.processSelectedKeysOptimized(NioEventLoop.java:579)
	at org.apache.ratis.thirdparty.io.netty.channel.nio.NioEventLoop.processSelectedKeys(NioEventLoop.java:496)
	at org.apache.ratis.thirdparty.io.netty.channel.nio.NioEventLoop.run(NioEventLoop.java:458)
	at org.apache.ratis.thirdparty.io.netty.util.concurrent.SingleThreadEventExecutor$5.run(SingleThreadEventExecutor.java:897)
	at org.apache.ratis.thirdparty.io.netty.util.concurrent.FastThreadLocalRunnable.run(FastThreadLocalRunnable.java:30)
	... 1 more
Caused by: java.net.ConnectException: Connection refused
	... 11 more
2019-10-19 01:15:07,412 [61d0b7dc-5f8b-422f-8693-c58167224d24@group-20FCFA0487C4-LeaderElection1021] INFO  impl.LeaderElection (LogUtils.java:infoOrTrace(149)) -   Exception 1: {}
java.util.concurrent.ExecutionException: org.apache.ratis.thirdparty.io.grpc.StatusRuntimeException: UNAVAILABLE: io exception
	at java.util.concurrent.FutureTask.report(FutureTask.java:122)
	at java.util.concurrent.FutureTask.get(FutureTask.java:192)
	at org.apache.ratis.server.impl.LeaderElection.waitForResults(LeaderElection.java:259)
	at org.apache.ratis.server.impl.LeaderElection.askForVotes(LeaderElection.java:197)
	at org.apache.ratis.server.impl.LeaderElection.run(LeaderElection.java:133)
	at java.lang.Thread.run(Thread.java:748)
Caused by: org.apache.ratis.thirdparty.io.grpc.StatusRuntimeException: UNAVAILABLE: io exception
	at org.apache.ratis.thirdparty.io.grpc.stub.ClientCalls.toStatusRuntimeException(ClientCalls.java:233)
	at org.apache.ratis.thirdparty.io.grpc.stub.ClientCalls.getUnchecked(ClientCalls.java:214)
	at org.apache.ratis.thirdparty.io.grpc.stub.ClientCalls.blockingUnaryCall(ClientCalls.java:139)
	at org.apache.ratis.proto.grpc.RaftServerProtocolServiceGrpc$RaftServerProtocolServiceBlockingStub.requestVote(RaftServerProtocolServiceGrpc.java:265)
	at org.apache.ratis.grpc.server.GrpcServerProtocolClient.requestVote(GrpcServerProtocolClient.java:99)
	at org.apache.ratis.grpc.server.GrpcService.requestVote(GrpcService.java:204)
	at org.apache.ratis.server.impl.LeaderElection.lambda$submitRequests$1(LeaderElection.java:234)
	at java.util.concurrent.FutureTask.run(FutureTask.java:266)
	at java.util.concurrent.Executors$RunnableAdapter.call(Executors.java:511)
	at java.util.concurrent.FutureTask.run(FutureTask.java:266)
	at java.util.concurrent.ThreadPoolExecutor.runWorker(ThreadPoolExecutor.java:1149)
	at java.util.concurrent.ThreadPoolExecutor$Worker.run(ThreadPoolExecutor.java:624)
	... 1 more
Caused by: org.apache.ratis.thirdparty.io.netty.channel.AbstractChannel$AnnotatedConnectException: Connection refused: /192.168.69.71:35462
	at sun.nio.ch.SocketChannelImpl.checkConnect(Native Method)
	at sun.nio.ch.SocketChannelImpl.finishConnect(SocketChannelImpl.java:717)
	at org.apache.ratis.thirdparty.io.netty.channel.socket.nio.NioSocketChannel.doFinishConnect(NioSocketChannel.java:327)
	at org.apache.ratis.thirdparty.io.netty.channel.nio.AbstractNioChannel$AbstractNioUnsafe.finishConnect(AbstractNioChannel.java:340)
	at org.apache.ratis.thirdparty.io.netty.channel.nio.NioEventLoop.processSelectedKey(NioEventLoop.java:632)
	at org.apache.ratis.thirdparty.io.netty.channel.nio.NioEventLoop.processSelectedKeysOptimized(NioEventLoop.java:579)
	at org.apache.ratis.thirdparty.io.netty.channel.nio.NioEventLoop.processSelectedKeys(NioEventLoop.java:496)
	at org.apache.ratis.thirdparty.io.netty.channel.nio.NioEventLoop.run(NioEventLoop.java:458)
	at org.apache.ratis.thirdparty.io.netty.util.concurrent.SingleThreadEventExecutor$5.run(SingleThreadEventExecutor.java:897)
	at org.apache.ratis.thirdparty.io.netty.util.concurrent.FastThreadLocalRunnable.run(FastThreadLocalRunnable.java:30)
	... 1 more
Caused by: java.net.ConnectException: Connection refused
	... 11 more
2019-10-19 01:15:07,413 [61d0b7dc-5f8b-422f-8693-c58167224d24@group-20FCFA0487C4-LeaderElection1021] INFO  impl.RaftServerImpl (RaftServerImpl.java:setRole(184)) - 61d0b7dc-5f8b-422f-8693-c58167224d24@group-20FCFA0487C4: changes role from CANDIDATE to FOLLOWER at term 195 for DISCOVERED_A_NEW_TERM
2019-10-19 01:15:07,413 [61d0b7dc-5f8b-422f-8693-c58167224d24@group-20FCFA0487C4-LeaderElection1021] INFO  impl.RoleInfo (RoleInfo.java:shutdownLeaderElection(134)) - 61d0b7dc-5f8b-422f-8693-c58167224d24: shutdown LeaderElection
2019-10-19 01:15:07,413 [61d0b7dc-5f8b-422f-8693-c58167224d24@group-20FCFA0487C4-LeaderElection1021] INFO  impl.RoleInfo (RoleInfo.java:updateAndGet(143)) - 61d0b7dc-5f8b-422f-8693-c58167224d24: start FollowerState
2019-10-19 01:15:07,942 [ForkJoinPool.commonPool-worker-1] INFO  ozoneimpl.OzoneContainer (OzoneContainer.java:stop(227)) - Attempting to stop container services.
2019-10-19 01:15:07,943 [ForkJoinPool.commonPool-worker-1] INFO  impl.RaftServerProxy (RaftServerProxy.java:lambda$close$4(314)) - 61d0b7dc-5f8b-422f-8693-c58167224d24: close
2019-10-19 01:15:07,943 [ForkJoinPool.commonPool-worker-1] INFO  impl.RaftServerImpl (RaftServerImpl.java:lambda$shutdown$3(261)) - 61d0b7dc-5f8b-422f-8693-c58167224d24@group-20FCFA0487C4: shutdown
2019-10-19 01:15:07,944 [ForkJoinPool.commonPool-worker-1] INFO  util.JmxRegister (JmxRegister.java:unregister(73)) - Successfully un-registered JMX Bean with object name Ratis:service=RaftServer,group=group-20FCFA0487C4,id=61d0b7dc-5f8b-422f-8693-c58167224d24
2019-10-19 01:15:07,944 [ForkJoinPool.commonPool-worker-1] INFO  impl.RoleInfo (RoleInfo.java:shutdownFollowerState(121)) - 61d0b7dc-5f8b-422f-8693-c58167224d24: shutdown FollowerState
2019-10-19 01:15:07,944 [ForkJoinPool.commonPool-worker-1] INFO  impl.StateMachineUpdater (StateMachineUpdater.java:stopAndJoin(136)) - 61d0b7dc-5f8b-422f-8693-c58167224d24@group-20FCFA0487C4-StateMachineUpdater: set stopIndex = 2
2019-10-19 01:15:07,944 [Thread-9132] INFO  impl.FollowerState (FollowerState.java:run(117)) - 61d0b7dc-5f8b-422f-8693-c58167224d24@group-20FCFA0487C4-FollowerState was interrupted: java.lang.InterruptedException: sleep interrupted
2019-10-19 01:15:07,946 [ForkJoinPool.commonPool-worker-1] INFO  impl.RaftServerImpl (ServerState.java:close(388)) - 61d0b7dc-5f8b-422f-8693-c58167224d24@group-20FCFA0487C4: closes. applyIndex: 2
2019-10-19 01:15:07,946 [61d0b7dc-5f8b-422f-8693-c58167224d24@group-20FCFA0487C4-SegmentedRaftLogWorker] INFO  segmented.SegmentedRaftLogWorker (SegmentedRaftLogWorker.java:run(316)) - 61d0b7dc-5f8b-422f-8693-c58167224d24@group-20FCFA0487C4-SegmentedRaftLogWorker was interrupted, exiting. There are 0 tasks remaining in the queue.
2019-10-19 01:15:07,947 [ForkJoinPool.commonPool-worker-1] INFO  segmented.SegmentedRaftLogWorker (SegmentedRaftLogWorker.java:close(224)) - 61d0b7dc-5f8b-422f-8693-c58167224d24@group-20FCFA0487C4-SegmentedRaftLogWorker close()
2019-10-19 01:15:07,952 [ForkJoinPool.commonPool-worker-1] INFO  impl.RaftServerImpl (RaftServerImpl.java:lambda$shutdown$3(261)) - 61d0b7dc-5f8b-422f-8693-c58167224d24@group-980D17AA54B4: shutdown
2019-10-19 01:15:07,952 [main] INFO  ozoneimpl.OzoneContainer (OzoneContainer.java:stop(227)) - Attempting to stop container services.
2019-10-19 01:15:07,952 [ForkJoinPool.commonPool-worker-1] INFO  util.JmxRegister (JmxRegister.java:unregister(73)) - Successfully un-registered JMX Bean with object name Ratis:service=RaftServer,group=group-980D17AA54B4,id=61d0b7dc-5f8b-422f-8693-c58167224d24
2019-10-19 01:15:07,953 [main] INFO  impl.RaftServerProxy (RaftServerProxy.java:lambda$close$4(314)) - 61d14648-e80d-4cd8-9e7c-6deb2f21aca8: close
2019-10-19 01:15:07,953 [ForkJoinPool.commonPool-worker-1] INFO  impl.RoleInfo (RoleInfo.java:shutdownLeaderState(104)) - 61d0b7dc-5f8b-422f-8693-c58167224d24: shutdown LeaderState
2019-10-19 01:15:07,956 [main] INFO  impl.RaftServerImpl (RaftServerImpl.java:lambda$shutdown$3(261)) - 61d14648-e80d-4cd8-9e7c-6deb2f21aca8@group-AF1775C7CE43: shutdown
2019-10-19 01:15:07,956 [ForkJoinPool.commonPool-worker-1] INFO  impl.PendingRequests (PendingRequests.java:sendNotLeaderResponses(202)) - 61d0b7dc-5f8b-422f-8693-c58167224d24@group-980D17AA54B4-PendingRequests: sendNotLeaderResponses
2019-10-19 01:15:07,956 [main] INFO  util.JmxRegister (JmxRegister.java:unregister(73)) - Successfully un-registered JMX Bean with object name Ratis:service=RaftServer,group=group-AF1775C7CE43,id=61d14648-e80d-4cd8-9e7c-6deb2f21aca8
2019-10-19 01:15:07,957 [main] INFO  impl.RoleInfo (RoleInfo.java:shutdownLeaderState(104)) - 61d14648-e80d-4cd8-9e7c-6deb2f21aca8: shutdown LeaderState
2019-10-19 01:15:07,957 [ForkJoinPool.commonPool-worker-1] INFO  impl.StateMachineUpdater (StateMachineUpdater.java:stopAndJoin(136)) - 61d0b7dc-5f8b-422f-8693-c58167224d24@group-980D17AA54B4-StateMachineUpdater: set stopIndex = 0
2019-10-19 01:15:07,957 [main] INFO  impl.PendingRequests (PendingRequests.java:sendNotLeaderResponses(202)) - 61d14648-e80d-4cd8-9e7c-6deb2f21aca8@group-AF1775C7CE43-PendingRequests: sendNotLeaderResponses
2019-10-19 01:15:07,957 [ForkJoinPool.commonPool-worker-1] INFO  impl.RaftServerImpl (ServerState.java:close(388)) - 61d0b7dc-5f8b-422f-8693-c58167224d24@group-980D17AA54B4: closes. applyIndex: 0
2019-10-19 01:15:07,958 [main] INFO  impl.StateMachineUpdater (StateMachineUpdater.java:stopAndJoin(136)) - 61d14648-e80d-4cd8-9e7c-6deb2f21aca8@group-AF1775C7CE43-StateMachineUpdater: set stopIndex = 0
2019-10-19 01:15:07,958 [61d0b7dc-5f8b-422f-8693-c58167224d24@group-980D17AA54B4-SegmentedRaftLogWorker] INFO  segmented.SegmentedRaftLogWorker (SegmentedRaftLogWorker.java:run(316)) - 61d0b7dc-5f8b-422f-8693-c58167224d24@group-980D17AA54B4-SegmentedRaftLogWorker was interrupted, exiting. There are 0 tasks remaining in the queue.
2019-10-19 01:15:07,958 [main] INFO  impl.RaftServerImpl (ServerState.java:close(388)) - 61d14648-e80d-4cd8-9e7c-6deb2f21aca8@group-AF1775C7CE43: closes. applyIndex: 0
2019-10-19 01:15:07,958 [ForkJoinPool.commonPool-worker-1] INFO  segmented.SegmentedRaftLogWorker (SegmentedRaftLogWorker.java:close(224)) - 61d0b7dc-5f8b-422f-8693-c58167224d24@group-980D17AA54B4-SegmentedRaftLogWorker close()
2019-10-19 01:15:07,959 [61d14648-e80d-4cd8-9e7c-6deb2f21aca8@group-AF1775C7CE43-SegmentedRaftLogWorker] INFO  segmented.SegmentedRaftLogWorker (SegmentedRaftLogWorker.java:run(316)) - 61d14648-e80d-4cd8-9e7c-6deb2f21aca8@group-AF1775C7CE43-SegmentedRaftLogWorker was interrupted, exiting. There are 0 tasks remaining in the queue.
2019-10-19 01:15:07,962 [ForkJoinPool.commonPool-worker-1] INFO  server.GrpcService (GrpcService.java:closeImpl(164)) - 61d0b7dc-5f8b-422f-8693-c58167224d24: shutdown server with port 43479 now
2019-10-19 01:15:07,962 [main] INFO  segmented.SegmentedRaftLogWorker (SegmentedRaftLogWorker.java:close(224)) - 61d14648-e80d-4cd8-9e7c-6deb2f21aca8@group-AF1775C7CE43-SegmentedRaftLogWorker close()
2019-10-19 01:15:07,965 [main] INFO  impl.RaftServerImpl (RaftServerImpl.java:lambda$shutdown$3(261)) - 61d14648-e80d-4cd8-9e7c-6deb2f21aca8@group-A3037D40E172: shutdown
2019-10-19 01:15:07,965 [main] INFO  util.JmxRegister (JmxRegister.java:unregister(73)) - Successfully un-registered JMX Bean with object name Ratis:service=RaftServer,group=group-A3037D40E172,id=61d14648-e80d-4cd8-9e7c-6deb2f21aca8
2019-10-19 01:15:07,967 [ForkJoinPool.commonPool-worker-1] INFO  server.GrpcService (GrpcService.java:closeImpl(172)) - 61d0b7dc-5f8b-422f-8693-c58167224d24: shutdown server with port 43479 successfully
2019-10-19 01:15:07,967 [main] INFO  impl.RoleInfo (RoleInfo.java:shutdownLeaderState(104)) - 61d14648-e80d-4cd8-9e7c-6deb2f21aca8: shutdown LeaderState
2019-10-19 01:15:07,967 [main] INFO  impl.PendingRequests (PendingRequests.java:sendNotLeaderResponses(202)) - 61d14648-e80d-4cd8-9e7c-6deb2f21aca8@group-A3037D40E172-PendingRequests: sendNotLeaderResponses
2019-10-19 01:15:07,967 [org.apache.ratis.server.impl.LogAppender$AppenderDaemon$$Lambda$444/2145623288@7c79faec] WARN  server.GrpcLogAppender (GrpcLogAppender.java:mayWait(149)) - 61d14648-e80d-4cd8-9e7c-6deb2f21aca8@group-A3037D40E172->f143d5cf-4038-4fa8-8601-f5a45f16ca3e-GrpcLogAppender: Wait interrupted by java.lang.InterruptedException
2019-10-19 01:15:07,967 [org.apache.ratis.server.impl.LogAppender$AppenderDaemon$$Lambda$444/2145623288@4e77959] WARN  server.GrpcLogAppender (GrpcLogAppender.java:mayWait(149)) - 61d14648-e80d-4cd8-9e7c-6deb2f21aca8@group-A3037D40E172->2543ffea-c5c6-4af0-856f-eb846bad755a-GrpcLogAppender: Wait interrupted by java.lang.InterruptedException
2019-10-19 01:15:07,969 [main] INFO  impl.StateMachineUpdater (StateMachineUpdater.java:stopAndJoin(136)) - 61d14648-e80d-4cd8-9e7c-6deb2f21aca8@group-A3037D40E172-StateMachineUpdater: set stopIndex = 2
2019-10-19 01:15:07,970 [main] INFO  impl.RaftServerImpl (ServerState.java:close(388)) - 61d14648-e80d-4cd8-9e7c-6deb2f21aca8@group-A3037D40E172: closes. applyIndex: 2
2019-10-19 01:15:07,970 [61d14648-e80d-4cd8-9e7c-6deb2f21aca8@group-A3037D40E172-SegmentedRaftLogWorker] INFO  segmented.SegmentedRaftLogWorker (SegmentedRaftLogWorker.java:run(316)) - 61d14648-e80d-4cd8-9e7c-6deb2f21aca8@group-A3037D40E172-SegmentedRaftLogWorker was interrupted, exiting. There are 0 tasks remaining in the queue.
2019-10-19 01:15:07,971 [main] INFO  segmented.SegmentedRaftLogWorker (SegmentedRaftLogWorker.java:close(224)) - 61d14648-e80d-4cd8-9e7c-6deb2f21aca8@group-A3037D40E172-SegmentedRaftLogWorker close()
2019-10-19 01:15:07,971 [grpc-default-executor-5] INFO  server.GrpcServerProtocolService (GrpcServerProtocolService.java:onCompleted(113)) - 2543ffea-c5c6-4af0-856f-eb846bad755a: Completed APPEND_ENTRIES, lastRequest: 61d14648-e80d-4cd8-9e7c-6deb2f21aca8->2543ffea-c5c6-4af0-856f-eb846bad755a#28-t235, previous=(t:235, i:2), leaderCommit=2, initializing? false, entries: <empty>
2019-10-19 01:15:07,973 [main] INFO  server.GrpcService (GrpcService.java:closeImpl(164)) - 61d14648-e80d-4cd8-9e7c-6deb2f21aca8: shutdown server with port 42247 now
2019-10-19 01:15:07,975 [refreshUsed-/workdir/hadoop-ozone/integration-test/target/test-dir/MiniOzoneClusterImpl-2b25e22a-b484-4e93-9811-5f8cd4460e46/datanode-1/data/containers] WARN  fs.CachingGetSpaceUsed (CachingGetSpaceUsed.java:run(183)) - Thread Interrupted waiting to refresh disk information: sleep interrupted
2019-10-19 01:15:07,976 [grpc-default-executor-5] INFO  server.GrpcLogAppender (GrpcLogAppender.java:onCompleted(308)) - 61d14648-e80d-4cd8-9e7c-6deb2f21aca8@group-A3037D40E172->2543ffea-c5c6-4af0-856f-eb846bad755a-AppendLogResponseHandler: follower responses appendEntries COMPLETED
2019-10-19 01:15:07,978 [main] INFO  server.GrpcService (GrpcService.java:closeImpl(172)) - 61d14648-e80d-4cd8-9e7c-6deb2f21aca8: shutdown server with port 42247 successfully
2019-10-19 01:15:07,979 [grpc-default-executor-5] INFO  impl.FollowerInfo (FollowerInfo.java:lambda$new$0(51)) - 61d14648-e80d-4cd8-9e7c-6deb2f21aca8@group-A3037D40E172->2543ffea-c5c6-4af0-856f-eb846bad755a: nextIndex: updateUnconditionally 3 -> 2
2019-10-19 01:15:07,985 [refreshUsed-/workdir/hadoop-ozone/integration-test/target/test-dir/MiniOzoneClusterImpl-2b25e22a-b484-4e93-9811-5f8cd4460e46/datanode-9/data/containers] WARN  fs.CachingGetSpaceUsed (CachingGetSpaceUsed.java:run(183)) - Thread Interrupted waiting to refresh disk information: sleep interrupted
2019-10-19 01:15:07,999 [ForkJoinPool.commonPool-worker-1] INFO  utils.BackgroundService (BackgroundService.java:shutdown(151)) - Shutting down service BlockDeletingService
2019-10-19 01:15:08,002 [ForkJoinPool.commonPool-worker-1] INFO  statemachine.DatanodeStateMachine (DatanodeStateMachine.java:stopDaemon(395)) - Ozone container server stopped.
2019-10-19 01:15:08,004 [main] INFO  utils.BackgroundService (BackgroundService.java:shutdown(151)) - Shutting down service BlockDeletingService
2019-10-19 01:15:08,006 [main] INFO  statemachine.DatanodeStateMachine (DatanodeStateMachine.java:stopDaemon(395)) - Ozone container server stopped.
2019-10-19 01:15:08,006 [ForkJoinPool.commonPool-worker-1] INFO  handler.ContextHandler (ContextHandler.java:doStop(910)) - Stopped o.e.j.w.WebAppContext@69f080ad{/,null,UNAVAILABLE}{/hddsDatanode}
2019-10-19 01:15:08,006 [main] INFO  handler.ContextHandler (ContextHandler.java:doStop(910)) - Stopped o.e.j.w.WebAppContext@13ca16bf{/,null,UNAVAILABLE}{/hddsDatanode}
2019-10-19 01:15:08,007 [ForkJoinPool.commonPool-worker-1] INFO  server.AbstractConnector (AbstractConnector.java:doStop(318)) - Stopped ServerConnector@6568f998{HTTP/1.1,[http/1.1]}{0.0.0.0:0}
2019-10-19 01:15:08,007 [main] INFO  server.AbstractConnector (AbstractConnector.java:doStop(318)) - Stopped ServerConnector@5be4be74{HTTP/1.1,[http/1.1]}{0.0.0.0:0}
2019-10-19 01:15:08,008 [ForkJoinPool.commonPool-worker-1] INFO  handler.ContextHandler (ContextHandler.java:doStop(910)) - Stopped o.e.j.s.ServletContextHandler@333398f{/static,jar:file:/home/user/.m2/repository/org/apache/hadoop/hadoop-hdds-container-service/0.5.0-SNAPSHOT/hadoop-hdds-container-service-0.5.0-SNAPSHOT.jar!/webapps/static,UNAVAILABLE}
2019-10-19 01:15:08,008 [main] INFO  handler.ContextHandler (ContextHandler.java:doStop(910)) - Stopped o.e.j.s.ServletContextHandler@3855d9b2{/static,jar:file:/home/user/.m2/repository/org/apache/hadoop/hadoop-hdds-container-service/0.5.0-SNAPSHOT/hadoop-hdds-container-service-0.5.0-SNAPSHOT.jar!/webapps/static,UNAVAILABLE}
2019-10-19 01:15:08,010 [ForkJoinPool.commonPool-worker-1] INFO  handler.ContextHandler (ContextHandler.java:doStop(910)) - Stopped o.e.j.s.ServletContextHandler@9d3d54e{/logs,file:///workdir/hadoop-ozone/integration-test/target/log,UNAVAILABLE}
2019-10-19 01:15:08,010 [main] INFO  handler.ContextHandler (ContextHandler.java:doStop(910)) - Stopped o.e.j.s.ServletContextHandler@3719360c{/logs,file:///workdir/hadoop-ozone/integration-test/target/log,UNAVAILABLE}
2019-10-19 01:15:08,244 [Datanode State Machine Thread - 0] INFO  statemachine.DatanodeStateMachine (DatanodeStateMachine.java:lambda$startDaemon$0(350)) - Ozone container server started.
2019-10-19 01:15:09,571 [Thread-9041] INFO  impl.FollowerState (FollowerState.java:run(108)) - 2543ffea-c5c6-4af0-856f-eb846bad755a@group-A3037D40E172-FollowerState: change to CANDIDATE, lastRpcTime:1646ms, electionTimeout:1154ms
2019-10-19 01:15:09,572 [Thread-9041] INFO  impl.RoleInfo (RoleInfo.java:shutdownFollowerState(121)) - 2543ffea-c5c6-4af0-856f-eb846bad755a: shutdown FollowerState
2019-10-19 01:15:09,573 [Thread-9041] INFO  impl.RaftServerImpl (RaftServerImpl.java:setRole(184)) - 2543ffea-c5c6-4af0-856f-eb846bad755a@group-A3037D40E172: changes role from  FOLLOWER to CANDIDATE at term 235 for changeToCandidate
2019-10-19 01:15:09,573 [Thread-9041] INFO  impl.RoleInfo (RoleInfo.java:updateAndGet(143)) - 2543ffea-c5c6-4af0-856f-eb846bad755a: start LeaderElection
2019-10-19 01:15:09,574 [2543ffea-c5c6-4af0-856f-eb846bad755a@group-A3037D40E172-LeaderElection1022] INFO  impl.RaftServerImpl (ServerState.java:setLeader(256)) - 2543ffea-c5c6-4af0-856f-eb846bad755a@group-A3037D40E172: change Leader from 61d14648-e80d-4cd8-9e7c-6deb2f21aca8 to null at term 235 for initElection
2019-10-19 01:15:09,600 [2543ffea-c5c6-4af0-856f-eb846bad755a@group-A3037D40E172-LeaderElection1022] INFO  impl.LeaderElection (LeaderElection.java:askForVotes(178)) - 2543ffea-c5c6-4af0-856f-eb846bad755a@group-A3037D40E172-LeaderElection1022: begin an election at term 236 for 1: [f143d5cf-4038-4fa8-8601-f5a45f16ca3e:192.168.69.71:40169, 2543ffea-c5c6-4af0-856f-eb846bad755a:192.168.69.71:45287, 61d14648-e80d-4cd8-9e7c-6deb2f21aca8:192.168.69.71:42247], old=null
2019-10-19 01:15:09,602 [2543ffea-c5c6-4af0-856f-eb846bad755a@group-A3037D40E172-LeaderElection1022] INFO  impl.LeaderElection (LogUtils.java:infoOrTrace(149)) - 2543ffea-c5c6-4af0-856f-eb846bad755a@group-A3037D40E172-LeaderElection1022 got exception when requesting votes: {}
java.util.concurrent.ExecutionException: org.apache.ratis.thirdparty.io.grpc.StatusRuntimeException: UNAVAILABLE: io exception
	at java.util.concurrent.FutureTask.report(FutureTask.java:122)
	at java.util.concurrent.FutureTask.get(FutureTask.java:192)
	at org.apache.ratis.server.impl.LeaderElection.waitForResults(LeaderElection.java:259)
	at org.apache.ratis.server.impl.LeaderElection.askForVotes(LeaderElection.java:197)
	at org.apache.ratis.server.impl.LeaderElection.run(LeaderElection.java:133)
	at java.lang.Thread.run(Thread.java:748)
Caused by: org.apache.ratis.thirdparty.io.grpc.StatusRuntimeException: UNAVAILABLE: io exception
	at org.apache.ratis.thirdparty.io.grpc.stub.ClientCalls.toStatusRuntimeException(ClientCalls.java:233)
	at org.apache.ratis.thirdparty.io.grpc.stub.ClientCalls.getUnchecked(ClientCalls.java:214)
	at org.apache.ratis.thirdparty.io.grpc.stub.ClientCalls.blockingUnaryCall(ClientCalls.java:139)
	at org.apache.ratis.proto.grpc.RaftServerProtocolServiceGrpc$RaftServerProtocolServiceBlockingStub.requestVote(RaftServerProtocolServiceGrpc.java:265)
	at org.apache.ratis.grpc.server.GrpcServerProtocolClient.requestVote(GrpcServerProtocolClient.java:99)
	at org.apache.ratis.grpc.server.GrpcService.requestVote(GrpcService.java:204)
	at org.apache.ratis.server.impl.LeaderElection.lambda$submitRequests$1(LeaderElection.java:234)
	at java.util.concurrent.FutureTask.run(FutureTask.java:266)
	at java.util.concurrent.Executors$RunnableAdapter.call(Executors.java:511)
	at java.util.concurrent.FutureTask.run(FutureTask.java:266)
	at java.util.concurrent.ThreadPoolExecutor.runWorker(ThreadPoolExecutor.java:1149)
	at java.util.concurrent.ThreadPoolExecutor$Worker.run(ThreadPoolExecutor.java:624)
	... 1 more
Caused by: org.apache.ratis.thirdparty.io.netty.channel.AbstractChannel$AnnotatedConnectException: Connection refused: /192.168.69.71:40169
	at sun.nio.ch.SocketChannelImpl.checkConnect(Native Method)
	at sun.nio.ch.SocketChannelImpl.finishConnect(SocketChannelImpl.java:717)
	at org.apache.ratis.thirdparty.io.netty.channel.socket.nio.NioSocketChannel.doFinishConnect(NioSocketChannel.java:327)
	at org.apache.ratis.thirdparty.io.netty.channel.nio.AbstractNioChannel$AbstractNioUnsafe.finishConnect(AbstractNioChannel.java:340)
	at org.apache.ratis.thirdparty.io.netty.channel.nio.NioEventLoop.processSelectedKey(NioEventLoop.java:632)
	at org.apache.ratis.thirdparty.io.netty.channel.nio.NioEventLoop.processSelectedKeysOptimized(NioEventLoop.java:579)
	at org.apache.ratis.thirdparty.io.netty.channel.nio.NioEventLoop.processSelectedKeys(NioEventLoop.java:496)
	at org.apache.ratis.thirdparty.io.netty.channel.nio.NioEventLoop.run(NioEventLoop.java:458)
	at org.apache.ratis.thirdparty.io.netty.util.concurrent.SingleThreadEventExecutor$5.run(SingleThreadEventExecutor.java:897)
	at org.apache.ratis.thirdparty.io.netty.util.concurrent.FastThreadLocalRunnable.run(FastThreadLocalRunnable.java:30)
	... 1 more
Caused by: java.net.ConnectException: Connection refused
	... 11 more
2019-10-19 01:15:09,603 [2543ffea-c5c6-4af0-856f-eb846bad755a@group-A3037D40E172-LeaderElection1022] INFO  impl.LeaderElection (LogUtils.java:infoOrTrace(149)) - 2543ffea-c5c6-4af0-856f-eb846bad755a@group-A3037D40E172-LeaderElection1022 got exception when requesting votes: {}
java.util.concurrent.ExecutionException: org.apache.ratis.thirdparty.io.grpc.StatusRuntimeException: UNAVAILABLE: io exception
	at java.util.concurrent.FutureTask.report(FutureTask.java:122)
	at java.util.concurrent.FutureTask.get(FutureTask.java:192)
	at org.apache.ratis.server.impl.LeaderElection.waitForResults(LeaderElection.java:259)
	at org.apache.ratis.server.impl.LeaderElection.askForVotes(LeaderElection.java:197)
	at org.apache.ratis.server.impl.LeaderElection.run(LeaderElection.java:133)
	at java.lang.Thread.run(Thread.java:748)
Caused by: org.apache.ratis.thirdparty.io.grpc.StatusRuntimeException: UNAVAILABLE: io exception
	at org.apache.ratis.thirdparty.io.grpc.stub.ClientCalls.toStatusRuntimeException(ClientCalls.java:233)
	at org.apache.ratis.thirdparty.io.grpc.stub.ClientCalls.getUnchecked(ClientCalls.java:214)
	at org.apache.ratis.thirdparty.io.grpc.stub.ClientCalls.blockingUnaryCall(ClientCalls.java:139)
	at org.apache.ratis.proto.grpc.RaftServerProtocolServiceGrpc$RaftServerProtocolServiceBlockingStub.requestVote(RaftServerProtocolServiceGrpc.java:265)
	at org.apache.ratis.grpc.server.GrpcServerProtocolClient.requestVote(GrpcServerProtocolClient.java:99)
	at org.apache.ratis.grpc.server.GrpcService.requestVote(GrpcService.java:204)
	at org.apache.ratis.server.impl.LeaderElection.lambda$submitRequests$1(LeaderElection.java:234)
	at java.util.concurrent.FutureTask.run(FutureTask.java:266)
	at java.util.concurrent.Executors$RunnableAdapter.call(Executors.java:511)
	at java.util.concurrent.FutureTask.run(FutureTask.java:266)
	at java.util.concurrent.ThreadPoolExecutor.runWorker(ThreadPoolExecutor.java:1149)
	at java.util.concurrent.ThreadPoolExecutor$Worker.run(ThreadPoolExecutor.java:624)
	... 1 more
Caused by: org.apache.ratis.thirdparty.io.netty.channel.AbstractChannel$AnnotatedConnectException: Connection refused: /192.168.69.71:42247
	at sun.nio.ch.SocketChannelImpl.checkConnect(Native Method)
	at sun.nio.ch.SocketChannelImpl.finishConnect(SocketChannelImpl.java:717)
	at org.apache.ratis.thirdparty.io.netty.channel.socket.nio.NioSocketChannel.doFinishConnect(NioSocketChannel.java:327)
	at org.apache.ratis.thirdparty.io.netty.channel.nio.AbstractNioChannel$AbstractNioUnsafe.finishConnect(AbstractNioChannel.java:340)
	at org.apache.ratis.thirdparty.io.netty.channel.nio.NioEventLoop.processSelectedKey(NioEventLoop.java:632)
	at org.apache.ratis.thirdparty.io.netty.channel.nio.NioEventLoop.processSelectedKeysOptimized(NioEventLoop.java:579)
	at org.apache.ratis.thirdparty.io.netty.channel.nio.NioEventLoop.processSelectedKeys(NioEventLoop.java:496)
	at org.apache.ratis.thirdparty.io.netty.channel.nio.NioEventLoop.run(NioEventLoop.java:458)
	at org.apache.ratis.thirdparty.io.netty.util.concurrent.SingleThreadEventExecutor$5.run(SingleThreadEventExecutor.java:897)
	at org.apache.ratis.thirdparty.io.netty.util.concurrent.FastThreadLocalRunnable.run(FastThreadLocalRunnable.java:30)
	... 1 more
Caused by: java.net.ConnectException: Connection refused
	... 11 more
2019-10-19 01:15:09,604 [2543ffea-c5c6-4af0-856f-eb846bad755a@group-A3037D40E172-LeaderElection1022] INFO  impl.LeaderElection (LeaderElection.java:logAndReturn(56)) - 2543ffea-c5c6-4af0-856f-eb846bad755a@group-A3037D40E172-LeaderElection1022: Election REJECTED; received 0 response(s) [] and 2 exception(s); 2543ffea-c5c6-4af0-856f-eb846bad755a@group-A3037D40E172:t236, leader=null, voted=2543ffea-c5c6-4af0-856f-eb846bad755a, raftlog=2543ffea-c5c6-4af0-856f-eb846bad755a@group-A3037D40E172-SegmentedRaftLog:OPENED:c2,f2,i2, conf=1: [f143d5cf-4038-4fa8-8601-f5a45f16ca3e:192.168.69.71:40169, 2543ffea-c5c6-4af0-856f-eb846bad755a:192.168.69.71:45287, 61d14648-e80d-4cd8-9e7c-6deb2f21aca8:192.168.69.71:42247], old=null
2019-10-19 01:15:09,604 [2543ffea-c5c6-4af0-856f-eb846bad755a@group-A3037D40E172-LeaderElection1022] INFO  impl.LeaderElection (LogUtils.java:infoOrTrace(149)) -   Exception 0: {}
java.util.concurrent.ExecutionException: org.apache.ratis.thirdparty.io.grpc.StatusRuntimeException: UNAVAILABLE: io exception
	at java.util.concurrent.FutureTask.report(FutureTask.java:122)
	at java.util.concurrent.FutureTask.get(FutureTask.java:192)
	at org.apache.ratis.server.impl.LeaderElection.waitForResults(LeaderElection.java:259)
	at org.apache.ratis.server.impl.LeaderElection.askForVotes(LeaderElection.java:197)
	at org.apache.ratis.server.impl.LeaderElection.run(LeaderElection.java:133)
	at java.lang.Thread.run(Thread.java:748)
Caused by: org.apache.ratis.thirdparty.io.grpc.StatusRuntimeException: UNAVAILABLE: io exception
	at org.apache.ratis.thirdparty.io.grpc.stub.ClientCalls.toStatusRuntimeException(ClientCalls.java:233)
	at org.apache.ratis.thirdparty.io.grpc.stub.ClientCalls.getUnchecked(ClientCalls.java:214)
	at org.apache.ratis.thirdparty.io.grpc.stub.ClientCalls.blockingUnaryCall(ClientCalls.java:139)
	at org.apache.ratis.proto.grpc.RaftServerProtocolServiceGrpc$RaftServerProtocolServiceBlockingStub.requestVote(RaftServerProtocolServiceGrpc.java:265)
	at org.apache.ratis.grpc.server.GrpcServerProtocolClient.requestVote(GrpcServerProtocolClient.java:99)
	at org.apache.ratis.grpc.server.GrpcService.requestVote(GrpcService.java:204)
	at org.apache.ratis.server.impl.LeaderElection.lambda$submitRequests$1(LeaderElection.java:234)
	at java.util.concurrent.FutureTask.run(FutureTask.java:266)
	at java.util.concurrent.Executors$RunnableAdapter.call(Executors.java:511)
	at java.util.concurrent.FutureTask.run(FutureTask.java:266)
	at java.util.concurrent.ThreadPoolExecutor.runWorker(ThreadPoolExecutor.java:1149)
	at java.util.concurrent.ThreadPoolExecutor$Worker.run(ThreadPoolExecutor.java:624)
	... 1 more
Caused by: org.apache.ratis.thirdparty.io.netty.channel.AbstractChannel$AnnotatedConnectException: Connection refused: /192.168.69.71:40169
	at sun.nio.ch.SocketChannelImpl.checkConnect(Native Method)
	at sun.nio.ch.SocketChannelImpl.finishConnect(SocketChannelImpl.java:717)
	at org.apache.ratis.thirdparty.io.netty.channel.socket.nio.NioSocketChannel.doFinishConnect(NioSocketChannel.java:327)
	at org.apache.ratis.thirdparty.io.netty.channel.nio.AbstractNioChannel$AbstractNioUnsafe.finishConnect(AbstractNioChannel.java:340)
	at org.apache.ratis.thirdparty.io.netty.channel.nio.NioEventLoop.processSelectedKey(NioEventLoop.java:632)
	at org.apache.ratis.thirdparty.io.netty.channel.nio.NioEventLoop.processSelectedKeysOptimized(NioEventLoop.java:579)
	at org.apache.ratis.thirdparty.io.netty.channel.nio.NioEventLoop.processSelectedKeys(NioEventLoop.java:496)
	at org.apache.ratis.thirdparty.io.netty.channel.nio.NioEventLoop.run(NioEventLoop.java:458)
	at org.apache.ratis.thirdparty.io.netty.util.concurrent.SingleThreadEventExecutor$5.run(SingleThreadEventExecutor.java:897)
	at org.apache.ratis.thirdparty.io.netty.util.concurrent.FastThreadLocalRunnable.run(FastThreadLocalRunnable.java:30)
	... 1 more
Caused by: java.net.ConnectException: Connection refused
	... 11 more
2019-10-19 01:15:09,605 [2543ffea-c5c6-4af0-856f-eb846bad755a@group-A3037D40E172-LeaderElection1022] INFO  impl.LeaderElection (LogUtils.java:infoOrTrace(149)) -   Exception 1: {}
java.util.concurrent.ExecutionException: org.apache.ratis.thirdparty.io.grpc.StatusRuntimeException: UNAVAILABLE: io exception
	at java.util.concurrent.FutureTask.report(FutureTask.java:122)
	at java.util.concurrent.FutureTask.get(FutureTask.java:192)
	at org.apache.ratis.server.impl.LeaderElection.waitForResults(LeaderElection.java:259)
	at org.apache.ratis.server.impl.LeaderElection.askForVotes(LeaderElection.java:197)
	at org.apache.ratis.server.impl.LeaderElection.run(LeaderElection.java:133)
	at java.lang.Thread.run(Thread.java:748)
Caused by: org.apache.ratis.thirdparty.io.grpc.StatusRuntimeException: UNAVAILABLE: io exception
	at org.apache.ratis.thirdparty.io.grpc.stub.ClientCalls.toStatusRuntimeException(ClientCalls.java:233)
	at org.apache.ratis.thirdparty.io.grpc.stub.ClientCalls.getUnchecked(ClientCalls.java:214)
	at org.apache.ratis.thirdparty.io.grpc.stub.ClientCalls.blockingUnaryCall(ClientCalls.java:139)
	at org.apache.ratis.proto.grpc.RaftServerProtocolServiceGrpc$RaftServerProtocolServiceBlockingStub.requestVote(RaftServerProtocolServiceGrpc.java:265)
	at org.apache.ratis.grpc.server.GrpcServerProtocolClient.requestVote(GrpcServerProtocolClient.java:99)
	at org.apache.ratis.grpc.server.GrpcService.requestVote(GrpcService.java:204)
	at org.apache.ratis.server.impl.LeaderElection.lambda$submitRequests$1(LeaderElection.java:234)
	at java.util.concurrent.FutureTask.run(FutureTask.java:266)
	at java.util.concurrent.Executors$RunnableAdapter.call(Executors.java:511)
	at java.util.concurrent.FutureTask.run(FutureTask.java:266)
	at java.util.concurrent.ThreadPoolExecutor.runWorker(ThreadPoolExecutor.java:1149)
	at java.util.concurrent.ThreadPoolExecutor$Worker.run(ThreadPoolExecutor.java:624)
	... 1 more
Caused by: org.apache.ratis.thirdparty.io.netty.channel.AbstractChannel$AnnotatedConnectException: Connection refused: /192.168.69.71:42247
	at sun.nio.ch.SocketChannelImpl.checkConnect(Native Method)
	at sun.nio.ch.SocketChannelImpl.finishConnect(SocketChannelImpl.java:717)
	at org.apache.ratis.thirdparty.io.netty.channel.socket.nio.NioSocketChannel.doFinishConnect(NioSocketChannel.java:327)
	at org.apache.ratis.thirdparty.io.netty.channel.nio.AbstractNioChannel$AbstractNioUnsafe.finishConnect(AbstractNioChannel.java:340)
	at org.apache.ratis.thirdparty.io.netty.channel.nio.NioEventLoop.processSelectedKey(NioEventLoop.java:632)
	at org.apache.ratis.thirdparty.io.netty.channel.nio.NioEventLoop.processSelectedKeysOptimized(NioEventLoop.java:579)
	at org.apache.ratis.thirdparty.io.netty.channel.nio.NioEventLoop.processSelectedKeys(NioEventLoop.java:496)
	at org.apache.ratis.thirdparty.io.netty.channel.nio.NioEventLoop.run(NioEventLoop.java:458)
	at org.apache.ratis.thirdparty.io.netty.util.concurrent.SingleThreadEventExecutor$5.run(SingleThreadEventExecutor.java:897)
	at org.apache.ratis.thirdparty.io.netty.util.concurrent.FastThreadLocalRunnable.run(FastThreadLocalRunnable.java:30)
	... 1 more
Caused by: java.net.ConnectException: Connection refused
	... 11 more
2019-10-19 01:15:09,605 [2543ffea-c5c6-4af0-856f-eb846bad755a@group-A3037D40E172-LeaderElection1022] INFO  impl.RaftServerImpl (RaftServerImpl.java:setRole(184)) - 2543ffea-c5c6-4af0-856f-eb846bad755a@group-A3037D40E172: changes role from CANDIDATE to FOLLOWER at term 236 for DISCOVERED_A_NEW_TERM
2019-10-19 01:15:09,605 [2543ffea-c5c6-4af0-856f-eb846bad755a@group-A3037D40E172-LeaderElection1022] INFO  impl.RoleInfo (RoleInfo.java:shutdownLeaderElection(134)) - 2543ffea-c5c6-4af0-856f-eb846bad755a: shutdown LeaderElection
2019-10-19 01:15:09,606 [2543ffea-c5c6-4af0-856f-eb846bad755a@group-A3037D40E172-LeaderElection1022] INFO  impl.RoleInfo (RoleInfo.java:updateAndGet(143)) - 2543ffea-c5c6-4af0-856f-eb846bad755a: start FollowerState
2019-10-19 01:15:09,883 [java.util.concurrent.ThreadPoolExecutor$Worker@9a1e533[State = -1, empty queue]] WARN  server.GrpcLogAppender (GrpcLogAppender.java:timeoutAppendRequest(209)) - 61d14648-e80d-4cd8-9e7c-6deb2f21aca8@group-A3037D40E172->f143d5cf-4038-4fa8-8601-f5a45f16ca3e-GrpcLogAppender: appendEntries Timeout, request=61d14648-e80d-4cd8-9e7c-6deb2f21aca8->f143d5cf-4038-4fa8-8601-f5a45f16ca3e#4-t235, previous=(t:2, i:0), leaderCommit=2, initializing? false, entries: <empty>
2019-10-19 01:15:10,685 [Thread-9138] INFO  impl.FollowerState (FollowerState.java:run(108)) - 2543ffea-c5c6-4af0-856f-eb846bad755a@group-A3037D40E172-FollowerState: change to CANDIDATE, lastRpcTime:1079ms, electionTimeout:1079ms
2019-10-19 01:15:10,685 [Thread-9138] INFO  impl.RoleInfo (RoleInfo.java:shutdownFollowerState(121)) - 2543ffea-c5c6-4af0-856f-eb846bad755a: shutdown FollowerState
2019-10-19 01:15:10,686 [Thread-9138] INFO  impl.RaftServerImpl (RaftServerImpl.java:setRole(184)) - 2543ffea-c5c6-4af0-856f-eb846bad755a@group-A3037D40E172: changes role from  FOLLOWER to CANDIDATE at term 236 for changeToCandidate
2019-10-19 01:15:10,686 [Thread-9138] INFO  impl.RoleInfo (RoleInfo.java:updateAndGet(143)) - 2543ffea-c5c6-4af0-856f-eb846bad755a: start LeaderElection
2019-10-19 01:15:10,700 [2543ffea-c5c6-4af0-856f-eb846bad755a@group-A3037D40E172-LeaderElection1023] INFO  impl.LeaderElection (LeaderElection.java:askForVotes(178)) - 2543ffea-c5c6-4af0-856f-eb846bad755a@group-A3037D40E172-LeaderElection1023: begin an election at term 237 for 1: [f143d5cf-4038-4fa8-8601-f5a45f16ca3e:192.168.69.71:40169, 2543ffea-c5c6-4af0-856f-eb846bad755a:192.168.69.71:45287, 61d14648-e80d-4cd8-9e7c-6deb2f21aca8:192.168.69.71:42247], old=null
2019-10-19 01:15:10,701 [2543ffea-c5c6-4af0-856f-eb846bad755a@group-A3037D40E172-LeaderElection1023] INFO  impl.LeaderElection (LogUtils.java:infoOrTrace(149)) - 2543ffea-c5c6-4af0-856f-eb846bad755a@group-A3037D40E172-LeaderElection1023 got exception when requesting votes: {}
java.util.concurrent.ExecutionException: org.apache.ratis.thirdparty.io.grpc.StatusRuntimeException: UNAVAILABLE: io exception
	at java.util.concurrent.FutureTask.report(FutureTask.java:122)
	at java.util.concurrent.FutureTask.get(FutureTask.java:192)
	at org.apache.ratis.server.impl.LeaderElection.waitForResults(LeaderElection.java:259)
	at org.apache.ratis.server.impl.LeaderElection.askForVotes(LeaderElection.java:197)
	at org.apache.ratis.server.impl.LeaderElection.run(LeaderElection.java:133)
	at java.lang.Thread.run(Thread.java:748)
Caused by: org.apache.ratis.thirdparty.io.grpc.StatusRuntimeException: UNAVAILABLE: io exception
	at org.apache.ratis.thirdparty.io.grpc.stub.ClientCalls.toStatusRuntimeException(ClientCalls.java:233)
	at org.apache.ratis.thirdparty.io.grpc.stub.ClientCalls.getUnchecked(ClientCalls.java:214)
	at org.apache.ratis.thirdparty.io.grpc.stub.ClientCalls.blockingUnaryCall(ClientCalls.java:139)
	at org.apache.ratis.proto.grpc.RaftServerProtocolServiceGrpc$RaftServerProtocolServiceBlockingStub.requestVote(RaftServerProtocolServiceGrpc.java:265)
	at org.apache.ratis.grpc.server.GrpcServerProtocolClient.requestVote(GrpcServerProtocolClient.java:99)
	at org.apache.ratis.grpc.server.GrpcService.requestVote(GrpcService.java:204)
	at org.apache.ratis.server.impl.LeaderElection.lambda$submitRequests$1(LeaderElection.java:234)
	at java.util.concurrent.FutureTask.run(FutureTask.java:266)
	at java.util.concurrent.Executors$RunnableAdapter.call(Executors.java:511)
	at java.util.concurrent.FutureTask.run(FutureTask.java:266)
	at java.util.concurrent.ThreadPoolExecutor.runWorker(ThreadPoolExecutor.java:1149)
	at java.util.concurrent.ThreadPoolExecutor$Worker.run(ThreadPoolExecutor.java:624)
	... 1 more
Caused by: org.apache.ratis.thirdparty.io.netty.channel.AbstractChannel$AnnotatedConnectException: Connection refused: /192.168.69.71:42247
	at sun.nio.ch.SocketChannelImpl.checkConnect(Native Method)
	at sun.nio.ch.SocketChannelImpl.finishConnect(SocketChannelImpl.java:717)
	at org.apache.ratis.thirdparty.io.netty.channel.socket.nio.NioSocketChannel.doFinishConnect(NioSocketChannel.java:327)
	at org.apache.ratis.thirdparty.io.netty.channel.nio.AbstractNioChannel$AbstractNioUnsafe.finishConnect(AbstractNioChannel.java:340)
	at org.apache.ratis.thirdparty.io.netty.channel.nio.NioEventLoop.processSelectedKey(NioEventLoop.java:632)
	at org.apache.ratis.thirdparty.io.netty.channel.nio.NioEventLoop.processSelectedKeysOptimized(NioEventLoop.java:579)
	at org.apache.ratis.thirdparty.io.netty.channel.nio.NioEventLoop.processSelectedKeys(NioEventLoop.java:496)
	at org.apache.ratis.thirdparty.io.netty.channel.nio.NioEventLoop.run(NioEventLoop.java:458)
	at org.apache.ratis.thirdparty.io.netty.util.concurrent.SingleThreadEventExecutor$5.run(SingleThreadEventExecutor.java:897)
	at org.apache.ratis.thirdparty.io.netty.util.concurrent.FastThreadLocalRunnable.run(FastThreadLocalRunnable.java:30)
	... 1 more
Caused by: java.net.ConnectException: Connection refused
	... 11 more
2019-10-19 01:15:10,701 [2543ffea-c5c6-4af0-856f-eb846bad755a@group-A3037D40E172-LeaderElection1023] INFO  impl.LeaderElection (LogUtils.java:infoOrTrace(149)) - 2543ffea-c5c6-4af0-856f-eb846bad755a@group-A3037D40E172-LeaderElection1023 got exception when requesting votes: {}
java.util.concurrent.ExecutionException: org.apache.ratis.thirdparty.io.grpc.StatusRuntimeException: UNAVAILABLE: io exception
	at java.util.concurrent.FutureTask.report(FutureTask.java:122)
	at java.util.concurrent.FutureTask.get(FutureTask.java:192)
	at org.apache.ratis.server.impl.LeaderElection.waitForResults(LeaderElection.java:259)
	at org.apache.ratis.server.impl.LeaderElection.askForVotes(LeaderElection.java:197)
	at org.apache.ratis.server.impl.LeaderElection.run(LeaderElection.java:133)
	at java.lang.Thread.run(Thread.java:748)
Caused by: org.apache.ratis.thirdparty.io.grpc.StatusRuntimeException: UNAVAILABLE: io exception
	at org.apache.ratis.thirdparty.io.grpc.stub.ClientCalls.toStatusRuntimeException(ClientCalls.java:233)
	at org.apache.ratis.thirdparty.io.grpc.stub.ClientCalls.getUnchecked(ClientCalls.java:214)
	at org.apache.ratis.thirdparty.io.grpc.stub.ClientCalls.blockingUnaryCall(ClientCalls.java:139)
	at org.apache.ratis.proto.grpc.RaftServerProtocolServiceGrpc$RaftServerProtocolServiceBlockingStub.requestVote(RaftServerProtocolServiceGrpc.java:265)
	at org.apache.ratis.grpc.server.GrpcServerProtocolClient.requestVote(GrpcServerProtocolClient.java:99)
	at org.apache.ratis.grpc.server.GrpcService.requestVote(GrpcService.java:204)
	at org.apache.ratis.server.impl.LeaderElection.lambda$submitRequests$1(LeaderElection.java:234)
	at java.util.concurrent.FutureTask.run(FutureTask.java:266)
	at java.util.concurrent.Executors$RunnableAdapter.call(Executors.java:511)
	at java.util.concurrent.FutureTask.run(FutureTask.java:266)
	at java.util.concurrent.ThreadPoolExecutor.runWorker(ThreadPoolExecutor.java:1149)
	at java.util.concurrent.ThreadPoolExecutor$Worker.run(ThreadPoolExecutor.java:624)
	... 1 more
Caused by: org.apache.ratis.thirdparty.io.netty.channel.AbstractChannel$AnnotatedConnectException: Connection refused: /192.168.69.71:40169
	at sun.nio.ch.SocketChannelImpl.checkConnect(Native Method)
	at sun.nio.ch.SocketChannelImpl.finishConnect(SocketChannelImpl.java:717)
	at org.apache.ratis.thirdparty.io.netty.channel.socket.nio.NioSocketChannel.doFinishConnect(NioSocketChannel.java:327)
	at org.apache.ratis.thirdparty.io.netty.channel.nio.AbstractNioChannel$AbstractNioUnsafe.finishConnect(AbstractNioChannel.java:340)
	at org.apache.ratis.thirdparty.io.netty.channel.nio.NioEventLoop.processSelectedKey(NioEventLoop.java:632)
	at org.apache.ratis.thirdparty.io.netty.channel.nio.NioEventLoop.processSelectedKeysOptimized(NioEventLoop.java:579)
	at org.apache.ratis.thirdparty.io.netty.channel.nio.NioEventLoop.processSelectedKeys(NioEventLoop.java:496)
	at org.apache.ratis.thirdparty.io.netty.channel.nio.NioEventLoop.run(NioEventLoop.java:458)
	at org.apache.ratis.thirdparty.io.netty.util.concurrent.SingleThreadEventExecutor$5.run(SingleThreadEventExecutor.java:897)
	at org.apache.ratis.thirdparty.io.netty.util.concurrent.FastThreadLocalRunnable.run(FastThreadLocalRunnable.java:30)
	... 1 more
Caused by: java.net.ConnectException: Connection refused
	... 11 more
2019-10-19 01:15:10,702 [2543ffea-c5c6-4af0-856f-eb846bad755a@group-A3037D40E172-LeaderElection1023] INFO  impl.LeaderElection (LeaderElection.java:logAndReturn(56)) - 2543ffea-c5c6-4af0-856f-eb846bad755a@group-A3037D40E172-LeaderElection1023: Election REJECTED; received 0 response(s) [] and 2 exception(s); 2543ffea-c5c6-4af0-856f-eb846bad755a@group-A3037D40E172:t237, leader=null, voted=2543ffea-c5c6-4af0-856f-eb846bad755a, raftlog=2543ffea-c5c6-4af0-856f-eb846bad755a@group-A3037D40E172-SegmentedRaftLog:OPENED:c2,f2,i2, conf=1: [f143d5cf-4038-4fa8-8601-f5a45f16ca3e:192.168.69.71:40169, 2543ffea-c5c6-4af0-856f-eb846bad755a:192.168.69.71:45287, 61d14648-e80d-4cd8-9e7c-6deb2f21aca8:192.168.69.71:42247], old=null
2019-10-19 01:15:10,702 [2543ffea-c5c6-4af0-856f-eb846bad755a@group-A3037D40E172-LeaderElection1023] INFO  impl.LeaderElection (LogUtils.java:infoOrTrace(149)) -   Exception 0: {}
java.util.concurrent.ExecutionException: org.apache.ratis.thirdparty.io.grpc.StatusRuntimeException: UNAVAILABLE: io exception
	at java.util.concurrent.FutureTask.report(FutureTask.java:122)
	at java.util.concurrent.FutureTask.get(FutureTask.java:192)
	at org.apache.ratis.server.impl.LeaderElection.waitForResults(LeaderElection.java:259)
	at org.apache.ratis.server.impl.LeaderElection.askForVotes(LeaderElection.java:197)
	at org.apache.ratis.server.impl.LeaderElection.run(LeaderElection.java:133)
	at java.lang.Thread.run(Thread.java:748)
Caused by: org.apache.ratis.thirdparty.io.grpc.StatusRuntimeException: UNAVAILABLE: io exception
	at org.apache.ratis.thirdparty.io.grpc.stub.ClientCalls.toStatusRuntimeException(ClientCalls.java:233)
	at org.apache.ratis.thirdparty.io.grpc.stub.ClientCalls.getUnchecked(ClientCalls.java:214)
	at org.apache.ratis.thirdparty.io.grpc.stub.ClientCalls.blockingUnaryCall(ClientCalls.java:139)
	at org.apache.ratis.proto.grpc.RaftServerProtocolServiceGrpc$RaftServerProtocolServiceBlockingStub.requestVote(RaftServerProtocolServiceGrpc.java:265)
	at org.apache.ratis.grpc.server.GrpcServerProtocolClient.requestVote(GrpcServerProtocolClient.java:99)
	at org.apache.ratis.grpc.server.GrpcService.requestVote(GrpcService.java:204)
	at org.apache.ratis.server.impl.LeaderElection.lambda$submitRequests$1(LeaderElection.java:234)
	at java.util.concurrent.FutureTask.run(FutureTask.java:266)
	at java.util.concurrent.Executors$RunnableAdapter.call(Executors.java:511)
	at java.util.concurrent.FutureTask.run(FutureTask.java:266)
	at java.util.concurrent.ThreadPoolExecutor.runWorker(ThreadPoolExecutor.java:1149)
	at java.util.concurrent.ThreadPoolExecutor$Worker.run(ThreadPoolExecutor.java:624)
	... 1 more
Caused by: org.apache.ratis.thirdparty.io.netty.channel.AbstractChannel$AnnotatedConnectException: Connection refused: /192.168.69.71:42247
	at sun.nio.ch.SocketChannelImpl.checkConnect(Native Method)
	at sun.nio.ch.SocketChannelImpl.finishConnect(SocketChannelImpl.java:717)
	at org.apache.ratis.thirdparty.io.netty.channel.socket.nio.NioSocketChannel.doFinishConnect(NioSocketChannel.java:327)
	at org.apache.ratis.thirdparty.io.netty.channel.nio.AbstractNioChannel$AbstractNioUnsafe.finishConnect(AbstractNioChannel.java:340)
	at org.apache.ratis.thirdparty.io.netty.channel.nio.NioEventLoop.processSelectedKey(NioEventLoop.java:632)
	at org.apache.ratis.thirdparty.io.netty.channel.nio.NioEventLoop.processSelectedKeysOptimized(NioEventLoop.java:579)
	at org.apache.ratis.thirdparty.io.netty.channel.nio.NioEventLoop.processSelectedKeys(NioEventLoop.java:496)
	at org.apache.ratis.thirdparty.io.netty.channel.nio.NioEventLoop.run(NioEventLoop.java:458)
	at org.apache.ratis.thirdparty.io.netty.util.concurrent.SingleThreadEventExecutor$5.run(SingleThreadEventExecutor.java:897)
	at org.apache.ratis.thirdparty.io.netty.util.concurrent.FastThreadLocalRunnable.run(FastThreadLocalRunnable.java:30)
	... 1 more
Caused by: java.net.ConnectException: Connection refused
	... 11 more
2019-10-19 01:15:10,702 [2543ffea-c5c6-4af0-856f-eb846bad755a@group-A3037D40E172-LeaderElection1023] INFO  impl.LeaderElection (LogUtils.java:infoOrTrace(149)) -   Exception 1: {}
java.util.concurrent.ExecutionException: org.apache.ratis.thirdparty.io.grpc.StatusRuntimeException: UNAVAILABLE: io exception
	at java.util.concurrent.FutureTask.report(FutureTask.java:122)
	at java.util.concurrent.FutureTask.get(FutureTask.java:192)
	at org.apache.ratis.server.impl.LeaderElection.waitForResults(LeaderElection.java:259)
	at org.apache.ratis.server.impl.LeaderElection.askForVotes(LeaderElection.java:197)
	at org.apache.ratis.server.impl.LeaderElection.run(LeaderElection.java:133)
	at java.lang.Thread.run(Thread.java:748)
Caused by: org.apache.ratis.thirdparty.io.grpc.StatusRuntimeException: UNAVAILABLE: io exception
	at org.apache.ratis.thirdparty.io.grpc.stub.ClientCalls.toStatusRuntimeException(ClientCalls.java:233)
	at org.apache.ratis.thirdparty.io.grpc.stub.ClientCalls.getUnchecked(ClientCalls.java:214)
	at org.apache.ratis.thirdparty.io.grpc.stub.ClientCalls.blockingUnaryCall(ClientCalls.java:139)
	at org.apache.ratis.proto.grpc.RaftServerProtocolServiceGrpc$RaftServerProtocolServiceBlockingStub.requestVote(RaftServerProtocolServiceGrpc.java:265)
	at org.apache.ratis.grpc.server.GrpcServerProtocolClient.requestVote(GrpcServerProtocolClient.java:99)
	at org.apache.ratis.grpc.server.GrpcService.requestVote(GrpcService.java:204)
	at org.apache.ratis.server.impl.LeaderElection.lambda$submitRequests$1(LeaderElection.java:234)
	at java.util.concurrent.FutureTask.run(FutureTask.java:266)
	at java.util.concurrent.Executors$RunnableAdapter.call(Executors.java:511)
	at java.util.concurrent.FutureTask.run(FutureTask.java:266)
	at java.util.concurrent.ThreadPoolExecutor.runWorker(ThreadPoolExecutor.java:1149)
	at java.util.concurrent.ThreadPoolExecutor$Worker.run(ThreadPoolExecutor.java:624)
	... 1 more
Caused by: org.apache.ratis.thirdparty.io.netty.channel.AbstractChannel$AnnotatedConnectException: Connection refused: /192.168.69.71:40169
	at sun.nio.ch.SocketChannelImpl.checkConnect(Native Method)
	at sun.nio.ch.SocketChannelImpl.finishConnect(SocketChannelImpl.java:717)
	at org.apache.ratis.thirdparty.io.netty.channel.socket.nio.NioSocketChannel.doFinishConnect(NioSocketChannel.java:327)
	at org.apache.ratis.thirdparty.io.netty.channel.nio.AbstractNioChannel$AbstractNioUnsafe.finishConnect(AbstractNioChannel.java:340)
	at org.apache.ratis.thirdparty.io.netty.channel.nio.NioEventLoop.processSelectedKey(NioEventLoop.java:632)
	at org.apache.ratis.thirdparty.io.netty.channel.nio.NioEventLoop.processSelectedKeysOptimized(NioEventLoop.java:579)
	at org.apache.ratis.thirdparty.io.netty.channel.nio.NioEventLoop.processSelectedKeys(NioEventLoop.java:496)
	at org.apache.ratis.thirdparty.io.netty.channel.nio.NioEventLoop.run(NioEventLoop.java:458)
	at org.apache.ratis.thirdparty.io.netty.util.concurrent.SingleThreadEventExecutor$5.run(SingleThreadEventExecutor.java:897)
	at org.apache.ratis.thirdparty.io.netty.util.concurrent.FastThreadLocalRunnable.run(FastThreadLocalRunnable.java:30)
	... 1 more
Caused by: java.net.ConnectException: Connection refused
	... 11 more
2019-10-19 01:15:10,702 [2543ffea-c5c6-4af0-856f-eb846bad755a@group-A3037D40E172-LeaderElection1023] INFO  impl.RaftServerImpl (RaftServerImpl.java:setRole(184)) - 2543ffea-c5c6-4af0-856f-eb846bad755a@group-A3037D40E172: changes role from CANDIDATE to FOLLOWER at term 237 for DISCOVERED_A_NEW_TERM
2019-10-19 01:15:10,702 [2543ffea-c5c6-4af0-856f-eb846bad755a@group-A3037D40E172-LeaderElection1023] INFO  impl.RoleInfo (RoleInfo.java:shutdownLeaderElection(134)) - 2543ffea-c5c6-4af0-856f-eb846bad755a: shutdown LeaderElection
2019-10-19 01:15:10,702 [2543ffea-c5c6-4af0-856f-eb846bad755a@group-A3037D40E172-LeaderElection1023] INFO  impl.RoleInfo (RoleInfo.java:updateAndGet(143)) - 2543ffea-c5c6-4af0-856f-eb846bad755a: start FollowerState
2019-10-19 01:15:11,745 [Thread-9142] INFO  impl.FollowerState (FollowerState.java:run(108)) - 2543ffea-c5c6-4af0-856f-eb846bad755a@group-A3037D40E172-FollowerState: change to CANDIDATE, lastRpcTime:1042ms, electionTimeout:1042ms
2019-10-19 01:15:11,746 [Thread-9142] INFO  impl.RoleInfo (RoleInfo.java:shutdownFollowerState(121)) - 2543ffea-c5c6-4af0-856f-eb846bad755a: shutdown FollowerState
2019-10-19 01:15:11,746 [Thread-9142] INFO  impl.RaftServerImpl (RaftServerImpl.java:setRole(184)) - 2543ffea-c5c6-4af0-856f-eb846bad755a@group-A3037D40E172: changes role from  FOLLOWER to CANDIDATE at term 237 for changeToCandidate
2019-10-19 01:15:11,746 [Thread-9142] INFO  impl.RoleInfo (RoleInfo.java:updateAndGet(143)) - 2543ffea-c5c6-4af0-856f-eb846bad755a: start LeaderElection
2019-10-19 01:15:11,761 [2543ffea-c5c6-4af0-856f-eb846bad755a@group-A3037D40E172-LeaderElection1024] INFO  impl.LeaderElection (LeaderElection.java:askForVotes(178)) - 2543ffea-c5c6-4af0-856f-eb846bad755a@group-A3037D40E172-LeaderElection1024: begin an election at term 238 for 1: [f143d5cf-4038-4fa8-8601-f5a45f16ca3e:192.168.69.71:40169, 2543ffea-c5c6-4af0-856f-eb846bad755a:192.168.69.71:45287, 61d14648-e80d-4cd8-9e7c-6deb2f21aca8:192.168.69.71:42247], old=null
2019-10-19 01:15:11,763 [2543ffea-c5c6-4af0-856f-eb846bad755a@group-A3037D40E172-LeaderElection1024] INFO  impl.LeaderElection (LogUtils.java:infoOrTrace(149)) - 2543ffea-c5c6-4af0-856f-eb846bad755a@group-A3037D40E172-LeaderElection1024 got exception when requesting votes: {}
java.util.concurrent.ExecutionException: org.apache.ratis.thirdparty.io.grpc.StatusRuntimeException: UNAVAILABLE: io exception
	at java.util.concurrent.FutureTask.report(FutureTask.java:122)
	at java.util.concurrent.FutureTask.get(FutureTask.java:192)
	at org.apache.ratis.server.impl.LeaderElection.waitForResults(LeaderElection.java:259)
	at org.apache.ratis.server.impl.LeaderElection.askForVotes(LeaderElection.java:197)
	at org.apache.ratis.server.impl.LeaderElection.run(LeaderElection.java:133)
	at java.lang.Thread.run(Thread.java:748)
Caused by: org.apache.ratis.thirdparty.io.grpc.StatusRuntimeException: UNAVAILABLE: io exception
	at org.apache.ratis.thirdparty.io.grpc.stub.ClientCalls.toStatusRuntimeException(ClientCalls.java:233)
	at org.apache.ratis.thirdparty.io.grpc.stub.ClientCalls.getUnchecked(ClientCalls.java:214)
	at org.apache.ratis.thirdparty.io.grpc.stub.ClientCalls.blockingUnaryCall(ClientCalls.java:139)
	at org.apache.ratis.proto.grpc.RaftServerProtocolServiceGrpc$RaftServerProtocolServiceBlockingStub.requestVote(RaftServerProtocolServiceGrpc.java:265)
	at org.apache.ratis.grpc.server.GrpcServerProtocolClient.requestVote(GrpcServerProtocolClient.java:99)
	at org.apache.ratis.grpc.server.GrpcService.requestVote(GrpcService.java:204)
	at org.apache.ratis.server.impl.LeaderElection.lambda$submitRequests$1(LeaderElection.java:234)
	at java.util.concurrent.FutureTask.run(FutureTask.java:266)
	at java.util.concurrent.Executors$RunnableAdapter.call(Executors.java:511)
	at java.util.concurrent.FutureTask.run(FutureTask.java:266)
	at java.util.concurrent.ThreadPoolExecutor.runWorker(ThreadPoolExecutor.java:1149)
	at java.util.concurrent.ThreadPoolExecutor$Worker.run(ThreadPoolExecutor.java:624)
	... 1 more
Caused by: org.apache.ratis.thirdparty.io.netty.channel.AbstractChannel$AnnotatedConnectException: Connection refused: /192.168.69.71:40169
	at sun.nio.ch.SocketChannelImpl.checkConnect(Native Method)
	at sun.nio.ch.SocketChannelImpl.finishConnect(SocketChannelImpl.java:717)
	at org.apache.ratis.thirdparty.io.netty.channel.socket.nio.NioSocketChannel.doFinishConnect(NioSocketChannel.java:327)
	at org.apache.ratis.thirdparty.io.netty.channel.nio.AbstractNioChannel$AbstractNioUnsafe.finishConnect(AbstractNioChannel.java:340)
	at org.apache.ratis.thirdparty.io.netty.channel.nio.NioEventLoop.processSelectedKey(NioEventLoop.java:632)
	at org.apache.ratis.thirdparty.io.netty.channel.nio.NioEventLoop.processSelectedKeysOptimized(NioEventLoop.java:579)
	at org.apache.ratis.thirdparty.io.netty.channel.nio.NioEventLoop.processSelectedKeys(NioEventLoop.java:496)
	at org.apache.ratis.thirdparty.io.netty.channel.nio.NioEventLoop.run(NioEventLoop.java:458)
	at org.apache.ratis.thirdparty.io.netty.util.concurrent.SingleThreadEventExecutor$5.run(SingleThreadEventExecutor.java:897)
	at org.apache.ratis.thirdparty.io.netty.util.concurrent.FastThreadLocalRunnable.run(FastThreadLocalRunnable.java:30)
	... 1 more
Caused by: java.net.ConnectException: Connection refused
	... 11 more
2019-10-19 01:15:11,764 [2543ffea-c5c6-4af0-856f-eb846bad755a@group-A3037D40E172-LeaderElection1024] INFO  impl.LeaderElection (LogUtils.java:infoOrTrace(149)) - 2543ffea-c5c6-4af0-856f-eb846bad755a@group-A3037D40E172-LeaderElection1024 got exception when requesting votes: {}
java.util.concurrent.ExecutionException: org.apache.ratis.thirdparty.io.grpc.StatusRuntimeException: UNAVAILABLE: io exception
	at java.util.concurrent.FutureTask.report(FutureTask.java:122)
	at java.util.concurrent.FutureTask.get(FutureTask.java:192)
	at org.apache.ratis.server.impl.LeaderElection.waitForResults(LeaderElection.java:259)
	at org.apache.ratis.server.impl.LeaderElection.askForVotes(LeaderElection.java:197)
	at org.apache.ratis.server.impl.LeaderElection.run(LeaderElection.java:133)
	at java.lang.Thread.run(Thread.java:748)
Caused by: org.apache.ratis.thirdparty.io.grpc.StatusRuntimeException: UNAVAILABLE: io exception
	at org.apache.ratis.thirdparty.io.grpc.stub.ClientCalls.toStatusRuntimeException(ClientCalls.java:233)
	at org.apache.ratis.thirdparty.io.grpc.stub.ClientCalls.getUnchecked(ClientCalls.java:214)
	at org.apache.ratis.thirdparty.io.grpc.stub.ClientCalls.blockingUnaryCall(ClientCalls.java:139)
	at org.apache.ratis.proto.grpc.RaftServerProtocolServiceGrpc$RaftServerProtocolServiceBlockingStub.requestVote(RaftServerProtocolServiceGrpc.java:265)
	at org.apache.ratis.grpc.server.GrpcServerProtocolClient.requestVote(GrpcServerProtocolClient.java:99)
	at org.apache.ratis.grpc.server.GrpcService.requestVote(GrpcService.java:204)
	at org.apache.ratis.server.impl.LeaderElection.lambda$submitRequests$1(LeaderElection.java:234)
	at java.util.concurrent.FutureTask.run(FutureTask.java:266)
	at java.util.concurrent.Executors$RunnableAdapter.call(Executors.java:511)
	at java.util.concurrent.FutureTask.run(FutureTask.java:266)
	at java.util.concurrent.ThreadPoolExecutor.runWorker(ThreadPoolExecutor.java:1149)
	at java.util.concurrent.ThreadPoolExecutor$Worker.run(ThreadPoolExecutor.java:624)
	... 1 more
Caused by: org.apache.ratis.thirdparty.io.netty.channel.AbstractChannel$AnnotatedConnectException: Connection refused: /192.168.69.71:42247
	at sun.nio.ch.SocketChannelImpl.checkConnect(Native Method)
	at sun.nio.ch.SocketChannelImpl.finishConnect(SocketChannelImpl.java:717)
	at org.apache.ratis.thirdparty.io.netty.channel.socket.nio.NioSocketChannel.doFinishConnect(NioSocketChannel.java:327)
	at org.apache.ratis.thirdparty.io.netty.channel.nio.AbstractNioChannel$AbstractNioUnsafe.finishConnect(AbstractNioChannel.java:340)
	at org.apache.ratis.thirdparty.io.netty.channel.nio.NioEventLoop.processSelectedKey(NioEventLoop.java:632)
	at org.apache.ratis.thirdparty.io.netty.channel.nio.NioEventLoop.processSelectedKeysOptimized(NioEventLoop.java:579)
	at org.apache.ratis.thirdparty.io.netty.channel.nio.NioEventLoop.processSelectedKeys(NioEventLoop.java:496)
	at org.apache.ratis.thirdparty.io.netty.channel.nio.NioEventLoop.run(NioEventLoop.java:458)
	at org.apache.ratis.thirdparty.io.netty.util.concurrent.SingleThreadEventExecutor$5.run(SingleThreadEventExecutor.java:897)
	at org.apache.ratis.thirdparty.io.netty.util.concurrent.FastThreadLocalRunnable.run(FastThreadLocalRunnable.java:30)
	... 1 more
Caused by: java.net.ConnectException: Connection refused
	... 11 more
2019-10-19 01:15:11,764 [2543ffea-c5c6-4af0-856f-eb846bad755a@group-A3037D40E172-LeaderElection1024] INFO  impl.LeaderElection (LeaderElection.java:logAndReturn(56)) - 2543ffea-c5c6-4af0-856f-eb846bad755a@group-A3037D40E172-LeaderElection1024: Election REJECTED; received 0 response(s) [] and 2 exception(s); 2543ffea-c5c6-4af0-856f-eb846bad755a@group-A3037D40E172:t238, leader=null, voted=2543ffea-c5c6-4af0-856f-eb846bad755a, raftlog=2543ffea-c5c6-4af0-856f-eb846bad755a@group-A3037D40E172-SegmentedRaftLog:OPENED:c2,f2,i2, conf=1: [f143d5cf-4038-4fa8-8601-f5a45f16ca3e:192.168.69.71:40169, 2543ffea-c5c6-4af0-856f-eb846bad755a:192.168.69.71:45287, 61d14648-e80d-4cd8-9e7c-6deb2f21aca8:192.168.69.71:42247], old=null
2019-10-19 01:15:11,764 [2543ffea-c5c6-4af0-856f-eb846bad755a@group-A3037D40E172-LeaderElection1024] INFO  impl.LeaderElection (LogUtils.java:infoOrTrace(149)) -   Exception 0: {}
java.util.concurrent.ExecutionException: org.apache.ratis.thirdparty.io.grpc.StatusRuntimeException: UNAVAILABLE: io exception
	at java.util.concurrent.FutureTask.report(FutureTask.java:122)
	at java.util.concurrent.FutureTask.get(FutureTask.java:192)
	at org.apache.ratis.server.impl.LeaderElection.waitForResults(LeaderElection.java:259)
	at org.apache.ratis.server.impl.LeaderElection.askForVotes(LeaderElection.java:197)
	at org.apache.ratis.server.impl.LeaderElection.run(LeaderElection.java:133)
	at java.lang.Thread.run(Thread.java:748)
Caused by: org.apache.ratis.thirdparty.io.grpc.StatusRuntimeException: UNAVAILABLE: io exception
	at org.apache.ratis.thirdparty.io.grpc.stub.ClientCalls.toStatusRuntimeException(ClientCalls.java:233)
	at org.apache.ratis.thirdparty.io.grpc.stub.ClientCalls.getUnchecked(ClientCalls.java:214)
	at org.apache.ratis.thirdparty.io.grpc.stub.ClientCalls.blockingUnaryCall(ClientCalls.java:139)
	at org.apache.ratis.proto.grpc.RaftServerProtocolServiceGrpc$RaftServerProtocolServiceBlockingStub.requestVote(RaftServerProtocolServiceGrpc.java:265)
	at org.apache.ratis.grpc.server.GrpcServerProtocolClient.requestVote(GrpcServerProtocolClient.java:99)
	at org.apache.ratis.grpc.server.GrpcService.requestVote(GrpcService.java:204)
	at org.apache.ratis.server.impl.LeaderElection.lambda$submitRequests$1(LeaderElection.java:234)
	at java.util.concurrent.FutureTask.run(FutureTask.java:266)
	at java.util.concurrent.Executors$RunnableAdapter.call(Executors.java:511)
	at java.util.concurrent.FutureTask.run(FutureTask.java:266)
	at java.util.concurrent.ThreadPoolExecutor.runWorker(ThreadPoolExecutor.java:1149)
	at java.util.concurrent.ThreadPoolExecutor$Worker.run(ThreadPoolExecutor.java:624)
	... 1 more
Caused by: org.apache.ratis.thirdparty.io.netty.channel.AbstractChannel$AnnotatedConnectException: Connection refused: /192.168.69.71:40169
	at sun.nio.ch.SocketChannelImpl.checkConnect(Native Method)
	at sun.nio.ch.SocketChannelImpl.finishConnect(SocketChannelImpl.java:717)
	at org.apache.ratis.thirdparty.io.netty.channel.socket.nio.NioSocketChannel.doFinishConnect(NioSocketChannel.java:327)
	at org.apache.ratis.thirdparty.io.netty.channel.nio.AbstractNioChannel$AbstractNioUnsafe.finishConnect(AbstractNioChannel.java:340)
	at org.apache.ratis.thirdparty.io.netty.channel.nio.NioEventLoop.processSelectedKey(NioEventLoop.java:632)
	at org.apache.ratis.thirdparty.io.netty.channel.nio.NioEventLoop.processSelectedKeysOptimized(NioEventLoop.java:579)
	at org.apache.ratis.thirdparty.io.netty.channel.nio.NioEventLoop.processSelectedKeys(NioEventLoop.java:496)
	at org.apache.ratis.thirdparty.io.netty.channel.nio.NioEventLoop.run(NioEventLoop.java:458)
	at org.apache.ratis.thirdparty.io.netty.util.concurrent.SingleThreadEventExecutor$5.run(SingleThreadEventExecutor.java:897)
	at org.apache.ratis.thirdparty.io.netty.util.concurrent.FastThreadLocalRunnable.run(FastThreadLocalRunnable.java:30)
	... 1 more
Caused by: java.net.ConnectException: Connection refused
	... 11 more
2019-10-19 01:15:11,765 [2543ffea-c5c6-4af0-856f-eb846bad755a@group-A3037D40E172-LeaderElection1024] INFO  impl.LeaderElection (LogUtils.java:infoOrTrace(149)) -   Exception 1: {}
java.util.concurrent.ExecutionException: org.apache.ratis.thirdparty.io.grpc.StatusRuntimeException: UNAVAILABLE: io exception
	at java.util.concurrent.FutureTask.report(FutureTask.java:122)
	at java.util.concurrent.FutureTask.get(FutureTask.java:192)
	at org.apache.ratis.server.impl.LeaderElection.waitForResults(LeaderElection.java:259)
	at org.apache.ratis.server.impl.LeaderElection.askForVotes(LeaderElection.java:197)
	at org.apache.ratis.server.impl.LeaderElection.run(LeaderElection.java:133)
	at java.lang.Thread.run(Thread.java:748)
Caused by: org.apache.ratis.thirdparty.io.grpc.StatusRuntimeException: UNAVAILABLE: io exception
	at org.apache.ratis.thirdparty.io.grpc.stub.ClientCalls.toStatusRuntimeException(ClientCalls.java:233)
	at org.apache.ratis.thirdparty.io.grpc.stub.ClientCalls.getUnchecked(ClientCalls.java:214)
	at org.apache.ratis.thirdparty.io.grpc.stub.ClientCalls.blockingUnaryCall(ClientCalls.java:139)
	at org.apache.ratis.proto.grpc.RaftServerProtocolServiceGrpc$RaftServerProtocolServiceBlockingStub.requestVote(RaftServerProtocolServiceGrpc.java:265)
	at org.apache.ratis.grpc.server.GrpcServerProtocolClient.requestVote(GrpcServerProtocolClient.java:99)
	at org.apache.ratis.grpc.server.GrpcService.requestVote(GrpcService.java:204)
	at org.apache.ratis.server.impl.LeaderElection.lambda$submitRequests$1(LeaderElection.java:234)
	at java.util.concurrent.FutureTask.run(FutureTask.java:266)
	at java.util.concurrent.Executors$RunnableAdapter.call(Executors.java:511)
	at java.util.concurrent.FutureTask.run(FutureTask.java:266)
	at java.util.concurrent.ThreadPoolExecutor.runWorker(ThreadPoolExecutor.java:1149)
	at java.util.concurrent.ThreadPoolExecutor$Worker.run(ThreadPoolExecutor.java:624)
	... 1 more
Caused by: org.apache.ratis.thirdparty.io.netty.channel.AbstractChannel$AnnotatedConnectException: Connection refused: /192.168.69.71:42247
	at sun.nio.ch.SocketChannelImpl.checkConnect(Native Method)
	at sun.nio.ch.SocketChannelImpl.finishConnect(SocketChannelImpl.java:717)
	at org.apache.ratis.thirdparty.io.netty.channel.socket.nio.NioSocketChannel.doFinishConnect(NioSocketChannel.java:327)
	at org.apache.ratis.thirdparty.io.netty.channel.nio.AbstractNioChannel$AbstractNioUnsafe.finishConnect(AbstractNioChannel.java:340)
	at org.apache.ratis.thirdparty.io.netty.channel.nio.NioEventLoop.processSelectedKey(NioEventLoop.java:632)
	at org.apache.ratis.thirdparty.io.netty.channel.nio.NioEventLoop.processSelectedKeysOptimized(NioEventLoop.java:579)
	at org.apache.ratis.thirdparty.io.netty.channel.nio.NioEventLoop.processSelectedKeys(NioEventLoop.java:496)
	at org.apache.ratis.thirdparty.io.netty.channel.nio.NioEventLoop.run(NioEventLoop.java:458)
	at org.apache.ratis.thirdparty.io.netty.util.concurrent.SingleThreadEventExecutor$5.run(SingleThreadEventExecutor.java:897)
	at org.apache.ratis.thirdparty.io.netty.util.concurrent.FastThreadLocalRunnable.run(FastThreadLocalRunnable.java:30)
	... 1 more
Caused by: java.net.ConnectException: Connection refused
	... 11 more
2019-10-19 01:15:11,765 [2543ffea-c5c6-4af0-856f-eb846bad755a@group-A3037D40E172-LeaderElection1024] INFO  impl.RaftServerImpl (RaftServerImpl.java:setRole(184)) - 2543ffea-c5c6-4af0-856f-eb846bad755a@group-A3037D40E172: changes role from CANDIDATE to FOLLOWER at term 238 for DISCOVERED_A_NEW_TERM
2019-10-19 01:15:11,765 [2543ffea-c5c6-4af0-856f-eb846bad755a@group-A3037D40E172-LeaderElection1024] INFO  impl.RoleInfo (RoleInfo.java:shutdownLeaderElection(134)) - 2543ffea-c5c6-4af0-856f-eb846bad755a: shutdown LeaderElection
2019-10-19 01:15:11,766 [2543ffea-c5c6-4af0-856f-eb846bad755a@group-A3037D40E172-LeaderElection1024] INFO  impl.RoleInfo (RoleInfo.java:updateAndGet(143)) - 2543ffea-c5c6-4af0-856f-eb846bad755a: start FollowerState
2019-10-19 01:15:12,895 [Thread-9146] INFO  impl.FollowerState (FollowerState.java:run(108)) - 2543ffea-c5c6-4af0-856f-eb846bad755a@group-A3037D40E172-FollowerState: change to CANDIDATE, lastRpcTime:1129ms, electionTimeout:1129ms
2019-10-19 01:15:12,895 [Thread-9146] INFO  impl.RoleInfo (RoleInfo.java:shutdownFollowerState(121)) - 2543ffea-c5c6-4af0-856f-eb846bad755a: shutdown FollowerState
2019-10-19 01:15:12,895 [Thread-9146] INFO  impl.RaftServerImpl (RaftServerImpl.java:setRole(184)) - 2543ffea-c5c6-4af0-856f-eb846bad755a@group-A3037D40E172: changes role from  FOLLOWER to CANDIDATE at term 238 for changeToCandidate
2019-10-19 01:15:12,896 [Thread-9146] INFO  impl.RoleInfo (RoleInfo.java:updateAndGet(143)) - 2543ffea-c5c6-4af0-856f-eb846bad755a: start LeaderElection
2019-10-19 01:15:12,909 [2543ffea-c5c6-4af0-856f-eb846bad755a@group-A3037D40E172-LeaderElection1025] INFO  impl.LeaderElection (LeaderElection.java:askForVotes(178)) - 2543ffea-c5c6-4af0-856f-eb846bad755a@group-A3037D40E172-LeaderElection1025: begin an election at term 239 for 1: [f143d5cf-4038-4fa8-8601-f5a45f16ca3e:192.168.69.71:40169, 2543ffea-c5c6-4af0-856f-eb846bad755a:192.168.69.71:45287, 61d14648-e80d-4cd8-9e7c-6deb2f21aca8:192.168.69.71:42247], old=null
2019-10-19 01:15:12,910 [2543ffea-c5c6-4af0-856f-eb846bad755a@group-A3037D40E172-LeaderElection1025] INFO  impl.LeaderElection (LogUtils.java:infoOrTrace(149)) - 2543ffea-c5c6-4af0-856f-eb846bad755a@group-A3037D40E172-LeaderElection1025 got exception when requesting votes: {}
java.util.concurrent.ExecutionException: org.apache.ratis.thirdparty.io.grpc.StatusRuntimeException: UNAVAILABLE: io exception
	at java.util.concurrent.FutureTask.report(FutureTask.java:122)
	at java.util.concurrent.FutureTask.get(FutureTask.java:192)
	at org.apache.ratis.server.impl.LeaderElection.waitForResults(LeaderElection.java:259)
	at org.apache.ratis.server.impl.LeaderElection.askForVotes(LeaderElection.java:197)
	at org.apache.ratis.server.impl.LeaderElection.run(LeaderElection.java:133)
	at java.lang.Thread.run(Thread.java:748)
Caused by: org.apache.ratis.thirdparty.io.grpc.StatusRuntimeException: UNAVAILABLE: io exception
	at org.apache.ratis.thirdparty.io.grpc.stub.ClientCalls.toStatusRuntimeException(ClientCalls.java:233)
	at org.apache.ratis.thirdparty.io.grpc.stub.ClientCalls.getUnchecked(ClientCalls.java:214)
	at org.apache.ratis.thirdparty.io.grpc.stub.ClientCalls.blockingUnaryCall(ClientCalls.java:139)
	at org.apache.ratis.proto.grpc.RaftServerProtocolServiceGrpc$RaftServerProtocolServiceBlockingStub.requestVote(RaftServerProtocolServiceGrpc.java:265)
	at org.apache.ratis.grpc.server.GrpcServerProtocolClient.requestVote(GrpcServerProtocolClient.java:99)
	at org.apache.ratis.grpc.server.GrpcService.requestVote(GrpcService.java:204)
	at org.apache.ratis.server.impl.LeaderElection.lambda$submitRequests$1(LeaderElection.java:234)
	at java.util.concurrent.FutureTask.run(FutureTask.java:266)
	at java.util.concurrent.Executors$RunnableAdapter.call(Executors.java:511)
	at java.util.concurrent.FutureTask.run(FutureTask.java:266)
	at java.util.concurrent.ThreadPoolExecutor.runWorker(ThreadPoolExecutor.java:1149)
	at java.util.concurrent.ThreadPoolExecutor$Worker.run(ThreadPoolExecutor.java:624)
	... 1 more
Caused by: org.apache.ratis.thirdparty.io.netty.channel.AbstractChannel$AnnotatedConnectException: Connection refused: /192.168.69.71:40169
	at sun.nio.ch.SocketChannelImpl.checkConnect(Native Method)
	at sun.nio.ch.SocketChannelImpl.finishConnect(SocketChannelImpl.java:717)
	at org.apache.ratis.thirdparty.io.netty.channel.socket.nio.NioSocketChannel.doFinishConnect(NioSocketChannel.java:327)
	at org.apache.ratis.thirdparty.io.netty.channel.nio.AbstractNioChannel$AbstractNioUnsafe.finishConnect(AbstractNioChannel.java:340)
	at org.apache.ratis.thirdparty.io.netty.channel.nio.NioEventLoop.processSelectedKey(NioEventLoop.java:632)
	at org.apache.ratis.thirdparty.io.netty.channel.nio.NioEventLoop.processSelectedKeysOptimized(NioEventLoop.java:579)
	at org.apache.ratis.thirdparty.io.netty.channel.nio.NioEventLoop.processSelectedKeys(NioEventLoop.java:496)
	at org.apache.ratis.thirdparty.io.netty.channel.nio.NioEventLoop.run(NioEventLoop.java:458)
	at org.apache.ratis.thirdparty.io.netty.util.concurrent.SingleThreadEventExecutor$5.run(SingleThreadEventExecutor.java:897)
	at org.apache.ratis.thirdparty.io.netty.util.concurrent.FastThreadLocalRunnable.run(FastThreadLocalRunnable.java:30)
	... 1 more
Caused by: java.net.ConnectException: Connection refused
	... 11 more
2019-10-19 01:15:12,910 [2543ffea-c5c6-4af0-856f-eb846bad755a@group-A3037D40E172-LeaderElection1025] INFO  impl.LeaderElection (LogUtils.java:infoOrTrace(149)) - 2543ffea-c5c6-4af0-856f-eb846bad755a@group-A3037D40E172-LeaderElection1025 got exception when requesting votes: {}
java.util.concurrent.ExecutionException: org.apache.ratis.thirdparty.io.grpc.StatusRuntimeException: UNAVAILABLE: io exception
	at java.util.concurrent.FutureTask.report(FutureTask.java:122)
	at java.util.concurrent.FutureTask.get(FutureTask.java:192)
	at org.apache.ratis.server.impl.LeaderElection.waitForResults(LeaderElection.java:259)
	at org.apache.ratis.server.impl.LeaderElection.askForVotes(LeaderElection.java:197)
	at org.apache.ratis.server.impl.LeaderElection.run(LeaderElection.java:133)
	at java.lang.Thread.run(Thread.java:748)
Caused by: org.apache.ratis.thirdparty.io.grpc.StatusRuntimeException: UNAVAILABLE: io exception
	at org.apache.ratis.thirdparty.io.grpc.stub.ClientCalls.toStatusRuntimeException(ClientCalls.java:233)
	at org.apache.ratis.thirdparty.io.grpc.stub.ClientCalls.getUnchecked(ClientCalls.java:214)
	at org.apache.ratis.thirdparty.io.grpc.stub.ClientCalls.blockingUnaryCall(ClientCalls.java:139)
	at org.apache.ratis.proto.grpc.RaftServerProtocolServiceGrpc$RaftServerProtocolServiceBlockingStub.requestVote(RaftServerProtocolServiceGrpc.java:265)
	at org.apache.ratis.grpc.server.GrpcServerProtocolClient.requestVote(GrpcServerProtocolClient.java:99)
	at org.apache.ratis.grpc.server.GrpcService.requestVote(GrpcService.java:204)
	at org.apache.ratis.server.impl.LeaderElection.lambda$submitRequests$1(LeaderElection.java:234)
	at java.util.concurrent.FutureTask.run(FutureTask.java:266)
	at java.util.concurrent.Executors$RunnableAdapter.call(Executors.java:511)
	at java.util.concurrent.FutureTask.run(FutureTask.java:266)
	at java.util.concurrent.ThreadPoolExecutor.runWorker(ThreadPoolExecutor.java:1149)
	at java.util.concurrent.ThreadPoolExecutor$Worker.run(ThreadPoolExecutor.java:624)
	... 1 more
Caused by: org.apache.ratis.thirdparty.io.netty.channel.AbstractChannel$AnnotatedConnectException: Connection refused: /192.168.69.71:42247
	at sun.nio.ch.SocketChannelImpl.checkConnect(Native Method)
	at sun.nio.ch.SocketChannelImpl.finishConnect(SocketChannelImpl.java:717)
	at org.apache.ratis.thirdparty.io.netty.channel.socket.nio.NioSocketChannel.doFinishConnect(NioSocketChannel.java:327)
	at org.apache.ratis.thirdparty.io.netty.channel.nio.AbstractNioChannel$AbstractNioUnsafe.finishConnect(AbstractNioChannel.java:340)
	at org.apache.ratis.thirdparty.io.netty.channel.nio.NioEventLoop.processSelectedKey(NioEventLoop.java:632)
	at org.apache.ratis.thirdparty.io.netty.channel.nio.NioEventLoop.processSelectedKeysOptimized(NioEventLoop.java:579)
	at org.apache.ratis.thirdparty.io.netty.channel.nio.NioEventLoop.processSelectedKeys(NioEventLoop.java:496)
	at org.apache.ratis.thirdparty.io.netty.channel.nio.NioEventLoop.run(NioEventLoop.java:458)
	at org.apache.ratis.thirdparty.io.netty.util.concurrent.SingleThreadEventExecutor$5.run(SingleThreadEventExecutor.java:897)
	at org.apache.ratis.thirdparty.io.netty.util.concurrent.FastThreadLocalRunnable.run(FastThreadLocalRunnable.java:30)
	... 1 more
Caused by: java.net.ConnectException: Connection refused
	... 11 more
2019-10-19 01:15:12,910 [2543ffea-c5c6-4af0-856f-eb846bad755a@group-A3037D40E172-LeaderElection1025] INFO  impl.LeaderElection (LeaderElection.java:logAndReturn(56)) - 2543ffea-c5c6-4af0-856f-eb846bad755a@group-A3037D40E172-LeaderElection1025: Election REJECTED; received 0 response(s) [] and 2 exception(s); 2543ffea-c5c6-4af0-856f-eb846bad755a@group-A3037D40E172:t239, leader=null, voted=2543ffea-c5c6-4af0-856f-eb846bad755a, raftlog=2543ffea-c5c6-4af0-856f-eb846bad755a@group-A3037D40E172-SegmentedRaftLog:OPENED:c2,f2,i2, conf=1: [f143d5cf-4038-4fa8-8601-f5a45f16ca3e:192.168.69.71:40169, 2543ffea-c5c6-4af0-856f-eb846bad755a:192.168.69.71:45287, 61d14648-e80d-4cd8-9e7c-6deb2f21aca8:192.168.69.71:42247], old=null
2019-10-19 01:15:12,910 [2543ffea-c5c6-4af0-856f-eb846bad755a@group-A3037D40E172-LeaderElection1025] INFO  impl.LeaderElection (LogUtils.java:infoOrTrace(149)) -   Exception 0: {}
java.util.concurrent.ExecutionException: org.apache.ratis.thirdparty.io.grpc.StatusRuntimeException: UNAVAILABLE: io exception
	at java.util.concurrent.FutureTask.report(FutureTask.java:122)
	at java.util.concurrent.FutureTask.get(FutureTask.java:192)
	at org.apache.ratis.server.impl.LeaderElection.waitForResults(LeaderElection.java:259)
	at org.apache.ratis.server.impl.LeaderElection.askForVotes(LeaderElection.java:197)
	at org.apache.ratis.server.impl.LeaderElection.run(LeaderElection.java:133)
	at java.lang.Thread.run(Thread.java:748)
Caused by: org.apache.ratis.thirdparty.io.grpc.StatusRuntimeException: UNAVAILABLE: io exception
	at org.apache.ratis.thirdparty.io.grpc.stub.ClientCalls.toStatusRuntimeException(ClientCalls.java:233)
	at org.apache.ratis.thirdparty.io.grpc.stub.ClientCalls.getUnchecked(ClientCalls.java:214)
	at org.apache.ratis.thirdparty.io.grpc.stub.ClientCalls.blockingUnaryCall(ClientCalls.java:139)
	at org.apache.ratis.proto.grpc.RaftServerProtocolServiceGrpc$RaftServerProtocolServiceBlockingStub.requestVote(RaftServerProtocolServiceGrpc.java:265)
	at org.apache.ratis.grpc.server.GrpcServerProtocolClient.requestVote(GrpcServerProtocolClient.java:99)
	at org.apache.ratis.grpc.server.GrpcService.requestVote(GrpcService.java:204)
	at org.apache.ratis.server.impl.LeaderElection.lambda$submitRequests$1(LeaderElection.java:234)
	at java.util.concurrent.FutureTask.run(FutureTask.java:266)
	at java.util.concurrent.Executors$RunnableAdapter.call(Executors.java:511)
	at java.util.concurrent.FutureTask.run(FutureTask.java:266)
	at java.util.concurrent.ThreadPoolExecutor.runWorker(ThreadPoolExecutor.java:1149)
	at java.util.concurrent.ThreadPoolExecutor$Worker.run(ThreadPoolExecutor.java:624)
	... 1 more
Caused by: org.apache.ratis.thirdparty.io.netty.channel.AbstractChannel$AnnotatedConnectException: Connection refused: /192.168.69.71:40169
	at sun.nio.ch.SocketChannelImpl.checkConnect(Native Method)
	at sun.nio.ch.SocketChannelImpl.finishConnect(SocketChannelImpl.java:717)
	at org.apache.ratis.thirdparty.io.netty.channel.socket.nio.NioSocketChannel.doFinishConnect(NioSocketChannel.java:327)
	at org.apache.ratis.thirdparty.io.netty.channel.nio.AbstractNioChannel$AbstractNioUnsafe.finishConnect(AbstractNioChannel.java:340)
	at org.apache.ratis.thirdparty.io.netty.channel.nio.NioEventLoop.processSelectedKey(NioEventLoop.java:632)
	at org.apache.ratis.thirdparty.io.netty.channel.nio.NioEventLoop.processSelectedKeysOptimized(NioEventLoop.java:579)
	at org.apache.ratis.thirdparty.io.netty.channel.nio.NioEventLoop.processSelectedKeys(NioEventLoop.java:496)
	at org.apache.ratis.thirdparty.io.netty.channel.nio.NioEventLoop.run(NioEventLoop.java:458)
	at org.apache.ratis.thirdparty.io.netty.util.concurrent.SingleThreadEventExecutor$5.run(SingleThreadEventExecutor.java:897)
	at org.apache.ratis.thirdparty.io.netty.util.concurrent.FastThreadLocalRunnable.run(FastThreadLocalRunnable.java:30)
	... 1 more
Caused by: java.net.ConnectException: Connection refused
	... 11 more
2019-10-19 01:15:12,911 [2543ffea-c5c6-4af0-856f-eb846bad755a@group-A3037D40E172-LeaderElection1025] INFO  impl.LeaderElection (LogUtils.java:infoOrTrace(149)) -   Exception 1: {}
java.util.concurrent.ExecutionException: org.apache.ratis.thirdparty.io.grpc.StatusRuntimeException: UNAVAILABLE: io exception
	at java.util.concurrent.FutureTask.report(FutureTask.java:122)
	at java.util.concurrent.FutureTask.get(FutureTask.java:192)
	at org.apache.ratis.server.impl.LeaderElection.waitForResults(LeaderElection.java:259)
	at org.apache.ratis.server.impl.LeaderElection.askForVotes(LeaderElection.java:197)
	at org.apache.ratis.server.impl.LeaderElection.run(LeaderElection.java:133)
	at java.lang.Thread.run(Thread.java:748)
Caused by: org.apache.ratis.thirdparty.io.grpc.StatusRuntimeException: UNAVAILABLE: io exception
	at org.apache.ratis.thirdparty.io.grpc.stub.ClientCalls.toStatusRuntimeException(ClientCalls.java:233)
	at org.apache.ratis.thirdparty.io.grpc.stub.ClientCalls.getUnchecked(ClientCalls.java:214)
	at org.apache.ratis.thirdparty.io.grpc.stub.ClientCalls.blockingUnaryCall(ClientCalls.java:139)
	at org.apache.ratis.proto.grpc.RaftServerProtocolServiceGrpc$RaftServerProtocolServiceBlockingStub.requestVote(RaftServerProtocolServiceGrpc.java:265)
	at org.apache.ratis.grpc.server.GrpcServerProtocolClient.requestVote(GrpcServerProtocolClient.java:99)
	at org.apache.ratis.grpc.server.GrpcService.requestVote(GrpcService.java:204)
	at org.apache.ratis.server.impl.LeaderElection.lambda$submitRequests$1(LeaderElection.java:234)
	at java.util.concurrent.FutureTask.run(FutureTask.java:266)
	at java.util.concurrent.Executors$RunnableAdapter.call(Executors.java:511)
	at java.util.concurrent.FutureTask.run(FutureTask.java:266)
	at java.util.concurrent.ThreadPoolExecutor.runWorker(ThreadPoolExecutor.java:1149)
	at java.util.concurrent.ThreadPoolExecutor$Worker.run(ThreadPoolExecutor.java:624)
	... 1 more
Caused by: org.apache.ratis.thirdparty.io.netty.channel.AbstractChannel$AnnotatedConnectException: Connection refused: /192.168.69.71:42247
	at sun.nio.ch.SocketChannelImpl.checkConnect(Native Method)
	at sun.nio.ch.SocketChannelImpl.finishConnect(SocketChannelImpl.java:717)
	at org.apache.ratis.thirdparty.io.netty.channel.socket.nio.NioSocketChannel.doFinishConnect(NioSocketChannel.java:327)
	at org.apache.ratis.thirdparty.io.netty.channel.nio.AbstractNioChannel$AbstractNioUnsafe.finishConnect(AbstractNioChannel.java:340)
	at org.apache.ratis.thirdparty.io.netty.channel.nio.NioEventLoop.processSelectedKey(NioEventLoop.java:632)
	at org.apache.ratis.thirdparty.io.netty.channel.nio.NioEventLoop.processSelectedKeysOptimized(NioEventLoop.java:579)
	at org.apache.ratis.thirdparty.io.netty.channel.nio.NioEventLoop.processSelectedKeys(NioEventLoop.java:496)
	at org.apache.ratis.thirdparty.io.netty.channel.nio.NioEventLoop.run(NioEventLoop.java:458)
	at org.apache.ratis.thirdparty.io.netty.util.concurrent.SingleThreadEventExecutor$5.run(SingleThreadEventExecutor.java:897)
	at org.apache.ratis.thirdparty.io.netty.util.concurrent.FastThreadLocalRunnable.run(FastThreadLocalRunnable.java:30)
	... 1 more
Caused by: java.net.ConnectException: Connection refused
	... 11 more
2019-10-19 01:15:12,911 [2543ffea-c5c6-4af0-856f-eb846bad755a@group-A3037D40E172-LeaderElection1025] INFO  impl.RaftServerImpl (RaftServerImpl.java:setRole(184)) - 2543ffea-c5c6-4af0-856f-eb846bad755a@group-A3037D40E172: changes role from CANDIDATE to FOLLOWER at term 239 for DISCOVERED_A_NEW_TERM
2019-10-19 01:15:12,911 [2543ffea-c5c6-4af0-856f-eb846bad755a@group-A3037D40E172-LeaderElection1025] INFO  impl.RoleInfo (RoleInfo.java:shutdownLeaderElection(134)) - 2543ffea-c5c6-4af0-856f-eb846bad755a: shutdown LeaderElection
2019-10-19 01:15:12,911 [2543ffea-c5c6-4af0-856f-eb846bad755a@group-A3037D40E172-LeaderElection1025] INFO  impl.RoleInfo (RoleInfo.java:updateAndGet(143)) - 2543ffea-c5c6-4af0-856f-eb846bad755a: start FollowerState
2019-10-19 01:15:13,013 [ForkJoinPool.commonPool-worker-1] INFO  ozoneimpl.OzoneContainer (OzoneContainer.java:stop(227)) - Attempting to stop container services.
2019-10-19 01:15:13,014 [ForkJoinPool.commonPool-worker-1] INFO  impl.RaftServerProxy (RaftServerProxy.java:lambda$close$4(314)) - 2543ffea-c5c6-4af0-856f-eb846bad755a: close
2019-10-19 01:15:13,014 [ForkJoinPool.commonPool-worker-1] INFO  impl.RaftServerImpl (RaftServerImpl.java:lambda$shutdown$3(261)) - 2543ffea-c5c6-4af0-856f-eb846bad755a@group-A3037D40E172: shutdown
2019-10-19 01:15:13,015 [ForkJoinPool.commonPool-worker-1] INFO  util.JmxRegister (JmxRegister.java:unregister(73)) - Successfully un-registered JMX Bean with object name Ratis:service=RaftServer,group=group-A3037D40E172,id=2543ffea-c5c6-4af0-856f-eb846bad755a
2019-10-19 01:15:13,015 [ForkJoinPool.commonPool-worker-1] INFO  impl.RoleInfo (RoleInfo.java:shutdownFollowerState(121)) - 2543ffea-c5c6-4af0-856f-eb846bad755a: shutdown FollowerState
2019-10-19 01:15:13,015 [Thread-9150] INFO  impl.FollowerState (FollowerState.java:run(117)) - 2543ffea-c5c6-4af0-856f-eb846bad755a@group-A3037D40E172-FollowerState was interrupted: java.lang.InterruptedException: sleep interrupted
2019-10-19 01:15:13,015 [ForkJoinPool.commonPool-worker-1] INFO  impl.StateMachineUpdater (StateMachineUpdater.java:stopAndJoin(136)) - 2543ffea-c5c6-4af0-856f-eb846bad755a@group-A3037D40E172-StateMachineUpdater: set stopIndex = 2
2019-10-19 01:15:13,017 [ForkJoinPool.commonPool-worker-1] INFO  impl.RaftServerImpl (ServerState.java:close(388)) - 2543ffea-c5c6-4af0-856f-eb846bad755a@group-A3037D40E172: closes. applyIndex: 2
2019-10-19 01:15:13,017 [2543ffea-c5c6-4af0-856f-eb846bad755a@group-A3037D40E172-SegmentedRaftLogWorker] INFO  segmented.SegmentedRaftLogWorker (SegmentedRaftLogWorker.java:run(316)) - 2543ffea-c5c6-4af0-856f-eb846bad755a@group-A3037D40E172-SegmentedRaftLogWorker was interrupted, exiting. There are 0 tasks remaining in the queue.
2019-10-19 01:15:13,018 [ForkJoinPool.commonPool-worker-1] INFO  segmented.SegmentedRaftLogWorker (SegmentedRaftLogWorker.java:close(224)) - 2543ffea-c5c6-4af0-856f-eb846bad755a@group-A3037D40E172-SegmentedRaftLogWorker close()
2019-10-19 01:15:13,021 [ForkJoinPool.commonPool-worker-1] INFO  impl.RaftServerImpl (RaftServerImpl.java:lambda$shutdown$3(261)) - 2543ffea-c5c6-4af0-856f-eb846bad755a@group-F9B096411D9E: shutdown
2019-10-19 01:15:13,021 [ForkJoinPool.commonPool-worker-1] INFO  util.JmxRegister (JmxRegister.java:unregister(73)) - Successfully un-registered JMX Bean with object name Ratis:service=RaftServer,group=group-F9B096411D9E,id=2543ffea-c5c6-4af0-856f-eb846bad755a
2019-10-19 01:15:13,021 [ForkJoinPool.commonPool-worker-1] INFO  impl.RoleInfo (RoleInfo.java:shutdownLeaderState(104)) - 2543ffea-c5c6-4af0-856f-eb846bad755a: shutdown LeaderState
2019-10-19 01:15:13,022 [ForkJoinPool.commonPool-worker-1] INFO  impl.PendingRequests (PendingRequests.java:sendNotLeaderResponses(202)) - 2543ffea-c5c6-4af0-856f-eb846bad755a@group-F9B096411D9E-PendingRequests: sendNotLeaderResponses
2019-10-19 01:15:13,022 [ForkJoinPool.commonPool-worker-1] INFO  impl.StateMachineUpdater (StateMachineUpdater.java:stopAndJoin(136)) - 2543ffea-c5c6-4af0-856f-eb846bad755a@group-F9B096411D9E-StateMachineUpdater: set stopIndex = 0
2019-10-19 01:15:13,023 [ForkJoinPool.commonPool-worker-1] INFO  impl.RaftServerImpl (ServerState.java:close(388)) - 2543ffea-c5c6-4af0-856f-eb846bad755a@group-F9B096411D9E: closes. applyIndex: 0
2019-10-19 01:15:13,023 [2543ffea-c5c6-4af0-856f-eb846bad755a@group-F9B096411D9E-SegmentedRaftLogWorker] INFO  segmented.SegmentedRaftLogWorker (SegmentedRaftLogWorker.java:run(316)) - 2543ffea-c5c6-4af0-856f-eb846bad755a@group-F9B096411D9E-SegmentedRaftLogWorker was interrupted, exiting. There are 0 tasks remaining in the queue.
2019-10-19 01:15:13,023 [ForkJoinPool.commonPool-worker-1] INFO  segmented.SegmentedRaftLogWorker (SegmentedRaftLogWorker.java:close(224)) - 2543ffea-c5c6-4af0-856f-eb846bad755a@group-F9B096411D9E-SegmentedRaftLogWorker close()
2019-10-19 01:15:13,024 [ForkJoinPool.commonPool-worker-1] INFO  server.GrpcService (GrpcService.java:closeImpl(164)) - 2543ffea-c5c6-4af0-856f-eb846bad755a: shutdown server with port 45287 now
2019-10-19 01:15:13,027 [ForkJoinPool.commonPool-worker-1] INFO  server.GrpcService (GrpcService.java:closeImpl(172)) - 2543ffea-c5c6-4af0-856f-eb846bad755a: shutdown server with port 45287 successfully
2019-10-19 01:15:13,030 [refreshUsed-/workdir/hadoop-ozone/integration-test/target/test-dir/MiniOzoneClusterImpl-2b25e22a-b484-4e93-9811-5f8cd4460e46/datanode-7/data/containers] WARN  fs.CachingGetSpaceUsed (CachingGetSpaceUsed.java:run(183)) - Thread Interrupted waiting to refresh disk information: sleep interrupted
2019-10-19 01:15:13,050 [ForkJoinPool.commonPool-worker-1] INFO  utils.BackgroundService (BackgroundService.java:shutdown(151)) - Shutting down service BlockDeletingService
2019-10-19 01:15:13,053 [ForkJoinPool.commonPool-worker-1] INFO  statemachine.DatanodeStateMachine (DatanodeStateMachine.java:stopDaemon(395)) - Ozone container server stopped.
2019-10-19 01:15:13,056 [ForkJoinPool.commonPool-worker-1] INFO  handler.ContextHandler (ContextHandler.java:doStop(910)) - Stopped o.e.j.w.WebAppContext@4b4a2fa8{/,null,UNAVAILABLE}{/hddsDatanode}
2019-10-19 01:15:13,058 [ForkJoinPool.commonPool-worker-1] INFO  server.AbstractConnector (AbstractConnector.java:doStop(318)) - Stopped ServerConnector@5da6b13d{HTTP/1.1,[http/1.1]}{0.0.0.0:0}
2019-10-19 01:15:13,059 [ForkJoinPool.commonPool-worker-1] INFO  handler.ContextHandler (ContextHandler.java:doStop(910)) - Stopped o.e.j.s.ServletContextHandler@35c8be21{/static,jar:file:/home/user/.m2/repository/org/apache/hadoop/hadoop-hdds-container-service/0.5.0-SNAPSHOT/hadoop-hdds-container-service-0.5.0-SNAPSHOT.jar!/webapps/static,UNAVAILABLE}
2019-10-19 01:15:13,061 [ForkJoinPool.commonPool-worker-1] INFO  handler.ContextHandler (ContextHandler.java:doStop(910)) - Stopped o.e.j.s.ServletContextHandler@6b5c134e{/logs,file:///workdir/hadoop-ozone/integration-test/target/log,UNAVAILABLE}
2019-10-19 01:15:13,062 [main] INFO  ozone.MiniOzoneClusterImpl (MiniOzoneClusterImpl.java:stopSCM(392)) - Stopping the StorageContainerManager
2019-10-19 01:15:13,062 [main] INFO  server.StorageContainerManager (StorageContainerManager.java:stop(810)) - Stopping Replication Manager Service.
2019-10-19 01:15:13,063 [main] INFO  container.ReplicationManager (ReplicationManager.java:stop(203)) - Stopping Replication Monitor Thread.
2019-10-19 01:15:13,063 [main] INFO  server.StorageContainerManager (StorageContainerManager.java:stop(817)) - Stopping Lease Manager of the command watchers
2019-10-19 01:15:13,063 [main] INFO  server.StorageContainerManager (StorageContainerManager.java:stop(824)) - Stopping datanode service RPC server
2019-10-19 01:15:13,063 [main] INFO  server.SCMDatanodeProtocolServer (SCMDatanodeProtocolServer.java:stop(346)) - Stopping the RPC server for DataNodes
2019-10-19 01:15:13,064 [main] INFO  ipc.Server (Server.java:stop(3082)) - Stopping server on 44729
2019-10-19 01:15:13,066 [IPC Server listener on 44729] INFO  ipc.Server (Server.java:run(1185)) - Stopping IPC Server listener on 44729
2019-10-19 01:15:13,067 [IPC Server Responder] INFO  ipc.Server (Server.java:run(1319)) - Stopping IPC Server Responder
2019-10-19 01:15:13,159 [SCM Heartbeat Processing Thread - 0] WARN  node.NodeStateManager (NodeStateManager.java:scheduleNextHealthCheck(646)) - Current Thread is interrupted, shutting down HB processing thread for Node Manager.
2019-10-19 01:15:13,160 [main] INFO  server.StorageContainerManager (StorageContainerManager.java:stop(832)) - Stopping block service RPC server
2019-10-19 01:15:13,160 [main] INFO  server.SCMBlockProtocolServer (SCMBlockProtocolServer.java:stop(155)) - Stopping the RPC server for Block Protocol
2019-10-19 01:15:13,160 [main] INFO  ipc.Server (Server.java:stop(3082)) - Stopping server on 35457
2019-10-19 01:15:13,162 [IPC Server listener on 35457] INFO  ipc.Server (Server.java:run(1185)) - Stopping IPC Server listener on 35457
2019-10-19 01:15:13,163 [main] INFO  server.StorageContainerManager (StorageContainerManager.java:stop(839)) - Stopping the StorageContainerLocationProtocol RPC server
2019-10-19 01:15:13,163 [IPC Server Responder] INFO  ipc.Server (Server.java:run(1319)) - Stopping IPC Server Responder
2019-10-19 01:15:13,163 [main] INFO  server.SCMClientProtocolServer (SCMClientProtocolServer.java:stop(168)) - Stopping the RPC server for Client Protocol
2019-10-19 01:15:13,164 [main] INFO  ipc.Server (Server.java:stop(3082)) - Stopping server on 35803
2019-10-19 01:15:13,166 [IPC Server listener on 35803] INFO  ipc.Server (Server.java:run(1185)) - Stopping IPC Server listener on 35803
2019-10-19 01:15:13,166 [main] INFO  server.StorageContainerManager (StorageContainerManager.java:stop(846)) - Stopping Storage Container Manager HTTP server.
2019-10-19 01:15:13,166 [IPC Server Responder] INFO  ipc.Server (Server.java:run(1319)) - Stopping IPC Server Responder
2019-10-19 01:15:13,168 [main] INFO  handler.ContextHandler (ContextHandler.java:doStop(910)) - Stopped o.e.j.w.WebAppContext@33e3bd2e{/,null,UNAVAILABLE}{/scm}
2019-10-19 01:15:13,168 [main] INFO  server.AbstractConnector (AbstractConnector.java:doStop(318)) - Stopped ServerConnector@646d810b{HTTP/1.1,[http/1.1]}{0.0.0.0:0}
2019-10-19 01:15:13,169 [main] INFO  handler.ContextHandler (ContextHandler.java:doStop(910)) - Stopped o.e.j.s.ServletContextHandler@50e5032c{/static,file:///workdir/hadoop-ozone/integration-test/target/test-classes/webapps/static,UNAVAILABLE}
2019-10-19 01:15:13,169 [main] INFO  handler.ContextHandler (ContextHandler.java:doStop(910)) - Stopped o.e.j.s.ServletContextHandler@49c1e294{/logs,file:///workdir/hadoop-ozone/integration-test/target/log,UNAVAILABLE}
2019-10-19 01:15:13,170 [main] INFO  server.StorageContainerManager (StorageContainerManager.java:stop(857)) - Stopping Block Manager Service.
2019-10-19 01:15:13,170 [main] INFO  utils.BackgroundService (BackgroundService.java:shutdown(151)) - Shutting down service SCMBlockDeletingService
2019-10-19 01:15:13,170 [main] INFO  utils.BackgroundService (BackgroundService.java:shutdown(151)) - Shutting down service SCMBlockDeletingService
2019-10-19 01:15:13,171 [main] INFO  server.StorageContainerManager (StorageContainerManager.java:stop(879)) - Stopping SCM Event Queue.
2019-10-19 01:15:13,176 [main] INFO  impl.MetricsSystemImpl (MetricsSystemImpl.java:stop(210)) - Stopping HddsDatanode metrics system...
2019-10-19 01:15:13,213 [main] INFO  impl.MetricsSystemImpl (MetricsSystemImpl.java:stop(216)) - HddsDatanode metrics system stopped.
]]></system-out>
    <system-err><![CDATA[Oct 19, 2019 1:14:22 AM org.apache.ratis.thirdparty.io.grpc.internal.ManagedChannelOrphanWrapper$ManagedChannelReference cleanQueue
SEVERE: *~*~*~ Channel ManagedChannelImpl{logId=1165, target=192.168.69.71:38067} was not shutdown properly!!! ~*~*~*
    Make sure to call shutdown()/shutdownNow() and wait until awaitTermination() returns true.
java.lang.RuntimeException: ManagedChannel allocation site
	at org.apache.ratis.thirdparty.io.grpc.internal.ManagedChannelOrphanWrapper$ManagedChannelReference.<init>(ManagedChannelOrphanWrapper.java:103)
	at org.apache.ratis.thirdparty.io.grpc.internal.ManagedChannelOrphanWrapper.<init>(ManagedChannelOrphanWrapper.java:53)
	at org.apache.ratis.thirdparty.io.grpc.internal.ManagedChannelOrphanWrapper.<init>(ManagedChannelOrphanWrapper.java:44)
	at org.apache.ratis.thirdparty.io.grpc.internal.AbstractManagedChannelImplBuilder.build(AbstractManagedChannelImplBuilder.java:411)
	at org.apache.ratis.grpc.client.GrpcClientProtocolClient.<init>(GrpcClientProtocolClient.java:128)
	at org.apache.ratis.grpc.client.GrpcClientRpc.lambda$new$0(GrpcClientRpc.java:55)
	at org.apache.ratis.util.PeerProxyMap$PeerAndProxy.lambda$getProxy$0(PeerProxyMap.java:61)
	at org.apache.ratis.util.LifeCycle.startAndTransition(LifeCycle.java:202)
	at org.apache.ratis.util.PeerProxyMap$PeerAndProxy.getProxy(PeerProxyMap.java:60)
	at org.apache.ratis.util.PeerProxyMap.getProxy(PeerProxyMap.java:108)
	at org.apache.ratis.grpc.client.GrpcClientRpc.sendRequestAsync(GrpcClientRpc.java:66)
	at org.apache.ratis.client.impl.OrderedAsync.sendRequest(OrderedAsync.java:208)
	at org.apache.ratis.client.impl.OrderedAsync.sendRequestWithRetry(OrderedAsync.java:169)
	at org.apache.ratis.util.SlidingWindow$Client.sendOrDelayRequest(SlidingWindow.java:278)
	at org.apache.ratis.util.SlidingWindow$Client.retry(SlidingWindow.java:294)
	at org.apache.ratis.client.impl.OrderedAsync.lambda$scheduleWithTimeout$7(OrderedAsync.java:195)
	at org.apache.ratis.util.TimeoutScheduler.lambda$onTimeout$0(TimeoutScheduler.java:113)
	at org.apache.ratis.util.TimeoutScheduler.lambda$onTimeout$1(TimeoutScheduler.java:133)
	at org.apache.ratis.util.LogUtils.runAndLog(LogUtils.java:50)
	at org.apache.ratis.util.LogUtils$1.run(LogUtils.java:91)
	at java.util.concurrent.Executors$RunnableAdapter.call(Executors.java:511)
	at java.util.concurrent.FutureTask.run(FutureTask.java:266)
	at java.util.concurrent.ScheduledThreadPoolExecutor$ScheduledFutureTask.access$201(ScheduledThreadPoolExecutor.java:180)
	at java.util.concurrent.ScheduledThreadPoolExecutor$ScheduledFutureTask.run(ScheduledThreadPoolExecutor.java:293)
	at java.util.concurrent.ThreadPoolExecutor.runWorker(ThreadPoolExecutor.java:1149)
	at java.util.concurrent.ThreadPoolExecutor$Worker.run(ThreadPoolExecutor.java:624)
	at java.lang.Thread.run(Thread.java:748)

Oct 19, 2019 1:14:22 AM org.apache.ratis.thirdparty.io.grpc.internal.ManagedChannelOrphanWrapper$ManagedChannelReference cleanQueue
SEVERE: *~*~*~ Channel ManagedChannelImpl{logId=1174, target=192.168.69.71:44839} was not shutdown properly!!! ~*~*~*
    Make sure to call shutdown()/shutdownNow() and wait until awaitTermination() returns true.
java.lang.RuntimeException: ManagedChannel allocation site
	at org.apache.ratis.thirdparty.io.grpc.internal.ManagedChannelOrphanWrapper$ManagedChannelReference.<init>(ManagedChannelOrphanWrapper.java:103)
	at org.apache.ratis.thirdparty.io.grpc.internal.ManagedChannelOrphanWrapper.<init>(ManagedChannelOrphanWrapper.java:53)
	at org.apache.ratis.thirdparty.io.grpc.internal.ManagedChannelOrphanWrapper.<init>(ManagedChannelOrphanWrapper.java:44)
	at org.apache.ratis.thirdparty.io.grpc.internal.AbstractManagedChannelImplBuilder.build(AbstractManagedChannelImplBuilder.java:411)
	at org.apache.ratis.grpc.client.GrpcClientProtocolClient.<init>(GrpcClientProtocolClient.java:128)
	at org.apache.ratis.grpc.client.GrpcClientRpc.lambda$new$0(GrpcClientRpc.java:55)
	at org.apache.ratis.util.PeerProxyMap$PeerAndProxy.lambda$getProxy$0(PeerProxyMap.java:61)
	at org.apache.ratis.util.LifeCycle.startAndTransition(LifeCycle.java:202)
	at org.apache.ratis.util.PeerProxyMap$PeerAndProxy.getProxy(PeerProxyMap.java:60)
	at org.apache.ratis.util.PeerProxyMap.getProxy(PeerProxyMap.java:108)
	at org.apache.ratis.grpc.client.GrpcClientRpc.sendRequestAsync(GrpcClientRpc.java:66)
	at org.apache.ratis.client.impl.OrderedAsync.sendRequest(OrderedAsync.java:208)
	at org.apache.ratis.client.impl.OrderedAsync.sendRequestWithRetry(OrderedAsync.java:169)
	at org.apache.ratis.util.SlidingWindow$Client.sendOrDelayRequest(SlidingWindow.java:278)
	at org.apache.ratis.util.SlidingWindow$Client.retry(SlidingWindow.java:294)
	at org.apache.ratis.client.impl.OrderedAsync.lambda$scheduleWithTimeout$7(OrderedAsync.java:195)
	at org.apache.ratis.util.TimeoutScheduler.lambda$onTimeout$0(TimeoutScheduler.java:113)
	at org.apache.ratis.util.TimeoutScheduler.lambda$onTimeout$1(TimeoutScheduler.java:133)
	at org.apache.ratis.util.LogUtils.runAndLog(LogUtils.java:50)
	at org.apache.ratis.util.LogUtils$1.run(LogUtils.java:91)
	at java.util.concurrent.Executors$RunnableAdapter.call(Executors.java:511)
	at java.util.concurrent.FutureTask.run(FutureTask.java:266)
	at java.util.concurrent.ScheduledThreadPoolExecutor$ScheduledFutureTask.access$201(ScheduledThreadPoolExecutor.java:180)
	at java.util.concurrent.ScheduledThreadPoolExecutor$ScheduledFutureTask.run(ScheduledThreadPoolExecutor.java:293)
	at java.util.concurrent.ThreadPoolExecutor.runWorker(ThreadPoolExecutor.java:1149)
	at java.util.concurrent.ThreadPoolExecutor$Worker.run(ThreadPoolExecutor.java:624)
	at java.lang.Thread.run(Thread.java:748)

Oct 19, 2019 1:14:22 AM org.apache.ratis.thirdparty.io.grpc.internal.ManagedChannelOrphanWrapper$ManagedChannelReference cleanQueue
SEVERE: *~*~*~ Channel ManagedChannelImpl{logId=1179, target=192.168.69.71:41522} was not shutdown properly!!! ~*~*~*
    Make sure to call shutdown()/shutdownNow() and wait until awaitTermination() returns true.
java.lang.RuntimeException: ManagedChannel allocation site
	at org.apache.ratis.thirdparty.io.grpc.internal.ManagedChannelOrphanWrapper$ManagedChannelReference.<init>(ManagedChannelOrphanWrapper.java:103)
	at org.apache.ratis.thirdparty.io.grpc.internal.ManagedChannelOrphanWrapper.<init>(ManagedChannelOrphanWrapper.java:53)
	at org.apache.ratis.thirdparty.io.grpc.internal.ManagedChannelOrphanWrapper.<init>(ManagedChannelOrphanWrapper.java:44)
	at org.apache.ratis.thirdparty.io.grpc.internal.AbstractManagedChannelImplBuilder.build(AbstractManagedChannelImplBuilder.java:411)
	at org.apache.hadoop.hdds.scm.XceiverClientGrpc.connectToDatanode(XceiverClientGrpc.java:183)
	at org.apache.hadoop.hdds.scm.XceiverClientGrpc.reconnect(XceiverClientGrpc.java:434)
	at org.apache.hadoop.hdds.scm.XceiverClientGrpc.sendCommandAsync(XceiverClientGrpc.java:382)
	at org.apache.hadoop.hdds.scm.XceiverClientGrpc.sendCommandWithRetry(XceiverClientGrpc.java:295)
	at org.apache.hadoop.hdds.scm.XceiverClientGrpc.sendCommandWithTraceIDAndRetry(XceiverClientGrpc.java:259)
	at org.apache.hadoop.hdds.scm.XceiverClientGrpc.sendCommand(XceiverClientGrpc.java:242)
	at org.apache.hadoop.hdds.scm.storage.ContainerProtocolCalls.getBlock(ContainerProtocolCalls.java:118)
	at org.apache.hadoop.hdds.scm.storage.BlockInputStream.getChunkInfos(BlockInputStream.java:169)
	at org.apache.hadoop.hdds.scm.storage.BlockInputStream.initialize(BlockInputStream.java:118)
	at org.apache.hadoop.hdds.scm.storage.BlockInputStream.read(BlockInputStream.java:224)
	at org.apache.hadoop.ozone.client.io.KeyInputStream.read(KeyInputStream.java:173)
	at org.apache.hadoop.ozone.client.io.OzoneInputStream.read(OzoneInputStream.java:47)
	at java.io.InputStream.read(InputStream.java:101)
	at org.apache.hadoop.ozone.container.ContainerTestHelper.validateData(ContainerTestHelper.java:715)
	at org.apache.hadoop.ozone.client.rpc.TestFailureHandlingByClient.validateData(TestFailureHandlingByClient.java:413)
	at org.apache.hadoop.ozone.client.rpc.TestFailureHandlingByClient.testBlockWritesWithDnFailures(TestFailureHandlingByClient.java:172)
	at sun.reflect.NativeMethodAccessorImpl.invoke0(Native Method)
	at sun.reflect.NativeMethodAccessorImpl.invoke(NativeMethodAccessorImpl.java:62)
	at sun.reflect.DelegatingMethodAccessorImpl.invoke(DelegatingMethodAccessorImpl.java:43)
	at java.lang.reflect.Method.invoke(Method.java:498)
	at org.junit.runners.model.FrameworkMethod$1.runReflectiveCall(FrameworkMethod.java:47)
	at org.junit.internal.runners.model.ReflectiveCallable.run(ReflectiveCallable.java:12)
	at org.junit.runners.model.FrameworkMethod.invokeExplosively(FrameworkMethod.java:44)
	at org.junit.internal.runners.statements.InvokeMethod.evaluate(InvokeMethod.java:17)
	at org.junit.internal.runners.statements.RunAfters.evaluate(RunAfters.java:27)
	at org.junit.runners.ParentRunner.runLeaf(ParentRunner.java:271)
	at org.junit.runners.BlockJUnit4ClassRunner.runChild(BlockJUnit4ClassRunner.java:70)
	at org.junit.runners.BlockJUnit4ClassRunner.runChild(BlockJUnit4ClassRunner.java:50)
	at org.junit.runners.ParentRunner$3.run(ParentRunner.java:238)
	at org.junit.runners.ParentRunner$1.schedule(ParentRunner.java:63)
	at org.junit.runners.ParentRunner.runChildren(ParentRunner.java:236)
	at org.junit.runners.ParentRunner.access$000(ParentRunner.java:53)
	at org.junit.runners.ParentRunner$2.evaluate(ParentRunner.java:229)
	at org.junit.runners.ParentRunner.run(ParentRunner.java:309)
	at org.apache.maven.surefire.junit4.JUnit4Provider.execute(JUnit4Provider.java:365)
	at org.apache.maven.surefire.junit4.JUnit4Provider.executeWithRerun(JUnit4Provider.java:273)
	at org.apache.maven.surefire.junit4.JUnit4Provider.executeTestSet(JUnit4Provider.java:238)
	at org.apache.maven.surefire.junit4.JUnit4Provider.invoke(JUnit4Provider.java:159)
	at org.apache.maven.surefire.booter.ForkedBooter.invokeProviderInSameClassLoader(ForkedBooter.java:384)
	at org.apache.maven.surefire.booter.ForkedBooter.runSuitesInProcess(ForkedBooter.java:345)
	at org.apache.maven.surefire.booter.ForkedBooter.execute(ForkedBooter.java:126)
	at org.apache.maven.surefire.booter.ForkedBooter.main(ForkedBooter.java:418)

Oct 19, 2019 1:14:22 AM org.apache.ratis.thirdparty.io.grpc.internal.ManagedChannelOrphanWrapper$ManagedChannelReference cleanQueue
SEVERE: *~*~*~ Channel ManagedChannelImpl{logId=1183, target=192.168.69.71:38202} was not shutdown properly!!! ~*~*~*
    Make sure to call shutdown()/shutdownNow() and wait until awaitTermination() returns true.
java.lang.RuntimeException: ManagedChannel allocation site
	at org.apache.ratis.thirdparty.io.grpc.internal.ManagedChannelOrphanWrapper$ManagedChannelReference.<init>(ManagedChannelOrphanWrapper.java:103)
	at org.apache.ratis.thirdparty.io.grpc.internal.ManagedChannelOrphanWrapper.<init>(ManagedChannelOrphanWrapper.java:53)
	at org.apache.ratis.thirdparty.io.grpc.internal.ManagedChannelOrphanWrapper.<init>(ManagedChannelOrphanWrapper.java:44)
	at org.apache.ratis.thirdparty.io.grpc.internal.AbstractManagedChannelImplBuilder.build(AbstractManagedChannelImplBuilder.java:411)
	at org.apache.hadoop.hdds.scm.XceiverClientGrpc.connectToDatanode(XceiverClientGrpc.java:183)
	at org.apache.hadoop.hdds.scm.XceiverClientGrpc.reconnect(XceiverClientGrpc.java:434)
	at org.apache.hadoop.hdds.scm.XceiverClientGrpc.sendCommandAsync(XceiverClientGrpc.java:382)
	at org.apache.hadoop.hdds.scm.XceiverClientGrpc.sendCommandWithRetry(XceiverClientGrpc.java:295)
	at org.apache.hadoop.hdds.scm.XceiverClientGrpc.sendCommandWithTraceIDAndRetry(XceiverClientGrpc.java:259)
	at org.apache.hadoop.hdds.scm.XceiverClientGrpc.sendCommand(XceiverClientGrpc.java:242)
	at org.apache.hadoop.hdds.scm.storage.ContainerProtocolCalls.getBlock(ContainerProtocolCalls.java:118)
	at org.apache.hadoop.hdds.scm.storage.BlockInputStream.getChunkInfos(BlockInputStream.java:169)
	at org.apache.hadoop.hdds.scm.storage.BlockInputStream.initialize(BlockInputStream.java:118)
	at org.apache.hadoop.hdds.scm.storage.BlockInputStream.read(BlockInputStream.java:224)
	at org.apache.hadoop.ozone.client.io.KeyInputStream.read(KeyInputStream.java:173)
	at org.apache.hadoop.ozone.client.io.OzoneInputStream.read(OzoneInputStream.java:47)
	at java.io.InputStream.read(InputStream.java:101)
	at org.apache.hadoop.ozone.container.ContainerTestHelper.validateData(ContainerTestHelper.java:715)
	at org.apache.hadoop.ozone.client.rpc.TestFailureHandlingByClient.validateData(TestFailureHandlingByClient.java:413)
	at org.apache.hadoop.ozone.client.rpc.TestFailureHandlingByClient.testBlockWritesWithDnFailures(TestFailureHandlingByClient.java:172)
	at sun.reflect.NativeMethodAccessorImpl.invoke0(Native Method)
	at sun.reflect.NativeMethodAccessorImpl.invoke(NativeMethodAccessorImpl.java:62)
	at sun.reflect.DelegatingMethodAccessorImpl.invoke(DelegatingMethodAccessorImpl.java:43)
	at java.lang.reflect.Method.invoke(Method.java:498)
	at org.junit.runners.model.FrameworkMethod$1.runReflectiveCall(FrameworkMethod.java:47)
	at org.junit.internal.runners.model.ReflectiveCallable.run(ReflectiveCallable.java:12)
	at org.junit.runners.model.FrameworkMethod.invokeExplosively(FrameworkMethod.java:44)
	at org.junit.internal.runners.statements.InvokeMethod.evaluate(InvokeMethod.java:17)
	at org.junit.internal.runners.statements.RunAfters.evaluate(RunAfters.java:27)
	at org.junit.runners.ParentRunner.runLeaf(ParentRunner.java:271)
	at org.junit.runners.BlockJUnit4ClassRunner.runChild(BlockJUnit4ClassRunner.java:70)
	at org.junit.runners.BlockJUnit4ClassRunner.runChild(BlockJUnit4ClassRunner.java:50)
	at org.junit.runners.ParentRunner$3.run(ParentRunner.java:238)
	at org.junit.runners.ParentRunner$1.schedule(ParentRunner.java:63)
	at org.junit.runners.ParentRunner.runChildren(ParentRunner.java:236)
	at org.junit.runners.ParentRunner.access$000(ParentRunner.java:53)
	at org.junit.runners.ParentRunner$2.evaluate(ParentRunner.java:229)
	at org.junit.runners.ParentRunner.run(ParentRunner.java:309)
	at org.apache.maven.surefire.junit4.JUnit4Provider.execute(JUnit4Provider.java:365)
	at org.apache.maven.surefire.junit4.JUnit4Provider.executeWithRerun(JUnit4Provider.java:273)
	at org.apache.maven.surefire.junit4.JUnit4Provider.executeTestSet(JUnit4Provider.java:238)
	at org.apache.maven.surefire.junit4.JUnit4Provider.invoke(JUnit4Provider.java:159)
	at org.apache.maven.surefire.booter.ForkedBooter.invokeProviderInSameClassLoader(ForkedBooter.java:384)
	at org.apache.maven.surefire.booter.ForkedBooter.runSuitesInProcess(ForkedBooter.java:345)
	at org.apache.maven.surefire.booter.ForkedBooter.execute(ForkedBooter.java:126)
	at org.apache.maven.surefire.booter.ForkedBooter.main(ForkedBooter.java:418)

Oct 19, 2019 1:14:22 AM org.apache.ratis.thirdparty.io.grpc.internal.ManagedChannelOrphanWrapper$ManagedChannelReference cleanQueue
SEVERE: *~*~*~ Channel ManagedChannelImpl{logId=1192, target=192.168.69.71:33357} was not shutdown properly!!! ~*~*~*
    Make sure to call shutdown()/shutdownNow() and wait until awaitTermination() returns true.
java.lang.RuntimeException: ManagedChannel allocation site
	at org.apache.ratis.thirdparty.io.grpc.internal.ManagedChannelOrphanWrapper$ManagedChannelReference.<init>(ManagedChannelOrphanWrapper.java:103)
	at org.apache.ratis.thirdparty.io.grpc.internal.ManagedChannelOrphanWrapper.<init>(ManagedChannelOrphanWrapper.java:53)
	at org.apache.ratis.thirdparty.io.grpc.internal.ManagedChannelOrphanWrapper.<init>(ManagedChannelOrphanWrapper.java:44)
	at org.apache.ratis.thirdparty.io.grpc.internal.AbstractManagedChannelImplBuilder.build(AbstractManagedChannelImplBuilder.java:411)
	at org.apache.hadoop.hdds.scm.XceiverClientGrpc.connectToDatanode(XceiverClientGrpc.java:183)
	at org.apache.hadoop.hdds.scm.XceiverClientGrpc.reconnect(XceiverClientGrpc.java:434)
	at org.apache.hadoop.hdds.scm.XceiverClientGrpc.sendCommandAsync(XceiverClientGrpc.java:382)
	at org.apache.hadoop.hdds.scm.XceiverClientGrpc.sendCommandWithRetry(XceiverClientGrpc.java:295)
	at org.apache.hadoop.hdds.scm.XceiverClientGrpc.sendCommandWithTraceIDAndRetry(XceiverClientGrpc.java:259)
	at org.apache.hadoop.hdds.scm.XceiverClientGrpc.sendCommand(XceiverClientGrpc.java:242)
	at org.apache.hadoop.hdds.scm.storage.ContainerProtocolCalls.getBlock(ContainerProtocolCalls.java:118)
	at org.apache.hadoop.hdds.scm.storage.BlockInputStream.getChunkInfos(BlockInputStream.java:169)
	at org.apache.hadoop.hdds.scm.storage.BlockInputStream.initialize(BlockInputStream.java:118)
	at org.apache.hadoop.hdds.scm.storage.BlockInputStream.read(BlockInputStream.java:224)
	at org.apache.hadoop.ozone.client.io.KeyInputStream.read(KeyInputStream.java:173)
	at org.apache.hadoop.ozone.client.io.OzoneInputStream.read(OzoneInputStream.java:47)
	at java.io.InputStream.read(InputStream.java:101)
	at org.apache.hadoop.ozone.container.ContainerTestHelper.validateData(ContainerTestHelper.java:715)
	at org.apache.hadoop.ozone.client.rpc.TestFailureHandlingByClient.validateData(TestFailureHandlingByClient.java:413)
	at org.apache.hadoop.ozone.client.rpc.TestFailureHandlingByClient.testBlockWritesWithDnFailures(TestFailureHandlingByClient.java:172)
	at sun.reflect.NativeMethodAccessorImpl.invoke0(Native Method)
	at sun.reflect.NativeMethodAccessorImpl.invoke(NativeMethodAccessorImpl.java:62)
	at sun.reflect.DelegatingMethodAccessorImpl.invoke(DelegatingMethodAccessorImpl.java:43)
	at java.lang.reflect.Method.invoke(Method.java:498)
	at org.junit.runners.model.FrameworkMethod$1.runReflectiveCall(FrameworkMethod.java:47)
	at org.junit.internal.runners.model.ReflectiveCallable.run(ReflectiveCallable.java:12)
	at org.junit.runners.model.FrameworkMethod.invokeExplosively(FrameworkMethod.java:44)
	at org.junit.internal.runners.statements.InvokeMethod.evaluate(InvokeMethod.java:17)
	at org.junit.internal.runners.statements.RunAfters.evaluate(RunAfters.java:27)
	at org.junit.runners.ParentRunner.runLeaf(ParentRunner.java:271)
	at org.junit.runners.BlockJUnit4ClassRunner.runChild(BlockJUnit4ClassRunner.java:70)
	at org.junit.runners.BlockJUnit4ClassRunner.runChild(BlockJUnit4ClassRunner.java:50)
	at org.junit.runners.ParentRunner$3.run(ParentRunner.java:238)
	at org.junit.runners.ParentRunner$1.schedule(ParentRunner.java:63)
	at org.junit.runners.ParentRunner.runChildren(ParentRunner.java:236)
	at org.junit.runners.ParentRunner.access$000(ParentRunner.java:53)
	at org.junit.runners.ParentRunner$2.evaluate(ParentRunner.java:229)
	at org.junit.runners.ParentRunner.run(ParentRunner.java:309)
	at org.apache.maven.surefire.junit4.JUnit4Provider.execute(JUnit4Provider.java:365)
	at org.apache.maven.surefire.junit4.JUnit4Provider.executeWithRerun(JUnit4Provider.java:273)
	at org.apache.maven.surefire.junit4.JUnit4Provider.executeTestSet(JUnit4Provider.java:238)
	at org.apache.maven.surefire.junit4.JUnit4Provider.invoke(JUnit4Provider.java:159)
	at org.apache.maven.surefire.booter.ForkedBooter.invokeProviderInSameClassLoader(ForkedBooter.java:384)
	at org.apache.maven.surefire.booter.ForkedBooter.runSuitesInProcess(ForkedBooter.java:345)
	at org.apache.maven.surefire.booter.ForkedBooter.execute(ForkedBooter.java:126)
	at org.apache.maven.surefire.booter.ForkedBooter.main(ForkedBooter.java:418)

Oct 19, 2019 1:14:22 AM org.apache.ratis.thirdparty.io.grpc.internal.ManagedChannelOrphanWrapper$ManagedChannelReference cleanQueue
SEVERE: *~*~*~ Channel ManagedChannelImpl{logId=1187, target=192.168.69.71:45481} was not shutdown properly!!! ~*~*~*
    Make sure to call shutdown()/shutdownNow() and wait until awaitTermination() returns true.
java.lang.RuntimeException: ManagedChannel allocation site
	at org.apache.ratis.thirdparty.io.grpc.internal.ManagedChannelOrphanWrapper$ManagedChannelReference.<init>(ManagedChannelOrphanWrapper.java:103)
	at org.apache.ratis.thirdparty.io.grpc.internal.ManagedChannelOrphanWrapper.<init>(ManagedChannelOrphanWrapper.java:53)
	at org.apache.ratis.thirdparty.io.grpc.internal.ManagedChannelOrphanWrapper.<init>(ManagedChannelOrphanWrapper.java:44)
	at org.apache.ratis.thirdparty.io.grpc.internal.AbstractManagedChannelImplBuilder.build(AbstractManagedChannelImplBuilder.java:411)
	at org.apache.hadoop.hdds.scm.XceiverClientGrpc.connectToDatanode(XceiverClientGrpc.java:183)
	at org.apache.hadoop.hdds.scm.XceiverClientGrpc.reconnect(XceiverClientGrpc.java:434)
	at org.apache.hadoop.hdds.scm.XceiverClientGrpc.sendCommandAsync(XceiverClientGrpc.java:382)
	at org.apache.hadoop.hdds.scm.XceiverClientGrpc.sendCommandWithRetry(XceiverClientGrpc.java:295)
	at org.apache.hadoop.hdds.scm.XceiverClientGrpc.sendCommandWithTraceIDAndRetry(XceiverClientGrpc.java:259)
	at org.apache.hadoop.hdds.scm.XceiverClientGrpc.sendCommand(XceiverClientGrpc.java:242)
	at org.apache.hadoop.hdds.scm.storage.ContainerProtocolCalls.getBlock(ContainerProtocolCalls.java:118)
	at org.apache.hadoop.hdds.scm.storage.BlockInputStream.getChunkInfos(BlockInputStream.java:169)
	at org.apache.hadoop.hdds.scm.storage.BlockInputStream.initialize(BlockInputStream.java:118)
	at org.apache.hadoop.hdds.scm.storage.BlockInputStream.read(BlockInputStream.java:224)
	at org.apache.hadoop.ozone.client.io.KeyInputStream.read(KeyInputStream.java:173)
	at org.apache.hadoop.ozone.client.io.OzoneInputStream.read(OzoneInputStream.java:47)
	at java.io.InputStream.read(InputStream.java:101)
	at org.apache.hadoop.ozone.container.ContainerTestHelper.validateData(ContainerTestHelper.java:715)
	at org.apache.hadoop.ozone.client.rpc.TestFailureHandlingByClient.validateData(TestFailureHandlingByClient.java:413)
	at org.apache.hadoop.ozone.client.rpc.TestFailureHandlingByClient.testBlockWritesWithDnFailures(TestFailureHandlingByClient.java:172)
	at sun.reflect.NativeMethodAccessorImpl.invoke0(Native Method)
	at sun.reflect.NativeMethodAccessorImpl.invoke(NativeMethodAccessorImpl.java:62)
	at sun.reflect.DelegatingMethodAccessorImpl.invoke(DelegatingMethodAccessorImpl.java:43)
	at java.lang.reflect.Method.invoke(Method.java:498)
	at org.junit.runners.model.FrameworkMethod$1.runReflectiveCall(FrameworkMethod.java:47)
	at org.junit.internal.runners.model.ReflectiveCallable.run(ReflectiveCallable.java:12)
	at org.junit.runners.model.FrameworkMethod.invokeExplosively(FrameworkMethod.java:44)
	at org.junit.internal.runners.statements.InvokeMethod.evaluate(InvokeMethod.java:17)
	at org.junit.internal.runners.statements.RunAfters.evaluate(RunAfters.java:27)
	at org.junit.runners.ParentRunner.runLeaf(ParentRunner.java:271)
	at org.junit.runners.BlockJUnit4ClassRunner.runChild(BlockJUnit4ClassRunner.java:70)
	at org.junit.runners.BlockJUnit4ClassRunner.runChild(BlockJUnit4ClassRunner.java:50)
	at org.junit.runners.ParentRunner$3.run(ParentRunner.java:238)
	at org.junit.runners.ParentRunner$1.schedule(ParentRunner.java:63)
	at org.junit.runners.ParentRunner.runChildren(ParentRunner.java:236)
	at org.junit.runners.ParentRunner.access$000(ParentRunner.java:53)
	at org.junit.runners.ParentRunner$2.evaluate(ParentRunner.java:229)
	at org.junit.runners.ParentRunner.run(ParentRunner.java:309)
	at org.apache.maven.surefire.junit4.JUnit4Provider.execute(JUnit4Provider.java:365)
	at org.apache.maven.surefire.junit4.JUnit4Provider.executeWithRerun(JUnit4Provider.java:273)
	at org.apache.maven.surefire.junit4.JUnit4Provider.executeTestSet(JUnit4Provider.java:238)
	at org.apache.maven.surefire.junit4.JUnit4Provider.invoke(JUnit4Provider.java:159)
	at org.apache.maven.surefire.booter.ForkedBooter.invokeProviderInSameClassLoader(ForkedBooter.java:384)
	at org.apache.maven.surefire.booter.ForkedBooter.runSuitesInProcess(ForkedBooter.java:345)
	at org.apache.maven.surefire.booter.ForkedBooter.execute(ForkedBooter.java:126)
	at org.apache.maven.surefire.booter.ForkedBooter.main(ForkedBooter.java:418)

Oct 19, 2019 1:14:48 AM org.apache.ratis.thirdparty.io.grpc.internal.SerializingExecutor run
SEVERE: Exception while executing runnable org.apache.ratis.thirdparty.io.grpc.internal.ClientCallImpl$ClientStreamListenerImpl$1StreamClosed@5973bfc3
java.lang.NullPointerException
	at org.apache.ratis.grpc.server.GrpcLogAppender$AppendLogResponseHandler.onError(GrpcLogAppender.java:303)
	at org.apache.ratis.thirdparty.io.grpc.stub.ClientCalls$StreamObserverToCallListenerAdapter.onClose(ClientCalls.java:434)
	at org.apache.ratis.thirdparty.io.grpc.PartialForwardingClientCallListener.onClose(PartialForwardingClientCallListener.java:39)
	at org.apache.ratis.thirdparty.io.grpc.ForwardingClientCallListener.onClose(ForwardingClientCallListener.java:23)
	at org.apache.ratis.thirdparty.io.grpc.ForwardingClientCallListener$SimpleForwardingClientCallListener.onClose(ForwardingClientCallListener.java:40)
	at org.apache.ratis.thirdparty.io.grpc.internal.CensusStatsModule$StatsClientInterceptor$1$1.onClose(CensusStatsModule.java:678)
	at org.apache.ratis.thirdparty.io.grpc.PartialForwardingClientCallListener.onClose(PartialForwardingClientCallListener.java:39)
	at org.apache.ratis.thirdparty.io.grpc.ForwardingClientCallListener.onClose(ForwardingClientCallListener.java:23)
	at org.apache.ratis.thirdparty.io.grpc.ForwardingClientCallListener$SimpleForwardingClientCallListener.onClose(ForwardingClientCallListener.java:40)
	at org.apache.ratis.thirdparty.io.grpc.internal.CensusTracingModule$TracingClientInterceptor$1$1.onClose(CensusTracingModule.java:397)
	at org.apache.ratis.thirdparty.io.grpc.internal.ClientCallImpl.closeObserver(ClientCallImpl.java:459)
	at org.apache.ratis.thirdparty.io.grpc.internal.ClientCallImpl.access$300(ClientCallImpl.java:63)
	at org.apache.ratis.thirdparty.io.grpc.internal.ClientCallImpl$ClientStreamListenerImpl.close(ClientCallImpl.java:546)
	at org.apache.ratis.thirdparty.io.grpc.internal.ClientCallImpl$ClientStreamListenerImpl.access$600(ClientCallImpl.java:467)
	at org.apache.ratis.thirdparty.io.grpc.internal.ClientCallImpl$ClientStreamListenerImpl$1StreamClosed.runInContext(ClientCallImpl.java:584)
	at org.apache.ratis.thirdparty.io.grpc.internal.ContextRunnable.run(ContextRunnable.java:37)
	at org.apache.ratis.thirdparty.io.grpc.internal.SerializingExecutor.run(SerializingExecutor.java:123)
	at java.util.concurrent.ThreadPoolExecutor.runWorker(ThreadPoolExecutor.java:1149)
	at java.util.concurrent.ThreadPoolExecutor$Worker.run(ThreadPoolExecutor.java:624)
	at java.lang.Thread.run(Thread.java:748)

Oct 19, 2019 1:14:54 AM org.apache.ratis.thirdparty.io.grpc.internal.SerializingExecutor run
SEVERE: Exception while executing runnable org.apache.ratis.thirdparty.io.grpc.internal.ClientCallImpl$ClientStreamListenerImpl$1StreamClosed@6d42091f
java.lang.NullPointerException
	at org.apache.ratis.grpc.server.GrpcLogAppender$AppendLogResponseHandler.onError(GrpcLogAppender.java:303)
	at org.apache.ratis.thirdparty.io.grpc.stub.ClientCalls$StreamObserverToCallListenerAdapter.onClose(ClientCalls.java:434)
	at org.apache.ratis.thirdparty.io.grpc.PartialForwardingClientCallListener.onClose(PartialForwardingClientCallListener.java:39)
	at org.apache.ratis.thirdparty.io.grpc.ForwardingClientCallListener.onClose(ForwardingClientCallListener.java:23)
	at org.apache.ratis.thirdparty.io.grpc.ForwardingClientCallListener$SimpleForwardingClientCallListener.onClose(ForwardingClientCallListener.java:40)
	at org.apache.ratis.thirdparty.io.grpc.internal.CensusStatsModule$StatsClientInterceptor$1$1.onClose(CensusStatsModule.java:678)
	at org.apache.ratis.thirdparty.io.grpc.PartialForwardingClientCallListener.onClose(PartialForwardingClientCallListener.java:39)
	at org.apache.ratis.thirdparty.io.grpc.ForwardingClientCallListener.onClose(ForwardingClientCallListener.java:23)
	at org.apache.ratis.thirdparty.io.grpc.ForwardingClientCallListener$SimpleForwardingClientCallListener.onClose(ForwardingClientCallListener.java:40)
	at org.apache.ratis.thirdparty.io.grpc.internal.CensusTracingModule$TracingClientInterceptor$1$1.onClose(CensusTracingModule.java:397)
	at org.apache.ratis.thirdparty.io.grpc.internal.ClientCallImpl.closeObserver(ClientCallImpl.java:459)
	at org.apache.ratis.thirdparty.io.grpc.internal.ClientCallImpl.access$300(ClientCallImpl.java:63)
	at org.apache.ratis.thirdparty.io.grpc.internal.ClientCallImpl$ClientStreamListenerImpl.close(ClientCallImpl.java:546)
	at org.apache.ratis.thirdparty.io.grpc.internal.ClientCallImpl$ClientStreamListenerImpl.access$600(ClientCallImpl.java:467)
	at org.apache.ratis.thirdparty.io.grpc.internal.ClientCallImpl$ClientStreamListenerImpl$1StreamClosed.runInContext(ClientCallImpl.java:584)
	at org.apache.ratis.thirdparty.io.grpc.internal.ContextRunnable.run(ContextRunnable.java:37)
	at org.apache.ratis.thirdparty.io.grpc.internal.SerializingExecutor.run(SerializingExecutor.java:123)
	at java.util.concurrent.ThreadPoolExecutor.runWorker(ThreadPoolExecutor.java:1149)
	at java.util.concurrent.ThreadPoolExecutor$Worker.run(ThreadPoolExecutor.java:624)
	at java.lang.Thread.run(Thread.java:748)

Exception in thread "796958df-e390-450e-98f3-f34b34ce9ba7@group-81880FD2083A-LeaderElection1017" java.lang.IllegalStateException: ILLEGAL TRANSITION: In 796958df-e390-450e-98f3-f34b34ce9ba7@group-81880FD2083A-LeaderElection1017, RUNNING -> CLOSED
	at org.apache.ratis.util.Preconditions.assertTrue(Preconditions.java:63)
	at org.apache.ratis.util.LifeCycle$State.validate(LifeCycle.java:123)
	at org.apache.ratis.util.LifeCycle.transition(LifeCycle.java:143)
	at org.apache.ratis.server.impl.LeaderElection.run(LeaderElection.java:151)
	at java.lang.Thread.run(Thread.java:748)
]]></system-err>
  </testcase>
</testsuite>